<?xml version="1.0" encoding="UTF-8"?>
<testsuites name="Get data order" time="401.71" tests="21" failures="21" errors="0">
   <testsuite name="Get data order" tests="21" failures="21" errors="0" time="401.71" skipped="0" timestamp="2022-03-24 12:48:07" hostname="Flavalize - DESKTOP-3CQ5RDT" id="Test Suites/Get data order">
      <properties>
         <property name="deviceName" value=""/>
         <property name="devicePlatform" value=""/>
         <property name="logFolder" value="I:\\app-testing\\app-project\\Order car insurance\\order-car-insurance\\Reports\\20220324_124757\\Get data order\\20220324_124758"/>
         <property name="logFiles" value="I:\\app-testing\\app-project\\Order car insurance\\order-car-insurance\\Reports\\20220324_124757\\Get data order\\20220324_124758\\execution0.log"/>
         <property name="attachments" value=""/>
         <property name="hostName" value="Flavalize - DESKTOP-3CQ5RDT"/>
         <property name="hostAddress" value="192.168.1.4"/>
         <property name="os" value="Windows 10 64bit"/>
         <property name="katalonVersion" value="8.2.0.208"/>
      </properties>
      <testcase name="Test Cases/1. get token - data order" time="6.315" classname="Test Cases/1. get token - data order" status="FAILED">
         <failure type="FAILED" message="Test Cases/1. get token - data order FAILED.
Reason:
com.kms.katalon.core.exception.StepFailedException: Expected element property value ' ' is not equal with actual property value ''
	at com.kms.katalon.core.keyword.internal.KeywordMain.stepFailed(KeywordMain.groovy:39)
	at com.kms.katalon.core.webservice.keyword.builtin.VerifyElementPropertyValueKeyword$_verifyElementPropertyValue_closure1.doCall(VerifyElementPropertyValueKeyword.groovy:56)
	at com.kms.katalon.core.webservice.keyword.builtin.VerifyElementPropertyValueKeyword$_verifyElementPropertyValue_closure1.call(VerifyElementPropertyValueKeyword.groovy)
	at com.kms.katalon.core.keyword.internal.KeywordMain.runKeyword(KeywordMain.groovy:74)
	at com.kms.katalon.core.webservice.keyword.builtin.VerifyElementPropertyValueKeyword.verifyElementPropertyValue(VerifyElementPropertyValueKeyword.groovy:48)
	at com.kms.katalon.core.webservice.keyword.builtin.VerifyElementPropertyValueKeyword.execute(VerifyElementPropertyValueKeyword.groovy:43)
	at com.kms.katalon.core.keyword.internal.KeywordExecutor.executeKeywordForPlatform(KeywordExecutor.groovy:74)
	at com.kms.katalon.core.webservice.keyword.WSBuiltInKeywords.verifyElementPropertyValue(WSBuiltInKeywords.groovy:175)
	at com.kms.katalon.core.webservice.keyword.WSBuiltInKeywords$verifyElementPropertyValue$0.call(Unknown Source)
	at 1. get token - data order.run(1. get token - data order:298)
	at com.kms.katalon.core.main.ScriptEngine.run(ScriptEngine.java:194)
	at com.kms.katalon.core.main.ScriptEngine.runScriptAsRawText(ScriptEngine.java:119)
	at com.kms.katalon.core.main.TestCaseExecutor.runScript(TestCaseExecutor.java:442)
	at com.kms.katalon.core.main.TestCaseExecutor.doExecute(TestCaseExecutor.java:433)
	at com.kms.katalon.core.main.TestCaseExecutor.processExecutionPhase(TestCaseExecutor.java:412)
	at com.kms.katalon.core.main.TestCaseExecutor.accessMainPhase(TestCaseExecutor.java:404)
	at com.kms.katalon.core.main.TestCaseExecutor.execute(TestCaseExecutor.java:281)
	at com.kms.katalon.core.main.TestSuiteExecutor.accessTestCaseMainPhase(TestSuiteExecutor.java:202)
	at com.kms.katalon.core.main.TestSuiteExecutor.accessTestSuiteMainPhase(TestSuiteExecutor.java:164)
	at com.kms.katalon.core.main.TestSuiteExecutor.execute(TestSuiteExecutor.java:105)
	at com.kms.katalon.core.main.TestCaseMain.startTestSuite(TestCaseMain.java:181)
	at com.kms.katalon.core.main.TestCaseMain$startTestSuite$0.call(Unknown Source)
	at TempTestSuite1648100878643.run(TempTestSuite1648100878643.groovy:36)
"/>
         <system-out><![CDATA[2022-03-24 12:48:08 - [TEST_CASE][FAILED] - Test Cases/1. get token - data order: Test Cases/1. get token - data order FAILED.
Reason:
com.kms.katalon.core.exception.StepFailedException: Expected element property value ' ' is not equal with actual property value ''
	at com.kms.katalon.core.keyword.internal.KeywordMain.stepFailed(KeywordMain.groovy:39)
	at com.kms.katalon.core.webservice.keyword.builtin.VerifyElementPropertyValueKeyword$_verifyElementPropertyValue_closure1.doCall(VerifyElementPropertyValueKeyword.groovy:56)
	at com.kms.katalon.core.webservice.keyword.builtin.VerifyElementPropertyValueKeyword$_verifyElementPropertyValue_closure1.call(VerifyElementPropertyValueKeyword.groovy)
	at com.kms.katalon.core.keyword.internal.KeywordMain.runKeyword(KeywordMain.groovy:74)
	at com.kms.katalon.core.webservice.keyword.builtin.VerifyElementPropertyValueKeyword.verifyElementPropertyValue(VerifyElementPropertyValueKeyword.groovy:48)
	at com.kms.katalon.core.webservice.keyword.builtin.VerifyElementPropertyValueKeyword.execute(VerifyElementPropertyValueKeyword.groovy:43)
	at com.kms.katalon.core.keyword.internal.KeywordExecutor.executeKeywordForPlatform(KeywordExecutor.groovy:74)
	at com.kms.katalon.core.webservice.keyword.WSBuiltInKeywords.verifyElementPropertyValue(WSBuiltInKeywords.groovy:175)
	at com.kms.katalon.core.webservice.keyword.WSBuiltInKeywords$verifyElementPropertyValue$0.call(Unknown Source)
	at 1. get token - data order.run(1. get token - data order:298)
	at com.kms.katalon.core.main.ScriptEngine.run(ScriptEngine.java:194)
	at com.kms.katalon.core.main.ScriptEngine.runScriptAsRawText(ScriptEngine.java:119)
	at com.kms.katalon.core.main.TestCaseExecutor.runScript(TestCaseExecutor.java:442)
	at com.kms.katalon.core.main.TestCaseExecutor.doExecute(TestCaseExecutor.java:433)
	at com.kms.katalon.core.main.TestCaseExecutor.processExecutionPhase(TestCaseExecutor.java:412)
	at com.kms.katalon.core.main.TestCaseExecutor.accessMainPhase(TestCaseExecutor.java:404)
	at com.kms.katalon.core.main.TestCaseExecutor.execute(TestCaseExecutor.java:281)
	at com.kms.katalon.core.main.TestSuiteExecutor.accessTestCaseMainPhase(TestSuiteExecutor.java:202)
	at com.kms.katalon.core.main.TestSuiteExecutor.accessTestSuiteMainPhase(TestSuiteExecutor.java:164)
	at com.kms.katalon.core.main.TestSuiteExecutor.execute(TestSuiteExecutor.java:105)
	at com.kms.katalon.core.main.TestCaseMain.startTestSuite(TestCaseMain.java:181)
	at com.kms.katalon.core.main.TestCaseMain$startTestSuite$0.call(Unknown Source)
	at TempTestSuite1648100878643.run(TempTestSuite1648100878643.groovy:36)


2022-03-24 12:48:09 - [TEST_STEP][PASSED] - token = sendRequest(findTestObject("1. Get-Token")): Send request successfully

2022-03-24 12:48:10 - [MESSAGE][INFO] - HAR: I:\app-testing\app-project\Order car insurance\order-car-insurance\Reports\20220324_124757\Get data order\20220324_124758\requests\main\0.har

2022-03-24 12:48:10 - [MESSAGE][PASSED] - Send request successfully

2022-03-24 12:48:10 - [TEST_STEP][PASSED] - slurper = new groovy.json.JsonSlurper(): null

2022-03-24 12:48:10 - [TEST_STEP][PASSED] - get_token = slurper.parseText(token.getResponseBodyContent()): null

2022-03-24 12:48:10 - [TEST_STEP][PASSED] - private_token = access_token: null

2022-03-24 12:48:10 - [TEST_STEP][PASSED] - global_token = private_token: null

2022-03-24 12:48:10 - [TEST_STEP][PASSED] - println("token is :" + global_token): null

2022-03-24 12:48:10 - [TEST_STEP][PASSED] - response_token = token.getResponseText(): null

2022-03-24 12:48:10 - [TEST_STEP][PASSED] - logInfo($response_token): 
            {
                "token_type": "BearerToken",
                "access_token": "KSS5rRxIZXM9V8MFSS8eUAYxJpbE",
                "expires_in": "1799",
                "scope": ""
            }
        

2022-03-24 12:48:11 - [MESSAGE][INFO] - 
            {
                "token_type": "BearerToken",
                "access_token": "KSS5rRxIZXM9V8MFSS8eUAYxJpbE",
                "expires_in": "1799",
                "scope": ""
            }
        

2022-03-24 12:48:11 - [TEST_STEP][PASSED] - order = sendRequest(findTestObject("3. Get-data-order", ["s_key":global_token, "c_id":c_id, "order_date":order_date, "page":page, "rows":rows])): Send request successfully

2022-03-24 12:48:11 - [MESSAGE][INFO] - HAR: I:\app-testing\app-project\Order car insurance\order-car-insurance\Reports\20220324_124757\Get data order\20220324_124758\requests\main\1.har

2022-03-24 12:48:11 - [MESSAGE][PASSED] - Send request successfully

2022-03-24 12:48:11 - [TEST_STEP][PASSED] - get_order = order.getResponseText(): null

2022-03-24 12:48:11 - [TEST_STEP][PASSED] - markPassed("data ke : " + no): data ke : 1

2022-03-24 12:48:11 - [MESSAGE][PASSED] - data ke : 1

2022-03-24 12:48:11 - [TEST_STEP][PASSED] - verifyElementPropertyValue(order, "GetDataOrderResponse.ListDataOrder[0].TipeOrder", o_tipeorder, CONTINUE_ON_FAILURE): Verify element property value successfully

2022-03-24 12:48:11 - [MESSAGE][PASSED] - Verify element property value successfully

2022-03-24 12:48:11 - [TEST_STEP][PASSED] - verifyElementPropertyValue(order, "GetDataOrderResponse.ListDataOrder[0].BatchID", o_batchid, CONTINUE_ON_FAILURE): Verify element property value successfully

2022-03-24 12:48:11 - [MESSAGE][PASSED] - Verify element property value successfully

2022-03-24 12:48:11 - [TEST_STEP][PASSED] - verifyElementPropertyValue(order, "GetDataOrderResponse.ListDataOrder[0].NoRek", o_norek, CONTINUE_ON_FAILURE): Verify element property value successfully

2022-03-24 12:48:11 - [MESSAGE][PASSED] - Verify element property value successfully

2022-03-24 12:48:11 - [TEST_STEP][PASSED] - verifyElementPropertyValue(order, "GetDataOrderResponse.ListDataOrder[0].NoPin", o_nopin, CONTINUE_ON_FAILURE): Verify element property value successfully

2022-03-24 12:48:11 - [MESSAGE][PASSED] - Verify element property value successfully

2022-03-24 12:48:11 - [TEST_STEP][PASSED] - verifyElementPropertyValue(order, "GetDataOrderResponse.ListDataOrder[0].CustName", o_custname, CONTINUE_ON_FAILURE): Verify element property value successfully

2022-03-24 12:48:11 - [MESSAGE][PASSED] - Verify element property value successfully

2022-03-24 12:48:11 - [TEST_STEP][PASSED] - verifyElementPropertyValue(order, "GetDataOrderResponse.ListDataOrder[0].Pemohon", o_pemohon, CONTINUE_ON_FAILURE): Verify element property value successfully

2022-03-24 12:48:11 - [MESSAGE][PASSED] - Verify element property value successfully

2022-03-24 12:48:11 - [TEST_STEP][PASSED] - verifyElementPropertyValue(order, "GetDataOrderResponse.ListDataOrder[0].HargaPembelian", o_otr, CONTINUE_ON_FAILURE): Verify element property value successfully

2022-03-24 12:48:11 - [MESSAGE][PASSED] - Verify element property value successfully

2022-03-24 12:48:11 - [TEST_STEP][PASSED] - verifyElementPropertyValue(order, "GetDataOrderResponse.ListDataOrder[0].Cabang", o_branchid, CONTINUE_ON_FAILURE): Verify element property value successfully

2022-03-24 12:48:11 - [MESSAGE][PASSED] - Verify element property value successfully

2022-03-24 12:48:11 - [TEST_STEP][PASSED] - verifyElementPropertyValue(order, "GetDataOrderResponse.ListDataOrder[0].MerkID", o_merk, CONTINUE_ON_FAILURE): Verify element property value successfully

2022-03-24 12:48:12 - [MESSAGE][PASSED] - Verify element property value successfully

2022-03-24 12:48:12 - [TEST_STEP][PASSED] - verifyElementPropertyValue(order, "GetDataOrderResponse.ListDataOrder[0].TypeMobil", o_type, CONTINUE_ON_FAILURE): Verify element property value successfully

2022-03-24 12:48:12 - [MESSAGE][PASSED] - Verify element property value successfully

2022-03-24 12:48:12 - [TEST_STEP][PASSED] - verifyElementPropertyValue(order, "GetDataOrderResponse.ListDataOrder[0].JenisMobil", o_jenis, CONTINUE_ON_FAILURE): Verify element property value successfully

2022-03-24 12:48:12 - [MESSAGE][PASSED] - Verify element property value successfully

2022-03-24 12:48:12 - [TEST_STEP][PASSED] - verifyElementPropertyValue(order, "GetDataOrderResponse.ListDataOrder[0].TahunMobil", o_tahun, CONTINUE_ON_FAILURE): Verify element property value successfully

2022-03-24 12:48:12 - [MESSAGE][PASSED] - Verify element property value successfully

2022-03-24 12:48:12 - [TEST_STEP][PASSED] - verifyElementPropertyValue(order, "GetDataOrderResponse.ListDataOrder[0].Warna", o_warna, CONTINUE_ON_FAILURE): Verify element property value successfully

2022-03-24 12:48:12 - [MESSAGE][PASSED] - Verify element property value successfully

2022-03-24 12:48:12 - [TEST_STEP][PASSED] - verifyElementPropertyValue(order, "GetDataOrderResponse.ListDataOrder[0].NoRangka", o_norangka, CONTINUE_ON_FAILURE): Verify element property value successfully

2022-03-24 12:48:12 - [MESSAGE][PASSED] - Verify element property value successfully

2022-03-24 12:48:12 - [TEST_STEP][PASSED] - verifyElementPropertyValue(order, "GetDataOrderResponse.ListDataOrder[0].NoMesin", o_nomesin, CONTINUE_ON_FAILURE): Verify element property value successfully

2022-03-24 12:48:12 - [MESSAGE][PASSED] - Verify element property value successfully

2022-03-24 12:48:12 - [TEST_STEP][PASSED] - verifyElementPropertyValue(order, "GetDataOrderResponse.ListDataOrder[0].NoPolisi", o_nopol, CONTINUE_ON_FAILURE): Verify element property value successfully

2022-03-24 12:48:12 - [MESSAGE][PASSED] - Verify element property value successfully

2022-03-24 12:48:12 - [TEST_STEP][PASSED] - verifyElementPropertyValue(order, "GetDataOrderResponse.ListDataOrder[0].NamaBPKB", o_namabpkb, CONTINUE_ON_FAILURE): Verify element property value successfully

2022-03-24 12:48:12 - [MESSAGE][PASSED] - Verify element property value successfully

2022-03-24 12:48:12 - [TEST_STEP][PASSED] - verifyElementPropertyValue(order, "GetDataOrderResponse.ListDataOrder[0].KategoriMobil", o_kategori, CONTINUE_ON_FAILURE): Verify element property value successfully

2022-03-24 12:48:12 - [MESSAGE][PASSED] - Verify element property value successfully

2022-03-24 12:48:12 - [TEST_STEP][PASSED] - verifyElementPropertyValue(order, "GetDataOrderResponse.ListDataOrder[0].PenggunaanKendaraan", o_purpose, CONTINUE_ON_FAILURE): Verify element property value successfully

2022-03-24 12:48:12 - [MESSAGE][PASSED] - Verify element property value successfully

2022-03-24 12:48:12 - [TEST_STEP][PASSED] - verifyElementPropertyValue(order, "GetDataOrderResponse.ListDataOrder[0].Kondisi", o_kondisi, CONTINUE_ON_FAILURE): Verify element property value successfully

2022-03-24 12:48:12 - [MESSAGE][PASSED] - Verify element property value successfully

2022-03-24 12:48:12 - [TEST_STEP][PASSED] - verifyElementPropertyValue(order, "GetDataOrderResponse.ListDataOrder[0].Accessories1", o_acc1, CONTINUE_ON_FAILURE): Verify element property value successfully

2022-03-24 12:48:12 - [MESSAGE][PASSED] - Verify element property value successfully

2022-03-24 12:48:12 - [TEST_STEP][PASSED] - verifyElementPropertyValue(order, "GetDataOrderResponse.ListDataOrder[0].Accessories2", o_acc2, CONTINUE_ON_FAILURE): Verify element property value successfully

2022-03-24 12:48:12 - [MESSAGE][PASSED] - Verify element property value successfully

2022-03-24 12:48:12 - [TEST_STEP][PASSED] - verifyElementPropertyValue(order, "GetDataOrderResponse.ListDataOrder[0].Accessories3", o_acc3, CONTINUE_ON_FAILURE): Verify element property value successfully

2022-03-24 12:48:12 - [MESSAGE][PASSED] - Verify element property value successfully

2022-03-24 12:48:12 - [TEST_STEP][PASSED] - verifyElementPropertyValue(order, "GetDataOrderResponse.ListDataOrder[0].Accessories4", o_acc4, CONTINUE_ON_FAILURE): Verify element property value successfully

2022-03-24 12:48:12 - [MESSAGE][PASSED] - Verify element property value successfully

2022-03-24 12:48:12 - [TEST_STEP][PASSED] - verifyElementPropertyValue(order, "GetDataOrderResponse.ListDataOrder[0].Accessories5", o_acc5, CONTINUE_ON_FAILURE): Verify element property value successfully

2022-03-24 12:48:12 - [MESSAGE][PASSED] - Verify element property value successfully

2022-03-24 12:48:12 - [TEST_STEP][PASSED] - verifyElementPropertyValue(order, "GetDataOrderResponse.ListDataOrder[0].HargaAccessories1", o_harga_acc1, CONTINUE_ON_FAILURE): Verify element property value successfully

2022-03-24 12:48:12 - [MESSAGE][PASSED] - Verify element property value successfully

2022-03-24 12:48:12 - [TEST_STEP][PASSED] - verifyElementPropertyValue(order, "GetDataOrderResponse.ListDataOrder[0].HargaAccessories2", o_harga_acc2, CONTINUE_ON_FAILURE): Verify element property value successfully

2022-03-24 12:48:12 - [MESSAGE][PASSED] - Verify element property value successfully

2022-03-24 12:48:12 - [TEST_STEP][PASSED] - verifyElementPropertyValue(order, "GetDataOrderResponse.ListDataOrder[0].HargaAccessories3", o_harga_acc3, CONTINUE_ON_FAILURE): Verify element property value successfully

2022-03-24 12:48:12 - [MESSAGE][PASSED] - Verify element property value successfully

2022-03-24 12:48:12 - [TEST_STEP][PASSED] - verifyElementPropertyValue(order, "GetDataOrderResponse.ListDataOrder[0].HargaAccessories4", o_harga_acc4, CONTINUE_ON_FAILURE): Verify element property value successfully

2022-03-24 12:48:12 - [MESSAGE][PASSED] - Verify element property value successfully

2022-03-24 12:48:12 - [TEST_STEP][PASSED] - verifyElementPropertyValue(order, "GetDataOrderResponse.ListDataOrder[0].HargaAccessories5", o_harga_acc5, CONTINUE_ON_FAILURE): Verify element property value successfully

2022-03-24 12:48:12 - [MESSAGE][PASSED] - Verify element property value successfully

2022-03-24 12:48:12 - [TEST_STEP][PASSED] - verifyElementPropertyValue(order, "GetDataOrderResponse.ListDataOrder[0].OverKredit", o_overkredit, CONTINUE_ON_FAILURE): Verify element property value successfully

2022-03-24 12:48:12 - [MESSAGE][PASSED] - Verify element property value successfully

2022-03-24 12:48:12 - [TEST_STEP][PASSED] - verifyElementPropertyValue(order, "GetDataOrderResponse.ListDataOrder[0].Restructure", o_restructure, CONTINUE_ON_FAILURE): Verify element property value successfully

2022-03-24 12:48:12 - [MESSAGE][PASSED] - Verify element property value successfully

2022-03-24 12:48:12 - [TEST_STEP][PASSED] - verifyElementPropertyValue(order, "GetDataOrderResponse.ListDataOrder[0].NoPolisLama", o_nopol_lama, CONTINUE_ON_FAILURE): Verify element property value successfully

2022-03-24 12:48:12 - [MESSAGE][PASSED] - Verify element property value successfully

2022-03-24 12:48:12 - [TEST_STEP][PASSED] - verifyElementPropertyValue(order, "GetDataOrderResponse.ListDataOrder[0].MailAddress", o_mail_addr, CONTINUE_ON_FAILURE): Verify element property value successfully

2022-03-24 12:48:12 - [MESSAGE][PASSED] - Verify element property value successfully

2022-03-24 12:48:12 - [TEST_STEP][PASSED] - verifyElementPropertyValue(order, "GetDataOrderResponse.ListDataOrder[0].KabKodya", o_kab_kodya, CONTINUE_ON_FAILURE): Verify element property value successfully

2022-03-24 12:48:12 - [MESSAGE][PASSED] - Verify element property value successfully

2022-03-24 12:48:12 - [TEST_STEP][PASSED] - verifyElementPropertyValue(order, "GetDataOrderResponse.ListDataOrder[0].PostalCode", o_postal_code, CONTINUE_ON_FAILURE): Verify element property value successfully

2022-03-24 12:48:12 - [MESSAGE][PASSED] - Verify element property value successfully

2022-03-24 12:48:12 - [TEST_STEP][PASSED] - verifyElementPropertyValue(order, "GetDataOrderResponse.ListDataOrder[0].PaketMobil", o_packet, CONTINUE_ON_FAILURE): Verify element property value successfully

2022-03-24 12:48:12 - [MESSAGE][PASSED] - Verify element property value successfully

2022-03-24 12:48:12 - [TEST_STEP][PASSED] - verifyElementPropertyValue(order, "GetDataOrderResponse.ListDataOrder[0].CustType", o_cust_type, CONTINUE_ON_FAILURE): Verify element property value successfully

2022-03-24 12:48:12 - [MESSAGE][PASSED] - Verify element property value successfully

2022-03-24 12:48:12 - [TEST_STEP][PASSED] - verifyElementPropertyValue(order, "GetDataOrderResponse.ListDataOrder[0].IdentityNo", o_nik, CONTINUE_ON_FAILURE): Verify element property value successfully

2022-03-24 12:48:12 - [MESSAGE][PASSED] - Verify element property value successfully

2022-03-24 12:48:12 - [TEST_STEP][PASSED] - verifyElementPropertyValue(order, "GetDataOrderResponse.ListDataOrder[0].BirthPlace", o_birth_place, CONTINUE_ON_FAILURE): Verify element property value successfully

2022-03-24 12:48:12 - [MESSAGE][PASSED] - Verify element property value successfully

2022-03-24 12:48:12 - [TEST_STEP][PASSED] - verifyElementPropertyValue(order, "GetDataOrderResponse.ListDataOrder[0].BirthDate", o_birth_date, CONTINUE_ON_FAILURE): Verify element property value successfully

2022-03-24 12:48:12 - [MESSAGE][PASSED] - Verify element property value successfully

2022-03-24 12:48:12 - [TEST_STEP][PASSED] - verifyElementPropertyValue(order, "GetDataOrderResponse.ListDataOrder[0].Occupation", o_occp, CONTINUE_ON_FAILURE): Verify element property value successfully

2022-03-24 12:48:12 - [MESSAGE][PASSED] - Verify element property value successfully

2022-03-24 12:48:12 - [TEST_STEP][PASSED] - verifyElementPropertyValue(order, "GetDataOrderResponse.ListDataOrder[0].AlamatKTP", o_ktp_addr, CONTINUE_ON_FAILURE): Verify element property value successfully

2022-03-24 12:48:12 - [MESSAGE][PASSED] - Verify element property value successfully

2022-03-24 12:48:12 - [TEST_STEP][PASSED] - verifyElementPropertyValue(order, "GetDataOrderResponse.ListDataOrder[0].KelurahanKTP", o_ktp_kel, CONTINUE_ON_FAILURE): Verify element property value successfully

2022-03-24 12:48:12 - [MESSAGE][PASSED] - Verify element property value successfully

2022-03-24 12:48:12 - [TEST_STEP][PASSED] - verifyElementPropertyValue(order, "GetDataOrderResponse.ListDataOrder[0].KecamatanKTP", o_ktp_kec, CONTINUE_ON_FAILURE): Verify element property value successfully

2022-03-24 12:48:13 - [MESSAGE][PASSED] - Verify element property value successfully

2022-03-24 12:48:13 - [TEST_STEP][PASSED] - verifyElementPropertyValue(order, "GetDataOrderResponse.ListDataOrder[0].KabKodyaKTP", o_ktp_kabkodya, CONTINUE_ON_FAILURE): Verify element property value successfully

2022-03-24 12:48:13 - [MESSAGE][PASSED] - Verify element property value successfully

2022-03-24 12:48:13 - [TEST_STEP][PASSED] - verifyElementPropertyValue(order, "GetDataOrderResponse.ListDataOrder[0].ProvinsiKTP", o_ktp_prov, CONTINUE_ON_FAILURE): Verify element property value successfully

2022-03-24 12:48:13 - [MESSAGE][PASSED] - Verify element property value successfully

2022-03-24 12:48:13 - [TEST_STEP][PASSED] - verifyElementPropertyValue(order, "GetDataOrderResponse.ListDataOrder[0].PostalCodeKTP", o_ktp_postal_code, CONTINUE_ON_FAILURE): Verify element property value successfully

2022-03-24 12:48:13 - [MESSAGE][PASSED] - Verify element property value successfully

2022-03-24 12:48:13 - [TEST_STEP][PASSED] - verifyElementPropertyValue(order, "GetDataOrderResponse.ListDataOrder[0].DealerName", o_ktp_dealer_name, CONTINUE_ON_FAILURE): Verify element property value successfully

2022-03-24 12:48:13 - [MESSAGE][PASSED] - Verify element property value successfully

2022-03-24 12:48:13 - [TEST_STEP][FAILED] - switch (tenor): null

2022-03-24 12:48:13 - [TEST_STEP][FAILED] - case "3":: null

2022-03-24 12:48:13 - [TEST_STEP][PASSED] - order2 = sendRequest(findTestObject("3. Get-data-order", ["s_key":global_token, "c_id":c_id, "order_date":order_date, "page":page, "rows":rows])): Send request successfully

2022-03-24 12:48:13 - [MESSAGE][INFO] - HAR: I:\app-testing\app-project\Order car insurance\order-car-insurance\Reports\20220324_124757\Get data order\20220324_124758\requests\main\2.har

2022-03-24 12:48:13 - [MESSAGE][PASSED] - Send request successfully

2022-03-24 12:48:13 - [TEST_STEP][PASSED] - get_order2 = order.getResponseText(): null

2022-03-24 12:48:13 - [TEST_STEP][FAILED] - verifyElementPropertyValue(order, "GetDataOrderResponse.ListDataOrder[0].InsuranceData[0].KondisiPertanggungan", o_kond_pertanggungan_0, CONTINUE_ON_FAILURE): Expected element property value ' ' is not equal with actual property value ''

2022-03-24 12:48:13 - [MESSAGE][FAILED] - Expected element property value ' ' is not equal with actual property value ''

2022-03-24 12:48:13 - [TEST_STEP][PASSED] - verifyElementPropertyValue(order, "GetDataOrderResponse.ListDataOrder[0].InsuranceData[0].TJH", o_tjh_header_0, CONTINUE_ON_FAILURE): Verify element property value successfully

2022-03-24 12:48:13 - [MESSAGE][PASSED] - Verify element property value successfully

2022-03-24 12:48:13 - [TEST_STEP][PASSED] - verifyElementPropertyValue(order, "GetDataOrderResponse.ListDataOrder[0].InsuranceData[0].InsuredValue", o_ins_val_0, CONTINUE_ON_FAILURE): Verify element property value successfully

2022-03-24 12:48:13 - [MESSAGE][PASSED] - Verify element property value successfully

2022-03-24 12:48:13 - [TEST_STEP][PASSED] - verifyElementPropertyValue(order, "GetDataOrderResponse.ListDataOrder[0].InsuranceData[0].InsuredFrom", o_ins_form_0, CONTINUE_ON_FAILURE): Verify element property value successfully

2022-03-24 12:48:13 - [MESSAGE][PASSED] - Verify element property value successfully

2022-03-24 12:48:13 - [TEST_STEP][PASSED] - verifyElementPropertyValue(order, "GetDataOrderResponse.ListDataOrder[0].InsuranceData[0].InsuredTo", o_ins_to_0, CONTINUE_ON_FAILURE): Verify element property value successfully

2022-03-24 12:48:13 - [MESSAGE][PASSED] - Verify element property value successfully

2022-03-24 12:48:13 - [TEST_STEP][PASSED] - verifyElementPropertyValue(order, "GetDataOrderResponse.ListDataOrder[0].InsuranceData[0].Rate", o_rate_0, CONTINUE_ON_FAILURE): Verify element property value successfully

2022-03-24 12:48:13 - [MESSAGE][PASSED] - Verify element property value successfully

2022-03-24 12:48:13 - [TEST_STEP][PASSED] - verifyElementPropertyValue(order, "GetDataOrderResponse.ListDataOrder[0].InsuranceData[0].GrossPremi", o_gross_premi_0, CONTINUE_ON_FAILURE): Verify element property value successfully

2022-03-24 12:48:13 - [MESSAGE][PASSED] - Verify element property value successfully

2022-03-24 12:48:13 - [TEST_STEP][PASSED] - verifyElementPropertyValue(order, "GetDataOrderResponse.ListDataOrder[0].InsuranceData[0].Discount", o_discount_0, CONTINUE_ON_FAILURE): Verify element property value successfully

2022-03-24 12:48:13 - [MESSAGE][PASSED] - Verify element property value successfully

2022-03-24 12:48:13 - [TEST_STEP][PASSED] - verifyElementPropertyValue(order, "GetDataOrderResponse.ListDataOrder[0].InsuranceData[0].Adm", o_adm_0, CONTINUE_ON_FAILURE): Verify element property value successfully

2022-03-24 12:48:13 - [MESSAGE][PASSED] - Verify element property value successfully

2022-03-24 12:48:13 - [TEST_STEP][PASSED] - verifyElementPropertyValue(order, "GetDataOrderResponse.ListDataOrder[0].InsuranceData[0].NetPremi", o_netpremi_0, CONTINUE_ON_FAILURE): Verify element property value successfully

2022-03-24 12:48:13 - [MESSAGE][PASSED] - Verify element property value successfully

2022-03-24 12:48:13 - [TEST_STEP][PASSED] - verifyElementPropertyValue(order, "GetDataOrderResponse.ListDataOrder[0].InsuranceData[0].PerluasanJaminan.TJH", o_tjh_val_0, CONTINUE_ON_FAILURE): Verify element property value successfully

2022-03-24 12:48:14 - [MESSAGE][PASSED] - Verify element property value successfully

2022-03-24 12:48:14 - [TEST_STEP][PASSED] - verifyElementPropertyValue(order, "GetDataOrderResponse.ListDataOrder[0].InsuranceData[0].PerluasanJaminan.RSCC", o_rscc_val_0, CONTINUE_ON_FAILURE): Verify element property value successfully

2022-03-24 12:48:14 - [MESSAGE][PASSED] - Verify element property value successfully

2022-03-24 12:48:14 - [TEST_STEP][PASSED] - verifyElementPropertyValue(order, "GetDataOrderResponse.ListDataOrder[0].InsuranceData[0].PerluasanJaminan.Banjir", o_rsmb_val_0, CONTINUE_ON_FAILURE): Verify element property value successfully

2022-03-24 12:48:14 - [MESSAGE][PASSED] - Verify element property value successfully

2022-03-24 12:48:14 - [TEST_STEP][PASSED] - verifyElementPropertyValue(order, "GetDataOrderResponse.ListDataOrder[0].InsuranceData[0].PerluasanJaminan.Accessories", o_acc_val_0, CONTINUE_ON_FAILURE): Verify element property value successfully

2022-03-24 12:48:14 - [MESSAGE][PASSED] - Verify element property value successfully

2022-03-24 12:48:14 - [TEST_STEP][PASSED] - verifyElementPropertyValue(order, "GetDataOrderResponse.ListDataOrder[0].InsuranceData[1].KondisiPertanggungan", o_kond_pertanggungan_1, CONTINUE_ON_FAILURE): Verify element property value successfully

2022-03-24 12:48:14 - [MESSAGE][PASSED] - Verify element property value successfully

2022-03-24 12:48:14 - [TEST_STEP][PASSED] - verifyElementPropertyValue(order, "GetDataOrderResponse.ListDataOrder[0].InsuranceData[1].TJH", o_tjh_header_1, CONTINUE_ON_FAILURE): Verify element property value successfully

2022-03-24 12:48:14 - [MESSAGE][PASSED] - Verify element property value successfully

2022-03-24 12:48:14 - [TEST_STEP][PASSED] - verifyElementPropertyValue(order, "GetDataOrderResponse.ListDataOrder[0].InsuranceData[1].InsuredValue", o_ins_val_1, CONTINUE_ON_FAILURE): Verify element property value successfully

2022-03-24 12:48:14 - [MESSAGE][PASSED] - Verify element property value successfully

2022-03-24 12:48:14 - [TEST_STEP][PASSED] - verifyElementPropertyValue(order, "GetDataOrderResponse.ListDataOrder[0].InsuranceData[1].InsuredFrom", o_ins_form_1, CONTINUE_ON_FAILURE): Verify element property value successfully

2022-03-24 12:48:14 - [MESSAGE][PASSED] - Verify element property value successfully

2022-03-24 12:48:14 - [TEST_STEP][PASSED] - verifyElementPropertyValue(order, "GetDataOrderResponse.ListDataOrder[0].InsuranceData[1].InsuredTo", o_ins_to_1, CONTINUE_ON_FAILURE): Verify element property value successfully

2022-03-24 12:48:14 - [MESSAGE][PASSED] - Verify element property value successfully

2022-03-24 12:48:14 - [TEST_STEP][PASSED] - verifyElementPropertyValue(order, "GetDataOrderResponse.ListDataOrder[0].InsuranceData[1].Rate", o_rate_1, CONTINUE_ON_FAILURE): Verify element property value successfully

2022-03-24 12:48:14 - [MESSAGE][PASSED] - Verify element property value successfully

2022-03-24 12:48:14 - [TEST_STEP][FAILED] - verifyElementPropertyValue(order, "GetDataOrderResponse.ListDataOrder[0].InsuranceData[1].GrossPremi", o_gross_premi_1, CONTINUE_ON_FAILURE): Expected element property value '5466240.00' is not equal with actual property value '998640.00'

2022-03-24 12:48:14 - [MESSAGE][FAILED] - Expected element property value '5466240.00' is not equal with actual property value '998640.00'

2022-03-24 12:48:14 - [TEST_STEP][PASSED] - verifyElementPropertyValue(order, "GetDataOrderResponse.ListDataOrder[0].InsuranceData[1].Discount", o_discount_1, CONTINUE_ON_FAILURE): Verify element property value successfully

2022-03-24 12:48:14 - [MESSAGE][PASSED] - Verify element property value successfully

2022-03-24 12:48:14 - [TEST_STEP][PASSED] - verifyElementPropertyValue(order, "GetDataOrderResponse.ListDataOrder[0].InsuranceData[1].Adm", o_adm_1, CONTINUE_ON_FAILURE): Verify element property value successfully

2022-03-24 12:48:14 - [MESSAGE][PASSED] - Verify element property value successfully

2022-03-24 12:48:14 - [TEST_STEP][PASSED] - verifyElementPropertyValue(order, "GetDataOrderResponse.ListDataOrder[0].InsuranceData[1].NetPremi", o_netpremi_1, CONTINUE_ON_FAILURE): Verify element property value successfully

2022-03-24 12:48:14 - [MESSAGE][PASSED] - Verify element property value successfully

2022-03-24 12:48:14 - [TEST_STEP][PASSED] - verifyElementPropertyValue(order, "GetDataOrderResponse.ListDataOrder[0].InsuranceData[1].PerluasanJaminan.TJH", o_tjh_val_1, CONTINUE_ON_FAILURE): Verify element property value successfully

2022-03-24 12:48:14 - [MESSAGE][PASSED] - Verify element property value successfully

2022-03-24 12:48:14 - [TEST_STEP][PASSED] - verifyElementPropertyValue(order, "GetDataOrderResponse.ListDataOrder[0].InsuranceData[1].PerluasanJaminan.RSCC", o_rscc_val_1, CONTINUE_ON_FAILURE): Verify element property value successfully

2022-03-24 12:48:14 - [MESSAGE][PASSED] - Verify element property value successfully

2022-03-24 12:48:14 - [TEST_STEP][PASSED] - verifyElementPropertyValue(order, "GetDataOrderResponse.ListDataOrder[0].InsuranceData[1].PerluasanJaminan.Banjir", o_rsmb_val_1, CONTINUE_ON_FAILURE): Verify element property value successfully

2022-03-24 12:48:14 - [MESSAGE][PASSED] - Verify element property value successfully

2022-03-24 12:48:14 - [TEST_STEP][PASSED] - verifyElementPropertyValue(order, "GetDataOrderResponse.ListDataOrder[0].InsuranceData[1].PerluasanJaminan.Accessories", o_acc_val_1, CONTINUE_ON_FAILURE): Verify element property value successfully

2022-03-24 12:48:14 - [MESSAGE][PASSED] - Verify element property value successfully

2022-03-24 12:48:14 - [TEST_STEP][PASSED] - verifyElementPropertyValue(order, "GetDataOrderResponse.ListDataOrder[0].InsuranceData[2].KondisiPertanggungan", o_kond_pertanggungan_2, CONTINUE_ON_FAILURE): Verify element property value successfully

2022-03-24 12:48:14 - [MESSAGE][PASSED] - Verify element property value successfully

2022-03-24 12:48:14 - [TEST_STEP][PASSED] - verifyElementPropertyValue(order, "GetDataOrderResponse.ListDataOrder[0].InsuranceData[2].TJH", o_tjh_header_2, CONTINUE_ON_FAILURE): Verify element property value successfully

2022-03-24 12:48:14 - [MESSAGE][PASSED] - Verify element property value successfully

2022-03-24 12:48:14 - [TEST_STEP][PASSED] - verifyElementPropertyValue(order, "GetDataOrderResponse.ListDataOrder[0].InsuranceData[2].InsuredValue", o_ins_val_2, CONTINUE_ON_FAILURE): Verify element property value successfully

2022-03-24 12:48:14 - [MESSAGE][PASSED] - Verify element property value successfully

2022-03-24 12:48:14 - [TEST_STEP][PASSED] - verifyElementPropertyValue(order, "GetDataOrderResponse.ListDataOrder[0].InsuranceData[2].InsuredFrom", o_ins_form_2, CONTINUE_ON_FAILURE): Verify element property value successfully

2022-03-24 12:48:14 - [MESSAGE][PASSED] - Verify element property value successfully

2022-03-24 12:48:14 - [TEST_STEP][PASSED] - verifyElementPropertyValue(order, "GetDataOrderResponse.ListDataOrder[0].InsuranceData[2].InsuredTo", o_ins_to_2, CONTINUE_ON_FAILURE): Verify element property value successfully

2022-03-24 12:48:14 - [MESSAGE][PASSED] - Verify element property value successfully

2022-03-24 12:48:14 - [TEST_STEP][PASSED] - verifyElementPropertyValue(order, "GetDataOrderResponse.ListDataOrder[0].InsuranceData[2].Rate", o_rate_2, CONTINUE_ON_FAILURE): Verify element property value successfully

2022-03-24 12:48:14 - [MESSAGE][PASSED] - Verify element property value successfully

2022-03-24 12:48:14 - [TEST_STEP][PASSED] - verifyElementPropertyValue(order, "GetDataOrderResponse.ListDataOrder[0].InsuranceData[2].GrossPremi", o_gross_premi_2, CONTINUE_ON_FAILURE): Verify element property value successfully

2022-03-24 12:48:14 - [MESSAGE][PASSED] - Verify element property value successfully

2022-03-24 12:48:14 - [TEST_STEP][PASSED] - verifyElementPropertyValue(order, "GetDataOrderResponse.ListDataOrder[0].InsuranceData[2].Discount", o_discount_2, CONTINUE_ON_FAILURE): Verify element property value successfully

2022-03-24 12:48:14 - [MESSAGE][PASSED] - Verify element property value successfully

2022-03-24 12:48:14 - [TEST_STEP][PASSED] - verifyElementPropertyValue(order, "GetDataOrderResponse.ListDataOrder[0].InsuranceData[2].Adm", o_adm_2, CONTINUE_ON_FAILURE): Verify element property value successfully

2022-03-24 12:48:14 - [MESSAGE][PASSED] - Verify element property value successfully

2022-03-24 12:48:14 - [TEST_STEP][PASSED] - verifyElementPropertyValue(order, "GetDataOrderResponse.ListDataOrder[0].InsuranceData[2].NetPremi", o_netpremi_2, CONTINUE_ON_FAILURE): Verify element property value successfully

2022-03-24 12:48:14 - [MESSAGE][PASSED] - Verify element property value successfully

2022-03-24 12:48:14 - [TEST_STEP][PASSED] - verifyElementPropertyValue(order, "GetDataOrderResponse.ListDataOrder[0].InsuranceData[2].PerluasanJaminan.TJH", o_tjh_val_2, CONTINUE_ON_FAILURE): Verify element property value successfully

2022-03-24 12:48:14 - [MESSAGE][PASSED] - Verify element property value successfully

2022-03-24 12:48:14 - [TEST_STEP][PASSED] - verifyElementPropertyValue(order, "GetDataOrderResponse.ListDataOrder[0].InsuranceData[2].PerluasanJaminan.RSCC", o_rscc_val_2, CONTINUE_ON_FAILURE): Verify element property value successfully

2022-03-24 12:48:14 - [MESSAGE][PASSED] - Verify element property value successfully

2022-03-24 12:48:14 - [TEST_STEP][PASSED] - verifyElementPropertyValue(order, "GetDataOrderResponse.ListDataOrder[0].InsuranceData[2].PerluasanJaminan.Banjir", o_rsmb_val_2, CONTINUE_ON_FAILURE): Verify element property value successfully

2022-03-24 12:48:14 - [MESSAGE][PASSED] - Verify element property value successfully

2022-03-24 12:48:14 - [TEST_STEP][PASSED] - verifyElementPropertyValue(order, "GetDataOrderResponse.ListDataOrder[0].InsuranceData[2].PerluasanJaminan.Accessories", o_acc_val_2, CONTINUE_ON_FAILURE): Verify element property value successfully

2022-03-24 12:48:14 - [MESSAGE][PASSED] - Verify element property value successfully

2022-03-24 12:48:14 - [TEST_STEP][PASSED] - break: null]]></system-out>
         <system-err><![CDATA[2022-03-24 12:48:08 - [TEST_CASE][FAILED] - Test Cases/1. get token - data order: Test Cases/1. get token - data order FAILED.
Reason:
com.kms.katalon.core.exception.StepFailedException: Expected element property value ' ' is not equal with actual property value ''
	at com.kms.katalon.core.keyword.internal.KeywordMain.stepFailed(KeywordMain.groovy:39)
	at com.kms.katalon.core.webservice.keyword.builtin.VerifyElementPropertyValueKeyword$_verifyElementPropertyValue_closure1.doCall(VerifyElementPropertyValueKeyword.groovy:56)
	at com.kms.katalon.core.webservice.keyword.builtin.VerifyElementPropertyValueKeyword$_verifyElementPropertyValue_closure1.call(VerifyElementPropertyValueKeyword.groovy)
	at com.kms.katalon.core.keyword.internal.KeywordMain.runKeyword(KeywordMain.groovy:74)
	at com.kms.katalon.core.webservice.keyword.builtin.VerifyElementPropertyValueKeyword.verifyElementPropertyValue(VerifyElementPropertyValueKeyword.groovy:48)
	at com.kms.katalon.core.webservice.keyword.builtin.VerifyElementPropertyValueKeyword.execute(VerifyElementPropertyValueKeyword.groovy:43)
	at com.kms.katalon.core.keyword.internal.KeywordExecutor.executeKeywordForPlatform(KeywordExecutor.groovy:74)
	at com.kms.katalon.core.webservice.keyword.WSBuiltInKeywords.verifyElementPropertyValue(WSBuiltInKeywords.groovy:175)
	at com.kms.katalon.core.webservice.keyword.WSBuiltInKeywords$verifyElementPropertyValue$0.call(Unknown Source)
	at 1. get token - data order.run(1. get token - data order:298)
	at com.kms.katalon.core.main.ScriptEngine.run(ScriptEngine.java:194)
	at com.kms.katalon.core.main.ScriptEngine.runScriptAsRawText(ScriptEngine.java:119)
	at com.kms.katalon.core.main.TestCaseExecutor.runScript(TestCaseExecutor.java:442)
	at com.kms.katalon.core.main.TestCaseExecutor.doExecute(TestCaseExecutor.java:433)
	at com.kms.katalon.core.main.TestCaseExecutor.processExecutionPhase(TestCaseExecutor.java:412)
	at com.kms.katalon.core.main.TestCaseExecutor.accessMainPhase(TestCaseExecutor.java:404)
	at com.kms.katalon.core.main.TestCaseExecutor.execute(TestCaseExecutor.java:281)
	at com.kms.katalon.core.main.TestSuiteExecutor.accessTestCaseMainPhase(TestSuiteExecutor.java:202)
	at com.kms.katalon.core.main.TestSuiteExecutor.accessTestSuiteMainPhase(TestSuiteExecutor.java:164)
	at com.kms.katalon.core.main.TestSuiteExecutor.execute(TestSuiteExecutor.java:105)
	at com.kms.katalon.core.main.TestCaseMain.startTestSuite(TestCaseMain.java:181)
	at com.kms.katalon.core.main.TestCaseMain$startTestSuite$0.call(Unknown Source)
	at TempTestSuite1648100878643.run(TempTestSuite1648100878643.groovy:36)]]></system-err>
      </testcase>
      <testcase name="Test Cases/1. get token - data order" time="4.685" classname="Test Cases/1. get token - data order" status="FAILED">
         <failure type="FAILED" message="Test Cases/1. get token - data order FAILED.
Reason:
com.kms.katalon.core.exception.StepFailedException: Expected element property value '1154000995' is not equal with actual property value '1154000993'
	at com.kms.katalon.core.keyword.internal.KeywordMain.stepFailed(KeywordMain.groovy:39)
	at com.kms.katalon.core.webservice.keyword.builtin.VerifyElementPropertyValueKeyword$_verifyElementPropertyValue_closure1.doCall(VerifyElementPropertyValueKeyword.groovy:56)
	at com.kms.katalon.core.webservice.keyword.builtin.VerifyElementPropertyValueKeyword$_verifyElementPropertyValue_closure1.call(VerifyElementPropertyValueKeyword.groovy)
	at com.kms.katalon.core.keyword.internal.KeywordMain.runKeyword(KeywordMain.groovy:74)
	at com.kms.katalon.core.webservice.keyword.builtin.VerifyElementPropertyValueKeyword.verifyElementPropertyValue(VerifyElementPropertyValueKeyword.groovy:48)
	at com.kms.katalon.core.webservice.keyword.builtin.VerifyElementPropertyValueKeyword.execute(VerifyElementPropertyValueKeyword.groovy:43)
	at com.kms.katalon.core.keyword.internal.KeywordExecutor.executeKeywordForPlatform(KeywordExecutor.groovy:74)
	at com.kms.katalon.core.webservice.keyword.WSBuiltInKeywords.verifyElementPropertyValue(WSBuiltInKeywords.groovy:175)
	at com.kms.katalon.core.webservice.keyword.WSBuiltInKeywords$verifyElementPropertyValue$0.call(Unknown Source)
	at 1. get token - data order.run(1. get token - data order:54)
	at com.kms.katalon.core.main.ScriptEngine.run(ScriptEngine.java:194)
	at com.kms.katalon.core.main.ScriptEngine.runScriptAsRawText(ScriptEngine.java:119)
	at com.kms.katalon.core.main.TestCaseExecutor.runScript(TestCaseExecutor.java:442)
	at com.kms.katalon.core.main.TestCaseExecutor.doExecute(TestCaseExecutor.java:433)
	at com.kms.katalon.core.main.TestCaseExecutor.processExecutionPhase(TestCaseExecutor.java:412)
	at com.kms.katalon.core.main.TestCaseExecutor.accessMainPhase(TestCaseExecutor.java:404)
	at com.kms.katalon.core.main.TestCaseExecutor.execute(TestCaseExecutor.java:281)
	at com.kms.katalon.core.main.TestSuiteExecutor.accessTestCaseMainPhase(TestSuiteExecutor.java:202)
	at com.kms.katalon.core.main.TestSuiteExecutor.accessTestSuiteMainPhase(TestSuiteExecutor.java:164)
	at com.kms.katalon.core.main.TestSuiteExecutor.execute(TestSuiteExecutor.java:105)
	at com.kms.katalon.core.main.TestCaseMain.startTestSuite(TestCaseMain.java:181)
	at com.kms.katalon.core.main.TestCaseMain$startTestSuite$0.call(Unknown Source)
	at TempTestSuite1648100878643.run(TempTestSuite1648100878643.groovy:36)
"/>
         <system-out><![CDATA[2022-03-24 12:48:15 - [TEST_CASE][FAILED] - Test Cases/1. get token - data order: Test Cases/1. get token - data order FAILED.
Reason:
com.kms.katalon.core.exception.StepFailedException: Expected element property value '1154000995' is not equal with actual property value '1154000993'
	at com.kms.katalon.core.keyword.internal.KeywordMain.stepFailed(KeywordMain.groovy:39)
	at com.kms.katalon.core.webservice.keyword.builtin.VerifyElementPropertyValueKeyword$_verifyElementPropertyValue_closure1.doCall(VerifyElementPropertyValueKeyword.groovy:56)
	at com.kms.katalon.core.webservice.keyword.builtin.VerifyElementPropertyValueKeyword$_verifyElementPropertyValue_closure1.call(VerifyElementPropertyValueKeyword.groovy)
	at com.kms.katalon.core.keyword.internal.KeywordMain.runKeyword(KeywordMain.groovy:74)
	at com.kms.katalon.core.webservice.keyword.builtin.VerifyElementPropertyValueKeyword.verifyElementPropertyValue(VerifyElementPropertyValueKeyword.groovy:48)
	at com.kms.katalon.core.webservice.keyword.builtin.VerifyElementPropertyValueKeyword.execute(VerifyElementPropertyValueKeyword.groovy:43)
	at com.kms.katalon.core.keyword.internal.KeywordExecutor.executeKeywordForPlatform(KeywordExecutor.groovy:74)
	at com.kms.katalon.core.webservice.keyword.WSBuiltInKeywords.verifyElementPropertyValue(WSBuiltInKeywords.groovy:175)
	at com.kms.katalon.core.webservice.keyword.WSBuiltInKeywords$verifyElementPropertyValue$0.call(Unknown Source)
	at 1. get token - data order.run(1. get token - data order:54)
	at com.kms.katalon.core.main.ScriptEngine.run(ScriptEngine.java:194)
	at com.kms.katalon.core.main.ScriptEngine.runScriptAsRawText(ScriptEngine.java:119)
	at com.kms.katalon.core.main.TestCaseExecutor.runScript(TestCaseExecutor.java:442)
	at com.kms.katalon.core.main.TestCaseExecutor.doExecute(TestCaseExecutor.java:433)
	at com.kms.katalon.core.main.TestCaseExecutor.processExecutionPhase(TestCaseExecutor.java:412)
	at com.kms.katalon.core.main.TestCaseExecutor.accessMainPhase(TestCaseExecutor.java:404)
	at com.kms.katalon.core.main.TestCaseExecutor.execute(TestCaseExecutor.java:281)
	at com.kms.katalon.core.main.TestSuiteExecutor.accessTestCaseMainPhase(TestSuiteExecutor.java:202)
	at com.kms.katalon.core.main.TestSuiteExecutor.accessTestSuiteMainPhase(TestSuiteExecutor.java:164)
	at com.kms.katalon.core.main.TestSuiteExecutor.execute(TestSuiteExecutor.java:105)
	at com.kms.katalon.core.main.TestCaseMain.startTestSuite(TestCaseMain.java:181)
	at com.kms.katalon.core.main.TestCaseMain$startTestSuite$0.call(Unknown Source)
	at TempTestSuite1648100878643.run(TempTestSuite1648100878643.groovy:36)


2022-03-24 12:48:16 - [TEST_STEP][PASSED] - token = sendRequest(findTestObject("1. Get-Token")): Send request successfully

2022-03-24 12:48:16 - [MESSAGE][INFO] - HAR: I:\app-testing\app-project\Order car insurance\order-car-insurance\Reports\20220324_124757\Get data order\20220324_124758\requests\main\3.har

2022-03-24 12:48:16 - [MESSAGE][PASSED] - Send request successfully

2022-03-24 12:48:16 - [TEST_STEP][PASSED] - slurper = new groovy.json.JsonSlurper(): null

2022-03-24 12:48:16 - [TEST_STEP][PASSED] - get_token = slurper.parseText(token.getResponseBodyContent()): null

2022-03-24 12:48:16 - [TEST_STEP][PASSED] - private_token = access_token: null

2022-03-24 12:48:16 - [TEST_STEP][PASSED] - global_token = private_token: null

2022-03-24 12:48:16 - [TEST_STEP][PASSED] - println("token is :" + global_token): null

2022-03-24 12:48:16 - [TEST_STEP][PASSED] - response_token = token.getResponseText(): null

2022-03-24 12:48:16 - [TEST_STEP][PASSED] - logInfo($response_token): 
            {
                "token_type": "BearerToken",
                "access_token": "K93N64Q8pG2QGGm0pN6uFaAKYGU4",
                "expires_in": "1799",
                "scope": ""
            }
        

2022-03-24 12:48:16 - [MESSAGE][INFO] - 
            {
                "token_type": "BearerToken",
                "access_token": "K93N64Q8pG2QGGm0pN6uFaAKYGU4",
                "expires_in": "1799",
                "scope": ""
            }
        

2022-03-24 12:48:16 - [TEST_STEP][PASSED] - order = sendRequest(findTestObject("3. Get-data-order", ["s_key":global_token, "c_id":c_id, "order_date":order_date, "page":page, "rows":rows])): Send request successfully

2022-03-24 12:48:16 - [MESSAGE][INFO] - HAR: I:\app-testing\app-project\Order car insurance\order-car-insurance\Reports\20220324_124757\Get data order\20220324_124758\requests\main\4.har

2022-03-24 12:48:16 - [MESSAGE][PASSED] - Send request successfully

2022-03-24 12:48:16 - [TEST_STEP][PASSED] - get_order = order.getResponseText(): null

2022-03-24 12:48:16 - [TEST_STEP][PASSED] - markPassed("data ke : " + no): data ke : 2

2022-03-24 12:48:16 - [MESSAGE][PASSED] - data ke : 2

2022-03-24 12:48:16 - [TEST_STEP][PASSED] - verifyElementPropertyValue(order, "GetDataOrderResponse.ListDataOrder[0].TipeOrder", o_tipeorder, CONTINUE_ON_FAILURE): Verify element property value successfully

2022-03-24 12:48:17 - [MESSAGE][PASSED] - Verify element property value successfully

2022-03-24 12:48:17 - [TEST_STEP][PASSED] - verifyElementPropertyValue(order, "GetDataOrderResponse.ListDataOrder[0].BatchID", o_batchid, CONTINUE_ON_FAILURE): Verify element property value successfully

2022-03-24 12:48:17 - [MESSAGE][PASSED] - Verify element property value successfully

2022-03-24 12:48:17 - [TEST_STEP][FAILED] - verifyElementPropertyValue(order, "GetDataOrderResponse.ListDataOrder[0].NoRek", o_norek, CONTINUE_ON_FAILURE): Expected element property value '1154000995' is not equal with actual property value '1154000993'

2022-03-24 12:48:17 - [MESSAGE][FAILED] - Expected element property value '1154000995' is not equal with actual property value '1154000993'

2022-03-24 12:48:17 - [TEST_STEP][PASSED] - verifyElementPropertyValue(order, "GetDataOrderResponse.ListDataOrder[0].NoPin", o_nopin, CONTINUE_ON_FAILURE): Verify element property value successfully

2022-03-24 12:48:17 - [MESSAGE][PASSED] - Verify element property value successfully

2022-03-24 12:48:17 - [TEST_STEP][PASSED] - verifyElementPropertyValue(order, "GetDataOrderResponse.ListDataOrder[0].CustName", o_custname, CONTINUE_ON_FAILURE): Verify element property value successfully

2022-03-24 12:48:17 - [MESSAGE][PASSED] - Verify element property value successfully

2022-03-24 12:48:17 - [TEST_STEP][PASSED] - verifyElementPropertyValue(order, "GetDataOrderResponse.ListDataOrder[0].Pemohon", o_pemohon, CONTINUE_ON_FAILURE): Verify element property value successfully

2022-03-24 12:48:17 - [MESSAGE][PASSED] - Verify element property value successfully

2022-03-24 12:48:17 - [TEST_STEP][FAILED] - verifyElementPropertyValue(order, "GetDataOrderResponse.ListDataOrder[0].HargaPembelian", o_otr, CONTINUE_ON_FAILURE): Expected element property value '135000000.00' is not equal with actual property value '360000000.00'

2022-03-24 12:48:17 - [MESSAGE][FAILED] - Expected element property value '135000000.00' is not equal with actual property value '360000000.00'

2022-03-24 12:48:17 - [TEST_STEP][PASSED] - verifyElementPropertyValue(order, "GetDataOrderResponse.ListDataOrder[0].Cabang", o_branchid, CONTINUE_ON_FAILURE): Verify element property value successfully

2022-03-24 12:48:17 - [MESSAGE][PASSED] - Verify element property value successfully

2022-03-24 12:48:17 - [TEST_STEP][FAILED] - verifyElementPropertyValue(order, "GetDataOrderResponse.ListDataOrder[0].MerkID", o_merk, CONTINUE_ON_FAILURE): Expected element property value 'SUZ' is not equal with actual property value 'TYT'

2022-03-24 12:48:17 - [MESSAGE][FAILED] - Expected element property value 'SUZ' is not equal with actual property value 'TYT'

2022-03-24 12:48:17 - [TEST_STEP][FAILED] - verifyElementPropertyValue(order, "GetDataOrderResponse.ListDataOrder[0].TypeMobil", o_type, CONTINUE_ON_FAILURE): Expected element property value 'AVI414F TYPE 2 4X2 AT' is not equal with actual property value 'INNOVA VENTURER 2.0 AT'

2022-03-24 12:48:17 - [MESSAGE][FAILED] - Expected element property value 'AVI414F TYPE 2 4X2 AT' is not equal with actual property value 'INNOVA VENTURER 2.0 AT'

2022-03-24 12:48:17 - [TEST_STEP][PASSED] - verifyElementPropertyValue(order, "GetDataOrderResponse.ListDataOrder[0].JenisMobil", o_jenis, CONTINUE_ON_FAILURE): Verify element property value successfully

2022-03-24 12:48:17 - [MESSAGE][PASSED] - Verify element property value successfully

2022-03-24 12:48:17 - [TEST_STEP][PASSED] - verifyElementPropertyValue(order, "GetDataOrderResponse.ListDataOrder[0].TahunMobil", o_tahun, CONTINUE_ON_FAILURE): Verify element property value successfully

2022-03-24 12:48:17 - [MESSAGE][PASSED] - Verify element property value successfully

2022-03-24 12:48:17 - [TEST_STEP][FAILED] - verifyElementPropertyValue(order, "GetDataOrderResponse.ListDataOrder[0].Warna", o_warna, CONTINUE_ON_FAILURE): Expected element property value 'ABU ABU METALIK' is not equal with actual property value 'PUTIH'

2022-03-24 12:48:17 - [MESSAGE][FAILED] - Expected element property value 'ABU ABU METALIK' is not equal with actual property value 'PUTIH'

2022-03-24 12:48:17 - [TEST_STEP][FAILED] - verifyElementPropertyValue(order, "GetDataOrderResponse.ListDataOrder[0].NoRangka", o_norangka, CONTINUE_ON_FAILURE): Expected element property value 'MHYKZE81SHJ321633' is not equal with actual property value 'MHFAW8EM4H0206354'

2022-03-24 12:48:17 - [MESSAGE][FAILED] - Expected element property value 'MHYKZE81SHJ321633' is not equal with actual property value 'MHFAW8EM4H0206354'

2022-03-24 12:48:17 - [TEST_STEP][FAILED] - verifyElementPropertyValue(order, "GetDataOrderResponse.ListDataOrder[0].NoMesin", o_nomesin, CONTINUE_ON_FAILURE): Expected element property value 'K14BT1258300' is not equal with actual property value '1TRA295932'

2022-03-24 12:48:17 - [MESSAGE][FAILED] - Expected element property value 'K14BT1258300' is not equal with actual property value '1TRA295932'

2022-03-24 12:48:17 - [TEST_STEP][FAILED] - verifyElementPropertyValue(order, "GetDataOrderResponse.ListDataOrder[0].NoPolisi", o_nopol, CONTINUE_ON_FAILURE): Expected element property value 'B 2380 SZH' is not equal with actual property value 'B 2726 BOM'

2022-03-24 12:48:17 - [MESSAGE][FAILED] - Expected element property value 'B 2380 SZH' is not equal with actual property value 'B 2726 BOM'

2022-03-24 12:48:17 - [TEST_STEP][FAILED] - verifyElementPropertyValue(order, "GetDataOrderResponse.ListDataOrder[0].NamaBPKB", o_namabpkb, CONTINUE_ON_FAILURE): Expected element property value 'PT SAKURA ANUGRAH PRATAMA' is not equal with actual property value 'PT AUTORENT LANCAR S'

2022-03-24 12:48:17 - [MESSAGE][FAILED] - Expected element property value 'PT SAKURA ANUGRAH PRATAMA' is not equal with actual property value 'PT AUTORENT LANCAR S'

2022-03-24 12:48:17 - [TEST_STEP][FAILED] - verifyElementPropertyValue(order, "GetDataOrderResponse.ListDataOrder[0].KategoriMobil", o_kategori, CONTINUE_ON_FAILURE): Expected element property value '13' is not equal with actual property value '14'

2022-03-24 12:48:17 - [MESSAGE][FAILED] - Expected element property value '13' is not equal with actual property value '14'

2022-03-24 12:48:17 - [TEST_STEP][PASSED] - verifyElementPropertyValue(order, "GetDataOrderResponse.ListDataOrder[0].PenggunaanKendaraan", o_purpose, CONTINUE_ON_FAILURE): Verify element property value successfully

2022-03-24 12:48:17 - [MESSAGE][PASSED] - Verify element property value successfully

2022-03-24 12:48:17 - [TEST_STEP][PASSED] - verifyElementPropertyValue(order, "GetDataOrderResponse.ListDataOrder[0].Kondisi", o_kondisi, CONTINUE_ON_FAILURE): Verify element property value successfully

2022-03-24 12:48:17 - [MESSAGE][PASSED] - Verify element property value successfully

2022-03-24 12:48:17 - [TEST_STEP][PASSED] - verifyElementPropertyValue(order, "GetDataOrderResponse.ListDataOrder[0].Accessories1", o_acc1, CONTINUE_ON_FAILURE): Verify element property value successfully

2022-03-24 12:48:17 - [MESSAGE][PASSED] - Verify element property value successfully

2022-03-24 12:48:17 - [TEST_STEP][PASSED] - verifyElementPropertyValue(order, "GetDataOrderResponse.ListDataOrder[0].Accessories2", o_acc2, CONTINUE_ON_FAILURE): Verify element property value successfully

2022-03-24 12:48:17 - [MESSAGE][PASSED] - Verify element property value successfully

2022-03-24 12:48:17 - [TEST_STEP][PASSED] - verifyElementPropertyValue(order, "GetDataOrderResponse.ListDataOrder[0].Accessories3", o_acc3, CONTINUE_ON_FAILURE): Verify element property value successfully

2022-03-24 12:48:17 - [MESSAGE][PASSED] - Verify element property value successfully

2022-03-24 12:48:17 - [TEST_STEP][PASSED] - verifyElementPropertyValue(order, "GetDataOrderResponse.ListDataOrder[0].Accessories4", o_acc4, CONTINUE_ON_FAILURE): Verify element property value successfully

2022-03-24 12:48:17 - [MESSAGE][PASSED] - Verify element property value successfully

2022-03-24 12:48:17 - [TEST_STEP][PASSED] - verifyElementPropertyValue(order, "GetDataOrderResponse.ListDataOrder[0].Accessories5", o_acc5, CONTINUE_ON_FAILURE): Verify element property value successfully

2022-03-24 12:48:17 - [MESSAGE][PASSED] - Verify element property value successfully

2022-03-24 12:48:17 - [TEST_STEP][PASSED] - verifyElementPropertyValue(order, "GetDataOrderResponse.ListDataOrder[0].HargaAccessories1", o_harga_acc1, CONTINUE_ON_FAILURE): Verify element property value successfully

2022-03-24 12:48:17 - [MESSAGE][PASSED] - Verify element property value successfully

2022-03-24 12:48:17 - [TEST_STEP][PASSED] - verifyElementPropertyValue(order, "GetDataOrderResponse.ListDataOrder[0].HargaAccessories2", o_harga_acc2, CONTINUE_ON_FAILURE): Verify element property value successfully

2022-03-24 12:48:17 - [MESSAGE][PASSED] - Verify element property value successfully

2022-03-24 12:48:17 - [TEST_STEP][PASSED] - verifyElementPropertyValue(order, "GetDataOrderResponse.ListDataOrder[0].HargaAccessories3", o_harga_acc3, CONTINUE_ON_FAILURE): Verify element property value successfully

2022-03-24 12:48:17 - [MESSAGE][PASSED] - Verify element property value successfully

2022-03-24 12:48:17 - [TEST_STEP][PASSED] - verifyElementPropertyValue(order, "GetDataOrderResponse.ListDataOrder[0].HargaAccessories4", o_harga_acc4, CONTINUE_ON_FAILURE): Verify element property value successfully

2022-03-24 12:48:17 - [MESSAGE][PASSED] - Verify element property value successfully

2022-03-24 12:48:17 - [TEST_STEP][PASSED] - verifyElementPropertyValue(order, "GetDataOrderResponse.ListDataOrder[0].HargaAccessories5", o_harga_acc5, CONTINUE_ON_FAILURE): Verify element property value successfully

2022-03-24 12:48:17 - [MESSAGE][PASSED] - Verify element property value successfully

2022-03-24 12:48:17 - [TEST_STEP][PASSED] - verifyElementPropertyValue(order, "GetDataOrderResponse.ListDataOrder[0].OverKredit", o_overkredit, CONTINUE_ON_FAILURE): Verify element property value successfully

2022-03-24 12:48:17 - [MESSAGE][PASSED] - Verify element property value successfully

2022-03-24 12:48:17 - [TEST_STEP][PASSED] - verifyElementPropertyValue(order, "GetDataOrderResponse.ListDataOrder[0].Restructure", o_restructure, CONTINUE_ON_FAILURE): Verify element property value successfully

2022-03-24 12:48:17 - [MESSAGE][PASSED] - Verify element property value successfully

2022-03-24 12:48:17 - [TEST_STEP][PASSED] - verifyElementPropertyValue(order, "GetDataOrderResponse.ListDataOrder[0].NoPolisLama", o_nopol_lama, CONTINUE_ON_FAILURE): Verify element property value successfully

2022-03-24 12:48:17 - [MESSAGE][PASSED] - Verify element property value successfully

2022-03-24 12:48:17 - [TEST_STEP][PASSED] - verifyElementPropertyValue(order, "GetDataOrderResponse.ListDataOrder[0].MailAddress", o_mail_addr, CONTINUE_ON_FAILURE): Verify element property value successfully

2022-03-24 12:48:17 - [MESSAGE][PASSED] - Verify element property value successfully

2022-03-24 12:48:17 - [TEST_STEP][PASSED] - verifyElementPropertyValue(order, "GetDataOrderResponse.ListDataOrder[0].KabKodya", o_kab_kodya, CONTINUE_ON_FAILURE): Verify element property value successfully

2022-03-24 12:48:17 - [MESSAGE][PASSED] - Verify element property value successfully

2022-03-24 12:48:17 - [TEST_STEP][FAILED] - verifyElementPropertyValue(order, "GetDataOrderResponse.ListDataOrder[0].PostalCode", o_postal_code, CONTINUE_ON_FAILURE): Expected element property value '15114' is not equal with actual property value '12610'

2022-03-24 12:48:17 - [MESSAGE][FAILED] - Expected element property value '15114' is not equal with actual property value '12610'

2022-03-24 12:48:17 - [TEST_STEP][PASSED] - verifyElementPropertyValue(order, "GetDataOrderResponse.ListDataOrder[0].PaketMobil", o_packet, CONTINUE_ON_FAILURE): Verify element property value successfully

2022-03-24 12:48:17 - [MESSAGE][PASSED] - Verify element property value successfully

2022-03-24 12:48:17 - [TEST_STEP][PASSED] - verifyElementPropertyValue(order, "GetDataOrderResponse.ListDataOrder[0].CustType", o_cust_type, CONTINUE_ON_FAILURE): Verify element property value successfully

2022-03-24 12:48:18 - [MESSAGE][PASSED] - Verify element property value successfully

2022-03-24 12:48:18 - [TEST_STEP][FAILED] - verifyElementPropertyValue(order, "GetDataOrderResponse.ListDataOrder[0].IdentityNo", o_nik, CONTINUE_ON_FAILURE): Expected element property value 'SCRAMBLE' is not equal with actual property value '09.5307.120661.7004'

2022-03-24 12:48:18 - [MESSAGE][FAILED] - Expected element property value 'SCRAMBLE' is not equal with actual property value '09.5307.120661.7004'

2022-03-24 12:48:18 - [TEST_STEP][PASSED] - verifyElementPropertyValue(order, "GetDataOrderResponse.ListDataOrder[0].BirthPlace", o_birth_place, CONTINUE_ON_FAILURE): Verify element property value successfully

2022-03-24 12:48:18 - [MESSAGE][PASSED] - Verify element property value successfully

2022-03-24 12:48:18 - [TEST_STEP][FAILED] - verifyElementPropertyValue(order, "GetDataOrderResponse.ListDataOrder[0].BirthDate", o_birth_date, CONTINUE_ON_FAILURE): Expected element property value '20220212' is not equal with actual property value '19610612'

2022-03-24 12:48:18 - [MESSAGE][FAILED] - Expected element property value '20220212' is not equal with actual property value '19610612'

2022-03-24 12:48:18 - [TEST_STEP][FAILED] - verifyElementPropertyValue(order, "GetDataOrderResponse.ListDataOrder[0].Occupation", o_occp, CONTINUE_ON_FAILURE): Expected element property value 'Karyawan' is not equal with actual property value 'Wiraswasta'

2022-03-24 12:48:18 - [MESSAGE][FAILED] - Expected element property value 'Karyawan' is not equal with actual property value 'Wiraswasta'

2022-03-24 12:48:18 - [TEST_STEP][PASSED] - verifyElementPropertyValue(order, "GetDataOrderResponse.ListDataOrder[0].AlamatKTP", o_ktp_addr, CONTINUE_ON_FAILURE): Verify element property value successfully

2022-03-24 12:48:18 - [MESSAGE][PASSED] - Verify element property value successfully

2022-03-24 12:48:18 - [TEST_STEP][PASSED] - verifyElementPropertyValue(order, "GetDataOrderResponse.ListDataOrder[0].KelurahanKTP", o_ktp_kel, CONTINUE_ON_FAILURE): Verify element property value successfully

2022-03-24 12:48:18 - [MESSAGE][PASSED] - Verify element property value successfully

2022-03-24 12:48:18 - [TEST_STEP][PASSED] - verifyElementPropertyValue(order, "GetDataOrderResponse.ListDataOrder[0].KecamatanKTP", o_ktp_kec, CONTINUE_ON_FAILURE): Verify element property value successfully

2022-03-24 12:48:18 - [MESSAGE][PASSED] - Verify element property value successfully

2022-03-24 12:48:18 - [TEST_STEP][PASSED] - verifyElementPropertyValue(order, "GetDataOrderResponse.ListDataOrder[0].KabKodyaKTP", o_ktp_kabkodya, CONTINUE_ON_FAILURE): Verify element property value successfully

2022-03-24 12:48:18 - [MESSAGE][PASSED] - Verify element property value successfully

2022-03-24 12:48:18 - [TEST_STEP][PASSED] - verifyElementPropertyValue(order, "GetDataOrderResponse.ListDataOrder[0].ProvinsiKTP", o_ktp_prov, CONTINUE_ON_FAILURE): Verify element property value successfully

2022-03-24 12:48:18 - [MESSAGE][PASSED] - Verify element property value successfully

2022-03-24 12:48:18 - [TEST_STEP][FAILED] - verifyElementPropertyValue(order, "GetDataOrderResponse.ListDataOrder[0].PostalCodeKTP", o_ktp_postal_code, CONTINUE_ON_FAILURE): Expected element property value '15114' is not equal with actual property value '12610'

2022-03-24 12:48:18 - [MESSAGE][FAILED] - Expected element property value '15114' is not equal with actual property value '12610'

2022-03-24 12:48:18 - [TEST_STEP][FAILED] - verifyElementPropertyValue(order, "GetDataOrderResponse.ListDataOrder[0].DealerName", o_ktp_dealer_name, CONTINUE_ON_FAILURE): Expected element property value 'F Mobil' is not equal with actual property value '21 Auto Cars'

2022-03-24 12:48:18 - [MESSAGE][FAILED] - Expected element property value 'F Mobil' is not equal with actual property value '21 Auto Cars'

2022-03-24 12:48:18 - [TEST_STEP][FAILED] - switch (tenor): null

2022-03-24 12:48:18 - [TEST_STEP][FAILED] - case "4":: null

2022-03-24 12:48:18 - [TEST_STEP][PASSED] - order2 = sendRequest(findTestObject("3. Get-data-order", ["s_key":global_token, "c_id":c_id, "order_date":order_date, "page":page, "rows":rows])): Send request successfully

2022-03-24 12:48:18 - [MESSAGE][INFO] - HAR: I:\app-testing\app-project\Order car insurance\order-car-insurance\Reports\20220324_124757\Get data order\20220324_124758\requests\main\5.har

2022-03-24 12:48:18 - [MESSAGE][PASSED] - Send request successfully

2022-03-24 12:48:18 - [TEST_STEP][PASSED] - get_order2 = order.getResponseText(): null

2022-03-24 12:48:18 - [TEST_STEP][FAILED] - verifyElementPropertyValue(order, "GetDataOrderResponse.ListDataOrder[0].InsuranceData[0].KondisiPertanggungan", o_kond_pertanggungan_0, CONTINUE_ON_FAILURE): Expected element property value ' ' is not equal with actual property value ''

2022-03-24 12:48:18 - [MESSAGE][FAILED] - Expected element property value ' ' is not equal with actual property value ''

2022-03-24 12:48:18 - [TEST_STEP][PASSED] - verifyElementPropertyValue(order, "GetDataOrderResponse.ListDataOrder[0].InsuranceData[0].TJH", o_tjh_header_0, CONTINUE_ON_FAILURE): Verify element property value successfully

2022-03-24 12:48:18 - [MESSAGE][PASSED] - Verify element property value successfully

2022-03-24 12:48:18 - [TEST_STEP][FAILED] - verifyElementPropertyValue(order, "GetDataOrderResponse.ListDataOrder[0].InsuranceData[0].InsuredValue", o_ins_val_0, CONTINUE_ON_FAILURE): Expected element property value '135000000.00' is not equal with actual property value '360000000.00'

2022-03-24 12:48:18 - [MESSAGE][FAILED] - Expected element property value '135000000.00' is not equal with actual property value '360000000.00'

2022-03-24 12:48:18 - [TEST_STEP][PASSED] - verifyElementPropertyValue(order, "GetDataOrderResponse.ListDataOrder[0].InsuranceData[0].InsuredFrom", o_ins_form_0, CONTINUE_ON_FAILURE): Verify element property value successfully

2022-03-24 12:48:19 - [MESSAGE][PASSED] - Verify element property value successfully

2022-03-24 12:48:19 - [TEST_STEP][PASSED] - verifyElementPropertyValue(order, "GetDataOrderResponse.ListDataOrder[0].InsuranceData[0].InsuredTo", o_ins_to_0, CONTINUE_ON_FAILURE): Verify element property value successfully

2022-03-24 12:48:19 - [MESSAGE][PASSED] - Verify element property value successfully

2022-03-24 12:48:19 - [TEST_STEP][FAILED] - verifyElementPropertyValue(order, "GetDataOrderResponse.ListDataOrder[0].InsuranceData[0].Rate", o_rate_0, CONTINUE_ON_FAILURE): Expected element property value '0.3212' is not equal with actual property value '1.5184'

2022-03-24 12:48:19 - [MESSAGE][FAILED] - Expected element property value '0.3212' is not equal with actual property value '1.5184'

2022-03-24 12:48:19 - [TEST_STEP][FAILED] - verifyElementPropertyValue(order, "GetDataOrderResponse.ListDataOrder[0].InsuranceData[0].GrossPremi", o_gross_premi_0, CONTINUE_ON_FAILURE): Expected element property value '433620.00' is not equal with actual property value '5466240.00'

2022-03-24 12:48:19 - [MESSAGE][FAILED] - Expected element property value '433620.00' is not equal with actual property value '5466240.00'

2022-03-24 12:48:19 - [TEST_STEP][PASSED] - verifyElementPropertyValue(order, "GetDataOrderResponse.ListDataOrder[0].InsuranceData[0].Discount", o_discount_0, CONTINUE_ON_FAILURE): Verify element property value successfully

2022-03-24 12:48:19 - [MESSAGE][PASSED] - Verify element property value successfully

2022-03-24 12:48:19 - [TEST_STEP][PASSED] - verifyElementPropertyValue(order, "GetDataOrderResponse.ListDataOrder[0].InsuranceData[0].Adm", o_adm_0, CONTINUE_ON_FAILURE): Verify element property value successfully

2022-03-24 12:48:19 - [MESSAGE][PASSED] - Verify element property value successfully

2022-03-24 12:48:19 - [TEST_STEP][FAILED] - verifyElementPropertyValue(order, "GetDataOrderResponse.ListDataOrder[0].InsuranceData[0].NetPremi", o_netpremi_0, CONTINUE_ON_FAILURE): Expected element property value '433620.00' is not equal with actual property value '5466240.00'

2022-03-24 12:48:19 - [MESSAGE][FAILED] - Expected element property value '433620.00' is not equal with actual property value '5466240.00'

2022-03-24 12:48:19 - [TEST_STEP][PASSED] - verifyElementPropertyValue(order, "GetDataOrderResponse.ListDataOrder[0].InsuranceData[0].PerluasanJaminan.TJH", o_tjh_val_0, CONTINUE_ON_FAILURE): Verify element property value successfully

2022-03-24 12:48:19 - [MESSAGE][PASSED] - Verify element property value successfully

2022-03-24 12:48:19 - [TEST_STEP][PASSED] - verifyElementPropertyValue(order, "GetDataOrderResponse.ListDataOrder[0].InsuranceData[0].PerluasanJaminan.RSCC", o_rscc_val_0, CONTINUE_ON_FAILURE): Verify element property value successfully

2022-03-24 12:48:19 - [MESSAGE][PASSED] - Verify element property value successfully

2022-03-24 12:48:19 - [TEST_STEP][PASSED] - verifyElementPropertyValue(order, "GetDataOrderResponse.ListDataOrder[0].InsuranceData[0].PerluasanJaminan.Banjir", o_rsmb_val_0, CONTINUE_ON_FAILURE): Verify element property value successfully

2022-03-24 12:48:19 - [MESSAGE][PASSED] - Verify element property value successfully

2022-03-24 12:48:19 - [TEST_STEP][PASSED] - verifyElementPropertyValue(order, "GetDataOrderResponse.ListDataOrder[0].InsuranceData[0].PerluasanJaminan.Accessories", o_acc_val_0, CONTINUE_ON_FAILURE): Verify element property value successfully

2022-03-24 12:48:19 - [MESSAGE][PASSED] - Verify element property value successfully

2022-03-24 12:48:19 - [TEST_STEP][PASSED] - verifyElementPropertyValue(order, "GetDataOrderResponse.ListDataOrder[0].InsuranceData[1].KondisiPertanggungan", o_kond_pertanggungan_1, CONTINUE_ON_FAILURE): Verify element property value successfully

2022-03-24 12:48:19 - [MESSAGE][PASSED] - Verify element property value successfully

2022-03-24 12:48:19 - [TEST_STEP][PASSED] - verifyElementPropertyValue(order, "GetDataOrderResponse.ListDataOrder[0].InsuranceData[1].TJH", o_tjh_header_1, CONTINUE_ON_FAILURE): Verify element property value successfully

2022-03-24 12:48:19 - [MESSAGE][PASSED] - Verify element property value successfully

2022-03-24 12:48:19 - [TEST_STEP][FAILED] - verifyElementPropertyValue(order, "GetDataOrderResponse.ListDataOrder[0].InsuranceData[1].InsuredValue", o_ins_val_1, CONTINUE_ON_FAILURE): Expected element property value '135000000.00' is not equal with actual property value '360000000.00'

2022-03-24 12:48:19 - [MESSAGE][FAILED] - Expected element property value '135000000.00' is not equal with actual property value '360000000.00'

2022-03-24 12:48:19 - [TEST_STEP][PASSED] - verifyElementPropertyValue(order, "GetDataOrderResponse.ListDataOrder[0].InsuranceData[1].InsuredFrom", o_ins_form_1, CONTINUE_ON_FAILURE): Verify element property value successfully

2022-03-24 12:48:19 - [MESSAGE][PASSED] - Verify element property value successfully

2022-03-24 12:48:19 - [TEST_STEP][PASSED] - verifyElementPropertyValue(order, "GetDataOrderResponse.ListDataOrder[0].InsuranceData[1].InsuredTo", o_ins_to_1, CONTINUE_ON_FAILURE): Verify element property value successfully

2022-03-24 12:48:19 - [MESSAGE][PASSED] - Verify element property value successfully

2022-03-24 12:48:19 - [TEST_STEP][FAILED] - verifyElementPropertyValue(order, "GetDataOrderResponse.ListDataOrder[0].InsuranceData[1].Rate", o_rate_1, CONTINUE_ON_FAILURE): Expected element property value '0.3212' is not equal with actual property value '0.2774'

2022-03-24 12:48:19 - [MESSAGE][FAILED] - Expected element property value '0.3212' is not equal with actual property value '0.2774'

2022-03-24 12:48:19 - [TEST_STEP][FAILED] - verifyElementPropertyValue(order, "GetDataOrderResponse.ListDataOrder[0].InsuranceData[1].GrossPremi", o_gross_premi_1, CONTINUE_ON_FAILURE): Expected element property value '433620.00' is not equal with actual property value '998640.00'

2022-03-24 12:48:19 - [MESSAGE][FAILED] - Expected element property value '433620.00' is not equal with actual property value '998640.00'

2022-03-24 12:48:19 - [TEST_STEP][PASSED] - verifyElementPropertyValue(order, "GetDataOrderResponse.ListDataOrder[0].InsuranceData[1].Discount", o_discount_1, CONTINUE_ON_FAILURE): Verify element property value successfully

2022-03-24 12:48:19 - [MESSAGE][PASSED] - Verify element property value successfully

2022-03-24 12:48:19 - [TEST_STEP][PASSED] - verifyElementPropertyValue(order, "GetDataOrderResponse.ListDataOrder[0].InsuranceData[1].Adm", o_adm_1, CONTINUE_ON_FAILURE): Verify element property value successfully

2022-03-24 12:48:19 - [MESSAGE][PASSED] - Verify element property value successfully

2022-03-24 12:48:19 - [TEST_STEP][FAILED] - verifyElementPropertyValue(order, "GetDataOrderResponse.ListDataOrder[0].InsuranceData[1].NetPremi", o_netpremi_1, CONTINUE_ON_FAILURE): Expected element property value '433620.00' is not equal with actual property value '998640.00'

2022-03-24 12:48:19 - [MESSAGE][FAILED] - Expected element property value '433620.00' is not equal with actual property value '998640.00'

2022-03-24 12:48:19 - [TEST_STEP][PASSED] - verifyElementPropertyValue(order, "GetDataOrderResponse.ListDataOrder[0].InsuranceData[1].PerluasanJaminan.TJH", o_tjh_val_1, CONTINUE_ON_FAILURE): Verify element property value successfully

2022-03-24 12:48:19 - [MESSAGE][PASSED] - Verify element property value successfully

2022-03-24 12:48:19 - [TEST_STEP][PASSED] - verifyElementPropertyValue(order, "GetDataOrderResponse.ListDataOrder[0].InsuranceData[1].PerluasanJaminan.RSCC", o_rscc_val_1, CONTINUE_ON_FAILURE): Verify element property value successfully

2022-03-24 12:48:19 - [MESSAGE][PASSED] - Verify element property value successfully

2022-03-24 12:48:19 - [TEST_STEP][PASSED] - verifyElementPropertyValue(order, "GetDataOrderResponse.ListDataOrder[0].InsuranceData[1].PerluasanJaminan.Banjir", o_rsmb_val_1, CONTINUE_ON_FAILURE): Verify element property value successfully

2022-03-24 12:48:19 - [MESSAGE][PASSED] - Verify element property value successfully

2022-03-24 12:48:19 - [TEST_STEP][PASSED] - verifyElementPropertyValue(order, "GetDataOrderResponse.ListDataOrder[0].InsuranceData[1].PerluasanJaminan.Accessories", o_acc_val_1, CONTINUE_ON_FAILURE): Verify element property value successfully

2022-03-24 12:48:19 - [MESSAGE][PASSED] - Verify element property value successfully

2022-03-24 12:48:19 - [TEST_STEP][PASSED] - verifyElementPropertyValue(order, "GetDataOrderResponse.ListDataOrder[0].InsuranceData[2].KondisiPertanggungan", o_kond_pertanggungan_2, CONTINUE_ON_FAILURE): Verify element property value successfully

2022-03-24 12:48:19 - [MESSAGE][PASSED] - Verify element property value successfully

2022-03-24 12:48:19 - [TEST_STEP][PASSED] - verifyElementPropertyValue(order, "GetDataOrderResponse.ListDataOrder[0].InsuranceData[2].TJH", o_tjh_header_2, CONTINUE_ON_FAILURE): Verify element property value successfully

2022-03-24 12:48:19 - [MESSAGE][PASSED] - Verify element property value successfully

2022-03-24 12:48:19 - [TEST_STEP][FAILED] - verifyElementPropertyValue(order, "GetDataOrderResponse.ListDataOrder[0].InsuranceData[2].InsuredValue", o_ins_val_2, CONTINUE_ON_FAILURE): Expected element property value '135000000.00' is not equal with actual property value '360000000.00'

2022-03-24 12:48:19 - [MESSAGE][FAILED] - Expected element property value '135000000.00' is not equal with actual property value '360000000.00'

2022-03-24 12:48:19 - [TEST_STEP][PASSED] - verifyElementPropertyValue(order, "GetDataOrderResponse.ListDataOrder[0].InsuranceData[2].InsuredFrom", o_ins_form_2, CONTINUE_ON_FAILURE): Verify element property value successfully

2022-03-24 12:48:19 - [MESSAGE][PASSED] - Verify element property value successfully

2022-03-24 12:48:19 - [TEST_STEP][PASSED] - verifyElementPropertyValue(order, "GetDataOrderResponse.ListDataOrder[0].InsuranceData[2].InsuredTo", o_ins_to_2, CONTINUE_ON_FAILURE): Verify element property value successfully

2022-03-24 12:48:19 - [MESSAGE][PASSED] - Verify element property value successfully

2022-03-24 12:48:19 - [TEST_STEP][FAILED] - verifyElementPropertyValue(order, "GetDataOrderResponse.ListDataOrder[0].InsuranceData[2].Rate", o_rate_2, CONTINUE_ON_FAILURE): Expected element property value '0.3212' is not equal with actual property value '0.2774'

2022-03-24 12:48:19 - [MESSAGE][FAILED] - Expected element property value '0.3212' is not equal with actual property value '0.2774'

2022-03-24 12:48:19 - [TEST_STEP][FAILED] - verifyElementPropertyValue(order, "GetDataOrderResponse.ListDataOrder[0].InsuranceData[2].GrossPremi", o_gross_premi_2, CONTINUE_ON_FAILURE): Expected element property value '433620.00' is not equal with actual property value '998640.00'

2022-03-24 12:48:19 - [MESSAGE][FAILED] - Expected element property value '433620.00' is not equal with actual property value '998640.00'

2022-03-24 12:48:19 - [TEST_STEP][PASSED] - verifyElementPropertyValue(order, "GetDataOrderResponse.ListDataOrder[0].InsuranceData[2].Discount", o_discount_2, CONTINUE_ON_FAILURE): Verify element property value successfully

2022-03-24 12:48:19 - [MESSAGE][PASSED] - Verify element property value successfully

2022-03-24 12:48:19 - [TEST_STEP][PASSED] - verifyElementPropertyValue(order, "GetDataOrderResponse.ListDataOrder[0].InsuranceData[2].Adm", o_adm_2, CONTINUE_ON_FAILURE): Verify element property value successfully

2022-03-24 12:48:19 - [MESSAGE][PASSED] - Verify element property value successfully

2022-03-24 12:48:19 - [TEST_STEP][FAILED] - verifyElementPropertyValue(order, "GetDataOrderResponse.ListDataOrder[0].InsuranceData[2].NetPremi", o_netpremi_2, CONTINUE_ON_FAILURE): Expected element property value '433620.00' is not equal with actual property value '998640.00'

2022-03-24 12:48:19 - [MESSAGE][FAILED] - Expected element property value '433620.00' is not equal with actual property value '998640.00'

2022-03-24 12:48:19 - [TEST_STEP][PASSED] - verifyElementPropertyValue(order, "GetDataOrderResponse.ListDataOrder[0].InsuranceData[2].PerluasanJaminan.TJH", o_tjh_val_2, CONTINUE_ON_FAILURE): Verify element property value successfully

2022-03-24 12:48:19 - [MESSAGE][PASSED] - Verify element property value successfully

2022-03-24 12:48:19 - [TEST_STEP][PASSED] - verifyElementPropertyValue(order, "GetDataOrderResponse.ListDataOrder[0].InsuranceData[2].PerluasanJaminan.RSCC", o_rscc_val_2, CONTINUE_ON_FAILURE): Verify element property value successfully

2022-03-24 12:48:19 - [MESSAGE][PASSED] - Verify element property value successfully

2022-03-24 12:48:19 - [TEST_STEP][PASSED] - verifyElementPropertyValue(order, "GetDataOrderResponse.ListDataOrder[0].InsuranceData[2].PerluasanJaminan.Banjir", o_rsmb_val_2, CONTINUE_ON_FAILURE): Verify element property value successfully

2022-03-24 12:48:20 - [MESSAGE][PASSED] - Verify element property value successfully

2022-03-24 12:48:20 - [TEST_STEP][PASSED] - verifyElementPropertyValue(order, "GetDataOrderResponse.ListDataOrder[0].InsuranceData[2].PerluasanJaminan.Accessories", o_acc_val_2, CONTINUE_ON_FAILURE): Verify element property value successfully

2022-03-24 12:48:20 - [MESSAGE][PASSED] - Verify element property value successfully

2022-03-24 12:48:20 - [TEST_STEP][FAILED] - verifyElementPropertyValue(order, "GetDataOrderResponse.ListDataOrder[0].InsuranceData[3].KondisiPertanggungan", o_kond_pertanggungan_3, CONTINUE_ON_FAILURE): Unable to verify element property value (Root cause: java.lang.NullPointerException: Cannot get property 'KondisiPertanggungan' on null object
	at Script1.run(Script1.groovy:1)
	at com.kms.katalon.core.webservice.helper.WebServiceCommonHelper.parseAndGetPropertyValueForJson(WebServiceCommonHelper.java:213)
	at com.kms.katalon.core.webservice.keyword.builtin.VerifyElementPropertyValueKeyword$_verifyElementPropertyValue_closure1.doCall(VerifyElementPropertyValueKeyword.groovy:52)
	at com.kms.katalon.core.webservice.keyword.builtin.VerifyElementPropertyValueKeyword$_verifyElementPropertyValue_closure1.call(VerifyElementPropertyValueKeyword.groovy)
	at com.kms.katalon.core.keyword.internal.KeywordMain.runKeyword(KeywordMain.groovy:74)
	at com.kms.katalon.core.webservice.keyword.builtin.VerifyElementPropertyValueKeyword.verifyElementPropertyValue(VerifyElementPropertyValueKeyword.groovy:48)
	at com.kms.katalon.core.webservice.keyword.builtin.VerifyElementPropertyValueKeyword.execute(VerifyElementPropertyValueKeyword.groovy:43)
	at com.kms.katalon.core.keyword.internal.KeywordExecutor.executeKeywordForPlatform(KeywordExecutor.groovy:74)
	at com.kms.katalon.core.webservice.keyword.WSBuiltInKeywords.verifyElementPropertyValue(WSBuiltInKeywords.groovy:175)
	at com.kms.katalon.core.webservice.keyword.WSBuiltInKeywords$verifyElementPropertyValue$0.call(Unknown Source)
	at 1. get token - data order.run(1. get token - data order:546)
	at com.kms.katalon.core.main.ScriptEngine.run(ScriptEngine.java:194)
	at com.kms.katalon.core.main.ScriptEngine.runScriptAsRawText(ScriptEngine.java:119)
	at com.kms.katalon.core.main.TestCaseExecutor.runScript(TestCaseExecutor.java:442)
	at com.kms.katalon.core.main.TestCaseExecutor.doExecute(TestCaseExecutor.java:433)
	at com.kms.katalon.core.main.TestCaseExecutor.processExecutionPhase(TestCaseExecutor.java:412)
	at com.kms.katalon.core.main.TestCaseExecutor.accessMainPhase(TestCaseExecutor.java:404)
	at com.kms.katalon.core.main.TestCaseExecutor.execute(TestCaseExecutor.java:281)
	at com.kms.katalon.core.main.TestSuiteExecutor.accessTestCaseMainPhase(TestSuiteExecutor.java:202)
	at com.kms.katalon.core.main.TestSuiteExecutor.accessTestSuiteMainPhase(TestSuiteExecutor.java:164)
	at com.kms.katalon.core.main.TestSuiteExecutor.execute(TestSuiteExecutor.java:105)
	at com.kms.katalon.core.main.TestCaseMain.startTestSuite(TestCaseMain.java:181)
	at com.kms.katalon.core.main.TestCaseMain$startTestSuite$0.call(Unknown Source)
	at TempTestSuite1648100878643.run(TempTestSuite1648100878643.groovy:36)
)

2022-03-24 12:48:20 - [MESSAGE][FAILED] - Unable to verify element property value (Root cause: java.lang.NullPointerException: Cannot get property 'KondisiPertanggungan' on null object
	at Script1.run(Script1.groovy:1)
	at com.kms.katalon.core.webservice.helper.WebServiceCommonHelper.parseAndGetPropertyValueForJson(WebServiceCommonHelper.java:213)
	at com.kms.katalon.core.webservice.keyword.builtin.VerifyElementPropertyValueKeyword$_verifyElementPropertyValue_closure1.doCall(VerifyElementPropertyValueKeyword.groovy:52)
	at com.kms.katalon.core.webservice.keyword.builtin.VerifyElementPropertyValueKeyword$_verifyElementPropertyValue_closure1.call(VerifyElementPropertyValueKeyword.groovy)
	at com.kms.katalon.core.keyword.internal.KeywordMain.runKeyword(KeywordMain.groovy:74)
	at com.kms.katalon.core.webservice.keyword.builtin.VerifyElementPropertyValueKeyword.verifyElementPropertyValue(VerifyElementPropertyValueKeyword.groovy:48)
	at com.kms.katalon.core.webservice.keyword.builtin.VerifyElementPropertyValueKeyword.execute(VerifyElementPropertyValueKeyword.groovy:43)
	at com.kms.katalon.core.keyword.internal.KeywordExecutor.executeKeywordForPlatform(KeywordExecutor.groovy:74)
	at com.kms.katalon.core.webservice.keyword.WSBuiltInKeywords.verifyElementPropertyValue(WSBuiltInKeywords.groovy:175)
	at com.kms.katalon.core.webservice.keyword.WSBuiltInKeywords$verifyElementPropertyValue$0.call(Unknown Source)
	at 1. get token - data order.run(1. get token - data order:546)
	at com.kms.katalon.core.main.ScriptEngine.run(ScriptEngine.java:194)
	at com.kms.katalon.core.main.ScriptEngine.runScriptAsRawText(ScriptEngine.java:119)
	at com.kms.katalon.core.main.TestCaseExecutor.runScript(TestCaseExecutor.java:442)
	at com.kms.katalon.core.main.TestCaseExecutor.doExecute(TestCaseExecutor.java:433)
	at com.kms.katalon.core.main.TestCaseExecutor.processExecutionPhase(TestCaseExecutor.java:412)
	at com.kms.katalon.core.main.TestCaseExecutor.accessMainPhase(TestCaseExecutor.java:404)
	at com.kms.katalon.core.main.TestCaseExecutor.execute(TestCaseExecutor.java:281)
	at com.kms.katalon.core.main.TestSuiteExecutor.accessTestCaseMainPhase(TestSuiteExecutor.java:202)
	at com.kms.katalon.core.main.TestSuiteExecutor.accessTestSuiteMainPhase(TestSuiteExecutor.java:164)
	at com.kms.katalon.core.main.TestSuiteExecutor.execute(TestSuiteExecutor.java:105)
	at com.kms.katalon.core.main.TestCaseMain.startTestSuite(TestCaseMain.java:181)
	at com.kms.katalon.core.main.TestCaseMain$startTestSuite$0.call(Unknown Source)
	at TempTestSuite1648100878643.run(TempTestSuite1648100878643.groovy:36)
)

2022-03-24 12:48:20 - [TEST_STEP][FAILED] - verifyElementPropertyValue(order, "GetDataOrderResponse.ListDataOrder[0].InsuranceData[3].TJH", o_tjh_header_3, CONTINUE_ON_FAILURE): Unable to verify element property value (Root cause: java.lang.NullPointerException: Cannot get property 'TJH' on null object
	at Script1.run(Script1.groovy:1)
	at com.kms.katalon.core.webservice.helper.WebServiceCommonHelper.parseAndGetPropertyValueForJson(WebServiceCommonHelper.java:213)
	at com.kms.katalon.core.webservice.keyword.builtin.VerifyElementPropertyValueKeyword$_verifyElementPropertyValue_closure1.doCall(VerifyElementPropertyValueKeyword.groovy:52)
	at com.kms.katalon.core.webservice.keyword.builtin.VerifyElementPropertyValueKeyword$_verifyElementPropertyValue_closure1.call(VerifyElementPropertyValueKeyword.groovy)
	at com.kms.katalon.core.keyword.internal.KeywordMain.runKeyword(KeywordMain.groovy:74)
	at com.kms.katalon.core.webservice.keyword.builtin.VerifyElementPropertyValueKeyword.verifyElementPropertyValue(VerifyElementPropertyValueKeyword.groovy:48)
	at com.kms.katalon.core.webservice.keyword.builtin.VerifyElementPropertyValueKeyword.execute(VerifyElementPropertyValueKeyword.groovy:43)
	at com.kms.katalon.core.keyword.internal.KeywordExecutor.executeKeywordForPlatform(KeywordExecutor.groovy:74)
	at com.kms.katalon.core.webservice.keyword.WSBuiltInKeywords.verifyElementPropertyValue(WSBuiltInKeywords.groovy:175)
	at com.kms.katalon.core.webservice.keyword.WSBuiltInKeywords$verifyElementPropertyValue$0.call(Unknown Source)
	at 1. get token - data order.run(1. get token - data order:549)
	at com.kms.katalon.core.main.ScriptEngine.run(ScriptEngine.java:194)
	at com.kms.katalon.core.main.ScriptEngine.runScriptAsRawText(ScriptEngine.java:119)
	at com.kms.katalon.core.main.TestCaseExecutor.runScript(TestCaseExecutor.java:442)
	at com.kms.katalon.core.main.TestCaseExecutor.doExecute(TestCaseExecutor.java:433)
	at com.kms.katalon.core.main.TestCaseExecutor.processExecutionPhase(TestCaseExecutor.java:412)
	at com.kms.katalon.core.main.TestCaseExecutor.accessMainPhase(TestCaseExecutor.java:404)
	at com.kms.katalon.core.main.TestCaseExecutor.execute(TestCaseExecutor.java:281)
	at com.kms.katalon.core.main.TestSuiteExecutor.accessTestCaseMainPhase(TestSuiteExecutor.java:202)
	at com.kms.katalon.core.main.TestSuiteExecutor.accessTestSuiteMainPhase(TestSuiteExecutor.java:164)
	at com.kms.katalon.core.main.TestSuiteExecutor.execute(TestSuiteExecutor.java:105)
	at com.kms.katalon.core.main.TestCaseMain.startTestSuite(TestCaseMain.java:181)
	at com.kms.katalon.core.main.TestCaseMain$startTestSuite$0.call(Unknown Source)
	at TempTestSuite1648100878643.run(TempTestSuite1648100878643.groovy:36)
)

2022-03-24 12:48:20 - [MESSAGE][FAILED] - Unable to verify element property value (Root cause: java.lang.NullPointerException: Cannot get property 'TJH' on null object
	at Script1.run(Script1.groovy:1)
	at com.kms.katalon.core.webservice.helper.WebServiceCommonHelper.parseAndGetPropertyValueForJson(WebServiceCommonHelper.java:213)
	at com.kms.katalon.core.webservice.keyword.builtin.VerifyElementPropertyValueKeyword$_verifyElementPropertyValue_closure1.doCall(VerifyElementPropertyValueKeyword.groovy:52)
	at com.kms.katalon.core.webservice.keyword.builtin.VerifyElementPropertyValueKeyword$_verifyElementPropertyValue_closure1.call(VerifyElementPropertyValueKeyword.groovy)
	at com.kms.katalon.core.keyword.internal.KeywordMain.runKeyword(KeywordMain.groovy:74)
	at com.kms.katalon.core.webservice.keyword.builtin.VerifyElementPropertyValueKeyword.verifyElementPropertyValue(VerifyElementPropertyValueKeyword.groovy:48)
	at com.kms.katalon.core.webservice.keyword.builtin.VerifyElementPropertyValueKeyword.execute(VerifyElementPropertyValueKeyword.groovy:43)
	at com.kms.katalon.core.keyword.internal.KeywordExecutor.executeKeywordForPlatform(KeywordExecutor.groovy:74)
	at com.kms.katalon.core.webservice.keyword.WSBuiltInKeywords.verifyElementPropertyValue(WSBuiltInKeywords.groovy:175)
	at com.kms.katalon.core.webservice.keyword.WSBuiltInKeywords$verifyElementPropertyValue$0.call(Unknown Source)
	at 1. get token - data order.run(1. get token - data order:549)
	at com.kms.katalon.core.main.ScriptEngine.run(ScriptEngine.java:194)
	at com.kms.katalon.core.main.ScriptEngine.runScriptAsRawText(ScriptEngine.java:119)
	at com.kms.katalon.core.main.TestCaseExecutor.runScript(TestCaseExecutor.java:442)
	at com.kms.katalon.core.main.TestCaseExecutor.doExecute(TestCaseExecutor.java:433)
	at com.kms.katalon.core.main.TestCaseExecutor.processExecutionPhase(TestCaseExecutor.java:412)
	at com.kms.katalon.core.main.TestCaseExecutor.accessMainPhase(TestCaseExecutor.java:404)
	at com.kms.katalon.core.main.TestCaseExecutor.execute(TestCaseExecutor.java:281)
	at com.kms.katalon.core.main.TestSuiteExecutor.accessTestCaseMainPhase(TestSuiteExecutor.java:202)
	at com.kms.katalon.core.main.TestSuiteExecutor.accessTestSuiteMainPhase(TestSuiteExecutor.java:164)
	at com.kms.katalon.core.main.TestSuiteExecutor.execute(TestSuiteExecutor.java:105)
	at com.kms.katalon.core.main.TestCaseMain.startTestSuite(TestCaseMain.java:181)
	at com.kms.katalon.core.main.TestCaseMain$startTestSuite$0.call(Unknown Source)
	at TempTestSuite1648100878643.run(TempTestSuite1648100878643.groovy:36)
)

2022-03-24 12:48:20 - [TEST_STEP][FAILED] - verifyElementPropertyValue(order, "GetDataOrderResponse.ListDataOrder[0].InsuranceData[3].InsuredValue", o_ins_val_3, CONTINUE_ON_FAILURE): Unable to verify element property value (Root cause: java.lang.NullPointerException: Cannot get property 'InsuredValue' on null object
	at Script1.run(Script1.groovy:1)
	at com.kms.katalon.core.webservice.helper.WebServiceCommonHelper.parseAndGetPropertyValueForJson(WebServiceCommonHelper.java:213)
	at com.kms.katalon.core.webservice.keyword.builtin.VerifyElementPropertyValueKeyword$_verifyElementPropertyValue_closure1.doCall(VerifyElementPropertyValueKeyword.groovy:52)
	at com.kms.katalon.core.webservice.keyword.builtin.VerifyElementPropertyValueKeyword$_verifyElementPropertyValue_closure1.call(VerifyElementPropertyValueKeyword.groovy)
	at com.kms.katalon.core.keyword.internal.KeywordMain.runKeyword(KeywordMain.groovy:74)
	at com.kms.katalon.core.webservice.keyword.builtin.VerifyElementPropertyValueKeyword.verifyElementPropertyValue(VerifyElementPropertyValueKeyword.groovy:48)
	at com.kms.katalon.core.webservice.keyword.builtin.VerifyElementPropertyValueKeyword.execute(VerifyElementPropertyValueKeyword.groovy:43)
	at com.kms.katalon.core.keyword.internal.KeywordExecutor.executeKeywordForPlatform(KeywordExecutor.groovy:74)
	at com.kms.katalon.core.webservice.keyword.WSBuiltInKeywords.verifyElementPropertyValue(WSBuiltInKeywords.groovy:175)
	at com.kms.katalon.core.webservice.keyword.WSBuiltInKeywords$verifyElementPropertyValue$0.call(Unknown Source)
	at 1. get token - data order.run(1. get token - data order:551)
	at com.kms.katalon.core.main.ScriptEngine.run(ScriptEngine.java:194)
	at com.kms.katalon.core.main.ScriptEngine.runScriptAsRawText(ScriptEngine.java:119)
	at com.kms.katalon.core.main.TestCaseExecutor.runScript(TestCaseExecutor.java:442)
	at com.kms.katalon.core.main.TestCaseExecutor.doExecute(TestCaseExecutor.java:433)
	at com.kms.katalon.core.main.TestCaseExecutor.processExecutionPhase(TestCaseExecutor.java:412)
	at com.kms.katalon.core.main.TestCaseExecutor.accessMainPhase(TestCaseExecutor.java:404)
	at com.kms.katalon.core.main.TestCaseExecutor.execute(TestCaseExecutor.java:281)
	at com.kms.katalon.core.main.TestSuiteExecutor.accessTestCaseMainPhase(TestSuiteExecutor.java:202)
	at com.kms.katalon.core.main.TestSuiteExecutor.accessTestSuiteMainPhase(TestSuiteExecutor.java:164)
	at com.kms.katalon.core.main.TestSuiteExecutor.execute(TestSuiteExecutor.java:105)
	at com.kms.katalon.core.main.TestCaseMain.startTestSuite(TestCaseMain.java:181)
	at com.kms.katalon.core.main.TestCaseMain$startTestSuite$0.call(Unknown Source)
	at TempTestSuite1648100878643.run(TempTestSuite1648100878643.groovy:36)
)

2022-03-24 12:48:20 - [MESSAGE][FAILED] - Unable to verify element property value (Root cause: java.lang.NullPointerException: Cannot get property 'InsuredValue' on null object
	at Script1.run(Script1.groovy:1)
	at com.kms.katalon.core.webservice.helper.WebServiceCommonHelper.parseAndGetPropertyValueForJson(WebServiceCommonHelper.java:213)
	at com.kms.katalon.core.webservice.keyword.builtin.VerifyElementPropertyValueKeyword$_verifyElementPropertyValue_closure1.doCall(VerifyElementPropertyValueKeyword.groovy:52)
	at com.kms.katalon.core.webservice.keyword.builtin.VerifyElementPropertyValueKeyword$_verifyElementPropertyValue_closure1.call(VerifyElementPropertyValueKeyword.groovy)
	at com.kms.katalon.core.keyword.internal.KeywordMain.runKeyword(KeywordMain.groovy:74)
	at com.kms.katalon.core.webservice.keyword.builtin.VerifyElementPropertyValueKeyword.verifyElementPropertyValue(VerifyElementPropertyValueKeyword.groovy:48)
	at com.kms.katalon.core.webservice.keyword.builtin.VerifyElementPropertyValueKeyword.execute(VerifyElementPropertyValueKeyword.groovy:43)
	at com.kms.katalon.core.keyword.internal.KeywordExecutor.executeKeywordForPlatform(KeywordExecutor.groovy:74)
	at com.kms.katalon.core.webservice.keyword.WSBuiltInKeywords.verifyElementPropertyValue(WSBuiltInKeywords.groovy:175)
	at com.kms.katalon.core.webservice.keyword.WSBuiltInKeywords$verifyElementPropertyValue$0.call(Unknown Source)
	at 1. get token - data order.run(1. get token - data order:551)
	at com.kms.katalon.core.main.ScriptEngine.run(ScriptEngine.java:194)
	at com.kms.katalon.core.main.ScriptEngine.runScriptAsRawText(ScriptEngine.java:119)
	at com.kms.katalon.core.main.TestCaseExecutor.runScript(TestCaseExecutor.java:442)
	at com.kms.katalon.core.main.TestCaseExecutor.doExecute(TestCaseExecutor.java:433)
	at com.kms.katalon.core.main.TestCaseExecutor.processExecutionPhase(TestCaseExecutor.java:412)
	at com.kms.katalon.core.main.TestCaseExecutor.accessMainPhase(TestCaseExecutor.java:404)
	at com.kms.katalon.core.main.TestCaseExecutor.execute(TestCaseExecutor.java:281)
	at com.kms.katalon.core.main.TestSuiteExecutor.accessTestCaseMainPhase(TestSuiteExecutor.java:202)
	at com.kms.katalon.core.main.TestSuiteExecutor.accessTestSuiteMainPhase(TestSuiteExecutor.java:164)
	at com.kms.katalon.core.main.TestSuiteExecutor.execute(TestSuiteExecutor.java:105)
	at com.kms.katalon.core.main.TestCaseMain.startTestSuite(TestCaseMain.java:181)
	at com.kms.katalon.core.main.TestCaseMain$startTestSuite$0.call(Unknown Source)
	at TempTestSuite1648100878643.run(TempTestSuite1648100878643.groovy:36)
)

2022-03-24 12:48:20 - [TEST_STEP][FAILED] - verifyElementPropertyValue(order, "GetDataOrderResponse.ListDataOrder[0].InsuranceData[3].InsuredFrom", o_ins_form_3, CONTINUE_ON_FAILURE): Unable to verify element property value (Root cause: java.lang.NullPointerException: Cannot get property 'InsuredFrom' on null object
	at Script1.run(Script1.groovy:1)
	at com.kms.katalon.core.webservice.helper.WebServiceCommonHelper.parseAndGetPropertyValueForJson(WebServiceCommonHelper.java:213)
	at com.kms.katalon.core.webservice.keyword.builtin.VerifyElementPropertyValueKeyword$_verifyElementPropertyValue_closure1.doCall(VerifyElementPropertyValueKeyword.groovy:52)
	at com.kms.katalon.core.webservice.keyword.builtin.VerifyElementPropertyValueKeyword$_verifyElementPropertyValue_closure1.call(VerifyElementPropertyValueKeyword.groovy)
	at com.kms.katalon.core.keyword.internal.KeywordMain.runKeyword(KeywordMain.groovy:74)
	at com.kms.katalon.core.webservice.keyword.builtin.VerifyElementPropertyValueKeyword.verifyElementPropertyValue(VerifyElementPropertyValueKeyword.groovy:48)
	at com.kms.katalon.core.webservice.keyword.builtin.VerifyElementPropertyValueKeyword.execute(VerifyElementPropertyValueKeyword.groovy:43)
	at com.kms.katalon.core.keyword.internal.KeywordExecutor.executeKeywordForPlatform(KeywordExecutor.groovy:74)
	at com.kms.katalon.core.webservice.keyword.WSBuiltInKeywords.verifyElementPropertyValue(WSBuiltInKeywords.groovy:175)
	at com.kms.katalon.core.webservice.keyword.WSBuiltInKeywords$verifyElementPropertyValue$0.call(Unknown Source)
	at 1. get token - data order.run(1. get token - data order:554)
	at com.kms.katalon.core.main.ScriptEngine.run(ScriptEngine.java:194)
	at com.kms.katalon.core.main.ScriptEngine.runScriptAsRawText(ScriptEngine.java:119)
	at com.kms.katalon.core.main.TestCaseExecutor.runScript(TestCaseExecutor.java:442)
	at com.kms.katalon.core.main.TestCaseExecutor.doExecute(TestCaseExecutor.java:433)
	at com.kms.katalon.core.main.TestCaseExecutor.processExecutionPhase(TestCaseExecutor.java:412)
	at com.kms.katalon.core.main.TestCaseExecutor.accessMainPhase(TestCaseExecutor.java:404)
	at com.kms.katalon.core.main.TestCaseExecutor.execute(TestCaseExecutor.java:281)
	at com.kms.katalon.core.main.TestSuiteExecutor.accessTestCaseMainPhase(TestSuiteExecutor.java:202)
	at com.kms.katalon.core.main.TestSuiteExecutor.accessTestSuiteMainPhase(TestSuiteExecutor.java:164)
	at com.kms.katalon.core.main.TestSuiteExecutor.execute(TestSuiteExecutor.java:105)
	at com.kms.katalon.core.main.TestCaseMain.startTestSuite(TestCaseMain.java:181)
	at com.kms.katalon.core.main.TestCaseMain$startTestSuite$0.call(Unknown Source)
	at TempTestSuite1648100878643.run(TempTestSuite1648100878643.groovy:36)
)

2022-03-24 12:48:20 - [MESSAGE][FAILED] - Unable to verify element property value (Root cause: java.lang.NullPointerException: Cannot get property 'InsuredFrom' on null object
	at Script1.run(Script1.groovy:1)
	at com.kms.katalon.core.webservice.helper.WebServiceCommonHelper.parseAndGetPropertyValueForJson(WebServiceCommonHelper.java:213)
	at com.kms.katalon.core.webservice.keyword.builtin.VerifyElementPropertyValueKeyword$_verifyElementPropertyValue_closure1.doCall(VerifyElementPropertyValueKeyword.groovy:52)
	at com.kms.katalon.core.webservice.keyword.builtin.VerifyElementPropertyValueKeyword$_verifyElementPropertyValue_closure1.call(VerifyElementPropertyValueKeyword.groovy)
	at com.kms.katalon.core.keyword.internal.KeywordMain.runKeyword(KeywordMain.groovy:74)
	at com.kms.katalon.core.webservice.keyword.builtin.VerifyElementPropertyValueKeyword.verifyElementPropertyValue(VerifyElementPropertyValueKeyword.groovy:48)
	at com.kms.katalon.core.webservice.keyword.builtin.VerifyElementPropertyValueKeyword.execute(VerifyElementPropertyValueKeyword.groovy:43)
	at com.kms.katalon.core.keyword.internal.KeywordExecutor.executeKeywordForPlatform(KeywordExecutor.groovy:74)
	at com.kms.katalon.core.webservice.keyword.WSBuiltInKeywords.verifyElementPropertyValue(WSBuiltInKeywords.groovy:175)
	at com.kms.katalon.core.webservice.keyword.WSBuiltInKeywords$verifyElementPropertyValue$0.call(Unknown Source)
	at 1. get token - data order.run(1. get token - data order:554)
	at com.kms.katalon.core.main.ScriptEngine.run(ScriptEngine.java:194)
	at com.kms.katalon.core.main.ScriptEngine.runScriptAsRawText(ScriptEngine.java:119)
	at com.kms.katalon.core.main.TestCaseExecutor.runScript(TestCaseExecutor.java:442)
	at com.kms.katalon.core.main.TestCaseExecutor.doExecute(TestCaseExecutor.java:433)
	at com.kms.katalon.core.main.TestCaseExecutor.processExecutionPhase(TestCaseExecutor.java:412)
	at com.kms.katalon.core.main.TestCaseExecutor.accessMainPhase(TestCaseExecutor.java:404)
	at com.kms.katalon.core.main.TestCaseExecutor.execute(TestCaseExecutor.java:281)
	at com.kms.katalon.core.main.TestSuiteExecutor.accessTestCaseMainPhase(TestSuiteExecutor.java:202)
	at com.kms.katalon.core.main.TestSuiteExecutor.accessTestSuiteMainPhase(TestSuiteExecutor.java:164)
	at com.kms.katalon.core.main.TestSuiteExecutor.execute(TestSuiteExecutor.java:105)
	at com.kms.katalon.core.main.TestCaseMain.startTestSuite(TestCaseMain.java:181)
	at com.kms.katalon.core.main.TestCaseMain$startTestSuite$0.call(Unknown Source)
	at TempTestSuite1648100878643.run(TempTestSuite1648100878643.groovy:36)
)

2022-03-24 12:48:20 - [TEST_STEP][FAILED] - verifyElementPropertyValue(order, "GetDataOrderResponse.ListDataOrder[0].InsuranceData[3].InsuredTo", o_ins_to_3, CONTINUE_ON_FAILURE): Unable to verify element property value (Root cause: java.lang.NullPointerException: Cannot get property 'InsuredTo' on null object
	at Script1.run(Script1.groovy:1)
	at com.kms.katalon.core.webservice.helper.WebServiceCommonHelper.parseAndGetPropertyValueForJson(WebServiceCommonHelper.java:213)
	at com.kms.katalon.core.webservice.keyword.builtin.VerifyElementPropertyValueKeyword$_verifyElementPropertyValue_closure1.doCall(VerifyElementPropertyValueKeyword.groovy:52)
	at com.kms.katalon.core.webservice.keyword.builtin.VerifyElementPropertyValueKeyword$_verifyElementPropertyValue_closure1.call(VerifyElementPropertyValueKeyword.groovy)
	at com.kms.katalon.core.keyword.internal.KeywordMain.runKeyword(KeywordMain.groovy:74)
	at com.kms.katalon.core.webservice.keyword.builtin.VerifyElementPropertyValueKeyword.verifyElementPropertyValue(VerifyElementPropertyValueKeyword.groovy:48)
	at com.kms.katalon.core.webservice.keyword.builtin.VerifyElementPropertyValueKeyword.execute(VerifyElementPropertyValueKeyword.groovy:43)
	at com.kms.katalon.core.keyword.internal.KeywordExecutor.executeKeywordForPlatform(KeywordExecutor.groovy:74)
	at com.kms.katalon.core.webservice.keyword.WSBuiltInKeywords.verifyElementPropertyValue(WSBuiltInKeywords.groovy:175)
	at com.kms.katalon.core.webservice.keyword.WSBuiltInKeywords$verifyElementPropertyValue$0.call(Unknown Source)
	at 1. get token - data order.run(1. get token - data order:557)
	at com.kms.katalon.core.main.ScriptEngine.run(ScriptEngine.java:194)
	at com.kms.katalon.core.main.ScriptEngine.runScriptAsRawText(ScriptEngine.java:119)
	at com.kms.katalon.core.main.TestCaseExecutor.runScript(TestCaseExecutor.java:442)
	at com.kms.katalon.core.main.TestCaseExecutor.doExecute(TestCaseExecutor.java:433)
	at com.kms.katalon.core.main.TestCaseExecutor.processExecutionPhase(TestCaseExecutor.java:412)
	at com.kms.katalon.core.main.TestCaseExecutor.accessMainPhase(TestCaseExecutor.java:404)
	at com.kms.katalon.core.main.TestCaseExecutor.execute(TestCaseExecutor.java:281)
	at com.kms.katalon.core.main.TestSuiteExecutor.accessTestCaseMainPhase(TestSuiteExecutor.java:202)
	at com.kms.katalon.core.main.TestSuiteExecutor.accessTestSuiteMainPhase(TestSuiteExecutor.java:164)
	at com.kms.katalon.core.main.TestSuiteExecutor.execute(TestSuiteExecutor.java:105)
	at com.kms.katalon.core.main.TestCaseMain.startTestSuite(TestCaseMain.java:181)
	at com.kms.katalon.core.main.TestCaseMain$startTestSuite$0.call(Unknown Source)
	at TempTestSuite1648100878643.run(TempTestSuite1648100878643.groovy:36)
)

2022-03-24 12:48:20 - [MESSAGE][FAILED] - Unable to verify element property value (Root cause: java.lang.NullPointerException: Cannot get property 'InsuredTo' on null object
	at Script1.run(Script1.groovy:1)
	at com.kms.katalon.core.webservice.helper.WebServiceCommonHelper.parseAndGetPropertyValueForJson(WebServiceCommonHelper.java:213)
	at com.kms.katalon.core.webservice.keyword.builtin.VerifyElementPropertyValueKeyword$_verifyElementPropertyValue_closure1.doCall(VerifyElementPropertyValueKeyword.groovy:52)
	at com.kms.katalon.core.webservice.keyword.builtin.VerifyElementPropertyValueKeyword$_verifyElementPropertyValue_closure1.call(VerifyElementPropertyValueKeyword.groovy)
	at com.kms.katalon.core.keyword.internal.KeywordMain.runKeyword(KeywordMain.groovy:74)
	at com.kms.katalon.core.webservice.keyword.builtin.VerifyElementPropertyValueKeyword.verifyElementPropertyValue(VerifyElementPropertyValueKeyword.groovy:48)
	at com.kms.katalon.core.webservice.keyword.builtin.VerifyElementPropertyValueKeyword.execute(VerifyElementPropertyValueKeyword.groovy:43)
	at com.kms.katalon.core.keyword.internal.KeywordExecutor.executeKeywordForPlatform(KeywordExecutor.groovy:74)
	at com.kms.katalon.core.webservice.keyword.WSBuiltInKeywords.verifyElementPropertyValue(WSBuiltInKeywords.groovy:175)
	at com.kms.katalon.core.webservice.keyword.WSBuiltInKeywords$verifyElementPropertyValue$0.call(Unknown Source)
	at 1. get token - data order.run(1. get token - data order:557)
	at com.kms.katalon.core.main.ScriptEngine.run(ScriptEngine.java:194)
	at com.kms.katalon.core.main.ScriptEngine.runScriptAsRawText(ScriptEngine.java:119)
	at com.kms.katalon.core.main.TestCaseExecutor.runScript(TestCaseExecutor.java:442)
	at com.kms.katalon.core.main.TestCaseExecutor.doExecute(TestCaseExecutor.java:433)
	at com.kms.katalon.core.main.TestCaseExecutor.processExecutionPhase(TestCaseExecutor.java:412)
	at com.kms.katalon.core.main.TestCaseExecutor.accessMainPhase(TestCaseExecutor.java:404)
	at com.kms.katalon.core.main.TestCaseExecutor.execute(TestCaseExecutor.java:281)
	at com.kms.katalon.core.main.TestSuiteExecutor.accessTestCaseMainPhase(TestSuiteExecutor.java:202)
	at com.kms.katalon.core.main.TestSuiteExecutor.accessTestSuiteMainPhase(TestSuiteExecutor.java:164)
	at com.kms.katalon.core.main.TestSuiteExecutor.execute(TestSuiteExecutor.java:105)
	at com.kms.katalon.core.main.TestCaseMain.startTestSuite(TestCaseMain.java:181)
	at com.kms.katalon.core.main.TestCaseMain$startTestSuite$0.call(Unknown Source)
	at TempTestSuite1648100878643.run(TempTestSuite1648100878643.groovy:36)
)

2022-03-24 12:48:20 - [TEST_STEP][FAILED] - verifyElementPropertyValue(order, "GetDataOrderResponse.ListDataOrder[0].InsuranceData[3].Rate", o_rate_3, CONTINUE_ON_FAILURE): Unable to verify element property value (Root cause: java.lang.NullPointerException: Cannot get property 'Rate' on null object
	at Script1.run(Script1.groovy:1)
	at com.kms.katalon.core.webservice.helper.WebServiceCommonHelper.parseAndGetPropertyValueForJson(WebServiceCommonHelper.java:213)
	at com.kms.katalon.core.webservice.keyword.builtin.VerifyElementPropertyValueKeyword$_verifyElementPropertyValue_closure1.doCall(VerifyElementPropertyValueKeyword.groovy:52)
	at com.kms.katalon.core.webservice.keyword.builtin.VerifyElementPropertyValueKeyword$_verifyElementPropertyValue_closure1.call(VerifyElementPropertyValueKeyword.groovy)
	at com.kms.katalon.core.keyword.internal.KeywordMain.runKeyword(KeywordMain.groovy:74)
	at com.kms.katalon.core.webservice.keyword.builtin.VerifyElementPropertyValueKeyword.verifyElementPropertyValue(VerifyElementPropertyValueKeyword.groovy:48)
	at com.kms.katalon.core.webservice.keyword.builtin.VerifyElementPropertyValueKeyword.execute(VerifyElementPropertyValueKeyword.groovy:43)
	at com.kms.katalon.core.keyword.internal.KeywordExecutor.executeKeywordForPlatform(KeywordExecutor.groovy:74)
	at com.kms.katalon.core.webservice.keyword.WSBuiltInKeywords.verifyElementPropertyValue(WSBuiltInKeywords.groovy:175)
	at com.kms.katalon.core.webservice.keyword.WSBuiltInKeywords$verifyElementPropertyValue$0.call(Unknown Source)
	at 1. get token - data order.run(1. get token - data order:560)
	at com.kms.katalon.core.main.ScriptEngine.run(ScriptEngine.java:194)
	at com.kms.katalon.core.main.ScriptEngine.runScriptAsRawText(ScriptEngine.java:119)
	at com.kms.katalon.core.main.TestCaseExecutor.runScript(TestCaseExecutor.java:442)
	at com.kms.katalon.core.main.TestCaseExecutor.doExecute(TestCaseExecutor.java:433)
	at com.kms.katalon.core.main.TestCaseExecutor.processExecutionPhase(TestCaseExecutor.java:412)
	at com.kms.katalon.core.main.TestCaseExecutor.accessMainPhase(TestCaseExecutor.java:404)
	at com.kms.katalon.core.main.TestCaseExecutor.execute(TestCaseExecutor.java:281)
	at com.kms.katalon.core.main.TestSuiteExecutor.accessTestCaseMainPhase(TestSuiteExecutor.java:202)
	at com.kms.katalon.core.main.TestSuiteExecutor.accessTestSuiteMainPhase(TestSuiteExecutor.java:164)
	at com.kms.katalon.core.main.TestSuiteExecutor.execute(TestSuiteExecutor.java:105)
	at com.kms.katalon.core.main.TestCaseMain.startTestSuite(TestCaseMain.java:181)
	at com.kms.katalon.core.main.TestCaseMain$startTestSuite$0.call(Unknown Source)
	at TempTestSuite1648100878643.run(TempTestSuite1648100878643.groovy:36)
)

2022-03-24 12:48:20 - [MESSAGE][FAILED] - Unable to verify element property value (Root cause: java.lang.NullPointerException: Cannot get property 'Rate' on null object
	at Script1.run(Script1.groovy:1)
	at com.kms.katalon.core.webservice.helper.WebServiceCommonHelper.parseAndGetPropertyValueForJson(WebServiceCommonHelper.java:213)
	at com.kms.katalon.core.webservice.keyword.builtin.VerifyElementPropertyValueKeyword$_verifyElementPropertyValue_closure1.doCall(VerifyElementPropertyValueKeyword.groovy:52)
	at com.kms.katalon.core.webservice.keyword.builtin.VerifyElementPropertyValueKeyword$_verifyElementPropertyValue_closure1.call(VerifyElementPropertyValueKeyword.groovy)
	at com.kms.katalon.core.keyword.internal.KeywordMain.runKeyword(KeywordMain.groovy:74)
	at com.kms.katalon.core.webservice.keyword.builtin.VerifyElementPropertyValueKeyword.verifyElementPropertyValue(VerifyElementPropertyValueKeyword.groovy:48)
	at com.kms.katalon.core.webservice.keyword.builtin.VerifyElementPropertyValueKeyword.execute(VerifyElementPropertyValueKeyword.groovy:43)
	at com.kms.katalon.core.keyword.internal.KeywordExecutor.executeKeywordForPlatform(KeywordExecutor.groovy:74)
	at com.kms.katalon.core.webservice.keyword.WSBuiltInKeywords.verifyElementPropertyValue(WSBuiltInKeywords.groovy:175)
	at com.kms.katalon.core.webservice.keyword.WSBuiltInKeywords$verifyElementPropertyValue$0.call(Unknown Source)
	at 1. get token - data order.run(1. get token - data order:560)
	at com.kms.katalon.core.main.ScriptEngine.run(ScriptEngine.java:194)
	at com.kms.katalon.core.main.ScriptEngine.runScriptAsRawText(ScriptEngine.java:119)
	at com.kms.katalon.core.main.TestCaseExecutor.runScript(TestCaseExecutor.java:442)
	at com.kms.katalon.core.main.TestCaseExecutor.doExecute(TestCaseExecutor.java:433)
	at com.kms.katalon.core.main.TestCaseExecutor.processExecutionPhase(TestCaseExecutor.java:412)
	at com.kms.katalon.core.main.TestCaseExecutor.accessMainPhase(TestCaseExecutor.java:404)
	at com.kms.katalon.core.main.TestCaseExecutor.execute(TestCaseExecutor.java:281)
	at com.kms.katalon.core.main.TestSuiteExecutor.accessTestCaseMainPhase(TestSuiteExecutor.java:202)
	at com.kms.katalon.core.main.TestSuiteExecutor.accessTestSuiteMainPhase(TestSuiteExecutor.java:164)
	at com.kms.katalon.core.main.TestSuiteExecutor.execute(TestSuiteExecutor.java:105)
	at com.kms.katalon.core.main.TestCaseMain.startTestSuite(TestCaseMain.java:181)
	at com.kms.katalon.core.main.TestCaseMain$startTestSuite$0.call(Unknown Source)
	at TempTestSuite1648100878643.run(TempTestSuite1648100878643.groovy:36)
)

2022-03-24 12:48:20 - [TEST_STEP][FAILED] - verifyElementPropertyValue(order, "GetDataOrderResponse.ListDataOrder[0].InsuranceData[3].GrossPremi", o_gross_premi_3, CONTINUE_ON_FAILURE): Unable to verify element property value (Root cause: java.lang.NullPointerException: Cannot get property 'GrossPremi' on null object
	at Script1.run(Script1.groovy:1)
	at com.kms.katalon.core.webservice.helper.WebServiceCommonHelper.parseAndGetPropertyValueForJson(WebServiceCommonHelper.java:213)
	at com.kms.katalon.core.webservice.keyword.builtin.VerifyElementPropertyValueKeyword$_verifyElementPropertyValue_closure1.doCall(VerifyElementPropertyValueKeyword.groovy:52)
	at com.kms.katalon.core.webservice.keyword.builtin.VerifyElementPropertyValueKeyword$_verifyElementPropertyValue_closure1.call(VerifyElementPropertyValueKeyword.groovy)
	at com.kms.katalon.core.keyword.internal.KeywordMain.runKeyword(KeywordMain.groovy:74)
	at com.kms.katalon.core.webservice.keyword.builtin.VerifyElementPropertyValueKeyword.verifyElementPropertyValue(VerifyElementPropertyValueKeyword.groovy:48)
	at com.kms.katalon.core.webservice.keyword.builtin.VerifyElementPropertyValueKeyword.execute(VerifyElementPropertyValueKeyword.groovy:43)
	at com.kms.katalon.core.keyword.internal.KeywordExecutor.executeKeywordForPlatform(KeywordExecutor.groovy:74)
	at com.kms.katalon.core.webservice.keyword.WSBuiltInKeywords.verifyElementPropertyValue(WSBuiltInKeywords.groovy:175)
	at com.kms.katalon.core.webservice.keyword.WSBuiltInKeywords$verifyElementPropertyValue$0.call(Unknown Source)
	at 1. get token - data order.run(1. get token - data order:562)
	at com.kms.katalon.core.main.ScriptEngine.run(ScriptEngine.java:194)
	at com.kms.katalon.core.main.ScriptEngine.runScriptAsRawText(ScriptEngine.java:119)
	at com.kms.katalon.core.main.TestCaseExecutor.runScript(TestCaseExecutor.java:442)
	at com.kms.katalon.core.main.TestCaseExecutor.doExecute(TestCaseExecutor.java:433)
	at com.kms.katalon.core.main.TestCaseExecutor.processExecutionPhase(TestCaseExecutor.java:412)
	at com.kms.katalon.core.main.TestCaseExecutor.accessMainPhase(TestCaseExecutor.java:404)
	at com.kms.katalon.core.main.TestCaseExecutor.execute(TestCaseExecutor.java:281)
	at com.kms.katalon.core.main.TestSuiteExecutor.accessTestCaseMainPhase(TestSuiteExecutor.java:202)
	at com.kms.katalon.core.main.TestSuiteExecutor.accessTestSuiteMainPhase(TestSuiteExecutor.java:164)
	at com.kms.katalon.core.main.TestSuiteExecutor.execute(TestSuiteExecutor.java:105)
	at com.kms.katalon.core.main.TestCaseMain.startTestSuite(TestCaseMain.java:181)
	at com.kms.katalon.core.main.TestCaseMain$startTestSuite$0.call(Unknown Source)
	at TempTestSuite1648100878643.run(TempTestSuite1648100878643.groovy:36)
)

2022-03-24 12:48:20 - [MESSAGE][FAILED] - Unable to verify element property value (Root cause: java.lang.NullPointerException: Cannot get property 'GrossPremi' on null object
	at Script1.run(Script1.groovy:1)
	at com.kms.katalon.core.webservice.helper.WebServiceCommonHelper.parseAndGetPropertyValueForJson(WebServiceCommonHelper.java:213)
	at com.kms.katalon.core.webservice.keyword.builtin.VerifyElementPropertyValueKeyword$_verifyElementPropertyValue_closure1.doCall(VerifyElementPropertyValueKeyword.groovy:52)
	at com.kms.katalon.core.webservice.keyword.builtin.VerifyElementPropertyValueKeyword$_verifyElementPropertyValue_closure1.call(VerifyElementPropertyValueKeyword.groovy)
	at com.kms.katalon.core.keyword.internal.KeywordMain.runKeyword(KeywordMain.groovy:74)
	at com.kms.katalon.core.webservice.keyword.builtin.VerifyElementPropertyValueKeyword.verifyElementPropertyValue(VerifyElementPropertyValueKeyword.groovy:48)
	at com.kms.katalon.core.webservice.keyword.builtin.VerifyElementPropertyValueKeyword.execute(VerifyElementPropertyValueKeyword.groovy:43)
	at com.kms.katalon.core.keyword.internal.KeywordExecutor.executeKeywordForPlatform(KeywordExecutor.groovy:74)
	at com.kms.katalon.core.webservice.keyword.WSBuiltInKeywords.verifyElementPropertyValue(WSBuiltInKeywords.groovy:175)
	at com.kms.katalon.core.webservice.keyword.WSBuiltInKeywords$verifyElementPropertyValue$0.call(Unknown Source)
	at 1. get token - data order.run(1. get token - data order:562)
	at com.kms.katalon.core.main.ScriptEngine.run(ScriptEngine.java:194)
	at com.kms.katalon.core.main.ScriptEngine.runScriptAsRawText(ScriptEngine.java:119)
	at com.kms.katalon.core.main.TestCaseExecutor.runScript(TestCaseExecutor.java:442)
	at com.kms.katalon.core.main.TestCaseExecutor.doExecute(TestCaseExecutor.java:433)
	at com.kms.katalon.core.main.TestCaseExecutor.processExecutionPhase(TestCaseExecutor.java:412)
	at com.kms.katalon.core.main.TestCaseExecutor.accessMainPhase(TestCaseExecutor.java:404)
	at com.kms.katalon.core.main.TestCaseExecutor.execute(TestCaseExecutor.java:281)
	at com.kms.katalon.core.main.TestSuiteExecutor.accessTestCaseMainPhase(TestSuiteExecutor.java:202)
	at com.kms.katalon.core.main.TestSuiteExecutor.accessTestSuiteMainPhase(TestSuiteExecutor.java:164)
	at com.kms.katalon.core.main.TestSuiteExecutor.execute(TestSuiteExecutor.java:105)
	at com.kms.katalon.core.main.TestCaseMain.startTestSuite(TestCaseMain.java:181)
	at com.kms.katalon.core.main.TestCaseMain$startTestSuite$0.call(Unknown Source)
	at TempTestSuite1648100878643.run(TempTestSuite1648100878643.groovy:36)
)

2022-03-24 12:48:20 - [TEST_STEP][FAILED] - verifyElementPropertyValue(order, "GetDataOrderResponse.ListDataOrder[0].InsuranceData[3].Discount", o_discount_3, CONTINUE_ON_FAILURE): Unable to verify element property value (Root cause: java.lang.NullPointerException: Cannot get property 'Discount' on null object
	at Script1.run(Script1.groovy:1)
	at com.kms.katalon.core.webservice.helper.WebServiceCommonHelper.parseAndGetPropertyValueForJson(WebServiceCommonHelper.java:213)
	at com.kms.katalon.core.webservice.keyword.builtin.VerifyElementPropertyValueKeyword$_verifyElementPropertyValue_closure1.doCall(VerifyElementPropertyValueKeyword.groovy:52)
	at com.kms.katalon.core.webservice.keyword.builtin.VerifyElementPropertyValueKeyword$_verifyElementPropertyValue_closure1.call(VerifyElementPropertyValueKeyword.groovy)
	at com.kms.katalon.core.keyword.internal.KeywordMain.runKeyword(KeywordMain.groovy:74)
	at com.kms.katalon.core.webservice.keyword.builtin.VerifyElementPropertyValueKeyword.verifyElementPropertyValue(VerifyElementPropertyValueKeyword.groovy:48)
	at com.kms.katalon.core.webservice.keyword.builtin.VerifyElementPropertyValueKeyword.execute(VerifyElementPropertyValueKeyword.groovy:43)
	at com.kms.katalon.core.keyword.internal.KeywordExecutor.executeKeywordForPlatform(KeywordExecutor.groovy:74)
	at com.kms.katalon.core.webservice.keyword.WSBuiltInKeywords.verifyElementPropertyValue(WSBuiltInKeywords.groovy:175)
	at com.kms.katalon.core.webservice.keyword.WSBuiltInKeywords$verifyElementPropertyValue$0.call(Unknown Source)
	at 1. get token - data order.run(1. get token - data order:565)
	at com.kms.katalon.core.main.ScriptEngine.run(ScriptEngine.java:194)
	at com.kms.katalon.core.main.ScriptEngine.runScriptAsRawText(ScriptEngine.java:119)
	at com.kms.katalon.core.main.TestCaseExecutor.runScript(TestCaseExecutor.java:442)
	at com.kms.katalon.core.main.TestCaseExecutor.doExecute(TestCaseExecutor.java:433)
	at com.kms.katalon.core.main.TestCaseExecutor.processExecutionPhase(TestCaseExecutor.java:412)
	at com.kms.katalon.core.main.TestCaseExecutor.accessMainPhase(TestCaseExecutor.java:404)
	at com.kms.katalon.core.main.TestCaseExecutor.execute(TestCaseExecutor.java:281)
	at com.kms.katalon.core.main.TestSuiteExecutor.accessTestCaseMainPhase(TestSuiteExecutor.java:202)
	at com.kms.katalon.core.main.TestSuiteExecutor.accessTestSuiteMainPhase(TestSuiteExecutor.java:164)
	at com.kms.katalon.core.main.TestSuiteExecutor.execute(TestSuiteExecutor.java:105)
	at com.kms.katalon.core.main.TestCaseMain.startTestSuite(TestCaseMain.java:181)
	at com.kms.katalon.core.main.TestCaseMain$startTestSuite$0.call(Unknown Source)
	at TempTestSuite1648100878643.run(TempTestSuite1648100878643.groovy:36)
)

2022-03-24 12:48:20 - [MESSAGE][FAILED] - Unable to verify element property value (Root cause: java.lang.NullPointerException: Cannot get property 'Discount' on null object
	at Script1.run(Script1.groovy:1)
	at com.kms.katalon.core.webservice.helper.WebServiceCommonHelper.parseAndGetPropertyValueForJson(WebServiceCommonHelper.java:213)
	at com.kms.katalon.core.webservice.keyword.builtin.VerifyElementPropertyValueKeyword$_verifyElementPropertyValue_closure1.doCall(VerifyElementPropertyValueKeyword.groovy:52)
	at com.kms.katalon.core.webservice.keyword.builtin.VerifyElementPropertyValueKeyword$_verifyElementPropertyValue_closure1.call(VerifyElementPropertyValueKeyword.groovy)
	at com.kms.katalon.core.keyword.internal.KeywordMain.runKeyword(KeywordMain.groovy:74)
	at com.kms.katalon.core.webservice.keyword.builtin.VerifyElementPropertyValueKeyword.verifyElementPropertyValue(VerifyElementPropertyValueKeyword.groovy:48)
	at com.kms.katalon.core.webservice.keyword.builtin.VerifyElementPropertyValueKeyword.execute(VerifyElementPropertyValueKeyword.groovy:43)
	at com.kms.katalon.core.keyword.internal.KeywordExecutor.executeKeywordForPlatform(KeywordExecutor.groovy:74)
	at com.kms.katalon.core.webservice.keyword.WSBuiltInKeywords.verifyElementPropertyValue(WSBuiltInKeywords.groovy:175)
	at com.kms.katalon.core.webservice.keyword.WSBuiltInKeywords$verifyElementPropertyValue$0.call(Unknown Source)
	at 1. get token - data order.run(1. get token - data order:565)
	at com.kms.katalon.core.main.ScriptEngine.run(ScriptEngine.java:194)
	at com.kms.katalon.core.main.ScriptEngine.runScriptAsRawText(ScriptEngine.java:119)
	at com.kms.katalon.core.main.TestCaseExecutor.runScript(TestCaseExecutor.java:442)
	at com.kms.katalon.core.main.TestCaseExecutor.doExecute(TestCaseExecutor.java:433)
	at com.kms.katalon.core.main.TestCaseExecutor.processExecutionPhase(TestCaseExecutor.java:412)
	at com.kms.katalon.core.main.TestCaseExecutor.accessMainPhase(TestCaseExecutor.java:404)
	at com.kms.katalon.core.main.TestCaseExecutor.execute(TestCaseExecutor.java:281)
	at com.kms.katalon.core.main.TestSuiteExecutor.accessTestCaseMainPhase(TestSuiteExecutor.java:202)
	at com.kms.katalon.core.main.TestSuiteExecutor.accessTestSuiteMainPhase(TestSuiteExecutor.java:164)
	at com.kms.katalon.core.main.TestSuiteExecutor.execute(TestSuiteExecutor.java:105)
	at com.kms.katalon.core.main.TestCaseMain.startTestSuite(TestCaseMain.java:181)
	at com.kms.katalon.core.main.TestCaseMain$startTestSuite$0.call(Unknown Source)
	at TempTestSuite1648100878643.run(TempTestSuite1648100878643.groovy:36)
)

2022-03-24 12:48:20 - [TEST_STEP][FAILED] - verifyElementPropertyValue(order, "GetDataOrderResponse.ListDataOrder[0].InsuranceData[3].Adm", o_adm_3, CONTINUE_ON_FAILURE): Unable to verify element property value (Root cause: java.lang.NullPointerException: Cannot get property 'Adm' on null object
	at Script1.run(Script1.groovy:1)
	at com.kms.katalon.core.webservice.helper.WebServiceCommonHelper.parseAndGetPropertyValueForJson(WebServiceCommonHelper.java:213)
	at com.kms.katalon.core.webservice.keyword.builtin.VerifyElementPropertyValueKeyword$_verifyElementPropertyValue_closure1.doCall(VerifyElementPropertyValueKeyword.groovy:52)
	at com.kms.katalon.core.webservice.keyword.builtin.VerifyElementPropertyValueKeyword$_verifyElementPropertyValue_closure1.call(VerifyElementPropertyValueKeyword.groovy)
	at com.kms.katalon.core.keyword.internal.KeywordMain.runKeyword(KeywordMain.groovy:74)
	at com.kms.katalon.core.webservice.keyword.builtin.VerifyElementPropertyValueKeyword.verifyElementPropertyValue(VerifyElementPropertyValueKeyword.groovy:48)
	at com.kms.katalon.core.webservice.keyword.builtin.VerifyElementPropertyValueKeyword.execute(VerifyElementPropertyValueKeyword.groovy:43)
	at com.kms.katalon.core.keyword.internal.KeywordExecutor.executeKeywordForPlatform(KeywordExecutor.groovy:74)
	at com.kms.katalon.core.webservice.keyword.WSBuiltInKeywords.verifyElementPropertyValue(WSBuiltInKeywords.groovy:175)
	at com.kms.katalon.core.webservice.keyword.WSBuiltInKeywords$verifyElementPropertyValue$0.call(Unknown Source)
	at 1. get token - data order.run(1. get token - data order:568)
	at com.kms.katalon.core.main.ScriptEngine.run(ScriptEngine.java:194)
	at com.kms.katalon.core.main.ScriptEngine.runScriptAsRawText(ScriptEngine.java:119)
	at com.kms.katalon.core.main.TestCaseExecutor.runScript(TestCaseExecutor.java:442)
	at com.kms.katalon.core.main.TestCaseExecutor.doExecute(TestCaseExecutor.java:433)
	at com.kms.katalon.core.main.TestCaseExecutor.processExecutionPhase(TestCaseExecutor.java:412)
	at com.kms.katalon.core.main.TestCaseExecutor.accessMainPhase(TestCaseExecutor.java:404)
	at com.kms.katalon.core.main.TestCaseExecutor.execute(TestCaseExecutor.java:281)
	at com.kms.katalon.core.main.TestSuiteExecutor.accessTestCaseMainPhase(TestSuiteExecutor.java:202)
	at com.kms.katalon.core.main.TestSuiteExecutor.accessTestSuiteMainPhase(TestSuiteExecutor.java:164)
	at com.kms.katalon.core.main.TestSuiteExecutor.execute(TestSuiteExecutor.java:105)
	at com.kms.katalon.core.main.TestCaseMain.startTestSuite(TestCaseMain.java:181)
	at com.kms.katalon.core.main.TestCaseMain$startTestSuite$0.call(Unknown Source)
	at TempTestSuite1648100878643.run(TempTestSuite1648100878643.groovy:36)
)

2022-03-24 12:48:20 - [MESSAGE][FAILED] - Unable to verify element property value (Root cause: java.lang.NullPointerException: Cannot get property 'Adm' on null object
	at Script1.run(Script1.groovy:1)
	at com.kms.katalon.core.webservice.helper.WebServiceCommonHelper.parseAndGetPropertyValueForJson(WebServiceCommonHelper.java:213)
	at com.kms.katalon.core.webservice.keyword.builtin.VerifyElementPropertyValueKeyword$_verifyElementPropertyValue_closure1.doCall(VerifyElementPropertyValueKeyword.groovy:52)
	at com.kms.katalon.core.webservice.keyword.builtin.VerifyElementPropertyValueKeyword$_verifyElementPropertyValue_closure1.call(VerifyElementPropertyValueKeyword.groovy)
	at com.kms.katalon.core.keyword.internal.KeywordMain.runKeyword(KeywordMain.groovy:74)
	at com.kms.katalon.core.webservice.keyword.builtin.VerifyElementPropertyValueKeyword.verifyElementPropertyValue(VerifyElementPropertyValueKeyword.groovy:48)
	at com.kms.katalon.core.webservice.keyword.builtin.VerifyElementPropertyValueKeyword.execute(VerifyElementPropertyValueKeyword.groovy:43)
	at com.kms.katalon.core.keyword.internal.KeywordExecutor.executeKeywordForPlatform(KeywordExecutor.groovy:74)
	at com.kms.katalon.core.webservice.keyword.WSBuiltInKeywords.verifyElementPropertyValue(WSBuiltInKeywords.groovy:175)
	at com.kms.katalon.core.webservice.keyword.WSBuiltInKeywords$verifyElementPropertyValue$0.call(Unknown Source)
	at 1. get token - data order.run(1. get token - data order:568)
	at com.kms.katalon.core.main.ScriptEngine.run(ScriptEngine.java:194)
	at com.kms.katalon.core.main.ScriptEngine.runScriptAsRawText(ScriptEngine.java:119)
	at com.kms.katalon.core.main.TestCaseExecutor.runScript(TestCaseExecutor.java:442)
	at com.kms.katalon.core.main.TestCaseExecutor.doExecute(TestCaseExecutor.java:433)
	at com.kms.katalon.core.main.TestCaseExecutor.processExecutionPhase(TestCaseExecutor.java:412)
	at com.kms.katalon.core.main.TestCaseExecutor.accessMainPhase(TestCaseExecutor.java:404)
	at com.kms.katalon.core.main.TestCaseExecutor.execute(TestCaseExecutor.java:281)
	at com.kms.katalon.core.main.TestSuiteExecutor.accessTestCaseMainPhase(TestSuiteExecutor.java:202)
	at com.kms.katalon.core.main.TestSuiteExecutor.accessTestSuiteMainPhase(TestSuiteExecutor.java:164)
	at com.kms.katalon.core.main.TestSuiteExecutor.execute(TestSuiteExecutor.java:105)
	at com.kms.katalon.core.main.TestCaseMain.startTestSuite(TestCaseMain.java:181)
	at com.kms.katalon.core.main.TestCaseMain$startTestSuite$0.call(Unknown Source)
	at TempTestSuite1648100878643.run(TempTestSuite1648100878643.groovy:36)
)

2022-03-24 12:48:20 - [TEST_STEP][FAILED] - verifyElementPropertyValue(order, "GetDataOrderResponse.ListDataOrder[0].InsuranceData[3].NetPremi", o_netpremi_3, CONTINUE_ON_FAILURE): Unable to verify element property value (Root cause: java.lang.NullPointerException: Cannot get property 'NetPremi' on null object
	at Script1.run(Script1.groovy:1)
	at com.kms.katalon.core.webservice.helper.WebServiceCommonHelper.parseAndGetPropertyValueForJson(WebServiceCommonHelper.java:213)
	at com.kms.katalon.core.webservice.keyword.builtin.VerifyElementPropertyValueKeyword$_verifyElementPropertyValue_closure1.doCall(VerifyElementPropertyValueKeyword.groovy:52)
	at com.kms.katalon.core.webservice.keyword.builtin.VerifyElementPropertyValueKeyword$_verifyElementPropertyValue_closure1.call(VerifyElementPropertyValueKeyword.groovy)
	at com.kms.katalon.core.keyword.internal.KeywordMain.runKeyword(KeywordMain.groovy:74)
	at com.kms.katalon.core.webservice.keyword.builtin.VerifyElementPropertyValueKeyword.verifyElementPropertyValue(VerifyElementPropertyValueKeyword.groovy:48)
	at com.kms.katalon.core.webservice.keyword.builtin.VerifyElementPropertyValueKeyword.execute(VerifyElementPropertyValueKeyword.groovy:43)
	at com.kms.katalon.core.keyword.internal.KeywordExecutor.executeKeywordForPlatform(KeywordExecutor.groovy:74)
	at com.kms.katalon.core.webservice.keyword.WSBuiltInKeywords.verifyElementPropertyValue(WSBuiltInKeywords.groovy:175)
	at com.kms.katalon.core.webservice.keyword.WSBuiltInKeywords$verifyElementPropertyValue$0.call(Unknown Source)
	at 1. get token - data order.run(1. get token - data order:570)
	at com.kms.katalon.core.main.ScriptEngine.run(ScriptEngine.java:194)
	at com.kms.katalon.core.main.ScriptEngine.runScriptAsRawText(ScriptEngine.java:119)
	at com.kms.katalon.core.main.TestCaseExecutor.runScript(TestCaseExecutor.java:442)
	at com.kms.katalon.core.main.TestCaseExecutor.doExecute(TestCaseExecutor.java:433)
	at com.kms.katalon.core.main.TestCaseExecutor.processExecutionPhase(TestCaseExecutor.java:412)
	at com.kms.katalon.core.main.TestCaseExecutor.accessMainPhase(TestCaseExecutor.java:404)
	at com.kms.katalon.core.main.TestCaseExecutor.execute(TestCaseExecutor.java:281)
	at com.kms.katalon.core.main.TestSuiteExecutor.accessTestCaseMainPhase(TestSuiteExecutor.java:202)
	at com.kms.katalon.core.main.TestSuiteExecutor.accessTestSuiteMainPhase(TestSuiteExecutor.java:164)
	at com.kms.katalon.core.main.TestSuiteExecutor.execute(TestSuiteExecutor.java:105)
	at com.kms.katalon.core.main.TestCaseMain.startTestSuite(TestCaseMain.java:181)
	at com.kms.katalon.core.main.TestCaseMain$startTestSuite$0.call(Unknown Source)
	at TempTestSuite1648100878643.run(TempTestSuite1648100878643.groovy:36)
)

2022-03-24 12:48:20 - [MESSAGE][FAILED] - Unable to verify element property value (Root cause: java.lang.NullPointerException: Cannot get property 'NetPremi' on null object
	at Script1.run(Script1.groovy:1)
	at com.kms.katalon.core.webservice.helper.WebServiceCommonHelper.parseAndGetPropertyValueForJson(WebServiceCommonHelper.java:213)
	at com.kms.katalon.core.webservice.keyword.builtin.VerifyElementPropertyValueKeyword$_verifyElementPropertyValue_closure1.doCall(VerifyElementPropertyValueKeyword.groovy:52)
	at com.kms.katalon.core.webservice.keyword.builtin.VerifyElementPropertyValueKeyword$_verifyElementPropertyValue_closure1.call(VerifyElementPropertyValueKeyword.groovy)
	at com.kms.katalon.core.keyword.internal.KeywordMain.runKeyword(KeywordMain.groovy:74)
	at com.kms.katalon.core.webservice.keyword.builtin.VerifyElementPropertyValueKeyword.verifyElementPropertyValue(VerifyElementPropertyValueKeyword.groovy:48)
	at com.kms.katalon.core.webservice.keyword.builtin.VerifyElementPropertyValueKeyword.execute(VerifyElementPropertyValueKeyword.groovy:43)
	at com.kms.katalon.core.keyword.internal.KeywordExecutor.executeKeywordForPlatform(KeywordExecutor.groovy:74)
	at com.kms.katalon.core.webservice.keyword.WSBuiltInKeywords.verifyElementPropertyValue(WSBuiltInKeywords.groovy:175)
	at com.kms.katalon.core.webservice.keyword.WSBuiltInKeywords$verifyElementPropertyValue$0.call(Unknown Source)
	at 1. get token - data order.run(1. get token - data order:570)
	at com.kms.katalon.core.main.ScriptEngine.run(ScriptEngine.java:194)
	at com.kms.katalon.core.main.ScriptEngine.runScriptAsRawText(ScriptEngine.java:119)
	at com.kms.katalon.core.main.TestCaseExecutor.runScript(TestCaseExecutor.java:442)
	at com.kms.katalon.core.main.TestCaseExecutor.doExecute(TestCaseExecutor.java:433)
	at com.kms.katalon.core.main.TestCaseExecutor.processExecutionPhase(TestCaseExecutor.java:412)
	at com.kms.katalon.core.main.TestCaseExecutor.accessMainPhase(TestCaseExecutor.java:404)
	at com.kms.katalon.core.main.TestCaseExecutor.execute(TestCaseExecutor.java:281)
	at com.kms.katalon.core.main.TestSuiteExecutor.accessTestCaseMainPhase(TestSuiteExecutor.java:202)
	at com.kms.katalon.core.main.TestSuiteExecutor.accessTestSuiteMainPhase(TestSuiteExecutor.java:164)
	at com.kms.katalon.core.main.TestSuiteExecutor.execute(TestSuiteExecutor.java:105)
	at com.kms.katalon.core.main.TestCaseMain.startTestSuite(TestCaseMain.java:181)
	at com.kms.katalon.core.main.TestCaseMain$startTestSuite$0.call(Unknown Source)
	at TempTestSuite1648100878643.run(TempTestSuite1648100878643.groovy:36)
)

2022-03-24 12:48:20 - [TEST_STEP][FAILED] - verifyElementPropertyValue(order, "GetDataOrderResponse.ListDataOrder[0].InsuranceData[3].PerluasanJaminan.TJH", o_tjh_val_3, CONTINUE_ON_FAILURE): Unable to verify element property value (Root cause: java.lang.NullPointerException: Cannot get property 'PerluasanJaminan' on null object
	at Script1.run(Script1.groovy:1)
	at com.kms.katalon.core.webservice.helper.WebServiceCommonHelper.parseAndGetPropertyValueForJson(WebServiceCommonHelper.java:213)
	at com.kms.katalon.core.webservice.keyword.builtin.VerifyElementPropertyValueKeyword$_verifyElementPropertyValue_closure1.doCall(VerifyElementPropertyValueKeyword.groovy:52)
	at com.kms.katalon.core.webservice.keyword.builtin.VerifyElementPropertyValueKeyword$_verifyElementPropertyValue_closure1.call(VerifyElementPropertyValueKeyword.groovy)
	at com.kms.katalon.core.keyword.internal.KeywordMain.runKeyword(KeywordMain.groovy:74)
	at com.kms.katalon.core.webservice.keyword.builtin.VerifyElementPropertyValueKeyword.verifyElementPropertyValue(VerifyElementPropertyValueKeyword.groovy:48)
	at com.kms.katalon.core.webservice.keyword.builtin.VerifyElementPropertyValueKeyword.execute(VerifyElementPropertyValueKeyword.groovy:43)
	at com.kms.katalon.core.keyword.internal.KeywordExecutor.executeKeywordForPlatform(KeywordExecutor.groovy:74)
	at com.kms.katalon.core.webservice.keyword.WSBuiltInKeywords.verifyElementPropertyValue(WSBuiltInKeywords.groovy:175)
	at com.kms.katalon.core.webservice.keyword.WSBuiltInKeywords$verifyElementPropertyValue$0.call(Unknown Source)
	at 1. get token - data order.run(1. get token - data order:573)
	at com.kms.katalon.core.main.ScriptEngine.run(ScriptEngine.java:194)
	at com.kms.katalon.core.main.ScriptEngine.runScriptAsRawText(ScriptEngine.java:119)
	at com.kms.katalon.core.main.TestCaseExecutor.runScript(TestCaseExecutor.java:442)
	at com.kms.katalon.core.main.TestCaseExecutor.doExecute(TestCaseExecutor.java:433)
	at com.kms.katalon.core.main.TestCaseExecutor.processExecutionPhase(TestCaseExecutor.java:412)
	at com.kms.katalon.core.main.TestCaseExecutor.accessMainPhase(TestCaseExecutor.java:404)
	at com.kms.katalon.core.main.TestCaseExecutor.execute(TestCaseExecutor.java:281)
	at com.kms.katalon.core.main.TestSuiteExecutor.accessTestCaseMainPhase(TestSuiteExecutor.java:202)
	at com.kms.katalon.core.main.TestSuiteExecutor.accessTestSuiteMainPhase(TestSuiteExecutor.java:164)
	at com.kms.katalon.core.main.TestSuiteExecutor.execute(TestSuiteExecutor.java:105)
	at com.kms.katalon.core.main.TestCaseMain.startTestSuite(TestCaseMain.java:181)
	at com.kms.katalon.core.main.TestCaseMain$startTestSuite$0.call(Unknown Source)
	at TempTestSuite1648100878643.run(TempTestSuite1648100878643.groovy:36)
)

2022-03-24 12:48:20 - [MESSAGE][FAILED] - Unable to verify element property value (Root cause: java.lang.NullPointerException: Cannot get property 'PerluasanJaminan' on null object
	at Script1.run(Script1.groovy:1)
	at com.kms.katalon.core.webservice.helper.WebServiceCommonHelper.parseAndGetPropertyValueForJson(WebServiceCommonHelper.java:213)
	at com.kms.katalon.core.webservice.keyword.builtin.VerifyElementPropertyValueKeyword$_verifyElementPropertyValue_closure1.doCall(VerifyElementPropertyValueKeyword.groovy:52)
	at com.kms.katalon.core.webservice.keyword.builtin.VerifyElementPropertyValueKeyword$_verifyElementPropertyValue_closure1.call(VerifyElementPropertyValueKeyword.groovy)
	at com.kms.katalon.core.keyword.internal.KeywordMain.runKeyword(KeywordMain.groovy:74)
	at com.kms.katalon.core.webservice.keyword.builtin.VerifyElementPropertyValueKeyword.verifyElementPropertyValue(VerifyElementPropertyValueKeyword.groovy:48)
	at com.kms.katalon.core.webservice.keyword.builtin.VerifyElementPropertyValueKeyword.execute(VerifyElementPropertyValueKeyword.groovy:43)
	at com.kms.katalon.core.keyword.internal.KeywordExecutor.executeKeywordForPlatform(KeywordExecutor.groovy:74)
	at com.kms.katalon.core.webservice.keyword.WSBuiltInKeywords.verifyElementPropertyValue(WSBuiltInKeywords.groovy:175)
	at com.kms.katalon.core.webservice.keyword.WSBuiltInKeywords$verifyElementPropertyValue$0.call(Unknown Source)
	at 1. get token - data order.run(1. get token - data order:573)
	at com.kms.katalon.core.main.ScriptEngine.run(ScriptEngine.java:194)
	at com.kms.katalon.core.main.ScriptEngine.runScriptAsRawText(ScriptEngine.java:119)
	at com.kms.katalon.core.main.TestCaseExecutor.runScript(TestCaseExecutor.java:442)
	at com.kms.katalon.core.main.TestCaseExecutor.doExecute(TestCaseExecutor.java:433)
	at com.kms.katalon.core.main.TestCaseExecutor.processExecutionPhase(TestCaseExecutor.java:412)
	at com.kms.katalon.core.main.TestCaseExecutor.accessMainPhase(TestCaseExecutor.java:404)
	at com.kms.katalon.core.main.TestCaseExecutor.execute(TestCaseExecutor.java:281)
	at com.kms.katalon.core.main.TestSuiteExecutor.accessTestCaseMainPhase(TestSuiteExecutor.java:202)
	at com.kms.katalon.core.main.TestSuiteExecutor.accessTestSuiteMainPhase(TestSuiteExecutor.java:164)
	at com.kms.katalon.core.main.TestSuiteExecutor.execute(TestSuiteExecutor.java:105)
	at com.kms.katalon.core.main.TestCaseMain.startTestSuite(TestCaseMain.java:181)
	at com.kms.katalon.core.main.TestCaseMain$startTestSuite$0.call(Unknown Source)
	at TempTestSuite1648100878643.run(TempTestSuite1648100878643.groovy:36)
)

2022-03-24 12:48:20 - [TEST_STEP][FAILED] - verifyElementPropertyValue(order, "GetDataOrderResponse.ListDataOrder[0].InsuranceData[3].PerluasanJaminan.RSCC", o_rscc_val_3, CONTINUE_ON_FAILURE): Unable to verify element property value (Root cause: java.lang.NullPointerException: Cannot get property 'PerluasanJaminan' on null object
	at Script1.run(Script1.groovy:1)
	at com.kms.katalon.core.webservice.helper.WebServiceCommonHelper.parseAndGetPropertyValueForJson(WebServiceCommonHelper.java:213)
	at com.kms.katalon.core.webservice.keyword.builtin.VerifyElementPropertyValueKeyword$_verifyElementPropertyValue_closure1.doCall(VerifyElementPropertyValueKeyword.groovy:52)
	at com.kms.katalon.core.webservice.keyword.builtin.VerifyElementPropertyValueKeyword$_verifyElementPropertyValue_closure1.call(VerifyElementPropertyValueKeyword.groovy)
	at com.kms.katalon.core.keyword.internal.KeywordMain.runKeyword(KeywordMain.groovy:74)
	at com.kms.katalon.core.webservice.keyword.builtin.VerifyElementPropertyValueKeyword.verifyElementPropertyValue(VerifyElementPropertyValueKeyword.groovy:48)
	at com.kms.katalon.core.webservice.keyword.builtin.VerifyElementPropertyValueKeyword.execute(VerifyElementPropertyValueKeyword.groovy:43)
	at com.kms.katalon.core.keyword.internal.KeywordExecutor.executeKeywordForPlatform(KeywordExecutor.groovy:74)
	at com.kms.katalon.core.webservice.keyword.WSBuiltInKeywords.verifyElementPropertyValue(WSBuiltInKeywords.groovy:175)
	at com.kms.katalon.core.webservice.keyword.WSBuiltInKeywords$verifyElementPropertyValue$0.call(Unknown Source)
	at 1. get token - data order.run(1. get token - data order:576)
	at com.kms.katalon.core.main.ScriptEngine.run(ScriptEngine.java:194)
	at com.kms.katalon.core.main.ScriptEngine.runScriptAsRawText(ScriptEngine.java:119)
	at com.kms.katalon.core.main.TestCaseExecutor.runScript(TestCaseExecutor.java:442)
	at com.kms.katalon.core.main.TestCaseExecutor.doExecute(TestCaseExecutor.java:433)
	at com.kms.katalon.core.main.TestCaseExecutor.processExecutionPhase(TestCaseExecutor.java:412)
	at com.kms.katalon.core.main.TestCaseExecutor.accessMainPhase(TestCaseExecutor.java:404)
	at com.kms.katalon.core.main.TestCaseExecutor.execute(TestCaseExecutor.java:281)
	at com.kms.katalon.core.main.TestSuiteExecutor.accessTestCaseMainPhase(TestSuiteExecutor.java:202)
	at com.kms.katalon.core.main.TestSuiteExecutor.accessTestSuiteMainPhase(TestSuiteExecutor.java:164)
	at com.kms.katalon.core.main.TestSuiteExecutor.execute(TestSuiteExecutor.java:105)
	at com.kms.katalon.core.main.TestCaseMain.startTestSuite(TestCaseMain.java:181)
	at com.kms.katalon.core.main.TestCaseMain$startTestSuite$0.call(Unknown Source)
	at TempTestSuite1648100878643.run(TempTestSuite1648100878643.groovy:36)
)

2022-03-24 12:48:20 - [MESSAGE][FAILED] - Unable to verify element property value (Root cause: java.lang.NullPointerException: Cannot get property 'PerluasanJaminan' on null object
	at Script1.run(Script1.groovy:1)
	at com.kms.katalon.core.webservice.helper.WebServiceCommonHelper.parseAndGetPropertyValueForJson(WebServiceCommonHelper.java:213)
	at com.kms.katalon.core.webservice.keyword.builtin.VerifyElementPropertyValueKeyword$_verifyElementPropertyValue_closure1.doCall(VerifyElementPropertyValueKeyword.groovy:52)
	at com.kms.katalon.core.webservice.keyword.builtin.VerifyElementPropertyValueKeyword$_verifyElementPropertyValue_closure1.call(VerifyElementPropertyValueKeyword.groovy)
	at com.kms.katalon.core.keyword.internal.KeywordMain.runKeyword(KeywordMain.groovy:74)
	at com.kms.katalon.core.webservice.keyword.builtin.VerifyElementPropertyValueKeyword.verifyElementPropertyValue(VerifyElementPropertyValueKeyword.groovy:48)
	at com.kms.katalon.core.webservice.keyword.builtin.VerifyElementPropertyValueKeyword.execute(VerifyElementPropertyValueKeyword.groovy:43)
	at com.kms.katalon.core.keyword.internal.KeywordExecutor.executeKeywordForPlatform(KeywordExecutor.groovy:74)
	at com.kms.katalon.core.webservice.keyword.WSBuiltInKeywords.verifyElementPropertyValue(WSBuiltInKeywords.groovy:175)
	at com.kms.katalon.core.webservice.keyword.WSBuiltInKeywords$verifyElementPropertyValue$0.call(Unknown Source)
	at 1. get token - data order.run(1. get token - data order:576)
	at com.kms.katalon.core.main.ScriptEngine.run(ScriptEngine.java:194)
	at com.kms.katalon.core.main.ScriptEngine.runScriptAsRawText(ScriptEngine.java:119)
	at com.kms.katalon.core.main.TestCaseExecutor.runScript(TestCaseExecutor.java:442)
	at com.kms.katalon.core.main.TestCaseExecutor.doExecute(TestCaseExecutor.java:433)
	at com.kms.katalon.core.main.TestCaseExecutor.processExecutionPhase(TestCaseExecutor.java:412)
	at com.kms.katalon.core.main.TestCaseExecutor.accessMainPhase(TestCaseExecutor.java:404)
	at com.kms.katalon.core.main.TestCaseExecutor.execute(TestCaseExecutor.java:281)
	at com.kms.katalon.core.main.TestSuiteExecutor.accessTestCaseMainPhase(TestSuiteExecutor.java:202)
	at com.kms.katalon.core.main.TestSuiteExecutor.accessTestSuiteMainPhase(TestSuiteExecutor.java:164)
	at com.kms.katalon.core.main.TestSuiteExecutor.execute(TestSuiteExecutor.java:105)
	at com.kms.katalon.core.main.TestCaseMain.startTestSuite(TestCaseMain.java:181)
	at com.kms.katalon.core.main.TestCaseMain$startTestSuite$0.call(Unknown Source)
	at TempTestSuite1648100878643.run(TempTestSuite1648100878643.groovy:36)
)

2022-03-24 12:48:20 - [TEST_STEP][FAILED] - verifyElementPropertyValue(order, "GetDataOrderResponse.ListDataOrder[0].InsuranceData[3].PerluasanJaminan.Banjir", o_rsmb_val_3, CONTINUE_ON_FAILURE): Unable to verify element property value (Root cause: java.lang.NullPointerException: Cannot get property 'PerluasanJaminan' on null object
	at Script1.run(Script1.groovy:1)
	at com.kms.katalon.core.webservice.helper.WebServiceCommonHelper.parseAndGetPropertyValueForJson(WebServiceCommonHelper.java:213)
	at com.kms.katalon.core.webservice.keyword.builtin.VerifyElementPropertyValueKeyword$_verifyElementPropertyValue_closure1.doCall(VerifyElementPropertyValueKeyword.groovy:52)
	at com.kms.katalon.core.webservice.keyword.builtin.VerifyElementPropertyValueKeyword$_verifyElementPropertyValue_closure1.call(VerifyElementPropertyValueKeyword.groovy)
	at com.kms.katalon.core.keyword.internal.KeywordMain.runKeyword(KeywordMain.groovy:74)
	at com.kms.katalon.core.webservice.keyword.builtin.VerifyElementPropertyValueKeyword.verifyElementPropertyValue(VerifyElementPropertyValueKeyword.groovy:48)
	at com.kms.katalon.core.webservice.keyword.builtin.VerifyElementPropertyValueKeyword.execute(VerifyElementPropertyValueKeyword.groovy:43)
	at com.kms.katalon.core.keyword.internal.KeywordExecutor.executeKeywordForPlatform(KeywordExecutor.groovy:74)
	at com.kms.katalon.core.webservice.keyword.WSBuiltInKeywords.verifyElementPropertyValue(WSBuiltInKeywords.groovy:175)
	at com.kms.katalon.core.webservice.keyword.WSBuiltInKeywords$verifyElementPropertyValue$0.call(Unknown Source)
	at 1. get token - data order.run(1. get token - data order:579)
	at com.kms.katalon.core.main.ScriptEngine.run(ScriptEngine.java:194)
	at com.kms.katalon.core.main.ScriptEngine.runScriptAsRawText(ScriptEngine.java:119)
	at com.kms.katalon.core.main.TestCaseExecutor.runScript(TestCaseExecutor.java:442)
	at com.kms.katalon.core.main.TestCaseExecutor.doExecute(TestCaseExecutor.java:433)
	at com.kms.katalon.core.main.TestCaseExecutor.processExecutionPhase(TestCaseExecutor.java:412)
	at com.kms.katalon.core.main.TestCaseExecutor.accessMainPhase(TestCaseExecutor.java:404)
	at com.kms.katalon.core.main.TestCaseExecutor.execute(TestCaseExecutor.java:281)
	at com.kms.katalon.core.main.TestSuiteExecutor.accessTestCaseMainPhase(TestSuiteExecutor.java:202)
	at com.kms.katalon.core.main.TestSuiteExecutor.accessTestSuiteMainPhase(TestSuiteExecutor.java:164)
	at com.kms.katalon.core.main.TestSuiteExecutor.execute(TestSuiteExecutor.java:105)
	at com.kms.katalon.core.main.TestCaseMain.startTestSuite(TestCaseMain.java:181)
	at com.kms.katalon.core.main.TestCaseMain$startTestSuite$0.call(Unknown Source)
	at TempTestSuite1648100878643.run(TempTestSuite1648100878643.groovy:36)
)

2022-03-24 12:48:20 - [MESSAGE][FAILED] - Unable to verify element property value (Root cause: java.lang.NullPointerException: Cannot get property 'PerluasanJaminan' on null object
	at Script1.run(Script1.groovy:1)
	at com.kms.katalon.core.webservice.helper.WebServiceCommonHelper.parseAndGetPropertyValueForJson(WebServiceCommonHelper.java:213)
	at com.kms.katalon.core.webservice.keyword.builtin.VerifyElementPropertyValueKeyword$_verifyElementPropertyValue_closure1.doCall(VerifyElementPropertyValueKeyword.groovy:52)
	at com.kms.katalon.core.webservice.keyword.builtin.VerifyElementPropertyValueKeyword$_verifyElementPropertyValue_closure1.call(VerifyElementPropertyValueKeyword.groovy)
	at com.kms.katalon.core.keyword.internal.KeywordMain.runKeyword(KeywordMain.groovy:74)
	at com.kms.katalon.core.webservice.keyword.builtin.VerifyElementPropertyValueKeyword.verifyElementPropertyValue(VerifyElementPropertyValueKeyword.groovy:48)
	at com.kms.katalon.core.webservice.keyword.builtin.VerifyElementPropertyValueKeyword.execute(VerifyElementPropertyValueKeyword.groovy:43)
	at com.kms.katalon.core.keyword.internal.KeywordExecutor.executeKeywordForPlatform(KeywordExecutor.groovy:74)
	at com.kms.katalon.core.webservice.keyword.WSBuiltInKeywords.verifyElementPropertyValue(WSBuiltInKeywords.groovy:175)
	at com.kms.katalon.core.webservice.keyword.WSBuiltInKeywords$verifyElementPropertyValue$0.call(Unknown Source)
	at 1. get token - data order.run(1. get token - data order:579)
	at com.kms.katalon.core.main.ScriptEngine.run(ScriptEngine.java:194)
	at com.kms.katalon.core.main.ScriptEngine.runScriptAsRawText(ScriptEngine.java:119)
	at com.kms.katalon.core.main.TestCaseExecutor.runScript(TestCaseExecutor.java:442)
	at com.kms.katalon.core.main.TestCaseExecutor.doExecute(TestCaseExecutor.java:433)
	at com.kms.katalon.core.main.TestCaseExecutor.processExecutionPhase(TestCaseExecutor.java:412)
	at com.kms.katalon.core.main.TestCaseExecutor.accessMainPhase(TestCaseExecutor.java:404)
	at com.kms.katalon.core.main.TestCaseExecutor.execute(TestCaseExecutor.java:281)
	at com.kms.katalon.core.main.TestSuiteExecutor.accessTestCaseMainPhase(TestSuiteExecutor.java:202)
	at com.kms.katalon.core.main.TestSuiteExecutor.accessTestSuiteMainPhase(TestSuiteExecutor.java:164)
	at com.kms.katalon.core.main.TestSuiteExecutor.execute(TestSuiteExecutor.java:105)
	at com.kms.katalon.core.main.TestCaseMain.startTestSuite(TestCaseMain.java:181)
	at com.kms.katalon.core.main.TestCaseMain$startTestSuite$0.call(Unknown Source)
	at TempTestSuite1648100878643.run(TempTestSuite1648100878643.groovy:36)
)

2022-03-24 12:48:20 - [TEST_STEP][FAILED] - verifyElementPropertyValue(order, "GetDataOrderResponse.ListDataOrder[0].InsuranceData[3].PerluasanJaminan.Accessories", o_acc_val_3, CONTINUE_ON_FAILURE): Unable to verify element property value (Root cause: java.lang.NullPointerException: Cannot get property 'PerluasanJaminan' on null object
	at Script1.run(Script1.groovy:1)
	at com.kms.katalon.core.webservice.helper.WebServiceCommonHelper.parseAndGetPropertyValueForJson(WebServiceCommonHelper.java:213)
	at com.kms.katalon.core.webservice.keyword.builtin.VerifyElementPropertyValueKeyword$_verifyElementPropertyValue_closure1.doCall(VerifyElementPropertyValueKeyword.groovy:52)
	at com.kms.katalon.core.webservice.keyword.builtin.VerifyElementPropertyValueKeyword$_verifyElementPropertyValue_closure1.call(VerifyElementPropertyValueKeyword.groovy)
	at com.kms.katalon.core.keyword.internal.KeywordMain.runKeyword(KeywordMain.groovy:74)
	at com.kms.katalon.core.webservice.keyword.builtin.VerifyElementPropertyValueKeyword.verifyElementPropertyValue(VerifyElementPropertyValueKeyword.groovy:48)
	at com.kms.katalon.core.webservice.keyword.builtin.VerifyElementPropertyValueKeyword.execute(VerifyElementPropertyValueKeyword.groovy:43)
	at com.kms.katalon.core.keyword.internal.KeywordExecutor.executeKeywordForPlatform(KeywordExecutor.groovy:74)
	at com.kms.katalon.core.webservice.keyword.WSBuiltInKeywords.verifyElementPropertyValue(WSBuiltInKeywords.groovy:175)
	at com.kms.katalon.core.webservice.keyword.WSBuiltInKeywords$verifyElementPropertyValue$0.call(Unknown Source)
	at 1. get token - data order.run(1. get token - data order:582)
	at com.kms.katalon.core.main.ScriptEngine.run(ScriptEngine.java:194)
	at com.kms.katalon.core.main.ScriptEngine.runScriptAsRawText(ScriptEngine.java:119)
	at com.kms.katalon.core.main.TestCaseExecutor.runScript(TestCaseExecutor.java:442)
	at com.kms.katalon.core.main.TestCaseExecutor.doExecute(TestCaseExecutor.java:433)
	at com.kms.katalon.core.main.TestCaseExecutor.processExecutionPhase(TestCaseExecutor.java:412)
	at com.kms.katalon.core.main.TestCaseExecutor.accessMainPhase(TestCaseExecutor.java:404)
	at com.kms.katalon.core.main.TestCaseExecutor.execute(TestCaseExecutor.java:281)
	at com.kms.katalon.core.main.TestSuiteExecutor.accessTestCaseMainPhase(TestSuiteExecutor.java:202)
	at com.kms.katalon.core.main.TestSuiteExecutor.accessTestSuiteMainPhase(TestSuiteExecutor.java:164)
	at com.kms.katalon.core.main.TestSuiteExecutor.execute(TestSuiteExecutor.java:105)
	at com.kms.katalon.core.main.TestCaseMain.startTestSuite(TestCaseMain.java:181)
	at com.kms.katalon.core.main.TestCaseMain$startTestSuite$0.call(Unknown Source)
	at TempTestSuite1648100878643.run(TempTestSuite1648100878643.groovy:36)
)

2022-03-24 12:48:20 - [MESSAGE][FAILED] - Unable to verify element property value (Root cause: java.lang.NullPointerException: Cannot get property 'PerluasanJaminan' on null object
	at Script1.run(Script1.groovy:1)
	at com.kms.katalon.core.webservice.helper.WebServiceCommonHelper.parseAndGetPropertyValueForJson(WebServiceCommonHelper.java:213)
	at com.kms.katalon.core.webservice.keyword.builtin.VerifyElementPropertyValueKeyword$_verifyElementPropertyValue_closure1.doCall(VerifyElementPropertyValueKeyword.groovy:52)
	at com.kms.katalon.core.webservice.keyword.builtin.VerifyElementPropertyValueKeyword$_verifyElementPropertyValue_closure1.call(VerifyElementPropertyValueKeyword.groovy)
	at com.kms.katalon.core.keyword.internal.KeywordMain.runKeyword(KeywordMain.groovy:74)
	at com.kms.katalon.core.webservice.keyword.builtin.VerifyElementPropertyValueKeyword.verifyElementPropertyValue(VerifyElementPropertyValueKeyword.groovy:48)
	at com.kms.katalon.core.webservice.keyword.builtin.VerifyElementPropertyValueKeyword.execute(VerifyElementPropertyValueKeyword.groovy:43)
	at com.kms.katalon.core.keyword.internal.KeywordExecutor.executeKeywordForPlatform(KeywordExecutor.groovy:74)
	at com.kms.katalon.core.webservice.keyword.WSBuiltInKeywords.verifyElementPropertyValue(WSBuiltInKeywords.groovy:175)
	at com.kms.katalon.core.webservice.keyword.WSBuiltInKeywords$verifyElementPropertyValue$0.call(Unknown Source)
	at 1. get token - data order.run(1. get token - data order:582)
	at com.kms.katalon.core.main.ScriptEngine.run(ScriptEngine.java:194)
	at com.kms.katalon.core.main.ScriptEngine.runScriptAsRawText(ScriptEngine.java:119)
	at com.kms.katalon.core.main.TestCaseExecutor.runScript(TestCaseExecutor.java:442)
	at com.kms.katalon.core.main.TestCaseExecutor.doExecute(TestCaseExecutor.java:433)
	at com.kms.katalon.core.main.TestCaseExecutor.processExecutionPhase(TestCaseExecutor.java:412)
	at com.kms.katalon.core.main.TestCaseExecutor.accessMainPhase(TestCaseExecutor.java:404)
	at com.kms.katalon.core.main.TestCaseExecutor.execute(TestCaseExecutor.java:281)
	at com.kms.katalon.core.main.TestSuiteExecutor.accessTestCaseMainPhase(TestSuiteExecutor.java:202)
	at com.kms.katalon.core.main.TestSuiteExecutor.accessTestSuiteMainPhase(TestSuiteExecutor.java:164)
	at com.kms.katalon.core.main.TestSuiteExecutor.execute(TestSuiteExecutor.java:105)
	at com.kms.katalon.core.main.TestCaseMain.startTestSuite(TestCaseMain.java:181)
	at com.kms.katalon.core.main.TestCaseMain$startTestSuite$0.call(Unknown Source)
	at TempTestSuite1648100878643.run(TempTestSuite1648100878643.groovy:36)
)

2022-03-24 12:48:20 - [TEST_STEP][PASSED] - break: null]]></system-out>
         <system-err><![CDATA[2022-03-24 12:48:15 - [TEST_CASE][FAILED] - Test Cases/1. get token - data order: Test Cases/1. get token - data order FAILED.
Reason:
com.kms.katalon.core.exception.StepFailedException: Expected element property value '1154000995' is not equal with actual property value '1154000993'
	at com.kms.katalon.core.keyword.internal.KeywordMain.stepFailed(KeywordMain.groovy:39)
	at com.kms.katalon.core.webservice.keyword.builtin.VerifyElementPropertyValueKeyword$_verifyElementPropertyValue_closure1.doCall(VerifyElementPropertyValueKeyword.groovy:56)
	at com.kms.katalon.core.webservice.keyword.builtin.VerifyElementPropertyValueKeyword$_verifyElementPropertyValue_closure1.call(VerifyElementPropertyValueKeyword.groovy)
	at com.kms.katalon.core.keyword.internal.KeywordMain.runKeyword(KeywordMain.groovy:74)
	at com.kms.katalon.core.webservice.keyword.builtin.VerifyElementPropertyValueKeyword.verifyElementPropertyValue(VerifyElementPropertyValueKeyword.groovy:48)
	at com.kms.katalon.core.webservice.keyword.builtin.VerifyElementPropertyValueKeyword.execute(VerifyElementPropertyValueKeyword.groovy:43)
	at com.kms.katalon.core.keyword.internal.KeywordExecutor.executeKeywordForPlatform(KeywordExecutor.groovy:74)
	at com.kms.katalon.core.webservice.keyword.WSBuiltInKeywords.verifyElementPropertyValue(WSBuiltInKeywords.groovy:175)
	at com.kms.katalon.core.webservice.keyword.WSBuiltInKeywords$verifyElementPropertyValue$0.call(Unknown Source)
	at 1. get token - data order.run(1. get token - data order:54)
	at com.kms.katalon.core.main.ScriptEngine.run(ScriptEngine.java:194)
	at com.kms.katalon.core.main.ScriptEngine.runScriptAsRawText(ScriptEngine.java:119)
	at com.kms.katalon.core.main.TestCaseExecutor.runScript(TestCaseExecutor.java:442)
	at com.kms.katalon.core.main.TestCaseExecutor.doExecute(TestCaseExecutor.java:433)
	at com.kms.katalon.core.main.TestCaseExecutor.processExecutionPhase(TestCaseExecutor.java:412)
	at com.kms.katalon.core.main.TestCaseExecutor.accessMainPhase(TestCaseExecutor.java:404)
	at com.kms.katalon.core.main.TestCaseExecutor.execute(TestCaseExecutor.java:281)
	at com.kms.katalon.core.main.TestSuiteExecutor.accessTestCaseMainPhase(TestSuiteExecutor.java:202)
	at com.kms.katalon.core.main.TestSuiteExecutor.accessTestSuiteMainPhase(TestSuiteExecutor.java:164)
	at com.kms.katalon.core.main.TestSuiteExecutor.execute(TestSuiteExecutor.java:105)
	at com.kms.katalon.core.main.TestCaseMain.startTestSuite(TestCaseMain.java:181)
	at com.kms.katalon.core.main.TestCaseMain$startTestSuite$0.call(Unknown Source)
	at TempTestSuite1648100878643.run(TempTestSuite1648100878643.groovy:36)]]></system-err>
      </testcase>
      <testcase name="Test Cases/1. get token - data order" time="6.629" classname="Test Cases/1. get token - data order" status="FAILED">
         <failure type="FAILED" message="Test Cases/1. get token - data order FAILED.
Reason:
com.kms.katalon.core.exception.StepFailedException: Expected element property value '1163001384' is not equal with actual property value '1154000993'
	at com.kms.katalon.core.keyword.internal.KeywordMain.stepFailed(KeywordMain.groovy:39)
	at com.kms.katalon.core.webservice.keyword.builtin.VerifyElementPropertyValueKeyword$_verifyElementPropertyValue_closure1.doCall(VerifyElementPropertyValueKeyword.groovy:56)
	at com.kms.katalon.core.webservice.keyword.builtin.VerifyElementPropertyValueKeyword$_verifyElementPropertyValue_closure1.call(VerifyElementPropertyValueKeyword.groovy)
	at com.kms.katalon.core.keyword.internal.KeywordMain.runKeyword(KeywordMain.groovy:74)
	at com.kms.katalon.core.webservice.keyword.builtin.VerifyElementPropertyValueKeyword.verifyElementPropertyValue(VerifyElementPropertyValueKeyword.groovy:48)
	at com.kms.katalon.core.webservice.keyword.builtin.VerifyElementPropertyValueKeyword.execute(VerifyElementPropertyValueKeyword.groovy:43)
	at com.kms.katalon.core.keyword.internal.KeywordExecutor.executeKeywordForPlatform(KeywordExecutor.groovy:74)
	at com.kms.katalon.core.webservice.keyword.WSBuiltInKeywords.verifyElementPropertyValue(WSBuiltInKeywords.groovy:175)
	at com.kms.katalon.core.webservice.keyword.WSBuiltInKeywords$verifyElementPropertyValue$0.call(Unknown Source)
	at 1. get token - data order.run(1. get token - data order:54)
	at com.kms.katalon.core.main.ScriptEngine.run(ScriptEngine.java:194)
	at com.kms.katalon.core.main.ScriptEngine.runScriptAsRawText(ScriptEngine.java:119)
	at com.kms.katalon.core.main.TestCaseExecutor.runScript(TestCaseExecutor.java:442)
	at com.kms.katalon.core.main.TestCaseExecutor.doExecute(TestCaseExecutor.java:433)
	at com.kms.katalon.core.main.TestCaseExecutor.processExecutionPhase(TestCaseExecutor.java:412)
	at com.kms.katalon.core.main.TestCaseExecutor.accessMainPhase(TestCaseExecutor.java:404)
	at com.kms.katalon.core.main.TestCaseExecutor.execute(TestCaseExecutor.java:281)
	at com.kms.katalon.core.main.TestSuiteExecutor.accessTestCaseMainPhase(TestSuiteExecutor.java:202)
	at com.kms.katalon.core.main.TestSuiteExecutor.accessTestSuiteMainPhase(TestSuiteExecutor.java:164)
	at com.kms.katalon.core.main.TestSuiteExecutor.execute(TestSuiteExecutor.java:105)
	at com.kms.katalon.core.main.TestCaseMain.startTestSuite(TestCaseMain.java:181)
	at com.kms.katalon.core.main.TestCaseMain$startTestSuite$0.call(Unknown Source)
	at TempTestSuite1648100878643.run(TempTestSuite1648100878643.groovy:36)
"/>
         <system-out><![CDATA[2022-03-24 12:48:21 - [TEST_CASE][FAILED] - Test Cases/1. get token - data order: Test Cases/1. get token - data order FAILED.
Reason:
com.kms.katalon.core.exception.StepFailedException: Expected element property value '1163001384' is not equal with actual property value '1154000993'
	at com.kms.katalon.core.keyword.internal.KeywordMain.stepFailed(KeywordMain.groovy:39)
	at com.kms.katalon.core.webservice.keyword.builtin.VerifyElementPropertyValueKeyword$_verifyElementPropertyValue_closure1.doCall(VerifyElementPropertyValueKeyword.groovy:56)
	at com.kms.katalon.core.webservice.keyword.builtin.VerifyElementPropertyValueKeyword$_verifyElementPropertyValue_closure1.call(VerifyElementPropertyValueKeyword.groovy)
	at com.kms.katalon.core.keyword.internal.KeywordMain.runKeyword(KeywordMain.groovy:74)
	at com.kms.katalon.core.webservice.keyword.builtin.VerifyElementPropertyValueKeyword.verifyElementPropertyValue(VerifyElementPropertyValueKeyword.groovy:48)
	at com.kms.katalon.core.webservice.keyword.builtin.VerifyElementPropertyValueKeyword.execute(VerifyElementPropertyValueKeyword.groovy:43)
	at com.kms.katalon.core.keyword.internal.KeywordExecutor.executeKeywordForPlatform(KeywordExecutor.groovy:74)
	at com.kms.katalon.core.webservice.keyword.WSBuiltInKeywords.verifyElementPropertyValue(WSBuiltInKeywords.groovy:175)
	at com.kms.katalon.core.webservice.keyword.WSBuiltInKeywords$verifyElementPropertyValue$0.call(Unknown Source)
	at 1. get token - data order.run(1. get token - data order:54)
	at com.kms.katalon.core.main.ScriptEngine.run(ScriptEngine.java:194)
	at com.kms.katalon.core.main.ScriptEngine.runScriptAsRawText(ScriptEngine.java:119)
	at com.kms.katalon.core.main.TestCaseExecutor.runScript(TestCaseExecutor.java:442)
	at com.kms.katalon.core.main.TestCaseExecutor.doExecute(TestCaseExecutor.java:433)
	at com.kms.katalon.core.main.TestCaseExecutor.processExecutionPhase(TestCaseExecutor.java:412)
	at com.kms.katalon.core.main.TestCaseExecutor.accessMainPhase(TestCaseExecutor.java:404)
	at com.kms.katalon.core.main.TestCaseExecutor.execute(TestCaseExecutor.java:281)
	at com.kms.katalon.core.main.TestSuiteExecutor.accessTestCaseMainPhase(TestSuiteExecutor.java:202)
	at com.kms.katalon.core.main.TestSuiteExecutor.accessTestSuiteMainPhase(TestSuiteExecutor.java:164)
	at com.kms.katalon.core.main.TestSuiteExecutor.execute(TestSuiteExecutor.java:105)
	at com.kms.katalon.core.main.TestCaseMain.startTestSuite(TestCaseMain.java:181)
	at com.kms.katalon.core.main.TestCaseMain$startTestSuite$0.call(Unknown Source)
	at TempTestSuite1648100878643.run(TempTestSuite1648100878643.groovy:36)


2022-03-24 12:48:21 - [TEST_STEP][PASSED] - token = sendRequest(findTestObject("1. Get-Token")): Send request successfully

2022-03-24 12:48:21 - [MESSAGE][INFO] - HAR: I:\app-testing\app-project\Order car insurance\order-car-insurance\Reports\20220324_124757\Get data order\20220324_124758\requests\main\6.har

2022-03-24 12:48:21 - [MESSAGE][PASSED] - Send request successfully

2022-03-24 12:48:21 - [TEST_STEP][PASSED] - slurper = new groovy.json.JsonSlurper(): null

2022-03-24 12:48:21 - [TEST_STEP][PASSED] - get_token = slurper.parseText(token.getResponseBodyContent()): null

2022-03-24 12:48:21 - [TEST_STEP][PASSED] - private_token = access_token: null

2022-03-24 12:48:21 - [TEST_STEP][PASSED] - global_token = private_token: null

2022-03-24 12:48:21 - [TEST_STEP][PASSED] - println("token is :" + global_token): null

2022-03-24 12:48:21 - [TEST_STEP][PASSED] - response_token = token.getResponseText(): null

2022-03-24 12:48:21 - [TEST_STEP][PASSED] - logInfo($response_token): 
            {
                "token_type": "BearerToken",
                "access_token": "3LWibtIJfQi6Y0Hrbh9TkF6G241I",
                "expires_in": "1799",
                "scope": ""
            }
        

2022-03-24 12:48:21 - [MESSAGE][INFO] - 
            {
                "token_type": "BearerToken",
                "access_token": "3LWibtIJfQi6Y0Hrbh9TkF6G241I",
                "expires_in": "1799",
                "scope": ""
            }
        

2022-03-24 12:48:21 - [TEST_STEP][PASSED] - order = sendRequest(findTestObject("3. Get-data-order", ["s_key":global_token, "c_id":c_id, "order_date":order_date, "page":page, "rows":rows])): Send request successfully

2022-03-24 12:48:22 - [MESSAGE][INFO] - HAR: I:\app-testing\app-project\Order car insurance\order-car-insurance\Reports\20220324_124757\Get data order\20220324_124758\requests\main\7.har

2022-03-24 12:48:22 - [MESSAGE][PASSED] - Send request successfully

2022-03-24 12:48:22 - [TEST_STEP][PASSED] - get_order = order.getResponseText(): null

2022-03-24 12:48:22 - [TEST_STEP][PASSED] - markPassed("data ke : " + no): data ke : 3

2022-03-24 12:48:22 - [MESSAGE][PASSED] - data ke : 3

2022-03-24 12:48:22 - [TEST_STEP][PASSED] - verifyElementPropertyValue(order, "GetDataOrderResponse.ListDataOrder[0].TipeOrder", o_tipeorder, CONTINUE_ON_FAILURE): Verify element property value successfully

2022-03-24 12:48:22 - [MESSAGE][PASSED] - Verify element property value successfully

2022-03-24 12:48:22 - [TEST_STEP][PASSED] - verifyElementPropertyValue(order, "GetDataOrderResponse.ListDataOrder[0].BatchID", o_batchid, CONTINUE_ON_FAILURE): Verify element property value successfully

2022-03-24 12:48:22 - [MESSAGE][PASSED] - Verify element property value successfully

2022-03-24 12:48:22 - [TEST_STEP][FAILED] - verifyElementPropertyValue(order, "GetDataOrderResponse.ListDataOrder[0].NoRek", o_norek, CONTINUE_ON_FAILURE): Expected element property value '1163001384' is not equal with actual property value '1154000993'

2022-03-24 12:48:22 - [MESSAGE][FAILED] - Expected element property value '1163001384' is not equal with actual property value '1154000993'

2022-03-24 12:48:22 - [TEST_STEP][PASSED] - verifyElementPropertyValue(order, "GetDataOrderResponse.ListDataOrder[0].NoPin", o_nopin, CONTINUE_ON_FAILURE): Verify element property value successfully

2022-03-24 12:48:22 - [MESSAGE][PASSED] - Verify element property value successfully

2022-03-24 12:48:22 - [TEST_STEP][PASSED] - verifyElementPropertyValue(order, "GetDataOrderResponse.ListDataOrder[0].CustName", o_custname, CONTINUE_ON_FAILURE): Verify element property value successfully

2022-03-24 12:48:22 - [MESSAGE][PASSED] - Verify element property value successfully

2022-03-24 12:48:22 - [TEST_STEP][FAILED] - verifyElementPropertyValue(order, "GetDataOrderResponse.ListDataOrder[0].Pemohon", o_pemohon, CONTINUE_ON_FAILURE): Expected element property value 'PT BCAF QQ BCA' is not equal with actual property value 'PT BCAF'

2022-03-24 12:48:22 - [MESSAGE][FAILED] - Expected element property value 'PT BCAF QQ BCA' is not equal with actual property value 'PT BCAF'

2022-03-24 12:48:22 - [TEST_STEP][FAILED] - verifyElementPropertyValue(order, "GetDataOrderResponse.ListDataOrder[0].HargaPembelian", o_otr, CONTINUE_ON_FAILURE): Expected element property value '101200000.00' is not equal with actual property value '360000000.00'

2022-03-24 12:48:22 - [MESSAGE][FAILED] - Expected element property value '101200000.00' is not equal with actual property value '360000000.00'

2022-03-24 12:48:22 - [TEST_STEP][FAILED] - verifyElementPropertyValue(order, "GetDataOrderResponse.ListDataOrder[0].Cabang", o_branchid, CONTINUE_ON_FAILURE): Expected element property value '1163' is not equal with actual property value '1154'

2022-03-24 12:48:22 - [MESSAGE][FAILED] - Expected element property value '1163' is not equal with actual property value '1154'

2022-03-24 12:48:22 - [TEST_STEP][FAILED] - verifyElementPropertyValue(order, "GetDataOrderResponse.ListDataOrder[0].MerkID", o_merk, CONTINUE_ON_FAILURE): Expected element property value 'NIS' is not equal with actual property value 'TYT'

2022-03-24 12:48:22 - [MESSAGE][FAILED] - Expected element property value 'NIS' is not equal with actual property value 'TYT'

2022-03-24 12:48:22 - [TEST_STEP][FAILED] - verifyElementPropertyValue(order, "GetDataOrderResponse.ListDataOrder[0].TypeMobil", o_type, CONTINUE_ON_FAILURE): Expected element property value 'EVALIA 1.5 4X2 M/T' is not equal with actual property value 'INNOVA VENTURER 2.0 AT'

2022-03-24 12:48:22 - [MESSAGE][FAILED] - Expected element property value 'EVALIA 1.5 4X2 M/T' is not equal with actual property value 'INNOVA VENTURER 2.0 AT'

2022-03-24 12:48:22 - [TEST_STEP][PASSED] - verifyElementPropertyValue(order, "GetDataOrderResponse.ListDataOrder[0].JenisMobil", o_jenis, CONTINUE_ON_FAILURE): Verify element property value successfully

2022-03-24 12:48:22 - [MESSAGE][PASSED] - Verify element property value successfully

2022-03-24 12:48:22 - [TEST_STEP][FAILED] - verifyElementPropertyValue(order, "GetDataOrderResponse.ListDataOrder[0].TahunMobil", o_tahun, CONTINUE_ON_FAILURE): Expected element property value '2013' is not equal with actual property value '2017'

2022-03-24 12:48:22 - [MESSAGE][FAILED] - Expected element property value '2013' is not equal with actual property value '2017'

2022-03-24 12:48:22 - [TEST_STEP][PASSED] - verifyElementPropertyValue(order, "GetDataOrderResponse.ListDataOrder[0].Warna", o_warna, CONTINUE_ON_FAILURE): Verify element property value successfully

2022-03-24 12:48:22 - [MESSAGE][PASSED] - Verify element property value successfully

2022-03-24 12:48:22 - [TEST_STEP][FAILED] - verifyElementPropertyValue(order, "GetDataOrderResponse.ListDataOrder[0].NoRangka", o_norangka, CONTINUE_ON_FAILURE): Expected element property value 'MHBK1CG1FDJ011469' is not equal with actual property value 'MHFAW8EM4H0206354'

2022-03-24 12:48:22 - [MESSAGE][FAILED] - Expected element property value 'MHBK1CG1FDJ011469' is not equal with actual property value 'MHFAW8EM4H0206354'

2022-03-24 12:48:22 - [TEST_STEP][FAILED] - verifyElementPropertyValue(order, "GetDataOrderResponse.ListDataOrder[0].NoMesin", o_nomesin, CONTINUE_ON_FAILURE): Expected element property value 'HR15981163B' is not equal with actual property value '1TRA295932'

2022-03-24 12:48:22 - [MESSAGE][FAILED] - Expected element property value 'HR15981163B' is not equal with actual property value '1TRA295932'

2022-03-24 12:48:22 - [TEST_STEP][FAILED] - verifyElementPropertyValue(order, "GetDataOrderResponse.ListDataOrder[0].NoPolisi", o_nopol, CONTINUE_ON_FAILURE): Expected element property value 'B 1265 NYR' is not equal with actual property value 'B 2726 BOM'

2022-03-24 12:48:22 - [MESSAGE][FAILED] - Expected element property value 'B 1265 NYR' is not equal with actual property value 'B 2726 BOM'

2022-03-24 12:48:22 - [TEST_STEP][FAILED] - verifyElementPropertyValue(order, "GetDataOrderResponse.ListDataOrder[0].NamaBPKB", o_namabpkb, CONTINUE_ON_FAILURE): Expected element property value 'YEVI FACHREVI' is not equal with actual property value 'PT AUTORENT LANCAR S'

2022-03-24 12:48:22 - [MESSAGE][FAILED] - Expected element property value 'YEVI FACHREVI' is not equal with actual property value 'PT AUTORENT LANCAR S'

2022-03-24 12:48:22 - [TEST_STEP][FAILED] - verifyElementPropertyValue(order, "GetDataOrderResponse.ListDataOrder[0].KategoriMobil", o_kategori, CONTINUE_ON_FAILURE): Expected element property value '3 ' is not equal with actual property value '14'

2022-03-24 12:48:22 - [MESSAGE][FAILED] - Expected element property value '3 ' is not equal with actual property value '14'

2022-03-24 12:48:22 - [TEST_STEP][PASSED] - verifyElementPropertyValue(order, "GetDataOrderResponse.ListDataOrder[0].PenggunaanKendaraan", o_purpose, CONTINUE_ON_FAILURE): Verify element property value successfully

2022-03-24 12:48:23 - [MESSAGE][PASSED] - Verify element property value successfully

2022-03-24 12:48:23 - [TEST_STEP][PASSED] - verifyElementPropertyValue(order, "GetDataOrderResponse.ListDataOrder[0].Kondisi", o_kondisi, CONTINUE_ON_FAILURE): Verify element property value successfully

2022-03-24 12:48:23 - [MESSAGE][PASSED] - Verify element property value successfully

2022-03-24 12:48:23 - [TEST_STEP][PASSED] - verifyElementPropertyValue(order, "GetDataOrderResponse.ListDataOrder[0].Accessories1", o_acc1, CONTINUE_ON_FAILURE): Verify element property value successfully

2022-03-24 12:48:23 - [MESSAGE][PASSED] - Verify element property value successfully

2022-03-24 12:48:23 - [TEST_STEP][PASSED] - verifyElementPropertyValue(order, "GetDataOrderResponse.ListDataOrder[0].Accessories2", o_acc2, CONTINUE_ON_FAILURE): Verify element property value successfully

2022-03-24 12:48:23 - [MESSAGE][PASSED] - Verify element property value successfully

2022-03-24 12:48:23 - [TEST_STEP][PASSED] - verifyElementPropertyValue(order, "GetDataOrderResponse.ListDataOrder[0].Accessories3", o_acc3, CONTINUE_ON_FAILURE): Verify element property value successfully

2022-03-24 12:48:23 - [MESSAGE][PASSED] - Verify element property value successfully

2022-03-24 12:48:23 - [TEST_STEP][PASSED] - verifyElementPropertyValue(order, "GetDataOrderResponse.ListDataOrder[0].Accessories4", o_acc4, CONTINUE_ON_FAILURE): Verify element property value successfully

2022-03-24 12:48:23 - [MESSAGE][PASSED] - Verify element property value successfully

2022-03-24 12:48:23 - [TEST_STEP][PASSED] - verifyElementPropertyValue(order, "GetDataOrderResponse.ListDataOrder[0].Accessories5", o_acc5, CONTINUE_ON_FAILURE): Verify element property value successfully

2022-03-24 12:48:23 - [MESSAGE][PASSED] - Verify element property value successfully

2022-03-24 12:48:23 - [TEST_STEP][PASSED] - verifyElementPropertyValue(order, "GetDataOrderResponse.ListDataOrder[0].HargaAccessories1", o_harga_acc1, CONTINUE_ON_FAILURE): Verify element property value successfully

2022-03-24 12:48:23 - [MESSAGE][PASSED] - Verify element property value successfully

2022-03-24 12:48:23 - [TEST_STEP][PASSED] - verifyElementPropertyValue(order, "GetDataOrderResponse.ListDataOrder[0].HargaAccessories2", o_harga_acc2, CONTINUE_ON_FAILURE): Verify element property value successfully

2022-03-24 12:48:23 - [MESSAGE][PASSED] - Verify element property value successfully

2022-03-24 12:48:23 - [TEST_STEP][PASSED] - verifyElementPropertyValue(order, "GetDataOrderResponse.ListDataOrder[0].HargaAccessories3", o_harga_acc3, CONTINUE_ON_FAILURE): Verify element property value successfully

2022-03-24 12:48:23 - [MESSAGE][PASSED] - Verify element property value successfully

2022-03-24 12:48:23 - [TEST_STEP][PASSED] - verifyElementPropertyValue(order, "GetDataOrderResponse.ListDataOrder[0].HargaAccessories4", o_harga_acc4, CONTINUE_ON_FAILURE): Verify element property value successfully

2022-03-24 12:48:23 - [MESSAGE][PASSED] - Verify element property value successfully

2022-03-24 12:48:23 - [TEST_STEP][PASSED] - verifyElementPropertyValue(order, "GetDataOrderResponse.ListDataOrder[0].HargaAccessories5", o_harga_acc5, CONTINUE_ON_FAILURE): Verify element property value successfully

2022-03-24 12:48:23 - [MESSAGE][PASSED] - Verify element property value successfully

2022-03-24 12:48:23 - [TEST_STEP][PASSED] - verifyElementPropertyValue(order, "GetDataOrderResponse.ListDataOrder[0].OverKredit", o_overkredit, CONTINUE_ON_FAILURE): Verify element property value successfully

2022-03-24 12:48:23 - [MESSAGE][PASSED] - Verify element property value successfully

2022-03-24 12:48:23 - [TEST_STEP][PASSED] - verifyElementPropertyValue(order, "GetDataOrderResponse.ListDataOrder[0].Restructure", o_restructure, CONTINUE_ON_FAILURE): Verify element property value successfully

2022-03-24 12:48:23 - [MESSAGE][PASSED] - Verify element property value successfully

2022-03-24 12:48:23 - [TEST_STEP][PASSED] - verifyElementPropertyValue(order, "GetDataOrderResponse.ListDataOrder[0].NoPolisLama", o_nopol_lama, CONTINUE_ON_FAILURE): Verify element property value successfully

2022-03-24 12:48:23 - [MESSAGE][PASSED] - Verify element property value successfully

2022-03-24 12:48:23 - [TEST_STEP][PASSED] - verifyElementPropertyValue(order, "GetDataOrderResponse.ListDataOrder[0].MailAddress", o_mail_addr, CONTINUE_ON_FAILURE): Verify element property value successfully

2022-03-24 12:48:23 - [MESSAGE][PASSED] - Verify element property value successfully

2022-03-24 12:48:23 - [TEST_STEP][PASSED] - verifyElementPropertyValue(order, "GetDataOrderResponse.ListDataOrder[0].KabKodya", o_kab_kodya, CONTINUE_ON_FAILURE): Verify element property value successfully

2022-03-24 12:48:23 - [MESSAGE][PASSED] - Verify element property value successfully

2022-03-24 12:48:23 - [TEST_STEP][FAILED] - verifyElementPropertyValue(order, "GetDataOrderResponse.ListDataOrder[0].PostalCode", o_postal_code, CONTINUE_ON_FAILURE): Expected element property value '17116' is not equal with actual property value '12610'

2022-03-24 12:48:23 - [MESSAGE][FAILED] - Expected element property value '17116' is not equal with actual property value '12610'

2022-03-24 12:48:23 - [TEST_STEP][PASSED] - verifyElementPropertyValue(order, "GetDataOrderResponse.ListDataOrder[0].PaketMobil", o_packet, CONTINUE_ON_FAILURE): Verify element property value successfully

2022-03-24 12:48:23 - [MESSAGE][PASSED] - Verify element property value successfully

2022-03-24 12:48:23 - [TEST_STEP][PASSED] - verifyElementPropertyValue(order, "GetDataOrderResponse.ListDataOrder[0].CustType", o_cust_type, CONTINUE_ON_FAILURE): Verify element property value successfully

2022-03-24 12:48:23 - [MESSAGE][PASSED] - Verify element property value successfully

2022-03-24 12:48:23 - [TEST_STEP][FAILED] - verifyElementPropertyValue(order, "GetDataOrderResponse.ListDataOrder[0].IdentityNo", o_nik, CONTINUE_ON_FAILURE): Expected element property value 'SCRAMBLE' is not equal with actual property value '09.5307.120661.7004'

2022-03-24 12:48:23 - [MESSAGE][FAILED] - Expected element property value 'SCRAMBLE' is not equal with actual property value '09.5307.120661.7004'

2022-03-24 12:48:23 - [TEST_STEP][PASSED] - verifyElementPropertyValue(order, "GetDataOrderResponse.ListDataOrder[0].BirthPlace", o_birth_place, CONTINUE_ON_FAILURE): Verify element property value successfully

2022-03-24 12:48:23 - [MESSAGE][PASSED] - Verify element property value successfully

2022-03-24 12:48:23 - [TEST_STEP][FAILED] - verifyElementPropertyValue(order, "GetDataOrderResponse.ListDataOrder[0].BirthDate", o_birth_date, CONTINUE_ON_FAILURE): Expected element property value '20220212' is not equal with actual property value '19610612'

2022-03-24 12:48:23 - [MESSAGE][FAILED] - Expected element property value '20220212' is not equal with actual property value '19610612'

2022-03-24 12:48:23 - [TEST_STEP][PASSED] - verifyElementPropertyValue(order, "GetDataOrderResponse.ListDataOrder[0].Occupation", o_occp, CONTINUE_ON_FAILURE): Verify element property value successfully

2022-03-24 12:48:23 - [MESSAGE][PASSED] - Verify element property value successfully

2022-03-24 12:48:23 - [TEST_STEP][PASSED] - verifyElementPropertyValue(order, "GetDataOrderResponse.ListDataOrder[0].AlamatKTP", o_ktp_addr, CONTINUE_ON_FAILURE): Verify element property value successfully

2022-03-24 12:48:23 - [MESSAGE][PASSED] - Verify element property value successfully

2022-03-24 12:48:23 - [TEST_STEP][PASSED] - verifyElementPropertyValue(order, "GetDataOrderResponse.ListDataOrder[0].KelurahanKTP", o_ktp_kel, CONTINUE_ON_FAILURE): Verify element property value successfully

2022-03-24 12:48:23 - [MESSAGE][PASSED] - Verify element property value successfully

2022-03-24 12:48:23 - [TEST_STEP][PASSED] - verifyElementPropertyValue(order, "GetDataOrderResponse.ListDataOrder[0].KecamatanKTP", o_ktp_kec, CONTINUE_ON_FAILURE): Verify element property value successfully

2022-03-24 12:48:23 - [MESSAGE][PASSED] - Verify element property value successfully

2022-03-24 12:48:23 - [TEST_STEP][PASSED] - verifyElementPropertyValue(order, "GetDataOrderResponse.ListDataOrder[0].KabKodyaKTP", o_ktp_kabkodya, CONTINUE_ON_FAILURE): Verify element property value successfully

2022-03-24 12:48:23 - [MESSAGE][PASSED] - Verify element property value successfully

2022-03-24 12:48:23 - [TEST_STEP][PASSED] - verifyElementPropertyValue(order, "GetDataOrderResponse.ListDataOrder[0].ProvinsiKTP", o_ktp_prov, CONTINUE_ON_FAILURE): Verify element property value successfully

2022-03-24 12:48:23 - [MESSAGE][PASSED] - Verify element property value successfully

2022-03-24 12:48:23 - [TEST_STEP][FAILED] - verifyElementPropertyValue(order, "GetDataOrderResponse.ListDataOrder[0].PostalCodeKTP", o_ktp_postal_code, CONTINUE_ON_FAILURE): Expected element property value '17116' is not equal with actual property value '12610'

2022-03-24 12:48:23 - [MESSAGE][FAILED] - Expected element property value '17116' is not equal with actual property value '12610'

2022-03-24 12:48:23 - [TEST_STEP][FAILED] - verifyElementPropertyValue(order, "GetDataOrderResponse.ListDataOrder[0].DealerName", o_ktp_dealer_name, CONTINUE_ON_FAILURE): Expected element property value 'Benefit Motor' is not equal with actual property value '21 Auto Cars'

2022-03-24 12:48:23 - [MESSAGE][FAILED] - Expected element property value 'Benefit Motor' is not equal with actual property value '21 Auto Cars'

2022-03-24 12:48:23 - [TEST_STEP][FAILED] - switch (tenor): null

2022-03-24 12:48:23 - [TEST_STEP][FAILED] - case "4":: null

2022-03-24 12:48:23 - [TEST_STEP][PASSED] - order2 = sendRequest(findTestObject("3. Get-data-order", ["s_key":global_token, "c_id":c_id, "order_date":order_date, "page":page, "rows":rows])): Send request successfully

2022-03-24 12:48:26 - [MESSAGE][INFO] - HAR: I:\app-testing\app-project\Order car insurance\order-car-insurance\Reports\20220324_124757\Get data order\20220324_124758\requests\main\8.har

2022-03-24 12:48:26 - [MESSAGE][PASSED] - Send request successfully

2022-03-24 12:48:26 - [TEST_STEP][PASSED] - get_order2 = order.getResponseText(): null

2022-03-24 12:48:26 - [TEST_STEP][FAILED] - verifyElementPropertyValue(order, "GetDataOrderResponse.ListDataOrder[0].InsuranceData[0].KondisiPertanggungan", o_kond_pertanggungan_0, CONTINUE_ON_FAILURE): Expected element property value ' ' is not equal with actual property value ''

2022-03-24 12:48:26 - [MESSAGE][FAILED] - Expected element property value ' ' is not equal with actual property value ''

2022-03-24 12:48:26 - [TEST_STEP][PASSED] - verifyElementPropertyValue(order, "GetDataOrderResponse.ListDataOrder[0].InsuranceData[0].TJH", o_tjh_header_0, CONTINUE_ON_FAILURE): Verify element property value successfully

2022-03-24 12:48:26 - [MESSAGE][PASSED] - Verify element property value successfully

2022-03-24 12:48:26 - [TEST_STEP][FAILED] - verifyElementPropertyValue(order, "GetDataOrderResponse.ListDataOrder[0].InsuranceData[0].InsuredValue", o_ins_val_0, CONTINUE_ON_FAILURE): Expected element property value '101200000.00' is not equal with actual property value '360000000.00'

2022-03-24 12:48:26 - [MESSAGE][FAILED] - Expected element property value '101200000.00' is not equal with actual property value '360000000.00'

2022-03-24 12:48:26 - [TEST_STEP][PASSED] - verifyElementPropertyValue(order, "GetDataOrderResponse.ListDataOrder[0].InsuranceData[0].InsuredFrom", o_ins_form_0, CONTINUE_ON_FAILURE): Verify element property value successfully

2022-03-24 12:48:26 - [MESSAGE][PASSED] - Verify element property value successfully

2022-03-24 12:48:26 - [TEST_STEP][PASSED] - verifyElementPropertyValue(order, "GetDataOrderResponse.ListDataOrder[0].InsuranceData[0].InsuredTo", o_ins_to_0, CONTINUE_ON_FAILURE): Verify element property value successfully

2022-03-24 12:48:26 - [MESSAGE][PASSED] - Verify element property value successfully

2022-03-24 12:48:26 - [TEST_STEP][FAILED] - verifyElementPropertyValue(order, "GetDataOrderResponse.ListDataOrder[0].InsuranceData[0].Rate", o_rate_0, CONTINUE_ON_FAILURE): Expected element property value '0.4745' is not equal with actual property value '1.5184'

2022-03-24 12:48:26 - [MESSAGE][FAILED] - Expected element property value '0.4745' is not equal with actual property value '1.5184'

2022-03-24 12:48:26 - [TEST_STEP][FAILED] - verifyElementPropertyValue(order, "GetDataOrderResponse.ListDataOrder[0].InsuranceData[0].GrossPremi", o_gross_premi_0, CONTINUE_ON_FAILURE): Expected element property value '480194.00' is not equal with actual property value '5466240.00'

2022-03-24 12:48:26 - [MESSAGE][FAILED] - Expected element property value '480194.00' is not equal with actual property value '5466240.00'

2022-03-24 12:48:26 - [TEST_STEP][PASSED] - verifyElementPropertyValue(order, "GetDataOrderResponse.ListDataOrder[0].InsuranceData[0].Discount", o_discount_0, CONTINUE_ON_FAILURE): Verify element property value successfully

2022-03-24 12:48:26 - [MESSAGE][PASSED] - Verify element property value successfully

2022-03-24 12:48:26 - [TEST_STEP][PASSED] - verifyElementPropertyValue(order, "GetDataOrderResponse.ListDataOrder[0].InsuranceData[0].Adm", o_adm_0, CONTINUE_ON_FAILURE): Verify element property value successfully

2022-03-24 12:48:26 - [MESSAGE][PASSED] - Verify element property value successfully

2022-03-24 12:48:26 - [TEST_STEP][FAILED] - verifyElementPropertyValue(order, "GetDataOrderResponse.ListDataOrder[0].InsuranceData[0].NetPremi", o_netpremi_0, CONTINUE_ON_FAILURE): Expected element property value '480194.00' is not equal with actual property value '5466240.00'

2022-03-24 12:48:26 - [MESSAGE][FAILED] - Expected element property value '480194.00' is not equal with actual property value '5466240.00'

2022-03-24 12:48:26 - [TEST_STEP][PASSED] - verifyElementPropertyValue(order, "GetDataOrderResponse.ListDataOrder[0].InsuranceData[0].PerluasanJaminan.TJH", o_tjh_val_0, CONTINUE_ON_FAILURE): Verify element property value successfully

2022-03-24 12:48:26 - [MESSAGE][PASSED] - Verify element property value successfully

2022-03-24 12:48:26 - [TEST_STEP][PASSED] - verifyElementPropertyValue(order, "GetDataOrderResponse.ListDataOrder[0].InsuranceData[0].PerluasanJaminan.RSCC", o_rscc_val_0, CONTINUE_ON_FAILURE): Verify element property value successfully

2022-03-24 12:48:26 - [MESSAGE][PASSED] - Verify element property value successfully

2022-03-24 12:48:26 - [TEST_STEP][PASSED] - verifyElementPropertyValue(order, "GetDataOrderResponse.ListDataOrder[0].InsuranceData[0].PerluasanJaminan.Banjir", o_rsmb_val_0, CONTINUE_ON_FAILURE): Verify element property value successfully

2022-03-24 12:48:26 - [MESSAGE][PASSED] - Verify element property value successfully

2022-03-24 12:48:26 - [TEST_STEP][PASSED] - verifyElementPropertyValue(order, "GetDataOrderResponse.ListDataOrder[0].InsuranceData[0].PerluasanJaminan.Accessories", o_acc_val_0, CONTINUE_ON_FAILURE): Verify element property value successfully

2022-03-24 12:48:26 - [MESSAGE][PASSED] - Verify element property value successfully

2022-03-24 12:48:26 - [TEST_STEP][PASSED] - verifyElementPropertyValue(order, "GetDataOrderResponse.ListDataOrder[0].InsuranceData[1].KondisiPertanggungan", o_kond_pertanggungan_1, CONTINUE_ON_FAILURE): Verify element property value successfully

2022-03-24 12:48:26 - [MESSAGE][PASSED] - Verify element property value successfully

2022-03-24 12:48:26 - [TEST_STEP][PASSED] - verifyElementPropertyValue(order, "GetDataOrderResponse.ListDataOrder[0].InsuranceData[1].TJH", o_tjh_header_1, CONTINUE_ON_FAILURE): Verify element property value successfully

2022-03-24 12:48:26 - [MESSAGE][PASSED] - Verify element property value successfully

2022-03-24 12:48:26 - [TEST_STEP][FAILED] - verifyElementPropertyValue(order, "GetDataOrderResponse.ListDataOrder[0].InsuranceData[1].InsuredValue", o_ins_val_1, CONTINUE_ON_FAILURE): Expected element property value '101200000.00' is not equal with actual property value '360000000.00'

2022-03-24 12:48:26 - [MESSAGE][FAILED] - Expected element property value '101200000.00' is not equal with actual property value '360000000.00'

2022-03-24 12:48:26 - [TEST_STEP][PASSED] - verifyElementPropertyValue(order, "GetDataOrderResponse.ListDataOrder[0].InsuranceData[1].InsuredFrom", o_ins_form_1, CONTINUE_ON_FAILURE): Verify element property value successfully

2022-03-24 12:48:26 - [MESSAGE][PASSED] - Verify element property value successfully

2022-03-24 12:48:26 - [TEST_STEP][PASSED] - verifyElementPropertyValue(order, "GetDataOrderResponse.ListDataOrder[0].InsuranceData[1].InsuredTo", o_ins_to_1, CONTINUE_ON_FAILURE): Verify element property value successfully

2022-03-24 12:48:26 - [MESSAGE][PASSED] - Verify element property value successfully

2022-03-24 12:48:26 - [TEST_STEP][FAILED] - verifyElementPropertyValue(order, "GetDataOrderResponse.ListDataOrder[0].InsuranceData[1].Rate", o_rate_1, CONTINUE_ON_FAILURE): Expected element property value '0.4745' is not equal with actual property value '0.2774'

2022-03-24 12:48:26 - [MESSAGE][FAILED] - Expected element property value '0.4745' is not equal with actual property value '0.2774'

2022-03-24 12:48:26 - [TEST_STEP][FAILED] - verifyElementPropertyValue(order, "GetDataOrderResponse.ListDataOrder[0].InsuranceData[1].GrossPremi", o_gross_premi_1, CONTINUE_ON_FAILURE): Expected element property value '480194.00' is not equal with actual property value '998640.00'

2022-03-24 12:48:26 - [MESSAGE][FAILED] - Expected element property value '480194.00' is not equal with actual property value '998640.00'

2022-03-24 12:48:26 - [TEST_STEP][PASSED] - verifyElementPropertyValue(order, "GetDataOrderResponse.ListDataOrder[0].InsuranceData[1].Discount", o_discount_1, CONTINUE_ON_FAILURE): Verify element property value successfully

2022-03-24 12:48:27 - [MESSAGE][PASSED] - Verify element property value successfully

2022-03-24 12:48:27 - [TEST_STEP][PASSED] - verifyElementPropertyValue(order, "GetDataOrderResponse.ListDataOrder[0].InsuranceData[1].Adm", o_adm_1, CONTINUE_ON_FAILURE): Verify element property value successfully

2022-03-24 12:48:27 - [MESSAGE][PASSED] - Verify element property value successfully

2022-03-24 12:48:27 - [TEST_STEP][FAILED] - verifyElementPropertyValue(order, "GetDataOrderResponse.ListDataOrder[0].InsuranceData[1].NetPremi", o_netpremi_1, CONTINUE_ON_FAILURE): Expected element property value '480194.00' is not equal with actual property value '998640.00'

2022-03-24 12:48:27 - [MESSAGE][FAILED] - Expected element property value '480194.00' is not equal with actual property value '998640.00'

2022-03-24 12:48:27 - [TEST_STEP][PASSED] - verifyElementPropertyValue(order, "GetDataOrderResponse.ListDataOrder[0].InsuranceData[1].PerluasanJaminan.TJH", o_tjh_val_1, CONTINUE_ON_FAILURE): Verify element property value successfully

2022-03-24 12:48:27 - [MESSAGE][PASSED] - Verify element property value successfully

2022-03-24 12:48:27 - [TEST_STEP][PASSED] - verifyElementPropertyValue(order, "GetDataOrderResponse.ListDataOrder[0].InsuranceData[1].PerluasanJaminan.RSCC", o_rscc_val_1, CONTINUE_ON_FAILURE): Verify element property value successfully

2022-03-24 12:48:27 - [MESSAGE][PASSED] - Verify element property value successfully

2022-03-24 12:48:27 - [TEST_STEP][PASSED] - verifyElementPropertyValue(order, "GetDataOrderResponse.ListDataOrder[0].InsuranceData[1].PerluasanJaminan.Banjir", o_rsmb_val_1, CONTINUE_ON_FAILURE): Verify element property value successfully

2022-03-24 12:48:27 - [MESSAGE][PASSED] - Verify element property value successfully

2022-03-24 12:48:27 - [TEST_STEP][PASSED] - verifyElementPropertyValue(order, "GetDataOrderResponse.ListDataOrder[0].InsuranceData[1].PerluasanJaminan.Accessories", o_acc_val_1, CONTINUE_ON_FAILURE): Verify element property value successfully

2022-03-24 12:48:27 - [MESSAGE][PASSED] - Verify element property value successfully

2022-03-24 12:48:27 - [TEST_STEP][PASSED] - verifyElementPropertyValue(order, "GetDataOrderResponse.ListDataOrder[0].InsuranceData[2].KondisiPertanggungan", o_kond_pertanggungan_2, CONTINUE_ON_FAILURE): Verify element property value successfully

2022-03-24 12:48:27 - [MESSAGE][PASSED] - Verify element property value successfully

2022-03-24 12:48:27 - [TEST_STEP][PASSED] - verifyElementPropertyValue(order, "GetDataOrderResponse.ListDataOrder[0].InsuranceData[2].TJH", o_tjh_header_2, CONTINUE_ON_FAILURE): Verify element property value successfully

2022-03-24 12:48:27 - [MESSAGE][PASSED] - Verify element property value successfully

2022-03-24 12:48:27 - [TEST_STEP][FAILED] - verifyElementPropertyValue(order, "GetDataOrderResponse.ListDataOrder[0].InsuranceData[2].InsuredValue", o_ins_val_2, CONTINUE_ON_FAILURE): Expected element property value '101200000.00' is not equal with actual property value '360000000.00'

2022-03-24 12:48:27 - [MESSAGE][FAILED] - Expected element property value '101200000.00' is not equal with actual property value '360000000.00'

2022-03-24 12:48:27 - [TEST_STEP][PASSED] - verifyElementPropertyValue(order, "GetDataOrderResponse.ListDataOrder[0].InsuranceData[2].InsuredFrom", o_ins_form_2, CONTINUE_ON_FAILURE): Verify element property value successfully

2022-03-24 12:48:27 - [MESSAGE][PASSED] - Verify element property value successfully

2022-03-24 12:48:27 - [TEST_STEP][PASSED] - verifyElementPropertyValue(order, "GetDataOrderResponse.ListDataOrder[0].InsuranceData[2].InsuredTo", o_ins_to_2, CONTINUE_ON_FAILURE): Verify element property value successfully

2022-03-24 12:48:27 - [MESSAGE][PASSED] - Verify element property value successfully

2022-03-24 12:48:27 - [TEST_STEP][FAILED] - verifyElementPropertyValue(order, "GetDataOrderResponse.ListDataOrder[0].InsuranceData[2].Rate", o_rate_2, CONTINUE_ON_FAILURE): Expected element property value '0.4745' is not equal with actual property value '0.2774'

2022-03-24 12:48:27 - [MESSAGE][FAILED] - Expected element property value '0.4745' is not equal with actual property value '0.2774'

2022-03-24 12:48:27 - [TEST_STEP][FAILED] - verifyElementPropertyValue(order, "GetDataOrderResponse.ListDataOrder[0].InsuranceData[2].GrossPremi", o_gross_premi_2, CONTINUE_ON_FAILURE): Expected element property value '480194.00' is not equal with actual property value '998640.00'

2022-03-24 12:48:27 - [MESSAGE][FAILED] - Expected element property value '480194.00' is not equal with actual property value '998640.00'

2022-03-24 12:48:27 - [TEST_STEP][PASSED] - verifyElementPropertyValue(order, "GetDataOrderResponse.ListDataOrder[0].InsuranceData[2].Discount", o_discount_2, CONTINUE_ON_FAILURE): Verify element property value successfully

2022-03-24 12:48:27 - [MESSAGE][PASSED] - Verify element property value successfully

2022-03-24 12:48:27 - [TEST_STEP][PASSED] - verifyElementPropertyValue(order, "GetDataOrderResponse.ListDataOrder[0].InsuranceData[2].Adm", o_adm_2, CONTINUE_ON_FAILURE): Verify element property value successfully

2022-03-24 12:48:27 - [MESSAGE][PASSED] - Verify element property value successfully

2022-03-24 12:48:27 - [TEST_STEP][FAILED] - verifyElementPropertyValue(order, "GetDataOrderResponse.ListDataOrder[0].InsuranceData[2].NetPremi", o_netpremi_2, CONTINUE_ON_FAILURE): Expected element property value '480194.00' is not equal with actual property value '998640.00'

2022-03-24 12:48:27 - [MESSAGE][FAILED] - Expected element property value '480194.00' is not equal with actual property value '998640.00'

2022-03-24 12:48:27 - [TEST_STEP][PASSED] - verifyElementPropertyValue(order, "GetDataOrderResponse.ListDataOrder[0].InsuranceData[2].PerluasanJaminan.TJH", o_tjh_val_2, CONTINUE_ON_FAILURE): Verify element property value successfully

2022-03-24 12:48:27 - [MESSAGE][PASSED] - Verify element property value successfully

2022-03-24 12:48:27 - [TEST_STEP][PASSED] - verifyElementPropertyValue(order, "GetDataOrderResponse.ListDataOrder[0].InsuranceData[2].PerluasanJaminan.RSCC", o_rscc_val_2, CONTINUE_ON_FAILURE): Verify element property value successfully

2022-03-24 12:48:27 - [MESSAGE][PASSED] - Verify element property value successfully

2022-03-24 12:48:27 - [TEST_STEP][PASSED] - verifyElementPropertyValue(order, "GetDataOrderResponse.ListDataOrder[0].InsuranceData[2].PerluasanJaminan.Banjir", o_rsmb_val_2, CONTINUE_ON_FAILURE): Verify element property value successfully

2022-03-24 12:48:27 - [MESSAGE][PASSED] - Verify element property value successfully

2022-03-24 12:48:27 - [TEST_STEP][PASSED] - verifyElementPropertyValue(order, "GetDataOrderResponse.ListDataOrder[0].InsuranceData[2].PerluasanJaminan.Accessories", o_acc_val_2, CONTINUE_ON_FAILURE): Verify element property value successfully

2022-03-24 12:48:27 - [MESSAGE][PASSED] - Verify element property value successfully

2022-03-24 12:48:27 - [TEST_STEP][FAILED] - verifyElementPropertyValue(order, "GetDataOrderResponse.ListDataOrder[0].InsuranceData[3].KondisiPertanggungan", o_kond_pertanggungan_3, CONTINUE_ON_FAILURE): Unable to verify element property value (Root cause: java.lang.NullPointerException: Cannot get property 'KondisiPertanggungan' on null object
	at Script1.run(Script1.groovy:1)
	at com.kms.katalon.core.webservice.helper.WebServiceCommonHelper.parseAndGetPropertyValueForJson(WebServiceCommonHelper.java:213)
	at com.kms.katalon.core.webservice.keyword.builtin.VerifyElementPropertyValueKeyword$_verifyElementPropertyValue_closure1.doCall(VerifyElementPropertyValueKeyword.groovy:52)
	at com.kms.katalon.core.webservice.keyword.builtin.VerifyElementPropertyValueKeyword$_verifyElementPropertyValue_closure1.call(VerifyElementPropertyValueKeyword.groovy)
	at com.kms.katalon.core.keyword.internal.KeywordMain.runKeyword(KeywordMain.groovy:74)
	at com.kms.katalon.core.webservice.keyword.builtin.VerifyElementPropertyValueKeyword.verifyElementPropertyValue(VerifyElementPropertyValueKeyword.groovy:48)
	at com.kms.katalon.core.webservice.keyword.builtin.VerifyElementPropertyValueKeyword.execute(VerifyElementPropertyValueKeyword.groovy:43)
	at com.kms.katalon.core.keyword.internal.KeywordExecutor.executeKeywordForPlatform(KeywordExecutor.groovy:74)
	at com.kms.katalon.core.webservice.keyword.WSBuiltInKeywords.verifyElementPropertyValue(WSBuiltInKeywords.groovy:175)
	at com.kms.katalon.core.webservice.keyword.WSBuiltInKeywords$verifyElementPropertyValue$0.call(Unknown Source)
	at 1. get token - data order.run(1. get token - data order:546)
	at com.kms.katalon.core.main.ScriptEngine.run(ScriptEngine.java:194)
	at com.kms.katalon.core.main.ScriptEngine.runScriptAsRawText(ScriptEngine.java:119)
	at com.kms.katalon.core.main.TestCaseExecutor.runScript(TestCaseExecutor.java:442)
	at com.kms.katalon.core.main.TestCaseExecutor.doExecute(TestCaseExecutor.java:433)
	at com.kms.katalon.core.main.TestCaseExecutor.processExecutionPhase(TestCaseExecutor.java:412)
	at com.kms.katalon.core.main.TestCaseExecutor.accessMainPhase(TestCaseExecutor.java:404)
	at com.kms.katalon.core.main.TestCaseExecutor.execute(TestCaseExecutor.java:281)
	at com.kms.katalon.core.main.TestSuiteExecutor.accessTestCaseMainPhase(TestSuiteExecutor.java:202)
	at com.kms.katalon.core.main.TestSuiteExecutor.accessTestSuiteMainPhase(TestSuiteExecutor.java:164)
	at com.kms.katalon.core.main.TestSuiteExecutor.execute(TestSuiteExecutor.java:105)
	at com.kms.katalon.core.main.TestCaseMain.startTestSuite(TestCaseMain.java:181)
	at com.kms.katalon.core.main.TestCaseMain$startTestSuite$0.call(Unknown Source)
	at TempTestSuite1648100878643.run(TempTestSuite1648100878643.groovy:36)
)

2022-03-24 12:48:27 - [MESSAGE][FAILED] - Unable to verify element property value (Root cause: java.lang.NullPointerException: Cannot get property 'KondisiPertanggungan' on null object
	at Script1.run(Script1.groovy:1)
	at com.kms.katalon.core.webservice.helper.WebServiceCommonHelper.parseAndGetPropertyValueForJson(WebServiceCommonHelper.java:213)
	at com.kms.katalon.core.webservice.keyword.builtin.VerifyElementPropertyValueKeyword$_verifyElementPropertyValue_closure1.doCall(VerifyElementPropertyValueKeyword.groovy:52)
	at com.kms.katalon.core.webservice.keyword.builtin.VerifyElementPropertyValueKeyword$_verifyElementPropertyValue_closure1.call(VerifyElementPropertyValueKeyword.groovy)
	at com.kms.katalon.core.keyword.internal.KeywordMain.runKeyword(KeywordMain.groovy:74)
	at com.kms.katalon.core.webservice.keyword.builtin.VerifyElementPropertyValueKeyword.verifyElementPropertyValue(VerifyElementPropertyValueKeyword.groovy:48)
	at com.kms.katalon.core.webservice.keyword.builtin.VerifyElementPropertyValueKeyword.execute(VerifyElementPropertyValueKeyword.groovy:43)
	at com.kms.katalon.core.keyword.internal.KeywordExecutor.executeKeywordForPlatform(KeywordExecutor.groovy:74)
	at com.kms.katalon.core.webservice.keyword.WSBuiltInKeywords.verifyElementPropertyValue(WSBuiltInKeywords.groovy:175)
	at com.kms.katalon.core.webservice.keyword.WSBuiltInKeywords$verifyElementPropertyValue$0.call(Unknown Source)
	at 1. get token - data order.run(1. get token - data order:546)
	at com.kms.katalon.core.main.ScriptEngine.run(ScriptEngine.java:194)
	at com.kms.katalon.core.main.ScriptEngine.runScriptAsRawText(ScriptEngine.java:119)
	at com.kms.katalon.core.main.TestCaseExecutor.runScript(TestCaseExecutor.java:442)
	at com.kms.katalon.core.main.TestCaseExecutor.doExecute(TestCaseExecutor.java:433)
	at com.kms.katalon.core.main.TestCaseExecutor.processExecutionPhase(TestCaseExecutor.java:412)
	at com.kms.katalon.core.main.TestCaseExecutor.accessMainPhase(TestCaseExecutor.java:404)
	at com.kms.katalon.core.main.TestCaseExecutor.execute(TestCaseExecutor.java:281)
	at com.kms.katalon.core.main.TestSuiteExecutor.accessTestCaseMainPhase(TestSuiteExecutor.java:202)
	at com.kms.katalon.core.main.TestSuiteExecutor.accessTestSuiteMainPhase(TestSuiteExecutor.java:164)
	at com.kms.katalon.core.main.TestSuiteExecutor.execute(TestSuiteExecutor.java:105)
	at com.kms.katalon.core.main.TestCaseMain.startTestSuite(TestCaseMain.java:181)
	at com.kms.katalon.core.main.TestCaseMain$startTestSuite$0.call(Unknown Source)
	at TempTestSuite1648100878643.run(TempTestSuite1648100878643.groovy:36)
)

2022-03-24 12:48:27 - [TEST_STEP][FAILED] - verifyElementPropertyValue(order, "GetDataOrderResponse.ListDataOrder[0].InsuranceData[3].TJH", o_tjh_header_3, CONTINUE_ON_FAILURE): Unable to verify element property value (Root cause: java.lang.NullPointerException: Cannot get property 'TJH' on null object
	at Script1.run(Script1.groovy:1)
	at com.kms.katalon.core.webservice.helper.WebServiceCommonHelper.parseAndGetPropertyValueForJson(WebServiceCommonHelper.java:213)
	at com.kms.katalon.core.webservice.keyword.builtin.VerifyElementPropertyValueKeyword$_verifyElementPropertyValue_closure1.doCall(VerifyElementPropertyValueKeyword.groovy:52)
	at com.kms.katalon.core.webservice.keyword.builtin.VerifyElementPropertyValueKeyword$_verifyElementPropertyValue_closure1.call(VerifyElementPropertyValueKeyword.groovy)
	at com.kms.katalon.core.keyword.internal.KeywordMain.runKeyword(KeywordMain.groovy:74)
	at com.kms.katalon.core.webservice.keyword.builtin.VerifyElementPropertyValueKeyword.verifyElementPropertyValue(VerifyElementPropertyValueKeyword.groovy:48)
	at com.kms.katalon.core.webservice.keyword.builtin.VerifyElementPropertyValueKeyword.execute(VerifyElementPropertyValueKeyword.groovy:43)
	at com.kms.katalon.core.keyword.internal.KeywordExecutor.executeKeywordForPlatform(KeywordExecutor.groovy:74)
	at com.kms.katalon.core.webservice.keyword.WSBuiltInKeywords.verifyElementPropertyValue(WSBuiltInKeywords.groovy:175)
	at com.kms.katalon.core.webservice.keyword.WSBuiltInKeywords$verifyElementPropertyValue$0.call(Unknown Source)
	at 1. get token - data order.run(1. get token - data order:549)
	at com.kms.katalon.core.main.ScriptEngine.run(ScriptEngine.java:194)
	at com.kms.katalon.core.main.ScriptEngine.runScriptAsRawText(ScriptEngine.java:119)
	at com.kms.katalon.core.main.TestCaseExecutor.runScript(TestCaseExecutor.java:442)
	at com.kms.katalon.core.main.TestCaseExecutor.doExecute(TestCaseExecutor.java:433)
	at com.kms.katalon.core.main.TestCaseExecutor.processExecutionPhase(TestCaseExecutor.java:412)
	at com.kms.katalon.core.main.TestCaseExecutor.accessMainPhase(TestCaseExecutor.java:404)
	at com.kms.katalon.core.main.TestCaseExecutor.execute(TestCaseExecutor.java:281)
	at com.kms.katalon.core.main.TestSuiteExecutor.accessTestCaseMainPhase(TestSuiteExecutor.java:202)
	at com.kms.katalon.core.main.TestSuiteExecutor.accessTestSuiteMainPhase(TestSuiteExecutor.java:164)
	at com.kms.katalon.core.main.TestSuiteExecutor.execute(TestSuiteExecutor.java:105)
	at com.kms.katalon.core.main.TestCaseMain.startTestSuite(TestCaseMain.java:181)
	at com.kms.katalon.core.main.TestCaseMain$startTestSuite$0.call(Unknown Source)
	at TempTestSuite1648100878643.run(TempTestSuite1648100878643.groovy:36)
)

2022-03-24 12:48:27 - [MESSAGE][FAILED] - Unable to verify element property value (Root cause: java.lang.NullPointerException: Cannot get property 'TJH' on null object
	at Script1.run(Script1.groovy:1)
	at com.kms.katalon.core.webservice.helper.WebServiceCommonHelper.parseAndGetPropertyValueForJson(WebServiceCommonHelper.java:213)
	at com.kms.katalon.core.webservice.keyword.builtin.VerifyElementPropertyValueKeyword$_verifyElementPropertyValue_closure1.doCall(VerifyElementPropertyValueKeyword.groovy:52)
	at com.kms.katalon.core.webservice.keyword.builtin.VerifyElementPropertyValueKeyword$_verifyElementPropertyValue_closure1.call(VerifyElementPropertyValueKeyword.groovy)
	at com.kms.katalon.core.keyword.internal.KeywordMain.runKeyword(KeywordMain.groovy:74)
	at com.kms.katalon.core.webservice.keyword.builtin.VerifyElementPropertyValueKeyword.verifyElementPropertyValue(VerifyElementPropertyValueKeyword.groovy:48)
	at com.kms.katalon.core.webservice.keyword.builtin.VerifyElementPropertyValueKeyword.execute(VerifyElementPropertyValueKeyword.groovy:43)
	at com.kms.katalon.core.keyword.internal.KeywordExecutor.executeKeywordForPlatform(KeywordExecutor.groovy:74)
	at com.kms.katalon.core.webservice.keyword.WSBuiltInKeywords.verifyElementPropertyValue(WSBuiltInKeywords.groovy:175)
	at com.kms.katalon.core.webservice.keyword.WSBuiltInKeywords$verifyElementPropertyValue$0.call(Unknown Source)
	at 1. get token - data order.run(1. get token - data order:549)
	at com.kms.katalon.core.main.ScriptEngine.run(ScriptEngine.java:194)
	at com.kms.katalon.core.main.ScriptEngine.runScriptAsRawText(ScriptEngine.java:119)
	at com.kms.katalon.core.main.TestCaseExecutor.runScript(TestCaseExecutor.java:442)
	at com.kms.katalon.core.main.TestCaseExecutor.doExecute(TestCaseExecutor.java:433)
	at com.kms.katalon.core.main.TestCaseExecutor.processExecutionPhase(TestCaseExecutor.java:412)
	at com.kms.katalon.core.main.TestCaseExecutor.accessMainPhase(TestCaseExecutor.java:404)
	at com.kms.katalon.core.main.TestCaseExecutor.execute(TestCaseExecutor.java:281)
	at com.kms.katalon.core.main.TestSuiteExecutor.accessTestCaseMainPhase(TestSuiteExecutor.java:202)
	at com.kms.katalon.core.main.TestSuiteExecutor.accessTestSuiteMainPhase(TestSuiteExecutor.java:164)
	at com.kms.katalon.core.main.TestSuiteExecutor.execute(TestSuiteExecutor.java:105)
	at com.kms.katalon.core.main.TestCaseMain.startTestSuite(TestCaseMain.java:181)
	at com.kms.katalon.core.main.TestCaseMain$startTestSuite$0.call(Unknown Source)
	at TempTestSuite1648100878643.run(TempTestSuite1648100878643.groovy:36)
)

2022-03-24 12:48:27 - [TEST_STEP][FAILED] - verifyElementPropertyValue(order, "GetDataOrderResponse.ListDataOrder[0].InsuranceData[3].InsuredValue", o_ins_val_3, CONTINUE_ON_FAILURE): Unable to verify element property value (Root cause: java.lang.NullPointerException: Cannot get property 'InsuredValue' on null object
	at Script1.run(Script1.groovy:1)
	at com.kms.katalon.core.webservice.helper.WebServiceCommonHelper.parseAndGetPropertyValueForJson(WebServiceCommonHelper.java:213)
	at com.kms.katalon.core.webservice.keyword.builtin.VerifyElementPropertyValueKeyword$_verifyElementPropertyValue_closure1.doCall(VerifyElementPropertyValueKeyword.groovy:52)
	at com.kms.katalon.core.webservice.keyword.builtin.VerifyElementPropertyValueKeyword$_verifyElementPropertyValue_closure1.call(VerifyElementPropertyValueKeyword.groovy)
	at com.kms.katalon.core.keyword.internal.KeywordMain.runKeyword(KeywordMain.groovy:74)
	at com.kms.katalon.core.webservice.keyword.builtin.VerifyElementPropertyValueKeyword.verifyElementPropertyValue(VerifyElementPropertyValueKeyword.groovy:48)
	at com.kms.katalon.core.webservice.keyword.builtin.VerifyElementPropertyValueKeyword.execute(VerifyElementPropertyValueKeyword.groovy:43)
	at com.kms.katalon.core.keyword.internal.KeywordExecutor.executeKeywordForPlatform(KeywordExecutor.groovy:74)
	at com.kms.katalon.core.webservice.keyword.WSBuiltInKeywords.verifyElementPropertyValue(WSBuiltInKeywords.groovy:175)
	at com.kms.katalon.core.webservice.keyword.WSBuiltInKeywords$verifyElementPropertyValue$0.call(Unknown Source)
	at 1. get token - data order.run(1. get token - data order:551)
	at com.kms.katalon.core.main.ScriptEngine.run(ScriptEngine.java:194)
	at com.kms.katalon.core.main.ScriptEngine.runScriptAsRawText(ScriptEngine.java:119)
	at com.kms.katalon.core.main.TestCaseExecutor.runScript(TestCaseExecutor.java:442)
	at com.kms.katalon.core.main.TestCaseExecutor.doExecute(TestCaseExecutor.java:433)
	at com.kms.katalon.core.main.TestCaseExecutor.processExecutionPhase(TestCaseExecutor.java:412)
	at com.kms.katalon.core.main.TestCaseExecutor.accessMainPhase(TestCaseExecutor.java:404)
	at com.kms.katalon.core.main.TestCaseExecutor.execute(TestCaseExecutor.java:281)
	at com.kms.katalon.core.main.TestSuiteExecutor.accessTestCaseMainPhase(TestSuiteExecutor.java:202)
	at com.kms.katalon.core.main.TestSuiteExecutor.accessTestSuiteMainPhase(TestSuiteExecutor.java:164)
	at com.kms.katalon.core.main.TestSuiteExecutor.execute(TestSuiteExecutor.java:105)
	at com.kms.katalon.core.main.TestCaseMain.startTestSuite(TestCaseMain.java:181)
	at com.kms.katalon.core.main.TestCaseMain$startTestSuite$0.call(Unknown Source)
	at TempTestSuite1648100878643.run(TempTestSuite1648100878643.groovy:36)
)

2022-03-24 12:48:27 - [MESSAGE][FAILED] - Unable to verify element property value (Root cause: java.lang.NullPointerException: Cannot get property 'InsuredValue' on null object
	at Script1.run(Script1.groovy:1)
	at com.kms.katalon.core.webservice.helper.WebServiceCommonHelper.parseAndGetPropertyValueForJson(WebServiceCommonHelper.java:213)
	at com.kms.katalon.core.webservice.keyword.builtin.VerifyElementPropertyValueKeyword$_verifyElementPropertyValue_closure1.doCall(VerifyElementPropertyValueKeyword.groovy:52)
	at com.kms.katalon.core.webservice.keyword.builtin.VerifyElementPropertyValueKeyword$_verifyElementPropertyValue_closure1.call(VerifyElementPropertyValueKeyword.groovy)
	at com.kms.katalon.core.keyword.internal.KeywordMain.runKeyword(KeywordMain.groovy:74)
	at com.kms.katalon.core.webservice.keyword.builtin.VerifyElementPropertyValueKeyword.verifyElementPropertyValue(VerifyElementPropertyValueKeyword.groovy:48)
	at com.kms.katalon.core.webservice.keyword.builtin.VerifyElementPropertyValueKeyword.execute(VerifyElementPropertyValueKeyword.groovy:43)
	at com.kms.katalon.core.keyword.internal.KeywordExecutor.executeKeywordForPlatform(KeywordExecutor.groovy:74)
	at com.kms.katalon.core.webservice.keyword.WSBuiltInKeywords.verifyElementPropertyValue(WSBuiltInKeywords.groovy:175)
	at com.kms.katalon.core.webservice.keyword.WSBuiltInKeywords$verifyElementPropertyValue$0.call(Unknown Source)
	at 1. get token - data order.run(1. get token - data order:551)
	at com.kms.katalon.core.main.ScriptEngine.run(ScriptEngine.java:194)
	at com.kms.katalon.core.main.ScriptEngine.runScriptAsRawText(ScriptEngine.java:119)
	at com.kms.katalon.core.main.TestCaseExecutor.runScript(TestCaseExecutor.java:442)
	at com.kms.katalon.core.main.TestCaseExecutor.doExecute(TestCaseExecutor.java:433)
	at com.kms.katalon.core.main.TestCaseExecutor.processExecutionPhase(TestCaseExecutor.java:412)
	at com.kms.katalon.core.main.TestCaseExecutor.accessMainPhase(TestCaseExecutor.java:404)
	at com.kms.katalon.core.main.TestCaseExecutor.execute(TestCaseExecutor.java:281)
	at com.kms.katalon.core.main.TestSuiteExecutor.accessTestCaseMainPhase(TestSuiteExecutor.java:202)
	at com.kms.katalon.core.main.TestSuiteExecutor.accessTestSuiteMainPhase(TestSuiteExecutor.java:164)
	at com.kms.katalon.core.main.TestSuiteExecutor.execute(TestSuiteExecutor.java:105)
	at com.kms.katalon.core.main.TestCaseMain.startTestSuite(TestCaseMain.java:181)
	at com.kms.katalon.core.main.TestCaseMain$startTestSuite$0.call(Unknown Source)
	at TempTestSuite1648100878643.run(TempTestSuite1648100878643.groovy:36)
)

2022-03-24 12:48:27 - [TEST_STEP][FAILED] - verifyElementPropertyValue(order, "GetDataOrderResponse.ListDataOrder[0].InsuranceData[3].InsuredFrom", o_ins_form_3, CONTINUE_ON_FAILURE): Unable to verify element property value (Root cause: java.lang.NullPointerException: Cannot get property 'InsuredFrom' on null object
	at Script1.run(Script1.groovy:1)
	at com.kms.katalon.core.webservice.helper.WebServiceCommonHelper.parseAndGetPropertyValueForJson(WebServiceCommonHelper.java:213)
	at com.kms.katalon.core.webservice.keyword.builtin.VerifyElementPropertyValueKeyword$_verifyElementPropertyValue_closure1.doCall(VerifyElementPropertyValueKeyword.groovy:52)
	at com.kms.katalon.core.webservice.keyword.builtin.VerifyElementPropertyValueKeyword$_verifyElementPropertyValue_closure1.call(VerifyElementPropertyValueKeyword.groovy)
	at com.kms.katalon.core.keyword.internal.KeywordMain.runKeyword(KeywordMain.groovy:74)
	at com.kms.katalon.core.webservice.keyword.builtin.VerifyElementPropertyValueKeyword.verifyElementPropertyValue(VerifyElementPropertyValueKeyword.groovy:48)
	at com.kms.katalon.core.webservice.keyword.builtin.VerifyElementPropertyValueKeyword.execute(VerifyElementPropertyValueKeyword.groovy:43)
	at com.kms.katalon.core.keyword.internal.KeywordExecutor.executeKeywordForPlatform(KeywordExecutor.groovy:74)
	at com.kms.katalon.core.webservice.keyword.WSBuiltInKeywords.verifyElementPropertyValue(WSBuiltInKeywords.groovy:175)
	at com.kms.katalon.core.webservice.keyword.WSBuiltInKeywords$verifyElementPropertyValue$0.call(Unknown Source)
	at 1. get token - data order.run(1. get token - data order:554)
	at com.kms.katalon.core.main.ScriptEngine.run(ScriptEngine.java:194)
	at com.kms.katalon.core.main.ScriptEngine.runScriptAsRawText(ScriptEngine.java:119)
	at com.kms.katalon.core.main.TestCaseExecutor.runScript(TestCaseExecutor.java:442)
	at com.kms.katalon.core.main.TestCaseExecutor.doExecute(TestCaseExecutor.java:433)
	at com.kms.katalon.core.main.TestCaseExecutor.processExecutionPhase(TestCaseExecutor.java:412)
	at com.kms.katalon.core.main.TestCaseExecutor.accessMainPhase(TestCaseExecutor.java:404)
	at com.kms.katalon.core.main.TestCaseExecutor.execute(TestCaseExecutor.java:281)
	at com.kms.katalon.core.main.TestSuiteExecutor.accessTestCaseMainPhase(TestSuiteExecutor.java:202)
	at com.kms.katalon.core.main.TestSuiteExecutor.accessTestSuiteMainPhase(TestSuiteExecutor.java:164)
	at com.kms.katalon.core.main.TestSuiteExecutor.execute(TestSuiteExecutor.java:105)
	at com.kms.katalon.core.main.TestCaseMain.startTestSuite(TestCaseMain.java:181)
	at com.kms.katalon.core.main.TestCaseMain$startTestSuite$0.call(Unknown Source)
	at TempTestSuite1648100878643.run(TempTestSuite1648100878643.groovy:36)
)

2022-03-24 12:48:27 - [MESSAGE][FAILED] - Unable to verify element property value (Root cause: java.lang.NullPointerException: Cannot get property 'InsuredFrom' on null object
	at Script1.run(Script1.groovy:1)
	at com.kms.katalon.core.webservice.helper.WebServiceCommonHelper.parseAndGetPropertyValueForJson(WebServiceCommonHelper.java:213)
	at com.kms.katalon.core.webservice.keyword.builtin.VerifyElementPropertyValueKeyword$_verifyElementPropertyValue_closure1.doCall(VerifyElementPropertyValueKeyword.groovy:52)
	at com.kms.katalon.core.webservice.keyword.builtin.VerifyElementPropertyValueKeyword$_verifyElementPropertyValue_closure1.call(VerifyElementPropertyValueKeyword.groovy)
	at com.kms.katalon.core.keyword.internal.KeywordMain.runKeyword(KeywordMain.groovy:74)
	at com.kms.katalon.core.webservice.keyword.builtin.VerifyElementPropertyValueKeyword.verifyElementPropertyValue(VerifyElementPropertyValueKeyword.groovy:48)
	at com.kms.katalon.core.webservice.keyword.builtin.VerifyElementPropertyValueKeyword.execute(VerifyElementPropertyValueKeyword.groovy:43)
	at com.kms.katalon.core.keyword.internal.KeywordExecutor.executeKeywordForPlatform(KeywordExecutor.groovy:74)
	at com.kms.katalon.core.webservice.keyword.WSBuiltInKeywords.verifyElementPropertyValue(WSBuiltInKeywords.groovy:175)
	at com.kms.katalon.core.webservice.keyword.WSBuiltInKeywords$verifyElementPropertyValue$0.call(Unknown Source)
	at 1. get token - data order.run(1. get token - data order:554)
	at com.kms.katalon.core.main.ScriptEngine.run(ScriptEngine.java:194)
	at com.kms.katalon.core.main.ScriptEngine.runScriptAsRawText(ScriptEngine.java:119)
	at com.kms.katalon.core.main.TestCaseExecutor.runScript(TestCaseExecutor.java:442)
	at com.kms.katalon.core.main.TestCaseExecutor.doExecute(TestCaseExecutor.java:433)
	at com.kms.katalon.core.main.TestCaseExecutor.processExecutionPhase(TestCaseExecutor.java:412)
	at com.kms.katalon.core.main.TestCaseExecutor.accessMainPhase(TestCaseExecutor.java:404)
	at com.kms.katalon.core.main.TestCaseExecutor.execute(TestCaseExecutor.java:281)
	at com.kms.katalon.core.main.TestSuiteExecutor.accessTestCaseMainPhase(TestSuiteExecutor.java:202)
	at com.kms.katalon.core.main.TestSuiteExecutor.accessTestSuiteMainPhase(TestSuiteExecutor.java:164)
	at com.kms.katalon.core.main.TestSuiteExecutor.execute(TestSuiteExecutor.java:105)
	at com.kms.katalon.core.main.TestCaseMain.startTestSuite(TestCaseMain.java:181)
	at com.kms.katalon.core.main.TestCaseMain$startTestSuite$0.call(Unknown Source)
	at TempTestSuite1648100878643.run(TempTestSuite1648100878643.groovy:36)
)

2022-03-24 12:48:27 - [TEST_STEP][FAILED] - verifyElementPropertyValue(order, "GetDataOrderResponse.ListDataOrder[0].InsuranceData[3].InsuredTo", o_ins_to_3, CONTINUE_ON_FAILURE): Unable to verify element property value (Root cause: java.lang.NullPointerException: Cannot get property 'InsuredTo' on null object
	at Script1.run(Script1.groovy:1)
	at com.kms.katalon.core.webservice.helper.WebServiceCommonHelper.parseAndGetPropertyValueForJson(WebServiceCommonHelper.java:213)
	at com.kms.katalon.core.webservice.keyword.builtin.VerifyElementPropertyValueKeyword$_verifyElementPropertyValue_closure1.doCall(VerifyElementPropertyValueKeyword.groovy:52)
	at com.kms.katalon.core.webservice.keyword.builtin.VerifyElementPropertyValueKeyword$_verifyElementPropertyValue_closure1.call(VerifyElementPropertyValueKeyword.groovy)
	at com.kms.katalon.core.keyword.internal.KeywordMain.runKeyword(KeywordMain.groovy:74)
	at com.kms.katalon.core.webservice.keyword.builtin.VerifyElementPropertyValueKeyword.verifyElementPropertyValue(VerifyElementPropertyValueKeyword.groovy:48)
	at com.kms.katalon.core.webservice.keyword.builtin.VerifyElementPropertyValueKeyword.execute(VerifyElementPropertyValueKeyword.groovy:43)
	at com.kms.katalon.core.keyword.internal.KeywordExecutor.executeKeywordForPlatform(KeywordExecutor.groovy:74)
	at com.kms.katalon.core.webservice.keyword.WSBuiltInKeywords.verifyElementPropertyValue(WSBuiltInKeywords.groovy:175)
	at com.kms.katalon.core.webservice.keyword.WSBuiltInKeywords$verifyElementPropertyValue$0.call(Unknown Source)
	at 1. get token - data order.run(1. get token - data order:557)
	at com.kms.katalon.core.main.ScriptEngine.run(ScriptEngine.java:194)
	at com.kms.katalon.core.main.ScriptEngine.runScriptAsRawText(ScriptEngine.java:119)
	at com.kms.katalon.core.main.TestCaseExecutor.runScript(TestCaseExecutor.java:442)
	at com.kms.katalon.core.main.TestCaseExecutor.doExecute(TestCaseExecutor.java:433)
	at com.kms.katalon.core.main.TestCaseExecutor.processExecutionPhase(TestCaseExecutor.java:412)
	at com.kms.katalon.core.main.TestCaseExecutor.accessMainPhase(TestCaseExecutor.java:404)
	at com.kms.katalon.core.main.TestCaseExecutor.execute(TestCaseExecutor.java:281)
	at com.kms.katalon.core.main.TestSuiteExecutor.accessTestCaseMainPhase(TestSuiteExecutor.java:202)
	at com.kms.katalon.core.main.TestSuiteExecutor.accessTestSuiteMainPhase(TestSuiteExecutor.java:164)
	at com.kms.katalon.core.main.TestSuiteExecutor.execute(TestSuiteExecutor.java:105)
	at com.kms.katalon.core.main.TestCaseMain.startTestSuite(TestCaseMain.java:181)
	at com.kms.katalon.core.main.TestCaseMain$startTestSuite$0.call(Unknown Source)
	at TempTestSuite1648100878643.run(TempTestSuite1648100878643.groovy:36)
)

2022-03-24 12:48:27 - [MESSAGE][FAILED] - Unable to verify element property value (Root cause: java.lang.NullPointerException: Cannot get property 'InsuredTo' on null object
	at Script1.run(Script1.groovy:1)
	at com.kms.katalon.core.webservice.helper.WebServiceCommonHelper.parseAndGetPropertyValueForJson(WebServiceCommonHelper.java:213)
	at com.kms.katalon.core.webservice.keyword.builtin.VerifyElementPropertyValueKeyword$_verifyElementPropertyValue_closure1.doCall(VerifyElementPropertyValueKeyword.groovy:52)
	at com.kms.katalon.core.webservice.keyword.builtin.VerifyElementPropertyValueKeyword$_verifyElementPropertyValue_closure1.call(VerifyElementPropertyValueKeyword.groovy)
	at com.kms.katalon.core.keyword.internal.KeywordMain.runKeyword(KeywordMain.groovy:74)
	at com.kms.katalon.core.webservice.keyword.builtin.VerifyElementPropertyValueKeyword.verifyElementPropertyValue(VerifyElementPropertyValueKeyword.groovy:48)
	at com.kms.katalon.core.webservice.keyword.builtin.VerifyElementPropertyValueKeyword.execute(VerifyElementPropertyValueKeyword.groovy:43)
	at com.kms.katalon.core.keyword.internal.KeywordExecutor.executeKeywordForPlatform(KeywordExecutor.groovy:74)
	at com.kms.katalon.core.webservice.keyword.WSBuiltInKeywords.verifyElementPropertyValue(WSBuiltInKeywords.groovy:175)
	at com.kms.katalon.core.webservice.keyword.WSBuiltInKeywords$verifyElementPropertyValue$0.call(Unknown Source)
	at 1. get token - data order.run(1. get token - data order:557)
	at com.kms.katalon.core.main.ScriptEngine.run(ScriptEngine.java:194)
	at com.kms.katalon.core.main.ScriptEngine.runScriptAsRawText(ScriptEngine.java:119)
	at com.kms.katalon.core.main.TestCaseExecutor.runScript(TestCaseExecutor.java:442)
	at com.kms.katalon.core.main.TestCaseExecutor.doExecute(TestCaseExecutor.java:433)
	at com.kms.katalon.core.main.TestCaseExecutor.processExecutionPhase(TestCaseExecutor.java:412)
	at com.kms.katalon.core.main.TestCaseExecutor.accessMainPhase(TestCaseExecutor.java:404)
	at com.kms.katalon.core.main.TestCaseExecutor.execute(TestCaseExecutor.java:281)
	at com.kms.katalon.core.main.TestSuiteExecutor.accessTestCaseMainPhase(TestSuiteExecutor.java:202)
	at com.kms.katalon.core.main.TestSuiteExecutor.accessTestSuiteMainPhase(TestSuiteExecutor.java:164)
	at com.kms.katalon.core.main.TestSuiteExecutor.execute(TestSuiteExecutor.java:105)
	at com.kms.katalon.core.main.TestCaseMain.startTestSuite(TestCaseMain.java:181)
	at com.kms.katalon.core.main.TestCaseMain$startTestSuite$0.call(Unknown Source)
	at TempTestSuite1648100878643.run(TempTestSuite1648100878643.groovy:36)
)

2022-03-24 12:48:27 - [TEST_STEP][FAILED] - verifyElementPropertyValue(order, "GetDataOrderResponse.ListDataOrder[0].InsuranceData[3].Rate", o_rate_3, CONTINUE_ON_FAILURE): Unable to verify element property value (Root cause: java.lang.NullPointerException: Cannot get property 'Rate' on null object
	at Script1.run(Script1.groovy:1)
	at com.kms.katalon.core.webservice.helper.WebServiceCommonHelper.parseAndGetPropertyValueForJson(WebServiceCommonHelper.java:213)
	at com.kms.katalon.core.webservice.keyword.builtin.VerifyElementPropertyValueKeyword$_verifyElementPropertyValue_closure1.doCall(VerifyElementPropertyValueKeyword.groovy:52)
	at com.kms.katalon.core.webservice.keyword.builtin.VerifyElementPropertyValueKeyword$_verifyElementPropertyValue_closure1.call(VerifyElementPropertyValueKeyword.groovy)
	at com.kms.katalon.core.keyword.internal.KeywordMain.runKeyword(KeywordMain.groovy:74)
	at com.kms.katalon.core.webservice.keyword.builtin.VerifyElementPropertyValueKeyword.verifyElementPropertyValue(VerifyElementPropertyValueKeyword.groovy:48)
	at com.kms.katalon.core.webservice.keyword.builtin.VerifyElementPropertyValueKeyword.execute(VerifyElementPropertyValueKeyword.groovy:43)
	at com.kms.katalon.core.keyword.internal.KeywordExecutor.executeKeywordForPlatform(KeywordExecutor.groovy:74)
	at com.kms.katalon.core.webservice.keyword.WSBuiltInKeywords.verifyElementPropertyValue(WSBuiltInKeywords.groovy:175)
	at com.kms.katalon.core.webservice.keyword.WSBuiltInKeywords$verifyElementPropertyValue$0.call(Unknown Source)
	at 1. get token - data order.run(1. get token - data order:560)
	at com.kms.katalon.core.main.ScriptEngine.run(ScriptEngine.java:194)
	at com.kms.katalon.core.main.ScriptEngine.runScriptAsRawText(ScriptEngine.java:119)
	at com.kms.katalon.core.main.TestCaseExecutor.runScript(TestCaseExecutor.java:442)
	at com.kms.katalon.core.main.TestCaseExecutor.doExecute(TestCaseExecutor.java:433)
	at com.kms.katalon.core.main.TestCaseExecutor.processExecutionPhase(TestCaseExecutor.java:412)
	at com.kms.katalon.core.main.TestCaseExecutor.accessMainPhase(TestCaseExecutor.java:404)
	at com.kms.katalon.core.main.TestCaseExecutor.execute(TestCaseExecutor.java:281)
	at com.kms.katalon.core.main.TestSuiteExecutor.accessTestCaseMainPhase(TestSuiteExecutor.java:202)
	at com.kms.katalon.core.main.TestSuiteExecutor.accessTestSuiteMainPhase(TestSuiteExecutor.java:164)
	at com.kms.katalon.core.main.TestSuiteExecutor.execute(TestSuiteExecutor.java:105)
	at com.kms.katalon.core.main.TestCaseMain.startTestSuite(TestCaseMain.java:181)
	at com.kms.katalon.core.main.TestCaseMain$startTestSuite$0.call(Unknown Source)
	at TempTestSuite1648100878643.run(TempTestSuite1648100878643.groovy:36)
)

2022-03-24 12:48:27 - [MESSAGE][FAILED] - Unable to verify element property value (Root cause: java.lang.NullPointerException: Cannot get property 'Rate' on null object
	at Script1.run(Script1.groovy:1)
	at com.kms.katalon.core.webservice.helper.WebServiceCommonHelper.parseAndGetPropertyValueForJson(WebServiceCommonHelper.java:213)
	at com.kms.katalon.core.webservice.keyword.builtin.VerifyElementPropertyValueKeyword$_verifyElementPropertyValue_closure1.doCall(VerifyElementPropertyValueKeyword.groovy:52)
	at com.kms.katalon.core.webservice.keyword.builtin.VerifyElementPropertyValueKeyword$_verifyElementPropertyValue_closure1.call(VerifyElementPropertyValueKeyword.groovy)
	at com.kms.katalon.core.keyword.internal.KeywordMain.runKeyword(KeywordMain.groovy:74)
	at com.kms.katalon.core.webservice.keyword.builtin.VerifyElementPropertyValueKeyword.verifyElementPropertyValue(VerifyElementPropertyValueKeyword.groovy:48)
	at com.kms.katalon.core.webservice.keyword.builtin.VerifyElementPropertyValueKeyword.execute(VerifyElementPropertyValueKeyword.groovy:43)
	at com.kms.katalon.core.keyword.internal.KeywordExecutor.executeKeywordForPlatform(KeywordExecutor.groovy:74)
	at com.kms.katalon.core.webservice.keyword.WSBuiltInKeywords.verifyElementPropertyValue(WSBuiltInKeywords.groovy:175)
	at com.kms.katalon.core.webservice.keyword.WSBuiltInKeywords$verifyElementPropertyValue$0.call(Unknown Source)
	at 1. get token - data order.run(1. get token - data order:560)
	at com.kms.katalon.core.main.ScriptEngine.run(ScriptEngine.java:194)
	at com.kms.katalon.core.main.ScriptEngine.runScriptAsRawText(ScriptEngine.java:119)
	at com.kms.katalon.core.main.TestCaseExecutor.runScript(TestCaseExecutor.java:442)
	at com.kms.katalon.core.main.TestCaseExecutor.doExecute(TestCaseExecutor.java:433)
	at com.kms.katalon.core.main.TestCaseExecutor.processExecutionPhase(TestCaseExecutor.java:412)
	at com.kms.katalon.core.main.TestCaseExecutor.accessMainPhase(TestCaseExecutor.java:404)
	at com.kms.katalon.core.main.TestCaseExecutor.execute(TestCaseExecutor.java:281)
	at com.kms.katalon.core.main.TestSuiteExecutor.accessTestCaseMainPhase(TestSuiteExecutor.java:202)
	at com.kms.katalon.core.main.TestSuiteExecutor.accessTestSuiteMainPhase(TestSuiteExecutor.java:164)
	at com.kms.katalon.core.main.TestSuiteExecutor.execute(TestSuiteExecutor.java:105)
	at com.kms.katalon.core.main.TestCaseMain.startTestSuite(TestCaseMain.java:181)
	at com.kms.katalon.core.main.TestCaseMain$startTestSuite$0.call(Unknown Source)
	at TempTestSuite1648100878643.run(TempTestSuite1648100878643.groovy:36)
)

2022-03-24 12:48:27 - [TEST_STEP][FAILED] - verifyElementPropertyValue(order, "GetDataOrderResponse.ListDataOrder[0].InsuranceData[3].GrossPremi", o_gross_premi_3, CONTINUE_ON_FAILURE): Unable to verify element property value (Root cause: java.lang.NullPointerException: Cannot get property 'GrossPremi' on null object
	at Script1.run(Script1.groovy:1)
	at com.kms.katalon.core.webservice.helper.WebServiceCommonHelper.parseAndGetPropertyValueForJson(WebServiceCommonHelper.java:213)
	at com.kms.katalon.core.webservice.keyword.builtin.VerifyElementPropertyValueKeyword$_verifyElementPropertyValue_closure1.doCall(VerifyElementPropertyValueKeyword.groovy:52)
	at com.kms.katalon.core.webservice.keyword.builtin.VerifyElementPropertyValueKeyword$_verifyElementPropertyValue_closure1.call(VerifyElementPropertyValueKeyword.groovy)
	at com.kms.katalon.core.keyword.internal.KeywordMain.runKeyword(KeywordMain.groovy:74)
	at com.kms.katalon.core.webservice.keyword.builtin.VerifyElementPropertyValueKeyword.verifyElementPropertyValue(VerifyElementPropertyValueKeyword.groovy:48)
	at com.kms.katalon.core.webservice.keyword.builtin.VerifyElementPropertyValueKeyword.execute(VerifyElementPropertyValueKeyword.groovy:43)
	at com.kms.katalon.core.keyword.internal.KeywordExecutor.executeKeywordForPlatform(KeywordExecutor.groovy:74)
	at com.kms.katalon.core.webservice.keyword.WSBuiltInKeywords.verifyElementPropertyValue(WSBuiltInKeywords.groovy:175)
	at com.kms.katalon.core.webservice.keyword.WSBuiltInKeywords$verifyElementPropertyValue$0.call(Unknown Source)
	at 1. get token - data order.run(1. get token - data order:562)
	at com.kms.katalon.core.main.ScriptEngine.run(ScriptEngine.java:194)
	at com.kms.katalon.core.main.ScriptEngine.runScriptAsRawText(ScriptEngine.java:119)
	at com.kms.katalon.core.main.TestCaseExecutor.runScript(TestCaseExecutor.java:442)
	at com.kms.katalon.core.main.TestCaseExecutor.doExecute(TestCaseExecutor.java:433)
	at com.kms.katalon.core.main.TestCaseExecutor.processExecutionPhase(TestCaseExecutor.java:412)
	at com.kms.katalon.core.main.TestCaseExecutor.accessMainPhase(TestCaseExecutor.java:404)
	at com.kms.katalon.core.main.TestCaseExecutor.execute(TestCaseExecutor.java:281)
	at com.kms.katalon.core.main.TestSuiteExecutor.accessTestCaseMainPhase(TestSuiteExecutor.java:202)
	at com.kms.katalon.core.main.TestSuiteExecutor.accessTestSuiteMainPhase(TestSuiteExecutor.java:164)
	at com.kms.katalon.core.main.TestSuiteExecutor.execute(TestSuiteExecutor.java:105)
	at com.kms.katalon.core.main.TestCaseMain.startTestSuite(TestCaseMain.java:181)
	at com.kms.katalon.core.main.TestCaseMain$startTestSuite$0.call(Unknown Source)
	at TempTestSuite1648100878643.run(TempTestSuite1648100878643.groovy:36)
)

2022-03-24 12:48:27 - [MESSAGE][FAILED] - Unable to verify element property value (Root cause: java.lang.NullPointerException: Cannot get property 'GrossPremi' on null object
	at Script1.run(Script1.groovy:1)
	at com.kms.katalon.core.webservice.helper.WebServiceCommonHelper.parseAndGetPropertyValueForJson(WebServiceCommonHelper.java:213)
	at com.kms.katalon.core.webservice.keyword.builtin.VerifyElementPropertyValueKeyword$_verifyElementPropertyValue_closure1.doCall(VerifyElementPropertyValueKeyword.groovy:52)
	at com.kms.katalon.core.webservice.keyword.builtin.VerifyElementPropertyValueKeyword$_verifyElementPropertyValue_closure1.call(VerifyElementPropertyValueKeyword.groovy)
	at com.kms.katalon.core.keyword.internal.KeywordMain.runKeyword(KeywordMain.groovy:74)
	at com.kms.katalon.core.webservice.keyword.builtin.VerifyElementPropertyValueKeyword.verifyElementPropertyValue(VerifyElementPropertyValueKeyword.groovy:48)
	at com.kms.katalon.core.webservice.keyword.builtin.VerifyElementPropertyValueKeyword.execute(VerifyElementPropertyValueKeyword.groovy:43)
	at com.kms.katalon.core.keyword.internal.KeywordExecutor.executeKeywordForPlatform(KeywordExecutor.groovy:74)
	at com.kms.katalon.core.webservice.keyword.WSBuiltInKeywords.verifyElementPropertyValue(WSBuiltInKeywords.groovy:175)
	at com.kms.katalon.core.webservice.keyword.WSBuiltInKeywords$verifyElementPropertyValue$0.call(Unknown Source)
	at 1. get token - data order.run(1. get token - data order:562)
	at com.kms.katalon.core.main.ScriptEngine.run(ScriptEngine.java:194)
	at com.kms.katalon.core.main.ScriptEngine.runScriptAsRawText(ScriptEngine.java:119)
	at com.kms.katalon.core.main.TestCaseExecutor.runScript(TestCaseExecutor.java:442)
	at com.kms.katalon.core.main.TestCaseExecutor.doExecute(TestCaseExecutor.java:433)
	at com.kms.katalon.core.main.TestCaseExecutor.processExecutionPhase(TestCaseExecutor.java:412)
	at com.kms.katalon.core.main.TestCaseExecutor.accessMainPhase(TestCaseExecutor.java:404)
	at com.kms.katalon.core.main.TestCaseExecutor.execute(TestCaseExecutor.java:281)
	at com.kms.katalon.core.main.TestSuiteExecutor.accessTestCaseMainPhase(TestSuiteExecutor.java:202)
	at com.kms.katalon.core.main.TestSuiteExecutor.accessTestSuiteMainPhase(TestSuiteExecutor.java:164)
	at com.kms.katalon.core.main.TestSuiteExecutor.execute(TestSuiteExecutor.java:105)
	at com.kms.katalon.core.main.TestCaseMain.startTestSuite(TestCaseMain.java:181)
	at com.kms.katalon.core.main.TestCaseMain$startTestSuite$0.call(Unknown Source)
	at TempTestSuite1648100878643.run(TempTestSuite1648100878643.groovy:36)
)

2022-03-24 12:48:27 - [TEST_STEP][FAILED] - verifyElementPropertyValue(order, "GetDataOrderResponse.ListDataOrder[0].InsuranceData[3].Discount", o_discount_3, CONTINUE_ON_FAILURE): Unable to verify element property value (Root cause: java.lang.NullPointerException: Cannot get property 'Discount' on null object
	at Script1.run(Script1.groovy:1)
	at com.kms.katalon.core.webservice.helper.WebServiceCommonHelper.parseAndGetPropertyValueForJson(WebServiceCommonHelper.java:213)
	at com.kms.katalon.core.webservice.keyword.builtin.VerifyElementPropertyValueKeyword$_verifyElementPropertyValue_closure1.doCall(VerifyElementPropertyValueKeyword.groovy:52)
	at com.kms.katalon.core.webservice.keyword.builtin.VerifyElementPropertyValueKeyword$_verifyElementPropertyValue_closure1.call(VerifyElementPropertyValueKeyword.groovy)
	at com.kms.katalon.core.keyword.internal.KeywordMain.runKeyword(KeywordMain.groovy:74)
	at com.kms.katalon.core.webservice.keyword.builtin.VerifyElementPropertyValueKeyword.verifyElementPropertyValue(VerifyElementPropertyValueKeyword.groovy:48)
	at com.kms.katalon.core.webservice.keyword.builtin.VerifyElementPropertyValueKeyword.execute(VerifyElementPropertyValueKeyword.groovy:43)
	at com.kms.katalon.core.keyword.internal.KeywordExecutor.executeKeywordForPlatform(KeywordExecutor.groovy:74)
	at com.kms.katalon.core.webservice.keyword.WSBuiltInKeywords.verifyElementPropertyValue(WSBuiltInKeywords.groovy:175)
	at com.kms.katalon.core.webservice.keyword.WSBuiltInKeywords$verifyElementPropertyValue$0.call(Unknown Source)
	at 1. get token - data order.run(1. get token - data order:565)
	at com.kms.katalon.core.main.ScriptEngine.run(ScriptEngine.java:194)
	at com.kms.katalon.core.main.ScriptEngine.runScriptAsRawText(ScriptEngine.java:119)
	at com.kms.katalon.core.main.TestCaseExecutor.runScript(TestCaseExecutor.java:442)
	at com.kms.katalon.core.main.TestCaseExecutor.doExecute(TestCaseExecutor.java:433)
	at com.kms.katalon.core.main.TestCaseExecutor.processExecutionPhase(TestCaseExecutor.java:412)
	at com.kms.katalon.core.main.TestCaseExecutor.accessMainPhase(TestCaseExecutor.java:404)
	at com.kms.katalon.core.main.TestCaseExecutor.execute(TestCaseExecutor.java:281)
	at com.kms.katalon.core.main.TestSuiteExecutor.accessTestCaseMainPhase(TestSuiteExecutor.java:202)
	at com.kms.katalon.core.main.TestSuiteExecutor.accessTestSuiteMainPhase(TestSuiteExecutor.java:164)
	at com.kms.katalon.core.main.TestSuiteExecutor.execute(TestSuiteExecutor.java:105)
	at com.kms.katalon.core.main.TestCaseMain.startTestSuite(TestCaseMain.java:181)
	at com.kms.katalon.core.main.TestCaseMain$startTestSuite$0.call(Unknown Source)
	at TempTestSuite1648100878643.run(TempTestSuite1648100878643.groovy:36)
)

2022-03-24 12:48:27 - [MESSAGE][FAILED] - Unable to verify element property value (Root cause: java.lang.NullPointerException: Cannot get property 'Discount' on null object
	at Script1.run(Script1.groovy:1)
	at com.kms.katalon.core.webservice.helper.WebServiceCommonHelper.parseAndGetPropertyValueForJson(WebServiceCommonHelper.java:213)
	at com.kms.katalon.core.webservice.keyword.builtin.VerifyElementPropertyValueKeyword$_verifyElementPropertyValue_closure1.doCall(VerifyElementPropertyValueKeyword.groovy:52)
	at com.kms.katalon.core.webservice.keyword.builtin.VerifyElementPropertyValueKeyword$_verifyElementPropertyValue_closure1.call(VerifyElementPropertyValueKeyword.groovy)
	at com.kms.katalon.core.keyword.internal.KeywordMain.runKeyword(KeywordMain.groovy:74)
	at com.kms.katalon.core.webservice.keyword.builtin.VerifyElementPropertyValueKeyword.verifyElementPropertyValue(VerifyElementPropertyValueKeyword.groovy:48)
	at com.kms.katalon.core.webservice.keyword.builtin.VerifyElementPropertyValueKeyword.execute(VerifyElementPropertyValueKeyword.groovy:43)
	at com.kms.katalon.core.keyword.internal.KeywordExecutor.executeKeywordForPlatform(KeywordExecutor.groovy:74)
	at com.kms.katalon.core.webservice.keyword.WSBuiltInKeywords.verifyElementPropertyValue(WSBuiltInKeywords.groovy:175)
	at com.kms.katalon.core.webservice.keyword.WSBuiltInKeywords$verifyElementPropertyValue$0.call(Unknown Source)
	at 1. get token - data order.run(1. get token - data order:565)
	at com.kms.katalon.core.main.ScriptEngine.run(ScriptEngine.java:194)
	at com.kms.katalon.core.main.ScriptEngine.runScriptAsRawText(ScriptEngine.java:119)
	at com.kms.katalon.core.main.TestCaseExecutor.runScript(TestCaseExecutor.java:442)
	at com.kms.katalon.core.main.TestCaseExecutor.doExecute(TestCaseExecutor.java:433)
	at com.kms.katalon.core.main.TestCaseExecutor.processExecutionPhase(TestCaseExecutor.java:412)
	at com.kms.katalon.core.main.TestCaseExecutor.accessMainPhase(TestCaseExecutor.java:404)
	at com.kms.katalon.core.main.TestCaseExecutor.execute(TestCaseExecutor.java:281)
	at com.kms.katalon.core.main.TestSuiteExecutor.accessTestCaseMainPhase(TestSuiteExecutor.java:202)
	at com.kms.katalon.core.main.TestSuiteExecutor.accessTestSuiteMainPhase(TestSuiteExecutor.java:164)
	at com.kms.katalon.core.main.TestSuiteExecutor.execute(TestSuiteExecutor.java:105)
	at com.kms.katalon.core.main.TestCaseMain.startTestSuite(TestCaseMain.java:181)
	at com.kms.katalon.core.main.TestCaseMain$startTestSuite$0.call(Unknown Source)
	at TempTestSuite1648100878643.run(TempTestSuite1648100878643.groovy:36)
)

2022-03-24 12:48:27 - [TEST_STEP][FAILED] - verifyElementPropertyValue(order, "GetDataOrderResponse.ListDataOrder[0].InsuranceData[3].Adm", o_adm_3, CONTINUE_ON_FAILURE): Unable to verify element property value (Root cause: java.lang.NullPointerException: Cannot get property 'Adm' on null object
	at Script1.run(Script1.groovy:1)
	at com.kms.katalon.core.webservice.helper.WebServiceCommonHelper.parseAndGetPropertyValueForJson(WebServiceCommonHelper.java:213)
	at com.kms.katalon.core.webservice.keyword.builtin.VerifyElementPropertyValueKeyword$_verifyElementPropertyValue_closure1.doCall(VerifyElementPropertyValueKeyword.groovy:52)
	at com.kms.katalon.core.webservice.keyword.builtin.VerifyElementPropertyValueKeyword$_verifyElementPropertyValue_closure1.call(VerifyElementPropertyValueKeyword.groovy)
	at com.kms.katalon.core.keyword.internal.KeywordMain.runKeyword(KeywordMain.groovy:74)
	at com.kms.katalon.core.webservice.keyword.builtin.VerifyElementPropertyValueKeyword.verifyElementPropertyValue(VerifyElementPropertyValueKeyword.groovy:48)
	at com.kms.katalon.core.webservice.keyword.builtin.VerifyElementPropertyValueKeyword.execute(VerifyElementPropertyValueKeyword.groovy:43)
	at com.kms.katalon.core.keyword.internal.KeywordExecutor.executeKeywordForPlatform(KeywordExecutor.groovy:74)
	at com.kms.katalon.core.webservice.keyword.WSBuiltInKeywords.verifyElementPropertyValue(WSBuiltInKeywords.groovy:175)
	at com.kms.katalon.core.webservice.keyword.WSBuiltInKeywords$verifyElementPropertyValue$0.call(Unknown Source)
	at 1. get token - data order.run(1. get token - data order:568)
	at com.kms.katalon.core.main.ScriptEngine.run(ScriptEngine.java:194)
	at com.kms.katalon.core.main.ScriptEngine.runScriptAsRawText(ScriptEngine.java:119)
	at com.kms.katalon.core.main.TestCaseExecutor.runScript(TestCaseExecutor.java:442)
	at com.kms.katalon.core.main.TestCaseExecutor.doExecute(TestCaseExecutor.java:433)
	at com.kms.katalon.core.main.TestCaseExecutor.processExecutionPhase(TestCaseExecutor.java:412)
	at com.kms.katalon.core.main.TestCaseExecutor.accessMainPhase(TestCaseExecutor.java:404)
	at com.kms.katalon.core.main.TestCaseExecutor.execute(TestCaseExecutor.java:281)
	at com.kms.katalon.core.main.TestSuiteExecutor.accessTestCaseMainPhase(TestSuiteExecutor.java:202)
	at com.kms.katalon.core.main.TestSuiteExecutor.accessTestSuiteMainPhase(TestSuiteExecutor.java:164)
	at com.kms.katalon.core.main.TestSuiteExecutor.execute(TestSuiteExecutor.java:105)
	at com.kms.katalon.core.main.TestCaseMain.startTestSuite(TestCaseMain.java:181)
	at com.kms.katalon.core.main.TestCaseMain$startTestSuite$0.call(Unknown Source)
	at TempTestSuite1648100878643.run(TempTestSuite1648100878643.groovy:36)
)

2022-03-24 12:48:27 - [MESSAGE][FAILED] - Unable to verify element property value (Root cause: java.lang.NullPointerException: Cannot get property 'Adm' on null object
	at Script1.run(Script1.groovy:1)
	at com.kms.katalon.core.webservice.helper.WebServiceCommonHelper.parseAndGetPropertyValueForJson(WebServiceCommonHelper.java:213)
	at com.kms.katalon.core.webservice.keyword.builtin.VerifyElementPropertyValueKeyword$_verifyElementPropertyValue_closure1.doCall(VerifyElementPropertyValueKeyword.groovy:52)
	at com.kms.katalon.core.webservice.keyword.builtin.VerifyElementPropertyValueKeyword$_verifyElementPropertyValue_closure1.call(VerifyElementPropertyValueKeyword.groovy)
	at com.kms.katalon.core.keyword.internal.KeywordMain.runKeyword(KeywordMain.groovy:74)
	at com.kms.katalon.core.webservice.keyword.builtin.VerifyElementPropertyValueKeyword.verifyElementPropertyValue(VerifyElementPropertyValueKeyword.groovy:48)
	at com.kms.katalon.core.webservice.keyword.builtin.VerifyElementPropertyValueKeyword.execute(VerifyElementPropertyValueKeyword.groovy:43)
	at com.kms.katalon.core.keyword.internal.KeywordExecutor.executeKeywordForPlatform(KeywordExecutor.groovy:74)
	at com.kms.katalon.core.webservice.keyword.WSBuiltInKeywords.verifyElementPropertyValue(WSBuiltInKeywords.groovy:175)
	at com.kms.katalon.core.webservice.keyword.WSBuiltInKeywords$verifyElementPropertyValue$0.call(Unknown Source)
	at 1. get token - data order.run(1. get token - data order:568)
	at com.kms.katalon.core.main.ScriptEngine.run(ScriptEngine.java:194)
	at com.kms.katalon.core.main.ScriptEngine.runScriptAsRawText(ScriptEngine.java:119)
	at com.kms.katalon.core.main.TestCaseExecutor.runScript(TestCaseExecutor.java:442)
	at com.kms.katalon.core.main.TestCaseExecutor.doExecute(TestCaseExecutor.java:433)
	at com.kms.katalon.core.main.TestCaseExecutor.processExecutionPhase(TestCaseExecutor.java:412)
	at com.kms.katalon.core.main.TestCaseExecutor.accessMainPhase(TestCaseExecutor.java:404)
	at com.kms.katalon.core.main.TestCaseExecutor.execute(TestCaseExecutor.java:281)
	at com.kms.katalon.core.main.TestSuiteExecutor.accessTestCaseMainPhase(TestSuiteExecutor.java:202)
	at com.kms.katalon.core.main.TestSuiteExecutor.accessTestSuiteMainPhase(TestSuiteExecutor.java:164)
	at com.kms.katalon.core.main.TestSuiteExecutor.execute(TestSuiteExecutor.java:105)
	at com.kms.katalon.core.main.TestCaseMain.startTestSuite(TestCaseMain.java:181)
	at com.kms.katalon.core.main.TestCaseMain$startTestSuite$0.call(Unknown Source)
	at TempTestSuite1648100878643.run(TempTestSuite1648100878643.groovy:36)
)

2022-03-24 12:48:27 - [TEST_STEP][FAILED] - verifyElementPropertyValue(order, "GetDataOrderResponse.ListDataOrder[0].InsuranceData[3].NetPremi", o_netpremi_3, CONTINUE_ON_FAILURE): Unable to verify element property value (Root cause: java.lang.NullPointerException: Cannot get property 'NetPremi' on null object
	at Script1.run(Script1.groovy:1)
	at com.kms.katalon.core.webservice.helper.WebServiceCommonHelper.parseAndGetPropertyValueForJson(WebServiceCommonHelper.java:213)
	at com.kms.katalon.core.webservice.keyword.builtin.VerifyElementPropertyValueKeyword$_verifyElementPropertyValue_closure1.doCall(VerifyElementPropertyValueKeyword.groovy:52)
	at com.kms.katalon.core.webservice.keyword.builtin.VerifyElementPropertyValueKeyword$_verifyElementPropertyValue_closure1.call(VerifyElementPropertyValueKeyword.groovy)
	at com.kms.katalon.core.keyword.internal.KeywordMain.runKeyword(KeywordMain.groovy:74)
	at com.kms.katalon.core.webservice.keyword.builtin.VerifyElementPropertyValueKeyword.verifyElementPropertyValue(VerifyElementPropertyValueKeyword.groovy:48)
	at com.kms.katalon.core.webservice.keyword.builtin.VerifyElementPropertyValueKeyword.execute(VerifyElementPropertyValueKeyword.groovy:43)
	at com.kms.katalon.core.keyword.internal.KeywordExecutor.executeKeywordForPlatform(KeywordExecutor.groovy:74)
	at com.kms.katalon.core.webservice.keyword.WSBuiltInKeywords.verifyElementPropertyValue(WSBuiltInKeywords.groovy:175)
	at com.kms.katalon.core.webservice.keyword.WSBuiltInKeywords$verifyElementPropertyValue$0.call(Unknown Source)
	at 1. get token - data order.run(1. get token - data order:570)
	at com.kms.katalon.core.main.ScriptEngine.run(ScriptEngine.java:194)
	at com.kms.katalon.core.main.ScriptEngine.runScriptAsRawText(ScriptEngine.java:119)
	at com.kms.katalon.core.main.TestCaseExecutor.runScript(TestCaseExecutor.java:442)
	at com.kms.katalon.core.main.TestCaseExecutor.doExecute(TestCaseExecutor.java:433)
	at com.kms.katalon.core.main.TestCaseExecutor.processExecutionPhase(TestCaseExecutor.java:412)
	at com.kms.katalon.core.main.TestCaseExecutor.accessMainPhase(TestCaseExecutor.java:404)
	at com.kms.katalon.core.main.TestCaseExecutor.execute(TestCaseExecutor.java:281)
	at com.kms.katalon.core.main.TestSuiteExecutor.accessTestCaseMainPhase(TestSuiteExecutor.java:202)
	at com.kms.katalon.core.main.TestSuiteExecutor.accessTestSuiteMainPhase(TestSuiteExecutor.java:164)
	at com.kms.katalon.core.main.TestSuiteExecutor.execute(TestSuiteExecutor.java:105)
	at com.kms.katalon.core.main.TestCaseMain.startTestSuite(TestCaseMain.java:181)
	at com.kms.katalon.core.main.TestCaseMain$startTestSuite$0.call(Unknown Source)
	at TempTestSuite1648100878643.run(TempTestSuite1648100878643.groovy:36)
)

2022-03-24 12:48:27 - [MESSAGE][FAILED] - Unable to verify element property value (Root cause: java.lang.NullPointerException: Cannot get property 'NetPremi' on null object
	at Script1.run(Script1.groovy:1)
	at com.kms.katalon.core.webservice.helper.WebServiceCommonHelper.parseAndGetPropertyValueForJson(WebServiceCommonHelper.java:213)
	at com.kms.katalon.core.webservice.keyword.builtin.VerifyElementPropertyValueKeyword$_verifyElementPropertyValue_closure1.doCall(VerifyElementPropertyValueKeyword.groovy:52)
	at com.kms.katalon.core.webservice.keyword.builtin.VerifyElementPropertyValueKeyword$_verifyElementPropertyValue_closure1.call(VerifyElementPropertyValueKeyword.groovy)
	at com.kms.katalon.core.keyword.internal.KeywordMain.runKeyword(KeywordMain.groovy:74)
	at com.kms.katalon.core.webservice.keyword.builtin.VerifyElementPropertyValueKeyword.verifyElementPropertyValue(VerifyElementPropertyValueKeyword.groovy:48)
	at com.kms.katalon.core.webservice.keyword.builtin.VerifyElementPropertyValueKeyword.execute(VerifyElementPropertyValueKeyword.groovy:43)
	at com.kms.katalon.core.keyword.internal.KeywordExecutor.executeKeywordForPlatform(KeywordExecutor.groovy:74)
	at com.kms.katalon.core.webservice.keyword.WSBuiltInKeywords.verifyElementPropertyValue(WSBuiltInKeywords.groovy:175)
	at com.kms.katalon.core.webservice.keyword.WSBuiltInKeywords$verifyElementPropertyValue$0.call(Unknown Source)
	at 1. get token - data order.run(1. get token - data order:570)
	at com.kms.katalon.core.main.ScriptEngine.run(ScriptEngine.java:194)
	at com.kms.katalon.core.main.ScriptEngine.runScriptAsRawText(ScriptEngine.java:119)
	at com.kms.katalon.core.main.TestCaseExecutor.runScript(TestCaseExecutor.java:442)
	at com.kms.katalon.core.main.TestCaseExecutor.doExecute(TestCaseExecutor.java:433)
	at com.kms.katalon.core.main.TestCaseExecutor.processExecutionPhase(TestCaseExecutor.java:412)
	at com.kms.katalon.core.main.TestCaseExecutor.accessMainPhase(TestCaseExecutor.java:404)
	at com.kms.katalon.core.main.TestCaseExecutor.execute(TestCaseExecutor.java:281)
	at com.kms.katalon.core.main.TestSuiteExecutor.accessTestCaseMainPhase(TestSuiteExecutor.java:202)
	at com.kms.katalon.core.main.TestSuiteExecutor.accessTestSuiteMainPhase(TestSuiteExecutor.java:164)
	at com.kms.katalon.core.main.TestSuiteExecutor.execute(TestSuiteExecutor.java:105)
	at com.kms.katalon.core.main.TestCaseMain.startTestSuite(TestCaseMain.java:181)
	at com.kms.katalon.core.main.TestCaseMain$startTestSuite$0.call(Unknown Source)
	at TempTestSuite1648100878643.run(TempTestSuite1648100878643.groovy:36)
)

2022-03-24 12:48:27 - [TEST_STEP][FAILED] - verifyElementPropertyValue(order, "GetDataOrderResponse.ListDataOrder[0].InsuranceData[3].PerluasanJaminan.TJH", o_tjh_val_3, CONTINUE_ON_FAILURE): Unable to verify element property value (Root cause: java.lang.NullPointerException: Cannot get property 'PerluasanJaminan' on null object
	at Script1.run(Script1.groovy:1)
	at com.kms.katalon.core.webservice.helper.WebServiceCommonHelper.parseAndGetPropertyValueForJson(WebServiceCommonHelper.java:213)
	at com.kms.katalon.core.webservice.keyword.builtin.VerifyElementPropertyValueKeyword$_verifyElementPropertyValue_closure1.doCall(VerifyElementPropertyValueKeyword.groovy:52)
	at com.kms.katalon.core.webservice.keyword.builtin.VerifyElementPropertyValueKeyword$_verifyElementPropertyValue_closure1.call(VerifyElementPropertyValueKeyword.groovy)
	at com.kms.katalon.core.keyword.internal.KeywordMain.runKeyword(KeywordMain.groovy:74)
	at com.kms.katalon.core.webservice.keyword.builtin.VerifyElementPropertyValueKeyword.verifyElementPropertyValue(VerifyElementPropertyValueKeyword.groovy:48)
	at com.kms.katalon.core.webservice.keyword.builtin.VerifyElementPropertyValueKeyword.execute(VerifyElementPropertyValueKeyword.groovy:43)
	at com.kms.katalon.core.keyword.internal.KeywordExecutor.executeKeywordForPlatform(KeywordExecutor.groovy:74)
	at com.kms.katalon.core.webservice.keyword.WSBuiltInKeywords.verifyElementPropertyValue(WSBuiltInKeywords.groovy:175)
	at com.kms.katalon.core.webservice.keyword.WSBuiltInKeywords$verifyElementPropertyValue$0.call(Unknown Source)
	at 1. get token - data order.run(1. get token - data order:573)
	at com.kms.katalon.core.main.ScriptEngine.run(ScriptEngine.java:194)
	at com.kms.katalon.core.main.ScriptEngine.runScriptAsRawText(ScriptEngine.java:119)
	at com.kms.katalon.core.main.TestCaseExecutor.runScript(TestCaseExecutor.java:442)
	at com.kms.katalon.core.main.TestCaseExecutor.doExecute(TestCaseExecutor.java:433)
	at com.kms.katalon.core.main.TestCaseExecutor.processExecutionPhase(TestCaseExecutor.java:412)
	at com.kms.katalon.core.main.TestCaseExecutor.accessMainPhase(TestCaseExecutor.java:404)
	at com.kms.katalon.core.main.TestCaseExecutor.execute(TestCaseExecutor.java:281)
	at com.kms.katalon.core.main.TestSuiteExecutor.accessTestCaseMainPhase(TestSuiteExecutor.java:202)
	at com.kms.katalon.core.main.TestSuiteExecutor.accessTestSuiteMainPhase(TestSuiteExecutor.java:164)
	at com.kms.katalon.core.main.TestSuiteExecutor.execute(TestSuiteExecutor.java:105)
	at com.kms.katalon.core.main.TestCaseMain.startTestSuite(TestCaseMain.java:181)
	at com.kms.katalon.core.main.TestCaseMain$startTestSuite$0.call(Unknown Source)
	at TempTestSuite1648100878643.run(TempTestSuite1648100878643.groovy:36)
)

2022-03-24 12:48:27 - [MESSAGE][FAILED] - Unable to verify element property value (Root cause: java.lang.NullPointerException: Cannot get property 'PerluasanJaminan' on null object
	at Script1.run(Script1.groovy:1)
	at com.kms.katalon.core.webservice.helper.WebServiceCommonHelper.parseAndGetPropertyValueForJson(WebServiceCommonHelper.java:213)
	at com.kms.katalon.core.webservice.keyword.builtin.VerifyElementPropertyValueKeyword$_verifyElementPropertyValue_closure1.doCall(VerifyElementPropertyValueKeyword.groovy:52)
	at com.kms.katalon.core.webservice.keyword.builtin.VerifyElementPropertyValueKeyword$_verifyElementPropertyValue_closure1.call(VerifyElementPropertyValueKeyword.groovy)
	at com.kms.katalon.core.keyword.internal.KeywordMain.runKeyword(KeywordMain.groovy:74)
	at com.kms.katalon.core.webservice.keyword.builtin.VerifyElementPropertyValueKeyword.verifyElementPropertyValue(VerifyElementPropertyValueKeyword.groovy:48)
	at com.kms.katalon.core.webservice.keyword.builtin.VerifyElementPropertyValueKeyword.execute(VerifyElementPropertyValueKeyword.groovy:43)
	at com.kms.katalon.core.keyword.internal.KeywordExecutor.executeKeywordForPlatform(KeywordExecutor.groovy:74)
	at com.kms.katalon.core.webservice.keyword.WSBuiltInKeywords.verifyElementPropertyValue(WSBuiltInKeywords.groovy:175)
	at com.kms.katalon.core.webservice.keyword.WSBuiltInKeywords$verifyElementPropertyValue$0.call(Unknown Source)
	at 1. get token - data order.run(1. get token - data order:573)
	at com.kms.katalon.core.main.ScriptEngine.run(ScriptEngine.java:194)
	at com.kms.katalon.core.main.ScriptEngine.runScriptAsRawText(ScriptEngine.java:119)
	at com.kms.katalon.core.main.TestCaseExecutor.runScript(TestCaseExecutor.java:442)
	at com.kms.katalon.core.main.TestCaseExecutor.doExecute(TestCaseExecutor.java:433)
	at com.kms.katalon.core.main.TestCaseExecutor.processExecutionPhase(TestCaseExecutor.java:412)
	at com.kms.katalon.core.main.TestCaseExecutor.accessMainPhase(TestCaseExecutor.java:404)
	at com.kms.katalon.core.main.TestCaseExecutor.execute(TestCaseExecutor.java:281)
	at com.kms.katalon.core.main.TestSuiteExecutor.accessTestCaseMainPhase(TestSuiteExecutor.java:202)
	at com.kms.katalon.core.main.TestSuiteExecutor.accessTestSuiteMainPhase(TestSuiteExecutor.java:164)
	at com.kms.katalon.core.main.TestSuiteExecutor.execute(TestSuiteExecutor.java:105)
	at com.kms.katalon.core.main.TestCaseMain.startTestSuite(TestCaseMain.java:181)
	at com.kms.katalon.core.main.TestCaseMain$startTestSuite$0.call(Unknown Source)
	at TempTestSuite1648100878643.run(TempTestSuite1648100878643.groovy:36)
)

2022-03-24 12:48:27 - [TEST_STEP][FAILED] - verifyElementPropertyValue(order, "GetDataOrderResponse.ListDataOrder[0].InsuranceData[3].PerluasanJaminan.RSCC", o_rscc_val_3, CONTINUE_ON_FAILURE): Unable to verify element property value (Root cause: java.lang.NullPointerException: Cannot get property 'PerluasanJaminan' on null object
	at Script1.run(Script1.groovy:1)
	at com.kms.katalon.core.webservice.helper.WebServiceCommonHelper.parseAndGetPropertyValueForJson(WebServiceCommonHelper.java:213)
	at com.kms.katalon.core.webservice.keyword.builtin.VerifyElementPropertyValueKeyword$_verifyElementPropertyValue_closure1.doCall(VerifyElementPropertyValueKeyword.groovy:52)
	at com.kms.katalon.core.webservice.keyword.builtin.VerifyElementPropertyValueKeyword$_verifyElementPropertyValue_closure1.call(VerifyElementPropertyValueKeyword.groovy)
	at com.kms.katalon.core.keyword.internal.KeywordMain.runKeyword(KeywordMain.groovy:74)
	at com.kms.katalon.core.webservice.keyword.builtin.VerifyElementPropertyValueKeyword.verifyElementPropertyValue(VerifyElementPropertyValueKeyword.groovy:48)
	at com.kms.katalon.core.webservice.keyword.builtin.VerifyElementPropertyValueKeyword.execute(VerifyElementPropertyValueKeyword.groovy:43)
	at com.kms.katalon.core.keyword.internal.KeywordExecutor.executeKeywordForPlatform(KeywordExecutor.groovy:74)
	at com.kms.katalon.core.webservice.keyword.WSBuiltInKeywords.verifyElementPropertyValue(WSBuiltInKeywords.groovy:175)
	at com.kms.katalon.core.webservice.keyword.WSBuiltInKeywords$verifyElementPropertyValue$0.call(Unknown Source)
	at 1. get token - data order.run(1. get token - data order:576)
	at com.kms.katalon.core.main.ScriptEngine.run(ScriptEngine.java:194)
	at com.kms.katalon.core.main.ScriptEngine.runScriptAsRawText(ScriptEngine.java:119)
	at com.kms.katalon.core.main.TestCaseExecutor.runScript(TestCaseExecutor.java:442)
	at com.kms.katalon.core.main.TestCaseExecutor.doExecute(TestCaseExecutor.java:433)
	at com.kms.katalon.core.main.TestCaseExecutor.processExecutionPhase(TestCaseExecutor.java:412)
	at com.kms.katalon.core.main.TestCaseExecutor.accessMainPhase(TestCaseExecutor.java:404)
	at com.kms.katalon.core.main.TestCaseExecutor.execute(TestCaseExecutor.java:281)
	at com.kms.katalon.core.main.TestSuiteExecutor.accessTestCaseMainPhase(TestSuiteExecutor.java:202)
	at com.kms.katalon.core.main.TestSuiteExecutor.accessTestSuiteMainPhase(TestSuiteExecutor.java:164)
	at com.kms.katalon.core.main.TestSuiteExecutor.execute(TestSuiteExecutor.java:105)
	at com.kms.katalon.core.main.TestCaseMain.startTestSuite(TestCaseMain.java:181)
	at com.kms.katalon.core.main.TestCaseMain$startTestSuite$0.call(Unknown Source)
	at TempTestSuite1648100878643.run(TempTestSuite1648100878643.groovy:36)
)

2022-03-24 12:48:27 - [MESSAGE][FAILED] - Unable to verify element property value (Root cause: java.lang.NullPointerException: Cannot get property 'PerluasanJaminan' on null object
	at Script1.run(Script1.groovy:1)
	at com.kms.katalon.core.webservice.helper.WebServiceCommonHelper.parseAndGetPropertyValueForJson(WebServiceCommonHelper.java:213)
	at com.kms.katalon.core.webservice.keyword.builtin.VerifyElementPropertyValueKeyword$_verifyElementPropertyValue_closure1.doCall(VerifyElementPropertyValueKeyword.groovy:52)
	at com.kms.katalon.core.webservice.keyword.builtin.VerifyElementPropertyValueKeyword$_verifyElementPropertyValue_closure1.call(VerifyElementPropertyValueKeyword.groovy)
	at com.kms.katalon.core.keyword.internal.KeywordMain.runKeyword(KeywordMain.groovy:74)
	at com.kms.katalon.core.webservice.keyword.builtin.VerifyElementPropertyValueKeyword.verifyElementPropertyValue(VerifyElementPropertyValueKeyword.groovy:48)
	at com.kms.katalon.core.webservice.keyword.builtin.VerifyElementPropertyValueKeyword.execute(VerifyElementPropertyValueKeyword.groovy:43)
	at com.kms.katalon.core.keyword.internal.KeywordExecutor.executeKeywordForPlatform(KeywordExecutor.groovy:74)
	at com.kms.katalon.core.webservice.keyword.WSBuiltInKeywords.verifyElementPropertyValue(WSBuiltInKeywords.groovy:175)
	at com.kms.katalon.core.webservice.keyword.WSBuiltInKeywords$verifyElementPropertyValue$0.call(Unknown Source)
	at 1. get token - data order.run(1. get token - data order:576)
	at com.kms.katalon.core.main.ScriptEngine.run(ScriptEngine.java:194)
	at com.kms.katalon.core.main.ScriptEngine.runScriptAsRawText(ScriptEngine.java:119)
	at com.kms.katalon.core.main.TestCaseExecutor.runScript(TestCaseExecutor.java:442)
	at com.kms.katalon.core.main.TestCaseExecutor.doExecute(TestCaseExecutor.java:433)
	at com.kms.katalon.core.main.TestCaseExecutor.processExecutionPhase(TestCaseExecutor.java:412)
	at com.kms.katalon.core.main.TestCaseExecutor.accessMainPhase(TestCaseExecutor.java:404)
	at com.kms.katalon.core.main.TestCaseExecutor.execute(TestCaseExecutor.java:281)
	at com.kms.katalon.core.main.TestSuiteExecutor.accessTestCaseMainPhase(TestSuiteExecutor.java:202)
	at com.kms.katalon.core.main.TestSuiteExecutor.accessTestSuiteMainPhase(TestSuiteExecutor.java:164)
	at com.kms.katalon.core.main.TestSuiteExecutor.execute(TestSuiteExecutor.java:105)
	at com.kms.katalon.core.main.TestCaseMain.startTestSuite(TestCaseMain.java:181)
	at com.kms.katalon.core.main.TestCaseMain$startTestSuite$0.call(Unknown Source)
	at TempTestSuite1648100878643.run(TempTestSuite1648100878643.groovy:36)
)

2022-03-24 12:48:27 - [TEST_STEP][FAILED] - verifyElementPropertyValue(order, "GetDataOrderResponse.ListDataOrder[0].InsuranceData[3].PerluasanJaminan.Banjir", o_rsmb_val_3, CONTINUE_ON_FAILURE): Unable to verify element property value (Root cause: java.lang.NullPointerException: Cannot get property 'PerluasanJaminan' on null object
	at Script1.run(Script1.groovy:1)
	at com.kms.katalon.core.webservice.helper.WebServiceCommonHelper.parseAndGetPropertyValueForJson(WebServiceCommonHelper.java:213)
	at com.kms.katalon.core.webservice.keyword.builtin.VerifyElementPropertyValueKeyword$_verifyElementPropertyValue_closure1.doCall(VerifyElementPropertyValueKeyword.groovy:52)
	at com.kms.katalon.core.webservice.keyword.builtin.VerifyElementPropertyValueKeyword$_verifyElementPropertyValue_closure1.call(VerifyElementPropertyValueKeyword.groovy)
	at com.kms.katalon.core.keyword.internal.KeywordMain.runKeyword(KeywordMain.groovy:74)
	at com.kms.katalon.core.webservice.keyword.builtin.VerifyElementPropertyValueKeyword.verifyElementPropertyValue(VerifyElementPropertyValueKeyword.groovy:48)
	at com.kms.katalon.core.webservice.keyword.builtin.VerifyElementPropertyValueKeyword.execute(VerifyElementPropertyValueKeyword.groovy:43)
	at com.kms.katalon.core.keyword.internal.KeywordExecutor.executeKeywordForPlatform(KeywordExecutor.groovy:74)
	at com.kms.katalon.core.webservice.keyword.WSBuiltInKeywords.verifyElementPropertyValue(WSBuiltInKeywords.groovy:175)
	at com.kms.katalon.core.webservice.keyword.WSBuiltInKeywords$verifyElementPropertyValue$0.call(Unknown Source)
	at 1. get token - data order.run(1. get token - data order:579)
	at com.kms.katalon.core.main.ScriptEngine.run(ScriptEngine.java:194)
	at com.kms.katalon.core.main.ScriptEngine.runScriptAsRawText(ScriptEngine.java:119)
	at com.kms.katalon.core.main.TestCaseExecutor.runScript(TestCaseExecutor.java:442)
	at com.kms.katalon.core.main.TestCaseExecutor.doExecute(TestCaseExecutor.java:433)
	at com.kms.katalon.core.main.TestCaseExecutor.processExecutionPhase(TestCaseExecutor.java:412)
	at com.kms.katalon.core.main.TestCaseExecutor.accessMainPhase(TestCaseExecutor.java:404)
	at com.kms.katalon.core.main.TestCaseExecutor.execute(TestCaseExecutor.java:281)
	at com.kms.katalon.core.main.TestSuiteExecutor.accessTestCaseMainPhase(TestSuiteExecutor.java:202)
	at com.kms.katalon.core.main.TestSuiteExecutor.accessTestSuiteMainPhase(TestSuiteExecutor.java:164)
	at com.kms.katalon.core.main.TestSuiteExecutor.execute(TestSuiteExecutor.java:105)
	at com.kms.katalon.core.main.TestCaseMain.startTestSuite(TestCaseMain.java:181)
	at com.kms.katalon.core.main.TestCaseMain$startTestSuite$0.call(Unknown Source)
	at TempTestSuite1648100878643.run(TempTestSuite1648100878643.groovy:36)
)

2022-03-24 12:48:27 - [MESSAGE][FAILED] - Unable to verify element property value (Root cause: java.lang.NullPointerException: Cannot get property 'PerluasanJaminan' on null object
	at Script1.run(Script1.groovy:1)
	at com.kms.katalon.core.webservice.helper.WebServiceCommonHelper.parseAndGetPropertyValueForJson(WebServiceCommonHelper.java:213)
	at com.kms.katalon.core.webservice.keyword.builtin.VerifyElementPropertyValueKeyword$_verifyElementPropertyValue_closure1.doCall(VerifyElementPropertyValueKeyword.groovy:52)
	at com.kms.katalon.core.webservice.keyword.builtin.VerifyElementPropertyValueKeyword$_verifyElementPropertyValue_closure1.call(VerifyElementPropertyValueKeyword.groovy)
	at com.kms.katalon.core.keyword.internal.KeywordMain.runKeyword(KeywordMain.groovy:74)
	at com.kms.katalon.core.webservice.keyword.builtin.VerifyElementPropertyValueKeyword.verifyElementPropertyValue(VerifyElementPropertyValueKeyword.groovy:48)
	at com.kms.katalon.core.webservice.keyword.builtin.VerifyElementPropertyValueKeyword.execute(VerifyElementPropertyValueKeyword.groovy:43)
	at com.kms.katalon.core.keyword.internal.KeywordExecutor.executeKeywordForPlatform(KeywordExecutor.groovy:74)
	at com.kms.katalon.core.webservice.keyword.WSBuiltInKeywords.verifyElementPropertyValue(WSBuiltInKeywords.groovy:175)
	at com.kms.katalon.core.webservice.keyword.WSBuiltInKeywords$verifyElementPropertyValue$0.call(Unknown Source)
	at 1. get token - data order.run(1. get token - data order:579)
	at com.kms.katalon.core.main.ScriptEngine.run(ScriptEngine.java:194)
	at com.kms.katalon.core.main.ScriptEngine.runScriptAsRawText(ScriptEngine.java:119)
	at com.kms.katalon.core.main.TestCaseExecutor.runScript(TestCaseExecutor.java:442)
	at com.kms.katalon.core.main.TestCaseExecutor.doExecute(TestCaseExecutor.java:433)
	at com.kms.katalon.core.main.TestCaseExecutor.processExecutionPhase(TestCaseExecutor.java:412)
	at com.kms.katalon.core.main.TestCaseExecutor.accessMainPhase(TestCaseExecutor.java:404)
	at com.kms.katalon.core.main.TestCaseExecutor.execute(TestCaseExecutor.java:281)
	at com.kms.katalon.core.main.TestSuiteExecutor.accessTestCaseMainPhase(TestSuiteExecutor.java:202)
	at com.kms.katalon.core.main.TestSuiteExecutor.accessTestSuiteMainPhase(TestSuiteExecutor.java:164)
	at com.kms.katalon.core.main.TestSuiteExecutor.execute(TestSuiteExecutor.java:105)
	at com.kms.katalon.core.main.TestCaseMain.startTestSuite(TestCaseMain.java:181)
	at com.kms.katalon.core.main.TestCaseMain$startTestSuite$0.call(Unknown Source)
	at TempTestSuite1648100878643.run(TempTestSuite1648100878643.groovy:36)
)

2022-03-24 12:48:27 - [TEST_STEP][FAILED] - verifyElementPropertyValue(order, "GetDataOrderResponse.ListDataOrder[0].InsuranceData[3].PerluasanJaminan.Accessories", o_acc_val_3, CONTINUE_ON_FAILURE): Unable to verify element property value (Root cause: java.lang.NullPointerException: Cannot get property 'PerluasanJaminan' on null object
	at Script1.run(Script1.groovy:1)
	at com.kms.katalon.core.webservice.helper.WebServiceCommonHelper.parseAndGetPropertyValueForJson(WebServiceCommonHelper.java:213)
	at com.kms.katalon.core.webservice.keyword.builtin.VerifyElementPropertyValueKeyword$_verifyElementPropertyValue_closure1.doCall(VerifyElementPropertyValueKeyword.groovy:52)
	at com.kms.katalon.core.webservice.keyword.builtin.VerifyElementPropertyValueKeyword$_verifyElementPropertyValue_closure1.call(VerifyElementPropertyValueKeyword.groovy)
	at com.kms.katalon.core.keyword.internal.KeywordMain.runKeyword(KeywordMain.groovy:74)
	at com.kms.katalon.core.webservice.keyword.builtin.VerifyElementPropertyValueKeyword.verifyElementPropertyValue(VerifyElementPropertyValueKeyword.groovy:48)
	at com.kms.katalon.core.webservice.keyword.builtin.VerifyElementPropertyValueKeyword.execute(VerifyElementPropertyValueKeyword.groovy:43)
	at com.kms.katalon.core.keyword.internal.KeywordExecutor.executeKeywordForPlatform(KeywordExecutor.groovy:74)
	at com.kms.katalon.core.webservice.keyword.WSBuiltInKeywords.verifyElementPropertyValue(WSBuiltInKeywords.groovy:175)
	at com.kms.katalon.core.webservice.keyword.WSBuiltInKeywords$verifyElementPropertyValue$0.call(Unknown Source)
	at 1. get token - data order.run(1. get token - data order:582)
	at com.kms.katalon.core.main.ScriptEngine.run(ScriptEngine.java:194)
	at com.kms.katalon.core.main.ScriptEngine.runScriptAsRawText(ScriptEngine.java:119)
	at com.kms.katalon.core.main.TestCaseExecutor.runScript(TestCaseExecutor.java:442)
	at com.kms.katalon.core.main.TestCaseExecutor.doExecute(TestCaseExecutor.java:433)
	at com.kms.katalon.core.main.TestCaseExecutor.processExecutionPhase(TestCaseExecutor.java:412)
	at com.kms.katalon.core.main.TestCaseExecutor.accessMainPhase(TestCaseExecutor.java:404)
	at com.kms.katalon.core.main.TestCaseExecutor.execute(TestCaseExecutor.java:281)
	at com.kms.katalon.core.main.TestSuiteExecutor.accessTestCaseMainPhase(TestSuiteExecutor.java:202)
	at com.kms.katalon.core.main.TestSuiteExecutor.accessTestSuiteMainPhase(TestSuiteExecutor.java:164)
	at com.kms.katalon.core.main.TestSuiteExecutor.execute(TestSuiteExecutor.java:105)
	at com.kms.katalon.core.main.TestCaseMain.startTestSuite(TestCaseMain.java:181)
	at com.kms.katalon.core.main.TestCaseMain$startTestSuite$0.call(Unknown Source)
	at TempTestSuite1648100878643.run(TempTestSuite1648100878643.groovy:36)
)

2022-03-24 12:48:27 - [MESSAGE][FAILED] - Unable to verify element property value (Root cause: java.lang.NullPointerException: Cannot get property 'PerluasanJaminan' on null object
	at Script1.run(Script1.groovy:1)
	at com.kms.katalon.core.webservice.helper.WebServiceCommonHelper.parseAndGetPropertyValueForJson(WebServiceCommonHelper.java:213)
	at com.kms.katalon.core.webservice.keyword.builtin.VerifyElementPropertyValueKeyword$_verifyElementPropertyValue_closure1.doCall(VerifyElementPropertyValueKeyword.groovy:52)
	at com.kms.katalon.core.webservice.keyword.builtin.VerifyElementPropertyValueKeyword$_verifyElementPropertyValue_closure1.call(VerifyElementPropertyValueKeyword.groovy)
	at com.kms.katalon.core.keyword.internal.KeywordMain.runKeyword(KeywordMain.groovy:74)
	at com.kms.katalon.core.webservice.keyword.builtin.VerifyElementPropertyValueKeyword.verifyElementPropertyValue(VerifyElementPropertyValueKeyword.groovy:48)
	at com.kms.katalon.core.webservice.keyword.builtin.VerifyElementPropertyValueKeyword.execute(VerifyElementPropertyValueKeyword.groovy:43)
	at com.kms.katalon.core.keyword.internal.KeywordExecutor.executeKeywordForPlatform(KeywordExecutor.groovy:74)
	at com.kms.katalon.core.webservice.keyword.WSBuiltInKeywords.verifyElementPropertyValue(WSBuiltInKeywords.groovy:175)
	at com.kms.katalon.core.webservice.keyword.WSBuiltInKeywords$verifyElementPropertyValue$0.call(Unknown Source)
	at 1. get token - data order.run(1. get token - data order:582)
	at com.kms.katalon.core.main.ScriptEngine.run(ScriptEngine.java:194)
	at com.kms.katalon.core.main.ScriptEngine.runScriptAsRawText(ScriptEngine.java:119)
	at com.kms.katalon.core.main.TestCaseExecutor.runScript(TestCaseExecutor.java:442)
	at com.kms.katalon.core.main.TestCaseExecutor.doExecute(TestCaseExecutor.java:433)
	at com.kms.katalon.core.main.TestCaseExecutor.processExecutionPhase(TestCaseExecutor.java:412)
	at com.kms.katalon.core.main.TestCaseExecutor.accessMainPhase(TestCaseExecutor.java:404)
	at com.kms.katalon.core.main.TestCaseExecutor.execute(TestCaseExecutor.java:281)
	at com.kms.katalon.core.main.TestSuiteExecutor.accessTestCaseMainPhase(TestSuiteExecutor.java:202)
	at com.kms.katalon.core.main.TestSuiteExecutor.accessTestSuiteMainPhase(TestSuiteExecutor.java:164)
	at com.kms.katalon.core.main.TestSuiteExecutor.execute(TestSuiteExecutor.java:105)
	at com.kms.katalon.core.main.TestCaseMain.startTestSuite(TestCaseMain.java:181)
	at com.kms.katalon.core.main.TestCaseMain$startTestSuite$0.call(Unknown Source)
	at TempTestSuite1648100878643.run(TempTestSuite1648100878643.groovy:36)
)

2022-03-24 12:48:27 - [TEST_STEP][PASSED] - break: null]]></system-out>
         <system-err><![CDATA[2022-03-24 12:48:21 - [TEST_CASE][FAILED] - Test Cases/1. get token - data order: Test Cases/1. get token - data order FAILED.
Reason:
com.kms.katalon.core.exception.StepFailedException: Expected element property value '1163001384' is not equal with actual property value '1154000993'
	at com.kms.katalon.core.keyword.internal.KeywordMain.stepFailed(KeywordMain.groovy:39)
	at com.kms.katalon.core.webservice.keyword.builtin.VerifyElementPropertyValueKeyword$_verifyElementPropertyValue_closure1.doCall(VerifyElementPropertyValueKeyword.groovy:56)
	at com.kms.katalon.core.webservice.keyword.builtin.VerifyElementPropertyValueKeyword$_verifyElementPropertyValue_closure1.call(VerifyElementPropertyValueKeyword.groovy)
	at com.kms.katalon.core.keyword.internal.KeywordMain.runKeyword(KeywordMain.groovy:74)
	at com.kms.katalon.core.webservice.keyword.builtin.VerifyElementPropertyValueKeyword.verifyElementPropertyValue(VerifyElementPropertyValueKeyword.groovy:48)
	at com.kms.katalon.core.webservice.keyword.builtin.VerifyElementPropertyValueKeyword.execute(VerifyElementPropertyValueKeyword.groovy:43)
	at com.kms.katalon.core.keyword.internal.KeywordExecutor.executeKeywordForPlatform(KeywordExecutor.groovy:74)
	at com.kms.katalon.core.webservice.keyword.WSBuiltInKeywords.verifyElementPropertyValue(WSBuiltInKeywords.groovy:175)
	at com.kms.katalon.core.webservice.keyword.WSBuiltInKeywords$verifyElementPropertyValue$0.call(Unknown Source)
	at 1. get token - data order.run(1. get token - data order:54)
	at com.kms.katalon.core.main.ScriptEngine.run(ScriptEngine.java:194)
	at com.kms.katalon.core.main.ScriptEngine.runScriptAsRawText(ScriptEngine.java:119)
	at com.kms.katalon.core.main.TestCaseExecutor.runScript(TestCaseExecutor.java:442)
	at com.kms.katalon.core.main.TestCaseExecutor.doExecute(TestCaseExecutor.java:433)
	at com.kms.katalon.core.main.TestCaseExecutor.processExecutionPhase(TestCaseExecutor.java:412)
	at com.kms.katalon.core.main.TestCaseExecutor.accessMainPhase(TestCaseExecutor.java:404)
	at com.kms.katalon.core.main.TestCaseExecutor.execute(TestCaseExecutor.java:281)
	at com.kms.katalon.core.main.TestSuiteExecutor.accessTestCaseMainPhase(TestSuiteExecutor.java:202)
	at com.kms.katalon.core.main.TestSuiteExecutor.accessTestSuiteMainPhase(TestSuiteExecutor.java:164)
	at com.kms.katalon.core.main.TestSuiteExecutor.execute(TestSuiteExecutor.java:105)
	at com.kms.katalon.core.main.TestCaseMain.startTestSuite(TestCaseMain.java:181)
	at com.kms.katalon.core.main.TestCaseMain$startTestSuite$0.call(Unknown Source)
	at TempTestSuite1648100878643.run(TempTestSuite1648100878643.groovy:36)]]></system-err>
      </testcase>
      <testcase name="Test Cases/1. get token - data order" time="4.474" classname="Test Cases/1. get token - data order" status="FAILED">
         <failure type="FAILED" message="Test Cases/1. get token - data order FAILED.
Reason:
com.kms.katalon.core.exception.StepFailedException: Expected element property value '1230006989' is not equal with actual property value '1154000993'
	at com.kms.katalon.core.keyword.internal.KeywordMain.stepFailed(KeywordMain.groovy:39)
	at com.kms.katalon.core.webservice.keyword.builtin.VerifyElementPropertyValueKeyword$_verifyElementPropertyValue_closure1.doCall(VerifyElementPropertyValueKeyword.groovy:56)
	at com.kms.katalon.core.webservice.keyword.builtin.VerifyElementPropertyValueKeyword$_verifyElementPropertyValue_closure1.call(VerifyElementPropertyValueKeyword.groovy)
	at com.kms.katalon.core.keyword.internal.KeywordMain.runKeyword(KeywordMain.groovy:74)
	at com.kms.katalon.core.webservice.keyword.builtin.VerifyElementPropertyValueKeyword.verifyElementPropertyValue(VerifyElementPropertyValueKeyword.groovy:48)
	at com.kms.katalon.core.webservice.keyword.builtin.VerifyElementPropertyValueKeyword.execute(VerifyElementPropertyValueKeyword.groovy:43)
	at com.kms.katalon.core.keyword.internal.KeywordExecutor.executeKeywordForPlatform(KeywordExecutor.groovy:74)
	at com.kms.katalon.core.webservice.keyword.WSBuiltInKeywords.verifyElementPropertyValue(WSBuiltInKeywords.groovy:175)
	at com.kms.katalon.core.webservice.keyword.WSBuiltInKeywords$verifyElementPropertyValue$0.call(Unknown Source)
	at 1. get token - data order.run(1. get token - data order:54)
	at com.kms.katalon.core.main.ScriptEngine.run(ScriptEngine.java:194)
	at com.kms.katalon.core.main.ScriptEngine.runScriptAsRawText(ScriptEngine.java:119)
	at com.kms.katalon.core.main.TestCaseExecutor.runScript(TestCaseExecutor.java:442)
	at com.kms.katalon.core.main.TestCaseExecutor.doExecute(TestCaseExecutor.java:433)
	at com.kms.katalon.core.main.TestCaseExecutor.processExecutionPhase(TestCaseExecutor.java:412)
	at com.kms.katalon.core.main.TestCaseExecutor.accessMainPhase(TestCaseExecutor.java:404)
	at com.kms.katalon.core.main.TestCaseExecutor.execute(TestCaseExecutor.java:281)
	at com.kms.katalon.core.main.TestSuiteExecutor.accessTestCaseMainPhase(TestSuiteExecutor.java:202)
	at com.kms.katalon.core.main.TestSuiteExecutor.accessTestSuiteMainPhase(TestSuiteExecutor.java:164)
	at com.kms.katalon.core.main.TestSuiteExecutor.execute(TestSuiteExecutor.java:105)
	at com.kms.katalon.core.main.TestCaseMain.startTestSuite(TestCaseMain.java:181)
	at com.kms.katalon.core.main.TestCaseMain$startTestSuite$0.call(Unknown Source)
	at TempTestSuite1648100878643.run(TempTestSuite1648100878643.groovy:36)
"/>
         <system-out><![CDATA[2022-03-24 12:48:28 - [TEST_CASE][FAILED] - Test Cases/1. get token - data order: Test Cases/1. get token - data order FAILED.
Reason:
com.kms.katalon.core.exception.StepFailedException: Expected element property value '1230006989' is not equal with actual property value '1154000993'
	at com.kms.katalon.core.keyword.internal.KeywordMain.stepFailed(KeywordMain.groovy:39)
	at com.kms.katalon.core.webservice.keyword.builtin.VerifyElementPropertyValueKeyword$_verifyElementPropertyValue_closure1.doCall(VerifyElementPropertyValueKeyword.groovy:56)
	at com.kms.katalon.core.webservice.keyword.builtin.VerifyElementPropertyValueKeyword$_verifyElementPropertyValue_closure1.call(VerifyElementPropertyValueKeyword.groovy)
	at com.kms.katalon.core.keyword.internal.KeywordMain.runKeyword(KeywordMain.groovy:74)
	at com.kms.katalon.core.webservice.keyword.builtin.VerifyElementPropertyValueKeyword.verifyElementPropertyValue(VerifyElementPropertyValueKeyword.groovy:48)
	at com.kms.katalon.core.webservice.keyword.builtin.VerifyElementPropertyValueKeyword.execute(VerifyElementPropertyValueKeyword.groovy:43)
	at com.kms.katalon.core.keyword.internal.KeywordExecutor.executeKeywordForPlatform(KeywordExecutor.groovy:74)
	at com.kms.katalon.core.webservice.keyword.WSBuiltInKeywords.verifyElementPropertyValue(WSBuiltInKeywords.groovy:175)
	at com.kms.katalon.core.webservice.keyword.WSBuiltInKeywords$verifyElementPropertyValue$0.call(Unknown Source)
	at 1. get token - data order.run(1. get token - data order:54)
	at com.kms.katalon.core.main.ScriptEngine.run(ScriptEngine.java:194)
	at com.kms.katalon.core.main.ScriptEngine.runScriptAsRawText(ScriptEngine.java:119)
	at com.kms.katalon.core.main.TestCaseExecutor.runScript(TestCaseExecutor.java:442)
	at com.kms.katalon.core.main.TestCaseExecutor.doExecute(TestCaseExecutor.java:433)
	at com.kms.katalon.core.main.TestCaseExecutor.processExecutionPhase(TestCaseExecutor.java:412)
	at com.kms.katalon.core.main.TestCaseExecutor.accessMainPhase(TestCaseExecutor.java:404)
	at com.kms.katalon.core.main.TestCaseExecutor.execute(TestCaseExecutor.java:281)
	at com.kms.katalon.core.main.TestSuiteExecutor.accessTestCaseMainPhase(TestSuiteExecutor.java:202)
	at com.kms.katalon.core.main.TestSuiteExecutor.accessTestSuiteMainPhase(TestSuiteExecutor.java:164)
	at com.kms.katalon.core.main.TestSuiteExecutor.execute(TestSuiteExecutor.java:105)
	at com.kms.katalon.core.main.TestCaseMain.startTestSuite(TestCaseMain.java:181)
	at com.kms.katalon.core.main.TestCaseMain$startTestSuite$0.call(Unknown Source)
	at TempTestSuite1648100878643.run(TempTestSuite1648100878643.groovy:36)


2022-03-24 12:48:29 - [TEST_STEP][PASSED] - token = sendRequest(findTestObject("1. Get-Token")): Send request successfully

2022-03-24 12:48:29 - [MESSAGE][INFO] - HAR: I:\app-testing\app-project\Order car insurance\order-car-insurance\Reports\20220324_124757\Get data order\20220324_124758\requests\main\9.har

2022-03-24 12:48:29 - [MESSAGE][PASSED] - Send request successfully

2022-03-24 12:48:29 - [TEST_STEP][PASSED] - slurper = new groovy.json.JsonSlurper(): null

2022-03-24 12:48:29 - [TEST_STEP][PASSED] - get_token = slurper.parseText(token.getResponseBodyContent()): null

2022-03-24 12:48:29 - [TEST_STEP][PASSED] - private_token = access_token: null

2022-03-24 12:48:29 - [TEST_STEP][PASSED] - global_token = private_token: null

2022-03-24 12:48:29 - [TEST_STEP][PASSED] - println("token is :" + global_token): null

2022-03-24 12:48:29 - [TEST_STEP][PASSED] - response_token = token.getResponseText(): null

2022-03-24 12:48:29 - [TEST_STEP][PASSED] - logInfo($response_token): 
            {
                "token_type": "BearerToken",
                "access_token": "SaV3Ppd0M5H3ofXZDkeyTP1k5cNx",
                "expires_in": "1799",
                "scope": ""
            }
        

2022-03-24 12:48:29 - [MESSAGE][INFO] - 
            {
                "token_type": "BearerToken",
                "access_token": "SaV3Ppd0M5H3ofXZDkeyTP1k5cNx",
                "expires_in": "1799",
                "scope": ""
            }
        

2022-03-24 12:48:29 - [TEST_STEP][PASSED] - order = sendRequest(findTestObject("3. Get-data-order", ["s_key":global_token, "c_id":c_id, "order_date":order_date, "page":page, "rows":rows])): Send request successfully

2022-03-24 12:48:30 - [MESSAGE][INFO] - HAR: I:\app-testing\app-project\Order car insurance\order-car-insurance\Reports\20220324_124757\Get data order\20220324_124758\requests\main\10.har

2022-03-24 12:48:30 - [MESSAGE][PASSED] - Send request successfully

2022-03-24 12:48:30 - [TEST_STEP][PASSED] - get_order = order.getResponseText(): null

2022-03-24 12:48:30 - [TEST_STEP][PASSED] - markPassed("data ke : " + no): data ke : 4

2022-03-24 12:48:30 - [MESSAGE][PASSED] - data ke : 4

2022-03-24 12:48:30 - [TEST_STEP][PASSED] - verifyElementPropertyValue(order, "GetDataOrderResponse.ListDataOrder[0].TipeOrder", o_tipeorder, CONTINUE_ON_FAILURE): Verify element property value successfully

2022-03-24 12:48:30 - [MESSAGE][PASSED] - Verify element property value successfully

2022-03-24 12:48:30 - [TEST_STEP][PASSED] - verifyElementPropertyValue(order, "GetDataOrderResponse.ListDataOrder[0].BatchID", o_batchid, CONTINUE_ON_FAILURE): Verify element property value successfully

2022-03-24 12:48:30 - [MESSAGE][PASSED] - Verify element property value successfully

2022-03-24 12:48:30 - [TEST_STEP][FAILED] - verifyElementPropertyValue(order, "GetDataOrderResponse.ListDataOrder[0].NoRek", o_norek, CONTINUE_ON_FAILURE): Expected element property value '1230006989' is not equal with actual property value '1154000993'

2022-03-24 12:48:30 - [MESSAGE][FAILED] - Expected element property value '1230006989' is not equal with actual property value '1154000993'

2022-03-24 12:48:30 - [TEST_STEP][PASSED] - verifyElementPropertyValue(order, "GetDataOrderResponse.ListDataOrder[0].NoPin", o_nopin, CONTINUE_ON_FAILURE): Verify element property value successfully

2022-03-24 12:48:30 - [MESSAGE][PASSED] - Verify element property value successfully

2022-03-24 12:48:30 - [TEST_STEP][PASSED] - verifyElementPropertyValue(order, "GetDataOrderResponse.ListDataOrder[0].CustName", o_custname, CONTINUE_ON_FAILURE): Verify element property value successfully

2022-03-24 12:48:30 - [MESSAGE][PASSED] - Verify element property value successfully

2022-03-24 12:48:30 - [TEST_STEP][FAILED] - verifyElementPropertyValue(order, "GetDataOrderResponse.ListDataOrder[0].Pemohon", o_pemohon, CONTINUE_ON_FAILURE): Expected element property value 'PT BCAF QQ BCA' is not equal with actual property value 'PT BCAF'

2022-03-24 12:48:30 - [MESSAGE][FAILED] - Expected element property value 'PT BCAF QQ BCA' is not equal with actual property value 'PT BCAF'

2022-03-24 12:48:30 - [TEST_STEP][FAILED] - verifyElementPropertyValue(order, "GetDataOrderResponse.ListDataOrder[0].HargaPembelian", o_otr, CONTINUE_ON_FAILURE): Expected element property value '176600000.00' is not equal with actual property value '360000000.00'

2022-03-24 12:48:30 - [MESSAGE][FAILED] - Expected element property value '176600000.00' is not equal with actual property value '360000000.00'

2022-03-24 12:48:30 - [TEST_STEP][FAILED] - verifyElementPropertyValue(order, "GetDataOrderResponse.ListDataOrder[0].Cabang", o_branchid, CONTINUE_ON_FAILURE): Expected element property value '1230' is not equal with actual property value '1154'

2022-03-24 12:48:30 - [MESSAGE][FAILED] - Expected element property value '1230' is not equal with actual property value '1154'

2022-03-24 12:48:30 - [TEST_STEP][FAILED] - verifyElementPropertyValue(order, "GetDataOrderResponse.ListDataOrder[0].MerkID", o_merk, CONTINUE_ON_FAILURE): Expected element property value 'HON' is not equal with actual property value 'TYT'

2022-03-24 12:48:30 - [MESSAGE][FAILED] - Expected element property value 'HON' is not equal with actual property value 'TYT'

2022-03-24 12:48:30 - [TEST_STEP][FAILED] - verifyElementPropertyValue(order, "GetDataOrderResponse.ListDataOrder[0].TypeMobil", o_type, CONTINUE_ON_FAILURE): Expected element property value 'ALL NEW BRIO SATYA E CVT 1.2' is not equal with actual property value 'INNOVA VENTURER 2.0 AT'

2022-03-24 12:48:30 - [MESSAGE][FAILED] - Expected element property value 'ALL NEW BRIO SATYA E CVT 1.2' is not equal with actual property value 'INNOVA VENTURER 2.0 AT'

2022-03-24 12:48:30 - [TEST_STEP][PASSED] - verifyElementPropertyValue(order, "GetDataOrderResponse.ListDataOrder[0].JenisMobil", o_jenis, CONTINUE_ON_FAILURE): Verify element property value successfully

2022-03-24 12:48:30 - [MESSAGE][PASSED] - Verify element property value successfully

2022-03-24 12:48:30 - [TEST_STEP][FAILED] - verifyElementPropertyValue(order, "GetDataOrderResponse.ListDataOrder[0].TahunMobil", o_tahun, CONTINUE_ON_FAILURE): Expected element property value '2021' is not equal with actual property value '2017'

2022-03-24 12:48:30 - [MESSAGE][FAILED] - Expected element property value '2021' is not equal with actual property value '2017'

2022-03-24 12:48:30 - [TEST_STEP][FAILED] - verifyElementPropertyValue(order, "GetDataOrderResponse.ListDataOrder[0].Warna", o_warna, CONTINUE_ON_FAILURE): Expected element property value 'RALLYE RED' is not equal with actual property value 'PUTIH'

2022-03-24 12:48:30 - [MESSAGE][FAILED] - Expected element property value 'RALLYE RED' is not equal with actual property value 'PUTIH'

2022-03-24 12:48:30 - [TEST_STEP][FAILED] - verifyElementPropertyValue(order, "GetDataOrderResponse.ListDataOrder[0].NoRangka", o_norangka, CONTINUE_ON_FAILURE): Expected element property value 'MHRDD1850MJ113984' is not equal with actual property value 'MHFAW8EM4H0206354'

2022-03-24 12:48:30 - [MESSAGE][FAILED] - Expected element property value 'MHRDD1850MJ113984' is not equal with actual property value 'MHFAW8EM4H0206354'

2022-03-24 12:48:30 - [TEST_STEP][FAILED] - verifyElementPropertyValue(order, "GetDataOrderResponse.ListDataOrder[0].NoMesin", o_nomesin, CONTINUE_ON_FAILURE): Expected element property value 'L12B34339427' is not equal with actual property value '1TRA295932'

2022-03-24 12:48:30 - [MESSAGE][FAILED] - Expected element property value 'L12B34339427' is not equal with actual property value '1TRA295932'

2022-03-24 12:48:30 - [TEST_STEP][FAILED] - verifyElementPropertyValue(order, "GetDataOrderResponse.ListDataOrder[0].NoPolisi", o_nopol, CONTINUE_ON_FAILURE): Expected element property value '               ' is not equal with actual property value 'B 2726 BOM'

2022-03-24 12:48:30 - [MESSAGE][FAILED] - Expected element property value '               ' is not equal with actual property value 'B 2726 BOM'

2022-03-24 12:48:30 - [TEST_STEP][FAILED] - verifyElementPropertyValue(order, "GetDataOrderResponse.ListDataOrder[0].NamaBPKB", o_namabpkb, CONTINUE_ON_FAILURE): Expected element property value 'MUKINAH' is not equal with actual property value 'PT AUTORENT LANCAR S'

2022-03-24 12:48:30 - [MESSAGE][FAILED] - Expected element property value 'MUKINAH' is not equal with actual property value 'PT AUTORENT LANCAR S'

2022-03-24 12:48:30 - [TEST_STEP][FAILED] - verifyElementPropertyValue(order, "GetDataOrderResponse.ListDataOrder[0].KategoriMobil", o_kategori, CONTINUE_ON_FAILURE): Expected element property value '1 ' is not equal with actual property value '14'

2022-03-24 12:48:30 - [MESSAGE][FAILED] - Expected element property value '1 ' is not equal with actual property value '14'

2022-03-24 12:48:30 - [TEST_STEP][PASSED] - verifyElementPropertyValue(order, "GetDataOrderResponse.ListDataOrder[0].PenggunaanKendaraan", o_purpose, CONTINUE_ON_FAILURE): Verify element property value successfully

2022-03-24 12:48:30 - [MESSAGE][PASSED] - Verify element property value successfully

2022-03-24 12:48:30 - [TEST_STEP][FAILED] - verifyElementPropertyValue(order, "GetDataOrderResponse.ListDataOrder[0].Kondisi", o_kondisi, CONTINUE_ON_FAILURE): Expected element property value '1' is not equal with actual property value '2'

2022-03-24 12:48:30 - [MESSAGE][FAILED] - Expected element property value '1' is not equal with actual property value '2'

2022-03-24 12:48:30 - [TEST_STEP][PASSED] - verifyElementPropertyValue(order, "GetDataOrderResponse.ListDataOrder[0].Accessories1", o_acc1, CONTINUE_ON_FAILURE): Verify element property value successfully

2022-03-24 12:48:30 - [MESSAGE][PASSED] - Verify element property value successfully

2022-03-24 12:48:30 - [TEST_STEP][PASSED] - verifyElementPropertyValue(order, "GetDataOrderResponse.ListDataOrder[0].Accessories2", o_acc2, CONTINUE_ON_FAILURE): Verify element property value successfully

2022-03-24 12:48:30 - [MESSAGE][PASSED] - Verify element property value successfully

2022-03-24 12:48:30 - [TEST_STEP][PASSED] - verifyElementPropertyValue(order, "GetDataOrderResponse.ListDataOrder[0].Accessories3", o_acc3, CONTINUE_ON_FAILURE): Verify element property value successfully

2022-03-24 12:48:30 - [MESSAGE][PASSED] - Verify element property value successfully

2022-03-24 12:48:30 - [TEST_STEP][PASSED] - verifyElementPropertyValue(order, "GetDataOrderResponse.ListDataOrder[0].Accessories4", o_acc4, CONTINUE_ON_FAILURE): Verify element property value successfully

2022-03-24 12:48:30 - [MESSAGE][PASSED] - Verify element property value successfully

2022-03-24 12:48:30 - [TEST_STEP][PASSED] - verifyElementPropertyValue(order, "GetDataOrderResponse.ListDataOrder[0].Accessories5", o_acc5, CONTINUE_ON_FAILURE): Verify element property value successfully

2022-03-24 12:48:30 - [MESSAGE][PASSED] - Verify element property value successfully

2022-03-24 12:48:30 - [TEST_STEP][PASSED] - verifyElementPropertyValue(order, "GetDataOrderResponse.ListDataOrder[0].HargaAccessories1", o_harga_acc1, CONTINUE_ON_FAILURE): Verify element property value successfully

2022-03-24 12:48:30 - [MESSAGE][PASSED] - Verify element property value successfully

2022-03-24 12:48:30 - [TEST_STEP][PASSED] - verifyElementPropertyValue(order, "GetDataOrderResponse.ListDataOrder[0].HargaAccessories2", o_harga_acc2, CONTINUE_ON_FAILURE): Verify element property value successfully

2022-03-24 12:48:30 - [MESSAGE][PASSED] - Verify element property value successfully

2022-03-24 12:48:30 - [TEST_STEP][PASSED] - verifyElementPropertyValue(order, "GetDataOrderResponse.ListDataOrder[0].HargaAccessories3", o_harga_acc3, CONTINUE_ON_FAILURE): Verify element property value successfully

2022-03-24 12:48:30 - [MESSAGE][PASSED] - Verify element property value successfully

2022-03-24 12:48:30 - [TEST_STEP][PASSED] - verifyElementPropertyValue(order, "GetDataOrderResponse.ListDataOrder[0].HargaAccessories4", o_harga_acc4, CONTINUE_ON_FAILURE): Verify element property value successfully

2022-03-24 12:48:30 - [MESSAGE][PASSED] - Verify element property value successfully

2022-03-24 12:48:30 - [TEST_STEP][PASSED] - verifyElementPropertyValue(order, "GetDataOrderResponse.ListDataOrder[0].HargaAccessories5", o_harga_acc5, CONTINUE_ON_FAILURE): Verify element property value successfully

2022-03-24 12:48:30 - [MESSAGE][PASSED] - Verify element property value successfully

2022-03-24 12:48:30 - [TEST_STEP][PASSED] - verifyElementPropertyValue(order, "GetDataOrderResponse.ListDataOrder[0].OverKredit", o_overkredit, CONTINUE_ON_FAILURE): Verify element property value successfully

2022-03-24 12:48:30 - [MESSAGE][PASSED] - Verify element property value successfully

2022-03-24 12:48:30 - [TEST_STEP][PASSED] - verifyElementPropertyValue(order, "GetDataOrderResponse.ListDataOrder[0].Restructure", o_restructure, CONTINUE_ON_FAILURE): Verify element property value successfully

2022-03-24 12:48:30 - [MESSAGE][PASSED] - Verify element property value successfully

2022-03-24 12:48:30 - [TEST_STEP][PASSED] - verifyElementPropertyValue(order, "GetDataOrderResponse.ListDataOrder[0].NoPolisLama", o_nopol_lama, CONTINUE_ON_FAILURE): Verify element property value successfully

2022-03-24 12:48:30 - [MESSAGE][PASSED] - Verify element property value successfully

2022-03-24 12:48:30 - [TEST_STEP][PASSED] - verifyElementPropertyValue(order, "GetDataOrderResponse.ListDataOrder[0].MailAddress", o_mail_addr, CONTINUE_ON_FAILURE): Verify element property value successfully

2022-03-24 12:48:30 - [MESSAGE][PASSED] - Verify element property value successfully

2022-03-24 12:48:30 - [TEST_STEP][PASSED] - verifyElementPropertyValue(order, "GetDataOrderResponse.ListDataOrder[0].KabKodya", o_kab_kodya, CONTINUE_ON_FAILURE): Verify element property value successfully

2022-03-24 12:48:30 - [MESSAGE][PASSED] - Verify element property value successfully

2022-03-24 12:48:30 - [TEST_STEP][FAILED] - verifyElementPropertyValue(order, "GetDataOrderResponse.ListDataOrder[0].PostalCode", o_postal_code, CONTINUE_ON_FAILURE): Expected element property value '59163' is not equal with actual property value '12610'

2022-03-24 12:48:31 - [MESSAGE][FAILED] - Expected element property value '59163' is not equal with actual property value '12610'

2022-03-24 12:48:31 - [TEST_STEP][PASSED] - verifyElementPropertyValue(order, "GetDataOrderResponse.ListDataOrder[0].PaketMobil", o_packet, CONTINUE_ON_FAILURE): Verify element property value successfully

2022-03-24 12:48:31 - [MESSAGE][PASSED] - Verify element property value successfully

2022-03-24 12:48:31 - [TEST_STEP][PASSED] - verifyElementPropertyValue(order, "GetDataOrderResponse.ListDataOrder[0].CustType", o_cust_type, CONTINUE_ON_FAILURE): Verify element property value successfully

2022-03-24 12:48:31 - [MESSAGE][PASSED] - Verify element property value successfully

2022-03-24 12:48:31 - [TEST_STEP][FAILED] - verifyElementPropertyValue(order, "GetDataOrderResponse.ListDataOrder[0].IdentityNo", o_nik, CONTINUE_ON_FAILURE): Expected element property value 'SCRAMBLE' is not equal with actual property value '09.5307.120661.7004'

2022-03-24 12:48:31 - [MESSAGE][FAILED] - Expected element property value 'SCRAMBLE' is not equal with actual property value '09.5307.120661.7004'

2022-03-24 12:48:31 - [TEST_STEP][PASSED] - verifyElementPropertyValue(order, "GetDataOrderResponse.ListDataOrder[0].BirthPlace", o_birth_place, CONTINUE_ON_FAILURE): Verify element property value successfully

2022-03-24 12:48:31 - [MESSAGE][PASSED] - Verify element property value successfully

2022-03-24 12:48:31 - [TEST_STEP][FAILED] - verifyElementPropertyValue(order, "GetDataOrderResponse.ListDataOrder[0].BirthDate", o_birth_date, CONTINUE_ON_FAILURE): Expected element property value '20220212' is not equal with actual property value '19610612'

2022-03-24 12:48:31 - [MESSAGE][FAILED] - Expected element property value '20220212' is not equal with actual property value '19610612'

2022-03-24 12:48:31 - [TEST_STEP][FAILED] - verifyElementPropertyValue(order, "GetDataOrderResponse.ListDataOrder[0].Occupation", o_occp, CONTINUE_ON_FAILURE): Expected element property value 'Professional' is not equal with actual property value 'Wiraswasta'

2022-03-24 12:48:31 - [MESSAGE][FAILED] - Expected element property value 'Professional' is not equal with actual property value 'Wiraswasta'

2022-03-24 12:48:31 - [TEST_STEP][PASSED] - verifyElementPropertyValue(order, "GetDataOrderResponse.ListDataOrder[0].AlamatKTP", o_ktp_addr, CONTINUE_ON_FAILURE): Verify element property value successfully

2022-03-24 12:48:31 - [MESSAGE][PASSED] - Verify element property value successfully

2022-03-24 12:48:31 - [TEST_STEP][PASSED] - verifyElementPropertyValue(order, "GetDataOrderResponse.ListDataOrder[0].KelurahanKTP", o_ktp_kel, CONTINUE_ON_FAILURE): Verify element property value successfully

2022-03-24 12:48:31 - [MESSAGE][PASSED] - Verify element property value successfully

2022-03-24 12:48:31 - [TEST_STEP][PASSED] - verifyElementPropertyValue(order, "GetDataOrderResponse.ListDataOrder[0].KecamatanKTP", o_ktp_kec, CONTINUE_ON_FAILURE): Verify element property value successfully

2022-03-24 12:48:31 - [MESSAGE][PASSED] - Verify element property value successfully

2022-03-24 12:48:31 - [TEST_STEP][PASSED] - verifyElementPropertyValue(order, "GetDataOrderResponse.ListDataOrder[0].KabKodyaKTP", o_ktp_kabkodya, CONTINUE_ON_FAILURE): Verify element property value successfully

2022-03-24 12:48:31 - [MESSAGE][PASSED] - Verify element property value successfully

2022-03-24 12:48:31 - [TEST_STEP][PASSED] - verifyElementPropertyValue(order, "GetDataOrderResponse.ListDataOrder[0].ProvinsiKTP", o_ktp_prov, CONTINUE_ON_FAILURE): Verify element property value successfully

2022-03-24 12:48:31 - [MESSAGE][PASSED] - Verify element property value successfully

2022-03-24 12:48:31 - [TEST_STEP][FAILED] - verifyElementPropertyValue(order, "GetDataOrderResponse.ListDataOrder[0].PostalCodeKTP", o_ktp_postal_code, CONTINUE_ON_FAILURE): Expected element property value '59163' is not equal with actual property value '12610'

2022-03-24 12:48:31 - [MESSAGE][FAILED] - Expected element property value '59163' is not equal with actual property value '12610'

2022-03-24 12:48:31 - [TEST_STEP][FAILED] - verifyElementPropertyValue(order, "GetDataOrderResponse.ListDataOrder[0].DealerName", o_ktp_dealer_name, CONTINUE_ON_FAILURE): Expected element property value 'Kudus Jaya Motor, PT' is not equal with actual property value '21 Auto Cars'

2022-03-24 12:48:31 - [MESSAGE][FAILED] - Expected element property value 'Kudus Jaya Motor, PT' is not equal with actual property value '21 Auto Cars'

2022-03-24 12:48:31 - [TEST_STEP][FAILED] - switch (tenor): null

2022-03-24 12:48:31 - [TEST_STEP][FAILED] - case "4":: null

2022-03-24 12:48:31 - [TEST_STEP][PASSED] - order2 = sendRequest(findTestObject("3. Get-data-order", ["s_key":global_token, "c_id":c_id, "order_date":order_date, "page":page, "rows":rows])): Send request successfully

2022-03-24 12:48:31 - [MESSAGE][INFO] - HAR: I:\app-testing\app-project\Order car insurance\order-car-insurance\Reports\20220324_124757\Get data order\20220324_124758\requests\main\11.har

2022-03-24 12:48:31 - [MESSAGE][PASSED] - Send request successfully

2022-03-24 12:48:31 - [TEST_STEP][PASSED] - get_order2 = order.getResponseText(): null

2022-03-24 12:48:31 - [TEST_STEP][FAILED] - verifyElementPropertyValue(order, "GetDataOrderResponse.ListDataOrder[0].InsuranceData[0].KondisiPertanggungan", o_kond_pertanggungan_0, CONTINUE_ON_FAILURE): Expected element property value ' ' is not equal with actual property value ''

2022-03-24 12:48:31 - [MESSAGE][FAILED] - Expected element property value ' ' is not equal with actual property value ''

2022-03-24 12:48:31 - [TEST_STEP][PASSED] - verifyElementPropertyValue(order, "GetDataOrderResponse.ListDataOrder[0].InsuranceData[0].TJH", o_tjh_header_0, CONTINUE_ON_FAILURE): Verify element property value successfully

2022-03-24 12:48:31 - [MESSAGE][PASSED] - Verify element property value successfully

2022-03-24 12:48:31 - [TEST_STEP][FAILED] - verifyElementPropertyValue(order, "GetDataOrderResponse.ListDataOrder[0].InsuranceData[0].InsuredValue", o_ins_val_0, CONTINUE_ON_FAILURE): Expected element property value '176600000.00' is not equal with actual property value '360000000.00'

2022-03-24 12:48:31 - [MESSAGE][FAILED] - Expected element property value '176600000.00' is not equal with actual property value '360000000.00'

2022-03-24 12:48:31 - [TEST_STEP][PASSED] - verifyElementPropertyValue(order, "GetDataOrderResponse.ListDataOrder[0].InsuranceData[0].InsuredFrom", o_ins_form_0, CONTINUE_ON_FAILURE): Verify element property value successfully

2022-03-24 12:48:31 - [MESSAGE][PASSED] - Verify element property value successfully

2022-03-24 12:48:31 - [TEST_STEP][PASSED] - verifyElementPropertyValue(order, "GetDataOrderResponse.ListDataOrder[0].InsuranceData[0].InsuredTo", o_ins_to_0, CONTINUE_ON_FAILURE): Verify element property value successfully

2022-03-24 12:48:31 - [MESSAGE][PASSED] - Verify element property value successfully

2022-03-24 12:48:31 - [TEST_STEP][FAILED] - verifyElementPropertyValue(order, "GetDataOrderResponse.ListDataOrder[0].InsuranceData[0].Rate", o_rate_0, CONTINUE_ON_FAILURE): Expected element property value '1.9637' is not equal with actual property value '1.5184'

2022-03-24 12:48:31 - [MESSAGE][FAILED] - Expected element property value '1.9637' is not equal with actual property value '1.5184'

2022-03-24 12:48:31 - [TEST_STEP][FAILED] - verifyElementPropertyValue(order, "GetDataOrderResponse.ListDataOrder[0].InsuranceData[0].GrossPremi", o_gross_premi_0, CONTINUE_ON_FAILURE): Expected element property value '3467894.00' is not equal with actual property value '5466240.00'

2022-03-24 12:48:32 - [MESSAGE][FAILED] - Expected element property value '3467894.00' is not equal with actual property value '5466240.00'

2022-03-24 12:48:32 - [TEST_STEP][PASSED] - verifyElementPropertyValue(order, "GetDataOrderResponse.ListDataOrder[0].InsuranceData[0].Discount", o_discount_0, CONTINUE_ON_FAILURE): Verify element property value successfully

2022-03-24 12:48:32 - [MESSAGE][PASSED] - Verify element property value successfully

2022-03-24 12:48:32 - [TEST_STEP][PASSED] - verifyElementPropertyValue(order, "GetDataOrderResponse.ListDataOrder[0].InsuranceData[0].Adm", o_adm_0, CONTINUE_ON_FAILURE): Verify element property value successfully

2022-03-24 12:48:32 - [MESSAGE][PASSED] - Verify element property value successfully

2022-03-24 12:48:32 - [TEST_STEP][FAILED] - verifyElementPropertyValue(order, "GetDataOrderResponse.ListDataOrder[0].InsuranceData[0].NetPremi", o_netpremi_0, CONTINUE_ON_FAILURE): Expected element property value '3467894.00' is not equal with actual property value '5466240.00'

2022-03-24 12:48:32 - [MESSAGE][FAILED] - Expected element property value '3467894.00' is not equal with actual property value '5466240.00'

2022-03-24 12:48:32 - [TEST_STEP][PASSED] - verifyElementPropertyValue(order, "GetDataOrderResponse.ListDataOrder[0].InsuranceData[0].PerluasanJaminan.TJH", o_tjh_val_0, CONTINUE_ON_FAILURE): Verify element property value successfully

2022-03-24 12:48:32 - [MESSAGE][PASSED] - Verify element property value successfully

2022-03-24 12:48:32 - [TEST_STEP][PASSED] - verifyElementPropertyValue(order, "GetDataOrderResponse.ListDataOrder[0].InsuranceData[0].PerluasanJaminan.RSCC", o_rscc_val_0, CONTINUE_ON_FAILURE): Verify element property value successfully

2022-03-24 12:48:32 - [MESSAGE][PASSED] - Verify element property value successfully

2022-03-24 12:48:32 - [TEST_STEP][PASSED] - verifyElementPropertyValue(order, "GetDataOrderResponse.ListDataOrder[0].InsuranceData[0].PerluasanJaminan.Banjir", o_rsmb_val_0, CONTINUE_ON_FAILURE): Verify element property value successfully

2022-03-24 12:48:32 - [MESSAGE][PASSED] - Verify element property value successfully

2022-03-24 12:48:32 - [TEST_STEP][PASSED] - verifyElementPropertyValue(order, "GetDataOrderResponse.ListDataOrder[0].InsuranceData[0].PerluasanJaminan.Accessories", o_acc_val_0, CONTINUE_ON_FAILURE): Verify element property value successfully

2022-03-24 12:48:32 - [MESSAGE][PASSED] - Verify element property value successfully

2022-03-24 12:48:32 - [TEST_STEP][PASSED] - verifyElementPropertyValue(order, "GetDataOrderResponse.ListDataOrder[0].InsuranceData[1].KondisiPertanggungan", o_kond_pertanggungan_1, CONTINUE_ON_FAILURE): Verify element property value successfully

2022-03-24 12:48:32 - [MESSAGE][PASSED] - Verify element property value successfully

2022-03-24 12:48:32 - [TEST_STEP][PASSED] - verifyElementPropertyValue(order, "GetDataOrderResponse.ListDataOrder[0].InsuranceData[1].TJH", o_tjh_header_1, CONTINUE_ON_FAILURE): Verify element property value successfully

2022-03-24 12:48:32 - [MESSAGE][PASSED] - Verify element property value successfully

2022-03-24 12:48:32 - [TEST_STEP][FAILED] - verifyElementPropertyValue(order, "GetDataOrderResponse.ListDataOrder[0].InsuranceData[1].InsuredValue", o_ins_val_1, CONTINUE_ON_FAILURE): Expected element property value '176600000.00' is not equal with actual property value '360000000.00'

2022-03-24 12:48:32 - [MESSAGE][FAILED] - Expected element property value '176600000.00' is not equal with actual property value '360000000.00'

2022-03-24 12:48:32 - [TEST_STEP][PASSED] - verifyElementPropertyValue(order, "GetDataOrderResponse.ListDataOrder[0].InsuranceData[1].InsuredFrom", o_ins_form_1, CONTINUE_ON_FAILURE): Verify element property value successfully

2022-03-24 12:48:32 - [MESSAGE][PASSED] - Verify element property value successfully

2022-03-24 12:48:32 - [TEST_STEP][PASSED] - verifyElementPropertyValue(order, "GetDataOrderResponse.ListDataOrder[0].InsuranceData[1].InsuredTo", o_ins_to_1, CONTINUE_ON_FAILURE): Verify element property value successfully

2022-03-24 12:48:32 - [MESSAGE][PASSED] - Verify element property value successfully

2022-03-24 12:48:32 - [TEST_STEP][FAILED] - verifyElementPropertyValue(order, "GetDataOrderResponse.ListDataOrder[0].InsuranceData[1].Rate", o_rate_1, CONTINUE_ON_FAILURE): Expected element property value '0.3212' is not equal with actual property value '0.2774'

2022-03-24 12:48:32 - [MESSAGE][FAILED] - Expected element property value '0.3212' is not equal with actual property value '0.2774'

2022-03-24 12:48:32 - [TEST_STEP][FAILED] - verifyElementPropertyValue(order, "GetDataOrderResponse.ListDataOrder[0].InsuranceData[1].GrossPremi", o_gross_premi_1, CONTINUE_ON_FAILURE): Expected element property value '3467894.00' is not equal with actual property value '998640.00'

2022-03-24 12:48:32 - [MESSAGE][FAILED] - Expected element property value '3467894.00' is not equal with actual property value '998640.00'

2022-03-24 12:48:32 - [TEST_STEP][PASSED] - verifyElementPropertyValue(order, "GetDataOrderResponse.ListDataOrder[0].InsuranceData[1].Discount", o_discount_1, CONTINUE_ON_FAILURE): Verify element property value successfully

2022-03-24 12:48:32 - [MESSAGE][PASSED] - Verify element property value successfully

2022-03-24 12:48:32 - [TEST_STEP][PASSED] - verifyElementPropertyValue(order, "GetDataOrderResponse.ListDataOrder[0].InsuranceData[1].Adm", o_adm_1, CONTINUE_ON_FAILURE): Verify element property value successfully

2022-03-24 12:48:32 - [MESSAGE][PASSED] - Verify element property value successfully

2022-03-24 12:48:32 - [TEST_STEP][FAILED] - verifyElementPropertyValue(order, "GetDataOrderResponse.ListDataOrder[0].InsuranceData[1].NetPremi", o_netpremi_1, CONTINUE_ON_FAILURE): Expected element property value '567239.00' is not equal with actual property value '998640.00'

2022-03-24 12:48:32 - [MESSAGE][FAILED] - Expected element property value '567239.00' is not equal with actual property value '998640.00'

2022-03-24 12:48:32 - [TEST_STEP][PASSED] - verifyElementPropertyValue(order, "GetDataOrderResponse.ListDataOrder[0].InsuranceData[1].PerluasanJaminan.TJH", o_tjh_val_1, CONTINUE_ON_FAILURE): Verify element property value successfully

2022-03-24 12:48:32 - [MESSAGE][PASSED] - Verify element property value successfully

2022-03-24 12:48:32 - [TEST_STEP][PASSED] - verifyElementPropertyValue(order, "GetDataOrderResponse.ListDataOrder[0].InsuranceData[1].PerluasanJaminan.RSCC", o_rscc_val_1, CONTINUE_ON_FAILURE): Verify element property value successfully

2022-03-24 12:48:32 - [MESSAGE][PASSED] - Verify element property value successfully

2022-03-24 12:48:32 - [TEST_STEP][PASSED] - verifyElementPropertyValue(order, "GetDataOrderResponse.ListDataOrder[0].InsuranceData[1].PerluasanJaminan.Banjir", o_rsmb_val_1, CONTINUE_ON_FAILURE): Verify element property value successfully

2022-03-24 12:48:32 - [MESSAGE][PASSED] - Verify element property value successfully

2022-03-24 12:48:32 - [TEST_STEP][PASSED] - verifyElementPropertyValue(order, "GetDataOrderResponse.ListDataOrder[0].InsuranceData[1].PerluasanJaminan.Accessories", o_acc_val_1, CONTINUE_ON_FAILURE): Verify element property value successfully

2022-03-24 12:48:32 - [MESSAGE][PASSED] - Verify element property value successfully

2022-03-24 12:48:32 - [TEST_STEP][PASSED] - verifyElementPropertyValue(order, "GetDataOrderResponse.ListDataOrder[0].InsuranceData[2].KondisiPertanggungan", o_kond_pertanggungan_2, CONTINUE_ON_FAILURE): Verify element property value successfully

2022-03-24 12:48:32 - [MESSAGE][PASSED] - Verify element property value successfully

2022-03-24 12:48:32 - [TEST_STEP][PASSED] - verifyElementPropertyValue(order, "GetDataOrderResponse.ListDataOrder[0].InsuranceData[2].TJH", o_tjh_header_2, CONTINUE_ON_FAILURE): Verify element property value successfully

2022-03-24 12:48:32 - [MESSAGE][PASSED] - Verify element property value successfully

2022-03-24 12:48:32 - [TEST_STEP][FAILED] - verifyElementPropertyValue(order, "GetDataOrderResponse.ListDataOrder[0].InsuranceData[2].InsuredValue", o_ins_val_2, CONTINUE_ON_FAILURE): Expected element property value '176600000.00' is not equal with actual property value '360000000.00'

2022-03-24 12:48:32 - [MESSAGE][FAILED] - Expected element property value '176600000.00' is not equal with actual property value '360000000.00'

2022-03-24 12:48:32 - [TEST_STEP][PASSED] - verifyElementPropertyValue(order, "GetDataOrderResponse.ListDataOrder[0].InsuranceData[2].InsuredFrom", o_ins_form_2, CONTINUE_ON_FAILURE): Verify element property value successfully

2022-03-24 12:48:32 - [MESSAGE][PASSED] - Verify element property value successfully

2022-03-24 12:48:32 - [TEST_STEP][PASSED] - verifyElementPropertyValue(order, "GetDataOrderResponse.ListDataOrder[0].InsuranceData[2].InsuredTo", o_ins_to_2, CONTINUE_ON_FAILURE): Verify element property value successfully

2022-03-24 12:48:32 - [MESSAGE][PASSED] - Verify element property value successfully

2022-03-24 12:48:32 - [TEST_STEP][FAILED] - verifyElementPropertyValue(order, "GetDataOrderResponse.ListDataOrder[0].InsuranceData[2].Rate", o_rate_2, CONTINUE_ON_FAILURE): Expected element property value '0.3212' is not equal with actual property value '0.2774'

2022-03-24 12:48:32 - [MESSAGE][FAILED] - Expected element property value '0.3212' is not equal with actual property value '0.2774'

2022-03-24 12:48:32 - [TEST_STEP][FAILED] - verifyElementPropertyValue(order, "GetDataOrderResponse.ListDataOrder[0].InsuranceData[2].GrossPremi", o_gross_premi_2, CONTINUE_ON_FAILURE): Expected element property value '567239.00' is not equal with actual property value '998640.00'

2022-03-24 12:48:32 - [MESSAGE][FAILED] - Expected element property value '567239.00' is not equal with actual property value '998640.00'

2022-03-24 12:48:32 - [TEST_STEP][PASSED] - verifyElementPropertyValue(order, "GetDataOrderResponse.ListDataOrder[0].InsuranceData[2].Discount", o_discount_2, CONTINUE_ON_FAILURE): Verify element property value successfully

2022-03-24 12:48:32 - [MESSAGE][PASSED] - Verify element property value successfully

2022-03-24 12:48:32 - [TEST_STEP][PASSED] - verifyElementPropertyValue(order, "GetDataOrderResponse.ListDataOrder[0].InsuranceData[2].Adm", o_adm_2, CONTINUE_ON_FAILURE): Verify element property value successfully

2022-03-24 12:48:32 - [MESSAGE][PASSED] - Verify element property value successfully

2022-03-24 12:48:32 - [TEST_STEP][FAILED] - verifyElementPropertyValue(order, "GetDataOrderResponse.ListDataOrder[0].InsuranceData[2].NetPremi", o_netpremi_2, CONTINUE_ON_FAILURE): Expected element property value '567239.00' is not equal with actual property value '998640.00'

2022-03-24 12:48:32 - [MESSAGE][FAILED] - Expected element property value '567239.00' is not equal with actual property value '998640.00'

2022-03-24 12:48:32 - [TEST_STEP][PASSED] - verifyElementPropertyValue(order, "GetDataOrderResponse.ListDataOrder[0].InsuranceData[2].PerluasanJaminan.TJH", o_tjh_val_2, CONTINUE_ON_FAILURE): Verify element property value successfully

2022-03-24 12:48:32 - [MESSAGE][PASSED] - Verify element property value successfully

2022-03-24 12:48:32 - [TEST_STEP][PASSED] - verifyElementPropertyValue(order, "GetDataOrderResponse.ListDataOrder[0].InsuranceData[2].PerluasanJaminan.RSCC", o_rscc_val_2, CONTINUE_ON_FAILURE): Verify element property value successfully

2022-03-24 12:48:32 - [MESSAGE][PASSED] - Verify element property value successfully

2022-03-24 12:48:32 - [TEST_STEP][PASSED] - verifyElementPropertyValue(order, "GetDataOrderResponse.ListDataOrder[0].InsuranceData[2].PerluasanJaminan.Banjir", o_rsmb_val_2, CONTINUE_ON_FAILURE): Verify element property value successfully

2022-03-24 12:48:32 - [MESSAGE][PASSED] - Verify element property value successfully

2022-03-24 12:48:32 - [TEST_STEP][PASSED] - verifyElementPropertyValue(order, "GetDataOrderResponse.ListDataOrder[0].InsuranceData[2].PerluasanJaminan.Accessories", o_acc_val_2, CONTINUE_ON_FAILURE): Verify element property value successfully

2022-03-24 12:48:32 - [MESSAGE][PASSED] - Verify element property value successfully

2022-03-24 12:48:32 - [TEST_STEP][FAILED] - verifyElementPropertyValue(order, "GetDataOrderResponse.ListDataOrder[0].InsuranceData[3].KondisiPertanggungan", o_kond_pertanggungan_3, CONTINUE_ON_FAILURE): Unable to verify element property value (Root cause: java.lang.NullPointerException: Cannot get property 'KondisiPertanggungan' on null object
	at Script1.run(Script1.groovy:1)
	at com.kms.katalon.core.webservice.helper.WebServiceCommonHelper.parseAndGetPropertyValueForJson(WebServiceCommonHelper.java:213)
	at com.kms.katalon.core.webservice.keyword.builtin.VerifyElementPropertyValueKeyword$_verifyElementPropertyValue_closure1.doCall(VerifyElementPropertyValueKeyword.groovy:52)
	at com.kms.katalon.core.webservice.keyword.builtin.VerifyElementPropertyValueKeyword$_verifyElementPropertyValue_closure1.call(VerifyElementPropertyValueKeyword.groovy)
	at com.kms.katalon.core.keyword.internal.KeywordMain.runKeyword(KeywordMain.groovy:74)
	at com.kms.katalon.core.webservice.keyword.builtin.VerifyElementPropertyValueKeyword.verifyElementPropertyValue(VerifyElementPropertyValueKeyword.groovy:48)
	at com.kms.katalon.core.webservice.keyword.builtin.VerifyElementPropertyValueKeyword.execute(VerifyElementPropertyValueKeyword.groovy:43)
	at com.kms.katalon.core.keyword.internal.KeywordExecutor.executeKeywordForPlatform(KeywordExecutor.groovy:74)
	at com.kms.katalon.core.webservice.keyword.WSBuiltInKeywords.verifyElementPropertyValue(WSBuiltInKeywords.groovy:175)
	at com.kms.katalon.core.webservice.keyword.WSBuiltInKeywords$verifyElementPropertyValue$0.call(Unknown Source)
	at 1. get token - data order.run(1. get token - data order:546)
	at com.kms.katalon.core.main.ScriptEngine.run(ScriptEngine.java:194)
	at com.kms.katalon.core.main.ScriptEngine.runScriptAsRawText(ScriptEngine.java:119)
	at com.kms.katalon.core.main.TestCaseExecutor.runScript(TestCaseExecutor.java:442)
	at com.kms.katalon.core.main.TestCaseExecutor.doExecute(TestCaseExecutor.java:433)
	at com.kms.katalon.core.main.TestCaseExecutor.processExecutionPhase(TestCaseExecutor.java:412)
	at com.kms.katalon.core.main.TestCaseExecutor.accessMainPhase(TestCaseExecutor.java:404)
	at com.kms.katalon.core.main.TestCaseExecutor.execute(TestCaseExecutor.java:281)
	at com.kms.katalon.core.main.TestSuiteExecutor.accessTestCaseMainPhase(TestSuiteExecutor.java:202)
	at com.kms.katalon.core.main.TestSuiteExecutor.accessTestSuiteMainPhase(TestSuiteExecutor.java:164)
	at com.kms.katalon.core.main.TestSuiteExecutor.execute(TestSuiteExecutor.java:105)
	at com.kms.katalon.core.main.TestCaseMain.startTestSuite(TestCaseMain.java:181)
	at com.kms.katalon.core.main.TestCaseMain$startTestSuite$0.call(Unknown Source)
	at TempTestSuite1648100878643.run(TempTestSuite1648100878643.groovy:36)
)

2022-03-24 12:48:32 - [MESSAGE][FAILED] - Unable to verify element property value (Root cause: java.lang.NullPointerException: Cannot get property 'KondisiPertanggungan' on null object
	at Script1.run(Script1.groovy:1)
	at com.kms.katalon.core.webservice.helper.WebServiceCommonHelper.parseAndGetPropertyValueForJson(WebServiceCommonHelper.java:213)
	at com.kms.katalon.core.webservice.keyword.builtin.VerifyElementPropertyValueKeyword$_verifyElementPropertyValue_closure1.doCall(VerifyElementPropertyValueKeyword.groovy:52)
	at com.kms.katalon.core.webservice.keyword.builtin.VerifyElementPropertyValueKeyword$_verifyElementPropertyValue_closure1.call(VerifyElementPropertyValueKeyword.groovy)
	at com.kms.katalon.core.keyword.internal.KeywordMain.runKeyword(KeywordMain.groovy:74)
	at com.kms.katalon.core.webservice.keyword.builtin.VerifyElementPropertyValueKeyword.verifyElementPropertyValue(VerifyElementPropertyValueKeyword.groovy:48)
	at com.kms.katalon.core.webservice.keyword.builtin.VerifyElementPropertyValueKeyword.execute(VerifyElementPropertyValueKeyword.groovy:43)
	at com.kms.katalon.core.keyword.internal.KeywordExecutor.executeKeywordForPlatform(KeywordExecutor.groovy:74)
	at com.kms.katalon.core.webservice.keyword.WSBuiltInKeywords.verifyElementPropertyValue(WSBuiltInKeywords.groovy:175)
	at com.kms.katalon.core.webservice.keyword.WSBuiltInKeywords$verifyElementPropertyValue$0.call(Unknown Source)
	at 1. get token - data order.run(1. get token - data order:546)
	at com.kms.katalon.core.main.ScriptEngine.run(ScriptEngine.java:194)
	at com.kms.katalon.core.main.ScriptEngine.runScriptAsRawText(ScriptEngine.java:119)
	at com.kms.katalon.core.main.TestCaseExecutor.runScript(TestCaseExecutor.java:442)
	at com.kms.katalon.core.main.TestCaseExecutor.doExecute(TestCaseExecutor.java:433)
	at com.kms.katalon.core.main.TestCaseExecutor.processExecutionPhase(TestCaseExecutor.java:412)
	at com.kms.katalon.core.main.TestCaseExecutor.accessMainPhase(TestCaseExecutor.java:404)
	at com.kms.katalon.core.main.TestCaseExecutor.execute(TestCaseExecutor.java:281)
	at com.kms.katalon.core.main.TestSuiteExecutor.accessTestCaseMainPhase(TestSuiteExecutor.java:202)
	at com.kms.katalon.core.main.TestSuiteExecutor.accessTestSuiteMainPhase(TestSuiteExecutor.java:164)
	at com.kms.katalon.core.main.TestSuiteExecutor.execute(TestSuiteExecutor.java:105)
	at com.kms.katalon.core.main.TestCaseMain.startTestSuite(TestCaseMain.java:181)
	at com.kms.katalon.core.main.TestCaseMain$startTestSuite$0.call(Unknown Source)
	at TempTestSuite1648100878643.run(TempTestSuite1648100878643.groovy:36)
)

2022-03-24 12:48:32 - [TEST_STEP][FAILED] - verifyElementPropertyValue(order, "GetDataOrderResponse.ListDataOrder[0].InsuranceData[3].TJH", o_tjh_header_3, CONTINUE_ON_FAILURE): Unable to verify element property value (Root cause: java.lang.NullPointerException: Cannot get property 'TJH' on null object
	at Script1.run(Script1.groovy:1)
	at com.kms.katalon.core.webservice.helper.WebServiceCommonHelper.parseAndGetPropertyValueForJson(WebServiceCommonHelper.java:213)
	at com.kms.katalon.core.webservice.keyword.builtin.VerifyElementPropertyValueKeyword$_verifyElementPropertyValue_closure1.doCall(VerifyElementPropertyValueKeyword.groovy:52)
	at com.kms.katalon.core.webservice.keyword.builtin.VerifyElementPropertyValueKeyword$_verifyElementPropertyValue_closure1.call(VerifyElementPropertyValueKeyword.groovy)
	at com.kms.katalon.core.keyword.internal.KeywordMain.runKeyword(KeywordMain.groovy:74)
	at com.kms.katalon.core.webservice.keyword.builtin.VerifyElementPropertyValueKeyword.verifyElementPropertyValue(VerifyElementPropertyValueKeyword.groovy:48)
	at com.kms.katalon.core.webservice.keyword.builtin.VerifyElementPropertyValueKeyword.execute(VerifyElementPropertyValueKeyword.groovy:43)
	at com.kms.katalon.core.keyword.internal.KeywordExecutor.executeKeywordForPlatform(KeywordExecutor.groovy:74)
	at com.kms.katalon.core.webservice.keyword.WSBuiltInKeywords.verifyElementPropertyValue(WSBuiltInKeywords.groovy:175)
	at com.kms.katalon.core.webservice.keyword.WSBuiltInKeywords$verifyElementPropertyValue$0.call(Unknown Source)
	at 1. get token - data order.run(1. get token - data order:549)
	at com.kms.katalon.core.main.ScriptEngine.run(ScriptEngine.java:194)
	at com.kms.katalon.core.main.ScriptEngine.runScriptAsRawText(ScriptEngine.java:119)
	at com.kms.katalon.core.main.TestCaseExecutor.runScript(TestCaseExecutor.java:442)
	at com.kms.katalon.core.main.TestCaseExecutor.doExecute(TestCaseExecutor.java:433)
	at com.kms.katalon.core.main.TestCaseExecutor.processExecutionPhase(TestCaseExecutor.java:412)
	at com.kms.katalon.core.main.TestCaseExecutor.accessMainPhase(TestCaseExecutor.java:404)
	at com.kms.katalon.core.main.TestCaseExecutor.execute(TestCaseExecutor.java:281)
	at com.kms.katalon.core.main.TestSuiteExecutor.accessTestCaseMainPhase(TestSuiteExecutor.java:202)
	at com.kms.katalon.core.main.TestSuiteExecutor.accessTestSuiteMainPhase(TestSuiteExecutor.java:164)
	at com.kms.katalon.core.main.TestSuiteExecutor.execute(TestSuiteExecutor.java:105)
	at com.kms.katalon.core.main.TestCaseMain.startTestSuite(TestCaseMain.java:181)
	at com.kms.katalon.core.main.TestCaseMain$startTestSuite$0.call(Unknown Source)
	at TempTestSuite1648100878643.run(TempTestSuite1648100878643.groovy:36)
)

2022-03-24 12:48:32 - [MESSAGE][FAILED] - Unable to verify element property value (Root cause: java.lang.NullPointerException: Cannot get property 'TJH' on null object
	at Script1.run(Script1.groovy:1)
	at com.kms.katalon.core.webservice.helper.WebServiceCommonHelper.parseAndGetPropertyValueForJson(WebServiceCommonHelper.java:213)
	at com.kms.katalon.core.webservice.keyword.builtin.VerifyElementPropertyValueKeyword$_verifyElementPropertyValue_closure1.doCall(VerifyElementPropertyValueKeyword.groovy:52)
	at com.kms.katalon.core.webservice.keyword.builtin.VerifyElementPropertyValueKeyword$_verifyElementPropertyValue_closure1.call(VerifyElementPropertyValueKeyword.groovy)
	at com.kms.katalon.core.keyword.internal.KeywordMain.runKeyword(KeywordMain.groovy:74)
	at com.kms.katalon.core.webservice.keyword.builtin.VerifyElementPropertyValueKeyword.verifyElementPropertyValue(VerifyElementPropertyValueKeyword.groovy:48)
	at com.kms.katalon.core.webservice.keyword.builtin.VerifyElementPropertyValueKeyword.execute(VerifyElementPropertyValueKeyword.groovy:43)
	at com.kms.katalon.core.keyword.internal.KeywordExecutor.executeKeywordForPlatform(KeywordExecutor.groovy:74)
	at com.kms.katalon.core.webservice.keyword.WSBuiltInKeywords.verifyElementPropertyValue(WSBuiltInKeywords.groovy:175)
	at com.kms.katalon.core.webservice.keyword.WSBuiltInKeywords$verifyElementPropertyValue$0.call(Unknown Source)
	at 1. get token - data order.run(1. get token - data order:549)
	at com.kms.katalon.core.main.ScriptEngine.run(ScriptEngine.java:194)
	at com.kms.katalon.core.main.ScriptEngine.runScriptAsRawText(ScriptEngine.java:119)
	at com.kms.katalon.core.main.TestCaseExecutor.runScript(TestCaseExecutor.java:442)
	at com.kms.katalon.core.main.TestCaseExecutor.doExecute(TestCaseExecutor.java:433)
	at com.kms.katalon.core.main.TestCaseExecutor.processExecutionPhase(TestCaseExecutor.java:412)
	at com.kms.katalon.core.main.TestCaseExecutor.accessMainPhase(TestCaseExecutor.java:404)
	at com.kms.katalon.core.main.TestCaseExecutor.execute(TestCaseExecutor.java:281)
	at com.kms.katalon.core.main.TestSuiteExecutor.accessTestCaseMainPhase(TestSuiteExecutor.java:202)
	at com.kms.katalon.core.main.TestSuiteExecutor.accessTestSuiteMainPhase(TestSuiteExecutor.java:164)
	at com.kms.katalon.core.main.TestSuiteExecutor.execute(TestSuiteExecutor.java:105)
	at com.kms.katalon.core.main.TestCaseMain.startTestSuite(TestCaseMain.java:181)
	at com.kms.katalon.core.main.TestCaseMain$startTestSuite$0.call(Unknown Source)
	at TempTestSuite1648100878643.run(TempTestSuite1648100878643.groovy:36)
)

2022-03-24 12:48:32 - [TEST_STEP][FAILED] - verifyElementPropertyValue(order, "GetDataOrderResponse.ListDataOrder[0].InsuranceData[3].InsuredValue", o_ins_val_3, CONTINUE_ON_FAILURE): Unable to verify element property value (Root cause: java.lang.NullPointerException: Cannot get property 'InsuredValue' on null object
	at Script1.run(Script1.groovy:1)
	at com.kms.katalon.core.webservice.helper.WebServiceCommonHelper.parseAndGetPropertyValueForJson(WebServiceCommonHelper.java:213)
	at com.kms.katalon.core.webservice.keyword.builtin.VerifyElementPropertyValueKeyword$_verifyElementPropertyValue_closure1.doCall(VerifyElementPropertyValueKeyword.groovy:52)
	at com.kms.katalon.core.webservice.keyword.builtin.VerifyElementPropertyValueKeyword$_verifyElementPropertyValue_closure1.call(VerifyElementPropertyValueKeyword.groovy)
	at com.kms.katalon.core.keyword.internal.KeywordMain.runKeyword(KeywordMain.groovy:74)
	at com.kms.katalon.core.webservice.keyword.builtin.VerifyElementPropertyValueKeyword.verifyElementPropertyValue(VerifyElementPropertyValueKeyword.groovy:48)
	at com.kms.katalon.core.webservice.keyword.builtin.VerifyElementPropertyValueKeyword.execute(VerifyElementPropertyValueKeyword.groovy:43)
	at com.kms.katalon.core.keyword.internal.KeywordExecutor.executeKeywordForPlatform(KeywordExecutor.groovy:74)
	at com.kms.katalon.core.webservice.keyword.WSBuiltInKeywords.verifyElementPropertyValue(WSBuiltInKeywords.groovy:175)
	at com.kms.katalon.core.webservice.keyword.WSBuiltInKeywords$verifyElementPropertyValue$0.call(Unknown Source)
	at 1. get token - data order.run(1. get token - data order:551)
	at com.kms.katalon.core.main.ScriptEngine.run(ScriptEngine.java:194)
	at com.kms.katalon.core.main.ScriptEngine.runScriptAsRawText(ScriptEngine.java:119)
	at com.kms.katalon.core.main.TestCaseExecutor.runScript(TestCaseExecutor.java:442)
	at com.kms.katalon.core.main.TestCaseExecutor.doExecute(TestCaseExecutor.java:433)
	at com.kms.katalon.core.main.TestCaseExecutor.processExecutionPhase(TestCaseExecutor.java:412)
	at com.kms.katalon.core.main.TestCaseExecutor.accessMainPhase(TestCaseExecutor.java:404)
	at com.kms.katalon.core.main.TestCaseExecutor.execute(TestCaseExecutor.java:281)
	at com.kms.katalon.core.main.TestSuiteExecutor.accessTestCaseMainPhase(TestSuiteExecutor.java:202)
	at com.kms.katalon.core.main.TestSuiteExecutor.accessTestSuiteMainPhase(TestSuiteExecutor.java:164)
	at com.kms.katalon.core.main.TestSuiteExecutor.execute(TestSuiteExecutor.java:105)
	at com.kms.katalon.core.main.TestCaseMain.startTestSuite(TestCaseMain.java:181)
	at com.kms.katalon.core.main.TestCaseMain$startTestSuite$0.call(Unknown Source)
	at TempTestSuite1648100878643.run(TempTestSuite1648100878643.groovy:36)
)

2022-03-24 12:48:32 - [MESSAGE][FAILED] - Unable to verify element property value (Root cause: java.lang.NullPointerException: Cannot get property 'InsuredValue' on null object
	at Script1.run(Script1.groovy:1)
	at com.kms.katalon.core.webservice.helper.WebServiceCommonHelper.parseAndGetPropertyValueForJson(WebServiceCommonHelper.java:213)
	at com.kms.katalon.core.webservice.keyword.builtin.VerifyElementPropertyValueKeyword$_verifyElementPropertyValue_closure1.doCall(VerifyElementPropertyValueKeyword.groovy:52)
	at com.kms.katalon.core.webservice.keyword.builtin.VerifyElementPropertyValueKeyword$_verifyElementPropertyValue_closure1.call(VerifyElementPropertyValueKeyword.groovy)
	at com.kms.katalon.core.keyword.internal.KeywordMain.runKeyword(KeywordMain.groovy:74)
	at com.kms.katalon.core.webservice.keyword.builtin.VerifyElementPropertyValueKeyword.verifyElementPropertyValue(VerifyElementPropertyValueKeyword.groovy:48)
	at com.kms.katalon.core.webservice.keyword.builtin.VerifyElementPropertyValueKeyword.execute(VerifyElementPropertyValueKeyword.groovy:43)
	at com.kms.katalon.core.keyword.internal.KeywordExecutor.executeKeywordForPlatform(KeywordExecutor.groovy:74)
	at com.kms.katalon.core.webservice.keyword.WSBuiltInKeywords.verifyElementPropertyValue(WSBuiltInKeywords.groovy:175)
	at com.kms.katalon.core.webservice.keyword.WSBuiltInKeywords$verifyElementPropertyValue$0.call(Unknown Source)
	at 1. get token - data order.run(1. get token - data order:551)
	at com.kms.katalon.core.main.ScriptEngine.run(ScriptEngine.java:194)
	at com.kms.katalon.core.main.ScriptEngine.runScriptAsRawText(ScriptEngine.java:119)
	at com.kms.katalon.core.main.TestCaseExecutor.runScript(TestCaseExecutor.java:442)
	at com.kms.katalon.core.main.TestCaseExecutor.doExecute(TestCaseExecutor.java:433)
	at com.kms.katalon.core.main.TestCaseExecutor.processExecutionPhase(TestCaseExecutor.java:412)
	at com.kms.katalon.core.main.TestCaseExecutor.accessMainPhase(TestCaseExecutor.java:404)
	at com.kms.katalon.core.main.TestCaseExecutor.execute(TestCaseExecutor.java:281)
	at com.kms.katalon.core.main.TestSuiteExecutor.accessTestCaseMainPhase(TestSuiteExecutor.java:202)
	at com.kms.katalon.core.main.TestSuiteExecutor.accessTestSuiteMainPhase(TestSuiteExecutor.java:164)
	at com.kms.katalon.core.main.TestSuiteExecutor.execute(TestSuiteExecutor.java:105)
	at com.kms.katalon.core.main.TestCaseMain.startTestSuite(TestCaseMain.java:181)
	at com.kms.katalon.core.main.TestCaseMain$startTestSuite$0.call(Unknown Source)
	at TempTestSuite1648100878643.run(TempTestSuite1648100878643.groovy:36)
)

2022-03-24 12:48:32 - [TEST_STEP][FAILED] - verifyElementPropertyValue(order, "GetDataOrderResponse.ListDataOrder[0].InsuranceData[3].InsuredFrom", o_ins_form_3, CONTINUE_ON_FAILURE): Unable to verify element property value (Root cause: java.lang.NullPointerException: Cannot get property 'InsuredFrom' on null object
	at Script1.run(Script1.groovy:1)
	at com.kms.katalon.core.webservice.helper.WebServiceCommonHelper.parseAndGetPropertyValueForJson(WebServiceCommonHelper.java:213)
	at com.kms.katalon.core.webservice.keyword.builtin.VerifyElementPropertyValueKeyword$_verifyElementPropertyValue_closure1.doCall(VerifyElementPropertyValueKeyword.groovy:52)
	at com.kms.katalon.core.webservice.keyword.builtin.VerifyElementPropertyValueKeyword$_verifyElementPropertyValue_closure1.call(VerifyElementPropertyValueKeyword.groovy)
	at com.kms.katalon.core.keyword.internal.KeywordMain.runKeyword(KeywordMain.groovy:74)
	at com.kms.katalon.core.webservice.keyword.builtin.VerifyElementPropertyValueKeyword.verifyElementPropertyValue(VerifyElementPropertyValueKeyword.groovy:48)
	at com.kms.katalon.core.webservice.keyword.builtin.VerifyElementPropertyValueKeyword.execute(VerifyElementPropertyValueKeyword.groovy:43)
	at com.kms.katalon.core.keyword.internal.KeywordExecutor.executeKeywordForPlatform(KeywordExecutor.groovy:74)
	at com.kms.katalon.core.webservice.keyword.WSBuiltInKeywords.verifyElementPropertyValue(WSBuiltInKeywords.groovy:175)
	at com.kms.katalon.core.webservice.keyword.WSBuiltInKeywords$verifyElementPropertyValue$0.call(Unknown Source)
	at 1. get token - data order.run(1. get token - data order:554)
	at com.kms.katalon.core.main.ScriptEngine.run(ScriptEngine.java:194)
	at com.kms.katalon.core.main.ScriptEngine.runScriptAsRawText(ScriptEngine.java:119)
	at com.kms.katalon.core.main.TestCaseExecutor.runScript(TestCaseExecutor.java:442)
	at com.kms.katalon.core.main.TestCaseExecutor.doExecute(TestCaseExecutor.java:433)
	at com.kms.katalon.core.main.TestCaseExecutor.processExecutionPhase(TestCaseExecutor.java:412)
	at com.kms.katalon.core.main.TestCaseExecutor.accessMainPhase(TestCaseExecutor.java:404)
	at com.kms.katalon.core.main.TestCaseExecutor.execute(TestCaseExecutor.java:281)
	at com.kms.katalon.core.main.TestSuiteExecutor.accessTestCaseMainPhase(TestSuiteExecutor.java:202)
	at com.kms.katalon.core.main.TestSuiteExecutor.accessTestSuiteMainPhase(TestSuiteExecutor.java:164)
	at com.kms.katalon.core.main.TestSuiteExecutor.execute(TestSuiteExecutor.java:105)
	at com.kms.katalon.core.main.TestCaseMain.startTestSuite(TestCaseMain.java:181)
	at com.kms.katalon.core.main.TestCaseMain$startTestSuite$0.call(Unknown Source)
	at TempTestSuite1648100878643.run(TempTestSuite1648100878643.groovy:36)
)

2022-03-24 12:48:33 - [MESSAGE][FAILED] - Unable to verify element property value (Root cause: java.lang.NullPointerException: Cannot get property 'InsuredFrom' on null object
	at Script1.run(Script1.groovy:1)
	at com.kms.katalon.core.webservice.helper.WebServiceCommonHelper.parseAndGetPropertyValueForJson(WebServiceCommonHelper.java:213)
	at com.kms.katalon.core.webservice.keyword.builtin.VerifyElementPropertyValueKeyword$_verifyElementPropertyValue_closure1.doCall(VerifyElementPropertyValueKeyword.groovy:52)
	at com.kms.katalon.core.webservice.keyword.builtin.VerifyElementPropertyValueKeyword$_verifyElementPropertyValue_closure1.call(VerifyElementPropertyValueKeyword.groovy)
	at com.kms.katalon.core.keyword.internal.KeywordMain.runKeyword(KeywordMain.groovy:74)
	at com.kms.katalon.core.webservice.keyword.builtin.VerifyElementPropertyValueKeyword.verifyElementPropertyValue(VerifyElementPropertyValueKeyword.groovy:48)
	at com.kms.katalon.core.webservice.keyword.builtin.VerifyElementPropertyValueKeyword.execute(VerifyElementPropertyValueKeyword.groovy:43)
	at com.kms.katalon.core.keyword.internal.KeywordExecutor.executeKeywordForPlatform(KeywordExecutor.groovy:74)
	at com.kms.katalon.core.webservice.keyword.WSBuiltInKeywords.verifyElementPropertyValue(WSBuiltInKeywords.groovy:175)
	at com.kms.katalon.core.webservice.keyword.WSBuiltInKeywords$verifyElementPropertyValue$0.call(Unknown Source)
	at 1. get token - data order.run(1. get token - data order:554)
	at com.kms.katalon.core.main.ScriptEngine.run(ScriptEngine.java:194)
	at com.kms.katalon.core.main.ScriptEngine.runScriptAsRawText(ScriptEngine.java:119)
	at com.kms.katalon.core.main.TestCaseExecutor.runScript(TestCaseExecutor.java:442)
	at com.kms.katalon.core.main.TestCaseExecutor.doExecute(TestCaseExecutor.java:433)
	at com.kms.katalon.core.main.TestCaseExecutor.processExecutionPhase(TestCaseExecutor.java:412)
	at com.kms.katalon.core.main.TestCaseExecutor.accessMainPhase(TestCaseExecutor.java:404)
	at com.kms.katalon.core.main.TestCaseExecutor.execute(TestCaseExecutor.java:281)
	at com.kms.katalon.core.main.TestSuiteExecutor.accessTestCaseMainPhase(TestSuiteExecutor.java:202)
	at com.kms.katalon.core.main.TestSuiteExecutor.accessTestSuiteMainPhase(TestSuiteExecutor.java:164)
	at com.kms.katalon.core.main.TestSuiteExecutor.execute(TestSuiteExecutor.java:105)
	at com.kms.katalon.core.main.TestCaseMain.startTestSuite(TestCaseMain.java:181)
	at com.kms.katalon.core.main.TestCaseMain$startTestSuite$0.call(Unknown Source)
	at TempTestSuite1648100878643.run(TempTestSuite1648100878643.groovy:36)
)

2022-03-24 12:48:33 - [TEST_STEP][FAILED] - verifyElementPropertyValue(order, "GetDataOrderResponse.ListDataOrder[0].InsuranceData[3].InsuredTo", o_ins_to_3, CONTINUE_ON_FAILURE): Unable to verify element property value (Root cause: java.lang.NullPointerException: Cannot get property 'InsuredTo' on null object
	at Script1.run(Script1.groovy:1)
	at com.kms.katalon.core.webservice.helper.WebServiceCommonHelper.parseAndGetPropertyValueForJson(WebServiceCommonHelper.java:213)
	at com.kms.katalon.core.webservice.keyword.builtin.VerifyElementPropertyValueKeyword$_verifyElementPropertyValue_closure1.doCall(VerifyElementPropertyValueKeyword.groovy:52)
	at com.kms.katalon.core.webservice.keyword.builtin.VerifyElementPropertyValueKeyword$_verifyElementPropertyValue_closure1.call(VerifyElementPropertyValueKeyword.groovy)
	at com.kms.katalon.core.keyword.internal.KeywordMain.runKeyword(KeywordMain.groovy:74)
	at com.kms.katalon.core.webservice.keyword.builtin.VerifyElementPropertyValueKeyword.verifyElementPropertyValue(VerifyElementPropertyValueKeyword.groovy:48)
	at com.kms.katalon.core.webservice.keyword.builtin.VerifyElementPropertyValueKeyword.execute(VerifyElementPropertyValueKeyword.groovy:43)
	at com.kms.katalon.core.keyword.internal.KeywordExecutor.executeKeywordForPlatform(KeywordExecutor.groovy:74)
	at com.kms.katalon.core.webservice.keyword.WSBuiltInKeywords.verifyElementPropertyValue(WSBuiltInKeywords.groovy:175)
	at com.kms.katalon.core.webservice.keyword.WSBuiltInKeywords$verifyElementPropertyValue$0.call(Unknown Source)
	at 1. get token - data order.run(1. get token - data order:557)
	at com.kms.katalon.core.main.ScriptEngine.run(ScriptEngine.java:194)
	at com.kms.katalon.core.main.ScriptEngine.runScriptAsRawText(ScriptEngine.java:119)
	at com.kms.katalon.core.main.TestCaseExecutor.runScript(TestCaseExecutor.java:442)
	at com.kms.katalon.core.main.TestCaseExecutor.doExecute(TestCaseExecutor.java:433)
	at com.kms.katalon.core.main.TestCaseExecutor.processExecutionPhase(TestCaseExecutor.java:412)
	at com.kms.katalon.core.main.TestCaseExecutor.accessMainPhase(TestCaseExecutor.java:404)
	at com.kms.katalon.core.main.TestCaseExecutor.execute(TestCaseExecutor.java:281)
	at com.kms.katalon.core.main.TestSuiteExecutor.accessTestCaseMainPhase(TestSuiteExecutor.java:202)
	at com.kms.katalon.core.main.TestSuiteExecutor.accessTestSuiteMainPhase(TestSuiteExecutor.java:164)
	at com.kms.katalon.core.main.TestSuiteExecutor.execute(TestSuiteExecutor.java:105)
	at com.kms.katalon.core.main.TestCaseMain.startTestSuite(TestCaseMain.java:181)
	at com.kms.katalon.core.main.TestCaseMain$startTestSuite$0.call(Unknown Source)
	at TempTestSuite1648100878643.run(TempTestSuite1648100878643.groovy:36)
)

2022-03-24 12:48:33 - [MESSAGE][FAILED] - Unable to verify element property value (Root cause: java.lang.NullPointerException: Cannot get property 'InsuredTo' on null object
	at Script1.run(Script1.groovy:1)
	at com.kms.katalon.core.webservice.helper.WebServiceCommonHelper.parseAndGetPropertyValueForJson(WebServiceCommonHelper.java:213)
	at com.kms.katalon.core.webservice.keyword.builtin.VerifyElementPropertyValueKeyword$_verifyElementPropertyValue_closure1.doCall(VerifyElementPropertyValueKeyword.groovy:52)
	at com.kms.katalon.core.webservice.keyword.builtin.VerifyElementPropertyValueKeyword$_verifyElementPropertyValue_closure1.call(VerifyElementPropertyValueKeyword.groovy)
	at com.kms.katalon.core.keyword.internal.KeywordMain.runKeyword(KeywordMain.groovy:74)
	at com.kms.katalon.core.webservice.keyword.builtin.VerifyElementPropertyValueKeyword.verifyElementPropertyValue(VerifyElementPropertyValueKeyword.groovy:48)
	at com.kms.katalon.core.webservice.keyword.builtin.VerifyElementPropertyValueKeyword.execute(VerifyElementPropertyValueKeyword.groovy:43)
	at com.kms.katalon.core.keyword.internal.KeywordExecutor.executeKeywordForPlatform(KeywordExecutor.groovy:74)
	at com.kms.katalon.core.webservice.keyword.WSBuiltInKeywords.verifyElementPropertyValue(WSBuiltInKeywords.groovy:175)
	at com.kms.katalon.core.webservice.keyword.WSBuiltInKeywords$verifyElementPropertyValue$0.call(Unknown Source)
	at 1. get token - data order.run(1. get token - data order:557)
	at com.kms.katalon.core.main.ScriptEngine.run(ScriptEngine.java:194)
	at com.kms.katalon.core.main.ScriptEngine.runScriptAsRawText(ScriptEngine.java:119)
	at com.kms.katalon.core.main.TestCaseExecutor.runScript(TestCaseExecutor.java:442)
	at com.kms.katalon.core.main.TestCaseExecutor.doExecute(TestCaseExecutor.java:433)
	at com.kms.katalon.core.main.TestCaseExecutor.processExecutionPhase(TestCaseExecutor.java:412)
	at com.kms.katalon.core.main.TestCaseExecutor.accessMainPhase(TestCaseExecutor.java:404)
	at com.kms.katalon.core.main.TestCaseExecutor.execute(TestCaseExecutor.java:281)
	at com.kms.katalon.core.main.TestSuiteExecutor.accessTestCaseMainPhase(TestSuiteExecutor.java:202)
	at com.kms.katalon.core.main.TestSuiteExecutor.accessTestSuiteMainPhase(TestSuiteExecutor.java:164)
	at com.kms.katalon.core.main.TestSuiteExecutor.execute(TestSuiteExecutor.java:105)
	at com.kms.katalon.core.main.TestCaseMain.startTestSuite(TestCaseMain.java:181)
	at com.kms.katalon.core.main.TestCaseMain$startTestSuite$0.call(Unknown Source)
	at TempTestSuite1648100878643.run(TempTestSuite1648100878643.groovy:36)
)

2022-03-24 12:48:33 - [TEST_STEP][FAILED] - verifyElementPropertyValue(order, "GetDataOrderResponse.ListDataOrder[0].InsuranceData[3].Rate", o_rate_3, CONTINUE_ON_FAILURE): Unable to verify element property value (Root cause: java.lang.NullPointerException: Cannot get property 'Rate' on null object
	at Script1.run(Script1.groovy:1)
	at com.kms.katalon.core.webservice.helper.WebServiceCommonHelper.parseAndGetPropertyValueForJson(WebServiceCommonHelper.java:213)
	at com.kms.katalon.core.webservice.keyword.builtin.VerifyElementPropertyValueKeyword$_verifyElementPropertyValue_closure1.doCall(VerifyElementPropertyValueKeyword.groovy:52)
	at com.kms.katalon.core.webservice.keyword.builtin.VerifyElementPropertyValueKeyword$_verifyElementPropertyValue_closure1.call(VerifyElementPropertyValueKeyword.groovy)
	at com.kms.katalon.core.keyword.internal.KeywordMain.runKeyword(KeywordMain.groovy:74)
	at com.kms.katalon.core.webservice.keyword.builtin.VerifyElementPropertyValueKeyword.verifyElementPropertyValue(VerifyElementPropertyValueKeyword.groovy:48)
	at com.kms.katalon.core.webservice.keyword.builtin.VerifyElementPropertyValueKeyword.execute(VerifyElementPropertyValueKeyword.groovy:43)
	at com.kms.katalon.core.keyword.internal.KeywordExecutor.executeKeywordForPlatform(KeywordExecutor.groovy:74)
	at com.kms.katalon.core.webservice.keyword.WSBuiltInKeywords.verifyElementPropertyValue(WSBuiltInKeywords.groovy:175)
	at com.kms.katalon.core.webservice.keyword.WSBuiltInKeywords$verifyElementPropertyValue$0.call(Unknown Source)
	at 1. get token - data order.run(1. get token - data order:560)
	at com.kms.katalon.core.main.ScriptEngine.run(ScriptEngine.java:194)
	at com.kms.katalon.core.main.ScriptEngine.runScriptAsRawText(ScriptEngine.java:119)
	at com.kms.katalon.core.main.TestCaseExecutor.runScript(TestCaseExecutor.java:442)
	at com.kms.katalon.core.main.TestCaseExecutor.doExecute(TestCaseExecutor.java:433)
	at com.kms.katalon.core.main.TestCaseExecutor.processExecutionPhase(TestCaseExecutor.java:412)
	at com.kms.katalon.core.main.TestCaseExecutor.accessMainPhase(TestCaseExecutor.java:404)
	at com.kms.katalon.core.main.TestCaseExecutor.execute(TestCaseExecutor.java:281)
	at com.kms.katalon.core.main.TestSuiteExecutor.accessTestCaseMainPhase(TestSuiteExecutor.java:202)
	at com.kms.katalon.core.main.TestSuiteExecutor.accessTestSuiteMainPhase(TestSuiteExecutor.java:164)
	at com.kms.katalon.core.main.TestSuiteExecutor.execute(TestSuiteExecutor.java:105)
	at com.kms.katalon.core.main.TestCaseMain.startTestSuite(TestCaseMain.java:181)
	at com.kms.katalon.core.main.TestCaseMain$startTestSuite$0.call(Unknown Source)
	at TempTestSuite1648100878643.run(TempTestSuite1648100878643.groovy:36)
)

2022-03-24 12:48:33 - [MESSAGE][FAILED] - Unable to verify element property value (Root cause: java.lang.NullPointerException: Cannot get property 'Rate' on null object
	at Script1.run(Script1.groovy:1)
	at com.kms.katalon.core.webservice.helper.WebServiceCommonHelper.parseAndGetPropertyValueForJson(WebServiceCommonHelper.java:213)
	at com.kms.katalon.core.webservice.keyword.builtin.VerifyElementPropertyValueKeyword$_verifyElementPropertyValue_closure1.doCall(VerifyElementPropertyValueKeyword.groovy:52)
	at com.kms.katalon.core.webservice.keyword.builtin.VerifyElementPropertyValueKeyword$_verifyElementPropertyValue_closure1.call(VerifyElementPropertyValueKeyword.groovy)
	at com.kms.katalon.core.keyword.internal.KeywordMain.runKeyword(KeywordMain.groovy:74)
	at com.kms.katalon.core.webservice.keyword.builtin.VerifyElementPropertyValueKeyword.verifyElementPropertyValue(VerifyElementPropertyValueKeyword.groovy:48)
	at com.kms.katalon.core.webservice.keyword.builtin.VerifyElementPropertyValueKeyword.execute(VerifyElementPropertyValueKeyword.groovy:43)
	at com.kms.katalon.core.keyword.internal.KeywordExecutor.executeKeywordForPlatform(KeywordExecutor.groovy:74)
	at com.kms.katalon.core.webservice.keyword.WSBuiltInKeywords.verifyElementPropertyValue(WSBuiltInKeywords.groovy:175)
	at com.kms.katalon.core.webservice.keyword.WSBuiltInKeywords$verifyElementPropertyValue$0.call(Unknown Source)
	at 1. get token - data order.run(1. get token - data order:560)
	at com.kms.katalon.core.main.ScriptEngine.run(ScriptEngine.java:194)
	at com.kms.katalon.core.main.ScriptEngine.runScriptAsRawText(ScriptEngine.java:119)
	at com.kms.katalon.core.main.TestCaseExecutor.runScript(TestCaseExecutor.java:442)
	at com.kms.katalon.core.main.TestCaseExecutor.doExecute(TestCaseExecutor.java:433)
	at com.kms.katalon.core.main.TestCaseExecutor.processExecutionPhase(TestCaseExecutor.java:412)
	at com.kms.katalon.core.main.TestCaseExecutor.accessMainPhase(TestCaseExecutor.java:404)
	at com.kms.katalon.core.main.TestCaseExecutor.execute(TestCaseExecutor.java:281)
	at com.kms.katalon.core.main.TestSuiteExecutor.accessTestCaseMainPhase(TestSuiteExecutor.java:202)
	at com.kms.katalon.core.main.TestSuiteExecutor.accessTestSuiteMainPhase(TestSuiteExecutor.java:164)
	at com.kms.katalon.core.main.TestSuiteExecutor.execute(TestSuiteExecutor.java:105)
	at com.kms.katalon.core.main.TestCaseMain.startTestSuite(TestCaseMain.java:181)
	at com.kms.katalon.core.main.TestCaseMain$startTestSuite$0.call(Unknown Source)
	at TempTestSuite1648100878643.run(TempTestSuite1648100878643.groovy:36)
)

2022-03-24 12:48:33 - [TEST_STEP][FAILED] - verifyElementPropertyValue(order, "GetDataOrderResponse.ListDataOrder[0].InsuranceData[3].GrossPremi", o_gross_premi_3, CONTINUE_ON_FAILURE): Unable to verify element property value (Root cause: java.lang.NullPointerException: Cannot get property 'GrossPremi' on null object
	at Script1.run(Script1.groovy:1)
	at com.kms.katalon.core.webservice.helper.WebServiceCommonHelper.parseAndGetPropertyValueForJson(WebServiceCommonHelper.java:213)
	at com.kms.katalon.core.webservice.keyword.builtin.VerifyElementPropertyValueKeyword$_verifyElementPropertyValue_closure1.doCall(VerifyElementPropertyValueKeyword.groovy:52)
	at com.kms.katalon.core.webservice.keyword.builtin.VerifyElementPropertyValueKeyword$_verifyElementPropertyValue_closure1.call(VerifyElementPropertyValueKeyword.groovy)
	at com.kms.katalon.core.keyword.internal.KeywordMain.runKeyword(KeywordMain.groovy:74)
	at com.kms.katalon.core.webservice.keyword.builtin.VerifyElementPropertyValueKeyword.verifyElementPropertyValue(VerifyElementPropertyValueKeyword.groovy:48)
	at com.kms.katalon.core.webservice.keyword.builtin.VerifyElementPropertyValueKeyword.execute(VerifyElementPropertyValueKeyword.groovy:43)
	at com.kms.katalon.core.keyword.internal.KeywordExecutor.executeKeywordForPlatform(KeywordExecutor.groovy:74)
	at com.kms.katalon.core.webservice.keyword.WSBuiltInKeywords.verifyElementPropertyValue(WSBuiltInKeywords.groovy:175)
	at com.kms.katalon.core.webservice.keyword.WSBuiltInKeywords$verifyElementPropertyValue$0.call(Unknown Source)
	at 1. get token - data order.run(1. get token - data order:562)
	at com.kms.katalon.core.main.ScriptEngine.run(ScriptEngine.java:194)
	at com.kms.katalon.core.main.ScriptEngine.runScriptAsRawText(ScriptEngine.java:119)
	at com.kms.katalon.core.main.TestCaseExecutor.runScript(TestCaseExecutor.java:442)
	at com.kms.katalon.core.main.TestCaseExecutor.doExecute(TestCaseExecutor.java:433)
	at com.kms.katalon.core.main.TestCaseExecutor.processExecutionPhase(TestCaseExecutor.java:412)
	at com.kms.katalon.core.main.TestCaseExecutor.accessMainPhase(TestCaseExecutor.java:404)
	at com.kms.katalon.core.main.TestCaseExecutor.execute(TestCaseExecutor.java:281)
	at com.kms.katalon.core.main.TestSuiteExecutor.accessTestCaseMainPhase(TestSuiteExecutor.java:202)
	at com.kms.katalon.core.main.TestSuiteExecutor.accessTestSuiteMainPhase(TestSuiteExecutor.java:164)
	at com.kms.katalon.core.main.TestSuiteExecutor.execute(TestSuiteExecutor.java:105)
	at com.kms.katalon.core.main.TestCaseMain.startTestSuite(TestCaseMain.java:181)
	at com.kms.katalon.core.main.TestCaseMain$startTestSuite$0.call(Unknown Source)
	at TempTestSuite1648100878643.run(TempTestSuite1648100878643.groovy:36)
)

2022-03-24 12:48:33 - [MESSAGE][FAILED] - Unable to verify element property value (Root cause: java.lang.NullPointerException: Cannot get property 'GrossPremi' on null object
	at Script1.run(Script1.groovy:1)
	at com.kms.katalon.core.webservice.helper.WebServiceCommonHelper.parseAndGetPropertyValueForJson(WebServiceCommonHelper.java:213)
	at com.kms.katalon.core.webservice.keyword.builtin.VerifyElementPropertyValueKeyword$_verifyElementPropertyValue_closure1.doCall(VerifyElementPropertyValueKeyword.groovy:52)
	at com.kms.katalon.core.webservice.keyword.builtin.VerifyElementPropertyValueKeyword$_verifyElementPropertyValue_closure1.call(VerifyElementPropertyValueKeyword.groovy)
	at com.kms.katalon.core.keyword.internal.KeywordMain.runKeyword(KeywordMain.groovy:74)
	at com.kms.katalon.core.webservice.keyword.builtin.VerifyElementPropertyValueKeyword.verifyElementPropertyValue(VerifyElementPropertyValueKeyword.groovy:48)
	at com.kms.katalon.core.webservice.keyword.builtin.VerifyElementPropertyValueKeyword.execute(VerifyElementPropertyValueKeyword.groovy:43)
	at com.kms.katalon.core.keyword.internal.KeywordExecutor.executeKeywordForPlatform(KeywordExecutor.groovy:74)
	at com.kms.katalon.core.webservice.keyword.WSBuiltInKeywords.verifyElementPropertyValue(WSBuiltInKeywords.groovy:175)
	at com.kms.katalon.core.webservice.keyword.WSBuiltInKeywords$verifyElementPropertyValue$0.call(Unknown Source)
	at 1. get token - data order.run(1. get token - data order:562)
	at com.kms.katalon.core.main.ScriptEngine.run(ScriptEngine.java:194)
	at com.kms.katalon.core.main.ScriptEngine.runScriptAsRawText(ScriptEngine.java:119)
	at com.kms.katalon.core.main.TestCaseExecutor.runScript(TestCaseExecutor.java:442)
	at com.kms.katalon.core.main.TestCaseExecutor.doExecute(TestCaseExecutor.java:433)
	at com.kms.katalon.core.main.TestCaseExecutor.processExecutionPhase(TestCaseExecutor.java:412)
	at com.kms.katalon.core.main.TestCaseExecutor.accessMainPhase(TestCaseExecutor.java:404)
	at com.kms.katalon.core.main.TestCaseExecutor.execute(TestCaseExecutor.java:281)
	at com.kms.katalon.core.main.TestSuiteExecutor.accessTestCaseMainPhase(TestSuiteExecutor.java:202)
	at com.kms.katalon.core.main.TestSuiteExecutor.accessTestSuiteMainPhase(TestSuiteExecutor.java:164)
	at com.kms.katalon.core.main.TestSuiteExecutor.execute(TestSuiteExecutor.java:105)
	at com.kms.katalon.core.main.TestCaseMain.startTestSuite(TestCaseMain.java:181)
	at com.kms.katalon.core.main.TestCaseMain$startTestSuite$0.call(Unknown Source)
	at TempTestSuite1648100878643.run(TempTestSuite1648100878643.groovy:36)
)

2022-03-24 12:48:33 - [TEST_STEP][FAILED] - verifyElementPropertyValue(order, "GetDataOrderResponse.ListDataOrder[0].InsuranceData[3].Discount", o_discount_3, CONTINUE_ON_FAILURE): Unable to verify element property value (Root cause: java.lang.NullPointerException: Cannot get property 'Discount' on null object
	at Script1.run(Script1.groovy:1)
	at com.kms.katalon.core.webservice.helper.WebServiceCommonHelper.parseAndGetPropertyValueForJson(WebServiceCommonHelper.java:213)
	at com.kms.katalon.core.webservice.keyword.builtin.VerifyElementPropertyValueKeyword$_verifyElementPropertyValue_closure1.doCall(VerifyElementPropertyValueKeyword.groovy:52)
	at com.kms.katalon.core.webservice.keyword.builtin.VerifyElementPropertyValueKeyword$_verifyElementPropertyValue_closure1.call(VerifyElementPropertyValueKeyword.groovy)
	at com.kms.katalon.core.keyword.internal.KeywordMain.runKeyword(KeywordMain.groovy:74)
	at com.kms.katalon.core.webservice.keyword.builtin.VerifyElementPropertyValueKeyword.verifyElementPropertyValue(VerifyElementPropertyValueKeyword.groovy:48)
	at com.kms.katalon.core.webservice.keyword.builtin.VerifyElementPropertyValueKeyword.execute(VerifyElementPropertyValueKeyword.groovy:43)
	at com.kms.katalon.core.keyword.internal.KeywordExecutor.executeKeywordForPlatform(KeywordExecutor.groovy:74)
	at com.kms.katalon.core.webservice.keyword.WSBuiltInKeywords.verifyElementPropertyValue(WSBuiltInKeywords.groovy:175)
	at com.kms.katalon.core.webservice.keyword.WSBuiltInKeywords$verifyElementPropertyValue$0.call(Unknown Source)
	at 1. get token - data order.run(1. get token - data order:565)
	at com.kms.katalon.core.main.ScriptEngine.run(ScriptEngine.java:194)
	at com.kms.katalon.core.main.ScriptEngine.runScriptAsRawText(ScriptEngine.java:119)
	at com.kms.katalon.core.main.TestCaseExecutor.runScript(TestCaseExecutor.java:442)
	at com.kms.katalon.core.main.TestCaseExecutor.doExecute(TestCaseExecutor.java:433)
	at com.kms.katalon.core.main.TestCaseExecutor.processExecutionPhase(TestCaseExecutor.java:412)
	at com.kms.katalon.core.main.TestCaseExecutor.accessMainPhase(TestCaseExecutor.java:404)
	at com.kms.katalon.core.main.TestCaseExecutor.execute(TestCaseExecutor.java:281)
	at com.kms.katalon.core.main.TestSuiteExecutor.accessTestCaseMainPhase(TestSuiteExecutor.java:202)
	at com.kms.katalon.core.main.TestSuiteExecutor.accessTestSuiteMainPhase(TestSuiteExecutor.java:164)
	at com.kms.katalon.core.main.TestSuiteExecutor.execute(TestSuiteExecutor.java:105)
	at com.kms.katalon.core.main.TestCaseMain.startTestSuite(TestCaseMain.java:181)
	at com.kms.katalon.core.main.TestCaseMain$startTestSuite$0.call(Unknown Source)
	at TempTestSuite1648100878643.run(TempTestSuite1648100878643.groovy:36)
)

2022-03-24 12:48:33 - [MESSAGE][FAILED] - Unable to verify element property value (Root cause: java.lang.NullPointerException: Cannot get property 'Discount' on null object
	at Script1.run(Script1.groovy:1)
	at com.kms.katalon.core.webservice.helper.WebServiceCommonHelper.parseAndGetPropertyValueForJson(WebServiceCommonHelper.java:213)
	at com.kms.katalon.core.webservice.keyword.builtin.VerifyElementPropertyValueKeyword$_verifyElementPropertyValue_closure1.doCall(VerifyElementPropertyValueKeyword.groovy:52)
	at com.kms.katalon.core.webservice.keyword.builtin.VerifyElementPropertyValueKeyword$_verifyElementPropertyValue_closure1.call(VerifyElementPropertyValueKeyword.groovy)
	at com.kms.katalon.core.keyword.internal.KeywordMain.runKeyword(KeywordMain.groovy:74)
	at com.kms.katalon.core.webservice.keyword.builtin.VerifyElementPropertyValueKeyword.verifyElementPropertyValue(VerifyElementPropertyValueKeyword.groovy:48)
	at com.kms.katalon.core.webservice.keyword.builtin.VerifyElementPropertyValueKeyword.execute(VerifyElementPropertyValueKeyword.groovy:43)
	at com.kms.katalon.core.keyword.internal.KeywordExecutor.executeKeywordForPlatform(KeywordExecutor.groovy:74)
	at com.kms.katalon.core.webservice.keyword.WSBuiltInKeywords.verifyElementPropertyValue(WSBuiltInKeywords.groovy:175)
	at com.kms.katalon.core.webservice.keyword.WSBuiltInKeywords$verifyElementPropertyValue$0.call(Unknown Source)
	at 1. get token - data order.run(1. get token - data order:565)
	at com.kms.katalon.core.main.ScriptEngine.run(ScriptEngine.java:194)
	at com.kms.katalon.core.main.ScriptEngine.runScriptAsRawText(ScriptEngine.java:119)
	at com.kms.katalon.core.main.TestCaseExecutor.runScript(TestCaseExecutor.java:442)
	at com.kms.katalon.core.main.TestCaseExecutor.doExecute(TestCaseExecutor.java:433)
	at com.kms.katalon.core.main.TestCaseExecutor.processExecutionPhase(TestCaseExecutor.java:412)
	at com.kms.katalon.core.main.TestCaseExecutor.accessMainPhase(TestCaseExecutor.java:404)
	at com.kms.katalon.core.main.TestCaseExecutor.execute(TestCaseExecutor.java:281)
	at com.kms.katalon.core.main.TestSuiteExecutor.accessTestCaseMainPhase(TestSuiteExecutor.java:202)
	at com.kms.katalon.core.main.TestSuiteExecutor.accessTestSuiteMainPhase(TestSuiteExecutor.java:164)
	at com.kms.katalon.core.main.TestSuiteExecutor.execute(TestSuiteExecutor.java:105)
	at com.kms.katalon.core.main.TestCaseMain.startTestSuite(TestCaseMain.java:181)
	at com.kms.katalon.core.main.TestCaseMain$startTestSuite$0.call(Unknown Source)
	at TempTestSuite1648100878643.run(TempTestSuite1648100878643.groovy:36)
)

2022-03-24 12:48:33 - [TEST_STEP][FAILED] - verifyElementPropertyValue(order, "GetDataOrderResponse.ListDataOrder[0].InsuranceData[3].Adm", o_adm_3, CONTINUE_ON_FAILURE): Unable to verify element property value (Root cause: java.lang.NullPointerException: Cannot get property 'Adm' on null object
	at Script1.run(Script1.groovy:1)
	at com.kms.katalon.core.webservice.helper.WebServiceCommonHelper.parseAndGetPropertyValueForJson(WebServiceCommonHelper.java:213)
	at com.kms.katalon.core.webservice.keyword.builtin.VerifyElementPropertyValueKeyword$_verifyElementPropertyValue_closure1.doCall(VerifyElementPropertyValueKeyword.groovy:52)
	at com.kms.katalon.core.webservice.keyword.builtin.VerifyElementPropertyValueKeyword$_verifyElementPropertyValue_closure1.call(VerifyElementPropertyValueKeyword.groovy)
	at com.kms.katalon.core.keyword.internal.KeywordMain.runKeyword(KeywordMain.groovy:74)
	at com.kms.katalon.core.webservice.keyword.builtin.VerifyElementPropertyValueKeyword.verifyElementPropertyValue(VerifyElementPropertyValueKeyword.groovy:48)
	at com.kms.katalon.core.webservice.keyword.builtin.VerifyElementPropertyValueKeyword.execute(VerifyElementPropertyValueKeyword.groovy:43)
	at com.kms.katalon.core.keyword.internal.KeywordExecutor.executeKeywordForPlatform(KeywordExecutor.groovy:74)
	at com.kms.katalon.core.webservice.keyword.WSBuiltInKeywords.verifyElementPropertyValue(WSBuiltInKeywords.groovy:175)
	at com.kms.katalon.core.webservice.keyword.WSBuiltInKeywords$verifyElementPropertyValue$0.call(Unknown Source)
	at 1. get token - data order.run(1. get token - data order:568)
	at com.kms.katalon.core.main.ScriptEngine.run(ScriptEngine.java:194)
	at com.kms.katalon.core.main.ScriptEngine.runScriptAsRawText(ScriptEngine.java:119)
	at com.kms.katalon.core.main.TestCaseExecutor.runScript(TestCaseExecutor.java:442)
	at com.kms.katalon.core.main.TestCaseExecutor.doExecute(TestCaseExecutor.java:433)
	at com.kms.katalon.core.main.TestCaseExecutor.processExecutionPhase(TestCaseExecutor.java:412)
	at com.kms.katalon.core.main.TestCaseExecutor.accessMainPhase(TestCaseExecutor.java:404)
	at com.kms.katalon.core.main.TestCaseExecutor.execute(TestCaseExecutor.java:281)
	at com.kms.katalon.core.main.TestSuiteExecutor.accessTestCaseMainPhase(TestSuiteExecutor.java:202)
	at com.kms.katalon.core.main.TestSuiteExecutor.accessTestSuiteMainPhase(TestSuiteExecutor.java:164)
	at com.kms.katalon.core.main.TestSuiteExecutor.execute(TestSuiteExecutor.java:105)
	at com.kms.katalon.core.main.TestCaseMain.startTestSuite(TestCaseMain.java:181)
	at com.kms.katalon.core.main.TestCaseMain$startTestSuite$0.call(Unknown Source)
	at TempTestSuite1648100878643.run(TempTestSuite1648100878643.groovy:36)
)

2022-03-24 12:48:33 - [MESSAGE][FAILED] - Unable to verify element property value (Root cause: java.lang.NullPointerException: Cannot get property 'Adm' on null object
	at Script1.run(Script1.groovy:1)
	at com.kms.katalon.core.webservice.helper.WebServiceCommonHelper.parseAndGetPropertyValueForJson(WebServiceCommonHelper.java:213)
	at com.kms.katalon.core.webservice.keyword.builtin.VerifyElementPropertyValueKeyword$_verifyElementPropertyValue_closure1.doCall(VerifyElementPropertyValueKeyword.groovy:52)
	at com.kms.katalon.core.webservice.keyword.builtin.VerifyElementPropertyValueKeyword$_verifyElementPropertyValue_closure1.call(VerifyElementPropertyValueKeyword.groovy)
	at com.kms.katalon.core.keyword.internal.KeywordMain.runKeyword(KeywordMain.groovy:74)
	at com.kms.katalon.core.webservice.keyword.builtin.VerifyElementPropertyValueKeyword.verifyElementPropertyValue(VerifyElementPropertyValueKeyword.groovy:48)
	at com.kms.katalon.core.webservice.keyword.builtin.VerifyElementPropertyValueKeyword.execute(VerifyElementPropertyValueKeyword.groovy:43)
	at com.kms.katalon.core.keyword.internal.KeywordExecutor.executeKeywordForPlatform(KeywordExecutor.groovy:74)
	at com.kms.katalon.core.webservice.keyword.WSBuiltInKeywords.verifyElementPropertyValue(WSBuiltInKeywords.groovy:175)
	at com.kms.katalon.core.webservice.keyword.WSBuiltInKeywords$verifyElementPropertyValue$0.call(Unknown Source)
	at 1. get token - data order.run(1. get token - data order:568)
	at com.kms.katalon.core.main.ScriptEngine.run(ScriptEngine.java:194)
	at com.kms.katalon.core.main.ScriptEngine.runScriptAsRawText(ScriptEngine.java:119)
	at com.kms.katalon.core.main.TestCaseExecutor.runScript(TestCaseExecutor.java:442)
	at com.kms.katalon.core.main.TestCaseExecutor.doExecute(TestCaseExecutor.java:433)
	at com.kms.katalon.core.main.TestCaseExecutor.processExecutionPhase(TestCaseExecutor.java:412)
	at com.kms.katalon.core.main.TestCaseExecutor.accessMainPhase(TestCaseExecutor.java:404)
	at com.kms.katalon.core.main.TestCaseExecutor.execute(TestCaseExecutor.java:281)
	at com.kms.katalon.core.main.TestSuiteExecutor.accessTestCaseMainPhase(TestSuiteExecutor.java:202)
	at com.kms.katalon.core.main.TestSuiteExecutor.accessTestSuiteMainPhase(TestSuiteExecutor.java:164)
	at com.kms.katalon.core.main.TestSuiteExecutor.execute(TestSuiteExecutor.java:105)
	at com.kms.katalon.core.main.TestCaseMain.startTestSuite(TestCaseMain.java:181)
	at com.kms.katalon.core.main.TestCaseMain$startTestSuite$0.call(Unknown Source)
	at TempTestSuite1648100878643.run(TempTestSuite1648100878643.groovy:36)
)

2022-03-24 12:48:33 - [TEST_STEP][FAILED] - verifyElementPropertyValue(order, "GetDataOrderResponse.ListDataOrder[0].InsuranceData[3].NetPremi", o_netpremi_3, CONTINUE_ON_FAILURE): Unable to verify element property value (Root cause: java.lang.NullPointerException: Cannot get property 'NetPremi' on null object
	at Script1.run(Script1.groovy:1)
	at com.kms.katalon.core.webservice.helper.WebServiceCommonHelper.parseAndGetPropertyValueForJson(WebServiceCommonHelper.java:213)
	at com.kms.katalon.core.webservice.keyword.builtin.VerifyElementPropertyValueKeyword$_verifyElementPropertyValue_closure1.doCall(VerifyElementPropertyValueKeyword.groovy:52)
	at com.kms.katalon.core.webservice.keyword.builtin.VerifyElementPropertyValueKeyword$_verifyElementPropertyValue_closure1.call(VerifyElementPropertyValueKeyword.groovy)
	at com.kms.katalon.core.keyword.internal.KeywordMain.runKeyword(KeywordMain.groovy:74)
	at com.kms.katalon.core.webservice.keyword.builtin.VerifyElementPropertyValueKeyword.verifyElementPropertyValue(VerifyElementPropertyValueKeyword.groovy:48)
	at com.kms.katalon.core.webservice.keyword.builtin.VerifyElementPropertyValueKeyword.execute(VerifyElementPropertyValueKeyword.groovy:43)
	at com.kms.katalon.core.keyword.internal.KeywordExecutor.executeKeywordForPlatform(KeywordExecutor.groovy:74)
	at com.kms.katalon.core.webservice.keyword.WSBuiltInKeywords.verifyElementPropertyValue(WSBuiltInKeywords.groovy:175)
	at com.kms.katalon.core.webservice.keyword.WSBuiltInKeywords$verifyElementPropertyValue$0.call(Unknown Source)
	at 1. get token - data order.run(1. get token - data order:570)
	at com.kms.katalon.core.main.ScriptEngine.run(ScriptEngine.java:194)
	at com.kms.katalon.core.main.ScriptEngine.runScriptAsRawText(ScriptEngine.java:119)
	at com.kms.katalon.core.main.TestCaseExecutor.runScript(TestCaseExecutor.java:442)
	at com.kms.katalon.core.main.TestCaseExecutor.doExecute(TestCaseExecutor.java:433)
	at com.kms.katalon.core.main.TestCaseExecutor.processExecutionPhase(TestCaseExecutor.java:412)
	at com.kms.katalon.core.main.TestCaseExecutor.accessMainPhase(TestCaseExecutor.java:404)
	at com.kms.katalon.core.main.TestCaseExecutor.execute(TestCaseExecutor.java:281)
	at com.kms.katalon.core.main.TestSuiteExecutor.accessTestCaseMainPhase(TestSuiteExecutor.java:202)
	at com.kms.katalon.core.main.TestSuiteExecutor.accessTestSuiteMainPhase(TestSuiteExecutor.java:164)
	at com.kms.katalon.core.main.TestSuiteExecutor.execute(TestSuiteExecutor.java:105)
	at com.kms.katalon.core.main.TestCaseMain.startTestSuite(TestCaseMain.java:181)
	at com.kms.katalon.core.main.TestCaseMain$startTestSuite$0.call(Unknown Source)
	at TempTestSuite1648100878643.run(TempTestSuite1648100878643.groovy:36)
)

2022-03-24 12:48:33 - [MESSAGE][FAILED] - Unable to verify element property value (Root cause: java.lang.NullPointerException: Cannot get property 'NetPremi' on null object
	at Script1.run(Script1.groovy:1)
	at com.kms.katalon.core.webservice.helper.WebServiceCommonHelper.parseAndGetPropertyValueForJson(WebServiceCommonHelper.java:213)
	at com.kms.katalon.core.webservice.keyword.builtin.VerifyElementPropertyValueKeyword$_verifyElementPropertyValue_closure1.doCall(VerifyElementPropertyValueKeyword.groovy:52)
	at com.kms.katalon.core.webservice.keyword.builtin.VerifyElementPropertyValueKeyword$_verifyElementPropertyValue_closure1.call(VerifyElementPropertyValueKeyword.groovy)
	at com.kms.katalon.core.keyword.internal.KeywordMain.runKeyword(KeywordMain.groovy:74)
	at com.kms.katalon.core.webservice.keyword.builtin.VerifyElementPropertyValueKeyword.verifyElementPropertyValue(VerifyElementPropertyValueKeyword.groovy:48)
	at com.kms.katalon.core.webservice.keyword.builtin.VerifyElementPropertyValueKeyword.execute(VerifyElementPropertyValueKeyword.groovy:43)
	at com.kms.katalon.core.keyword.internal.KeywordExecutor.executeKeywordForPlatform(KeywordExecutor.groovy:74)
	at com.kms.katalon.core.webservice.keyword.WSBuiltInKeywords.verifyElementPropertyValue(WSBuiltInKeywords.groovy:175)
	at com.kms.katalon.core.webservice.keyword.WSBuiltInKeywords$verifyElementPropertyValue$0.call(Unknown Source)
	at 1. get token - data order.run(1. get token - data order:570)
	at com.kms.katalon.core.main.ScriptEngine.run(ScriptEngine.java:194)
	at com.kms.katalon.core.main.ScriptEngine.runScriptAsRawText(ScriptEngine.java:119)
	at com.kms.katalon.core.main.TestCaseExecutor.runScript(TestCaseExecutor.java:442)
	at com.kms.katalon.core.main.TestCaseExecutor.doExecute(TestCaseExecutor.java:433)
	at com.kms.katalon.core.main.TestCaseExecutor.processExecutionPhase(TestCaseExecutor.java:412)
	at com.kms.katalon.core.main.TestCaseExecutor.accessMainPhase(TestCaseExecutor.java:404)
	at com.kms.katalon.core.main.TestCaseExecutor.execute(TestCaseExecutor.java:281)
	at com.kms.katalon.core.main.TestSuiteExecutor.accessTestCaseMainPhase(TestSuiteExecutor.java:202)
	at com.kms.katalon.core.main.TestSuiteExecutor.accessTestSuiteMainPhase(TestSuiteExecutor.java:164)
	at com.kms.katalon.core.main.TestSuiteExecutor.execute(TestSuiteExecutor.java:105)
	at com.kms.katalon.core.main.TestCaseMain.startTestSuite(TestCaseMain.java:181)
	at com.kms.katalon.core.main.TestCaseMain$startTestSuite$0.call(Unknown Source)
	at TempTestSuite1648100878643.run(TempTestSuite1648100878643.groovy:36)
)

2022-03-24 12:48:33 - [TEST_STEP][FAILED] - verifyElementPropertyValue(order, "GetDataOrderResponse.ListDataOrder[0].InsuranceData[3].PerluasanJaminan.TJH", o_tjh_val_3, CONTINUE_ON_FAILURE): Unable to verify element property value (Root cause: java.lang.NullPointerException: Cannot get property 'PerluasanJaminan' on null object
	at Script1.run(Script1.groovy:1)
	at com.kms.katalon.core.webservice.helper.WebServiceCommonHelper.parseAndGetPropertyValueForJson(WebServiceCommonHelper.java:213)
	at com.kms.katalon.core.webservice.keyword.builtin.VerifyElementPropertyValueKeyword$_verifyElementPropertyValue_closure1.doCall(VerifyElementPropertyValueKeyword.groovy:52)
	at com.kms.katalon.core.webservice.keyword.builtin.VerifyElementPropertyValueKeyword$_verifyElementPropertyValue_closure1.call(VerifyElementPropertyValueKeyword.groovy)
	at com.kms.katalon.core.keyword.internal.KeywordMain.runKeyword(KeywordMain.groovy:74)
	at com.kms.katalon.core.webservice.keyword.builtin.VerifyElementPropertyValueKeyword.verifyElementPropertyValue(VerifyElementPropertyValueKeyword.groovy:48)
	at com.kms.katalon.core.webservice.keyword.builtin.VerifyElementPropertyValueKeyword.execute(VerifyElementPropertyValueKeyword.groovy:43)
	at com.kms.katalon.core.keyword.internal.KeywordExecutor.executeKeywordForPlatform(KeywordExecutor.groovy:74)
	at com.kms.katalon.core.webservice.keyword.WSBuiltInKeywords.verifyElementPropertyValue(WSBuiltInKeywords.groovy:175)
	at com.kms.katalon.core.webservice.keyword.WSBuiltInKeywords$verifyElementPropertyValue$0.call(Unknown Source)
	at 1. get token - data order.run(1. get token - data order:573)
	at com.kms.katalon.core.main.ScriptEngine.run(ScriptEngine.java:194)
	at com.kms.katalon.core.main.ScriptEngine.runScriptAsRawText(ScriptEngine.java:119)
	at com.kms.katalon.core.main.TestCaseExecutor.runScript(TestCaseExecutor.java:442)
	at com.kms.katalon.core.main.TestCaseExecutor.doExecute(TestCaseExecutor.java:433)
	at com.kms.katalon.core.main.TestCaseExecutor.processExecutionPhase(TestCaseExecutor.java:412)
	at com.kms.katalon.core.main.TestCaseExecutor.accessMainPhase(TestCaseExecutor.java:404)
	at com.kms.katalon.core.main.TestCaseExecutor.execute(TestCaseExecutor.java:281)
	at com.kms.katalon.core.main.TestSuiteExecutor.accessTestCaseMainPhase(TestSuiteExecutor.java:202)
	at com.kms.katalon.core.main.TestSuiteExecutor.accessTestSuiteMainPhase(TestSuiteExecutor.java:164)
	at com.kms.katalon.core.main.TestSuiteExecutor.execute(TestSuiteExecutor.java:105)
	at com.kms.katalon.core.main.TestCaseMain.startTestSuite(TestCaseMain.java:181)
	at com.kms.katalon.core.main.TestCaseMain$startTestSuite$0.call(Unknown Source)
	at TempTestSuite1648100878643.run(TempTestSuite1648100878643.groovy:36)
)

2022-03-24 12:48:33 - [MESSAGE][FAILED] - Unable to verify element property value (Root cause: java.lang.NullPointerException: Cannot get property 'PerluasanJaminan' on null object
	at Script1.run(Script1.groovy:1)
	at com.kms.katalon.core.webservice.helper.WebServiceCommonHelper.parseAndGetPropertyValueForJson(WebServiceCommonHelper.java:213)
	at com.kms.katalon.core.webservice.keyword.builtin.VerifyElementPropertyValueKeyword$_verifyElementPropertyValue_closure1.doCall(VerifyElementPropertyValueKeyword.groovy:52)
	at com.kms.katalon.core.webservice.keyword.builtin.VerifyElementPropertyValueKeyword$_verifyElementPropertyValue_closure1.call(VerifyElementPropertyValueKeyword.groovy)
	at com.kms.katalon.core.keyword.internal.KeywordMain.runKeyword(KeywordMain.groovy:74)
	at com.kms.katalon.core.webservice.keyword.builtin.VerifyElementPropertyValueKeyword.verifyElementPropertyValue(VerifyElementPropertyValueKeyword.groovy:48)
	at com.kms.katalon.core.webservice.keyword.builtin.VerifyElementPropertyValueKeyword.execute(VerifyElementPropertyValueKeyword.groovy:43)
	at com.kms.katalon.core.keyword.internal.KeywordExecutor.executeKeywordForPlatform(KeywordExecutor.groovy:74)
	at com.kms.katalon.core.webservice.keyword.WSBuiltInKeywords.verifyElementPropertyValue(WSBuiltInKeywords.groovy:175)
	at com.kms.katalon.core.webservice.keyword.WSBuiltInKeywords$verifyElementPropertyValue$0.call(Unknown Source)
	at 1. get token - data order.run(1. get token - data order:573)
	at com.kms.katalon.core.main.ScriptEngine.run(ScriptEngine.java:194)
	at com.kms.katalon.core.main.ScriptEngine.runScriptAsRawText(ScriptEngine.java:119)
	at com.kms.katalon.core.main.TestCaseExecutor.runScript(TestCaseExecutor.java:442)
	at com.kms.katalon.core.main.TestCaseExecutor.doExecute(TestCaseExecutor.java:433)
	at com.kms.katalon.core.main.TestCaseExecutor.processExecutionPhase(TestCaseExecutor.java:412)
	at com.kms.katalon.core.main.TestCaseExecutor.accessMainPhase(TestCaseExecutor.java:404)
	at com.kms.katalon.core.main.TestCaseExecutor.execute(TestCaseExecutor.java:281)
	at com.kms.katalon.core.main.TestSuiteExecutor.accessTestCaseMainPhase(TestSuiteExecutor.java:202)
	at com.kms.katalon.core.main.TestSuiteExecutor.accessTestSuiteMainPhase(TestSuiteExecutor.java:164)
	at com.kms.katalon.core.main.TestSuiteExecutor.execute(TestSuiteExecutor.java:105)
	at com.kms.katalon.core.main.TestCaseMain.startTestSuite(TestCaseMain.java:181)
	at com.kms.katalon.core.main.TestCaseMain$startTestSuite$0.call(Unknown Source)
	at TempTestSuite1648100878643.run(TempTestSuite1648100878643.groovy:36)
)

2022-03-24 12:48:33 - [TEST_STEP][FAILED] - verifyElementPropertyValue(order, "GetDataOrderResponse.ListDataOrder[0].InsuranceData[3].PerluasanJaminan.RSCC", o_rscc_val_3, CONTINUE_ON_FAILURE): Unable to verify element property value (Root cause: java.lang.NullPointerException: Cannot get property 'PerluasanJaminan' on null object
	at Script1.run(Script1.groovy:1)
	at com.kms.katalon.core.webservice.helper.WebServiceCommonHelper.parseAndGetPropertyValueForJson(WebServiceCommonHelper.java:213)
	at com.kms.katalon.core.webservice.keyword.builtin.VerifyElementPropertyValueKeyword$_verifyElementPropertyValue_closure1.doCall(VerifyElementPropertyValueKeyword.groovy:52)
	at com.kms.katalon.core.webservice.keyword.builtin.VerifyElementPropertyValueKeyword$_verifyElementPropertyValue_closure1.call(VerifyElementPropertyValueKeyword.groovy)
	at com.kms.katalon.core.keyword.internal.KeywordMain.runKeyword(KeywordMain.groovy:74)
	at com.kms.katalon.core.webservice.keyword.builtin.VerifyElementPropertyValueKeyword.verifyElementPropertyValue(VerifyElementPropertyValueKeyword.groovy:48)
	at com.kms.katalon.core.webservice.keyword.builtin.VerifyElementPropertyValueKeyword.execute(VerifyElementPropertyValueKeyword.groovy:43)
	at com.kms.katalon.core.keyword.internal.KeywordExecutor.executeKeywordForPlatform(KeywordExecutor.groovy:74)
	at com.kms.katalon.core.webservice.keyword.WSBuiltInKeywords.verifyElementPropertyValue(WSBuiltInKeywords.groovy:175)
	at com.kms.katalon.core.webservice.keyword.WSBuiltInKeywords$verifyElementPropertyValue$0.call(Unknown Source)
	at 1. get token - data order.run(1. get token - data order:576)
	at com.kms.katalon.core.main.ScriptEngine.run(ScriptEngine.java:194)
	at com.kms.katalon.core.main.ScriptEngine.runScriptAsRawText(ScriptEngine.java:119)
	at com.kms.katalon.core.main.TestCaseExecutor.runScript(TestCaseExecutor.java:442)
	at com.kms.katalon.core.main.TestCaseExecutor.doExecute(TestCaseExecutor.java:433)
	at com.kms.katalon.core.main.TestCaseExecutor.processExecutionPhase(TestCaseExecutor.java:412)
	at com.kms.katalon.core.main.TestCaseExecutor.accessMainPhase(TestCaseExecutor.java:404)
	at com.kms.katalon.core.main.TestCaseExecutor.execute(TestCaseExecutor.java:281)
	at com.kms.katalon.core.main.TestSuiteExecutor.accessTestCaseMainPhase(TestSuiteExecutor.java:202)
	at com.kms.katalon.core.main.TestSuiteExecutor.accessTestSuiteMainPhase(TestSuiteExecutor.java:164)
	at com.kms.katalon.core.main.TestSuiteExecutor.execute(TestSuiteExecutor.java:105)
	at com.kms.katalon.core.main.TestCaseMain.startTestSuite(TestCaseMain.java:181)
	at com.kms.katalon.core.main.TestCaseMain$startTestSuite$0.call(Unknown Source)
	at TempTestSuite1648100878643.run(TempTestSuite1648100878643.groovy:36)
)

2022-03-24 12:48:33 - [MESSAGE][FAILED] - Unable to verify element property value (Root cause: java.lang.NullPointerException: Cannot get property 'PerluasanJaminan' on null object
	at Script1.run(Script1.groovy:1)
	at com.kms.katalon.core.webservice.helper.WebServiceCommonHelper.parseAndGetPropertyValueForJson(WebServiceCommonHelper.java:213)
	at com.kms.katalon.core.webservice.keyword.builtin.VerifyElementPropertyValueKeyword$_verifyElementPropertyValue_closure1.doCall(VerifyElementPropertyValueKeyword.groovy:52)
	at com.kms.katalon.core.webservice.keyword.builtin.VerifyElementPropertyValueKeyword$_verifyElementPropertyValue_closure1.call(VerifyElementPropertyValueKeyword.groovy)
	at com.kms.katalon.core.keyword.internal.KeywordMain.runKeyword(KeywordMain.groovy:74)
	at com.kms.katalon.core.webservice.keyword.builtin.VerifyElementPropertyValueKeyword.verifyElementPropertyValue(VerifyElementPropertyValueKeyword.groovy:48)
	at com.kms.katalon.core.webservice.keyword.builtin.VerifyElementPropertyValueKeyword.execute(VerifyElementPropertyValueKeyword.groovy:43)
	at com.kms.katalon.core.keyword.internal.KeywordExecutor.executeKeywordForPlatform(KeywordExecutor.groovy:74)
	at com.kms.katalon.core.webservice.keyword.WSBuiltInKeywords.verifyElementPropertyValue(WSBuiltInKeywords.groovy:175)
	at com.kms.katalon.core.webservice.keyword.WSBuiltInKeywords$verifyElementPropertyValue$0.call(Unknown Source)
	at 1. get token - data order.run(1. get token - data order:576)
	at com.kms.katalon.core.main.ScriptEngine.run(ScriptEngine.java:194)
	at com.kms.katalon.core.main.ScriptEngine.runScriptAsRawText(ScriptEngine.java:119)
	at com.kms.katalon.core.main.TestCaseExecutor.runScript(TestCaseExecutor.java:442)
	at com.kms.katalon.core.main.TestCaseExecutor.doExecute(TestCaseExecutor.java:433)
	at com.kms.katalon.core.main.TestCaseExecutor.processExecutionPhase(TestCaseExecutor.java:412)
	at com.kms.katalon.core.main.TestCaseExecutor.accessMainPhase(TestCaseExecutor.java:404)
	at com.kms.katalon.core.main.TestCaseExecutor.execute(TestCaseExecutor.java:281)
	at com.kms.katalon.core.main.TestSuiteExecutor.accessTestCaseMainPhase(TestSuiteExecutor.java:202)
	at com.kms.katalon.core.main.TestSuiteExecutor.accessTestSuiteMainPhase(TestSuiteExecutor.java:164)
	at com.kms.katalon.core.main.TestSuiteExecutor.execute(TestSuiteExecutor.java:105)
	at com.kms.katalon.core.main.TestCaseMain.startTestSuite(TestCaseMain.java:181)
	at com.kms.katalon.core.main.TestCaseMain$startTestSuite$0.call(Unknown Source)
	at TempTestSuite1648100878643.run(TempTestSuite1648100878643.groovy:36)
)

2022-03-24 12:48:33 - [TEST_STEP][FAILED] - verifyElementPropertyValue(order, "GetDataOrderResponse.ListDataOrder[0].InsuranceData[3].PerluasanJaminan.Banjir", o_rsmb_val_3, CONTINUE_ON_FAILURE): Unable to verify element property value (Root cause: java.lang.NullPointerException: Cannot get property 'PerluasanJaminan' on null object
	at Script1.run(Script1.groovy:1)
	at com.kms.katalon.core.webservice.helper.WebServiceCommonHelper.parseAndGetPropertyValueForJson(WebServiceCommonHelper.java:213)
	at com.kms.katalon.core.webservice.keyword.builtin.VerifyElementPropertyValueKeyword$_verifyElementPropertyValue_closure1.doCall(VerifyElementPropertyValueKeyword.groovy:52)
	at com.kms.katalon.core.webservice.keyword.builtin.VerifyElementPropertyValueKeyword$_verifyElementPropertyValue_closure1.call(VerifyElementPropertyValueKeyword.groovy)
	at com.kms.katalon.core.keyword.internal.KeywordMain.runKeyword(KeywordMain.groovy:74)
	at com.kms.katalon.core.webservice.keyword.builtin.VerifyElementPropertyValueKeyword.verifyElementPropertyValue(VerifyElementPropertyValueKeyword.groovy:48)
	at com.kms.katalon.core.webservice.keyword.builtin.VerifyElementPropertyValueKeyword.execute(VerifyElementPropertyValueKeyword.groovy:43)
	at com.kms.katalon.core.keyword.internal.KeywordExecutor.executeKeywordForPlatform(KeywordExecutor.groovy:74)
	at com.kms.katalon.core.webservice.keyword.WSBuiltInKeywords.verifyElementPropertyValue(WSBuiltInKeywords.groovy:175)
	at com.kms.katalon.core.webservice.keyword.WSBuiltInKeywords$verifyElementPropertyValue$0.call(Unknown Source)
	at 1. get token - data order.run(1. get token - data order:579)
	at com.kms.katalon.core.main.ScriptEngine.run(ScriptEngine.java:194)
	at com.kms.katalon.core.main.ScriptEngine.runScriptAsRawText(ScriptEngine.java:119)
	at com.kms.katalon.core.main.TestCaseExecutor.runScript(TestCaseExecutor.java:442)
	at com.kms.katalon.core.main.TestCaseExecutor.doExecute(TestCaseExecutor.java:433)
	at com.kms.katalon.core.main.TestCaseExecutor.processExecutionPhase(TestCaseExecutor.java:412)
	at com.kms.katalon.core.main.TestCaseExecutor.accessMainPhase(TestCaseExecutor.java:404)
	at com.kms.katalon.core.main.TestCaseExecutor.execute(TestCaseExecutor.java:281)
	at com.kms.katalon.core.main.TestSuiteExecutor.accessTestCaseMainPhase(TestSuiteExecutor.java:202)
	at com.kms.katalon.core.main.TestSuiteExecutor.accessTestSuiteMainPhase(TestSuiteExecutor.java:164)
	at com.kms.katalon.core.main.TestSuiteExecutor.execute(TestSuiteExecutor.java:105)
	at com.kms.katalon.core.main.TestCaseMain.startTestSuite(TestCaseMain.java:181)
	at com.kms.katalon.core.main.TestCaseMain$startTestSuite$0.call(Unknown Source)
	at TempTestSuite1648100878643.run(TempTestSuite1648100878643.groovy:36)
)

2022-03-24 12:48:33 - [MESSAGE][FAILED] - Unable to verify element property value (Root cause: java.lang.NullPointerException: Cannot get property 'PerluasanJaminan' on null object
	at Script1.run(Script1.groovy:1)
	at com.kms.katalon.core.webservice.helper.WebServiceCommonHelper.parseAndGetPropertyValueForJson(WebServiceCommonHelper.java:213)
	at com.kms.katalon.core.webservice.keyword.builtin.VerifyElementPropertyValueKeyword$_verifyElementPropertyValue_closure1.doCall(VerifyElementPropertyValueKeyword.groovy:52)
	at com.kms.katalon.core.webservice.keyword.builtin.VerifyElementPropertyValueKeyword$_verifyElementPropertyValue_closure1.call(VerifyElementPropertyValueKeyword.groovy)
	at com.kms.katalon.core.keyword.internal.KeywordMain.runKeyword(KeywordMain.groovy:74)
	at com.kms.katalon.core.webservice.keyword.builtin.VerifyElementPropertyValueKeyword.verifyElementPropertyValue(VerifyElementPropertyValueKeyword.groovy:48)
	at com.kms.katalon.core.webservice.keyword.builtin.VerifyElementPropertyValueKeyword.execute(VerifyElementPropertyValueKeyword.groovy:43)
	at com.kms.katalon.core.keyword.internal.KeywordExecutor.executeKeywordForPlatform(KeywordExecutor.groovy:74)
	at com.kms.katalon.core.webservice.keyword.WSBuiltInKeywords.verifyElementPropertyValue(WSBuiltInKeywords.groovy:175)
	at com.kms.katalon.core.webservice.keyword.WSBuiltInKeywords$verifyElementPropertyValue$0.call(Unknown Source)
	at 1. get token - data order.run(1. get token - data order:579)
	at com.kms.katalon.core.main.ScriptEngine.run(ScriptEngine.java:194)
	at com.kms.katalon.core.main.ScriptEngine.runScriptAsRawText(ScriptEngine.java:119)
	at com.kms.katalon.core.main.TestCaseExecutor.runScript(TestCaseExecutor.java:442)
	at com.kms.katalon.core.main.TestCaseExecutor.doExecute(TestCaseExecutor.java:433)
	at com.kms.katalon.core.main.TestCaseExecutor.processExecutionPhase(TestCaseExecutor.java:412)
	at com.kms.katalon.core.main.TestCaseExecutor.accessMainPhase(TestCaseExecutor.java:404)
	at com.kms.katalon.core.main.TestCaseExecutor.execute(TestCaseExecutor.java:281)
	at com.kms.katalon.core.main.TestSuiteExecutor.accessTestCaseMainPhase(TestSuiteExecutor.java:202)
	at com.kms.katalon.core.main.TestSuiteExecutor.accessTestSuiteMainPhase(TestSuiteExecutor.java:164)
	at com.kms.katalon.core.main.TestSuiteExecutor.execute(TestSuiteExecutor.java:105)
	at com.kms.katalon.core.main.TestCaseMain.startTestSuite(TestCaseMain.java:181)
	at com.kms.katalon.core.main.TestCaseMain$startTestSuite$0.call(Unknown Source)
	at TempTestSuite1648100878643.run(TempTestSuite1648100878643.groovy:36)
)

2022-03-24 12:48:33 - [TEST_STEP][FAILED] - verifyElementPropertyValue(order, "GetDataOrderResponse.ListDataOrder[0].InsuranceData[3].PerluasanJaminan.Accessories", o_acc_val_3, CONTINUE_ON_FAILURE): Unable to verify element property value (Root cause: java.lang.NullPointerException: Cannot get property 'PerluasanJaminan' on null object
	at Script1.run(Script1.groovy:1)
	at com.kms.katalon.core.webservice.helper.WebServiceCommonHelper.parseAndGetPropertyValueForJson(WebServiceCommonHelper.java:213)
	at com.kms.katalon.core.webservice.keyword.builtin.VerifyElementPropertyValueKeyword$_verifyElementPropertyValue_closure1.doCall(VerifyElementPropertyValueKeyword.groovy:52)
	at com.kms.katalon.core.webservice.keyword.builtin.VerifyElementPropertyValueKeyword$_verifyElementPropertyValue_closure1.call(VerifyElementPropertyValueKeyword.groovy)
	at com.kms.katalon.core.keyword.internal.KeywordMain.runKeyword(KeywordMain.groovy:74)
	at com.kms.katalon.core.webservice.keyword.builtin.VerifyElementPropertyValueKeyword.verifyElementPropertyValue(VerifyElementPropertyValueKeyword.groovy:48)
	at com.kms.katalon.core.webservice.keyword.builtin.VerifyElementPropertyValueKeyword.execute(VerifyElementPropertyValueKeyword.groovy:43)
	at com.kms.katalon.core.keyword.internal.KeywordExecutor.executeKeywordForPlatform(KeywordExecutor.groovy:74)
	at com.kms.katalon.core.webservice.keyword.WSBuiltInKeywords.verifyElementPropertyValue(WSBuiltInKeywords.groovy:175)
	at com.kms.katalon.core.webservice.keyword.WSBuiltInKeywords$verifyElementPropertyValue$0.call(Unknown Source)
	at 1. get token - data order.run(1. get token - data order:582)
	at com.kms.katalon.core.main.ScriptEngine.run(ScriptEngine.java:194)
	at com.kms.katalon.core.main.ScriptEngine.runScriptAsRawText(ScriptEngine.java:119)
	at com.kms.katalon.core.main.TestCaseExecutor.runScript(TestCaseExecutor.java:442)
	at com.kms.katalon.core.main.TestCaseExecutor.doExecute(TestCaseExecutor.java:433)
	at com.kms.katalon.core.main.TestCaseExecutor.processExecutionPhase(TestCaseExecutor.java:412)
	at com.kms.katalon.core.main.TestCaseExecutor.accessMainPhase(TestCaseExecutor.java:404)
	at com.kms.katalon.core.main.TestCaseExecutor.execute(TestCaseExecutor.java:281)
	at com.kms.katalon.core.main.TestSuiteExecutor.accessTestCaseMainPhase(TestSuiteExecutor.java:202)
	at com.kms.katalon.core.main.TestSuiteExecutor.accessTestSuiteMainPhase(TestSuiteExecutor.java:164)
	at com.kms.katalon.core.main.TestSuiteExecutor.execute(TestSuiteExecutor.java:105)
	at com.kms.katalon.core.main.TestCaseMain.startTestSuite(TestCaseMain.java:181)
	at com.kms.katalon.core.main.TestCaseMain$startTestSuite$0.call(Unknown Source)
	at TempTestSuite1648100878643.run(TempTestSuite1648100878643.groovy:36)
)

2022-03-24 12:48:33 - [MESSAGE][FAILED] - Unable to verify element property value (Root cause: java.lang.NullPointerException: Cannot get property 'PerluasanJaminan' on null object
	at Script1.run(Script1.groovy:1)
	at com.kms.katalon.core.webservice.helper.WebServiceCommonHelper.parseAndGetPropertyValueForJson(WebServiceCommonHelper.java:213)
	at com.kms.katalon.core.webservice.keyword.builtin.VerifyElementPropertyValueKeyword$_verifyElementPropertyValue_closure1.doCall(VerifyElementPropertyValueKeyword.groovy:52)
	at com.kms.katalon.core.webservice.keyword.builtin.VerifyElementPropertyValueKeyword$_verifyElementPropertyValue_closure1.call(VerifyElementPropertyValueKeyword.groovy)
	at com.kms.katalon.core.keyword.internal.KeywordMain.runKeyword(KeywordMain.groovy:74)
	at com.kms.katalon.core.webservice.keyword.builtin.VerifyElementPropertyValueKeyword.verifyElementPropertyValue(VerifyElementPropertyValueKeyword.groovy:48)
	at com.kms.katalon.core.webservice.keyword.builtin.VerifyElementPropertyValueKeyword.execute(VerifyElementPropertyValueKeyword.groovy:43)
	at com.kms.katalon.core.keyword.internal.KeywordExecutor.executeKeywordForPlatform(KeywordExecutor.groovy:74)
	at com.kms.katalon.core.webservice.keyword.WSBuiltInKeywords.verifyElementPropertyValue(WSBuiltInKeywords.groovy:175)
	at com.kms.katalon.core.webservice.keyword.WSBuiltInKeywords$verifyElementPropertyValue$0.call(Unknown Source)
	at 1. get token - data order.run(1. get token - data order:582)
	at com.kms.katalon.core.main.ScriptEngine.run(ScriptEngine.java:194)
	at com.kms.katalon.core.main.ScriptEngine.runScriptAsRawText(ScriptEngine.java:119)
	at com.kms.katalon.core.main.TestCaseExecutor.runScript(TestCaseExecutor.java:442)
	at com.kms.katalon.core.main.TestCaseExecutor.doExecute(TestCaseExecutor.java:433)
	at com.kms.katalon.core.main.TestCaseExecutor.processExecutionPhase(TestCaseExecutor.java:412)
	at com.kms.katalon.core.main.TestCaseExecutor.accessMainPhase(TestCaseExecutor.java:404)
	at com.kms.katalon.core.main.TestCaseExecutor.execute(TestCaseExecutor.java:281)
	at com.kms.katalon.core.main.TestSuiteExecutor.accessTestCaseMainPhase(TestSuiteExecutor.java:202)
	at com.kms.katalon.core.main.TestSuiteExecutor.accessTestSuiteMainPhase(TestSuiteExecutor.java:164)
	at com.kms.katalon.core.main.TestSuiteExecutor.execute(TestSuiteExecutor.java:105)
	at com.kms.katalon.core.main.TestCaseMain.startTestSuite(TestCaseMain.java:181)
	at com.kms.katalon.core.main.TestCaseMain$startTestSuite$0.call(Unknown Source)
	at TempTestSuite1648100878643.run(TempTestSuite1648100878643.groovy:36)
)

2022-03-24 12:48:33 - [TEST_STEP][PASSED] - break: null]]></system-out>
         <system-err><![CDATA[2022-03-24 12:48:28 - [TEST_CASE][FAILED] - Test Cases/1. get token - data order: Test Cases/1. get token - data order FAILED.
Reason:
com.kms.katalon.core.exception.StepFailedException: Expected element property value '1230006989' is not equal with actual property value '1154000993'
	at com.kms.katalon.core.keyword.internal.KeywordMain.stepFailed(KeywordMain.groovy:39)
	at com.kms.katalon.core.webservice.keyword.builtin.VerifyElementPropertyValueKeyword$_verifyElementPropertyValue_closure1.doCall(VerifyElementPropertyValueKeyword.groovy:56)
	at com.kms.katalon.core.webservice.keyword.builtin.VerifyElementPropertyValueKeyword$_verifyElementPropertyValue_closure1.call(VerifyElementPropertyValueKeyword.groovy)
	at com.kms.katalon.core.keyword.internal.KeywordMain.runKeyword(KeywordMain.groovy:74)
	at com.kms.katalon.core.webservice.keyword.builtin.VerifyElementPropertyValueKeyword.verifyElementPropertyValue(VerifyElementPropertyValueKeyword.groovy:48)
	at com.kms.katalon.core.webservice.keyword.builtin.VerifyElementPropertyValueKeyword.execute(VerifyElementPropertyValueKeyword.groovy:43)
	at com.kms.katalon.core.keyword.internal.KeywordExecutor.executeKeywordForPlatform(KeywordExecutor.groovy:74)
	at com.kms.katalon.core.webservice.keyword.WSBuiltInKeywords.verifyElementPropertyValue(WSBuiltInKeywords.groovy:175)
	at com.kms.katalon.core.webservice.keyword.WSBuiltInKeywords$verifyElementPropertyValue$0.call(Unknown Source)
	at 1. get token - data order.run(1. get token - data order:54)
	at com.kms.katalon.core.main.ScriptEngine.run(ScriptEngine.java:194)
	at com.kms.katalon.core.main.ScriptEngine.runScriptAsRawText(ScriptEngine.java:119)
	at com.kms.katalon.core.main.TestCaseExecutor.runScript(TestCaseExecutor.java:442)
	at com.kms.katalon.core.main.TestCaseExecutor.doExecute(TestCaseExecutor.java:433)
	at com.kms.katalon.core.main.TestCaseExecutor.processExecutionPhase(TestCaseExecutor.java:412)
	at com.kms.katalon.core.main.TestCaseExecutor.accessMainPhase(TestCaseExecutor.java:404)
	at com.kms.katalon.core.main.TestCaseExecutor.execute(TestCaseExecutor.java:281)
	at com.kms.katalon.core.main.TestSuiteExecutor.accessTestCaseMainPhase(TestSuiteExecutor.java:202)
	at com.kms.katalon.core.main.TestSuiteExecutor.accessTestSuiteMainPhase(TestSuiteExecutor.java:164)
	at com.kms.katalon.core.main.TestSuiteExecutor.execute(TestSuiteExecutor.java:105)
	at com.kms.katalon.core.main.TestCaseMain.startTestSuite(TestCaseMain.java:181)
	at com.kms.katalon.core.main.TestCaseMain$startTestSuite$0.call(Unknown Source)
	at TempTestSuite1648100878643.run(TempTestSuite1648100878643.groovy:36)]]></system-err>
      </testcase>
      <testcase name="Test Cases/1. get token - data order" time="4.786" classname="Test Cases/1. get token - data order" status="FAILED">
         <failure type="FAILED" message="Test Cases/1. get token - data order FAILED.
Reason:
com.kms.katalon.core.exception.StepFailedException: Expected element property value '1333001485' is not equal with actual property value '1154000993'
	at com.kms.katalon.core.keyword.internal.KeywordMain.stepFailed(KeywordMain.groovy:39)
	at com.kms.katalon.core.webservice.keyword.builtin.VerifyElementPropertyValueKeyword$_verifyElementPropertyValue_closure1.doCall(VerifyElementPropertyValueKeyword.groovy:56)
	at com.kms.katalon.core.webservice.keyword.builtin.VerifyElementPropertyValueKeyword$_verifyElementPropertyValue_closure1.call(VerifyElementPropertyValueKeyword.groovy)
	at com.kms.katalon.core.keyword.internal.KeywordMain.runKeyword(KeywordMain.groovy:74)
	at com.kms.katalon.core.webservice.keyword.builtin.VerifyElementPropertyValueKeyword.verifyElementPropertyValue(VerifyElementPropertyValueKeyword.groovy:48)
	at com.kms.katalon.core.webservice.keyword.builtin.VerifyElementPropertyValueKeyword.execute(VerifyElementPropertyValueKeyword.groovy:43)
	at com.kms.katalon.core.keyword.internal.KeywordExecutor.executeKeywordForPlatform(KeywordExecutor.groovy:74)
	at com.kms.katalon.core.webservice.keyword.WSBuiltInKeywords.verifyElementPropertyValue(WSBuiltInKeywords.groovy:175)
	at com.kms.katalon.core.webservice.keyword.WSBuiltInKeywords$verifyElementPropertyValue$0.call(Unknown Source)
	at 1. get token - data order.run(1. get token - data order:54)
	at com.kms.katalon.core.main.ScriptEngine.run(ScriptEngine.java:194)
	at com.kms.katalon.core.main.ScriptEngine.runScriptAsRawText(ScriptEngine.java:119)
	at com.kms.katalon.core.main.TestCaseExecutor.runScript(TestCaseExecutor.java:442)
	at com.kms.katalon.core.main.TestCaseExecutor.doExecute(TestCaseExecutor.java:433)
	at com.kms.katalon.core.main.TestCaseExecutor.processExecutionPhase(TestCaseExecutor.java:412)
	at com.kms.katalon.core.main.TestCaseExecutor.accessMainPhase(TestCaseExecutor.java:404)
	at com.kms.katalon.core.main.TestCaseExecutor.execute(TestCaseExecutor.java:281)
	at com.kms.katalon.core.main.TestSuiteExecutor.accessTestCaseMainPhase(TestSuiteExecutor.java:202)
	at com.kms.katalon.core.main.TestSuiteExecutor.accessTestSuiteMainPhase(TestSuiteExecutor.java:164)
	at com.kms.katalon.core.main.TestSuiteExecutor.execute(TestSuiteExecutor.java:105)
	at com.kms.katalon.core.main.TestCaseMain.startTestSuite(TestCaseMain.java:181)
	at com.kms.katalon.core.main.TestCaseMain$startTestSuite$0.call(Unknown Source)
	at TempTestSuite1648100878643.run(TempTestSuite1648100878643.groovy:36)
"/>
         <system-out><![CDATA[2022-03-24 12:48:34 - [TEST_CASE][FAILED] - Test Cases/1. get token - data order: Test Cases/1. get token - data order FAILED.
Reason:
com.kms.katalon.core.exception.StepFailedException: Expected element property value '1333001485' is not equal with actual property value '1154000993'
	at com.kms.katalon.core.keyword.internal.KeywordMain.stepFailed(KeywordMain.groovy:39)
	at com.kms.katalon.core.webservice.keyword.builtin.VerifyElementPropertyValueKeyword$_verifyElementPropertyValue_closure1.doCall(VerifyElementPropertyValueKeyword.groovy:56)
	at com.kms.katalon.core.webservice.keyword.builtin.VerifyElementPropertyValueKeyword$_verifyElementPropertyValue_closure1.call(VerifyElementPropertyValueKeyword.groovy)
	at com.kms.katalon.core.keyword.internal.KeywordMain.runKeyword(KeywordMain.groovy:74)
	at com.kms.katalon.core.webservice.keyword.builtin.VerifyElementPropertyValueKeyword.verifyElementPropertyValue(VerifyElementPropertyValueKeyword.groovy:48)
	at com.kms.katalon.core.webservice.keyword.builtin.VerifyElementPropertyValueKeyword.execute(VerifyElementPropertyValueKeyword.groovy:43)
	at com.kms.katalon.core.keyword.internal.KeywordExecutor.executeKeywordForPlatform(KeywordExecutor.groovy:74)
	at com.kms.katalon.core.webservice.keyword.WSBuiltInKeywords.verifyElementPropertyValue(WSBuiltInKeywords.groovy:175)
	at com.kms.katalon.core.webservice.keyword.WSBuiltInKeywords$verifyElementPropertyValue$0.call(Unknown Source)
	at 1. get token - data order.run(1. get token - data order:54)
	at com.kms.katalon.core.main.ScriptEngine.run(ScriptEngine.java:194)
	at com.kms.katalon.core.main.ScriptEngine.runScriptAsRawText(ScriptEngine.java:119)
	at com.kms.katalon.core.main.TestCaseExecutor.runScript(TestCaseExecutor.java:442)
	at com.kms.katalon.core.main.TestCaseExecutor.doExecute(TestCaseExecutor.java:433)
	at com.kms.katalon.core.main.TestCaseExecutor.processExecutionPhase(TestCaseExecutor.java:412)
	at com.kms.katalon.core.main.TestCaseExecutor.accessMainPhase(TestCaseExecutor.java:404)
	at com.kms.katalon.core.main.TestCaseExecutor.execute(TestCaseExecutor.java:281)
	at com.kms.katalon.core.main.TestSuiteExecutor.accessTestCaseMainPhase(TestSuiteExecutor.java:202)
	at com.kms.katalon.core.main.TestSuiteExecutor.accessTestSuiteMainPhase(TestSuiteExecutor.java:164)
	at com.kms.katalon.core.main.TestSuiteExecutor.execute(TestSuiteExecutor.java:105)
	at com.kms.katalon.core.main.TestCaseMain.startTestSuite(TestCaseMain.java:181)
	at com.kms.katalon.core.main.TestCaseMain$startTestSuite$0.call(Unknown Source)
	at TempTestSuite1648100878643.run(TempTestSuite1648100878643.groovy:36)


2022-03-24 12:48:34 - [TEST_STEP][PASSED] - token = sendRequest(findTestObject("1. Get-Token")): Send request successfully

2022-03-24 12:48:34 - [MESSAGE][INFO] - HAR: I:\app-testing\app-project\Order car insurance\order-car-insurance\Reports\20220324_124757\Get data order\20220324_124758\requests\main\12.har

2022-03-24 12:48:34 - [MESSAGE][PASSED] - Send request successfully

2022-03-24 12:48:34 - [TEST_STEP][PASSED] - slurper = new groovy.json.JsonSlurper(): null

2022-03-24 12:48:34 - [TEST_STEP][PASSED] - get_token = slurper.parseText(token.getResponseBodyContent()): null

2022-03-24 12:48:34 - [TEST_STEP][PASSED] - private_token = access_token: null

2022-03-24 12:48:34 - [TEST_STEP][PASSED] - global_token = private_token: null

2022-03-24 12:48:34 - [TEST_STEP][PASSED] - println("token is :" + global_token): null

2022-03-24 12:48:34 - [TEST_STEP][PASSED] - response_token = token.getResponseText(): null

2022-03-24 12:48:34 - [TEST_STEP][PASSED] - logInfo($response_token): 
            {
                "token_type": "BearerToken",
                "access_token": "ayyXRaMrPyy061LalIrqC5va1DdW",
                "expires_in": "1799",
                "scope": ""
            }
        

2022-03-24 12:48:34 - [MESSAGE][INFO] - 
            {
                "token_type": "BearerToken",
                "access_token": "ayyXRaMrPyy061LalIrqC5va1DdW",
                "expires_in": "1799",
                "scope": ""
            }
        

2022-03-24 12:48:34 - [TEST_STEP][PASSED] - order = sendRequest(findTestObject("3. Get-data-order", ["s_key":global_token, "c_id":c_id, "order_date":order_date, "page":page, "rows":rows])): Send request successfully

2022-03-24 12:48:35 - [MESSAGE][INFO] - HAR: I:\app-testing\app-project\Order car insurance\order-car-insurance\Reports\20220324_124757\Get data order\20220324_124758\requests\main\13.har

2022-03-24 12:48:35 - [MESSAGE][PASSED] - Send request successfully

2022-03-24 12:48:35 - [TEST_STEP][PASSED] - get_order = order.getResponseText(): null

2022-03-24 12:48:35 - [TEST_STEP][PASSED] - markPassed("data ke : " + no): data ke : 5

2022-03-24 12:48:35 - [MESSAGE][PASSED] - data ke : 5

2022-03-24 12:48:35 - [TEST_STEP][PASSED] - verifyElementPropertyValue(order, "GetDataOrderResponse.ListDataOrder[0].TipeOrder", o_tipeorder, CONTINUE_ON_FAILURE): Verify element property value successfully

2022-03-24 12:48:35 - [MESSAGE][PASSED] - Verify element property value successfully

2022-03-24 12:48:35 - [TEST_STEP][PASSED] - verifyElementPropertyValue(order, "GetDataOrderResponse.ListDataOrder[0].BatchID", o_batchid, CONTINUE_ON_FAILURE): Verify element property value successfully

2022-03-24 12:48:35 - [MESSAGE][PASSED] - Verify element property value successfully

2022-03-24 12:48:35 - [TEST_STEP][FAILED] - verifyElementPropertyValue(order, "GetDataOrderResponse.ListDataOrder[0].NoRek", o_norek, CONTINUE_ON_FAILURE): Expected element property value '1333001485' is not equal with actual property value '1154000993'

2022-03-24 12:48:35 - [MESSAGE][FAILED] - Expected element property value '1333001485' is not equal with actual property value '1154000993'

2022-03-24 12:48:35 - [TEST_STEP][PASSED] - verifyElementPropertyValue(order, "GetDataOrderResponse.ListDataOrder[0].NoPin", o_nopin, CONTINUE_ON_FAILURE): Verify element property value successfully

2022-03-24 12:48:35 - [MESSAGE][PASSED] - Verify element property value successfully

2022-03-24 12:48:35 - [TEST_STEP][PASSED] - verifyElementPropertyValue(order, "GetDataOrderResponse.ListDataOrder[0].CustName", o_custname, CONTINUE_ON_FAILURE): Verify element property value successfully

2022-03-24 12:48:35 - [MESSAGE][PASSED] - Verify element property value successfully

2022-03-24 12:48:35 - [TEST_STEP][FAILED] - verifyElementPropertyValue(order, "GetDataOrderResponse.ListDataOrder[0].Pemohon", o_pemohon, CONTINUE_ON_FAILURE): Expected element property value 'PT BCAF QQ BCA' is not equal with actual property value 'PT BCAF'

2022-03-24 12:48:35 - [MESSAGE][FAILED] - Expected element property value 'PT BCAF QQ BCA' is not equal with actual property value 'PT BCAF'

2022-03-24 12:48:35 - [TEST_STEP][FAILED] - verifyElementPropertyValue(order, "GetDataOrderResponse.ListDataOrder[0].HargaPembelian", o_otr, CONTINUE_ON_FAILURE): Expected element property value '206350000.00' is not equal with actual property value '360000000.00'

2022-03-24 12:48:35 - [MESSAGE][FAILED] - Expected element property value '206350000.00' is not equal with actual property value '360000000.00'

2022-03-24 12:48:35 - [TEST_STEP][FAILED] - verifyElementPropertyValue(order, "GetDataOrderResponse.ListDataOrder[0].Cabang", o_branchid, CONTINUE_ON_FAILURE): Expected element property value '1333' is not equal with actual property value '1154'

2022-03-24 12:48:35 - [MESSAGE][FAILED] - Expected element property value '1333' is not equal with actual property value '1154'

2022-03-24 12:48:35 - [TEST_STEP][FAILED] - verifyElementPropertyValue(order, "GetDataOrderResponse.ListDataOrder[0].MerkID", o_merk, CONTINUE_ON_FAILURE): Expected element property value 'HON' is not equal with actual property value 'TYT'

2022-03-24 12:48:35 - [MESSAGE][FAILED] - Expected element property value 'HON' is not equal with actual property value 'TYT'

2022-03-24 12:48:35 - [TEST_STEP][FAILED] - verifyElementPropertyValue(order, "GetDataOrderResponse.ListDataOrder[0].TypeMobil", o_type, CONTINUE_ON_FAILURE): Expected element property value 'BRIO RS 1.2 CVT CKD' is not equal with actual property value 'INNOVA VENTURER 2.0 AT'

2022-03-24 12:48:35 - [MESSAGE][FAILED] - Expected element property value 'BRIO RS 1.2 CVT CKD' is not equal with actual property value 'INNOVA VENTURER 2.0 AT'

2022-03-24 12:48:35 - [TEST_STEP][PASSED] - verifyElementPropertyValue(order, "GetDataOrderResponse.ListDataOrder[0].JenisMobil", o_jenis, CONTINUE_ON_FAILURE): Verify element property value successfully

2022-03-24 12:48:35 - [MESSAGE][PASSED] - Verify element property value successfully

2022-03-24 12:48:35 - [TEST_STEP][FAILED] - verifyElementPropertyValue(order, "GetDataOrderResponse.ListDataOrder[0].TahunMobil", o_tahun, CONTINUE_ON_FAILURE): Expected element property value '2021' is not equal with actual property value '2017'

2022-03-24 12:48:35 - [MESSAGE][FAILED] - Expected element property value '2021' is not equal with actual property value '2017'

2022-03-24 12:48:35 - [TEST_STEP][FAILED] - verifyElementPropertyValue(order, "GetDataOrderResponse.ListDataOrder[0].Warna", o_warna, CONTINUE_ON_FAILURE): Expected element property value 'TAFFETA WHITE' is not equal with actual property value 'PUTIH'

2022-03-24 12:48:35 - [MESSAGE][FAILED] - Expected element property value 'TAFFETA WHITE' is not equal with actual property value 'PUTIH'

2022-03-24 12:48:35 - [TEST_STEP][FAILED] - verifyElementPropertyValue(order, "GetDataOrderResponse.ListDataOrder[0].NoRangka", o_norangka, CONTINUE_ON_FAILURE): Expected element property value 'MHRDD1890MJ110078' is not equal with actual property value 'MHFAW8EM4H0206354'

2022-03-24 12:48:35 - [MESSAGE][FAILED] - Expected element property value 'MHRDD1890MJ110078' is not equal with actual property value 'MHFAW8EM4H0206354'

2022-03-24 12:48:35 - [TEST_STEP][FAILED] - verifyElementPropertyValue(order, "GetDataOrderResponse.ListDataOrder[0].NoMesin", o_nomesin, CONTINUE_ON_FAILURE): Expected element property value 'L12B34340674' is not equal with actual property value '1TRA295932'

2022-03-24 12:48:35 - [MESSAGE][FAILED] - Expected element property value 'L12B34340674' is not equal with actual property value '1TRA295932'

2022-03-24 12:48:35 - [TEST_STEP][FAILED] - verifyElementPropertyValue(order, "GetDataOrderResponse.ListDataOrder[0].NoPolisi", o_nopol, CONTINUE_ON_FAILURE): Expected element property value '               ' is not equal with actual property value 'B 2726 BOM'

2022-03-24 12:48:35 - [MESSAGE][FAILED] - Expected element property value '               ' is not equal with actual property value 'B 2726 BOM'

2022-03-24 12:48:35 - [TEST_STEP][FAILED] - verifyElementPropertyValue(order, "GetDataOrderResponse.ListDataOrder[0].NamaBPKB", o_namabpkb, CONTINUE_ON_FAILURE): Expected element property value 'PRIMA DEWI KUMALASARI' is not equal with actual property value 'PT AUTORENT LANCAR S'

2022-03-24 12:48:35 - [MESSAGE][FAILED] - Expected element property value 'PRIMA DEWI KUMALASARI' is not equal with actual property value 'PT AUTORENT LANCAR S'

2022-03-24 12:48:35 - [TEST_STEP][FAILED] - verifyElementPropertyValue(order, "GetDataOrderResponse.ListDataOrder[0].KategoriMobil", o_kategori, CONTINUE_ON_FAILURE): Expected element property value '3 ' is not equal with actual property value '14'

2022-03-24 12:48:35 - [MESSAGE][FAILED] - Expected element property value '3 ' is not equal with actual property value '14'

2022-03-24 12:48:35 - [TEST_STEP][PASSED] - verifyElementPropertyValue(order, "GetDataOrderResponse.ListDataOrder[0].PenggunaanKendaraan", o_purpose, CONTINUE_ON_FAILURE): Verify element property value successfully

2022-03-24 12:48:35 - [MESSAGE][PASSED] - Verify element property value successfully

2022-03-24 12:48:35 - [TEST_STEP][FAILED] - verifyElementPropertyValue(order, "GetDataOrderResponse.ListDataOrder[0].Kondisi", o_kondisi, CONTINUE_ON_FAILURE): Expected element property value '1' is not equal with actual property value '2'

2022-03-24 12:48:35 - [MESSAGE][FAILED] - Expected element property value '1' is not equal with actual property value '2'

2022-03-24 12:48:35 - [TEST_STEP][PASSED] - verifyElementPropertyValue(order, "GetDataOrderResponse.ListDataOrder[0].Accessories1", o_acc1, CONTINUE_ON_FAILURE): Verify element property value successfully

2022-03-24 12:48:35 - [MESSAGE][PASSED] - Verify element property value successfully

2022-03-24 12:48:35 - [TEST_STEP][PASSED] - verifyElementPropertyValue(order, "GetDataOrderResponse.ListDataOrder[0].Accessories2", o_acc2, CONTINUE_ON_FAILURE): Verify element property value successfully

2022-03-24 12:48:35 - [MESSAGE][PASSED] - Verify element property value successfully

2022-03-24 12:48:35 - [TEST_STEP][PASSED] - verifyElementPropertyValue(order, "GetDataOrderResponse.ListDataOrder[0].Accessories3", o_acc3, CONTINUE_ON_FAILURE): Verify element property value successfully

2022-03-24 12:48:35 - [MESSAGE][PASSED] - Verify element property value successfully

2022-03-24 12:48:35 - [TEST_STEP][PASSED] - verifyElementPropertyValue(order, "GetDataOrderResponse.ListDataOrder[0].Accessories4", o_acc4, CONTINUE_ON_FAILURE): Verify element property value successfully

2022-03-24 12:48:36 - [MESSAGE][PASSED] - Verify element property value successfully

2022-03-24 12:48:36 - [TEST_STEP][PASSED] - verifyElementPropertyValue(order, "GetDataOrderResponse.ListDataOrder[0].Accessories5", o_acc5, CONTINUE_ON_FAILURE): Verify element property value successfully

2022-03-24 12:48:36 - [MESSAGE][PASSED] - Verify element property value successfully

2022-03-24 12:48:36 - [TEST_STEP][PASSED] - verifyElementPropertyValue(order, "GetDataOrderResponse.ListDataOrder[0].HargaAccessories1", o_harga_acc1, CONTINUE_ON_FAILURE): Verify element property value successfully

2022-03-24 12:48:36 - [MESSAGE][PASSED] - Verify element property value successfully

2022-03-24 12:48:36 - [TEST_STEP][PASSED] - verifyElementPropertyValue(order, "GetDataOrderResponse.ListDataOrder[0].HargaAccessories2", o_harga_acc2, CONTINUE_ON_FAILURE): Verify element property value successfully

2022-03-24 12:48:36 - [MESSAGE][PASSED] - Verify element property value successfully

2022-03-24 12:48:36 - [TEST_STEP][PASSED] - verifyElementPropertyValue(order, "GetDataOrderResponse.ListDataOrder[0].HargaAccessories3", o_harga_acc3, CONTINUE_ON_FAILURE): Verify element property value successfully

2022-03-24 12:48:36 - [MESSAGE][PASSED] - Verify element property value successfully

2022-03-24 12:48:36 - [TEST_STEP][PASSED] - verifyElementPropertyValue(order, "GetDataOrderResponse.ListDataOrder[0].HargaAccessories4", o_harga_acc4, CONTINUE_ON_FAILURE): Verify element property value successfully

2022-03-24 12:48:36 - [MESSAGE][PASSED] - Verify element property value successfully

2022-03-24 12:48:36 - [TEST_STEP][PASSED] - verifyElementPropertyValue(order, "GetDataOrderResponse.ListDataOrder[0].HargaAccessories5", o_harga_acc5, CONTINUE_ON_FAILURE): Verify element property value successfully

2022-03-24 12:48:36 - [MESSAGE][PASSED] - Verify element property value successfully

2022-03-24 12:48:36 - [TEST_STEP][PASSED] - verifyElementPropertyValue(order, "GetDataOrderResponse.ListDataOrder[0].OverKredit", o_overkredit, CONTINUE_ON_FAILURE): Verify element property value successfully

2022-03-24 12:48:36 - [MESSAGE][PASSED] - Verify element property value successfully

2022-03-24 12:48:36 - [TEST_STEP][PASSED] - verifyElementPropertyValue(order, "GetDataOrderResponse.ListDataOrder[0].Restructure", o_restructure, CONTINUE_ON_FAILURE): Verify element property value successfully

2022-03-24 12:48:36 - [MESSAGE][PASSED] - Verify element property value successfully

2022-03-24 12:48:36 - [TEST_STEP][PASSED] - verifyElementPropertyValue(order, "GetDataOrderResponse.ListDataOrder[0].NoPolisLama", o_nopol_lama, CONTINUE_ON_FAILURE): Verify element property value successfully

2022-03-24 12:48:36 - [MESSAGE][PASSED] - Verify element property value successfully

2022-03-24 12:48:36 - [TEST_STEP][PASSED] - verifyElementPropertyValue(order, "GetDataOrderResponse.ListDataOrder[0].MailAddress", o_mail_addr, CONTINUE_ON_FAILURE): Verify element property value successfully

2022-03-24 12:48:36 - [MESSAGE][PASSED] - Verify element property value successfully

2022-03-24 12:48:36 - [TEST_STEP][PASSED] - verifyElementPropertyValue(order, "GetDataOrderResponse.ListDataOrder[0].KabKodya", o_kab_kodya, CONTINUE_ON_FAILURE): Verify element property value successfully

2022-03-24 12:48:36 - [MESSAGE][PASSED] - Verify element property value successfully

2022-03-24 12:48:36 - [TEST_STEP][FAILED] - verifyElementPropertyValue(order, "GetDataOrderResponse.ListDataOrder[0].PostalCode", o_postal_code, CONTINUE_ON_FAILURE): Expected element property value '63312' is not equal with actual property value '12610'

2022-03-24 12:48:36 - [MESSAGE][FAILED] - Expected element property value '63312' is not equal with actual property value '12610'

2022-03-24 12:48:36 - [TEST_STEP][PASSED] - verifyElementPropertyValue(order, "GetDataOrderResponse.ListDataOrder[0].PaketMobil", o_packet, CONTINUE_ON_FAILURE): Verify element property value successfully

2022-03-24 12:48:36 - [MESSAGE][PASSED] - Verify element property value successfully

2022-03-24 12:48:36 - [TEST_STEP][PASSED] - verifyElementPropertyValue(order, "GetDataOrderResponse.ListDataOrder[0].CustType", o_cust_type, CONTINUE_ON_FAILURE): Verify element property value successfully

2022-03-24 12:48:36 - [MESSAGE][PASSED] - Verify element property value successfully

2022-03-24 12:48:36 - [TEST_STEP][FAILED] - verifyElementPropertyValue(order, "GetDataOrderResponse.ListDataOrder[0].IdentityNo", o_nik, CONTINUE_ON_FAILURE): Expected element property value 'SCRAMBLE' is not equal with actual property value '09.5307.120661.7004'

2022-03-24 12:48:36 - [MESSAGE][FAILED] - Expected element property value 'SCRAMBLE' is not equal with actual property value '09.5307.120661.7004'

2022-03-24 12:48:36 - [TEST_STEP][PASSED] - verifyElementPropertyValue(order, "GetDataOrderResponse.ListDataOrder[0].BirthPlace", o_birth_place, CONTINUE_ON_FAILURE): Verify element property value successfully

2022-03-24 12:48:36 - [MESSAGE][PASSED] - Verify element property value successfully

2022-03-24 12:48:36 - [TEST_STEP][FAILED] - verifyElementPropertyValue(order, "GetDataOrderResponse.ListDataOrder[0].BirthDate", o_birth_date, CONTINUE_ON_FAILURE): Expected element property value '20220212' is not equal with actual property value '19610612'

2022-03-24 12:48:36 - [MESSAGE][FAILED] - Expected element property value '20220212' is not equal with actual property value '19610612'

2022-03-24 12:48:36 - [TEST_STEP][FAILED] - verifyElementPropertyValue(order, "GetDataOrderResponse.ListDataOrder[0].Occupation", o_occp, CONTINUE_ON_FAILURE): Expected element property value 'Karyawan' is not equal with actual property value 'Wiraswasta'

2022-03-24 12:48:36 - [MESSAGE][FAILED] - Expected element property value 'Karyawan' is not equal with actual property value 'Wiraswasta'

2022-03-24 12:48:36 - [TEST_STEP][PASSED] - verifyElementPropertyValue(order, "GetDataOrderResponse.ListDataOrder[0].AlamatKTP", o_ktp_addr, CONTINUE_ON_FAILURE): Verify element property value successfully

2022-03-24 12:48:36 - [MESSAGE][PASSED] - Verify element property value successfully

2022-03-24 12:48:36 - [TEST_STEP][PASSED] - verifyElementPropertyValue(order, "GetDataOrderResponse.ListDataOrder[0].KelurahanKTP", o_ktp_kel, CONTINUE_ON_FAILURE): Verify element property value successfully

2022-03-24 12:48:36 - [MESSAGE][PASSED] - Verify element property value successfully

2022-03-24 12:48:36 - [TEST_STEP][PASSED] - verifyElementPropertyValue(order, "GetDataOrderResponse.ListDataOrder[0].KecamatanKTP", o_ktp_kec, CONTINUE_ON_FAILURE): Verify element property value successfully

2022-03-24 12:48:36 - [MESSAGE][PASSED] - Verify element property value successfully

2022-03-24 12:48:36 - [TEST_STEP][PASSED] - verifyElementPropertyValue(order, "GetDataOrderResponse.ListDataOrder[0].KabKodyaKTP", o_ktp_kabkodya, CONTINUE_ON_FAILURE): Verify element property value successfully

2022-03-24 12:48:36 - [MESSAGE][PASSED] - Verify element property value successfully

2022-03-24 12:48:36 - [TEST_STEP][PASSED] - verifyElementPropertyValue(order, "GetDataOrderResponse.ListDataOrder[0].ProvinsiKTP", o_ktp_prov, CONTINUE_ON_FAILURE): Verify element property value successfully

2022-03-24 12:48:36 - [MESSAGE][PASSED] - Verify element property value successfully

2022-03-24 12:48:36 - [TEST_STEP][FAILED] - verifyElementPropertyValue(order, "GetDataOrderResponse.ListDataOrder[0].PostalCodeKTP", o_ktp_postal_code, CONTINUE_ON_FAILURE): Expected element property value '63312' is not equal with actual property value '12610'

2022-03-24 12:48:36 - [MESSAGE][FAILED] - Expected element property value '63312' is not equal with actual property value '12610'

2022-03-24 12:48:36 - [TEST_STEP][FAILED] - verifyElementPropertyValue(order, "GetDataOrderResponse.ListDataOrder[0].DealerName", o_ktp_dealer_name, CONTINUE_ON_FAILURE): Expected element property value 'Surya Anugrah Gempita, PT' is not equal with actual property value '21 Auto Cars'

2022-03-24 12:48:36 - [MESSAGE][FAILED] - Expected element property value 'Surya Anugrah Gempita, PT' is not equal with actual property value '21 Auto Cars'

2022-03-24 12:48:36 - [TEST_STEP][FAILED] - switch (tenor): null

2022-03-24 12:48:36 - [TEST_STEP][FAILED] - case "5":: null

2022-03-24 12:48:36 - [TEST_STEP][PASSED] - order2 = sendRequest(findTestObject("3. Get-data-order", ["s_key":global_token, "c_id":c_id, "order_date":order_date, "page":page, "rows":rows])): Send request successfully

2022-03-24 12:48:37 - [MESSAGE][INFO] - HAR: I:\app-testing\app-project\Order car insurance\order-car-insurance\Reports\20220324_124757\Get data order\20220324_124758\requests\main\14.har

2022-03-24 12:48:37 - [MESSAGE][PASSED] - Send request successfully

2022-03-24 12:48:37 - [TEST_STEP][PASSED] - get_order2 = order.getResponseText(): null

2022-03-24 12:48:37 - [TEST_STEP][FAILED] - verifyElementPropertyValue(order, "GetDataOrderResponse.ListDataOrder[0].InsuranceData[0].KondisiPertanggungan", o_kond_pertanggungan_0, CONTINUE_ON_FAILURE): Expected element property value ' ' is not equal with actual property value ''

2022-03-24 12:48:37 - [MESSAGE][FAILED] - Expected element property value ' ' is not equal with actual property value ''

2022-03-24 12:48:37 - [TEST_STEP][PASSED] - verifyElementPropertyValue(order, "GetDataOrderResponse.ListDataOrder[0].InsuranceData[0].TJH", o_tjh_header_0, CONTINUE_ON_FAILURE): Verify element property value successfully

2022-03-24 12:48:37 - [MESSAGE][PASSED] - Verify element property value successfully

2022-03-24 12:48:37 - [TEST_STEP][FAILED] - verifyElementPropertyValue(order, "GetDataOrderResponse.ListDataOrder[0].InsuranceData[0].InsuredValue", o_ins_val_0, CONTINUE_ON_FAILURE): Expected element property value '206350000.00' is not equal with actual property value '360000000.00'

2022-03-24 12:48:37 - [MESSAGE][FAILED] - Expected element property value '206350000.00' is not equal with actual property value '360000000.00'

2022-03-24 12:48:37 - [TEST_STEP][PASSED] - verifyElementPropertyValue(order, "GetDataOrderResponse.ListDataOrder[0].InsuranceData[0].InsuredFrom", o_ins_form_0, CONTINUE_ON_FAILURE): Verify element property value successfully

2022-03-24 12:48:37 - [MESSAGE][PASSED] - Verify element property value successfully

2022-03-24 12:48:37 - [TEST_STEP][PASSED] - verifyElementPropertyValue(order, "GetDataOrderResponse.ListDataOrder[0].InsuranceData[0].InsuredTo", o_ins_to_0, CONTINUE_ON_FAILURE): Verify element property value successfully

2022-03-24 12:48:37 - [MESSAGE][PASSED] - Verify element property value successfully

2022-03-24 12:48:37 - [TEST_STEP][FAILED] - verifyElementPropertyValue(order, "GetDataOrderResponse.ListDataOrder[0].InsuranceData[0].Rate", o_rate_0, CONTINUE_ON_FAILURE): Expected element property value '1.3067' is not equal with actual property value '1.5184'

2022-03-24 12:48:37 - [MESSAGE][FAILED] - Expected element property value '1.3067' is not equal with actual property value '1.5184'

2022-03-24 12:48:37 - [TEST_STEP][FAILED] - verifyElementPropertyValue(order, "GetDataOrderResponse.ListDataOrder[0].InsuranceData[0].GrossPremi", o_gross_premi_0, CONTINUE_ON_FAILURE): Expected element property value '2696375.00' is not equal with actual property value '5466240.00'

2022-03-24 12:48:37 - [MESSAGE][FAILED] - Expected element property value '2696375.00' is not equal with actual property value '5466240.00'

2022-03-24 12:48:37 - [TEST_STEP][PASSED] - verifyElementPropertyValue(order, "GetDataOrderResponse.ListDataOrder[0].InsuranceData[0].Discount", o_discount_0, CONTINUE_ON_FAILURE): Verify element property value successfully

2022-03-24 12:48:37 - [MESSAGE][PASSED] - Verify element property value successfully

2022-03-24 12:48:37 - [TEST_STEP][PASSED] - verifyElementPropertyValue(order, "GetDataOrderResponse.ListDataOrder[0].InsuranceData[0].Adm", o_adm_0, CONTINUE_ON_FAILURE): Verify element property value successfully

2022-03-24 12:48:37 - [MESSAGE][PASSED] - Verify element property value successfully

2022-03-24 12:48:37 - [TEST_STEP][FAILED] - verifyElementPropertyValue(order, "GetDataOrderResponse.ListDataOrder[0].InsuranceData[0].NetPremi", o_netpremi_0, CONTINUE_ON_FAILURE): Expected element property value '2696375.00' is not equal with actual property value '5466240.00'

2022-03-24 12:48:37 - [MESSAGE][FAILED] - Expected element property value '2696375.00' is not equal with actual property value '5466240.00'

2022-03-24 12:48:37 - [TEST_STEP][PASSED] - verifyElementPropertyValue(order, "GetDataOrderResponse.ListDataOrder[0].InsuranceData[0].PerluasanJaminan.TJH", o_tjh_val_0, CONTINUE_ON_FAILURE): Verify element property value successfully

2022-03-24 12:48:37 - [MESSAGE][PASSED] - Verify element property value successfully

2022-03-24 12:48:37 - [TEST_STEP][PASSED] - verifyElementPropertyValue(order, "GetDataOrderResponse.ListDataOrder[0].InsuranceData[0].PerluasanJaminan.RSCC", o_rscc_val_0, CONTINUE_ON_FAILURE): Verify element property value successfully

2022-03-24 12:48:37 - [MESSAGE][PASSED] - Verify element property value successfully

2022-03-24 12:48:37 - [TEST_STEP][PASSED] - verifyElementPropertyValue(order, "GetDataOrderResponse.ListDataOrder[0].InsuranceData[0].PerluasanJaminan.Banjir", o_rsmb_val_0, CONTINUE_ON_FAILURE): Verify element property value successfully

2022-03-24 12:48:37 - [MESSAGE][PASSED] - Verify element property value successfully

2022-03-24 12:48:37 - [TEST_STEP][PASSED] - verifyElementPropertyValue(order, "GetDataOrderResponse.ListDataOrder[0].InsuranceData[0].PerluasanJaminan.Accessories", o_acc_val_0, CONTINUE_ON_FAILURE): Verify element property value successfully

2022-03-24 12:48:37 - [MESSAGE][PASSED] - Verify element property value successfully

2022-03-24 12:48:37 - [TEST_STEP][PASSED] - verifyElementPropertyValue(order, "GetDataOrderResponse.ListDataOrder[0].InsuranceData[1].KondisiPertanggungan", o_kond_pertanggungan_1, CONTINUE_ON_FAILURE): Verify element property value successfully

2022-03-24 12:48:37 - [MESSAGE][PASSED] - Verify element property value successfully

2022-03-24 12:48:37 - [TEST_STEP][PASSED] - verifyElementPropertyValue(order, "GetDataOrderResponse.ListDataOrder[0].InsuranceData[1].TJH", o_tjh_header_1, CONTINUE_ON_FAILURE): Verify element property value successfully

2022-03-24 12:48:37 - [MESSAGE][PASSED] - Verify element property value successfully

2022-03-24 12:48:37 - [TEST_STEP][FAILED] - verifyElementPropertyValue(order, "GetDataOrderResponse.ListDataOrder[0].InsuranceData[1].InsuredValue", o_ins_val_1, CONTINUE_ON_FAILURE): Expected element property value '206350000.00' is not equal with actual property value '360000000.00'

2022-03-24 12:48:37 - [MESSAGE][FAILED] - Expected element property value '206350000.00' is not equal with actual property value '360000000.00'

2022-03-24 12:48:37 - [TEST_STEP][PASSED] - verifyElementPropertyValue(order, "GetDataOrderResponse.ListDataOrder[0].InsuranceData[1].InsuredFrom", o_ins_form_1, CONTINUE_ON_FAILURE): Verify element property value successfully

2022-03-24 12:48:37 - [MESSAGE][PASSED] - Verify element property value successfully

2022-03-24 12:48:37 - [TEST_STEP][PASSED] - verifyElementPropertyValue(order, "GetDataOrderResponse.ListDataOrder[0].InsuranceData[1].InsuredTo", o_ins_to_1, CONTINUE_ON_FAILURE): Verify element property value successfully

2022-03-24 12:48:37 - [MESSAGE][PASSED] - Verify element property value successfully

2022-03-24 12:48:37 - [TEST_STEP][FAILED] - verifyElementPropertyValue(order, "GetDataOrderResponse.ListDataOrder[0].InsuranceData[1].Rate", o_rate_1, CONTINUE_ON_FAILURE): Expected element property value '0.2117' is not equal with actual property value '0.2774'

2022-03-24 12:48:37 - [MESSAGE][FAILED] - Expected element property value '0.2117' is not equal with actual property value '0.2774'

2022-03-24 12:48:37 - [TEST_STEP][FAILED] - verifyElementPropertyValue(order, "GetDataOrderResponse.ListDataOrder[0].InsuranceData[1].GrossPremi", o_gross_premi_1, CONTINUE_ON_FAILURE): Expected element property value '2696375.00' is not equal with actual property value '998640.00'

2022-03-24 12:48:37 - [MESSAGE][FAILED] - Expected element property value '2696375.00' is not equal with actual property value '998640.00'

2022-03-24 12:48:37 - [TEST_STEP][PASSED] - verifyElementPropertyValue(order, "GetDataOrderResponse.ListDataOrder[0].InsuranceData[1].Discount", o_discount_1, CONTINUE_ON_FAILURE): Verify element property value successfully

2022-03-24 12:48:37 - [MESSAGE][PASSED] - Verify element property value successfully

2022-03-24 12:48:37 - [TEST_STEP][PASSED] - verifyElementPropertyValue(order, "GetDataOrderResponse.ListDataOrder[0].InsuranceData[1].Adm", o_adm_1, CONTINUE_ON_FAILURE): Verify element property value successfully

2022-03-24 12:48:37 - [MESSAGE][PASSED] - Verify element property value successfully

2022-03-24 12:48:37 - [TEST_STEP][FAILED] - verifyElementPropertyValue(order, "GetDataOrderResponse.ListDataOrder[0].InsuranceData[1].NetPremi", o_netpremi_1, CONTINUE_ON_FAILURE): Expected element property value '436843.00' is not equal with actual property value '998640.00'

2022-03-24 12:48:37 - [MESSAGE][FAILED] - Expected element property value '436843.00' is not equal with actual property value '998640.00'

2022-03-24 12:48:37 - [TEST_STEP][PASSED] - verifyElementPropertyValue(order, "GetDataOrderResponse.ListDataOrder[0].InsuranceData[1].PerluasanJaminan.TJH", o_tjh_val_1, CONTINUE_ON_FAILURE): Verify element property value successfully

2022-03-24 12:48:37 - [MESSAGE][PASSED] - Verify element property value successfully

2022-03-24 12:48:37 - [TEST_STEP][PASSED] - verifyElementPropertyValue(order, "GetDataOrderResponse.ListDataOrder[0].InsuranceData[1].PerluasanJaminan.RSCC", o_rscc_val_1, CONTINUE_ON_FAILURE): Verify element property value successfully

2022-03-24 12:48:37 - [MESSAGE][PASSED] - Verify element property value successfully

2022-03-24 12:48:37 - [TEST_STEP][PASSED] - verifyElementPropertyValue(order, "GetDataOrderResponse.ListDataOrder[0].InsuranceData[1].PerluasanJaminan.Banjir", o_rsmb_val_1, CONTINUE_ON_FAILURE): Verify element property value successfully

2022-03-24 12:48:37 - [MESSAGE][PASSED] - Verify element property value successfully

2022-03-24 12:48:37 - [TEST_STEP][PASSED] - verifyElementPropertyValue(order, "GetDataOrderResponse.ListDataOrder[0].InsuranceData[1].PerluasanJaminan.Accessories", o_acc_val_1, CONTINUE_ON_FAILURE): Verify element property value successfully

2022-03-24 12:48:37 - [MESSAGE][PASSED] - Verify element property value successfully

2022-03-24 12:48:37 - [TEST_STEP][PASSED] - verifyElementPropertyValue(order, "GetDataOrderResponse.ListDataOrder[0].InsuranceData[2].KondisiPertanggungan", o_kond_pertanggungan_2, CONTINUE_ON_FAILURE): Verify element property value successfully

2022-03-24 12:48:37 - [MESSAGE][PASSED] - Verify element property value successfully

2022-03-24 12:48:37 - [TEST_STEP][PASSED] - verifyElementPropertyValue(order, "GetDataOrderResponse.ListDataOrder[0].InsuranceData[2].TJH", o_tjh_header_2, CONTINUE_ON_FAILURE): Verify element property value successfully

2022-03-24 12:48:37 - [MESSAGE][PASSED] - Verify element property value successfully

2022-03-24 12:48:37 - [TEST_STEP][FAILED] - verifyElementPropertyValue(order, "GetDataOrderResponse.ListDataOrder[0].InsuranceData[2].InsuredValue", o_ins_val_2, CONTINUE_ON_FAILURE): Expected element property value '206350000.00' is not equal with actual property value '360000000.00'

2022-03-24 12:48:37 - [MESSAGE][FAILED] - Expected element property value '206350000.00' is not equal with actual property value '360000000.00'

2022-03-24 12:48:37 - [TEST_STEP][PASSED] - verifyElementPropertyValue(order, "GetDataOrderResponse.ListDataOrder[0].InsuranceData[2].InsuredFrom", o_ins_form_2, CONTINUE_ON_FAILURE): Verify element property value successfully

2022-03-24 12:48:38 - [MESSAGE][PASSED] - Verify element property value successfully

2022-03-24 12:48:38 - [TEST_STEP][PASSED] - verifyElementPropertyValue(order, "GetDataOrderResponse.ListDataOrder[0].InsuranceData[2].InsuredTo", o_ins_to_2, CONTINUE_ON_FAILURE): Verify element property value successfully

2022-03-24 12:48:38 - [MESSAGE][PASSED] - Verify element property value successfully

2022-03-24 12:48:38 - [TEST_STEP][FAILED] - verifyElementPropertyValue(order, "GetDataOrderResponse.ListDataOrder[0].InsuranceData[2].Rate", o_rate_2, CONTINUE_ON_FAILURE): Expected element property value '0.2117' is not equal with actual property value '0.2774'

2022-03-24 12:48:38 - [MESSAGE][FAILED] - Expected element property value '0.2117' is not equal with actual property value '0.2774'

2022-03-24 12:48:38 - [TEST_STEP][FAILED] - verifyElementPropertyValue(order, "GetDataOrderResponse.ListDataOrder[0].InsuranceData[2].GrossPremi", o_gross_premi_2, CONTINUE_ON_FAILURE): Expected element property value '436843.00' is not equal with actual property value '998640.00'

2022-03-24 12:48:38 - [MESSAGE][FAILED] - Expected element property value '436843.00' is not equal with actual property value '998640.00'

2022-03-24 12:48:38 - [TEST_STEP][PASSED] - verifyElementPropertyValue(order, "GetDataOrderResponse.ListDataOrder[0].InsuranceData[2].Discount", o_discount_2, CONTINUE_ON_FAILURE): Verify element property value successfully

2022-03-24 12:48:38 - [MESSAGE][PASSED] - Verify element property value successfully

2022-03-24 12:48:38 - [TEST_STEP][PASSED] - verifyElementPropertyValue(order, "GetDataOrderResponse.ListDataOrder[0].InsuranceData[2].Adm", o_adm_2, CONTINUE_ON_FAILURE): Verify element property value successfully

2022-03-24 12:48:38 - [MESSAGE][PASSED] - Verify element property value successfully

2022-03-24 12:48:38 - [TEST_STEP][FAILED] - verifyElementPropertyValue(order, "GetDataOrderResponse.ListDataOrder[0].InsuranceData[2].NetPremi", o_netpremi_2, CONTINUE_ON_FAILURE): Expected element property value '436843.00' is not equal with actual property value '998640.00'

2022-03-24 12:48:38 - [MESSAGE][FAILED] - Expected element property value '436843.00' is not equal with actual property value '998640.00'

2022-03-24 12:48:38 - [TEST_STEP][PASSED] - verifyElementPropertyValue(order, "GetDataOrderResponse.ListDataOrder[0].InsuranceData[2].PerluasanJaminan.TJH", o_tjh_val_2, CONTINUE_ON_FAILURE): Verify element property value successfully

2022-03-24 12:48:38 - [MESSAGE][PASSED] - Verify element property value successfully

2022-03-24 12:48:38 - [TEST_STEP][PASSED] - verifyElementPropertyValue(order, "GetDataOrderResponse.ListDataOrder[0].InsuranceData[2].PerluasanJaminan.RSCC", o_rscc_val_2, CONTINUE_ON_FAILURE): Verify element property value successfully

2022-03-24 12:48:38 - [MESSAGE][PASSED] - Verify element property value successfully

2022-03-24 12:48:38 - [TEST_STEP][PASSED] - verifyElementPropertyValue(order, "GetDataOrderResponse.ListDataOrder[0].InsuranceData[2].PerluasanJaminan.Banjir", o_rsmb_val_2, CONTINUE_ON_FAILURE): Verify element property value successfully

2022-03-24 12:48:38 - [MESSAGE][PASSED] - Verify element property value successfully

2022-03-24 12:48:38 - [TEST_STEP][PASSED] - verifyElementPropertyValue(order, "GetDataOrderResponse.ListDataOrder[0].InsuranceData[2].PerluasanJaminan.Accessories", o_acc_val_2, CONTINUE_ON_FAILURE): Verify element property value successfully

2022-03-24 12:48:38 - [MESSAGE][PASSED] - Verify element property value successfully

2022-03-24 12:48:38 - [TEST_STEP][FAILED] - verifyElementPropertyValue(order, "GetDataOrderResponse.ListDataOrder[0].InsuranceData[3].KondisiPertanggungan", o_kond_pertanggungan_3, CONTINUE_ON_FAILURE): Unable to verify element property value (Root cause: java.lang.NullPointerException: Cannot get property 'KondisiPertanggungan' on null object
	at Script1.run(Script1.groovy:1)
	at com.kms.katalon.core.webservice.helper.WebServiceCommonHelper.parseAndGetPropertyValueForJson(WebServiceCommonHelper.java:213)
	at com.kms.katalon.core.webservice.keyword.builtin.VerifyElementPropertyValueKeyword$_verifyElementPropertyValue_closure1.doCall(VerifyElementPropertyValueKeyword.groovy:52)
	at com.kms.katalon.core.webservice.keyword.builtin.VerifyElementPropertyValueKeyword$_verifyElementPropertyValue_closure1.call(VerifyElementPropertyValueKeyword.groovy)
	at com.kms.katalon.core.keyword.internal.KeywordMain.runKeyword(KeywordMain.groovy:74)
	at com.kms.katalon.core.webservice.keyword.builtin.VerifyElementPropertyValueKeyword.verifyElementPropertyValue(VerifyElementPropertyValueKeyword.groovy:48)
	at com.kms.katalon.core.webservice.keyword.builtin.VerifyElementPropertyValueKeyword.execute(VerifyElementPropertyValueKeyword.groovy:43)
	at com.kms.katalon.core.keyword.internal.KeywordExecutor.executeKeywordForPlatform(KeywordExecutor.groovy:74)
	at com.kms.katalon.core.webservice.keyword.WSBuiltInKeywords.verifyElementPropertyValue(WSBuiltInKeywords.groovy:175)
	at com.kms.katalon.core.webservice.keyword.WSBuiltInKeywords$verifyElementPropertyValue$0.call(Unknown Source)
	at 1. get token - data order.run(1. get token - data order:714)
	at com.kms.katalon.core.main.ScriptEngine.run(ScriptEngine.java:194)
	at com.kms.katalon.core.main.ScriptEngine.runScriptAsRawText(ScriptEngine.java:119)
	at com.kms.katalon.core.main.TestCaseExecutor.runScript(TestCaseExecutor.java:442)
	at com.kms.katalon.core.main.TestCaseExecutor.doExecute(TestCaseExecutor.java:433)
	at com.kms.katalon.core.main.TestCaseExecutor.processExecutionPhase(TestCaseExecutor.java:412)
	at com.kms.katalon.core.main.TestCaseExecutor.accessMainPhase(TestCaseExecutor.java:404)
	at com.kms.katalon.core.main.TestCaseExecutor.execute(TestCaseExecutor.java:281)
	at com.kms.katalon.core.main.TestSuiteExecutor.accessTestCaseMainPhase(TestSuiteExecutor.java:202)
	at com.kms.katalon.core.main.TestSuiteExecutor.accessTestSuiteMainPhase(TestSuiteExecutor.java:164)
	at com.kms.katalon.core.main.TestSuiteExecutor.execute(TestSuiteExecutor.java:105)
	at com.kms.katalon.core.main.TestCaseMain.startTestSuite(TestCaseMain.java:181)
	at com.kms.katalon.core.main.TestCaseMain$startTestSuite$0.call(Unknown Source)
	at TempTestSuite1648100878643.run(TempTestSuite1648100878643.groovy:36)
)

2022-03-24 12:48:38 - [MESSAGE][FAILED] - Unable to verify element property value (Root cause: java.lang.NullPointerException: Cannot get property 'KondisiPertanggungan' on null object
	at Script1.run(Script1.groovy:1)
	at com.kms.katalon.core.webservice.helper.WebServiceCommonHelper.parseAndGetPropertyValueForJson(WebServiceCommonHelper.java:213)
	at com.kms.katalon.core.webservice.keyword.builtin.VerifyElementPropertyValueKeyword$_verifyElementPropertyValue_closure1.doCall(VerifyElementPropertyValueKeyword.groovy:52)
	at com.kms.katalon.core.webservice.keyword.builtin.VerifyElementPropertyValueKeyword$_verifyElementPropertyValue_closure1.call(VerifyElementPropertyValueKeyword.groovy)
	at com.kms.katalon.core.keyword.internal.KeywordMain.runKeyword(KeywordMain.groovy:74)
	at com.kms.katalon.core.webservice.keyword.builtin.VerifyElementPropertyValueKeyword.verifyElementPropertyValue(VerifyElementPropertyValueKeyword.groovy:48)
	at com.kms.katalon.core.webservice.keyword.builtin.VerifyElementPropertyValueKeyword.execute(VerifyElementPropertyValueKeyword.groovy:43)
	at com.kms.katalon.core.keyword.internal.KeywordExecutor.executeKeywordForPlatform(KeywordExecutor.groovy:74)
	at com.kms.katalon.core.webservice.keyword.WSBuiltInKeywords.verifyElementPropertyValue(WSBuiltInKeywords.groovy:175)
	at com.kms.katalon.core.webservice.keyword.WSBuiltInKeywords$verifyElementPropertyValue$0.call(Unknown Source)
	at 1. get token - data order.run(1. get token - data order:714)
	at com.kms.katalon.core.main.ScriptEngine.run(ScriptEngine.java:194)
	at com.kms.katalon.core.main.ScriptEngine.runScriptAsRawText(ScriptEngine.java:119)
	at com.kms.katalon.core.main.TestCaseExecutor.runScript(TestCaseExecutor.java:442)
	at com.kms.katalon.core.main.TestCaseExecutor.doExecute(TestCaseExecutor.java:433)
	at com.kms.katalon.core.main.TestCaseExecutor.processExecutionPhase(TestCaseExecutor.java:412)
	at com.kms.katalon.core.main.TestCaseExecutor.accessMainPhase(TestCaseExecutor.java:404)
	at com.kms.katalon.core.main.TestCaseExecutor.execute(TestCaseExecutor.java:281)
	at com.kms.katalon.core.main.TestSuiteExecutor.accessTestCaseMainPhase(TestSuiteExecutor.java:202)
	at com.kms.katalon.core.main.TestSuiteExecutor.accessTestSuiteMainPhase(TestSuiteExecutor.java:164)
	at com.kms.katalon.core.main.TestSuiteExecutor.execute(TestSuiteExecutor.java:105)
	at com.kms.katalon.core.main.TestCaseMain.startTestSuite(TestCaseMain.java:181)
	at com.kms.katalon.core.main.TestCaseMain$startTestSuite$0.call(Unknown Source)
	at TempTestSuite1648100878643.run(TempTestSuite1648100878643.groovy:36)
)

2022-03-24 12:48:38 - [TEST_STEP][FAILED] - verifyElementPropertyValue(order, "GetDataOrderResponse.ListDataOrder[0].InsuranceData[3].TJH", o_tjh_header_3, CONTINUE_ON_FAILURE): Unable to verify element property value (Root cause: java.lang.NullPointerException: Cannot get property 'TJH' on null object
	at Script1.run(Script1.groovy:1)
	at com.kms.katalon.core.webservice.helper.WebServiceCommonHelper.parseAndGetPropertyValueForJson(WebServiceCommonHelper.java:213)
	at com.kms.katalon.core.webservice.keyword.builtin.VerifyElementPropertyValueKeyword$_verifyElementPropertyValue_closure1.doCall(VerifyElementPropertyValueKeyword.groovy:52)
	at com.kms.katalon.core.webservice.keyword.builtin.VerifyElementPropertyValueKeyword$_verifyElementPropertyValue_closure1.call(VerifyElementPropertyValueKeyword.groovy)
	at com.kms.katalon.core.keyword.internal.KeywordMain.runKeyword(KeywordMain.groovy:74)
	at com.kms.katalon.core.webservice.keyword.builtin.VerifyElementPropertyValueKeyword.verifyElementPropertyValue(VerifyElementPropertyValueKeyword.groovy:48)
	at com.kms.katalon.core.webservice.keyword.builtin.VerifyElementPropertyValueKeyword.execute(VerifyElementPropertyValueKeyword.groovy:43)
	at com.kms.katalon.core.keyword.internal.KeywordExecutor.executeKeywordForPlatform(KeywordExecutor.groovy:74)
	at com.kms.katalon.core.webservice.keyword.WSBuiltInKeywords.verifyElementPropertyValue(WSBuiltInKeywords.groovy:175)
	at com.kms.katalon.core.webservice.keyword.WSBuiltInKeywords$verifyElementPropertyValue$0.call(Unknown Source)
	at 1. get token - data order.run(1. get token - data order:717)
	at com.kms.katalon.core.main.ScriptEngine.run(ScriptEngine.java:194)
	at com.kms.katalon.core.main.ScriptEngine.runScriptAsRawText(ScriptEngine.java:119)
	at com.kms.katalon.core.main.TestCaseExecutor.runScript(TestCaseExecutor.java:442)
	at com.kms.katalon.core.main.TestCaseExecutor.doExecute(TestCaseExecutor.java:433)
	at com.kms.katalon.core.main.TestCaseExecutor.processExecutionPhase(TestCaseExecutor.java:412)
	at com.kms.katalon.core.main.TestCaseExecutor.accessMainPhase(TestCaseExecutor.java:404)
	at com.kms.katalon.core.main.TestCaseExecutor.execute(TestCaseExecutor.java:281)
	at com.kms.katalon.core.main.TestSuiteExecutor.accessTestCaseMainPhase(TestSuiteExecutor.java:202)
	at com.kms.katalon.core.main.TestSuiteExecutor.accessTestSuiteMainPhase(TestSuiteExecutor.java:164)
	at com.kms.katalon.core.main.TestSuiteExecutor.execute(TestSuiteExecutor.java:105)
	at com.kms.katalon.core.main.TestCaseMain.startTestSuite(TestCaseMain.java:181)
	at com.kms.katalon.core.main.TestCaseMain$startTestSuite$0.call(Unknown Source)
	at TempTestSuite1648100878643.run(TempTestSuite1648100878643.groovy:36)
)

2022-03-24 12:48:38 - [MESSAGE][FAILED] - Unable to verify element property value (Root cause: java.lang.NullPointerException: Cannot get property 'TJH' on null object
	at Script1.run(Script1.groovy:1)
	at com.kms.katalon.core.webservice.helper.WebServiceCommonHelper.parseAndGetPropertyValueForJson(WebServiceCommonHelper.java:213)
	at com.kms.katalon.core.webservice.keyword.builtin.VerifyElementPropertyValueKeyword$_verifyElementPropertyValue_closure1.doCall(VerifyElementPropertyValueKeyword.groovy:52)
	at com.kms.katalon.core.webservice.keyword.builtin.VerifyElementPropertyValueKeyword$_verifyElementPropertyValue_closure1.call(VerifyElementPropertyValueKeyword.groovy)
	at com.kms.katalon.core.keyword.internal.KeywordMain.runKeyword(KeywordMain.groovy:74)
	at com.kms.katalon.core.webservice.keyword.builtin.VerifyElementPropertyValueKeyword.verifyElementPropertyValue(VerifyElementPropertyValueKeyword.groovy:48)
	at com.kms.katalon.core.webservice.keyword.builtin.VerifyElementPropertyValueKeyword.execute(VerifyElementPropertyValueKeyword.groovy:43)
	at com.kms.katalon.core.keyword.internal.KeywordExecutor.executeKeywordForPlatform(KeywordExecutor.groovy:74)
	at com.kms.katalon.core.webservice.keyword.WSBuiltInKeywords.verifyElementPropertyValue(WSBuiltInKeywords.groovy:175)
	at com.kms.katalon.core.webservice.keyword.WSBuiltInKeywords$verifyElementPropertyValue$0.call(Unknown Source)
	at 1. get token - data order.run(1. get token - data order:717)
	at com.kms.katalon.core.main.ScriptEngine.run(ScriptEngine.java:194)
	at com.kms.katalon.core.main.ScriptEngine.runScriptAsRawText(ScriptEngine.java:119)
	at com.kms.katalon.core.main.TestCaseExecutor.runScript(TestCaseExecutor.java:442)
	at com.kms.katalon.core.main.TestCaseExecutor.doExecute(TestCaseExecutor.java:433)
	at com.kms.katalon.core.main.TestCaseExecutor.processExecutionPhase(TestCaseExecutor.java:412)
	at com.kms.katalon.core.main.TestCaseExecutor.accessMainPhase(TestCaseExecutor.java:404)
	at com.kms.katalon.core.main.TestCaseExecutor.execute(TestCaseExecutor.java:281)
	at com.kms.katalon.core.main.TestSuiteExecutor.accessTestCaseMainPhase(TestSuiteExecutor.java:202)
	at com.kms.katalon.core.main.TestSuiteExecutor.accessTestSuiteMainPhase(TestSuiteExecutor.java:164)
	at com.kms.katalon.core.main.TestSuiteExecutor.execute(TestSuiteExecutor.java:105)
	at com.kms.katalon.core.main.TestCaseMain.startTestSuite(TestCaseMain.java:181)
	at com.kms.katalon.core.main.TestCaseMain$startTestSuite$0.call(Unknown Source)
	at TempTestSuite1648100878643.run(TempTestSuite1648100878643.groovy:36)
)

2022-03-24 12:48:38 - [TEST_STEP][FAILED] - verifyElementPropertyValue(order, "GetDataOrderResponse.ListDataOrder[0].InsuranceData[3].InsuredValue", o_ins_val_3, CONTINUE_ON_FAILURE): Unable to verify element property value (Root cause: java.lang.NullPointerException: Cannot get property 'InsuredValue' on null object
	at Script1.run(Script1.groovy:1)
	at com.kms.katalon.core.webservice.helper.WebServiceCommonHelper.parseAndGetPropertyValueForJson(WebServiceCommonHelper.java:213)
	at com.kms.katalon.core.webservice.keyword.builtin.VerifyElementPropertyValueKeyword$_verifyElementPropertyValue_closure1.doCall(VerifyElementPropertyValueKeyword.groovy:52)
	at com.kms.katalon.core.webservice.keyword.builtin.VerifyElementPropertyValueKeyword$_verifyElementPropertyValue_closure1.call(VerifyElementPropertyValueKeyword.groovy)
	at com.kms.katalon.core.keyword.internal.KeywordMain.runKeyword(KeywordMain.groovy:74)
	at com.kms.katalon.core.webservice.keyword.builtin.VerifyElementPropertyValueKeyword.verifyElementPropertyValue(VerifyElementPropertyValueKeyword.groovy:48)
	at com.kms.katalon.core.webservice.keyword.builtin.VerifyElementPropertyValueKeyword.execute(VerifyElementPropertyValueKeyword.groovy:43)
	at com.kms.katalon.core.keyword.internal.KeywordExecutor.executeKeywordForPlatform(KeywordExecutor.groovy:74)
	at com.kms.katalon.core.webservice.keyword.WSBuiltInKeywords.verifyElementPropertyValue(WSBuiltInKeywords.groovy:175)
	at com.kms.katalon.core.webservice.keyword.WSBuiltInKeywords$verifyElementPropertyValue$0.call(Unknown Source)
	at 1. get token - data order.run(1. get token - data order:719)
	at com.kms.katalon.core.main.ScriptEngine.run(ScriptEngine.java:194)
	at com.kms.katalon.core.main.ScriptEngine.runScriptAsRawText(ScriptEngine.java:119)
	at com.kms.katalon.core.main.TestCaseExecutor.runScript(TestCaseExecutor.java:442)
	at com.kms.katalon.core.main.TestCaseExecutor.doExecute(TestCaseExecutor.java:433)
	at com.kms.katalon.core.main.TestCaseExecutor.processExecutionPhase(TestCaseExecutor.java:412)
	at com.kms.katalon.core.main.TestCaseExecutor.accessMainPhase(TestCaseExecutor.java:404)
	at com.kms.katalon.core.main.TestCaseExecutor.execute(TestCaseExecutor.java:281)
	at com.kms.katalon.core.main.TestSuiteExecutor.accessTestCaseMainPhase(TestSuiteExecutor.java:202)
	at com.kms.katalon.core.main.TestSuiteExecutor.accessTestSuiteMainPhase(TestSuiteExecutor.java:164)
	at com.kms.katalon.core.main.TestSuiteExecutor.execute(TestSuiteExecutor.java:105)
	at com.kms.katalon.core.main.TestCaseMain.startTestSuite(TestCaseMain.java:181)
	at com.kms.katalon.core.main.TestCaseMain$startTestSuite$0.call(Unknown Source)
	at TempTestSuite1648100878643.run(TempTestSuite1648100878643.groovy:36)
)

2022-03-24 12:48:38 - [MESSAGE][FAILED] - Unable to verify element property value (Root cause: java.lang.NullPointerException: Cannot get property 'InsuredValue' on null object
	at Script1.run(Script1.groovy:1)
	at com.kms.katalon.core.webservice.helper.WebServiceCommonHelper.parseAndGetPropertyValueForJson(WebServiceCommonHelper.java:213)
	at com.kms.katalon.core.webservice.keyword.builtin.VerifyElementPropertyValueKeyword$_verifyElementPropertyValue_closure1.doCall(VerifyElementPropertyValueKeyword.groovy:52)
	at com.kms.katalon.core.webservice.keyword.builtin.VerifyElementPropertyValueKeyword$_verifyElementPropertyValue_closure1.call(VerifyElementPropertyValueKeyword.groovy)
	at com.kms.katalon.core.keyword.internal.KeywordMain.runKeyword(KeywordMain.groovy:74)
	at com.kms.katalon.core.webservice.keyword.builtin.VerifyElementPropertyValueKeyword.verifyElementPropertyValue(VerifyElementPropertyValueKeyword.groovy:48)
	at com.kms.katalon.core.webservice.keyword.builtin.VerifyElementPropertyValueKeyword.execute(VerifyElementPropertyValueKeyword.groovy:43)
	at com.kms.katalon.core.keyword.internal.KeywordExecutor.executeKeywordForPlatform(KeywordExecutor.groovy:74)
	at com.kms.katalon.core.webservice.keyword.WSBuiltInKeywords.verifyElementPropertyValue(WSBuiltInKeywords.groovy:175)
	at com.kms.katalon.core.webservice.keyword.WSBuiltInKeywords$verifyElementPropertyValue$0.call(Unknown Source)
	at 1. get token - data order.run(1. get token - data order:719)
	at com.kms.katalon.core.main.ScriptEngine.run(ScriptEngine.java:194)
	at com.kms.katalon.core.main.ScriptEngine.runScriptAsRawText(ScriptEngine.java:119)
	at com.kms.katalon.core.main.TestCaseExecutor.runScript(TestCaseExecutor.java:442)
	at com.kms.katalon.core.main.TestCaseExecutor.doExecute(TestCaseExecutor.java:433)
	at com.kms.katalon.core.main.TestCaseExecutor.processExecutionPhase(TestCaseExecutor.java:412)
	at com.kms.katalon.core.main.TestCaseExecutor.accessMainPhase(TestCaseExecutor.java:404)
	at com.kms.katalon.core.main.TestCaseExecutor.execute(TestCaseExecutor.java:281)
	at com.kms.katalon.core.main.TestSuiteExecutor.accessTestCaseMainPhase(TestSuiteExecutor.java:202)
	at com.kms.katalon.core.main.TestSuiteExecutor.accessTestSuiteMainPhase(TestSuiteExecutor.java:164)
	at com.kms.katalon.core.main.TestSuiteExecutor.execute(TestSuiteExecutor.java:105)
	at com.kms.katalon.core.main.TestCaseMain.startTestSuite(TestCaseMain.java:181)
	at com.kms.katalon.core.main.TestCaseMain$startTestSuite$0.call(Unknown Source)
	at TempTestSuite1648100878643.run(TempTestSuite1648100878643.groovy:36)
)

2022-03-24 12:48:38 - [TEST_STEP][FAILED] - verifyElementPropertyValue(order, "GetDataOrderResponse.ListDataOrder[0].InsuranceData[3].InsuredFrom", o_ins_form_3, CONTINUE_ON_FAILURE): Unable to verify element property value (Root cause: java.lang.NullPointerException: Cannot get property 'InsuredFrom' on null object
	at Script1.run(Script1.groovy:1)
	at com.kms.katalon.core.webservice.helper.WebServiceCommonHelper.parseAndGetPropertyValueForJson(WebServiceCommonHelper.java:213)
	at com.kms.katalon.core.webservice.keyword.builtin.VerifyElementPropertyValueKeyword$_verifyElementPropertyValue_closure1.doCall(VerifyElementPropertyValueKeyword.groovy:52)
	at com.kms.katalon.core.webservice.keyword.builtin.VerifyElementPropertyValueKeyword$_verifyElementPropertyValue_closure1.call(VerifyElementPropertyValueKeyword.groovy)
	at com.kms.katalon.core.keyword.internal.KeywordMain.runKeyword(KeywordMain.groovy:74)
	at com.kms.katalon.core.webservice.keyword.builtin.VerifyElementPropertyValueKeyword.verifyElementPropertyValue(VerifyElementPropertyValueKeyword.groovy:48)
	at com.kms.katalon.core.webservice.keyword.builtin.VerifyElementPropertyValueKeyword.execute(VerifyElementPropertyValueKeyword.groovy:43)
	at com.kms.katalon.core.keyword.internal.KeywordExecutor.executeKeywordForPlatform(KeywordExecutor.groovy:74)
	at com.kms.katalon.core.webservice.keyword.WSBuiltInKeywords.verifyElementPropertyValue(WSBuiltInKeywords.groovy:175)
	at com.kms.katalon.core.webservice.keyword.WSBuiltInKeywords$verifyElementPropertyValue$0.call(Unknown Source)
	at 1. get token - data order.run(1. get token - data order:722)
	at com.kms.katalon.core.main.ScriptEngine.run(ScriptEngine.java:194)
	at com.kms.katalon.core.main.ScriptEngine.runScriptAsRawText(ScriptEngine.java:119)
	at com.kms.katalon.core.main.TestCaseExecutor.runScript(TestCaseExecutor.java:442)
	at com.kms.katalon.core.main.TestCaseExecutor.doExecute(TestCaseExecutor.java:433)
	at com.kms.katalon.core.main.TestCaseExecutor.processExecutionPhase(TestCaseExecutor.java:412)
	at com.kms.katalon.core.main.TestCaseExecutor.accessMainPhase(TestCaseExecutor.java:404)
	at com.kms.katalon.core.main.TestCaseExecutor.execute(TestCaseExecutor.java:281)
	at com.kms.katalon.core.main.TestSuiteExecutor.accessTestCaseMainPhase(TestSuiteExecutor.java:202)
	at com.kms.katalon.core.main.TestSuiteExecutor.accessTestSuiteMainPhase(TestSuiteExecutor.java:164)
	at com.kms.katalon.core.main.TestSuiteExecutor.execute(TestSuiteExecutor.java:105)
	at com.kms.katalon.core.main.TestCaseMain.startTestSuite(TestCaseMain.java:181)
	at com.kms.katalon.core.main.TestCaseMain$startTestSuite$0.call(Unknown Source)
	at TempTestSuite1648100878643.run(TempTestSuite1648100878643.groovy:36)
)

2022-03-24 12:48:38 - [MESSAGE][FAILED] - Unable to verify element property value (Root cause: java.lang.NullPointerException: Cannot get property 'InsuredFrom' on null object
	at Script1.run(Script1.groovy:1)
	at com.kms.katalon.core.webservice.helper.WebServiceCommonHelper.parseAndGetPropertyValueForJson(WebServiceCommonHelper.java:213)
	at com.kms.katalon.core.webservice.keyword.builtin.VerifyElementPropertyValueKeyword$_verifyElementPropertyValue_closure1.doCall(VerifyElementPropertyValueKeyword.groovy:52)
	at com.kms.katalon.core.webservice.keyword.builtin.VerifyElementPropertyValueKeyword$_verifyElementPropertyValue_closure1.call(VerifyElementPropertyValueKeyword.groovy)
	at com.kms.katalon.core.keyword.internal.KeywordMain.runKeyword(KeywordMain.groovy:74)
	at com.kms.katalon.core.webservice.keyword.builtin.VerifyElementPropertyValueKeyword.verifyElementPropertyValue(VerifyElementPropertyValueKeyword.groovy:48)
	at com.kms.katalon.core.webservice.keyword.builtin.VerifyElementPropertyValueKeyword.execute(VerifyElementPropertyValueKeyword.groovy:43)
	at com.kms.katalon.core.keyword.internal.KeywordExecutor.executeKeywordForPlatform(KeywordExecutor.groovy:74)
	at com.kms.katalon.core.webservice.keyword.WSBuiltInKeywords.verifyElementPropertyValue(WSBuiltInKeywords.groovy:175)
	at com.kms.katalon.core.webservice.keyword.WSBuiltInKeywords$verifyElementPropertyValue$0.call(Unknown Source)
	at 1. get token - data order.run(1. get token - data order:722)
	at com.kms.katalon.core.main.ScriptEngine.run(ScriptEngine.java:194)
	at com.kms.katalon.core.main.ScriptEngine.runScriptAsRawText(ScriptEngine.java:119)
	at com.kms.katalon.core.main.TestCaseExecutor.runScript(TestCaseExecutor.java:442)
	at com.kms.katalon.core.main.TestCaseExecutor.doExecute(TestCaseExecutor.java:433)
	at com.kms.katalon.core.main.TestCaseExecutor.processExecutionPhase(TestCaseExecutor.java:412)
	at com.kms.katalon.core.main.TestCaseExecutor.accessMainPhase(TestCaseExecutor.java:404)
	at com.kms.katalon.core.main.TestCaseExecutor.execute(TestCaseExecutor.java:281)
	at com.kms.katalon.core.main.TestSuiteExecutor.accessTestCaseMainPhase(TestSuiteExecutor.java:202)
	at com.kms.katalon.core.main.TestSuiteExecutor.accessTestSuiteMainPhase(TestSuiteExecutor.java:164)
	at com.kms.katalon.core.main.TestSuiteExecutor.execute(TestSuiteExecutor.java:105)
	at com.kms.katalon.core.main.TestCaseMain.startTestSuite(TestCaseMain.java:181)
	at com.kms.katalon.core.main.TestCaseMain$startTestSuite$0.call(Unknown Source)
	at TempTestSuite1648100878643.run(TempTestSuite1648100878643.groovy:36)
)

2022-03-24 12:48:38 - [TEST_STEP][FAILED] - verifyElementPropertyValue(order, "GetDataOrderResponse.ListDataOrder[0].InsuranceData[3].InsuredTo", o_ins_to_3, CONTINUE_ON_FAILURE): Unable to verify element property value (Root cause: java.lang.NullPointerException: Cannot get property 'InsuredTo' on null object
	at Script1.run(Script1.groovy:1)
	at com.kms.katalon.core.webservice.helper.WebServiceCommonHelper.parseAndGetPropertyValueForJson(WebServiceCommonHelper.java:213)
	at com.kms.katalon.core.webservice.keyword.builtin.VerifyElementPropertyValueKeyword$_verifyElementPropertyValue_closure1.doCall(VerifyElementPropertyValueKeyword.groovy:52)
	at com.kms.katalon.core.webservice.keyword.builtin.VerifyElementPropertyValueKeyword$_verifyElementPropertyValue_closure1.call(VerifyElementPropertyValueKeyword.groovy)
	at com.kms.katalon.core.keyword.internal.KeywordMain.runKeyword(KeywordMain.groovy:74)
	at com.kms.katalon.core.webservice.keyword.builtin.VerifyElementPropertyValueKeyword.verifyElementPropertyValue(VerifyElementPropertyValueKeyword.groovy:48)
	at com.kms.katalon.core.webservice.keyword.builtin.VerifyElementPropertyValueKeyword.execute(VerifyElementPropertyValueKeyword.groovy:43)
	at com.kms.katalon.core.keyword.internal.KeywordExecutor.executeKeywordForPlatform(KeywordExecutor.groovy:74)
	at com.kms.katalon.core.webservice.keyword.WSBuiltInKeywords.verifyElementPropertyValue(WSBuiltInKeywords.groovy:175)
	at com.kms.katalon.core.webservice.keyword.WSBuiltInKeywords$verifyElementPropertyValue$0.call(Unknown Source)
	at 1. get token - data order.run(1. get token - data order:725)
	at com.kms.katalon.core.main.ScriptEngine.run(ScriptEngine.java:194)
	at com.kms.katalon.core.main.ScriptEngine.runScriptAsRawText(ScriptEngine.java:119)
	at com.kms.katalon.core.main.TestCaseExecutor.runScript(TestCaseExecutor.java:442)
	at com.kms.katalon.core.main.TestCaseExecutor.doExecute(TestCaseExecutor.java:433)
	at com.kms.katalon.core.main.TestCaseExecutor.processExecutionPhase(TestCaseExecutor.java:412)
	at com.kms.katalon.core.main.TestCaseExecutor.accessMainPhase(TestCaseExecutor.java:404)
	at com.kms.katalon.core.main.TestCaseExecutor.execute(TestCaseExecutor.java:281)
	at com.kms.katalon.core.main.TestSuiteExecutor.accessTestCaseMainPhase(TestSuiteExecutor.java:202)
	at com.kms.katalon.core.main.TestSuiteExecutor.accessTestSuiteMainPhase(TestSuiteExecutor.java:164)
	at com.kms.katalon.core.main.TestSuiteExecutor.execute(TestSuiteExecutor.java:105)
	at com.kms.katalon.core.main.TestCaseMain.startTestSuite(TestCaseMain.java:181)
	at com.kms.katalon.core.main.TestCaseMain$startTestSuite$0.call(Unknown Source)
	at TempTestSuite1648100878643.run(TempTestSuite1648100878643.groovy:36)
)

2022-03-24 12:48:38 - [MESSAGE][FAILED] - Unable to verify element property value (Root cause: java.lang.NullPointerException: Cannot get property 'InsuredTo' on null object
	at Script1.run(Script1.groovy:1)
	at com.kms.katalon.core.webservice.helper.WebServiceCommonHelper.parseAndGetPropertyValueForJson(WebServiceCommonHelper.java:213)
	at com.kms.katalon.core.webservice.keyword.builtin.VerifyElementPropertyValueKeyword$_verifyElementPropertyValue_closure1.doCall(VerifyElementPropertyValueKeyword.groovy:52)
	at com.kms.katalon.core.webservice.keyword.builtin.VerifyElementPropertyValueKeyword$_verifyElementPropertyValue_closure1.call(VerifyElementPropertyValueKeyword.groovy)
	at com.kms.katalon.core.keyword.internal.KeywordMain.runKeyword(KeywordMain.groovy:74)
	at com.kms.katalon.core.webservice.keyword.builtin.VerifyElementPropertyValueKeyword.verifyElementPropertyValue(VerifyElementPropertyValueKeyword.groovy:48)
	at com.kms.katalon.core.webservice.keyword.builtin.VerifyElementPropertyValueKeyword.execute(VerifyElementPropertyValueKeyword.groovy:43)
	at com.kms.katalon.core.keyword.internal.KeywordExecutor.executeKeywordForPlatform(KeywordExecutor.groovy:74)
	at com.kms.katalon.core.webservice.keyword.WSBuiltInKeywords.verifyElementPropertyValue(WSBuiltInKeywords.groovy:175)
	at com.kms.katalon.core.webservice.keyword.WSBuiltInKeywords$verifyElementPropertyValue$0.call(Unknown Source)
	at 1. get token - data order.run(1. get token - data order:725)
	at com.kms.katalon.core.main.ScriptEngine.run(ScriptEngine.java:194)
	at com.kms.katalon.core.main.ScriptEngine.runScriptAsRawText(ScriptEngine.java:119)
	at com.kms.katalon.core.main.TestCaseExecutor.runScript(TestCaseExecutor.java:442)
	at com.kms.katalon.core.main.TestCaseExecutor.doExecute(TestCaseExecutor.java:433)
	at com.kms.katalon.core.main.TestCaseExecutor.processExecutionPhase(TestCaseExecutor.java:412)
	at com.kms.katalon.core.main.TestCaseExecutor.accessMainPhase(TestCaseExecutor.java:404)
	at com.kms.katalon.core.main.TestCaseExecutor.execute(TestCaseExecutor.java:281)
	at com.kms.katalon.core.main.TestSuiteExecutor.accessTestCaseMainPhase(TestSuiteExecutor.java:202)
	at com.kms.katalon.core.main.TestSuiteExecutor.accessTestSuiteMainPhase(TestSuiteExecutor.java:164)
	at com.kms.katalon.core.main.TestSuiteExecutor.execute(TestSuiteExecutor.java:105)
	at com.kms.katalon.core.main.TestCaseMain.startTestSuite(TestCaseMain.java:181)
	at com.kms.katalon.core.main.TestCaseMain$startTestSuite$0.call(Unknown Source)
	at TempTestSuite1648100878643.run(TempTestSuite1648100878643.groovy:36)
)

2022-03-24 12:48:38 - [TEST_STEP][FAILED] - verifyElementPropertyValue(order, "GetDataOrderResponse.ListDataOrder[0].InsuranceData[3].Rate", o_rate_3, CONTINUE_ON_FAILURE): Unable to verify element property value (Root cause: java.lang.NullPointerException: Cannot get property 'Rate' on null object
	at Script1.run(Script1.groovy:1)
	at com.kms.katalon.core.webservice.helper.WebServiceCommonHelper.parseAndGetPropertyValueForJson(WebServiceCommonHelper.java:213)
	at com.kms.katalon.core.webservice.keyword.builtin.VerifyElementPropertyValueKeyword$_verifyElementPropertyValue_closure1.doCall(VerifyElementPropertyValueKeyword.groovy:52)
	at com.kms.katalon.core.webservice.keyword.builtin.VerifyElementPropertyValueKeyword$_verifyElementPropertyValue_closure1.call(VerifyElementPropertyValueKeyword.groovy)
	at com.kms.katalon.core.keyword.internal.KeywordMain.runKeyword(KeywordMain.groovy:74)
	at com.kms.katalon.core.webservice.keyword.builtin.VerifyElementPropertyValueKeyword.verifyElementPropertyValue(VerifyElementPropertyValueKeyword.groovy:48)
	at com.kms.katalon.core.webservice.keyword.builtin.VerifyElementPropertyValueKeyword.execute(VerifyElementPropertyValueKeyword.groovy:43)
	at com.kms.katalon.core.keyword.internal.KeywordExecutor.executeKeywordForPlatform(KeywordExecutor.groovy:74)
	at com.kms.katalon.core.webservice.keyword.WSBuiltInKeywords.verifyElementPropertyValue(WSBuiltInKeywords.groovy:175)
	at com.kms.katalon.core.webservice.keyword.WSBuiltInKeywords$verifyElementPropertyValue$0.call(Unknown Source)
	at 1. get token - data order.run(1. get token - data order:728)
	at com.kms.katalon.core.main.ScriptEngine.run(ScriptEngine.java:194)
	at com.kms.katalon.core.main.ScriptEngine.runScriptAsRawText(ScriptEngine.java:119)
	at com.kms.katalon.core.main.TestCaseExecutor.runScript(TestCaseExecutor.java:442)
	at com.kms.katalon.core.main.TestCaseExecutor.doExecute(TestCaseExecutor.java:433)
	at com.kms.katalon.core.main.TestCaseExecutor.processExecutionPhase(TestCaseExecutor.java:412)
	at com.kms.katalon.core.main.TestCaseExecutor.accessMainPhase(TestCaseExecutor.java:404)
	at com.kms.katalon.core.main.TestCaseExecutor.execute(TestCaseExecutor.java:281)
	at com.kms.katalon.core.main.TestSuiteExecutor.accessTestCaseMainPhase(TestSuiteExecutor.java:202)
	at com.kms.katalon.core.main.TestSuiteExecutor.accessTestSuiteMainPhase(TestSuiteExecutor.java:164)
	at com.kms.katalon.core.main.TestSuiteExecutor.execute(TestSuiteExecutor.java:105)
	at com.kms.katalon.core.main.TestCaseMain.startTestSuite(TestCaseMain.java:181)
	at com.kms.katalon.core.main.TestCaseMain$startTestSuite$0.call(Unknown Source)
	at TempTestSuite1648100878643.run(TempTestSuite1648100878643.groovy:36)
)

2022-03-24 12:48:38 - [MESSAGE][FAILED] - Unable to verify element property value (Root cause: java.lang.NullPointerException: Cannot get property 'Rate' on null object
	at Script1.run(Script1.groovy:1)
	at com.kms.katalon.core.webservice.helper.WebServiceCommonHelper.parseAndGetPropertyValueForJson(WebServiceCommonHelper.java:213)
	at com.kms.katalon.core.webservice.keyword.builtin.VerifyElementPropertyValueKeyword$_verifyElementPropertyValue_closure1.doCall(VerifyElementPropertyValueKeyword.groovy:52)
	at com.kms.katalon.core.webservice.keyword.builtin.VerifyElementPropertyValueKeyword$_verifyElementPropertyValue_closure1.call(VerifyElementPropertyValueKeyword.groovy)
	at com.kms.katalon.core.keyword.internal.KeywordMain.runKeyword(KeywordMain.groovy:74)
	at com.kms.katalon.core.webservice.keyword.builtin.VerifyElementPropertyValueKeyword.verifyElementPropertyValue(VerifyElementPropertyValueKeyword.groovy:48)
	at com.kms.katalon.core.webservice.keyword.builtin.VerifyElementPropertyValueKeyword.execute(VerifyElementPropertyValueKeyword.groovy:43)
	at com.kms.katalon.core.keyword.internal.KeywordExecutor.executeKeywordForPlatform(KeywordExecutor.groovy:74)
	at com.kms.katalon.core.webservice.keyword.WSBuiltInKeywords.verifyElementPropertyValue(WSBuiltInKeywords.groovy:175)
	at com.kms.katalon.core.webservice.keyword.WSBuiltInKeywords$verifyElementPropertyValue$0.call(Unknown Source)
	at 1. get token - data order.run(1. get token - data order:728)
	at com.kms.katalon.core.main.ScriptEngine.run(ScriptEngine.java:194)
	at com.kms.katalon.core.main.ScriptEngine.runScriptAsRawText(ScriptEngine.java:119)
	at com.kms.katalon.core.main.TestCaseExecutor.runScript(TestCaseExecutor.java:442)
	at com.kms.katalon.core.main.TestCaseExecutor.doExecute(TestCaseExecutor.java:433)
	at com.kms.katalon.core.main.TestCaseExecutor.processExecutionPhase(TestCaseExecutor.java:412)
	at com.kms.katalon.core.main.TestCaseExecutor.accessMainPhase(TestCaseExecutor.java:404)
	at com.kms.katalon.core.main.TestCaseExecutor.execute(TestCaseExecutor.java:281)
	at com.kms.katalon.core.main.TestSuiteExecutor.accessTestCaseMainPhase(TestSuiteExecutor.java:202)
	at com.kms.katalon.core.main.TestSuiteExecutor.accessTestSuiteMainPhase(TestSuiteExecutor.java:164)
	at com.kms.katalon.core.main.TestSuiteExecutor.execute(TestSuiteExecutor.java:105)
	at com.kms.katalon.core.main.TestCaseMain.startTestSuite(TestCaseMain.java:181)
	at com.kms.katalon.core.main.TestCaseMain$startTestSuite$0.call(Unknown Source)
	at TempTestSuite1648100878643.run(TempTestSuite1648100878643.groovy:36)
)

2022-03-24 12:48:38 - [TEST_STEP][FAILED] - verifyElementPropertyValue(order, "GetDataOrderResponse.ListDataOrder[0].InsuranceData[3].GrossPremi", o_gross_premi_3, CONTINUE_ON_FAILURE): Unable to verify element property value (Root cause: java.lang.NullPointerException: Cannot get property 'GrossPremi' on null object
	at Script1.run(Script1.groovy:1)
	at com.kms.katalon.core.webservice.helper.WebServiceCommonHelper.parseAndGetPropertyValueForJson(WebServiceCommonHelper.java:213)
	at com.kms.katalon.core.webservice.keyword.builtin.VerifyElementPropertyValueKeyword$_verifyElementPropertyValue_closure1.doCall(VerifyElementPropertyValueKeyword.groovy:52)
	at com.kms.katalon.core.webservice.keyword.builtin.VerifyElementPropertyValueKeyword$_verifyElementPropertyValue_closure1.call(VerifyElementPropertyValueKeyword.groovy)
	at com.kms.katalon.core.keyword.internal.KeywordMain.runKeyword(KeywordMain.groovy:74)
	at com.kms.katalon.core.webservice.keyword.builtin.VerifyElementPropertyValueKeyword.verifyElementPropertyValue(VerifyElementPropertyValueKeyword.groovy:48)
	at com.kms.katalon.core.webservice.keyword.builtin.VerifyElementPropertyValueKeyword.execute(VerifyElementPropertyValueKeyword.groovy:43)
	at com.kms.katalon.core.keyword.internal.KeywordExecutor.executeKeywordForPlatform(KeywordExecutor.groovy:74)
	at com.kms.katalon.core.webservice.keyword.WSBuiltInKeywords.verifyElementPropertyValue(WSBuiltInKeywords.groovy:175)
	at com.kms.katalon.core.webservice.keyword.WSBuiltInKeywords$verifyElementPropertyValue$0.call(Unknown Source)
	at 1. get token - data order.run(1. get token - data order:730)
	at com.kms.katalon.core.main.ScriptEngine.run(ScriptEngine.java:194)
	at com.kms.katalon.core.main.ScriptEngine.runScriptAsRawText(ScriptEngine.java:119)
	at com.kms.katalon.core.main.TestCaseExecutor.runScript(TestCaseExecutor.java:442)
	at com.kms.katalon.core.main.TestCaseExecutor.doExecute(TestCaseExecutor.java:433)
	at com.kms.katalon.core.main.TestCaseExecutor.processExecutionPhase(TestCaseExecutor.java:412)
	at com.kms.katalon.core.main.TestCaseExecutor.accessMainPhase(TestCaseExecutor.java:404)
	at com.kms.katalon.core.main.TestCaseExecutor.execute(TestCaseExecutor.java:281)
	at com.kms.katalon.core.main.TestSuiteExecutor.accessTestCaseMainPhase(TestSuiteExecutor.java:202)
	at com.kms.katalon.core.main.TestSuiteExecutor.accessTestSuiteMainPhase(TestSuiteExecutor.java:164)
	at com.kms.katalon.core.main.TestSuiteExecutor.execute(TestSuiteExecutor.java:105)
	at com.kms.katalon.core.main.TestCaseMain.startTestSuite(TestCaseMain.java:181)
	at com.kms.katalon.core.main.TestCaseMain$startTestSuite$0.call(Unknown Source)
	at TempTestSuite1648100878643.run(TempTestSuite1648100878643.groovy:36)
)

2022-03-24 12:48:38 - [MESSAGE][FAILED] - Unable to verify element property value (Root cause: java.lang.NullPointerException: Cannot get property 'GrossPremi' on null object
	at Script1.run(Script1.groovy:1)
	at com.kms.katalon.core.webservice.helper.WebServiceCommonHelper.parseAndGetPropertyValueForJson(WebServiceCommonHelper.java:213)
	at com.kms.katalon.core.webservice.keyword.builtin.VerifyElementPropertyValueKeyword$_verifyElementPropertyValue_closure1.doCall(VerifyElementPropertyValueKeyword.groovy:52)
	at com.kms.katalon.core.webservice.keyword.builtin.VerifyElementPropertyValueKeyword$_verifyElementPropertyValue_closure1.call(VerifyElementPropertyValueKeyword.groovy)
	at com.kms.katalon.core.keyword.internal.KeywordMain.runKeyword(KeywordMain.groovy:74)
	at com.kms.katalon.core.webservice.keyword.builtin.VerifyElementPropertyValueKeyword.verifyElementPropertyValue(VerifyElementPropertyValueKeyword.groovy:48)
	at com.kms.katalon.core.webservice.keyword.builtin.VerifyElementPropertyValueKeyword.execute(VerifyElementPropertyValueKeyword.groovy:43)
	at com.kms.katalon.core.keyword.internal.KeywordExecutor.executeKeywordForPlatform(KeywordExecutor.groovy:74)
	at com.kms.katalon.core.webservice.keyword.WSBuiltInKeywords.verifyElementPropertyValue(WSBuiltInKeywords.groovy:175)
	at com.kms.katalon.core.webservice.keyword.WSBuiltInKeywords$verifyElementPropertyValue$0.call(Unknown Source)
	at 1. get token - data order.run(1. get token - data order:730)
	at com.kms.katalon.core.main.ScriptEngine.run(ScriptEngine.java:194)
	at com.kms.katalon.core.main.ScriptEngine.runScriptAsRawText(ScriptEngine.java:119)
	at com.kms.katalon.core.main.TestCaseExecutor.runScript(TestCaseExecutor.java:442)
	at com.kms.katalon.core.main.TestCaseExecutor.doExecute(TestCaseExecutor.java:433)
	at com.kms.katalon.core.main.TestCaseExecutor.processExecutionPhase(TestCaseExecutor.java:412)
	at com.kms.katalon.core.main.TestCaseExecutor.accessMainPhase(TestCaseExecutor.java:404)
	at com.kms.katalon.core.main.TestCaseExecutor.execute(TestCaseExecutor.java:281)
	at com.kms.katalon.core.main.TestSuiteExecutor.accessTestCaseMainPhase(TestSuiteExecutor.java:202)
	at com.kms.katalon.core.main.TestSuiteExecutor.accessTestSuiteMainPhase(TestSuiteExecutor.java:164)
	at com.kms.katalon.core.main.TestSuiteExecutor.execute(TestSuiteExecutor.java:105)
	at com.kms.katalon.core.main.TestCaseMain.startTestSuite(TestCaseMain.java:181)
	at com.kms.katalon.core.main.TestCaseMain$startTestSuite$0.call(Unknown Source)
	at TempTestSuite1648100878643.run(TempTestSuite1648100878643.groovy:36)
)

2022-03-24 12:48:38 - [TEST_STEP][FAILED] - verifyElementPropertyValue(order, "GetDataOrderResponse.ListDataOrder[0].InsuranceData[3].Discount", o_discount_3, CONTINUE_ON_FAILURE): Unable to verify element property value (Root cause: java.lang.NullPointerException: Cannot get property 'Discount' on null object
	at Script1.run(Script1.groovy:1)
	at com.kms.katalon.core.webservice.helper.WebServiceCommonHelper.parseAndGetPropertyValueForJson(WebServiceCommonHelper.java:213)
	at com.kms.katalon.core.webservice.keyword.builtin.VerifyElementPropertyValueKeyword$_verifyElementPropertyValue_closure1.doCall(VerifyElementPropertyValueKeyword.groovy:52)
	at com.kms.katalon.core.webservice.keyword.builtin.VerifyElementPropertyValueKeyword$_verifyElementPropertyValue_closure1.call(VerifyElementPropertyValueKeyword.groovy)
	at com.kms.katalon.core.keyword.internal.KeywordMain.runKeyword(KeywordMain.groovy:74)
	at com.kms.katalon.core.webservice.keyword.builtin.VerifyElementPropertyValueKeyword.verifyElementPropertyValue(VerifyElementPropertyValueKeyword.groovy:48)
	at com.kms.katalon.core.webservice.keyword.builtin.VerifyElementPropertyValueKeyword.execute(VerifyElementPropertyValueKeyword.groovy:43)
	at com.kms.katalon.core.keyword.internal.KeywordExecutor.executeKeywordForPlatform(KeywordExecutor.groovy:74)
	at com.kms.katalon.core.webservice.keyword.WSBuiltInKeywords.verifyElementPropertyValue(WSBuiltInKeywords.groovy:175)
	at com.kms.katalon.core.webservice.keyword.WSBuiltInKeywords$verifyElementPropertyValue$0.call(Unknown Source)
	at 1. get token - data order.run(1. get token - data order:733)
	at com.kms.katalon.core.main.ScriptEngine.run(ScriptEngine.java:194)
	at com.kms.katalon.core.main.ScriptEngine.runScriptAsRawText(ScriptEngine.java:119)
	at com.kms.katalon.core.main.TestCaseExecutor.runScript(TestCaseExecutor.java:442)
	at com.kms.katalon.core.main.TestCaseExecutor.doExecute(TestCaseExecutor.java:433)
	at com.kms.katalon.core.main.TestCaseExecutor.processExecutionPhase(TestCaseExecutor.java:412)
	at com.kms.katalon.core.main.TestCaseExecutor.accessMainPhase(TestCaseExecutor.java:404)
	at com.kms.katalon.core.main.TestCaseExecutor.execute(TestCaseExecutor.java:281)
	at com.kms.katalon.core.main.TestSuiteExecutor.accessTestCaseMainPhase(TestSuiteExecutor.java:202)
	at com.kms.katalon.core.main.TestSuiteExecutor.accessTestSuiteMainPhase(TestSuiteExecutor.java:164)
	at com.kms.katalon.core.main.TestSuiteExecutor.execute(TestSuiteExecutor.java:105)
	at com.kms.katalon.core.main.TestCaseMain.startTestSuite(TestCaseMain.java:181)
	at com.kms.katalon.core.main.TestCaseMain$startTestSuite$0.call(Unknown Source)
	at TempTestSuite1648100878643.run(TempTestSuite1648100878643.groovy:36)
)

2022-03-24 12:48:38 - [MESSAGE][FAILED] - Unable to verify element property value (Root cause: java.lang.NullPointerException: Cannot get property 'Discount' on null object
	at Script1.run(Script1.groovy:1)
	at com.kms.katalon.core.webservice.helper.WebServiceCommonHelper.parseAndGetPropertyValueForJson(WebServiceCommonHelper.java:213)
	at com.kms.katalon.core.webservice.keyword.builtin.VerifyElementPropertyValueKeyword$_verifyElementPropertyValue_closure1.doCall(VerifyElementPropertyValueKeyword.groovy:52)
	at com.kms.katalon.core.webservice.keyword.builtin.VerifyElementPropertyValueKeyword$_verifyElementPropertyValue_closure1.call(VerifyElementPropertyValueKeyword.groovy)
	at com.kms.katalon.core.keyword.internal.KeywordMain.runKeyword(KeywordMain.groovy:74)
	at com.kms.katalon.core.webservice.keyword.builtin.VerifyElementPropertyValueKeyword.verifyElementPropertyValue(VerifyElementPropertyValueKeyword.groovy:48)
	at com.kms.katalon.core.webservice.keyword.builtin.VerifyElementPropertyValueKeyword.execute(VerifyElementPropertyValueKeyword.groovy:43)
	at com.kms.katalon.core.keyword.internal.KeywordExecutor.executeKeywordForPlatform(KeywordExecutor.groovy:74)
	at com.kms.katalon.core.webservice.keyword.WSBuiltInKeywords.verifyElementPropertyValue(WSBuiltInKeywords.groovy:175)
	at com.kms.katalon.core.webservice.keyword.WSBuiltInKeywords$verifyElementPropertyValue$0.call(Unknown Source)
	at 1. get token - data order.run(1. get token - data order:733)
	at com.kms.katalon.core.main.ScriptEngine.run(ScriptEngine.java:194)
	at com.kms.katalon.core.main.ScriptEngine.runScriptAsRawText(ScriptEngine.java:119)
	at com.kms.katalon.core.main.TestCaseExecutor.runScript(TestCaseExecutor.java:442)
	at com.kms.katalon.core.main.TestCaseExecutor.doExecute(TestCaseExecutor.java:433)
	at com.kms.katalon.core.main.TestCaseExecutor.processExecutionPhase(TestCaseExecutor.java:412)
	at com.kms.katalon.core.main.TestCaseExecutor.accessMainPhase(TestCaseExecutor.java:404)
	at com.kms.katalon.core.main.TestCaseExecutor.execute(TestCaseExecutor.java:281)
	at com.kms.katalon.core.main.TestSuiteExecutor.accessTestCaseMainPhase(TestSuiteExecutor.java:202)
	at com.kms.katalon.core.main.TestSuiteExecutor.accessTestSuiteMainPhase(TestSuiteExecutor.java:164)
	at com.kms.katalon.core.main.TestSuiteExecutor.execute(TestSuiteExecutor.java:105)
	at com.kms.katalon.core.main.TestCaseMain.startTestSuite(TestCaseMain.java:181)
	at com.kms.katalon.core.main.TestCaseMain$startTestSuite$0.call(Unknown Source)
	at TempTestSuite1648100878643.run(TempTestSuite1648100878643.groovy:36)
)

2022-03-24 12:48:38 - [TEST_STEP][FAILED] - verifyElementPropertyValue(order, "GetDataOrderResponse.ListDataOrder[0].InsuranceData[3].Adm", o_adm_3, CONTINUE_ON_FAILURE): Unable to verify element property value (Root cause: java.lang.NullPointerException: Cannot get property 'Adm' on null object
	at Script1.run(Script1.groovy:1)
	at com.kms.katalon.core.webservice.helper.WebServiceCommonHelper.parseAndGetPropertyValueForJson(WebServiceCommonHelper.java:213)
	at com.kms.katalon.core.webservice.keyword.builtin.VerifyElementPropertyValueKeyword$_verifyElementPropertyValue_closure1.doCall(VerifyElementPropertyValueKeyword.groovy:52)
	at com.kms.katalon.core.webservice.keyword.builtin.VerifyElementPropertyValueKeyword$_verifyElementPropertyValue_closure1.call(VerifyElementPropertyValueKeyword.groovy)
	at com.kms.katalon.core.keyword.internal.KeywordMain.runKeyword(KeywordMain.groovy:74)
	at com.kms.katalon.core.webservice.keyword.builtin.VerifyElementPropertyValueKeyword.verifyElementPropertyValue(VerifyElementPropertyValueKeyword.groovy:48)
	at com.kms.katalon.core.webservice.keyword.builtin.VerifyElementPropertyValueKeyword.execute(VerifyElementPropertyValueKeyword.groovy:43)
	at com.kms.katalon.core.keyword.internal.KeywordExecutor.executeKeywordForPlatform(KeywordExecutor.groovy:74)
	at com.kms.katalon.core.webservice.keyword.WSBuiltInKeywords.verifyElementPropertyValue(WSBuiltInKeywords.groovy:175)
	at com.kms.katalon.core.webservice.keyword.WSBuiltInKeywords$verifyElementPropertyValue$0.call(Unknown Source)
	at 1. get token - data order.run(1. get token - data order:736)
	at com.kms.katalon.core.main.ScriptEngine.run(ScriptEngine.java:194)
	at com.kms.katalon.core.main.ScriptEngine.runScriptAsRawText(ScriptEngine.java:119)
	at com.kms.katalon.core.main.TestCaseExecutor.runScript(TestCaseExecutor.java:442)
	at com.kms.katalon.core.main.TestCaseExecutor.doExecute(TestCaseExecutor.java:433)
	at com.kms.katalon.core.main.TestCaseExecutor.processExecutionPhase(TestCaseExecutor.java:412)
	at com.kms.katalon.core.main.TestCaseExecutor.accessMainPhase(TestCaseExecutor.java:404)
	at com.kms.katalon.core.main.TestCaseExecutor.execute(TestCaseExecutor.java:281)
	at com.kms.katalon.core.main.TestSuiteExecutor.accessTestCaseMainPhase(TestSuiteExecutor.java:202)
	at com.kms.katalon.core.main.TestSuiteExecutor.accessTestSuiteMainPhase(TestSuiteExecutor.java:164)
	at com.kms.katalon.core.main.TestSuiteExecutor.execute(TestSuiteExecutor.java:105)
	at com.kms.katalon.core.main.TestCaseMain.startTestSuite(TestCaseMain.java:181)
	at com.kms.katalon.core.main.TestCaseMain$startTestSuite$0.call(Unknown Source)
	at TempTestSuite1648100878643.run(TempTestSuite1648100878643.groovy:36)
)

2022-03-24 12:48:38 - [MESSAGE][FAILED] - Unable to verify element property value (Root cause: java.lang.NullPointerException: Cannot get property 'Adm' on null object
	at Script1.run(Script1.groovy:1)
	at com.kms.katalon.core.webservice.helper.WebServiceCommonHelper.parseAndGetPropertyValueForJson(WebServiceCommonHelper.java:213)
	at com.kms.katalon.core.webservice.keyword.builtin.VerifyElementPropertyValueKeyword$_verifyElementPropertyValue_closure1.doCall(VerifyElementPropertyValueKeyword.groovy:52)
	at com.kms.katalon.core.webservice.keyword.builtin.VerifyElementPropertyValueKeyword$_verifyElementPropertyValue_closure1.call(VerifyElementPropertyValueKeyword.groovy)
	at com.kms.katalon.core.keyword.internal.KeywordMain.runKeyword(KeywordMain.groovy:74)
	at com.kms.katalon.core.webservice.keyword.builtin.VerifyElementPropertyValueKeyword.verifyElementPropertyValue(VerifyElementPropertyValueKeyword.groovy:48)
	at com.kms.katalon.core.webservice.keyword.builtin.VerifyElementPropertyValueKeyword.execute(VerifyElementPropertyValueKeyword.groovy:43)
	at com.kms.katalon.core.keyword.internal.KeywordExecutor.executeKeywordForPlatform(KeywordExecutor.groovy:74)
	at com.kms.katalon.core.webservice.keyword.WSBuiltInKeywords.verifyElementPropertyValue(WSBuiltInKeywords.groovy:175)
	at com.kms.katalon.core.webservice.keyword.WSBuiltInKeywords$verifyElementPropertyValue$0.call(Unknown Source)
	at 1. get token - data order.run(1. get token - data order:736)
	at com.kms.katalon.core.main.ScriptEngine.run(ScriptEngine.java:194)
	at com.kms.katalon.core.main.ScriptEngine.runScriptAsRawText(ScriptEngine.java:119)
	at com.kms.katalon.core.main.TestCaseExecutor.runScript(TestCaseExecutor.java:442)
	at com.kms.katalon.core.main.TestCaseExecutor.doExecute(TestCaseExecutor.java:433)
	at com.kms.katalon.core.main.TestCaseExecutor.processExecutionPhase(TestCaseExecutor.java:412)
	at com.kms.katalon.core.main.TestCaseExecutor.accessMainPhase(TestCaseExecutor.java:404)
	at com.kms.katalon.core.main.TestCaseExecutor.execute(TestCaseExecutor.java:281)
	at com.kms.katalon.core.main.TestSuiteExecutor.accessTestCaseMainPhase(TestSuiteExecutor.java:202)
	at com.kms.katalon.core.main.TestSuiteExecutor.accessTestSuiteMainPhase(TestSuiteExecutor.java:164)
	at com.kms.katalon.core.main.TestSuiteExecutor.execute(TestSuiteExecutor.java:105)
	at com.kms.katalon.core.main.TestCaseMain.startTestSuite(TestCaseMain.java:181)
	at com.kms.katalon.core.main.TestCaseMain$startTestSuite$0.call(Unknown Source)
	at TempTestSuite1648100878643.run(TempTestSuite1648100878643.groovy:36)
)

2022-03-24 12:48:38 - [TEST_STEP][FAILED] - verifyElementPropertyValue(order, "GetDataOrderResponse.ListDataOrder[0].InsuranceData[3].NetPremi", o_netpremi_3, CONTINUE_ON_FAILURE): Unable to verify element property value (Root cause: java.lang.NullPointerException: Cannot get property 'NetPremi' on null object
	at Script1.run(Script1.groovy:1)
	at com.kms.katalon.core.webservice.helper.WebServiceCommonHelper.parseAndGetPropertyValueForJson(WebServiceCommonHelper.java:213)
	at com.kms.katalon.core.webservice.keyword.builtin.VerifyElementPropertyValueKeyword$_verifyElementPropertyValue_closure1.doCall(VerifyElementPropertyValueKeyword.groovy:52)
	at com.kms.katalon.core.webservice.keyword.builtin.VerifyElementPropertyValueKeyword$_verifyElementPropertyValue_closure1.call(VerifyElementPropertyValueKeyword.groovy)
	at com.kms.katalon.core.keyword.internal.KeywordMain.runKeyword(KeywordMain.groovy:74)
	at com.kms.katalon.core.webservice.keyword.builtin.VerifyElementPropertyValueKeyword.verifyElementPropertyValue(VerifyElementPropertyValueKeyword.groovy:48)
	at com.kms.katalon.core.webservice.keyword.builtin.VerifyElementPropertyValueKeyword.execute(VerifyElementPropertyValueKeyword.groovy:43)
	at com.kms.katalon.core.keyword.internal.KeywordExecutor.executeKeywordForPlatform(KeywordExecutor.groovy:74)
	at com.kms.katalon.core.webservice.keyword.WSBuiltInKeywords.verifyElementPropertyValue(WSBuiltInKeywords.groovy:175)
	at com.kms.katalon.core.webservice.keyword.WSBuiltInKeywords$verifyElementPropertyValue$0.call(Unknown Source)
	at 1. get token - data order.run(1. get token - data order:738)
	at com.kms.katalon.core.main.ScriptEngine.run(ScriptEngine.java:194)
	at com.kms.katalon.core.main.ScriptEngine.runScriptAsRawText(ScriptEngine.java:119)
	at com.kms.katalon.core.main.TestCaseExecutor.runScript(TestCaseExecutor.java:442)
	at com.kms.katalon.core.main.TestCaseExecutor.doExecute(TestCaseExecutor.java:433)
	at com.kms.katalon.core.main.TestCaseExecutor.processExecutionPhase(TestCaseExecutor.java:412)
	at com.kms.katalon.core.main.TestCaseExecutor.accessMainPhase(TestCaseExecutor.java:404)
	at com.kms.katalon.core.main.TestCaseExecutor.execute(TestCaseExecutor.java:281)
	at com.kms.katalon.core.main.TestSuiteExecutor.accessTestCaseMainPhase(TestSuiteExecutor.java:202)
	at com.kms.katalon.core.main.TestSuiteExecutor.accessTestSuiteMainPhase(TestSuiteExecutor.java:164)
	at com.kms.katalon.core.main.TestSuiteExecutor.execute(TestSuiteExecutor.java:105)
	at com.kms.katalon.core.main.TestCaseMain.startTestSuite(TestCaseMain.java:181)
	at com.kms.katalon.core.main.TestCaseMain$startTestSuite$0.call(Unknown Source)
	at TempTestSuite1648100878643.run(TempTestSuite1648100878643.groovy:36)
)

2022-03-24 12:48:38 - [MESSAGE][FAILED] - Unable to verify element property value (Root cause: java.lang.NullPointerException: Cannot get property 'NetPremi' on null object
	at Script1.run(Script1.groovy:1)
	at com.kms.katalon.core.webservice.helper.WebServiceCommonHelper.parseAndGetPropertyValueForJson(WebServiceCommonHelper.java:213)
	at com.kms.katalon.core.webservice.keyword.builtin.VerifyElementPropertyValueKeyword$_verifyElementPropertyValue_closure1.doCall(VerifyElementPropertyValueKeyword.groovy:52)
	at com.kms.katalon.core.webservice.keyword.builtin.VerifyElementPropertyValueKeyword$_verifyElementPropertyValue_closure1.call(VerifyElementPropertyValueKeyword.groovy)
	at com.kms.katalon.core.keyword.internal.KeywordMain.runKeyword(KeywordMain.groovy:74)
	at com.kms.katalon.core.webservice.keyword.builtin.VerifyElementPropertyValueKeyword.verifyElementPropertyValue(VerifyElementPropertyValueKeyword.groovy:48)
	at com.kms.katalon.core.webservice.keyword.builtin.VerifyElementPropertyValueKeyword.execute(VerifyElementPropertyValueKeyword.groovy:43)
	at com.kms.katalon.core.keyword.internal.KeywordExecutor.executeKeywordForPlatform(KeywordExecutor.groovy:74)
	at com.kms.katalon.core.webservice.keyword.WSBuiltInKeywords.verifyElementPropertyValue(WSBuiltInKeywords.groovy:175)
	at com.kms.katalon.core.webservice.keyword.WSBuiltInKeywords$verifyElementPropertyValue$0.call(Unknown Source)
	at 1. get token - data order.run(1. get token - data order:738)
	at com.kms.katalon.core.main.ScriptEngine.run(ScriptEngine.java:194)
	at com.kms.katalon.core.main.ScriptEngine.runScriptAsRawText(ScriptEngine.java:119)
	at com.kms.katalon.core.main.TestCaseExecutor.runScript(TestCaseExecutor.java:442)
	at com.kms.katalon.core.main.TestCaseExecutor.doExecute(TestCaseExecutor.java:433)
	at com.kms.katalon.core.main.TestCaseExecutor.processExecutionPhase(TestCaseExecutor.java:412)
	at com.kms.katalon.core.main.TestCaseExecutor.accessMainPhase(TestCaseExecutor.java:404)
	at com.kms.katalon.core.main.TestCaseExecutor.execute(TestCaseExecutor.java:281)
	at com.kms.katalon.core.main.TestSuiteExecutor.accessTestCaseMainPhase(TestSuiteExecutor.java:202)
	at com.kms.katalon.core.main.TestSuiteExecutor.accessTestSuiteMainPhase(TestSuiteExecutor.java:164)
	at com.kms.katalon.core.main.TestSuiteExecutor.execute(TestSuiteExecutor.java:105)
	at com.kms.katalon.core.main.TestCaseMain.startTestSuite(TestCaseMain.java:181)
	at com.kms.katalon.core.main.TestCaseMain$startTestSuite$0.call(Unknown Source)
	at TempTestSuite1648100878643.run(TempTestSuite1648100878643.groovy:36)
)

2022-03-24 12:48:38 - [TEST_STEP][FAILED] - verifyElementPropertyValue(order, "GetDataOrderResponse.ListDataOrder[0].InsuranceData[3].PerluasanJaminan.TJH", o_tjh_val_3, CONTINUE_ON_FAILURE): Unable to verify element property value (Root cause: java.lang.NullPointerException: Cannot get property 'PerluasanJaminan' on null object
	at Script1.run(Script1.groovy:1)
	at com.kms.katalon.core.webservice.helper.WebServiceCommonHelper.parseAndGetPropertyValueForJson(WebServiceCommonHelper.java:213)
	at com.kms.katalon.core.webservice.keyword.builtin.VerifyElementPropertyValueKeyword$_verifyElementPropertyValue_closure1.doCall(VerifyElementPropertyValueKeyword.groovy:52)
	at com.kms.katalon.core.webservice.keyword.builtin.VerifyElementPropertyValueKeyword$_verifyElementPropertyValue_closure1.call(VerifyElementPropertyValueKeyword.groovy)
	at com.kms.katalon.core.keyword.internal.KeywordMain.runKeyword(KeywordMain.groovy:74)
	at com.kms.katalon.core.webservice.keyword.builtin.VerifyElementPropertyValueKeyword.verifyElementPropertyValue(VerifyElementPropertyValueKeyword.groovy:48)
	at com.kms.katalon.core.webservice.keyword.builtin.VerifyElementPropertyValueKeyword.execute(VerifyElementPropertyValueKeyword.groovy:43)
	at com.kms.katalon.core.keyword.internal.KeywordExecutor.executeKeywordForPlatform(KeywordExecutor.groovy:74)
	at com.kms.katalon.core.webservice.keyword.WSBuiltInKeywords.verifyElementPropertyValue(WSBuiltInKeywords.groovy:175)
	at com.kms.katalon.core.webservice.keyword.WSBuiltInKeywords$verifyElementPropertyValue$0.call(Unknown Source)
	at 1. get token - data order.run(1. get token - data order:741)
	at com.kms.katalon.core.main.ScriptEngine.run(ScriptEngine.java:194)
	at com.kms.katalon.core.main.ScriptEngine.runScriptAsRawText(ScriptEngine.java:119)
	at com.kms.katalon.core.main.TestCaseExecutor.runScript(TestCaseExecutor.java:442)
	at com.kms.katalon.core.main.TestCaseExecutor.doExecute(TestCaseExecutor.java:433)
	at com.kms.katalon.core.main.TestCaseExecutor.processExecutionPhase(TestCaseExecutor.java:412)
	at com.kms.katalon.core.main.TestCaseExecutor.accessMainPhase(TestCaseExecutor.java:404)
	at com.kms.katalon.core.main.TestCaseExecutor.execute(TestCaseExecutor.java:281)
	at com.kms.katalon.core.main.TestSuiteExecutor.accessTestCaseMainPhase(TestSuiteExecutor.java:202)
	at com.kms.katalon.core.main.TestSuiteExecutor.accessTestSuiteMainPhase(TestSuiteExecutor.java:164)
	at com.kms.katalon.core.main.TestSuiteExecutor.execute(TestSuiteExecutor.java:105)
	at com.kms.katalon.core.main.TestCaseMain.startTestSuite(TestCaseMain.java:181)
	at com.kms.katalon.core.main.TestCaseMain$startTestSuite$0.call(Unknown Source)
	at TempTestSuite1648100878643.run(TempTestSuite1648100878643.groovy:36)
)

2022-03-24 12:48:38 - [MESSAGE][FAILED] - Unable to verify element property value (Root cause: java.lang.NullPointerException: Cannot get property 'PerluasanJaminan' on null object
	at Script1.run(Script1.groovy:1)
	at com.kms.katalon.core.webservice.helper.WebServiceCommonHelper.parseAndGetPropertyValueForJson(WebServiceCommonHelper.java:213)
	at com.kms.katalon.core.webservice.keyword.builtin.VerifyElementPropertyValueKeyword$_verifyElementPropertyValue_closure1.doCall(VerifyElementPropertyValueKeyword.groovy:52)
	at com.kms.katalon.core.webservice.keyword.builtin.VerifyElementPropertyValueKeyword$_verifyElementPropertyValue_closure1.call(VerifyElementPropertyValueKeyword.groovy)
	at com.kms.katalon.core.keyword.internal.KeywordMain.runKeyword(KeywordMain.groovy:74)
	at com.kms.katalon.core.webservice.keyword.builtin.VerifyElementPropertyValueKeyword.verifyElementPropertyValue(VerifyElementPropertyValueKeyword.groovy:48)
	at com.kms.katalon.core.webservice.keyword.builtin.VerifyElementPropertyValueKeyword.execute(VerifyElementPropertyValueKeyword.groovy:43)
	at com.kms.katalon.core.keyword.internal.KeywordExecutor.executeKeywordForPlatform(KeywordExecutor.groovy:74)
	at com.kms.katalon.core.webservice.keyword.WSBuiltInKeywords.verifyElementPropertyValue(WSBuiltInKeywords.groovy:175)
	at com.kms.katalon.core.webservice.keyword.WSBuiltInKeywords$verifyElementPropertyValue$0.call(Unknown Source)
	at 1. get token - data order.run(1. get token - data order:741)
	at com.kms.katalon.core.main.ScriptEngine.run(ScriptEngine.java:194)
	at com.kms.katalon.core.main.ScriptEngine.runScriptAsRawText(ScriptEngine.java:119)
	at com.kms.katalon.core.main.TestCaseExecutor.runScript(TestCaseExecutor.java:442)
	at com.kms.katalon.core.main.TestCaseExecutor.doExecute(TestCaseExecutor.java:433)
	at com.kms.katalon.core.main.TestCaseExecutor.processExecutionPhase(TestCaseExecutor.java:412)
	at com.kms.katalon.core.main.TestCaseExecutor.accessMainPhase(TestCaseExecutor.java:404)
	at com.kms.katalon.core.main.TestCaseExecutor.execute(TestCaseExecutor.java:281)
	at com.kms.katalon.core.main.TestSuiteExecutor.accessTestCaseMainPhase(TestSuiteExecutor.java:202)
	at com.kms.katalon.core.main.TestSuiteExecutor.accessTestSuiteMainPhase(TestSuiteExecutor.java:164)
	at com.kms.katalon.core.main.TestSuiteExecutor.execute(TestSuiteExecutor.java:105)
	at com.kms.katalon.core.main.TestCaseMain.startTestSuite(TestCaseMain.java:181)
	at com.kms.katalon.core.main.TestCaseMain$startTestSuite$0.call(Unknown Source)
	at TempTestSuite1648100878643.run(TempTestSuite1648100878643.groovy:36)
)

2022-03-24 12:48:38 - [TEST_STEP][FAILED] - verifyElementPropertyValue(order, "GetDataOrderResponse.ListDataOrder[0].InsuranceData[3].PerluasanJaminan.RSCC", o_rscc_val_3, CONTINUE_ON_FAILURE): Unable to verify element property value (Root cause: java.lang.NullPointerException: Cannot get property 'PerluasanJaminan' on null object
	at Script1.run(Script1.groovy:1)
	at com.kms.katalon.core.webservice.helper.WebServiceCommonHelper.parseAndGetPropertyValueForJson(WebServiceCommonHelper.java:213)
	at com.kms.katalon.core.webservice.keyword.builtin.VerifyElementPropertyValueKeyword$_verifyElementPropertyValue_closure1.doCall(VerifyElementPropertyValueKeyword.groovy:52)
	at com.kms.katalon.core.webservice.keyword.builtin.VerifyElementPropertyValueKeyword$_verifyElementPropertyValue_closure1.call(VerifyElementPropertyValueKeyword.groovy)
	at com.kms.katalon.core.keyword.internal.KeywordMain.runKeyword(KeywordMain.groovy:74)
	at com.kms.katalon.core.webservice.keyword.builtin.VerifyElementPropertyValueKeyword.verifyElementPropertyValue(VerifyElementPropertyValueKeyword.groovy:48)
	at com.kms.katalon.core.webservice.keyword.builtin.VerifyElementPropertyValueKeyword.execute(VerifyElementPropertyValueKeyword.groovy:43)
	at com.kms.katalon.core.keyword.internal.KeywordExecutor.executeKeywordForPlatform(KeywordExecutor.groovy:74)
	at com.kms.katalon.core.webservice.keyword.WSBuiltInKeywords.verifyElementPropertyValue(WSBuiltInKeywords.groovy:175)
	at com.kms.katalon.core.webservice.keyword.WSBuiltInKeywords$verifyElementPropertyValue$0.call(Unknown Source)
	at 1. get token - data order.run(1. get token - data order:744)
	at com.kms.katalon.core.main.ScriptEngine.run(ScriptEngine.java:194)
	at com.kms.katalon.core.main.ScriptEngine.runScriptAsRawText(ScriptEngine.java:119)
	at com.kms.katalon.core.main.TestCaseExecutor.runScript(TestCaseExecutor.java:442)
	at com.kms.katalon.core.main.TestCaseExecutor.doExecute(TestCaseExecutor.java:433)
	at com.kms.katalon.core.main.TestCaseExecutor.processExecutionPhase(TestCaseExecutor.java:412)
	at com.kms.katalon.core.main.TestCaseExecutor.accessMainPhase(TestCaseExecutor.java:404)
	at com.kms.katalon.core.main.TestCaseExecutor.execute(TestCaseExecutor.java:281)
	at com.kms.katalon.core.main.TestSuiteExecutor.accessTestCaseMainPhase(TestSuiteExecutor.java:202)
	at com.kms.katalon.core.main.TestSuiteExecutor.accessTestSuiteMainPhase(TestSuiteExecutor.java:164)
	at com.kms.katalon.core.main.TestSuiteExecutor.execute(TestSuiteExecutor.java:105)
	at com.kms.katalon.core.main.TestCaseMain.startTestSuite(TestCaseMain.java:181)
	at com.kms.katalon.core.main.TestCaseMain$startTestSuite$0.call(Unknown Source)
	at TempTestSuite1648100878643.run(TempTestSuite1648100878643.groovy:36)
)

2022-03-24 12:48:38 - [MESSAGE][FAILED] - Unable to verify element property value (Root cause: java.lang.NullPointerException: Cannot get property 'PerluasanJaminan' on null object
	at Script1.run(Script1.groovy:1)
	at com.kms.katalon.core.webservice.helper.WebServiceCommonHelper.parseAndGetPropertyValueForJson(WebServiceCommonHelper.java:213)
	at com.kms.katalon.core.webservice.keyword.builtin.VerifyElementPropertyValueKeyword$_verifyElementPropertyValue_closure1.doCall(VerifyElementPropertyValueKeyword.groovy:52)
	at com.kms.katalon.core.webservice.keyword.builtin.VerifyElementPropertyValueKeyword$_verifyElementPropertyValue_closure1.call(VerifyElementPropertyValueKeyword.groovy)
	at com.kms.katalon.core.keyword.internal.KeywordMain.runKeyword(KeywordMain.groovy:74)
	at com.kms.katalon.core.webservice.keyword.builtin.VerifyElementPropertyValueKeyword.verifyElementPropertyValue(VerifyElementPropertyValueKeyword.groovy:48)
	at com.kms.katalon.core.webservice.keyword.builtin.VerifyElementPropertyValueKeyword.execute(VerifyElementPropertyValueKeyword.groovy:43)
	at com.kms.katalon.core.keyword.internal.KeywordExecutor.executeKeywordForPlatform(KeywordExecutor.groovy:74)
	at com.kms.katalon.core.webservice.keyword.WSBuiltInKeywords.verifyElementPropertyValue(WSBuiltInKeywords.groovy:175)
	at com.kms.katalon.core.webservice.keyword.WSBuiltInKeywords$verifyElementPropertyValue$0.call(Unknown Source)
	at 1. get token - data order.run(1. get token - data order:744)
	at com.kms.katalon.core.main.ScriptEngine.run(ScriptEngine.java:194)
	at com.kms.katalon.core.main.ScriptEngine.runScriptAsRawText(ScriptEngine.java:119)
	at com.kms.katalon.core.main.TestCaseExecutor.runScript(TestCaseExecutor.java:442)
	at com.kms.katalon.core.main.TestCaseExecutor.doExecute(TestCaseExecutor.java:433)
	at com.kms.katalon.core.main.TestCaseExecutor.processExecutionPhase(TestCaseExecutor.java:412)
	at com.kms.katalon.core.main.TestCaseExecutor.accessMainPhase(TestCaseExecutor.java:404)
	at com.kms.katalon.core.main.TestCaseExecutor.execute(TestCaseExecutor.java:281)
	at com.kms.katalon.core.main.TestSuiteExecutor.accessTestCaseMainPhase(TestSuiteExecutor.java:202)
	at com.kms.katalon.core.main.TestSuiteExecutor.accessTestSuiteMainPhase(TestSuiteExecutor.java:164)
	at com.kms.katalon.core.main.TestSuiteExecutor.execute(TestSuiteExecutor.java:105)
	at com.kms.katalon.core.main.TestCaseMain.startTestSuite(TestCaseMain.java:181)
	at com.kms.katalon.core.main.TestCaseMain$startTestSuite$0.call(Unknown Source)
	at TempTestSuite1648100878643.run(TempTestSuite1648100878643.groovy:36)
)

2022-03-24 12:48:38 - [TEST_STEP][FAILED] - verifyElementPropertyValue(order, "GetDataOrderResponse.ListDataOrder[0].InsuranceData[3].PerluasanJaminan.Banjir", o_rsmb_val_3, CONTINUE_ON_FAILURE): Unable to verify element property value (Root cause: java.lang.NullPointerException: Cannot get property 'PerluasanJaminan' on null object
	at Script1.run(Script1.groovy:1)
	at com.kms.katalon.core.webservice.helper.WebServiceCommonHelper.parseAndGetPropertyValueForJson(WebServiceCommonHelper.java:213)
	at com.kms.katalon.core.webservice.keyword.builtin.VerifyElementPropertyValueKeyword$_verifyElementPropertyValue_closure1.doCall(VerifyElementPropertyValueKeyword.groovy:52)
	at com.kms.katalon.core.webservice.keyword.builtin.VerifyElementPropertyValueKeyword$_verifyElementPropertyValue_closure1.call(VerifyElementPropertyValueKeyword.groovy)
	at com.kms.katalon.core.keyword.internal.KeywordMain.runKeyword(KeywordMain.groovy:74)
	at com.kms.katalon.core.webservice.keyword.builtin.VerifyElementPropertyValueKeyword.verifyElementPropertyValue(VerifyElementPropertyValueKeyword.groovy:48)
	at com.kms.katalon.core.webservice.keyword.builtin.VerifyElementPropertyValueKeyword.execute(VerifyElementPropertyValueKeyword.groovy:43)
	at com.kms.katalon.core.keyword.internal.KeywordExecutor.executeKeywordForPlatform(KeywordExecutor.groovy:74)
	at com.kms.katalon.core.webservice.keyword.WSBuiltInKeywords.verifyElementPropertyValue(WSBuiltInKeywords.groovy:175)
	at com.kms.katalon.core.webservice.keyword.WSBuiltInKeywords$verifyElementPropertyValue$0.call(Unknown Source)
	at 1. get token - data order.run(1. get token - data order:747)
	at com.kms.katalon.core.main.ScriptEngine.run(ScriptEngine.java:194)
	at com.kms.katalon.core.main.ScriptEngine.runScriptAsRawText(ScriptEngine.java:119)
	at com.kms.katalon.core.main.TestCaseExecutor.runScript(TestCaseExecutor.java:442)
	at com.kms.katalon.core.main.TestCaseExecutor.doExecute(TestCaseExecutor.java:433)
	at com.kms.katalon.core.main.TestCaseExecutor.processExecutionPhase(TestCaseExecutor.java:412)
	at com.kms.katalon.core.main.TestCaseExecutor.accessMainPhase(TestCaseExecutor.java:404)
	at com.kms.katalon.core.main.TestCaseExecutor.execute(TestCaseExecutor.java:281)
	at com.kms.katalon.core.main.TestSuiteExecutor.accessTestCaseMainPhase(TestSuiteExecutor.java:202)
	at com.kms.katalon.core.main.TestSuiteExecutor.accessTestSuiteMainPhase(TestSuiteExecutor.java:164)
	at com.kms.katalon.core.main.TestSuiteExecutor.execute(TestSuiteExecutor.java:105)
	at com.kms.katalon.core.main.TestCaseMain.startTestSuite(TestCaseMain.java:181)
	at com.kms.katalon.core.main.TestCaseMain$startTestSuite$0.call(Unknown Source)
	at TempTestSuite1648100878643.run(TempTestSuite1648100878643.groovy:36)
)

2022-03-24 12:48:38 - [MESSAGE][FAILED] - Unable to verify element property value (Root cause: java.lang.NullPointerException: Cannot get property 'PerluasanJaminan' on null object
	at Script1.run(Script1.groovy:1)
	at com.kms.katalon.core.webservice.helper.WebServiceCommonHelper.parseAndGetPropertyValueForJson(WebServiceCommonHelper.java:213)
	at com.kms.katalon.core.webservice.keyword.builtin.VerifyElementPropertyValueKeyword$_verifyElementPropertyValue_closure1.doCall(VerifyElementPropertyValueKeyword.groovy:52)
	at com.kms.katalon.core.webservice.keyword.builtin.VerifyElementPropertyValueKeyword$_verifyElementPropertyValue_closure1.call(VerifyElementPropertyValueKeyword.groovy)
	at com.kms.katalon.core.keyword.internal.KeywordMain.runKeyword(KeywordMain.groovy:74)
	at com.kms.katalon.core.webservice.keyword.builtin.VerifyElementPropertyValueKeyword.verifyElementPropertyValue(VerifyElementPropertyValueKeyword.groovy:48)
	at com.kms.katalon.core.webservice.keyword.builtin.VerifyElementPropertyValueKeyword.execute(VerifyElementPropertyValueKeyword.groovy:43)
	at com.kms.katalon.core.keyword.internal.KeywordExecutor.executeKeywordForPlatform(KeywordExecutor.groovy:74)
	at com.kms.katalon.core.webservice.keyword.WSBuiltInKeywords.verifyElementPropertyValue(WSBuiltInKeywords.groovy:175)
	at com.kms.katalon.core.webservice.keyword.WSBuiltInKeywords$verifyElementPropertyValue$0.call(Unknown Source)
	at 1. get token - data order.run(1. get token - data order:747)
	at com.kms.katalon.core.main.ScriptEngine.run(ScriptEngine.java:194)
	at com.kms.katalon.core.main.ScriptEngine.runScriptAsRawText(ScriptEngine.java:119)
	at com.kms.katalon.core.main.TestCaseExecutor.runScript(TestCaseExecutor.java:442)
	at com.kms.katalon.core.main.TestCaseExecutor.doExecute(TestCaseExecutor.java:433)
	at com.kms.katalon.core.main.TestCaseExecutor.processExecutionPhase(TestCaseExecutor.java:412)
	at com.kms.katalon.core.main.TestCaseExecutor.accessMainPhase(TestCaseExecutor.java:404)
	at com.kms.katalon.core.main.TestCaseExecutor.execute(TestCaseExecutor.java:281)
	at com.kms.katalon.core.main.TestSuiteExecutor.accessTestCaseMainPhase(TestSuiteExecutor.java:202)
	at com.kms.katalon.core.main.TestSuiteExecutor.accessTestSuiteMainPhase(TestSuiteExecutor.java:164)
	at com.kms.katalon.core.main.TestSuiteExecutor.execute(TestSuiteExecutor.java:105)
	at com.kms.katalon.core.main.TestCaseMain.startTestSuite(TestCaseMain.java:181)
	at com.kms.katalon.core.main.TestCaseMain$startTestSuite$0.call(Unknown Source)
	at TempTestSuite1648100878643.run(TempTestSuite1648100878643.groovy:36)
)

2022-03-24 12:48:38 - [TEST_STEP][FAILED] - verifyElementPropertyValue(order, "GetDataOrderResponse.ListDataOrder[0].InsuranceData[3].PerluasanJaminan.Accessories", o_acc_val_3, CONTINUE_ON_FAILURE): Unable to verify element property value (Root cause: java.lang.NullPointerException: Cannot get property 'PerluasanJaminan' on null object
	at Script1.run(Script1.groovy:1)
	at com.kms.katalon.core.webservice.helper.WebServiceCommonHelper.parseAndGetPropertyValueForJson(WebServiceCommonHelper.java:213)
	at com.kms.katalon.core.webservice.keyword.builtin.VerifyElementPropertyValueKeyword$_verifyElementPropertyValue_closure1.doCall(VerifyElementPropertyValueKeyword.groovy:52)
	at com.kms.katalon.core.webservice.keyword.builtin.VerifyElementPropertyValueKeyword$_verifyElementPropertyValue_closure1.call(VerifyElementPropertyValueKeyword.groovy)
	at com.kms.katalon.core.keyword.internal.KeywordMain.runKeyword(KeywordMain.groovy:74)
	at com.kms.katalon.core.webservice.keyword.builtin.VerifyElementPropertyValueKeyword.verifyElementPropertyValue(VerifyElementPropertyValueKeyword.groovy:48)
	at com.kms.katalon.core.webservice.keyword.builtin.VerifyElementPropertyValueKeyword.execute(VerifyElementPropertyValueKeyword.groovy:43)
	at com.kms.katalon.core.keyword.internal.KeywordExecutor.executeKeywordForPlatform(KeywordExecutor.groovy:74)
	at com.kms.katalon.core.webservice.keyword.WSBuiltInKeywords.verifyElementPropertyValue(WSBuiltInKeywords.groovy:175)
	at com.kms.katalon.core.webservice.keyword.WSBuiltInKeywords$verifyElementPropertyValue$0.call(Unknown Source)
	at 1. get token - data order.run(1. get token - data order:750)
	at com.kms.katalon.core.main.ScriptEngine.run(ScriptEngine.java:194)
	at com.kms.katalon.core.main.ScriptEngine.runScriptAsRawText(ScriptEngine.java:119)
	at com.kms.katalon.core.main.TestCaseExecutor.runScript(TestCaseExecutor.java:442)
	at com.kms.katalon.core.main.TestCaseExecutor.doExecute(TestCaseExecutor.java:433)
	at com.kms.katalon.core.main.TestCaseExecutor.processExecutionPhase(TestCaseExecutor.java:412)
	at com.kms.katalon.core.main.TestCaseExecutor.accessMainPhase(TestCaseExecutor.java:404)
	at com.kms.katalon.core.main.TestCaseExecutor.execute(TestCaseExecutor.java:281)
	at com.kms.katalon.core.main.TestSuiteExecutor.accessTestCaseMainPhase(TestSuiteExecutor.java:202)
	at com.kms.katalon.core.main.TestSuiteExecutor.accessTestSuiteMainPhase(TestSuiteExecutor.java:164)
	at com.kms.katalon.core.main.TestSuiteExecutor.execute(TestSuiteExecutor.java:105)
	at com.kms.katalon.core.main.TestCaseMain.startTestSuite(TestCaseMain.java:181)
	at com.kms.katalon.core.main.TestCaseMain$startTestSuite$0.call(Unknown Source)
	at TempTestSuite1648100878643.run(TempTestSuite1648100878643.groovy:36)
)

2022-03-24 12:48:38 - [MESSAGE][FAILED] - Unable to verify element property value (Root cause: java.lang.NullPointerException: Cannot get property 'PerluasanJaminan' on null object
	at Script1.run(Script1.groovy:1)
	at com.kms.katalon.core.webservice.helper.WebServiceCommonHelper.parseAndGetPropertyValueForJson(WebServiceCommonHelper.java:213)
	at com.kms.katalon.core.webservice.keyword.builtin.VerifyElementPropertyValueKeyword$_verifyElementPropertyValue_closure1.doCall(VerifyElementPropertyValueKeyword.groovy:52)
	at com.kms.katalon.core.webservice.keyword.builtin.VerifyElementPropertyValueKeyword$_verifyElementPropertyValue_closure1.call(VerifyElementPropertyValueKeyword.groovy)
	at com.kms.katalon.core.keyword.internal.KeywordMain.runKeyword(KeywordMain.groovy:74)
	at com.kms.katalon.core.webservice.keyword.builtin.VerifyElementPropertyValueKeyword.verifyElementPropertyValue(VerifyElementPropertyValueKeyword.groovy:48)
	at com.kms.katalon.core.webservice.keyword.builtin.VerifyElementPropertyValueKeyword.execute(VerifyElementPropertyValueKeyword.groovy:43)
	at com.kms.katalon.core.keyword.internal.KeywordExecutor.executeKeywordForPlatform(KeywordExecutor.groovy:74)
	at com.kms.katalon.core.webservice.keyword.WSBuiltInKeywords.verifyElementPropertyValue(WSBuiltInKeywords.groovy:175)
	at com.kms.katalon.core.webservice.keyword.WSBuiltInKeywords$verifyElementPropertyValue$0.call(Unknown Source)
	at 1. get token - data order.run(1. get token - data order:750)
	at com.kms.katalon.core.main.ScriptEngine.run(ScriptEngine.java:194)
	at com.kms.katalon.core.main.ScriptEngine.runScriptAsRawText(ScriptEngine.java:119)
	at com.kms.katalon.core.main.TestCaseExecutor.runScript(TestCaseExecutor.java:442)
	at com.kms.katalon.core.main.TestCaseExecutor.doExecute(TestCaseExecutor.java:433)
	at com.kms.katalon.core.main.TestCaseExecutor.processExecutionPhase(TestCaseExecutor.java:412)
	at com.kms.katalon.core.main.TestCaseExecutor.accessMainPhase(TestCaseExecutor.java:404)
	at com.kms.katalon.core.main.TestCaseExecutor.execute(TestCaseExecutor.java:281)
	at com.kms.katalon.core.main.TestSuiteExecutor.accessTestCaseMainPhase(TestSuiteExecutor.java:202)
	at com.kms.katalon.core.main.TestSuiteExecutor.accessTestSuiteMainPhase(TestSuiteExecutor.java:164)
	at com.kms.katalon.core.main.TestSuiteExecutor.execute(TestSuiteExecutor.java:105)
	at com.kms.katalon.core.main.TestCaseMain.startTestSuite(TestCaseMain.java:181)
	at com.kms.katalon.core.main.TestCaseMain$startTestSuite$0.call(Unknown Source)
	at TempTestSuite1648100878643.run(TempTestSuite1648100878643.groovy:36)
)

2022-03-24 12:48:38 - [TEST_STEP][FAILED] - verifyElementPropertyValue(order, "GetDataOrderResponse.ListDataOrder[0].InsuranceData[4].KondisiPertanggungan", o_kond_pertanggungan_4, CONTINUE_ON_FAILURE): Unable to verify element property value (Root cause: java.lang.NullPointerException: Cannot get property 'KondisiPertanggungan' on null object
	at Script1.run(Script1.groovy:1)
	at com.kms.katalon.core.webservice.helper.WebServiceCommonHelper.parseAndGetPropertyValueForJson(WebServiceCommonHelper.java:213)
	at com.kms.katalon.core.webservice.keyword.builtin.VerifyElementPropertyValueKeyword$_verifyElementPropertyValue_closure1.doCall(VerifyElementPropertyValueKeyword.groovy:52)
	at com.kms.katalon.core.webservice.keyword.builtin.VerifyElementPropertyValueKeyword$_verifyElementPropertyValue_closure1.call(VerifyElementPropertyValueKeyword.groovy)
	at com.kms.katalon.core.keyword.internal.KeywordMain.runKeyword(KeywordMain.groovy:74)
	at com.kms.katalon.core.webservice.keyword.builtin.VerifyElementPropertyValueKeyword.verifyElementPropertyValue(VerifyElementPropertyValueKeyword.groovy:48)
	at com.kms.katalon.core.webservice.keyword.builtin.VerifyElementPropertyValueKeyword.execute(VerifyElementPropertyValueKeyword.groovy:43)
	at com.kms.katalon.core.keyword.internal.KeywordExecutor.executeKeywordForPlatform(KeywordExecutor.groovy:74)
	at com.kms.katalon.core.webservice.keyword.WSBuiltInKeywords.verifyElementPropertyValue(WSBuiltInKeywords.groovy:175)
	at com.kms.katalon.core.webservice.keyword.WSBuiltInKeywords$verifyElementPropertyValue$0.call(Unknown Source)
	at 1. get token - data order.run(1. get token - data order:754)
	at com.kms.katalon.core.main.ScriptEngine.run(ScriptEngine.java:194)
	at com.kms.katalon.core.main.ScriptEngine.runScriptAsRawText(ScriptEngine.java:119)
	at com.kms.katalon.core.main.TestCaseExecutor.runScript(TestCaseExecutor.java:442)
	at com.kms.katalon.core.main.TestCaseExecutor.doExecute(TestCaseExecutor.java:433)
	at com.kms.katalon.core.main.TestCaseExecutor.processExecutionPhase(TestCaseExecutor.java:412)
	at com.kms.katalon.core.main.TestCaseExecutor.accessMainPhase(TestCaseExecutor.java:404)
	at com.kms.katalon.core.main.TestCaseExecutor.execute(TestCaseExecutor.java:281)
	at com.kms.katalon.core.main.TestSuiteExecutor.accessTestCaseMainPhase(TestSuiteExecutor.java:202)
	at com.kms.katalon.core.main.TestSuiteExecutor.accessTestSuiteMainPhase(TestSuiteExecutor.java:164)
	at com.kms.katalon.core.main.TestSuiteExecutor.execute(TestSuiteExecutor.java:105)
	at com.kms.katalon.core.main.TestCaseMain.startTestSuite(TestCaseMain.java:181)
	at com.kms.katalon.core.main.TestCaseMain$startTestSuite$0.call(Unknown Source)
	at TempTestSuite1648100878643.run(TempTestSuite1648100878643.groovy:36)
)

2022-03-24 12:48:38 - [MESSAGE][FAILED] - Unable to verify element property value (Root cause: java.lang.NullPointerException: Cannot get property 'KondisiPertanggungan' on null object
	at Script1.run(Script1.groovy:1)
	at com.kms.katalon.core.webservice.helper.WebServiceCommonHelper.parseAndGetPropertyValueForJson(WebServiceCommonHelper.java:213)
	at com.kms.katalon.core.webservice.keyword.builtin.VerifyElementPropertyValueKeyword$_verifyElementPropertyValue_closure1.doCall(VerifyElementPropertyValueKeyword.groovy:52)
	at com.kms.katalon.core.webservice.keyword.builtin.VerifyElementPropertyValueKeyword$_verifyElementPropertyValue_closure1.call(VerifyElementPropertyValueKeyword.groovy)
	at com.kms.katalon.core.keyword.internal.KeywordMain.runKeyword(KeywordMain.groovy:74)
	at com.kms.katalon.core.webservice.keyword.builtin.VerifyElementPropertyValueKeyword.verifyElementPropertyValue(VerifyElementPropertyValueKeyword.groovy:48)
	at com.kms.katalon.core.webservice.keyword.builtin.VerifyElementPropertyValueKeyword.execute(VerifyElementPropertyValueKeyword.groovy:43)
	at com.kms.katalon.core.keyword.internal.KeywordExecutor.executeKeywordForPlatform(KeywordExecutor.groovy:74)
	at com.kms.katalon.core.webservice.keyword.WSBuiltInKeywords.verifyElementPropertyValue(WSBuiltInKeywords.groovy:175)
	at com.kms.katalon.core.webservice.keyword.WSBuiltInKeywords$verifyElementPropertyValue$0.call(Unknown Source)
	at 1. get token - data order.run(1. get token - data order:754)
	at com.kms.katalon.core.main.ScriptEngine.run(ScriptEngine.java:194)
	at com.kms.katalon.core.main.ScriptEngine.runScriptAsRawText(ScriptEngine.java:119)
	at com.kms.katalon.core.main.TestCaseExecutor.runScript(TestCaseExecutor.java:442)
	at com.kms.katalon.core.main.TestCaseExecutor.doExecute(TestCaseExecutor.java:433)
	at com.kms.katalon.core.main.TestCaseExecutor.processExecutionPhase(TestCaseExecutor.java:412)
	at com.kms.katalon.core.main.TestCaseExecutor.accessMainPhase(TestCaseExecutor.java:404)
	at com.kms.katalon.core.main.TestCaseExecutor.execute(TestCaseExecutor.java:281)
	at com.kms.katalon.core.main.TestSuiteExecutor.accessTestCaseMainPhase(TestSuiteExecutor.java:202)
	at com.kms.katalon.core.main.TestSuiteExecutor.accessTestSuiteMainPhase(TestSuiteExecutor.java:164)
	at com.kms.katalon.core.main.TestSuiteExecutor.execute(TestSuiteExecutor.java:105)
	at com.kms.katalon.core.main.TestCaseMain.startTestSuite(TestCaseMain.java:181)
	at com.kms.katalon.core.main.TestCaseMain$startTestSuite$0.call(Unknown Source)
	at TempTestSuite1648100878643.run(TempTestSuite1648100878643.groovy:36)
)

2022-03-24 12:48:38 - [TEST_STEP][FAILED] - verifyElementPropertyValue(order, "GetDataOrderResponse.ListDataOrder[0].InsuranceData[4].TJH", o_tjh_header_4, CONTINUE_ON_FAILURE): Unable to verify element property value (Root cause: java.lang.NullPointerException: Cannot get property 'TJH' on null object
	at Script1.run(Script1.groovy:1)
	at com.kms.katalon.core.webservice.helper.WebServiceCommonHelper.parseAndGetPropertyValueForJson(WebServiceCommonHelper.java:213)
	at com.kms.katalon.core.webservice.keyword.builtin.VerifyElementPropertyValueKeyword$_verifyElementPropertyValue_closure1.doCall(VerifyElementPropertyValueKeyword.groovy:52)
	at com.kms.katalon.core.webservice.keyword.builtin.VerifyElementPropertyValueKeyword$_verifyElementPropertyValue_closure1.call(VerifyElementPropertyValueKeyword.groovy)
	at com.kms.katalon.core.keyword.internal.KeywordMain.runKeyword(KeywordMain.groovy:74)
	at com.kms.katalon.core.webservice.keyword.builtin.VerifyElementPropertyValueKeyword.verifyElementPropertyValue(VerifyElementPropertyValueKeyword.groovy:48)
	at com.kms.katalon.core.webservice.keyword.builtin.VerifyElementPropertyValueKeyword.execute(VerifyElementPropertyValueKeyword.groovy:43)
	at com.kms.katalon.core.keyword.internal.KeywordExecutor.executeKeywordForPlatform(KeywordExecutor.groovy:74)
	at com.kms.katalon.core.webservice.keyword.WSBuiltInKeywords.verifyElementPropertyValue(WSBuiltInKeywords.groovy:175)
	at com.kms.katalon.core.webservice.keyword.WSBuiltInKeywords$verifyElementPropertyValue$0.call(Unknown Source)
	at 1. get token - data order.run(1. get token - data order:757)
	at com.kms.katalon.core.main.ScriptEngine.run(ScriptEngine.java:194)
	at com.kms.katalon.core.main.ScriptEngine.runScriptAsRawText(ScriptEngine.java:119)
	at com.kms.katalon.core.main.TestCaseExecutor.runScript(TestCaseExecutor.java:442)
	at com.kms.katalon.core.main.TestCaseExecutor.doExecute(TestCaseExecutor.java:433)
	at com.kms.katalon.core.main.TestCaseExecutor.processExecutionPhase(TestCaseExecutor.java:412)
	at com.kms.katalon.core.main.TestCaseExecutor.accessMainPhase(TestCaseExecutor.java:404)
	at com.kms.katalon.core.main.TestCaseExecutor.execute(TestCaseExecutor.java:281)
	at com.kms.katalon.core.main.TestSuiteExecutor.accessTestCaseMainPhase(TestSuiteExecutor.java:202)
	at com.kms.katalon.core.main.TestSuiteExecutor.accessTestSuiteMainPhase(TestSuiteExecutor.java:164)
	at com.kms.katalon.core.main.TestSuiteExecutor.execute(TestSuiteExecutor.java:105)
	at com.kms.katalon.core.main.TestCaseMain.startTestSuite(TestCaseMain.java:181)
	at com.kms.katalon.core.main.TestCaseMain$startTestSuite$0.call(Unknown Source)
	at TempTestSuite1648100878643.run(TempTestSuite1648100878643.groovy:36)
)

2022-03-24 12:48:38 - [MESSAGE][FAILED] - Unable to verify element property value (Root cause: java.lang.NullPointerException: Cannot get property 'TJH' on null object
	at Script1.run(Script1.groovy:1)
	at com.kms.katalon.core.webservice.helper.WebServiceCommonHelper.parseAndGetPropertyValueForJson(WebServiceCommonHelper.java:213)
	at com.kms.katalon.core.webservice.keyword.builtin.VerifyElementPropertyValueKeyword$_verifyElementPropertyValue_closure1.doCall(VerifyElementPropertyValueKeyword.groovy:52)
	at com.kms.katalon.core.webservice.keyword.builtin.VerifyElementPropertyValueKeyword$_verifyElementPropertyValue_closure1.call(VerifyElementPropertyValueKeyword.groovy)
	at com.kms.katalon.core.keyword.internal.KeywordMain.runKeyword(KeywordMain.groovy:74)
	at com.kms.katalon.core.webservice.keyword.builtin.VerifyElementPropertyValueKeyword.verifyElementPropertyValue(VerifyElementPropertyValueKeyword.groovy:48)
	at com.kms.katalon.core.webservice.keyword.builtin.VerifyElementPropertyValueKeyword.execute(VerifyElementPropertyValueKeyword.groovy:43)
	at com.kms.katalon.core.keyword.internal.KeywordExecutor.executeKeywordForPlatform(KeywordExecutor.groovy:74)
	at com.kms.katalon.core.webservice.keyword.WSBuiltInKeywords.verifyElementPropertyValue(WSBuiltInKeywords.groovy:175)
	at com.kms.katalon.core.webservice.keyword.WSBuiltInKeywords$verifyElementPropertyValue$0.call(Unknown Source)
	at 1. get token - data order.run(1. get token - data order:757)
	at com.kms.katalon.core.main.ScriptEngine.run(ScriptEngine.java:194)
	at com.kms.katalon.core.main.ScriptEngine.runScriptAsRawText(ScriptEngine.java:119)
	at com.kms.katalon.core.main.TestCaseExecutor.runScript(TestCaseExecutor.java:442)
	at com.kms.katalon.core.main.TestCaseExecutor.doExecute(TestCaseExecutor.java:433)
	at com.kms.katalon.core.main.TestCaseExecutor.processExecutionPhase(TestCaseExecutor.java:412)
	at com.kms.katalon.core.main.TestCaseExecutor.accessMainPhase(TestCaseExecutor.java:404)
	at com.kms.katalon.core.main.TestCaseExecutor.execute(TestCaseExecutor.java:281)
	at com.kms.katalon.core.main.TestSuiteExecutor.accessTestCaseMainPhase(TestSuiteExecutor.java:202)
	at com.kms.katalon.core.main.TestSuiteExecutor.accessTestSuiteMainPhase(TestSuiteExecutor.java:164)
	at com.kms.katalon.core.main.TestSuiteExecutor.execute(TestSuiteExecutor.java:105)
	at com.kms.katalon.core.main.TestCaseMain.startTestSuite(TestCaseMain.java:181)
	at com.kms.katalon.core.main.TestCaseMain$startTestSuite$0.call(Unknown Source)
	at TempTestSuite1648100878643.run(TempTestSuite1648100878643.groovy:36)
)

2022-03-24 12:48:38 - [TEST_STEP][FAILED] - verifyElementPropertyValue(order, "GetDataOrderResponse.ListDataOrder[0].InsuranceData[4].InsuredValue", o_ins_val_4, CONTINUE_ON_FAILURE): Unable to verify element property value (Root cause: java.lang.NullPointerException: Cannot get property 'InsuredValue' on null object
	at Script1.run(Script1.groovy:1)
	at com.kms.katalon.core.webservice.helper.WebServiceCommonHelper.parseAndGetPropertyValueForJson(WebServiceCommonHelper.java:213)
	at com.kms.katalon.core.webservice.keyword.builtin.VerifyElementPropertyValueKeyword$_verifyElementPropertyValue_closure1.doCall(VerifyElementPropertyValueKeyword.groovy:52)
	at com.kms.katalon.core.webservice.keyword.builtin.VerifyElementPropertyValueKeyword$_verifyElementPropertyValue_closure1.call(VerifyElementPropertyValueKeyword.groovy)
	at com.kms.katalon.core.keyword.internal.KeywordMain.runKeyword(KeywordMain.groovy:74)
	at com.kms.katalon.core.webservice.keyword.builtin.VerifyElementPropertyValueKeyword.verifyElementPropertyValue(VerifyElementPropertyValueKeyword.groovy:48)
	at com.kms.katalon.core.webservice.keyword.builtin.VerifyElementPropertyValueKeyword.execute(VerifyElementPropertyValueKeyword.groovy:43)
	at com.kms.katalon.core.keyword.internal.KeywordExecutor.executeKeywordForPlatform(KeywordExecutor.groovy:74)
	at com.kms.katalon.core.webservice.keyword.WSBuiltInKeywords.verifyElementPropertyValue(WSBuiltInKeywords.groovy:175)
	at com.kms.katalon.core.webservice.keyword.WSBuiltInKeywords$verifyElementPropertyValue$0.call(Unknown Source)
	at 1. get token - data order.run(1. get token - data order:759)
	at com.kms.katalon.core.main.ScriptEngine.run(ScriptEngine.java:194)
	at com.kms.katalon.core.main.ScriptEngine.runScriptAsRawText(ScriptEngine.java:119)
	at com.kms.katalon.core.main.TestCaseExecutor.runScript(TestCaseExecutor.java:442)
	at com.kms.katalon.core.main.TestCaseExecutor.doExecute(TestCaseExecutor.java:433)
	at com.kms.katalon.core.main.TestCaseExecutor.processExecutionPhase(TestCaseExecutor.java:412)
	at com.kms.katalon.core.main.TestCaseExecutor.accessMainPhase(TestCaseExecutor.java:404)
	at com.kms.katalon.core.main.TestCaseExecutor.execute(TestCaseExecutor.java:281)
	at com.kms.katalon.core.main.TestSuiteExecutor.accessTestCaseMainPhase(TestSuiteExecutor.java:202)
	at com.kms.katalon.core.main.TestSuiteExecutor.accessTestSuiteMainPhase(TestSuiteExecutor.java:164)
	at com.kms.katalon.core.main.TestSuiteExecutor.execute(TestSuiteExecutor.java:105)
	at com.kms.katalon.core.main.TestCaseMain.startTestSuite(TestCaseMain.java:181)
	at com.kms.katalon.core.main.TestCaseMain$startTestSuite$0.call(Unknown Source)
	at TempTestSuite1648100878643.run(TempTestSuite1648100878643.groovy:36)
)

2022-03-24 12:48:38 - [MESSAGE][FAILED] - Unable to verify element property value (Root cause: java.lang.NullPointerException: Cannot get property 'InsuredValue' on null object
	at Script1.run(Script1.groovy:1)
	at com.kms.katalon.core.webservice.helper.WebServiceCommonHelper.parseAndGetPropertyValueForJson(WebServiceCommonHelper.java:213)
	at com.kms.katalon.core.webservice.keyword.builtin.VerifyElementPropertyValueKeyword$_verifyElementPropertyValue_closure1.doCall(VerifyElementPropertyValueKeyword.groovy:52)
	at com.kms.katalon.core.webservice.keyword.builtin.VerifyElementPropertyValueKeyword$_verifyElementPropertyValue_closure1.call(VerifyElementPropertyValueKeyword.groovy)
	at com.kms.katalon.core.keyword.internal.KeywordMain.runKeyword(KeywordMain.groovy:74)
	at com.kms.katalon.core.webservice.keyword.builtin.VerifyElementPropertyValueKeyword.verifyElementPropertyValue(VerifyElementPropertyValueKeyword.groovy:48)
	at com.kms.katalon.core.webservice.keyword.builtin.VerifyElementPropertyValueKeyword.execute(VerifyElementPropertyValueKeyword.groovy:43)
	at com.kms.katalon.core.keyword.internal.KeywordExecutor.executeKeywordForPlatform(KeywordExecutor.groovy:74)
	at com.kms.katalon.core.webservice.keyword.WSBuiltInKeywords.verifyElementPropertyValue(WSBuiltInKeywords.groovy:175)
	at com.kms.katalon.core.webservice.keyword.WSBuiltInKeywords$verifyElementPropertyValue$0.call(Unknown Source)
	at 1. get token - data order.run(1. get token - data order:759)
	at com.kms.katalon.core.main.ScriptEngine.run(ScriptEngine.java:194)
	at com.kms.katalon.core.main.ScriptEngine.runScriptAsRawText(ScriptEngine.java:119)
	at com.kms.katalon.core.main.TestCaseExecutor.runScript(TestCaseExecutor.java:442)
	at com.kms.katalon.core.main.TestCaseExecutor.doExecute(TestCaseExecutor.java:433)
	at com.kms.katalon.core.main.TestCaseExecutor.processExecutionPhase(TestCaseExecutor.java:412)
	at com.kms.katalon.core.main.TestCaseExecutor.accessMainPhase(TestCaseExecutor.java:404)
	at com.kms.katalon.core.main.TestCaseExecutor.execute(TestCaseExecutor.java:281)
	at com.kms.katalon.core.main.TestSuiteExecutor.accessTestCaseMainPhase(TestSuiteExecutor.java:202)
	at com.kms.katalon.core.main.TestSuiteExecutor.accessTestSuiteMainPhase(TestSuiteExecutor.java:164)
	at com.kms.katalon.core.main.TestSuiteExecutor.execute(TestSuiteExecutor.java:105)
	at com.kms.katalon.core.main.TestCaseMain.startTestSuite(TestCaseMain.java:181)
	at com.kms.katalon.core.main.TestCaseMain$startTestSuite$0.call(Unknown Source)
	at TempTestSuite1648100878643.run(TempTestSuite1648100878643.groovy:36)
)

2022-03-24 12:48:38 - [TEST_STEP][FAILED] - verifyElementPropertyValue(order, "GetDataOrderResponse.ListDataOrder[0].InsuranceData[4].InsuredFrom", o_ins_form_4, CONTINUE_ON_FAILURE): Unable to verify element property value (Root cause: java.lang.NullPointerException: Cannot get property 'InsuredFrom' on null object
	at Script1.run(Script1.groovy:1)
	at com.kms.katalon.core.webservice.helper.WebServiceCommonHelper.parseAndGetPropertyValueForJson(WebServiceCommonHelper.java:213)
	at com.kms.katalon.core.webservice.keyword.builtin.VerifyElementPropertyValueKeyword$_verifyElementPropertyValue_closure1.doCall(VerifyElementPropertyValueKeyword.groovy:52)
	at com.kms.katalon.core.webservice.keyword.builtin.VerifyElementPropertyValueKeyword$_verifyElementPropertyValue_closure1.call(VerifyElementPropertyValueKeyword.groovy)
	at com.kms.katalon.core.keyword.internal.KeywordMain.runKeyword(KeywordMain.groovy:74)
	at com.kms.katalon.core.webservice.keyword.builtin.VerifyElementPropertyValueKeyword.verifyElementPropertyValue(VerifyElementPropertyValueKeyword.groovy:48)
	at com.kms.katalon.core.webservice.keyword.builtin.VerifyElementPropertyValueKeyword.execute(VerifyElementPropertyValueKeyword.groovy:43)
	at com.kms.katalon.core.keyword.internal.KeywordExecutor.executeKeywordForPlatform(KeywordExecutor.groovy:74)
	at com.kms.katalon.core.webservice.keyword.WSBuiltInKeywords.verifyElementPropertyValue(WSBuiltInKeywords.groovy:175)
	at com.kms.katalon.core.webservice.keyword.WSBuiltInKeywords$verifyElementPropertyValue$0.call(Unknown Source)
	at 1. get token - data order.run(1. get token - data order:762)
	at com.kms.katalon.core.main.ScriptEngine.run(ScriptEngine.java:194)
	at com.kms.katalon.core.main.ScriptEngine.runScriptAsRawText(ScriptEngine.java:119)
	at com.kms.katalon.core.main.TestCaseExecutor.runScript(TestCaseExecutor.java:442)
	at com.kms.katalon.core.main.TestCaseExecutor.doExecute(TestCaseExecutor.java:433)
	at com.kms.katalon.core.main.TestCaseExecutor.processExecutionPhase(TestCaseExecutor.java:412)
	at com.kms.katalon.core.main.TestCaseExecutor.accessMainPhase(TestCaseExecutor.java:404)
	at com.kms.katalon.core.main.TestCaseExecutor.execute(TestCaseExecutor.java:281)
	at com.kms.katalon.core.main.TestSuiteExecutor.accessTestCaseMainPhase(TestSuiteExecutor.java:202)
	at com.kms.katalon.core.main.TestSuiteExecutor.accessTestSuiteMainPhase(TestSuiteExecutor.java:164)
	at com.kms.katalon.core.main.TestSuiteExecutor.execute(TestSuiteExecutor.java:105)
	at com.kms.katalon.core.main.TestCaseMain.startTestSuite(TestCaseMain.java:181)
	at com.kms.katalon.core.main.TestCaseMain$startTestSuite$0.call(Unknown Source)
	at TempTestSuite1648100878643.run(TempTestSuite1648100878643.groovy:36)
)

2022-03-24 12:48:38 - [MESSAGE][FAILED] - Unable to verify element property value (Root cause: java.lang.NullPointerException: Cannot get property 'InsuredFrom' on null object
	at Script1.run(Script1.groovy:1)
	at com.kms.katalon.core.webservice.helper.WebServiceCommonHelper.parseAndGetPropertyValueForJson(WebServiceCommonHelper.java:213)
	at com.kms.katalon.core.webservice.keyword.builtin.VerifyElementPropertyValueKeyword$_verifyElementPropertyValue_closure1.doCall(VerifyElementPropertyValueKeyword.groovy:52)
	at com.kms.katalon.core.webservice.keyword.builtin.VerifyElementPropertyValueKeyword$_verifyElementPropertyValue_closure1.call(VerifyElementPropertyValueKeyword.groovy)
	at com.kms.katalon.core.keyword.internal.KeywordMain.runKeyword(KeywordMain.groovy:74)
	at com.kms.katalon.core.webservice.keyword.builtin.VerifyElementPropertyValueKeyword.verifyElementPropertyValue(VerifyElementPropertyValueKeyword.groovy:48)
	at com.kms.katalon.core.webservice.keyword.builtin.VerifyElementPropertyValueKeyword.execute(VerifyElementPropertyValueKeyword.groovy:43)
	at com.kms.katalon.core.keyword.internal.KeywordExecutor.executeKeywordForPlatform(KeywordExecutor.groovy:74)
	at com.kms.katalon.core.webservice.keyword.WSBuiltInKeywords.verifyElementPropertyValue(WSBuiltInKeywords.groovy:175)
	at com.kms.katalon.core.webservice.keyword.WSBuiltInKeywords$verifyElementPropertyValue$0.call(Unknown Source)
	at 1. get token - data order.run(1. get token - data order:762)
	at com.kms.katalon.core.main.ScriptEngine.run(ScriptEngine.java:194)
	at com.kms.katalon.core.main.ScriptEngine.runScriptAsRawText(ScriptEngine.java:119)
	at com.kms.katalon.core.main.TestCaseExecutor.runScript(TestCaseExecutor.java:442)
	at com.kms.katalon.core.main.TestCaseExecutor.doExecute(TestCaseExecutor.java:433)
	at com.kms.katalon.core.main.TestCaseExecutor.processExecutionPhase(TestCaseExecutor.java:412)
	at com.kms.katalon.core.main.TestCaseExecutor.accessMainPhase(TestCaseExecutor.java:404)
	at com.kms.katalon.core.main.TestCaseExecutor.execute(TestCaseExecutor.java:281)
	at com.kms.katalon.core.main.TestSuiteExecutor.accessTestCaseMainPhase(TestSuiteExecutor.java:202)
	at com.kms.katalon.core.main.TestSuiteExecutor.accessTestSuiteMainPhase(TestSuiteExecutor.java:164)
	at com.kms.katalon.core.main.TestSuiteExecutor.execute(TestSuiteExecutor.java:105)
	at com.kms.katalon.core.main.TestCaseMain.startTestSuite(TestCaseMain.java:181)
	at com.kms.katalon.core.main.TestCaseMain$startTestSuite$0.call(Unknown Source)
	at TempTestSuite1648100878643.run(TempTestSuite1648100878643.groovy:36)
)

2022-03-24 12:48:38 - [TEST_STEP][FAILED] - verifyElementPropertyValue(order, "GetDataOrderResponse.ListDataOrder[0].InsuranceData[4].InsuredTo", o_ins_to_4, CONTINUE_ON_FAILURE): Unable to verify element property value (Root cause: java.lang.NullPointerException: Cannot get property 'InsuredTo' on null object
	at Script1.run(Script1.groovy:1)
	at com.kms.katalon.core.webservice.helper.WebServiceCommonHelper.parseAndGetPropertyValueForJson(WebServiceCommonHelper.java:213)
	at com.kms.katalon.core.webservice.keyword.builtin.VerifyElementPropertyValueKeyword$_verifyElementPropertyValue_closure1.doCall(VerifyElementPropertyValueKeyword.groovy:52)
	at com.kms.katalon.core.webservice.keyword.builtin.VerifyElementPropertyValueKeyword$_verifyElementPropertyValue_closure1.call(VerifyElementPropertyValueKeyword.groovy)
	at com.kms.katalon.core.keyword.internal.KeywordMain.runKeyword(KeywordMain.groovy:74)
	at com.kms.katalon.core.webservice.keyword.builtin.VerifyElementPropertyValueKeyword.verifyElementPropertyValue(VerifyElementPropertyValueKeyword.groovy:48)
	at com.kms.katalon.core.webservice.keyword.builtin.VerifyElementPropertyValueKeyword.execute(VerifyElementPropertyValueKeyword.groovy:43)
	at com.kms.katalon.core.keyword.internal.KeywordExecutor.executeKeywordForPlatform(KeywordExecutor.groovy:74)
	at com.kms.katalon.core.webservice.keyword.WSBuiltInKeywords.verifyElementPropertyValue(WSBuiltInKeywords.groovy:175)
	at com.kms.katalon.core.webservice.keyword.WSBuiltInKeywords$verifyElementPropertyValue$0.call(Unknown Source)
	at 1. get token - data order.run(1. get token - data order:765)
	at com.kms.katalon.core.main.ScriptEngine.run(ScriptEngine.java:194)
	at com.kms.katalon.core.main.ScriptEngine.runScriptAsRawText(ScriptEngine.java:119)
	at com.kms.katalon.core.main.TestCaseExecutor.runScript(TestCaseExecutor.java:442)
	at com.kms.katalon.core.main.TestCaseExecutor.doExecute(TestCaseExecutor.java:433)
	at com.kms.katalon.core.main.TestCaseExecutor.processExecutionPhase(TestCaseExecutor.java:412)
	at com.kms.katalon.core.main.TestCaseExecutor.accessMainPhase(TestCaseExecutor.java:404)
	at com.kms.katalon.core.main.TestCaseExecutor.execute(TestCaseExecutor.java:281)
	at com.kms.katalon.core.main.TestSuiteExecutor.accessTestCaseMainPhase(TestSuiteExecutor.java:202)
	at com.kms.katalon.core.main.TestSuiteExecutor.accessTestSuiteMainPhase(TestSuiteExecutor.java:164)
	at com.kms.katalon.core.main.TestSuiteExecutor.execute(TestSuiteExecutor.java:105)
	at com.kms.katalon.core.main.TestCaseMain.startTestSuite(TestCaseMain.java:181)
	at com.kms.katalon.core.main.TestCaseMain$startTestSuite$0.call(Unknown Source)
	at TempTestSuite1648100878643.run(TempTestSuite1648100878643.groovy:36)
)

2022-03-24 12:48:38 - [MESSAGE][FAILED] - Unable to verify element property value (Root cause: java.lang.NullPointerException: Cannot get property 'InsuredTo' on null object
	at Script1.run(Script1.groovy:1)
	at com.kms.katalon.core.webservice.helper.WebServiceCommonHelper.parseAndGetPropertyValueForJson(WebServiceCommonHelper.java:213)
	at com.kms.katalon.core.webservice.keyword.builtin.VerifyElementPropertyValueKeyword$_verifyElementPropertyValue_closure1.doCall(VerifyElementPropertyValueKeyword.groovy:52)
	at com.kms.katalon.core.webservice.keyword.builtin.VerifyElementPropertyValueKeyword$_verifyElementPropertyValue_closure1.call(VerifyElementPropertyValueKeyword.groovy)
	at com.kms.katalon.core.keyword.internal.KeywordMain.runKeyword(KeywordMain.groovy:74)
	at com.kms.katalon.core.webservice.keyword.builtin.VerifyElementPropertyValueKeyword.verifyElementPropertyValue(VerifyElementPropertyValueKeyword.groovy:48)
	at com.kms.katalon.core.webservice.keyword.builtin.VerifyElementPropertyValueKeyword.execute(VerifyElementPropertyValueKeyword.groovy:43)
	at com.kms.katalon.core.keyword.internal.KeywordExecutor.executeKeywordForPlatform(KeywordExecutor.groovy:74)
	at com.kms.katalon.core.webservice.keyword.WSBuiltInKeywords.verifyElementPropertyValue(WSBuiltInKeywords.groovy:175)
	at com.kms.katalon.core.webservice.keyword.WSBuiltInKeywords$verifyElementPropertyValue$0.call(Unknown Source)
	at 1. get token - data order.run(1. get token - data order:765)
	at com.kms.katalon.core.main.ScriptEngine.run(ScriptEngine.java:194)
	at com.kms.katalon.core.main.ScriptEngine.runScriptAsRawText(ScriptEngine.java:119)
	at com.kms.katalon.core.main.TestCaseExecutor.runScript(TestCaseExecutor.java:442)
	at com.kms.katalon.core.main.TestCaseExecutor.doExecute(TestCaseExecutor.java:433)
	at com.kms.katalon.core.main.TestCaseExecutor.processExecutionPhase(TestCaseExecutor.java:412)
	at com.kms.katalon.core.main.TestCaseExecutor.accessMainPhase(TestCaseExecutor.java:404)
	at com.kms.katalon.core.main.TestCaseExecutor.execute(TestCaseExecutor.java:281)
	at com.kms.katalon.core.main.TestSuiteExecutor.accessTestCaseMainPhase(TestSuiteExecutor.java:202)
	at com.kms.katalon.core.main.TestSuiteExecutor.accessTestSuiteMainPhase(TestSuiteExecutor.java:164)
	at com.kms.katalon.core.main.TestSuiteExecutor.execute(TestSuiteExecutor.java:105)
	at com.kms.katalon.core.main.TestCaseMain.startTestSuite(TestCaseMain.java:181)
	at com.kms.katalon.core.main.TestCaseMain$startTestSuite$0.call(Unknown Source)
	at TempTestSuite1648100878643.run(TempTestSuite1648100878643.groovy:36)
)

2022-03-24 12:48:38 - [TEST_STEP][FAILED] - verifyElementPropertyValue(order, "GetDataOrderResponse.ListDataOrder[0].InsuranceData[4].Rate", o_rate_4, CONTINUE_ON_FAILURE): Unable to verify element property value (Root cause: java.lang.NullPointerException: Cannot get property 'Rate' on null object
	at Script1.run(Script1.groovy:1)
	at com.kms.katalon.core.webservice.helper.WebServiceCommonHelper.parseAndGetPropertyValueForJson(WebServiceCommonHelper.java:213)
	at com.kms.katalon.core.webservice.keyword.builtin.VerifyElementPropertyValueKeyword$_verifyElementPropertyValue_closure1.doCall(VerifyElementPropertyValueKeyword.groovy:52)
	at com.kms.katalon.core.webservice.keyword.builtin.VerifyElementPropertyValueKeyword$_verifyElementPropertyValue_closure1.call(VerifyElementPropertyValueKeyword.groovy)
	at com.kms.katalon.core.keyword.internal.KeywordMain.runKeyword(KeywordMain.groovy:74)
	at com.kms.katalon.core.webservice.keyword.builtin.VerifyElementPropertyValueKeyword.verifyElementPropertyValue(VerifyElementPropertyValueKeyword.groovy:48)
	at com.kms.katalon.core.webservice.keyword.builtin.VerifyElementPropertyValueKeyword.execute(VerifyElementPropertyValueKeyword.groovy:43)
	at com.kms.katalon.core.keyword.internal.KeywordExecutor.executeKeywordForPlatform(KeywordExecutor.groovy:74)
	at com.kms.katalon.core.webservice.keyword.WSBuiltInKeywords.verifyElementPropertyValue(WSBuiltInKeywords.groovy:175)
	at com.kms.katalon.core.webservice.keyword.WSBuiltInKeywords$verifyElementPropertyValue$0.call(Unknown Source)
	at 1. get token - data order.run(1. get token - data order:768)
	at com.kms.katalon.core.main.ScriptEngine.run(ScriptEngine.java:194)
	at com.kms.katalon.core.main.ScriptEngine.runScriptAsRawText(ScriptEngine.java:119)
	at com.kms.katalon.core.main.TestCaseExecutor.runScript(TestCaseExecutor.java:442)
	at com.kms.katalon.core.main.TestCaseExecutor.doExecute(TestCaseExecutor.java:433)
	at com.kms.katalon.core.main.TestCaseExecutor.processExecutionPhase(TestCaseExecutor.java:412)
	at com.kms.katalon.core.main.TestCaseExecutor.accessMainPhase(TestCaseExecutor.java:404)
	at com.kms.katalon.core.main.TestCaseExecutor.execute(TestCaseExecutor.java:281)
	at com.kms.katalon.core.main.TestSuiteExecutor.accessTestCaseMainPhase(TestSuiteExecutor.java:202)
	at com.kms.katalon.core.main.TestSuiteExecutor.accessTestSuiteMainPhase(TestSuiteExecutor.java:164)
	at com.kms.katalon.core.main.TestSuiteExecutor.execute(TestSuiteExecutor.java:105)
	at com.kms.katalon.core.main.TestCaseMain.startTestSuite(TestCaseMain.java:181)
	at com.kms.katalon.core.main.TestCaseMain$startTestSuite$0.call(Unknown Source)
	at TempTestSuite1648100878643.run(TempTestSuite1648100878643.groovy:36)
)

2022-03-24 12:48:38 - [MESSAGE][FAILED] - Unable to verify element property value (Root cause: java.lang.NullPointerException: Cannot get property 'Rate' on null object
	at Script1.run(Script1.groovy:1)
	at com.kms.katalon.core.webservice.helper.WebServiceCommonHelper.parseAndGetPropertyValueForJson(WebServiceCommonHelper.java:213)
	at com.kms.katalon.core.webservice.keyword.builtin.VerifyElementPropertyValueKeyword$_verifyElementPropertyValue_closure1.doCall(VerifyElementPropertyValueKeyword.groovy:52)
	at com.kms.katalon.core.webservice.keyword.builtin.VerifyElementPropertyValueKeyword$_verifyElementPropertyValue_closure1.call(VerifyElementPropertyValueKeyword.groovy)
	at com.kms.katalon.core.keyword.internal.KeywordMain.runKeyword(KeywordMain.groovy:74)
	at com.kms.katalon.core.webservice.keyword.builtin.VerifyElementPropertyValueKeyword.verifyElementPropertyValue(VerifyElementPropertyValueKeyword.groovy:48)
	at com.kms.katalon.core.webservice.keyword.builtin.VerifyElementPropertyValueKeyword.execute(VerifyElementPropertyValueKeyword.groovy:43)
	at com.kms.katalon.core.keyword.internal.KeywordExecutor.executeKeywordForPlatform(KeywordExecutor.groovy:74)
	at com.kms.katalon.core.webservice.keyword.WSBuiltInKeywords.verifyElementPropertyValue(WSBuiltInKeywords.groovy:175)
	at com.kms.katalon.core.webservice.keyword.WSBuiltInKeywords$verifyElementPropertyValue$0.call(Unknown Source)
	at 1. get token - data order.run(1. get token - data order:768)
	at com.kms.katalon.core.main.ScriptEngine.run(ScriptEngine.java:194)
	at com.kms.katalon.core.main.ScriptEngine.runScriptAsRawText(ScriptEngine.java:119)
	at com.kms.katalon.core.main.TestCaseExecutor.runScript(TestCaseExecutor.java:442)
	at com.kms.katalon.core.main.TestCaseExecutor.doExecute(TestCaseExecutor.java:433)
	at com.kms.katalon.core.main.TestCaseExecutor.processExecutionPhase(TestCaseExecutor.java:412)
	at com.kms.katalon.core.main.TestCaseExecutor.accessMainPhase(TestCaseExecutor.java:404)
	at com.kms.katalon.core.main.TestCaseExecutor.execute(TestCaseExecutor.java:281)
	at com.kms.katalon.core.main.TestSuiteExecutor.accessTestCaseMainPhase(TestSuiteExecutor.java:202)
	at com.kms.katalon.core.main.TestSuiteExecutor.accessTestSuiteMainPhase(TestSuiteExecutor.java:164)
	at com.kms.katalon.core.main.TestSuiteExecutor.execute(TestSuiteExecutor.java:105)
	at com.kms.katalon.core.main.TestCaseMain.startTestSuite(TestCaseMain.java:181)
	at com.kms.katalon.core.main.TestCaseMain$startTestSuite$0.call(Unknown Source)
	at TempTestSuite1648100878643.run(TempTestSuite1648100878643.groovy:36)
)

2022-03-24 12:48:38 - [TEST_STEP][FAILED] - verifyElementPropertyValue(order, "GetDataOrderResponse.ListDataOrder[0].InsuranceData[4].GrossPremi", o_gross_premi_4, CONTINUE_ON_FAILURE): Unable to verify element property value (Root cause: java.lang.NullPointerException: Cannot get property 'GrossPremi' on null object
	at Script1.run(Script1.groovy:1)
	at com.kms.katalon.core.webservice.helper.WebServiceCommonHelper.parseAndGetPropertyValueForJson(WebServiceCommonHelper.java:213)
	at com.kms.katalon.core.webservice.keyword.builtin.VerifyElementPropertyValueKeyword$_verifyElementPropertyValue_closure1.doCall(VerifyElementPropertyValueKeyword.groovy:52)
	at com.kms.katalon.core.webservice.keyword.builtin.VerifyElementPropertyValueKeyword$_verifyElementPropertyValue_closure1.call(VerifyElementPropertyValueKeyword.groovy)
	at com.kms.katalon.core.keyword.internal.KeywordMain.runKeyword(KeywordMain.groovy:74)
	at com.kms.katalon.core.webservice.keyword.builtin.VerifyElementPropertyValueKeyword.verifyElementPropertyValue(VerifyElementPropertyValueKeyword.groovy:48)
	at com.kms.katalon.core.webservice.keyword.builtin.VerifyElementPropertyValueKeyword.execute(VerifyElementPropertyValueKeyword.groovy:43)
	at com.kms.katalon.core.keyword.internal.KeywordExecutor.executeKeywordForPlatform(KeywordExecutor.groovy:74)
	at com.kms.katalon.core.webservice.keyword.WSBuiltInKeywords.verifyElementPropertyValue(WSBuiltInKeywords.groovy:175)
	at com.kms.katalon.core.webservice.keyword.WSBuiltInKeywords$verifyElementPropertyValue$0.call(Unknown Source)
	at 1. get token - data order.run(1. get token - data order:770)
	at com.kms.katalon.core.main.ScriptEngine.run(ScriptEngine.java:194)
	at com.kms.katalon.core.main.ScriptEngine.runScriptAsRawText(ScriptEngine.java:119)
	at com.kms.katalon.core.main.TestCaseExecutor.runScript(TestCaseExecutor.java:442)
	at com.kms.katalon.core.main.TestCaseExecutor.doExecute(TestCaseExecutor.java:433)
	at com.kms.katalon.core.main.TestCaseExecutor.processExecutionPhase(TestCaseExecutor.java:412)
	at com.kms.katalon.core.main.TestCaseExecutor.accessMainPhase(TestCaseExecutor.java:404)
	at com.kms.katalon.core.main.TestCaseExecutor.execute(TestCaseExecutor.java:281)
	at com.kms.katalon.core.main.TestSuiteExecutor.accessTestCaseMainPhase(TestSuiteExecutor.java:202)
	at com.kms.katalon.core.main.TestSuiteExecutor.accessTestSuiteMainPhase(TestSuiteExecutor.java:164)
	at com.kms.katalon.core.main.TestSuiteExecutor.execute(TestSuiteExecutor.java:105)
	at com.kms.katalon.core.main.TestCaseMain.startTestSuite(TestCaseMain.java:181)
	at com.kms.katalon.core.main.TestCaseMain$startTestSuite$0.call(Unknown Source)
	at TempTestSuite1648100878643.run(TempTestSuite1648100878643.groovy:36)
)

2022-03-24 12:48:38 - [MESSAGE][FAILED] - Unable to verify element property value (Root cause: java.lang.NullPointerException: Cannot get property 'GrossPremi' on null object
	at Script1.run(Script1.groovy:1)
	at com.kms.katalon.core.webservice.helper.WebServiceCommonHelper.parseAndGetPropertyValueForJson(WebServiceCommonHelper.java:213)
	at com.kms.katalon.core.webservice.keyword.builtin.VerifyElementPropertyValueKeyword$_verifyElementPropertyValue_closure1.doCall(VerifyElementPropertyValueKeyword.groovy:52)
	at com.kms.katalon.core.webservice.keyword.builtin.VerifyElementPropertyValueKeyword$_verifyElementPropertyValue_closure1.call(VerifyElementPropertyValueKeyword.groovy)
	at com.kms.katalon.core.keyword.internal.KeywordMain.runKeyword(KeywordMain.groovy:74)
	at com.kms.katalon.core.webservice.keyword.builtin.VerifyElementPropertyValueKeyword.verifyElementPropertyValue(VerifyElementPropertyValueKeyword.groovy:48)
	at com.kms.katalon.core.webservice.keyword.builtin.VerifyElementPropertyValueKeyword.execute(VerifyElementPropertyValueKeyword.groovy:43)
	at com.kms.katalon.core.keyword.internal.KeywordExecutor.executeKeywordForPlatform(KeywordExecutor.groovy:74)
	at com.kms.katalon.core.webservice.keyword.WSBuiltInKeywords.verifyElementPropertyValue(WSBuiltInKeywords.groovy:175)
	at com.kms.katalon.core.webservice.keyword.WSBuiltInKeywords$verifyElementPropertyValue$0.call(Unknown Source)
	at 1. get token - data order.run(1. get token - data order:770)
	at com.kms.katalon.core.main.ScriptEngine.run(ScriptEngine.java:194)
	at com.kms.katalon.core.main.ScriptEngine.runScriptAsRawText(ScriptEngine.java:119)
	at com.kms.katalon.core.main.TestCaseExecutor.runScript(TestCaseExecutor.java:442)
	at com.kms.katalon.core.main.TestCaseExecutor.doExecute(TestCaseExecutor.java:433)
	at com.kms.katalon.core.main.TestCaseExecutor.processExecutionPhase(TestCaseExecutor.java:412)
	at com.kms.katalon.core.main.TestCaseExecutor.accessMainPhase(TestCaseExecutor.java:404)
	at com.kms.katalon.core.main.TestCaseExecutor.execute(TestCaseExecutor.java:281)
	at com.kms.katalon.core.main.TestSuiteExecutor.accessTestCaseMainPhase(TestSuiteExecutor.java:202)
	at com.kms.katalon.core.main.TestSuiteExecutor.accessTestSuiteMainPhase(TestSuiteExecutor.java:164)
	at com.kms.katalon.core.main.TestSuiteExecutor.execute(TestSuiteExecutor.java:105)
	at com.kms.katalon.core.main.TestCaseMain.startTestSuite(TestCaseMain.java:181)
	at com.kms.katalon.core.main.TestCaseMain$startTestSuite$0.call(Unknown Source)
	at TempTestSuite1648100878643.run(TempTestSuite1648100878643.groovy:36)
)

2022-03-24 12:48:38 - [TEST_STEP][FAILED] - verifyElementPropertyValue(order, "GetDataOrderResponse.ListDataOrder[0].InsuranceData[4].Discount", o_discount_4, CONTINUE_ON_FAILURE): Unable to verify element property value (Root cause: java.lang.NullPointerException: Cannot get property 'Discount' on null object
	at Script1.run(Script1.groovy:1)
	at com.kms.katalon.core.webservice.helper.WebServiceCommonHelper.parseAndGetPropertyValueForJson(WebServiceCommonHelper.java:213)
	at com.kms.katalon.core.webservice.keyword.builtin.VerifyElementPropertyValueKeyword$_verifyElementPropertyValue_closure1.doCall(VerifyElementPropertyValueKeyword.groovy:52)
	at com.kms.katalon.core.webservice.keyword.builtin.VerifyElementPropertyValueKeyword$_verifyElementPropertyValue_closure1.call(VerifyElementPropertyValueKeyword.groovy)
	at com.kms.katalon.core.keyword.internal.KeywordMain.runKeyword(KeywordMain.groovy:74)
	at com.kms.katalon.core.webservice.keyword.builtin.VerifyElementPropertyValueKeyword.verifyElementPropertyValue(VerifyElementPropertyValueKeyword.groovy:48)
	at com.kms.katalon.core.webservice.keyword.builtin.VerifyElementPropertyValueKeyword.execute(VerifyElementPropertyValueKeyword.groovy:43)
	at com.kms.katalon.core.keyword.internal.KeywordExecutor.executeKeywordForPlatform(KeywordExecutor.groovy:74)
	at com.kms.katalon.core.webservice.keyword.WSBuiltInKeywords.verifyElementPropertyValue(WSBuiltInKeywords.groovy:175)
	at com.kms.katalon.core.webservice.keyword.WSBuiltInKeywords$verifyElementPropertyValue$0.call(Unknown Source)
	at 1. get token - data order.run(1. get token - data order:773)
	at com.kms.katalon.core.main.ScriptEngine.run(ScriptEngine.java:194)
	at com.kms.katalon.core.main.ScriptEngine.runScriptAsRawText(ScriptEngine.java:119)
	at com.kms.katalon.core.main.TestCaseExecutor.runScript(TestCaseExecutor.java:442)
	at com.kms.katalon.core.main.TestCaseExecutor.doExecute(TestCaseExecutor.java:433)
	at com.kms.katalon.core.main.TestCaseExecutor.processExecutionPhase(TestCaseExecutor.java:412)
	at com.kms.katalon.core.main.TestCaseExecutor.accessMainPhase(TestCaseExecutor.java:404)
	at com.kms.katalon.core.main.TestCaseExecutor.execute(TestCaseExecutor.java:281)
	at com.kms.katalon.core.main.TestSuiteExecutor.accessTestCaseMainPhase(TestSuiteExecutor.java:202)
	at com.kms.katalon.core.main.TestSuiteExecutor.accessTestSuiteMainPhase(TestSuiteExecutor.java:164)
	at com.kms.katalon.core.main.TestSuiteExecutor.execute(TestSuiteExecutor.java:105)
	at com.kms.katalon.core.main.TestCaseMain.startTestSuite(TestCaseMain.java:181)
	at com.kms.katalon.core.main.TestCaseMain$startTestSuite$0.call(Unknown Source)
	at TempTestSuite1648100878643.run(TempTestSuite1648100878643.groovy:36)
)

2022-03-24 12:48:38 - [MESSAGE][FAILED] - Unable to verify element property value (Root cause: java.lang.NullPointerException: Cannot get property 'Discount' on null object
	at Script1.run(Script1.groovy:1)
	at com.kms.katalon.core.webservice.helper.WebServiceCommonHelper.parseAndGetPropertyValueForJson(WebServiceCommonHelper.java:213)
	at com.kms.katalon.core.webservice.keyword.builtin.VerifyElementPropertyValueKeyword$_verifyElementPropertyValue_closure1.doCall(VerifyElementPropertyValueKeyword.groovy:52)
	at com.kms.katalon.core.webservice.keyword.builtin.VerifyElementPropertyValueKeyword$_verifyElementPropertyValue_closure1.call(VerifyElementPropertyValueKeyword.groovy)
	at com.kms.katalon.core.keyword.internal.KeywordMain.runKeyword(KeywordMain.groovy:74)
	at com.kms.katalon.core.webservice.keyword.builtin.VerifyElementPropertyValueKeyword.verifyElementPropertyValue(VerifyElementPropertyValueKeyword.groovy:48)
	at com.kms.katalon.core.webservice.keyword.builtin.VerifyElementPropertyValueKeyword.execute(VerifyElementPropertyValueKeyword.groovy:43)
	at com.kms.katalon.core.keyword.internal.KeywordExecutor.executeKeywordForPlatform(KeywordExecutor.groovy:74)
	at com.kms.katalon.core.webservice.keyword.WSBuiltInKeywords.verifyElementPropertyValue(WSBuiltInKeywords.groovy:175)
	at com.kms.katalon.core.webservice.keyword.WSBuiltInKeywords$verifyElementPropertyValue$0.call(Unknown Source)
	at 1. get token - data order.run(1. get token - data order:773)
	at com.kms.katalon.core.main.ScriptEngine.run(ScriptEngine.java:194)
	at com.kms.katalon.core.main.ScriptEngine.runScriptAsRawText(ScriptEngine.java:119)
	at com.kms.katalon.core.main.TestCaseExecutor.runScript(TestCaseExecutor.java:442)
	at com.kms.katalon.core.main.TestCaseExecutor.doExecute(TestCaseExecutor.java:433)
	at com.kms.katalon.core.main.TestCaseExecutor.processExecutionPhase(TestCaseExecutor.java:412)
	at com.kms.katalon.core.main.TestCaseExecutor.accessMainPhase(TestCaseExecutor.java:404)
	at com.kms.katalon.core.main.TestCaseExecutor.execute(TestCaseExecutor.java:281)
	at com.kms.katalon.core.main.TestSuiteExecutor.accessTestCaseMainPhase(TestSuiteExecutor.java:202)
	at com.kms.katalon.core.main.TestSuiteExecutor.accessTestSuiteMainPhase(TestSuiteExecutor.java:164)
	at com.kms.katalon.core.main.TestSuiteExecutor.execute(TestSuiteExecutor.java:105)
	at com.kms.katalon.core.main.TestCaseMain.startTestSuite(TestCaseMain.java:181)
	at com.kms.katalon.core.main.TestCaseMain$startTestSuite$0.call(Unknown Source)
	at TempTestSuite1648100878643.run(TempTestSuite1648100878643.groovy:36)
)

2022-03-24 12:48:38 - [TEST_STEP][FAILED] - verifyElementPropertyValue(order, "GetDataOrderResponse.ListDataOrder[0].InsuranceData[4].Adm", o_adm_4, CONTINUE_ON_FAILURE): Unable to verify element property value (Root cause: java.lang.NullPointerException: Cannot get property 'Adm' on null object
	at Script1.run(Script1.groovy:1)
	at com.kms.katalon.core.webservice.helper.WebServiceCommonHelper.parseAndGetPropertyValueForJson(WebServiceCommonHelper.java:213)
	at com.kms.katalon.core.webservice.keyword.builtin.VerifyElementPropertyValueKeyword$_verifyElementPropertyValue_closure1.doCall(VerifyElementPropertyValueKeyword.groovy:52)
	at com.kms.katalon.core.webservice.keyword.builtin.VerifyElementPropertyValueKeyword$_verifyElementPropertyValue_closure1.call(VerifyElementPropertyValueKeyword.groovy)
	at com.kms.katalon.core.keyword.internal.KeywordMain.runKeyword(KeywordMain.groovy:74)
	at com.kms.katalon.core.webservice.keyword.builtin.VerifyElementPropertyValueKeyword.verifyElementPropertyValue(VerifyElementPropertyValueKeyword.groovy:48)
	at com.kms.katalon.core.webservice.keyword.builtin.VerifyElementPropertyValueKeyword.execute(VerifyElementPropertyValueKeyword.groovy:43)
	at com.kms.katalon.core.keyword.internal.KeywordExecutor.executeKeywordForPlatform(KeywordExecutor.groovy:74)
	at com.kms.katalon.core.webservice.keyword.WSBuiltInKeywords.verifyElementPropertyValue(WSBuiltInKeywords.groovy:175)
	at com.kms.katalon.core.webservice.keyword.WSBuiltInKeywords$verifyElementPropertyValue$0.call(Unknown Source)
	at 1. get token - data order.run(1. get token - data order:776)
	at com.kms.katalon.core.main.ScriptEngine.run(ScriptEngine.java:194)
	at com.kms.katalon.core.main.ScriptEngine.runScriptAsRawText(ScriptEngine.java:119)
	at com.kms.katalon.core.main.TestCaseExecutor.runScript(TestCaseExecutor.java:442)
	at com.kms.katalon.core.main.TestCaseExecutor.doExecute(TestCaseExecutor.java:433)
	at com.kms.katalon.core.main.TestCaseExecutor.processExecutionPhase(TestCaseExecutor.java:412)
	at com.kms.katalon.core.main.TestCaseExecutor.accessMainPhase(TestCaseExecutor.java:404)
	at com.kms.katalon.core.main.TestCaseExecutor.execute(TestCaseExecutor.java:281)
	at com.kms.katalon.core.main.TestSuiteExecutor.accessTestCaseMainPhase(TestSuiteExecutor.java:202)
	at com.kms.katalon.core.main.TestSuiteExecutor.accessTestSuiteMainPhase(TestSuiteExecutor.java:164)
	at com.kms.katalon.core.main.TestSuiteExecutor.execute(TestSuiteExecutor.java:105)
	at com.kms.katalon.core.main.TestCaseMain.startTestSuite(TestCaseMain.java:181)
	at com.kms.katalon.core.main.TestCaseMain$startTestSuite$0.call(Unknown Source)
	at TempTestSuite1648100878643.run(TempTestSuite1648100878643.groovy:36)
)

2022-03-24 12:48:38 - [MESSAGE][FAILED] - Unable to verify element property value (Root cause: java.lang.NullPointerException: Cannot get property 'Adm' on null object
	at Script1.run(Script1.groovy:1)
	at com.kms.katalon.core.webservice.helper.WebServiceCommonHelper.parseAndGetPropertyValueForJson(WebServiceCommonHelper.java:213)
	at com.kms.katalon.core.webservice.keyword.builtin.VerifyElementPropertyValueKeyword$_verifyElementPropertyValue_closure1.doCall(VerifyElementPropertyValueKeyword.groovy:52)
	at com.kms.katalon.core.webservice.keyword.builtin.VerifyElementPropertyValueKeyword$_verifyElementPropertyValue_closure1.call(VerifyElementPropertyValueKeyword.groovy)
	at com.kms.katalon.core.keyword.internal.KeywordMain.runKeyword(KeywordMain.groovy:74)
	at com.kms.katalon.core.webservice.keyword.builtin.VerifyElementPropertyValueKeyword.verifyElementPropertyValue(VerifyElementPropertyValueKeyword.groovy:48)
	at com.kms.katalon.core.webservice.keyword.builtin.VerifyElementPropertyValueKeyword.execute(VerifyElementPropertyValueKeyword.groovy:43)
	at com.kms.katalon.core.keyword.internal.KeywordExecutor.executeKeywordForPlatform(KeywordExecutor.groovy:74)
	at com.kms.katalon.core.webservice.keyword.WSBuiltInKeywords.verifyElementPropertyValue(WSBuiltInKeywords.groovy:175)
	at com.kms.katalon.core.webservice.keyword.WSBuiltInKeywords$verifyElementPropertyValue$0.call(Unknown Source)
	at 1. get token - data order.run(1. get token - data order:776)
	at com.kms.katalon.core.main.ScriptEngine.run(ScriptEngine.java:194)
	at com.kms.katalon.core.main.ScriptEngine.runScriptAsRawText(ScriptEngine.java:119)
	at com.kms.katalon.core.main.TestCaseExecutor.runScript(TestCaseExecutor.java:442)
	at com.kms.katalon.core.main.TestCaseExecutor.doExecute(TestCaseExecutor.java:433)
	at com.kms.katalon.core.main.TestCaseExecutor.processExecutionPhase(TestCaseExecutor.java:412)
	at com.kms.katalon.core.main.TestCaseExecutor.accessMainPhase(TestCaseExecutor.java:404)
	at com.kms.katalon.core.main.TestCaseExecutor.execute(TestCaseExecutor.java:281)
	at com.kms.katalon.core.main.TestSuiteExecutor.accessTestCaseMainPhase(TestSuiteExecutor.java:202)
	at com.kms.katalon.core.main.TestSuiteExecutor.accessTestSuiteMainPhase(TestSuiteExecutor.java:164)
	at com.kms.katalon.core.main.TestSuiteExecutor.execute(TestSuiteExecutor.java:105)
	at com.kms.katalon.core.main.TestCaseMain.startTestSuite(TestCaseMain.java:181)
	at com.kms.katalon.core.main.TestCaseMain$startTestSuite$0.call(Unknown Source)
	at TempTestSuite1648100878643.run(TempTestSuite1648100878643.groovy:36)
)

2022-03-24 12:48:38 - [TEST_STEP][FAILED] - verifyElementPropertyValue(order, "GetDataOrderResponse.ListDataOrder[0].InsuranceData[4].NetPremi", o_netpremi_4, CONTINUE_ON_FAILURE): Unable to verify element property value (Root cause: java.lang.NullPointerException: Cannot get property 'NetPremi' on null object
	at Script1.run(Script1.groovy:1)
	at com.kms.katalon.core.webservice.helper.WebServiceCommonHelper.parseAndGetPropertyValueForJson(WebServiceCommonHelper.java:213)
	at com.kms.katalon.core.webservice.keyword.builtin.VerifyElementPropertyValueKeyword$_verifyElementPropertyValue_closure1.doCall(VerifyElementPropertyValueKeyword.groovy:52)
	at com.kms.katalon.core.webservice.keyword.builtin.VerifyElementPropertyValueKeyword$_verifyElementPropertyValue_closure1.call(VerifyElementPropertyValueKeyword.groovy)
	at com.kms.katalon.core.keyword.internal.KeywordMain.runKeyword(KeywordMain.groovy:74)
	at com.kms.katalon.core.webservice.keyword.builtin.VerifyElementPropertyValueKeyword.verifyElementPropertyValue(VerifyElementPropertyValueKeyword.groovy:48)
	at com.kms.katalon.core.webservice.keyword.builtin.VerifyElementPropertyValueKeyword.execute(VerifyElementPropertyValueKeyword.groovy:43)
	at com.kms.katalon.core.keyword.internal.KeywordExecutor.executeKeywordForPlatform(KeywordExecutor.groovy:74)
	at com.kms.katalon.core.webservice.keyword.WSBuiltInKeywords.verifyElementPropertyValue(WSBuiltInKeywords.groovy:175)
	at com.kms.katalon.core.webservice.keyword.WSBuiltInKeywords$verifyElementPropertyValue$0.call(Unknown Source)
	at 1. get token - data order.run(1. get token - data order:778)
	at com.kms.katalon.core.main.ScriptEngine.run(ScriptEngine.java:194)
	at com.kms.katalon.core.main.ScriptEngine.runScriptAsRawText(ScriptEngine.java:119)
	at com.kms.katalon.core.main.TestCaseExecutor.runScript(TestCaseExecutor.java:442)
	at com.kms.katalon.core.main.TestCaseExecutor.doExecute(TestCaseExecutor.java:433)
	at com.kms.katalon.core.main.TestCaseExecutor.processExecutionPhase(TestCaseExecutor.java:412)
	at com.kms.katalon.core.main.TestCaseExecutor.accessMainPhase(TestCaseExecutor.java:404)
	at com.kms.katalon.core.main.TestCaseExecutor.execute(TestCaseExecutor.java:281)
	at com.kms.katalon.core.main.TestSuiteExecutor.accessTestCaseMainPhase(TestSuiteExecutor.java:202)
	at com.kms.katalon.core.main.TestSuiteExecutor.accessTestSuiteMainPhase(TestSuiteExecutor.java:164)
	at com.kms.katalon.core.main.TestSuiteExecutor.execute(TestSuiteExecutor.java:105)
	at com.kms.katalon.core.main.TestCaseMain.startTestSuite(TestCaseMain.java:181)
	at com.kms.katalon.core.main.TestCaseMain$startTestSuite$0.call(Unknown Source)
	at TempTestSuite1648100878643.run(TempTestSuite1648100878643.groovy:36)
)

2022-03-24 12:48:38 - [MESSAGE][FAILED] - Unable to verify element property value (Root cause: java.lang.NullPointerException: Cannot get property 'NetPremi' on null object
	at Script1.run(Script1.groovy:1)
	at com.kms.katalon.core.webservice.helper.WebServiceCommonHelper.parseAndGetPropertyValueForJson(WebServiceCommonHelper.java:213)
	at com.kms.katalon.core.webservice.keyword.builtin.VerifyElementPropertyValueKeyword$_verifyElementPropertyValue_closure1.doCall(VerifyElementPropertyValueKeyword.groovy:52)
	at com.kms.katalon.core.webservice.keyword.builtin.VerifyElementPropertyValueKeyword$_verifyElementPropertyValue_closure1.call(VerifyElementPropertyValueKeyword.groovy)
	at com.kms.katalon.core.keyword.internal.KeywordMain.runKeyword(KeywordMain.groovy:74)
	at com.kms.katalon.core.webservice.keyword.builtin.VerifyElementPropertyValueKeyword.verifyElementPropertyValue(VerifyElementPropertyValueKeyword.groovy:48)
	at com.kms.katalon.core.webservice.keyword.builtin.VerifyElementPropertyValueKeyword.execute(VerifyElementPropertyValueKeyword.groovy:43)
	at com.kms.katalon.core.keyword.internal.KeywordExecutor.executeKeywordForPlatform(KeywordExecutor.groovy:74)
	at com.kms.katalon.core.webservice.keyword.WSBuiltInKeywords.verifyElementPropertyValue(WSBuiltInKeywords.groovy:175)
	at com.kms.katalon.core.webservice.keyword.WSBuiltInKeywords$verifyElementPropertyValue$0.call(Unknown Source)
	at 1. get token - data order.run(1. get token - data order:778)
	at com.kms.katalon.core.main.ScriptEngine.run(ScriptEngine.java:194)
	at com.kms.katalon.core.main.ScriptEngine.runScriptAsRawText(ScriptEngine.java:119)
	at com.kms.katalon.core.main.TestCaseExecutor.runScript(TestCaseExecutor.java:442)
	at com.kms.katalon.core.main.TestCaseExecutor.doExecute(TestCaseExecutor.java:433)
	at com.kms.katalon.core.main.TestCaseExecutor.processExecutionPhase(TestCaseExecutor.java:412)
	at com.kms.katalon.core.main.TestCaseExecutor.accessMainPhase(TestCaseExecutor.java:404)
	at com.kms.katalon.core.main.TestCaseExecutor.execute(TestCaseExecutor.java:281)
	at com.kms.katalon.core.main.TestSuiteExecutor.accessTestCaseMainPhase(TestSuiteExecutor.java:202)
	at com.kms.katalon.core.main.TestSuiteExecutor.accessTestSuiteMainPhase(TestSuiteExecutor.java:164)
	at com.kms.katalon.core.main.TestSuiteExecutor.execute(TestSuiteExecutor.java:105)
	at com.kms.katalon.core.main.TestCaseMain.startTestSuite(TestCaseMain.java:181)
	at com.kms.katalon.core.main.TestCaseMain$startTestSuite$0.call(Unknown Source)
	at TempTestSuite1648100878643.run(TempTestSuite1648100878643.groovy:36)
)

2022-03-24 12:48:38 - [TEST_STEP][FAILED] - verifyElementPropertyValue(order, "GetDataOrderResponse.ListDataOrder[0].InsuranceData[4].PerluasanJaminan.TJH", o_tjh_val_4, CONTINUE_ON_FAILURE): Unable to verify element property value (Root cause: java.lang.NullPointerException: Cannot get property 'PerluasanJaminan' on null object
	at Script1.run(Script1.groovy:1)
	at com.kms.katalon.core.webservice.helper.WebServiceCommonHelper.parseAndGetPropertyValueForJson(WebServiceCommonHelper.java:213)
	at com.kms.katalon.core.webservice.keyword.builtin.VerifyElementPropertyValueKeyword$_verifyElementPropertyValue_closure1.doCall(VerifyElementPropertyValueKeyword.groovy:52)
	at com.kms.katalon.core.webservice.keyword.builtin.VerifyElementPropertyValueKeyword$_verifyElementPropertyValue_closure1.call(VerifyElementPropertyValueKeyword.groovy)
	at com.kms.katalon.core.keyword.internal.KeywordMain.runKeyword(KeywordMain.groovy:74)
	at com.kms.katalon.core.webservice.keyword.builtin.VerifyElementPropertyValueKeyword.verifyElementPropertyValue(VerifyElementPropertyValueKeyword.groovy:48)
	at com.kms.katalon.core.webservice.keyword.builtin.VerifyElementPropertyValueKeyword.execute(VerifyElementPropertyValueKeyword.groovy:43)
	at com.kms.katalon.core.keyword.internal.KeywordExecutor.executeKeywordForPlatform(KeywordExecutor.groovy:74)
	at com.kms.katalon.core.webservice.keyword.WSBuiltInKeywords.verifyElementPropertyValue(WSBuiltInKeywords.groovy:175)
	at com.kms.katalon.core.webservice.keyword.WSBuiltInKeywords$verifyElementPropertyValue$0.call(Unknown Source)
	at 1. get token - data order.run(1. get token - data order:781)
	at com.kms.katalon.core.main.ScriptEngine.run(ScriptEngine.java:194)
	at com.kms.katalon.core.main.ScriptEngine.runScriptAsRawText(ScriptEngine.java:119)
	at com.kms.katalon.core.main.TestCaseExecutor.runScript(TestCaseExecutor.java:442)
	at com.kms.katalon.core.main.TestCaseExecutor.doExecute(TestCaseExecutor.java:433)
	at com.kms.katalon.core.main.TestCaseExecutor.processExecutionPhase(TestCaseExecutor.java:412)
	at com.kms.katalon.core.main.TestCaseExecutor.accessMainPhase(TestCaseExecutor.java:404)
	at com.kms.katalon.core.main.TestCaseExecutor.execute(TestCaseExecutor.java:281)
	at com.kms.katalon.core.main.TestSuiteExecutor.accessTestCaseMainPhase(TestSuiteExecutor.java:202)
	at com.kms.katalon.core.main.TestSuiteExecutor.accessTestSuiteMainPhase(TestSuiteExecutor.java:164)
	at com.kms.katalon.core.main.TestSuiteExecutor.execute(TestSuiteExecutor.java:105)
	at com.kms.katalon.core.main.TestCaseMain.startTestSuite(TestCaseMain.java:181)
	at com.kms.katalon.core.main.TestCaseMain$startTestSuite$0.call(Unknown Source)
	at TempTestSuite1648100878643.run(TempTestSuite1648100878643.groovy:36)
)

2022-03-24 12:48:38 - [MESSAGE][FAILED] - Unable to verify element property value (Root cause: java.lang.NullPointerException: Cannot get property 'PerluasanJaminan' on null object
	at Script1.run(Script1.groovy:1)
	at com.kms.katalon.core.webservice.helper.WebServiceCommonHelper.parseAndGetPropertyValueForJson(WebServiceCommonHelper.java:213)
	at com.kms.katalon.core.webservice.keyword.builtin.VerifyElementPropertyValueKeyword$_verifyElementPropertyValue_closure1.doCall(VerifyElementPropertyValueKeyword.groovy:52)
	at com.kms.katalon.core.webservice.keyword.builtin.VerifyElementPropertyValueKeyword$_verifyElementPropertyValue_closure1.call(VerifyElementPropertyValueKeyword.groovy)
	at com.kms.katalon.core.keyword.internal.KeywordMain.runKeyword(KeywordMain.groovy:74)
	at com.kms.katalon.core.webservice.keyword.builtin.VerifyElementPropertyValueKeyword.verifyElementPropertyValue(VerifyElementPropertyValueKeyword.groovy:48)
	at com.kms.katalon.core.webservice.keyword.builtin.VerifyElementPropertyValueKeyword.execute(VerifyElementPropertyValueKeyword.groovy:43)
	at com.kms.katalon.core.keyword.internal.KeywordExecutor.executeKeywordForPlatform(KeywordExecutor.groovy:74)
	at com.kms.katalon.core.webservice.keyword.WSBuiltInKeywords.verifyElementPropertyValue(WSBuiltInKeywords.groovy:175)
	at com.kms.katalon.core.webservice.keyword.WSBuiltInKeywords$verifyElementPropertyValue$0.call(Unknown Source)
	at 1. get token - data order.run(1. get token - data order:781)
	at com.kms.katalon.core.main.ScriptEngine.run(ScriptEngine.java:194)
	at com.kms.katalon.core.main.ScriptEngine.runScriptAsRawText(ScriptEngine.java:119)
	at com.kms.katalon.core.main.TestCaseExecutor.runScript(TestCaseExecutor.java:442)
	at com.kms.katalon.core.main.TestCaseExecutor.doExecute(TestCaseExecutor.java:433)
	at com.kms.katalon.core.main.TestCaseExecutor.processExecutionPhase(TestCaseExecutor.java:412)
	at com.kms.katalon.core.main.TestCaseExecutor.accessMainPhase(TestCaseExecutor.java:404)
	at com.kms.katalon.core.main.TestCaseExecutor.execute(TestCaseExecutor.java:281)
	at com.kms.katalon.core.main.TestSuiteExecutor.accessTestCaseMainPhase(TestSuiteExecutor.java:202)
	at com.kms.katalon.core.main.TestSuiteExecutor.accessTestSuiteMainPhase(TestSuiteExecutor.java:164)
	at com.kms.katalon.core.main.TestSuiteExecutor.execute(TestSuiteExecutor.java:105)
	at com.kms.katalon.core.main.TestCaseMain.startTestSuite(TestCaseMain.java:181)
	at com.kms.katalon.core.main.TestCaseMain$startTestSuite$0.call(Unknown Source)
	at TempTestSuite1648100878643.run(TempTestSuite1648100878643.groovy:36)
)

2022-03-24 12:48:38 - [TEST_STEP][FAILED] - verifyElementPropertyValue(order, "GetDataOrderResponse.ListDataOrder[0].InsuranceData[4].PerluasanJaminan.RSCC", o_rscc_val_4, CONTINUE_ON_FAILURE): Unable to verify element property value (Root cause: java.lang.NullPointerException: Cannot get property 'PerluasanJaminan' on null object
	at Script1.run(Script1.groovy:1)
	at com.kms.katalon.core.webservice.helper.WebServiceCommonHelper.parseAndGetPropertyValueForJson(WebServiceCommonHelper.java:213)
	at com.kms.katalon.core.webservice.keyword.builtin.VerifyElementPropertyValueKeyword$_verifyElementPropertyValue_closure1.doCall(VerifyElementPropertyValueKeyword.groovy:52)
	at com.kms.katalon.core.webservice.keyword.builtin.VerifyElementPropertyValueKeyword$_verifyElementPropertyValue_closure1.call(VerifyElementPropertyValueKeyword.groovy)
	at com.kms.katalon.core.keyword.internal.KeywordMain.runKeyword(KeywordMain.groovy:74)
	at com.kms.katalon.core.webservice.keyword.builtin.VerifyElementPropertyValueKeyword.verifyElementPropertyValue(VerifyElementPropertyValueKeyword.groovy:48)
	at com.kms.katalon.core.webservice.keyword.builtin.VerifyElementPropertyValueKeyword.execute(VerifyElementPropertyValueKeyword.groovy:43)
	at com.kms.katalon.core.keyword.internal.KeywordExecutor.executeKeywordForPlatform(KeywordExecutor.groovy:74)
	at com.kms.katalon.core.webservice.keyword.WSBuiltInKeywords.verifyElementPropertyValue(WSBuiltInKeywords.groovy:175)
	at com.kms.katalon.core.webservice.keyword.WSBuiltInKeywords$verifyElementPropertyValue$0.call(Unknown Source)
	at 1. get token - data order.run(1. get token - data order:784)
	at com.kms.katalon.core.main.ScriptEngine.run(ScriptEngine.java:194)
	at com.kms.katalon.core.main.ScriptEngine.runScriptAsRawText(ScriptEngine.java:119)
	at com.kms.katalon.core.main.TestCaseExecutor.runScript(TestCaseExecutor.java:442)
	at com.kms.katalon.core.main.TestCaseExecutor.doExecute(TestCaseExecutor.java:433)
	at com.kms.katalon.core.main.TestCaseExecutor.processExecutionPhase(TestCaseExecutor.java:412)
	at com.kms.katalon.core.main.TestCaseExecutor.accessMainPhase(TestCaseExecutor.java:404)
	at com.kms.katalon.core.main.TestCaseExecutor.execute(TestCaseExecutor.java:281)
	at com.kms.katalon.core.main.TestSuiteExecutor.accessTestCaseMainPhase(TestSuiteExecutor.java:202)
	at com.kms.katalon.core.main.TestSuiteExecutor.accessTestSuiteMainPhase(TestSuiteExecutor.java:164)
	at com.kms.katalon.core.main.TestSuiteExecutor.execute(TestSuiteExecutor.java:105)
	at com.kms.katalon.core.main.TestCaseMain.startTestSuite(TestCaseMain.java:181)
	at com.kms.katalon.core.main.TestCaseMain$startTestSuite$0.call(Unknown Source)
	at TempTestSuite1648100878643.run(TempTestSuite1648100878643.groovy:36)
)

2022-03-24 12:48:38 - [MESSAGE][FAILED] - Unable to verify element property value (Root cause: java.lang.NullPointerException: Cannot get property 'PerluasanJaminan' on null object
	at Script1.run(Script1.groovy:1)
	at com.kms.katalon.core.webservice.helper.WebServiceCommonHelper.parseAndGetPropertyValueForJson(WebServiceCommonHelper.java:213)
	at com.kms.katalon.core.webservice.keyword.builtin.VerifyElementPropertyValueKeyword$_verifyElementPropertyValue_closure1.doCall(VerifyElementPropertyValueKeyword.groovy:52)
	at com.kms.katalon.core.webservice.keyword.builtin.VerifyElementPropertyValueKeyword$_verifyElementPropertyValue_closure1.call(VerifyElementPropertyValueKeyword.groovy)
	at com.kms.katalon.core.keyword.internal.KeywordMain.runKeyword(KeywordMain.groovy:74)
	at com.kms.katalon.core.webservice.keyword.builtin.VerifyElementPropertyValueKeyword.verifyElementPropertyValue(VerifyElementPropertyValueKeyword.groovy:48)
	at com.kms.katalon.core.webservice.keyword.builtin.VerifyElementPropertyValueKeyword.execute(VerifyElementPropertyValueKeyword.groovy:43)
	at com.kms.katalon.core.keyword.internal.KeywordExecutor.executeKeywordForPlatform(KeywordExecutor.groovy:74)
	at com.kms.katalon.core.webservice.keyword.WSBuiltInKeywords.verifyElementPropertyValue(WSBuiltInKeywords.groovy:175)
	at com.kms.katalon.core.webservice.keyword.WSBuiltInKeywords$verifyElementPropertyValue$0.call(Unknown Source)
	at 1. get token - data order.run(1. get token - data order:784)
	at com.kms.katalon.core.main.ScriptEngine.run(ScriptEngine.java:194)
	at com.kms.katalon.core.main.ScriptEngine.runScriptAsRawText(ScriptEngine.java:119)
	at com.kms.katalon.core.main.TestCaseExecutor.runScript(TestCaseExecutor.java:442)
	at com.kms.katalon.core.main.TestCaseExecutor.doExecute(TestCaseExecutor.java:433)
	at com.kms.katalon.core.main.TestCaseExecutor.processExecutionPhase(TestCaseExecutor.java:412)
	at com.kms.katalon.core.main.TestCaseExecutor.accessMainPhase(TestCaseExecutor.java:404)
	at com.kms.katalon.core.main.TestCaseExecutor.execute(TestCaseExecutor.java:281)
	at com.kms.katalon.core.main.TestSuiteExecutor.accessTestCaseMainPhase(TestSuiteExecutor.java:202)
	at com.kms.katalon.core.main.TestSuiteExecutor.accessTestSuiteMainPhase(TestSuiteExecutor.java:164)
	at com.kms.katalon.core.main.TestSuiteExecutor.execute(TestSuiteExecutor.java:105)
	at com.kms.katalon.core.main.TestCaseMain.startTestSuite(TestCaseMain.java:181)
	at com.kms.katalon.core.main.TestCaseMain$startTestSuite$0.call(Unknown Source)
	at TempTestSuite1648100878643.run(TempTestSuite1648100878643.groovy:36)
)

2022-03-24 12:48:38 - [TEST_STEP][FAILED] - verifyElementPropertyValue(order, "GetDataOrderResponse.ListDataOrder[0].InsuranceData[4].PerluasanJaminan.Banjir", o_rsmb_val_4, CONTINUE_ON_FAILURE): Unable to verify element property value (Root cause: java.lang.NullPointerException: Cannot get property 'PerluasanJaminan' on null object
	at Script1.run(Script1.groovy:1)
	at com.kms.katalon.core.webservice.helper.WebServiceCommonHelper.parseAndGetPropertyValueForJson(WebServiceCommonHelper.java:213)
	at com.kms.katalon.core.webservice.keyword.builtin.VerifyElementPropertyValueKeyword$_verifyElementPropertyValue_closure1.doCall(VerifyElementPropertyValueKeyword.groovy:52)
	at com.kms.katalon.core.webservice.keyword.builtin.VerifyElementPropertyValueKeyword$_verifyElementPropertyValue_closure1.call(VerifyElementPropertyValueKeyword.groovy)
	at com.kms.katalon.core.keyword.internal.KeywordMain.runKeyword(KeywordMain.groovy:74)
	at com.kms.katalon.core.webservice.keyword.builtin.VerifyElementPropertyValueKeyword.verifyElementPropertyValue(VerifyElementPropertyValueKeyword.groovy:48)
	at com.kms.katalon.core.webservice.keyword.builtin.VerifyElementPropertyValueKeyword.execute(VerifyElementPropertyValueKeyword.groovy:43)
	at com.kms.katalon.core.keyword.internal.KeywordExecutor.executeKeywordForPlatform(KeywordExecutor.groovy:74)
	at com.kms.katalon.core.webservice.keyword.WSBuiltInKeywords.verifyElementPropertyValue(WSBuiltInKeywords.groovy:175)
	at com.kms.katalon.core.webservice.keyword.WSBuiltInKeywords$verifyElementPropertyValue$0.call(Unknown Source)
	at 1. get token - data order.run(1. get token - data order:787)
	at com.kms.katalon.core.main.ScriptEngine.run(ScriptEngine.java:194)
	at com.kms.katalon.core.main.ScriptEngine.runScriptAsRawText(ScriptEngine.java:119)
	at com.kms.katalon.core.main.TestCaseExecutor.runScript(TestCaseExecutor.java:442)
	at com.kms.katalon.core.main.TestCaseExecutor.doExecute(TestCaseExecutor.java:433)
	at com.kms.katalon.core.main.TestCaseExecutor.processExecutionPhase(TestCaseExecutor.java:412)
	at com.kms.katalon.core.main.TestCaseExecutor.accessMainPhase(TestCaseExecutor.java:404)
	at com.kms.katalon.core.main.TestCaseExecutor.execute(TestCaseExecutor.java:281)
	at com.kms.katalon.core.main.TestSuiteExecutor.accessTestCaseMainPhase(TestSuiteExecutor.java:202)
	at com.kms.katalon.core.main.TestSuiteExecutor.accessTestSuiteMainPhase(TestSuiteExecutor.java:164)
	at com.kms.katalon.core.main.TestSuiteExecutor.execute(TestSuiteExecutor.java:105)
	at com.kms.katalon.core.main.TestCaseMain.startTestSuite(TestCaseMain.java:181)
	at com.kms.katalon.core.main.TestCaseMain$startTestSuite$0.call(Unknown Source)
	at TempTestSuite1648100878643.run(TempTestSuite1648100878643.groovy:36)
)

2022-03-24 12:48:38 - [MESSAGE][FAILED] - Unable to verify element property value (Root cause: java.lang.NullPointerException: Cannot get property 'PerluasanJaminan' on null object
	at Script1.run(Script1.groovy:1)
	at com.kms.katalon.core.webservice.helper.WebServiceCommonHelper.parseAndGetPropertyValueForJson(WebServiceCommonHelper.java:213)
	at com.kms.katalon.core.webservice.keyword.builtin.VerifyElementPropertyValueKeyword$_verifyElementPropertyValue_closure1.doCall(VerifyElementPropertyValueKeyword.groovy:52)
	at com.kms.katalon.core.webservice.keyword.builtin.VerifyElementPropertyValueKeyword$_verifyElementPropertyValue_closure1.call(VerifyElementPropertyValueKeyword.groovy)
	at com.kms.katalon.core.keyword.internal.KeywordMain.runKeyword(KeywordMain.groovy:74)
	at com.kms.katalon.core.webservice.keyword.builtin.VerifyElementPropertyValueKeyword.verifyElementPropertyValue(VerifyElementPropertyValueKeyword.groovy:48)
	at com.kms.katalon.core.webservice.keyword.builtin.VerifyElementPropertyValueKeyword.execute(VerifyElementPropertyValueKeyword.groovy:43)
	at com.kms.katalon.core.keyword.internal.KeywordExecutor.executeKeywordForPlatform(KeywordExecutor.groovy:74)
	at com.kms.katalon.core.webservice.keyword.WSBuiltInKeywords.verifyElementPropertyValue(WSBuiltInKeywords.groovy:175)
	at com.kms.katalon.core.webservice.keyword.WSBuiltInKeywords$verifyElementPropertyValue$0.call(Unknown Source)
	at 1. get token - data order.run(1. get token - data order:787)
	at com.kms.katalon.core.main.ScriptEngine.run(ScriptEngine.java:194)
	at com.kms.katalon.core.main.ScriptEngine.runScriptAsRawText(ScriptEngine.java:119)
	at com.kms.katalon.core.main.TestCaseExecutor.runScript(TestCaseExecutor.java:442)
	at com.kms.katalon.core.main.TestCaseExecutor.doExecute(TestCaseExecutor.java:433)
	at com.kms.katalon.core.main.TestCaseExecutor.processExecutionPhase(TestCaseExecutor.java:412)
	at com.kms.katalon.core.main.TestCaseExecutor.accessMainPhase(TestCaseExecutor.java:404)
	at com.kms.katalon.core.main.TestCaseExecutor.execute(TestCaseExecutor.java:281)
	at com.kms.katalon.core.main.TestSuiteExecutor.accessTestCaseMainPhase(TestSuiteExecutor.java:202)
	at com.kms.katalon.core.main.TestSuiteExecutor.accessTestSuiteMainPhase(TestSuiteExecutor.java:164)
	at com.kms.katalon.core.main.TestSuiteExecutor.execute(TestSuiteExecutor.java:105)
	at com.kms.katalon.core.main.TestCaseMain.startTestSuite(TestCaseMain.java:181)
	at com.kms.katalon.core.main.TestCaseMain$startTestSuite$0.call(Unknown Source)
	at TempTestSuite1648100878643.run(TempTestSuite1648100878643.groovy:36)
)

2022-03-24 12:48:38 - [TEST_STEP][FAILED] - verifyElementPropertyValue(order, "GetDataOrderResponse.ListDataOrder[0].InsuranceData[4].PerluasanJaminan.Accessories", o_acc_val_4, CONTINUE_ON_FAILURE): Unable to verify element property value (Root cause: java.lang.NullPointerException: Cannot get property 'PerluasanJaminan' on null object
	at Script1.run(Script1.groovy:1)
	at com.kms.katalon.core.webservice.helper.WebServiceCommonHelper.parseAndGetPropertyValueForJson(WebServiceCommonHelper.java:213)
	at com.kms.katalon.core.webservice.keyword.builtin.VerifyElementPropertyValueKeyword$_verifyElementPropertyValue_closure1.doCall(VerifyElementPropertyValueKeyword.groovy:52)
	at com.kms.katalon.core.webservice.keyword.builtin.VerifyElementPropertyValueKeyword$_verifyElementPropertyValue_closure1.call(VerifyElementPropertyValueKeyword.groovy)
	at com.kms.katalon.core.keyword.internal.KeywordMain.runKeyword(KeywordMain.groovy:74)
	at com.kms.katalon.core.webservice.keyword.builtin.VerifyElementPropertyValueKeyword.verifyElementPropertyValue(VerifyElementPropertyValueKeyword.groovy:48)
	at com.kms.katalon.core.webservice.keyword.builtin.VerifyElementPropertyValueKeyword.execute(VerifyElementPropertyValueKeyword.groovy:43)
	at com.kms.katalon.core.keyword.internal.KeywordExecutor.executeKeywordForPlatform(KeywordExecutor.groovy:74)
	at com.kms.katalon.core.webservice.keyword.WSBuiltInKeywords.verifyElementPropertyValue(WSBuiltInKeywords.groovy:175)
	at com.kms.katalon.core.webservice.keyword.WSBuiltInKeywords$verifyElementPropertyValue$0.call(Unknown Source)
	at 1. get token - data order.run(1. get token - data order:790)
	at com.kms.katalon.core.main.ScriptEngine.run(ScriptEngine.java:194)
	at com.kms.katalon.core.main.ScriptEngine.runScriptAsRawText(ScriptEngine.java:119)
	at com.kms.katalon.core.main.TestCaseExecutor.runScript(TestCaseExecutor.java:442)
	at com.kms.katalon.core.main.TestCaseExecutor.doExecute(TestCaseExecutor.java:433)
	at com.kms.katalon.core.main.TestCaseExecutor.processExecutionPhase(TestCaseExecutor.java:412)
	at com.kms.katalon.core.main.TestCaseExecutor.accessMainPhase(TestCaseExecutor.java:404)
	at com.kms.katalon.core.main.TestCaseExecutor.execute(TestCaseExecutor.java:281)
	at com.kms.katalon.core.main.TestSuiteExecutor.accessTestCaseMainPhase(TestSuiteExecutor.java:202)
	at com.kms.katalon.core.main.TestSuiteExecutor.accessTestSuiteMainPhase(TestSuiteExecutor.java:164)
	at com.kms.katalon.core.main.TestSuiteExecutor.execute(TestSuiteExecutor.java:105)
	at com.kms.katalon.core.main.TestCaseMain.startTestSuite(TestCaseMain.java:181)
	at com.kms.katalon.core.main.TestCaseMain$startTestSuite$0.call(Unknown Source)
	at TempTestSuite1648100878643.run(TempTestSuite1648100878643.groovy:36)
)

2022-03-24 12:48:39 - [MESSAGE][FAILED] - Unable to verify element property value (Root cause: java.lang.NullPointerException: Cannot get property 'PerluasanJaminan' on null object
	at Script1.run(Script1.groovy:1)
	at com.kms.katalon.core.webservice.helper.WebServiceCommonHelper.parseAndGetPropertyValueForJson(WebServiceCommonHelper.java:213)
	at com.kms.katalon.core.webservice.keyword.builtin.VerifyElementPropertyValueKeyword$_verifyElementPropertyValue_closure1.doCall(VerifyElementPropertyValueKeyword.groovy:52)
	at com.kms.katalon.core.webservice.keyword.builtin.VerifyElementPropertyValueKeyword$_verifyElementPropertyValue_closure1.call(VerifyElementPropertyValueKeyword.groovy)
	at com.kms.katalon.core.keyword.internal.KeywordMain.runKeyword(KeywordMain.groovy:74)
	at com.kms.katalon.core.webservice.keyword.builtin.VerifyElementPropertyValueKeyword.verifyElementPropertyValue(VerifyElementPropertyValueKeyword.groovy:48)
	at com.kms.katalon.core.webservice.keyword.builtin.VerifyElementPropertyValueKeyword.execute(VerifyElementPropertyValueKeyword.groovy:43)
	at com.kms.katalon.core.keyword.internal.KeywordExecutor.executeKeywordForPlatform(KeywordExecutor.groovy:74)
	at com.kms.katalon.core.webservice.keyword.WSBuiltInKeywords.verifyElementPropertyValue(WSBuiltInKeywords.groovy:175)
	at com.kms.katalon.core.webservice.keyword.WSBuiltInKeywords$verifyElementPropertyValue$0.call(Unknown Source)
	at 1. get token - data order.run(1. get token - data order:790)
	at com.kms.katalon.core.main.ScriptEngine.run(ScriptEngine.java:194)
	at com.kms.katalon.core.main.ScriptEngine.runScriptAsRawText(ScriptEngine.java:119)
	at com.kms.katalon.core.main.TestCaseExecutor.runScript(TestCaseExecutor.java:442)
	at com.kms.katalon.core.main.TestCaseExecutor.doExecute(TestCaseExecutor.java:433)
	at com.kms.katalon.core.main.TestCaseExecutor.processExecutionPhase(TestCaseExecutor.java:412)
	at com.kms.katalon.core.main.TestCaseExecutor.accessMainPhase(TestCaseExecutor.java:404)
	at com.kms.katalon.core.main.TestCaseExecutor.execute(TestCaseExecutor.java:281)
	at com.kms.katalon.core.main.TestSuiteExecutor.accessTestCaseMainPhase(TestSuiteExecutor.java:202)
	at com.kms.katalon.core.main.TestSuiteExecutor.accessTestSuiteMainPhase(TestSuiteExecutor.java:164)
	at com.kms.katalon.core.main.TestSuiteExecutor.execute(TestSuiteExecutor.java:105)
	at com.kms.katalon.core.main.TestCaseMain.startTestSuite(TestCaseMain.java:181)
	at com.kms.katalon.core.main.TestCaseMain$startTestSuite$0.call(Unknown Source)
	at TempTestSuite1648100878643.run(TempTestSuite1648100878643.groovy:36)
)

2022-03-24 12:48:39 - [TEST_STEP][PASSED] - break: null]]></system-out>
         <system-err><![CDATA[2022-03-24 12:48:34 - [TEST_CASE][FAILED] - Test Cases/1. get token - data order: Test Cases/1. get token - data order FAILED.
Reason:
com.kms.katalon.core.exception.StepFailedException: Expected element property value '1333001485' is not equal with actual property value '1154000993'
	at com.kms.katalon.core.keyword.internal.KeywordMain.stepFailed(KeywordMain.groovy:39)
	at com.kms.katalon.core.webservice.keyword.builtin.VerifyElementPropertyValueKeyword$_verifyElementPropertyValue_closure1.doCall(VerifyElementPropertyValueKeyword.groovy:56)
	at com.kms.katalon.core.webservice.keyword.builtin.VerifyElementPropertyValueKeyword$_verifyElementPropertyValue_closure1.call(VerifyElementPropertyValueKeyword.groovy)
	at com.kms.katalon.core.keyword.internal.KeywordMain.runKeyword(KeywordMain.groovy:74)
	at com.kms.katalon.core.webservice.keyword.builtin.VerifyElementPropertyValueKeyword.verifyElementPropertyValue(VerifyElementPropertyValueKeyword.groovy:48)
	at com.kms.katalon.core.webservice.keyword.builtin.VerifyElementPropertyValueKeyword.execute(VerifyElementPropertyValueKeyword.groovy:43)
	at com.kms.katalon.core.keyword.internal.KeywordExecutor.executeKeywordForPlatform(KeywordExecutor.groovy:74)
	at com.kms.katalon.core.webservice.keyword.WSBuiltInKeywords.verifyElementPropertyValue(WSBuiltInKeywords.groovy:175)
	at com.kms.katalon.core.webservice.keyword.WSBuiltInKeywords$verifyElementPropertyValue$0.call(Unknown Source)
	at 1. get token - data order.run(1. get token - data order:54)
	at com.kms.katalon.core.main.ScriptEngine.run(ScriptEngine.java:194)
	at com.kms.katalon.core.main.ScriptEngine.runScriptAsRawText(ScriptEngine.java:119)
	at com.kms.katalon.core.main.TestCaseExecutor.runScript(TestCaseExecutor.java:442)
	at com.kms.katalon.core.main.TestCaseExecutor.doExecute(TestCaseExecutor.java:433)
	at com.kms.katalon.core.main.TestCaseExecutor.processExecutionPhase(TestCaseExecutor.java:412)
	at com.kms.katalon.core.main.TestCaseExecutor.accessMainPhase(TestCaseExecutor.java:404)
	at com.kms.katalon.core.main.TestCaseExecutor.execute(TestCaseExecutor.java:281)
	at com.kms.katalon.core.main.TestSuiteExecutor.accessTestCaseMainPhase(TestSuiteExecutor.java:202)
	at com.kms.katalon.core.main.TestSuiteExecutor.accessTestSuiteMainPhase(TestSuiteExecutor.java:164)
	at com.kms.katalon.core.main.TestSuiteExecutor.execute(TestSuiteExecutor.java:105)
	at com.kms.katalon.core.main.TestCaseMain.startTestSuite(TestCaseMain.java:181)
	at com.kms.katalon.core.main.TestCaseMain$startTestSuite$0.call(Unknown Source)
	at TempTestSuite1648100878643.run(TempTestSuite1648100878643.groovy:36)]]></system-err>
      </testcase>
      <testcase name="Test Cases/1. get token - data order" time="4.088" classname="Test Cases/1. get token - data order" status="FAILED">
         <failure type="FAILED" message="Test Cases/1. get token - data order FAILED.
Reason:
com.kms.katalon.core.exception.StepFailedException: Expected element property value '9400010429' is not equal with actual property value '1154000993'
	at com.kms.katalon.core.keyword.internal.KeywordMain.stepFailed(KeywordMain.groovy:39)
	at com.kms.katalon.core.webservice.keyword.builtin.VerifyElementPropertyValueKeyword$_verifyElementPropertyValue_closure1.doCall(VerifyElementPropertyValueKeyword.groovy:56)
	at com.kms.katalon.core.webservice.keyword.builtin.VerifyElementPropertyValueKeyword$_verifyElementPropertyValue_closure1.call(VerifyElementPropertyValueKeyword.groovy)
	at com.kms.katalon.core.keyword.internal.KeywordMain.runKeyword(KeywordMain.groovy:74)
	at com.kms.katalon.core.webservice.keyword.builtin.VerifyElementPropertyValueKeyword.verifyElementPropertyValue(VerifyElementPropertyValueKeyword.groovy:48)
	at com.kms.katalon.core.webservice.keyword.builtin.VerifyElementPropertyValueKeyword.execute(VerifyElementPropertyValueKeyword.groovy:43)
	at com.kms.katalon.core.keyword.internal.KeywordExecutor.executeKeywordForPlatform(KeywordExecutor.groovy:74)
	at com.kms.katalon.core.webservice.keyword.WSBuiltInKeywords.verifyElementPropertyValue(WSBuiltInKeywords.groovy:175)
	at com.kms.katalon.core.webservice.keyword.WSBuiltInKeywords$verifyElementPropertyValue$0.call(Unknown Source)
	at 1. get token - data order.run(1. get token - data order:54)
	at com.kms.katalon.core.main.ScriptEngine.run(ScriptEngine.java:194)
	at com.kms.katalon.core.main.ScriptEngine.runScriptAsRawText(ScriptEngine.java:119)
	at com.kms.katalon.core.main.TestCaseExecutor.runScript(TestCaseExecutor.java:442)
	at com.kms.katalon.core.main.TestCaseExecutor.doExecute(TestCaseExecutor.java:433)
	at com.kms.katalon.core.main.TestCaseExecutor.processExecutionPhase(TestCaseExecutor.java:412)
	at com.kms.katalon.core.main.TestCaseExecutor.accessMainPhase(TestCaseExecutor.java:404)
	at com.kms.katalon.core.main.TestCaseExecutor.execute(TestCaseExecutor.java:281)
	at com.kms.katalon.core.main.TestSuiteExecutor.accessTestCaseMainPhase(TestSuiteExecutor.java:202)
	at com.kms.katalon.core.main.TestSuiteExecutor.accessTestSuiteMainPhase(TestSuiteExecutor.java:164)
	at com.kms.katalon.core.main.TestSuiteExecutor.execute(TestSuiteExecutor.java:105)
	at com.kms.katalon.core.main.TestCaseMain.startTestSuite(TestCaseMain.java:181)
	at com.kms.katalon.core.main.TestCaseMain$startTestSuite$0.call(Unknown Source)
	at TempTestSuite1648100878643.run(TempTestSuite1648100878643.groovy:36)
"/>
         <system-out><![CDATA[2022-03-24 12:48:39 - [TEST_CASE][FAILED] - Test Cases/1. get token - data order: Test Cases/1. get token - data order FAILED.
Reason:
com.kms.katalon.core.exception.StepFailedException: Expected element property value '9400010429' is not equal with actual property value '1154000993'
	at com.kms.katalon.core.keyword.internal.KeywordMain.stepFailed(KeywordMain.groovy:39)
	at com.kms.katalon.core.webservice.keyword.builtin.VerifyElementPropertyValueKeyword$_verifyElementPropertyValue_closure1.doCall(VerifyElementPropertyValueKeyword.groovy:56)
	at com.kms.katalon.core.webservice.keyword.builtin.VerifyElementPropertyValueKeyword$_verifyElementPropertyValue_closure1.call(VerifyElementPropertyValueKeyword.groovy)
	at com.kms.katalon.core.keyword.internal.KeywordMain.runKeyword(KeywordMain.groovy:74)
	at com.kms.katalon.core.webservice.keyword.builtin.VerifyElementPropertyValueKeyword.verifyElementPropertyValue(VerifyElementPropertyValueKeyword.groovy:48)
	at com.kms.katalon.core.webservice.keyword.builtin.VerifyElementPropertyValueKeyword.execute(VerifyElementPropertyValueKeyword.groovy:43)
	at com.kms.katalon.core.keyword.internal.KeywordExecutor.executeKeywordForPlatform(KeywordExecutor.groovy:74)
	at com.kms.katalon.core.webservice.keyword.WSBuiltInKeywords.verifyElementPropertyValue(WSBuiltInKeywords.groovy:175)
	at com.kms.katalon.core.webservice.keyword.WSBuiltInKeywords$verifyElementPropertyValue$0.call(Unknown Source)
	at 1. get token - data order.run(1. get token - data order:54)
	at com.kms.katalon.core.main.ScriptEngine.run(ScriptEngine.java:194)
	at com.kms.katalon.core.main.ScriptEngine.runScriptAsRawText(ScriptEngine.java:119)
	at com.kms.katalon.core.main.TestCaseExecutor.runScript(TestCaseExecutor.java:442)
	at com.kms.katalon.core.main.TestCaseExecutor.doExecute(TestCaseExecutor.java:433)
	at com.kms.katalon.core.main.TestCaseExecutor.processExecutionPhase(TestCaseExecutor.java:412)
	at com.kms.katalon.core.main.TestCaseExecutor.accessMainPhase(TestCaseExecutor.java:404)
	at com.kms.katalon.core.main.TestCaseExecutor.execute(TestCaseExecutor.java:281)
	at com.kms.katalon.core.main.TestSuiteExecutor.accessTestCaseMainPhase(TestSuiteExecutor.java:202)
	at com.kms.katalon.core.main.TestSuiteExecutor.accessTestSuiteMainPhase(TestSuiteExecutor.java:164)
	at com.kms.katalon.core.main.TestSuiteExecutor.execute(TestSuiteExecutor.java:105)
	at com.kms.katalon.core.main.TestCaseMain.startTestSuite(TestCaseMain.java:181)
	at com.kms.katalon.core.main.TestCaseMain$startTestSuite$0.call(Unknown Source)
	at TempTestSuite1648100878643.run(TempTestSuite1648100878643.groovy:36)


2022-03-24 12:48:40 - [TEST_STEP][PASSED] - token = sendRequest(findTestObject("1. Get-Token")): Send request successfully

2022-03-24 12:48:40 - [MESSAGE][INFO] - HAR: I:\app-testing\app-project\Order car insurance\order-car-insurance\Reports\20220324_124757\Get data order\20220324_124758\requests\main\15.har

2022-03-24 12:48:40 - [MESSAGE][PASSED] - Send request successfully

2022-03-24 12:48:40 - [TEST_STEP][PASSED] - slurper = new groovy.json.JsonSlurper(): null

2022-03-24 12:48:40 - [TEST_STEP][PASSED] - get_token = slurper.parseText(token.getResponseBodyContent()): null

2022-03-24 12:48:40 - [TEST_STEP][PASSED] - private_token = access_token: null

2022-03-24 12:48:40 - [TEST_STEP][PASSED] - global_token = private_token: null

2022-03-24 12:48:40 - [TEST_STEP][PASSED] - println("token is :" + global_token): null

2022-03-24 12:48:40 - [TEST_STEP][PASSED] - response_token = token.getResponseText(): null

2022-03-24 12:48:40 - [TEST_STEP][PASSED] - logInfo($response_token): 
            {
                "token_type": "BearerToken",
                "access_token": "A26jjcD8YTbuVgDJ8GZ8omQhZulp",
                "expires_in": "1799",
                "scope": ""
            }
        

2022-03-24 12:48:40 - [MESSAGE][INFO] - 
            {
                "token_type": "BearerToken",
                "access_token": "A26jjcD8YTbuVgDJ8GZ8omQhZulp",
                "expires_in": "1799",
                "scope": ""
            }
        

2022-03-24 12:48:40 - [TEST_STEP][PASSED] - order = sendRequest(findTestObject("3. Get-data-order", ["s_key":global_token, "c_id":c_id, "order_date":order_date, "page":page, "rows":rows])): Send request successfully

2022-03-24 12:48:40 - [MESSAGE][INFO] - HAR: I:\app-testing\app-project\Order car insurance\order-car-insurance\Reports\20220324_124757\Get data order\20220324_124758\requests\main\16.har

2022-03-24 12:48:40 - [MESSAGE][PASSED] - Send request successfully

2022-03-24 12:48:40 - [TEST_STEP][PASSED] - get_order = order.getResponseText(): null

2022-03-24 12:48:40 - [TEST_STEP][PASSED] - markPassed("data ke : " + no): data ke : 6

2022-03-24 12:48:40 - [MESSAGE][PASSED] - data ke : 6

2022-03-24 12:48:40 - [TEST_STEP][PASSED] - verifyElementPropertyValue(order, "GetDataOrderResponse.ListDataOrder[0].TipeOrder", o_tipeorder, CONTINUE_ON_FAILURE): Verify element property value successfully

2022-03-24 12:48:41 - [MESSAGE][PASSED] - Verify element property value successfully

2022-03-24 12:48:41 - [TEST_STEP][PASSED] - verifyElementPropertyValue(order, "GetDataOrderResponse.ListDataOrder[0].BatchID", o_batchid, CONTINUE_ON_FAILURE): Verify element property value successfully

2022-03-24 12:48:41 - [MESSAGE][PASSED] - Verify element property value successfully

2022-03-24 12:48:41 - [TEST_STEP][FAILED] - verifyElementPropertyValue(order, "GetDataOrderResponse.ListDataOrder[0].NoRek", o_norek, CONTINUE_ON_FAILURE): Expected element property value '9400010429' is not equal with actual property value '1154000993'

2022-03-24 12:48:41 - [MESSAGE][FAILED] - Expected element property value '9400010429' is not equal with actual property value '1154000993'

2022-03-24 12:48:41 - [TEST_STEP][PASSED] - verifyElementPropertyValue(order, "GetDataOrderResponse.ListDataOrder[0].NoPin", o_nopin, CONTINUE_ON_FAILURE): Verify element property value successfully

2022-03-24 12:48:41 - [MESSAGE][PASSED] - Verify element property value successfully

2022-03-24 12:48:41 - [TEST_STEP][PASSED] - verifyElementPropertyValue(order, "GetDataOrderResponse.ListDataOrder[0].CustName", o_custname, CONTINUE_ON_FAILURE): Verify element property value successfully

2022-03-24 12:48:41 - [MESSAGE][PASSED] - Verify element property value successfully

2022-03-24 12:48:41 - [TEST_STEP][PASSED] - verifyElementPropertyValue(order, "GetDataOrderResponse.ListDataOrder[0].Pemohon", o_pemohon, CONTINUE_ON_FAILURE): Verify element property value successfully

2022-03-24 12:48:41 - [MESSAGE][PASSED] - Verify element property value successfully

2022-03-24 12:48:41 - [TEST_STEP][FAILED] - verifyElementPropertyValue(order, "GetDataOrderResponse.ListDataOrder[0].HargaPembelian", o_otr, CONTINUE_ON_FAILURE): Expected element property value '233100000.00' is not equal with actual property value '360000000.00'

2022-03-24 12:48:41 - [MESSAGE][FAILED] - Expected element property value '233100000.00' is not equal with actual property value '360000000.00'

2022-03-24 12:48:41 - [TEST_STEP][FAILED] - verifyElementPropertyValue(order, "GetDataOrderResponse.ListDataOrder[0].Cabang", o_branchid, CONTINUE_ON_FAILURE): Expected element property value '9400' is not equal with actual property value '1154'

2022-03-24 12:48:41 - [MESSAGE][FAILED] - Expected element property value '9400' is not equal with actual property value '1154'

2022-03-24 12:48:41 - [TEST_STEP][PASSED] - verifyElementPropertyValue(order, "GetDataOrderResponse.ListDataOrder[0].MerkID", o_merk, CONTINUE_ON_FAILURE): Verify element property value successfully

2022-03-24 12:48:41 - [MESSAGE][PASSED] - Verify element property value successfully

2022-03-24 12:48:41 - [TEST_STEP][FAILED] - verifyElementPropertyValue(order, "GetDataOrderResponse.ListDataOrder[0].TypeMobil", o_type, CONTINUE_ON_FAILURE): Expected element property value 'RAIZE 1.0 T G CVT' is not equal with actual property value 'INNOVA VENTURER 2.0 AT'

2022-03-24 12:48:41 - [MESSAGE][FAILED] - Expected element property value 'RAIZE 1.0 T G CVT' is not equal with actual property value 'INNOVA VENTURER 2.0 AT'

2022-03-24 12:48:41 - [TEST_STEP][PASSED] - verifyElementPropertyValue(order, "GetDataOrderResponse.ListDataOrder[0].JenisMobil", o_jenis, CONTINUE_ON_FAILURE): Verify element property value successfully

2022-03-24 12:48:41 - [MESSAGE][PASSED] - Verify element property value successfully

2022-03-24 12:48:41 - [TEST_STEP][FAILED] - verifyElementPropertyValue(order, "GetDataOrderResponse.ListDataOrder[0].TahunMobil", o_tahun, CONTINUE_ON_FAILURE): Expected element property value '2021' is not equal with actual property value '2017'

2022-03-24 12:48:41 - [MESSAGE][FAILED] - Expected element property value '2021' is not equal with actual property value '2017'

2022-03-24 12:48:41 - [TEST_STEP][FAILED] - verifyElementPropertyValue(order, "GetDataOrderResponse.ListDataOrder[0].Warna", o_warna, CONTINUE_ON_FAILURE): Expected element property value 'DARK GREY MICA MET' is not equal with actual property value 'PUTIH'

2022-03-24 12:48:41 - [MESSAGE][FAILED] - Expected element property value 'DARK GREY MICA MET' is not equal with actual property value 'PUTIH'

2022-03-24 12:48:41 - [TEST_STEP][FAILED] - verifyElementPropertyValue(order, "GetDataOrderResponse.ListDataOrder[0].NoRangka", o_norangka, CONTINUE_ON_FAILURE): Expected element property value 'MHKAA1BA4MJ025633' is not equal with actual property value 'MHFAW8EM4H0206354'

2022-03-24 12:48:41 - [MESSAGE][FAILED] - Expected element property value 'MHKAA1BA4MJ025633' is not equal with actual property value 'MHFAW8EM4H0206354'

2022-03-24 12:48:41 - [TEST_STEP][FAILED] - verifyElementPropertyValue(order, "GetDataOrderResponse.ListDataOrder[0].NoMesin", o_nomesin, CONTINUE_ON_FAILURE): Expected element property value '1KRA647002' is not equal with actual property value '1TRA295932'

2022-03-24 12:48:41 - [MESSAGE][FAILED] - Expected element property value '1KRA647002' is not equal with actual property value '1TRA295932'

2022-03-24 12:48:41 - [TEST_STEP][FAILED] - verifyElementPropertyValue(order, "GetDataOrderResponse.ListDataOrder[0].NoPolisi", o_nopol, CONTINUE_ON_FAILURE): Expected element property value '               ' is not equal with actual property value 'B 2726 BOM'

2022-03-24 12:48:41 - [MESSAGE][FAILED] - Expected element property value '               ' is not equal with actual property value 'B 2726 BOM'

2022-03-24 12:48:41 - [TEST_STEP][FAILED] - verifyElementPropertyValue(order, "GetDataOrderResponse.ListDataOrder[0].NamaBPKB", o_namabpkb, CONTINUE_ON_FAILURE): Expected element property value 'VEGA TRIRIZKA' is not equal with actual property value 'PT AUTORENT LANCAR S'

2022-03-24 12:48:41 - [MESSAGE][FAILED] - Expected element property value 'VEGA TRIRIZKA' is not equal with actual property value 'PT AUTORENT LANCAR S'

2022-03-24 12:48:41 - [TEST_STEP][PASSED] - verifyElementPropertyValue(order, "GetDataOrderResponse.ListDataOrder[0].KategoriMobil", o_kategori, CONTINUE_ON_FAILURE): Verify element property value successfully

2022-03-24 12:48:41 - [MESSAGE][PASSED] - Verify element property value successfully

2022-03-24 12:48:41 - [TEST_STEP][PASSED] - verifyElementPropertyValue(order, "GetDataOrderResponse.ListDataOrder[0].PenggunaanKendaraan", o_purpose, CONTINUE_ON_FAILURE): Verify element property value successfully

2022-03-24 12:48:41 - [MESSAGE][PASSED] - Verify element property value successfully

2022-03-24 12:48:41 - [TEST_STEP][FAILED] - verifyElementPropertyValue(order, "GetDataOrderResponse.ListDataOrder[0].Kondisi", o_kondisi, CONTINUE_ON_FAILURE): Expected element property value '1' is not equal with actual property value '2'

2022-03-24 12:48:41 - [MESSAGE][FAILED] - Expected element property value '1' is not equal with actual property value '2'

2022-03-24 12:48:41 - [TEST_STEP][PASSED] - verifyElementPropertyValue(order, "GetDataOrderResponse.ListDataOrder[0].Accessories1", o_acc1, CONTINUE_ON_FAILURE): Verify element property value successfully

2022-03-24 12:48:41 - [MESSAGE][PASSED] - Verify element property value successfully

2022-03-24 12:48:41 - [TEST_STEP][PASSED] - verifyElementPropertyValue(order, "GetDataOrderResponse.ListDataOrder[0].Accessories2", o_acc2, CONTINUE_ON_FAILURE): Verify element property value successfully

2022-03-24 12:48:41 - [MESSAGE][PASSED] - Verify element property value successfully

2022-03-24 12:48:41 - [TEST_STEP][PASSED] - verifyElementPropertyValue(order, "GetDataOrderResponse.ListDataOrder[0].Accessories3", o_acc3, CONTINUE_ON_FAILURE): Verify element property value successfully

2022-03-24 12:48:41 - [MESSAGE][PASSED] - Verify element property value successfully

2022-03-24 12:48:41 - [TEST_STEP][PASSED] - verifyElementPropertyValue(order, "GetDataOrderResponse.ListDataOrder[0].Accessories4", o_acc4, CONTINUE_ON_FAILURE): Verify element property value successfully

2022-03-24 12:48:41 - [MESSAGE][PASSED] - Verify element property value successfully

2022-03-24 12:48:41 - [TEST_STEP][PASSED] - verifyElementPropertyValue(order, "GetDataOrderResponse.ListDataOrder[0].Accessories5", o_acc5, CONTINUE_ON_FAILURE): Verify element property value successfully

2022-03-24 12:48:41 - [MESSAGE][PASSED] - Verify element property value successfully

2022-03-24 12:48:41 - [TEST_STEP][PASSED] - verifyElementPropertyValue(order, "GetDataOrderResponse.ListDataOrder[0].HargaAccessories1", o_harga_acc1, CONTINUE_ON_FAILURE): Verify element property value successfully

2022-03-24 12:48:41 - [MESSAGE][PASSED] - Verify element property value successfully

2022-03-24 12:48:41 - [TEST_STEP][PASSED] - verifyElementPropertyValue(order, "GetDataOrderResponse.ListDataOrder[0].HargaAccessories2", o_harga_acc2, CONTINUE_ON_FAILURE): Verify element property value successfully

2022-03-24 12:48:41 - [MESSAGE][PASSED] - Verify element property value successfully

2022-03-24 12:48:41 - [TEST_STEP][PASSED] - verifyElementPropertyValue(order, "GetDataOrderResponse.ListDataOrder[0].HargaAccessories3", o_harga_acc3, CONTINUE_ON_FAILURE): Verify element property value successfully

2022-03-24 12:48:41 - [MESSAGE][PASSED] - Verify element property value successfully

2022-03-24 12:48:41 - [TEST_STEP][PASSED] - verifyElementPropertyValue(order, "GetDataOrderResponse.ListDataOrder[0].HargaAccessories4", o_harga_acc4, CONTINUE_ON_FAILURE): Verify element property value successfully

2022-03-24 12:48:41 - [MESSAGE][PASSED] - Verify element property value successfully

2022-03-24 12:48:41 - [TEST_STEP][PASSED] - verifyElementPropertyValue(order, "GetDataOrderResponse.ListDataOrder[0].HargaAccessories5", o_harga_acc5, CONTINUE_ON_FAILURE): Verify element property value successfully

2022-03-24 12:48:41 - [MESSAGE][PASSED] - Verify element property value successfully

2022-03-24 12:48:41 - [TEST_STEP][PASSED] - verifyElementPropertyValue(order, "GetDataOrderResponse.ListDataOrder[0].OverKredit", o_overkredit, CONTINUE_ON_FAILURE): Verify element property value successfully

2022-03-24 12:48:41 - [MESSAGE][PASSED] - Verify element property value successfully

2022-03-24 12:48:41 - [TEST_STEP][PASSED] - verifyElementPropertyValue(order, "GetDataOrderResponse.ListDataOrder[0].Restructure", o_restructure, CONTINUE_ON_FAILURE): Verify element property value successfully

2022-03-24 12:48:41 - [MESSAGE][PASSED] - Verify element property value successfully

2022-03-24 12:48:41 - [TEST_STEP][PASSED] - verifyElementPropertyValue(order, "GetDataOrderResponse.ListDataOrder[0].NoPolisLama", o_nopol_lama, CONTINUE_ON_FAILURE): Verify element property value successfully

2022-03-24 12:48:41 - [MESSAGE][PASSED] - Verify element property value successfully

2022-03-24 12:48:41 - [TEST_STEP][PASSED] - verifyElementPropertyValue(order, "GetDataOrderResponse.ListDataOrder[0].MailAddress", o_mail_addr, CONTINUE_ON_FAILURE): Verify element property value successfully

2022-03-24 12:48:41 - [MESSAGE][PASSED] - Verify element property value successfully

2022-03-24 12:48:41 - [TEST_STEP][PASSED] - verifyElementPropertyValue(order, "GetDataOrderResponse.ListDataOrder[0].KabKodya", o_kab_kodya, CONTINUE_ON_FAILURE): Verify element property value successfully

2022-03-24 12:48:41 - [MESSAGE][PASSED] - Verify element property value successfully

2022-03-24 12:48:41 - [TEST_STEP][FAILED] - verifyElementPropertyValue(order, "GetDataOrderResponse.ListDataOrder[0].PostalCode", o_postal_code, CONTINUE_ON_FAILURE): Expected element property value '14240' is not equal with actual property value '12610'

2022-03-24 12:48:41 - [MESSAGE][FAILED] - Expected element property value '14240' is not equal with actual property value '12610'

2022-03-24 12:48:41 - [TEST_STEP][PASSED] - verifyElementPropertyValue(order, "GetDataOrderResponse.ListDataOrder[0].PaketMobil", o_packet, CONTINUE_ON_FAILURE): Verify element property value successfully

2022-03-24 12:48:41 - [MESSAGE][PASSED] - Verify element property value successfully

2022-03-24 12:48:41 - [TEST_STEP][PASSED] - verifyElementPropertyValue(order, "GetDataOrderResponse.ListDataOrder[0].CustType", o_cust_type, CONTINUE_ON_FAILURE): Verify element property value successfully

2022-03-24 12:48:41 - [MESSAGE][PASSED] - Verify element property value successfully

2022-03-24 12:48:41 - [TEST_STEP][FAILED] - verifyElementPropertyValue(order, "GetDataOrderResponse.ListDataOrder[0].IdentityNo", o_nik, CONTINUE_ON_FAILURE): Expected element property value 'SCRAMBLE' is not equal with actual property value '09.5307.120661.7004'

2022-03-24 12:48:42 - [MESSAGE][FAILED] - Expected element property value 'SCRAMBLE' is not equal with actual property value '09.5307.120661.7004'

2022-03-24 12:48:42 - [TEST_STEP][PASSED] - verifyElementPropertyValue(order, "GetDataOrderResponse.ListDataOrder[0].BirthPlace", o_birth_place, CONTINUE_ON_FAILURE): Verify element property value successfully

2022-03-24 12:48:42 - [MESSAGE][PASSED] - Verify element property value successfully

2022-03-24 12:48:42 - [TEST_STEP][FAILED] - verifyElementPropertyValue(order, "GetDataOrderResponse.ListDataOrder[0].BirthDate", o_birth_date, CONTINUE_ON_FAILURE): Expected element property value '20220212' is not equal with actual property value '19610612'

2022-03-24 12:48:42 - [MESSAGE][FAILED] - Expected element property value '20220212' is not equal with actual property value '19610612'

2022-03-24 12:48:42 - [TEST_STEP][FAILED] - verifyElementPropertyValue(order, "GetDataOrderResponse.ListDataOrder[0].Occupation", o_occp, CONTINUE_ON_FAILURE): Expected element property value 'Karyawan' is not equal with actual property value 'Wiraswasta'

2022-03-24 12:48:42 - [MESSAGE][FAILED] - Expected element property value 'Karyawan' is not equal with actual property value 'Wiraswasta'

2022-03-24 12:48:42 - [TEST_STEP][PASSED] - verifyElementPropertyValue(order, "GetDataOrderResponse.ListDataOrder[0].AlamatKTP", o_ktp_addr, CONTINUE_ON_FAILURE): Verify element property value successfully

2022-03-24 12:48:42 - [MESSAGE][PASSED] - Verify element property value successfully

2022-03-24 12:48:42 - [TEST_STEP][PASSED] - verifyElementPropertyValue(order, "GetDataOrderResponse.ListDataOrder[0].KelurahanKTP", o_ktp_kel, CONTINUE_ON_FAILURE): Verify element property value successfully

2022-03-24 12:48:42 - [MESSAGE][PASSED] - Verify element property value successfully

2022-03-24 12:48:42 - [TEST_STEP][PASSED] - verifyElementPropertyValue(order, "GetDataOrderResponse.ListDataOrder[0].KecamatanKTP", o_ktp_kec, CONTINUE_ON_FAILURE): Verify element property value successfully

2022-03-24 12:48:42 - [MESSAGE][PASSED] - Verify element property value successfully

2022-03-24 12:48:42 - [TEST_STEP][PASSED] - verifyElementPropertyValue(order, "GetDataOrderResponse.ListDataOrder[0].KabKodyaKTP", o_ktp_kabkodya, CONTINUE_ON_FAILURE): Verify element property value successfully

2022-03-24 12:48:42 - [MESSAGE][PASSED] - Verify element property value successfully

2022-03-24 12:48:42 - [TEST_STEP][PASSED] - verifyElementPropertyValue(order, "GetDataOrderResponse.ListDataOrder[0].ProvinsiKTP", o_ktp_prov, CONTINUE_ON_FAILURE): Verify element property value successfully

2022-03-24 12:48:42 - [MESSAGE][PASSED] - Verify element property value successfully

2022-03-24 12:48:42 - [TEST_STEP][FAILED] - verifyElementPropertyValue(order, "GetDataOrderResponse.ListDataOrder[0].PostalCodeKTP", o_ktp_postal_code, CONTINUE_ON_FAILURE): Expected element property value '14240' is not equal with actual property value '12610'

2022-03-24 12:48:42 - [MESSAGE][FAILED] - Expected element property value '14240' is not equal with actual property value '12610'

2022-03-24 12:48:42 - [TEST_STEP][FAILED] - verifyElementPropertyValue(order, "GetDataOrderResponse.ListDataOrder[0].DealerName", o_ktp_dealer_name, CONTINUE_ON_FAILURE): Expected element property value 'Astrido Jaya Mobilindo - Yos Sudarso' is not equal with actual property value '21 Auto Cars'

2022-03-24 12:48:42 - [MESSAGE][FAILED] - Expected element property value 'Astrido Jaya Mobilindo - Yos Sudarso' is not equal with actual property value '21 Auto Cars'

2022-03-24 12:48:42 - [TEST_STEP][FAILED] - switch (tenor): null

2022-03-24 12:48:42 - [TEST_STEP][FAILED] - case "3":: null

2022-03-24 12:48:42 - [TEST_STEP][PASSED] - order2 = sendRequest(findTestObject("3. Get-data-order", ["s_key":global_token, "c_id":c_id, "order_date":order_date, "page":page, "rows":rows])): Send request successfully

2022-03-24 12:48:42 - [MESSAGE][INFO] - HAR: I:\app-testing\app-project\Order car insurance\order-car-insurance\Reports\20220324_124757\Get data order\20220324_124758\requests\main\17.har

2022-03-24 12:48:42 - [MESSAGE][PASSED] - Send request successfully

2022-03-24 12:48:42 - [TEST_STEP][PASSED] - get_order2 = order.getResponseText(): null

2022-03-24 12:48:42 - [TEST_STEP][FAILED] - verifyElementPropertyValue(order, "GetDataOrderResponse.ListDataOrder[0].InsuranceData[0].KondisiPertanggungan", o_kond_pertanggungan_0, CONTINUE_ON_FAILURE): Expected element property value ' ' is not equal with actual property value ''

2022-03-24 12:48:42 - [MESSAGE][FAILED] - Expected element property value ' ' is not equal with actual property value ''

2022-03-24 12:48:42 - [TEST_STEP][PASSED] - verifyElementPropertyValue(order, "GetDataOrderResponse.ListDataOrder[0].InsuranceData[0].TJH", o_tjh_header_0, CONTINUE_ON_FAILURE): Verify element property value successfully

2022-03-24 12:48:42 - [MESSAGE][PASSED] - Verify element property value successfully

2022-03-24 12:48:42 - [TEST_STEP][FAILED] - verifyElementPropertyValue(order, "GetDataOrderResponse.ListDataOrder[0].InsuranceData[0].InsuredValue", o_ins_val_0, CONTINUE_ON_FAILURE): Expected element property value '233100000.00' is not equal with actual property value '360000000.00'

2022-03-24 12:48:42 - [MESSAGE][FAILED] - Expected element property value '233100000.00' is not equal with actual property value '360000000.00'

2022-03-24 12:48:42 - [TEST_STEP][PASSED] - verifyElementPropertyValue(order, "GetDataOrderResponse.ListDataOrder[0].InsuranceData[0].InsuredFrom", o_ins_form_0, CONTINUE_ON_FAILURE): Verify element property value successfully

2022-03-24 12:48:42 - [MESSAGE][PASSED] - Verify element property value successfully

2022-03-24 12:48:42 - [TEST_STEP][PASSED] - verifyElementPropertyValue(order, "GetDataOrderResponse.ListDataOrder[0].InsuranceData[0].InsuredTo", o_ins_to_0, CONTINUE_ON_FAILURE): Verify element property value successfully

2022-03-24 12:48:42 - [MESSAGE][PASSED] - Verify element property value successfully

2022-03-24 12:48:42 - [TEST_STEP][PASSED] - verifyElementPropertyValue(order, "GetDataOrderResponse.ListDataOrder[0].InsuranceData[0].Rate", o_rate_0, CONTINUE_ON_FAILURE): Verify element property value successfully

2022-03-24 12:48:42 - [MESSAGE][PASSED] - Verify element property value successfully

2022-03-24 12:48:42 - [TEST_STEP][FAILED] - verifyElementPropertyValue(order, "GetDataOrderResponse.ListDataOrder[0].InsuranceData[0].GrossPremi", o_gross_premi_0, CONTINUE_ON_FAILURE): Expected element property value '3539390.00' is not equal with actual property value '5466240.00'

2022-03-24 12:48:43 - [MESSAGE][FAILED] - Expected element property value '3539390.00' is not equal with actual property value '5466240.00'

2022-03-24 12:48:43 - [TEST_STEP][PASSED] - verifyElementPropertyValue(order, "GetDataOrderResponse.ListDataOrder[0].InsuranceData[0].Discount", o_discount_0, CONTINUE_ON_FAILURE): Verify element property value successfully

2022-03-24 12:48:43 - [MESSAGE][PASSED] - Verify element property value successfully

2022-03-24 12:48:43 - [TEST_STEP][PASSED] - verifyElementPropertyValue(order, "GetDataOrderResponse.ListDataOrder[0].InsuranceData[0].Adm", o_adm_0, CONTINUE_ON_FAILURE): Verify element property value successfully

2022-03-24 12:48:43 - [MESSAGE][PASSED] - Verify element property value successfully

2022-03-24 12:48:43 - [TEST_STEP][FAILED] - verifyElementPropertyValue(order, "GetDataOrderResponse.ListDataOrder[0].InsuranceData[0].NetPremi", o_netpremi_0, CONTINUE_ON_FAILURE): Expected element property value '3539390.00' is not equal with actual property value '5466240.00'

2022-03-24 12:48:43 - [MESSAGE][FAILED] - Expected element property value '3539390.00' is not equal with actual property value '5466240.00'

2022-03-24 12:48:43 - [TEST_STEP][PASSED] - verifyElementPropertyValue(order, "GetDataOrderResponse.ListDataOrder[0].InsuranceData[0].PerluasanJaminan.TJH", o_tjh_val_0, CONTINUE_ON_FAILURE): Verify element property value successfully

2022-03-24 12:48:43 - [MESSAGE][PASSED] - Verify element property value successfully

2022-03-24 12:48:43 - [TEST_STEP][PASSED] - verifyElementPropertyValue(order, "GetDataOrderResponse.ListDataOrder[0].InsuranceData[0].PerluasanJaminan.RSCC", o_rscc_val_0, CONTINUE_ON_FAILURE): Verify element property value successfully

2022-03-24 12:48:43 - [MESSAGE][PASSED] - Verify element property value successfully

2022-03-24 12:48:43 - [TEST_STEP][PASSED] - verifyElementPropertyValue(order, "GetDataOrderResponse.ListDataOrder[0].InsuranceData[0].PerluasanJaminan.Banjir", o_rsmb_val_0, CONTINUE_ON_FAILURE): Verify element property value successfully

2022-03-24 12:48:43 - [MESSAGE][PASSED] - Verify element property value successfully

2022-03-24 12:48:43 - [TEST_STEP][PASSED] - verifyElementPropertyValue(order, "GetDataOrderResponse.ListDataOrder[0].InsuranceData[0].PerluasanJaminan.Accessories", o_acc_val_0, CONTINUE_ON_FAILURE): Verify element property value successfully

2022-03-24 12:48:43 - [MESSAGE][PASSED] - Verify element property value successfully

2022-03-24 12:48:43 - [TEST_STEP][PASSED] - verifyElementPropertyValue(order, "GetDataOrderResponse.ListDataOrder[0].InsuranceData[1].KondisiPertanggungan", o_kond_pertanggungan_1, CONTINUE_ON_FAILURE): Verify element property value successfully

2022-03-24 12:48:43 - [MESSAGE][PASSED] - Verify element property value successfully

2022-03-24 12:48:43 - [TEST_STEP][PASSED] - verifyElementPropertyValue(order, "GetDataOrderResponse.ListDataOrder[0].InsuranceData[1].TJH", o_tjh_header_1, CONTINUE_ON_FAILURE): Verify element property value successfully

2022-03-24 12:48:43 - [MESSAGE][PASSED] - Verify element property value successfully

2022-03-24 12:48:43 - [TEST_STEP][FAILED] - verifyElementPropertyValue(order, "GetDataOrderResponse.ListDataOrder[0].InsuranceData[1].InsuredValue", o_ins_val_1, CONTINUE_ON_FAILURE): Expected element property value '233100000.00' is not equal with actual property value '360000000.00'

2022-03-24 12:48:43 - [MESSAGE][FAILED] - Expected element property value '233100000.00' is not equal with actual property value '360000000.00'

2022-03-24 12:48:43 - [TEST_STEP][PASSED] - verifyElementPropertyValue(order, "GetDataOrderResponse.ListDataOrder[0].InsuranceData[1].InsuredFrom", o_ins_form_1, CONTINUE_ON_FAILURE): Verify element property value successfully

2022-03-24 12:48:43 - [MESSAGE][PASSED] - Verify element property value successfully

2022-03-24 12:48:43 - [TEST_STEP][PASSED] - verifyElementPropertyValue(order, "GetDataOrderResponse.ListDataOrder[0].InsuranceData[1].InsuredTo", o_ins_to_1, CONTINUE_ON_FAILURE): Verify element property value successfully

2022-03-24 12:48:43 - [MESSAGE][PASSED] - Verify element property value successfully

2022-03-24 12:48:43 - [TEST_STEP][PASSED] - verifyElementPropertyValue(order, "GetDataOrderResponse.ListDataOrder[0].InsuranceData[1].Rate", o_rate_1, CONTINUE_ON_FAILURE): Verify element property value successfully

2022-03-24 12:48:43 - [MESSAGE][PASSED] - Verify element property value successfully

2022-03-24 12:48:43 - [TEST_STEP][FAILED] - verifyElementPropertyValue(order, "GetDataOrderResponse.ListDataOrder[0].InsuranceData[1].GrossPremi", o_gross_premi_1, CONTINUE_ON_FAILURE): Expected element property value '3539390.00' is not equal with actual property value '998640.00'

2022-03-24 12:48:43 - [MESSAGE][FAILED] - Expected element property value '3539390.00' is not equal with actual property value '998640.00'

2022-03-24 12:48:43 - [TEST_STEP][PASSED] - verifyElementPropertyValue(order, "GetDataOrderResponse.ListDataOrder[0].InsuranceData[1].Discount", o_discount_1, CONTINUE_ON_FAILURE): Verify element property value successfully

2022-03-24 12:48:43 - [MESSAGE][PASSED] - Verify element property value successfully

2022-03-24 12:48:43 - [TEST_STEP][PASSED] - verifyElementPropertyValue(order, "GetDataOrderResponse.ListDataOrder[0].InsuranceData[1].Adm", o_adm_1, CONTINUE_ON_FAILURE): Verify element property value successfully

2022-03-24 12:48:43 - [MESSAGE][PASSED] - Verify element property value successfully

2022-03-24 12:48:43 - [TEST_STEP][FAILED] - verifyElementPropertyValue(order, "GetDataOrderResponse.ListDataOrder[0].InsuranceData[1].NetPremi", o_netpremi_1, CONTINUE_ON_FAILURE): Expected element property value '646619.00' is not equal with actual property value '998640.00'

2022-03-24 12:48:43 - [MESSAGE][FAILED] - Expected element property value '646619.00' is not equal with actual property value '998640.00'

2022-03-24 12:48:43 - [TEST_STEP][PASSED] - verifyElementPropertyValue(order, "GetDataOrderResponse.ListDataOrder[0].InsuranceData[1].PerluasanJaminan.TJH", o_tjh_val_1, CONTINUE_ON_FAILURE): Verify element property value successfully

2022-03-24 12:48:43 - [MESSAGE][PASSED] - Verify element property value successfully

2022-03-24 12:48:43 - [TEST_STEP][PASSED] - verifyElementPropertyValue(order, "GetDataOrderResponse.ListDataOrder[0].InsuranceData[1].PerluasanJaminan.RSCC", o_rscc_val_1, CONTINUE_ON_FAILURE): Verify element property value successfully

2022-03-24 12:48:43 - [MESSAGE][PASSED] - Verify element property value successfully

2022-03-24 12:48:43 - [TEST_STEP][PASSED] - verifyElementPropertyValue(order, "GetDataOrderResponse.ListDataOrder[0].InsuranceData[1].PerluasanJaminan.Banjir", o_rsmb_val_1, CONTINUE_ON_FAILURE): Verify element property value successfully

2022-03-24 12:48:43 - [MESSAGE][PASSED] - Verify element property value successfully

2022-03-24 12:48:43 - [TEST_STEP][PASSED] - verifyElementPropertyValue(order, "GetDataOrderResponse.ListDataOrder[0].InsuranceData[1].PerluasanJaminan.Accessories", o_acc_val_1, CONTINUE_ON_FAILURE): Verify element property value successfully

2022-03-24 12:48:43 - [MESSAGE][PASSED] - Verify element property value successfully

2022-03-24 12:48:43 - [TEST_STEP][PASSED] - verifyElementPropertyValue(order, "GetDataOrderResponse.ListDataOrder[0].InsuranceData[2].KondisiPertanggungan", o_kond_pertanggungan_2, CONTINUE_ON_FAILURE): Verify element property value successfully

2022-03-24 12:48:43 - [MESSAGE][PASSED] - Verify element property value successfully

2022-03-24 12:48:43 - [TEST_STEP][PASSED] - verifyElementPropertyValue(order, "GetDataOrderResponse.ListDataOrder[0].InsuranceData[2].TJH", o_tjh_header_2, CONTINUE_ON_FAILURE): Verify element property value successfully

2022-03-24 12:48:43 - [MESSAGE][PASSED] - Verify element property value successfully

2022-03-24 12:48:43 - [TEST_STEP][FAILED] - verifyElementPropertyValue(order, "GetDataOrderResponse.ListDataOrder[0].InsuranceData[2].InsuredValue", o_ins_val_2, CONTINUE_ON_FAILURE): Expected element property value '233100000.00' is not equal with actual property value '360000000.00'

2022-03-24 12:48:43 - [MESSAGE][FAILED] - Expected element property value '233100000.00' is not equal with actual property value '360000000.00'

2022-03-24 12:48:43 - [TEST_STEP][PASSED] - verifyElementPropertyValue(order, "GetDataOrderResponse.ListDataOrder[0].InsuranceData[2].InsuredFrom", o_ins_form_2, CONTINUE_ON_FAILURE): Verify element property value successfully

2022-03-24 12:48:43 - [MESSAGE][PASSED] - Verify element property value successfully

2022-03-24 12:48:43 - [TEST_STEP][PASSED] - verifyElementPropertyValue(order, "GetDataOrderResponse.ListDataOrder[0].InsuranceData[2].InsuredTo", o_ins_to_2, CONTINUE_ON_FAILURE): Verify element property value successfully

2022-03-24 12:48:43 - [MESSAGE][PASSED] - Verify element property value successfully

2022-03-24 12:48:43 - [TEST_STEP][PASSED] - verifyElementPropertyValue(order, "GetDataOrderResponse.ListDataOrder[0].InsuranceData[2].Rate", o_rate_2, CONTINUE_ON_FAILURE): Verify element property value successfully

2022-03-24 12:48:43 - [MESSAGE][PASSED] - Verify element property value successfully

2022-03-24 12:48:43 - [TEST_STEP][FAILED] - verifyElementPropertyValue(order, "GetDataOrderResponse.ListDataOrder[0].InsuranceData[2].GrossPremi", o_gross_premi_2, CONTINUE_ON_FAILURE): Expected element property value '646619.00' is not equal with actual property value '998640.00'

2022-03-24 12:48:43 - [MESSAGE][FAILED] - Expected element property value '646619.00' is not equal with actual property value '998640.00'

2022-03-24 12:48:43 - [TEST_STEP][PASSED] - verifyElementPropertyValue(order, "GetDataOrderResponse.ListDataOrder[0].InsuranceData[2].Discount", o_discount_2, CONTINUE_ON_FAILURE): Verify element property value successfully

2022-03-24 12:48:43 - [MESSAGE][PASSED] - Verify element property value successfully

2022-03-24 12:48:43 - [TEST_STEP][PASSED] - verifyElementPropertyValue(order, "GetDataOrderResponse.ListDataOrder[0].InsuranceData[2].Adm", o_adm_2, CONTINUE_ON_FAILURE): Verify element property value successfully

2022-03-24 12:48:43 - [MESSAGE][PASSED] - Verify element property value successfully

2022-03-24 12:48:43 - [TEST_STEP][FAILED] - verifyElementPropertyValue(order, "GetDataOrderResponse.ListDataOrder[0].InsuranceData[2].NetPremi", o_netpremi_2, CONTINUE_ON_FAILURE): Expected element property value '646619.00' is not equal with actual property value '998640.00'

2022-03-24 12:48:43 - [MESSAGE][FAILED] - Expected element property value '646619.00' is not equal with actual property value '998640.00'

2022-03-24 12:48:43 - [TEST_STEP][PASSED] - verifyElementPropertyValue(order, "GetDataOrderResponse.ListDataOrder[0].InsuranceData[2].PerluasanJaminan.TJH", o_tjh_val_2, CONTINUE_ON_FAILURE): Verify element property value successfully

2022-03-24 12:48:43 - [MESSAGE][PASSED] - Verify element property value successfully

2022-03-24 12:48:43 - [TEST_STEP][PASSED] - verifyElementPropertyValue(order, "GetDataOrderResponse.ListDataOrder[0].InsuranceData[2].PerluasanJaminan.RSCC", o_rscc_val_2, CONTINUE_ON_FAILURE): Verify element property value successfully

2022-03-24 12:48:43 - [MESSAGE][PASSED] - Verify element property value successfully

2022-03-24 12:48:43 - [TEST_STEP][PASSED] - verifyElementPropertyValue(order, "GetDataOrderResponse.ListDataOrder[0].InsuranceData[2].PerluasanJaminan.Banjir", o_rsmb_val_2, CONTINUE_ON_FAILURE): Verify element property value successfully

2022-03-24 12:48:43 - [MESSAGE][PASSED] - Verify element property value successfully

2022-03-24 12:48:43 - [TEST_STEP][PASSED] - verifyElementPropertyValue(order, "GetDataOrderResponse.ListDataOrder[0].InsuranceData[2].PerluasanJaminan.Accessories", o_acc_val_2, CONTINUE_ON_FAILURE): Verify element property value successfully

2022-03-24 12:48:43 - [MESSAGE][PASSED] - Verify element property value successfully

2022-03-24 12:48:43 - [TEST_STEP][PASSED] - break: null]]></system-out>
         <system-err><![CDATA[2022-03-24 12:48:39 - [TEST_CASE][FAILED] - Test Cases/1. get token - data order: Test Cases/1. get token - data order FAILED.
Reason:
com.kms.katalon.core.exception.StepFailedException: Expected element property value '9400010429' is not equal with actual property value '1154000993'
	at com.kms.katalon.core.keyword.internal.KeywordMain.stepFailed(KeywordMain.groovy:39)
	at com.kms.katalon.core.webservice.keyword.builtin.VerifyElementPropertyValueKeyword$_verifyElementPropertyValue_closure1.doCall(VerifyElementPropertyValueKeyword.groovy:56)
	at com.kms.katalon.core.webservice.keyword.builtin.VerifyElementPropertyValueKeyword$_verifyElementPropertyValue_closure1.call(VerifyElementPropertyValueKeyword.groovy)
	at com.kms.katalon.core.keyword.internal.KeywordMain.runKeyword(KeywordMain.groovy:74)
	at com.kms.katalon.core.webservice.keyword.builtin.VerifyElementPropertyValueKeyword.verifyElementPropertyValue(VerifyElementPropertyValueKeyword.groovy:48)
	at com.kms.katalon.core.webservice.keyword.builtin.VerifyElementPropertyValueKeyword.execute(VerifyElementPropertyValueKeyword.groovy:43)
	at com.kms.katalon.core.keyword.internal.KeywordExecutor.executeKeywordForPlatform(KeywordExecutor.groovy:74)
	at com.kms.katalon.core.webservice.keyword.WSBuiltInKeywords.verifyElementPropertyValue(WSBuiltInKeywords.groovy:175)
	at com.kms.katalon.core.webservice.keyword.WSBuiltInKeywords$verifyElementPropertyValue$0.call(Unknown Source)
	at 1. get token - data order.run(1. get token - data order:54)
	at com.kms.katalon.core.main.ScriptEngine.run(ScriptEngine.java:194)
	at com.kms.katalon.core.main.ScriptEngine.runScriptAsRawText(ScriptEngine.java:119)
	at com.kms.katalon.core.main.TestCaseExecutor.runScript(TestCaseExecutor.java:442)
	at com.kms.katalon.core.main.TestCaseExecutor.doExecute(TestCaseExecutor.java:433)
	at com.kms.katalon.core.main.TestCaseExecutor.processExecutionPhase(TestCaseExecutor.java:412)
	at com.kms.katalon.core.main.TestCaseExecutor.accessMainPhase(TestCaseExecutor.java:404)
	at com.kms.katalon.core.main.TestCaseExecutor.execute(TestCaseExecutor.java:281)
	at com.kms.katalon.core.main.TestSuiteExecutor.accessTestCaseMainPhase(TestSuiteExecutor.java:202)
	at com.kms.katalon.core.main.TestSuiteExecutor.accessTestSuiteMainPhase(TestSuiteExecutor.java:164)
	at com.kms.katalon.core.main.TestSuiteExecutor.execute(TestSuiteExecutor.java:105)
	at com.kms.katalon.core.main.TestCaseMain.startTestSuite(TestCaseMain.java:181)
	at com.kms.katalon.core.main.TestCaseMain$startTestSuite$0.call(Unknown Source)
	at TempTestSuite1648100878643.run(TempTestSuite1648100878643.groovy:36)]]></system-err>
      </testcase>
      <testcase name="Test Cases/1. get token - data order" time="5.58" classname="Test Cases/1. get token - data order" status="FAILED">
         <failure type="FAILED" message="Test Cases/1. get token - data order FAILED.
Reason:
com.kms.katalon.core.exception.StepFailedException: Expected element property value '9400061664' is not equal with actual property value '1154000993'
	at com.kms.katalon.core.keyword.internal.KeywordMain.stepFailed(KeywordMain.groovy:39)
	at com.kms.katalon.core.webservice.keyword.builtin.VerifyElementPropertyValueKeyword$_verifyElementPropertyValue_closure1.doCall(VerifyElementPropertyValueKeyword.groovy:56)
	at com.kms.katalon.core.webservice.keyword.builtin.VerifyElementPropertyValueKeyword$_verifyElementPropertyValue_closure1.call(VerifyElementPropertyValueKeyword.groovy)
	at com.kms.katalon.core.keyword.internal.KeywordMain.runKeyword(KeywordMain.groovy:74)
	at com.kms.katalon.core.webservice.keyword.builtin.VerifyElementPropertyValueKeyword.verifyElementPropertyValue(VerifyElementPropertyValueKeyword.groovy:48)
	at com.kms.katalon.core.webservice.keyword.builtin.VerifyElementPropertyValueKeyword.execute(VerifyElementPropertyValueKeyword.groovy:43)
	at com.kms.katalon.core.keyword.internal.KeywordExecutor.executeKeywordForPlatform(KeywordExecutor.groovy:74)
	at com.kms.katalon.core.webservice.keyword.WSBuiltInKeywords.verifyElementPropertyValue(WSBuiltInKeywords.groovy:175)
	at com.kms.katalon.core.webservice.keyword.WSBuiltInKeywords$verifyElementPropertyValue$0.call(Unknown Source)
	at 1. get token - data order.run(1. get token - data order:54)
	at com.kms.katalon.core.main.ScriptEngine.run(ScriptEngine.java:194)
	at com.kms.katalon.core.main.ScriptEngine.runScriptAsRawText(ScriptEngine.java:119)
	at com.kms.katalon.core.main.TestCaseExecutor.runScript(TestCaseExecutor.java:442)
	at com.kms.katalon.core.main.TestCaseExecutor.doExecute(TestCaseExecutor.java:433)
	at com.kms.katalon.core.main.TestCaseExecutor.processExecutionPhase(TestCaseExecutor.java:412)
	at com.kms.katalon.core.main.TestCaseExecutor.accessMainPhase(TestCaseExecutor.java:404)
	at com.kms.katalon.core.main.TestCaseExecutor.execute(TestCaseExecutor.java:281)
	at com.kms.katalon.core.main.TestSuiteExecutor.accessTestCaseMainPhase(TestSuiteExecutor.java:202)
	at com.kms.katalon.core.main.TestSuiteExecutor.accessTestSuiteMainPhase(TestSuiteExecutor.java:164)
	at com.kms.katalon.core.main.TestSuiteExecutor.execute(TestSuiteExecutor.java:105)
	at com.kms.katalon.core.main.TestCaseMain.startTestSuite(TestCaseMain.java:181)
	at com.kms.katalon.core.main.TestCaseMain$startTestSuite$0.call(Unknown Source)
	at TempTestSuite1648100878643.run(TempTestSuite1648100878643.groovy:36)
"/>
         <system-out><![CDATA[2022-03-24 12:48:44 - [TEST_CASE][FAILED] - Test Cases/1. get token - data order: Test Cases/1. get token - data order FAILED.
Reason:
com.kms.katalon.core.exception.StepFailedException: Expected element property value '9400061664' is not equal with actual property value '1154000993'
	at com.kms.katalon.core.keyword.internal.KeywordMain.stepFailed(KeywordMain.groovy:39)
	at com.kms.katalon.core.webservice.keyword.builtin.VerifyElementPropertyValueKeyword$_verifyElementPropertyValue_closure1.doCall(VerifyElementPropertyValueKeyword.groovy:56)
	at com.kms.katalon.core.webservice.keyword.builtin.VerifyElementPropertyValueKeyword$_verifyElementPropertyValue_closure1.call(VerifyElementPropertyValueKeyword.groovy)
	at com.kms.katalon.core.keyword.internal.KeywordMain.runKeyword(KeywordMain.groovy:74)
	at com.kms.katalon.core.webservice.keyword.builtin.VerifyElementPropertyValueKeyword.verifyElementPropertyValue(VerifyElementPropertyValueKeyword.groovy:48)
	at com.kms.katalon.core.webservice.keyword.builtin.VerifyElementPropertyValueKeyword.execute(VerifyElementPropertyValueKeyword.groovy:43)
	at com.kms.katalon.core.keyword.internal.KeywordExecutor.executeKeywordForPlatform(KeywordExecutor.groovy:74)
	at com.kms.katalon.core.webservice.keyword.WSBuiltInKeywords.verifyElementPropertyValue(WSBuiltInKeywords.groovy:175)
	at com.kms.katalon.core.webservice.keyword.WSBuiltInKeywords$verifyElementPropertyValue$0.call(Unknown Source)
	at 1. get token - data order.run(1. get token - data order:54)
	at com.kms.katalon.core.main.ScriptEngine.run(ScriptEngine.java:194)
	at com.kms.katalon.core.main.ScriptEngine.runScriptAsRawText(ScriptEngine.java:119)
	at com.kms.katalon.core.main.TestCaseExecutor.runScript(TestCaseExecutor.java:442)
	at com.kms.katalon.core.main.TestCaseExecutor.doExecute(TestCaseExecutor.java:433)
	at com.kms.katalon.core.main.TestCaseExecutor.processExecutionPhase(TestCaseExecutor.java:412)
	at com.kms.katalon.core.main.TestCaseExecutor.accessMainPhase(TestCaseExecutor.java:404)
	at com.kms.katalon.core.main.TestCaseExecutor.execute(TestCaseExecutor.java:281)
	at com.kms.katalon.core.main.TestSuiteExecutor.accessTestCaseMainPhase(TestSuiteExecutor.java:202)
	at com.kms.katalon.core.main.TestSuiteExecutor.accessTestSuiteMainPhase(TestSuiteExecutor.java:164)
	at com.kms.katalon.core.main.TestSuiteExecutor.execute(TestSuiteExecutor.java:105)
	at com.kms.katalon.core.main.TestCaseMain.startTestSuite(TestCaseMain.java:181)
	at com.kms.katalon.core.main.TestCaseMain$startTestSuite$0.call(Unknown Source)
	at TempTestSuite1648100878643.run(TempTestSuite1648100878643.groovy:36)


2022-03-24 12:48:45 - [TEST_STEP][PASSED] - token = sendRequest(findTestObject("1. Get-Token")): Send request successfully

2022-03-24 12:48:45 - [MESSAGE][INFO] - HAR: I:\app-testing\app-project\Order car insurance\order-car-insurance\Reports\20220324_124757\Get data order\20220324_124758\requests\main\18.har

2022-03-24 12:48:45 - [MESSAGE][PASSED] - Send request successfully

2022-03-24 12:48:45 - [TEST_STEP][PASSED] - slurper = new groovy.json.JsonSlurper(): null

2022-03-24 12:48:45 - [TEST_STEP][PASSED] - get_token = slurper.parseText(token.getResponseBodyContent()): null

2022-03-24 12:48:45 - [TEST_STEP][PASSED] - private_token = access_token: null

2022-03-24 12:48:45 - [TEST_STEP][PASSED] - global_token = private_token: null

2022-03-24 12:48:45 - [TEST_STEP][PASSED] - println("token is :" + global_token): null

2022-03-24 12:48:45 - [TEST_STEP][PASSED] - response_token = token.getResponseText(): null

2022-03-24 12:48:45 - [TEST_STEP][PASSED] - logInfo($response_token): 
            {
                "token_type": "BearerToken",
                "access_token": "qyY75I7OhLP9k7dFIYu7338alvCK",
                "expires_in": "1799",
                "scope": ""
            }
        

2022-03-24 12:48:45 - [MESSAGE][INFO] - 
            {
                "token_type": "BearerToken",
                "access_token": "qyY75I7OhLP9k7dFIYu7338alvCK",
                "expires_in": "1799",
                "scope": ""
            }
        

2022-03-24 12:48:45 - [TEST_STEP][PASSED] - order = sendRequest(findTestObject("3. Get-data-order", ["s_key":global_token, "c_id":c_id, "order_date":order_date, "page":page, "rows":rows])): Send request successfully

2022-03-24 12:48:45 - [MESSAGE][INFO] - HAR: I:\app-testing\app-project\Order car insurance\order-car-insurance\Reports\20220324_124757\Get data order\20220324_124758\requests\main\19.har

2022-03-24 12:48:45 - [MESSAGE][PASSED] - Send request successfully

2022-03-24 12:48:45 - [TEST_STEP][PASSED] - get_order = order.getResponseText(): null

2022-03-24 12:48:45 - [TEST_STEP][PASSED] - markPassed("data ke : " + no): data ke : 7

2022-03-24 12:48:45 - [MESSAGE][PASSED] - data ke : 7

2022-03-24 12:48:45 - [TEST_STEP][PASSED] - verifyElementPropertyValue(order, "GetDataOrderResponse.ListDataOrder[0].TipeOrder", o_tipeorder, CONTINUE_ON_FAILURE): Verify element property value successfully

2022-03-24 12:48:45 - [MESSAGE][PASSED] - Verify element property value successfully

2022-03-24 12:48:45 - [TEST_STEP][PASSED] - verifyElementPropertyValue(order, "GetDataOrderResponse.ListDataOrder[0].BatchID", o_batchid, CONTINUE_ON_FAILURE): Verify element property value successfully

2022-03-24 12:48:45 - [MESSAGE][PASSED] - Verify element property value successfully

2022-03-24 12:48:45 - [TEST_STEP][FAILED] - verifyElementPropertyValue(order, "GetDataOrderResponse.ListDataOrder[0].NoRek", o_norek, CONTINUE_ON_FAILURE): Expected element property value '9400061664' is not equal with actual property value '1154000993'

2022-03-24 12:48:45 - [MESSAGE][FAILED] - Expected element property value '9400061664' is not equal with actual property value '1154000993'

2022-03-24 12:48:45 - [TEST_STEP][FAILED] - verifyElementPropertyValue(order, "GetDataOrderResponse.ListDataOrder[0].NoPin", o_nopin, CONTINUE_ON_FAILURE): Expected element property value '003' is not equal with actual property value '001'

2022-03-24 12:48:45 - [MESSAGE][FAILED] - Expected element property value '003' is not equal with actual property value '001'

2022-03-24 12:48:45 - [TEST_STEP][PASSED] - verifyElementPropertyValue(order, "GetDataOrderResponse.ListDataOrder[0].CustName", o_custname, CONTINUE_ON_FAILURE): Verify element property value successfully

2022-03-24 12:48:46 - [MESSAGE][PASSED] - Verify element property value successfully

2022-03-24 12:48:46 - [TEST_STEP][PASSED] - verifyElementPropertyValue(order, "GetDataOrderResponse.ListDataOrder[0].Pemohon", o_pemohon, CONTINUE_ON_FAILURE): Verify element property value successfully

2022-03-24 12:48:46 - [MESSAGE][PASSED] - Verify element property value successfully

2022-03-24 12:48:46 - [TEST_STEP][FAILED] - verifyElementPropertyValue(order, "GetDataOrderResponse.ListDataOrder[0].HargaPembelian", o_otr, CONTINUE_ON_FAILURE): Expected element property value '241400000.00' is not equal with actual property value '360000000.00'

2022-03-24 12:48:46 - [MESSAGE][FAILED] - Expected element property value '241400000.00' is not equal with actual property value '360000000.00'

2022-03-24 12:48:46 - [TEST_STEP][FAILED] - verifyElementPropertyValue(order, "GetDataOrderResponse.ListDataOrder[0].Cabang", o_branchid, CONTINUE_ON_FAILURE): Expected element property value '9400' is not equal with actual property value '1154'

2022-03-24 12:48:46 - [MESSAGE][FAILED] - Expected element property value '9400' is not equal with actual property value '1154'

2022-03-24 12:48:46 - [TEST_STEP][PASSED] - verifyElementPropertyValue(order, "GetDataOrderResponse.ListDataOrder[0].MerkID", o_merk, CONTINUE_ON_FAILURE): Verify element property value successfully

2022-03-24 12:48:46 - [MESSAGE][PASSED] - Verify element property value successfully

2022-03-24 12:48:46 - [TEST_STEP][FAILED] - verifyElementPropertyValue(order, "GetDataOrderResponse.ListDataOrder[0].TypeMobil", o_type, CONTINUE_ON_FAILURE): Expected element property value 'AVANZA 1.5 G CVT' is not equal with actual property value 'INNOVA VENTURER 2.0 AT'

2022-03-24 12:48:46 - [MESSAGE][FAILED] - Expected element property value 'AVANZA 1.5 G CVT' is not equal with actual property value 'INNOVA VENTURER 2.0 AT'

2022-03-24 12:48:46 - [TEST_STEP][PASSED] - verifyElementPropertyValue(order, "GetDataOrderResponse.ListDataOrder[0].JenisMobil", o_jenis, CONTINUE_ON_FAILURE): Verify element property value successfully

2022-03-24 12:48:46 - [MESSAGE][PASSED] - Verify element property value successfully

2022-03-24 12:48:46 - [TEST_STEP][FAILED] - verifyElementPropertyValue(order, "GetDataOrderResponse.ListDataOrder[0].TahunMobil", o_tahun, CONTINUE_ON_FAILURE): Expected element property value '2021' is not equal with actual property value '2017'

2022-03-24 12:48:46 - [MESSAGE][FAILED] - Expected element property value '2021' is not equal with actual property value '2017'

2022-03-24 12:48:46 - [TEST_STEP][FAILED] - verifyElementPropertyValue(order, "GetDataOrderResponse.ListDataOrder[0].Warna", o_warna, CONTINUE_ON_FAILURE): Expected element property value 'SILVER METALLIC' is not equal with actual property value 'PUTIH'

2022-03-24 12:48:46 - [MESSAGE][FAILED] - Expected element property value 'SILVER METALLIC' is not equal with actual property value 'PUTIH'

2022-03-24 12:48:46 - [TEST_STEP][FAILED] - verifyElementPropertyValue(order, "GetDataOrderResponse.ListDataOrder[0].NoRangka", o_norangka, CONTINUE_ON_FAILURE): Expected element property value 'MHKAB1BY4MK003961' is not equal with actual property value 'MHFAW8EM4H0206354'

2022-03-24 12:48:46 - [MESSAGE][FAILED] - Expected element property value 'MHKAB1BY4MK003961' is not equal with actual property value 'MHFAW8EM4H0206354'

2022-03-24 12:48:46 - [TEST_STEP][FAILED] - verifyElementPropertyValue(order, "GetDataOrderResponse.ListDataOrder[0].NoMesin", o_nomesin, CONTINUE_ON_FAILURE): Expected element property value '2NRG735397' is not equal with actual property value '1TRA295932'

2022-03-24 12:48:46 - [MESSAGE][FAILED] - Expected element property value '2NRG735397' is not equal with actual property value '1TRA295932'

2022-03-24 12:48:46 - [TEST_STEP][FAILED] - verifyElementPropertyValue(order, "GetDataOrderResponse.ListDataOrder[0].NoPolisi", o_nopol, CONTINUE_ON_FAILURE): Expected element property value '               ' is not equal with actual property value 'B 2726 BOM'

2022-03-24 12:48:46 - [MESSAGE][FAILED] - Expected element property value '               ' is not equal with actual property value 'B 2726 BOM'

2022-03-24 12:48:46 - [TEST_STEP][FAILED] - verifyElementPropertyValue(order, "GetDataOrderResponse.ListDataOrder[0].NamaBPKB", o_namabpkb, CONTINUE_ON_FAILURE): Expected element property value 'TOPAN PAMUNGKAS' is not equal with actual property value 'PT AUTORENT LANCAR S'

2022-03-24 12:48:46 - [MESSAGE][FAILED] - Expected element property value 'TOPAN PAMUNGKAS' is not equal with actual property value 'PT AUTORENT LANCAR S'

2022-03-24 12:48:46 - [TEST_STEP][FAILED] - verifyElementPropertyValue(order, "GetDataOrderResponse.ListDataOrder[0].KategoriMobil", o_kategori, CONTINUE_ON_FAILURE): Expected element property value '13' is not equal with actual property value '14'

2022-03-24 12:48:46 - [MESSAGE][FAILED] - Expected element property value '13' is not equal with actual property value '14'

2022-03-24 12:48:46 - [TEST_STEP][PASSED] - verifyElementPropertyValue(order, "GetDataOrderResponse.ListDataOrder[0].PenggunaanKendaraan", o_purpose, CONTINUE_ON_FAILURE): Verify element property value successfully

2022-03-24 12:48:46 - [MESSAGE][PASSED] - Verify element property value successfully

2022-03-24 12:48:46 - [TEST_STEP][FAILED] - verifyElementPropertyValue(order, "GetDataOrderResponse.ListDataOrder[0].Kondisi", o_kondisi, CONTINUE_ON_FAILURE): Expected element property value '1' is not equal with actual property value '2'

2022-03-24 12:48:46 - [MESSAGE][FAILED] - Expected element property value '1' is not equal with actual property value '2'

2022-03-24 12:48:46 - [TEST_STEP][PASSED] - verifyElementPropertyValue(order, "GetDataOrderResponse.ListDataOrder[0].Accessories1", o_acc1, CONTINUE_ON_FAILURE): Verify element property value successfully

2022-03-24 12:48:46 - [MESSAGE][PASSED] - Verify element property value successfully

2022-03-24 12:48:46 - [TEST_STEP][PASSED] - verifyElementPropertyValue(order, "GetDataOrderResponse.ListDataOrder[0].Accessories2", o_acc2, CONTINUE_ON_FAILURE): Verify element property value successfully

2022-03-24 12:48:46 - [MESSAGE][PASSED] - Verify element property value successfully

2022-03-24 12:48:46 - [TEST_STEP][PASSED] - verifyElementPropertyValue(order, "GetDataOrderResponse.ListDataOrder[0].Accessories3", o_acc3, CONTINUE_ON_FAILURE): Verify element property value successfully

2022-03-24 12:48:46 - [MESSAGE][PASSED] - Verify element property value successfully

2022-03-24 12:48:46 - [TEST_STEP][PASSED] - verifyElementPropertyValue(order, "GetDataOrderResponse.ListDataOrder[0].Accessories4", o_acc4, CONTINUE_ON_FAILURE): Verify element property value successfully

2022-03-24 12:48:46 - [MESSAGE][PASSED] - Verify element property value successfully

2022-03-24 12:48:46 - [TEST_STEP][PASSED] - verifyElementPropertyValue(order, "GetDataOrderResponse.ListDataOrder[0].Accessories5", o_acc5, CONTINUE_ON_FAILURE): Verify element property value successfully

2022-03-24 12:48:46 - [MESSAGE][PASSED] - Verify element property value successfully

2022-03-24 12:48:46 - [TEST_STEP][PASSED] - verifyElementPropertyValue(order, "GetDataOrderResponse.ListDataOrder[0].HargaAccessories1", o_harga_acc1, CONTINUE_ON_FAILURE): Verify element property value successfully

2022-03-24 12:48:46 - [MESSAGE][PASSED] - Verify element property value successfully

2022-03-24 12:48:46 - [TEST_STEP][PASSED] - verifyElementPropertyValue(order, "GetDataOrderResponse.ListDataOrder[0].HargaAccessories2", o_harga_acc2, CONTINUE_ON_FAILURE): Verify element property value successfully

2022-03-24 12:48:46 - [MESSAGE][PASSED] - Verify element property value successfully

2022-03-24 12:48:46 - [TEST_STEP][PASSED] - verifyElementPropertyValue(order, "GetDataOrderResponse.ListDataOrder[0].HargaAccessories3", o_harga_acc3, CONTINUE_ON_FAILURE): Verify element property value successfully

2022-03-24 12:48:46 - [MESSAGE][PASSED] - Verify element property value successfully

2022-03-24 12:48:46 - [TEST_STEP][PASSED] - verifyElementPropertyValue(order, "GetDataOrderResponse.ListDataOrder[0].HargaAccessories4", o_harga_acc4, CONTINUE_ON_FAILURE): Verify element property value successfully

2022-03-24 12:48:46 - [MESSAGE][PASSED] - Verify element property value successfully

2022-03-24 12:48:46 - [TEST_STEP][PASSED] - verifyElementPropertyValue(order, "GetDataOrderResponse.ListDataOrder[0].HargaAccessories5", o_harga_acc5, CONTINUE_ON_FAILURE): Verify element property value successfully

2022-03-24 12:48:46 - [MESSAGE][PASSED] - Verify element property value successfully

2022-03-24 12:48:46 - [TEST_STEP][PASSED] - verifyElementPropertyValue(order, "GetDataOrderResponse.ListDataOrder[0].OverKredit", o_overkredit, CONTINUE_ON_FAILURE): Verify element property value successfully

2022-03-24 12:48:46 - [MESSAGE][PASSED] - Verify element property value successfully

2022-03-24 12:48:46 - [TEST_STEP][PASSED] - verifyElementPropertyValue(order, "GetDataOrderResponse.ListDataOrder[0].Restructure", o_restructure, CONTINUE_ON_FAILURE): Verify element property value successfully

2022-03-24 12:48:46 - [MESSAGE][PASSED] - Verify element property value successfully

2022-03-24 12:48:46 - [TEST_STEP][PASSED] - verifyElementPropertyValue(order, "GetDataOrderResponse.ListDataOrder[0].NoPolisLama", o_nopol_lama, CONTINUE_ON_FAILURE): Verify element property value successfully

2022-03-24 12:48:46 - [MESSAGE][PASSED] - Verify element property value successfully

2022-03-24 12:48:46 - [TEST_STEP][PASSED] - verifyElementPropertyValue(order, "GetDataOrderResponse.ListDataOrder[0].MailAddress", o_mail_addr, CONTINUE_ON_FAILURE): Verify element property value successfully

2022-03-24 12:48:46 - [MESSAGE][PASSED] - Verify element property value successfully

2022-03-24 12:48:46 - [TEST_STEP][PASSED] - verifyElementPropertyValue(order, "GetDataOrderResponse.ListDataOrder[0].KabKodya", o_kab_kodya, CONTINUE_ON_FAILURE): Verify element property value successfully

2022-03-24 12:48:46 - [MESSAGE][PASSED] - Verify element property value successfully

2022-03-24 12:48:46 - [TEST_STEP][FAILED] - verifyElementPropertyValue(order, "GetDataOrderResponse.ListDataOrder[0].PostalCode", o_postal_code, CONTINUE_ON_FAILURE): Expected element property value '14130' is not equal with actual property value '12610'

2022-03-24 12:48:46 - [MESSAGE][FAILED] - Expected element property value '14130' is not equal with actual property value '12610'

2022-03-24 12:48:46 - [TEST_STEP][PASSED] - verifyElementPropertyValue(order, "GetDataOrderResponse.ListDataOrder[0].PaketMobil", o_packet, CONTINUE_ON_FAILURE): Verify element property value successfully

2022-03-24 12:48:46 - [MESSAGE][PASSED] - Verify element property value successfully

2022-03-24 12:48:46 - [TEST_STEP][PASSED] - verifyElementPropertyValue(order, "GetDataOrderResponse.ListDataOrder[0].CustType", o_cust_type, CONTINUE_ON_FAILURE): Verify element property value successfully

2022-03-24 12:48:46 - [MESSAGE][PASSED] - Verify element property value successfully

2022-03-24 12:48:46 - [TEST_STEP][FAILED] - verifyElementPropertyValue(order, "GetDataOrderResponse.ListDataOrder[0].IdentityNo", o_nik, CONTINUE_ON_FAILURE): Expected element property value '3172043008910007' is not equal with actual property value '09.5307.120661.7004'

2022-03-24 12:48:46 - [MESSAGE][FAILED] - Expected element property value '3172043008910007' is not equal with actual property value '09.5307.120661.7004'

2022-03-24 12:48:46 - [TEST_STEP][PASSED] - verifyElementPropertyValue(order, "GetDataOrderResponse.ListDataOrder[0].BirthPlace", o_birth_place, CONTINUE_ON_FAILURE): Verify element property value successfully

2022-03-24 12:48:46 - [MESSAGE][PASSED] - Verify element property value successfully

2022-03-24 12:48:46 - [TEST_STEP][FAILED] - verifyElementPropertyValue(order, "GetDataOrderResponse.ListDataOrder[0].BirthDate", o_birth_date, CONTINUE_ON_FAILURE): Expected element property value '19910830' is not equal with actual property value '19610612'

2022-03-24 12:48:46 - [MESSAGE][FAILED] - Expected element property value '19910830' is not equal with actual property value '19610612'

2022-03-24 12:48:46 - [TEST_STEP][FAILED] - verifyElementPropertyValue(order, "GetDataOrderResponse.ListDataOrder[0].Occupation", o_occp, CONTINUE_ON_FAILURE): Expected element property value 'Karyawan' is not equal with actual property value 'Wiraswasta'

2022-03-24 12:48:46 - [MESSAGE][FAILED] - Expected element property value 'Karyawan' is not equal with actual property value 'Wiraswasta'

2022-03-24 12:48:46 - [TEST_STEP][PASSED] - verifyElementPropertyValue(order, "GetDataOrderResponse.ListDataOrder[0].AlamatKTP", o_ktp_addr, CONTINUE_ON_FAILURE): Verify element property value successfully

2022-03-24 12:48:46 - [MESSAGE][PASSED] - Verify element property value successfully

2022-03-24 12:48:47 - [TEST_STEP][PASSED] - verifyElementPropertyValue(order, "GetDataOrderResponse.ListDataOrder[0].KelurahanKTP", o_ktp_kel, CONTINUE_ON_FAILURE): Verify element property value successfully

2022-03-24 12:48:47 - [MESSAGE][PASSED] - Verify element property value successfully

2022-03-24 12:48:47 - [TEST_STEP][PASSED] - verifyElementPropertyValue(order, "GetDataOrderResponse.ListDataOrder[0].KecamatanKTP", o_ktp_kec, CONTINUE_ON_FAILURE): Verify element property value successfully

2022-03-24 12:48:47 - [MESSAGE][PASSED] - Verify element property value successfully

2022-03-24 12:48:47 - [TEST_STEP][PASSED] - verifyElementPropertyValue(order, "GetDataOrderResponse.ListDataOrder[0].KabKodyaKTP", o_ktp_kabkodya, CONTINUE_ON_FAILURE): Verify element property value successfully

2022-03-24 12:48:47 - [MESSAGE][PASSED] - Verify element property value successfully

2022-03-24 12:48:47 - [TEST_STEP][PASSED] - verifyElementPropertyValue(order, "GetDataOrderResponse.ListDataOrder[0].ProvinsiKTP", o_ktp_prov, CONTINUE_ON_FAILURE): Verify element property value successfully

2022-03-24 12:48:47 - [MESSAGE][PASSED] - Verify element property value successfully

2022-03-24 12:48:47 - [TEST_STEP][FAILED] - verifyElementPropertyValue(order, "GetDataOrderResponse.ListDataOrder[0].PostalCodeKTP", o_ktp_postal_code, CONTINUE_ON_FAILURE): Expected element property value '14130' is not equal with actual property value '12610'

2022-03-24 12:48:47 - [MESSAGE][FAILED] - Expected element property value '14130' is not equal with actual property value '12610'

2022-03-24 12:48:47 - [TEST_STEP][FAILED] - verifyElementPropertyValue(order, "GetDataOrderResponse.ListDataOrder[0].DealerName", o_ktp_dealer_name, CONTINUE_ON_FAILURE): Expected element property value 'Astrido Jaya Mobilindo - Yos Sudarso' is not equal with actual property value '21 Auto Cars'

2022-03-24 12:48:47 - [MESSAGE][FAILED] - Expected element property value 'Astrido Jaya Mobilindo - Yos Sudarso' is not equal with actual property value '21 Auto Cars'

2022-03-24 12:48:47 - [TEST_STEP][FAILED] - switch (tenor): null

2022-03-24 12:48:47 - [TEST_STEP][FAILED] - case "4":: null

2022-03-24 12:48:47 - [TEST_STEP][PASSED] - order2 = sendRequest(findTestObject("3. Get-data-order", ["s_key":global_token, "c_id":c_id, "order_date":order_date, "page":page, "rows":rows])): Send request successfully

2022-03-24 12:48:48 - [MESSAGE][INFO] - HAR: I:\app-testing\app-project\Order car insurance\order-car-insurance\Reports\20220324_124757\Get data order\20220324_124758\requests\main\20.har

2022-03-24 12:48:48 - [MESSAGE][PASSED] - Send request successfully

2022-03-24 12:48:48 - [TEST_STEP][PASSED] - get_order2 = order.getResponseText(): null

2022-03-24 12:48:48 - [TEST_STEP][FAILED] - verifyElementPropertyValue(order, "GetDataOrderResponse.ListDataOrder[0].InsuranceData[0].KondisiPertanggungan", o_kond_pertanggungan_0, CONTINUE_ON_FAILURE): Expected element property value ' ' is not equal with actual property value ''

2022-03-24 12:48:48 - [MESSAGE][FAILED] - Expected element property value ' ' is not equal with actual property value ''

2022-03-24 12:48:48 - [TEST_STEP][PASSED] - verifyElementPropertyValue(order, "GetDataOrderResponse.ListDataOrder[0].InsuranceData[0].TJH", o_tjh_header_0, CONTINUE_ON_FAILURE): Verify element property value successfully

2022-03-24 12:48:48 - [MESSAGE][PASSED] - Verify element property value successfully

2022-03-24 12:48:48 - [TEST_STEP][FAILED] - verifyElementPropertyValue(order, "GetDataOrderResponse.ListDataOrder[0].InsuranceData[0].InsuredValue", o_ins_val_0, CONTINUE_ON_FAILURE): Expected element property value '241400000.00' is not equal with actual property value '360000000.00'

2022-03-24 12:48:48 - [MESSAGE][FAILED] - Expected element property value '241400000.00' is not equal with actual property value '360000000.00'

2022-03-24 12:48:48 - [TEST_STEP][FAILED] - verifyElementPropertyValue(order, "GetDataOrderResponse.ListDataOrder[0].InsuranceData[0].InsuredFrom", o_ins_form_0, CONTINUE_ON_FAILURE): Expected element property value '2023-12-14T00:00:00' is not equal with actual property value '2021-12-14T00:00:00'

2022-03-24 12:48:49 - [MESSAGE][FAILED] - Expected element property value '2023-12-14T00:00:00' is not equal with actual property value '2021-12-14T00:00:00'

2022-03-24 12:48:49 - [TEST_STEP][FAILED] - verifyElementPropertyValue(order, "GetDataOrderResponse.ListDataOrder[0].InsuranceData[0].InsuredTo", o_ins_to_0, CONTINUE_ON_FAILURE): Expected element property value '2024-12-14T00:00:00' is not equal with actual property value '2022-12-14T00:00:00'

2022-03-24 12:48:49 - [MESSAGE][FAILED] - Expected element property value '2024-12-14T00:00:00' is not equal with actual property value '2022-12-14T00:00:00'

2022-03-24 12:48:49 - [TEST_STEP][PASSED] - verifyElementPropertyValue(order, "GetDataOrderResponse.ListDataOrder[0].InsuranceData[0].Rate", o_rate_0, CONTINUE_ON_FAILURE): Verify element property value successfully

2022-03-24 12:48:49 - [MESSAGE][PASSED] - Verify element property value successfully

2022-03-24 12:48:49 - [TEST_STEP][FAILED] - verifyElementPropertyValue(order, "GetDataOrderResponse.ListDataOrder[0].InsuranceData[0].GrossPremi", o_gross_premi_0, CONTINUE_ON_FAILURE): Expected element property value '3665418.00' is not equal with actual property value '5466240.00'

2022-03-24 12:48:49 - [MESSAGE][FAILED] - Expected element property value '3665418.00' is not equal with actual property value '5466240.00'

2022-03-24 12:48:49 - [TEST_STEP][PASSED] - verifyElementPropertyValue(order, "GetDataOrderResponse.ListDataOrder[0].InsuranceData[0].Discount", o_discount_0, CONTINUE_ON_FAILURE): Verify element property value successfully

2022-03-24 12:48:49 - [MESSAGE][PASSED] - Verify element property value successfully

2022-03-24 12:48:49 - [TEST_STEP][FAILED] - verifyElementPropertyValue(order, "GetDataOrderResponse.ListDataOrder[0].InsuranceData[0].Adm", o_adm_0, CONTINUE_ON_FAILURE): Expected element property value '0.00' is not equal with actual property value '14000.00'

2022-03-24 12:48:49 - [MESSAGE][FAILED] - Expected element property value '0.00' is not equal with actual property value '14000.00'

2022-03-24 12:48:49 - [TEST_STEP][FAILED] - verifyElementPropertyValue(order, "GetDataOrderResponse.ListDataOrder[0].InsuranceData[0].NetPremi", o_netpremi_0, CONTINUE_ON_FAILURE): Expected element property value '3665418.00' is not equal with actual property value '5466240.00'

2022-03-24 12:48:49 - [MESSAGE][FAILED] - Expected element property value '3665418.00' is not equal with actual property value '5466240.00'

2022-03-24 12:48:49 - [TEST_STEP][PASSED] - verifyElementPropertyValue(order, "GetDataOrderResponse.ListDataOrder[0].InsuranceData[0].PerluasanJaminan.TJH", o_tjh_val_0, CONTINUE_ON_FAILURE): Verify element property value successfully

2022-03-24 12:48:49 - [MESSAGE][PASSED] - Verify element property value successfully

2022-03-24 12:48:49 - [TEST_STEP][PASSED] - verifyElementPropertyValue(order, "GetDataOrderResponse.ListDataOrder[0].InsuranceData[0].PerluasanJaminan.RSCC", o_rscc_val_0, CONTINUE_ON_FAILURE): Verify element property value successfully

2022-03-24 12:48:49 - [MESSAGE][PASSED] - Verify element property value successfully

2022-03-24 12:48:49 - [TEST_STEP][PASSED] - verifyElementPropertyValue(order, "GetDataOrderResponse.ListDataOrder[0].InsuranceData[0].PerluasanJaminan.Banjir", o_rsmb_val_0, CONTINUE_ON_FAILURE): Verify element property value successfully

2022-03-24 12:48:49 - [MESSAGE][PASSED] - Verify element property value successfully

2022-03-24 12:48:49 - [TEST_STEP][PASSED] - verifyElementPropertyValue(order, "GetDataOrderResponse.ListDataOrder[0].InsuranceData[0].PerluasanJaminan.Accessories", o_acc_val_0, CONTINUE_ON_FAILURE): Verify element property value successfully

2022-03-24 12:48:49 - [MESSAGE][PASSED] - Verify element property value successfully

2022-03-24 12:48:49 - [TEST_STEP][PASSED] - verifyElementPropertyValue(order, "GetDataOrderResponse.ListDataOrder[0].InsuranceData[1].KondisiPertanggungan", o_kond_pertanggungan_1, CONTINUE_ON_FAILURE): Verify element property value successfully

2022-03-24 12:48:49 - [MESSAGE][PASSED] - Verify element property value successfully

2022-03-24 12:48:49 - [TEST_STEP][PASSED] - verifyElementPropertyValue(order, "GetDataOrderResponse.ListDataOrder[0].InsuranceData[1].TJH", o_tjh_header_1, CONTINUE_ON_FAILURE): Verify element property value successfully

2022-03-24 12:48:49 - [MESSAGE][PASSED] - Verify element property value successfully

2022-03-24 12:48:49 - [TEST_STEP][FAILED] - verifyElementPropertyValue(order, "GetDataOrderResponse.ListDataOrder[0].InsuranceData[1].InsuredValue", o_ins_val_1, CONTINUE_ON_FAILURE): Expected element property value '241400000.00' is not equal with actual property value '360000000.00'

2022-03-24 12:48:49 - [MESSAGE][FAILED] - Expected element property value '241400000.00' is not equal with actual property value '360000000.00'

2022-03-24 12:48:49 - [TEST_STEP][FAILED] - verifyElementPropertyValue(order, "GetDataOrderResponse.ListDataOrder[0].InsuranceData[1].InsuredFrom", o_ins_form_1, CONTINUE_ON_FAILURE): Expected element property value '2024-12-14T00:00:00' is not equal with actual property value '2022-12-14T00:00:00'

2022-03-24 12:48:49 - [MESSAGE][FAILED] - Expected element property value '2024-12-14T00:00:00' is not equal with actual property value '2022-12-14T00:00:00'

2022-03-24 12:48:49 - [TEST_STEP][FAILED] - verifyElementPropertyValue(order, "GetDataOrderResponse.ListDataOrder[0].InsuranceData[1].InsuredTo", o_ins_to_1, CONTINUE_ON_FAILURE): Expected element property value '2025-12-14T00:00:00' is not equal with actual property value '2023-12-14T00:00:00'

2022-03-24 12:48:49 - [MESSAGE][FAILED] - Expected element property value '2025-12-14T00:00:00' is not equal with actual property value '2023-12-14T00:00:00'

2022-03-24 12:48:49 - [TEST_STEP][FAILED] - verifyElementPropertyValue(order, "GetDataOrderResponse.ListDataOrder[0].InsuranceData[1].Rate", o_rate_1, CONTINUE_ON_FAILURE): Expected element property value '1.5184' is not equal with actual property value '0.2774'

2022-03-24 12:48:49 - [MESSAGE][FAILED] - Expected element property value '1.5184' is not equal with actual property value '0.2774'

2022-03-24 12:48:49 - [TEST_STEP][FAILED] - verifyElementPropertyValue(order, "GetDataOrderResponse.ListDataOrder[0].InsuranceData[1].GrossPremi", o_gross_premi_1, CONTINUE_ON_FAILURE): Expected element property value '3665418.00' is not equal with actual property value '998640.00'

2022-03-24 12:48:49 - [MESSAGE][FAILED] - Expected element property value '3665418.00' is not equal with actual property value '998640.00'

2022-03-24 12:48:49 - [TEST_STEP][PASSED] - verifyElementPropertyValue(order, "GetDataOrderResponse.ListDataOrder[0].InsuranceData[1].Discount", o_discount_1, CONTINUE_ON_FAILURE): Verify element property value successfully

2022-03-24 12:48:49 - [MESSAGE][PASSED] - Verify element property value successfully

2022-03-24 12:48:49 - [TEST_STEP][PASSED] - verifyElementPropertyValue(order, "GetDataOrderResponse.ListDataOrder[0].InsuranceData[1].Adm", o_adm_1, CONTINUE_ON_FAILURE): Verify element property value successfully

2022-03-24 12:48:49 - [MESSAGE][PASSED] - Verify element property value successfully

2022-03-24 12:48:49 - [TEST_STEP][FAILED] - verifyElementPropertyValue(order, "GetDataOrderResponse.ListDataOrder[0].InsuranceData[1].NetPremi", o_netpremi_1, CONTINUE_ON_FAILURE): Expected element property value '3665418.00' is not equal with actual property value '998640.00'

2022-03-24 12:48:49 - [MESSAGE][FAILED] - Expected element property value '3665418.00' is not equal with actual property value '998640.00'

2022-03-24 12:48:49 - [TEST_STEP][PASSED] - verifyElementPropertyValue(order, "GetDataOrderResponse.ListDataOrder[0].InsuranceData[1].PerluasanJaminan.TJH", o_tjh_val_1, CONTINUE_ON_FAILURE): Verify element property value successfully

2022-03-24 12:48:49 - [MESSAGE][PASSED] - Verify element property value successfully

2022-03-24 12:48:49 - [TEST_STEP][PASSED] - verifyElementPropertyValue(order, "GetDataOrderResponse.ListDataOrder[0].InsuranceData[1].PerluasanJaminan.RSCC", o_rscc_val_1, CONTINUE_ON_FAILURE): Verify element property value successfully

2022-03-24 12:48:49 - [MESSAGE][PASSED] - Verify element property value successfully

2022-03-24 12:48:49 - [TEST_STEP][PASSED] - verifyElementPropertyValue(order, "GetDataOrderResponse.ListDataOrder[0].InsuranceData[1].PerluasanJaminan.Banjir", o_rsmb_val_1, CONTINUE_ON_FAILURE): Verify element property value successfully

2022-03-24 12:48:49 - [MESSAGE][PASSED] - Verify element property value successfully

2022-03-24 12:48:49 - [TEST_STEP][PASSED] - verifyElementPropertyValue(order, "GetDataOrderResponse.ListDataOrder[0].InsuranceData[1].PerluasanJaminan.Accessories", o_acc_val_1, CONTINUE_ON_FAILURE): Verify element property value successfully

2022-03-24 12:48:49 - [MESSAGE][PASSED] - Verify element property value successfully

2022-03-24 12:48:49 - [TEST_STEP][PASSED] - verifyElementPropertyValue(order, "GetDataOrderResponse.ListDataOrder[0].InsuranceData[2].KondisiPertanggungan", o_kond_pertanggungan_2, CONTINUE_ON_FAILURE): Verify element property value successfully

2022-03-24 12:48:49 - [MESSAGE][PASSED] - Verify element property value successfully

2022-03-24 12:48:49 - [TEST_STEP][PASSED] - verifyElementPropertyValue(order, "GetDataOrderResponse.ListDataOrder[0].InsuranceData[2].TJH", o_tjh_header_2, CONTINUE_ON_FAILURE): Verify element property value successfully

2022-03-24 12:48:49 - [MESSAGE][PASSED] - Verify element property value successfully

2022-03-24 12:48:49 - [TEST_STEP][FAILED] - verifyElementPropertyValue(order, "GetDataOrderResponse.ListDataOrder[0].InsuranceData[2].InsuredValue", o_ins_val_2, CONTINUE_ON_FAILURE): Expected element property value '241400000.00' is not equal with actual property value '360000000.00'

2022-03-24 12:48:49 - [MESSAGE][FAILED] - Expected element property value '241400000.00' is not equal with actual property value '360000000.00'

2022-03-24 12:48:49 - [TEST_STEP][FAILED] - verifyElementPropertyValue(order, "GetDataOrderResponse.ListDataOrder[0].InsuranceData[2].InsuredFrom", o_ins_form_2, CONTINUE_ON_FAILURE): Expected element property value '2021-12-14T00:00:00' is not equal with actual property value '2023-12-14T00:00:00'

2022-03-24 12:48:49 - [MESSAGE][FAILED] - Expected element property value '2021-12-14T00:00:00' is not equal with actual property value '2023-12-14T00:00:00'

2022-03-24 12:48:49 - [TEST_STEP][FAILED] - verifyElementPropertyValue(order, "GetDataOrderResponse.ListDataOrder[0].InsuranceData[2].InsuredTo", o_ins_to_2, CONTINUE_ON_FAILURE): Expected element property value '2022-12-14T00:00:00' is not equal with actual property value '2024-12-14T00:00:00'

2022-03-24 12:48:49 - [MESSAGE][FAILED] - Expected element property value '2022-12-14T00:00:00' is not equal with actual property value '2024-12-14T00:00:00'

2022-03-24 12:48:49 - [TEST_STEP][FAILED] - verifyElementPropertyValue(order, "GetDataOrderResponse.ListDataOrder[0].InsuranceData[2].Rate", o_rate_2, CONTINUE_ON_FAILURE): Expected element property value '1.5184' is not equal with actual property value '0.2774'

2022-03-24 12:48:49 - [MESSAGE][FAILED] - Expected element property value '1.5184' is not equal with actual property value '0.2774'

2022-03-24 12:48:49 - [TEST_STEP][FAILED] - verifyElementPropertyValue(order, "GetDataOrderResponse.ListDataOrder[0].InsuranceData[2].GrossPremi", o_gross_premi_2, CONTINUE_ON_FAILURE): Expected element property value '3665418.00' is not equal with actual property value '998640.00'

2022-03-24 12:48:49 - [MESSAGE][FAILED] - Expected element property value '3665418.00' is not equal with actual property value '998640.00'

2022-03-24 12:48:49 - [TEST_STEP][PASSED] - verifyElementPropertyValue(order, "GetDataOrderResponse.ListDataOrder[0].InsuranceData[2].Discount", o_discount_2, CONTINUE_ON_FAILURE): Verify element property value successfully

2022-03-24 12:48:49 - [MESSAGE][PASSED] - Verify element property value successfully

2022-03-24 12:48:49 - [TEST_STEP][FAILED] - verifyElementPropertyValue(order, "GetDataOrderResponse.ListDataOrder[0].InsuranceData[2].Adm", o_adm_2, CONTINUE_ON_FAILURE): Expected element property value '14000.00' is not equal with actual property value '0.00'

2022-03-24 12:48:49 - [MESSAGE][FAILED] - Expected element property value '14000.00' is not equal with actual property value '0.00'

2022-03-24 12:48:49 - [TEST_STEP][FAILED] - verifyElementPropertyValue(order, "GetDataOrderResponse.ListDataOrder[0].InsuranceData[2].NetPremi", o_netpremi_2, CONTINUE_ON_FAILURE): Expected element property value '3665418.00' is not equal with actual property value '998640.00'

2022-03-24 12:48:49 - [MESSAGE][FAILED] - Expected element property value '3665418.00' is not equal with actual property value '998640.00'

2022-03-24 12:48:49 - [TEST_STEP][PASSED] - verifyElementPropertyValue(order, "GetDataOrderResponse.ListDataOrder[0].InsuranceData[2].PerluasanJaminan.TJH", o_tjh_val_2, CONTINUE_ON_FAILURE): Verify element property value successfully

2022-03-24 12:48:49 - [MESSAGE][PASSED] - Verify element property value successfully

2022-03-24 12:48:49 - [TEST_STEP][PASSED] - verifyElementPropertyValue(order, "GetDataOrderResponse.ListDataOrder[0].InsuranceData[2].PerluasanJaminan.RSCC", o_rscc_val_2, CONTINUE_ON_FAILURE): Verify element property value successfully

2022-03-24 12:48:49 - [MESSAGE][PASSED] - Verify element property value successfully

2022-03-24 12:48:49 - [TEST_STEP][PASSED] - verifyElementPropertyValue(order, "GetDataOrderResponse.ListDataOrder[0].InsuranceData[2].PerluasanJaminan.Banjir", o_rsmb_val_2, CONTINUE_ON_FAILURE): Verify element property value successfully

2022-03-24 12:48:49 - [MESSAGE][PASSED] - Verify element property value successfully

2022-03-24 12:48:49 - [TEST_STEP][PASSED] - verifyElementPropertyValue(order, "GetDataOrderResponse.ListDataOrder[0].InsuranceData[2].PerluasanJaminan.Accessories", o_acc_val_2, CONTINUE_ON_FAILURE): Verify element property value successfully

2022-03-24 12:48:49 - [MESSAGE][PASSED] - Verify element property value successfully

2022-03-24 12:48:49 - [TEST_STEP][FAILED] - verifyElementPropertyValue(order, "GetDataOrderResponse.ListDataOrder[0].InsuranceData[3].KondisiPertanggungan", o_kond_pertanggungan_3, CONTINUE_ON_FAILURE): Unable to verify element property value (Root cause: java.lang.NullPointerException: Cannot get property 'KondisiPertanggungan' on null object
	at Script1.run(Script1.groovy:1)
	at com.kms.katalon.core.webservice.helper.WebServiceCommonHelper.parseAndGetPropertyValueForJson(WebServiceCommonHelper.java:213)
	at com.kms.katalon.core.webservice.keyword.builtin.VerifyElementPropertyValueKeyword$_verifyElementPropertyValue_closure1.doCall(VerifyElementPropertyValueKeyword.groovy:52)
	at com.kms.katalon.core.webservice.keyword.builtin.VerifyElementPropertyValueKeyword$_verifyElementPropertyValue_closure1.call(VerifyElementPropertyValueKeyword.groovy)
	at com.kms.katalon.core.keyword.internal.KeywordMain.runKeyword(KeywordMain.groovy:74)
	at com.kms.katalon.core.webservice.keyword.builtin.VerifyElementPropertyValueKeyword.verifyElementPropertyValue(VerifyElementPropertyValueKeyword.groovy:48)
	at com.kms.katalon.core.webservice.keyword.builtin.VerifyElementPropertyValueKeyword.execute(VerifyElementPropertyValueKeyword.groovy:43)
	at com.kms.katalon.core.keyword.internal.KeywordExecutor.executeKeywordForPlatform(KeywordExecutor.groovy:74)
	at com.kms.katalon.core.webservice.keyword.WSBuiltInKeywords.verifyElementPropertyValue(WSBuiltInKeywords.groovy:175)
	at com.kms.katalon.core.webservice.keyword.WSBuiltInKeywords$verifyElementPropertyValue$0.call(Unknown Source)
	at 1. get token - data order.run(1. get token - data order:546)
	at com.kms.katalon.core.main.ScriptEngine.run(ScriptEngine.java:194)
	at com.kms.katalon.core.main.ScriptEngine.runScriptAsRawText(ScriptEngine.java:119)
	at com.kms.katalon.core.main.TestCaseExecutor.runScript(TestCaseExecutor.java:442)
	at com.kms.katalon.core.main.TestCaseExecutor.doExecute(TestCaseExecutor.java:433)
	at com.kms.katalon.core.main.TestCaseExecutor.processExecutionPhase(TestCaseExecutor.java:412)
	at com.kms.katalon.core.main.TestCaseExecutor.accessMainPhase(TestCaseExecutor.java:404)
	at com.kms.katalon.core.main.TestCaseExecutor.execute(TestCaseExecutor.java:281)
	at com.kms.katalon.core.main.TestSuiteExecutor.accessTestCaseMainPhase(TestSuiteExecutor.java:202)
	at com.kms.katalon.core.main.TestSuiteExecutor.accessTestSuiteMainPhase(TestSuiteExecutor.java:164)
	at com.kms.katalon.core.main.TestSuiteExecutor.execute(TestSuiteExecutor.java:105)
	at com.kms.katalon.core.main.TestCaseMain.startTestSuite(TestCaseMain.java:181)
	at com.kms.katalon.core.main.TestCaseMain$startTestSuite$0.call(Unknown Source)
	at TempTestSuite1648100878643.run(TempTestSuite1648100878643.groovy:36)
)

2022-03-24 12:48:50 - [MESSAGE][FAILED] - Unable to verify element property value (Root cause: java.lang.NullPointerException: Cannot get property 'KondisiPertanggungan' on null object
	at Script1.run(Script1.groovy:1)
	at com.kms.katalon.core.webservice.helper.WebServiceCommonHelper.parseAndGetPropertyValueForJson(WebServiceCommonHelper.java:213)
	at com.kms.katalon.core.webservice.keyword.builtin.VerifyElementPropertyValueKeyword$_verifyElementPropertyValue_closure1.doCall(VerifyElementPropertyValueKeyword.groovy:52)
	at com.kms.katalon.core.webservice.keyword.builtin.VerifyElementPropertyValueKeyword$_verifyElementPropertyValue_closure1.call(VerifyElementPropertyValueKeyword.groovy)
	at com.kms.katalon.core.keyword.internal.KeywordMain.runKeyword(KeywordMain.groovy:74)
	at com.kms.katalon.core.webservice.keyword.builtin.VerifyElementPropertyValueKeyword.verifyElementPropertyValue(VerifyElementPropertyValueKeyword.groovy:48)
	at com.kms.katalon.core.webservice.keyword.builtin.VerifyElementPropertyValueKeyword.execute(VerifyElementPropertyValueKeyword.groovy:43)
	at com.kms.katalon.core.keyword.internal.KeywordExecutor.executeKeywordForPlatform(KeywordExecutor.groovy:74)
	at com.kms.katalon.core.webservice.keyword.WSBuiltInKeywords.verifyElementPropertyValue(WSBuiltInKeywords.groovy:175)
	at com.kms.katalon.core.webservice.keyword.WSBuiltInKeywords$verifyElementPropertyValue$0.call(Unknown Source)
	at 1. get token - data order.run(1. get token - data order:546)
	at com.kms.katalon.core.main.ScriptEngine.run(ScriptEngine.java:194)
	at com.kms.katalon.core.main.ScriptEngine.runScriptAsRawText(ScriptEngine.java:119)
	at com.kms.katalon.core.main.TestCaseExecutor.runScript(TestCaseExecutor.java:442)
	at com.kms.katalon.core.main.TestCaseExecutor.doExecute(TestCaseExecutor.java:433)
	at com.kms.katalon.core.main.TestCaseExecutor.processExecutionPhase(TestCaseExecutor.java:412)
	at com.kms.katalon.core.main.TestCaseExecutor.accessMainPhase(TestCaseExecutor.java:404)
	at com.kms.katalon.core.main.TestCaseExecutor.execute(TestCaseExecutor.java:281)
	at com.kms.katalon.core.main.TestSuiteExecutor.accessTestCaseMainPhase(TestSuiteExecutor.java:202)
	at com.kms.katalon.core.main.TestSuiteExecutor.accessTestSuiteMainPhase(TestSuiteExecutor.java:164)
	at com.kms.katalon.core.main.TestSuiteExecutor.execute(TestSuiteExecutor.java:105)
	at com.kms.katalon.core.main.TestCaseMain.startTestSuite(TestCaseMain.java:181)
	at com.kms.katalon.core.main.TestCaseMain$startTestSuite$0.call(Unknown Source)
	at TempTestSuite1648100878643.run(TempTestSuite1648100878643.groovy:36)
)

2022-03-24 12:48:50 - [TEST_STEP][FAILED] - verifyElementPropertyValue(order, "GetDataOrderResponse.ListDataOrder[0].InsuranceData[3].TJH", o_tjh_header_3, CONTINUE_ON_FAILURE): Unable to verify element property value (Root cause: java.lang.NullPointerException: Cannot get property 'TJH' on null object
	at Script1.run(Script1.groovy:1)
	at com.kms.katalon.core.webservice.helper.WebServiceCommonHelper.parseAndGetPropertyValueForJson(WebServiceCommonHelper.java:213)
	at com.kms.katalon.core.webservice.keyword.builtin.VerifyElementPropertyValueKeyword$_verifyElementPropertyValue_closure1.doCall(VerifyElementPropertyValueKeyword.groovy:52)
	at com.kms.katalon.core.webservice.keyword.builtin.VerifyElementPropertyValueKeyword$_verifyElementPropertyValue_closure1.call(VerifyElementPropertyValueKeyword.groovy)
	at com.kms.katalon.core.keyword.internal.KeywordMain.runKeyword(KeywordMain.groovy:74)
	at com.kms.katalon.core.webservice.keyword.builtin.VerifyElementPropertyValueKeyword.verifyElementPropertyValue(VerifyElementPropertyValueKeyword.groovy:48)
	at com.kms.katalon.core.webservice.keyword.builtin.VerifyElementPropertyValueKeyword.execute(VerifyElementPropertyValueKeyword.groovy:43)
	at com.kms.katalon.core.keyword.internal.KeywordExecutor.executeKeywordForPlatform(KeywordExecutor.groovy:74)
	at com.kms.katalon.core.webservice.keyword.WSBuiltInKeywords.verifyElementPropertyValue(WSBuiltInKeywords.groovy:175)
	at com.kms.katalon.core.webservice.keyword.WSBuiltInKeywords$verifyElementPropertyValue$0.call(Unknown Source)
	at 1. get token - data order.run(1. get token - data order:549)
	at com.kms.katalon.core.main.ScriptEngine.run(ScriptEngine.java:194)
	at com.kms.katalon.core.main.ScriptEngine.runScriptAsRawText(ScriptEngine.java:119)
	at com.kms.katalon.core.main.TestCaseExecutor.runScript(TestCaseExecutor.java:442)
	at com.kms.katalon.core.main.TestCaseExecutor.doExecute(TestCaseExecutor.java:433)
	at com.kms.katalon.core.main.TestCaseExecutor.processExecutionPhase(TestCaseExecutor.java:412)
	at com.kms.katalon.core.main.TestCaseExecutor.accessMainPhase(TestCaseExecutor.java:404)
	at com.kms.katalon.core.main.TestCaseExecutor.execute(TestCaseExecutor.java:281)
	at com.kms.katalon.core.main.TestSuiteExecutor.accessTestCaseMainPhase(TestSuiteExecutor.java:202)
	at com.kms.katalon.core.main.TestSuiteExecutor.accessTestSuiteMainPhase(TestSuiteExecutor.java:164)
	at com.kms.katalon.core.main.TestSuiteExecutor.execute(TestSuiteExecutor.java:105)
	at com.kms.katalon.core.main.TestCaseMain.startTestSuite(TestCaseMain.java:181)
	at com.kms.katalon.core.main.TestCaseMain$startTestSuite$0.call(Unknown Source)
	at TempTestSuite1648100878643.run(TempTestSuite1648100878643.groovy:36)
)

2022-03-24 12:48:50 - [MESSAGE][FAILED] - Unable to verify element property value (Root cause: java.lang.NullPointerException: Cannot get property 'TJH' on null object
	at Script1.run(Script1.groovy:1)
	at com.kms.katalon.core.webservice.helper.WebServiceCommonHelper.parseAndGetPropertyValueForJson(WebServiceCommonHelper.java:213)
	at com.kms.katalon.core.webservice.keyword.builtin.VerifyElementPropertyValueKeyword$_verifyElementPropertyValue_closure1.doCall(VerifyElementPropertyValueKeyword.groovy:52)
	at com.kms.katalon.core.webservice.keyword.builtin.VerifyElementPropertyValueKeyword$_verifyElementPropertyValue_closure1.call(VerifyElementPropertyValueKeyword.groovy)
	at com.kms.katalon.core.keyword.internal.KeywordMain.runKeyword(KeywordMain.groovy:74)
	at com.kms.katalon.core.webservice.keyword.builtin.VerifyElementPropertyValueKeyword.verifyElementPropertyValue(VerifyElementPropertyValueKeyword.groovy:48)
	at com.kms.katalon.core.webservice.keyword.builtin.VerifyElementPropertyValueKeyword.execute(VerifyElementPropertyValueKeyword.groovy:43)
	at com.kms.katalon.core.keyword.internal.KeywordExecutor.executeKeywordForPlatform(KeywordExecutor.groovy:74)
	at com.kms.katalon.core.webservice.keyword.WSBuiltInKeywords.verifyElementPropertyValue(WSBuiltInKeywords.groovy:175)
	at com.kms.katalon.core.webservice.keyword.WSBuiltInKeywords$verifyElementPropertyValue$0.call(Unknown Source)
	at 1. get token - data order.run(1. get token - data order:549)
	at com.kms.katalon.core.main.ScriptEngine.run(ScriptEngine.java:194)
	at com.kms.katalon.core.main.ScriptEngine.runScriptAsRawText(ScriptEngine.java:119)
	at com.kms.katalon.core.main.TestCaseExecutor.runScript(TestCaseExecutor.java:442)
	at com.kms.katalon.core.main.TestCaseExecutor.doExecute(TestCaseExecutor.java:433)
	at com.kms.katalon.core.main.TestCaseExecutor.processExecutionPhase(TestCaseExecutor.java:412)
	at com.kms.katalon.core.main.TestCaseExecutor.accessMainPhase(TestCaseExecutor.java:404)
	at com.kms.katalon.core.main.TestCaseExecutor.execute(TestCaseExecutor.java:281)
	at com.kms.katalon.core.main.TestSuiteExecutor.accessTestCaseMainPhase(TestSuiteExecutor.java:202)
	at com.kms.katalon.core.main.TestSuiteExecutor.accessTestSuiteMainPhase(TestSuiteExecutor.java:164)
	at com.kms.katalon.core.main.TestSuiteExecutor.execute(TestSuiteExecutor.java:105)
	at com.kms.katalon.core.main.TestCaseMain.startTestSuite(TestCaseMain.java:181)
	at com.kms.katalon.core.main.TestCaseMain$startTestSuite$0.call(Unknown Source)
	at TempTestSuite1648100878643.run(TempTestSuite1648100878643.groovy:36)
)

2022-03-24 12:48:50 - [TEST_STEP][FAILED] - verifyElementPropertyValue(order, "GetDataOrderResponse.ListDataOrder[0].InsuranceData[3].InsuredValue", o_ins_val_3, CONTINUE_ON_FAILURE): Unable to verify element property value (Root cause: java.lang.NullPointerException: Cannot get property 'InsuredValue' on null object
	at Script1.run(Script1.groovy:1)
	at com.kms.katalon.core.webservice.helper.WebServiceCommonHelper.parseAndGetPropertyValueForJson(WebServiceCommonHelper.java:213)
	at com.kms.katalon.core.webservice.keyword.builtin.VerifyElementPropertyValueKeyword$_verifyElementPropertyValue_closure1.doCall(VerifyElementPropertyValueKeyword.groovy:52)
	at com.kms.katalon.core.webservice.keyword.builtin.VerifyElementPropertyValueKeyword$_verifyElementPropertyValue_closure1.call(VerifyElementPropertyValueKeyword.groovy)
	at com.kms.katalon.core.keyword.internal.KeywordMain.runKeyword(KeywordMain.groovy:74)
	at com.kms.katalon.core.webservice.keyword.builtin.VerifyElementPropertyValueKeyword.verifyElementPropertyValue(VerifyElementPropertyValueKeyword.groovy:48)
	at com.kms.katalon.core.webservice.keyword.builtin.VerifyElementPropertyValueKeyword.execute(VerifyElementPropertyValueKeyword.groovy:43)
	at com.kms.katalon.core.keyword.internal.KeywordExecutor.executeKeywordForPlatform(KeywordExecutor.groovy:74)
	at com.kms.katalon.core.webservice.keyword.WSBuiltInKeywords.verifyElementPropertyValue(WSBuiltInKeywords.groovy:175)
	at com.kms.katalon.core.webservice.keyword.WSBuiltInKeywords$verifyElementPropertyValue$0.call(Unknown Source)
	at 1. get token - data order.run(1. get token - data order:551)
	at com.kms.katalon.core.main.ScriptEngine.run(ScriptEngine.java:194)
	at com.kms.katalon.core.main.ScriptEngine.runScriptAsRawText(ScriptEngine.java:119)
	at com.kms.katalon.core.main.TestCaseExecutor.runScript(TestCaseExecutor.java:442)
	at com.kms.katalon.core.main.TestCaseExecutor.doExecute(TestCaseExecutor.java:433)
	at com.kms.katalon.core.main.TestCaseExecutor.processExecutionPhase(TestCaseExecutor.java:412)
	at com.kms.katalon.core.main.TestCaseExecutor.accessMainPhase(TestCaseExecutor.java:404)
	at com.kms.katalon.core.main.TestCaseExecutor.execute(TestCaseExecutor.java:281)
	at com.kms.katalon.core.main.TestSuiteExecutor.accessTestCaseMainPhase(TestSuiteExecutor.java:202)
	at com.kms.katalon.core.main.TestSuiteExecutor.accessTestSuiteMainPhase(TestSuiteExecutor.java:164)
	at com.kms.katalon.core.main.TestSuiteExecutor.execute(TestSuiteExecutor.java:105)
	at com.kms.katalon.core.main.TestCaseMain.startTestSuite(TestCaseMain.java:181)
	at com.kms.katalon.core.main.TestCaseMain$startTestSuite$0.call(Unknown Source)
	at TempTestSuite1648100878643.run(TempTestSuite1648100878643.groovy:36)
)

2022-03-24 12:48:50 - [MESSAGE][FAILED] - Unable to verify element property value (Root cause: java.lang.NullPointerException: Cannot get property 'InsuredValue' on null object
	at Script1.run(Script1.groovy:1)
	at com.kms.katalon.core.webservice.helper.WebServiceCommonHelper.parseAndGetPropertyValueForJson(WebServiceCommonHelper.java:213)
	at com.kms.katalon.core.webservice.keyword.builtin.VerifyElementPropertyValueKeyword$_verifyElementPropertyValue_closure1.doCall(VerifyElementPropertyValueKeyword.groovy:52)
	at com.kms.katalon.core.webservice.keyword.builtin.VerifyElementPropertyValueKeyword$_verifyElementPropertyValue_closure1.call(VerifyElementPropertyValueKeyword.groovy)
	at com.kms.katalon.core.keyword.internal.KeywordMain.runKeyword(KeywordMain.groovy:74)
	at com.kms.katalon.core.webservice.keyword.builtin.VerifyElementPropertyValueKeyword.verifyElementPropertyValue(VerifyElementPropertyValueKeyword.groovy:48)
	at com.kms.katalon.core.webservice.keyword.builtin.VerifyElementPropertyValueKeyword.execute(VerifyElementPropertyValueKeyword.groovy:43)
	at com.kms.katalon.core.keyword.internal.KeywordExecutor.executeKeywordForPlatform(KeywordExecutor.groovy:74)
	at com.kms.katalon.core.webservice.keyword.WSBuiltInKeywords.verifyElementPropertyValue(WSBuiltInKeywords.groovy:175)
	at com.kms.katalon.core.webservice.keyword.WSBuiltInKeywords$verifyElementPropertyValue$0.call(Unknown Source)
	at 1. get token - data order.run(1. get token - data order:551)
	at com.kms.katalon.core.main.ScriptEngine.run(ScriptEngine.java:194)
	at com.kms.katalon.core.main.ScriptEngine.runScriptAsRawText(ScriptEngine.java:119)
	at com.kms.katalon.core.main.TestCaseExecutor.runScript(TestCaseExecutor.java:442)
	at com.kms.katalon.core.main.TestCaseExecutor.doExecute(TestCaseExecutor.java:433)
	at com.kms.katalon.core.main.TestCaseExecutor.processExecutionPhase(TestCaseExecutor.java:412)
	at com.kms.katalon.core.main.TestCaseExecutor.accessMainPhase(TestCaseExecutor.java:404)
	at com.kms.katalon.core.main.TestCaseExecutor.execute(TestCaseExecutor.java:281)
	at com.kms.katalon.core.main.TestSuiteExecutor.accessTestCaseMainPhase(TestSuiteExecutor.java:202)
	at com.kms.katalon.core.main.TestSuiteExecutor.accessTestSuiteMainPhase(TestSuiteExecutor.java:164)
	at com.kms.katalon.core.main.TestSuiteExecutor.execute(TestSuiteExecutor.java:105)
	at com.kms.katalon.core.main.TestCaseMain.startTestSuite(TestCaseMain.java:181)
	at com.kms.katalon.core.main.TestCaseMain$startTestSuite$0.call(Unknown Source)
	at TempTestSuite1648100878643.run(TempTestSuite1648100878643.groovy:36)
)

2022-03-24 12:48:50 - [TEST_STEP][FAILED] - verifyElementPropertyValue(order, "GetDataOrderResponse.ListDataOrder[0].InsuranceData[3].InsuredFrom", o_ins_form_3, CONTINUE_ON_FAILURE): Unable to verify element property value (Root cause: java.lang.NullPointerException: Cannot get property 'InsuredFrom' on null object
	at Script1.run(Script1.groovy:1)
	at com.kms.katalon.core.webservice.helper.WebServiceCommonHelper.parseAndGetPropertyValueForJson(WebServiceCommonHelper.java:213)
	at com.kms.katalon.core.webservice.keyword.builtin.VerifyElementPropertyValueKeyword$_verifyElementPropertyValue_closure1.doCall(VerifyElementPropertyValueKeyword.groovy:52)
	at com.kms.katalon.core.webservice.keyword.builtin.VerifyElementPropertyValueKeyword$_verifyElementPropertyValue_closure1.call(VerifyElementPropertyValueKeyword.groovy)
	at com.kms.katalon.core.keyword.internal.KeywordMain.runKeyword(KeywordMain.groovy:74)
	at com.kms.katalon.core.webservice.keyword.builtin.VerifyElementPropertyValueKeyword.verifyElementPropertyValue(VerifyElementPropertyValueKeyword.groovy:48)
	at com.kms.katalon.core.webservice.keyword.builtin.VerifyElementPropertyValueKeyword.execute(VerifyElementPropertyValueKeyword.groovy:43)
	at com.kms.katalon.core.keyword.internal.KeywordExecutor.executeKeywordForPlatform(KeywordExecutor.groovy:74)
	at com.kms.katalon.core.webservice.keyword.WSBuiltInKeywords.verifyElementPropertyValue(WSBuiltInKeywords.groovy:175)
	at com.kms.katalon.core.webservice.keyword.WSBuiltInKeywords$verifyElementPropertyValue$0.call(Unknown Source)
	at 1. get token - data order.run(1. get token - data order:554)
	at com.kms.katalon.core.main.ScriptEngine.run(ScriptEngine.java:194)
	at com.kms.katalon.core.main.ScriptEngine.runScriptAsRawText(ScriptEngine.java:119)
	at com.kms.katalon.core.main.TestCaseExecutor.runScript(TestCaseExecutor.java:442)
	at com.kms.katalon.core.main.TestCaseExecutor.doExecute(TestCaseExecutor.java:433)
	at com.kms.katalon.core.main.TestCaseExecutor.processExecutionPhase(TestCaseExecutor.java:412)
	at com.kms.katalon.core.main.TestCaseExecutor.accessMainPhase(TestCaseExecutor.java:404)
	at com.kms.katalon.core.main.TestCaseExecutor.execute(TestCaseExecutor.java:281)
	at com.kms.katalon.core.main.TestSuiteExecutor.accessTestCaseMainPhase(TestSuiteExecutor.java:202)
	at com.kms.katalon.core.main.TestSuiteExecutor.accessTestSuiteMainPhase(TestSuiteExecutor.java:164)
	at com.kms.katalon.core.main.TestSuiteExecutor.execute(TestSuiteExecutor.java:105)
	at com.kms.katalon.core.main.TestCaseMain.startTestSuite(TestCaseMain.java:181)
	at com.kms.katalon.core.main.TestCaseMain$startTestSuite$0.call(Unknown Source)
	at TempTestSuite1648100878643.run(TempTestSuite1648100878643.groovy:36)
)

2022-03-24 12:48:50 - [MESSAGE][FAILED] - Unable to verify element property value (Root cause: java.lang.NullPointerException: Cannot get property 'InsuredFrom' on null object
	at Script1.run(Script1.groovy:1)
	at com.kms.katalon.core.webservice.helper.WebServiceCommonHelper.parseAndGetPropertyValueForJson(WebServiceCommonHelper.java:213)
	at com.kms.katalon.core.webservice.keyword.builtin.VerifyElementPropertyValueKeyword$_verifyElementPropertyValue_closure1.doCall(VerifyElementPropertyValueKeyword.groovy:52)
	at com.kms.katalon.core.webservice.keyword.builtin.VerifyElementPropertyValueKeyword$_verifyElementPropertyValue_closure1.call(VerifyElementPropertyValueKeyword.groovy)
	at com.kms.katalon.core.keyword.internal.KeywordMain.runKeyword(KeywordMain.groovy:74)
	at com.kms.katalon.core.webservice.keyword.builtin.VerifyElementPropertyValueKeyword.verifyElementPropertyValue(VerifyElementPropertyValueKeyword.groovy:48)
	at com.kms.katalon.core.webservice.keyword.builtin.VerifyElementPropertyValueKeyword.execute(VerifyElementPropertyValueKeyword.groovy:43)
	at com.kms.katalon.core.keyword.internal.KeywordExecutor.executeKeywordForPlatform(KeywordExecutor.groovy:74)
	at com.kms.katalon.core.webservice.keyword.WSBuiltInKeywords.verifyElementPropertyValue(WSBuiltInKeywords.groovy:175)
	at com.kms.katalon.core.webservice.keyword.WSBuiltInKeywords$verifyElementPropertyValue$0.call(Unknown Source)
	at 1. get token - data order.run(1. get token - data order:554)
	at com.kms.katalon.core.main.ScriptEngine.run(ScriptEngine.java:194)
	at com.kms.katalon.core.main.ScriptEngine.runScriptAsRawText(ScriptEngine.java:119)
	at com.kms.katalon.core.main.TestCaseExecutor.runScript(TestCaseExecutor.java:442)
	at com.kms.katalon.core.main.TestCaseExecutor.doExecute(TestCaseExecutor.java:433)
	at com.kms.katalon.core.main.TestCaseExecutor.processExecutionPhase(TestCaseExecutor.java:412)
	at com.kms.katalon.core.main.TestCaseExecutor.accessMainPhase(TestCaseExecutor.java:404)
	at com.kms.katalon.core.main.TestCaseExecutor.execute(TestCaseExecutor.java:281)
	at com.kms.katalon.core.main.TestSuiteExecutor.accessTestCaseMainPhase(TestSuiteExecutor.java:202)
	at com.kms.katalon.core.main.TestSuiteExecutor.accessTestSuiteMainPhase(TestSuiteExecutor.java:164)
	at com.kms.katalon.core.main.TestSuiteExecutor.execute(TestSuiteExecutor.java:105)
	at com.kms.katalon.core.main.TestCaseMain.startTestSuite(TestCaseMain.java:181)
	at com.kms.katalon.core.main.TestCaseMain$startTestSuite$0.call(Unknown Source)
	at TempTestSuite1648100878643.run(TempTestSuite1648100878643.groovy:36)
)

2022-03-24 12:48:50 - [TEST_STEP][FAILED] - verifyElementPropertyValue(order, "GetDataOrderResponse.ListDataOrder[0].InsuranceData[3].InsuredTo", o_ins_to_3, CONTINUE_ON_FAILURE): Unable to verify element property value (Root cause: java.lang.NullPointerException: Cannot get property 'InsuredTo' on null object
	at Script1.run(Script1.groovy:1)
	at com.kms.katalon.core.webservice.helper.WebServiceCommonHelper.parseAndGetPropertyValueForJson(WebServiceCommonHelper.java:213)
	at com.kms.katalon.core.webservice.keyword.builtin.VerifyElementPropertyValueKeyword$_verifyElementPropertyValue_closure1.doCall(VerifyElementPropertyValueKeyword.groovy:52)
	at com.kms.katalon.core.webservice.keyword.builtin.VerifyElementPropertyValueKeyword$_verifyElementPropertyValue_closure1.call(VerifyElementPropertyValueKeyword.groovy)
	at com.kms.katalon.core.keyword.internal.KeywordMain.runKeyword(KeywordMain.groovy:74)
	at com.kms.katalon.core.webservice.keyword.builtin.VerifyElementPropertyValueKeyword.verifyElementPropertyValue(VerifyElementPropertyValueKeyword.groovy:48)
	at com.kms.katalon.core.webservice.keyword.builtin.VerifyElementPropertyValueKeyword.execute(VerifyElementPropertyValueKeyword.groovy:43)
	at com.kms.katalon.core.keyword.internal.KeywordExecutor.executeKeywordForPlatform(KeywordExecutor.groovy:74)
	at com.kms.katalon.core.webservice.keyword.WSBuiltInKeywords.verifyElementPropertyValue(WSBuiltInKeywords.groovy:175)
	at com.kms.katalon.core.webservice.keyword.WSBuiltInKeywords$verifyElementPropertyValue$0.call(Unknown Source)
	at 1. get token - data order.run(1. get token - data order:557)
	at com.kms.katalon.core.main.ScriptEngine.run(ScriptEngine.java:194)
	at com.kms.katalon.core.main.ScriptEngine.runScriptAsRawText(ScriptEngine.java:119)
	at com.kms.katalon.core.main.TestCaseExecutor.runScript(TestCaseExecutor.java:442)
	at com.kms.katalon.core.main.TestCaseExecutor.doExecute(TestCaseExecutor.java:433)
	at com.kms.katalon.core.main.TestCaseExecutor.processExecutionPhase(TestCaseExecutor.java:412)
	at com.kms.katalon.core.main.TestCaseExecutor.accessMainPhase(TestCaseExecutor.java:404)
	at com.kms.katalon.core.main.TestCaseExecutor.execute(TestCaseExecutor.java:281)
	at com.kms.katalon.core.main.TestSuiteExecutor.accessTestCaseMainPhase(TestSuiteExecutor.java:202)
	at com.kms.katalon.core.main.TestSuiteExecutor.accessTestSuiteMainPhase(TestSuiteExecutor.java:164)
	at com.kms.katalon.core.main.TestSuiteExecutor.execute(TestSuiteExecutor.java:105)
	at com.kms.katalon.core.main.TestCaseMain.startTestSuite(TestCaseMain.java:181)
	at com.kms.katalon.core.main.TestCaseMain$startTestSuite$0.call(Unknown Source)
	at TempTestSuite1648100878643.run(TempTestSuite1648100878643.groovy:36)
)

2022-03-24 12:48:50 - [MESSAGE][FAILED] - Unable to verify element property value (Root cause: java.lang.NullPointerException: Cannot get property 'InsuredTo' on null object
	at Script1.run(Script1.groovy:1)
	at com.kms.katalon.core.webservice.helper.WebServiceCommonHelper.parseAndGetPropertyValueForJson(WebServiceCommonHelper.java:213)
	at com.kms.katalon.core.webservice.keyword.builtin.VerifyElementPropertyValueKeyword$_verifyElementPropertyValue_closure1.doCall(VerifyElementPropertyValueKeyword.groovy:52)
	at com.kms.katalon.core.webservice.keyword.builtin.VerifyElementPropertyValueKeyword$_verifyElementPropertyValue_closure1.call(VerifyElementPropertyValueKeyword.groovy)
	at com.kms.katalon.core.keyword.internal.KeywordMain.runKeyword(KeywordMain.groovy:74)
	at com.kms.katalon.core.webservice.keyword.builtin.VerifyElementPropertyValueKeyword.verifyElementPropertyValue(VerifyElementPropertyValueKeyword.groovy:48)
	at com.kms.katalon.core.webservice.keyword.builtin.VerifyElementPropertyValueKeyword.execute(VerifyElementPropertyValueKeyword.groovy:43)
	at com.kms.katalon.core.keyword.internal.KeywordExecutor.executeKeywordForPlatform(KeywordExecutor.groovy:74)
	at com.kms.katalon.core.webservice.keyword.WSBuiltInKeywords.verifyElementPropertyValue(WSBuiltInKeywords.groovy:175)
	at com.kms.katalon.core.webservice.keyword.WSBuiltInKeywords$verifyElementPropertyValue$0.call(Unknown Source)
	at 1. get token - data order.run(1. get token - data order:557)
	at com.kms.katalon.core.main.ScriptEngine.run(ScriptEngine.java:194)
	at com.kms.katalon.core.main.ScriptEngine.runScriptAsRawText(ScriptEngine.java:119)
	at com.kms.katalon.core.main.TestCaseExecutor.runScript(TestCaseExecutor.java:442)
	at com.kms.katalon.core.main.TestCaseExecutor.doExecute(TestCaseExecutor.java:433)
	at com.kms.katalon.core.main.TestCaseExecutor.processExecutionPhase(TestCaseExecutor.java:412)
	at com.kms.katalon.core.main.TestCaseExecutor.accessMainPhase(TestCaseExecutor.java:404)
	at com.kms.katalon.core.main.TestCaseExecutor.execute(TestCaseExecutor.java:281)
	at com.kms.katalon.core.main.TestSuiteExecutor.accessTestCaseMainPhase(TestSuiteExecutor.java:202)
	at com.kms.katalon.core.main.TestSuiteExecutor.accessTestSuiteMainPhase(TestSuiteExecutor.java:164)
	at com.kms.katalon.core.main.TestSuiteExecutor.execute(TestSuiteExecutor.java:105)
	at com.kms.katalon.core.main.TestCaseMain.startTestSuite(TestCaseMain.java:181)
	at com.kms.katalon.core.main.TestCaseMain$startTestSuite$0.call(Unknown Source)
	at TempTestSuite1648100878643.run(TempTestSuite1648100878643.groovy:36)
)

2022-03-24 12:48:50 - [TEST_STEP][FAILED] - verifyElementPropertyValue(order, "GetDataOrderResponse.ListDataOrder[0].InsuranceData[3].Rate", o_rate_3, CONTINUE_ON_FAILURE): Unable to verify element property value (Root cause: java.lang.NullPointerException: Cannot get property 'Rate' on null object
	at Script1.run(Script1.groovy:1)
	at com.kms.katalon.core.webservice.helper.WebServiceCommonHelper.parseAndGetPropertyValueForJson(WebServiceCommonHelper.java:213)
	at com.kms.katalon.core.webservice.keyword.builtin.VerifyElementPropertyValueKeyword$_verifyElementPropertyValue_closure1.doCall(VerifyElementPropertyValueKeyword.groovy:52)
	at com.kms.katalon.core.webservice.keyword.builtin.VerifyElementPropertyValueKeyword$_verifyElementPropertyValue_closure1.call(VerifyElementPropertyValueKeyword.groovy)
	at com.kms.katalon.core.keyword.internal.KeywordMain.runKeyword(KeywordMain.groovy:74)
	at com.kms.katalon.core.webservice.keyword.builtin.VerifyElementPropertyValueKeyword.verifyElementPropertyValue(VerifyElementPropertyValueKeyword.groovy:48)
	at com.kms.katalon.core.webservice.keyword.builtin.VerifyElementPropertyValueKeyword.execute(VerifyElementPropertyValueKeyword.groovy:43)
	at com.kms.katalon.core.keyword.internal.KeywordExecutor.executeKeywordForPlatform(KeywordExecutor.groovy:74)
	at com.kms.katalon.core.webservice.keyword.WSBuiltInKeywords.verifyElementPropertyValue(WSBuiltInKeywords.groovy:175)
	at com.kms.katalon.core.webservice.keyword.WSBuiltInKeywords$verifyElementPropertyValue$0.call(Unknown Source)
	at 1. get token - data order.run(1. get token - data order:560)
	at com.kms.katalon.core.main.ScriptEngine.run(ScriptEngine.java:194)
	at com.kms.katalon.core.main.ScriptEngine.runScriptAsRawText(ScriptEngine.java:119)
	at com.kms.katalon.core.main.TestCaseExecutor.runScript(TestCaseExecutor.java:442)
	at com.kms.katalon.core.main.TestCaseExecutor.doExecute(TestCaseExecutor.java:433)
	at com.kms.katalon.core.main.TestCaseExecutor.processExecutionPhase(TestCaseExecutor.java:412)
	at com.kms.katalon.core.main.TestCaseExecutor.accessMainPhase(TestCaseExecutor.java:404)
	at com.kms.katalon.core.main.TestCaseExecutor.execute(TestCaseExecutor.java:281)
	at com.kms.katalon.core.main.TestSuiteExecutor.accessTestCaseMainPhase(TestSuiteExecutor.java:202)
	at com.kms.katalon.core.main.TestSuiteExecutor.accessTestSuiteMainPhase(TestSuiteExecutor.java:164)
	at com.kms.katalon.core.main.TestSuiteExecutor.execute(TestSuiteExecutor.java:105)
	at com.kms.katalon.core.main.TestCaseMain.startTestSuite(TestCaseMain.java:181)
	at com.kms.katalon.core.main.TestCaseMain$startTestSuite$0.call(Unknown Source)
	at TempTestSuite1648100878643.run(TempTestSuite1648100878643.groovy:36)
)

2022-03-24 12:48:50 - [MESSAGE][FAILED] - Unable to verify element property value (Root cause: java.lang.NullPointerException: Cannot get property 'Rate' on null object
	at Script1.run(Script1.groovy:1)
	at com.kms.katalon.core.webservice.helper.WebServiceCommonHelper.parseAndGetPropertyValueForJson(WebServiceCommonHelper.java:213)
	at com.kms.katalon.core.webservice.keyword.builtin.VerifyElementPropertyValueKeyword$_verifyElementPropertyValue_closure1.doCall(VerifyElementPropertyValueKeyword.groovy:52)
	at com.kms.katalon.core.webservice.keyword.builtin.VerifyElementPropertyValueKeyword$_verifyElementPropertyValue_closure1.call(VerifyElementPropertyValueKeyword.groovy)
	at com.kms.katalon.core.keyword.internal.KeywordMain.runKeyword(KeywordMain.groovy:74)
	at com.kms.katalon.core.webservice.keyword.builtin.VerifyElementPropertyValueKeyword.verifyElementPropertyValue(VerifyElementPropertyValueKeyword.groovy:48)
	at com.kms.katalon.core.webservice.keyword.builtin.VerifyElementPropertyValueKeyword.execute(VerifyElementPropertyValueKeyword.groovy:43)
	at com.kms.katalon.core.keyword.internal.KeywordExecutor.executeKeywordForPlatform(KeywordExecutor.groovy:74)
	at com.kms.katalon.core.webservice.keyword.WSBuiltInKeywords.verifyElementPropertyValue(WSBuiltInKeywords.groovy:175)
	at com.kms.katalon.core.webservice.keyword.WSBuiltInKeywords$verifyElementPropertyValue$0.call(Unknown Source)
	at 1. get token - data order.run(1. get token - data order:560)
	at com.kms.katalon.core.main.ScriptEngine.run(ScriptEngine.java:194)
	at com.kms.katalon.core.main.ScriptEngine.runScriptAsRawText(ScriptEngine.java:119)
	at com.kms.katalon.core.main.TestCaseExecutor.runScript(TestCaseExecutor.java:442)
	at com.kms.katalon.core.main.TestCaseExecutor.doExecute(TestCaseExecutor.java:433)
	at com.kms.katalon.core.main.TestCaseExecutor.processExecutionPhase(TestCaseExecutor.java:412)
	at com.kms.katalon.core.main.TestCaseExecutor.accessMainPhase(TestCaseExecutor.java:404)
	at com.kms.katalon.core.main.TestCaseExecutor.execute(TestCaseExecutor.java:281)
	at com.kms.katalon.core.main.TestSuiteExecutor.accessTestCaseMainPhase(TestSuiteExecutor.java:202)
	at com.kms.katalon.core.main.TestSuiteExecutor.accessTestSuiteMainPhase(TestSuiteExecutor.java:164)
	at com.kms.katalon.core.main.TestSuiteExecutor.execute(TestSuiteExecutor.java:105)
	at com.kms.katalon.core.main.TestCaseMain.startTestSuite(TestCaseMain.java:181)
	at com.kms.katalon.core.main.TestCaseMain$startTestSuite$0.call(Unknown Source)
	at TempTestSuite1648100878643.run(TempTestSuite1648100878643.groovy:36)
)

2022-03-24 12:48:50 - [TEST_STEP][FAILED] - verifyElementPropertyValue(order, "GetDataOrderResponse.ListDataOrder[0].InsuranceData[3].GrossPremi", o_gross_premi_3, CONTINUE_ON_FAILURE): Unable to verify element property value (Root cause: java.lang.NullPointerException: Cannot get property 'GrossPremi' on null object
	at Script1.run(Script1.groovy:1)
	at com.kms.katalon.core.webservice.helper.WebServiceCommonHelper.parseAndGetPropertyValueForJson(WebServiceCommonHelper.java:213)
	at com.kms.katalon.core.webservice.keyword.builtin.VerifyElementPropertyValueKeyword$_verifyElementPropertyValue_closure1.doCall(VerifyElementPropertyValueKeyword.groovy:52)
	at com.kms.katalon.core.webservice.keyword.builtin.VerifyElementPropertyValueKeyword$_verifyElementPropertyValue_closure1.call(VerifyElementPropertyValueKeyword.groovy)
	at com.kms.katalon.core.keyword.internal.KeywordMain.runKeyword(KeywordMain.groovy:74)
	at com.kms.katalon.core.webservice.keyword.builtin.VerifyElementPropertyValueKeyword.verifyElementPropertyValue(VerifyElementPropertyValueKeyword.groovy:48)
	at com.kms.katalon.core.webservice.keyword.builtin.VerifyElementPropertyValueKeyword.execute(VerifyElementPropertyValueKeyword.groovy:43)
	at com.kms.katalon.core.keyword.internal.KeywordExecutor.executeKeywordForPlatform(KeywordExecutor.groovy:74)
	at com.kms.katalon.core.webservice.keyword.WSBuiltInKeywords.verifyElementPropertyValue(WSBuiltInKeywords.groovy:175)
	at com.kms.katalon.core.webservice.keyword.WSBuiltInKeywords$verifyElementPropertyValue$0.call(Unknown Source)
	at 1. get token - data order.run(1. get token - data order:562)
	at com.kms.katalon.core.main.ScriptEngine.run(ScriptEngine.java:194)
	at com.kms.katalon.core.main.ScriptEngine.runScriptAsRawText(ScriptEngine.java:119)
	at com.kms.katalon.core.main.TestCaseExecutor.runScript(TestCaseExecutor.java:442)
	at com.kms.katalon.core.main.TestCaseExecutor.doExecute(TestCaseExecutor.java:433)
	at com.kms.katalon.core.main.TestCaseExecutor.processExecutionPhase(TestCaseExecutor.java:412)
	at com.kms.katalon.core.main.TestCaseExecutor.accessMainPhase(TestCaseExecutor.java:404)
	at com.kms.katalon.core.main.TestCaseExecutor.execute(TestCaseExecutor.java:281)
	at com.kms.katalon.core.main.TestSuiteExecutor.accessTestCaseMainPhase(TestSuiteExecutor.java:202)
	at com.kms.katalon.core.main.TestSuiteExecutor.accessTestSuiteMainPhase(TestSuiteExecutor.java:164)
	at com.kms.katalon.core.main.TestSuiteExecutor.execute(TestSuiteExecutor.java:105)
	at com.kms.katalon.core.main.TestCaseMain.startTestSuite(TestCaseMain.java:181)
	at com.kms.katalon.core.main.TestCaseMain$startTestSuite$0.call(Unknown Source)
	at TempTestSuite1648100878643.run(TempTestSuite1648100878643.groovy:36)
)

2022-03-24 12:48:50 - [MESSAGE][FAILED] - Unable to verify element property value (Root cause: java.lang.NullPointerException: Cannot get property 'GrossPremi' on null object
	at Script1.run(Script1.groovy:1)
	at com.kms.katalon.core.webservice.helper.WebServiceCommonHelper.parseAndGetPropertyValueForJson(WebServiceCommonHelper.java:213)
	at com.kms.katalon.core.webservice.keyword.builtin.VerifyElementPropertyValueKeyword$_verifyElementPropertyValue_closure1.doCall(VerifyElementPropertyValueKeyword.groovy:52)
	at com.kms.katalon.core.webservice.keyword.builtin.VerifyElementPropertyValueKeyword$_verifyElementPropertyValue_closure1.call(VerifyElementPropertyValueKeyword.groovy)
	at com.kms.katalon.core.keyword.internal.KeywordMain.runKeyword(KeywordMain.groovy:74)
	at com.kms.katalon.core.webservice.keyword.builtin.VerifyElementPropertyValueKeyword.verifyElementPropertyValue(VerifyElementPropertyValueKeyword.groovy:48)
	at com.kms.katalon.core.webservice.keyword.builtin.VerifyElementPropertyValueKeyword.execute(VerifyElementPropertyValueKeyword.groovy:43)
	at com.kms.katalon.core.keyword.internal.KeywordExecutor.executeKeywordForPlatform(KeywordExecutor.groovy:74)
	at com.kms.katalon.core.webservice.keyword.WSBuiltInKeywords.verifyElementPropertyValue(WSBuiltInKeywords.groovy:175)
	at com.kms.katalon.core.webservice.keyword.WSBuiltInKeywords$verifyElementPropertyValue$0.call(Unknown Source)
	at 1. get token - data order.run(1. get token - data order:562)
	at com.kms.katalon.core.main.ScriptEngine.run(ScriptEngine.java:194)
	at com.kms.katalon.core.main.ScriptEngine.runScriptAsRawText(ScriptEngine.java:119)
	at com.kms.katalon.core.main.TestCaseExecutor.runScript(TestCaseExecutor.java:442)
	at com.kms.katalon.core.main.TestCaseExecutor.doExecute(TestCaseExecutor.java:433)
	at com.kms.katalon.core.main.TestCaseExecutor.processExecutionPhase(TestCaseExecutor.java:412)
	at com.kms.katalon.core.main.TestCaseExecutor.accessMainPhase(TestCaseExecutor.java:404)
	at com.kms.katalon.core.main.TestCaseExecutor.execute(TestCaseExecutor.java:281)
	at com.kms.katalon.core.main.TestSuiteExecutor.accessTestCaseMainPhase(TestSuiteExecutor.java:202)
	at com.kms.katalon.core.main.TestSuiteExecutor.accessTestSuiteMainPhase(TestSuiteExecutor.java:164)
	at com.kms.katalon.core.main.TestSuiteExecutor.execute(TestSuiteExecutor.java:105)
	at com.kms.katalon.core.main.TestCaseMain.startTestSuite(TestCaseMain.java:181)
	at com.kms.katalon.core.main.TestCaseMain$startTestSuite$0.call(Unknown Source)
	at TempTestSuite1648100878643.run(TempTestSuite1648100878643.groovy:36)
)

2022-03-24 12:48:50 - [TEST_STEP][FAILED] - verifyElementPropertyValue(order, "GetDataOrderResponse.ListDataOrder[0].InsuranceData[3].Discount", o_discount_3, CONTINUE_ON_FAILURE): Unable to verify element property value (Root cause: java.lang.NullPointerException: Cannot get property 'Discount' on null object
	at Script1.run(Script1.groovy:1)
	at com.kms.katalon.core.webservice.helper.WebServiceCommonHelper.parseAndGetPropertyValueForJson(WebServiceCommonHelper.java:213)
	at com.kms.katalon.core.webservice.keyword.builtin.VerifyElementPropertyValueKeyword$_verifyElementPropertyValue_closure1.doCall(VerifyElementPropertyValueKeyword.groovy:52)
	at com.kms.katalon.core.webservice.keyword.builtin.VerifyElementPropertyValueKeyword$_verifyElementPropertyValue_closure1.call(VerifyElementPropertyValueKeyword.groovy)
	at com.kms.katalon.core.keyword.internal.KeywordMain.runKeyword(KeywordMain.groovy:74)
	at com.kms.katalon.core.webservice.keyword.builtin.VerifyElementPropertyValueKeyword.verifyElementPropertyValue(VerifyElementPropertyValueKeyword.groovy:48)
	at com.kms.katalon.core.webservice.keyword.builtin.VerifyElementPropertyValueKeyword.execute(VerifyElementPropertyValueKeyword.groovy:43)
	at com.kms.katalon.core.keyword.internal.KeywordExecutor.executeKeywordForPlatform(KeywordExecutor.groovy:74)
	at com.kms.katalon.core.webservice.keyword.WSBuiltInKeywords.verifyElementPropertyValue(WSBuiltInKeywords.groovy:175)
	at com.kms.katalon.core.webservice.keyword.WSBuiltInKeywords$verifyElementPropertyValue$0.call(Unknown Source)
	at 1. get token - data order.run(1. get token - data order:565)
	at com.kms.katalon.core.main.ScriptEngine.run(ScriptEngine.java:194)
	at com.kms.katalon.core.main.ScriptEngine.runScriptAsRawText(ScriptEngine.java:119)
	at com.kms.katalon.core.main.TestCaseExecutor.runScript(TestCaseExecutor.java:442)
	at com.kms.katalon.core.main.TestCaseExecutor.doExecute(TestCaseExecutor.java:433)
	at com.kms.katalon.core.main.TestCaseExecutor.processExecutionPhase(TestCaseExecutor.java:412)
	at com.kms.katalon.core.main.TestCaseExecutor.accessMainPhase(TestCaseExecutor.java:404)
	at com.kms.katalon.core.main.TestCaseExecutor.execute(TestCaseExecutor.java:281)
	at com.kms.katalon.core.main.TestSuiteExecutor.accessTestCaseMainPhase(TestSuiteExecutor.java:202)
	at com.kms.katalon.core.main.TestSuiteExecutor.accessTestSuiteMainPhase(TestSuiteExecutor.java:164)
	at com.kms.katalon.core.main.TestSuiteExecutor.execute(TestSuiteExecutor.java:105)
	at com.kms.katalon.core.main.TestCaseMain.startTestSuite(TestCaseMain.java:181)
	at com.kms.katalon.core.main.TestCaseMain$startTestSuite$0.call(Unknown Source)
	at TempTestSuite1648100878643.run(TempTestSuite1648100878643.groovy:36)
)

2022-03-24 12:48:50 - [MESSAGE][FAILED] - Unable to verify element property value (Root cause: java.lang.NullPointerException: Cannot get property 'Discount' on null object
	at Script1.run(Script1.groovy:1)
	at com.kms.katalon.core.webservice.helper.WebServiceCommonHelper.parseAndGetPropertyValueForJson(WebServiceCommonHelper.java:213)
	at com.kms.katalon.core.webservice.keyword.builtin.VerifyElementPropertyValueKeyword$_verifyElementPropertyValue_closure1.doCall(VerifyElementPropertyValueKeyword.groovy:52)
	at com.kms.katalon.core.webservice.keyword.builtin.VerifyElementPropertyValueKeyword$_verifyElementPropertyValue_closure1.call(VerifyElementPropertyValueKeyword.groovy)
	at com.kms.katalon.core.keyword.internal.KeywordMain.runKeyword(KeywordMain.groovy:74)
	at com.kms.katalon.core.webservice.keyword.builtin.VerifyElementPropertyValueKeyword.verifyElementPropertyValue(VerifyElementPropertyValueKeyword.groovy:48)
	at com.kms.katalon.core.webservice.keyword.builtin.VerifyElementPropertyValueKeyword.execute(VerifyElementPropertyValueKeyword.groovy:43)
	at com.kms.katalon.core.keyword.internal.KeywordExecutor.executeKeywordForPlatform(KeywordExecutor.groovy:74)
	at com.kms.katalon.core.webservice.keyword.WSBuiltInKeywords.verifyElementPropertyValue(WSBuiltInKeywords.groovy:175)
	at com.kms.katalon.core.webservice.keyword.WSBuiltInKeywords$verifyElementPropertyValue$0.call(Unknown Source)
	at 1. get token - data order.run(1. get token - data order:565)
	at com.kms.katalon.core.main.ScriptEngine.run(ScriptEngine.java:194)
	at com.kms.katalon.core.main.ScriptEngine.runScriptAsRawText(ScriptEngine.java:119)
	at com.kms.katalon.core.main.TestCaseExecutor.runScript(TestCaseExecutor.java:442)
	at com.kms.katalon.core.main.TestCaseExecutor.doExecute(TestCaseExecutor.java:433)
	at com.kms.katalon.core.main.TestCaseExecutor.processExecutionPhase(TestCaseExecutor.java:412)
	at com.kms.katalon.core.main.TestCaseExecutor.accessMainPhase(TestCaseExecutor.java:404)
	at com.kms.katalon.core.main.TestCaseExecutor.execute(TestCaseExecutor.java:281)
	at com.kms.katalon.core.main.TestSuiteExecutor.accessTestCaseMainPhase(TestSuiteExecutor.java:202)
	at com.kms.katalon.core.main.TestSuiteExecutor.accessTestSuiteMainPhase(TestSuiteExecutor.java:164)
	at com.kms.katalon.core.main.TestSuiteExecutor.execute(TestSuiteExecutor.java:105)
	at com.kms.katalon.core.main.TestCaseMain.startTestSuite(TestCaseMain.java:181)
	at com.kms.katalon.core.main.TestCaseMain$startTestSuite$0.call(Unknown Source)
	at TempTestSuite1648100878643.run(TempTestSuite1648100878643.groovy:36)
)

2022-03-24 12:48:50 - [TEST_STEP][FAILED] - verifyElementPropertyValue(order, "GetDataOrderResponse.ListDataOrder[0].InsuranceData[3].Adm", o_adm_3, CONTINUE_ON_FAILURE): Unable to verify element property value (Root cause: java.lang.NullPointerException: Cannot get property 'Adm' on null object
	at Script1.run(Script1.groovy:1)
	at com.kms.katalon.core.webservice.helper.WebServiceCommonHelper.parseAndGetPropertyValueForJson(WebServiceCommonHelper.java:213)
	at com.kms.katalon.core.webservice.keyword.builtin.VerifyElementPropertyValueKeyword$_verifyElementPropertyValue_closure1.doCall(VerifyElementPropertyValueKeyword.groovy:52)
	at com.kms.katalon.core.webservice.keyword.builtin.VerifyElementPropertyValueKeyword$_verifyElementPropertyValue_closure1.call(VerifyElementPropertyValueKeyword.groovy)
	at com.kms.katalon.core.keyword.internal.KeywordMain.runKeyword(KeywordMain.groovy:74)
	at com.kms.katalon.core.webservice.keyword.builtin.VerifyElementPropertyValueKeyword.verifyElementPropertyValue(VerifyElementPropertyValueKeyword.groovy:48)
	at com.kms.katalon.core.webservice.keyword.builtin.VerifyElementPropertyValueKeyword.execute(VerifyElementPropertyValueKeyword.groovy:43)
	at com.kms.katalon.core.keyword.internal.KeywordExecutor.executeKeywordForPlatform(KeywordExecutor.groovy:74)
	at com.kms.katalon.core.webservice.keyword.WSBuiltInKeywords.verifyElementPropertyValue(WSBuiltInKeywords.groovy:175)
	at com.kms.katalon.core.webservice.keyword.WSBuiltInKeywords$verifyElementPropertyValue$0.call(Unknown Source)
	at 1. get token - data order.run(1. get token - data order:568)
	at com.kms.katalon.core.main.ScriptEngine.run(ScriptEngine.java:194)
	at com.kms.katalon.core.main.ScriptEngine.runScriptAsRawText(ScriptEngine.java:119)
	at com.kms.katalon.core.main.TestCaseExecutor.runScript(TestCaseExecutor.java:442)
	at com.kms.katalon.core.main.TestCaseExecutor.doExecute(TestCaseExecutor.java:433)
	at com.kms.katalon.core.main.TestCaseExecutor.processExecutionPhase(TestCaseExecutor.java:412)
	at com.kms.katalon.core.main.TestCaseExecutor.accessMainPhase(TestCaseExecutor.java:404)
	at com.kms.katalon.core.main.TestCaseExecutor.execute(TestCaseExecutor.java:281)
	at com.kms.katalon.core.main.TestSuiteExecutor.accessTestCaseMainPhase(TestSuiteExecutor.java:202)
	at com.kms.katalon.core.main.TestSuiteExecutor.accessTestSuiteMainPhase(TestSuiteExecutor.java:164)
	at com.kms.katalon.core.main.TestSuiteExecutor.execute(TestSuiteExecutor.java:105)
	at com.kms.katalon.core.main.TestCaseMain.startTestSuite(TestCaseMain.java:181)
	at com.kms.katalon.core.main.TestCaseMain$startTestSuite$0.call(Unknown Source)
	at TempTestSuite1648100878643.run(TempTestSuite1648100878643.groovy:36)
)

2022-03-24 12:48:50 - [MESSAGE][FAILED] - Unable to verify element property value (Root cause: java.lang.NullPointerException: Cannot get property 'Adm' on null object
	at Script1.run(Script1.groovy:1)
	at com.kms.katalon.core.webservice.helper.WebServiceCommonHelper.parseAndGetPropertyValueForJson(WebServiceCommonHelper.java:213)
	at com.kms.katalon.core.webservice.keyword.builtin.VerifyElementPropertyValueKeyword$_verifyElementPropertyValue_closure1.doCall(VerifyElementPropertyValueKeyword.groovy:52)
	at com.kms.katalon.core.webservice.keyword.builtin.VerifyElementPropertyValueKeyword$_verifyElementPropertyValue_closure1.call(VerifyElementPropertyValueKeyword.groovy)
	at com.kms.katalon.core.keyword.internal.KeywordMain.runKeyword(KeywordMain.groovy:74)
	at com.kms.katalon.core.webservice.keyword.builtin.VerifyElementPropertyValueKeyword.verifyElementPropertyValue(VerifyElementPropertyValueKeyword.groovy:48)
	at com.kms.katalon.core.webservice.keyword.builtin.VerifyElementPropertyValueKeyword.execute(VerifyElementPropertyValueKeyword.groovy:43)
	at com.kms.katalon.core.keyword.internal.KeywordExecutor.executeKeywordForPlatform(KeywordExecutor.groovy:74)
	at com.kms.katalon.core.webservice.keyword.WSBuiltInKeywords.verifyElementPropertyValue(WSBuiltInKeywords.groovy:175)
	at com.kms.katalon.core.webservice.keyword.WSBuiltInKeywords$verifyElementPropertyValue$0.call(Unknown Source)
	at 1. get token - data order.run(1. get token - data order:568)
	at com.kms.katalon.core.main.ScriptEngine.run(ScriptEngine.java:194)
	at com.kms.katalon.core.main.ScriptEngine.runScriptAsRawText(ScriptEngine.java:119)
	at com.kms.katalon.core.main.TestCaseExecutor.runScript(TestCaseExecutor.java:442)
	at com.kms.katalon.core.main.TestCaseExecutor.doExecute(TestCaseExecutor.java:433)
	at com.kms.katalon.core.main.TestCaseExecutor.processExecutionPhase(TestCaseExecutor.java:412)
	at com.kms.katalon.core.main.TestCaseExecutor.accessMainPhase(TestCaseExecutor.java:404)
	at com.kms.katalon.core.main.TestCaseExecutor.execute(TestCaseExecutor.java:281)
	at com.kms.katalon.core.main.TestSuiteExecutor.accessTestCaseMainPhase(TestSuiteExecutor.java:202)
	at com.kms.katalon.core.main.TestSuiteExecutor.accessTestSuiteMainPhase(TestSuiteExecutor.java:164)
	at com.kms.katalon.core.main.TestSuiteExecutor.execute(TestSuiteExecutor.java:105)
	at com.kms.katalon.core.main.TestCaseMain.startTestSuite(TestCaseMain.java:181)
	at com.kms.katalon.core.main.TestCaseMain$startTestSuite$0.call(Unknown Source)
	at TempTestSuite1648100878643.run(TempTestSuite1648100878643.groovy:36)
)

2022-03-24 12:48:50 - [TEST_STEP][FAILED] - verifyElementPropertyValue(order, "GetDataOrderResponse.ListDataOrder[0].InsuranceData[3].NetPremi", o_netpremi_3, CONTINUE_ON_FAILURE): Unable to verify element property value (Root cause: java.lang.NullPointerException: Cannot get property 'NetPremi' on null object
	at Script1.run(Script1.groovy:1)
	at com.kms.katalon.core.webservice.helper.WebServiceCommonHelper.parseAndGetPropertyValueForJson(WebServiceCommonHelper.java:213)
	at com.kms.katalon.core.webservice.keyword.builtin.VerifyElementPropertyValueKeyword$_verifyElementPropertyValue_closure1.doCall(VerifyElementPropertyValueKeyword.groovy:52)
	at com.kms.katalon.core.webservice.keyword.builtin.VerifyElementPropertyValueKeyword$_verifyElementPropertyValue_closure1.call(VerifyElementPropertyValueKeyword.groovy)
	at com.kms.katalon.core.keyword.internal.KeywordMain.runKeyword(KeywordMain.groovy:74)
	at com.kms.katalon.core.webservice.keyword.builtin.VerifyElementPropertyValueKeyword.verifyElementPropertyValue(VerifyElementPropertyValueKeyword.groovy:48)
	at com.kms.katalon.core.webservice.keyword.builtin.VerifyElementPropertyValueKeyword.execute(VerifyElementPropertyValueKeyword.groovy:43)
	at com.kms.katalon.core.keyword.internal.KeywordExecutor.executeKeywordForPlatform(KeywordExecutor.groovy:74)
	at com.kms.katalon.core.webservice.keyword.WSBuiltInKeywords.verifyElementPropertyValue(WSBuiltInKeywords.groovy:175)
	at com.kms.katalon.core.webservice.keyword.WSBuiltInKeywords$verifyElementPropertyValue$0.call(Unknown Source)
	at 1. get token - data order.run(1. get token - data order:570)
	at com.kms.katalon.core.main.ScriptEngine.run(ScriptEngine.java:194)
	at com.kms.katalon.core.main.ScriptEngine.runScriptAsRawText(ScriptEngine.java:119)
	at com.kms.katalon.core.main.TestCaseExecutor.runScript(TestCaseExecutor.java:442)
	at com.kms.katalon.core.main.TestCaseExecutor.doExecute(TestCaseExecutor.java:433)
	at com.kms.katalon.core.main.TestCaseExecutor.processExecutionPhase(TestCaseExecutor.java:412)
	at com.kms.katalon.core.main.TestCaseExecutor.accessMainPhase(TestCaseExecutor.java:404)
	at com.kms.katalon.core.main.TestCaseExecutor.execute(TestCaseExecutor.java:281)
	at com.kms.katalon.core.main.TestSuiteExecutor.accessTestCaseMainPhase(TestSuiteExecutor.java:202)
	at com.kms.katalon.core.main.TestSuiteExecutor.accessTestSuiteMainPhase(TestSuiteExecutor.java:164)
	at com.kms.katalon.core.main.TestSuiteExecutor.execute(TestSuiteExecutor.java:105)
	at com.kms.katalon.core.main.TestCaseMain.startTestSuite(TestCaseMain.java:181)
	at com.kms.katalon.core.main.TestCaseMain$startTestSuite$0.call(Unknown Source)
	at TempTestSuite1648100878643.run(TempTestSuite1648100878643.groovy:36)
)

2022-03-24 12:48:50 - [MESSAGE][FAILED] - Unable to verify element property value (Root cause: java.lang.NullPointerException: Cannot get property 'NetPremi' on null object
	at Script1.run(Script1.groovy:1)
	at com.kms.katalon.core.webservice.helper.WebServiceCommonHelper.parseAndGetPropertyValueForJson(WebServiceCommonHelper.java:213)
	at com.kms.katalon.core.webservice.keyword.builtin.VerifyElementPropertyValueKeyword$_verifyElementPropertyValue_closure1.doCall(VerifyElementPropertyValueKeyword.groovy:52)
	at com.kms.katalon.core.webservice.keyword.builtin.VerifyElementPropertyValueKeyword$_verifyElementPropertyValue_closure1.call(VerifyElementPropertyValueKeyword.groovy)
	at com.kms.katalon.core.keyword.internal.KeywordMain.runKeyword(KeywordMain.groovy:74)
	at com.kms.katalon.core.webservice.keyword.builtin.VerifyElementPropertyValueKeyword.verifyElementPropertyValue(VerifyElementPropertyValueKeyword.groovy:48)
	at com.kms.katalon.core.webservice.keyword.builtin.VerifyElementPropertyValueKeyword.execute(VerifyElementPropertyValueKeyword.groovy:43)
	at com.kms.katalon.core.keyword.internal.KeywordExecutor.executeKeywordForPlatform(KeywordExecutor.groovy:74)
	at com.kms.katalon.core.webservice.keyword.WSBuiltInKeywords.verifyElementPropertyValue(WSBuiltInKeywords.groovy:175)
	at com.kms.katalon.core.webservice.keyword.WSBuiltInKeywords$verifyElementPropertyValue$0.call(Unknown Source)
	at 1. get token - data order.run(1. get token - data order:570)
	at com.kms.katalon.core.main.ScriptEngine.run(ScriptEngine.java:194)
	at com.kms.katalon.core.main.ScriptEngine.runScriptAsRawText(ScriptEngine.java:119)
	at com.kms.katalon.core.main.TestCaseExecutor.runScript(TestCaseExecutor.java:442)
	at com.kms.katalon.core.main.TestCaseExecutor.doExecute(TestCaseExecutor.java:433)
	at com.kms.katalon.core.main.TestCaseExecutor.processExecutionPhase(TestCaseExecutor.java:412)
	at com.kms.katalon.core.main.TestCaseExecutor.accessMainPhase(TestCaseExecutor.java:404)
	at com.kms.katalon.core.main.TestCaseExecutor.execute(TestCaseExecutor.java:281)
	at com.kms.katalon.core.main.TestSuiteExecutor.accessTestCaseMainPhase(TestSuiteExecutor.java:202)
	at com.kms.katalon.core.main.TestSuiteExecutor.accessTestSuiteMainPhase(TestSuiteExecutor.java:164)
	at com.kms.katalon.core.main.TestSuiteExecutor.execute(TestSuiteExecutor.java:105)
	at com.kms.katalon.core.main.TestCaseMain.startTestSuite(TestCaseMain.java:181)
	at com.kms.katalon.core.main.TestCaseMain$startTestSuite$0.call(Unknown Source)
	at TempTestSuite1648100878643.run(TempTestSuite1648100878643.groovy:36)
)

2022-03-24 12:48:50 - [TEST_STEP][FAILED] - verifyElementPropertyValue(order, "GetDataOrderResponse.ListDataOrder[0].InsuranceData[3].PerluasanJaminan.TJH", o_tjh_val_3, CONTINUE_ON_FAILURE): Unable to verify element property value (Root cause: java.lang.NullPointerException: Cannot get property 'PerluasanJaminan' on null object
	at Script1.run(Script1.groovy:1)
	at com.kms.katalon.core.webservice.helper.WebServiceCommonHelper.parseAndGetPropertyValueForJson(WebServiceCommonHelper.java:213)
	at com.kms.katalon.core.webservice.keyword.builtin.VerifyElementPropertyValueKeyword$_verifyElementPropertyValue_closure1.doCall(VerifyElementPropertyValueKeyword.groovy:52)
	at com.kms.katalon.core.webservice.keyword.builtin.VerifyElementPropertyValueKeyword$_verifyElementPropertyValue_closure1.call(VerifyElementPropertyValueKeyword.groovy)
	at com.kms.katalon.core.keyword.internal.KeywordMain.runKeyword(KeywordMain.groovy:74)
	at com.kms.katalon.core.webservice.keyword.builtin.VerifyElementPropertyValueKeyword.verifyElementPropertyValue(VerifyElementPropertyValueKeyword.groovy:48)
	at com.kms.katalon.core.webservice.keyword.builtin.VerifyElementPropertyValueKeyword.execute(VerifyElementPropertyValueKeyword.groovy:43)
	at com.kms.katalon.core.keyword.internal.KeywordExecutor.executeKeywordForPlatform(KeywordExecutor.groovy:74)
	at com.kms.katalon.core.webservice.keyword.WSBuiltInKeywords.verifyElementPropertyValue(WSBuiltInKeywords.groovy:175)
	at com.kms.katalon.core.webservice.keyword.WSBuiltInKeywords$verifyElementPropertyValue$0.call(Unknown Source)
	at 1. get token - data order.run(1. get token - data order:573)
	at com.kms.katalon.core.main.ScriptEngine.run(ScriptEngine.java:194)
	at com.kms.katalon.core.main.ScriptEngine.runScriptAsRawText(ScriptEngine.java:119)
	at com.kms.katalon.core.main.TestCaseExecutor.runScript(TestCaseExecutor.java:442)
	at com.kms.katalon.core.main.TestCaseExecutor.doExecute(TestCaseExecutor.java:433)
	at com.kms.katalon.core.main.TestCaseExecutor.processExecutionPhase(TestCaseExecutor.java:412)
	at com.kms.katalon.core.main.TestCaseExecutor.accessMainPhase(TestCaseExecutor.java:404)
	at com.kms.katalon.core.main.TestCaseExecutor.execute(TestCaseExecutor.java:281)
	at com.kms.katalon.core.main.TestSuiteExecutor.accessTestCaseMainPhase(TestSuiteExecutor.java:202)
	at com.kms.katalon.core.main.TestSuiteExecutor.accessTestSuiteMainPhase(TestSuiteExecutor.java:164)
	at com.kms.katalon.core.main.TestSuiteExecutor.execute(TestSuiteExecutor.java:105)
	at com.kms.katalon.core.main.TestCaseMain.startTestSuite(TestCaseMain.java:181)
	at com.kms.katalon.core.main.TestCaseMain$startTestSuite$0.call(Unknown Source)
	at TempTestSuite1648100878643.run(TempTestSuite1648100878643.groovy:36)
)

2022-03-24 12:48:50 - [MESSAGE][FAILED] - Unable to verify element property value (Root cause: java.lang.NullPointerException: Cannot get property 'PerluasanJaminan' on null object
	at Script1.run(Script1.groovy:1)
	at com.kms.katalon.core.webservice.helper.WebServiceCommonHelper.parseAndGetPropertyValueForJson(WebServiceCommonHelper.java:213)
	at com.kms.katalon.core.webservice.keyword.builtin.VerifyElementPropertyValueKeyword$_verifyElementPropertyValue_closure1.doCall(VerifyElementPropertyValueKeyword.groovy:52)
	at com.kms.katalon.core.webservice.keyword.builtin.VerifyElementPropertyValueKeyword$_verifyElementPropertyValue_closure1.call(VerifyElementPropertyValueKeyword.groovy)
	at com.kms.katalon.core.keyword.internal.KeywordMain.runKeyword(KeywordMain.groovy:74)
	at com.kms.katalon.core.webservice.keyword.builtin.VerifyElementPropertyValueKeyword.verifyElementPropertyValue(VerifyElementPropertyValueKeyword.groovy:48)
	at com.kms.katalon.core.webservice.keyword.builtin.VerifyElementPropertyValueKeyword.execute(VerifyElementPropertyValueKeyword.groovy:43)
	at com.kms.katalon.core.keyword.internal.KeywordExecutor.executeKeywordForPlatform(KeywordExecutor.groovy:74)
	at com.kms.katalon.core.webservice.keyword.WSBuiltInKeywords.verifyElementPropertyValue(WSBuiltInKeywords.groovy:175)
	at com.kms.katalon.core.webservice.keyword.WSBuiltInKeywords$verifyElementPropertyValue$0.call(Unknown Source)
	at 1. get token - data order.run(1. get token - data order:573)
	at com.kms.katalon.core.main.ScriptEngine.run(ScriptEngine.java:194)
	at com.kms.katalon.core.main.ScriptEngine.runScriptAsRawText(ScriptEngine.java:119)
	at com.kms.katalon.core.main.TestCaseExecutor.runScript(TestCaseExecutor.java:442)
	at com.kms.katalon.core.main.TestCaseExecutor.doExecute(TestCaseExecutor.java:433)
	at com.kms.katalon.core.main.TestCaseExecutor.processExecutionPhase(TestCaseExecutor.java:412)
	at com.kms.katalon.core.main.TestCaseExecutor.accessMainPhase(TestCaseExecutor.java:404)
	at com.kms.katalon.core.main.TestCaseExecutor.execute(TestCaseExecutor.java:281)
	at com.kms.katalon.core.main.TestSuiteExecutor.accessTestCaseMainPhase(TestSuiteExecutor.java:202)
	at com.kms.katalon.core.main.TestSuiteExecutor.accessTestSuiteMainPhase(TestSuiteExecutor.java:164)
	at com.kms.katalon.core.main.TestSuiteExecutor.execute(TestSuiteExecutor.java:105)
	at com.kms.katalon.core.main.TestCaseMain.startTestSuite(TestCaseMain.java:181)
	at com.kms.katalon.core.main.TestCaseMain$startTestSuite$0.call(Unknown Source)
	at TempTestSuite1648100878643.run(TempTestSuite1648100878643.groovy:36)
)

2022-03-24 12:48:50 - [TEST_STEP][FAILED] - verifyElementPropertyValue(order, "GetDataOrderResponse.ListDataOrder[0].InsuranceData[3].PerluasanJaminan.RSCC", o_rscc_val_3, CONTINUE_ON_FAILURE): Unable to verify element property value (Root cause: java.lang.NullPointerException: Cannot get property 'PerluasanJaminan' on null object
	at Script1.run(Script1.groovy:1)
	at com.kms.katalon.core.webservice.helper.WebServiceCommonHelper.parseAndGetPropertyValueForJson(WebServiceCommonHelper.java:213)
	at com.kms.katalon.core.webservice.keyword.builtin.VerifyElementPropertyValueKeyword$_verifyElementPropertyValue_closure1.doCall(VerifyElementPropertyValueKeyword.groovy:52)
	at com.kms.katalon.core.webservice.keyword.builtin.VerifyElementPropertyValueKeyword$_verifyElementPropertyValue_closure1.call(VerifyElementPropertyValueKeyword.groovy)
	at com.kms.katalon.core.keyword.internal.KeywordMain.runKeyword(KeywordMain.groovy:74)
	at com.kms.katalon.core.webservice.keyword.builtin.VerifyElementPropertyValueKeyword.verifyElementPropertyValue(VerifyElementPropertyValueKeyword.groovy:48)
	at com.kms.katalon.core.webservice.keyword.builtin.VerifyElementPropertyValueKeyword.execute(VerifyElementPropertyValueKeyword.groovy:43)
	at com.kms.katalon.core.keyword.internal.KeywordExecutor.executeKeywordForPlatform(KeywordExecutor.groovy:74)
	at com.kms.katalon.core.webservice.keyword.WSBuiltInKeywords.verifyElementPropertyValue(WSBuiltInKeywords.groovy:175)
	at com.kms.katalon.core.webservice.keyword.WSBuiltInKeywords$verifyElementPropertyValue$0.call(Unknown Source)
	at 1. get token - data order.run(1. get token - data order:576)
	at com.kms.katalon.core.main.ScriptEngine.run(ScriptEngine.java:194)
	at com.kms.katalon.core.main.ScriptEngine.runScriptAsRawText(ScriptEngine.java:119)
	at com.kms.katalon.core.main.TestCaseExecutor.runScript(TestCaseExecutor.java:442)
	at com.kms.katalon.core.main.TestCaseExecutor.doExecute(TestCaseExecutor.java:433)
	at com.kms.katalon.core.main.TestCaseExecutor.processExecutionPhase(TestCaseExecutor.java:412)
	at com.kms.katalon.core.main.TestCaseExecutor.accessMainPhase(TestCaseExecutor.java:404)
	at com.kms.katalon.core.main.TestCaseExecutor.execute(TestCaseExecutor.java:281)
	at com.kms.katalon.core.main.TestSuiteExecutor.accessTestCaseMainPhase(TestSuiteExecutor.java:202)
	at com.kms.katalon.core.main.TestSuiteExecutor.accessTestSuiteMainPhase(TestSuiteExecutor.java:164)
	at com.kms.katalon.core.main.TestSuiteExecutor.execute(TestSuiteExecutor.java:105)
	at com.kms.katalon.core.main.TestCaseMain.startTestSuite(TestCaseMain.java:181)
	at com.kms.katalon.core.main.TestCaseMain$startTestSuite$0.call(Unknown Source)
	at TempTestSuite1648100878643.run(TempTestSuite1648100878643.groovy:36)
)

2022-03-24 12:48:50 - [MESSAGE][FAILED] - Unable to verify element property value (Root cause: java.lang.NullPointerException: Cannot get property 'PerluasanJaminan' on null object
	at Script1.run(Script1.groovy:1)
	at com.kms.katalon.core.webservice.helper.WebServiceCommonHelper.parseAndGetPropertyValueForJson(WebServiceCommonHelper.java:213)
	at com.kms.katalon.core.webservice.keyword.builtin.VerifyElementPropertyValueKeyword$_verifyElementPropertyValue_closure1.doCall(VerifyElementPropertyValueKeyword.groovy:52)
	at com.kms.katalon.core.webservice.keyword.builtin.VerifyElementPropertyValueKeyword$_verifyElementPropertyValue_closure1.call(VerifyElementPropertyValueKeyword.groovy)
	at com.kms.katalon.core.keyword.internal.KeywordMain.runKeyword(KeywordMain.groovy:74)
	at com.kms.katalon.core.webservice.keyword.builtin.VerifyElementPropertyValueKeyword.verifyElementPropertyValue(VerifyElementPropertyValueKeyword.groovy:48)
	at com.kms.katalon.core.webservice.keyword.builtin.VerifyElementPropertyValueKeyword.execute(VerifyElementPropertyValueKeyword.groovy:43)
	at com.kms.katalon.core.keyword.internal.KeywordExecutor.executeKeywordForPlatform(KeywordExecutor.groovy:74)
	at com.kms.katalon.core.webservice.keyword.WSBuiltInKeywords.verifyElementPropertyValue(WSBuiltInKeywords.groovy:175)
	at com.kms.katalon.core.webservice.keyword.WSBuiltInKeywords$verifyElementPropertyValue$0.call(Unknown Source)
	at 1. get token - data order.run(1. get token - data order:576)
	at com.kms.katalon.core.main.ScriptEngine.run(ScriptEngine.java:194)
	at com.kms.katalon.core.main.ScriptEngine.runScriptAsRawText(ScriptEngine.java:119)
	at com.kms.katalon.core.main.TestCaseExecutor.runScript(TestCaseExecutor.java:442)
	at com.kms.katalon.core.main.TestCaseExecutor.doExecute(TestCaseExecutor.java:433)
	at com.kms.katalon.core.main.TestCaseExecutor.processExecutionPhase(TestCaseExecutor.java:412)
	at com.kms.katalon.core.main.TestCaseExecutor.accessMainPhase(TestCaseExecutor.java:404)
	at com.kms.katalon.core.main.TestCaseExecutor.execute(TestCaseExecutor.java:281)
	at com.kms.katalon.core.main.TestSuiteExecutor.accessTestCaseMainPhase(TestSuiteExecutor.java:202)
	at com.kms.katalon.core.main.TestSuiteExecutor.accessTestSuiteMainPhase(TestSuiteExecutor.java:164)
	at com.kms.katalon.core.main.TestSuiteExecutor.execute(TestSuiteExecutor.java:105)
	at com.kms.katalon.core.main.TestCaseMain.startTestSuite(TestCaseMain.java:181)
	at com.kms.katalon.core.main.TestCaseMain$startTestSuite$0.call(Unknown Source)
	at TempTestSuite1648100878643.run(TempTestSuite1648100878643.groovy:36)
)

2022-03-24 12:48:50 - [TEST_STEP][FAILED] - verifyElementPropertyValue(order, "GetDataOrderResponse.ListDataOrder[0].InsuranceData[3].PerluasanJaminan.Banjir", o_rsmb_val_3, CONTINUE_ON_FAILURE): Unable to verify element property value (Root cause: java.lang.NullPointerException: Cannot get property 'PerluasanJaminan' on null object
	at Script1.run(Script1.groovy:1)
	at com.kms.katalon.core.webservice.helper.WebServiceCommonHelper.parseAndGetPropertyValueForJson(WebServiceCommonHelper.java:213)
	at com.kms.katalon.core.webservice.keyword.builtin.VerifyElementPropertyValueKeyword$_verifyElementPropertyValue_closure1.doCall(VerifyElementPropertyValueKeyword.groovy:52)
	at com.kms.katalon.core.webservice.keyword.builtin.VerifyElementPropertyValueKeyword$_verifyElementPropertyValue_closure1.call(VerifyElementPropertyValueKeyword.groovy)
	at com.kms.katalon.core.keyword.internal.KeywordMain.runKeyword(KeywordMain.groovy:74)
	at com.kms.katalon.core.webservice.keyword.builtin.VerifyElementPropertyValueKeyword.verifyElementPropertyValue(VerifyElementPropertyValueKeyword.groovy:48)
	at com.kms.katalon.core.webservice.keyword.builtin.VerifyElementPropertyValueKeyword.execute(VerifyElementPropertyValueKeyword.groovy:43)
	at com.kms.katalon.core.keyword.internal.KeywordExecutor.executeKeywordForPlatform(KeywordExecutor.groovy:74)
	at com.kms.katalon.core.webservice.keyword.WSBuiltInKeywords.verifyElementPropertyValue(WSBuiltInKeywords.groovy:175)
	at com.kms.katalon.core.webservice.keyword.WSBuiltInKeywords$verifyElementPropertyValue$0.call(Unknown Source)
	at 1. get token - data order.run(1. get token - data order:579)
	at com.kms.katalon.core.main.ScriptEngine.run(ScriptEngine.java:194)
	at com.kms.katalon.core.main.ScriptEngine.runScriptAsRawText(ScriptEngine.java:119)
	at com.kms.katalon.core.main.TestCaseExecutor.runScript(TestCaseExecutor.java:442)
	at com.kms.katalon.core.main.TestCaseExecutor.doExecute(TestCaseExecutor.java:433)
	at com.kms.katalon.core.main.TestCaseExecutor.processExecutionPhase(TestCaseExecutor.java:412)
	at com.kms.katalon.core.main.TestCaseExecutor.accessMainPhase(TestCaseExecutor.java:404)
	at com.kms.katalon.core.main.TestCaseExecutor.execute(TestCaseExecutor.java:281)
	at com.kms.katalon.core.main.TestSuiteExecutor.accessTestCaseMainPhase(TestSuiteExecutor.java:202)
	at com.kms.katalon.core.main.TestSuiteExecutor.accessTestSuiteMainPhase(TestSuiteExecutor.java:164)
	at com.kms.katalon.core.main.TestSuiteExecutor.execute(TestSuiteExecutor.java:105)
	at com.kms.katalon.core.main.TestCaseMain.startTestSuite(TestCaseMain.java:181)
	at com.kms.katalon.core.main.TestCaseMain$startTestSuite$0.call(Unknown Source)
	at TempTestSuite1648100878643.run(TempTestSuite1648100878643.groovy:36)
)

2022-03-24 12:48:50 - [MESSAGE][FAILED] - Unable to verify element property value (Root cause: java.lang.NullPointerException: Cannot get property 'PerluasanJaminan' on null object
	at Script1.run(Script1.groovy:1)
	at com.kms.katalon.core.webservice.helper.WebServiceCommonHelper.parseAndGetPropertyValueForJson(WebServiceCommonHelper.java:213)
	at com.kms.katalon.core.webservice.keyword.builtin.VerifyElementPropertyValueKeyword$_verifyElementPropertyValue_closure1.doCall(VerifyElementPropertyValueKeyword.groovy:52)
	at com.kms.katalon.core.webservice.keyword.builtin.VerifyElementPropertyValueKeyword$_verifyElementPropertyValue_closure1.call(VerifyElementPropertyValueKeyword.groovy)
	at com.kms.katalon.core.keyword.internal.KeywordMain.runKeyword(KeywordMain.groovy:74)
	at com.kms.katalon.core.webservice.keyword.builtin.VerifyElementPropertyValueKeyword.verifyElementPropertyValue(VerifyElementPropertyValueKeyword.groovy:48)
	at com.kms.katalon.core.webservice.keyword.builtin.VerifyElementPropertyValueKeyword.execute(VerifyElementPropertyValueKeyword.groovy:43)
	at com.kms.katalon.core.keyword.internal.KeywordExecutor.executeKeywordForPlatform(KeywordExecutor.groovy:74)
	at com.kms.katalon.core.webservice.keyword.WSBuiltInKeywords.verifyElementPropertyValue(WSBuiltInKeywords.groovy:175)
	at com.kms.katalon.core.webservice.keyword.WSBuiltInKeywords$verifyElementPropertyValue$0.call(Unknown Source)
	at 1. get token - data order.run(1. get token - data order:579)
	at com.kms.katalon.core.main.ScriptEngine.run(ScriptEngine.java:194)
	at com.kms.katalon.core.main.ScriptEngine.runScriptAsRawText(ScriptEngine.java:119)
	at com.kms.katalon.core.main.TestCaseExecutor.runScript(TestCaseExecutor.java:442)
	at com.kms.katalon.core.main.TestCaseExecutor.doExecute(TestCaseExecutor.java:433)
	at com.kms.katalon.core.main.TestCaseExecutor.processExecutionPhase(TestCaseExecutor.java:412)
	at com.kms.katalon.core.main.TestCaseExecutor.accessMainPhase(TestCaseExecutor.java:404)
	at com.kms.katalon.core.main.TestCaseExecutor.execute(TestCaseExecutor.java:281)
	at com.kms.katalon.core.main.TestSuiteExecutor.accessTestCaseMainPhase(TestSuiteExecutor.java:202)
	at com.kms.katalon.core.main.TestSuiteExecutor.accessTestSuiteMainPhase(TestSuiteExecutor.java:164)
	at com.kms.katalon.core.main.TestSuiteExecutor.execute(TestSuiteExecutor.java:105)
	at com.kms.katalon.core.main.TestCaseMain.startTestSuite(TestCaseMain.java:181)
	at com.kms.katalon.core.main.TestCaseMain$startTestSuite$0.call(Unknown Source)
	at TempTestSuite1648100878643.run(TempTestSuite1648100878643.groovy:36)
)

2022-03-24 12:48:50 - [TEST_STEP][FAILED] - verifyElementPropertyValue(order, "GetDataOrderResponse.ListDataOrder[0].InsuranceData[3].PerluasanJaminan.Accessories", o_acc_val_3, CONTINUE_ON_FAILURE): Unable to verify element property value (Root cause: java.lang.NullPointerException: Cannot get property 'PerluasanJaminan' on null object
	at Script1.run(Script1.groovy:1)
	at com.kms.katalon.core.webservice.helper.WebServiceCommonHelper.parseAndGetPropertyValueForJson(WebServiceCommonHelper.java:213)
	at com.kms.katalon.core.webservice.keyword.builtin.VerifyElementPropertyValueKeyword$_verifyElementPropertyValue_closure1.doCall(VerifyElementPropertyValueKeyword.groovy:52)
	at com.kms.katalon.core.webservice.keyword.builtin.VerifyElementPropertyValueKeyword$_verifyElementPropertyValue_closure1.call(VerifyElementPropertyValueKeyword.groovy)
	at com.kms.katalon.core.keyword.internal.KeywordMain.runKeyword(KeywordMain.groovy:74)
	at com.kms.katalon.core.webservice.keyword.builtin.VerifyElementPropertyValueKeyword.verifyElementPropertyValue(VerifyElementPropertyValueKeyword.groovy:48)
	at com.kms.katalon.core.webservice.keyword.builtin.VerifyElementPropertyValueKeyword.execute(VerifyElementPropertyValueKeyword.groovy:43)
	at com.kms.katalon.core.keyword.internal.KeywordExecutor.executeKeywordForPlatform(KeywordExecutor.groovy:74)
	at com.kms.katalon.core.webservice.keyword.WSBuiltInKeywords.verifyElementPropertyValue(WSBuiltInKeywords.groovy:175)
	at com.kms.katalon.core.webservice.keyword.WSBuiltInKeywords$verifyElementPropertyValue$0.call(Unknown Source)
	at 1. get token - data order.run(1. get token - data order:582)
	at com.kms.katalon.core.main.ScriptEngine.run(ScriptEngine.java:194)
	at com.kms.katalon.core.main.ScriptEngine.runScriptAsRawText(ScriptEngine.java:119)
	at com.kms.katalon.core.main.TestCaseExecutor.runScript(TestCaseExecutor.java:442)
	at com.kms.katalon.core.main.TestCaseExecutor.doExecute(TestCaseExecutor.java:433)
	at com.kms.katalon.core.main.TestCaseExecutor.processExecutionPhase(TestCaseExecutor.java:412)
	at com.kms.katalon.core.main.TestCaseExecutor.accessMainPhase(TestCaseExecutor.java:404)
	at com.kms.katalon.core.main.TestCaseExecutor.execute(TestCaseExecutor.java:281)
	at com.kms.katalon.core.main.TestSuiteExecutor.accessTestCaseMainPhase(TestSuiteExecutor.java:202)
	at com.kms.katalon.core.main.TestSuiteExecutor.accessTestSuiteMainPhase(TestSuiteExecutor.java:164)
	at com.kms.katalon.core.main.TestSuiteExecutor.execute(TestSuiteExecutor.java:105)
	at com.kms.katalon.core.main.TestCaseMain.startTestSuite(TestCaseMain.java:181)
	at com.kms.katalon.core.main.TestCaseMain$startTestSuite$0.call(Unknown Source)
	at TempTestSuite1648100878643.run(TempTestSuite1648100878643.groovy:36)
)

2022-03-24 12:48:50 - [MESSAGE][FAILED] - Unable to verify element property value (Root cause: java.lang.NullPointerException: Cannot get property 'PerluasanJaminan' on null object
	at Script1.run(Script1.groovy:1)
	at com.kms.katalon.core.webservice.helper.WebServiceCommonHelper.parseAndGetPropertyValueForJson(WebServiceCommonHelper.java:213)
	at com.kms.katalon.core.webservice.keyword.builtin.VerifyElementPropertyValueKeyword$_verifyElementPropertyValue_closure1.doCall(VerifyElementPropertyValueKeyword.groovy:52)
	at com.kms.katalon.core.webservice.keyword.builtin.VerifyElementPropertyValueKeyword$_verifyElementPropertyValue_closure1.call(VerifyElementPropertyValueKeyword.groovy)
	at com.kms.katalon.core.keyword.internal.KeywordMain.runKeyword(KeywordMain.groovy:74)
	at com.kms.katalon.core.webservice.keyword.builtin.VerifyElementPropertyValueKeyword.verifyElementPropertyValue(VerifyElementPropertyValueKeyword.groovy:48)
	at com.kms.katalon.core.webservice.keyword.builtin.VerifyElementPropertyValueKeyword.execute(VerifyElementPropertyValueKeyword.groovy:43)
	at com.kms.katalon.core.keyword.internal.KeywordExecutor.executeKeywordForPlatform(KeywordExecutor.groovy:74)
	at com.kms.katalon.core.webservice.keyword.WSBuiltInKeywords.verifyElementPropertyValue(WSBuiltInKeywords.groovy:175)
	at com.kms.katalon.core.webservice.keyword.WSBuiltInKeywords$verifyElementPropertyValue$0.call(Unknown Source)
	at 1. get token - data order.run(1. get token - data order:582)
	at com.kms.katalon.core.main.ScriptEngine.run(ScriptEngine.java:194)
	at com.kms.katalon.core.main.ScriptEngine.runScriptAsRawText(ScriptEngine.java:119)
	at com.kms.katalon.core.main.TestCaseExecutor.runScript(TestCaseExecutor.java:442)
	at com.kms.katalon.core.main.TestCaseExecutor.doExecute(TestCaseExecutor.java:433)
	at com.kms.katalon.core.main.TestCaseExecutor.processExecutionPhase(TestCaseExecutor.java:412)
	at com.kms.katalon.core.main.TestCaseExecutor.accessMainPhase(TestCaseExecutor.java:404)
	at com.kms.katalon.core.main.TestCaseExecutor.execute(TestCaseExecutor.java:281)
	at com.kms.katalon.core.main.TestSuiteExecutor.accessTestCaseMainPhase(TestSuiteExecutor.java:202)
	at com.kms.katalon.core.main.TestSuiteExecutor.accessTestSuiteMainPhase(TestSuiteExecutor.java:164)
	at com.kms.katalon.core.main.TestSuiteExecutor.execute(TestSuiteExecutor.java:105)
	at com.kms.katalon.core.main.TestCaseMain.startTestSuite(TestCaseMain.java:181)
	at com.kms.katalon.core.main.TestCaseMain$startTestSuite$0.call(Unknown Source)
	at TempTestSuite1648100878643.run(TempTestSuite1648100878643.groovy:36)
)

2022-03-24 12:48:50 - [TEST_STEP][PASSED] - break: null]]></system-out>
         <system-err><![CDATA[2022-03-24 12:48:44 - [TEST_CASE][FAILED] - Test Cases/1. get token - data order: Test Cases/1. get token - data order FAILED.
Reason:
com.kms.katalon.core.exception.StepFailedException: Expected element property value '9400061664' is not equal with actual property value '1154000993'
	at com.kms.katalon.core.keyword.internal.KeywordMain.stepFailed(KeywordMain.groovy:39)
	at com.kms.katalon.core.webservice.keyword.builtin.VerifyElementPropertyValueKeyword$_verifyElementPropertyValue_closure1.doCall(VerifyElementPropertyValueKeyword.groovy:56)
	at com.kms.katalon.core.webservice.keyword.builtin.VerifyElementPropertyValueKeyword$_verifyElementPropertyValue_closure1.call(VerifyElementPropertyValueKeyword.groovy)
	at com.kms.katalon.core.keyword.internal.KeywordMain.runKeyword(KeywordMain.groovy:74)
	at com.kms.katalon.core.webservice.keyword.builtin.VerifyElementPropertyValueKeyword.verifyElementPropertyValue(VerifyElementPropertyValueKeyword.groovy:48)
	at com.kms.katalon.core.webservice.keyword.builtin.VerifyElementPropertyValueKeyword.execute(VerifyElementPropertyValueKeyword.groovy:43)
	at com.kms.katalon.core.keyword.internal.KeywordExecutor.executeKeywordForPlatform(KeywordExecutor.groovy:74)
	at com.kms.katalon.core.webservice.keyword.WSBuiltInKeywords.verifyElementPropertyValue(WSBuiltInKeywords.groovy:175)
	at com.kms.katalon.core.webservice.keyword.WSBuiltInKeywords$verifyElementPropertyValue$0.call(Unknown Source)
	at 1. get token - data order.run(1. get token - data order:54)
	at com.kms.katalon.core.main.ScriptEngine.run(ScriptEngine.java:194)
	at com.kms.katalon.core.main.ScriptEngine.runScriptAsRawText(ScriptEngine.java:119)
	at com.kms.katalon.core.main.TestCaseExecutor.runScript(TestCaseExecutor.java:442)
	at com.kms.katalon.core.main.TestCaseExecutor.doExecute(TestCaseExecutor.java:433)
	at com.kms.katalon.core.main.TestCaseExecutor.processExecutionPhase(TestCaseExecutor.java:412)
	at com.kms.katalon.core.main.TestCaseExecutor.accessMainPhase(TestCaseExecutor.java:404)
	at com.kms.katalon.core.main.TestCaseExecutor.execute(TestCaseExecutor.java:281)
	at com.kms.katalon.core.main.TestSuiteExecutor.accessTestCaseMainPhase(TestSuiteExecutor.java:202)
	at com.kms.katalon.core.main.TestSuiteExecutor.accessTestSuiteMainPhase(TestSuiteExecutor.java:164)
	at com.kms.katalon.core.main.TestSuiteExecutor.execute(TestSuiteExecutor.java:105)
	at com.kms.katalon.core.main.TestCaseMain.startTestSuite(TestCaseMain.java:181)
	at com.kms.katalon.core.main.TestCaseMain$startTestSuite$0.call(Unknown Source)
	at TempTestSuite1648100878643.run(TempTestSuite1648100878643.groovy:36)]]></system-err>
      </testcase>
      <testcase name="Test Cases/1. get token - data order" time="4.577" classname="Test Cases/1. get token - data order" status="FAILED">
         <failure type="FAILED" message="Test Cases/1. get token - data order FAILED.
Reason:
com.kms.katalon.core.exception.StepFailedException: Expected element property value '9430010695' is not equal with actual property value '1154000993'
	at com.kms.katalon.core.keyword.internal.KeywordMain.stepFailed(KeywordMain.groovy:39)
	at com.kms.katalon.core.webservice.keyword.builtin.VerifyElementPropertyValueKeyword$_verifyElementPropertyValue_closure1.doCall(VerifyElementPropertyValueKeyword.groovy:56)
	at com.kms.katalon.core.webservice.keyword.builtin.VerifyElementPropertyValueKeyword$_verifyElementPropertyValue_closure1.call(VerifyElementPropertyValueKeyword.groovy)
	at com.kms.katalon.core.keyword.internal.KeywordMain.runKeyword(KeywordMain.groovy:74)
	at com.kms.katalon.core.webservice.keyword.builtin.VerifyElementPropertyValueKeyword.verifyElementPropertyValue(VerifyElementPropertyValueKeyword.groovy:48)
	at com.kms.katalon.core.webservice.keyword.builtin.VerifyElementPropertyValueKeyword.execute(VerifyElementPropertyValueKeyword.groovy:43)
	at com.kms.katalon.core.keyword.internal.KeywordExecutor.executeKeywordForPlatform(KeywordExecutor.groovy:74)
	at com.kms.katalon.core.webservice.keyword.WSBuiltInKeywords.verifyElementPropertyValue(WSBuiltInKeywords.groovy:175)
	at com.kms.katalon.core.webservice.keyword.WSBuiltInKeywords$verifyElementPropertyValue$0.call(Unknown Source)
	at 1. get token - data order.run(1. get token - data order:54)
	at com.kms.katalon.core.main.ScriptEngine.run(ScriptEngine.java:194)
	at com.kms.katalon.core.main.ScriptEngine.runScriptAsRawText(ScriptEngine.java:119)
	at com.kms.katalon.core.main.TestCaseExecutor.runScript(TestCaseExecutor.java:442)
	at com.kms.katalon.core.main.TestCaseExecutor.doExecute(TestCaseExecutor.java:433)
	at com.kms.katalon.core.main.TestCaseExecutor.processExecutionPhase(TestCaseExecutor.java:412)
	at com.kms.katalon.core.main.TestCaseExecutor.accessMainPhase(TestCaseExecutor.java:404)
	at com.kms.katalon.core.main.TestCaseExecutor.execute(TestCaseExecutor.java:281)
	at com.kms.katalon.core.main.TestSuiteExecutor.accessTestCaseMainPhase(TestSuiteExecutor.java:202)
	at com.kms.katalon.core.main.TestSuiteExecutor.accessTestSuiteMainPhase(TestSuiteExecutor.java:164)
	at com.kms.katalon.core.main.TestSuiteExecutor.execute(TestSuiteExecutor.java:105)
	at com.kms.katalon.core.main.TestCaseMain.startTestSuite(TestCaseMain.java:181)
	at com.kms.katalon.core.main.TestCaseMain$startTestSuite$0.call(Unknown Source)
	at TempTestSuite1648100878643.run(TempTestSuite1648100878643.groovy:36)
"/>
         <system-out><![CDATA[2022-03-24 12:48:51 - [TEST_CASE][FAILED] - Test Cases/1. get token - data order: Test Cases/1. get token - data order FAILED.
Reason:
com.kms.katalon.core.exception.StepFailedException: Expected element property value '9430010695' is not equal with actual property value '1154000993'
	at com.kms.katalon.core.keyword.internal.KeywordMain.stepFailed(KeywordMain.groovy:39)
	at com.kms.katalon.core.webservice.keyword.builtin.VerifyElementPropertyValueKeyword$_verifyElementPropertyValue_closure1.doCall(VerifyElementPropertyValueKeyword.groovy:56)
	at com.kms.katalon.core.webservice.keyword.builtin.VerifyElementPropertyValueKeyword$_verifyElementPropertyValue_closure1.call(VerifyElementPropertyValueKeyword.groovy)
	at com.kms.katalon.core.keyword.internal.KeywordMain.runKeyword(KeywordMain.groovy:74)
	at com.kms.katalon.core.webservice.keyword.builtin.VerifyElementPropertyValueKeyword.verifyElementPropertyValue(VerifyElementPropertyValueKeyword.groovy:48)
	at com.kms.katalon.core.webservice.keyword.builtin.VerifyElementPropertyValueKeyword.execute(VerifyElementPropertyValueKeyword.groovy:43)
	at com.kms.katalon.core.keyword.internal.KeywordExecutor.executeKeywordForPlatform(KeywordExecutor.groovy:74)
	at com.kms.katalon.core.webservice.keyword.WSBuiltInKeywords.verifyElementPropertyValue(WSBuiltInKeywords.groovy:175)
	at com.kms.katalon.core.webservice.keyword.WSBuiltInKeywords$verifyElementPropertyValue$0.call(Unknown Source)
	at 1. get token - data order.run(1. get token - data order:54)
	at com.kms.katalon.core.main.ScriptEngine.run(ScriptEngine.java:194)
	at com.kms.katalon.core.main.ScriptEngine.runScriptAsRawText(ScriptEngine.java:119)
	at com.kms.katalon.core.main.TestCaseExecutor.runScript(TestCaseExecutor.java:442)
	at com.kms.katalon.core.main.TestCaseExecutor.doExecute(TestCaseExecutor.java:433)
	at com.kms.katalon.core.main.TestCaseExecutor.processExecutionPhase(TestCaseExecutor.java:412)
	at com.kms.katalon.core.main.TestCaseExecutor.accessMainPhase(TestCaseExecutor.java:404)
	at com.kms.katalon.core.main.TestCaseExecutor.execute(TestCaseExecutor.java:281)
	at com.kms.katalon.core.main.TestSuiteExecutor.accessTestCaseMainPhase(TestSuiteExecutor.java:202)
	at com.kms.katalon.core.main.TestSuiteExecutor.accessTestSuiteMainPhase(TestSuiteExecutor.java:164)
	at com.kms.katalon.core.main.TestSuiteExecutor.execute(TestSuiteExecutor.java:105)
	at com.kms.katalon.core.main.TestCaseMain.startTestSuite(TestCaseMain.java:181)
	at com.kms.katalon.core.main.TestCaseMain$startTestSuite$0.call(Unknown Source)
	at TempTestSuite1648100878643.run(TempTestSuite1648100878643.groovy:36)


2022-03-24 12:48:51 - [TEST_STEP][PASSED] - token = sendRequest(findTestObject("1. Get-Token")): Send request successfully

2022-03-24 12:48:51 - [MESSAGE][INFO] - HAR: I:\app-testing\app-project\Order car insurance\order-car-insurance\Reports\20220324_124757\Get data order\20220324_124758\requests\main\21.har

2022-03-24 12:48:51 - [MESSAGE][PASSED] - Send request successfully

2022-03-24 12:48:51 - [TEST_STEP][PASSED] - slurper = new groovy.json.JsonSlurper(): null

2022-03-24 12:48:51 - [TEST_STEP][PASSED] - get_token = slurper.parseText(token.getResponseBodyContent()): null

2022-03-24 12:48:51 - [TEST_STEP][PASSED] - private_token = access_token: null

2022-03-24 12:48:51 - [TEST_STEP][PASSED] - global_token = private_token: null

2022-03-24 12:48:51 - [TEST_STEP][PASSED] - println("token is :" + global_token): null

2022-03-24 12:48:51 - [TEST_STEP][PASSED] - response_token = token.getResponseText(): null

2022-03-24 12:48:51 - [TEST_STEP][PASSED] - logInfo($response_token): 
            {
                "token_type": "BearerToken",
                "access_token": "pmzue74DgoR8Bz56BaIbrG0nXQJo",
                "expires_in": "1799",
                "scope": ""
            }
        

2022-03-24 12:48:51 - [MESSAGE][INFO] - 
            {
                "token_type": "BearerToken",
                "access_token": "pmzue74DgoR8Bz56BaIbrG0nXQJo",
                "expires_in": "1799",
                "scope": ""
            }
        

2022-03-24 12:48:51 - [TEST_STEP][PASSED] - order = sendRequest(findTestObject("3. Get-data-order", ["s_key":global_token, "c_id":c_id, "order_date":order_date, "page":page, "rows":rows])): Send request successfully

2022-03-24 12:48:52 - [MESSAGE][INFO] - HAR: I:\app-testing\app-project\Order car insurance\order-car-insurance\Reports\20220324_124757\Get data order\20220324_124758\requests\main\22.har

2022-03-24 12:48:52 - [MESSAGE][PASSED] - Send request successfully

2022-03-24 12:48:52 - [TEST_STEP][PASSED] - get_order = order.getResponseText(): null

2022-03-24 12:48:52 - [TEST_STEP][PASSED] - markPassed("data ke : " + no): data ke : 8

2022-03-24 12:48:52 - [MESSAGE][PASSED] - data ke : 8

2022-03-24 12:48:52 - [TEST_STEP][PASSED] - verifyElementPropertyValue(order, "GetDataOrderResponse.ListDataOrder[0].TipeOrder", o_tipeorder, CONTINUE_ON_FAILURE): Verify element property value successfully

2022-03-24 12:48:52 - [MESSAGE][PASSED] - Verify element property value successfully

2022-03-24 12:48:52 - [TEST_STEP][PASSED] - verifyElementPropertyValue(order, "GetDataOrderResponse.ListDataOrder[0].BatchID", o_batchid, CONTINUE_ON_FAILURE): Verify element property value successfully

2022-03-24 12:48:52 - [MESSAGE][PASSED] - Verify element property value successfully

2022-03-24 12:48:52 - [TEST_STEP][FAILED] - verifyElementPropertyValue(order, "GetDataOrderResponse.ListDataOrder[0].NoRek", o_norek, CONTINUE_ON_FAILURE): Expected element property value '9430010695' is not equal with actual property value '1154000993'

2022-03-24 12:48:52 - [MESSAGE][FAILED] - Expected element property value '9430010695' is not equal with actual property value '1154000993'

2022-03-24 12:48:52 - [TEST_STEP][PASSED] - verifyElementPropertyValue(order, "GetDataOrderResponse.ListDataOrder[0].NoPin", o_nopin, CONTINUE_ON_FAILURE): Verify element property value successfully

2022-03-24 12:48:52 - [MESSAGE][PASSED] - Verify element property value successfully

2022-03-24 12:48:52 - [TEST_STEP][PASSED] - verifyElementPropertyValue(order, "GetDataOrderResponse.ListDataOrder[0].CustName", o_custname, CONTINUE_ON_FAILURE): Verify element property value successfully

2022-03-24 12:48:52 - [MESSAGE][PASSED] - Verify element property value successfully

2022-03-24 12:48:52 - [TEST_STEP][PASSED] - verifyElementPropertyValue(order, "GetDataOrderResponse.ListDataOrder[0].Pemohon", o_pemohon, CONTINUE_ON_FAILURE): Verify element property value successfully

2022-03-24 12:48:52 - [MESSAGE][PASSED] - Verify element property value successfully

2022-03-24 12:48:52 - [TEST_STEP][FAILED] - verifyElementPropertyValue(order, "GetDataOrderResponse.ListDataOrder[0].HargaPembelian", o_otr, CONTINUE_ON_FAILURE): Expected element property value '272100000.00' is not equal with actual property value '360000000.00'

2022-03-24 12:48:52 - [MESSAGE][FAILED] - Expected element property value '272100000.00' is not equal with actual property value '360000000.00'

2022-03-24 12:48:52 - [TEST_STEP][FAILED] - verifyElementPropertyValue(order, "GetDataOrderResponse.ListDataOrder[0].Cabang", o_branchid, CONTINUE_ON_FAILURE): Expected element property value '9430' is not equal with actual property value '1154'

2022-03-24 12:48:52 - [MESSAGE][FAILED] - Expected element property value '9430' is not equal with actual property value '1154'

2022-03-24 12:48:52 - [TEST_STEP][PASSED] - verifyElementPropertyValue(order, "GetDataOrderResponse.ListDataOrder[0].MerkID", o_merk, CONTINUE_ON_FAILURE): Verify element property value successfully

2022-03-24 12:48:52 - [MESSAGE][PASSED] - Verify element property value successfully

2022-03-24 12:48:52 - [TEST_STEP][FAILED] - verifyElementPropertyValue(order, "GetDataOrderResponse.ListDataOrder[0].TypeMobil", o_type, CONTINUE_ON_FAILURE): Expected element property value 'VELOZ 1.5 Q CVT' is not equal with actual property value 'INNOVA VENTURER 2.0 AT'

2022-03-24 12:48:52 - [MESSAGE][FAILED] - Expected element property value 'VELOZ 1.5 Q CVT' is not equal with actual property value 'INNOVA VENTURER 2.0 AT'

2022-03-24 12:48:52 - [TEST_STEP][PASSED] - verifyElementPropertyValue(order, "GetDataOrderResponse.ListDataOrder[0].JenisMobil", o_jenis, CONTINUE_ON_FAILURE): Verify element property value successfully

2022-03-24 12:48:52 - [MESSAGE][PASSED] - Verify element property value successfully

2022-03-24 12:48:52 - [TEST_STEP][FAILED] - verifyElementPropertyValue(order, "GetDataOrderResponse.ListDataOrder[0].TahunMobil", o_tahun, CONTINUE_ON_FAILURE): Expected element property value '2021' is not equal with actual property value '2017'

2022-03-24 12:48:52 - [MESSAGE][FAILED] - Expected element property value '2021' is not equal with actual property value '2017'

2022-03-24 12:48:52 - [TEST_STEP][FAILED] - verifyElementPropertyValue(order, "GetDataOrderResponse.ListDataOrder[0].Warna", o_warna, CONTINUE_ON_FAILURE): Expected element property value 'PLATINUM WHITE PEARL' is not equal with actual property value 'PUTIH'

2022-03-24 12:48:52 - [MESSAGE][FAILED] - Expected element property value 'PLATINUM WHITE PEARL' is not equal with actual property value 'PUTIH'

2022-03-24 12:48:52 - [TEST_STEP][FAILED] - verifyElementPropertyValue(order, "GetDataOrderResponse.ListDataOrder[0].NoRangka", o_norangka, CONTINUE_ON_FAILURE): Expected element property value 'MHFAB1BYXM0003652' is not equal with actual property value 'MHFAW8EM4H0206354'

2022-03-24 12:48:52 - [MESSAGE][FAILED] - Expected element property value 'MHFAB1BYXM0003652' is not equal with actual property value 'MHFAW8EM4H0206354'

2022-03-24 12:48:52 - [TEST_STEP][FAILED] - verifyElementPropertyValue(order, "GetDataOrderResponse.ListDataOrder[0].NoMesin", o_nomesin, CONTINUE_ON_FAILURE): Expected element property value '2NRX780646' is not equal with actual property value '1TRA295932'

2022-03-24 12:48:52 - [MESSAGE][FAILED] - Expected element property value '2NRX780646' is not equal with actual property value '1TRA295932'

2022-03-24 12:48:52 - [TEST_STEP][FAILED] - verifyElementPropertyValue(order, "GetDataOrderResponse.ListDataOrder[0].NoPolisi", o_nopol, CONTINUE_ON_FAILURE): Expected element property value '               ' is not equal with actual property value 'B 2726 BOM'

2022-03-24 12:48:52 - [MESSAGE][FAILED] - Expected element property value '               ' is not equal with actual property value 'B 2726 BOM'

2022-03-24 12:48:52 - [TEST_STEP][FAILED] - verifyElementPropertyValue(order, "GetDataOrderResponse.ListDataOrder[0].NamaBPKB", o_namabpkb, CONTINUE_ON_FAILURE): Expected element property value 'ANTON' is not equal with actual property value 'PT AUTORENT LANCAR S'

2022-03-24 12:48:52 - [MESSAGE][FAILED] - Expected element property value 'ANTON' is not equal with actual property value 'PT AUTORENT LANCAR S'

2022-03-24 12:48:52 - [TEST_STEP][FAILED] - verifyElementPropertyValue(order, "GetDataOrderResponse.ListDataOrder[0].KategoriMobil", o_kategori, CONTINUE_ON_FAILURE): Expected element property value '13' is not equal with actual property value '14'

2022-03-24 12:48:52 - [MESSAGE][FAILED] - Expected element property value '13' is not equal with actual property value '14'

2022-03-24 12:48:52 - [TEST_STEP][PASSED] - verifyElementPropertyValue(order, "GetDataOrderResponse.ListDataOrder[0].PenggunaanKendaraan", o_purpose, CONTINUE_ON_FAILURE): Verify element property value successfully

2022-03-24 12:48:52 - [MESSAGE][PASSED] - Verify element property value successfully

2022-03-24 12:48:52 - [TEST_STEP][FAILED] - verifyElementPropertyValue(order, "GetDataOrderResponse.ListDataOrder[0].Kondisi", o_kondisi, CONTINUE_ON_FAILURE): Expected element property value '1' is not equal with actual property value '2'

2022-03-24 12:48:52 - [MESSAGE][FAILED] - Expected element property value '1' is not equal with actual property value '2'

2022-03-24 12:48:52 - [TEST_STEP][PASSED] - verifyElementPropertyValue(order, "GetDataOrderResponse.ListDataOrder[0].Accessories1", o_acc1, CONTINUE_ON_FAILURE): Verify element property value successfully

2022-03-24 12:48:53 - [MESSAGE][PASSED] - Verify element property value successfully

2022-03-24 12:48:53 - [TEST_STEP][PASSED] - verifyElementPropertyValue(order, "GetDataOrderResponse.ListDataOrder[0].Accessories2", o_acc2, CONTINUE_ON_FAILURE): Verify element property value successfully

2022-03-24 12:48:53 - [MESSAGE][PASSED] - Verify element property value successfully

2022-03-24 12:48:53 - [TEST_STEP][PASSED] - verifyElementPropertyValue(order, "GetDataOrderResponse.ListDataOrder[0].Accessories3", o_acc3, CONTINUE_ON_FAILURE): Verify element property value successfully

2022-03-24 12:48:53 - [MESSAGE][PASSED] - Verify element property value successfully

2022-03-24 12:48:53 - [TEST_STEP][PASSED] - verifyElementPropertyValue(order, "GetDataOrderResponse.ListDataOrder[0].Accessories4", o_acc4, CONTINUE_ON_FAILURE): Verify element property value successfully

2022-03-24 12:48:53 - [MESSAGE][PASSED] - Verify element property value successfully

2022-03-24 12:48:53 - [TEST_STEP][PASSED] - verifyElementPropertyValue(order, "GetDataOrderResponse.ListDataOrder[0].Accessories5", o_acc5, CONTINUE_ON_FAILURE): Verify element property value successfully

2022-03-24 12:48:53 - [MESSAGE][PASSED] - Verify element property value successfully

2022-03-24 12:48:53 - [TEST_STEP][PASSED] - verifyElementPropertyValue(order, "GetDataOrderResponse.ListDataOrder[0].HargaAccessories1", o_harga_acc1, CONTINUE_ON_FAILURE): Verify element property value successfully

2022-03-24 12:48:53 - [MESSAGE][PASSED] - Verify element property value successfully

2022-03-24 12:48:53 - [TEST_STEP][PASSED] - verifyElementPropertyValue(order, "GetDataOrderResponse.ListDataOrder[0].HargaAccessories2", o_harga_acc2, CONTINUE_ON_FAILURE): Verify element property value successfully

2022-03-24 12:48:53 - [MESSAGE][PASSED] - Verify element property value successfully

2022-03-24 12:48:53 - [TEST_STEP][PASSED] - verifyElementPropertyValue(order, "GetDataOrderResponse.ListDataOrder[0].HargaAccessories3", o_harga_acc3, CONTINUE_ON_FAILURE): Verify element property value successfully

2022-03-24 12:48:53 - [MESSAGE][PASSED] - Verify element property value successfully

2022-03-24 12:48:53 - [TEST_STEP][PASSED] - verifyElementPropertyValue(order, "GetDataOrderResponse.ListDataOrder[0].HargaAccessories4", o_harga_acc4, CONTINUE_ON_FAILURE): Verify element property value successfully

2022-03-24 12:48:53 - [MESSAGE][PASSED] - Verify element property value successfully

2022-03-24 12:48:53 - [TEST_STEP][PASSED] - verifyElementPropertyValue(order, "GetDataOrderResponse.ListDataOrder[0].HargaAccessories5", o_harga_acc5, CONTINUE_ON_FAILURE): Verify element property value successfully

2022-03-24 12:48:53 - [MESSAGE][PASSED] - Verify element property value successfully

2022-03-24 12:48:53 - [TEST_STEP][PASSED] - verifyElementPropertyValue(order, "GetDataOrderResponse.ListDataOrder[0].OverKredit", o_overkredit, CONTINUE_ON_FAILURE): Verify element property value successfully

2022-03-24 12:48:53 - [MESSAGE][PASSED] - Verify element property value successfully

2022-03-24 12:48:53 - [TEST_STEP][PASSED] - verifyElementPropertyValue(order, "GetDataOrderResponse.ListDataOrder[0].Restructure", o_restructure, CONTINUE_ON_FAILURE): Verify element property value successfully

2022-03-24 12:48:53 - [MESSAGE][PASSED] - Verify element property value successfully

2022-03-24 12:48:53 - [TEST_STEP][PASSED] - verifyElementPropertyValue(order, "GetDataOrderResponse.ListDataOrder[0].NoPolisLama", o_nopol_lama, CONTINUE_ON_FAILURE): Verify element property value successfully

2022-03-24 12:48:53 - [MESSAGE][PASSED] - Verify element property value successfully

2022-03-24 12:48:53 - [TEST_STEP][PASSED] - verifyElementPropertyValue(order, "GetDataOrderResponse.ListDataOrder[0].MailAddress", o_mail_addr, CONTINUE_ON_FAILURE): Verify element property value successfully

2022-03-24 12:48:53 - [MESSAGE][PASSED] - Verify element property value successfully

2022-03-24 12:48:53 - [TEST_STEP][PASSED] - verifyElementPropertyValue(order, "GetDataOrderResponse.ListDataOrder[0].KabKodya", o_kab_kodya, CONTINUE_ON_FAILURE): Verify element property value successfully

2022-03-24 12:48:53 - [MESSAGE][PASSED] - Verify element property value successfully

2022-03-24 12:48:53 - [TEST_STEP][FAILED] - verifyElementPropertyValue(order, "GetDataOrderResponse.ListDataOrder[0].PostalCode", o_postal_code, CONTINUE_ON_FAILURE): Expected element property value '15334' is not equal with actual property value '12610'

2022-03-24 12:48:53 - [MESSAGE][FAILED] - Expected element property value '15334' is not equal with actual property value '12610'

2022-03-24 12:48:53 - [TEST_STEP][PASSED] - verifyElementPropertyValue(order, "GetDataOrderResponse.ListDataOrder[0].PaketMobil", o_packet, CONTINUE_ON_FAILURE): Verify element property value successfully

2022-03-24 12:48:53 - [MESSAGE][PASSED] - Verify element property value successfully

2022-03-24 12:48:53 - [TEST_STEP][PASSED] - verifyElementPropertyValue(order, "GetDataOrderResponse.ListDataOrder[0].CustType", o_cust_type, CONTINUE_ON_FAILURE): Verify element property value successfully

2022-03-24 12:48:53 - [MESSAGE][PASSED] - Verify element property value successfully

2022-03-24 12:48:53 - [TEST_STEP][FAILED] - verifyElementPropertyValue(order, "GetDataOrderResponse.ListDataOrder[0].IdentityNo", o_nik, CONTINUE_ON_FAILURE): Expected element property value 'SCRAMBLE' is not equal with actual property value '09.5307.120661.7004'

2022-03-24 12:48:53 - [MESSAGE][FAILED] - Expected element property value 'SCRAMBLE' is not equal with actual property value '09.5307.120661.7004'

2022-03-24 12:48:53 - [TEST_STEP][PASSED] - verifyElementPropertyValue(order, "GetDataOrderResponse.ListDataOrder[0].BirthPlace", o_birth_place, CONTINUE_ON_FAILURE): Verify element property value successfully

2022-03-24 12:48:53 - [MESSAGE][PASSED] - Verify element property value successfully

2022-03-24 12:48:53 - [TEST_STEP][FAILED] - verifyElementPropertyValue(order, "GetDataOrderResponse.ListDataOrder[0].BirthDate", o_birth_date, CONTINUE_ON_FAILURE): Expected element property value '20220212' is not equal with actual property value '19610612'

2022-03-24 12:48:53 - [MESSAGE][FAILED] - Expected element property value '20220212' is not equal with actual property value '19610612'

2022-03-24 12:48:53 - [TEST_STEP][PASSED] - verifyElementPropertyValue(order, "GetDataOrderResponse.ListDataOrder[0].Occupation", o_occp, CONTINUE_ON_FAILURE): Verify element property value successfully

2022-03-24 12:48:53 - [MESSAGE][PASSED] - Verify element property value successfully

2022-03-24 12:48:53 - [TEST_STEP][PASSED] - verifyElementPropertyValue(order, "GetDataOrderResponse.ListDataOrder[0].AlamatKTP", o_ktp_addr, CONTINUE_ON_FAILURE): Verify element property value successfully

2022-03-24 12:48:53 - [MESSAGE][PASSED] - Verify element property value successfully

2022-03-24 12:48:53 - [TEST_STEP][PASSED] - verifyElementPropertyValue(order, "GetDataOrderResponse.ListDataOrder[0].KelurahanKTP", o_ktp_kel, CONTINUE_ON_FAILURE): Verify element property value successfully

2022-03-24 12:48:53 - [MESSAGE][PASSED] - Verify element property value successfully

2022-03-24 12:48:53 - [TEST_STEP][PASSED] - verifyElementPropertyValue(order, "GetDataOrderResponse.ListDataOrder[0].KecamatanKTP", o_ktp_kec, CONTINUE_ON_FAILURE): Verify element property value successfully

2022-03-24 12:48:53 - [MESSAGE][PASSED] - Verify element property value successfully

2022-03-24 12:48:53 - [TEST_STEP][PASSED] - verifyElementPropertyValue(order, "GetDataOrderResponse.ListDataOrder[0].KabKodyaKTP", o_ktp_kabkodya, CONTINUE_ON_FAILURE): Verify element property value successfully

2022-03-24 12:48:53 - [MESSAGE][PASSED] - Verify element property value successfully

2022-03-24 12:48:53 - [TEST_STEP][PASSED] - verifyElementPropertyValue(order, "GetDataOrderResponse.ListDataOrder[0].ProvinsiKTP", o_ktp_prov, CONTINUE_ON_FAILURE): Verify element property value successfully

2022-03-24 12:48:53 - [MESSAGE][PASSED] - Verify element property value successfully

2022-03-24 12:48:53 - [TEST_STEP][FAILED] - verifyElementPropertyValue(order, "GetDataOrderResponse.ListDataOrder[0].PostalCodeKTP", o_ktp_postal_code, CONTINUE_ON_FAILURE): Expected element property value '15334' is not equal with actual property value '12610'

2022-03-24 12:48:53 - [MESSAGE][FAILED] - Expected element property value '15334' is not equal with actual property value '12610'

2022-03-24 12:48:53 - [TEST_STEP][FAILED] - verifyElementPropertyValue(order, "GetDataOrderResponse.ListDataOrder[0].DealerName", o_ktp_dealer_name, CONTINUE_ON_FAILURE): Expected element property value 'Astrido Toyota Pondok Indah' is not equal with actual property value '21 Auto Cars'

2022-03-24 12:48:53 - [MESSAGE][FAILED] - Expected element property value 'Astrido Toyota Pondok Indah' is not equal with actual property value '21 Auto Cars'

2022-03-24 12:48:53 - [TEST_STEP][FAILED] - switch (tenor): null

2022-03-24 12:48:53 - [TEST_STEP][FAILED] - case "4":: null

2022-03-24 12:48:53 - [TEST_STEP][PASSED] - order2 = sendRequest(findTestObject("3. Get-data-order", ["s_key":global_token, "c_id":c_id, "order_date":order_date, "page":page, "rows":rows])): Send request successfully

2022-03-24 12:48:54 - [MESSAGE][INFO] - HAR: I:\app-testing\app-project\Order car insurance\order-car-insurance\Reports\20220324_124757\Get data order\20220324_124758\requests\main\23.har

2022-03-24 12:48:54 - [MESSAGE][PASSED] - Send request successfully

2022-03-24 12:48:54 - [TEST_STEP][PASSED] - get_order2 = order.getResponseText(): null

2022-03-24 12:48:54 - [TEST_STEP][FAILED] - verifyElementPropertyValue(order, "GetDataOrderResponse.ListDataOrder[0].InsuranceData[0].KondisiPertanggungan", o_kond_pertanggungan_0, CONTINUE_ON_FAILURE): Expected element property value ' ' is not equal with actual property value ''

2022-03-24 12:48:54 - [MESSAGE][FAILED] - Expected element property value ' ' is not equal with actual property value ''

2022-03-24 12:48:54 - [TEST_STEP][PASSED] - verifyElementPropertyValue(order, "GetDataOrderResponse.ListDataOrder[0].InsuranceData[0].TJH", o_tjh_header_0, CONTINUE_ON_FAILURE): Verify element property value successfully

2022-03-24 12:48:54 - [MESSAGE][PASSED] - Verify element property value successfully

2022-03-24 12:48:54 - [TEST_STEP][FAILED] - verifyElementPropertyValue(order, "GetDataOrderResponse.ListDataOrder[0].InsuranceData[0].InsuredValue", o_ins_val_0, CONTINUE_ON_FAILURE): Expected element property value '272100000.00' is not equal with actual property value '360000000.00'

2022-03-24 12:48:54 - [MESSAGE][FAILED] - Expected element property value '272100000.00' is not equal with actual property value '360000000.00'

2022-03-24 12:48:54 - [TEST_STEP][PASSED] - verifyElementPropertyValue(order, "GetDataOrderResponse.ListDataOrder[0].InsuranceData[0].InsuredFrom", o_ins_form_0, CONTINUE_ON_FAILURE): Verify element property value successfully

2022-03-24 12:48:54 - [MESSAGE][PASSED] - Verify element property value successfully

2022-03-24 12:48:54 - [TEST_STEP][PASSED] - verifyElementPropertyValue(order, "GetDataOrderResponse.ListDataOrder[0].InsuranceData[0].InsuredTo", o_ins_to_0, CONTINUE_ON_FAILURE): Verify element property value successfully

2022-03-24 12:48:54 - [MESSAGE][PASSED] - Verify element property value successfully

2022-03-24 12:48:54 - [TEST_STEP][PASSED] - verifyElementPropertyValue(order, "GetDataOrderResponse.ListDataOrder[0].InsuranceData[0].Rate", o_rate_0, CONTINUE_ON_FAILURE): Verify element property value successfully

2022-03-24 12:48:54 - [MESSAGE][PASSED] - Verify element property value successfully

2022-03-24 12:48:54 - [TEST_STEP][FAILED] - verifyElementPropertyValue(order, "GetDataOrderResponse.ListDataOrder[0].InsuranceData[0].GrossPremi", o_gross_premi_0, CONTINUE_ON_FAILURE): Expected element property value '4131566.00' is not equal with actual property value '5466240.00'

2022-03-24 12:48:54 - [MESSAGE][FAILED] - Expected element property value '4131566.00' is not equal with actual property value '5466240.00'

2022-03-24 12:48:54 - [TEST_STEP][PASSED] - verifyElementPropertyValue(order, "GetDataOrderResponse.ListDataOrder[0].InsuranceData[0].Discount", o_discount_0, CONTINUE_ON_FAILURE): Verify element property value successfully

2022-03-24 12:48:54 - [MESSAGE][PASSED] - Verify element property value successfully

2022-03-24 12:48:54 - [TEST_STEP][PASSED] - verifyElementPropertyValue(order, "GetDataOrderResponse.ListDataOrder[0].InsuranceData[0].Adm", o_adm_0, CONTINUE_ON_FAILURE): Verify element property value successfully

2022-03-24 12:48:54 - [MESSAGE][PASSED] - Verify element property value successfully

2022-03-24 12:48:54 - [TEST_STEP][FAILED] - verifyElementPropertyValue(order, "GetDataOrderResponse.ListDataOrder[0].InsuranceData[0].NetPremi", o_netpremi_0, CONTINUE_ON_FAILURE): Expected element property value '4131566.00' is not equal with actual property value '5466240.00'

2022-03-24 12:48:54 - [MESSAGE][FAILED] - Expected element property value '4131566.00' is not equal with actual property value '5466240.00'

2022-03-24 12:48:54 - [TEST_STEP][PASSED] - verifyElementPropertyValue(order, "GetDataOrderResponse.ListDataOrder[0].InsuranceData[0].PerluasanJaminan.TJH", o_tjh_val_0, CONTINUE_ON_FAILURE): Verify element property value successfully

2022-03-24 12:48:54 - [MESSAGE][PASSED] - Verify element property value successfully

2022-03-24 12:48:54 - [TEST_STEP][PASSED] - verifyElementPropertyValue(order, "GetDataOrderResponse.ListDataOrder[0].InsuranceData[0].PerluasanJaminan.RSCC", o_rscc_val_0, CONTINUE_ON_FAILURE): Verify element property value successfully

2022-03-24 12:48:54 - [MESSAGE][PASSED] - Verify element property value successfully

2022-03-24 12:48:54 - [TEST_STEP][PASSED] - verifyElementPropertyValue(order, "GetDataOrderResponse.ListDataOrder[0].InsuranceData[0].PerluasanJaminan.Banjir", o_rsmb_val_0, CONTINUE_ON_FAILURE): Verify element property value successfully

2022-03-24 12:48:54 - [MESSAGE][PASSED] - Verify element property value successfully

2022-03-24 12:48:54 - [TEST_STEP][PASSED] - verifyElementPropertyValue(order, "GetDataOrderResponse.ListDataOrder[0].InsuranceData[0].PerluasanJaminan.Accessories", o_acc_val_0, CONTINUE_ON_FAILURE): Verify element property value successfully

2022-03-24 12:48:54 - [MESSAGE][PASSED] - Verify element property value successfully

2022-03-24 12:48:54 - [TEST_STEP][PASSED] - verifyElementPropertyValue(order, "GetDataOrderResponse.ListDataOrder[0].InsuranceData[1].KondisiPertanggungan", o_kond_pertanggungan_1, CONTINUE_ON_FAILURE): Verify element property value successfully

2022-03-24 12:48:54 - [MESSAGE][PASSED] - Verify element property value successfully

2022-03-24 12:48:54 - [TEST_STEP][PASSED] - verifyElementPropertyValue(order, "GetDataOrderResponse.ListDataOrder[0].InsuranceData[1].TJH", o_tjh_header_1, CONTINUE_ON_FAILURE): Verify element property value successfully

2022-03-24 12:48:54 - [MESSAGE][PASSED] - Verify element property value successfully

2022-03-24 12:48:54 - [TEST_STEP][FAILED] - verifyElementPropertyValue(order, "GetDataOrderResponse.ListDataOrder[0].InsuranceData[1].InsuredValue", o_ins_val_1, CONTINUE_ON_FAILURE): Expected element property value '272100000.00' is not equal with actual property value '360000000.00'

2022-03-24 12:48:54 - [MESSAGE][FAILED] - Expected element property value '272100000.00' is not equal with actual property value '360000000.00'

2022-03-24 12:48:54 - [TEST_STEP][PASSED] - verifyElementPropertyValue(order, "GetDataOrderResponse.ListDataOrder[0].InsuranceData[1].InsuredFrom", o_ins_form_1, CONTINUE_ON_FAILURE): Verify element property value successfully

2022-03-24 12:48:54 - [MESSAGE][PASSED] - Verify element property value successfully

2022-03-24 12:48:54 - [TEST_STEP][PASSED] - verifyElementPropertyValue(order, "GetDataOrderResponse.ListDataOrder[0].InsuranceData[1].InsuredTo", o_ins_to_1, CONTINUE_ON_FAILURE): Verify element property value successfully

2022-03-24 12:48:54 - [MESSAGE][PASSED] - Verify element property value successfully

2022-03-24 12:48:54 - [TEST_STEP][PASSED] - verifyElementPropertyValue(order, "GetDataOrderResponse.ListDataOrder[0].InsuranceData[1].Rate", o_rate_1, CONTINUE_ON_FAILURE): Verify element property value successfully

2022-03-24 12:48:54 - [MESSAGE][PASSED] - Verify element property value successfully

2022-03-24 12:48:54 - [TEST_STEP][FAILED] - verifyElementPropertyValue(order, "GetDataOrderResponse.ListDataOrder[0].InsuranceData[1].GrossPremi", o_gross_premi_1, CONTINUE_ON_FAILURE): Expected element property value '4131566.00' is not equal with actual property value '998640.00'

2022-03-24 12:48:54 - [MESSAGE][FAILED] - Expected element property value '4131566.00' is not equal with actual property value '998640.00'

2022-03-24 12:48:54 - [TEST_STEP][PASSED] - verifyElementPropertyValue(order, "GetDataOrderResponse.ListDataOrder[0].InsuranceData[1].Discount", o_discount_1, CONTINUE_ON_FAILURE): Verify element property value successfully

2022-03-24 12:48:54 - [MESSAGE][PASSED] - Verify element property value successfully

2022-03-24 12:48:54 - [TEST_STEP][PASSED] - verifyElementPropertyValue(order, "GetDataOrderResponse.ListDataOrder[0].InsuranceData[1].Adm", o_adm_1, CONTINUE_ON_FAILURE): Verify element property value successfully

2022-03-24 12:48:54 - [MESSAGE][PASSED] - Verify element property value successfully

2022-03-24 12:48:54 - [TEST_STEP][FAILED] - verifyElementPropertyValue(order, "GetDataOrderResponse.ListDataOrder[0].InsuranceData[1].NetPremi", o_netpremi_1, CONTINUE_ON_FAILURE): Expected element property value '754805.00' is not equal with actual property value '998640.00'

2022-03-24 12:48:54 - [MESSAGE][FAILED] - Expected element property value '754805.00' is not equal with actual property value '998640.00'

2022-03-24 12:48:54 - [TEST_STEP][PASSED] - verifyElementPropertyValue(order, "GetDataOrderResponse.ListDataOrder[0].InsuranceData[1].PerluasanJaminan.TJH", o_tjh_val_1, CONTINUE_ON_FAILURE): Verify element property value successfully

2022-03-24 12:48:54 - [MESSAGE][PASSED] - Verify element property value successfully

2022-03-24 12:48:54 - [TEST_STEP][PASSED] - verifyElementPropertyValue(order, "GetDataOrderResponse.ListDataOrder[0].InsuranceData[1].PerluasanJaminan.RSCC", o_rscc_val_1, CONTINUE_ON_FAILURE): Verify element property value successfully

2022-03-24 12:48:54 - [MESSAGE][PASSED] - Verify element property value successfully

2022-03-24 12:48:54 - [TEST_STEP][PASSED] - verifyElementPropertyValue(order, "GetDataOrderResponse.ListDataOrder[0].InsuranceData[1].PerluasanJaminan.Banjir", o_rsmb_val_1, CONTINUE_ON_FAILURE): Verify element property value successfully

2022-03-24 12:48:55 - [MESSAGE][PASSED] - Verify element property value successfully

2022-03-24 12:48:55 - [TEST_STEP][PASSED] - verifyElementPropertyValue(order, "GetDataOrderResponse.ListDataOrder[0].InsuranceData[1].PerluasanJaminan.Accessories", o_acc_val_1, CONTINUE_ON_FAILURE): Verify element property value successfully

2022-03-24 12:48:55 - [MESSAGE][PASSED] - Verify element property value successfully

2022-03-24 12:48:55 - [TEST_STEP][PASSED] - verifyElementPropertyValue(order, "GetDataOrderResponse.ListDataOrder[0].InsuranceData[2].KondisiPertanggungan", o_kond_pertanggungan_2, CONTINUE_ON_FAILURE): Verify element property value successfully

2022-03-24 12:48:55 - [MESSAGE][PASSED] - Verify element property value successfully

2022-03-24 12:48:55 - [TEST_STEP][PASSED] - verifyElementPropertyValue(order, "GetDataOrderResponse.ListDataOrder[0].InsuranceData[2].TJH", o_tjh_header_2, CONTINUE_ON_FAILURE): Verify element property value successfully

2022-03-24 12:48:55 - [MESSAGE][PASSED] - Verify element property value successfully

2022-03-24 12:48:55 - [TEST_STEP][FAILED] - verifyElementPropertyValue(order, "GetDataOrderResponse.ListDataOrder[0].InsuranceData[2].InsuredValue", o_ins_val_2, CONTINUE_ON_FAILURE): Expected element property value '272100000.00' is not equal with actual property value '360000000.00'

2022-03-24 12:48:55 - [MESSAGE][FAILED] - Expected element property value '272100000.00' is not equal with actual property value '360000000.00'

2022-03-24 12:48:55 - [TEST_STEP][PASSED] - verifyElementPropertyValue(order, "GetDataOrderResponse.ListDataOrder[0].InsuranceData[2].InsuredFrom", o_ins_form_2, CONTINUE_ON_FAILURE): Verify element property value successfully

2022-03-24 12:48:55 - [MESSAGE][PASSED] - Verify element property value successfully

2022-03-24 12:48:55 - [TEST_STEP][PASSED] - verifyElementPropertyValue(order, "GetDataOrderResponse.ListDataOrder[0].InsuranceData[2].InsuredTo", o_ins_to_2, CONTINUE_ON_FAILURE): Verify element property value successfully

2022-03-24 12:48:55 - [MESSAGE][PASSED] - Verify element property value successfully

2022-03-24 12:48:55 - [TEST_STEP][PASSED] - verifyElementPropertyValue(order, "GetDataOrderResponse.ListDataOrder[0].InsuranceData[2].Rate", o_rate_2, CONTINUE_ON_FAILURE): Verify element property value successfully

2022-03-24 12:48:55 - [MESSAGE][PASSED] - Verify element property value successfully

2022-03-24 12:48:55 - [TEST_STEP][FAILED] - verifyElementPropertyValue(order, "GetDataOrderResponse.ListDataOrder[0].InsuranceData[2].GrossPremi", o_gross_premi_2, CONTINUE_ON_FAILURE): Expected element property value '754805.00' is not equal with actual property value '998640.00'

2022-03-24 12:48:55 - [MESSAGE][FAILED] - Expected element property value '754805.00' is not equal with actual property value '998640.00'

2022-03-24 12:48:55 - [TEST_STEP][PASSED] - verifyElementPropertyValue(order, "GetDataOrderResponse.ListDataOrder[0].InsuranceData[2].Discount", o_discount_2, CONTINUE_ON_FAILURE): Verify element property value successfully

2022-03-24 12:48:55 - [MESSAGE][PASSED] - Verify element property value successfully

2022-03-24 12:48:55 - [TEST_STEP][PASSED] - verifyElementPropertyValue(order, "GetDataOrderResponse.ListDataOrder[0].InsuranceData[2].Adm", o_adm_2, CONTINUE_ON_FAILURE): Verify element property value successfully

2022-03-24 12:48:55 - [MESSAGE][PASSED] - Verify element property value successfully

2022-03-24 12:48:55 - [TEST_STEP][FAILED] - verifyElementPropertyValue(order, "GetDataOrderResponse.ListDataOrder[0].InsuranceData[2].NetPremi", o_netpremi_2, CONTINUE_ON_FAILURE): Expected element property value '754805.00' is not equal with actual property value '998640.00'

2022-03-24 12:48:55 - [MESSAGE][FAILED] - Expected element property value '754805.00' is not equal with actual property value '998640.00'

2022-03-24 12:48:55 - [TEST_STEP][PASSED] - verifyElementPropertyValue(order, "GetDataOrderResponse.ListDataOrder[0].InsuranceData[2].PerluasanJaminan.TJH", o_tjh_val_2, CONTINUE_ON_FAILURE): Verify element property value successfully

2022-03-24 12:48:55 - [MESSAGE][PASSED] - Verify element property value successfully

2022-03-24 12:48:55 - [TEST_STEP][PASSED] - verifyElementPropertyValue(order, "GetDataOrderResponse.ListDataOrder[0].InsuranceData[2].PerluasanJaminan.RSCC", o_rscc_val_2, CONTINUE_ON_FAILURE): Verify element property value successfully

2022-03-24 12:48:55 - [MESSAGE][PASSED] - Verify element property value successfully

2022-03-24 12:48:55 - [TEST_STEP][PASSED] - verifyElementPropertyValue(order, "GetDataOrderResponse.ListDataOrder[0].InsuranceData[2].PerluasanJaminan.Banjir", o_rsmb_val_2, CONTINUE_ON_FAILURE): Verify element property value successfully

2022-03-24 12:48:55 - [MESSAGE][PASSED] - Verify element property value successfully

2022-03-24 12:48:55 - [TEST_STEP][PASSED] - verifyElementPropertyValue(order, "GetDataOrderResponse.ListDataOrder[0].InsuranceData[2].PerluasanJaminan.Accessories", o_acc_val_2, CONTINUE_ON_FAILURE): Verify element property value successfully

2022-03-24 12:48:55 - [MESSAGE][PASSED] - Verify element property value successfully

2022-03-24 12:48:55 - [TEST_STEP][FAILED] - verifyElementPropertyValue(order, "GetDataOrderResponse.ListDataOrder[0].InsuranceData[3].KondisiPertanggungan", o_kond_pertanggungan_3, CONTINUE_ON_FAILURE): Unable to verify element property value (Root cause: java.lang.NullPointerException: Cannot get property 'KondisiPertanggungan' on null object
	at Script1.run(Script1.groovy:1)
	at com.kms.katalon.core.webservice.helper.WebServiceCommonHelper.parseAndGetPropertyValueForJson(WebServiceCommonHelper.java:213)
	at com.kms.katalon.core.webservice.keyword.builtin.VerifyElementPropertyValueKeyword$_verifyElementPropertyValue_closure1.doCall(VerifyElementPropertyValueKeyword.groovy:52)
	at com.kms.katalon.core.webservice.keyword.builtin.VerifyElementPropertyValueKeyword$_verifyElementPropertyValue_closure1.call(VerifyElementPropertyValueKeyword.groovy)
	at com.kms.katalon.core.keyword.internal.KeywordMain.runKeyword(KeywordMain.groovy:74)
	at com.kms.katalon.core.webservice.keyword.builtin.VerifyElementPropertyValueKeyword.verifyElementPropertyValue(VerifyElementPropertyValueKeyword.groovy:48)
	at com.kms.katalon.core.webservice.keyword.builtin.VerifyElementPropertyValueKeyword.execute(VerifyElementPropertyValueKeyword.groovy:43)
	at com.kms.katalon.core.keyword.internal.KeywordExecutor.executeKeywordForPlatform(KeywordExecutor.groovy:74)
	at com.kms.katalon.core.webservice.keyword.WSBuiltInKeywords.verifyElementPropertyValue(WSBuiltInKeywords.groovy:175)
	at com.kms.katalon.core.webservice.keyword.WSBuiltInKeywords$verifyElementPropertyValue$0.call(Unknown Source)
	at 1. get token - data order.run(1. get token - data order:546)
	at com.kms.katalon.core.main.ScriptEngine.run(ScriptEngine.java:194)
	at com.kms.katalon.core.main.ScriptEngine.runScriptAsRawText(ScriptEngine.java:119)
	at com.kms.katalon.core.main.TestCaseExecutor.runScript(TestCaseExecutor.java:442)
	at com.kms.katalon.core.main.TestCaseExecutor.doExecute(TestCaseExecutor.java:433)
	at com.kms.katalon.core.main.TestCaseExecutor.processExecutionPhase(TestCaseExecutor.java:412)
	at com.kms.katalon.core.main.TestCaseExecutor.accessMainPhase(TestCaseExecutor.java:404)
	at com.kms.katalon.core.main.TestCaseExecutor.execute(TestCaseExecutor.java:281)
	at com.kms.katalon.core.main.TestSuiteExecutor.accessTestCaseMainPhase(TestSuiteExecutor.java:202)
	at com.kms.katalon.core.main.TestSuiteExecutor.accessTestSuiteMainPhase(TestSuiteExecutor.java:164)
	at com.kms.katalon.core.main.TestSuiteExecutor.execute(TestSuiteExecutor.java:105)
	at com.kms.katalon.core.main.TestCaseMain.startTestSuite(TestCaseMain.java:181)
	at com.kms.katalon.core.main.TestCaseMain$startTestSuite$0.call(Unknown Source)
	at TempTestSuite1648100878643.run(TempTestSuite1648100878643.groovy:36)
)

2022-03-24 12:48:55 - [MESSAGE][FAILED] - Unable to verify element property value (Root cause: java.lang.NullPointerException: Cannot get property 'KondisiPertanggungan' on null object
	at Script1.run(Script1.groovy:1)
	at com.kms.katalon.core.webservice.helper.WebServiceCommonHelper.parseAndGetPropertyValueForJson(WebServiceCommonHelper.java:213)
	at com.kms.katalon.core.webservice.keyword.builtin.VerifyElementPropertyValueKeyword$_verifyElementPropertyValue_closure1.doCall(VerifyElementPropertyValueKeyword.groovy:52)
	at com.kms.katalon.core.webservice.keyword.builtin.VerifyElementPropertyValueKeyword$_verifyElementPropertyValue_closure1.call(VerifyElementPropertyValueKeyword.groovy)
	at com.kms.katalon.core.keyword.internal.KeywordMain.runKeyword(KeywordMain.groovy:74)
	at com.kms.katalon.core.webservice.keyword.builtin.VerifyElementPropertyValueKeyword.verifyElementPropertyValue(VerifyElementPropertyValueKeyword.groovy:48)
	at com.kms.katalon.core.webservice.keyword.builtin.VerifyElementPropertyValueKeyword.execute(VerifyElementPropertyValueKeyword.groovy:43)
	at com.kms.katalon.core.keyword.internal.KeywordExecutor.executeKeywordForPlatform(KeywordExecutor.groovy:74)
	at com.kms.katalon.core.webservice.keyword.WSBuiltInKeywords.verifyElementPropertyValue(WSBuiltInKeywords.groovy:175)
	at com.kms.katalon.core.webservice.keyword.WSBuiltInKeywords$verifyElementPropertyValue$0.call(Unknown Source)
	at 1. get token - data order.run(1. get token - data order:546)
	at com.kms.katalon.core.main.ScriptEngine.run(ScriptEngine.java:194)
	at com.kms.katalon.core.main.ScriptEngine.runScriptAsRawText(ScriptEngine.java:119)
	at com.kms.katalon.core.main.TestCaseExecutor.runScript(TestCaseExecutor.java:442)
	at com.kms.katalon.core.main.TestCaseExecutor.doExecute(TestCaseExecutor.java:433)
	at com.kms.katalon.core.main.TestCaseExecutor.processExecutionPhase(TestCaseExecutor.java:412)
	at com.kms.katalon.core.main.TestCaseExecutor.accessMainPhase(TestCaseExecutor.java:404)
	at com.kms.katalon.core.main.TestCaseExecutor.execute(TestCaseExecutor.java:281)
	at com.kms.katalon.core.main.TestSuiteExecutor.accessTestCaseMainPhase(TestSuiteExecutor.java:202)
	at com.kms.katalon.core.main.TestSuiteExecutor.accessTestSuiteMainPhase(TestSuiteExecutor.java:164)
	at com.kms.katalon.core.main.TestSuiteExecutor.execute(TestSuiteExecutor.java:105)
	at com.kms.katalon.core.main.TestCaseMain.startTestSuite(TestCaseMain.java:181)
	at com.kms.katalon.core.main.TestCaseMain$startTestSuite$0.call(Unknown Source)
	at TempTestSuite1648100878643.run(TempTestSuite1648100878643.groovy:36)
)

2022-03-24 12:48:55 - [TEST_STEP][FAILED] - verifyElementPropertyValue(order, "GetDataOrderResponse.ListDataOrder[0].InsuranceData[3].TJH", o_tjh_header_3, CONTINUE_ON_FAILURE): Unable to verify element property value (Root cause: java.lang.NullPointerException: Cannot get property 'TJH' on null object
	at Script1.run(Script1.groovy:1)
	at com.kms.katalon.core.webservice.helper.WebServiceCommonHelper.parseAndGetPropertyValueForJson(WebServiceCommonHelper.java:213)
	at com.kms.katalon.core.webservice.keyword.builtin.VerifyElementPropertyValueKeyword$_verifyElementPropertyValue_closure1.doCall(VerifyElementPropertyValueKeyword.groovy:52)
	at com.kms.katalon.core.webservice.keyword.builtin.VerifyElementPropertyValueKeyword$_verifyElementPropertyValue_closure1.call(VerifyElementPropertyValueKeyword.groovy)
	at com.kms.katalon.core.keyword.internal.KeywordMain.runKeyword(KeywordMain.groovy:74)
	at com.kms.katalon.core.webservice.keyword.builtin.VerifyElementPropertyValueKeyword.verifyElementPropertyValue(VerifyElementPropertyValueKeyword.groovy:48)
	at com.kms.katalon.core.webservice.keyword.builtin.VerifyElementPropertyValueKeyword.execute(VerifyElementPropertyValueKeyword.groovy:43)
	at com.kms.katalon.core.keyword.internal.KeywordExecutor.executeKeywordForPlatform(KeywordExecutor.groovy:74)
	at com.kms.katalon.core.webservice.keyword.WSBuiltInKeywords.verifyElementPropertyValue(WSBuiltInKeywords.groovy:175)
	at com.kms.katalon.core.webservice.keyword.WSBuiltInKeywords$verifyElementPropertyValue$0.call(Unknown Source)
	at 1. get token - data order.run(1. get token - data order:549)
	at com.kms.katalon.core.main.ScriptEngine.run(ScriptEngine.java:194)
	at com.kms.katalon.core.main.ScriptEngine.runScriptAsRawText(ScriptEngine.java:119)
	at com.kms.katalon.core.main.TestCaseExecutor.runScript(TestCaseExecutor.java:442)
	at com.kms.katalon.core.main.TestCaseExecutor.doExecute(TestCaseExecutor.java:433)
	at com.kms.katalon.core.main.TestCaseExecutor.processExecutionPhase(TestCaseExecutor.java:412)
	at com.kms.katalon.core.main.TestCaseExecutor.accessMainPhase(TestCaseExecutor.java:404)
	at com.kms.katalon.core.main.TestCaseExecutor.execute(TestCaseExecutor.java:281)
	at com.kms.katalon.core.main.TestSuiteExecutor.accessTestCaseMainPhase(TestSuiteExecutor.java:202)
	at com.kms.katalon.core.main.TestSuiteExecutor.accessTestSuiteMainPhase(TestSuiteExecutor.java:164)
	at com.kms.katalon.core.main.TestSuiteExecutor.execute(TestSuiteExecutor.java:105)
	at com.kms.katalon.core.main.TestCaseMain.startTestSuite(TestCaseMain.java:181)
	at com.kms.katalon.core.main.TestCaseMain$startTestSuite$0.call(Unknown Source)
	at TempTestSuite1648100878643.run(TempTestSuite1648100878643.groovy:36)
)

2022-03-24 12:48:55 - [MESSAGE][FAILED] - Unable to verify element property value (Root cause: java.lang.NullPointerException: Cannot get property 'TJH' on null object
	at Script1.run(Script1.groovy:1)
	at com.kms.katalon.core.webservice.helper.WebServiceCommonHelper.parseAndGetPropertyValueForJson(WebServiceCommonHelper.java:213)
	at com.kms.katalon.core.webservice.keyword.builtin.VerifyElementPropertyValueKeyword$_verifyElementPropertyValue_closure1.doCall(VerifyElementPropertyValueKeyword.groovy:52)
	at com.kms.katalon.core.webservice.keyword.builtin.VerifyElementPropertyValueKeyword$_verifyElementPropertyValue_closure1.call(VerifyElementPropertyValueKeyword.groovy)
	at com.kms.katalon.core.keyword.internal.KeywordMain.runKeyword(KeywordMain.groovy:74)
	at com.kms.katalon.core.webservice.keyword.builtin.VerifyElementPropertyValueKeyword.verifyElementPropertyValue(VerifyElementPropertyValueKeyword.groovy:48)
	at com.kms.katalon.core.webservice.keyword.builtin.VerifyElementPropertyValueKeyword.execute(VerifyElementPropertyValueKeyword.groovy:43)
	at com.kms.katalon.core.keyword.internal.KeywordExecutor.executeKeywordForPlatform(KeywordExecutor.groovy:74)
	at com.kms.katalon.core.webservice.keyword.WSBuiltInKeywords.verifyElementPropertyValue(WSBuiltInKeywords.groovy:175)
	at com.kms.katalon.core.webservice.keyword.WSBuiltInKeywords$verifyElementPropertyValue$0.call(Unknown Source)
	at 1. get token - data order.run(1. get token - data order:549)
	at com.kms.katalon.core.main.ScriptEngine.run(ScriptEngine.java:194)
	at com.kms.katalon.core.main.ScriptEngine.runScriptAsRawText(ScriptEngine.java:119)
	at com.kms.katalon.core.main.TestCaseExecutor.runScript(TestCaseExecutor.java:442)
	at com.kms.katalon.core.main.TestCaseExecutor.doExecute(TestCaseExecutor.java:433)
	at com.kms.katalon.core.main.TestCaseExecutor.processExecutionPhase(TestCaseExecutor.java:412)
	at com.kms.katalon.core.main.TestCaseExecutor.accessMainPhase(TestCaseExecutor.java:404)
	at com.kms.katalon.core.main.TestCaseExecutor.execute(TestCaseExecutor.java:281)
	at com.kms.katalon.core.main.TestSuiteExecutor.accessTestCaseMainPhase(TestSuiteExecutor.java:202)
	at com.kms.katalon.core.main.TestSuiteExecutor.accessTestSuiteMainPhase(TestSuiteExecutor.java:164)
	at com.kms.katalon.core.main.TestSuiteExecutor.execute(TestSuiteExecutor.java:105)
	at com.kms.katalon.core.main.TestCaseMain.startTestSuite(TestCaseMain.java:181)
	at com.kms.katalon.core.main.TestCaseMain$startTestSuite$0.call(Unknown Source)
	at TempTestSuite1648100878643.run(TempTestSuite1648100878643.groovy:36)
)

2022-03-24 12:48:55 - [TEST_STEP][FAILED] - verifyElementPropertyValue(order, "GetDataOrderResponse.ListDataOrder[0].InsuranceData[3].InsuredValue", o_ins_val_3, CONTINUE_ON_FAILURE): Unable to verify element property value (Root cause: java.lang.NullPointerException: Cannot get property 'InsuredValue' on null object
	at Script1.run(Script1.groovy:1)
	at com.kms.katalon.core.webservice.helper.WebServiceCommonHelper.parseAndGetPropertyValueForJson(WebServiceCommonHelper.java:213)
	at com.kms.katalon.core.webservice.keyword.builtin.VerifyElementPropertyValueKeyword$_verifyElementPropertyValue_closure1.doCall(VerifyElementPropertyValueKeyword.groovy:52)
	at com.kms.katalon.core.webservice.keyword.builtin.VerifyElementPropertyValueKeyword$_verifyElementPropertyValue_closure1.call(VerifyElementPropertyValueKeyword.groovy)
	at com.kms.katalon.core.keyword.internal.KeywordMain.runKeyword(KeywordMain.groovy:74)
	at com.kms.katalon.core.webservice.keyword.builtin.VerifyElementPropertyValueKeyword.verifyElementPropertyValue(VerifyElementPropertyValueKeyword.groovy:48)
	at com.kms.katalon.core.webservice.keyword.builtin.VerifyElementPropertyValueKeyword.execute(VerifyElementPropertyValueKeyword.groovy:43)
	at com.kms.katalon.core.keyword.internal.KeywordExecutor.executeKeywordForPlatform(KeywordExecutor.groovy:74)
	at com.kms.katalon.core.webservice.keyword.WSBuiltInKeywords.verifyElementPropertyValue(WSBuiltInKeywords.groovy:175)
	at com.kms.katalon.core.webservice.keyword.WSBuiltInKeywords$verifyElementPropertyValue$0.call(Unknown Source)
	at 1. get token - data order.run(1. get token - data order:551)
	at com.kms.katalon.core.main.ScriptEngine.run(ScriptEngine.java:194)
	at com.kms.katalon.core.main.ScriptEngine.runScriptAsRawText(ScriptEngine.java:119)
	at com.kms.katalon.core.main.TestCaseExecutor.runScript(TestCaseExecutor.java:442)
	at com.kms.katalon.core.main.TestCaseExecutor.doExecute(TestCaseExecutor.java:433)
	at com.kms.katalon.core.main.TestCaseExecutor.processExecutionPhase(TestCaseExecutor.java:412)
	at com.kms.katalon.core.main.TestCaseExecutor.accessMainPhase(TestCaseExecutor.java:404)
	at com.kms.katalon.core.main.TestCaseExecutor.execute(TestCaseExecutor.java:281)
	at com.kms.katalon.core.main.TestSuiteExecutor.accessTestCaseMainPhase(TestSuiteExecutor.java:202)
	at com.kms.katalon.core.main.TestSuiteExecutor.accessTestSuiteMainPhase(TestSuiteExecutor.java:164)
	at com.kms.katalon.core.main.TestSuiteExecutor.execute(TestSuiteExecutor.java:105)
	at com.kms.katalon.core.main.TestCaseMain.startTestSuite(TestCaseMain.java:181)
	at com.kms.katalon.core.main.TestCaseMain$startTestSuite$0.call(Unknown Source)
	at TempTestSuite1648100878643.run(TempTestSuite1648100878643.groovy:36)
)

2022-03-24 12:48:55 - [MESSAGE][FAILED] - Unable to verify element property value (Root cause: java.lang.NullPointerException: Cannot get property 'InsuredValue' on null object
	at Script1.run(Script1.groovy:1)
	at com.kms.katalon.core.webservice.helper.WebServiceCommonHelper.parseAndGetPropertyValueForJson(WebServiceCommonHelper.java:213)
	at com.kms.katalon.core.webservice.keyword.builtin.VerifyElementPropertyValueKeyword$_verifyElementPropertyValue_closure1.doCall(VerifyElementPropertyValueKeyword.groovy:52)
	at com.kms.katalon.core.webservice.keyword.builtin.VerifyElementPropertyValueKeyword$_verifyElementPropertyValue_closure1.call(VerifyElementPropertyValueKeyword.groovy)
	at com.kms.katalon.core.keyword.internal.KeywordMain.runKeyword(KeywordMain.groovy:74)
	at com.kms.katalon.core.webservice.keyword.builtin.VerifyElementPropertyValueKeyword.verifyElementPropertyValue(VerifyElementPropertyValueKeyword.groovy:48)
	at com.kms.katalon.core.webservice.keyword.builtin.VerifyElementPropertyValueKeyword.execute(VerifyElementPropertyValueKeyword.groovy:43)
	at com.kms.katalon.core.keyword.internal.KeywordExecutor.executeKeywordForPlatform(KeywordExecutor.groovy:74)
	at com.kms.katalon.core.webservice.keyword.WSBuiltInKeywords.verifyElementPropertyValue(WSBuiltInKeywords.groovy:175)
	at com.kms.katalon.core.webservice.keyword.WSBuiltInKeywords$verifyElementPropertyValue$0.call(Unknown Source)
	at 1. get token - data order.run(1. get token - data order:551)
	at com.kms.katalon.core.main.ScriptEngine.run(ScriptEngine.java:194)
	at com.kms.katalon.core.main.ScriptEngine.runScriptAsRawText(ScriptEngine.java:119)
	at com.kms.katalon.core.main.TestCaseExecutor.runScript(TestCaseExecutor.java:442)
	at com.kms.katalon.core.main.TestCaseExecutor.doExecute(TestCaseExecutor.java:433)
	at com.kms.katalon.core.main.TestCaseExecutor.processExecutionPhase(TestCaseExecutor.java:412)
	at com.kms.katalon.core.main.TestCaseExecutor.accessMainPhase(TestCaseExecutor.java:404)
	at com.kms.katalon.core.main.TestCaseExecutor.execute(TestCaseExecutor.java:281)
	at com.kms.katalon.core.main.TestSuiteExecutor.accessTestCaseMainPhase(TestSuiteExecutor.java:202)
	at com.kms.katalon.core.main.TestSuiteExecutor.accessTestSuiteMainPhase(TestSuiteExecutor.java:164)
	at com.kms.katalon.core.main.TestSuiteExecutor.execute(TestSuiteExecutor.java:105)
	at com.kms.katalon.core.main.TestCaseMain.startTestSuite(TestCaseMain.java:181)
	at com.kms.katalon.core.main.TestCaseMain$startTestSuite$0.call(Unknown Source)
	at TempTestSuite1648100878643.run(TempTestSuite1648100878643.groovy:36)
)

2022-03-24 12:48:55 - [TEST_STEP][FAILED] - verifyElementPropertyValue(order, "GetDataOrderResponse.ListDataOrder[0].InsuranceData[3].InsuredFrom", o_ins_form_3, CONTINUE_ON_FAILURE): Unable to verify element property value (Root cause: java.lang.NullPointerException: Cannot get property 'InsuredFrom' on null object
	at Script1.run(Script1.groovy:1)
	at com.kms.katalon.core.webservice.helper.WebServiceCommonHelper.parseAndGetPropertyValueForJson(WebServiceCommonHelper.java:213)
	at com.kms.katalon.core.webservice.keyword.builtin.VerifyElementPropertyValueKeyword$_verifyElementPropertyValue_closure1.doCall(VerifyElementPropertyValueKeyword.groovy:52)
	at com.kms.katalon.core.webservice.keyword.builtin.VerifyElementPropertyValueKeyword$_verifyElementPropertyValue_closure1.call(VerifyElementPropertyValueKeyword.groovy)
	at com.kms.katalon.core.keyword.internal.KeywordMain.runKeyword(KeywordMain.groovy:74)
	at com.kms.katalon.core.webservice.keyword.builtin.VerifyElementPropertyValueKeyword.verifyElementPropertyValue(VerifyElementPropertyValueKeyword.groovy:48)
	at com.kms.katalon.core.webservice.keyword.builtin.VerifyElementPropertyValueKeyword.execute(VerifyElementPropertyValueKeyword.groovy:43)
	at com.kms.katalon.core.keyword.internal.KeywordExecutor.executeKeywordForPlatform(KeywordExecutor.groovy:74)
	at com.kms.katalon.core.webservice.keyword.WSBuiltInKeywords.verifyElementPropertyValue(WSBuiltInKeywords.groovy:175)
	at com.kms.katalon.core.webservice.keyword.WSBuiltInKeywords$verifyElementPropertyValue$0.call(Unknown Source)
	at 1. get token - data order.run(1. get token - data order:554)
	at com.kms.katalon.core.main.ScriptEngine.run(ScriptEngine.java:194)
	at com.kms.katalon.core.main.ScriptEngine.runScriptAsRawText(ScriptEngine.java:119)
	at com.kms.katalon.core.main.TestCaseExecutor.runScript(TestCaseExecutor.java:442)
	at com.kms.katalon.core.main.TestCaseExecutor.doExecute(TestCaseExecutor.java:433)
	at com.kms.katalon.core.main.TestCaseExecutor.processExecutionPhase(TestCaseExecutor.java:412)
	at com.kms.katalon.core.main.TestCaseExecutor.accessMainPhase(TestCaseExecutor.java:404)
	at com.kms.katalon.core.main.TestCaseExecutor.execute(TestCaseExecutor.java:281)
	at com.kms.katalon.core.main.TestSuiteExecutor.accessTestCaseMainPhase(TestSuiteExecutor.java:202)
	at com.kms.katalon.core.main.TestSuiteExecutor.accessTestSuiteMainPhase(TestSuiteExecutor.java:164)
	at com.kms.katalon.core.main.TestSuiteExecutor.execute(TestSuiteExecutor.java:105)
	at com.kms.katalon.core.main.TestCaseMain.startTestSuite(TestCaseMain.java:181)
	at com.kms.katalon.core.main.TestCaseMain$startTestSuite$0.call(Unknown Source)
	at TempTestSuite1648100878643.run(TempTestSuite1648100878643.groovy:36)
)

2022-03-24 12:48:55 - [MESSAGE][FAILED] - Unable to verify element property value (Root cause: java.lang.NullPointerException: Cannot get property 'InsuredFrom' on null object
	at Script1.run(Script1.groovy:1)
	at com.kms.katalon.core.webservice.helper.WebServiceCommonHelper.parseAndGetPropertyValueForJson(WebServiceCommonHelper.java:213)
	at com.kms.katalon.core.webservice.keyword.builtin.VerifyElementPropertyValueKeyword$_verifyElementPropertyValue_closure1.doCall(VerifyElementPropertyValueKeyword.groovy:52)
	at com.kms.katalon.core.webservice.keyword.builtin.VerifyElementPropertyValueKeyword$_verifyElementPropertyValue_closure1.call(VerifyElementPropertyValueKeyword.groovy)
	at com.kms.katalon.core.keyword.internal.KeywordMain.runKeyword(KeywordMain.groovy:74)
	at com.kms.katalon.core.webservice.keyword.builtin.VerifyElementPropertyValueKeyword.verifyElementPropertyValue(VerifyElementPropertyValueKeyword.groovy:48)
	at com.kms.katalon.core.webservice.keyword.builtin.VerifyElementPropertyValueKeyword.execute(VerifyElementPropertyValueKeyword.groovy:43)
	at com.kms.katalon.core.keyword.internal.KeywordExecutor.executeKeywordForPlatform(KeywordExecutor.groovy:74)
	at com.kms.katalon.core.webservice.keyword.WSBuiltInKeywords.verifyElementPropertyValue(WSBuiltInKeywords.groovy:175)
	at com.kms.katalon.core.webservice.keyword.WSBuiltInKeywords$verifyElementPropertyValue$0.call(Unknown Source)
	at 1. get token - data order.run(1. get token - data order:554)
	at com.kms.katalon.core.main.ScriptEngine.run(ScriptEngine.java:194)
	at com.kms.katalon.core.main.ScriptEngine.runScriptAsRawText(ScriptEngine.java:119)
	at com.kms.katalon.core.main.TestCaseExecutor.runScript(TestCaseExecutor.java:442)
	at com.kms.katalon.core.main.TestCaseExecutor.doExecute(TestCaseExecutor.java:433)
	at com.kms.katalon.core.main.TestCaseExecutor.processExecutionPhase(TestCaseExecutor.java:412)
	at com.kms.katalon.core.main.TestCaseExecutor.accessMainPhase(TestCaseExecutor.java:404)
	at com.kms.katalon.core.main.TestCaseExecutor.execute(TestCaseExecutor.java:281)
	at com.kms.katalon.core.main.TestSuiteExecutor.accessTestCaseMainPhase(TestSuiteExecutor.java:202)
	at com.kms.katalon.core.main.TestSuiteExecutor.accessTestSuiteMainPhase(TestSuiteExecutor.java:164)
	at com.kms.katalon.core.main.TestSuiteExecutor.execute(TestSuiteExecutor.java:105)
	at com.kms.katalon.core.main.TestCaseMain.startTestSuite(TestCaseMain.java:181)
	at com.kms.katalon.core.main.TestCaseMain$startTestSuite$0.call(Unknown Source)
	at TempTestSuite1648100878643.run(TempTestSuite1648100878643.groovy:36)
)

2022-03-24 12:48:55 - [TEST_STEP][FAILED] - verifyElementPropertyValue(order, "GetDataOrderResponse.ListDataOrder[0].InsuranceData[3].InsuredTo", o_ins_to_3, CONTINUE_ON_FAILURE): Unable to verify element property value (Root cause: java.lang.NullPointerException: Cannot get property 'InsuredTo' on null object
	at Script1.run(Script1.groovy:1)
	at com.kms.katalon.core.webservice.helper.WebServiceCommonHelper.parseAndGetPropertyValueForJson(WebServiceCommonHelper.java:213)
	at com.kms.katalon.core.webservice.keyword.builtin.VerifyElementPropertyValueKeyword$_verifyElementPropertyValue_closure1.doCall(VerifyElementPropertyValueKeyword.groovy:52)
	at com.kms.katalon.core.webservice.keyword.builtin.VerifyElementPropertyValueKeyword$_verifyElementPropertyValue_closure1.call(VerifyElementPropertyValueKeyword.groovy)
	at com.kms.katalon.core.keyword.internal.KeywordMain.runKeyword(KeywordMain.groovy:74)
	at com.kms.katalon.core.webservice.keyword.builtin.VerifyElementPropertyValueKeyword.verifyElementPropertyValue(VerifyElementPropertyValueKeyword.groovy:48)
	at com.kms.katalon.core.webservice.keyword.builtin.VerifyElementPropertyValueKeyword.execute(VerifyElementPropertyValueKeyword.groovy:43)
	at com.kms.katalon.core.keyword.internal.KeywordExecutor.executeKeywordForPlatform(KeywordExecutor.groovy:74)
	at com.kms.katalon.core.webservice.keyword.WSBuiltInKeywords.verifyElementPropertyValue(WSBuiltInKeywords.groovy:175)
	at com.kms.katalon.core.webservice.keyword.WSBuiltInKeywords$verifyElementPropertyValue$0.call(Unknown Source)
	at 1. get token - data order.run(1. get token - data order:557)
	at com.kms.katalon.core.main.ScriptEngine.run(ScriptEngine.java:194)
	at com.kms.katalon.core.main.ScriptEngine.runScriptAsRawText(ScriptEngine.java:119)
	at com.kms.katalon.core.main.TestCaseExecutor.runScript(TestCaseExecutor.java:442)
	at com.kms.katalon.core.main.TestCaseExecutor.doExecute(TestCaseExecutor.java:433)
	at com.kms.katalon.core.main.TestCaseExecutor.processExecutionPhase(TestCaseExecutor.java:412)
	at com.kms.katalon.core.main.TestCaseExecutor.accessMainPhase(TestCaseExecutor.java:404)
	at com.kms.katalon.core.main.TestCaseExecutor.execute(TestCaseExecutor.java:281)
	at com.kms.katalon.core.main.TestSuiteExecutor.accessTestCaseMainPhase(TestSuiteExecutor.java:202)
	at com.kms.katalon.core.main.TestSuiteExecutor.accessTestSuiteMainPhase(TestSuiteExecutor.java:164)
	at com.kms.katalon.core.main.TestSuiteExecutor.execute(TestSuiteExecutor.java:105)
	at com.kms.katalon.core.main.TestCaseMain.startTestSuite(TestCaseMain.java:181)
	at com.kms.katalon.core.main.TestCaseMain$startTestSuite$0.call(Unknown Source)
	at TempTestSuite1648100878643.run(TempTestSuite1648100878643.groovy:36)
)

2022-03-24 12:48:55 - [MESSAGE][FAILED] - Unable to verify element property value (Root cause: java.lang.NullPointerException: Cannot get property 'InsuredTo' on null object
	at Script1.run(Script1.groovy:1)
	at com.kms.katalon.core.webservice.helper.WebServiceCommonHelper.parseAndGetPropertyValueForJson(WebServiceCommonHelper.java:213)
	at com.kms.katalon.core.webservice.keyword.builtin.VerifyElementPropertyValueKeyword$_verifyElementPropertyValue_closure1.doCall(VerifyElementPropertyValueKeyword.groovy:52)
	at com.kms.katalon.core.webservice.keyword.builtin.VerifyElementPropertyValueKeyword$_verifyElementPropertyValue_closure1.call(VerifyElementPropertyValueKeyword.groovy)
	at com.kms.katalon.core.keyword.internal.KeywordMain.runKeyword(KeywordMain.groovy:74)
	at com.kms.katalon.core.webservice.keyword.builtin.VerifyElementPropertyValueKeyword.verifyElementPropertyValue(VerifyElementPropertyValueKeyword.groovy:48)
	at com.kms.katalon.core.webservice.keyword.builtin.VerifyElementPropertyValueKeyword.execute(VerifyElementPropertyValueKeyword.groovy:43)
	at com.kms.katalon.core.keyword.internal.KeywordExecutor.executeKeywordForPlatform(KeywordExecutor.groovy:74)
	at com.kms.katalon.core.webservice.keyword.WSBuiltInKeywords.verifyElementPropertyValue(WSBuiltInKeywords.groovy:175)
	at com.kms.katalon.core.webservice.keyword.WSBuiltInKeywords$verifyElementPropertyValue$0.call(Unknown Source)
	at 1. get token - data order.run(1. get token - data order:557)
	at com.kms.katalon.core.main.ScriptEngine.run(ScriptEngine.java:194)
	at com.kms.katalon.core.main.ScriptEngine.runScriptAsRawText(ScriptEngine.java:119)
	at com.kms.katalon.core.main.TestCaseExecutor.runScript(TestCaseExecutor.java:442)
	at com.kms.katalon.core.main.TestCaseExecutor.doExecute(TestCaseExecutor.java:433)
	at com.kms.katalon.core.main.TestCaseExecutor.processExecutionPhase(TestCaseExecutor.java:412)
	at com.kms.katalon.core.main.TestCaseExecutor.accessMainPhase(TestCaseExecutor.java:404)
	at com.kms.katalon.core.main.TestCaseExecutor.execute(TestCaseExecutor.java:281)
	at com.kms.katalon.core.main.TestSuiteExecutor.accessTestCaseMainPhase(TestSuiteExecutor.java:202)
	at com.kms.katalon.core.main.TestSuiteExecutor.accessTestSuiteMainPhase(TestSuiteExecutor.java:164)
	at com.kms.katalon.core.main.TestSuiteExecutor.execute(TestSuiteExecutor.java:105)
	at com.kms.katalon.core.main.TestCaseMain.startTestSuite(TestCaseMain.java:181)
	at com.kms.katalon.core.main.TestCaseMain$startTestSuite$0.call(Unknown Source)
	at TempTestSuite1648100878643.run(TempTestSuite1648100878643.groovy:36)
)

2022-03-24 12:48:55 - [TEST_STEP][FAILED] - verifyElementPropertyValue(order, "GetDataOrderResponse.ListDataOrder[0].InsuranceData[3].Rate", o_rate_3, CONTINUE_ON_FAILURE): Unable to verify element property value (Root cause: java.lang.NullPointerException: Cannot get property 'Rate' on null object
	at Script1.run(Script1.groovy:1)
	at com.kms.katalon.core.webservice.helper.WebServiceCommonHelper.parseAndGetPropertyValueForJson(WebServiceCommonHelper.java:213)
	at com.kms.katalon.core.webservice.keyword.builtin.VerifyElementPropertyValueKeyword$_verifyElementPropertyValue_closure1.doCall(VerifyElementPropertyValueKeyword.groovy:52)
	at com.kms.katalon.core.webservice.keyword.builtin.VerifyElementPropertyValueKeyword$_verifyElementPropertyValue_closure1.call(VerifyElementPropertyValueKeyword.groovy)
	at com.kms.katalon.core.keyword.internal.KeywordMain.runKeyword(KeywordMain.groovy:74)
	at com.kms.katalon.core.webservice.keyword.builtin.VerifyElementPropertyValueKeyword.verifyElementPropertyValue(VerifyElementPropertyValueKeyword.groovy:48)
	at com.kms.katalon.core.webservice.keyword.builtin.VerifyElementPropertyValueKeyword.execute(VerifyElementPropertyValueKeyword.groovy:43)
	at com.kms.katalon.core.keyword.internal.KeywordExecutor.executeKeywordForPlatform(KeywordExecutor.groovy:74)
	at com.kms.katalon.core.webservice.keyword.WSBuiltInKeywords.verifyElementPropertyValue(WSBuiltInKeywords.groovy:175)
	at com.kms.katalon.core.webservice.keyword.WSBuiltInKeywords$verifyElementPropertyValue$0.call(Unknown Source)
	at 1. get token - data order.run(1. get token - data order:560)
	at com.kms.katalon.core.main.ScriptEngine.run(ScriptEngine.java:194)
	at com.kms.katalon.core.main.ScriptEngine.runScriptAsRawText(ScriptEngine.java:119)
	at com.kms.katalon.core.main.TestCaseExecutor.runScript(TestCaseExecutor.java:442)
	at com.kms.katalon.core.main.TestCaseExecutor.doExecute(TestCaseExecutor.java:433)
	at com.kms.katalon.core.main.TestCaseExecutor.processExecutionPhase(TestCaseExecutor.java:412)
	at com.kms.katalon.core.main.TestCaseExecutor.accessMainPhase(TestCaseExecutor.java:404)
	at com.kms.katalon.core.main.TestCaseExecutor.execute(TestCaseExecutor.java:281)
	at com.kms.katalon.core.main.TestSuiteExecutor.accessTestCaseMainPhase(TestSuiteExecutor.java:202)
	at com.kms.katalon.core.main.TestSuiteExecutor.accessTestSuiteMainPhase(TestSuiteExecutor.java:164)
	at com.kms.katalon.core.main.TestSuiteExecutor.execute(TestSuiteExecutor.java:105)
	at com.kms.katalon.core.main.TestCaseMain.startTestSuite(TestCaseMain.java:181)
	at com.kms.katalon.core.main.TestCaseMain$startTestSuite$0.call(Unknown Source)
	at TempTestSuite1648100878643.run(TempTestSuite1648100878643.groovy:36)
)

2022-03-24 12:48:55 - [MESSAGE][FAILED] - Unable to verify element property value (Root cause: java.lang.NullPointerException: Cannot get property 'Rate' on null object
	at Script1.run(Script1.groovy:1)
	at com.kms.katalon.core.webservice.helper.WebServiceCommonHelper.parseAndGetPropertyValueForJson(WebServiceCommonHelper.java:213)
	at com.kms.katalon.core.webservice.keyword.builtin.VerifyElementPropertyValueKeyword$_verifyElementPropertyValue_closure1.doCall(VerifyElementPropertyValueKeyword.groovy:52)
	at com.kms.katalon.core.webservice.keyword.builtin.VerifyElementPropertyValueKeyword$_verifyElementPropertyValue_closure1.call(VerifyElementPropertyValueKeyword.groovy)
	at com.kms.katalon.core.keyword.internal.KeywordMain.runKeyword(KeywordMain.groovy:74)
	at com.kms.katalon.core.webservice.keyword.builtin.VerifyElementPropertyValueKeyword.verifyElementPropertyValue(VerifyElementPropertyValueKeyword.groovy:48)
	at com.kms.katalon.core.webservice.keyword.builtin.VerifyElementPropertyValueKeyword.execute(VerifyElementPropertyValueKeyword.groovy:43)
	at com.kms.katalon.core.keyword.internal.KeywordExecutor.executeKeywordForPlatform(KeywordExecutor.groovy:74)
	at com.kms.katalon.core.webservice.keyword.WSBuiltInKeywords.verifyElementPropertyValue(WSBuiltInKeywords.groovy:175)
	at com.kms.katalon.core.webservice.keyword.WSBuiltInKeywords$verifyElementPropertyValue$0.call(Unknown Source)
	at 1. get token - data order.run(1. get token - data order:560)
	at com.kms.katalon.core.main.ScriptEngine.run(ScriptEngine.java:194)
	at com.kms.katalon.core.main.ScriptEngine.runScriptAsRawText(ScriptEngine.java:119)
	at com.kms.katalon.core.main.TestCaseExecutor.runScript(TestCaseExecutor.java:442)
	at com.kms.katalon.core.main.TestCaseExecutor.doExecute(TestCaseExecutor.java:433)
	at com.kms.katalon.core.main.TestCaseExecutor.processExecutionPhase(TestCaseExecutor.java:412)
	at com.kms.katalon.core.main.TestCaseExecutor.accessMainPhase(TestCaseExecutor.java:404)
	at com.kms.katalon.core.main.TestCaseExecutor.execute(TestCaseExecutor.java:281)
	at com.kms.katalon.core.main.TestSuiteExecutor.accessTestCaseMainPhase(TestSuiteExecutor.java:202)
	at com.kms.katalon.core.main.TestSuiteExecutor.accessTestSuiteMainPhase(TestSuiteExecutor.java:164)
	at com.kms.katalon.core.main.TestSuiteExecutor.execute(TestSuiteExecutor.java:105)
	at com.kms.katalon.core.main.TestCaseMain.startTestSuite(TestCaseMain.java:181)
	at com.kms.katalon.core.main.TestCaseMain$startTestSuite$0.call(Unknown Source)
	at TempTestSuite1648100878643.run(TempTestSuite1648100878643.groovy:36)
)

2022-03-24 12:48:55 - [TEST_STEP][FAILED] - verifyElementPropertyValue(order, "GetDataOrderResponse.ListDataOrder[0].InsuranceData[3].GrossPremi", o_gross_premi_3, CONTINUE_ON_FAILURE): Unable to verify element property value (Root cause: java.lang.NullPointerException: Cannot get property 'GrossPremi' on null object
	at Script1.run(Script1.groovy:1)
	at com.kms.katalon.core.webservice.helper.WebServiceCommonHelper.parseAndGetPropertyValueForJson(WebServiceCommonHelper.java:213)
	at com.kms.katalon.core.webservice.keyword.builtin.VerifyElementPropertyValueKeyword$_verifyElementPropertyValue_closure1.doCall(VerifyElementPropertyValueKeyword.groovy:52)
	at com.kms.katalon.core.webservice.keyword.builtin.VerifyElementPropertyValueKeyword$_verifyElementPropertyValue_closure1.call(VerifyElementPropertyValueKeyword.groovy)
	at com.kms.katalon.core.keyword.internal.KeywordMain.runKeyword(KeywordMain.groovy:74)
	at com.kms.katalon.core.webservice.keyword.builtin.VerifyElementPropertyValueKeyword.verifyElementPropertyValue(VerifyElementPropertyValueKeyword.groovy:48)
	at com.kms.katalon.core.webservice.keyword.builtin.VerifyElementPropertyValueKeyword.execute(VerifyElementPropertyValueKeyword.groovy:43)
	at com.kms.katalon.core.keyword.internal.KeywordExecutor.executeKeywordForPlatform(KeywordExecutor.groovy:74)
	at com.kms.katalon.core.webservice.keyword.WSBuiltInKeywords.verifyElementPropertyValue(WSBuiltInKeywords.groovy:175)
	at com.kms.katalon.core.webservice.keyword.WSBuiltInKeywords$verifyElementPropertyValue$0.call(Unknown Source)
	at 1. get token - data order.run(1. get token - data order:562)
	at com.kms.katalon.core.main.ScriptEngine.run(ScriptEngine.java:194)
	at com.kms.katalon.core.main.ScriptEngine.runScriptAsRawText(ScriptEngine.java:119)
	at com.kms.katalon.core.main.TestCaseExecutor.runScript(TestCaseExecutor.java:442)
	at com.kms.katalon.core.main.TestCaseExecutor.doExecute(TestCaseExecutor.java:433)
	at com.kms.katalon.core.main.TestCaseExecutor.processExecutionPhase(TestCaseExecutor.java:412)
	at com.kms.katalon.core.main.TestCaseExecutor.accessMainPhase(TestCaseExecutor.java:404)
	at com.kms.katalon.core.main.TestCaseExecutor.execute(TestCaseExecutor.java:281)
	at com.kms.katalon.core.main.TestSuiteExecutor.accessTestCaseMainPhase(TestSuiteExecutor.java:202)
	at com.kms.katalon.core.main.TestSuiteExecutor.accessTestSuiteMainPhase(TestSuiteExecutor.java:164)
	at com.kms.katalon.core.main.TestSuiteExecutor.execute(TestSuiteExecutor.java:105)
	at com.kms.katalon.core.main.TestCaseMain.startTestSuite(TestCaseMain.java:181)
	at com.kms.katalon.core.main.TestCaseMain$startTestSuite$0.call(Unknown Source)
	at TempTestSuite1648100878643.run(TempTestSuite1648100878643.groovy:36)
)

2022-03-24 12:48:55 - [MESSAGE][FAILED] - Unable to verify element property value (Root cause: java.lang.NullPointerException: Cannot get property 'GrossPremi' on null object
	at Script1.run(Script1.groovy:1)
	at com.kms.katalon.core.webservice.helper.WebServiceCommonHelper.parseAndGetPropertyValueForJson(WebServiceCommonHelper.java:213)
	at com.kms.katalon.core.webservice.keyword.builtin.VerifyElementPropertyValueKeyword$_verifyElementPropertyValue_closure1.doCall(VerifyElementPropertyValueKeyword.groovy:52)
	at com.kms.katalon.core.webservice.keyword.builtin.VerifyElementPropertyValueKeyword$_verifyElementPropertyValue_closure1.call(VerifyElementPropertyValueKeyword.groovy)
	at com.kms.katalon.core.keyword.internal.KeywordMain.runKeyword(KeywordMain.groovy:74)
	at com.kms.katalon.core.webservice.keyword.builtin.VerifyElementPropertyValueKeyword.verifyElementPropertyValue(VerifyElementPropertyValueKeyword.groovy:48)
	at com.kms.katalon.core.webservice.keyword.builtin.VerifyElementPropertyValueKeyword.execute(VerifyElementPropertyValueKeyword.groovy:43)
	at com.kms.katalon.core.keyword.internal.KeywordExecutor.executeKeywordForPlatform(KeywordExecutor.groovy:74)
	at com.kms.katalon.core.webservice.keyword.WSBuiltInKeywords.verifyElementPropertyValue(WSBuiltInKeywords.groovy:175)
	at com.kms.katalon.core.webservice.keyword.WSBuiltInKeywords$verifyElementPropertyValue$0.call(Unknown Source)
	at 1. get token - data order.run(1. get token - data order:562)
	at com.kms.katalon.core.main.ScriptEngine.run(ScriptEngine.java:194)
	at com.kms.katalon.core.main.ScriptEngine.runScriptAsRawText(ScriptEngine.java:119)
	at com.kms.katalon.core.main.TestCaseExecutor.runScript(TestCaseExecutor.java:442)
	at com.kms.katalon.core.main.TestCaseExecutor.doExecute(TestCaseExecutor.java:433)
	at com.kms.katalon.core.main.TestCaseExecutor.processExecutionPhase(TestCaseExecutor.java:412)
	at com.kms.katalon.core.main.TestCaseExecutor.accessMainPhase(TestCaseExecutor.java:404)
	at com.kms.katalon.core.main.TestCaseExecutor.execute(TestCaseExecutor.java:281)
	at com.kms.katalon.core.main.TestSuiteExecutor.accessTestCaseMainPhase(TestSuiteExecutor.java:202)
	at com.kms.katalon.core.main.TestSuiteExecutor.accessTestSuiteMainPhase(TestSuiteExecutor.java:164)
	at com.kms.katalon.core.main.TestSuiteExecutor.execute(TestSuiteExecutor.java:105)
	at com.kms.katalon.core.main.TestCaseMain.startTestSuite(TestCaseMain.java:181)
	at com.kms.katalon.core.main.TestCaseMain$startTestSuite$0.call(Unknown Source)
	at TempTestSuite1648100878643.run(TempTestSuite1648100878643.groovy:36)
)

2022-03-24 12:48:55 - [TEST_STEP][FAILED] - verifyElementPropertyValue(order, "GetDataOrderResponse.ListDataOrder[0].InsuranceData[3].Discount", o_discount_3, CONTINUE_ON_FAILURE): Unable to verify element property value (Root cause: java.lang.NullPointerException: Cannot get property 'Discount' on null object
	at Script1.run(Script1.groovy:1)
	at com.kms.katalon.core.webservice.helper.WebServiceCommonHelper.parseAndGetPropertyValueForJson(WebServiceCommonHelper.java:213)
	at com.kms.katalon.core.webservice.keyword.builtin.VerifyElementPropertyValueKeyword$_verifyElementPropertyValue_closure1.doCall(VerifyElementPropertyValueKeyword.groovy:52)
	at com.kms.katalon.core.webservice.keyword.builtin.VerifyElementPropertyValueKeyword$_verifyElementPropertyValue_closure1.call(VerifyElementPropertyValueKeyword.groovy)
	at com.kms.katalon.core.keyword.internal.KeywordMain.runKeyword(KeywordMain.groovy:74)
	at com.kms.katalon.core.webservice.keyword.builtin.VerifyElementPropertyValueKeyword.verifyElementPropertyValue(VerifyElementPropertyValueKeyword.groovy:48)
	at com.kms.katalon.core.webservice.keyword.builtin.VerifyElementPropertyValueKeyword.execute(VerifyElementPropertyValueKeyword.groovy:43)
	at com.kms.katalon.core.keyword.internal.KeywordExecutor.executeKeywordForPlatform(KeywordExecutor.groovy:74)
	at com.kms.katalon.core.webservice.keyword.WSBuiltInKeywords.verifyElementPropertyValue(WSBuiltInKeywords.groovy:175)
	at com.kms.katalon.core.webservice.keyword.WSBuiltInKeywords$verifyElementPropertyValue$0.call(Unknown Source)
	at 1. get token - data order.run(1. get token - data order:565)
	at com.kms.katalon.core.main.ScriptEngine.run(ScriptEngine.java:194)
	at com.kms.katalon.core.main.ScriptEngine.runScriptAsRawText(ScriptEngine.java:119)
	at com.kms.katalon.core.main.TestCaseExecutor.runScript(TestCaseExecutor.java:442)
	at com.kms.katalon.core.main.TestCaseExecutor.doExecute(TestCaseExecutor.java:433)
	at com.kms.katalon.core.main.TestCaseExecutor.processExecutionPhase(TestCaseExecutor.java:412)
	at com.kms.katalon.core.main.TestCaseExecutor.accessMainPhase(TestCaseExecutor.java:404)
	at com.kms.katalon.core.main.TestCaseExecutor.execute(TestCaseExecutor.java:281)
	at com.kms.katalon.core.main.TestSuiteExecutor.accessTestCaseMainPhase(TestSuiteExecutor.java:202)
	at com.kms.katalon.core.main.TestSuiteExecutor.accessTestSuiteMainPhase(TestSuiteExecutor.java:164)
	at com.kms.katalon.core.main.TestSuiteExecutor.execute(TestSuiteExecutor.java:105)
	at com.kms.katalon.core.main.TestCaseMain.startTestSuite(TestCaseMain.java:181)
	at com.kms.katalon.core.main.TestCaseMain$startTestSuite$0.call(Unknown Source)
	at TempTestSuite1648100878643.run(TempTestSuite1648100878643.groovy:36)
)

2022-03-24 12:48:55 - [MESSAGE][FAILED] - Unable to verify element property value (Root cause: java.lang.NullPointerException: Cannot get property 'Discount' on null object
	at Script1.run(Script1.groovy:1)
	at com.kms.katalon.core.webservice.helper.WebServiceCommonHelper.parseAndGetPropertyValueForJson(WebServiceCommonHelper.java:213)
	at com.kms.katalon.core.webservice.keyword.builtin.VerifyElementPropertyValueKeyword$_verifyElementPropertyValue_closure1.doCall(VerifyElementPropertyValueKeyword.groovy:52)
	at com.kms.katalon.core.webservice.keyword.builtin.VerifyElementPropertyValueKeyword$_verifyElementPropertyValue_closure1.call(VerifyElementPropertyValueKeyword.groovy)
	at com.kms.katalon.core.keyword.internal.KeywordMain.runKeyword(KeywordMain.groovy:74)
	at com.kms.katalon.core.webservice.keyword.builtin.VerifyElementPropertyValueKeyword.verifyElementPropertyValue(VerifyElementPropertyValueKeyword.groovy:48)
	at com.kms.katalon.core.webservice.keyword.builtin.VerifyElementPropertyValueKeyword.execute(VerifyElementPropertyValueKeyword.groovy:43)
	at com.kms.katalon.core.keyword.internal.KeywordExecutor.executeKeywordForPlatform(KeywordExecutor.groovy:74)
	at com.kms.katalon.core.webservice.keyword.WSBuiltInKeywords.verifyElementPropertyValue(WSBuiltInKeywords.groovy:175)
	at com.kms.katalon.core.webservice.keyword.WSBuiltInKeywords$verifyElementPropertyValue$0.call(Unknown Source)
	at 1. get token - data order.run(1. get token - data order:565)
	at com.kms.katalon.core.main.ScriptEngine.run(ScriptEngine.java:194)
	at com.kms.katalon.core.main.ScriptEngine.runScriptAsRawText(ScriptEngine.java:119)
	at com.kms.katalon.core.main.TestCaseExecutor.runScript(TestCaseExecutor.java:442)
	at com.kms.katalon.core.main.TestCaseExecutor.doExecute(TestCaseExecutor.java:433)
	at com.kms.katalon.core.main.TestCaseExecutor.processExecutionPhase(TestCaseExecutor.java:412)
	at com.kms.katalon.core.main.TestCaseExecutor.accessMainPhase(TestCaseExecutor.java:404)
	at com.kms.katalon.core.main.TestCaseExecutor.execute(TestCaseExecutor.java:281)
	at com.kms.katalon.core.main.TestSuiteExecutor.accessTestCaseMainPhase(TestSuiteExecutor.java:202)
	at com.kms.katalon.core.main.TestSuiteExecutor.accessTestSuiteMainPhase(TestSuiteExecutor.java:164)
	at com.kms.katalon.core.main.TestSuiteExecutor.execute(TestSuiteExecutor.java:105)
	at com.kms.katalon.core.main.TestCaseMain.startTestSuite(TestCaseMain.java:181)
	at com.kms.katalon.core.main.TestCaseMain$startTestSuite$0.call(Unknown Source)
	at TempTestSuite1648100878643.run(TempTestSuite1648100878643.groovy:36)
)

2022-03-24 12:48:55 - [TEST_STEP][FAILED] - verifyElementPropertyValue(order, "GetDataOrderResponse.ListDataOrder[0].InsuranceData[3].Adm", o_adm_3, CONTINUE_ON_FAILURE): Unable to verify element property value (Root cause: java.lang.NullPointerException: Cannot get property 'Adm' on null object
	at Script1.run(Script1.groovy:1)
	at com.kms.katalon.core.webservice.helper.WebServiceCommonHelper.parseAndGetPropertyValueForJson(WebServiceCommonHelper.java:213)
	at com.kms.katalon.core.webservice.keyword.builtin.VerifyElementPropertyValueKeyword$_verifyElementPropertyValue_closure1.doCall(VerifyElementPropertyValueKeyword.groovy:52)
	at com.kms.katalon.core.webservice.keyword.builtin.VerifyElementPropertyValueKeyword$_verifyElementPropertyValue_closure1.call(VerifyElementPropertyValueKeyword.groovy)
	at com.kms.katalon.core.keyword.internal.KeywordMain.runKeyword(KeywordMain.groovy:74)
	at com.kms.katalon.core.webservice.keyword.builtin.VerifyElementPropertyValueKeyword.verifyElementPropertyValue(VerifyElementPropertyValueKeyword.groovy:48)
	at com.kms.katalon.core.webservice.keyword.builtin.VerifyElementPropertyValueKeyword.execute(VerifyElementPropertyValueKeyword.groovy:43)
	at com.kms.katalon.core.keyword.internal.KeywordExecutor.executeKeywordForPlatform(KeywordExecutor.groovy:74)
	at com.kms.katalon.core.webservice.keyword.WSBuiltInKeywords.verifyElementPropertyValue(WSBuiltInKeywords.groovy:175)
	at com.kms.katalon.core.webservice.keyword.WSBuiltInKeywords$verifyElementPropertyValue$0.call(Unknown Source)
	at 1. get token - data order.run(1. get token - data order:568)
	at com.kms.katalon.core.main.ScriptEngine.run(ScriptEngine.java:194)
	at com.kms.katalon.core.main.ScriptEngine.runScriptAsRawText(ScriptEngine.java:119)
	at com.kms.katalon.core.main.TestCaseExecutor.runScript(TestCaseExecutor.java:442)
	at com.kms.katalon.core.main.TestCaseExecutor.doExecute(TestCaseExecutor.java:433)
	at com.kms.katalon.core.main.TestCaseExecutor.processExecutionPhase(TestCaseExecutor.java:412)
	at com.kms.katalon.core.main.TestCaseExecutor.accessMainPhase(TestCaseExecutor.java:404)
	at com.kms.katalon.core.main.TestCaseExecutor.execute(TestCaseExecutor.java:281)
	at com.kms.katalon.core.main.TestSuiteExecutor.accessTestCaseMainPhase(TestSuiteExecutor.java:202)
	at com.kms.katalon.core.main.TestSuiteExecutor.accessTestSuiteMainPhase(TestSuiteExecutor.java:164)
	at com.kms.katalon.core.main.TestSuiteExecutor.execute(TestSuiteExecutor.java:105)
	at com.kms.katalon.core.main.TestCaseMain.startTestSuite(TestCaseMain.java:181)
	at com.kms.katalon.core.main.TestCaseMain$startTestSuite$0.call(Unknown Source)
	at TempTestSuite1648100878643.run(TempTestSuite1648100878643.groovy:36)
)

2022-03-24 12:48:55 - [MESSAGE][FAILED] - Unable to verify element property value (Root cause: java.lang.NullPointerException: Cannot get property 'Adm' on null object
	at Script1.run(Script1.groovy:1)
	at com.kms.katalon.core.webservice.helper.WebServiceCommonHelper.parseAndGetPropertyValueForJson(WebServiceCommonHelper.java:213)
	at com.kms.katalon.core.webservice.keyword.builtin.VerifyElementPropertyValueKeyword$_verifyElementPropertyValue_closure1.doCall(VerifyElementPropertyValueKeyword.groovy:52)
	at com.kms.katalon.core.webservice.keyword.builtin.VerifyElementPropertyValueKeyword$_verifyElementPropertyValue_closure1.call(VerifyElementPropertyValueKeyword.groovy)
	at com.kms.katalon.core.keyword.internal.KeywordMain.runKeyword(KeywordMain.groovy:74)
	at com.kms.katalon.core.webservice.keyword.builtin.VerifyElementPropertyValueKeyword.verifyElementPropertyValue(VerifyElementPropertyValueKeyword.groovy:48)
	at com.kms.katalon.core.webservice.keyword.builtin.VerifyElementPropertyValueKeyword.execute(VerifyElementPropertyValueKeyword.groovy:43)
	at com.kms.katalon.core.keyword.internal.KeywordExecutor.executeKeywordForPlatform(KeywordExecutor.groovy:74)
	at com.kms.katalon.core.webservice.keyword.WSBuiltInKeywords.verifyElementPropertyValue(WSBuiltInKeywords.groovy:175)
	at com.kms.katalon.core.webservice.keyword.WSBuiltInKeywords$verifyElementPropertyValue$0.call(Unknown Source)
	at 1. get token - data order.run(1. get token - data order:568)
	at com.kms.katalon.core.main.ScriptEngine.run(ScriptEngine.java:194)
	at com.kms.katalon.core.main.ScriptEngine.runScriptAsRawText(ScriptEngine.java:119)
	at com.kms.katalon.core.main.TestCaseExecutor.runScript(TestCaseExecutor.java:442)
	at com.kms.katalon.core.main.TestCaseExecutor.doExecute(TestCaseExecutor.java:433)
	at com.kms.katalon.core.main.TestCaseExecutor.processExecutionPhase(TestCaseExecutor.java:412)
	at com.kms.katalon.core.main.TestCaseExecutor.accessMainPhase(TestCaseExecutor.java:404)
	at com.kms.katalon.core.main.TestCaseExecutor.execute(TestCaseExecutor.java:281)
	at com.kms.katalon.core.main.TestSuiteExecutor.accessTestCaseMainPhase(TestSuiteExecutor.java:202)
	at com.kms.katalon.core.main.TestSuiteExecutor.accessTestSuiteMainPhase(TestSuiteExecutor.java:164)
	at com.kms.katalon.core.main.TestSuiteExecutor.execute(TestSuiteExecutor.java:105)
	at com.kms.katalon.core.main.TestCaseMain.startTestSuite(TestCaseMain.java:181)
	at com.kms.katalon.core.main.TestCaseMain$startTestSuite$0.call(Unknown Source)
	at TempTestSuite1648100878643.run(TempTestSuite1648100878643.groovy:36)
)

2022-03-24 12:48:55 - [TEST_STEP][FAILED] - verifyElementPropertyValue(order, "GetDataOrderResponse.ListDataOrder[0].InsuranceData[3].NetPremi", o_netpremi_3, CONTINUE_ON_FAILURE): Unable to verify element property value (Root cause: java.lang.NullPointerException: Cannot get property 'NetPremi' on null object
	at Script1.run(Script1.groovy:1)
	at com.kms.katalon.core.webservice.helper.WebServiceCommonHelper.parseAndGetPropertyValueForJson(WebServiceCommonHelper.java:213)
	at com.kms.katalon.core.webservice.keyword.builtin.VerifyElementPropertyValueKeyword$_verifyElementPropertyValue_closure1.doCall(VerifyElementPropertyValueKeyword.groovy:52)
	at com.kms.katalon.core.webservice.keyword.builtin.VerifyElementPropertyValueKeyword$_verifyElementPropertyValue_closure1.call(VerifyElementPropertyValueKeyword.groovy)
	at com.kms.katalon.core.keyword.internal.KeywordMain.runKeyword(KeywordMain.groovy:74)
	at com.kms.katalon.core.webservice.keyword.builtin.VerifyElementPropertyValueKeyword.verifyElementPropertyValue(VerifyElementPropertyValueKeyword.groovy:48)
	at com.kms.katalon.core.webservice.keyword.builtin.VerifyElementPropertyValueKeyword.execute(VerifyElementPropertyValueKeyword.groovy:43)
	at com.kms.katalon.core.keyword.internal.KeywordExecutor.executeKeywordForPlatform(KeywordExecutor.groovy:74)
	at com.kms.katalon.core.webservice.keyword.WSBuiltInKeywords.verifyElementPropertyValue(WSBuiltInKeywords.groovy:175)
	at com.kms.katalon.core.webservice.keyword.WSBuiltInKeywords$verifyElementPropertyValue$0.call(Unknown Source)
	at 1. get token - data order.run(1. get token - data order:570)
	at com.kms.katalon.core.main.ScriptEngine.run(ScriptEngine.java:194)
	at com.kms.katalon.core.main.ScriptEngine.runScriptAsRawText(ScriptEngine.java:119)
	at com.kms.katalon.core.main.TestCaseExecutor.runScript(TestCaseExecutor.java:442)
	at com.kms.katalon.core.main.TestCaseExecutor.doExecute(TestCaseExecutor.java:433)
	at com.kms.katalon.core.main.TestCaseExecutor.processExecutionPhase(TestCaseExecutor.java:412)
	at com.kms.katalon.core.main.TestCaseExecutor.accessMainPhase(TestCaseExecutor.java:404)
	at com.kms.katalon.core.main.TestCaseExecutor.execute(TestCaseExecutor.java:281)
	at com.kms.katalon.core.main.TestSuiteExecutor.accessTestCaseMainPhase(TestSuiteExecutor.java:202)
	at com.kms.katalon.core.main.TestSuiteExecutor.accessTestSuiteMainPhase(TestSuiteExecutor.java:164)
	at com.kms.katalon.core.main.TestSuiteExecutor.execute(TestSuiteExecutor.java:105)
	at com.kms.katalon.core.main.TestCaseMain.startTestSuite(TestCaseMain.java:181)
	at com.kms.katalon.core.main.TestCaseMain$startTestSuite$0.call(Unknown Source)
	at TempTestSuite1648100878643.run(TempTestSuite1648100878643.groovy:36)
)

2022-03-24 12:48:55 - [MESSAGE][FAILED] - Unable to verify element property value (Root cause: java.lang.NullPointerException: Cannot get property 'NetPremi' on null object
	at Script1.run(Script1.groovy:1)
	at com.kms.katalon.core.webservice.helper.WebServiceCommonHelper.parseAndGetPropertyValueForJson(WebServiceCommonHelper.java:213)
	at com.kms.katalon.core.webservice.keyword.builtin.VerifyElementPropertyValueKeyword$_verifyElementPropertyValue_closure1.doCall(VerifyElementPropertyValueKeyword.groovy:52)
	at com.kms.katalon.core.webservice.keyword.builtin.VerifyElementPropertyValueKeyword$_verifyElementPropertyValue_closure1.call(VerifyElementPropertyValueKeyword.groovy)
	at com.kms.katalon.core.keyword.internal.KeywordMain.runKeyword(KeywordMain.groovy:74)
	at com.kms.katalon.core.webservice.keyword.builtin.VerifyElementPropertyValueKeyword.verifyElementPropertyValue(VerifyElementPropertyValueKeyword.groovy:48)
	at com.kms.katalon.core.webservice.keyword.builtin.VerifyElementPropertyValueKeyword.execute(VerifyElementPropertyValueKeyword.groovy:43)
	at com.kms.katalon.core.keyword.internal.KeywordExecutor.executeKeywordForPlatform(KeywordExecutor.groovy:74)
	at com.kms.katalon.core.webservice.keyword.WSBuiltInKeywords.verifyElementPropertyValue(WSBuiltInKeywords.groovy:175)
	at com.kms.katalon.core.webservice.keyword.WSBuiltInKeywords$verifyElementPropertyValue$0.call(Unknown Source)
	at 1. get token - data order.run(1. get token - data order:570)
	at com.kms.katalon.core.main.ScriptEngine.run(ScriptEngine.java:194)
	at com.kms.katalon.core.main.ScriptEngine.runScriptAsRawText(ScriptEngine.java:119)
	at com.kms.katalon.core.main.TestCaseExecutor.runScript(TestCaseExecutor.java:442)
	at com.kms.katalon.core.main.TestCaseExecutor.doExecute(TestCaseExecutor.java:433)
	at com.kms.katalon.core.main.TestCaseExecutor.processExecutionPhase(TestCaseExecutor.java:412)
	at com.kms.katalon.core.main.TestCaseExecutor.accessMainPhase(TestCaseExecutor.java:404)
	at com.kms.katalon.core.main.TestCaseExecutor.execute(TestCaseExecutor.java:281)
	at com.kms.katalon.core.main.TestSuiteExecutor.accessTestCaseMainPhase(TestSuiteExecutor.java:202)
	at com.kms.katalon.core.main.TestSuiteExecutor.accessTestSuiteMainPhase(TestSuiteExecutor.java:164)
	at com.kms.katalon.core.main.TestSuiteExecutor.execute(TestSuiteExecutor.java:105)
	at com.kms.katalon.core.main.TestCaseMain.startTestSuite(TestCaseMain.java:181)
	at com.kms.katalon.core.main.TestCaseMain$startTestSuite$0.call(Unknown Source)
	at TempTestSuite1648100878643.run(TempTestSuite1648100878643.groovy:36)
)

2022-03-24 12:48:55 - [TEST_STEP][FAILED] - verifyElementPropertyValue(order, "GetDataOrderResponse.ListDataOrder[0].InsuranceData[3].PerluasanJaminan.TJH", o_tjh_val_3, CONTINUE_ON_FAILURE): Unable to verify element property value (Root cause: java.lang.NullPointerException: Cannot get property 'PerluasanJaminan' on null object
	at Script1.run(Script1.groovy:1)
	at com.kms.katalon.core.webservice.helper.WebServiceCommonHelper.parseAndGetPropertyValueForJson(WebServiceCommonHelper.java:213)
	at com.kms.katalon.core.webservice.keyword.builtin.VerifyElementPropertyValueKeyword$_verifyElementPropertyValue_closure1.doCall(VerifyElementPropertyValueKeyword.groovy:52)
	at com.kms.katalon.core.webservice.keyword.builtin.VerifyElementPropertyValueKeyword$_verifyElementPropertyValue_closure1.call(VerifyElementPropertyValueKeyword.groovy)
	at com.kms.katalon.core.keyword.internal.KeywordMain.runKeyword(KeywordMain.groovy:74)
	at com.kms.katalon.core.webservice.keyword.builtin.VerifyElementPropertyValueKeyword.verifyElementPropertyValue(VerifyElementPropertyValueKeyword.groovy:48)
	at com.kms.katalon.core.webservice.keyword.builtin.VerifyElementPropertyValueKeyword.execute(VerifyElementPropertyValueKeyword.groovy:43)
	at com.kms.katalon.core.keyword.internal.KeywordExecutor.executeKeywordForPlatform(KeywordExecutor.groovy:74)
	at com.kms.katalon.core.webservice.keyword.WSBuiltInKeywords.verifyElementPropertyValue(WSBuiltInKeywords.groovy:175)
	at com.kms.katalon.core.webservice.keyword.WSBuiltInKeywords$verifyElementPropertyValue$0.call(Unknown Source)
	at 1. get token - data order.run(1. get token - data order:573)
	at com.kms.katalon.core.main.ScriptEngine.run(ScriptEngine.java:194)
	at com.kms.katalon.core.main.ScriptEngine.runScriptAsRawText(ScriptEngine.java:119)
	at com.kms.katalon.core.main.TestCaseExecutor.runScript(TestCaseExecutor.java:442)
	at com.kms.katalon.core.main.TestCaseExecutor.doExecute(TestCaseExecutor.java:433)
	at com.kms.katalon.core.main.TestCaseExecutor.processExecutionPhase(TestCaseExecutor.java:412)
	at com.kms.katalon.core.main.TestCaseExecutor.accessMainPhase(TestCaseExecutor.java:404)
	at com.kms.katalon.core.main.TestCaseExecutor.execute(TestCaseExecutor.java:281)
	at com.kms.katalon.core.main.TestSuiteExecutor.accessTestCaseMainPhase(TestSuiteExecutor.java:202)
	at com.kms.katalon.core.main.TestSuiteExecutor.accessTestSuiteMainPhase(TestSuiteExecutor.java:164)
	at com.kms.katalon.core.main.TestSuiteExecutor.execute(TestSuiteExecutor.java:105)
	at com.kms.katalon.core.main.TestCaseMain.startTestSuite(TestCaseMain.java:181)
	at com.kms.katalon.core.main.TestCaseMain$startTestSuite$0.call(Unknown Source)
	at TempTestSuite1648100878643.run(TempTestSuite1648100878643.groovy:36)
)

2022-03-24 12:48:55 - [MESSAGE][FAILED] - Unable to verify element property value (Root cause: java.lang.NullPointerException: Cannot get property 'PerluasanJaminan' on null object
	at Script1.run(Script1.groovy:1)
	at com.kms.katalon.core.webservice.helper.WebServiceCommonHelper.parseAndGetPropertyValueForJson(WebServiceCommonHelper.java:213)
	at com.kms.katalon.core.webservice.keyword.builtin.VerifyElementPropertyValueKeyword$_verifyElementPropertyValue_closure1.doCall(VerifyElementPropertyValueKeyword.groovy:52)
	at com.kms.katalon.core.webservice.keyword.builtin.VerifyElementPropertyValueKeyword$_verifyElementPropertyValue_closure1.call(VerifyElementPropertyValueKeyword.groovy)
	at com.kms.katalon.core.keyword.internal.KeywordMain.runKeyword(KeywordMain.groovy:74)
	at com.kms.katalon.core.webservice.keyword.builtin.VerifyElementPropertyValueKeyword.verifyElementPropertyValue(VerifyElementPropertyValueKeyword.groovy:48)
	at com.kms.katalon.core.webservice.keyword.builtin.VerifyElementPropertyValueKeyword.execute(VerifyElementPropertyValueKeyword.groovy:43)
	at com.kms.katalon.core.keyword.internal.KeywordExecutor.executeKeywordForPlatform(KeywordExecutor.groovy:74)
	at com.kms.katalon.core.webservice.keyword.WSBuiltInKeywords.verifyElementPropertyValue(WSBuiltInKeywords.groovy:175)
	at com.kms.katalon.core.webservice.keyword.WSBuiltInKeywords$verifyElementPropertyValue$0.call(Unknown Source)
	at 1. get token - data order.run(1. get token - data order:573)
	at com.kms.katalon.core.main.ScriptEngine.run(ScriptEngine.java:194)
	at com.kms.katalon.core.main.ScriptEngine.runScriptAsRawText(ScriptEngine.java:119)
	at com.kms.katalon.core.main.TestCaseExecutor.runScript(TestCaseExecutor.java:442)
	at com.kms.katalon.core.main.TestCaseExecutor.doExecute(TestCaseExecutor.java:433)
	at com.kms.katalon.core.main.TestCaseExecutor.processExecutionPhase(TestCaseExecutor.java:412)
	at com.kms.katalon.core.main.TestCaseExecutor.accessMainPhase(TestCaseExecutor.java:404)
	at com.kms.katalon.core.main.TestCaseExecutor.execute(TestCaseExecutor.java:281)
	at com.kms.katalon.core.main.TestSuiteExecutor.accessTestCaseMainPhase(TestSuiteExecutor.java:202)
	at com.kms.katalon.core.main.TestSuiteExecutor.accessTestSuiteMainPhase(TestSuiteExecutor.java:164)
	at com.kms.katalon.core.main.TestSuiteExecutor.execute(TestSuiteExecutor.java:105)
	at com.kms.katalon.core.main.TestCaseMain.startTestSuite(TestCaseMain.java:181)
	at com.kms.katalon.core.main.TestCaseMain$startTestSuite$0.call(Unknown Source)
	at TempTestSuite1648100878643.run(TempTestSuite1648100878643.groovy:36)
)

2022-03-24 12:48:55 - [TEST_STEP][FAILED] - verifyElementPropertyValue(order, "GetDataOrderResponse.ListDataOrder[0].InsuranceData[3].PerluasanJaminan.RSCC", o_rscc_val_3, CONTINUE_ON_FAILURE): Unable to verify element property value (Root cause: java.lang.NullPointerException: Cannot get property 'PerluasanJaminan' on null object
	at Script1.run(Script1.groovy:1)
	at com.kms.katalon.core.webservice.helper.WebServiceCommonHelper.parseAndGetPropertyValueForJson(WebServiceCommonHelper.java:213)
	at com.kms.katalon.core.webservice.keyword.builtin.VerifyElementPropertyValueKeyword$_verifyElementPropertyValue_closure1.doCall(VerifyElementPropertyValueKeyword.groovy:52)
	at com.kms.katalon.core.webservice.keyword.builtin.VerifyElementPropertyValueKeyword$_verifyElementPropertyValue_closure1.call(VerifyElementPropertyValueKeyword.groovy)
	at com.kms.katalon.core.keyword.internal.KeywordMain.runKeyword(KeywordMain.groovy:74)
	at com.kms.katalon.core.webservice.keyword.builtin.VerifyElementPropertyValueKeyword.verifyElementPropertyValue(VerifyElementPropertyValueKeyword.groovy:48)
	at com.kms.katalon.core.webservice.keyword.builtin.VerifyElementPropertyValueKeyword.execute(VerifyElementPropertyValueKeyword.groovy:43)
	at com.kms.katalon.core.keyword.internal.KeywordExecutor.executeKeywordForPlatform(KeywordExecutor.groovy:74)
	at com.kms.katalon.core.webservice.keyword.WSBuiltInKeywords.verifyElementPropertyValue(WSBuiltInKeywords.groovy:175)
	at com.kms.katalon.core.webservice.keyword.WSBuiltInKeywords$verifyElementPropertyValue$0.call(Unknown Source)
	at 1. get token - data order.run(1. get token - data order:576)
	at com.kms.katalon.core.main.ScriptEngine.run(ScriptEngine.java:194)
	at com.kms.katalon.core.main.ScriptEngine.runScriptAsRawText(ScriptEngine.java:119)
	at com.kms.katalon.core.main.TestCaseExecutor.runScript(TestCaseExecutor.java:442)
	at com.kms.katalon.core.main.TestCaseExecutor.doExecute(TestCaseExecutor.java:433)
	at com.kms.katalon.core.main.TestCaseExecutor.processExecutionPhase(TestCaseExecutor.java:412)
	at com.kms.katalon.core.main.TestCaseExecutor.accessMainPhase(TestCaseExecutor.java:404)
	at com.kms.katalon.core.main.TestCaseExecutor.execute(TestCaseExecutor.java:281)
	at com.kms.katalon.core.main.TestSuiteExecutor.accessTestCaseMainPhase(TestSuiteExecutor.java:202)
	at com.kms.katalon.core.main.TestSuiteExecutor.accessTestSuiteMainPhase(TestSuiteExecutor.java:164)
	at com.kms.katalon.core.main.TestSuiteExecutor.execute(TestSuiteExecutor.java:105)
	at com.kms.katalon.core.main.TestCaseMain.startTestSuite(TestCaseMain.java:181)
	at com.kms.katalon.core.main.TestCaseMain$startTestSuite$0.call(Unknown Source)
	at TempTestSuite1648100878643.run(TempTestSuite1648100878643.groovy:36)
)

2022-03-24 12:48:55 - [MESSAGE][FAILED] - Unable to verify element property value (Root cause: java.lang.NullPointerException: Cannot get property 'PerluasanJaminan' on null object
	at Script1.run(Script1.groovy:1)
	at com.kms.katalon.core.webservice.helper.WebServiceCommonHelper.parseAndGetPropertyValueForJson(WebServiceCommonHelper.java:213)
	at com.kms.katalon.core.webservice.keyword.builtin.VerifyElementPropertyValueKeyword$_verifyElementPropertyValue_closure1.doCall(VerifyElementPropertyValueKeyword.groovy:52)
	at com.kms.katalon.core.webservice.keyword.builtin.VerifyElementPropertyValueKeyword$_verifyElementPropertyValue_closure1.call(VerifyElementPropertyValueKeyword.groovy)
	at com.kms.katalon.core.keyword.internal.KeywordMain.runKeyword(KeywordMain.groovy:74)
	at com.kms.katalon.core.webservice.keyword.builtin.VerifyElementPropertyValueKeyword.verifyElementPropertyValue(VerifyElementPropertyValueKeyword.groovy:48)
	at com.kms.katalon.core.webservice.keyword.builtin.VerifyElementPropertyValueKeyword.execute(VerifyElementPropertyValueKeyword.groovy:43)
	at com.kms.katalon.core.keyword.internal.KeywordExecutor.executeKeywordForPlatform(KeywordExecutor.groovy:74)
	at com.kms.katalon.core.webservice.keyword.WSBuiltInKeywords.verifyElementPropertyValue(WSBuiltInKeywords.groovy:175)
	at com.kms.katalon.core.webservice.keyword.WSBuiltInKeywords$verifyElementPropertyValue$0.call(Unknown Source)
	at 1. get token - data order.run(1. get token - data order:576)
	at com.kms.katalon.core.main.ScriptEngine.run(ScriptEngine.java:194)
	at com.kms.katalon.core.main.ScriptEngine.runScriptAsRawText(ScriptEngine.java:119)
	at com.kms.katalon.core.main.TestCaseExecutor.runScript(TestCaseExecutor.java:442)
	at com.kms.katalon.core.main.TestCaseExecutor.doExecute(TestCaseExecutor.java:433)
	at com.kms.katalon.core.main.TestCaseExecutor.processExecutionPhase(TestCaseExecutor.java:412)
	at com.kms.katalon.core.main.TestCaseExecutor.accessMainPhase(TestCaseExecutor.java:404)
	at com.kms.katalon.core.main.TestCaseExecutor.execute(TestCaseExecutor.java:281)
	at com.kms.katalon.core.main.TestSuiteExecutor.accessTestCaseMainPhase(TestSuiteExecutor.java:202)
	at com.kms.katalon.core.main.TestSuiteExecutor.accessTestSuiteMainPhase(TestSuiteExecutor.java:164)
	at com.kms.katalon.core.main.TestSuiteExecutor.execute(TestSuiteExecutor.java:105)
	at com.kms.katalon.core.main.TestCaseMain.startTestSuite(TestCaseMain.java:181)
	at com.kms.katalon.core.main.TestCaseMain$startTestSuite$0.call(Unknown Source)
	at TempTestSuite1648100878643.run(TempTestSuite1648100878643.groovy:36)
)

2022-03-24 12:48:55 - [TEST_STEP][FAILED] - verifyElementPropertyValue(order, "GetDataOrderResponse.ListDataOrder[0].InsuranceData[3].PerluasanJaminan.Banjir", o_rsmb_val_3, CONTINUE_ON_FAILURE): Unable to verify element property value (Root cause: java.lang.NullPointerException: Cannot get property 'PerluasanJaminan' on null object
	at Script1.run(Script1.groovy:1)
	at com.kms.katalon.core.webservice.helper.WebServiceCommonHelper.parseAndGetPropertyValueForJson(WebServiceCommonHelper.java:213)
	at com.kms.katalon.core.webservice.keyword.builtin.VerifyElementPropertyValueKeyword$_verifyElementPropertyValue_closure1.doCall(VerifyElementPropertyValueKeyword.groovy:52)
	at com.kms.katalon.core.webservice.keyword.builtin.VerifyElementPropertyValueKeyword$_verifyElementPropertyValue_closure1.call(VerifyElementPropertyValueKeyword.groovy)
	at com.kms.katalon.core.keyword.internal.KeywordMain.runKeyword(KeywordMain.groovy:74)
	at com.kms.katalon.core.webservice.keyword.builtin.VerifyElementPropertyValueKeyword.verifyElementPropertyValue(VerifyElementPropertyValueKeyword.groovy:48)
	at com.kms.katalon.core.webservice.keyword.builtin.VerifyElementPropertyValueKeyword.execute(VerifyElementPropertyValueKeyword.groovy:43)
	at com.kms.katalon.core.keyword.internal.KeywordExecutor.executeKeywordForPlatform(KeywordExecutor.groovy:74)
	at com.kms.katalon.core.webservice.keyword.WSBuiltInKeywords.verifyElementPropertyValue(WSBuiltInKeywords.groovy:175)
	at com.kms.katalon.core.webservice.keyword.WSBuiltInKeywords$verifyElementPropertyValue$0.call(Unknown Source)
	at 1. get token - data order.run(1. get token - data order:579)
	at com.kms.katalon.core.main.ScriptEngine.run(ScriptEngine.java:194)
	at com.kms.katalon.core.main.ScriptEngine.runScriptAsRawText(ScriptEngine.java:119)
	at com.kms.katalon.core.main.TestCaseExecutor.runScript(TestCaseExecutor.java:442)
	at com.kms.katalon.core.main.TestCaseExecutor.doExecute(TestCaseExecutor.java:433)
	at com.kms.katalon.core.main.TestCaseExecutor.processExecutionPhase(TestCaseExecutor.java:412)
	at com.kms.katalon.core.main.TestCaseExecutor.accessMainPhase(TestCaseExecutor.java:404)
	at com.kms.katalon.core.main.TestCaseExecutor.execute(TestCaseExecutor.java:281)
	at com.kms.katalon.core.main.TestSuiteExecutor.accessTestCaseMainPhase(TestSuiteExecutor.java:202)
	at com.kms.katalon.core.main.TestSuiteExecutor.accessTestSuiteMainPhase(TestSuiteExecutor.java:164)
	at com.kms.katalon.core.main.TestSuiteExecutor.execute(TestSuiteExecutor.java:105)
	at com.kms.katalon.core.main.TestCaseMain.startTestSuite(TestCaseMain.java:181)
	at com.kms.katalon.core.main.TestCaseMain$startTestSuite$0.call(Unknown Source)
	at TempTestSuite1648100878643.run(TempTestSuite1648100878643.groovy:36)
)

2022-03-24 12:48:55 - [MESSAGE][FAILED] - Unable to verify element property value (Root cause: java.lang.NullPointerException: Cannot get property 'PerluasanJaminan' on null object
	at Script1.run(Script1.groovy:1)
	at com.kms.katalon.core.webservice.helper.WebServiceCommonHelper.parseAndGetPropertyValueForJson(WebServiceCommonHelper.java:213)
	at com.kms.katalon.core.webservice.keyword.builtin.VerifyElementPropertyValueKeyword$_verifyElementPropertyValue_closure1.doCall(VerifyElementPropertyValueKeyword.groovy:52)
	at com.kms.katalon.core.webservice.keyword.builtin.VerifyElementPropertyValueKeyword$_verifyElementPropertyValue_closure1.call(VerifyElementPropertyValueKeyword.groovy)
	at com.kms.katalon.core.keyword.internal.KeywordMain.runKeyword(KeywordMain.groovy:74)
	at com.kms.katalon.core.webservice.keyword.builtin.VerifyElementPropertyValueKeyword.verifyElementPropertyValue(VerifyElementPropertyValueKeyword.groovy:48)
	at com.kms.katalon.core.webservice.keyword.builtin.VerifyElementPropertyValueKeyword.execute(VerifyElementPropertyValueKeyword.groovy:43)
	at com.kms.katalon.core.keyword.internal.KeywordExecutor.executeKeywordForPlatform(KeywordExecutor.groovy:74)
	at com.kms.katalon.core.webservice.keyword.WSBuiltInKeywords.verifyElementPropertyValue(WSBuiltInKeywords.groovy:175)
	at com.kms.katalon.core.webservice.keyword.WSBuiltInKeywords$verifyElementPropertyValue$0.call(Unknown Source)
	at 1. get token - data order.run(1. get token - data order:579)
	at com.kms.katalon.core.main.ScriptEngine.run(ScriptEngine.java:194)
	at com.kms.katalon.core.main.ScriptEngine.runScriptAsRawText(ScriptEngine.java:119)
	at com.kms.katalon.core.main.TestCaseExecutor.runScript(TestCaseExecutor.java:442)
	at com.kms.katalon.core.main.TestCaseExecutor.doExecute(TestCaseExecutor.java:433)
	at com.kms.katalon.core.main.TestCaseExecutor.processExecutionPhase(TestCaseExecutor.java:412)
	at com.kms.katalon.core.main.TestCaseExecutor.accessMainPhase(TestCaseExecutor.java:404)
	at com.kms.katalon.core.main.TestCaseExecutor.execute(TestCaseExecutor.java:281)
	at com.kms.katalon.core.main.TestSuiteExecutor.accessTestCaseMainPhase(TestSuiteExecutor.java:202)
	at com.kms.katalon.core.main.TestSuiteExecutor.accessTestSuiteMainPhase(TestSuiteExecutor.java:164)
	at com.kms.katalon.core.main.TestSuiteExecutor.execute(TestSuiteExecutor.java:105)
	at com.kms.katalon.core.main.TestCaseMain.startTestSuite(TestCaseMain.java:181)
	at com.kms.katalon.core.main.TestCaseMain$startTestSuite$0.call(Unknown Source)
	at TempTestSuite1648100878643.run(TempTestSuite1648100878643.groovy:36)
)

2022-03-24 12:48:55 - [TEST_STEP][FAILED] - verifyElementPropertyValue(order, "GetDataOrderResponse.ListDataOrder[0].InsuranceData[3].PerluasanJaminan.Accessories", o_acc_val_3, CONTINUE_ON_FAILURE): Unable to verify element property value (Root cause: java.lang.NullPointerException: Cannot get property 'PerluasanJaminan' on null object
	at Script1.run(Script1.groovy:1)
	at com.kms.katalon.core.webservice.helper.WebServiceCommonHelper.parseAndGetPropertyValueForJson(WebServiceCommonHelper.java:213)
	at com.kms.katalon.core.webservice.keyword.builtin.VerifyElementPropertyValueKeyword$_verifyElementPropertyValue_closure1.doCall(VerifyElementPropertyValueKeyword.groovy:52)
	at com.kms.katalon.core.webservice.keyword.builtin.VerifyElementPropertyValueKeyword$_verifyElementPropertyValue_closure1.call(VerifyElementPropertyValueKeyword.groovy)
	at com.kms.katalon.core.keyword.internal.KeywordMain.runKeyword(KeywordMain.groovy:74)
	at com.kms.katalon.core.webservice.keyword.builtin.VerifyElementPropertyValueKeyword.verifyElementPropertyValue(VerifyElementPropertyValueKeyword.groovy:48)
	at com.kms.katalon.core.webservice.keyword.builtin.VerifyElementPropertyValueKeyword.execute(VerifyElementPropertyValueKeyword.groovy:43)
	at com.kms.katalon.core.keyword.internal.KeywordExecutor.executeKeywordForPlatform(KeywordExecutor.groovy:74)
	at com.kms.katalon.core.webservice.keyword.WSBuiltInKeywords.verifyElementPropertyValue(WSBuiltInKeywords.groovy:175)
	at com.kms.katalon.core.webservice.keyword.WSBuiltInKeywords$verifyElementPropertyValue$0.call(Unknown Source)
	at 1. get token - data order.run(1. get token - data order:582)
	at com.kms.katalon.core.main.ScriptEngine.run(ScriptEngine.java:194)
	at com.kms.katalon.core.main.ScriptEngine.runScriptAsRawText(ScriptEngine.java:119)
	at com.kms.katalon.core.main.TestCaseExecutor.runScript(TestCaseExecutor.java:442)
	at com.kms.katalon.core.main.TestCaseExecutor.doExecute(TestCaseExecutor.java:433)
	at com.kms.katalon.core.main.TestCaseExecutor.processExecutionPhase(TestCaseExecutor.java:412)
	at com.kms.katalon.core.main.TestCaseExecutor.accessMainPhase(TestCaseExecutor.java:404)
	at com.kms.katalon.core.main.TestCaseExecutor.execute(TestCaseExecutor.java:281)
	at com.kms.katalon.core.main.TestSuiteExecutor.accessTestCaseMainPhase(TestSuiteExecutor.java:202)
	at com.kms.katalon.core.main.TestSuiteExecutor.accessTestSuiteMainPhase(TestSuiteExecutor.java:164)
	at com.kms.katalon.core.main.TestSuiteExecutor.execute(TestSuiteExecutor.java:105)
	at com.kms.katalon.core.main.TestCaseMain.startTestSuite(TestCaseMain.java:181)
	at com.kms.katalon.core.main.TestCaseMain$startTestSuite$0.call(Unknown Source)
	at TempTestSuite1648100878643.run(TempTestSuite1648100878643.groovy:36)
)

2022-03-24 12:48:55 - [MESSAGE][FAILED] - Unable to verify element property value (Root cause: java.lang.NullPointerException: Cannot get property 'PerluasanJaminan' on null object
	at Script1.run(Script1.groovy:1)
	at com.kms.katalon.core.webservice.helper.WebServiceCommonHelper.parseAndGetPropertyValueForJson(WebServiceCommonHelper.java:213)
	at com.kms.katalon.core.webservice.keyword.builtin.VerifyElementPropertyValueKeyword$_verifyElementPropertyValue_closure1.doCall(VerifyElementPropertyValueKeyword.groovy:52)
	at com.kms.katalon.core.webservice.keyword.builtin.VerifyElementPropertyValueKeyword$_verifyElementPropertyValue_closure1.call(VerifyElementPropertyValueKeyword.groovy)
	at com.kms.katalon.core.keyword.internal.KeywordMain.runKeyword(KeywordMain.groovy:74)
	at com.kms.katalon.core.webservice.keyword.builtin.VerifyElementPropertyValueKeyword.verifyElementPropertyValue(VerifyElementPropertyValueKeyword.groovy:48)
	at com.kms.katalon.core.webservice.keyword.builtin.VerifyElementPropertyValueKeyword.execute(VerifyElementPropertyValueKeyword.groovy:43)
	at com.kms.katalon.core.keyword.internal.KeywordExecutor.executeKeywordForPlatform(KeywordExecutor.groovy:74)
	at com.kms.katalon.core.webservice.keyword.WSBuiltInKeywords.verifyElementPropertyValue(WSBuiltInKeywords.groovy:175)
	at com.kms.katalon.core.webservice.keyword.WSBuiltInKeywords$verifyElementPropertyValue$0.call(Unknown Source)
	at 1. get token - data order.run(1. get token - data order:582)
	at com.kms.katalon.core.main.ScriptEngine.run(ScriptEngine.java:194)
	at com.kms.katalon.core.main.ScriptEngine.runScriptAsRawText(ScriptEngine.java:119)
	at com.kms.katalon.core.main.TestCaseExecutor.runScript(TestCaseExecutor.java:442)
	at com.kms.katalon.core.main.TestCaseExecutor.doExecute(TestCaseExecutor.java:433)
	at com.kms.katalon.core.main.TestCaseExecutor.processExecutionPhase(TestCaseExecutor.java:412)
	at com.kms.katalon.core.main.TestCaseExecutor.accessMainPhase(TestCaseExecutor.java:404)
	at com.kms.katalon.core.main.TestCaseExecutor.execute(TestCaseExecutor.java:281)
	at com.kms.katalon.core.main.TestSuiteExecutor.accessTestCaseMainPhase(TestSuiteExecutor.java:202)
	at com.kms.katalon.core.main.TestSuiteExecutor.accessTestSuiteMainPhase(TestSuiteExecutor.java:164)
	at com.kms.katalon.core.main.TestSuiteExecutor.execute(TestSuiteExecutor.java:105)
	at com.kms.katalon.core.main.TestCaseMain.startTestSuite(TestCaseMain.java:181)
	at com.kms.katalon.core.main.TestCaseMain$startTestSuite$0.call(Unknown Source)
	at TempTestSuite1648100878643.run(TempTestSuite1648100878643.groovy:36)
)

2022-03-24 12:48:55 - [TEST_STEP][PASSED] - break: null]]></system-out>
         <system-err><![CDATA[2022-03-24 12:48:51 - [TEST_CASE][FAILED] - Test Cases/1. get token - data order: Test Cases/1. get token - data order FAILED.
Reason:
com.kms.katalon.core.exception.StepFailedException: Expected element property value '9430010695' is not equal with actual property value '1154000993'
	at com.kms.katalon.core.keyword.internal.KeywordMain.stepFailed(KeywordMain.groovy:39)
	at com.kms.katalon.core.webservice.keyword.builtin.VerifyElementPropertyValueKeyword$_verifyElementPropertyValue_closure1.doCall(VerifyElementPropertyValueKeyword.groovy:56)
	at com.kms.katalon.core.webservice.keyword.builtin.VerifyElementPropertyValueKeyword$_verifyElementPropertyValue_closure1.call(VerifyElementPropertyValueKeyword.groovy)
	at com.kms.katalon.core.keyword.internal.KeywordMain.runKeyword(KeywordMain.groovy:74)
	at com.kms.katalon.core.webservice.keyword.builtin.VerifyElementPropertyValueKeyword.verifyElementPropertyValue(VerifyElementPropertyValueKeyword.groovy:48)
	at com.kms.katalon.core.webservice.keyword.builtin.VerifyElementPropertyValueKeyword.execute(VerifyElementPropertyValueKeyword.groovy:43)
	at com.kms.katalon.core.keyword.internal.KeywordExecutor.executeKeywordForPlatform(KeywordExecutor.groovy:74)
	at com.kms.katalon.core.webservice.keyword.WSBuiltInKeywords.verifyElementPropertyValue(WSBuiltInKeywords.groovy:175)
	at com.kms.katalon.core.webservice.keyword.WSBuiltInKeywords$verifyElementPropertyValue$0.call(Unknown Source)
	at 1. get token - data order.run(1. get token - data order:54)
	at com.kms.katalon.core.main.ScriptEngine.run(ScriptEngine.java:194)
	at com.kms.katalon.core.main.ScriptEngine.runScriptAsRawText(ScriptEngine.java:119)
	at com.kms.katalon.core.main.TestCaseExecutor.runScript(TestCaseExecutor.java:442)
	at com.kms.katalon.core.main.TestCaseExecutor.doExecute(TestCaseExecutor.java:433)
	at com.kms.katalon.core.main.TestCaseExecutor.processExecutionPhase(TestCaseExecutor.java:412)
	at com.kms.katalon.core.main.TestCaseExecutor.accessMainPhase(TestCaseExecutor.java:404)
	at com.kms.katalon.core.main.TestCaseExecutor.execute(TestCaseExecutor.java:281)
	at com.kms.katalon.core.main.TestSuiteExecutor.accessTestCaseMainPhase(TestSuiteExecutor.java:202)
	at com.kms.katalon.core.main.TestSuiteExecutor.accessTestSuiteMainPhase(TestSuiteExecutor.java:164)
	at com.kms.katalon.core.main.TestSuiteExecutor.execute(TestSuiteExecutor.java:105)
	at com.kms.katalon.core.main.TestCaseMain.startTestSuite(TestCaseMain.java:181)
	at com.kms.katalon.core.main.TestCaseMain$startTestSuite$0.call(Unknown Source)
	at TempTestSuite1648100878643.run(TempTestSuite1648100878643.groovy:36)]]></system-err>
      </testcase>
      <testcase name="Test Cases/1. get token - data order" time="26.361" classname="Test Cases/1. get token - data order" status="FAILED">
         <failure type="FAILED" message="Test Cases/1. get token - data order FAILED.
Reason:
com.kms.katalon.core.exception.StepFailedException: Expected element property value '9430010714' is not equal with actual property value '1154000993'
	at com.kms.katalon.core.keyword.internal.KeywordMain.stepFailed(KeywordMain.groovy:39)
	at com.kms.katalon.core.webservice.keyword.builtin.VerifyElementPropertyValueKeyword$_verifyElementPropertyValue_closure1.doCall(VerifyElementPropertyValueKeyword.groovy:56)
	at com.kms.katalon.core.webservice.keyword.builtin.VerifyElementPropertyValueKeyword$_verifyElementPropertyValue_closure1.call(VerifyElementPropertyValueKeyword.groovy)
	at com.kms.katalon.core.keyword.internal.KeywordMain.runKeyword(KeywordMain.groovy:74)
	at com.kms.katalon.core.webservice.keyword.builtin.VerifyElementPropertyValueKeyword.verifyElementPropertyValue(VerifyElementPropertyValueKeyword.groovy:48)
	at com.kms.katalon.core.webservice.keyword.builtin.VerifyElementPropertyValueKeyword.execute(VerifyElementPropertyValueKeyword.groovy:43)
	at com.kms.katalon.core.keyword.internal.KeywordExecutor.executeKeywordForPlatform(KeywordExecutor.groovy:74)
	at com.kms.katalon.core.webservice.keyword.WSBuiltInKeywords.verifyElementPropertyValue(WSBuiltInKeywords.groovy:175)
	at com.kms.katalon.core.webservice.keyword.WSBuiltInKeywords$verifyElementPropertyValue$0.call(Unknown Source)
	at 1. get token - data order.run(1. get token - data order:54)
	at com.kms.katalon.core.main.ScriptEngine.run(ScriptEngine.java:194)
	at com.kms.katalon.core.main.ScriptEngine.runScriptAsRawText(ScriptEngine.java:119)
	at com.kms.katalon.core.main.TestCaseExecutor.runScript(TestCaseExecutor.java:442)
	at com.kms.katalon.core.main.TestCaseExecutor.doExecute(TestCaseExecutor.java:433)
	at com.kms.katalon.core.main.TestCaseExecutor.processExecutionPhase(TestCaseExecutor.java:412)
	at com.kms.katalon.core.main.TestCaseExecutor.accessMainPhase(TestCaseExecutor.java:404)
	at com.kms.katalon.core.main.TestCaseExecutor.execute(TestCaseExecutor.java:281)
	at com.kms.katalon.core.main.TestSuiteExecutor.accessTestCaseMainPhase(TestSuiteExecutor.java:202)
	at com.kms.katalon.core.main.TestSuiteExecutor.accessTestSuiteMainPhase(TestSuiteExecutor.java:164)
	at com.kms.katalon.core.main.TestSuiteExecutor.execute(TestSuiteExecutor.java:105)
	at com.kms.katalon.core.main.TestCaseMain.startTestSuite(TestCaseMain.java:181)
	at com.kms.katalon.core.main.TestCaseMain$startTestSuite$0.call(Unknown Source)
	at TempTestSuite1648100878643.run(TempTestSuite1648100878643.groovy:36)
"/>
         <system-out><![CDATA[2022-03-24 12:48:56 - [TEST_CASE][FAILED] - Test Cases/1. get token - data order: Test Cases/1. get token - data order FAILED.
Reason:
com.kms.katalon.core.exception.StepFailedException: Expected element property value '9430010714' is not equal with actual property value '1154000993'
	at com.kms.katalon.core.keyword.internal.KeywordMain.stepFailed(KeywordMain.groovy:39)
	at com.kms.katalon.core.webservice.keyword.builtin.VerifyElementPropertyValueKeyword$_verifyElementPropertyValue_closure1.doCall(VerifyElementPropertyValueKeyword.groovy:56)
	at com.kms.katalon.core.webservice.keyword.builtin.VerifyElementPropertyValueKeyword$_verifyElementPropertyValue_closure1.call(VerifyElementPropertyValueKeyword.groovy)
	at com.kms.katalon.core.keyword.internal.KeywordMain.runKeyword(KeywordMain.groovy:74)
	at com.kms.katalon.core.webservice.keyword.builtin.VerifyElementPropertyValueKeyword.verifyElementPropertyValue(VerifyElementPropertyValueKeyword.groovy:48)
	at com.kms.katalon.core.webservice.keyword.builtin.VerifyElementPropertyValueKeyword.execute(VerifyElementPropertyValueKeyword.groovy:43)
	at com.kms.katalon.core.keyword.internal.KeywordExecutor.executeKeywordForPlatform(KeywordExecutor.groovy:74)
	at com.kms.katalon.core.webservice.keyword.WSBuiltInKeywords.verifyElementPropertyValue(WSBuiltInKeywords.groovy:175)
	at com.kms.katalon.core.webservice.keyword.WSBuiltInKeywords$verifyElementPropertyValue$0.call(Unknown Source)
	at 1. get token - data order.run(1. get token - data order:54)
	at com.kms.katalon.core.main.ScriptEngine.run(ScriptEngine.java:194)
	at com.kms.katalon.core.main.ScriptEngine.runScriptAsRawText(ScriptEngine.java:119)
	at com.kms.katalon.core.main.TestCaseExecutor.runScript(TestCaseExecutor.java:442)
	at com.kms.katalon.core.main.TestCaseExecutor.doExecute(TestCaseExecutor.java:433)
	at com.kms.katalon.core.main.TestCaseExecutor.processExecutionPhase(TestCaseExecutor.java:412)
	at com.kms.katalon.core.main.TestCaseExecutor.accessMainPhase(TestCaseExecutor.java:404)
	at com.kms.katalon.core.main.TestCaseExecutor.execute(TestCaseExecutor.java:281)
	at com.kms.katalon.core.main.TestSuiteExecutor.accessTestCaseMainPhase(TestSuiteExecutor.java:202)
	at com.kms.katalon.core.main.TestSuiteExecutor.accessTestSuiteMainPhase(TestSuiteExecutor.java:164)
	at com.kms.katalon.core.main.TestSuiteExecutor.execute(TestSuiteExecutor.java:105)
	at com.kms.katalon.core.main.TestCaseMain.startTestSuite(TestCaseMain.java:181)
	at com.kms.katalon.core.main.TestCaseMain$startTestSuite$0.call(Unknown Source)
	at TempTestSuite1648100878643.run(TempTestSuite1648100878643.groovy:36)


2022-03-24 12:48:57 - [TEST_STEP][PASSED] - token = sendRequest(findTestObject("1. Get-Token")): Send request successfully

2022-03-24 12:48:57 - [MESSAGE][INFO] - HAR: I:\app-testing\app-project\Order car insurance\order-car-insurance\Reports\20220324_124757\Get data order\20220324_124758\requests\main\24.har

2022-03-24 12:48:57 - [MESSAGE][PASSED] - Send request successfully

2022-03-24 12:48:57 - [TEST_STEP][PASSED] - slurper = new groovy.json.JsonSlurper(): null

2022-03-24 12:48:57 - [TEST_STEP][PASSED] - get_token = slurper.parseText(token.getResponseBodyContent()): null

2022-03-24 12:48:57 - [TEST_STEP][PASSED] - private_token = access_token: null

2022-03-24 12:48:57 - [TEST_STEP][PASSED] - global_token = private_token: null

2022-03-24 12:48:57 - [TEST_STEP][PASSED] - println("token is :" + global_token): null

2022-03-24 12:48:57 - [TEST_STEP][PASSED] - response_token = token.getResponseText(): null

2022-03-24 12:48:57 - [TEST_STEP][PASSED] - logInfo($response_token): 
            {
                "token_type": "BearerToken",
                "access_token": "fWW8ZHNcNmkLO9YhrXGpsGvHQroA",
                "expires_in": "1799",
                "scope": ""
            }
        

2022-03-24 12:48:57 - [MESSAGE][INFO] - 
            {
                "token_type": "BearerToken",
                "access_token": "fWW8ZHNcNmkLO9YhrXGpsGvHQroA",
                "expires_in": "1799",
                "scope": ""
            }
        

2022-03-24 12:48:57 - [TEST_STEP][PASSED] - order = sendRequest(findTestObject("3. Get-data-order", ["s_key":global_token, "c_id":c_id, "order_date":order_date, "page":page, "rows":rows])): Send request successfully

2022-03-24 12:48:57 - [MESSAGE][INFO] - HAR: I:\app-testing\app-project\Order car insurance\order-car-insurance\Reports\20220324_124757\Get data order\20220324_124758\requests\main\25.har

2022-03-24 12:48:57 - [MESSAGE][PASSED] - Send request successfully

2022-03-24 12:48:57 - [TEST_STEP][PASSED] - get_order = order.getResponseText(): null

2022-03-24 12:48:57 - [TEST_STEP][PASSED] - markPassed("data ke : " + no): data ke : 9

2022-03-24 12:48:57 - [MESSAGE][PASSED] - data ke : 9

2022-03-24 12:48:57 - [TEST_STEP][PASSED] - verifyElementPropertyValue(order, "GetDataOrderResponse.ListDataOrder[0].TipeOrder", o_tipeorder, CONTINUE_ON_FAILURE): Verify element property value successfully

2022-03-24 12:48:57 - [MESSAGE][PASSED] - Verify element property value successfully

2022-03-24 12:48:57 - [TEST_STEP][PASSED] - verifyElementPropertyValue(order, "GetDataOrderResponse.ListDataOrder[0].BatchID", o_batchid, CONTINUE_ON_FAILURE): Verify element property value successfully

2022-03-24 12:48:57 - [MESSAGE][PASSED] - Verify element property value successfully

2022-03-24 12:48:57 - [TEST_STEP][FAILED] - verifyElementPropertyValue(order, "GetDataOrderResponse.ListDataOrder[0].NoRek", o_norek, CONTINUE_ON_FAILURE): Expected element property value '9430010714' is not equal with actual property value '1154000993'

2022-03-24 12:48:57 - [MESSAGE][FAILED] - Expected element property value '9430010714' is not equal with actual property value '1154000993'

2022-03-24 12:48:57 - [TEST_STEP][PASSED] - verifyElementPropertyValue(order, "GetDataOrderResponse.ListDataOrder[0].NoPin", o_nopin, CONTINUE_ON_FAILURE): Verify element property value successfully

2022-03-24 12:48:57 - [MESSAGE][PASSED] - Verify element property value successfully

2022-03-24 12:48:57 - [TEST_STEP][PASSED] - verifyElementPropertyValue(order, "GetDataOrderResponse.ListDataOrder[0].CustName", o_custname, CONTINUE_ON_FAILURE): Verify element property value successfully

2022-03-24 12:48:57 - [MESSAGE][PASSED] - Verify element property value successfully

2022-03-24 12:48:57 - [TEST_STEP][FAILED] - verifyElementPropertyValue(order, "GetDataOrderResponse.ListDataOrder[0].Pemohon", o_pemohon, CONTINUE_ON_FAILURE): Expected element property value 'PT BCAF QQ BCA' is not equal with actual property value 'PT BCAF'

2022-03-24 12:48:57 - [MESSAGE][FAILED] - Expected element property value 'PT BCAF QQ BCA' is not equal with actual property value 'PT BCAF'

2022-03-24 12:48:57 - [TEST_STEP][FAILED] - verifyElementPropertyValue(order, "GetDataOrderResponse.ListDataOrder[0].HargaPembelian", o_otr, CONTINUE_ON_FAILURE): Expected element property value '272100000.00' is not equal with actual property value '360000000.00'

2022-03-24 12:48:57 - [MESSAGE][FAILED] - Expected element property value '272100000.00' is not equal with actual property value '360000000.00'

2022-03-24 12:48:57 - [TEST_STEP][FAILED] - verifyElementPropertyValue(order, "GetDataOrderResponse.ListDataOrder[0].Cabang", o_branchid, CONTINUE_ON_FAILURE): Expected element property value '9430' is not equal with actual property value '1154'

2022-03-24 12:48:58 - [MESSAGE][FAILED] - Expected element property value '9430' is not equal with actual property value '1154'

2022-03-24 12:48:58 - [TEST_STEP][PASSED] - verifyElementPropertyValue(order, "GetDataOrderResponse.ListDataOrder[0].MerkID", o_merk, CONTINUE_ON_FAILURE): Verify element property value successfully

2022-03-24 12:48:58 - [MESSAGE][PASSED] - Verify element property value successfully

2022-03-24 12:48:58 - [TEST_STEP][FAILED] - verifyElementPropertyValue(order, "GetDataOrderResponse.ListDataOrder[0].TypeMobil", o_type, CONTINUE_ON_FAILURE): Expected element property value 'ALL NEW VELOZ 1.5 Q CVT' is not equal with actual property value 'INNOVA VENTURER 2.0 AT'

2022-03-24 12:48:58 - [MESSAGE][FAILED] - Expected element property value 'ALL NEW VELOZ 1.5 Q CVT' is not equal with actual property value 'INNOVA VENTURER 2.0 AT'

2022-03-24 12:48:58 - [TEST_STEP][PASSED] - verifyElementPropertyValue(order, "GetDataOrderResponse.ListDataOrder[0].JenisMobil", o_jenis, CONTINUE_ON_FAILURE): Verify element property value successfully

2022-03-24 12:48:58 - [MESSAGE][PASSED] - Verify element property value successfully

2022-03-24 12:48:58 - [TEST_STEP][FAILED] - verifyElementPropertyValue(order, "GetDataOrderResponse.ListDataOrder[0].TahunMobil", o_tahun, CONTINUE_ON_FAILURE): Expected element property value '2021' is not equal with actual property value '2017'

2022-03-24 12:48:58 - [MESSAGE][FAILED] - Expected element property value '2021' is not equal with actual property value '2017'

2022-03-24 12:48:58 - [TEST_STEP][FAILED] - verifyElementPropertyValue(order, "GetDataOrderResponse.ListDataOrder[0].Warna", o_warna, CONTINUE_ON_FAILURE): Expected element property value 'BLACK METALLIC' is not equal with actual property value 'PUTIH'

2022-03-24 12:48:58 - [MESSAGE][FAILED] - Expected element property value 'BLACK METALLIC' is not equal with actual property value 'PUTIH'

2022-03-24 12:48:58 - [TEST_STEP][FAILED] - verifyElementPropertyValue(order, "GetDataOrderResponse.ListDataOrder[0].NoRangka", o_norangka, CONTINUE_ON_FAILURE): Expected element property value 'MHFAB1BY8M0005853' is not equal with actual property value 'MHFAW8EM4H0206354'

2022-03-24 12:48:58 - [MESSAGE][FAILED] - Expected element property value 'MHFAB1BY8M0005853' is not equal with actual property value 'MHFAW8EM4H0206354'

2022-03-24 12:48:58 - [TEST_STEP][FAILED] - verifyElementPropertyValue(order, "GetDataOrderResponse.ListDataOrder[0].NoMesin", o_nomesin, CONTINUE_ON_FAILURE): Expected element property value '2NRX785578' is not equal with actual property value '1TRA295932'

2022-03-24 12:48:58 - [MESSAGE][FAILED] - Expected element property value '2NRX785578' is not equal with actual property value '1TRA295932'

2022-03-24 12:48:58 - [TEST_STEP][FAILED] - verifyElementPropertyValue(order, "GetDataOrderResponse.ListDataOrder[0].NoPolisi", o_nopol, CONTINUE_ON_FAILURE): Expected element property value '               ' is not equal with actual property value 'B 2726 BOM'

2022-03-24 12:48:58 - [MESSAGE][FAILED] - Expected element property value '               ' is not equal with actual property value 'B 2726 BOM'

2022-03-24 12:48:58 - [TEST_STEP][FAILED] - verifyElementPropertyValue(order, "GetDataOrderResponse.ListDataOrder[0].NamaBPKB", o_namabpkb, CONTINUE_ON_FAILURE): Expected element property value 'IDA FITRIA' is not equal with actual property value 'PT AUTORENT LANCAR S'

2022-03-24 12:48:58 - [MESSAGE][FAILED] - Expected element property value 'IDA FITRIA' is not equal with actual property value 'PT AUTORENT LANCAR S'

2022-03-24 12:48:58 - [TEST_STEP][FAILED] - verifyElementPropertyValue(order, "GetDataOrderResponse.ListDataOrder[0].KategoriMobil", o_kategori, CONTINUE_ON_FAILURE): Expected element property value '13' is not equal with actual property value '14'

2022-03-24 12:48:58 - [MESSAGE][FAILED] - Expected element property value '13' is not equal with actual property value '14'

2022-03-24 12:48:58 - [TEST_STEP][PASSED] - verifyElementPropertyValue(order, "GetDataOrderResponse.ListDataOrder[0].PenggunaanKendaraan", o_purpose, CONTINUE_ON_FAILURE): Verify element property value successfully

2022-03-24 12:48:58 - [MESSAGE][PASSED] - Verify element property value successfully

2022-03-24 12:48:58 - [TEST_STEP][FAILED] - verifyElementPropertyValue(order, "GetDataOrderResponse.ListDataOrder[0].Kondisi", o_kondisi, CONTINUE_ON_FAILURE): Expected element property value '1' is not equal with actual property value '2'

2022-03-24 12:48:58 - [MESSAGE][FAILED] - Expected element property value '1' is not equal with actual property value '2'

2022-03-24 12:48:58 - [TEST_STEP][PASSED] - verifyElementPropertyValue(order, "GetDataOrderResponse.ListDataOrder[0].Accessories1", o_acc1, CONTINUE_ON_FAILURE): Verify element property value successfully

2022-03-24 12:48:58 - [MESSAGE][PASSED] - Verify element property value successfully

2022-03-24 12:48:58 - [TEST_STEP][PASSED] - verifyElementPropertyValue(order, "GetDataOrderResponse.ListDataOrder[0].Accessories2", o_acc2, CONTINUE_ON_FAILURE): Verify element property value successfully

2022-03-24 12:48:58 - [MESSAGE][PASSED] - Verify element property value successfully

2022-03-24 12:48:58 - [TEST_STEP][PASSED] - verifyElementPropertyValue(order, "GetDataOrderResponse.ListDataOrder[0].Accessories3", o_acc3, CONTINUE_ON_FAILURE): Verify element property value successfully

2022-03-24 12:48:58 - [MESSAGE][PASSED] - Verify element property value successfully

2022-03-24 12:48:58 - [TEST_STEP][PASSED] - verifyElementPropertyValue(order, "GetDataOrderResponse.ListDataOrder[0].Accessories4", o_acc4, CONTINUE_ON_FAILURE): Verify element property value successfully

2022-03-24 12:48:58 - [MESSAGE][PASSED] - Verify element property value successfully

2022-03-24 12:48:58 - [TEST_STEP][PASSED] - verifyElementPropertyValue(order, "GetDataOrderResponse.ListDataOrder[0].Accessories5", o_acc5, CONTINUE_ON_FAILURE): Verify element property value successfully

2022-03-24 12:48:58 - [MESSAGE][PASSED] - Verify element property value successfully

2022-03-24 12:48:58 - [TEST_STEP][PASSED] - verifyElementPropertyValue(order, "GetDataOrderResponse.ListDataOrder[0].HargaAccessories1", o_harga_acc1, CONTINUE_ON_FAILURE): Verify element property value successfully

2022-03-24 12:48:58 - [MESSAGE][PASSED] - Verify element property value successfully

2022-03-24 12:48:58 - [TEST_STEP][PASSED] - verifyElementPropertyValue(order, "GetDataOrderResponse.ListDataOrder[0].HargaAccessories2", o_harga_acc2, CONTINUE_ON_FAILURE): Verify element property value successfully

2022-03-24 12:48:58 - [MESSAGE][PASSED] - Verify element property value successfully

2022-03-24 12:48:58 - [TEST_STEP][PASSED] - verifyElementPropertyValue(order, "GetDataOrderResponse.ListDataOrder[0].HargaAccessories3", o_harga_acc3, CONTINUE_ON_FAILURE): Verify element property value successfully

2022-03-24 12:48:58 - [MESSAGE][PASSED] - Verify element property value successfully

2022-03-24 12:48:58 - [TEST_STEP][PASSED] - verifyElementPropertyValue(order, "GetDataOrderResponse.ListDataOrder[0].HargaAccessories4", o_harga_acc4, CONTINUE_ON_FAILURE): Verify element property value successfully

2022-03-24 12:48:58 - [MESSAGE][PASSED] - Verify element property value successfully

2022-03-24 12:48:58 - [TEST_STEP][PASSED] - verifyElementPropertyValue(order, "GetDataOrderResponse.ListDataOrder[0].HargaAccessories5", o_harga_acc5, CONTINUE_ON_FAILURE): Verify element property value successfully

2022-03-24 12:49:20 - [MESSAGE][PASSED] - Verify element property value successfully

2022-03-24 12:49:20 - [TEST_STEP][PASSED] - verifyElementPropertyValue(order, "GetDataOrderResponse.ListDataOrder[0].OverKredit", o_overkredit, CONTINUE_ON_FAILURE): Verify element property value successfully

2022-03-24 12:49:20 - [MESSAGE][PASSED] - Verify element property value successfully

2022-03-24 12:49:20 - [TEST_STEP][PASSED] - verifyElementPropertyValue(order, "GetDataOrderResponse.ListDataOrder[0].Restructure", o_restructure, CONTINUE_ON_FAILURE): Verify element property value successfully

2022-03-24 12:49:20 - [MESSAGE][PASSED] - Verify element property value successfully

2022-03-24 12:49:20 - [TEST_STEP][PASSED] - verifyElementPropertyValue(order, "GetDataOrderResponse.ListDataOrder[0].NoPolisLama", o_nopol_lama, CONTINUE_ON_FAILURE): Verify element property value successfully

2022-03-24 12:49:20 - [MESSAGE][PASSED] - Verify element property value successfully

2022-03-24 12:49:20 - [TEST_STEP][PASSED] - verifyElementPropertyValue(order, "GetDataOrderResponse.ListDataOrder[0].MailAddress", o_mail_addr, CONTINUE_ON_FAILURE): Verify element property value successfully

2022-03-24 12:49:20 - [MESSAGE][PASSED] - Verify element property value successfully

2022-03-24 12:49:20 - [TEST_STEP][PASSED] - verifyElementPropertyValue(order, "GetDataOrderResponse.ListDataOrder[0].KabKodya", o_kab_kodya, CONTINUE_ON_FAILURE): Verify element property value successfully

2022-03-24 12:49:20 - [MESSAGE][PASSED] - Verify element property value successfully

2022-03-24 12:49:20 - [TEST_STEP][FAILED] - verifyElementPropertyValue(order, "GetDataOrderResponse.ListDataOrder[0].PostalCode", o_postal_code, CONTINUE_ON_FAILURE): Expected element property value '14460' is not equal with actual property value '12610'

2022-03-24 12:49:20 - [MESSAGE][FAILED] - Expected element property value '14460' is not equal with actual property value '12610'

2022-03-24 12:49:20 - [TEST_STEP][PASSED] - verifyElementPropertyValue(order, "GetDataOrderResponse.ListDataOrder[0].PaketMobil", o_packet, CONTINUE_ON_FAILURE): Verify element property value successfully

2022-03-24 12:49:20 - [MESSAGE][PASSED] - Verify element property value successfully

2022-03-24 12:49:20 - [TEST_STEP][PASSED] - verifyElementPropertyValue(order, "GetDataOrderResponse.ListDataOrder[0].CustType", o_cust_type, CONTINUE_ON_FAILURE): Verify element property value successfully

2022-03-24 12:49:20 - [MESSAGE][PASSED] - Verify element property value successfully

2022-03-24 12:49:20 - [TEST_STEP][FAILED] - verifyElementPropertyValue(order, "GetDataOrderResponse.ListDataOrder[0].IdentityNo", o_nik, CONTINUE_ON_FAILURE): Expected element property value 'SCRAMBLE' is not equal with actual property value '09.5307.120661.7004'

2022-03-24 12:49:20 - [MESSAGE][FAILED] - Expected element property value 'SCRAMBLE' is not equal with actual property value '09.5307.120661.7004'

2022-03-24 12:49:20 - [TEST_STEP][PASSED] - verifyElementPropertyValue(order, "GetDataOrderResponse.ListDataOrder[0].BirthPlace", o_birth_place, CONTINUE_ON_FAILURE): Verify element property value successfully

2022-03-24 12:49:20 - [MESSAGE][PASSED] - Verify element property value successfully

2022-03-24 12:49:20 - [TEST_STEP][FAILED] - verifyElementPropertyValue(order, "GetDataOrderResponse.ListDataOrder[0].BirthDate", o_birth_date, CONTINUE_ON_FAILURE): Expected element property value '20220212' is not equal with actual property value '19610612'

2022-03-24 12:49:20 - [MESSAGE][FAILED] - Expected element property value '20220212' is not equal with actual property value '19610612'

2022-03-24 12:49:20 - [TEST_STEP][PASSED] - verifyElementPropertyValue(order, "GetDataOrderResponse.ListDataOrder[0].Occupation", o_occp, CONTINUE_ON_FAILURE): Verify element property value successfully

2022-03-24 12:49:20 - [MESSAGE][PASSED] - Verify element property value successfully

2022-03-24 12:49:20 - [TEST_STEP][PASSED] - verifyElementPropertyValue(order, "GetDataOrderResponse.ListDataOrder[0].AlamatKTP", o_ktp_addr, CONTINUE_ON_FAILURE): Verify element property value successfully

2022-03-24 12:49:20 - [MESSAGE][PASSED] - Verify element property value successfully

2022-03-24 12:49:20 - [TEST_STEP][PASSED] - verifyElementPropertyValue(order, "GetDataOrderResponse.ListDataOrder[0].KelurahanKTP", o_ktp_kel, CONTINUE_ON_FAILURE): Verify element property value successfully

2022-03-24 12:49:20 - [MESSAGE][PASSED] - Verify element property value successfully

2022-03-24 12:49:20 - [TEST_STEP][PASSED] - verifyElementPropertyValue(order, "GetDataOrderResponse.ListDataOrder[0].KecamatanKTP", o_ktp_kec, CONTINUE_ON_FAILURE): Verify element property value successfully

2022-03-24 12:49:20 - [MESSAGE][PASSED] - Verify element property value successfully

2022-03-24 12:49:20 - [TEST_STEP][PASSED] - verifyElementPropertyValue(order, "GetDataOrderResponse.ListDataOrder[0].KabKodyaKTP", o_ktp_kabkodya, CONTINUE_ON_FAILURE): Verify element property value successfully

2022-03-24 12:49:20 - [MESSAGE][PASSED] - Verify element property value successfully

2022-03-24 12:49:20 - [TEST_STEP][PASSED] - verifyElementPropertyValue(order, "GetDataOrderResponse.ListDataOrder[0].ProvinsiKTP", o_ktp_prov, CONTINUE_ON_FAILURE): Verify element property value successfully

2022-03-24 12:49:20 - [MESSAGE][PASSED] - Verify element property value successfully

2022-03-24 12:49:20 - [TEST_STEP][FAILED] - verifyElementPropertyValue(order, "GetDataOrderResponse.ListDataOrder[0].PostalCodeKTP", o_ktp_postal_code, CONTINUE_ON_FAILURE): Expected element property value '14460' is not equal with actual property value '12610'

2022-03-24 12:49:20 - [MESSAGE][FAILED] - Expected element property value '14460' is not equal with actual property value '12610'

2022-03-24 12:49:20 - [TEST_STEP][FAILED] - verifyElementPropertyValue(order, "GetDataOrderResponse.ListDataOrder[0].DealerName", o_ktp_dealer_name, CONTINUE_ON_FAILURE): Expected element property value 'Astrido Toyota Fatmawati' is not equal with actual property value '21 Auto Cars'

2022-03-24 12:49:20 - [MESSAGE][FAILED] - Expected element property value 'Astrido Toyota Fatmawati' is not equal with actual property value '21 Auto Cars'

2022-03-24 12:49:20 - [TEST_STEP][FAILED] - switch (tenor): null

2022-03-24 12:49:20 - [TEST_STEP][FAILED] - case "5":: null

2022-03-24 12:49:20 - [TEST_STEP][PASSED] - order2 = sendRequest(findTestObject("3. Get-data-order", ["s_key":global_token, "c_id":c_id, "order_date":order_date, "page":page, "rows":rows])): Send request successfully

2022-03-24 12:49:21 - [MESSAGE][INFO] - HAR: I:\app-testing\app-project\Order car insurance\order-car-insurance\Reports\20220324_124757\Get data order\20220324_124758\requests\main\26.har

2022-03-24 12:49:21 - [MESSAGE][PASSED] - Send request successfully

2022-03-24 12:49:21 - [TEST_STEP][PASSED] - get_order2 = order.getResponseText(): null

2022-03-24 12:49:21 - [TEST_STEP][FAILED] - verifyElementPropertyValue(order, "GetDataOrderResponse.ListDataOrder[0].InsuranceData[0].KondisiPertanggungan", o_kond_pertanggungan_0, CONTINUE_ON_FAILURE): Expected element property value ' ' is not equal with actual property value ''

2022-03-24 12:49:21 - [MESSAGE][FAILED] - Expected element property value ' ' is not equal with actual property value ''

2022-03-24 12:49:21 - [TEST_STEP][PASSED] - verifyElementPropertyValue(order, "GetDataOrderResponse.ListDataOrder[0].InsuranceData[0].TJH", o_tjh_header_0, CONTINUE_ON_FAILURE): Verify element property value successfully

2022-03-24 12:49:21 - [MESSAGE][PASSED] - Verify element property value successfully

2022-03-24 12:49:21 - [TEST_STEP][FAILED] - verifyElementPropertyValue(order, "GetDataOrderResponse.ListDataOrder[0].InsuranceData[0].InsuredValue", o_ins_val_0, CONTINUE_ON_FAILURE): Expected element property value '272100000.00' is not equal with actual property value '360000000.00'

2022-03-24 12:49:21 - [MESSAGE][FAILED] - Expected element property value '272100000.00' is not equal with actual property value '360000000.00'

2022-03-24 12:49:21 - [TEST_STEP][PASSED] - verifyElementPropertyValue(order, "GetDataOrderResponse.ListDataOrder[0].InsuranceData[0].InsuredFrom", o_ins_form_0, CONTINUE_ON_FAILURE): Verify element property value successfully

2022-03-24 12:49:21 - [MESSAGE][PASSED] - Verify element property value successfully

2022-03-24 12:49:21 - [TEST_STEP][PASSED] - verifyElementPropertyValue(order, "GetDataOrderResponse.ListDataOrder[0].InsuranceData[0].InsuredTo", o_ins_to_0, CONTINUE_ON_FAILURE): Verify element property value successfully

2022-03-24 12:49:21 - [MESSAGE][PASSED] - Verify element property value successfully

2022-03-24 12:49:21 - [TEST_STEP][PASSED] - verifyElementPropertyValue(order, "GetDataOrderResponse.ListDataOrder[0].InsuranceData[0].Rate", o_rate_0, CONTINUE_ON_FAILURE): Verify element property value successfully

2022-03-24 12:49:21 - [MESSAGE][PASSED] - Verify element property value successfully

2022-03-24 12:49:21 - [TEST_STEP][FAILED] - verifyElementPropertyValue(order, "GetDataOrderResponse.ListDataOrder[0].InsuranceData[0].GrossPremi", o_gross_premi_0, CONTINUE_ON_FAILURE): Expected element property value '4131566.00' is not equal with actual property value '5466240.00'

2022-03-24 12:49:21 - [MESSAGE][FAILED] - Expected element property value '4131566.00' is not equal with actual property value '5466240.00'

2022-03-24 12:49:21 - [TEST_STEP][PASSED] - verifyElementPropertyValue(order, "GetDataOrderResponse.ListDataOrder[0].InsuranceData[0].Discount", o_discount_0, CONTINUE_ON_FAILURE): Verify element property value successfully

2022-03-24 12:49:21 - [MESSAGE][PASSED] - Verify element property value successfully

2022-03-24 12:49:21 - [TEST_STEP][PASSED] - verifyElementPropertyValue(order, "GetDataOrderResponse.ListDataOrder[0].InsuranceData[0].Adm", o_adm_0, CONTINUE_ON_FAILURE): Verify element property value successfully

2022-03-24 12:49:21 - [MESSAGE][PASSED] - Verify element property value successfully

2022-03-24 12:49:21 - [TEST_STEP][FAILED] - verifyElementPropertyValue(order, "GetDataOrderResponse.ListDataOrder[0].InsuranceData[0].NetPremi", o_netpremi_0, CONTINUE_ON_FAILURE): Expected element property value '4131566.00' is not equal with actual property value '5466240.00'

2022-03-24 12:49:21 - [MESSAGE][FAILED] - Expected element property value '4131566.00' is not equal with actual property value '5466240.00'

2022-03-24 12:49:21 - [TEST_STEP][PASSED] - verifyElementPropertyValue(order, "GetDataOrderResponse.ListDataOrder[0].InsuranceData[0].PerluasanJaminan.TJH", o_tjh_val_0, CONTINUE_ON_FAILURE): Verify element property value successfully

2022-03-24 12:49:21 - [MESSAGE][PASSED] - Verify element property value successfully

2022-03-24 12:49:21 - [TEST_STEP][PASSED] - verifyElementPropertyValue(order, "GetDataOrderResponse.ListDataOrder[0].InsuranceData[0].PerluasanJaminan.RSCC", o_rscc_val_0, CONTINUE_ON_FAILURE): Verify element property value successfully

2022-03-24 12:49:21 - [MESSAGE][PASSED] - Verify element property value successfully

2022-03-24 12:49:21 - [TEST_STEP][PASSED] - verifyElementPropertyValue(order, "GetDataOrderResponse.ListDataOrder[0].InsuranceData[0].PerluasanJaminan.Banjir", o_rsmb_val_0, CONTINUE_ON_FAILURE): Verify element property value successfully

2022-03-24 12:49:21 - [MESSAGE][PASSED] - Verify element property value successfully

2022-03-24 12:49:21 - [TEST_STEP][PASSED] - verifyElementPropertyValue(order, "GetDataOrderResponse.ListDataOrder[0].InsuranceData[0].PerluasanJaminan.Accessories", o_acc_val_0, CONTINUE_ON_FAILURE): Verify element property value successfully

2022-03-24 12:49:21 - [MESSAGE][PASSED] - Verify element property value successfully

2022-03-24 12:49:21 - [TEST_STEP][PASSED] - verifyElementPropertyValue(order, "GetDataOrderResponse.ListDataOrder[0].InsuranceData[1].KondisiPertanggungan", o_kond_pertanggungan_1, CONTINUE_ON_FAILURE): Verify element property value successfully

2022-03-24 12:49:21 - [MESSAGE][PASSED] - Verify element property value successfully

2022-03-24 12:49:21 - [TEST_STEP][PASSED] - verifyElementPropertyValue(order, "GetDataOrderResponse.ListDataOrder[0].InsuranceData[1].TJH", o_tjh_header_1, CONTINUE_ON_FAILURE): Verify element property value successfully

2022-03-24 12:49:21 - [MESSAGE][PASSED] - Verify element property value successfully

2022-03-24 12:49:21 - [TEST_STEP][FAILED] - verifyElementPropertyValue(order, "GetDataOrderResponse.ListDataOrder[0].InsuranceData[1].InsuredValue", o_ins_val_1, CONTINUE_ON_FAILURE): Expected element property value '272100000.00' is not equal with actual property value '360000000.00'

2022-03-24 12:49:21 - [MESSAGE][FAILED] - Expected element property value '272100000.00' is not equal with actual property value '360000000.00'

2022-03-24 12:49:21 - [TEST_STEP][PASSED] - verifyElementPropertyValue(order, "GetDataOrderResponse.ListDataOrder[0].InsuranceData[1].InsuredFrom", o_ins_form_1, CONTINUE_ON_FAILURE): Verify element property value successfully

2022-03-24 12:49:21 - [MESSAGE][PASSED] - Verify element property value successfully

2022-03-24 12:49:21 - [TEST_STEP][PASSED] - verifyElementPropertyValue(order, "GetDataOrderResponse.ListDataOrder[0].InsuranceData[1].InsuredTo", o_ins_to_1, CONTINUE_ON_FAILURE): Verify element property value successfully

2022-03-24 12:49:21 - [MESSAGE][PASSED] - Verify element property value successfully

2022-03-24 12:49:21 - [TEST_STEP][PASSED] - verifyElementPropertyValue(order, "GetDataOrderResponse.ListDataOrder[0].InsuranceData[1].Rate", o_rate_1, CONTINUE_ON_FAILURE): Verify element property value successfully

2022-03-24 12:49:21 - [MESSAGE][PASSED] - Verify element property value successfully

2022-03-24 12:49:21 - [TEST_STEP][FAILED] - verifyElementPropertyValue(order, "GetDataOrderResponse.ListDataOrder[0].InsuranceData[1].GrossPremi", o_gross_premi_1, CONTINUE_ON_FAILURE): Expected element property value '4131566.00' is not equal with actual property value '998640.00'

2022-03-24 12:49:21 - [MESSAGE][FAILED] - Expected element property value '4131566.00' is not equal with actual property value '998640.00'

2022-03-24 12:49:21 - [TEST_STEP][PASSED] - verifyElementPropertyValue(order, "GetDataOrderResponse.ListDataOrder[0].InsuranceData[1].Discount", o_discount_1, CONTINUE_ON_FAILURE): Verify element property value successfully

2022-03-24 12:49:21 - [MESSAGE][PASSED] - Verify element property value successfully

2022-03-24 12:49:21 - [TEST_STEP][PASSED] - verifyElementPropertyValue(order, "GetDataOrderResponse.ListDataOrder[0].InsuranceData[1].Adm", o_adm_1, CONTINUE_ON_FAILURE): Verify element property value successfully

2022-03-24 12:49:21 - [MESSAGE][PASSED] - Verify element property value successfully

2022-03-24 12:49:21 - [TEST_STEP][FAILED] - verifyElementPropertyValue(order, "GetDataOrderResponse.ListDataOrder[0].InsuranceData[1].NetPremi", o_netpremi_1, CONTINUE_ON_FAILURE): Expected element property value '754805.00' is not equal with actual property value '998640.00'

2022-03-24 12:49:21 - [MESSAGE][FAILED] - Expected element property value '754805.00' is not equal with actual property value '998640.00'

2022-03-24 12:49:21 - [TEST_STEP][PASSED] - verifyElementPropertyValue(order, "GetDataOrderResponse.ListDataOrder[0].InsuranceData[1].PerluasanJaminan.TJH", o_tjh_val_1, CONTINUE_ON_FAILURE): Verify element property value successfully

2022-03-24 12:49:21 - [MESSAGE][PASSED] - Verify element property value successfully

2022-03-24 12:49:21 - [TEST_STEP][PASSED] - verifyElementPropertyValue(order, "GetDataOrderResponse.ListDataOrder[0].InsuranceData[1].PerluasanJaminan.RSCC", o_rscc_val_1, CONTINUE_ON_FAILURE): Verify element property value successfully

2022-03-24 12:49:21 - [MESSAGE][PASSED] - Verify element property value successfully

2022-03-24 12:49:21 - [TEST_STEP][PASSED] - verifyElementPropertyValue(order, "GetDataOrderResponse.ListDataOrder[0].InsuranceData[1].PerluasanJaminan.Banjir", o_rsmb_val_1, CONTINUE_ON_FAILURE): Verify element property value successfully

2022-03-24 12:49:21 - [MESSAGE][PASSED] - Verify element property value successfully

2022-03-24 12:49:21 - [TEST_STEP][PASSED] - verifyElementPropertyValue(order, "GetDataOrderResponse.ListDataOrder[0].InsuranceData[1].PerluasanJaminan.Accessories", o_acc_val_1, CONTINUE_ON_FAILURE): Verify element property value successfully

2022-03-24 12:49:21 - [MESSAGE][PASSED] - Verify element property value successfully

2022-03-24 12:49:21 - [TEST_STEP][PASSED] - verifyElementPropertyValue(order, "GetDataOrderResponse.ListDataOrder[0].InsuranceData[2].KondisiPertanggungan", o_kond_pertanggungan_2, CONTINUE_ON_FAILURE): Verify element property value successfully

2022-03-24 12:49:22 - [MESSAGE][PASSED] - Verify element property value successfully

2022-03-24 12:49:22 - [TEST_STEP][PASSED] - verifyElementPropertyValue(order, "GetDataOrderResponse.ListDataOrder[0].InsuranceData[2].TJH", o_tjh_header_2, CONTINUE_ON_FAILURE): Verify element property value successfully

2022-03-24 12:49:22 - [MESSAGE][PASSED] - Verify element property value successfully

2022-03-24 12:49:22 - [TEST_STEP][FAILED] - verifyElementPropertyValue(order, "GetDataOrderResponse.ListDataOrder[0].InsuranceData[2].InsuredValue", o_ins_val_2, CONTINUE_ON_FAILURE): Expected element property value '272100000.00' is not equal with actual property value '360000000.00'

2022-03-24 12:49:22 - [MESSAGE][FAILED] - Expected element property value '272100000.00' is not equal with actual property value '360000000.00'

2022-03-24 12:49:22 - [TEST_STEP][PASSED] - verifyElementPropertyValue(order, "GetDataOrderResponse.ListDataOrder[0].InsuranceData[2].InsuredFrom", o_ins_form_2, CONTINUE_ON_FAILURE): Verify element property value successfully

2022-03-24 12:49:22 - [MESSAGE][PASSED] - Verify element property value successfully

2022-03-24 12:49:22 - [TEST_STEP][PASSED] - verifyElementPropertyValue(order, "GetDataOrderResponse.ListDataOrder[0].InsuranceData[2].InsuredTo", o_ins_to_2, CONTINUE_ON_FAILURE): Verify element property value successfully

2022-03-24 12:49:22 - [MESSAGE][PASSED] - Verify element property value successfully

2022-03-24 12:49:22 - [TEST_STEP][PASSED] - verifyElementPropertyValue(order, "GetDataOrderResponse.ListDataOrder[0].InsuranceData[2].Rate", o_rate_2, CONTINUE_ON_FAILURE): Verify element property value successfully

2022-03-24 12:49:22 - [MESSAGE][PASSED] - Verify element property value successfully

2022-03-24 12:49:22 - [TEST_STEP][FAILED] - verifyElementPropertyValue(order, "GetDataOrderResponse.ListDataOrder[0].InsuranceData[2].GrossPremi", o_gross_premi_2, CONTINUE_ON_FAILURE): Expected element property value '0.28' is not equal with actual property value '998640.00'

2022-03-24 12:49:22 - [MESSAGE][FAILED] - Expected element property value '0.28' is not equal with actual property value '998640.00'

2022-03-24 12:49:22 - [TEST_STEP][PASSED] - verifyElementPropertyValue(order, "GetDataOrderResponse.ListDataOrder[0].InsuranceData[2].Discount", o_discount_2, CONTINUE_ON_FAILURE): Verify element property value successfully

2022-03-24 12:49:22 - [MESSAGE][PASSED] - Verify element property value successfully

2022-03-24 12:49:22 - [TEST_STEP][PASSED] - verifyElementPropertyValue(order, "GetDataOrderResponse.ListDataOrder[0].InsuranceData[2].Adm", o_adm_2, CONTINUE_ON_FAILURE): Verify element property value successfully

2022-03-24 12:49:22 - [MESSAGE][PASSED] - Verify element property value successfully

2022-03-24 12:49:22 - [TEST_STEP][FAILED] - verifyElementPropertyValue(order, "GetDataOrderResponse.ListDataOrder[0].InsuranceData[2].NetPremi", o_netpremi_2, CONTINUE_ON_FAILURE): Expected element property value '754805.00' is not equal with actual property value '998640.00'

2022-03-24 12:49:22 - [MESSAGE][FAILED] - Expected element property value '754805.00' is not equal with actual property value '998640.00'

2022-03-24 12:49:22 - [TEST_STEP][PASSED] - verifyElementPropertyValue(order, "GetDataOrderResponse.ListDataOrder[0].InsuranceData[2].PerluasanJaminan.TJH", o_tjh_val_2, CONTINUE_ON_FAILURE): Verify element property value successfully

2022-03-24 12:49:22 - [MESSAGE][PASSED] - Verify element property value successfully

2022-03-24 12:49:22 - [TEST_STEP][PASSED] - verifyElementPropertyValue(order, "GetDataOrderResponse.ListDataOrder[0].InsuranceData[2].PerluasanJaminan.RSCC", o_rscc_val_2, CONTINUE_ON_FAILURE): Verify element property value successfully

2022-03-24 12:49:22 - [MESSAGE][PASSED] - Verify element property value successfully

2022-03-24 12:49:22 - [TEST_STEP][PASSED] - verifyElementPropertyValue(order, "GetDataOrderResponse.ListDataOrder[0].InsuranceData[2].PerluasanJaminan.Banjir", o_rsmb_val_2, CONTINUE_ON_FAILURE): Verify element property value successfully

2022-03-24 12:49:22 - [MESSAGE][PASSED] - Verify element property value successfully

2022-03-24 12:49:22 - [TEST_STEP][PASSED] - verifyElementPropertyValue(order, "GetDataOrderResponse.ListDataOrder[0].InsuranceData[2].PerluasanJaminan.Accessories", o_acc_val_2, CONTINUE_ON_FAILURE): Verify element property value successfully

2022-03-24 12:49:22 - [MESSAGE][PASSED] - Verify element property value successfully

2022-03-24 12:49:22 - [TEST_STEP][FAILED] - verifyElementPropertyValue(order, "GetDataOrderResponse.ListDataOrder[0].InsuranceData[3].KondisiPertanggungan", o_kond_pertanggungan_3, CONTINUE_ON_FAILURE): Unable to verify element property value (Root cause: java.lang.NullPointerException: Cannot get property 'KondisiPertanggungan' on null object
	at Script1.run(Script1.groovy:1)
	at com.kms.katalon.core.webservice.helper.WebServiceCommonHelper.parseAndGetPropertyValueForJson(WebServiceCommonHelper.java:213)
	at com.kms.katalon.core.webservice.keyword.builtin.VerifyElementPropertyValueKeyword$_verifyElementPropertyValue_closure1.doCall(VerifyElementPropertyValueKeyword.groovy:52)
	at com.kms.katalon.core.webservice.keyword.builtin.VerifyElementPropertyValueKeyword$_verifyElementPropertyValue_closure1.call(VerifyElementPropertyValueKeyword.groovy)
	at com.kms.katalon.core.keyword.internal.KeywordMain.runKeyword(KeywordMain.groovy:74)
	at com.kms.katalon.core.webservice.keyword.builtin.VerifyElementPropertyValueKeyword.verifyElementPropertyValue(VerifyElementPropertyValueKeyword.groovy:48)
	at com.kms.katalon.core.webservice.keyword.builtin.VerifyElementPropertyValueKeyword.execute(VerifyElementPropertyValueKeyword.groovy:43)
	at com.kms.katalon.core.keyword.internal.KeywordExecutor.executeKeywordForPlatform(KeywordExecutor.groovy:74)
	at com.kms.katalon.core.webservice.keyword.WSBuiltInKeywords.verifyElementPropertyValue(WSBuiltInKeywords.groovy:175)
	at com.kms.katalon.core.webservice.keyword.WSBuiltInKeywords$verifyElementPropertyValue$0.call(Unknown Source)
	at 1. get token - data order.run(1. get token - data order:714)
	at com.kms.katalon.core.main.ScriptEngine.run(ScriptEngine.java:194)
	at com.kms.katalon.core.main.ScriptEngine.runScriptAsRawText(ScriptEngine.java:119)
	at com.kms.katalon.core.main.TestCaseExecutor.runScript(TestCaseExecutor.java:442)
	at com.kms.katalon.core.main.TestCaseExecutor.doExecute(TestCaseExecutor.java:433)
	at com.kms.katalon.core.main.TestCaseExecutor.processExecutionPhase(TestCaseExecutor.java:412)
	at com.kms.katalon.core.main.TestCaseExecutor.accessMainPhase(TestCaseExecutor.java:404)
	at com.kms.katalon.core.main.TestCaseExecutor.execute(TestCaseExecutor.java:281)
	at com.kms.katalon.core.main.TestSuiteExecutor.accessTestCaseMainPhase(TestSuiteExecutor.java:202)
	at com.kms.katalon.core.main.TestSuiteExecutor.accessTestSuiteMainPhase(TestSuiteExecutor.java:164)
	at com.kms.katalon.core.main.TestSuiteExecutor.execute(TestSuiteExecutor.java:105)
	at com.kms.katalon.core.main.TestCaseMain.startTestSuite(TestCaseMain.java:181)
	at com.kms.katalon.core.main.TestCaseMain$startTestSuite$0.call(Unknown Source)
	at TempTestSuite1648100878643.run(TempTestSuite1648100878643.groovy:36)
)

2022-03-24 12:49:22 - [MESSAGE][FAILED] - Unable to verify element property value (Root cause: java.lang.NullPointerException: Cannot get property 'KondisiPertanggungan' on null object
	at Script1.run(Script1.groovy:1)
	at com.kms.katalon.core.webservice.helper.WebServiceCommonHelper.parseAndGetPropertyValueForJson(WebServiceCommonHelper.java:213)
	at com.kms.katalon.core.webservice.keyword.builtin.VerifyElementPropertyValueKeyword$_verifyElementPropertyValue_closure1.doCall(VerifyElementPropertyValueKeyword.groovy:52)
	at com.kms.katalon.core.webservice.keyword.builtin.VerifyElementPropertyValueKeyword$_verifyElementPropertyValue_closure1.call(VerifyElementPropertyValueKeyword.groovy)
	at com.kms.katalon.core.keyword.internal.KeywordMain.runKeyword(KeywordMain.groovy:74)
	at com.kms.katalon.core.webservice.keyword.builtin.VerifyElementPropertyValueKeyword.verifyElementPropertyValue(VerifyElementPropertyValueKeyword.groovy:48)
	at com.kms.katalon.core.webservice.keyword.builtin.VerifyElementPropertyValueKeyword.execute(VerifyElementPropertyValueKeyword.groovy:43)
	at com.kms.katalon.core.keyword.internal.KeywordExecutor.executeKeywordForPlatform(KeywordExecutor.groovy:74)
	at com.kms.katalon.core.webservice.keyword.WSBuiltInKeywords.verifyElementPropertyValue(WSBuiltInKeywords.groovy:175)
	at com.kms.katalon.core.webservice.keyword.WSBuiltInKeywords$verifyElementPropertyValue$0.call(Unknown Source)
	at 1. get token - data order.run(1. get token - data order:714)
	at com.kms.katalon.core.main.ScriptEngine.run(ScriptEngine.java:194)
	at com.kms.katalon.core.main.ScriptEngine.runScriptAsRawText(ScriptEngine.java:119)
	at com.kms.katalon.core.main.TestCaseExecutor.runScript(TestCaseExecutor.java:442)
	at com.kms.katalon.core.main.TestCaseExecutor.doExecute(TestCaseExecutor.java:433)
	at com.kms.katalon.core.main.TestCaseExecutor.processExecutionPhase(TestCaseExecutor.java:412)
	at com.kms.katalon.core.main.TestCaseExecutor.accessMainPhase(TestCaseExecutor.java:404)
	at com.kms.katalon.core.main.TestCaseExecutor.execute(TestCaseExecutor.java:281)
	at com.kms.katalon.core.main.TestSuiteExecutor.accessTestCaseMainPhase(TestSuiteExecutor.java:202)
	at com.kms.katalon.core.main.TestSuiteExecutor.accessTestSuiteMainPhase(TestSuiteExecutor.java:164)
	at com.kms.katalon.core.main.TestSuiteExecutor.execute(TestSuiteExecutor.java:105)
	at com.kms.katalon.core.main.TestCaseMain.startTestSuite(TestCaseMain.java:181)
	at com.kms.katalon.core.main.TestCaseMain$startTestSuite$0.call(Unknown Source)
	at TempTestSuite1648100878643.run(TempTestSuite1648100878643.groovy:36)
)

2022-03-24 12:49:22 - [TEST_STEP][FAILED] - verifyElementPropertyValue(order, "GetDataOrderResponse.ListDataOrder[0].InsuranceData[3].TJH", o_tjh_header_3, CONTINUE_ON_FAILURE): Unable to verify element property value (Root cause: java.lang.NullPointerException: Cannot get property 'TJH' on null object
	at Script1.run(Script1.groovy:1)
	at com.kms.katalon.core.webservice.helper.WebServiceCommonHelper.parseAndGetPropertyValueForJson(WebServiceCommonHelper.java:213)
	at com.kms.katalon.core.webservice.keyword.builtin.VerifyElementPropertyValueKeyword$_verifyElementPropertyValue_closure1.doCall(VerifyElementPropertyValueKeyword.groovy:52)
	at com.kms.katalon.core.webservice.keyword.builtin.VerifyElementPropertyValueKeyword$_verifyElementPropertyValue_closure1.call(VerifyElementPropertyValueKeyword.groovy)
	at com.kms.katalon.core.keyword.internal.KeywordMain.runKeyword(KeywordMain.groovy:74)
	at com.kms.katalon.core.webservice.keyword.builtin.VerifyElementPropertyValueKeyword.verifyElementPropertyValue(VerifyElementPropertyValueKeyword.groovy:48)
	at com.kms.katalon.core.webservice.keyword.builtin.VerifyElementPropertyValueKeyword.execute(VerifyElementPropertyValueKeyword.groovy:43)
	at com.kms.katalon.core.keyword.internal.KeywordExecutor.executeKeywordForPlatform(KeywordExecutor.groovy:74)
	at com.kms.katalon.core.webservice.keyword.WSBuiltInKeywords.verifyElementPropertyValue(WSBuiltInKeywords.groovy:175)
	at com.kms.katalon.core.webservice.keyword.WSBuiltInKeywords$verifyElementPropertyValue$0.call(Unknown Source)
	at 1. get token - data order.run(1. get token - data order:717)
	at com.kms.katalon.core.main.ScriptEngine.run(ScriptEngine.java:194)
	at com.kms.katalon.core.main.ScriptEngine.runScriptAsRawText(ScriptEngine.java:119)
	at com.kms.katalon.core.main.TestCaseExecutor.runScript(TestCaseExecutor.java:442)
	at com.kms.katalon.core.main.TestCaseExecutor.doExecute(TestCaseExecutor.java:433)
	at com.kms.katalon.core.main.TestCaseExecutor.processExecutionPhase(TestCaseExecutor.java:412)
	at com.kms.katalon.core.main.TestCaseExecutor.accessMainPhase(TestCaseExecutor.java:404)
	at com.kms.katalon.core.main.TestCaseExecutor.execute(TestCaseExecutor.java:281)
	at com.kms.katalon.core.main.TestSuiteExecutor.accessTestCaseMainPhase(TestSuiteExecutor.java:202)
	at com.kms.katalon.core.main.TestSuiteExecutor.accessTestSuiteMainPhase(TestSuiteExecutor.java:164)
	at com.kms.katalon.core.main.TestSuiteExecutor.execute(TestSuiteExecutor.java:105)
	at com.kms.katalon.core.main.TestCaseMain.startTestSuite(TestCaseMain.java:181)
	at com.kms.katalon.core.main.TestCaseMain$startTestSuite$0.call(Unknown Source)
	at TempTestSuite1648100878643.run(TempTestSuite1648100878643.groovy:36)
)

2022-03-24 12:49:22 - [MESSAGE][FAILED] - Unable to verify element property value (Root cause: java.lang.NullPointerException: Cannot get property 'TJH' on null object
	at Script1.run(Script1.groovy:1)
	at com.kms.katalon.core.webservice.helper.WebServiceCommonHelper.parseAndGetPropertyValueForJson(WebServiceCommonHelper.java:213)
	at com.kms.katalon.core.webservice.keyword.builtin.VerifyElementPropertyValueKeyword$_verifyElementPropertyValue_closure1.doCall(VerifyElementPropertyValueKeyword.groovy:52)
	at com.kms.katalon.core.webservice.keyword.builtin.VerifyElementPropertyValueKeyword$_verifyElementPropertyValue_closure1.call(VerifyElementPropertyValueKeyword.groovy)
	at com.kms.katalon.core.keyword.internal.KeywordMain.runKeyword(KeywordMain.groovy:74)
	at com.kms.katalon.core.webservice.keyword.builtin.VerifyElementPropertyValueKeyword.verifyElementPropertyValue(VerifyElementPropertyValueKeyword.groovy:48)
	at com.kms.katalon.core.webservice.keyword.builtin.VerifyElementPropertyValueKeyword.execute(VerifyElementPropertyValueKeyword.groovy:43)
	at com.kms.katalon.core.keyword.internal.KeywordExecutor.executeKeywordForPlatform(KeywordExecutor.groovy:74)
	at com.kms.katalon.core.webservice.keyword.WSBuiltInKeywords.verifyElementPropertyValue(WSBuiltInKeywords.groovy:175)
	at com.kms.katalon.core.webservice.keyword.WSBuiltInKeywords$verifyElementPropertyValue$0.call(Unknown Source)
	at 1. get token - data order.run(1. get token - data order:717)
	at com.kms.katalon.core.main.ScriptEngine.run(ScriptEngine.java:194)
	at com.kms.katalon.core.main.ScriptEngine.runScriptAsRawText(ScriptEngine.java:119)
	at com.kms.katalon.core.main.TestCaseExecutor.runScript(TestCaseExecutor.java:442)
	at com.kms.katalon.core.main.TestCaseExecutor.doExecute(TestCaseExecutor.java:433)
	at com.kms.katalon.core.main.TestCaseExecutor.processExecutionPhase(TestCaseExecutor.java:412)
	at com.kms.katalon.core.main.TestCaseExecutor.accessMainPhase(TestCaseExecutor.java:404)
	at com.kms.katalon.core.main.TestCaseExecutor.execute(TestCaseExecutor.java:281)
	at com.kms.katalon.core.main.TestSuiteExecutor.accessTestCaseMainPhase(TestSuiteExecutor.java:202)
	at com.kms.katalon.core.main.TestSuiteExecutor.accessTestSuiteMainPhase(TestSuiteExecutor.java:164)
	at com.kms.katalon.core.main.TestSuiteExecutor.execute(TestSuiteExecutor.java:105)
	at com.kms.katalon.core.main.TestCaseMain.startTestSuite(TestCaseMain.java:181)
	at com.kms.katalon.core.main.TestCaseMain$startTestSuite$0.call(Unknown Source)
	at TempTestSuite1648100878643.run(TempTestSuite1648100878643.groovy:36)
)

2022-03-24 12:49:22 - [TEST_STEP][FAILED] - verifyElementPropertyValue(order, "GetDataOrderResponse.ListDataOrder[0].InsuranceData[3].InsuredValue", o_ins_val_3, CONTINUE_ON_FAILURE): Unable to verify element property value (Root cause: java.lang.NullPointerException: Cannot get property 'InsuredValue' on null object
	at Script1.run(Script1.groovy:1)
	at com.kms.katalon.core.webservice.helper.WebServiceCommonHelper.parseAndGetPropertyValueForJson(WebServiceCommonHelper.java:213)
	at com.kms.katalon.core.webservice.keyword.builtin.VerifyElementPropertyValueKeyword$_verifyElementPropertyValue_closure1.doCall(VerifyElementPropertyValueKeyword.groovy:52)
	at com.kms.katalon.core.webservice.keyword.builtin.VerifyElementPropertyValueKeyword$_verifyElementPropertyValue_closure1.call(VerifyElementPropertyValueKeyword.groovy)
	at com.kms.katalon.core.keyword.internal.KeywordMain.runKeyword(KeywordMain.groovy:74)
	at com.kms.katalon.core.webservice.keyword.builtin.VerifyElementPropertyValueKeyword.verifyElementPropertyValue(VerifyElementPropertyValueKeyword.groovy:48)
	at com.kms.katalon.core.webservice.keyword.builtin.VerifyElementPropertyValueKeyword.execute(VerifyElementPropertyValueKeyword.groovy:43)
	at com.kms.katalon.core.keyword.internal.KeywordExecutor.executeKeywordForPlatform(KeywordExecutor.groovy:74)
	at com.kms.katalon.core.webservice.keyword.WSBuiltInKeywords.verifyElementPropertyValue(WSBuiltInKeywords.groovy:175)
	at com.kms.katalon.core.webservice.keyword.WSBuiltInKeywords$verifyElementPropertyValue$0.call(Unknown Source)
	at 1. get token - data order.run(1. get token - data order:719)
	at com.kms.katalon.core.main.ScriptEngine.run(ScriptEngine.java:194)
	at com.kms.katalon.core.main.ScriptEngine.runScriptAsRawText(ScriptEngine.java:119)
	at com.kms.katalon.core.main.TestCaseExecutor.runScript(TestCaseExecutor.java:442)
	at com.kms.katalon.core.main.TestCaseExecutor.doExecute(TestCaseExecutor.java:433)
	at com.kms.katalon.core.main.TestCaseExecutor.processExecutionPhase(TestCaseExecutor.java:412)
	at com.kms.katalon.core.main.TestCaseExecutor.accessMainPhase(TestCaseExecutor.java:404)
	at com.kms.katalon.core.main.TestCaseExecutor.execute(TestCaseExecutor.java:281)
	at com.kms.katalon.core.main.TestSuiteExecutor.accessTestCaseMainPhase(TestSuiteExecutor.java:202)
	at com.kms.katalon.core.main.TestSuiteExecutor.accessTestSuiteMainPhase(TestSuiteExecutor.java:164)
	at com.kms.katalon.core.main.TestSuiteExecutor.execute(TestSuiteExecutor.java:105)
	at com.kms.katalon.core.main.TestCaseMain.startTestSuite(TestCaseMain.java:181)
	at com.kms.katalon.core.main.TestCaseMain$startTestSuite$0.call(Unknown Source)
	at TempTestSuite1648100878643.run(TempTestSuite1648100878643.groovy:36)
)

2022-03-24 12:49:22 - [MESSAGE][FAILED] - Unable to verify element property value (Root cause: java.lang.NullPointerException: Cannot get property 'InsuredValue' on null object
	at Script1.run(Script1.groovy:1)
	at com.kms.katalon.core.webservice.helper.WebServiceCommonHelper.parseAndGetPropertyValueForJson(WebServiceCommonHelper.java:213)
	at com.kms.katalon.core.webservice.keyword.builtin.VerifyElementPropertyValueKeyword$_verifyElementPropertyValue_closure1.doCall(VerifyElementPropertyValueKeyword.groovy:52)
	at com.kms.katalon.core.webservice.keyword.builtin.VerifyElementPropertyValueKeyword$_verifyElementPropertyValue_closure1.call(VerifyElementPropertyValueKeyword.groovy)
	at com.kms.katalon.core.keyword.internal.KeywordMain.runKeyword(KeywordMain.groovy:74)
	at com.kms.katalon.core.webservice.keyword.builtin.VerifyElementPropertyValueKeyword.verifyElementPropertyValue(VerifyElementPropertyValueKeyword.groovy:48)
	at com.kms.katalon.core.webservice.keyword.builtin.VerifyElementPropertyValueKeyword.execute(VerifyElementPropertyValueKeyword.groovy:43)
	at com.kms.katalon.core.keyword.internal.KeywordExecutor.executeKeywordForPlatform(KeywordExecutor.groovy:74)
	at com.kms.katalon.core.webservice.keyword.WSBuiltInKeywords.verifyElementPropertyValue(WSBuiltInKeywords.groovy:175)
	at com.kms.katalon.core.webservice.keyword.WSBuiltInKeywords$verifyElementPropertyValue$0.call(Unknown Source)
	at 1. get token - data order.run(1. get token - data order:719)
	at com.kms.katalon.core.main.ScriptEngine.run(ScriptEngine.java:194)
	at com.kms.katalon.core.main.ScriptEngine.runScriptAsRawText(ScriptEngine.java:119)
	at com.kms.katalon.core.main.TestCaseExecutor.runScript(TestCaseExecutor.java:442)
	at com.kms.katalon.core.main.TestCaseExecutor.doExecute(TestCaseExecutor.java:433)
	at com.kms.katalon.core.main.TestCaseExecutor.processExecutionPhase(TestCaseExecutor.java:412)
	at com.kms.katalon.core.main.TestCaseExecutor.accessMainPhase(TestCaseExecutor.java:404)
	at com.kms.katalon.core.main.TestCaseExecutor.execute(TestCaseExecutor.java:281)
	at com.kms.katalon.core.main.TestSuiteExecutor.accessTestCaseMainPhase(TestSuiteExecutor.java:202)
	at com.kms.katalon.core.main.TestSuiteExecutor.accessTestSuiteMainPhase(TestSuiteExecutor.java:164)
	at com.kms.katalon.core.main.TestSuiteExecutor.execute(TestSuiteExecutor.java:105)
	at com.kms.katalon.core.main.TestCaseMain.startTestSuite(TestCaseMain.java:181)
	at com.kms.katalon.core.main.TestCaseMain$startTestSuite$0.call(Unknown Source)
	at TempTestSuite1648100878643.run(TempTestSuite1648100878643.groovy:36)
)

2022-03-24 12:49:22 - [TEST_STEP][FAILED] - verifyElementPropertyValue(order, "GetDataOrderResponse.ListDataOrder[0].InsuranceData[3].InsuredFrom", o_ins_form_3, CONTINUE_ON_FAILURE): Unable to verify element property value (Root cause: java.lang.NullPointerException: Cannot get property 'InsuredFrom' on null object
	at Script1.run(Script1.groovy:1)
	at com.kms.katalon.core.webservice.helper.WebServiceCommonHelper.parseAndGetPropertyValueForJson(WebServiceCommonHelper.java:213)
	at com.kms.katalon.core.webservice.keyword.builtin.VerifyElementPropertyValueKeyword$_verifyElementPropertyValue_closure1.doCall(VerifyElementPropertyValueKeyword.groovy:52)
	at com.kms.katalon.core.webservice.keyword.builtin.VerifyElementPropertyValueKeyword$_verifyElementPropertyValue_closure1.call(VerifyElementPropertyValueKeyword.groovy)
	at com.kms.katalon.core.keyword.internal.KeywordMain.runKeyword(KeywordMain.groovy:74)
	at com.kms.katalon.core.webservice.keyword.builtin.VerifyElementPropertyValueKeyword.verifyElementPropertyValue(VerifyElementPropertyValueKeyword.groovy:48)
	at com.kms.katalon.core.webservice.keyword.builtin.VerifyElementPropertyValueKeyword.execute(VerifyElementPropertyValueKeyword.groovy:43)
	at com.kms.katalon.core.keyword.internal.KeywordExecutor.executeKeywordForPlatform(KeywordExecutor.groovy:74)
	at com.kms.katalon.core.webservice.keyword.WSBuiltInKeywords.verifyElementPropertyValue(WSBuiltInKeywords.groovy:175)
	at com.kms.katalon.core.webservice.keyword.WSBuiltInKeywords$verifyElementPropertyValue$0.call(Unknown Source)
	at 1. get token - data order.run(1. get token - data order:722)
	at com.kms.katalon.core.main.ScriptEngine.run(ScriptEngine.java:194)
	at com.kms.katalon.core.main.ScriptEngine.runScriptAsRawText(ScriptEngine.java:119)
	at com.kms.katalon.core.main.TestCaseExecutor.runScript(TestCaseExecutor.java:442)
	at com.kms.katalon.core.main.TestCaseExecutor.doExecute(TestCaseExecutor.java:433)
	at com.kms.katalon.core.main.TestCaseExecutor.processExecutionPhase(TestCaseExecutor.java:412)
	at com.kms.katalon.core.main.TestCaseExecutor.accessMainPhase(TestCaseExecutor.java:404)
	at com.kms.katalon.core.main.TestCaseExecutor.execute(TestCaseExecutor.java:281)
	at com.kms.katalon.core.main.TestSuiteExecutor.accessTestCaseMainPhase(TestSuiteExecutor.java:202)
	at com.kms.katalon.core.main.TestSuiteExecutor.accessTestSuiteMainPhase(TestSuiteExecutor.java:164)
	at com.kms.katalon.core.main.TestSuiteExecutor.execute(TestSuiteExecutor.java:105)
	at com.kms.katalon.core.main.TestCaseMain.startTestSuite(TestCaseMain.java:181)
	at com.kms.katalon.core.main.TestCaseMain$startTestSuite$0.call(Unknown Source)
	at TempTestSuite1648100878643.run(TempTestSuite1648100878643.groovy:36)
)

2022-03-24 12:49:22 - [MESSAGE][FAILED] - Unable to verify element property value (Root cause: java.lang.NullPointerException: Cannot get property 'InsuredFrom' on null object
	at Script1.run(Script1.groovy:1)
	at com.kms.katalon.core.webservice.helper.WebServiceCommonHelper.parseAndGetPropertyValueForJson(WebServiceCommonHelper.java:213)
	at com.kms.katalon.core.webservice.keyword.builtin.VerifyElementPropertyValueKeyword$_verifyElementPropertyValue_closure1.doCall(VerifyElementPropertyValueKeyword.groovy:52)
	at com.kms.katalon.core.webservice.keyword.builtin.VerifyElementPropertyValueKeyword$_verifyElementPropertyValue_closure1.call(VerifyElementPropertyValueKeyword.groovy)
	at com.kms.katalon.core.keyword.internal.KeywordMain.runKeyword(KeywordMain.groovy:74)
	at com.kms.katalon.core.webservice.keyword.builtin.VerifyElementPropertyValueKeyword.verifyElementPropertyValue(VerifyElementPropertyValueKeyword.groovy:48)
	at com.kms.katalon.core.webservice.keyword.builtin.VerifyElementPropertyValueKeyword.execute(VerifyElementPropertyValueKeyword.groovy:43)
	at com.kms.katalon.core.keyword.internal.KeywordExecutor.executeKeywordForPlatform(KeywordExecutor.groovy:74)
	at com.kms.katalon.core.webservice.keyword.WSBuiltInKeywords.verifyElementPropertyValue(WSBuiltInKeywords.groovy:175)
	at com.kms.katalon.core.webservice.keyword.WSBuiltInKeywords$verifyElementPropertyValue$0.call(Unknown Source)
	at 1. get token - data order.run(1. get token - data order:722)
	at com.kms.katalon.core.main.ScriptEngine.run(ScriptEngine.java:194)
	at com.kms.katalon.core.main.ScriptEngine.runScriptAsRawText(ScriptEngine.java:119)
	at com.kms.katalon.core.main.TestCaseExecutor.runScript(TestCaseExecutor.java:442)
	at com.kms.katalon.core.main.TestCaseExecutor.doExecute(TestCaseExecutor.java:433)
	at com.kms.katalon.core.main.TestCaseExecutor.processExecutionPhase(TestCaseExecutor.java:412)
	at com.kms.katalon.core.main.TestCaseExecutor.accessMainPhase(TestCaseExecutor.java:404)
	at com.kms.katalon.core.main.TestCaseExecutor.execute(TestCaseExecutor.java:281)
	at com.kms.katalon.core.main.TestSuiteExecutor.accessTestCaseMainPhase(TestSuiteExecutor.java:202)
	at com.kms.katalon.core.main.TestSuiteExecutor.accessTestSuiteMainPhase(TestSuiteExecutor.java:164)
	at com.kms.katalon.core.main.TestSuiteExecutor.execute(TestSuiteExecutor.java:105)
	at com.kms.katalon.core.main.TestCaseMain.startTestSuite(TestCaseMain.java:181)
	at com.kms.katalon.core.main.TestCaseMain$startTestSuite$0.call(Unknown Source)
	at TempTestSuite1648100878643.run(TempTestSuite1648100878643.groovy:36)
)

2022-03-24 12:49:22 - [TEST_STEP][FAILED] - verifyElementPropertyValue(order, "GetDataOrderResponse.ListDataOrder[0].InsuranceData[3].InsuredTo", o_ins_to_3, CONTINUE_ON_FAILURE): Unable to verify element property value (Root cause: java.lang.NullPointerException: Cannot get property 'InsuredTo' on null object
	at Script1.run(Script1.groovy:1)
	at com.kms.katalon.core.webservice.helper.WebServiceCommonHelper.parseAndGetPropertyValueForJson(WebServiceCommonHelper.java:213)
	at com.kms.katalon.core.webservice.keyword.builtin.VerifyElementPropertyValueKeyword$_verifyElementPropertyValue_closure1.doCall(VerifyElementPropertyValueKeyword.groovy:52)
	at com.kms.katalon.core.webservice.keyword.builtin.VerifyElementPropertyValueKeyword$_verifyElementPropertyValue_closure1.call(VerifyElementPropertyValueKeyword.groovy)
	at com.kms.katalon.core.keyword.internal.KeywordMain.runKeyword(KeywordMain.groovy:74)
	at com.kms.katalon.core.webservice.keyword.builtin.VerifyElementPropertyValueKeyword.verifyElementPropertyValue(VerifyElementPropertyValueKeyword.groovy:48)
	at com.kms.katalon.core.webservice.keyword.builtin.VerifyElementPropertyValueKeyword.execute(VerifyElementPropertyValueKeyword.groovy:43)
	at com.kms.katalon.core.keyword.internal.KeywordExecutor.executeKeywordForPlatform(KeywordExecutor.groovy:74)
	at com.kms.katalon.core.webservice.keyword.WSBuiltInKeywords.verifyElementPropertyValue(WSBuiltInKeywords.groovy:175)
	at com.kms.katalon.core.webservice.keyword.WSBuiltInKeywords$verifyElementPropertyValue$0.call(Unknown Source)
	at 1. get token - data order.run(1. get token - data order:725)
	at com.kms.katalon.core.main.ScriptEngine.run(ScriptEngine.java:194)
	at com.kms.katalon.core.main.ScriptEngine.runScriptAsRawText(ScriptEngine.java:119)
	at com.kms.katalon.core.main.TestCaseExecutor.runScript(TestCaseExecutor.java:442)
	at com.kms.katalon.core.main.TestCaseExecutor.doExecute(TestCaseExecutor.java:433)
	at com.kms.katalon.core.main.TestCaseExecutor.processExecutionPhase(TestCaseExecutor.java:412)
	at com.kms.katalon.core.main.TestCaseExecutor.accessMainPhase(TestCaseExecutor.java:404)
	at com.kms.katalon.core.main.TestCaseExecutor.execute(TestCaseExecutor.java:281)
	at com.kms.katalon.core.main.TestSuiteExecutor.accessTestCaseMainPhase(TestSuiteExecutor.java:202)
	at com.kms.katalon.core.main.TestSuiteExecutor.accessTestSuiteMainPhase(TestSuiteExecutor.java:164)
	at com.kms.katalon.core.main.TestSuiteExecutor.execute(TestSuiteExecutor.java:105)
	at com.kms.katalon.core.main.TestCaseMain.startTestSuite(TestCaseMain.java:181)
	at com.kms.katalon.core.main.TestCaseMain$startTestSuite$0.call(Unknown Source)
	at TempTestSuite1648100878643.run(TempTestSuite1648100878643.groovy:36)
)

2022-03-24 12:49:22 - [MESSAGE][FAILED] - Unable to verify element property value (Root cause: java.lang.NullPointerException: Cannot get property 'InsuredTo' on null object
	at Script1.run(Script1.groovy:1)
	at com.kms.katalon.core.webservice.helper.WebServiceCommonHelper.parseAndGetPropertyValueForJson(WebServiceCommonHelper.java:213)
	at com.kms.katalon.core.webservice.keyword.builtin.VerifyElementPropertyValueKeyword$_verifyElementPropertyValue_closure1.doCall(VerifyElementPropertyValueKeyword.groovy:52)
	at com.kms.katalon.core.webservice.keyword.builtin.VerifyElementPropertyValueKeyword$_verifyElementPropertyValue_closure1.call(VerifyElementPropertyValueKeyword.groovy)
	at com.kms.katalon.core.keyword.internal.KeywordMain.runKeyword(KeywordMain.groovy:74)
	at com.kms.katalon.core.webservice.keyword.builtin.VerifyElementPropertyValueKeyword.verifyElementPropertyValue(VerifyElementPropertyValueKeyword.groovy:48)
	at com.kms.katalon.core.webservice.keyword.builtin.VerifyElementPropertyValueKeyword.execute(VerifyElementPropertyValueKeyword.groovy:43)
	at com.kms.katalon.core.keyword.internal.KeywordExecutor.executeKeywordForPlatform(KeywordExecutor.groovy:74)
	at com.kms.katalon.core.webservice.keyword.WSBuiltInKeywords.verifyElementPropertyValue(WSBuiltInKeywords.groovy:175)
	at com.kms.katalon.core.webservice.keyword.WSBuiltInKeywords$verifyElementPropertyValue$0.call(Unknown Source)
	at 1. get token - data order.run(1. get token - data order:725)
	at com.kms.katalon.core.main.ScriptEngine.run(ScriptEngine.java:194)
	at com.kms.katalon.core.main.ScriptEngine.runScriptAsRawText(ScriptEngine.java:119)
	at com.kms.katalon.core.main.TestCaseExecutor.runScript(TestCaseExecutor.java:442)
	at com.kms.katalon.core.main.TestCaseExecutor.doExecute(TestCaseExecutor.java:433)
	at com.kms.katalon.core.main.TestCaseExecutor.processExecutionPhase(TestCaseExecutor.java:412)
	at com.kms.katalon.core.main.TestCaseExecutor.accessMainPhase(TestCaseExecutor.java:404)
	at com.kms.katalon.core.main.TestCaseExecutor.execute(TestCaseExecutor.java:281)
	at com.kms.katalon.core.main.TestSuiteExecutor.accessTestCaseMainPhase(TestSuiteExecutor.java:202)
	at com.kms.katalon.core.main.TestSuiteExecutor.accessTestSuiteMainPhase(TestSuiteExecutor.java:164)
	at com.kms.katalon.core.main.TestSuiteExecutor.execute(TestSuiteExecutor.java:105)
	at com.kms.katalon.core.main.TestCaseMain.startTestSuite(TestCaseMain.java:181)
	at com.kms.katalon.core.main.TestCaseMain$startTestSuite$0.call(Unknown Source)
	at TempTestSuite1648100878643.run(TempTestSuite1648100878643.groovy:36)
)

2022-03-24 12:49:22 - [TEST_STEP][FAILED] - verifyElementPropertyValue(order, "GetDataOrderResponse.ListDataOrder[0].InsuranceData[3].Rate", o_rate_3, CONTINUE_ON_FAILURE): Unable to verify element property value (Root cause: java.lang.NullPointerException: Cannot get property 'Rate' on null object
	at Script1.run(Script1.groovy:1)
	at com.kms.katalon.core.webservice.helper.WebServiceCommonHelper.parseAndGetPropertyValueForJson(WebServiceCommonHelper.java:213)
	at com.kms.katalon.core.webservice.keyword.builtin.VerifyElementPropertyValueKeyword$_verifyElementPropertyValue_closure1.doCall(VerifyElementPropertyValueKeyword.groovy:52)
	at com.kms.katalon.core.webservice.keyword.builtin.VerifyElementPropertyValueKeyword$_verifyElementPropertyValue_closure1.call(VerifyElementPropertyValueKeyword.groovy)
	at com.kms.katalon.core.keyword.internal.KeywordMain.runKeyword(KeywordMain.groovy:74)
	at com.kms.katalon.core.webservice.keyword.builtin.VerifyElementPropertyValueKeyword.verifyElementPropertyValue(VerifyElementPropertyValueKeyword.groovy:48)
	at com.kms.katalon.core.webservice.keyword.builtin.VerifyElementPropertyValueKeyword.execute(VerifyElementPropertyValueKeyword.groovy:43)
	at com.kms.katalon.core.keyword.internal.KeywordExecutor.executeKeywordForPlatform(KeywordExecutor.groovy:74)
	at com.kms.katalon.core.webservice.keyword.WSBuiltInKeywords.verifyElementPropertyValue(WSBuiltInKeywords.groovy:175)
	at com.kms.katalon.core.webservice.keyword.WSBuiltInKeywords$verifyElementPropertyValue$0.call(Unknown Source)
	at 1. get token - data order.run(1. get token - data order:728)
	at com.kms.katalon.core.main.ScriptEngine.run(ScriptEngine.java:194)
	at com.kms.katalon.core.main.ScriptEngine.runScriptAsRawText(ScriptEngine.java:119)
	at com.kms.katalon.core.main.TestCaseExecutor.runScript(TestCaseExecutor.java:442)
	at com.kms.katalon.core.main.TestCaseExecutor.doExecute(TestCaseExecutor.java:433)
	at com.kms.katalon.core.main.TestCaseExecutor.processExecutionPhase(TestCaseExecutor.java:412)
	at com.kms.katalon.core.main.TestCaseExecutor.accessMainPhase(TestCaseExecutor.java:404)
	at com.kms.katalon.core.main.TestCaseExecutor.execute(TestCaseExecutor.java:281)
	at com.kms.katalon.core.main.TestSuiteExecutor.accessTestCaseMainPhase(TestSuiteExecutor.java:202)
	at com.kms.katalon.core.main.TestSuiteExecutor.accessTestSuiteMainPhase(TestSuiteExecutor.java:164)
	at com.kms.katalon.core.main.TestSuiteExecutor.execute(TestSuiteExecutor.java:105)
	at com.kms.katalon.core.main.TestCaseMain.startTestSuite(TestCaseMain.java:181)
	at com.kms.katalon.core.main.TestCaseMain$startTestSuite$0.call(Unknown Source)
	at TempTestSuite1648100878643.run(TempTestSuite1648100878643.groovy:36)
)

2022-03-24 12:49:22 - [MESSAGE][FAILED] - Unable to verify element property value (Root cause: java.lang.NullPointerException: Cannot get property 'Rate' on null object
	at Script1.run(Script1.groovy:1)
	at com.kms.katalon.core.webservice.helper.WebServiceCommonHelper.parseAndGetPropertyValueForJson(WebServiceCommonHelper.java:213)
	at com.kms.katalon.core.webservice.keyword.builtin.VerifyElementPropertyValueKeyword$_verifyElementPropertyValue_closure1.doCall(VerifyElementPropertyValueKeyword.groovy:52)
	at com.kms.katalon.core.webservice.keyword.builtin.VerifyElementPropertyValueKeyword$_verifyElementPropertyValue_closure1.call(VerifyElementPropertyValueKeyword.groovy)
	at com.kms.katalon.core.keyword.internal.KeywordMain.runKeyword(KeywordMain.groovy:74)
	at com.kms.katalon.core.webservice.keyword.builtin.VerifyElementPropertyValueKeyword.verifyElementPropertyValue(VerifyElementPropertyValueKeyword.groovy:48)
	at com.kms.katalon.core.webservice.keyword.builtin.VerifyElementPropertyValueKeyword.execute(VerifyElementPropertyValueKeyword.groovy:43)
	at com.kms.katalon.core.keyword.internal.KeywordExecutor.executeKeywordForPlatform(KeywordExecutor.groovy:74)
	at com.kms.katalon.core.webservice.keyword.WSBuiltInKeywords.verifyElementPropertyValue(WSBuiltInKeywords.groovy:175)
	at com.kms.katalon.core.webservice.keyword.WSBuiltInKeywords$verifyElementPropertyValue$0.call(Unknown Source)
	at 1. get token - data order.run(1. get token - data order:728)
	at com.kms.katalon.core.main.ScriptEngine.run(ScriptEngine.java:194)
	at com.kms.katalon.core.main.ScriptEngine.runScriptAsRawText(ScriptEngine.java:119)
	at com.kms.katalon.core.main.TestCaseExecutor.runScript(TestCaseExecutor.java:442)
	at com.kms.katalon.core.main.TestCaseExecutor.doExecute(TestCaseExecutor.java:433)
	at com.kms.katalon.core.main.TestCaseExecutor.processExecutionPhase(TestCaseExecutor.java:412)
	at com.kms.katalon.core.main.TestCaseExecutor.accessMainPhase(TestCaseExecutor.java:404)
	at com.kms.katalon.core.main.TestCaseExecutor.execute(TestCaseExecutor.java:281)
	at com.kms.katalon.core.main.TestSuiteExecutor.accessTestCaseMainPhase(TestSuiteExecutor.java:202)
	at com.kms.katalon.core.main.TestSuiteExecutor.accessTestSuiteMainPhase(TestSuiteExecutor.java:164)
	at com.kms.katalon.core.main.TestSuiteExecutor.execute(TestSuiteExecutor.java:105)
	at com.kms.katalon.core.main.TestCaseMain.startTestSuite(TestCaseMain.java:181)
	at com.kms.katalon.core.main.TestCaseMain$startTestSuite$0.call(Unknown Source)
	at TempTestSuite1648100878643.run(TempTestSuite1648100878643.groovy:36)
)

2022-03-24 12:49:22 - [TEST_STEP][FAILED] - verifyElementPropertyValue(order, "GetDataOrderResponse.ListDataOrder[0].InsuranceData[3].GrossPremi", o_gross_premi_3, CONTINUE_ON_FAILURE): Unable to verify element property value (Root cause: java.lang.NullPointerException: Cannot get property 'GrossPremi' on null object
	at Script1.run(Script1.groovy:1)
	at com.kms.katalon.core.webservice.helper.WebServiceCommonHelper.parseAndGetPropertyValueForJson(WebServiceCommonHelper.java:213)
	at com.kms.katalon.core.webservice.keyword.builtin.VerifyElementPropertyValueKeyword$_verifyElementPropertyValue_closure1.doCall(VerifyElementPropertyValueKeyword.groovy:52)
	at com.kms.katalon.core.webservice.keyword.builtin.VerifyElementPropertyValueKeyword$_verifyElementPropertyValue_closure1.call(VerifyElementPropertyValueKeyword.groovy)
	at com.kms.katalon.core.keyword.internal.KeywordMain.runKeyword(KeywordMain.groovy:74)
	at com.kms.katalon.core.webservice.keyword.builtin.VerifyElementPropertyValueKeyword.verifyElementPropertyValue(VerifyElementPropertyValueKeyword.groovy:48)
	at com.kms.katalon.core.webservice.keyword.builtin.VerifyElementPropertyValueKeyword.execute(VerifyElementPropertyValueKeyword.groovy:43)
	at com.kms.katalon.core.keyword.internal.KeywordExecutor.executeKeywordForPlatform(KeywordExecutor.groovy:74)
	at com.kms.katalon.core.webservice.keyword.WSBuiltInKeywords.verifyElementPropertyValue(WSBuiltInKeywords.groovy:175)
	at com.kms.katalon.core.webservice.keyword.WSBuiltInKeywords$verifyElementPropertyValue$0.call(Unknown Source)
	at 1. get token - data order.run(1. get token - data order:730)
	at com.kms.katalon.core.main.ScriptEngine.run(ScriptEngine.java:194)
	at com.kms.katalon.core.main.ScriptEngine.runScriptAsRawText(ScriptEngine.java:119)
	at com.kms.katalon.core.main.TestCaseExecutor.runScript(TestCaseExecutor.java:442)
	at com.kms.katalon.core.main.TestCaseExecutor.doExecute(TestCaseExecutor.java:433)
	at com.kms.katalon.core.main.TestCaseExecutor.processExecutionPhase(TestCaseExecutor.java:412)
	at com.kms.katalon.core.main.TestCaseExecutor.accessMainPhase(TestCaseExecutor.java:404)
	at com.kms.katalon.core.main.TestCaseExecutor.execute(TestCaseExecutor.java:281)
	at com.kms.katalon.core.main.TestSuiteExecutor.accessTestCaseMainPhase(TestSuiteExecutor.java:202)
	at com.kms.katalon.core.main.TestSuiteExecutor.accessTestSuiteMainPhase(TestSuiteExecutor.java:164)
	at com.kms.katalon.core.main.TestSuiteExecutor.execute(TestSuiteExecutor.java:105)
	at com.kms.katalon.core.main.TestCaseMain.startTestSuite(TestCaseMain.java:181)
	at com.kms.katalon.core.main.TestCaseMain$startTestSuite$0.call(Unknown Source)
	at TempTestSuite1648100878643.run(TempTestSuite1648100878643.groovy:36)
)

2022-03-24 12:49:22 - [MESSAGE][FAILED] - Unable to verify element property value (Root cause: java.lang.NullPointerException: Cannot get property 'GrossPremi' on null object
	at Script1.run(Script1.groovy:1)
	at com.kms.katalon.core.webservice.helper.WebServiceCommonHelper.parseAndGetPropertyValueForJson(WebServiceCommonHelper.java:213)
	at com.kms.katalon.core.webservice.keyword.builtin.VerifyElementPropertyValueKeyword$_verifyElementPropertyValue_closure1.doCall(VerifyElementPropertyValueKeyword.groovy:52)
	at com.kms.katalon.core.webservice.keyword.builtin.VerifyElementPropertyValueKeyword$_verifyElementPropertyValue_closure1.call(VerifyElementPropertyValueKeyword.groovy)
	at com.kms.katalon.core.keyword.internal.KeywordMain.runKeyword(KeywordMain.groovy:74)
	at com.kms.katalon.core.webservice.keyword.builtin.VerifyElementPropertyValueKeyword.verifyElementPropertyValue(VerifyElementPropertyValueKeyword.groovy:48)
	at com.kms.katalon.core.webservice.keyword.builtin.VerifyElementPropertyValueKeyword.execute(VerifyElementPropertyValueKeyword.groovy:43)
	at com.kms.katalon.core.keyword.internal.KeywordExecutor.executeKeywordForPlatform(KeywordExecutor.groovy:74)
	at com.kms.katalon.core.webservice.keyword.WSBuiltInKeywords.verifyElementPropertyValue(WSBuiltInKeywords.groovy:175)
	at com.kms.katalon.core.webservice.keyword.WSBuiltInKeywords$verifyElementPropertyValue$0.call(Unknown Source)
	at 1. get token - data order.run(1. get token - data order:730)
	at com.kms.katalon.core.main.ScriptEngine.run(ScriptEngine.java:194)
	at com.kms.katalon.core.main.ScriptEngine.runScriptAsRawText(ScriptEngine.java:119)
	at com.kms.katalon.core.main.TestCaseExecutor.runScript(TestCaseExecutor.java:442)
	at com.kms.katalon.core.main.TestCaseExecutor.doExecute(TestCaseExecutor.java:433)
	at com.kms.katalon.core.main.TestCaseExecutor.processExecutionPhase(TestCaseExecutor.java:412)
	at com.kms.katalon.core.main.TestCaseExecutor.accessMainPhase(TestCaseExecutor.java:404)
	at com.kms.katalon.core.main.TestCaseExecutor.execute(TestCaseExecutor.java:281)
	at com.kms.katalon.core.main.TestSuiteExecutor.accessTestCaseMainPhase(TestSuiteExecutor.java:202)
	at com.kms.katalon.core.main.TestSuiteExecutor.accessTestSuiteMainPhase(TestSuiteExecutor.java:164)
	at com.kms.katalon.core.main.TestSuiteExecutor.execute(TestSuiteExecutor.java:105)
	at com.kms.katalon.core.main.TestCaseMain.startTestSuite(TestCaseMain.java:181)
	at com.kms.katalon.core.main.TestCaseMain$startTestSuite$0.call(Unknown Source)
	at TempTestSuite1648100878643.run(TempTestSuite1648100878643.groovy:36)
)

2022-03-24 12:49:22 - [TEST_STEP][FAILED] - verifyElementPropertyValue(order, "GetDataOrderResponse.ListDataOrder[0].InsuranceData[3].Discount", o_discount_3, CONTINUE_ON_FAILURE): Unable to verify element property value (Root cause: java.lang.NullPointerException: Cannot get property 'Discount' on null object
	at Script1.run(Script1.groovy:1)
	at com.kms.katalon.core.webservice.helper.WebServiceCommonHelper.parseAndGetPropertyValueForJson(WebServiceCommonHelper.java:213)
	at com.kms.katalon.core.webservice.keyword.builtin.VerifyElementPropertyValueKeyword$_verifyElementPropertyValue_closure1.doCall(VerifyElementPropertyValueKeyword.groovy:52)
	at com.kms.katalon.core.webservice.keyword.builtin.VerifyElementPropertyValueKeyword$_verifyElementPropertyValue_closure1.call(VerifyElementPropertyValueKeyword.groovy)
	at com.kms.katalon.core.keyword.internal.KeywordMain.runKeyword(KeywordMain.groovy:74)
	at com.kms.katalon.core.webservice.keyword.builtin.VerifyElementPropertyValueKeyword.verifyElementPropertyValue(VerifyElementPropertyValueKeyword.groovy:48)
	at com.kms.katalon.core.webservice.keyword.builtin.VerifyElementPropertyValueKeyword.execute(VerifyElementPropertyValueKeyword.groovy:43)
	at com.kms.katalon.core.keyword.internal.KeywordExecutor.executeKeywordForPlatform(KeywordExecutor.groovy:74)
	at com.kms.katalon.core.webservice.keyword.WSBuiltInKeywords.verifyElementPropertyValue(WSBuiltInKeywords.groovy:175)
	at com.kms.katalon.core.webservice.keyword.WSBuiltInKeywords$verifyElementPropertyValue$0.call(Unknown Source)
	at 1. get token - data order.run(1. get token - data order:733)
	at com.kms.katalon.core.main.ScriptEngine.run(ScriptEngine.java:194)
	at com.kms.katalon.core.main.ScriptEngine.runScriptAsRawText(ScriptEngine.java:119)
	at com.kms.katalon.core.main.TestCaseExecutor.runScript(TestCaseExecutor.java:442)
	at com.kms.katalon.core.main.TestCaseExecutor.doExecute(TestCaseExecutor.java:433)
	at com.kms.katalon.core.main.TestCaseExecutor.processExecutionPhase(TestCaseExecutor.java:412)
	at com.kms.katalon.core.main.TestCaseExecutor.accessMainPhase(TestCaseExecutor.java:404)
	at com.kms.katalon.core.main.TestCaseExecutor.execute(TestCaseExecutor.java:281)
	at com.kms.katalon.core.main.TestSuiteExecutor.accessTestCaseMainPhase(TestSuiteExecutor.java:202)
	at com.kms.katalon.core.main.TestSuiteExecutor.accessTestSuiteMainPhase(TestSuiteExecutor.java:164)
	at com.kms.katalon.core.main.TestSuiteExecutor.execute(TestSuiteExecutor.java:105)
	at com.kms.katalon.core.main.TestCaseMain.startTestSuite(TestCaseMain.java:181)
	at com.kms.katalon.core.main.TestCaseMain$startTestSuite$0.call(Unknown Source)
	at TempTestSuite1648100878643.run(TempTestSuite1648100878643.groovy:36)
)

2022-03-24 12:49:22 - [MESSAGE][FAILED] - Unable to verify element property value (Root cause: java.lang.NullPointerException: Cannot get property 'Discount' on null object
	at Script1.run(Script1.groovy:1)
	at com.kms.katalon.core.webservice.helper.WebServiceCommonHelper.parseAndGetPropertyValueForJson(WebServiceCommonHelper.java:213)
	at com.kms.katalon.core.webservice.keyword.builtin.VerifyElementPropertyValueKeyword$_verifyElementPropertyValue_closure1.doCall(VerifyElementPropertyValueKeyword.groovy:52)
	at com.kms.katalon.core.webservice.keyword.builtin.VerifyElementPropertyValueKeyword$_verifyElementPropertyValue_closure1.call(VerifyElementPropertyValueKeyword.groovy)
	at com.kms.katalon.core.keyword.internal.KeywordMain.runKeyword(KeywordMain.groovy:74)
	at com.kms.katalon.core.webservice.keyword.builtin.VerifyElementPropertyValueKeyword.verifyElementPropertyValue(VerifyElementPropertyValueKeyword.groovy:48)
	at com.kms.katalon.core.webservice.keyword.builtin.VerifyElementPropertyValueKeyword.execute(VerifyElementPropertyValueKeyword.groovy:43)
	at com.kms.katalon.core.keyword.internal.KeywordExecutor.executeKeywordForPlatform(KeywordExecutor.groovy:74)
	at com.kms.katalon.core.webservice.keyword.WSBuiltInKeywords.verifyElementPropertyValue(WSBuiltInKeywords.groovy:175)
	at com.kms.katalon.core.webservice.keyword.WSBuiltInKeywords$verifyElementPropertyValue$0.call(Unknown Source)
	at 1. get token - data order.run(1. get token - data order:733)
	at com.kms.katalon.core.main.ScriptEngine.run(ScriptEngine.java:194)
	at com.kms.katalon.core.main.ScriptEngine.runScriptAsRawText(ScriptEngine.java:119)
	at com.kms.katalon.core.main.TestCaseExecutor.runScript(TestCaseExecutor.java:442)
	at com.kms.katalon.core.main.TestCaseExecutor.doExecute(TestCaseExecutor.java:433)
	at com.kms.katalon.core.main.TestCaseExecutor.processExecutionPhase(TestCaseExecutor.java:412)
	at com.kms.katalon.core.main.TestCaseExecutor.accessMainPhase(TestCaseExecutor.java:404)
	at com.kms.katalon.core.main.TestCaseExecutor.execute(TestCaseExecutor.java:281)
	at com.kms.katalon.core.main.TestSuiteExecutor.accessTestCaseMainPhase(TestSuiteExecutor.java:202)
	at com.kms.katalon.core.main.TestSuiteExecutor.accessTestSuiteMainPhase(TestSuiteExecutor.java:164)
	at com.kms.katalon.core.main.TestSuiteExecutor.execute(TestSuiteExecutor.java:105)
	at com.kms.katalon.core.main.TestCaseMain.startTestSuite(TestCaseMain.java:181)
	at com.kms.katalon.core.main.TestCaseMain$startTestSuite$0.call(Unknown Source)
	at TempTestSuite1648100878643.run(TempTestSuite1648100878643.groovy:36)
)

2022-03-24 12:49:22 - [TEST_STEP][FAILED] - verifyElementPropertyValue(order, "GetDataOrderResponse.ListDataOrder[0].InsuranceData[3].Adm", o_adm_3, CONTINUE_ON_FAILURE): Unable to verify element property value (Root cause: java.lang.NullPointerException: Cannot get property 'Adm' on null object
	at Script1.run(Script1.groovy:1)
	at com.kms.katalon.core.webservice.helper.WebServiceCommonHelper.parseAndGetPropertyValueForJson(WebServiceCommonHelper.java:213)
	at com.kms.katalon.core.webservice.keyword.builtin.VerifyElementPropertyValueKeyword$_verifyElementPropertyValue_closure1.doCall(VerifyElementPropertyValueKeyword.groovy:52)
	at com.kms.katalon.core.webservice.keyword.builtin.VerifyElementPropertyValueKeyword$_verifyElementPropertyValue_closure1.call(VerifyElementPropertyValueKeyword.groovy)
	at com.kms.katalon.core.keyword.internal.KeywordMain.runKeyword(KeywordMain.groovy:74)
	at com.kms.katalon.core.webservice.keyword.builtin.VerifyElementPropertyValueKeyword.verifyElementPropertyValue(VerifyElementPropertyValueKeyword.groovy:48)
	at com.kms.katalon.core.webservice.keyword.builtin.VerifyElementPropertyValueKeyword.execute(VerifyElementPropertyValueKeyword.groovy:43)
	at com.kms.katalon.core.keyword.internal.KeywordExecutor.executeKeywordForPlatform(KeywordExecutor.groovy:74)
	at com.kms.katalon.core.webservice.keyword.WSBuiltInKeywords.verifyElementPropertyValue(WSBuiltInKeywords.groovy:175)
	at com.kms.katalon.core.webservice.keyword.WSBuiltInKeywords$verifyElementPropertyValue$0.call(Unknown Source)
	at 1. get token - data order.run(1. get token - data order:736)
	at com.kms.katalon.core.main.ScriptEngine.run(ScriptEngine.java:194)
	at com.kms.katalon.core.main.ScriptEngine.runScriptAsRawText(ScriptEngine.java:119)
	at com.kms.katalon.core.main.TestCaseExecutor.runScript(TestCaseExecutor.java:442)
	at com.kms.katalon.core.main.TestCaseExecutor.doExecute(TestCaseExecutor.java:433)
	at com.kms.katalon.core.main.TestCaseExecutor.processExecutionPhase(TestCaseExecutor.java:412)
	at com.kms.katalon.core.main.TestCaseExecutor.accessMainPhase(TestCaseExecutor.java:404)
	at com.kms.katalon.core.main.TestCaseExecutor.execute(TestCaseExecutor.java:281)
	at com.kms.katalon.core.main.TestSuiteExecutor.accessTestCaseMainPhase(TestSuiteExecutor.java:202)
	at com.kms.katalon.core.main.TestSuiteExecutor.accessTestSuiteMainPhase(TestSuiteExecutor.java:164)
	at com.kms.katalon.core.main.TestSuiteExecutor.execute(TestSuiteExecutor.java:105)
	at com.kms.katalon.core.main.TestCaseMain.startTestSuite(TestCaseMain.java:181)
	at com.kms.katalon.core.main.TestCaseMain$startTestSuite$0.call(Unknown Source)
	at TempTestSuite1648100878643.run(TempTestSuite1648100878643.groovy:36)
)

2022-03-24 12:49:22 - [MESSAGE][FAILED] - Unable to verify element property value (Root cause: java.lang.NullPointerException: Cannot get property 'Adm' on null object
	at Script1.run(Script1.groovy:1)
	at com.kms.katalon.core.webservice.helper.WebServiceCommonHelper.parseAndGetPropertyValueForJson(WebServiceCommonHelper.java:213)
	at com.kms.katalon.core.webservice.keyword.builtin.VerifyElementPropertyValueKeyword$_verifyElementPropertyValue_closure1.doCall(VerifyElementPropertyValueKeyword.groovy:52)
	at com.kms.katalon.core.webservice.keyword.builtin.VerifyElementPropertyValueKeyword$_verifyElementPropertyValue_closure1.call(VerifyElementPropertyValueKeyword.groovy)
	at com.kms.katalon.core.keyword.internal.KeywordMain.runKeyword(KeywordMain.groovy:74)
	at com.kms.katalon.core.webservice.keyword.builtin.VerifyElementPropertyValueKeyword.verifyElementPropertyValue(VerifyElementPropertyValueKeyword.groovy:48)
	at com.kms.katalon.core.webservice.keyword.builtin.VerifyElementPropertyValueKeyword.execute(VerifyElementPropertyValueKeyword.groovy:43)
	at com.kms.katalon.core.keyword.internal.KeywordExecutor.executeKeywordForPlatform(KeywordExecutor.groovy:74)
	at com.kms.katalon.core.webservice.keyword.WSBuiltInKeywords.verifyElementPropertyValue(WSBuiltInKeywords.groovy:175)
	at com.kms.katalon.core.webservice.keyword.WSBuiltInKeywords$verifyElementPropertyValue$0.call(Unknown Source)
	at 1. get token - data order.run(1. get token - data order:736)
	at com.kms.katalon.core.main.ScriptEngine.run(ScriptEngine.java:194)
	at com.kms.katalon.core.main.ScriptEngine.runScriptAsRawText(ScriptEngine.java:119)
	at com.kms.katalon.core.main.TestCaseExecutor.runScript(TestCaseExecutor.java:442)
	at com.kms.katalon.core.main.TestCaseExecutor.doExecute(TestCaseExecutor.java:433)
	at com.kms.katalon.core.main.TestCaseExecutor.processExecutionPhase(TestCaseExecutor.java:412)
	at com.kms.katalon.core.main.TestCaseExecutor.accessMainPhase(TestCaseExecutor.java:404)
	at com.kms.katalon.core.main.TestCaseExecutor.execute(TestCaseExecutor.java:281)
	at com.kms.katalon.core.main.TestSuiteExecutor.accessTestCaseMainPhase(TestSuiteExecutor.java:202)
	at com.kms.katalon.core.main.TestSuiteExecutor.accessTestSuiteMainPhase(TestSuiteExecutor.java:164)
	at com.kms.katalon.core.main.TestSuiteExecutor.execute(TestSuiteExecutor.java:105)
	at com.kms.katalon.core.main.TestCaseMain.startTestSuite(TestCaseMain.java:181)
	at com.kms.katalon.core.main.TestCaseMain$startTestSuite$0.call(Unknown Source)
	at TempTestSuite1648100878643.run(TempTestSuite1648100878643.groovy:36)
)

2022-03-24 12:49:22 - [TEST_STEP][FAILED] - verifyElementPropertyValue(order, "GetDataOrderResponse.ListDataOrder[0].InsuranceData[3].NetPremi", o_netpremi_3, CONTINUE_ON_FAILURE): Unable to verify element property value (Root cause: java.lang.NullPointerException: Cannot get property 'NetPremi' on null object
	at Script1.run(Script1.groovy:1)
	at com.kms.katalon.core.webservice.helper.WebServiceCommonHelper.parseAndGetPropertyValueForJson(WebServiceCommonHelper.java:213)
	at com.kms.katalon.core.webservice.keyword.builtin.VerifyElementPropertyValueKeyword$_verifyElementPropertyValue_closure1.doCall(VerifyElementPropertyValueKeyword.groovy:52)
	at com.kms.katalon.core.webservice.keyword.builtin.VerifyElementPropertyValueKeyword$_verifyElementPropertyValue_closure1.call(VerifyElementPropertyValueKeyword.groovy)
	at com.kms.katalon.core.keyword.internal.KeywordMain.runKeyword(KeywordMain.groovy:74)
	at com.kms.katalon.core.webservice.keyword.builtin.VerifyElementPropertyValueKeyword.verifyElementPropertyValue(VerifyElementPropertyValueKeyword.groovy:48)
	at com.kms.katalon.core.webservice.keyword.builtin.VerifyElementPropertyValueKeyword.execute(VerifyElementPropertyValueKeyword.groovy:43)
	at com.kms.katalon.core.keyword.internal.KeywordExecutor.executeKeywordForPlatform(KeywordExecutor.groovy:74)
	at com.kms.katalon.core.webservice.keyword.WSBuiltInKeywords.verifyElementPropertyValue(WSBuiltInKeywords.groovy:175)
	at com.kms.katalon.core.webservice.keyword.WSBuiltInKeywords$verifyElementPropertyValue$0.call(Unknown Source)
	at 1. get token - data order.run(1. get token - data order:738)
	at com.kms.katalon.core.main.ScriptEngine.run(ScriptEngine.java:194)
	at com.kms.katalon.core.main.ScriptEngine.runScriptAsRawText(ScriptEngine.java:119)
	at com.kms.katalon.core.main.TestCaseExecutor.runScript(TestCaseExecutor.java:442)
	at com.kms.katalon.core.main.TestCaseExecutor.doExecute(TestCaseExecutor.java:433)
	at com.kms.katalon.core.main.TestCaseExecutor.processExecutionPhase(TestCaseExecutor.java:412)
	at com.kms.katalon.core.main.TestCaseExecutor.accessMainPhase(TestCaseExecutor.java:404)
	at com.kms.katalon.core.main.TestCaseExecutor.execute(TestCaseExecutor.java:281)
	at com.kms.katalon.core.main.TestSuiteExecutor.accessTestCaseMainPhase(TestSuiteExecutor.java:202)
	at com.kms.katalon.core.main.TestSuiteExecutor.accessTestSuiteMainPhase(TestSuiteExecutor.java:164)
	at com.kms.katalon.core.main.TestSuiteExecutor.execute(TestSuiteExecutor.java:105)
	at com.kms.katalon.core.main.TestCaseMain.startTestSuite(TestCaseMain.java:181)
	at com.kms.katalon.core.main.TestCaseMain$startTestSuite$0.call(Unknown Source)
	at TempTestSuite1648100878643.run(TempTestSuite1648100878643.groovy:36)
)

2022-03-24 12:49:22 - [MESSAGE][FAILED] - Unable to verify element property value (Root cause: java.lang.NullPointerException: Cannot get property 'NetPremi' on null object
	at Script1.run(Script1.groovy:1)
	at com.kms.katalon.core.webservice.helper.WebServiceCommonHelper.parseAndGetPropertyValueForJson(WebServiceCommonHelper.java:213)
	at com.kms.katalon.core.webservice.keyword.builtin.VerifyElementPropertyValueKeyword$_verifyElementPropertyValue_closure1.doCall(VerifyElementPropertyValueKeyword.groovy:52)
	at com.kms.katalon.core.webservice.keyword.builtin.VerifyElementPropertyValueKeyword$_verifyElementPropertyValue_closure1.call(VerifyElementPropertyValueKeyword.groovy)
	at com.kms.katalon.core.keyword.internal.KeywordMain.runKeyword(KeywordMain.groovy:74)
	at com.kms.katalon.core.webservice.keyword.builtin.VerifyElementPropertyValueKeyword.verifyElementPropertyValue(VerifyElementPropertyValueKeyword.groovy:48)
	at com.kms.katalon.core.webservice.keyword.builtin.VerifyElementPropertyValueKeyword.execute(VerifyElementPropertyValueKeyword.groovy:43)
	at com.kms.katalon.core.keyword.internal.KeywordExecutor.executeKeywordForPlatform(KeywordExecutor.groovy:74)
	at com.kms.katalon.core.webservice.keyword.WSBuiltInKeywords.verifyElementPropertyValue(WSBuiltInKeywords.groovy:175)
	at com.kms.katalon.core.webservice.keyword.WSBuiltInKeywords$verifyElementPropertyValue$0.call(Unknown Source)
	at 1. get token - data order.run(1. get token - data order:738)
	at com.kms.katalon.core.main.ScriptEngine.run(ScriptEngine.java:194)
	at com.kms.katalon.core.main.ScriptEngine.runScriptAsRawText(ScriptEngine.java:119)
	at com.kms.katalon.core.main.TestCaseExecutor.runScript(TestCaseExecutor.java:442)
	at com.kms.katalon.core.main.TestCaseExecutor.doExecute(TestCaseExecutor.java:433)
	at com.kms.katalon.core.main.TestCaseExecutor.processExecutionPhase(TestCaseExecutor.java:412)
	at com.kms.katalon.core.main.TestCaseExecutor.accessMainPhase(TestCaseExecutor.java:404)
	at com.kms.katalon.core.main.TestCaseExecutor.execute(TestCaseExecutor.java:281)
	at com.kms.katalon.core.main.TestSuiteExecutor.accessTestCaseMainPhase(TestSuiteExecutor.java:202)
	at com.kms.katalon.core.main.TestSuiteExecutor.accessTestSuiteMainPhase(TestSuiteExecutor.java:164)
	at com.kms.katalon.core.main.TestSuiteExecutor.execute(TestSuiteExecutor.java:105)
	at com.kms.katalon.core.main.TestCaseMain.startTestSuite(TestCaseMain.java:181)
	at com.kms.katalon.core.main.TestCaseMain$startTestSuite$0.call(Unknown Source)
	at TempTestSuite1648100878643.run(TempTestSuite1648100878643.groovy:36)
)

2022-03-24 12:49:22 - [TEST_STEP][FAILED] - verifyElementPropertyValue(order, "GetDataOrderResponse.ListDataOrder[0].InsuranceData[3].PerluasanJaminan.TJH", o_tjh_val_3, CONTINUE_ON_FAILURE): Unable to verify element property value (Root cause: java.lang.NullPointerException: Cannot get property 'PerluasanJaminan' on null object
	at Script1.run(Script1.groovy:1)
	at com.kms.katalon.core.webservice.helper.WebServiceCommonHelper.parseAndGetPropertyValueForJson(WebServiceCommonHelper.java:213)
	at com.kms.katalon.core.webservice.keyword.builtin.VerifyElementPropertyValueKeyword$_verifyElementPropertyValue_closure1.doCall(VerifyElementPropertyValueKeyword.groovy:52)
	at com.kms.katalon.core.webservice.keyword.builtin.VerifyElementPropertyValueKeyword$_verifyElementPropertyValue_closure1.call(VerifyElementPropertyValueKeyword.groovy)
	at com.kms.katalon.core.keyword.internal.KeywordMain.runKeyword(KeywordMain.groovy:74)
	at com.kms.katalon.core.webservice.keyword.builtin.VerifyElementPropertyValueKeyword.verifyElementPropertyValue(VerifyElementPropertyValueKeyword.groovy:48)
	at com.kms.katalon.core.webservice.keyword.builtin.VerifyElementPropertyValueKeyword.execute(VerifyElementPropertyValueKeyword.groovy:43)
	at com.kms.katalon.core.keyword.internal.KeywordExecutor.executeKeywordForPlatform(KeywordExecutor.groovy:74)
	at com.kms.katalon.core.webservice.keyword.WSBuiltInKeywords.verifyElementPropertyValue(WSBuiltInKeywords.groovy:175)
	at com.kms.katalon.core.webservice.keyword.WSBuiltInKeywords$verifyElementPropertyValue$0.call(Unknown Source)
	at 1. get token - data order.run(1. get token - data order:741)
	at com.kms.katalon.core.main.ScriptEngine.run(ScriptEngine.java:194)
	at com.kms.katalon.core.main.ScriptEngine.runScriptAsRawText(ScriptEngine.java:119)
	at com.kms.katalon.core.main.TestCaseExecutor.runScript(TestCaseExecutor.java:442)
	at com.kms.katalon.core.main.TestCaseExecutor.doExecute(TestCaseExecutor.java:433)
	at com.kms.katalon.core.main.TestCaseExecutor.processExecutionPhase(TestCaseExecutor.java:412)
	at com.kms.katalon.core.main.TestCaseExecutor.accessMainPhase(TestCaseExecutor.java:404)
	at com.kms.katalon.core.main.TestCaseExecutor.execute(TestCaseExecutor.java:281)
	at com.kms.katalon.core.main.TestSuiteExecutor.accessTestCaseMainPhase(TestSuiteExecutor.java:202)
	at com.kms.katalon.core.main.TestSuiteExecutor.accessTestSuiteMainPhase(TestSuiteExecutor.java:164)
	at com.kms.katalon.core.main.TestSuiteExecutor.execute(TestSuiteExecutor.java:105)
	at com.kms.katalon.core.main.TestCaseMain.startTestSuite(TestCaseMain.java:181)
	at com.kms.katalon.core.main.TestCaseMain$startTestSuite$0.call(Unknown Source)
	at TempTestSuite1648100878643.run(TempTestSuite1648100878643.groovy:36)
)

2022-03-24 12:49:22 - [MESSAGE][FAILED] - Unable to verify element property value (Root cause: java.lang.NullPointerException: Cannot get property 'PerluasanJaminan' on null object
	at Script1.run(Script1.groovy:1)
	at com.kms.katalon.core.webservice.helper.WebServiceCommonHelper.parseAndGetPropertyValueForJson(WebServiceCommonHelper.java:213)
	at com.kms.katalon.core.webservice.keyword.builtin.VerifyElementPropertyValueKeyword$_verifyElementPropertyValue_closure1.doCall(VerifyElementPropertyValueKeyword.groovy:52)
	at com.kms.katalon.core.webservice.keyword.builtin.VerifyElementPropertyValueKeyword$_verifyElementPropertyValue_closure1.call(VerifyElementPropertyValueKeyword.groovy)
	at com.kms.katalon.core.keyword.internal.KeywordMain.runKeyword(KeywordMain.groovy:74)
	at com.kms.katalon.core.webservice.keyword.builtin.VerifyElementPropertyValueKeyword.verifyElementPropertyValue(VerifyElementPropertyValueKeyword.groovy:48)
	at com.kms.katalon.core.webservice.keyword.builtin.VerifyElementPropertyValueKeyword.execute(VerifyElementPropertyValueKeyword.groovy:43)
	at com.kms.katalon.core.keyword.internal.KeywordExecutor.executeKeywordForPlatform(KeywordExecutor.groovy:74)
	at com.kms.katalon.core.webservice.keyword.WSBuiltInKeywords.verifyElementPropertyValue(WSBuiltInKeywords.groovy:175)
	at com.kms.katalon.core.webservice.keyword.WSBuiltInKeywords$verifyElementPropertyValue$0.call(Unknown Source)
	at 1. get token - data order.run(1. get token - data order:741)
	at com.kms.katalon.core.main.ScriptEngine.run(ScriptEngine.java:194)
	at com.kms.katalon.core.main.ScriptEngine.runScriptAsRawText(ScriptEngine.java:119)
	at com.kms.katalon.core.main.TestCaseExecutor.runScript(TestCaseExecutor.java:442)
	at com.kms.katalon.core.main.TestCaseExecutor.doExecute(TestCaseExecutor.java:433)
	at com.kms.katalon.core.main.TestCaseExecutor.processExecutionPhase(TestCaseExecutor.java:412)
	at com.kms.katalon.core.main.TestCaseExecutor.accessMainPhase(TestCaseExecutor.java:404)
	at com.kms.katalon.core.main.TestCaseExecutor.execute(TestCaseExecutor.java:281)
	at com.kms.katalon.core.main.TestSuiteExecutor.accessTestCaseMainPhase(TestSuiteExecutor.java:202)
	at com.kms.katalon.core.main.TestSuiteExecutor.accessTestSuiteMainPhase(TestSuiteExecutor.java:164)
	at com.kms.katalon.core.main.TestSuiteExecutor.execute(TestSuiteExecutor.java:105)
	at com.kms.katalon.core.main.TestCaseMain.startTestSuite(TestCaseMain.java:181)
	at com.kms.katalon.core.main.TestCaseMain$startTestSuite$0.call(Unknown Source)
	at TempTestSuite1648100878643.run(TempTestSuite1648100878643.groovy:36)
)

2022-03-24 12:49:22 - [TEST_STEP][FAILED] - verifyElementPropertyValue(order, "GetDataOrderResponse.ListDataOrder[0].InsuranceData[3].PerluasanJaminan.RSCC", o_rscc_val_3, CONTINUE_ON_FAILURE): Unable to verify element property value (Root cause: java.lang.NullPointerException: Cannot get property 'PerluasanJaminan' on null object
	at Script1.run(Script1.groovy:1)
	at com.kms.katalon.core.webservice.helper.WebServiceCommonHelper.parseAndGetPropertyValueForJson(WebServiceCommonHelper.java:213)
	at com.kms.katalon.core.webservice.keyword.builtin.VerifyElementPropertyValueKeyword$_verifyElementPropertyValue_closure1.doCall(VerifyElementPropertyValueKeyword.groovy:52)
	at com.kms.katalon.core.webservice.keyword.builtin.VerifyElementPropertyValueKeyword$_verifyElementPropertyValue_closure1.call(VerifyElementPropertyValueKeyword.groovy)
	at com.kms.katalon.core.keyword.internal.KeywordMain.runKeyword(KeywordMain.groovy:74)
	at com.kms.katalon.core.webservice.keyword.builtin.VerifyElementPropertyValueKeyword.verifyElementPropertyValue(VerifyElementPropertyValueKeyword.groovy:48)
	at com.kms.katalon.core.webservice.keyword.builtin.VerifyElementPropertyValueKeyword.execute(VerifyElementPropertyValueKeyword.groovy:43)
	at com.kms.katalon.core.keyword.internal.KeywordExecutor.executeKeywordForPlatform(KeywordExecutor.groovy:74)
	at com.kms.katalon.core.webservice.keyword.WSBuiltInKeywords.verifyElementPropertyValue(WSBuiltInKeywords.groovy:175)
	at com.kms.katalon.core.webservice.keyword.WSBuiltInKeywords$verifyElementPropertyValue$0.call(Unknown Source)
	at 1. get token - data order.run(1. get token - data order:744)
	at com.kms.katalon.core.main.ScriptEngine.run(ScriptEngine.java:194)
	at com.kms.katalon.core.main.ScriptEngine.runScriptAsRawText(ScriptEngine.java:119)
	at com.kms.katalon.core.main.TestCaseExecutor.runScript(TestCaseExecutor.java:442)
	at com.kms.katalon.core.main.TestCaseExecutor.doExecute(TestCaseExecutor.java:433)
	at com.kms.katalon.core.main.TestCaseExecutor.processExecutionPhase(TestCaseExecutor.java:412)
	at com.kms.katalon.core.main.TestCaseExecutor.accessMainPhase(TestCaseExecutor.java:404)
	at com.kms.katalon.core.main.TestCaseExecutor.execute(TestCaseExecutor.java:281)
	at com.kms.katalon.core.main.TestSuiteExecutor.accessTestCaseMainPhase(TestSuiteExecutor.java:202)
	at com.kms.katalon.core.main.TestSuiteExecutor.accessTestSuiteMainPhase(TestSuiteExecutor.java:164)
	at com.kms.katalon.core.main.TestSuiteExecutor.execute(TestSuiteExecutor.java:105)
	at com.kms.katalon.core.main.TestCaseMain.startTestSuite(TestCaseMain.java:181)
	at com.kms.katalon.core.main.TestCaseMain$startTestSuite$0.call(Unknown Source)
	at TempTestSuite1648100878643.run(TempTestSuite1648100878643.groovy:36)
)

2022-03-24 12:49:22 - [MESSAGE][FAILED] - Unable to verify element property value (Root cause: java.lang.NullPointerException: Cannot get property 'PerluasanJaminan' on null object
	at Script1.run(Script1.groovy:1)
	at com.kms.katalon.core.webservice.helper.WebServiceCommonHelper.parseAndGetPropertyValueForJson(WebServiceCommonHelper.java:213)
	at com.kms.katalon.core.webservice.keyword.builtin.VerifyElementPropertyValueKeyword$_verifyElementPropertyValue_closure1.doCall(VerifyElementPropertyValueKeyword.groovy:52)
	at com.kms.katalon.core.webservice.keyword.builtin.VerifyElementPropertyValueKeyword$_verifyElementPropertyValue_closure1.call(VerifyElementPropertyValueKeyword.groovy)
	at com.kms.katalon.core.keyword.internal.KeywordMain.runKeyword(KeywordMain.groovy:74)
	at com.kms.katalon.core.webservice.keyword.builtin.VerifyElementPropertyValueKeyword.verifyElementPropertyValue(VerifyElementPropertyValueKeyword.groovy:48)
	at com.kms.katalon.core.webservice.keyword.builtin.VerifyElementPropertyValueKeyword.execute(VerifyElementPropertyValueKeyword.groovy:43)
	at com.kms.katalon.core.keyword.internal.KeywordExecutor.executeKeywordForPlatform(KeywordExecutor.groovy:74)
	at com.kms.katalon.core.webservice.keyword.WSBuiltInKeywords.verifyElementPropertyValue(WSBuiltInKeywords.groovy:175)
	at com.kms.katalon.core.webservice.keyword.WSBuiltInKeywords$verifyElementPropertyValue$0.call(Unknown Source)
	at 1. get token - data order.run(1. get token - data order:744)
	at com.kms.katalon.core.main.ScriptEngine.run(ScriptEngine.java:194)
	at com.kms.katalon.core.main.ScriptEngine.runScriptAsRawText(ScriptEngine.java:119)
	at com.kms.katalon.core.main.TestCaseExecutor.runScript(TestCaseExecutor.java:442)
	at com.kms.katalon.core.main.TestCaseExecutor.doExecute(TestCaseExecutor.java:433)
	at com.kms.katalon.core.main.TestCaseExecutor.processExecutionPhase(TestCaseExecutor.java:412)
	at com.kms.katalon.core.main.TestCaseExecutor.accessMainPhase(TestCaseExecutor.java:404)
	at com.kms.katalon.core.main.TestCaseExecutor.execute(TestCaseExecutor.java:281)
	at com.kms.katalon.core.main.TestSuiteExecutor.accessTestCaseMainPhase(TestSuiteExecutor.java:202)
	at com.kms.katalon.core.main.TestSuiteExecutor.accessTestSuiteMainPhase(TestSuiteExecutor.java:164)
	at com.kms.katalon.core.main.TestSuiteExecutor.execute(TestSuiteExecutor.java:105)
	at com.kms.katalon.core.main.TestCaseMain.startTestSuite(TestCaseMain.java:181)
	at com.kms.katalon.core.main.TestCaseMain$startTestSuite$0.call(Unknown Source)
	at TempTestSuite1648100878643.run(TempTestSuite1648100878643.groovy:36)
)

2022-03-24 12:49:22 - [TEST_STEP][FAILED] - verifyElementPropertyValue(order, "GetDataOrderResponse.ListDataOrder[0].InsuranceData[3].PerluasanJaminan.Banjir", o_rsmb_val_3, CONTINUE_ON_FAILURE): Unable to verify element property value (Root cause: java.lang.NullPointerException: Cannot get property 'PerluasanJaminan' on null object
	at Script1.run(Script1.groovy:1)
	at com.kms.katalon.core.webservice.helper.WebServiceCommonHelper.parseAndGetPropertyValueForJson(WebServiceCommonHelper.java:213)
	at com.kms.katalon.core.webservice.keyword.builtin.VerifyElementPropertyValueKeyword$_verifyElementPropertyValue_closure1.doCall(VerifyElementPropertyValueKeyword.groovy:52)
	at com.kms.katalon.core.webservice.keyword.builtin.VerifyElementPropertyValueKeyword$_verifyElementPropertyValue_closure1.call(VerifyElementPropertyValueKeyword.groovy)
	at com.kms.katalon.core.keyword.internal.KeywordMain.runKeyword(KeywordMain.groovy:74)
	at com.kms.katalon.core.webservice.keyword.builtin.VerifyElementPropertyValueKeyword.verifyElementPropertyValue(VerifyElementPropertyValueKeyword.groovy:48)
	at com.kms.katalon.core.webservice.keyword.builtin.VerifyElementPropertyValueKeyword.execute(VerifyElementPropertyValueKeyword.groovy:43)
	at com.kms.katalon.core.keyword.internal.KeywordExecutor.executeKeywordForPlatform(KeywordExecutor.groovy:74)
	at com.kms.katalon.core.webservice.keyword.WSBuiltInKeywords.verifyElementPropertyValue(WSBuiltInKeywords.groovy:175)
	at com.kms.katalon.core.webservice.keyword.WSBuiltInKeywords$verifyElementPropertyValue$0.call(Unknown Source)
	at 1. get token - data order.run(1. get token - data order:747)
	at com.kms.katalon.core.main.ScriptEngine.run(ScriptEngine.java:194)
	at com.kms.katalon.core.main.ScriptEngine.runScriptAsRawText(ScriptEngine.java:119)
	at com.kms.katalon.core.main.TestCaseExecutor.runScript(TestCaseExecutor.java:442)
	at com.kms.katalon.core.main.TestCaseExecutor.doExecute(TestCaseExecutor.java:433)
	at com.kms.katalon.core.main.TestCaseExecutor.processExecutionPhase(TestCaseExecutor.java:412)
	at com.kms.katalon.core.main.TestCaseExecutor.accessMainPhase(TestCaseExecutor.java:404)
	at com.kms.katalon.core.main.TestCaseExecutor.execute(TestCaseExecutor.java:281)
	at com.kms.katalon.core.main.TestSuiteExecutor.accessTestCaseMainPhase(TestSuiteExecutor.java:202)
	at com.kms.katalon.core.main.TestSuiteExecutor.accessTestSuiteMainPhase(TestSuiteExecutor.java:164)
	at com.kms.katalon.core.main.TestSuiteExecutor.execute(TestSuiteExecutor.java:105)
	at com.kms.katalon.core.main.TestCaseMain.startTestSuite(TestCaseMain.java:181)
	at com.kms.katalon.core.main.TestCaseMain$startTestSuite$0.call(Unknown Source)
	at TempTestSuite1648100878643.run(TempTestSuite1648100878643.groovy:36)
)

2022-03-24 12:49:22 - [MESSAGE][FAILED] - Unable to verify element property value (Root cause: java.lang.NullPointerException: Cannot get property 'PerluasanJaminan' on null object
	at Script1.run(Script1.groovy:1)
	at com.kms.katalon.core.webservice.helper.WebServiceCommonHelper.parseAndGetPropertyValueForJson(WebServiceCommonHelper.java:213)
	at com.kms.katalon.core.webservice.keyword.builtin.VerifyElementPropertyValueKeyword$_verifyElementPropertyValue_closure1.doCall(VerifyElementPropertyValueKeyword.groovy:52)
	at com.kms.katalon.core.webservice.keyword.builtin.VerifyElementPropertyValueKeyword$_verifyElementPropertyValue_closure1.call(VerifyElementPropertyValueKeyword.groovy)
	at com.kms.katalon.core.keyword.internal.KeywordMain.runKeyword(KeywordMain.groovy:74)
	at com.kms.katalon.core.webservice.keyword.builtin.VerifyElementPropertyValueKeyword.verifyElementPropertyValue(VerifyElementPropertyValueKeyword.groovy:48)
	at com.kms.katalon.core.webservice.keyword.builtin.VerifyElementPropertyValueKeyword.execute(VerifyElementPropertyValueKeyword.groovy:43)
	at com.kms.katalon.core.keyword.internal.KeywordExecutor.executeKeywordForPlatform(KeywordExecutor.groovy:74)
	at com.kms.katalon.core.webservice.keyword.WSBuiltInKeywords.verifyElementPropertyValue(WSBuiltInKeywords.groovy:175)
	at com.kms.katalon.core.webservice.keyword.WSBuiltInKeywords$verifyElementPropertyValue$0.call(Unknown Source)
	at 1. get token - data order.run(1. get token - data order:747)
	at com.kms.katalon.core.main.ScriptEngine.run(ScriptEngine.java:194)
	at com.kms.katalon.core.main.ScriptEngine.runScriptAsRawText(ScriptEngine.java:119)
	at com.kms.katalon.core.main.TestCaseExecutor.runScript(TestCaseExecutor.java:442)
	at com.kms.katalon.core.main.TestCaseExecutor.doExecute(TestCaseExecutor.java:433)
	at com.kms.katalon.core.main.TestCaseExecutor.processExecutionPhase(TestCaseExecutor.java:412)
	at com.kms.katalon.core.main.TestCaseExecutor.accessMainPhase(TestCaseExecutor.java:404)
	at com.kms.katalon.core.main.TestCaseExecutor.execute(TestCaseExecutor.java:281)
	at com.kms.katalon.core.main.TestSuiteExecutor.accessTestCaseMainPhase(TestSuiteExecutor.java:202)
	at com.kms.katalon.core.main.TestSuiteExecutor.accessTestSuiteMainPhase(TestSuiteExecutor.java:164)
	at com.kms.katalon.core.main.TestSuiteExecutor.execute(TestSuiteExecutor.java:105)
	at com.kms.katalon.core.main.TestCaseMain.startTestSuite(TestCaseMain.java:181)
	at com.kms.katalon.core.main.TestCaseMain$startTestSuite$0.call(Unknown Source)
	at TempTestSuite1648100878643.run(TempTestSuite1648100878643.groovy:36)
)

2022-03-24 12:49:22 - [TEST_STEP][FAILED] - verifyElementPropertyValue(order, "GetDataOrderResponse.ListDataOrder[0].InsuranceData[3].PerluasanJaminan.Accessories", o_acc_val_3, CONTINUE_ON_FAILURE): Unable to verify element property value (Root cause: java.lang.NullPointerException: Cannot get property 'PerluasanJaminan' on null object
	at Script1.run(Script1.groovy:1)
	at com.kms.katalon.core.webservice.helper.WebServiceCommonHelper.parseAndGetPropertyValueForJson(WebServiceCommonHelper.java:213)
	at com.kms.katalon.core.webservice.keyword.builtin.VerifyElementPropertyValueKeyword$_verifyElementPropertyValue_closure1.doCall(VerifyElementPropertyValueKeyword.groovy:52)
	at com.kms.katalon.core.webservice.keyword.builtin.VerifyElementPropertyValueKeyword$_verifyElementPropertyValue_closure1.call(VerifyElementPropertyValueKeyword.groovy)
	at com.kms.katalon.core.keyword.internal.KeywordMain.runKeyword(KeywordMain.groovy:74)
	at com.kms.katalon.core.webservice.keyword.builtin.VerifyElementPropertyValueKeyword.verifyElementPropertyValue(VerifyElementPropertyValueKeyword.groovy:48)
	at com.kms.katalon.core.webservice.keyword.builtin.VerifyElementPropertyValueKeyword.execute(VerifyElementPropertyValueKeyword.groovy:43)
	at com.kms.katalon.core.keyword.internal.KeywordExecutor.executeKeywordForPlatform(KeywordExecutor.groovy:74)
	at com.kms.katalon.core.webservice.keyword.WSBuiltInKeywords.verifyElementPropertyValue(WSBuiltInKeywords.groovy:175)
	at com.kms.katalon.core.webservice.keyword.WSBuiltInKeywords$verifyElementPropertyValue$0.call(Unknown Source)
	at 1. get token - data order.run(1. get token - data order:750)
	at com.kms.katalon.core.main.ScriptEngine.run(ScriptEngine.java:194)
	at com.kms.katalon.core.main.ScriptEngine.runScriptAsRawText(ScriptEngine.java:119)
	at com.kms.katalon.core.main.TestCaseExecutor.runScript(TestCaseExecutor.java:442)
	at com.kms.katalon.core.main.TestCaseExecutor.doExecute(TestCaseExecutor.java:433)
	at com.kms.katalon.core.main.TestCaseExecutor.processExecutionPhase(TestCaseExecutor.java:412)
	at com.kms.katalon.core.main.TestCaseExecutor.accessMainPhase(TestCaseExecutor.java:404)
	at com.kms.katalon.core.main.TestCaseExecutor.execute(TestCaseExecutor.java:281)
	at com.kms.katalon.core.main.TestSuiteExecutor.accessTestCaseMainPhase(TestSuiteExecutor.java:202)
	at com.kms.katalon.core.main.TestSuiteExecutor.accessTestSuiteMainPhase(TestSuiteExecutor.java:164)
	at com.kms.katalon.core.main.TestSuiteExecutor.execute(TestSuiteExecutor.java:105)
	at com.kms.katalon.core.main.TestCaseMain.startTestSuite(TestCaseMain.java:181)
	at com.kms.katalon.core.main.TestCaseMain$startTestSuite$0.call(Unknown Source)
	at TempTestSuite1648100878643.run(TempTestSuite1648100878643.groovy:36)
)

2022-03-24 12:49:22 - [MESSAGE][FAILED] - Unable to verify element property value (Root cause: java.lang.NullPointerException: Cannot get property 'PerluasanJaminan' on null object
	at Script1.run(Script1.groovy:1)
	at com.kms.katalon.core.webservice.helper.WebServiceCommonHelper.parseAndGetPropertyValueForJson(WebServiceCommonHelper.java:213)
	at com.kms.katalon.core.webservice.keyword.builtin.VerifyElementPropertyValueKeyword$_verifyElementPropertyValue_closure1.doCall(VerifyElementPropertyValueKeyword.groovy:52)
	at com.kms.katalon.core.webservice.keyword.builtin.VerifyElementPropertyValueKeyword$_verifyElementPropertyValue_closure1.call(VerifyElementPropertyValueKeyword.groovy)
	at com.kms.katalon.core.keyword.internal.KeywordMain.runKeyword(KeywordMain.groovy:74)
	at com.kms.katalon.core.webservice.keyword.builtin.VerifyElementPropertyValueKeyword.verifyElementPropertyValue(VerifyElementPropertyValueKeyword.groovy:48)
	at com.kms.katalon.core.webservice.keyword.builtin.VerifyElementPropertyValueKeyword.execute(VerifyElementPropertyValueKeyword.groovy:43)
	at com.kms.katalon.core.keyword.internal.KeywordExecutor.executeKeywordForPlatform(KeywordExecutor.groovy:74)
	at com.kms.katalon.core.webservice.keyword.WSBuiltInKeywords.verifyElementPropertyValue(WSBuiltInKeywords.groovy:175)
	at com.kms.katalon.core.webservice.keyword.WSBuiltInKeywords$verifyElementPropertyValue$0.call(Unknown Source)
	at 1. get token - data order.run(1. get token - data order:750)
	at com.kms.katalon.core.main.ScriptEngine.run(ScriptEngine.java:194)
	at com.kms.katalon.core.main.ScriptEngine.runScriptAsRawText(ScriptEngine.java:119)
	at com.kms.katalon.core.main.TestCaseExecutor.runScript(TestCaseExecutor.java:442)
	at com.kms.katalon.core.main.TestCaseExecutor.doExecute(TestCaseExecutor.java:433)
	at com.kms.katalon.core.main.TestCaseExecutor.processExecutionPhase(TestCaseExecutor.java:412)
	at com.kms.katalon.core.main.TestCaseExecutor.accessMainPhase(TestCaseExecutor.java:404)
	at com.kms.katalon.core.main.TestCaseExecutor.execute(TestCaseExecutor.java:281)
	at com.kms.katalon.core.main.TestSuiteExecutor.accessTestCaseMainPhase(TestSuiteExecutor.java:202)
	at com.kms.katalon.core.main.TestSuiteExecutor.accessTestSuiteMainPhase(TestSuiteExecutor.java:164)
	at com.kms.katalon.core.main.TestSuiteExecutor.execute(TestSuiteExecutor.java:105)
	at com.kms.katalon.core.main.TestCaseMain.startTestSuite(TestCaseMain.java:181)
	at com.kms.katalon.core.main.TestCaseMain$startTestSuite$0.call(Unknown Source)
	at TempTestSuite1648100878643.run(TempTestSuite1648100878643.groovy:36)
)

2022-03-24 12:49:22 - [TEST_STEP][FAILED] - verifyElementPropertyValue(order, "GetDataOrderResponse.ListDataOrder[0].InsuranceData[4].KondisiPertanggungan", o_kond_pertanggungan_4, CONTINUE_ON_FAILURE): Unable to verify element property value (Root cause: java.lang.NullPointerException: Cannot get property 'KondisiPertanggungan' on null object
	at Script1.run(Script1.groovy:1)
	at com.kms.katalon.core.webservice.helper.WebServiceCommonHelper.parseAndGetPropertyValueForJson(WebServiceCommonHelper.java:213)
	at com.kms.katalon.core.webservice.keyword.builtin.VerifyElementPropertyValueKeyword$_verifyElementPropertyValue_closure1.doCall(VerifyElementPropertyValueKeyword.groovy:52)
	at com.kms.katalon.core.webservice.keyword.builtin.VerifyElementPropertyValueKeyword$_verifyElementPropertyValue_closure1.call(VerifyElementPropertyValueKeyword.groovy)
	at com.kms.katalon.core.keyword.internal.KeywordMain.runKeyword(KeywordMain.groovy:74)
	at com.kms.katalon.core.webservice.keyword.builtin.VerifyElementPropertyValueKeyword.verifyElementPropertyValue(VerifyElementPropertyValueKeyword.groovy:48)
	at com.kms.katalon.core.webservice.keyword.builtin.VerifyElementPropertyValueKeyword.execute(VerifyElementPropertyValueKeyword.groovy:43)
	at com.kms.katalon.core.keyword.internal.KeywordExecutor.executeKeywordForPlatform(KeywordExecutor.groovy:74)
	at com.kms.katalon.core.webservice.keyword.WSBuiltInKeywords.verifyElementPropertyValue(WSBuiltInKeywords.groovy:175)
	at com.kms.katalon.core.webservice.keyword.WSBuiltInKeywords$verifyElementPropertyValue$0.call(Unknown Source)
	at 1. get token - data order.run(1. get token - data order:754)
	at com.kms.katalon.core.main.ScriptEngine.run(ScriptEngine.java:194)
	at com.kms.katalon.core.main.ScriptEngine.runScriptAsRawText(ScriptEngine.java:119)
	at com.kms.katalon.core.main.TestCaseExecutor.runScript(TestCaseExecutor.java:442)
	at com.kms.katalon.core.main.TestCaseExecutor.doExecute(TestCaseExecutor.java:433)
	at com.kms.katalon.core.main.TestCaseExecutor.processExecutionPhase(TestCaseExecutor.java:412)
	at com.kms.katalon.core.main.TestCaseExecutor.accessMainPhase(TestCaseExecutor.java:404)
	at com.kms.katalon.core.main.TestCaseExecutor.execute(TestCaseExecutor.java:281)
	at com.kms.katalon.core.main.TestSuiteExecutor.accessTestCaseMainPhase(TestSuiteExecutor.java:202)
	at com.kms.katalon.core.main.TestSuiteExecutor.accessTestSuiteMainPhase(TestSuiteExecutor.java:164)
	at com.kms.katalon.core.main.TestSuiteExecutor.execute(TestSuiteExecutor.java:105)
	at com.kms.katalon.core.main.TestCaseMain.startTestSuite(TestCaseMain.java:181)
	at com.kms.katalon.core.main.TestCaseMain$startTestSuite$0.call(Unknown Source)
	at TempTestSuite1648100878643.run(TempTestSuite1648100878643.groovy:36)
)

2022-03-24 12:49:22 - [MESSAGE][FAILED] - Unable to verify element property value (Root cause: java.lang.NullPointerException: Cannot get property 'KondisiPertanggungan' on null object
	at Script1.run(Script1.groovy:1)
	at com.kms.katalon.core.webservice.helper.WebServiceCommonHelper.parseAndGetPropertyValueForJson(WebServiceCommonHelper.java:213)
	at com.kms.katalon.core.webservice.keyword.builtin.VerifyElementPropertyValueKeyword$_verifyElementPropertyValue_closure1.doCall(VerifyElementPropertyValueKeyword.groovy:52)
	at com.kms.katalon.core.webservice.keyword.builtin.VerifyElementPropertyValueKeyword$_verifyElementPropertyValue_closure1.call(VerifyElementPropertyValueKeyword.groovy)
	at com.kms.katalon.core.keyword.internal.KeywordMain.runKeyword(KeywordMain.groovy:74)
	at com.kms.katalon.core.webservice.keyword.builtin.VerifyElementPropertyValueKeyword.verifyElementPropertyValue(VerifyElementPropertyValueKeyword.groovy:48)
	at com.kms.katalon.core.webservice.keyword.builtin.VerifyElementPropertyValueKeyword.execute(VerifyElementPropertyValueKeyword.groovy:43)
	at com.kms.katalon.core.keyword.internal.KeywordExecutor.executeKeywordForPlatform(KeywordExecutor.groovy:74)
	at com.kms.katalon.core.webservice.keyword.WSBuiltInKeywords.verifyElementPropertyValue(WSBuiltInKeywords.groovy:175)
	at com.kms.katalon.core.webservice.keyword.WSBuiltInKeywords$verifyElementPropertyValue$0.call(Unknown Source)
	at 1. get token - data order.run(1. get token - data order:754)
	at com.kms.katalon.core.main.ScriptEngine.run(ScriptEngine.java:194)
	at com.kms.katalon.core.main.ScriptEngine.runScriptAsRawText(ScriptEngine.java:119)
	at com.kms.katalon.core.main.TestCaseExecutor.runScript(TestCaseExecutor.java:442)
	at com.kms.katalon.core.main.TestCaseExecutor.doExecute(TestCaseExecutor.java:433)
	at com.kms.katalon.core.main.TestCaseExecutor.processExecutionPhase(TestCaseExecutor.java:412)
	at com.kms.katalon.core.main.TestCaseExecutor.accessMainPhase(TestCaseExecutor.java:404)
	at com.kms.katalon.core.main.TestCaseExecutor.execute(TestCaseExecutor.java:281)
	at com.kms.katalon.core.main.TestSuiteExecutor.accessTestCaseMainPhase(TestSuiteExecutor.java:202)
	at com.kms.katalon.core.main.TestSuiteExecutor.accessTestSuiteMainPhase(TestSuiteExecutor.java:164)
	at com.kms.katalon.core.main.TestSuiteExecutor.execute(TestSuiteExecutor.java:105)
	at com.kms.katalon.core.main.TestCaseMain.startTestSuite(TestCaseMain.java:181)
	at com.kms.katalon.core.main.TestCaseMain$startTestSuite$0.call(Unknown Source)
	at TempTestSuite1648100878643.run(TempTestSuite1648100878643.groovy:36)
)

2022-03-24 12:49:22 - [TEST_STEP][FAILED] - verifyElementPropertyValue(order, "GetDataOrderResponse.ListDataOrder[0].InsuranceData[4].TJH", o_tjh_header_4, CONTINUE_ON_FAILURE): Unable to verify element property value (Root cause: java.lang.NullPointerException: Cannot get property 'TJH' on null object
	at Script1.run(Script1.groovy:1)
	at com.kms.katalon.core.webservice.helper.WebServiceCommonHelper.parseAndGetPropertyValueForJson(WebServiceCommonHelper.java:213)
	at com.kms.katalon.core.webservice.keyword.builtin.VerifyElementPropertyValueKeyword$_verifyElementPropertyValue_closure1.doCall(VerifyElementPropertyValueKeyword.groovy:52)
	at com.kms.katalon.core.webservice.keyword.builtin.VerifyElementPropertyValueKeyword$_verifyElementPropertyValue_closure1.call(VerifyElementPropertyValueKeyword.groovy)
	at com.kms.katalon.core.keyword.internal.KeywordMain.runKeyword(KeywordMain.groovy:74)
	at com.kms.katalon.core.webservice.keyword.builtin.VerifyElementPropertyValueKeyword.verifyElementPropertyValue(VerifyElementPropertyValueKeyword.groovy:48)
	at com.kms.katalon.core.webservice.keyword.builtin.VerifyElementPropertyValueKeyword.execute(VerifyElementPropertyValueKeyword.groovy:43)
	at com.kms.katalon.core.keyword.internal.KeywordExecutor.executeKeywordForPlatform(KeywordExecutor.groovy:74)
	at com.kms.katalon.core.webservice.keyword.WSBuiltInKeywords.verifyElementPropertyValue(WSBuiltInKeywords.groovy:175)
	at com.kms.katalon.core.webservice.keyword.WSBuiltInKeywords$verifyElementPropertyValue$0.call(Unknown Source)
	at 1. get token - data order.run(1. get token - data order:757)
	at com.kms.katalon.core.main.ScriptEngine.run(ScriptEngine.java:194)
	at com.kms.katalon.core.main.ScriptEngine.runScriptAsRawText(ScriptEngine.java:119)
	at com.kms.katalon.core.main.TestCaseExecutor.runScript(TestCaseExecutor.java:442)
	at com.kms.katalon.core.main.TestCaseExecutor.doExecute(TestCaseExecutor.java:433)
	at com.kms.katalon.core.main.TestCaseExecutor.processExecutionPhase(TestCaseExecutor.java:412)
	at com.kms.katalon.core.main.TestCaseExecutor.accessMainPhase(TestCaseExecutor.java:404)
	at com.kms.katalon.core.main.TestCaseExecutor.execute(TestCaseExecutor.java:281)
	at com.kms.katalon.core.main.TestSuiteExecutor.accessTestCaseMainPhase(TestSuiteExecutor.java:202)
	at com.kms.katalon.core.main.TestSuiteExecutor.accessTestSuiteMainPhase(TestSuiteExecutor.java:164)
	at com.kms.katalon.core.main.TestSuiteExecutor.execute(TestSuiteExecutor.java:105)
	at com.kms.katalon.core.main.TestCaseMain.startTestSuite(TestCaseMain.java:181)
	at com.kms.katalon.core.main.TestCaseMain$startTestSuite$0.call(Unknown Source)
	at TempTestSuite1648100878643.run(TempTestSuite1648100878643.groovy:36)
)

2022-03-24 12:49:22 - [MESSAGE][FAILED] - Unable to verify element property value (Root cause: java.lang.NullPointerException: Cannot get property 'TJH' on null object
	at Script1.run(Script1.groovy:1)
	at com.kms.katalon.core.webservice.helper.WebServiceCommonHelper.parseAndGetPropertyValueForJson(WebServiceCommonHelper.java:213)
	at com.kms.katalon.core.webservice.keyword.builtin.VerifyElementPropertyValueKeyword$_verifyElementPropertyValue_closure1.doCall(VerifyElementPropertyValueKeyword.groovy:52)
	at com.kms.katalon.core.webservice.keyword.builtin.VerifyElementPropertyValueKeyword$_verifyElementPropertyValue_closure1.call(VerifyElementPropertyValueKeyword.groovy)
	at com.kms.katalon.core.keyword.internal.KeywordMain.runKeyword(KeywordMain.groovy:74)
	at com.kms.katalon.core.webservice.keyword.builtin.VerifyElementPropertyValueKeyword.verifyElementPropertyValue(VerifyElementPropertyValueKeyword.groovy:48)
	at com.kms.katalon.core.webservice.keyword.builtin.VerifyElementPropertyValueKeyword.execute(VerifyElementPropertyValueKeyword.groovy:43)
	at com.kms.katalon.core.keyword.internal.KeywordExecutor.executeKeywordForPlatform(KeywordExecutor.groovy:74)
	at com.kms.katalon.core.webservice.keyword.WSBuiltInKeywords.verifyElementPropertyValue(WSBuiltInKeywords.groovy:175)
	at com.kms.katalon.core.webservice.keyword.WSBuiltInKeywords$verifyElementPropertyValue$0.call(Unknown Source)
	at 1. get token - data order.run(1. get token - data order:757)
	at com.kms.katalon.core.main.ScriptEngine.run(ScriptEngine.java:194)
	at com.kms.katalon.core.main.ScriptEngine.runScriptAsRawText(ScriptEngine.java:119)
	at com.kms.katalon.core.main.TestCaseExecutor.runScript(TestCaseExecutor.java:442)
	at com.kms.katalon.core.main.TestCaseExecutor.doExecute(TestCaseExecutor.java:433)
	at com.kms.katalon.core.main.TestCaseExecutor.processExecutionPhase(TestCaseExecutor.java:412)
	at com.kms.katalon.core.main.TestCaseExecutor.accessMainPhase(TestCaseExecutor.java:404)
	at com.kms.katalon.core.main.TestCaseExecutor.execute(TestCaseExecutor.java:281)
	at com.kms.katalon.core.main.TestSuiteExecutor.accessTestCaseMainPhase(TestSuiteExecutor.java:202)
	at com.kms.katalon.core.main.TestSuiteExecutor.accessTestSuiteMainPhase(TestSuiteExecutor.java:164)
	at com.kms.katalon.core.main.TestSuiteExecutor.execute(TestSuiteExecutor.java:105)
	at com.kms.katalon.core.main.TestCaseMain.startTestSuite(TestCaseMain.java:181)
	at com.kms.katalon.core.main.TestCaseMain$startTestSuite$0.call(Unknown Source)
	at TempTestSuite1648100878643.run(TempTestSuite1648100878643.groovy:36)
)

2022-03-24 12:49:22 - [TEST_STEP][FAILED] - verifyElementPropertyValue(order, "GetDataOrderResponse.ListDataOrder[0].InsuranceData[4].InsuredValue", o_ins_val_4, CONTINUE_ON_FAILURE): Unable to verify element property value (Root cause: java.lang.NullPointerException: Cannot get property 'InsuredValue' on null object
	at Script1.run(Script1.groovy:1)
	at com.kms.katalon.core.webservice.helper.WebServiceCommonHelper.parseAndGetPropertyValueForJson(WebServiceCommonHelper.java:213)
	at com.kms.katalon.core.webservice.keyword.builtin.VerifyElementPropertyValueKeyword$_verifyElementPropertyValue_closure1.doCall(VerifyElementPropertyValueKeyword.groovy:52)
	at com.kms.katalon.core.webservice.keyword.builtin.VerifyElementPropertyValueKeyword$_verifyElementPropertyValue_closure1.call(VerifyElementPropertyValueKeyword.groovy)
	at com.kms.katalon.core.keyword.internal.KeywordMain.runKeyword(KeywordMain.groovy:74)
	at com.kms.katalon.core.webservice.keyword.builtin.VerifyElementPropertyValueKeyword.verifyElementPropertyValue(VerifyElementPropertyValueKeyword.groovy:48)
	at com.kms.katalon.core.webservice.keyword.builtin.VerifyElementPropertyValueKeyword.execute(VerifyElementPropertyValueKeyword.groovy:43)
	at com.kms.katalon.core.keyword.internal.KeywordExecutor.executeKeywordForPlatform(KeywordExecutor.groovy:74)
	at com.kms.katalon.core.webservice.keyword.WSBuiltInKeywords.verifyElementPropertyValue(WSBuiltInKeywords.groovy:175)
	at com.kms.katalon.core.webservice.keyword.WSBuiltInKeywords$verifyElementPropertyValue$0.call(Unknown Source)
	at 1. get token - data order.run(1. get token - data order:759)
	at com.kms.katalon.core.main.ScriptEngine.run(ScriptEngine.java:194)
	at com.kms.katalon.core.main.ScriptEngine.runScriptAsRawText(ScriptEngine.java:119)
	at com.kms.katalon.core.main.TestCaseExecutor.runScript(TestCaseExecutor.java:442)
	at com.kms.katalon.core.main.TestCaseExecutor.doExecute(TestCaseExecutor.java:433)
	at com.kms.katalon.core.main.TestCaseExecutor.processExecutionPhase(TestCaseExecutor.java:412)
	at com.kms.katalon.core.main.TestCaseExecutor.accessMainPhase(TestCaseExecutor.java:404)
	at com.kms.katalon.core.main.TestCaseExecutor.execute(TestCaseExecutor.java:281)
	at com.kms.katalon.core.main.TestSuiteExecutor.accessTestCaseMainPhase(TestSuiteExecutor.java:202)
	at com.kms.katalon.core.main.TestSuiteExecutor.accessTestSuiteMainPhase(TestSuiteExecutor.java:164)
	at com.kms.katalon.core.main.TestSuiteExecutor.execute(TestSuiteExecutor.java:105)
	at com.kms.katalon.core.main.TestCaseMain.startTestSuite(TestCaseMain.java:181)
	at com.kms.katalon.core.main.TestCaseMain$startTestSuite$0.call(Unknown Source)
	at TempTestSuite1648100878643.run(TempTestSuite1648100878643.groovy:36)
)

2022-03-24 12:49:22 - [MESSAGE][FAILED] - Unable to verify element property value (Root cause: java.lang.NullPointerException: Cannot get property 'InsuredValue' on null object
	at Script1.run(Script1.groovy:1)
	at com.kms.katalon.core.webservice.helper.WebServiceCommonHelper.parseAndGetPropertyValueForJson(WebServiceCommonHelper.java:213)
	at com.kms.katalon.core.webservice.keyword.builtin.VerifyElementPropertyValueKeyword$_verifyElementPropertyValue_closure1.doCall(VerifyElementPropertyValueKeyword.groovy:52)
	at com.kms.katalon.core.webservice.keyword.builtin.VerifyElementPropertyValueKeyword$_verifyElementPropertyValue_closure1.call(VerifyElementPropertyValueKeyword.groovy)
	at com.kms.katalon.core.keyword.internal.KeywordMain.runKeyword(KeywordMain.groovy:74)
	at com.kms.katalon.core.webservice.keyword.builtin.VerifyElementPropertyValueKeyword.verifyElementPropertyValue(VerifyElementPropertyValueKeyword.groovy:48)
	at com.kms.katalon.core.webservice.keyword.builtin.VerifyElementPropertyValueKeyword.execute(VerifyElementPropertyValueKeyword.groovy:43)
	at com.kms.katalon.core.keyword.internal.KeywordExecutor.executeKeywordForPlatform(KeywordExecutor.groovy:74)
	at com.kms.katalon.core.webservice.keyword.WSBuiltInKeywords.verifyElementPropertyValue(WSBuiltInKeywords.groovy:175)
	at com.kms.katalon.core.webservice.keyword.WSBuiltInKeywords$verifyElementPropertyValue$0.call(Unknown Source)
	at 1. get token - data order.run(1. get token - data order:759)
	at com.kms.katalon.core.main.ScriptEngine.run(ScriptEngine.java:194)
	at com.kms.katalon.core.main.ScriptEngine.runScriptAsRawText(ScriptEngine.java:119)
	at com.kms.katalon.core.main.TestCaseExecutor.runScript(TestCaseExecutor.java:442)
	at com.kms.katalon.core.main.TestCaseExecutor.doExecute(TestCaseExecutor.java:433)
	at com.kms.katalon.core.main.TestCaseExecutor.processExecutionPhase(TestCaseExecutor.java:412)
	at com.kms.katalon.core.main.TestCaseExecutor.accessMainPhase(TestCaseExecutor.java:404)
	at com.kms.katalon.core.main.TestCaseExecutor.execute(TestCaseExecutor.java:281)
	at com.kms.katalon.core.main.TestSuiteExecutor.accessTestCaseMainPhase(TestSuiteExecutor.java:202)
	at com.kms.katalon.core.main.TestSuiteExecutor.accessTestSuiteMainPhase(TestSuiteExecutor.java:164)
	at com.kms.katalon.core.main.TestSuiteExecutor.execute(TestSuiteExecutor.java:105)
	at com.kms.katalon.core.main.TestCaseMain.startTestSuite(TestCaseMain.java:181)
	at com.kms.katalon.core.main.TestCaseMain$startTestSuite$0.call(Unknown Source)
	at TempTestSuite1648100878643.run(TempTestSuite1648100878643.groovy:36)
)

2022-03-24 12:49:22 - [TEST_STEP][FAILED] - verifyElementPropertyValue(order, "GetDataOrderResponse.ListDataOrder[0].InsuranceData[4].InsuredFrom", o_ins_form_4, CONTINUE_ON_FAILURE): Unable to verify element property value (Root cause: java.lang.NullPointerException: Cannot get property 'InsuredFrom' on null object
	at Script1.run(Script1.groovy:1)
	at com.kms.katalon.core.webservice.helper.WebServiceCommonHelper.parseAndGetPropertyValueForJson(WebServiceCommonHelper.java:213)
	at com.kms.katalon.core.webservice.keyword.builtin.VerifyElementPropertyValueKeyword$_verifyElementPropertyValue_closure1.doCall(VerifyElementPropertyValueKeyword.groovy:52)
	at com.kms.katalon.core.webservice.keyword.builtin.VerifyElementPropertyValueKeyword$_verifyElementPropertyValue_closure1.call(VerifyElementPropertyValueKeyword.groovy)
	at com.kms.katalon.core.keyword.internal.KeywordMain.runKeyword(KeywordMain.groovy:74)
	at com.kms.katalon.core.webservice.keyword.builtin.VerifyElementPropertyValueKeyword.verifyElementPropertyValue(VerifyElementPropertyValueKeyword.groovy:48)
	at com.kms.katalon.core.webservice.keyword.builtin.VerifyElementPropertyValueKeyword.execute(VerifyElementPropertyValueKeyword.groovy:43)
	at com.kms.katalon.core.keyword.internal.KeywordExecutor.executeKeywordForPlatform(KeywordExecutor.groovy:74)
	at com.kms.katalon.core.webservice.keyword.WSBuiltInKeywords.verifyElementPropertyValue(WSBuiltInKeywords.groovy:175)
	at com.kms.katalon.core.webservice.keyword.WSBuiltInKeywords$verifyElementPropertyValue$0.call(Unknown Source)
	at 1. get token - data order.run(1. get token - data order:762)
	at com.kms.katalon.core.main.ScriptEngine.run(ScriptEngine.java:194)
	at com.kms.katalon.core.main.ScriptEngine.runScriptAsRawText(ScriptEngine.java:119)
	at com.kms.katalon.core.main.TestCaseExecutor.runScript(TestCaseExecutor.java:442)
	at com.kms.katalon.core.main.TestCaseExecutor.doExecute(TestCaseExecutor.java:433)
	at com.kms.katalon.core.main.TestCaseExecutor.processExecutionPhase(TestCaseExecutor.java:412)
	at com.kms.katalon.core.main.TestCaseExecutor.accessMainPhase(TestCaseExecutor.java:404)
	at com.kms.katalon.core.main.TestCaseExecutor.execute(TestCaseExecutor.java:281)
	at com.kms.katalon.core.main.TestSuiteExecutor.accessTestCaseMainPhase(TestSuiteExecutor.java:202)
	at com.kms.katalon.core.main.TestSuiteExecutor.accessTestSuiteMainPhase(TestSuiteExecutor.java:164)
	at com.kms.katalon.core.main.TestSuiteExecutor.execute(TestSuiteExecutor.java:105)
	at com.kms.katalon.core.main.TestCaseMain.startTestSuite(TestCaseMain.java:181)
	at com.kms.katalon.core.main.TestCaseMain$startTestSuite$0.call(Unknown Source)
	at TempTestSuite1648100878643.run(TempTestSuite1648100878643.groovy:36)
)

2022-03-24 12:49:22 - [MESSAGE][FAILED] - Unable to verify element property value (Root cause: java.lang.NullPointerException: Cannot get property 'InsuredFrom' on null object
	at Script1.run(Script1.groovy:1)
	at com.kms.katalon.core.webservice.helper.WebServiceCommonHelper.parseAndGetPropertyValueForJson(WebServiceCommonHelper.java:213)
	at com.kms.katalon.core.webservice.keyword.builtin.VerifyElementPropertyValueKeyword$_verifyElementPropertyValue_closure1.doCall(VerifyElementPropertyValueKeyword.groovy:52)
	at com.kms.katalon.core.webservice.keyword.builtin.VerifyElementPropertyValueKeyword$_verifyElementPropertyValue_closure1.call(VerifyElementPropertyValueKeyword.groovy)
	at com.kms.katalon.core.keyword.internal.KeywordMain.runKeyword(KeywordMain.groovy:74)
	at com.kms.katalon.core.webservice.keyword.builtin.VerifyElementPropertyValueKeyword.verifyElementPropertyValue(VerifyElementPropertyValueKeyword.groovy:48)
	at com.kms.katalon.core.webservice.keyword.builtin.VerifyElementPropertyValueKeyword.execute(VerifyElementPropertyValueKeyword.groovy:43)
	at com.kms.katalon.core.keyword.internal.KeywordExecutor.executeKeywordForPlatform(KeywordExecutor.groovy:74)
	at com.kms.katalon.core.webservice.keyword.WSBuiltInKeywords.verifyElementPropertyValue(WSBuiltInKeywords.groovy:175)
	at com.kms.katalon.core.webservice.keyword.WSBuiltInKeywords$verifyElementPropertyValue$0.call(Unknown Source)
	at 1. get token - data order.run(1. get token - data order:762)
	at com.kms.katalon.core.main.ScriptEngine.run(ScriptEngine.java:194)
	at com.kms.katalon.core.main.ScriptEngine.runScriptAsRawText(ScriptEngine.java:119)
	at com.kms.katalon.core.main.TestCaseExecutor.runScript(TestCaseExecutor.java:442)
	at com.kms.katalon.core.main.TestCaseExecutor.doExecute(TestCaseExecutor.java:433)
	at com.kms.katalon.core.main.TestCaseExecutor.processExecutionPhase(TestCaseExecutor.java:412)
	at com.kms.katalon.core.main.TestCaseExecutor.accessMainPhase(TestCaseExecutor.java:404)
	at com.kms.katalon.core.main.TestCaseExecutor.execute(TestCaseExecutor.java:281)
	at com.kms.katalon.core.main.TestSuiteExecutor.accessTestCaseMainPhase(TestSuiteExecutor.java:202)
	at com.kms.katalon.core.main.TestSuiteExecutor.accessTestSuiteMainPhase(TestSuiteExecutor.java:164)
	at com.kms.katalon.core.main.TestSuiteExecutor.execute(TestSuiteExecutor.java:105)
	at com.kms.katalon.core.main.TestCaseMain.startTestSuite(TestCaseMain.java:181)
	at com.kms.katalon.core.main.TestCaseMain$startTestSuite$0.call(Unknown Source)
	at TempTestSuite1648100878643.run(TempTestSuite1648100878643.groovy:36)
)

2022-03-24 12:49:22 - [TEST_STEP][FAILED] - verifyElementPropertyValue(order, "GetDataOrderResponse.ListDataOrder[0].InsuranceData[4].InsuredTo", o_ins_to_4, CONTINUE_ON_FAILURE): Unable to verify element property value (Root cause: java.lang.NullPointerException: Cannot get property 'InsuredTo' on null object
	at Script1.run(Script1.groovy:1)
	at com.kms.katalon.core.webservice.helper.WebServiceCommonHelper.parseAndGetPropertyValueForJson(WebServiceCommonHelper.java:213)
	at com.kms.katalon.core.webservice.keyword.builtin.VerifyElementPropertyValueKeyword$_verifyElementPropertyValue_closure1.doCall(VerifyElementPropertyValueKeyword.groovy:52)
	at com.kms.katalon.core.webservice.keyword.builtin.VerifyElementPropertyValueKeyword$_verifyElementPropertyValue_closure1.call(VerifyElementPropertyValueKeyword.groovy)
	at com.kms.katalon.core.keyword.internal.KeywordMain.runKeyword(KeywordMain.groovy:74)
	at com.kms.katalon.core.webservice.keyword.builtin.VerifyElementPropertyValueKeyword.verifyElementPropertyValue(VerifyElementPropertyValueKeyword.groovy:48)
	at com.kms.katalon.core.webservice.keyword.builtin.VerifyElementPropertyValueKeyword.execute(VerifyElementPropertyValueKeyword.groovy:43)
	at com.kms.katalon.core.keyword.internal.KeywordExecutor.executeKeywordForPlatform(KeywordExecutor.groovy:74)
	at com.kms.katalon.core.webservice.keyword.WSBuiltInKeywords.verifyElementPropertyValue(WSBuiltInKeywords.groovy:175)
	at com.kms.katalon.core.webservice.keyword.WSBuiltInKeywords$verifyElementPropertyValue$0.call(Unknown Source)
	at 1. get token - data order.run(1. get token - data order:765)
	at com.kms.katalon.core.main.ScriptEngine.run(ScriptEngine.java:194)
	at com.kms.katalon.core.main.ScriptEngine.runScriptAsRawText(ScriptEngine.java:119)
	at com.kms.katalon.core.main.TestCaseExecutor.runScript(TestCaseExecutor.java:442)
	at com.kms.katalon.core.main.TestCaseExecutor.doExecute(TestCaseExecutor.java:433)
	at com.kms.katalon.core.main.TestCaseExecutor.processExecutionPhase(TestCaseExecutor.java:412)
	at com.kms.katalon.core.main.TestCaseExecutor.accessMainPhase(TestCaseExecutor.java:404)
	at com.kms.katalon.core.main.TestCaseExecutor.execute(TestCaseExecutor.java:281)
	at com.kms.katalon.core.main.TestSuiteExecutor.accessTestCaseMainPhase(TestSuiteExecutor.java:202)
	at com.kms.katalon.core.main.TestSuiteExecutor.accessTestSuiteMainPhase(TestSuiteExecutor.java:164)
	at com.kms.katalon.core.main.TestSuiteExecutor.execute(TestSuiteExecutor.java:105)
	at com.kms.katalon.core.main.TestCaseMain.startTestSuite(TestCaseMain.java:181)
	at com.kms.katalon.core.main.TestCaseMain$startTestSuite$0.call(Unknown Source)
	at TempTestSuite1648100878643.run(TempTestSuite1648100878643.groovy:36)
)

2022-03-24 12:49:22 - [MESSAGE][FAILED] - Unable to verify element property value (Root cause: java.lang.NullPointerException: Cannot get property 'InsuredTo' on null object
	at Script1.run(Script1.groovy:1)
	at com.kms.katalon.core.webservice.helper.WebServiceCommonHelper.parseAndGetPropertyValueForJson(WebServiceCommonHelper.java:213)
	at com.kms.katalon.core.webservice.keyword.builtin.VerifyElementPropertyValueKeyword$_verifyElementPropertyValue_closure1.doCall(VerifyElementPropertyValueKeyword.groovy:52)
	at com.kms.katalon.core.webservice.keyword.builtin.VerifyElementPropertyValueKeyword$_verifyElementPropertyValue_closure1.call(VerifyElementPropertyValueKeyword.groovy)
	at com.kms.katalon.core.keyword.internal.KeywordMain.runKeyword(KeywordMain.groovy:74)
	at com.kms.katalon.core.webservice.keyword.builtin.VerifyElementPropertyValueKeyword.verifyElementPropertyValue(VerifyElementPropertyValueKeyword.groovy:48)
	at com.kms.katalon.core.webservice.keyword.builtin.VerifyElementPropertyValueKeyword.execute(VerifyElementPropertyValueKeyword.groovy:43)
	at com.kms.katalon.core.keyword.internal.KeywordExecutor.executeKeywordForPlatform(KeywordExecutor.groovy:74)
	at com.kms.katalon.core.webservice.keyword.WSBuiltInKeywords.verifyElementPropertyValue(WSBuiltInKeywords.groovy:175)
	at com.kms.katalon.core.webservice.keyword.WSBuiltInKeywords$verifyElementPropertyValue$0.call(Unknown Source)
	at 1. get token - data order.run(1. get token - data order:765)
	at com.kms.katalon.core.main.ScriptEngine.run(ScriptEngine.java:194)
	at com.kms.katalon.core.main.ScriptEngine.runScriptAsRawText(ScriptEngine.java:119)
	at com.kms.katalon.core.main.TestCaseExecutor.runScript(TestCaseExecutor.java:442)
	at com.kms.katalon.core.main.TestCaseExecutor.doExecute(TestCaseExecutor.java:433)
	at com.kms.katalon.core.main.TestCaseExecutor.processExecutionPhase(TestCaseExecutor.java:412)
	at com.kms.katalon.core.main.TestCaseExecutor.accessMainPhase(TestCaseExecutor.java:404)
	at com.kms.katalon.core.main.TestCaseExecutor.execute(TestCaseExecutor.java:281)
	at com.kms.katalon.core.main.TestSuiteExecutor.accessTestCaseMainPhase(TestSuiteExecutor.java:202)
	at com.kms.katalon.core.main.TestSuiteExecutor.accessTestSuiteMainPhase(TestSuiteExecutor.java:164)
	at com.kms.katalon.core.main.TestSuiteExecutor.execute(TestSuiteExecutor.java:105)
	at com.kms.katalon.core.main.TestCaseMain.startTestSuite(TestCaseMain.java:181)
	at com.kms.katalon.core.main.TestCaseMain$startTestSuite$0.call(Unknown Source)
	at TempTestSuite1648100878643.run(TempTestSuite1648100878643.groovy:36)
)

2022-03-24 12:49:22 - [TEST_STEP][FAILED] - verifyElementPropertyValue(order, "GetDataOrderResponse.ListDataOrder[0].InsuranceData[4].Rate", o_rate_4, CONTINUE_ON_FAILURE): Unable to verify element property value (Root cause: java.lang.NullPointerException: Cannot get property 'Rate' on null object
	at Script1.run(Script1.groovy:1)
	at com.kms.katalon.core.webservice.helper.WebServiceCommonHelper.parseAndGetPropertyValueForJson(WebServiceCommonHelper.java:213)
	at com.kms.katalon.core.webservice.keyword.builtin.VerifyElementPropertyValueKeyword$_verifyElementPropertyValue_closure1.doCall(VerifyElementPropertyValueKeyword.groovy:52)
	at com.kms.katalon.core.webservice.keyword.builtin.VerifyElementPropertyValueKeyword$_verifyElementPropertyValue_closure1.call(VerifyElementPropertyValueKeyword.groovy)
	at com.kms.katalon.core.keyword.internal.KeywordMain.runKeyword(KeywordMain.groovy:74)
	at com.kms.katalon.core.webservice.keyword.builtin.VerifyElementPropertyValueKeyword.verifyElementPropertyValue(VerifyElementPropertyValueKeyword.groovy:48)
	at com.kms.katalon.core.webservice.keyword.builtin.VerifyElementPropertyValueKeyword.execute(VerifyElementPropertyValueKeyword.groovy:43)
	at com.kms.katalon.core.keyword.internal.KeywordExecutor.executeKeywordForPlatform(KeywordExecutor.groovy:74)
	at com.kms.katalon.core.webservice.keyword.WSBuiltInKeywords.verifyElementPropertyValue(WSBuiltInKeywords.groovy:175)
	at com.kms.katalon.core.webservice.keyword.WSBuiltInKeywords$verifyElementPropertyValue$0.call(Unknown Source)
	at 1. get token - data order.run(1. get token - data order:768)
	at com.kms.katalon.core.main.ScriptEngine.run(ScriptEngine.java:194)
	at com.kms.katalon.core.main.ScriptEngine.runScriptAsRawText(ScriptEngine.java:119)
	at com.kms.katalon.core.main.TestCaseExecutor.runScript(TestCaseExecutor.java:442)
	at com.kms.katalon.core.main.TestCaseExecutor.doExecute(TestCaseExecutor.java:433)
	at com.kms.katalon.core.main.TestCaseExecutor.processExecutionPhase(TestCaseExecutor.java:412)
	at com.kms.katalon.core.main.TestCaseExecutor.accessMainPhase(TestCaseExecutor.java:404)
	at com.kms.katalon.core.main.TestCaseExecutor.execute(TestCaseExecutor.java:281)
	at com.kms.katalon.core.main.TestSuiteExecutor.accessTestCaseMainPhase(TestSuiteExecutor.java:202)
	at com.kms.katalon.core.main.TestSuiteExecutor.accessTestSuiteMainPhase(TestSuiteExecutor.java:164)
	at com.kms.katalon.core.main.TestSuiteExecutor.execute(TestSuiteExecutor.java:105)
	at com.kms.katalon.core.main.TestCaseMain.startTestSuite(TestCaseMain.java:181)
	at com.kms.katalon.core.main.TestCaseMain$startTestSuite$0.call(Unknown Source)
	at TempTestSuite1648100878643.run(TempTestSuite1648100878643.groovy:36)
)

2022-03-24 12:49:22 - [MESSAGE][FAILED] - Unable to verify element property value (Root cause: java.lang.NullPointerException: Cannot get property 'Rate' on null object
	at Script1.run(Script1.groovy:1)
	at com.kms.katalon.core.webservice.helper.WebServiceCommonHelper.parseAndGetPropertyValueForJson(WebServiceCommonHelper.java:213)
	at com.kms.katalon.core.webservice.keyword.builtin.VerifyElementPropertyValueKeyword$_verifyElementPropertyValue_closure1.doCall(VerifyElementPropertyValueKeyword.groovy:52)
	at com.kms.katalon.core.webservice.keyword.builtin.VerifyElementPropertyValueKeyword$_verifyElementPropertyValue_closure1.call(VerifyElementPropertyValueKeyword.groovy)
	at com.kms.katalon.core.keyword.internal.KeywordMain.runKeyword(KeywordMain.groovy:74)
	at com.kms.katalon.core.webservice.keyword.builtin.VerifyElementPropertyValueKeyword.verifyElementPropertyValue(VerifyElementPropertyValueKeyword.groovy:48)
	at com.kms.katalon.core.webservice.keyword.builtin.VerifyElementPropertyValueKeyword.execute(VerifyElementPropertyValueKeyword.groovy:43)
	at com.kms.katalon.core.keyword.internal.KeywordExecutor.executeKeywordForPlatform(KeywordExecutor.groovy:74)
	at com.kms.katalon.core.webservice.keyword.WSBuiltInKeywords.verifyElementPropertyValue(WSBuiltInKeywords.groovy:175)
	at com.kms.katalon.core.webservice.keyword.WSBuiltInKeywords$verifyElementPropertyValue$0.call(Unknown Source)
	at 1. get token - data order.run(1. get token - data order:768)
	at com.kms.katalon.core.main.ScriptEngine.run(ScriptEngine.java:194)
	at com.kms.katalon.core.main.ScriptEngine.runScriptAsRawText(ScriptEngine.java:119)
	at com.kms.katalon.core.main.TestCaseExecutor.runScript(TestCaseExecutor.java:442)
	at com.kms.katalon.core.main.TestCaseExecutor.doExecute(TestCaseExecutor.java:433)
	at com.kms.katalon.core.main.TestCaseExecutor.processExecutionPhase(TestCaseExecutor.java:412)
	at com.kms.katalon.core.main.TestCaseExecutor.accessMainPhase(TestCaseExecutor.java:404)
	at com.kms.katalon.core.main.TestCaseExecutor.execute(TestCaseExecutor.java:281)
	at com.kms.katalon.core.main.TestSuiteExecutor.accessTestCaseMainPhase(TestSuiteExecutor.java:202)
	at com.kms.katalon.core.main.TestSuiteExecutor.accessTestSuiteMainPhase(TestSuiteExecutor.java:164)
	at com.kms.katalon.core.main.TestSuiteExecutor.execute(TestSuiteExecutor.java:105)
	at com.kms.katalon.core.main.TestCaseMain.startTestSuite(TestCaseMain.java:181)
	at com.kms.katalon.core.main.TestCaseMain$startTestSuite$0.call(Unknown Source)
	at TempTestSuite1648100878643.run(TempTestSuite1648100878643.groovy:36)
)

2022-03-24 12:49:22 - [TEST_STEP][FAILED] - verifyElementPropertyValue(order, "GetDataOrderResponse.ListDataOrder[0].InsuranceData[4].GrossPremi", o_gross_premi_4, CONTINUE_ON_FAILURE): Unable to verify element property value (Root cause: java.lang.NullPointerException: Cannot get property 'GrossPremi' on null object
	at Script1.run(Script1.groovy:1)
	at com.kms.katalon.core.webservice.helper.WebServiceCommonHelper.parseAndGetPropertyValueForJson(WebServiceCommonHelper.java:213)
	at com.kms.katalon.core.webservice.keyword.builtin.VerifyElementPropertyValueKeyword$_verifyElementPropertyValue_closure1.doCall(VerifyElementPropertyValueKeyword.groovy:52)
	at com.kms.katalon.core.webservice.keyword.builtin.VerifyElementPropertyValueKeyword$_verifyElementPropertyValue_closure1.call(VerifyElementPropertyValueKeyword.groovy)
	at com.kms.katalon.core.keyword.internal.KeywordMain.runKeyword(KeywordMain.groovy:74)
	at com.kms.katalon.core.webservice.keyword.builtin.VerifyElementPropertyValueKeyword.verifyElementPropertyValue(VerifyElementPropertyValueKeyword.groovy:48)
	at com.kms.katalon.core.webservice.keyword.builtin.VerifyElementPropertyValueKeyword.execute(VerifyElementPropertyValueKeyword.groovy:43)
	at com.kms.katalon.core.keyword.internal.KeywordExecutor.executeKeywordForPlatform(KeywordExecutor.groovy:74)
	at com.kms.katalon.core.webservice.keyword.WSBuiltInKeywords.verifyElementPropertyValue(WSBuiltInKeywords.groovy:175)
	at com.kms.katalon.core.webservice.keyword.WSBuiltInKeywords$verifyElementPropertyValue$0.call(Unknown Source)
	at 1. get token - data order.run(1. get token - data order:770)
	at com.kms.katalon.core.main.ScriptEngine.run(ScriptEngine.java:194)
	at com.kms.katalon.core.main.ScriptEngine.runScriptAsRawText(ScriptEngine.java:119)
	at com.kms.katalon.core.main.TestCaseExecutor.runScript(TestCaseExecutor.java:442)
	at com.kms.katalon.core.main.TestCaseExecutor.doExecute(TestCaseExecutor.java:433)
	at com.kms.katalon.core.main.TestCaseExecutor.processExecutionPhase(TestCaseExecutor.java:412)
	at com.kms.katalon.core.main.TestCaseExecutor.accessMainPhase(TestCaseExecutor.java:404)
	at com.kms.katalon.core.main.TestCaseExecutor.execute(TestCaseExecutor.java:281)
	at com.kms.katalon.core.main.TestSuiteExecutor.accessTestCaseMainPhase(TestSuiteExecutor.java:202)
	at com.kms.katalon.core.main.TestSuiteExecutor.accessTestSuiteMainPhase(TestSuiteExecutor.java:164)
	at com.kms.katalon.core.main.TestSuiteExecutor.execute(TestSuiteExecutor.java:105)
	at com.kms.katalon.core.main.TestCaseMain.startTestSuite(TestCaseMain.java:181)
	at com.kms.katalon.core.main.TestCaseMain$startTestSuite$0.call(Unknown Source)
	at TempTestSuite1648100878643.run(TempTestSuite1648100878643.groovy:36)
)

2022-03-24 12:49:22 - [MESSAGE][FAILED] - Unable to verify element property value (Root cause: java.lang.NullPointerException: Cannot get property 'GrossPremi' on null object
	at Script1.run(Script1.groovy:1)
	at com.kms.katalon.core.webservice.helper.WebServiceCommonHelper.parseAndGetPropertyValueForJson(WebServiceCommonHelper.java:213)
	at com.kms.katalon.core.webservice.keyword.builtin.VerifyElementPropertyValueKeyword$_verifyElementPropertyValue_closure1.doCall(VerifyElementPropertyValueKeyword.groovy:52)
	at com.kms.katalon.core.webservice.keyword.builtin.VerifyElementPropertyValueKeyword$_verifyElementPropertyValue_closure1.call(VerifyElementPropertyValueKeyword.groovy)
	at com.kms.katalon.core.keyword.internal.KeywordMain.runKeyword(KeywordMain.groovy:74)
	at com.kms.katalon.core.webservice.keyword.builtin.VerifyElementPropertyValueKeyword.verifyElementPropertyValue(VerifyElementPropertyValueKeyword.groovy:48)
	at com.kms.katalon.core.webservice.keyword.builtin.VerifyElementPropertyValueKeyword.execute(VerifyElementPropertyValueKeyword.groovy:43)
	at com.kms.katalon.core.keyword.internal.KeywordExecutor.executeKeywordForPlatform(KeywordExecutor.groovy:74)
	at com.kms.katalon.core.webservice.keyword.WSBuiltInKeywords.verifyElementPropertyValue(WSBuiltInKeywords.groovy:175)
	at com.kms.katalon.core.webservice.keyword.WSBuiltInKeywords$verifyElementPropertyValue$0.call(Unknown Source)
	at 1. get token - data order.run(1. get token - data order:770)
	at com.kms.katalon.core.main.ScriptEngine.run(ScriptEngine.java:194)
	at com.kms.katalon.core.main.ScriptEngine.runScriptAsRawText(ScriptEngine.java:119)
	at com.kms.katalon.core.main.TestCaseExecutor.runScript(TestCaseExecutor.java:442)
	at com.kms.katalon.core.main.TestCaseExecutor.doExecute(TestCaseExecutor.java:433)
	at com.kms.katalon.core.main.TestCaseExecutor.processExecutionPhase(TestCaseExecutor.java:412)
	at com.kms.katalon.core.main.TestCaseExecutor.accessMainPhase(TestCaseExecutor.java:404)
	at com.kms.katalon.core.main.TestCaseExecutor.execute(TestCaseExecutor.java:281)
	at com.kms.katalon.core.main.TestSuiteExecutor.accessTestCaseMainPhase(TestSuiteExecutor.java:202)
	at com.kms.katalon.core.main.TestSuiteExecutor.accessTestSuiteMainPhase(TestSuiteExecutor.java:164)
	at com.kms.katalon.core.main.TestSuiteExecutor.execute(TestSuiteExecutor.java:105)
	at com.kms.katalon.core.main.TestCaseMain.startTestSuite(TestCaseMain.java:181)
	at com.kms.katalon.core.main.TestCaseMain$startTestSuite$0.call(Unknown Source)
	at TempTestSuite1648100878643.run(TempTestSuite1648100878643.groovy:36)
)

2022-03-24 12:49:22 - [TEST_STEP][FAILED] - verifyElementPropertyValue(order, "GetDataOrderResponse.ListDataOrder[0].InsuranceData[4].Discount", o_discount_4, CONTINUE_ON_FAILURE): Unable to verify element property value (Root cause: java.lang.NullPointerException: Cannot get property 'Discount' on null object
	at Script1.run(Script1.groovy:1)
	at com.kms.katalon.core.webservice.helper.WebServiceCommonHelper.parseAndGetPropertyValueForJson(WebServiceCommonHelper.java:213)
	at com.kms.katalon.core.webservice.keyword.builtin.VerifyElementPropertyValueKeyword$_verifyElementPropertyValue_closure1.doCall(VerifyElementPropertyValueKeyword.groovy:52)
	at com.kms.katalon.core.webservice.keyword.builtin.VerifyElementPropertyValueKeyword$_verifyElementPropertyValue_closure1.call(VerifyElementPropertyValueKeyword.groovy)
	at com.kms.katalon.core.keyword.internal.KeywordMain.runKeyword(KeywordMain.groovy:74)
	at com.kms.katalon.core.webservice.keyword.builtin.VerifyElementPropertyValueKeyword.verifyElementPropertyValue(VerifyElementPropertyValueKeyword.groovy:48)
	at com.kms.katalon.core.webservice.keyword.builtin.VerifyElementPropertyValueKeyword.execute(VerifyElementPropertyValueKeyword.groovy:43)
	at com.kms.katalon.core.keyword.internal.KeywordExecutor.executeKeywordForPlatform(KeywordExecutor.groovy:74)
	at com.kms.katalon.core.webservice.keyword.WSBuiltInKeywords.verifyElementPropertyValue(WSBuiltInKeywords.groovy:175)
	at com.kms.katalon.core.webservice.keyword.WSBuiltInKeywords$verifyElementPropertyValue$0.call(Unknown Source)
	at 1. get token - data order.run(1. get token - data order:773)
	at com.kms.katalon.core.main.ScriptEngine.run(ScriptEngine.java:194)
	at com.kms.katalon.core.main.ScriptEngine.runScriptAsRawText(ScriptEngine.java:119)
	at com.kms.katalon.core.main.TestCaseExecutor.runScript(TestCaseExecutor.java:442)
	at com.kms.katalon.core.main.TestCaseExecutor.doExecute(TestCaseExecutor.java:433)
	at com.kms.katalon.core.main.TestCaseExecutor.processExecutionPhase(TestCaseExecutor.java:412)
	at com.kms.katalon.core.main.TestCaseExecutor.accessMainPhase(TestCaseExecutor.java:404)
	at com.kms.katalon.core.main.TestCaseExecutor.execute(TestCaseExecutor.java:281)
	at com.kms.katalon.core.main.TestSuiteExecutor.accessTestCaseMainPhase(TestSuiteExecutor.java:202)
	at com.kms.katalon.core.main.TestSuiteExecutor.accessTestSuiteMainPhase(TestSuiteExecutor.java:164)
	at com.kms.katalon.core.main.TestSuiteExecutor.execute(TestSuiteExecutor.java:105)
	at com.kms.katalon.core.main.TestCaseMain.startTestSuite(TestCaseMain.java:181)
	at com.kms.katalon.core.main.TestCaseMain$startTestSuite$0.call(Unknown Source)
	at TempTestSuite1648100878643.run(TempTestSuite1648100878643.groovy:36)
)

2022-03-24 12:49:22 - [MESSAGE][FAILED] - Unable to verify element property value (Root cause: java.lang.NullPointerException: Cannot get property 'Discount' on null object
	at Script1.run(Script1.groovy:1)
	at com.kms.katalon.core.webservice.helper.WebServiceCommonHelper.parseAndGetPropertyValueForJson(WebServiceCommonHelper.java:213)
	at com.kms.katalon.core.webservice.keyword.builtin.VerifyElementPropertyValueKeyword$_verifyElementPropertyValue_closure1.doCall(VerifyElementPropertyValueKeyword.groovy:52)
	at com.kms.katalon.core.webservice.keyword.builtin.VerifyElementPropertyValueKeyword$_verifyElementPropertyValue_closure1.call(VerifyElementPropertyValueKeyword.groovy)
	at com.kms.katalon.core.keyword.internal.KeywordMain.runKeyword(KeywordMain.groovy:74)
	at com.kms.katalon.core.webservice.keyword.builtin.VerifyElementPropertyValueKeyword.verifyElementPropertyValue(VerifyElementPropertyValueKeyword.groovy:48)
	at com.kms.katalon.core.webservice.keyword.builtin.VerifyElementPropertyValueKeyword.execute(VerifyElementPropertyValueKeyword.groovy:43)
	at com.kms.katalon.core.keyword.internal.KeywordExecutor.executeKeywordForPlatform(KeywordExecutor.groovy:74)
	at com.kms.katalon.core.webservice.keyword.WSBuiltInKeywords.verifyElementPropertyValue(WSBuiltInKeywords.groovy:175)
	at com.kms.katalon.core.webservice.keyword.WSBuiltInKeywords$verifyElementPropertyValue$0.call(Unknown Source)
	at 1. get token - data order.run(1. get token - data order:773)
	at com.kms.katalon.core.main.ScriptEngine.run(ScriptEngine.java:194)
	at com.kms.katalon.core.main.ScriptEngine.runScriptAsRawText(ScriptEngine.java:119)
	at com.kms.katalon.core.main.TestCaseExecutor.runScript(TestCaseExecutor.java:442)
	at com.kms.katalon.core.main.TestCaseExecutor.doExecute(TestCaseExecutor.java:433)
	at com.kms.katalon.core.main.TestCaseExecutor.processExecutionPhase(TestCaseExecutor.java:412)
	at com.kms.katalon.core.main.TestCaseExecutor.accessMainPhase(TestCaseExecutor.java:404)
	at com.kms.katalon.core.main.TestCaseExecutor.execute(TestCaseExecutor.java:281)
	at com.kms.katalon.core.main.TestSuiteExecutor.accessTestCaseMainPhase(TestSuiteExecutor.java:202)
	at com.kms.katalon.core.main.TestSuiteExecutor.accessTestSuiteMainPhase(TestSuiteExecutor.java:164)
	at com.kms.katalon.core.main.TestSuiteExecutor.execute(TestSuiteExecutor.java:105)
	at com.kms.katalon.core.main.TestCaseMain.startTestSuite(TestCaseMain.java:181)
	at com.kms.katalon.core.main.TestCaseMain$startTestSuite$0.call(Unknown Source)
	at TempTestSuite1648100878643.run(TempTestSuite1648100878643.groovy:36)
)

2022-03-24 12:49:22 - [TEST_STEP][FAILED] - verifyElementPropertyValue(order, "GetDataOrderResponse.ListDataOrder[0].InsuranceData[4].Adm", o_adm_4, CONTINUE_ON_FAILURE): Unable to verify element property value (Root cause: java.lang.NullPointerException: Cannot get property 'Adm' on null object
	at Script1.run(Script1.groovy:1)
	at com.kms.katalon.core.webservice.helper.WebServiceCommonHelper.parseAndGetPropertyValueForJson(WebServiceCommonHelper.java:213)
	at com.kms.katalon.core.webservice.keyword.builtin.VerifyElementPropertyValueKeyword$_verifyElementPropertyValue_closure1.doCall(VerifyElementPropertyValueKeyword.groovy:52)
	at com.kms.katalon.core.webservice.keyword.builtin.VerifyElementPropertyValueKeyword$_verifyElementPropertyValue_closure1.call(VerifyElementPropertyValueKeyword.groovy)
	at com.kms.katalon.core.keyword.internal.KeywordMain.runKeyword(KeywordMain.groovy:74)
	at com.kms.katalon.core.webservice.keyword.builtin.VerifyElementPropertyValueKeyword.verifyElementPropertyValue(VerifyElementPropertyValueKeyword.groovy:48)
	at com.kms.katalon.core.webservice.keyword.builtin.VerifyElementPropertyValueKeyword.execute(VerifyElementPropertyValueKeyword.groovy:43)
	at com.kms.katalon.core.keyword.internal.KeywordExecutor.executeKeywordForPlatform(KeywordExecutor.groovy:74)
	at com.kms.katalon.core.webservice.keyword.WSBuiltInKeywords.verifyElementPropertyValue(WSBuiltInKeywords.groovy:175)
	at com.kms.katalon.core.webservice.keyword.WSBuiltInKeywords$verifyElementPropertyValue$0.call(Unknown Source)
	at 1. get token - data order.run(1. get token - data order:776)
	at com.kms.katalon.core.main.ScriptEngine.run(ScriptEngine.java:194)
	at com.kms.katalon.core.main.ScriptEngine.runScriptAsRawText(ScriptEngine.java:119)
	at com.kms.katalon.core.main.TestCaseExecutor.runScript(TestCaseExecutor.java:442)
	at com.kms.katalon.core.main.TestCaseExecutor.doExecute(TestCaseExecutor.java:433)
	at com.kms.katalon.core.main.TestCaseExecutor.processExecutionPhase(TestCaseExecutor.java:412)
	at com.kms.katalon.core.main.TestCaseExecutor.accessMainPhase(TestCaseExecutor.java:404)
	at com.kms.katalon.core.main.TestCaseExecutor.execute(TestCaseExecutor.java:281)
	at com.kms.katalon.core.main.TestSuiteExecutor.accessTestCaseMainPhase(TestSuiteExecutor.java:202)
	at com.kms.katalon.core.main.TestSuiteExecutor.accessTestSuiteMainPhase(TestSuiteExecutor.java:164)
	at com.kms.katalon.core.main.TestSuiteExecutor.execute(TestSuiteExecutor.java:105)
	at com.kms.katalon.core.main.TestCaseMain.startTestSuite(TestCaseMain.java:181)
	at com.kms.katalon.core.main.TestCaseMain$startTestSuite$0.call(Unknown Source)
	at TempTestSuite1648100878643.run(TempTestSuite1648100878643.groovy:36)
)

2022-03-24 12:49:22 - [MESSAGE][FAILED] - Unable to verify element property value (Root cause: java.lang.NullPointerException: Cannot get property 'Adm' on null object
	at Script1.run(Script1.groovy:1)
	at com.kms.katalon.core.webservice.helper.WebServiceCommonHelper.parseAndGetPropertyValueForJson(WebServiceCommonHelper.java:213)
	at com.kms.katalon.core.webservice.keyword.builtin.VerifyElementPropertyValueKeyword$_verifyElementPropertyValue_closure1.doCall(VerifyElementPropertyValueKeyword.groovy:52)
	at com.kms.katalon.core.webservice.keyword.builtin.VerifyElementPropertyValueKeyword$_verifyElementPropertyValue_closure1.call(VerifyElementPropertyValueKeyword.groovy)
	at com.kms.katalon.core.keyword.internal.KeywordMain.runKeyword(KeywordMain.groovy:74)
	at com.kms.katalon.core.webservice.keyword.builtin.VerifyElementPropertyValueKeyword.verifyElementPropertyValue(VerifyElementPropertyValueKeyword.groovy:48)
	at com.kms.katalon.core.webservice.keyword.builtin.VerifyElementPropertyValueKeyword.execute(VerifyElementPropertyValueKeyword.groovy:43)
	at com.kms.katalon.core.keyword.internal.KeywordExecutor.executeKeywordForPlatform(KeywordExecutor.groovy:74)
	at com.kms.katalon.core.webservice.keyword.WSBuiltInKeywords.verifyElementPropertyValue(WSBuiltInKeywords.groovy:175)
	at com.kms.katalon.core.webservice.keyword.WSBuiltInKeywords$verifyElementPropertyValue$0.call(Unknown Source)
	at 1. get token - data order.run(1. get token - data order:776)
	at com.kms.katalon.core.main.ScriptEngine.run(ScriptEngine.java:194)
	at com.kms.katalon.core.main.ScriptEngine.runScriptAsRawText(ScriptEngine.java:119)
	at com.kms.katalon.core.main.TestCaseExecutor.runScript(TestCaseExecutor.java:442)
	at com.kms.katalon.core.main.TestCaseExecutor.doExecute(TestCaseExecutor.java:433)
	at com.kms.katalon.core.main.TestCaseExecutor.processExecutionPhase(TestCaseExecutor.java:412)
	at com.kms.katalon.core.main.TestCaseExecutor.accessMainPhase(TestCaseExecutor.java:404)
	at com.kms.katalon.core.main.TestCaseExecutor.execute(TestCaseExecutor.java:281)
	at com.kms.katalon.core.main.TestSuiteExecutor.accessTestCaseMainPhase(TestSuiteExecutor.java:202)
	at com.kms.katalon.core.main.TestSuiteExecutor.accessTestSuiteMainPhase(TestSuiteExecutor.java:164)
	at com.kms.katalon.core.main.TestSuiteExecutor.execute(TestSuiteExecutor.java:105)
	at com.kms.katalon.core.main.TestCaseMain.startTestSuite(TestCaseMain.java:181)
	at com.kms.katalon.core.main.TestCaseMain$startTestSuite$0.call(Unknown Source)
	at TempTestSuite1648100878643.run(TempTestSuite1648100878643.groovy:36)
)

2022-03-24 12:49:22 - [TEST_STEP][FAILED] - verifyElementPropertyValue(order, "GetDataOrderResponse.ListDataOrder[0].InsuranceData[4].NetPremi", o_netpremi_4, CONTINUE_ON_FAILURE): Unable to verify element property value (Root cause: java.lang.NullPointerException: Cannot get property 'NetPremi' on null object
	at Script1.run(Script1.groovy:1)
	at com.kms.katalon.core.webservice.helper.WebServiceCommonHelper.parseAndGetPropertyValueForJson(WebServiceCommonHelper.java:213)
	at com.kms.katalon.core.webservice.keyword.builtin.VerifyElementPropertyValueKeyword$_verifyElementPropertyValue_closure1.doCall(VerifyElementPropertyValueKeyword.groovy:52)
	at com.kms.katalon.core.webservice.keyword.builtin.VerifyElementPropertyValueKeyword$_verifyElementPropertyValue_closure1.call(VerifyElementPropertyValueKeyword.groovy)
	at com.kms.katalon.core.keyword.internal.KeywordMain.runKeyword(KeywordMain.groovy:74)
	at com.kms.katalon.core.webservice.keyword.builtin.VerifyElementPropertyValueKeyword.verifyElementPropertyValue(VerifyElementPropertyValueKeyword.groovy:48)
	at com.kms.katalon.core.webservice.keyword.builtin.VerifyElementPropertyValueKeyword.execute(VerifyElementPropertyValueKeyword.groovy:43)
	at com.kms.katalon.core.keyword.internal.KeywordExecutor.executeKeywordForPlatform(KeywordExecutor.groovy:74)
	at com.kms.katalon.core.webservice.keyword.WSBuiltInKeywords.verifyElementPropertyValue(WSBuiltInKeywords.groovy:175)
	at com.kms.katalon.core.webservice.keyword.WSBuiltInKeywords$verifyElementPropertyValue$0.call(Unknown Source)
	at 1. get token - data order.run(1. get token - data order:778)
	at com.kms.katalon.core.main.ScriptEngine.run(ScriptEngine.java:194)
	at com.kms.katalon.core.main.ScriptEngine.runScriptAsRawText(ScriptEngine.java:119)
	at com.kms.katalon.core.main.TestCaseExecutor.runScript(TestCaseExecutor.java:442)
	at com.kms.katalon.core.main.TestCaseExecutor.doExecute(TestCaseExecutor.java:433)
	at com.kms.katalon.core.main.TestCaseExecutor.processExecutionPhase(TestCaseExecutor.java:412)
	at com.kms.katalon.core.main.TestCaseExecutor.accessMainPhase(TestCaseExecutor.java:404)
	at com.kms.katalon.core.main.TestCaseExecutor.execute(TestCaseExecutor.java:281)
	at com.kms.katalon.core.main.TestSuiteExecutor.accessTestCaseMainPhase(TestSuiteExecutor.java:202)
	at com.kms.katalon.core.main.TestSuiteExecutor.accessTestSuiteMainPhase(TestSuiteExecutor.java:164)
	at com.kms.katalon.core.main.TestSuiteExecutor.execute(TestSuiteExecutor.java:105)
	at com.kms.katalon.core.main.TestCaseMain.startTestSuite(TestCaseMain.java:181)
	at com.kms.katalon.core.main.TestCaseMain$startTestSuite$0.call(Unknown Source)
	at TempTestSuite1648100878643.run(TempTestSuite1648100878643.groovy:36)
)

2022-03-24 12:49:22 - [MESSAGE][FAILED] - Unable to verify element property value (Root cause: java.lang.NullPointerException: Cannot get property 'NetPremi' on null object
	at Script1.run(Script1.groovy:1)
	at com.kms.katalon.core.webservice.helper.WebServiceCommonHelper.parseAndGetPropertyValueForJson(WebServiceCommonHelper.java:213)
	at com.kms.katalon.core.webservice.keyword.builtin.VerifyElementPropertyValueKeyword$_verifyElementPropertyValue_closure1.doCall(VerifyElementPropertyValueKeyword.groovy:52)
	at com.kms.katalon.core.webservice.keyword.builtin.VerifyElementPropertyValueKeyword$_verifyElementPropertyValue_closure1.call(VerifyElementPropertyValueKeyword.groovy)
	at com.kms.katalon.core.keyword.internal.KeywordMain.runKeyword(KeywordMain.groovy:74)
	at com.kms.katalon.core.webservice.keyword.builtin.VerifyElementPropertyValueKeyword.verifyElementPropertyValue(VerifyElementPropertyValueKeyword.groovy:48)
	at com.kms.katalon.core.webservice.keyword.builtin.VerifyElementPropertyValueKeyword.execute(VerifyElementPropertyValueKeyword.groovy:43)
	at com.kms.katalon.core.keyword.internal.KeywordExecutor.executeKeywordForPlatform(KeywordExecutor.groovy:74)
	at com.kms.katalon.core.webservice.keyword.WSBuiltInKeywords.verifyElementPropertyValue(WSBuiltInKeywords.groovy:175)
	at com.kms.katalon.core.webservice.keyword.WSBuiltInKeywords$verifyElementPropertyValue$0.call(Unknown Source)
	at 1. get token - data order.run(1. get token - data order:778)
	at com.kms.katalon.core.main.ScriptEngine.run(ScriptEngine.java:194)
	at com.kms.katalon.core.main.ScriptEngine.runScriptAsRawText(ScriptEngine.java:119)
	at com.kms.katalon.core.main.TestCaseExecutor.runScript(TestCaseExecutor.java:442)
	at com.kms.katalon.core.main.TestCaseExecutor.doExecute(TestCaseExecutor.java:433)
	at com.kms.katalon.core.main.TestCaseExecutor.processExecutionPhase(TestCaseExecutor.java:412)
	at com.kms.katalon.core.main.TestCaseExecutor.accessMainPhase(TestCaseExecutor.java:404)
	at com.kms.katalon.core.main.TestCaseExecutor.execute(TestCaseExecutor.java:281)
	at com.kms.katalon.core.main.TestSuiteExecutor.accessTestCaseMainPhase(TestSuiteExecutor.java:202)
	at com.kms.katalon.core.main.TestSuiteExecutor.accessTestSuiteMainPhase(TestSuiteExecutor.java:164)
	at com.kms.katalon.core.main.TestSuiteExecutor.execute(TestSuiteExecutor.java:105)
	at com.kms.katalon.core.main.TestCaseMain.startTestSuite(TestCaseMain.java:181)
	at com.kms.katalon.core.main.TestCaseMain$startTestSuite$0.call(Unknown Source)
	at TempTestSuite1648100878643.run(TempTestSuite1648100878643.groovy:36)
)

2022-03-24 12:49:22 - [TEST_STEP][FAILED] - verifyElementPropertyValue(order, "GetDataOrderResponse.ListDataOrder[0].InsuranceData[4].PerluasanJaminan.TJH", o_tjh_val_4, CONTINUE_ON_FAILURE): Unable to verify element property value (Root cause: java.lang.NullPointerException: Cannot get property 'PerluasanJaminan' on null object
	at Script1.run(Script1.groovy:1)
	at com.kms.katalon.core.webservice.helper.WebServiceCommonHelper.parseAndGetPropertyValueForJson(WebServiceCommonHelper.java:213)
	at com.kms.katalon.core.webservice.keyword.builtin.VerifyElementPropertyValueKeyword$_verifyElementPropertyValue_closure1.doCall(VerifyElementPropertyValueKeyword.groovy:52)
	at com.kms.katalon.core.webservice.keyword.builtin.VerifyElementPropertyValueKeyword$_verifyElementPropertyValue_closure1.call(VerifyElementPropertyValueKeyword.groovy)
	at com.kms.katalon.core.keyword.internal.KeywordMain.runKeyword(KeywordMain.groovy:74)
	at com.kms.katalon.core.webservice.keyword.builtin.VerifyElementPropertyValueKeyword.verifyElementPropertyValue(VerifyElementPropertyValueKeyword.groovy:48)
	at com.kms.katalon.core.webservice.keyword.builtin.VerifyElementPropertyValueKeyword.execute(VerifyElementPropertyValueKeyword.groovy:43)
	at com.kms.katalon.core.keyword.internal.KeywordExecutor.executeKeywordForPlatform(KeywordExecutor.groovy:74)
	at com.kms.katalon.core.webservice.keyword.WSBuiltInKeywords.verifyElementPropertyValue(WSBuiltInKeywords.groovy:175)
	at com.kms.katalon.core.webservice.keyword.WSBuiltInKeywords$verifyElementPropertyValue$0.call(Unknown Source)
	at 1. get token - data order.run(1. get token - data order:781)
	at com.kms.katalon.core.main.ScriptEngine.run(ScriptEngine.java:194)
	at com.kms.katalon.core.main.ScriptEngine.runScriptAsRawText(ScriptEngine.java:119)
	at com.kms.katalon.core.main.TestCaseExecutor.runScript(TestCaseExecutor.java:442)
	at com.kms.katalon.core.main.TestCaseExecutor.doExecute(TestCaseExecutor.java:433)
	at com.kms.katalon.core.main.TestCaseExecutor.processExecutionPhase(TestCaseExecutor.java:412)
	at com.kms.katalon.core.main.TestCaseExecutor.accessMainPhase(TestCaseExecutor.java:404)
	at com.kms.katalon.core.main.TestCaseExecutor.execute(TestCaseExecutor.java:281)
	at com.kms.katalon.core.main.TestSuiteExecutor.accessTestCaseMainPhase(TestSuiteExecutor.java:202)
	at com.kms.katalon.core.main.TestSuiteExecutor.accessTestSuiteMainPhase(TestSuiteExecutor.java:164)
	at com.kms.katalon.core.main.TestSuiteExecutor.execute(TestSuiteExecutor.java:105)
	at com.kms.katalon.core.main.TestCaseMain.startTestSuite(TestCaseMain.java:181)
	at com.kms.katalon.core.main.TestCaseMain$startTestSuite$0.call(Unknown Source)
	at TempTestSuite1648100878643.run(TempTestSuite1648100878643.groovy:36)
)

2022-03-24 12:49:23 - [MESSAGE][FAILED] - Unable to verify element property value (Root cause: java.lang.NullPointerException: Cannot get property 'PerluasanJaminan' on null object
	at Script1.run(Script1.groovy:1)
	at com.kms.katalon.core.webservice.helper.WebServiceCommonHelper.parseAndGetPropertyValueForJson(WebServiceCommonHelper.java:213)
	at com.kms.katalon.core.webservice.keyword.builtin.VerifyElementPropertyValueKeyword$_verifyElementPropertyValue_closure1.doCall(VerifyElementPropertyValueKeyword.groovy:52)
	at com.kms.katalon.core.webservice.keyword.builtin.VerifyElementPropertyValueKeyword$_verifyElementPropertyValue_closure1.call(VerifyElementPropertyValueKeyword.groovy)
	at com.kms.katalon.core.keyword.internal.KeywordMain.runKeyword(KeywordMain.groovy:74)
	at com.kms.katalon.core.webservice.keyword.builtin.VerifyElementPropertyValueKeyword.verifyElementPropertyValue(VerifyElementPropertyValueKeyword.groovy:48)
	at com.kms.katalon.core.webservice.keyword.builtin.VerifyElementPropertyValueKeyword.execute(VerifyElementPropertyValueKeyword.groovy:43)
	at com.kms.katalon.core.keyword.internal.KeywordExecutor.executeKeywordForPlatform(KeywordExecutor.groovy:74)
	at com.kms.katalon.core.webservice.keyword.WSBuiltInKeywords.verifyElementPropertyValue(WSBuiltInKeywords.groovy:175)
	at com.kms.katalon.core.webservice.keyword.WSBuiltInKeywords$verifyElementPropertyValue$0.call(Unknown Source)
	at 1. get token - data order.run(1. get token - data order:781)
	at com.kms.katalon.core.main.ScriptEngine.run(ScriptEngine.java:194)
	at com.kms.katalon.core.main.ScriptEngine.runScriptAsRawText(ScriptEngine.java:119)
	at com.kms.katalon.core.main.TestCaseExecutor.runScript(TestCaseExecutor.java:442)
	at com.kms.katalon.core.main.TestCaseExecutor.doExecute(TestCaseExecutor.java:433)
	at com.kms.katalon.core.main.TestCaseExecutor.processExecutionPhase(TestCaseExecutor.java:412)
	at com.kms.katalon.core.main.TestCaseExecutor.accessMainPhase(TestCaseExecutor.java:404)
	at com.kms.katalon.core.main.TestCaseExecutor.execute(TestCaseExecutor.java:281)
	at com.kms.katalon.core.main.TestSuiteExecutor.accessTestCaseMainPhase(TestSuiteExecutor.java:202)
	at com.kms.katalon.core.main.TestSuiteExecutor.accessTestSuiteMainPhase(TestSuiteExecutor.java:164)
	at com.kms.katalon.core.main.TestSuiteExecutor.execute(TestSuiteExecutor.java:105)
	at com.kms.katalon.core.main.TestCaseMain.startTestSuite(TestCaseMain.java:181)
	at com.kms.katalon.core.main.TestCaseMain$startTestSuite$0.call(Unknown Source)
	at TempTestSuite1648100878643.run(TempTestSuite1648100878643.groovy:36)
)

2022-03-24 12:49:23 - [TEST_STEP][FAILED] - verifyElementPropertyValue(order, "GetDataOrderResponse.ListDataOrder[0].InsuranceData[4].PerluasanJaminan.RSCC", o_rscc_val_4, CONTINUE_ON_FAILURE): Unable to verify element property value (Root cause: java.lang.NullPointerException: Cannot get property 'PerluasanJaminan' on null object
	at Script1.run(Script1.groovy:1)
	at com.kms.katalon.core.webservice.helper.WebServiceCommonHelper.parseAndGetPropertyValueForJson(WebServiceCommonHelper.java:213)
	at com.kms.katalon.core.webservice.keyword.builtin.VerifyElementPropertyValueKeyword$_verifyElementPropertyValue_closure1.doCall(VerifyElementPropertyValueKeyword.groovy:52)
	at com.kms.katalon.core.webservice.keyword.builtin.VerifyElementPropertyValueKeyword$_verifyElementPropertyValue_closure1.call(VerifyElementPropertyValueKeyword.groovy)
	at com.kms.katalon.core.keyword.internal.KeywordMain.runKeyword(KeywordMain.groovy:74)
	at com.kms.katalon.core.webservice.keyword.builtin.VerifyElementPropertyValueKeyword.verifyElementPropertyValue(VerifyElementPropertyValueKeyword.groovy:48)
	at com.kms.katalon.core.webservice.keyword.builtin.VerifyElementPropertyValueKeyword.execute(VerifyElementPropertyValueKeyword.groovy:43)
	at com.kms.katalon.core.keyword.internal.KeywordExecutor.executeKeywordForPlatform(KeywordExecutor.groovy:74)
	at com.kms.katalon.core.webservice.keyword.WSBuiltInKeywords.verifyElementPropertyValue(WSBuiltInKeywords.groovy:175)
	at com.kms.katalon.core.webservice.keyword.WSBuiltInKeywords$verifyElementPropertyValue$0.call(Unknown Source)
	at 1. get token - data order.run(1. get token - data order:784)
	at com.kms.katalon.core.main.ScriptEngine.run(ScriptEngine.java:194)
	at com.kms.katalon.core.main.ScriptEngine.runScriptAsRawText(ScriptEngine.java:119)
	at com.kms.katalon.core.main.TestCaseExecutor.runScript(TestCaseExecutor.java:442)
	at com.kms.katalon.core.main.TestCaseExecutor.doExecute(TestCaseExecutor.java:433)
	at com.kms.katalon.core.main.TestCaseExecutor.processExecutionPhase(TestCaseExecutor.java:412)
	at com.kms.katalon.core.main.TestCaseExecutor.accessMainPhase(TestCaseExecutor.java:404)
	at com.kms.katalon.core.main.TestCaseExecutor.execute(TestCaseExecutor.java:281)
	at com.kms.katalon.core.main.TestSuiteExecutor.accessTestCaseMainPhase(TestSuiteExecutor.java:202)
	at com.kms.katalon.core.main.TestSuiteExecutor.accessTestSuiteMainPhase(TestSuiteExecutor.java:164)
	at com.kms.katalon.core.main.TestSuiteExecutor.execute(TestSuiteExecutor.java:105)
	at com.kms.katalon.core.main.TestCaseMain.startTestSuite(TestCaseMain.java:181)
	at com.kms.katalon.core.main.TestCaseMain$startTestSuite$0.call(Unknown Source)
	at TempTestSuite1648100878643.run(TempTestSuite1648100878643.groovy:36)
)

2022-03-24 12:49:23 - [MESSAGE][FAILED] - Unable to verify element property value (Root cause: java.lang.NullPointerException: Cannot get property 'PerluasanJaminan' on null object
	at Script1.run(Script1.groovy:1)
	at com.kms.katalon.core.webservice.helper.WebServiceCommonHelper.parseAndGetPropertyValueForJson(WebServiceCommonHelper.java:213)
	at com.kms.katalon.core.webservice.keyword.builtin.VerifyElementPropertyValueKeyword$_verifyElementPropertyValue_closure1.doCall(VerifyElementPropertyValueKeyword.groovy:52)
	at com.kms.katalon.core.webservice.keyword.builtin.VerifyElementPropertyValueKeyword$_verifyElementPropertyValue_closure1.call(VerifyElementPropertyValueKeyword.groovy)
	at com.kms.katalon.core.keyword.internal.KeywordMain.runKeyword(KeywordMain.groovy:74)
	at com.kms.katalon.core.webservice.keyword.builtin.VerifyElementPropertyValueKeyword.verifyElementPropertyValue(VerifyElementPropertyValueKeyword.groovy:48)
	at com.kms.katalon.core.webservice.keyword.builtin.VerifyElementPropertyValueKeyword.execute(VerifyElementPropertyValueKeyword.groovy:43)
	at com.kms.katalon.core.keyword.internal.KeywordExecutor.executeKeywordForPlatform(KeywordExecutor.groovy:74)
	at com.kms.katalon.core.webservice.keyword.WSBuiltInKeywords.verifyElementPropertyValue(WSBuiltInKeywords.groovy:175)
	at com.kms.katalon.core.webservice.keyword.WSBuiltInKeywords$verifyElementPropertyValue$0.call(Unknown Source)
	at 1. get token - data order.run(1. get token - data order:784)
	at com.kms.katalon.core.main.ScriptEngine.run(ScriptEngine.java:194)
	at com.kms.katalon.core.main.ScriptEngine.runScriptAsRawText(ScriptEngine.java:119)
	at com.kms.katalon.core.main.TestCaseExecutor.runScript(TestCaseExecutor.java:442)
	at com.kms.katalon.core.main.TestCaseExecutor.doExecute(TestCaseExecutor.java:433)
	at com.kms.katalon.core.main.TestCaseExecutor.processExecutionPhase(TestCaseExecutor.java:412)
	at com.kms.katalon.core.main.TestCaseExecutor.accessMainPhase(TestCaseExecutor.java:404)
	at com.kms.katalon.core.main.TestCaseExecutor.execute(TestCaseExecutor.java:281)
	at com.kms.katalon.core.main.TestSuiteExecutor.accessTestCaseMainPhase(TestSuiteExecutor.java:202)
	at com.kms.katalon.core.main.TestSuiteExecutor.accessTestSuiteMainPhase(TestSuiteExecutor.java:164)
	at com.kms.katalon.core.main.TestSuiteExecutor.execute(TestSuiteExecutor.java:105)
	at com.kms.katalon.core.main.TestCaseMain.startTestSuite(TestCaseMain.java:181)
	at com.kms.katalon.core.main.TestCaseMain$startTestSuite$0.call(Unknown Source)
	at TempTestSuite1648100878643.run(TempTestSuite1648100878643.groovy:36)
)

2022-03-24 12:49:23 - [TEST_STEP][FAILED] - verifyElementPropertyValue(order, "GetDataOrderResponse.ListDataOrder[0].InsuranceData[4].PerluasanJaminan.Banjir", o_rsmb_val_4, CONTINUE_ON_FAILURE): Unable to verify element property value (Root cause: java.lang.NullPointerException: Cannot get property 'PerluasanJaminan' on null object
	at Script1.run(Script1.groovy:1)
	at com.kms.katalon.core.webservice.helper.WebServiceCommonHelper.parseAndGetPropertyValueForJson(WebServiceCommonHelper.java:213)
	at com.kms.katalon.core.webservice.keyword.builtin.VerifyElementPropertyValueKeyword$_verifyElementPropertyValue_closure1.doCall(VerifyElementPropertyValueKeyword.groovy:52)
	at com.kms.katalon.core.webservice.keyword.builtin.VerifyElementPropertyValueKeyword$_verifyElementPropertyValue_closure1.call(VerifyElementPropertyValueKeyword.groovy)
	at com.kms.katalon.core.keyword.internal.KeywordMain.runKeyword(KeywordMain.groovy:74)
	at com.kms.katalon.core.webservice.keyword.builtin.VerifyElementPropertyValueKeyword.verifyElementPropertyValue(VerifyElementPropertyValueKeyword.groovy:48)
	at com.kms.katalon.core.webservice.keyword.builtin.VerifyElementPropertyValueKeyword.execute(VerifyElementPropertyValueKeyword.groovy:43)
	at com.kms.katalon.core.keyword.internal.KeywordExecutor.executeKeywordForPlatform(KeywordExecutor.groovy:74)
	at com.kms.katalon.core.webservice.keyword.WSBuiltInKeywords.verifyElementPropertyValue(WSBuiltInKeywords.groovy:175)
	at com.kms.katalon.core.webservice.keyword.WSBuiltInKeywords$verifyElementPropertyValue$0.call(Unknown Source)
	at 1. get token - data order.run(1. get token - data order:787)
	at com.kms.katalon.core.main.ScriptEngine.run(ScriptEngine.java:194)
	at com.kms.katalon.core.main.ScriptEngine.runScriptAsRawText(ScriptEngine.java:119)
	at com.kms.katalon.core.main.TestCaseExecutor.runScript(TestCaseExecutor.java:442)
	at com.kms.katalon.core.main.TestCaseExecutor.doExecute(TestCaseExecutor.java:433)
	at com.kms.katalon.core.main.TestCaseExecutor.processExecutionPhase(TestCaseExecutor.java:412)
	at com.kms.katalon.core.main.TestCaseExecutor.accessMainPhase(TestCaseExecutor.java:404)
	at com.kms.katalon.core.main.TestCaseExecutor.execute(TestCaseExecutor.java:281)
	at com.kms.katalon.core.main.TestSuiteExecutor.accessTestCaseMainPhase(TestSuiteExecutor.java:202)
	at com.kms.katalon.core.main.TestSuiteExecutor.accessTestSuiteMainPhase(TestSuiteExecutor.java:164)
	at com.kms.katalon.core.main.TestSuiteExecutor.execute(TestSuiteExecutor.java:105)
	at com.kms.katalon.core.main.TestCaseMain.startTestSuite(TestCaseMain.java:181)
	at com.kms.katalon.core.main.TestCaseMain$startTestSuite$0.call(Unknown Source)
	at TempTestSuite1648100878643.run(TempTestSuite1648100878643.groovy:36)
)

2022-03-24 12:49:23 - [MESSAGE][FAILED] - Unable to verify element property value (Root cause: java.lang.NullPointerException: Cannot get property 'PerluasanJaminan' on null object
	at Script1.run(Script1.groovy:1)
	at com.kms.katalon.core.webservice.helper.WebServiceCommonHelper.parseAndGetPropertyValueForJson(WebServiceCommonHelper.java:213)
	at com.kms.katalon.core.webservice.keyword.builtin.VerifyElementPropertyValueKeyword$_verifyElementPropertyValue_closure1.doCall(VerifyElementPropertyValueKeyword.groovy:52)
	at com.kms.katalon.core.webservice.keyword.builtin.VerifyElementPropertyValueKeyword$_verifyElementPropertyValue_closure1.call(VerifyElementPropertyValueKeyword.groovy)
	at com.kms.katalon.core.keyword.internal.KeywordMain.runKeyword(KeywordMain.groovy:74)
	at com.kms.katalon.core.webservice.keyword.builtin.VerifyElementPropertyValueKeyword.verifyElementPropertyValue(VerifyElementPropertyValueKeyword.groovy:48)
	at com.kms.katalon.core.webservice.keyword.builtin.VerifyElementPropertyValueKeyword.execute(VerifyElementPropertyValueKeyword.groovy:43)
	at com.kms.katalon.core.keyword.internal.KeywordExecutor.executeKeywordForPlatform(KeywordExecutor.groovy:74)
	at com.kms.katalon.core.webservice.keyword.WSBuiltInKeywords.verifyElementPropertyValue(WSBuiltInKeywords.groovy:175)
	at com.kms.katalon.core.webservice.keyword.WSBuiltInKeywords$verifyElementPropertyValue$0.call(Unknown Source)
	at 1. get token - data order.run(1. get token - data order:787)
	at com.kms.katalon.core.main.ScriptEngine.run(ScriptEngine.java:194)
	at com.kms.katalon.core.main.ScriptEngine.runScriptAsRawText(ScriptEngine.java:119)
	at com.kms.katalon.core.main.TestCaseExecutor.runScript(TestCaseExecutor.java:442)
	at com.kms.katalon.core.main.TestCaseExecutor.doExecute(TestCaseExecutor.java:433)
	at com.kms.katalon.core.main.TestCaseExecutor.processExecutionPhase(TestCaseExecutor.java:412)
	at com.kms.katalon.core.main.TestCaseExecutor.accessMainPhase(TestCaseExecutor.java:404)
	at com.kms.katalon.core.main.TestCaseExecutor.execute(TestCaseExecutor.java:281)
	at com.kms.katalon.core.main.TestSuiteExecutor.accessTestCaseMainPhase(TestSuiteExecutor.java:202)
	at com.kms.katalon.core.main.TestSuiteExecutor.accessTestSuiteMainPhase(TestSuiteExecutor.java:164)
	at com.kms.katalon.core.main.TestSuiteExecutor.execute(TestSuiteExecutor.java:105)
	at com.kms.katalon.core.main.TestCaseMain.startTestSuite(TestCaseMain.java:181)
	at com.kms.katalon.core.main.TestCaseMain$startTestSuite$0.call(Unknown Source)
	at TempTestSuite1648100878643.run(TempTestSuite1648100878643.groovy:36)
)

2022-03-24 12:49:23 - [TEST_STEP][FAILED] - verifyElementPropertyValue(order, "GetDataOrderResponse.ListDataOrder[0].InsuranceData[4].PerluasanJaminan.Accessories", o_acc_val_4, CONTINUE_ON_FAILURE): Unable to verify element property value (Root cause: java.lang.NullPointerException: Cannot get property 'PerluasanJaminan' on null object
	at Script1.run(Script1.groovy:1)
	at com.kms.katalon.core.webservice.helper.WebServiceCommonHelper.parseAndGetPropertyValueForJson(WebServiceCommonHelper.java:213)
	at com.kms.katalon.core.webservice.keyword.builtin.VerifyElementPropertyValueKeyword$_verifyElementPropertyValue_closure1.doCall(VerifyElementPropertyValueKeyword.groovy:52)
	at com.kms.katalon.core.webservice.keyword.builtin.VerifyElementPropertyValueKeyword$_verifyElementPropertyValue_closure1.call(VerifyElementPropertyValueKeyword.groovy)
	at com.kms.katalon.core.keyword.internal.KeywordMain.runKeyword(KeywordMain.groovy:74)
	at com.kms.katalon.core.webservice.keyword.builtin.VerifyElementPropertyValueKeyword.verifyElementPropertyValue(VerifyElementPropertyValueKeyword.groovy:48)
	at com.kms.katalon.core.webservice.keyword.builtin.VerifyElementPropertyValueKeyword.execute(VerifyElementPropertyValueKeyword.groovy:43)
	at com.kms.katalon.core.keyword.internal.KeywordExecutor.executeKeywordForPlatform(KeywordExecutor.groovy:74)
	at com.kms.katalon.core.webservice.keyword.WSBuiltInKeywords.verifyElementPropertyValue(WSBuiltInKeywords.groovy:175)
	at com.kms.katalon.core.webservice.keyword.WSBuiltInKeywords$verifyElementPropertyValue$0.call(Unknown Source)
	at 1. get token - data order.run(1. get token - data order:790)
	at com.kms.katalon.core.main.ScriptEngine.run(ScriptEngine.java:194)
	at com.kms.katalon.core.main.ScriptEngine.runScriptAsRawText(ScriptEngine.java:119)
	at com.kms.katalon.core.main.TestCaseExecutor.runScript(TestCaseExecutor.java:442)
	at com.kms.katalon.core.main.TestCaseExecutor.doExecute(TestCaseExecutor.java:433)
	at com.kms.katalon.core.main.TestCaseExecutor.processExecutionPhase(TestCaseExecutor.java:412)
	at com.kms.katalon.core.main.TestCaseExecutor.accessMainPhase(TestCaseExecutor.java:404)
	at com.kms.katalon.core.main.TestCaseExecutor.execute(TestCaseExecutor.java:281)
	at com.kms.katalon.core.main.TestSuiteExecutor.accessTestCaseMainPhase(TestSuiteExecutor.java:202)
	at com.kms.katalon.core.main.TestSuiteExecutor.accessTestSuiteMainPhase(TestSuiteExecutor.java:164)
	at com.kms.katalon.core.main.TestSuiteExecutor.execute(TestSuiteExecutor.java:105)
	at com.kms.katalon.core.main.TestCaseMain.startTestSuite(TestCaseMain.java:181)
	at com.kms.katalon.core.main.TestCaseMain$startTestSuite$0.call(Unknown Source)
	at TempTestSuite1648100878643.run(TempTestSuite1648100878643.groovy:36)
)

2022-03-24 12:49:23 - [MESSAGE][FAILED] - Unable to verify element property value (Root cause: java.lang.NullPointerException: Cannot get property 'PerluasanJaminan' on null object
	at Script1.run(Script1.groovy:1)
	at com.kms.katalon.core.webservice.helper.WebServiceCommonHelper.parseAndGetPropertyValueForJson(WebServiceCommonHelper.java:213)
	at com.kms.katalon.core.webservice.keyword.builtin.VerifyElementPropertyValueKeyword$_verifyElementPropertyValue_closure1.doCall(VerifyElementPropertyValueKeyword.groovy:52)
	at com.kms.katalon.core.webservice.keyword.builtin.VerifyElementPropertyValueKeyword$_verifyElementPropertyValue_closure1.call(VerifyElementPropertyValueKeyword.groovy)
	at com.kms.katalon.core.keyword.internal.KeywordMain.runKeyword(KeywordMain.groovy:74)
	at com.kms.katalon.core.webservice.keyword.builtin.VerifyElementPropertyValueKeyword.verifyElementPropertyValue(VerifyElementPropertyValueKeyword.groovy:48)
	at com.kms.katalon.core.webservice.keyword.builtin.VerifyElementPropertyValueKeyword.execute(VerifyElementPropertyValueKeyword.groovy:43)
	at com.kms.katalon.core.keyword.internal.KeywordExecutor.executeKeywordForPlatform(KeywordExecutor.groovy:74)
	at com.kms.katalon.core.webservice.keyword.WSBuiltInKeywords.verifyElementPropertyValue(WSBuiltInKeywords.groovy:175)
	at com.kms.katalon.core.webservice.keyword.WSBuiltInKeywords$verifyElementPropertyValue$0.call(Unknown Source)
	at 1. get token - data order.run(1. get token - data order:790)
	at com.kms.katalon.core.main.ScriptEngine.run(ScriptEngine.java:194)
	at com.kms.katalon.core.main.ScriptEngine.runScriptAsRawText(ScriptEngine.java:119)
	at com.kms.katalon.core.main.TestCaseExecutor.runScript(TestCaseExecutor.java:442)
	at com.kms.katalon.core.main.TestCaseExecutor.doExecute(TestCaseExecutor.java:433)
	at com.kms.katalon.core.main.TestCaseExecutor.processExecutionPhase(TestCaseExecutor.java:412)
	at com.kms.katalon.core.main.TestCaseExecutor.accessMainPhase(TestCaseExecutor.java:404)
	at com.kms.katalon.core.main.TestCaseExecutor.execute(TestCaseExecutor.java:281)
	at com.kms.katalon.core.main.TestSuiteExecutor.accessTestCaseMainPhase(TestSuiteExecutor.java:202)
	at com.kms.katalon.core.main.TestSuiteExecutor.accessTestSuiteMainPhase(TestSuiteExecutor.java:164)
	at com.kms.katalon.core.main.TestSuiteExecutor.execute(TestSuiteExecutor.java:105)
	at com.kms.katalon.core.main.TestCaseMain.startTestSuite(TestCaseMain.java:181)
	at com.kms.katalon.core.main.TestCaseMain$startTestSuite$0.call(Unknown Source)
	at TempTestSuite1648100878643.run(TempTestSuite1648100878643.groovy:36)
)

2022-03-24 12:49:23 - [TEST_STEP][PASSED] - break: null]]></system-out>
         <system-err><![CDATA[2022-03-24 12:48:56 - [TEST_CASE][FAILED] - Test Cases/1. get token - data order: Test Cases/1. get token - data order FAILED.
Reason:
com.kms.katalon.core.exception.StepFailedException: Expected element property value '9430010714' is not equal with actual property value '1154000993'
	at com.kms.katalon.core.keyword.internal.KeywordMain.stepFailed(KeywordMain.groovy:39)
	at com.kms.katalon.core.webservice.keyword.builtin.VerifyElementPropertyValueKeyword$_verifyElementPropertyValue_closure1.doCall(VerifyElementPropertyValueKeyword.groovy:56)
	at com.kms.katalon.core.webservice.keyword.builtin.VerifyElementPropertyValueKeyword$_verifyElementPropertyValue_closure1.call(VerifyElementPropertyValueKeyword.groovy)
	at com.kms.katalon.core.keyword.internal.KeywordMain.runKeyword(KeywordMain.groovy:74)
	at com.kms.katalon.core.webservice.keyword.builtin.VerifyElementPropertyValueKeyword.verifyElementPropertyValue(VerifyElementPropertyValueKeyword.groovy:48)
	at com.kms.katalon.core.webservice.keyword.builtin.VerifyElementPropertyValueKeyword.execute(VerifyElementPropertyValueKeyword.groovy:43)
	at com.kms.katalon.core.keyword.internal.KeywordExecutor.executeKeywordForPlatform(KeywordExecutor.groovy:74)
	at com.kms.katalon.core.webservice.keyword.WSBuiltInKeywords.verifyElementPropertyValue(WSBuiltInKeywords.groovy:175)
	at com.kms.katalon.core.webservice.keyword.WSBuiltInKeywords$verifyElementPropertyValue$0.call(Unknown Source)
	at 1. get token - data order.run(1. get token - data order:54)
	at com.kms.katalon.core.main.ScriptEngine.run(ScriptEngine.java:194)
	at com.kms.katalon.core.main.ScriptEngine.runScriptAsRawText(ScriptEngine.java:119)
	at com.kms.katalon.core.main.TestCaseExecutor.runScript(TestCaseExecutor.java:442)
	at com.kms.katalon.core.main.TestCaseExecutor.doExecute(TestCaseExecutor.java:433)
	at com.kms.katalon.core.main.TestCaseExecutor.processExecutionPhase(TestCaseExecutor.java:412)
	at com.kms.katalon.core.main.TestCaseExecutor.accessMainPhase(TestCaseExecutor.java:404)
	at com.kms.katalon.core.main.TestCaseExecutor.execute(TestCaseExecutor.java:281)
	at com.kms.katalon.core.main.TestSuiteExecutor.accessTestCaseMainPhase(TestSuiteExecutor.java:202)
	at com.kms.katalon.core.main.TestSuiteExecutor.accessTestSuiteMainPhase(TestSuiteExecutor.java:164)
	at com.kms.katalon.core.main.TestSuiteExecutor.execute(TestSuiteExecutor.java:105)
	at com.kms.katalon.core.main.TestCaseMain.startTestSuite(TestCaseMain.java:181)
	at com.kms.katalon.core.main.TestCaseMain$startTestSuite$0.call(Unknown Source)
	at TempTestSuite1648100878643.run(TempTestSuite1648100878643.groovy:36)]]></system-err>
      </testcase>
      <testcase name="Test Cases/1. get token - data order" time="49.968" classname="Test Cases/1. get token - data order" status="FAILED">
         <failure type="FAILED" message="Test Cases/1. get token - data order FAILED.
Reason:
com.kms.katalon.core.exception.StepFailedException: Expected element property value '9430010718' is not equal with actual property value '1154000993'
	at com.kms.katalon.core.keyword.internal.KeywordMain.stepFailed(KeywordMain.groovy:39)
	at com.kms.katalon.core.webservice.keyword.builtin.VerifyElementPropertyValueKeyword$_verifyElementPropertyValue_closure1.doCall(VerifyElementPropertyValueKeyword.groovy:56)
	at com.kms.katalon.core.webservice.keyword.builtin.VerifyElementPropertyValueKeyword$_verifyElementPropertyValue_closure1.call(VerifyElementPropertyValueKeyword.groovy)
	at com.kms.katalon.core.keyword.internal.KeywordMain.runKeyword(KeywordMain.groovy:74)
	at com.kms.katalon.core.webservice.keyword.builtin.VerifyElementPropertyValueKeyword.verifyElementPropertyValue(VerifyElementPropertyValueKeyword.groovy:48)
	at com.kms.katalon.core.webservice.keyword.builtin.VerifyElementPropertyValueKeyword.execute(VerifyElementPropertyValueKeyword.groovy:43)
	at com.kms.katalon.core.keyword.internal.KeywordExecutor.executeKeywordForPlatform(KeywordExecutor.groovy:74)
	at com.kms.katalon.core.webservice.keyword.WSBuiltInKeywords.verifyElementPropertyValue(WSBuiltInKeywords.groovy:175)
	at com.kms.katalon.core.webservice.keyword.WSBuiltInKeywords$verifyElementPropertyValue$0.call(Unknown Source)
	at 1. get token - data order.run(1. get token - data order:54)
	at com.kms.katalon.core.main.ScriptEngine.run(ScriptEngine.java:194)
	at com.kms.katalon.core.main.ScriptEngine.runScriptAsRawText(ScriptEngine.java:119)
	at com.kms.katalon.core.main.TestCaseExecutor.runScript(TestCaseExecutor.java:442)
	at com.kms.katalon.core.main.TestCaseExecutor.doExecute(TestCaseExecutor.java:433)
	at com.kms.katalon.core.main.TestCaseExecutor.processExecutionPhase(TestCaseExecutor.java:412)
	at com.kms.katalon.core.main.TestCaseExecutor.accessMainPhase(TestCaseExecutor.java:404)
	at com.kms.katalon.core.main.TestCaseExecutor.execute(TestCaseExecutor.java:281)
	at com.kms.katalon.core.main.TestSuiteExecutor.accessTestCaseMainPhase(TestSuiteExecutor.java:202)
	at com.kms.katalon.core.main.TestSuiteExecutor.accessTestSuiteMainPhase(TestSuiteExecutor.java:164)
	at com.kms.katalon.core.main.TestSuiteExecutor.execute(TestSuiteExecutor.java:105)
	at com.kms.katalon.core.main.TestCaseMain.startTestSuite(TestCaseMain.java:181)
	at com.kms.katalon.core.main.TestCaseMain$startTestSuite$0.call(Unknown Source)
	at TempTestSuite1648100878643.run(TempTestSuite1648100878643.groovy:36)
"/>
         <system-out><![CDATA[2022-03-24 12:49:24 - [TEST_CASE][FAILED] - Test Cases/1. get token - data order: Test Cases/1. get token - data order FAILED.
Reason:
com.kms.katalon.core.exception.StepFailedException: Expected element property value '9430010718' is not equal with actual property value '1154000993'
	at com.kms.katalon.core.keyword.internal.KeywordMain.stepFailed(KeywordMain.groovy:39)
	at com.kms.katalon.core.webservice.keyword.builtin.VerifyElementPropertyValueKeyword$_verifyElementPropertyValue_closure1.doCall(VerifyElementPropertyValueKeyword.groovy:56)
	at com.kms.katalon.core.webservice.keyword.builtin.VerifyElementPropertyValueKeyword$_verifyElementPropertyValue_closure1.call(VerifyElementPropertyValueKeyword.groovy)
	at com.kms.katalon.core.keyword.internal.KeywordMain.runKeyword(KeywordMain.groovy:74)
	at com.kms.katalon.core.webservice.keyword.builtin.VerifyElementPropertyValueKeyword.verifyElementPropertyValue(VerifyElementPropertyValueKeyword.groovy:48)
	at com.kms.katalon.core.webservice.keyword.builtin.VerifyElementPropertyValueKeyword.execute(VerifyElementPropertyValueKeyword.groovy:43)
	at com.kms.katalon.core.keyword.internal.KeywordExecutor.executeKeywordForPlatform(KeywordExecutor.groovy:74)
	at com.kms.katalon.core.webservice.keyword.WSBuiltInKeywords.verifyElementPropertyValue(WSBuiltInKeywords.groovy:175)
	at com.kms.katalon.core.webservice.keyword.WSBuiltInKeywords$verifyElementPropertyValue$0.call(Unknown Source)
	at 1. get token - data order.run(1. get token - data order:54)
	at com.kms.katalon.core.main.ScriptEngine.run(ScriptEngine.java:194)
	at com.kms.katalon.core.main.ScriptEngine.runScriptAsRawText(ScriptEngine.java:119)
	at com.kms.katalon.core.main.TestCaseExecutor.runScript(TestCaseExecutor.java:442)
	at com.kms.katalon.core.main.TestCaseExecutor.doExecute(TestCaseExecutor.java:433)
	at com.kms.katalon.core.main.TestCaseExecutor.processExecutionPhase(TestCaseExecutor.java:412)
	at com.kms.katalon.core.main.TestCaseExecutor.accessMainPhase(TestCaseExecutor.java:404)
	at com.kms.katalon.core.main.TestCaseExecutor.execute(TestCaseExecutor.java:281)
	at com.kms.katalon.core.main.TestSuiteExecutor.accessTestCaseMainPhase(TestSuiteExecutor.java:202)
	at com.kms.katalon.core.main.TestSuiteExecutor.accessTestSuiteMainPhase(TestSuiteExecutor.java:164)
	at com.kms.katalon.core.main.TestSuiteExecutor.execute(TestSuiteExecutor.java:105)
	at com.kms.katalon.core.main.TestCaseMain.startTestSuite(TestCaseMain.java:181)
	at com.kms.katalon.core.main.TestCaseMain$startTestSuite$0.call(Unknown Source)
	at TempTestSuite1648100878643.run(TempTestSuite1648100878643.groovy:36)


2022-03-24 12:49:24 - [TEST_STEP][PASSED] - token = sendRequest(findTestObject("1. Get-Token")): Send request successfully

2022-03-24 12:49:24 - [MESSAGE][INFO] - HAR: I:\app-testing\app-project\Order car insurance\order-car-insurance\Reports\20220324_124757\Get data order\20220324_124758\requests\main\27.har

2022-03-24 12:49:24 - [MESSAGE][PASSED] - Send request successfully

2022-03-24 12:49:24 - [TEST_STEP][PASSED] - slurper = new groovy.json.JsonSlurper(): null

2022-03-24 12:49:24 - [TEST_STEP][PASSED] - get_token = slurper.parseText(token.getResponseBodyContent()): null

2022-03-24 12:49:24 - [TEST_STEP][PASSED] - private_token = access_token: null

2022-03-24 12:49:24 - [TEST_STEP][PASSED] - global_token = private_token: null

2022-03-24 12:49:24 - [TEST_STEP][PASSED] - println("token is :" + global_token): null

2022-03-24 12:49:24 - [TEST_STEP][PASSED] - response_token = token.getResponseText(): null

2022-03-24 12:49:24 - [TEST_STEP][PASSED] - logInfo($response_token): 
            {
                "token_type": "BearerToken",
                "access_token": "tEXTH78jHP7t0Yf4bWRQs1eonRC6",
                "expires_in": "1799",
                "scope": ""
            }
        

2022-03-24 12:49:24 - [MESSAGE][INFO] - 
            {
                "token_type": "BearerToken",
                "access_token": "tEXTH78jHP7t0Yf4bWRQs1eonRC6",
                "expires_in": "1799",
                "scope": ""
            }
        

2022-03-24 12:49:24 - [TEST_STEP][PASSED] - order = sendRequest(findTestObject("3. Get-data-order", ["s_key":global_token, "c_id":c_id, "order_date":order_date, "page":page, "rows":rows])): Send request successfully

2022-03-24 12:49:25 - [MESSAGE][INFO] - HAR: I:\app-testing\app-project\Order car insurance\order-car-insurance\Reports\20220324_124757\Get data order\20220324_124758\requests\main\28.har

2022-03-24 12:49:25 - [MESSAGE][PASSED] - Send request successfully

2022-03-24 12:49:25 - [TEST_STEP][PASSED] - get_order = order.getResponseText(): null

2022-03-24 12:49:25 - [TEST_STEP][PASSED] - markPassed("data ke : " + no): data ke : 10

2022-03-24 12:49:25 - [MESSAGE][PASSED] - data ke : 10

2022-03-24 12:49:25 - [TEST_STEP][PASSED] - verifyElementPropertyValue(order, "GetDataOrderResponse.ListDataOrder[0].TipeOrder", o_tipeorder, CONTINUE_ON_FAILURE): Verify element property value successfully

2022-03-24 12:49:25 - [MESSAGE][PASSED] - Verify element property value successfully

2022-03-24 12:49:25 - [TEST_STEP][PASSED] - verifyElementPropertyValue(order, "GetDataOrderResponse.ListDataOrder[0].BatchID", o_batchid, CONTINUE_ON_FAILURE): Verify element property value successfully

2022-03-24 12:49:25 - [MESSAGE][PASSED] - Verify element property value successfully

2022-03-24 12:49:25 - [TEST_STEP][FAILED] - verifyElementPropertyValue(order, "GetDataOrderResponse.ListDataOrder[0].NoRek", o_norek, CONTINUE_ON_FAILURE): Expected element property value '9430010718' is not equal with actual property value '1154000993'

2022-03-24 12:49:25 - [MESSAGE][FAILED] - Expected element property value '9430010718' is not equal with actual property value '1154000993'

2022-03-24 12:49:25 - [TEST_STEP][PASSED] - verifyElementPropertyValue(order, "GetDataOrderResponse.ListDataOrder[0].NoPin", o_nopin, CONTINUE_ON_FAILURE): Verify element property value successfully

2022-03-24 12:49:25 - [MESSAGE][PASSED] - Verify element property value successfully

2022-03-24 12:49:25 - [TEST_STEP][PASSED] - verifyElementPropertyValue(order, "GetDataOrderResponse.ListDataOrder[0].CustName", o_custname, CONTINUE_ON_FAILURE): Verify element property value successfully

2022-03-24 12:49:25 - [MESSAGE][PASSED] - Verify element property value successfully

2022-03-24 12:49:25 - [TEST_STEP][PASSED] - verifyElementPropertyValue(order, "GetDataOrderResponse.ListDataOrder[0].Pemohon", o_pemohon, CONTINUE_ON_FAILURE): Verify element property value successfully

2022-03-24 12:49:25 - [MESSAGE][PASSED] - Verify element property value successfully

2022-03-24 12:49:25 - [TEST_STEP][FAILED] - verifyElementPropertyValue(order, "GetDataOrderResponse.ListDataOrder[0].HargaPembelian", o_otr, CONTINUE_ON_FAILURE): Expected element property value '204000000.00' is not equal with actual property value '360000000.00'

2022-03-24 12:49:25 - [MESSAGE][FAILED] - Expected element property value '204000000.00' is not equal with actual property value '360000000.00'

2022-03-24 12:49:25 - [TEST_STEP][FAILED] - verifyElementPropertyValue(order, "GetDataOrderResponse.ListDataOrder[0].Cabang", o_branchid, CONTINUE_ON_FAILURE): Expected element property value '9430' is not equal with actual property value '1154'

2022-03-24 12:49:25 - [MESSAGE][FAILED] - Expected element property value '9430' is not equal with actual property value '1154'

2022-03-24 12:49:25 - [TEST_STEP][FAILED] - verifyElementPropertyValue(order, "GetDataOrderResponse.ListDataOrder[0].MerkID", o_merk, CONTINUE_ON_FAILURE): Expected element property value 'DAI' is not equal with actual property value 'TYT'

2022-03-24 12:49:25 - [MESSAGE][FAILED] - Expected element property value 'DAI' is not equal with actual property value 'TYT'

2022-03-24 12:49:25 - [TEST_STEP][FAILED] - verifyElementPropertyValue(order, "GetDataOrderResponse.ListDataOrder[0].TypeMobil", o_type, CONTINUE_ON_FAILURE): Expected element property value 'ALL NEW XENIA 1.3 R M/T' is not equal with actual property value 'INNOVA VENTURER 2.0 AT'

2022-03-24 12:49:25 - [MESSAGE][FAILED] - Expected element property value 'ALL NEW XENIA 1.3 R M/T' is not equal with actual property value 'INNOVA VENTURER 2.0 AT'

2022-03-24 12:49:25 - [TEST_STEP][PASSED] - verifyElementPropertyValue(order, "GetDataOrderResponse.ListDataOrder[0].JenisMobil", o_jenis, CONTINUE_ON_FAILURE): Verify element property value successfully

2022-03-24 12:49:25 - [MESSAGE][PASSED] - Verify element property value successfully

2022-03-24 12:49:25 - [TEST_STEP][FAILED] - verifyElementPropertyValue(order, "GetDataOrderResponse.ListDataOrder[0].TahunMobil", o_tahun, CONTINUE_ON_FAILURE): Expected element property value '2021' is not equal with actual property value '2017'

2022-03-24 12:49:25 - [MESSAGE][FAILED] - Expected element property value '2021' is not equal with actual property value '2017'

2022-03-24 12:49:25 - [TEST_STEP][FAILED] - verifyElementPropertyValue(order, "GetDataOrderResponse.ListDataOrder[0].Warna", o_warna, CONTINUE_ON_FAILURE): Expected element property value 'HITAM METALIK' is not equal with actual property value 'PUTIH'

2022-03-24 12:49:25 - [MESSAGE][FAILED] - Expected element property value 'HITAM METALIK' is not equal with actual property value 'PUTIH'

2022-03-24 12:49:25 - [TEST_STEP][FAILED] - verifyElementPropertyValue(order, "GetDataOrderResponse.ListDataOrder[0].NoRangka", o_norangka, CONTINUE_ON_FAILURE): Expected element property value 'MHKAA1AY1MK001296' is not equal with actual property value 'MHFAW8EM4H0206354'

2022-03-24 12:49:25 - [MESSAGE][FAILED] - Expected element property value 'MHKAA1AY1MK001296' is not equal with actual property value 'MHFAW8EM4H0206354'

2022-03-24 12:49:25 - [TEST_STEP][FAILED] - verifyElementPropertyValue(order, "GetDataOrderResponse.ListDataOrder[0].NoMesin", o_nomesin, CONTINUE_ON_FAILURE): Expected element property value '1NRG164729' is not equal with actual property value '1TRA295932'

2022-03-24 12:49:25 - [MESSAGE][FAILED] - Expected element property value '1NRG164729' is not equal with actual property value '1TRA295932'

2022-03-24 12:49:25 - [TEST_STEP][FAILED] - verifyElementPropertyValue(order, "GetDataOrderResponse.ListDataOrder[0].NoPolisi", o_nopol, CONTINUE_ON_FAILURE): Expected element property value '               ' is not equal with actual property value 'B 2726 BOM'

2022-03-24 12:49:25 - [MESSAGE][FAILED] - Expected element property value '               ' is not equal with actual property value 'B 2726 BOM'

2022-03-24 12:49:25 - [TEST_STEP][FAILED] - verifyElementPropertyValue(order, "GetDataOrderResponse.ListDataOrder[0].NamaBPKB", o_namabpkb, CONTINUE_ON_FAILURE): Expected element property value 'MAJU HUTAGALUNG' is not equal with actual property value 'PT AUTORENT LANCAR S'

2022-03-24 12:49:25 - [MESSAGE][FAILED] - Expected element property value 'MAJU HUTAGALUNG' is not equal with actual property value 'PT AUTORENT LANCAR S'

2022-03-24 12:49:25 - [TEST_STEP][FAILED] - verifyElementPropertyValue(order, "GetDataOrderResponse.ListDataOrder[0].KategoriMobil", o_kategori, CONTINUE_ON_FAILURE): Expected element property value '3 ' is not equal with actual property value '14'

2022-03-24 12:49:25 - [MESSAGE][FAILED] - Expected element property value '3 ' is not equal with actual property value '14'

2022-03-24 12:49:25 - [TEST_STEP][PASSED] - verifyElementPropertyValue(order, "GetDataOrderResponse.ListDataOrder[0].PenggunaanKendaraan", o_purpose, CONTINUE_ON_FAILURE): Verify element property value successfully

2022-03-24 12:49:25 - [MESSAGE][PASSED] - Verify element property value successfully

2022-03-24 12:49:25 - [TEST_STEP][FAILED] - verifyElementPropertyValue(order, "GetDataOrderResponse.ListDataOrder[0].Kondisi", o_kondisi, CONTINUE_ON_FAILURE): Expected element property value '1' is not equal with actual property value '2'

2022-03-24 12:49:25 - [MESSAGE][FAILED] - Expected element property value '1' is not equal with actual property value '2'

2022-03-24 12:49:25 - [TEST_STEP][PASSED] - verifyElementPropertyValue(order, "GetDataOrderResponse.ListDataOrder[0].Accessories1", o_acc1, CONTINUE_ON_FAILURE): Verify element property value successfully

2022-03-24 12:49:25 - [MESSAGE][PASSED] - Verify element property value successfully

2022-03-24 12:49:25 - [TEST_STEP][PASSED] - verifyElementPropertyValue(order, "GetDataOrderResponse.ListDataOrder[0].Accessories2", o_acc2, CONTINUE_ON_FAILURE): Verify element property value successfully

2022-03-24 12:49:25 - [MESSAGE][PASSED] - Verify element property value successfully

2022-03-24 12:49:25 - [TEST_STEP][PASSED] - verifyElementPropertyValue(order, "GetDataOrderResponse.ListDataOrder[0].Accessories3", o_acc3, CONTINUE_ON_FAILURE): Verify element property value successfully

2022-03-24 12:49:25 - [MESSAGE][PASSED] - Verify element property value successfully

2022-03-24 12:49:25 - [TEST_STEP][PASSED] - verifyElementPropertyValue(order, "GetDataOrderResponse.ListDataOrder[0].Accessories4", o_acc4, CONTINUE_ON_FAILURE): Verify element property value successfully

2022-03-24 12:49:25 - [MESSAGE][PASSED] - Verify element property value successfully

2022-03-24 12:49:25 - [TEST_STEP][PASSED] - verifyElementPropertyValue(order, "GetDataOrderResponse.ListDataOrder[0].Accessories5", o_acc5, CONTINUE_ON_FAILURE): Verify element property value successfully

2022-03-24 12:49:25 - [MESSAGE][PASSED] - Verify element property value successfully

2022-03-24 12:49:25 - [TEST_STEP][PASSED] - verifyElementPropertyValue(order, "GetDataOrderResponse.ListDataOrder[0].HargaAccessories1", o_harga_acc1, CONTINUE_ON_FAILURE): Verify element property value successfully

2022-03-24 12:49:25 - [MESSAGE][PASSED] - Verify element property value successfully

2022-03-24 12:49:25 - [TEST_STEP][PASSED] - verifyElementPropertyValue(order, "GetDataOrderResponse.ListDataOrder[0].HargaAccessories2", o_harga_acc2, CONTINUE_ON_FAILURE): Verify element property value successfully

2022-03-24 12:49:25 - [MESSAGE][PASSED] - Verify element property value successfully

2022-03-24 12:49:25 - [TEST_STEP][PASSED] - verifyElementPropertyValue(order, "GetDataOrderResponse.ListDataOrder[0].HargaAccessories3", o_harga_acc3, CONTINUE_ON_FAILURE): Verify element property value successfully

2022-03-24 12:49:25 - [MESSAGE][PASSED] - Verify element property value successfully

2022-03-24 12:49:25 - [TEST_STEP][PASSED] - verifyElementPropertyValue(order, "GetDataOrderResponse.ListDataOrder[0].HargaAccessories4", o_harga_acc4, CONTINUE_ON_FAILURE): Verify element property value successfully

2022-03-24 12:49:25 - [MESSAGE][PASSED] - Verify element property value successfully

2022-03-24 12:49:25 - [TEST_STEP][PASSED] - verifyElementPropertyValue(order, "GetDataOrderResponse.ListDataOrder[0].HargaAccessories5", o_harga_acc5, CONTINUE_ON_FAILURE): Verify element property value successfully

2022-03-24 12:49:25 - [MESSAGE][PASSED] - Verify element property value successfully

2022-03-24 12:49:25 - [TEST_STEP][PASSED] - verifyElementPropertyValue(order, "GetDataOrderResponse.ListDataOrder[0].OverKredit", o_overkredit, CONTINUE_ON_FAILURE): Verify element property value successfully

2022-03-24 12:49:25 - [MESSAGE][PASSED] - Verify element property value successfully

2022-03-24 12:49:25 - [TEST_STEP][PASSED] - verifyElementPropertyValue(order, "GetDataOrderResponse.ListDataOrder[0].Restructure", o_restructure, CONTINUE_ON_FAILURE): Verify element property value successfully

2022-03-24 12:49:25 - [MESSAGE][PASSED] - Verify element property value successfully

2022-03-24 12:49:25 - [TEST_STEP][PASSED] - verifyElementPropertyValue(order, "GetDataOrderResponse.ListDataOrder[0].NoPolisLama", o_nopol_lama, CONTINUE_ON_FAILURE): Verify element property value successfully

2022-03-24 12:49:25 - [MESSAGE][PASSED] - Verify element property value successfully

2022-03-24 12:49:25 - [TEST_STEP][PASSED] - verifyElementPropertyValue(order, "GetDataOrderResponse.ListDataOrder[0].MailAddress", o_mail_addr, CONTINUE_ON_FAILURE): Verify element property value successfully

2022-03-24 12:49:25 - [MESSAGE][PASSED] - Verify element property value successfully

2022-03-24 12:49:25 - [TEST_STEP][PASSED] - verifyElementPropertyValue(order, "GetDataOrderResponse.ListDataOrder[0].KabKodya", o_kab_kodya, CONTINUE_ON_FAILURE): Verify element property value successfully

2022-03-24 12:49:26 - [MESSAGE][PASSED] - Verify element property value successfully

2022-03-24 12:49:26 - [TEST_STEP][FAILED] - verifyElementPropertyValue(order, "GetDataOrderResponse.ListDataOrder[0].PostalCode", o_postal_code, CONTINUE_ON_FAILURE): Expected element property value '13870' is not equal with actual property value '12610'

2022-03-24 12:49:26 - [MESSAGE][FAILED] - Expected element property value '13870' is not equal with actual property value '12610'

2022-03-24 12:49:26 - [TEST_STEP][PASSED] - verifyElementPropertyValue(order, "GetDataOrderResponse.ListDataOrder[0].PaketMobil", o_packet, CONTINUE_ON_FAILURE): Verify element property value successfully

2022-03-24 12:49:26 - [MESSAGE][PASSED] - Verify element property value successfully

2022-03-24 12:49:26 - [TEST_STEP][PASSED] - verifyElementPropertyValue(order, "GetDataOrderResponse.ListDataOrder[0].CustType", o_cust_type, CONTINUE_ON_FAILURE): Verify element property value successfully

2022-03-24 12:49:26 - [MESSAGE][PASSED] - Verify element property value successfully

2022-03-24 12:49:26 - [TEST_STEP][FAILED] - verifyElementPropertyValue(order, "GetDataOrderResponse.ListDataOrder[0].IdentityNo", o_nik, CONTINUE_ON_FAILURE): Expected element property value 'SCRAMBLE' is not equal with actual property value '09.5307.120661.7004'

2022-03-24 12:49:26 - [MESSAGE][FAILED] - Expected element property value 'SCRAMBLE' is not equal with actual property value '09.5307.120661.7004'

2022-03-24 12:49:26 - [TEST_STEP][PASSED] - verifyElementPropertyValue(order, "GetDataOrderResponse.ListDataOrder[0].BirthPlace", o_birth_place, CONTINUE_ON_FAILURE): Verify element property value successfully

2022-03-24 12:49:26 - [MESSAGE][PASSED] - Verify element property value successfully

2022-03-24 12:49:26 - [TEST_STEP][FAILED] - verifyElementPropertyValue(order, "GetDataOrderResponse.ListDataOrder[0].BirthDate", o_birth_date, CONTINUE_ON_FAILURE): Expected element property value '20220212' is not equal with actual property value '19610612'

2022-03-24 12:49:26 - [MESSAGE][FAILED] - Expected element property value '20220212' is not equal with actual property value '19610612'

2022-03-24 12:49:26 - [TEST_STEP][FAILED] - verifyElementPropertyValue(order, "GetDataOrderResponse.ListDataOrder[0].Occupation", o_occp, CONTINUE_ON_FAILURE): Expected element property value 'Karyawan' is not equal with actual property value 'Wiraswasta'

2022-03-24 12:49:26 - [MESSAGE][FAILED] - Expected element property value 'Karyawan' is not equal with actual property value 'Wiraswasta'

2022-03-24 12:49:26 - [TEST_STEP][PASSED] - verifyElementPropertyValue(order, "GetDataOrderResponse.ListDataOrder[0].AlamatKTP", o_ktp_addr, CONTINUE_ON_FAILURE): Verify element property value successfully

2022-03-24 12:49:26 - [MESSAGE][PASSED] - Verify element property value successfully

2022-03-24 12:49:26 - [TEST_STEP][PASSED] - verifyElementPropertyValue(order, "GetDataOrderResponse.ListDataOrder[0].KelurahanKTP", o_ktp_kel, CONTINUE_ON_FAILURE): Verify element property value successfully

2022-03-24 12:49:26 - [MESSAGE][PASSED] - Verify element property value successfully

2022-03-24 12:49:26 - [TEST_STEP][PASSED] - verifyElementPropertyValue(order, "GetDataOrderResponse.ListDataOrder[0].KecamatanKTP", o_ktp_kec, CONTINUE_ON_FAILURE): Verify element property value successfully

2022-03-24 12:49:26 - [MESSAGE][PASSED] - Verify element property value successfully

2022-03-24 12:49:26 - [TEST_STEP][PASSED] - verifyElementPropertyValue(order, "GetDataOrderResponse.ListDataOrder[0].KabKodyaKTP", o_ktp_kabkodya, CONTINUE_ON_FAILURE): Verify element property value successfully

2022-03-24 12:49:26 - [MESSAGE][PASSED] - Verify element property value successfully

2022-03-24 12:49:26 - [TEST_STEP][PASSED] - verifyElementPropertyValue(order, "GetDataOrderResponse.ListDataOrder[0].ProvinsiKTP", o_ktp_prov, CONTINUE_ON_FAILURE): Verify element property value successfully

2022-03-24 12:49:26 - [MESSAGE][PASSED] - Verify element property value successfully

2022-03-24 12:49:26 - [TEST_STEP][FAILED] - verifyElementPropertyValue(order, "GetDataOrderResponse.ListDataOrder[0].PostalCodeKTP", o_ktp_postal_code, CONTINUE_ON_FAILURE): Expected element property value '13870' is not equal with actual property value '12610'

2022-03-24 12:49:26 - [MESSAGE][FAILED] - Expected element property value '13870' is not equal with actual property value '12610'

2022-03-24 12:49:26 - [TEST_STEP][FAILED] - verifyElementPropertyValue(order, "GetDataOrderResponse.ListDataOrder[0].DealerName", o_ktp_dealer_name, CONTINUE_ON_FAILURE): Expected element property value 'Asco Prima M Fatmawati' is not equal with actual property value '21 Auto Cars'

2022-03-24 12:49:26 - [MESSAGE][FAILED] - Expected element property value 'Asco Prima M Fatmawati' is not equal with actual property value '21 Auto Cars'

2022-03-24 12:49:26 - [TEST_STEP][FAILED] - switch (tenor): null

2022-03-24 12:49:26 - [TEST_STEP][FAILED] - case "6":: null

2022-03-24 12:49:26 - [TEST_STEP][PASSED] - order2 = sendRequest(findTestObject("3. Get-data-order", ["s_key":global_token, "c_id":c_id, "order_date":order_date, "page":page, "rows":rows])): Send request successfully

2022-03-24 12:49:26 - [MESSAGE][INFO] - HAR: I:\app-testing\app-project\Order car insurance\order-car-insurance\Reports\20220324_124757\Get data order\20220324_124758\requests\main\29.har

2022-03-24 12:49:26 - [MESSAGE][PASSED] - Send request successfully

2022-03-24 12:49:26 - [TEST_STEP][PASSED] - get_order2 = order.getResponseText(): null

2022-03-24 12:49:26 - [TEST_STEP][FAILED] - verifyElementPropertyValue(order, "GetDataOrderResponse.ListDataOrder[0].InsuranceData[0].KondisiPertanggungan", o_kond_pertanggungan_0, CONTINUE_ON_FAILURE): Expected element property value ' ' is not equal with actual property value ''

2022-03-24 12:49:26 - [MESSAGE][FAILED] - Expected element property value ' ' is not equal with actual property value ''

2022-03-24 12:49:26 - [TEST_STEP][PASSED] - verifyElementPropertyValue(order, "GetDataOrderResponse.ListDataOrder[0].InsuranceData[0].TJH", o_tjh_header_0, CONTINUE_ON_FAILURE): Verify element property value successfully

2022-03-24 12:49:26 - [MESSAGE][PASSED] - Verify element property value successfully

2022-03-24 12:49:26 - [TEST_STEP][FAILED] - verifyElementPropertyValue(order, "GetDataOrderResponse.ListDataOrder[0].InsuranceData[0].InsuredValue", o_ins_val_0, CONTINUE_ON_FAILURE): Expected element property value '204000000.00' is not equal with actual property value '360000000.00'

2022-03-24 12:49:26 - [MESSAGE][FAILED] - Expected element property value '204000000.00' is not equal with actual property value '360000000.00'

2022-03-24 12:49:26 - [TEST_STEP][PASSED] - verifyElementPropertyValue(order, "GetDataOrderResponse.ListDataOrder[0].InsuranceData[0].InsuredFrom", o_ins_form_0, CONTINUE_ON_FAILURE): Verify element property value successfully

2022-03-24 12:49:27 - [MESSAGE][PASSED] - Verify element property value successfully

2022-03-24 12:49:27 - [TEST_STEP][PASSED] - verifyElementPropertyValue(order, "GetDataOrderResponse.ListDataOrder[0].InsuranceData[0].InsuredTo", o_ins_to_0, CONTINUE_ON_FAILURE): Verify element property value successfully

2022-03-24 12:49:27 - [MESSAGE][PASSED] - Verify element property value successfully

2022-03-24 12:49:27 - [TEST_STEP][PASSED] - verifyElementPropertyValue(order, "GetDataOrderResponse.ListDataOrder[0].InsuranceData[0].Rate", o_rate_0, CONTINUE_ON_FAILURE): Verify element property value successfully

2022-03-24 12:49:27 - [MESSAGE][PASSED] - Verify element property value successfully

2022-03-24 12:49:27 - [TEST_STEP][FAILED] - verifyElementPropertyValue(order, "GetDataOrderResponse.ListDataOrder[0].InsuranceData[0].GrossPremi", o_gross_premi_0, CONTINUE_ON_FAILURE): Expected element property value '3097536.00' is not equal with actual property value '5466240.00'

2022-03-24 12:49:27 - [MESSAGE][FAILED] - Expected element property value '3097536.00' is not equal with actual property value '5466240.00'

2022-03-24 12:49:27 - [TEST_STEP][PASSED] - verifyElementPropertyValue(order, "GetDataOrderResponse.ListDataOrder[0].InsuranceData[0].Discount", o_discount_0, CONTINUE_ON_FAILURE): Verify element property value successfully

2022-03-24 12:49:27 - [MESSAGE][PASSED] - Verify element property value successfully

2022-03-24 12:49:27 - [TEST_STEP][PASSED] - verifyElementPropertyValue(order, "GetDataOrderResponse.ListDataOrder[0].InsuranceData[0].Adm", o_adm_0, CONTINUE_ON_FAILURE): Verify element property value successfully

2022-03-24 12:49:27 - [MESSAGE][PASSED] - Verify element property value successfully

2022-03-24 12:49:27 - [TEST_STEP][FAILED] - verifyElementPropertyValue(order, "GetDataOrderResponse.ListDataOrder[0].InsuranceData[0].NetPremi", o_netpremi_0, CONTINUE_ON_FAILURE): Expected element property value '3097536.00' is not equal with actual property value '5466240.00'

2022-03-24 12:49:27 - [MESSAGE][FAILED] - Expected element property value '3097536.00' is not equal with actual property value '5466240.00'

2022-03-24 12:49:27 - [TEST_STEP][PASSED] - verifyElementPropertyValue(order, "GetDataOrderResponse.ListDataOrder[0].InsuranceData[0].PerluasanJaminan.TJH", o_tjh_val_0, CONTINUE_ON_FAILURE): Verify element property value successfully

2022-03-24 12:49:27 - [MESSAGE][PASSED] - Verify element property value successfully

2022-03-24 12:49:27 - [TEST_STEP][PASSED] - verifyElementPropertyValue(order, "GetDataOrderResponse.ListDataOrder[0].InsuranceData[0].PerluasanJaminan.RSCC", o_rscc_val_0, CONTINUE_ON_FAILURE): Verify element property value successfully

2022-03-24 12:49:27 - [MESSAGE][PASSED] - Verify element property value successfully

2022-03-24 12:49:27 - [TEST_STEP][PASSED] - verifyElementPropertyValue(order, "GetDataOrderResponse.ListDataOrder[0].InsuranceData[0].PerluasanJaminan.Banjir", o_rsmb_val_0, CONTINUE_ON_FAILURE): Verify element property value successfully

2022-03-24 12:49:27 - [MESSAGE][PASSED] - Verify element property value successfully

2022-03-24 12:49:27 - [TEST_STEP][PASSED] - verifyElementPropertyValue(order, "GetDataOrderResponse.ListDataOrder[0].InsuranceData[0].PerluasanJaminan.Accessories", o_acc_val_0, CONTINUE_ON_FAILURE): Verify element property value successfully

2022-03-24 12:49:27 - [MESSAGE][PASSED] - Verify element property value successfully

2022-03-24 12:49:27 - [TEST_STEP][PASSED] - verifyElementPropertyValue(order, "GetDataOrderResponse.ListDataOrder[0].InsuranceData[1].KondisiPertanggungan", o_kond_pertanggungan_1, CONTINUE_ON_FAILURE): Verify element property value successfully

2022-03-24 12:49:27 - [MESSAGE][PASSED] - Verify element property value successfully

2022-03-24 12:49:27 - [TEST_STEP][PASSED] - verifyElementPropertyValue(order, "GetDataOrderResponse.ListDataOrder[0].InsuranceData[1].TJH", o_tjh_header_1, CONTINUE_ON_FAILURE): Verify element property value successfully

2022-03-24 12:49:27 - [MESSAGE][PASSED] - Verify element property value successfully

2022-03-24 12:49:27 - [TEST_STEP][FAILED] - verifyElementPropertyValue(order, "GetDataOrderResponse.ListDataOrder[0].InsuranceData[1].InsuredValue", o_ins_val_1, CONTINUE_ON_FAILURE): Expected element property value '204000000.00' is not equal with actual property value '360000000.00'

2022-03-24 12:49:27 - [MESSAGE][FAILED] - Expected element property value '204000000.00' is not equal with actual property value '360000000.00'

2022-03-24 12:49:27 - [TEST_STEP][PASSED] - verifyElementPropertyValue(order, "GetDataOrderResponse.ListDataOrder[0].InsuranceData[1].InsuredFrom", o_ins_form_1, CONTINUE_ON_FAILURE): Verify element property value successfully

2022-03-24 12:49:27 - [MESSAGE][PASSED] - Verify element property value successfully

2022-03-24 12:49:27 - [TEST_STEP][PASSED] - verifyElementPropertyValue(order, "GetDataOrderResponse.ListDataOrder[0].InsuranceData[1].InsuredTo", o_ins_to_1, CONTINUE_ON_FAILURE): Verify element property value successfully

2022-03-24 12:49:27 - [MESSAGE][PASSED] - Verify element property value successfully

2022-03-24 12:49:27 - [TEST_STEP][PASSED] - verifyElementPropertyValue(order, "GetDataOrderResponse.ListDataOrder[0].InsuranceData[1].Rate", o_rate_1, CONTINUE_ON_FAILURE): Verify element property value successfully

2022-03-24 12:49:27 - [MESSAGE][PASSED] - Verify element property value successfully

2022-03-24 12:49:27 - [TEST_STEP][FAILED] - verifyElementPropertyValue(order, "GetDataOrderResponse.ListDataOrder[0].InsuranceData[1].GrossPremi", o_gross_premi_1, CONTINUE_ON_FAILURE): Expected element property value '3097536.00' is not equal with actual property value '998640.00'

2022-03-24 12:49:27 - [MESSAGE][FAILED] - Expected element property value '3097536.00' is not equal with actual property value '998640.00'

2022-03-24 12:49:27 - [TEST_STEP][PASSED] - verifyElementPropertyValue(order, "GetDataOrderResponse.ListDataOrder[0].InsuranceData[1].Discount", o_discount_1, CONTINUE_ON_FAILURE): Verify element property value successfully

2022-03-24 12:49:27 - [MESSAGE][PASSED] - Verify element property value successfully

2022-03-24 12:49:27 - [TEST_STEP][PASSED] - verifyElementPropertyValue(order, "GetDataOrderResponse.ListDataOrder[0].InsuranceData[1].Adm", o_adm_1, CONTINUE_ON_FAILURE): Verify element property value successfully

2022-03-24 12:49:27 - [MESSAGE][PASSED] - Verify element property value successfully

2022-03-24 12:49:27 - [TEST_STEP][FAILED] - verifyElementPropertyValue(order, "GetDataOrderResponse.ListDataOrder[0].InsuranceData[1].NetPremi", o_netpremi_1, CONTINUE_ON_FAILURE): Expected element property value '565896.00' is not equal with actual property value '998640.00'

2022-03-24 12:49:27 - [MESSAGE][FAILED] - Expected element property value '565896.00' is not equal with actual property value '998640.00'

2022-03-24 12:49:27 - [TEST_STEP][PASSED] - verifyElementPropertyValue(order, "GetDataOrderResponse.ListDataOrder[0].InsuranceData[1].PerluasanJaminan.TJH", o_tjh_val_1, CONTINUE_ON_FAILURE): Verify element property value successfully

2022-03-24 12:49:27 - [MESSAGE][PASSED] - Verify element property value successfully

2022-03-24 12:49:27 - [TEST_STEP][PASSED] - verifyElementPropertyValue(order, "GetDataOrderResponse.ListDataOrder[0].InsuranceData[1].PerluasanJaminan.RSCC", o_rscc_val_1, CONTINUE_ON_FAILURE): Verify element property value successfully

2022-03-24 12:49:27 - [MESSAGE][PASSED] - Verify element property value successfully

2022-03-24 12:49:27 - [TEST_STEP][PASSED] - verifyElementPropertyValue(order, "GetDataOrderResponse.ListDataOrder[0].InsuranceData[1].PerluasanJaminan.Banjir", o_rsmb_val_1, CONTINUE_ON_FAILURE): Verify element property value successfully

2022-03-24 12:49:27 - [MESSAGE][PASSED] - Verify element property value successfully

2022-03-24 12:49:27 - [TEST_STEP][PASSED] - verifyElementPropertyValue(order, "GetDataOrderResponse.ListDataOrder[0].InsuranceData[1].PerluasanJaminan.Accessories", o_acc_val_1, CONTINUE_ON_FAILURE): Verify element property value successfully

2022-03-24 12:49:27 - [MESSAGE][PASSED] - Verify element property value successfully

2022-03-24 12:49:27 - [TEST_STEP][PASSED] - verifyElementPropertyValue(order, "GetDataOrderResponse.ListDataOrder[0].InsuranceData[2].KondisiPertanggungan", o_kond_pertanggungan_2, CONTINUE_ON_FAILURE): Verify element property value successfully

2022-03-24 12:49:27 - [MESSAGE][PASSED] - Verify element property value successfully

2022-03-24 12:49:27 - [TEST_STEP][PASSED] - verifyElementPropertyValue(order, "GetDataOrderResponse.ListDataOrder[0].InsuranceData[2].TJH", o_tjh_header_2, CONTINUE_ON_FAILURE): Verify element property value successfully

2022-03-24 12:49:27 - [MESSAGE][PASSED] - Verify element property value successfully

2022-03-24 12:49:27 - [TEST_STEP][FAILED] - verifyElementPropertyValue(order, "GetDataOrderResponse.ListDataOrder[0].InsuranceData[2].InsuredValue", o_ins_val_2, CONTINUE_ON_FAILURE): Expected element property value '204000000.00' is not equal with actual property value '360000000.00'

2022-03-24 12:49:27 - [MESSAGE][FAILED] - Expected element property value '204000000.00' is not equal with actual property value '360000000.00'

2022-03-24 12:49:27 - [TEST_STEP][PASSED] - verifyElementPropertyValue(order, "GetDataOrderResponse.ListDataOrder[0].InsuranceData[2].InsuredFrom", o_ins_form_2, CONTINUE_ON_FAILURE): Verify element property value successfully

2022-03-24 12:49:27 - [MESSAGE][PASSED] - Verify element property value successfully

2022-03-24 12:49:27 - [TEST_STEP][PASSED] - verifyElementPropertyValue(order, "GetDataOrderResponse.ListDataOrder[0].InsuranceData[2].InsuredTo", o_ins_to_2, CONTINUE_ON_FAILURE): Verify element property value successfully

2022-03-24 12:49:27 - [MESSAGE][PASSED] - Verify element property value successfully

2022-03-24 12:49:27 - [TEST_STEP][PASSED] - verifyElementPropertyValue(order, "GetDataOrderResponse.ListDataOrder[0].InsuranceData[2].Rate", o_rate_2, CONTINUE_ON_FAILURE): Verify element property value successfully

2022-03-24 12:49:27 - [MESSAGE][PASSED] - Verify element property value successfully

2022-03-24 12:49:27 - [TEST_STEP][FAILED] - verifyElementPropertyValue(order, "GetDataOrderResponse.ListDataOrder[0].InsuranceData[2].GrossPremi", o_gross_premi_2, CONTINUE_ON_FAILURE): Expected element property value '565896.00' is not equal with actual property value '998640.00'

2022-03-24 12:49:27 - [MESSAGE][FAILED] - Expected element property value '565896.00' is not equal with actual property value '998640.00'

2022-03-24 12:49:27 - [TEST_STEP][PASSED] - verifyElementPropertyValue(order, "GetDataOrderResponse.ListDataOrder[0].InsuranceData[2].Discount", o_discount_2, CONTINUE_ON_FAILURE): Verify element property value successfully

2022-03-24 12:49:27 - [MESSAGE][PASSED] - Verify element property value successfully

2022-03-24 12:49:27 - [TEST_STEP][PASSED] - verifyElementPropertyValue(order, "GetDataOrderResponse.ListDataOrder[0].InsuranceData[2].Adm", o_adm_2, CONTINUE_ON_FAILURE): Verify element property value successfully

2022-03-24 12:49:27 - [MESSAGE][PASSED] - Verify element property value successfully

2022-03-24 12:49:27 - [TEST_STEP][FAILED] - verifyElementPropertyValue(order, "GetDataOrderResponse.ListDataOrder[0].InsuranceData[2].NetPremi", o_netpremi_2, CONTINUE_ON_FAILURE): Expected element property value '565896.00' is not equal with actual property value '998640.00'

2022-03-24 12:49:27 - [MESSAGE][FAILED] - Expected element property value '565896.00' is not equal with actual property value '998640.00'

2022-03-24 12:49:27 - [TEST_STEP][PASSED] - verifyElementPropertyValue(order, "GetDataOrderResponse.ListDataOrder[0].InsuranceData[2].PerluasanJaminan.TJH", o_tjh_val_2, CONTINUE_ON_FAILURE): Verify element property value successfully

2022-03-24 12:49:27 - [MESSAGE][PASSED] - Verify element property value successfully

2022-03-24 12:49:27 - [TEST_STEP][PASSED] - verifyElementPropertyValue(order, "GetDataOrderResponse.ListDataOrder[0].InsuranceData[2].PerluasanJaminan.RSCC", o_rscc_val_2, CONTINUE_ON_FAILURE): Verify element property value successfully

2022-03-24 12:49:27 - [MESSAGE][PASSED] - Verify element property value successfully

2022-03-24 12:49:27 - [TEST_STEP][PASSED] - verifyElementPropertyValue(order, "GetDataOrderResponse.ListDataOrder[0].InsuranceData[2].PerluasanJaminan.Banjir", o_rsmb_val_2, CONTINUE_ON_FAILURE): Verify element property value successfully

2022-03-24 12:49:28 - [MESSAGE][PASSED] - Verify element property value successfully

2022-03-24 12:49:28 - [TEST_STEP][PASSED] - verifyElementPropertyValue(order, "GetDataOrderResponse.ListDataOrder[0].InsuranceData[2].PerluasanJaminan.Accessories", o_acc_val_2, CONTINUE_ON_FAILURE): Verify element property value successfully

2022-03-24 12:49:28 - [MESSAGE][PASSED] - Verify element property value successfully

2022-03-24 12:49:28 - [TEST_STEP][FAILED] - verifyElementPropertyValue(order, "GetDataOrderResponse.ListDataOrder[0].InsuranceData[3].KondisiPertanggungan", o_kond_pertanggungan_3, CONTINUE_ON_FAILURE): Unable to verify element property value (Root cause: java.lang.NullPointerException: Cannot get property 'KondisiPertanggungan' on null object
	at Script1.run(Script1.groovy:1)
	at com.kms.katalon.core.webservice.helper.WebServiceCommonHelper.parseAndGetPropertyValueForJson(WebServiceCommonHelper.java:213)
	at com.kms.katalon.core.webservice.keyword.builtin.VerifyElementPropertyValueKeyword$_verifyElementPropertyValue_closure1.doCall(VerifyElementPropertyValueKeyword.groovy:52)
	at com.kms.katalon.core.webservice.keyword.builtin.VerifyElementPropertyValueKeyword$_verifyElementPropertyValue_closure1.call(VerifyElementPropertyValueKeyword.groovy)
	at com.kms.katalon.core.keyword.internal.KeywordMain.runKeyword(KeywordMain.groovy:74)
	at com.kms.katalon.core.webservice.keyword.builtin.VerifyElementPropertyValueKeyword.verifyElementPropertyValue(VerifyElementPropertyValueKeyword.groovy:48)
	at com.kms.katalon.core.webservice.keyword.builtin.VerifyElementPropertyValueKeyword.execute(VerifyElementPropertyValueKeyword.groovy:43)
	at com.kms.katalon.core.keyword.internal.KeywordExecutor.executeKeywordForPlatform(KeywordExecutor.groovy:74)
	at com.kms.katalon.core.webservice.keyword.WSBuiltInKeywords.verifyElementPropertyValue(WSBuiltInKeywords.groovy:175)
	at com.kms.katalon.core.webservice.keyword.WSBuiltInKeywords$verifyElementPropertyValue$0.call(Unknown Source)
	at 1. get token - data order.run(1. get token - data order:922)
	at com.kms.katalon.core.main.ScriptEngine.run(ScriptEngine.java:194)
	at com.kms.katalon.core.main.ScriptEngine.runScriptAsRawText(ScriptEngine.java:119)
	at com.kms.katalon.core.main.TestCaseExecutor.runScript(TestCaseExecutor.java:442)
	at com.kms.katalon.core.main.TestCaseExecutor.doExecute(TestCaseExecutor.java:433)
	at com.kms.katalon.core.main.TestCaseExecutor.processExecutionPhase(TestCaseExecutor.java:412)
	at com.kms.katalon.core.main.TestCaseExecutor.accessMainPhase(TestCaseExecutor.java:404)
	at com.kms.katalon.core.main.TestCaseExecutor.execute(TestCaseExecutor.java:281)
	at com.kms.katalon.core.main.TestSuiteExecutor.accessTestCaseMainPhase(TestSuiteExecutor.java:202)
	at com.kms.katalon.core.main.TestSuiteExecutor.accessTestSuiteMainPhase(TestSuiteExecutor.java:164)
	at com.kms.katalon.core.main.TestSuiteExecutor.execute(TestSuiteExecutor.java:105)
	at com.kms.katalon.core.main.TestCaseMain.startTestSuite(TestCaseMain.java:181)
	at com.kms.katalon.core.main.TestCaseMain$startTestSuite$0.call(Unknown Source)
	at TempTestSuite1648100878643.run(TempTestSuite1648100878643.groovy:36)
)

2022-03-24 12:49:28 - [MESSAGE][FAILED] - Unable to verify element property value (Root cause: java.lang.NullPointerException: Cannot get property 'KondisiPertanggungan' on null object
	at Script1.run(Script1.groovy:1)
	at com.kms.katalon.core.webservice.helper.WebServiceCommonHelper.parseAndGetPropertyValueForJson(WebServiceCommonHelper.java:213)
	at com.kms.katalon.core.webservice.keyword.builtin.VerifyElementPropertyValueKeyword$_verifyElementPropertyValue_closure1.doCall(VerifyElementPropertyValueKeyword.groovy:52)
	at com.kms.katalon.core.webservice.keyword.builtin.VerifyElementPropertyValueKeyword$_verifyElementPropertyValue_closure1.call(VerifyElementPropertyValueKeyword.groovy)
	at com.kms.katalon.core.keyword.internal.KeywordMain.runKeyword(KeywordMain.groovy:74)
	at com.kms.katalon.core.webservice.keyword.builtin.VerifyElementPropertyValueKeyword.verifyElementPropertyValue(VerifyElementPropertyValueKeyword.groovy:48)
	at com.kms.katalon.core.webservice.keyword.builtin.VerifyElementPropertyValueKeyword.execute(VerifyElementPropertyValueKeyword.groovy:43)
	at com.kms.katalon.core.keyword.internal.KeywordExecutor.executeKeywordForPlatform(KeywordExecutor.groovy:74)
	at com.kms.katalon.core.webservice.keyword.WSBuiltInKeywords.verifyElementPropertyValue(WSBuiltInKeywords.groovy:175)
	at com.kms.katalon.core.webservice.keyword.WSBuiltInKeywords$verifyElementPropertyValue$0.call(Unknown Source)
	at 1. get token - data order.run(1. get token - data order:922)
	at com.kms.katalon.core.main.ScriptEngine.run(ScriptEngine.java:194)
	at com.kms.katalon.core.main.ScriptEngine.runScriptAsRawText(ScriptEngine.java:119)
	at com.kms.katalon.core.main.TestCaseExecutor.runScript(TestCaseExecutor.java:442)
	at com.kms.katalon.core.main.TestCaseExecutor.doExecute(TestCaseExecutor.java:433)
	at com.kms.katalon.core.main.TestCaseExecutor.processExecutionPhase(TestCaseExecutor.java:412)
	at com.kms.katalon.core.main.TestCaseExecutor.accessMainPhase(TestCaseExecutor.java:404)
	at com.kms.katalon.core.main.TestCaseExecutor.execute(TestCaseExecutor.java:281)
	at com.kms.katalon.core.main.TestSuiteExecutor.accessTestCaseMainPhase(TestSuiteExecutor.java:202)
	at com.kms.katalon.core.main.TestSuiteExecutor.accessTestSuiteMainPhase(TestSuiteExecutor.java:164)
	at com.kms.katalon.core.main.TestSuiteExecutor.execute(TestSuiteExecutor.java:105)
	at com.kms.katalon.core.main.TestCaseMain.startTestSuite(TestCaseMain.java:181)
	at com.kms.katalon.core.main.TestCaseMain$startTestSuite$0.call(Unknown Source)
	at TempTestSuite1648100878643.run(TempTestSuite1648100878643.groovy:36)
)

2022-03-24 12:49:28 - [TEST_STEP][FAILED] - verifyElementPropertyValue(order, "GetDataOrderResponse.ListDataOrder[0].InsuranceData[3].TJH", o_tjh_header_3, CONTINUE_ON_FAILURE): Unable to verify element property value (Root cause: java.lang.NullPointerException: Cannot get property 'TJH' on null object
	at Script1.run(Script1.groovy:1)
	at com.kms.katalon.core.webservice.helper.WebServiceCommonHelper.parseAndGetPropertyValueForJson(WebServiceCommonHelper.java:213)
	at com.kms.katalon.core.webservice.keyword.builtin.VerifyElementPropertyValueKeyword$_verifyElementPropertyValue_closure1.doCall(VerifyElementPropertyValueKeyword.groovy:52)
	at com.kms.katalon.core.webservice.keyword.builtin.VerifyElementPropertyValueKeyword$_verifyElementPropertyValue_closure1.call(VerifyElementPropertyValueKeyword.groovy)
	at com.kms.katalon.core.keyword.internal.KeywordMain.runKeyword(KeywordMain.groovy:74)
	at com.kms.katalon.core.webservice.keyword.builtin.VerifyElementPropertyValueKeyword.verifyElementPropertyValue(VerifyElementPropertyValueKeyword.groovy:48)
	at com.kms.katalon.core.webservice.keyword.builtin.VerifyElementPropertyValueKeyword.execute(VerifyElementPropertyValueKeyword.groovy:43)
	at com.kms.katalon.core.keyword.internal.KeywordExecutor.executeKeywordForPlatform(KeywordExecutor.groovy:74)
	at com.kms.katalon.core.webservice.keyword.WSBuiltInKeywords.verifyElementPropertyValue(WSBuiltInKeywords.groovy:175)
	at com.kms.katalon.core.webservice.keyword.WSBuiltInKeywords$verifyElementPropertyValue$0.call(Unknown Source)
	at 1. get token - data order.run(1. get token - data order:925)
	at com.kms.katalon.core.main.ScriptEngine.run(ScriptEngine.java:194)
	at com.kms.katalon.core.main.ScriptEngine.runScriptAsRawText(ScriptEngine.java:119)
	at com.kms.katalon.core.main.TestCaseExecutor.runScript(TestCaseExecutor.java:442)
	at com.kms.katalon.core.main.TestCaseExecutor.doExecute(TestCaseExecutor.java:433)
	at com.kms.katalon.core.main.TestCaseExecutor.processExecutionPhase(TestCaseExecutor.java:412)
	at com.kms.katalon.core.main.TestCaseExecutor.accessMainPhase(TestCaseExecutor.java:404)
	at com.kms.katalon.core.main.TestCaseExecutor.execute(TestCaseExecutor.java:281)
	at com.kms.katalon.core.main.TestSuiteExecutor.accessTestCaseMainPhase(TestSuiteExecutor.java:202)
	at com.kms.katalon.core.main.TestSuiteExecutor.accessTestSuiteMainPhase(TestSuiteExecutor.java:164)
	at com.kms.katalon.core.main.TestSuiteExecutor.execute(TestSuiteExecutor.java:105)
	at com.kms.katalon.core.main.TestCaseMain.startTestSuite(TestCaseMain.java:181)
	at com.kms.katalon.core.main.TestCaseMain$startTestSuite$0.call(Unknown Source)
	at TempTestSuite1648100878643.run(TempTestSuite1648100878643.groovy:36)
)

2022-03-24 12:49:28 - [MESSAGE][FAILED] - Unable to verify element property value (Root cause: java.lang.NullPointerException: Cannot get property 'TJH' on null object
	at Script1.run(Script1.groovy:1)
	at com.kms.katalon.core.webservice.helper.WebServiceCommonHelper.parseAndGetPropertyValueForJson(WebServiceCommonHelper.java:213)
	at com.kms.katalon.core.webservice.keyword.builtin.VerifyElementPropertyValueKeyword$_verifyElementPropertyValue_closure1.doCall(VerifyElementPropertyValueKeyword.groovy:52)
	at com.kms.katalon.core.webservice.keyword.builtin.VerifyElementPropertyValueKeyword$_verifyElementPropertyValue_closure1.call(VerifyElementPropertyValueKeyword.groovy)
	at com.kms.katalon.core.keyword.internal.KeywordMain.runKeyword(KeywordMain.groovy:74)
	at com.kms.katalon.core.webservice.keyword.builtin.VerifyElementPropertyValueKeyword.verifyElementPropertyValue(VerifyElementPropertyValueKeyword.groovy:48)
	at com.kms.katalon.core.webservice.keyword.builtin.VerifyElementPropertyValueKeyword.execute(VerifyElementPropertyValueKeyword.groovy:43)
	at com.kms.katalon.core.keyword.internal.KeywordExecutor.executeKeywordForPlatform(KeywordExecutor.groovy:74)
	at com.kms.katalon.core.webservice.keyword.WSBuiltInKeywords.verifyElementPropertyValue(WSBuiltInKeywords.groovy:175)
	at com.kms.katalon.core.webservice.keyword.WSBuiltInKeywords$verifyElementPropertyValue$0.call(Unknown Source)
	at 1. get token - data order.run(1. get token - data order:925)
	at com.kms.katalon.core.main.ScriptEngine.run(ScriptEngine.java:194)
	at com.kms.katalon.core.main.ScriptEngine.runScriptAsRawText(ScriptEngine.java:119)
	at com.kms.katalon.core.main.TestCaseExecutor.runScript(TestCaseExecutor.java:442)
	at com.kms.katalon.core.main.TestCaseExecutor.doExecute(TestCaseExecutor.java:433)
	at com.kms.katalon.core.main.TestCaseExecutor.processExecutionPhase(TestCaseExecutor.java:412)
	at com.kms.katalon.core.main.TestCaseExecutor.accessMainPhase(TestCaseExecutor.java:404)
	at com.kms.katalon.core.main.TestCaseExecutor.execute(TestCaseExecutor.java:281)
	at com.kms.katalon.core.main.TestSuiteExecutor.accessTestCaseMainPhase(TestSuiteExecutor.java:202)
	at com.kms.katalon.core.main.TestSuiteExecutor.accessTestSuiteMainPhase(TestSuiteExecutor.java:164)
	at com.kms.katalon.core.main.TestSuiteExecutor.execute(TestSuiteExecutor.java:105)
	at com.kms.katalon.core.main.TestCaseMain.startTestSuite(TestCaseMain.java:181)
	at com.kms.katalon.core.main.TestCaseMain$startTestSuite$0.call(Unknown Source)
	at TempTestSuite1648100878643.run(TempTestSuite1648100878643.groovy:36)
)

2022-03-24 12:49:28 - [TEST_STEP][FAILED] - verifyElementPropertyValue(order, "GetDataOrderResponse.ListDataOrder[0].InsuranceData[3].InsuredValue", o_ins_val_3, CONTINUE_ON_FAILURE): Unable to verify element property value (Root cause: java.lang.NullPointerException: Cannot get property 'InsuredValue' on null object
	at Script1.run(Script1.groovy:1)
	at com.kms.katalon.core.webservice.helper.WebServiceCommonHelper.parseAndGetPropertyValueForJson(WebServiceCommonHelper.java:213)
	at com.kms.katalon.core.webservice.keyword.builtin.VerifyElementPropertyValueKeyword$_verifyElementPropertyValue_closure1.doCall(VerifyElementPropertyValueKeyword.groovy:52)
	at com.kms.katalon.core.webservice.keyword.builtin.VerifyElementPropertyValueKeyword$_verifyElementPropertyValue_closure1.call(VerifyElementPropertyValueKeyword.groovy)
	at com.kms.katalon.core.keyword.internal.KeywordMain.runKeyword(KeywordMain.groovy:74)
	at com.kms.katalon.core.webservice.keyword.builtin.VerifyElementPropertyValueKeyword.verifyElementPropertyValue(VerifyElementPropertyValueKeyword.groovy:48)
	at com.kms.katalon.core.webservice.keyword.builtin.VerifyElementPropertyValueKeyword.execute(VerifyElementPropertyValueKeyword.groovy:43)
	at com.kms.katalon.core.keyword.internal.KeywordExecutor.executeKeywordForPlatform(KeywordExecutor.groovy:74)
	at com.kms.katalon.core.webservice.keyword.WSBuiltInKeywords.verifyElementPropertyValue(WSBuiltInKeywords.groovy:175)
	at com.kms.katalon.core.webservice.keyword.WSBuiltInKeywords$verifyElementPropertyValue$0.call(Unknown Source)
	at 1. get token - data order.run(1. get token - data order:927)
	at com.kms.katalon.core.main.ScriptEngine.run(ScriptEngine.java:194)
	at com.kms.katalon.core.main.ScriptEngine.runScriptAsRawText(ScriptEngine.java:119)
	at com.kms.katalon.core.main.TestCaseExecutor.runScript(TestCaseExecutor.java:442)
	at com.kms.katalon.core.main.TestCaseExecutor.doExecute(TestCaseExecutor.java:433)
	at com.kms.katalon.core.main.TestCaseExecutor.processExecutionPhase(TestCaseExecutor.java:412)
	at com.kms.katalon.core.main.TestCaseExecutor.accessMainPhase(TestCaseExecutor.java:404)
	at com.kms.katalon.core.main.TestCaseExecutor.execute(TestCaseExecutor.java:281)
	at com.kms.katalon.core.main.TestSuiteExecutor.accessTestCaseMainPhase(TestSuiteExecutor.java:202)
	at com.kms.katalon.core.main.TestSuiteExecutor.accessTestSuiteMainPhase(TestSuiteExecutor.java:164)
	at com.kms.katalon.core.main.TestSuiteExecutor.execute(TestSuiteExecutor.java:105)
	at com.kms.katalon.core.main.TestCaseMain.startTestSuite(TestCaseMain.java:181)
	at com.kms.katalon.core.main.TestCaseMain$startTestSuite$0.call(Unknown Source)
	at TempTestSuite1648100878643.run(TempTestSuite1648100878643.groovy:36)
)

2022-03-24 12:49:28 - [MESSAGE][FAILED] - Unable to verify element property value (Root cause: java.lang.NullPointerException: Cannot get property 'InsuredValue' on null object
	at Script1.run(Script1.groovy:1)
	at com.kms.katalon.core.webservice.helper.WebServiceCommonHelper.parseAndGetPropertyValueForJson(WebServiceCommonHelper.java:213)
	at com.kms.katalon.core.webservice.keyword.builtin.VerifyElementPropertyValueKeyword$_verifyElementPropertyValue_closure1.doCall(VerifyElementPropertyValueKeyword.groovy:52)
	at com.kms.katalon.core.webservice.keyword.builtin.VerifyElementPropertyValueKeyword$_verifyElementPropertyValue_closure1.call(VerifyElementPropertyValueKeyword.groovy)
	at com.kms.katalon.core.keyword.internal.KeywordMain.runKeyword(KeywordMain.groovy:74)
	at com.kms.katalon.core.webservice.keyword.builtin.VerifyElementPropertyValueKeyword.verifyElementPropertyValue(VerifyElementPropertyValueKeyword.groovy:48)
	at com.kms.katalon.core.webservice.keyword.builtin.VerifyElementPropertyValueKeyword.execute(VerifyElementPropertyValueKeyword.groovy:43)
	at com.kms.katalon.core.keyword.internal.KeywordExecutor.executeKeywordForPlatform(KeywordExecutor.groovy:74)
	at com.kms.katalon.core.webservice.keyword.WSBuiltInKeywords.verifyElementPropertyValue(WSBuiltInKeywords.groovy:175)
	at com.kms.katalon.core.webservice.keyword.WSBuiltInKeywords$verifyElementPropertyValue$0.call(Unknown Source)
	at 1. get token - data order.run(1. get token - data order:927)
	at com.kms.katalon.core.main.ScriptEngine.run(ScriptEngine.java:194)
	at com.kms.katalon.core.main.ScriptEngine.runScriptAsRawText(ScriptEngine.java:119)
	at com.kms.katalon.core.main.TestCaseExecutor.runScript(TestCaseExecutor.java:442)
	at com.kms.katalon.core.main.TestCaseExecutor.doExecute(TestCaseExecutor.java:433)
	at com.kms.katalon.core.main.TestCaseExecutor.processExecutionPhase(TestCaseExecutor.java:412)
	at com.kms.katalon.core.main.TestCaseExecutor.accessMainPhase(TestCaseExecutor.java:404)
	at com.kms.katalon.core.main.TestCaseExecutor.execute(TestCaseExecutor.java:281)
	at com.kms.katalon.core.main.TestSuiteExecutor.accessTestCaseMainPhase(TestSuiteExecutor.java:202)
	at com.kms.katalon.core.main.TestSuiteExecutor.accessTestSuiteMainPhase(TestSuiteExecutor.java:164)
	at com.kms.katalon.core.main.TestSuiteExecutor.execute(TestSuiteExecutor.java:105)
	at com.kms.katalon.core.main.TestCaseMain.startTestSuite(TestCaseMain.java:181)
	at com.kms.katalon.core.main.TestCaseMain$startTestSuite$0.call(Unknown Source)
	at TempTestSuite1648100878643.run(TempTestSuite1648100878643.groovy:36)
)

2022-03-24 12:49:28 - [TEST_STEP][FAILED] - verifyElementPropertyValue(order, "GetDataOrderResponse.ListDataOrder[0].InsuranceData[3].InsuredFrom", o_ins_form_3, CONTINUE_ON_FAILURE): Unable to verify element property value (Root cause: java.lang.NullPointerException: Cannot get property 'InsuredFrom' on null object
	at Script1.run(Script1.groovy:1)
	at com.kms.katalon.core.webservice.helper.WebServiceCommonHelper.parseAndGetPropertyValueForJson(WebServiceCommonHelper.java:213)
	at com.kms.katalon.core.webservice.keyword.builtin.VerifyElementPropertyValueKeyword$_verifyElementPropertyValue_closure1.doCall(VerifyElementPropertyValueKeyword.groovy:52)
	at com.kms.katalon.core.webservice.keyword.builtin.VerifyElementPropertyValueKeyword$_verifyElementPropertyValue_closure1.call(VerifyElementPropertyValueKeyword.groovy)
	at com.kms.katalon.core.keyword.internal.KeywordMain.runKeyword(KeywordMain.groovy:74)
	at com.kms.katalon.core.webservice.keyword.builtin.VerifyElementPropertyValueKeyword.verifyElementPropertyValue(VerifyElementPropertyValueKeyword.groovy:48)
	at com.kms.katalon.core.webservice.keyword.builtin.VerifyElementPropertyValueKeyword.execute(VerifyElementPropertyValueKeyword.groovy:43)
	at com.kms.katalon.core.keyword.internal.KeywordExecutor.executeKeywordForPlatform(KeywordExecutor.groovy:74)
	at com.kms.katalon.core.webservice.keyword.WSBuiltInKeywords.verifyElementPropertyValue(WSBuiltInKeywords.groovy:175)
	at com.kms.katalon.core.webservice.keyword.WSBuiltInKeywords$verifyElementPropertyValue$0.call(Unknown Source)
	at 1. get token - data order.run(1. get token - data order:930)
	at com.kms.katalon.core.main.ScriptEngine.run(ScriptEngine.java:194)
	at com.kms.katalon.core.main.ScriptEngine.runScriptAsRawText(ScriptEngine.java:119)
	at com.kms.katalon.core.main.TestCaseExecutor.runScript(TestCaseExecutor.java:442)
	at com.kms.katalon.core.main.TestCaseExecutor.doExecute(TestCaseExecutor.java:433)
	at com.kms.katalon.core.main.TestCaseExecutor.processExecutionPhase(TestCaseExecutor.java:412)
	at com.kms.katalon.core.main.TestCaseExecutor.accessMainPhase(TestCaseExecutor.java:404)
	at com.kms.katalon.core.main.TestCaseExecutor.execute(TestCaseExecutor.java:281)
	at com.kms.katalon.core.main.TestSuiteExecutor.accessTestCaseMainPhase(TestSuiteExecutor.java:202)
	at com.kms.katalon.core.main.TestSuiteExecutor.accessTestSuiteMainPhase(TestSuiteExecutor.java:164)
	at com.kms.katalon.core.main.TestSuiteExecutor.execute(TestSuiteExecutor.java:105)
	at com.kms.katalon.core.main.TestCaseMain.startTestSuite(TestCaseMain.java:181)
	at com.kms.katalon.core.main.TestCaseMain$startTestSuite$0.call(Unknown Source)
	at TempTestSuite1648100878643.run(TempTestSuite1648100878643.groovy:36)
)

2022-03-24 12:49:28 - [MESSAGE][FAILED] - Unable to verify element property value (Root cause: java.lang.NullPointerException: Cannot get property 'InsuredFrom' on null object
	at Script1.run(Script1.groovy:1)
	at com.kms.katalon.core.webservice.helper.WebServiceCommonHelper.parseAndGetPropertyValueForJson(WebServiceCommonHelper.java:213)
	at com.kms.katalon.core.webservice.keyword.builtin.VerifyElementPropertyValueKeyword$_verifyElementPropertyValue_closure1.doCall(VerifyElementPropertyValueKeyword.groovy:52)
	at com.kms.katalon.core.webservice.keyword.builtin.VerifyElementPropertyValueKeyword$_verifyElementPropertyValue_closure1.call(VerifyElementPropertyValueKeyword.groovy)
	at com.kms.katalon.core.keyword.internal.KeywordMain.runKeyword(KeywordMain.groovy:74)
	at com.kms.katalon.core.webservice.keyword.builtin.VerifyElementPropertyValueKeyword.verifyElementPropertyValue(VerifyElementPropertyValueKeyword.groovy:48)
	at com.kms.katalon.core.webservice.keyword.builtin.VerifyElementPropertyValueKeyword.execute(VerifyElementPropertyValueKeyword.groovy:43)
	at com.kms.katalon.core.keyword.internal.KeywordExecutor.executeKeywordForPlatform(KeywordExecutor.groovy:74)
	at com.kms.katalon.core.webservice.keyword.WSBuiltInKeywords.verifyElementPropertyValue(WSBuiltInKeywords.groovy:175)
	at com.kms.katalon.core.webservice.keyword.WSBuiltInKeywords$verifyElementPropertyValue$0.call(Unknown Source)
	at 1. get token - data order.run(1. get token - data order:930)
	at com.kms.katalon.core.main.ScriptEngine.run(ScriptEngine.java:194)
	at com.kms.katalon.core.main.ScriptEngine.runScriptAsRawText(ScriptEngine.java:119)
	at com.kms.katalon.core.main.TestCaseExecutor.runScript(TestCaseExecutor.java:442)
	at com.kms.katalon.core.main.TestCaseExecutor.doExecute(TestCaseExecutor.java:433)
	at com.kms.katalon.core.main.TestCaseExecutor.processExecutionPhase(TestCaseExecutor.java:412)
	at com.kms.katalon.core.main.TestCaseExecutor.accessMainPhase(TestCaseExecutor.java:404)
	at com.kms.katalon.core.main.TestCaseExecutor.execute(TestCaseExecutor.java:281)
	at com.kms.katalon.core.main.TestSuiteExecutor.accessTestCaseMainPhase(TestSuiteExecutor.java:202)
	at com.kms.katalon.core.main.TestSuiteExecutor.accessTestSuiteMainPhase(TestSuiteExecutor.java:164)
	at com.kms.katalon.core.main.TestSuiteExecutor.execute(TestSuiteExecutor.java:105)
	at com.kms.katalon.core.main.TestCaseMain.startTestSuite(TestCaseMain.java:181)
	at com.kms.katalon.core.main.TestCaseMain$startTestSuite$0.call(Unknown Source)
	at TempTestSuite1648100878643.run(TempTestSuite1648100878643.groovy:36)
)

2022-03-24 12:49:28 - [TEST_STEP][FAILED] - verifyElementPropertyValue(order, "GetDataOrderResponse.ListDataOrder[0].InsuranceData[3].InsuredTo", o_ins_to_3, CONTINUE_ON_FAILURE): Unable to verify element property value (Root cause: java.lang.NullPointerException: Cannot get property 'InsuredTo' on null object
	at Script1.run(Script1.groovy:1)
	at com.kms.katalon.core.webservice.helper.WebServiceCommonHelper.parseAndGetPropertyValueForJson(WebServiceCommonHelper.java:213)
	at com.kms.katalon.core.webservice.keyword.builtin.VerifyElementPropertyValueKeyword$_verifyElementPropertyValue_closure1.doCall(VerifyElementPropertyValueKeyword.groovy:52)
	at com.kms.katalon.core.webservice.keyword.builtin.VerifyElementPropertyValueKeyword$_verifyElementPropertyValue_closure1.call(VerifyElementPropertyValueKeyword.groovy)
	at com.kms.katalon.core.keyword.internal.KeywordMain.runKeyword(KeywordMain.groovy:74)
	at com.kms.katalon.core.webservice.keyword.builtin.VerifyElementPropertyValueKeyword.verifyElementPropertyValue(VerifyElementPropertyValueKeyword.groovy:48)
	at com.kms.katalon.core.webservice.keyword.builtin.VerifyElementPropertyValueKeyword.execute(VerifyElementPropertyValueKeyword.groovy:43)
	at com.kms.katalon.core.keyword.internal.KeywordExecutor.executeKeywordForPlatform(KeywordExecutor.groovy:74)
	at com.kms.katalon.core.webservice.keyword.WSBuiltInKeywords.verifyElementPropertyValue(WSBuiltInKeywords.groovy:175)
	at com.kms.katalon.core.webservice.keyword.WSBuiltInKeywords$verifyElementPropertyValue$0.call(Unknown Source)
	at 1. get token - data order.run(1. get token - data order:933)
	at com.kms.katalon.core.main.ScriptEngine.run(ScriptEngine.java:194)
	at com.kms.katalon.core.main.ScriptEngine.runScriptAsRawText(ScriptEngine.java:119)
	at com.kms.katalon.core.main.TestCaseExecutor.runScript(TestCaseExecutor.java:442)
	at com.kms.katalon.core.main.TestCaseExecutor.doExecute(TestCaseExecutor.java:433)
	at com.kms.katalon.core.main.TestCaseExecutor.processExecutionPhase(TestCaseExecutor.java:412)
	at com.kms.katalon.core.main.TestCaseExecutor.accessMainPhase(TestCaseExecutor.java:404)
	at com.kms.katalon.core.main.TestCaseExecutor.execute(TestCaseExecutor.java:281)
	at com.kms.katalon.core.main.TestSuiteExecutor.accessTestCaseMainPhase(TestSuiteExecutor.java:202)
	at com.kms.katalon.core.main.TestSuiteExecutor.accessTestSuiteMainPhase(TestSuiteExecutor.java:164)
	at com.kms.katalon.core.main.TestSuiteExecutor.execute(TestSuiteExecutor.java:105)
	at com.kms.katalon.core.main.TestCaseMain.startTestSuite(TestCaseMain.java:181)
	at com.kms.katalon.core.main.TestCaseMain$startTestSuite$0.call(Unknown Source)
	at TempTestSuite1648100878643.run(TempTestSuite1648100878643.groovy:36)
)

2022-03-24 12:49:28 - [MESSAGE][FAILED] - Unable to verify element property value (Root cause: java.lang.NullPointerException: Cannot get property 'InsuredTo' on null object
	at Script1.run(Script1.groovy:1)
	at com.kms.katalon.core.webservice.helper.WebServiceCommonHelper.parseAndGetPropertyValueForJson(WebServiceCommonHelper.java:213)
	at com.kms.katalon.core.webservice.keyword.builtin.VerifyElementPropertyValueKeyword$_verifyElementPropertyValue_closure1.doCall(VerifyElementPropertyValueKeyword.groovy:52)
	at com.kms.katalon.core.webservice.keyword.builtin.VerifyElementPropertyValueKeyword$_verifyElementPropertyValue_closure1.call(VerifyElementPropertyValueKeyword.groovy)
	at com.kms.katalon.core.keyword.internal.KeywordMain.runKeyword(KeywordMain.groovy:74)
	at com.kms.katalon.core.webservice.keyword.builtin.VerifyElementPropertyValueKeyword.verifyElementPropertyValue(VerifyElementPropertyValueKeyword.groovy:48)
	at com.kms.katalon.core.webservice.keyword.builtin.VerifyElementPropertyValueKeyword.execute(VerifyElementPropertyValueKeyword.groovy:43)
	at com.kms.katalon.core.keyword.internal.KeywordExecutor.executeKeywordForPlatform(KeywordExecutor.groovy:74)
	at com.kms.katalon.core.webservice.keyword.WSBuiltInKeywords.verifyElementPropertyValue(WSBuiltInKeywords.groovy:175)
	at com.kms.katalon.core.webservice.keyword.WSBuiltInKeywords$verifyElementPropertyValue$0.call(Unknown Source)
	at 1. get token - data order.run(1. get token - data order:933)
	at com.kms.katalon.core.main.ScriptEngine.run(ScriptEngine.java:194)
	at com.kms.katalon.core.main.ScriptEngine.runScriptAsRawText(ScriptEngine.java:119)
	at com.kms.katalon.core.main.TestCaseExecutor.runScript(TestCaseExecutor.java:442)
	at com.kms.katalon.core.main.TestCaseExecutor.doExecute(TestCaseExecutor.java:433)
	at com.kms.katalon.core.main.TestCaseExecutor.processExecutionPhase(TestCaseExecutor.java:412)
	at com.kms.katalon.core.main.TestCaseExecutor.accessMainPhase(TestCaseExecutor.java:404)
	at com.kms.katalon.core.main.TestCaseExecutor.execute(TestCaseExecutor.java:281)
	at com.kms.katalon.core.main.TestSuiteExecutor.accessTestCaseMainPhase(TestSuiteExecutor.java:202)
	at com.kms.katalon.core.main.TestSuiteExecutor.accessTestSuiteMainPhase(TestSuiteExecutor.java:164)
	at com.kms.katalon.core.main.TestSuiteExecutor.execute(TestSuiteExecutor.java:105)
	at com.kms.katalon.core.main.TestCaseMain.startTestSuite(TestCaseMain.java:181)
	at com.kms.katalon.core.main.TestCaseMain$startTestSuite$0.call(Unknown Source)
	at TempTestSuite1648100878643.run(TempTestSuite1648100878643.groovy:36)
)

2022-03-24 12:49:28 - [TEST_STEP][FAILED] - verifyElementPropertyValue(order, "GetDataOrderResponse.ListDataOrder[0].InsuranceData[3].Rate", o_rate_3, CONTINUE_ON_FAILURE): Unable to verify element property value (Root cause: java.lang.NullPointerException: Cannot get property 'Rate' on null object
	at Script1.run(Script1.groovy:1)
	at com.kms.katalon.core.webservice.helper.WebServiceCommonHelper.parseAndGetPropertyValueForJson(WebServiceCommonHelper.java:213)
	at com.kms.katalon.core.webservice.keyword.builtin.VerifyElementPropertyValueKeyword$_verifyElementPropertyValue_closure1.doCall(VerifyElementPropertyValueKeyword.groovy:52)
	at com.kms.katalon.core.webservice.keyword.builtin.VerifyElementPropertyValueKeyword$_verifyElementPropertyValue_closure1.call(VerifyElementPropertyValueKeyword.groovy)
	at com.kms.katalon.core.keyword.internal.KeywordMain.runKeyword(KeywordMain.groovy:74)
	at com.kms.katalon.core.webservice.keyword.builtin.VerifyElementPropertyValueKeyword.verifyElementPropertyValue(VerifyElementPropertyValueKeyword.groovy:48)
	at com.kms.katalon.core.webservice.keyword.builtin.VerifyElementPropertyValueKeyword.execute(VerifyElementPropertyValueKeyword.groovy:43)
	at com.kms.katalon.core.keyword.internal.KeywordExecutor.executeKeywordForPlatform(KeywordExecutor.groovy:74)
	at com.kms.katalon.core.webservice.keyword.WSBuiltInKeywords.verifyElementPropertyValue(WSBuiltInKeywords.groovy:175)
	at com.kms.katalon.core.webservice.keyword.WSBuiltInKeywords$verifyElementPropertyValue$0.call(Unknown Source)
	at 1. get token - data order.run(1. get token - data order:936)
	at com.kms.katalon.core.main.ScriptEngine.run(ScriptEngine.java:194)
	at com.kms.katalon.core.main.ScriptEngine.runScriptAsRawText(ScriptEngine.java:119)
	at com.kms.katalon.core.main.TestCaseExecutor.runScript(TestCaseExecutor.java:442)
	at com.kms.katalon.core.main.TestCaseExecutor.doExecute(TestCaseExecutor.java:433)
	at com.kms.katalon.core.main.TestCaseExecutor.processExecutionPhase(TestCaseExecutor.java:412)
	at com.kms.katalon.core.main.TestCaseExecutor.accessMainPhase(TestCaseExecutor.java:404)
	at com.kms.katalon.core.main.TestCaseExecutor.execute(TestCaseExecutor.java:281)
	at com.kms.katalon.core.main.TestSuiteExecutor.accessTestCaseMainPhase(TestSuiteExecutor.java:202)
	at com.kms.katalon.core.main.TestSuiteExecutor.accessTestSuiteMainPhase(TestSuiteExecutor.java:164)
	at com.kms.katalon.core.main.TestSuiteExecutor.execute(TestSuiteExecutor.java:105)
	at com.kms.katalon.core.main.TestCaseMain.startTestSuite(TestCaseMain.java:181)
	at com.kms.katalon.core.main.TestCaseMain$startTestSuite$0.call(Unknown Source)
	at TempTestSuite1648100878643.run(TempTestSuite1648100878643.groovy:36)
)

2022-03-24 12:49:28 - [MESSAGE][FAILED] - Unable to verify element property value (Root cause: java.lang.NullPointerException: Cannot get property 'Rate' on null object
	at Script1.run(Script1.groovy:1)
	at com.kms.katalon.core.webservice.helper.WebServiceCommonHelper.parseAndGetPropertyValueForJson(WebServiceCommonHelper.java:213)
	at com.kms.katalon.core.webservice.keyword.builtin.VerifyElementPropertyValueKeyword$_verifyElementPropertyValue_closure1.doCall(VerifyElementPropertyValueKeyword.groovy:52)
	at com.kms.katalon.core.webservice.keyword.builtin.VerifyElementPropertyValueKeyword$_verifyElementPropertyValue_closure1.call(VerifyElementPropertyValueKeyword.groovy)
	at com.kms.katalon.core.keyword.internal.KeywordMain.runKeyword(KeywordMain.groovy:74)
	at com.kms.katalon.core.webservice.keyword.builtin.VerifyElementPropertyValueKeyword.verifyElementPropertyValue(VerifyElementPropertyValueKeyword.groovy:48)
	at com.kms.katalon.core.webservice.keyword.builtin.VerifyElementPropertyValueKeyword.execute(VerifyElementPropertyValueKeyword.groovy:43)
	at com.kms.katalon.core.keyword.internal.KeywordExecutor.executeKeywordForPlatform(KeywordExecutor.groovy:74)
	at com.kms.katalon.core.webservice.keyword.WSBuiltInKeywords.verifyElementPropertyValue(WSBuiltInKeywords.groovy:175)
	at com.kms.katalon.core.webservice.keyword.WSBuiltInKeywords$verifyElementPropertyValue$0.call(Unknown Source)
	at 1. get token - data order.run(1. get token - data order:936)
	at com.kms.katalon.core.main.ScriptEngine.run(ScriptEngine.java:194)
	at com.kms.katalon.core.main.ScriptEngine.runScriptAsRawText(ScriptEngine.java:119)
	at com.kms.katalon.core.main.TestCaseExecutor.runScript(TestCaseExecutor.java:442)
	at com.kms.katalon.core.main.TestCaseExecutor.doExecute(TestCaseExecutor.java:433)
	at com.kms.katalon.core.main.TestCaseExecutor.processExecutionPhase(TestCaseExecutor.java:412)
	at com.kms.katalon.core.main.TestCaseExecutor.accessMainPhase(TestCaseExecutor.java:404)
	at com.kms.katalon.core.main.TestCaseExecutor.execute(TestCaseExecutor.java:281)
	at com.kms.katalon.core.main.TestSuiteExecutor.accessTestCaseMainPhase(TestSuiteExecutor.java:202)
	at com.kms.katalon.core.main.TestSuiteExecutor.accessTestSuiteMainPhase(TestSuiteExecutor.java:164)
	at com.kms.katalon.core.main.TestSuiteExecutor.execute(TestSuiteExecutor.java:105)
	at com.kms.katalon.core.main.TestCaseMain.startTestSuite(TestCaseMain.java:181)
	at com.kms.katalon.core.main.TestCaseMain$startTestSuite$0.call(Unknown Source)
	at TempTestSuite1648100878643.run(TempTestSuite1648100878643.groovy:36)
)

2022-03-24 12:49:28 - [TEST_STEP][FAILED] - verifyElementPropertyValue(order, "GetDataOrderResponse.ListDataOrder[0].InsuranceData[3].GrossPremi", o_gross_premi_3, CONTINUE_ON_FAILURE): Unable to verify element property value (Root cause: java.lang.NullPointerException: Cannot get property 'GrossPremi' on null object
	at Script1.run(Script1.groovy:1)
	at com.kms.katalon.core.webservice.helper.WebServiceCommonHelper.parseAndGetPropertyValueForJson(WebServiceCommonHelper.java:213)
	at com.kms.katalon.core.webservice.keyword.builtin.VerifyElementPropertyValueKeyword$_verifyElementPropertyValue_closure1.doCall(VerifyElementPropertyValueKeyword.groovy:52)
	at com.kms.katalon.core.webservice.keyword.builtin.VerifyElementPropertyValueKeyword$_verifyElementPropertyValue_closure1.call(VerifyElementPropertyValueKeyword.groovy)
	at com.kms.katalon.core.keyword.internal.KeywordMain.runKeyword(KeywordMain.groovy:74)
	at com.kms.katalon.core.webservice.keyword.builtin.VerifyElementPropertyValueKeyword.verifyElementPropertyValue(VerifyElementPropertyValueKeyword.groovy:48)
	at com.kms.katalon.core.webservice.keyword.builtin.VerifyElementPropertyValueKeyword.execute(VerifyElementPropertyValueKeyword.groovy:43)
	at com.kms.katalon.core.keyword.internal.KeywordExecutor.executeKeywordForPlatform(KeywordExecutor.groovy:74)
	at com.kms.katalon.core.webservice.keyword.WSBuiltInKeywords.verifyElementPropertyValue(WSBuiltInKeywords.groovy:175)
	at com.kms.katalon.core.webservice.keyword.WSBuiltInKeywords$verifyElementPropertyValue$0.call(Unknown Source)
	at 1. get token - data order.run(1. get token - data order:938)
	at com.kms.katalon.core.main.ScriptEngine.run(ScriptEngine.java:194)
	at com.kms.katalon.core.main.ScriptEngine.runScriptAsRawText(ScriptEngine.java:119)
	at com.kms.katalon.core.main.TestCaseExecutor.runScript(TestCaseExecutor.java:442)
	at com.kms.katalon.core.main.TestCaseExecutor.doExecute(TestCaseExecutor.java:433)
	at com.kms.katalon.core.main.TestCaseExecutor.processExecutionPhase(TestCaseExecutor.java:412)
	at com.kms.katalon.core.main.TestCaseExecutor.accessMainPhase(TestCaseExecutor.java:404)
	at com.kms.katalon.core.main.TestCaseExecutor.execute(TestCaseExecutor.java:281)
	at com.kms.katalon.core.main.TestSuiteExecutor.accessTestCaseMainPhase(TestSuiteExecutor.java:202)
	at com.kms.katalon.core.main.TestSuiteExecutor.accessTestSuiteMainPhase(TestSuiteExecutor.java:164)
	at com.kms.katalon.core.main.TestSuiteExecutor.execute(TestSuiteExecutor.java:105)
	at com.kms.katalon.core.main.TestCaseMain.startTestSuite(TestCaseMain.java:181)
	at com.kms.katalon.core.main.TestCaseMain$startTestSuite$0.call(Unknown Source)
	at TempTestSuite1648100878643.run(TempTestSuite1648100878643.groovy:36)
)

2022-03-24 12:49:28 - [MESSAGE][FAILED] - Unable to verify element property value (Root cause: java.lang.NullPointerException: Cannot get property 'GrossPremi' on null object
	at Script1.run(Script1.groovy:1)
	at com.kms.katalon.core.webservice.helper.WebServiceCommonHelper.parseAndGetPropertyValueForJson(WebServiceCommonHelper.java:213)
	at com.kms.katalon.core.webservice.keyword.builtin.VerifyElementPropertyValueKeyword$_verifyElementPropertyValue_closure1.doCall(VerifyElementPropertyValueKeyword.groovy:52)
	at com.kms.katalon.core.webservice.keyword.builtin.VerifyElementPropertyValueKeyword$_verifyElementPropertyValue_closure1.call(VerifyElementPropertyValueKeyword.groovy)
	at com.kms.katalon.core.keyword.internal.KeywordMain.runKeyword(KeywordMain.groovy:74)
	at com.kms.katalon.core.webservice.keyword.builtin.VerifyElementPropertyValueKeyword.verifyElementPropertyValue(VerifyElementPropertyValueKeyword.groovy:48)
	at com.kms.katalon.core.webservice.keyword.builtin.VerifyElementPropertyValueKeyword.execute(VerifyElementPropertyValueKeyword.groovy:43)
	at com.kms.katalon.core.keyword.internal.KeywordExecutor.executeKeywordForPlatform(KeywordExecutor.groovy:74)
	at com.kms.katalon.core.webservice.keyword.WSBuiltInKeywords.verifyElementPropertyValue(WSBuiltInKeywords.groovy:175)
	at com.kms.katalon.core.webservice.keyword.WSBuiltInKeywords$verifyElementPropertyValue$0.call(Unknown Source)
	at 1. get token - data order.run(1. get token - data order:938)
	at com.kms.katalon.core.main.ScriptEngine.run(ScriptEngine.java:194)
	at com.kms.katalon.core.main.ScriptEngine.runScriptAsRawText(ScriptEngine.java:119)
	at com.kms.katalon.core.main.TestCaseExecutor.runScript(TestCaseExecutor.java:442)
	at com.kms.katalon.core.main.TestCaseExecutor.doExecute(TestCaseExecutor.java:433)
	at com.kms.katalon.core.main.TestCaseExecutor.processExecutionPhase(TestCaseExecutor.java:412)
	at com.kms.katalon.core.main.TestCaseExecutor.accessMainPhase(TestCaseExecutor.java:404)
	at com.kms.katalon.core.main.TestCaseExecutor.execute(TestCaseExecutor.java:281)
	at com.kms.katalon.core.main.TestSuiteExecutor.accessTestCaseMainPhase(TestSuiteExecutor.java:202)
	at com.kms.katalon.core.main.TestSuiteExecutor.accessTestSuiteMainPhase(TestSuiteExecutor.java:164)
	at com.kms.katalon.core.main.TestSuiteExecutor.execute(TestSuiteExecutor.java:105)
	at com.kms.katalon.core.main.TestCaseMain.startTestSuite(TestCaseMain.java:181)
	at com.kms.katalon.core.main.TestCaseMain$startTestSuite$0.call(Unknown Source)
	at TempTestSuite1648100878643.run(TempTestSuite1648100878643.groovy:36)
)

2022-03-24 12:49:28 - [TEST_STEP][FAILED] - verifyElementPropertyValue(order, "GetDataOrderResponse.ListDataOrder[0].InsuranceData[3].Discount", o_discount_3, CONTINUE_ON_FAILURE): Unable to verify element property value (Root cause: java.lang.NullPointerException: Cannot get property 'Discount' on null object
	at Script1.run(Script1.groovy:1)
	at com.kms.katalon.core.webservice.helper.WebServiceCommonHelper.parseAndGetPropertyValueForJson(WebServiceCommonHelper.java:213)
	at com.kms.katalon.core.webservice.keyword.builtin.VerifyElementPropertyValueKeyword$_verifyElementPropertyValue_closure1.doCall(VerifyElementPropertyValueKeyword.groovy:52)
	at com.kms.katalon.core.webservice.keyword.builtin.VerifyElementPropertyValueKeyword$_verifyElementPropertyValue_closure1.call(VerifyElementPropertyValueKeyword.groovy)
	at com.kms.katalon.core.keyword.internal.KeywordMain.runKeyword(KeywordMain.groovy:74)
	at com.kms.katalon.core.webservice.keyword.builtin.VerifyElementPropertyValueKeyword.verifyElementPropertyValue(VerifyElementPropertyValueKeyword.groovy:48)
	at com.kms.katalon.core.webservice.keyword.builtin.VerifyElementPropertyValueKeyword.execute(VerifyElementPropertyValueKeyword.groovy:43)
	at com.kms.katalon.core.keyword.internal.KeywordExecutor.executeKeywordForPlatform(KeywordExecutor.groovy:74)
	at com.kms.katalon.core.webservice.keyword.WSBuiltInKeywords.verifyElementPropertyValue(WSBuiltInKeywords.groovy:175)
	at com.kms.katalon.core.webservice.keyword.WSBuiltInKeywords$verifyElementPropertyValue$0.call(Unknown Source)
	at 1. get token - data order.run(1. get token - data order:941)
	at com.kms.katalon.core.main.ScriptEngine.run(ScriptEngine.java:194)
	at com.kms.katalon.core.main.ScriptEngine.runScriptAsRawText(ScriptEngine.java:119)
	at com.kms.katalon.core.main.TestCaseExecutor.runScript(TestCaseExecutor.java:442)
	at com.kms.katalon.core.main.TestCaseExecutor.doExecute(TestCaseExecutor.java:433)
	at com.kms.katalon.core.main.TestCaseExecutor.processExecutionPhase(TestCaseExecutor.java:412)
	at com.kms.katalon.core.main.TestCaseExecutor.accessMainPhase(TestCaseExecutor.java:404)
	at com.kms.katalon.core.main.TestCaseExecutor.execute(TestCaseExecutor.java:281)
	at com.kms.katalon.core.main.TestSuiteExecutor.accessTestCaseMainPhase(TestSuiteExecutor.java:202)
	at com.kms.katalon.core.main.TestSuiteExecutor.accessTestSuiteMainPhase(TestSuiteExecutor.java:164)
	at com.kms.katalon.core.main.TestSuiteExecutor.execute(TestSuiteExecutor.java:105)
	at com.kms.katalon.core.main.TestCaseMain.startTestSuite(TestCaseMain.java:181)
	at com.kms.katalon.core.main.TestCaseMain$startTestSuite$0.call(Unknown Source)
	at TempTestSuite1648100878643.run(TempTestSuite1648100878643.groovy:36)
)

2022-03-24 12:49:28 - [MESSAGE][FAILED] - Unable to verify element property value (Root cause: java.lang.NullPointerException: Cannot get property 'Discount' on null object
	at Script1.run(Script1.groovy:1)
	at com.kms.katalon.core.webservice.helper.WebServiceCommonHelper.parseAndGetPropertyValueForJson(WebServiceCommonHelper.java:213)
	at com.kms.katalon.core.webservice.keyword.builtin.VerifyElementPropertyValueKeyword$_verifyElementPropertyValue_closure1.doCall(VerifyElementPropertyValueKeyword.groovy:52)
	at com.kms.katalon.core.webservice.keyword.builtin.VerifyElementPropertyValueKeyword$_verifyElementPropertyValue_closure1.call(VerifyElementPropertyValueKeyword.groovy)
	at com.kms.katalon.core.keyword.internal.KeywordMain.runKeyword(KeywordMain.groovy:74)
	at com.kms.katalon.core.webservice.keyword.builtin.VerifyElementPropertyValueKeyword.verifyElementPropertyValue(VerifyElementPropertyValueKeyword.groovy:48)
	at com.kms.katalon.core.webservice.keyword.builtin.VerifyElementPropertyValueKeyword.execute(VerifyElementPropertyValueKeyword.groovy:43)
	at com.kms.katalon.core.keyword.internal.KeywordExecutor.executeKeywordForPlatform(KeywordExecutor.groovy:74)
	at com.kms.katalon.core.webservice.keyword.WSBuiltInKeywords.verifyElementPropertyValue(WSBuiltInKeywords.groovy:175)
	at com.kms.katalon.core.webservice.keyword.WSBuiltInKeywords$verifyElementPropertyValue$0.call(Unknown Source)
	at 1. get token - data order.run(1. get token - data order:941)
	at com.kms.katalon.core.main.ScriptEngine.run(ScriptEngine.java:194)
	at com.kms.katalon.core.main.ScriptEngine.runScriptAsRawText(ScriptEngine.java:119)
	at com.kms.katalon.core.main.TestCaseExecutor.runScript(TestCaseExecutor.java:442)
	at com.kms.katalon.core.main.TestCaseExecutor.doExecute(TestCaseExecutor.java:433)
	at com.kms.katalon.core.main.TestCaseExecutor.processExecutionPhase(TestCaseExecutor.java:412)
	at com.kms.katalon.core.main.TestCaseExecutor.accessMainPhase(TestCaseExecutor.java:404)
	at com.kms.katalon.core.main.TestCaseExecutor.execute(TestCaseExecutor.java:281)
	at com.kms.katalon.core.main.TestSuiteExecutor.accessTestCaseMainPhase(TestSuiteExecutor.java:202)
	at com.kms.katalon.core.main.TestSuiteExecutor.accessTestSuiteMainPhase(TestSuiteExecutor.java:164)
	at com.kms.katalon.core.main.TestSuiteExecutor.execute(TestSuiteExecutor.java:105)
	at com.kms.katalon.core.main.TestCaseMain.startTestSuite(TestCaseMain.java:181)
	at com.kms.katalon.core.main.TestCaseMain$startTestSuite$0.call(Unknown Source)
	at TempTestSuite1648100878643.run(TempTestSuite1648100878643.groovy:36)
)

2022-03-24 12:49:28 - [TEST_STEP][FAILED] - verifyElementPropertyValue(order, "GetDataOrderResponse.ListDataOrder[0].InsuranceData[3].Adm", o_adm_3, CONTINUE_ON_FAILURE): Unable to verify element property value (Root cause: java.lang.NullPointerException: Cannot get property 'Adm' on null object
	at Script1.run(Script1.groovy:1)
	at com.kms.katalon.core.webservice.helper.WebServiceCommonHelper.parseAndGetPropertyValueForJson(WebServiceCommonHelper.java:213)
	at com.kms.katalon.core.webservice.keyword.builtin.VerifyElementPropertyValueKeyword$_verifyElementPropertyValue_closure1.doCall(VerifyElementPropertyValueKeyword.groovy:52)
	at com.kms.katalon.core.webservice.keyword.builtin.VerifyElementPropertyValueKeyword$_verifyElementPropertyValue_closure1.call(VerifyElementPropertyValueKeyword.groovy)
	at com.kms.katalon.core.keyword.internal.KeywordMain.runKeyword(KeywordMain.groovy:74)
	at com.kms.katalon.core.webservice.keyword.builtin.VerifyElementPropertyValueKeyword.verifyElementPropertyValue(VerifyElementPropertyValueKeyword.groovy:48)
	at com.kms.katalon.core.webservice.keyword.builtin.VerifyElementPropertyValueKeyword.execute(VerifyElementPropertyValueKeyword.groovy:43)
	at com.kms.katalon.core.keyword.internal.KeywordExecutor.executeKeywordForPlatform(KeywordExecutor.groovy:74)
	at com.kms.katalon.core.webservice.keyword.WSBuiltInKeywords.verifyElementPropertyValue(WSBuiltInKeywords.groovy:175)
	at com.kms.katalon.core.webservice.keyword.WSBuiltInKeywords$verifyElementPropertyValue$0.call(Unknown Source)
	at 1. get token - data order.run(1. get token - data order:944)
	at com.kms.katalon.core.main.ScriptEngine.run(ScriptEngine.java:194)
	at com.kms.katalon.core.main.ScriptEngine.runScriptAsRawText(ScriptEngine.java:119)
	at com.kms.katalon.core.main.TestCaseExecutor.runScript(TestCaseExecutor.java:442)
	at com.kms.katalon.core.main.TestCaseExecutor.doExecute(TestCaseExecutor.java:433)
	at com.kms.katalon.core.main.TestCaseExecutor.processExecutionPhase(TestCaseExecutor.java:412)
	at com.kms.katalon.core.main.TestCaseExecutor.accessMainPhase(TestCaseExecutor.java:404)
	at com.kms.katalon.core.main.TestCaseExecutor.execute(TestCaseExecutor.java:281)
	at com.kms.katalon.core.main.TestSuiteExecutor.accessTestCaseMainPhase(TestSuiteExecutor.java:202)
	at com.kms.katalon.core.main.TestSuiteExecutor.accessTestSuiteMainPhase(TestSuiteExecutor.java:164)
	at com.kms.katalon.core.main.TestSuiteExecutor.execute(TestSuiteExecutor.java:105)
	at com.kms.katalon.core.main.TestCaseMain.startTestSuite(TestCaseMain.java:181)
	at com.kms.katalon.core.main.TestCaseMain$startTestSuite$0.call(Unknown Source)
	at TempTestSuite1648100878643.run(TempTestSuite1648100878643.groovy:36)
)

2022-03-24 12:49:28 - [MESSAGE][FAILED] - Unable to verify element property value (Root cause: java.lang.NullPointerException: Cannot get property 'Adm' on null object
	at Script1.run(Script1.groovy:1)
	at com.kms.katalon.core.webservice.helper.WebServiceCommonHelper.parseAndGetPropertyValueForJson(WebServiceCommonHelper.java:213)
	at com.kms.katalon.core.webservice.keyword.builtin.VerifyElementPropertyValueKeyword$_verifyElementPropertyValue_closure1.doCall(VerifyElementPropertyValueKeyword.groovy:52)
	at com.kms.katalon.core.webservice.keyword.builtin.VerifyElementPropertyValueKeyword$_verifyElementPropertyValue_closure1.call(VerifyElementPropertyValueKeyword.groovy)
	at com.kms.katalon.core.keyword.internal.KeywordMain.runKeyword(KeywordMain.groovy:74)
	at com.kms.katalon.core.webservice.keyword.builtin.VerifyElementPropertyValueKeyword.verifyElementPropertyValue(VerifyElementPropertyValueKeyword.groovy:48)
	at com.kms.katalon.core.webservice.keyword.builtin.VerifyElementPropertyValueKeyword.execute(VerifyElementPropertyValueKeyword.groovy:43)
	at com.kms.katalon.core.keyword.internal.KeywordExecutor.executeKeywordForPlatform(KeywordExecutor.groovy:74)
	at com.kms.katalon.core.webservice.keyword.WSBuiltInKeywords.verifyElementPropertyValue(WSBuiltInKeywords.groovy:175)
	at com.kms.katalon.core.webservice.keyword.WSBuiltInKeywords$verifyElementPropertyValue$0.call(Unknown Source)
	at 1. get token - data order.run(1. get token - data order:944)
	at com.kms.katalon.core.main.ScriptEngine.run(ScriptEngine.java:194)
	at com.kms.katalon.core.main.ScriptEngine.runScriptAsRawText(ScriptEngine.java:119)
	at com.kms.katalon.core.main.TestCaseExecutor.runScript(TestCaseExecutor.java:442)
	at com.kms.katalon.core.main.TestCaseExecutor.doExecute(TestCaseExecutor.java:433)
	at com.kms.katalon.core.main.TestCaseExecutor.processExecutionPhase(TestCaseExecutor.java:412)
	at com.kms.katalon.core.main.TestCaseExecutor.accessMainPhase(TestCaseExecutor.java:404)
	at com.kms.katalon.core.main.TestCaseExecutor.execute(TestCaseExecutor.java:281)
	at com.kms.katalon.core.main.TestSuiteExecutor.accessTestCaseMainPhase(TestSuiteExecutor.java:202)
	at com.kms.katalon.core.main.TestSuiteExecutor.accessTestSuiteMainPhase(TestSuiteExecutor.java:164)
	at com.kms.katalon.core.main.TestSuiteExecutor.execute(TestSuiteExecutor.java:105)
	at com.kms.katalon.core.main.TestCaseMain.startTestSuite(TestCaseMain.java:181)
	at com.kms.katalon.core.main.TestCaseMain$startTestSuite$0.call(Unknown Source)
	at TempTestSuite1648100878643.run(TempTestSuite1648100878643.groovy:36)
)

2022-03-24 12:49:28 - [TEST_STEP][FAILED] - verifyElementPropertyValue(order, "GetDataOrderResponse.ListDataOrder[0].InsuranceData[3].NetPremi", o_netpremi_3, CONTINUE_ON_FAILURE): Unable to verify element property value (Root cause: java.lang.NullPointerException: Cannot get property 'NetPremi' on null object
	at Script1.run(Script1.groovy:1)
	at com.kms.katalon.core.webservice.helper.WebServiceCommonHelper.parseAndGetPropertyValueForJson(WebServiceCommonHelper.java:213)
	at com.kms.katalon.core.webservice.keyword.builtin.VerifyElementPropertyValueKeyword$_verifyElementPropertyValue_closure1.doCall(VerifyElementPropertyValueKeyword.groovy:52)
	at com.kms.katalon.core.webservice.keyword.builtin.VerifyElementPropertyValueKeyword$_verifyElementPropertyValue_closure1.call(VerifyElementPropertyValueKeyword.groovy)
	at com.kms.katalon.core.keyword.internal.KeywordMain.runKeyword(KeywordMain.groovy:74)
	at com.kms.katalon.core.webservice.keyword.builtin.VerifyElementPropertyValueKeyword.verifyElementPropertyValue(VerifyElementPropertyValueKeyword.groovy:48)
	at com.kms.katalon.core.webservice.keyword.builtin.VerifyElementPropertyValueKeyword.execute(VerifyElementPropertyValueKeyword.groovy:43)
	at com.kms.katalon.core.keyword.internal.KeywordExecutor.executeKeywordForPlatform(KeywordExecutor.groovy:74)
	at com.kms.katalon.core.webservice.keyword.WSBuiltInKeywords.verifyElementPropertyValue(WSBuiltInKeywords.groovy:175)
	at com.kms.katalon.core.webservice.keyword.WSBuiltInKeywords$verifyElementPropertyValue$0.call(Unknown Source)
	at 1. get token - data order.run(1. get token - data order:946)
	at com.kms.katalon.core.main.ScriptEngine.run(ScriptEngine.java:194)
	at com.kms.katalon.core.main.ScriptEngine.runScriptAsRawText(ScriptEngine.java:119)
	at com.kms.katalon.core.main.TestCaseExecutor.runScript(TestCaseExecutor.java:442)
	at com.kms.katalon.core.main.TestCaseExecutor.doExecute(TestCaseExecutor.java:433)
	at com.kms.katalon.core.main.TestCaseExecutor.processExecutionPhase(TestCaseExecutor.java:412)
	at com.kms.katalon.core.main.TestCaseExecutor.accessMainPhase(TestCaseExecutor.java:404)
	at com.kms.katalon.core.main.TestCaseExecutor.execute(TestCaseExecutor.java:281)
	at com.kms.katalon.core.main.TestSuiteExecutor.accessTestCaseMainPhase(TestSuiteExecutor.java:202)
	at com.kms.katalon.core.main.TestSuiteExecutor.accessTestSuiteMainPhase(TestSuiteExecutor.java:164)
	at com.kms.katalon.core.main.TestSuiteExecutor.execute(TestSuiteExecutor.java:105)
	at com.kms.katalon.core.main.TestCaseMain.startTestSuite(TestCaseMain.java:181)
	at com.kms.katalon.core.main.TestCaseMain$startTestSuite$0.call(Unknown Source)
	at TempTestSuite1648100878643.run(TempTestSuite1648100878643.groovy:36)
)

2022-03-24 12:49:28 - [MESSAGE][FAILED] - Unable to verify element property value (Root cause: java.lang.NullPointerException: Cannot get property 'NetPremi' on null object
	at Script1.run(Script1.groovy:1)
	at com.kms.katalon.core.webservice.helper.WebServiceCommonHelper.parseAndGetPropertyValueForJson(WebServiceCommonHelper.java:213)
	at com.kms.katalon.core.webservice.keyword.builtin.VerifyElementPropertyValueKeyword$_verifyElementPropertyValue_closure1.doCall(VerifyElementPropertyValueKeyword.groovy:52)
	at com.kms.katalon.core.webservice.keyword.builtin.VerifyElementPropertyValueKeyword$_verifyElementPropertyValue_closure1.call(VerifyElementPropertyValueKeyword.groovy)
	at com.kms.katalon.core.keyword.internal.KeywordMain.runKeyword(KeywordMain.groovy:74)
	at com.kms.katalon.core.webservice.keyword.builtin.VerifyElementPropertyValueKeyword.verifyElementPropertyValue(VerifyElementPropertyValueKeyword.groovy:48)
	at com.kms.katalon.core.webservice.keyword.builtin.VerifyElementPropertyValueKeyword.execute(VerifyElementPropertyValueKeyword.groovy:43)
	at com.kms.katalon.core.keyword.internal.KeywordExecutor.executeKeywordForPlatform(KeywordExecutor.groovy:74)
	at com.kms.katalon.core.webservice.keyword.WSBuiltInKeywords.verifyElementPropertyValue(WSBuiltInKeywords.groovy:175)
	at com.kms.katalon.core.webservice.keyword.WSBuiltInKeywords$verifyElementPropertyValue$0.call(Unknown Source)
	at 1. get token - data order.run(1. get token - data order:946)
	at com.kms.katalon.core.main.ScriptEngine.run(ScriptEngine.java:194)
	at com.kms.katalon.core.main.ScriptEngine.runScriptAsRawText(ScriptEngine.java:119)
	at com.kms.katalon.core.main.TestCaseExecutor.runScript(TestCaseExecutor.java:442)
	at com.kms.katalon.core.main.TestCaseExecutor.doExecute(TestCaseExecutor.java:433)
	at com.kms.katalon.core.main.TestCaseExecutor.processExecutionPhase(TestCaseExecutor.java:412)
	at com.kms.katalon.core.main.TestCaseExecutor.accessMainPhase(TestCaseExecutor.java:404)
	at com.kms.katalon.core.main.TestCaseExecutor.execute(TestCaseExecutor.java:281)
	at com.kms.katalon.core.main.TestSuiteExecutor.accessTestCaseMainPhase(TestSuiteExecutor.java:202)
	at com.kms.katalon.core.main.TestSuiteExecutor.accessTestSuiteMainPhase(TestSuiteExecutor.java:164)
	at com.kms.katalon.core.main.TestSuiteExecutor.execute(TestSuiteExecutor.java:105)
	at com.kms.katalon.core.main.TestCaseMain.startTestSuite(TestCaseMain.java:181)
	at com.kms.katalon.core.main.TestCaseMain$startTestSuite$0.call(Unknown Source)
	at TempTestSuite1648100878643.run(TempTestSuite1648100878643.groovy:36)
)

2022-03-24 12:50:13 - [TEST_STEP][FAILED] - verifyElementPropertyValue(order, "GetDataOrderResponse.ListDataOrder[0].InsuranceData[3].PerluasanJaminan.TJH", o_tjh_val_3, CONTINUE_ON_FAILURE): Unable to verify element property value (Root cause: java.lang.NullPointerException: Cannot get property 'PerluasanJaminan' on null object
	at Script1.run(Script1.groovy:1)
	at com.kms.katalon.core.webservice.helper.WebServiceCommonHelper.parseAndGetPropertyValueForJson(WebServiceCommonHelper.java:213)
	at com.kms.katalon.core.webservice.keyword.builtin.VerifyElementPropertyValueKeyword$_verifyElementPropertyValue_closure1.doCall(VerifyElementPropertyValueKeyword.groovy:52)
	at com.kms.katalon.core.webservice.keyword.builtin.VerifyElementPropertyValueKeyword$_verifyElementPropertyValue_closure1.call(VerifyElementPropertyValueKeyword.groovy)
	at com.kms.katalon.core.keyword.internal.KeywordMain.runKeyword(KeywordMain.groovy:74)
	at com.kms.katalon.core.webservice.keyword.builtin.VerifyElementPropertyValueKeyword.verifyElementPropertyValue(VerifyElementPropertyValueKeyword.groovy:48)
	at com.kms.katalon.core.webservice.keyword.builtin.VerifyElementPropertyValueKeyword.execute(VerifyElementPropertyValueKeyword.groovy:43)
	at com.kms.katalon.core.keyword.internal.KeywordExecutor.executeKeywordForPlatform(KeywordExecutor.groovy:74)
	at com.kms.katalon.core.webservice.keyword.WSBuiltInKeywords.verifyElementPropertyValue(WSBuiltInKeywords.groovy:175)
	at com.kms.katalon.core.webservice.keyword.WSBuiltInKeywords$verifyElementPropertyValue$0.call(Unknown Source)
	at 1. get token - data order.run(1. get token - data order:949)
	at com.kms.katalon.core.main.ScriptEngine.run(ScriptEngine.java:194)
	at com.kms.katalon.core.main.ScriptEngine.runScriptAsRawText(ScriptEngine.java:119)
	at com.kms.katalon.core.main.TestCaseExecutor.runScript(TestCaseExecutor.java:442)
	at com.kms.katalon.core.main.TestCaseExecutor.doExecute(TestCaseExecutor.java:433)
	at com.kms.katalon.core.main.TestCaseExecutor.processExecutionPhase(TestCaseExecutor.java:412)
	at com.kms.katalon.core.main.TestCaseExecutor.accessMainPhase(TestCaseExecutor.java:404)
	at com.kms.katalon.core.main.TestCaseExecutor.execute(TestCaseExecutor.java:281)
	at com.kms.katalon.core.main.TestSuiteExecutor.accessTestCaseMainPhase(TestSuiteExecutor.java:202)
	at com.kms.katalon.core.main.TestSuiteExecutor.accessTestSuiteMainPhase(TestSuiteExecutor.java:164)
	at com.kms.katalon.core.main.TestSuiteExecutor.execute(TestSuiteExecutor.java:105)
	at com.kms.katalon.core.main.TestCaseMain.startTestSuite(TestCaseMain.java:181)
	at com.kms.katalon.core.main.TestCaseMain$startTestSuite$0.call(Unknown Source)
	at TempTestSuite1648100878643.run(TempTestSuite1648100878643.groovy:36)
)

2022-03-24 12:50:13 - [MESSAGE][FAILED] - Unable to verify element property value (Root cause: java.lang.NullPointerException: Cannot get property 'PerluasanJaminan' on null object
	at Script1.run(Script1.groovy:1)
	at com.kms.katalon.core.webservice.helper.WebServiceCommonHelper.parseAndGetPropertyValueForJson(WebServiceCommonHelper.java:213)
	at com.kms.katalon.core.webservice.keyword.builtin.VerifyElementPropertyValueKeyword$_verifyElementPropertyValue_closure1.doCall(VerifyElementPropertyValueKeyword.groovy:52)
	at com.kms.katalon.core.webservice.keyword.builtin.VerifyElementPropertyValueKeyword$_verifyElementPropertyValue_closure1.call(VerifyElementPropertyValueKeyword.groovy)
	at com.kms.katalon.core.keyword.internal.KeywordMain.runKeyword(KeywordMain.groovy:74)
	at com.kms.katalon.core.webservice.keyword.builtin.VerifyElementPropertyValueKeyword.verifyElementPropertyValue(VerifyElementPropertyValueKeyword.groovy:48)
	at com.kms.katalon.core.webservice.keyword.builtin.VerifyElementPropertyValueKeyword.execute(VerifyElementPropertyValueKeyword.groovy:43)
	at com.kms.katalon.core.keyword.internal.KeywordExecutor.executeKeywordForPlatform(KeywordExecutor.groovy:74)
	at com.kms.katalon.core.webservice.keyword.WSBuiltInKeywords.verifyElementPropertyValue(WSBuiltInKeywords.groovy:175)
	at com.kms.katalon.core.webservice.keyword.WSBuiltInKeywords$verifyElementPropertyValue$0.call(Unknown Source)
	at 1. get token - data order.run(1. get token - data order:949)
	at com.kms.katalon.core.main.ScriptEngine.run(ScriptEngine.java:194)
	at com.kms.katalon.core.main.ScriptEngine.runScriptAsRawText(ScriptEngine.java:119)
	at com.kms.katalon.core.main.TestCaseExecutor.runScript(TestCaseExecutor.java:442)
	at com.kms.katalon.core.main.TestCaseExecutor.doExecute(TestCaseExecutor.java:433)
	at com.kms.katalon.core.main.TestCaseExecutor.processExecutionPhase(TestCaseExecutor.java:412)
	at com.kms.katalon.core.main.TestCaseExecutor.accessMainPhase(TestCaseExecutor.java:404)
	at com.kms.katalon.core.main.TestCaseExecutor.execute(TestCaseExecutor.java:281)
	at com.kms.katalon.core.main.TestSuiteExecutor.accessTestCaseMainPhase(TestSuiteExecutor.java:202)
	at com.kms.katalon.core.main.TestSuiteExecutor.accessTestSuiteMainPhase(TestSuiteExecutor.java:164)
	at com.kms.katalon.core.main.TestSuiteExecutor.execute(TestSuiteExecutor.java:105)
	at com.kms.katalon.core.main.TestCaseMain.startTestSuite(TestCaseMain.java:181)
	at com.kms.katalon.core.main.TestCaseMain$startTestSuite$0.call(Unknown Source)
	at TempTestSuite1648100878643.run(TempTestSuite1648100878643.groovy:36)
)

2022-03-24 12:50:13 - [TEST_STEP][FAILED] - verifyElementPropertyValue(order, "GetDataOrderResponse.ListDataOrder[0].InsuranceData[3].PerluasanJaminan.RSCC", o_rscc_val_3, CONTINUE_ON_FAILURE): Unable to verify element property value (Root cause: java.lang.NullPointerException: Cannot get property 'PerluasanJaminan' on null object
	at Script1.run(Script1.groovy:1)
	at com.kms.katalon.core.webservice.helper.WebServiceCommonHelper.parseAndGetPropertyValueForJson(WebServiceCommonHelper.java:213)
	at com.kms.katalon.core.webservice.keyword.builtin.VerifyElementPropertyValueKeyword$_verifyElementPropertyValue_closure1.doCall(VerifyElementPropertyValueKeyword.groovy:52)
	at com.kms.katalon.core.webservice.keyword.builtin.VerifyElementPropertyValueKeyword$_verifyElementPropertyValue_closure1.call(VerifyElementPropertyValueKeyword.groovy)
	at com.kms.katalon.core.keyword.internal.KeywordMain.runKeyword(KeywordMain.groovy:74)
	at com.kms.katalon.core.webservice.keyword.builtin.VerifyElementPropertyValueKeyword.verifyElementPropertyValue(VerifyElementPropertyValueKeyword.groovy:48)
	at com.kms.katalon.core.webservice.keyword.builtin.VerifyElementPropertyValueKeyword.execute(VerifyElementPropertyValueKeyword.groovy:43)
	at com.kms.katalon.core.keyword.internal.KeywordExecutor.executeKeywordForPlatform(KeywordExecutor.groovy:74)
	at com.kms.katalon.core.webservice.keyword.WSBuiltInKeywords.verifyElementPropertyValue(WSBuiltInKeywords.groovy:175)
	at com.kms.katalon.core.webservice.keyword.WSBuiltInKeywords$verifyElementPropertyValue$0.call(Unknown Source)
	at 1. get token - data order.run(1. get token - data order:952)
	at com.kms.katalon.core.main.ScriptEngine.run(ScriptEngine.java:194)
	at com.kms.katalon.core.main.ScriptEngine.runScriptAsRawText(ScriptEngine.java:119)
	at com.kms.katalon.core.main.TestCaseExecutor.runScript(TestCaseExecutor.java:442)
	at com.kms.katalon.core.main.TestCaseExecutor.doExecute(TestCaseExecutor.java:433)
	at com.kms.katalon.core.main.TestCaseExecutor.processExecutionPhase(TestCaseExecutor.java:412)
	at com.kms.katalon.core.main.TestCaseExecutor.accessMainPhase(TestCaseExecutor.java:404)
	at com.kms.katalon.core.main.TestCaseExecutor.execute(TestCaseExecutor.java:281)
	at com.kms.katalon.core.main.TestSuiteExecutor.accessTestCaseMainPhase(TestSuiteExecutor.java:202)
	at com.kms.katalon.core.main.TestSuiteExecutor.accessTestSuiteMainPhase(TestSuiteExecutor.java:164)
	at com.kms.katalon.core.main.TestSuiteExecutor.execute(TestSuiteExecutor.java:105)
	at com.kms.katalon.core.main.TestCaseMain.startTestSuite(TestCaseMain.java:181)
	at com.kms.katalon.core.main.TestCaseMain$startTestSuite$0.call(Unknown Source)
	at TempTestSuite1648100878643.run(TempTestSuite1648100878643.groovy:36)
)

2022-03-24 12:50:13 - [MESSAGE][FAILED] - Unable to verify element property value (Root cause: java.lang.NullPointerException: Cannot get property 'PerluasanJaminan' on null object
	at Script1.run(Script1.groovy:1)
	at com.kms.katalon.core.webservice.helper.WebServiceCommonHelper.parseAndGetPropertyValueForJson(WebServiceCommonHelper.java:213)
	at com.kms.katalon.core.webservice.keyword.builtin.VerifyElementPropertyValueKeyword$_verifyElementPropertyValue_closure1.doCall(VerifyElementPropertyValueKeyword.groovy:52)
	at com.kms.katalon.core.webservice.keyword.builtin.VerifyElementPropertyValueKeyword$_verifyElementPropertyValue_closure1.call(VerifyElementPropertyValueKeyword.groovy)
	at com.kms.katalon.core.keyword.internal.KeywordMain.runKeyword(KeywordMain.groovy:74)
	at com.kms.katalon.core.webservice.keyword.builtin.VerifyElementPropertyValueKeyword.verifyElementPropertyValue(VerifyElementPropertyValueKeyword.groovy:48)
	at com.kms.katalon.core.webservice.keyword.builtin.VerifyElementPropertyValueKeyword.execute(VerifyElementPropertyValueKeyword.groovy:43)
	at com.kms.katalon.core.keyword.internal.KeywordExecutor.executeKeywordForPlatform(KeywordExecutor.groovy:74)
	at com.kms.katalon.core.webservice.keyword.WSBuiltInKeywords.verifyElementPropertyValue(WSBuiltInKeywords.groovy:175)
	at com.kms.katalon.core.webservice.keyword.WSBuiltInKeywords$verifyElementPropertyValue$0.call(Unknown Source)
	at 1. get token - data order.run(1. get token - data order:952)
	at com.kms.katalon.core.main.ScriptEngine.run(ScriptEngine.java:194)
	at com.kms.katalon.core.main.ScriptEngine.runScriptAsRawText(ScriptEngine.java:119)
	at com.kms.katalon.core.main.TestCaseExecutor.runScript(TestCaseExecutor.java:442)
	at com.kms.katalon.core.main.TestCaseExecutor.doExecute(TestCaseExecutor.java:433)
	at com.kms.katalon.core.main.TestCaseExecutor.processExecutionPhase(TestCaseExecutor.java:412)
	at com.kms.katalon.core.main.TestCaseExecutor.accessMainPhase(TestCaseExecutor.java:404)
	at com.kms.katalon.core.main.TestCaseExecutor.execute(TestCaseExecutor.java:281)
	at com.kms.katalon.core.main.TestSuiteExecutor.accessTestCaseMainPhase(TestSuiteExecutor.java:202)
	at com.kms.katalon.core.main.TestSuiteExecutor.accessTestSuiteMainPhase(TestSuiteExecutor.java:164)
	at com.kms.katalon.core.main.TestSuiteExecutor.execute(TestSuiteExecutor.java:105)
	at com.kms.katalon.core.main.TestCaseMain.startTestSuite(TestCaseMain.java:181)
	at com.kms.katalon.core.main.TestCaseMain$startTestSuite$0.call(Unknown Source)
	at TempTestSuite1648100878643.run(TempTestSuite1648100878643.groovy:36)
)

2022-03-24 12:50:13 - [TEST_STEP][FAILED] - verifyElementPropertyValue(order, "GetDataOrderResponse.ListDataOrder[0].InsuranceData[3].PerluasanJaminan.Banjir", o_rsmb_val_3, CONTINUE_ON_FAILURE): Unable to verify element property value (Root cause: java.lang.NullPointerException: Cannot get property 'PerluasanJaminan' on null object
	at Script1.run(Script1.groovy:1)
	at com.kms.katalon.core.webservice.helper.WebServiceCommonHelper.parseAndGetPropertyValueForJson(WebServiceCommonHelper.java:213)
	at com.kms.katalon.core.webservice.keyword.builtin.VerifyElementPropertyValueKeyword$_verifyElementPropertyValue_closure1.doCall(VerifyElementPropertyValueKeyword.groovy:52)
	at com.kms.katalon.core.webservice.keyword.builtin.VerifyElementPropertyValueKeyword$_verifyElementPropertyValue_closure1.call(VerifyElementPropertyValueKeyword.groovy)
	at com.kms.katalon.core.keyword.internal.KeywordMain.runKeyword(KeywordMain.groovy:74)
	at com.kms.katalon.core.webservice.keyword.builtin.VerifyElementPropertyValueKeyword.verifyElementPropertyValue(VerifyElementPropertyValueKeyword.groovy:48)
	at com.kms.katalon.core.webservice.keyword.builtin.VerifyElementPropertyValueKeyword.execute(VerifyElementPropertyValueKeyword.groovy:43)
	at com.kms.katalon.core.keyword.internal.KeywordExecutor.executeKeywordForPlatform(KeywordExecutor.groovy:74)
	at com.kms.katalon.core.webservice.keyword.WSBuiltInKeywords.verifyElementPropertyValue(WSBuiltInKeywords.groovy:175)
	at com.kms.katalon.core.webservice.keyword.WSBuiltInKeywords$verifyElementPropertyValue$0.call(Unknown Source)
	at 1. get token - data order.run(1. get token - data order:955)
	at com.kms.katalon.core.main.ScriptEngine.run(ScriptEngine.java:194)
	at com.kms.katalon.core.main.ScriptEngine.runScriptAsRawText(ScriptEngine.java:119)
	at com.kms.katalon.core.main.TestCaseExecutor.runScript(TestCaseExecutor.java:442)
	at com.kms.katalon.core.main.TestCaseExecutor.doExecute(TestCaseExecutor.java:433)
	at com.kms.katalon.core.main.TestCaseExecutor.processExecutionPhase(TestCaseExecutor.java:412)
	at com.kms.katalon.core.main.TestCaseExecutor.accessMainPhase(TestCaseExecutor.java:404)
	at com.kms.katalon.core.main.TestCaseExecutor.execute(TestCaseExecutor.java:281)
	at com.kms.katalon.core.main.TestSuiteExecutor.accessTestCaseMainPhase(TestSuiteExecutor.java:202)
	at com.kms.katalon.core.main.TestSuiteExecutor.accessTestSuiteMainPhase(TestSuiteExecutor.java:164)
	at com.kms.katalon.core.main.TestSuiteExecutor.execute(TestSuiteExecutor.java:105)
	at com.kms.katalon.core.main.TestCaseMain.startTestSuite(TestCaseMain.java:181)
	at com.kms.katalon.core.main.TestCaseMain$startTestSuite$0.call(Unknown Source)
	at TempTestSuite1648100878643.run(TempTestSuite1648100878643.groovy:36)
)

2022-03-24 12:50:13 - [MESSAGE][FAILED] - Unable to verify element property value (Root cause: java.lang.NullPointerException: Cannot get property 'PerluasanJaminan' on null object
	at Script1.run(Script1.groovy:1)
	at com.kms.katalon.core.webservice.helper.WebServiceCommonHelper.parseAndGetPropertyValueForJson(WebServiceCommonHelper.java:213)
	at com.kms.katalon.core.webservice.keyword.builtin.VerifyElementPropertyValueKeyword$_verifyElementPropertyValue_closure1.doCall(VerifyElementPropertyValueKeyword.groovy:52)
	at com.kms.katalon.core.webservice.keyword.builtin.VerifyElementPropertyValueKeyword$_verifyElementPropertyValue_closure1.call(VerifyElementPropertyValueKeyword.groovy)
	at com.kms.katalon.core.keyword.internal.KeywordMain.runKeyword(KeywordMain.groovy:74)
	at com.kms.katalon.core.webservice.keyword.builtin.VerifyElementPropertyValueKeyword.verifyElementPropertyValue(VerifyElementPropertyValueKeyword.groovy:48)
	at com.kms.katalon.core.webservice.keyword.builtin.VerifyElementPropertyValueKeyword.execute(VerifyElementPropertyValueKeyword.groovy:43)
	at com.kms.katalon.core.keyword.internal.KeywordExecutor.executeKeywordForPlatform(KeywordExecutor.groovy:74)
	at com.kms.katalon.core.webservice.keyword.WSBuiltInKeywords.verifyElementPropertyValue(WSBuiltInKeywords.groovy:175)
	at com.kms.katalon.core.webservice.keyword.WSBuiltInKeywords$verifyElementPropertyValue$0.call(Unknown Source)
	at 1. get token - data order.run(1. get token - data order:955)
	at com.kms.katalon.core.main.ScriptEngine.run(ScriptEngine.java:194)
	at com.kms.katalon.core.main.ScriptEngine.runScriptAsRawText(ScriptEngine.java:119)
	at com.kms.katalon.core.main.TestCaseExecutor.runScript(TestCaseExecutor.java:442)
	at com.kms.katalon.core.main.TestCaseExecutor.doExecute(TestCaseExecutor.java:433)
	at com.kms.katalon.core.main.TestCaseExecutor.processExecutionPhase(TestCaseExecutor.java:412)
	at com.kms.katalon.core.main.TestCaseExecutor.accessMainPhase(TestCaseExecutor.java:404)
	at com.kms.katalon.core.main.TestCaseExecutor.execute(TestCaseExecutor.java:281)
	at com.kms.katalon.core.main.TestSuiteExecutor.accessTestCaseMainPhase(TestSuiteExecutor.java:202)
	at com.kms.katalon.core.main.TestSuiteExecutor.accessTestSuiteMainPhase(TestSuiteExecutor.java:164)
	at com.kms.katalon.core.main.TestSuiteExecutor.execute(TestSuiteExecutor.java:105)
	at com.kms.katalon.core.main.TestCaseMain.startTestSuite(TestCaseMain.java:181)
	at com.kms.katalon.core.main.TestCaseMain$startTestSuite$0.call(Unknown Source)
	at TempTestSuite1648100878643.run(TempTestSuite1648100878643.groovy:36)
)

2022-03-24 12:50:13 - [TEST_STEP][FAILED] - verifyElementPropertyValue(order, "GetDataOrderResponse.ListDataOrder[0].InsuranceData[3].PerluasanJaminan.Accessories", o_acc_val_3, CONTINUE_ON_FAILURE): Unable to verify element property value (Root cause: java.lang.NullPointerException: Cannot get property 'PerluasanJaminan' on null object
	at Script1.run(Script1.groovy:1)
	at com.kms.katalon.core.webservice.helper.WebServiceCommonHelper.parseAndGetPropertyValueForJson(WebServiceCommonHelper.java:213)
	at com.kms.katalon.core.webservice.keyword.builtin.VerifyElementPropertyValueKeyword$_verifyElementPropertyValue_closure1.doCall(VerifyElementPropertyValueKeyword.groovy:52)
	at com.kms.katalon.core.webservice.keyword.builtin.VerifyElementPropertyValueKeyword$_verifyElementPropertyValue_closure1.call(VerifyElementPropertyValueKeyword.groovy)
	at com.kms.katalon.core.keyword.internal.KeywordMain.runKeyword(KeywordMain.groovy:74)
	at com.kms.katalon.core.webservice.keyword.builtin.VerifyElementPropertyValueKeyword.verifyElementPropertyValue(VerifyElementPropertyValueKeyword.groovy:48)
	at com.kms.katalon.core.webservice.keyword.builtin.VerifyElementPropertyValueKeyword.execute(VerifyElementPropertyValueKeyword.groovy:43)
	at com.kms.katalon.core.keyword.internal.KeywordExecutor.executeKeywordForPlatform(KeywordExecutor.groovy:74)
	at com.kms.katalon.core.webservice.keyword.WSBuiltInKeywords.verifyElementPropertyValue(WSBuiltInKeywords.groovy:175)
	at com.kms.katalon.core.webservice.keyword.WSBuiltInKeywords$verifyElementPropertyValue$0.call(Unknown Source)
	at 1. get token - data order.run(1. get token - data order:958)
	at com.kms.katalon.core.main.ScriptEngine.run(ScriptEngine.java:194)
	at com.kms.katalon.core.main.ScriptEngine.runScriptAsRawText(ScriptEngine.java:119)
	at com.kms.katalon.core.main.TestCaseExecutor.runScript(TestCaseExecutor.java:442)
	at com.kms.katalon.core.main.TestCaseExecutor.doExecute(TestCaseExecutor.java:433)
	at com.kms.katalon.core.main.TestCaseExecutor.processExecutionPhase(TestCaseExecutor.java:412)
	at com.kms.katalon.core.main.TestCaseExecutor.accessMainPhase(TestCaseExecutor.java:404)
	at com.kms.katalon.core.main.TestCaseExecutor.execute(TestCaseExecutor.java:281)
	at com.kms.katalon.core.main.TestSuiteExecutor.accessTestCaseMainPhase(TestSuiteExecutor.java:202)
	at com.kms.katalon.core.main.TestSuiteExecutor.accessTestSuiteMainPhase(TestSuiteExecutor.java:164)
	at com.kms.katalon.core.main.TestSuiteExecutor.execute(TestSuiteExecutor.java:105)
	at com.kms.katalon.core.main.TestCaseMain.startTestSuite(TestCaseMain.java:181)
	at com.kms.katalon.core.main.TestCaseMain$startTestSuite$0.call(Unknown Source)
	at TempTestSuite1648100878643.run(TempTestSuite1648100878643.groovy:36)
)

2022-03-24 12:50:13 - [MESSAGE][FAILED] - Unable to verify element property value (Root cause: java.lang.NullPointerException: Cannot get property 'PerluasanJaminan' on null object
	at Script1.run(Script1.groovy:1)
	at com.kms.katalon.core.webservice.helper.WebServiceCommonHelper.parseAndGetPropertyValueForJson(WebServiceCommonHelper.java:213)
	at com.kms.katalon.core.webservice.keyword.builtin.VerifyElementPropertyValueKeyword$_verifyElementPropertyValue_closure1.doCall(VerifyElementPropertyValueKeyword.groovy:52)
	at com.kms.katalon.core.webservice.keyword.builtin.VerifyElementPropertyValueKeyword$_verifyElementPropertyValue_closure1.call(VerifyElementPropertyValueKeyword.groovy)
	at com.kms.katalon.core.keyword.internal.KeywordMain.runKeyword(KeywordMain.groovy:74)
	at com.kms.katalon.core.webservice.keyword.builtin.VerifyElementPropertyValueKeyword.verifyElementPropertyValue(VerifyElementPropertyValueKeyword.groovy:48)
	at com.kms.katalon.core.webservice.keyword.builtin.VerifyElementPropertyValueKeyword.execute(VerifyElementPropertyValueKeyword.groovy:43)
	at com.kms.katalon.core.keyword.internal.KeywordExecutor.executeKeywordForPlatform(KeywordExecutor.groovy:74)
	at com.kms.katalon.core.webservice.keyword.WSBuiltInKeywords.verifyElementPropertyValue(WSBuiltInKeywords.groovy:175)
	at com.kms.katalon.core.webservice.keyword.WSBuiltInKeywords$verifyElementPropertyValue$0.call(Unknown Source)
	at 1. get token - data order.run(1. get token - data order:958)
	at com.kms.katalon.core.main.ScriptEngine.run(ScriptEngine.java:194)
	at com.kms.katalon.core.main.ScriptEngine.runScriptAsRawText(ScriptEngine.java:119)
	at com.kms.katalon.core.main.TestCaseExecutor.runScript(TestCaseExecutor.java:442)
	at com.kms.katalon.core.main.TestCaseExecutor.doExecute(TestCaseExecutor.java:433)
	at com.kms.katalon.core.main.TestCaseExecutor.processExecutionPhase(TestCaseExecutor.java:412)
	at com.kms.katalon.core.main.TestCaseExecutor.accessMainPhase(TestCaseExecutor.java:404)
	at com.kms.katalon.core.main.TestCaseExecutor.execute(TestCaseExecutor.java:281)
	at com.kms.katalon.core.main.TestSuiteExecutor.accessTestCaseMainPhase(TestSuiteExecutor.java:202)
	at com.kms.katalon.core.main.TestSuiteExecutor.accessTestSuiteMainPhase(TestSuiteExecutor.java:164)
	at com.kms.katalon.core.main.TestSuiteExecutor.execute(TestSuiteExecutor.java:105)
	at com.kms.katalon.core.main.TestCaseMain.startTestSuite(TestCaseMain.java:181)
	at com.kms.katalon.core.main.TestCaseMain$startTestSuite$0.call(Unknown Source)
	at TempTestSuite1648100878643.run(TempTestSuite1648100878643.groovy:36)
)

2022-03-24 12:50:13 - [TEST_STEP][FAILED] - verifyElementPropertyValue(order, "GetDataOrderResponse.ListDataOrder[0].InsuranceData[4].KondisiPertanggungan", o_kond_pertanggungan_4, CONTINUE_ON_FAILURE): Unable to verify element property value (Root cause: java.lang.NullPointerException: Cannot get property 'KondisiPertanggungan' on null object
	at Script1.run(Script1.groovy:1)
	at com.kms.katalon.core.webservice.helper.WebServiceCommonHelper.parseAndGetPropertyValueForJson(WebServiceCommonHelper.java:213)
	at com.kms.katalon.core.webservice.keyword.builtin.VerifyElementPropertyValueKeyword$_verifyElementPropertyValue_closure1.doCall(VerifyElementPropertyValueKeyword.groovy:52)
	at com.kms.katalon.core.webservice.keyword.builtin.VerifyElementPropertyValueKeyword$_verifyElementPropertyValue_closure1.call(VerifyElementPropertyValueKeyword.groovy)
	at com.kms.katalon.core.keyword.internal.KeywordMain.runKeyword(KeywordMain.groovy:74)
	at com.kms.katalon.core.webservice.keyword.builtin.VerifyElementPropertyValueKeyword.verifyElementPropertyValue(VerifyElementPropertyValueKeyword.groovy:48)
	at com.kms.katalon.core.webservice.keyword.builtin.VerifyElementPropertyValueKeyword.execute(VerifyElementPropertyValueKeyword.groovy:43)
	at com.kms.katalon.core.keyword.internal.KeywordExecutor.executeKeywordForPlatform(KeywordExecutor.groovy:74)
	at com.kms.katalon.core.webservice.keyword.WSBuiltInKeywords.verifyElementPropertyValue(WSBuiltInKeywords.groovy:175)
	at com.kms.katalon.core.webservice.keyword.WSBuiltInKeywords$verifyElementPropertyValue$0.call(Unknown Source)
	at 1. get token - data order.run(1. get token - data order:962)
	at com.kms.katalon.core.main.ScriptEngine.run(ScriptEngine.java:194)
	at com.kms.katalon.core.main.ScriptEngine.runScriptAsRawText(ScriptEngine.java:119)
	at com.kms.katalon.core.main.TestCaseExecutor.runScript(TestCaseExecutor.java:442)
	at com.kms.katalon.core.main.TestCaseExecutor.doExecute(TestCaseExecutor.java:433)
	at com.kms.katalon.core.main.TestCaseExecutor.processExecutionPhase(TestCaseExecutor.java:412)
	at com.kms.katalon.core.main.TestCaseExecutor.accessMainPhase(TestCaseExecutor.java:404)
	at com.kms.katalon.core.main.TestCaseExecutor.execute(TestCaseExecutor.java:281)
	at com.kms.katalon.core.main.TestSuiteExecutor.accessTestCaseMainPhase(TestSuiteExecutor.java:202)
	at com.kms.katalon.core.main.TestSuiteExecutor.accessTestSuiteMainPhase(TestSuiteExecutor.java:164)
	at com.kms.katalon.core.main.TestSuiteExecutor.execute(TestSuiteExecutor.java:105)
	at com.kms.katalon.core.main.TestCaseMain.startTestSuite(TestCaseMain.java:181)
	at com.kms.katalon.core.main.TestCaseMain$startTestSuite$0.call(Unknown Source)
	at TempTestSuite1648100878643.run(TempTestSuite1648100878643.groovy:36)
)

2022-03-24 12:50:13 - [MESSAGE][FAILED] - Unable to verify element property value (Root cause: java.lang.NullPointerException: Cannot get property 'KondisiPertanggungan' on null object
	at Script1.run(Script1.groovy:1)
	at com.kms.katalon.core.webservice.helper.WebServiceCommonHelper.parseAndGetPropertyValueForJson(WebServiceCommonHelper.java:213)
	at com.kms.katalon.core.webservice.keyword.builtin.VerifyElementPropertyValueKeyword$_verifyElementPropertyValue_closure1.doCall(VerifyElementPropertyValueKeyword.groovy:52)
	at com.kms.katalon.core.webservice.keyword.builtin.VerifyElementPropertyValueKeyword$_verifyElementPropertyValue_closure1.call(VerifyElementPropertyValueKeyword.groovy)
	at com.kms.katalon.core.keyword.internal.KeywordMain.runKeyword(KeywordMain.groovy:74)
	at com.kms.katalon.core.webservice.keyword.builtin.VerifyElementPropertyValueKeyword.verifyElementPropertyValue(VerifyElementPropertyValueKeyword.groovy:48)
	at com.kms.katalon.core.webservice.keyword.builtin.VerifyElementPropertyValueKeyword.execute(VerifyElementPropertyValueKeyword.groovy:43)
	at com.kms.katalon.core.keyword.internal.KeywordExecutor.executeKeywordForPlatform(KeywordExecutor.groovy:74)
	at com.kms.katalon.core.webservice.keyword.WSBuiltInKeywords.verifyElementPropertyValue(WSBuiltInKeywords.groovy:175)
	at com.kms.katalon.core.webservice.keyword.WSBuiltInKeywords$verifyElementPropertyValue$0.call(Unknown Source)
	at 1. get token - data order.run(1. get token - data order:962)
	at com.kms.katalon.core.main.ScriptEngine.run(ScriptEngine.java:194)
	at com.kms.katalon.core.main.ScriptEngine.runScriptAsRawText(ScriptEngine.java:119)
	at com.kms.katalon.core.main.TestCaseExecutor.runScript(TestCaseExecutor.java:442)
	at com.kms.katalon.core.main.TestCaseExecutor.doExecute(TestCaseExecutor.java:433)
	at com.kms.katalon.core.main.TestCaseExecutor.processExecutionPhase(TestCaseExecutor.java:412)
	at com.kms.katalon.core.main.TestCaseExecutor.accessMainPhase(TestCaseExecutor.java:404)
	at com.kms.katalon.core.main.TestCaseExecutor.execute(TestCaseExecutor.java:281)
	at com.kms.katalon.core.main.TestSuiteExecutor.accessTestCaseMainPhase(TestSuiteExecutor.java:202)
	at com.kms.katalon.core.main.TestSuiteExecutor.accessTestSuiteMainPhase(TestSuiteExecutor.java:164)
	at com.kms.katalon.core.main.TestSuiteExecutor.execute(TestSuiteExecutor.java:105)
	at com.kms.katalon.core.main.TestCaseMain.startTestSuite(TestCaseMain.java:181)
	at com.kms.katalon.core.main.TestCaseMain$startTestSuite$0.call(Unknown Source)
	at TempTestSuite1648100878643.run(TempTestSuite1648100878643.groovy:36)
)

2022-03-24 12:50:13 - [TEST_STEP][FAILED] - verifyElementPropertyValue(order, "GetDataOrderResponse.ListDataOrder[0].InsuranceData[4].TJH", o_tjh_header_4, CONTINUE_ON_FAILURE): Unable to verify element property value (Root cause: java.lang.NullPointerException: Cannot get property 'TJH' on null object
	at Script1.run(Script1.groovy:1)
	at com.kms.katalon.core.webservice.helper.WebServiceCommonHelper.parseAndGetPropertyValueForJson(WebServiceCommonHelper.java:213)
	at com.kms.katalon.core.webservice.keyword.builtin.VerifyElementPropertyValueKeyword$_verifyElementPropertyValue_closure1.doCall(VerifyElementPropertyValueKeyword.groovy:52)
	at com.kms.katalon.core.webservice.keyword.builtin.VerifyElementPropertyValueKeyword$_verifyElementPropertyValue_closure1.call(VerifyElementPropertyValueKeyword.groovy)
	at com.kms.katalon.core.keyword.internal.KeywordMain.runKeyword(KeywordMain.groovy:74)
	at com.kms.katalon.core.webservice.keyword.builtin.VerifyElementPropertyValueKeyword.verifyElementPropertyValue(VerifyElementPropertyValueKeyword.groovy:48)
	at com.kms.katalon.core.webservice.keyword.builtin.VerifyElementPropertyValueKeyword.execute(VerifyElementPropertyValueKeyword.groovy:43)
	at com.kms.katalon.core.keyword.internal.KeywordExecutor.executeKeywordForPlatform(KeywordExecutor.groovy:74)
	at com.kms.katalon.core.webservice.keyword.WSBuiltInKeywords.verifyElementPropertyValue(WSBuiltInKeywords.groovy:175)
	at com.kms.katalon.core.webservice.keyword.WSBuiltInKeywords$verifyElementPropertyValue$0.call(Unknown Source)
	at 1. get token - data order.run(1. get token - data order:965)
	at com.kms.katalon.core.main.ScriptEngine.run(ScriptEngine.java:194)
	at com.kms.katalon.core.main.ScriptEngine.runScriptAsRawText(ScriptEngine.java:119)
	at com.kms.katalon.core.main.TestCaseExecutor.runScript(TestCaseExecutor.java:442)
	at com.kms.katalon.core.main.TestCaseExecutor.doExecute(TestCaseExecutor.java:433)
	at com.kms.katalon.core.main.TestCaseExecutor.processExecutionPhase(TestCaseExecutor.java:412)
	at com.kms.katalon.core.main.TestCaseExecutor.accessMainPhase(TestCaseExecutor.java:404)
	at com.kms.katalon.core.main.TestCaseExecutor.execute(TestCaseExecutor.java:281)
	at com.kms.katalon.core.main.TestSuiteExecutor.accessTestCaseMainPhase(TestSuiteExecutor.java:202)
	at com.kms.katalon.core.main.TestSuiteExecutor.accessTestSuiteMainPhase(TestSuiteExecutor.java:164)
	at com.kms.katalon.core.main.TestSuiteExecutor.execute(TestSuiteExecutor.java:105)
	at com.kms.katalon.core.main.TestCaseMain.startTestSuite(TestCaseMain.java:181)
	at com.kms.katalon.core.main.TestCaseMain$startTestSuite$0.call(Unknown Source)
	at TempTestSuite1648100878643.run(TempTestSuite1648100878643.groovy:36)
)

2022-03-24 12:50:13 - [MESSAGE][FAILED] - Unable to verify element property value (Root cause: java.lang.NullPointerException: Cannot get property 'TJH' on null object
	at Script1.run(Script1.groovy:1)
	at com.kms.katalon.core.webservice.helper.WebServiceCommonHelper.parseAndGetPropertyValueForJson(WebServiceCommonHelper.java:213)
	at com.kms.katalon.core.webservice.keyword.builtin.VerifyElementPropertyValueKeyword$_verifyElementPropertyValue_closure1.doCall(VerifyElementPropertyValueKeyword.groovy:52)
	at com.kms.katalon.core.webservice.keyword.builtin.VerifyElementPropertyValueKeyword$_verifyElementPropertyValue_closure1.call(VerifyElementPropertyValueKeyword.groovy)
	at com.kms.katalon.core.keyword.internal.KeywordMain.runKeyword(KeywordMain.groovy:74)
	at com.kms.katalon.core.webservice.keyword.builtin.VerifyElementPropertyValueKeyword.verifyElementPropertyValue(VerifyElementPropertyValueKeyword.groovy:48)
	at com.kms.katalon.core.webservice.keyword.builtin.VerifyElementPropertyValueKeyword.execute(VerifyElementPropertyValueKeyword.groovy:43)
	at com.kms.katalon.core.keyword.internal.KeywordExecutor.executeKeywordForPlatform(KeywordExecutor.groovy:74)
	at com.kms.katalon.core.webservice.keyword.WSBuiltInKeywords.verifyElementPropertyValue(WSBuiltInKeywords.groovy:175)
	at com.kms.katalon.core.webservice.keyword.WSBuiltInKeywords$verifyElementPropertyValue$0.call(Unknown Source)
	at 1. get token - data order.run(1. get token - data order:965)
	at com.kms.katalon.core.main.ScriptEngine.run(ScriptEngine.java:194)
	at com.kms.katalon.core.main.ScriptEngine.runScriptAsRawText(ScriptEngine.java:119)
	at com.kms.katalon.core.main.TestCaseExecutor.runScript(TestCaseExecutor.java:442)
	at com.kms.katalon.core.main.TestCaseExecutor.doExecute(TestCaseExecutor.java:433)
	at com.kms.katalon.core.main.TestCaseExecutor.processExecutionPhase(TestCaseExecutor.java:412)
	at com.kms.katalon.core.main.TestCaseExecutor.accessMainPhase(TestCaseExecutor.java:404)
	at com.kms.katalon.core.main.TestCaseExecutor.execute(TestCaseExecutor.java:281)
	at com.kms.katalon.core.main.TestSuiteExecutor.accessTestCaseMainPhase(TestSuiteExecutor.java:202)
	at com.kms.katalon.core.main.TestSuiteExecutor.accessTestSuiteMainPhase(TestSuiteExecutor.java:164)
	at com.kms.katalon.core.main.TestSuiteExecutor.execute(TestSuiteExecutor.java:105)
	at com.kms.katalon.core.main.TestCaseMain.startTestSuite(TestCaseMain.java:181)
	at com.kms.katalon.core.main.TestCaseMain$startTestSuite$0.call(Unknown Source)
	at TempTestSuite1648100878643.run(TempTestSuite1648100878643.groovy:36)
)

2022-03-24 12:50:13 - [TEST_STEP][FAILED] - verifyElementPropertyValue(order, "GetDataOrderResponse.ListDataOrder[0].InsuranceData[4].InsuredValue", o_ins_val_4, CONTINUE_ON_FAILURE): Unable to verify element property value (Root cause: java.lang.NullPointerException: Cannot get property 'InsuredValue' on null object
	at Script1.run(Script1.groovy:1)
	at com.kms.katalon.core.webservice.helper.WebServiceCommonHelper.parseAndGetPropertyValueForJson(WebServiceCommonHelper.java:213)
	at com.kms.katalon.core.webservice.keyword.builtin.VerifyElementPropertyValueKeyword$_verifyElementPropertyValue_closure1.doCall(VerifyElementPropertyValueKeyword.groovy:52)
	at com.kms.katalon.core.webservice.keyword.builtin.VerifyElementPropertyValueKeyword$_verifyElementPropertyValue_closure1.call(VerifyElementPropertyValueKeyword.groovy)
	at com.kms.katalon.core.keyword.internal.KeywordMain.runKeyword(KeywordMain.groovy:74)
	at com.kms.katalon.core.webservice.keyword.builtin.VerifyElementPropertyValueKeyword.verifyElementPropertyValue(VerifyElementPropertyValueKeyword.groovy:48)
	at com.kms.katalon.core.webservice.keyword.builtin.VerifyElementPropertyValueKeyword.execute(VerifyElementPropertyValueKeyword.groovy:43)
	at com.kms.katalon.core.keyword.internal.KeywordExecutor.executeKeywordForPlatform(KeywordExecutor.groovy:74)
	at com.kms.katalon.core.webservice.keyword.WSBuiltInKeywords.verifyElementPropertyValue(WSBuiltInKeywords.groovy:175)
	at com.kms.katalon.core.webservice.keyword.WSBuiltInKeywords$verifyElementPropertyValue$0.call(Unknown Source)
	at 1. get token - data order.run(1. get token - data order:967)
	at com.kms.katalon.core.main.ScriptEngine.run(ScriptEngine.java:194)
	at com.kms.katalon.core.main.ScriptEngine.runScriptAsRawText(ScriptEngine.java:119)
	at com.kms.katalon.core.main.TestCaseExecutor.runScript(TestCaseExecutor.java:442)
	at com.kms.katalon.core.main.TestCaseExecutor.doExecute(TestCaseExecutor.java:433)
	at com.kms.katalon.core.main.TestCaseExecutor.processExecutionPhase(TestCaseExecutor.java:412)
	at com.kms.katalon.core.main.TestCaseExecutor.accessMainPhase(TestCaseExecutor.java:404)
	at com.kms.katalon.core.main.TestCaseExecutor.execute(TestCaseExecutor.java:281)
	at com.kms.katalon.core.main.TestSuiteExecutor.accessTestCaseMainPhase(TestSuiteExecutor.java:202)
	at com.kms.katalon.core.main.TestSuiteExecutor.accessTestSuiteMainPhase(TestSuiteExecutor.java:164)
	at com.kms.katalon.core.main.TestSuiteExecutor.execute(TestSuiteExecutor.java:105)
	at com.kms.katalon.core.main.TestCaseMain.startTestSuite(TestCaseMain.java:181)
	at com.kms.katalon.core.main.TestCaseMain$startTestSuite$0.call(Unknown Source)
	at TempTestSuite1648100878643.run(TempTestSuite1648100878643.groovy:36)
)

2022-03-24 12:50:13 - [MESSAGE][FAILED] - Unable to verify element property value (Root cause: java.lang.NullPointerException: Cannot get property 'InsuredValue' on null object
	at Script1.run(Script1.groovy:1)
	at com.kms.katalon.core.webservice.helper.WebServiceCommonHelper.parseAndGetPropertyValueForJson(WebServiceCommonHelper.java:213)
	at com.kms.katalon.core.webservice.keyword.builtin.VerifyElementPropertyValueKeyword$_verifyElementPropertyValue_closure1.doCall(VerifyElementPropertyValueKeyword.groovy:52)
	at com.kms.katalon.core.webservice.keyword.builtin.VerifyElementPropertyValueKeyword$_verifyElementPropertyValue_closure1.call(VerifyElementPropertyValueKeyword.groovy)
	at com.kms.katalon.core.keyword.internal.KeywordMain.runKeyword(KeywordMain.groovy:74)
	at com.kms.katalon.core.webservice.keyword.builtin.VerifyElementPropertyValueKeyword.verifyElementPropertyValue(VerifyElementPropertyValueKeyword.groovy:48)
	at com.kms.katalon.core.webservice.keyword.builtin.VerifyElementPropertyValueKeyword.execute(VerifyElementPropertyValueKeyword.groovy:43)
	at com.kms.katalon.core.keyword.internal.KeywordExecutor.executeKeywordForPlatform(KeywordExecutor.groovy:74)
	at com.kms.katalon.core.webservice.keyword.WSBuiltInKeywords.verifyElementPropertyValue(WSBuiltInKeywords.groovy:175)
	at com.kms.katalon.core.webservice.keyword.WSBuiltInKeywords$verifyElementPropertyValue$0.call(Unknown Source)
	at 1. get token - data order.run(1. get token - data order:967)
	at com.kms.katalon.core.main.ScriptEngine.run(ScriptEngine.java:194)
	at com.kms.katalon.core.main.ScriptEngine.runScriptAsRawText(ScriptEngine.java:119)
	at com.kms.katalon.core.main.TestCaseExecutor.runScript(TestCaseExecutor.java:442)
	at com.kms.katalon.core.main.TestCaseExecutor.doExecute(TestCaseExecutor.java:433)
	at com.kms.katalon.core.main.TestCaseExecutor.processExecutionPhase(TestCaseExecutor.java:412)
	at com.kms.katalon.core.main.TestCaseExecutor.accessMainPhase(TestCaseExecutor.java:404)
	at com.kms.katalon.core.main.TestCaseExecutor.execute(TestCaseExecutor.java:281)
	at com.kms.katalon.core.main.TestSuiteExecutor.accessTestCaseMainPhase(TestSuiteExecutor.java:202)
	at com.kms.katalon.core.main.TestSuiteExecutor.accessTestSuiteMainPhase(TestSuiteExecutor.java:164)
	at com.kms.katalon.core.main.TestSuiteExecutor.execute(TestSuiteExecutor.java:105)
	at com.kms.katalon.core.main.TestCaseMain.startTestSuite(TestCaseMain.java:181)
	at com.kms.katalon.core.main.TestCaseMain$startTestSuite$0.call(Unknown Source)
	at TempTestSuite1648100878643.run(TempTestSuite1648100878643.groovy:36)
)

2022-03-24 12:50:13 - [TEST_STEP][FAILED] - verifyElementPropertyValue(order, "GetDataOrderResponse.ListDataOrder[0].InsuranceData[4].InsuredFrom", o_ins_form_4, CONTINUE_ON_FAILURE): Unable to verify element property value (Root cause: java.lang.NullPointerException: Cannot get property 'InsuredFrom' on null object
	at Script1.run(Script1.groovy:1)
	at com.kms.katalon.core.webservice.helper.WebServiceCommonHelper.parseAndGetPropertyValueForJson(WebServiceCommonHelper.java:213)
	at com.kms.katalon.core.webservice.keyword.builtin.VerifyElementPropertyValueKeyword$_verifyElementPropertyValue_closure1.doCall(VerifyElementPropertyValueKeyword.groovy:52)
	at com.kms.katalon.core.webservice.keyword.builtin.VerifyElementPropertyValueKeyword$_verifyElementPropertyValue_closure1.call(VerifyElementPropertyValueKeyword.groovy)
	at com.kms.katalon.core.keyword.internal.KeywordMain.runKeyword(KeywordMain.groovy:74)
	at com.kms.katalon.core.webservice.keyword.builtin.VerifyElementPropertyValueKeyword.verifyElementPropertyValue(VerifyElementPropertyValueKeyword.groovy:48)
	at com.kms.katalon.core.webservice.keyword.builtin.VerifyElementPropertyValueKeyword.execute(VerifyElementPropertyValueKeyword.groovy:43)
	at com.kms.katalon.core.keyword.internal.KeywordExecutor.executeKeywordForPlatform(KeywordExecutor.groovy:74)
	at com.kms.katalon.core.webservice.keyword.WSBuiltInKeywords.verifyElementPropertyValue(WSBuiltInKeywords.groovy:175)
	at com.kms.katalon.core.webservice.keyword.WSBuiltInKeywords$verifyElementPropertyValue$0.call(Unknown Source)
	at 1. get token - data order.run(1. get token - data order:970)
	at com.kms.katalon.core.main.ScriptEngine.run(ScriptEngine.java:194)
	at com.kms.katalon.core.main.ScriptEngine.runScriptAsRawText(ScriptEngine.java:119)
	at com.kms.katalon.core.main.TestCaseExecutor.runScript(TestCaseExecutor.java:442)
	at com.kms.katalon.core.main.TestCaseExecutor.doExecute(TestCaseExecutor.java:433)
	at com.kms.katalon.core.main.TestCaseExecutor.processExecutionPhase(TestCaseExecutor.java:412)
	at com.kms.katalon.core.main.TestCaseExecutor.accessMainPhase(TestCaseExecutor.java:404)
	at com.kms.katalon.core.main.TestCaseExecutor.execute(TestCaseExecutor.java:281)
	at com.kms.katalon.core.main.TestSuiteExecutor.accessTestCaseMainPhase(TestSuiteExecutor.java:202)
	at com.kms.katalon.core.main.TestSuiteExecutor.accessTestSuiteMainPhase(TestSuiteExecutor.java:164)
	at com.kms.katalon.core.main.TestSuiteExecutor.execute(TestSuiteExecutor.java:105)
	at com.kms.katalon.core.main.TestCaseMain.startTestSuite(TestCaseMain.java:181)
	at com.kms.katalon.core.main.TestCaseMain$startTestSuite$0.call(Unknown Source)
	at TempTestSuite1648100878643.run(TempTestSuite1648100878643.groovy:36)
)

2022-03-24 12:50:13 - [MESSAGE][FAILED] - Unable to verify element property value (Root cause: java.lang.NullPointerException: Cannot get property 'InsuredFrom' on null object
	at Script1.run(Script1.groovy:1)
	at com.kms.katalon.core.webservice.helper.WebServiceCommonHelper.parseAndGetPropertyValueForJson(WebServiceCommonHelper.java:213)
	at com.kms.katalon.core.webservice.keyword.builtin.VerifyElementPropertyValueKeyword$_verifyElementPropertyValue_closure1.doCall(VerifyElementPropertyValueKeyword.groovy:52)
	at com.kms.katalon.core.webservice.keyword.builtin.VerifyElementPropertyValueKeyword$_verifyElementPropertyValue_closure1.call(VerifyElementPropertyValueKeyword.groovy)
	at com.kms.katalon.core.keyword.internal.KeywordMain.runKeyword(KeywordMain.groovy:74)
	at com.kms.katalon.core.webservice.keyword.builtin.VerifyElementPropertyValueKeyword.verifyElementPropertyValue(VerifyElementPropertyValueKeyword.groovy:48)
	at com.kms.katalon.core.webservice.keyword.builtin.VerifyElementPropertyValueKeyword.execute(VerifyElementPropertyValueKeyword.groovy:43)
	at com.kms.katalon.core.keyword.internal.KeywordExecutor.executeKeywordForPlatform(KeywordExecutor.groovy:74)
	at com.kms.katalon.core.webservice.keyword.WSBuiltInKeywords.verifyElementPropertyValue(WSBuiltInKeywords.groovy:175)
	at com.kms.katalon.core.webservice.keyword.WSBuiltInKeywords$verifyElementPropertyValue$0.call(Unknown Source)
	at 1. get token - data order.run(1. get token - data order:970)
	at com.kms.katalon.core.main.ScriptEngine.run(ScriptEngine.java:194)
	at com.kms.katalon.core.main.ScriptEngine.runScriptAsRawText(ScriptEngine.java:119)
	at com.kms.katalon.core.main.TestCaseExecutor.runScript(TestCaseExecutor.java:442)
	at com.kms.katalon.core.main.TestCaseExecutor.doExecute(TestCaseExecutor.java:433)
	at com.kms.katalon.core.main.TestCaseExecutor.processExecutionPhase(TestCaseExecutor.java:412)
	at com.kms.katalon.core.main.TestCaseExecutor.accessMainPhase(TestCaseExecutor.java:404)
	at com.kms.katalon.core.main.TestCaseExecutor.execute(TestCaseExecutor.java:281)
	at com.kms.katalon.core.main.TestSuiteExecutor.accessTestCaseMainPhase(TestSuiteExecutor.java:202)
	at com.kms.katalon.core.main.TestSuiteExecutor.accessTestSuiteMainPhase(TestSuiteExecutor.java:164)
	at com.kms.katalon.core.main.TestSuiteExecutor.execute(TestSuiteExecutor.java:105)
	at com.kms.katalon.core.main.TestCaseMain.startTestSuite(TestCaseMain.java:181)
	at com.kms.katalon.core.main.TestCaseMain$startTestSuite$0.call(Unknown Source)
	at TempTestSuite1648100878643.run(TempTestSuite1648100878643.groovy:36)
)

2022-03-24 12:50:13 - [TEST_STEP][FAILED] - verifyElementPropertyValue(order, "GetDataOrderResponse.ListDataOrder[0].InsuranceData[4].InsuredTo", o_ins_to_4, CONTINUE_ON_FAILURE): Unable to verify element property value (Root cause: java.lang.NullPointerException: Cannot get property 'InsuredTo' on null object
	at Script1.run(Script1.groovy:1)
	at com.kms.katalon.core.webservice.helper.WebServiceCommonHelper.parseAndGetPropertyValueForJson(WebServiceCommonHelper.java:213)
	at com.kms.katalon.core.webservice.keyword.builtin.VerifyElementPropertyValueKeyword$_verifyElementPropertyValue_closure1.doCall(VerifyElementPropertyValueKeyword.groovy:52)
	at com.kms.katalon.core.webservice.keyword.builtin.VerifyElementPropertyValueKeyword$_verifyElementPropertyValue_closure1.call(VerifyElementPropertyValueKeyword.groovy)
	at com.kms.katalon.core.keyword.internal.KeywordMain.runKeyword(KeywordMain.groovy:74)
	at com.kms.katalon.core.webservice.keyword.builtin.VerifyElementPropertyValueKeyword.verifyElementPropertyValue(VerifyElementPropertyValueKeyword.groovy:48)
	at com.kms.katalon.core.webservice.keyword.builtin.VerifyElementPropertyValueKeyword.execute(VerifyElementPropertyValueKeyword.groovy:43)
	at com.kms.katalon.core.keyword.internal.KeywordExecutor.executeKeywordForPlatform(KeywordExecutor.groovy:74)
	at com.kms.katalon.core.webservice.keyword.WSBuiltInKeywords.verifyElementPropertyValue(WSBuiltInKeywords.groovy:175)
	at com.kms.katalon.core.webservice.keyword.WSBuiltInKeywords$verifyElementPropertyValue$0.call(Unknown Source)
	at 1. get token - data order.run(1. get token - data order:973)
	at com.kms.katalon.core.main.ScriptEngine.run(ScriptEngine.java:194)
	at com.kms.katalon.core.main.ScriptEngine.runScriptAsRawText(ScriptEngine.java:119)
	at com.kms.katalon.core.main.TestCaseExecutor.runScript(TestCaseExecutor.java:442)
	at com.kms.katalon.core.main.TestCaseExecutor.doExecute(TestCaseExecutor.java:433)
	at com.kms.katalon.core.main.TestCaseExecutor.processExecutionPhase(TestCaseExecutor.java:412)
	at com.kms.katalon.core.main.TestCaseExecutor.accessMainPhase(TestCaseExecutor.java:404)
	at com.kms.katalon.core.main.TestCaseExecutor.execute(TestCaseExecutor.java:281)
	at com.kms.katalon.core.main.TestSuiteExecutor.accessTestCaseMainPhase(TestSuiteExecutor.java:202)
	at com.kms.katalon.core.main.TestSuiteExecutor.accessTestSuiteMainPhase(TestSuiteExecutor.java:164)
	at com.kms.katalon.core.main.TestSuiteExecutor.execute(TestSuiteExecutor.java:105)
	at com.kms.katalon.core.main.TestCaseMain.startTestSuite(TestCaseMain.java:181)
	at com.kms.katalon.core.main.TestCaseMain$startTestSuite$0.call(Unknown Source)
	at TempTestSuite1648100878643.run(TempTestSuite1648100878643.groovy:36)
)

2022-03-24 12:50:13 - [MESSAGE][FAILED] - Unable to verify element property value (Root cause: java.lang.NullPointerException: Cannot get property 'InsuredTo' on null object
	at Script1.run(Script1.groovy:1)
	at com.kms.katalon.core.webservice.helper.WebServiceCommonHelper.parseAndGetPropertyValueForJson(WebServiceCommonHelper.java:213)
	at com.kms.katalon.core.webservice.keyword.builtin.VerifyElementPropertyValueKeyword$_verifyElementPropertyValue_closure1.doCall(VerifyElementPropertyValueKeyword.groovy:52)
	at com.kms.katalon.core.webservice.keyword.builtin.VerifyElementPropertyValueKeyword$_verifyElementPropertyValue_closure1.call(VerifyElementPropertyValueKeyword.groovy)
	at com.kms.katalon.core.keyword.internal.KeywordMain.runKeyword(KeywordMain.groovy:74)
	at com.kms.katalon.core.webservice.keyword.builtin.VerifyElementPropertyValueKeyword.verifyElementPropertyValue(VerifyElementPropertyValueKeyword.groovy:48)
	at com.kms.katalon.core.webservice.keyword.builtin.VerifyElementPropertyValueKeyword.execute(VerifyElementPropertyValueKeyword.groovy:43)
	at com.kms.katalon.core.keyword.internal.KeywordExecutor.executeKeywordForPlatform(KeywordExecutor.groovy:74)
	at com.kms.katalon.core.webservice.keyword.WSBuiltInKeywords.verifyElementPropertyValue(WSBuiltInKeywords.groovy:175)
	at com.kms.katalon.core.webservice.keyword.WSBuiltInKeywords$verifyElementPropertyValue$0.call(Unknown Source)
	at 1. get token - data order.run(1. get token - data order:973)
	at com.kms.katalon.core.main.ScriptEngine.run(ScriptEngine.java:194)
	at com.kms.katalon.core.main.ScriptEngine.runScriptAsRawText(ScriptEngine.java:119)
	at com.kms.katalon.core.main.TestCaseExecutor.runScript(TestCaseExecutor.java:442)
	at com.kms.katalon.core.main.TestCaseExecutor.doExecute(TestCaseExecutor.java:433)
	at com.kms.katalon.core.main.TestCaseExecutor.processExecutionPhase(TestCaseExecutor.java:412)
	at com.kms.katalon.core.main.TestCaseExecutor.accessMainPhase(TestCaseExecutor.java:404)
	at com.kms.katalon.core.main.TestCaseExecutor.execute(TestCaseExecutor.java:281)
	at com.kms.katalon.core.main.TestSuiteExecutor.accessTestCaseMainPhase(TestSuiteExecutor.java:202)
	at com.kms.katalon.core.main.TestSuiteExecutor.accessTestSuiteMainPhase(TestSuiteExecutor.java:164)
	at com.kms.katalon.core.main.TestSuiteExecutor.execute(TestSuiteExecutor.java:105)
	at com.kms.katalon.core.main.TestCaseMain.startTestSuite(TestCaseMain.java:181)
	at com.kms.katalon.core.main.TestCaseMain$startTestSuite$0.call(Unknown Source)
	at TempTestSuite1648100878643.run(TempTestSuite1648100878643.groovy:36)
)

2022-03-24 12:50:13 - [TEST_STEP][FAILED] - verifyElementPropertyValue(order, "GetDataOrderResponse.ListDataOrder[0].InsuranceData[4].Rate", o_rate_4, CONTINUE_ON_FAILURE): Unable to verify element property value (Root cause: java.lang.NullPointerException: Cannot get property 'Rate' on null object
	at Script1.run(Script1.groovy:1)
	at com.kms.katalon.core.webservice.helper.WebServiceCommonHelper.parseAndGetPropertyValueForJson(WebServiceCommonHelper.java:213)
	at com.kms.katalon.core.webservice.keyword.builtin.VerifyElementPropertyValueKeyword$_verifyElementPropertyValue_closure1.doCall(VerifyElementPropertyValueKeyword.groovy:52)
	at com.kms.katalon.core.webservice.keyword.builtin.VerifyElementPropertyValueKeyword$_verifyElementPropertyValue_closure1.call(VerifyElementPropertyValueKeyword.groovy)
	at com.kms.katalon.core.keyword.internal.KeywordMain.runKeyword(KeywordMain.groovy:74)
	at com.kms.katalon.core.webservice.keyword.builtin.VerifyElementPropertyValueKeyword.verifyElementPropertyValue(VerifyElementPropertyValueKeyword.groovy:48)
	at com.kms.katalon.core.webservice.keyword.builtin.VerifyElementPropertyValueKeyword.execute(VerifyElementPropertyValueKeyword.groovy:43)
	at com.kms.katalon.core.keyword.internal.KeywordExecutor.executeKeywordForPlatform(KeywordExecutor.groovy:74)
	at com.kms.katalon.core.webservice.keyword.WSBuiltInKeywords.verifyElementPropertyValue(WSBuiltInKeywords.groovy:175)
	at com.kms.katalon.core.webservice.keyword.WSBuiltInKeywords$verifyElementPropertyValue$0.call(Unknown Source)
	at 1. get token - data order.run(1. get token - data order:976)
	at com.kms.katalon.core.main.ScriptEngine.run(ScriptEngine.java:194)
	at com.kms.katalon.core.main.ScriptEngine.runScriptAsRawText(ScriptEngine.java:119)
	at com.kms.katalon.core.main.TestCaseExecutor.runScript(TestCaseExecutor.java:442)
	at com.kms.katalon.core.main.TestCaseExecutor.doExecute(TestCaseExecutor.java:433)
	at com.kms.katalon.core.main.TestCaseExecutor.processExecutionPhase(TestCaseExecutor.java:412)
	at com.kms.katalon.core.main.TestCaseExecutor.accessMainPhase(TestCaseExecutor.java:404)
	at com.kms.katalon.core.main.TestCaseExecutor.execute(TestCaseExecutor.java:281)
	at com.kms.katalon.core.main.TestSuiteExecutor.accessTestCaseMainPhase(TestSuiteExecutor.java:202)
	at com.kms.katalon.core.main.TestSuiteExecutor.accessTestSuiteMainPhase(TestSuiteExecutor.java:164)
	at com.kms.katalon.core.main.TestSuiteExecutor.execute(TestSuiteExecutor.java:105)
	at com.kms.katalon.core.main.TestCaseMain.startTestSuite(TestCaseMain.java:181)
	at com.kms.katalon.core.main.TestCaseMain$startTestSuite$0.call(Unknown Source)
	at TempTestSuite1648100878643.run(TempTestSuite1648100878643.groovy:36)
)

2022-03-24 12:50:13 - [MESSAGE][FAILED] - Unable to verify element property value (Root cause: java.lang.NullPointerException: Cannot get property 'Rate' on null object
	at Script1.run(Script1.groovy:1)
	at com.kms.katalon.core.webservice.helper.WebServiceCommonHelper.parseAndGetPropertyValueForJson(WebServiceCommonHelper.java:213)
	at com.kms.katalon.core.webservice.keyword.builtin.VerifyElementPropertyValueKeyword$_verifyElementPropertyValue_closure1.doCall(VerifyElementPropertyValueKeyword.groovy:52)
	at com.kms.katalon.core.webservice.keyword.builtin.VerifyElementPropertyValueKeyword$_verifyElementPropertyValue_closure1.call(VerifyElementPropertyValueKeyword.groovy)
	at com.kms.katalon.core.keyword.internal.KeywordMain.runKeyword(KeywordMain.groovy:74)
	at com.kms.katalon.core.webservice.keyword.builtin.VerifyElementPropertyValueKeyword.verifyElementPropertyValue(VerifyElementPropertyValueKeyword.groovy:48)
	at com.kms.katalon.core.webservice.keyword.builtin.VerifyElementPropertyValueKeyword.execute(VerifyElementPropertyValueKeyword.groovy:43)
	at com.kms.katalon.core.keyword.internal.KeywordExecutor.executeKeywordForPlatform(KeywordExecutor.groovy:74)
	at com.kms.katalon.core.webservice.keyword.WSBuiltInKeywords.verifyElementPropertyValue(WSBuiltInKeywords.groovy:175)
	at com.kms.katalon.core.webservice.keyword.WSBuiltInKeywords$verifyElementPropertyValue$0.call(Unknown Source)
	at 1. get token - data order.run(1. get token - data order:976)
	at com.kms.katalon.core.main.ScriptEngine.run(ScriptEngine.java:194)
	at com.kms.katalon.core.main.ScriptEngine.runScriptAsRawText(ScriptEngine.java:119)
	at com.kms.katalon.core.main.TestCaseExecutor.runScript(TestCaseExecutor.java:442)
	at com.kms.katalon.core.main.TestCaseExecutor.doExecute(TestCaseExecutor.java:433)
	at com.kms.katalon.core.main.TestCaseExecutor.processExecutionPhase(TestCaseExecutor.java:412)
	at com.kms.katalon.core.main.TestCaseExecutor.accessMainPhase(TestCaseExecutor.java:404)
	at com.kms.katalon.core.main.TestCaseExecutor.execute(TestCaseExecutor.java:281)
	at com.kms.katalon.core.main.TestSuiteExecutor.accessTestCaseMainPhase(TestSuiteExecutor.java:202)
	at com.kms.katalon.core.main.TestSuiteExecutor.accessTestSuiteMainPhase(TestSuiteExecutor.java:164)
	at com.kms.katalon.core.main.TestSuiteExecutor.execute(TestSuiteExecutor.java:105)
	at com.kms.katalon.core.main.TestCaseMain.startTestSuite(TestCaseMain.java:181)
	at com.kms.katalon.core.main.TestCaseMain$startTestSuite$0.call(Unknown Source)
	at TempTestSuite1648100878643.run(TempTestSuite1648100878643.groovy:36)
)

2022-03-24 12:50:13 - [TEST_STEP][FAILED] - verifyElementPropertyValue(order, "GetDataOrderResponse.ListDataOrder[0].InsuranceData[4].GrossPremi", o_gross_premi_4, CONTINUE_ON_FAILURE): Unable to verify element property value (Root cause: java.lang.NullPointerException: Cannot get property 'GrossPremi' on null object
	at Script1.run(Script1.groovy:1)
	at com.kms.katalon.core.webservice.helper.WebServiceCommonHelper.parseAndGetPropertyValueForJson(WebServiceCommonHelper.java:213)
	at com.kms.katalon.core.webservice.keyword.builtin.VerifyElementPropertyValueKeyword$_verifyElementPropertyValue_closure1.doCall(VerifyElementPropertyValueKeyword.groovy:52)
	at com.kms.katalon.core.webservice.keyword.builtin.VerifyElementPropertyValueKeyword$_verifyElementPropertyValue_closure1.call(VerifyElementPropertyValueKeyword.groovy)
	at com.kms.katalon.core.keyword.internal.KeywordMain.runKeyword(KeywordMain.groovy:74)
	at com.kms.katalon.core.webservice.keyword.builtin.VerifyElementPropertyValueKeyword.verifyElementPropertyValue(VerifyElementPropertyValueKeyword.groovy:48)
	at com.kms.katalon.core.webservice.keyword.builtin.VerifyElementPropertyValueKeyword.execute(VerifyElementPropertyValueKeyword.groovy:43)
	at com.kms.katalon.core.keyword.internal.KeywordExecutor.executeKeywordForPlatform(KeywordExecutor.groovy:74)
	at com.kms.katalon.core.webservice.keyword.WSBuiltInKeywords.verifyElementPropertyValue(WSBuiltInKeywords.groovy:175)
	at com.kms.katalon.core.webservice.keyword.WSBuiltInKeywords$verifyElementPropertyValue$0.call(Unknown Source)
	at 1. get token - data order.run(1. get token - data order:978)
	at com.kms.katalon.core.main.ScriptEngine.run(ScriptEngine.java:194)
	at com.kms.katalon.core.main.ScriptEngine.runScriptAsRawText(ScriptEngine.java:119)
	at com.kms.katalon.core.main.TestCaseExecutor.runScript(TestCaseExecutor.java:442)
	at com.kms.katalon.core.main.TestCaseExecutor.doExecute(TestCaseExecutor.java:433)
	at com.kms.katalon.core.main.TestCaseExecutor.processExecutionPhase(TestCaseExecutor.java:412)
	at com.kms.katalon.core.main.TestCaseExecutor.accessMainPhase(TestCaseExecutor.java:404)
	at com.kms.katalon.core.main.TestCaseExecutor.execute(TestCaseExecutor.java:281)
	at com.kms.katalon.core.main.TestSuiteExecutor.accessTestCaseMainPhase(TestSuiteExecutor.java:202)
	at com.kms.katalon.core.main.TestSuiteExecutor.accessTestSuiteMainPhase(TestSuiteExecutor.java:164)
	at com.kms.katalon.core.main.TestSuiteExecutor.execute(TestSuiteExecutor.java:105)
	at com.kms.katalon.core.main.TestCaseMain.startTestSuite(TestCaseMain.java:181)
	at com.kms.katalon.core.main.TestCaseMain$startTestSuite$0.call(Unknown Source)
	at TempTestSuite1648100878643.run(TempTestSuite1648100878643.groovy:36)
)

2022-03-24 12:50:13 - [MESSAGE][FAILED] - Unable to verify element property value (Root cause: java.lang.NullPointerException: Cannot get property 'GrossPremi' on null object
	at Script1.run(Script1.groovy:1)
	at com.kms.katalon.core.webservice.helper.WebServiceCommonHelper.parseAndGetPropertyValueForJson(WebServiceCommonHelper.java:213)
	at com.kms.katalon.core.webservice.keyword.builtin.VerifyElementPropertyValueKeyword$_verifyElementPropertyValue_closure1.doCall(VerifyElementPropertyValueKeyword.groovy:52)
	at com.kms.katalon.core.webservice.keyword.builtin.VerifyElementPropertyValueKeyword$_verifyElementPropertyValue_closure1.call(VerifyElementPropertyValueKeyword.groovy)
	at com.kms.katalon.core.keyword.internal.KeywordMain.runKeyword(KeywordMain.groovy:74)
	at com.kms.katalon.core.webservice.keyword.builtin.VerifyElementPropertyValueKeyword.verifyElementPropertyValue(VerifyElementPropertyValueKeyword.groovy:48)
	at com.kms.katalon.core.webservice.keyword.builtin.VerifyElementPropertyValueKeyword.execute(VerifyElementPropertyValueKeyword.groovy:43)
	at com.kms.katalon.core.keyword.internal.KeywordExecutor.executeKeywordForPlatform(KeywordExecutor.groovy:74)
	at com.kms.katalon.core.webservice.keyword.WSBuiltInKeywords.verifyElementPropertyValue(WSBuiltInKeywords.groovy:175)
	at com.kms.katalon.core.webservice.keyword.WSBuiltInKeywords$verifyElementPropertyValue$0.call(Unknown Source)
	at 1. get token - data order.run(1. get token - data order:978)
	at com.kms.katalon.core.main.ScriptEngine.run(ScriptEngine.java:194)
	at com.kms.katalon.core.main.ScriptEngine.runScriptAsRawText(ScriptEngine.java:119)
	at com.kms.katalon.core.main.TestCaseExecutor.runScript(TestCaseExecutor.java:442)
	at com.kms.katalon.core.main.TestCaseExecutor.doExecute(TestCaseExecutor.java:433)
	at com.kms.katalon.core.main.TestCaseExecutor.processExecutionPhase(TestCaseExecutor.java:412)
	at com.kms.katalon.core.main.TestCaseExecutor.accessMainPhase(TestCaseExecutor.java:404)
	at com.kms.katalon.core.main.TestCaseExecutor.execute(TestCaseExecutor.java:281)
	at com.kms.katalon.core.main.TestSuiteExecutor.accessTestCaseMainPhase(TestSuiteExecutor.java:202)
	at com.kms.katalon.core.main.TestSuiteExecutor.accessTestSuiteMainPhase(TestSuiteExecutor.java:164)
	at com.kms.katalon.core.main.TestSuiteExecutor.execute(TestSuiteExecutor.java:105)
	at com.kms.katalon.core.main.TestCaseMain.startTestSuite(TestCaseMain.java:181)
	at com.kms.katalon.core.main.TestCaseMain$startTestSuite$0.call(Unknown Source)
	at TempTestSuite1648100878643.run(TempTestSuite1648100878643.groovy:36)
)

2022-03-24 12:50:13 - [TEST_STEP][FAILED] - verifyElementPropertyValue(order, "GetDataOrderResponse.ListDataOrder[0].InsuranceData[4].Discount", o_discount_4, CONTINUE_ON_FAILURE): Unable to verify element property value (Root cause: java.lang.NullPointerException: Cannot get property 'Discount' on null object
	at Script1.run(Script1.groovy:1)
	at com.kms.katalon.core.webservice.helper.WebServiceCommonHelper.parseAndGetPropertyValueForJson(WebServiceCommonHelper.java:213)
	at com.kms.katalon.core.webservice.keyword.builtin.VerifyElementPropertyValueKeyword$_verifyElementPropertyValue_closure1.doCall(VerifyElementPropertyValueKeyword.groovy:52)
	at com.kms.katalon.core.webservice.keyword.builtin.VerifyElementPropertyValueKeyword$_verifyElementPropertyValue_closure1.call(VerifyElementPropertyValueKeyword.groovy)
	at com.kms.katalon.core.keyword.internal.KeywordMain.runKeyword(KeywordMain.groovy:74)
	at com.kms.katalon.core.webservice.keyword.builtin.VerifyElementPropertyValueKeyword.verifyElementPropertyValue(VerifyElementPropertyValueKeyword.groovy:48)
	at com.kms.katalon.core.webservice.keyword.builtin.VerifyElementPropertyValueKeyword.execute(VerifyElementPropertyValueKeyword.groovy:43)
	at com.kms.katalon.core.keyword.internal.KeywordExecutor.executeKeywordForPlatform(KeywordExecutor.groovy:74)
	at com.kms.katalon.core.webservice.keyword.WSBuiltInKeywords.verifyElementPropertyValue(WSBuiltInKeywords.groovy:175)
	at com.kms.katalon.core.webservice.keyword.WSBuiltInKeywords$verifyElementPropertyValue$0.call(Unknown Source)
	at 1. get token - data order.run(1. get token - data order:981)
	at com.kms.katalon.core.main.ScriptEngine.run(ScriptEngine.java:194)
	at com.kms.katalon.core.main.ScriptEngine.runScriptAsRawText(ScriptEngine.java:119)
	at com.kms.katalon.core.main.TestCaseExecutor.runScript(TestCaseExecutor.java:442)
	at com.kms.katalon.core.main.TestCaseExecutor.doExecute(TestCaseExecutor.java:433)
	at com.kms.katalon.core.main.TestCaseExecutor.processExecutionPhase(TestCaseExecutor.java:412)
	at com.kms.katalon.core.main.TestCaseExecutor.accessMainPhase(TestCaseExecutor.java:404)
	at com.kms.katalon.core.main.TestCaseExecutor.execute(TestCaseExecutor.java:281)
	at com.kms.katalon.core.main.TestSuiteExecutor.accessTestCaseMainPhase(TestSuiteExecutor.java:202)
	at com.kms.katalon.core.main.TestSuiteExecutor.accessTestSuiteMainPhase(TestSuiteExecutor.java:164)
	at com.kms.katalon.core.main.TestSuiteExecutor.execute(TestSuiteExecutor.java:105)
	at com.kms.katalon.core.main.TestCaseMain.startTestSuite(TestCaseMain.java:181)
	at com.kms.katalon.core.main.TestCaseMain$startTestSuite$0.call(Unknown Source)
	at TempTestSuite1648100878643.run(TempTestSuite1648100878643.groovy:36)
)

2022-03-24 12:50:13 - [MESSAGE][FAILED] - Unable to verify element property value (Root cause: java.lang.NullPointerException: Cannot get property 'Discount' on null object
	at Script1.run(Script1.groovy:1)
	at com.kms.katalon.core.webservice.helper.WebServiceCommonHelper.parseAndGetPropertyValueForJson(WebServiceCommonHelper.java:213)
	at com.kms.katalon.core.webservice.keyword.builtin.VerifyElementPropertyValueKeyword$_verifyElementPropertyValue_closure1.doCall(VerifyElementPropertyValueKeyword.groovy:52)
	at com.kms.katalon.core.webservice.keyword.builtin.VerifyElementPropertyValueKeyword$_verifyElementPropertyValue_closure1.call(VerifyElementPropertyValueKeyword.groovy)
	at com.kms.katalon.core.keyword.internal.KeywordMain.runKeyword(KeywordMain.groovy:74)
	at com.kms.katalon.core.webservice.keyword.builtin.VerifyElementPropertyValueKeyword.verifyElementPropertyValue(VerifyElementPropertyValueKeyword.groovy:48)
	at com.kms.katalon.core.webservice.keyword.builtin.VerifyElementPropertyValueKeyword.execute(VerifyElementPropertyValueKeyword.groovy:43)
	at com.kms.katalon.core.keyword.internal.KeywordExecutor.executeKeywordForPlatform(KeywordExecutor.groovy:74)
	at com.kms.katalon.core.webservice.keyword.WSBuiltInKeywords.verifyElementPropertyValue(WSBuiltInKeywords.groovy:175)
	at com.kms.katalon.core.webservice.keyword.WSBuiltInKeywords$verifyElementPropertyValue$0.call(Unknown Source)
	at 1. get token - data order.run(1. get token - data order:981)
	at com.kms.katalon.core.main.ScriptEngine.run(ScriptEngine.java:194)
	at com.kms.katalon.core.main.ScriptEngine.runScriptAsRawText(ScriptEngine.java:119)
	at com.kms.katalon.core.main.TestCaseExecutor.runScript(TestCaseExecutor.java:442)
	at com.kms.katalon.core.main.TestCaseExecutor.doExecute(TestCaseExecutor.java:433)
	at com.kms.katalon.core.main.TestCaseExecutor.processExecutionPhase(TestCaseExecutor.java:412)
	at com.kms.katalon.core.main.TestCaseExecutor.accessMainPhase(TestCaseExecutor.java:404)
	at com.kms.katalon.core.main.TestCaseExecutor.execute(TestCaseExecutor.java:281)
	at com.kms.katalon.core.main.TestSuiteExecutor.accessTestCaseMainPhase(TestSuiteExecutor.java:202)
	at com.kms.katalon.core.main.TestSuiteExecutor.accessTestSuiteMainPhase(TestSuiteExecutor.java:164)
	at com.kms.katalon.core.main.TestSuiteExecutor.execute(TestSuiteExecutor.java:105)
	at com.kms.katalon.core.main.TestCaseMain.startTestSuite(TestCaseMain.java:181)
	at com.kms.katalon.core.main.TestCaseMain$startTestSuite$0.call(Unknown Source)
	at TempTestSuite1648100878643.run(TempTestSuite1648100878643.groovy:36)
)

2022-03-24 12:50:13 - [TEST_STEP][FAILED] - verifyElementPropertyValue(order, "GetDataOrderResponse.ListDataOrder[0].InsuranceData[4].Adm", o_adm_4, CONTINUE_ON_FAILURE): Unable to verify element property value (Root cause: java.lang.NullPointerException: Cannot get property 'Adm' on null object
	at Script1.run(Script1.groovy:1)
	at com.kms.katalon.core.webservice.helper.WebServiceCommonHelper.parseAndGetPropertyValueForJson(WebServiceCommonHelper.java:213)
	at com.kms.katalon.core.webservice.keyword.builtin.VerifyElementPropertyValueKeyword$_verifyElementPropertyValue_closure1.doCall(VerifyElementPropertyValueKeyword.groovy:52)
	at com.kms.katalon.core.webservice.keyword.builtin.VerifyElementPropertyValueKeyword$_verifyElementPropertyValue_closure1.call(VerifyElementPropertyValueKeyword.groovy)
	at com.kms.katalon.core.keyword.internal.KeywordMain.runKeyword(KeywordMain.groovy:74)
	at com.kms.katalon.core.webservice.keyword.builtin.VerifyElementPropertyValueKeyword.verifyElementPropertyValue(VerifyElementPropertyValueKeyword.groovy:48)
	at com.kms.katalon.core.webservice.keyword.builtin.VerifyElementPropertyValueKeyword.execute(VerifyElementPropertyValueKeyword.groovy:43)
	at com.kms.katalon.core.keyword.internal.KeywordExecutor.executeKeywordForPlatform(KeywordExecutor.groovy:74)
	at com.kms.katalon.core.webservice.keyword.WSBuiltInKeywords.verifyElementPropertyValue(WSBuiltInKeywords.groovy:175)
	at com.kms.katalon.core.webservice.keyword.WSBuiltInKeywords$verifyElementPropertyValue$0.call(Unknown Source)
	at 1. get token - data order.run(1. get token - data order:984)
	at com.kms.katalon.core.main.ScriptEngine.run(ScriptEngine.java:194)
	at com.kms.katalon.core.main.ScriptEngine.runScriptAsRawText(ScriptEngine.java:119)
	at com.kms.katalon.core.main.TestCaseExecutor.runScript(TestCaseExecutor.java:442)
	at com.kms.katalon.core.main.TestCaseExecutor.doExecute(TestCaseExecutor.java:433)
	at com.kms.katalon.core.main.TestCaseExecutor.processExecutionPhase(TestCaseExecutor.java:412)
	at com.kms.katalon.core.main.TestCaseExecutor.accessMainPhase(TestCaseExecutor.java:404)
	at com.kms.katalon.core.main.TestCaseExecutor.execute(TestCaseExecutor.java:281)
	at com.kms.katalon.core.main.TestSuiteExecutor.accessTestCaseMainPhase(TestSuiteExecutor.java:202)
	at com.kms.katalon.core.main.TestSuiteExecutor.accessTestSuiteMainPhase(TestSuiteExecutor.java:164)
	at com.kms.katalon.core.main.TestSuiteExecutor.execute(TestSuiteExecutor.java:105)
	at com.kms.katalon.core.main.TestCaseMain.startTestSuite(TestCaseMain.java:181)
	at com.kms.katalon.core.main.TestCaseMain$startTestSuite$0.call(Unknown Source)
	at TempTestSuite1648100878643.run(TempTestSuite1648100878643.groovy:36)
)

2022-03-24 12:50:13 - [MESSAGE][FAILED] - Unable to verify element property value (Root cause: java.lang.NullPointerException: Cannot get property 'Adm' on null object
	at Script1.run(Script1.groovy:1)
	at com.kms.katalon.core.webservice.helper.WebServiceCommonHelper.parseAndGetPropertyValueForJson(WebServiceCommonHelper.java:213)
	at com.kms.katalon.core.webservice.keyword.builtin.VerifyElementPropertyValueKeyword$_verifyElementPropertyValue_closure1.doCall(VerifyElementPropertyValueKeyword.groovy:52)
	at com.kms.katalon.core.webservice.keyword.builtin.VerifyElementPropertyValueKeyword$_verifyElementPropertyValue_closure1.call(VerifyElementPropertyValueKeyword.groovy)
	at com.kms.katalon.core.keyword.internal.KeywordMain.runKeyword(KeywordMain.groovy:74)
	at com.kms.katalon.core.webservice.keyword.builtin.VerifyElementPropertyValueKeyword.verifyElementPropertyValue(VerifyElementPropertyValueKeyword.groovy:48)
	at com.kms.katalon.core.webservice.keyword.builtin.VerifyElementPropertyValueKeyword.execute(VerifyElementPropertyValueKeyword.groovy:43)
	at com.kms.katalon.core.keyword.internal.KeywordExecutor.executeKeywordForPlatform(KeywordExecutor.groovy:74)
	at com.kms.katalon.core.webservice.keyword.WSBuiltInKeywords.verifyElementPropertyValue(WSBuiltInKeywords.groovy:175)
	at com.kms.katalon.core.webservice.keyword.WSBuiltInKeywords$verifyElementPropertyValue$0.call(Unknown Source)
	at 1. get token - data order.run(1. get token - data order:984)
	at com.kms.katalon.core.main.ScriptEngine.run(ScriptEngine.java:194)
	at com.kms.katalon.core.main.ScriptEngine.runScriptAsRawText(ScriptEngine.java:119)
	at com.kms.katalon.core.main.TestCaseExecutor.runScript(TestCaseExecutor.java:442)
	at com.kms.katalon.core.main.TestCaseExecutor.doExecute(TestCaseExecutor.java:433)
	at com.kms.katalon.core.main.TestCaseExecutor.processExecutionPhase(TestCaseExecutor.java:412)
	at com.kms.katalon.core.main.TestCaseExecutor.accessMainPhase(TestCaseExecutor.java:404)
	at com.kms.katalon.core.main.TestCaseExecutor.execute(TestCaseExecutor.java:281)
	at com.kms.katalon.core.main.TestSuiteExecutor.accessTestCaseMainPhase(TestSuiteExecutor.java:202)
	at com.kms.katalon.core.main.TestSuiteExecutor.accessTestSuiteMainPhase(TestSuiteExecutor.java:164)
	at com.kms.katalon.core.main.TestSuiteExecutor.execute(TestSuiteExecutor.java:105)
	at com.kms.katalon.core.main.TestCaseMain.startTestSuite(TestCaseMain.java:181)
	at com.kms.katalon.core.main.TestCaseMain$startTestSuite$0.call(Unknown Source)
	at TempTestSuite1648100878643.run(TempTestSuite1648100878643.groovy:36)
)

2022-03-24 12:50:13 - [TEST_STEP][FAILED] - verifyElementPropertyValue(order, "GetDataOrderResponse.ListDataOrder[0].InsuranceData[4].NetPremi", o_netpremi_4, CONTINUE_ON_FAILURE): Unable to verify element property value (Root cause: java.lang.NullPointerException: Cannot get property 'NetPremi' on null object
	at Script1.run(Script1.groovy:1)
	at com.kms.katalon.core.webservice.helper.WebServiceCommonHelper.parseAndGetPropertyValueForJson(WebServiceCommonHelper.java:213)
	at com.kms.katalon.core.webservice.keyword.builtin.VerifyElementPropertyValueKeyword$_verifyElementPropertyValue_closure1.doCall(VerifyElementPropertyValueKeyword.groovy:52)
	at com.kms.katalon.core.webservice.keyword.builtin.VerifyElementPropertyValueKeyword$_verifyElementPropertyValue_closure1.call(VerifyElementPropertyValueKeyword.groovy)
	at com.kms.katalon.core.keyword.internal.KeywordMain.runKeyword(KeywordMain.groovy:74)
	at com.kms.katalon.core.webservice.keyword.builtin.VerifyElementPropertyValueKeyword.verifyElementPropertyValue(VerifyElementPropertyValueKeyword.groovy:48)
	at com.kms.katalon.core.webservice.keyword.builtin.VerifyElementPropertyValueKeyword.execute(VerifyElementPropertyValueKeyword.groovy:43)
	at com.kms.katalon.core.keyword.internal.KeywordExecutor.executeKeywordForPlatform(KeywordExecutor.groovy:74)
	at com.kms.katalon.core.webservice.keyword.WSBuiltInKeywords.verifyElementPropertyValue(WSBuiltInKeywords.groovy:175)
	at com.kms.katalon.core.webservice.keyword.WSBuiltInKeywords$verifyElementPropertyValue$0.call(Unknown Source)
	at 1. get token - data order.run(1. get token - data order:986)
	at com.kms.katalon.core.main.ScriptEngine.run(ScriptEngine.java:194)
	at com.kms.katalon.core.main.ScriptEngine.runScriptAsRawText(ScriptEngine.java:119)
	at com.kms.katalon.core.main.TestCaseExecutor.runScript(TestCaseExecutor.java:442)
	at com.kms.katalon.core.main.TestCaseExecutor.doExecute(TestCaseExecutor.java:433)
	at com.kms.katalon.core.main.TestCaseExecutor.processExecutionPhase(TestCaseExecutor.java:412)
	at com.kms.katalon.core.main.TestCaseExecutor.accessMainPhase(TestCaseExecutor.java:404)
	at com.kms.katalon.core.main.TestCaseExecutor.execute(TestCaseExecutor.java:281)
	at com.kms.katalon.core.main.TestSuiteExecutor.accessTestCaseMainPhase(TestSuiteExecutor.java:202)
	at com.kms.katalon.core.main.TestSuiteExecutor.accessTestSuiteMainPhase(TestSuiteExecutor.java:164)
	at com.kms.katalon.core.main.TestSuiteExecutor.execute(TestSuiteExecutor.java:105)
	at com.kms.katalon.core.main.TestCaseMain.startTestSuite(TestCaseMain.java:181)
	at com.kms.katalon.core.main.TestCaseMain$startTestSuite$0.call(Unknown Source)
	at TempTestSuite1648100878643.run(TempTestSuite1648100878643.groovy:36)
)

2022-03-24 12:50:13 - [MESSAGE][FAILED] - Unable to verify element property value (Root cause: java.lang.NullPointerException: Cannot get property 'NetPremi' on null object
	at Script1.run(Script1.groovy:1)
	at com.kms.katalon.core.webservice.helper.WebServiceCommonHelper.parseAndGetPropertyValueForJson(WebServiceCommonHelper.java:213)
	at com.kms.katalon.core.webservice.keyword.builtin.VerifyElementPropertyValueKeyword$_verifyElementPropertyValue_closure1.doCall(VerifyElementPropertyValueKeyword.groovy:52)
	at com.kms.katalon.core.webservice.keyword.builtin.VerifyElementPropertyValueKeyword$_verifyElementPropertyValue_closure1.call(VerifyElementPropertyValueKeyword.groovy)
	at com.kms.katalon.core.keyword.internal.KeywordMain.runKeyword(KeywordMain.groovy:74)
	at com.kms.katalon.core.webservice.keyword.builtin.VerifyElementPropertyValueKeyword.verifyElementPropertyValue(VerifyElementPropertyValueKeyword.groovy:48)
	at com.kms.katalon.core.webservice.keyword.builtin.VerifyElementPropertyValueKeyword.execute(VerifyElementPropertyValueKeyword.groovy:43)
	at com.kms.katalon.core.keyword.internal.KeywordExecutor.executeKeywordForPlatform(KeywordExecutor.groovy:74)
	at com.kms.katalon.core.webservice.keyword.WSBuiltInKeywords.verifyElementPropertyValue(WSBuiltInKeywords.groovy:175)
	at com.kms.katalon.core.webservice.keyword.WSBuiltInKeywords$verifyElementPropertyValue$0.call(Unknown Source)
	at 1. get token - data order.run(1. get token - data order:986)
	at com.kms.katalon.core.main.ScriptEngine.run(ScriptEngine.java:194)
	at com.kms.katalon.core.main.ScriptEngine.runScriptAsRawText(ScriptEngine.java:119)
	at com.kms.katalon.core.main.TestCaseExecutor.runScript(TestCaseExecutor.java:442)
	at com.kms.katalon.core.main.TestCaseExecutor.doExecute(TestCaseExecutor.java:433)
	at com.kms.katalon.core.main.TestCaseExecutor.processExecutionPhase(TestCaseExecutor.java:412)
	at com.kms.katalon.core.main.TestCaseExecutor.accessMainPhase(TestCaseExecutor.java:404)
	at com.kms.katalon.core.main.TestCaseExecutor.execute(TestCaseExecutor.java:281)
	at com.kms.katalon.core.main.TestSuiteExecutor.accessTestCaseMainPhase(TestSuiteExecutor.java:202)
	at com.kms.katalon.core.main.TestSuiteExecutor.accessTestSuiteMainPhase(TestSuiteExecutor.java:164)
	at com.kms.katalon.core.main.TestSuiteExecutor.execute(TestSuiteExecutor.java:105)
	at com.kms.katalon.core.main.TestCaseMain.startTestSuite(TestCaseMain.java:181)
	at com.kms.katalon.core.main.TestCaseMain$startTestSuite$0.call(Unknown Source)
	at TempTestSuite1648100878643.run(TempTestSuite1648100878643.groovy:36)
)

2022-03-24 12:50:13 - [TEST_STEP][FAILED] - verifyElementPropertyValue(order, "GetDataOrderResponse.ListDataOrder[0].InsuranceData[4].PerluasanJaminan.TJH", o_tjh_val_4, CONTINUE_ON_FAILURE): Unable to verify element property value (Root cause: java.lang.NullPointerException: Cannot get property 'PerluasanJaminan' on null object
	at Script1.run(Script1.groovy:1)
	at com.kms.katalon.core.webservice.helper.WebServiceCommonHelper.parseAndGetPropertyValueForJson(WebServiceCommonHelper.java:213)
	at com.kms.katalon.core.webservice.keyword.builtin.VerifyElementPropertyValueKeyword$_verifyElementPropertyValue_closure1.doCall(VerifyElementPropertyValueKeyword.groovy:52)
	at com.kms.katalon.core.webservice.keyword.builtin.VerifyElementPropertyValueKeyword$_verifyElementPropertyValue_closure1.call(VerifyElementPropertyValueKeyword.groovy)
	at com.kms.katalon.core.keyword.internal.KeywordMain.runKeyword(KeywordMain.groovy:74)
	at com.kms.katalon.core.webservice.keyword.builtin.VerifyElementPropertyValueKeyword.verifyElementPropertyValue(VerifyElementPropertyValueKeyword.groovy:48)
	at com.kms.katalon.core.webservice.keyword.builtin.VerifyElementPropertyValueKeyword.execute(VerifyElementPropertyValueKeyword.groovy:43)
	at com.kms.katalon.core.keyword.internal.KeywordExecutor.executeKeywordForPlatform(KeywordExecutor.groovy:74)
	at com.kms.katalon.core.webservice.keyword.WSBuiltInKeywords.verifyElementPropertyValue(WSBuiltInKeywords.groovy:175)
	at com.kms.katalon.core.webservice.keyword.WSBuiltInKeywords$verifyElementPropertyValue$0.call(Unknown Source)
	at 1. get token - data order.run(1. get token - data order:989)
	at com.kms.katalon.core.main.ScriptEngine.run(ScriptEngine.java:194)
	at com.kms.katalon.core.main.ScriptEngine.runScriptAsRawText(ScriptEngine.java:119)
	at com.kms.katalon.core.main.TestCaseExecutor.runScript(TestCaseExecutor.java:442)
	at com.kms.katalon.core.main.TestCaseExecutor.doExecute(TestCaseExecutor.java:433)
	at com.kms.katalon.core.main.TestCaseExecutor.processExecutionPhase(TestCaseExecutor.java:412)
	at com.kms.katalon.core.main.TestCaseExecutor.accessMainPhase(TestCaseExecutor.java:404)
	at com.kms.katalon.core.main.TestCaseExecutor.execute(TestCaseExecutor.java:281)
	at com.kms.katalon.core.main.TestSuiteExecutor.accessTestCaseMainPhase(TestSuiteExecutor.java:202)
	at com.kms.katalon.core.main.TestSuiteExecutor.accessTestSuiteMainPhase(TestSuiteExecutor.java:164)
	at com.kms.katalon.core.main.TestSuiteExecutor.execute(TestSuiteExecutor.java:105)
	at com.kms.katalon.core.main.TestCaseMain.startTestSuite(TestCaseMain.java:181)
	at com.kms.katalon.core.main.TestCaseMain$startTestSuite$0.call(Unknown Source)
	at TempTestSuite1648100878643.run(TempTestSuite1648100878643.groovy:36)
)

2022-03-24 12:50:13 - [MESSAGE][FAILED] - Unable to verify element property value (Root cause: java.lang.NullPointerException: Cannot get property 'PerluasanJaminan' on null object
	at Script1.run(Script1.groovy:1)
	at com.kms.katalon.core.webservice.helper.WebServiceCommonHelper.parseAndGetPropertyValueForJson(WebServiceCommonHelper.java:213)
	at com.kms.katalon.core.webservice.keyword.builtin.VerifyElementPropertyValueKeyword$_verifyElementPropertyValue_closure1.doCall(VerifyElementPropertyValueKeyword.groovy:52)
	at com.kms.katalon.core.webservice.keyword.builtin.VerifyElementPropertyValueKeyword$_verifyElementPropertyValue_closure1.call(VerifyElementPropertyValueKeyword.groovy)
	at com.kms.katalon.core.keyword.internal.KeywordMain.runKeyword(KeywordMain.groovy:74)
	at com.kms.katalon.core.webservice.keyword.builtin.VerifyElementPropertyValueKeyword.verifyElementPropertyValue(VerifyElementPropertyValueKeyword.groovy:48)
	at com.kms.katalon.core.webservice.keyword.builtin.VerifyElementPropertyValueKeyword.execute(VerifyElementPropertyValueKeyword.groovy:43)
	at com.kms.katalon.core.keyword.internal.KeywordExecutor.executeKeywordForPlatform(KeywordExecutor.groovy:74)
	at com.kms.katalon.core.webservice.keyword.WSBuiltInKeywords.verifyElementPropertyValue(WSBuiltInKeywords.groovy:175)
	at com.kms.katalon.core.webservice.keyword.WSBuiltInKeywords$verifyElementPropertyValue$0.call(Unknown Source)
	at 1. get token - data order.run(1. get token - data order:989)
	at com.kms.katalon.core.main.ScriptEngine.run(ScriptEngine.java:194)
	at com.kms.katalon.core.main.ScriptEngine.runScriptAsRawText(ScriptEngine.java:119)
	at com.kms.katalon.core.main.TestCaseExecutor.runScript(TestCaseExecutor.java:442)
	at com.kms.katalon.core.main.TestCaseExecutor.doExecute(TestCaseExecutor.java:433)
	at com.kms.katalon.core.main.TestCaseExecutor.processExecutionPhase(TestCaseExecutor.java:412)
	at com.kms.katalon.core.main.TestCaseExecutor.accessMainPhase(TestCaseExecutor.java:404)
	at com.kms.katalon.core.main.TestCaseExecutor.execute(TestCaseExecutor.java:281)
	at com.kms.katalon.core.main.TestSuiteExecutor.accessTestCaseMainPhase(TestSuiteExecutor.java:202)
	at com.kms.katalon.core.main.TestSuiteExecutor.accessTestSuiteMainPhase(TestSuiteExecutor.java:164)
	at com.kms.katalon.core.main.TestSuiteExecutor.execute(TestSuiteExecutor.java:105)
	at com.kms.katalon.core.main.TestCaseMain.startTestSuite(TestCaseMain.java:181)
	at com.kms.katalon.core.main.TestCaseMain$startTestSuite$0.call(Unknown Source)
	at TempTestSuite1648100878643.run(TempTestSuite1648100878643.groovy:36)
)

2022-03-24 12:50:13 - [TEST_STEP][FAILED] - verifyElementPropertyValue(order, "GetDataOrderResponse.ListDataOrder[0].InsuranceData[4].PerluasanJaminan.RSCC", o_rscc_val_4, CONTINUE_ON_FAILURE): Unable to verify element property value (Root cause: java.lang.NullPointerException: Cannot get property 'PerluasanJaminan' on null object
	at Script1.run(Script1.groovy:1)
	at com.kms.katalon.core.webservice.helper.WebServiceCommonHelper.parseAndGetPropertyValueForJson(WebServiceCommonHelper.java:213)
	at com.kms.katalon.core.webservice.keyword.builtin.VerifyElementPropertyValueKeyword$_verifyElementPropertyValue_closure1.doCall(VerifyElementPropertyValueKeyword.groovy:52)
	at com.kms.katalon.core.webservice.keyword.builtin.VerifyElementPropertyValueKeyword$_verifyElementPropertyValue_closure1.call(VerifyElementPropertyValueKeyword.groovy)
	at com.kms.katalon.core.keyword.internal.KeywordMain.runKeyword(KeywordMain.groovy:74)
	at com.kms.katalon.core.webservice.keyword.builtin.VerifyElementPropertyValueKeyword.verifyElementPropertyValue(VerifyElementPropertyValueKeyword.groovy:48)
	at com.kms.katalon.core.webservice.keyword.builtin.VerifyElementPropertyValueKeyword.execute(VerifyElementPropertyValueKeyword.groovy:43)
	at com.kms.katalon.core.keyword.internal.KeywordExecutor.executeKeywordForPlatform(KeywordExecutor.groovy:74)
	at com.kms.katalon.core.webservice.keyword.WSBuiltInKeywords.verifyElementPropertyValue(WSBuiltInKeywords.groovy:175)
	at com.kms.katalon.core.webservice.keyword.WSBuiltInKeywords$verifyElementPropertyValue$0.call(Unknown Source)
	at 1. get token - data order.run(1. get token - data order:992)
	at com.kms.katalon.core.main.ScriptEngine.run(ScriptEngine.java:194)
	at com.kms.katalon.core.main.ScriptEngine.runScriptAsRawText(ScriptEngine.java:119)
	at com.kms.katalon.core.main.TestCaseExecutor.runScript(TestCaseExecutor.java:442)
	at com.kms.katalon.core.main.TestCaseExecutor.doExecute(TestCaseExecutor.java:433)
	at com.kms.katalon.core.main.TestCaseExecutor.processExecutionPhase(TestCaseExecutor.java:412)
	at com.kms.katalon.core.main.TestCaseExecutor.accessMainPhase(TestCaseExecutor.java:404)
	at com.kms.katalon.core.main.TestCaseExecutor.execute(TestCaseExecutor.java:281)
	at com.kms.katalon.core.main.TestSuiteExecutor.accessTestCaseMainPhase(TestSuiteExecutor.java:202)
	at com.kms.katalon.core.main.TestSuiteExecutor.accessTestSuiteMainPhase(TestSuiteExecutor.java:164)
	at com.kms.katalon.core.main.TestSuiteExecutor.execute(TestSuiteExecutor.java:105)
	at com.kms.katalon.core.main.TestCaseMain.startTestSuite(TestCaseMain.java:181)
	at com.kms.katalon.core.main.TestCaseMain$startTestSuite$0.call(Unknown Source)
	at TempTestSuite1648100878643.run(TempTestSuite1648100878643.groovy:36)
)

2022-03-24 12:50:13 - [MESSAGE][FAILED] - Unable to verify element property value (Root cause: java.lang.NullPointerException: Cannot get property 'PerluasanJaminan' on null object
	at Script1.run(Script1.groovy:1)
	at com.kms.katalon.core.webservice.helper.WebServiceCommonHelper.parseAndGetPropertyValueForJson(WebServiceCommonHelper.java:213)
	at com.kms.katalon.core.webservice.keyword.builtin.VerifyElementPropertyValueKeyword$_verifyElementPropertyValue_closure1.doCall(VerifyElementPropertyValueKeyword.groovy:52)
	at com.kms.katalon.core.webservice.keyword.builtin.VerifyElementPropertyValueKeyword$_verifyElementPropertyValue_closure1.call(VerifyElementPropertyValueKeyword.groovy)
	at com.kms.katalon.core.keyword.internal.KeywordMain.runKeyword(KeywordMain.groovy:74)
	at com.kms.katalon.core.webservice.keyword.builtin.VerifyElementPropertyValueKeyword.verifyElementPropertyValue(VerifyElementPropertyValueKeyword.groovy:48)
	at com.kms.katalon.core.webservice.keyword.builtin.VerifyElementPropertyValueKeyword.execute(VerifyElementPropertyValueKeyword.groovy:43)
	at com.kms.katalon.core.keyword.internal.KeywordExecutor.executeKeywordForPlatform(KeywordExecutor.groovy:74)
	at com.kms.katalon.core.webservice.keyword.WSBuiltInKeywords.verifyElementPropertyValue(WSBuiltInKeywords.groovy:175)
	at com.kms.katalon.core.webservice.keyword.WSBuiltInKeywords$verifyElementPropertyValue$0.call(Unknown Source)
	at 1. get token - data order.run(1. get token - data order:992)
	at com.kms.katalon.core.main.ScriptEngine.run(ScriptEngine.java:194)
	at com.kms.katalon.core.main.ScriptEngine.runScriptAsRawText(ScriptEngine.java:119)
	at com.kms.katalon.core.main.TestCaseExecutor.runScript(TestCaseExecutor.java:442)
	at com.kms.katalon.core.main.TestCaseExecutor.doExecute(TestCaseExecutor.java:433)
	at com.kms.katalon.core.main.TestCaseExecutor.processExecutionPhase(TestCaseExecutor.java:412)
	at com.kms.katalon.core.main.TestCaseExecutor.accessMainPhase(TestCaseExecutor.java:404)
	at com.kms.katalon.core.main.TestCaseExecutor.execute(TestCaseExecutor.java:281)
	at com.kms.katalon.core.main.TestSuiteExecutor.accessTestCaseMainPhase(TestSuiteExecutor.java:202)
	at com.kms.katalon.core.main.TestSuiteExecutor.accessTestSuiteMainPhase(TestSuiteExecutor.java:164)
	at com.kms.katalon.core.main.TestSuiteExecutor.execute(TestSuiteExecutor.java:105)
	at com.kms.katalon.core.main.TestCaseMain.startTestSuite(TestCaseMain.java:181)
	at com.kms.katalon.core.main.TestCaseMain$startTestSuite$0.call(Unknown Source)
	at TempTestSuite1648100878643.run(TempTestSuite1648100878643.groovy:36)
)

2022-03-24 12:50:13 - [TEST_STEP][FAILED] - verifyElementPropertyValue(order, "GetDataOrderResponse.ListDataOrder[0].InsuranceData[4].PerluasanJaminan.Banjir", o_rsmb_val_4, CONTINUE_ON_FAILURE): Unable to verify element property value (Root cause: java.lang.NullPointerException: Cannot get property 'PerluasanJaminan' on null object
	at Script1.run(Script1.groovy:1)
	at com.kms.katalon.core.webservice.helper.WebServiceCommonHelper.parseAndGetPropertyValueForJson(WebServiceCommonHelper.java:213)
	at com.kms.katalon.core.webservice.keyword.builtin.VerifyElementPropertyValueKeyword$_verifyElementPropertyValue_closure1.doCall(VerifyElementPropertyValueKeyword.groovy:52)
	at com.kms.katalon.core.webservice.keyword.builtin.VerifyElementPropertyValueKeyword$_verifyElementPropertyValue_closure1.call(VerifyElementPropertyValueKeyword.groovy)
	at com.kms.katalon.core.keyword.internal.KeywordMain.runKeyword(KeywordMain.groovy:74)
	at com.kms.katalon.core.webservice.keyword.builtin.VerifyElementPropertyValueKeyword.verifyElementPropertyValue(VerifyElementPropertyValueKeyword.groovy:48)
	at com.kms.katalon.core.webservice.keyword.builtin.VerifyElementPropertyValueKeyword.execute(VerifyElementPropertyValueKeyword.groovy:43)
	at com.kms.katalon.core.keyword.internal.KeywordExecutor.executeKeywordForPlatform(KeywordExecutor.groovy:74)
	at com.kms.katalon.core.webservice.keyword.WSBuiltInKeywords.verifyElementPropertyValue(WSBuiltInKeywords.groovy:175)
	at com.kms.katalon.core.webservice.keyword.WSBuiltInKeywords$verifyElementPropertyValue$0.call(Unknown Source)
	at 1. get token - data order.run(1. get token - data order:995)
	at com.kms.katalon.core.main.ScriptEngine.run(ScriptEngine.java:194)
	at com.kms.katalon.core.main.ScriptEngine.runScriptAsRawText(ScriptEngine.java:119)
	at com.kms.katalon.core.main.TestCaseExecutor.runScript(TestCaseExecutor.java:442)
	at com.kms.katalon.core.main.TestCaseExecutor.doExecute(TestCaseExecutor.java:433)
	at com.kms.katalon.core.main.TestCaseExecutor.processExecutionPhase(TestCaseExecutor.java:412)
	at com.kms.katalon.core.main.TestCaseExecutor.accessMainPhase(TestCaseExecutor.java:404)
	at com.kms.katalon.core.main.TestCaseExecutor.execute(TestCaseExecutor.java:281)
	at com.kms.katalon.core.main.TestSuiteExecutor.accessTestCaseMainPhase(TestSuiteExecutor.java:202)
	at com.kms.katalon.core.main.TestSuiteExecutor.accessTestSuiteMainPhase(TestSuiteExecutor.java:164)
	at com.kms.katalon.core.main.TestSuiteExecutor.execute(TestSuiteExecutor.java:105)
	at com.kms.katalon.core.main.TestCaseMain.startTestSuite(TestCaseMain.java:181)
	at com.kms.katalon.core.main.TestCaseMain$startTestSuite$0.call(Unknown Source)
	at TempTestSuite1648100878643.run(TempTestSuite1648100878643.groovy:36)
)

2022-03-24 12:50:13 - [MESSAGE][FAILED] - Unable to verify element property value (Root cause: java.lang.NullPointerException: Cannot get property 'PerluasanJaminan' on null object
	at Script1.run(Script1.groovy:1)
	at com.kms.katalon.core.webservice.helper.WebServiceCommonHelper.parseAndGetPropertyValueForJson(WebServiceCommonHelper.java:213)
	at com.kms.katalon.core.webservice.keyword.builtin.VerifyElementPropertyValueKeyword$_verifyElementPropertyValue_closure1.doCall(VerifyElementPropertyValueKeyword.groovy:52)
	at com.kms.katalon.core.webservice.keyword.builtin.VerifyElementPropertyValueKeyword$_verifyElementPropertyValue_closure1.call(VerifyElementPropertyValueKeyword.groovy)
	at com.kms.katalon.core.keyword.internal.KeywordMain.runKeyword(KeywordMain.groovy:74)
	at com.kms.katalon.core.webservice.keyword.builtin.VerifyElementPropertyValueKeyword.verifyElementPropertyValue(VerifyElementPropertyValueKeyword.groovy:48)
	at com.kms.katalon.core.webservice.keyword.builtin.VerifyElementPropertyValueKeyword.execute(VerifyElementPropertyValueKeyword.groovy:43)
	at com.kms.katalon.core.keyword.internal.KeywordExecutor.executeKeywordForPlatform(KeywordExecutor.groovy:74)
	at com.kms.katalon.core.webservice.keyword.WSBuiltInKeywords.verifyElementPropertyValue(WSBuiltInKeywords.groovy:175)
	at com.kms.katalon.core.webservice.keyword.WSBuiltInKeywords$verifyElementPropertyValue$0.call(Unknown Source)
	at 1. get token - data order.run(1. get token - data order:995)
	at com.kms.katalon.core.main.ScriptEngine.run(ScriptEngine.java:194)
	at com.kms.katalon.core.main.ScriptEngine.runScriptAsRawText(ScriptEngine.java:119)
	at com.kms.katalon.core.main.TestCaseExecutor.runScript(TestCaseExecutor.java:442)
	at com.kms.katalon.core.main.TestCaseExecutor.doExecute(TestCaseExecutor.java:433)
	at com.kms.katalon.core.main.TestCaseExecutor.processExecutionPhase(TestCaseExecutor.java:412)
	at com.kms.katalon.core.main.TestCaseExecutor.accessMainPhase(TestCaseExecutor.java:404)
	at com.kms.katalon.core.main.TestCaseExecutor.execute(TestCaseExecutor.java:281)
	at com.kms.katalon.core.main.TestSuiteExecutor.accessTestCaseMainPhase(TestSuiteExecutor.java:202)
	at com.kms.katalon.core.main.TestSuiteExecutor.accessTestSuiteMainPhase(TestSuiteExecutor.java:164)
	at com.kms.katalon.core.main.TestSuiteExecutor.execute(TestSuiteExecutor.java:105)
	at com.kms.katalon.core.main.TestCaseMain.startTestSuite(TestCaseMain.java:181)
	at com.kms.katalon.core.main.TestCaseMain$startTestSuite$0.call(Unknown Source)
	at TempTestSuite1648100878643.run(TempTestSuite1648100878643.groovy:36)
)

2022-03-24 12:50:13 - [TEST_STEP][FAILED] - verifyElementPropertyValue(order, "GetDataOrderResponse.ListDataOrder[0].InsuranceData[4].PerluasanJaminan.Accessories", o_acc_val_4, CONTINUE_ON_FAILURE): Unable to verify element property value (Root cause: java.lang.NullPointerException: Cannot get property 'PerluasanJaminan' on null object
	at Script1.run(Script1.groovy:1)
	at com.kms.katalon.core.webservice.helper.WebServiceCommonHelper.parseAndGetPropertyValueForJson(WebServiceCommonHelper.java:213)
	at com.kms.katalon.core.webservice.keyword.builtin.VerifyElementPropertyValueKeyword$_verifyElementPropertyValue_closure1.doCall(VerifyElementPropertyValueKeyword.groovy:52)
	at com.kms.katalon.core.webservice.keyword.builtin.VerifyElementPropertyValueKeyword$_verifyElementPropertyValue_closure1.call(VerifyElementPropertyValueKeyword.groovy)
	at com.kms.katalon.core.keyword.internal.KeywordMain.runKeyword(KeywordMain.groovy:74)
	at com.kms.katalon.core.webservice.keyword.builtin.VerifyElementPropertyValueKeyword.verifyElementPropertyValue(VerifyElementPropertyValueKeyword.groovy:48)
	at com.kms.katalon.core.webservice.keyword.builtin.VerifyElementPropertyValueKeyword.execute(VerifyElementPropertyValueKeyword.groovy:43)
	at com.kms.katalon.core.keyword.internal.KeywordExecutor.executeKeywordForPlatform(KeywordExecutor.groovy:74)
	at com.kms.katalon.core.webservice.keyword.WSBuiltInKeywords.verifyElementPropertyValue(WSBuiltInKeywords.groovy:175)
	at com.kms.katalon.core.webservice.keyword.WSBuiltInKeywords$verifyElementPropertyValue$0.call(Unknown Source)
	at 1. get token - data order.run(1. get token - data order:998)
	at com.kms.katalon.core.main.ScriptEngine.run(ScriptEngine.java:194)
	at com.kms.katalon.core.main.ScriptEngine.runScriptAsRawText(ScriptEngine.java:119)
	at com.kms.katalon.core.main.TestCaseExecutor.runScript(TestCaseExecutor.java:442)
	at com.kms.katalon.core.main.TestCaseExecutor.doExecute(TestCaseExecutor.java:433)
	at com.kms.katalon.core.main.TestCaseExecutor.processExecutionPhase(TestCaseExecutor.java:412)
	at com.kms.katalon.core.main.TestCaseExecutor.accessMainPhase(TestCaseExecutor.java:404)
	at com.kms.katalon.core.main.TestCaseExecutor.execute(TestCaseExecutor.java:281)
	at com.kms.katalon.core.main.TestSuiteExecutor.accessTestCaseMainPhase(TestSuiteExecutor.java:202)
	at com.kms.katalon.core.main.TestSuiteExecutor.accessTestSuiteMainPhase(TestSuiteExecutor.java:164)
	at com.kms.katalon.core.main.TestSuiteExecutor.execute(TestSuiteExecutor.java:105)
	at com.kms.katalon.core.main.TestCaseMain.startTestSuite(TestCaseMain.java:181)
	at com.kms.katalon.core.main.TestCaseMain$startTestSuite$0.call(Unknown Source)
	at TempTestSuite1648100878643.run(TempTestSuite1648100878643.groovy:36)
)

2022-03-24 12:50:13 - [MESSAGE][FAILED] - Unable to verify element property value (Root cause: java.lang.NullPointerException: Cannot get property 'PerluasanJaminan' on null object
	at Script1.run(Script1.groovy:1)
	at com.kms.katalon.core.webservice.helper.WebServiceCommonHelper.parseAndGetPropertyValueForJson(WebServiceCommonHelper.java:213)
	at com.kms.katalon.core.webservice.keyword.builtin.VerifyElementPropertyValueKeyword$_verifyElementPropertyValue_closure1.doCall(VerifyElementPropertyValueKeyword.groovy:52)
	at com.kms.katalon.core.webservice.keyword.builtin.VerifyElementPropertyValueKeyword$_verifyElementPropertyValue_closure1.call(VerifyElementPropertyValueKeyword.groovy)
	at com.kms.katalon.core.keyword.internal.KeywordMain.runKeyword(KeywordMain.groovy:74)
	at com.kms.katalon.core.webservice.keyword.builtin.VerifyElementPropertyValueKeyword.verifyElementPropertyValue(VerifyElementPropertyValueKeyword.groovy:48)
	at com.kms.katalon.core.webservice.keyword.builtin.VerifyElementPropertyValueKeyword.execute(VerifyElementPropertyValueKeyword.groovy:43)
	at com.kms.katalon.core.keyword.internal.KeywordExecutor.executeKeywordForPlatform(KeywordExecutor.groovy:74)
	at com.kms.katalon.core.webservice.keyword.WSBuiltInKeywords.verifyElementPropertyValue(WSBuiltInKeywords.groovy:175)
	at com.kms.katalon.core.webservice.keyword.WSBuiltInKeywords$verifyElementPropertyValue$0.call(Unknown Source)
	at 1. get token - data order.run(1. get token - data order:998)
	at com.kms.katalon.core.main.ScriptEngine.run(ScriptEngine.java:194)
	at com.kms.katalon.core.main.ScriptEngine.runScriptAsRawText(ScriptEngine.java:119)
	at com.kms.katalon.core.main.TestCaseExecutor.runScript(TestCaseExecutor.java:442)
	at com.kms.katalon.core.main.TestCaseExecutor.doExecute(TestCaseExecutor.java:433)
	at com.kms.katalon.core.main.TestCaseExecutor.processExecutionPhase(TestCaseExecutor.java:412)
	at com.kms.katalon.core.main.TestCaseExecutor.accessMainPhase(TestCaseExecutor.java:404)
	at com.kms.katalon.core.main.TestCaseExecutor.execute(TestCaseExecutor.java:281)
	at com.kms.katalon.core.main.TestSuiteExecutor.accessTestCaseMainPhase(TestSuiteExecutor.java:202)
	at com.kms.katalon.core.main.TestSuiteExecutor.accessTestSuiteMainPhase(TestSuiteExecutor.java:164)
	at com.kms.katalon.core.main.TestSuiteExecutor.execute(TestSuiteExecutor.java:105)
	at com.kms.katalon.core.main.TestCaseMain.startTestSuite(TestCaseMain.java:181)
	at com.kms.katalon.core.main.TestCaseMain$startTestSuite$0.call(Unknown Source)
	at TempTestSuite1648100878643.run(TempTestSuite1648100878643.groovy:36)
)

2022-03-24 12:50:13 - [TEST_STEP][FAILED] - verifyElementPropertyValue(order, "GetDataOrderResponse.ListDataOrder[0].InsuranceData[5].KondisiPertanggungan", o_kond_pertanggungan_5, CONTINUE_ON_FAILURE): Unable to verify element property value (Root cause: java.lang.NullPointerException: Cannot get property 'KondisiPertanggungan' on null object
	at Script1.run(Script1.groovy:1)
	at com.kms.katalon.core.webservice.helper.WebServiceCommonHelper.parseAndGetPropertyValueForJson(WebServiceCommonHelper.java:213)
	at com.kms.katalon.core.webservice.keyword.builtin.VerifyElementPropertyValueKeyword$_verifyElementPropertyValue_closure1.doCall(VerifyElementPropertyValueKeyword.groovy:52)
	at com.kms.katalon.core.webservice.keyword.builtin.VerifyElementPropertyValueKeyword$_verifyElementPropertyValue_closure1.call(VerifyElementPropertyValueKeyword.groovy)
	at com.kms.katalon.core.keyword.internal.KeywordMain.runKeyword(KeywordMain.groovy:74)
	at com.kms.katalon.core.webservice.keyword.builtin.VerifyElementPropertyValueKeyword.verifyElementPropertyValue(VerifyElementPropertyValueKeyword.groovy:48)
	at com.kms.katalon.core.webservice.keyword.builtin.VerifyElementPropertyValueKeyword.execute(VerifyElementPropertyValueKeyword.groovy:43)
	at com.kms.katalon.core.keyword.internal.KeywordExecutor.executeKeywordForPlatform(KeywordExecutor.groovy:74)
	at com.kms.katalon.core.webservice.keyword.WSBuiltInKeywords.verifyElementPropertyValue(WSBuiltInKeywords.groovy:175)
	at com.kms.katalon.core.webservice.keyword.WSBuiltInKeywords$verifyElementPropertyValue$0.call(Unknown Source)
	at 1. get token - data order.run(1. get token - data order:1002)
	at com.kms.katalon.core.main.ScriptEngine.run(ScriptEngine.java:194)
	at com.kms.katalon.core.main.ScriptEngine.runScriptAsRawText(ScriptEngine.java:119)
	at com.kms.katalon.core.main.TestCaseExecutor.runScript(TestCaseExecutor.java:442)
	at com.kms.katalon.core.main.TestCaseExecutor.doExecute(TestCaseExecutor.java:433)
	at com.kms.katalon.core.main.TestCaseExecutor.processExecutionPhase(TestCaseExecutor.java:412)
	at com.kms.katalon.core.main.TestCaseExecutor.accessMainPhase(TestCaseExecutor.java:404)
	at com.kms.katalon.core.main.TestCaseExecutor.execute(TestCaseExecutor.java:281)
	at com.kms.katalon.core.main.TestSuiteExecutor.accessTestCaseMainPhase(TestSuiteExecutor.java:202)
	at com.kms.katalon.core.main.TestSuiteExecutor.accessTestSuiteMainPhase(TestSuiteExecutor.java:164)
	at com.kms.katalon.core.main.TestSuiteExecutor.execute(TestSuiteExecutor.java:105)
	at com.kms.katalon.core.main.TestCaseMain.startTestSuite(TestCaseMain.java:181)
	at com.kms.katalon.core.main.TestCaseMain$startTestSuite$0.call(Unknown Source)
	at TempTestSuite1648100878643.run(TempTestSuite1648100878643.groovy:36)
)

2022-03-24 12:50:13 - [MESSAGE][FAILED] - Unable to verify element property value (Root cause: java.lang.NullPointerException: Cannot get property 'KondisiPertanggungan' on null object
	at Script1.run(Script1.groovy:1)
	at com.kms.katalon.core.webservice.helper.WebServiceCommonHelper.parseAndGetPropertyValueForJson(WebServiceCommonHelper.java:213)
	at com.kms.katalon.core.webservice.keyword.builtin.VerifyElementPropertyValueKeyword$_verifyElementPropertyValue_closure1.doCall(VerifyElementPropertyValueKeyword.groovy:52)
	at com.kms.katalon.core.webservice.keyword.builtin.VerifyElementPropertyValueKeyword$_verifyElementPropertyValue_closure1.call(VerifyElementPropertyValueKeyword.groovy)
	at com.kms.katalon.core.keyword.internal.KeywordMain.runKeyword(KeywordMain.groovy:74)
	at com.kms.katalon.core.webservice.keyword.builtin.VerifyElementPropertyValueKeyword.verifyElementPropertyValue(VerifyElementPropertyValueKeyword.groovy:48)
	at com.kms.katalon.core.webservice.keyword.builtin.VerifyElementPropertyValueKeyword.execute(VerifyElementPropertyValueKeyword.groovy:43)
	at com.kms.katalon.core.keyword.internal.KeywordExecutor.executeKeywordForPlatform(KeywordExecutor.groovy:74)
	at com.kms.katalon.core.webservice.keyword.WSBuiltInKeywords.verifyElementPropertyValue(WSBuiltInKeywords.groovy:175)
	at com.kms.katalon.core.webservice.keyword.WSBuiltInKeywords$verifyElementPropertyValue$0.call(Unknown Source)
	at 1. get token - data order.run(1. get token - data order:1002)
	at com.kms.katalon.core.main.ScriptEngine.run(ScriptEngine.java:194)
	at com.kms.katalon.core.main.ScriptEngine.runScriptAsRawText(ScriptEngine.java:119)
	at com.kms.katalon.core.main.TestCaseExecutor.runScript(TestCaseExecutor.java:442)
	at com.kms.katalon.core.main.TestCaseExecutor.doExecute(TestCaseExecutor.java:433)
	at com.kms.katalon.core.main.TestCaseExecutor.processExecutionPhase(TestCaseExecutor.java:412)
	at com.kms.katalon.core.main.TestCaseExecutor.accessMainPhase(TestCaseExecutor.java:404)
	at com.kms.katalon.core.main.TestCaseExecutor.execute(TestCaseExecutor.java:281)
	at com.kms.katalon.core.main.TestSuiteExecutor.accessTestCaseMainPhase(TestSuiteExecutor.java:202)
	at com.kms.katalon.core.main.TestSuiteExecutor.accessTestSuiteMainPhase(TestSuiteExecutor.java:164)
	at com.kms.katalon.core.main.TestSuiteExecutor.execute(TestSuiteExecutor.java:105)
	at com.kms.katalon.core.main.TestCaseMain.startTestSuite(TestCaseMain.java:181)
	at com.kms.katalon.core.main.TestCaseMain$startTestSuite$0.call(Unknown Source)
	at TempTestSuite1648100878643.run(TempTestSuite1648100878643.groovy:36)
)

2022-03-24 12:50:13 - [TEST_STEP][FAILED] - verifyElementPropertyValue(order, "GetDataOrderResponse.ListDataOrder[0].InsuranceData[5].TJH", o_tjh_header_5, CONTINUE_ON_FAILURE): Unable to verify element property value (Root cause: java.lang.NullPointerException: Cannot get property 'TJH' on null object
	at Script1.run(Script1.groovy:1)
	at com.kms.katalon.core.webservice.helper.WebServiceCommonHelper.parseAndGetPropertyValueForJson(WebServiceCommonHelper.java:213)
	at com.kms.katalon.core.webservice.keyword.builtin.VerifyElementPropertyValueKeyword$_verifyElementPropertyValue_closure1.doCall(VerifyElementPropertyValueKeyword.groovy:52)
	at com.kms.katalon.core.webservice.keyword.builtin.VerifyElementPropertyValueKeyword$_verifyElementPropertyValue_closure1.call(VerifyElementPropertyValueKeyword.groovy)
	at com.kms.katalon.core.keyword.internal.KeywordMain.runKeyword(KeywordMain.groovy:74)
	at com.kms.katalon.core.webservice.keyword.builtin.VerifyElementPropertyValueKeyword.verifyElementPropertyValue(VerifyElementPropertyValueKeyword.groovy:48)
	at com.kms.katalon.core.webservice.keyword.builtin.VerifyElementPropertyValueKeyword.execute(VerifyElementPropertyValueKeyword.groovy:43)
	at com.kms.katalon.core.keyword.internal.KeywordExecutor.executeKeywordForPlatform(KeywordExecutor.groovy:74)
	at com.kms.katalon.core.webservice.keyword.WSBuiltInKeywords.verifyElementPropertyValue(WSBuiltInKeywords.groovy:175)
	at com.kms.katalon.core.webservice.keyword.WSBuiltInKeywords$verifyElementPropertyValue$0.call(Unknown Source)
	at 1. get token - data order.run(1. get token - data order:1005)
	at com.kms.katalon.core.main.ScriptEngine.run(ScriptEngine.java:194)
	at com.kms.katalon.core.main.ScriptEngine.runScriptAsRawText(ScriptEngine.java:119)
	at com.kms.katalon.core.main.TestCaseExecutor.runScript(TestCaseExecutor.java:442)
	at com.kms.katalon.core.main.TestCaseExecutor.doExecute(TestCaseExecutor.java:433)
	at com.kms.katalon.core.main.TestCaseExecutor.processExecutionPhase(TestCaseExecutor.java:412)
	at com.kms.katalon.core.main.TestCaseExecutor.accessMainPhase(TestCaseExecutor.java:404)
	at com.kms.katalon.core.main.TestCaseExecutor.execute(TestCaseExecutor.java:281)
	at com.kms.katalon.core.main.TestSuiteExecutor.accessTestCaseMainPhase(TestSuiteExecutor.java:202)
	at com.kms.katalon.core.main.TestSuiteExecutor.accessTestSuiteMainPhase(TestSuiteExecutor.java:164)
	at com.kms.katalon.core.main.TestSuiteExecutor.execute(TestSuiteExecutor.java:105)
	at com.kms.katalon.core.main.TestCaseMain.startTestSuite(TestCaseMain.java:181)
	at com.kms.katalon.core.main.TestCaseMain$startTestSuite$0.call(Unknown Source)
	at TempTestSuite1648100878643.run(TempTestSuite1648100878643.groovy:36)
)

2022-03-24 12:50:13 - [MESSAGE][FAILED] - Unable to verify element property value (Root cause: java.lang.NullPointerException: Cannot get property 'TJH' on null object
	at Script1.run(Script1.groovy:1)
	at com.kms.katalon.core.webservice.helper.WebServiceCommonHelper.parseAndGetPropertyValueForJson(WebServiceCommonHelper.java:213)
	at com.kms.katalon.core.webservice.keyword.builtin.VerifyElementPropertyValueKeyword$_verifyElementPropertyValue_closure1.doCall(VerifyElementPropertyValueKeyword.groovy:52)
	at com.kms.katalon.core.webservice.keyword.builtin.VerifyElementPropertyValueKeyword$_verifyElementPropertyValue_closure1.call(VerifyElementPropertyValueKeyword.groovy)
	at com.kms.katalon.core.keyword.internal.KeywordMain.runKeyword(KeywordMain.groovy:74)
	at com.kms.katalon.core.webservice.keyword.builtin.VerifyElementPropertyValueKeyword.verifyElementPropertyValue(VerifyElementPropertyValueKeyword.groovy:48)
	at com.kms.katalon.core.webservice.keyword.builtin.VerifyElementPropertyValueKeyword.execute(VerifyElementPropertyValueKeyword.groovy:43)
	at com.kms.katalon.core.keyword.internal.KeywordExecutor.executeKeywordForPlatform(KeywordExecutor.groovy:74)
	at com.kms.katalon.core.webservice.keyword.WSBuiltInKeywords.verifyElementPropertyValue(WSBuiltInKeywords.groovy:175)
	at com.kms.katalon.core.webservice.keyword.WSBuiltInKeywords$verifyElementPropertyValue$0.call(Unknown Source)
	at 1. get token - data order.run(1. get token - data order:1005)
	at com.kms.katalon.core.main.ScriptEngine.run(ScriptEngine.java:194)
	at com.kms.katalon.core.main.ScriptEngine.runScriptAsRawText(ScriptEngine.java:119)
	at com.kms.katalon.core.main.TestCaseExecutor.runScript(TestCaseExecutor.java:442)
	at com.kms.katalon.core.main.TestCaseExecutor.doExecute(TestCaseExecutor.java:433)
	at com.kms.katalon.core.main.TestCaseExecutor.processExecutionPhase(TestCaseExecutor.java:412)
	at com.kms.katalon.core.main.TestCaseExecutor.accessMainPhase(TestCaseExecutor.java:404)
	at com.kms.katalon.core.main.TestCaseExecutor.execute(TestCaseExecutor.java:281)
	at com.kms.katalon.core.main.TestSuiteExecutor.accessTestCaseMainPhase(TestSuiteExecutor.java:202)
	at com.kms.katalon.core.main.TestSuiteExecutor.accessTestSuiteMainPhase(TestSuiteExecutor.java:164)
	at com.kms.katalon.core.main.TestSuiteExecutor.execute(TestSuiteExecutor.java:105)
	at com.kms.katalon.core.main.TestCaseMain.startTestSuite(TestCaseMain.java:181)
	at com.kms.katalon.core.main.TestCaseMain$startTestSuite$0.call(Unknown Source)
	at TempTestSuite1648100878643.run(TempTestSuite1648100878643.groovy:36)
)

2022-03-24 12:50:13 - [TEST_STEP][FAILED] - verifyElementPropertyValue(order, "GetDataOrderResponse.ListDataOrder[0].InsuranceData[5].InsuredValue", o_ins_val_5, CONTINUE_ON_FAILURE): Unable to verify element property value (Root cause: java.lang.NullPointerException: Cannot get property 'InsuredValue' on null object
	at Script1.run(Script1.groovy:1)
	at com.kms.katalon.core.webservice.helper.WebServiceCommonHelper.parseAndGetPropertyValueForJson(WebServiceCommonHelper.java:213)
	at com.kms.katalon.core.webservice.keyword.builtin.VerifyElementPropertyValueKeyword$_verifyElementPropertyValue_closure1.doCall(VerifyElementPropertyValueKeyword.groovy:52)
	at com.kms.katalon.core.webservice.keyword.builtin.VerifyElementPropertyValueKeyword$_verifyElementPropertyValue_closure1.call(VerifyElementPropertyValueKeyword.groovy)
	at com.kms.katalon.core.keyword.internal.KeywordMain.runKeyword(KeywordMain.groovy:74)
	at com.kms.katalon.core.webservice.keyword.builtin.VerifyElementPropertyValueKeyword.verifyElementPropertyValue(VerifyElementPropertyValueKeyword.groovy:48)
	at com.kms.katalon.core.webservice.keyword.builtin.VerifyElementPropertyValueKeyword.execute(VerifyElementPropertyValueKeyword.groovy:43)
	at com.kms.katalon.core.keyword.internal.KeywordExecutor.executeKeywordForPlatform(KeywordExecutor.groovy:74)
	at com.kms.katalon.core.webservice.keyword.WSBuiltInKeywords.verifyElementPropertyValue(WSBuiltInKeywords.groovy:175)
	at com.kms.katalon.core.webservice.keyword.WSBuiltInKeywords$verifyElementPropertyValue$0.call(Unknown Source)
	at 1. get token - data order.run(1. get token - data order:1007)
	at com.kms.katalon.core.main.ScriptEngine.run(ScriptEngine.java:194)
	at com.kms.katalon.core.main.ScriptEngine.runScriptAsRawText(ScriptEngine.java:119)
	at com.kms.katalon.core.main.TestCaseExecutor.runScript(TestCaseExecutor.java:442)
	at com.kms.katalon.core.main.TestCaseExecutor.doExecute(TestCaseExecutor.java:433)
	at com.kms.katalon.core.main.TestCaseExecutor.processExecutionPhase(TestCaseExecutor.java:412)
	at com.kms.katalon.core.main.TestCaseExecutor.accessMainPhase(TestCaseExecutor.java:404)
	at com.kms.katalon.core.main.TestCaseExecutor.execute(TestCaseExecutor.java:281)
	at com.kms.katalon.core.main.TestSuiteExecutor.accessTestCaseMainPhase(TestSuiteExecutor.java:202)
	at com.kms.katalon.core.main.TestSuiteExecutor.accessTestSuiteMainPhase(TestSuiteExecutor.java:164)
	at com.kms.katalon.core.main.TestSuiteExecutor.execute(TestSuiteExecutor.java:105)
	at com.kms.katalon.core.main.TestCaseMain.startTestSuite(TestCaseMain.java:181)
	at com.kms.katalon.core.main.TestCaseMain$startTestSuite$0.call(Unknown Source)
	at TempTestSuite1648100878643.run(TempTestSuite1648100878643.groovy:36)
)

2022-03-24 12:50:13 - [MESSAGE][FAILED] - Unable to verify element property value (Root cause: java.lang.NullPointerException: Cannot get property 'InsuredValue' on null object
	at Script1.run(Script1.groovy:1)
	at com.kms.katalon.core.webservice.helper.WebServiceCommonHelper.parseAndGetPropertyValueForJson(WebServiceCommonHelper.java:213)
	at com.kms.katalon.core.webservice.keyword.builtin.VerifyElementPropertyValueKeyword$_verifyElementPropertyValue_closure1.doCall(VerifyElementPropertyValueKeyword.groovy:52)
	at com.kms.katalon.core.webservice.keyword.builtin.VerifyElementPropertyValueKeyword$_verifyElementPropertyValue_closure1.call(VerifyElementPropertyValueKeyword.groovy)
	at com.kms.katalon.core.keyword.internal.KeywordMain.runKeyword(KeywordMain.groovy:74)
	at com.kms.katalon.core.webservice.keyword.builtin.VerifyElementPropertyValueKeyword.verifyElementPropertyValue(VerifyElementPropertyValueKeyword.groovy:48)
	at com.kms.katalon.core.webservice.keyword.builtin.VerifyElementPropertyValueKeyword.execute(VerifyElementPropertyValueKeyword.groovy:43)
	at com.kms.katalon.core.keyword.internal.KeywordExecutor.executeKeywordForPlatform(KeywordExecutor.groovy:74)
	at com.kms.katalon.core.webservice.keyword.WSBuiltInKeywords.verifyElementPropertyValue(WSBuiltInKeywords.groovy:175)
	at com.kms.katalon.core.webservice.keyword.WSBuiltInKeywords$verifyElementPropertyValue$0.call(Unknown Source)
	at 1. get token - data order.run(1. get token - data order:1007)
	at com.kms.katalon.core.main.ScriptEngine.run(ScriptEngine.java:194)
	at com.kms.katalon.core.main.ScriptEngine.runScriptAsRawText(ScriptEngine.java:119)
	at com.kms.katalon.core.main.TestCaseExecutor.runScript(TestCaseExecutor.java:442)
	at com.kms.katalon.core.main.TestCaseExecutor.doExecute(TestCaseExecutor.java:433)
	at com.kms.katalon.core.main.TestCaseExecutor.processExecutionPhase(TestCaseExecutor.java:412)
	at com.kms.katalon.core.main.TestCaseExecutor.accessMainPhase(TestCaseExecutor.java:404)
	at com.kms.katalon.core.main.TestCaseExecutor.execute(TestCaseExecutor.java:281)
	at com.kms.katalon.core.main.TestSuiteExecutor.accessTestCaseMainPhase(TestSuiteExecutor.java:202)
	at com.kms.katalon.core.main.TestSuiteExecutor.accessTestSuiteMainPhase(TestSuiteExecutor.java:164)
	at com.kms.katalon.core.main.TestSuiteExecutor.execute(TestSuiteExecutor.java:105)
	at com.kms.katalon.core.main.TestCaseMain.startTestSuite(TestCaseMain.java:181)
	at com.kms.katalon.core.main.TestCaseMain$startTestSuite$0.call(Unknown Source)
	at TempTestSuite1648100878643.run(TempTestSuite1648100878643.groovy:36)
)

2022-03-24 12:50:13 - [TEST_STEP][FAILED] - verifyElementPropertyValue(order, "GetDataOrderResponse.ListDataOrder[0].InsuranceData[5].InsuredFrom", o_ins_form_5, CONTINUE_ON_FAILURE): Unable to verify element property value (Root cause: java.lang.NullPointerException: Cannot get property 'InsuredFrom' on null object
	at Script1.run(Script1.groovy:1)
	at com.kms.katalon.core.webservice.helper.WebServiceCommonHelper.parseAndGetPropertyValueForJson(WebServiceCommonHelper.java:213)
	at com.kms.katalon.core.webservice.keyword.builtin.VerifyElementPropertyValueKeyword$_verifyElementPropertyValue_closure1.doCall(VerifyElementPropertyValueKeyword.groovy:52)
	at com.kms.katalon.core.webservice.keyword.builtin.VerifyElementPropertyValueKeyword$_verifyElementPropertyValue_closure1.call(VerifyElementPropertyValueKeyword.groovy)
	at com.kms.katalon.core.keyword.internal.KeywordMain.runKeyword(KeywordMain.groovy:74)
	at com.kms.katalon.core.webservice.keyword.builtin.VerifyElementPropertyValueKeyword.verifyElementPropertyValue(VerifyElementPropertyValueKeyword.groovy:48)
	at com.kms.katalon.core.webservice.keyword.builtin.VerifyElementPropertyValueKeyword.execute(VerifyElementPropertyValueKeyword.groovy:43)
	at com.kms.katalon.core.keyword.internal.KeywordExecutor.executeKeywordForPlatform(KeywordExecutor.groovy:74)
	at com.kms.katalon.core.webservice.keyword.WSBuiltInKeywords.verifyElementPropertyValue(WSBuiltInKeywords.groovy:175)
	at com.kms.katalon.core.webservice.keyword.WSBuiltInKeywords$verifyElementPropertyValue$0.call(Unknown Source)
	at 1. get token - data order.run(1. get token - data order:1010)
	at com.kms.katalon.core.main.ScriptEngine.run(ScriptEngine.java:194)
	at com.kms.katalon.core.main.ScriptEngine.runScriptAsRawText(ScriptEngine.java:119)
	at com.kms.katalon.core.main.TestCaseExecutor.runScript(TestCaseExecutor.java:442)
	at com.kms.katalon.core.main.TestCaseExecutor.doExecute(TestCaseExecutor.java:433)
	at com.kms.katalon.core.main.TestCaseExecutor.processExecutionPhase(TestCaseExecutor.java:412)
	at com.kms.katalon.core.main.TestCaseExecutor.accessMainPhase(TestCaseExecutor.java:404)
	at com.kms.katalon.core.main.TestCaseExecutor.execute(TestCaseExecutor.java:281)
	at com.kms.katalon.core.main.TestSuiteExecutor.accessTestCaseMainPhase(TestSuiteExecutor.java:202)
	at com.kms.katalon.core.main.TestSuiteExecutor.accessTestSuiteMainPhase(TestSuiteExecutor.java:164)
	at com.kms.katalon.core.main.TestSuiteExecutor.execute(TestSuiteExecutor.java:105)
	at com.kms.katalon.core.main.TestCaseMain.startTestSuite(TestCaseMain.java:181)
	at com.kms.katalon.core.main.TestCaseMain$startTestSuite$0.call(Unknown Source)
	at TempTestSuite1648100878643.run(TempTestSuite1648100878643.groovy:36)
)

2022-03-24 12:50:13 - [MESSAGE][FAILED] - Unable to verify element property value (Root cause: java.lang.NullPointerException: Cannot get property 'InsuredFrom' on null object
	at Script1.run(Script1.groovy:1)
	at com.kms.katalon.core.webservice.helper.WebServiceCommonHelper.parseAndGetPropertyValueForJson(WebServiceCommonHelper.java:213)
	at com.kms.katalon.core.webservice.keyword.builtin.VerifyElementPropertyValueKeyword$_verifyElementPropertyValue_closure1.doCall(VerifyElementPropertyValueKeyword.groovy:52)
	at com.kms.katalon.core.webservice.keyword.builtin.VerifyElementPropertyValueKeyword$_verifyElementPropertyValue_closure1.call(VerifyElementPropertyValueKeyword.groovy)
	at com.kms.katalon.core.keyword.internal.KeywordMain.runKeyword(KeywordMain.groovy:74)
	at com.kms.katalon.core.webservice.keyword.builtin.VerifyElementPropertyValueKeyword.verifyElementPropertyValue(VerifyElementPropertyValueKeyword.groovy:48)
	at com.kms.katalon.core.webservice.keyword.builtin.VerifyElementPropertyValueKeyword.execute(VerifyElementPropertyValueKeyword.groovy:43)
	at com.kms.katalon.core.keyword.internal.KeywordExecutor.executeKeywordForPlatform(KeywordExecutor.groovy:74)
	at com.kms.katalon.core.webservice.keyword.WSBuiltInKeywords.verifyElementPropertyValue(WSBuiltInKeywords.groovy:175)
	at com.kms.katalon.core.webservice.keyword.WSBuiltInKeywords$verifyElementPropertyValue$0.call(Unknown Source)
	at 1. get token - data order.run(1. get token - data order:1010)
	at com.kms.katalon.core.main.ScriptEngine.run(ScriptEngine.java:194)
	at com.kms.katalon.core.main.ScriptEngine.runScriptAsRawText(ScriptEngine.java:119)
	at com.kms.katalon.core.main.TestCaseExecutor.runScript(TestCaseExecutor.java:442)
	at com.kms.katalon.core.main.TestCaseExecutor.doExecute(TestCaseExecutor.java:433)
	at com.kms.katalon.core.main.TestCaseExecutor.processExecutionPhase(TestCaseExecutor.java:412)
	at com.kms.katalon.core.main.TestCaseExecutor.accessMainPhase(TestCaseExecutor.java:404)
	at com.kms.katalon.core.main.TestCaseExecutor.execute(TestCaseExecutor.java:281)
	at com.kms.katalon.core.main.TestSuiteExecutor.accessTestCaseMainPhase(TestSuiteExecutor.java:202)
	at com.kms.katalon.core.main.TestSuiteExecutor.accessTestSuiteMainPhase(TestSuiteExecutor.java:164)
	at com.kms.katalon.core.main.TestSuiteExecutor.execute(TestSuiteExecutor.java:105)
	at com.kms.katalon.core.main.TestCaseMain.startTestSuite(TestCaseMain.java:181)
	at com.kms.katalon.core.main.TestCaseMain$startTestSuite$0.call(Unknown Source)
	at TempTestSuite1648100878643.run(TempTestSuite1648100878643.groovy:36)
)

2022-03-24 12:50:13 - [TEST_STEP][FAILED] - verifyElementPropertyValue(order, "GetDataOrderResponse.ListDataOrder[0].InsuranceData[5].InsuredTo", o_ins_to_5, CONTINUE_ON_FAILURE): Unable to verify element property value (Root cause: java.lang.NullPointerException: Cannot get property 'InsuredTo' on null object
	at Script1.run(Script1.groovy:1)
	at com.kms.katalon.core.webservice.helper.WebServiceCommonHelper.parseAndGetPropertyValueForJson(WebServiceCommonHelper.java:213)
	at com.kms.katalon.core.webservice.keyword.builtin.VerifyElementPropertyValueKeyword$_verifyElementPropertyValue_closure1.doCall(VerifyElementPropertyValueKeyword.groovy:52)
	at com.kms.katalon.core.webservice.keyword.builtin.VerifyElementPropertyValueKeyword$_verifyElementPropertyValue_closure1.call(VerifyElementPropertyValueKeyword.groovy)
	at com.kms.katalon.core.keyword.internal.KeywordMain.runKeyword(KeywordMain.groovy:74)
	at com.kms.katalon.core.webservice.keyword.builtin.VerifyElementPropertyValueKeyword.verifyElementPropertyValue(VerifyElementPropertyValueKeyword.groovy:48)
	at com.kms.katalon.core.webservice.keyword.builtin.VerifyElementPropertyValueKeyword.execute(VerifyElementPropertyValueKeyword.groovy:43)
	at com.kms.katalon.core.keyword.internal.KeywordExecutor.executeKeywordForPlatform(KeywordExecutor.groovy:74)
	at com.kms.katalon.core.webservice.keyword.WSBuiltInKeywords.verifyElementPropertyValue(WSBuiltInKeywords.groovy:175)
	at com.kms.katalon.core.webservice.keyword.WSBuiltInKeywords$verifyElementPropertyValue$0.call(Unknown Source)
	at 1. get token - data order.run(1. get token - data order:1013)
	at com.kms.katalon.core.main.ScriptEngine.run(ScriptEngine.java:194)
	at com.kms.katalon.core.main.ScriptEngine.runScriptAsRawText(ScriptEngine.java:119)
	at com.kms.katalon.core.main.TestCaseExecutor.runScript(TestCaseExecutor.java:442)
	at com.kms.katalon.core.main.TestCaseExecutor.doExecute(TestCaseExecutor.java:433)
	at com.kms.katalon.core.main.TestCaseExecutor.processExecutionPhase(TestCaseExecutor.java:412)
	at com.kms.katalon.core.main.TestCaseExecutor.accessMainPhase(TestCaseExecutor.java:404)
	at com.kms.katalon.core.main.TestCaseExecutor.execute(TestCaseExecutor.java:281)
	at com.kms.katalon.core.main.TestSuiteExecutor.accessTestCaseMainPhase(TestSuiteExecutor.java:202)
	at com.kms.katalon.core.main.TestSuiteExecutor.accessTestSuiteMainPhase(TestSuiteExecutor.java:164)
	at com.kms.katalon.core.main.TestSuiteExecutor.execute(TestSuiteExecutor.java:105)
	at com.kms.katalon.core.main.TestCaseMain.startTestSuite(TestCaseMain.java:181)
	at com.kms.katalon.core.main.TestCaseMain$startTestSuite$0.call(Unknown Source)
	at TempTestSuite1648100878643.run(TempTestSuite1648100878643.groovy:36)
)

2022-03-24 12:50:13 - [MESSAGE][FAILED] - Unable to verify element property value (Root cause: java.lang.NullPointerException: Cannot get property 'InsuredTo' on null object
	at Script1.run(Script1.groovy:1)
	at com.kms.katalon.core.webservice.helper.WebServiceCommonHelper.parseAndGetPropertyValueForJson(WebServiceCommonHelper.java:213)
	at com.kms.katalon.core.webservice.keyword.builtin.VerifyElementPropertyValueKeyword$_verifyElementPropertyValue_closure1.doCall(VerifyElementPropertyValueKeyword.groovy:52)
	at com.kms.katalon.core.webservice.keyword.builtin.VerifyElementPropertyValueKeyword$_verifyElementPropertyValue_closure1.call(VerifyElementPropertyValueKeyword.groovy)
	at com.kms.katalon.core.keyword.internal.KeywordMain.runKeyword(KeywordMain.groovy:74)
	at com.kms.katalon.core.webservice.keyword.builtin.VerifyElementPropertyValueKeyword.verifyElementPropertyValue(VerifyElementPropertyValueKeyword.groovy:48)
	at com.kms.katalon.core.webservice.keyword.builtin.VerifyElementPropertyValueKeyword.execute(VerifyElementPropertyValueKeyword.groovy:43)
	at com.kms.katalon.core.keyword.internal.KeywordExecutor.executeKeywordForPlatform(KeywordExecutor.groovy:74)
	at com.kms.katalon.core.webservice.keyword.WSBuiltInKeywords.verifyElementPropertyValue(WSBuiltInKeywords.groovy:175)
	at com.kms.katalon.core.webservice.keyword.WSBuiltInKeywords$verifyElementPropertyValue$0.call(Unknown Source)
	at 1. get token - data order.run(1. get token - data order:1013)
	at com.kms.katalon.core.main.ScriptEngine.run(ScriptEngine.java:194)
	at com.kms.katalon.core.main.ScriptEngine.runScriptAsRawText(ScriptEngine.java:119)
	at com.kms.katalon.core.main.TestCaseExecutor.runScript(TestCaseExecutor.java:442)
	at com.kms.katalon.core.main.TestCaseExecutor.doExecute(TestCaseExecutor.java:433)
	at com.kms.katalon.core.main.TestCaseExecutor.processExecutionPhase(TestCaseExecutor.java:412)
	at com.kms.katalon.core.main.TestCaseExecutor.accessMainPhase(TestCaseExecutor.java:404)
	at com.kms.katalon.core.main.TestCaseExecutor.execute(TestCaseExecutor.java:281)
	at com.kms.katalon.core.main.TestSuiteExecutor.accessTestCaseMainPhase(TestSuiteExecutor.java:202)
	at com.kms.katalon.core.main.TestSuiteExecutor.accessTestSuiteMainPhase(TestSuiteExecutor.java:164)
	at com.kms.katalon.core.main.TestSuiteExecutor.execute(TestSuiteExecutor.java:105)
	at com.kms.katalon.core.main.TestCaseMain.startTestSuite(TestCaseMain.java:181)
	at com.kms.katalon.core.main.TestCaseMain$startTestSuite$0.call(Unknown Source)
	at TempTestSuite1648100878643.run(TempTestSuite1648100878643.groovy:36)
)

2022-03-24 12:50:13 - [TEST_STEP][FAILED] - verifyElementPropertyValue(order, "GetDataOrderResponse.ListDataOrder[0].InsuranceData[5].Rate", o_rate_5, CONTINUE_ON_FAILURE): Unable to verify element property value (Root cause: java.lang.NullPointerException: Cannot get property 'Rate' on null object
	at Script1.run(Script1.groovy:1)
	at com.kms.katalon.core.webservice.helper.WebServiceCommonHelper.parseAndGetPropertyValueForJson(WebServiceCommonHelper.java:213)
	at com.kms.katalon.core.webservice.keyword.builtin.VerifyElementPropertyValueKeyword$_verifyElementPropertyValue_closure1.doCall(VerifyElementPropertyValueKeyword.groovy:52)
	at com.kms.katalon.core.webservice.keyword.builtin.VerifyElementPropertyValueKeyword$_verifyElementPropertyValue_closure1.call(VerifyElementPropertyValueKeyword.groovy)
	at com.kms.katalon.core.keyword.internal.KeywordMain.runKeyword(KeywordMain.groovy:74)
	at com.kms.katalon.core.webservice.keyword.builtin.VerifyElementPropertyValueKeyword.verifyElementPropertyValue(VerifyElementPropertyValueKeyword.groovy:48)
	at com.kms.katalon.core.webservice.keyword.builtin.VerifyElementPropertyValueKeyword.execute(VerifyElementPropertyValueKeyword.groovy:43)
	at com.kms.katalon.core.keyword.internal.KeywordExecutor.executeKeywordForPlatform(KeywordExecutor.groovy:74)
	at com.kms.katalon.core.webservice.keyword.WSBuiltInKeywords.verifyElementPropertyValue(WSBuiltInKeywords.groovy:175)
	at com.kms.katalon.core.webservice.keyword.WSBuiltInKeywords$verifyElementPropertyValue$0.call(Unknown Source)
	at 1. get token - data order.run(1. get token - data order:1016)
	at com.kms.katalon.core.main.ScriptEngine.run(ScriptEngine.java:194)
	at com.kms.katalon.core.main.ScriptEngine.runScriptAsRawText(ScriptEngine.java:119)
	at com.kms.katalon.core.main.TestCaseExecutor.runScript(TestCaseExecutor.java:442)
	at com.kms.katalon.core.main.TestCaseExecutor.doExecute(TestCaseExecutor.java:433)
	at com.kms.katalon.core.main.TestCaseExecutor.processExecutionPhase(TestCaseExecutor.java:412)
	at com.kms.katalon.core.main.TestCaseExecutor.accessMainPhase(TestCaseExecutor.java:404)
	at com.kms.katalon.core.main.TestCaseExecutor.execute(TestCaseExecutor.java:281)
	at com.kms.katalon.core.main.TestSuiteExecutor.accessTestCaseMainPhase(TestSuiteExecutor.java:202)
	at com.kms.katalon.core.main.TestSuiteExecutor.accessTestSuiteMainPhase(TestSuiteExecutor.java:164)
	at com.kms.katalon.core.main.TestSuiteExecutor.execute(TestSuiteExecutor.java:105)
	at com.kms.katalon.core.main.TestCaseMain.startTestSuite(TestCaseMain.java:181)
	at com.kms.katalon.core.main.TestCaseMain$startTestSuite$0.call(Unknown Source)
	at TempTestSuite1648100878643.run(TempTestSuite1648100878643.groovy:36)
)

2022-03-24 12:50:13 - [MESSAGE][FAILED] - Unable to verify element property value (Root cause: java.lang.NullPointerException: Cannot get property 'Rate' on null object
	at Script1.run(Script1.groovy:1)
	at com.kms.katalon.core.webservice.helper.WebServiceCommonHelper.parseAndGetPropertyValueForJson(WebServiceCommonHelper.java:213)
	at com.kms.katalon.core.webservice.keyword.builtin.VerifyElementPropertyValueKeyword$_verifyElementPropertyValue_closure1.doCall(VerifyElementPropertyValueKeyword.groovy:52)
	at com.kms.katalon.core.webservice.keyword.builtin.VerifyElementPropertyValueKeyword$_verifyElementPropertyValue_closure1.call(VerifyElementPropertyValueKeyword.groovy)
	at com.kms.katalon.core.keyword.internal.KeywordMain.runKeyword(KeywordMain.groovy:74)
	at com.kms.katalon.core.webservice.keyword.builtin.VerifyElementPropertyValueKeyword.verifyElementPropertyValue(VerifyElementPropertyValueKeyword.groovy:48)
	at com.kms.katalon.core.webservice.keyword.builtin.VerifyElementPropertyValueKeyword.execute(VerifyElementPropertyValueKeyword.groovy:43)
	at com.kms.katalon.core.keyword.internal.KeywordExecutor.executeKeywordForPlatform(KeywordExecutor.groovy:74)
	at com.kms.katalon.core.webservice.keyword.WSBuiltInKeywords.verifyElementPropertyValue(WSBuiltInKeywords.groovy:175)
	at com.kms.katalon.core.webservice.keyword.WSBuiltInKeywords$verifyElementPropertyValue$0.call(Unknown Source)
	at 1. get token - data order.run(1. get token - data order:1016)
	at com.kms.katalon.core.main.ScriptEngine.run(ScriptEngine.java:194)
	at com.kms.katalon.core.main.ScriptEngine.runScriptAsRawText(ScriptEngine.java:119)
	at com.kms.katalon.core.main.TestCaseExecutor.runScript(TestCaseExecutor.java:442)
	at com.kms.katalon.core.main.TestCaseExecutor.doExecute(TestCaseExecutor.java:433)
	at com.kms.katalon.core.main.TestCaseExecutor.processExecutionPhase(TestCaseExecutor.java:412)
	at com.kms.katalon.core.main.TestCaseExecutor.accessMainPhase(TestCaseExecutor.java:404)
	at com.kms.katalon.core.main.TestCaseExecutor.execute(TestCaseExecutor.java:281)
	at com.kms.katalon.core.main.TestSuiteExecutor.accessTestCaseMainPhase(TestSuiteExecutor.java:202)
	at com.kms.katalon.core.main.TestSuiteExecutor.accessTestSuiteMainPhase(TestSuiteExecutor.java:164)
	at com.kms.katalon.core.main.TestSuiteExecutor.execute(TestSuiteExecutor.java:105)
	at com.kms.katalon.core.main.TestCaseMain.startTestSuite(TestCaseMain.java:181)
	at com.kms.katalon.core.main.TestCaseMain$startTestSuite$0.call(Unknown Source)
	at TempTestSuite1648100878643.run(TempTestSuite1648100878643.groovy:36)
)

2022-03-24 12:50:13 - [TEST_STEP][FAILED] - verifyElementPropertyValue(order, "GetDataOrderResponse.ListDataOrder[0].InsuranceData[5].GrossPremi", o_gross_premi_5, CONTINUE_ON_FAILURE): Unable to verify element property value (Root cause: java.lang.NullPointerException: Cannot get property 'GrossPremi' on null object
	at Script1.run(Script1.groovy:1)
	at com.kms.katalon.core.webservice.helper.WebServiceCommonHelper.parseAndGetPropertyValueForJson(WebServiceCommonHelper.java:213)
	at com.kms.katalon.core.webservice.keyword.builtin.VerifyElementPropertyValueKeyword$_verifyElementPropertyValue_closure1.doCall(VerifyElementPropertyValueKeyword.groovy:52)
	at com.kms.katalon.core.webservice.keyword.builtin.VerifyElementPropertyValueKeyword$_verifyElementPropertyValue_closure1.call(VerifyElementPropertyValueKeyword.groovy)
	at com.kms.katalon.core.keyword.internal.KeywordMain.runKeyword(KeywordMain.groovy:74)
	at com.kms.katalon.core.webservice.keyword.builtin.VerifyElementPropertyValueKeyword.verifyElementPropertyValue(VerifyElementPropertyValueKeyword.groovy:48)
	at com.kms.katalon.core.webservice.keyword.builtin.VerifyElementPropertyValueKeyword.execute(VerifyElementPropertyValueKeyword.groovy:43)
	at com.kms.katalon.core.keyword.internal.KeywordExecutor.executeKeywordForPlatform(KeywordExecutor.groovy:74)
	at com.kms.katalon.core.webservice.keyword.WSBuiltInKeywords.verifyElementPropertyValue(WSBuiltInKeywords.groovy:175)
	at com.kms.katalon.core.webservice.keyword.WSBuiltInKeywords$verifyElementPropertyValue$0.call(Unknown Source)
	at 1. get token - data order.run(1. get token - data order:1018)
	at com.kms.katalon.core.main.ScriptEngine.run(ScriptEngine.java:194)
	at com.kms.katalon.core.main.ScriptEngine.runScriptAsRawText(ScriptEngine.java:119)
	at com.kms.katalon.core.main.TestCaseExecutor.runScript(TestCaseExecutor.java:442)
	at com.kms.katalon.core.main.TestCaseExecutor.doExecute(TestCaseExecutor.java:433)
	at com.kms.katalon.core.main.TestCaseExecutor.processExecutionPhase(TestCaseExecutor.java:412)
	at com.kms.katalon.core.main.TestCaseExecutor.accessMainPhase(TestCaseExecutor.java:404)
	at com.kms.katalon.core.main.TestCaseExecutor.execute(TestCaseExecutor.java:281)
	at com.kms.katalon.core.main.TestSuiteExecutor.accessTestCaseMainPhase(TestSuiteExecutor.java:202)
	at com.kms.katalon.core.main.TestSuiteExecutor.accessTestSuiteMainPhase(TestSuiteExecutor.java:164)
	at com.kms.katalon.core.main.TestSuiteExecutor.execute(TestSuiteExecutor.java:105)
	at com.kms.katalon.core.main.TestCaseMain.startTestSuite(TestCaseMain.java:181)
	at com.kms.katalon.core.main.TestCaseMain$startTestSuite$0.call(Unknown Source)
	at TempTestSuite1648100878643.run(TempTestSuite1648100878643.groovy:36)
)

2022-03-24 12:50:13 - [MESSAGE][FAILED] - Unable to verify element property value (Root cause: java.lang.NullPointerException: Cannot get property 'GrossPremi' on null object
	at Script1.run(Script1.groovy:1)
	at com.kms.katalon.core.webservice.helper.WebServiceCommonHelper.parseAndGetPropertyValueForJson(WebServiceCommonHelper.java:213)
	at com.kms.katalon.core.webservice.keyword.builtin.VerifyElementPropertyValueKeyword$_verifyElementPropertyValue_closure1.doCall(VerifyElementPropertyValueKeyword.groovy:52)
	at com.kms.katalon.core.webservice.keyword.builtin.VerifyElementPropertyValueKeyword$_verifyElementPropertyValue_closure1.call(VerifyElementPropertyValueKeyword.groovy)
	at com.kms.katalon.core.keyword.internal.KeywordMain.runKeyword(KeywordMain.groovy:74)
	at com.kms.katalon.core.webservice.keyword.builtin.VerifyElementPropertyValueKeyword.verifyElementPropertyValue(VerifyElementPropertyValueKeyword.groovy:48)
	at com.kms.katalon.core.webservice.keyword.builtin.VerifyElementPropertyValueKeyword.execute(VerifyElementPropertyValueKeyword.groovy:43)
	at com.kms.katalon.core.keyword.internal.KeywordExecutor.executeKeywordForPlatform(KeywordExecutor.groovy:74)
	at com.kms.katalon.core.webservice.keyword.WSBuiltInKeywords.verifyElementPropertyValue(WSBuiltInKeywords.groovy:175)
	at com.kms.katalon.core.webservice.keyword.WSBuiltInKeywords$verifyElementPropertyValue$0.call(Unknown Source)
	at 1. get token - data order.run(1. get token - data order:1018)
	at com.kms.katalon.core.main.ScriptEngine.run(ScriptEngine.java:194)
	at com.kms.katalon.core.main.ScriptEngine.runScriptAsRawText(ScriptEngine.java:119)
	at com.kms.katalon.core.main.TestCaseExecutor.runScript(TestCaseExecutor.java:442)
	at com.kms.katalon.core.main.TestCaseExecutor.doExecute(TestCaseExecutor.java:433)
	at com.kms.katalon.core.main.TestCaseExecutor.processExecutionPhase(TestCaseExecutor.java:412)
	at com.kms.katalon.core.main.TestCaseExecutor.accessMainPhase(TestCaseExecutor.java:404)
	at com.kms.katalon.core.main.TestCaseExecutor.execute(TestCaseExecutor.java:281)
	at com.kms.katalon.core.main.TestSuiteExecutor.accessTestCaseMainPhase(TestSuiteExecutor.java:202)
	at com.kms.katalon.core.main.TestSuiteExecutor.accessTestSuiteMainPhase(TestSuiteExecutor.java:164)
	at com.kms.katalon.core.main.TestSuiteExecutor.execute(TestSuiteExecutor.java:105)
	at com.kms.katalon.core.main.TestCaseMain.startTestSuite(TestCaseMain.java:181)
	at com.kms.katalon.core.main.TestCaseMain$startTestSuite$0.call(Unknown Source)
	at TempTestSuite1648100878643.run(TempTestSuite1648100878643.groovy:36)
)

2022-03-24 12:50:13 - [TEST_STEP][FAILED] - verifyElementPropertyValue(order, "GetDataOrderResponse.ListDataOrder[0].InsuranceData[5].Discount", o_discount_5, CONTINUE_ON_FAILURE): Unable to verify element property value (Root cause: java.lang.NullPointerException: Cannot get property 'Discount' on null object
	at Script1.run(Script1.groovy:1)
	at com.kms.katalon.core.webservice.helper.WebServiceCommonHelper.parseAndGetPropertyValueForJson(WebServiceCommonHelper.java:213)
	at com.kms.katalon.core.webservice.keyword.builtin.VerifyElementPropertyValueKeyword$_verifyElementPropertyValue_closure1.doCall(VerifyElementPropertyValueKeyword.groovy:52)
	at com.kms.katalon.core.webservice.keyword.builtin.VerifyElementPropertyValueKeyword$_verifyElementPropertyValue_closure1.call(VerifyElementPropertyValueKeyword.groovy)
	at com.kms.katalon.core.keyword.internal.KeywordMain.runKeyword(KeywordMain.groovy:74)
	at com.kms.katalon.core.webservice.keyword.builtin.VerifyElementPropertyValueKeyword.verifyElementPropertyValue(VerifyElementPropertyValueKeyword.groovy:48)
	at com.kms.katalon.core.webservice.keyword.builtin.VerifyElementPropertyValueKeyword.execute(VerifyElementPropertyValueKeyword.groovy:43)
	at com.kms.katalon.core.keyword.internal.KeywordExecutor.executeKeywordForPlatform(KeywordExecutor.groovy:74)
	at com.kms.katalon.core.webservice.keyword.WSBuiltInKeywords.verifyElementPropertyValue(WSBuiltInKeywords.groovy:175)
	at com.kms.katalon.core.webservice.keyword.WSBuiltInKeywords$verifyElementPropertyValue$0.call(Unknown Source)
	at 1. get token - data order.run(1. get token - data order:1021)
	at com.kms.katalon.core.main.ScriptEngine.run(ScriptEngine.java:194)
	at com.kms.katalon.core.main.ScriptEngine.runScriptAsRawText(ScriptEngine.java:119)
	at com.kms.katalon.core.main.TestCaseExecutor.runScript(TestCaseExecutor.java:442)
	at com.kms.katalon.core.main.TestCaseExecutor.doExecute(TestCaseExecutor.java:433)
	at com.kms.katalon.core.main.TestCaseExecutor.processExecutionPhase(TestCaseExecutor.java:412)
	at com.kms.katalon.core.main.TestCaseExecutor.accessMainPhase(TestCaseExecutor.java:404)
	at com.kms.katalon.core.main.TestCaseExecutor.execute(TestCaseExecutor.java:281)
	at com.kms.katalon.core.main.TestSuiteExecutor.accessTestCaseMainPhase(TestSuiteExecutor.java:202)
	at com.kms.katalon.core.main.TestSuiteExecutor.accessTestSuiteMainPhase(TestSuiteExecutor.java:164)
	at com.kms.katalon.core.main.TestSuiteExecutor.execute(TestSuiteExecutor.java:105)
	at com.kms.katalon.core.main.TestCaseMain.startTestSuite(TestCaseMain.java:181)
	at com.kms.katalon.core.main.TestCaseMain$startTestSuite$0.call(Unknown Source)
	at TempTestSuite1648100878643.run(TempTestSuite1648100878643.groovy:36)
)

2022-03-24 12:50:13 - [MESSAGE][FAILED] - Unable to verify element property value (Root cause: java.lang.NullPointerException: Cannot get property 'Discount' on null object
	at Script1.run(Script1.groovy:1)
	at com.kms.katalon.core.webservice.helper.WebServiceCommonHelper.parseAndGetPropertyValueForJson(WebServiceCommonHelper.java:213)
	at com.kms.katalon.core.webservice.keyword.builtin.VerifyElementPropertyValueKeyword$_verifyElementPropertyValue_closure1.doCall(VerifyElementPropertyValueKeyword.groovy:52)
	at com.kms.katalon.core.webservice.keyword.builtin.VerifyElementPropertyValueKeyword$_verifyElementPropertyValue_closure1.call(VerifyElementPropertyValueKeyword.groovy)
	at com.kms.katalon.core.keyword.internal.KeywordMain.runKeyword(KeywordMain.groovy:74)
	at com.kms.katalon.core.webservice.keyword.builtin.VerifyElementPropertyValueKeyword.verifyElementPropertyValue(VerifyElementPropertyValueKeyword.groovy:48)
	at com.kms.katalon.core.webservice.keyword.builtin.VerifyElementPropertyValueKeyword.execute(VerifyElementPropertyValueKeyword.groovy:43)
	at com.kms.katalon.core.keyword.internal.KeywordExecutor.executeKeywordForPlatform(KeywordExecutor.groovy:74)
	at com.kms.katalon.core.webservice.keyword.WSBuiltInKeywords.verifyElementPropertyValue(WSBuiltInKeywords.groovy:175)
	at com.kms.katalon.core.webservice.keyword.WSBuiltInKeywords$verifyElementPropertyValue$0.call(Unknown Source)
	at 1. get token - data order.run(1. get token - data order:1021)
	at com.kms.katalon.core.main.ScriptEngine.run(ScriptEngine.java:194)
	at com.kms.katalon.core.main.ScriptEngine.runScriptAsRawText(ScriptEngine.java:119)
	at com.kms.katalon.core.main.TestCaseExecutor.runScript(TestCaseExecutor.java:442)
	at com.kms.katalon.core.main.TestCaseExecutor.doExecute(TestCaseExecutor.java:433)
	at com.kms.katalon.core.main.TestCaseExecutor.processExecutionPhase(TestCaseExecutor.java:412)
	at com.kms.katalon.core.main.TestCaseExecutor.accessMainPhase(TestCaseExecutor.java:404)
	at com.kms.katalon.core.main.TestCaseExecutor.execute(TestCaseExecutor.java:281)
	at com.kms.katalon.core.main.TestSuiteExecutor.accessTestCaseMainPhase(TestSuiteExecutor.java:202)
	at com.kms.katalon.core.main.TestSuiteExecutor.accessTestSuiteMainPhase(TestSuiteExecutor.java:164)
	at com.kms.katalon.core.main.TestSuiteExecutor.execute(TestSuiteExecutor.java:105)
	at com.kms.katalon.core.main.TestCaseMain.startTestSuite(TestCaseMain.java:181)
	at com.kms.katalon.core.main.TestCaseMain$startTestSuite$0.call(Unknown Source)
	at TempTestSuite1648100878643.run(TempTestSuite1648100878643.groovy:36)
)

2022-03-24 12:50:13 - [TEST_STEP][FAILED] - verifyElementPropertyValue(order, "GetDataOrderResponse.ListDataOrder[0].InsuranceData[5].Adm", o_adm_5, CONTINUE_ON_FAILURE): Unable to verify element property value (Root cause: java.lang.NullPointerException: Cannot get property 'Adm' on null object
	at Script1.run(Script1.groovy:1)
	at com.kms.katalon.core.webservice.helper.WebServiceCommonHelper.parseAndGetPropertyValueForJson(WebServiceCommonHelper.java:213)
	at com.kms.katalon.core.webservice.keyword.builtin.VerifyElementPropertyValueKeyword$_verifyElementPropertyValue_closure1.doCall(VerifyElementPropertyValueKeyword.groovy:52)
	at com.kms.katalon.core.webservice.keyword.builtin.VerifyElementPropertyValueKeyword$_verifyElementPropertyValue_closure1.call(VerifyElementPropertyValueKeyword.groovy)
	at com.kms.katalon.core.keyword.internal.KeywordMain.runKeyword(KeywordMain.groovy:74)
	at com.kms.katalon.core.webservice.keyword.builtin.VerifyElementPropertyValueKeyword.verifyElementPropertyValue(VerifyElementPropertyValueKeyword.groovy:48)
	at com.kms.katalon.core.webservice.keyword.builtin.VerifyElementPropertyValueKeyword.execute(VerifyElementPropertyValueKeyword.groovy:43)
	at com.kms.katalon.core.keyword.internal.KeywordExecutor.executeKeywordForPlatform(KeywordExecutor.groovy:74)
	at com.kms.katalon.core.webservice.keyword.WSBuiltInKeywords.verifyElementPropertyValue(WSBuiltInKeywords.groovy:175)
	at com.kms.katalon.core.webservice.keyword.WSBuiltInKeywords$verifyElementPropertyValue$0.call(Unknown Source)
	at 1. get token - data order.run(1. get token - data order:1024)
	at com.kms.katalon.core.main.ScriptEngine.run(ScriptEngine.java:194)
	at com.kms.katalon.core.main.ScriptEngine.runScriptAsRawText(ScriptEngine.java:119)
	at com.kms.katalon.core.main.TestCaseExecutor.runScript(TestCaseExecutor.java:442)
	at com.kms.katalon.core.main.TestCaseExecutor.doExecute(TestCaseExecutor.java:433)
	at com.kms.katalon.core.main.TestCaseExecutor.processExecutionPhase(TestCaseExecutor.java:412)
	at com.kms.katalon.core.main.TestCaseExecutor.accessMainPhase(TestCaseExecutor.java:404)
	at com.kms.katalon.core.main.TestCaseExecutor.execute(TestCaseExecutor.java:281)
	at com.kms.katalon.core.main.TestSuiteExecutor.accessTestCaseMainPhase(TestSuiteExecutor.java:202)
	at com.kms.katalon.core.main.TestSuiteExecutor.accessTestSuiteMainPhase(TestSuiteExecutor.java:164)
	at com.kms.katalon.core.main.TestSuiteExecutor.execute(TestSuiteExecutor.java:105)
	at com.kms.katalon.core.main.TestCaseMain.startTestSuite(TestCaseMain.java:181)
	at com.kms.katalon.core.main.TestCaseMain$startTestSuite$0.call(Unknown Source)
	at TempTestSuite1648100878643.run(TempTestSuite1648100878643.groovy:36)
)

2022-03-24 12:50:13 - [MESSAGE][FAILED] - Unable to verify element property value (Root cause: java.lang.NullPointerException: Cannot get property 'Adm' on null object
	at Script1.run(Script1.groovy:1)
	at com.kms.katalon.core.webservice.helper.WebServiceCommonHelper.parseAndGetPropertyValueForJson(WebServiceCommonHelper.java:213)
	at com.kms.katalon.core.webservice.keyword.builtin.VerifyElementPropertyValueKeyword$_verifyElementPropertyValue_closure1.doCall(VerifyElementPropertyValueKeyword.groovy:52)
	at com.kms.katalon.core.webservice.keyword.builtin.VerifyElementPropertyValueKeyword$_verifyElementPropertyValue_closure1.call(VerifyElementPropertyValueKeyword.groovy)
	at com.kms.katalon.core.keyword.internal.KeywordMain.runKeyword(KeywordMain.groovy:74)
	at com.kms.katalon.core.webservice.keyword.builtin.VerifyElementPropertyValueKeyword.verifyElementPropertyValue(VerifyElementPropertyValueKeyword.groovy:48)
	at com.kms.katalon.core.webservice.keyword.builtin.VerifyElementPropertyValueKeyword.execute(VerifyElementPropertyValueKeyword.groovy:43)
	at com.kms.katalon.core.keyword.internal.KeywordExecutor.executeKeywordForPlatform(KeywordExecutor.groovy:74)
	at com.kms.katalon.core.webservice.keyword.WSBuiltInKeywords.verifyElementPropertyValue(WSBuiltInKeywords.groovy:175)
	at com.kms.katalon.core.webservice.keyword.WSBuiltInKeywords$verifyElementPropertyValue$0.call(Unknown Source)
	at 1. get token - data order.run(1. get token - data order:1024)
	at com.kms.katalon.core.main.ScriptEngine.run(ScriptEngine.java:194)
	at com.kms.katalon.core.main.ScriptEngine.runScriptAsRawText(ScriptEngine.java:119)
	at com.kms.katalon.core.main.TestCaseExecutor.runScript(TestCaseExecutor.java:442)
	at com.kms.katalon.core.main.TestCaseExecutor.doExecute(TestCaseExecutor.java:433)
	at com.kms.katalon.core.main.TestCaseExecutor.processExecutionPhase(TestCaseExecutor.java:412)
	at com.kms.katalon.core.main.TestCaseExecutor.accessMainPhase(TestCaseExecutor.java:404)
	at com.kms.katalon.core.main.TestCaseExecutor.execute(TestCaseExecutor.java:281)
	at com.kms.katalon.core.main.TestSuiteExecutor.accessTestCaseMainPhase(TestSuiteExecutor.java:202)
	at com.kms.katalon.core.main.TestSuiteExecutor.accessTestSuiteMainPhase(TestSuiteExecutor.java:164)
	at com.kms.katalon.core.main.TestSuiteExecutor.execute(TestSuiteExecutor.java:105)
	at com.kms.katalon.core.main.TestCaseMain.startTestSuite(TestCaseMain.java:181)
	at com.kms.katalon.core.main.TestCaseMain$startTestSuite$0.call(Unknown Source)
	at TempTestSuite1648100878643.run(TempTestSuite1648100878643.groovy:36)
)

2022-03-24 12:50:13 - [TEST_STEP][FAILED] - verifyElementPropertyValue(order, "GetDataOrderResponse.ListDataOrder[0].InsuranceData[5].NetPremi", o_netpremi_5, CONTINUE_ON_FAILURE): Unable to verify element property value (Root cause: java.lang.NullPointerException: Cannot get property 'NetPremi' on null object
	at Script1.run(Script1.groovy:1)
	at com.kms.katalon.core.webservice.helper.WebServiceCommonHelper.parseAndGetPropertyValueForJson(WebServiceCommonHelper.java:213)
	at com.kms.katalon.core.webservice.keyword.builtin.VerifyElementPropertyValueKeyword$_verifyElementPropertyValue_closure1.doCall(VerifyElementPropertyValueKeyword.groovy:52)
	at com.kms.katalon.core.webservice.keyword.builtin.VerifyElementPropertyValueKeyword$_verifyElementPropertyValue_closure1.call(VerifyElementPropertyValueKeyword.groovy)
	at com.kms.katalon.core.keyword.internal.KeywordMain.runKeyword(KeywordMain.groovy:74)
	at com.kms.katalon.core.webservice.keyword.builtin.VerifyElementPropertyValueKeyword.verifyElementPropertyValue(VerifyElementPropertyValueKeyword.groovy:48)
	at com.kms.katalon.core.webservice.keyword.builtin.VerifyElementPropertyValueKeyword.execute(VerifyElementPropertyValueKeyword.groovy:43)
	at com.kms.katalon.core.keyword.internal.KeywordExecutor.executeKeywordForPlatform(KeywordExecutor.groovy:74)
	at com.kms.katalon.core.webservice.keyword.WSBuiltInKeywords.verifyElementPropertyValue(WSBuiltInKeywords.groovy:175)
	at com.kms.katalon.core.webservice.keyword.WSBuiltInKeywords$verifyElementPropertyValue$0.call(Unknown Source)
	at 1. get token - data order.run(1. get token - data order:1026)
	at com.kms.katalon.core.main.ScriptEngine.run(ScriptEngine.java:194)
	at com.kms.katalon.core.main.ScriptEngine.runScriptAsRawText(ScriptEngine.java:119)
	at com.kms.katalon.core.main.TestCaseExecutor.runScript(TestCaseExecutor.java:442)
	at com.kms.katalon.core.main.TestCaseExecutor.doExecute(TestCaseExecutor.java:433)
	at com.kms.katalon.core.main.TestCaseExecutor.processExecutionPhase(TestCaseExecutor.java:412)
	at com.kms.katalon.core.main.TestCaseExecutor.accessMainPhase(TestCaseExecutor.java:404)
	at com.kms.katalon.core.main.TestCaseExecutor.execute(TestCaseExecutor.java:281)
	at com.kms.katalon.core.main.TestSuiteExecutor.accessTestCaseMainPhase(TestSuiteExecutor.java:202)
	at com.kms.katalon.core.main.TestSuiteExecutor.accessTestSuiteMainPhase(TestSuiteExecutor.java:164)
	at com.kms.katalon.core.main.TestSuiteExecutor.execute(TestSuiteExecutor.java:105)
	at com.kms.katalon.core.main.TestCaseMain.startTestSuite(TestCaseMain.java:181)
	at com.kms.katalon.core.main.TestCaseMain$startTestSuite$0.call(Unknown Source)
	at TempTestSuite1648100878643.run(TempTestSuite1648100878643.groovy:36)
)

2022-03-24 12:50:13 - [MESSAGE][FAILED] - Unable to verify element property value (Root cause: java.lang.NullPointerException: Cannot get property 'NetPremi' on null object
	at Script1.run(Script1.groovy:1)
	at com.kms.katalon.core.webservice.helper.WebServiceCommonHelper.parseAndGetPropertyValueForJson(WebServiceCommonHelper.java:213)
	at com.kms.katalon.core.webservice.keyword.builtin.VerifyElementPropertyValueKeyword$_verifyElementPropertyValue_closure1.doCall(VerifyElementPropertyValueKeyword.groovy:52)
	at com.kms.katalon.core.webservice.keyword.builtin.VerifyElementPropertyValueKeyword$_verifyElementPropertyValue_closure1.call(VerifyElementPropertyValueKeyword.groovy)
	at com.kms.katalon.core.keyword.internal.KeywordMain.runKeyword(KeywordMain.groovy:74)
	at com.kms.katalon.core.webservice.keyword.builtin.VerifyElementPropertyValueKeyword.verifyElementPropertyValue(VerifyElementPropertyValueKeyword.groovy:48)
	at com.kms.katalon.core.webservice.keyword.builtin.VerifyElementPropertyValueKeyword.execute(VerifyElementPropertyValueKeyword.groovy:43)
	at com.kms.katalon.core.keyword.internal.KeywordExecutor.executeKeywordForPlatform(KeywordExecutor.groovy:74)
	at com.kms.katalon.core.webservice.keyword.WSBuiltInKeywords.verifyElementPropertyValue(WSBuiltInKeywords.groovy:175)
	at com.kms.katalon.core.webservice.keyword.WSBuiltInKeywords$verifyElementPropertyValue$0.call(Unknown Source)
	at 1. get token - data order.run(1. get token - data order:1026)
	at com.kms.katalon.core.main.ScriptEngine.run(ScriptEngine.java:194)
	at com.kms.katalon.core.main.ScriptEngine.runScriptAsRawText(ScriptEngine.java:119)
	at com.kms.katalon.core.main.TestCaseExecutor.runScript(TestCaseExecutor.java:442)
	at com.kms.katalon.core.main.TestCaseExecutor.doExecute(TestCaseExecutor.java:433)
	at com.kms.katalon.core.main.TestCaseExecutor.processExecutionPhase(TestCaseExecutor.java:412)
	at com.kms.katalon.core.main.TestCaseExecutor.accessMainPhase(TestCaseExecutor.java:404)
	at com.kms.katalon.core.main.TestCaseExecutor.execute(TestCaseExecutor.java:281)
	at com.kms.katalon.core.main.TestSuiteExecutor.accessTestCaseMainPhase(TestSuiteExecutor.java:202)
	at com.kms.katalon.core.main.TestSuiteExecutor.accessTestSuiteMainPhase(TestSuiteExecutor.java:164)
	at com.kms.katalon.core.main.TestSuiteExecutor.execute(TestSuiteExecutor.java:105)
	at com.kms.katalon.core.main.TestCaseMain.startTestSuite(TestCaseMain.java:181)
	at com.kms.katalon.core.main.TestCaseMain$startTestSuite$0.call(Unknown Source)
	at TempTestSuite1648100878643.run(TempTestSuite1648100878643.groovy:36)
)

2022-03-24 12:50:13 - [TEST_STEP][FAILED] - verifyElementPropertyValue(order, "GetDataOrderResponse.ListDataOrder[0].InsuranceData[5].PerluasanJaminan.TJH", o_tjh_val_5, CONTINUE_ON_FAILURE): Unable to verify element property value (Root cause: java.lang.NullPointerException: Cannot get property 'PerluasanJaminan' on null object
	at Script1.run(Script1.groovy:1)
	at com.kms.katalon.core.webservice.helper.WebServiceCommonHelper.parseAndGetPropertyValueForJson(WebServiceCommonHelper.java:213)
	at com.kms.katalon.core.webservice.keyword.builtin.VerifyElementPropertyValueKeyword$_verifyElementPropertyValue_closure1.doCall(VerifyElementPropertyValueKeyword.groovy:52)
	at com.kms.katalon.core.webservice.keyword.builtin.VerifyElementPropertyValueKeyword$_verifyElementPropertyValue_closure1.call(VerifyElementPropertyValueKeyword.groovy)
	at com.kms.katalon.core.keyword.internal.KeywordMain.runKeyword(KeywordMain.groovy:74)
	at com.kms.katalon.core.webservice.keyword.builtin.VerifyElementPropertyValueKeyword.verifyElementPropertyValue(VerifyElementPropertyValueKeyword.groovy:48)
	at com.kms.katalon.core.webservice.keyword.builtin.VerifyElementPropertyValueKeyword.execute(VerifyElementPropertyValueKeyword.groovy:43)
	at com.kms.katalon.core.keyword.internal.KeywordExecutor.executeKeywordForPlatform(KeywordExecutor.groovy:74)
	at com.kms.katalon.core.webservice.keyword.WSBuiltInKeywords.verifyElementPropertyValue(WSBuiltInKeywords.groovy:175)
	at com.kms.katalon.core.webservice.keyword.WSBuiltInKeywords$verifyElementPropertyValue$0.call(Unknown Source)
	at 1. get token - data order.run(1. get token - data order:1029)
	at com.kms.katalon.core.main.ScriptEngine.run(ScriptEngine.java:194)
	at com.kms.katalon.core.main.ScriptEngine.runScriptAsRawText(ScriptEngine.java:119)
	at com.kms.katalon.core.main.TestCaseExecutor.runScript(TestCaseExecutor.java:442)
	at com.kms.katalon.core.main.TestCaseExecutor.doExecute(TestCaseExecutor.java:433)
	at com.kms.katalon.core.main.TestCaseExecutor.processExecutionPhase(TestCaseExecutor.java:412)
	at com.kms.katalon.core.main.TestCaseExecutor.accessMainPhase(TestCaseExecutor.java:404)
	at com.kms.katalon.core.main.TestCaseExecutor.execute(TestCaseExecutor.java:281)
	at com.kms.katalon.core.main.TestSuiteExecutor.accessTestCaseMainPhase(TestSuiteExecutor.java:202)
	at com.kms.katalon.core.main.TestSuiteExecutor.accessTestSuiteMainPhase(TestSuiteExecutor.java:164)
	at com.kms.katalon.core.main.TestSuiteExecutor.execute(TestSuiteExecutor.java:105)
	at com.kms.katalon.core.main.TestCaseMain.startTestSuite(TestCaseMain.java:181)
	at com.kms.katalon.core.main.TestCaseMain$startTestSuite$0.call(Unknown Source)
	at TempTestSuite1648100878643.run(TempTestSuite1648100878643.groovy:36)
)

2022-03-24 12:50:13 - [MESSAGE][FAILED] - Unable to verify element property value (Root cause: java.lang.NullPointerException: Cannot get property 'PerluasanJaminan' on null object
	at Script1.run(Script1.groovy:1)
	at com.kms.katalon.core.webservice.helper.WebServiceCommonHelper.parseAndGetPropertyValueForJson(WebServiceCommonHelper.java:213)
	at com.kms.katalon.core.webservice.keyword.builtin.VerifyElementPropertyValueKeyword$_verifyElementPropertyValue_closure1.doCall(VerifyElementPropertyValueKeyword.groovy:52)
	at com.kms.katalon.core.webservice.keyword.builtin.VerifyElementPropertyValueKeyword$_verifyElementPropertyValue_closure1.call(VerifyElementPropertyValueKeyword.groovy)
	at com.kms.katalon.core.keyword.internal.KeywordMain.runKeyword(KeywordMain.groovy:74)
	at com.kms.katalon.core.webservice.keyword.builtin.VerifyElementPropertyValueKeyword.verifyElementPropertyValue(VerifyElementPropertyValueKeyword.groovy:48)
	at com.kms.katalon.core.webservice.keyword.builtin.VerifyElementPropertyValueKeyword.execute(VerifyElementPropertyValueKeyword.groovy:43)
	at com.kms.katalon.core.keyword.internal.KeywordExecutor.executeKeywordForPlatform(KeywordExecutor.groovy:74)
	at com.kms.katalon.core.webservice.keyword.WSBuiltInKeywords.verifyElementPropertyValue(WSBuiltInKeywords.groovy:175)
	at com.kms.katalon.core.webservice.keyword.WSBuiltInKeywords$verifyElementPropertyValue$0.call(Unknown Source)
	at 1. get token - data order.run(1. get token - data order:1029)
	at com.kms.katalon.core.main.ScriptEngine.run(ScriptEngine.java:194)
	at com.kms.katalon.core.main.ScriptEngine.runScriptAsRawText(ScriptEngine.java:119)
	at com.kms.katalon.core.main.TestCaseExecutor.runScript(TestCaseExecutor.java:442)
	at com.kms.katalon.core.main.TestCaseExecutor.doExecute(TestCaseExecutor.java:433)
	at com.kms.katalon.core.main.TestCaseExecutor.processExecutionPhase(TestCaseExecutor.java:412)
	at com.kms.katalon.core.main.TestCaseExecutor.accessMainPhase(TestCaseExecutor.java:404)
	at com.kms.katalon.core.main.TestCaseExecutor.execute(TestCaseExecutor.java:281)
	at com.kms.katalon.core.main.TestSuiteExecutor.accessTestCaseMainPhase(TestSuiteExecutor.java:202)
	at com.kms.katalon.core.main.TestSuiteExecutor.accessTestSuiteMainPhase(TestSuiteExecutor.java:164)
	at com.kms.katalon.core.main.TestSuiteExecutor.execute(TestSuiteExecutor.java:105)
	at com.kms.katalon.core.main.TestCaseMain.startTestSuite(TestCaseMain.java:181)
	at com.kms.katalon.core.main.TestCaseMain$startTestSuite$0.call(Unknown Source)
	at TempTestSuite1648100878643.run(TempTestSuite1648100878643.groovy:36)
)

2022-03-24 12:50:13 - [TEST_STEP][FAILED] - verifyElementPropertyValue(order, "GetDataOrderResponse.ListDataOrder[0].InsuranceData[5].PerluasanJaminan.RSCC", o_rscc_val_5, CONTINUE_ON_FAILURE): Unable to verify element property value (Root cause: java.lang.NullPointerException: Cannot get property 'PerluasanJaminan' on null object
	at Script1.run(Script1.groovy:1)
	at com.kms.katalon.core.webservice.helper.WebServiceCommonHelper.parseAndGetPropertyValueForJson(WebServiceCommonHelper.java:213)
	at com.kms.katalon.core.webservice.keyword.builtin.VerifyElementPropertyValueKeyword$_verifyElementPropertyValue_closure1.doCall(VerifyElementPropertyValueKeyword.groovy:52)
	at com.kms.katalon.core.webservice.keyword.builtin.VerifyElementPropertyValueKeyword$_verifyElementPropertyValue_closure1.call(VerifyElementPropertyValueKeyword.groovy)
	at com.kms.katalon.core.keyword.internal.KeywordMain.runKeyword(KeywordMain.groovy:74)
	at com.kms.katalon.core.webservice.keyword.builtin.VerifyElementPropertyValueKeyword.verifyElementPropertyValue(VerifyElementPropertyValueKeyword.groovy:48)
	at com.kms.katalon.core.webservice.keyword.builtin.VerifyElementPropertyValueKeyword.execute(VerifyElementPropertyValueKeyword.groovy:43)
	at com.kms.katalon.core.keyword.internal.KeywordExecutor.executeKeywordForPlatform(KeywordExecutor.groovy:74)
	at com.kms.katalon.core.webservice.keyword.WSBuiltInKeywords.verifyElementPropertyValue(WSBuiltInKeywords.groovy:175)
	at com.kms.katalon.core.webservice.keyword.WSBuiltInKeywords$verifyElementPropertyValue$0.call(Unknown Source)
	at 1. get token - data order.run(1. get token - data order:1032)
	at com.kms.katalon.core.main.ScriptEngine.run(ScriptEngine.java:194)
	at com.kms.katalon.core.main.ScriptEngine.runScriptAsRawText(ScriptEngine.java:119)
	at com.kms.katalon.core.main.TestCaseExecutor.runScript(TestCaseExecutor.java:442)
	at com.kms.katalon.core.main.TestCaseExecutor.doExecute(TestCaseExecutor.java:433)
	at com.kms.katalon.core.main.TestCaseExecutor.processExecutionPhase(TestCaseExecutor.java:412)
	at com.kms.katalon.core.main.TestCaseExecutor.accessMainPhase(TestCaseExecutor.java:404)
	at com.kms.katalon.core.main.TestCaseExecutor.execute(TestCaseExecutor.java:281)
	at com.kms.katalon.core.main.TestSuiteExecutor.accessTestCaseMainPhase(TestSuiteExecutor.java:202)
	at com.kms.katalon.core.main.TestSuiteExecutor.accessTestSuiteMainPhase(TestSuiteExecutor.java:164)
	at com.kms.katalon.core.main.TestSuiteExecutor.execute(TestSuiteExecutor.java:105)
	at com.kms.katalon.core.main.TestCaseMain.startTestSuite(TestCaseMain.java:181)
	at com.kms.katalon.core.main.TestCaseMain$startTestSuite$0.call(Unknown Source)
	at TempTestSuite1648100878643.run(TempTestSuite1648100878643.groovy:36)
)

2022-03-24 12:50:14 - [MESSAGE][FAILED] - Unable to verify element property value (Root cause: java.lang.NullPointerException: Cannot get property 'PerluasanJaminan' on null object
	at Script1.run(Script1.groovy:1)
	at com.kms.katalon.core.webservice.helper.WebServiceCommonHelper.parseAndGetPropertyValueForJson(WebServiceCommonHelper.java:213)
	at com.kms.katalon.core.webservice.keyword.builtin.VerifyElementPropertyValueKeyword$_verifyElementPropertyValue_closure1.doCall(VerifyElementPropertyValueKeyword.groovy:52)
	at com.kms.katalon.core.webservice.keyword.builtin.VerifyElementPropertyValueKeyword$_verifyElementPropertyValue_closure1.call(VerifyElementPropertyValueKeyword.groovy)
	at com.kms.katalon.core.keyword.internal.KeywordMain.runKeyword(KeywordMain.groovy:74)
	at com.kms.katalon.core.webservice.keyword.builtin.VerifyElementPropertyValueKeyword.verifyElementPropertyValue(VerifyElementPropertyValueKeyword.groovy:48)
	at com.kms.katalon.core.webservice.keyword.builtin.VerifyElementPropertyValueKeyword.execute(VerifyElementPropertyValueKeyword.groovy:43)
	at com.kms.katalon.core.keyword.internal.KeywordExecutor.executeKeywordForPlatform(KeywordExecutor.groovy:74)
	at com.kms.katalon.core.webservice.keyword.WSBuiltInKeywords.verifyElementPropertyValue(WSBuiltInKeywords.groovy:175)
	at com.kms.katalon.core.webservice.keyword.WSBuiltInKeywords$verifyElementPropertyValue$0.call(Unknown Source)
	at 1. get token - data order.run(1. get token - data order:1032)
	at com.kms.katalon.core.main.ScriptEngine.run(ScriptEngine.java:194)
	at com.kms.katalon.core.main.ScriptEngine.runScriptAsRawText(ScriptEngine.java:119)
	at com.kms.katalon.core.main.TestCaseExecutor.runScript(TestCaseExecutor.java:442)
	at com.kms.katalon.core.main.TestCaseExecutor.doExecute(TestCaseExecutor.java:433)
	at com.kms.katalon.core.main.TestCaseExecutor.processExecutionPhase(TestCaseExecutor.java:412)
	at com.kms.katalon.core.main.TestCaseExecutor.accessMainPhase(TestCaseExecutor.java:404)
	at com.kms.katalon.core.main.TestCaseExecutor.execute(TestCaseExecutor.java:281)
	at com.kms.katalon.core.main.TestSuiteExecutor.accessTestCaseMainPhase(TestSuiteExecutor.java:202)
	at com.kms.katalon.core.main.TestSuiteExecutor.accessTestSuiteMainPhase(TestSuiteExecutor.java:164)
	at com.kms.katalon.core.main.TestSuiteExecutor.execute(TestSuiteExecutor.java:105)
	at com.kms.katalon.core.main.TestCaseMain.startTestSuite(TestCaseMain.java:181)
	at com.kms.katalon.core.main.TestCaseMain$startTestSuite$0.call(Unknown Source)
	at TempTestSuite1648100878643.run(TempTestSuite1648100878643.groovy:36)
)

2022-03-24 12:50:14 - [TEST_STEP][FAILED] - verifyElementPropertyValue(order, "GetDataOrderResponse.ListDataOrder[0].InsuranceData[5].PerluasanJaminan.Banjir", o_rsmb_val_5, CONTINUE_ON_FAILURE): Unable to verify element property value (Root cause: java.lang.NullPointerException: Cannot get property 'PerluasanJaminan' on null object
	at Script1.run(Script1.groovy:1)
	at com.kms.katalon.core.webservice.helper.WebServiceCommonHelper.parseAndGetPropertyValueForJson(WebServiceCommonHelper.java:213)
	at com.kms.katalon.core.webservice.keyword.builtin.VerifyElementPropertyValueKeyword$_verifyElementPropertyValue_closure1.doCall(VerifyElementPropertyValueKeyword.groovy:52)
	at com.kms.katalon.core.webservice.keyword.builtin.VerifyElementPropertyValueKeyword$_verifyElementPropertyValue_closure1.call(VerifyElementPropertyValueKeyword.groovy)
	at com.kms.katalon.core.keyword.internal.KeywordMain.runKeyword(KeywordMain.groovy:74)
	at com.kms.katalon.core.webservice.keyword.builtin.VerifyElementPropertyValueKeyword.verifyElementPropertyValue(VerifyElementPropertyValueKeyword.groovy:48)
	at com.kms.katalon.core.webservice.keyword.builtin.VerifyElementPropertyValueKeyword.execute(VerifyElementPropertyValueKeyword.groovy:43)
	at com.kms.katalon.core.keyword.internal.KeywordExecutor.executeKeywordForPlatform(KeywordExecutor.groovy:74)
	at com.kms.katalon.core.webservice.keyword.WSBuiltInKeywords.verifyElementPropertyValue(WSBuiltInKeywords.groovy:175)
	at com.kms.katalon.core.webservice.keyword.WSBuiltInKeywords$verifyElementPropertyValue$0.call(Unknown Source)
	at 1. get token - data order.run(1. get token - data order:1035)
	at com.kms.katalon.core.main.ScriptEngine.run(ScriptEngine.java:194)
	at com.kms.katalon.core.main.ScriptEngine.runScriptAsRawText(ScriptEngine.java:119)
	at com.kms.katalon.core.main.TestCaseExecutor.runScript(TestCaseExecutor.java:442)
	at com.kms.katalon.core.main.TestCaseExecutor.doExecute(TestCaseExecutor.java:433)
	at com.kms.katalon.core.main.TestCaseExecutor.processExecutionPhase(TestCaseExecutor.java:412)
	at com.kms.katalon.core.main.TestCaseExecutor.accessMainPhase(TestCaseExecutor.java:404)
	at com.kms.katalon.core.main.TestCaseExecutor.execute(TestCaseExecutor.java:281)
	at com.kms.katalon.core.main.TestSuiteExecutor.accessTestCaseMainPhase(TestSuiteExecutor.java:202)
	at com.kms.katalon.core.main.TestSuiteExecutor.accessTestSuiteMainPhase(TestSuiteExecutor.java:164)
	at com.kms.katalon.core.main.TestSuiteExecutor.execute(TestSuiteExecutor.java:105)
	at com.kms.katalon.core.main.TestCaseMain.startTestSuite(TestCaseMain.java:181)
	at com.kms.katalon.core.main.TestCaseMain$startTestSuite$0.call(Unknown Source)
	at TempTestSuite1648100878643.run(TempTestSuite1648100878643.groovy:36)
)

2022-03-24 12:50:14 - [MESSAGE][FAILED] - Unable to verify element property value (Root cause: java.lang.NullPointerException: Cannot get property 'PerluasanJaminan' on null object
	at Script1.run(Script1.groovy:1)
	at com.kms.katalon.core.webservice.helper.WebServiceCommonHelper.parseAndGetPropertyValueForJson(WebServiceCommonHelper.java:213)
	at com.kms.katalon.core.webservice.keyword.builtin.VerifyElementPropertyValueKeyword$_verifyElementPropertyValue_closure1.doCall(VerifyElementPropertyValueKeyword.groovy:52)
	at com.kms.katalon.core.webservice.keyword.builtin.VerifyElementPropertyValueKeyword$_verifyElementPropertyValue_closure1.call(VerifyElementPropertyValueKeyword.groovy)
	at com.kms.katalon.core.keyword.internal.KeywordMain.runKeyword(KeywordMain.groovy:74)
	at com.kms.katalon.core.webservice.keyword.builtin.VerifyElementPropertyValueKeyword.verifyElementPropertyValue(VerifyElementPropertyValueKeyword.groovy:48)
	at com.kms.katalon.core.webservice.keyword.builtin.VerifyElementPropertyValueKeyword.execute(VerifyElementPropertyValueKeyword.groovy:43)
	at com.kms.katalon.core.keyword.internal.KeywordExecutor.executeKeywordForPlatform(KeywordExecutor.groovy:74)
	at com.kms.katalon.core.webservice.keyword.WSBuiltInKeywords.verifyElementPropertyValue(WSBuiltInKeywords.groovy:175)
	at com.kms.katalon.core.webservice.keyword.WSBuiltInKeywords$verifyElementPropertyValue$0.call(Unknown Source)
	at 1. get token - data order.run(1. get token - data order:1035)
	at com.kms.katalon.core.main.ScriptEngine.run(ScriptEngine.java:194)
	at com.kms.katalon.core.main.ScriptEngine.runScriptAsRawText(ScriptEngine.java:119)
	at com.kms.katalon.core.main.TestCaseExecutor.runScript(TestCaseExecutor.java:442)
	at com.kms.katalon.core.main.TestCaseExecutor.doExecute(TestCaseExecutor.java:433)
	at com.kms.katalon.core.main.TestCaseExecutor.processExecutionPhase(TestCaseExecutor.java:412)
	at com.kms.katalon.core.main.TestCaseExecutor.accessMainPhase(TestCaseExecutor.java:404)
	at com.kms.katalon.core.main.TestCaseExecutor.execute(TestCaseExecutor.java:281)
	at com.kms.katalon.core.main.TestSuiteExecutor.accessTestCaseMainPhase(TestSuiteExecutor.java:202)
	at com.kms.katalon.core.main.TestSuiteExecutor.accessTestSuiteMainPhase(TestSuiteExecutor.java:164)
	at com.kms.katalon.core.main.TestSuiteExecutor.execute(TestSuiteExecutor.java:105)
	at com.kms.katalon.core.main.TestCaseMain.startTestSuite(TestCaseMain.java:181)
	at com.kms.katalon.core.main.TestCaseMain$startTestSuite$0.call(Unknown Source)
	at TempTestSuite1648100878643.run(TempTestSuite1648100878643.groovy:36)
)

2022-03-24 12:50:14 - [TEST_STEP][FAILED] - verifyElementPropertyValue(order, "GetDataOrderResponse.ListDataOrder[0].InsuranceData[5].PerluasanJaminan.Accessories", o_acc_val_5, CONTINUE_ON_FAILURE): Unable to verify element property value (Root cause: java.lang.NullPointerException: Cannot get property 'PerluasanJaminan' on null object
	at Script1.run(Script1.groovy:1)
	at com.kms.katalon.core.webservice.helper.WebServiceCommonHelper.parseAndGetPropertyValueForJson(WebServiceCommonHelper.java:213)
	at com.kms.katalon.core.webservice.keyword.builtin.VerifyElementPropertyValueKeyword$_verifyElementPropertyValue_closure1.doCall(VerifyElementPropertyValueKeyword.groovy:52)
	at com.kms.katalon.core.webservice.keyword.builtin.VerifyElementPropertyValueKeyword$_verifyElementPropertyValue_closure1.call(VerifyElementPropertyValueKeyword.groovy)
	at com.kms.katalon.core.keyword.internal.KeywordMain.runKeyword(KeywordMain.groovy:74)
	at com.kms.katalon.core.webservice.keyword.builtin.VerifyElementPropertyValueKeyword.verifyElementPropertyValue(VerifyElementPropertyValueKeyword.groovy:48)
	at com.kms.katalon.core.webservice.keyword.builtin.VerifyElementPropertyValueKeyword.execute(VerifyElementPropertyValueKeyword.groovy:43)
	at com.kms.katalon.core.keyword.internal.KeywordExecutor.executeKeywordForPlatform(KeywordExecutor.groovy:74)
	at com.kms.katalon.core.webservice.keyword.WSBuiltInKeywords.verifyElementPropertyValue(WSBuiltInKeywords.groovy:175)
	at com.kms.katalon.core.webservice.keyword.WSBuiltInKeywords$verifyElementPropertyValue$0.call(Unknown Source)
	at 1. get token - data order.run(1. get token - data order:1038)
	at com.kms.katalon.core.main.ScriptEngine.run(ScriptEngine.java:194)
	at com.kms.katalon.core.main.ScriptEngine.runScriptAsRawText(ScriptEngine.java:119)
	at com.kms.katalon.core.main.TestCaseExecutor.runScript(TestCaseExecutor.java:442)
	at com.kms.katalon.core.main.TestCaseExecutor.doExecute(TestCaseExecutor.java:433)
	at com.kms.katalon.core.main.TestCaseExecutor.processExecutionPhase(TestCaseExecutor.java:412)
	at com.kms.katalon.core.main.TestCaseExecutor.accessMainPhase(TestCaseExecutor.java:404)
	at com.kms.katalon.core.main.TestCaseExecutor.execute(TestCaseExecutor.java:281)
	at com.kms.katalon.core.main.TestSuiteExecutor.accessTestCaseMainPhase(TestSuiteExecutor.java:202)
	at com.kms.katalon.core.main.TestSuiteExecutor.accessTestSuiteMainPhase(TestSuiteExecutor.java:164)
	at com.kms.katalon.core.main.TestSuiteExecutor.execute(TestSuiteExecutor.java:105)
	at com.kms.katalon.core.main.TestCaseMain.startTestSuite(TestCaseMain.java:181)
	at com.kms.katalon.core.main.TestCaseMain$startTestSuite$0.call(Unknown Source)
	at TempTestSuite1648100878643.run(TempTestSuite1648100878643.groovy:36)
)

2022-03-24 12:50:14 - [MESSAGE][FAILED] - Unable to verify element property value (Root cause: java.lang.NullPointerException: Cannot get property 'PerluasanJaminan' on null object
	at Script1.run(Script1.groovy:1)
	at com.kms.katalon.core.webservice.helper.WebServiceCommonHelper.parseAndGetPropertyValueForJson(WebServiceCommonHelper.java:213)
	at com.kms.katalon.core.webservice.keyword.builtin.VerifyElementPropertyValueKeyword$_verifyElementPropertyValue_closure1.doCall(VerifyElementPropertyValueKeyword.groovy:52)
	at com.kms.katalon.core.webservice.keyword.builtin.VerifyElementPropertyValueKeyword$_verifyElementPropertyValue_closure1.call(VerifyElementPropertyValueKeyword.groovy)
	at com.kms.katalon.core.keyword.internal.KeywordMain.runKeyword(KeywordMain.groovy:74)
	at com.kms.katalon.core.webservice.keyword.builtin.VerifyElementPropertyValueKeyword.verifyElementPropertyValue(VerifyElementPropertyValueKeyword.groovy:48)
	at com.kms.katalon.core.webservice.keyword.builtin.VerifyElementPropertyValueKeyword.execute(VerifyElementPropertyValueKeyword.groovy:43)
	at com.kms.katalon.core.keyword.internal.KeywordExecutor.executeKeywordForPlatform(KeywordExecutor.groovy:74)
	at com.kms.katalon.core.webservice.keyword.WSBuiltInKeywords.verifyElementPropertyValue(WSBuiltInKeywords.groovy:175)
	at com.kms.katalon.core.webservice.keyword.WSBuiltInKeywords$verifyElementPropertyValue$0.call(Unknown Source)
	at 1. get token - data order.run(1. get token - data order:1038)
	at com.kms.katalon.core.main.ScriptEngine.run(ScriptEngine.java:194)
	at com.kms.katalon.core.main.ScriptEngine.runScriptAsRawText(ScriptEngine.java:119)
	at com.kms.katalon.core.main.TestCaseExecutor.runScript(TestCaseExecutor.java:442)
	at com.kms.katalon.core.main.TestCaseExecutor.doExecute(TestCaseExecutor.java:433)
	at com.kms.katalon.core.main.TestCaseExecutor.processExecutionPhase(TestCaseExecutor.java:412)
	at com.kms.katalon.core.main.TestCaseExecutor.accessMainPhase(TestCaseExecutor.java:404)
	at com.kms.katalon.core.main.TestCaseExecutor.execute(TestCaseExecutor.java:281)
	at com.kms.katalon.core.main.TestSuiteExecutor.accessTestCaseMainPhase(TestSuiteExecutor.java:202)
	at com.kms.katalon.core.main.TestSuiteExecutor.accessTestSuiteMainPhase(TestSuiteExecutor.java:164)
	at com.kms.katalon.core.main.TestSuiteExecutor.execute(TestSuiteExecutor.java:105)
	at com.kms.katalon.core.main.TestCaseMain.startTestSuite(TestCaseMain.java:181)
	at com.kms.katalon.core.main.TestCaseMain$startTestSuite$0.call(Unknown Source)
	at TempTestSuite1648100878643.run(TempTestSuite1648100878643.groovy:36)
)

2022-03-24 12:50:14 - [TEST_STEP][PASSED] - break: null]]></system-out>
         <system-err><![CDATA[2022-03-24 12:49:24 - [TEST_CASE][FAILED] - Test Cases/1. get token - data order: Test Cases/1. get token - data order FAILED.
Reason:
com.kms.katalon.core.exception.StepFailedException: Expected element property value '9430010718' is not equal with actual property value '1154000993'
	at com.kms.katalon.core.keyword.internal.KeywordMain.stepFailed(KeywordMain.groovy:39)
	at com.kms.katalon.core.webservice.keyword.builtin.VerifyElementPropertyValueKeyword$_verifyElementPropertyValue_closure1.doCall(VerifyElementPropertyValueKeyword.groovy:56)
	at com.kms.katalon.core.webservice.keyword.builtin.VerifyElementPropertyValueKeyword$_verifyElementPropertyValue_closure1.call(VerifyElementPropertyValueKeyword.groovy)
	at com.kms.katalon.core.keyword.internal.KeywordMain.runKeyword(KeywordMain.groovy:74)
	at com.kms.katalon.core.webservice.keyword.builtin.VerifyElementPropertyValueKeyword.verifyElementPropertyValue(VerifyElementPropertyValueKeyword.groovy:48)
	at com.kms.katalon.core.webservice.keyword.builtin.VerifyElementPropertyValueKeyword.execute(VerifyElementPropertyValueKeyword.groovy:43)
	at com.kms.katalon.core.keyword.internal.KeywordExecutor.executeKeywordForPlatform(KeywordExecutor.groovy:74)
	at com.kms.katalon.core.webservice.keyword.WSBuiltInKeywords.verifyElementPropertyValue(WSBuiltInKeywords.groovy:175)
	at com.kms.katalon.core.webservice.keyword.WSBuiltInKeywords$verifyElementPropertyValue$0.call(Unknown Source)
	at 1. get token - data order.run(1. get token - data order:54)
	at com.kms.katalon.core.main.ScriptEngine.run(ScriptEngine.java:194)
	at com.kms.katalon.core.main.ScriptEngine.runScriptAsRawText(ScriptEngine.java:119)
	at com.kms.katalon.core.main.TestCaseExecutor.runScript(TestCaseExecutor.java:442)
	at com.kms.katalon.core.main.TestCaseExecutor.doExecute(TestCaseExecutor.java:433)
	at com.kms.katalon.core.main.TestCaseExecutor.processExecutionPhase(TestCaseExecutor.java:412)
	at com.kms.katalon.core.main.TestCaseExecutor.accessMainPhase(TestCaseExecutor.java:404)
	at com.kms.katalon.core.main.TestCaseExecutor.execute(TestCaseExecutor.java:281)
	at com.kms.katalon.core.main.TestSuiteExecutor.accessTestCaseMainPhase(TestSuiteExecutor.java:202)
	at com.kms.katalon.core.main.TestSuiteExecutor.accessTestSuiteMainPhase(TestSuiteExecutor.java:164)
	at com.kms.katalon.core.main.TestSuiteExecutor.execute(TestSuiteExecutor.java:105)
	at com.kms.katalon.core.main.TestCaseMain.startTestSuite(TestCaseMain.java:181)
	at com.kms.katalon.core.main.TestCaseMain$startTestSuite$0.call(Unknown Source)
	at TempTestSuite1648100878643.run(TempTestSuite1648100878643.groovy:36)]]></system-err>
      </testcase>
      <testcase name="Test Cases/1. get token - data order" time="8.914" classname="Test Cases/1. get token - data order" status="FAILED">
         <failure type="FAILED" message="Test Cases/1. get token - data order FAILED.
Reason:
com.kms.katalon.core.exception.StepFailedException: Expected element property value '9430010721' is not equal with actual property value '1154000993'
	at com.kms.katalon.core.keyword.internal.KeywordMain.stepFailed(KeywordMain.groovy:39)
	at com.kms.katalon.core.webservice.keyword.builtin.VerifyElementPropertyValueKeyword$_verifyElementPropertyValue_closure1.doCall(VerifyElementPropertyValueKeyword.groovy:56)
	at com.kms.katalon.core.webservice.keyword.builtin.VerifyElementPropertyValueKeyword$_verifyElementPropertyValue_closure1.call(VerifyElementPropertyValueKeyword.groovy)
	at com.kms.katalon.core.keyword.internal.KeywordMain.runKeyword(KeywordMain.groovy:74)
	at com.kms.katalon.core.webservice.keyword.builtin.VerifyElementPropertyValueKeyword.verifyElementPropertyValue(VerifyElementPropertyValueKeyword.groovy:48)
	at com.kms.katalon.core.webservice.keyword.builtin.VerifyElementPropertyValueKeyword.execute(VerifyElementPropertyValueKeyword.groovy:43)
	at com.kms.katalon.core.keyword.internal.KeywordExecutor.executeKeywordForPlatform(KeywordExecutor.groovy:74)
	at com.kms.katalon.core.webservice.keyword.WSBuiltInKeywords.verifyElementPropertyValue(WSBuiltInKeywords.groovy:175)
	at com.kms.katalon.core.webservice.keyword.WSBuiltInKeywords$verifyElementPropertyValue$0.call(Unknown Source)
	at 1. get token - data order.run(1. get token - data order:54)
	at com.kms.katalon.core.main.ScriptEngine.run(ScriptEngine.java:194)
	at com.kms.katalon.core.main.ScriptEngine.runScriptAsRawText(ScriptEngine.java:119)
	at com.kms.katalon.core.main.TestCaseExecutor.runScript(TestCaseExecutor.java:442)
	at com.kms.katalon.core.main.TestCaseExecutor.doExecute(TestCaseExecutor.java:433)
	at com.kms.katalon.core.main.TestCaseExecutor.processExecutionPhase(TestCaseExecutor.java:412)
	at com.kms.katalon.core.main.TestCaseExecutor.accessMainPhase(TestCaseExecutor.java:404)
	at com.kms.katalon.core.main.TestCaseExecutor.execute(TestCaseExecutor.java:281)
	at com.kms.katalon.core.main.TestSuiteExecutor.accessTestCaseMainPhase(TestSuiteExecutor.java:202)
	at com.kms.katalon.core.main.TestSuiteExecutor.accessTestSuiteMainPhase(TestSuiteExecutor.java:164)
	at com.kms.katalon.core.main.TestSuiteExecutor.execute(TestSuiteExecutor.java:105)
	at com.kms.katalon.core.main.TestCaseMain.startTestSuite(TestCaseMain.java:181)
	at com.kms.katalon.core.main.TestCaseMain$startTestSuite$0.call(Unknown Source)
	at TempTestSuite1648100878643.run(TempTestSuite1648100878643.groovy:36)
"/>
         <system-out><![CDATA[2022-03-24 12:50:14 - [TEST_CASE][FAILED] - Test Cases/1. get token - data order: Test Cases/1. get token - data order FAILED.
Reason:
com.kms.katalon.core.exception.StepFailedException: Expected element property value '9430010721' is not equal with actual property value '1154000993'
	at com.kms.katalon.core.keyword.internal.KeywordMain.stepFailed(KeywordMain.groovy:39)
	at com.kms.katalon.core.webservice.keyword.builtin.VerifyElementPropertyValueKeyword$_verifyElementPropertyValue_closure1.doCall(VerifyElementPropertyValueKeyword.groovy:56)
	at com.kms.katalon.core.webservice.keyword.builtin.VerifyElementPropertyValueKeyword$_verifyElementPropertyValue_closure1.call(VerifyElementPropertyValueKeyword.groovy)
	at com.kms.katalon.core.keyword.internal.KeywordMain.runKeyword(KeywordMain.groovy:74)
	at com.kms.katalon.core.webservice.keyword.builtin.VerifyElementPropertyValueKeyword.verifyElementPropertyValue(VerifyElementPropertyValueKeyword.groovy:48)
	at com.kms.katalon.core.webservice.keyword.builtin.VerifyElementPropertyValueKeyword.execute(VerifyElementPropertyValueKeyword.groovy:43)
	at com.kms.katalon.core.keyword.internal.KeywordExecutor.executeKeywordForPlatform(KeywordExecutor.groovy:74)
	at com.kms.katalon.core.webservice.keyword.WSBuiltInKeywords.verifyElementPropertyValue(WSBuiltInKeywords.groovy:175)
	at com.kms.katalon.core.webservice.keyword.WSBuiltInKeywords$verifyElementPropertyValue$0.call(Unknown Source)
	at 1. get token - data order.run(1. get token - data order:54)
	at com.kms.katalon.core.main.ScriptEngine.run(ScriptEngine.java:194)
	at com.kms.katalon.core.main.ScriptEngine.runScriptAsRawText(ScriptEngine.java:119)
	at com.kms.katalon.core.main.TestCaseExecutor.runScript(TestCaseExecutor.java:442)
	at com.kms.katalon.core.main.TestCaseExecutor.doExecute(TestCaseExecutor.java:433)
	at com.kms.katalon.core.main.TestCaseExecutor.processExecutionPhase(TestCaseExecutor.java:412)
	at com.kms.katalon.core.main.TestCaseExecutor.accessMainPhase(TestCaseExecutor.java:404)
	at com.kms.katalon.core.main.TestCaseExecutor.execute(TestCaseExecutor.java:281)
	at com.kms.katalon.core.main.TestSuiteExecutor.accessTestCaseMainPhase(TestSuiteExecutor.java:202)
	at com.kms.katalon.core.main.TestSuiteExecutor.accessTestSuiteMainPhase(TestSuiteExecutor.java:164)
	at com.kms.katalon.core.main.TestSuiteExecutor.execute(TestSuiteExecutor.java:105)
	at com.kms.katalon.core.main.TestCaseMain.startTestSuite(TestCaseMain.java:181)
	at com.kms.katalon.core.main.TestCaseMain$startTestSuite$0.call(Unknown Source)
	at TempTestSuite1648100878643.run(TempTestSuite1648100878643.groovy:36)


2022-03-24 12:50:15 - [TEST_STEP][PASSED] - token = sendRequest(findTestObject("1. Get-Token")): Send request successfully

2022-03-24 12:50:15 - [MESSAGE][INFO] - HAR: I:\app-testing\app-project\Order car insurance\order-car-insurance\Reports\20220324_124757\Get data order\20220324_124758\requests\main\30.har

2022-03-24 12:50:15 - [MESSAGE][PASSED] - Send request successfully

2022-03-24 12:50:15 - [TEST_STEP][PASSED] - slurper = new groovy.json.JsonSlurper(): null

2022-03-24 12:50:15 - [TEST_STEP][PASSED] - get_token = slurper.parseText(token.getResponseBodyContent()): null

2022-03-24 12:50:15 - [TEST_STEP][PASSED] - private_token = access_token: null

2022-03-24 12:50:15 - [TEST_STEP][PASSED] - global_token = private_token: null

2022-03-24 12:50:15 - [TEST_STEP][PASSED] - println("token is :" + global_token): null

2022-03-24 12:50:15 - [TEST_STEP][PASSED] - response_token = token.getResponseText(): null

2022-03-24 12:50:15 - [TEST_STEP][PASSED] - logInfo($response_token): 
            {
                "token_type": "BearerToken",
                "access_token": "RoEiZN1OS49v96U93WpY032V1k5r",
                "expires_in": "1799",
                "scope": ""
            }
        

2022-03-24 12:50:15 - [MESSAGE][INFO] - 
            {
                "token_type": "BearerToken",
                "access_token": "RoEiZN1OS49v96U93WpY032V1k5r",
                "expires_in": "1799",
                "scope": ""
            }
        

2022-03-24 12:50:15 - [TEST_STEP][PASSED] - order = sendRequest(findTestObject("3. Get-data-order", ["s_key":global_token, "c_id":c_id, "order_date":order_date, "page":page, "rows":rows])): Send request successfully

2022-03-24 12:50:19 - [MESSAGE][INFO] - HAR: I:\app-testing\app-project\Order car insurance\order-car-insurance\Reports\20220324_124757\Get data order\20220324_124758\requests\main\31.har

2022-03-24 12:50:19 - [MESSAGE][PASSED] - Send request successfully

2022-03-24 12:50:19 - [TEST_STEP][PASSED] - get_order = order.getResponseText(): null

2022-03-24 12:50:19 - [TEST_STEP][PASSED] - markPassed("data ke : " + no): data ke : 11

2022-03-24 12:50:19 - [MESSAGE][PASSED] - data ke : 11

2022-03-24 12:50:19 - [TEST_STEP][PASSED] - verifyElementPropertyValue(order, "GetDataOrderResponse.ListDataOrder[0].TipeOrder", o_tipeorder, CONTINUE_ON_FAILURE): Verify element property value successfully

2022-03-24 12:50:19 - [MESSAGE][PASSED] - Verify element property value successfully

2022-03-24 12:50:19 - [TEST_STEP][PASSED] - verifyElementPropertyValue(order, "GetDataOrderResponse.ListDataOrder[0].BatchID", o_batchid, CONTINUE_ON_FAILURE): Verify element property value successfully

2022-03-24 12:50:19 - [MESSAGE][PASSED] - Verify element property value successfully

2022-03-24 12:50:19 - [TEST_STEP][FAILED] - verifyElementPropertyValue(order, "GetDataOrderResponse.ListDataOrder[0].NoRek", o_norek, CONTINUE_ON_FAILURE): Expected element property value '9430010721' is not equal with actual property value '1154000993'

2022-03-24 12:50:19 - [MESSAGE][FAILED] - Expected element property value '9430010721' is not equal with actual property value '1154000993'

2022-03-24 12:50:19 - [TEST_STEP][PASSED] - verifyElementPropertyValue(order, "GetDataOrderResponse.ListDataOrder[0].NoPin", o_nopin, CONTINUE_ON_FAILURE): Verify element property value successfully

2022-03-24 12:50:19 - [MESSAGE][PASSED] - Verify element property value successfully

2022-03-24 12:50:19 - [TEST_STEP][PASSED] - verifyElementPropertyValue(order, "GetDataOrderResponse.ListDataOrder[0].CustName", o_custname, CONTINUE_ON_FAILURE): Verify element property value successfully

2022-03-24 12:50:20 - [MESSAGE][PASSED] - Verify element property value successfully

2022-03-24 12:50:20 - [TEST_STEP][FAILED] - verifyElementPropertyValue(order, "GetDataOrderResponse.ListDataOrder[0].Pemohon", o_pemohon, CONTINUE_ON_FAILURE): Expected element property value 'PT BCAF QQ BCA' is not equal with actual property value 'PT BCAF'

2022-03-24 12:50:20 - [MESSAGE][FAILED] - Expected element property value 'PT BCAF QQ BCA' is not equal with actual property value 'PT BCAF'

2022-03-24 12:50:20 - [TEST_STEP][FAILED] - verifyElementPropertyValue(order, "GetDataOrderResponse.ListDataOrder[0].HargaPembelian", o_otr, CONTINUE_ON_FAILURE): Expected element property value '243700000.00' is not equal with actual property value '360000000.00'

2022-03-24 12:50:20 - [MESSAGE][FAILED] - Expected element property value '243700000.00' is not equal with actual property value '360000000.00'

2022-03-24 12:50:20 - [TEST_STEP][FAILED] - verifyElementPropertyValue(order, "GetDataOrderResponse.ListDataOrder[0].Cabang", o_branchid, CONTINUE_ON_FAILURE): Expected element property value '9430' is not equal with actual property value '1154'

2022-03-24 12:50:20 - [MESSAGE][FAILED] - Expected element property value '9430' is not equal with actual property value '1154'

2022-03-24 12:50:20 - [TEST_STEP][FAILED] - verifyElementPropertyValue(order, "GetDataOrderResponse.ListDataOrder[0].MerkID", o_merk, CONTINUE_ON_FAILURE): Expected element property value 'DAI' is not equal with actual property value 'TYT'

2022-03-24 12:50:20 - [MESSAGE][FAILED] - Expected element property value 'DAI' is not equal with actual property value 'TYT'

2022-03-24 12:50:20 - [TEST_STEP][FAILED] - verifyElementPropertyValue(order, "GetDataOrderResponse.ListDataOrder[0].TypeMobil", o_type, CONTINUE_ON_FAILURE): Expected element property value 'ALL NEW TERIOS R AT STD' is not equal with actual property value 'INNOVA VENTURER 2.0 AT'

2022-03-24 12:50:20 - [MESSAGE][FAILED] - Expected element property value 'ALL NEW TERIOS R AT STD' is not equal with actual property value 'INNOVA VENTURER 2.0 AT'

2022-03-24 12:50:20 - [TEST_STEP][PASSED] - verifyElementPropertyValue(order, "GetDataOrderResponse.ListDataOrder[0].JenisMobil", o_jenis, CONTINUE_ON_FAILURE): Verify element property value successfully

2022-03-24 12:50:20 - [MESSAGE][PASSED] - Verify element property value successfully

2022-03-24 12:50:20 - [TEST_STEP][FAILED] - verifyElementPropertyValue(order, "GetDataOrderResponse.ListDataOrder[0].TahunMobil", o_tahun, CONTINUE_ON_FAILURE): Expected element property value '2021' is not equal with actual property value '2017'

2022-03-24 12:50:20 - [MESSAGE][FAILED] - Expected element property value '2021' is not equal with actual property value '2017'

2022-03-24 12:50:20 - [TEST_STEP][FAILED] - verifyElementPropertyValue(order, "GetDataOrderResponse.ListDataOrder[0].Warna", o_warna, CONTINUE_ON_FAILURE): Expected element property value 'HITAM METALIK' is not equal with actual property value 'PUTIH'

2022-03-24 12:50:20 - [MESSAGE][FAILED] - Expected element property value 'HITAM METALIK' is not equal with actual property value 'PUTIH'

2022-03-24 12:50:20 - [TEST_STEP][FAILED] - verifyElementPropertyValue(order, "GetDataOrderResponse.ListDataOrder[0].NoRangka", o_norangka, CONTINUE_ON_FAILURE): Expected element property value 'MHKG8FB2JMK014668' is not equal with actual property value 'MHFAW8EM4H0206354'

2022-03-24 12:50:20 - [MESSAGE][FAILED] - Expected element property value 'MHKG8FB2JMK014668' is not equal with actual property value 'MHFAW8EM4H0206354'

2022-03-24 12:50:20 - [TEST_STEP][FAILED] - verifyElementPropertyValue(order, "GetDataOrderResponse.ListDataOrder[0].NoMesin", o_nomesin, CONTINUE_ON_FAILURE): Expected element property value '2NRG731315' is not equal with actual property value '1TRA295932'

2022-03-24 12:50:20 - [MESSAGE][FAILED] - Expected element property value '2NRG731315' is not equal with actual property value '1TRA295932'

2022-03-24 12:50:20 - [TEST_STEP][FAILED] - verifyElementPropertyValue(order, "GetDataOrderResponse.ListDataOrder[0].NoPolisi", o_nopol, CONTINUE_ON_FAILURE): Expected element property value '               ' is not equal with actual property value 'B 2726 BOM'

2022-03-24 12:50:20 - [MESSAGE][FAILED] - Expected element property value '               ' is not equal with actual property value 'B 2726 BOM'

2022-03-24 12:50:20 - [TEST_STEP][FAILED] - verifyElementPropertyValue(order, "GetDataOrderResponse.ListDataOrder[0].NamaBPKB", o_namabpkb, CONTINUE_ON_FAILURE): Expected element property value 'LELI NURHAYATI' is not equal with actual property value 'PT AUTORENT LANCAR S'

2022-03-24 12:50:20 - [MESSAGE][FAILED] - Expected element property value 'LELI NURHAYATI' is not equal with actual property value 'PT AUTORENT LANCAR S'

2022-03-24 12:50:20 - [TEST_STEP][FAILED] - verifyElementPropertyValue(order, "GetDataOrderResponse.ListDataOrder[0].KategoriMobil", o_kategori, CONTINUE_ON_FAILURE): Expected element property value '3 ' is not equal with actual property value '14'

2022-03-24 12:50:20 - [MESSAGE][FAILED] - Expected element property value '3 ' is not equal with actual property value '14'

2022-03-24 12:50:20 - [TEST_STEP][PASSED] - verifyElementPropertyValue(order, "GetDataOrderResponse.ListDataOrder[0].PenggunaanKendaraan", o_purpose, CONTINUE_ON_FAILURE): Verify element property value successfully

2022-03-24 12:50:20 - [MESSAGE][PASSED] - Verify element property value successfully

2022-03-24 12:50:20 - [TEST_STEP][FAILED] - verifyElementPropertyValue(order, "GetDataOrderResponse.ListDataOrder[0].Kondisi", o_kondisi, CONTINUE_ON_FAILURE): Expected element property value '1' is not equal with actual property value '2'

2022-03-24 12:50:20 - [MESSAGE][FAILED] - Expected element property value '1' is not equal with actual property value '2'

2022-03-24 12:50:20 - [TEST_STEP][PASSED] - verifyElementPropertyValue(order, "GetDataOrderResponse.ListDataOrder[0].Accessories1", o_acc1, CONTINUE_ON_FAILURE): Verify element property value successfully

2022-03-24 12:50:20 - [MESSAGE][PASSED] - Verify element property value successfully

2022-03-24 12:50:20 - [TEST_STEP][PASSED] - verifyElementPropertyValue(order, "GetDataOrderResponse.ListDataOrder[0].Accessories2", o_acc2, CONTINUE_ON_FAILURE): Verify element property value successfully

2022-03-24 12:50:20 - [MESSAGE][PASSED] - Verify element property value successfully

2022-03-24 12:50:20 - [TEST_STEP][PASSED] - verifyElementPropertyValue(order, "GetDataOrderResponse.ListDataOrder[0].Accessories3", o_acc3, CONTINUE_ON_FAILURE): Verify element property value successfully

2022-03-24 12:50:20 - [MESSAGE][PASSED] - Verify element property value successfully

2022-03-24 12:50:20 - [TEST_STEP][PASSED] - verifyElementPropertyValue(order, "GetDataOrderResponse.ListDataOrder[0].Accessories4", o_acc4, CONTINUE_ON_FAILURE): Verify element property value successfully

2022-03-24 12:50:20 - [MESSAGE][PASSED] - Verify element property value successfully

2022-03-24 12:50:20 - [TEST_STEP][PASSED] - verifyElementPropertyValue(order, "GetDataOrderResponse.ListDataOrder[0].Accessories5", o_acc5, CONTINUE_ON_FAILURE): Verify element property value successfully

2022-03-24 12:50:20 - [MESSAGE][PASSED] - Verify element property value successfully

2022-03-24 12:50:20 - [TEST_STEP][PASSED] - verifyElementPropertyValue(order, "GetDataOrderResponse.ListDataOrder[0].HargaAccessories1", o_harga_acc1, CONTINUE_ON_FAILURE): Verify element property value successfully

2022-03-24 12:50:20 - [MESSAGE][PASSED] - Verify element property value successfully

2022-03-24 12:50:20 - [TEST_STEP][PASSED] - verifyElementPropertyValue(order, "GetDataOrderResponse.ListDataOrder[0].HargaAccessories2", o_harga_acc2, CONTINUE_ON_FAILURE): Verify element property value successfully

2022-03-24 12:50:20 - [MESSAGE][PASSED] - Verify element property value successfully

2022-03-24 12:50:20 - [TEST_STEP][PASSED] - verifyElementPropertyValue(order, "GetDataOrderResponse.ListDataOrder[0].HargaAccessories3", o_harga_acc3, CONTINUE_ON_FAILURE): Verify element property value successfully

2022-03-24 12:50:20 - [MESSAGE][PASSED] - Verify element property value successfully

2022-03-24 12:50:20 - [TEST_STEP][PASSED] - verifyElementPropertyValue(order, "GetDataOrderResponse.ListDataOrder[0].HargaAccessories4", o_harga_acc4, CONTINUE_ON_FAILURE): Verify element property value successfully

2022-03-24 12:50:20 - [MESSAGE][PASSED] - Verify element property value successfully

2022-03-24 12:50:20 - [TEST_STEP][PASSED] - verifyElementPropertyValue(order, "GetDataOrderResponse.ListDataOrder[0].HargaAccessories5", o_harga_acc5, CONTINUE_ON_FAILURE): Verify element property value successfully

2022-03-24 12:50:20 - [MESSAGE][PASSED] - Verify element property value successfully

2022-03-24 12:50:20 - [TEST_STEP][PASSED] - verifyElementPropertyValue(order, "GetDataOrderResponse.ListDataOrder[0].OverKredit", o_overkredit, CONTINUE_ON_FAILURE): Verify element property value successfully

2022-03-24 12:50:20 - [MESSAGE][PASSED] - Verify element property value successfully

2022-03-24 12:50:20 - [TEST_STEP][PASSED] - verifyElementPropertyValue(order, "GetDataOrderResponse.ListDataOrder[0].Restructure", o_restructure, CONTINUE_ON_FAILURE): Verify element property value successfully

2022-03-24 12:50:20 - [MESSAGE][PASSED] - Verify element property value successfully

2022-03-24 12:50:20 - [TEST_STEP][PASSED] - verifyElementPropertyValue(order, "GetDataOrderResponse.ListDataOrder[0].NoPolisLama", o_nopol_lama, CONTINUE_ON_FAILURE): Verify element property value successfully

2022-03-24 12:50:20 - [MESSAGE][PASSED] - Verify element property value successfully

2022-03-24 12:50:20 - [TEST_STEP][PASSED] - verifyElementPropertyValue(order, "GetDataOrderResponse.ListDataOrder[0].MailAddress", o_mail_addr, CONTINUE_ON_FAILURE): Verify element property value successfully

2022-03-24 12:50:20 - [MESSAGE][PASSED] - Verify element property value successfully

2022-03-24 12:50:20 - [TEST_STEP][PASSED] - verifyElementPropertyValue(order, "GetDataOrderResponse.ListDataOrder[0].KabKodya", o_kab_kodya, CONTINUE_ON_FAILURE): Verify element property value successfully

2022-03-24 12:50:20 - [MESSAGE][PASSED] - Verify element property value successfully

2022-03-24 12:50:20 - [TEST_STEP][FAILED] - verifyElementPropertyValue(order, "GetDataOrderResponse.ListDataOrder[0].PostalCode", o_postal_code, CONTINUE_ON_FAILURE): Expected element property value '12520' is not equal with actual property value '12610'

2022-03-24 12:50:20 - [MESSAGE][FAILED] - Expected element property value '12520' is not equal with actual property value '12610'

2022-03-24 12:50:20 - [TEST_STEP][PASSED] - verifyElementPropertyValue(order, "GetDataOrderResponse.ListDataOrder[0].PaketMobil", o_packet, CONTINUE_ON_FAILURE): Verify element property value successfully

2022-03-24 12:50:20 - [MESSAGE][PASSED] - Verify element property value successfully

2022-03-24 12:50:20 - [TEST_STEP][PASSED] - verifyElementPropertyValue(order, "GetDataOrderResponse.ListDataOrder[0].CustType", o_cust_type, CONTINUE_ON_FAILURE): Verify element property value successfully

2022-03-24 12:50:20 - [MESSAGE][PASSED] - Verify element property value successfully

2022-03-24 12:50:20 - [TEST_STEP][FAILED] - verifyElementPropertyValue(order, "GetDataOrderResponse.ListDataOrder[0].IdentityNo", o_nik, CONTINUE_ON_FAILURE): Expected element property value 'SCRAMBLE' is not equal with actual property value '09.5307.120661.7004'

2022-03-24 12:50:20 - [MESSAGE][FAILED] - Expected element property value 'SCRAMBLE' is not equal with actual property value '09.5307.120661.7004'

2022-03-24 12:50:20 - [TEST_STEP][PASSED] - verifyElementPropertyValue(order, "GetDataOrderResponse.ListDataOrder[0].BirthPlace", o_birth_place, CONTINUE_ON_FAILURE): Verify element property value successfully

2022-03-24 12:50:20 - [MESSAGE][PASSED] - Verify element property value successfully

2022-03-24 12:50:20 - [TEST_STEP][FAILED] - verifyElementPropertyValue(order, "GetDataOrderResponse.ListDataOrder[0].BirthDate", o_birth_date, CONTINUE_ON_FAILURE): Expected element property value '20220212' is not equal with actual property value '19610612'

2022-03-24 12:50:20 - [MESSAGE][FAILED] - Expected element property value '20220212' is not equal with actual property value '19610612'

2022-03-24 12:50:20 - [TEST_STEP][FAILED] - verifyElementPropertyValue(order, "GetDataOrderResponse.ListDataOrder[0].Occupation", o_occp, CONTINUE_ON_FAILURE): Expected element property value 'Karyawan' is not equal with actual property value 'Wiraswasta'

2022-03-24 12:50:20 - [MESSAGE][FAILED] - Expected element property value 'Karyawan' is not equal with actual property value 'Wiraswasta'

2022-03-24 12:50:20 - [TEST_STEP][PASSED] - verifyElementPropertyValue(order, "GetDataOrderResponse.ListDataOrder[0].AlamatKTP", o_ktp_addr, CONTINUE_ON_FAILURE): Verify element property value successfully

2022-03-24 12:50:21 - [MESSAGE][PASSED] - Verify element property value successfully

2022-03-24 12:50:21 - [TEST_STEP][PASSED] - verifyElementPropertyValue(order, "GetDataOrderResponse.ListDataOrder[0].KelurahanKTP", o_ktp_kel, CONTINUE_ON_FAILURE): Verify element property value successfully

2022-03-24 12:50:21 - [MESSAGE][PASSED] - Verify element property value successfully

2022-03-24 12:50:21 - [TEST_STEP][PASSED] - verifyElementPropertyValue(order, "GetDataOrderResponse.ListDataOrder[0].KecamatanKTP", o_ktp_kec, CONTINUE_ON_FAILURE): Verify element property value successfully

2022-03-24 12:50:21 - [MESSAGE][PASSED] - Verify element property value successfully

2022-03-24 12:50:21 - [TEST_STEP][PASSED] - verifyElementPropertyValue(order, "GetDataOrderResponse.ListDataOrder[0].KabKodyaKTP", o_ktp_kabkodya, CONTINUE_ON_FAILURE): Verify element property value successfully

2022-03-24 12:50:21 - [MESSAGE][PASSED] - Verify element property value successfully

2022-03-24 12:50:21 - [TEST_STEP][PASSED] - verifyElementPropertyValue(order, "GetDataOrderResponse.ListDataOrder[0].ProvinsiKTP", o_ktp_prov, CONTINUE_ON_FAILURE): Verify element property value successfully

2022-03-24 12:50:21 - [MESSAGE][PASSED] - Verify element property value successfully

2022-03-24 12:50:21 - [TEST_STEP][FAILED] - verifyElementPropertyValue(order, "GetDataOrderResponse.ListDataOrder[0].PostalCodeKTP", o_ktp_postal_code, CONTINUE_ON_FAILURE): Expected element property value '12520' is not equal with actual property value '12610'

2022-03-24 12:50:21 - [MESSAGE][FAILED] - Expected element property value '12520' is not equal with actual property value '12610'

2022-03-24 12:50:21 - [TEST_STEP][FAILED] - verifyElementPropertyValue(order, "GetDataOrderResponse.ListDataOrder[0].DealerName", o_ktp_dealer_name, CONTINUE_ON_FAILURE): Expected element property value 'Asco Prima M Fatmawati' is not equal with actual property value '21 Auto Cars'

2022-03-24 12:50:21 - [MESSAGE][FAILED] - Expected element property value 'Asco Prima M Fatmawati' is not equal with actual property value '21 Auto Cars'

2022-03-24 12:50:21 - [TEST_STEP][FAILED] - switch (tenor): null

2022-03-24 12:50:21 - [TEST_STEP][FAILED] - case "4":: null

2022-03-24 12:50:21 - [TEST_STEP][PASSED] - order2 = sendRequest(findTestObject("3. Get-data-order", ["s_key":global_token, "c_id":c_id, "order_date":order_date, "page":page, "rows":rows])): Send request successfully

2022-03-24 12:50:22 - [MESSAGE][INFO] - HAR: I:\app-testing\app-project\Order car insurance\order-car-insurance\Reports\20220324_124757\Get data order\20220324_124758\requests\main\32.har

2022-03-24 12:50:22 - [MESSAGE][PASSED] - Send request successfully

2022-03-24 12:50:22 - [TEST_STEP][PASSED] - get_order2 = order.getResponseText(): null

2022-03-24 12:50:22 - [TEST_STEP][FAILED] - verifyElementPropertyValue(order, "GetDataOrderResponse.ListDataOrder[0].InsuranceData[0].KondisiPertanggungan", o_kond_pertanggungan_0, CONTINUE_ON_FAILURE): Expected element property value ' ' is not equal with actual property value ''

2022-03-24 12:50:22 - [MESSAGE][FAILED] - Expected element property value ' ' is not equal with actual property value ''

2022-03-24 12:50:22 - [TEST_STEP][PASSED] - verifyElementPropertyValue(order, "GetDataOrderResponse.ListDataOrder[0].InsuranceData[0].TJH", o_tjh_header_0, CONTINUE_ON_FAILURE): Verify element property value successfully

2022-03-24 12:50:22 - [MESSAGE][PASSED] - Verify element property value successfully

2022-03-24 12:50:22 - [TEST_STEP][FAILED] - verifyElementPropertyValue(order, "GetDataOrderResponse.ListDataOrder[0].InsuranceData[0].InsuredValue", o_ins_val_0, CONTINUE_ON_FAILURE): Expected element property value '243700000.00' is not equal with actual property value '360000000.00'

2022-03-24 12:50:22 - [MESSAGE][FAILED] - Expected element property value '243700000.00' is not equal with actual property value '360000000.00'

2022-03-24 12:50:22 - [TEST_STEP][PASSED] - verifyElementPropertyValue(order, "GetDataOrderResponse.ListDataOrder[0].InsuranceData[0].InsuredFrom", o_ins_form_0, CONTINUE_ON_FAILURE): Verify element property value successfully

2022-03-24 12:50:22 - [MESSAGE][PASSED] - Verify element property value successfully

2022-03-24 12:50:22 - [TEST_STEP][PASSED] - verifyElementPropertyValue(order, "GetDataOrderResponse.ListDataOrder[0].InsuranceData[0].InsuredTo", o_ins_to_0, CONTINUE_ON_FAILURE): Verify element property value successfully

2022-03-24 12:50:22 - [MESSAGE][PASSED] - Verify element property value successfully

2022-03-24 12:50:22 - [TEST_STEP][PASSED] - verifyElementPropertyValue(order, "GetDataOrderResponse.ListDataOrder[0].InsuranceData[0].Rate", o_rate_0, CONTINUE_ON_FAILURE): Verify element property value successfully

2022-03-24 12:50:22 - [MESSAGE][PASSED] - Verify element property value successfully

2022-03-24 12:50:22 - [TEST_STEP][FAILED] - verifyElementPropertyValue(order, "GetDataOrderResponse.ListDataOrder[0].InsuranceData[0].GrossPremi", o_gross_premi_0, CONTINUE_ON_FAILURE): Expected element property value '3700341.00' is not equal with actual property value '5466240.00'

2022-03-24 12:50:22 - [MESSAGE][FAILED] - Expected element property value '3700341.00' is not equal with actual property value '5466240.00'

2022-03-24 12:50:22 - [TEST_STEP][PASSED] - verifyElementPropertyValue(order, "GetDataOrderResponse.ListDataOrder[0].InsuranceData[0].Discount", o_discount_0, CONTINUE_ON_FAILURE): Verify element property value successfully

2022-03-24 12:50:22 - [MESSAGE][PASSED] - Verify element property value successfully

2022-03-24 12:50:22 - [TEST_STEP][PASSED] - verifyElementPropertyValue(order, "GetDataOrderResponse.ListDataOrder[0].InsuranceData[0].Adm", o_adm_0, CONTINUE_ON_FAILURE): Verify element property value successfully

2022-03-24 12:50:22 - [MESSAGE][PASSED] - Verify element property value successfully

2022-03-24 12:50:22 - [TEST_STEP][FAILED] - verifyElementPropertyValue(order, "GetDataOrderResponse.ListDataOrder[0].InsuranceData[0].NetPremi", o_netpremi_0, CONTINUE_ON_FAILURE): Expected element property value '3700341.00' is not equal with actual property value '5466240.00'

2022-03-24 12:50:22 - [MESSAGE][FAILED] - Expected element property value '3700341.00' is not equal with actual property value '5466240.00'

2022-03-24 12:50:22 - [TEST_STEP][PASSED] - verifyElementPropertyValue(order, "GetDataOrderResponse.ListDataOrder[0].InsuranceData[0].PerluasanJaminan.TJH", o_tjh_val_0, CONTINUE_ON_FAILURE): Verify element property value successfully

2022-03-24 12:50:22 - [MESSAGE][PASSED] - Verify element property value successfully

2022-03-24 12:50:22 - [TEST_STEP][PASSED] - verifyElementPropertyValue(order, "GetDataOrderResponse.ListDataOrder[0].InsuranceData[0].PerluasanJaminan.RSCC", o_rscc_val_0, CONTINUE_ON_FAILURE): Verify element property value successfully

2022-03-24 12:50:22 - [MESSAGE][PASSED] - Verify element property value successfully

2022-03-24 12:50:22 - [TEST_STEP][PASSED] - verifyElementPropertyValue(order, "GetDataOrderResponse.ListDataOrder[0].InsuranceData[0].PerluasanJaminan.Banjir", o_rsmb_val_0, CONTINUE_ON_FAILURE): Verify element property value successfully

2022-03-24 12:50:22 - [MESSAGE][PASSED] - Verify element property value successfully

2022-03-24 12:50:22 - [TEST_STEP][PASSED] - verifyElementPropertyValue(order, "GetDataOrderResponse.ListDataOrder[0].InsuranceData[0].PerluasanJaminan.Accessories", o_acc_val_0, CONTINUE_ON_FAILURE): Verify element property value successfully

2022-03-24 12:50:22 - [MESSAGE][PASSED] - Verify element property value successfully

2022-03-24 12:50:22 - [TEST_STEP][PASSED] - verifyElementPropertyValue(order, "GetDataOrderResponse.ListDataOrder[0].InsuranceData[1].KondisiPertanggungan", o_kond_pertanggungan_1, CONTINUE_ON_FAILURE): Verify element property value successfully

2022-03-24 12:50:22 - [MESSAGE][PASSED] - Verify element property value successfully

2022-03-24 12:50:22 - [TEST_STEP][PASSED] - verifyElementPropertyValue(order, "GetDataOrderResponse.ListDataOrder[0].InsuranceData[1].TJH", o_tjh_header_1, CONTINUE_ON_FAILURE): Verify element property value successfully

2022-03-24 12:50:22 - [MESSAGE][PASSED] - Verify element property value successfully

2022-03-24 12:50:22 - [TEST_STEP][FAILED] - verifyElementPropertyValue(order, "GetDataOrderResponse.ListDataOrder[0].InsuranceData[1].InsuredValue", o_ins_val_1, CONTINUE_ON_FAILURE): Expected element property value '243700000.00' is not equal with actual property value '360000000.00'

2022-03-24 12:50:22 - [MESSAGE][FAILED] - Expected element property value '243700000.00' is not equal with actual property value '360000000.00'

2022-03-24 12:50:22 - [TEST_STEP][PASSED] - verifyElementPropertyValue(order, "GetDataOrderResponse.ListDataOrder[0].InsuranceData[1].InsuredFrom", o_ins_form_1, CONTINUE_ON_FAILURE): Verify element property value successfully

2022-03-24 12:50:22 - [MESSAGE][PASSED] - Verify element property value successfully

2022-03-24 12:50:22 - [TEST_STEP][PASSED] - verifyElementPropertyValue(order, "GetDataOrderResponse.ListDataOrder[0].InsuranceData[1].InsuredTo", o_ins_to_1, CONTINUE_ON_FAILURE): Verify element property value successfully

2022-03-24 12:50:22 - [MESSAGE][PASSED] - Verify element property value successfully

2022-03-24 12:50:22 - [TEST_STEP][PASSED] - verifyElementPropertyValue(order, "GetDataOrderResponse.ListDataOrder[0].InsuranceData[1].Rate", o_rate_1, CONTINUE_ON_FAILURE): Verify element property value successfully

2022-03-24 12:50:22 - [MESSAGE][PASSED] - Verify element property value successfully

2022-03-24 12:50:22 - [TEST_STEP][FAILED] - verifyElementPropertyValue(order, "GetDataOrderResponse.ListDataOrder[0].InsuranceData[1].GrossPremi", o_gross_premi_1, CONTINUE_ON_FAILURE): Expected element property value '3700341.00' is not equal with actual property value '998640.00'

2022-03-24 12:50:22 - [MESSAGE][FAILED] - Expected element property value '3700341.00' is not equal with actual property value '998640.00'

2022-03-24 12:50:22 - [TEST_STEP][PASSED] - verifyElementPropertyValue(order, "GetDataOrderResponse.ListDataOrder[0].InsuranceData[1].Discount", o_discount_1, CONTINUE_ON_FAILURE): Verify element property value successfully

2022-03-24 12:50:22 - [MESSAGE][PASSED] - Verify element property value successfully

2022-03-24 12:50:22 - [TEST_STEP][PASSED] - verifyElementPropertyValue(order, "GetDataOrderResponse.ListDataOrder[0].InsuranceData[1].Adm", o_adm_1, CONTINUE_ON_FAILURE): Verify element property value successfully

2022-03-24 12:50:22 - [MESSAGE][PASSED] - Verify element property value successfully

2022-03-24 12:50:22 - [TEST_STEP][FAILED] - verifyElementPropertyValue(order, "GetDataOrderResponse.ListDataOrder[0].InsuranceData[1].NetPremi", o_netpremi_1, CONTINUE_ON_FAILURE): Expected element property value '676024.00' is not equal with actual property value '998640.00'

2022-03-24 12:50:23 - [MESSAGE][FAILED] - Expected element property value '676024.00' is not equal with actual property value '998640.00'

2022-03-24 12:50:23 - [TEST_STEP][PASSED] - verifyElementPropertyValue(order, "GetDataOrderResponse.ListDataOrder[0].InsuranceData[1].PerluasanJaminan.TJH", o_tjh_val_1, CONTINUE_ON_FAILURE): Verify element property value successfully

2022-03-24 12:50:23 - [MESSAGE][PASSED] - Verify element property value successfully

2022-03-24 12:50:23 - [TEST_STEP][PASSED] - verifyElementPropertyValue(order, "GetDataOrderResponse.ListDataOrder[0].InsuranceData[1].PerluasanJaminan.RSCC", o_rscc_val_1, CONTINUE_ON_FAILURE): Verify element property value successfully

2022-03-24 12:50:23 - [MESSAGE][PASSED] - Verify element property value successfully

2022-03-24 12:50:23 - [TEST_STEP][PASSED] - verifyElementPropertyValue(order, "GetDataOrderResponse.ListDataOrder[0].InsuranceData[1].PerluasanJaminan.Banjir", o_rsmb_val_1, CONTINUE_ON_FAILURE): Verify element property value successfully

2022-03-24 12:50:23 - [MESSAGE][PASSED] - Verify element property value successfully

2022-03-24 12:50:23 - [TEST_STEP][PASSED] - verifyElementPropertyValue(order, "GetDataOrderResponse.ListDataOrder[0].InsuranceData[1].PerluasanJaminan.Accessories", o_acc_val_1, CONTINUE_ON_FAILURE): Verify element property value successfully

2022-03-24 12:50:23 - [MESSAGE][PASSED] - Verify element property value successfully

2022-03-24 12:50:23 - [TEST_STEP][PASSED] - verifyElementPropertyValue(order, "GetDataOrderResponse.ListDataOrder[0].InsuranceData[2].KondisiPertanggungan", o_kond_pertanggungan_2, CONTINUE_ON_FAILURE): Verify element property value successfully

2022-03-24 12:50:23 - [MESSAGE][PASSED] - Verify element property value successfully

2022-03-24 12:50:23 - [TEST_STEP][PASSED] - verifyElementPropertyValue(order, "GetDataOrderResponse.ListDataOrder[0].InsuranceData[2].TJH", o_tjh_header_2, CONTINUE_ON_FAILURE): Verify element property value successfully

2022-03-24 12:50:23 - [MESSAGE][PASSED] - Verify element property value successfully

2022-03-24 12:50:23 - [TEST_STEP][FAILED] - verifyElementPropertyValue(order, "GetDataOrderResponse.ListDataOrder[0].InsuranceData[2].InsuredValue", o_ins_val_2, CONTINUE_ON_FAILURE): Expected element property value '243700000.00' is not equal with actual property value '360000000.00'

2022-03-24 12:50:23 - [MESSAGE][FAILED] - Expected element property value '243700000.00' is not equal with actual property value '360000000.00'

2022-03-24 12:50:23 - [TEST_STEP][PASSED] - verifyElementPropertyValue(order, "GetDataOrderResponse.ListDataOrder[0].InsuranceData[2].InsuredFrom", o_ins_form_2, CONTINUE_ON_FAILURE): Verify element property value successfully

2022-03-24 12:50:23 - [MESSAGE][PASSED] - Verify element property value successfully

2022-03-24 12:50:23 - [TEST_STEP][PASSED] - verifyElementPropertyValue(order, "GetDataOrderResponse.ListDataOrder[0].InsuranceData[2].InsuredTo", o_ins_to_2, CONTINUE_ON_FAILURE): Verify element property value successfully

2022-03-24 12:50:23 - [MESSAGE][PASSED] - Verify element property value successfully

2022-03-24 12:50:23 - [TEST_STEP][PASSED] - verifyElementPropertyValue(order, "GetDataOrderResponse.ListDataOrder[0].InsuranceData[2].Rate", o_rate_2, CONTINUE_ON_FAILURE): Verify element property value successfully

2022-03-24 12:50:23 - [MESSAGE][PASSED] - Verify element property value successfully

2022-03-24 12:50:23 - [TEST_STEP][FAILED] - verifyElementPropertyValue(order, "GetDataOrderResponse.ListDataOrder[0].InsuranceData[2].GrossPremi", o_gross_premi_2, CONTINUE_ON_FAILURE): Expected element property value '676024.00' is not equal with actual property value '998640.00'

2022-03-24 12:50:23 - [MESSAGE][FAILED] - Expected element property value '676024.00' is not equal with actual property value '998640.00'

2022-03-24 12:50:23 - [TEST_STEP][PASSED] - verifyElementPropertyValue(order, "GetDataOrderResponse.ListDataOrder[0].InsuranceData[2].Discount", o_discount_2, CONTINUE_ON_FAILURE): Verify element property value successfully

2022-03-24 12:50:23 - [MESSAGE][PASSED] - Verify element property value successfully

2022-03-24 12:50:23 - [TEST_STEP][PASSED] - verifyElementPropertyValue(order, "GetDataOrderResponse.ListDataOrder[0].InsuranceData[2].Adm", o_adm_2, CONTINUE_ON_FAILURE): Verify element property value successfully

2022-03-24 12:50:23 - [MESSAGE][PASSED] - Verify element property value successfully

2022-03-24 12:50:23 - [TEST_STEP][FAILED] - verifyElementPropertyValue(order, "GetDataOrderResponse.ListDataOrder[0].InsuranceData[2].NetPremi", o_netpremi_2, CONTINUE_ON_FAILURE): Expected element property value '676024.00' is not equal with actual property value '998640.00'

2022-03-24 12:50:23 - [MESSAGE][FAILED] - Expected element property value '676024.00' is not equal with actual property value '998640.00'

2022-03-24 12:50:23 - [TEST_STEP][PASSED] - verifyElementPropertyValue(order, "GetDataOrderResponse.ListDataOrder[0].InsuranceData[2].PerluasanJaminan.TJH", o_tjh_val_2, CONTINUE_ON_FAILURE): Verify element property value successfully

2022-03-24 12:50:23 - [MESSAGE][PASSED] - Verify element property value successfully

2022-03-24 12:50:23 - [TEST_STEP][PASSED] - verifyElementPropertyValue(order, "GetDataOrderResponse.ListDataOrder[0].InsuranceData[2].PerluasanJaminan.RSCC", o_rscc_val_2, CONTINUE_ON_FAILURE): Verify element property value successfully

2022-03-24 12:50:23 - [MESSAGE][PASSED] - Verify element property value successfully

2022-03-24 12:50:23 - [TEST_STEP][PASSED] - verifyElementPropertyValue(order, "GetDataOrderResponse.ListDataOrder[0].InsuranceData[2].PerluasanJaminan.Banjir", o_rsmb_val_2, CONTINUE_ON_FAILURE): Verify element property value successfully

2022-03-24 12:50:23 - [MESSAGE][PASSED] - Verify element property value successfully

2022-03-24 12:50:23 - [TEST_STEP][PASSED] - verifyElementPropertyValue(order, "GetDataOrderResponse.ListDataOrder[0].InsuranceData[2].PerluasanJaminan.Accessories", o_acc_val_2, CONTINUE_ON_FAILURE): Verify element property value successfully

2022-03-24 12:50:23 - [MESSAGE][PASSED] - Verify element property value successfully

2022-03-24 12:50:23 - [TEST_STEP][FAILED] - verifyElementPropertyValue(order, "GetDataOrderResponse.ListDataOrder[0].InsuranceData[3].KondisiPertanggungan", o_kond_pertanggungan_3, CONTINUE_ON_FAILURE): Unable to verify element property value (Root cause: java.lang.NullPointerException: Cannot get property 'KondisiPertanggungan' on null object
	at Script1.run(Script1.groovy:1)
	at com.kms.katalon.core.webservice.helper.WebServiceCommonHelper.parseAndGetPropertyValueForJson(WebServiceCommonHelper.java:213)
	at com.kms.katalon.core.webservice.keyword.builtin.VerifyElementPropertyValueKeyword$_verifyElementPropertyValue_closure1.doCall(VerifyElementPropertyValueKeyword.groovy:52)
	at com.kms.katalon.core.webservice.keyword.builtin.VerifyElementPropertyValueKeyword$_verifyElementPropertyValue_closure1.call(VerifyElementPropertyValueKeyword.groovy)
	at com.kms.katalon.core.keyword.internal.KeywordMain.runKeyword(KeywordMain.groovy:74)
	at com.kms.katalon.core.webservice.keyword.builtin.VerifyElementPropertyValueKeyword.verifyElementPropertyValue(VerifyElementPropertyValueKeyword.groovy:48)
	at com.kms.katalon.core.webservice.keyword.builtin.VerifyElementPropertyValueKeyword.execute(VerifyElementPropertyValueKeyword.groovy:43)
	at com.kms.katalon.core.keyword.internal.KeywordExecutor.executeKeywordForPlatform(KeywordExecutor.groovy:74)
	at com.kms.katalon.core.webservice.keyword.WSBuiltInKeywords.verifyElementPropertyValue(WSBuiltInKeywords.groovy:175)
	at com.kms.katalon.core.webservice.keyword.WSBuiltInKeywords$verifyElementPropertyValue$0.call(Unknown Source)
	at 1. get token - data order.run(1. get token - data order:546)
	at com.kms.katalon.core.main.ScriptEngine.run(ScriptEngine.java:194)
	at com.kms.katalon.core.main.ScriptEngine.runScriptAsRawText(ScriptEngine.java:119)
	at com.kms.katalon.core.main.TestCaseExecutor.runScript(TestCaseExecutor.java:442)
	at com.kms.katalon.core.main.TestCaseExecutor.doExecute(TestCaseExecutor.java:433)
	at com.kms.katalon.core.main.TestCaseExecutor.processExecutionPhase(TestCaseExecutor.java:412)
	at com.kms.katalon.core.main.TestCaseExecutor.accessMainPhase(TestCaseExecutor.java:404)
	at com.kms.katalon.core.main.TestCaseExecutor.execute(TestCaseExecutor.java:281)
	at com.kms.katalon.core.main.TestSuiteExecutor.accessTestCaseMainPhase(TestSuiteExecutor.java:202)
	at com.kms.katalon.core.main.TestSuiteExecutor.accessTestSuiteMainPhase(TestSuiteExecutor.java:164)
	at com.kms.katalon.core.main.TestSuiteExecutor.execute(TestSuiteExecutor.java:105)
	at com.kms.katalon.core.main.TestCaseMain.startTestSuite(TestCaseMain.java:181)
	at com.kms.katalon.core.main.TestCaseMain$startTestSuite$0.call(Unknown Source)
	at TempTestSuite1648100878643.run(TempTestSuite1648100878643.groovy:36)
)

2022-03-24 12:50:23 - [MESSAGE][FAILED] - Unable to verify element property value (Root cause: java.lang.NullPointerException: Cannot get property 'KondisiPertanggungan' on null object
	at Script1.run(Script1.groovy:1)
	at com.kms.katalon.core.webservice.helper.WebServiceCommonHelper.parseAndGetPropertyValueForJson(WebServiceCommonHelper.java:213)
	at com.kms.katalon.core.webservice.keyword.builtin.VerifyElementPropertyValueKeyword$_verifyElementPropertyValue_closure1.doCall(VerifyElementPropertyValueKeyword.groovy:52)
	at com.kms.katalon.core.webservice.keyword.builtin.VerifyElementPropertyValueKeyword$_verifyElementPropertyValue_closure1.call(VerifyElementPropertyValueKeyword.groovy)
	at com.kms.katalon.core.keyword.internal.KeywordMain.runKeyword(KeywordMain.groovy:74)
	at com.kms.katalon.core.webservice.keyword.builtin.VerifyElementPropertyValueKeyword.verifyElementPropertyValue(VerifyElementPropertyValueKeyword.groovy:48)
	at com.kms.katalon.core.webservice.keyword.builtin.VerifyElementPropertyValueKeyword.execute(VerifyElementPropertyValueKeyword.groovy:43)
	at com.kms.katalon.core.keyword.internal.KeywordExecutor.executeKeywordForPlatform(KeywordExecutor.groovy:74)
	at com.kms.katalon.core.webservice.keyword.WSBuiltInKeywords.verifyElementPropertyValue(WSBuiltInKeywords.groovy:175)
	at com.kms.katalon.core.webservice.keyword.WSBuiltInKeywords$verifyElementPropertyValue$0.call(Unknown Source)
	at 1. get token - data order.run(1. get token - data order:546)
	at com.kms.katalon.core.main.ScriptEngine.run(ScriptEngine.java:194)
	at com.kms.katalon.core.main.ScriptEngine.runScriptAsRawText(ScriptEngine.java:119)
	at com.kms.katalon.core.main.TestCaseExecutor.runScript(TestCaseExecutor.java:442)
	at com.kms.katalon.core.main.TestCaseExecutor.doExecute(TestCaseExecutor.java:433)
	at com.kms.katalon.core.main.TestCaseExecutor.processExecutionPhase(TestCaseExecutor.java:412)
	at com.kms.katalon.core.main.TestCaseExecutor.accessMainPhase(TestCaseExecutor.java:404)
	at com.kms.katalon.core.main.TestCaseExecutor.execute(TestCaseExecutor.java:281)
	at com.kms.katalon.core.main.TestSuiteExecutor.accessTestCaseMainPhase(TestSuiteExecutor.java:202)
	at com.kms.katalon.core.main.TestSuiteExecutor.accessTestSuiteMainPhase(TestSuiteExecutor.java:164)
	at com.kms.katalon.core.main.TestSuiteExecutor.execute(TestSuiteExecutor.java:105)
	at com.kms.katalon.core.main.TestCaseMain.startTestSuite(TestCaseMain.java:181)
	at com.kms.katalon.core.main.TestCaseMain$startTestSuite$0.call(Unknown Source)
	at TempTestSuite1648100878643.run(TempTestSuite1648100878643.groovy:36)
)

2022-03-24 12:50:23 - [TEST_STEP][FAILED] - verifyElementPropertyValue(order, "GetDataOrderResponse.ListDataOrder[0].InsuranceData[3].TJH", o_tjh_header_3, CONTINUE_ON_FAILURE): Unable to verify element property value (Root cause: java.lang.NullPointerException: Cannot get property 'TJH' on null object
	at Script1.run(Script1.groovy:1)
	at com.kms.katalon.core.webservice.helper.WebServiceCommonHelper.parseAndGetPropertyValueForJson(WebServiceCommonHelper.java:213)
	at com.kms.katalon.core.webservice.keyword.builtin.VerifyElementPropertyValueKeyword$_verifyElementPropertyValue_closure1.doCall(VerifyElementPropertyValueKeyword.groovy:52)
	at com.kms.katalon.core.webservice.keyword.builtin.VerifyElementPropertyValueKeyword$_verifyElementPropertyValue_closure1.call(VerifyElementPropertyValueKeyword.groovy)
	at com.kms.katalon.core.keyword.internal.KeywordMain.runKeyword(KeywordMain.groovy:74)
	at com.kms.katalon.core.webservice.keyword.builtin.VerifyElementPropertyValueKeyword.verifyElementPropertyValue(VerifyElementPropertyValueKeyword.groovy:48)
	at com.kms.katalon.core.webservice.keyword.builtin.VerifyElementPropertyValueKeyword.execute(VerifyElementPropertyValueKeyword.groovy:43)
	at com.kms.katalon.core.keyword.internal.KeywordExecutor.executeKeywordForPlatform(KeywordExecutor.groovy:74)
	at com.kms.katalon.core.webservice.keyword.WSBuiltInKeywords.verifyElementPropertyValue(WSBuiltInKeywords.groovy:175)
	at com.kms.katalon.core.webservice.keyword.WSBuiltInKeywords$verifyElementPropertyValue$0.call(Unknown Source)
	at 1. get token - data order.run(1. get token - data order:549)
	at com.kms.katalon.core.main.ScriptEngine.run(ScriptEngine.java:194)
	at com.kms.katalon.core.main.ScriptEngine.runScriptAsRawText(ScriptEngine.java:119)
	at com.kms.katalon.core.main.TestCaseExecutor.runScript(TestCaseExecutor.java:442)
	at com.kms.katalon.core.main.TestCaseExecutor.doExecute(TestCaseExecutor.java:433)
	at com.kms.katalon.core.main.TestCaseExecutor.processExecutionPhase(TestCaseExecutor.java:412)
	at com.kms.katalon.core.main.TestCaseExecutor.accessMainPhase(TestCaseExecutor.java:404)
	at com.kms.katalon.core.main.TestCaseExecutor.execute(TestCaseExecutor.java:281)
	at com.kms.katalon.core.main.TestSuiteExecutor.accessTestCaseMainPhase(TestSuiteExecutor.java:202)
	at com.kms.katalon.core.main.TestSuiteExecutor.accessTestSuiteMainPhase(TestSuiteExecutor.java:164)
	at com.kms.katalon.core.main.TestSuiteExecutor.execute(TestSuiteExecutor.java:105)
	at com.kms.katalon.core.main.TestCaseMain.startTestSuite(TestCaseMain.java:181)
	at com.kms.katalon.core.main.TestCaseMain$startTestSuite$0.call(Unknown Source)
	at TempTestSuite1648100878643.run(TempTestSuite1648100878643.groovy:36)
)

2022-03-24 12:50:23 - [MESSAGE][FAILED] - Unable to verify element property value (Root cause: java.lang.NullPointerException: Cannot get property 'TJH' on null object
	at Script1.run(Script1.groovy:1)
	at com.kms.katalon.core.webservice.helper.WebServiceCommonHelper.parseAndGetPropertyValueForJson(WebServiceCommonHelper.java:213)
	at com.kms.katalon.core.webservice.keyword.builtin.VerifyElementPropertyValueKeyword$_verifyElementPropertyValue_closure1.doCall(VerifyElementPropertyValueKeyword.groovy:52)
	at com.kms.katalon.core.webservice.keyword.builtin.VerifyElementPropertyValueKeyword$_verifyElementPropertyValue_closure1.call(VerifyElementPropertyValueKeyword.groovy)
	at com.kms.katalon.core.keyword.internal.KeywordMain.runKeyword(KeywordMain.groovy:74)
	at com.kms.katalon.core.webservice.keyword.builtin.VerifyElementPropertyValueKeyword.verifyElementPropertyValue(VerifyElementPropertyValueKeyword.groovy:48)
	at com.kms.katalon.core.webservice.keyword.builtin.VerifyElementPropertyValueKeyword.execute(VerifyElementPropertyValueKeyword.groovy:43)
	at com.kms.katalon.core.keyword.internal.KeywordExecutor.executeKeywordForPlatform(KeywordExecutor.groovy:74)
	at com.kms.katalon.core.webservice.keyword.WSBuiltInKeywords.verifyElementPropertyValue(WSBuiltInKeywords.groovy:175)
	at com.kms.katalon.core.webservice.keyword.WSBuiltInKeywords$verifyElementPropertyValue$0.call(Unknown Source)
	at 1. get token - data order.run(1. get token - data order:549)
	at com.kms.katalon.core.main.ScriptEngine.run(ScriptEngine.java:194)
	at com.kms.katalon.core.main.ScriptEngine.runScriptAsRawText(ScriptEngine.java:119)
	at com.kms.katalon.core.main.TestCaseExecutor.runScript(TestCaseExecutor.java:442)
	at com.kms.katalon.core.main.TestCaseExecutor.doExecute(TestCaseExecutor.java:433)
	at com.kms.katalon.core.main.TestCaseExecutor.processExecutionPhase(TestCaseExecutor.java:412)
	at com.kms.katalon.core.main.TestCaseExecutor.accessMainPhase(TestCaseExecutor.java:404)
	at com.kms.katalon.core.main.TestCaseExecutor.execute(TestCaseExecutor.java:281)
	at com.kms.katalon.core.main.TestSuiteExecutor.accessTestCaseMainPhase(TestSuiteExecutor.java:202)
	at com.kms.katalon.core.main.TestSuiteExecutor.accessTestSuiteMainPhase(TestSuiteExecutor.java:164)
	at com.kms.katalon.core.main.TestSuiteExecutor.execute(TestSuiteExecutor.java:105)
	at com.kms.katalon.core.main.TestCaseMain.startTestSuite(TestCaseMain.java:181)
	at com.kms.katalon.core.main.TestCaseMain$startTestSuite$0.call(Unknown Source)
	at TempTestSuite1648100878643.run(TempTestSuite1648100878643.groovy:36)
)

2022-03-24 12:50:23 - [TEST_STEP][FAILED] - verifyElementPropertyValue(order, "GetDataOrderResponse.ListDataOrder[0].InsuranceData[3].InsuredValue", o_ins_val_3, CONTINUE_ON_FAILURE): Unable to verify element property value (Root cause: java.lang.NullPointerException: Cannot get property 'InsuredValue' on null object
	at Script1.run(Script1.groovy:1)
	at com.kms.katalon.core.webservice.helper.WebServiceCommonHelper.parseAndGetPropertyValueForJson(WebServiceCommonHelper.java:213)
	at com.kms.katalon.core.webservice.keyword.builtin.VerifyElementPropertyValueKeyword$_verifyElementPropertyValue_closure1.doCall(VerifyElementPropertyValueKeyword.groovy:52)
	at com.kms.katalon.core.webservice.keyword.builtin.VerifyElementPropertyValueKeyword$_verifyElementPropertyValue_closure1.call(VerifyElementPropertyValueKeyword.groovy)
	at com.kms.katalon.core.keyword.internal.KeywordMain.runKeyword(KeywordMain.groovy:74)
	at com.kms.katalon.core.webservice.keyword.builtin.VerifyElementPropertyValueKeyword.verifyElementPropertyValue(VerifyElementPropertyValueKeyword.groovy:48)
	at com.kms.katalon.core.webservice.keyword.builtin.VerifyElementPropertyValueKeyword.execute(VerifyElementPropertyValueKeyword.groovy:43)
	at com.kms.katalon.core.keyword.internal.KeywordExecutor.executeKeywordForPlatform(KeywordExecutor.groovy:74)
	at com.kms.katalon.core.webservice.keyword.WSBuiltInKeywords.verifyElementPropertyValue(WSBuiltInKeywords.groovy:175)
	at com.kms.katalon.core.webservice.keyword.WSBuiltInKeywords$verifyElementPropertyValue$0.call(Unknown Source)
	at 1. get token - data order.run(1. get token - data order:551)
	at com.kms.katalon.core.main.ScriptEngine.run(ScriptEngine.java:194)
	at com.kms.katalon.core.main.ScriptEngine.runScriptAsRawText(ScriptEngine.java:119)
	at com.kms.katalon.core.main.TestCaseExecutor.runScript(TestCaseExecutor.java:442)
	at com.kms.katalon.core.main.TestCaseExecutor.doExecute(TestCaseExecutor.java:433)
	at com.kms.katalon.core.main.TestCaseExecutor.processExecutionPhase(TestCaseExecutor.java:412)
	at com.kms.katalon.core.main.TestCaseExecutor.accessMainPhase(TestCaseExecutor.java:404)
	at com.kms.katalon.core.main.TestCaseExecutor.execute(TestCaseExecutor.java:281)
	at com.kms.katalon.core.main.TestSuiteExecutor.accessTestCaseMainPhase(TestSuiteExecutor.java:202)
	at com.kms.katalon.core.main.TestSuiteExecutor.accessTestSuiteMainPhase(TestSuiteExecutor.java:164)
	at com.kms.katalon.core.main.TestSuiteExecutor.execute(TestSuiteExecutor.java:105)
	at com.kms.katalon.core.main.TestCaseMain.startTestSuite(TestCaseMain.java:181)
	at com.kms.katalon.core.main.TestCaseMain$startTestSuite$0.call(Unknown Source)
	at TempTestSuite1648100878643.run(TempTestSuite1648100878643.groovy:36)
)

2022-03-24 12:50:23 - [MESSAGE][FAILED] - Unable to verify element property value (Root cause: java.lang.NullPointerException: Cannot get property 'InsuredValue' on null object
	at Script1.run(Script1.groovy:1)
	at com.kms.katalon.core.webservice.helper.WebServiceCommonHelper.parseAndGetPropertyValueForJson(WebServiceCommonHelper.java:213)
	at com.kms.katalon.core.webservice.keyword.builtin.VerifyElementPropertyValueKeyword$_verifyElementPropertyValue_closure1.doCall(VerifyElementPropertyValueKeyword.groovy:52)
	at com.kms.katalon.core.webservice.keyword.builtin.VerifyElementPropertyValueKeyword$_verifyElementPropertyValue_closure1.call(VerifyElementPropertyValueKeyword.groovy)
	at com.kms.katalon.core.keyword.internal.KeywordMain.runKeyword(KeywordMain.groovy:74)
	at com.kms.katalon.core.webservice.keyword.builtin.VerifyElementPropertyValueKeyword.verifyElementPropertyValue(VerifyElementPropertyValueKeyword.groovy:48)
	at com.kms.katalon.core.webservice.keyword.builtin.VerifyElementPropertyValueKeyword.execute(VerifyElementPropertyValueKeyword.groovy:43)
	at com.kms.katalon.core.keyword.internal.KeywordExecutor.executeKeywordForPlatform(KeywordExecutor.groovy:74)
	at com.kms.katalon.core.webservice.keyword.WSBuiltInKeywords.verifyElementPropertyValue(WSBuiltInKeywords.groovy:175)
	at com.kms.katalon.core.webservice.keyword.WSBuiltInKeywords$verifyElementPropertyValue$0.call(Unknown Source)
	at 1. get token - data order.run(1. get token - data order:551)
	at com.kms.katalon.core.main.ScriptEngine.run(ScriptEngine.java:194)
	at com.kms.katalon.core.main.ScriptEngine.runScriptAsRawText(ScriptEngine.java:119)
	at com.kms.katalon.core.main.TestCaseExecutor.runScript(TestCaseExecutor.java:442)
	at com.kms.katalon.core.main.TestCaseExecutor.doExecute(TestCaseExecutor.java:433)
	at com.kms.katalon.core.main.TestCaseExecutor.processExecutionPhase(TestCaseExecutor.java:412)
	at com.kms.katalon.core.main.TestCaseExecutor.accessMainPhase(TestCaseExecutor.java:404)
	at com.kms.katalon.core.main.TestCaseExecutor.execute(TestCaseExecutor.java:281)
	at com.kms.katalon.core.main.TestSuiteExecutor.accessTestCaseMainPhase(TestSuiteExecutor.java:202)
	at com.kms.katalon.core.main.TestSuiteExecutor.accessTestSuiteMainPhase(TestSuiteExecutor.java:164)
	at com.kms.katalon.core.main.TestSuiteExecutor.execute(TestSuiteExecutor.java:105)
	at com.kms.katalon.core.main.TestCaseMain.startTestSuite(TestCaseMain.java:181)
	at com.kms.katalon.core.main.TestCaseMain$startTestSuite$0.call(Unknown Source)
	at TempTestSuite1648100878643.run(TempTestSuite1648100878643.groovy:36)
)

2022-03-24 12:50:23 - [TEST_STEP][FAILED] - verifyElementPropertyValue(order, "GetDataOrderResponse.ListDataOrder[0].InsuranceData[3].InsuredFrom", o_ins_form_3, CONTINUE_ON_FAILURE): Unable to verify element property value (Root cause: java.lang.NullPointerException: Cannot get property 'InsuredFrom' on null object
	at Script1.run(Script1.groovy:1)
	at com.kms.katalon.core.webservice.helper.WebServiceCommonHelper.parseAndGetPropertyValueForJson(WebServiceCommonHelper.java:213)
	at com.kms.katalon.core.webservice.keyword.builtin.VerifyElementPropertyValueKeyword$_verifyElementPropertyValue_closure1.doCall(VerifyElementPropertyValueKeyword.groovy:52)
	at com.kms.katalon.core.webservice.keyword.builtin.VerifyElementPropertyValueKeyword$_verifyElementPropertyValue_closure1.call(VerifyElementPropertyValueKeyword.groovy)
	at com.kms.katalon.core.keyword.internal.KeywordMain.runKeyword(KeywordMain.groovy:74)
	at com.kms.katalon.core.webservice.keyword.builtin.VerifyElementPropertyValueKeyword.verifyElementPropertyValue(VerifyElementPropertyValueKeyword.groovy:48)
	at com.kms.katalon.core.webservice.keyword.builtin.VerifyElementPropertyValueKeyword.execute(VerifyElementPropertyValueKeyword.groovy:43)
	at com.kms.katalon.core.keyword.internal.KeywordExecutor.executeKeywordForPlatform(KeywordExecutor.groovy:74)
	at com.kms.katalon.core.webservice.keyword.WSBuiltInKeywords.verifyElementPropertyValue(WSBuiltInKeywords.groovy:175)
	at com.kms.katalon.core.webservice.keyword.WSBuiltInKeywords$verifyElementPropertyValue$0.call(Unknown Source)
	at 1. get token - data order.run(1. get token - data order:554)
	at com.kms.katalon.core.main.ScriptEngine.run(ScriptEngine.java:194)
	at com.kms.katalon.core.main.ScriptEngine.runScriptAsRawText(ScriptEngine.java:119)
	at com.kms.katalon.core.main.TestCaseExecutor.runScript(TestCaseExecutor.java:442)
	at com.kms.katalon.core.main.TestCaseExecutor.doExecute(TestCaseExecutor.java:433)
	at com.kms.katalon.core.main.TestCaseExecutor.processExecutionPhase(TestCaseExecutor.java:412)
	at com.kms.katalon.core.main.TestCaseExecutor.accessMainPhase(TestCaseExecutor.java:404)
	at com.kms.katalon.core.main.TestCaseExecutor.execute(TestCaseExecutor.java:281)
	at com.kms.katalon.core.main.TestSuiteExecutor.accessTestCaseMainPhase(TestSuiteExecutor.java:202)
	at com.kms.katalon.core.main.TestSuiteExecutor.accessTestSuiteMainPhase(TestSuiteExecutor.java:164)
	at com.kms.katalon.core.main.TestSuiteExecutor.execute(TestSuiteExecutor.java:105)
	at com.kms.katalon.core.main.TestCaseMain.startTestSuite(TestCaseMain.java:181)
	at com.kms.katalon.core.main.TestCaseMain$startTestSuite$0.call(Unknown Source)
	at TempTestSuite1648100878643.run(TempTestSuite1648100878643.groovy:36)
)

2022-03-24 12:50:23 - [MESSAGE][FAILED] - Unable to verify element property value (Root cause: java.lang.NullPointerException: Cannot get property 'InsuredFrom' on null object
	at Script1.run(Script1.groovy:1)
	at com.kms.katalon.core.webservice.helper.WebServiceCommonHelper.parseAndGetPropertyValueForJson(WebServiceCommonHelper.java:213)
	at com.kms.katalon.core.webservice.keyword.builtin.VerifyElementPropertyValueKeyword$_verifyElementPropertyValue_closure1.doCall(VerifyElementPropertyValueKeyword.groovy:52)
	at com.kms.katalon.core.webservice.keyword.builtin.VerifyElementPropertyValueKeyword$_verifyElementPropertyValue_closure1.call(VerifyElementPropertyValueKeyword.groovy)
	at com.kms.katalon.core.keyword.internal.KeywordMain.runKeyword(KeywordMain.groovy:74)
	at com.kms.katalon.core.webservice.keyword.builtin.VerifyElementPropertyValueKeyword.verifyElementPropertyValue(VerifyElementPropertyValueKeyword.groovy:48)
	at com.kms.katalon.core.webservice.keyword.builtin.VerifyElementPropertyValueKeyword.execute(VerifyElementPropertyValueKeyword.groovy:43)
	at com.kms.katalon.core.keyword.internal.KeywordExecutor.executeKeywordForPlatform(KeywordExecutor.groovy:74)
	at com.kms.katalon.core.webservice.keyword.WSBuiltInKeywords.verifyElementPropertyValue(WSBuiltInKeywords.groovy:175)
	at com.kms.katalon.core.webservice.keyword.WSBuiltInKeywords$verifyElementPropertyValue$0.call(Unknown Source)
	at 1. get token - data order.run(1. get token - data order:554)
	at com.kms.katalon.core.main.ScriptEngine.run(ScriptEngine.java:194)
	at com.kms.katalon.core.main.ScriptEngine.runScriptAsRawText(ScriptEngine.java:119)
	at com.kms.katalon.core.main.TestCaseExecutor.runScript(TestCaseExecutor.java:442)
	at com.kms.katalon.core.main.TestCaseExecutor.doExecute(TestCaseExecutor.java:433)
	at com.kms.katalon.core.main.TestCaseExecutor.processExecutionPhase(TestCaseExecutor.java:412)
	at com.kms.katalon.core.main.TestCaseExecutor.accessMainPhase(TestCaseExecutor.java:404)
	at com.kms.katalon.core.main.TestCaseExecutor.execute(TestCaseExecutor.java:281)
	at com.kms.katalon.core.main.TestSuiteExecutor.accessTestCaseMainPhase(TestSuiteExecutor.java:202)
	at com.kms.katalon.core.main.TestSuiteExecutor.accessTestSuiteMainPhase(TestSuiteExecutor.java:164)
	at com.kms.katalon.core.main.TestSuiteExecutor.execute(TestSuiteExecutor.java:105)
	at com.kms.katalon.core.main.TestCaseMain.startTestSuite(TestCaseMain.java:181)
	at com.kms.katalon.core.main.TestCaseMain$startTestSuite$0.call(Unknown Source)
	at TempTestSuite1648100878643.run(TempTestSuite1648100878643.groovy:36)
)

2022-03-24 12:50:23 - [TEST_STEP][FAILED] - verifyElementPropertyValue(order, "GetDataOrderResponse.ListDataOrder[0].InsuranceData[3].InsuredTo", o_ins_to_3, CONTINUE_ON_FAILURE): Unable to verify element property value (Root cause: java.lang.NullPointerException: Cannot get property 'InsuredTo' on null object
	at Script1.run(Script1.groovy:1)
	at com.kms.katalon.core.webservice.helper.WebServiceCommonHelper.parseAndGetPropertyValueForJson(WebServiceCommonHelper.java:213)
	at com.kms.katalon.core.webservice.keyword.builtin.VerifyElementPropertyValueKeyword$_verifyElementPropertyValue_closure1.doCall(VerifyElementPropertyValueKeyword.groovy:52)
	at com.kms.katalon.core.webservice.keyword.builtin.VerifyElementPropertyValueKeyword$_verifyElementPropertyValue_closure1.call(VerifyElementPropertyValueKeyword.groovy)
	at com.kms.katalon.core.keyword.internal.KeywordMain.runKeyword(KeywordMain.groovy:74)
	at com.kms.katalon.core.webservice.keyword.builtin.VerifyElementPropertyValueKeyword.verifyElementPropertyValue(VerifyElementPropertyValueKeyword.groovy:48)
	at com.kms.katalon.core.webservice.keyword.builtin.VerifyElementPropertyValueKeyword.execute(VerifyElementPropertyValueKeyword.groovy:43)
	at com.kms.katalon.core.keyword.internal.KeywordExecutor.executeKeywordForPlatform(KeywordExecutor.groovy:74)
	at com.kms.katalon.core.webservice.keyword.WSBuiltInKeywords.verifyElementPropertyValue(WSBuiltInKeywords.groovy:175)
	at com.kms.katalon.core.webservice.keyword.WSBuiltInKeywords$verifyElementPropertyValue$0.call(Unknown Source)
	at 1. get token - data order.run(1. get token - data order:557)
	at com.kms.katalon.core.main.ScriptEngine.run(ScriptEngine.java:194)
	at com.kms.katalon.core.main.ScriptEngine.runScriptAsRawText(ScriptEngine.java:119)
	at com.kms.katalon.core.main.TestCaseExecutor.runScript(TestCaseExecutor.java:442)
	at com.kms.katalon.core.main.TestCaseExecutor.doExecute(TestCaseExecutor.java:433)
	at com.kms.katalon.core.main.TestCaseExecutor.processExecutionPhase(TestCaseExecutor.java:412)
	at com.kms.katalon.core.main.TestCaseExecutor.accessMainPhase(TestCaseExecutor.java:404)
	at com.kms.katalon.core.main.TestCaseExecutor.execute(TestCaseExecutor.java:281)
	at com.kms.katalon.core.main.TestSuiteExecutor.accessTestCaseMainPhase(TestSuiteExecutor.java:202)
	at com.kms.katalon.core.main.TestSuiteExecutor.accessTestSuiteMainPhase(TestSuiteExecutor.java:164)
	at com.kms.katalon.core.main.TestSuiteExecutor.execute(TestSuiteExecutor.java:105)
	at com.kms.katalon.core.main.TestCaseMain.startTestSuite(TestCaseMain.java:181)
	at com.kms.katalon.core.main.TestCaseMain$startTestSuite$0.call(Unknown Source)
	at TempTestSuite1648100878643.run(TempTestSuite1648100878643.groovy:36)
)

2022-03-24 12:50:23 - [MESSAGE][FAILED] - Unable to verify element property value (Root cause: java.lang.NullPointerException: Cannot get property 'InsuredTo' on null object
	at Script1.run(Script1.groovy:1)
	at com.kms.katalon.core.webservice.helper.WebServiceCommonHelper.parseAndGetPropertyValueForJson(WebServiceCommonHelper.java:213)
	at com.kms.katalon.core.webservice.keyword.builtin.VerifyElementPropertyValueKeyword$_verifyElementPropertyValue_closure1.doCall(VerifyElementPropertyValueKeyword.groovy:52)
	at com.kms.katalon.core.webservice.keyword.builtin.VerifyElementPropertyValueKeyword$_verifyElementPropertyValue_closure1.call(VerifyElementPropertyValueKeyword.groovy)
	at com.kms.katalon.core.keyword.internal.KeywordMain.runKeyword(KeywordMain.groovy:74)
	at com.kms.katalon.core.webservice.keyword.builtin.VerifyElementPropertyValueKeyword.verifyElementPropertyValue(VerifyElementPropertyValueKeyword.groovy:48)
	at com.kms.katalon.core.webservice.keyword.builtin.VerifyElementPropertyValueKeyword.execute(VerifyElementPropertyValueKeyword.groovy:43)
	at com.kms.katalon.core.keyword.internal.KeywordExecutor.executeKeywordForPlatform(KeywordExecutor.groovy:74)
	at com.kms.katalon.core.webservice.keyword.WSBuiltInKeywords.verifyElementPropertyValue(WSBuiltInKeywords.groovy:175)
	at com.kms.katalon.core.webservice.keyword.WSBuiltInKeywords$verifyElementPropertyValue$0.call(Unknown Source)
	at 1. get token - data order.run(1. get token - data order:557)
	at com.kms.katalon.core.main.ScriptEngine.run(ScriptEngine.java:194)
	at com.kms.katalon.core.main.ScriptEngine.runScriptAsRawText(ScriptEngine.java:119)
	at com.kms.katalon.core.main.TestCaseExecutor.runScript(TestCaseExecutor.java:442)
	at com.kms.katalon.core.main.TestCaseExecutor.doExecute(TestCaseExecutor.java:433)
	at com.kms.katalon.core.main.TestCaseExecutor.processExecutionPhase(TestCaseExecutor.java:412)
	at com.kms.katalon.core.main.TestCaseExecutor.accessMainPhase(TestCaseExecutor.java:404)
	at com.kms.katalon.core.main.TestCaseExecutor.execute(TestCaseExecutor.java:281)
	at com.kms.katalon.core.main.TestSuiteExecutor.accessTestCaseMainPhase(TestSuiteExecutor.java:202)
	at com.kms.katalon.core.main.TestSuiteExecutor.accessTestSuiteMainPhase(TestSuiteExecutor.java:164)
	at com.kms.katalon.core.main.TestSuiteExecutor.execute(TestSuiteExecutor.java:105)
	at com.kms.katalon.core.main.TestCaseMain.startTestSuite(TestCaseMain.java:181)
	at com.kms.katalon.core.main.TestCaseMain$startTestSuite$0.call(Unknown Source)
	at TempTestSuite1648100878643.run(TempTestSuite1648100878643.groovy:36)
)

2022-03-24 12:50:23 - [TEST_STEP][FAILED] - verifyElementPropertyValue(order, "GetDataOrderResponse.ListDataOrder[0].InsuranceData[3].Rate", o_rate_3, CONTINUE_ON_FAILURE): Unable to verify element property value (Root cause: java.lang.NullPointerException: Cannot get property 'Rate' on null object
	at Script1.run(Script1.groovy:1)
	at com.kms.katalon.core.webservice.helper.WebServiceCommonHelper.parseAndGetPropertyValueForJson(WebServiceCommonHelper.java:213)
	at com.kms.katalon.core.webservice.keyword.builtin.VerifyElementPropertyValueKeyword$_verifyElementPropertyValue_closure1.doCall(VerifyElementPropertyValueKeyword.groovy:52)
	at com.kms.katalon.core.webservice.keyword.builtin.VerifyElementPropertyValueKeyword$_verifyElementPropertyValue_closure1.call(VerifyElementPropertyValueKeyword.groovy)
	at com.kms.katalon.core.keyword.internal.KeywordMain.runKeyword(KeywordMain.groovy:74)
	at com.kms.katalon.core.webservice.keyword.builtin.VerifyElementPropertyValueKeyword.verifyElementPropertyValue(VerifyElementPropertyValueKeyword.groovy:48)
	at com.kms.katalon.core.webservice.keyword.builtin.VerifyElementPropertyValueKeyword.execute(VerifyElementPropertyValueKeyword.groovy:43)
	at com.kms.katalon.core.keyword.internal.KeywordExecutor.executeKeywordForPlatform(KeywordExecutor.groovy:74)
	at com.kms.katalon.core.webservice.keyword.WSBuiltInKeywords.verifyElementPropertyValue(WSBuiltInKeywords.groovy:175)
	at com.kms.katalon.core.webservice.keyword.WSBuiltInKeywords$verifyElementPropertyValue$0.call(Unknown Source)
	at 1. get token - data order.run(1. get token - data order:560)
	at com.kms.katalon.core.main.ScriptEngine.run(ScriptEngine.java:194)
	at com.kms.katalon.core.main.ScriptEngine.runScriptAsRawText(ScriptEngine.java:119)
	at com.kms.katalon.core.main.TestCaseExecutor.runScript(TestCaseExecutor.java:442)
	at com.kms.katalon.core.main.TestCaseExecutor.doExecute(TestCaseExecutor.java:433)
	at com.kms.katalon.core.main.TestCaseExecutor.processExecutionPhase(TestCaseExecutor.java:412)
	at com.kms.katalon.core.main.TestCaseExecutor.accessMainPhase(TestCaseExecutor.java:404)
	at com.kms.katalon.core.main.TestCaseExecutor.execute(TestCaseExecutor.java:281)
	at com.kms.katalon.core.main.TestSuiteExecutor.accessTestCaseMainPhase(TestSuiteExecutor.java:202)
	at com.kms.katalon.core.main.TestSuiteExecutor.accessTestSuiteMainPhase(TestSuiteExecutor.java:164)
	at com.kms.katalon.core.main.TestSuiteExecutor.execute(TestSuiteExecutor.java:105)
	at com.kms.katalon.core.main.TestCaseMain.startTestSuite(TestCaseMain.java:181)
	at com.kms.katalon.core.main.TestCaseMain$startTestSuite$0.call(Unknown Source)
	at TempTestSuite1648100878643.run(TempTestSuite1648100878643.groovy:36)
)

2022-03-24 12:50:23 - [MESSAGE][FAILED] - Unable to verify element property value (Root cause: java.lang.NullPointerException: Cannot get property 'Rate' on null object
	at Script1.run(Script1.groovy:1)
	at com.kms.katalon.core.webservice.helper.WebServiceCommonHelper.parseAndGetPropertyValueForJson(WebServiceCommonHelper.java:213)
	at com.kms.katalon.core.webservice.keyword.builtin.VerifyElementPropertyValueKeyword$_verifyElementPropertyValue_closure1.doCall(VerifyElementPropertyValueKeyword.groovy:52)
	at com.kms.katalon.core.webservice.keyword.builtin.VerifyElementPropertyValueKeyword$_verifyElementPropertyValue_closure1.call(VerifyElementPropertyValueKeyword.groovy)
	at com.kms.katalon.core.keyword.internal.KeywordMain.runKeyword(KeywordMain.groovy:74)
	at com.kms.katalon.core.webservice.keyword.builtin.VerifyElementPropertyValueKeyword.verifyElementPropertyValue(VerifyElementPropertyValueKeyword.groovy:48)
	at com.kms.katalon.core.webservice.keyword.builtin.VerifyElementPropertyValueKeyword.execute(VerifyElementPropertyValueKeyword.groovy:43)
	at com.kms.katalon.core.keyword.internal.KeywordExecutor.executeKeywordForPlatform(KeywordExecutor.groovy:74)
	at com.kms.katalon.core.webservice.keyword.WSBuiltInKeywords.verifyElementPropertyValue(WSBuiltInKeywords.groovy:175)
	at com.kms.katalon.core.webservice.keyword.WSBuiltInKeywords$verifyElementPropertyValue$0.call(Unknown Source)
	at 1. get token - data order.run(1. get token - data order:560)
	at com.kms.katalon.core.main.ScriptEngine.run(ScriptEngine.java:194)
	at com.kms.katalon.core.main.ScriptEngine.runScriptAsRawText(ScriptEngine.java:119)
	at com.kms.katalon.core.main.TestCaseExecutor.runScript(TestCaseExecutor.java:442)
	at com.kms.katalon.core.main.TestCaseExecutor.doExecute(TestCaseExecutor.java:433)
	at com.kms.katalon.core.main.TestCaseExecutor.processExecutionPhase(TestCaseExecutor.java:412)
	at com.kms.katalon.core.main.TestCaseExecutor.accessMainPhase(TestCaseExecutor.java:404)
	at com.kms.katalon.core.main.TestCaseExecutor.execute(TestCaseExecutor.java:281)
	at com.kms.katalon.core.main.TestSuiteExecutor.accessTestCaseMainPhase(TestSuiteExecutor.java:202)
	at com.kms.katalon.core.main.TestSuiteExecutor.accessTestSuiteMainPhase(TestSuiteExecutor.java:164)
	at com.kms.katalon.core.main.TestSuiteExecutor.execute(TestSuiteExecutor.java:105)
	at com.kms.katalon.core.main.TestCaseMain.startTestSuite(TestCaseMain.java:181)
	at com.kms.katalon.core.main.TestCaseMain$startTestSuite$0.call(Unknown Source)
	at TempTestSuite1648100878643.run(TempTestSuite1648100878643.groovy:36)
)

2022-03-24 12:50:23 - [TEST_STEP][FAILED] - verifyElementPropertyValue(order, "GetDataOrderResponse.ListDataOrder[0].InsuranceData[3].GrossPremi", o_gross_premi_3, CONTINUE_ON_FAILURE): Unable to verify element property value (Root cause: java.lang.NullPointerException: Cannot get property 'GrossPremi' on null object
	at Script1.run(Script1.groovy:1)
	at com.kms.katalon.core.webservice.helper.WebServiceCommonHelper.parseAndGetPropertyValueForJson(WebServiceCommonHelper.java:213)
	at com.kms.katalon.core.webservice.keyword.builtin.VerifyElementPropertyValueKeyword$_verifyElementPropertyValue_closure1.doCall(VerifyElementPropertyValueKeyword.groovy:52)
	at com.kms.katalon.core.webservice.keyword.builtin.VerifyElementPropertyValueKeyword$_verifyElementPropertyValue_closure1.call(VerifyElementPropertyValueKeyword.groovy)
	at com.kms.katalon.core.keyword.internal.KeywordMain.runKeyword(KeywordMain.groovy:74)
	at com.kms.katalon.core.webservice.keyword.builtin.VerifyElementPropertyValueKeyword.verifyElementPropertyValue(VerifyElementPropertyValueKeyword.groovy:48)
	at com.kms.katalon.core.webservice.keyword.builtin.VerifyElementPropertyValueKeyword.execute(VerifyElementPropertyValueKeyword.groovy:43)
	at com.kms.katalon.core.keyword.internal.KeywordExecutor.executeKeywordForPlatform(KeywordExecutor.groovy:74)
	at com.kms.katalon.core.webservice.keyword.WSBuiltInKeywords.verifyElementPropertyValue(WSBuiltInKeywords.groovy:175)
	at com.kms.katalon.core.webservice.keyword.WSBuiltInKeywords$verifyElementPropertyValue$0.call(Unknown Source)
	at 1. get token - data order.run(1. get token - data order:562)
	at com.kms.katalon.core.main.ScriptEngine.run(ScriptEngine.java:194)
	at com.kms.katalon.core.main.ScriptEngine.runScriptAsRawText(ScriptEngine.java:119)
	at com.kms.katalon.core.main.TestCaseExecutor.runScript(TestCaseExecutor.java:442)
	at com.kms.katalon.core.main.TestCaseExecutor.doExecute(TestCaseExecutor.java:433)
	at com.kms.katalon.core.main.TestCaseExecutor.processExecutionPhase(TestCaseExecutor.java:412)
	at com.kms.katalon.core.main.TestCaseExecutor.accessMainPhase(TestCaseExecutor.java:404)
	at com.kms.katalon.core.main.TestCaseExecutor.execute(TestCaseExecutor.java:281)
	at com.kms.katalon.core.main.TestSuiteExecutor.accessTestCaseMainPhase(TestSuiteExecutor.java:202)
	at com.kms.katalon.core.main.TestSuiteExecutor.accessTestSuiteMainPhase(TestSuiteExecutor.java:164)
	at com.kms.katalon.core.main.TestSuiteExecutor.execute(TestSuiteExecutor.java:105)
	at com.kms.katalon.core.main.TestCaseMain.startTestSuite(TestCaseMain.java:181)
	at com.kms.katalon.core.main.TestCaseMain$startTestSuite$0.call(Unknown Source)
	at TempTestSuite1648100878643.run(TempTestSuite1648100878643.groovy:36)
)

2022-03-24 12:50:23 - [MESSAGE][FAILED] - Unable to verify element property value (Root cause: java.lang.NullPointerException: Cannot get property 'GrossPremi' on null object
	at Script1.run(Script1.groovy:1)
	at com.kms.katalon.core.webservice.helper.WebServiceCommonHelper.parseAndGetPropertyValueForJson(WebServiceCommonHelper.java:213)
	at com.kms.katalon.core.webservice.keyword.builtin.VerifyElementPropertyValueKeyword$_verifyElementPropertyValue_closure1.doCall(VerifyElementPropertyValueKeyword.groovy:52)
	at com.kms.katalon.core.webservice.keyword.builtin.VerifyElementPropertyValueKeyword$_verifyElementPropertyValue_closure1.call(VerifyElementPropertyValueKeyword.groovy)
	at com.kms.katalon.core.keyword.internal.KeywordMain.runKeyword(KeywordMain.groovy:74)
	at com.kms.katalon.core.webservice.keyword.builtin.VerifyElementPropertyValueKeyword.verifyElementPropertyValue(VerifyElementPropertyValueKeyword.groovy:48)
	at com.kms.katalon.core.webservice.keyword.builtin.VerifyElementPropertyValueKeyword.execute(VerifyElementPropertyValueKeyword.groovy:43)
	at com.kms.katalon.core.keyword.internal.KeywordExecutor.executeKeywordForPlatform(KeywordExecutor.groovy:74)
	at com.kms.katalon.core.webservice.keyword.WSBuiltInKeywords.verifyElementPropertyValue(WSBuiltInKeywords.groovy:175)
	at com.kms.katalon.core.webservice.keyword.WSBuiltInKeywords$verifyElementPropertyValue$0.call(Unknown Source)
	at 1. get token - data order.run(1. get token - data order:562)
	at com.kms.katalon.core.main.ScriptEngine.run(ScriptEngine.java:194)
	at com.kms.katalon.core.main.ScriptEngine.runScriptAsRawText(ScriptEngine.java:119)
	at com.kms.katalon.core.main.TestCaseExecutor.runScript(TestCaseExecutor.java:442)
	at com.kms.katalon.core.main.TestCaseExecutor.doExecute(TestCaseExecutor.java:433)
	at com.kms.katalon.core.main.TestCaseExecutor.processExecutionPhase(TestCaseExecutor.java:412)
	at com.kms.katalon.core.main.TestCaseExecutor.accessMainPhase(TestCaseExecutor.java:404)
	at com.kms.katalon.core.main.TestCaseExecutor.execute(TestCaseExecutor.java:281)
	at com.kms.katalon.core.main.TestSuiteExecutor.accessTestCaseMainPhase(TestSuiteExecutor.java:202)
	at com.kms.katalon.core.main.TestSuiteExecutor.accessTestSuiteMainPhase(TestSuiteExecutor.java:164)
	at com.kms.katalon.core.main.TestSuiteExecutor.execute(TestSuiteExecutor.java:105)
	at com.kms.katalon.core.main.TestCaseMain.startTestSuite(TestCaseMain.java:181)
	at com.kms.katalon.core.main.TestCaseMain$startTestSuite$0.call(Unknown Source)
	at TempTestSuite1648100878643.run(TempTestSuite1648100878643.groovy:36)
)

2022-03-24 12:50:23 - [TEST_STEP][FAILED] - verifyElementPropertyValue(order, "GetDataOrderResponse.ListDataOrder[0].InsuranceData[3].Discount", o_discount_3, CONTINUE_ON_FAILURE): Unable to verify element property value (Root cause: java.lang.NullPointerException: Cannot get property 'Discount' on null object
	at Script1.run(Script1.groovy:1)
	at com.kms.katalon.core.webservice.helper.WebServiceCommonHelper.parseAndGetPropertyValueForJson(WebServiceCommonHelper.java:213)
	at com.kms.katalon.core.webservice.keyword.builtin.VerifyElementPropertyValueKeyword$_verifyElementPropertyValue_closure1.doCall(VerifyElementPropertyValueKeyword.groovy:52)
	at com.kms.katalon.core.webservice.keyword.builtin.VerifyElementPropertyValueKeyword$_verifyElementPropertyValue_closure1.call(VerifyElementPropertyValueKeyword.groovy)
	at com.kms.katalon.core.keyword.internal.KeywordMain.runKeyword(KeywordMain.groovy:74)
	at com.kms.katalon.core.webservice.keyword.builtin.VerifyElementPropertyValueKeyword.verifyElementPropertyValue(VerifyElementPropertyValueKeyword.groovy:48)
	at com.kms.katalon.core.webservice.keyword.builtin.VerifyElementPropertyValueKeyword.execute(VerifyElementPropertyValueKeyword.groovy:43)
	at com.kms.katalon.core.keyword.internal.KeywordExecutor.executeKeywordForPlatform(KeywordExecutor.groovy:74)
	at com.kms.katalon.core.webservice.keyword.WSBuiltInKeywords.verifyElementPropertyValue(WSBuiltInKeywords.groovy:175)
	at com.kms.katalon.core.webservice.keyword.WSBuiltInKeywords$verifyElementPropertyValue$0.call(Unknown Source)
	at 1. get token - data order.run(1. get token - data order:565)
	at com.kms.katalon.core.main.ScriptEngine.run(ScriptEngine.java:194)
	at com.kms.katalon.core.main.ScriptEngine.runScriptAsRawText(ScriptEngine.java:119)
	at com.kms.katalon.core.main.TestCaseExecutor.runScript(TestCaseExecutor.java:442)
	at com.kms.katalon.core.main.TestCaseExecutor.doExecute(TestCaseExecutor.java:433)
	at com.kms.katalon.core.main.TestCaseExecutor.processExecutionPhase(TestCaseExecutor.java:412)
	at com.kms.katalon.core.main.TestCaseExecutor.accessMainPhase(TestCaseExecutor.java:404)
	at com.kms.katalon.core.main.TestCaseExecutor.execute(TestCaseExecutor.java:281)
	at com.kms.katalon.core.main.TestSuiteExecutor.accessTestCaseMainPhase(TestSuiteExecutor.java:202)
	at com.kms.katalon.core.main.TestSuiteExecutor.accessTestSuiteMainPhase(TestSuiteExecutor.java:164)
	at com.kms.katalon.core.main.TestSuiteExecutor.execute(TestSuiteExecutor.java:105)
	at com.kms.katalon.core.main.TestCaseMain.startTestSuite(TestCaseMain.java:181)
	at com.kms.katalon.core.main.TestCaseMain$startTestSuite$0.call(Unknown Source)
	at TempTestSuite1648100878643.run(TempTestSuite1648100878643.groovy:36)
)

2022-03-24 12:50:23 - [MESSAGE][FAILED] - Unable to verify element property value (Root cause: java.lang.NullPointerException: Cannot get property 'Discount' on null object
	at Script1.run(Script1.groovy:1)
	at com.kms.katalon.core.webservice.helper.WebServiceCommonHelper.parseAndGetPropertyValueForJson(WebServiceCommonHelper.java:213)
	at com.kms.katalon.core.webservice.keyword.builtin.VerifyElementPropertyValueKeyword$_verifyElementPropertyValue_closure1.doCall(VerifyElementPropertyValueKeyword.groovy:52)
	at com.kms.katalon.core.webservice.keyword.builtin.VerifyElementPropertyValueKeyword$_verifyElementPropertyValue_closure1.call(VerifyElementPropertyValueKeyword.groovy)
	at com.kms.katalon.core.keyword.internal.KeywordMain.runKeyword(KeywordMain.groovy:74)
	at com.kms.katalon.core.webservice.keyword.builtin.VerifyElementPropertyValueKeyword.verifyElementPropertyValue(VerifyElementPropertyValueKeyword.groovy:48)
	at com.kms.katalon.core.webservice.keyword.builtin.VerifyElementPropertyValueKeyword.execute(VerifyElementPropertyValueKeyword.groovy:43)
	at com.kms.katalon.core.keyword.internal.KeywordExecutor.executeKeywordForPlatform(KeywordExecutor.groovy:74)
	at com.kms.katalon.core.webservice.keyword.WSBuiltInKeywords.verifyElementPropertyValue(WSBuiltInKeywords.groovy:175)
	at com.kms.katalon.core.webservice.keyword.WSBuiltInKeywords$verifyElementPropertyValue$0.call(Unknown Source)
	at 1. get token - data order.run(1. get token - data order:565)
	at com.kms.katalon.core.main.ScriptEngine.run(ScriptEngine.java:194)
	at com.kms.katalon.core.main.ScriptEngine.runScriptAsRawText(ScriptEngine.java:119)
	at com.kms.katalon.core.main.TestCaseExecutor.runScript(TestCaseExecutor.java:442)
	at com.kms.katalon.core.main.TestCaseExecutor.doExecute(TestCaseExecutor.java:433)
	at com.kms.katalon.core.main.TestCaseExecutor.processExecutionPhase(TestCaseExecutor.java:412)
	at com.kms.katalon.core.main.TestCaseExecutor.accessMainPhase(TestCaseExecutor.java:404)
	at com.kms.katalon.core.main.TestCaseExecutor.execute(TestCaseExecutor.java:281)
	at com.kms.katalon.core.main.TestSuiteExecutor.accessTestCaseMainPhase(TestSuiteExecutor.java:202)
	at com.kms.katalon.core.main.TestSuiteExecutor.accessTestSuiteMainPhase(TestSuiteExecutor.java:164)
	at com.kms.katalon.core.main.TestSuiteExecutor.execute(TestSuiteExecutor.java:105)
	at com.kms.katalon.core.main.TestCaseMain.startTestSuite(TestCaseMain.java:181)
	at com.kms.katalon.core.main.TestCaseMain$startTestSuite$0.call(Unknown Source)
	at TempTestSuite1648100878643.run(TempTestSuite1648100878643.groovy:36)
)

2022-03-24 12:50:23 - [TEST_STEP][FAILED] - verifyElementPropertyValue(order, "GetDataOrderResponse.ListDataOrder[0].InsuranceData[3].Adm", o_adm_3, CONTINUE_ON_FAILURE): Unable to verify element property value (Root cause: java.lang.NullPointerException: Cannot get property 'Adm' on null object
	at Script1.run(Script1.groovy:1)
	at com.kms.katalon.core.webservice.helper.WebServiceCommonHelper.parseAndGetPropertyValueForJson(WebServiceCommonHelper.java:213)
	at com.kms.katalon.core.webservice.keyword.builtin.VerifyElementPropertyValueKeyword$_verifyElementPropertyValue_closure1.doCall(VerifyElementPropertyValueKeyword.groovy:52)
	at com.kms.katalon.core.webservice.keyword.builtin.VerifyElementPropertyValueKeyword$_verifyElementPropertyValue_closure1.call(VerifyElementPropertyValueKeyword.groovy)
	at com.kms.katalon.core.keyword.internal.KeywordMain.runKeyword(KeywordMain.groovy:74)
	at com.kms.katalon.core.webservice.keyword.builtin.VerifyElementPropertyValueKeyword.verifyElementPropertyValue(VerifyElementPropertyValueKeyword.groovy:48)
	at com.kms.katalon.core.webservice.keyword.builtin.VerifyElementPropertyValueKeyword.execute(VerifyElementPropertyValueKeyword.groovy:43)
	at com.kms.katalon.core.keyword.internal.KeywordExecutor.executeKeywordForPlatform(KeywordExecutor.groovy:74)
	at com.kms.katalon.core.webservice.keyword.WSBuiltInKeywords.verifyElementPropertyValue(WSBuiltInKeywords.groovy:175)
	at com.kms.katalon.core.webservice.keyword.WSBuiltInKeywords$verifyElementPropertyValue$0.call(Unknown Source)
	at 1. get token - data order.run(1. get token - data order:568)
	at com.kms.katalon.core.main.ScriptEngine.run(ScriptEngine.java:194)
	at com.kms.katalon.core.main.ScriptEngine.runScriptAsRawText(ScriptEngine.java:119)
	at com.kms.katalon.core.main.TestCaseExecutor.runScript(TestCaseExecutor.java:442)
	at com.kms.katalon.core.main.TestCaseExecutor.doExecute(TestCaseExecutor.java:433)
	at com.kms.katalon.core.main.TestCaseExecutor.processExecutionPhase(TestCaseExecutor.java:412)
	at com.kms.katalon.core.main.TestCaseExecutor.accessMainPhase(TestCaseExecutor.java:404)
	at com.kms.katalon.core.main.TestCaseExecutor.execute(TestCaseExecutor.java:281)
	at com.kms.katalon.core.main.TestSuiteExecutor.accessTestCaseMainPhase(TestSuiteExecutor.java:202)
	at com.kms.katalon.core.main.TestSuiteExecutor.accessTestSuiteMainPhase(TestSuiteExecutor.java:164)
	at com.kms.katalon.core.main.TestSuiteExecutor.execute(TestSuiteExecutor.java:105)
	at com.kms.katalon.core.main.TestCaseMain.startTestSuite(TestCaseMain.java:181)
	at com.kms.katalon.core.main.TestCaseMain$startTestSuite$0.call(Unknown Source)
	at TempTestSuite1648100878643.run(TempTestSuite1648100878643.groovy:36)
)

2022-03-24 12:50:23 - [MESSAGE][FAILED] - Unable to verify element property value (Root cause: java.lang.NullPointerException: Cannot get property 'Adm' on null object
	at Script1.run(Script1.groovy:1)
	at com.kms.katalon.core.webservice.helper.WebServiceCommonHelper.parseAndGetPropertyValueForJson(WebServiceCommonHelper.java:213)
	at com.kms.katalon.core.webservice.keyword.builtin.VerifyElementPropertyValueKeyword$_verifyElementPropertyValue_closure1.doCall(VerifyElementPropertyValueKeyword.groovy:52)
	at com.kms.katalon.core.webservice.keyword.builtin.VerifyElementPropertyValueKeyword$_verifyElementPropertyValue_closure1.call(VerifyElementPropertyValueKeyword.groovy)
	at com.kms.katalon.core.keyword.internal.KeywordMain.runKeyword(KeywordMain.groovy:74)
	at com.kms.katalon.core.webservice.keyword.builtin.VerifyElementPropertyValueKeyword.verifyElementPropertyValue(VerifyElementPropertyValueKeyword.groovy:48)
	at com.kms.katalon.core.webservice.keyword.builtin.VerifyElementPropertyValueKeyword.execute(VerifyElementPropertyValueKeyword.groovy:43)
	at com.kms.katalon.core.keyword.internal.KeywordExecutor.executeKeywordForPlatform(KeywordExecutor.groovy:74)
	at com.kms.katalon.core.webservice.keyword.WSBuiltInKeywords.verifyElementPropertyValue(WSBuiltInKeywords.groovy:175)
	at com.kms.katalon.core.webservice.keyword.WSBuiltInKeywords$verifyElementPropertyValue$0.call(Unknown Source)
	at 1. get token - data order.run(1. get token - data order:568)
	at com.kms.katalon.core.main.ScriptEngine.run(ScriptEngine.java:194)
	at com.kms.katalon.core.main.ScriptEngine.runScriptAsRawText(ScriptEngine.java:119)
	at com.kms.katalon.core.main.TestCaseExecutor.runScript(TestCaseExecutor.java:442)
	at com.kms.katalon.core.main.TestCaseExecutor.doExecute(TestCaseExecutor.java:433)
	at com.kms.katalon.core.main.TestCaseExecutor.processExecutionPhase(TestCaseExecutor.java:412)
	at com.kms.katalon.core.main.TestCaseExecutor.accessMainPhase(TestCaseExecutor.java:404)
	at com.kms.katalon.core.main.TestCaseExecutor.execute(TestCaseExecutor.java:281)
	at com.kms.katalon.core.main.TestSuiteExecutor.accessTestCaseMainPhase(TestSuiteExecutor.java:202)
	at com.kms.katalon.core.main.TestSuiteExecutor.accessTestSuiteMainPhase(TestSuiteExecutor.java:164)
	at com.kms.katalon.core.main.TestSuiteExecutor.execute(TestSuiteExecutor.java:105)
	at com.kms.katalon.core.main.TestCaseMain.startTestSuite(TestCaseMain.java:181)
	at com.kms.katalon.core.main.TestCaseMain$startTestSuite$0.call(Unknown Source)
	at TempTestSuite1648100878643.run(TempTestSuite1648100878643.groovy:36)
)

2022-03-24 12:50:23 - [TEST_STEP][FAILED] - verifyElementPropertyValue(order, "GetDataOrderResponse.ListDataOrder[0].InsuranceData[3].NetPremi", o_netpremi_3, CONTINUE_ON_FAILURE): Unable to verify element property value (Root cause: java.lang.NullPointerException: Cannot get property 'NetPremi' on null object
	at Script1.run(Script1.groovy:1)
	at com.kms.katalon.core.webservice.helper.WebServiceCommonHelper.parseAndGetPropertyValueForJson(WebServiceCommonHelper.java:213)
	at com.kms.katalon.core.webservice.keyword.builtin.VerifyElementPropertyValueKeyword$_verifyElementPropertyValue_closure1.doCall(VerifyElementPropertyValueKeyword.groovy:52)
	at com.kms.katalon.core.webservice.keyword.builtin.VerifyElementPropertyValueKeyword$_verifyElementPropertyValue_closure1.call(VerifyElementPropertyValueKeyword.groovy)
	at com.kms.katalon.core.keyword.internal.KeywordMain.runKeyword(KeywordMain.groovy:74)
	at com.kms.katalon.core.webservice.keyword.builtin.VerifyElementPropertyValueKeyword.verifyElementPropertyValue(VerifyElementPropertyValueKeyword.groovy:48)
	at com.kms.katalon.core.webservice.keyword.builtin.VerifyElementPropertyValueKeyword.execute(VerifyElementPropertyValueKeyword.groovy:43)
	at com.kms.katalon.core.keyword.internal.KeywordExecutor.executeKeywordForPlatform(KeywordExecutor.groovy:74)
	at com.kms.katalon.core.webservice.keyword.WSBuiltInKeywords.verifyElementPropertyValue(WSBuiltInKeywords.groovy:175)
	at com.kms.katalon.core.webservice.keyword.WSBuiltInKeywords$verifyElementPropertyValue$0.call(Unknown Source)
	at 1. get token - data order.run(1. get token - data order:570)
	at com.kms.katalon.core.main.ScriptEngine.run(ScriptEngine.java:194)
	at com.kms.katalon.core.main.ScriptEngine.runScriptAsRawText(ScriptEngine.java:119)
	at com.kms.katalon.core.main.TestCaseExecutor.runScript(TestCaseExecutor.java:442)
	at com.kms.katalon.core.main.TestCaseExecutor.doExecute(TestCaseExecutor.java:433)
	at com.kms.katalon.core.main.TestCaseExecutor.processExecutionPhase(TestCaseExecutor.java:412)
	at com.kms.katalon.core.main.TestCaseExecutor.accessMainPhase(TestCaseExecutor.java:404)
	at com.kms.katalon.core.main.TestCaseExecutor.execute(TestCaseExecutor.java:281)
	at com.kms.katalon.core.main.TestSuiteExecutor.accessTestCaseMainPhase(TestSuiteExecutor.java:202)
	at com.kms.katalon.core.main.TestSuiteExecutor.accessTestSuiteMainPhase(TestSuiteExecutor.java:164)
	at com.kms.katalon.core.main.TestSuiteExecutor.execute(TestSuiteExecutor.java:105)
	at com.kms.katalon.core.main.TestCaseMain.startTestSuite(TestCaseMain.java:181)
	at com.kms.katalon.core.main.TestCaseMain$startTestSuite$0.call(Unknown Source)
	at TempTestSuite1648100878643.run(TempTestSuite1648100878643.groovy:36)
)

2022-03-24 12:50:23 - [MESSAGE][FAILED] - Unable to verify element property value (Root cause: java.lang.NullPointerException: Cannot get property 'NetPremi' on null object
	at Script1.run(Script1.groovy:1)
	at com.kms.katalon.core.webservice.helper.WebServiceCommonHelper.parseAndGetPropertyValueForJson(WebServiceCommonHelper.java:213)
	at com.kms.katalon.core.webservice.keyword.builtin.VerifyElementPropertyValueKeyword$_verifyElementPropertyValue_closure1.doCall(VerifyElementPropertyValueKeyword.groovy:52)
	at com.kms.katalon.core.webservice.keyword.builtin.VerifyElementPropertyValueKeyword$_verifyElementPropertyValue_closure1.call(VerifyElementPropertyValueKeyword.groovy)
	at com.kms.katalon.core.keyword.internal.KeywordMain.runKeyword(KeywordMain.groovy:74)
	at com.kms.katalon.core.webservice.keyword.builtin.VerifyElementPropertyValueKeyword.verifyElementPropertyValue(VerifyElementPropertyValueKeyword.groovy:48)
	at com.kms.katalon.core.webservice.keyword.builtin.VerifyElementPropertyValueKeyword.execute(VerifyElementPropertyValueKeyword.groovy:43)
	at com.kms.katalon.core.keyword.internal.KeywordExecutor.executeKeywordForPlatform(KeywordExecutor.groovy:74)
	at com.kms.katalon.core.webservice.keyword.WSBuiltInKeywords.verifyElementPropertyValue(WSBuiltInKeywords.groovy:175)
	at com.kms.katalon.core.webservice.keyword.WSBuiltInKeywords$verifyElementPropertyValue$0.call(Unknown Source)
	at 1. get token - data order.run(1. get token - data order:570)
	at com.kms.katalon.core.main.ScriptEngine.run(ScriptEngine.java:194)
	at com.kms.katalon.core.main.ScriptEngine.runScriptAsRawText(ScriptEngine.java:119)
	at com.kms.katalon.core.main.TestCaseExecutor.runScript(TestCaseExecutor.java:442)
	at com.kms.katalon.core.main.TestCaseExecutor.doExecute(TestCaseExecutor.java:433)
	at com.kms.katalon.core.main.TestCaseExecutor.processExecutionPhase(TestCaseExecutor.java:412)
	at com.kms.katalon.core.main.TestCaseExecutor.accessMainPhase(TestCaseExecutor.java:404)
	at com.kms.katalon.core.main.TestCaseExecutor.execute(TestCaseExecutor.java:281)
	at com.kms.katalon.core.main.TestSuiteExecutor.accessTestCaseMainPhase(TestSuiteExecutor.java:202)
	at com.kms.katalon.core.main.TestSuiteExecutor.accessTestSuiteMainPhase(TestSuiteExecutor.java:164)
	at com.kms.katalon.core.main.TestSuiteExecutor.execute(TestSuiteExecutor.java:105)
	at com.kms.katalon.core.main.TestCaseMain.startTestSuite(TestCaseMain.java:181)
	at com.kms.katalon.core.main.TestCaseMain$startTestSuite$0.call(Unknown Source)
	at TempTestSuite1648100878643.run(TempTestSuite1648100878643.groovy:36)
)

2022-03-24 12:50:23 - [TEST_STEP][FAILED] - verifyElementPropertyValue(order, "GetDataOrderResponse.ListDataOrder[0].InsuranceData[3].PerluasanJaminan.TJH", o_tjh_val_3, CONTINUE_ON_FAILURE): Unable to verify element property value (Root cause: java.lang.NullPointerException: Cannot get property 'PerluasanJaminan' on null object
	at Script1.run(Script1.groovy:1)
	at com.kms.katalon.core.webservice.helper.WebServiceCommonHelper.parseAndGetPropertyValueForJson(WebServiceCommonHelper.java:213)
	at com.kms.katalon.core.webservice.keyword.builtin.VerifyElementPropertyValueKeyword$_verifyElementPropertyValue_closure1.doCall(VerifyElementPropertyValueKeyword.groovy:52)
	at com.kms.katalon.core.webservice.keyword.builtin.VerifyElementPropertyValueKeyword$_verifyElementPropertyValue_closure1.call(VerifyElementPropertyValueKeyword.groovy)
	at com.kms.katalon.core.keyword.internal.KeywordMain.runKeyword(KeywordMain.groovy:74)
	at com.kms.katalon.core.webservice.keyword.builtin.VerifyElementPropertyValueKeyword.verifyElementPropertyValue(VerifyElementPropertyValueKeyword.groovy:48)
	at com.kms.katalon.core.webservice.keyword.builtin.VerifyElementPropertyValueKeyword.execute(VerifyElementPropertyValueKeyword.groovy:43)
	at com.kms.katalon.core.keyword.internal.KeywordExecutor.executeKeywordForPlatform(KeywordExecutor.groovy:74)
	at com.kms.katalon.core.webservice.keyword.WSBuiltInKeywords.verifyElementPropertyValue(WSBuiltInKeywords.groovy:175)
	at com.kms.katalon.core.webservice.keyword.WSBuiltInKeywords$verifyElementPropertyValue$0.call(Unknown Source)
	at 1. get token - data order.run(1. get token - data order:573)
	at com.kms.katalon.core.main.ScriptEngine.run(ScriptEngine.java:194)
	at com.kms.katalon.core.main.ScriptEngine.runScriptAsRawText(ScriptEngine.java:119)
	at com.kms.katalon.core.main.TestCaseExecutor.runScript(TestCaseExecutor.java:442)
	at com.kms.katalon.core.main.TestCaseExecutor.doExecute(TestCaseExecutor.java:433)
	at com.kms.katalon.core.main.TestCaseExecutor.processExecutionPhase(TestCaseExecutor.java:412)
	at com.kms.katalon.core.main.TestCaseExecutor.accessMainPhase(TestCaseExecutor.java:404)
	at com.kms.katalon.core.main.TestCaseExecutor.execute(TestCaseExecutor.java:281)
	at com.kms.katalon.core.main.TestSuiteExecutor.accessTestCaseMainPhase(TestSuiteExecutor.java:202)
	at com.kms.katalon.core.main.TestSuiteExecutor.accessTestSuiteMainPhase(TestSuiteExecutor.java:164)
	at com.kms.katalon.core.main.TestSuiteExecutor.execute(TestSuiteExecutor.java:105)
	at com.kms.katalon.core.main.TestCaseMain.startTestSuite(TestCaseMain.java:181)
	at com.kms.katalon.core.main.TestCaseMain$startTestSuite$0.call(Unknown Source)
	at TempTestSuite1648100878643.run(TempTestSuite1648100878643.groovy:36)
)

2022-03-24 12:50:23 - [MESSAGE][FAILED] - Unable to verify element property value (Root cause: java.lang.NullPointerException: Cannot get property 'PerluasanJaminan' on null object
	at Script1.run(Script1.groovy:1)
	at com.kms.katalon.core.webservice.helper.WebServiceCommonHelper.parseAndGetPropertyValueForJson(WebServiceCommonHelper.java:213)
	at com.kms.katalon.core.webservice.keyword.builtin.VerifyElementPropertyValueKeyword$_verifyElementPropertyValue_closure1.doCall(VerifyElementPropertyValueKeyword.groovy:52)
	at com.kms.katalon.core.webservice.keyword.builtin.VerifyElementPropertyValueKeyword$_verifyElementPropertyValue_closure1.call(VerifyElementPropertyValueKeyword.groovy)
	at com.kms.katalon.core.keyword.internal.KeywordMain.runKeyword(KeywordMain.groovy:74)
	at com.kms.katalon.core.webservice.keyword.builtin.VerifyElementPropertyValueKeyword.verifyElementPropertyValue(VerifyElementPropertyValueKeyword.groovy:48)
	at com.kms.katalon.core.webservice.keyword.builtin.VerifyElementPropertyValueKeyword.execute(VerifyElementPropertyValueKeyword.groovy:43)
	at com.kms.katalon.core.keyword.internal.KeywordExecutor.executeKeywordForPlatform(KeywordExecutor.groovy:74)
	at com.kms.katalon.core.webservice.keyword.WSBuiltInKeywords.verifyElementPropertyValue(WSBuiltInKeywords.groovy:175)
	at com.kms.katalon.core.webservice.keyword.WSBuiltInKeywords$verifyElementPropertyValue$0.call(Unknown Source)
	at 1. get token - data order.run(1. get token - data order:573)
	at com.kms.katalon.core.main.ScriptEngine.run(ScriptEngine.java:194)
	at com.kms.katalon.core.main.ScriptEngine.runScriptAsRawText(ScriptEngine.java:119)
	at com.kms.katalon.core.main.TestCaseExecutor.runScript(TestCaseExecutor.java:442)
	at com.kms.katalon.core.main.TestCaseExecutor.doExecute(TestCaseExecutor.java:433)
	at com.kms.katalon.core.main.TestCaseExecutor.processExecutionPhase(TestCaseExecutor.java:412)
	at com.kms.katalon.core.main.TestCaseExecutor.accessMainPhase(TestCaseExecutor.java:404)
	at com.kms.katalon.core.main.TestCaseExecutor.execute(TestCaseExecutor.java:281)
	at com.kms.katalon.core.main.TestSuiteExecutor.accessTestCaseMainPhase(TestSuiteExecutor.java:202)
	at com.kms.katalon.core.main.TestSuiteExecutor.accessTestSuiteMainPhase(TestSuiteExecutor.java:164)
	at com.kms.katalon.core.main.TestSuiteExecutor.execute(TestSuiteExecutor.java:105)
	at com.kms.katalon.core.main.TestCaseMain.startTestSuite(TestCaseMain.java:181)
	at com.kms.katalon.core.main.TestCaseMain$startTestSuite$0.call(Unknown Source)
	at TempTestSuite1648100878643.run(TempTestSuite1648100878643.groovy:36)
)

2022-03-24 12:50:23 - [TEST_STEP][FAILED] - verifyElementPropertyValue(order, "GetDataOrderResponse.ListDataOrder[0].InsuranceData[3].PerluasanJaminan.RSCC", o_rscc_val_3, CONTINUE_ON_FAILURE): Unable to verify element property value (Root cause: java.lang.NullPointerException: Cannot get property 'PerluasanJaminan' on null object
	at Script1.run(Script1.groovy:1)
	at com.kms.katalon.core.webservice.helper.WebServiceCommonHelper.parseAndGetPropertyValueForJson(WebServiceCommonHelper.java:213)
	at com.kms.katalon.core.webservice.keyword.builtin.VerifyElementPropertyValueKeyword$_verifyElementPropertyValue_closure1.doCall(VerifyElementPropertyValueKeyword.groovy:52)
	at com.kms.katalon.core.webservice.keyword.builtin.VerifyElementPropertyValueKeyword$_verifyElementPropertyValue_closure1.call(VerifyElementPropertyValueKeyword.groovy)
	at com.kms.katalon.core.keyword.internal.KeywordMain.runKeyword(KeywordMain.groovy:74)
	at com.kms.katalon.core.webservice.keyword.builtin.VerifyElementPropertyValueKeyword.verifyElementPropertyValue(VerifyElementPropertyValueKeyword.groovy:48)
	at com.kms.katalon.core.webservice.keyword.builtin.VerifyElementPropertyValueKeyword.execute(VerifyElementPropertyValueKeyword.groovy:43)
	at com.kms.katalon.core.keyword.internal.KeywordExecutor.executeKeywordForPlatform(KeywordExecutor.groovy:74)
	at com.kms.katalon.core.webservice.keyword.WSBuiltInKeywords.verifyElementPropertyValue(WSBuiltInKeywords.groovy:175)
	at com.kms.katalon.core.webservice.keyword.WSBuiltInKeywords$verifyElementPropertyValue$0.call(Unknown Source)
	at 1. get token - data order.run(1. get token - data order:576)
	at com.kms.katalon.core.main.ScriptEngine.run(ScriptEngine.java:194)
	at com.kms.katalon.core.main.ScriptEngine.runScriptAsRawText(ScriptEngine.java:119)
	at com.kms.katalon.core.main.TestCaseExecutor.runScript(TestCaseExecutor.java:442)
	at com.kms.katalon.core.main.TestCaseExecutor.doExecute(TestCaseExecutor.java:433)
	at com.kms.katalon.core.main.TestCaseExecutor.processExecutionPhase(TestCaseExecutor.java:412)
	at com.kms.katalon.core.main.TestCaseExecutor.accessMainPhase(TestCaseExecutor.java:404)
	at com.kms.katalon.core.main.TestCaseExecutor.execute(TestCaseExecutor.java:281)
	at com.kms.katalon.core.main.TestSuiteExecutor.accessTestCaseMainPhase(TestSuiteExecutor.java:202)
	at com.kms.katalon.core.main.TestSuiteExecutor.accessTestSuiteMainPhase(TestSuiteExecutor.java:164)
	at com.kms.katalon.core.main.TestSuiteExecutor.execute(TestSuiteExecutor.java:105)
	at com.kms.katalon.core.main.TestCaseMain.startTestSuite(TestCaseMain.java:181)
	at com.kms.katalon.core.main.TestCaseMain$startTestSuite$0.call(Unknown Source)
	at TempTestSuite1648100878643.run(TempTestSuite1648100878643.groovy:36)
)

2022-03-24 12:50:23 - [MESSAGE][FAILED] - Unable to verify element property value (Root cause: java.lang.NullPointerException: Cannot get property 'PerluasanJaminan' on null object
	at Script1.run(Script1.groovy:1)
	at com.kms.katalon.core.webservice.helper.WebServiceCommonHelper.parseAndGetPropertyValueForJson(WebServiceCommonHelper.java:213)
	at com.kms.katalon.core.webservice.keyword.builtin.VerifyElementPropertyValueKeyword$_verifyElementPropertyValue_closure1.doCall(VerifyElementPropertyValueKeyword.groovy:52)
	at com.kms.katalon.core.webservice.keyword.builtin.VerifyElementPropertyValueKeyword$_verifyElementPropertyValue_closure1.call(VerifyElementPropertyValueKeyword.groovy)
	at com.kms.katalon.core.keyword.internal.KeywordMain.runKeyword(KeywordMain.groovy:74)
	at com.kms.katalon.core.webservice.keyword.builtin.VerifyElementPropertyValueKeyword.verifyElementPropertyValue(VerifyElementPropertyValueKeyword.groovy:48)
	at com.kms.katalon.core.webservice.keyword.builtin.VerifyElementPropertyValueKeyword.execute(VerifyElementPropertyValueKeyword.groovy:43)
	at com.kms.katalon.core.keyword.internal.KeywordExecutor.executeKeywordForPlatform(KeywordExecutor.groovy:74)
	at com.kms.katalon.core.webservice.keyword.WSBuiltInKeywords.verifyElementPropertyValue(WSBuiltInKeywords.groovy:175)
	at com.kms.katalon.core.webservice.keyword.WSBuiltInKeywords$verifyElementPropertyValue$0.call(Unknown Source)
	at 1. get token - data order.run(1. get token - data order:576)
	at com.kms.katalon.core.main.ScriptEngine.run(ScriptEngine.java:194)
	at com.kms.katalon.core.main.ScriptEngine.runScriptAsRawText(ScriptEngine.java:119)
	at com.kms.katalon.core.main.TestCaseExecutor.runScript(TestCaseExecutor.java:442)
	at com.kms.katalon.core.main.TestCaseExecutor.doExecute(TestCaseExecutor.java:433)
	at com.kms.katalon.core.main.TestCaseExecutor.processExecutionPhase(TestCaseExecutor.java:412)
	at com.kms.katalon.core.main.TestCaseExecutor.accessMainPhase(TestCaseExecutor.java:404)
	at com.kms.katalon.core.main.TestCaseExecutor.execute(TestCaseExecutor.java:281)
	at com.kms.katalon.core.main.TestSuiteExecutor.accessTestCaseMainPhase(TestSuiteExecutor.java:202)
	at com.kms.katalon.core.main.TestSuiteExecutor.accessTestSuiteMainPhase(TestSuiteExecutor.java:164)
	at com.kms.katalon.core.main.TestSuiteExecutor.execute(TestSuiteExecutor.java:105)
	at com.kms.katalon.core.main.TestCaseMain.startTestSuite(TestCaseMain.java:181)
	at com.kms.katalon.core.main.TestCaseMain$startTestSuite$0.call(Unknown Source)
	at TempTestSuite1648100878643.run(TempTestSuite1648100878643.groovy:36)
)

2022-03-24 12:50:23 - [TEST_STEP][FAILED] - verifyElementPropertyValue(order, "GetDataOrderResponse.ListDataOrder[0].InsuranceData[3].PerluasanJaminan.Banjir", o_rsmb_val_3, CONTINUE_ON_FAILURE): Unable to verify element property value (Root cause: java.lang.NullPointerException: Cannot get property 'PerluasanJaminan' on null object
	at Script1.run(Script1.groovy:1)
	at com.kms.katalon.core.webservice.helper.WebServiceCommonHelper.parseAndGetPropertyValueForJson(WebServiceCommonHelper.java:213)
	at com.kms.katalon.core.webservice.keyword.builtin.VerifyElementPropertyValueKeyword$_verifyElementPropertyValue_closure1.doCall(VerifyElementPropertyValueKeyword.groovy:52)
	at com.kms.katalon.core.webservice.keyword.builtin.VerifyElementPropertyValueKeyword$_verifyElementPropertyValue_closure1.call(VerifyElementPropertyValueKeyword.groovy)
	at com.kms.katalon.core.keyword.internal.KeywordMain.runKeyword(KeywordMain.groovy:74)
	at com.kms.katalon.core.webservice.keyword.builtin.VerifyElementPropertyValueKeyword.verifyElementPropertyValue(VerifyElementPropertyValueKeyword.groovy:48)
	at com.kms.katalon.core.webservice.keyword.builtin.VerifyElementPropertyValueKeyword.execute(VerifyElementPropertyValueKeyword.groovy:43)
	at com.kms.katalon.core.keyword.internal.KeywordExecutor.executeKeywordForPlatform(KeywordExecutor.groovy:74)
	at com.kms.katalon.core.webservice.keyword.WSBuiltInKeywords.verifyElementPropertyValue(WSBuiltInKeywords.groovy:175)
	at com.kms.katalon.core.webservice.keyword.WSBuiltInKeywords$verifyElementPropertyValue$0.call(Unknown Source)
	at 1. get token - data order.run(1. get token - data order:579)
	at com.kms.katalon.core.main.ScriptEngine.run(ScriptEngine.java:194)
	at com.kms.katalon.core.main.ScriptEngine.runScriptAsRawText(ScriptEngine.java:119)
	at com.kms.katalon.core.main.TestCaseExecutor.runScript(TestCaseExecutor.java:442)
	at com.kms.katalon.core.main.TestCaseExecutor.doExecute(TestCaseExecutor.java:433)
	at com.kms.katalon.core.main.TestCaseExecutor.processExecutionPhase(TestCaseExecutor.java:412)
	at com.kms.katalon.core.main.TestCaseExecutor.accessMainPhase(TestCaseExecutor.java:404)
	at com.kms.katalon.core.main.TestCaseExecutor.execute(TestCaseExecutor.java:281)
	at com.kms.katalon.core.main.TestSuiteExecutor.accessTestCaseMainPhase(TestSuiteExecutor.java:202)
	at com.kms.katalon.core.main.TestSuiteExecutor.accessTestSuiteMainPhase(TestSuiteExecutor.java:164)
	at com.kms.katalon.core.main.TestSuiteExecutor.execute(TestSuiteExecutor.java:105)
	at com.kms.katalon.core.main.TestCaseMain.startTestSuite(TestCaseMain.java:181)
	at com.kms.katalon.core.main.TestCaseMain$startTestSuite$0.call(Unknown Source)
	at TempTestSuite1648100878643.run(TempTestSuite1648100878643.groovy:36)
)

2022-03-24 12:50:23 - [MESSAGE][FAILED] - Unable to verify element property value (Root cause: java.lang.NullPointerException: Cannot get property 'PerluasanJaminan' on null object
	at Script1.run(Script1.groovy:1)
	at com.kms.katalon.core.webservice.helper.WebServiceCommonHelper.parseAndGetPropertyValueForJson(WebServiceCommonHelper.java:213)
	at com.kms.katalon.core.webservice.keyword.builtin.VerifyElementPropertyValueKeyword$_verifyElementPropertyValue_closure1.doCall(VerifyElementPropertyValueKeyword.groovy:52)
	at com.kms.katalon.core.webservice.keyword.builtin.VerifyElementPropertyValueKeyword$_verifyElementPropertyValue_closure1.call(VerifyElementPropertyValueKeyword.groovy)
	at com.kms.katalon.core.keyword.internal.KeywordMain.runKeyword(KeywordMain.groovy:74)
	at com.kms.katalon.core.webservice.keyword.builtin.VerifyElementPropertyValueKeyword.verifyElementPropertyValue(VerifyElementPropertyValueKeyword.groovy:48)
	at com.kms.katalon.core.webservice.keyword.builtin.VerifyElementPropertyValueKeyword.execute(VerifyElementPropertyValueKeyword.groovy:43)
	at com.kms.katalon.core.keyword.internal.KeywordExecutor.executeKeywordForPlatform(KeywordExecutor.groovy:74)
	at com.kms.katalon.core.webservice.keyword.WSBuiltInKeywords.verifyElementPropertyValue(WSBuiltInKeywords.groovy:175)
	at com.kms.katalon.core.webservice.keyword.WSBuiltInKeywords$verifyElementPropertyValue$0.call(Unknown Source)
	at 1. get token - data order.run(1. get token - data order:579)
	at com.kms.katalon.core.main.ScriptEngine.run(ScriptEngine.java:194)
	at com.kms.katalon.core.main.ScriptEngine.runScriptAsRawText(ScriptEngine.java:119)
	at com.kms.katalon.core.main.TestCaseExecutor.runScript(TestCaseExecutor.java:442)
	at com.kms.katalon.core.main.TestCaseExecutor.doExecute(TestCaseExecutor.java:433)
	at com.kms.katalon.core.main.TestCaseExecutor.processExecutionPhase(TestCaseExecutor.java:412)
	at com.kms.katalon.core.main.TestCaseExecutor.accessMainPhase(TestCaseExecutor.java:404)
	at com.kms.katalon.core.main.TestCaseExecutor.execute(TestCaseExecutor.java:281)
	at com.kms.katalon.core.main.TestSuiteExecutor.accessTestCaseMainPhase(TestSuiteExecutor.java:202)
	at com.kms.katalon.core.main.TestSuiteExecutor.accessTestSuiteMainPhase(TestSuiteExecutor.java:164)
	at com.kms.katalon.core.main.TestSuiteExecutor.execute(TestSuiteExecutor.java:105)
	at com.kms.katalon.core.main.TestCaseMain.startTestSuite(TestCaseMain.java:181)
	at com.kms.katalon.core.main.TestCaseMain$startTestSuite$0.call(Unknown Source)
	at TempTestSuite1648100878643.run(TempTestSuite1648100878643.groovy:36)
)

2022-03-24 12:50:23 - [TEST_STEP][FAILED] - verifyElementPropertyValue(order, "GetDataOrderResponse.ListDataOrder[0].InsuranceData[3].PerluasanJaminan.Accessories", o_acc_val_3, CONTINUE_ON_FAILURE): Unable to verify element property value (Root cause: java.lang.NullPointerException: Cannot get property 'PerluasanJaminan' on null object
	at Script1.run(Script1.groovy:1)
	at com.kms.katalon.core.webservice.helper.WebServiceCommonHelper.parseAndGetPropertyValueForJson(WebServiceCommonHelper.java:213)
	at com.kms.katalon.core.webservice.keyword.builtin.VerifyElementPropertyValueKeyword$_verifyElementPropertyValue_closure1.doCall(VerifyElementPropertyValueKeyword.groovy:52)
	at com.kms.katalon.core.webservice.keyword.builtin.VerifyElementPropertyValueKeyword$_verifyElementPropertyValue_closure1.call(VerifyElementPropertyValueKeyword.groovy)
	at com.kms.katalon.core.keyword.internal.KeywordMain.runKeyword(KeywordMain.groovy:74)
	at com.kms.katalon.core.webservice.keyword.builtin.VerifyElementPropertyValueKeyword.verifyElementPropertyValue(VerifyElementPropertyValueKeyword.groovy:48)
	at com.kms.katalon.core.webservice.keyword.builtin.VerifyElementPropertyValueKeyword.execute(VerifyElementPropertyValueKeyword.groovy:43)
	at com.kms.katalon.core.keyword.internal.KeywordExecutor.executeKeywordForPlatform(KeywordExecutor.groovy:74)
	at com.kms.katalon.core.webservice.keyword.WSBuiltInKeywords.verifyElementPropertyValue(WSBuiltInKeywords.groovy:175)
	at com.kms.katalon.core.webservice.keyword.WSBuiltInKeywords$verifyElementPropertyValue$0.call(Unknown Source)
	at 1. get token - data order.run(1. get token - data order:582)
	at com.kms.katalon.core.main.ScriptEngine.run(ScriptEngine.java:194)
	at com.kms.katalon.core.main.ScriptEngine.runScriptAsRawText(ScriptEngine.java:119)
	at com.kms.katalon.core.main.TestCaseExecutor.runScript(TestCaseExecutor.java:442)
	at com.kms.katalon.core.main.TestCaseExecutor.doExecute(TestCaseExecutor.java:433)
	at com.kms.katalon.core.main.TestCaseExecutor.processExecutionPhase(TestCaseExecutor.java:412)
	at com.kms.katalon.core.main.TestCaseExecutor.accessMainPhase(TestCaseExecutor.java:404)
	at com.kms.katalon.core.main.TestCaseExecutor.execute(TestCaseExecutor.java:281)
	at com.kms.katalon.core.main.TestSuiteExecutor.accessTestCaseMainPhase(TestSuiteExecutor.java:202)
	at com.kms.katalon.core.main.TestSuiteExecutor.accessTestSuiteMainPhase(TestSuiteExecutor.java:164)
	at com.kms.katalon.core.main.TestSuiteExecutor.execute(TestSuiteExecutor.java:105)
	at com.kms.katalon.core.main.TestCaseMain.startTestSuite(TestCaseMain.java:181)
	at com.kms.katalon.core.main.TestCaseMain$startTestSuite$0.call(Unknown Source)
	at TempTestSuite1648100878643.run(TempTestSuite1648100878643.groovy:36)
)

2022-03-24 12:50:23 - [MESSAGE][FAILED] - Unable to verify element property value (Root cause: java.lang.NullPointerException: Cannot get property 'PerluasanJaminan' on null object
	at Script1.run(Script1.groovy:1)
	at com.kms.katalon.core.webservice.helper.WebServiceCommonHelper.parseAndGetPropertyValueForJson(WebServiceCommonHelper.java:213)
	at com.kms.katalon.core.webservice.keyword.builtin.VerifyElementPropertyValueKeyword$_verifyElementPropertyValue_closure1.doCall(VerifyElementPropertyValueKeyword.groovy:52)
	at com.kms.katalon.core.webservice.keyword.builtin.VerifyElementPropertyValueKeyword$_verifyElementPropertyValue_closure1.call(VerifyElementPropertyValueKeyword.groovy)
	at com.kms.katalon.core.keyword.internal.KeywordMain.runKeyword(KeywordMain.groovy:74)
	at com.kms.katalon.core.webservice.keyword.builtin.VerifyElementPropertyValueKeyword.verifyElementPropertyValue(VerifyElementPropertyValueKeyword.groovy:48)
	at com.kms.katalon.core.webservice.keyword.builtin.VerifyElementPropertyValueKeyword.execute(VerifyElementPropertyValueKeyword.groovy:43)
	at com.kms.katalon.core.keyword.internal.KeywordExecutor.executeKeywordForPlatform(KeywordExecutor.groovy:74)
	at com.kms.katalon.core.webservice.keyword.WSBuiltInKeywords.verifyElementPropertyValue(WSBuiltInKeywords.groovy:175)
	at com.kms.katalon.core.webservice.keyword.WSBuiltInKeywords$verifyElementPropertyValue$0.call(Unknown Source)
	at 1. get token - data order.run(1. get token - data order:582)
	at com.kms.katalon.core.main.ScriptEngine.run(ScriptEngine.java:194)
	at com.kms.katalon.core.main.ScriptEngine.runScriptAsRawText(ScriptEngine.java:119)
	at com.kms.katalon.core.main.TestCaseExecutor.runScript(TestCaseExecutor.java:442)
	at com.kms.katalon.core.main.TestCaseExecutor.doExecute(TestCaseExecutor.java:433)
	at com.kms.katalon.core.main.TestCaseExecutor.processExecutionPhase(TestCaseExecutor.java:412)
	at com.kms.katalon.core.main.TestCaseExecutor.accessMainPhase(TestCaseExecutor.java:404)
	at com.kms.katalon.core.main.TestCaseExecutor.execute(TestCaseExecutor.java:281)
	at com.kms.katalon.core.main.TestSuiteExecutor.accessTestCaseMainPhase(TestSuiteExecutor.java:202)
	at com.kms.katalon.core.main.TestSuiteExecutor.accessTestSuiteMainPhase(TestSuiteExecutor.java:164)
	at com.kms.katalon.core.main.TestSuiteExecutor.execute(TestSuiteExecutor.java:105)
	at com.kms.katalon.core.main.TestCaseMain.startTestSuite(TestCaseMain.java:181)
	at com.kms.katalon.core.main.TestCaseMain$startTestSuite$0.call(Unknown Source)
	at TempTestSuite1648100878643.run(TempTestSuite1648100878643.groovy:36)
)

2022-03-24 12:50:23 - [TEST_STEP][PASSED] - break: null]]></system-out>
         <system-err><![CDATA[2022-03-24 12:50:14 - [TEST_CASE][FAILED] - Test Cases/1. get token - data order: Test Cases/1. get token - data order FAILED.
Reason:
com.kms.katalon.core.exception.StepFailedException: Expected element property value '9430010721' is not equal with actual property value '1154000993'
	at com.kms.katalon.core.keyword.internal.KeywordMain.stepFailed(KeywordMain.groovy:39)
	at com.kms.katalon.core.webservice.keyword.builtin.VerifyElementPropertyValueKeyword$_verifyElementPropertyValue_closure1.doCall(VerifyElementPropertyValueKeyword.groovy:56)
	at com.kms.katalon.core.webservice.keyword.builtin.VerifyElementPropertyValueKeyword$_verifyElementPropertyValue_closure1.call(VerifyElementPropertyValueKeyword.groovy)
	at com.kms.katalon.core.keyword.internal.KeywordMain.runKeyword(KeywordMain.groovy:74)
	at com.kms.katalon.core.webservice.keyword.builtin.VerifyElementPropertyValueKeyword.verifyElementPropertyValue(VerifyElementPropertyValueKeyword.groovy:48)
	at com.kms.katalon.core.webservice.keyword.builtin.VerifyElementPropertyValueKeyword.execute(VerifyElementPropertyValueKeyword.groovy:43)
	at com.kms.katalon.core.keyword.internal.KeywordExecutor.executeKeywordForPlatform(KeywordExecutor.groovy:74)
	at com.kms.katalon.core.webservice.keyword.WSBuiltInKeywords.verifyElementPropertyValue(WSBuiltInKeywords.groovy:175)
	at com.kms.katalon.core.webservice.keyword.WSBuiltInKeywords$verifyElementPropertyValue$0.call(Unknown Source)
	at 1. get token - data order.run(1. get token - data order:54)
	at com.kms.katalon.core.main.ScriptEngine.run(ScriptEngine.java:194)
	at com.kms.katalon.core.main.ScriptEngine.runScriptAsRawText(ScriptEngine.java:119)
	at com.kms.katalon.core.main.TestCaseExecutor.runScript(TestCaseExecutor.java:442)
	at com.kms.katalon.core.main.TestCaseExecutor.doExecute(TestCaseExecutor.java:433)
	at com.kms.katalon.core.main.TestCaseExecutor.processExecutionPhase(TestCaseExecutor.java:412)
	at com.kms.katalon.core.main.TestCaseExecutor.accessMainPhase(TestCaseExecutor.java:404)
	at com.kms.katalon.core.main.TestCaseExecutor.execute(TestCaseExecutor.java:281)
	at com.kms.katalon.core.main.TestSuiteExecutor.accessTestCaseMainPhase(TestSuiteExecutor.java:202)
	at com.kms.katalon.core.main.TestSuiteExecutor.accessTestSuiteMainPhase(TestSuiteExecutor.java:164)
	at com.kms.katalon.core.main.TestSuiteExecutor.execute(TestSuiteExecutor.java:105)
	at com.kms.katalon.core.main.TestCaseMain.startTestSuite(TestCaseMain.java:181)
	at com.kms.katalon.core.main.TestCaseMain$startTestSuite$0.call(Unknown Source)
	at TempTestSuite1648100878643.run(TempTestSuite1648100878643.groovy:36)]]></system-err>
      </testcase>
      <testcase name="Test Cases/1. get token - data order" time="9.491" classname="Test Cases/1. get token - data order" status="FAILED">
         <failure type="FAILED" message="Test Cases/1. get token - data order FAILED.
Reason:
com.kms.katalon.core.exception.StepFailedException: Expected element property value '9446009985' is not equal with actual property value '1154000993'
	at com.kms.katalon.core.keyword.internal.KeywordMain.stepFailed(KeywordMain.groovy:39)
	at com.kms.katalon.core.webservice.keyword.builtin.VerifyElementPropertyValueKeyword$_verifyElementPropertyValue_closure1.doCall(VerifyElementPropertyValueKeyword.groovy:56)
	at com.kms.katalon.core.webservice.keyword.builtin.VerifyElementPropertyValueKeyword$_verifyElementPropertyValue_closure1.call(VerifyElementPropertyValueKeyword.groovy)
	at com.kms.katalon.core.keyword.internal.KeywordMain.runKeyword(KeywordMain.groovy:74)
	at com.kms.katalon.core.webservice.keyword.builtin.VerifyElementPropertyValueKeyword.verifyElementPropertyValue(VerifyElementPropertyValueKeyword.groovy:48)
	at com.kms.katalon.core.webservice.keyword.builtin.VerifyElementPropertyValueKeyword.execute(VerifyElementPropertyValueKeyword.groovy:43)
	at com.kms.katalon.core.keyword.internal.KeywordExecutor.executeKeywordForPlatform(KeywordExecutor.groovy:74)
	at com.kms.katalon.core.webservice.keyword.WSBuiltInKeywords.verifyElementPropertyValue(WSBuiltInKeywords.groovy:175)
	at com.kms.katalon.core.webservice.keyword.WSBuiltInKeywords$verifyElementPropertyValue$0.call(Unknown Source)
	at 1. get token - data order.run(1. get token - data order:54)
	at com.kms.katalon.core.main.ScriptEngine.run(ScriptEngine.java:194)
	at com.kms.katalon.core.main.ScriptEngine.runScriptAsRawText(ScriptEngine.java:119)
	at com.kms.katalon.core.main.TestCaseExecutor.runScript(TestCaseExecutor.java:442)
	at com.kms.katalon.core.main.TestCaseExecutor.doExecute(TestCaseExecutor.java:433)
	at com.kms.katalon.core.main.TestCaseExecutor.processExecutionPhase(TestCaseExecutor.java:412)
	at com.kms.katalon.core.main.TestCaseExecutor.accessMainPhase(TestCaseExecutor.java:404)
	at com.kms.katalon.core.main.TestCaseExecutor.execute(TestCaseExecutor.java:281)
	at com.kms.katalon.core.main.TestSuiteExecutor.accessTestCaseMainPhase(TestSuiteExecutor.java:202)
	at com.kms.katalon.core.main.TestSuiteExecutor.accessTestSuiteMainPhase(TestSuiteExecutor.java:164)
	at com.kms.katalon.core.main.TestSuiteExecutor.execute(TestSuiteExecutor.java:105)
	at com.kms.katalon.core.main.TestCaseMain.startTestSuite(TestCaseMain.java:181)
	at com.kms.katalon.core.main.TestCaseMain$startTestSuite$0.call(Unknown Source)
	at TempTestSuite1648100878643.run(TempTestSuite1648100878643.groovy:36)
"/>
         <system-out><![CDATA[2022-03-24 12:50:24 - [TEST_CASE][FAILED] - Test Cases/1. get token - data order: Test Cases/1. get token - data order FAILED.
Reason:
com.kms.katalon.core.exception.StepFailedException: Expected element property value '9446009985' is not equal with actual property value '1154000993'
	at com.kms.katalon.core.keyword.internal.KeywordMain.stepFailed(KeywordMain.groovy:39)
	at com.kms.katalon.core.webservice.keyword.builtin.VerifyElementPropertyValueKeyword$_verifyElementPropertyValue_closure1.doCall(VerifyElementPropertyValueKeyword.groovy:56)
	at com.kms.katalon.core.webservice.keyword.builtin.VerifyElementPropertyValueKeyword$_verifyElementPropertyValue_closure1.call(VerifyElementPropertyValueKeyword.groovy)
	at com.kms.katalon.core.keyword.internal.KeywordMain.runKeyword(KeywordMain.groovy:74)
	at com.kms.katalon.core.webservice.keyword.builtin.VerifyElementPropertyValueKeyword.verifyElementPropertyValue(VerifyElementPropertyValueKeyword.groovy:48)
	at com.kms.katalon.core.webservice.keyword.builtin.VerifyElementPropertyValueKeyword.execute(VerifyElementPropertyValueKeyword.groovy:43)
	at com.kms.katalon.core.keyword.internal.KeywordExecutor.executeKeywordForPlatform(KeywordExecutor.groovy:74)
	at com.kms.katalon.core.webservice.keyword.WSBuiltInKeywords.verifyElementPropertyValue(WSBuiltInKeywords.groovy:175)
	at com.kms.katalon.core.webservice.keyword.WSBuiltInKeywords$verifyElementPropertyValue$0.call(Unknown Source)
	at 1. get token - data order.run(1. get token - data order:54)
	at com.kms.katalon.core.main.ScriptEngine.run(ScriptEngine.java:194)
	at com.kms.katalon.core.main.ScriptEngine.runScriptAsRawText(ScriptEngine.java:119)
	at com.kms.katalon.core.main.TestCaseExecutor.runScript(TestCaseExecutor.java:442)
	at com.kms.katalon.core.main.TestCaseExecutor.doExecute(TestCaseExecutor.java:433)
	at com.kms.katalon.core.main.TestCaseExecutor.processExecutionPhase(TestCaseExecutor.java:412)
	at com.kms.katalon.core.main.TestCaseExecutor.accessMainPhase(TestCaseExecutor.java:404)
	at com.kms.katalon.core.main.TestCaseExecutor.execute(TestCaseExecutor.java:281)
	at com.kms.katalon.core.main.TestSuiteExecutor.accessTestCaseMainPhase(TestSuiteExecutor.java:202)
	at com.kms.katalon.core.main.TestSuiteExecutor.accessTestSuiteMainPhase(TestSuiteExecutor.java:164)
	at com.kms.katalon.core.main.TestSuiteExecutor.execute(TestSuiteExecutor.java:105)
	at com.kms.katalon.core.main.TestCaseMain.startTestSuite(TestCaseMain.java:181)
	at com.kms.katalon.core.main.TestCaseMain$startTestSuite$0.call(Unknown Source)
	at TempTestSuite1648100878643.run(TempTestSuite1648100878643.groovy:36)


2022-03-24 12:50:25 - [TEST_STEP][PASSED] - token = sendRequest(findTestObject("1. Get-Token")): Send request successfully

2022-03-24 12:50:25 - [MESSAGE][INFO] - HAR: I:\app-testing\app-project\Order car insurance\order-car-insurance\Reports\20220324_124757\Get data order\20220324_124758\requests\main\33.har

2022-03-24 12:50:25 - [MESSAGE][PASSED] - Send request successfully

2022-03-24 12:50:25 - [TEST_STEP][PASSED] - slurper = new groovy.json.JsonSlurper(): null

2022-03-24 12:50:25 - [TEST_STEP][PASSED] - get_token = slurper.parseText(token.getResponseBodyContent()): null

2022-03-24 12:50:25 - [TEST_STEP][PASSED] - private_token = access_token: null

2022-03-24 12:50:25 - [TEST_STEP][PASSED] - global_token = private_token: null

2022-03-24 12:50:25 - [TEST_STEP][PASSED] - println("token is :" + global_token): null

2022-03-24 12:50:25 - [TEST_STEP][PASSED] - response_token = token.getResponseText(): null

2022-03-24 12:50:25 - [TEST_STEP][PASSED] - logInfo($response_token): 
            {
                "token_type": "BearerToken",
                "access_token": "asgcnkJ7bOioiqUjOaAvus6t1Pg8",
                "expires_in": "1799",
                "scope": ""
            }
        

2022-03-24 12:50:25 - [MESSAGE][INFO] - 
            {
                "token_type": "BearerToken",
                "access_token": "asgcnkJ7bOioiqUjOaAvus6t1Pg8",
                "expires_in": "1799",
                "scope": ""
            }
        

2022-03-24 12:50:25 - [TEST_STEP][PASSED] - order = sendRequest(findTestObject("3. Get-data-order", ["s_key":global_token, "c_id":c_id, "order_date":order_date, "page":page, "rows":rows])): Send request successfully

2022-03-24 12:50:29 - [MESSAGE][INFO] - HAR: I:\app-testing\app-project\Order car insurance\order-car-insurance\Reports\20220324_124757\Get data order\20220324_124758\requests\main\34.har

2022-03-24 12:50:29 - [MESSAGE][PASSED] - Send request successfully

2022-03-24 12:50:29 - [TEST_STEP][PASSED] - get_order = order.getResponseText(): null

2022-03-24 12:50:29 - [TEST_STEP][PASSED] - markPassed("data ke : " + no): data ke : 12

2022-03-24 12:50:29 - [MESSAGE][PASSED] - data ke : 12

2022-03-24 12:50:29 - [TEST_STEP][PASSED] - verifyElementPropertyValue(order, "GetDataOrderResponse.ListDataOrder[0].TipeOrder", o_tipeorder, CONTINUE_ON_FAILURE): Verify element property value successfully

2022-03-24 12:50:29 - [MESSAGE][PASSED] - Verify element property value successfully

2022-03-24 12:50:29 - [TEST_STEP][PASSED] - verifyElementPropertyValue(order, "GetDataOrderResponse.ListDataOrder[0].BatchID", o_batchid, CONTINUE_ON_FAILURE): Verify element property value successfully

2022-03-24 12:50:29 - [MESSAGE][PASSED] - Verify element property value successfully

2022-03-24 12:50:29 - [TEST_STEP][FAILED] - verifyElementPropertyValue(order, "GetDataOrderResponse.ListDataOrder[0].NoRek", o_norek, CONTINUE_ON_FAILURE): Expected element property value '9446009985' is not equal with actual property value '1154000993'

2022-03-24 12:50:29 - [MESSAGE][FAILED] - Expected element property value '9446009985' is not equal with actual property value '1154000993'

2022-03-24 12:50:29 - [TEST_STEP][PASSED] - verifyElementPropertyValue(order, "GetDataOrderResponse.ListDataOrder[0].NoPin", o_nopin, CONTINUE_ON_FAILURE): Verify element property value successfully

2022-03-24 12:50:29 - [MESSAGE][PASSED] - Verify element property value successfully

2022-03-24 12:50:29 - [TEST_STEP][PASSED] - verifyElementPropertyValue(order, "GetDataOrderResponse.ListDataOrder[0].CustName", o_custname, CONTINUE_ON_FAILURE): Verify element property value successfully

2022-03-24 12:50:29 - [MESSAGE][PASSED] - Verify element property value successfully

2022-03-24 12:50:29 - [TEST_STEP][FAILED] - verifyElementPropertyValue(order, "GetDataOrderResponse.ListDataOrder[0].Pemohon", o_pemohon, CONTINUE_ON_FAILURE): Expected element property value 'PT BCAF QQ BCA' is not equal with actual property value 'PT BCAF'

2022-03-24 12:50:29 - [MESSAGE][FAILED] - Expected element property value 'PT BCAF QQ BCA' is not equal with actual property value 'PT BCAF'

2022-03-24 12:50:29 - [TEST_STEP][FAILED] - verifyElementPropertyValue(order, "GetDataOrderResponse.ListDataOrder[0].HargaPembelian", o_otr, CONTINUE_ON_FAILURE): Expected element property value '302000000.00' is not equal with actual property value '360000000.00'

2022-03-24 12:50:30 - [MESSAGE][FAILED] - Expected element property value '302000000.00' is not equal with actual property value '360000000.00'

2022-03-24 12:50:30 - [TEST_STEP][FAILED] - verifyElementPropertyValue(order, "GetDataOrderResponse.ListDataOrder[0].Cabang", o_branchid, CONTINUE_ON_FAILURE): Expected element property value '9446' is not equal with actual property value '1154'

2022-03-24 12:50:30 - [MESSAGE][FAILED] - Expected element property value '9446' is not equal with actual property value '1154'

2022-03-24 12:50:30 - [TEST_STEP][FAILED] - verifyElementPropertyValue(order, "GetDataOrderResponse.ListDataOrder[0].MerkID", o_merk, CONTINUE_ON_FAILURE): Expected element property value 'HON' is not equal with actual property value 'TYT'

2022-03-24 12:50:30 - [MESSAGE][FAILED] - Expected element property value 'HON' is not equal with actual property value 'TYT'

2022-03-24 12:50:30 - [TEST_STEP][FAILED] - verifyElementPropertyValue(order, "GetDataOrderResponse.ListDataOrder[0].TypeMobil", o_type, CONTINUE_ON_FAILURE): Expected element property value 'ALL NEW CITY HATCHBACK RS CVT' is not equal with actual property value 'INNOVA VENTURER 2.0 AT'

2022-03-24 12:50:30 - [MESSAGE][FAILED] - Expected element property value 'ALL NEW CITY HATCHBACK RS CVT' is not equal with actual property value 'INNOVA VENTURER 2.0 AT'

2022-03-24 12:50:30 - [TEST_STEP][PASSED] - verifyElementPropertyValue(order, "GetDataOrderResponse.ListDataOrder[0].JenisMobil", o_jenis, CONTINUE_ON_FAILURE): Verify element property value successfully

2022-03-24 12:50:30 - [MESSAGE][PASSED] - Verify element property value successfully

2022-03-24 12:50:30 - [TEST_STEP][FAILED] - verifyElementPropertyValue(order, "GetDataOrderResponse.ListDataOrder[0].TahunMobil", o_tahun, CONTINUE_ON_FAILURE): Expected element property value '2021' is not equal with actual property value '2017'

2022-03-24 12:50:30 - [MESSAGE][FAILED] - Expected element property value '2021' is not equal with actual property value '2017'

2022-03-24 12:50:30 - [TEST_STEP][FAILED] - verifyElementPropertyValue(order, "GetDataOrderResponse.ListDataOrder[0].Warna", o_warna, CONTINUE_ON_FAILURE): Expected element property value 'RALLYE RED' is not equal with actual property value 'PUTIH'

2022-03-24 12:50:30 - [MESSAGE][FAILED] - Expected element property value 'RALLYE RED' is not equal with actual property value 'PUTIH'

2022-03-24 12:50:30 - [TEST_STEP][FAILED] - verifyElementPropertyValue(order, "GetDataOrderResponse.ListDataOrder[0].NoRangka", o_norangka, CONTINUE_ON_FAILURE): Expected element property value 'MHRGN5880MJ206321' is not equal with actual property value 'MHFAW8EM4H0206354'

2022-03-24 12:50:30 - [MESSAGE][FAILED] - Expected element property value 'MHRGN5880MJ206321' is not equal with actual property value 'MHFAW8EM4H0206354'

2022-03-24 12:50:30 - [TEST_STEP][FAILED] - verifyElementPropertyValue(order, "GetDataOrderResponse.ListDataOrder[0].NoMesin", o_nomesin, CONTINUE_ON_FAILURE): Expected element property value 'L15ZF1007482' is not equal with actual property value '1TRA295932'

2022-03-24 12:50:30 - [MESSAGE][FAILED] - Expected element property value 'L15ZF1007482' is not equal with actual property value '1TRA295932'

2022-03-24 12:50:30 - [TEST_STEP][FAILED] - verifyElementPropertyValue(order, "GetDataOrderResponse.ListDataOrder[0].NoPolisi", o_nopol, CONTINUE_ON_FAILURE): Expected element property value '               ' is not equal with actual property value 'B 2726 BOM'

2022-03-24 12:50:30 - [MESSAGE][FAILED] - Expected element property value '               ' is not equal with actual property value 'B 2726 BOM'

2022-03-24 12:50:30 - [TEST_STEP][FAILED] - verifyElementPropertyValue(order, "GetDataOrderResponse.ListDataOrder[0].NamaBPKB", o_namabpkb, CONTINUE_ON_FAILURE): Expected element property value 'HENY NURAENI, SPD' is not equal with actual property value 'PT AUTORENT LANCAR S'

2022-03-24 12:50:30 - [MESSAGE][FAILED] - Expected element property value 'HENY NURAENI, SPD' is not equal with actual property value 'PT AUTORENT LANCAR S'

2022-03-24 12:50:30 - [TEST_STEP][FAILED] - verifyElementPropertyValue(order, "GetDataOrderResponse.ListDataOrder[0].KategoriMobil", o_kategori, CONTINUE_ON_FAILURE): Expected element property value '1 ' is not equal with actual property value '14'

2022-03-24 12:50:30 - [MESSAGE][FAILED] - Expected element property value '1 ' is not equal with actual property value '14'

2022-03-24 12:50:30 - [TEST_STEP][PASSED] - verifyElementPropertyValue(order, "GetDataOrderResponse.ListDataOrder[0].PenggunaanKendaraan", o_purpose, CONTINUE_ON_FAILURE): Verify element property value successfully

2022-03-24 12:50:30 - [MESSAGE][PASSED] - Verify element property value successfully

2022-03-24 12:50:30 - [TEST_STEP][FAILED] - verifyElementPropertyValue(order, "GetDataOrderResponse.ListDataOrder[0].Kondisi", o_kondisi, CONTINUE_ON_FAILURE): Expected element property value '1' is not equal with actual property value '2'

2022-03-24 12:50:30 - [MESSAGE][FAILED] - Expected element property value '1' is not equal with actual property value '2'

2022-03-24 12:50:30 - [TEST_STEP][PASSED] - verifyElementPropertyValue(order, "GetDataOrderResponse.ListDataOrder[0].Accessories1", o_acc1, CONTINUE_ON_FAILURE): Verify element property value successfully

2022-03-24 12:50:30 - [MESSAGE][PASSED] - Verify element property value successfully

2022-03-24 12:50:30 - [TEST_STEP][PASSED] - verifyElementPropertyValue(order, "GetDataOrderResponse.ListDataOrder[0].Accessories2", o_acc2, CONTINUE_ON_FAILURE): Verify element property value successfully

2022-03-24 12:50:30 - [MESSAGE][PASSED] - Verify element property value successfully

2022-03-24 12:50:30 - [TEST_STEP][PASSED] - verifyElementPropertyValue(order, "GetDataOrderResponse.ListDataOrder[0].Accessories3", o_acc3, CONTINUE_ON_FAILURE): Verify element property value successfully

2022-03-24 12:50:30 - [MESSAGE][PASSED] - Verify element property value successfully

2022-03-24 12:50:30 - [TEST_STEP][PASSED] - verifyElementPropertyValue(order, "GetDataOrderResponse.ListDataOrder[0].Accessories4", o_acc4, CONTINUE_ON_FAILURE): Verify element property value successfully

2022-03-24 12:50:30 - [MESSAGE][PASSED] - Verify element property value successfully

2022-03-24 12:50:30 - [TEST_STEP][PASSED] - verifyElementPropertyValue(order, "GetDataOrderResponse.ListDataOrder[0].Accessories5", o_acc5, CONTINUE_ON_FAILURE): Verify element property value successfully

2022-03-24 12:50:30 - [MESSAGE][PASSED] - Verify element property value successfully

2022-03-24 12:50:30 - [TEST_STEP][PASSED] - verifyElementPropertyValue(order, "GetDataOrderResponse.ListDataOrder[0].HargaAccessories1", o_harga_acc1, CONTINUE_ON_FAILURE): Verify element property value successfully

2022-03-24 12:50:30 - [MESSAGE][PASSED] - Verify element property value successfully

2022-03-24 12:50:30 - [TEST_STEP][PASSED] - verifyElementPropertyValue(order, "GetDataOrderResponse.ListDataOrder[0].HargaAccessories2", o_harga_acc2, CONTINUE_ON_FAILURE): Verify element property value successfully

2022-03-24 12:50:30 - [MESSAGE][PASSED] - Verify element property value successfully

2022-03-24 12:50:30 - [TEST_STEP][PASSED] - verifyElementPropertyValue(order, "GetDataOrderResponse.ListDataOrder[0].HargaAccessories3", o_harga_acc3, CONTINUE_ON_FAILURE): Verify element property value successfully

2022-03-24 12:50:30 - [MESSAGE][PASSED] - Verify element property value successfully

2022-03-24 12:50:30 - [TEST_STEP][PASSED] - verifyElementPropertyValue(order, "GetDataOrderResponse.ListDataOrder[0].HargaAccessories4", o_harga_acc4, CONTINUE_ON_FAILURE): Verify element property value successfully

2022-03-24 12:50:30 - [MESSAGE][PASSED] - Verify element property value successfully

2022-03-24 12:50:30 - [TEST_STEP][PASSED] - verifyElementPropertyValue(order, "GetDataOrderResponse.ListDataOrder[0].HargaAccessories5", o_harga_acc5, CONTINUE_ON_FAILURE): Verify element property value successfully

2022-03-24 12:50:30 - [MESSAGE][PASSED] - Verify element property value successfully

2022-03-24 12:50:30 - [TEST_STEP][PASSED] - verifyElementPropertyValue(order, "GetDataOrderResponse.ListDataOrder[0].OverKredit", o_overkredit, CONTINUE_ON_FAILURE): Verify element property value successfully

2022-03-24 12:50:30 - [MESSAGE][PASSED] - Verify element property value successfully

2022-03-24 12:50:30 - [TEST_STEP][PASSED] - verifyElementPropertyValue(order, "GetDataOrderResponse.ListDataOrder[0].Restructure", o_restructure, CONTINUE_ON_FAILURE): Verify element property value successfully

2022-03-24 12:50:30 - [MESSAGE][PASSED] - Verify element property value successfully

2022-03-24 12:50:30 - [TEST_STEP][PASSED] - verifyElementPropertyValue(order, "GetDataOrderResponse.ListDataOrder[0].NoPolisLama", o_nopol_lama, CONTINUE_ON_FAILURE): Verify element property value successfully

2022-03-24 12:50:30 - [MESSAGE][PASSED] - Verify element property value successfully

2022-03-24 12:50:30 - [TEST_STEP][PASSED] - verifyElementPropertyValue(order, "GetDataOrderResponse.ListDataOrder[0].MailAddress", o_mail_addr, CONTINUE_ON_FAILURE): Verify element property value successfully

2022-03-24 12:50:30 - [MESSAGE][PASSED] - Verify element property value successfully

2022-03-24 12:50:30 - [TEST_STEP][PASSED] - verifyElementPropertyValue(order, "GetDataOrderResponse.ListDataOrder[0].KabKodya", o_kab_kodya, CONTINUE_ON_FAILURE): Verify element property value successfully

2022-03-24 12:50:30 - [MESSAGE][PASSED] - Verify element property value successfully

2022-03-24 12:50:30 - [TEST_STEP][FAILED] - verifyElementPropertyValue(order, "GetDataOrderResponse.ListDataOrder[0].PostalCode", o_postal_code, CONTINUE_ON_FAILURE): Expected element property value '15570' is not equal with actual property value '12610'

2022-03-24 12:50:30 - [MESSAGE][FAILED] - Expected element property value '15570' is not equal with actual property value '12610'

2022-03-24 12:50:30 - [TEST_STEP][PASSED] - verifyElementPropertyValue(order, "GetDataOrderResponse.ListDataOrder[0].PaketMobil", o_packet, CONTINUE_ON_FAILURE): Verify element property value successfully

2022-03-24 12:50:30 - [MESSAGE][PASSED] - Verify element property value successfully

2022-03-24 12:50:30 - [TEST_STEP][PASSED] - verifyElementPropertyValue(order, "GetDataOrderResponse.ListDataOrder[0].CustType", o_cust_type, CONTINUE_ON_FAILURE): Verify element property value successfully

2022-03-24 12:50:30 - [MESSAGE][PASSED] - Verify element property value successfully

2022-03-24 12:50:30 - [TEST_STEP][FAILED] - verifyElementPropertyValue(order, "GetDataOrderResponse.ListDataOrder[0].IdentityNo", o_nik, CONTINUE_ON_FAILURE): Expected element property value 'SCRAMBLE' is not equal with actual property value '09.5307.120661.7004'

2022-03-24 12:50:30 - [MESSAGE][FAILED] - Expected element property value 'SCRAMBLE' is not equal with actual property value '09.5307.120661.7004'

2022-03-24 12:50:30 - [TEST_STEP][PASSED] - verifyElementPropertyValue(order, "GetDataOrderResponse.ListDataOrder[0].BirthPlace", o_birth_place, CONTINUE_ON_FAILURE): Verify element property value successfully

2022-03-24 12:50:30 - [MESSAGE][PASSED] - Verify element property value successfully

2022-03-24 12:50:30 - [TEST_STEP][FAILED] - verifyElementPropertyValue(order, "GetDataOrderResponse.ListDataOrder[0].BirthDate", o_birth_date, CONTINUE_ON_FAILURE): Expected element property value '20220212' is not equal with actual property value '19610612'

2022-03-24 12:50:30 - [MESSAGE][FAILED] - Expected element property value '20220212' is not equal with actual property value '19610612'

2022-03-24 12:50:30 - [TEST_STEP][FAILED] - verifyElementPropertyValue(order, "GetDataOrderResponse.ListDataOrder[0].Occupation", o_occp, CONTINUE_ON_FAILURE): Expected element property value 'Karyawan' is not equal with actual property value 'Wiraswasta'

2022-03-24 12:50:30 - [MESSAGE][FAILED] - Expected element property value 'Karyawan' is not equal with actual property value 'Wiraswasta'

2022-03-24 12:50:30 - [TEST_STEP][PASSED] - verifyElementPropertyValue(order, "GetDataOrderResponse.ListDataOrder[0].AlamatKTP", o_ktp_addr, CONTINUE_ON_FAILURE): Verify element property value successfully

2022-03-24 12:50:30 - [MESSAGE][PASSED] - Verify element property value successfully

2022-03-24 12:50:30 - [TEST_STEP][PASSED] - verifyElementPropertyValue(order, "GetDataOrderResponse.ListDataOrder[0].KelurahanKTP", o_ktp_kel, CONTINUE_ON_FAILURE): Verify element property value successfully

2022-03-24 12:50:30 - [MESSAGE][PASSED] - Verify element property value successfully

2022-03-24 12:50:30 - [TEST_STEP][PASSED] - verifyElementPropertyValue(order, "GetDataOrderResponse.ListDataOrder[0].KecamatanKTP", o_ktp_kec, CONTINUE_ON_FAILURE): Verify element property value successfully

2022-03-24 12:50:30 - [MESSAGE][PASSED] - Verify element property value successfully

2022-03-24 12:50:30 - [TEST_STEP][PASSED] - verifyElementPropertyValue(order, "GetDataOrderResponse.ListDataOrder[0].KabKodyaKTP", o_ktp_kabkodya, CONTINUE_ON_FAILURE): Verify element property value successfully

2022-03-24 12:50:31 - [MESSAGE][PASSED] - Verify element property value successfully

2022-03-24 12:50:31 - [TEST_STEP][PASSED] - verifyElementPropertyValue(order, "GetDataOrderResponse.ListDataOrder[0].ProvinsiKTP", o_ktp_prov, CONTINUE_ON_FAILURE): Verify element property value successfully

2022-03-24 12:50:31 - [MESSAGE][PASSED] - Verify element property value successfully

2022-03-24 12:50:31 - [TEST_STEP][FAILED] - verifyElementPropertyValue(order, "GetDataOrderResponse.ListDataOrder[0].PostalCodeKTP", o_ktp_postal_code, CONTINUE_ON_FAILURE): Expected element property value '15570' is not equal with actual property value '12610'

2022-03-24 12:50:31 - [MESSAGE][FAILED] - Expected element property value '15570' is not equal with actual property value '12610'

2022-03-24 12:50:31 - [TEST_STEP][FAILED] - verifyElementPropertyValue(order, "GetDataOrderResponse.ListDataOrder[0].DealerName", o_ktp_dealer_name, CONTINUE_ON_FAILURE): Expected element property value 'Pro Union Indo Jaya Modernland' is not equal with actual property value '21 Auto Cars'

2022-03-24 12:50:31 - [MESSAGE][FAILED] - Expected element property value 'Pro Union Indo Jaya Modernland' is not equal with actual property value '21 Auto Cars'

2022-03-24 12:50:31 - [TEST_STEP][FAILED] - switch (tenor): null

2022-03-24 12:50:31 - [TEST_STEP][FAILED] - case "5":: null

2022-03-24 12:50:31 - [TEST_STEP][PASSED] - order2 = sendRequest(findTestObject("3. Get-data-order", ["s_key":global_token, "c_id":c_id, "order_date":order_date, "page":page, "rows":rows])): Send request successfully

2022-03-24 12:50:32 - [MESSAGE][INFO] - HAR: I:\app-testing\app-project\Order car insurance\order-car-insurance\Reports\20220324_124757\Get data order\20220324_124758\requests\main\35.har

2022-03-24 12:50:32 - [MESSAGE][PASSED] - Send request successfully

2022-03-24 12:50:32 - [TEST_STEP][PASSED] - get_order2 = order.getResponseText(): null

2022-03-24 12:50:32 - [TEST_STEP][FAILED] - verifyElementPropertyValue(order, "GetDataOrderResponse.ListDataOrder[0].InsuranceData[0].KondisiPertanggungan", o_kond_pertanggungan_0, CONTINUE_ON_FAILURE): Expected element property value ' ' is not equal with actual property value ''

2022-03-24 12:50:32 - [MESSAGE][FAILED] - Expected element property value ' ' is not equal with actual property value ''

2022-03-24 12:50:32 - [TEST_STEP][PASSED] - verifyElementPropertyValue(order, "GetDataOrderResponse.ListDataOrder[0].InsuranceData[0].TJH", o_tjh_header_0, CONTINUE_ON_FAILURE): Verify element property value successfully

2022-03-24 12:50:32 - [MESSAGE][PASSED] - Verify element property value successfully

2022-03-24 12:50:32 - [TEST_STEP][FAILED] - verifyElementPropertyValue(order, "GetDataOrderResponse.ListDataOrder[0].InsuranceData[0].InsuredValue", o_ins_val_0, CONTINUE_ON_FAILURE): Expected element property value '302000000.00' is not equal with actual property value '360000000.00'

2022-03-24 12:50:32 - [MESSAGE][FAILED] - Expected element property value '302000000.00' is not equal with actual property value '360000000.00'

2022-03-24 12:50:32 - [TEST_STEP][PASSED] - verifyElementPropertyValue(order, "GetDataOrderResponse.ListDataOrder[0].InsuranceData[0].InsuredFrom", o_ins_form_0, CONTINUE_ON_FAILURE): Verify element property value successfully

2022-03-24 12:50:32 - [MESSAGE][PASSED] - Verify element property value successfully

2022-03-24 12:50:32 - [TEST_STEP][PASSED] - verifyElementPropertyValue(order, "GetDataOrderResponse.ListDataOrder[0].InsuranceData[0].InsuredTo", o_ins_to_0, CONTINUE_ON_FAILURE): Verify element property value successfully

2022-03-24 12:50:32 - [MESSAGE][PASSED] - Verify element property value successfully

2022-03-24 12:50:32 - [TEST_STEP][PASSED] - verifyElementPropertyValue(order, "GetDataOrderResponse.ListDataOrder[0].InsuranceData[0].Rate", o_rate_0, CONTINUE_ON_FAILURE): Verify element property value successfully

2022-03-24 12:50:32 - [MESSAGE][PASSED] - Verify element property value successfully

2022-03-24 12:50:32 - [TEST_STEP][FAILED] - verifyElementPropertyValue(order, "GetDataOrderResponse.ListDataOrder[0].InsuranceData[0].GrossPremi", o_gross_premi_0, CONTINUE_ON_FAILURE): Expected element property value '4585568.00' is not equal with actual property value '5466240.00'

2022-03-24 12:50:32 - [MESSAGE][FAILED] - Expected element property value '4585568.00' is not equal with actual property value '5466240.00'

2022-03-24 12:50:32 - [TEST_STEP][PASSED] - verifyElementPropertyValue(order, "GetDataOrderResponse.ListDataOrder[0].InsuranceData[0].Discount", o_discount_0, CONTINUE_ON_FAILURE): Verify element property value successfully

2022-03-24 12:50:32 - [MESSAGE][PASSED] - Verify element property value successfully

2022-03-24 12:50:32 - [TEST_STEP][PASSED] - verifyElementPropertyValue(order, "GetDataOrderResponse.ListDataOrder[0].InsuranceData[0].Adm", o_adm_0, CONTINUE_ON_FAILURE): Verify element property value successfully

2022-03-24 12:50:32 - [MESSAGE][PASSED] - Verify element property value successfully

2022-03-24 12:50:32 - [TEST_STEP][FAILED] - verifyElementPropertyValue(order, "GetDataOrderResponse.ListDataOrder[0].InsuranceData[0].NetPremi", o_netpremi_0, CONTINUE_ON_FAILURE): Expected element property value '4585568.00' is not equal with actual property value '5466240.00'

2022-03-24 12:50:32 - [MESSAGE][FAILED] - Expected element property value '4585568.00' is not equal with actual property value '5466240.00'

2022-03-24 12:50:32 - [TEST_STEP][PASSED] - verifyElementPropertyValue(order, "GetDataOrderResponse.ListDataOrder[0].InsuranceData[0].PerluasanJaminan.TJH", o_tjh_val_0, CONTINUE_ON_FAILURE): Verify element property value successfully

2022-03-24 12:50:32 - [MESSAGE][PASSED] - Verify element property value successfully

2022-03-24 12:50:32 - [TEST_STEP][PASSED] - verifyElementPropertyValue(order, "GetDataOrderResponse.ListDataOrder[0].InsuranceData[0].PerluasanJaminan.RSCC", o_rscc_val_0, CONTINUE_ON_FAILURE): Verify element property value successfully

2022-03-24 12:50:32 - [MESSAGE][PASSED] - Verify element property value successfully

2022-03-24 12:50:32 - [TEST_STEP][PASSED] - verifyElementPropertyValue(order, "GetDataOrderResponse.ListDataOrder[0].InsuranceData[0].PerluasanJaminan.Banjir", o_rsmb_val_0, CONTINUE_ON_FAILURE): Verify element property value successfully

2022-03-24 12:50:32 - [MESSAGE][PASSED] - Verify element property value successfully

2022-03-24 12:50:32 - [TEST_STEP][PASSED] - verifyElementPropertyValue(order, "GetDataOrderResponse.ListDataOrder[0].InsuranceData[0].PerluasanJaminan.Accessories", o_acc_val_0, CONTINUE_ON_FAILURE): Verify element property value successfully

2022-03-24 12:50:32 - [MESSAGE][PASSED] - Verify element property value successfully

2022-03-24 12:50:32 - [TEST_STEP][PASSED] - verifyElementPropertyValue(order, "GetDataOrderResponse.ListDataOrder[0].InsuranceData[1].KondisiPertanggungan", o_kond_pertanggungan_1, CONTINUE_ON_FAILURE): Verify element property value successfully

2022-03-24 12:50:32 - [MESSAGE][PASSED] - Verify element property value successfully

2022-03-24 12:50:32 - [TEST_STEP][PASSED] - verifyElementPropertyValue(order, "GetDataOrderResponse.ListDataOrder[0].InsuranceData[1].TJH", o_tjh_header_1, CONTINUE_ON_FAILURE): Verify element property value successfully

2022-03-24 12:50:32 - [MESSAGE][PASSED] - Verify element property value successfully

2022-03-24 12:50:32 - [TEST_STEP][FAILED] - verifyElementPropertyValue(order, "GetDataOrderResponse.ListDataOrder[0].InsuranceData[1].InsuredValue", o_ins_val_1, CONTINUE_ON_FAILURE): Expected element property value '302000000.00' is not equal with actual property value '360000000.00'

2022-03-24 12:50:32 - [MESSAGE][FAILED] - Expected element property value '302000000.00' is not equal with actual property value '360000000.00'

2022-03-24 12:50:32 - [TEST_STEP][PASSED] - verifyElementPropertyValue(order, "GetDataOrderResponse.ListDataOrder[0].InsuranceData[1].InsuredFrom", o_ins_form_1, CONTINUE_ON_FAILURE): Verify element property value successfully

2022-03-24 12:50:32 - [MESSAGE][PASSED] - Verify element property value successfully

2022-03-24 12:50:32 - [TEST_STEP][PASSED] - verifyElementPropertyValue(order, "GetDataOrderResponse.ListDataOrder[0].InsuranceData[1].InsuredTo", o_ins_to_1, CONTINUE_ON_FAILURE): Verify element property value successfully

2022-03-24 12:50:32 - [MESSAGE][PASSED] - Verify element property value successfully

2022-03-24 12:50:32 - [TEST_STEP][PASSED] - verifyElementPropertyValue(order, "GetDataOrderResponse.ListDataOrder[0].InsuranceData[1].Rate", o_rate_1, CONTINUE_ON_FAILURE): Verify element property value successfully

2022-03-24 12:50:32 - [MESSAGE][PASSED] - Verify element property value successfully

2022-03-24 12:50:32 - [TEST_STEP][FAILED] - verifyElementPropertyValue(order, "GetDataOrderResponse.ListDataOrder[0].InsuranceData[1].GrossPremi", o_gross_premi_1, CONTINUE_ON_FAILURE): Expected element property value '4585568.00' is not equal with actual property value '998640.00'

2022-03-24 12:50:32 - [MESSAGE][FAILED] - Expected element property value '4585568.00' is not equal with actual property value '998640.00'

2022-03-24 12:50:32 - [TEST_STEP][PASSED] - verifyElementPropertyValue(order, "GetDataOrderResponse.ListDataOrder[0].InsuranceData[1].Discount", o_discount_1, CONTINUE_ON_FAILURE): Verify element property value successfully

2022-03-24 12:50:33 - [MESSAGE][PASSED] - Verify element property value successfully

2022-03-24 12:50:33 - [TEST_STEP][PASSED] - verifyElementPropertyValue(order, "GetDataOrderResponse.ListDataOrder[0].InsuranceData[1].Adm", o_adm_1, CONTINUE_ON_FAILURE): Verify element property value successfully

2022-03-24 12:50:33 - [MESSAGE][PASSED] - Verify element property value successfully

2022-03-24 12:50:33 - [TEST_STEP][FAILED] - verifyElementPropertyValue(order, "GetDataOrderResponse.ListDataOrder[0].InsuranceData[1].NetPremi", o_netpremi_1, CONTINUE_ON_FAILURE): Expected element property value '837748.00' is not equal with actual property value '998640.00'

2022-03-24 12:50:33 - [MESSAGE][FAILED] - Expected element property value '837748.00' is not equal with actual property value '998640.00'

2022-03-24 12:50:33 - [TEST_STEP][PASSED] - verifyElementPropertyValue(order, "GetDataOrderResponse.ListDataOrder[0].InsuranceData[1].PerluasanJaminan.TJH", o_tjh_val_1, CONTINUE_ON_FAILURE): Verify element property value successfully

2022-03-24 12:50:33 - [MESSAGE][PASSED] - Verify element property value successfully

2022-03-24 12:50:33 - [TEST_STEP][PASSED] - verifyElementPropertyValue(order, "GetDataOrderResponse.ListDataOrder[0].InsuranceData[1].PerluasanJaminan.RSCC", o_rscc_val_1, CONTINUE_ON_FAILURE): Verify element property value successfully

2022-03-24 12:50:33 - [MESSAGE][PASSED] - Verify element property value successfully

2022-03-24 12:50:33 - [TEST_STEP][PASSED] - verifyElementPropertyValue(order, "GetDataOrderResponse.ListDataOrder[0].InsuranceData[1].PerluasanJaminan.Banjir", o_rsmb_val_1, CONTINUE_ON_FAILURE): Verify element property value successfully

2022-03-24 12:50:33 - [MESSAGE][PASSED] - Verify element property value successfully

2022-03-24 12:50:33 - [TEST_STEP][PASSED] - verifyElementPropertyValue(order, "GetDataOrderResponse.ListDataOrder[0].InsuranceData[1].PerluasanJaminan.Accessories", o_acc_val_1, CONTINUE_ON_FAILURE): Verify element property value successfully

2022-03-24 12:50:33 - [MESSAGE][PASSED] - Verify element property value successfully

2022-03-24 12:50:33 - [TEST_STEP][PASSED] - verifyElementPropertyValue(order, "GetDataOrderResponse.ListDataOrder[0].InsuranceData[2].KondisiPertanggungan", o_kond_pertanggungan_2, CONTINUE_ON_FAILURE): Verify element property value successfully

2022-03-24 12:50:33 - [MESSAGE][PASSED] - Verify element property value successfully

2022-03-24 12:50:33 - [TEST_STEP][PASSED] - verifyElementPropertyValue(order, "GetDataOrderResponse.ListDataOrder[0].InsuranceData[2].TJH", o_tjh_header_2, CONTINUE_ON_FAILURE): Verify element property value successfully

2022-03-24 12:50:33 - [MESSAGE][PASSED] - Verify element property value successfully

2022-03-24 12:50:33 - [TEST_STEP][FAILED] - verifyElementPropertyValue(order, "GetDataOrderResponse.ListDataOrder[0].InsuranceData[2].InsuredValue", o_ins_val_2, CONTINUE_ON_FAILURE): Expected element property value '302000000.00' is not equal with actual property value '360000000.00'

2022-03-24 12:50:33 - [MESSAGE][FAILED] - Expected element property value '302000000.00' is not equal with actual property value '360000000.00'

2022-03-24 12:50:33 - [TEST_STEP][PASSED] - verifyElementPropertyValue(order, "GetDataOrderResponse.ListDataOrder[0].InsuranceData[2].InsuredFrom", o_ins_form_2, CONTINUE_ON_FAILURE): Verify element property value successfully

2022-03-24 12:50:33 - [MESSAGE][PASSED] - Verify element property value successfully

2022-03-24 12:50:33 - [TEST_STEP][PASSED] - verifyElementPropertyValue(order, "GetDataOrderResponse.ListDataOrder[0].InsuranceData[2].InsuredTo", o_ins_to_2, CONTINUE_ON_FAILURE): Verify element property value successfully

2022-03-24 12:50:33 - [MESSAGE][PASSED] - Verify element property value successfully

2022-03-24 12:50:33 - [TEST_STEP][PASSED] - verifyElementPropertyValue(order, "GetDataOrderResponse.ListDataOrder[0].InsuranceData[2].Rate", o_rate_2, CONTINUE_ON_FAILURE): Verify element property value successfully

2022-03-24 12:50:33 - [MESSAGE][PASSED] - Verify element property value successfully

2022-03-24 12:50:33 - [TEST_STEP][FAILED] - verifyElementPropertyValue(order, "GetDataOrderResponse.ListDataOrder[0].InsuranceData[2].GrossPremi", o_gross_premi_2, CONTINUE_ON_FAILURE): Expected element property value '837748.00' is not equal with actual property value '998640.00'

2022-03-24 12:50:33 - [MESSAGE][FAILED] - Expected element property value '837748.00' is not equal with actual property value '998640.00'

2022-03-24 12:50:33 - [TEST_STEP][PASSED] - verifyElementPropertyValue(order, "GetDataOrderResponse.ListDataOrder[0].InsuranceData[2].Discount", o_discount_2, CONTINUE_ON_FAILURE): Verify element property value successfully

2022-03-24 12:50:33 - [MESSAGE][PASSED] - Verify element property value successfully

2022-03-24 12:50:33 - [TEST_STEP][PASSED] - verifyElementPropertyValue(order, "GetDataOrderResponse.ListDataOrder[0].InsuranceData[2].Adm", o_adm_2, CONTINUE_ON_FAILURE): Verify element property value successfully

2022-03-24 12:50:33 - [MESSAGE][PASSED] - Verify element property value successfully

2022-03-24 12:50:33 - [TEST_STEP][FAILED] - verifyElementPropertyValue(order, "GetDataOrderResponse.ListDataOrder[0].InsuranceData[2].NetPremi", o_netpremi_2, CONTINUE_ON_FAILURE): Expected element property value '837748.00' is not equal with actual property value '998640.00'

2022-03-24 12:50:33 - [MESSAGE][FAILED] - Expected element property value '837748.00' is not equal with actual property value '998640.00'

2022-03-24 12:50:33 - [TEST_STEP][PASSED] - verifyElementPropertyValue(order, "GetDataOrderResponse.ListDataOrder[0].InsuranceData[2].PerluasanJaminan.TJH", o_tjh_val_2, CONTINUE_ON_FAILURE): Verify element property value successfully

2022-03-24 12:50:33 - [MESSAGE][PASSED] - Verify element property value successfully

2022-03-24 12:50:33 - [TEST_STEP][PASSED] - verifyElementPropertyValue(order, "GetDataOrderResponse.ListDataOrder[0].InsuranceData[2].PerluasanJaminan.RSCC", o_rscc_val_2, CONTINUE_ON_FAILURE): Verify element property value successfully

2022-03-24 12:50:33 - [MESSAGE][PASSED] - Verify element property value successfully

2022-03-24 12:50:33 - [TEST_STEP][PASSED] - verifyElementPropertyValue(order, "GetDataOrderResponse.ListDataOrder[0].InsuranceData[2].PerluasanJaminan.Banjir", o_rsmb_val_2, CONTINUE_ON_FAILURE): Verify element property value successfully

2022-03-24 12:50:33 - [MESSAGE][PASSED] - Verify element property value successfully

2022-03-24 12:50:33 - [TEST_STEP][PASSED] - verifyElementPropertyValue(order, "GetDataOrderResponse.ListDataOrder[0].InsuranceData[2].PerluasanJaminan.Accessories", o_acc_val_2, CONTINUE_ON_FAILURE): Verify element property value successfully

2022-03-24 12:50:33 - [MESSAGE][PASSED] - Verify element property value successfully

2022-03-24 12:50:33 - [TEST_STEP][FAILED] - verifyElementPropertyValue(order, "GetDataOrderResponse.ListDataOrder[0].InsuranceData[3].KondisiPertanggungan", o_kond_pertanggungan_3, CONTINUE_ON_FAILURE): Unable to verify element property value (Root cause: java.lang.NullPointerException: Cannot get property 'KondisiPertanggungan' on null object
	at Script1.run(Script1.groovy:1)
	at com.kms.katalon.core.webservice.helper.WebServiceCommonHelper.parseAndGetPropertyValueForJson(WebServiceCommonHelper.java:213)
	at com.kms.katalon.core.webservice.keyword.builtin.VerifyElementPropertyValueKeyword$_verifyElementPropertyValue_closure1.doCall(VerifyElementPropertyValueKeyword.groovy:52)
	at com.kms.katalon.core.webservice.keyword.builtin.VerifyElementPropertyValueKeyword$_verifyElementPropertyValue_closure1.call(VerifyElementPropertyValueKeyword.groovy)
	at com.kms.katalon.core.keyword.internal.KeywordMain.runKeyword(KeywordMain.groovy:74)
	at com.kms.katalon.core.webservice.keyword.builtin.VerifyElementPropertyValueKeyword.verifyElementPropertyValue(VerifyElementPropertyValueKeyword.groovy:48)
	at com.kms.katalon.core.webservice.keyword.builtin.VerifyElementPropertyValueKeyword.execute(VerifyElementPropertyValueKeyword.groovy:43)
	at com.kms.katalon.core.keyword.internal.KeywordExecutor.executeKeywordForPlatform(KeywordExecutor.groovy:74)
	at com.kms.katalon.core.webservice.keyword.WSBuiltInKeywords.verifyElementPropertyValue(WSBuiltInKeywords.groovy:175)
	at com.kms.katalon.core.webservice.keyword.WSBuiltInKeywords$verifyElementPropertyValue$0.call(Unknown Source)
	at 1. get token - data order.run(1. get token - data order:714)
	at com.kms.katalon.core.main.ScriptEngine.run(ScriptEngine.java:194)
	at com.kms.katalon.core.main.ScriptEngine.runScriptAsRawText(ScriptEngine.java:119)
	at com.kms.katalon.core.main.TestCaseExecutor.runScript(TestCaseExecutor.java:442)
	at com.kms.katalon.core.main.TestCaseExecutor.doExecute(TestCaseExecutor.java:433)
	at com.kms.katalon.core.main.TestCaseExecutor.processExecutionPhase(TestCaseExecutor.java:412)
	at com.kms.katalon.core.main.TestCaseExecutor.accessMainPhase(TestCaseExecutor.java:404)
	at com.kms.katalon.core.main.TestCaseExecutor.execute(TestCaseExecutor.java:281)
	at com.kms.katalon.core.main.TestSuiteExecutor.accessTestCaseMainPhase(TestSuiteExecutor.java:202)
	at com.kms.katalon.core.main.TestSuiteExecutor.accessTestSuiteMainPhase(TestSuiteExecutor.java:164)
	at com.kms.katalon.core.main.TestSuiteExecutor.execute(TestSuiteExecutor.java:105)
	at com.kms.katalon.core.main.TestCaseMain.startTestSuite(TestCaseMain.java:181)
	at com.kms.katalon.core.main.TestCaseMain$startTestSuite$0.call(Unknown Source)
	at TempTestSuite1648100878643.run(TempTestSuite1648100878643.groovy:36)
)

2022-03-24 12:50:33 - [MESSAGE][FAILED] - Unable to verify element property value (Root cause: java.lang.NullPointerException: Cannot get property 'KondisiPertanggungan' on null object
	at Script1.run(Script1.groovy:1)
	at com.kms.katalon.core.webservice.helper.WebServiceCommonHelper.parseAndGetPropertyValueForJson(WebServiceCommonHelper.java:213)
	at com.kms.katalon.core.webservice.keyword.builtin.VerifyElementPropertyValueKeyword$_verifyElementPropertyValue_closure1.doCall(VerifyElementPropertyValueKeyword.groovy:52)
	at com.kms.katalon.core.webservice.keyword.builtin.VerifyElementPropertyValueKeyword$_verifyElementPropertyValue_closure1.call(VerifyElementPropertyValueKeyword.groovy)
	at com.kms.katalon.core.keyword.internal.KeywordMain.runKeyword(KeywordMain.groovy:74)
	at com.kms.katalon.core.webservice.keyword.builtin.VerifyElementPropertyValueKeyword.verifyElementPropertyValue(VerifyElementPropertyValueKeyword.groovy:48)
	at com.kms.katalon.core.webservice.keyword.builtin.VerifyElementPropertyValueKeyword.execute(VerifyElementPropertyValueKeyword.groovy:43)
	at com.kms.katalon.core.keyword.internal.KeywordExecutor.executeKeywordForPlatform(KeywordExecutor.groovy:74)
	at com.kms.katalon.core.webservice.keyword.WSBuiltInKeywords.verifyElementPropertyValue(WSBuiltInKeywords.groovy:175)
	at com.kms.katalon.core.webservice.keyword.WSBuiltInKeywords$verifyElementPropertyValue$0.call(Unknown Source)
	at 1. get token - data order.run(1. get token - data order:714)
	at com.kms.katalon.core.main.ScriptEngine.run(ScriptEngine.java:194)
	at com.kms.katalon.core.main.ScriptEngine.runScriptAsRawText(ScriptEngine.java:119)
	at com.kms.katalon.core.main.TestCaseExecutor.runScript(TestCaseExecutor.java:442)
	at com.kms.katalon.core.main.TestCaseExecutor.doExecute(TestCaseExecutor.java:433)
	at com.kms.katalon.core.main.TestCaseExecutor.processExecutionPhase(TestCaseExecutor.java:412)
	at com.kms.katalon.core.main.TestCaseExecutor.accessMainPhase(TestCaseExecutor.java:404)
	at com.kms.katalon.core.main.TestCaseExecutor.execute(TestCaseExecutor.java:281)
	at com.kms.katalon.core.main.TestSuiteExecutor.accessTestCaseMainPhase(TestSuiteExecutor.java:202)
	at com.kms.katalon.core.main.TestSuiteExecutor.accessTestSuiteMainPhase(TestSuiteExecutor.java:164)
	at com.kms.katalon.core.main.TestSuiteExecutor.execute(TestSuiteExecutor.java:105)
	at com.kms.katalon.core.main.TestCaseMain.startTestSuite(TestCaseMain.java:181)
	at com.kms.katalon.core.main.TestCaseMain$startTestSuite$0.call(Unknown Source)
	at TempTestSuite1648100878643.run(TempTestSuite1648100878643.groovy:36)
)

2022-03-24 12:50:33 - [TEST_STEP][FAILED] - verifyElementPropertyValue(order, "GetDataOrderResponse.ListDataOrder[0].InsuranceData[3].TJH", o_tjh_header_3, CONTINUE_ON_FAILURE): Unable to verify element property value (Root cause: java.lang.NullPointerException: Cannot get property 'TJH' on null object
	at Script1.run(Script1.groovy:1)
	at com.kms.katalon.core.webservice.helper.WebServiceCommonHelper.parseAndGetPropertyValueForJson(WebServiceCommonHelper.java:213)
	at com.kms.katalon.core.webservice.keyword.builtin.VerifyElementPropertyValueKeyword$_verifyElementPropertyValue_closure1.doCall(VerifyElementPropertyValueKeyword.groovy:52)
	at com.kms.katalon.core.webservice.keyword.builtin.VerifyElementPropertyValueKeyword$_verifyElementPropertyValue_closure1.call(VerifyElementPropertyValueKeyword.groovy)
	at com.kms.katalon.core.keyword.internal.KeywordMain.runKeyword(KeywordMain.groovy:74)
	at com.kms.katalon.core.webservice.keyword.builtin.VerifyElementPropertyValueKeyword.verifyElementPropertyValue(VerifyElementPropertyValueKeyword.groovy:48)
	at com.kms.katalon.core.webservice.keyword.builtin.VerifyElementPropertyValueKeyword.execute(VerifyElementPropertyValueKeyword.groovy:43)
	at com.kms.katalon.core.keyword.internal.KeywordExecutor.executeKeywordForPlatform(KeywordExecutor.groovy:74)
	at com.kms.katalon.core.webservice.keyword.WSBuiltInKeywords.verifyElementPropertyValue(WSBuiltInKeywords.groovy:175)
	at com.kms.katalon.core.webservice.keyword.WSBuiltInKeywords$verifyElementPropertyValue$0.call(Unknown Source)
	at 1. get token - data order.run(1. get token - data order:717)
	at com.kms.katalon.core.main.ScriptEngine.run(ScriptEngine.java:194)
	at com.kms.katalon.core.main.ScriptEngine.runScriptAsRawText(ScriptEngine.java:119)
	at com.kms.katalon.core.main.TestCaseExecutor.runScript(TestCaseExecutor.java:442)
	at com.kms.katalon.core.main.TestCaseExecutor.doExecute(TestCaseExecutor.java:433)
	at com.kms.katalon.core.main.TestCaseExecutor.processExecutionPhase(TestCaseExecutor.java:412)
	at com.kms.katalon.core.main.TestCaseExecutor.accessMainPhase(TestCaseExecutor.java:404)
	at com.kms.katalon.core.main.TestCaseExecutor.execute(TestCaseExecutor.java:281)
	at com.kms.katalon.core.main.TestSuiteExecutor.accessTestCaseMainPhase(TestSuiteExecutor.java:202)
	at com.kms.katalon.core.main.TestSuiteExecutor.accessTestSuiteMainPhase(TestSuiteExecutor.java:164)
	at com.kms.katalon.core.main.TestSuiteExecutor.execute(TestSuiteExecutor.java:105)
	at com.kms.katalon.core.main.TestCaseMain.startTestSuite(TestCaseMain.java:181)
	at com.kms.katalon.core.main.TestCaseMain$startTestSuite$0.call(Unknown Source)
	at TempTestSuite1648100878643.run(TempTestSuite1648100878643.groovy:36)
)

2022-03-24 12:50:33 - [MESSAGE][FAILED] - Unable to verify element property value (Root cause: java.lang.NullPointerException: Cannot get property 'TJH' on null object
	at Script1.run(Script1.groovy:1)
	at com.kms.katalon.core.webservice.helper.WebServiceCommonHelper.parseAndGetPropertyValueForJson(WebServiceCommonHelper.java:213)
	at com.kms.katalon.core.webservice.keyword.builtin.VerifyElementPropertyValueKeyword$_verifyElementPropertyValue_closure1.doCall(VerifyElementPropertyValueKeyword.groovy:52)
	at com.kms.katalon.core.webservice.keyword.builtin.VerifyElementPropertyValueKeyword$_verifyElementPropertyValue_closure1.call(VerifyElementPropertyValueKeyword.groovy)
	at com.kms.katalon.core.keyword.internal.KeywordMain.runKeyword(KeywordMain.groovy:74)
	at com.kms.katalon.core.webservice.keyword.builtin.VerifyElementPropertyValueKeyword.verifyElementPropertyValue(VerifyElementPropertyValueKeyword.groovy:48)
	at com.kms.katalon.core.webservice.keyword.builtin.VerifyElementPropertyValueKeyword.execute(VerifyElementPropertyValueKeyword.groovy:43)
	at com.kms.katalon.core.keyword.internal.KeywordExecutor.executeKeywordForPlatform(KeywordExecutor.groovy:74)
	at com.kms.katalon.core.webservice.keyword.WSBuiltInKeywords.verifyElementPropertyValue(WSBuiltInKeywords.groovy:175)
	at com.kms.katalon.core.webservice.keyword.WSBuiltInKeywords$verifyElementPropertyValue$0.call(Unknown Source)
	at 1. get token - data order.run(1. get token - data order:717)
	at com.kms.katalon.core.main.ScriptEngine.run(ScriptEngine.java:194)
	at com.kms.katalon.core.main.ScriptEngine.runScriptAsRawText(ScriptEngine.java:119)
	at com.kms.katalon.core.main.TestCaseExecutor.runScript(TestCaseExecutor.java:442)
	at com.kms.katalon.core.main.TestCaseExecutor.doExecute(TestCaseExecutor.java:433)
	at com.kms.katalon.core.main.TestCaseExecutor.processExecutionPhase(TestCaseExecutor.java:412)
	at com.kms.katalon.core.main.TestCaseExecutor.accessMainPhase(TestCaseExecutor.java:404)
	at com.kms.katalon.core.main.TestCaseExecutor.execute(TestCaseExecutor.java:281)
	at com.kms.katalon.core.main.TestSuiteExecutor.accessTestCaseMainPhase(TestSuiteExecutor.java:202)
	at com.kms.katalon.core.main.TestSuiteExecutor.accessTestSuiteMainPhase(TestSuiteExecutor.java:164)
	at com.kms.katalon.core.main.TestSuiteExecutor.execute(TestSuiteExecutor.java:105)
	at com.kms.katalon.core.main.TestCaseMain.startTestSuite(TestCaseMain.java:181)
	at com.kms.katalon.core.main.TestCaseMain$startTestSuite$0.call(Unknown Source)
	at TempTestSuite1648100878643.run(TempTestSuite1648100878643.groovy:36)
)

2022-03-24 12:50:33 - [TEST_STEP][FAILED] - verifyElementPropertyValue(order, "GetDataOrderResponse.ListDataOrder[0].InsuranceData[3].InsuredValue", o_ins_val_3, CONTINUE_ON_FAILURE): Unable to verify element property value (Root cause: java.lang.NullPointerException: Cannot get property 'InsuredValue' on null object
	at Script1.run(Script1.groovy:1)
	at com.kms.katalon.core.webservice.helper.WebServiceCommonHelper.parseAndGetPropertyValueForJson(WebServiceCommonHelper.java:213)
	at com.kms.katalon.core.webservice.keyword.builtin.VerifyElementPropertyValueKeyword$_verifyElementPropertyValue_closure1.doCall(VerifyElementPropertyValueKeyword.groovy:52)
	at com.kms.katalon.core.webservice.keyword.builtin.VerifyElementPropertyValueKeyword$_verifyElementPropertyValue_closure1.call(VerifyElementPropertyValueKeyword.groovy)
	at com.kms.katalon.core.keyword.internal.KeywordMain.runKeyword(KeywordMain.groovy:74)
	at com.kms.katalon.core.webservice.keyword.builtin.VerifyElementPropertyValueKeyword.verifyElementPropertyValue(VerifyElementPropertyValueKeyword.groovy:48)
	at com.kms.katalon.core.webservice.keyword.builtin.VerifyElementPropertyValueKeyword.execute(VerifyElementPropertyValueKeyword.groovy:43)
	at com.kms.katalon.core.keyword.internal.KeywordExecutor.executeKeywordForPlatform(KeywordExecutor.groovy:74)
	at com.kms.katalon.core.webservice.keyword.WSBuiltInKeywords.verifyElementPropertyValue(WSBuiltInKeywords.groovy:175)
	at com.kms.katalon.core.webservice.keyword.WSBuiltInKeywords$verifyElementPropertyValue$0.call(Unknown Source)
	at 1. get token - data order.run(1. get token - data order:719)
	at com.kms.katalon.core.main.ScriptEngine.run(ScriptEngine.java:194)
	at com.kms.katalon.core.main.ScriptEngine.runScriptAsRawText(ScriptEngine.java:119)
	at com.kms.katalon.core.main.TestCaseExecutor.runScript(TestCaseExecutor.java:442)
	at com.kms.katalon.core.main.TestCaseExecutor.doExecute(TestCaseExecutor.java:433)
	at com.kms.katalon.core.main.TestCaseExecutor.processExecutionPhase(TestCaseExecutor.java:412)
	at com.kms.katalon.core.main.TestCaseExecutor.accessMainPhase(TestCaseExecutor.java:404)
	at com.kms.katalon.core.main.TestCaseExecutor.execute(TestCaseExecutor.java:281)
	at com.kms.katalon.core.main.TestSuiteExecutor.accessTestCaseMainPhase(TestSuiteExecutor.java:202)
	at com.kms.katalon.core.main.TestSuiteExecutor.accessTestSuiteMainPhase(TestSuiteExecutor.java:164)
	at com.kms.katalon.core.main.TestSuiteExecutor.execute(TestSuiteExecutor.java:105)
	at com.kms.katalon.core.main.TestCaseMain.startTestSuite(TestCaseMain.java:181)
	at com.kms.katalon.core.main.TestCaseMain$startTestSuite$0.call(Unknown Source)
	at TempTestSuite1648100878643.run(TempTestSuite1648100878643.groovy:36)
)

2022-03-24 12:50:33 - [MESSAGE][FAILED] - Unable to verify element property value (Root cause: java.lang.NullPointerException: Cannot get property 'InsuredValue' on null object
	at Script1.run(Script1.groovy:1)
	at com.kms.katalon.core.webservice.helper.WebServiceCommonHelper.parseAndGetPropertyValueForJson(WebServiceCommonHelper.java:213)
	at com.kms.katalon.core.webservice.keyword.builtin.VerifyElementPropertyValueKeyword$_verifyElementPropertyValue_closure1.doCall(VerifyElementPropertyValueKeyword.groovy:52)
	at com.kms.katalon.core.webservice.keyword.builtin.VerifyElementPropertyValueKeyword$_verifyElementPropertyValue_closure1.call(VerifyElementPropertyValueKeyword.groovy)
	at com.kms.katalon.core.keyword.internal.KeywordMain.runKeyword(KeywordMain.groovy:74)
	at com.kms.katalon.core.webservice.keyword.builtin.VerifyElementPropertyValueKeyword.verifyElementPropertyValue(VerifyElementPropertyValueKeyword.groovy:48)
	at com.kms.katalon.core.webservice.keyword.builtin.VerifyElementPropertyValueKeyword.execute(VerifyElementPropertyValueKeyword.groovy:43)
	at com.kms.katalon.core.keyword.internal.KeywordExecutor.executeKeywordForPlatform(KeywordExecutor.groovy:74)
	at com.kms.katalon.core.webservice.keyword.WSBuiltInKeywords.verifyElementPropertyValue(WSBuiltInKeywords.groovy:175)
	at com.kms.katalon.core.webservice.keyword.WSBuiltInKeywords$verifyElementPropertyValue$0.call(Unknown Source)
	at 1. get token - data order.run(1. get token - data order:719)
	at com.kms.katalon.core.main.ScriptEngine.run(ScriptEngine.java:194)
	at com.kms.katalon.core.main.ScriptEngine.runScriptAsRawText(ScriptEngine.java:119)
	at com.kms.katalon.core.main.TestCaseExecutor.runScript(TestCaseExecutor.java:442)
	at com.kms.katalon.core.main.TestCaseExecutor.doExecute(TestCaseExecutor.java:433)
	at com.kms.katalon.core.main.TestCaseExecutor.processExecutionPhase(TestCaseExecutor.java:412)
	at com.kms.katalon.core.main.TestCaseExecutor.accessMainPhase(TestCaseExecutor.java:404)
	at com.kms.katalon.core.main.TestCaseExecutor.execute(TestCaseExecutor.java:281)
	at com.kms.katalon.core.main.TestSuiteExecutor.accessTestCaseMainPhase(TestSuiteExecutor.java:202)
	at com.kms.katalon.core.main.TestSuiteExecutor.accessTestSuiteMainPhase(TestSuiteExecutor.java:164)
	at com.kms.katalon.core.main.TestSuiteExecutor.execute(TestSuiteExecutor.java:105)
	at com.kms.katalon.core.main.TestCaseMain.startTestSuite(TestCaseMain.java:181)
	at com.kms.katalon.core.main.TestCaseMain$startTestSuite$0.call(Unknown Source)
	at TempTestSuite1648100878643.run(TempTestSuite1648100878643.groovy:36)
)

2022-03-24 12:50:33 - [TEST_STEP][FAILED] - verifyElementPropertyValue(order, "GetDataOrderResponse.ListDataOrder[0].InsuranceData[3].InsuredFrom", o_ins_form_3, CONTINUE_ON_FAILURE): Unable to verify element property value (Root cause: java.lang.NullPointerException: Cannot get property 'InsuredFrom' on null object
	at Script1.run(Script1.groovy:1)
	at com.kms.katalon.core.webservice.helper.WebServiceCommonHelper.parseAndGetPropertyValueForJson(WebServiceCommonHelper.java:213)
	at com.kms.katalon.core.webservice.keyword.builtin.VerifyElementPropertyValueKeyword$_verifyElementPropertyValue_closure1.doCall(VerifyElementPropertyValueKeyword.groovy:52)
	at com.kms.katalon.core.webservice.keyword.builtin.VerifyElementPropertyValueKeyword$_verifyElementPropertyValue_closure1.call(VerifyElementPropertyValueKeyword.groovy)
	at com.kms.katalon.core.keyword.internal.KeywordMain.runKeyword(KeywordMain.groovy:74)
	at com.kms.katalon.core.webservice.keyword.builtin.VerifyElementPropertyValueKeyword.verifyElementPropertyValue(VerifyElementPropertyValueKeyword.groovy:48)
	at com.kms.katalon.core.webservice.keyword.builtin.VerifyElementPropertyValueKeyword.execute(VerifyElementPropertyValueKeyword.groovy:43)
	at com.kms.katalon.core.keyword.internal.KeywordExecutor.executeKeywordForPlatform(KeywordExecutor.groovy:74)
	at com.kms.katalon.core.webservice.keyword.WSBuiltInKeywords.verifyElementPropertyValue(WSBuiltInKeywords.groovy:175)
	at com.kms.katalon.core.webservice.keyword.WSBuiltInKeywords$verifyElementPropertyValue$0.call(Unknown Source)
	at 1. get token - data order.run(1. get token - data order:722)
	at com.kms.katalon.core.main.ScriptEngine.run(ScriptEngine.java:194)
	at com.kms.katalon.core.main.ScriptEngine.runScriptAsRawText(ScriptEngine.java:119)
	at com.kms.katalon.core.main.TestCaseExecutor.runScript(TestCaseExecutor.java:442)
	at com.kms.katalon.core.main.TestCaseExecutor.doExecute(TestCaseExecutor.java:433)
	at com.kms.katalon.core.main.TestCaseExecutor.processExecutionPhase(TestCaseExecutor.java:412)
	at com.kms.katalon.core.main.TestCaseExecutor.accessMainPhase(TestCaseExecutor.java:404)
	at com.kms.katalon.core.main.TestCaseExecutor.execute(TestCaseExecutor.java:281)
	at com.kms.katalon.core.main.TestSuiteExecutor.accessTestCaseMainPhase(TestSuiteExecutor.java:202)
	at com.kms.katalon.core.main.TestSuiteExecutor.accessTestSuiteMainPhase(TestSuiteExecutor.java:164)
	at com.kms.katalon.core.main.TestSuiteExecutor.execute(TestSuiteExecutor.java:105)
	at com.kms.katalon.core.main.TestCaseMain.startTestSuite(TestCaseMain.java:181)
	at com.kms.katalon.core.main.TestCaseMain$startTestSuite$0.call(Unknown Source)
	at TempTestSuite1648100878643.run(TempTestSuite1648100878643.groovy:36)
)

2022-03-24 12:50:33 - [MESSAGE][FAILED] - Unable to verify element property value (Root cause: java.lang.NullPointerException: Cannot get property 'InsuredFrom' on null object
	at Script1.run(Script1.groovy:1)
	at com.kms.katalon.core.webservice.helper.WebServiceCommonHelper.parseAndGetPropertyValueForJson(WebServiceCommonHelper.java:213)
	at com.kms.katalon.core.webservice.keyword.builtin.VerifyElementPropertyValueKeyword$_verifyElementPropertyValue_closure1.doCall(VerifyElementPropertyValueKeyword.groovy:52)
	at com.kms.katalon.core.webservice.keyword.builtin.VerifyElementPropertyValueKeyword$_verifyElementPropertyValue_closure1.call(VerifyElementPropertyValueKeyword.groovy)
	at com.kms.katalon.core.keyword.internal.KeywordMain.runKeyword(KeywordMain.groovy:74)
	at com.kms.katalon.core.webservice.keyword.builtin.VerifyElementPropertyValueKeyword.verifyElementPropertyValue(VerifyElementPropertyValueKeyword.groovy:48)
	at com.kms.katalon.core.webservice.keyword.builtin.VerifyElementPropertyValueKeyword.execute(VerifyElementPropertyValueKeyword.groovy:43)
	at com.kms.katalon.core.keyword.internal.KeywordExecutor.executeKeywordForPlatform(KeywordExecutor.groovy:74)
	at com.kms.katalon.core.webservice.keyword.WSBuiltInKeywords.verifyElementPropertyValue(WSBuiltInKeywords.groovy:175)
	at com.kms.katalon.core.webservice.keyword.WSBuiltInKeywords$verifyElementPropertyValue$0.call(Unknown Source)
	at 1. get token - data order.run(1. get token - data order:722)
	at com.kms.katalon.core.main.ScriptEngine.run(ScriptEngine.java:194)
	at com.kms.katalon.core.main.ScriptEngine.runScriptAsRawText(ScriptEngine.java:119)
	at com.kms.katalon.core.main.TestCaseExecutor.runScript(TestCaseExecutor.java:442)
	at com.kms.katalon.core.main.TestCaseExecutor.doExecute(TestCaseExecutor.java:433)
	at com.kms.katalon.core.main.TestCaseExecutor.processExecutionPhase(TestCaseExecutor.java:412)
	at com.kms.katalon.core.main.TestCaseExecutor.accessMainPhase(TestCaseExecutor.java:404)
	at com.kms.katalon.core.main.TestCaseExecutor.execute(TestCaseExecutor.java:281)
	at com.kms.katalon.core.main.TestSuiteExecutor.accessTestCaseMainPhase(TestSuiteExecutor.java:202)
	at com.kms.katalon.core.main.TestSuiteExecutor.accessTestSuiteMainPhase(TestSuiteExecutor.java:164)
	at com.kms.katalon.core.main.TestSuiteExecutor.execute(TestSuiteExecutor.java:105)
	at com.kms.katalon.core.main.TestCaseMain.startTestSuite(TestCaseMain.java:181)
	at com.kms.katalon.core.main.TestCaseMain$startTestSuite$0.call(Unknown Source)
	at TempTestSuite1648100878643.run(TempTestSuite1648100878643.groovy:36)
)

2022-03-24 12:50:33 - [TEST_STEP][FAILED] - verifyElementPropertyValue(order, "GetDataOrderResponse.ListDataOrder[0].InsuranceData[3].InsuredTo", o_ins_to_3, CONTINUE_ON_FAILURE): Unable to verify element property value (Root cause: java.lang.NullPointerException: Cannot get property 'InsuredTo' on null object
	at Script1.run(Script1.groovy:1)
	at com.kms.katalon.core.webservice.helper.WebServiceCommonHelper.parseAndGetPropertyValueForJson(WebServiceCommonHelper.java:213)
	at com.kms.katalon.core.webservice.keyword.builtin.VerifyElementPropertyValueKeyword$_verifyElementPropertyValue_closure1.doCall(VerifyElementPropertyValueKeyword.groovy:52)
	at com.kms.katalon.core.webservice.keyword.builtin.VerifyElementPropertyValueKeyword$_verifyElementPropertyValue_closure1.call(VerifyElementPropertyValueKeyword.groovy)
	at com.kms.katalon.core.keyword.internal.KeywordMain.runKeyword(KeywordMain.groovy:74)
	at com.kms.katalon.core.webservice.keyword.builtin.VerifyElementPropertyValueKeyword.verifyElementPropertyValue(VerifyElementPropertyValueKeyword.groovy:48)
	at com.kms.katalon.core.webservice.keyword.builtin.VerifyElementPropertyValueKeyword.execute(VerifyElementPropertyValueKeyword.groovy:43)
	at com.kms.katalon.core.keyword.internal.KeywordExecutor.executeKeywordForPlatform(KeywordExecutor.groovy:74)
	at com.kms.katalon.core.webservice.keyword.WSBuiltInKeywords.verifyElementPropertyValue(WSBuiltInKeywords.groovy:175)
	at com.kms.katalon.core.webservice.keyword.WSBuiltInKeywords$verifyElementPropertyValue$0.call(Unknown Source)
	at 1. get token - data order.run(1. get token - data order:725)
	at com.kms.katalon.core.main.ScriptEngine.run(ScriptEngine.java:194)
	at com.kms.katalon.core.main.ScriptEngine.runScriptAsRawText(ScriptEngine.java:119)
	at com.kms.katalon.core.main.TestCaseExecutor.runScript(TestCaseExecutor.java:442)
	at com.kms.katalon.core.main.TestCaseExecutor.doExecute(TestCaseExecutor.java:433)
	at com.kms.katalon.core.main.TestCaseExecutor.processExecutionPhase(TestCaseExecutor.java:412)
	at com.kms.katalon.core.main.TestCaseExecutor.accessMainPhase(TestCaseExecutor.java:404)
	at com.kms.katalon.core.main.TestCaseExecutor.execute(TestCaseExecutor.java:281)
	at com.kms.katalon.core.main.TestSuiteExecutor.accessTestCaseMainPhase(TestSuiteExecutor.java:202)
	at com.kms.katalon.core.main.TestSuiteExecutor.accessTestSuiteMainPhase(TestSuiteExecutor.java:164)
	at com.kms.katalon.core.main.TestSuiteExecutor.execute(TestSuiteExecutor.java:105)
	at com.kms.katalon.core.main.TestCaseMain.startTestSuite(TestCaseMain.java:181)
	at com.kms.katalon.core.main.TestCaseMain$startTestSuite$0.call(Unknown Source)
	at TempTestSuite1648100878643.run(TempTestSuite1648100878643.groovy:36)
)

2022-03-24 12:50:33 - [MESSAGE][FAILED] - Unable to verify element property value (Root cause: java.lang.NullPointerException: Cannot get property 'InsuredTo' on null object
	at Script1.run(Script1.groovy:1)
	at com.kms.katalon.core.webservice.helper.WebServiceCommonHelper.parseAndGetPropertyValueForJson(WebServiceCommonHelper.java:213)
	at com.kms.katalon.core.webservice.keyword.builtin.VerifyElementPropertyValueKeyword$_verifyElementPropertyValue_closure1.doCall(VerifyElementPropertyValueKeyword.groovy:52)
	at com.kms.katalon.core.webservice.keyword.builtin.VerifyElementPropertyValueKeyword$_verifyElementPropertyValue_closure1.call(VerifyElementPropertyValueKeyword.groovy)
	at com.kms.katalon.core.keyword.internal.KeywordMain.runKeyword(KeywordMain.groovy:74)
	at com.kms.katalon.core.webservice.keyword.builtin.VerifyElementPropertyValueKeyword.verifyElementPropertyValue(VerifyElementPropertyValueKeyword.groovy:48)
	at com.kms.katalon.core.webservice.keyword.builtin.VerifyElementPropertyValueKeyword.execute(VerifyElementPropertyValueKeyword.groovy:43)
	at com.kms.katalon.core.keyword.internal.KeywordExecutor.executeKeywordForPlatform(KeywordExecutor.groovy:74)
	at com.kms.katalon.core.webservice.keyword.WSBuiltInKeywords.verifyElementPropertyValue(WSBuiltInKeywords.groovy:175)
	at com.kms.katalon.core.webservice.keyword.WSBuiltInKeywords$verifyElementPropertyValue$0.call(Unknown Source)
	at 1. get token - data order.run(1. get token - data order:725)
	at com.kms.katalon.core.main.ScriptEngine.run(ScriptEngine.java:194)
	at com.kms.katalon.core.main.ScriptEngine.runScriptAsRawText(ScriptEngine.java:119)
	at com.kms.katalon.core.main.TestCaseExecutor.runScript(TestCaseExecutor.java:442)
	at com.kms.katalon.core.main.TestCaseExecutor.doExecute(TestCaseExecutor.java:433)
	at com.kms.katalon.core.main.TestCaseExecutor.processExecutionPhase(TestCaseExecutor.java:412)
	at com.kms.katalon.core.main.TestCaseExecutor.accessMainPhase(TestCaseExecutor.java:404)
	at com.kms.katalon.core.main.TestCaseExecutor.execute(TestCaseExecutor.java:281)
	at com.kms.katalon.core.main.TestSuiteExecutor.accessTestCaseMainPhase(TestSuiteExecutor.java:202)
	at com.kms.katalon.core.main.TestSuiteExecutor.accessTestSuiteMainPhase(TestSuiteExecutor.java:164)
	at com.kms.katalon.core.main.TestSuiteExecutor.execute(TestSuiteExecutor.java:105)
	at com.kms.katalon.core.main.TestCaseMain.startTestSuite(TestCaseMain.java:181)
	at com.kms.katalon.core.main.TestCaseMain$startTestSuite$0.call(Unknown Source)
	at TempTestSuite1648100878643.run(TempTestSuite1648100878643.groovy:36)
)

2022-03-24 12:50:33 - [TEST_STEP][FAILED] - verifyElementPropertyValue(order, "GetDataOrderResponse.ListDataOrder[0].InsuranceData[3].Rate", o_rate_3, CONTINUE_ON_FAILURE): Unable to verify element property value (Root cause: java.lang.NullPointerException: Cannot get property 'Rate' on null object
	at Script1.run(Script1.groovy:1)
	at com.kms.katalon.core.webservice.helper.WebServiceCommonHelper.parseAndGetPropertyValueForJson(WebServiceCommonHelper.java:213)
	at com.kms.katalon.core.webservice.keyword.builtin.VerifyElementPropertyValueKeyword$_verifyElementPropertyValue_closure1.doCall(VerifyElementPropertyValueKeyword.groovy:52)
	at com.kms.katalon.core.webservice.keyword.builtin.VerifyElementPropertyValueKeyword$_verifyElementPropertyValue_closure1.call(VerifyElementPropertyValueKeyword.groovy)
	at com.kms.katalon.core.keyword.internal.KeywordMain.runKeyword(KeywordMain.groovy:74)
	at com.kms.katalon.core.webservice.keyword.builtin.VerifyElementPropertyValueKeyword.verifyElementPropertyValue(VerifyElementPropertyValueKeyword.groovy:48)
	at com.kms.katalon.core.webservice.keyword.builtin.VerifyElementPropertyValueKeyword.execute(VerifyElementPropertyValueKeyword.groovy:43)
	at com.kms.katalon.core.keyword.internal.KeywordExecutor.executeKeywordForPlatform(KeywordExecutor.groovy:74)
	at com.kms.katalon.core.webservice.keyword.WSBuiltInKeywords.verifyElementPropertyValue(WSBuiltInKeywords.groovy:175)
	at com.kms.katalon.core.webservice.keyword.WSBuiltInKeywords$verifyElementPropertyValue$0.call(Unknown Source)
	at 1. get token - data order.run(1. get token - data order:728)
	at com.kms.katalon.core.main.ScriptEngine.run(ScriptEngine.java:194)
	at com.kms.katalon.core.main.ScriptEngine.runScriptAsRawText(ScriptEngine.java:119)
	at com.kms.katalon.core.main.TestCaseExecutor.runScript(TestCaseExecutor.java:442)
	at com.kms.katalon.core.main.TestCaseExecutor.doExecute(TestCaseExecutor.java:433)
	at com.kms.katalon.core.main.TestCaseExecutor.processExecutionPhase(TestCaseExecutor.java:412)
	at com.kms.katalon.core.main.TestCaseExecutor.accessMainPhase(TestCaseExecutor.java:404)
	at com.kms.katalon.core.main.TestCaseExecutor.execute(TestCaseExecutor.java:281)
	at com.kms.katalon.core.main.TestSuiteExecutor.accessTestCaseMainPhase(TestSuiteExecutor.java:202)
	at com.kms.katalon.core.main.TestSuiteExecutor.accessTestSuiteMainPhase(TestSuiteExecutor.java:164)
	at com.kms.katalon.core.main.TestSuiteExecutor.execute(TestSuiteExecutor.java:105)
	at com.kms.katalon.core.main.TestCaseMain.startTestSuite(TestCaseMain.java:181)
	at com.kms.katalon.core.main.TestCaseMain$startTestSuite$0.call(Unknown Source)
	at TempTestSuite1648100878643.run(TempTestSuite1648100878643.groovy:36)
)

2022-03-24 12:50:33 - [MESSAGE][FAILED] - Unable to verify element property value (Root cause: java.lang.NullPointerException: Cannot get property 'Rate' on null object
	at Script1.run(Script1.groovy:1)
	at com.kms.katalon.core.webservice.helper.WebServiceCommonHelper.parseAndGetPropertyValueForJson(WebServiceCommonHelper.java:213)
	at com.kms.katalon.core.webservice.keyword.builtin.VerifyElementPropertyValueKeyword$_verifyElementPropertyValue_closure1.doCall(VerifyElementPropertyValueKeyword.groovy:52)
	at com.kms.katalon.core.webservice.keyword.builtin.VerifyElementPropertyValueKeyword$_verifyElementPropertyValue_closure1.call(VerifyElementPropertyValueKeyword.groovy)
	at com.kms.katalon.core.keyword.internal.KeywordMain.runKeyword(KeywordMain.groovy:74)
	at com.kms.katalon.core.webservice.keyword.builtin.VerifyElementPropertyValueKeyword.verifyElementPropertyValue(VerifyElementPropertyValueKeyword.groovy:48)
	at com.kms.katalon.core.webservice.keyword.builtin.VerifyElementPropertyValueKeyword.execute(VerifyElementPropertyValueKeyword.groovy:43)
	at com.kms.katalon.core.keyword.internal.KeywordExecutor.executeKeywordForPlatform(KeywordExecutor.groovy:74)
	at com.kms.katalon.core.webservice.keyword.WSBuiltInKeywords.verifyElementPropertyValue(WSBuiltInKeywords.groovy:175)
	at com.kms.katalon.core.webservice.keyword.WSBuiltInKeywords$verifyElementPropertyValue$0.call(Unknown Source)
	at 1. get token - data order.run(1. get token - data order:728)
	at com.kms.katalon.core.main.ScriptEngine.run(ScriptEngine.java:194)
	at com.kms.katalon.core.main.ScriptEngine.runScriptAsRawText(ScriptEngine.java:119)
	at com.kms.katalon.core.main.TestCaseExecutor.runScript(TestCaseExecutor.java:442)
	at com.kms.katalon.core.main.TestCaseExecutor.doExecute(TestCaseExecutor.java:433)
	at com.kms.katalon.core.main.TestCaseExecutor.processExecutionPhase(TestCaseExecutor.java:412)
	at com.kms.katalon.core.main.TestCaseExecutor.accessMainPhase(TestCaseExecutor.java:404)
	at com.kms.katalon.core.main.TestCaseExecutor.execute(TestCaseExecutor.java:281)
	at com.kms.katalon.core.main.TestSuiteExecutor.accessTestCaseMainPhase(TestSuiteExecutor.java:202)
	at com.kms.katalon.core.main.TestSuiteExecutor.accessTestSuiteMainPhase(TestSuiteExecutor.java:164)
	at com.kms.katalon.core.main.TestSuiteExecutor.execute(TestSuiteExecutor.java:105)
	at com.kms.katalon.core.main.TestCaseMain.startTestSuite(TestCaseMain.java:181)
	at com.kms.katalon.core.main.TestCaseMain$startTestSuite$0.call(Unknown Source)
	at TempTestSuite1648100878643.run(TempTestSuite1648100878643.groovy:36)
)

2022-03-24 12:50:33 - [TEST_STEP][FAILED] - verifyElementPropertyValue(order, "GetDataOrderResponse.ListDataOrder[0].InsuranceData[3].GrossPremi", o_gross_premi_3, CONTINUE_ON_FAILURE): Unable to verify element property value (Root cause: java.lang.NullPointerException: Cannot get property 'GrossPremi' on null object
	at Script1.run(Script1.groovy:1)
	at com.kms.katalon.core.webservice.helper.WebServiceCommonHelper.parseAndGetPropertyValueForJson(WebServiceCommonHelper.java:213)
	at com.kms.katalon.core.webservice.keyword.builtin.VerifyElementPropertyValueKeyword$_verifyElementPropertyValue_closure1.doCall(VerifyElementPropertyValueKeyword.groovy:52)
	at com.kms.katalon.core.webservice.keyword.builtin.VerifyElementPropertyValueKeyword$_verifyElementPropertyValue_closure1.call(VerifyElementPropertyValueKeyword.groovy)
	at com.kms.katalon.core.keyword.internal.KeywordMain.runKeyword(KeywordMain.groovy:74)
	at com.kms.katalon.core.webservice.keyword.builtin.VerifyElementPropertyValueKeyword.verifyElementPropertyValue(VerifyElementPropertyValueKeyword.groovy:48)
	at com.kms.katalon.core.webservice.keyword.builtin.VerifyElementPropertyValueKeyword.execute(VerifyElementPropertyValueKeyword.groovy:43)
	at com.kms.katalon.core.keyword.internal.KeywordExecutor.executeKeywordForPlatform(KeywordExecutor.groovy:74)
	at com.kms.katalon.core.webservice.keyword.WSBuiltInKeywords.verifyElementPropertyValue(WSBuiltInKeywords.groovy:175)
	at com.kms.katalon.core.webservice.keyword.WSBuiltInKeywords$verifyElementPropertyValue$0.call(Unknown Source)
	at 1. get token - data order.run(1. get token - data order:730)
	at com.kms.katalon.core.main.ScriptEngine.run(ScriptEngine.java:194)
	at com.kms.katalon.core.main.ScriptEngine.runScriptAsRawText(ScriptEngine.java:119)
	at com.kms.katalon.core.main.TestCaseExecutor.runScript(TestCaseExecutor.java:442)
	at com.kms.katalon.core.main.TestCaseExecutor.doExecute(TestCaseExecutor.java:433)
	at com.kms.katalon.core.main.TestCaseExecutor.processExecutionPhase(TestCaseExecutor.java:412)
	at com.kms.katalon.core.main.TestCaseExecutor.accessMainPhase(TestCaseExecutor.java:404)
	at com.kms.katalon.core.main.TestCaseExecutor.execute(TestCaseExecutor.java:281)
	at com.kms.katalon.core.main.TestSuiteExecutor.accessTestCaseMainPhase(TestSuiteExecutor.java:202)
	at com.kms.katalon.core.main.TestSuiteExecutor.accessTestSuiteMainPhase(TestSuiteExecutor.java:164)
	at com.kms.katalon.core.main.TestSuiteExecutor.execute(TestSuiteExecutor.java:105)
	at com.kms.katalon.core.main.TestCaseMain.startTestSuite(TestCaseMain.java:181)
	at com.kms.katalon.core.main.TestCaseMain$startTestSuite$0.call(Unknown Source)
	at TempTestSuite1648100878643.run(TempTestSuite1648100878643.groovy:36)
)

2022-03-24 12:50:33 - [MESSAGE][FAILED] - Unable to verify element property value (Root cause: java.lang.NullPointerException: Cannot get property 'GrossPremi' on null object
	at Script1.run(Script1.groovy:1)
	at com.kms.katalon.core.webservice.helper.WebServiceCommonHelper.parseAndGetPropertyValueForJson(WebServiceCommonHelper.java:213)
	at com.kms.katalon.core.webservice.keyword.builtin.VerifyElementPropertyValueKeyword$_verifyElementPropertyValue_closure1.doCall(VerifyElementPropertyValueKeyword.groovy:52)
	at com.kms.katalon.core.webservice.keyword.builtin.VerifyElementPropertyValueKeyword$_verifyElementPropertyValue_closure1.call(VerifyElementPropertyValueKeyword.groovy)
	at com.kms.katalon.core.keyword.internal.KeywordMain.runKeyword(KeywordMain.groovy:74)
	at com.kms.katalon.core.webservice.keyword.builtin.VerifyElementPropertyValueKeyword.verifyElementPropertyValue(VerifyElementPropertyValueKeyword.groovy:48)
	at com.kms.katalon.core.webservice.keyword.builtin.VerifyElementPropertyValueKeyword.execute(VerifyElementPropertyValueKeyword.groovy:43)
	at com.kms.katalon.core.keyword.internal.KeywordExecutor.executeKeywordForPlatform(KeywordExecutor.groovy:74)
	at com.kms.katalon.core.webservice.keyword.WSBuiltInKeywords.verifyElementPropertyValue(WSBuiltInKeywords.groovy:175)
	at com.kms.katalon.core.webservice.keyword.WSBuiltInKeywords$verifyElementPropertyValue$0.call(Unknown Source)
	at 1. get token - data order.run(1. get token - data order:730)
	at com.kms.katalon.core.main.ScriptEngine.run(ScriptEngine.java:194)
	at com.kms.katalon.core.main.ScriptEngine.runScriptAsRawText(ScriptEngine.java:119)
	at com.kms.katalon.core.main.TestCaseExecutor.runScript(TestCaseExecutor.java:442)
	at com.kms.katalon.core.main.TestCaseExecutor.doExecute(TestCaseExecutor.java:433)
	at com.kms.katalon.core.main.TestCaseExecutor.processExecutionPhase(TestCaseExecutor.java:412)
	at com.kms.katalon.core.main.TestCaseExecutor.accessMainPhase(TestCaseExecutor.java:404)
	at com.kms.katalon.core.main.TestCaseExecutor.execute(TestCaseExecutor.java:281)
	at com.kms.katalon.core.main.TestSuiteExecutor.accessTestCaseMainPhase(TestSuiteExecutor.java:202)
	at com.kms.katalon.core.main.TestSuiteExecutor.accessTestSuiteMainPhase(TestSuiteExecutor.java:164)
	at com.kms.katalon.core.main.TestSuiteExecutor.execute(TestSuiteExecutor.java:105)
	at com.kms.katalon.core.main.TestCaseMain.startTestSuite(TestCaseMain.java:181)
	at com.kms.katalon.core.main.TestCaseMain$startTestSuite$0.call(Unknown Source)
	at TempTestSuite1648100878643.run(TempTestSuite1648100878643.groovy:36)
)

2022-03-24 12:50:33 - [TEST_STEP][FAILED] - verifyElementPropertyValue(order, "GetDataOrderResponse.ListDataOrder[0].InsuranceData[3].Discount", o_discount_3, CONTINUE_ON_FAILURE): Unable to verify element property value (Root cause: java.lang.NullPointerException: Cannot get property 'Discount' on null object
	at Script1.run(Script1.groovy:1)
	at com.kms.katalon.core.webservice.helper.WebServiceCommonHelper.parseAndGetPropertyValueForJson(WebServiceCommonHelper.java:213)
	at com.kms.katalon.core.webservice.keyword.builtin.VerifyElementPropertyValueKeyword$_verifyElementPropertyValue_closure1.doCall(VerifyElementPropertyValueKeyword.groovy:52)
	at com.kms.katalon.core.webservice.keyword.builtin.VerifyElementPropertyValueKeyword$_verifyElementPropertyValue_closure1.call(VerifyElementPropertyValueKeyword.groovy)
	at com.kms.katalon.core.keyword.internal.KeywordMain.runKeyword(KeywordMain.groovy:74)
	at com.kms.katalon.core.webservice.keyword.builtin.VerifyElementPropertyValueKeyword.verifyElementPropertyValue(VerifyElementPropertyValueKeyword.groovy:48)
	at com.kms.katalon.core.webservice.keyword.builtin.VerifyElementPropertyValueKeyword.execute(VerifyElementPropertyValueKeyword.groovy:43)
	at com.kms.katalon.core.keyword.internal.KeywordExecutor.executeKeywordForPlatform(KeywordExecutor.groovy:74)
	at com.kms.katalon.core.webservice.keyword.WSBuiltInKeywords.verifyElementPropertyValue(WSBuiltInKeywords.groovy:175)
	at com.kms.katalon.core.webservice.keyword.WSBuiltInKeywords$verifyElementPropertyValue$0.call(Unknown Source)
	at 1. get token - data order.run(1. get token - data order:733)
	at com.kms.katalon.core.main.ScriptEngine.run(ScriptEngine.java:194)
	at com.kms.katalon.core.main.ScriptEngine.runScriptAsRawText(ScriptEngine.java:119)
	at com.kms.katalon.core.main.TestCaseExecutor.runScript(TestCaseExecutor.java:442)
	at com.kms.katalon.core.main.TestCaseExecutor.doExecute(TestCaseExecutor.java:433)
	at com.kms.katalon.core.main.TestCaseExecutor.processExecutionPhase(TestCaseExecutor.java:412)
	at com.kms.katalon.core.main.TestCaseExecutor.accessMainPhase(TestCaseExecutor.java:404)
	at com.kms.katalon.core.main.TestCaseExecutor.execute(TestCaseExecutor.java:281)
	at com.kms.katalon.core.main.TestSuiteExecutor.accessTestCaseMainPhase(TestSuiteExecutor.java:202)
	at com.kms.katalon.core.main.TestSuiteExecutor.accessTestSuiteMainPhase(TestSuiteExecutor.java:164)
	at com.kms.katalon.core.main.TestSuiteExecutor.execute(TestSuiteExecutor.java:105)
	at com.kms.katalon.core.main.TestCaseMain.startTestSuite(TestCaseMain.java:181)
	at com.kms.katalon.core.main.TestCaseMain$startTestSuite$0.call(Unknown Source)
	at TempTestSuite1648100878643.run(TempTestSuite1648100878643.groovy:36)
)

2022-03-24 12:50:33 - [MESSAGE][FAILED] - Unable to verify element property value (Root cause: java.lang.NullPointerException: Cannot get property 'Discount' on null object
	at Script1.run(Script1.groovy:1)
	at com.kms.katalon.core.webservice.helper.WebServiceCommonHelper.parseAndGetPropertyValueForJson(WebServiceCommonHelper.java:213)
	at com.kms.katalon.core.webservice.keyword.builtin.VerifyElementPropertyValueKeyword$_verifyElementPropertyValue_closure1.doCall(VerifyElementPropertyValueKeyword.groovy:52)
	at com.kms.katalon.core.webservice.keyword.builtin.VerifyElementPropertyValueKeyword$_verifyElementPropertyValue_closure1.call(VerifyElementPropertyValueKeyword.groovy)
	at com.kms.katalon.core.keyword.internal.KeywordMain.runKeyword(KeywordMain.groovy:74)
	at com.kms.katalon.core.webservice.keyword.builtin.VerifyElementPropertyValueKeyword.verifyElementPropertyValue(VerifyElementPropertyValueKeyword.groovy:48)
	at com.kms.katalon.core.webservice.keyword.builtin.VerifyElementPropertyValueKeyword.execute(VerifyElementPropertyValueKeyword.groovy:43)
	at com.kms.katalon.core.keyword.internal.KeywordExecutor.executeKeywordForPlatform(KeywordExecutor.groovy:74)
	at com.kms.katalon.core.webservice.keyword.WSBuiltInKeywords.verifyElementPropertyValue(WSBuiltInKeywords.groovy:175)
	at com.kms.katalon.core.webservice.keyword.WSBuiltInKeywords$verifyElementPropertyValue$0.call(Unknown Source)
	at 1. get token - data order.run(1. get token - data order:733)
	at com.kms.katalon.core.main.ScriptEngine.run(ScriptEngine.java:194)
	at com.kms.katalon.core.main.ScriptEngine.runScriptAsRawText(ScriptEngine.java:119)
	at com.kms.katalon.core.main.TestCaseExecutor.runScript(TestCaseExecutor.java:442)
	at com.kms.katalon.core.main.TestCaseExecutor.doExecute(TestCaseExecutor.java:433)
	at com.kms.katalon.core.main.TestCaseExecutor.processExecutionPhase(TestCaseExecutor.java:412)
	at com.kms.katalon.core.main.TestCaseExecutor.accessMainPhase(TestCaseExecutor.java:404)
	at com.kms.katalon.core.main.TestCaseExecutor.execute(TestCaseExecutor.java:281)
	at com.kms.katalon.core.main.TestSuiteExecutor.accessTestCaseMainPhase(TestSuiteExecutor.java:202)
	at com.kms.katalon.core.main.TestSuiteExecutor.accessTestSuiteMainPhase(TestSuiteExecutor.java:164)
	at com.kms.katalon.core.main.TestSuiteExecutor.execute(TestSuiteExecutor.java:105)
	at com.kms.katalon.core.main.TestCaseMain.startTestSuite(TestCaseMain.java:181)
	at com.kms.katalon.core.main.TestCaseMain$startTestSuite$0.call(Unknown Source)
	at TempTestSuite1648100878643.run(TempTestSuite1648100878643.groovy:36)
)

2022-03-24 12:50:33 - [TEST_STEP][FAILED] - verifyElementPropertyValue(order, "GetDataOrderResponse.ListDataOrder[0].InsuranceData[3].Adm", o_adm_3, CONTINUE_ON_FAILURE): Unable to verify element property value (Root cause: java.lang.NullPointerException: Cannot get property 'Adm' on null object
	at Script1.run(Script1.groovy:1)
	at com.kms.katalon.core.webservice.helper.WebServiceCommonHelper.parseAndGetPropertyValueForJson(WebServiceCommonHelper.java:213)
	at com.kms.katalon.core.webservice.keyword.builtin.VerifyElementPropertyValueKeyword$_verifyElementPropertyValue_closure1.doCall(VerifyElementPropertyValueKeyword.groovy:52)
	at com.kms.katalon.core.webservice.keyword.builtin.VerifyElementPropertyValueKeyword$_verifyElementPropertyValue_closure1.call(VerifyElementPropertyValueKeyword.groovy)
	at com.kms.katalon.core.keyword.internal.KeywordMain.runKeyword(KeywordMain.groovy:74)
	at com.kms.katalon.core.webservice.keyword.builtin.VerifyElementPropertyValueKeyword.verifyElementPropertyValue(VerifyElementPropertyValueKeyword.groovy:48)
	at com.kms.katalon.core.webservice.keyword.builtin.VerifyElementPropertyValueKeyword.execute(VerifyElementPropertyValueKeyword.groovy:43)
	at com.kms.katalon.core.keyword.internal.KeywordExecutor.executeKeywordForPlatform(KeywordExecutor.groovy:74)
	at com.kms.katalon.core.webservice.keyword.WSBuiltInKeywords.verifyElementPropertyValue(WSBuiltInKeywords.groovy:175)
	at com.kms.katalon.core.webservice.keyword.WSBuiltInKeywords$verifyElementPropertyValue$0.call(Unknown Source)
	at 1. get token - data order.run(1. get token - data order:736)
	at com.kms.katalon.core.main.ScriptEngine.run(ScriptEngine.java:194)
	at com.kms.katalon.core.main.ScriptEngine.runScriptAsRawText(ScriptEngine.java:119)
	at com.kms.katalon.core.main.TestCaseExecutor.runScript(TestCaseExecutor.java:442)
	at com.kms.katalon.core.main.TestCaseExecutor.doExecute(TestCaseExecutor.java:433)
	at com.kms.katalon.core.main.TestCaseExecutor.processExecutionPhase(TestCaseExecutor.java:412)
	at com.kms.katalon.core.main.TestCaseExecutor.accessMainPhase(TestCaseExecutor.java:404)
	at com.kms.katalon.core.main.TestCaseExecutor.execute(TestCaseExecutor.java:281)
	at com.kms.katalon.core.main.TestSuiteExecutor.accessTestCaseMainPhase(TestSuiteExecutor.java:202)
	at com.kms.katalon.core.main.TestSuiteExecutor.accessTestSuiteMainPhase(TestSuiteExecutor.java:164)
	at com.kms.katalon.core.main.TestSuiteExecutor.execute(TestSuiteExecutor.java:105)
	at com.kms.katalon.core.main.TestCaseMain.startTestSuite(TestCaseMain.java:181)
	at com.kms.katalon.core.main.TestCaseMain$startTestSuite$0.call(Unknown Source)
	at TempTestSuite1648100878643.run(TempTestSuite1648100878643.groovy:36)
)

2022-03-24 12:50:33 - [MESSAGE][FAILED] - Unable to verify element property value (Root cause: java.lang.NullPointerException: Cannot get property 'Adm' on null object
	at Script1.run(Script1.groovy:1)
	at com.kms.katalon.core.webservice.helper.WebServiceCommonHelper.parseAndGetPropertyValueForJson(WebServiceCommonHelper.java:213)
	at com.kms.katalon.core.webservice.keyword.builtin.VerifyElementPropertyValueKeyword$_verifyElementPropertyValue_closure1.doCall(VerifyElementPropertyValueKeyword.groovy:52)
	at com.kms.katalon.core.webservice.keyword.builtin.VerifyElementPropertyValueKeyword$_verifyElementPropertyValue_closure1.call(VerifyElementPropertyValueKeyword.groovy)
	at com.kms.katalon.core.keyword.internal.KeywordMain.runKeyword(KeywordMain.groovy:74)
	at com.kms.katalon.core.webservice.keyword.builtin.VerifyElementPropertyValueKeyword.verifyElementPropertyValue(VerifyElementPropertyValueKeyword.groovy:48)
	at com.kms.katalon.core.webservice.keyword.builtin.VerifyElementPropertyValueKeyword.execute(VerifyElementPropertyValueKeyword.groovy:43)
	at com.kms.katalon.core.keyword.internal.KeywordExecutor.executeKeywordForPlatform(KeywordExecutor.groovy:74)
	at com.kms.katalon.core.webservice.keyword.WSBuiltInKeywords.verifyElementPropertyValue(WSBuiltInKeywords.groovy:175)
	at com.kms.katalon.core.webservice.keyword.WSBuiltInKeywords$verifyElementPropertyValue$0.call(Unknown Source)
	at 1. get token - data order.run(1. get token - data order:736)
	at com.kms.katalon.core.main.ScriptEngine.run(ScriptEngine.java:194)
	at com.kms.katalon.core.main.ScriptEngine.runScriptAsRawText(ScriptEngine.java:119)
	at com.kms.katalon.core.main.TestCaseExecutor.runScript(TestCaseExecutor.java:442)
	at com.kms.katalon.core.main.TestCaseExecutor.doExecute(TestCaseExecutor.java:433)
	at com.kms.katalon.core.main.TestCaseExecutor.processExecutionPhase(TestCaseExecutor.java:412)
	at com.kms.katalon.core.main.TestCaseExecutor.accessMainPhase(TestCaseExecutor.java:404)
	at com.kms.katalon.core.main.TestCaseExecutor.execute(TestCaseExecutor.java:281)
	at com.kms.katalon.core.main.TestSuiteExecutor.accessTestCaseMainPhase(TestSuiteExecutor.java:202)
	at com.kms.katalon.core.main.TestSuiteExecutor.accessTestSuiteMainPhase(TestSuiteExecutor.java:164)
	at com.kms.katalon.core.main.TestSuiteExecutor.execute(TestSuiteExecutor.java:105)
	at com.kms.katalon.core.main.TestCaseMain.startTestSuite(TestCaseMain.java:181)
	at com.kms.katalon.core.main.TestCaseMain$startTestSuite$0.call(Unknown Source)
	at TempTestSuite1648100878643.run(TempTestSuite1648100878643.groovy:36)
)

2022-03-24 12:50:33 - [TEST_STEP][FAILED] - verifyElementPropertyValue(order, "GetDataOrderResponse.ListDataOrder[0].InsuranceData[3].NetPremi", o_netpremi_3, CONTINUE_ON_FAILURE): Unable to verify element property value (Root cause: java.lang.NullPointerException: Cannot get property 'NetPremi' on null object
	at Script1.run(Script1.groovy:1)
	at com.kms.katalon.core.webservice.helper.WebServiceCommonHelper.parseAndGetPropertyValueForJson(WebServiceCommonHelper.java:213)
	at com.kms.katalon.core.webservice.keyword.builtin.VerifyElementPropertyValueKeyword$_verifyElementPropertyValue_closure1.doCall(VerifyElementPropertyValueKeyword.groovy:52)
	at com.kms.katalon.core.webservice.keyword.builtin.VerifyElementPropertyValueKeyword$_verifyElementPropertyValue_closure1.call(VerifyElementPropertyValueKeyword.groovy)
	at com.kms.katalon.core.keyword.internal.KeywordMain.runKeyword(KeywordMain.groovy:74)
	at com.kms.katalon.core.webservice.keyword.builtin.VerifyElementPropertyValueKeyword.verifyElementPropertyValue(VerifyElementPropertyValueKeyword.groovy:48)
	at com.kms.katalon.core.webservice.keyword.builtin.VerifyElementPropertyValueKeyword.execute(VerifyElementPropertyValueKeyword.groovy:43)
	at com.kms.katalon.core.keyword.internal.KeywordExecutor.executeKeywordForPlatform(KeywordExecutor.groovy:74)
	at com.kms.katalon.core.webservice.keyword.WSBuiltInKeywords.verifyElementPropertyValue(WSBuiltInKeywords.groovy:175)
	at com.kms.katalon.core.webservice.keyword.WSBuiltInKeywords$verifyElementPropertyValue$0.call(Unknown Source)
	at 1. get token - data order.run(1. get token - data order:738)
	at com.kms.katalon.core.main.ScriptEngine.run(ScriptEngine.java:194)
	at com.kms.katalon.core.main.ScriptEngine.runScriptAsRawText(ScriptEngine.java:119)
	at com.kms.katalon.core.main.TestCaseExecutor.runScript(TestCaseExecutor.java:442)
	at com.kms.katalon.core.main.TestCaseExecutor.doExecute(TestCaseExecutor.java:433)
	at com.kms.katalon.core.main.TestCaseExecutor.processExecutionPhase(TestCaseExecutor.java:412)
	at com.kms.katalon.core.main.TestCaseExecutor.accessMainPhase(TestCaseExecutor.java:404)
	at com.kms.katalon.core.main.TestCaseExecutor.execute(TestCaseExecutor.java:281)
	at com.kms.katalon.core.main.TestSuiteExecutor.accessTestCaseMainPhase(TestSuiteExecutor.java:202)
	at com.kms.katalon.core.main.TestSuiteExecutor.accessTestSuiteMainPhase(TestSuiteExecutor.java:164)
	at com.kms.katalon.core.main.TestSuiteExecutor.execute(TestSuiteExecutor.java:105)
	at com.kms.katalon.core.main.TestCaseMain.startTestSuite(TestCaseMain.java:181)
	at com.kms.katalon.core.main.TestCaseMain$startTestSuite$0.call(Unknown Source)
	at TempTestSuite1648100878643.run(TempTestSuite1648100878643.groovy:36)
)

2022-03-24 12:50:33 - [MESSAGE][FAILED] - Unable to verify element property value (Root cause: java.lang.NullPointerException: Cannot get property 'NetPremi' on null object
	at Script1.run(Script1.groovy:1)
	at com.kms.katalon.core.webservice.helper.WebServiceCommonHelper.parseAndGetPropertyValueForJson(WebServiceCommonHelper.java:213)
	at com.kms.katalon.core.webservice.keyword.builtin.VerifyElementPropertyValueKeyword$_verifyElementPropertyValue_closure1.doCall(VerifyElementPropertyValueKeyword.groovy:52)
	at com.kms.katalon.core.webservice.keyword.builtin.VerifyElementPropertyValueKeyword$_verifyElementPropertyValue_closure1.call(VerifyElementPropertyValueKeyword.groovy)
	at com.kms.katalon.core.keyword.internal.KeywordMain.runKeyword(KeywordMain.groovy:74)
	at com.kms.katalon.core.webservice.keyword.builtin.VerifyElementPropertyValueKeyword.verifyElementPropertyValue(VerifyElementPropertyValueKeyword.groovy:48)
	at com.kms.katalon.core.webservice.keyword.builtin.VerifyElementPropertyValueKeyword.execute(VerifyElementPropertyValueKeyword.groovy:43)
	at com.kms.katalon.core.keyword.internal.KeywordExecutor.executeKeywordForPlatform(KeywordExecutor.groovy:74)
	at com.kms.katalon.core.webservice.keyword.WSBuiltInKeywords.verifyElementPropertyValue(WSBuiltInKeywords.groovy:175)
	at com.kms.katalon.core.webservice.keyword.WSBuiltInKeywords$verifyElementPropertyValue$0.call(Unknown Source)
	at 1. get token - data order.run(1. get token - data order:738)
	at com.kms.katalon.core.main.ScriptEngine.run(ScriptEngine.java:194)
	at com.kms.katalon.core.main.ScriptEngine.runScriptAsRawText(ScriptEngine.java:119)
	at com.kms.katalon.core.main.TestCaseExecutor.runScript(TestCaseExecutor.java:442)
	at com.kms.katalon.core.main.TestCaseExecutor.doExecute(TestCaseExecutor.java:433)
	at com.kms.katalon.core.main.TestCaseExecutor.processExecutionPhase(TestCaseExecutor.java:412)
	at com.kms.katalon.core.main.TestCaseExecutor.accessMainPhase(TestCaseExecutor.java:404)
	at com.kms.katalon.core.main.TestCaseExecutor.execute(TestCaseExecutor.java:281)
	at com.kms.katalon.core.main.TestSuiteExecutor.accessTestCaseMainPhase(TestSuiteExecutor.java:202)
	at com.kms.katalon.core.main.TestSuiteExecutor.accessTestSuiteMainPhase(TestSuiteExecutor.java:164)
	at com.kms.katalon.core.main.TestSuiteExecutor.execute(TestSuiteExecutor.java:105)
	at com.kms.katalon.core.main.TestCaseMain.startTestSuite(TestCaseMain.java:181)
	at com.kms.katalon.core.main.TestCaseMain$startTestSuite$0.call(Unknown Source)
	at TempTestSuite1648100878643.run(TempTestSuite1648100878643.groovy:36)
)

2022-03-24 12:50:33 - [TEST_STEP][FAILED] - verifyElementPropertyValue(order, "GetDataOrderResponse.ListDataOrder[0].InsuranceData[3].PerluasanJaminan.TJH", o_tjh_val_3, CONTINUE_ON_FAILURE): Unable to verify element property value (Root cause: java.lang.NullPointerException: Cannot get property 'PerluasanJaminan' on null object
	at Script1.run(Script1.groovy:1)
	at com.kms.katalon.core.webservice.helper.WebServiceCommonHelper.parseAndGetPropertyValueForJson(WebServiceCommonHelper.java:213)
	at com.kms.katalon.core.webservice.keyword.builtin.VerifyElementPropertyValueKeyword$_verifyElementPropertyValue_closure1.doCall(VerifyElementPropertyValueKeyword.groovy:52)
	at com.kms.katalon.core.webservice.keyword.builtin.VerifyElementPropertyValueKeyword$_verifyElementPropertyValue_closure1.call(VerifyElementPropertyValueKeyword.groovy)
	at com.kms.katalon.core.keyword.internal.KeywordMain.runKeyword(KeywordMain.groovy:74)
	at com.kms.katalon.core.webservice.keyword.builtin.VerifyElementPropertyValueKeyword.verifyElementPropertyValue(VerifyElementPropertyValueKeyword.groovy:48)
	at com.kms.katalon.core.webservice.keyword.builtin.VerifyElementPropertyValueKeyword.execute(VerifyElementPropertyValueKeyword.groovy:43)
	at com.kms.katalon.core.keyword.internal.KeywordExecutor.executeKeywordForPlatform(KeywordExecutor.groovy:74)
	at com.kms.katalon.core.webservice.keyword.WSBuiltInKeywords.verifyElementPropertyValue(WSBuiltInKeywords.groovy:175)
	at com.kms.katalon.core.webservice.keyword.WSBuiltInKeywords$verifyElementPropertyValue$0.call(Unknown Source)
	at 1. get token - data order.run(1. get token - data order:741)
	at com.kms.katalon.core.main.ScriptEngine.run(ScriptEngine.java:194)
	at com.kms.katalon.core.main.ScriptEngine.runScriptAsRawText(ScriptEngine.java:119)
	at com.kms.katalon.core.main.TestCaseExecutor.runScript(TestCaseExecutor.java:442)
	at com.kms.katalon.core.main.TestCaseExecutor.doExecute(TestCaseExecutor.java:433)
	at com.kms.katalon.core.main.TestCaseExecutor.processExecutionPhase(TestCaseExecutor.java:412)
	at com.kms.katalon.core.main.TestCaseExecutor.accessMainPhase(TestCaseExecutor.java:404)
	at com.kms.katalon.core.main.TestCaseExecutor.execute(TestCaseExecutor.java:281)
	at com.kms.katalon.core.main.TestSuiteExecutor.accessTestCaseMainPhase(TestSuiteExecutor.java:202)
	at com.kms.katalon.core.main.TestSuiteExecutor.accessTestSuiteMainPhase(TestSuiteExecutor.java:164)
	at com.kms.katalon.core.main.TestSuiteExecutor.execute(TestSuiteExecutor.java:105)
	at com.kms.katalon.core.main.TestCaseMain.startTestSuite(TestCaseMain.java:181)
	at com.kms.katalon.core.main.TestCaseMain$startTestSuite$0.call(Unknown Source)
	at TempTestSuite1648100878643.run(TempTestSuite1648100878643.groovy:36)
)

2022-03-24 12:50:33 - [MESSAGE][FAILED] - Unable to verify element property value (Root cause: java.lang.NullPointerException: Cannot get property 'PerluasanJaminan' on null object
	at Script1.run(Script1.groovy:1)
	at com.kms.katalon.core.webservice.helper.WebServiceCommonHelper.parseAndGetPropertyValueForJson(WebServiceCommonHelper.java:213)
	at com.kms.katalon.core.webservice.keyword.builtin.VerifyElementPropertyValueKeyword$_verifyElementPropertyValue_closure1.doCall(VerifyElementPropertyValueKeyword.groovy:52)
	at com.kms.katalon.core.webservice.keyword.builtin.VerifyElementPropertyValueKeyword$_verifyElementPropertyValue_closure1.call(VerifyElementPropertyValueKeyword.groovy)
	at com.kms.katalon.core.keyword.internal.KeywordMain.runKeyword(KeywordMain.groovy:74)
	at com.kms.katalon.core.webservice.keyword.builtin.VerifyElementPropertyValueKeyword.verifyElementPropertyValue(VerifyElementPropertyValueKeyword.groovy:48)
	at com.kms.katalon.core.webservice.keyword.builtin.VerifyElementPropertyValueKeyword.execute(VerifyElementPropertyValueKeyword.groovy:43)
	at com.kms.katalon.core.keyword.internal.KeywordExecutor.executeKeywordForPlatform(KeywordExecutor.groovy:74)
	at com.kms.katalon.core.webservice.keyword.WSBuiltInKeywords.verifyElementPropertyValue(WSBuiltInKeywords.groovy:175)
	at com.kms.katalon.core.webservice.keyword.WSBuiltInKeywords$verifyElementPropertyValue$0.call(Unknown Source)
	at 1. get token - data order.run(1. get token - data order:741)
	at com.kms.katalon.core.main.ScriptEngine.run(ScriptEngine.java:194)
	at com.kms.katalon.core.main.ScriptEngine.runScriptAsRawText(ScriptEngine.java:119)
	at com.kms.katalon.core.main.TestCaseExecutor.runScript(TestCaseExecutor.java:442)
	at com.kms.katalon.core.main.TestCaseExecutor.doExecute(TestCaseExecutor.java:433)
	at com.kms.katalon.core.main.TestCaseExecutor.processExecutionPhase(TestCaseExecutor.java:412)
	at com.kms.katalon.core.main.TestCaseExecutor.accessMainPhase(TestCaseExecutor.java:404)
	at com.kms.katalon.core.main.TestCaseExecutor.execute(TestCaseExecutor.java:281)
	at com.kms.katalon.core.main.TestSuiteExecutor.accessTestCaseMainPhase(TestSuiteExecutor.java:202)
	at com.kms.katalon.core.main.TestSuiteExecutor.accessTestSuiteMainPhase(TestSuiteExecutor.java:164)
	at com.kms.katalon.core.main.TestSuiteExecutor.execute(TestSuiteExecutor.java:105)
	at com.kms.katalon.core.main.TestCaseMain.startTestSuite(TestCaseMain.java:181)
	at com.kms.katalon.core.main.TestCaseMain$startTestSuite$0.call(Unknown Source)
	at TempTestSuite1648100878643.run(TempTestSuite1648100878643.groovy:36)
)

2022-03-24 12:50:33 - [TEST_STEP][FAILED] - verifyElementPropertyValue(order, "GetDataOrderResponse.ListDataOrder[0].InsuranceData[3].PerluasanJaminan.RSCC", o_rscc_val_3, CONTINUE_ON_FAILURE): Unable to verify element property value (Root cause: java.lang.NullPointerException: Cannot get property 'PerluasanJaminan' on null object
	at Script1.run(Script1.groovy:1)
	at com.kms.katalon.core.webservice.helper.WebServiceCommonHelper.parseAndGetPropertyValueForJson(WebServiceCommonHelper.java:213)
	at com.kms.katalon.core.webservice.keyword.builtin.VerifyElementPropertyValueKeyword$_verifyElementPropertyValue_closure1.doCall(VerifyElementPropertyValueKeyword.groovy:52)
	at com.kms.katalon.core.webservice.keyword.builtin.VerifyElementPropertyValueKeyword$_verifyElementPropertyValue_closure1.call(VerifyElementPropertyValueKeyword.groovy)
	at com.kms.katalon.core.keyword.internal.KeywordMain.runKeyword(KeywordMain.groovy:74)
	at com.kms.katalon.core.webservice.keyword.builtin.VerifyElementPropertyValueKeyword.verifyElementPropertyValue(VerifyElementPropertyValueKeyword.groovy:48)
	at com.kms.katalon.core.webservice.keyword.builtin.VerifyElementPropertyValueKeyword.execute(VerifyElementPropertyValueKeyword.groovy:43)
	at com.kms.katalon.core.keyword.internal.KeywordExecutor.executeKeywordForPlatform(KeywordExecutor.groovy:74)
	at com.kms.katalon.core.webservice.keyword.WSBuiltInKeywords.verifyElementPropertyValue(WSBuiltInKeywords.groovy:175)
	at com.kms.katalon.core.webservice.keyword.WSBuiltInKeywords$verifyElementPropertyValue$0.call(Unknown Source)
	at 1. get token - data order.run(1. get token - data order:744)
	at com.kms.katalon.core.main.ScriptEngine.run(ScriptEngine.java:194)
	at com.kms.katalon.core.main.ScriptEngine.runScriptAsRawText(ScriptEngine.java:119)
	at com.kms.katalon.core.main.TestCaseExecutor.runScript(TestCaseExecutor.java:442)
	at com.kms.katalon.core.main.TestCaseExecutor.doExecute(TestCaseExecutor.java:433)
	at com.kms.katalon.core.main.TestCaseExecutor.processExecutionPhase(TestCaseExecutor.java:412)
	at com.kms.katalon.core.main.TestCaseExecutor.accessMainPhase(TestCaseExecutor.java:404)
	at com.kms.katalon.core.main.TestCaseExecutor.execute(TestCaseExecutor.java:281)
	at com.kms.katalon.core.main.TestSuiteExecutor.accessTestCaseMainPhase(TestSuiteExecutor.java:202)
	at com.kms.katalon.core.main.TestSuiteExecutor.accessTestSuiteMainPhase(TestSuiteExecutor.java:164)
	at com.kms.katalon.core.main.TestSuiteExecutor.execute(TestSuiteExecutor.java:105)
	at com.kms.katalon.core.main.TestCaseMain.startTestSuite(TestCaseMain.java:181)
	at com.kms.katalon.core.main.TestCaseMain$startTestSuite$0.call(Unknown Source)
	at TempTestSuite1648100878643.run(TempTestSuite1648100878643.groovy:36)
)

2022-03-24 12:50:33 - [MESSAGE][FAILED] - Unable to verify element property value (Root cause: java.lang.NullPointerException: Cannot get property 'PerluasanJaminan' on null object
	at Script1.run(Script1.groovy:1)
	at com.kms.katalon.core.webservice.helper.WebServiceCommonHelper.parseAndGetPropertyValueForJson(WebServiceCommonHelper.java:213)
	at com.kms.katalon.core.webservice.keyword.builtin.VerifyElementPropertyValueKeyword$_verifyElementPropertyValue_closure1.doCall(VerifyElementPropertyValueKeyword.groovy:52)
	at com.kms.katalon.core.webservice.keyword.builtin.VerifyElementPropertyValueKeyword$_verifyElementPropertyValue_closure1.call(VerifyElementPropertyValueKeyword.groovy)
	at com.kms.katalon.core.keyword.internal.KeywordMain.runKeyword(KeywordMain.groovy:74)
	at com.kms.katalon.core.webservice.keyword.builtin.VerifyElementPropertyValueKeyword.verifyElementPropertyValue(VerifyElementPropertyValueKeyword.groovy:48)
	at com.kms.katalon.core.webservice.keyword.builtin.VerifyElementPropertyValueKeyword.execute(VerifyElementPropertyValueKeyword.groovy:43)
	at com.kms.katalon.core.keyword.internal.KeywordExecutor.executeKeywordForPlatform(KeywordExecutor.groovy:74)
	at com.kms.katalon.core.webservice.keyword.WSBuiltInKeywords.verifyElementPropertyValue(WSBuiltInKeywords.groovy:175)
	at com.kms.katalon.core.webservice.keyword.WSBuiltInKeywords$verifyElementPropertyValue$0.call(Unknown Source)
	at 1. get token - data order.run(1. get token - data order:744)
	at com.kms.katalon.core.main.ScriptEngine.run(ScriptEngine.java:194)
	at com.kms.katalon.core.main.ScriptEngine.runScriptAsRawText(ScriptEngine.java:119)
	at com.kms.katalon.core.main.TestCaseExecutor.runScript(TestCaseExecutor.java:442)
	at com.kms.katalon.core.main.TestCaseExecutor.doExecute(TestCaseExecutor.java:433)
	at com.kms.katalon.core.main.TestCaseExecutor.processExecutionPhase(TestCaseExecutor.java:412)
	at com.kms.katalon.core.main.TestCaseExecutor.accessMainPhase(TestCaseExecutor.java:404)
	at com.kms.katalon.core.main.TestCaseExecutor.execute(TestCaseExecutor.java:281)
	at com.kms.katalon.core.main.TestSuiteExecutor.accessTestCaseMainPhase(TestSuiteExecutor.java:202)
	at com.kms.katalon.core.main.TestSuiteExecutor.accessTestSuiteMainPhase(TestSuiteExecutor.java:164)
	at com.kms.katalon.core.main.TestSuiteExecutor.execute(TestSuiteExecutor.java:105)
	at com.kms.katalon.core.main.TestCaseMain.startTestSuite(TestCaseMain.java:181)
	at com.kms.katalon.core.main.TestCaseMain$startTestSuite$0.call(Unknown Source)
	at TempTestSuite1648100878643.run(TempTestSuite1648100878643.groovy:36)
)

2022-03-24 12:50:33 - [TEST_STEP][FAILED] - verifyElementPropertyValue(order, "GetDataOrderResponse.ListDataOrder[0].InsuranceData[3].PerluasanJaminan.Banjir", o_rsmb_val_3, CONTINUE_ON_FAILURE): Unable to verify element property value (Root cause: java.lang.NullPointerException: Cannot get property 'PerluasanJaminan' on null object
	at Script1.run(Script1.groovy:1)
	at com.kms.katalon.core.webservice.helper.WebServiceCommonHelper.parseAndGetPropertyValueForJson(WebServiceCommonHelper.java:213)
	at com.kms.katalon.core.webservice.keyword.builtin.VerifyElementPropertyValueKeyword$_verifyElementPropertyValue_closure1.doCall(VerifyElementPropertyValueKeyword.groovy:52)
	at com.kms.katalon.core.webservice.keyword.builtin.VerifyElementPropertyValueKeyword$_verifyElementPropertyValue_closure1.call(VerifyElementPropertyValueKeyword.groovy)
	at com.kms.katalon.core.keyword.internal.KeywordMain.runKeyword(KeywordMain.groovy:74)
	at com.kms.katalon.core.webservice.keyword.builtin.VerifyElementPropertyValueKeyword.verifyElementPropertyValue(VerifyElementPropertyValueKeyword.groovy:48)
	at com.kms.katalon.core.webservice.keyword.builtin.VerifyElementPropertyValueKeyword.execute(VerifyElementPropertyValueKeyword.groovy:43)
	at com.kms.katalon.core.keyword.internal.KeywordExecutor.executeKeywordForPlatform(KeywordExecutor.groovy:74)
	at com.kms.katalon.core.webservice.keyword.WSBuiltInKeywords.verifyElementPropertyValue(WSBuiltInKeywords.groovy:175)
	at com.kms.katalon.core.webservice.keyword.WSBuiltInKeywords$verifyElementPropertyValue$0.call(Unknown Source)
	at 1. get token - data order.run(1. get token - data order:747)
	at com.kms.katalon.core.main.ScriptEngine.run(ScriptEngine.java:194)
	at com.kms.katalon.core.main.ScriptEngine.runScriptAsRawText(ScriptEngine.java:119)
	at com.kms.katalon.core.main.TestCaseExecutor.runScript(TestCaseExecutor.java:442)
	at com.kms.katalon.core.main.TestCaseExecutor.doExecute(TestCaseExecutor.java:433)
	at com.kms.katalon.core.main.TestCaseExecutor.processExecutionPhase(TestCaseExecutor.java:412)
	at com.kms.katalon.core.main.TestCaseExecutor.accessMainPhase(TestCaseExecutor.java:404)
	at com.kms.katalon.core.main.TestCaseExecutor.execute(TestCaseExecutor.java:281)
	at com.kms.katalon.core.main.TestSuiteExecutor.accessTestCaseMainPhase(TestSuiteExecutor.java:202)
	at com.kms.katalon.core.main.TestSuiteExecutor.accessTestSuiteMainPhase(TestSuiteExecutor.java:164)
	at com.kms.katalon.core.main.TestSuiteExecutor.execute(TestSuiteExecutor.java:105)
	at com.kms.katalon.core.main.TestCaseMain.startTestSuite(TestCaseMain.java:181)
	at com.kms.katalon.core.main.TestCaseMain$startTestSuite$0.call(Unknown Source)
	at TempTestSuite1648100878643.run(TempTestSuite1648100878643.groovy:36)
)

2022-03-24 12:50:33 - [MESSAGE][FAILED] - Unable to verify element property value (Root cause: java.lang.NullPointerException: Cannot get property 'PerluasanJaminan' on null object
	at Script1.run(Script1.groovy:1)
	at com.kms.katalon.core.webservice.helper.WebServiceCommonHelper.parseAndGetPropertyValueForJson(WebServiceCommonHelper.java:213)
	at com.kms.katalon.core.webservice.keyword.builtin.VerifyElementPropertyValueKeyword$_verifyElementPropertyValue_closure1.doCall(VerifyElementPropertyValueKeyword.groovy:52)
	at com.kms.katalon.core.webservice.keyword.builtin.VerifyElementPropertyValueKeyword$_verifyElementPropertyValue_closure1.call(VerifyElementPropertyValueKeyword.groovy)
	at com.kms.katalon.core.keyword.internal.KeywordMain.runKeyword(KeywordMain.groovy:74)
	at com.kms.katalon.core.webservice.keyword.builtin.VerifyElementPropertyValueKeyword.verifyElementPropertyValue(VerifyElementPropertyValueKeyword.groovy:48)
	at com.kms.katalon.core.webservice.keyword.builtin.VerifyElementPropertyValueKeyword.execute(VerifyElementPropertyValueKeyword.groovy:43)
	at com.kms.katalon.core.keyword.internal.KeywordExecutor.executeKeywordForPlatform(KeywordExecutor.groovy:74)
	at com.kms.katalon.core.webservice.keyword.WSBuiltInKeywords.verifyElementPropertyValue(WSBuiltInKeywords.groovy:175)
	at com.kms.katalon.core.webservice.keyword.WSBuiltInKeywords$verifyElementPropertyValue$0.call(Unknown Source)
	at 1. get token - data order.run(1. get token - data order:747)
	at com.kms.katalon.core.main.ScriptEngine.run(ScriptEngine.java:194)
	at com.kms.katalon.core.main.ScriptEngine.runScriptAsRawText(ScriptEngine.java:119)
	at com.kms.katalon.core.main.TestCaseExecutor.runScript(TestCaseExecutor.java:442)
	at com.kms.katalon.core.main.TestCaseExecutor.doExecute(TestCaseExecutor.java:433)
	at com.kms.katalon.core.main.TestCaseExecutor.processExecutionPhase(TestCaseExecutor.java:412)
	at com.kms.katalon.core.main.TestCaseExecutor.accessMainPhase(TestCaseExecutor.java:404)
	at com.kms.katalon.core.main.TestCaseExecutor.execute(TestCaseExecutor.java:281)
	at com.kms.katalon.core.main.TestSuiteExecutor.accessTestCaseMainPhase(TestSuiteExecutor.java:202)
	at com.kms.katalon.core.main.TestSuiteExecutor.accessTestSuiteMainPhase(TestSuiteExecutor.java:164)
	at com.kms.katalon.core.main.TestSuiteExecutor.execute(TestSuiteExecutor.java:105)
	at com.kms.katalon.core.main.TestCaseMain.startTestSuite(TestCaseMain.java:181)
	at com.kms.katalon.core.main.TestCaseMain$startTestSuite$0.call(Unknown Source)
	at TempTestSuite1648100878643.run(TempTestSuite1648100878643.groovy:36)
)

2022-03-24 12:50:33 - [TEST_STEP][FAILED] - verifyElementPropertyValue(order, "GetDataOrderResponse.ListDataOrder[0].InsuranceData[3].PerluasanJaminan.Accessories", o_acc_val_3, CONTINUE_ON_FAILURE): Unable to verify element property value (Root cause: java.lang.NullPointerException: Cannot get property 'PerluasanJaminan' on null object
	at Script1.run(Script1.groovy:1)
	at com.kms.katalon.core.webservice.helper.WebServiceCommonHelper.parseAndGetPropertyValueForJson(WebServiceCommonHelper.java:213)
	at com.kms.katalon.core.webservice.keyword.builtin.VerifyElementPropertyValueKeyword$_verifyElementPropertyValue_closure1.doCall(VerifyElementPropertyValueKeyword.groovy:52)
	at com.kms.katalon.core.webservice.keyword.builtin.VerifyElementPropertyValueKeyword$_verifyElementPropertyValue_closure1.call(VerifyElementPropertyValueKeyword.groovy)
	at com.kms.katalon.core.keyword.internal.KeywordMain.runKeyword(KeywordMain.groovy:74)
	at com.kms.katalon.core.webservice.keyword.builtin.VerifyElementPropertyValueKeyword.verifyElementPropertyValue(VerifyElementPropertyValueKeyword.groovy:48)
	at com.kms.katalon.core.webservice.keyword.builtin.VerifyElementPropertyValueKeyword.execute(VerifyElementPropertyValueKeyword.groovy:43)
	at com.kms.katalon.core.keyword.internal.KeywordExecutor.executeKeywordForPlatform(KeywordExecutor.groovy:74)
	at com.kms.katalon.core.webservice.keyword.WSBuiltInKeywords.verifyElementPropertyValue(WSBuiltInKeywords.groovy:175)
	at com.kms.katalon.core.webservice.keyword.WSBuiltInKeywords$verifyElementPropertyValue$0.call(Unknown Source)
	at 1. get token - data order.run(1. get token - data order:750)
	at com.kms.katalon.core.main.ScriptEngine.run(ScriptEngine.java:194)
	at com.kms.katalon.core.main.ScriptEngine.runScriptAsRawText(ScriptEngine.java:119)
	at com.kms.katalon.core.main.TestCaseExecutor.runScript(TestCaseExecutor.java:442)
	at com.kms.katalon.core.main.TestCaseExecutor.doExecute(TestCaseExecutor.java:433)
	at com.kms.katalon.core.main.TestCaseExecutor.processExecutionPhase(TestCaseExecutor.java:412)
	at com.kms.katalon.core.main.TestCaseExecutor.accessMainPhase(TestCaseExecutor.java:404)
	at com.kms.katalon.core.main.TestCaseExecutor.execute(TestCaseExecutor.java:281)
	at com.kms.katalon.core.main.TestSuiteExecutor.accessTestCaseMainPhase(TestSuiteExecutor.java:202)
	at com.kms.katalon.core.main.TestSuiteExecutor.accessTestSuiteMainPhase(TestSuiteExecutor.java:164)
	at com.kms.katalon.core.main.TestSuiteExecutor.execute(TestSuiteExecutor.java:105)
	at com.kms.katalon.core.main.TestCaseMain.startTestSuite(TestCaseMain.java:181)
	at com.kms.katalon.core.main.TestCaseMain$startTestSuite$0.call(Unknown Source)
	at TempTestSuite1648100878643.run(TempTestSuite1648100878643.groovy:36)
)

2022-03-24 12:50:33 - [MESSAGE][FAILED] - Unable to verify element property value (Root cause: java.lang.NullPointerException: Cannot get property 'PerluasanJaminan' on null object
	at Script1.run(Script1.groovy:1)
	at com.kms.katalon.core.webservice.helper.WebServiceCommonHelper.parseAndGetPropertyValueForJson(WebServiceCommonHelper.java:213)
	at com.kms.katalon.core.webservice.keyword.builtin.VerifyElementPropertyValueKeyword$_verifyElementPropertyValue_closure1.doCall(VerifyElementPropertyValueKeyword.groovy:52)
	at com.kms.katalon.core.webservice.keyword.builtin.VerifyElementPropertyValueKeyword$_verifyElementPropertyValue_closure1.call(VerifyElementPropertyValueKeyword.groovy)
	at com.kms.katalon.core.keyword.internal.KeywordMain.runKeyword(KeywordMain.groovy:74)
	at com.kms.katalon.core.webservice.keyword.builtin.VerifyElementPropertyValueKeyword.verifyElementPropertyValue(VerifyElementPropertyValueKeyword.groovy:48)
	at com.kms.katalon.core.webservice.keyword.builtin.VerifyElementPropertyValueKeyword.execute(VerifyElementPropertyValueKeyword.groovy:43)
	at com.kms.katalon.core.keyword.internal.KeywordExecutor.executeKeywordForPlatform(KeywordExecutor.groovy:74)
	at com.kms.katalon.core.webservice.keyword.WSBuiltInKeywords.verifyElementPropertyValue(WSBuiltInKeywords.groovy:175)
	at com.kms.katalon.core.webservice.keyword.WSBuiltInKeywords$verifyElementPropertyValue$0.call(Unknown Source)
	at 1. get token - data order.run(1. get token - data order:750)
	at com.kms.katalon.core.main.ScriptEngine.run(ScriptEngine.java:194)
	at com.kms.katalon.core.main.ScriptEngine.runScriptAsRawText(ScriptEngine.java:119)
	at com.kms.katalon.core.main.TestCaseExecutor.runScript(TestCaseExecutor.java:442)
	at com.kms.katalon.core.main.TestCaseExecutor.doExecute(TestCaseExecutor.java:433)
	at com.kms.katalon.core.main.TestCaseExecutor.processExecutionPhase(TestCaseExecutor.java:412)
	at com.kms.katalon.core.main.TestCaseExecutor.accessMainPhase(TestCaseExecutor.java:404)
	at com.kms.katalon.core.main.TestCaseExecutor.execute(TestCaseExecutor.java:281)
	at com.kms.katalon.core.main.TestSuiteExecutor.accessTestCaseMainPhase(TestSuiteExecutor.java:202)
	at com.kms.katalon.core.main.TestSuiteExecutor.accessTestSuiteMainPhase(TestSuiteExecutor.java:164)
	at com.kms.katalon.core.main.TestSuiteExecutor.execute(TestSuiteExecutor.java:105)
	at com.kms.katalon.core.main.TestCaseMain.startTestSuite(TestCaseMain.java:181)
	at com.kms.katalon.core.main.TestCaseMain$startTestSuite$0.call(Unknown Source)
	at TempTestSuite1648100878643.run(TempTestSuite1648100878643.groovy:36)
)

2022-03-24 12:50:33 - [TEST_STEP][FAILED] - verifyElementPropertyValue(order, "GetDataOrderResponse.ListDataOrder[0].InsuranceData[4].KondisiPertanggungan", o_kond_pertanggungan_4, CONTINUE_ON_FAILURE): Unable to verify element property value (Root cause: java.lang.NullPointerException: Cannot get property 'KondisiPertanggungan' on null object
	at Script1.run(Script1.groovy:1)
	at com.kms.katalon.core.webservice.helper.WebServiceCommonHelper.parseAndGetPropertyValueForJson(WebServiceCommonHelper.java:213)
	at com.kms.katalon.core.webservice.keyword.builtin.VerifyElementPropertyValueKeyword$_verifyElementPropertyValue_closure1.doCall(VerifyElementPropertyValueKeyword.groovy:52)
	at com.kms.katalon.core.webservice.keyword.builtin.VerifyElementPropertyValueKeyword$_verifyElementPropertyValue_closure1.call(VerifyElementPropertyValueKeyword.groovy)
	at com.kms.katalon.core.keyword.internal.KeywordMain.runKeyword(KeywordMain.groovy:74)
	at com.kms.katalon.core.webservice.keyword.builtin.VerifyElementPropertyValueKeyword.verifyElementPropertyValue(VerifyElementPropertyValueKeyword.groovy:48)
	at com.kms.katalon.core.webservice.keyword.builtin.VerifyElementPropertyValueKeyword.execute(VerifyElementPropertyValueKeyword.groovy:43)
	at com.kms.katalon.core.keyword.internal.KeywordExecutor.executeKeywordForPlatform(KeywordExecutor.groovy:74)
	at com.kms.katalon.core.webservice.keyword.WSBuiltInKeywords.verifyElementPropertyValue(WSBuiltInKeywords.groovy:175)
	at com.kms.katalon.core.webservice.keyword.WSBuiltInKeywords$verifyElementPropertyValue$0.call(Unknown Source)
	at 1. get token - data order.run(1. get token - data order:754)
	at com.kms.katalon.core.main.ScriptEngine.run(ScriptEngine.java:194)
	at com.kms.katalon.core.main.ScriptEngine.runScriptAsRawText(ScriptEngine.java:119)
	at com.kms.katalon.core.main.TestCaseExecutor.runScript(TestCaseExecutor.java:442)
	at com.kms.katalon.core.main.TestCaseExecutor.doExecute(TestCaseExecutor.java:433)
	at com.kms.katalon.core.main.TestCaseExecutor.processExecutionPhase(TestCaseExecutor.java:412)
	at com.kms.katalon.core.main.TestCaseExecutor.accessMainPhase(TestCaseExecutor.java:404)
	at com.kms.katalon.core.main.TestCaseExecutor.execute(TestCaseExecutor.java:281)
	at com.kms.katalon.core.main.TestSuiteExecutor.accessTestCaseMainPhase(TestSuiteExecutor.java:202)
	at com.kms.katalon.core.main.TestSuiteExecutor.accessTestSuiteMainPhase(TestSuiteExecutor.java:164)
	at com.kms.katalon.core.main.TestSuiteExecutor.execute(TestSuiteExecutor.java:105)
	at com.kms.katalon.core.main.TestCaseMain.startTestSuite(TestCaseMain.java:181)
	at com.kms.katalon.core.main.TestCaseMain$startTestSuite$0.call(Unknown Source)
	at TempTestSuite1648100878643.run(TempTestSuite1648100878643.groovy:36)
)

2022-03-24 12:50:33 - [MESSAGE][FAILED] - Unable to verify element property value (Root cause: java.lang.NullPointerException: Cannot get property 'KondisiPertanggungan' on null object
	at Script1.run(Script1.groovy:1)
	at com.kms.katalon.core.webservice.helper.WebServiceCommonHelper.parseAndGetPropertyValueForJson(WebServiceCommonHelper.java:213)
	at com.kms.katalon.core.webservice.keyword.builtin.VerifyElementPropertyValueKeyword$_verifyElementPropertyValue_closure1.doCall(VerifyElementPropertyValueKeyword.groovy:52)
	at com.kms.katalon.core.webservice.keyword.builtin.VerifyElementPropertyValueKeyword$_verifyElementPropertyValue_closure1.call(VerifyElementPropertyValueKeyword.groovy)
	at com.kms.katalon.core.keyword.internal.KeywordMain.runKeyword(KeywordMain.groovy:74)
	at com.kms.katalon.core.webservice.keyword.builtin.VerifyElementPropertyValueKeyword.verifyElementPropertyValue(VerifyElementPropertyValueKeyword.groovy:48)
	at com.kms.katalon.core.webservice.keyword.builtin.VerifyElementPropertyValueKeyword.execute(VerifyElementPropertyValueKeyword.groovy:43)
	at com.kms.katalon.core.keyword.internal.KeywordExecutor.executeKeywordForPlatform(KeywordExecutor.groovy:74)
	at com.kms.katalon.core.webservice.keyword.WSBuiltInKeywords.verifyElementPropertyValue(WSBuiltInKeywords.groovy:175)
	at com.kms.katalon.core.webservice.keyword.WSBuiltInKeywords$verifyElementPropertyValue$0.call(Unknown Source)
	at 1. get token - data order.run(1. get token - data order:754)
	at com.kms.katalon.core.main.ScriptEngine.run(ScriptEngine.java:194)
	at com.kms.katalon.core.main.ScriptEngine.runScriptAsRawText(ScriptEngine.java:119)
	at com.kms.katalon.core.main.TestCaseExecutor.runScript(TestCaseExecutor.java:442)
	at com.kms.katalon.core.main.TestCaseExecutor.doExecute(TestCaseExecutor.java:433)
	at com.kms.katalon.core.main.TestCaseExecutor.processExecutionPhase(TestCaseExecutor.java:412)
	at com.kms.katalon.core.main.TestCaseExecutor.accessMainPhase(TestCaseExecutor.java:404)
	at com.kms.katalon.core.main.TestCaseExecutor.execute(TestCaseExecutor.java:281)
	at com.kms.katalon.core.main.TestSuiteExecutor.accessTestCaseMainPhase(TestSuiteExecutor.java:202)
	at com.kms.katalon.core.main.TestSuiteExecutor.accessTestSuiteMainPhase(TestSuiteExecutor.java:164)
	at com.kms.katalon.core.main.TestSuiteExecutor.execute(TestSuiteExecutor.java:105)
	at com.kms.katalon.core.main.TestCaseMain.startTestSuite(TestCaseMain.java:181)
	at com.kms.katalon.core.main.TestCaseMain$startTestSuite$0.call(Unknown Source)
	at TempTestSuite1648100878643.run(TempTestSuite1648100878643.groovy:36)
)

2022-03-24 12:50:33 - [TEST_STEP][FAILED] - verifyElementPropertyValue(order, "GetDataOrderResponse.ListDataOrder[0].InsuranceData[4].TJH", o_tjh_header_4, CONTINUE_ON_FAILURE): Unable to verify element property value (Root cause: java.lang.NullPointerException: Cannot get property 'TJH' on null object
	at Script1.run(Script1.groovy:1)
	at com.kms.katalon.core.webservice.helper.WebServiceCommonHelper.parseAndGetPropertyValueForJson(WebServiceCommonHelper.java:213)
	at com.kms.katalon.core.webservice.keyword.builtin.VerifyElementPropertyValueKeyword$_verifyElementPropertyValue_closure1.doCall(VerifyElementPropertyValueKeyword.groovy:52)
	at com.kms.katalon.core.webservice.keyword.builtin.VerifyElementPropertyValueKeyword$_verifyElementPropertyValue_closure1.call(VerifyElementPropertyValueKeyword.groovy)
	at com.kms.katalon.core.keyword.internal.KeywordMain.runKeyword(KeywordMain.groovy:74)
	at com.kms.katalon.core.webservice.keyword.builtin.VerifyElementPropertyValueKeyword.verifyElementPropertyValue(VerifyElementPropertyValueKeyword.groovy:48)
	at com.kms.katalon.core.webservice.keyword.builtin.VerifyElementPropertyValueKeyword.execute(VerifyElementPropertyValueKeyword.groovy:43)
	at com.kms.katalon.core.keyword.internal.KeywordExecutor.executeKeywordForPlatform(KeywordExecutor.groovy:74)
	at com.kms.katalon.core.webservice.keyword.WSBuiltInKeywords.verifyElementPropertyValue(WSBuiltInKeywords.groovy:175)
	at com.kms.katalon.core.webservice.keyword.WSBuiltInKeywords$verifyElementPropertyValue$0.call(Unknown Source)
	at 1. get token - data order.run(1. get token - data order:757)
	at com.kms.katalon.core.main.ScriptEngine.run(ScriptEngine.java:194)
	at com.kms.katalon.core.main.ScriptEngine.runScriptAsRawText(ScriptEngine.java:119)
	at com.kms.katalon.core.main.TestCaseExecutor.runScript(TestCaseExecutor.java:442)
	at com.kms.katalon.core.main.TestCaseExecutor.doExecute(TestCaseExecutor.java:433)
	at com.kms.katalon.core.main.TestCaseExecutor.processExecutionPhase(TestCaseExecutor.java:412)
	at com.kms.katalon.core.main.TestCaseExecutor.accessMainPhase(TestCaseExecutor.java:404)
	at com.kms.katalon.core.main.TestCaseExecutor.execute(TestCaseExecutor.java:281)
	at com.kms.katalon.core.main.TestSuiteExecutor.accessTestCaseMainPhase(TestSuiteExecutor.java:202)
	at com.kms.katalon.core.main.TestSuiteExecutor.accessTestSuiteMainPhase(TestSuiteExecutor.java:164)
	at com.kms.katalon.core.main.TestSuiteExecutor.execute(TestSuiteExecutor.java:105)
	at com.kms.katalon.core.main.TestCaseMain.startTestSuite(TestCaseMain.java:181)
	at com.kms.katalon.core.main.TestCaseMain$startTestSuite$0.call(Unknown Source)
	at TempTestSuite1648100878643.run(TempTestSuite1648100878643.groovy:36)
)

2022-03-24 12:50:33 - [MESSAGE][FAILED] - Unable to verify element property value (Root cause: java.lang.NullPointerException: Cannot get property 'TJH' on null object
	at Script1.run(Script1.groovy:1)
	at com.kms.katalon.core.webservice.helper.WebServiceCommonHelper.parseAndGetPropertyValueForJson(WebServiceCommonHelper.java:213)
	at com.kms.katalon.core.webservice.keyword.builtin.VerifyElementPropertyValueKeyword$_verifyElementPropertyValue_closure1.doCall(VerifyElementPropertyValueKeyword.groovy:52)
	at com.kms.katalon.core.webservice.keyword.builtin.VerifyElementPropertyValueKeyword$_verifyElementPropertyValue_closure1.call(VerifyElementPropertyValueKeyword.groovy)
	at com.kms.katalon.core.keyword.internal.KeywordMain.runKeyword(KeywordMain.groovy:74)
	at com.kms.katalon.core.webservice.keyword.builtin.VerifyElementPropertyValueKeyword.verifyElementPropertyValue(VerifyElementPropertyValueKeyword.groovy:48)
	at com.kms.katalon.core.webservice.keyword.builtin.VerifyElementPropertyValueKeyword.execute(VerifyElementPropertyValueKeyword.groovy:43)
	at com.kms.katalon.core.keyword.internal.KeywordExecutor.executeKeywordForPlatform(KeywordExecutor.groovy:74)
	at com.kms.katalon.core.webservice.keyword.WSBuiltInKeywords.verifyElementPropertyValue(WSBuiltInKeywords.groovy:175)
	at com.kms.katalon.core.webservice.keyword.WSBuiltInKeywords$verifyElementPropertyValue$0.call(Unknown Source)
	at 1. get token - data order.run(1. get token - data order:757)
	at com.kms.katalon.core.main.ScriptEngine.run(ScriptEngine.java:194)
	at com.kms.katalon.core.main.ScriptEngine.runScriptAsRawText(ScriptEngine.java:119)
	at com.kms.katalon.core.main.TestCaseExecutor.runScript(TestCaseExecutor.java:442)
	at com.kms.katalon.core.main.TestCaseExecutor.doExecute(TestCaseExecutor.java:433)
	at com.kms.katalon.core.main.TestCaseExecutor.processExecutionPhase(TestCaseExecutor.java:412)
	at com.kms.katalon.core.main.TestCaseExecutor.accessMainPhase(TestCaseExecutor.java:404)
	at com.kms.katalon.core.main.TestCaseExecutor.execute(TestCaseExecutor.java:281)
	at com.kms.katalon.core.main.TestSuiteExecutor.accessTestCaseMainPhase(TestSuiteExecutor.java:202)
	at com.kms.katalon.core.main.TestSuiteExecutor.accessTestSuiteMainPhase(TestSuiteExecutor.java:164)
	at com.kms.katalon.core.main.TestSuiteExecutor.execute(TestSuiteExecutor.java:105)
	at com.kms.katalon.core.main.TestCaseMain.startTestSuite(TestCaseMain.java:181)
	at com.kms.katalon.core.main.TestCaseMain$startTestSuite$0.call(Unknown Source)
	at TempTestSuite1648100878643.run(TempTestSuite1648100878643.groovy:36)
)

2022-03-24 12:50:33 - [TEST_STEP][FAILED] - verifyElementPropertyValue(order, "GetDataOrderResponse.ListDataOrder[0].InsuranceData[4].InsuredValue", o_ins_val_4, CONTINUE_ON_FAILURE): Unable to verify element property value (Root cause: java.lang.NullPointerException: Cannot get property 'InsuredValue' on null object
	at Script1.run(Script1.groovy:1)
	at com.kms.katalon.core.webservice.helper.WebServiceCommonHelper.parseAndGetPropertyValueForJson(WebServiceCommonHelper.java:213)
	at com.kms.katalon.core.webservice.keyword.builtin.VerifyElementPropertyValueKeyword$_verifyElementPropertyValue_closure1.doCall(VerifyElementPropertyValueKeyword.groovy:52)
	at com.kms.katalon.core.webservice.keyword.builtin.VerifyElementPropertyValueKeyword$_verifyElementPropertyValue_closure1.call(VerifyElementPropertyValueKeyword.groovy)
	at com.kms.katalon.core.keyword.internal.KeywordMain.runKeyword(KeywordMain.groovy:74)
	at com.kms.katalon.core.webservice.keyword.builtin.VerifyElementPropertyValueKeyword.verifyElementPropertyValue(VerifyElementPropertyValueKeyword.groovy:48)
	at com.kms.katalon.core.webservice.keyword.builtin.VerifyElementPropertyValueKeyword.execute(VerifyElementPropertyValueKeyword.groovy:43)
	at com.kms.katalon.core.keyword.internal.KeywordExecutor.executeKeywordForPlatform(KeywordExecutor.groovy:74)
	at com.kms.katalon.core.webservice.keyword.WSBuiltInKeywords.verifyElementPropertyValue(WSBuiltInKeywords.groovy:175)
	at com.kms.katalon.core.webservice.keyword.WSBuiltInKeywords$verifyElementPropertyValue$0.call(Unknown Source)
	at 1. get token - data order.run(1. get token - data order:759)
	at com.kms.katalon.core.main.ScriptEngine.run(ScriptEngine.java:194)
	at com.kms.katalon.core.main.ScriptEngine.runScriptAsRawText(ScriptEngine.java:119)
	at com.kms.katalon.core.main.TestCaseExecutor.runScript(TestCaseExecutor.java:442)
	at com.kms.katalon.core.main.TestCaseExecutor.doExecute(TestCaseExecutor.java:433)
	at com.kms.katalon.core.main.TestCaseExecutor.processExecutionPhase(TestCaseExecutor.java:412)
	at com.kms.katalon.core.main.TestCaseExecutor.accessMainPhase(TestCaseExecutor.java:404)
	at com.kms.katalon.core.main.TestCaseExecutor.execute(TestCaseExecutor.java:281)
	at com.kms.katalon.core.main.TestSuiteExecutor.accessTestCaseMainPhase(TestSuiteExecutor.java:202)
	at com.kms.katalon.core.main.TestSuiteExecutor.accessTestSuiteMainPhase(TestSuiteExecutor.java:164)
	at com.kms.katalon.core.main.TestSuiteExecutor.execute(TestSuiteExecutor.java:105)
	at com.kms.katalon.core.main.TestCaseMain.startTestSuite(TestCaseMain.java:181)
	at com.kms.katalon.core.main.TestCaseMain$startTestSuite$0.call(Unknown Source)
	at TempTestSuite1648100878643.run(TempTestSuite1648100878643.groovy:36)
)

2022-03-24 12:50:33 - [MESSAGE][FAILED] - Unable to verify element property value (Root cause: java.lang.NullPointerException: Cannot get property 'InsuredValue' on null object
	at Script1.run(Script1.groovy:1)
	at com.kms.katalon.core.webservice.helper.WebServiceCommonHelper.parseAndGetPropertyValueForJson(WebServiceCommonHelper.java:213)
	at com.kms.katalon.core.webservice.keyword.builtin.VerifyElementPropertyValueKeyword$_verifyElementPropertyValue_closure1.doCall(VerifyElementPropertyValueKeyword.groovy:52)
	at com.kms.katalon.core.webservice.keyword.builtin.VerifyElementPropertyValueKeyword$_verifyElementPropertyValue_closure1.call(VerifyElementPropertyValueKeyword.groovy)
	at com.kms.katalon.core.keyword.internal.KeywordMain.runKeyword(KeywordMain.groovy:74)
	at com.kms.katalon.core.webservice.keyword.builtin.VerifyElementPropertyValueKeyword.verifyElementPropertyValue(VerifyElementPropertyValueKeyword.groovy:48)
	at com.kms.katalon.core.webservice.keyword.builtin.VerifyElementPropertyValueKeyword.execute(VerifyElementPropertyValueKeyword.groovy:43)
	at com.kms.katalon.core.keyword.internal.KeywordExecutor.executeKeywordForPlatform(KeywordExecutor.groovy:74)
	at com.kms.katalon.core.webservice.keyword.WSBuiltInKeywords.verifyElementPropertyValue(WSBuiltInKeywords.groovy:175)
	at com.kms.katalon.core.webservice.keyword.WSBuiltInKeywords$verifyElementPropertyValue$0.call(Unknown Source)
	at 1. get token - data order.run(1. get token - data order:759)
	at com.kms.katalon.core.main.ScriptEngine.run(ScriptEngine.java:194)
	at com.kms.katalon.core.main.ScriptEngine.runScriptAsRawText(ScriptEngine.java:119)
	at com.kms.katalon.core.main.TestCaseExecutor.runScript(TestCaseExecutor.java:442)
	at com.kms.katalon.core.main.TestCaseExecutor.doExecute(TestCaseExecutor.java:433)
	at com.kms.katalon.core.main.TestCaseExecutor.processExecutionPhase(TestCaseExecutor.java:412)
	at com.kms.katalon.core.main.TestCaseExecutor.accessMainPhase(TestCaseExecutor.java:404)
	at com.kms.katalon.core.main.TestCaseExecutor.execute(TestCaseExecutor.java:281)
	at com.kms.katalon.core.main.TestSuiteExecutor.accessTestCaseMainPhase(TestSuiteExecutor.java:202)
	at com.kms.katalon.core.main.TestSuiteExecutor.accessTestSuiteMainPhase(TestSuiteExecutor.java:164)
	at com.kms.katalon.core.main.TestSuiteExecutor.execute(TestSuiteExecutor.java:105)
	at com.kms.katalon.core.main.TestCaseMain.startTestSuite(TestCaseMain.java:181)
	at com.kms.katalon.core.main.TestCaseMain$startTestSuite$0.call(Unknown Source)
	at TempTestSuite1648100878643.run(TempTestSuite1648100878643.groovy:36)
)

2022-03-24 12:50:33 - [TEST_STEP][FAILED] - verifyElementPropertyValue(order, "GetDataOrderResponse.ListDataOrder[0].InsuranceData[4].InsuredFrom", o_ins_form_4, CONTINUE_ON_FAILURE): Unable to verify element property value (Root cause: java.lang.NullPointerException: Cannot get property 'InsuredFrom' on null object
	at Script1.run(Script1.groovy:1)
	at com.kms.katalon.core.webservice.helper.WebServiceCommonHelper.parseAndGetPropertyValueForJson(WebServiceCommonHelper.java:213)
	at com.kms.katalon.core.webservice.keyword.builtin.VerifyElementPropertyValueKeyword$_verifyElementPropertyValue_closure1.doCall(VerifyElementPropertyValueKeyword.groovy:52)
	at com.kms.katalon.core.webservice.keyword.builtin.VerifyElementPropertyValueKeyword$_verifyElementPropertyValue_closure1.call(VerifyElementPropertyValueKeyword.groovy)
	at com.kms.katalon.core.keyword.internal.KeywordMain.runKeyword(KeywordMain.groovy:74)
	at com.kms.katalon.core.webservice.keyword.builtin.VerifyElementPropertyValueKeyword.verifyElementPropertyValue(VerifyElementPropertyValueKeyword.groovy:48)
	at com.kms.katalon.core.webservice.keyword.builtin.VerifyElementPropertyValueKeyword.execute(VerifyElementPropertyValueKeyword.groovy:43)
	at com.kms.katalon.core.keyword.internal.KeywordExecutor.executeKeywordForPlatform(KeywordExecutor.groovy:74)
	at com.kms.katalon.core.webservice.keyword.WSBuiltInKeywords.verifyElementPropertyValue(WSBuiltInKeywords.groovy:175)
	at com.kms.katalon.core.webservice.keyword.WSBuiltInKeywords$verifyElementPropertyValue$0.call(Unknown Source)
	at 1. get token - data order.run(1. get token - data order:762)
	at com.kms.katalon.core.main.ScriptEngine.run(ScriptEngine.java:194)
	at com.kms.katalon.core.main.ScriptEngine.runScriptAsRawText(ScriptEngine.java:119)
	at com.kms.katalon.core.main.TestCaseExecutor.runScript(TestCaseExecutor.java:442)
	at com.kms.katalon.core.main.TestCaseExecutor.doExecute(TestCaseExecutor.java:433)
	at com.kms.katalon.core.main.TestCaseExecutor.processExecutionPhase(TestCaseExecutor.java:412)
	at com.kms.katalon.core.main.TestCaseExecutor.accessMainPhase(TestCaseExecutor.java:404)
	at com.kms.katalon.core.main.TestCaseExecutor.execute(TestCaseExecutor.java:281)
	at com.kms.katalon.core.main.TestSuiteExecutor.accessTestCaseMainPhase(TestSuiteExecutor.java:202)
	at com.kms.katalon.core.main.TestSuiteExecutor.accessTestSuiteMainPhase(TestSuiteExecutor.java:164)
	at com.kms.katalon.core.main.TestSuiteExecutor.execute(TestSuiteExecutor.java:105)
	at com.kms.katalon.core.main.TestCaseMain.startTestSuite(TestCaseMain.java:181)
	at com.kms.katalon.core.main.TestCaseMain$startTestSuite$0.call(Unknown Source)
	at TempTestSuite1648100878643.run(TempTestSuite1648100878643.groovy:36)
)

2022-03-24 12:50:33 - [MESSAGE][FAILED] - Unable to verify element property value (Root cause: java.lang.NullPointerException: Cannot get property 'InsuredFrom' on null object
	at Script1.run(Script1.groovy:1)
	at com.kms.katalon.core.webservice.helper.WebServiceCommonHelper.parseAndGetPropertyValueForJson(WebServiceCommonHelper.java:213)
	at com.kms.katalon.core.webservice.keyword.builtin.VerifyElementPropertyValueKeyword$_verifyElementPropertyValue_closure1.doCall(VerifyElementPropertyValueKeyword.groovy:52)
	at com.kms.katalon.core.webservice.keyword.builtin.VerifyElementPropertyValueKeyword$_verifyElementPropertyValue_closure1.call(VerifyElementPropertyValueKeyword.groovy)
	at com.kms.katalon.core.keyword.internal.KeywordMain.runKeyword(KeywordMain.groovy:74)
	at com.kms.katalon.core.webservice.keyword.builtin.VerifyElementPropertyValueKeyword.verifyElementPropertyValue(VerifyElementPropertyValueKeyword.groovy:48)
	at com.kms.katalon.core.webservice.keyword.builtin.VerifyElementPropertyValueKeyword.execute(VerifyElementPropertyValueKeyword.groovy:43)
	at com.kms.katalon.core.keyword.internal.KeywordExecutor.executeKeywordForPlatform(KeywordExecutor.groovy:74)
	at com.kms.katalon.core.webservice.keyword.WSBuiltInKeywords.verifyElementPropertyValue(WSBuiltInKeywords.groovy:175)
	at com.kms.katalon.core.webservice.keyword.WSBuiltInKeywords$verifyElementPropertyValue$0.call(Unknown Source)
	at 1. get token - data order.run(1. get token - data order:762)
	at com.kms.katalon.core.main.ScriptEngine.run(ScriptEngine.java:194)
	at com.kms.katalon.core.main.ScriptEngine.runScriptAsRawText(ScriptEngine.java:119)
	at com.kms.katalon.core.main.TestCaseExecutor.runScript(TestCaseExecutor.java:442)
	at com.kms.katalon.core.main.TestCaseExecutor.doExecute(TestCaseExecutor.java:433)
	at com.kms.katalon.core.main.TestCaseExecutor.processExecutionPhase(TestCaseExecutor.java:412)
	at com.kms.katalon.core.main.TestCaseExecutor.accessMainPhase(TestCaseExecutor.java:404)
	at com.kms.katalon.core.main.TestCaseExecutor.execute(TestCaseExecutor.java:281)
	at com.kms.katalon.core.main.TestSuiteExecutor.accessTestCaseMainPhase(TestSuiteExecutor.java:202)
	at com.kms.katalon.core.main.TestSuiteExecutor.accessTestSuiteMainPhase(TestSuiteExecutor.java:164)
	at com.kms.katalon.core.main.TestSuiteExecutor.execute(TestSuiteExecutor.java:105)
	at com.kms.katalon.core.main.TestCaseMain.startTestSuite(TestCaseMain.java:181)
	at com.kms.katalon.core.main.TestCaseMain$startTestSuite$0.call(Unknown Source)
	at TempTestSuite1648100878643.run(TempTestSuite1648100878643.groovy:36)
)

2022-03-24 12:50:34 - [TEST_STEP][FAILED] - verifyElementPropertyValue(order, "GetDataOrderResponse.ListDataOrder[0].InsuranceData[4].InsuredTo", o_ins_to_4, CONTINUE_ON_FAILURE): Unable to verify element property value (Root cause: java.lang.NullPointerException: Cannot get property 'InsuredTo' on null object
	at Script1.run(Script1.groovy:1)
	at com.kms.katalon.core.webservice.helper.WebServiceCommonHelper.parseAndGetPropertyValueForJson(WebServiceCommonHelper.java:213)
	at com.kms.katalon.core.webservice.keyword.builtin.VerifyElementPropertyValueKeyword$_verifyElementPropertyValue_closure1.doCall(VerifyElementPropertyValueKeyword.groovy:52)
	at com.kms.katalon.core.webservice.keyword.builtin.VerifyElementPropertyValueKeyword$_verifyElementPropertyValue_closure1.call(VerifyElementPropertyValueKeyword.groovy)
	at com.kms.katalon.core.keyword.internal.KeywordMain.runKeyword(KeywordMain.groovy:74)
	at com.kms.katalon.core.webservice.keyword.builtin.VerifyElementPropertyValueKeyword.verifyElementPropertyValue(VerifyElementPropertyValueKeyword.groovy:48)
	at com.kms.katalon.core.webservice.keyword.builtin.VerifyElementPropertyValueKeyword.execute(VerifyElementPropertyValueKeyword.groovy:43)
	at com.kms.katalon.core.keyword.internal.KeywordExecutor.executeKeywordForPlatform(KeywordExecutor.groovy:74)
	at com.kms.katalon.core.webservice.keyword.WSBuiltInKeywords.verifyElementPropertyValue(WSBuiltInKeywords.groovy:175)
	at com.kms.katalon.core.webservice.keyword.WSBuiltInKeywords$verifyElementPropertyValue$0.call(Unknown Source)
	at 1. get token - data order.run(1. get token - data order:765)
	at com.kms.katalon.core.main.ScriptEngine.run(ScriptEngine.java:194)
	at com.kms.katalon.core.main.ScriptEngine.runScriptAsRawText(ScriptEngine.java:119)
	at com.kms.katalon.core.main.TestCaseExecutor.runScript(TestCaseExecutor.java:442)
	at com.kms.katalon.core.main.TestCaseExecutor.doExecute(TestCaseExecutor.java:433)
	at com.kms.katalon.core.main.TestCaseExecutor.processExecutionPhase(TestCaseExecutor.java:412)
	at com.kms.katalon.core.main.TestCaseExecutor.accessMainPhase(TestCaseExecutor.java:404)
	at com.kms.katalon.core.main.TestCaseExecutor.execute(TestCaseExecutor.java:281)
	at com.kms.katalon.core.main.TestSuiteExecutor.accessTestCaseMainPhase(TestSuiteExecutor.java:202)
	at com.kms.katalon.core.main.TestSuiteExecutor.accessTestSuiteMainPhase(TestSuiteExecutor.java:164)
	at com.kms.katalon.core.main.TestSuiteExecutor.execute(TestSuiteExecutor.java:105)
	at com.kms.katalon.core.main.TestCaseMain.startTestSuite(TestCaseMain.java:181)
	at com.kms.katalon.core.main.TestCaseMain$startTestSuite$0.call(Unknown Source)
	at TempTestSuite1648100878643.run(TempTestSuite1648100878643.groovy:36)
)

2022-03-24 12:50:34 - [MESSAGE][FAILED] - Unable to verify element property value (Root cause: java.lang.NullPointerException: Cannot get property 'InsuredTo' on null object
	at Script1.run(Script1.groovy:1)
	at com.kms.katalon.core.webservice.helper.WebServiceCommonHelper.parseAndGetPropertyValueForJson(WebServiceCommonHelper.java:213)
	at com.kms.katalon.core.webservice.keyword.builtin.VerifyElementPropertyValueKeyword$_verifyElementPropertyValue_closure1.doCall(VerifyElementPropertyValueKeyword.groovy:52)
	at com.kms.katalon.core.webservice.keyword.builtin.VerifyElementPropertyValueKeyword$_verifyElementPropertyValue_closure1.call(VerifyElementPropertyValueKeyword.groovy)
	at com.kms.katalon.core.keyword.internal.KeywordMain.runKeyword(KeywordMain.groovy:74)
	at com.kms.katalon.core.webservice.keyword.builtin.VerifyElementPropertyValueKeyword.verifyElementPropertyValue(VerifyElementPropertyValueKeyword.groovy:48)
	at com.kms.katalon.core.webservice.keyword.builtin.VerifyElementPropertyValueKeyword.execute(VerifyElementPropertyValueKeyword.groovy:43)
	at com.kms.katalon.core.keyword.internal.KeywordExecutor.executeKeywordForPlatform(KeywordExecutor.groovy:74)
	at com.kms.katalon.core.webservice.keyword.WSBuiltInKeywords.verifyElementPropertyValue(WSBuiltInKeywords.groovy:175)
	at com.kms.katalon.core.webservice.keyword.WSBuiltInKeywords$verifyElementPropertyValue$0.call(Unknown Source)
	at 1. get token - data order.run(1. get token - data order:765)
	at com.kms.katalon.core.main.ScriptEngine.run(ScriptEngine.java:194)
	at com.kms.katalon.core.main.ScriptEngine.runScriptAsRawText(ScriptEngine.java:119)
	at com.kms.katalon.core.main.TestCaseExecutor.runScript(TestCaseExecutor.java:442)
	at com.kms.katalon.core.main.TestCaseExecutor.doExecute(TestCaseExecutor.java:433)
	at com.kms.katalon.core.main.TestCaseExecutor.processExecutionPhase(TestCaseExecutor.java:412)
	at com.kms.katalon.core.main.TestCaseExecutor.accessMainPhase(TestCaseExecutor.java:404)
	at com.kms.katalon.core.main.TestCaseExecutor.execute(TestCaseExecutor.java:281)
	at com.kms.katalon.core.main.TestSuiteExecutor.accessTestCaseMainPhase(TestSuiteExecutor.java:202)
	at com.kms.katalon.core.main.TestSuiteExecutor.accessTestSuiteMainPhase(TestSuiteExecutor.java:164)
	at com.kms.katalon.core.main.TestSuiteExecutor.execute(TestSuiteExecutor.java:105)
	at com.kms.katalon.core.main.TestCaseMain.startTestSuite(TestCaseMain.java:181)
	at com.kms.katalon.core.main.TestCaseMain$startTestSuite$0.call(Unknown Source)
	at TempTestSuite1648100878643.run(TempTestSuite1648100878643.groovy:36)
)

2022-03-24 12:50:34 - [TEST_STEP][FAILED] - verifyElementPropertyValue(order, "GetDataOrderResponse.ListDataOrder[0].InsuranceData[4].Rate", o_rate_4, CONTINUE_ON_FAILURE): Unable to verify element property value (Root cause: java.lang.NullPointerException: Cannot get property 'Rate' on null object
	at Script1.run(Script1.groovy:1)
	at com.kms.katalon.core.webservice.helper.WebServiceCommonHelper.parseAndGetPropertyValueForJson(WebServiceCommonHelper.java:213)
	at com.kms.katalon.core.webservice.keyword.builtin.VerifyElementPropertyValueKeyword$_verifyElementPropertyValue_closure1.doCall(VerifyElementPropertyValueKeyword.groovy:52)
	at com.kms.katalon.core.webservice.keyword.builtin.VerifyElementPropertyValueKeyword$_verifyElementPropertyValue_closure1.call(VerifyElementPropertyValueKeyword.groovy)
	at com.kms.katalon.core.keyword.internal.KeywordMain.runKeyword(KeywordMain.groovy:74)
	at com.kms.katalon.core.webservice.keyword.builtin.VerifyElementPropertyValueKeyword.verifyElementPropertyValue(VerifyElementPropertyValueKeyword.groovy:48)
	at com.kms.katalon.core.webservice.keyword.builtin.VerifyElementPropertyValueKeyword.execute(VerifyElementPropertyValueKeyword.groovy:43)
	at com.kms.katalon.core.keyword.internal.KeywordExecutor.executeKeywordForPlatform(KeywordExecutor.groovy:74)
	at com.kms.katalon.core.webservice.keyword.WSBuiltInKeywords.verifyElementPropertyValue(WSBuiltInKeywords.groovy:175)
	at com.kms.katalon.core.webservice.keyword.WSBuiltInKeywords$verifyElementPropertyValue$0.call(Unknown Source)
	at 1. get token - data order.run(1. get token - data order:768)
	at com.kms.katalon.core.main.ScriptEngine.run(ScriptEngine.java:194)
	at com.kms.katalon.core.main.ScriptEngine.runScriptAsRawText(ScriptEngine.java:119)
	at com.kms.katalon.core.main.TestCaseExecutor.runScript(TestCaseExecutor.java:442)
	at com.kms.katalon.core.main.TestCaseExecutor.doExecute(TestCaseExecutor.java:433)
	at com.kms.katalon.core.main.TestCaseExecutor.processExecutionPhase(TestCaseExecutor.java:412)
	at com.kms.katalon.core.main.TestCaseExecutor.accessMainPhase(TestCaseExecutor.java:404)
	at com.kms.katalon.core.main.TestCaseExecutor.execute(TestCaseExecutor.java:281)
	at com.kms.katalon.core.main.TestSuiteExecutor.accessTestCaseMainPhase(TestSuiteExecutor.java:202)
	at com.kms.katalon.core.main.TestSuiteExecutor.accessTestSuiteMainPhase(TestSuiteExecutor.java:164)
	at com.kms.katalon.core.main.TestSuiteExecutor.execute(TestSuiteExecutor.java:105)
	at com.kms.katalon.core.main.TestCaseMain.startTestSuite(TestCaseMain.java:181)
	at com.kms.katalon.core.main.TestCaseMain$startTestSuite$0.call(Unknown Source)
	at TempTestSuite1648100878643.run(TempTestSuite1648100878643.groovy:36)
)

2022-03-24 12:50:34 - [MESSAGE][FAILED] - Unable to verify element property value (Root cause: java.lang.NullPointerException: Cannot get property 'Rate' on null object
	at Script1.run(Script1.groovy:1)
	at com.kms.katalon.core.webservice.helper.WebServiceCommonHelper.parseAndGetPropertyValueForJson(WebServiceCommonHelper.java:213)
	at com.kms.katalon.core.webservice.keyword.builtin.VerifyElementPropertyValueKeyword$_verifyElementPropertyValue_closure1.doCall(VerifyElementPropertyValueKeyword.groovy:52)
	at com.kms.katalon.core.webservice.keyword.builtin.VerifyElementPropertyValueKeyword$_verifyElementPropertyValue_closure1.call(VerifyElementPropertyValueKeyword.groovy)
	at com.kms.katalon.core.keyword.internal.KeywordMain.runKeyword(KeywordMain.groovy:74)
	at com.kms.katalon.core.webservice.keyword.builtin.VerifyElementPropertyValueKeyword.verifyElementPropertyValue(VerifyElementPropertyValueKeyword.groovy:48)
	at com.kms.katalon.core.webservice.keyword.builtin.VerifyElementPropertyValueKeyword.execute(VerifyElementPropertyValueKeyword.groovy:43)
	at com.kms.katalon.core.keyword.internal.KeywordExecutor.executeKeywordForPlatform(KeywordExecutor.groovy:74)
	at com.kms.katalon.core.webservice.keyword.WSBuiltInKeywords.verifyElementPropertyValue(WSBuiltInKeywords.groovy:175)
	at com.kms.katalon.core.webservice.keyword.WSBuiltInKeywords$verifyElementPropertyValue$0.call(Unknown Source)
	at 1. get token - data order.run(1. get token - data order:768)
	at com.kms.katalon.core.main.ScriptEngine.run(ScriptEngine.java:194)
	at com.kms.katalon.core.main.ScriptEngine.runScriptAsRawText(ScriptEngine.java:119)
	at com.kms.katalon.core.main.TestCaseExecutor.runScript(TestCaseExecutor.java:442)
	at com.kms.katalon.core.main.TestCaseExecutor.doExecute(TestCaseExecutor.java:433)
	at com.kms.katalon.core.main.TestCaseExecutor.processExecutionPhase(TestCaseExecutor.java:412)
	at com.kms.katalon.core.main.TestCaseExecutor.accessMainPhase(TestCaseExecutor.java:404)
	at com.kms.katalon.core.main.TestCaseExecutor.execute(TestCaseExecutor.java:281)
	at com.kms.katalon.core.main.TestSuiteExecutor.accessTestCaseMainPhase(TestSuiteExecutor.java:202)
	at com.kms.katalon.core.main.TestSuiteExecutor.accessTestSuiteMainPhase(TestSuiteExecutor.java:164)
	at com.kms.katalon.core.main.TestSuiteExecutor.execute(TestSuiteExecutor.java:105)
	at com.kms.katalon.core.main.TestCaseMain.startTestSuite(TestCaseMain.java:181)
	at com.kms.katalon.core.main.TestCaseMain$startTestSuite$0.call(Unknown Source)
	at TempTestSuite1648100878643.run(TempTestSuite1648100878643.groovy:36)
)

2022-03-24 12:50:34 - [TEST_STEP][FAILED] - verifyElementPropertyValue(order, "GetDataOrderResponse.ListDataOrder[0].InsuranceData[4].GrossPremi", o_gross_premi_4, CONTINUE_ON_FAILURE): Unable to verify element property value (Root cause: java.lang.NullPointerException: Cannot get property 'GrossPremi' on null object
	at Script1.run(Script1.groovy:1)
	at com.kms.katalon.core.webservice.helper.WebServiceCommonHelper.parseAndGetPropertyValueForJson(WebServiceCommonHelper.java:213)
	at com.kms.katalon.core.webservice.keyword.builtin.VerifyElementPropertyValueKeyword$_verifyElementPropertyValue_closure1.doCall(VerifyElementPropertyValueKeyword.groovy:52)
	at com.kms.katalon.core.webservice.keyword.builtin.VerifyElementPropertyValueKeyword$_verifyElementPropertyValue_closure1.call(VerifyElementPropertyValueKeyword.groovy)
	at com.kms.katalon.core.keyword.internal.KeywordMain.runKeyword(KeywordMain.groovy:74)
	at com.kms.katalon.core.webservice.keyword.builtin.VerifyElementPropertyValueKeyword.verifyElementPropertyValue(VerifyElementPropertyValueKeyword.groovy:48)
	at com.kms.katalon.core.webservice.keyword.builtin.VerifyElementPropertyValueKeyword.execute(VerifyElementPropertyValueKeyword.groovy:43)
	at com.kms.katalon.core.keyword.internal.KeywordExecutor.executeKeywordForPlatform(KeywordExecutor.groovy:74)
	at com.kms.katalon.core.webservice.keyword.WSBuiltInKeywords.verifyElementPropertyValue(WSBuiltInKeywords.groovy:175)
	at com.kms.katalon.core.webservice.keyword.WSBuiltInKeywords$verifyElementPropertyValue$0.call(Unknown Source)
	at 1. get token - data order.run(1. get token - data order:770)
	at com.kms.katalon.core.main.ScriptEngine.run(ScriptEngine.java:194)
	at com.kms.katalon.core.main.ScriptEngine.runScriptAsRawText(ScriptEngine.java:119)
	at com.kms.katalon.core.main.TestCaseExecutor.runScript(TestCaseExecutor.java:442)
	at com.kms.katalon.core.main.TestCaseExecutor.doExecute(TestCaseExecutor.java:433)
	at com.kms.katalon.core.main.TestCaseExecutor.processExecutionPhase(TestCaseExecutor.java:412)
	at com.kms.katalon.core.main.TestCaseExecutor.accessMainPhase(TestCaseExecutor.java:404)
	at com.kms.katalon.core.main.TestCaseExecutor.execute(TestCaseExecutor.java:281)
	at com.kms.katalon.core.main.TestSuiteExecutor.accessTestCaseMainPhase(TestSuiteExecutor.java:202)
	at com.kms.katalon.core.main.TestSuiteExecutor.accessTestSuiteMainPhase(TestSuiteExecutor.java:164)
	at com.kms.katalon.core.main.TestSuiteExecutor.execute(TestSuiteExecutor.java:105)
	at com.kms.katalon.core.main.TestCaseMain.startTestSuite(TestCaseMain.java:181)
	at com.kms.katalon.core.main.TestCaseMain$startTestSuite$0.call(Unknown Source)
	at TempTestSuite1648100878643.run(TempTestSuite1648100878643.groovy:36)
)

2022-03-24 12:50:34 - [MESSAGE][FAILED] - Unable to verify element property value (Root cause: java.lang.NullPointerException: Cannot get property 'GrossPremi' on null object
	at Script1.run(Script1.groovy:1)
	at com.kms.katalon.core.webservice.helper.WebServiceCommonHelper.parseAndGetPropertyValueForJson(WebServiceCommonHelper.java:213)
	at com.kms.katalon.core.webservice.keyword.builtin.VerifyElementPropertyValueKeyword$_verifyElementPropertyValue_closure1.doCall(VerifyElementPropertyValueKeyword.groovy:52)
	at com.kms.katalon.core.webservice.keyword.builtin.VerifyElementPropertyValueKeyword$_verifyElementPropertyValue_closure1.call(VerifyElementPropertyValueKeyword.groovy)
	at com.kms.katalon.core.keyword.internal.KeywordMain.runKeyword(KeywordMain.groovy:74)
	at com.kms.katalon.core.webservice.keyword.builtin.VerifyElementPropertyValueKeyword.verifyElementPropertyValue(VerifyElementPropertyValueKeyword.groovy:48)
	at com.kms.katalon.core.webservice.keyword.builtin.VerifyElementPropertyValueKeyword.execute(VerifyElementPropertyValueKeyword.groovy:43)
	at com.kms.katalon.core.keyword.internal.KeywordExecutor.executeKeywordForPlatform(KeywordExecutor.groovy:74)
	at com.kms.katalon.core.webservice.keyword.WSBuiltInKeywords.verifyElementPropertyValue(WSBuiltInKeywords.groovy:175)
	at com.kms.katalon.core.webservice.keyword.WSBuiltInKeywords$verifyElementPropertyValue$0.call(Unknown Source)
	at 1. get token - data order.run(1. get token - data order:770)
	at com.kms.katalon.core.main.ScriptEngine.run(ScriptEngine.java:194)
	at com.kms.katalon.core.main.ScriptEngine.runScriptAsRawText(ScriptEngine.java:119)
	at com.kms.katalon.core.main.TestCaseExecutor.runScript(TestCaseExecutor.java:442)
	at com.kms.katalon.core.main.TestCaseExecutor.doExecute(TestCaseExecutor.java:433)
	at com.kms.katalon.core.main.TestCaseExecutor.processExecutionPhase(TestCaseExecutor.java:412)
	at com.kms.katalon.core.main.TestCaseExecutor.accessMainPhase(TestCaseExecutor.java:404)
	at com.kms.katalon.core.main.TestCaseExecutor.execute(TestCaseExecutor.java:281)
	at com.kms.katalon.core.main.TestSuiteExecutor.accessTestCaseMainPhase(TestSuiteExecutor.java:202)
	at com.kms.katalon.core.main.TestSuiteExecutor.accessTestSuiteMainPhase(TestSuiteExecutor.java:164)
	at com.kms.katalon.core.main.TestSuiteExecutor.execute(TestSuiteExecutor.java:105)
	at com.kms.katalon.core.main.TestCaseMain.startTestSuite(TestCaseMain.java:181)
	at com.kms.katalon.core.main.TestCaseMain$startTestSuite$0.call(Unknown Source)
	at TempTestSuite1648100878643.run(TempTestSuite1648100878643.groovy:36)
)

2022-03-24 12:50:34 - [TEST_STEP][FAILED] - verifyElementPropertyValue(order, "GetDataOrderResponse.ListDataOrder[0].InsuranceData[4].Discount", o_discount_4, CONTINUE_ON_FAILURE): Unable to verify element property value (Root cause: java.lang.NullPointerException: Cannot get property 'Discount' on null object
	at Script1.run(Script1.groovy:1)
	at com.kms.katalon.core.webservice.helper.WebServiceCommonHelper.parseAndGetPropertyValueForJson(WebServiceCommonHelper.java:213)
	at com.kms.katalon.core.webservice.keyword.builtin.VerifyElementPropertyValueKeyword$_verifyElementPropertyValue_closure1.doCall(VerifyElementPropertyValueKeyword.groovy:52)
	at com.kms.katalon.core.webservice.keyword.builtin.VerifyElementPropertyValueKeyword$_verifyElementPropertyValue_closure1.call(VerifyElementPropertyValueKeyword.groovy)
	at com.kms.katalon.core.keyword.internal.KeywordMain.runKeyword(KeywordMain.groovy:74)
	at com.kms.katalon.core.webservice.keyword.builtin.VerifyElementPropertyValueKeyword.verifyElementPropertyValue(VerifyElementPropertyValueKeyword.groovy:48)
	at com.kms.katalon.core.webservice.keyword.builtin.VerifyElementPropertyValueKeyword.execute(VerifyElementPropertyValueKeyword.groovy:43)
	at com.kms.katalon.core.keyword.internal.KeywordExecutor.executeKeywordForPlatform(KeywordExecutor.groovy:74)
	at com.kms.katalon.core.webservice.keyword.WSBuiltInKeywords.verifyElementPropertyValue(WSBuiltInKeywords.groovy:175)
	at com.kms.katalon.core.webservice.keyword.WSBuiltInKeywords$verifyElementPropertyValue$0.call(Unknown Source)
	at 1. get token - data order.run(1. get token - data order:773)
	at com.kms.katalon.core.main.ScriptEngine.run(ScriptEngine.java:194)
	at com.kms.katalon.core.main.ScriptEngine.runScriptAsRawText(ScriptEngine.java:119)
	at com.kms.katalon.core.main.TestCaseExecutor.runScript(TestCaseExecutor.java:442)
	at com.kms.katalon.core.main.TestCaseExecutor.doExecute(TestCaseExecutor.java:433)
	at com.kms.katalon.core.main.TestCaseExecutor.processExecutionPhase(TestCaseExecutor.java:412)
	at com.kms.katalon.core.main.TestCaseExecutor.accessMainPhase(TestCaseExecutor.java:404)
	at com.kms.katalon.core.main.TestCaseExecutor.execute(TestCaseExecutor.java:281)
	at com.kms.katalon.core.main.TestSuiteExecutor.accessTestCaseMainPhase(TestSuiteExecutor.java:202)
	at com.kms.katalon.core.main.TestSuiteExecutor.accessTestSuiteMainPhase(TestSuiteExecutor.java:164)
	at com.kms.katalon.core.main.TestSuiteExecutor.execute(TestSuiteExecutor.java:105)
	at com.kms.katalon.core.main.TestCaseMain.startTestSuite(TestCaseMain.java:181)
	at com.kms.katalon.core.main.TestCaseMain$startTestSuite$0.call(Unknown Source)
	at TempTestSuite1648100878643.run(TempTestSuite1648100878643.groovy:36)
)

2022-03-24 12:50:34 - [MESSAGE][FAILED] - Unable to verify element property value (Root cause: java.lang.NullPointerException: Cannot get property 'Discount' on null object
	at Script1.run(Script1.groovy:1)
	at com.kms.katalon.core.webservice.helper.WebServiceCommonHelper.parseAndGetPropertyValueForJson(WebServiceCommonHelper.java:213)
	at com.kms.katalon.core.webservice.keyword.builtin.VerifyElementPropertyValueKeyword$_verifyElementPropertyValue_closure1.doCall(VerifyElementPropertyValueKeyword.groovy:52)
	at com.kms.katalon.core.webservice.keyword.builtin.VerifyElementPropertyValueKeyword$_verifyElementPropertyValue_closure1.call(VerifyElementPropertyValueKeyword.groovy)
	at com.kms.katalon.core.keyword.internal.KeywordMain.runKeyword(KeywordMain.groovy:74)
	at com.kms.katalon.core.webservice.keyword.builtin.VerifyElementPropertyValueKeyword.verifyElementPropertyValue(VerifyElementPropertyValueKeyword.groovy:48)
	at com.kms.katalon.core.webservice.keyword.builtin.VerifyElementPropertyValueKeyword.execute(VerifyElementPropertyValueKeyword.groovy:43)
	at com.kms.katalon.core.keyword.internal.KeywordExecutor.executeKeywordForPlatform(KeywordExecutor.groovy:74)
	at com.kms.katalon.core.webservice.keyword.WSBuiltInKeywords.verifyElementPropertyValue(WSBuiltInKeywords.groovy:175)
	at com.kms.katalon.core.webservice.keyword.WSBuiltInKeywords$verifyElementPropertyValue$0.call(Unknown Source)
	at 1. get token - data order.run(1. get token - data order:773)
	at com.kms.katalon.core.main.ScriptEngine.run(ScriptEngine.java:194)
	at com.kms.katalon.core.main.ScriptEngine.runScriptAsRawText(ScriptEngine.java:119)
	at com.kms.katalon.core.main.TestCaseExecutor.runScript(TestCaseExecutor.java:442)
	at com.kms.katalon.core.main.TestCaseExecutor.doExecute(TestCaseExecutor.java:433)
	at com.kms.katalon.core.main.TestCaseExecutor.processExecutionPhase(TestCaseExecutor.java:412)
	at com.kms.katalon.core.main.TestCaseExecutor.accessMainPhase(TestCaseExecutor.java:404)
	at com.kms.katalon.core.main.TestCaseExecutor.execute(TestCaseExecutor.java:281)
	at com.kms.katalon.core.main.TestSuiteExecutor.accessTestCaseMainPhase(TestSuiteExecutor.java:202)
	at com.kms.katalon.core.main.TestSuiteExecutor.accessTestSuiteMainPhase(TestSuiteExecutor.java:164)
	at com.kms.katalon.core.main.TestSuiteExecutor.execute(TestSuiteExecutor.java:105)
	at com.kms.katalon.core.main.TestCaseMain.startTestSuite(TestCaseMain.java:181)
	at com.kms.katalon.core.main.TestCaseMain$startTestSuite$0.call(Unknown Source)
	at TempTestSuite1648100878643.run(TempTestSuite1648100878643.groovy:36)
)

2022-03-24 12:50:34 - [TEST_STEP][FAILED] - verifyElementPropertyValue(order, "GetDataOrderResponse.ListDataOrder[0].InsuranceData[4].Adm", o_adm_4, CONTINUE_ON_FAILURE): Unable to verify element property value (Root cause: java.lang.NullPointerException: Cannot get property 'Adm' on null object
	at Script1.run(Script1.groovy:1)
	at com.kms.katalon.core.webservice.helper.WebServiceCommonHelper.parseAndGetPropertyValueForJson(WebServiceCommonHelper.java:213)
	at com.kms.katalon.core.webservice.keyword.builtin.VerifyElementPropertyValueKeyword$_verifyElementPropertyValue_closure1.doCall(VerifyElementPropertyValueKeyword.groovy:52)
	at com.kms.katalon.core.webservice.keyword.builtin.VerifyElementPropertyValueKeyword$_verifyElementPropertyValue_closure1.call(VerifyElementPropertyValueKeyword.groovy)
	at com.kms.katalon.core.keyword.internal.KeywordMain.runKeyword(KeywordMain.groovy:74)
	at com.kms.katalon.core.webservice.keyword.builtin.VerifyElementPropertyValueKeyword.verifyElementPropertyValue(VerifyElementPropertyValueKeyword.groovy:48)
	at com.kms.katalon.core.webservice.keyword.builtin.VerifyElementPropertyValueKeyword.execute(VerifyElementPropertyValueKeyword.groovy:43)
	at com.kms.katalon.core.keyword.internal.KeywordExecutor.executeKeywordForPlatform(KeywordExecutor.groovy:74)
	at com.kms.katalon.core.webservice.keyword.WSBuiltInKeywords.verifyElementPropertyValue(WSBuiltInKeywords.groovy:175)
	at com.kms.katalon.core.webservice.keyword.WSBuiltInKeywords$verifyElementPropertyValue$0.call(Unknown Source)
	at 1. get token - data order.run(1. get token - data order:776)
	at com.kms.katalon.core.main.ScriptEngine.run(ScriptEngine.java:194)
	at com.kms.katalon.core.main.ScriptEngine.runScriptAsRawText(ScriptEngine.java:119)
	at com.kms.katalon.core.main.TestCaseExecutor.runScript(TestCaseExecutor.java:442)
	at com.kms.katalon.core.main.TestCaseExecutor.doExecute(TestCaseExecutor.java:433)
	at com.kms.katalon.core.main.TestCaseExecutor.processExecutionPhase(TestCaseExecutor.java:412)
	at com.kms.katalon.core.main.TestCaseExecutor.accessMainPhase(TestCaseExecutor.java:404)
	at com.kms.katalon.core.main.TestCaseExecutor.execute(TestCaseExecutor.java:281)
	at com.kms.katalon.core.main.TestSuiteExecutor.accessTestCaseMainPhase(TestSuiteExecutor.java:202)
	at com.kms.katalon.core.main.TestSuiteExecutor.accessTestSuiteMainPhase(TestSuiteExecutor.java:164)
	at com.kms.katalon.core.main.TestSuiteExecutor.execute(TestSuiteExecutor.java:105)
	at com.kms.katalon.core.main.TestCaseMain.startTestSuite(TestCaseMain.java:181)
	at com.kms.katalon.core.main.TestCaseMain$startTestSuite$0.call(Unknown Source)
	at TempTestSuite1648100878643.run(TempTestSuite1648100878643.groovy:36)
)

2022-03-24 12:50:34 - [MESSAGE][FAILED] - Unable to verify element property value (Root cause: java.lang.NullPointerException: Cannot get property 'Adm' on null object
	at Script1.run(Script1.groovy:1)
	at com.kms.katalon.core.webservice.helper.WebServiceCommonHelper.parseAndGetPropertyValueForJson(WebServiceCommonHelper.java:213)
	at com.kms.katalon.core.webservice.keyword.builtin.VerifyElementPropertyValueKeyword$_verifyElementPropertyValue_closure1.doCall(VerifyElementPropertyValueKeyword.groovy:52)
	at com.kms.katalon.core.webservice.keyword.builtin.VerifyElementPropertyValueKeyword$_verifyElementPropertyValue_closure1.call(VerifyElementPropertyValueKeyword.groovy)
	at com.kms.katalon.core.keyword.internal.KeywordMain.runKeyword(KeywordMain.groovy:74)
	at com.kms.katalon.core.webservice.keyword.builtin.VerifyElementPropertyValueKeyword.verifyElementPropertyValue(VerifyElementPropertyValueKeyword.groovy:48)
	at com.kms.katalon.core.webservice.keyword.builtin.VerifyElementPropertyValueKeyword.execute(VerifyElementPropertyValueKeyword.groovy:43)
	at com.kms.katalon.core.keyword.internal.KeywordExecutor.executeKeywordForPlatform(KeywordExecutor.groovy:74)
	at com.kms.katalon.core.webservice.keyword.WSBuiltInKeywords.verifyElementPropertyValue(WSBuiltInKeywords.groovy:175)
	at com.kms.katalon.core.webservice.keyword.WSBuiltInKeywords$verifyElementPropertyValue$0.call(Unknown Source)
	at 1. get token - data order.run(1. get token - data order:776)
	at com.kms.katalon.core.main.ScriptEngine.run(ScriptEngine.java:194)
	at com.kms.katalon.core.main.ScriptEngine.runScriptAsRawText(ScriptEngine.java:119)
	at com.kms.katalon.core.main.TestCaseExecutor.runScript(TestCaseExecutor.java:442)
	at com.kms.katalon.core.main.TestCaseExecutor.doExecute(TestCaseExecutor.java:433)
	at com.kms.katalon.core.main.TestCaseExecutor.processExecutionPhase(TestCaseExecutor.java:412)
	at com.kms.katalon.core.main.TestCaseExecutor.accessMainPhase(TestCaseExecutor.java:404)
	at com.kms.katalon.core.main.TestCaseExecutor.execute(TestCaseExecutor.java:281)
	at com.kms.katalon.core.main.TestSuiteExecutor.accessTestCaseMainPhase(TestSuiteExecutor.java:202)
	at com.kms.katalon.core.main.TestSuiteExecutor.accessTestSuiteMainPhase(TestSuiteExecutor.java:164)
	at com.kms.katalon.core.main.TestSuiteExecutor.execute(TestSuiteExecutor.java:105)
	at com.kms.katalon.core.main.TestCaseMain.startTestSuite(TestCaseMain.java:181)
	at com.kms.katalon.core.main.TestCaseMain$startTestSuite$0.call(Unknown Source)
	at TempTestSuite1648100878643.run(TempTestSuite1648100878643.groovy:36)
)

2022-03-24 12:50:34 - [TEST_STEP][FAILED] - verifyElementPropertyValue(order, "GetDataOrderResponse.ListDataOrder[0].InsuranceData[4].NetPremi", o_netpremi_4, CONTINUE_ON_FAILURE): Unable to verify element property value (Root cause: java.lang.NullPointerException: Cannot get property 'NetPremi' on null object
	at Script1.run(Script1.groovy:1)
	at com.kms.katalon.core.webservice.helper.WebServiceCommonHelper.parseAndGetPropertyValueForJson(WebServiceCommonHelper.java:213)
	at com.kms.katalon.core.webservice.keyword.builtin.VerifyElementPropertyValueKeyword$_verifyElementPropertyValue_closure1.doCall(VerifyElementPropertyValueKeyword.groovy:52)
	at com.kms.katalon.core.webservice.keyword.builtin.VerifyElementPropertyValueKeyword$_verifyElementPropertyValue_closure1.call(VerifyElementPropertyValueKeyword.groovy)
	at com.kms.katalon.core.keyword.internal.KeywordMain.runKeyword(KeywordMain.groovy:74)
	at com.kms.katalon.core.webservice.keyword.builtin.VerifyElementPropertyValueKeyword.verifyElementPropertyValue(VerifyElementPropertyValueKeyword.groovy:48)
	at com.kms.katalon.core.webservice.keyword.builtin.VerifyElementPropertyValueKeyword.execute(VerifyElementPropertyValueKeyword.groovy:43)
	at com.kms.katalon.core.keyword.internal.KeywordExecutor.executeKeywordForPlatform(KeywordExecutor.groovy:74)
	at com.kms.katalon.core.webservice.keyword.WSBuiltInKeywords.verifyElementPropertyValue(WSBuiltInKeywords.groovy:175)
	at com.kms.katalon.core.webservice.keyword.WSBuiltInKeywords$verifyElementPropertyValue$0.call(Unknown Source)
	at 1. get token - data order.run(1. get token - data order:778)
	at com.kms.katalon.core.main.ScriptEngine.run(ScriptEngine.java:194)
	at com.kms.katalon.core.main.ScriptEngine.runScriptAsRawText(ScriptEngine.java:119)
	at com.kms.katalon.core.main.TestCaseExecutor.runScript(TestCaseExecutor.java:442)
	at com.kms.katalon.core.main.TestCaseExecutor.doExecute(TestCaseExecutor.java:433)
	at com.kms.katalon.core.main.TestCaseExecutor.processExecutionPhase(TestCaseExecutor.java:412)
	at com.kms.katalon.core.main.TestCaseExecutor.accessMainPhase(TestCaseExecutor.java:404)
	at com.kms.katalon.core.main.TestCaseExecutor.execute(TestCaseExecutor.java:281)
	at com.kms.katalon.core.main.TestSuiteExecutor.accessTestCaseMainPhase(TestSuiteExecutor.java:202)
	at com.kms.katalon.core.main.TestSuiteExecutor.accessTestSuiteMainPhase(TestSuiteExecutor.java:164)
	at com.kms.katalon.core.main.TestSuiteExecutor.execute(TestSuiteExecutor.java:105)
	at com.kms.katalon.core.main.TestCaseMain.startTestSuite(TestCaseMain.java:181)
	at com.kms.katalon.core.main.TestCaseMain$startTestSuite$0.call(Unknown Source)
	at TempTestSuite1648100878643.run(TempTestSuite1648100878643.groovy:36)
)

2022-03-24 12:50:34 - [MESSAGE][FAILED] - Unable to verify element property value (Root cause: java.lang.NullPointerException: Cannot get property 'NetPremi' on null object
	at Script1.run(Script1.groovy:1)
	at com.kms.katalon.core.webservice.helper.WebServiceCommonHelper.parseAndGetPropertyValueForJson(WebServiceCommonHelper.java:213)
	at com.kms.katalon.core.webservice.keyword.builtin.VerifyElementPropertyValueKeyword$_verifyElementPropertyValue_closure1.doCall(VerifyElementPropertyValueKeyword.groovy:52)
	at com.kms.katalon.core.webservice.keyword.builtin.VerifyElementPropertyValueKeyword$_verifyElementPropertyValue_closure1.call(VerifyElementPropertyValueKeyword.groovy)
	at com.kms.katalon.core.keyword.internal.KeywordMain.runKeyword(KeywordMain.groovy:74)
	at com.kms.katalon.core.webservice.keyword.builtin.VerifyElementPropertyValueKeyword.verifyElementPropertyValue(VerifyElementPropertyValueKeyword.groovy:48)
	at com.kms.katalon.core.webservice.keyword.builtin.VerifyElementPropertyValueKeyword.execute(VerifyElementPropertyValueKeyword.groovy:43)
	at com.kms.katalon.core.keyword.internal.KeywordExecutor.executeKeywordForPlatform(KeywordExecutor.groovy:74)
	at com.kms.katalon.core.webservice.keyword.WSBuiltInKeywords.verifyElementPropertyValue(WSBuiltInKeywords.groovy:175)
	at com.kms.katalon.core.webservice.keyword.WSBuiltInKeywords$verifyElementPropertyValue$0.call(Unknown Source)
	at 1. get token - data order.run(1. get token - data order:778)
	at com.kms.katalon.core.main.ScriptEngine.run(ScriptEngine.java:194)
	at com.kms.katalon.core.main.ScriptEngine.runScriptAsRawText(ScriptEngine.java:119)
	at com.kms.katalon.core.main.TestCaseExecutor.runScript(TestCaseExecutor.java:442)
	at com.kms.katalon.core.main.TestCaseExecutor.doExecute(TestCaseExecutor.java:433)
	at com.kms.katalon.core.main.TestCaseExecutor.processExecutionPhase(TestCaseExecutor.java:412)
	at com.kms.katalon.core.main.TestCaseExecutor.accessMainPhase(TestCaseExecutor.java:404)
	at com.kms.katalon.core.main.TestCaseExecutor.execute(TestCaseExecutor.java:281)
	at com.kms.katalon.core.main.TestSuiteExecutor.accessTestCaseMainPhase(TestSuiteExecutor.java:202)
	at com.kms.katalon.core.main.TestSuiteExecutor.accessTestSuiteMainPhase(TestSuiteExecutor.java:164)
	at com.kms.katalon.core.main.TestSuiteExecutor.execute(TestSuiteExecutor.java:105)
	at com.kms.katalon.core.main.TestCaseMain.startTestSuite(TestCaseMain.java:181)
	at com.kms.katalon.core.main.TestCaseMain$startTestSuite$0.call(Unknown Source)
	at TempTestSuite1648100878643.run(TempTestSuite1648100878643.groovy:36)
)

2022-03-24 12:50:34 - [TEST_STEP][FAILED] - verifyElementPropertyValue(order, "GetDataOrderResponse.ListDataOrder[0].InsuranceData[4].PerluasanJaminan.TJH", o_tjh_val_4, CONTINUE_ON_FAILURE): Unable to verify element property value (Root cause: java.lang.NullPointerException: Cannot get property 'PerluasanJaminan' on null object
	at Script1.run(Script1.groovy:1)
	at com.kms.katalon.core.webservice.helper.WebServiceCommonHelper.parseAndGetPropertyValueForJson(WebServiceCommonHelper.java:213)
	at com.kms.katalon.core.webservice.keyword.builtin.VerifyElementPropertyValueKeyword$_verifyElementPropertyValue_closure1.doCall(VerifyElementPropertyValueKeyword.groovy:52)
	at com.kms.katalon.core.webservice.keyword.builtin.VerifyElementPropertyValueKeyword$_verifyElementPropertyValue_closure1.call(VerifyElementPropertyValueKeyword.groovy)
	at com.kms.katalon.core.keyword.internal.KeywordMain.runKeyword(KeywordMain.groovy:74)
	at com.kms.katalon.core.webservice.keyword.builtin.VerifyElementPropertyValueKeyword.verifyElementPropertyValue(VerifyElementPropertyValueKeyword.groovy:48)
	at com.kms.katalon.core.webservice.keyword.builtin.VerifyElementPropertyValueKeyword.execute(VerifyElementPropertyValueKeyword.groovy:43)
	at com.kms.katalon.core.keyword.internal.KeywordExecutor.executeKeywordForPlatform(KeywordExecutor.groovy:74)
	at com.kms.katalon.core.webservice.keyword.WSBuiltInKeywords.verifyElementPropertyValue(WSBuiltInKeywords.groovy:175)
	at com.kms.katalon.core.webservice.keyword.WSBuiltInKeywords$verifyElementPropertyValue$0.call(Unknown Source)
	at 1. get token - data order.run(1. get token - data order:781)
	at com.kms.katalon.core.main.ScriptEngine.run(ScriptEngine.java:194)
	at com.kms.katalon.core.main.ScriptEngine.runScriptAsRawText(ScriptEngine.java:119)
	at com.kms.katalon.core.main.TestCaseExecutor.runScript(TestCaseExecutor.java:442)
	at com.kms.katalon.core.main.TestCaseExecutor.doExecute(TestCaseExecutor.java:433)
	at com.kms.katalon.core.main.TestCaseExecutor.processExecutionPhase(TestCaseExecutor.java:412)
	at com.kms.katalon.core.main.TestCaseExecutor.accessMainPhase(TestCaseExecutor.java:404)
	at com.kms.katalon.core.main.TestCaseExecutor.execute(TestCaseExecutor.java:281)
	at com.kms.katalon.core.main.TestSuiteExecutor.accessTestCaseMainPhase(TestSuiteExecutor.java:202)
	at com.kms.katalon.core.main.TestSuiteExecutor.accessTestSuiteMainPhase(TestSuiteExecutor.java:164)
	at com.kms.katalon.core.main.TestSuiteExecutor.execute(TestSuiteExecutor.java:105)
	at com.kms.katalon.core.main.TestCaseMain.startTestSuite(TestCaseMain.java:181)
	at com.kms.katalon.core.main.TestCaseMain$startTestSuite$0.call(Unknown Source)
	at TempTestSuite1648100878643.run(TempTestSuite1648100878643.groovy:36)
)

2022-03-24 12:50:34 - [MESSAGE][FAILED] - Unable to verify element property value (Root cause: java.lang.NullPointerException: Cannot get property 'PerluasanJaminan' on null object
	at Script1.run(Script1.groovy:1)
	at com.kms.katalon.core.webservice.helper.WebServiceCommonHelper.parseAndGetPropertyValueForJson(WebServiceCommonHelper.java:213)
	at com.kms.katalon.core.webservice.keyword.builtin.VerifyElementPropertyValueKeyword$_verifyElementPropertyValue_closure1.doCall(VerifyElementPropertyValueKeyword.groovy:52)
	at com.kms.katalon.core.webservice.keyword.builtin.VerifyElementPropertyValueKeyword$_verifyElementPropertyValue_closure1.call(VerifyElementPropertyValueKeyword.groovy)
	at com.kms.katalon.core.keyword.internal.KeywordMain.runKeyword(KeywordMain.groovy:74)
	at com.kms.katalon.core.webservice.keyword.builtin.VerifyElementPropertyValueKeyword.verifyElementPropertyValue(VerifyElementPropertyValueKeyword.groovy:48)
	at com.kms.katalon.core.webservice.keyword.builtin.VerifyElementPropertyValueKeyword.execute(VerifyElementPropertyValueKeyword.groovy:43)
	at com.kms.katalon.core.keyword.internal.KeywordExecutor.executeKeywordForPlatform(KeywordExecutor.groovy:74)
	at com.kms.katalon.core.webservice.keyword.WSBuiltInKeywords.verifyElementPropertyValue(WSBuiltInKeywords.groovy:175)
	at com.kms.katalon.core.webservice.keyword.WSBuiltInKeywords$verifyElementPropertyValue$0.call(Unknown Source)
	at 1. get token - data order.run(1. get token - data order:781)
	at com.kms.katalon.core.main.ScriptEngine.run(ScriptEngine.java:194)
	at com.kms.katalon.core.main.ScriptEngine.runScriptAsRawText(ScriptEngine.java:119)
	at com.kms.katalon.core.main.TestCaseExecutor.runScript(TestCaseExecutor.java:442)
	at com.kms.katalon.core.main.TestCaseExecutor.doExecute(TestCaseExecutor.java:433)
	at com.kms.katalon.core.main.TestCaseExecutor.processExecutionPhase(TestCaseExecutor.java:412)
	at com.kms.katalon.core.main.TestCaseExecutor.accessMainPhase(TestCaseExecutor.java:404)
	at com.kms.katalon.core.main.TestCaseExecutor.execute(TestCaseExecutor.java:281)
	at com.kms.katalon.core.main.TestSuiteExecutor.accessTestCaseMainPhase(TestSuiteExecutor.java:202)
	at com.kms.katalon.core.main.TestSuiteExecutor.accessTestSuiteMainPhase(TestSuiteExecutor.java:164)
	at com.kms.katalon.core.main.TestSuiteExecutor.execute(TestSuiteExecutor.java:105)
	at com.kms.katalon.core.main.TestCaseMain.startTestSuite(TestCaseMain.java:181)
	at com.kms.katalon.core.main.TestCaseMain$startTestSuite$0.call(Unknown Source)
	at TempTestSuite1648100878643.run(TempTestSuite1648100878643.groovy:36)
)

2022-03-24 12:50:34 - [TEST_STEP][FAILED] - verifyElementPropertyValue(order, "GetDataOrderResponse.ListDataOrder[0].InsuranceData[4].PerluasanJaminan.RSCC", o_rscc_val_4, CONTINUE_ON_FAILURE): Unable to verify element property value (Root cause: java.lang.NullPointerException: Cannot get property 'PerluasanJaminan' on null object
	at Script1.run(Script1.groovy:1)
	at com.kms.katalon.core.webservice.helper.WebServiceCommonHelper.parseAndGetPropertyValueForJson(WebServiceCommonHelper.java:213)
	at com.kms.katalon.core.webservice.keyword.builtin.VerifyElementPropertyValueKeyword$_verifyElementPropertyValue_closure1.doCall(VerifyElementPropertyValueKeyword.groovy:52)
	at com.kms.katalon.core.webservice.keyword.builtin.VerifyElementPropertyValueKeyword$_verifyElementPropertyValue_closure1.call(VerifyElementPropertyValueKeyword.groovy)
	at com.kms.katalon.core.keyword.internal.KeywordMain.runKeyword(KeywordMain.groovy:74)
	at com.kms.katalon.core.webservice.keyword.builtin.VerifyElementPropertyValueKeyword.verifyElementPropertyValue(VerifyElementPropertyValueKeyword.groovy:48)
	at com.kms.katalon.core.webservice.keyword.builtin.VerifyElementPropertyValueKeyword.execute(VerifyElementPropertyValueKeyword.groovy:43)
	at com.kms.katalon.core.keyword.internal.KeywordExecutor.executeKeywordForPlatform(KeywordExecutor.groovy:74)
	at com.kms.katalon.core.webservice.keyword.WSBuiltInKeywords.verifyElementPropertyValue(WSBuiltInKeywords.groovy:175)
	at com.kms.katalon.core.webservice.keyword.WSBuiltInKeywords$verifyElementPropertyValue$0.call(Unknown Source)
	at 1. get token - data order.run(1. get token - data order:784)
	at com.kms.katalon.core.main.ScriptEngine.run(ScriptEngine.java:194)
	at com.kms.katalon.core.main.ScriptEngine.runScriptAsRawText(ScriptEngine.java:119)
	at com.kms.katalon.core.main.TestCaseExecutor.runScript(TestCaseExecutor.java:442)
	at com.kms.katalon.core.main.TestCaseExecutor.doExecute(TestCaseExecutor.java:433)
	at com.kms.katalon.core.main.TestCaseExecutor.processExecutionPhase(TestCaseExecutor.java:412)
	at com.kms.katalon.core.main.TestCaseExecutor.accessMainPhase(TestCaseExecutor.java:404)
	at com.kms.katalon.core.main.TestCaseExecutor.execute(TestCaseExecutor.java:281)
	at com.kms.katalon.core.main.TestSuiteExecutor.accessTestCaseMainPhase(TestSuiteExecutor.java:202)
	at com.kms.katalon.core.main.TestSuiteExecutor.accessTestSuiteMainPhase(TestSuiteExecutor.java:164)
	at com.kms.katalon.core.main.TestSuiteExecutor.execute(TestSuiteExecutor.java:105)
	at com.kms.katalon.core.main.TestCaseMain.startTestSuite(TestCaseMain.java:181)
	at com.kms.katalon.core.main.TestCaseMain$startTestSuite$0.call(Unknown Source)
	at TempTestSuite1648100878643.run(TempTestSuite1648100878643.groovy:36)
)

2022-03-24 12:50:34 - [MESSAGE][FAILED] - Unable to verify element property value (Root cause: java.lang.NullPointerException: Cannot get property 'PerluasanJaminan' on null object
	at Script1.run(Script1.groovy:1)
	at com.kms.katalon.core.webservice.helper.WebServiceCommonHelper.parseAndGetPropertyValueForJson(WebServiceCommonHelper.java:213)
	at com.kms.katalon.core.webservice.keyword.builtin.VerifyElementPropertyValueKeyword$_verifyElementPropertyValue_closure1.doCall(VerifyElementPropertyValueKeyword.groovy:52)
	at com.kms.katalon.core.webservice.keyword.builtin.VerifyElementPropertyValueKeyword$_verifyElementPropertyValue_closure1.call(VerifyElementPropertyValueKeyword.groovy)
	at com.kms.katalon.core.keyword.internal.KeywordMain.runKeyword(KeywordMain.groovy:74)
	at com.kms.katalon.core.webservice.keyword.builtin.VerifyElementPropertyValueKeyword.verifyElementPropertyValue(VerifyElementPropertyValueKeyword.groovy:48)
	at com.kms.katalon.core.webservice.keyword.builtin.VerifyElementPropertyValueKeyword.execute(VerifyElementPropertyValueKeyword.groovy:43)
	at com.kms.katalon.core.keyword.internal.KeywordExecutor.executeKeywordForPlatform(KeywordExecutor.groovy:74)
	at com.kms.katalon.core.webservice.keyword.WSBuiltInKeywords.verifyElementPropertyValue(WSBuiltInKeywords.groovy:175)
	at com.kms.katalon.core.webservice.keyword.WSBuiltInKeywords$verifyElementPropertyValue$0.call(Unknown Source)
	at 1. get token - data order.run(1. get token - data order:784)
	at com.kms.katalon.core.main.ScriptEngine.run(ScriptEngine.java:194)
	at com.kms.katalon.core.main.ScriptEngine.runScriptAsRawText(ScriptEngine.java:119)
	at com.kms.katalon.core.main.TestCaseExecutor.runScript(TestCaseExecutor.java:442)
	at com.kms.katalon.core.main.TestCaseExecutor.doExecute(TestCaseExecutor.java:433)
	at com.kms.katalon.core.main.TestCaseExecutor.processExecutionPhase(TestCaseExecutor.java:412)
	at com.kms.katalon.core.main.TestCaseExecutor.accessMainPhase(TestCaseExecutor.java:404)
	at com.kms.katalon.core.main.TestCaseExecutor.execute(TestCaseExecutor.java:281)
	at com.kms.katalon.core.main.TestSuiteExecutor.accessTestCaseMainPhase(TestSuiteExecutor.java:202)
	at com.kms.katalon.core.main.TestSuiteExecutor.accessTestSuiteMainPhase(TestSuiteExecutor.java:164)
	at com.kms.katalon.core.main.TestSuiteExecutor.execute(TestSuiteExecutor.java:105)
	at com.kms.katalon.core.main.TestCaseMain.startTestSuite(TestCaseMain.java:181)
	at com.kms.katalon.core.main.TestCaseMain$startTestSuite$0.call(Unknown Source)
	at TempTestSuite1648100878643.run(TempTestSuite1648100878643.groovy:36)
)

2022-03-24 12:50:34 - [TEST_STEP][FAILED] - verifyElementPropertyValue(order, "GetDataOrderResponse.ListDataOrder[0].InsuranceData[4].PerluasanJaminan.Banjir", o_rsmb_val_4, CONTINUE_ON_FAILURE): Unable to verify element property value (Root cause: java.lang.NullPointerException: Cannot get property 'PerluasanJaminan' on null object
	at Script1.run(Script1.groovy:1)
	at com.kms.katalon.core.webservice.helper.WebServiceCommonHelper.parseAndGetPropertyValueForJson(WebServiceCommonHelper.java:213)
	at com.kms.katalon.core.webservice.keyword.builtin.VerifyElementPropertyValueKeyword$_verifyElementPropertyValue_closure1.doCall(VerifyElementPropertyValueKeyword.groovy:52)
	at com.kms.katalon.core.webservice.keyword.builtin.VerifyElementPropertyValueKeyword$_verifyElementPropertyValue_closure1.call(VerifyElementPropertyValueKeyword.groovy)
	at com.kms.katalon.core.keyword.internal.KeywordMain.runKeyword(KeywordMain.groovy:74)
	at com.kms.katalon.core.webservice.keyword.builtin.VerifyElementPropertyValueKeyword.verifyElementPropertyValue(VerifyElementPropertyValueKeyword.groovy:48)
	at com.kms.katalon.core.webservice.keyword.builtin.VerifyElementPropertyValueKeyword.execute(VerifyElementPropertyValueKeyword.groovy:43)
	at com.kms.katalon.core.keyword.internal.KeywordExecutor.executeKeywordForPlatform(KeywordExecutor.groovy:74)
	at com.kms.katalon.core.webservice.keyword.WSBuiltInKeywords.verifyElementPropertyValue(WSBuiltInKeywords.groovy:175)
	at com.kms.katalon.core.webservice.keyword.WSBuiltInKeywords$verifyElementPropertyValue$0.call(Unknown Source)
	at 1. get token - data order.run(1. get token - data order:787)
	at com.kms.katalon.core.main.ScriptEngine.run(ScriptEngine.java:194)
	at com.kms.katalon.core.main.ScriptEngine.runScriptAsRawText(ScriptEngine.java:119)
	at com.kms.katalon.core.main.TestCaseExecutor.runScript(TestCaseExecutor.java:442)
	at com.kms.katalon.core.main.TestCaseExecutor.doExecute(TestCaseExecutor.java:433)
	at com.kms.katalon.core.main.TestCaseExecutor.processExecutionPhase(TestCaseExecutor.java:412)
	at com.kms.katalon.core.main.TestCaseExecutor.accessMainPhase(TestCaseExecutor.java:404)
	at com.kms.katalon.core.main.TestCaseExecutor.execute(TestCaseExecutor.java:281)
	at com.kms.katalon.core.main.TestSuiteExecutor.accessTestCaseMainPhase(TestSuiteExecutor.java:202)
	at com.kms.katalon.core.main.TestSuiteExecutor.accessTestSuiteMainPhase(TestSuiteExecutor.java:164)
	at com.kms.katalon.core.main.TestSuiteExecutor.execute(TestSuiteExecutor.java:105)
	at com.kms.katalon.core.main.TestCaseMain.startTestSuite(TestCaseMain.java:181)
	at com.kms.katalon.core.main.TestCaseMain$startTestSuite$0.call(Unknown Source)
	at TempTestSuite1648100878643.run(TempTestSuite1648100878643.groovy:36)
)

2022-03-24 12:50:34 - [MESSAGE][FAILED] - Unable to verify element property value (Root cause: java.lang.NullPointerException: Cannot get property 'PerluasanJaminan' on null object
	at Script1.run(Script1.groovy:1)
	at com.kms.katalon.core.webservice.helper.WebServiceCommonHelper.parseAndGetPropertyValueForJson(WebServiceCommonHelper.java:213)
	at com.kms.katalon.core.webservice.keyword.builtin.VerifyElementPropertyValueKeyword$_verifyElementPropertyValue_closure1.doCall(VerifyElementPropertyValueKeyword.groovy:52)
	at com.kms.katalon.core.webservice.keyword.builtin.VerifyElementPropertyValueKeyword$_verifyElementPropertyValue_closure1.call(VerifyElementPropertyValueKeyword.groovy)
	at com.kms.katalon.core.keyword.internal.KeywordMain.runKeyword(KeywordMain.groovy:74)
	at com.kms.katalon.core.webservice.keyword.builtin.VerifyElementPropertyValueKeyword.verifyElementPropertyValue(VerifyElementPropertyValueKeyword.groovy:48)
	at com.kms.katalon.core.webservice.keyword.builtin.VerifyElementPropertyValueKeyword.execute(VerifyElementPropertyValueKeyword.groovy:43)
	at com.kms.katalon.core.keyword.internal.KeywordExecutor.executeKeywordForPlatform(KeywordExecutor.groovy:74)
	at com.kms.katalon.core.webservice.keyword.WSBuiltInKeywords.verifyElementPropertyValue(WSBuiltInKeywords.groovy:175)
	at com.kms.katalon.core.webservice.keyword.WSBuiltInKeywords$verifyElementPropertyValue$0.call(Unknown Source)
	at 1. get token - data order.run(1. get token - data order:787)
	at com.kms.katalon.core.main.ScriptEngine.run(ScriptEngine.java:194)
	at com.kms.katalon.core.main.ScriptEngine.runScriptAsRawText(ScriptEngine.java:119)
	at com.kms.katalon.core.main.TestCaseExecutor.runScript(TestCaseExecutor.java:442)
	at com.kms.katalon.core.main.TestCaseExecutor.doExecute(TestCaseExecutor.java:433)
	at com.kms.katalon.core.main.TestCaseExecutor.processExecutionPhase(TestCaseExecutor.java:412)
	at com.kms.katalon.core.main.TestCaseExecutor.accessMainPhase(TestCaseExecutor.java:404)
	at com.kms.katalon.core.main.TestCaseExecutor.execute(TestCaseExecutor.java:281)
	at com.kms.katalon.core.main.TestSuiteExecutor.accessTestCaseMainPhase(TestSuiteExecutor.java:202)
	at com.kms.katalon.core.main.TestSuiteExecutor.accessTestSuiteMainPhase(TestSuiteExecutor.java:164)
	at com.kms.katalon.core.main.TestSuiteExecutor.execute(TestSuiteExecutor.java:105)
	at com.kms.katalon.core.main.TestCaseMain.startTestSuite(TestCaseMain.java:181)
	at com.kms.katalon.core.main.TestCaseMain$startTestSuite$0.call(Unknown Source)
	at TempTestSuite1648100878643.run(TempTestSuite1648100878643.groovy:36)
)

2022-03-24 12:50:34 - [TEST_STEP][FAILED] - verifyElementPropertyValue(order, "GetDataOrderResponse.ListDataOrder[0].InsuranceData[4].PerluasanJaminan.Accessories", o_acc_val_4, CONTINUE_ON_FAILURE): Unable to verify element property value (Root cause: java.lang.NullPointerException: Cannot get property 'PerluasanJaminan' on null object
	at Script1.run(Script1.groovy:1)
	at com.kms.katalon.core.webservice.helper.WebServiceCommonHelper.parseAndGetPropertyValueForJson(WebServiceCommonHelper.java:213)
	at com.kms.katalon.core.webservice.keyword.builtin.VerifyElementPropertyValueKeyword$_verifyElementPropertyValue_closure1.doCall(VerifyElementPropertyValueKeyword.groovy:52)
	at com.kms.katalon.core.webservice.keyword.builtin.VerifyElementPropertyValueKeyword$_verifyElementPropertyValue_closure1.call(VerifyElementPropertyValueKeyword.groovy)
	at com.kms.katalon.core.keyword.internal.KeywordMain.runKeyword(KeywordMain.groovy:74)
	at com.kms.katalon.core.webservice.keyword.builtin.VerifyElementPropertyValueKeyword.verifyElementPropertyValue(VerifyElementPropertyValueKeyword.groovy:48)
	at com.kms.katalon.core.webservice.keyword.builtin.VerifyElementPropertyValueKeyword.execute(VerifyElementPropertyValueKeyword.groovy:43)
	at com.kms.katalon.core.keyword.internal.KeywordExecutor.executeKeywordForPlatform(KeywordExecutor.groovy:74)
	at com.kms.katalon.core.webservice.keyword.WSBuiltInKeywords.verifyElementPropertyValue(WSBuiltInKeywords.groovy:175)
	at com.kms.katalon.core.webservice.keyword.WSBuiltInKeywords$verifyElementPropertyValue$0.call(Unknown Source)
	at 1. get token - data order.run(1. get token - data order:790)
	at com.kms.katalon.core.main.ScriptEngine.run(ScriptEngine.java:194)
	at com.kms.katalon.core.main.ScriptEngine.runScriptAsRawText(ScriptEngine.java:119)
	at com.kms.katalon.core.main.TestCaseExecutor.runScript(TestCaseExecutor.java:442)
	at com.kms.katalon.core.main.TestCaseExecutor.doExecute(TestCaseExecutor.java:433)
	at com.kms.katalon.core.main.TestCaseExecutor.processExecutionPhase(TestCaseExecutor.java:412)
	at com.kms.katalon.core.main.TestCaseExecutor.accessMainPhase(TestCaseExecutor.java:404)
	at com.kms.katalon.core.main.TestCaseExecutor.execute(TestCaseExecutor.java:281)
	at com.kms.katalon.core.main.TestSuiteExecutor.accessTestCaseMainPhase(TestSuiteExecutor.java:202)
	at com.kms.katalon.core.main.TestSuiteExecutor.accessTestSuiteMainPhase(TestSuiteExecutor.java:164)
	at com.kms.katalon.core.main.TestSuiteExecutor.execute(TestSuiteExecutor.java:105)
	at com.kms.katalon.core.main.TestCaseMain.startTestSuite(TestCaseMain.java:181)
	at com.kms.katalon.core.main.TestCaseMain$startTestSuite$0.call(Unknown Source)
	at TempTestSuite1648100878643.run(TempTestSuite1648100878643.groovy:36)
)

2022-03-24 12:50:34 - [MESSAGE][FAILED] - Unable to verify element property value (Root cause: java.lang.NullPointerException: Cannot get property 'PerluasanJaminan' on null object
	at Script1.run(Script1.groovy:1)
	at com.kms.katalon.core.webservice.helper.WebServiceCommonHelper.parseAndGetPropertyValueForJson(WebServiceCommonHelper.java:213)
	at com.kms.katalon.core.webservice.keyword.builtin.VerifyElementPropertyValueKeyword$_verifyElementPropertyValue_closure1.doCall(VerifyElementPropertyValueKeyword.groovy:52)
	at com.kms.katalon.core.webservice.keyword.builtin.VerifyElementPropertyValueKeyword$_verifyElementPropertyValue_closure1.call(VerifyElementPropertyValueKeyword.groovy)
	at com.kms.katalon.core.keyword.internal.KeywordMain.runKeyword(KeywordMain.groovy:74)
	at com.kms.katalon.core.webservice.keyword.builtin.VerifyElementPropertyValueKeyword.verifyElementPropertyValue(VerifyElementPropertyValueKeyword.groovy:48)
	at com.kms.katalon.core.webservice.keyword.builtin.VerifyElementPropertyValueKeyword.execute(VerifyElementPropertyValueKeyword.groovy:43)
	at com.kms.katalon.core.keyword.internal.KeywordExecutor.executeKeywordForPlatform(KeywordExecutor.groovy:74)
	at com.kms.katalon.core.webservice.keyword.WSBuiltInKeywords.verifyElementPropertyValue(WSBuiltInKeywords.groovy:175)
	at com.kms.katalon.core.webservice.keyword.WSBuiltInKeywords$verifyElementPropertyValue$0.call(Unknown Source)
	at 1. get token - data order.run(1. get token - data order:790)
	at com.kms.katalon.core.main.ScriptEngine.run(ScriptEngine.java:194)
	at com.kms.katalon.core.main.ScriptEngine.runScriptAsRawText(ScriptEngine.java:119)
	at com.kms.katalon.core.main.TestCaseExecutor.runScript(TestCaseExecutor.java:442)
	at com.kms.katalon.core.main.TestCaseExecutor.doExecute(TestCaseExecutor.java:433)
	at com.kms.katalon.core.main.TestCaseExecutor.processExecutionPhase(TestCaseExecutor.java:412)
	at com.kms.katalon.core.main.TestCaseExecutor.accessMainPhase(TestCaseExecutor.java:404)
	at com.kms.katalon.core.main.TestCaseExecutor.execute(TestCaseExecutor.java:281)
	at com.kms.katalon.core.main.TestSuiteExecutor.accessTestCaseMainPhase(TestSuiteExecutor.java:202)
	at com.kms.katalon.core.main.TestSuiteExecutor.accessTestSuiteMainPhase(TestSuiteExecutor.java:164)
	at com.kms.katalon.core.main.TestSuiteExecutor.execute(TestSuiteExecutor.java:105)
	at com.kms.katalon.core.main.TestCaseMain.startTestSuite(TestCaseMain.java:181)
	at com.kms.katalon.core.main.TestCaseMain$startTestSuite$0.call(Unknown Source)
	at TempTestSuite1648100878643.run(TempTestSuite1648100878643.groovy:36)
)

2022-03-24 12:50:34 - [TEST_STEP][PASSED] - break: null]]></system-out>
         <system-err><![CDATA[2022-03-24 12:50:24 - [TEST_CASE][FAILED] - Test Cases/1. get token - data order: Test Cases/1. get token - data order FAILED.
Reason:
com.kms.katalon.core.exception.StepFailedException: Expected element property value '9446009985' is not equal with actual property value '1154000993'
	at com.kms.katalon.core.keyword.internal.KeywordMain.stepFailed(KeywordMain.groovy:39)
	at com.kms.katalon.core.webservice.keyword.builtin.VerifyElementPropertyValueKeyword$_verifyElementPropertyValue_closure1.doCall(VerifyElementPropertyValueKeyword.groovy:56)
	at com.kms.katalon.core.webservice.keyword.builtin.VerifyElementPropertyValueKeyword$_verifyElementPropertyValue_closure1.call(VerifyElementPropertyValueKeyword.groovy)
	at com.kms.katalon.core.keyword.internal.KeywordMain.runKeyword(KeywordMain.groovy:74)
	at com.kms.katalon.core.webservice.keyword.builtin.VerifyElementPropertyValueKeyword.verifyElementPropertyValue(VerifyElementPropertyValueKeyword.groovy:48)
	at com.kms.katalon.core.webservice.keyword.builtin.VerifyElementPropertyValueKeyword.execute(VerifyElementPropertyValueKeyword.groovy:43)
	at com.kms.katalon.core.keyword.internal.KeywordExecutor.executeKeywordForPlatform(KeywordExecutor.groovy:74)
	at com.kms.katalon.core.webservice.keyword.WSBuiltInKeywords.verifyElementPropertyValue(WSBuiltInKeywords.groovy:175)
	at com.kms.katalon.core.webservice.keyword.WSBuiltInKeywords$verifyElementPropertyValue$0.call(Unknown Source)
	at 1. get token - data order.run(1. get token - data order:54)
	at com.kms.katalon.core.main.ScriptEngine.run(ScriptEngine.java:194)
	at com.kms.katalon.core.main.ScriptEngine.runScriptAsRawText(ScriptEngine.java:119)
	at com.kms.katalon.core.main.TestCaseExecutor.runScript(TestCaseExecutor.java:442)
	at com.kms.katalon.core.main.TestCaseExecutor.doExecute(TestCaseExecutor.java:433)
	at com.kms.katalon.core.main.TestCaseExecutor.processExecutionPhase(TestCaseExecutor.java:412)
	at com.kms.katalon.core.main.TestCaseExecutor.accessMainPhase(TestCaseExecutor.java:404)
	at com.kms.katalon.core.main.TestCaseExecutor.execute(TestCaseExecutor.java:281)
	at com.kms.katalon.core.main.TestSuiteExecutor.accessTestCaseMainPhase(TestSuiteExecutor.java:202)
	at com.kms.katalon.core.main.TestSuiteExecutor.accessTestSuiteMainPhase(TestSuiteExecutor.java:164)
	at com.kms.katalon.core.main.TestSuiteExecutor.execute(TestSuiteExecutor.java:105)
	at com.kms.katalon.core.main.TestCaseMain.startTestSuite(TestCaseMain.java:181)
	at com.kms.katalon.core.main.TestCaseMain$startTestSuite$0.call(Unknown Source)
	at TempTestSuite1648100878643.run(TempTestSuite1648100878643.groovy:36)]]></system-err>
      </testcase>
      <testcase name="Test Cases/1. get token - data order" time="8.966" classname="Test Cases/1. get token - data order" status="FAILED">
         <failure type="FAILED" message="Test Cases/1. get token - data order FAILED.
Reason:
com.kms.katalon.core.exception.StepFailedException: Expected element property value '9446009990' is not equal with actual property value '1154000993'
	at com.kms.katalon.core.keyword.internal.KeywordMain.stepFailed(KeywordMain.groovy:39)
	at com.kms.katalon.core.webservice.keyword.builtin.VerifyElementPropertyValueKeyword$_verifyElementPropertyValue_closure1.doCall(VerifyElementPropertyValueKeyword.groovy:56)
	at com.kms.katalon.core.webservice.keyword.builtin.VerifyElementPropertyValueKeyword$_verifyElementPropertyValue_closure1.call(VerifyElementPropertyValueKeyword.groovy)
	at com.kms.katalon.core.keyword.internal.KeywordMain.runKeyword(KeywordMain.groovy:74)
	at com.kms.katalon.core.webservice.keyword.builtin.VerifyElementPropertyValueKeyword.verifyElementPropertyValue(VerifyElementPropertyValueKeyword.groovy:48)
	at com.kms.katalon.core.webservice.keyword.builtin.VerifyElementPropertyValueKeyword.execute(VerifyElementPropertyValueKeyword.groovy:43)
	at com.kms.katalon.core.keyword.internal.KeywordExecutor.executeKeywordForPlatform(KeywordExecutor.groovy:74)
	at com.kms.katalon.core.webservice.keyword.WSBuiltInKeywords.verifyElementPropertyValue(WSBuiltInKeywords.groovy:175)
	at com.kms.katalon.core.webservice.keyword.WSBuiltInKeywords$verifyElementPropertyValue$0.call(Unknown Source)
	at 1. get token - data order.run(1. get token - data order:54)
	at com.kms.katalon.core.main.ScriptEngine.run(ScriptEngine.java:194)
	at com.kms.katalon.core.main.ScriptEngine.runScriptAsRawText(ScriptEngine.java:119)
	at com.kms.katalon.core.main.TestCaseExecutor.runScript(TestCaseExecutor.java:442)
	at com.kms.katalon.core.main.TestCaseExecutor.doExecute(TestCaseExecutor.java:433)
	at com.kms.katalon.core.main.TestCaseExecutor.processExecutionPhase(TestCaseExecutor.java:412)
	at com.kms.katalon.core.main.TestCaseExecutor.accessMainPhase(TestCaseExecutor.java:404)
	at com.kms.katalon.core.main.TestCaseExecutor.execute(TestCaseExecutor.java:281)
	at com.kms.katalon.core.main.TestSuiteExecutor.accessTestCaseMainPhase(TestSuiteExecutor.java:202)
	at com.kms.katalon.core.main.TestSuiteExecutor.accessTestSuiteMainPhase(TestSuiteExecutor.java:164)
	at com.kms.katalon.core.main.TestSuiteExecutor.execute(TestSuiteExecutor.java:105)
	at com.kms.katalon.core.main.TestCaseMain.startTestSuite(TestCaseMain.java:181)
	at com.kms.katalon.core.main.TestCaseMain$startTestSuite$0.call(Unknown Source)
	at TempTestSuite1648100878643.run(TempTestSuite1648100878643.groovy:36)
"/>
         <system-out><![CDATA[2022-03-24 12:50:35 - [TEST_CASE][FAILED] - Test Cases/1. get token - data order: Test Cases/1. get token - data order FAILED.
Reason:
com.kms.katalon.core.exception.StepFailedException: Expected element property value '9446009990' is not equal with actual property value '1154000993'
	at com.kms.katalon.core.keyword.internal.KeywordMain.stepFailed(KeywordMain.groovy:39)
	at com.kms.katalon.core.webservice.keyword.builtin.VerifyElementPropertyValueKeyword$_verifyElementPropertyValue_closure1.doCall(VerifyElementPropertyValueKeyword.groovy:56)
	at com.kms.katalon.core.webservice.keyword.builtin.VerifyElementPropertyValueKeyword$_verifyElementPropertyValue_closure1.call(VerifyElementPropertyValueKeyword.groovy)
	at com.kms.katalon.core.keyword.internal.KeywordMain.runKeyword(KeywordMain.groovy:74)
	at com.kms.katalon.core.webservice.keyword.builtin.VerifyElementPropertyValueKeyword.verifyElementPropertyValue(VerifyElementPropertyValueKeyword.groovy:48)
	at com.kms.katalon.core.webservice.keyword.builtin.VerifyElementPropertyValueKeyword.execute(VerifyElementPropertyValueKeyword.groovy:43)
	at com.kms.katalon.core.keyword.internal.KeywordExecutor.executeKeywordForPlatform(KeywordExecutor.groovy:74)
	at com.kms.katalon.core.webservice.keyword.WSBuiltInKeywords.verifyElementPropertyValue(WSBuiltInKeywords.groovy:175)
	at com.kms.katalon.core.webservice.keyword.WSBuiltInKeywords$verifyElementPropertyValue$0.call(Unknown Source)
	at 1. get token - data order.run(1. get token - data order:54)
	at com.kms.katalon.core.main.ScriptEngine.run(ScriptEngine.java:194)
	at com.kms.katalon.core.main.ScriptEngine.runScriptAsRawText(ScriptEngine.java:119)
	at com.kms.katalon.core.main.TestCaseExecutor.runScript(TestCaseExecutor.java:442)
	at com.kms.katalon.core.main.TestCaseExecutor.doExecute(TestCaseExecutor.java:433)
	at com.kms.katalon.core.main.TestCaseExecutor.processExecutionPhase(TestCaseExecutor.java:412)
	at com.kms.katalon.core.main.TestCaseExecutor.accessMainPhase(TestCaseExecutor.java:404)
	at com.kms.katalon.core.main.TestCaseExecutor.execute(TestCaseExecutor.java:281)
	at com.kms.katalon.core.main.TestSuiteExecutor.accessTestCaseMainPhase(TestSuiteExecutor.java:202)
	at com.kms.katalon.core.main.TestSuiteExecutor.accessTestSuiteMainPhase(TestSuiteExecutor.java:164)
	at com.kms.katalon.core.main.TestSuiteExecutor.execute(TestSuiteExecutor.java:105)
	at com.kms.katalon.core.main.TestCaseMain.startTestSuite(TestCaseMain.java:181)
	at com.kms.katalon.core.main.TestCaseMain$startTestSuite$0.call(Unknown Source)
	at TempTestSuite1648100878643.run(TempTestSuite1648100878643.groovy:36)


2022-03-24 12:50:35 - [TEST_STEP][PASSED] - token = sendRequest(findTestObject("1. Get-Token")): Send request successfully

2022-03-24 12:50:35 - [MESSAGE][INFO] - HAR: I:\app-testing\app-project\Order car insurance\order-car-insurance\Reports\20220324_124757\Get data order\20220324_124758\requests\main\36.har

2022-03-24 12:50:35 - [MESSAGE][PASSED] - Send request successfully

2022-03-24 12:50:35 - [TEST_STEP][PASSED] - slurper = new groovy.json.JsonSlurper(): null

2022-03-24 12:50:35 - [TEST_STEP][PASSED] - get_token = slurper.parseText(token.getResponseBodyContent()): null

2022-03-24 12:50:35 - [TEST_STEP][PASSED] - private_token = access_token: null

2022-03-24 12:50:35 - [TEST_STEP][PASSED] - global_token = private_token: null

2022-03-24 12:50:35 - [TEST_STEP][PASSED] - println("token is :" + global_token): null

2022-03-24 12:50:35 - [TEST_STEP][PASSED] - response_token = token.getResponseText(): null

2022-03-24 12:50:35 - [TEST_STEP][PASSED] - logInfo($response_token): 
            {
                "token_type": "BearerToken",
                "access_token": "jIzpJCAIvEulUmO4e1yVuSXVAl37",
                "expires_in": "1799",
                "scope": ""
            }
        

2022-03-24 12:50:35 - [MESSAGE][INFO] - 
            {
                "token_type": "BearerToken",
                "access_token": "jIzpJCAIvEulUmO4e1yVuSXVAl37",
                "expires_in": "1799",
                "scope": ""
            }
        

2022-03-24 12:50:35 - [TEST_STEP][PASSED] - order = sendRequest(findTestObject("3. Get-data-order", ["s_key":global_token, "c_id":c_id, "order_date":order_date, "page":page, "rows":rows])): Send request successfully

2022-03-24 12:50:37 - [MESSAGE][INFO] - HAR: I:\app-testing\app-project\Order car insurance\order-car-insurance\Reports\20220324_124757\Get data order\20220324_124758\requests\main\37.har

2022-03-24 12:50:37 - [MESSAGE][PASSED] - Send request successfully

2022-03-24 12:50:37 - [TEST_STEP][PASSED] - get_order = order.getResponseText(): null

2022-03-24 12:50:37 - [TEST_STEP][PASSED] - markPassed("data ke : " + no): data ke : 13

2022-03-24 12:50:37 - [MESSAGE][PASSED] - data ke : 13

2022-03-24 12:50:37 - [TEST_STEP][PASSED] - verifyElementPropertyValue(order, "GetDataOrderResponse.ListDataOrder[0].TipeOrder", o_tipeorder, CONTINUE_ON_FAILURE): Verify element property value successfully

2022-03-24 12:50:37 - [MESSAGE][PASSED] - Verify element property value successfully

2022-03-24 12:50:37 - [TEST_STEP][PASSED] - verifyElementPropertyValue(order, "GetDataOrderResponse.ListDataOrder[0].BatchID", o_batchid, CONTINUE_ON_FAILURE): Verify element property value successfully

2022-03-24 12:50:37 - [MESSAGE][PASSED] - Verify element property value successfully

2022-03-24 12:50:37 - [TEST_STEP][FAILED] - verifyElementPropertyValue(order, "GetDataOrderResponse.ListDataOrder[0].NoRek", o_norek, CONTINUE_ON_FAILURE): Expected element property value '9446009990' is not equal with actual property value '1154000993'

2022-03-24 12:50:37 - [MESSAGE][FAILED] - Expected element property value '9446009990' is not equal with actual property value '1154000993'

2022-03-24 12:50:37 - [TEST_STEP][PASSED] - verifyElementPropertyValue(order, "GetDataOrderResponse.ListDataOrder[0].NoPin", o_nopin, CONTINUE_ON_FAILURE): Verify element property value successfully

2022-03-24 12:50:37 - [MESSAGE][PASSED] - Verify element property value successfully

2022-03-24 12:50:37 - [TEST_STEP][PASSED] - verifyElementPropertyValue(order, "GetDataOrderResponse.ListDataOrder[0].CustName", o_custname, CONTINUE_ON_FAILURE): Verify element property value successfully

2022-03-24 12:50:37 - [MESSAGE][PASSED] - Verify element property value successfully

2022-03-24 12:50:37 - [TEST_STEP][FAILED] - verifyElementPropertyValue(order, "GetDataOrderResponse.ListDataOrder[0].Pemohon", o_pemohon, CONTINUE_ON_FAILURE): Expected element property value 'PT BCAF QQ BCA' is not equal with actual property value 'PT BCAF'

2022-03-24 12:50:37 - [MESSAGE][FAILED] - Expected element property value 'PT BCAF QQ BCA' is not equal with actual property value 'PT BCAF'

2022-03-24 12:50:37 - [TEST_STEP][FAILED] - verifyElementPropertyValue(order, "GetDataOrderResponse.ListDataOrder[0].HargaPembelian", o_otr, CONTINUE_ON_FAILURE): Expected element property value '302000000.00' is not equal with actual property value '360000000.00'

2022-03-24 12:50:37 - [MESSAGE][FAILED] - Expected element property value '302000000.00' is not equal with actual property value '360000000.00'

2022-03-24 12:50:37 - [TEST_STEP][FAILED] - verifyElementPropertyValue(order, "GetDataOrderResponse.ListDataOrder[0].Cabang", o_branchid, CONTINUE_ON_FAILURE): Expected element property value '9446' is not equal with actual property value '1154'

2022-03-24 12:50:37 - [MESSAGE][FAILED] - Expected element property value '9446' is not equal with actual property value '1154'

2022-03-24 12:50:37 - [TEST_STEP][FAILED] - verifyElementPropertyValue(order, "GetDataOrderResponse.ListDataOrder[0].MerkID", o_merk, CONTINUE_ON_FAILURE): Expected element property value 'HON' is not equal with actual property value 'TYT'

2022-03-24 12:50:37 - [MESSAGE][FAILED] - Expected element property value 'HON' is not equal with actual property value 'TYT'

2022-03-24 12:50:37 - [TEST_STEP][FAILED] - verifyElementPropertyValue(order, "GetDataOrderResponse.ListDataOrder[0].TypeMobil", o_type, CONTINUE_ON_FAILURE): Expected element property value 'ALL NEW CITY HATCHBACK RS CVT' is not equal with actual property value 'INNOVA VENTURER 2.0 AT'

2022-03-24 12:50:37 - [MESSAGE][FAILED] - Expected element property value 'ALL NEW CITY HATCHBACK RS CVT' is not equal with actual property value 'INNOVA VENTURER 2.0 AT'

2022-03-24 12:50:37 - [TEST_STEP][PASSED] - verifyElementPropertyValue(order, "GetDataOrderResponse.ListDataOrder[0].JenisMobil", o_jenis, CONTINUE_ON_FAILURE): Verify element property value successfully

2022-03-24 12:50:37 - [MESSAGE][PASSED] - Verify element property value successfully

2022-03-24 12:50:37 - [TEST_STEP][FAILED] - verifyElementPropertyValue(order, "GetDataOrderResponse.ListDataOrder[0].TahunMobil", o_tahun, CONTINUE_ON_FAILURE): Expected element property value '2021' is not equal with actual property value '2017'

2022-03-24 12:50:37 - [MESSAGE][FAILED] - Expected element property value '2021' is not equal with actual property value '2017'

2022-03-24 12:50:37 - [TEST_STEP][FAILED] - verifyElementPropertyValue(order, "GetDataOrderResponse.ListDataOrder[0].Warna", o_warna, CONTINUE_ON_FAILURE): Expected element property value 'METEOROID GRAY METALLIC' is not equal with actual property value 'PUTIH'

2022-03-24 12:50:37 - [MESSAGE][FAILED] - Expected element property value 'METEOROID GRAY METALLIC' is not equal with actual property value 'PUTIH'

2022-03-24 12:50:37 - [TEST_STEP][FAILED] - verifyElementPropertyValue(order, "GetDataOrderResponse.ListDataOrder[0].NoRangka", o_norangka, CONTINUE_ON_FAILURE): Expected element property value 'MHRGN5880MJ204680' is not equal with actual property value 'MHFAW8EM4H0206354'

2022-03-24 12:50:37 - [MESSAGE][FAILED] - Expected element property value 'MHRGN5880MJ204680' is not equal with actual property value 'MHFAW8EM4H0206354'

2022-03-24 12:50:37 - [TEST_STEP][FAILED] - verifyElementPropertyValue(order, "GetDataOrderResponse.ListDataOrder[0].NoMesin", o_nomesin, CONTINUE_ON_FAILURE): Expected element property value 'L15ZF1005833' is not equal with actual property value '1TRA295932'

2022-03-24 12:50:37 - [MESSAGE][FAILED] - Expected element property value 'L15ZF1005833' is not equal with actual property value '1TRA295932'

2022-03-24 12:50:37 - [TEST_STEP][FAILED] - verifyElementPropertyValue(order, "GetDataOrderResponse.ListDataOrder[0].NoPolisi", o_nopol, CONTINUE_ON_FAILURE): Expected element property value '               ' is not equal with actual property value 'B 2726 BOM'

2022-03-24 12:50:37 - [MESSAGE][FAILED] - Expected element property value '               ' is not equal with actual property value 'B 2726 BOM'

2022-03-24 12:50:37 - [TEST_STEP][FAILED] - verifyElementPropertyValue(order, "GetDataOrderResponse.ListDataOrder[0].NamaBPKB", o_namabpkb, CONTINUE_ON_FAILURE): Expected element property value 'HERRY SETIAWAN, ST' is not equal with actual property value 'PT AUTORENT LANCAR S'

2022-03-24 12:50:37 - [MESSAGE][FAILED] - Expected element property value 'HERRY SETIAWAN, ST' is not equal with actual property value 'PT AUTORENT LANCAR S'

2022-03-24 12:50:37 - [TEST_STEP][FAILED] - verifyElementPropertyValue(order, "GetDataOrderResponse.ListDataOrder[0].KategoriMobil", o_kategori, CONTINUE_ON_FAILURE): Expected element property value '1 ' is not equal with actual property value '14'

2022-03-24 12:50:37 - [MESSAGE][FAILED] - Expected element property value '1 ' is not equal with actual property value '14'

2022-03-24 12:50:37 - [TEST_STEP][PASSED] - verifyElementPropertyValue(order, "GetDataOrderResponse.ListDataOrder[0].PenggunaanKendaraan", o_purpose, CONTINUE_ON_FAILURE): Verify element property value successfully

2022-03-24 12:50:37 - [MESSAGE][PASSED] - Verify element property value successfully

2022-03-24 12:50:37 - [TEST_STEP][FAILED] - verifyElementPropertyValue(order, "GetDataOrderResponse.ListDataOrder[0].Kondisi", o_kondisi, CONTINUE_ON_FAILURE): Expected element property value '1' is not equal with actual property value '2'

2022-03-24 12:50:37 - [MESSAGE][FAILED] - Expected element property value '1' is not equal with actual property value '2'

2022-03-24 12:50:37 - [TEST_STEP][PASSED] - verifyElementPropertyValue(order, "GetDataOrderResponse.ListDataOrder[0].Accessories1", o_acc1, CONTINUE_ON_FAILURE): Verify element property value successfully

2022-03-24 12:50:37 - [MESSAGE][PASSED] - Verify element property value successfully

2022-03-24 12:50:37 - [TEST_STEP][PASSED] - verifyElementPropertyValue(order, "GetDataOrderResponse.ListDataOrder[0].Accessories2", o_acc2, CONTINUE_ON_FAILURE): Verify element property value successfully

2022-03-24 12:50:37 - [MESSAGE][PASSED] - Verify element property value successfully

2022-03-24 12:50:37 - [TEST_STEP][PASSED] - verifyElementPropertyValue(order, "GetDataOrderResponse.ListDataOrder[0].Accessories3", o_acc3, CONTINUE_ON_FAILURE): Verify element property value successfully

2022-03-24 12:50:37 - [MESSAGE][PASSED] - Verify element property value successfully

2022-03-24 12:50:37 - [TEST_STEP][PASSED] - verifyElementPropertyValue(order, "GetDataOrderResponse.ListDataOrder[0].Accessories4", o_acc4, CONTINUE_ON_FAILURE): Verify element property value successfully

2022-03-24 12:50:37 - [MESSAGE][PASSED] - Verify element property value successfully

2022-03-24 12:50:37 - [TEST_STEP][PASSED] - verifyElementPropertyValue(order, "GetDataOrderResponse.ListDataOrder[0].Accessories5", o_acc5, CONTINUE_ON_FAILURE): Verify element property value successfully

2022-03-24 12:50:37 - [MESSAGE][PASSED] - Verify element property value successfully

2022-03-24 12:50:37 - [TEST_STEP][PASSED] - verifyElementPropertyValue(order, "GetDataOrderResponse.ListDataOrder[0].HargaAccessories1", o_harga_acc1, CONTINUE_ON_FAILURE): Verify element property value successfully

2022-03-24 12:50:37 - [MESSAGE][PASSED] - Verify element property value successfully

2022-03-24 12:50:37 - [TEST_STEP][PASSED] - verifyElementPropertyValue(order, "GetDataOrderResponse.ListDataOrder[0].HargaAccessories2", o_harga_acc2, CONTINUE_ON_FAILURE): Verify element property value successfully

2022-03-24 12:50:38 - [MESSAGE][PASSED] - Verify element property value successfully

2022-03-24 12:50:38 - [TEST_STEP][PASSED] - verifyElementPropertyValue(order, "GetDataOrderResponse.ListDataOrder[0].HargaAccessories3", o_harga_acc3, CONTINUE_ON_FAILURE): Verify element property value successfully

2022-03-24 12:50:38 - [MESSAGE][PASSED] - Verify element property value successfully

2022-03-24 12:50:38 - [TEST_STEP][PASSED] - verifyElementPropertyValue(order, "GetDataOrderResponse.ListDataOrder[0].HargaAccessories4", o_harga_acc4, CONTINUE_ON_FAILURE): Verify element property value successfully

2022-03-24 12:50:38 - [MESSAGE][PASSED] - Verify element property value successfully

2022-03-24 12:50:38 - [TEST_STEP][PASSED] - verifyElementPropertyValue(order, "GetDataOrderResponse.ListDataOrder[0].HargaAccessories5", o_harga_acc5, CONTINUE_ON_FAILURE): Verify element property value successfully

2022-03-24 12:50:38 - [MESSAGE][PASSED] - Verify element property value successfully

2022-03-24 12:50:38 - [TEST_STEP][PASSED] - verifyElementPropertyValue(order, "GetDataOrderResponse.ListDataOrder[0].OverKredit", o_overkredit, CONTINUE_ON_FAILURE): Verify element property value successfully

2022-03-24 12:50:38 - [MESSAGE][PASSED] - Verify element property value successfully

2022-03-24 12:50:38 - [TEST_STEP][PASSED] - verifyElementPropertyValue(order, "GetDataOrderResponse.ListDataOrder[0].Restructure", o_restructure, CONTINUE_ON_FAILURE): Verify element property value successfully

2022-03-24 12:50:38 - [MESSAGE][PASSED] - Verify element property value successfully

2022-03-24 12:50:38 - [TEST_STEP][PASSED] - verifyElementPropertyValue(order, "GetDataOrderResponse.ListDataOrder[0].NoPolisLama", o_nopol_lama, CONTINUE_ON_FAILURE): Verify element property value successfully

2022-03-24 12:50:38 - [MESSAGE][PASSED] - Verify element property value successfully

2022-03-24 12:50:38 - [TEST_STEP][PASSED] - verifyElementPropertyValue(order, "GetDataOrderResponse.ListDataOrder[0].MailAddress", o_mail_addr, CONTINUE_ON_FAILURE): Verify element property value successfully

2022-03-24 12:50:38 - [MESSAGE][PASSED] - Verify element property value successfully

2022-03-24 12:50:38 - [TEST_STEP][PASSED] - verifyElementPropertyValue(order, "GetDataOrderResponse.ListDataOrder[0].KabKodya", o_kab_kodya, CONTINUE_ON_FAILURE): Verify element property value successfully

2022-03-24 12:50:38 - [MESSAGE][PASSED] - Verify element property value successfully

2022-03-24 12:50:38 - [TEST_STEP][FAILED] - verifyElementPropertyValue(order, "GetDataOrderResponse.ListDataOrder[0].PostalCode", o_postal_code, CONTINUE_ON_FAILURE): Expected element property value '15141' is not equal with actual property value '12610'

2022-03-24 12:50:38 - [MESSAGE][FAILED] - Expected element property value '15141' is not equal with actual property value '12610'

2022-03-24 12:50:38 - [TEST_STEP][PASSED] - verifyElementPropertyValue(order, "GetDataOrderResponse.ListDataOrder[0].PaketMobil", o_packet, CONTINUE_ON_FAILURE): Verify element property value successfully

2022-03-24 12:50:38 - [MESSAGE][PASSED] - Verify element property value successfully

2022-03-24 12:50:38 - [TEST_STEP][PASSED] - verifyElementPropertyValue(order, "GetDataOrderResponse.ListDataOrder[0].CustType", o_cust_type, CONTINUE_ON_FAILURE): Verify element property value successfully

2022-03-24 12:50:38 - [MESSAGE][PASSED] - Verify element property value successfully

2022-03-24 12:50:38 - [TEST_STEP][FAILED] - verifyElementPropertyValue(order, "GetDataOrderResponse.ListDataOrder[0].IdentityNo", o_nik, CONTINUE_ON_FAILURE): Expected element property value 'SCRAMBLE' is not equal with actual property value '09.5307.120661.7004'

2022-03-24 12:50:38 - [MESSAGE][FAILED] - Expected element property value 'SCRAMBLE' is not equal with actual property value '09.5307.120661.7004'

2022-03-24 12:50:38 - [TEST_STEP][PASSED] - verifyElementPropertyValue(order, "GetDataOrderResponse.ListDataOrder[0].BirthPlace", o_birth_place, CONTINUE_ON_FAILURE): Verify element property value successfully

2022-03-24 12:50:38 - [MESSAGE][PASSED] - Verify element property value successfully

2022-03-24 12:50:38 - [TEST_STEP][FAILED] - verifyElementPropertyValue(order, "GetDataOrderResponse.ListDataOrder[0].BirthDate", o_birth_date, CONTINUE_ON_FAILURE): Expected element property value '20220212' is not equal with actual property value '19610612'

2022-03-24 12:50:38 - [MESSAGE][FAILED] - Expected element property value '20220212' is not equal with actual property value '19610612'

2022-03-24 12:50:38 - [TEST_STEP][FAILED] - verifyElementPropertyValue(order, "GetDataOrderResponse.ListDataOrder[0].Occupation", o_occp, CONTINUE_ON_FAILURE): Expected element property value 'Karyawan' is not equal with actual property value 'Wiraswasta'

2022-03-24 12:50:38 - [MESSAGE][FAILED] - Expected element property value 'Karyawan' is not equal with actual property value 'Wiraswasta'

2022-03-24 12:50:38 - [TEST_STEP][PASSED] - verifyElementPropertyValue(order, "GetDataOrderResponse.ListDataOrder[0].AlamatKTP", o_ktp_addr, CONTINUE_ON_FAILURE): Verify element property value successfully

2022-03-24 12:50:38 - [MESSAGE][PASSED] - Verify element property value successfully

2022-03-24 12:50:38 - [TEST_STEP][PASSED] - verifyElementPropertyValue(order, "GetDataOrderResponse.ListDataOrder[0].KelurahanKTP", o_ktp_kel, CONTINUE_ON_FAILURE): Verify element property value successfully

2022-03-24 12:50:38 - [MESSAGE][PASSED] - Verify element property value successfully

2022-03-24 12:50:38 - [TEST_STEP][PASSED] - verifyElementPropertyValue(order, "GetDataOrderResponse.ListDataOrder[0].KecamatanKTP", o_ktp_kec, CONTINUE_ON_FAILURE): Verify element property value successfully

2022-03-24 12:50:38 - [MESSAGE][PASSED] - Verify element property value successfully

2022-03-24 12:50:38 - [TEST_STEP][PASSED] - verifyElementPropertyValue(order, "GetDataOrderResponse.ListDataOrder[0].KabKodyaKTP", o_ktp_kabkodya, CONTINUE_ON_FAILURE): Verify element property value successfully

2022-03-24 12:50:38 - [MESSAGE][PASSED] - Verify element property value successfully

2022-03-24 12:50:38 - [TEST_STEP][PASSED] - verifyElementPropertyValue(order, "GetDataOrderResponse.ListDataOrder[0].ProvinsiKTP", o_ktp_prov, CONTINUE_ON_FAILURE): Verify element property value successfully

2022-03-24 12:50:38 - [MESSAGE][PASSED] - Verify element property value successfully

2022-03-24 12:50:38 - [TEST_STEP][FAILED] - verifyElementPropertyValue(order, "GetDataOrderResponse.ListDataOrder[0].PostalCodeKTP", o_ktp_postal_code, CONTINUE_ON_FAILURE): Expected element property value '15141' is not equal with actual property value '12610'

2022-03-24 12:50:38 - [MESSAGE][FAILED] - Expected element property value '15141' is not equal with actual property value '12610'

2022-03-24 12:50:38 - [TEST_STEP][FAILED] - verifyElementPropertyValue(order, "GetDataOrderResponse.ListDataOrder[0].DealerName", o_ktp_dealer_name, CONTINUE_ON_FAILURE): Expected element property value 'Pro Union Indo Jaya Modernland' is not equal with actual property value '21 Auto Cars'

2022-03-24 12:50:38 - [MESSAGE][FAILED] - Expected element property value 'Pro Union Indo Jaya Modernland' is not equal with actual property value '21 Auto Cars'

2022-03-24 12:50:38 - [TEST_STEP][FAILED] - switch (tenor): null

2022-03-24 12:50:38 - [TEST_STEP][FAILED] - case "5":: null

2022-03-24 12:50:38 - [TEST_STEP][PASSED] - order2 = sendRequest(findTestObject("3. Get-data-order", ["s_key":global_token, "c_id":c_id, "order_date":order_date, "page":page, "rows":rows])): Send request successfully

2022-03-24 12:50:42 - [MESSAGE][INFO] - HAR: I:\app-testing\app-project\Order car insurance\order-car-insurance\Reports\20220324_124757\Get data order\20220324_124758\requests\main\38.har

2022-03-24 12:50:42 - [MESSAGE][PASSED] - Send request successfully

2022-03-24 12:50:42 - [TEST_STEP][PASSED] - get_order2 = order.getResponseText(): null

2022-03-24 12:50:42 - [TEST_STEP][FAILED] - verifyElementPropertyValue(order, "GetDataOrderResponse.ListDataOrder[0].InsuranceData[0].KondisiPertanggungan", o_kond_pertanggungan_0, CONTINUE_ON_FAILURE): Expected element property value ' ' is not equal with actual property value ''

2022-03-24 12:50:42 - [MESSAGE][FAILED] - Expected element property value ' ' is not equal with actual property value ''

2022-03-24 12:50:42 - [TEST_STEP][PASSED] - verifyElementPropertyValue(order, "GetDataOrderResponse.ListDataOrder[0].InsuranceData[0].TJH", o_tjh_header_0, CONTINUE_ON_FAILURE): Verify element property value successfully

2022-03-24 12:50:42 - [MESSAGE][PASSED] - Verify element property value successfully

2022-03-24 12:50:42 - [TEST_STEP][FAILED] - verifyElementPropertyValue(order, "GetDataOrderResponse.ListDataOrder[0].InsuranceData[0].InsuredValue", o_ins_val_0, CONTINUE_ON_FAILURE): Expected element property value '302000000.00' is not equal with actual property value '360000000.00'

2022-03-24 12:50:42 - [MESSAGE][FAILED] - Expected element property value '302000000.00' is not equal with actual property value '360000000.00'

2022-03-24 12:50:42 - [TEST_STEP][PASSED] - verifyElementPropertyValue(order, "GetDataOrderResponse.ListDataOrder[0].InsuranceData[0].InsuredFrom", o_ins_form_0, CONTINUE_ON_FAILURE): Verify element property value successfully

2022-03-24 12:50:42 - [MESSAGE][PASSED] - Verify element property value successfully

2022-03-24 12:50:42 - [TEST_STEP][PASSED] - verifyElementPropertyValue(order, "GetDataOrderResponse.ListDataOrder[0].InsuranceData[0].InsuredTo", o_ins_to_0, CONTINUE_ON_FAILURE): Verify element property value successfully

2022-03-24 12:50:42 - [MESSAGE][PASSED] - Verify element property value successfully

2022-03-24 12:50:42 - [TEST_STEP][PASSED] - verifyElementPropertyValue(order, "GetDataOrderResponse.ListDataOrder[0].InsuranceData[0].Rate", o_rate_0, CONTINUE_ON_FAILURE): Verify element property value successfully

2022-03-24 12:50:42 - [MESSAGE][PASSED] - Verify element property value successfully

2022-03-24 12:50:42 - [TEST_STEP][FAILED] - verifyElementPropertyValue(order, "GetDataOrderResponse.ListDataOrder[0].InsuranceData[0].GrossPremi", o_gross_premi_0, CONTINUE_ON_FAILURE): Expected element property value '4585568.00' is not equal with actual property value '5466240.00'

2022-03-24 12:50:42 - [MESSAGE][FAILED] - Expected element property value '4585568.00' is not equal with actual property value '5466240.00'

2022-03-24 12:50:42 - [TEST_STEP][PASSED] - verifyElementPropertyValue(order, "GetDataOrderResponse.ListDataOrder[0].InsuranceData[0].Discount", o_discount_0, CONTINUE_ON_FAILURE): Verify element property value successfully

2022-03-24 12:50:42 - [MESSAGE][PASSED] - Verify element property value successfully

2022-03-24 12:50:42 - [TEST_STEP][PASSED] - verifyElementPropertyValue(order, "GetDataOrderResponse.ListDataOrder[0].InsuranceData[0].Adm", o_adm_0, CONTINUE_ON_FAILURE): Verify element property value successfully

2022-03-24 12:50:42 - [MESSAGE][PASSED] - Verify element property value successfully

2022-03-24 12:50:42 - [TEST_STEP][FAILED] - verifyElementPropertyValue(order, "GetDataOrderResponse.ListDataOrder[0].InsuranceData[0].NetPremi", o_netpremi_0, CONTINUE_ON_FAILURE): Expected element property value '4585568.00' is not equal with actual property value '5466240.00'

2022-03-24 12:50:42 - [MESSAGE][FAILED] - Expected element property value '4585568.00' is not equal with actual property value '5466240.00'

2022-03-24 12:50:42 - [TEST_STEP][PASSED] - verifyElementPropertyValue(order, "GetDataOrderResponse.ListDataOrder[0].InsuranceData[0].PerluasanJaminan.TJH", o_tjh_val_0, CONTINUE_ON_FAILURE): Verify element property value successfully

2022-03-24 12:50:42 - [MESSAGE][PASSED] - Verify element property value successfully

2022-03-24 12:50:42 - [TEST_STEP][PASSED] - verifyElementPropertyValue(order, "GetDataOrderResponse.ListDataOrder[0].InsuranceData[0].PerluasanJaminan.RSCC", o_rscc_val_0, CONTINUE_ON_FAILURE): Verify element property value successfully

2022-03-24 12:50:42 - [MESSAGE][PASSED] - Verify element property value successfully

2022-03-24 12:50:42 - [TEST_STEP][PASSED] - verifyElementPropertyValue(order, "GetDataOrderResponse.ListDataOrder[0].InsuranceData[0].PerluasanJaminan.Banjir", o_rsmb_val_0, CONTINUE_ON_FAILURE): Verify element property value successfully

2022-03-24 12:50:42 - [MESSAGE][PASSED] - Verify element property value successfully

2022-03-24 12:50:42 - [TEST_STEP][PASSED] - verifyElementPropertyValue(order, "GetDataOrderResponse.ListDataOrder[0].InsuranceData[0].PerluasanJaminan.Accessories", o_acc_val_0, CONTINUE_ON_FAILURE): Verify element property value successfully

2022-03-24 12:50:42 - [MESSAGE][PASSED] - Verify element property value successfully

2022-03-24 12:50:42 - [TEST_STEP][PASSED] - verifyElementPropertyValue(order, "GetDataOrderResponse.ListDataOrder[0].InsuranceData[1].KondisiPertanggungan", o_kond_pertanggungan_1, CONTINUE_ON_FAILURE): Verify element property value successfully

2022-03-24 12:50:42 - [MESSAGE][PASSED] - Verify element property value successfully

2022-03-24 12:50:42 - [TEST_STEP][PASSED] - verifyElementPropertyValue(order, "GetDataOrderResponse.ListDataOrder[0].InsuranceData[1].TJH", o_tjh_header_1, CONTINUE_ON_FAILURE): Verify element property value successfully

2022-03-24 12:50:42 - [MESSAGE][PASSED] - Verify element property value successfully

2022-03-24 12:50:42 - [TEST_STEP][FAILED] - verifyElementPropertyValue(order, "GetDataOrderResponse.ListDataOrder[0].InsuranceData[1].InsuredValue", o_ins_val_1, CONTINUE_ON_FAILURE): Expected element property value '302000000.00' is not equal with actual property value '360000000.00'

2022-03-24 12:50:42 - [MESSAGE][FAILED] - Expected element property value '302000000.00' is not equal with actual property value '360000000.00'

2022-03-24 12:50:42 - [TEST_STEP][PASSED] - verifyElementPropertyValue(order, "GetDataOrderResponse.ListDataOrder[0].InsuranceData[1].InsuredFrom", o_ins_form_1, CONTINUE_ON_FAILURE): Verify element property value successfully

2022-03-24 12:50:42 - [MESSAGE][PASSED] - Verify element property value successfully

2022-03-24 12:50:42 - [TEST_STEP][PASSED] - verifyElementPropertyValue(order, "GetDataOrderResponse.ListDataOrder[0].InsuranceData[1].InsuredTo", o_ins_to_1, CONTINUE_ON_FAILURE): Verify element property value successfully

2022-03-24 12:50:42 - [MESSAGE][PASSED] - Verify element property value successfully

2022-03-24 12:50:42 - [TEST_STEP][FAILED] - verifyElementPropertyValue(order, "GetDataOrderResponse.ListDataOrder[0].InsuranceData[1].Rate", o_rate_1, CONTINUE_ON_FAILURE): Expected element property value '1.5184' is not equal with actual property value '0.2774'

2022-03-24 12:50:42 - [MESSAGE][FAILED] - Expected element property value '1.5184' is not equal with actual property value '0.2774'

2022-03-24 12:50:42 - [TEST_STEP][FAILED] - verifyElementPropertyValue(order, "GetDataOrderResponse.ListDataOrder[0].InsuranceData[1].GrossPremi", o_gross_premi_1, CONTINUE_ON_FAILURE): Expected element property value '4585568.00' is not equal with actual property value '998640.00'

2022-03-24 12:50:42 - [MESSAGE][FAILED] - Expected element property value '4585568.00' is not equal with actual property value '998640.00'

2022-03-24 12:50:42 - [TEST_STEP][PASSED] - verifyElementPropertyValue(order, "GetDataOrderResponse.ListDataOrder[0].InsuranceData[1].Discount", o_discount_1, CONTINUE_ON_FAILURE): Verify element property value successfully

2022-03-24 12:50:42 - [MESSAGE][PASSED] - Verify element property value successfully

2022-03-24 12:50:42 - [TEST_STEP][PASSED] - verifyElementPropertyValue(order, "GetDataOrderResponse.ListDataOrder[0].InsuranceData[1].Adm", o_adm_1, CONTINUE_ON_FAILURE): Verify element property value successfully

2022-03-24 12:50:42 - [MESSAGE][PASSED] - Verify element property value successfully

2022-03-24 12:50:42 - [TEST_STEP][FAILED] - verifyElementPropertyValue(order, "GetDataOrderResponse.ListDataOrder[0].InsuranceData[1].NetPremi", o_netpremi_1, CONTINUE_ON_FAILURE): Expected element property value '4585568.00' is not equal with actual property value '998640.00'

2022-03-24 12:50:42 - [MESSAGE][FAILED] - Expected element property value '4585568.00' is not equal with actual property value '998640.00'

2022-03-24 12:50:42 - [TEST_STEP][PASSED] - verifyElementPropertyValue(order, "GetDataOrderResponse.ListDataOrder[0].InsuranceData[1].PerluasanJaminan.TJH", o_tjh_val_1, CONTINUE_ON_FAILURE): Verify element property value successfully

2022-03-24 12:50:42 - [MESSAGE][PASSED] - Verify element property value successfully

2022-03-24 12:50:42 - [TEST_STEP][PASSED] - verifyElementPropertyValue(order, "GetDataOrderResponse.ListDataOrder[0].InsuranceData[1].PerluasanJaminan.RSCC", o_rscc_val_1, CONTINUE_ON_FAILURE): Verify element property value successfully

2022-03-24 12:50:42 - [MESSAGE][PASSED] - Verify element property value successfully

2022-03-24 12:50:42 - [TEST_STEP][PASSED] - verifyElementPropertyValue(order, "GetDataOrderResponse.ListDataOrder[0].InsuranceData[1].PerluasanJaminan.Banjir", o_rsmb_val_1, CONTINUE_ON_FAILURE): Verify element property value successfully

2022-03-24 12:50:42 - [MESSAGE][PASSED] - Verify element property value successfully

2022-03-24 12:50:42 - [TEST_STEP][PASSED] - verifyElementPropertyValue(order, "GetDataOrderResponse.ListDataOrder[0].InsuranceData[1].PerluasanJaminan.Accessories", o_acc_val_1, CONTINUE_ON_FAILURE): Verify element property value successfully

2022-03-24 12:50:43 - [MESSAGE][PASSED] - Verify element property value successfully

2022-03-24 12:50:43 - [TEST_STEP][PASSED] - verifyElementPropertyValue(order, "GetDataOrderResponse.ListDataOrder[0].InsuranceData[2].KondisiPertanggungan", o_kond_pertanggungan_2, CONTINUE_ON_FAILURE): Verify element property value successfully

2022-03-24 12:50:43 - [MESSAGE][PASSED] - Verify element property value successfully

2022-03-24 12:50:43 - [TEST_STEP][PASSED] - verifyElementPropertyValue(order, "GetDataOrderResponse.ListDataOrder[0].InsuranceData[2].TJH", o_tjh_header_2, CONTINUE_ON_FAILURE): Verify element property value successfully

2022-03-24 12:50:43 - [MESSAGE][PASSED] - Verify element property value successfully

2022-03-24 12:50:43 - [TEST_STEP][FAILED] - verifyElementPropertyValue(order, "GetDataOrderResponse.ListDataOrder[0].InsuranceData[2].InsuredValue", o_ins_val_2, CONTINUE_ON_FAILURE): Expected element property value '302000000.00' is not equal with actual property value '360000000.00'

2022-03-24 12:50:43 - [MESSAGE][FAILED] - Expected element property value '302000000.00' is not equal with actual property value '360000000.00'

2022-03-24 12:50:43 - [TEST_STEP][PASSED] - verifyElementPropertyValue(order, "GetDataOrderResponse.ListDataOrder[0].InsuranceData[2].InsuredFrom", o_ins_form_2, CONTINUE_ON_FAILURE): Verify element property value successfully

2022-03-24 12:50:43 - [MESSAGE][PASSED] - Verify element property value successfully

2022-03-24 12:50:43 - [TEST_STEP][PASSED] - verifyElementPropertyValue(order, "GetDataOrderResponse.ListDataOrder[0].InsuranceData[2].InsuredTo", o_ins_to_2, CONTINUE_ON_FAILURE): Verify element property value successfully

2022-03-24 12:50:43 - [MESSAGE][PASSED] - Verify element property value successfully

2022-03-24 12:50:43 - [TEST_STEP][FAILED] - verifyElementPropertyValue(order, "GetDataOrderResponse.ListDataOrder[0].InsuranceData[2].Rate", o_rate_2, CONTINUE_ON_FAILURE): Expected element property value '1.5184' is not equal with actual property value '0.2774'

2022-03-24 12:50:43 - [MESSAGE][FAILED] - Expected element property value '1.5184' is not equal with actual property value '0.2774'

2022-03-24 12:50:43 - [TEST_STEP][FAILED] - verifyElementPropertyValue(order, "GetDataOrderResponse.ListDataOrder[0].InsuranceData[2].GrossPremi", o_gross_premi_2, CONTINUE_ON_FAILURE): Expected element property value '4585568' is not equal with actual property value '998640.00'

2022-03-24 12:50:43 - [MESSAGE][FAILED] - Expected element property value '4585568' is not equal with actual property value '998640.00'

2022-03-24 12:50:43 - [TEST_STEP][PASSED] - verifyElementPropertyValue(order, "GetDataOrderResponse.ListDataOrder[0].InsuranceData[2].Discount", o_discount_2, CONTINUE_ON_FAILURE): Verify element property value successfully

2022-03-24 12:50:43 - [MESSAGE][PASSED] - Verify element property value successfully

2022-03-24 12:50:43 - [TEST_STEP][PASSED] - verifyElementPropertyValue(order, "GetDataOrderResponse.ListDataOrder[0].InsuranceData[2].Adm", o_adm_2, CONTINUE_ON_FAILURE): Verify element property value successfully

2022-03-24 12:50:43 - [MESSAGE][PASSED] - Verify element property value successfully

2022-03-24 12:50:43 - [TEST_STEP][FAILED] - verifyElementPropertyValue(order, "GetDataOrderResponse.ListDataOrder[0].InsuranceData[2].NetPremi", o_netpremi_2, CONTINUE_ON_FAILURE): Expected element property value '4585568' is not equal with actual property value '998640.00'

2022-03-24 12:50:43 - [MESSAGE][FAILED] - Expected element property value '4585568' is not equal with actual property value '998640.00'

2022-03-24 12:50:43 - [TEST_STEP][PASSED] - verifyElementPropertyValue(order, "GetDataOrderResponse.ListDataOrder[0].InsuranceData[2].PerluasanJaminan.TJH", o_tjh_val_2, CONTINUE_ON_FAILURE): Verify element property value successfully

2022-03-24 12:50:43 - [MESSAGE][PASSED] - Verify element property value successfully

2022-03-24 12:50:43 - [TEST_STEP][PASSED] - verifyElementPropertyValue(order, "GetDataOrderResponse.ListDataOrder[0].InsuranceData[2].PerluasanJaminan.RSCC", o_rscc_val_2, CONTINUE_ON_FAILURE): Verify element property value successfully

2022-03-24 12:50:43 - [MESSAGE][PASSED] - Verify element property value successfully

2022-03-24 12:50:43 - [TEST_STEP][PASSED] - verifyElementPropertyValue(order, "GetDataOrderResponse.ListDataOrder[0].InsuranceData[2].PerluasanJaminan.Banjir", o_rsmb_val_2, CONTINUE_ON_FAILURE): Verify element property value successfully

2022-03-24 12:50:43 - [MESSAGE][PASSED] - Verify element property value successfully

2022-03-24 12:50:43 - [TEST_STEP][PASSED] - verifyElementPropertyValue(order, "GetDataOrderResponse.ListDataOrder[0].InsuranceData[2].PerluasanJaminan.Accessories", o_acc_val_2, CONTINUE_ON_FAILURE): Verify element property value successfully

2022-03-24 12:50:43 - [MESSAGE][PASSED] - Verify element property value successfully

2022-03-24 12:50:43 - [TEST_STEP][FAILED] - verifyElementPropertyValue(order, "GetDataOrderResponse.ListDataOrder[0].InsuranceData[3].KondisiPertanggungan", o_kond_pertanggungan_3, CONTINUE_ON_FAILURE): Unable to verify element property value (Root cause: java.lang.NullPointerException: Cannot get property 'KondisiPertanggungan' on null object
	at Script1.run(Script1.groovy:1)
	at com.kms.katalon.core.webservice.helper.WebServiceCommonHelper.parseAndGetPropertyValueForJson(WebServiceCommonHelper.java:213)
	at com.kms.katalon.core.webservice.keyword.builtin.VerifyElementPropertyValueKeyword$_verifyElementPropertyValue_closure1.doCall(VerifyElementPropertyValueKeyword.groovy:52)
	at com.kms.katalon.core.webservice.keyword.builtin.VerifyElementPropertyValueKeyword$_verifyElementPropertyValue_closure1.call(VerifyElementPropertyValueKeyword.groovy)
	at com.kms.katalon.core.keyword.internal.KeywordMain.runKeyword(KeywordMain.groovy:74)
	at com.kms.katalon.core.webservice.keyword.builtin.VerifyElementPropertyValueKeyword.verifyElementPropertyValue(VerifyElementPropertyValueKeyword.groovy:48)
	at com.kms.katalon.core.webservice.keyword.builtin.VerifyElementPropertyValueKeyword.execute(VerifyElementPropertyValueKeyword.groovy:43)
	at com.kms.katalon.core.keyword.internal.KeywordExecutor.executeKeywordForPlatform(KeywordExecutor.groovy:74)
	at com.kms.katalon.core.webservice.keyword.WSBuiltInKeywords.verifyElementPropertyValue(WSBuiltInKeywords.groovy:175)
	at com.kms.katalon.core.webservice.keyword.WSBuiltInKeywords$verifyElementPropertyValue$0.call(Unknown Source)
	at 1. get token - data order.run(1. get token - data order:714)
	at com.kms.katalon.core.main.ScriptEngine.run(ScriptEngine.java:194)
	at com.kms.katalon.core.main.ScriptEngine.runScriptAsRawText(ScriptEngine.java:119)
	at com.kms.katalon.core.main.TestCaseExecutor.runScript(TestCaseExecutor.java:442)
	at com.kms.katalon.core.main.TestCaseExecutor.doExecute(TestCaseExecutor.java:433)
	at com.kms.katalon.core.main.TestCaseExecutor.processExecutionPhase(TestCaseExecutor.java:412)
	at com.kms.katalon.core.main.TestCaseExecutor.accessMainPhase(TestCaseExecutor.java:404)
	at com.kms.katalon.core.main.TestCaseExecutor.execute(TestCaseExecutor.java:281)
	at com.kms.katalon.core.main.TestSuiteExecutor.accessTestCaseMainPhase(TestSuiteExecutor.java:202)
	at com.kms.katalon.core.main.TestSuiteExecutor.accessTestSuiteMainPhase(TestSuiteExecutor.java:164)
	at com.kms.katalon.core.main.TestSuiteExecutor.execute(TestSuiteExecutor.java:105)
	at com.kms.katalon.core.main.TestCaseMain.startTestSuite(TestCaseMain.java:181)
	at com.kms.katalon.core.main.TestCaseMain$startTestSuite$0.call(Unknown Source)
	at TempTestSuite1648100878643.run(TempTestSuite1648100878643.groovy:36)
)

2022-03-24 12:50:43 - [MESSAGE][FAILED] - Unable to verify element property value (Root cause: java.lang.NullPointerException: Cannot get property 'KondisiPertanggungan' on null object
	at Script1.run(Script1.groovy:1)
	at com.kms.katalon.core.webservice.helper.WebServiceCommonHelper.parseAndGetPropertyValueForJson(WebServiceCommonHelper.java:213)
	at com.kms.katalon.core.webservice.keyword.builtin.VerifyElementPropertyValueKeyword$_verifyElementPropertyValue_closure1.doCall(VerifyElementPropertyValueKeyword.groovy:52)
	at com.kms.katalon.core.webservice.keyword.builtin.VerifyElementPropertyValueKeyword$_verifyElementPropertyValue_closure1.call(VerifyElementPropertyValueKeyword.groovy)
	at com.kms.katalon.core.keyword.internal.KeywordMain.runKeyword(KeywordMain.groovy:74)
	at com.kms.katalon.core.webservice.keyword.builtin.VerifyElementPropertyValueKeyword.verifyElementPropertyValue(VerifyElementPropertyValueKeyword.groovy:48)
	at com.kms.katalon.core.webservice.keyword.builtin.VerifyElementPropertyValueKeyword.execute(VerifyElementPropertyValueKeyword.groovy:43)
	at com.kms.katalon.core.keyword.internal.KeywordExecutor.executeKeywordForPlatform(KeywordExecutor.groovy:74)
	at com.kms.katalon.core.webservice.keyword.WSBuiltInKeywords.verifyElementPropertyValue(WSBuiltInKeywords.groovy:175)
	at com.kms.katalon.core.webservice.keyword.WSBuiltInKeywords$verifyElementPropertyValue$0.call(Unknown Source)
	at 1. get token - data order.run(1. get token - data order:714)
	at com.kms.katalon.core.main.ScriptEngine.run(ScriptEngine.java:194)
	at com.kms.katalon.core.main.ScriptEngine.runScriptAsRawText(ScriptEngine.java:119)
	at com.kms.katalon.core.main.TestCaseExecutor.runScript(TestCaseExecutor.java:442)
	at com.kms.katalon.core.main.TestCaseExecutor.doExecute(TestCaseExecutor.java:433)
	at com.kms.katalon.core.main.TestCaseExecutor.processExecutionPhase(TestCaseExecutor.java:412)
	at com.kms.katalon.core.main.TestCaseExecutor.accessMainPhase(TestCaseExecutor.java:404)
	at com.kms.katalon.core.main.TestCaseExecutor.execute(TestCaseExecutor.java:281)
	at com.kms.katalon.core.main.TestSuiteExecutor.accessTestCaseMainPhase(TestSuiteExecutor.java:202)
	at com.kms.katalon.core.main.TestSuiteExecutor.accessTestSuiteMainPhase(TestSuiteExecutor.java:164)
	at com.kms.katalon.core.main.TestSuiteExecutor.execute(TestSuiteExecutor.java:105)
	at com.kms.katalon.core.main.TestCaseMain.startTestSuite(TestCaseMain.java:181)
	at com.kms.katalon.core.main.TestCaseMain$startTestSuite$0.call(Unknown Source)
	at TempTestSuite1648100878643.run(TempTestSuite1648100878643.groovy:36)
)

2022-03-24 12:50:43 - [TEST_STEP][FAILED] - verifyElementPropertyValue(order, "GetDataOrderResponse.ListDataOrder[0].InsuranceData[3].TJH", o_tjh_header_3, CONTINUE_ON_FAILURE): Unable to verify element property value (Root cause: java.lang.NullPointerException: Cannot get property 'TJH' on null object
	at Script1.run(Script1.groovy:1)
	at com.kms.katalon.core.webservice.helper.WebServiceCommonHelper.parseAndGetPropertyValueForJson(WebServiceCommonHelper.java:213)
	at com.kms.katalon.core.webservice.keyword.builtin.VerifyElementPropertyValueKeyword$_verifyElementPropertyValue_closure1.doCall(VerifyElementPropertyValueKeyword.groovy:52)
	at com.kms.katalon.core.webservice.keyword.builtin.VerifyElementPropertyValueKeyword$_verifyElementPropertyValue_closure1.call(VerifyElementPropertyValueKeyword.groovy)
	at com.kms.katalon.core.keyword.internal.KeywordMain.runKeyword(KeywordMain.groovy:74)
	at com.kms.katalon.core.webservice.keyword.builtin.VerifyElementPropertyValueKeyword.verifyElementPropertyValue(VerifyElementPropertyValueKeyword.groovy:48)
	at com.kms.katalon.core.webservice.keyword.builtin.VerifyElementPropertyValueKeyword.execute(VerifyElementPropertyValueKeyword.groovy:43)
	at com.kms.katalon.core.keyword.internal.KeywordExecutor.executeKeywordForPlatform(KeywordExecutor.groovy:74)
	at com.kms.katalon.core.webservice.keyword.WSBuiltInKeywords.verifyElementPropertyValue(WSBuiltInKeywords.groovy:175)
	at com.kms.katalon.core.webservice.keyword.WSBuiltInKeywords$verifyElementPropertyValue$0.call(Unknown Source)
	at 1. get token - data order.run(1. get token - data order:717)
	at com.kms.katalon.core.main.ScriptEngine.run(ScriptEngine.java:194)
	at com.kms.katalon.core.main.ScriptEngine.runScriptAsRawText(ScriptEngine.java:119)
	at com.kms.katalon.core.main.TestCaseExecutor.runScript(TestCaseExecutor.java:442)
	at com.kms.katalon.core.main.TestCaseExecutor.doExecute(TestCaseExecutor.java:433)
	at com.kms.katalon.core.main.TestCaseExecutor.processExecutionPhase(TestCaseExecutor.java:412)
	at com.kms.katalon.core.main.TestCaseExecutor.accessMainPhase(TestCaseExecutor.java:404)
	at com.kms.katalon.core.main.TestCaseExecutor.execute(TestCaseExecutor.java:281)
	at com.kms.katalon.core.main.TestSuiteExecutor.accessTestCaseMainPhase(TestSuiteExecutor.java:202)
	at com.kms.katalon.core.main.TestSuiteExecutor.accessTestSuiteMainPhase(TestSuiteExecutor.java:164)
	at com.kms.katalon.core.main.TestSuiteExecutor.execute(TestSuiteExecutor.java:105)
	at com.kms.katalon.core.main.TestCaseMain.startTestSuite(TestCaseMain.java:181)
	at com.kms.katalon.core.main.TestCaseMain$startTestSuite$0.call(Unknown Source)
	at TempTestSuite1648100878643.run(TempTestSuite1648100878643.groovy:36)
)

2022-03-24 12:50:43 - [MESSAGE][FAILED] - Unable to verify element property value (Root cause: java.lang.NullPointerException: Cannot get property 'TJH' on null object
	at Script1.run(Script1.groovy:1)
	at com.kms.katalon.core.webservice.helper.WebServiceCommonHelper.parseAndGetPropertyValueForJson(WebServiceCommonHelper.java:213)
	at com.kms.katalon.core.webservice.keyword.builtin.VerifyElementPropertyValueKeyword$_verifyElementPropertyValue_closure1.doCall(VerifyElementPropertyValueKeyword.groovy:52)
	at com.kms.katalon.core.webservice.keyword.builtin.VerifyElementPropertyValueKeyword$_verifyElementPropertyValue_closure1.call(VerifyElementPropertyValueKeyword.groovy)
	at com.kms.katalon.core.keyword.internal.KeywordMain.runKeyword(KeywordMain.groovy:74)
	at com.kms.katalon.core.webservice.keyword.builtin.VerifyElementPropertyValueKeyword.verifyElementPropertyValue(VerifyElementPropertyValueKeyword.groovy:48)
	at com.kms.katalon.core.webservice.keyword.builtin.VerifyElementPropertyValueKeyword.execute(VerifyElementPropertyValueKeyword.groovy:43)
	at com.kms.katalon.core.keyword.internal.KeywordExecutor.executeKeywordForPlatform(KeywordExecutor.groovy:74)
	at com.kms.katalon.core.webservice.keyword.WSBuiltInKeywords.verifyElementPropertyValue(WSBuiltInKeywords.groovy:175)
	at com.kms.katalon.core.webservice.keyword.WSBuiltInKeywords$verifyElementPropertyValue$0.call(Unknown Source)
	at 1. get token - data order.run(1. get token - data order:717)
	at com.kms.katalon.core.main.ScriptEngine.run(ScriptEngine.java:194)
	at com.kms.katalon.core.main.ScriptEngine.runScriptAsRawText(ScriptEngine.java:119)
	at com.kms.katalon.core.main.TestCaseExecutor.runScript(TestCaseExecutor.java:442)
	at com.kms.katalon.core.main.TestCaseExecutor.doExecute(TestCaseExecutor.java:433)
	at com.kms.katalon.core.main.TestCaseExecutor.processExecutionPhase(TestCaseExecutor.java:412)
	at com.kms.katalon.core.main.TestCaseExecutor.accessMainPhase(TestCaseExecutor.java:404)
	at com.kms.katalon.core.main.TestCaseExecutor.execute(TestCaseExecutor.java:281)
	at com.kms.katalon.core.main.TestSuiteExecutor.accessTestCaseMainPhase(TestSuiteExecutor.java:202)
	at com.kms.katalon.core.main.TestSuiteExecutor.accessTestSuiteMainPhase(TestSuiteExecutor.java:164)
	at com.kms.katalon.core.main.TestSuiteExecutor.execute(TestSuiteExecutor.java:105)
	at com.kms.katalon.core.main.TestCaseMain.startTestSuite(TestCaseMain.java:181)
	at com.kms.katalon.core.main.TestCaseMain$startTestSuite$0.call(Unknown Source)
	at TempTestSuite1648100878643.run(TempTestSuite1648100878643.groovy:36)
)

2022-03-24 12:50:43 - [TEST_STEP][FAILED] - verifyElementPropertyValue(order, "GetDataOrderResponse.ListDataOrder[0].InsuranceData[3].InsuredValue", o_ins_val_3, CONTINUE_ON_FAILURE): Unable to verify element property value (Root cause: java.lang.NullPointerException: Cannot get property 'InsuredValue' on null object
	at Script1.run(Script1.groovy:1)
	at com.kms.katalon.core.webservice.helper.WebServiceCommonHelper.parseAndGetPropertyValueForJson(WebServiceCommonHelper.java:213)
	at com.kms.katalon.core.webservice.keyword.builtin.VerifyElementPropertyValueKeyword$_verifyElementPropertyValue_closure1.doCall(VerifyElementPropertyValueKeyword.groovy:52)
	at com.kms.katalon.core.webservice.keyword.builtin.VerifyElementPropertyValueKeyword$_verifyElementPropertyValue_closure1.call(VerifyElementPropertyValueKeyword.groovy)
	at com.kms.katalon.core.keyword.internal.KeywordMain.runKeyword(KeywordMain.groovy:74)
	at com.kms.katalon.core.webservice.keyword.builtin.VerifyElementPropertyValueKeyword.verifyElementPropertyValue(VerifyElementPropertyValueKeyword.groovy:48)
	at com.kms.katalon.core.webservice.keyword.builtin.VerifyElementPropertyValueKeyword.execute(VerifyElementPropertyValueKeyword.groovy:43)
	at com.kms.katalon.core.keyword.internal.KeywordExecutor.executeKeywordForPlatform(KeywordExecutor.groovy:74)
	at com.kms.katalon.core.webservice.keyword.WSBuiltInKeywords.verifyElementPropertyValue(WSBuiltInKeywords.groovy:175)
	at com.kms.katalon.core.webservice.keyword.WSBuiltInKeywords$verifyElementPropertyValue$0.call(Unknown Source)
	at 1. get token - data order.run(1. get token - data order:719)
	at com.kms.katalon.core.main.ScriptEngine.run(ScriptEngine.java:194)
	at com.kms.katalon.core.main.ScriptEngine.runScriptAsRawText(ScriptEngine.java:119)
	at com.kms.katalon.core.main.TestCaseExecutor.runScript(TestCaseExecutor.java:442)
	at com.kms.katalon.core.main.TestCaseExecutor.doExecute(TestCaseExecutor.java:433)
	at com.kms.katalon.core.main.TestCaseExecutor.processExecutionPhase(TestCaseExecutor.java:412)
	at com.kms.katalon.core.main.TestCaseExecutor.accessMainPhase(TestCaseExecutor.java:404)
	at com.kms.katalon.core.main.TestCaseExecutor.execute(TestCaseExecutor.java:281)
	at com.kms.katalon.core.main.TestSuiteExecutor.accessTestCaseMainPhase(TestSuiteExecutor.java:202)
	at com.kms.katalon.core.main.TestSuiteExecutor.accessTestSuiteMainPhase(TestSuiteExecutor.java:164)
	at com.kms.katalon.core.main.TestSuiteExecutor.execute(TestSuiteExecutor.java:105)
	at com.kms.katalon.core.main.TestCaseMain.startTestSuite(TestCaseMain.java:181)
	at com.kms.katalon.core.main.TestCaseMain$startTestSuite$0.call(Unknown Source)
	at TempTestSuite1648100878643.run(TempTestSuite1648100878643.groovy:36)
)

2022-03-24 12:50:43 - [MESSAGE][FAILED] - Unable to verify element property value (Root cause: java.lang.NullPointerException: Cannot get property 'InsuredValue' on null object
	at Script1.run(Script1.groovy:1)
	at com.kms.katalon.core.webservice.helper.WebServiceCommonHelper.parseAndGetPropertyValueForJson(WebServiceCommonHelper.java:213)
	at com.kms.katalon.core.webservice.keyword.builtin.VerifyElementPropertyValueKeyword$_verifyElementPropertyValue_closure1.doCall(VerifyElementPropertyValueKeyword.groovy:52)
	at com.kms.katalon.core.webservice.keyword.builtin.VerifyElementPropertyValueKeyword$_verifyElementPropertyValue_closure1.call(VerifyElementPropertyValueKeyword.groovy)
	at com.kms.katalon.core.keyword.internal.KeywordMain.runKeyword(KeywordMain.groovy:74)
	at com.kms.katalon.core.webservice.keyword.builtin.VerifyElementPropertyValueKeyword.verifyElementPropertyValue(VerifyElementPropertyValueKeyword.groovy:48)
	at com.kms.katalon.core.webservice.keyword.builtin.VerifyElementPropertyValueKeyword.execute(VerifyElementPropertyValueKeyword.groovy:43)
	at com.kms.katalon.core.keyword.internal.KeywordExecutor.executeKeywordForPlatform(KeywordExecutor.groovy:74)
	at com.kms.katalon.core.webservice.keyword.WSBuiltInKeywords.verifyElementPropertyValue(WSBuiltInKeywords.groovy:175)
	at com.kms.katalon.core.webservice.keyword.WSBuiltInKeywords$verifyElementPropertyValue$0.call(Unknown Source)
	at 1. get token - data order.run(1. get token - data order:719)
	at com.kms.katalon.core.main.ScriptEngine.run(ScriptEngine.java:194)
	at com.kms.katalon.core.main.ScriptEngine.runScriptAsRawText(ScriptEngine.java:119)
	at com.kms.katalon.core.main.TestCaseExecutor.runScript(TestCaseExecutor.java:442)
	at com.kms.katalon.core.main.TestCaseExecutor.doExecute(TestCaseExecutor.java:433)
	at com.kms.katalon.core.main.TestCaseExecutor.processExecutionPhase(TestCaseExecutor.java:412)
	at com.kms.katalon.core.main.TestCaseExecutor.accessMainPhase(TestCaseExecutor.java:404)
	at com.kms.katalon.core.main.TestCaseExecutor.execute(TestCaseExecutor.java:281)
	at com.kms.katalon.core.main.TestSuiteExecutor.accessTestCaseMainPhase(TestSuiteExecutor.java:202)
	at com.kms.katalon.core.main.TestSuiteExecutor.accessTestSuiteMainPhase(TestSuiteExecutor.java:164)
	at com.kms.katalon.core.main.TestSuiteExecutor.execute(TestSuiteExecutor.java:105)
	at com.kms.katalon.core.main.TestCaseMain.startTestSuite(TestCaseMain.java:181)
	at com.kms.katalon.core.main.TestCaseMain$startTestSuite$0.call(Unknown Source)
	at TempTestSuite1648100878643.run(TempTestSuite1648100878643.groovy:36)
)

2022-03-24 12:50:43 - [TEST_STEP][FAILED] - verifyElementPropertyValue(order, "GetDataOrderResponse.ListDataOrder[0].InsuranceData[3].InsuredFrom", o_ins_form_3, CONTINUE_ON_FAILURE): Unable to verify element property value (Root cause: java.lang.NullPointerException: Cannot get property 'InsuredFrom' on null object
	at Script1.run(Script1.groovy:1)
	at com.kms.katalon.core.webservice.helper.WebServiceCommonHelper.parseAndGetPropertyValueForJson(WebServiceCommonHelper.java:213)
	at com.kms.katalon.core.webservice.keyword.builtin.VerifyElementPropertyValueKeyword$_verifyElementPropertyValue_closure1.doCall(VerifyElementPropertyValueKeyword.groovy:52)
	at com.kms.katalon.core.webservice.keyword.builtin.VerifyElementPropertyValueKeyword$_verifyElementPropertyValue_closure1.call(VerifyElementPropertyValueKeyword.groovy)
	at com.kms.katalon.core.keyword.internal.KeywordMain.runKeyword(KeywordMain.groovy:74)
	at com.kms.katalon.core.webservice.keyword.builtin.VerifyElementPropertyValueKeyword.verifyElementPropertyValue(VerifyElementPropertyValueKeyword.groovy:48)
	at com.kms.katalon.core.webservice.keyword.builtin.VerifyElementPropertyValueKeyword.execute(VerifyElementPropertyValueKeyword.groovy:43)
	at com.kms.katalon.core.keyword.internal.KeywordExecutor.executeKeywordForPlatform(KeywordExecutor.groovy:74)
	at com.kms.katalon.core.webservice.keyword.WSBuiltInKeywords.verifyElementPropertyValue(WSBuiltInKeywords.groovy:175)
	at com.kms.katalon.core.webservice.keyword.WSBuiltInKeywords$verifyElementPropertyValue$0.call(Unknown Source)
	at 1. get token - data order.run(1. get token - data order:722)
	at com.kms.katalon.core.main.ScriptEngine.run(ScriptEngine.java:194)
	at com.kms.katalon.core.main.ScriptEngine.runScriptAsRawText(ScriptEngine.java:119)
	at com.kms.katalon.core.main.TestCaseExecutor.runScript(TestCaseExecutor.java:442)
	at com.kms.katalon.core.main.TestCaseExecutor.doExecute(TestCaseExecutor.java:433)
	at com.kms.katalon.core.main.TestCaseExecutor.processExecutionPhase(TestCaseExecutor.java:412)
	at com.kms.katalon.core.main.TestCaseExecutor.accessMainPhase(TestCaseExecutor.java:404)
	at com.kms.katalon.core.main.TestCaseExecutor.execute(TestCaseExecutor.java:281)
	at com.kms.katalon.core.main.TestSuiteExecutor.accessTestCaseMainPhase(TestSuiteExecutor.java:202)
	at com.kms.katalon.core.main.TestSuiteExecutor.accessTestSuiteMainPhase(TestSuiteExecutor.java:164)
	at com.kms.katalon.core.main.TestSuiteExecutor.execute(TestSuiteExecutor.java:105)
	at com.kms.katalon.core.main.TestCaseMain.startTestSuite(TestCaseMain.java:181)
	at com.kms.katalon.core.main.TestCaseMain$startTestSuite$0.call(Unknown Source)
	at TempTestSuite1648100878643.run(TempTestSuite1648100878643.groovy:36)
)

2022-03-24 12:50:43 - [MESSAGE][FAILED] - Unable to verify element property value (Root cause: java.lang.NullPointerException: Cannot get property 'InsuredFrom' on null object
	at Script1.run(Script1.groovy:1)
	at com.kms.katalon.core.webservice.helper.WebServiceCommonHelper.parseAndGetPropertyValueForJson(WebServiceCommonHelper.java:213)
	at com.kms.katalon.core.webservice.keyword.builtin.VerifyElementPropertyValueKeyword$_verifyElementPropertyValue_closure1.doCall(VerifyElementPropertyValueKeyword.groovy:52)
	at com.kms.katalon.core.webservice.keyword.builtin.VerifyElementPropertyValueKeyword$_verifyElementPropertyValue_closure1.call(VerifyElementPropertyValueKeyword.groovy)
	at com.kms.katalon.core.keyword.internal.KeywordMain.runKeyword(KeywordMain.groovy:74)
	at com.kms.katalon.core.webservice.keyword.builtin.VerifyElementPropertyValueKeyword.verifyElementPropertyValue(VerifyElementPropertyValueKeyword.groovy:48)
	at com.kms.katalon.core.webservice.keyword.builtin.VerifyElementPropertyValueKeyword.execute(VerifyElementPropertyValueKeyword.groovy:43)
	at com.kms.katalon.core.keyword.internal.KeywordExecutor.executeKeywordForPlatform(KeywordExecutor.groovy:74)
	at com.kms.katalon.core.webservice.keyword.WSBuiltInKeywords.verifyElementPropertyValue(WSBuiltInKeywords.groovy:175)
	at com.kms.katalon.core.webservice.keyword.WSBuiltInKeywords$verifyElementPropertyValue$0.call(Unknown Source)
	at 1. get token - data order.run(1. get token - data order:722)
	at com.kms.katalon.core.main.ScriptEngine.run(ScriptEngine.java:194)
	at com.kms.katalon.core.main.ScriptEngine.runScriptAsRawText(ScriptEngine.java:119)
	at com.kms.katalon.core.main.TestCaseExecutor.runScript(TestCaseExecutor.java:442)
	at com.kms.katalon.core.main.TestCaseExecutor.doExecute(TestCaseExecutor.java:433)
	at com.kms.katalon.core.main.TestCaseExecutor.processExecutionPhase(TestCaseExecutor.java:412)
	at com.kms.katalon.core.main.TestCaseExecutor.accessMainPhase(TestCaseExecutor.java:404)
	at com.kms.katalon.core.main.TestCaseExecutor.execute(TestCaseExecutor.java:281)
	at com.kms.katalon.core.main.TestSuiteExecutor.accessTestCaseMainPhase(TestSuiteExecutor.java:202)
	at com.kms.katalon.core.main.TestSuiteExecutor.accessTestSuiteMainPhase(TestSuiteExecutor.java:164)
	at com.kms.katalon.core.main.TestSuiteExecutor.execute(TestSuiteExecutor.java:105)
	at com.kms.katalon.core.main.TestCaseMain.startTestSuite(TestCaseMain.java:181)
	at com.kms.katalon.core.main.TestCaseMain$startTestSuite$0.call(Unknown Source)
	at TempTestSuite1648100878643.run(TempTestSuite1648100878643.groovy:36)
)

2022-03-24 12:50:43 - [TEST_STEP][FAILED] - verifyElementPropertyValue(order, "GetDataOrderResponse.ListDataOrder[0].InsuranceData[3].InsuredTo", o_ins_to_3, CONTINUE_ON_FAILURE): Unable to verify element property value (Root cause: java.lang.NullPointerException: Cannot get property 'InsuredTo' on null object
	at Script1.run(Script1.groovy:1)
	at com.kms.katalon.core.webservice.helper.WebServiceCommonHelper.parseAndGetPropertyValueForJson(WebServiceCommonHelper.java:213)
	at com.kms.katalon.core.webservice.keyword.builtin.VerifyElementPropertyValueKeyword$_verifyElementPropertyValue_closure1.doCall(VerifyElementPropertyValueKeyword.groovy:52)
	at com.kms.katalon.core.webservice.keyword.builtin.VerifyElementPropertyValueKeyword$_verifyElementPropertyValue_closure1.call(VerifyElementPropertyValueKeyword.groovy)
	at com.kms.katalon.core.keyword.internal.KeywordMain.runKeyword(KeywordMain.groovy:74)
	at com.kms.katalon.core.webservice.keyword.builtin.VerifyElementPropertyValueKeyword.verifyElementPropertyValue(VerifyElementPropertyValueKeyword.groovy:48)
	at com.kms.katalon.core.webservice.keyword.builtin.VerifyElementPropertyValueKeyword.execute(VerifyElementPropertyValueKeyword.groovy:43)
	at com.kms.katalon.core.keyword.internal.KeywordExecutor.executeKeywordForPlatform(KeywordExecutor.groovy:74)
	at com.kms.katalon.core.webservice.keyword.WSBuiltInKeywords.verifyElementPropertyValue(WSBuiltInKeywords.groovy:175)
	at com.kms.katalon.core.webservice.keyword.WSBuiltInKeywords$verifyElementPropertyValue$0.call(Unknown Source)
	at 1. get token - data order.run(1. get token - data order:725)
	at com.kms.katalon.core.main.ScriptEngine.run(ScriptEngine.java:194)
	at com.kms.katalon.core.main.ScriptEngine.runScriptAsRawText(ScriptEngine.java:119)
	at com.kms.katalon.core.main.TestCaseExecutor.runScript(TestCaseExecutor.java:442)
	at com.kms.katalon.core.main.TestCaseExecutor.doExecute(TestCaseExecutor.java:433)
	at com.kms.katalon.core.main.TestCaseExecutor.processExecutionPhase(TestCaseExecutor.java:412)
	at com.kms.katalon.core.main.TestCaseExecutor.accessMainPhase(TestCaseExecutor.java:404)
	at com.kms.katalon.core.main.TestCaseExecutor.execute(TestCaseExecutor.java:281)
	at com.kms.katalon.core.main.TestSuiteExecutor.accessTestCaseMainPhase(TestSuiteExecutor.java:202)
	at com.kms.katalon.core.main.TestSuiteExecutor.accessTestSuiteMainPhase(TestSuiteExecutor.java:164)
	at com.kms.katalon.core.main.TestSuiteExecutor.execute(TestSuiteExecutor.java:105)
	at com.kms.katalon.core.main.TestCaseMain.startTestSuite(TestCaseMain.java:181)
	at com.kms.katalon.core.main.TestCaseMain$startTestSuite$0.call(Unknown Source)
	at TempTestSuite1648100878643.run(TempTestSuite1648100878643.groovy:36)
)

2022-03-24 12:50:43 - [MESSAGE][FAILED] - Unable to verify element property value (Root cause: java.lang.NullPointerException: Cannot get property 'InsuredTo' on null object
	at Script1.run(Script1.groovy:1)
	at com.kms.katalon.core.webservice.helper.WebServiceCommonHelper.parseAndGetPropertyValueForJson(WebServiceCommonHelper.java:213)
	at com.kms.katalon.core.webservice.keyword.builtin.VerifyElementPropertyValueKeyword$_verifyElementPropertyValue_closure1.doCall(VerifyElementPropertyValueKeyword.groovy:52)
	at com.kms.katalon.core.webservice.keyword.builtin.VerifyElementPropertyValueKeyword$_verifyElementPropertyValue_closure1.call(VerifyElementPropertyValueKeyword.groovy)
	at com.kms.katalon.core.keyword.internal.KeywordMain.runKeyword(KeywordMain.groovy:74)
	at com.kms.katalon.core.webservice.keyword.builtin.VerifyElementPropertyValueKeyword.verifyElementPropertyValue(VerifyElementPropertyValueKeyword.groovy:48)
	at com.kms.katalon.core.webservice.keyword.builtin.VerifyElementPropertyValueKeyword.execute(VerifyElementPropertyValueKeyword.groovy:43)
	at com.kms.katalon.core.keyword.internal.KeywordExecutor.executeKeywordForPlatform(KeywordExecutor.groovy:74)
	at com.kms.katalon.core.webservice.keyword.WSBuiltInKeywords.verifyElementPropertyValue(WSBuiltInKeywords.groovy:175)
	at com.kms.katalon.core.webservice.keyword.WSBuiltInKeywords$verifyElementPropertyValue$0.call(Unknown Source)
	at 1. get token - data order.run(1. get token - data order:725)
	at com.kms.katalon.core.main.ScriptEngine.run(ScriptEngine.java:194)
	at com.kms.katalon.core.main.ScriptEngine.runScriptAsRawText(ScriptEngine.java:119)
	at com.kms.katalon.core.main.TestCaseExecutor.runScript(TestCaseExecutor.java:442)
	at com.kms.katalon.core.main.TestCaseExecutor.doExecute(TestCaseExecutor.java:433)
	at com.kms.katalon.core.main.TestCaseExecutor.processExecutionPhase(TestCaseExecutor.java:412)
	at com.kms.katalon.core.main.TestCaseExecutor.accessMainPhase(TestCaseExecutor.java:404)
	at com.kms.katalon.core.main.TestCaseExecutor.execute(TestCaseExecutor.java:281)
	at com.kms.katalon.core.main.TestSuiteExecutor.accessTestCaseMainPhase(TestSuiteExecutor.java:202)
	at com.kms.katalon.core.main.TestSuiteExecutor.accessTestSuiteMainPhase(TestSuiteExecutor.java:164)
	at com.kms.katalon.core.main.TestSuiteExecutor.execute(TestSuiteExecutor.java:105)
	at com.kms.katalon.core.main.TestCaseMain.startTestSuite(TestCaseMain.java:181)
	at com.kms.katalon.core.main.TestCaseMain$startTestSuite$0.call(Unknown Source)
	at TempTestSuite1648100878643.run(TempTestSuite1648100878643.groovy:36)
)

2022-03-24 12:50:43 - [TEST_STEP][FAILED] - verifyElementPropertyValue(order, "GetDataOrderResponse.ListDataOrder[0].InsuranceData[3].Rate", o_rate_3, CONTINUE_ON_FAILURE): Unable to verify element property value (Root cause: java.lang.NullPointerException: Cannot get property 'Rate' on null object
	at Script1.run(Script1.groovy:1)
	at com.kms.katalon.core.webservice.helper.WebServiceCommonHelper.parseAndGetPropertyValueForJson(WebServiceCommonHelper.java:213)
	at com.kms.katalon.core.webservice.keyword.builtin.VerifyElementPropertyValueKeyword$_verifyElementPropertyValue_closure1.doCall(VerifyElementPropertyValueKeyword.groovy:52)
	at com.kms.katalon.core.webservice.keyword.builtin.VerifyElementPropertyValueKeyword$_verifyElementPropertyValue_closure1.call(VerifyElementPropertyValueKeyword.groovy)
	at com.kms.katalon.core.keyword.internal.KeywordMain.runKeyword(KeywordMain.groovy:74)
	at com.kms.katalon.core.webservice.keyword.builtin.VerifyElementPropertyValueKeyword.verifyElementPropertyValue(VerifyElementPropertyValueKeyword.groovy:48)
	at com.kms.katalon.core.webservice.keyword.builtin.VerifyElementPropertyValueKeyword.execute(VerifyElementPropertyValueKeyword.groovy:43)
	at com.kms.katalon.core.keyword.internal.KeywordExecutor.executeKeywordForPlatform(KeywordExecutor.groovy:74)
	at com.kms.katalon.core.webservice.keyword.WSBuiltInKeywords.verifyElementPropertyValue(WSBuiltInKeywords.groovy:175)
	at com.kms.katalon.core.webservice.keyword.WSBuiltInKeywords$verifyElementPropertyValue$0.call(Unknown Source)
	at 1. get token - data order.run(1. get token - data order:728)
	at com.kms.katalon.core.main.ScriptEngine.run(ScriptEngine.java:194)
	at com.kms.katalon.core.main.ScriptEngine.runScriptAsRawText(ScriptEngine.java:119)
	at com.kms.katalon.core.main.TestCaseExecutor.runScript(TestCaseExecutor.java:442)
	at com.kms.katalon.core.main.TestCaseExecutor.doExecute(TestCaseExecutor.java:433)
	at com.kms.katalon.core.main.TestCaseExecutor.processExecutionPhase(TestCaseExecutor.java:412)
	at com.kms.katalon.core.main.TestCaseExecutor.accessMainPhase(TestCaseExecutor.java:404)
	at com.kms.katalon.core.main.TestCaseExecutor.execute(TestCaseExecutor.java:281)
	at com.kms.katalon.core.main.TestSuiteExecutor.accessTestCaseMainPhase(TestSuiteExecutor.java:202)
	at com.kms.katalon.core.main.TestSuiteExecutor.accessTestSuiteMainPhase(TestSuiteExecutor.java:164)
	at com.kms.katalon.core.main.TestSuiteExecutor.execute(TestSuiteExecutor.java:105)
	at com.kms.katalon.core.main.TestCaseMain.startTestSuite(TestCaseMain.java:181)
	at com.kms.katalon.core.main.TestCaseMain$startTestSuite$0.call(Unknown Source)
	at TempTestSuite1648100878643.run(TempTestSuite1648100878643.groovy:36)
)

2022-03-24 12:50:43 - [MESSAGE][FAILED] - Unable to verify element property value (Root cause: java.lang.NullPointerException: Cannot get property 'Rate' on null object
	at Script1.run(Script1.groovy:1)
	at com.kms.katalon.core.webservice.helper.WebServiceCommonHelper.parseAndGetPropertyValueForJson(WebServiceCommonHelper.java:213)
	at com.kms.katalon.core.webservice.keyword.builtin.VerifyElementPropertyValueKeyword$_verifyElementPropertyValue_closure1.doCall(VerifyElementPropertyValueKeyword.groovy:52)
	at com.kms.katalon.core.webservice.keyword.builtin.VerifyElementPropertyValueKeyword$_verifyElementPropertyValue_closure1.call(VerifyElementPropertyValueKeyword.groovy)
	at com.kms.katalon.core.keyword.internal.KeywordMain.runKeyword(KeywordMain.groovy:74)
	at com.kms.katalon.core.webservice.keyword.builtin.VerifyElementPropertyValueKeyword.verifyElementPropertyValue(VerifyElementPropertyValueKeyword.groovy:48)
	at com.kms.katalon.core.webservice.keyword.builtin.VerifyElementPropertyValueKeyword.execute(VerifyElementPropertyValueKeyword.groovy:43)
	at com.kms.katalon.core.keyword.internal.KeywordExecutor.executeKeywordForPlatform(KeywordExecutor.groovy:74)
	at com.kms.katalon.core.webservice.keyword.WSBuiltInKeywords.verifyElementPropertyValue(WSBuiltInKeywords.groovy:175)
	at com.kms.katalon.core.webservice.keyword.WSBuiltInKeywords$verifyElementPropertyValue$0.call(Unknown Source)
	at 1. get token - data order.run(1. get token - data order:728)
	at com.kms.katalon.core.main.ScriptEngine.run(ScriptEngine.java:194)
	at com.kms.katalon.core.main.ScriptEngine.runScriptAsRawText(ScriptEngine.java:119)
	at com.kms.katalon.core.main.TestCaseExecutor.runScript(TestCaseExecutor.java:442)
	at com.kms.katalon.core.main.TestCaseExecutor.doExecute(TestCaseExecutor.java:433)
	at com.kms.katalon.core.main.TestCaseExecutor.processExecutionPhase(TestCaseExecutor.java:412)
	at com.kms.katalon.core.main.TestCaseExecutor.accessMainPhase(TestCaseExecutor.java:404)
	at com.kms.katalon.core.main.TestCaseExecutor.execute(TestCaseExecutor.java:281)
	at com.kms.katalon.core.main.TestSuiteExecutor.accessTestCaseMainPhase(TestSuiteExecutor.java:202)
	at com.kms.katalon.core.main.TestSuiteExecutor.accessTestSuiteMainPhase(TestSuiteExecutor.java:164)
	at com.kms.katalon.core.main.TestSuiteExecutor.execute(TestSuiteExecutor.java:105)
	at com.kms.katalon.core.main.TestCaseMain.startTestSuite(TestCaseMain.java:181)
	at com.kms.katalon.core.main.TestCaseMain$startTestSuite$0.call(Unknown Source)
	at TempTestSuite1648100878643.run(TempTestSuite1648100878643.groovy:36)
)

2022-03-24 12:50:43 - [TEST_STEP][FAILED] - verifyElementPropertyValue(order, "GetDataOrderResponse.ListDataOrder[0].InsuranceData[3].GrossPremi", o_gross_premi_3, CONTINUE_ON_FAILURE): Unable to verify element property value (Root cause: java.lang.NullPointerException: Cannot get property 'GrossPremi' on null object
	at Script1.run(Script1.groovy:1)
	at com.kms.katalon.core.webservice.helper.WebServiceCommonHelper.parseAndGetPropertyValueForJson(WebServiceCommonHelper.java:213)
	at com.kms.katalon.core.webservice.keyword.builtin.VerifyElementPropertyValueKeyword$_verifyElementPropertyValue_closure1.doCall(VerifyElementPropertyValueKeyword.groovy:52)
	at com.kms.katalon.core.webservice.keyword.builtin.VerifyElementPropertyValueKeyword$_verifyElementPropertyValue_closure1.call(VerifyElementPropertyValueKeyword.groovy)
	at com.kms.katalon.core.keyword.internal.KeywordMain.runKeyword(KeywordMain.groovy:74)
	at com.kms.katalon.core.webservice.keyword.builtin.VerifyElementPropertyValueKeyword.verifyElementPropertyValue(VerifyElementPropertyValueKeyword.groovy:48)
	at com.kms.katalon.core.webservice.keyword.builtin.VerifyElementPropertyValueKeyword.execute(VerifyElementPropertyValueKeyword.groovy:43)
	at com.kms.katalon.core.keyword.internal.KeywordExecutor.executeKeywordForPlatform(KeywordExecutor.groovy:74)
	at com.kms.katalon.core.webservice.keyword.WSBuiltInKeywords.verifyElementPropertyValue(WSBuiltInKeywords.groovy:175)
	at com.kms.katalon.core.webservice.keyword.WSBuiltInKeywords$verifyElementPropertyValue$0.call(Unknown Source)
	at 1. get token - data order.run(1. get token - data order:730)
	at com.kms.katalon.core.main.ScriptEngine.run(ScriptEngine.java:194)
	at com.kms.katalon.core.main.ScriptEngine.runScriptAsRawText(ScriptEngine.java:119)
	at com.kms.katalon.core.main.TestCaseExecutor.runScript(TestCaseExecutor.java:442)
	at com.kms.katalon.core.main.TestCaseExecutor.doExecute(TestCaseExecutor.java:433)
	at com.kms.katalon.core.main.TestCaseExecutor.processExecutionPhase(TestCaseExecutor.java:412)
	at com.kms.katalon.core.main.TestCaseExecutor.accessMainPhase(TestCaseExecutor.java:404)
	at com.kms.katalon.core.main.TestCaseExecutor.execute(TestCaseExecutor.java:281)
	at com.kms.katalon.core.main.TestSuiteExecutor.accessTestCaseMainPhase(TestSuiteExecutor.java:202)
	at com.kms.katalon.core.main.TestSuiteExecutor.accessTestSuiteMainPhase(TestSuiteExecutor.java:164)
	at com.kms.katalon.core.main.TestSuiteExecutor.execute(TestSuiteExecutor.java:105)
	at com.kms.katalon.core.main.TestCaseMain.startTestSuite(TestCaseMain.java:181)
	at com.kms.katalon.core.main.TestCaseMain$startTestSuite$0.call(Unknown Source)
	at TempTestSuite1648100878643.run(TempTestSuite1648100878643.groovy:36)
)

2022-03-24 12:50:43 - [MESSAGE][FAILED] - Unable to verify element property value (Root cause: java.lang.NullPointerException: Cannot get property 'GrossPremi' on null object
	at Script1.run(Script1.groovy:1)
	at com.kms.katalon.core.webservice.helper.WebServiceCommonHelper.parseAndGetPropertyValueForJson(WebServiceCommonHelper.java:213)
	at com.kms.katalon.core.webservice.keyword.builtin.VerifyElementPropertyValueKeyword$_verifyElementPropertyValue_closure1.doCall(VerifyElementPropertyValueKeyword.groovy:52)
	at com.kms.katalon.core.webservice.keyword.builtin.VerifyElementPropertyValueKeyword$_verifyElementPropertyValue_closure1.call(VerifyElementPropertyValueKeyword.groovy)
	at com.kms.katalon.core.keyword.internal.KeywordMain.runKeyword(KeywordMain.groovy:74)
	at com.kms.katalon.core.webservice.keyword.builtin.VerifyElementPropertyValueKeyword.verifyElementPropertyValue(VerifyElementPropertyValueKeyword.groovy:48)
	at com.kms.katalon.core.webservice.keyword.builtin.VerifyElementPropertyValueKeyword.execute(VerifyElementPropertyValueKeyword.groovy:43)
	at com.kms.katalon.core.keyword.internal.KeywordExecutor.executeKeywordForPlatform(KeywordExecutor.groovy:74)
	at com.kms.katalon.core.webservice.keyword.WSBuiltInKeywords.verifyElementPropertyValue(WSBuiltInKeywords.groovy:175)
	at com.kms.katalon.core.webservice.keyword.WSBuiltInKeywords$verifyElementPropertyValue$0.call(Unknown Source)
	at 1. get token - data order.run(1. get token - data order:730)
	at com.kms.katalon.core.main.ScriptEngine.run(ScriptEngine.java:194)
	at com.kms.katalon.core.main.ScriptEngine.runScriptAsRawText(ScriptEngine.java:119)
	at com.kms.katalon.core.main.TestCaseExecutor.runScript(TestCaseExecutor.java:442)
	at com.kms.katalon.core.main.TestCaseExecutor.doExecute(TestCaseExecutor.java:433)
	at com.kms.katalon.core.main.TestCaseExecutor.processExecutionPhase(TestCaseExecutor.java:412)
	at com.kms.katalon.core.main.TestCaseExecutor.accessMainPhase(TestCaseExecutor.java:404)
	at com.kms.katalon.core.main.TestCaseExecutor.execute(TestCaseExecutor.java:281)
	at com.kms.katalon.core.main.TestSuiteExecutor.accessTestCaseMainPhase(TestSuiteExecutor.java:202)
	at com.kms.katalon.core.main.TestSuiteExecutor.accessTestSuiteMainPhase(TestSuiteExecutor.java:164)
	at com.kms.katalon.core.main.TestSuiteExecutor.execute(TestSuiteExecutor.java:105)
	at com.kms.katalon.core.main.TestCaseMain.startTestSuite(TestCaseMain.java:181)
	at com.kms.katalon.core.main.TestCaseMain$startTestSuite$0.call(Unknown Source)
	at TempTestSuite1648100878643.run(TempTestSuite1648100878643.groovy:36)
)

2022-03-24 12:50:43 - [TEST_STEP][FAILED] - verifyElementPropertyValue(order, "GetDataOrderResponse.ListDataOrder[0].InsuranceData[3].Discount", o_discount_3, CONTINUE_ON_FAILURE): Unable to verify element property value (Root cause: java.lang.NullPointerException: Cannot get property 'Discount' on null object
	at Script1.run(Script1.groovy:1)
	at com.kms.katalon.core.webservice.helper.WebServiceCommonHelper.parseAndGetPropertyValueForJson(WebServiceCommonHelper.java:213)
	at com.kms.katalon.core.webservice.keyword.builtin.VerifyElementPropertyValueKeyword$_verifyElementPropertyValue_closure1.doCall(VerifyElementPropertyValueKeyword.groovy:52)
	at com.kms.katalon.core.webservice.keyword.builtin.VerifyElementPropertyValueKeyword$_verifyElementPropertyValue_closure1.call(VerifyElementPropertyValueKeyword.groovy)
	at com.kms.katalon.core.keyword.internal.KeywordMain.runKeyword(KeywordMain.groovy:74)
	at com.kms.katalon.core.webservice.keyword.builtin.VerifyElementPropertyValueKeyword.verifyElementPropertyValue(VerifyElementPropertyValueKeyword.groovy:48)
	at com.kms.katalon.core.webservice.keyword.builtin.VerifyElementPropertyValueKeyword.execute(VerifyElementPropertyValueKeyword.groovy:43)
	at com.kms.katalon.core.keyword.internal.KeywordExecutor.executeKeywordForPlatform(KeywordExecutor.groovy:74)
	at com.kms.katalon.core.webservice.keyword.WSBuiltInKeywords.verifyElementPropertyValue(WSBuiltInKeywords.groovy:175)
	at com.kms.katalon.core.webservice.keyword.WSBuiltInKeywords$verifyElementPropertyValue$0.call(Unknown Source)
	at 1. get token - data order.run(1. get token - data order:733)
	at com.kms.katalon.core.main.ScriptEngine.run(ScriptEngine.java:194)
	at com.kms.katalon.core.main.ScriptEngine.runScriptAsRawText(ScriptEngine.java:119)
	at com.kms.katalon.core.main.TestCaseExecutor.runScript(TestCaseExecutor.java:442)
	at com.kms.katalon.core.main.TestCaseExecutor.doExecute(TestCaseExecutor.java:433)
	at com.kms.katalon.core.main.TestCaseExecutor.processExecutionPhase(TestCaseExecutor.java:412)
	at com.kms.katalon.core.main.TestCaseExecutor.accessMainPhase(TestCaseExecutor.java:404)
	at com.kms.katalon.core.main.TestCaseExecutor.execute(TestCaseExecutor.java:281)
	at com.kms.katalon.core.main.TestSuiteExecutor.accessTestCaseMainPhase(TestSuiteExecutor.java:202)
	at com.kms.katalon.core.main.TestSuiteExecutor.accessTestSuiteMainPhase(TestSuiteExecutor.java:164)
	at com.kms.katalon.core.main.TestSuiteExecutor.execute(TestSuiteExecutor.java:105)
	at com.kms.katalon.core.main.TestCaseMain.startTestSuite(TestCaseMain.java:181)
	at com.kms.katalon.core.main.TestCaseMain$startTestSuite$0.call(Unknown Source)
	at TempTestSuite1648100878643.run(TempTestSuite1648100878643.groovy:36)
)

2022-03-24 12:50:43 - [MESSAGE][FAILED] - Unable to verify element property value (Root cause: java.lang.NullPointerException: Cannot get property 'Discount' on null object
	at Script1.run(Script1.groovy:1)
	at com.kms.katalon.core.webservice.helper.WebServiceCommonHelper.parseAndGetPropertyValueForJson(WebServiceCommonHelper.java:213)
	at com.kms.katalon.core.webservice.keyword.builtin.VerifyElementPropertyValueKeyword$_verifyElementPropertyValue_closure1.doCall(VerifyElementPropertyValueKeyword.groovy:52)
	at com.kms.katalon.core.webservice.keyword.builtin.VerifyElementPropertyValueKeyword$_verifyElementPropertyValue_closure1.call(VerifyElementPropertyValueKeyword.groovy)
	at com.kms.katalon.core.keyword.internal.KeywordMain.runKeyword(KeywordMain.groovy:74)
	at com.kms.katalon.core.webservice.keyword.builtin.VerifyElementPropertyValueKeyword.verifyElementPropertyValue(VerifyElementPropertyValueKeyword.groovy:48)
	at com.kms.katalon.core.webservice.keyword.builtin.VerifyElementPropertyValueKeyword.execute(VerifyElementPropertyValueKeyword.groovy:43)
	at com.kms.katalon.core.keyword.internal.KeywordExecutor.executeKeywordForPlatform(KeywordExecutor.groovy:74)
	at com.kms.katalon.core.webservice.keyword.WSBuiltInKeywords.verifyElementPropertyValue(WSBuiltInKeywords.groovy:175)
	at com.kms.katalon.core.webservice.keyword.WSBuiltInKeywords$verifyElementPropertyValue$0.call(Unknown Source)
	at 1. get token - data order.run(1. get token - data order:733)
	at com.kms.katalon.core.main.ScriptEngine.run(ScriptEngine.java:194)
	at com.kms.katalon.core.main.ScriptEngine.runScriptAsRawText(ScriptEngine.java:119)
	at com.kms.katalon.core.main.TestCaseExecutor.runScript(TestCaseExecutor.java:442)
	at com.kms.katalon.core.main.TestCaseExecutor.doExecute(TestCaseExecutor.java:433)
	at com.kms.katalon.core.main.TestCaseExecutor.processExecutionPhase(TestCaseExecutor.java:412)
	at com.kms.katalon.core.main.TestCaseExecutor.accessMainPhase(TestCaseExecutor.java:404)
	at com.kms.katalon.core.main.TestCaseExecutor.execute(TestCaseExecutor.java:281)
	at com.kms.katalon.core.main.TestSuiteExecutor.accessTestCaseMainPhase(TestSuiteExecutor.java:202)
	at com.kms.katalon.core.main.TestSuiteExecutor.accessTestSuiteMainPhase(TestSuiteExecutor.java:164)
	at com.kms.katalon.core.main.TestSuiteExecutor.execute(TestSuiteExecutor.java:105)
	at com.kms.katalon.core.main.TestCaseMain.startTestSuite(TestCaseMain.java:181)
	at com.kms.katalon.core.main.TestCaseMain$startTestSuite$0.call(Unknown Source)
	at TempTestSuite1648100878643.run(TempTestSuite1648100878643.groovy:36)
)

2022-03-24 12:50:43 - [TEST_STEP][FAILED] - verifyElementPropertyValue(order, "GetDataOrderResponse.ListDataOrder[0].InsuranceData[3].Adm", o_adm_3, CONTINUE_ON_FAILURE): Unable to verify element property value (Root cause: java.lang.NullPointerException: Cannot get property 'Adm' on null object
	at Script1.run(Script1.groovy:1)
	at com.kms.katalon.core.webservice.helper.WebServiceCommonHelper.parseAndGetPropertyValueForJson(WebServiceCommonHelper.java:213)
	at com.kms.katalon.core.webservice.keyword.builtin.VerifyElementPropertyValueKeyword$_verifyElementPropertyValue_closure1.doCall(VerifyElementPropertyValueKeyword.groovy:52)
	at com.kms.katalon.core.webservice.keyword.builtin.VerifyElementPropertyValueKeyword$_verifyElementPropertyValue_closure1.call(VerifyElementPropertyValueKeyword.groovy)
	at com.kms.katalon.core.keyword.internal.KeywordMain.runKeyword(KeywordMain.groovy:74)
	at com.kms.katalon.core.webservice.keyword.builtin.VerifyElementPropertyValueKeyword.verifyElementPropertyValue(VerifyElementPropertyValueKeyword.groovy:48)
	at com.kms.katalon.core.webservice.keyword.builtin.VerifyElementPropertyValueKeyword.execute(VerifyElementPropertyValueKeyword.groovy:43)
	at com.kms.katalon.core.keyword.internal.KeywordExecutor.executeKeywordForPlatform(KeywordExecutor.groovy:74)
	at com.kms.katalon.core.webservice.keyword.WSBuiltInKeywords.verifyElementPropertyValue(WSBuiltInKeywords.groovy:175)
	at com.kms.katalon.core.webservice.keyword.WSBuiltInKeywords$verifyElementPropertyValue$0.call(Unknown Source)
	at 1. get token - data order.run(1. get token - data order:736)
	at com.kms.katalon.core.main.ScriptEngine.run(ScriptEngine.java:194)
	at com.kms.katalon.core.main.ScriptEngine.runScriptAsRawText(ScriptEngine.java:119)
	at com.kms.katalon.core.main.TestCaseExecutor.runScript(TestCaseExecutor.java:442)
	at com.kms.katalon.core.main.TestCaseExecutor.doExecute(TestCaseExecutor.java:433)
	at com.kms.katalon.core.main.TestCaseExecutor.processExecutionPhase(TestCaseExecutor.java:412)
	at com.kms.katalon.core.main.TestCaseExecutor.accessMainPhase(TestCaseExecutor.java:404)
	at com.kms.katalon.core.main.TestCaseExecutor.execute(TestCaseExecutor.java:281)
	at com.kms.katalon.core.main.TestSuiteExecutor.accessTestCaseMainPhase(TestSuiteExecutor.java:202)
	at com.kms.katalon.core.main.TestSuiteExecutor.accessTestSuiteMainPhase(TestSuiteExecutor.java:164)
	at com.kms.katalon.core.main.TestSuiteExecutor.execute(TestSuiteExecutor.java:105)
	at com.kms.katalon.core.main.TestCaseMain.startTestSuite(TestCaseMain.java:181)
	at com.kms.katalon.core.main.TestCaseMain$startTestSuite$0.call(Unknown Source)
	at TempTestSuite1648100878643.run(TempTestSuite1648100878643.groovy:36)
)

2022-03-24 12:50:43 - [MESSAGE][FAILED] - Unable to verify element property value (Root cause: java.lang.NullPointerException: Cannot get property 'Adm' on null object
	at Script1.run(Script1.groovy:1)
	at com.kms.katalon.core.webservice.helper.WebServiceCommonHelper.parseAndGetPropertyValueForJson(WebServiceCommonHelper.java:213)
	at com.kms.katalon.core.webservice.keyword.builtin.VerifyElementPropertyValueKeyword$_verifyElementPropertyValue_closure1.doCall(VerifyElementPropertyValueKeyword.groovy:52)
	at com.kms.katalon.core.webservice.keyword.builtin.VerifyElementPropertyValueKeyword$_verifyElementPropertyValue_closure1.call(VerifyElementPropertyValueKeyword.groovy)
	at com.kms.katalon.core.keyword.internal.KeywordMain.runKeyword(KeywordMain.groovy:74)
	at com.kms.katalon.core.webservice.keyword.builtin.VerifyElementPropertyValueKeyword.verifyElementPropertyValue(VerifyElementPropertyValueKeyword.groovy:48)
	at com.kms.katalon.core.webservice.keyword.builtin.VerifyElementPropertyValueKeyword.execute(VerifyElementPropertyValueKeyword.groovy:43)
	at com.kms.katalon.core.keyword.internal.KeywordExecutor.executeKeywordForPlatform(KeywordExecutor.groovy:74)
	at com.kms.katalon.core.webservice.keyword.WSBuiltInKeywords.verifyElementPropertyValue(WSBuiltInKeywords.groovy:175)
	at com.kms.katalon.core.webservice.keyword.WSBuiltInKeywords$verifyElementPropertyValue$0.call(Unknown Source)
	at 1. get token - data order.run(1. get token - data order:736)
	at com.kms.katalon.core.main.ScriptEngine.run(ScriptEngine.java:194)
	at com.kms.katalon.core.main.ScriptEngine.runScriptAsRawText(ScriptEngine.java:119)
	at com.kms.katalon.core.main.TestCaseExecutor.runScript(TestCaseExecutor.java:442)
	at com.kms.katalon.core.main.TestCaseExecutor.doExecute(TestCaseExecutor.java:433)
	at com.kms.katalon.core.main.TestCaseExecutor.processExecutionPhase(TestCaseExecutor.java:412)
	at com.kms.katalon.core.main.TestCaseExecutor.accessMainPhase(TestCaseExecutor.java:404)
	at com.kms.katalon.core.main.TestCaseExecutor.execute(TestCaseExecutor.java:281)
	at com.kms.katalon.core.main.TestSuiteExecutor.accessTestCaseMainPhase(TestSuiteExecutor.java:202)
	at com.kms.katalon.core.main.TestSuiteExecutor.accessTestSuiteMainPhase(TestSuiteExecutor.java:164)
	at com.kms.katalon.core.main.TestSuiteExecutor.execute(TestSuiteExecutor.java:105)
	at com.kms.katalon.core.main.TestCaseMain.startTestSuite(TestCaseMain.java:181)
	at com.kms.katalon.core.main.TestCaseMain$startTestSuite$0.call(Unknown Source)
	at TempTestSuite1648100878643.run(TempTestSuite1648100878643.groovy:36)
)

2022-03-24 12:50:43 - [TEST_STEP][FAILED] - verifyElementPropertyValue(order, "GetDataOrderResponse.ListDataOrder[0].InsuranceData[3].NetPremi", o_netpremi_3, CONTINUE_ON_FAILURE): Unable to verify element property value (Root cause: java.lang.NullPointerException: Cannot get property 'NetPremi' on null object
	at Script1.run(Script1.groovy:1)
	at com.kms.katalon.core.webservice.helper.WebServiceCommonHelper.parseAndGetPropertyValueForJson(WebServiceCommonHelper.java:213)
	at com.kms.katalon.core.webservice.keyword.builtin.VerifyElementPropertyValueKeyword$_verifyElementPropertyValue_closure1.doCall(VerifyElementPropertyValueKeyword.groovy:52)
	at com.kms.katalon.core.webservice.keyword.builtin.VerifyElementPropertyValueKeyword$_verifyElementPropertyValue_closure1.call(VerifyElementPropertyValueKeyword.groovy)
	at com.kms.katalon.core.keyword.internal.KeywordMain.runKeyword(KeywordMain.groovy:74)
	at com.kms.katalon.core.webservice.keyword.builtin.VerifyElementPropertyValueKeyword.verifyElementPropertyValue(VerifyElementPropertyValueKeyword.groovy:48)
	at com.kms.katalon.core.webservice.keyword.builtin.VerifyElementPropertyValueKeyword.execute(VerifyElementPropertyValueKeyword.groovy:43)
	at com.kms.katalon.core.keyword.internal.KeywordExecutor.executeKeywordForPlatform(KeywordExecutor.groovy:74)
	at com.kms.katalon.core.webservice.keyword.WSBuiltInKeywords.verifyElementPropertyValue(WSBuiltInKeywords.groovy:175)
	at com.kms.katalon.core.webservice.keyword.WSBuiltInKeywords$verifyElementPropertyValue$0.call(Unknown Source)
	at 1. get token - data order.run(1. get token - data order:738)
	at com.kms.katalon.core.main.ScriptEngine.run(ScriptEngine.java:194)
	at com.kms.katalon.core.main.ScriptEngine.runScriptAsRawText(ScriptEngine.java:119)
	at com.kms.katalon.core.main.TestCaseExecutor.runScript(TestCaseExecutor.java:442)
	at com.kms.katalon.core.main.TestCaseExecutor.doExecute(TestCaseExecutor.java:433)
	at com.kms.katalon.core.main.TestCaseExecutor.processExecutionPhase(TestCaseExecutor.java:412)
	at com.kms.katalon.core.main.TestCaseExecutor.accessMainPhase(TestCaseExecutor.java:404)
	at com.kms.katalon.core.main.TestCaseExecutor.execute(TestCaseExecutor.java:281)
	at com.kms.katalon.core.main.TestSuiteExecutor.accessTestCaseMainPhase(TestSuiteExecutor.java:202)
	at com.kms.katalon.core.main.TestSuiteExecutor.accessTestSuiteMainPhase(TestSuiteExecutor.java:164)
	at com.kms.katalon.core.main.TestSuiteExecutor.execute(TestSuiteExecutor.java:105)
	at com.kms.katalon.core.main.TestCaseMain.startTestSuite(TestCaseMain.java:181)
	at com.kms.katalon.core.main.TestCaseMain$startTestSuite$0.call(Unknown Source)
	at TempTestSuite1648100878643.run(TempTestSuite1648100878643.groovy:36)
)

2022-03-24 12:50:43 - [MESSAGE][FAILED] - Unable to verify element property value (Root cause: java.lang.NullPointerException: Cannot get property 'NetPremi' on null object
	at Script1.run(Script1.groovy:1)
	at com.kms.katalon.core.webservice.helper.WebServiceCommonHelper.parseAndGetPropertyValueForJson(WebServiceCommonHelper.java:213)
	at com.kms.katalon.core.webservice.keyword.builtin.VerifyElementPropertyValueKeyword$_verifyElementPropertyValue_closure1.doCall(VerifyElementPropertyValueKeyword.groovy:52)
	at com.kms.katalon.core.webservice.keyword.builtin.VerifyElementPropertyValueKeyword$_verifyElementPropertyValue_closure1.call(VerifyElementPropertyValueKeyword.groovy)
	at com.kms.katalon.core.keyword.internal.KeywordMain.runKeyword(KeywordMain.groovy:74)
	at com.kms.katalon.core.webservice.keyword.builtin.VerifyElementPropertyValueKeyword.verifyElementPropertyValue(VerifyElementPropertyValueKeyword.groovy:48)
	at com.kms.katalon.core.webservice.keyword.builtin.VerifyElementPropertyValueKeyword.execute(VerifyElementPropertyValueKeyword.groovy:43)
	at com.kms.katalon.core.keyword.internal.KeywordExecutor.executeKeywordForPlatform(KeywordExecutor.groovy:74)
	at com.kms.katalon.core.webservice.keyword.WSBuiltInKeywords.verifyElementPropertyValue(WSBuiltInKeywords.groovy:175)
	at com.kms.katalon.core.webservice.keyword.WSBuiltInKeywords$verifyElementPropertyValue$0.call(Unknown Source)
	at 1. get token - data order.run(1. get token - data order:738)
	at com.kms.katalon.core.main.ScriptEngine.run(ScriptEngine.java:194)
	at com.kms.katalon.core.main.ScriptEngine.runScriptAsRawText(ScriptEngine.java:119)
	at com.kms.katalon.core.main.TestCaseExecutor.runScript(TestCaseExecutor.java:442)
	at com.kms.katalon.core.main.TestCaseExecutor.doExecute(TestCaseExecutor.java:433)
	at com.kms.katalon.core.main.TestCaseExecutor.processExecutionPhase(TestCaseExecutor.java:412)
	at com.kms.katalon.core.main.TestCaseExecutor.accessMainPhase(TestCaseExecutor.java:404)
	at com.kms.katalon.core.main.TestCaseExecutor.execute(TestCaseExecutor.java:281)
	at com.kms.katalon.core.main.TestSuiteExecutor.accessTestCaseMainPhase(TestSuiteExecutor.java:202)
	at com.kms.katalon.core.main.TestSuiteExecutor.accessTestSuiteMainPhase(TestSuiteExecutor.java:164)
	at com.kms.katalon.core.main.TestSuiteExecutor.execute(TestSuiteExecutor.java:105)
	at com.kms.katalon.core.main.TestCaseMain.startTestSuite(TestCaseMain.java:181)
	at com.kms.katalon.core.main.TestCaseMain$startTestSuite$0.call(Unknown Source)
	at TempTestSuite1648100878643.run(TempTestSuite1648100878643.groovy:36)
)

2022-03-24 12:50:43 - [TEST_STEP][FAILED] - verifyElementPropertyValue(order, "GetDataOrderResponse.ListDataOrder[0].InsuranceData[3].PerluasanJaminan.TJH", o_tjh_val_3, CONTINUE_ON_FAILURE): Unable to verify element property value (Root cause: java.lang.NullPointerException: Cannot get property 'PerluasanJaminan' on null object
	at Script1.run(Script1.groovy:1)
	at com.kms.katalon.core.webservice.helper.WebServiceCommonHelper.parseAndGetPropertyValueForJson(WebServiceCommonHelper.java:213)
	at com.kms.katalon.core.webservice.keyword.builtin.VerifyElementPropertyValueKeyword$_verifyElementPropertyValue_closure1.doCall(VerifyElementPropertyValueKeyword.groovy:52)
	at com.kms.katalon.core.webservice.keyword.builtin.VerifyElementPropertyValueKeyword$_verifyElementPropertyValue_closure1.call(VerifyElementPropertyValueKeyword.groovy)
	at com.kms.katalon.core.keyword.internal.KeywordMain.runKeyword(KeywordMain.groovy:74)
	at com.kms.katalon.core.webservice.keyword.builtin.VerifyElementPropertyValueKeyword.verifyElementPropertyValue(VerifyElementPropertyValueKeyword.groovy:48)
	at com.kms.katalon.core.webservice.keyword.builtin.VerifyElementPropertyValueKeyword.execute(VerifyElementPropertyValueKeyword.groovy:43)
	at com.kms.katalon.core.keyword.internal.KeywordExecutor.executeKeywordForPlatform(KeywordExecutor.groovy:74)
	at com.kms.katalon.core.webservice.keyword.WSBuiltInKeywords.verifyElementPropertyValue(WSBuiltInKeywords.groovy:175)
	at com.kms.katalon.core.webservice.keyword.WSBuiltInKeywords$verifyElementPropertyValue$0.call(Unknown Source)
	at 1. get token - data order.run(1. get token - data order:741)
	at com.kms.katalon.core.main.ScriptEngine.run(ScriptEngine.java:194)
	at com.kms.katalon.core.main.ScriptEngine.runScriptAsRawText(ScriptEngine.java:119)
	at com.kms.katalon.core.main.TestCaseExecutor.runScript(TestCaseExecutor.java:442)
	at com.kms.katalon.core.main.TestCaseExecutor.doExecute(TestCaseExecutor.java:433)
	at com.kms.katalon.core.main.TestCaseExecutor.processExecutionPhase(TestCaseExecutor.java:412)
	at com.kms.katalon.core.main.TestCaseExecutor.accessMainPhase(TestCaseExecutor.java:404)
	at com.kms.katalon.core.main.TestCaseExecutor.execute(TestCaseExecutor.java:281)
	at com.kms.katalon.core.main.TestSuiteExecutor.accessTestCaseMainPhase(TestSuiteExecutor.java:202)
	at com.kms.katalon.core.main.TestSuiteExecutor.accessTestSuiteMainPhase(TestSuiteExecutor.java:164)
	at com.kms.katalon.core.main.TestSuiteExecutor.execute(TestSuiteExecutor.java:105)
	at com.kms.katalon.core.main.TestCaseMain.startTestSuite(TestCaseMain.java:181)
	at com.kms.katalon.core.main.TestCaseMain$startTestSuite$0.call(Unknown Source)
	at TempTestSuite1648100878643.run(TempTestSuite1648100878643.groovy:36)
)

2022-03-24 12:50:43 - [MESSAGE][FAILED] - Unable to verify element property value (Root cause: java.lang.NullPointerException: Cannot get property 'PerluasanJaminan' on null object
	at Script1.run(Script1.groovy:1)
	at com.kms.katalon.core.webservice.helper.WebServiceCommonHelper.parseAndGetPropertyValueForJson(WebServiceCommonHelper.java:213)
	at com.kms.katalon.core.webservice.keyword.builtin.VerifyElementPropertyValueKeyword$_verifyElementPropertyValue_closure1.doCall(VerifyElementPropertyValueKeyword.groovy:52)
	at com.kms.katalon.core.webservice.keyword.builtin.VerifyElementPropertyValueKeyword$_verifyElementPropertyValue_closure1.call(VerifyElementPropertyValueKeyword.groovy)
	at com.kms.katalon.core.keyword.internal.KeywordMain.runKeyword(KeywordMain.groovy:74)
	at com.kms.katalon.core.webservice.keyword.builtin.VerifyElementPropertyValueKeyword.verifyElementPropertyValue(VerifyElementPropertyValueKeyword.groovy:48)
	at com.kms.katalon.core.webservice.keyword.builtin.VerifyElementPropertyValueKeyword.execute(VerifyElementPropertyValueKeyword.groovy:43)
	at com.kms.katalon.core.keyword.internal.KeywordExecutor.executeKeywordForPlatform(KeywordExecutor.groovy:74)
	at com.kms.katalon.core.webservice.keyword.WSBuiltInKeywords.verifyElementPropertyValue(WSBuiltInKeywords.groovy:175)
	at com.kms.katalon.core.webservice.keyword.WSBuiltInKeywords$verifyElementPropertyValue$0.call(Unknown Source)
	at 1. get token - data order.run(1. get token - data order:741)
	at com.kms.katalon.core.main.ScriptEngine.run(ScriptEngine.java:194)
	at com.kms.katalon.core.main.ScriptEngine.runScriptAsRawText(ScriptEngine.java:119)
	at com.kms.katalon.core.main.TestCaseExecutor.runScript(TestCaseExecutor.java:442)
	at com.kms.katalon.core.main.TestCaseExecutor.doExecute(TestCaseExecutor.java:433)
	at com.kms.katalon.core.main.TestCaseExecutor.processExecutionPhase(TestCaseExecutor.java:412)
	at com.kms.katalon.core.main.TestCaseExecutor.accessMainPhase(TestCaseExecutor.java:404)
	at com.kms.katalon.core.main.TestCaseExecutor.execute(TestCaseExecutor.java:281)
	at com.kms.katalon.core.main.TestSuiteExecutor.accessTestCaseMainPhase(TestSuiteExecutor.java:202)
	at com.kms.katalon.core.main.TestSuiteExecutor.accessTestSuiteMainPhase(TestSuiteExecutor.java:164)
	at com.kms.katalon.core.main.TestSuiteExecutor.execute(TestSuiteExecutor.java:105)
	at com.kms.katalon.core.main.TestCaseMain.startTestSuite(TestCaseMain.java:181)
	at com.kms.katalon.core.main.TestCaseMain$startTestSuite$0.call(Unknown Source)
	at TempTestSuite1648100878643.run(TempTestSuite1648100878643.groovy:36)
)

2022-03-24 12:50:43 - [TEST_STEP][FAILED] - verifyElementPropertyValue(order, "GetDataOrderResponse.ListDataOrder[0].InsuranceData[3].PerluasanJaminan.RSCC", o_rscc_val_3, CONTINUE_ON_FAILURE): Unable to verify element property value (Root cause: java.lang.NullPointerException: Cannot get property 'PerluasanJaminan' on null object
	at Script1.run(Script1.groovy:1)
	at com.kms.katalon.core.webservice.helper.WebServiceCommonHelper.parseAndGetPropertyValueForJson(WebServiceCommonHelper.java:213)
	at com.kms.katalon.core.webservice.keyword.builtin.VerifyElementPropertyValueKeyword$_verifyElementPropertyValue_closure1.doCall(VerifyElementPropertyValueKeyword.groovy:52)
	at com.kms.katalon.core.webservice.keyword.builtin.VerifyElementPropertyValueKeyword$_verifyElementPropertyValue_closure1.call(VerifyElementPropertyValueKeyword.groovy)
	at com.kms.katalon.core.keyword.internal.KeywordMain.runKeyword(KeywordMain.groovy:74)
	at com.kms.katalon.core.webservice.keyword.builtin.VerifyElementPropertyValueKeyword.verifyElementPropertyValue(VerifyElementPropertyValueKeyword.groovy:48)
	at com.kms.katalon.core.webservice.keyword.builtin.VerifyElementPropertyValueKeyword.execute(VerifyElementPropertyValueKeyword.groovy:43)
	at com.kms.katalon.core.keyword.internal.KeywordExecutor.executeKeywordForPlatform(KeywordExecutor.groovy:74)
	at com.kms.katalon.core.webservice.keyword.WSBuiltInKeywords.verifyElementPropertyValue(WSBuiltInKeywords.groovy:175)
	at com.kms.katalon.core.webservice.keyword.WSBuiltInKeywords$verifyElementPropertyValue$0.call(Unknown Source)
	at 1. get token - data order.run(1. get token - data order:744)
	at com.kms.katalon.core.main.ScriptEngine.run(ScriptEngine.java:194)
	at com.kms.katalon.core.main.ScriptEngine.runScriptAsRawText(ScriptEngine.java:119)
	at com.kms.katalon.core.main.TestCaseExecutor.runScript(TestCaseExecutor.java:442)
	at com.kms.katalon.core.main.TestCaseExecutor.doExecute(TestCaseExecutor.java:433)
	at com.kms.katalon.core.main.TestCaseExecutor.processExecutionPhase(TestCaseExecutor.java:412)
	at com.kms.katalon.core.main.TestCaseExecutor.accessMainPhase(TestCaseExecutor.java:404)
	at com.kms.katalon.core.main.TestCaseExecutor.execute(TestCaseExecutor.java:281)
	at com.kms.katalon.core.main.TestSuiteExecutor.accessTestCaseMainPhase(TestSuiteExecutor.java:202)
	at com.kms.katalon.core.main.TestSuiteExecutor.accessTestSuiteMainPhase(TestSuiteExecutor.java:164)
	at com.kms.katalon.core.main.TestSuiteExecutor.execute(TestSuiteExecutor.java:105)
	at com.kms.katalon.core.main.TestCaseMain.startTestSuite(TestCaseMain.java:181)
	at com.kms.katalon.core.main.TestCaseMain$startTestSuite$0.call(Unknown Source)
	at TempTestSuite1648100878643.run(TempTestSuite1648100878643.groovy:36)
)

2022-03-24 12:50:43 - [MESSAGE][FAILED] - Unable to verify element property value (Root cause: java.lang.NullPointerException: Cannot get property 'PerluasanJaminan' on null object
	at Script1.run(Script1.groovy:1)
	at com.kms.katalon.core.webservice.helper.WebServiceCommonHelper.parseAndGetPropertyValueForJson(WebServiceCommonHelper.java:213)
	at com.kms.katalon.core.webservice.keyword.builtin.VerifyElementPropertyValueKeyword$_verifyElementPropertyValue_closure1.doCall(VerifyElementPropertyValueKeyword.groovy:52)
	at com.kms.katalon.core.webservice.keyword.builtin.VerifyElementPropertyValueKeyword$_verifyElementPropertyValue_closure1.call(VerifyElementPropertyValueKeyword.groovy)
	at com.kms.katalon.core.keyword.internal.KeywordMain.runKeyword(KeywordMain.groovy:74)
	at com.kms.katalon.core.webservice.keyword.builtin.VerifyElementPropertyValueKeyword.verifyElementPropertyValue(VerifyElementPropertyValueKeyword.groovy:48)
	at com.kms.katalon.core.webservice.keyword.builtin.VerifyElementPropertyValueKeyword.execute(VerifyElementPropertyValueKeyword.groovy:43)
	at com.kms.katalon.core.keyword.internal.KeywordExecutor.executeKeywordForPlatform(KeywordExecutor.groovy:74)
	at com.kms.katalon.core.webservice.keyword.WSBuiltInKeywords.verifyElementPropertyValue(WSBuiltInKeywords.groovy:175)
	at com.kms.katalon.core.webservice.keyword.WSBuiltInKeywords$verifyElementPropertyValue$0.call(Unknown Source)
	at 1. get token - data order.run(1. get token - data order:744)
	at com.kms.katalon.core.main.ScriptEngine.run(ScriptEngine.java:194)
	at com.kms.katalon.core.main.ScriptEngine.runScriptAsRawText(ScriptEngine.java:119)
	at com.kms.katalon.core.main.TestCaseExecutor.runScript(TestCaseExecutor.java:442)
	at com.kms.katalon.core.main.TestCaseExecutor.doExecute(TestCaseExecutor.java:433)
	at com.kms.katalon.core.main.TestCaseExecutor.processExecutionPhase(TestCaseExecutor.java:412)
	at com.kms.katalon.core.main.TestCaseExecutor.accessMainPhase(TestCaseExecutor.java:404)
	at com.kms.katalon.core.main.TestCaseExecutor.execute(TestCaseExecutor.java:281)
	at com.kms.katalon.core.main.TestSuiteExecutor.accessTestCaseMainPhase(TestSuiteExecutor.java:202)
	at com.kms.katalon.core.main.TestSuiteExecutor.accessTestSuiteMainPhase(TestSuiteExecutor.java:164)
	at com.kms.katalon.core.main.TestSuiteExecutor.execute(TestSuiteExecutor.java:105)
	at com.kms.katalon.core.main.TestCaseMain.startTestSuite(TestCaseMain.java:181)
	at com.kms.katalon.core.main.TestCaseMain$startTestSuite$0.call(Unknown Source)
	at TempTestSuite1648100878643.run(TempTestSuite1648100878643.groovy:36)
)

2022-03-24 12:50:43 - [TEST_STEP][FAILED] - verifyElementPropertyValue(order, "GetDataOrderResponse.ListDataOrder[0].InsuranceData[3].PerluasanJaminan.Banjir", o_rsmb_val_3, CONTINUE_ON_FAILURE): Unable to verify element property value (Root cause: java.lang.NullPointerException: Cannot get property 'PerluasanJaminan' on null object
	at Script1.run(Script1.groovy:1)
	at com.kms.katalon.core.webservice.helper.WebServiceCommonHelper.parseAndGetPropertyValueForJson(WebServiceCommonHelper.java:213)
	at com.kms.katalon.core.webservice.keyword.builtin.VerifyElementPropertyValueKeyword$_verifyElementPropertyValue_closure1.doCall(VerifyElementPropertyValueKeyword.groovy:52)
	at com.kms.katalon.core.webservice.keyword.builtin.VerifyElementPropertyValueKeyword$_verifyElementPropertyValue_closure1.call(VerifyElementPropertyValueKeyword.groovy)
	at com.kms.katalon.core.keyword.internal.KeywordMain.runKeyword(KeywordMain.groovy:74)
	at com.kms.katalon.core.webservice.keyword.builtin.VerifyElementPropertyValueKeyword.verifyElementPropertyValue(VerifyElementPropertyValueKeyword.groovy:48)
	at com.kms.katalon.core.webservice.keyword.builtin.VerifyElementPropertyValueKeyword.execute(VerifyElementPropertyValueKeyword.groovy:43)
	at com.kms.katalon.core.keyword.internal.KeywordExecutor.executeKeywordForPlatform(KeywordExecutor.groovy:74)
	at com.kms.katalon.core.webservice.keyword.WSBuiltInKeywords.verifyElementPropertyValue(WSBuiltInKeywords.groovy:175)
	at com.kms.katalon.core.webservice.keyword.WSBuiltInKeywords$verifyElementPropertyValue$0.call(Unknown Source)
	at 1. get token - data order.run(1. get token - data order:747)
	at com.kms.katalon.core.main.ScriptEngine.run(ScriptEngine.java:194)
	at com.kms.katalon.core.main.ScriptEngine.runScriptAsRawText(ScriptEngine.java:119)
	at com.kms.katalon.core.main.TestCaseExecutor.runScript(TestCaseExecutor.java:442)
	at com.kms.katalon.core.main.TestCaseExecutor.doExecute(TestCaseExecutor.java:433)
	at com.kms.katalon.core.main.TestCaseExecutor.processExecutionPhase(TestCaseExecutor.java:412)
	at com.kms.katalon.core.main.TestCaseExecutor.accessMainPhase(TestCaseExecutor.java:404)
	at com.kms.katalon.core.main.TestCaseExecutor.execute(TestCaseExecutor.java:281)
	at com.kms.katalon.core.main.TestSuiteExecutor.accessTestCaseMainPhase(TestSuiteExecutor.java:202)
	at com.kms.katalon.core.main.TestSuiteExecutor.accessTestSuiteMainPhase(TestSuiteExecutor.java:164)
	at com.kms.katalon.core.main.TestSuiteExecutor.execute(TestSuiteExecutor.java:105)
	at com.kms.katalon.core.main.TestCaseMain.startTestSuite(TestCaseMain.java:181)
	at com.kms.katalon.core.main.TestCaseMain$startTestSuite$0.call(Unknown Source)
	at TempTestSuite1648100878643.run(TempTestSuite1648100878643.groovy:36)
)

2022-03-24 12:50:43 - [MESSAGE][FAILED] - Unable to verify element property value (Root cause: java.lang.NullPointerException: Cannot get property 'PerluasanJaminan' on null object
	at Script1.run(Script1.groovy:1)
	at com.kms.katalon.core.webservice.helper.WebServiceCommonHelper.parseAndGetPropertyValueForJson(WebServiceCommonHelper.java:213)
	at com.kms.katalon.core.webservice.keyword.builtin.VerifyElementPropertyValueKeyword$_verifyElementPropertyValue_closure1.doCall(VerifyElementPropertyValueKeyword.groovy:52)
	at com.kms.katalon.core.webservice.keyword.builtin.VerifyElementPropertyValueKeyword$_verifyElementPropertyValue_closure1.call(VerifyElementPropertyValueKeyword.groovy)
	at com.kms.katalon.core.keyword.internal.KeywordMain.runKeyword(KeywordMain.groovy:74)
	at com.kms.katalon.core.webservice.keyword.builtin.VerifyElementPropertyValueKeyword.verifyElementPropertyValue(VerifyElementPropertyValueKeyword.groovy:48)
	at com.kms.katalon.core.webservice.keyword.builtin.VerifyElementPropertyValueKeyword.execute(VerifyElementPropertyValueKeyword.groovy:43)
	at com.kms.katalon.core.keyword.internal.KeywordExecutor.executeKeywordForPlatform(KeywordExecutor.groovy:74)
	at com.kms.katalon.core.webservice.keyword.WSBuiltInKeywords.verifyElementPropertyValue(WSBuiltInKeywords.groovy:175)
	at com.kms.katalon.core.webservice.keyword.WSBuiltInKeywords$verifyElementPropertyValue$0.call(Unknown Source)
	at 1. get token - data order.run(1. get token - data order:747)
	at com.kms.katalon.core.main.ScriptEngine.run(ScriptEngine.java:194)
	at com.kms.katalon.core.main.ScriptEngine.runScriptAsRawText(ScriptEngine.java:119)
	at com.kms.katalon.core.main.TestCaseExecutor.runScript(TestCaseExecutor.java:442)
	at com.kms.katalon.core.main.TestCaseExecutor.doExecute(TestCaseExecutor.java:433)
	at com.kms.katalon.core.main.TestCaseExecutor.processExecutionPhase(TestCaseExecutor.java:412)
	at com.kms.katalon.core.main.TestCaseExecutor.accessMainPhase(TestCaseExecutor.java:404)
	at com.kms.katalon.core.main.TestCaseExecutor.execute(TestCaseExecutor.java:281)
	at com.kms.katalon.core.main.TestSuiteExecutor.accessTestCaseMainPhase(TestSuiteExecutor.java:202)
	at com.kms.katalon.core.main.TestSuiteExecutor.accessTestSuiteMainPhase(TestSuiteExecutor.java:164)
	at com.kms.katalon.core.main.TestSuiteExecutor.execute(TestSuiteExecutor.java:105)
	at com.kms.katalon.core.main.TestCaseMain.startTestSuite(TestCaseMain.java:181)
	at com.kms.katalon.core.main.TestCaseMain$startTestSuite$0.call(Unknown Source)
	at TempTestSuite1648100878643.run(TempTestSuite1648100878643.groovy:36)
)

2022-03-24 12:50:43 - [TEST_STEP][FAILED] - verifyElementPropertyValue(order, "GetDataOrderResponse.ListDataOrder[0].InsuranceData[3].PerluasanJaminan.Accessories", o_acc_val_3, CONTINUE_ON_FAILURE): Unable to verify element property value (Root cause: java.lang.NullPointerException: Cannot get property 'PerluasanJaminan' on null object
	at Script1.run(Script1.groovy:1)
	at com.kms.katalon.core.webservice.helper.WebServiceCommonHelper.parseAndGetPropertyValueForJson(WebServiceCommonHelper.java:213)
	at com.kms.katalon.core.webservice.keyword.builtin.VerifyElementPropertyValueKeyword$_verifyElementPropertyValue_closure1.doCall(VerifyElementPropertyValueKeyword.groovy:52)
	at com.kms.katalon.core.webservice.keyword.builtin.VerifyElementPropertyValueKeyword$_verifyElementPropertyValue_closure1.call(VerifyElementPropertyValueKeyword.groovy)
	at com.kms.katalon.core.keyword.internal.KeywordMain.runKeyword(KeywordMain.groovy:74)
	at com.kms.katalon.core.webservice.keyword.builtin.VerifyElementPropertyValueKeyword.verifyElementPropertyValue(VerifyElementPropertyValueKeyword.groovy:48)
	at com.kms.katalon.core.webservice.keyword.builtin.VerifyElementPropertyValueKeyword.execute(VerifyElementPropertyValueKeyword.groovy:43)
	at com.kms.katalon.core.keyword.internal.KeywordExecutor.executeKeywordForPlatform(KeywordExecutor.groovy:74)
	at com.kms.katalon.core.webservice.keyword.WSBuiltInKeywords.verifyElementPropertyValue(WSBuiltInKeywords.groovy:175)
	at com.kms.katalon.core.webservice.keyword.WSBuiltInKeywords$verifyElementPropertyValue$0.call(Unknown Source)
	at 1. get token - data order.run(1. get token - data order:750)
	at com.kms.katalon.core.main.ScriptEngine.run(ScriptEngine.java:194)
	at com.kms.katalon.core.main.ScriptEngine.runScriptAsRawText(ScriptEngine.java:119)
	at com.kms.katalon.core.main.TestCaseExecutor.runScript(TestCaseExecutor.java:442)
	at com.kms.katalon.core.main.TestCaseExecutor.doExecute(TestCaseExecutor.java:433)
	at com.kms.katalon.core.main.TestCaseExecutor.processExecutionPhase(TestCaseExecutor.java:412)
	at com.kms.katalon.core.main.TestCaseExecutor.accessMainPhase(TestCaseExecutor.java:404)
	at com.kms.katalon.core.main.TestCaseExecutor.execute(TestCaseExecutor.java:281)
	at com.kms.katalon.core.main.TestSuiteExecutor.accessTestCaseMainPhase(TestSuiteExecutor.java:202)
	at com.kms.katalon.core.main.TestSuiteExecutor.accessTestSuiteMainPhase(TestSuiteExecutor.java:164)
	at com.kms.katalon.core.main.TestSuiteExecutor.execute(TestSuiteExecutor.java:105)
	at com.kms.katalon.core.main.TestCaseMain.startTestSuite(TestCaseMain.java:181)
	at com.kms.katalon.core.main.TestCaseMain$startTestSuite$0.call(Unknown Source)
	at TempTestSuite1648100878643.run(TempTestSuite1648100878643.groovy:36)
)

2022-03-24 12:50:43 - [MESSAGE][FAILED] - Unable to verify element property value (Root cause: java.lang.NullPointerException: Cannot get property 'PerluasanJaminan' on null object
	at Script1.run(Script1.groovy:1)
	at com.kms.katalon.core.webservice.helper.WebServiceCommonHelper.parseAndGetPropertyValueForJson(WebServiceCommonHelper.java:213)
	at com.kms.katalon.core.webservice.keyword.builtin.VerifyElementPropertyValueKeyword$_verifyElementPropertyValue_closure1.doCall(VerifyElementPropertyValueKeyword.groovy:52)
	at com.kms.katalon.core.webservice.keyword.builtin.VerifyElementPropertyValueKeyword$_verifyElementPropertyValue_closure1.call(VerifyElementPropertyValueKeyword.groovy)
	at com.kms.katalon.core.keyword.internal.KeywordMain.runKeyword(KeywordMain.groovy:74)
	at com.kms.katalon.core.webservice.keyword.builtin.VerifyElementPropertyValueKeyword.verifyElementPropertyValue(VerifyElementPropertyValueKeyword.groovy:48)
	at com.kms.katalon.core.webservice.keyword.builtin.VerifyElementPropertyValueKeyword.execute(VerifyElementPropertyValueKeyword.groovy:43)
	at com.kms.katalon.core.keyword.internal.KeywordExecutor.executeKeywordForPlatform(KeywordExecutor.groovy:74)
	at com.kms.katalon.core.webservice.keyword.WSBuiltInKeywords.verifyElementPropertyValue(WSBuiltInKeywords.groovy:175)
	at com.kms.katalon.core.webservice.keyword.WSBuiltInKeywords$verifyElementPropertyValue$0.call(Unknown Source)
	at 1. get token - data order.run(1. get token - data order:750)
	at com.kms.katalon.core.main.ScriptEngine.run(ScriptEngine.java:194)
	at com.kms.katalon.core.main.ScriptEngine.runScriptAsRawText(ScriptEngine.java:119)
	at com.kms.katalon.core.main.TestCaseExecutor.runScript(TestCaseExecutor.java:442)
	at com.kms.katalon.core.main.TestCaseExecutor.doExecute(TestCaseExecutor.java:433)
	at com.kms.katalon.core.main.TestCaseExecutor.processExecutionPhase(TestCaseExecutor.java:412)
	at com.kms.katalon.core.main.TestCaseExecutor.accessMainPhase(TestCaseExecutor.java:404)
	at com.kms.katalon.core.main.TestCaseExecutor.execute(TestCaseExecutor.java:281)
	at com.kms.katalon.core.main.TestSuiteExecutor.accessTestCaseMainPhase(TestSuiteExecutor.java:202)
	at com.kms.katalon.core.main.TestSuiteExecutor.accessTestSuiteMainPhase(TestSuiteExecutor.java:164)
	at com.kms.katalon.core.main.TestSuiteExecutor.execute(TestSuiteExecutor.java:105)
	at com.kms.katalon.core.main.TestCaseMain.startTestSuite(TestCaseMain.java:181)
	at com.kms.katalon.core.main.TestCaseMain$startTestSuite$0.call(Unknown Source)
	at TempTestSuite1648100878643.run(TempTestSuite1648100878643.groovy:36)
)

2022-03-24 12:50:43 - [TEST_STEP][FAILED] - verifyElementPropertyValue(order, "GetDataOrderResponse.ListDataOrder[0].InsuranceData[4].KondisiPertanggungan", o_kond_pertanggungan_4, CONTINUE_ON_FAILURE): Unable to verify element property value (Root cause: java.lang.NullPointerException: Cannot get property 'KondisiPertanggungan' on null object
	at Script1.run(Script1.groovy:1)
	at com.kms.katalon.core.webservice.helper.WebServiceCommonHelper.parseAndGetPropertyValueForJson(WebServiceCommonHelper.java:213)
	at com.kms.katalon.core.webservice.keyword.builtin.VerifyElementPropertyValueKeyword$_verifyElementPropertyValue_closure1.doCall(VerifyElementPropertyValueKeyword.groovy:52)
	at com.kms.katalon.core.webservice.keyword.builtin.VerifyElementPropertyValueKeyword$_verifyElementPropertyValue_closure1.call(VerifyElementPropertyValueKeyword.groovy)
	at com.kms.katalon.core.keyword.internal.KeywordMain.runKeyword(KeywordMain.groovy:74)
	at com.kms.katalon.core.webservice.keyword.builtin.VerifyElementPropertyValueKeyword.verifyElementPropertyValue(VerifyElementPropertyValueKeyword.groovy:48)
	at com.kms.katalon.core.webservice.keyword.builtin.VerifyElementPropertyValueKeyword.execute(VerifyElementPropertyValueKeyword.groovy:43)
	at com.kms.katalon.core.keyword.internal.KeywordExecutor.executeKeywordForPlatform(KeywordExecutor.groovy:74)
	at com.kms.katalon.core.webservice.keyword.WSBuiltInKeywords.verifyElementPropertyValue(WSBuiltInKeywords.groovy:175)
	at com.kms.katalon.core.webservice.keyword.WSBuiltInKeywords$verifyElementPropertyValue$0.call(Unknown Source)
	at 1. get token - data order.run(1. get token - data order:754)
	at com.kms.katalon.core.main.ScriptEngine.run(ScriptEngine.java:194)
	at com.kms.katalon.core.main.ScriptEngine.runScriptAsRawText(ScriptEngine.java:119)
	at com.kms.katalon.core.main.TestCaseExecutor.runScript(TestCaseExecutor.java:442)
	at com.kms.katalon.core.main.TestCaseExecutor.doExecute(TestCaseExecutor.java:433)
	at com.kms.katalon.core.main.TestCaseExecutor.processExecutionPhase(TestCaseExecutor.java:412)
	at com.kms.katalon.core.main.TestCaseExecutor.accessMainPhase(TestCaseExecutor.java:404)
	at com.kms.katalon.core.main.TestCaseExecutor.execute(TestCaseExecutor.java:281)
	at com.kms.katalon.core.main.TestSuiteExecutor.accessTestCaseMainPhase(TestSuiteExecutor.java:202)
	at com.kms.katalon.core.main.TestSuiteExecutor.accessTestSuiteMainPhase(TestSuiteExecutor.java:164)
	at com.kms.katalon.core.main.TestSuiteExecutor.execute(TestSuiteExecutor.java:105)
	at com.kms.katalon.core.main.TestCaseMain.startTestSuite(TestCaseMain.java:181)
	at com.kms.katalon.core.main.TestCaseMain$startTestSuite$0.call(Unknown Source)
	at TempTestSuite1648100878643.run(TempTestSuite1648100878643.groovy:36)
)

2022-03-24 12:50:43 - [MESSAGE][FAILED] - Unable to verify element property value (Root cause: java.lang.NullPointerException: Cannot get property 'KondisiPertanggungan' on null object
	at Script1.run(Script1.groovy:1)
	at com.kms.katalon.core.webservice.helper.WebServiceCommonHelper.parseAndGetPropertyValueForJson(WebServiceCommonHelper.java:213)
	at com.kms.katalon.core.webservice.keyword.builtin.VerifyElementPropertyValueKeyword$_verifyElementPropertyValue_closure1.doCall(VerifyElementPropertyValueKeyword.groovy:52)
	at com.kms.katalon.core.webservice.keyword.builtin.VerifyElementPropertyValueKeyword$_verifyElementPropertyValue_closure1.call(VerifyElementPropertyValueKeyword.groovy)
	at com.kms.katalon.core.keyword.internal.KeywordMain.runKeyword(KeywordMain.groovy:74)
	at com.kms.katalon.core.webservice.keyword.builtin.VerifyElementPropertyValueKeyword.verifyElementPropertyValue(VerifyElementPropertyValueKeyword.groovy:48)
	at com.kms.katalon.core.webservice.keyword.builtin.VerifyElementPropertyValueKeyword.execute(VerifyElementPropertyValueKeyword.groovy:43)
	at com.kms.katalon.core.keyword.internal.KeywordExecutor.executeKeywordForPlatform(KeywordExecutor.groovy:74)
	at com.kms.katalon.core.webservice.keyword.WSBuiltInKeywords.verifyElementPropertyValue(WSBuiltInKeywords.groovy:175)
	at com.kms.katalon.core.webservice.keyword.WSBuiltInKeywords$verifyElementPropertyValue$0.call(Unknown Source)
	at 1. get token - data order.run(1. get token - data order:754)
	at com.kms.katalon.core.main.ScriptEngine.run(ScriptEngine.java:194)
	at com.kms.katalon.core.main.ScriptEngine.runScriptAsRawText(ScriptEngine.java:119)
	at com.kms.katalon.core.main.TestCaseExecutor.runScript(TestCaseExecutor.java:442)
	at com.kms.katalon.core.main.TestCaseExecutor.doExecute(TestCaseExecutor.java:433)
	at com.kms.katalon.core.main.TestCaseExecutor.processExecutionPhase(TestCaseExecutor.java:412)
	at com.kms.katalon.core.main.TestCaseExecutor.accessMainPhase(TestCaseExecutor.java:404)
	at com.kms.katalon.core.main.TestCaseExecutor.execute(TestCaseExecutor.java:281)
	at com.kms.katalon.core.main.TestSuiteExecutor.accessTestCaseMainPhase(TestSuiteExecutor.java:202)
	at com.kms.katalon.core.main.TestSuiteExecutor.accessTestSuiteMainPhase(TestSuiteExecutor.java:164)
	at com.kms.katalon.core.main.TestSuiteExecutor.execute(TestSuiteExecutor.java:105)
	at com.kms.katalon.core.main.TestCaseMain.startTestSuite(TestCaseMain.java:181)
	at com.kms.katalon.core.main.TestCaseMain$startTestSuite$0.call(Unknown Source)
	at TempTestSuite1648100878643.run(TempTestSuite1648100878643.groovy:36)
)

2022-03-24 12:50:43 - [TEST_STEP][FAILED] - verifyElementPropertyValue(order, "GetDataOrderResponse.ListDataOrder[0].InsuranceData[4].TJH", o_tjh_header_4, CONTINUE_ON_FAILURE): Unable to verify element property value (Root cause: java.lang.NullPointerException: Cannot get property 'TJH' on null object
	at Script1.run(Script1.groovy:1)
	at com.kms.katalon.core.webservice.helper.WebServiceCommonHelper.parseAndGetPropertyValueForJson(WebServiceCommonHelper.java:213)
	at com.kms.katalon.core.webservice.keyword.builtin.VerifyElementPropertyValueKeyword$_verifyElementPropertyValue_closure1.doCall(VerifyElementPropertyValueKeyword.groovy:52)
	at com.kms.katalon.core.webservice.keyword.builtin.VerifyElementPropertyValueKeyword$_verifyElementPropertyValue_closure1.call(VerifyElementPropertyValueKeyword.groovy)
	at com.kms.katalon.core.keyword.internal.KeywordMain.runKeyword(KeywordMain.groovy:74)
	at com.kms.katalon.core.webservice.keyword.builtin.VerifyElementPropertyValueKeyword.verifyElementPropertyValue(VerifyElementPropertyValueKeyword.groovy:48)
	at com.kms.katalon.core.webservice.keyword.builtin.VerifyElementPropertyValueKeyword.execute(VerifyElementPropertyValueKeyword.groovy:43)
	at com.kms.katalon.core.keyword.internal.KeywordExecutor.executeKeywordForPlatform(KeywordExecutor.groovy:74)
	at com.kms.katalon.core.webservice.keyword.WSBuiltInKeywords.verifyElementPropertyValue(WSBuiltInKeywords.groovy:175)
	at com.kms.katalon.core.webservice.keyword.WSBuiltInKeywords$verifyElementPropertyValue$0.call(Unknown Source)
	at 1. get token - data order.run(1. get token - data order:757)
	at com.kms.katalon.core.main.ScriptEngine.run(ScriptEngine.java:194)
	at com.kms.katalon.core.main.ScriptEngine.runScriptAsRawText(ScriptEngine.java:119)
	at com.kms.katalon.core.main.TestCaseExecutor.runScript(TestCaseExecutor.java:442)
	at com.kms.katalon.core.main.TestCaseExecutor.doExecute(TestCaseExecutor.java:433)
	at com.kms.katalon.core.main.TestCaseExecutor.processExecutionPhase(TestCaseExecutor.java:412)
	at com.kms.katalon.core.main.TestCaseExecutor.accessMainPhase(TestCaseExecutor.java:404)
	at com.kms.katalon.core.main.TestCaseExecutor.execute(TestCaseExecutor.java:281)
	at com.kms.katalon.core.main.TestSuiteExecutor.accessTestCaseMainPhase(TestSuiteExecutor.java:202)
	at com.kms.katalon.core.main.TestSuiteExecutor.accessTestSuiteMainPhase(TestSuiteExecutor.java:164)
	at com.kms.katalon.core.main.TestSuiteExecutor.execute(TestSuiteExecutor.java:105)
	at com.kms.katalon.core.main.TestCaseMain.startTestSuite(TestCaseMain.java:181)
	at com.kms.katalon.core.main.TestCaseMain$startTestSuite$0.call(Unknown Source)
	at TempTestSuite1648100878643.run(TempTestSuite1648100878643.groovy:36)
)

2022-03-24 12:50:43 - [MESSAGE][FAILED] - Unable to verify element property value (Root cause: java.lang.NullPointerException: Cannot get property 'TJH' on null object
	at Script1.run(Script1.groovy:1)
	at com.kms.katalon.core.webservice.helper.WebServiceCommonHelper.parseAndGetPropertyValueForJson(WebServiceCommonHelper.java:213)
	at com.kms.katalon.core.webservice.keyword.builtin.VerifyElementPropertyValueKeyword$_verifyElementPropertyValue_closure1.doCall(VerifyElementPropertyValueKeyword.groovy:52)
	at com.kms.katalon.core.webservice.keyword.builtin.VerifyElementPropertyValueKeyword$_verifyElementPropertyValue_closure1.call(VerifyElementPropertyValueKeyword.groovy)
	at com.kms.katalon.core.keyword.internal.KeywordMain.runKeyword(KeywordMain.groovy:74)
	at com.kms.katalon.core.webservice.keyword.builtin.VerifyElementPropertyValueKeyword.verifyElementPropertyValue(VerifyElementPropertyValueKeyword.groovy:48)
	at com.kms.katalon.core.webservice.keyword.builtin.VerifyElementPropertyValueKeyword.execute(VerifyElementPropertyValueKeyword.groovy:43)
	at com.kms.katalon.core.keyword.internal.KeywordExecutor.executeKeywordForPlatform(KeywordExecutor.groovy:74)
	at com.kms.katalon.core.webservice.keyword.WSBuiltInKeywords.verifyElementPropertyValue(WSBuiltInKeywords.groovy:175)
	at com.kms.katalon.core.webservice.keyword.WSBuiltInKeywords$verifyElementPropertyValue$0.call(Unknown Source)
	at 1. get token - data order.run(1. get token - data order:757)
	at com.kms.katalon.core.main.ScriptEngine.run(ScriptEngine.java:194)
	at com.kms.katalon.core.main.ScriptEngine.runScriptAsRawText(ScriptEngine.java:119)
	at com.kms.katalon.core.main.TestCaseExecutor.runScript(TestCaseExecutor.java:442)
	at com.kms.katalon.core.main.TestCaseExecutor.doExecute(TestCaseExecutor.java:433)
	at com.kms.katalon.core.main.TestCaseExecutor.processExecutionPhase(TestCaseExecutor.java:412)
	at com.kms.katalon.core.main.TestCaseExecutor.accessMainPhase(TestCaseExecutor.java:404)
	at com.kms.katalon.core.main.TestCaseExecutor.execute(TestCaseExecutor.java:281)
	at com.kms.katalon.core.main.TestSuiteExecutor.accessTestCaseMainPhase(TestSuiteExecutor.java:202)
	at com.kms.katalon.core.main.TestSuiteExecutor.accessTestSuiteMainPhase(TestSuiteExecutor.java:164)
	at com.kms.katalon.core.main.TestSuiteExecutor.execute(TestSuiteExecutor.java:105)
	at com.kms.katalon.core.main.TestCaseMain.startTestSuite(TestCaseMain.java:181)
	at com.kms.katalon.core.main.TestCaseMain$startTestSuite$0.call(Unknown Source)
	at TempTestSuite1648100878643.run(TempTestSuite1648100878643.groovy:36)
)

2022-03-24 12:50:43 - [TEST_STEP][FAILED] - verifyElementPropertyValue(order, "GetDataOrderResponse.ListDataOrder[0].InsuranceData[4].InsuredValue", o_ins_val_4, CONTINUE_ON_FAILURE): Unable to verify element property value (Root cause: java.lang.NullPointerException: Cannot get property 'InsuredValue' on null object
	at Script1.run(Script1.groovy:1)
	at com.kms.katalon.core.webservice.helper.WebServiceCommonHelper.parseAndGetPropertyValueForJson(WebServiceCommonHelper.java:213)
	at com.kms.katalon.core.webservice.keyword.builtin.VerifyElementPropertyValueKeyword$_verifyElementPropertyValue_closure1.doCall(VerifyElementPropertyValueKeyword.groovy:52)
	at com.kms.katalon.core.webservice.keyword.builtin.VerifyElementPropertyValueKeyword$_verifyElementPropertyValue_closure1.call(VerifyElementPropertyValueKeyword.groovy)
	at com.kms.katalon.core.keyword.internal.KeywordMain.runKeyword(KeywordMain.groovy:74)
	at com.kms.katalon.core.webservice.keyword.builtin.VerifyElementPropertyValueKeyword.verifyElementPropertyValue(VerifyElementPropertyValueKeyword.groovy:48)
	at com.kms.katalon.core.webservice.keyword.builtin.VerifyElementPropertyValueKeyword.execute(VerifyElementPropertyValueKeyword.groovy:43)
	at com.kms.katalon.core.keyword.internal.KeywordExecutor.executeKeywordForPlatform(KeywordExecutor.groovy:74)
	at com.kms.katalon.core.webservice.keyword.WSBuiltInKeywords.verifyElementPropertyValue(WSBuiltInKeywords.groovy:175)
	at com.kms.katalon.core.webservice.keyword.WSBuiltInKeywords$verifyElementPropertyValue$0.call(Unknown Source)
	at 1. get token - data order.run(1. get token - data order:759)
	at com.kms.katalon.core.main.ScriptEngine.run(ScriptEngine.java:194)
	at com.kms.katalon.core.main.ScriptEngine.runScriptAsRawText(ScriptEngine.java:119)
	at com.kms.katalon.core.main.TestCaseExecutor.runScript(TestCaseExecutor.java:442)
	at com.kms.katalon.core.main.TestCaseExecutor.doExecute(TestCaseExecutor.java:433)
	at com.kms.katalon.core.main.TestCaseExecutor.processExecutionPhase(TestCaseExecutor.java:412)
	at com.kms.katalon.core.main.TestCaseExecutor.accessMainPhase(TestCaseExecutor.java:404)
	at com.kms.katalon.core.main.TestCaseExecutor.execute(TestCaseExecutor.java:281)
	at com.kms.katalon.core.main.TestSuiteExecutor.accessTestCaseMainPhase(TestSuiteExecutor.java:202)
	at com.kms.katalon.core.main.TestSuiteExecutor.accessTestSuiteMainPhase(TestSuiteExecutor.java:164)
	at com.kms.katalon.core.main.TestSuiteExecutor.execute(TestSuiteExecutor.java:105)
	at com.kms.katalon.core.main.TestCaseMain.startTestSuite(TestCaseMain.java:181)
	at com.kms.katalon.core.main.TestCaseMain$startTestSuite$0.call(Unknown Source)
	at TempTestSuite1648100878643.run(TempTestSuite1648100878643.groovy:36)
)

2022-03-24 12:50:43 - [MESSAGE][FAILED] - Unable to verify element property value (Root cause: java.lang.NullPointerException: Cannot get property 'InsuredValue' on null object
	at Script1.run(Script1.groovy:1)
	at com.kms.katalon.core.webservice.helper.WebServiceCommonHelper.parseAndGetPropertyValueForJson(WebServiceCommonHelper.java:213)
	at com.kms.katalon.core.webservice.keyword.builtin.VerifyElementPropertyValueKeyword$_verifyElementPropertyValue_closure1.doCall(VerifyElementPropertyValueKeyword.groovy:52)
	at com.kms.katalon.core.webservice.keyword.builtin.VerifyElementPropertyValueKeyword$_verifyElementPropertyValue_closure1.call(VerifyElementPropertyValueKeyword.groovy)
	at com.kms.katalon.core.keyword.internal.KeywordMain.runKeyword(KeywordMain.groovy:74)
	at com.kms.katalon.core.webservice.keyword.builtin.VerifyElementPropertyValueKeyword.verifyElementPropertyValue(VerifyElementPropertyValueKeyword.groovy:48)
	at com.kms.katalon.core.webservice.keyword.builtin.VerifyElementPropertyValueKeyword.execute(VerifyElementPropertyValueKeyword.groovy:43)
	at com.kms.katalon.core.keyword.internal.KeywordExecutor.executeKeywordForPlatform(KeywordExecutor.groovy:74)
	at com.kms.katalon.core.webservice.keyword.WSBuiltInKeywords.verifyElementPropertyValue(WSBuiltInKeywords.groovy:175)
	at com.kms.katalon.core.webservice.keyword.WSBuiltInKeywords$verifyElementPropertyValue$0.call(Unknown Source)
	at 1. get token - data order.run(1. get token - data order:759)
	at com.kms.katalon.core.main.ScriptEngine.run(ScriptEngine.java:194)
	at com.kms.katalon.core.main.ScriptEngine.runScriptAsRawText(ScriptEngine.java:119)
	at com.kms.katalon.core.main.TestCaseExecutor.runScript(TestCaseExecutor.java:442)
	at com.kms.katalon.core.main.TestCaseExecutor.doExecute(TestCaseExecutor.java:433)
	at com.kms.katalon.core.main.TestCaseExecutor.processExecutionPhase(TestCaseExecutor.java:412)
	at com.kms.katalon.core.main.TestCaseExecutor.accessMainPhase(TestCaseExecutor.java:404)
	at com.kms.katalon.core.main.TestCaseExecutor.execute(TestCaseExecutor.java:281)
	at com.kms.katalon.core.main.TestSuiteExecutor.accessTestCaseMainPhase(TestSuiteExecutor.java:202)
	at com.kms.katalon.core.main.TestSuiteExecutor.accessTestSuiteMainPhase(TestSuiteExecutor.java:164)
	at com.kms.katalon.core.main.TestSuiteExecutor.execute(TestSuiteExecutor.java:105)
	at com.kms.katalon.core.main.TestCaseMain.startTestSuite(TestCaseMain.java:181)
	at com.kms.katalon.core.main.TestCaseMain$startTestSuite$0.call(Unknown Source)
	at TempTestSuite1648100878643.run(TempTestSuite1648100878643.groovy:36)
)

2022-03-24 12:50:43 - [TEST_STEP][FAILED] - verifyElementPropertyValue(order, "GetDataOrderResponse.ListDataOrder[0].InsuranceData[4].InsuredFrom", o_ins_form_4, CONTINUE_ON_FAILURE): Unable to verify element property value (Root cause: java.lang.NullPointerException: Cannot get property 'InsuredFrom' on null object
	at Script1.run(Script1.groovy:1)
	at com.kms.katalon.core.webservice.helper.WebServiceCommonHelper.parseAndGetPropertyValueForJson(WebServiceCommonHelper.java:213)
	at com.kms.katalon.core.webservice.keyword.builtin.VerifyElementPropertyValueKeyword$_verifyElementPropertyValue_closure1.doCall(VerifyElementPropertyValueKeyword.groovy:52)
	at com.kms.katalon.core.webservice.keyword.builtin.VerifyElementPropertyValueKeyword$_verifyElementPropertyValue_closure1.call(VerifyElementPropertyValueKeyword.groovy)
	at com.kms.katalon.core.keyword.internal.KeywordMain.runKeyword(KeywordMain.groovy:74)
	at com.kms.katalon.core.webservice.keyword.builtin.VerifyElementPropertyValueKeyword.verifyElementPropertyValue(VerifyElementPropertyValueKeyword.groovy:48)
	at com.kms.katalon.core.webservice.keyword.builtin.VerifyElementPropertyValueKeyword.execute(VerifyElementPropertyValueKeyword.groovy:43)
	at com.kms.katalon.core.keyword.internal.KeywordExecutor.executeKeywordForPlatform(KeywordExecutor.groovy:74)
	at com.kms.katalon.core.webservice.keyword.WSBuiltInKeywords.verifyElementPropertyValue(WSBuiltInKeywords.groovy:175)
	at com.kms.katalon.core.webservice.keyword.WSBuiltInKeywords$verifyElementPropertyValue$0.call(Unknown Source)
	at 1. get token - data order.run(1. get token - data order:762)
	at com.kms.katalon.core.main.ScriptEngine.run(ScriptEngine.java:194)
	at com.kms.katalon.core.main.ScriptEngine.runScriptAsRawText(ScriptEngine.java:119)
	at com.kms.katalon.core.main.TestCaseExecutor.runScript(TestCaseExecutor.java:442)
	at com.kms.katalon.core.main.TestCaseExecutor.doExecute(TestCaseExecutor.java:433)
	at com.kms.katalon.core.main.TestCaseExecutor.processExecutionPhase(TestCaseExecutor.java:412)
	at com.kms.katalon.core.main.TestCaseExecutor.accessMainPhase(TestCaseExecutor.java:404)
	at com.kms.katalon.core.main.TestCaseExecutor.execute(TestCaseExecutor.java:281)
	at com.kms.katalon.core.main.TestSuiteExecutor.accessTestCaseMainPhase(TestSuiteExecutor.java:202)
	at com.kms.katalon.core.main.TestSuiteExecutor.accessTestSuiteMainPhase(TestSuiteExecutor.java:164)
	at com.kms.katalon.core.main.TestSuiteExecutor.execute(TestSuiteExecutor.java:105)
	at com.kms.katalon.core.main.TestCaseMain.startTestSuite(TestCaseMain.java:181)
	at com.kms.katalon.core.main.TestCaseMain$startTestSuite$0.call(Unknown Source)
	at TempTestSuite1648100878643.run(TempTestSuite1648100878643.groovy:36)
)

2022-03-24 12:50:43 - [MESSAGE][FAILED] - Unable to verify element property value (Root cause: java.lang.NullPointerException: Cannot get property 'InsuredFrom' on null object
	at Script1.run(Script1.groovy:1)
	at com.kms.katalon.core.webservice.helper.WebServiceCommonHelper.parseAndGetPropertyValueForJson(WebServiceCommonHelper.java:213)
	at com.kms.katalon.core.webservice.keyword.builtin.VerifyElementPropertyValueKeyword$_verifyElementPropertyValue_closure1.doCall(VerifyElementPropertyValueKeyword.groovy:52)
	at com.kms.katalon.core.webservice.keyword.builtin.VerifyElementPropertyValueKeyword$_verifyElementPropertyValue_closure1.call(VerifyElementPropertyValueKeyword.groovy)
	at com.kms.katalon.core.keyword.internal.KeywordMain.runKeyword(KeywordMain.groovy:74)
	at com.kms.katalon.core.webservice.keyword.builtin.VerifyElementPropertyValueKeyword.verifyElementPropertyValue(VerifyElementPropertyValueKeyword.groovy:48)
	at com.kms.katalon.core.webservice.keyword.builtin.VerifyElementPropertyValueKeyword.execute(VerifyElementPropertyValueKeyword.groovy:43)
	at com.kms.katalon.core.keyword.internal.KeywordExecutor.executeKeywordForPlatform(KeywordExecutor.groovy:74)
	at com.kms.katalon.core.webservice.keyword.WSBuiltInKeywords.verifyElementPropertyValue(WSBuiltInKeywords.groovy:175)
	at com.kms.katalon.core.webservice.keyword.WSBuiltInKeywords$verifyElementPropertyValue$0.call(Unknown Source)
	at 1. get token - data order.run(1. get token - data order:762)
	at com.kms.katalon.core.main.ScriptEngine.run(ScriptEngine.java:194)
	at com.kms.katalon.core.main.ScriptEngine.runScriptAsRawText(ScriptEngine.java:119)
	at com.kms.katalon.core.main.TestCaseExecutor.runScript(TestCaseExecutor.java:442)
	at com.kms.katalon.core.main.TestCaseExecutor.doExecute(TestCaseExecutor.java:433)
	at com.kms.katalon.core.main.TestCaseExecutor.processExecutionPhase(TestCaseExecutor.java:412)
	at com.kms.katalon.core.main.TestCaseExecutor.accessMainPhase(TestCaseExecutor.java:404)
	at com.kms.katalon.core.main.TestCaseExecutor.execute(TestCaseExecutor.java:281)
	at com.kms.katalon.core.main.TestSuiteExecutor.accessTestCaseMainPhase(TestSuiteExecutor.java:202)
	at com.kms.katalon.core.main.TestSuiteExecutor.accessTestSuiteMainPhase(TestSuiteExecutor.java:164)
	at com.kms.katalon.core.main.TestSuiteExecutor.execute(TestSuiteExecutor.java:105)
	at com.kms.katalon.core.main.TestCaseMain.startTestSuite(TestCaseMain.java:181)
	at com.kms.katalon.core.main.TestCaseMain$startTestSuite$0.call(Unknown Source)
	at TempTestSuite1648100878643.run(TempTestSuite1648100878643.groovy:36)
)

2022-03-24 12:50:43 - [TEST_STEP][FAILED] - verifyElementPropertyValue(order, "GetDataOrderResponse.ListDataOrder[0].InsuranceData[4].InsuredTo", o_ins_to_4, CONTINUE_ON_FAILURE): Unable to verify element property value (Root cause: java.lang.NullPointerException: Cannot get property 'InsuredTo' on null object
	at Script1.run(Script1.groovy:1)
	at com.kms.katalon.core.webservice.helper.WebServiceCommonHelper.parseAndGetPropertyValueForJson(WebServiceCommonHelper.java:213)
	at com.kms.katalon.core.webservice.keyword.builtin.VerifyElementPropertyValueKeyword$_verifyElementPropertyValue_closure1.doCall(VerifyElementPropertyValueKeyword.groovy:52)
	at com.kms.katalon.core.webservice.keyword.builtin.VerifyElementPropertyValueKeyword$_verifyElementPropertyValue_closure1.call(VerifyElementPropertyValueKeyword.groovy)
	at com.kms.katalon.core.keyword.internal.KeywordMain.runKeyword(KeywordMain.groovy:74)
	at com.kms.katalon.core.webservice.keyword.builtin.VerifyElementPropertyValueKeyword.verifyElementPropertyValue(VerifyElementPropertyValueKeyword.groovy:48)
	at com.kms.katalon.core.webservice.keyword.builtin.VerifyElementPropertyValueKeyword.execute(VerifyElementPropertyValueKeyword.groovy:43)
	at com.kms.katalon.core.keyword.internal.KeywordExecutor.executeKeywordForPlatform(KeywordExecutor.groovy:74)
	at com.kms.katalon.core.webservice.keyword.WSBuiltInKeywords.verifyElementPropertyValue(WSBuiltInKeywords.groovy:175)
	at com.kms.katalon.core.webservice.keyword.WSBuiltInKeywords$verifyElementPropertyValue$0.call(Unknown Source)
	at 1. get token - data order.run(1. get token - data order:765)
	at com.kms.katalon.core.main.ScriptEngine.run(ScriptEngine.java:194)
	at com.kms.katalon.core.main.ScriptEngine.runScriptAsRawText(ScriptEngine.java:119)
	at com.kms.katalon.core.main.TestCaseExecutor.runScript(TestCaseExecutor.java:442)
	at com.kms.katalon.core.main.TestCaseExecutor.doExecute(TestCaseExecutor.java:433)
	at com.kms.katalon.core.main.TestCaseExecutor.processExecutionPhase(TestCaseExecutor.java:412)
	at com.kms.katalon.core.main.TestCaseExecutor.accessMainPhase(TestCaseExecutor.java:404)
	at com.kms.katalon.core.main.TestCaseExecutor.execute(TestCaseExecutor.java:281)
	at com.kms.katalon.core.main.TestSuiteExecutor.accessTestCaseMainPhase(TestSuiteExecutor.java:202)
	at com.kms.katalon.core.main.TestSuiteExecutor.accessTestSuiteMainPhase(TestSuiteExecutor.java:164)
	at com.kms.katalon.core.main.TestSuiteExecutor.execute(TestSuiteExecutor.java:105)
	at com.kms.katalon.core.main.TestCaseMain.startTestSuite(TestCaseMain.java:181)
	at com.kms.katalon.core.main.TestCaseMain$startTestSuite$0.call(Unknown Source)
	at TempTestSuite1648100878643.run(TempTestSuite1648100878643.groovy:36)
)

2022-03-24 12:50:43 - [MESSAGE][FAILED] - Unable to verify element property value (Root cause: java.lang.NullPointerException: Cannot get property 'InsuredTo' on null object
	at Script1.run(Script1.groovy:1)
	at com.kms.katalon.core.webservice.helper.WebServiceCommonHelper.parseAndGetPropertyValueForJson(WebServiceCommonHelper.java:213)
	at com.kms.katalon.core.webservice.keyword.builtin.VerifyElementPropertyValueKeyword$_verifyElementPropertyValue_closure1.doCall(VerifyElementPropertyValueKeyword.groovy:52)
	at com.kms.katalon.core.webservice.keyword.builtin.VerifyElementPropertyValueKeyword$_verifyElementPropertyValue_closure1.call(VerifyElementPropertyValueKeyword.groovy)
	at com.kms.katalon.core.keyword.internal.KeywordMain.runKeyword(KeywordMain.groovy:74)
	at com.kms.katalon.core.webservice.keyword.builtin.VerifyElementPropertyValueKeyword.verifyElementPropertyValue(VerifyElementPropertyValueKeyword.groovy:48)
	at com.kms.katalon.core.webservice.keyword.builtin.VerifyElementPropertyValueKeyword.execute(VerifyElementPropertyValueKeyword.groovy:43)
	at com.kms.katalon.core.keyword.internal.KeywordExecutor.executeKeywordForPlatform(KeywordExecutor.groovy:74)
	at com.kms.katalon.core.webservice.keyword.WSBuiltInKeywords.verifyElementPropertyValue(WSBuiltInKeywords.groovy:175)
	at com.kms.katalon.core.webservice.keyword.WSBuiltInKeywords$verifyElementPropertyValue$0.call(Unknown Source)
	at 1. get token - data order.run(1. get token - data order:765)
	at com.kms.katalon.core.main.ScriptEngine.run(ScriptEngine.java:194)
	at com.kms.katalon.core.main.ScriptEngine.runScriptAsRawText(ScriptEngine.java:119)
	at com.kms.katalon.core.main.TestCaseExecutor.runScript(TestCaseExecutor.java:442)
	at com.kms.katalon.core.main.TestCaseExecutor.doExecute(TestCaseExecutor.java:433)
	at com.kms.katalon.core.main.TestCaseExecutor.processExecutionPhase(TestCaseExecutor.java:412)
	at com.kms.katalon.core.main.TestCaseExecutor.accessMainPhase(TestCaseExecutor.java:404)
	at com.kms.katalon.core.main.TestCaseExecutor.execute(TestCaseExecutor.java:281)
	at com.kms.katalon.core.main.TestSuiteExecutor.accessTestCaseMainPhase(TestSuiteExecutor.java:202)
	at com.kms.katalon.core.main.TestSuiteExecutor.accessTestSuiteMainPhase(TestSuiteExecutor.java:164)
	at com.kms.katalon.core.main.TestSuiteExecutor.execute(TestSuiteExecutor.java:105)
	at com.kms.katalon.core.main.TestCaseMain.startTestSuite(TestCaseMain.java:181)
	at com.kms.katalon.core.main.TestCaseMain$startTestSuite$0.call(Unknown Source)
	at TempTestSuite1648100878643.run(TempTestSuite1648100878643.groovy:36)
)

2022-03-24 12:50:43 - [TEST_STEP][FAILED] - verifyElementPropertyValue(order, "GetDataOrderResponse.ListDataOrder[0].InsuranceData[4].Rate", o_rate_4, CONTINUE_ON_FAILURE): Unable to verify element property value (Root cause: java.lang.NullPointerException: Cannot get property 'Rate' on null object
	at Script1.run(Script1.groovy:1)
	at com.kms.katalon.core.webservice.helper.WebServiceCommonHelper.parseAndGetPropertyValueForJson(WebServiceCommonHelper.java:213)
	at com.kms.katalon.core.webservice.keyword.builtin.VerifyElementPropertyValueKeyword$_verifyElementPropertyValue_closure1.doCall(VerifyElementPropertyValueKeyword.groovy:52)
	at com.kms.katalon.core.webservice.keyword.builtin.VerifyElementPropertyValueKeyword$_verifyElementPropertyValue_closure1.call(VerifyElementPropertyValueKeyword.groovy)
	at com.kms.katalon.core.keyword.internal.KeywordMain.runKeyword(KeywordMain.groovy:74)
	at com.kms.katalon.core.webservice.keyword.builtin.VerifyElementPropertyValueKeyword.verifyElementPropertyValue(VerifyElementPropertyValueKeyword.groovy:48)
	at com.kms.katalon.core.webservice.keyword.builtin.VerifyElementPropertyValueKeyword.execute(VerifyElementPropertyValueKeyword.groovy:43)
	at com.kms.katalon.core.keyword.internal.KeywordExecutor.executeKeywordForPlatform(KeywordExecutor.groovy:74)
	at com.kms.katalon.core.webservice.keyword.WSBuiltInKeywords.verifyElementPropertyValue(WSBuiltInKeywords.groovy:175)
	at com.kms.katalon.core.webservice.keyword.WSBuiltInKeywords$verifyElementPropertyValue$0.call(Unknown Source)
	at 1. get token - data order.run(1. get token - data order:768)
	at com.kms.katalon.core.main.ScriptEngine.run(ScriptEngine.java:194)
	at com.kms.katalon.core.main.ScriptEngine.runScriptAsRawText(ScriptEngine.java:119)
	at com.kms.katalon.core.main.TestCaseExecutor.runScript(TestCaseExecutor.java:442)
	at com.kms.katalon.core.main.TestCaseExecutor.doExecute(TestCaseExecutor.java:433)
	at com.kms.katalon.core.main.TestCaseExecutor.processExecutionPhase(TestCaseExecutor.java:412)
	at com.kms.katalon.core.main.TestCaseExecutor.accessMainPhase(TestCaseExecutor.java:404)
	at com.kms.katalon.core.main.TestCaseExecutor.execute(TestCaseExecutor.java:281)
	at com.kms.katalon.core.main.TestSuiteExecutor.accessTestCaseMainPhase(TestSuiteExecutor.java:202)
	at com.kms.katalon.core.main.TestSuiteExecutor.accessTestSuiteMainPhase(TestSuiteExecutor.java:164)
	at com.kms.katalon.core.main.TestSuiteExecutor.execute(TestSuiteExecutor.java:105)
	at com.kms.katalon.core.main.TestCaseMain.startTestSuite(TestCaseMain.java:181)
	at com.kms.katalon.core.main.TestCaseMain$startTestSuite$0.call(Unknown Source)
	at TempTestSuite1648100878643.run(TempTestSuite1648100878643.groovy:36)
)

2022-03-24 12:50:43 - [MESSAGE][FAILED] - Unable to verify element property value (Root cause: java.lang.NullPointerException: Cannot get property 'Rate' on null object
	at Script1.run(Script1.groovy:1)
	at com.kms.katalon.core.webservice.helper.WebServiceCommonHelper.parseAndGetPropertyValueForJson(WebServiceCommonHelper.java:213)
	at com.kms.katalon.core.webservice.keyword.builtin.VerifyElementPropertyValueKeyword$_verifyElementPropertyValue_closure1.doCall(VerifyElementPropertyValueKeyword.groovy:52)
	at com.kms.katalon.core.webservice.keyword.builtin.VerifyElementPropertyValueKeyword$_verifyElementPropertyValue_closure1.call(VerifyElementPropertyValueKeyword.groovy)
	at com.kms.katalon.core.keyword.internal.KeywordMain.runKeyword(KeywordMain.groovy:74)
	at com.kms.katalon.core.webservice.keyword.builtin.VerifyElementPropertyValueKeyword.verifyElementPropertyValue(VerifyElementPropertyValueKeyword.groovy:48)
	at com.kms.katalon.core.webservice.keyword.builtin.VerifyElementPropertyValueKeyword.execute(VerifyElementPropertyValueKeyword.groovy:43)
	at com.kms.katalon.core.keyword.internal.KeywordExecutor.executeKeywordForPlatform(KeywordExecutor.groovy:74)
	at com.kms.katalon.core.webservice.keyword.WSBuiltInKeywords.verifyElementPropertyValue(WSBuiltInKeywords.groovy:175)
	at com.kms.katalon.core.webservice.keyword.WSBuiltInKeywords$verifyElementPropertyValue$0.call(Unknown Source)
	at 1. get token - data order.run(1. get token - data order:768)
	at com.kms.katalon.core.main.ScriptEngine.run(ScriptEngine.java:194)
	at com.kms.katalon.core.main.ScriptEngine.runScriptAsRawText(ScriptEngine.java:119)
	at com.kms.katalon.core.main.TestCaseExecutor.runScript(TestCaseExecutor.java:442)
	at com.kms.katalon.core.main.TestCaseExecutor.doExecute(TestCaseExecutor.java:433)
	at com.kms.katalon.core.main.TestCaseExecutor.processExecutionPhase(TestCaseExecutor.java:412)
	at com.kms.katalon.core.main.TestCaseExecutor.accessMainPhase(TestCaseExecutor.java:404)
	at com.kms.katalon.core.main.TestCaseExecutor.execute(TestCaseExecutor.java:281)
	at com.kms.katalon.core.main.TestSuiteExecutor.accessTestCaseMainPhase(TestSuiteExecutor.java:202)
	at com.kms.katalon.core.main.TestSuiteExecutor.accessTestSuiteMainPhase(TestSuiteExecutor.java:164)
	at com.kms.katalon.core.main.TestSuiteExecutor.execute(TestSuiteExecutor.java:105)
	at com.kms.katalon.core.main.TestCaseMain.startTestSuite(TestCaseMain.java:181)
	at com.kms.katalon.core.main.TestCaseMain$startTestSuite$0.call(Unknown Source)
	at TempTestSuite1648100878643.run(TempTestSuite1648100878643.groovy:36)
)

2022-03-24 12:50:43 - [TEST_STEP][FAILED] - verifyElementPropertyValue(order, "GetDataOrderResponse.ListDataOrder[0].InsuranceData[4].GrossPremi", o_gross_premi_4, CONTINUE_ON_FAILURE): Unable to verify element property value (Root cause: java.lang.NullPointerException: Cannot get property 'GrossPremi' on null object
	at Script1.run(Script1.groovy:1)
	at com.kms.katalon.core.webservice.helper.WebServiceCommonHelper.parseAndGetPropertyValueForJson(WebServiceCommonHelper.java:213)
	at com.kms.katalon.core.webservice.keyword.builtin.VerifyElementPropertyValueKeyword$_verifyElementPropertyValue_closure1.doCall(VerifyElementPropertyValueKeyword.groovy:52)
	at com.kms.katalon.core.webservice.keyword.builtin.VerifyElementPropertyValueKeyword$_verifyElementPropertyValue_closure1.call(VerifyElementPropertyValueKeyword.groovy)
	at com.kms.katalon.core.keyword.internal.KeywordMain.runKeyword(KeywordMain.groovy:74)
	at com.kms.katalon.core.webservice.keyword.builtin.VerifyElementPropertyValueKeyword.verifyElementPropertyValue(VerifyElementPropertyValueKeyword.groovy:48)
	at com.kms.katalon.core.webservice.keyword.builtin.VerifyElementPropertyValueKeyword.execute(VerifyElementPropertyValueKeyword.groovy:43)
	at com.kms.katalon.core.keyword.internal.KeywordExecutor.executeKeywordForPlatform(KeywordExecutor.groovy:74)
	at com.kms.katalon.core.webservice.keyword.WSBuiltInKeywords.verifyElementPropertyValue(WSBuiltInKeywords.groovy:175)
	at com.kms.katalon.core.webservice.keyword.WSBuiltInKeywords$verifyElementPropertyValue$0.call(Unknown Source)
	at 1. get token - data order.run(1. get token - data order:770)
	at com.kms.katalon.core.main.ScriptEngine.run(ScriptEngine.java:194)
	at com.kms.katalon.core.main.ScriptEngine.runScriptAsRawText(ScriptEngine.java:119)
	at com.kms.katalon.core.main.TestCaseExecutor.runScript(TestCaseExecutor.java:442)
	at com.kms.katalon.core.main.TestCaseExecutor.doExecute(TestCaseExecutor.java:433)
	at com.kms.katalon.core.main.TestCaseExecutor.processExecutionPhase(TestCaseExecutor.java:412)
	at com.kms.katalon.core.main.TestCaseExecutor.accessMainPhase(TestCaseExecutor.java:404)
	at com.kms.katalon.core.main.TestCaseExecutor.execute(TestCaseExecutor.java:281)
	at com.kms.katalon.core.main.TestSuiteExecutor.accessTestCaseMainPhase(TestSuiteExecutor.java:202)
	at com.kms.katalon.core.main.TestSuiteExecutor.accessTestSuiteMainPhase(TestSuiteExecutor.java:164)
	at com.kms.katalon.core.main.TestSuiteExecutor.execute(TestSuiteExecutor.java:105)
	at com.kms.katalon.core.main.TestCaseMain.startTestSuite(TestCaseMain.java:181)
	at com.kms.katalon.core.main.TestCaseMain$startTestSuite$0.call(Unknown Source)
	at TempTestSuite1648100878643.run(TempTestSuite1648100878643.groovy:36)
)

2022-03-24 12:50:43 - [MESSAGE][FAILED] - Unable to verify element property value (Root cause: java.lang.NullPointerException: Cannot get property 'GrossPremi' on null object
	at Script1.run(Script1.groovy:1)
	at com.kms.katalon.core.webservice.helper.WebServiceCommonHelper.parseAndGetPropertyValueForJson(WebServiceCommonHelper.java:213)
	at com.kms.katalon.core.webservice.keyword.builtin.VerifyElementPropertyValueKeyword$_verifyElementPropertyValue_closure1.doCall(VerifyElementPropertyValueKeyword.groovy:52)
	at com.kms.katalon.core.webservice.keyword.builtin.VerifyElementPropertyValueKeyword$_verifyElementPropertyValue_closure1.call(VerifyElementPropertyValueKeyword.groovy)
	at com.kms.katalon.core.keyword.internal.KeywordMain.runKeyword(KeywordMain.groovy:74)
	at com.kms.katalon.core.webservice.keyword.builtin.VerifyElementPropertyValueKeyword.verifyElementPropertyValue(VerifyElementPropertyValueKeyword.groovy:48)
	at com.kms.katalon.core.webservice.keyword.builtin.VerifyElementPropertyValueKeyword.execute(VerifyElementPropertyValueKeyword.groovy:43)
	at com.kms.katalon.core.keyword.internal.KeywordExecutor.executeKeywordForPlatform(KeywordExecutor.groovy:74)
	at com.kms.katalon.core.webservice.keyword.WSBuiltInKeywords.verifyElementPropertyValue(WSBuiltInKeywords.groovy:175)
	at com.kms.katalon.core.webservice.keyword.WSBuiltInKeywords$verifyElementPropertyValue$0.call(Unknown Source)
	at 1. get token - data order.run(1. get token - data order:770)
	at com.kms.katalon.core.main.ScriptEngine.run(ScriptEngine.java:194)
	at com.kms.katalon.core.main.ScriptEngine.runScriptAsRawText(ScriptEngine.java:119)
	at com.kms.katalon.core.main.TestCaseExecutor.runScript(TestCaseExecutor.java:442)
	at com.kms.katalon.core.main.TestCaseExecutor.doExecute(TestCaseExecutor.java:433)
	at com.kms.katalon.core.main.TestCaseExecutor.processExecutionPhase(TestCaseExecutor.java:412)
	at com.kms.katalon.core.main.TestCaseExecutor.accessMainPhase(TestCaseExecutor.java:404)
	at com.kms.katalon.core.main.TestCaseExecutor.execute(TestCaseExecutor.java:281)
	at com.kms.katalon.core.main.TestSuiteExecutor.accessTestCaseMainPhase(TestSuiteExecutor.java:202)
	at com.kms.katalon.core.main.TestSuiteExecutor.accessTestSuiteMainPhase(TestSuiteExecutor.java:164)
	at com.kms.katalon.core.main.TestSuiteExecutor.execute(TestSuiteExecutor.java:105)
	at com.kms.katalon.core.main.TestCaseMain.startTestSuite(TestCaseMain.java:181)
	at com.kms.katalon.core.main.TestCaseMain$startTestSuite$0.call(Unknown Source)
	at TempTestSuite1648100878643.run(TempTestSuite1648100878643.groovy:36)
)

2022-03-24 12:50:43 - [TEST_STEP][FAILED] - verifyElementPropertyValue(order, "GetDataOrderResponse.ListDataOrder[0].InsuranceData[4].Discount", o_discount_4, CONTINUE_ON_FAILURE): Unable to verify element property value (Root cause: java.lang.NullPointerException: Cannot get property 'Discount' on null object
	at Script1.run(Script1.groovy:1)
	at com.kms.katalon.core.webservice.helper.WebServiceCommonHelper.parseAndGetPropertyValueForJson(WebServiceCommonHelper.java:213)
	at com.kms.katalon.core.webservice.keyword.builtin.VerifyElementPropertyValueKeyword$_verifyElementPropertyValue_closure1.doCall(VerifyElementPropertyValueKeyword.groovy:52)
	at com.kms.katalon.core.webservice.keyword.builtin.VerifyElementPropertyValueKeyword$_verifyElementPropertyValue_closure1.call(VerifyElementPropertyValueKeyword.groovy)
	at com.kms.katalon.core.keyword.internal.KeywordMain.runKeyword(KeywordMain.groovy:74)
	at com.kms.katalon.core.webservice.keyword.builtin.VerifyElementPropertyValueKeyword.verifyElementPropertyValue(VerifyElementPropertyValueKeyword.groovy:48)
	at com.kms.katalon.core.webservice.keyword.builtin.VerifyElementPropertyValueKeyword.execute(VerifyElementPropertyValueKeyword.groovy:43)
	at com.kms.katalon.core.keyword.internal.KeywordExecutor.executeKeywordForPlatform(KeywordExecutor.groovy:74)
	at com.kms.katalon.core.webservice.keyword.WSBuiltInKeywords.verifyElementPropertyValue(WSBuiltInKeywords.groovy:175)
	at com.kms.katalon.core.webservice.keyword.WSBuiltInKeywords$verifyElementPropertyValue$0.call(Unknown Source)
	at 1. get token - data order.run(1. get token - data order:773)
	at com.kms.katalon.core.main.ScriptEngine.run(ScriptEngine.java:194)
	at com.kms.katalon.core.main.ScriptEngine.runScriptAsRawText(ScriptEngine.java:119)
	at com.kms.katalon.core.main.TestCaseExecutor.runScript(TestCaseExecutor.java:442)
	at com.kms.katalon.core.main.TestCaseExecutor.doExecute(TestCaseExecutor.java:433)
	at com.kms.katalon.core.main.TestCaseExecutor.processExecutionPhase(TestCaseExecutor.java:412)
	at com.kms.katalon.core.main.TestCaseExecutor.accessMainPhase(TestCaseExecutor.java:404)
	at com.kms.katalon.core.main.TestCaseExecutor.execute(TestCaseExecutor.java:281)
	at com.kms.katalon.core.main.TestSuiteExecutor.accessTestCaseMainPhase(TestSuiteExecutor.java:202)
	at com.kms.katalon.core.main.TestSuiteExecutor.accessTestSuiteMainPhase(TestSuiteExecutor.java:164)
	at com.kms.katalon.core.main.TestSuiteExecutor.execute(TestSuiteExecutor.java:105)
	at com.kms.katalon.core.main.TestCaseMain.startTestSuite(TestCaseMain.java:181)
	at com.kms.katalon.core.main.TestCaseMain$startTestSuite$0.call(Unknown Source)
	at TempTestSuite1648100878643.run(TempTestSuite1648100878643.groovy:36)
)

2022-03-24 12:50:44 - [MESSAGE][FAILED] - Unable to verify element property value (Root cause: java.lang.NullPointerException: Cannot get property 'Discount' on null object
	at Script1.run(Script1.groovy:1)
	at com.kms.katalon.core.webservice.helper.WebServiceCommonHelper.parseAndGetPropertyValueForJson(WebServiceCommonHelper.java:213)
	at com.kms.katalon.core.webservice.keyword.builtin.VerifyElementPropertyValueKeyword$_verifyElementPropertyValue_closure1.doCall(VerifyElementPropertyValueKeyword.groovy:52)
	at com.kms.katalon.core.webservice.keyword.builtin.VerifyElementPropertyValueKeyword$_verifyElementPropertyValue_closure1.call(VerifyElementPropertyValueKeyword.groovy)
	at com.kms.katalon.core.keyword.internal.KeywordMain.runKeyword(KeywordMain.groovy:74)
	at com.kms.katalon.core.webservice.keyword.builtin.VerifyElementPropertyValueKeyword.verifyElementPropertyValue(VerifyElementPropertyValueKeyword.groovy:48)
	at com.kms.katalon.core.webservice.keyword.builtin.VerifyElementPropertyValueKeyword.execute(VerifyElementPropertyValueKeyword.groovy:43)
	at com.kms.katalon.core.keyword.internal.KeywordExecutor.executeKeywordForPlatform(KeywordExecutor.groovy:74)
	at com.kms.katalon.core.webservice.keyword.WSBuiltInKeywords.verifyElementPropertyValue(WSBuiltInKeywords.groovy:175)
	at com.kms.katalon.core.webservice.keyword.WSBuiltInKeywords$verifyElementPropertyValue$0.call(Unknown Source)
	at 1. get token - data order.run(1. get token - data order:773)
	at com.kms.katalon.core.main.ScriptEngine.run(ScriptEngine.java:194)
	at com.kms.katalon.core.main.ScriptEngine.runScriptAsRawText(ScriptEngine.java:119)
	at com.kms.katalon.core.main.TestCaseExecutor.runScript(TestCaseExecutor.java:442)
	at com.kms.katalon.core.main.TestCaseExecutor.doExecute(TestCaseExecutor.java:433)
	at com.kms.katalon.core.main.TestCaseExecutor.processExecutionPhase(TestCaseExecutor.java:412)
	at com.kms.katalon.core.main.TestCaseExecutor.accessMainPhase(TestCaseExecutor.java:404)
	at com.kms.katalon.core.main.TestCaseExecutor.execute(TestCaseExecutor.java:281)
	at com.kms.katalon.core.main.TestSuiteExecutor.accessTestCaseMainPhase(TestSuiteExecutor.java:202)
	at com.kms.katalon.core.main.TestSuiteExecutor.accessTestSuiteMainPhase(TestSuiteExecutor.java:164)
	at com.kms.katalon.core.main.TestSuiteExecutor.execute(TestSuiteExecutor.java:105)
	at com.kms.katalon.core.main.TestCaseMain.startTestSuite(TestCaseMain.java:181)
	at com.kms.katalon.core.main.TestCaseMain$startTestSuite$0.call(Unknown Source)
	at TempTestSuite1648100878643.run(TempTestSuite1648100878643.groovy:36)
)

2022-03-24 12:50:44 - [TEST_STEP][FAILED] - verifyElementPropertyValue(order, "GetDataOrderResponse.ListDataOrder[0].InsuranceData[4].Adm", o_adm_4, CONTINUE_ON_FAILURE): Unable to verify element property value (Root cause: java.lang.NullPointerException: Cannot get property 'Adm' on null object
	at Script1.run(Script1.groovy:1)
	at com.kms.katalon.core.webservice.helper.WebServiceCommonHelper.parseAndGetPropertyValueForJson(WebServiceCommonHelper.java:213)
	at com.kms.katalon.core.webservice.keyword.builtin.VerifyElementPropertyValueKeyword$_verifyElementPropertyValue_closure1.doCall(VerifyElementPropertyValueKeyword.groovy:52)
	at com.kms.katalon.core.webservice.keyword.builtin.VerifyElementPropertyValueKeyword$_verifyElementPropertyValue_closure1.call(VerifyElementPropertyValueKeyword.groovy)
	at com.kms.katalon.core.keyword.internal.KeywordMain.runKeyword(KeywordMain.groovy:74)
	at com.kms.katalon.core.webservice.keyword.builtin.VerifyElementPropertyValueKeyword.verifyElementPropertyValue(VerifyElementPropertyValueKeyword.groovy:48)
	at com.kms.katalon.core.webservice.keyword.builtin.VerifyElementPropertyValueKeyword.execute(VerifyElementPropertyValueKeyword.groovy:43)
	at com.kms.katalon.core.keyword.internal.KeywordExecutor.executeKeywordForPlatform(KeywordExecutor.groovy:74)
	at com.kms.katalon.core.webservice.keyword.WSBuiltInKeywords.verifyElementPropertyValue(WSBuiltInKeywords.groovy:175)
	at com.kms.katalon.core.webservice.keyword.WSBuiltInKeywords$verifyElementPropertyValue$0.call(Unknown Source)
	at 1. get token - data order.run(1. get token - data order:776)
	at com.kms.katalon.core.main.ScriptEngine.run(ScriptEngine.java:194)
	at com.kms.katalon.core.main.ScriptEngine.runScriptAsRawText(ScriptEngine.java:119)
	at com.kms.katalon.core.main.TestCaseExecutor.runScript(TestCaseExecutor.java:442)
	at com.kms.katalon.core.main.TestCaseExecutor.doExecute(TestCaseExecutor.java:433)
	at com.kms.katalon.core.main.TestCaseExecutor.processExecutionPhase(TestCaseExecutor.java:412)
	at com.kms.katalon.core.main.TestCaseExecutor.accessMainPhase(TestCaseExecutor.java:404)
	at com.kms.katalon.core.main.TestCaseExecutor.execute(TestCaseExecutor.java:281)
	at com.kms.katalon.core.main.TestSuiteExecutor.accessTestCaseMainPhase(TestSuiteExecutor.java:202)
	at com.kms.katalon.core.main.TestSuiteExecutor.accessTestSuiteMainPhase(TestSuiteExecutor.java:164)
	at com.kms.katalon.core.main.TestSuiteExecutor.execute(TestSuiteExecutor.java:105)
	at com.kms.katalon.core.main.TestCaseMain.startTestSuite(TestCaseMain.java:181)
	at com.kms.katalon.core.main.TestCaseMain$startTestSuite$0.call(Unknown Source)
	at TempTestSuite1648100878643.run(TempTestSuite1648100878643.groovy:36)
)

2022-03-24 12:50:44 - [MESSAGE][FAILED] - Unable to verify element property value (Root cause: java.lang.NullPointerException: Cannot get property 'Adm' on null object
	at Script1.run(Script1.groovy:1)
	at com.kms.katalon.core.webservice.helper.WebServiceCommonHelper.parseAndGetPropertyValueForJson(WebServiceCommonHelper.java:213)
	at com.kms.katalon.core.webservice.keyword.builtin.VerifyElementPropertyValueKeyword$_verifyElementPropertyValue_closure1.doCall(VerifyElementPropertyValueKeyword.groovy:52)
	at com.kms.katalon.core.webservice.keyword.builtin.VerifyElementPropertyValueKeyword$_verifyElementPropertyValue_closure1.call(VerifyElementPropertyValueKeyword.groovy)
	at com.kms.katalon.core.keyword.internal.KeywordMain.runKeyword(KeywordMain.groovy:74)
	at com.kms.katalon.core.webservice.keyword.builtin.VerifyElementPropertyValueKeyword.verifyElementPropertyValue(VerifyElementPropertyValueKeyword.groovy:48)
	at com.kms.katalon.core.webservice.keyword.builtin.VerifyElementPropertyValueKeyword.execute(VerifyElementPropertyValueKeyword.groovy:43)
	at com.kms.katalon.core.keyword.internal.KeywordExecutor.executeKeywordForPlatform(KeywordExecutor.groovy:74)
	at com.kms.katalon.core.webservice.keyword.WSBuiltInKeywords.verifyElementPropertyValue(WSBuiltInKeywords.groovy:175)
	at com.kms.katalon.core.webservice.keyword.WSBuiltInKeywords$verifyElementPropertyValue$0.call(Unknown Source)
	at 1. get token - data order.run(1. get token - data order:776)
	at com.kms.katalon.core.main.ScriptEngine.run(ScriptEngine.java:194)
	at com.kms.katalon.core.main.ScriptEngine.runScriptAsRawText(ScriptEngine.java:119)
	at com.kms.katalon.core.main.TestCaseExecutor.runScript(TestCaseExecutor.java:442)
	at com.kms.katalon.core.main.TestCaseExecutor.doExecute(TestCaseExecutor.java:433)
	at com.kms.katalon.core.main.TestCaseExecutor.processExecutionPhase(TestCaseExecutor.java:412)
	at com.kms.katalon.core.main.TestCaseExecutor.accessMainPhase(TestCaseExecutor.java:404)
	at com.kms.katalon.core.main.TestCaseExecutor.execute(TestCaseExecutor.java:281)
	at com.kms.katalon.core.main.TestSuiteExecutor.accessTestCaseMainPhase(TestSuiteExecutor.java:202)
	at com.kms.katalon.core.main.TestSuiteExecutor.accessTestSuiteMainPhase(TestSuiteExecutor.java:164)
	at com.kms.katalon.core.main.TestSuiteExecutor.execute(TestSuiteExecutor.java:105)
	at com.kms.katalon.core.main.TestCaseMain.startTestSuite(TestCaseMain.java:181)
	at com.kms.katalon.core.main.TestCaseMain$startTestSuite$0.call(Unknown Source)
	at TempTestSuite1648100878643.run(TempTestSuite1648100878643.groovy:36)
)

2022-03-24 12:50:44 - [TEST_STEP][FAILED] - verifyElementPropertyValue(order, "GetDataOrderResponse.ListDataOrder[0].InsuranceData[4].NetPremi", o_netpremi_4, CONTINUE_ON_FAILURE): Unable to verify element property value (Root cause: java.lang.NullPointerException: Cannot get property 'NetPremi' on null object
	at Script1.run(Script1.groovy:1)
	at com.kms.katalon.core.webservice.helper.WebServiceCommonHelper.parseAndGetPropertyValueForJson(WebServiceCommonHelper.java:213)
	at com.kms.katalon.core.webservice.keyword.builtin.VerifyElementPropertyValueKeyword$_verifyElementPropertyValue_closure1.doCall(VerifyElementPropertyValueKeyword.groovy:52)
	at com.kms.katalon.core.webservice.keyword.builtin.VerifyElementPropertyValueKeyword$_verifyElementPropertyValue_closure1.call(VerifyElementPropertyValueKeyword.groovy)
	at com.kms.katalon.core.keyword.internal.KeywordMain.runKeyword(KeywordMain.groovy:74)
	at com.kms.katalon.core.webservice.keyword.builtin.VerifyElementPropertyValueKeyword.verifyElementPropertyValue(VerifyElementPropertyValueKeyword.groovy:48)
	at com.kms.katalon.core.webservice.keyword.builtin.VerifyElementPropertyValueKeyword.execute(VerifyElementPropertyValueKeyword.groovy:43)
	at com.kms.katalon.core.keyword.internal.KeywordExecutor.executeKeywordForPlatform(KeywordExecutor.groovy:74)
	at com.kms.katalon.core.webservice.keyword.WSBuiltInKeywords.verifyElementPropertyValue(WSBuiltInKeywords.groovy:175)
	at com.kms.katalon.core.webservice.keyword.WSBuiltInKeywords$verifyElementPropertyValue$0.call(Unknown Source)
	at 1. get token - data order.run(1. get token - data order:778)
	at com.kms.katalon.core.main.ScriptEngine.run(ScriptEngine.java:194)
	at com.kms.katalon.core.main.ScriptEngine.runScriptAsRawText(ScriptEngine.java:119)
	at com.kms.katalon.core.main.TestCaseExecutor.runScript(TestCaseExecutor.java:442)
	at com.kms.katalon.core.main.TestCaseExecutor.doExecute(TestCaseExecutor.java:433)
	at com.kms.katalon.core.main.TestCaseExecutor.processExecutionPhase(TestCaseExecutor.java:412)
	at com.kms.katalon.core.main.TestCaseExecutor.accessMainPhase(TestCaseExecutor.java:404)
	at com.kms.katalon.core.main.TestCaseExecutor.execute(TestCaseExecutor.java:281)
	at com.kms.katalon.core.main.TestSuiteExecutor.accessTestCaseMainPhase(TestSuiteExecutor.java:202)
	at com.kms.katalon.core.main.TestSuiteExecutor.accessTestSuiteMainPhase(TestSuiteExecutor.java:164)
	at com.kms.katalon.core.main.TestSuiteExecutor.execute(TestSuiteExecutor.java:105)
	at com.kms.katalon.core.main.TestCaseMain.startTestSuite(TestCaseMain.java:181)
	at com.kms.katalon.core.main.TestCaseMain$startTestSuite$0.call(Unknown Source)
	at TempTestSuite1648100878643.run(TempTestSuite1648100878643.groovy:36)
)

2022-03-24 12:50:44 - [MESSAGE][FAILED] - Unable to verify element property value (Root cause: java.lang.NullPointerException: Cannot get property 'NetPremi' on null object
	at Script1.run(Script1.groovy:1)
	at com.kms.katalon.core.webservice.helper.WebServiceCommonHelper.parseAndGetPropertyValueForJson(WebServiceCommonHelper.java:213)
	at com.kms.katalon.core.webservice.keyword.builtin.VerifyElementPropertyValueKeyword$_verifyElementPropertyValue_closure1.doCall(VerifyElementPropertyValueKeyword.groovy:52)
	at com.kms.katalon.core.webservice.keyword.builtin.VerifyElementPropertyValueKeyword$_verifyElementPropertyValue_closure1.call(VerifyElementPropertyValueKeyword.groovy)
	at com.kms.katalon.core.keyword.internal.KeywordMain.runKeyword(KeywordMain.groovy:74)
	at com.kms.katalon.core.webservice.keyword.builtin.VerifyElementPropertyValueKeyword.verifyElementPropertyValue(VerifyElementPropertyValueKeyword.groovy:48)
	at com.kms.katalon.core.webservice.keyword.builtin.VerifyElementPropertyValueKeyword.execute(VerifyElementPropertyValueKeyword.groovy:43)
	at com.kms.katalon.core.keyword.internal.KeywordExecutor.executeKeywordForPlatform(KeywordExecutor.groovy:74)
	at com.kms.katalon.core.webservice.keyword.WSBuiltInKeywords.verifyElementPropertyValue(WSBuiltInKeywords.groovy:175)
	at com.kms.katalon.core.webservice.keyword.WSBuiltInKeywords$verifyElementPropertyValue$0.call(Unknown Source)
	at 1. get token - data order.run(1. get token - data order:778)
	at com.kms.katalon.core.main.ScriptEngine.run(ScriptEngine.java:194)
	at com.kms.katalon.core.main.ScriptEngine.runScriptAsRawText(ScriptEngine.java:119)
	at com.kms.katalon.core.main.TestCaseExecutor.runScript(TestCaseExecutor.java:442)
	at com.kms.katalon.core.main.TestCaseExecutor.doExecute(TestCaseExecutor.java:433)
	at com.kms.katalon.core.main.TestCaseExecutor.processExecutionPhase(TestCaseExecutor.java:412)
	at com.kms.katalon.core.main.TestCaseExecutor.accessMainPhase(TestCaseExecutor.java:404)
	at com.kms.katalon.core.main.TestCaseExecutor.execute(TestCaseExecutor.java:281)
	at com.kms.katalon.core.main.TestSuiteExecutor.accessTestCaseMainPhase(TestSuiteExecutor.java:202)
	at com.kms.katalon.core.main.TestSuiteExecutor.accessTestSuiteMainPhase(TestSuiteExecutor.java:164)
	at com.kms.katalon.core.main.TestSuiteExecutor.execute(TestSuiteExecutor.java:105)
	at com.kms.katalon.core.main.TestCaseMain.startTestSuite(TestCaseMain.java:181)
	at com.kms.katalon.core.main.TestCaseMain$startTestSuite$0.call(Unknown Source)
	at TempTestSuite1648100878643.run(TempTestSuite1648100878643.groovy:36)
)

2022-03-24 12:50:44 - [TEST_STEP][FAILED] - verifyElementPropertyValue(order, "GetDataOrderResponse.ListDataOrder[0].InsuranceData[4].PerluasanJaminan.TJH", o_tjh_val_4, CONTINUE_ON_FAILURE): Unable to verify element property value (Root cause: java.lang.NullPointerException: Cannot get property 'PerluasanJaminan' on null object
	at Script1.run(Script1.groovy:1)
	at com.kms.katalon.core.webservice.helper.WebServiceCommonHelper.parseAndGetPropertyValueForJson(WebServiceCommonHelper.java:213)
	at com.kms.katalon.core.webservice.keyword.builtin.VerifyElementPropertyValueKeyword$_verifyElementPropertyValue_closure1.doCall(VerifyElementPropertyValueKeyword.groovy:52)
	at com.kms.katalon.core.webservice.keyword.builtin.VerifyElementPropertyValueKeyword$_verifyElementPropertyValue_closure1.call(VerifyElementPropertyValueKeyword.groovy)
	at com.kms.katalon.core.keyword.internal.KeywordMain.runKeyword(KeywordMain.groovy:74)
	at com.kms.katalon.core.webservice.keyword.builtin.VerifyElementPropertyValueKeyword.verifyElementPropertyValue(VerifyElementPropertyValueKeyword.groovy:48)
	at com.kms.katalon.core.webservice.keyword.builtin.VerifyElementPropertyValueKeyword.execute(VerifyElementPropertyValueKeyword.groovy:43)
	at com.kms.katalon.core.keyword.internal.KeywordExecutor.executeKeywordForPlatform(KeywordExecutor.groovy:74)
	at com.kms.katalon.core.webservice.keyword.WSBuiltInKeywords.verifyElementPropertyValue(WSBuiltInKeywords.groovy:175)
	at com.kms.katalon.core.webservice.keyword.WSBuiltInKeywords$verifyElementPropertyValue$0.call(Unknown Source)
	at 1. get token - data order.run(1. get token - data order:781)
	at com.kms.katalon.core.main.ScriptEngine.run(ScriptEngine.java:194)
	at com.kms.katalon.core.main.ScriptEngine.runScriptAsRawText(ScriptEngine.java:119)
	at com.kms.katalon.core.main.TestCaseExecutor.runScript(TestCaseExecutor.java:442)
	at com.kms.katalon.core.main.TestCaseExecutor.doExecute(TestCaseExecutor.java:433)
	at com.kms.katalon.core.main.TestCaseExecutor.processExecutionPhase(TestCaseExecutor.java:412)
	at com.kms.katalon.core.main.TestCaseExecutor.accessMainPhase(TestCaseExecutor.java:404)
	at com.kms.katalon.core.main.TestCaseExecutor.execute(TestCaseExecutor.java:281)
	at com.kms.katalon.core.main.TestSuiteExecutor.accessTestCaseMainPhase(TestSuiteExecutor.java:202)
	at com.kms.katalon.core.main.TestSuiteExecutor.accessTestSuiteMainPhase(TestSuiteExecutor.java:164)
	at com.kms.katalon.core.main.TestSuiteExecutor.execute(TestSuiteExecutor.java:105)
	at com.kms.katalon.core.main.TestCaseMain.startTestSuite(TestCaseMain.java:181)
	at com.kms.katalon.core.main.TestCaseMain$startTestSuite$0.call(Unknown Source)
	at TempTestSuite1648100878643.run(TempTestSuite1648100878643.groovy:36)
)

2022-03-24 12:50:44 - [MESSAGE][FAILED] - Unable to verify element property value (Root cause: java.lang.NullPointerException: Cannot get property 'PerluasanJaminan' on null object
	at Script1.run(Script1.groovy:1)
	at com.kms.katalon.core.webservice.helper.WebServiceCommonHelper.parseAndGetPropertyValueForJson(WebServiceCommonHelper.java:213)
	at com.kms.katalon.core.webservice.keyword.builtin.VerifyElementPropertyValueKeyword$_verifyElementPropertyValue_closure1.doCall(VerifyElementPropertyValueKeyword.groovy:52)
	at com.kms.katalon.core.webservice.keyword.builtin.VerifyElementPropertyValueKeyword$_verifyElementPropertyValue_closure1.call(VerifyElementPropertyValueKeyword.groovy)
	at com.kms.katalon.core.keyword.internal.KeywordMain.runKeyword(KeywordMain.groovy:74)
	at com.kms.katalon.core.webservice.keyword.builtin.VerifyElementPropertyValueKeyword.verifyElementPropertyValue(VerifyElementPropertyValueKeyword.groovy:48)
	at com.kms.katalon.core.webservice.keyword.builtin.VerifyElementPropertyValueKeyword.execute(VerifyElementPropertyValueKeyword.groovy:43)
	at com.kms.katalon.core.keyword.internal.KeywordExecutor.executeKeywordForPlatform(KeywordExecutor.groovy:74)
	at com.kms.katalon.core.webservice.keyword.WSBuiltInKeywords.verifyElementPropertyValue(WSBuiltInKeywords.groovy:175)
	at com.kms.katalon.core.webservice.keyword.WSBuiltInKeywords$verifyElementPropertyValue$0.call(Unknown Source)
	at 1. get token - data order.run(1. get token - data order:781)
	at com.kms.katalon.core.main.ScriptEngine.run(ScriptEngine.java:194)
	at com.kms.katalon.core.main.ScriptEngine.runScriptAsRawText(ScriptEngine.java:119)
	at com.kms.katalon.core.main.TestCaseExecutor.runScript(TestCaseExecutor.java:442)
	at com.kms.katalon.core.main.TestCaseExecutor.doExecute(TestCaseExecutor.java:433)
	at com.kms.katalon.core.main.TestCaseExecutor.processExecutionPhase(TestCaseExecutor.java:412)
	at com.kms.katalon.core.main.TestCaseExecutor.accessMainPhase(TestCaseExecutor.java:404)
	at com.kms.katalon.core.main.TestCaseExecutor.execute(TestCaseExecutor.java:281)
	at com.kms.katalon.core.main.TestSuiteExecutor.accessTestCaseMainPhase(TestSuiteExecutor.java:202)
	at com.kms.katalon.core.main.TestSuiteExecutor.accessTestSuiteMainPhase(TestSuiteExecutor.java:164)
	at com.kms.katalon.core.main.TestSuiteExecutor.execute(TestSuiteExecutor.java:105)
	at com.kms.katalon.core.main.TestCaseMain.startTestSuite(TestCaseMain.java:181)
	at com.kms.katalon.core.main.TestCaseMain$startTestSuite$0.call(Unknown Source)
	at TempTestSuite1648100878643.run(TempTestSuite1648100878643.groovy:36)
)

2022-03-24 12:50:44 - [TEST_STEP][FAILED] - verifyElementPropertyValue(order, "GetDataOrderResponse.ListDataOrder[0].InsuranceData[4].PerluasanJaminan.RSCC", o_rscc_val_4, CONTINUE_ON_FAILURE): Unable to verify element property value (Root cause: java.lang.NullPointerException: Cannot get property 'PerluasanJaminan' on null object
	at Script1.run(Script1.groovy:1)
	at com.kms.katalon.core.webservice.helper.WebServiceCommonHelper.parseAndGetPropertyValueForJson(WebServiceCommonHelper.java:213)
	at com.kms.katalon.core.webservice.keyword.builtin.VerifyElementPropertyValueKeyword$_verifyElementPropertyValue_closure1.doCall(VerifyElementPropertyValueKeyword.groovy:52)
	at com.kms.katalon.core.webservice.keyword.builtin.VerifyElementPropertyValueKeyword$_verifyElementPropertyValue_closure1.call(VerifyElementPropertyValueKeyword.groovy)
	at com.kms.katalon.core.keyword.internal.KeywordMain.runKeyword(KeywordMain.groovy:74)
	at com.kms.katalon.core.webservice.keyword.builtin.VerifyElementPropertyValueKeyword.verifyElementPropertyValue(VerifyElementPropertyValueKeyword.groovy:48)
	at com.kms.katalon.core.webservice.keyword.builtin.VerifyElementPropertyValueKeyword.execute(VerifyElementPropertyValueKeyword.groovy:43)
	at com.kms.katalon.core.keyword.internal.KeywordExecutor.executeKeywordForPlatform(KeywordExecutor.groovy:74)
	at com.kms.katalon.core.webservice.keyword.WSBuiltInKeywords.verifyElementPropertyValue(WSBuiltInKeywords.groovy:175)
	at com.kms.katalon.core.webservice.keyword.WSBuiltInKeywords$verifyElementPropertyValue$0.call(Unknown Source)
	at 1. get token - data order.run(1. get token - data order:784)
	at com.kms.katalon.core.main.ScriptEngine.run(ScriptEngine.java:194)
	at com.kms.katalon.core.main.ScriptEngine.runScriptAsRawText(ScriptEngine.java:119)
	at com.kms.katalon.core.main.TestCaseExecutor.runScript(TestCaseExecutor.java:442)
	at com.kms.katalon.core.main.TestCaseExecutor.doExecute(TestCaseExecutor.java:433)
	at com.kms.katalon.core.main.TestCaseExecutor.processExecutionPhase(TestCaseExecutor.java:412)
	at com.kms.katalon.core.main.TestCaseExecutor.accessMainPhase(TestCaseExecutor.java:404)
	at com.kms.katalon.core.main.TestCaseExecutor.execute(TestCaseExecutor.java:281)
	at com.kms.katalon.core.main.TestSuiteExecutor.accessTestCaseMainPhase(TestSuiteExecutor.java:202)
	at com.kms.katalon.core.main.TestSuiteExecutor.accessTestSuiteMainPhase(TestSuiteExecutor.java:164)
	at com.kms.katalon.core.main.TestSuiteExecutor.execute(TestSuiteExecutor.java:105)
	at com.kms.katalon.core.main.TestCaseMain.startTestSuite(TestCaseMain.java:181)
	at com.kms.katalon.core.main.TestCaseMain$startTestSuite$0.call(Unknown Source)
	at TempTestSuite1648100878643.run(TempTestSuite1648100878643.groovy:36)
)

2022-03-24 12:50:44 - [MESSAGE][FAILED] - Unable to verify element property value (Root cause: java.lang.NullPointerException: Cannot get property 'PerluasanJaminan' on null object
	at Script1.run(Script1.groovy:1)
	at com.kms.katalon.core.webservice.helper.WebServiceCommonHelper.parseAndGetPropertyValueForJson(WebServiceCommonHelper.java:213)
	at com.kms.katalon.core.webservice.keyword.builtin.VerifyElementPropertyValueKeyword$_verifyElementPropertyValue_closure1.doCall(VerifyElementPropertyValueKeyword.groovy:52)
	at com.kms.katalon.core.webservice.keyword.builtin.VerifyElementPropertyValueKeyword$_verifyElementPropertyValue_closure1.call(VerifyElementPropertyValueKeyword.groovy)
	at com.kms.katalon.core.keyword.internal.KeywordMain.runKeyword(KeywordMain.groovy:74)
	at com.kms.katalon.core.webservice.keyword.builtin.VerifyElementPropertyValueKeyword.verifyElementPropertyValue(VerifyElementPropertyValueKeyword.groovy:48)
	at com.kms.katalon.core.webservice.keyword.builtin.VerifyElementPropertyValueKeyword.execute(VerifyElementPropertyValueKeyword.groovy:43)
	at com.kms.katalon.core.keyword.internal.KeywordExecutor.executeKeywordForPlatform(KeywordExecutor.groovy:74)
	at com.kms.katalon.core.webservice.keyword.WSBuiltInKeywords.verifyElementPropertyValue(WSBuiltInKeywords.groovy:175)
	at com.kms.katalon.core.webservice.keyword.WSBuiltInKeywords$verifyElementPropertyValue$0.call(Unknown Source)
	at 1. get token - data order.run(1. get token - data order:784)
	at com.kms.katalon.core.main.ScriptEngine.run(ScriptEngine.java:194)
	at com.kms.katalon.core.main.ScriptEngine.runScriptAsRawText(ScriptEngine.java:119)
	at com.kms.katalon.core.main.TestCaseExecutor.runScript(TestCaseExecutor.java:442)
	at com.kms.katalon.core.main.TestCaseExecutor.doExecute(TestCaseExecutor.java:433)
	at com.kms.katalon.core.main.TestCaseExecutor.processExecutionPhase(TestCaseExecutor.java:412)
	at com.kms.katalon.core.main.TestCaseExecutor.accessMainPhase(TestCaseExecutor.java:404)
	at com.kms.katalon.core.main.TestCaseExecutor.execute(TestCaseExecutor.java:281)
	at com.kms.katalon.core.main.TestSuiteExecutor.accessTestCaseMainPhase(TestSuiteExecutor.java:202)
	at com.kms.katalon.core.main.TestSuiteExecutor.accessTestSuiteMainPhase(TestSuiteExecutor.java:164)
	at com.kms.katalon.core.main.TestSuiteExecutor.execute(TestSuiteExecutor.java:105)
	at com.kms.katalon.core.main.TestCaseMain.startTestSuite(TestCaseMain.java:181)
	at com.kms.katalon.core.main.TestCaseMain$startTestSuite$0.call(Unknown Source)
	at TempTestSuite1648100878643.run(TempTestSuite1648100878643.groovy:36)
)

2022-03-24 12:50:44 - [TEST_STEP][FAILED] - verifyElementPropertyValue(order, "GetDataOrderResponse.ListDataOrder[0].InsuranceData[4].PerluasanJaminan.Banjir", o_rsmb_val_4, CONTINUE_ON_FAILURE): Unable to verify element property value (Root cause: java.lang.NullPointerException: Cannot get property 'PerluasanJaminan' on null object
	at Script1.run(Script1.groovy:1)
	at com.kms.katalon.core.webservice.helper.WebServiceCommonHelper.parseAndGetPropertyValueForJson(WebServiceCommonHelper.java:213)
	at com.kms.katalon.core.webservice.keyword.builtin.VerifyElementPropertyValueKeyword$_verifyElementPropertyValue_closure1.doCall(VerifyElementPropertyValueKeyword.groovy:52)
	at com.kms.katalon.core.webservice.keyword.builtin.VerifyElementPropertyValueKeyword$_verifyElementPropertyValue_closure1.call(VerifyElementPropertyValueKeyword.groovy)
	at com.kms.katalon.core.keyword.internal.KeywordMain.runKeyword(KeywordMain.groovy:74)
	at com.kms.katalon.core.webservice.keyword.builtin.VerifyElementPropertyValueKeyword.verifyElementPropertyValue(VerifyElementPropertyValueKeyword.groovy:48)
	at com.kms.katalon.core.webservice.keyword.builtin.VerifyElementPropertyValueKeyword.execute(VerifyElementPropertyValueKeyword.groovy:43)
	at com.kms.katalon.core.keyword.internal.KeywordExecutor.executeKeywordForPlatform(KeywordExecutor.groovy:74)
	at com.kms.katalon.core.webservice.keyword.WSBuiltInKeywords.verifyElementPropertyValue(WSBuiltInKeywords.groovy:175)
	at com.kms.katalon.core.webservice.keyword.WSBuiltInKeywords$verifyElementPropertyValue$0.call(Unknown Source)
	at 1. get token - data order.run(1. get token - data order:787)
	at com.kms.katalon.core.main.ScriptEngine.run(ScriptEngine.java:194)
	at com.kms.katalon.core.main.ScriptEngine.runScriptAsRawText(ScriptEngine.java:119)
	at com.kms.katalon.core.main.TestCaseExecutor.runScript(TestCaseExecutor.java:442)
	at com.kms.katalon.core.main.TestCaseExecutor.doExecute(TestCaseExecutor.java:433)
	at com.kms.katalon.core.main.TestCaseExecutor.processExecutionPhase(TestCaseExecutor.java:412)
	at com.kms.katalon.core.main.TestCaseExecutor.accessMainPhase(TestCaseExecutor.java:404)
	at com.kms.katalon.core.main.TestCaseExecutor.execute(TestCaseExecutor.java:281)
	at com.kms.katalon.core.main.TestSuiteExecutor.accessTestCaseMainPhase(TestSuiteExecutor.java:202)
	at com.kms.katalon.core.main.TestSuiteExecutor.accessTestSuiteMainPhase(TestSuiteExecutor.java:164)
	at com.kms.katalon.core.main.TestSuiteExecutor.execute(TestSuiteExecutor.java:105)
	at com.kms.katalon.core.main.TestCaseMain.startTestSuite(TestCaseMain.java:181)
	at com.kms.katalon.core.main.TestCaseMain$startTestSuite$0.call(Unknown Source)
	at TempTestSuite1648100878643.run(TempTestSuite1648100878643.groovy:36)
)

2022-03-24 12:50:44 - [MESSAGE][FAILED] - Unable to verify element property value (Root cause: java.lang.NullPointerException: Cannot get property 'PerluasanJaminan' on null object
	at Script1.run(Script1.groovy:1)
	at com.kms.katalon.core.webservice.helper.WebServiceCommonHelper.parseAndGetPropertyValueForJson(WebServiceCommonHelper.java:213)
	at com.kms.katalon.core.webservice.keyword.builtin.VerifyElementPropertyValueKeyword$_verifyElementPropertyValue_closure1.doCall(VerifyElementPropertyValueKeyword.groovy:52)
	at com.kms.katalon.core.webservice.keyword.builtin.VerifyElementPropertyValueKeyword$_verifyElementPropertyValue_closure1.call(VerifyElementPropertyValueKeyword.groovy)
	at com.kms.katalon.core.keyword.internal.KeywordMain.runKeyword(KeywordMain.groovy:74)
	at com.kms.katalon.core.webservice.keyword.builtin.VerifyElementPropertyValueKeyword.verifyElementPropertyValue(VerifyElementPropertyValueKeyword.groovy:48)
	at com.kms.katalon.core.webservice.keyword.builtin.VerifyElementPropertyValueKeyword.execute(VerifyElementPropertyValueKeyword.groovy:43)
	at com.kms.katalon.core.keyword.internal.KeywordExecutor.executeKeywordForPlatform(KeywordExecutor.groovy:74)
	at com.kms.katalon.core.webservice.keyword.WSBuiltInKeywords.verifyElementPropertyValue(WSBuiltInKeywords.groovy:175)
	at com.kms.katalon.core.webservice.keyword.WSBuiltInKeywords$verifyElementPropertyValue$0.call(Unknown Source)
	at 1. get token - data order.run(1. get token - data order:787)
	at com.kms.katalon.core.main.ScriptEngine.run(ScriptEngine.java:194)
	at com.kms.katalon.core.main.ScriptEngine.runScriptAsRawText(ScriptEngine.java:119)
	at com.kms.katalon.core.main.TestCaseExecutor.runScript(TestCaseExecutor.java:442)
	at com.kms.katalon.core.main.TestCaseExecutor.doExecute(TestCaseExecutor.java:433)
	at com.kms.katalon.core.main.TestCaseExecutor.processExecutionPhase(TestCaseExecutor.java:412)
	at com.kms.katalon.core.main.TestCaseExecutor.accessMainPhase(TestCaseExecutor.java:404)
	at com.kms.katalon.core.main.TestCaseExecutor.execute(TestCaseExecutor.java:281)
	at com.kms.katalon.core.main.TestSuiteExecutor.accessTestCaseMainPhase(TestSuiteExecutor.java:202)
	at com.kms.katalon.core.main.TestSuiteExecutor.accessTestSuiteMainPhase(TestSuiteExecutor.java:164)
	at com.kms.katalon.core.main.TestSuiteExecutor.execute(TestSuiteExecutor.java:105)
	at com.kms.katalon.core.main.TestCaseMain.startTestSuite(TestCaseMain.java:181)
	at com.kms.katalon.core.main.TestCaseMain$startTestSuite$0.call(Unknown Source)
	at TempTestSuite1648100878643.run(TempTestSuite1648100878643.groovy:36)
)

2022-03-24 12:50:44 - [TEST_STEP][FAILED] - verifyElementPropertyValue(order, "GetDataOrderResponse.ListDataOrder[0].InsuranceData[4].PerluasanJaminan.Accessories", o_acc_val_4, CONTINUE_ON_FAILURE): Unable to verify element property value (Root cause: java.lang.NullPointerException: Cannot get property 'PerluasanJaminan' on null object
	at Script1.run(Script1.groovy:1)
	at com.kms.katalon.core.webservice.helper.WebServiceCommonHelper.parseAndGetPropertyValueForJson(WebServiceCommonHelper.java:213)
	at com.kms.katalon.core.webservice.keyword.builtin.VerifyElementPropertyValueKeyword$_verifyElementPropertyValue_closure1.doCall(VerifyElementPropertyValueKeyword.groovy:52)
	at com.kms.katalon.core.webservice.keyword.builtin.VerifyElementPropertyValueKeyword$_verifyElementPropertyValue_closure1.call(VerifyElementPropertyValueKeyword.groovy)
	at com.kms.katalon.core.keyword.internal.KeywordMain.runKeyword(KeywordMain.groovy:74)
	at com.kms.katalon.core.webservice.keyword.builtin.VerifyElementPropertyValueKeyword.verifyElementPropertyValue(VerifyElementPropertyValueKeyword.groovy:48)
	at com.kms.katalon.core.webservice.keyword.builtin.VerifyElementPropertyValueKeyword.execute(VerifyElementPropertyValueKeyword.groovy:43)
	at com.kms.katalon.core.keyword.internal.KeywordExecutor.executeKeywordForPlatform(KeywordExecutor.groovy:74)
	at com.kms.katalon.core.webservice.keyword.WSBuiltInKeywords.verifyElementPropertyValue(WSBuiltInKeywords.groovy:175)
	at com.kms.katalon.core.webservice.keyword.WSBuiltInKeywords$verifyElementPropertyValue$0.call(Unknown Source)
	at 1. get token - data order.run(1. get token - data order:790)
	at com.kms.katalon.core.main.ScriptEngine.run(ScriptEngine.java:194)
	at com.kms.katalon.core.main.ScriptEngine.runScriptAsRawText(ScriptEngine.java:119)
	at com.kms.katalon.core.main.TestCaseExecutor.runScript(TestCaseExecutor.java:442)
	at com.kms.katalon.core.main.TestCaseExecutor.doExecute(TestCaseExecutor.java:433)
	at com.kms.katalon.core.main.TestCaseExecutor.processExecutionPhase(TestCaseExecutor.java:412)
	at com.kms.katalon.core.main.TestCaseExecutor.accessMainPhase(TestCaseExecutor.java:404)
	at com.kms.katalon.core.main.TestCaseExecutor.execute(TestCaseExecutor.java:281)
	at com.kms.katalon.core.main.TestSuiteExecutor.accessTestCaseMainPhase(TestSuiteExecutor.java:202)
	at com.kms.katalon.core.main.TestSuiteExecutor.accessTestSuiteMainPhase(TestSuiteExecutor.java:164)
	at com.kms.katalon.core.main.TestSuiteExecutor.execute(TestSuiteExecutor.java:105)
	at com.kms.katalon.core.main.TestCaseMain.startTestSuite(TestCaseMain.java:181)
	at com.kms.katalon.core.main.TestCaseMain$startTestSuite$0.call(Unknown Source)
	at TempTestSuite1648100878643.run(TempTestSuite1648100878643.groovy:36)
)

2022-03-24 12:50:44 - [MESSAGE][FAILED] - Unable to verify element property value (Root cause: java.lang.NullPointerException: Cannot get property 'PerluasanJaminan' on null object
	at Script1.run(Script1.groovy:1)
	at com.kms.katalon.core.webservice.helper.WebServiceCommonHelper.parseAndGetPropertyValueForJson(WebServiceCommonHelper.java:213)
	at com.kms.katalon.core.webservice.keyword.builtin.VerifyElementPropertyValueKeyword$_verifyElementPropertyValue_closure1.doCall(VerifyElementPropertyValueKeyword.groovy:52)
	at com.kms.katalon.core.webservice.keyword.builtin.VerifyElementPropertyValueKeyword$_verifyElementPropertyValue_closure1.call(VerifyElementPropertyValueKeyword.groovy)
	at com.kms.katalon.core.keyword.internal.KeywordMain.runKeyword(KeywordMain.groovy:74)
	at com.kms.katalon.core.webservice.keyword.builtin.VerifyElementPropertyValueKeyword.verifyElementPropertyValue(VerifyElementPropertyValueKeyword.groovy:48)
	at com.kms.katalon.core.webservice.keyword.builtin.VerifyElementPropertyValueKeyword.execute(VerifyElementPropertyValueKeyword.groovy:43)
	at com.kms.katalon.core.keyword.internal.KeywordExecutor.executeKeywordForPlatform(KeywordExecutor.groovy:74)
	at com.kms.katalon.core.webservice.keyword.WSBuiltInKeywords.verifyElementPropertyValue(WSBuiltInKeywords.groovy:175)
	at com.kms.katalon.core.webservice.keyword.WSBuiltInKeywords$verifyElementPropertyValue$0.call(Unknown Source)
	at 1. get token - data order.run(1. get token - data order:790)
	at com.kms.katalon.core.main.ScriptEngine.run(ScriptEngine.java:194)
	at com.kms.katalon.core.main.ScriptEngine.runScriptAsRawText(ScriptEngine.java:119)
	at com.kms.katalon.core.main.TestCaseExecutor.runScript(TestCaseExecutor.java:442)
	at com.kms.katalon.core.main.TestCaseExecutor.doExecute(TestCaseExecutor.java:433)
	at com.kms.katalon.core.main.TestCaseExecutor.processExecutionPhase(TestCaseExecutor.java:412)
	at com.kms.katalon.core.main.TestCaseExecutor.accessMainPhase(TestCaseExecutor.java:404)
	at com.kms.katalon.core.main.TestCaseExecutor.execute(TestCaseExecutor.java:281)
	at com.kms.katalon.core.main.TestSuiteExecutor.accessTestCaseMainPhase(TestSuiteExecutor.java:202)
	at com.kms.katalon.core.main.TestSuiteExecutor.accessTestSuiteMainPhase(TestSuiteExecutor.java:164)
	at com.kms.katalon.core.main.TestSuiteExecutor.execute(TestSuiteExecutor.java:105)
	at com.kms.katalon.core.main.TestCaseMain.startTestSuite(TestCaseMain.java:181)
	at com.kms.katalon.core.main.TestCaseMain$startTestSuite$0.call(Unknown Source)
	at TempTestSuite1648100878643.run(TempTestSuite1648100878643.groovy:36)
)

2022-03-24 12:50:44 - [TEST_STEP][PASSED] - break: null]]></system-out>
         <system-err><![CDATA[2022-03-24 12:50:35 - [TEST_CASE][FAILED] - Test Cases/1. get token - data order: Test Cases/1. get token - data order FAILED.
Reason:
com.kms.katalon.core.exception.StepFailedException: Expected element property value '9446009990' is not equal with actual property value '1154000993'
	at com.kms.katalon.core.keyword.internal.KeywordMain.stepFailed(KeywordMain.groovy:39)
	at com.kms.katalon.core.webservice.keyword.builtin.VerifyElementPropertyValueKeyword$_verifyElementPropertyValue_closure1.doCall(VerifyElementPropertyValueKeyword.groovy:56)
	at com.kms.katalon.core.webservice.keyword.builtin.VerifyElementPropertyValueKeyword$_verifyElementPropertyValue_closure1.call(VerifyElementPropertyValueKeyword.groovy)
	at com.kms.katalon.core.keyword.internal.KeywordMain.runKeyword(KeywordMain.groovy:74)
	at com.kms.katalon.core.webservice.keyword.builtin.VerifyElementPropertyValueKeyword.verifyElementPropertyValue(VerifyElementPropertyValueKeyword.groovy:48)
	at com.kms.katalon.core.webservice.keyword.builtin.VerifyElementPropertyValueKeyword.execute(VerifyElementPropertyValueKeyword.groovy:43)
	at com.kms.katalon.core.keyword.internal.KeywordExecutor.executeKeywordForPlatform(KeywordExecutor.groovy:74)
	at com.kms.katalon.core.webservice.keyword.WSBuiltInKeywords.verifyElementPropertyValue(WSBuiltInKeywords.groovy:175)
	at com.kms.katalon.core.webservice.keyword.WSBuiltInKeywords$verifyElementPropertyValue$0.call(Unknown Source)
	at 1. get token - data order.run(1. get token - data order:54)
	at com.kms.katalon.core.main.ScriptEngine.run(ScriptEngine.java:194)
	at com.kms.katalon.core.main.ScriptEngine.runScriptAsRawText(ScriptEngine.java:119)
	at com.kms.katalon.core.main.TestCaseExecutor.runScript(TestCaseExecutor.java:442)
	at com.kms.katalon.core.main.TestCaseExecutor.doExecute(TestCaseExecutor.java:433)
	at com.kms.katalon.core.main.TestCaseExecutor.processExecutionPhase(TestCaseExecutor.java:412)
	at com.kms.katalon.core.main.TestCaseExecutor.accessMainPhase(TestCaseExecutor.java:404)
	at com.kms.katalon.core.main.TestCaseExecutor.execute(TestCaseExecutor.java:281)
	at com.kms.katalon.core.main.TestSuiteExecutor.accessTestCaseMainPhase(TestSuiteExecutor.java:202)
	at com.kms.katalon.core.main.TestSuiteExecutor.accessTestSuiteMainPhase(TestSuiteExecutor.java:164)
	at com.kms.katalon.core.main.TestSuiteExecutor.execute(TestSuiteExecutor.java:105)
	at com.kms.katalon.core.main.TestCaseMain.startTestSuite(TestCaseMain.java:181)
	at com.kms.katalon.core.main.TestCaseMain$startTestSuite$0.call(Unknown Source)
	at TempTestSuite1648100878643.run(TempTestSuite1648100878643.groovy:36)]]></system-err>
      </testcase>
      <testcase name="Test Cases/1. get token - data order" time="5.998" classname="Test Cases/1. get token - data order" status="FAILED">
         <failure type="FAILED" message="Test Cases/1. get token - data order FAILED.
Reason:
com.kms.katalon.core.exception.StepFailedException: Expected element property value '9460011955' is not equal with actual property value '1154000993'
	at com.kms.katalon.core.keyword.internal.KeywordMain.stepFailed(KeywordMain.groovy:39)
	at com.kms.katalon.core.webservice.keyword.builtin.VerifyElementPropertyValueKeyword$_verifyElementPropertyValue_closure1.doCall(VerifyElementPropertyValueKeyword.groovy:56)
	at com.kms.katalon.core.webservice.keyword.builtin.VerifyElementPropertyValueKeyword$_verifyElementPropertyValue_closure1.call(VerifyElementPropertyValueKeyword.groovy)
	at com.kms.katalon.core.keyword.internal.KeywordMain.runKeyword(KeywordMain.groovy:74)
	at com.kms.katalon.core.webservice.keyword.builtin.VerifyElementPropertyValueKeyword.verifyElementPropertyValue(VerifyElementPropertyValueKeyword.groovy:48)
	at com.kms.katalon.core.webservice.keyword.builtin.VerifyElementPropertyValueKeyword.execute(VerifyElementPropertyValueKeyword.groovy:43)
	at com.kms.katalon.core.keyword.internal.KeywordExecutor.executeKeywordForPlatform(KeywordExecutor.groovy:74)
	at com.kms.katalon.core.webservice.keyword.WSBuiltInKeywords.verifyElementPropertyValue(WSBuiltInKeywords.groovy:175)
	at com.kms.katalon.core.webservice.keyword.WSBuiltInKeywords$verifyElementPropertyValue$0.call(Unknown Source)
	at 1. get token - data order.run(1. get token - data order:54)
	at com.kms.katalon.core.main.ScriptEngine.run(ScriptEngine.java:194)
	at com.kms.katalon.core.main.ScriptEngine.runScriptAsRawText(ScriptEngine.java:119)
	at com.kms.katalon.core.main.TestCaseExecutor.runScript(TestCaseExecutor.java:442)
	at com.kms.katalon.core.main.TestCaseExecutor.doExecute(TestCaseExecutor.java:433)
	at com.kms.katalon.core.main.TestCaseExecutor.processExecutionPhase(TestCaseExecutor.java:412)
	at com.kms.katalon.core.main.TestCaseExecutor.accessMainPhase(TestCaseExecutor.java:404)
	at com.kms.katalon.core.main.TestCaseExecutor.execute(TestCaseExecutor.java:281)
	at com.kms.katalon.core.main.TestSuiteExecutor.accessTestCaseMainPhase(TestSuiteExecutor.java:202)
	at com.kms.katalon.core.main.TestSuiteExecutor.accessTestSuiteMainPhase(TestSuiteExecutor.java:164)
	at com.kms.katalon.core.main.TestSuiteExecutor.execute(TestSuiteExecutor.java:105)
	at com.kms.katalon.core.main.TestCaseMain.startTestSuite(TestCaseMain.java:181)
	at com.kms.katalon.core.main.TestCaseMain$startTestSuite$0.call(Unknown Source)
	at TempTestSuite1648100878643.run(TempTestSuite1648100878643.groovy:36)
"/>
         <system-out><![CDATA[2022-03-24 12:50:44 - [TEST_CASE][FAILED] - Test Cases/1. get token - data order: Test Cases/1. get token - data order FAILED.
Reason:
com.kms.katalon.core.exception.StepFailedException: Expected element property value '9460011955' is not equal with actual property value '1154000993'
	at com.kms.katalon.core.keyword.internal.KeywordMain.stepFailed(KeywordMain.groovy:39)
	at com.kms.katalon.core.webservice.keyword.builtin.VerifyElementPropertyValueKeyword$_verifyElementPropertyValue_closure1.doCall(VerifyElementPropertyValueKeyword.groovy:56)
	at com.kms.katalon.core.webservice.keyword.builtin.VerifyElementPropertyValueKeyword$_verifyElementPropertyValue_closure1.call(VerifyElementPropertyValueKeyword.groovy)
	at com.kms.katalon.core.keyword.internal.KeywordMain.runKeyword(KeywordMain.groovy:74)
	at com.kms.katalon.core.webservice.keyword.builtin.VerifyElementPropertyValueKeyword.verifyElementPropertyValue(VerifyElementPropertyValueKeyword.groovy:48)
	at com.kms.katalon.core.webservice.keyword.builtin.VerifyElementPropertyValueKeyword.execute(VerifyElementPropertyValueKeyword.groovy:43)
	at com.kms.katalon.core.keyword.internal.KeywordExecutor.executeKeywordForPlatform(KeywordExecutor.groovy:74)
	at com.kms.katalon.core.webservice.keyword.WSBuiltInKeywords.verifyElementPropertyValue(WSBuiltInKeywords.groovy:175)
	at com.kms.katalon.core.webservice.keyword.WSBuiltInKeywords$verifyElementPropertyValue$0.call(Unknown Source)
	at 1. get token - data order.run(1. get token - data order:54)
	at com.kms.katalon.core.main.ScriptEngine.run(ScriptEngine.java:194)
	at com.kms.katalon.core.main.ScriptEngine.runScriptAsRawText(ScriptEngine.java:119)
	at com.kms.katalon.core.main.TestCaseExecutor.runScript(TestCaseExecutor.java:442)
	at com.kms.katalon.core.main.TestCaseExecutor.doExecute(TestCaseExecutor.java:433)
	at com.kms.katalon.core.main.TestCaseExecutor.processExecutionPhase(TestCaseExecutor.java:412)
	at com.kms.katalon.core.main.TestCaseExecutor.accessMainPhase(TestCaseExecutor.java:404)
	at com.kms.katalon.core.main.TestCaseExecutor.execute(TestCaseExecutor.java:281)
	at com.kms.katalon.core.main.TestSuiteExecutor.accessTestCaseMainPhase(TestSuiteExecutor.java:202)
	at com.kms.katalon.core.main.TestSuiteExecutor.accessTestSuiteMainPhase(TestSuiteExecutor.java:164)
	at com.kms.katalon.core.main.TestSuiteExecutor.execute(TestSuiteExecutor.java:105)
	at com.kms.katalon.core.main.TestCaseMain.startTestSuite(TestCaseMain.java:181)
	at com.kms.katalon.core.main.TestCaseMain$startTestSuite$0.call(Unknown Source)
	at TempTestSuite1648100878643.run(TempTestSuite1648100878643.groovy:36)


2022-03-24 12:50:45 - [TEST_STEP][PASSED] - token = sendRequest(findTestObject("1. Get-Token")): Send request successfully

2022-03-24 12:50:45 - [MESSAGE][INFO] - HAR: I:\app-testing\app-project\Order car insurance\order-car-insurance\Reports\20220324_124757\Get data order\20220324_124758\requests\main\39.har

2022-03-24 12:50:45 - [MESSAGE][PASSED] - Send request successfully

2022-03-24 12:50:45 - [TEST_STEP][PASSED] - slurper = new groovy.json.JsonSlurper(): null

2022-03-24 12:50:45 - [TEST_STEP][PASSED] - get_token = slurper.parseText(token.getResponseBodyContent()): null

2022-03-24 12:50:45 - [TEST_STEP][PASSED] - private_token = access_token: null

2022-03-24 12:50:45 - [TEST_STEP][PASSED] - global_token = private_token: null

2022-03-24 12:50:45 - [TEST_STEP][PASSED] - println("token is :" + global_token): null

2022-03-24 12:50:45 - [TEST_STEP][PASSED] - response_token = token.getResponseText(): null

2022-03-24 12:50:45 - [TEST_STEP][PASSED] - logInfo($response_token): 
            {
                "token_type": "BearerToken",
                "access_token": "nMr2mrbQdkICERVRFmQEDY3rOLRf",
                "expires_in": "1799",
                "scope": ""
            }
        

2022-03-24 12:50:45 - [MESSAGE][INFO] - 
            {
                "token_type": "BearerToken",
                "access_token": "nMr2mrbQdkICERVRFmQEDY3rOLRf",
                "expires_in": "1799",
                "scope": ""
            }
        

2022-03-24 12:50:45 - [TEST_STEP][PASSED] - order = sendRequest(findTestObject("3. Get-data-order", ["s_key":global_token, "c_id":c_id, "order_date":order_date, "page":page, "rows":rows])): Send request successfully

2022-03-24 12:50:47 - [MESSAGE][INFO] - HAR: I:\app-testing\app-project\Order car insurance\order-car-insurance\Reports\20220324_124757\Get data order\20220324_124758\requests\main\40.har

2022-03-24 12:50:47 - [MESSAGE][PASSED] - Send request successfully

2022-03-24 12:50:47 - [TEST_STEP][PASSED] - get_order = order.getResponseText(): null

2022-03-24 12:50:47 - [TEST_STEP][PASSED] - markPassed("data ke : " + no): data ke : 14

2022-03-24 12:50:47 - [MESSAGE][PASSED] - data ke : 14

2022-03-24 12:50:47 - [TEST_STEP][PASSED] - verifyElementPropertyValue(order, "GetDataOrderResponse.ListDataOrder[0].TipeOrder", o_tipeorder, CONTINUE_ON_FAILURE): Verify element property value successfully

2022-03-24 12:50:47 - [MESSAGE][PASSED] - Verify element property value successfully

2022-03-24 12:50:47 - [TEST_STEP][PASSED] - verifyElementPropertyValue(order, "GetDataOrderResponse.ListDataOrder[0].BatchID", o_batchid, CONTINUE_ON_FAILURE): Verify element property value successfully

2022-03-24 12:50:47 - [MESSAGE][PASSED] - Verify element property value successfully

2022-03-24 12:50:47 - [TEST_STEP][FAILED] - verifyElementPropertyValue(order, "GetDataOrderResponse.ListDataOrder[0].NoRek", o_norek, CONTINUE_ON_FAILURE): Expected element property value '9460011955' is not equal with actual property value '1154000993'

2022-03-24 12:50:47 - [MESSAGE][FAILED] - Expected element property value '9460011955' is not equal with actual property value '1154000993'

2022-03-24 12:50:47 - [TEST_STEP][PASSED] - verifyElementPropertyValue(order, "GetDataOrderResponse.ListDataOrder[0].NoPin", o_nopin, CONTINUE_ON_FAILURE): Verify element property value successfully

2022-03-24 12:50:48 - [MESSAGE][PASSED] - Verify element property value successfully

2022-03-24 12:50:48 - [TEST_STEP][PASSED] - verifyElementPropertyValue(order, "GetDataOrderResponse.ListDataOrder[0].CustName", o_custname, CONTINUE_ON_FAILURE): Verify element property value successfully

2022-03-24 12:50:48 - [MESSAGE][PASSED] - Verify element property value successfully

2022-03-24 12:50:48 - [TEST_STEP][PASSED] - verifyElementPropertyValue(order, "GetDataOrderResponse.ListDataOrder[0].Pemohon", o_pemohon, CONTINUE_ON_FAILURE): Verify element property value successfully

2022-03-24 12:50:48 - [MESSAGE][PASSED] - Verify element property value successfully

2022-03-24 12:50:48 - [TEST_STEP][FAILED] - verifyElementPropertyValue(order, "GetDataOrderResponse.ListDataOrder[0].HargaPembelian", o_otr, CONTINUE_ON_FAILURE): Expected element property value '267100000.00' is not equal with actual property value '360000000.00'

2022-03-24 12:50:48 - [MESSAGE][FAILED] - Expected element property value '267100000.00' is not equal with actual property value '360000000.00'

2022-03-24 12:50:48 - [TEST_STEP][FAILED] - verifyElementPropertyValue(order, "GetDataOrderResponse.ListDataOrder[0].Cabang", o_branchid, CONTINUE_ON_FAILURE): Expected element property value '9460' is not equal with actual property value '1154'

2022-03-24 12:50:48 - [MESSAGE][FAILED] - Expected element property value '9460' is not equal with actual property value '1154'

2022-03-24 12:50:48 - [TEST_STEP][PASSED] - verifyElementPropertyValue(order, "GetDataOrderResponse.ListDataOrder[0].MerkID", o_merk, CONTINUE_ON_FAILURE): Verify element property value successfully

2022-03-24 12:50:48 - [MESSAGE][PASSED] - Verify element property value successfully

2022-03-24 12:50:48 - [TEST_STEP][FAILED] - verifyElementPropertyValue(order, "GetDataOrderResponse.ListDataOrder[0].TypeMobil", o_type, CONTINUE_ON_FAILURE): Expected element property value 'ALL NEW RUSH 1.5 AT GR SPORT' is not equal with actual property value 'INNOVA VENTURER 2.0 AT'

2022-03-24 12:50:48 - [MESSAGE][FAILED] - Expected element property value 'ALL NEW RUSH 1.5 AT GR SPORT' is not equal with actual property value 'INNOVA VENTURER 2.0 AT'

2022-03-24 12:50:48 - [TEST_STEP][PASSED] - verifyElementPropertyValue(order, "GetDataOrderResponse.ListDataOrder[0].JenisMobil", o_jenis, CONTINUE_ON_FAILURE): Verify element property value successfully

2022-03-24 12:50:48 - [MESSAGE][PASSED] - Verify element property value successfully

2022-03-24 12:50:48 - [TEST_STEP][FAILED] - verifyElementPropertyValue(order, "GetDataOrderResponse.ListDataOrder[0].TahunMobil", o_tahun, CONTINUE_ON_FAILURE): Expected element property value '2021' is not equal with actual property value '2017'

2022-03-24 12:50:48 - [MESSAGE][FAILED] - Expected element property value '2021' is not equal with actual property value '2017'

2022-03-24 12:50:48 - [TEST_STEP][FAILED] - verifyElementPropertyValue(order, "GetDataOrderResponse.ListDataOrder[0].Warna", o_warna, CONTINUE_ON_FAILURE): Expected element property value 'BLACK METALLIC' is not equal with actual property value 'PUTIH'

2022-03-24 12:50:48 - [MESSAGE][FAILED] - Expected element property value 'BLACK METALLIC' is not equal with actual property value 'PUTIH'

2022-03-24 12:50:48 - [TEST_STEP][FAILED] - verifyElementPropertyValue(order, "GetDataOrderResponse.ListDataOrder[0].NoRangka", o_norangka, CONTINUE_ON_FAILURE): Expected element property value 'MHKE8FB3JMK061146' is not equal with actual property value 'MHFAW8EM4H0206354'

2022-03-24 12:50:48 - [MESSAGE][FAILED] - Expected element property value 'MHKE8FB3JMK061146' is not equal with actual property value 'MHFAW8EM4H0206354'

2022-03-24 12:50:48 - [TEST_STEP][FAILED] - verifyElementPropertyValue(order, "GetDataOrderResponse.ListDataOrder[0].NoMesin", o_nomesin, CONTINUE_ON_FAILURE): Expected element property value '2NRG736076' is not equal with actual property value '1TRA295932'

2022-03-24 12:50:48 - [MESSAGE][FAILED] - Expected element property value '2NRG736076' is not equal with actual property value '1TRA295932'

2022-03-24 12:50:48 - [TEST_STEP][FAILED] - verifyElementPropertyValue(order, "GetDataOrderResponse.ListDataOrder[0].NoPolisi", o_nopol, CONTINUE_ON_FAILURE): Expected element property value '               ' is not equal with actual property value 'B 2726 BOM'

2022-03-24 12:50:48 - [MESSAGE][FAILED] - Expected element property value '               ' is not equal with actual property value 'B 2726 BOM'

2022-03-24 12:50:48 - [TEST_STEP][FAILED] - verifyElementPropertyValue(order, "GetDataOrderResponse.ListDataOrder[0].NamaBPKB", o_namabpkb, CONTINUE_ON_FAILURE): Expected element property value 'NADYA INDAH ASTARI' is not equal with actual property value 'PT AUTORENT LANCAR S'

2022-03-24 12:50:48 - [MESSAGE][FAILED] - Expected element property value 'NADYA INDAH ASTARI' is not equal with actual property value 'PT AUTORENT LANCAR S'

2022-03-24 12:50:48 - [TEST_STEP][FAILED] - verifyElementPropertyValue(order, "GetDataOrderResponse.ListDataOrder[0].KategoriMobil", o_kategori, CONTINUE_ON_FAILURE): Expected element property value '13' is not equal with actual property value '14'

2022-03-24 12:50:48 - [MESSAGE][FAILED] - Expected element property value '13' is not equal with actual property value '14'

2022-03-24 12:50:48 - [TEST_STEP][PASSED] - verifyElementPropertyValue(order, "GetDataOrderResponse.ListDataOrder[0].PenggunaanKendaraan", o_purpose, CONTINUE_ON_FAILURE): Verify element property value successfully

2022-03-24 12:50:48 - [MESSAGE][PASSED] - Verify element property value successfully

2022-03-24 12:50:48 - [TEST_STEP][FAILED] - verifyElementPropertyValue(order, "GetDataOrderResponse.ListDataOrder[0].Kondisi", o_kondisi, CONTINUE_ON_FAILURE): Expected element property value '1' is not equal with actual property value '2'

2022-03-24 12:50:48 - [MESSAGE][FAILED] - Expected element property value '1' is not equal with actual property value '2'

2022-03-24 12:50:48 - [TEST_STEP][PASSED] - verifyElementPropertyValue(order, "GetDataOrderResponse.ListDataOrder[0].Accessories1", o_acc1, CONTINUE_ON_FAILURE): Verify element property value successfully

2022-03-24 12:50:48 - [MESSAGE][PASSED] - Verify element property value successfully

2022-03-24 12:50:48 - [TEST_STEP][PASSED] - verifyElementPropertyValue(order, "GetDataOrderResponse.ListDataOrder[0].Accessories2", o_acc2, CONTINUE_ON_FAILURE): Verify element property value successfully

2022-03-24 12:50:48 - [MESSAGE][PASSED] - Verify element property value successfully

2022-03-24 12:50:48 - [TEST_STEP][PASSED] - verifyElementPropertyValue(order, "GetDataOrderResponse.ListDataOrder[0].Accessories3", o_acc3, CONTINUE_ON_FAILURE): Verify element property value successfully

2022-03-24 12:50:48 - [MESSAGE][PASSED] - Verify element property value successfully

2022-03-24 12:50:48 - [TEST_STEP][PASSED] - verifyElementPropertyValue(order, "GetDataOrderResponse.ListDataOrder[0].Accessories4", o_acc4, CONTINUE_ON_FAILURE): Verify element property value successfully

2022-03-24 12:50:48 - [MESSAGE][PASSED] - Verify element property value successfully

2022-03-24 12:50:48 - [TEST_STEP][PASSED] - verifyElementPropertyValue(order, "GetDataOrderResponse.ListDataOrder[0].Accessories5", o_acc5, CONTINUE_ON_FAILURE): Verify element property value successfully

2022-03-24 12:50:48 - [MESSAGE][PASSED] - Verify element property value successfully

2022-03-24 12:50:48 - [TEST_STEP][PASSED] - verifyElementPropertyValue(order, "GetDataOrderResponse.ListDataOrder[0].HargaAccessories1", o_harga_acc1, CONTINUE_ON_FAILURE): Verify element property value successfully

2022-03-24 12:50:48 - [MESSAGE][PASSED] - Verify element property value successfully

2022-03-24 12:50:48 - [TEST_STEP][PASSED] - verifyElementPropertyValue(order, "GetDataOrderResponse.ListDataOrder[0].HargaAccessories2", o_harga_acc2, CONTINUE_ON_FAILURE): Verify element property value successfully

2022-03-24 12:50:48 - [MESSAGE][PASSED] - Verify element property value successfully

2022-03-24 12:50:48 - [TEST_STEP][PASSED] - verifyElementPropertyValue(order, "GetDataOrderResponse.ListDataOrder[0].HargaAccessories3", o_harga_acc3, CONTINUE_ON_FAILURE): Verify element property value successfully

2022-03-24 12:50:48 - [MESSAGE][PASSED] - Verify element property value successfully

2022-03-24 12:50:48 - [TEST_STEP][PASSED] - verifyElementPropertyValue(order, "GetDataOrderResponse.ListDataOrder[0].HargaAccessories4", o_harga_acc4, CONTINUE_ON_FAILURE): Verify element property value successfully

2022-03-24 12:50:48 - [MESSAGE][PASSED] - Verify element property value successfully

2022-03-24 12:50:48 - [TEST_STEP][PASSED] - verifyElementPropertyValue(order, "GetDataOrderResponse.ListDataOrder[0].HargaAccessories5", o_harga_acc5, CONTINUE_ON_FAILURE): Verify element property value successfully

2022-03-24 12:50:48 - [MESSAGE][PASSED] - Verify element property value successfully

2022-03-24 12:50:48 - [TEST_STEP][PASSED] - verifyElementPropertyValue(order, "GetDataOrderResponse.ListDataOrder[0].OverKredit", o_overkredit, CONTINUE_ON_FAILURE): Verify element property value successfully

2022-03-24 12:50:48 - [MESSAGE][PASSED] - Verify element property value successfully

2022-03-24 12:50:48 - [TEST_STEP][PASSED] - verifyElementPropertyValue(order, "GetDataOrderResponse.ListDataOrder[0].Restructure", o_restructure, CONTINUE_ON_FAILURE): Verify element property value successfully

2022-03-24 12:50:48 - [MESSAGE][PASSED] - Verify element property value successfully

2022-03-24 12:50:48 - [TEST_STEP][PASSED] - verifyElementPropertyValue(order, "GetDataOrderResponse.ListDataOrder[0].NoPolisLama", o_nopol_lama, CONTINUE_ON_FAILURE): Verify element property value successfully

2022-03-24 12:50:48 - [MESSAGE][PASSED] - Verify element property value successfully

2022-03-24 12:50:48 - [TEST_STEP][PASSED] - verifyElementPropertyValue(order, "GetDataOrderResponse.ListDataOrder[0].MailAddress", o_mail_addr, CONTINUE_ON_FAILURE): Verify element property value successfully

2022-03-24 12:50:48 - [MESSAGE][PASSED] - Verify element property value successfully

2022-03-24 12:50:48 - [TEST_STEP][PASSED] - verifyElementPropertyValue(order, "GetDataOrderResponse.ListDataOrder[0].KabKodya", o_kab_kodya, CONTINUE_ON_FAILURE): Verify element property value successfully

2022-03-24 12:50:48 - [MESSAGE][PASSED] - Verify element property value successfully

2022-03-24 12:50:48 - [TEST_STEP][FAILED] - verifyElementPropertyValue(order, "GetDataOrderResponse.ListDataOrder[0].PostalCode", o_postal_code, CONTINUE_ON_FAILURE): Expected element property value '11180' is not equal with actual property value '12610'

2022-03-24 12:50:48 - [MESSAGE][FAILED] - Expected element property value '11180' is not equal with actual property value '12610'

2022-03-24 12:50:48 - [TEST_STEP][PASSED] - verifyElementPropertyValue(order, "GetDataOrderResponse.ListDataOrder[0].PaketMobil", o_packet, CONTINUE_ON_FAILURE): Verify element property value successfully

2022-03-24 12:50:48 - [MESSAGE][PASSED] - Verify element property value successfully

2022-03-24 12:50:48 - [TEST_STEP][PASSED] - verifyElementPropertyValue(order, "GetDataOrderResponse.ListDataOrder[0].CustType", o_cust_type, CONTINUE_ON_FAILURE): Verify element property value successfully

2022-03-24 12:50:48 - [MESSAGE][PASSED] - Verify element property value successfully

2022-03-24 12:50:48 - [TEST_STEP][FAILED] - verifyElementPropertyValue(order, "GetDataOrderResponse.ListDataOrder[0].IdentityNo", o_nik, CONTINUE_ON_FAILURE): Expected element property value '3173045712950003' is not equal with actual property value '09.5307.120661.7004'

2022-03-24 12:50:48 - [MESSAGE][FAILED] - Expected element property value '3173045712950003' is not equal with actual property value '09.5307.120661.7004'

2022-03-24 12:50:48 - [TEST_STEP][PASSED] - verifyElementPropertyValue(order, "GetDataOrderResponse.ListDataOrder[0].BirthPlace", o_birth_place, CONTINUE_ON_FAILURE): Verify element property value successfully

2022-03-24 12:50:48 - [MESSAGE][PASSED] - Verify element property value successfully

2022-03-24 12:50:48 - [TEST_STEP][FAILED] - verifyElementPropertyValue(order, "GetDataOrderResponse.ListDataOrder[0].BirthDate", o_birth_date, CONTINUE_ON_FAILURE): Expected element property value '19951217' is not equal with actual property value '19610612'

2022-03-24 12:50:48 - [MESSAGE][FAILED] - Expected element property value '19951217' is not equal with actual property value '19610612'

2022-03-24 12:50:48 - [TEST_STEP][PASSED] - verifyElementPropertyValue(order, "GetDataOrderResponse.ListDataOrder[0].Occupation", o_occp, CONTINUE_ON_FAILURE): Verify element property value successfully

2022-03-24 12:50:48 - [MESSAGE][PASSED] - Verify element property value successfully

2022-03-24 12:50:48 - [TEST_STEP][PASSED] - verifyElementPropertyValue(order, "GetDataOrderResponse.ListDataOrder[0].AlamatKTP", o_ktp_addr, CONTINUE_ON_FAILURE): Verify element property value successfully

2022-03-24 12:50:49 - [MESSAGE][PASSED] - Verify element property value successfully

2022-03-24 12:50:49 - [TEST_STEP][PASSED] - verifyElementPropertyValue(order, "GetDataOrderResponse.ListDataOrder[0].KelurahanKTP", o_ktp_kel, CONTINUE_ON_FAILURE): Verify element property value successfully

2022-03-24 12:50:49 - [MESSAGE][PASSED] - Verify element property value successfully

2022-03-24 12:50:49 - [TEST_STEP][PASSED] - verifyElementPropertyValue(order, "GetDataOrderResponse.ListDataOrder[0].KecamatanKTP", o_ktp_kec, CONTINUE_ON_FAILURE): Verify element property value successfully

2022-03-24 12:50:49 - [MESSAGE][PASSED] - Verify element property value successfully

2022-03-24 12:50:49 - [TEST_STEP][PASSED] - verifyElementPropertyValue(order, "GetDataOrderResponse.ListDataOrder[0].KabKodyaKTP", o_ktp_kabkodya, CONTINUE_ON_FAILURE): Verify element property value successfully

2022-03-24 12:50:49 - [MESSAGE][PASSED] - Verify element property value successfully

2022-03-24 12:50:49 - [TEST_STEP][PASSED] - verifyElementPropertyValue(order, "GetDataOrderResponse.ListDataOrder[0].ProvinsiKTP", o_ktp_prov, CONTINUE_ON_FAILURE): Verify element property value successfully

2022-03-24 12:50:49 - [MESSAGE][PASSED] - Verify element property value successfully

2022-03-24 12:50:49 - [TEST_STEP][FAILED] - verifyElementPropertyValue(order, "GetDataOrderResponse.ListDataOrder[0].PostalCodeKTP", o_ktp_postal_code, CONTINUE_ON_FAILURE): Expected element property value '11180' is not equal with actual property value '12610'

2022-03-24 12:50:49 - [MESSAGE][FAILED] - Expected element property value '11180' is not equal with actual property value '12610'

2022-03-24 12:50:49 - [TEST_STEP][FAILED] - verifyElementPropertyValue(order, "GetDataOrderResponse.ListDataOrder[0].DealerName", o_ktp_dealer_name, CONTINUE_ON_FAILURE): Expected element property value 'Astrido Jaya Mobilindo - Penjaringan' is not equal with actual property value '21 Auto Cars'

2022-03-24 12:50:49 - [MESSAGE][FAILED] - Expected element property value 'Astrido Jaya Mobilindo - Penjaringan' is not equal with actual property value '21 Auto Cars'

2022-03-24 12:50:49 - [TEST_STEP][FAILED] - switch (tenor): null

2022-03-24 12:50:49 - [TEST_STEP][FAILED] - case "3":: null

2022-03-24 12:50:49 - [TEST_STEP][PASSED] - order2 = sendRequest(findTestObject("3. Get-data-order", ["s_key":global_token, "c_id":c_id, "order_date":order_date, "page":page, "rows":rows])): Send request successfully

2022-03-24 12:50:49 - [MESSAGE][INFO] - HAR: I:\app-testing\app-project\Order car insurance\order-car-insurance\Reports\20220324_124757\Get data order\20220324_124758\requests\main\41.har

2022-03-24 12:50:49 - [MESSAGE][PASSED] - Send request successfully

2022-03-24 12:50:49 - [TEST_STEP][PASSED] - get_order2 = order.getResponseText(): null

2022-03-24 12:50:49 - [TEST_STEP][FAILED] - verifyElementPropertyValue(order, "GetDataOrderResponse.ListDataOrder[0].InsuranceData[0].KondisiPertanggungan", o_kond_pertanggungan_0, CONTINUE_ON_FAILURE): Expected element property value ' ' is not equal with actual property value ''

2022-03-24 12:50:49 - [MESSAGE][FAILED] - Expected element property value ' ' is not equal with actual property value ''

2022-03-24 12:50:49 - [TEST_STEP][PASSED] - verifyElementPropertyValue(order, "GetDataOrderResponse.ListDataOrder[0].InsuranceData[0].TJH", o_tjh_header_0, CONTINUE_ON_FAILURE): Verify element property value successfully

2022-03-24 12:50:49 - [MESSAGE][PASSED] - Verify element property value successfully

2022-03-24 12:50:49 - [TEST_STEP][FAILED] - verifyElementPropertyValue(order, "GetDataOrderResponse.ListDataOrder[0].InsuranceData[0].InsuredValue", o_ins_val_0, CONTINUE_ON_FAILURE): Expected element property value '267100000.00' is not equal with actual property value '360000000.00'

2022-03-24 12:50:49 - [MESSAGE][FAILED] - Expected element property value '267100000.00' is not equal with actual property value '360000000.00'

2022-03-24 12:50:49 - [TEST_STEP][PASSED] - verifyElementPropertyValue(order, "GetDataOrderResponse.ListDataOrder[0].InsuranceData[0].InsuredFrom", o_ins_form_0, CONTINUE_ON_FAILURE): Verify element property value successfully

2022-03-24 12:50:50 - [MESSAGE][PASSED] - Verify element property value successfully

2022-03-24 12:50:50 - [TEST_STEP][PASSED] - verifyElementPropertyValue(order, "GetDataOrderResponse.ListDataOrder[0].InsuranceData[0].InsuredTo", o_ins_to_0, CONTINUE_ON_FAILURE): Verify element property value successfully

2022-03-24 12:50:50 - [MESSAGE][PASSED] - Verify element property value successfully

2022-03-24 12:50:50 - [TEST_STEP][PASSED] - verifyElementPropertyValue(order, "GetDataOrderResponse.ListDataOrder[0].InsuranceData[0].Rate", o_rate_0, CONTINUE_ON_FAILURE): Verify element property value successfully

2022-03-24 12:50:50 - [MESSAGE][PASSED] - Verify element property value successfully

2022-03-24 12:50:50 - [TEST_STEP][FAILED] - verifyElementPropertyValue(order, "GetDataOrderResponse.ListDataOrder[0].InsuranceData[0].GrossPremi", o_gross_premi_0, CONTINUE_ON_FAILURE): Expected element property value '740935.00' is not equal with actual property value '5466240.00'

2022-03-24 12:50:50 - [MESSAGE][FAILED] - Expected element property value '740935.00' is not equal with actual property value '5466240.00'

2022-03-24 12:50:50 - [TEST_STEP][PASSED] - verifyElementPropertyValue(order, "GetDataOrderResponse.ListDataOrder[0].InsuranceData[0].Discount", o_discount_0, CONTINUE_ON_FAILURE): Verify element property value successfully

2022-03-24 12:50:50 - [MESSAGE][PASSED] - Verify element property value successfully

2022-03-24 12:50:50 - [TEST_STEP][PASSED] - verifyElementPropertyValue(order, "GetDataOrderResponse.ListDataOrder[0].InsuranceData[0].Adm", o_adm_0, CONTINUE_ON_FAILURE): Verify element property value successfully

2022-03-24 12:50:50 - [MESSAGE][PASSED] - Verify element property value successfully

2022-03-24 12:50:50 - [TEST_STEP][FAILED] - verifyElementPropertyValue(order, "GetDataOrderResponse.ListDataOrder[0].InsuranceData[0].NetPremi", o_netpremi_0, CONTINUE_ON_FAILURE): Expected element property value '740935.00' is not equal with actual property value '5466240.00'

2022-03-24 12:50:50 - [MESSAGE][FAILED] - Expected element property value '740935.00' is not equal with actual property value '5466240.00'

2022-03-24 12:50:50 - [TEST_STEP][PASSED] - verifyElementPropertyValue(order, "GetDataOrderResponse.ListDataOrder[0].InsuranceData[0].PerluasanJaminan.TJH", o_tjh_val_0, CONTINUE_ON_FAILURE): Verify element property value successfully

2022-03-24 12:50:50 - [MESSAGE][PASSED] - Verify element property value successfully

2022-03-24 12:50:50 - [TEST_STEP][PASSED] - verifyElementPropertyValue(order, "GetDataOrderResponse.ListDataOrder[0].InsuranceData[0].PerluasanJaminan.RSCC", o_rscc_val_0, CONTINUE_ON_FAILURE): Verify element property value successfully

2022-03-24 12:50:50 - [MESSAGE][PASSED] - Verify element property value successfully

2022-03-24 12:50:50 - [TEST_STEP][PASSED] - verifyElementPropertyValue(order, "GetDataOrderResponse.ListDataOrder[0].InsuranceData[0].PerluasanJaminan.Banjir", o_rsmb_val_0, CONTINUE_ON_FAILURE): Verify element property value successfully

2022-03-24 12:50:50 - [MESSAGE][PASSED] - Verify element property value successfully

2022-03-24 12:50:50 - [TEST_STEP][PASSED] - verifyElementPropertyValue(order, "GetDataOrderResponse.ListDataOrder[0].InsuranceData[0].PerluasanJaminan.Accessories", o_acc_val_0, CONTINUE_ON_FAILURE): Verify element property value successfully

2022-03-24 12:50:50 - [MESSAGE][PASSED] - Verify element property value successfully

2022-03-24 12:50:50 - [TEST_STEP][PASSED] - verifyElementPropertyValue(order, "GetDataOrderResponse.ListDataOrder[0].InsuranceData[1].KondisiPertanggungan", o_kond_pertanggungan_1, CONTINUE_ON_FAILURE): Verify element property value successfully

2022-03-24 12:50:50 - [MESSAGE][PASSED] - Verify element property value successfully

2022-03-24 12:50:50 - [TEST_STEP][PASSED] - verifyElementPropertyValue(order, "GetDataOrderResponse.ListDataOrder[0].InsuranceData[1].TJH", o_tjh_header_1, CONTINUE_ON_FAILURE): Verify element property value successfully

2022-03-24 12:50:50 - [MESSAGE][PASSED] - Verify element property value successfully

2022-03-24 12:50:50 - [TEST_STEP][FAILED] - verifyElementPropertyValue(order, "GetDataOrderResponse.ListDataOrder[0].InsuranceData[1].InsuredValue", o_ins_val_1, CONTINUE_ON_FAILURE): Expected element property value '267100000.00' is not equal with actual property value '360000000.00'

2022-03-24 12:50:50 - [MESSAGE][FAILED] - Expected element property value '267100000.00' is not equal with actual property value '360000000.00'

2022-03-24 12:50:50 - [TEST_STEP][PASSED] - verifyElementPropertyValue(order, "GetDataOrderResponse.ListDataOrder[0].InsuranceData[1].InsuredFrom", o_ins_form_1, CONTINUE_ON_FAILURE): Verify element property value successfully

2022-03-24 12:50:50 - [MESSAGE][PASSED] - Verify element property value successfully

2022-03-24 12:50:50 - [TEST_STEP][PASSED] - verifyElementPropertyValue(order, "GetDataOrderResponse.ListDataOrder[0].InsuranceData[1].InsuredTo", o_ins_to_1, CONTINUE_ON_FAILURE): Verify element property value successfully

2022-03-24 12:50:50 - [MESSAGE][PASSED] - Verify element property value successfully

2022-03-24 12:50:50 - [TEST_STEP][PASSED] - verifyElementPropertyValue(order, "GetDataOrderResponse.ListDataOrder[0].InsuranceData[1].Rate", o_rate_1, CONTINUE_ON_FAILURE): Verify element property value successfully

2022-03-24 12:50:50 - [MESSAGE][PASSED] - Verify element property value successfully

2022-03-24 12:50:50 - [TEST_STEP][FAILED] - verifyElementPropertyValue(order, "GetDataOrderResponse.ListDataOrder[0].InsuranceData[1].GrossPremi", o_gross_premi_1, CONTINUE_ON_FAILURE): Expected element property value '740935.00' is not equal with actual property value '998640.00'

2022-03-24 12:50:50 - [MESSAGE][FAILED] - Expected element property value '740935.00' is not equal with actual property value '998640.00'

2022-03-24 12:50:50 - [TEST_STEP][PASSED] - verifyElementPropertyValue(order, "GetDataOrderResponse.ListDataOrder[0].InsuranceData[1].Discount", o_discount_1, CONTINUE_ON_FAILURE): Verify element property value successfully

2022-03-24 12:50:50 - [MESSAGE][PASSED] - Verify element property value successfully

2022-03-24 12:50:50 - [TEST_STEP][PASSED] - verifyElementPropertyValue(order, "GetDataOrderResponse.ListDataOrder[0].InsuranceData[1].Adm", o_adm_1, CONTINUE_ON_FAILURE): Verify element property value successfully

2022-03-24 12:50:50 - [MESSAGE][PASSED] - Verify element property value successfully

2022-03-24 12:50:50 - [TEST_STEP][FAILED] - verifyElementPropertyValue(order, "GetDataOrderResponse.ListDataOrder[0].InsuranceData[1].NetPremi", o_netpremi_1, CONTINUE_ON_FAILURE): Expected element property value '740935.00' is not equal with actual property value '998640.00'

2022-03-24 12:50:50 - [MESSAGE][FAILED] - Expected element property value '740935.00' is not equal with actual property value '998640.00'

2022-03-24 12:50:50 - [TEST_STEP][PASSED] - verifyElementPropertyValue(order, "GetDataOrderResponse.ListDataOrder[0].InsuranceData[1].PerluasanJaminan.TJH", o_tjh_val_1, CONTINUE_ON_FAILURE): Verify element property value successfully

2022-03-24 12:50:50 - [MESSAGE][PASSED] - Verify element property value successfully

2022-03-24 12:50:50 - [TEST_STEP][PASSED] - verifyElementPropertyValue(order, "GetDataOrderResponse.ListDataOrder[0].InsuranceData[1].PerluasanJaminan.RSCC", o_rscc_val_1, CONTINUE_ON_FAILURE): Verify element property value successfully

2022-03-24 12:50:50 - [MESSAGE][PASSED] - Verify element property value successfully

2022-03-24 12:50:50 - [TEST_STEP][PASSED] - verifyElementPropertyValue(order, "GetDataOrderResponse.ListDataOrder[0].InsuranceData[1].PerluasanJaminan.Banjir", o_rsmb_val_1, CONTINUE_ON_FAILURE): Verify element property value successfully

2022-03-24 12:50:50 - [MESSAGE][PASSED] - Verify element property value successfully

2022-03-24 12:50:50 - [TEST_STEP][PASSED] - verifyElementPropertyValue(order, "GetDataOrderResponse.ListDataOrder[0].InsuranceData[1].PerluasanJaminan.Accessories", o_acc_val_1, CONTINUE_ON_FAILURE): Verify element property value successfully

2022-03-24 12:50:50 - [MESSAGE][PASSED] - Verify element property value successfully

2022-03-24 12:50:50 - [TEST_STEP][PASSED] - verifyElementPropertyValue(order, "GetDataOrderResponse.ListDataOrder[0].InsuranceData[2].KondisiPertanggungan", o_kond_pertanggungan_2, CONTINUE_ON_FAILURE): Verify element property value successfully

2022-03-24 12:50:50 - [MESSAGE][PASSED] - Verify element property value successfully

2022-03-24 12:50:50 - [TEST_STEP][PASSED] - verifyElementPropertyValue(order, "GetDataOrderResponse.ListDataOrder[0].InsuranceData[2].TJH", o_tjh_header_2, CONTINUE_ON_FAILURE): Verify element property value successfully

2022-03-24 12:50:50 - [MESSAGE][PASSED] - Verify element property value successfully

2022-03-24 12:50:50 - [TEST_STEP][FAILED] - verifyElementPropertyValue(order, "GetDataOrderResponse.ListDataOrder[0].InsuranceData[2].InsuredValue", o_ins_val_2, CONTINUE_ON_FAILURE): Expected element property value '267100000.00' is not equal with actual property value '360000000.00'

2022-03-24 12:50:50 - [MESSAGE][FAILED] - Expected element property value '267100000.00' is not equal with actual property value '360000000.00'

2022-03-24 12:50:50 - [TEST_STEP][PASSED] - verifyElementPropertyValue(order, "GetDataOrderResponse.ListDataOrder[0].InsuranceData[2].InsuredFrom", o_ins_form_2, CONTINUE_ON_FAILURE): Verify element property value successfully

2022-03-24 12:50:50 - [MESSAGE][PASSED] - Verify element property value successfully

2022-03-24 12:50:50 - [TEST_STEP][PASSED] - verifyElementPropertyValue(order, "GetDataOrderResponse.ListDataOrder[0].InsuranceData[2].InsuredTo", o_ins_to_2, CONTINUE_ON_FAILURE): Verify element property value successfully

2022-03-24 12:50:50 - [MESSAGE][PASSED] - Verify element property value successfully

2022-03-24 12:50:50 - [TEST_STEP][PASSED] - verifyElementPropertyValue(order, "GetDataOrderResponse.ListDataOrder[0].InsuranceData[2].Rate", o_rate_2, CONTINUE_ON_FAILURE): Verify element property value successfully

2022-03-24 12:50:50 - [MESSAGE][PASSED] - Verify element property value successfully

2022-03-24 12:50:50 - [TEST_STEP][FAILED] - verifyElementPropertyValue(order, "GetDataOrderResponse.ListDataOrder[0].InsuranceData[2].GrossPremi", o_gross_premi_2, CONTINUE_ON_FAILURE): Expected element property value '740935.00' is not equal with actual property value '998640.00'

2022-03-24 12:50:50 - [MESSAGE][FAILED] - Expected element property value '740935.00' is not equal with actual property value '998640.00'

2022-03-24 12:50:50 - [TEST_STEP][PASSED] - verifyElementPropertyValue(order, "GetDataOrderResponse.ListDataOrder[0].InsuranceData[2].Discount", o_discount_2, CONTINUE_ON_FAILURE): Verify element property value successfully

2022-03-24 12:50:50 - [MESSAGE][PASSED] - Verify element property value successfully

2022-03-24 12:50:50 - [TEST_STEP][PASSED] - verifyElementPropertyValue(order, "GetDataOrderResponse.ListDataOrder[0].InsuranceData[2].Adm", o_adm_2, CONTINUE_ON_FAILURE): Verify element property value successfully

2022-03-24 12:50:50 - [MESSAGE][PASSED] - Verify element property value successfully

2022-03-24 12:50:50 - [TEST_STEP][FAILED] - verifyElementPropertyValue(order, "GetDataOrderResponse.ListDataOrder[0].InsuranceData[2].NetPremi", o_netpremi_2, CONTINUE_ON_FAILURE): Expected element property value '740935.00' is not equal with actual property value '998640.00'

2022-03-24 12:50:50 - [MESSAGE][FAILED] - Expected element property value '740935.00' is not equal with actual property value '998640.00'

2022-03-24 12:50:50 - [TEST_STEP][PASSED] - verifyElementPropertyValue(order, "GetDataOrderResponse.ListDataOrder[0].InsuranceData[2].PerluasanJaminan.TJH", o_tjh_val_2, CONTINUE_ON_FAILURE): Verify element property value successfully

2022-03-24 12:50:50 - [MESSAGE][PASSED] - Verify element property value successfully

2022-03-24 12:50:50 - [TEST_STEP][PASSED] - verifyElementPropertyValue(order, "GetDataOrderResponse.ListDataOrder[0].InsuranceData[2].PerluasanJaminan.RSCC", o_rscc_val_2, CONTINUE_ON_FAILURE): Verify element property value successfully

2022-03-24 12:50:50 - [MESSAGE][PASSED] - Verify element property value successfully

2022-03-24 12:50:50 - [TEST_STEP][PASSED] - verifyElementPropertyValue(order, "GetDataOrderResponse.ListDataOrder[0].InsuranceData[2].PerluasanJaminan.Banjir", o_rsmb_val_2, CONTINUE_ON_FAILURE): Verify element property value successfully

2022-03-24 12:50:50 - [MESSAGE][PASSED] - Verify element property value successfully

2022-03-24 12:50:50 - [TEST_STEP][PASSED] - verifyElementPropertyValue(order, "GetDataOrderResponse.ListDataOrder[0].InsuranceData[2].PerluasanJaminan.Accessories", o_acc_val_2, CONTINUE_ON_FAILURE): Verify element property value successfully

2022-03-24 12:50:50 - [MESSAGE][PASSED] - Verify element property value successfully

2022-03-24 12:50:50 - [TEST_STEP][PASSED] - break: null]]></system-out>
         <system-err><![CDATA[2022-03-24 12:50:44 - [TEST_CASE][FAILED] - Test Cases/1. get token - data order: Test Cases/1. get token - data order FAILED.
Reason:
com.kms.katalon.core.exception.StepFailedException: Expected element property value '9460011955' is not equal with actual property value '1154000993'
	at com.kms.katalon.core.keyword.internal.KeywordMain.stepFailed(KeywordMain.groovy:39)
	at com.kms.katalon.core.webservice.keyword.builtin.VerifyElementPropertyValueKeyword$_verifyElementPropertyValue_closure1.doCall(VerifyElementPropertyValueKeyword.groovy:56)
	at com.kms.katalon.core.webservice.keyword.builtin.VerifyElementPropertyValueKeyword$_verifyElementPropertyValue_closure1.call(VerifyElementPropertyValueKeyword.groovy)
	at com.kms.katalon.core.keyword.internal.KeywordMain.runKeyword(KeywordMain.groovy:74)
	at com.kms.katalon.core.webservice.keyword.builtin.VerifyElementPropertyValueKeyword.verifyElementPropertyValue(VerifyElementPropertyValueKeyword.groovy:48)
	at com.kms.katalon.core.webservice.keyword.builtin.VerifyElementPropertyValueKeyword.execute(VerifyElementPropertyValueKeyword.groovy:43)
	at com.kms.katalon.core.keyword.internal.KeywordExecutor.executeKeywordForPlatform(KeywordExecutor.groovy:74)
	at com.kms.katalon.core.webservice.keyword.WSBuiltInKeywords.verifyElementPropertyValue(WSBuiltInKeywords.groovy:175)
	at com.kms.katalon.core.webservice.keyword.WSBuiltInKeywords$verifyElementPropertyValue$0.call(Unknown Source)
	at 1. get token - data order.run(1. get token - data order:54)
	at com.kms.katalon.core.main.ScriptEngine.run(ScriptEngine.java:194)
	at com.kms.katalon.core.main.ScriptEngine.runScriptAsRawText(ScriptEngine.java:119)
	at com.kms.katalon.core.main.TestCaseExecutor.runScript(TestCaseExecutor.java:442)
	at com.kms.katalon.core.main.TestCaseExecutor.doExecute(TestCaseExecutor.java:433)
	at com.kms.katalon.core.main.TestCaseExecutor.processExecutionPhase(TestCaseExecutor.java:412)
	at com.kms.katalon.core.main.TestCaseExecutor.accessMainPhase(TestCaseExecutor.java:404)
	at com.kms.katalon.core.main.TestCaseExecutor.execute(TestCaseExecutor.java:281)
	at com.kms.katalon.core.main.TestSuiteExecutor.accessTestCaseMainPhase(TestSuiteExecutor.java:202)
	at com.kms.katalon.core.main.TestSuiteExecutor.accessTestSuiteMainPhase(TestSuiteExecutor.java:164)
	at com.kms.katalon.core.main.TestSuiteExecutor.execute(TestSuiteExecutor.java:105)
	at com.kms.katalon.core.main.TestCaseMain.startTestSuite(TestCaseMain.java:181)
	at com.kms.katalon.core.main.TestCaseMain$startTestSuite$0.call(Unknown Source)
	at TempTestSuite1648100878643.run(TempTestSuite1648100878643.groovy:36)]]></system-err>
      </testcase>
      <testcase name="Test Cases/1. get token - data order" time="134.851" classname="Test Cases/1. get token - data order" status="FAILED">
         <failure type="FAILED" message="Test Cases/1. get token - data order FAILED.
Reason:
com.kms.katalon.core.exception.StepFailedException: Expected element property value '9481015610' is not equal with actual property value '1154000993'
	at com.kms.katalon.core.keyword.internal.KeywordMain.stepFailed(KeywordMain.groovy:39)
	at com.kms.katalon.core.webservice.keyword.builtin.VerifyElementPropertyValueKeyword$_verifyElementPropertyValue_closure1.doCall(VerifyElementPropertyValueKeyword.groovy:56)
	at com.kms.katalon.core.webservice.keyword.builtin.VerifyElementPropertyValueKeyword$_verifyElementPropertyValue_closure1.call(VerifyElementPropertyValueKeyword.groovy)
	at com.kms.katalon.core.keyword.internal.KeywordMain.runKeyword(KeywordMain.groovy:74)
	at com.kms.katalon.core.webservice.keyword.builtin.VerifyElementPropertyValueKeyword.verifyElementPropertyValue(VerifyElementPropertyValueKeyword.groovy:48)
	at com.kms.katalon.core.webservice.keyword.builtin.VerifyElementPropertyValueKeyword.execute(VerifyElementPropertyValueKeyword.groovy:43)
	at com.kms.katalon.core.keyword.internal.KeywordExecutor.executeKeywordForPlatform(KeywordExecutor.groovy:74)
	at com.kms.katalon.core.webservice.keyword.WSBuiltInKeywords.verifyElementPropertyValue(WSBuiltInKeywords.groovy:175)
	at com.kms.katalon.core.webservice.keyword.WSBuiltInKeywords$verifyElementPropertyValue$0.call(Unknown Source)
	at 1. get token - data order.run(1. get token - data order:54)
	at com.kms.katalon.core.main.ScriptEngine.run(ScriptEngine.java:194)
	at com.kms.katalon.core.main.ScriptEngine.runScriptAsRawText(ScriptEngine.java:119)
	at com.kms.katalon.core.main.TestCaseExecutor.runScript(TestCaseExecutor.java:442)
	at com.kms.katalon.core.main.TestCaseExecutor.doExecute(TestCaseExecutor.java:433)
	at com.kms.katalon.core.main.TestCaseExecutor.processExecutionPhase(TestCaseExecutor.java:412)
	at com.kms.katalon.core.main.TestCaseExecutor.accessMainPhase(TestCaseExecutor.java:404)
	at com.kms.katalon.core.main.TestCaseExecutor.execute(TestCaseExecutor.java:281)
	at com.kms.katalon.core.main.TestSuiteExecutor.accessTestCaseMainPhase(TestSuiteExecutor.java:202)
	at com.kms.katalon.core.main.TestSuiteExecutor.accessTestSuiteMainPhase(TestSuiteExecutor.java:164)
	at com.kms.katalon.core.main.TestSuiteExecutor.execute(TestSuiteExecutor.java:105)
	at com.kms.katalon.core.main.TestCaseMain.startTestSuite(TestCaseMain.java:181)
	at com.kms.katalon.core.main.TestCaseMain$startTestSuite$0.call(Unknown Source)
	at TempTestSuite1648100878643.run(TempTestSuite1648100878643.groovy:36)
"/>
         <system-out><![CDATA[2022-03-24 12:50:51 - [TEST_CASE][FAILED] - Test Cases/1. get token - data order: Test Cases/1. get token - data order FAILED.
Reason:
com.kms.katalon.core.exception.StepFailedException: Expected element property value '9481015610' is not equal with actual property value '1154000993'
	at com.kms.katalon.core.keyword.internal.KeywordMain.stepFailed(KeywordMain.groovy:39)
	at com.kms.katalon.core.webservice.keyword.builtin.VerifyElementPropertyValueKeyword$_verifyElementPropertyValue_closure1.doCall(VerifyElementPropertyValueKeyword.groovy:56)
	at com.kms.katalon.core.webservice.keyword.builtin.VerifyElementPropertyValueKeyword$_verifyElementPropertyValue_closure1.call(VerifyElementPropertyValueKeyword.groovy)
	at com.kms.katalon.core.keyword.internal.KeywordMain.runKeyword(KeywordMain.groovy:74)
	at com.kms.katalon.core.webservice.keyword.builtin.VerifyElementPropertyValueKeyword.verifyElementPropertyValue(VerifyElementPropertyValueKeyword.groovy:48)
	at com.kms.katalon.core.webservice.keyword.builtin.VerifyElementPropertyValueKeyword.execute(VerifyElementPropertyValueKeyword.groovy:43)
	at com.kms.katalon.core.keyword.internal.KeywordExecutor.executeKeywordForPlatform(KeywordExecutor.groovy:74)
	at com.kms.katalon.core.webservice.keyword.WSBuiltInKeywords.verifyElementPropertyValue(WSBuiltInKeywords.groovy:175)
	at com.kms.katalon.core.webservice.keyword.WSBuiltInKeywords$verifyElementPropertyValue$0.call(Unknown Source)
	at 1. get token - data order.run(1. get token - data order:54)
	at com.kms.katalon.core.main.ScriptEngine.run(ScriptEngine.java:194)
	at com.kms.katalon.core.main.ScriptEngine.runScriptAsRawText(ScriptEngine.java:119)
	at com.kms.katalon.core.main.TestCaseExecutor.runScript(TestCaseExecutor.java:442)
	at com.kms.katalon.core.main.TestCaseExecutor.doExecute(TestCaseExecutor.java:433)
	at com.kms.katalon.core.main.TestCaseExecutor.processExecutionPhase(TestCaseExecutor.java:412)
	at com.kms.katalon.core.main.TestCaseExecutor.accessMainPhase(TestCaseExecutor.java:404)
	at com.kms.katalon.core.main.TestCaseExecutor.execute(TestCaseExecutor.java:281)
	at com.kms.katalon.core.main.TestSuiteExecutor.accessTestCaseMainPhase(TestSuiteExecutor.java:202)
	at com.kms.katalon.core.main.TestSuiteExecutor.accessTestSuiteMainPhase(TestSuiteExecutor.java:164)
	at com.kms.katalon.core.main.TestSuiteExecutor.execute(TestSuiteExecutor.java:105)
	at com.kms.katalon.core.main.TestCaseMain.startTestSuite(TestCaseMain.java:181)
	at com.kms.katalon.core.main.TestCaseMain$startTestSuite$0.call(Unknown Source)
	at TempTestSuite1648100878643.run(TempTestSuite1648100878643.groovy:36)


2022-03-24 12:50:52 - [TEST_STEP][PASSED] - token = sendRequest(findTestObject("1. Get-Token")): Send request successfully

2022-03-24 12:50:52 - [MESSAGE][INFO] - HAR: I:\app-testing\app-project\Order car insurance\order-car-insurance\Reports\20220324_124757\Get data order\20220324_124758\requests\main\42.har

2022-03-24 12:50:52 - [MESSAGE][PASSED] - Send request successfully

2022-03-24 12:50:52 - [TEST_STEP][PASSED] - slurper = new groovy.json.JsonSlurper(): null

2022-03-24 12:50:52 - [TEST_STEP][PASSED] - get_token = slurper.parseText(token.getResponseBodyContent()): null

2022-03-24 12:50:52 - [TEST_STEP][PASSED] - private_token = access_token: null

2022-03-24 12:50:52 - [TEST_STEP][PASSED] - global_token = private_token: null

2022-03-24 12:50:52 - [TEST_STEP][PASSED] - println("token is :" + global_token): null

2022-03-24 12:50:52 - [TEST_STEP][PASSED] - response_token = token.getResponseText(): null

2022-03-24 12:50:52 - [TEST_STEP][PASSED] - logInfo($response_token): 
            {
                "token_type": "BearerToken",
                "access_token": "RlJBjg6pHpwfLHFfngjaGJQxlbgo",
                "expires_in": "1799",
                "scope": ""
            }
        

2022-03-24 12:50:52 - [MESSAGE][INFO] - 
            {
                "token_type": "BearerToken",
                "access_token": "RlJBjg6pHpwfLHFfngjaGJQxlbgo",
                "expires_in": "1799",
                "scope": ""
            }
        

2022-03-24 12:50:52 - [TEST_STEP][PASSED] - order = sendRequest(findTestObject("3. Get-data-order", ["s_key":global_token, "c_id":c_id, "order_date":order_date, "page":page, "rows":rows])): Send request successfully

2022-03-24 12:50:52 - [MESSAGE][INFO] - HAR: I:\app-testing\app-project\Order car insurance\order-car-insurance\Reports\20220324_124757\Get data order\20220324_124758\requests\main\43.har

2022-03-24 12:50:52 - [MESSAGE][PASSED] - Send request successfully

2022-03-24 12:50:52 - [TEST_STEP][PASSED] - get_order = order.getResponseText(): null

2022-03-24 12:50:52 - [TEST_STEP][PASSED] - markPassed("data ke : " + no): data ke : 15

2022-03-24 12:50:52 - [MESSAGE][PASSED] - data ke : 15

2022-03-24 12:50:52 - [TEST_STEP][PASSED] - verifyElementPropertyValue(order, "GetDataOrderResponse.ListDataOrder[0].TipeOrder", o_tipeorder, CONTINUE_ON_FAILURE): Verify element property value successfully

2022-03-24 12:50:52 - [MESSAGE][PASSED] - Verify element property value successfully

2022-03-24 12:50:52 - [TEST_STEP][PASSED] - verifyElementPropertyValue(order, "GetDataOrderResponse.ListDataOrder[0].BatchID", o_batchid, CONTINUE_ON_FAILURE): Verify element property value successfully

2022-03-24 12:50:52 - [MESSAGE][PASSED] - Verify element property value successfully

2022-03-24 12:50:52 - [TEST_STEP][FAILED] - verifyElementPropertyValue(order, "GetDataOrderResponse.ListDataOrder[0].NoRek", o_norek, CONTINUE_ON_FAILURE): Expected element property value '9481015610' is not equal with actual property value '1154000993'

2022-03-24 12:50:53 - [MESSAGE][FAILED] - Expected element property value '9481015610' is not equal with actual property value '1154000993'

2022-03-24 12:50:53 - [TEST_STEP][PASSED] - verifyElementPropertyValue(order, "GetDataOrderResponse.ListDataOrder[0].NoPin", o_nopin, CONTINUE_ON_FAILURE): Verify element property value successfully

2022-03-24 12:50:53 - [MESSAGE][PASSED] - Verify element property value successfully

2022-03-24 12:50:53 - [TEST_STEP][PASSED] - verifyElementPropertyValue(order, "GetDataOrderResponse.ListDataOrder[0].CustName", o_custname, CONTINUE_ON_FAILURE): Verify element property value successfully

2022-03-24 12:50:53 - [MESSAGE][PASSED] - Verify element property value successfully

2022-03-24 12:50:53 - [TEST_STEP][PASSED] - verifyElementPropertyValue(order, "GetDataOrderResponse.ListDataOrder[0].Pemohon", o_pemohon, CONTINUE_ON_FAILURE): Verify element property value successfully

2022-03-24 12:50:53 - [MESSAGE][PASSED] - Verify element property value successfully

2022-03-24 12:50:53 - [TEST_STEP][FAILED] - verifyElementPropertyValue(order, "GetDataOrderResponse.ListDataOrder[0].HargaPembelian", o_otr, CONTINUE_ON_FAILURE): Expected element property value '127500000.00' is not equal with actual property value '360000000.00'

2022-03-24 12:50:53 - [MESSAGE][FAILED] - Expected element property value '127500000.00' is not equal with actual property value '360000000.00'

2022-03-24 12:50:53 - [TEST_STEP][FAILED] - verifyElementPropertyValue(order, "GetDataOrderResponse.ListDataOrder[0].Cabang", o_branchid, CONTINUE_ON_FAILURE): Expected element property value '9481' is not equal with actual property value '1154'

2022-03-24 12:50:53 - [MESSAGE][FAILED] - Expected element property value '9481' is not equal with actual property value '1154'

2022-03-24 12:50:53 - [TEST_STEP][PASSED] - verifyElementPropertyValue(order, "GetDataOrderResponse.ListDataOrder[0].MerkID", o_merk, CONTINUE_ON_FAILURE): Verify element property value successfully

2022-03-24 12:50:53 - [MESSAGE][PASSED] - Verify element property value successfully

2022-03-24 12:50:53 - [TEST_STEP][FAILED] - verifyElementPropertyValue(order, "GetDataOrderResponse.ListDataOrder[0].TypeMobil", o_type, CONTINUE_ON_FAILURE): Expected element property value 'AVANZA 1.3 E M/T' is not equal with actual property value 'INNOVA VENTURER 2.0 AT'

2022-03-24 12:50:53 - [MESSAGE][FAILED] - Expected element property value 'AVANZA 1.3 E M/T' is not equal with actual property value 'INNOVA VENTURER 2.0 AT'

2022-03-24 12:50:53 - [TEST_STEP][PASSED] - verifyElementPropertyValue(order, "GetDataOrderResponse.ListDataOrder[0].JenisMobil", o_jenis, CONTINUE_ON_FAILURE): Verify element property value successfully

2022-03-24 12:50:53 - [MESSAGE][PASSED] - Verify element property value successfully

2022-03-24 12:50:53 - [TEST_STEP][PASSED] - verifyElementPropertyValue(order, "GetDataOrderResponse.ListDataOrder[0].TahunMobil", o_tahun, CONTINUE_ON_FAILURE): Verify element property value successfully

2022-03-24 12:50:53 - [MESSAGE][PASSED] - Verify element property value successfully

2022-03-24 12:50:53 - [TEST_STEP][FAILED] - verifyElementPropertyValue(order, "GetDataOrderResponse.ListDataOrder[0].Warna", o_warna, CONTINUE_ON_FAILURE): Expected element property value 'HITAM METALIK' is not equal with actual property value 'PUTIH'

2022-03-24 12:50:53 - [MESSAGE][FAILED] - Expected element property value 'HITAM METALIK' is not equal with actual property value 'PUTIH'

2022-03-24 12:50:53 - [TEST_STEP][FAILED] - verifyElementPropertyValue(order, "GetDataOrderResponse.ListDataOrder[0].NoRangka", o_norangka, CONTINUE_ON_FAILURE): Expected element property value 'MHKM5EA2JHK035360' is not equal with actual property value 'MHFAW8EM4H0206354'

2022-03-24 12:50:53 - [MESSAGE][FAILED] - Expected element property value 'MHKM5EA2JHK035360' is not equal with actual property value 'MHFAW8EM4H0206354'

2022-03-24 12:50:53 - [TEST_STEP][FAILED] - verifyElementPropertyValue(order, "GetDataOrderResponse.ListDataOrder[0].NoMesin", o_nomesin, CONTINUE_ON_FAILURE): Expected element property value '1NRF319498' is not equal with actual property value '1TRA295932'

2022-03-24 12:50:53 - [MESSAGE][FAILED] - Expected element property value '1NRF319498' is not equal with actual property value '1TRA295932'

2022-03-24 12:50:53 - [TEST_STEP][FAILED] - verifyElementPropertyValue(order, "GetDataOrderResponse.ListDataOrder[0].NoPolisi", o_nopol, CONTINUE_ON_FAILURE): Expected element property value 'L 1567 II' is not equal with actual property value 'B 2726 BOM'

2022-03-24 12:50:53 - [MESSAGE][FAILED] - Expected element property value 'L 1567 II' is not equal with actual property value 'B 2726 BOM'

2022-03-24 12:50:53 - [TEST_STEP][FAILED] - verifyElementPropertyValue(order, "GetDataOrderResponse.ListDataOrder[0].NamaBPKB", o_namabpkb, CONTINUE_ON_FAILURE): Expected element property value 'CSM CORPORATAMA, PT' is not equal with actual property value 'PT AUTORENT LANCAR S'

2022-03-24 12:50:53 - [MESSAGE][FAILED] - Expected element property value 'CSM CORPORATAMA, PT' is not equal with actual property value 'PT AUTORENT LANCAR S'

2022-03-24 12:50:53 - [TEST_STEP][FAILED] - verifyElementPropertyValue(order, "GetDataOrderResponse.ListDataOrder[0].KategoriMobil", o_kategori, CONTINUE_ON_FAILURE): Expected element property value '3 ' is not equal with actual property value '14'

2022-03-24 12:50:53 - [MESSAGE][FAILED] - Expected element property value '3 ' is not equal with actual property value '14'

2022-03-24 12:50:53 - [TEST_STEP][PASSED] - verifyElementPropertyValue(order, "GetDataOrderResponse.ListDataOrder[0].PenggunaanKendaraan", o_purpose, CONTINUE_ON_FAILURE): Verify element property value successfully

2022-03-24 12:50:53 - [MESSAGE][PASSED] - Verify element property value successfully

2022-03-24 12:50:53 - [TEST_STEP][PASSED] - verifyElementPropertyValue(order, "GetDataOrderResponse.ListDataOrder[0].Kondisi", o_kondisi, CONTINUE_ON_FAILURE): Verify element property value successfully

2022-03-24 12:50:53 - [MESSAGE][PASSED] - Verify element property value successfully

2022-03-24 12:50:53 - [TEST_STEP][PASSED] - verifyElementPropertyValue(order, "GetDataOrderResponse.ListDataOrder[0].Accessories1", o_acc1, CONTINUE_ON_FAILURE): Verify element property value successfully

2022-03-24 12:50:53 - [MESSAGE][PASSED] - Verify element property value successfully

2022-03-24 12:50:53 - [TEST_STEP][PASSED] - verifyElementPropertyValue(order, "GetDataOrderResponse.ListDataOrder[0].Accessories2", o_acc2, CONTINUE_ON_FAILURE): Verify element property value successfully

2022-03-24 12:50:53 - [MESSAGE][PASSED] - Verify element property value successfully

2022-03-24 12:50:53 - [TEST_STEP][PASSED] - verifyElementPropertyValue(order, "GetDataOrderResponse.ListDataOrder[0].Accessories3", o_acc3, CONTINUE_ON_FAILURE): Verify element property value successfully

2022-03-24 12:50:53 - [MESSAGE][PASSED] - Verify element property value successfully

2022-03-24 12:50:53 - [TEST_STEP][PASSED] - verifyElementPropertyValue(order, "GetDataOrderResponse.ListDataOrder[0].Accessories4", o_acc4, CONTINUE_ON_FAILURE): Verify element property value successfully

2022-03-24 12:50:53 - [MESSAGE][PASSED] - Verify element property value successfully

2022-03-24 12:50:53 - [TEST_STEP][PASSED] - verifyElementPropertyValue(order, "GetDataOrderResponse.ListDataOrder[0].Accessories5", o_acc5, CONTINUE_ON_FAILURE): Verify element property value successfully

2022-03-24 12:50:53 - [MESSAGE][PASSED] - Verify element property value successfully

2022-03-24 12:50:53 - [TEST_STEP][PASSED] - verifyElementPropertyValue(order, "GetDataOrderResponse.ListDataOrder[0].HargaAccessories1", o_harga_acc1, CONTINUE_ON_FAILURE): Verify element property value successfully

2022-03-24 12:50:53 - [MESSAGE][PASSED] - Verify element property value successfully

2022-03-24 12:50:53 - [TEST_STEP][PASSED] - verifyElementPropertyValue(order, "GetDataOrderResponse.ListDataOrder[0].HargaAccessories2", o_harga_acc2, CONTINUE_ON_FAILURE): Verify element property value successfully

2022-03-24 12:50:53 - [MESSAGE][PASSED] - Verify element property value successfully

2022-03-24 12:50:53 - [TEST_STEP][PASSED] - verifyElementPropertyValue(order, "GetDataOrderResponse.ListDataOrder[0].HargaAccessories3", o_harga_acc3, CONTINUE_ON_FAILURE): Verify element property value successfully

2022-03-24 12:50:53 - [MESSAGE][PASSED] - Verify element property value successfully

2022-03-24 12:50:53 - [TEST_STEP][PASSED] - verifyElementPropertyValue(order, "GetDataOrderResponse.ListDataOrder[0].HargaAccessories4", o_harga_acc4, CONTINUE_ON_FAILURE): Verify element property value successfully

2022-03-24 12:50:53 - [MESSAGE][PASSED] - Verify element property value successfully

2022-03-24 12:50:53 - [TEST_STEP][PASSED] - verifyElementPropertyValue(order, "GetDataOrderResponse.ListDataOrder[0].HargaAccessories5", o_harga_acc5, CONTINUE_ON_FAILURE): Verify element property value successfully

2022-03-24 12:50:53 - [MESSAGE][PASSED] - Verify element property value successfully

2022-03-24 12:50:53 - [TEST_STEP][PASSED] - verifyElementPropertyValue(order, "GetDataOrderResponse.ListDataOrder[0].OverKredit", o_overkredit, CONTINUE_ON_FAILURE): Verify element property value successfully

2022-03-24 12:50:53 - [MESSAGE][PASSED] - Verify element property value successfully

2022-03-24 12:50:53 - [TEST_STEP][PASSED] - verifyElementPropertyValue(order, "GetDataOrderResponse.ListDataOrder[0].Restructure", o_restructure, CONTINUE_ON_FAILURE): Verify element property value successfully

2022-03-24 12:50:53 - [MESSAGE][PASSED] - Verify element property value successfully

2022-03-24 12:50:53 - [TEST_STEP][PASSED] - verifyElementPropertyValue(order, "GetDataOrderResponse.ListDataOrder[0].NoPolisLama", o_nopol_lama, CONTINUE_ON_FAILURE): Verify element property value successfully

2022-03-24 12:50:53 - [MESSAGE][PASSED] - Verify element property value successfully

2022-03-24 12:50:53 - [TEST_STEP][PASSED] - verifyElementPropertyValue(order, "GetDataOrderResponse.ListDataOrder[0].MailAddress", o_mail_addr, CONTINUE_ON_FAILURE): Verify element property value successfully

2022-03-24 12:50:53 - [MESSAGE][PASSED] - Verify element property value successfully

2022-03-24 12:50:53 - [TEST_STEP][PASSED] - verifyElementPropertyValue(order, "GetDataOrderResponse.ListDataOrder[0].KabKodya", o_kab_kodya, CONTINUE_ON_FAILURE): Verify element property value successfully

2022-03-24 12:50:53 - [MESSAGE][PASSED] - Verify element property value successfully

2022-03-24 12:50:53 - [TEST_STEP][FAILED] - verifyElementPropertyValue(order, "GetDataOrderResponse.ListDataOrder[0].PostalCode", o_postal_code, CONTINUE_ON_FAILURE): Expected element property value '60134' is not equal with actual property value '12610'

2022-03-24 12:50:53 - [MESSAGE][FAILED] - Expected element property value '60134' is not equal with actual property value '12610'

2022-03-24 12:50:53 - [TEST_STEP][PASSED] - verifyElementPropertyValue(order, "GetDataOrderResponse.ListDataOrder[0].PaketMobil", o_packet, CONTINUE_ON_FAILURE): Verify element property value successfully

2022-03-24 12:50:53 - [MESSAGE][PASSED] - Verify element property value successfully

2022-03-24 12:50:53 - [TEST_STEP][PASSED] - verifyElementPropertyValue(order, "GetDataOrderResponse.ListDataOrder[0].CustType", o_cust_type, CONTINUE_ON_FAILURE): Verify element property value successfully

2022-03-24 12:50:53 - [MESSAGE][PASSED] - Verify element property value successfully

2022-03-24 12:50:53 - [TEST_STEP][FAILED] - verifyElementPropertyValue(order, "GetDataOrderResponse.ListDataOrder[0].IdentityNo", o_nik, CONTINUE_ON_FAILURE): Expected element property value 'SCRAMBLE' is not equal with actual property value '09.5307.120661.7004'

2022-03-24 12:50:53 - [MESSAGE][FAILED] - Expected element property value 'SCRAMBLE' is not equal with actual property value '09.5307.120661.7004'

2022-03-24 12:50:53 - [TEST_STEP][PASSED] - verifyElementPropertyValue(order, "GetDataOrderResponse.ListDataOrder[0].BirthPlace", o_birth_place, CONTINUE_ON_FAILURE): Verify element property value successfully

2022-03-24 12:50:53 - [MESSAGE][PASSED] - Verify element property value successfully

2022-03-24 12:50:53 - [TEST_STEP][FAILED] - verifyElementPropertyValue(order, "GetDataOrderResponse.ListDataOrder[0].BirthDate", o_birth_date, CONTINUE_ON_FAILURE): Expected element property value '20220212' is not equal with actual property value '19610612'

2022-03-24 12:50:53 - [MESSAGE][FAILED] - Expected element property value '20220212' is not equal with actual property value '19610612'

2022-03-24 12:50:53 - [TEST_STEP][PASSED] - verifyElementPropertyValue(order, "GetDataOrderResponse.ListDataOrder[0].Occupation", o_occp, CONTINUE_ON_FAILURE): Verify element property value successfully

2022-03-24 12:50:53 - [MESSAGE][PASSED] - Verify element property value successfully

2022-03-24 12:50:53 - [TEST_STEP][PASSED] - verifyElementPropertyValue(order, "GetDataOrderResponse.ListDataOrder[0].AlamatKTP", o_ktp_addr, CONTINUE_ON_FAILURE): Verify element property value successfully

2022-03-24 12:50:54 - [MESSAGE][PASSED] - Verify element property value successfully

2022-03-24 12:50:54 - [TEST_STEP][PASSED] - verifyElementPropertyValue(order, "GetDataOrderResponse.ListDataOrder[0].KelurahanKTP", o_ktp_kel, CONTINUE_ON_FAILURE): Verify element property value successfully

2022-03-24 12:50:54 - [MESSAGE][PASSED] - Verify element property value successfully

2022-03-24 12:50:54 - [TEST_STEP][PASSED] - verifyElementPropertyValue(order, "GetDataOrderResponse.ListDataOrder[0].KecamatanKTP", o_ktp_kec, CONTINUE_ON_FAILURE): Verify element property value successfully

2022-03-24 12:50:54 - [MESSAGE][PASSED] - Verify element property value successfully

2022-03-24 12:50:54 - [TEST_STEP][PASSED] - verifyElementPropertyValue(order, "GetDataOrderResponse.ListDataOrder[0].KabKodyaKTP", o_ktp_kabkodya, CONTINUE_ON_FAILURE): Verify element property value successfully

2022-03-24 12:50:54 - [MESSAGE][PASSED] - Verify element property value successfully

2022-03-24 12:50:54 - [TEST_STEP][PASSED] - verifyElementPropertyValue(order, "GetDataOrderResponse.ListDataOrder[0].ProvinsiKTP", o_ktp_prov, CONTINUE_ON_FAILURE): Verify element property value successfully

2022-03-24 12:50:54 - [MESSAGE][PASSED] - Verify element property value successfully

2022-03-24 12:50:54 - [TEST_STEP][FAILED] - verifyElementPropertyValue(order, "GetDataOrderResponse.ListDataOrder[0].PostalCodeKTP", o_ktp_postal_code, CONTINUE_ON_FAILURE): Expected element property value '60134' is not equal with actual property value '12610'

2022-03-24 12:50:54 - [MESSAGE][FAILED] - Expected element property value '60134' is not equal with actual property value '12610'

2022-03-24 12:50:54 - [TEST_STEP][FAILED] - verifyElementPropertyValue(order, "GetDataOrderResponse.ListDataOrder[0].DealerName", o_ktp_dealer_name, CONTINUE_ON_FAILURE): Expected element property value 'OLX AUTOS' is not equal with actual property value '21 Auto Cars'

2022-03-24 12:50:54 - [MESSAGE][FAILED] - Expected element property value 'OLX AUTOS' is not equal with actual property value '21 Auto Cars'

2022-03-24 12:50:54 - [TEST_STEP][FAILED] - switch (tenor): null

2022-03-24 12:50:54 - [TEST_STEP][FAILED] - case "4":: null

2022-03-24 12:50:54 - [TEST_STEP][PASSED] - order2 = sendRequest(findTestObject("3. Get-data-order", ["s_key":global_token, "c_id":c_id, "order_date":order_date, "page":page, "rows":rows])): Send request successfully

2022-03-24 12:50:55 - [MESSAGE][INFO] - HAR: I:\app-testing\app-project\Order car insurance\order-car-insurance\Reports\20220324_124757\Get data order\20220324_124758\requests\main\44.har

2022-03-24 12:50:55 - [MESSAGE][PASSED] - Send request successfully

2022-03-24 12:50:55 - [TEST_STEP][PASSED] - get_order2 = order.getResponseText(): null

2022-03-24 12:50:55 - [TEST_STEP][FAILED] - verifyElementPropertyValue(order, "GetDataOrderResponse.ListDataOrder[0].InsuranceData[0].KondisiPertanggungan", o_kond_pertanggungan_0, CONTINUE_ON_FAILURE): Expected element property value ' ' is not equal with actual property value ''

2022-03-24 12:50:55 - [MESSAGE][FAILED] - Expected element property value ' ' is not equal with actual property value ''

2022-03-24 12:50:55 - [TEST_STEP][PASSED] - verifyElementPropertyValue(order, "GetDataOrderResponse.ListDataOrder[0].InsuranceData[0].TJH", o_tjh_header_0, CONTINUE_ON_FAILURE): Verify element property value successfully

2022-03-24 12:50:55 - [MESSAGE][PASSED] - Verify element property value successfully

2022-03-24 12:50:55 - [TEST_STEP][FAILED] - verifyElementPropertyValue(order, "GetDataOrderResponse.ListDataOrder[0].InsuranceData[0].InsuredValue", o_ins_val_0, CONTINUE_ON_FAILURE): Expected element property value '127500000.00' is not equal with actual property value '360000000.00'

2022-03-24 12:50:55 - [MESSAGE][FAILED] - Expected element property value '127500000.00' is not equal with actual property value '360000000.00'

2022-03-24 12:50:55 - [TEST_STEP][PASSED] - verifyElementPropertyValue(order, "GetDataOrderResponse.ListDataOrder[0].InsuranceData[0].InsuredFrom", o_ins_form_0, CONTINUE_ON_FAILURE): Verify element property value successfully

2022-03-24 12:50:55 - [MESSAGE][PASSED] - Verify element property value successfully

2022-03-24 12:50:55 - [TEST_STEP][PASSED] - verifyElementPropertyValue(order, "GetDataOrderResponse.ListDataOrder[0].InsuranceData[0].InsuredTo", o_ins_to_0, CONTINUE_ON_FAILURE): Verify element property value successfully

2022-03-24 12:50:55 - [MESSAGE][PASSED] - Verify element property value successfully

2022-03-24 12:50:55 - [TEST_STEP][FAILED] - verifyElementPropertyValue(order, "GetDataOrderResponse.ListDataOrder[0].InsuranceData[0].Rate", o_rate_0, CONTINUE_ON_FAILURE): Expected element property value '0.3212' is not equal with actual property value '1.5184'

2022-03-24 12:50:55 - [MESSAGE][FAILED] - Expected element property value '0.3212' is not equal with actual property value '1.5184'

2022-03-24 12:50:55 - [TEST_STEP][FAILED] - verifyElementPropertyValue(order, "GetDataOrderResponse.ListDataOrder[0].InsuranceData[0].GrossPremi", o_gross_premi_0, CONTINUE_ON_FAILURE): Expected element property value '409530.00' is not equal with actual property value '5466240.00'

2022-03-24 12:50:55 - [MESSAGE][FAILED] - Expected element property value '409530.00' is not equal with actual property value '5466240.00'

2022-03-24 12:50:55 - [TEST_STEP][PASSED] - verifyElementPropertyValue(order, "GetDataOrderResponse.ListDataOrder[0].InsuranceData[0].Discount", o_discount_0, CONTINUE_ON_FAILURE): Verify element property value successfully

2022-03-24 12:50:55 - [MESSAGE][PASSED] - Verify element property value successfully

2022-03-24 12:50:55 - [TEST_STEP][PASSED] - verifyElementPropertyValue(order, "GetDataOrderResponse.ListDataOrder[0].InsuranceData[0].Adm", o_adm_0, CONTINUE_ON_FAILURE): Verify element property value successfully

2022-03-24 12:50:55 - [MESSAGE][PASSED] - Verify element property value successfully

2022-03-24 12:50:55 - [TEST_STEP][FAILED] - verifyElementPropertyValue(order, "GetDataOrderResponse.ListDataOrder[0].InsuranceData[0].NetPremi", o_netpremi_0, CONTINUE_ON_FAILURE): Expected element property value '409530.00' is not equal with actual property value '5466240.00'

2022-03-24 12:50:55 - [MESSAGE][FAILED] - Expected element property value '409530.00' is not equal with actual property value '5466240.00'

2022-03-24 12:50:55 - [TEST_STEP][PASSED] - verifyElementPropertyValue(order, "GetDataOrderResponse.ListDataOrder[0].InsuranceData[0].PerluasanJaminan.TJH", o_tjh_val_0, CONTINUE_ON_FAILURE): Verify element property value successfully

2022-03-24 12:50:55 - [MESSAGE][PASSED] - Verify element property value successfully

2022-03-24 12:50:55 - [TEST_STEP][PASSED] - verifyElementPropertyValue(order, "GetDataOrderResponse.ListDataOrder[0].InsuranceData[0].PerluasanJaminan.RSCC", o_rscc_val_0, CONTINUE_ON_FAILURE): Verify element property value successfully

2022-03-24 12:50:55 - [MESSAGE][PASSED] - Verify element property value successfully

2022-03-24 12:50:55 - [TEST_STEP][PASSED] - verifyElementPropertyValue(order, "GetDataOrderResponse.ListDataOrder[0].InsuranceData[0].PerluasanJaminan.Banjir", o_rsmb_val_0, CONTINUE_ON_FAILURE): Verify element property value successfully

2022-03-24 12:50:55 - [MESSAGE][PASSED] - Verify element property value successfully

2022-03-24 12:50:55 - [TEST_STEP][PASSED] - verifyElementPropertyValue(order, "GetDataOrderResponse.ListDataOrder[0].InsuranceData[0].PerluasanJaminan.Accessories", o_acc_val_0, CONTINUE_ON_FAILURE): Verify element property value successfully

2022-03-24 12:50:55 - [MESSAGE][PASSED] - Verify element property value successfully

2022-03-24 12:50:55 - [TEST_STEP][PASSED] - verifyElementPropertyValue(order, "GetDataOrderResponse.ListDataOrder[0].InsuranceData[1].KondisiPertanggungan", o_kond_pertanggungan_1, CONTINUE_ON_FAILURE): Verify element property value successfully

2022-03-24 12:50:55 - [MESSAGE][PASSED] - Verify element property value successfully

2022-03-24 12:50:55 - [TEST_STEP][PASSED] - verifyElementPropertyValue(order, "GetDataOrderResponse.ListDataOrder[0].InsuranceData[1].TJH", o_tjh_header_1, CONTINUE_ON_FAILURE): Verify element property value successfully

2022-03-24 12:50:55 - [MESSAGE][PASSED] - Verify element property value successfully

2022-03-24 12:50:55 - [TEST_STEP][FAILED] - verifyElementPropertyValue(order, "GetDataOrderResponse.ListDataOrder[0].InsuranceData[1].InsuredValue", o_ins_val_1, CONTINUE_ON_FAILURE): Expected element property value '127500000.00' is not equal with actual property value '360000000.00'

2022-03-24 12:50:55 - [MESSAGE][FAILED] - Expected element property value '127500000.00' is not equal with actual property value '360000000.00'

2022-03-24 12:50:55 - [TEST_STEP][PASSED] - verifyElementPropertyValue(order, "GetDataOrderResponse.ListDataOrder[0].InsuranceData[1].InsuredFrom", o_ins_form_1, CONTINUE_ON_FAILURE): Verify element property value successfully

2022-03-24 12:50:55 - [MESSAGE][PASSED] - Verify element property value successfully

2022-03-24 12:50:55 - [TEST_STEP][PASSED] - verifyElementPropertyValue(order, "GetDataOrderResponse.ListDataOrder[0].InsuranceData[1].InsuredTo", o_ins_to_1, CONTINUE_ON_FAILURE): Verify element property value successfully

2022-03-24 12:50:55 - [MESSAGE][PASSED] - Verify element property value successfully

2022-03-24 12:50:55 - [TEST_STEP][FAILED] - verifyElementPropertyValue(order, "GetDataOrderResponse.ListDataOrder[0].InsuranceData[1].Rate", o_rate_1, CONTINUE_ON_FAILURE): Expected element property value '0.3212' is not equal with actual property value '0.2774'

2022-03-24 12:50:55 - [MESSAGE][FAILED] - Expected element property value '0.3212' is not equal with actual property value '0.2774'

2022-03-24 12:50:55 - [TEST_STEP][FAILED] - verifyElementPropertyValue(order, "GetDataOrderResponse.ListDataOrder[0].InsuranceData[1].GrossPremi", o_gross_premi_1, CONTINUE_ON_FAILURE): Expected element property value '409530.00' is not equal with actual property value '998640.00'

2022-03-24 12:50:55 - [MESSAGE][FAILED] - Expected element property value '409530.00' is not equal with actual property value '998640.00'

2022-03-24 12:50:55 - [TEST_STEP][PASSED] - verifyElementPropertyValue(order, "GetDataOrderResponse.ListDataOrder[0].InsuranceData[1].Discount", o_discount_1, CONTINUE_ON_FAILURE): Verify element property value successfully

2022-03-24 12:50:55 - [MESSAGE][PASSED] - Verify element property value successfully

2022-03-24 12:50:55 - [TEST_STEP][PASSED] - verifyElementPropertyValue(order, "GetDataOrderResponse.ListDataOrder[0].InsuranceData[1].Adm", o_adm_1, CONTINUE_ON_FAILURE): Verify element property value successfully

2022-03-24 12:50:55 - [MESSAGE][PASSED] - Verify element property value successfully

2022-03-24 12:50:55 - [TEST_STEP][FAILED] - verifyElementPropertyValue(order, "GetDataOrderResponse.ListDataOrder[0].InsuranceData[1].NetPremi", o_netpremi_1, CONTINUE_ON_FAILURE): Expected element property value '409530.00' is not equal with actual property value '998640.00'

2022-03-24 12:50:55 - [MESSAGE][FAILED] - Expected element property value '409530.00' is not equal with actual property value '998640.00'

2022-03-24 12:50:55 - [TEST_STEP][PASSED] - verifyElementPropertyValue(order, "GetDataOrderResponse.ListDataOrder[0].InsuranceData[1].PerluasanJaminan.TJH", o_tjh_val_1, CONTINUE_ON_FAILURE): Verify element property value successfully

2022-03-24 12:50:55 - [MESSAGE][PASSED] - Verify element property value successfully

2022-03-24 12:50:55 - [TEST_STEP][PASSED] - verifyElementPropertyValue(order, "GetDataOrderResponse.ListDataOrder[0].InsuranceData[1].PerluasanJaminan.RSCC", o_rscc_val_1, CONTINUE_ON_FAILURE): Verify element property value successfully

2022-03-24 12:50:55 - [MESSAGE][PASSED] - Verify element property value successfully

2022-03-24 12:50:55 - [TEST_STEP][PASSED] - verifyElementPropertyValue(order, "GetDataOrderResponse.ListDataOrder[0].InsuranceData[1].PerluasanJaminan.Banjir", o_rsmb_val_1, CONTINUE_ON_FAILURE): Verify element property value successfully

2022-03-24 12:50:55 - [MESSAGE][PASSED] - Verify element property value successfully

2022-03-24 12:50:55 - [TEST_STEP][PASSED] - verifyElementPropertyValue(order, "GetDataOrderResponse.ListDataOrder[0].InsuranceData[1].PerluasanJaminan.Accessories", o_acc_val_1, CONTINUE_ON_FAILURE): Verify element property value successfully

2022-03-24 12:50:55 - [MESSAGE][PASSED] - Verify element property value successfully

2022-03-24 12:50:55 - [TEST_STEP][PASSED] - verifyElementPropertyValue(order, "GetDataOrderResponse.ListDataOrder[0].InsuranceData[2].KondisiPertanggungan", o_kond_pertanggungan_2, CONTINUE_ON_FAILURE): Verify element property value successfully

2022-03-24 12:50:55 - [MESSAGE][PASSED] - Verify element property value successfully

2022-03-24 12:50:55 - [TEST_STEP][PASSED] - verifyElementPropertyValue(order, "GetDataOrderResponse.ListDataOrder[0].InsuranceData[2].TJH", o_tjh_header_2, CONTINUE_ON_FAILURE): Verify element property value successfully

2022-03-24 12:50:56 - [MESSAGE][PASSED] - Verify element property value successfully

2022-03-24 12:50:56 - [TEST_STEP][FAILED] - verifyElementPropertyValue(order, "GetDataOrderResponse.ListDataOrder[0].InsuranceData[2].InsuredValue", o_ins_val_2, CONTINUE_ON_FAILURE): Expected element property value '127500000.00' is not equal with actual property value '360000000.00'

2022-03-24 12:50:56 - [MESSAGE][FAILED] - Expected element property value '127500000.00' is not equal with actual property value '360000000.00'

2022-03-24 12:50:56 - [TEST_STEP][PASSED] - verifyElementPropertyValue(order, "GetDataOrderResponse.ListDataOrder[0].InsuranceData[2].InsuredFrom", o_ins_form_2, CONTINUE_ON_FAILURE): Verify element property value successfully

2022-03-24 12:50:56 - [MESSAGE][PASSED] - Verify element property value successfully

2022-03-24 12:50:56 - [TEST_STEP][PASSED] - verifyElementPropertyValue(order, "GetDataOrderResponse.ListDataOrder[0].InsuranceData[2].InsuredTo", o_ins_to_2, CONTINUE_ON_FAILURE): Verify element property value successfully

2022-03-24 12:50:56 - [MESSAGE][PASSED] - Verify element property value successfully

2022-03-24 12:50:56 - [TEST_STEP][FAILED] - verifyElementPropertyValue(order, "GetDataOrderResponse.ListDataOrder[0].InsuranceData[2].Rate", o_rate_2, CONTINUE_ON_FAILURE): Expected element property value '0.3212' is not equal with actual property value '0.2774'

2022-03-24 12:50:56 - [MESSAGE][FAILED] - Expected element property value '0.3212' is not equal with actual property value '0.2774'

2022-03-24 12:50:56 - [TEST_STEP][FAILED] - verifyElementPropertyValue(order, "GetDataOrderResponse.ListDataOrder[0].InsuranceData[2].GrossPremi", o_gross_premi_2, CONTINUE_ON_FAILURE): Expected element property value '409530.00' is not equal with actual property value '998640.00'

2022-03-24 12:50:56 - [MESSAGE][FAILED] - Expected element property value '409530.00' is not equal with actual property value '998640.00'

2022-03-24 12:50:56 - [TEST_STEP][PASSED] - verifyElementPropertyValue(order, "GetDataOrderResponse.ListDataOrder[0].InsuranceData[2].Discount", o_discount_2, CONTINUE_ON_FAILURE): Verify element property value successfully

2022-03-24 12:50:56 - [MESSAGE][PASSED] - Verify element property value successfully

2022-03-24 12:50:56 - [TEST_STEP][PASSED] - verifyElementPropertyValue(order, "GetDataOrderResponse.ListDataOrder[0].InsuranceData[2].Adm", o_adm_2, CONTINUE_ON_FAILURE): Verify element property value successfully

2022-03-24 12:50:56 - [MESSAGE][PASSED] - Verify element property value successfully

2022-03-24 12:50:56 - [TEST_STEP][FAILED] - verifyElementPropertyValue(order, "GetDataOrderResponse.ListDataOrder[0].InsuranceData[2].NetPremi", o_netpremi_2, CONTINUE_ON_FAILURE): Expected element property value '409530.00' is not equal with actual property value '998640.00'

2022-03-24 12:50:56 - [MESSAGE][FAILED] - Expected element property value '409530.00' is not equal with actual property value '998640.00'

2022-03-24 12:50:56 - [TEST_STEP][PASSED] - verifyElementPropertyValue(order, "GetDataOrderResponse.ListDataOrder[0].InsuranceData[2].PerluasanJaminan.TJH", o_tjh_val_2, CONTINUE_ON_FAILURE): Verify element property value successfully

2022-03-24 12:50:56 - [MESSAGE][PASSED] - Verify element property value successfully

2022-03-24 12:50:56 - [TEST_STEP][PASSED] - verifyElementPropertyValue(order, "GetDataOrderResponse.ListDataOrder[0].InsuranceData[2].PerluasanJaminan.RSCC", o_rscc_val_2, CONTINUE_ON_FAILURE): Verify element property value successfully

2022-03-24 12:50:56 - [MESSAGE][PASSED] - Verify element property value successfully

2022-03-24 12:50:56 - [TEST_STEP][PASSED] - verifyElementPropertyValue(order, "GetDataOrderResponse.ListDataOrder[0].InsuranceData[2].PerluasanJaminan.Banjir", o_rsmb_val_2, CONTINUE_ON_FAILURE): Verify element property value successfully

2022-03-24 12:50:56 - [MESSAGE][PASSED] - Verify element property value successfully

2022-03-24 12:53:06 - [TEST_STEP][PASSED] - verifyElementPropertyValue(order, "GetDataOrderResponse.ListDataOrder[0].InsuranceData[2].PerluasanJaminan.Accessories", o_acc_val_2, CONTINUE_ON_FAILURE): Verify element property value successfully

2022-03-24 12:53:06 - [MESSAGE][PASSED] - Verify element property value successfully

2022-03-24 12:53:06 - [TEST_STEP][FAILED] - verifyElementPropertyValue(order, "GetDataOrderResponse.ListDataOrder[0].InsuranceData[3].KondisiPertanggungan", o_kond_pertanggungan_3, CONTINUE_ON_FAILURE): Unable to verify element property value (Root cause: java.lang.NullPointerException: Cannot get property 'KondisiPertanggungan' on null object
	at Script1.run(Script1.groovy:1)
	at com.kms.katalon.core.webservice.helper.WebServiceCommonHelper.parseAndGetPropertyValueForJson(WebServiceCommonHelper.java:213)
	at com.kms.katalon.core.webservice.keyword.builtin.VerifyElementPropertyValueKeyword$_verifyElementPropertyValue_closure1.doCall(VerifyElementPropertyValueKeyword.groovy:52)
	at com.kms.katalon.core.webservice.keyword.builtin.VerifyElementPropertyValueKeyword$_verifyElementPropertyValue_closure1.call(VerifyElementPropertyValueKeyword.groovy)
	at com.kms.katalon.core.keyword.internal.KeywordMain.runKeyword(KeywordMain.groovy:74)
	at com.kms.katalon.core.webservice.keyword.builtin.VerifyElementPropertyValueKeyword.verifyElementPropertyValue(VerifyElementPropertyValueKeyword.groovy:48)
	at com.kms.katalon.core.webservice.keyword.builtin.VerifyElementPropertyValueKeyword.execute(VerifyElementPropertyValueKeyword.groovy:43)
	at com.kms.katalon.core.keyword.internal.KeywordExecutor.executeKeywordForPlatform(KeywordExecutor.groovy:74)
	at com.kms.katalon.core.webservice.keyword.WSBuiltInKeywords.verifyElementPropertyValue(WSBuiltInKeywords.groovy:175)
	at com.kms.katalon.core.webservice.keyword.WSBuiltInKeywords$verifyElementPropertyValue$0.call(Unknown Source)
	at 1. get token - data order.run(1. get token - data order:546)
	at com.kms.katalon.core.main.ScriptEngine.run(ScriptEngine.java:194)
	at com.kms.katalon.core.main.ScriptEngine.runScriptAsRawText(ScriptEngine.java:119)
	at com.kms.katalon.core.main.TestCaseExecutor.runScript(TestCaseExecutor.java:442)
	at com.kms.katalon.core.main.TestCaseExecutor.doExecute(TestCaseExecutor.java:433)
	at com.kms.katalon.core.main.TestCaseExecutor.processExecutionPhase(TestCaseExecutor.java:412)
	at com.kms.katalon.core.main.TestCaseExecutor.accessMainPhase(TestCaseExecutor.java:404)
	at com.kms.katalon.core.main.TestCaseExecutor.execute(TestCaseExecutor.java:281)
	at com.kms.katalon.core.main.TestSuiteExecutor.accessTestCaseMainPhase(TestSuiteExecutor.java:202)
	at com.kms.katalon.core.main.TestSuiteExecutor.accessTestSuiteMainPhase(TestSuiteExecutor.java:164)
	at com.kms.katalon.core.main.TestSuiteExecutor.execute(TestSuiteExecutor.java:105)
	at com.kms.katalon.core.main.TestCaseMain.startTestSuite(TestCaseMain.java:181)
	at com.kms.katalon.core.main.TestCaseMain$startTestSuite$0.call(Unknown Source)
	at TempTestSuite1648100878643.run(TempTestSuite1648100878643.groovy:36)
)

2022-03-24 12:53:06 - [MESSAGE][FAILED] - Unable to verify element property value (Root cause: java.lang.NullPointerException: Cannot get property 'KondisiPertanggungan' on null object
	at Script1.run(Script1.groovy:1)
	at com.kms.katalon.core.webservice.helper.WebServiceCommonHelper.parseAndGetPropertyValueForJson(WebServiceCommonHelper.java:213)
	at com.kms.katalon.core.webservice.keyword.builtin.VerifyElementPropertyValueKeyword$_verifyElementPropertyValue_closure1.doCall(VerifyElementPropertyValueKeyword.groovy:52)
	at com.kms.katalon.core.webservice.keyword.builtin.VerifyElementPropertyValueKeyword$_verifyElementPropertyValue_closure1.call(VerifyElementPropertyValueKeyword.groovy)
	at com.kms.katalon.core.keyword.internal.KeywordMain.runKeyword(KeywordMain.groovy:74)
	at com.kms.katalon.core.webservice.keyword.builtin.VerifyElementPropertyValueKeyword.verifyElementPropertyValue(VerifyElementPropertyValueKeyword.groovy:48)
	at com.kms.katalon.core.webservice.keyword.builtin.VerifyElementPropertyValueKeyword.execute(VerifyElementPropertyValueKeyword.groovy:43)
	at com.kms.katalon.core.keyword.internal.KeywordExecutor.executeKeywordForPlatform(KeywordExecutor.groovy:74)
	at com.kms.katalon.core.webservice.keyword.WSBuiltInKeywords.verifyElementPropertyValue(WSBuiltInKeywords.groovy:175)
	at com.kms.katalon.core.webservice.keyword.WSBuiltInKeywords$verifyElementPropertyValue$0.call(Unknown Source)
	at 1. get token - data order.run(1. get token - data order:546)
	at com.kms.katalon.core.main.ScriptEngine.run(ScriptEngine.java:194)
	at com.kms.katalon.core.main.ScriptEngine.runScriptAsRawText(ScriptEngine.java:119)
	at com.kms.katalon.core.main.TestCaseExecutor.runScript(TestCaseExecutor.java:442)
	at com.kms.katalon.core.main.TestCaseExecutor.doExecute(TestCaseExecutor.java:433)
	at com.kms.katalon.core.main.TestCaseExecutor.processExecutionPhase(TestCaseExecutor.java:412)
	at com.kms.katalon.core.main.TestCaseExecutor.accessMainPhase(TestCaseExecutor.java:404)
	at com.kms.katalon.core.main.TestCaseExecutor.execute(TestCaseExecutor.java:281)
	at com.kms.katalon.core.main.TestSuiteExecutor.accessTestCaseMainPhase(TestSuiteExecutor.java:202)
	at com.kms.katalon.core.main.TestSuiteExecutor.accessTestSuiteMainPhase(TestSuiteExecutor.java:164)
	at com.kms.katalon.core.main.TestSuiteExecutor.execute(TestSuiteExecutor.java:105)
	at com.kms.katalon.core.main.TestCaseMain.startTestSuite(TestCaseMain.java:181)
	at com.kms.katalon.core.main.TestCaseMain$startTestSuite$0.call(Unknown Source)
	at TempTestSuite1648100878643.run(TempTestSuite1648100878643.groovy:36)
)

2022-03-24 12:53:06 - [TEST_STEP][FAILED] - verifyElementPropertyValue(order, "GetDataOrderResponse.ListDataOrder[0].InsuranceData[3].TJH", o_tjh_header_3, CONTINUE_ON_FAILURE): Unable to verify element property value (Root cause: java.lang.NullPointerException: Cannot get property 'TJH' on null object
	at Script1.run(Script1.groovy:1)
	at com.kms.katalon.core.webservice.helper.WebServiceCommonHelper.parseAndGetPropertyValueForJson(WebServiceCommonHelper.java:213)
	at com.kms.katalon.core.webservice.keyword.builtin.VerifyElementPropertyValueKeyword$_verifyElementPropertyValue_closure1.doCall(VerifyElementPropertyValueKeyword.groovy:52)
	at com.kms.katalon.core.webservice.keyword.builtin.VerifyElementPropertyValueKeyword$_verifyElementPropertyValue_closure1.call(VerifyElementPropertyValueKeyword.groovy)
	at com.kms.katalon.core.keyword.internal.KeywordMain.runKeyword(KeywordMain.groovy:74)
	at com.kms.katalon.core.webservice.keyword.builtin.VerifyElementPropertyValueKeyword.verifyElementPropertyValue(VerifyElementPropertyValueKeyword.groovy:48)
	at com.kms.katalon.core.webservice.keyword.builtin.VerifyElementPropertyValueKeyword.execute(VerifyElementPropertyValueKeyword.groovy:43)
	at com.kms.katalon.core.keyword.internal.KeywordExecutor.executeKeywordForPlatform(KeywordExecutor.groovy:74)
	at com.kms.katalon.core.webservice.keyword.WSBuiltInKeywords.verifyElementPropertyValue(WSBuiltInKeywords.groovy:175)
	at com.kms.katalon.core.webservice.keyword.WSBuiltInKeywords$verifyElementPropertyValue$0.call(Unknown Source)
	at 1. get token - data order.run(1. get token - data order:549)
	at com.kms.katalon.core.main.ScriptEngine.run(ScriptEngine.java:194)
	at com.kms.katalon.core.main.ScriptEngine.runScriptAsRawText(ScriptEngine.java:119)
	at com.kms.katalon.core.main.TestCaseExecutor.runScript(TestCaseExecutor.java:442)
	at com.kms.katalon.core.main.TestCaseExecutor.doExecute(TestCaseExecutor.java:433)
	at com.kms.katalon.core.main.TestCaseExecutor.processExecutionPhase(TestCaseExecutor.java:412)
	at com.kms.katalon.core.main.TestCaseExecutor.accessMainPhase(TestCaseExecutor.java:404)
	at com.kms.katalon.core.main.TestCaseExecutor.execute(TestCaseExecutor.java:281)
	at com.kms.katalon.core.main.TestSuiteExecutor.accessTestCaseMainPhase(TestSuiteExecutor.java:202)
	at com.kms.katalon.core.main.TestSuiteExecutor.accessTestSuiteMainPhase(TestSuiteExecutor.java:164)
	at com.kms.katalon.core.main.TestSuiteExecutor.execute(TestSuiteExecutor.java:105)
	at com.kms.katalon.core.main.TestCaseMain.startTestSuite(TestCaseMain.java:181)
	at com.kms.katalon.core.main.TestCaseMain$startTestSuite$0.call(Unknown Source)
	at TempTestSuite1648100878643.run(TempTestSuite1648100878643.groovy:36)
)

2022-03-24 12:53:06 - [MESSAGE][FAILED] - Unable to verify element property value (Root cause: java.lang.NullPointerException: Cannot get property 'TJH' on null object
	at Script1.run(Script1.groovy:1)
	at com.kms.katalon.core.webservice.helper.WebServiceCommonHelper.parseAndGetPropertyValueForJson(WebServiceCommonHelper.java:213)
	at com.kms.katalon.core.webservice.keyword.builtin.VerifyElementPropertyValueKeyword$_verifyElementPropertyValue_closure1.doCall(VerifyElementPropertyValueKeyword.groovy:52)
	at com.kms.katalon.core.webservice.keyword.builtin.VerifyElementPropertyValueKeyword$_verifyElementPropertyValue_closure1.call(VerifyElementPropertyValueKeyword.groovy)
	at com.kms.katalon.core.keyword.internal.KeywordMain.runKeyword(KeywordMain.groovy:74)
	at com.kms.katalon.core.webservice.keyword.builtin.VerifyElementPropertyValueKeyword.verifyElementPropertyValue(VerifyElementPropertyValueKeyword.groovy:48)
	at com.kms.katalon.core.webservice.keyword.builtin.VerifyElementPropertyValueKeyword.execute(VerifyElementPropertyValueKeyword.groovy:43)
	at com.kms.katalon.core.keyword.internal.KeywordExecutor.executeKeywordForPlatform(KeywordExecutor.groovy:74)
	at com.kms.katalon.core.webservice.keyword.WSBuiltInKeywords.verifyElementPropertyValue(WSBuiltInKeywords.groovy:175)
	at com.kms.katalon.core.webservice.keyword.WSBuiltInKeywords$verifyElementPropertyValue$0.call(Unknown Source)
	at 1. get token - data order.run(1. get token - data order:549)
	at com.kms.katalon.core.main.ScriptEngine.run(ScriptEngine.java:194)
	at com.kms.katalon.core.main.ScriptEngine.runScriptAsRawText(ScriptEngine.java:119)
	at com.kms.katalon.core.main.TestCaseExecutor.runScript(TestCaseExecutor.java:442)
	at com.kms.katalon.core.main.TestCaseExecutor.doExecute(TestCaseExecutor.java:433)
	at com.kms.katalon.core.main.TestCaseExecutor.processExecutionPhase(TestCaseExecutor.java:412)
	at com.kms.katalon.core.main.TestCaseExecutor.accessMainPhase(TestCaseExecutor.java:404)
	at com.kms.katalon.core.main.TestCaseExecutor.execute(TestCaseExecutor.java:281)
	at com.kms.katalon.core.main.TestSuiteExecutor.accessTestCaseMainPhase(TestSuiteExecutor.java:202)
	at com.kms.katalon.core.main.TestSuiteExecutor.accessTestSuiteMainPhase(TestSuiteExecutor.java:164)
	at com.kms.katalon.core.main.TestSuiteExecutor.execute(TestSuiteExecutor.java:105)
	at com.kms.katalon.core.main.TestCaseMain.startTestSuite(TestCaseMain.java:181)
	at com.kms.katalon.core.main.TestCaseMain$startTestSuite$0.call(Unknown Source)
	at TempTestSuite1648100878643.run(TempTestSuite1648100878643.groovy:36)
)

2022-03-24 12:53:06 - [TEST_STEP][FAILED] - verifyElementPropertyValue(order, "GetDataOrderResponse.ListDataOrder[0].InsuranceData[3].InsuredValue", o_ins_val_3, CONTINUE_ON_FAILURE): Unable to verify element property value (Root cause: java.lang.NullPointerException: Cannot get property 'InsuredValue' on null object
	at Script1.run(Script1.groovy:1)
	at com.kms.katalon.core.webservice.helper.WebServiceCommonHelper.parseAndGetPropertyValueForJson(WebServiceCommonHelper.java:213)
	at com.kms.katalon.core.webservice.keyword.builtin.VerifyElementPropertyValueKeyword$_verifyElementPropertyValue_closure1.doCall(VerifyElementPropertyValueKeyword.groovy:52)
	at com.kms.katalon.core.webservice.keyword.builtin.VerifyElementPropertyValueKeyword$_verifyElementPropertyValue_closure1.call(VerifyElementPropertyValueKeyword.groovy)
	at com.kms.katalon.core.keyword.internal.KeywordMain.runKeyword(KeywordMain.groovy:74)
	at com.kms.katalon.core.webservice.keyword.builtin.VerifyElementPropertyValueKeyword.verifyElementPropertyValue(VerifyElementPropertyValueKeyword.groovy:48)
	at com.kms.katalon.core.webservice.keyword.builtin.VerifyElementPropertyValueKeyword.execute(VerifyElementPropertyValueKeyword.groovy:43)
	at com.kms.katalon.core.keyword.internal.KeywordExecutor.executeKeywordForPlatform(KeywordExecutor.groovy:74)
	at com.kms.katalon.core.webservice.keyword.WSBuiltInKeywords.verifyElementPropertyValue(WSBuiltInKeywords.groovy:175)
	at com.kms.katalon.core.webservice.keyword.WSBuiltInKeywords$verifyElementPropertyValue$0.call(Unknown Source)
	at 1. get token - data order.run(1. get token - data order:551)
	at com.kms.katalon.core.main.ScriptEngine.run(ScriptEngine.java:194)
	at com.kms.katalon.core.main.ScriptEngine.runScriptAsRawText(ScriptEngine.java:119)
	at com.kms.katalon.core.main.TestCaseExecutor.runScript(TestCaseExecutor.java:442)
	at com.kms.katalon.core.main.TestCaseExecutor.doExecute(TestCaseExecutor.java:433)
	at com.kms.katalon.core.main.TestCaseExecutor.processExecutionPhase(TestCaseExecutor.java:412)
	at com.kms.katalon.core.main.TestCaseExecutor.accessMainPhase(TestCaseExecutor.java:404)
	at com.kms.katalon.core.main.TestCaseExecutor.execute(TestCaseExecutor.java:281)
	at com.kms.katalon.core.main.TestSuiteExecutor.accessTestCaseMainPhase(TestSuiteExecutor.java:202)
	at com.kms.katalon.core.main.TestSuiteExecutor.accessTestSuiteMainPhase(TestSuiteExecutor.java:164)
	at com.kms.katalon.core.main.TestSuiteExecutor.execute(TestSuiteExecutor.java:105)
	at com.kms.katalon.core.main.TestCaseMain.startTestSuite(TestCaseMain.java:181)
	at com.kms.katalon.core.main.TestCaseMain$startTestSuite$0.call(Unknown Source)
	at TempTestSuite1648100878643.run(TempTestSuite1648100878643.groovy:36)
)

2022-03-24 12:53:06 - [MESSAGE][FAILED] - Unable to verify element property value (Root cause: java.lang.NullPointerException: Cannot get property 'InsuredValue' on null object
	at Script1.run(Script1.groovy:1)
	at com.kms.katalon.core.webservice.helper.WebServiceCommonHelper.parseAndGetPropertyValueForJson(WebServiceCommonHelper.java:213)
	at com.kms.katalon.core.webservice.keyword.builtin.VerifyElementPropertyValueKeyword$_verifyElementPropertyValue_closure1.doCall(VerifyElementPropertyValueKeyword.groovy:52)
	at com.kms.katalon.core.webservice.keyword.builtin.VerifyElementPropertyValueKeyword$_verifyElementPropertyValue_closure1.call(VerifyElementPropertyValueKeyword.groovy)
	at com.kms.katalon.core.keyword.internal.KeywordMain.runKeyword(KeywordMain.groovy:74)
	at com.kms.katalon.core.webservice.keyword.builtin.VerifyElementPropertyValueKeyword.verifyElementPropertyValue(VerifyElementPropertyValueKeyword.groovy:48)
	at com.kms.katalon.core.webservice.keyword.builtin.VerifyElementPropertyValueKeyword.execute(VerifyElementPropertyValueKeyword.groovy:43)
	at com.kms.katalon.core.keyword.internal.KeywordExecutor.executeKeywordForPlatform(KeywordExecutor.groovy:74)
	at com.kms.katalon.core.webservice.keyword.WSBuiltInKeywords.verifyElementPropertyValue(WSBuiltInKeywords.groovy:175)
	at com.kms.katalon.core.webservice.keyword.WSBuiltInKeywords$verifyElementPropertyValue$0.call(Unknown Source)
	at 1. get token - data order.run(1. get token - data order:551)
	at com.kms.katalon.core.main.ScriptEngine.run(ScriptEngine.java:194)
	at com.kms.katalon.core.main.ScriptEngine.runScriptAsRawText(ScriptEngine.java:119)
	at com.kms.katalon.core.main.TestCaseExecutor.runScript(TestCaseExecutor.java:442)
	at com.kms.katalon.core.main.TestCaseExecutor.doExecute(TestCaseExecutor.java:433)
	at com.kms.katalon.core.main.TestCaseExecutor.processExecutionPhase(TestCaseExecutor.java:412)
	at com.kms.katalon.core.main.TestCaseExecutor.accessMainPhase(TestCaseExecutor.java:404)
	at com.kms.katalon.core.main.TestCaseExecutor.execute(TestCaseExecutor.java:281)
	at com.kms.katalon.core.main.TestSuiteExecutor.accessTestCaseMainPhase(TestSuiteExecutor.java:202)
	at com.kms.katalon.core.main.TestSuiteExecutor.accessTestSuiteMainPhase(TestSuiteExecutor.java:164)
	at com.kms.katalon.core.main.TestSuiteExecutor.execute(TestSuiteExecutor.java:105)
	at com.kms.katalon.core.main.TestCaseMain.startTestSuite(TestCaseMain.java:181)
	at com.kms.katalon.core.main.TestCaseMain$startTestSuite$0.call(Unknown Source)
	at TempTestSuite1648100878643.run(TempTestSuite1648100878643.groovy:36)
)

2022-03-24 12:53:06 - [TEST_STEP][FAILED] - verifyElementPropertyValue(order, "GetDataOrderResponse.ListDataOrder[0].InsuranceData[3].InsuredFrom", o_ins_form_3, CONTINUE_ON_FAILURE): Unable to verify element property value (Root cause: java.lang.NullPointerException: Cannot get property 'InsuredFrom' on null object
	at Script1.run(Script1.groovy:1)
	at com.kms.katalon.core.webservice.helper.WebServiceCommonHelper.parseAndGetPropertyValueForJson(WebServiceCommonHelper.java:213)
	at com.kms.katalon.core.webservice.keyword.builtin.VerifyElementPropertyValueKeyword$_verifyElementPropertyValue_closure1.doCall(VerifyElementPropertyValueKeyword.groovy:52)
	at com.kms.katalon.core.webservice.keyword.builtin.VerifyElementPropertyValueKeyword$_verifyElementPropertyValue_closure1.call(VerifyElementPropertyValueKeyword.groovy)
	at com.kms.katalon.core.keyword.internal.KeywordMain.runKeyword(KeywordMain.groovy:74)
	at com.kms.katalon.core.webservice.keyword.builtin.VerifyElementPropertyValueKeyword.verifyElementPropertyValue(VerifyElementPropertyValueKeyword.groovy:48)
	at com.kms.katalon.core.webservice.keyword.builtin.VerifyElementPropertyValueKeyword.execute(VerifyElementPropertyValueKeyword.groovy:43)
	at com.kms.katalon.core.keyword.internal.KeywordExecutor.executeKeywordForPlatform(KeywordExecutor.groovy:74)
	at com.kms.katalon.core.webservice.keyword.WSBuiltInKeywords.verifyElementPropertyValue(WSBuiltInKeywords.groovy:175)
	at com.kms.katalon.core.webservice.keyword.WSBuiltInKeywords$verifyElementPropertyValue$0.call(Unknown Source)
	at 1. get token - data order.run(1. get token - data order:554)
	at com.kms.katalon.core.main.ScriptEngine.run(ScriptEngine.java:194)
	at com.kms.katalon.core.main.ScriptEngine.runScriptAsRawText(ScriptEngine.java:119)
	at com.kms.katalon.core.main.TestCaseExecutor.runScript(TestCaseExecutor.java:442)
	at com.kms.katalon.core.main.TestCaseExecutor.doExecute(TestCaseExecutor.java:433)
	at com.kms.katalon.core.main.TestCaseExecutor.processExecutionPhase(TestCaseExecutor.java:412)
	at com.kms.katalon.core.main.TestCaseExecutor.accessMainPhase(TestCaseExecutor.java:404)
	at com.kms.katalon.core.main.TestCaseExecutor.execute(TestCaseExecutor.java:281)
	at com.kms.katalon.core.main.TestSuiteExecutor.accessTestCaseMainPhase(TestSuiteExecutor.java:202)
	at com.kms.katalon.core.main.TestSuiteExecutor.accessTestSuiteMainPhase(TestSuiteExecutor.java:164)
	at com.kms.katalon.core.main.TestSuiteExecutor.execute(TestSuiteExecutor.java:105)
	at com.kms.katalon.core.main.TestCaseMain.startTestSuite(TestCaseMain.java:181)
	at com.kms.katalon.core.main.TestCaseMain$startTestSuite$0.call(Unknown Source)
	at TempTestSuite1648100878643.run(TempTestSuite1648100878643.groovy:36)
)

2022-03-24 12:53:06 - [MESSAGE][FAILED] - Unable to verify element property value (Root cause: java.lang.NullPointerException: Cannot get property 'InsuredFrom' on null object
	at Script1.run(Script1.groovy:1)
	at com.kms.katalon.core.webservice.helper.WebServiceCommonHelper.parseAndGetPropertyValueForJson(WebServiceCommonHelper.java:213)
	at com.kms.katalon.core.webservice.keyword.builtin.VerifyElementPropertyValueKeyword$_verifyElementPropertyValue_closure1.doCall(VerifyElementPropertyValueKeyword.groovy:52)
	at com.kms.katalon.core.webservice.keyword.builtin.VerifyElementPropertyValueKeyword$_verifyElementPropertyValue_closure1.call(VerifyElementPropertyValueKeyword.groovy)
	at com.kms.katalon.core.keyword.internal.KeywordMain.runKeyword(KeywordMain.groovy:74)
	at com.kms.katalon.core.webservice.keyword.builtin.VerifyElementPropertyValueKeyword.verifyElementPropertyValue(VerifyElementPropertyValueKeyword.groovy:48)
	at com.kms.katalon.core.webservice.keyword.builtin.VerifyElementPropertyValueKeyword.execute(VerifyElementPropertyValueKeyword.groovy:43)
	at com.kms.katalon.core.keyword.internal.KeywordExecutor.executeKeywordForPlatform(KeywordExecutor.groovy:74)
	at com.kms.katalon.core.webservice.keyword.WSBuiltInKeywords.verifyElementPropertyValue(WSBuiltInKeywords.groovy:175)
	at com.kms.katalon.core.webservice.keyword.WSBuiltInKeywords$verifyElementPropertyValue$0.call(Unknown Source)
	at 1. get token - data order.run(1. get token - data order:554)
	at com.kms.katalon.core.main.ScriptEngine.run(ScriptEngine.java:194)
	at com.kms.katalon.core.main.ScriptEngine.runScriptAsRawText(ScriptEngine.java:119)
	at com.kms.katalon.core.main.TestCaseExecutor.runScript(TestCaseExecutor.java:442)
	at com.kms.katalon.core.main.TestCaseExecutor.doExecute(TestCaseExecutor.java:433)
	at com.kms.katalon.core.main.TestCaseExecutor.processExecutionPhase(TestCaseExecutor.java:412)
	at com.kms.katalon.core.main.TestCaseExecutor.accessMainPhase(TestCaseExecutor.java:404)
	at com.kms.katalon.core.main.TestCaseExecutor.execute(TestCaseExecutor.java:281)
	at com.kms.katalon.core.main.TestSuiteExecutor.accessTestCaseMainPhase(TestSuiteExecutor.java:202)
	at com.kms.katalon.core.main.TestSuiteExecutor.accessTestSuiteMainPhase(TestSuiteExecutor.java:164)
	at com.kms.katalon.core.main.TestSuiteExecutor.execute(TestSuiteExecutor.java:105)
	at com.kms.katalon.core.main.TestCaseMain.startTestSuite(TestCaseMain.java:181)
	at com.kms.katalon.core.main.TestCaseMain$startTestSuite$0.call(Unknown Source)
	at TempTestSuite1648100878643.run(TempTestSuite1648100878643.groovy:36)
)

2022-03-24 12:53:06 - [TEST_STEP][FAILED] - verifyElementPropertyValue(order, "GetDataOrderResponse.ListDataOrder[0].InsuranceData[3].InsuredTo", o_ins_to_3, CONTINUE_ON_FAILURE): Unable to verify element property value (Root cause: java.lang.NullPointerException: Cannot get property 'InsuredTo' on null object
	at Script1.run(Script1.groovy:1)
	at com.kms.katalon.core.webservice.helper.WebServiceCommonHelper.parseAndGetPropertyValueForJson(WebServiceCommonHelper.java:213)
	at com.kms.katalon.core.webservice.keyword.builtin.VerifyElementPropertyValueKeyword$_verifyElementPropertyValue_closure1.doCall(VerifyElementPropertyValueKeyword.groovy:52)
	at com.kms.katalon.core.webservice.keyword.builtin.VerifyElementPropertyValueKeyword$_verifyElementPropertyValue_closure1.call(VerifyElementPropertyValueKeyword.groovy)
	at com.kms.katalon.core.keyword.internal.KeywordMain.runKeyword(KeywordMain.groovy:74)
	at com.kms.katalon.core.webservice.keyword.builtin.VerifyElementPropertyValueKeyword.verifyElementPropertyValue(VerifyElementPropertyValueKeyword.groovy:48)
	at com.kms.katalon.core.webservice.keyword.builtin.VerifyElementPropertyValueKeyword.execute(VerifyElementPropertyValueKeyword.groovy:43)
	at com.kms.katalon.core.keyword.internal.KeywordExecutor.executeKeywordForPlatform(KeywordExecutor.groovy:74)
	at com.kms.katalon.core.webservice.keyword.WSBuiltInKeywords.verifyElementPropertyValue(WSBuiltInKeywords.groovy:175)
	at com.kms.katalon.core.webservice.keyword.WSBuiltInKeywords$verifyElementPropertyValue$0.call(Unknown Source)
	at 1. get token - data order.run(1. get token - data order:557)
	at com.kms.katalon.core.main.ScriptEngine.run(ScriptEngine.java:194)
	at com.kms.katalon.core.main.ScriptEngine.runScriptAsRawText(ScriptEngine.java:119)
	at com.kms.katalon.core.main.TestCaseExecutor.runScript(TestCaseExecutor.java:442)
	at com.kms.katalon.core.main.TestCaseExecutor.doExecute(TestCaseExecutor.java:433)
	at com.kms.katalon.core.main.TestCaseExecutor.processExecutionPhase(TestCaseExecutor.java:412)
	at com.kms.katalon.core.main.TestCaseExecutor.accessMainPhase(TestCaseExecutor.java:404)
	at com.kms.katalon.core.main.TestCaseExecutor.execute(TestCaseExecutor.java:281)
	at com.kms.katalon.core.main.TestSuiteExecutor.accessTestCaseMainPhase(TestSuiteExecutor.java:202)
	at com.kms.katalon.core.main.TestSuiteExecutor.accessTestSuiteMainPhase(TestSuiteExecutor.java:164)
	at com.kms.katalon.core.main.TestSuiteExecutor.execute(TestSuiteExecutor.java:105)
	at com.kms.katalon.core.main.TestCaseMain.startTestSuite(TestCaseMain.java:181)
	at com.kms.katalon.core.main.TestCaseMain$startTestSuite$0.call(Unknown Source)
	at TempTestSuite1648100878643.run(TempTestSuite1648100878643.groovy:36)
)

2022-03-24 12:53:06 - [MESSAGE][FAILED] - Unable to verify element property value (Root cause: java.lang.NullPointerException: Cannot get property 'InsuredTo' on null object
	at Script1.run(Script1.groovy:1)
	at com.kms.katalon.core.webservice.helper.WebServiceCommonHelper.parseAndGetPropertyValueForJson(WebServiceCommonHelper.java:213)
	at com.kms.katalon.core.webservice.keyword.builtin.VerifyElementPropertyValueKeyword$_verifyElementPropertyValue_closure1.doCall(VerifyElementPropertyValueKeyword.groovy:52)
	at com.kms.katalon.core.webservice.keyword.builtin.VerifyElementPropertyValueKeyword$_verifyElementPropertyValue_closure1.call(VerifyElementPropertyValueKeyword.groovy)
	at com.kms.katalon.core.keyword.internal.KeywordMain.runKeyword(KeywordMain.groovy:74)
	at com.kms.katalon.core.webservice.keyword.builtin.VerifyElementPropertyValueKeyword.verifyElementPropertyValue(VerifyElementPropertyValueKeyword.groovy:48)
	at com.kms.katalon.core.webservice.keyword.builtin.VerifyElementPropertyValueKeyword.execute(VerifyElementPropertyValueKeyword.groovy:43)
	at com.kms.katalon.core.keyword.internal.KeywordExecutor.executeKeywordForPlatform(KeywordExecutor.groovy:74)
	at com.kms.katalon.core.webservice.keyword.WSBuiltInKeywords.verifyElementPropertyValue(WSBuiltInKeywords.groovy:175)
	at com.kms.katalon.core.webservice.keyword.WSBuiltInKeywords$verifyElementPropertyValue$0.call(Unknown Source)
	at 1. get token - data order.run(1. get token - data order:557)
	at com.kms.katalon.core.main.ScriptEngine.run(ScriptEngine.java:194)
	at com.kms.katalon.core.main.ScriptEngine.runScriptAsRawText(ScriptEngine.java:119)
	at com.kms.katalon.core.main.TestCaseExecutor.runScript(TestCaseExecutor.java:442)
	at com.kms.katalon.core.main.TestCaseExecutor.doExecute(TestCaseExecutor.java:433)
	at com.kms.katalon.core.main.TestCaseExecutor.processExecutionPhase(TestCaseExecutor.java:412)
	at com.kms.katalon.core.main.TestCaseExecutor.accessMainPhase(TestCaseExecutor.java:404)
	at com.kms.katalon.core.main.TestCaseExecutor.execute(TestCaseExecutor.java:281)
	at com.kms.katalon.core.main.TestSuiteExecutor.accessTestCaseMainPhase(TestSuiteExecutor.java:202)
	at com.kms.katalon.core.main.TestSuiteExecutor.accessTestSuiteMainPhase(TestSuiteExecutor.java:164)
	at com.kms.katalon.core.main.TestSuiteExecutor.execute(TestSuiteExecutor.java:105)
	at com.kms.katalon.core.main.TestCaseMain.startTestSuite(TestCaseMain.java:181)
	at com.kms.katalon.core.main.TestCaseMain$startTestSuite$0.call(Unknown Source)
	at TempTestSuite1648100878643.run(TempTestSuite1648100878643.groovy:36)
)

2022-03-24 12:53:06 - [TEST_STEP][FAILED] - verifyElementPropertyValue(order, "GetDataOrderResponse.ListDataOrder[0].InsuranceData[3].Rate", o_rate_3, CONTINUE_ON_FAILURE): Unable to verify element property value (Root cause: java.lang.NullPointerException: Cannot get property 'Rate' on null object
	at Script1.run(Script1.groovy:1)
	at com.kms.katalon.core.webservice.helper.WebServiceCommonHelper.parseAndGetPropertyValueForJson(WebServiceCommonHelper.java:213)
	at com.kms.katalon.core.webservice.keyword.builtin.VerifyElementPropertyValueKeyword$_verifyElementPropertyValue_closure1.doCall(VerifyElementPropertyValueKeyword.groovy:52)
	at com.kms.katalon.core.webservice.keyword.builtin.VerifyElementPropertyValueKeyword$_verifyElementPropertyValue_closure1.call(VerifyElementPropertyValueKeyword.groovy)
	at com.kms.katalon.core.keyword.internal.KeywordMain.runKeyword(KeywordMain.groovy:74)
	at com.kms.katalon.core.webservice.keyword.builtin.VerifyElementPropertyValueKeyword.verifyElementPropertyValue(VerifyElementPropertyValueKeyword.groovy:48)
	at com.kms.katalon.core.webservice.keyword.builtin.VerifyElementPropertyValueKeyword.execute(VerifyElementPropertyValueKeyword.groovy:43)
	at com.kms.katalon.core.keyword.internal.KeywordExecutor.executeKeywordForPlatform(KeywordExecutor.groovy:74)
	at com.kms.katalon.core.webservice.keyword.WSBuiltInKeywords.verifyElementPropertyValue(WSBuiltInKeywords.groovy:175)
	at com.kms.katalon.core.webservice.keyword.WSBuiltInKeywords$verifyElementPropertyValue$0.call(Unknown Source)
	at 1. get token - data order.run(1. get token - data order:560)
	at com.kms.katalon.core.main.ScriptEngine.run(ScriptEngine.java:194)
	at com.kms.katalon.core.main.ScriptEngine.runScriptAsRawText(ScriptEngine.java:119)
	at com.kms.katalon.core.main.TestCaseExecutor.runScript(TestCaseExecutor.java:442)
	at com.kms.katalon.core.main.TestCaseExecutor.doExecute(TestCaseExecutor.java:433)
	at com.kms.katalon.core.main.TestCaseExecutor.processExecutionPhase(TestCaseExecutor.java:412)
	at com.kms.katalon.core.main.TestCaseExecutor.accessMainPhase(TestCaseExecutor.java:404)
	at com.kms.katalon.core.main.TestCaseExecutor.execute(TestCaseExecutor.java:281)
	at com.kms.katalon.core.main.TestSuiteExecutor.accessTestCaseMainPhase(TestSuiteExecutor.java:202)
	at com.kms.katalon.core.main.TestSuiteExecutor.accessTestSuiteMainPhase(TestSuiteExecutor.java:164)
	at com.kms.katalon.core.main.TestSuiteExecutor.execute(TestSuiteExecutor.java:105)
	at com.kms.katalon.core.main.TestCaseMain.startTestSuite(TestCaseMain.java:181)
	at com.kms.katalon.core.main.TestCaseMain$startTestSuite$0.call(Unknown Source)
	at TempTestSuite1648100878643.run(TempTestSuite1648100878643.groovy:36)
)

2022-03-24 12:53:06 - [MESSAGE][FAILED] - Unable to verify element property value (Root cause: java.lang.NullPointerException: Cannot get property 'Rate' on null object
	at Script1.run(Script1.groovy:1)
	at com.kms.katalon.core.webservice.helper.WebServiceCommonHelper.parseAndGetPropertyValueForJson(WebServiceCommonHelper.java:213)
	at com.kms.katalon.core.webservice.keyword.builtin.VerifyElementPropertyValueKeyword$_verifyElementPropertyValue_closure1.doCall(VerifyElementPropertyValueKeyword.groovy:52)
	at com.kms.katalon.core.webservice.keyword.builtin.VerifyElementPropertyValueKeyword$_verifyElementPropertyValue_closure1.call(VerifyElementPropertyValueKeyword.groovy)
	at com.kms.katalon.core.keyword.internal.KeywordMain.runKeyword(KeywordMain.groovy:74)
	at com.kms.katalon.core.webservice.keyword.builtin.VerifyElementPropertyValueKeyword.verifyElementPropertyValue(VerifyElementPropertyValueKeyword.groovy:48)
	at com.kms.katalon.core.webservice.keyword.builtin.VerifyElementPropertyValueKeyword.execute(VerifyElementPropertyValueKeyword.groovy:43)
	at com.kms.katalon.core.keyword.internal.KeywordExecutor.executeKeywordForPlatform(KeywordExecutor.groovy:74)
	at com.kms.katalon.core.webservice.keyword.WSBuiltInKeywords.verifyElementPropertyValue(WSBuiltInKeywords.groovy:175)
	at com.kms.katalon.core.webservice.keyword.WSBuiltInKeywords$verifyElementPropertyValue$0.call(Unknown Source)
	at 1. get token - data order.run(1. get token - data order:560)
	at com.kms.katalon.core.main.ScriptEngine.run(ScriptEngine.java:194)
	at com.kms.katalon.core.main.ScriptEngine.runScriptAsRawText(ScriptEngine.java:119)
	at com.kms.katalon.core.main.TestCaseExecutor.runScript(TestCaseExecutor.java:442)
	at com.kms.katalon.core.main.TestCaseExecutor.doExecute(TestCaseExecutor.java:433)
	at com.kms.katalon.core.main.TestCaseExecutor.processExecutionPhase(TestCaseExecutor.java:412)
	at com.kms.katalon.core.main.TestCaseExecutor.accessMainPhase(TestCaseExecutor.java:404)
	at com.kms.katalon.core.main.TestCaseExecutor.execute(TestCaseExecutor.java:281)
	at com.kms.katalon.core.main.TestSuiteExecutor.accessTestCaseMainPhase(TestSuiteExecutor.java:202)
	at com.kms.katalon.core.main.TestSuiteExecutor.accessTestSuiteMainPhase(TestSuiteExecutor.java:164)
	at com.kms.katalon.core.main.TestSuiteExecutor.execute(TestSuiteExecutor.java:105)
	at com.kms.katalon.core.main.TestCaseMain.startTestSuite(TestCaseMain.java:181)
	at com.kms.katalon.core.main.TestCaseMain$startTestSuite$0.call(Unknown Source)
	at TempTestSuite1648100878643.run(TempTestSuite1648100878643.groovy:36)
)

2022-03-24 12:53:06 - [TEST_STEP][FAILED] - verifyElementPropertyValue(order, "GetDataOrderResponse.ListDataOrder[0].InsuranceData[3].GrossPremi", o_gross_premi_3, CONTINUE_ON_FAILURE): Unable to verify element property value (Root cause: java.lang.NullPointerException: Cannot get property 'GrossPremi' on null object
	at Script1.run(Script1.groovy:1)
	at com.kms.katalon.core.webservice.helper.WebServiceCommonHelper.parseAndGetPropertyValueForJson(WebServiceCommonHelper.java:213)
	at com.kms.katalon.core.webservice.keyword.builtin.VerifyElementPropertyValueKeyword$_verifyElementPropertyValue_closure1.doCall(VerifyElementPropertyValueKeyword.groovy:52)
	at com.kms.katalon.core.webservice.keyword.builtin.VerifyElementPropertyValueKeyword$_verifyElementPropertyValue_closure1.call(VerifyElementPropertyValueKeyword.groovy)
	at com.kms.katalon.core.keyword.internal.KeywordMain.runKeyword(KeywordMain.groovy:74)
	at com.kms.katalon.core.webservice.keyword.builtin.VerifyElementPropertyValueKeyword.verifyElementPropertyValue(VerifyElementPropertyValueKeyword.groovy:48)
	at com.kms.katalon.core.webservice.keyword.builtin.VerifyElementPropertyValueKeyword.execute(VerifyElementPropertyValueKeyword.groovy:43)
	at com.kms.katalon.core.keyword.internal.KeywordExecutor.executeKeywordForPlatform(KeywordExecutor.groovy:74)
	at com.kms.katalon.core.webservice.keyword.WSBuiltInKeywords.verifyElementPropertyValue(WSBuiltInKeywords.groovy:175)
	at com.kms.katalon.core.webservice.keyword.WSBuiltInKeywords$verifyElementPropertyValue$0.call(Unknown Source)
	at 1. get token - data order.run(1. get token - data order:562)
	at com.kms.katalon.core.main.ScriptEngine.run(ScriptEngine.java:194)
	at com.kms.katalon.core.main.ScriptEngine.runScriptAsRawText(ScriptEngine.java:119)
	at com.kms.katalon.core.main.TestCaseExecutor.runScript(TestCaseExecutor.java:442)
	at com.kms.katalon.core.main.TestCaseExecutor.doExecute(TestCaseExecutor.java:433)
	at com.kms.katalon.core.main.TestCaseExecutor.processExecutionPhase(TestCaseExecutor.java:412)
	at com.kms.katalon.core.main.TestCaseExecutor.accessMainPhase(TestCaseExecutor.java:404)
	at com.kms.katalon.core.main.TestCaseExecutor.execute(TestCaseExecutor.java:281)
	at com.kms.katalon.core.main.TestSuiteExecutor.accessTestCaseMainPhase(TestSuiteExecutor.java:202)
	at com.kms.katalon.core.main.TestSuiteExecutor.accessTestSuiteMainPhase(TestSuiteExecutor.java:164)
	at com.kms.katalon.core.main.TestSuiteExecutor.execute(TestSuiteExecutor.java:105)
	at com.kms.katalon.core.main.TestCaseMain.startTestSuite(TestCaseMain.java:181)
	at com.kms.katalon.core.main.TestCaseMain$startTestSuite$0.call(Unknown Source)
	at TempTestSuite1648100878643.run(TempTestSuite1648100878643.groovy:36)
)

2022-03-24 12:53:06 - [MESSAGE][FAILED] - Unable to verify element property value (Root cause: java.lang.NullPointerException: Cannot get property 'GrossPremi' on null object
	at Script1.run(Script1.groovy:1)
	at com.kms.katalon.core.webservice.helper.WebServiceCommonHelper.parseAndGetPropertyValueForJson(WebServiceCommonHelper.java:213)
	at com.kms.katalon.core.webservice.keyword.builtin.VerifyElementPropertyValueKeyword$_verifyElementPropertyValue_closure1.doCall(VerifyElementPropertyValueKeyword.groovy:52)
	at com.kms.katalon.core.webservice.keyword.builtin.VerifyElementPropertyValueKeyword$_verifyElementPropertyValue_closure1.call(VerifyElementPropertyValueKeyword.groovy)
	at com.kms.katalon.core.keyword.internal.KeywordMain.runKeyword(KeywordMain.groovy:74)
	at com.kms.katalon.core.webservice.keyword.builtin.VerifyElementPropertyValueKeyword.verifyElementPropertyValue(VerifyElementPropertyValueKeyword.groovy:48)
	at com.kms.katalon.core.webservice.keyword.builtin.VerifyElementPropertyValueKeyword.execute(VerifyElementPropertyValueKeyword.groovy:43)
	at com.kms.katalon.core.keyword.internal.KeywordExecutor.executeKeywordForPlatform(KeywordExecutor.groovy:74)
	at com.kms.katalon.core.webservice.keyword.WSBuiltInKeywords.verifyElementPropertyValue(WSBuiltInKeywords.groovy:175)
	at com.kms.katalon.core.webservice.keyword.WSBuiltInKeywords$verifyElementPropertyValue$0.call(Unknown Source)
	at 1. get token - data order.run(1. get token - data order:562)
	at com.kms.katalon.core.main.ScriptEngine.run(ScriptEngine.java:194)
	at com.kms.katalon.core.main.ScriptEngine.runScriptAsRawText(ScriptEngine.java:119)
	at com.kms.katalon.core.main.TestCaseExecutor.runScript(TestCaseExecutor.java:442)
	at com.kms.katalon.core.main.TestCaseExecutor.doExecute(TestCaseExecutor.java:433)
	at com.kms.katalon.core.main.TestCaseExecutor.processExecutionPhase(TestCaseExecutor.java:412)
	at com.kms.katalon.core.main.TestCaseExecutor.accessMainPhase(TestCaseExecutor.java:404)
	at com.kms.katalon.core.main.TestCaseExecutor.execute(TestCaseExecutor.java:281)
	at com.kms.katalon.core.main.TestSuiteExecutor.accessTestCaseMainPhase(TestSuiteExecutor.java:202)
	at com.kms.katalon.core.main.TestSuiteExecutor.accessTestSuiteMainPhase(TestSuiteExecutor.java:164)
	at com.kms.katalon.core.main.TestSuiteExecutor.execute(TestSuiteExecutor.java:105)
	at com.kms.katalon.core.main.TestCaseMain.startTestSuite(TestCaseMain.java:181)
	at com.kms.katalon.core.main.TestCaseMain$startTestSuite$0.call(Unknown Source)
	at TempTestSuite1648100878643.run(TempTestSuite1648100878643.groovy:36)
)

2022-03-24 12:53:06 - [TEST_STEP][FAILED] - verifyElementPropertyValue(order, "GetDataOrderResponse.ListDataOrder[0].InsuranceData[3].Discount", o_discount_3, CONTINUE_ON_FAILURE): Unable to verify element property value (Root cause: java.lang.NullPointerException: Cannot get property 'Discount' on null object
	at Script1.run(Script1.groovy:1)
	at com.kms.katalon.core.webservice.helper.WebServiceCommonHelper.parseAndGetPropertyValueForJson(WebServiceCommonHelper.java:213)
	at com.kms.katalon.core.webservice.keyword.builtin.VerifyElementPropertyValueKeyword$_verifyElementPropertyValue_closure1.doCall(VerifyElementPropertyValueKeyword.groovy:52)
	at com.kms.katalon.core.webservice.keyword.builtin.VerifyElementPropertyValueKeyword$_verifyElementPropertyValue_closure1.call(VerifyElementPropertyValueKeyword.groovy)
	at com.kms.katalon.core.keyword.internal.KeywordMain.runKeyword(KeywordMain.groovy:74)
	at com.kms.katalon.core.webservice.keyword.builtin.VerifyElementPropertyValueKeyword.verifyElementPropertyValue(VerifyElementPropertyValueKeyword.groovy:48)
	at com.kms.katalon.core.webservice.keyword.builtin.VerifyElementPropertyValueKeyword.execute(VerifyElementPropertyValueKeyword.groovy:43)
	at com.kms.katalon.core.keyword.internal.KeywordExecutor.executeKeywordForPlatform(KeywordExecutor.groovy:74)
	at com.kms.katalon.core.webservice.keyword.WSBuiltInKeywords.verifyElementPropertyValue(WSBuiltInKeywords.groovy:175)
	at com.kms.katalon.core.webservice.keyword.WSBuiltInKeywords$verifyElementPropertyValue$0.call(Unknown Source)
	at 1. get token - data order.run(1. get token - data order:565)
	at com.kms.katalon.core.main.ScriptEngine.run(ScriptEngine.java:194)
	at com.kms.katalon.core.main.ScriptEngine.runScriptAsRawText(ScriptEngine.java:119)
	at com.kms.katalon.core.main.TestCaseExecutor.runScript(TestCaseExecutor.java:442)
	at com.kms.katalon.core.main.TestCaseExecutor.doExecute(TestCaseExecutor.java:433)
	at com.kms.katalon.core.main.TestCaseExecutor.processExecutionPhase(TestCaseExecutor.java:412)
	at com.kms.katalon.core.main.TestCaseExecutor.accessMainPhase(TestCaseExecutor.java:404)
	at com.kms.katalon.core.main.TestCaseExecutor.execute(TestCaseExecutor.java:281)
	at com.kms.katalon.core.main.TestSuiteExecutor.accessTestCaseMainPhase(TestSuiteExecutor.java:202)
	at com.kms.katalon.core.main.TestSuiteExecutor.accessTestSuiteMainPhase(TestSuiteExecutor.java:164)
	at com.kms.katalon.core.main.TestSuiteExecutor.execute(TestSuiteExecutor.java:105)
	at com.kms.katalon.core.main.TestCaseMain.startTestSuite(TestCaseMain.java:181)
	at com.kms.katalon.core.main.TestCaseMain$startTestSuite$0.call(Unknown Source)
	at TempTestSuite1648100878643.run(TempTestSuite1648100878643.groovy:36)
)

2022-03-24 12:53:06 - [MESSAGE][FAILED] - Unable to verify element property value (Root cause: java.lang.NullPointerException: Cannot get property 'Discount' on null object
	at Script1.run(Script1.groovy:1)
	at com.kms.katalon.core.webservice.helper.WebServiceCommonHelper.parseAndGetPropertyValueForJson(WebServiceCommonHelper.java:213)
	at com.kms.katalon.core.webservice.keyword.builtin.VerifyElementPropertyValueKeyword$_verifyElementPropertyValue_closure1.doCall(VerifyElementPropertyValueKeyword.groovy:52)
	at com.kms.katalon.core.webservice.keyword.builtin.VerifyElementPropertyValueKeyword$_verifyElementPropertyValue_closure1.call(VerifyElementPropertyValueKeyword.groovy)
	at com.kms.katalon.core.keyword.internal.KeywordMain.runKeyword(KeywordMain.groovy:74)
	at com.kms.katalon.core.webservice.keyword.builtin.VerifyElementPropertyValueKeyword.verifyElementPropertyValue(VerifyElementPropertyValueKeyword.groovy:48)
	at com.kms.katalon.core.webservice.keyword.builtin.VerifyElementPropertyValueKeyword.execute(VerifyElementPropertyValueKeyword.groovy:43)
	at com.kms.katalon.core.keyword.internal.KeywordExecutor.executeKeywordForPlatform(KeywordExecutor.groovy:74)
	at com.kms.katalon.core.webservice.keyword.WSBuiltInKeywords.verifyElementPropertyValue(WSBuiltInKeywords.groovy:175)
	at com.kms.katalon.core.webservice.keyword.WSBuiltInKeywords$verifyElementPropertyValue$0.call(Unknown Source)
	at 1. get token - data order.run(1. get token - data order:565)
	at com.kms.katalon.core.main.ScriptEngine.run(ScriptEngine.java:194)
	at com.kms.katalon.core.main.ScriptEngine.runScriptAsRawText(ScriptEngine.java:119)
	at com.kms.katalon.core.main.TestCaseExecutor.runScript(TestCaseExecutor.java:442)
	at com.kms.katalon.core.main.TestCaseExecutor.doExecute(TestCaseExecutor.java:433)
	at com.kms.katalon.core.main.TestCaseExecutor.processExecutionPhase(TestCaseExecutor.java:412)
	at com.kms.katalon.core.main.TestCaseExecutor.accessMainPhase(TestCaseExecutor.java:404)
	at com.kms.katalon.core.main.TestCaseExecutor.execute(TestCaseExecutor.java:281)
	at com.kms.katalon.core.main.TestSuiteExecutor.accessTestCaseMainPhase(TestSuiteExecutor.java:202)
	at com.kms.katalon.core.main.TestSuiteExecutor.accessTestSuiteMainPhase(TestSuiteExecutor.java:164)
	at com.kms.katalon.core.main.TestSuiteExecutor.execute(TestSuiteExecutor.java:105)
	at com.kms.katalon.core.main.TestCaseMain.startTestSuite(TestCaseMain.java:181)
	at com.kms.katalon.core.main.TestCaseMain$startTestSuite$0.call(Unknown Source)
	at TempTestSuite1648100878643.run(TempTestSuite1648100878643.groovy:36)
)

2022-03-24 12:53:06 - [TEST_STEP][FAILED] - verifyElementPropertyValue(order, "GetDataOrderResponse.ListDataOrder[0].InsuranceData[3].Adm", o_adm_3, CONTINUE_ON_FAILURE): Unable to verify element property value (Root cause: java.lang.NullPointerException: Cannot get property 'Adm' on null object
	at Script1.run(Script1.groovy:1)
	at com.kms.katalon.core.webservice.helper.WebServiceCommonHelper.parseAndGetPropertyValueForJson(WebServiceCommonHelper.java:213)
	at com.kms.katalon.core.webservice.keyword.builtin.VerifyElementPropertyValueKeyword$_verifyElementPropertyValue_closure1.doCall(VerifyElementPropertyValueKeyword.groovy:52)
	at com.kms.katalon.core.webservice.keyword.builtin.VerifyElementPropertyValueKeyword$_verifyElementPropertyValue_closure1.call(VerifyElementPropertyValueKeyword.groovy)
	at com.kms.katalon.core.keyword.internal.KeywordMain.runKeyword(KeywordMain.groovy:74)
	at com.kms.katalon.core.webservice.keyword.builtin.VerifyElementPropertyValueKeyword.verifyElementPropertyValue(VerifyElementPropertyValueKeyword.groovy:48)
	at com.kms.katalon.core.webservice.keyword.builtin.VerifyElementPropertyValueKeyword.execute(VerifyElementPropertyValueKeyword.groovy:43)
	at com.kms.katalon.core.keyword.internal.KeywordExecutor.executeKeywordForPlatform(KeywordExecutor.groovy:74)
	at com.kms.katalon.core.webservice.keyword.WSBuiltInKeywords.verifyElementPropertyValue(WSBuiltInKeywords.groovy:175)
	at com.kms.katalon.core.webservice.keyword.WSBuiltInKeywords$verifyElementPropertyValue$0.call(Unknown Source)
	at 1. get token - data order.run(1. get token - data order:568)
	at com.kms.katalon.core.main.ScriptEngine.run(ScriptEngine.java:194)
	at com.kms.katalon.core.main.ScriptEngine.runScriptAsRawText(ScriptEngine.java:119)
	at com.kms.katalon.core.main.TestCaseExecutor.runScript(TestCaseExecutor.java:442)
	at com.kms.katalon.core.main.TestCaseExecutor.doExecute(TestCaseExecutor.java:433)
	at com.kms.katalon.core.main.TestCaseExecutor.processExecutionPhase(TestCaseExecutor.java:412)
	at com.kms.katalon.core.main.TestCaseExecutor.accessMainPhase(TestCaseExecutor.java:404)
	at com.kms.katalon.core.main.TestCaseExecutor.execute(TestCaseExecutor.java:281)
	at com.kms.katalon.core.main.TestSuiteExecutor.accessTestCaseMainPhase(TestSuiteExecutor.java:202)
	at com.kms.katalon.core.main.TestSuiteExecutor.accessTestSuiteMainPhase(TestSuiteExecutor.java:164)
	at com.kms.katalon.core.main.TestSuiteExecutor.execute(TestSuiteExecutor.java:105)
	at com.kms.katalon.core.main.TestCaseMain.startTestSuite(TestCaseMain.java:181)
	at com.kms.katalon.core.main.TestCaseMain$startTestSuite$0.call(Unknown Source)
	at TempTestSuite1648100878643.run(TempTestSuite1648100878643.groovy:36)
)

2022-03-24 12:53:06 - [MESSAGE][FAILED] - Unable to verify element property value (Root cause: java.lang.NullPointerException: Cannot get property 'Adm' on null object
	at Script1.run(Script1.groovy:1)
	at com.kms.katalon.core.webservice.helper.WebServiceCommonHelper.parseAndGetPropertyValueForJson(WebServiceCommonHelper.java:213)
	at com.kms.katalon.core.webservice.keyword.builtin.VerifyElementPropertyValueKeyword$_verifyElementPropertyValue_closure1.doCall(VerifyElementPropertyValueKeyword.groovy:52)
	at com.kms.katalon.core.webservice.keyword.builtin.VerifyElementPropertyValueKeyword$_verifyElementPropertyValue_closure1.call(VerifyElementPropertyValueKeyword.groovy)
	at com.kms.katalon.core.keyword.internal.KeywordMain.runKeyword(KeywordMain.groovy:74)
	at com.kms.katalon.core.webservice.keyword.builtin.VerifyElementPropertyValueKeyword.verifyElementPropertyValue(VerifyElementPropertyValueKeyword.groovy:48)
	at com.kms.katalon.core.webservice.keyword.builtin.VerifyElementPropertyValueKeyword.execute(VerifyElementPropertyValueKeyword.groovy:43)
	at com.kms.katalon.core.keyword.internal.KeywordExecutor.executeKeywordForPlatform(KeywordExecutor.groovy:74)
	at com.kms.katalon.core.webservice.keyword.WSBuiltInKeywords.verifyElementPropertyValue(WSBuiltInKeywords.groovy:175)
	at com.kms.katalon.core.webservice.keyword.WSBuiltInKeywords$verifyElementPropertyValue$0.call(Unknown Source)
	at 1. get token - data order.run(1. get token - data order:568)
	at com.kms.katalon.core.main.ScriptEngine.run(ScriptEngine.java:194)
	at com.kms.katalon.core.main.ScriptEngine.runScriptAsRawText(ScriptEngine.java:119)
	at com.kms.katalon.core.main.TestCaseExecutor.runScript(TestCaseExecutor.java:442)
	at com.kms.katalon.core.main.TestCaseExecutor.doExecute(TestCaseExecutor.java:433)
	at com.kms.katalon.core.main.TestCaseExecutor.processExecutionPhase(TestCaseExecutor.java:412)
	at com.kms.katalon.core.main.TestCaseExecutor.accessMainPhase(TestCaseExecutor.java:404)
	at com.kms.katalon.core.main.TestCaseExecutor.execute(TestCaseExecutor.java:281)
	at com.kms.katalon.core.main.TestSuiteExecutor.accessTestCaseMainPhase(TestSuiteExecutor.java:202)
	at com.kms.katalon.core.main.TestSuiteExecutor.accessTestSuiteMainPhase(TestSuiteExecutor.java:164)
	at com.kms.katalon.core.main.TestSuiteExecutor.execute(TestSuiteExecutor.java:105)
	at com.kms.katalon.core.main.TestCaseMain.startTestSuite(TestCaseMain.java:181)
	at com.kms.katalon.core.main.TestCaseMain$startTestSuite$0.call(Unknown Source)
	at TempTestSuite1648100878643.run(TempTestSuite1648100878643.groovy:36)
)

2022-03-24 12:53:06 - [TEST_STEP][FAILED] - verifyElementPropertyValue(order, "GetDataOrderResponse.ListDataOrder[0].InsuranceData[3].NetPremi", o_netpremi_3, CONTINUE_ON_FAILURE): Unable to verify element property value (Root cause: java.lang.NullPointerException: Cannot get property 'NetPremi' on null object
	at Script1.run(Script1.groovy:1)
	at com.kms.katalon.core.webservice.helper.WebServiceCommonHelper.parseAndGetPropertyValueForJson(WebServiceCommonHelper.java:213)
	at com.kms.katalon.core.webservice.keyword.builtin.VerifyElementPropertyValueKeyword$_verifyElementPropertyValue_closure1.doCall(VerifyElementPropertyValueKeyword.groovy:52)
	at com.kms.katalon.core.webservice.keyword.builtin.VerifyElementPropertyValueKeyword$_verifyElementPropertyValue_closure1.call(VerifyElementPropertyValueKeyword.groovy)
	at com.kms.katalon.core.keyword.internal.KeywordMain.runKeyword(KeywordMain.groovy:74)
	at com.kms.katalon.core.webservice.keyword.builtin.VerifyElementPropertyValueKeyword.verifyElementPropertyValue(VerifyElementPropertyValueKeyword.groovy:48)
	at com.kms.katalon.core.webservice.keyword.builtin.VerifyElementPropertyValueKeyword.execute(VerifyElementPropertyValueKeyword.groovy:43)
	at com.kms.katalon.core.keyword.internal.KeywordExecutor.executeKeywordForPlatform(KeywordExecutor.groovy:74)
	at com.kms.katalon.core.webservice.keyword.WSBuiltInKeywords.verifyElementPropertyValue(WSBuiltInKeywords.groovy:175)
	at com.kms.katalon.core.webservice.keyword.WSBuiltInKeywords$verifyElementPropertyValue$0.call(Unknown Source)
	at 1. get token - data order.run(1. get token - data order:570)
	at com.kms.katalon.core.main.ScriptEngine.run(ScriptEngine.java:194)
	at com.kms.katalon.core.main.ScriptEngine.runScriptAsRawText(ScriptEngine.java:119)
	at com.kms.katalon.core.main.TestCaseExecutor.runScript(TestCaseExecutor.java:442)
	at com.kms.katalon.core.main.TestCaseExecutor.doExecute(TestCaseExecutor.java:433)
	at com.kms.katalon.core.main.TestCaseExecutor.processExecutionPhase(TestCaseExecutor.java:412)
	at com.kms.katalon.core.main.TestCaseExecutor.accessMainPhase(TestCaseExecutor.java:404)
	at com.kms.katalon.core.main.TestCaseExecutor.execute(TestCaseExecutor.java:281)
	at com.kms.katalon.core.main.TestSuiteExecutor.accessTestCaseMainPhase(TestSuiteExecutor.java:202)
	at com.kms.katalon.core.main.TestSuiteExecutor.accessTestSuiteMainPhase(TestSuiteExecutor.java:164)
	at com.kms.katalon.core.main.TestSuiteExecutor.execute(TestSuiteExecutor.java:105)
	at com.kms.katalon.core.main.TestCaseMain.startTestSuite(TestCaseMain.java:181)
	at com.kms.katalon.core.main.TestCaseMain$startTestSuite$0.call(Unknown Source)
	at TempTestSuite1648100878643.run(TempTestSuite1648100878643.groovy:36)
)

2022-03-24 12:53:06 - [MESSAGE][FAILED] - Unable to verify element property value (Root cause: java.lang.NullPointerException: Cannot get property 'NetPremi' on null object
	at Script1.run(Script1.groovy:1)
	at com.kms.katalon.core.webservice.helper.WebServiceCommonHelper.parseAndGetPropertyValueForJson(WebServiceCommonHelper.java:213)
	at com.kms.katalon.core.webservice.keyword.builtin.VerifyElementPropertyValueKeyword$_verifyElementPropertyValue_closure1.doCall(VerifyElementPropertyValueKeyword.groovy:52)
	at com.kms.katalon.core.webservice.keyword.builtin.VerifyElementPropertyValueKeyword$_verifyElementPropertyValue_closure1.call(VerifyElementPropertyValueKeyword.groovy)
	at com.kms.katalon.core.keyword.internal.KeywordMain.runKeyword(KeywordMain.groovy:74)
	at com.kms.katalon.core.webservice.keyword.builtin.VerifyElementPropertyValueKeyword.verifyElementPropertyValue(VerifyElementPropertyValueKeyword.groovy:48)
	at com.kms.katalon.core.webservice.keyword.builtin.VerifyElementPropertyValueKeyword.execute(VerifyElementPropertyValueKeyword.groovy:43)
	at com.kms.katalon.core.keyword.internal.KeywordExecutor.executeKeywordForPlatform(KeywordExecutor.groovy:74)
	at com.kms.katalon.core.webservice.keyword.WSBuiltInKeywords.verifyElementPropertyValue(WSBuiltInKeywords.groovy:175)
	at com.kms.katalon.core.webservice.keyword.WSBuiltInKeywords$verifyElementPropertyValue$0.call(Unknown Source)
	at 1. get token - data order.run(1. get token - data order:570)
	at com.kms.katalon.core.main.ScriptEngine.run(ScriptEngine.java:194)
	at com.kms.katalon.core.main.ScriptEngine.runScriptAsRawText(ScriptEngine.java:119)
	at com.kms.katalon.core.main.TestCaseExecutor.runScript(TestCaseExecutor.java:442)
	at com.kms.katalon.core.main.TestCaseExecutor.doExecute(TestCaseExecutor.java:433)
	at com.kms.katalon.core.main.TestCaseExecutor.processExecutionPhase(TestCaseExecutor.java:412)
	at com.kms.katalon.core.main.TestCaseExecutor.accessMainPhase(TestCaseExecutor.java:404)
	at com.kms.katalon.core.main.TestCaseExecutor.execute(TestCaseExecutor.java:281)
	at com.kms.katalon.core.main.TestSuiteExecutor.accessTestCaseMainPhase(TestSuiteExecutor.java:202)
	at com.kms.katalon.core.main.TestSuiteExecutor.accessTestSuiteMainPhase(TestSuiteExecutor.java:164)
	at com.kms.katalon.core.main.TestSuiteExecutor.execute(TestSuiteExecutor.java:105)
	at com.kms.katalon.core.main.TestCaseMain.startTestSuite(TestCaseMain.java:181)
	at com.kms.katalon.core.main.TestCaseMain$startTestSuite$0.call(Unknown Source)
	at TempTestSuite1648100878643.run(TempTestSuite1648100878643.groovy:36)
)

2022-03-24 12:53:06 - [TEST_STEP][FAILED] - verifyElementPropertyValue(order, "GetDataOrderResponse.ListDataOrder[0].InsuranceData[3].PerluasanJaminan.TJH", o_tjh_val_3, CONTINUE_ON_FAILURE): Unable to verify element property value (Root cause: java.lang.NullPointerException: Cannot get property 'PerluasanJaminan' on null object
	at Script1.run(Script1.groovy:1)
	at com.kms.katalon.core.webservice.helper.WebServiceCommonHelper.parseAndGetPropertyValueForJson(WebServiceCommonHelper.java:213)
	at com.kms.katalon.core.webservice.keyword.builtin.VerifyElementPropertyValueKeyword$_verifyElementPropertyValue_closure1.doCall(VerifyElementPropertyValueKeyword.groovy:52)
	at com.kms.katalon.core.webservice.keyword.builtin.VerifyElementPropertyValueKeyword$_verifyElementPropertyValue_closure1.call(VerifyElementPropertyValueKeyword.groovy)
	at com.kms.katalon.core.keyword.internal.KeywordMain.runKeyword(KeywordMain.groovy:74)
	at com.kms.katalon.core.webservice.keyword.builtin.VerifyElementPropertyValueKeyword.verifyElementPropertyValue(VerifyElementPropertyValueKeyword.groovy:48)
	at com.kms.katalon.core.webservice.keyword.builtin.VerifyElementPropertyValueKeyword.execute(VerifyElementPropertyValueKeyword.groovy:43)
	at com.kms.katalon.core.keyword.internal.KeywordExecutor.executeKeywordForPlatform(KeywordExecutor.groovy:74)
	at com.kms.katalon.core.webservice.keyword.WSBuiltInKeywords.verifyElementPropertyValue(WSBuiltInKeywords.groovy:175)
	at com.kms.katalon.core.webservice.keyword.WSBuiltInKeywords$verifyElementPropertyValue$0.call(Unknown Source)
	at 1. get token - data order.run(1. get token - data order:573)
	at com.kms.katalon.core.main.ScriptEngine.run(ScriptEngine.java:194)
	at com.kms.katalon.core.main.ScriptEngine.runScriptAsRawText(ScriptEngine.java:119)
	at com.kms.katalon.core.main.TestCaseExecutor.runScript(TestCaseExecutor.java:442)
	at com.kms.katalon.core.main.TestCaseExecutor.doExecute(TestCaseExecutor.java:433)
	at com.kms.katalon.core.main.TestCaseExecutor.processExecutionPhase(TestCaseExecutor.java:412)
	at com.kms.katalon.core.main.TestCaseExecutor.accessMainPhase(TestCaseExecutor.java:404)
	at com.kms.katalon.core.main.TestCaseExecutor.execute(TestCaseExecutor.java:281)
	at com.kms.katalon.core.main.TestSuiteExecutor.accessTestCaseMainPhase(TestSuiteExecutor.java:202)
	at com.kms.katalon.core.main.TestSuiteExecutor.accessTestSuiteMainPhase(TestSuiteExecutor.java:164)
	at com.kms.katalon.core.main.TestSuiteExecutor.execute(TestSuiteExecutor.java:105)
	at com.kms.katalon.core.main.TestCaseMain.startTestSuite(TestCaseMain.java:181)
	at com.kms.katalon.core.main.TestCaseMain$startTestSuite$0.call(Unknown Source)
	at TempTestSuite1648100878643.run(TempTestSuite1648100878643.groovy:36)
)

2022-03-24 12:53:06 - [MESSAGE][FAILED] - Unable to verify element property value (Root cause: java.lang.NullPointerException: Cannot get property 'PerluasanJaminan' on null object
	at Script1.run(Script1.groovy:1)
	at com.kms.katalon.core.webservice.helper.WebServiceCommonHelper.parseAndGetPropertyValueForJson(WebServiceCommonHelper.java:213)
	at com.kms.katalon.core.webservice.keyword.builtin.VerifyElementPropertyValueKeyword$_verifyElementPropertyValue_closure1.doCall(VerifyElementPropertyValueKeyword.groovy:52)
	at com.kms.katalon.core.webservice.keyword.builtin.VerifyElementPropertyValueKeyword$_verifyElementPropertyValue_closure1.call(VerifyElementPropertyValueKeyword.groovy)
	at com.kms.katalon.core.keyword.internal.KeywordMain.runKeyword(KeywordMain.groovy:74)
	at com.kms.katalon.core.webservice.keyword.builtin.VerifyElementPropertyValueKeyword.verifyElementPropertyValue(VerifyElementPropertyValueKeyword.groovy:48)
	at com.kms.katalon.core.webservice.keyword.builtin.VerifyElementPropertyValueKeyword.execute(VerifyElementPropertyValueKeyword.groovy:43)
	at com.kms.katalon.core.keyword.internal.KeywordExecutor.executeKeywordForPlatform(KeywordExecutor.groovy:74)
	at com.kms.katalon.core.webservice.keyword.WSBuiltInKeywords.verifyElementPropertyValue(WSBuiltInKeywords.groovy:175)
	at com.kms.katalon.core.webservice.keyword.WSBuiltInKeywords$verifyElementPropertyValue$0.call(Unknown Source)
	at 1. get token - data order.run(1. get token - data order:573)
	at com.kms.katalon.core.main.ScriptEngine.run(ScriptEngine.java:194)
	at com.kms.katalon.core.main.ScriptEngine.runScriptAsRawText(ScriptEngine.java:119)
	at com.kms.katalon.core.main.TestCaseExecutor.runScript(TestCaseExecutor.java:442)
	at com.kms.katalon.core.main.TestCaseExecutor.doExecute(TestCaseExecutor.java:433)
	at com.kms.katalon.core.main.TestCaseExecutor.processExecutionPhase(TestCaseExecutor.java:412)
	at com.kms.katalon.core.main.TestCaseExecutor.accessMainPhase(TestCaseExecutor.java:404)
	at com.kms.katalon.core.main.TestCaseExecutor.execute(TestCaseExecutor.java:281)
	at com.kms.katalon.core.main.TestSuiteExecutor.accessTestCaseMainPhase(TestSuiteExecutor.java:202)
	at com.kms.katalon.core.main.TestSuiteExecutor.accessTestSuiteMainPhase(TestSuiteExecutor.java:164)
	at com.kms.katalon.core.main.TestSuiteExecutor.execute(TestSuiteExecutor.java:105)
	at com.kms.katalon.core.main.TestCaseMain.startTestSuite(TestCaseMain.java:181)
	at com.kms.katalon.core.main.TestCaseMain$startTestSuite$0.call(Unknown Source)
	at TempTestSuite1648100878643.run(TempTestSuite1648100878643.groovy:36)
)

2022-03-24 12:53:06 - [TEST_STEP][FAILED] - verifyElementPropertyValue(order, "GetDataOrderResponse.ListDataOrder[0].InsuranceData[3].PerluasanJaminan.RSCC", o_rscc_val_3, CONTINUE_ON_FAILURE): Unable to verify element property value (Root cause: java.lang.NullPointerException: Cannot get property 'PerluasanJaminan' on null object
	at Script1.run(Script1.groovy:1)
	at com.kms.katalon.core.webservice.helper.WebServiceCommonHelper.parseAndGetPropertyValueForJson(WebServiceCommonHelper.java:213)
	at com.kms.katalon.core.webservice.keyword.builtin.VerifyElementPropertyValueKeyword$_verifyElementPropertyValue_closure1.doCall(VerifyElementPropertyValueKeyword.groovy:52)
	at com.kms.katalon.core.webservice.keyword.builtin.VerifyElementPropertyValueKeyword$_verifyElementPropertyValue_closure1.call(VerifyElementPropertyValueKeyword.groovy)
	at com.kms.katalon.core.keyword.internal.KeywordMain.runKeyword(KeywordMain.groovy:74)
	at com.kms.katalon.core.webservice.keyword.builtin.VerifyElementPropertyValueKeyword.verifyElementPropertyValue(VerifyElementPropertyValueKeyword.groovy:48)
	at com.kms.katalon.core.webservice.keyword.builtin.VerifyElementPropertyValueKeyword.execute(VerifyElementPropertyValueKeyword.groovy:43)
	at com.kms.katalon.core.keyword.internal.KeywordExecutor.executeKeywordForPlatform(KeywordExecutor.groovy:74)
	at com.kms.katalon.core.webservice.keyword.WSBuiltInKeywords.verifyElementPropertyValue(WSBuiltInKeywords.groovy:175)
	at com.kms.katalon.core.webservice.keyword.WSBuiltInKeywords$verifyElementPropertyValue$0.call(Unknown Source)
	at 1. get token - data order.run(1. get token - data order:576)
	at com.kms.katalon.core.main.ScriptEngine.run(ScriptEngine.java:194)
	at com.kms.katalon.core.main.ScriptEngine.runScriptAsRawText(ScriptEngine.java:119)
	at com.kms.katalon.core.main.TestCaseExecutor.runScript(TestCaseExecutor.java:442)
	at com.kms.katalon.core.main.TestCaseExecutor.doExecute(TestCaseExecutor.java:433)
	at com.kms.katalon.core.main.TestCaseExecutor.processExecutionPhase(TestCaseExecutor.java:412)
	at com.kms.katalon.core.main.TestCaseExecutor.accessMainPhase(TestCaseExecutor.java:404)
	at com.kms.katalon.core.main.TestCaseExecutor.execute(TestCaseExecutor.java:281)
	at com.kms.katalon.core.main.TestSuiteExecutor.accessTestCaseMainPhase(TestSuiteExecutor.java:202)
	at com.kms.katalon.core.main.TestSuiteExecutor.accessTestSuiteMainPhase(TestSuiteExecutor.java:164)
	at com.kms.katalon.core.main.TestSuiteExecutor.execute(TestSuiteExecutor.java:105)
	at com.kms.katalon.core.main.TestCaseMain.startTestSuite(TestCaseMain.java:181)
	at com.kms.katalon.core.main.TestCaseMain$startTestSuite$0.call(Unknown Source)
	at TempTestSuite1648100878643.run(TempTestSuite1648100878643.groovy:36)
)

2022-03-24 12:53:06 - [MESSAGE][FAILED] - Unable to verify element property value (Root cause: java.lang.NullPointerException: Cannot get property 'PerluasanJaminan' on null object
	at Script1.run(Script1.groovy:1)
	at com.kms.katalon.core.webservice.helper.WebServiceCommonHelper.parseAndGetPropertyValueForJson(WebServiceCommonHelper.java:213)
	at com.kms.katalon.core.webservice.keyword.builtin.VerifyElementPropertyValueKeyword$_verifyElementPropertyValue_closure1.doCall(VerifyElementPropertyValueKeyword.groovy:52)
	at com.kms.katalon.core.webservice.keyword.builtin.VerifyElementPropertyValueKeyword$_verifyElementPropertyValue_closure1.call(VerifyElementPropertyValueKeyword.groovy)
	at com.kms.katalon.core.keyword.internal.KeywordMain.runKeyword(KeywordMain.groovy:74)
	at com.kms.katalon.core.webservice.keyword.builtin.VerifyElementPropertyValueKeyword.verifyElementPropertyValue(VerifyElementPropertyValueKeyword.groovy:48)
	at com.kms.katalon.core.webservice.keyword.builtin.VerifyElementPropertyValueKeyword.execute(VerifyElementPropertyValueKeyword.groovy:43)
	at com.kms.katalon.core.keyword.internal.KeywordExecutor.executeKeywordForPlatform(KeywordExecutor.groovy:74)
	at com.kms.katalon.core.webservice.keyword.WSBuiltInKeywords.verifyElementPropertyValue(WSBuiltInKeywords.groovy:175)
	at com.kms.katalon.core.webservice.keyword.WSBuiltInKeywords$verifyElementPropertyValue$0.call(Unknown Source)
	at 1. get token - data order.run(1. get token - data order:576)
	at com.kms.katalon.core.main.ScriptEngine.run(ScriptEngine.java:194)
	at com.kms.katalon.core.main.ScriptEngine.runScriptAsRawText(ScriptEngine.java:119)
	at com.kms.katalon.core.main.TestCaseExecutor.runScript(TestCaseExecutor.java:442)
	at com.kms.katalon.core.main.TestCaseExecutor.doExecute(TestCaseExecutor.java:433)
	at com.kms.katalon.core.main.TestCaseExecutor.processExecutionPhase(TestCaseExecutor.java:412)
	at com.kms.katalon.core.main.TestCaseExecutor.accessMainPhase(TestCaseExecutor.java:404)
	at com.kms.katalon.core.main.TestCaseExecutor.execute(TestCaseExecutor.java:281)
	at com.kms.katalon.core.main.TestSuiteExecutor.accessTestCaseMainPhase(TestSuiteExecutor.java:202)
	at com.kms.katalon.core.main.TestSuiteExecutor.accessTestSuiteMainPhase(TestSuiteExecutor.java:164)
	at com.kms.katalon.core.main.TestSuiteExecutor.execute(TestSuiteExecutor.java:105)
	at com.kms.katalon.core.main.TestCaseMain.startTestSuite(TestCaseMain.java:181)
	at com.kms.katalon.core.main.TestCaseMain$startTestSuite$0.call(Unknown Source)
	at TempTestSuite1648100878643.run(TempTestSuite1648100878643.groovy:36)
)

2022-03-24 12:53:06 - [TEST_STEP][FAILED] - verifyElementPropertyValue(order, "GetDataOrderResponse.ListDataOrder[0].InsuranceData[3].PerluasanJaminan.Banjir", o_rsmb_val_3, CONTINUE_ON_FAILURE): Unable to verify element property value (Root cause: java.lang.NullPointerException: Cannot get property 'PerluasanJaminan' on null object
	at Script1.run(Script1.groovy:1)
	at com.kms.katalon.core.webservice.helper.WebServiceCommonHelper.parseAndGetPropertyValueForJson(WebServiceCommonHelper.java:213)
	at com.kms.katalon.core.webservice.keyword.builtin.VerifyElementPropertyValueKeyword$_verifyElementPropertyValue_closure1.doCall(VerifyElementPropertyValueKeyword.groovy:52)
	at com.kms.katalon.core.webservice.keyword.builtin.VerifyElementPropertyValueKeyword$_verifyElementPropertyValue_closure1.call(VerifyElementPropertyValueKeyword.groovy)
	at com.kms.katalon.core.keyword.internal.KeywordMain.runKeyword(KeywordMain.groovy:74)
	at com.kms.katalon.core.webservice.keyword.builtin.VerifyElementPropertyValueKeyword.verifyElementPropertyValue(VerifyElementPropertyValueKeyword.groovy:48)
	at com.kms.katalon.core.webservice.keyword.builtin.VerifyElementPropertyValueKeyword.execute(VerifyElementPropertyValueKeyword.groovy:43)
	at com.kms.katalon.core.keyword.internal.KeywordExecutor.executeKeywordForPlatform(KeywordExecutor.groovy:74)
	at com.kms.katalon.core.webservice.keyword.WSBuiltInKeywords.verifyElementPropertyValue(WSBuiltInKeywords.groovy:175)
	at com.kms.katalon.core.webservice.keyword.WSBuiltInKeywords$verifyElementPropertyValue$0.call(Unknown Source)
	at 1. get token - data order.run(1. get token - data order:579)
	at com.kms.katalon.core.main.ScriptEngine.run(ScriptEngine.java:194)
	at com.kms.katalon.core.main.ScriptEngine.runScriptAsRawText(ScriptEngine.java:119)
	at com.kms.katalon.core.main.TestCaseExecutor.runScript(TestCaseExecutor.java:442)
	at com.kms.katalon.core.main.TestCaseExecutor.doExecute(TestCaseExecutor.java:433)
	at com.kms.katalon.core.main.TestCaseExecutor.processExecutionPhase(TestCaseExecutor.java:412)
	at com.kms.katalon.core.main.TestCaseExecutor.accessMainPhase(TestCaseExecutor.java:404)
	at com.kms.katalon.core.main.TestCaseExecutor.execute(TestCaseExecutor.java:281)
	at com.kms.katalon.core.main.TestSuiteExecutor.accessTestCaseMainPhase(TestSuiteExecutor.java:202)
	at com.kms.katalon.core.main.TestSuiteExecutor.accessTestSuiteMainPhase(TestSuiteExecutor.java:164)
	at com.kms.katalon.core.main.TestSuiteExecutor.execute(TestSuiteExecutor.java:105)
	at com.kms.katalon.core.main.TestCaseMain.startTestSuite(TestCaseMain.java:181)
	at com.kms.katalon.core.main.TestCaseMain$startTestSuite$0.call(Unknown Source)
	at TempTestSuite1648100878643.run(TempTestSuite1648100878643.groovy:36)
)

2022-03-24 12:53:06 - [MESSAGE][FAILED] - Unable to verify element property value (Root cause: java.lang.NullPointerException: Cannot get property 'PerluasanJaminan' on null object
	at Script1.run(Script1.groovy:1)
	at com.kms.katalon.core.webservice.helper.WebServiceCommonHelper.parseAndGetPropertyValueForJson(WebServiceCommonHelper.java:213)
	at com.kms.katalon.core.webservice.keyword.builtin.VerifyElementPropertyValueKeyword$_verifyElementPropertyValue_closure1.doCall(VerifyElementPropertyValueKeyword.groovy:52)
	at com.kms.katalon.core.webservice.keyword.builtin.VerifyElementPropertyValueKeyword$_verifyElementPropertyValue_closure1.call(VerifyElementPropertyValueKeyword.groovy)
	at com.kms.katalon.core.keyword.internal.KeywordMain.runKeyword(KeywordMain.groovy:74)
	at com.kms.katalon.core.webservice.keyword.builtin.VerifyElementPropertyValueKeyword.verifyElementPropertyValue(VerifyElementPropertyValueKeyword.groovy:48)
	at com.kms.katalon.core.webservice.keyword.builtin.VerifyElementPropertyValueKeyword.execute(VerifyElementPropertyValueKeyword.groovy:43)
	at com.kms.katalon.core.keyword.internal.KeywordExecutor.executeKeywordForPlatform(KeywordExecutor.groovy:74)
	at com.kms.katalon.core.webservice.keyword.WSBuiltInKeywords.verifyElementPropertyValue(WSBuiltInKeywords.groovy:175)
	at com.kms.katalon.core.webservice.keyword.WSBuiltInKeywords$verifyElementPropertyValue$0.call(Unknown Source)
	at 1. get token - data order.run(1. get token - data order:579)
	at com.kms.katalon.core.main.ScriptEngine.run(ScriptEngine.java:194)
	at com.kms.katalon.core.main.ScriptEngine.runScriptAsRawText(ScriptEngine.java:119)
	at com.kms.katalon.core.main.TestCaseExecutor.runScript(TestCaseExecutor.java:442)
	at com.kms.katalon.core.main.TestCaseExecutor.doExecute(TestCaseExecutor.java:433)
	at com.kms.katalon.core.main.TestCaseExecutor.processExecutionPhase(TestCaseExecutor.java:412)
	at com.kms.katalon.core.main.TestCaseExecutor.accessMainPhase(TestCaseExecutor.java:404)
	at com.kms.katalon.core.main.TestCaseExecutor.execute(TestCaseExecutor.java:281)
	at com.kms.katalon.core.main.TestSuiteExecutor.accessTestCaseMainPhase(TestSuiteExecutor.java:202)
	at com.kms.katalon.core.main.TestSuiteExecutor.accessTestSuiteMainPhase(TestSuiteExecutor.java:164)
	at com.kms.katalon.core.main.TestSuiteExecutor.execute(TestSuiteExecutor.java:105)
	at com.kms.katalon.core.main.TestCaseMain.startTestSuite(TestCaseMain.java:181)
	at com.kms.katalon.core.main.TestCaseMain$startTestSuite$0.call(Unknown Source)
	at TempTestSuite1648100878643.run(TempTestSuite1648100878643.groovy:36)
)

2022-03-24 12:53:06 - [TEST_STEP][FAILED] - verifyElementPropertyValue(order, "GetDataOrderResponse.ListDataOrder[0].InsuranceData[3].PerluasanJaminan.Accessories", o_acc_val_3, CONTINUE_ON_FAILURE): Unable to verify element property value (Root cause: java.lang.NullPointerException: Cannot get property 'PerluasanJaminan' on null object
	at Script1.run(Script1.groovy:1)
	at com.kms.katalon.core.webservice.helper.WebServiceCommonHelper.parseAndGetPropertyValueForJson(WebServiceCommonHelper.java:213)
	at com.kms.katalon.core.webservice.keyword.builtin.VerifyElementPropertyValueKeyword$_verifyElementPropertyValue_closure1.doCall(VerifyElementPropertyValueKeyword.groovy:52)
	at com.kms.katalon.core.webservice.keyword.builtin.VerifyElementPropertyValueKeyword$_verifyElementPropertyValue_closure1.call(VerifyElementPropertyValueKeyword.groovy)
	at com.kms.katalon.core.keyword.internal.KeywordMain.runKeyword(KeywordMain.groovy:74)
	at com.kms.katalon.core.webservice.keyword.builtin.VerifyElementPropertyValueKeyword.verifyElementPropertyValue(VerifyElementPropertyValueKeyword.groovy:48)
	at com.kms.katalon.core.webservice.keyword.builtin.VerifyElementPropertyValueKeyword.execute(VerifyElementPropertyValueKeyword.groovy:43)
	at com.kms.katalon.core.keyword.internal.KeywordExecutor.executeKeywordForPlatform(KeywordExecutor.groovy:74)
	at com.kms.katalon.core.webservice.keyword.WSBuiltInKeywords.verifyElementPropertyValue(WSBuiltInKeywords.groovy:175)
	at com.kms.katalon.core.webservice.keyword.WSBuiltInKeywords$verifyElementPropertyValue$0.call(Unknown Source)
	at 1. get token - data order.run(1. get token - data order:582)
	at com.kms.katalon.core.main.ScriptEngine.run(ScriptEngine.java:194)
	at com.kms.katalon.core.main.ScriptEngine.runScriptAsRawText(ScriptEngine.java:119)
	at com.kms.katalon.core.main.TestCaseExecutor.runScript(TestCaseExecutor.java:442)
	at com.kms.katalon.core.main.TestCaseExecutor.doExecute(TestCaseExecutor.java:433)
	at com.kms.katalon.core.main.TestCaseExecutor.processExecutionPhase(TestCaseExecutor.java:412)
	at com.kms.katalon.core.main.TestCaseExecutor.accessMainPhase(TestCaseExecutor.java:404)
	at com.kms.katalon.core.main.TestCaseExecutor.execute(TestCaseExecutor.java:281)
	at com.kms.katalon.core.main.TestSuiteExecutor.accessTestCaseMainPhase(TestSuiteExecutor.java:202)
	at com.kms.katalon.core.main.TestSuiteExecutor.accessTestSuiteMainPhase(TestSuiteExecutor.java:164)
	at com.kms.katalon.core.main.TestSuiteExecutor.execute(TestSuiteExecutor.java:105)
	at com.kms.katalon.core.main.TestCaseMain.startTestSuite(TestCaseMain.java:181)
	at com.kms.katalon.core.main.TestCaseMain$startTestSuite$0.call(Unknown Source)
	at TempTestSuite1648100878643.run(TempTestSuite1648100878643.groovy:36)
)

2022-03-24 12:53:06 - [MESSAGE][FAILED] - Unable to verify element property value (Root cause: java.lang.NullPointerException: Cannot get property 'PerluasanJaminan' on null object
	at Script1.run(Script1.groovy:1)
	at com.kms.katalon.core.webservice.helper.WebServiceCommonHelper.parseAndGetPropertyValueForJson(WebServiceCommonHelper.java:213)
	at com.kms.katalon.core.webservice.keyword.builtin.VerifyElementPropertyValueKeyword$_verifyElementPropertyValue_closure1.doCall(VerifyElementPropertyValueKeyword.groovy:52)
	at com.kms.katalon.core.webservice.keyword.builtin.VerifyElementPropertyValueKeyword$_verifyElementPropertyValue_closure1.call(VerifyElementPropertyValueKeyword.groovy)
	at com.kms.katalon.core.keyword.internal.KeywordMain.runKeyword(KeywordMain.groovy:74)
	at com.kms.katalon.core.webservice.keyword.builtin.VerifyElementPropertyValueKeyword.verifyElementPropertyValue(VerifyElementPropertyValueKeyword.groovy:48)
	at com.kms.katalon.core.webservice.keyword.builtin.VerifyElementPropertyValueKeyword.execute(VerifyElementPropertyValueKeyword.groovy:43)
	at com.kms.katalon.core.keyword.internal.KeywordExecutor.executeKeywordForPlatform(KeywordExecutor.groovy:74)
	at com.kms.katalon.core.webservice.keyword.WSBuiltInKeywords.verifyElementPropertyValue(WSBuiltInKeywords.groovy:175)
	at com.kms.katalon.core.webservice.keyword.WSBuiltInKeywords$verifyElementPropertyValue$0.call(Unknown Source)
	at 1. get token - data order.run(1. get token - data order:582)
	at com.kms.katalon.core.main.ScriptEngine.run(ScriptEngine.java:194)
	at com.kms.katalon.core.main.ScriptEngine.runScriptAsRawText(ScriptEngine.java:119)
	at com.kms.katalon.core.main.TestCaseExecutor.runScript(TestCaseExecutor.java:442)
	at com.kms.katalon.core.main.TestCaseExecutor.doExecute(TestCaseExecutor.java:433)
	at com.kms.katalon.core.main.TestCaseExecutor.processExecutionPhase(TestCaseExecutor.java:412)
	at com.kms.katalon.core.main.TestCaseExecutor.accessMainPhase(TestCaseExecutor.java:404)
	at com.kms.katalon.core.main.TestCaseExecutor.execute(TestCaseExecutor.java:281)
	at com.kms.katalon.core.main.TestSuiteExecutor.accessTestCaseMainPhase(TestSuiteExecutor.java:202)
	at com.kms.katalon.core.main.TestSuiteExecutor.accessTestSuiteMainPhase(TestSuiteExecutor.java:164)
	at com.kms.katalon.core.main.TestSuiteExecutor.execute(TestSuiteExecutor.java:105)
	at com.kms.katalon.core.main.TestCaseMain.startTestSuite(TestCaseMain.java:181)
	at com.kms.katalon.core.main.TestCaseMain$startTestSuite$0.call(Unknown Source)
	at TempTestSuite1648100878643.run(TempTestSuite1648100878643.groovy:36)
)

2022-03-24 12:53:06 - [TEST_STEP][PASSED] - break: null]]></system-out>
         <system-err><![CDATA[2022-03-24 12:50:51 - [TEST_CASE][FAILED] - Test Cases/1. get token - data order: Test Cases/1. get token - data order FAILED.
Reason:
com.kms.katalon.core.exception.StepFailedException: Expected element property value '9481015610' is not equal with actual property value '1154000993'
	at com.kms.katalon.core.keyword.internal.KeywordMain.stepFailed(KeywordMain.groovy:39)
	at com.kms.katalon.core.webservice.keyword.builtin.VerifyElementPropertyValueKeyword$_verifyElementPropertyValue_closure1.doCall(VerifyElementPropertyValueKeyword.groovy:56)
	at com.kms.katalon.core.webservice.keyword.builtin.VerifyElementPropertyValueKeyword$_verifyElementPropertyValue_closure1.call(VerifyElementPropertyValueKeyword.groovy)
	at com.kms.katalon.core.keyword.internal.KeywordMain.runKeyword(KeywordMain.groovy:74)
	at com.kms.katalon.core.webservice.keyword.builtin.VerifyElementPropertyValueKeyword.verifyElementPropertyValue(VerifyElementPropertyValueKeyword.groovy:48)
	at com.kms.katalon.core.webservice.keyword.builtin.VerifyElementPropertyValueKeyword.execute(VerifyElementPropertyValueKeyword.groovy:43)
	at com.kms.katalon.core.keyword.internal.KeywordExecutor.executeKeywordForPlatform(KeywordExecutor.groovy:74)
	at com.kms.katalon.core.webservice.keyword.WSBuiltInKeywords.verifyElementPropertyValue(WSBuiltInKeywords.groovy:175)
	at com.kms.katalon.core.webservice.keyword.WSBuiltInKeywords$verifyElementPropertyValue$0.call(Unknown Source)
	at 1. get token - data order.run(1. get token - data order:54)
	at com.kms.katalon.core.main.ScriptEngine.run(ScriptEngine.java:194)
	at com.kms.katalon.core.main.ScriptEngine.runScriptAsRawText(ScriptEngine.java:119)
	at com.kms.katalon.core.main.TestCaseExecutor.runScript(TestCaseExecutor.java:442)
	at com.kms.katalon.core.main.TestCaseExecutor.doExecute(TestCaseExecutor.java:433)
	at com.kms.katalon.core.main.TestCaseExecutor.processExecutionPhase(TestCaseExecutor.java:412)
	at com.kms.katalon.core.main.TestCaseExecutor.accessMainPhase(TestCaseExecutor.java:404)
	at com.kms.katalon.core.main.TestCaseExecutor.execute(TestCaseExecutor.java:281)
	at com.kms.katalon.core.main.TestSuiteExecutor.accessTestCaseMainPhase(TestSuiteExecutor.java:202)
	at com.kms.katalon.core.main.TestSuiteExecutor.accessTestSuiteMainPhase(TestSuiteExecutor.java:164)
	at com.kms.katalon.core.main.TestSuiteExecutor.execute(TestSuiteExecutor.java:105)
	at com.kms.katalon.core.main.TestCaseMain.startTestSuite(TestCaseMain.java:181)
	at com.kms.katalon.core.main.TestCaseMain$startTestSuite$0.call(Unknown Source)
	at TempTestSuite1648100878643.run(TempTestSuite1648100878643.groovy:36)]]></system-err>
      </testcase>
      <testcase name="Test Cases/1. get token - data order" time="4.01" classname="Test Cases/1. get token - data order" status="FAILED">
         <failure type="FAILED" message="Test Cases/1. get token - data order FAILED.
Reason:
com.kms.katalon.core.exception.StepFailedException: Expected element property value '9481015628' is not equal with actual property value '1154000993'
	at com.kms.katalon.core.keyword.internal.KeywordMain.stepFailed(KeywordMain.groovy:39)
	at com.kms.katalon.core.webservice.keyword.builtin.VerifyElementPropertyValueKeyword$_verifyElementPropertyValue_closure1.doCall(VerifyElementPropertyValueKeyword.groovy:56)
	at com.kms.katalon.core.webservice.keyword.builtin.VerifyElementPropertyValueKeyword$_verifyElementPropertyValue_closure1.call(VerifyElementPropertyValueKeyword.groovy)
	at com.kms.katalon.core.keyword.internal.KeywordMain.runKeyword(KeywordMain.groovy:74)
	at com.kms.katalon.core.webservice.keyword.builtin.VerifyElementPropertyValueKeyword.verifyElementPropertyValue(VerifyElementPropertyValueKeyword.groovy:48)
	at com.kms.katalon.core.webservice.keyword.builtin.VerifyElementPropertyValueKeyword.execute(VerifyElementPropertyValueKeyword.groovy:43)
	at com.kms.katalon.core.keyword.internal.KeywordExecutor.executeKeywordForPlatform(KeywordExecutor.groovy:74)
	at com.kms.katalon.core.webservice.keyword.WSBuiltInKeywords.verifyElementPropertyValue(WSBuiltInKeywords.groovy:175)
	at com.kms.katalon.core.webservice.keyword.WSBuiltInKeywords$verifyElementPropertyValue$0.call(Unknown Source)
	at 1. get token - data order.run(1. get token - data order:54)
	at com.kms.katalon.core.main.ScriptEngine.run(ScriptEngine.java:194)
	at com.kms.katalon.core.main.ScriptEngine.runScriptAsRawText(ScriptEngine.java:119)
	at com.kms.katalon.core.main.TestCaseExecutor.runScript(TestCaseExecutor.java:442)
	at com.kms.katalon.core.main.TestCaseExecutor.doExecute(TestCaseExecutor.java:433)
	at com.kms.katalon.core.main.TestCaseExecutor.processExecutionPhase(TestCaseExecutor.java:412)
	at com.kms.katalon.core.main.TestCaseExecutor.accessMainPhase(TestCaseExecutor.java:404)
	at com.kms.katalon.core.main.TestCaseExecutor.execute(TestCaseExecutor.java:281)
	at com.kms.katalon.core.main.TestSuiteExecutor.accessTestCaseMainPhase(TestSuiteExecutor.java:202)
	at com.kms.katalon.core.main.TestSuiteExecutor.accessTestSuiteMainPhase(TestSuiteExecutor.java:164)
	at com.kms.katalon.core.main.TestSuiteExecutor.execute(TestSuiteExecutor.java:105)
	at com.kms.katalon.core.main.TestCaseMain.startTestSuite(TestCaseMain.java:181)
	at com.kms.katalon.core.main.TestCaseMain$startTestSuite$0.call(Unknown Source)
	at TempTestSuite1648100878643.run(TempTestSuite1648100878643.groovy:36)
"/>
         <system-out><![CDATA[2022-03-24 12:53:07 - [TEST_CASE][FAILED] - Test Cases/1. get token - data order: Test Cases/1. get token - data order FAILED.
Reason:
com.kms.katalon.core.exception.StepFailedException: Expected element property value '9481015628' is not equal with actual property value '1154000993'
	at com.kms.katalon.core.keyword.internal.KeywordMain.stepFailed(KeywordMain.groovy:39)
	at com.kms.katalon.core.webservice.keyword.builtin.VerifyElementPropertyValueKeyword$_verifyElementPropertyValue_closure1.doCall(VerifyElementPropertyValueKeyword.groovy:56)
	at com.kms.katalon.core.webservice.keyword.builtin.VerifyElementPropertyValueKeyword$_verifyElementPropertyValue_closure1.call(VerifyElementPropertyValueKeyword.groovy)
	at com.kms.katalon.core.keyword.internal.KeywordMain.runKeyword(KeywordMain.groovy:74)
	at com.kms.katalon.core.webservice.keyword.builtin.VerifyElementPropertyValueKeyword.verifyElementPropertyValue(VerifyElementPropertyValueKeyword.groovy:48)
	at com.kms.katalon.core.webservice.keyword.builtin.VerifyElementPropertyValueKeyword.execute(VerifyElementPropertyValueKeyword.groovy:43)
	at com.kms.katalon.core.keyword.internal.KeywordExecutor.executeKeywordForPlatform(KeywordExecutor.groovy:74)
	at com.kms.katalon.core.webservice.keyword.WSBuiltInKeywords.verifyElementPropertyValue(WSBuiltInKeywords.groovy:175)
	at com.kms.katalon.core.webservice.keyword.WSBuiltInKeywords$verifyElementPropertyValue$0.call(Unknown Source)
	at 1. get token - data order.run(1. get token - data order:54)
	at com.kms.katalon.core.main.ScriptEngine.run(ScriptEngine.java:194)
	at com.kms.katalon.core.main.ScriptEngine.runScriptAsRawText(ScriptEngine.java:119)
	at com.kms.katalon.core.main.TestCaseExecutor.runScript(TestCaseExecutor.java:442)
	at com.kms.katalon.core.main.TestCaseExecutor.doExecute(TestCaseExecutor.java:433)
	at com.kms.katalon.core.main.TestCaseExecutor.processExecutionPhase(TestCaseExecutor.java:412)
	at com.kms.katalon.core.main.TestCaseExecutor.accessMainPhase(TestCaseExecutor.java:404)
	at com.kms.katalon.core.main.TestCaseExecutor.execute(TestCaseExecutor.java:281)
	at com.kms.katalon.core.main.TestSuiteExecutor.accessTestCaseMainPhase(TestSuiteExecutor.java:202)
	at com.kms.katalon.core.main.TestSuiteExecutor.accessTestSuiteMainPhase(TestSuiteExecutor.java:164)
	at com.kms.katalon.core.main.TestSuiteExecutor.execute(TestSuiteExecutor.java:105)
	at com.kms.katalon.core.main.TestCaseMain.startTestSuite(TestCaseMain.java:181)
	at com.kms.katalon.core.main.TestCaseMain$startTestSuite$0.call(Unknown Source)
	at TempTestSuite1648100878643.run(TempTestSuite1648100878643.groovy:36)


2022-03-24 12:53:07 - [TEST_STEP][PASSED] - token = sendRequest(findTestObject("1. Get-Token")): Send request successfully

2022-03-24 12:53:08 - [MESSAGE][INFO] - HAR: I:\app-testing\app-project\Order car insurance\order-car-insurance\Reports\20220324_124757\Get data order\20220324_124758\requests\main\45.har

2022-03-24 12:53:08 - [MESSAGE][PASSED] - Send request successfully

2022-03-24 12:53:08 - [TEST_STEP][PASSED] - slurper = new groovy.json.JsonSlurper(): null

2022-03-24 12:53:08 - [TEST_STEP][PASSED] - get_token = slurper.parseText(token.getResponseBodyContent()): null

2022-03-24 12:53:08 - [TEST_STEP][PASSED] - private_token = access_token: null

2022-03-24 12:53:08 - [TEST_STEP][PASSED] - global_token = private_token: null

2022-03-24 12:53:08 - [TEST_STEP][PASSED] - println("token is :" + global_token): null

2022-03-24 12:53:08 - [TEST_STEP][PASSED] - response_token = token.getResponseText(): null

2022-03-24 12:53:08 - [TEST_STEP][PASSED] - logInfo($response_token): 
            {
                "token_type": "BearerToken",
                "access_token": "3n7L1AJCCG5oNIpajZs3vyDptEIp",
                "expires_in": "1799",
                "scope": ""
            }
        

2022-03-24 12:53:08 - [MESSAGE][INFO] - 
            {
                "token_type": "BearerToken",
                "access_token": "3n7L1AJCCG5oNIpajZs3vyDptEIp",
                "expires_in": "1799",
                "scope": ""
            }
        

2022-03-24 12:53:08 - [TEST_STEP][PASSED] - order = sendRequest(findTestObject("3. Get-data-order", ["s_key":global_token, "c_id":c_id, "order_date":order_date, "page":page, "rows":rows])): Send request successfully

2022-03-24 12:53:08 - [MESSAGE][INFO] - HAR: I:\app-testing\app-project\Order car insurance\order-car-insurance\Reports\20220324_124757\Get data order\20220324_124758\requests\main\46.har

2022-03-24 12:53:08 - [MESSAGE][PASSED] - Send request successfully

2022-03-24 12:53:08 - [TEST_STEP][PASSED] - get_order = order.getResponseText(): null

2022-03-24 12:53:08 - [TEST_STEP][PASSED] - markPassed("data ke : " + no): data ke : 16

2022-03-24 12:53:08 - [MESSAGE][PASSED] - data ke : 16

2022-03-24 12:53:08 - [TEST_STEP][PASSED] - verifyElementPropertyValue(order, "GetDataOrderResponse.ListDataOrder[0].TipeOrder", o_tipeorder, CONTINUE_ON_FAILURE): Verify element property value successfully

2022-03-24 12:53:08 - [MESSAGE][PASSED] - Verify element property value successfully

2022-03-24 12:53:08 - [TEST_STEP][PASSED] - verifyElementPropertyValue(order, "GetDataOrderResponse.ListDataOrder[0].BatchID", o_batchid, CONTINUE_ON_FAILURE): Verify element property value successfully

2022-03-24 12:53:08 - [MESSAGE][PASSED] - Verify element property value successfully

2022-03-24 12:53:08 - [TEST_STEP][FAILED] - verifyElementPropertyValue(order, "GetDataOrderResponse.ListDataOrder[0].NoRek", o_norek, CONTINUE_ON_FAILURE): Expected element property value '9481015628' is not equal with actual property value '1154000993'

2022-03-24 12:53:08 - [MESSAGE][FAILED] - Expected element property value '9481015628' is not equal with actual property value '1154000993'

2022-03-24 12:53:08 - [TEST_STEP][PASSED] - verifyElementPropertyValue(order, "GetDataOrderResponse.ListDataOrder[0].NoPin", o_nopin, CONTINUE_ON_FAILURE): Verify element property value successfully

2022-03-24 12:53:08 - [MESSAGE][PASSED] - Verify element property value successfully

2022-03-24 12:53:08 - [TEST_STEP][PASSED] - verifyElementPropertyValue(order, "GetDataOrderResponse.ListDataOrder[0].CustName", o_custname, CONTINUE_ON_FAILURE): Verify element property value successfully

2022-03-24 12:53:08 - [MESSAGE][PASSED] - Verify element property value successfully

2022-03-24 12:53:08 - [TEST_STEP][PASSED] - verifyElementPropertyValue(order, "GetDataOrderResponse.ListDataOrder[0].Pemohon", o_pemohon, CONTINUE_ON_FAILURE): Verify element property value successfully

2022-03-24 12:53:09 - [MESSAGE][PASSED] - Verify element property value successfully

2022-03-24 12:53:09 - [TEST_STEP][FAILED] - verifyElementPropertyValue(order, "GetDataOrderResponse.ListDataOrder[0].HargaPembelian", o_otr, CONTINUE_ON_FAILURE): Expected element property value '181000000.00' is not equal with actual property value '360000000.00'

2022-03-24 12:53:09 - [MESSAGE][FAILED] - Expected element property value '181000000.00' is not equal with actual property value '360000000.00'

2022-03-24 12:53:09 - [TEST_STEP][FAILED] - verifyElementPropertyValue(order, "GetDataOrderResponse.ListDataOrder[0].Cabang", o_branchid, CONTINUE_ON_FAILURE): Expected element property value '9481' is not equal with actual property value '1154'

2022-03-24 12:53:09 - [MESSAGE][FAILED] - Expected element property value '9481' is not equal with actual property value '1154'

2022-03-24 12:53:09 - [TEST_STEP][FAILED] - verifyElementPropertyValue(order, "GetDataOrderResponse.ListDataOrder[0].MerkID", o_merk, CONTINUE_ON_FAILURE): Expected element property value 'HON' is not equal with actual property value 'TYT'

2022-03-24 12:53:09 - [MESSAGE][FAILED] - Expected element property value 'HON' is not equal with actual property value 'TYT'

2022-03-24 12:53:09 - [TEST_STEP][FAILED] - verifyElementPropertyValue(order, "GetDataOrderResponse.ListDataOrder[0].TypeMobil", o_type, CONTINUE_ON_FAILURE): Expected element property value 'JAZZ GK5 1.5 RS CVT CKD' is not equal with actual property value 'INNOVA VENTURER 2.0 AT'

2022-03-24 12:53:09 - [MESSAGE][FAILED] - Expected element property value 'JAZZ GK5 1.5 RS CVT CKD' is not equal with actual property value 'INNOVA VENTURER 2.0 AT'

2022-03-24 12:53:09 - [TEST_STEP][PASSED] - verifyElementPropertyValue(order, "GetDataOrderResponse.ListDataOrder[0].JenisMobil", o_jenis, CONTINUE_ON_FAILURE): Verify element property value successfully

2022-03-24 12:53:09 - [MESSAGE][PASSED] - Verify element property value successfully

2022-03-24 12:53:09 - [TEST_STEP][FAILED] - verifyElementPropertyValue(order, "GetDataOrderResponse.ListDataOrder[0].TahunMobil", o_tahun, CONTINUE_ON_FAILURE): Expected element property value '2014' is not equal with actual property value '2017'

2022-03-24 12:53:09 - [MESSAGE][FAILED] - Expected element property value '2014' is not equal with actual property value '2017'

2022-03-24 12:53:09 - [TEST_STEP][FAILED] - verifyElementPropertyValue(order, "GetDataOrderResponse.ListDataOrder[0].Warna", o_warna, CONTINUE_ON_FAILURE): Expected element property value 'PUTIH ORCHID MUTIARA' is not equal with actual property value 'PUTIH'

2022-03-24 12:53:09 - [MESSAGE][FAILED] - Expected element property value 'PUTIH ORCHID MUTIARA' is not equal with actual property value 'PUTIH'

2022-03-24 12:53:09 - [TEST_STEP][FAILED] - verifyElementPropertyValue(order, "GetDataOrderResponse.ListDataOrder[0].NoRangka", o_norangka, CONTINUE_ON_FAILURE): Expected element property value 'MHRGK5860EJ407202' is not equal with actual property value 'MHFAW8EM4H0206354'

2022-03-24 12:53:09 - [MESSAGE][FAILED] - Expected element property value 'MHRGK5860EJ407202' is not equal with actual property value 'MHFAW8EM4H0206354'

2022-03-24 12:53:09 - [TEST_STEP][FAILED] - verifyElementPropertyValue(order, "GetDataOrderResponse.ListDataOrder[0].NoMesin", o_nomesin, CONTINUE_ON_FAILURE): Expected element property value 'L15Z51012692' is not equal with actual property value '1TRA295932'

2022-03-24 12:53:09 - [MESSAGE][FAILED] - Expected element property value 'L15Z51012692' is not equal with actual property value '1TRA295932'

2022-03-24 12:53:09 - [TEST_STEP][FAILED] - verifyElementPropertyValue(order, "GetDataOrderResponse.ListDataOrder[0].NoPolisi", o_nopol, CONTINUE_ON_FAILURE): Expected element property value 'L 1077 GA' is not equal with actual property value 'B 2726 BOM'

2022-03-24 12:53:09 - [MESSAGE][FAILED] - Expected element property value 'L 1077 GA' is not equal with actual property value 'B 2726 BOM'

2022-03-24 12:53:09 - [TEST_STEP][FAILED] - verifyElementPropertyValue(order, "GetDataOrderResponse.ListDataOrder[0].NamaBPKB", o_namabpkb, CONTINUE_ON_FAILURE): Expected element property value 'STEVANY WIDARNO' is not equal with actual property value 'PT AUTORENT LANCAR S'

2022-03-24 12:53:09 - [MESSAGE][FAILED] - Expected element property value 'STEVANY WIDARNO' is not equal with actual property value 'PT AUTORENT LANCAR S'

2022-03-24 12:53:09 - [TEST_STEP][FAILED] - verifyElementPropertyValue(order, "GetDataOrderResponse.ListDataOrder[0].KategoriMobil", o_kategori, CONTINUE_ON_FAILURE): Expected element property value '3 ' is not equal with actual property value '14'

2022-03-24 12:53:09 - [MESSAGE][FAILED] - Expected element property value '3 ' is not equal with actual property value '14'

2022-03-24 12:53:09 - [TEST_STEP][PASSED] - verifyElementPropertyValue(order, "GetDataOrderResponse.ListDataOrder[0].PenggunaanKendaraan", o_purpose, CONTINUE_ON_FAILURE): Verify element property value successfully

2022-03-24 12:53:09 - [MESSAGE][PASSED] - Verify element property value successfully

2022-03-24 12:53:09 - [TEST_STEP][PASSED] - verifyElementPropertyValue(order, "GetDataOrderResponse.ListDataOrder[0].Kondisi", o_kondisi, CONTINUE_ON_FAILURE): Verify element property value successfully

2022-03-24 12:53:09 - [MESSAGE][PASSED] - Verify element property value successfully

2022-03-24 12:53:09 - [TEST_STEP][PASSED] - verifyElementPropertyValue(order, "GetDataOrderResponse.ListDataOrder[0].Accessories1", o_acc1, CONTINUE_ON_FAILURE): Verify element property value successfully

2022-03-24 12:53:09 - [MESSAGE][PASSED] - Verify element property value successfully

2022-03-24 12:53:09 - [TEST_STEP][PASSED] - verifyElementPropertyValue(order, "GetDataOrderResponse.ListDataOrder[0].Accessories2", o_acc2, CONTINUE_ON_FAILURE): Verify element property value successfully

2022-03-24 12:53:09 - [MESSAGE][PASSED] - Verify element property value successfully

2022-03-24 12:53:09 - [TEST_STEP][PASSED] - verifyElementPropertyValue(order, "GetDataOrderResponse.ListDataOrder[0].Accessories3", o_acc3, CONTINUE_ON_FAILURE): Verify element property value successfully

2022-03-24 12:53:09 - [MESSAGE][PASSED] - Verify element property value successfully

2022-03-24 12:53:09 - [TEST_STEP][PASSED] - verifyElementPropertyValue(order, "GetDataOrderResponse.ListDataOrder[0].Accessories4", o_acc4, CONTINUE_ON_FAILURE): Verify element property value successfully

2022-03-24 12:53:09 - [MESSAGE][PASSED] - Verify element property value successfully

2022-03-24 12:53:09 - [TEST_STEP][PASSED] - verifyElementPropertyValue(order, "GetDataOrderResponse.ListDataOrder[0].Accessories5", o_acc5, CONTINUE_ON_FAILURE): Verify element property value successfully

2022-03-24 12:53:09 - [MESSAGE][PASSED] - Verify element property value successfully

2022-03-24 12:53:09 - [TEST_STEP][PASSED] - verifyElementPropertyValue(order, "GetDataOrderResponse.ListDataOrder[0].HargaAccessories1", o_harga_acc1, CONTINUE_ON_FAILURE): Verify element property value successfully

2022-03-24 12:53:09 - [MESSAGE][PASSED] - Verify element property value successfully

2022-03-24 12:53:09 - [TEST_STEP][PASSED] - verifyElementPropertyValue(order, "GetDataOrderResponse.ListDataOrder[0].HargaAccessories2", o_harga_acc2, CONTINUE_ON_FAILURE): Verify element property value successfully

2022-03-24 12:53:09 - [MESSAGE][PASSED] - Verify element property value successfully

2022-03-24 12:53:09 - [TEST_STEP][PASSED] - verifyElementPropertyValue(order, "GetDataOrderResponse.ListDataOrder[0].HargaAccessories3", o_harga_acc3, CONTINUE_ON_FAILURE): Verify element property value successfully

2022-03-24 12:53:09 - [MESSAGE][PASSED] - Verify element property value successfully

2022-03-24 12:53:09 - [TEST_STEP][PASSED] - verifyElementPropertyValue(order, "GetDataOrderResponse.ListDataOrder[0].HargaAccessories4", o_harga_acc4, CONTINUE_ON_FAILURE): Verify element property value successfully

2022-03-24 12:53:09 - [MESSAGE][PASSED] - Verify element property value successfully

2022-03-24 12:53:09 - [TEST_STEP][PASSED] - verifyElementPropertyValue(order, "GetDataOrderResponse.ListDataOrder[0].HargaAccessories5", o_harga_acc5, CONTINUE_ON_FAILURE): Verify element property value successfully

2022-03-24 12:53:09 - [MESSAGE][PASSED] - Verify element property value successfully

2022-03-24 12:53:09 - [TEST_STEP][PASSED] - verifyElementPropertyValue(order, "GetDataOrderResponse.ListDataOrder[0].OverKredit", o_overkredit, CONTINUE_ON_FAILURE): Verify element property value successfully

2022-03-24 12:53:09 - [MESSAGE][PASSED] - Verify element property value successfully

2022-03-24 12:53:09 - [TEST_STEP][PASSED] - verifyElementPropertyValue(order, "GetDataOrderResponse.ListDataOrder[0].Restructure", o_restructure, CONTINUE_ON_FAILURE): Verify element property value successfully

2022-03-24 12:53:09 - [MESSAGE][PASSED] - Verify element property value successfully

2022-03-24 12:53:09 - [TEST_STEP][PASSED] - verifyElementPropertyValue(order, "GetDataOrderResponse.ListDataOrder[0].NoPolisLama", o_nopol_lama, CONTINUE_ON_FAILURE): Verify element property value successfully

2022-03-24 12:53:09 - [MESSAGE][PASSED] - Verify element property value successfully

2022-03-24 12:53:09 - [TEST_STEP][PASSED] - verifyElementPropertyValue(order, "GetDataOrderResponse.ListDataOrder[0].MailAddress", o_mail_addr, CONTINUE_ON_FAILURE): Verify element property value successfully

2022-03-24 12:53:09 - [MESSAGE][PASSED] - Verify element property value successfully

2022-03-24 12:53:09 - [TEST_STEP][PASSED] - verifyElementPropertyValue(order, "GetDataOrderResponse.ListDataOrder[0].KabKodya", o_kab_kodya, CONTINUE_ON_FAILURE): Verify element property value successfully

2022-03-24 12:53:09 - [MESSAGE][PASSED] - Verify element property value successfully

2022-03-24 12:53:09 - [TEST_STEP][FAILED] - verifyElementPropertyValue(order, "GetDataOrderResponse.ListDataOrder[0].PostalCode", o_postal_code, CONTINUE_ON_FAILURE): Expected element property value '61252' is not equal with actual property value '12610'

2022-03-24 12:53:09 - [MESSAGE][FAILED] - Expected element property value '61252' is not equal with actual property value '12610'

2022-03-24 12:53:09 - [TEST_STEP][PASSED] - verifyElementPropertyValue(order, "GetDataOrderResponse.ListDataOrder[0].PaketMobil", o_packet, CONTINUE_ON_FAILURE): Verify element property value successfully

2022-03-24 12:53:09 - [MESSAGE][PASSED] - Verify element property value successfully

2022-03-24 12:53:09 - [TEST_STEP][PASSED] - verifyElementPropertyValue(order, "GetDataOrderResponse.ListDataOrder[0].CustType", o_cust_type, CONTINUE_ON_FAILURE): Verify element property value successfully

2022-03-24 12:53:09 - [MESSAGE][PASSED] - Verify element property value successfully

2022-03-24 12:53:09 - [TEST_STEP][FAILED] - verifyElementPropertyValue(order, "GetDataOrderResponse.ListDataOrder[0].IdentityNo", o_nik, CONTINUE_ON_FAILURE): Expected element property value 'SCRAMBLE' is not equal with actual property value '09.5307.120661.7004'

2022-03-24 12:53:09 - [MESSAGE][FAILED] - Expected element property value 'SCRAMBLE' is not equal with actual property value '09.5307.120661.7004'

2022-03-24 12:53:09 - [TEST_STEP][PASSED] - verifyElementPropertyValue(order, "GetDataOrderResponse.ListDataOrder[0].BirthPlace", o_birth_place, CONTINUE_ON_FAILURE): Verify element property value successfully

2022-03-24 12:53:09 - [MESSAGE][PASSED] - Verify element property value successfully

2022-03-24 12:53:09 - [TEST_STEP][FAILED] - verifyElementPropertyValue(order, "GetDataOrderResponse.ListDataOrder[0].BirthDate", o_birth_date, CONTINUE_ON_FAILURE): Expected element property value '20220212' is not equal with actual property value '19610612'

2022-03-24 12:53:09 - [MESSAGE][FAILED] - Expected element property value '20220212' is not equal with actual property value '19610612'

2022-03-24 12:53:09 - [TEST_STEP][FAILED] - verifyElementPropertyValue(order, "GetDataOrderResponse.ListDataOrder[0].Occupation", o_occp, CONTINUE_ON_FAILURE): Expected element property value 'Karyawan' is not equal with actual property value 'Wiraswasta'

2022-03-24 12:53:09 - [MESSAGE][FAILED] - Expected element property value 'Karyawan' is not equal with actual property value 'Wiraswasta'

2022-03-24 12:53:09 - [TEST_STEP][PASSED] - verifyElementPropertyValue(order, "GetDataOrderResponse.ListDataOrder[0].AlamatKTP", o_ktp_addr, CONTINUE_ON_FAILURE): Verify element property value successfully

2022-03-24 12:53:09 - [MESSAGE][PASSED] - Verify element property value successfully

2022-03-24 12:53:09 - [TEST_STEP][PASSED] - verifyElementPropertyValue(order, "GetDataOrderResponse.ListDataOrder[0].KelurahanKTP", o_ktp_kel, CONTINUE_ON_FAILURE): Verify element property value successfully

2022-03-24 12:53:09 - [MESSAGE][PASSED] - Verify element property value successfully

2022-03-24 12:53:09 - [TEST_STEP][PASSED] - verifyElementPropertyValue(order, "GetDataOrderResponse.ListDataOrder[0].KecamatanKTP", o_ktp_kec, CONTINUE_ON_FAILURE): Verify element property value successfully

2022-03-24 12:53:10 - [MESSAGE][PASSED] - Verify element property value successfully

2022-03-24 12:53:10 - [TEST_STEP][PASSED] - verifyElementPropertyValue(order, "GetDataOrderResponse.ListDataOrder[0].KabKodyaKTP", o_ktp_kabkodya, CONTINUE_ON_FAILURE): Verify element property value successfully

2022-03-24 12:53:10 - [MESSAGE][PASSED] - Verify element property value successfully

2022-03-24 12:53:10 - [TEST_STEP][PASSED] - verifyElementPropertyValue(order, "GetDataOrderResponse.ListDataOrder[0].ProvinsiKTP", o_ktp_prov, CONTINUE_ON_FAILURE): Verify element property value successfully

2022-03-24 12:53:10 - [MESSAGE][PASSED] - Verify element property value successfully

2022-03-24 12:53:10 - [TEST_STEP][FAILED] - verifyElementPropertyValue(order, "GetDataOrderResponse.ListDataOrder[0].PostalCodeKTP", o_ktp_postal_code, CONTINUE_ON_FAILURE): Expected element property value '61252' is not equal with actual property value '12610'

2022-03-24 12:53:10 - [MESSAGE][FAILED] - Expected element property value '61252' is not equal with actual property value '12610'

2022-03-24 12:53:10 - [TEST_STEP][FAILED] - verifyElementPropertyValue(order, "GetDataOrderResponse.ListDataOrder[0].DealerName", o_ktp_dealer_name, CONTINUE_ON_FAILURE): Expected element property value 'Muksin Mobil, UD DTC' is not equal with actual property value '21 Auto Cars'

2022-03-24 12:53:10 - [MESSAGE][FAILED] - Expected element property value 'Muksin Mobil, UD DTC' is not equal with actual property value '21 Auto Cars'

2022-03-24 12:53:10 - [TEST_STEP][FAILED] - switch (tenor): null

2022-03-24 12:53:10 - [TEST_STEP][FAILED] - case "2":: null

2022-03-24 12:53:10 - [TEST_STEP][PASSED] - order2 = sendRequest(findTestObject("3. Get-data-order", ["s_key":global_token, "c_id":c_id, "order_date":order_date, "page":page, "rows":rows])): Send request successfully

2022-03-24 12:53:10 - [MESSAGE][INFO] - HAR: I:\app-testing\app-project\Order car insurance\order-car-insurance\Reports\20220324_124757\Get data order\20220324_124758\requests\main\47.har

2022-03-24 12:53:10 - [MESSAGE][PASSED] - Send request successfully

2022-03-24 12:53:10 - [TEST_STEP][PASSED] - get_order2 = order.getResponseText(): null

2022-03-24 12:53:10 - [TEST_STEP][FAILED] - verifyElementPropertyValue(order, "GetDataOrderResponse.ListDataOrder[0].InsuranceData[0].KondisiPertanggungan", o_kond_pertanggungan_0, CONTINUE_ON_FAILURE): Expected element property value ' ' is not equal with actual property value ''

2022-03-24 12:53:10 - [MESSAGE][FAILED] - Expected element property value ' ' is not equal with actual property value ''

2022-03-24 12:53:10 - [TEST_STEP][PASSED] - verifyElementPropertyValue(order, "GetDataOrderResponse.ListDataOrder[0].InsuranceData[0].TJH", o_tjh_header_0, CONTINUE_ON_FAILURE): Verify element property value successfully

2022-03-24 12:53:10 - [MESSAGE][PASSED] - Verify element property value successfully

2022-03-24 12:53:10 - [TEST_STEP][FAILED] - verifyElementPropertyValue(order, "GetDataOrderResponse.ListDataOrder[0].InsuranceData[0].InsuredValue", o_ins_val_0, CONTINUE_ON_FAILURE): Expected element property value '181000000.00' is not equal with actual property value '360000000.00'

2022-03-24 12:53:10 - [MESSAGE][FAILED] - Expected element property value '181000000.00' is not equal with actual property value '360000000.00'

2022-03-24 12:53:10 - [TEST_STEP][PASSED] - verifyElementPropertyValue(order, "GetDataOrderResponse.ListDataOrder[0].InsuranceData[0].InsuredFrom", o_ins_form_0, CONTINUE_ON_FAILURE): Verify element property value successfully

2022-03-24 12:53:10 - [MESSAGE][PASSED] - Verify element property value successfully

2022-03-24 12:53:10 - [TEST_STEP][PASSED] - verifyElementPropertyValue(order, "GetDataOrderResponse.ListDataOrder[0].InsuranceData[0].InsuredTo", o_ins_to_0, CONTINUE_ON_FAILURE): Verify element property value successfully

2022-03-24 12:53:10 - [MESSAGE][PASSED] - Verify element property value successfully

2022-03-24 12:53:10 - [TEST_STEP][FAILED] - verifyElementPropertyValue(order, "GetDataOrderResponse.ListDataOrder[0].InsuranceData[0].Rate", o_rate_0, CONTINUE_ON_FAILURE): Expected element property value '0.3212' is not equal with actual property value '1.5184'

2022-03-24 12:53:10 - [MESSAGE][FAILED] - Expected element property value '0.3212' is not equal with actual property value '1.5184'

2022-03-24 12:53:10 - [TEST_STEP][FAILED] - verifyElementPropertyValue(order, "GetDataOrderResponse.ListDataOrder[0].InsuranceData[0].GrossPremi", o_gross_premi_0, CONTINUE_ON_FAILURE): Expected element property value '581372.00' is not equal with actual property value '5466240.00'

2022-03-24 12:53:10 - [MESSAGE][FAILED] - Expected element property value '581372.00' is not equal with actual property value '5466240.00'

2022-03-24 12:53:10 - [TEST_STEP][PASSED] - verifyElementPropertyValue(order, "GetDataOrderResponse.ListDataOrder[0].InsuranceData[0].Discount", o_discount_0, CONTINUE_ON_FAILURE): Verify element property value successfully

2022-03-24 12:53:10 - [MESSAGE][PASSED] - Verify element property value successfully

2022-03-24 12:53:10 - [TEST_STEP][PASSED] - verifyElementPropertyValue(order, "GetDataOrderResponse.ListDataOrder[0].InsuranceData[0].Adm", o_adm_0, CONTINUE_ON_FAILURE): Verify element property value successfully

2022-03-24 12:53:10 - [MESSAGE][PASSED] - Verify element property value successfully

2022-03-24 12:53:10 - [TEST_STEP][FAILED] - verifyElementPropertyValue(order, "GetDataOrderResponse.ListDataOrder[0].InsuranceData[0].NetPremi", o_netpremi_0, CONTINUE_ON_FAILURE): Expected element property value '581372.00' is not equal with actual property value '5466240.00'

2022-03-24 12:53:10 - [MESSAGE][FAILED] - Expected element property value '581372.00' is not equal with actual property value '5466240.00'

2022-03-24 12:53:10 - [TEST_STEP][PASSED] - verifyElementPropertyValue(order, "GetDataOrderResponse.ListDataOrder[0].InsuranceData[0].PerluasanJaminan.TJH", o_tjh_val_0, CONTINUE_ON_FAILURE): Verify element property value successfully

2022-03-24 12:53:10 - [MESSAGE][PASSED] - Verify element property value successfully

2022-03-24 12:53:10 - [TEST_STEP][PASSED] - verifyElementPropertyValue(order, "GetDataOrderResponse.ListDataOrder[0].InsuranceData[0].PerluasanJaminan.RSCC", o_rscc_val_0, CONTINUE_ON_FAILURE): Verify element property value successfully

2022-03-24 12:53:11 - [MESSAGE][PASSED] - Verify element property value successfully

2022-03-24 12:53:11 - [TEST_STEP][PASSED] - verifyElementPropertyValue(order, "GetDataOrderResponse.ListDataOrder[0].InsuranceData[0].PerluasanJaminan.Banjir", o_rsmb_val_0, CONTINUE_ON_FAILURE): Verify element property value successfully

2022-03-24 12:53:11 - [MESSAGE][PASSED] - Verify element property value successfully

2022-03-24 12:53:11 - [TEST_STEP][PASSED] - verifyElementPropertyValue(order, "GetDataOrderResponse.ListDataOrder[0].InsuranceData[0].PerluasanJaminan.Accessories", o_acc_val_0, CONTINUE_ON_FAILURE): Verify element property value successfully

2022-03-24 12:53:11 - [MESSAGE][PASSED] - Verify element property value successfully

2022-03-24 12:53:11 - [TEST_STEP][PASSED] - verifyElementPropertyValue(order, "GetDataOrderResponse.ListDataOrder[0].InsuranceData[1].KondisiPertanggungan", o_kond_pertanggungan_1, CONTINUE_ON_FAILURE): Verify element property value successfully

2022-03-24 12:53:11 - [MESSAGE][PASSED] - Verify element property value successfully

2022-03-24 12:53:11 - [TEST_STEP][PASSED] - verifyElementPropertyValue(order, "GetDataOrderResponse.ListDataOrder[0].InsuranceData[1].TJH", o_tjh_header_1, CONTINUE_ON_FAILURE): Verify element property value successfully

2022-03-24 12:53:11 - [MESSAGE][PASSED] - Verify element property value successfully

2022-03-24 12:53:11 - [TEST_STEP][FAILED] - verifyElementPropertyValue(order, "GetDataOrderResponse.ListDataOrder[0].InsuranceData[1].InsuredValue", o_ins_val_1, CONTINUE_ON_FAILURE): Expected element property value '181000000.00' is not equal with actual property value '360000000.00'

2022-03-24 12:53:11 - [MESSAGE][FAILED] - Expected element property value '181000000.00' is not equal with actual property value '360000000.00'

2022-03-24 12:53:11 - [TEST_STEP][PASSED] - verifyElementPropertyValue(order, "GetDataOrderResponse.ListDataOrder[0].InsuranceData[1].InsuredFrom", o_ins_form_1, CONTINUE_ON_FAILURE): Verify element property value successfully

2022-03-24 12:53:11 - [MESSAGE][PASSED] - Verify element property value successfully

2022-03-24 12:53:11 - [TEST_STEP][PASSED] - verifyElementPropertyValue(order, "GetDataOrderResponse.ListDataOrder[0].InsuranceData[1].InsuredTo", o_ins_to_1, CONTINUE_ON_FAILURE): Verify element property value successfully

2022-03-24 12:53:11 - [MESSAGE][PASSED] - Verify element property value successfully

2022-03-24 12:53:11 - [TEST_STEP][FAILED] - verifyElementPropertyValue(order, "GetDataOrderResponse.ListDataOrder[0].InsuranceData[1].Rate", o_rate_1, CONTINUE_ON_FAILURE): Expected element property value '0.3212' is not equal with actual property value '0.2774'

2022-03-24 12:53:11 - [MESSAGE][FAILED] - Expected element property value '0.3212' is not equal with actual property value '0.2774'

2022-03-24 12:53:11 - [TEST_STEP][FAILED] - verifyElementPropertyValue(order, "GetDataOrderResponse.ListDataOrder[0].InsuranceData[1].GrossPremi", o_gross_premi_1, CONTINUE_ON_FAILURE): Expected element property value '581372.00' is not equal with actual property value '998640.00'

2022-03-24 12:53:11 - [MESSAGE][FAILED] - Expected element property value '581372.00' is not equal with actual property value '998640.00'

2022-03-24 12:53:11 - [TEST_STEP][PASSED] - verifyElementPropertyValue(order, "GetDataOrderResponse.ListDataOrder[0].InsuranceData[1].Discount", o_discount_1, CONTINUE_ON_FAILURE): Verify element property value successfully

2022-03-24 12:53:11 - [MESSAGE][PASSED] - Verify element property value successfully

2022-03-24 12:53:11 - [TEST_STEP][PASSED] - verifyElementPropertyValue(order, "GetDataOrderResponse.ListDataOrder[0].InsuranceData[1].Adm", o_adm_1, CONTINUE_ON_FAILURE): Verify element property value successfully

2022-03-24 12:53:11 - [MESSAGE][PASSED] - Verify element property value successfully

2022-03-24 12:53:11 - [TEST_STEP][FAILED] - verifyElementPropertyValue(order, "GetDataOrderResponse.ListDataOrder[0].InsuranceData[1].NetPremi", o_netpremi_1, CONTINUE_ON_FAILURE): Expected element property value '581372.00' is not equal with actual property value '998640.00'

2022-03-24 12:53:11 - [MESSAGE][FAILED] - Expected element property value '581372.00' is not equal with actual property value '998640.00'

2022-03-24 12:53:11 - [TEST_STEP][PASSED] - verifyElementPropertyValue(order, "GetDataOrderResponse.ListDataOrder[0].InsuranceData[1].PerluasanJaminan.TJH", o_tjh_val_1, CONTINUE_ON_FAILURE): Verify element property value successfully

2022-03-24 12:53:11 - [MESSAGE][PASSED] - Verify element property value successfully

2022-03-24 12:53:11 - [TEST_STEP][PASSED] - verifyElementPropertyValue(order, "GetDataOrderResponse.ListDataOrder[0].InsuranceData[1].PerluasanJaminan.RSCC", o_rscc_val_1, CONTINUE_ON_FAILURE): Verify element property value successfully

2022-03-24 12:53:11 - [MESSAGE][PASSED] - Verify element property value successfully

2022-03-24 12:53:11 - [TEST_STEP][PASSED] - verifyElementPropertyValue(order, "GetDataOrderResponse.ListDataOrder[0].InsuranceData[1].PerluasanJaminan.Banjir", o_rsmb_val_1, CONTINUE_ON_FAILURE): Verify element property value successfully

2022-03-24 12:53:11 - [MESSAGE][PASSED] - Verify element property value successfully

2022-03-24 12:53:11 - [TEST_STEP][PASSED] - verifyElementPropertyValue(order, "GetDataOrderResponse.ListDataOrder[0].InsuranceData[1].PerluasanJaminan.Accessories", o_acc_val_1, CONTINUE_ON_FAILURE): Verify element property value successfully

2022-03-24 12:53:11 - [MESSAGE][PASSED] - Verify element property value successfully

2022-03-24 12:53:11 - [TEST_STEP][PASSED] - break: null]]></system-out>
         <system-err><![CDATA[2022-03-24 12:53:07 - [TEST_CASE][FAILED] - Test Cases/1. get token - data order: Test Cases/1. get token - data order FAILED.
Reason:
com.kms.katalon.core.exception.StepFailedException: Expected element property value '9481015628' is not equal with actual property value '1154000993'
	at com.kms.katalon.core.keyword.internal.KeywordMain.stepFailed(KeywordMain.groovy:39)
	at com.kms.katalon.core.webservice.keyword.builtin.VerifyElementPropertyValueKeyword$_verifyElementPropertyValue_closure1.doCall(VerifyElementPropertyValueKeyword.groovy:56)
	at com.kms.katalon.core.webservice.keyword.builtin.VerifyElementPropertyValueKeyword$_verifyElementPropertyValue_closure1.call(VerifyElementPropertyValueKeyword.groovy)
	at com.kms.katalon.core.keyword.internal.KeywordMain.runKeyword(KeywordMain.groovy:74)
	at com.kms.katalon.core.webservice.keyword.builtin.VerifyElementPropertyValueKeyword.verifyElementPropertyValue(VerifyElementPropertyValueKeyword.groovy:48)
	at com.kms.katalon.core.webservice.keyword.builtin.VerifyElementPropertyValueKeyword.execute(VerifyElementPropertyValueKeyword.groovy:43)
	at com.kms.katalon.core.keyword.internal.KeywordExecutor.executeKeywordForPlatform(KeywordExecutor.groovy:74)
	at com.kms.katalon.core.webservice.keyword.WSBuiltInKeywords.verifyElementPropertyValue(WSBuiltInKeywords.groovy:175)
	at com.kms.katalon.core.webservice.keyword.WSBuiltInKeywords$verifyElementPropertyValue$0.call(Unknown Source)
	at 1. get token - data order.run(1. get token - data order:54)
	at com.kms.katalon.core.main.ScriptEngine.run(ScriptEngine.java:194)
	at com.kms.katalon.core.main.ScriptEngine.runScriptAsRawText(ScriptEngine.java:119)
	at com.kms.katalon.core.main.TestCaseExecutor.runScript(TestCaseExecutor.java:442)
	at com.kms.katalon.core.main.TestCaseExecutor.doExecute(TestCaseExecutor.java:433)
	at com.kms.katalon.core.main.TestCaseExecutor.processExecutionPhase(TestCaseExecutor.java:412)
	at com.kms.katalon.core.main.TestCaseExecutor.accessMainPhase(TestCaseExecutor.java:404)
	at com.kms.katalon.core.main.TestCaseExecutor.execute(TestCaseExecutor.java:281)
	at com.kms.katalon.core.main.TestSuiteExecutor.accessTestCaseMainPhase(TestSuiteExecutor.java:202)
	at com.kms.katalon.core.main.TestSuiteExecutor.accessTestSuiteMainPhase(TestSuiteExecutor.java:164)
	at com.kms.katalon.core.main.TestSuiteExecutor.execute(TestSuiteExecutor.java:105)
	at com.kms.katalon.core.main.TestCaseMain.startTestSuite(TestCaseMain.java:181)
	at com.kms.katalon.core.main.TestCaseMain$startTestSuite$0.call(Unknown Source)
	at TempTestSuite1648100878643.run(TempTestSuite1648100878643.groovy:36)]]></system-err>
      </testcase>
      <testcase name="Test Cases/1. get token - data order" time="74.613" classname="Test Cases/1. get token - data order" status="FAILED">
         <failure type="FAILED" message="Test Cases/1. get token - data order FAILED.
Reason:
com.kms.katalon.core.exception.StepFailedException: Expected element property value '9481015640' is not equal with actual property value '1154000993'
	at com.kms.katalon.core.keyword.internal.KeywordMain.stepFailed(KeywordMain.groovy:39)
	at com.kms.katalon.core.webservice.keyword.builtin.VerifyElementPropertyValueKeyword$_verifyElementPropertyValue_closure1.doCall(VerifyElementPropertyValueKeyword.groovy:56)
	at com.kms.katalon.core.webservice.keyword.builtin.VerifyElementPropertyValueKeyword$_verifyElementPropertyValue_closure1.call(VerifyElementPropertyValueKeyword.groovy)
	at com.kms.katalon.core.keyword.internal.KeywordMain.runKeyword(KeywordMain.groovy:74)
	at com.kms.katalon.core.webservice.keyword.builtin.VerifyElementPropertyValueKeyword.verifyElementPropertyValue(VerifyElementPropertyValueKeyword.groovy:48)
	at com.kms.katalon.core.webservice.keyword.builtin.VerifyElementPropertyValueKeyword.execute(VerifyElementPropertyValueKeyword.groovy:43)
	at com.kms.katalon.core.keyword.internal.KeywordExecutor.executeKeywordForPlatform(KeywordExecutor.groovy:74)
	at com.kms.katalon.core.webservice.keyword.WSBuiltInKeywords.verifyElementPropertyValue(WSBuiltInKeywords.groovy:175)
	at com.kms.katalon.core.webservice.keyword.WSBuiltInKeywords$verifyElementPropertyValue$0.call(Unknown Source)
	at 1. get token - data order.run(1. get token - data order:54)
	at com.kms.katalon.core.main.ScriptEngine.run(ScriptEngine.java:194)
	at com.kms.katalon.core.main.ScriptEngine.runScriptAsRawText(ScriptEngine.java:119)
	at com.kms.katalon.core.main.TestCaseExecutor.runScript(TestCaseExecutor.java:442)
	at com.kms.katalon.core.main.TestCaseExecutor.doExecute(TestCaseExecutor.java:433)
	at com.kms.katalon.core.main.TestCaseExecutor.processExecutionPhase(TestCaseExecutor.java:412)
	at com.kms.katalon.core.main.TestCaseExecutor.accessMainPhase(TestCaseExecutor.java:404)
	at com.kms.katalon.core.main.TestCaseExecutor.execute(TestCaseExecutor.java:281)
	at com.kms.katalon.core.main.TestSuiteExecutor.accessTestCaseMainPhase(TestSuiteExecutor.java:202)
	at com.kms.katalon.core.main.TestSuiteExecutor.accessTestSuiteMainPhase(TestSuiteExecutor.java:164)
	at com.kms.katalon.core.main.TestSuiteExecutor.execute(TestSuiteExecutor.java:105)
	at com.kms.katalon.core.main.TestCaseMain.startTestSuite(TestCaseMain.java:181)
	at com.kms.katalon.core.main.TestCaseMain$startTestSuite$0.call(Unknown Source)
	at TempTestSuite1648100878643.run(TempTestSuite1648100878643.groovy:36)
"/>
         <system-out><![CDATA[2022-03-24 12:53:12 - [TEST_CASE][FAILED] - Test Cases/1. get token - data order: Test Cases/1. get token - data order FAILED.
Reason:
com.kms.katalon.core.exception.StepFailedException: Expected element property value '9481015640' is not equal with actual property value '1154000993'
	at com.kms.katalon.core.keyword.internal.KeywordMain.stepFailed(KeywordMain.groovy:39)
	at com.kms.katalon.core.webservice.keyword.builtin.VerifyElementPropertyValueKeyword$_verifyElementPropertyValue_closure1.doCall(VerifyElementPropertyValueKeyword.groovy:56)
	at com.kms.katalon.core.webservice.keyword.builtin.VerifyElementPropertyValueKeyword$_verifyElementPropertyValue_closure1.call(VerifyElementPropertyValueKeyword.groovy)
	at com.kms.katalon.core.keyword.internal.KeywordMain.runKeyword(KeywordMain.groovy:74)
	at com.kms.katalon.core.webservice.keyword.builtin.VerifyElementPropertyValueKeyword.verifyElementPropertyValue(VerifyElementPropertyValueKeyword.groovy:48)
	at com.kms.katalon.core.webservice.keyword.builtin.VerifyElementPropertyValueKeyword.execute(VerifyElementPropertyValueKeyword.groovy:43)
	at com.kms.katalon.core.keyword.internal.KeywordExecutor.executeKeywordForPlatform(KeywordExecutor.groovy:74)
	at com.kms.katalon.core.webservice.keyword.WSBuiltInKeywords.verifyElementPropertyValue(WSBuiltInKeywords.groovy:175)
	at com.kms.katalon.core.webservice.keyword.WSBuiltInKeywords$verifyElementPropertyValue$0.call(Unknown Source)
	at 1. get token - data order.run(1. get token - data order:54)
	at com.kms.katalon.core.main.ScriptEngine.run(ScriptEngine.java:194)
	at com.kms.katalon.core.main.ScriptEngine.runScriptAsRawText(ScriptEngine.java:119)
	at com.kms.katalon.core.main.TestCaseExecutor.runScript(TestCaseExecutor.java:442)
	at com.kms.katalon.core.main.TestCaseExecutor.doExecute(TestCaseExecutor.java:433)
	at com.kms.katalon.core.main.TestCaseExecutor.processExecutionPhase(TestCaseExecutor.java:412)
	at com.kms.katalon.core.main.TestCaseExecutor.accessMainPhase(TestCaseExecutor.java:404)
	at com.kms.katalon.core.main.TestCaseExecutor.execute(TestCaseExecutor.java:281)
	at com.kms.katalon.core.main.TestSuiteExecutor.accessTestCaseMainPhase(TestSuiteExecutor.java:202)
	at com.kms.katalon.core.main.TestSuiteExecutor.accessTestSuiteMainPhase(TestSuiteExecutor.java:164)
	at com.kms.katalon.core.main.TestSuiteExecutor.execute(TestSuiteExecutor.java:105)
	at com.kms.katalon.core.main.TestCaseMain.startTestSuite(TestCaseMain.java:181)
	at com.kms.katalon.core.main.TestCaseMain$startTestSuite$0.call(Unknown Source)
	at TempTestSuite1648100878643.run(TempTestSuite1648100878643.groovy:36)


2022-03-24 12:53:12 - [TEST_STEP][PASSED] - token = sendRequest(findTestObject("1. Get-Token")): Send request successfully

2022-03-24 12:53:12 - [MESSAGE][INFO] - HAR: I:\app-testing\app-project\Order car insurance\order-car-insurance\Reports\20220324_124757\Get data order\20220324_124758\requests\main\48.har

2022-03-24 12:53:12 - [MESSAGE][PASSED] - Send request successfully

2022-03-24 12:53:12 - [TEST_STEP][PASSED] - slurper = new groovy.json.JsonSlurper(): null

2022-03-24 12:53:12 - [TEST_STEP][PASSED] - get_token = slurper.parseText(token.getResponseBodyContent()): null

2022-03-24 12:53:12 - [TEST_STEP][PASSED] - private_token = access_token: null

2022-03-24 12:53:12 - [TEST_STEP][PASSED] - global_token = private_token: null

2022-03-24 12:53:12 - [TEST_STEP][PASSED] - println("token is :" + global_token): null

2022-03-24 12:53:12 - [TEST_STEP][PASSED] - response_token = token.getResponseText(): null

2022-03-24 12:53:12 - [TEST_STEP][PASSED] - logInfo($response_token): 
            {
                "token_type": "BearerToken",
                "access_token": "AR5YTmdxf7AKhQcTC7xfXr4wU4qD",
                "expires_in": "1799",
                "scope": ""
            }
        

2022-03-24 12:53:12 - [MESSAGE][INFO] - 
            {
                "token_type": "BearerToken",
                "access_token": "AR5YTmdxf7AKhQcTC7xfXr4wU4qD",
                "expires_in": "1799",
                "scope": ""
            }
        

2022-03-24 12:53:12 - [TEST_STEP][PASSED] - order = sendRequest(findTestObject("3. Get-data-order", ["s_key":global_token, "c_id":c_id, "order_date":order_date, "page":page, "rows":rows])): Send request successfully

2022-03-24 12:53:13 - [MESSAGE][INFO] - HAR: I:\app-testing\app-project\Order car insurance\order-car-insurance\Reports\20220324_124757\Get data order\20220324_124758\requests\main\49.har

2022-03-24 12:53:13 - [MESSAGE][PASSED] - Send request successfully

2022-03-24 12:53:13 - [TEST_STEP][PASSED] - get_order = order.getResponseText(): null

2022-03-24 12:53:13 - [TEST_STEP][PASSED] - markPassed("data ke : " + no): data ke : 17

2022-03-24 12:53:13 - [MESSAGE][PASSED] - data ke : 17

2022-03-24 12:53:13 - [TEST_STEP][PASSED] - verifyElementPropertyValue(order, "GetDataOrderResponse.ListDataOrder[0].TipeOrder", o_tipeorder, CONTINUE_ON_FAILURE): Verify element property value successfully

2022-03-24 12:53:13 - [MESSAGE][PASSED] - Verify element property value successfully

2022-03-24 12:53:13 - [TEST_STEP][PASSED] - verifyElementPropertyValue(order, "GetDataOrderResponse.ListDataOrder[0].BatchID", o_batchid, CONTINUE_ON_FAILURE): Verify element property value successfully

2022-03-24 12:53:13 - [MESSAGE][PASSED] - Verify element property value successfully

2022-03-24 12:53:13 - [TEST_STEP][FAILED] - verifyElementPropertyValue(order, "GetDataOrderResponse.ListDataOrder[0].NoRek", o_norek, CONTINUE_ON_FAILURE): Expected element property value '9481015640' is not equal with actual property value '1154000993'

2022-03-24 12:53:13 - [MESSAGE][FAILED] - Expected element property value '9481015640' is not equal with actual property value '1154000993'

2022-03-24 12:53:13 - [TEST_STEP][PASSED] - verifyElementPropertyValue(order, "GetDataOrderResponse.ListDataOrder[0].NoPin", o_nopin, CONTINUE_ON_FAILURE): Verify element property value successfully

2022-03-24 12:53:13 - [MESSAGE][PASSED] - Verify element property value successfully

2022-03-24 12:53:13 - [TEST_STEP][PASSED] - verifyElementPropertyValue(order, "GetDataOrderResponse.ListDataOrder[0].CustName", o_custname, CONTINUE_ON_FAILURE): Verify element property value successfully

2022-03-24 12:53:13 - [MESSAGE][PASSED] - Verify element property value successfully

2022-03-24 12:53:13 - [TEST_STEP][FAILED] - verifyElementPropertyValue(order, "GetDataOrderResponse.ListDataOrder[0].Pemohon", o_pemohon, CONTINUE_ON_FAILURE): Expected element property value 'PT BCAF QQ BCA' is not equal with actual property value 'PT BCAF'

2022-03-24 12:53:13 - [MESSAGE][FAILED] - Expected element property value 'PT BCAF QQ BCA' is not equal with actual property value 'PT BCAF'

2022-03-24 12:53:13 - [TEST_STEP][FAILED] - verifyElementPropertyValue(order, "GetDataOrderResponse.ListDataOrder[0].HargaPembelian", o_otr, CONTINUE_ON_FAILURE): Expected element property value '160000000.00' is not equal with actual property value '360000000.00'

2022-03-24 12:53:13 - [MESSAGE][FAILED] - Expected element property value '160000000.00' is not equal with actual property value '360000000.00'

2022-03-24 12:53:13 - [TEST_STEP][FAILED] - verifyElementPropertyValue(order, "GetDataOrderResponse.ListDataOrder[0].Cabang", o_branchid, CONTINUE_ON_FAILURE): Expected element property value '9481' is not equal with actual property value '1154'

2022-03-24 12:53:13 - [MESSAGE][FAILED] - Expected element property value '9481' is not equal with actual property value '1154'

2022-03-24 12:53:13 - [TEST_STEP][FAILED] - verifyElementPropertyValue(order, "GetDataOrderResponse.ListDataOrder[0].MerkID", o_merk, CONTINUE_ON_FAILURE): Expected element property value 'HON' is not equal with actual property value 'TYT'

2022-03-24 12:53:13 - [MESSAGE][FAILED] - Expected element property value 'HON' is not equal with actual property value 'TYT'

2022-03-24 12:53:13 - [TEST_STEP][FAILED] - verifyElementPropertyValue(order, "GetDataOrderResponse.ListDataOrder[0].TypeMobil", o_type, CONTINUE_ON_FAILURE): Expected element property value 'BRIO SATYA 1.2 E CVT CKD' is not equal with actual property value 'INNOVA VENTURER 2.0 AT'

2022-03-24 12:53:13 - [MESSAGE][FAILED] - Expected element property value 'BRIO SATYA 1.2 E CVT CKD' is not equal with actual property value 'INNOVA VENTURER 2.0 AT'

2022-03-24 12:53:13 - [TEST_STEP][PASSED] - verifyElementPropertyValue(order, "GetDataOrderResponse.ListDataOrder[0].JenisMobil", o_jenis, CONTINUE_ON_FAILURE): Verify element property value successfully

2022-03-24 12:53:13 - [MESSAGE][PASSED] - Verify element property value successfully

2022-03-24 12:53:13 - [TEST_STEP][FAILED] - verifyElementPropertyValue(order, "GetDataOrderResponse.ListDataOrder[0].TahunMobil", o_tahun, CONTINUE_ON_FAILURE): Expected element property value '2019' is not equal with actual property value '2017'

2022-03-24 12:53:13 - [MESSAGE][FAILED] - Expected element property value '2019' is not equal with actual property value '2017'

2022-03-24 12:53:13 - [TEST_STEP][FAILED] - verifyElementPropertyValue(order, "GetDataOrderResponse.ListDataOrder[0].Warna", o_warna, CONTINUE_ON_FAILURE): Expected element property value 'ABU ABU BULAN METALIK' is not equal with actual property value 'PUTIH'

2022-03-24 12:53:13 - [MESSAGE][FAILED] - Expected element property value 'ABU ABU BULAN METALIK' is not equal with actual property value 'PUTIH'

2022-03-24 12:53:13 - [TEST_STEP][FAILED] - verifyElementPropertyValue(order, "GetDataOrderResponse.ListDataOrder[0].NoRangka", o_norangka, CONTINUE_ON_FAILURE): Expected element property value 'MHRDD1850KJ914049' is not equal with actual property value 'MHFAW8EM4H0206354'

2022-03-24 12:53:13 - [MESSAGE][FAILED] - Expected element property value 'MHRDD1850KJ914049' is not equal with actual property value 'MHFAW8EM4H0206354'

2022-03-24 12:53:13 - [TEST_STEP][FAILED] - verifyElementPropertyValue(order, "GetDataOrderResponse.ListDataOrder[0].NoMesin", o_nomesin, CONTINUE_ON_FAILURE): Expected element property value 'L12B32357771' is not equal with actual property value '1TRA295932'

2022-03-24 12:53:13 - [MESSAGE][FAILED] - Expected element property value 'L12B32357771' is not equal with actual property value '1TRA295932'

2022-03-24 12:53:13 - [TEST_STEP][FAILED] - verifyElementPropertyValue(order, "GetDataOrderResponse.ListDataOrder[0].NoPolisi", o_nopol, CONTINUE_ON_FAILURE): Expected element property value 'L 1682 RU' is not equal with actual property value 'B 2726 BOM'

2022-03-24 12:53:13 - [MESSAGE][FAILED] - Expected element property value 'L 1682 RU' is not equal with actual property value 'B 2726 BOM'

2022-03-24 12:53:13 - [TEST_STEP][FAILED] - verifyElementPropertyValue(order, "GetDataOrderResponse.ListDataOrder[0].NamaBPKB", o_namabpkb, CONTINUE_ON_FAILURE): Expected element property value 'R R AYUNDA YAHDIS SABILA' is not equal with actual property value 'PT AUTORENT LANCAR S'

2022-03-24 12:53:13 - [MESSAGE][FAILED] - Expected element property value 'R R AYUNDA YAHDIS SABILA' is not equal with actual property value 'PT AUTORENT LANCAR S'

2022-03-24 12:53:13 - [TEST_STEP][PASSED] - verifyElementPropertyValue(order, "GetDataOrderResponse.ListDataOrder[0].KategoriMobil", o_kategori, CONTINUE_ON_FAILURE): Verify element property value successfully

2022-03-24 12:53:13 - [MESSAGE][PASSED] - Verify element property value successfully

2022-03-24 12:53:13 - [TEST_STEP][PASSED] - verifyElementPropertyValue(order, "GetDataOrderResponse.ListDataOrder[0].PenggunaanKendaraan", o_purpose, CONTINUE_ON_FAILURE): Verify element property value successfully

2022-03-24 12:53:13 - [MESSAGE][PASSED] - Verify element property value successfully

2022-03-24 12:53:13 - [TEST_STEP][PASSED] - verifyElementPropertyValue(order, "GetDataOrderResponse.ListDataOrder[0].Kondisi", o_kondisi, CONTINUE_ON_FAILURE): Verify element property value successfully

2022-03-24 12:53:13 - [MESSAGE][PASSED] - Verify element property value successfully

2022-03-24 12:53:13 - [TEST_STEP][PASSED] - verifyElementPropertyValue(order, "GetDataOrderResponse.ListDataOrder[0].Accessories1", o_acc1, CONTINUE_ON_FAILURE): Verify element property value successfully

2022-03-24 12:53:13 - [MESSAGE][PASSED] - Verify element property value successfully

2022-03-24 12:53:13 - [TEST_STEP][PASSED] - verifyElementPropertyValue(order, "GetDataOrderResponse.ListDataOrder[0].Accessories2", o_acc2, CONTINUE_ON_FAILURE): Verify element property value successfully

2022-03-24 12:53:13 - [MESSAGE][PASSED] - Verify element property value successfully

2022-03-24 12:54:23 - [TEST_STEP][PASSED] - verifyElementPropertyValue(order, "GetDataOrderResponse.ListDataOrder[0].Accessories3", o_acc3, CONTINUE_ON_FAILURE): Verify element property value successfully

2022-03-24 12:54:23 - [MESSAGE][PASSED] - Verify element property value successfully

2022-03-24 12:54:23 - [TEST_STEP][PASSED] - verifyElementPropertyValue(order, "GetDataOrderResponse.ListDataOrder[0].Accessories4", o_acc4, CONTINUE_ON_FAILURE): Verify element property value successfully

2022-03-24 12:54:23 - [MESSAGE][PASSED] - Verify element property value successfully

2022-03-24 12:54:23 - [TEST_STEP][PASSED] - verifyElementPropertyValue(order, "GetDataOrderResponse.ListDataOrder[0].Accessories5", o_acc5, CONTINUE_ON_FAILURE): Verify element property value successfully

2022-03-24 12:54:23 - [MESSAGE][PASSED] - Verify element property value successfully

2022-03-24 12:54:23 - [TEST_STEP][PASSED] - verifyElementPropertyValue(order, "GetDataOrderResponse.ListDataOrder[0].HargaAccessories1", o_harga_acc1, CONTINUE_ON_FAILURE): Verify element property value successfully

2022-03-24 12:54:23 - [MESSAGE][PASSED] - Verify element property value successfully

2022-03-24 12:54:23 - [TEST_STEP][PASSED] - verifyElementPropertyValue(order, "GetDataOrderResponse.ListDataOrder[0].HargaAccessories2", o_harga_acc2, CONTINUE_ON_FAILURE): Verify element property value successfully

2022-03-24 12:54:23 - [MESSAGE][PASSED] - Verify element property value successfully

2022-03-24 12:54:23 - [TEST_STEP][PASSED] - verifyElementPropertyValue(order, "GetDataOrderResponse.ListDataOrder[0].HargaAccessories3", o_harga_acc3, CONTINUE_ON_FAILURE): Verify element property value successfully

2022-03-24 12:54:23 - [MESSAGE][PASSED] - Verify element property value successfully

2022-03-24 12:54:23 - [TEST_STEP][PASSED] - verifyElementPropertyValue(order, "GetDataOrderResponse.ListDataOrder[0].HargaAccessories4", o_harga_acc4, CONTINUE_ON_FAILURE): Verify element property value successfully

2022-03-24 12:54:23 - [MESSAGE][PASSED] - Verify element property value successfully

2022-03-24 12:54:23 - [TEST_STEP][PASSED] - verifyElementPropertyValue(order, "GetDataOrderResponse.ListDataOrder[0].HargaAccessories5", o_harga_acc5, CONTINUE_ON_FAILURE): Verify element property value successfully

2022-03-24 12:54:23 - [MESSAGE][PASSED] - Verify element property value successfully

2022-03-24 12:54:23 - [TEST_STEP][PASSED] - verifyElementPropertyValue(order, "GetDataOrderResponse.ListDataOrder[0].OverKredit", o_overkredit, CONTINUE_ON_FAILURE): Verify element property value successfully

2022-03-24 12:54:23 - [MESSAGE][PASSED] - Verify element property value successfully

2022-03-24 12:54:23 - [TEST_STEP][PASSED] - verifyElementPropertyValue(order, "GetDataOrderResponse.ListDataOrder[0].Restructure", o_restructure, CONTINUE_ON_FAILURE): Verify element property value successfully

2022-03-24 12:54:23 - [MESSAGE][PASSED] - Verify element property value successfully

2022-03-24 12:54:23 - [TEST_STEP][PASSED] - verifyElementPropertyValue(order, "GetDataOrderResponse.ListDataOrder[0].NoPolisLama", o_nopol_lama, CONTINUE_ON_FAILURE): Verify element property value successfully

2022-03-24 12:54:24 - [MESSAGE][PASSED] - Verify element property value successfully

2022-03-24 12:54:24 - [TEST_STEP][PASSED] - verifyElementPropertyValue(order, "GetDataOrderResponse.ListDataOrder[0].MailAddress", o_mail_addr, CONTINUE_ON_FAILURE): Verify element property value successfully

2022-03-24 12:54:24 - [MESSAGE][PASSED] - Verify element property value successfully

2022-03-24 12:54:24 - [TEST_STEP][PASSED] - verifyElementPropertyValue(order, "GetDataOrderResponse.ListDataOrder[0].KabKodya", o_kab_kodya, CONTINUE_ON_FAILURE): Verify element property value successfully

2022-03-24 12:54:24 - [MESSAGE][PASSED] - Verify element property value successfully

2022-03-24 12:54:24 - [TEST_STEP][FAILED] - verifyElementPropertyValue(order, "GetDataOrderResponse.ListDataOrder[0].PostalCode", o_postal_code, CONTINUE_ON_FAILURE): Expected element property value '61257' is not equal with actual property value '12610'

2022-03-24 12:54:24 - [MESSAGE][FAILED] - Expected element property value '61257' is not equal with actual property value '12610'

2022-03-24 12:54:24 - [TEST_STEP][PASSED] - verifyElementPropertyValue(order, "GetDataOrderResponse.ListDataOrder[0].PaketMobil", o_packet, CONTINUE_ON_FAILURE): Verify element property value successfully

2022-03-24 12:54:24 - [MESSAGE][PASSED] - Verify element property value successfully

2022-03-24 12:54:24 - [TEST_STEP][PASSED] - verifyElementPropertyValue(order, "GetDataOrderResponse.ListDataOrder[0].CustType", o_cust_type, CONTINUE_ON_FAILURE): Verify element property value successfully

2022-03-24 12:54:24 - [MESSAGE][PASSED] - Verify element property value successfully

2022-03-24 12:54:24 - [TEST_STEP][FAILED] - verifyElementPropertyValue(order, "GetDataOrderResponse.ListDataOrder[0].IdentityNo", o_nik, CONTINUE_ON_FAILURE): Expected element property value 'SCRAMBLE' is not equal with actual property value '09.5307.120661.7004'

2022-03-24 12:54:24 - [MESSAGE][FAILED] - Expected element property value 'SCRAMBLE' is not equal with actual property value '09.5307.120661.7004'

2022-03-24 12:54:24 - [TEST_STEP][PASSED] - verifyElementPropertyValue(order, "GetDataOrderResponse.ListDataOrder[0].BirthPlace", o_birth_place, CONTINUE_ON_FAILURE): Verify element property value successfully

2022-03-24 12:54:24 - [MESSAGE][PASSED] - Verify element property value successfully

2022-03-24 12:54:24 - [TEST_STEP][FAILED] - verifyElementPropertyValue(order, "GetDataOrderResponse.ListDataOrder[0].BirthDate", o_birth_date, CONTINUE_ON_FAILURE): Expected element property value '20220212' is not equal with actual property value '19610612'

2022-03-24 12:54:24 - [MESSAGE][FAILED] - Expected element property value '20220212' is not equal with actual property value '19610612'

2022-03-24 12:54:24 - [TEST_STEP][FAILED] - verifyElementPropertyValue(order, "GetDataOrderResponse.ListDataOrder[0].Occupation", o_occp, CONTINUE_ON_FAILURE): Expected element property value 'Ibu Rumah Tangga' is not equal with actual property value 'Wiraswasta'

2022-03-24 12:54:24 - [MESSAGE][FAILED] - Expected element property value 'Ibu Rumah Tangga' is not equal with actual property value 'Wiraswasta'

2022-03-24 12:54:24 - [TEST_STEP][PASSED] - verifyElementPropertyValue(order, "GetDataOrderResponse.ListDataOrder[0].AlamatKTP", o_ktp_addr, CONTINUE_ON_FAILURE): Verify element property value successfully

2022-03-24 12:54:24 - [MESSAGE][PASSED] - Verify element property value successfully

2022-03-24 12:54:24 - [TEST_STEP][PASSED] - verifyElementPropertyValue(order, "GetDataOrderResponse.ListDataOrder[0].KelurahanKTP", o_ktp_kel, CONTINUE_ON_FAILURE): Verify element property value successfully

2022-03-24 12:54:24 - [MESSAGE][PASSED] - Verify element property value successfully

2022-03-24 12:54:24 - [TEST_STEP][PASSED] - verifyElementPropertyValue(order, "GetDataOrderResponse.ListDataOrder[0].KecamatanKTP", o_ktp_kec, CONTINUE_ON_FAILURE): Verify element property value successfully

2022-03-24 12:54:24 - [MESSAGE][PASSED] - Verify element property value successfully

2022-03-24 12:54:24 - [TEST_STEP][PASSED] - verifyElementPropertyValue(order, "GetDataOrderResponse.ListDataOrder[0].KabKodyaKTP", o_ktp_kabkodya, CONTINUE_ON_FAILURE): Verify element property value successfully

2022-03-24 12:54:24 - [MESSAGE][PASSED] - Verify element property value successfully

2022-03-24 12:54:24 - [TEST_STEP][PASSED] - verifyElementPropertyValue(order, "GetDataOrderResponse.ListDataOrder[0].ProvinsiKTP", o_ktp_prov, CONTINUE_ON_FAILURE): Verify element property value successfully

2022-03-24 12:54:24 - [MESSAGE][PASSED] - Verify element property value successfully

2022-03-24 12:54:24 - [TEST_STEP][FAILED] - verifyElementPropertyValue(order, "GetDataOrderResponse.ListDataOrder[0].PostalCodeKTP", o_ktp_postal_code, CONTINUE_ON_FAILURE): Expected element property value '61257' is not equal with actual property value '12610'

2022-03-24 12:54:24 - [MESSAGE][FAILED] - Expected element property value '61257' is not equal with actual property value '12610'

2022-03-24 12:54:24 - [TEST_STEP][FAILED] - verifyElementPropertyValue(order, "GetDataOrderResponse.ListDataOrder[0].DealerName", o_ktp_dealer_name, CONTINUE_ON_FAILURE): Expected element property value 'OLX AUTOS' is not equal with actual property value '21 Auto Cars'

2022-03-24 12:54:24 - [MESSAGE][FAILED] - Expected element property value 'OLX AUTOS' is not equal with actual property value '21 Auto Cars'

2022-03-24 12:54:24 - [TEST_STEP][FAILED] - switch (tenor): null

2022-03-24 12:54:24 - [TEST_STEP][FAILED] - case "5":: null

2022-03-24 12:54:24 - [TEST_STEP][PASSED] - order2 = sendRequest(findTestObject("3. Get-data-order", ["s_key":global_token, "c_id":c_id, "order_date":order_date, "page":page, "rows":rows])): Send request successfully

2022-03-24 12:54:25 - [MESSAGE][INFO] - HAR: I:\app-testing\app-project\Order car insurance\order-car-insurance\Reports\20220324_124757\Get data order\20220324_124758\requests\main\50.har

2022-03-24 12:54:25 - [MESSAGE][PASSED] - Send request successfully

2022-03-24 12:54:25 - [TEST_STEP][PASSED] - get_order2 = order.getResponseText(): null

2022-03-24 12:54:25 - [TEST_STEP][FAILED] - verifyElementPropertyValue(order, "GetDataOrderResponse.ListDataOrder[0].InsuranceData[0].KondisiPertanggungan", o_kond_pertanggungan_0, CONTINUE_ON_FAILURE): Expected element property value ' ' is not equal with actual property value ''

2022-03-24 12:54:25 - [MESSAGE][FAILED] - Expected element property value ' ' is not equal with actual property value ''

2022-03-24 12:54:25 - [TEST_STEP][PASSED] - verifyElementPropertyValue(order, "GetDataOrderResponse.ListDataOrder[0].InsuranceData[0].TJH", o_tjh_header_0, CONTINUE_ON_FAILURE): Verify element property value successfully

2022-03-24 12:54:25 - [MESSAGE][PASSED] - Verify element property value successfully

2022-03-24 12:54:25 - [TEST_STEP][FAILED] - verifyElementPropertyValue(order, "GetDataOrderResponse.ListDataOrder[0].InsuranceData[0].InsuredValue", o_ins_val_0, CONTINUE_ON_FAILURE): Expected element property value '160000000.00' is not equal with actual property value '360000000.00'

2022-03-24 12:54:25 - [MESSAGE][FAILED] - Expected element property value '160000000.00' is not equal with actual property value '360000000.00'

2022-03-24 12:54:25 - [TEST_STEP][PASSED] - verifyElementPropertyValue(order, "GetDataOrderResponse.ListDataOrder[0].InsuranceData[0].InsuredFrom", o_ins_form_0, CONTINUE_ON_FAILURE): Verify element property value successfully

2022-03-24 12:54:25 - [MESSAGE][PASSED] - Verify element property value successfully

2022-03-24 12:54:25 - [TEST_STEP][PASSED] - verifyElementPropertyValue(order, "GetDataOrderResponse.ListDataOrder[0].InsuranceData[0].InsuredTo", o_ins_to_0, CONTINUE_ON_FAILURE): Verify element property value successfully

2022-03-24 12:54:25 - [MESSAGE][PASSED] - Verify element property value successfully

2022-03-24 12:54:25 - [TEST_STEP][FAILED] - verifyElementPropertyValue(order, "GetDataOrderResponse.ListDataOrder[0].InsuranceData[0].Rate", o_rate_0, CONTINUE_ON_FAILURE): Expected element property value '0.3212' is not equal with actual property value '1.5184'

2022-03-24 12:54:25 - [MESSAGE][FAILED] - Expected element property value '0.3212' is not equal with actual property value '1.5184'

2022-03-24 12:54:25 - [TEST_STEP][FAILED] - verifyElementPropertyValue(order, "GetDataOrderResponse.ListDataOrder[0].InsuranceData[0].GrossPremi", o_gross_premi_0, CONTINUE_ON_FAILURE): Expected element property value '513920.00' is not equal with actual property value '5466240.00'

2022-03-24 12:54:25 - [MESSAGE][FAILED] - Expected element property value '513920.00' is not equal with actual property value '5466240.00'

2022-03-24 12:54:25 - [TEST_STEP][PASSED] - verifyElementPropertyValue(order, "GetDataOrderResponse.ListDataOrder[0].InsuranceData[0].Discount", o_discount_0, CONTINUE_ON_FAILURE): Verify element property value successfully

2022-03-24 12:54:25 - [MESSAGE][PASSED] - Verify element property value successfully

2022-03-24 12:54:25 - [TEST_STEP][PASSED] - verifyElementPropertyValue(order, "GetDataOrderResponse.ListDataOrder[0].InsuranceData[0].Adm", o_adm_0, CONTINUE_ON_FAILURE): Verify element property value successfully

2022-03-24 12:54:25 - [MESSAGE][PASSED] - Verify element property value successfully

2022-03-24 12:54:25 - [TEST_STEP][FAILED] - verifyElementPropertyValue(order, "GetDataOrderResponse.ListDataOrder[0].InsuranceData[0].NetPremi", o_netpremi_0, CONTINUE_ON_FAILURE): Expected element property value '513920.00' is not equal with actual property value '5466240.00'

2022-03-24 12:54:25 - [MESSAGE][FAILED] - Expected element property value '513920.00' is not equal with actual property value '5466240.00'

2022-03-24 12:54:25 - [TEST_STEP][PASSED] - verifyElementPropertyValue(order, "GetDataOrderResponse.ListDataOrder[0].InsuranceData[0].PerluasanJaminan.TJH", o_tjh_val_0, CONTINUE_ON_FAILURE): Verify element property value successfully

2022-03-24 12:54:25 - [MESSAGE][PASSED] - Verify element property value successfully

2022-03-24 12:54:25 - [TEST_STEP][PASSED] - verifyElementPropertyValue(order, "GetDataOrderResponse.ListDataOrder[0].InsuranceData[0].PerluasanJaminan.RSCC", o_rscc_val_0, CONTINUE_ON_FAILURE): Verify element property value successfully

2022-03-24 12:54:25 - [MESSAGE][PASSED] - Verify element property value successfully

2022-03-24 12:54:25 - [TEST_STEP][PASSED] - verifyElementPropertyValue(order, "GetDataOrderResponse.ListDataOrder[0].InsuranceData[0].PerluasanJaminan.Banjir", o_rsmb_val_0, CONTINUE_ON_FAILURE): Verify element property value successfully

2022-03-24 12:54:25 - [MESSAGE][PASSED] - Verify element property value successfully

2022-03-24 12:54:25 - [TEST_STEP][PASSED] - verifyElementPropertyValue(order, "GetDataOrderResponse.ListDataOrder[0].InsuranceData[0].PerluasanJaminan.Accessories", o_acc_val_0, CONTINUE_ON_FAILURE): Verify element property value successfully

2022-03-24 12:54:25 - [MESSAGE][PASSED] - Verify element property value successfully

2022-03-24 12:54:25 - [TEST_STEP][PASSED] - verifyElementPropertyValue(order, "GetDataOrderResponse.ListDataOrder[0].InsuranceData[1].KondisiPertanggungan", o_kond_pertanggungan_1, CONTINUE_ON_FAILURE): Verify element property value successfully

2022-03-24 12:54:25 - [MESSAGE][PASSED] - Verify element property value successfully

2022-03-24 12:54:25 - [TEST_STEP][PASSED] - verifyElementPropertyValue(order, "GetDataOrderResponse.ListDataOrder[0].InsuranceData[1].TJH", o_tjh_header_1, CONTINUE_ON_FAILURE): Verify element property value successfully

2022-03-24 12:54:25 - [MESSAGE][PASSED] - Verify element property value successfully

2022-03-24 12:54:25 - [TEST_STEP][FAILED] - verifyElementPropertyValue(order, "GetDataOrderResponse.ListDataOrder[0].InsuranceData[1].InsuredValue", o_ins_val_1, CONTINUE_ON_FAILURE): Expected element property value '160000000.00' is not equal with actual property value '360000000.00'

2022-03-24 12:54:25 - [MESSAGE][FAILED] - Expected element property value '160000000.00' is not equal with actual property value '360000000.00'

2022-03-24 12:54:25 - [TEST_STEP][PASSED] - verifyElementPropertyValue(order, "GetDataOrderResponse.ListDataOrder[0].InsuranceData[1].InsuredFrom", o_ins_form_1, CONTINUE_ON_FAILURE): Verify element property value successfully

2022-03-24 12:54:25 - [MESSAGE][PASSED] - Verify element property value successfully

2022-03-24 12:54:25 - [TEST_STEP][PASSED] - verifyElementPropertyValue(order, "GetDataOrderResponse.ListDataOrder[0].InsuranceData[1].InsuredTo", o_ins_to_1, CONTINUE_ON_FAILURE): Verify element property value successfully

2022-03-24 12:54:25 - [MESSAGE][PASSED] - Verify element property value successfully

2022-03-24 12:54:25 - [TEST_STEP][FAILED] - verifyElementPropertyValue(order, "GetDataOrderResponse.ListDataOrder[0].InsuranceData[1].Rate", o_rate_1, CONTINUE_ON_FAILURE): Expected element property value '0.3212' is not equal with actual property value '0.2774'

2022-03-24 12:54:25 - [MESSAGE][FAILED] - Expected element property value '0.3212' is not equal with actual property value '0.2774'

2022-03-24 12:54:25 - [TEST_STEP][FAILED] - verifyElementPropertyValue(order, "GetDataOrderResponse.ListDataOrder[0].InsuranceData[1].GrossPremi", o_gross_premi_1, CONTINUE_ON_FAILURE): Expected element property value '513920.00' is not equal with actual property value '998640.00'

2022-03-24 12:54:25 - [MESSAGE][FAILED] - Expected element property value '513920.00' is not equal with actual property value '998640.00'

2022-03-24 12:54:25 - [TEST_STEP][PASSED] - verifyElementPropertyValue(order, "GetDataOrderResponse.ListDataOrder[0].InsuranceData[1].Discount", o_discount_1, CONTINUE_ON_FAILURE): Verify element property value successfully

2022-03-24 12:54:25 - [MESSAGE][PASSED] - Verify element property value successfully

2022-03-24 12:54:25 - [TEST_STEP][PASSED] - verifyElementPropertyValue(order, "GetDataOrderResponse.ListDataOrder[0].InsuranceData[1].Adm", o_adm_1, CONTINUE_ON_FAILURE): Verify element property value successfully

2022-03-24 12:54:25 - [MESSAGE][PASSED] - Verify element property value successfully

2022-03-24 12:54:25 - [TEST_STEP][FAILED] - verifyElementPropertyValue(order, "GetDataOrderResponse.ListDataOrder[0].InsuranceData[1].NetPremi", o_netpremi_1, CONTINUE_ON_FAILURE): Expected element property value '513920.00' is not equal with actual property value '998640.00'

2022-03-24 12:54:25 - [MESSAGE][FAILED] - Expected element property value '513920.00' is not equal with actual property value '998640.00'

2022-03-24 12:54:25 - [TEST_STEP][PASSED] - verifyElementPropertyValue(order, "GetDataOrderResponse.ListDataOrder[0].InsuranceData[1].PerluasanJaminan.TJH", o_tjh_val_1, CONTINUE_ON_FAILURE): Verify element property value successfully

2022-03-24 12:54:25 - [MESSAGE][PASSED] - Verify element property value successfully

2022-03-24 12:54:25 - [TEST_STEP][PASSED] - verifyElementPropertyValue(order, "GetDataOrderResponse.ListDataOrder[0].InsuranceData[1].PerluasanJaminan.RSCC", o_rscc_val_1, CONTINUE_ON_FAILURE): Verify element property value successfully

2022-03-24 12:54:25 - [MESSAGE][PASSED] - Verify element property value successfully

2022-03-24 12:54:25 - [TEST_STEP][PASSED] - verifyElementPropertyValue(order, "GetDataOrderResponse.ListDataOrder[0].InsuranceData[1].PerluasanJaminan.Banjir", o_rsmb_val_1, CONTINUE_ON_FAILURE): Verify element property value successfully

2022-03-24 12:54:25 - [MESSAGE][PASSED] - Verify element property value successfully

2022-03-24 12:54:25 - [TEST_STEP][PASSED] - verifyElementPropertyValue(order, "GetDataOrderResponse.ListDataOrder[0].InsuranceData[1].PerluasanJaminan.Accessories", o_acc_val_1, CONTINUE_ON_FAILURE): Verify element property value successfully

2022-03-24 12:54:25 - [MESSAGE][PASSED] - Verify element property value successfully

2022-03-24 12:54:25 - [TEST_STEP][PASSED] - verifyElementPropertyValue(order, "GetDataOrderResponse.ListDataOrder[0].InsuranceData[2].KondisiPertanggungan", o_kond_pertanggungan_2, CONTINUE_ON_FAILURE): Verify element property value successfully

2022-03-24 12:54:25 - [MESSAGE][PASSED] - Verify element property value successfully

2022-03-24 12:54:25 - [TEST_STEP][PASSED] - verifyElementPropertyValue(order, "GetDataOrderResponse.ListDataOrder[0].InsuranceData[2].TJH", o_tjh_header_2, CONTINUE_ON_FAILURE): Verify element property value successfully

2022-03-24 12:54:25 - [MESSAGE][PASSED] - Verify element property value successfully

2022-03-24 12:54:25 - [TEST_STEP][FAILED] - verifyElementPropertyValue(order, "GetDataOrderResponse.ListDataOrder[0].InsuranceData[2].InsuredValue", o_ins_val_2, CONTINUE_ON_FAILURE): Expected element property value '160000000.00' is not equal with actual property value '360000000.00'

2022-03-24 12:54:25 - [MESSAGE][FAILED] - Expected element property value '160000000.00' is not equal with actual property value '360000000.00'

2022-03-24 12:54:25 - [TEST_STEP][PASSED] - verifyElementPropertyValue(order, "GetDataOrderResponse.ListDataOrder[0].InsuranceData[2].InsuredFrom", o_ins_form_2, CONTINUE_ON_FAILURE): Verify element property value successfully

2022-03-24 12:54:25 - [MESSAGE][PASSED] - Verify element property value successfully

2022-03-24 12:54:25 - [TEST_STEP][PASSED] - verifyElementPropertyValue(order, "GetDataOrderResponse.ListDataOrder[0].InsuranceData[2].InsuredTo", o_ins_to_2, CONTINUE_ON_FAILURE): Verify element property value successfully

2022-03-24 12:54:25 - [MESSAGE][PASSED] - Verify element property value successfully

2022-03-24 12:54:25 - [TEST_STEP][FAILED] - verifyElementPropertyValue(order, "GetDataOrderResponse.ListDataOrder[0].InsuranceData[2].Rate", o_rate_2, CONTINUE_ON_FAILURE): Expected element property value '0.3212' is not equal with actual property value '0.2774'

2022-03-24 12:54:25 - [MESSAGE][FAILED] - Expected element property value '0.3212' is not equal with actual property value '0.2774'

2022-03-24 12:54:25 - [TEST_STEP][FAILED] - verifyElementPropertyValue(order, "GetDataOrderResponse.ListDataOrder[0].InsuranceData[2].GrossPremi", o_gross_premi_2, CONTINUE_ON_FAILURE): Expected element property value '513920.00' is not equal with actual property value '998640.00'

2022-03-24 12:54:25 - [MESSAGE][FAILED] - Expected element property value '513920.00' is not equal with actual property value '998640.00'

2022-03-24 12:54:26 - [TEST_STEP][PASSED] - verifyElementPropertyValue(order, "GetDataOrderResponse.ListDataOrder[0].InsuranceData[2].Discount", o_discount_2, CONTINUE_ON_FAILURE): Verify element property value successfully

2022-03-24 12:54:26 - [MESSAGE][PASSED] - Verify element property value successfully

2022-03-24 12:54:26 - [TEST_STEP][PASSED] - verifyElementPropertyValue(order, "GetDataOrderResponse.ListDataOrder[0].InsuranceData[2].Adm", o_adm_2, CONTINUE_ON_FAILURE): Verify element property value successfully

2022-03-24 12:54:26 - [MESSAGE][PASSED] - Verify element property value successfully

2022-03-24 12:54:26 - [TEST_STEP][FAILED] - verifyElementPropertyValue(order, "GetDataOrderResponse.ListDataOrder[0].InsuranceData[2].NetPremi", o_netpremi_2, CONTINUE_ON_FAILURE): Expected element property value '513920.00' is not equal with actual property value '998640.00'

2022-03-24 12:54:26 - [MESSAGE][FAILED] - Expected element property value '513920.00' is not equal with actual property value '998640.00'

2022-03-24 12:54:26 - [TEST_STEP][PASSED] - verifyElementPropertyValue(order, "GetDataOrderResponse.ListDataOrder[0].InsuranceData[2].PerluasanJaminan.TJH", o_tjh_val_2, CONTINUE_ON_FAILURE): Verify element property value successfully

2022-03-24 12:54:26 - [MESSAGE][PASSED] - Verify element property value successfully

2022-03-24 12:54:26 - [TEST_STEP][PASSED] - verifyElementPropertyValue(order, "GetDataOrderResponse.ListDataOrder[0].InsuranceData[2].PerluasanJaminan.RSCC", o_rscc_val_2, CONTINUE_ON_FAILURE): Verify element property value successfully

2022-03-24 12:54:26 - [MESSAGE][PASSED] - Verify element property value successfully

2022-03-24 12:54:26 - [TEST_STEP][PASSED] - verifyElementPropertyValue(order, "GetDataOrderResponse.ListDataOrder[0].InsuranceData[2].PerluasanJaminan.Banjir", o_rsmb_val_2, CONTINUE_ON_FAILURE): Verify element property value successfully

2022-03-24 12:54:26 - [MESSAGE][PASSED] - Verify element property value successfully

2022-03-24 12:54:26 - [TEST_STEP][PASSED] - verifyElementPropertyValue(order, "GetDataOrderResponse.ListDataOrder[0].InsuranceData[2].PerluasanJaminan.Accessories", o_acc_val_2, CONTINUE_ON_FAILURE): Verify element property value successfully

2022-03-24 12:54:26 - [MESSAGE][PASSED] - Verify element property value successfully

2022-03-24 12:54:26 - [TEST_STEP][FAILED] - verifyElementPropertyValue(order, "GetDataOrderResponse.ListDataOrder[0].InsuranceData[3].KondisiPertanggungan", o_kond_pertanggungan_3, CONTINUE_ON_FAILURE): Unable to verify element property value (Root cause: java.lang.NullPointerException: Cannot get property 'KondisiPertanggungan' on null object
	at Script1.run(Script1.groovy:1)
	at com.kms.katalon.core.webservice.helper.WebServiceCommonHelper.parseAndGetPropertyValueForJson(WebServiceCommonHelper.java:213)
	at com.kms.katalon.core.webservice.keyword.builtin.VerifyElementPropertyValueKeyword$_verifyElementPropertyValue_closure1.doCall(VerifyElementPropertyValueKeyword.groovy:52)
	at com.kms.katalon.core.webservice.keyword.builtin.VerifyElementPropertyValueKeyword$_verifyElementPropertyValue_closure1.call(VerifyElementPropertyValueKeyword.groovy)
	at com.kms.katalon.core.keyword.internal.KeywordMain.runKeyword(KeywordMain.groovy:74)
	at com.kms.katalon.core.webservice.keyword.builtin.VerifyElementPropertyValueKeyword.verifyElementPropertyValue(VerifyElementPropertyValueKeyword.groovy:48)
	at com.kms.katalon.core.webservice.keyword.builtin.VerifyElementPropertyValueKeyword.execute(VerifyElementPropertyValueKeyword.groovy:43)
	at com.kms.katalon.core.keyword.internal.KeywordExecutor.executeKeywordForPlatform(KeywordExecutor.groovy:74)
	at com.kms.katalon.core.webservice.keyword.WSBuiltInKeywords.verifyElementPropertyValue(WSBuiltInKeywords.groovy:175)
	at com.kms.katalon.core.webservice.keyword.WSBuiltInKeywords$verifyElementPropertyValue$0.call(Unknown Source)
	at 1. get token - data order.run(1. get token - data order:714)
	at com.kms.katalon.core.main.ScriptEngine.run(ScriptEngine.java:194)
	at com.kms.katalon.core.main.ScriptEngine.runScriptAsRawText(ScriptEngine.java:119)
	at com.kms.katalon.core.main.TestCaseExecutor.runScript(TestCaseExecutor.java:442)
	at com.kms.katalon.core.main.TestCaseExecutor.doExecute(TestCaseExecutor.java:433)
	at com.kms.katalon.core.main.TestCaseExecutor.processExecutionPhase(TestCaseExecutor.java:412)
	at com.kms.katalon.core.main.TestCaseExecutor.accessMainPhase(TestCaseExecutor.java:404)
	at com.kms.katalon.core.main.TestCaseExecutor.execute(TestCaseExecutor.java:281)
	at com.kms.katalon.core.main.TestSuiteExecutor.accessTestCaseMainPhase(TestSuiteExecutor.java:202)
	at com.kms.katalon.core.main.TestSuiteExecutor.accessTestSuiteMainPhase(TestSuiteExecutor.java:164)
	at com.kms.katalon.core.main.TestSuiteExecutor.execute(TestSuiteExecutor.java:105)
	at com.kms.katalon.core.main.TestCaseMain.startTestSuite(TestCaseMain.java:181)
	at com.kms.katalon.core.main.TestCaseMain$startTestSuite$0.call(Unknown Source)
	at TempTestSuite1648100878643.run(TempTestSuite1648100878643.groovy:36)
)

2022-03-24 12:54:26 - [MESSAGE][FAILED] - Unable to verify element property value (Root cause: java.lang.NullPointerException: Cannot get property 'KondisiPertanggungan' on null object
	at Script1.run(Script1.groovy:1)
	at com.kms.katalon.core.webservice.helper.WebServiceCommonHelper.parseAndGetPropertyValueForJson(WebServiceCommonHelper.java:213)
	at com.kms.katalon.core.webservice.keyword.builtin.VerifyElementPropertyValueKeyword$_verifyElementPropertyValue_closure1.doCall(VerifyElementPropertyValueKeyword.groovy:52)
	at com.kms.katalon.core.webservice.keyword.builtin.VerifyElementPropertyValueKeyword$_verifyElementPropertyValue_closure1.call(VerifyElementPropertyValueKeyword.groovy)
	at com.kms.katalon.core.keyword.internal.KeywordMain.runKeyword(KeywordMain.groovy:74)
	at com.kms.katalon.core.webservice.keyword.builtin.VerifyElementPropertyValueKeyword.verifyElementPropertyValue(VerifyElementPropertyValueKeyword.groovy:48)
	at com.kms.katalon.core.webservice.keyword.builtin.VerifyElementPropertyValueKeyword.execute(VerifyElementPropertyValueKeyword.groovy:43)
	at com.kms.katalon.core.keyword.internal.KeywordExecutor.executeKeywordForPlatform(KeywordExecutor.groovy:74)
	at com.kms.katalon.core.webservice.keyword.WSBuiltInKeywords.verifyElementPropertyValue(WSBuiltInKeywords.groovy:175)
	at com.kms.katalon.core.webservice.keyword.WSBuiltInKeywords$verifyElementPropertyValue$0.call(Unknown Source)
	at 1. get token - data order.run(1. get token - data order:714)
	at com.kms.katalon.core.main.ScriptEngine.run(ScriptEngine.java:194)
	at com.kms.katalon.core.main.ScriptEngine.runScriptAsRawText(ScriptEngine.java:119)
	at com.kms.katalon.core.main.TestCaseExecutor.runScript(TestCaseExecutor.java:442)
	at com.kms.katalon.core.main.TestCaseExecutor.doExecute(TestCaseExecutor.java:433)
	at com.kms.katalon.core.main.TestCaseExecutor.processExecutionPhase(TestCaseExecutor.java:412)
	at com.kms.katalon.core.main.TestCaseExecutor.accessMainPhase(TestCaseExecutor.java:404)
	at com.kms.katalon.core.main.TestCaseExecutor.execute(TestCaseExecutor.java:281)
	at com.kms.katalon.core.main.TestSuiteExecutor.accessTestCaseMainPhase(TestSuiteExecutor.java:202)
	at com.kms.katalon.core.main.TestSuiteExecutor.accessTestSuiteMainPhase(TestSuiteExecutor.java:164)
	at com.kms.katalon.core.main.TestSuiteExecutor.execute(TestSuiteExecutor.java:105)
	at com.kms.katalon.core.main.TestCaseMain.startTestSuite(TestCaseMain.java:181)
	at com.kms.katalon.core.main.TestCaseMain$startTestSuite$0.call(Unknown Source)
	at TempTestSuite1648100878643.run(TempTestSuite1648100878643.groovy:36)
)

2022-03-24 12:54:26 - [TEST_STEP][FAILED] - verifyElementPropertyValue(order, "GetDataOrderResponse.ListDataOrder[0].InsuranceData[3].TJH", o_tjh_header_3, CONTINUE_ON_FAILURE): Unable to verify element property value (Root cause: java.lang.NullPointerException: Cannot get property 'TJH' on null object
	at Script1.run(Script1.groovy:1)
	at com.kms.katalon.core.webservice.helper.WebServiceCommonHelper.parseAndGetPropertyValueForJson(WebServiceCommonHelper.java:213)
	at com.kms.katalon.core.webservice.keyword.builtin.VerifyElementPropertyValueKeyword$_verifyElementPropertyValue_closure1.doCall(VerifyElementPropertyValueKeyword.groovy:52)
	at com.kms.katalon.core.webservice.keyword.builtin.VerifyElementPropertyValueKeyword$_verifyElementPropertyValue_closure1.call(VerifyElementPropertyValueKeyword.groovy)
	at com.kms.katalon.core.keyword.internal.KeywordMain.runKeyword(KeywordMain.groovy:74)
	at com.kms.katalon.core.webservice.keyword.builtin.VerifyElementPropertyValueKeyword.verifyElementPropertyValue(VerifyElementPropertyValueKeyword.groovy:48)
	at com.kms.katalon.core.webservice.keyword.builtin.VerifyElementPropertyValueKeyword.execute(VerifyElementPropertyValueKeyword.groovy:43)
	at com.kms.katalon.core.keyword.internal.KeywordExecutor.executeKeywordForPlatform(KeywordExecutor.groovy:74)
	at com.kms.katalon.core.webservice.keyword.WSBuiltInKeywords.verifyElementPropertyValue(WSBuiltInKeywords.groovy:175)
	at com.kms.katalon.core.webservice.keyword.WSBuiltInKeywords$verifyElementPropertyValue$0.call(Unknown Source)
	at 1. get token - data order.run(1. get token - data order:717)
	at com.kms.katalon.core.main.ScriptEngine.run(ScriptEngine.java:194)
	at com.kms.katalon.core.main.ScriptEngine.runScriptAsRawText(ScriptEngine.java:119)
	at com.kms.katalon.core.main.TestCaseExecutor.runScript(TestCaseExecutor.java:442)
	at com.kms.katalon.core.main.TestCaseExecutor.doExecute(TestCaseExecutor.java:433)
	at com.kms.katalon.core.main.TestCaseExecutor.processExecutionPhase(TestCaseExecutor.java:412)
	at com.kms.katalon.core.main.TestCaseExecutor.accessMainPhase(TestCaseExecutor.java:404)
	at com.kms.katalon.core.main.TestCaseExecutor.execute(TestCaseExecutor.java:281)
	at com.kms.katalon.core.main.TestSuiteExecutor.accessTestCaseMainPhase(TestSuiteExecutor.java:202)
	at com.kms.katalon.core.main.TestSuiteExecutor.accessTestSuiteMainPhase(TestSuiteExecutor.java:164)
	at com.kms.katalon.core.main.TestSuiteExecutor.execute(TestSuiteExecutor.java:105)
	at com.kms.katalon.core.main.TestCaseMain.startTestSuite(TestCaseMain.java:181)
	at com.kms.katalon.core.main.TestCaseMain$startTestSuite$0.call(Unknown Source)
	at TempTestSuite1648100878643.run(TempTestSuite1648100878643.groovy:36)
)

2022-03-24 12:54:26 - [MESSAGE][FAILED] - Unable to verify element property value (Root cause: java.lang.NullPointerException: Cannot get property 'TJH' on null object
	at Script1.run(Script1.groovy:1)
	at com.kms.katalon.core.webservice.helper.WebServiceCommonHelper.parseAndGetPropertyValueForJson(WebServiceCommonHelper.java:213)
	at com.kms.katalon.core.webservice.keyword.builtin.VerifyElementPropertyValueKeyword$_verifyElementPropertyValue_closure1.doCall(VerifyElementPropertyValueKeyword.groovy:52)
	at com.kms.katalon.core.webservice.keyword.builtin.VerifyElementPropertyValueKeyword$_verifyElementPropertyValue_closure1.call(VerifyElementPropertyValueKeyword.groovy)
	at com.kms.katalon.core.keyword.internal.KeywordMain.runKeyword(KeywordMain.groovy:74)
	at com.kms.katalon.core.webservice.keyword.builtin.VerifyElementPropertyValueKeyword.verifyElementPropertyValue(VerifyElementPropertyValueKeyword.groovy:48)
	at com.kms.katalon.core.webservice.keyword.builtin.VerifyElementPropertyValueKeyword.execute(VerifyElementPropertyValueKeyword.groovy:43)
	at com.kms.katalon.core.keyword.internal.KeywordExecutor.executeKeywordForPlatform(KeywordExecutor.groovy:74)
	at com.kms.katalon.core.webservice.keyword.WSBuiltInKeywords.verifyElementPropertyValue(WSBuiltInKeywords.groovy:175)
	at com.kms.katalon.core.webservice.keyword.WSBuiltInKeywords$verifyElementPropertyValue$0.call(Unknown Source)
	at 1. get token - data order.run(1. get token - data order:717)
	at com.kms.katalon.core.main.ScriptEngine.run(ScriptEngine.java:194)
	at com.kms.katalon.core.main.ScriptEngine.runScriptAsRawText(ScriptEngine.java:119)
	at com.kms.katalon.core.main.TestCaseExecutor.runScript(TestCaseExecutor.java:442)
	at com.kms.katalon.core.main.TestCaseExecutor.doExecute(TestCaseExecutor.java:433)
	at com.kms.katalon.core.main.TestCaseExecutor.processExecutionPhase(TestCaseExecutor.java:412)
	at com.kms.katalon.core.main.TestCaseExecutor.accessMainPhase(TestCaseExecutor.java:404)
	at com.kms.katalon.core.main.TestCaseExecutor.execute(TestCaseExecutor.java:281)
	at com.kms.katalon.core.main.TestSuiteExecutor.accessTestCaseMainPhase(TestSuiteExecutor.java:202)
	at com.kms.katalon.core.main.TestSuiteExecutor.accessTestSuiteMainPhase(TestSuiteExecutor.java:164)
	at com.kms.katalon.core.main.TestSuiteExecutor.execute(TestSuiteExecutor.java:105)
	at com.kms.katalon.core.main.TestCaseMain.startTestSuite(TestCaseMain.java:181)
	at com.kms.katalon.core.main.TestCaseMain$startTestSuite$0.call(Unknown Source)
	at TempTestSuite1648100878643.run(TempTestSuite1648100878643.groovy:36)
)

2022-03-24 12:54:26 - [TEST_STEP][FAILED] - verifyElementPropertyValue(order, "GetDataOrderResponse.ListDataOrder[0].InsuranceData[3].InsuredValue", o_ins_val_3, CONTINUE_ON_FAILURE): Unable to verify element property value (Root cause: java.lang.NullPointerException: Cannot get property 'InsuredValue' on null object
	at Script1.run(Script1.groovy:1)
	at com.kms.katalon.core.webservice.helper.WebServiceCommonHelper.parseAndGetPropertyValueForJson(WebServiceCommonHelper.java:213)
	at com.kms.katalon.core.webservice.keyword.builtin.VerifyElementPropertyValueKeyword$_verifyElementPropertyValue_closure1.doCall(VerifyElementPropertyValueKeyword.groovy:52)
	at com.kms.katalon.core.webservice.keyword.builtin.VerifyElementPropertyValueKeyword$_verifyElementPropertyValue_closure1.call(VerifyElementPropertyValueKeyword.groovy)
	at com.kms.katalon.core.keyword.internal.KeywordMain.runKeyword(KeywordMain.groovy:74)
	at com.kms.katalon.core.webservice.keyword.builtin.VerifyElementPropertyValueKeyword.verifyElementPropertyValue(VerifyElementPropertyValueKeyword.groovy:48)
	at com.kms.katalon.core.webservice.keyword.builtin.VerifyElementPropertyValueKeyword.execute(VerifyElementPropertyValueKeyword.groovy:43)
	at com.kms.katalon.core.keyword.internal.KeywordExecutor.executeKeywordForPlatform(KeywordExecutor.groovy:74)
	at com.kms.katalon.core.webservice.keyword.WSBuiltInKeywords.verifyElementPropertyValue(WSBuiltInKeywords.groovy:175)
	at com.kms.katalon.core.webservice.keyword.WSBuiltInKeywords$verifyElementPropertyValue$0.call(Unknown Source)
	at 1. get token - data order.run(1. get token - data order:719)
	at com.kms.katalon.core.main.ScriptEngine.run(ScriptEngine.java:194)
	at com.kms.katalon.core.main.ScriptEngine.runScriptAsRawText(ScriptEngine.java:119)
	at com.kms.katalon.core.main.TestCaseExecutor.runScript(TestCaseExecutor.java:442)
	at com.kms.katalon.core.main.TestCaseExecutor.doExecute(TestCaseExecutor.java:433)
	at com.kms.katalon.core.main.TestCaseExecutor.processExecutionPhase(TestCaseExecutor.java:412)
	at com.kms.katalon.core.main.TestCaseExecutor.accessMainPhase(TestCaseExecutor.java:404)
	at com.kms.katalon.core.main.TestCaseExecutor.execute(TestCaseExecutor.java:281)
	at com.kms.katalon.core.main.TestSuiteExecutor.accessTestCaseMainPhase(TestSuiteExecutor.java:202)
	at com.kms.katalon.core.main.TestSuiteExecutor.accessTestSuiteMainPhase(TestSuiteExecutor.java:164)
	at com.kms.katalon.core.main.TestSuiteExecutor.execute(TestSuiteExecutor.java:105)
	at com.kms.katalon.core.main.TestCaseMain.startTestSuite(TestCaseMain.java:181)
	at com.kms.katalon.core.main.TestCaseMain$startTestSuite$0.call(Unknown Source)
	at TempTestSuite1648100878643.run(TempTestSuite1648100878643.groovy:36)
)

2022-03-24 12:54:26 - [MESSAGE][FAILED] - Unable to verify element property value (Root cause: java.lang.NullPointerException: Cannot get property 'InsuredValue' on null object
	at Script1.run(Script1.groovy:1)
	at com.kms.katalon.core.webservice.helper.WebServiceCommonHelper.parseAndGetPropertyValueForJson(WebServiceCommonHelper.java:213)
	at com.kms.katalon.core.webservice.keyword.builtin.VerifyElementPropertyValueKeyword$_verifyElementPropertyValue_closure1.doCall(VerifyElementPropertyValueKeyword.groovy:52)
	at com.kms.katalon.core.webservice.keyword.builtin.VerifyElementPropertyValueKeyword$_verifyElementPropertyValue_closure1.call(VerifyElementPropertyValueKeyword.groovy)
	at com.kms.katalon.core.keyword.internal.KeywordMain.runKeyword(KeywordMain.groovy:74)
	at com.kms.katalon.core.webservice.keyword.builtin.VerifyElementPropertyValueKeyword.verifyElementPropertyValue(VerifyElementPropertyValueKeyword.groovy:48)
	at com.kms.katalon.core.webservice.keyword.builtin.VerifyElementPropertyValueKeyword.execute(VerifyElementPropertyValueKeyword.groovy:43)
	at com.kms.katalon.core.keyword.internal.KeywordExecutor.executeKeywordForPlatform(KeywordExecutor.groovy:74)
	at com.kms.katalon.core.webservice.keyword.WSBuiltInKeywords.verifyElementPropertyValue(WSBuiltInKeywords.groovy:175)
	at com.kms.katalon.core.webservice.keyword.WSBuiltInKeywords$verifyElementPropertyValue$0.call(Unknown Source)
	at 1. get token - data order.run(1. get token - data order:719)
	at com.kms.katalon.core.main.ScriptEngine.run(ScriptEngine.java:194)
	at com.kms.katalon.core.main.ScriptEngine.runScriptAsRawText(ScriptEngine.java:119)
	at com.kms.katalon.core.main.TestCaseExecutor.runScript(TestCaseExecutor.java:442)
	at com.kms.katalon.core.main.TestCaseExecutor.doExecute(TestCaseExecutor.java:433)
	at com.kms.katalon.core.main.TestCaseExecutor.processExecutionPhase(TestCaseExecutor.java:412)
	at com.kms.katalon.core.main.TestCaseExecutor.accessMainPhase(TestCaseExecutor.java:404)
	at com.kms.katalon.core.main.TestCaseExecutor.execute(TestCaseExecutor.java:281)
	at com.kms.katalon.core.main.TestSuiteExecutor.accessTestCaseMainPhase(TestSuiteExecutor.java:202)
	at com.kms.katalon.core.main.TestSuiteExecutor.accessTestSuiteMainPhase(TestSuiteExecutor.java:164)
	at com.kms.katalon.core.main.TestSuiteExecutor.execute(TestSuiteExecutor.java:105)
	at com.kms.katalon.core.main.TestCaseMain.startTestSuite(TestCaseMain.java:181)
	at com.kms.katalon.core.main.TestCaseMain$startTestSuite$0.call(Unknown Source)
	at TempTestSuite1648100878643.run(TempTestSuite1648100878643.groovy:36)
)

2022-03-24 12:54:26 - [TEST_STEP][FAILED] - verifyElementPropertyValue(order, "GetDataOrderResponse.ListDataOrder[0].InsuranceData[3].InsuredFrom", o_ins_form_3, CONTINUE_ON_FAILURE): Unable to verify element property value (Root cause: java.lang.NullPointerException: Cannot get property 'InsuredFrom' on null object
	at Script1.run(Script1.groovy:1)
	at com.kms.katalon.core.webservice.helper.WebServiceCommonHelper.parseAndGetPropertyValueForJson(WebServiceCommonHelper.java:213)
	at com.kms.katalon.core.webservice.keyword.builtin.VerifyElementPropertyValueKeyword$_verifyElementPropertyValue_closure1.doCall(VerifyElementPropertyValueKeyword.groovy:52)
	at com.kms.katalon.core.webservice.keyword.builtin.VerifyElementPropertyValueKeyword$_verifyElementPropertyValue_closure1.call(VerifyElementPropertyValueKeyword.groovy)
	at com.kms.katalon.core.keyword.internal.KeywordMain.runKeyword(KeywordMain.groovy:74)
	at com.kms.katalon.core.webservice.keyword.builtin.VerifyElementPropertyValueKeyword.verifyElementPropertyValue(VerifyElementPropertyValueKeyword.groovy:48)
	at com.kms.katalon.core.webservice.keyword.builtin.VerifyElementPropertyValueKeyword.execute(VerifyElementPropertyValueKeyword.groovy:43)
	at com.kms.katalon.core.keyword.internal.KeywordExecutor.executeKeywordForPlatform(KeywordExecutor.groovy:74)
	at com.kms.katalon.core.webservice.keyword.WSBuiltInKeywords.verifyElementPropertyValue(WSBuiltInKeywords.groovy:175)
	at com.kms.katalon.core.webservice.keyword.WSBuiltInKeywords$verifyElementPropertyValue$0.call(Unknown Source)
	at 1. get token - data order.run(1. get token - data order:722)
	at com.kms.katalon.core.main.ScriptEngine.run(ScriptEngine.java:194)
	at com.kms.katalon.core.main.ScriptEngine.runScriptAsRawText(ScriptEngine.java:119)
	at com.kms.katalon.core.main.TestCaseExecutor.runScript(TestCaseExecutor.java:442)
	at com.kms.katalon.core.main.TestCaseExecutor.doExecute(TestCaseExecutor.java:433)
	at com.kms.katalon.core.main.TestCaseExecutor.processExecutionPhase(TestCaseExecutor.java:412)
	at com.kms.katalon.core.main.TestCaseExecutor.accessMainPhase(TestCaseExecutor.java:404)
	at com.kms.katalon.core.main.TestCaseExecutor.execute(TestCaseExecutor.java:281)
	at com.kms.katalon.core.main.TestSuiteExecutor.accessTestCaseMainPhase(TestSuiteExecutor.java:202)
	at com.kms.katalon.core.main.TestSuiteExecutor.accessTestSuiteMainPhase(TestSuiteExecutor.java:164)
	at com.kms.katalon.core.main.TestSuiteExecutor.execute(TestSuiteExecutor.java:105)
	at com.kms.katalon.core.main.TestCaseMain.startTestSuite(TestCaseMain.java:181)
	at com.kms.katalon.core.main.TestCaseMain$startTestSuite$0.call(Unknown Source)
	at TempTestSuite1648100878643.run(TempTestSuite1648100878643.groovy:36)
)

2022-03-24 12:54:26 - [MESSAGE][FAILED] - Unable to verify element property value (Root cause: java.lang.NullPointerException: Cannot get property 'InsuredFrom' on null object
	at Script1.run(Script1.groovy:1)
	at com.kms.katalon.core.webservice.helper.WebServiceCommonHelper.parseAndGetPropertyValueForJson(WebServiceCommonHelper.java:213)
	at com.kms.katalon.core.webservice.keyword.builtin.VerifyElementPropertyValueKeyword$_verifyElementPropertyValue_closure1.doCall(VerifyElementPropertyValueKeyword.groovy:52)
	at com.kms.katalon.core.webservice.keyword.builtin.VerifyElementPropertyValueKeyword$_verifyElementPropertyValue_closure1.call(VerifyElementPropertyValueKeyword.groovy)
	at com.kms.katalon.core.keyword.internal.KeywordMain.runKeyword(KeywordMain.groovy:74)
	at com.kms.katalon.core.webservice.keyword.builtin.VerifyElementPropertyValueKeyword.verifyElementPropertyValue(VerifyElementPropertyValueKeyword.groovy:48)
	at com.kms.katalon.core.webservice.keyword.builtin.VerifyElementPropertyValueKeyword.execute(VerifyElementPropertyValueKeyword.groovy:43)
	at com.kms.katalon.core.keyword.internal.KeywordExecutor.executeKeywordForPlatform(KeywordExecutor.groovy:74)
	at com.kms.katalon.core.webservice.keyword.WSBuiltInKeywords.verifyElementPropertyValue(WSBuiltInKeywords.groovy:175)
	at com.kms.katalon.core.webservice.keyword.WSBuiltInKeywords$verifyElementPropertyValue$0.call(Unknown Source)
	at 1. get token - data order.run(1. get token - data order:722)
	at com.kms.katalon.core.main.ScriptEngine.run(ScriptEngine.java:194)
	at com.kms.katalon.core.main.ScriptEngine.runScriptAsRawText(ScriptEngine.java:119)
	at com.kms.katalon.core.main.TestCaseExecutor.runScript(TestCaseExecutor.java:442)
	at com.kms.katalon.core.main.TestCaseExecutor.doExecute(TestCaseExecutor.java:433)
	at com.kms.katalon.core.main.TestCaseExecutor.processExecutionPhase(TestCaseExecutor.java:412)
	at com.kms.katalon.core.main.TestCaseExecutor.accessMainPhase(TestCaseExecutor.java:404)
	at com.kms.katalon.core.main.TestCaseExecutor.execute(TestCaseExecutor.java:281)
	at com.kms.katalon.core.main.TestSuiteExecutor.accessTestCaseMainPhase(TestSuiteExecutor.java:202)
	at com.kms.katalon.core.main.TestSuiteExecutor.accessTestSuiteMainPhase(TestSuiteExecutor.java:164)
	at com.kms.katalon.core.main.TestSuiteExecutor.execute(TestSuiteExecutor.java:105)
	at com.kms.katalon.core.main.TestCaseMain.startTestSuite(TestCaseMain.java:181)
	at com.kms.katalon.core.main.TestCaseMain$startTestSuite$0.call(Unknown Source)
	at TempTestSuite1648100878643.run(TempTestSuite1648100878643.groovy:36)
)

2022-03-24 12:54:26 - [TEST_STEP][FAILED] - verifyElementPropertyValue(order, "GetDataOrderResponse.ListDataOrder[0].InsuranceData[3].InsuredTo", o_ins_to_3, CONTINUE_ON_FAILURE): Unable to verify element property value (Root cause: java.lang.NullPointerException: Cannot get property 'InsuredTo' on null object
	at Script1.run(Script1.groovy:1)
	at com.kms.katalon.core.webservice.helper.WebServiceCommonHelper.parseAndGetPropertyValueForJson(WebServiceCommonHelper.java:213)
	at com.kms.katalon.core.webservice.keyword.builtin.VerifyElementPropertyValueKeyword$_verifyElementPropertyValue_closure1.doCall(VerifyElementPropertyValueKeyword.groovy:52)
	at com.kms.katalon.core.webservice.keyword.builtin.VerifyElementPropertyValueKeyword$_verifyElementPropertyValue_closure1.call(VerifyElementPropertyValueKeyword.groovy)
	at com.kms.katalon.core.keyword.internal.KeywordMain.runKeyword(KeywordMain.groovy:74)
	at com.kms.katalon.core.webservice.keyword.builtin.VerifyElementPropertyValueKeyword.verifyElementPropertyValue(VerifyElementPropertyValueKeyword.groovy:48)
	at com.kms.katalon.core.webservice.keyword.builtin.VerifyElementPropertyValueKeyword.execute(VerifyElementPropertyValueKeyword.groovy:43)
	at com.kms.katalon.core.keyword.internal.KeywordExecutor.executeKeywordForPlatform(KeywordExecutor.groovy:74)
	at com.kms.katalon.core.webservice.keyword.WSBuiltInKeywords.verifyElementPropertyValue(WSBuiltInKeywords.groovy:175)
	at com.kms.katalon.core.webservice.keyword.WSBuiltInKeywords$verifyElementPropertyValue$0.call(Unknown Source)
	at 1. get token - data order.run(1. get token - data order:725)
	at com.kms.katalon.core.main.ScriptEngine.run(ScriptEngine.java:194)
	at com.kms.katalon.core.main.ScriptEngine.runScriptAsRawText(ScriptEngine.java:119)
	at com.kms.katalon.core.main.TestCaseExecutor.runScript(TestCaseExecutor.java:442)
	at com.kms.katalon.core.main.TestCaseExecutor.doExecute(TestCaseExecutor.java:433)
	at com.kms.katalon.core.main.TestCaseExecutor.processExecutionPhase(TestCaseExecutor.java:412)
	at com.kms.katalon.core.main.TestCaseExecutor.accessMainPhase(TestCaseExecutor.java:404)
	at com.kms.katalon.core.main.TestCaseExecutor.execute(TestCaseExecutor.java:281)
	at com.kms.katalon.core.main.TestSuiteExecutor.accessTestCaseMainPhase(TestSuiteExecutor.java:202)
	at com.kms.katalon.core.main.TestSuiteExecutor.accessTestSuiteMainPhase(TestSuiteExecutor.java:164)
	at com.kms.katalon.core.main.TestSuiteExecutor.execute(TestSuiteExecutor.java:105)
	at com.kms.katalon.core.main.TestCaseMain.startTestSuite(TestCaseMain.java:181)
	at com.kms.katalon.core.main.TestCaseMain$startTestSuite$0.call(Unknown Source)
	at TempTestSuite1648100878643.run(TempTestSuite1648100878643.groovy:36)
)

2022-03-24 12:54:26 - [MESSAGE][FAILED] - Unable to verify element property value (Root cause: java.lang.NullPointerException: Cannot get property 'InsuredTo' on null object
	at Script1.run(Script1.groovy:1)
	at com.kms.katalon.core.webservice.helper.WebServiceCommonHelper.parseAndGetPropertyValueForJson(WebServiceCommonHelper.java:213)
	at com.kms.katalon.core.webservice.keyword.builtin.VerifyElementPropertyValueKeyword$_verifyElementPropertyValue_closure1.doCall(VerifyElementPropertyValueKeyword.groovy:52)
	at com.kms.katalon.core.webservice.keyword.builtin.VerifyElementPropertyValueKeyword$_verifyElementPropertyValue_closure1.call(VerifyElementPropertyValueKeyword.groovy)
	at com.kms.katalon.core.keyword.internal.KeywordMain.runKeyword(KeywordMain.groovy:74)
	at com.kms.katalon.core.webservice.keyword.builtin.VerifyElementPropertyValueKeyword.verifyElementPropertyValue(VerifyElementPropertyValueKeyword.groovy:48)
	at com.kms.katalon.core.webservice.keyword.builtin.VerifyElementPropertyValueKeyword.execute(VerifyElementPropertyValueKeyword.groovy:43)
	at com.kms.katalon.core.keyword.internal.KeywordExecutor.executeKeywordForPlatform(KeywordExecutor.groovy:74)
	at com.kms.katalon.core.webservice.keyword.WSBuiltInKeywords.verifyElementPropertyValue(WSBuiltInKeywords.groovy:175)
	at com.kms.katalon.core.webservice.keyword.WSBuiltInKeywords$verifyElementPropertyValue$0.call(Unknown Source)
	at 1. get token - data order.run(1. get token - data order:725)
	at com.kms.katalon.core.main.ScriptEngine.run(ScriptEngine.java:194)
	at com.kms.katalon.core.main.ScriptEngine.runScriptAsRawText(ScriptEngine.java:119)
	at com.kms.katalon.core.main.TestCaseExecutor.runScript(TestCaseExecutor.java:442)
	at com.kms.katalon.core.main.TestCaseExecutor.doExecute(TestCaseExecutor.java:433)
	at com.kms.katalon.core.main.TestCaseExecutor.processExecutionPhase(TestCaseExecutor.java:412)
	at com.kms.katalon.core.main.TestCaseExecutor.accessMainPhase(TestCaseExecutor.java:404)
	at com.kms.katalon.core.main.TestCaseExecutor.execute(TestCaseExecutor.java:281)
	at com.kms.katalon.core.main.TestSuiteExecutor.accessTestCaseMainPhase(TestSuiteExecutor.java:202)
	at com.kms.katalon.core.main.TestSuiteExecutor.accessTestSuiteMainPhase(TestSuiteExecutor.java:164)
	at com.kms.katalon.core.main.TestSuiteExecutor.execute(TestSuiteExecutor.java:105)
	at com.kms.katalon.core.main.TestCaseMain.startTestSuite(TestCaseMain.java:181)
	at com.kms.katalon.core.main.TestCaseMain$startTestSuite$0.call(Unknown Source)
	at TempTestSuite1648100878643.run(TempTestSuite1648100878643.groovy:36)
)

2022-03-24 12:54:26 - [TEST_STEP][FAILED] - verifyElementPropertyValue(order, "GetDataOrderResponse.ListDataOrder[0].InsuranceData[3].Rate", o_rate_3, CONTINUE_ON_FAILURE): Unable to verify element property value (Root cause: java.lang.NullPointerException: Cannot get property 'Rate' on null object
	at Script1.run(Script1.groovy:1)
	at com.kms.katalon.core.webservice.helper.WebServiceCommonHelper.parseAndGetPropertyValueForJson(WebServiceCommonHelper.java:213)
	at com.kms.katalon.core.webservice.keyword.builtin.VerifyElementPropertyValueKeyword$_verifyElementPropertyValue_closure1.doCall(VerifyElementPropertyValueKeyword.groovy:52)
	at com.kms.katalon.core.webservice.keyword.builtin.VerifyElementPropertyValueKeyword$_verifyElementPropertyValue_closure1.call(VerifyElementPropertyValueKeyword.groovy)
	at com.kms.katalon.core.keyword.internal.KeywordMain.runKeyword(KeywordMain.groovy:74)
	at com.kms.katalon.core.webservice.keyword.builtin.VerifyElementPropertyValueKeyword.verifyElementPropertyValue(VerifyElementPropertyValueKeyword.groovy:48)
	at com.kms.katalon.core.webservice.keyword.builtin.VerifyElementPropertyValueKeyword.execute(VerifyElementPropertyValueKeyword.groovy:43)
	at com.kms.katalon.core.keyword.internal.KeywordExecutor.executeKeywordForPlatform(KeywordExecutor.groovy:74)
	at com.kms.katalon.core.webservice.keyword.WSBuiltInKeywords.verifyElementPropertyValue(WSBuiltInKeywords.groovy:175)
	at com.kms.katalon.core.webservice.keyword.WSBuiltInKeywords$verifyElementPropertyValue$0.call(Unknown Source)
	at 1. get token - data order.run(1. get token - data order:728)
	at com.kms.katalon.core.main.ScriptEngine.run(ScriptEngine.java:194)
	at com.kms.katalon.core.main.ScriptEngine.runScriptAsRawText(ScriptEngine.java:119)
	at com.kms.katalon.core.main.TestCaseExecutor.runScript(TestCaseExecutor.java:442)
	at com.kms.katalon.core.main.TestCaseExecutor.doExecute(TestCaseExecutor.java:433)
	at com.kms.katalon.core.main.TestCaseExecutor.processExecutionPhase(TestCaseExecutor.java:412)
	at com.kms.katalon.core.main.TestCaseExecutor.accessMainPhase(TestCaseExecutor.java:404)
	at com.kms.katalon.core.main.TestCaseExecutor.execute(TestCaseExecutor.java:281)
	at com.kms.katalon.core.main.TestSuiteExecutor.accessTestCaseMainPhase(TestSuiteExecutor.java:202)
	at com.kms.katalon.core.main.TestSuiteExecutor.accessTestSuiteMainPhase(TestSuiteExecutor.java:164)
	at com.kms.katalon.core.main.TestSuiteExecutor.execute(TestSuiteExecutor.java:105)
	at com.kms.katalon.core.main.TestCaseMain.startTestSuite(TestCaseMain.java:181)
	at com.kms.katalon.core.main.TestCaseMain$startTestSuite$0.call(Unknown Source)
	at TempTestSuite1648100878643.run(TempTestSuite1648100878643.groovy:36)
)

2022-03-24 12:54:26 - [MESSAGE][FAILED] - Unable to verify element property value (Root cause: java.lang.NullPointerException: Cannot get property 'Rate' on null object
	at Script1.run(Script1.groovy:1)
	at com.kms.katalon.core.webservice.helper.WebServiceCommonHelper.parseAndGetPropertyValueForJson(WebServiceCommonHelper.java:213)
	at com.kms.katalon.core.webservice.keyword.builtin.VerifyElementPropertyValueKeyword$_verifyElementPropertyValue_closure1.doCall(VerifyElementPropertyValueKeyword.groovy:52)
	at com.kms.katalon.core.webservice.keyword.builtin.VerifyElementPropertyValueKeyword$_verifyElementPropertyValue_closure1.call(VerifyElementPropertyValueKeyword.groovy)
	at com.kms.katalon.core.keyword.internal.KeywordMain.runKeyword(KeywordMain.groovy:74)
	at com.kms.katalon.core.webservice.keyword.builtin.VerifyElementPropertyValueKeyword.verifyElementPropertyValue(VerifyElementPropertyValueKeyword.groovy:48)
	at com.kms.katalon.core.webservice.keyword.builtin.VerifyElementPropertyValueKeyword.execute(VerifyElementPropertyValueKeyword.groovy:43)
	at com.kms.katalon.core.keyword.internal.KeywordExecutor.executeKeywordForPlatform(KeywordExecutor.groovy:74)
	at com.kms.katalon.core.webservice.keyword.WSBuiltInKeywords.verifyElementPropertyValue(WSBuiltInKeywords.groovy:175)
	at com.kms.katalon.core.webservice.keyword.WSBuiltInKeywords$verifyElementPropertyValue$0.call(Unknown Source)
	at 1. get token - data order.run(1. get token - data order:728)
	at com.kms.katalon.core.main.ScriptEngine.run(ScriptEngine.java:194)
	at com.kms.katalon.core.main.ScriptEngine.runScriptAsRawText(ScriptEngine.java:119)
	at com.kms.katalon.core.main.TestCaseExecutor.runScript(TestCaseExecutor.java:442)
	at com.kms.katalon.core.main.TestCaseExecutor.doExecute(TestCaseExecutor.java:433)
	at com.kms.katalon.core.main.TestCaseExecutor.processExecutionPhase(TestCaseExecutor.java:412)
	at com.kms.katalon.core.main.TestCaseExecutor.accessMainPhase(TestCaseExecutor.java:404)
	at com.kms.katalon.core.main.TestCaseExecutor.execute(TestCaseExecutor.java:281)
	at com.kms.katalon.core.main.TestSuiteExecutor.accessTestCaseMainPhase(TestSuiteExecutor.java:202)
	at com.kms.katalon.core.main.TestSuiteExecutor.accessTestSuiteMainPhase(TestSuiteExecutor.java:164)
	at com.kms.katalon.core.main.TestSuiteExecutor.execute(TestSuiteExecutor.java:105)
	at com.kms.katalon.core.main.TestCaseMain.startTestSuite(TestCaseMain.java:181)
	at com.kms.katalon.core.main.TestCaseMain$startTestSuite$0.call(Unknown Source)
	at TempTestSuite1648100878643.run(TempTestSuite1648100878643.groovy:36)
)

2022-03-24 12:54:26 - [TEST_STEP][FAILED] - verifyElementPropertyValue(order, "GetDataOrderResponse.ListDataOrder[0].InsuranceData[3].GrossPremi", o_gross_premi_3, CONTINUE_ON_FAILURE): Unable to verify element property value (Root cause: java.lang.NullPointerException: Cannot get property 'GrossPremi' on null object
	at Script1.run(Script1.groovy:1)
	at com.kms.katalon.core.webservice.helper.WebServiceCommonHelper.parseAndGetPropertyValueForJson(WebServiceCommonHelper.java:213)
	at com.kms.katalon.core.webservice.keyword.builtin.VerifyElementPropertyValueKeyword$_verifyElementPropertyValue_closure1.doCall(VerifyElementPropertyValueKeyword.groovy:52)
	at com.kms.katalon.core.webservice.keyword.builtin.VerifyElementPropertyValueKeyword$_verifyElementPropertyValue_closure1.call(VerifyElementPropertyValueKeyword.groovy)
	at com.kms.katalon.core.keyword.internal.KeywordMain.runKeyword(KeywordMain.groovy:74)
	at com.kms.katalon.core.webservice.keyword.builtin.VerifyElementPropertyValueKeyword.verifyElementPropertyValue(VerifyElementPropertyValueKeyword.groovy:48)
	at com.kms.katalon.core.webservice.keyword.builtin.VerifyElementPropertyValueKeyword.execute(VerifyElementPropertyValueKeyword.groovy:43)
	at com.kms.katalon.core.keyword.internal.KeywordExecutor.executeKeywordForPlatform(KeywordExecutor.groovy:74)
	at com.kms.katalon.core.webservice.keyword.WSBuiltInKeywords.verifyElementPropertyValue(WSBuiltInKeywords.groovy:175)
	at com.kms.katalon.core.webservice.keyword.WSBuiltInKeywords$verifyElementPropertyValue$0.call(Unknown Source)
	at 1. get token - data order.run(1. get token - data order:730)
	at com.kms.katalon.core.main.ScriptEngine.run(ScriptEngine.java:194)
	at com.kms.katalon.core.main.ScriptEngine.runScriptAsRawText(ScriptEngine.java:119)
	at com.kms.katalon.core.main.TestCaseExecutor.runScript(TestCaseExecutor.java:442)
	at com.kms.katalon.core.main.TestCaseExecutor.doExecute(TestCaseExecutor.java:433)
	at com.kms.katalon.core.main.TestCaseExecutor.processExecutionPhase(TestCaseExecutor.java:412)
	at com.kms.katalon.core.main.TestCaseExecutor.accessMainPhase(TestCaseExecutor.java:404)
	at com.kms.katalon.core.main.TestCaseExecutor.execute(TestCaseExecutor.java:281)
	at com.kms.katalon.core.main.TestSuiteExecutor.accessTestCaseMainPhase(TestSuiteExecutor.java:202)
	at com.kms.katalon.core.main.TestSuiteExecutor.accessTestSuiteMainPhase(TestSuiteExecutor.java:164)
	at com.kms.katalon.core.main.TestSuiteExecutor.execute(TestSuiteExecutor.java:105)
	at com.kms.katalon.core.main.TestCaseMain.startTestSuite(TestCaseMain.java:181)
	at com.kms.katalon.core.main.TestCaseMain$startTestSuite$0.call(Unknown Source)
	at TempTestSuite1648100878643.run(TempTestSuite1648100878643.groovy:36)
)

2022-03-24 12:54:26 - [MESSAGE][FAILED] - Unable to verify element property value (Root cause: java.lang.NullPointerException: Cannot get property 'GrossPremi' on null object
	at Script1.run(Script1.groovy:1)
	at com.kms.katalon.core.webservice.helper.WebServiceCommonHelper.parseAndGetPropertyValueForJson(WebServiceCommonHelper.java:213)
	at com.kms.katalon.core.webservice.keyword.builtin.VerifyElementPropertyValueKeyword$_verifyElementPropertyValue_closure1.doCall(VerifyElementPropertyValueKeyword.groovy:52)
	at com.kms.katalon.core.webservice.keyword.builtin.VerifyElementPropertyValueKeyword$_verifyElementPropertyValue_closure1.call(VerifyElementPropertyValueKeyword.groovy)
	at com.kms.katalon.core.keyword.internal.KeywordMain.runKeyword(KeywordMain.groovy:74)
	at com.kms.katalon.core.webservice.keyword.builtin.VerifyElementPropertyValueKeyword.verifyElementPropertyValue(VerifyElementPropertyValueKeyword.groovy:48)
	at com.kms.katalon.core.webservice.keyword.builtin.VerifyElementPropertyValueKeyword.execute(VerifyElementPropertyValueKeyword.groovy:43)
	at com.kms.katalon.core.keyword.internal.KeywordExecutor.executeKeywordForPlatform(KeywordExecutor.groovy:74)
	at com.kms.katalon.core.webservice.keyword.WSBuiltInKeywords.verifyElementPropertyValue(WSBuiltInKeywords.groovy:175)
	at com.kms.katalon.core.webservice.keyword.WSBuiltInKeywords$verifyElementPropertyValue$0.call(Unknown Source)
	at 1. get token - data order.run(1. get token - data order:730)
	at com.kms.katalon.core.main.ScriptEngine.run(ScriptEngine.java:194)
	at com.kms.katalon.core.main.ScriptEngine.runScriptAsRawText(ScriptEngine.java:119)
	at com.kms.katalon.core.main.TestCaseExecutor.runScript(TestCaseExecutor.java:442)
	at com.kms.katalon.core.main.TestCaseExecutor.doExecute(TestCaseExecutor.java:433)
	at com.kms.katalon.core.main.TestCaseExecutor.processExecutionPhase(TestCaseExecutor.java:412)
	at com.kms.katalon.core.main.TestCaseExecutor.accessMainPhase(TestCaseExecutor.java:404)
	at com.kms.katalon.core.main.TestCaseExecutor.execute(TestCaseExecutor.java:281)
	at com.kms.katalon.core.main.TestSuiteExecutor.accessTestCaseMainPhase(TestSuiteExecutor.java:202)
	at com.kms.katalon.core.main.TestSuiteExecutor.accessTestSuiteMainPhase(TestSuiteExecutor.java:164)
	at com.kms.katalon.core.main.TestSuiteExecutor.execute(TestSuiteExecutor.java:105)
	at com.kms.katalon.core.main.TestCaseMain.startTestSuite(TestCaseMain.java:181)
	at com.kms.katalon.core.main.TestCaseMain$startTestSuite$0.call(Unknown Source)
	at TempTestSuite1648100878643.run(TempTestSuite1648100878643.groovy:36)
)

2022-03-24 12:54:26 - [TEST_STEP][FAILED] - verifyElementPropertyValue(order, "GetDataOrderResponse.ListDataOrder[0].InsuranceData[3].Discount", o_discount_3, CONTINUE_ON_FAILURE): Unable to verify element property value (Root cause: java.lang.NullPointerException: Cannot get property 'Discount' on null object
	at Script1.run(Script1.groovy:1)
	at com.kms.katalon.core.webservice.helper.WebServiceCommonHelper.parseAndGetPropertyValueForJson(WebServiceCommonHelper.java:213)
	at com.kms.katalon.core.webservice.keyword.builtin.VerifyElementPropertyValueKeyword$_verifyElementPropertyValue_closure1.doCall(VerifyElementPropertyValueKeyword.groovy:52)
	at com.kms.katalon.core.webservice.keyword.builtin.VerifyElementPropertyValueKeyword$_verifyElementPropertyValue_closure1.call(VerifyElementPropertyValueKeyword.groovy)
	at com.kms.katalon.core.keyword.internal.KeywordMain.runKeyword(KeywordMain.groovy:74)
	at com.kms.katalon.core.webservice.keyword.builtin.VerifyElementPropertyValueKeyword.verifyElementPropertyValue(VerifyElementPropertyValueKeyword.groovy:48)
	at com.kms.katalon.core.webservice.keyword.builtin.VerifyElementPropertyValueKeyword.execute(VerifyElementPropertyValueKeyword.groovy:43)
	at com.kms.katalon.core.keyword.internal.KeywordExecutor.executeKeywordForPlatform(KeywordExecutor.groovy:74)
	at com.kms.katalon.core.webservice.keyword.WSBuiltInKeywords.verifyElementPropertyValue(WSBuiltInKeywords.groovy:175)
	at com.kms.katalon.core.webservice.keyword.WSBuiltInKeywords$verifyElementPropertyValue$0.call(Unknown Source)
	at 1. get token - data order.run(1. get token - data order:733)
	at com.kms.katalon.core.main.ScriptEngine.run(ScriptEngine.java:194)
	at com.kms.katalon.core.main.ScriptEngine.runScriptAsRawText(ScriptEngine.java:119)
	at com.kms.katalon.core.main.TestCaseExecutor.runScript(TestCaseExecutor.java:442)
	at com.kms.katalon.core.main.TestCaseExecutor.doExecute(TestCaseExecutor.java:433)
	at com.kms.katalon.core.main.TestCaseExecutor.processExecutionPhase(TestCaseExecutor.java:412)
	at com.kms.katalon.core.main.TestCaseExecutor.accessMainPhase(TestCaseExecutor.java:404)
	at com.kms.katalon.core.main.TestCaseExecutor.execute(TestCaseExecutor.java:281)
	at com.kms.katalon.core.main.TestSuiteExecutor.accessTestCaseMainPhase(TestSuiteExecutor.java:202)
	at com.kms.katalon.core.main.TestSuiteExecutor.accessTestSuiteMainPhase(TestSuiteExecutor.java:164)
	at com.kms.katalon.core.main.TestSuiteExecutor.execute(TestSuiteExecutor.java:105)
	at com.kms.katalon.core.main.TestCaseMain.startTestSuite(TestCaseMain.java:181)
	at com.kms.katalon.core.main.TestCaseMain$startTestSuite$0.call(Unknown Source)
	at TempTestSuite1648100878643.run(TempTestSuite1648100878643.groovy:36)
)

2022-03-24 12:54:26 - [MESSAGE][FAILED] - Unable to verify element property value (Root cause: java.lang.NullPointerException: Cannot get property 'Discount' on null object
	at Script1.run(Script1.groovy:1)
	at com.kms.katalon.core.webservice.helper.WebServiceCommonHelper.parseAndGetPropertyValueForJson(WebServiceCommonHelper.java:213)
	at com.kms.katalon.core.webservice.keyword.builtin.VerifyElementPropertyValueKeyword$_verifyElementPropertyValue_closure1.doCall(VerifyElementPropertyValueKeyword.groovy:52)
	at com.kms.katalon.core.webservice.keyword.builtin.VerifyElementPropertyValueKeyword$_verifyElementPropertyValue_closure1.call(VerifyElementPropertyValueKeyword.groovy)
	at com.kms.katalon.core.keyword.internal.KeywordMain.runKeyword(KeywordMain.groovy:74)
	at com.kms.katalon.core.webservice.keyword.builtin.VerifyElementPropertyValueKeyword.verifyElementPropertyValue(VerifyElementPropertyValueKeyword.groovy:48)
	at com.kms.katalon.core.webservice.keyword.builtin.VerifyElementPropertyValueKeyword.execute(VerifyElementPropertyValueKeyword.groovy:43)
	at com.kms.katalon.core.keyword.internal.KeywordExecutor.executeKeywordForPlatform(KeywordExecutor.groovy:74)
	at com.kms.katalon.core.webservice.keyword.WSBuiltInKeywords.verifyElementPropertyValue(WSBuiltInKeywords.groovy:175)
	at com.kms.katalon.core.webservice.keyword.WSBuiltInKeywords$verifyElementPropertyValue$0.call(Unknown Source)
	at 1. get token - data order.run(1. get token - data order:733)
	at com.kms.katalon.core.main.ScriptEngine.run(ScriptEngine.java:194)
	at com.kms.katalon.core.main.ScriptEngine.runScriptAsRawText(ScriptEngine.java:119)
	at com.kms.katalon.core.main.TestCaseExecutor.runScript(TestCaseExecutor.java:442)
	at com.kms.katalon.core.main.TestCaseExecutor.doExecute(TestCaseExecutor.java:433)
	at com.kms.katalon.core.main.TestCaseExecutor.processExecutionPhase(TestCaseExecutor.java:412)
	at com.kms.katalon.core.main.TestCaseExecutor.accessMainPhase(TestCaseExecutor.java:404)
	at com.kms.katalon.core.main.TestCaseExecutor.execute(TestCaseExecutor.java:281)
	at com.kms.katalon.core.main.TestSuiteExecutor.accessTestCaseMainPhase(TestSuiteExecutor.java:202)
	at com.kms.katalon.core.main.TestSuiteExecutor.accessTestSuiteMainPhase(TestSuiteExecutor.java:164)
	at com.kms.katalon.core.main.TestSuiteExecutor.execute(TestSuiteExecutor.java:105)
	at com.kms.katalon.core.main.TestCaseMain.startTestSuite(TestCaseMain.java:181)
	at com.kms.katalon.core.main.TestCaseMain$startTestSuite$0.call(Unknown Source)
	at TempTestSuite1648100878643.run(TempTestSuite1648100878643.groovy:36)
)

2022-03-24 12:54:26 - [TEST_STEP][FAILED] - verifyElementPropertyValue(order, "GetDataOrderResponse.ListDataOrder[0].InsuranceData[3].Adm", o_adm_3, CONTINUE_ON_FAILURE): Unable to verify element property value (Root cause: java.lang.NullPointerException: Cannot get property 'Adm' on null object
	at Script1.run(Script1.groovy:1)
	at com.kms.katalon.core.webservice.helper.WebServiceCommonHelper.parseAndGetPropertyValueForJson(WebServiceCommonHelper.java:213)
	at com.kms.katalon.core.webservice.keyword.builtin.VerifyElementPropertyValueKeyword$_verifyElementPropertyValue_closure1.doCall(VerifyElementPropertyValueKeyword.groovy:52)
	at com.kms.katalon.core.webservice.keyword.builtin.VerifyElementPropertyValueKeyword$_verifyElementPropertyValue_closure1.call(VerifyElementPropertyValueKeyword.groovy)
	at com.kms.katalon.core.keyword.internal.KeywordMain.runKeyword(KeywordMain.groovy:74)
	at com.kms.katalon.core.webservice.keyword.builtin.VerifyElementPropertyValueKeyword.verifyElementPropertyValue(VerifyElementPropertyValueKeyword.groovy:48)
	at com.kms.katalon.core.webservice.keyword.builtin.VerifyElementPropertyValueKeyword.execute(VerifyElementPropertyValueKeyword.groovy:43)
	at com.kms.katalon.core.keyword.internal.KeywordExecutor.executeKeywordForPlatform(KeywordExecutor.groovy:74)
	at com.kms.katalon.core.webservice.keyword.WSBuiltInKeywords.verifyElementPropertyValue(WSBuiltInKeywords.groovy:175)
	at com.kms.katalon.core.webservice.keyword.WSBuiltInKeywords$verifyElementPropertyValue$0.call(Unknown Source)
	at 1. get token - data order.run(1. get token - data order:736)
	at com.kms.katalon.core.main.ScriptEngine.run(ScriptEngine.java:194)
	at com.kms.katalon.core.main.ScriptEngine.runScriptAsRawText(ScriptEngine.java:119)
	at com.kms.katalon.core.main.TestCaseExecutor.runScript(TestCaseExecutor.java:442)
	at com.kms.katalon.core.main.TestCaseExecutor.doExecute(TestCaseExecutor.java:433)
	at com.kms.katalon.core.main.TestCaseExecutor.processExecutionPhase(TestCaseExecutor.java:412)
	at com.kms.katalon.core.main.TestCaseExecutor.accessMainPhase(TestCaseExecutor.java:404)
	at com.kms.katalon.core.main.TestCaseExecutor.execute(TestCaseExecutor.java:281)
	at com.kms.katalon.core.main.TestSuiteExecutor.accessTestCaseMainPhase(TestSuiteExecutor.java:202)
	at com.kms.katalon.core.main.TestSuiteExecutor.accessTestSuiteMainPhase(TestSuiteExecutor.java:164)
	at com.kms.katalon.core.main.TestSuiteExecutor.execute(TestSuiteExecutor.java:105)
	at com.kms.katalon.core.main.TestCaseMain.startTestSuite(TestCaseMain.java:181)
	at com.kms.katalon.core.main.TestCaseMain$startTestSuite$0.call(Unknown Source)
	at TempTestSuite1648100878643.run(TempTestSuite1648100878643.groovy:36)
)

2022-03-24 12:54:26 - [MESSAGE][FAILED] - Unable to verify element property value (Root cause: java.lang.NullPointerException: Cannot get property 'Adm' on null object
	at Script1.run(Script1.groovy:1)
	at com.kms.katalon.core.webservice.helper.WebServiceCommonHelper.parseAndGetPropertyValueForJson(WebServiceCommonHelper.java:213)
	at com.kms.katalon.core.webservice.keyword.builtin.VerifyElementPropertyValueKeyword$_verifyElementPropertyValue_closure1.doCall(VerifyElementPropertyValueKeyword.groovy:52)
	at com.kms.katalon.core.webservice.keyword.builtin.VerifyElementPropertyValueKeyword$_verifyElementPropertyValue_closure1.call(VerifyElementPropertyValueKeyword.groovy)
	at com.kms.katalon.core.keyword.internal.KeywordMain.runKeyword(KeywordMain.groovy:74)
	at com.kms.katalon.core.webservice.keyword.builtin.VerifyElementPropertyValueKeyword.verifyElementPropertyValue(VerifyElementPropertyValueKeyword.groovy:48)
	at com.kms.katalon.core.webservice.keyword.builtin.VerifyElementPropertyValueKeyword.execute(VerifyElementPropertyValueKeyword.groovy:43)
	at com.kms.katalon.core.keyword.internal.KeywordExecutor.executeKeywordForPlatform(KeywordExecutor.groovy:74)
	at com.kms.katalon.core.webservice.keyword.WSBuiltInKeywords.verifyElementPropertyValue(WSBuiltInKeywords.groovy:175)
	at com.kms.katalon.core.webservice.keyword.WSBuiltInKeywords$verifyElementPropertyValue$0.call(Unknown Source)
	at 1. get token - data order.run(1. get token - data order:736)
	at com.kms.katalon.core.main.ScriptEngine.run(ScriptEngine.java:194)
	at com.kms.katalon.core.main.ScriptEngine.runScriptAsRawText(ScriptEngine.java:119)
	at com.kms.katalon.core.main.TestCaseExecutor.runScript(TestCaseExecutor.java:442)
	at com.kms.katalon.core.main.TestCaseExecutor.doExecute(TestCaseExecutor.java:433)
	at com.kms.katalon.core.main.TestCaseExecutor.processExecutionPhase(TestCaseExecutor.java:412)
	at com.kms.katalon.core.main.TestCaseExecutor.accessMainPhase(TestCaseExecutor.java:404)
	at com.kms.katalon.core.main.TestCaseExecutor.execute(TestCaseExecutor.java:281)
	at com.kms.katalon.core.main.TestSuiteExecutor.accessTestCaseMainPhase(TestSuiteExecutor.java:202)
	at com.kms.katalon.core.main.TestSuiteExecutor.accessTestSuiteMainPhase(TestSuiteExecutor.java:164)
	at com.kms.katalon.core.main.TestSuiteExecutor.execute(TestSuiteExecutor.java:105)
	at com.kms.katalon.core.main.TestCaseMain.startTestSuite(TestCaseMain.java:181)
	at com.kms.katalon.core.main.TestCaseMain$startTestSuite$0.call(Unknown Source)
	at TempTestSuite1648100878643.run(TempTestSuite1648100878643.groovy:36)
)

2022-03-24 12:54:26 - [TEST_STEP][FAILED] - verifyElementPropertyValue(order, "GetDataOrderResponse.ListDataOrder[0].InsuranceData[3].NetPremi", o_netpremi_3, CONTINUE_ON_FAILURE): Unable to verify element property value (Root cause: java.lang.NullPointerException: Cannot get property 'NetPremi' on null object
	at Script1.run(Script1.groovy:1)
	at com.kms.katalon.core.webservice.helper.WebServiceCommonHelper.parseAndGetPropertyValueForJson(WebServiceCommonHelper.java:213)
	at com.kms.katalon.core.webservice.keyword.builtin.VerifyElementPropertyValueKeyword$_verifyElementPropertyValue_closure1.doCall(VerifyElementPropertyValueKeyword.groovy:52)
	at com.kms.katalon.core.webservice.keyword.builtin.VerifyElementPropertyValueKeyword$_verifyElementPropertyValue_closure1.call(VerifyElementPropertyValueKeyword.groovy)
	at com.kms.katalon.core.keyword.internal.KeywordMain.runKeyword(KeywordMain.groovy:74)
	at com.kms.katalon.core.webservice.keyword.builtin.VerifyElementPropertyValueKeyword.verifyElementPropertyValue(VerifyElementPropertyValueKeyword.groovy:48)
	at com.kms.katalon.core.webservice.keyword.builtin.VerifyElementPropertyValueKeyword.execute(VerifyElementPropertyValueKeyword.groovy:43)
	at com.kms.katalon.core.keyword.internal.KeywordExecutor.executeKeywordForPlatform(KeywordExecutor.groovy:74)
	at com.kms.katalon.core.webservice.keyword.WSBuiltInKeywords.verifyElementPropertyValue(WSBuiltInKeywords.groovy:175)
	at com.kms.katalon.core.webservice.keyword.WSBuiltInKeywords$verifyElementPropertyValue$0.call(Unknown Source)
	at 1. get token - data order.run(1. get token - data order:738)
	at com.kms.katalon.core.main.ScriptEngine.run(ScriptEngine.java:194)
	at com.kms.katalon.core.main.ScriptEngine.runScriptAsRawText(ScriptEngine.java:119)
	at com.kms.katalon.core.main.TestCaseExecutor.runScript(TestCaseExecutor.java:442)
	at com.kms.katalon.core.main.TestCaseExecutor.doExecute(TestCaseExecutor.java:433)
	at com.kms.katalon.core.main.TestCaseExecutor.processExecutionPhase(TestCaseExecutor.java:412)
	at com.kms.katalon.core.main.TestCaseExecutor.accessMainPhase(TestCaseExecutor.java:404)
	at com.kms.katalon.core.main.TestCaseExecutor.execute(TestCaseExecutor.java:281)
	at com.kms.katalon.core.main.TestSuiteExecutor.accessTestCaseMainPhase(TestSuiteExecutor.java:202)
	at com.kms.katalon.core.main.TestSuiteExecutor.accessTestSuiteMainPhase(TestSuiteExecutor.java:164)
	at com.kms.katalon.core.main.TestSuiteExecutor.execute(TestSuiteExecutor.java:105)
	at com.kms.katalon.core.main.TestCaseMain.startTestSuite(TestCaseMain.java:181)
	at com.kms.katalon.core.main.TestCaseMain$startTestSuite$0.call(Unknown Source)
	at TempTestSuite1648100878643.run(TempTestSuite1648100878643.groovy:36)
)

2022-03-24 12:54:26 - [MESSAGE][FAILED] - Unable to verify element property value (Root cause: java.lang.NullPointerException: Cannot get property 'NetPremi' on null object
	at Script1.run(Script1.groovy:1)
	at com.kms.katalon.core.webservice.helper.WebServiceCommonHelper.parseAndGetPropertyValueForJson(WebServiceCommonHelper.java:213)
	at com.kms.katalon.core.webservice.keyword.builtin.VerifyElementPropertyValueKeyword$_verifyElementPropertyValue_closure1.doCall(VerifyElementPropertyValueKeyword.groovy:52)
	at com.kms.katalon.core.webservice.keyword.builtin.VerifyElementPropertyValueKeyword$_verifyElementPropertyValue_closure1.call(VerifyElementPropertyValueKeyword.groovy)
	at com.kms.katalon.core.keyword.internal.KeywordMain.runKeyword(KeywordMain.groovy:74)
	at com.kms.katalon.core.webservice.keyword.builtin.VerifyElementPropertyValueKeyword.verifyElementPropertyValue(VerifyElementPropertyValueKeyword.groovy:48)
	at com.kms.katalon.core.webservice.keyword.builtin.VerifyElementPropertyValueKeyword.execute(VerifyElementPropertyValueKeyword.groovy:43)
	at com.kms.katalon.core.keyword.internal.KeywordExecutor.executeKeywordForPlatform(KeywordExecutor.groovy:74)
	at com.kms.katalon.core.webservice.keyword.WSBuiltInKeywords.verifyElementPropertyValue(WSBuiltInKeywords.groovy:175)
	at com.kms.katalon.core.webservice.keyword.WSBuiltInKeywords$verifyElementPropertyValue$0.call(Unknown Source)
	at 1. get token - data order.run(1. get token - data order:738)
	at com.kms.katalon.core.main.ScriptEngine.run(ScriptEngine.java:194)
	at com.kms.katalon.core.main.ScriptEngine.runScriptAsRawText(ScriptEngine.java:119)
	at com.kms.katalon.core.main.TestCaseExecutor.runScript(TestCaseExecutor.java:442)
	at com.kms.katalon.core.main.TestCaseExecutor.doExecute(TestCaseExecutor.java:433)
	at com.kms.katalon.core.main.TestCaseExecutor.processExecutionPhase(TestCaseExecutor.java:412)
	at com.kms.katalon.core.main.TestCaseExecutor.accessMainPhase(TestCaseExecutor.java:404)
	at com.kms.katalon.core.main.TestCaseExecutor.execute(TestCaseExecutor.java:281)
	at com.kms.katalon.core.main.TestSuiteExecutor.accessTestCaseMainPhase(TestSuiteExecutor.java:202)
	at com.kms.katalon.core.main.TestSuiteExecutor.accessTestSuiteMainPhase(TestSuiteExecutor.java:164)
	at com.kms.katalon.core.main.TestSuiteExecutor.execute(TestSuiteExecutor.java:105)
	at com.kms.katalon.core.main.TestCaseMain.startTestSuite(TestCaseMain.java:181)
	at com.kms.katalon.core.main.TestCaseMain$startTestSuite$0.call(Unknown Source)
	at TempTestSuite1648100878643.run(TempTestSuite1648100878643.groovy:36)
)

2022-03-24 12:54:26 - [TEST_STEP][FAILED] - verifyElementPropertyValue(order, "GetDataOrderResponse.ListDataOrder[0].InsuranceData[3].PerluasanJaminan.TJH", o_tjh_val_3, CONTINUE_ON_FAILURE): Unable to verify element property value (Root cause: java.lang.NullPointerException: Cannot get property 'PerluasanJaminan' on null object
	at Script1.run(Script1.groovy:1)
	at com.kms.katalon.core.webservice.helper.WebServiceCommonHelper.parseAndGetPropertyValueForJson(WebServiceCommonHelper.java:213)
	at com.kms.katalon.core.webservice.keyword.builtin.VerifyElementPropertyValueKeyword$_verifyElementPropertyValue_closure1.doCall(VerifyElementPropertyValueKeyword.groovy:52)
	at com.kms.katalon.core.webservice.keyword.builtin.VerifyElementPropertyValueKeyword$_verifyElementPropertyValue_closure1.call(VerifyElementPropertyValueKeyword.groovy)
	at com.kms.katalon.core.keyword.internal.KeywordMain.runKeyword(KeywordMain.groovy:74)
	at com.kms.katalon.core.webservice.keyword.builtin.VerifyElementPropertyValueKeyword.verifyElementPropertyValue(VerifyElementPropertyValueKeyword.groovy:48)
	at com.kms.katalon.core.webservice.keyword.builtin.VerifyElementPropertyValueKeyword.execute(VerifyElementPropertyValueKeyword.groovy:43)
	at com.kms.katalon.core.keyword.internal.KeywordExecutor.executeKeywordForPlatform(KeywordExecutor.groovy:74)
	at com.kms.katalon.core.webservice.keyword.WSBuiltInKeywords.verifyElementPropertyValue(WSBuiltInKeywords.groovy:175)
	at com.kms.katalon.core.webservice.keyword.WSBuiltInKeywords$verifyElementPropertyValue$0.call(Unknown Source)
	at 1. get token - data order.run(1. get token - data order:741)
	at com.kms.katalon.core.main.ScriptEngine.run(ScriptEngine.java:194)
	at com.kms.katalon.core.main.ScriptEngine.runScriptAsRawText(ScriptEngine.java:119)
	at com.kms.katalon.core.main.TestCaseExecutor.runScript(TestCaseExecutor.java:442)
	at com.kms.katalon.core.main.TestCaseExecutor.doExecute(TestCaseExecutor.java:433)
	at com.kms.katalon.core.main.TestCaseExecutor.processExecutionPhase(TestCaseExecutor.java:412)
	at com.kms.katalon.core.main.TestCaseExecutor.accessMainPhase(TestCaseExecutor.java:404)
	at com.kms.katalon.core.main.TestCaseExecutor.execute(TestCaseExecutor.java:281)
	at com.kms.katalon.core.main.TestSuiteExecutor.accessTestCaseMainPhase(TestSuiteExecutor.java:202)
	at com.kms.katalon.core.main.TestSuiteExecutor.accessTestSuiteMainPhase(TestSuiteExecutor.java:164)
	at com.kms.katalon.core.main.TestSuiteExecutor.execute(TestSuiteExecutor.java:105)
	at com.kms.katalon.core.main.TestCaseMain.startTestSuite(TestCaseMain.java:181)
	at com.kms.katalon.core.main.TestCaseMain$startTestSuite$0.call(Unknown Source)
	at TempTestSuite1648100878643.run(TempTestSuite1648100878643.groovy:36)
)

2022-03-24 12:54:26 - [MESSAGE][FAILED] - Unable to verify element property value (Root cause: java.lang.NullPointerException: Cannot get property 'PerluasanJaminan' on null object
	at Script1.run(Script1.groovy:1)
	at com.kms.katalon.core.webservice.helper.WebServiceCommonHelper.parseAndGetPropertyValueForJson(WebServiceCommonHelper.java:213)
	at com.kms.katalon.core.webservice.keyword.builtin.VerifyElementPropertyValueKeyword$_verifyElementPropertyValue_closure1.doCall(VerifyElementPropertyValueKeyword.groovy:52)
	at com.kms.katalon.core.webservice.keyword.builtin.VerifyElementPropertyValueKeyword$_verifyElementPropertyValue_closure1.call(VerifyElementPropertyValueKeyword.groovy)
	at com.kms.katalon.core.keyword.internal.KeywordMain.runKeyword(KeywordMain.groovy:74)
	at com.kms.katalon.core.webservice.keyword.builtin.VerifyElementPropertyValueKeyword.verifyElementPropertyValue(VerifyElementPropertyValueKeyword.groovy:48)
	at com.kms.katalon.core.webservice.keyword.builtin.VerifyElementPropertyValueKeyword.execute(VerifyElementPropertyValueKeyword.groovy:43)
	at com.kms.katalon.core.keyword.internal.KeywordExecutor.executeKeywordForPlatform(KeywordExecutor.groovy:74)
	at com.kms.katalon.core.webservice.keyword.WSBuiltInKeywords.verifyElementPropertyValue(WSBuiltInKeywords.groovy:175)
	at com.kms.katalon.core.webservice.keyword.WSBuiltInKeywords$verifyElementPropertyValue$0.call(Unknown Source)
	at 1. get token - data order.run(1. get token - data order:741)
	at com.kms.katalon.core.main.ScriptEngine.run(ScriptEngine.java:194)
	at com.kms.katalon.core.main.ScriptEngine.runScriptAsRawText(ScriptEngine.java:119)
	at com.kms.katalon.core.main.TestCaseExecutor.runScript(TestCaseExecutor.java:442)
	at com.kms.katalon.core.main.TestCaseExecutor.doExecute(TestCaseExecutor.java:433)
	at com.kms.katalon.core.main.TestCaseExecutor.processExecutionPhase(TestCaseExecutor.java:412)
	at com.kms.katalon.core.main.TestCaseExecutor.accessMainPhase(TestCaseExecutor.java:404)
	at com.kms.katalon.core.main.TestCaseExecutor.execute(TestCaseExecutor.java:281)
	at com.kms.katalon.core.main.TestSuiteExecutor.accessTestCaseMainPhase(TestSuiteExecutor.java:202)
	at com.kms.katalon.core.main.TestSuiteExecutor.accessTestSuiteMainPhase(TestSuiteExecutor.java:164)
	at com.kms.katalon.core.main.TestSuiteExecutor.execute(TestSuiteExecutor.java:105)
	at com.kms.katalon.core.main.TestCaseMain.startTestSuite(TestCaseMain.java:181)
	at com.kms.katalon.core.main.TestCaseMain$startTestSuite$0.call(Unknown Source)
	at TempTestSuite1648100878643.run(TempTestSuite1648100878643.groovy:36)
)

2022-03-24 12:54:26 - [TEST_STEP][FAILED] - verifyElementPropertyValue(order, "GetDataOrderResponse.ListDataOrder[0].InsuranceData[3].PerluasanJaminan.RSCC", o_rscc_val_3, CONTINUE_ON_FAILURE): Unable to verify element property value (Root cause: java.lang.NullPointerException: Cannot get property 'PerluasanJaminan' on null object
	at Script1.run(Script1.groovy:1)
	at com.kms.katalon.core.webservice.helper.WebServiceCommonHelper.parseAndGetPropertyValueForJson(WebServiceCommonHelper.java:213)
	at com.kms.katalon.core.webservice.keyword.builtin.VerifyElementPropertyValueKeyword$_verifyElementPropertyValue_closure1.doCall(VerifyElementPropertyValueKeyword.groovy:52)
	at com.kms.katalon.core.webservice.keyword.builtin.VerifyElementPropertyValueKeyword$_verifyElementPropertyValue_closure1.call(VerifyElementPropertyValueKeyword.groovy)
	at com.kms.katalon.core.keyword.internal.KeywordMain.runKeyword(KeywordMain.groovy:74)
	at com.kms.katalon.core.webservice.keyword.builtin.VerifyElementPropertyValueKeyword.verifyElementPropertyValue(VerifyElementPropertyValueKeyword.groovy:48)
	at com.kms.katalon.core.webservice.keyword.builtin.VerifyElementPropertyValueKeyword.execute(VerifyElementPropertyValueKeyword.groovy:43)
	at com.kms.katalon.core.keyword.internal.KeywordExecutor.executeKeywordForPlatform(KeywordExecutor.groovy:74)
	at com.kms.katalon.core.webservice.keyword.WSBuiltInKeywords.verifyElementPropertyValue(WSBuiltInKeywords.groovy:175)
	at com.kms.katalon.core.webservice.keyword.WSBuiltInKeywords$verifyElementPropertyValue$0.call(Unknown Source)
	at 1. get token - data order.run(1. get token - data order:744)
	at com.kms.katalon.core.main.ScriptEngine.run(ScriptEngine.java:194)
	at com.kms.katalon.core.main.ScriptEngine.runScriptAsRawText(ScriptEngine.java:119)
	at com.kms.katalon.core.main.TestCaseExecutor.runScript(TestCaseExecutor.java:442)
	at com.kms.katalon.core.main.TestCaseExecutor.doExecute(TestCaseExecutor.java:433)
	at com.kms.katalon.core.main.TestCaseExecutor.processExecutionPhase(TestCaseExecutor.java:412)
	at com.kms.katalon.core.main.TestCaseExecutor.accessMainPhase(TestCaseExecutor.java:404)
	at com.kms.katalon.core.main.TestCaseExecutor.execute(TestCaseExecutor.java:281)
	at com.kms.katalon.core.main.TestSuiteExecutor.accessTestCaseMainPhase(TestSuiteExecutor.java:202)
	at com.kms.katalon.core.main.TestSuiteExecutor.accessTestSuiteMainPhase(TestSuiteExecutor.java:164)
	at com.kms.katalon.core.main.TestSuiteExecutor.execute(TestSuiteExecutor.java:105)
	at com.kms.katalon.core.main.TestCaseMain.startTestSuite(TestCaseMain.java:181)
	at com.kms.katalon.core.main.TestCaseMain$startTestSuite$0.call(Unknown Source)
	at TempTestSuite1648100878643.run(TempTestSuite1648100878643.groovy:36)
)

2022-03-24 12:54:26 - [MESSAGE][FAILED] - Unable to verify element property value (Root cause: java.lang.NullPointerException: Cannot get property 'PerluasanJaminan' on null object
	at Script1.run(Script1.groovy:1)
	at com.kms.katalon.core.webservice.helper.WebServiceCommonHelper.parseAndGetPropertyValueForJson(WebServiceCommonHelper.java:213)
	at com.kms.katalon.core.webservice.keyword.builtin.VerifyElementPropertyValueKeyword$_verifyElementPropertyValue_closure1.doCall(VerifyElementPropertyValueKeyword.groovy:52)
	at com.kms.katalon.core.webservice.keyword.builtin.VerifyElementPropertyValueKeyword$_verifyElementPropertyValue_closure1.call(VerifyElementPropertyValueKeyword.groovy)
	at com.kms.katalon.core.keyword.internal.KeywordMain.runKeyword(KeywordMain.groovy:74)
	at com.kms.katalon.core.webservice.keyword.builtin.VerifyElementPropertyValueKeyword.verifyElementPropertyValue(VerifyElementPropertyValueKeyword.groovy:48)
	at com.kms.katalon.core.webservice.keyword.builtin.VerifyElementPropertyValueKeyword.execute(VerifyElementPropertyValueKeyword.groovy:43)
	at com.kms.katalon.core.keyword.internal.KeywordExecutor.executeKeywordForPlatform(KeywordExecutor.groovy:74)
	at com.kms.katalon.core.webservice.keyword.WSBuiltInKeywords.verifyElementPropertyValue(WSBuiltInKeywords.groovy:175)
	at com.kms.katalon.core.webservice.keyword.WSBuiltInKeywords$verifyElementPropertyValue$0.call(Unknown Source)
	at 1. get token - data order.run(1. get token - data order:744)
	at com.kms.katalon.core.main.ScriptEngine.run(ScriptEngine.java:194)
	at com.kms.katalon.core.main.ScriptEngine.runScriptAsRawText(ScriptEngine.java:119)
	at com.kms.katalon.core.main.TestCaseExecutor.runScript(TestCaseExecutor.java:442)
	at com.kms.katalon.core.main.TestCaseExecutor.doExecute(TestCaseExecutor.java:433)
	at com.kms.katalon.core.main.TestCaseExecutor.processExecutionPhase(TestCaseExecutor.java:412)
	at com.kms.katalon.core.main.TestCaseExecutor.accessMainPhase(TestCaseExecutor.java:404)
	at com.kms.katalon.core.main.TestCaseExecutor.execute(TestCaseExecutor.java:281)
	at com.kms.katalon.core.main.TestSuiteExecutor.accessTestCaseMainPhase(TestSuiteExecutor.java:202)
	at com.kms.katalon.core.main.TestSuiteExecutor.accessTestSuiteMainPhase(TestSuiteExecutor.java:164)
	at com.kms.katalon.core.main.TestSuiteExecutor.execute(TestSuiteExecutor.java:105)
	at com.kms.katalon.core.main.TestCaseMain.startTestSuite(TestCaseMain.java:181)
	at com.kms.katalon.core.main.TestCaseMain$startTestSuite$0.call(Unknown Source)
	at TempTestSuite1648100878643.run(TempTestSuite1648100878643.groovy:36)
)

2022-03-24 12:54:26 - [TEST_STEP][FAILED] - verifyElementPropertyValue(order, "GetDataOrderResponse.ListDataOrder[0].InsuranceData[3].PerluasanJaminan.Banjir", o_rsmb_val_3, CONTINUE_ON_FAILURE): Unable to verify element property value (Root cause: java.lang.NullPointerException: Cannot get property 'PerluasanJaminan' on null object
	at Script1.run(Script1.groovy:1)
	at com.kms.katalon.core.webservice.helper.WebServiceCommonHelper.parseAndGetPropertyValueForJson(WebServiceCommonHelper.java:213)
	at com.kms.katalon.core.webservice.keyword.builtin.VerifyElementPropertyValueKeyword$_verifyElementPropertyValue_closure1.doCall(VerifyElementPropertyValueKeyword.groovy:52)
	at com.kms.katalon.core.webservice.keyword.builtin.VerifyElementPropertyValueKeyword$_verifyElementPropertyValue_closure1.call(VerifyElementPropertyValueKeyword.groovy)
	at com.kms.katalon.core.keyword.internal.KeywordMain.runKeyword(KeywordMain.groovy:74)
	at com.kms.katalon.core.webservice.keyword.builtin.VerifyElementPropertyValueKeyword.verifyElementPropertyValue(VerifyElementPropertyValueKeyword.groovy:48)
	at com.kms.katalon.core.webservice.keyword.builtin.VerifyElementPropertyValueKeyword.execute(VerifyElementPropertyValueKeyword.groovy:43)
	at com.kms.katalon.core.keyword.internal.KeywordExecutor.executeKeywordForPlatform(KeywordExecutor.groovy:74)
	at com.kms.katalon.core.webservice.keyword.WSBuiltInKeywords.verifyElementPropertyValue(WSBuiltInKeywords.groovy:175)
	at com.kms.katalon.core.webservice.keyword.WSBuiltInKeywords$verifyElementPropertyValue$0.call(Unknown Source)
	at 1. get token - data order.run(1. get token - data order:747)
	at com.kms.katalon.core.main.ScriptEngine.run(ScriptEngine.java:194)
	at com.kms.katalon.core.main.ScriptEngine.runScriptAsRawText(ScriptEngine.java:119)
	at com.kms.katalon.core.main.TestCaseExecutor.runScript(TestCaseExecutor.java:442)
	at com.kms.katalon.core.main.TestCaseExecutor.doExecute(TestCaseExecutor.java:433)
	at com.kms.katalon.core.main.TestCaseExecutor.processExecutionPhase(TestCaseExecutor.java:412)
	at com.kms.katalon.core.main.TestCaseExecutor.accessMainPhase(TestCaseExecutor.java:404)
	at com.kms.katalon.core.main.TestCaseExecutor.execute(TestCaseExecutor.java:281)
	at com.kms.katalon.core.main.TestSuiteExecutor.accessTestCaseMainPhase(TestSuiteExecutor.java:202)
	at com.kms.katalon.core.main.TestSuiteExecutor.accessTestSuiteMainPhase(TestSuiteExecutor.java:164)
	at com.kms.katalon.core.main.TestSuiteExecutor.execute(TestSuiteExecutor.java:105)
	at com.kms.katalon.core.main.TestCaseMain.startTestSuite(TestCaseMain.java:181)
	at com.kms.katalon.core.main.TestCaseMain$startTestSuite$0.call(Unknown Source)
	at TempTestSuite1648100878643.run(TempTestSuite1648100878643.groovy:36)
)

2022-03-24 12:54:26 - [MESSAGE][FAILED] - Unable to verify element property value (Root cause: java.lang.NullPointerException: Cannot get property 'PerluasanJaminan' on null object
	at Script1.run(Script1.groovy:1)
	at com.kms.katalon.core.webservice.helper.WebServiceCommonHelper.parseAndGetPropertyValueForJson(WebServiceCommonHelper.java:213)
	at com.kms.katalon.core.webservice.keyword.builtin.VerifyElementPropertyValueKeyword$_verifyElementPropertyValue_closure1.doCall(VerifyElementPropertyValueKeyword.groovy:52)
	at com.kms.katalon.core.webservice.keyword.builtin.VerifyElementPropertyValueKeyword$_verifyElementPropertyValue_closure1.call(VerifyElementPropertyValueKeyword.groovy)
	at com.kms.katalon.core.keyword.internal.KeywordMain.runKeyword(KeywordMain.groovy:74)
	at com.kms.katalon.core.webservice.keyword.builtin.VerifyElementPropertyValueKeyword.verifyElementPropertyValue(VerifyElementPropertyValueKeyword.groovy:48)
	at com.kms.katalon.core.webservice.keyword.builtin.VerifyElementPropertyValueKeyword.execute(VerifyElementPropertyValueKeyword.groovy:43)
	at com.kms.katalon.core.keyword.internal.KeywordExecutor.executeKeywordForPlatform(KeywordExecutor.groovy:74)
	at com.kms.katalon.core.webservice.keyword.WSBuiltInKeywords.verifyElementPropertyValue(WSBuiltInKeywords.groovy:175)
	at com.kms.katalon.core.webservice.keyword.WSBuiltInKeywords$verifyElementPropertyValue$0.call(Unknown Source)
	at 1. get token - data order.run(1. get token - data order:747)
	at com.kms.katalon.core.main.ScriptEngine.run(ScriptEngine.java:194)
	at com.kms.katalon.core.main.ScriptEngine.runScriptAsRawText(ScriptEngine.java:119)
	at com.kms.katalon.core.main.TestCaseExecutor.runScript(TestCaseExecutor.java:442)
	at com.kms.katalon.core.main.TestCaseExecutor.doExecute(TestCaseExecutor.java:433)
	at com.kms.katalon.core.main.TestCaseExecutor.processExecutionPhase(TestCaseExecutor.java:412)
	at com.kms.katalon.core.main.TestCaseExecutor.accessMainPhase(TestCaseExecutor.java:404)
	at com.kms.katalon.core.main.TestCaseExecutor.execute(TestCaseExecutor.java:281)
	at com.kms.katalon.core.main.TestSuiteExecutor.accessTestCaseMainPhase(TestSuiteExecutor.java:202)
	at com.kms.katalon.core.main.TestSuiteExecutor.accessTestSuiteMainPhase(TestSuiteExecutor.java:164)
	at com.kms.katalon.core.main.TestSuiteExecutor.execute(TestSuiteExecutor.java:105)
	at com.kms.katalon.core.main.TestCaseMain.startTestSuite(TestCaseMain.java:181)
	at com.kms.katalon.core.main.TestCaseMain$startTestSuite$0.call(Unknown Source)
	at TempTestSuite1648100878643.run(TempTestSuite1648100878643.groovy:36)
)

2022-03-24 12:54:26 - [TEST_STEP][FAILED] - verifyElementPropertyValue(order, "GetDataOrderResponse.ListDataOrder[0].InsuranceData[3].PerluasanJaminan.Accessories", o_acc_val_3, CONTINUE_ON_FAILURE): Unable to verify element property value (Root cause: java.lang.NullPointerException: Cannot get property 'PerluasanJaminan' on null object
	at Script1.run(Script1.groovy:1)
	at com.kms.katalon.core.webservice.helper.WebServiceCommonHelper.parseAndGetPropertyValueForJson(WebServiceCommonHelper.java:213)
	at com.kms.katalon.core.webservice.keyword.builtin.VerifyElementPropertyValueKeyword$_verifyElementPropertyValue_closure1.doCall(VerifyElementPropertyValueKeyword.groovy:52)
	at com.kms.katalon.core.webservice.keyword.builtin.VerifyElementPropertyValueKeyword$_verifyElementPropertyValue_closure1.call(VerifyElementPropertyValueKeyword.groovy)
	at com.kms.katalon.core.keyword.internal.KeywordMain.runKeyword(KeywordMain.groovy:74)
	at com.kms.katalon.core.webservice.keyword.builtin.VerifyElementPropertyValueKeyword.verifyElementPropertyValue(VerifyElementPropertyValueKeyword.groovy:48)
	at com.kms.katalon.core.webservice.keyword.builtin.VerifyElementPropertyValueKeyword.execute(VerifyElementPropertyValueKeyword.groovy:43)
	at com.kms.katalon.core.keyword.internal.KeywordExecutor.executeKeywordForPlatform(KeywordExecutor.groovy:74)
	at com.kms.katalon.core.webservice.keyword.WSBuiltInKeywords.verifyElementPropertyValue(WSBuiltInKeywords.groovy:175)
	at com.kms.katalon.core.webservice.keyword.WSBuiltInKeywords$verifyElementPropertyValue$0.call(Unknown Source)
	at 1. get token - data order.run(1. get token - data order:750)
	at com.kms.katalon.core.main.ScriptEngine.run(ScriptEngine.java:194)
	at com.kms.katalon.core.main.ScriptEngine.runScriptAsRawText(ScriptEngine.java:119)
	at com.kms.katalon.core.main.TestCaseExecutor.runScript(TestCaseExecutor.java:442)
	at com.kms.katalon.core.main.TestCaseExecutor.doExecute(TestCaseExecutor.java:433)
	at com.kms.katalon.core.main.TestCaseExecutor.processExecutionPhase(TestCaseExecutor.java:412)
	at com.kms.katalon.core.main.TestCaseExecutor.accessMainPhase(TestCaseExecutor.java:404)
	at com.kms.katalon.core.main.TestCaseExecutor.execute(TestCaseExecutor.java:281)
	at com.kms.katalon.core.main.TestSuiteExecutor.accessTestCaseMainPhase(TestSuiteExecutor.java:202)
	at com.kms.katalon.core.main.TestSuiteExecutor.accessTestSuiteMainPhase(TestSuiteExecutor.java:164)
	at com.kms.katalon.core.main.TestSuiteExecutor.execute(TestSuiteExecutor.java:105)
	at com.kms.katalon.core.main.TestCaseMain.startTestSuite(TestCaseMain.java:181)
	at com.kms.katalon.core.main.TestCaseMain$startTestSuite$0.call(Unknown Source)
	at TempTestSuite1648100878643.run(TempTestSuite1648100878643.groovy:36)
)

2022-03-24 12:54:26 - [MESSAGE][FAILED] - Unable to verify element property value (Root cause: java.lang.NullPointerException: Cannot get property 'PerluasanJaminan' on null object
	at Script1.run(Script1.groovy:1)
	at com.kms.katalon.core.webservice.helper.WebServiceCommonHelper.parseAndGetPropertyValueForJson(WebServiceCommonHelper.java:213)
	at com.kms.katalon.core.webservice.keyword.builtin.VerifyElementPropertyValueKeyword$_verifyElementPropertyValue_closure1.doCall(VerifyElementPropertyValueKeyword.groovy:52)
	at com.kms.katalon.core.webservice.keyword.builtin.VerifyElementPropertyValueKeyword$_verifyElementPropertyValue_closure1.call(VerifyElementPropertyValueKeyword.groovy)
	at com.kms.katalon.core.keyword.internal.KeywordMain.runKeyword(KeywordMain.groovy:74)
	at com.kms.katalon.core.webservice.keyword.builtin.VerifyElementPropertyValueKeyword.verifyElementPropertyValue(VerifyElementPropertyValueKeyword.groovy:48)
	at com.kms.katalon.core.webservice.keyword.builtin.VerifyElementPropertyValueKeyword.execute(VerifyElementPropertyValueKeyword.groovy:43)
	at com.kms.katalon.core.keyword.internal.KeywordExecutor.executeKeywordForPlatform(KeywordExecutor.groovy:74)
	at com.kms.katalon.core.webservice.keyword.WSBuiltInKeywords.verifyElementPropertyValue(WSBuiltInKeywords.groovy:175)
	at com.kms.katalon.core.webservice.keyword.WSBuiltInKeywords$verifyElementPropertyValue$0.call(Unknown Source)
	at 1. get token - data order.run(1. get token - data order:750)
	at com.kms.katalon.core.main.ScriptEngine.run(ScriptEngine.java:194)
	at com.kms.katalon.core.main.ScriptEngine.runScriptAsRawText(ScriptEngine.java:119)
	at com.kms.katalon.core.main.TestCaseExecutor.runScript(TestCaseExecutor.java:442)
	at com.kms.katalon.core.main.TestCaseExecutor.doExecute(TestCaseExecutor.java:433)
	at com.kms.katalon.core.main.TestCaseExecutor.processExecutionPhase(TestCaseExecutor.java:412)
	at com.kms.katalon.core.main.TestCaseExecutor.accessMainPhase(TestCaseExecutor.java:404)
	at com.kms.katalon.core.main.TestCaseExecutor.execute(TestCaseExecutor.java:281)
	at com.kms.katalon.core.main.TestSuiteExecutor.accessTestCaseMainPhase(TestSuiteExecutor.java:202)
	at com.kms.katalon.core.main.TestSuiteExecutor.accessTestSuiteMainPhase(TestSuiteExecutor.java:164)
	at com.kms.katalon.core.main.TestSuiteExecutor.execute(TestSuiteExecutor.java:105)
	at com.kms.katalon.core.main.TestCaseMain.startTestSuite(TestCaseMain.java:181)
	at com.kms.katalon.core.main.TestCaseMain$startTestSuite$0.call(Unknown Source)
	at TempTestSuite1648100878643.run(TempTestSuite1648100878643.groovy:36)
)

2022-03-24 12:54:26 - [TEST_STEP][FAILED] - verifyElementPropertyValue(order, "GetDataOrderResponse.ListDataOrder[0].InsuranceData[4].KondisiPertanggungan", o_kond_pertanggungan_4, CONTINUE_ON_FAILURE): Unable to verify element property value (Root cause: java.lang.NullPointerException: Cannot get property 'KondisiPertanggungan' on null object
	at Script1.run(Script1.groovy:1)
	at com.kms.katalon.core.webservice.helper.WebServiceCommonHelper.parseAndGetPropertyValueForJson(WebServiceCommonHelper.java:213)
	at com.kms.katalon.core.webservice.keyword.builtin.VerifyElementPropertyValueKeyword$_verifyElementPropertyValue_closure1.doCall(VerifyElementPropertyValueKeyword.groovy:52)
	at com.kms.katalon.core.webservice.keyword.builtin.VerifyElementPropertyValueKeyword$_verifyElementPropertyValue_closure1.call(VerifyElementPropertyValueKeyword.groovy)
	at com.kms.katalon.core.keyword.internal.KeywordMain.runKeyword(KeywordMain.groovy:74)
	at com.kms.katalon.core.webservice.keyword.builtin.VerifyElementPropertyValueKeyword.verifyElementPropertyValue(VerifyElementPropertyValueKeyword.groovy:48)
	at com.kms.katalon.core.webservice.keyword.builtin.VerifyElementPropertyValueKeyword.execute(VerifyElementPropertyValueKeyword.groovy:43)
	at com.kms.katalon.core.keyword.internal.KeywordExecutor.executeKeywordForPlatform(KeywordExecutor.groovy:74)
	at com.kms.katalon.core.webservice.keyword.WSBuiltInKeywords.verifyElementPropertyValue(WSBuiltInKeywords.groovy:175)
	at com.kms.katalon.core.webservice.keyword.WSBuiltInKeywords$verifyElementPropertyValue$0.call(Unknown Source)
	at 1. get token - data order.run(1. get token - data order:754)
	at com.kms.katalon.core.main.ScriptEngine.run(ScriptEngine.java:194)
	at com.kms.katalon.core.main.ScriptEngine.runScriptAsRawText(ScriptEngine.java:119)
	at com.kms.katalon.core.main.TestCaseExecutor.runScript(TestCaseExecutor.java:442)
	at com.kms.katalon.core.main.TestCaseExecutor.doExecute(TestCaseExecutor.java:433)
	at com.kms.katalon.core.main.TestCaseExecutor.processExecutionPhase(TestCaseExecutor.java:412)
	at com.kms.katalon.core.main.TestCaseExecutor.accessMainPhase(TestCaseExecutor.java:404)
	at com.kms.katalon.core.main.TestCaseExecutor.execute(TestCaseExecutor.java:281)
	at com.kms.katalon.core.main.TestSuiteExecutor.accessTestCaseMainPhase(TestSuiteExecutor.java:202)
	at com.kms.katalon.core.main.TestSuiteExecutor.accessTestSuiteMainPhase(TestSuiteExecutor.java:164)
	at com.kms.katalon.core.main.TestSuiteExecutor.execute(TestSuiteExecutor.java:105)
	at com.kms.katalon.core.main.TestCaseMain.startTestSuite(TestCaseMain.java:181)
	at com.kms.katalon.core.main.TestCaseMain$startTestSuite$0.call(Unknown Source)
	at TempTestSuite1648100878643.run(TempTestSuite1648100878643.groovy:36)
)

2022-03-24 12:54:26 - [MESSAGE][FAILED] - Unable to verify element property value (Root cause: java.lang.NullPointerException: Cannot get property 'KondisiPertanggungan' on null object
	at Script1.run(Script1.groovy:1)
	at com.kms.katalon.core.webservice.helper.WebServiceCommonHelper.parseAndGetPropertyValueForJson(WebServiceCommonHelper.java:213)
	at com.kms.katalon.core.webservice.keyword.builtin.VerifyElementPropertyValueKeyword$_verifyElementPropertyValue_closure1.doCall(VerifyElementPropertyValueKeyword.groovy:52)
	at com.kms.katalon.core.webservice.keyword.builtin.VerifyElementPropertyValueKeyword$_verifyElementPropertyValue_closure1.call(VerifyElementPropertyValueKeyword.groovy)
	at com.kms.katalon.core.keyword.internal.KeywordMain.runKeyword(KeywordMain.groovy:74)
	at com.kms.katalon.core.webservice.keyword.builtin.VerifyElementPropertyValueKeyword.verifyElementPropertyValue(VerifyElementPropertyValueKeyword.groovy:48)
	at com.kms.katalon.core.webservice.keyword.builtin.VerifyElementPropertyValueKeyword.execute(VerifyElementPropertyValueKeyword.groovy:43)
	at com.kms.katalon.core.keyword.internal.KeywordExecutor.executeKeywordForPlatform(KeywordExecutor.groovy:74)
	at com.kms.katalon.core.webservice.keyword.WSBuiltInKeywords.verifyElementPropertyValue(WSBuiltInKeywords.groovy:175)
	at com.kms.katalon.core.webservice.keyword.WSBuiltInKeywords$verifyElementPropertyValue$0.call(Unknown Source)
	at 1. get token - data order.run(1. get token - data order:754)
	at com.kms.katalon.core.main.ScriptEngine.run(ScriptEngine.java:194)
	at com.kms.katalon.core.main.ScriptEngine.runScriptAsRawText(ScriptEngine.java:119)
	at com.kms.katalon.core.main.TestCaseExecutor.runScript(TestCaseExecutor.java:442)
	at com.kms.katalon.core.main.TestCaseExecutor.doExecute(TestCaseExecutor.java:433)
	at com.kms.katalon.core.main.TestCaseExecutor.processExecutionPhase(TestCaseExecutor.java:412)
	at com.kms.katalon.core.main.TestCaseExecutor.accessMainPhase(TestCaseExecutor.java:404)
	at com.kms.katalon.core.main.TestCaseExecutor.execute(TestCaseExecutor.java:281)
	at com.kms.katalon.core.main.TestSuiteExecutor.accessTestCaseMainPhase(TestSuiteExecutor.java:202)
	at com.kms.katalon.core.main.TestSuiteExecutor.accessTestSuiteMainPhase(TestSuiteExecutor.java:164)
	at com.kms.katalon.core.main.TestSuiteExecutor.execute(TestSuiteExecutor.java:105)
	at com.kms.katalon.core.main.TestCaseMain.startTestSuite(TestCaseMain.java:181)
	at com.kms.katalon.core.main.TestCaseMain$startTestSuite$0.call(Unknown Source)
	at TempTestSuite1648100878643.run(TempTestSuite1648100878643.groovy:36)
)

2022-03-24 12:54:26 - [TEST_STEP][FAILED] - verifyElementPropertyValue(order, "GetDataOrderResponse.ListDataOrder[0].InsuranceData[4].TJH", o_tjh_header_4, CONTINUE_ON_FAILURE): Unable to verify element property value (Root cause: java.lang.NullPointerException: Cannot get property 'TJH' on null object
	at Script1.run(Script1.groovy:1)
	at com.kms.katalon.core.webservice.helper.WebServiceCommonHelper.parseAndGetPropertyValueForJson(WebServiceCommonHelper.java:213)
	at com.kms.katalon.core.webservice.keyword.builtin.VerifyElementPropertyValueKeyword$_verifyElementPropertyValue_closure1.doCall(VerifyElementPropertyValueKeyword.groovy:52)
	at com.kms.katalon.core.webservice.keyword.builtin.VerifyElementPropertyValueKeyword$_verifyElementPropertyValue_closure1.call(VerifyElementPropertyValueKeyword.groovy)
	at com.kms.katalon.core.keyword.internal.KeywordMain.runKeyword(KeywordMain.groovy:74)
	at com.kms.katalon.core.webservice.keyword.builtin.VerifyElementPropertyValueKeyword.verifyElementPropertyValue(VerifyElementPropertyValueKeyword.groovy:48)
	at com.kms.katalon.core.webservice.keyword.builtin.VerifyElementPropertyValueKeyword.execute(VerifyElementPropertyValueKeyword.groovy:43)
	at com.kms.katalon.core.keyword.internal.KeywordExecutor.executeKeywordForPlatform(KeywordExecutor.groovy:74)
	at com.kms.katalon.core.webservice.keyword.WSBuiltInKeywords.verifyElementPropertyValue(WSBuiltInKeywords.groovy:175)
	at com.kms.katalon.core.webservice.keyword.WSBuiltInKeywords$verifyElementPropertyValue$0.call(Unknown Source)
	at 1. get token - data order.run(1. get token - data order:757)
	at com.kms.katalon.core.main.ScriptEngine.run(ScriptEngine.java:194)
	at com.kms.katalon.core.main.ScriptEngine.runScriptAsRawText(ScriptEngine.java:119)
	at com.kms.katalon.core.main.TestCaseExecutor.runScript(TestCaseExecutor.java:442)
	at com.kms.katalon.core.main.TestCaseExecutor.doExecute(TestCaseExecutor.java:433)
	at com.kms.katalon.core.main.TestCaseExecutor.processExecutionPhase(TestCaseExecutor.java:412)
	at com.kms.katalon.core.main.TestCaseExecutor.accessMainPhase(TestCaseExecutor.java:404)
	at com.kms.katalon.core.main.TestCaseExecutor.execute(TestCaseExecutor.java:281)
	at com.kms.katalon.core.main.TestSuiteExecutor.accessTestCaseMainPhase(TestSuiteExecutor.java:202)
	at com.kms.katalon.core.main.TestSuiteExecutor.accessTestSuiteMainPhase(TestSuiteExecutor.java:164)
	at com.kms.katalon.core.main.TestSuiteExecutor.execute(TestSuiteExecutor.java:105)
	at com.kms.katalon.core.main.TestCaseMain.startTestSuite(TestCaseMain.java:181)
	at com.kms.katalon.core.main.TestCaseMain$startTestSuite$0.call(Unknown Source)
	at TempTestSuite1648100878643.run(TempTestSuite1648100878643.groovy:36)
)

2022-03-24 12:54:26 - [MESSAGE][FAILED] - Unable to verify element property value (Root cause: java.lang.NullPointerException: Cannot get property 'TJH' on null object
	at Script1.run(Script1.groovy:1)
	at com.kms.katalon.core.webservice.helper.WebServiceCommonHelper.parseAndGetPropertyValueForJson(WebServiceCommonHelper.java:213)
	at com.kms.katalon.core.webservice.keyword.builtin.VerifyElementPropertyValueKeyword$_verifyElementPropertyValue_closure1.doCall(VerifyElementPropertyValueKeyword.groovy:52)
	at com.kms.katalon.core.webservice.keyword.builtin.VerifyElementPropertyValueKeyword$_verifyElementPropertyValue_closure1.call(VerifyElementPropertyValueKeyword.groovy)
	at com.kms.katalon.core.keyword.internal.KeywordMain.runKeyword(KeywordMain.groovy:74)
	at com.kms.katalon.core.webservice.keyword.builtin.VerifyElementPropertyValueKeyword.verifyElementPropertyValue(VerifyElementPropertyValueKeyword.groovy:48)
	at com.kms.katalon.core.webservice.keyword.builtin.VerifyElementPropertyValueKeyword.execute(VerifyElementPropertyValueKeyword.groovy:43)
	at com.kms.katalon.core.keyword.internal.KeywordExecutor.executeKeywordForPlatform(KeywordExecutor.groovy:74)
	at com.kms.katalon.core.webservice.keyword.WSBuiltInKeywords.verifyElementPropertyValue(WSBuiltInKeywords.groovy:175)
	at com.kms.katalon.core.webservice.keyword.WSBuiltInKeywords$verifyElementPropertyValue$0.call(Unknown Source)
	at 1. get token - data order.run(1. get token - data order:757)
	at com.kms.katalon.core.main.ScriptEngine.run(ScriptEngine.java:194)
	at com.kms.katalon.core.main.ScriptEngine.runScriptAsRawText(ScriptEngine.java:119)
	at com.kms.katalon.core.main.TestCaseExecutor.runScript(TestCaseExecutor.java:442)
	at com.kms.katalon.core.main.TestCaseExecutor.doExecute(TestCaseExecutor.java:433)
	at com.kms.katalon.core.main.TestCaseExecutor.processExecutionPhase(TestCaseExecutor.java:412)
	at com.kms.katalon.core.main.TestCaseExecutor.accessMainPhase(TestCaseExecutor.java:404)
	at com.kms.katalon.core.main.TestCaseExecutor.execute(TestCaseExecutor.java:281)
	at com.kms.katalon.core.main.TestSuiteExecutor.accessTestCaseMainPhase(TestSuiteExecutor.java:202)
	at com.kms.katalon.core.main.TestSuiteExecutor.accessTestSuiteMainPhase(TestSuiteExecutor.java:164)
	at com.kms.katalon.core.main.TestSuiteExecutor.execute(TestSuiteExecutor.java:105)
	at com.kms.katalon.core.main.TestCaseMain.startTestSuite(TestCaseMain.java:181)
	at com.kms.katalon.core.main.TestCaseMain$startTestSuite$0.call(Unknown Source)
	at TempTestSuite1648100878643.run(TempTestSuite1648100878643.groovy:36)
)

2022-03-24 12:54:26 - [TEST_STEP][FAILED] - verifyElementPropertyValue(order, "GetDataOrderResponse.ListDataOrder[0].InsuranceData[4].InsuredValue", o_ins_val_4, CONTINUE_ON_FAILURE): Unable to verify element property value (Root cause: java.lang.NullPointerException: Cannot get property 'InsuredValue' on null object
	at Script1.run(Script1.groovy:1)
	at com.kms.katalon.core.webservice.helper.WebServiceCommonHelper.parseAndGetPropertyValueForJson(WebServiceCommonHelper.java:213)
	at com.kms.katalon.core.webservice.keyword.builtin.VerifyElementPropertyValueKeyword$_verifyElementPropertyValue_closure1.doCall(VerifyElementPropertyValueKeyword.groovy:52)
	at com.kms.katalon.core.webservice.keyword.builtin.VerifyElementPropertyValueKeyword$_verifyElementPropertyValue_closure1.call(VerifyElementPropertyValueKeyword.groovy)
	at com.kms.katalon.core.keyword.internal.KeywordMain.runKeyword(KeywordMain.groovy:74)
	at com.kms.katalon.core.webservice.keyword.builtin.VerifyElementPropertyValueKeyword.verifyElementPropertyValue(VerifyElementPropertyValueKeyword.groovy:48)
	at com.kms.katalon.core.webservice.keyword.builtin.VerifyElementPropertyValueKeyword.execute(VerifyElementPropertyValueKeyword.groovy:43)
	at com.kms.katalon.core.keyword.internal.KeywordExecutor.executeKeywordForPlatform(KeywordExecutor.groovy:74)
	at com.kms.katalon.core.webservice.keyword.WSBuiltInKeywords.verifyElementPropertyValue(WSBuiltInKeywords.groovy:175)
	at com.kms.katalon.core.webservice.keyword.WSBuiltInKeywords$verifyElementPropertyValue$0.call(Unknown Source)
	at 1. get token - data order.run(1. get token - data order:759)
	at com.kms.katalon.core.main.ScriptEngine.run(ScriptEngine.java:194)
	at com.kms.katalon.core.main.ScriptEngine.runScriptAsRawText(ScriptEngine.java:119)
	at com.kms.katalon.core.main.TestCaseExecutor.runScript(TestCaseExecutor.java:442)
	at com.kms.katalon.core.main.TestCaseExecutor.doExecute(TestCaseExecutor.java:433)
	at com.kms.katalon.core.main.TestCaseExecutor.processExecutionPhase(TestCaseExecutor.java:412)
	at com.kms.katalon.core.main.TestCaseExecutor.accessMainPhase(TestCaseExecutor.java:404)
	at com.kms.katalon.core.main.TestCaseExecutor.execute(TestCaseExecutor.java:281)
	at com.kms.katalon.core.main.TestSuiteExecutor.accessTestCaseMainPhase(TestSuiteExecutor.java:202)
	at com.kms.katalon.core.main.TestSuiteExecutor.accessTestSuiteMainPhase(TestSuiteExecutor.java:164)
	at com.kms.katalon.core.main.TestSuiteExecutor.execute(TestSuiteExecutor.java:105)
	at com.kms.katalon.core.main.TestCaseMain.startTestSuite(TestCaseMain.java:181)
	at com.kms.katalon.core.main.TestCaseMain$startTestSuite$0.call(Unknown Source)
	at TempTestSuite1648100878643.run(TempTestSuite1648100878643.groovy:36)
)

2022-03-24 12:54:26 - [MESSAGE][FAILED] - Unable to verify element property value (Root cause: java.lang.NullPointerException: Cannot get property 'InsuredValue' on null object
	at Script1.run(Script1.groovy:1)
	at com.kms.katalon.core.webservice.helper.WebServiceCommonHelper.parseAndGetPropertyValueForJson(WebServiceCommonHelper.java:213)
	at com.kms.katalon.core.webservice.keyword.builtin.VerifyElementPropertyValueKeyword$_verifyElementPropertyValue_closure1.doCall(VerifyElementPropertyValueKeyword.groovy:52)
	at com.kms.katalon.core.webservice.keyword.builtin.VerifyElementPropertyValueKeyword$_verifyElementPropertyValue_closure1.call(VerifyElementPropertyValueKeyword.groovy)
	at com.kms.katalon.core.keyword.internal.KeywordMain.runKeyword(KeywordMain.groovy:74)
	at com.kms.katalon.core.webservice.keyword.builtin.VerifyElementPropertyValueKeyword.verifyElementPropertyValue(VerifyElementPropertyValueKeyword.groovy:48)
	at com.kms.katalon.core.webservice.keyword.builtin.VerifyElementPropertyValueKeyword.execute(VerifyElementPropertyValueKeyword.groovy:43)
	at com.kms.katalon.core.keyword.internal.KeywordExecutor.executeKeywordForPlatform(KeywordExecutor.groovy:74)
	at com.kms.katalon.core.webservice.keyword.WSBuiltInKeywords.verifyElementPropertyValue(WSBuiltInKeywords.groovy:175)
	at com.kms.katalon.core.webservice.keyword.WSBuiltInKeywords$verifyElementPropertyValue$0.call(Unknown Source)
	at 1. get token - data order.run(1. get token - data order:759)
	at com.kms.katalon.core.main.ScriptEngine.run(ScriptEngine.java:194)
	at com.kms.katalon.core.main.ScriptEngine.runScriptAsRawText(ScriptEngine.java:119)
	at com.kms.katalon.core.main.TestCaseExecutor.runScript(TestCaseExecutor.java:442)
	at com.kms.katalon.core.main.TestCaseExecutor.doExecute(TestCaseExecutor.java:433)
	at com.kms.katalon.core.main.TestCaseExecutor.processExecutionPhase(TestCaseExecutor.java:412)
	at com.kms.katalon.core.main.TestCaseExecutor.accessMainPhase(TestCaseExecutor.java:404)
	at com.kms.katalon.core.main.TestCaseExecutor.execute(TestCaseExecutor.java:281)
	at com.kms.katalon.core.main.TestSuiteExecutor.accessTestCaseMainPhase(TestSuiteExecutor.java:202)
	at com.kms.katalon.core.main.TestSuiteExecutor.accessTestSuiteMainPhase(TestSuiteExecutor.java:164)
	at com.kms.katalon.core.main.TestSuiteExecutor.execute(TestSuiteExecutor.java:105)
	at com.kms.katalon.core.main.TestCaseMain.startTestSuite(TestCaseMain.java:181)
	at com.kms.katalon.core.main.TestCaseMain$startTestSuite$0.call(Unknown Source)
	at TempTestSuite1648100878643.run(TempTestSuite1648100878643.groovy:36)
)

2022-03-24 12:54:26 - [TEST_STEP][FAILED] - verifyElementPropertyValue(order, "GetDataOrderResponse.ListDataOrder[0].InsuranceData[4].InsuredFrom", o_ins_form_4, CONTINUE_ON_FAILURE): Unable to verify element property value (Root cause: java.lang.NullPointerException: Cannot get property 'InsuredFrom' on null object
	at Script1.run(Script1.groovy:1)
	at com.kms.katalon.core.webservice.helper.WebServiceCommonHelper.parseAndGetPropertyValueForJson(WebServiceCommonHelper.java:213)
	at com.kms.katalon.core.webservice.keyword.builtin.VerifyElementPropertyValueKeyword$_verifyElementPropertyValue_closure1.doCall(VerifyElementPropertyValueKeyword.groovy:52)
	at com.kms.katalon.core.webservice.keyword.builtin.VerifyElementPropertyValueKeyword$_verifyElementPropertyValue_closure1.call(VerifyElementPropertyValueKeyword.groovy)
	at com.kms.katalon.core.keyword.internal.KeywordMain.runKeyword(KeywordMain.groovy:74)
	at com.kms.katalon.core.webservice.keyword.builtin.VerifyElementPropertyValueKeyword.verifyElementPropertyValue(VerifyElementPropertyValueKeyword.groovy:48)
	at com.kms.katalon.core.webservice.keyword.builtin.VerifyElementPropertyValueKeyword.execute(VerifyElementPropertyValueKeyword.groovy:43)
	at com.kms.katalon.core.keyword.internal.KeywordExecutor.executeKeywordForPlatform(KeywordExecutor.groovy:74)
	at com.kms.katalon.core.webservice.keyword.WSBuiltInKeywords.verifyElementPropertyValue(WSBuiltInKeywords.groovy:175)
	at com.kms.katalon.core.webservice.keyword.WSBuiltInKeywords$verifyElementPropertyValue$0.call(Unknown Source)
	at 1. get token - data order.run(1. get token - data order:762)
	at com.kms.katalon.core.main.ScriptEngine.run(ScriptEngine.java:194)
	at com.kms.katalon.core.main.ScriptEngine.runScriptAsRawText(ScriptEngine.java:119)
	at com.kms.katalon.core.main.TestCaseExecutor.runScript(TestCaseExecutor.java:442)
	at com.kms.katalon.core.main.TestCaseExecutor.doExecute(TestCaseExecutor.java:433)
	at com.kms.katalon.core.main.TestCaseExecutor.processExecutionPhase(TestCaseExecutor.java:412)
	at com.kms.katalon.core.main.TestCaseExecutor.accessMainPhase(TestCaseExecutor.java:404)
	at com.kms.katalon.core.main.TestCaseExecutor.execute(TestCaseExecutor.java:281)
	at com.kms.katalon.core.main.TestSuiteExecutor.accessTestCaseMainPhase(TestSuiteExecutor.java:202)
	at com.kms.katalon.core.main.TestSuiteExecutor.accessTestSuiteMainPhase(TestSuiteExecutor.java:164)
	at com.kms.katalon.core.main.TestSuiteExecutor.execute(TestSuiteExecutor.java:105)
	at com.kms.katalon.core.main.TestCaseMain.startTestSuite(TestCaseMain.java:181)
	at com.kms.katalon.core.main.TestCaseMain$startTestSuite$0.call(Unknown Source)
	at TempTestSuite1648100878643.run(TempTestSuite1648100878643.groovy:36)
)

2022-03-24 12:54:26 - [MESSAGE][FAILED] - Unable to verify element property value (Root cause: java.lang.NullPointerException: Cannot get property 'InsuredFrom' on null object
	at Script1.run(Script1.groovy:1)
	at com.kms.katalon.core.webservice.helper.WebServiceCommonHelper.parseAndGetPropertyValueForJson(WebServiceCommonHelper.java:213)
	at com.kms.katalon.core.webservice.keyword.builtin.VerifyElementPropertyValueKeyword$_verifyElementPropertyValue_closure1.doCall(VerifyElementPropertyValueKeyword.groovy:52)
	at com.kms.katalon.core.webservice.keyword.builtin.VerifyElementPropertyValueKeyword$_verifyElementPropertyValue_closure1.call(VerifyElementPropertyValueKeyword.groovy)
	at com.kms.katalon.core.keyword.internal.KeywordMain.runKeyword(KeywordMain.groovy:74)
	at com.kms.katalon.core.webservice.keyword.builtin.VerifyElementPropertyValueKeyword.verifyElementPropertyValue(VerifyElementPropertyValueKeyword.groovy:48)
	at com.kms.katalon.core.webservice.keyword.builtin.VerifyElementPropertyValueKeyword.execute(VerifyElementPropertyValueKeyword.groovy:43)
	at com.kms.katalon.core.keyword.internal.KeywordExecutor.executeKeywordForPlatform(KeywordExecutor.groovy:74)
	at com.kms.katalon.core.webservice.keyword.WSBuiltInKeywords.verifyElementPropertyValue(WSBuiltInKeywords.groovy:175)
	at com.kms.katalon.core.webservice.keyword.WSBuiltInKeywords$verifyElementPropertyValue$0.call(Unknown Source)
	at 1. get token - data order.run(1. get token - data order:762)
	at com.kms.katalon.core.main.ScriptEngine.run(ScriptEngine.java:194)
	at com.kms.katalon.core.main.ScriptEngine.runScriptAsRawText(ScriptEngine.java:119)
	at com.kms.katalon.core.main.TestCaseExecutor.runScript(TestCaseExecutor.java:442)
	at com.kms.katalon.core.main.TestCaseExecutor.doExecute(TestCaseExecutor.java:433)
	at com.kms.katalon.core.main.TestCaseExecutor.processExecutionPhase(TestCaseExecutor.java:412)
	at com.kms.katalon.core.main.TestCaseExecutor.accessMainPhase(TestCaseExecutor.java:404)
	at com.kms.katalon.core.main.TestCaseExecutor.execute(TestCaseExecutor.java:281)
	at com.kms.katalon.core.main.TestSuiteExecutor.accessTestCaseMainPhase(TestSuiteExecutor.java:202)
	at com.kms.katalon.core.main.TestSuiteExecutor.accessTestSuiteMainPhase(TestSuiteExecutor.java:164)
	at com.kms.katalon.core.main.TestSuiteExecutor.execute(TestSuiteExecutor.java:105)
	at com.kms.katalon.core.main.TestCaseMain.startTestSuite(TestCaseMain.java:181)
	at com.kms.katalon.core.main.TestCaseMain$startTestSuite$0.call(Unknown Source)
	at TempTestSuite1648100878643.run(TempTestSuite1648100878643.groovy:36)
)

2022-03-24 12:54:26 - [TEST_STEP][FAILED] - verifyElementPropertyValue(order, "GetDataOrderResponse.ListDataOrder[0].InsuranceData[4].InsuredTo", o_ins_to_4, CONTINUE_ON_FAILURE): Unable to verify element property value (Root cause: java.lang.NullPointerException: Cannot get property 'InsuredTo' on null object
	at Script1.run(Script1.groovy:1)
	at com.kms.katalon.core.webservice.helper.WebServiceCommonHelper.parseAndGetPropertyValueForJson(WebServiceCommonHelper.java:213)
	at com.kms.katalon.core.webservice.keyword.builtin.VerifyElementPropertyValueKeyword$_verifyElementPropertyValue_closure1.doCall(VerifyElementPropertyValueKeyword.groovy:52)
	at com.kms.katalon.core.webservice.keyword.builtin.VerifyElementPropertyValueKeyword$_verifyElementPropertyValue_closure1.call(VerifyElementPropertyValueKeyword.groovy)
	at com.kms.katalon.core.keyword.internal.KeywordMain.runKeyword(KeywordMain.groovy:74)
	at com.kms.katalon.core.webservice.keyword.builtin.VerifyElementPropertyValueKeyword.verifyElementPropertyValue(VerifyElementPropertyValueKeyword.groovy:48)
	at com.kms.katalon.core.webservice.keyword.builtin.VerifyElementPropertyValueKeyword.execute(VerifyElementPropertyValueKeyword.groovy:43)
	at com.kms.katalon.core.keyword.internal.KeywordExecutor.executeKeywordForPlatform(KeywordExecutor.groovy:74)
	at com.kms.katalon.core.webservice.keyword.WSBuiltInKeywords.verifyElementPropertyValue(WSBuiltInKeywords.groovy:175)
	at com.kms.katalon.core.webservice.keyword.WSBuiltInKeywords$verifyElementPropertyValue$0.call(Unknown Source)
	at 1. get token - data order.run(1. get token - data order:765)
	at com.kms.katalon.core.main.ScriptEngine.run(ScriptEngine.java:194)
	at com.kms.katalon.core.main.ScriptEngine.runScriptAsRawText(ScriptEngine.java:119)
	at com.kms.katalon.core.main.TestCaseExecutor.runScript(TestCaseExecutor.java:442)
	at com.kms.katalon.core.main.TestCaseExecutor.doExecute(TestCaseExecutor.java:433)
	at com.kms.katalon.core.main.TestCaseExecutor.processExecutionPhase(TestCaseExecutor.java:412)
	at com.kms.katalon.core.main.TestCaseExecutor.accessMainPhase(TestCaseExecutor.java:404)
	at com.kms.katalon.core.main.TestCaseExecutor.execute(TestCaseExecutor.java:281)
	at com.kms.katalon.core.main.TestSuiteExecutor.accessTestCaseMainPhase(TestSuiteExecutor.java:202)
	at com.kms.katalon.core.main.TestSuiteExecutor.accessTestSuiteMainPhase(TestSuiteExecutor.java:164)
	at com.kms.katalon.core.main.TestSuiteExecutor.execute(TestSuiteExecutor.java:105)
	at com.kms.katalon.core.main.TestCaseMain.startTestSuite(TestCaseMain.java:181)
	at com.kms.katalon.core.main.TestCaseMain$startTestSuite$0.call(Unknown Source)
	at TempTestSuite1648100878643.run(TempTestSuite1648100878643.groovy:36)
)

2022-03-24 12:54:26 - [MESSAGE][FAILED] - Unable to verify element property value (Root cause: java.lang.NullPointerException: Cannot get property 'InsuredTo' on null object
	at Script1.run(Script1.groovy:1)
	at com.kms.katalon.core.webservice.helper.WebServiceCommonHelper.parseAndGetPropertyValueForJson(WebServiceCommonHelper.java:213)
	at com.kms.katalon.core.webservice.keyword.builtin.VerifyElementPropertyValueKeyword$_verifyElementPropertyValue_closure1.doCall(VerifyElementPropertyValueKeyword.groovy:52)
	at com.kms.katalon.core.webservice.keyword.builtin.VerifyElementPropertyValueKeyword$_verifyElementPropertyValue_closure1.call(VerifyElementPropertyValueKeyword.groovy)
	at com.kms.katalon.core.keyword.internal.KeywordMain.runKeyword(KeywordMain.groovy:74)
	at com.kms.katalon.core.webservice.keyword.builtin.VerifyElementPropertyValueKeyword.verifyElementPropertyValue(VerifyElementPropertyValueKeyword.groovy:48)
	at com.kms.katalon.core.webservice.keyword.builtin.VerifyElementPropertyValueKeyword.execute(VerifyElementPropertyValueKeyword.groovy:43)
	at com.kms.katalon.core.keyword.internal.KeywordExecutor.executeKeywordForPlatform(KeywordExecutor.groovy:74)
	at com.kms.katalon.core.webservice.keyword.WSBuiltInKeywords.verifyElementPropertyValue(WSBuiltInKeywords.groovy:175)
	at com.kms.katalon.core.webservice.keyword.WSBuiltInKeywords$verifyElementPropertyValue$0.call(Unknown Source)
	at 1. get token - data order.run(1. get token - data order:765)
	at com.kms.katalon.core.main.ScriptEngine.run(ScriptEngine.java:194)
	at com.kms.katalon.core.main.ScriptEngine.runScriptAsRawText(ScriptEngine.java:119)
	at com.kms.katalon.core.main.TestCaseExecutor.runScript(TestCaseExecutor.java:442)
	at com.kms.katalon.core.main.TestCaseExecutor.doExecute(TestCaseExecutor.java:433)
	at com.kms.katalon.core.main.TestCaseExecutor.processExecutionPhase(TestCaseExecutor.java:412)
	at com.kms.katalon.core.main.TestCaseExecutor.accessMainPhase(TestCaseExecutor.java:404)
	at com.kms.katalon.core.main.TestCaseExecutor.execute(TestCaseExecutor.java:281)
	at com.kms.katalon.core.main.TestSuiteExecutor.accessTestCaseMainPhase(TestSuiteExecutor.java:202)
	at com.kms.katalon.core.main.TestSuiteExecutor.accessTestSuiteMainPhase(TestSuiteExecutor.java:164)
	at com.kms.katalon.core.main.TestSuiteExecutor.execute(TestSuiteExecutor.java:105)
	at com.kms.katalon.core.main.TestCaseMain.startTestSuite(TestCaseMain.java:181)
	at com.kms.katalon.core.main.TestCaseMain$startTestSuite$0.call(Unknown Source)
	at TempTestSuite1648100878643.run(TempTestSuite1648100878643.groovy:36)
)

2022-03-24 12:54:26 - [TEST_STEP][FAILED] - verifyElementPropertyValue(order, "GetDataOrderResponse.ListDataOrder[0].InsuranceData[4].Rate", o_rate_4, CONTINUE_ON_FAILURE): Unable to verify element property value (Root cause: java.lang.NullPointerException: Cannot get property 'Rate' on null object
	at Script1.run(Script1.groovy:1)
	at com.kms.katalon.core.webservice.helper.WebServiceCommonHelper.parseAndGetPropertyValueForJson(WebServiceCommonHelper.java:213)
	at com.kms.katalon.core.webservice.keyword.builtin.VerifyElementPropertyValueKeyword$_verifyElementPropertyValue_closure1.doCall(VerifyElementPropertyValueKeyword.groovy:52)
	at com.kms.katalon.core.webservice.keyword.builtin.VerifyElementPropertyValueKeyword$_verifyElementPropertyValue_closure1.call(VerifyElementPropertyValueKeyword.groovy)
	at com.kms.katalon.core.keyword.internal.KeywordMain.runKeyword(KeywordMain.groovy:74)
	at com.kms.katalon.core.webservice.keyword.builtin.VerifyElementPropertyValueKeyword.verifyElementPropertyValue(VerifyElementPropertyValueKeyword.groovy:48)
	at com.kms.katalon.core.webservice.keyword.builtin.VerifyElementPropertyValueKeyword.execute(VerifyElementPropertyValueKeyword.groovy:43)
	at com.kms.katalon.core.keyword.internal.KeywordExecutor.executeKeywordForPlatform(KeywordExecutor.groovy:74)
	at com.kms.katalon.core.webservice.keyword.WSBuiltInKeywords.verifyElementPropertyValue(WSBuiltInKeywords.groovy:175)
	at com.kms.katalon.core.webservice.keyword.WSBuiltInKeywords$verifyElementPropertyValue$0.call(Unknown Source)
	at 1. get token - data order.run(1. get token - data order:768)
	at com.kms.katalon.core.main.ScriptEngine.run(ScriptEngine.java:194)
	at com.kms.katalon.core.main.ScriptEngine.runScriptAsRawText(ScriptEngine.java:119)
	at com.kms.katalon.core.main.TestCaseExecutor.runScript(TestCaseExecutor.java:442)
	at com.kms.katalon.core.main.TestCaseExecutor.doExecute(TestCaseExecutor.java:433)
	at com.kms.katalon.core.main.TestCaseExecutor.processExecutionPhase(TestCaseExecutor.java:412)
	at com.kms.katalon.core.main.TestCaseExecutor.accessMainPhase(TestCaseExecutor.java:404)
	at com.kms.katalon.core.main.TestCaseExecutor.execute(TestCaseExecutor.java:281)
	at com.kms.katalon.core.main.TestSuiteExecutor.accessTestCaseMainPhase(TestSuiteExecutor.java:202)
	at com.kms.katalon.core.main.TestSuiteExecutor.accessTestSuiteMainPhase(TestSuiteExecutor.java:164)
	at com.kms.katalon.core.main.TestSuiteExecutor.execute(TestSuiteExecutor.java:105)
	at com.kms.katalon.core.main.TestCaseMain.startTestSuite(TestCaseMain.java:181)
	at com.kms.katalon.core.main.TestCaseMain$startTestSuite$0.call(Unknown Source)
	at TempTestSuite1648100878643.run(TempTestSuite1648100878643.groovy:36)
)

2022-03-24 12:54:26 - [MESSAGE][FAILED] - Unable to verify element property value (Root cause: java.lang.NullPointerException: Cannot get property 'Rate' on null object
	at Script1.run(Script1.groovy:1)
	at com.kms.katalon.core.webservice.helper.WebServiceCommonHelper.parseAndGetPropertyValueForJson(WebServiceCommonHelper.java:213)
	at com.kms.katalon.core.webservice.keyword.builtin.VerifyElementPropertyValueKeyword$_verifyElementPropertyValue_closure1.doCall(VerifyElementPropertyValueKeyword.groovy:52)
	at com.kms.katalon.core.webservice.keyword.builtin.VerifyElementPropertyValueKeyword$_verifyElementPropertyValue_closure1.call(VerifyElementPropertyValueKeyword.groovy)
	at com.kms.katalon.core.keyword.internal.KeywordMain.runKeyword(KeywordMain.groovy:74)
	at com.kms.katalon.core.webservice.keyword.builtin.VerifyElementPropertyValueKeyword.verifyElementPropertyValue(VerifyElementPropertyValueKeyword.groovy:48)
	at com.kms.katalon.core.webservice.keyword.builtin.VerifyElementPropertyValueKeyword.execute(VerifyElementPropertyValueKeyword.groovy:43)
	at com.kms.katalon.core.keyword.internal.KeywordExecutor.executeKeywordForPlatform(KeywordExecutor.groovy:74)
	at com.kms.katalon.core.webservice.keyword.WSBuiltInKeywords.verifyElementPropertyValue(WSBuiltInKeywords.groovy:175)
	at com.kms.katalon.core.webservice.keyword.WSBuiltInKeywords$verifyElementPropertyValue$0.call(Unknown Source)
	at 1. get token - data order.run(1. get token - data order:768)
	at com.kms.katalon.core.main.ScriptEngine.run(ScriptEngine.java:194)
	at com.kms.katalon.core.main.ScriptEngine.runScriptAsRawText(ScriptEngine.java:119)
	at com.kms.katalon.core.main.TestCaseExecutor.runScript(TestCaseExecutor.java:442)
	at com.kms.katalon.core.main.TestCaseExecutor.doExecute(TestCaseExecutor.java:433)
	at com.kms.katalon.core.main.TestCaseExecutor.processExecutionPhase(TestCaseExecutor.java:412)
	at com.kms.katalon.core.main.TestCaseExecutor.accessMainPhase(TestCaseExecutor.java:404)
	at com.kms.katalon.core.main.TestCaseExecutor.execute(TestCaseExecutor.java:281)
	at com.kms.katalon.core.main.TestSuiteExecutor.accessTestCaseMainPhase(TestSuiteExecutor.java:202)
	at com.kms.katalon.core.main.TestSuiteExecutor.accessTestSuiteMainPhase(TestSuiteExecutor.java:164)
	at com.kms.katalon.core.main.TestSuiteExecutor.execute(TestSuiteExecutor.java:105)
	at com.kms.katalon.core.main.TestCaseMain.startTestSuite(TestCaseMain.java:181)
	at com.kms.katalon.core.main.TestCaseMain$startTestSuite$0.call(Unknown Source)
	at TempTestSuite1648100878643.run(TempTestSuite1648100878643.groovy:36)
)

2022-03-24 12:54:26 - [TEST_STEP][FAILED] - verifyElementPropertyValue(order, "GetDataOrderResponse.ListDataOrder[0].InsuranceData[4].GrossPremi", o_gross_premi_4, CONTINUE_ON_FAILURE): Unable to verify element property value (Root cause: java.lang.NullPointerException: Cannot get property 'GrossPremi' on null object
	at Script1.run(Script1.groovy:1)
	at com.kms.katalon.core.webservice.helper.WebServiceCommonHelper.parseAndGetPropertyValueForJson(WebServiceCommonHelper.java:213)
	at com.kms.katalon.core.webservice.keyword.builtin.VerifyElementPropertyValueKeyword$_verifyElementPropertyValue_closure1.doCall(VerifyElementPropertyValueKeyword.groovy:52)
	at com.kms.katalon.core.webservice.keyword.builtin.VerifyElementPropertyValueKeyword$_verifyElementPropertyValue_closure1.call(VerifyElementPropertyValueKeyword.groovy)
	at com.kms.katalon.core.keyword.internal.KeywordMain.runKeyword(KeywordMain.groovy:74)
	at com.kms.katalon.core.webservice.keyword.builtin.VerifyElementPropertyValueKeyword.verifyElementPropertyValue(VerifyElementPropertyValueKeyword.groovy:48)
	at com.kms.katalon.core.webservice.keyword.builtin.VerifyElementPropertyValueKeyword.execute(VerifyElementPropertyValueKeyword.groovy:43)
	at com.kms.katalon.core.keyword.internal.KeywordExecutor.executeKeywordForPlatform(KeywordExecutor.groovy:74)
	at com.kms.katalon.core.webservice.keyword.WSBuiltInKeywords.verifyElementPropertyValue(WSBuiltInKeywords.groovy:175)
	at com.kms.katalon.core.webservice.keyword.WSBuiltInKeywords$verifyElementPropertyValue$0.call(Unknown Source)
	at 1. get token - data order.run(1. get token - data order:770)
	at com.kms.katalon.core.main.ScriptEngine.run(ScriptEngine.java:194)
	at com.kms.katalon.core.main.ScriptEngine.runScriptAsRawText(ScriptEngine.java:119)
	at com.kms.katalon.core.main.TestCaseExecutor.runScript(TestCaseExecutor.java:442)
	at com.kms.katalon.core.main.TestCaseExecutor.doExecute(TestCaseExecutor.java:433)
	at com.kms.katalon.core.main.TestCaseExecutor.processExecutionPhase(TestCaseExecutor.java:412)
	at com.kms.katalon.core.main.TestCaseExecutor.accessMainPhase(TestCaseExecutor.java:404)
	at com.kms.katalon.core.main.TestCaseExecutor.execute(TestCaseExecutor.java:281)
	at com.kms.katalon.core.main.TestSuiteExecutor.accessTestCaseMainPhase(TestSuiteExecutor.java:202)
	at com.kms.katalon.core.main.TestSuiteExecutor.accessTestSuiteMainPhase(TestSuiteExecutor.java:164)
	at com.kms.katalon.core.main.TestSuiteExecutor.execute(TestSuiteExecutor.java:105)
	at com.kms.katalon.core.main.TestCaseMain.startTestSuite(TestCaseMain.java:181)
	at com.kms.katalon.core.main.TestCaseMain$startTestSuite$0.call(Unknown Source)
	at TempTestSuite1648100878643.run(TempTestSuite1648100878643.groovy:36)
)

2022-03-24 12:54:26 - [MESSAGE][FAILED] - Unable to verify element property value (Root cause: java.lang.NullPointerException: Cannot get property 'GrossPremi' on null object
	at Script1.run(Script1.groovy:1)
	at com.kms.katalon.core.webservice.helper.WebServiceCommonHelper.parseAndGetPropertyValueForJson(WebServiceCommonHelper.java:213)
	at com.kms.katalon.core.webservice.keyword.builtin.VerifyElementPropertyValueKeyword$_verifyElementPropertyValue_closure1.doCall(VerifyElementPropertyValueKeyword.groovy:52)
	at com.kms.katalon.core.webservice.keyword.builtin.VerifyElementPropertyValueKeyword$_verifyElementPropertyValue_closure1.call(VerifyElementPropertyValueKeyword.groovy)
	at com.kms.katalon.core.keyword.internal.KeywordMain.runKeyword(KeywordMain.groovy:74)
	at com.kms.katalon.core.webservice.keyword.builtin.VerifyElementPropertyValueKeyword.verifyElementPropertyValue(VerifyElementPropertyValueKeyword.groovy:48)
	at com.kms.katalon.core.webservice.keyword.builtin.VerifyElementPropertyValueKeyword.execute(VerifyElementPropertyValueKeyword.groovy:43)
	at com.kms.katalon.core.keyword.internal.KeywordExecutor.executeKeywordForPlatform(KeywordExecutor.groovy:74)
	at com.kms.katalon.core.webservice.keyword.WSBuiltInKeywords.verifyElementPropertyValue(WSBuiltInKeywords.groovy:175)
	at com.kms.katalon.core.webservice.keyword.WSBuiltInKeywords$verifyElementPropertyValue$0.call(Unknown Source)
	at 1. get token - data order.run(1. get token - data order:770)
	at com.kms.katalon.core.main.ScriptEngine.run(ScriptEngine.java:194)
	at com.kms.katalon.core.main.ScriptEngine.runScriptAsRawText(ScriptEngine.java:119)
	at com.kms.katalon.core.main.TestCaseExecutor.runScript(TestCaseExecutor.java:442)
	at com.kms.katalon.core.main.TestCaseExecutor.doExecute(TestCaseExecutor.java:433)
	at com.kms.katalon.core.main.TestCaseExecutor.processExecutionPhase(TestCaseExecutor.java:412)
	at com.kms.katalon.core.main.TestCaseExecutor.accessMainPhase(TestCaseExecutor.java:404)
	at com.kms.katalon.core.main.TestCaseExecutor.execute(TestCaseExecutor.java:281)
	at com.kms.katalon.core.main.TestSuiteExecutor.accessTestCaseMainPhase(TestSuiteExecutor.java:202)
	at com.kms.katalon.core.main.TestSuiteExecutor.accessTestSuiteMainPhase(TestSuiteExecutor.java:164)
	at com.kms.katalon.core.main.TestSuiteExecutor.execute(TestSuiteExecutor.java:105)
	at com.kms.katalon.core.main.TestCaseMain.startTestSuite(TestCaseMain.java:181)
	at com.kms.katalon.core.main.TestCaseMain$startTestSuite$0.call(Unknown Source)
	at TempTestSuite1648100878643.run(TempTestSuite1648100878643.groovy:36)
)

2022-03-24 12:54:26 - [TEST_STEP][FAILED] - verifyElementPropertyValue(order, "GetDataOrderResponse.ListDataOrder[0].InsuranceData[4].Discount", o_discount_4, CONTINUE_ON_FAILURE): Unable to verify element property value (Root cause: java.lang.NullPointerException: Cannot get property 'Discount' on null object
	at Script1.run(Script1.groovy:1)
	at com.kms.katalon.core.webservice.helper.WebServiceCommonHelper.parseAndGetPropertyValueForJson(WebServiceCommonHelper.java:213)
	at com.kms.katalon.core.webservice.keyword.builtin.VerifyElementPropertyValueKeyword$_verifyElementPropertyValue_closure1.doCall(VerifyElementPropertyValueKeyword.groovy:52)
	at com.kms.katalon.core.webservice.keyword.builtin.VerifyElementPropertyValueKeyword$_verifyElementPropertyValue_closure1.call(VerifyElementPropertyValueKeyword.groovy)
	at com.kms.katalon.core.keyword.internal.KeywordMain.runKeyword(KeywordMain.groovy:74)
	at com.kms.katalon.core.webservice.keyword.builtin.VerifyElementPropertyValueKeyword.verifyElementPropertyValue(VerifyElementPropertyValueKeyword.groovy:48)
	at com.kms.katalon.core.webservice.keyword.builtin.VerifyElementPropertyValueKeyword.execute(VerifyElementPropertyValueKeyword.groovy:43)
	at com.kms.katalon.core.keyword.internal.KeywordExecutor.executeKeywordForPlatform(KeywordExecutor.groovy:74)
	at com.kms.katalon.core.webservice.keyword.WSBuiltInKeywords.verifyElementPropertyValue(WSBuiltInKeywords.groovy:175)
	at com.kms.katalon.core.webservice.keyword.WSBuiltInKeywords$verifyElementPropertyValue$0.call(Unknown Source)
	at 1. get token - data order.run(1. get token - data order:773)
	at com.kms.katalon.core.main.ScriptEngine.run(ScriptEngine.java:194)
	at com.kms.katalon.core.main.ScriptEngine.runScriptAsRawText(ScriptEngine.java:119)
	at com.kms.katalon.core.main.TestCaseExecutor.runScript(TestCaseExecutor.java:442)
	at com.kms.katalon.core.main.TestCaseExecutor.doExecute(TestCaseExecutor.java:433)
	at com.kms.katalon.core.main.TestCaseExecutor.processExecutionPhase(TestCaseExecutor.java:412)
	at com.kms.katalon.core.main.TestCaseExecutor.accessMainPhase(TestCaseExecutor.java:404)
	at com.kms.katalon.core.main.TestCaseExecutor.execute(TestCaseExecutor.java:281)
	at com.kms.katalon.core.main.TestSuiteExecutor.accessTestCaseMainPhase(TestSuiteExecutor.java:202)
	at com.kms.katalon.core.main.TestSuiteExecutor.accessTestSuiteMainPhase(TestSuiteExecutor.java:164)
	at com.kms.katalon.core.main.TestSuiteExecutor.execute(TestSuiteExecutor.java:105)
	at com.kms.katalon.core.main.TestCaseMain.startTestSuite(TestCaseMain.java:181)
	at com.kms.katalon.core.main.TestCaseMain$startTestSuite$0.call(Unknown Source)
	at TempTestSuite1648100878643.run(TempTestSuite1648100878643.groovy:36)
)

2022-03-24 12:54:26 - [MESSAGE][FAILED] - Unable to verify element property value (Root cause: java.lang.NullPointerException: Cannot get property 'Discount' on null object
	at Script1.run(Script1.groovy:1)
	at com.kms.katalon.core.webservice.helper.WebServiceCommonHelper.parseAndGetPropertyValueForJson(WebServiceCommonHelper.java:213)
	at com.kms.katalon.core.webservice.keyword.builtin.VerifyElementPropertyValueKeyword$_verifyElementPropertyValue_closure1.doCall(VerifyElementPropertyValueKeyword.groovy:52)
	at com.kms.katalon.core.webservice.keyword.builtin.VerifyElementPropertyValueKeyword$_verifyElementPropertyValue_closure1.call(VerifyElementPropertyValueKeyword.groovy)
	at com.kms.katalon.core.keyword.internal.KeywordMain.runKeyword(KeywordMain.groovy:74)
	at com.kms.katalon.core.webservice.keyword.builtin.VerifyElementPropertyValueKeyword.verifyElementPropertyValue(VerifyElementPropertyValueKeyword.groovy:48)
	at com.kms.katalon.core.webservice.keyword.builtin.VerifyElementPropertyValueKeyword.execute(VerifyElementPropertyValueKeyword.groovy:43)
	at com.kms.katalon.core.keyword.internal.KeywordExecutor.executeKeywordForPlatform(KeywordExecutor.groovy:74)
	at com.kms.katalon.core.webservice.keyword.WSBuiltInKeywords.verifyElementPropertyValue(WSBuiltInKeywords.groovy:175)
	at com.kms.katalon.core.webservice.keyword.WSBuiltInKeywords$verifyElementPropertyValue$0.call(Unknown Source)
	at 1. get token - data order.run(1. get token - data order:773)
	at com.kms.katalon.core.main.ScriptEngine.run(ScriptEngine.java:194)
	at com.kms.katalon.core.main.ScriptEngine.runScriptAsRawText(ScriptEngine.java:119)
	at com.kms.katalon.core.main.TestCaseExecutor.runScript(TestCaseExecutor.java:442)
	at com.kms.katalon.core.main.TestCaseExecutor.doExecute(TestCaseExecutor.java:433)
	at com.kms.katalon.core.main.TestCaseExecutor.processExecutionPhase(TestCaseExecutor.java:412)
	at com.kms.katalon.core.main.TestCaseExecutor.accessMainPhase(TestCaseExecutor.java:404)
	at com.kms.katalon.core.main.TestCaseExecutor.execute(TestCaseExecutor.java:281)
	at com.kms.katalon.core.main.TestSuiteExecutor.accessTestCaseMainPhase(TestSuiteExecutor.java:202)
	at com.kms.katalon.core.main.TestSuiteExecutor.accessTestSuiteMainPhase(TestSuiteExecutor.java:164)
	at com.kms.katalon.core.main.TestSuiteExecutor.execute(TestSuiteExecutor.java:105)
	at com.kms.katalon.core.main.TestCaseMain.startTestSuite(TestCaseMain.java:181)
	at com.kms.katalon.core.main.TestCaseMain$startTestSuite$0.call(Unknown Source)
	at TempTestSuite1648100878643.run(TempTestSuite1648100878643.groovy:36)
)

2022-03-24 12:54:26 - [TEST_STEP][FAILED] - verifyElementPropertyValue(order, "GetDataOrderResponse.ListDataOrder[0].InsuranceData[4].Adm", o_adm_4, CONTINUE_ON_FAILURE): Unable to verify element property value (Root cause: java.lang.NullPointerException: Cannot get property 'Adm' on null object
	at Script1.run(Script1.groovy:1)
	at com.kms.katalon.core.webservice.helper.WebServiceCommonHelper.parseAndGetPropertyValueForJson(WebServiceCommonHelper.java:213)
	at com.kms.katalon.core.webservice.keyword.builtin.VerifyElementPropertyValueKeyword$_verifyElementPropertyValue_closure1.doCall(VerifyElementPropertyValueKeyword.groovy:52)
	at com.kms.katalon.core.webservice.keyword.builtin.VerifyElementPropertyValueKeyword$_verifyElementPropertyValue_closure1.call(VerifyElementPropertyValueKeyword.groovy)
	at com.kms.katalon.core.keyword.internal.KeywordMain.runKeyword(KeywordMain.groovy:74)
	at com.kms.katalon.core.webservice.keyword.builtin.VerifyElementPropertyValueKeyword.verifyElementPropertyValue(VerifyElementPropertyValueKeyword.groovy:48)
	at com.kms.katalon.core.webservice.keyword.builtin.VerifyElementPropertyValueKeyword.execute(VerifyElementPropertyValueKeyword.groovy:43)
	at com.kms.katalon.core.keyword.internal.KeywordExecutor.executeKeywordForPlatform(KeywordExecutor.groovy:74)
	at com.kms.katalon.core.webservice.keyword.WSBuiltInKeywords.verifyElementPropertyValue(WSBuiltInKeywords.groovy:175)
	at com.kms.katalon.core.webservice.keyword.WSBuiltInKeywords$verifyElementPropertyValue$0.call(Unknown Source)
	at 1. get token - data order.run(1. get token - data order:776)
	at com.kms.katalon.core.main.ScriptEngine.run(ScriptEngine.java:194)
	at com.kms.katalon.core.main.ScriptEngine.runScriptAsRawText(ScriptEngine.java:119)
	at com.kms.katalon.core.main.TestCaseExecutor.runScript(TestCaseExecutor.java:442)
	at com.kms.katalon.core.main.TestCaseExecutor.doExecute(TestCaseExecutor.java:433)
	at com.kms.katalon.core.main.TestCaseExecutor.processExecutionPhase(TestCaseExecutor.java:412)
	at com.kms.katalon.core.main.TestCaseExecutor.accessMainPhase(TestCaseExecutor.java:404)
	at com.kms.katalon.core.main.TestCaseExecutor.execute(TestCaseExecutor.java:281)
	at com.kms.katalon.core.main.TestSuiteExecutor.accessTestCaseMainPhase(TestSuiteExecutor.java:202)
	at com.kms.katalon.core.main.TestSuiteExecutor.accessTestSuiteMainPhase(TestSuiteExecutor.java:164)
	at com.kms.katalon.core.main.TestSuiteExecutor.execute(TestSuiteExecutor.java:105)
	at com.kms.katalon.core.main.TestCaseMain.startTestSuite(TestCaseMain.java:181)
	at com.kms.katalon.core.main.TestCaseMain$startTestSuite$0.call(Unknown Source)
	at TempTestSuite1648100878643.run(TempTestSuite1648100878643.groovy:36)
)

2022-03-24 12:54:26 - [MESSAGE][FAILED] - Unable to verify element property value (Root cause: java.lang.NullPointerException: Cannot get property 'Adm' on null object
	at Script1.run(Script1.groovy:1)
	at com.kms.katalon.core.webservice.helper.WebServiceCommonHelper.parseAndGetPropertyValueForJson(WebServiceCommonHelper.java:213)
	at com.kms.katalon.core.webservice.keyword.builtin.VerifyElementPropertyValueKeyword$_verifyElementPropertyValue_closure1.doCall(VerifyElementPropertyValueKeyword.groovy:52)
	at com.kms.katalon.core.webservice.keyword.builtin.VerifyElementPropertyValueKeyword$_verifyElementPropertyValue_closure1.call(VerifyElementPropertyValueKeyword.groovy)
	at com.kms.katalon.core.keyword.internal.KeywordMain.runKeyword(KeywordMain.groovy:74)
	at com.kms.katalon.core.webservice.keyword.builtin.VerifyElementPropertyValueKeyword.verifyElementPropertyValue(VerifyElementPropertyValueKeyword.groovy:48)
	at com.kms.katalon.core.webservice.keyword.builtin.VerifyElementPropertyValueKeyword.execute(VerifyElementPropertyValueKeyword.groovy:43)
	at com.kms.katalon.core.keyword.internal.KeywordExecutor.executeKeywordForPlatform(KeywordExecutor.groovy:74)
	at com.kms.katalon.core.webservice.keyword.WSBuiltInKeywords.verifyElementPropertyValue(WSBuiltInKeywords.groovy:175)
	at com.kms.katalon.core.webservice.keyword.WSBuiltInKeywords$verifyElementPropertyValue$0.call(Unknown Source)
	at 1. get token - data order.run(1. get token - data order:776)
	at com.kms.katalon.core.main.ScriptEngine.run(ScriptEngine.java:194)
	at com.kms.katalon.core.main.ScriptEngine.runScriptAsRawText(ScriptEngine.java:119)
	at com.kms.katalon.core.main.TestCaseExecutor.runScript(TestCaseExecutor.java:442)
	at com.kms.katalon.core.main.TestCaseExecutor.doExecute(TestCaseExecutor.java:433)
	at com.kms.katalon.core.main.TestCaseExecutor.processExecutionPhase(TestCaseExecutor.java:412)
	at com.kms.katalon.core.main.TestCaseExecutor.accessMainPhase(TestCaseExecutor.java:404)
	at com.kms.katalon.core.main.TestCaseExecutor.execute(TestCaseExecutor.java:281)
	at com.kms.katalon.core.main.TestSuiteExecutor.accessTestCaseMainPhase(TestSuiteExecutor.java:202)
	at com.kms.katalon.core.main.TestSuiteExecutor.accessTestSuiteMainPhase(TestSuiteExecutor.java:164)
	at com.kms.katalon.core.main.TestSuiteExecutor.execute(TestSuiteExecutor.java:105)
	at com.kms.katalon.core.main.TestCaseMain.startTestSuite(TestCaseMain.java:181)
	at com.kms.katalon.core.main.TestCaseMain$startTestSuite$0.call(Unknown Source)
	at TempTestSuite1648100878643.run(TempTestSuite1648100878643.groovy:36)
)

2022-03-24 12:54:26 - [TEST_STEP][FAILED] - verifyElementPropertyValue(order, "GetDataOrderResponse.ListDataOrder[0].InsuranceData[4].NetPremi", o_netpremi_4, CONTINUE_ON_FAILURE): Unable to verify element property value (Root cause: java.lang.NullPointerException: Cannot get property 'NetPremi' on null object
	at Script1.run(Script1.groovy:1)
	at com.kms.katalon.core.webservice.helper.WebServiceCommonHelper.parseAndGetPropertyValueForJson(WebServiceCommonHelper.java:213)
	at com.kms.katalon.core.webservice.keyword.builtin.VerifyElementPropertyValueKeyword$_verifyElementPropertyValue_closure1.doCall(VerifyElementPropertyValueKeyword.groovy:52)
	at com.kms.katalon.core.webservice.keyword.builtin.VerifyElementPropertyValueKeyword$_verifyElementPropertyValue_closure1.call(VerifyElementPropertyValueKeyword.groovy)
	at com.kms.katalon.core.keyword.internal.KeywordMain.runKeyword(KeywordMain.groovy:74)
	at com.kms.katalon.core.webservice.keyword.builtin.VerifyElementPropertyValueKeyword.verifyElementPropertyValue(VerifyElementPropertyValueKeyword.groovy:48)
	at com.kms.katalon.core.webservice.keyword.builtin.VerifyElementPropertyValueKeyword.execute(VerifyElementPropertyValueKeyword.groovy:43)
	at com.kms.katalon.core.keyword.internal.KeywordExecutor.executeKeywordForPlatform(KeywordExecutor.groovy:74)
	at com.kms.katalon.core.webservice.keyword.WSBuiltInKeywords.verifyElementPropertyValue(WSBuiltInKeywords.groovy:175)
	at com.kms.katalon.core.webservice.keyword.WSBuiltInKeywords$verifyElementPropertyValue$0.call(Unknown Source)
	at 1. get token - data order.run(1. get token - data order:778)
	at com.kms.katalon.core.main.ScriptEngine.run(ScriptEngine.java:194)
	at com.kms.katalon.core.main.ScriptEngine.runScriptAsRawText(ScriptEngine.java:119)
	at com.kms.katalon.core.main.TestCaseExecutor.runScript(TestCaseExecutor.java:442)
	at com.kms.katalon.core.main.TestCaseExecutor.doExecute(TestCaseExecutor.java:433)
	at com.kms.katalon.core.main.TestCaseExecutor.processExecutionPhase(TestCaseExecutor.java:412)
	at com.kms.katalon.core.main.TestCaseExecutor.accessMainPhase(TestCaseExecutor.java:404)
	at com.kms.katalon.core.main.TestCaseExecutor.execute(TestCaseExecutor.java:281)
	at com.kms.katalon.core.main.TestSuiteExecutor.accessTestCaseMainPhase(TestSuiteExecutor.java:202)
	at com.kms.katalon.core.main.TestSuiteExecutor.accessTestSuiteMainPhase(TestSuiteExecutor.java:164)
	at com.kms.katalon.core.main.TestSuiteExecutor.execute(TestSuiteExecutor.java:105)
	at com.kms.katalon.core.main.TestCaseMain.startTestSuite(TestCaseMain.java:181)
	at com.kms.katalon.core.main.TestCaseMain$startTestSuite$0.call(Unknown Source)
	at TempTestSuite1648100878643.run(TempTestSuite1648100878643.groovy:36)
)

2022-03-24 12:54:26 - [MESSAGE][FAILED] - Unable to verify element property value (Root cause: java.lang.NullPointerException: Cannot get property 'NetPremi' on null object
	at Script1.run(Script1.groovy:1)
	at com.kms.katalon.core.webservice.helper.WebServiceCommonHelper.parseAndGetPropertyValueForJson(WebServiceCommonHelper.java:213)
	at com.kms.katalon.core.webservice.keyword.builtin.VerifyElementPropertyValueKeyword$_verifyElementPropertyValue_closure1.doCall(VerifyElementPropertyValueKeyword.groovy:52)
	at com.kms.katalon.core.webservice.keyword.builtin.VerifyElementPropertyValueKeyword$_verifyElementPropertyValue_closure1.call(VerifyElementPropertyValueKeyword.groovy)
	at com.kms.katalon.core.keyword.internal.KeywordMain.runKeyword(KeywordMain.groovy:74)
	at com.kms.katalon.core.webservice.keyword.builtin.VerifyElementPropertyValueKeyword.verifyElementPropertyValue(VerifyElementPropertyValueKeyword.groovy:48)
	at com.kms.katalon.core.webservice.keyword.builtin.VerifyElementPropertyValueKeyword.execute(VerifyElementPropertyValueKeyword.groovy:43)
	at com.kms.katalon.core.keyword.internal.KeywordExecutor.executeKeywordForPlatform(KeywordExecutor.groovy:74)
	at com.kms.katalon.core.webservice.keyword.WSBuiltInKeywords.verifyElementPropertyValue(WSBuiltInKeywords.groovy:175)
	at com.kms.katalon.core.webservice.keyword.WSBuiltInKeywords$verifyElementPropertyValue$0.call(Unknown Source)
	at 1. get token - data order.run(1. get token - data order:778)
	at com.kms.katalon.core.main.ScriptEngine.run(ScriptEngine.java:194)
	at com.kms.katalon.core.main.ScriptEngine.runScriptAsRawText(ScriptEngine.java:119)
	at com.kms.katalon.core.main.TestCaseExecutor.runScript(TestCaseExecutor.java:442)
	at com.kms.katalon.core.main.TestCaseExecutor.doExecute(TestCaseExecutor.java:433)
	at com.kms.katalon.core.main.TestCaseExecutor.processExecutionPhase(TestCaseExecutor.java:412)
	at com.kms.katalon.core.main.TestCaseExecutor.accessMainPhase(TestCaseExecutor.java:404)
	at com.kms.katalon.core.main.TestCaseExecutor.execute(TestCaseExecutor.java:281)
	at com.kms.katalon.core.main.TestSuiteExecutor.accessTestCaseMainPhase(TestSuiteExecutor.java:202)
	at com.kms.katalon.core.main.TestSuiteExecutor.accessTestSuiteMainPhase(TestSuiteExecutor.java:164)
	at com.kms.katalon.core.main.TestSuiteExecutor.execute(TestSuiteExecutor.java:105)
	at com.kms.katalon.core.main.TestCaseMain.startTestSuite(TestCaseMain.java:181)
	at com.kms.katalon.core.main.TestCaseMain$startTestSuite$0.call(Unknown Source)
	at TempTestSuite1648100878643.run(TempTestSuite1648100878643.groovy:36)
)

2022-03-24 12:54:26 - [TEST_STEP][FAILED] - verifyElementPropertyValue(order, "GetDataOrderResponse.ListDataOrder[0].InsuranceData[4].PerluasanJaminan.TJH", o_tjh_val_4, CONTINUE_ON_FAILURE): Unable to verify element property value (Root cause: java.lang.NullPointerException: Cannot get property 'PerluasanJaminan' on null object
	at Script1.run(Script1.groovy:1)
	at com.kms.katalon.core.webservice.helper.WebServiceCommonHelper.parseAndGetPropertyValueForJson(WebServiceCommonHelper.java:213)
	at com.kms.katalon.core.webservice.keyword.builtin.VerifyElementPropertyValueKeyword$_verifyElementPropertyValue_closure1.doCall(VerifyElementPropertyValueKeyword.groovy:52)
	at com.kms.katalon.core.webservice.keyword.builtin.VerifyElementPropertyValueKeyword$_verifyElementPropertyValue_closure1.call(VerifyElementPropertyValueKeyword.groovy)
	at com.kms.katalon.core.keyword.internal.KeywordMain.runKeyword(KeywordMain.groovy:74)
	at com.kms.katalon.core.webservice.keyword.builtin.VerifyElementPropertyValueKeyword.verifyElementPropertyValue(VerifyElementPropertyValueKeyword.groovy:48)
	at com.kms.katalon.core.webservice.keyword.builtin.VerifyElementPropertyValueKeyword.execute(VerifyElementPropertyValueKeyword.groovy:43)
	at com.kms.katalon.core.keyword.internal.KeywordExecutor.executeKeywordForPlatform(KeywordExecutor.groovy:74)
	at com.kms.katalon.core.webservice.keyword.WSBuiltInKeywords.verifyElementPropertyValue(WSBuiltInKeywords.groovy:175)
	at com.kms.katalon.core.webservice.keyword.WSBuiltInKeywords$verifyElementPropertyValue$0.call(Unknown Source)
	at 1. get token - data order.run(1. get token - data order:781)
	at com.kms.katalon.core.main.ScriptEngine.run(ScriptEngine.java:194)
	at com.kms.katalon.core.main.ScriptEngine.runScriptAsRawText(ScriptEngine.java:119)
	at com.kms.katalon.core.main.TestCaseExecutor.runScript(TestCaseExecutor.java:442)
	at com.kms.katalon.core.main.TestCaseExecutor.doExecute(TestCaseExecutor.java:433)
	at com.kms.katalon.core.main.TestCaseExecutor.processExecutionPhase(TestCaseExecutor.java:412)
	at com.kms.katalon.core.main.TestCaseExecutor.accessMainPhase(TestCaseExecutor.java:404)
	at com.kms.katalon.core.main.TestCaseExecutor.execute(TestCaseExecutor.java:281)
	at com.kms.katalon.core.main.TestSuiteExecutor.accessTestCaseMainPhase(TestSuiteExecutor.java:202)
	at com.kms.katalon.core.main.TestSuiteExecutor.accessTestSuiteMainPhase(TestSuiteExecutor.java:164)
	at com.kms.katalon.core.main.TestSuiteExecutor.execute(TestSuiteExecutor.java:105)
	at com.kms.katalon.core.main.TestCaseMain.startTestSuite(TestCaseMain.java:181)
	at com.kms.katalon.core.main.TestCaseMain$startTestSuite$0.call(Unknown Source)
	at TempTestSuite1648100878643.run(TempTestSuite1648100878643.groovy:36)
)

2022-03-24 12:54:26 - [MESSAGE][FAILED] - Unable to verify element property value (Root cause: java.lang.NullPointerException: Cannot get property 'PerluasanJaminan' on null object
	at Script1.run(Script1.groovy:1)
	at com.kms.katalon.core.webservice.helper.WebServiceCommonHelper.parseAndGetPropertyValueForJson(WebServiceCommonHelper.java:213)
	at com.kms.katalon.core.webservice.keyword.builtin.VerifyElementPropertyValueKeyword$_verifyElementPropertyValue_closure1.doCall(VerifyElementPropertyValueKeyword.groovy:52)
	at com.kms.katalon.core.webservice.keyword.builtin.VerifyElementPropertyValueKeyword$_verifyElementPropertyValue_closure1.call(VerifyElementPropertyValueKeyword.groovy)
	at com.kms.katalon.core.keyword.internal.KeywordMain.runKeyword(KeywordMain.groovy:74)
	at com.kms.katalon.core.webservice.keyword.builtin.VerifyElementPropertyValueKeyword.verifyElementPropertyValue(VerifyElementPropertyValueKeyword.groovy:48)
	at com.kms.katalon.core.webservice.keyword.builtin.VerifyElementPropertyValueKeyword.execute(VerifyElementPropertyValueKeyword.groovy:43)
	at com.kms.katalon.core.keyword.internal.KeywordExecutor.executeKeywordForPlatform(KeywordExecutor.groovy:74)
	at com.kms.katalon.core.webservice.keyword.WSBuiltInKeywords.verifyElementPropertyValue(WSBuiltInKeywords.groovy:175)
	at com.kms.katalon.core.webservice.keyword.WSBuiltInKeywords$verifyElementPropertyValue$0.call(Unknown Source)
	at 1. get token - data order.run(1. get token - data order:781)
	at com.kms.katalon.core.main.ScriptEngine.run(ScriptEngine.java:194)
	at com.kms.katalon.core.main.ScriptEngine.runScriptAsRawText(ScriptEngine.java:119)
	at com.kms.katalon.core.main.TestCaseExecutor.runScript(TestCaseExecutor.java:442)
	at com.kms.katalon.core.main.TestCaseExecutor.doExecute(TestCaseExecutor.java:433)
	at com.kms.katalon.core.main.TestCaseExecutor.processExecutionPhase(TestCaseExecutor.java:412)
	at com.kms.katalon.core.main.TestCaseExecutor.accessMainPhase(TestCaseExecutor.java:404)
	at com.kms.katalon.core.main.TestCaseExecutor.execute(TestCaseExecutor.java:281)
	at com.kms.katalon.core.main.TestSuiteExecutor.accessTestCaseMainPhase(TestSuiteExecutor.java:202)
	at com.kms.katalon.core.main.TestSuiteExecutor.accessTestSuiteMainPhase(TestSuiteExecutor.java:164)
	at com.kms.katalon.core.main.TestSuiteExecutor.execute(TestSuiteExecutor.java:105)
	at com.kms.katalon.core.main.TestCaseMain.startTestSuite(TestCaseMain.java:181)
	at com.kms.katalon.core.main.TestCaseMain$startTestSuite$0.call(Unknown Source)
	at TempTestSuite1648100878643.run(TempTestSuite1648100878643.groovy:36)
)

2022-03-24 12:54:26 - [TEST_STEP][FAILED] - verifyElementPropertyValue(order, "GetDataOrderResponse.ListDataOrder[0].InsuranceData[4].PerluasanJaminan.RSCC", o_rscc_val_4, CONTINUE_ON_FAILURE): Unable to verify element property value (Root cause: java.lang.NullPointerException: Cannot get property 'PerluasanJaminan' on null object
	at Script1.run(Script1.groovy:1)
	at com.kms.katalon.core.webservice.helper.WebServiceCommonHelper.parseAndGetPropertyValueForJson(WebServiceCommonHelper.java:213)
	at com.kms.katalon.core.webservice.keyword.builtin.VerifyElementPropertyValueKeyword$_verifyElementPropertyValue_closure1.doCall(VerifyElementPropertyValueKeyword.groovy:52)
	at com.kms.katalon.core.webservice.keyword.builtin.VerifyElementPropertyValueKeyword$_verifyElementPropertyValue_closure1.call(VerifyElementPropertyValueKeyword.groovy)
	at com.kms.katalon.core.keyword.internal.KeywordMain.runKeyword(KeywordMain.groovy:74)
	at com.kms.katalon.core.webservice.keyword.builtin.VerifyElementPropertyValueKeyword.verifyElementPropertyValue(VerifyElementPropertyValueKeyword.groovy:48)
	at com.kms.katalon.core.webservice.keyword.builtin.VerifyElementPropertyValueKeyword.execute(VerifyElementPropertyValueKeyword.groovy:43)
	at com.kms.katalon.core.keyword.internal.KeywordExecutor.executeKeywordForPlatform(KeywordExecutor.groovy:74)
	at com.kms.katalon.core.webservice.keyword.WSBuiltInKeywords.verifyElementPropertyValue(WSBuiltInKeywords.groovy:175)
	at com.kms.katalon.core.webservice.keyword.WSBuiltInKeywords$verifyElementPropertyValue$0.call(Unknown Source)
	at 1. get token - data order.run(1. get token - data order:784)
	at com.kms.katalon.core.main.ScriptEngine.run(ScriptEngine.java:194)
	at com.kms.katalon.core.main.ScriptEngine.runScriptAsRawText(ScriptEngine.java:119)
	at com.kms.katalon.core.main.TestCaseExecutor.runScript(TestCaseExecutor.java:442)
	at com.kms.katalon.core.main.TestCaseExecutor.doExecute(TestCaseExecutor.java:433)
	at com.kms.katalon.core.main.TestCaseExecutor.processExecutionPhase(TestCaseExecutor.java:412)
	at com.kms.katalon.core.main.TestCaseExecutor.accessMainPhase(TestCaseExecutor.java:404)
	at com.kms.katalon.core.main.TestCaseExecutor.execute(TestCaseExecutor.java:281)
	at com.kms.katalon.core.main.TestSuiteExecutor.accessTestCaseMainPhase(TestSuiteExecutor.java:202)
	at com.kms.katalon.core.main.TestSuiteExecutor.accessTestSuiteMainPhase(TestSuiteExecutor.java:164)
	at com.kms.katalon.core.main.TestSuiteExecutor.execute(TestSuiteExecutor.java:105)
	at com.kms.katalon.core.main.TestCaseMain.startTestSuite(TestCaseMain.java:181)
	at com.kms.katalon.core.main.TestCaseMain$startTestSuite$0.call(Unknown Source)
	at TempTestSuite1648100878643.run(TempTestSuite1648100878643.groovy:36)
)

2022-03-24 12:54:26 - [MESSAGE][FAILED] - Unable to verify element property value (Root cause: java.lang.NullPointerException: Cannot get property 'PerluasanJaminan' on null object
	at Script1.run(Script1.groovy:1)
	at com.kms.katalon.core.webservice.helper.WebServiceCommonHelper.parseAndGetPropertyValueForJson(WebServiceCommonHelper.java:213)
	at com.kms.katalon.core.webservice.keyword.builtin.VerifyElementPropertyValueKeyword$_verifyElementPropertyValue_closure1.doCall(VerifyElementPropertyValueKeyword.groovy:52)
	at com.kms.katalon.core.webservice.keyword.builtin.VerifyElementPropertyValueKeyword$_verifyElementPropertyValue_closure1.call(VerifyElementPropertyValueKeyword.groovy)
	at com.kms.katalon.core.keyword.internal.KeywordMain.runKeyword(KeywordMain.groovy:74)
	at com.kms.katalon.core.webservice.keyword.builtin.VerifyElementPropertyValueKeyword.verifyElementPropertyValue(VerifyElementPropertyValueKeyword.groovy:48)
	at com.kms.katalon.core.webservice.keyword.builtin.VerifyElementPropertyValueKeyword.execute(VerifyElementPropertyValueKeyword.groovy:43)
	at com.kms.katalon.core.keyword.internal.KeywordExecutor.executeKeywordForPlatform(KeywordExecutor.groovy:74)
	at com.kms.katalon.core.webservice.keyword.WSBuiltInKeywords.verifyElementPropertyValue(WSBuiltInKeywords.groovy:175)
	at com.kms.katalon.core.webservice.keyword.WSBuiltInKeywords$verifyElementPropertyValue$0.call(Unknown Source)
	at 1. get token - data order.run(1. get token - data order:784)
	at com.kms.katalon.core.main.ScriptEngine.run(ScriptEngine.java:194)
	at com.kms.katalon.core.main.ScriptEngine.runScriptAsRawText(ScriptEngine.java:119)
	at com.kms.katalon.core.main.TestCaseExecutor.runScript(TestCaseExecutor.java:442)
	at com.kms.katalon.core.main.TestCaseExecutor.doExecute(TestCaseExecutor.java:433)
	at com.kms.katalon.core.main.TestCaseExecutor.processExecutionPhase(TestCaseExecutor.java:412)
	at com.kms.katalon.core.main.TestCaseExecutor.accessMainPhase(TestCaseExecutor.java:404)
	at com.kms.katalon.core.main.TestCaseExecutor.execute(TestCaseExecutor.java:281)
	at com.kms.katalon.core.main.TestSuiteExecutor.accessTestCaseMainPhase(TestSuiteExecutor.java:202)
	at com.kms.katalon.core.main.TestSuiteExecutor.accessTestSuiteMainPhase(TestSuiteExecutor.java:164)
	at com.kms.katalon.core.main.TestSuiteExecutor.execute(TestSuiteExecutor.java:105)
	at com.kms.katalon.core.main.TestCaseMain.startTestSuite(TestCaseMain.java:181)
	at com.kms.katalon.core.main.TestCaseMain$startTestSuite$0.call(Unknown Source)
	at TempTestSuite1648100878643.run(TempTestSuite1648100878643.groovy:36)
)

2022-03-24 12:54:26 - [TEST_STEP][FAILED] - verifyElementPropertyValue(order, "GetDataOrderResponse.ListDataOrder[0].InsuranceData[4].PerluasanJaminan.Banjir", o_rsmb_val_4, CONTINUE_ON_FAILURE): Unable to verify element property value (Root cause: java.lang.NullPointerException: Cannot get property 'PerluasanJaminan' on null object
	at Script1.run(Script1.groovy:1)
	at com.kms.katalon.core.webservice.helper.WebServiceCommonHelper.parseAndGetPropertyValueForJson(WebServiceCommonHelper.java:213)
	at com.kms.katalon.core.webservice.keyword.builtin.VerifyElementPropertyValueKeyword$_verifyElementPropertyValue_closure1.doCall(VerifyElementPropertyValueKeyword.groovy:52)
	at com.kms.katalon.core.webservice.keyword.builtin.VerifyElementPropertyValueKeyword$_verifyElementPropertyValue_closure1.call(VerifyElementPropertyValueKeyword.groovy)
	at com.kms.katalon.core.keyword.internal.KeywordMain.runKeyword(KeywordMain.groovy:74)
	at com.kms.katalon.core.webservice.keyword.builtin.VerifyElementPropertyValueKeyword.verifyElementPropertyValue(VerifyElementPropertyValueKeyword.groovy:48)
	at com.kms.katalon.core.webservice.keyword.builtin.VerifyElementPropertyValueKeyword.execute(VerifyElementPropertyValueKeyword.groovy:43)
	at com.kms.katalon.core.keyword.internal.KeywordExecutor.executeKeywordForPlatform(KeywordExecutor.groovy:74)
	at com.kms.katalon.core.webservice.keyword.WSBuiltInKeywords.verifyElementPropertyValue(WSBuiltInKeywords.groovy:175)
	at com.kms.katalon.core.webservice.keyword.WSBuiltInKeywords$verifyElementPropertyValue$0.call(Unknown Source)
	at 1. get token - data order.run(1. get token - data order:787)
	at com.kms.katalon.core.main.ScriptEngine.run(ScriptEngine.java:194)
	at com.kms.katalon.core.main.ScriptEngine.runScriptAsRawText(ScriptEngine.java:119)
	at com.kms.katalon.core.main.TestCaseExecutor.runScript(TestCaseExecutor.java:442)
	at com.kms.katalon.core.main.TestCaseExecutor.doExecute(TestCaseExecutor.java:433)
	at com.kms.katalon.core.main.TestCaseExecutor.processExecutionPhase(TestCaseExecutor.java:412)
	at com.kms.katalon.core.main.TestCaseExecutor.accessMainPhase(TestCaseExecutor.java:404)
	at com.kms.katalon.core.main.TestCaseExecutor.execute(TestCaseExecutor.java:281)
	at com.kms.katalon.core.main.TestSuiteExecutor.accessTestCaseMainPhase(TestSuiteExecutor.java:202)
	at com.kms.katalon.core.main.TestSuiteExecutor.accessTestSuiteMainPhase(TestSuiteExecutor.java:164)
	at com.kms.katalon.core.main.TestSuiteExecutor.execute(TestSuiteExecutor.java:105)
	at com.kms.katalon.core.main.TestCaseMain.startTestSuite(TestCaseMain.java:181)
	at com.kms.katalon.core.main.TestCaseMain$startTestSuite$0.call(Unknown Source)
	at TempTestSuite1648100878643.run(TempTestSuite1648100878643.groovy:36)
)

2022-03-24 12:54:26 - [MESSAGE][FAILED] - Unable to verify element property value (Root cause: java.lang.NullPointerException: Cannot get property 'PerluasanJaminan' on null object
	at Script1.run(Script1.groovy:1)
	at com.kms.katalon.core.webservice.helper.WebServiceCommonHelper.parseAndGetPropertyValueForJson(WebServiceCommonHelper.java:213)
	at com.kms.katalon.core.webservice.keyword.builtin.VerifyElementPropertyValueKeyword$_verifyElementPropertyValue_closure1.doCall(VerifyElementPropertyValueKeyword.groovy:52)
	at com.kms.katalon.core.webservice.keyword.builtin.VerifyElementPropertyValueKeyword$_verifyElementPropertyValue_closure1.call(VerifyElementPropertyValueKeyword.groovy)
	at com.kms.katalon.core.keyword.internal.KeywordMain.runKeyword(KeywordMain.groovy:74)
	at com.kms.katalon.core.webservice.keyword.builtin.VerifyElementPropertyValueKeyword.verifyElementPropertyValue(VerifyElementPropertyValueKeyword.groovy:48)
	at com.kms.katalon.core.webservice.keyword.builtin.VerifyElementPropertyValueKeyword.execute(VerifyElementPropertyValueKeyword.groovy:43)
	at com.kms.katalon.core.keyword.internal.KeywordExecutor.executeKeywordForPlatform(KeywordExecutor.groovy:74)
	at com.kms.katalon.core.webservice.keyword.WSBuiltInKeywords.verifyElementPropertyValue(WSBuiltInKeywords.groovy:175)
	at com.kms.katalon.core.webservice.keyword.WSBuiltInKeywords$verifyElementPropertyValue$0.call(Unknown Source)
	at 1. get token - data order.run(1. get token - data order:787)
	at com.kms.katalon.core.main.ScriptEngine.run(ScriptEngine.java:194)
	at com.kms.katalon.core.main.ScriptEngine.runScriptAsRawText(ScriptEngine.java:119)
	at com.kms.katalon.core.main.TestCaseExecutor.runScript(TestCaseExecutor.java:442)
	at com.kms.katalon.core.main.TestCaseExecutor.doExecute(TestCaseExecutor.java:433)
	at com.kms.katalon.core.main.TestCaseExecutor.processExecutionPhase(TestCaseExecutor.java:412)
	at com.kms.katalon.core.main.TestCaseExecutor.accessMainPhase(TestCaseExecutor.java:404)
	at com.kms.katalon.core.main.TestCaseExecutor.execute(TestCaseExecutor.java:281)
	at com.kms.katalon.core.main.TestSuiteExecutor.accessTestCaseMainPhase(TestSuiteExecutor.java:202)
	at com.kms.katalon.core.main.TestSuiteExecutor.accessTestSuiteMainPhase(TestSuiteExecutor.java:164)
	at com.kms.katalon.core.main.TestSuiteExecutor.execute(TestSuiteExecutor.java:105)
	at com.kms.katalon.core.main.TestCaseMain.startTestSuite(TestCaseMain.java:181)
	at com.kms.katalon.core.main.TestCaseMain$startTestSuite$0.call(Unknown Source)
	at TempTestSuite1648100878643.run(TempTestSuite1648100878643.groovy:36)
)

2022-03-24 12:54:26 - [TEST_STEP][FAILED] - verifyElementPropertyValue(order, "GetDataOrderResponse.ListDataOrder[0].InsuranceData[4].PerluasanJaminan.Accessories", o_acc_val_4, CONTINUE_ON_FAILURE): Unable to verify element property value (Root cause: java.lang.NullPointerException: Cannot get property 'PerluasanJaminan' on null object
	at Script1.run(Script1.groovy:1)
	at com.kms.katalon.core.webservice.helper.WebServiceCommonHelper.parseAndGetPropertyValueForJson(WebServiceCommonHelper.java:213)
	at com.kms.katalon.core.webservice.keyword.builtin.VerifyElementPropertyValueKeyword$_verifyElementPropertyValue_closure1.doCall(VerifyElementPropertyValueKeyword.groovy:52)
	at com.kms.katalon.core.webservice.keyword.builtin.VerifyElementPropertyValueKeyword$_verifyElementPropertyValue_closure1.call(VerifyElementPropertyValueKeyword.groovy)
	at com.kms.katalon.core.keyword.internal.KeywordMain.runKeyword(KeywordMain.groovy:74)
	at com.kms.katalon.core.webservice.keyword.builtin.VerifyElementPropertyValueKeyword.verifyElementPropertyValue(VerifyElementPropertyValueKeyword.groovy:48)
	at com.kms.katalon.core.webservice.keyword.builtin.VerifyElementPropertyValueKeyword.execute(VerifyElementPropertyValueKeyword.groovy:43)
	at com.kms.katalon.core.keyword.internal.KeywordExecutor.executeKeywordForPlatform(KeywordExecutor.groovy:74)
	at com.kms.katalon.core.webservice.keyword.WSBuiltInKeywords.verifyElementPropertyValue(WSBuiltInKeywords.groovy:175)
	at com.kms.katalon.core.webservice.keyword.WSBuiltInKeywords$verifyElementPropertyValue$0.call(Unknown Source)
	at 1. get token - data order.run(1. get token - data order:790)
	at com.kms.katalon.core.main.ScriptEngine.run(ScriptEngine.java:194)
	at com.kms.katalon.core.main.ScriptEngine.runScriptAsRawText(ScriptEngine.java:119)
	at com.kms.katalon.core.main.TestCaseExecutor.runScript(TestCaseExecutor.java:442)
	at com.kms.katalon.core.main.TestCaseExecutor.doExecute(TestCaseExecutor.java:433)
	at com.kms.katalon.core.main.TestCaseExecutor.processExecutionPhase(TestCaseExecutor.java:412)
	at com.kms.katalon.core.main.TestCaseExecutor.accessMainPhase(TestCaseExecutor.java:404)
	at com.kms.katalon.core.main.TestCaseExecutor.execute(TestCaseExecutor.java:281)
	at com.kms.katalon.core.main.TestSuiteExecutor.accessTestCaseMainPhase(TestSuiteExecutor.java:202)
	at com.kms.katalon.core.main.TestSuiteExecutor.accessTestSuiteMainPhase(TestSuiteExecutor.java:164)
	at com.kms.katalon.core.main.TestSuiteExecutor.execute(TestSuiteExecutor.java:105)
	at com.kms.katalon.core.main.TestCaseMain.startTestSuite(TestCaseMain.java:181)
	at com.kms.katalon.core.main.TestCaseMain$startTestSuite$0.call(Unknown Source)
	at TempTestSuite1648100878643.run(TempTestSuite1648100878643.groovy:36)
)

2022-03-24 12:54:26 - [MESSAGE][FAILED] - Unable to verify element property value (Root cause: java.lang.NullPointerException: Cannot get property 'PerluasanJaminan' on null object
	at Script1.run(Script1.groovy:1)
	at com.kms.katalon.core.webservice.helper.WebServiceCommonHelper.parseAndGetPropertyValueForJson(WebServiceCommonHelper.java:213)
	at com.kms.katalon.core.webservice.keyword.builtin.VerifyElementPropertyValueKeyword$_verifyElementPropertyValue_closure1.doCall(VerifyElementPropertyValueKeyword.groovy:52)
	at com.kms.katalon.core.webservice.keyword.builtin.VerifyElementPropertyValueKeyword$_verifyElementPropertyValue_closure1.call(VerifyElementPropertyValueKeyword.groovy)
	at com.kms.katalon.core.keyword.internal.KeywordMain.runKeyword(KeywordMain.groovy:74)
	at com.kms.katalon.core.webservice.keyword.builtin.VerifyElementPropertyValueKeyword.verifyElementPropertyValue(VerifyElementPropertyValueKeyword.groovy:48)
	at com.kms.katalon.core.webservice.keyword.builtin.VerifyElementPropertyValueKeyword.execute(VerifyElementPropertyValueKeyword.groovy:43)
	at com.kms.katalon.core.keyword.internal.KeywordExecutor.executeKeywordForPlatform(KeywordExecutor.groovy:74)
	at com.kms.katalon.core.webservice.keyword.WSBuiltInKeywords.verifyElementPropertyValue(WSBuiltInKeywords.groovy:175)
	at com.kms.katalon.core.webservice.keyword.WSBuiltInKeywords$verifyElementPropertyValue$0.call(Unknown Source)
	at 1. get token - data order.run(1. get token - data order:790)
	at com.kms.katalon.core.main.ScriptEngine.run(ScriptEngine.java:194)
	at com.kms.katalon.core.main.ScriptEngine.runScriptAsRawText(ScriptEngine.java:119)
	at com.kms.katalon.core.main.TestCaseExecutor.runScript(TestCaseExecutor.java:442)
	at com.kms.katalon.core.main.TestCaseExecutor.doExecute(TestCaseExecutor.java:433)
	at com.kms.katalon.core.main.TestCaseExecutor.processExecutionPhase(TestCaseExecutor.java:412)
	at com.kms.katalon.core.main.TestCaseExecutor.accessMainPhase(TestCaseExecutor.java:404)
	at com.kms.katalon.core.main.TestCaseExecutor.execute(TestCaseExecutor.java:281)
	at com.kms.katalon.core.main.TestSuiteExecutor.accessTestCaseMainPhase(TestSuiteExecutor.java:202)
	at com.kms.katalon.core.main.TestSuiteExecutor.accessTestSuiteMainPhase(TestSuiteExecutor.java:164)
	at com.kms.katalon.core.main.TestSuiteExecutor.execute(TestSuiteExecutor.java:105)
	at com.kms.katalon.core.main.TestCaseMain.startTestSuite(TestCaseMain.java:181)
	at com.kms.katalon.core.main.TestCaseMain$startTestSuite$0.call(Unknown Source)
	at TempTestSuite1648100878643.run(TempTestSuite1648100878643.groovy:36)
)

2022-03-24 12:54:26 - [TEST_STEP][PASSED] - break: null]]></system-out>
         <system-err><![CDATA[2022-03-24 12:53:12 - [TEST_CASE][FAILED] - Test Cases/1. get token - data order: Test Cases/1. get token - data order FAILED.
Reason:
com.kms.katalon.core.exception.StepFailedException: Expected element property value '9481015640' is not equal with actual property value '1154000993'
	at com.kms.katalon.core.keyword.internal.KeywordMain.stepFailed(KeywordMain.groovy:39)
	at com.kms.katalon.core.webservice.keyword.builtin.VerifyElementPropertyValueKeyword$_verifyElementPropertyValue_closure1.doCall(VerifyElementPropertyValueKeyword.groovy:56)
	at com.kms.katalon.core.webservice.keyword.builtin.VerifyElementPropertyValueKeyword$_verifyElementPropertyValue_closure1.call(VerifyElementPropertyValueKeyword.groovy)
	at com.kms.katalon.core.keyword.internal.KeywordMain.runKeyword(KeywordMain.groovy:74)
	at com.kms.katalon.core.webservice.keyword.builtin.VerifyElementPropertyValueKeyword.verifyElementPropertyValue(VerifyElementPropertyValueKeyword.groovy:48)
	at com.kms.katalon.core.webservice.keyword.builtin.VerifyElementPropertyValueKeyword.execute(VerifyElementPropertyValueKeyword.groovy:43)
	at com.kms.katalon.core.keyword.internal.KeywordExecutor.executeKeywordForPlatform(KeywordExecutor.groovy:74)
	at com.kms.katalon.core.webservice.keyword.WSBuiltInKeywords.verifyElementPropertyValue(WSBuiltInKeywords.groovy:175)
	at com.kms.katalon.core.webservice.keyword.WSBuiltInKeywords$verifyElementPropertyValue$0.call(Unknown Source)
	at 1. get token - data order.run(1. get token - data order:54)
	at com.kms.katalon.core.main.ScriptEngine.run(ScriptEngine.java:194)
	at com.kms.katalon.core.main.ScriptEngine.runScriptAsRawText(ScriptEngine.java:119)
	at com.kms.katalon.core.main.TestCaseExecutor.runScript(TestCaseExecutor.java:442)
	at com.kms.katalon.core.main.TestCaseExecutor.doExecute(TestCaseExecutor.java:433)
	at com.kms.katalon.core.main.TestCaseExecutor.processExecutionPhase(TestCaseExecutor.java:412)
	at com.kms.katalon.core.main.TestCaseExecutor.accessMainPhase(TestCaseExecutor.java:404)
	at com.kms.katalon.core.main.TestCaseExecutor.execute(TestCaseExecutor.java:281)
	at com.kms.katalon.core.main.TestSuiteExecutor.accessTestCaseMainPhase(TestSuiteExecutor.java:202)
	at com.kms.katalon.core.main.TestSuiteExecutor.accessTestSuiteMainPhase(TestSuiteExecutor.java:164)
	at com.kms.katalon.core.main.TestSuiteExecutor.execute(TestSuiteExecutor.java:105)
	at com.kms.katalon.core.main.TestCaseMain.startTestSuite(TestCaseMain.java:181)
	at com.kms.katalon.core.main.TestCaseMain$startTestSuite$0.call(Unknown Source)
	at TempTestSuite1648100878643.run(TempTestSuite1648100878643.groovy:36)]]></system-err>
      </testcase>
      <testcase name="Test Cases/1. get token - data order" time="4.842" classname="Test Cases/1. get token - data order" status="FAILED">
         <failure type="FAILED" message="Test Cases/1. get token - data order FAILED.
Reason:
com.kms.katalon.core.exception.StepFailedException: Expected element property value '9481015645' is not equal with actual property value '1154000993'
	at com.kms.katalon.core.keyword.internal.KeywordMain.stepFailed(KeywordMain.groovy:39)
	at com.kms.katalon.core.webservice.keyword.builtin.VerifyElementPropertyValueKeyword$_verifyElementPropertyValue_closure1.doCall(VerifyElementPropertyValueKeyword.groovy:56)
	at com.kms.katalon.core.webservice.keyword.builtin.VerifyElementPropertyValueKeyword$_verifyElementPropertyValue_closure1.call(VerifyElementPropertyValueKeyword.groovy)
	at com.kms.katalon.core.keyword.internal.KeywordMain.runKeyword(KeywordMain.groovy:74)
	at com.kms.katalon.core.webservice.keyword.builtin.VerifyElementPropertyValueKeyword.verifyElementPropertyValue(VerifyElementPropertyValueKeyword.groovy:48)
	at com.kms.katalon.core.webservice.keyword.builtin.VerifyElementPropertyValueKeyword.execute(VerifyElementPropertyValueKeyword.groovy:43)
	at com.kms.katalon.core.keyword.internal.KeywordExecutor.executeKeywordForPlatform(KeywordExecutor.groovy:74)
	at com.kms.katalon.core.webservice.keyword.WSBuiltInKeywords.verifyElementPropertyValue(WSBuiltInKeywords.groovy:175)
	at com.kms.katalon.core.webservice.keyword.WSBuiltInKeywords$verifyElementPropertyValue$0.call(Unknown Source)
	at 1. get token - data order.run(1. get token - data order:54)
	at com.kms.katalon.core.main.ScriptEngine.run(ScriptEngine.java:194)
	at com.kms.katalon.core.main.ScriptEngine.runScriptAsRawText(ScriptEngine.java:119)
	at com.kms.katalon.core.main.TestCaseExecutor.runScript(TestCaseExecutor.java:442)
	at com.kms.katalon.core.main.TestCaseExecutor.doExecute(TestCaseExecutor.java:433)
	at com.kms.katalon.core.main.TestCaseExecutor.processExecutionPhase(TestCaseExecutor.java:412)
	at com.kms.katalon.core.main.TestCaseExecutor.accessMainPhase(TestCaseExecutor.java:404)
	at com.kms.katalon.core.main.TestCaseExecutor.execute(TestCaseExecutor.java:281)
	at com.kms.katalon.core.main.TestSuiteExecutor.accessTestCaseMainPhase(TestSuiteExecutor.java:202)
	at com.kms.katalon.core.main.TestSuiteExecutor.accessTestSuiteMainPhase(TestSuiteExecutor.java:164)
	at com.kms.katalon.core.main.TestSuiteExecutor.execute(TestSuiteExecutor.java:105)
	at com.kms.katalon.core.main.TestCaseMain.startTestSuite(TestCaseMain.java:181)
	at com.kms.katalon.core.main.TestCaseMain$startTestSuite$0.call(Unknown Source)
	at TempTestSuite1648100878643.run(TempTestSuite1648100878643.groovy:36)
"/>
         <system-out><![CDATA[2022-03-24 12:54:27 - [TEST_CASE][FAILED] - Test Cases/1. get token - data order: Test Cases/1. get token - data order FAILED.
Reason:
com.kms.katalon.core.exception.StepFailedException: Expected element property value '9481015645' is not equal with actual property value '1154000993'
	at com.kms.katalon.core.keyword.internal.KeywordMain.stepFailed(KeywordMain.groovy:39)
	at com.kms.katalon.core.webservice.keyword.builtin.VerifyElementPropertyValueKeyword$_verifyElementPropertyValue_closure1.doCall(VerifyElementPropertyValueKeyword.groovy:56)
	at com.kms.katalon.core.webservice.keyword.builtin.VerifyElementPropertyValueKeyword$_verifyElementPropertyValue_closure1.call(VerifyElementPropertyValueKeyword.groovy)
	at com.kms.katalon.core.keyword.internal.KeywordMain.runKeyword(KeywordMain.groovy:74)
	at com.kms.katalon.core.webservice.keyword.builtin.VerifyElementPropertyValueKeyword.verifyElementPropertyValue(VerifyElementPropertyValueKeyword.groovy:48)
	at com.kms.katalon.core.webservice.keyword.builtin.VerifyElementPropertyValueKeyword.execute(VerifyElementPropertyValueKeyword.groovy:43)
	at com.kms.katalon.core.keyword.internal.KeywordExecutor.executeKeywordForPlatform(KeywordExecutor.groovy:74)
	at com.kms.katalon.core.webservice.keyword.WSBuiltInKeywords.verifyElementPropertyValue(WSBuiltInKeywords.groovy:175)
	at com.kms.katalon.core.webservice.keyword.WSBuiltInKeywords$verifyElementPropertyValue$0.call(Unknown Source)
	at 1. get token - data order.run(1. get token - data order:54)
	at com.kms.katalon.core.main.ScriptEngine.run(ScriptEngine.java:194)
	at com.kms.katalon.core.main.ScriptEngine.runScriptAsRawText(ScriptEngine.java:119)
	at com.kms.katalon.core.main.TestCaseExecutor.runScript(TestCaseExecutor.java:442)
	at com.kms.katalon.core.main.TestCaseExecutor.doExecute(TestCaseExecutor.java:433)
	at com.kms.katalon.core.main.TestCaseExecutor.processExecutionPhase(TestCaseExecutor.java:412)
	at com.kms.katalon.core.main.TestCaseExecutor.accessMainPhase(TestCaseExecutor.java:404)
	at com.kms.katalon.core.main.TestCaseExecutor.execute(TestCaseExecutor.java:281)
	at com.kms.katalon.core.main.TestSuiteExecutor.accessTestCaseMainPhase(TestSuiteExecutor.java:202)
	at com.kms.katalon.core.main.TestSuiteExecutor.accessTestSuiteMainPhase(TestSuiteExecutor.java:164)
	at com.kms.katalon.core.main.TestSuiteExecutor.execute(TestSuiteExecutor.java:105)
	at com.kms.katalon.core.main.TestCaseMain.startTestSuite(TestCaseMain.java:181)
	at com.kms.katalon.core.main.TestCaseMain$startTestSuite$0.call(Unknown Source)
	at TempTestSuite1648100878643.run(TempTestSuite1648100878643.groovy:36)


2022-03-24 12:54:28 - [TEST_STEP][PASSED] - token = sendRequest(findTestObject("1. Get-Token")): Send request successfully

2022-03-24 12:54:28 - [MESSAGE][INFO] - HAR: I:\app-testing\app-project\Order car insurance\order-car-insurance\Reports\20220324_124757\Get data order\20220324_124758\requests\main\51.har

2022-03-24 12:54:28 - [MESSAGE][PASSED] - Send request successfully

2022-03-24 12:54:28 - [TEST_STEP][PASSED] - slurper = new groovy.json.JsonSlurper(): null

2022-03-24 12:54:28 - [TEST_STEP][PASSED] - get_token = slurper.parseText(token.getResponseBodyContent()): null

2022-03-24 12:54:28 - [TEST_STEP][PASSED] - private_token = access_token: null

2022-03-24 12:54:28 - [TEST_STEP][PASSED] - global_token = private_token: null

2022-03-24 12:54:28 - [TEST_STEP][PASSED] - println("token is :" + global_token): null

2022-03-24 12:54:28 - [TEST_STEP][PASSED] - response_token = token.getResponseText(): null

2022-03-24 12:54:28 - [TEST_STEP][PASSED] - logInfo($response_token): 
            {
                "token_type": "BearerToken",
                "access_token": "dUzgUCyGA1MT0msH8cJvZPpsxN9f",
                "expires_in": "1799",
                "scope": ""
            }
        

2022-03-24 12:54:28 - [MESSAGE][INFO] - 
            {
                "token_type": "BearerToken",
                "access_token": "dUzgUCyGA1MT0msH8cJvZPpsxN9f",
                "expires_in": "1799",
                "scope": ""
            }
        

2022-03-24 12:54:28 - [TEST_STEP][PASSED] - order = sendRequest(findTestObject("3. Get-data-order", ["s_key":global_token, "c_id":c_id, "order_date":order_date, "page":page, "rows":rows])): Send request successfully

2022-03-24 12:54:29 - [MESSAGE][INFO] - HAR: I:\app-testing\app-project\Order car insurance\order-car-insurance\Reports\20220324_124757\Get data order\20220324_124758\requests\main\52.har

2022-03-24 12:54:29 - [MESSAGE][PASSED] - Send request successfully

2022-03-24 12:54:29 - [TEST_STEP][PASSED] - get_order = order.getResponseText(): null

2022-03-24 12:54:29 - [TEST_STEP][PASSED] - markPassed("data ke : " + no): data ke : 18

2022-03-24 12:54:29 - [MESSAGE][PASSED] - data ke : 18

2022-03-24 12:54:29 - [TEST_STEP][PASSED] - verifyElementPropertyValue(order, "GetDataOrderResponse.ListDataOrder[0].TipeOrder", o_tipeorder, CONTINUE_ON_FAILURE): Verify element property value successfully

2022-03-24 12:54:29 - [MESSAGE][PASSED] - Verify element property value successfully

2022-03-24 12:54:29 - [TEST_STEP][PASSED] - verifyElementPropertyValue(order, "GetDataOrderResponse.ListDataOrder[0].BatchID", o_batchid, CONTINUE_ON_FAILURE): Verify element property value successfully

2022-03-24 12:54:29 - [MESSAGE][PASSED] - Verify element property value successfully

2022-03-24 12:54:29 - [TEST_STEP][FAILED] - verifyElementPropertyValue(order, "GetDataOrderResponse.ListDataOrder[0].NoRek", o_norek, CONTINUE_ON_FAILURE): Expected element property value '9481015645' is not equal with actual property value '1154000993'

2022-03-24 12:54:29 - [MESSAGE][FAILED] - Expected element property value '9481015645' is not equal with actual property value '1154000993'

2022-03-24 12:54:29 - [TEST_STEP][PASSED] - verifyElementPropertyValue(order, "GetDataOrderResponse.ListDataOrder[0].NoPin", o_nopin, CONTINUE_ON_FAILURE): Verify element property value successfully

2022-03-24 12:54:29 - [MESSAGE][PASSED] - Verify element property value successfully

2022-03-24 12:54:29 - [TEST_STEP][PASSED] - verifyElementPropertyValue(order, "GetDataOrderResponse.ListDataOrder[0].CustName", o_custname, CONTINUE_ON_FAILURE): Verify element property value successfully

2022-03-24 12:54:29 - [MESSAGE][PASSED] - Verify element property value successfully

2022-03-24 12:54:29 - [TEST_STEP][PASSED] - verifyElementPropertyValue(order, "GetDataOrderResponse.ListDataOrder[0].Pemohon", o_pemohon, CONTINUE_ON_FAILURE): Verify element property value successfully

2022-03-24 12:54:29 - [MESSAGE][PASSED] - Verify element property value successfully

2022-03-24 12:54:29 - [TEST_STEP][FAILED] - verifyElementPropertyValue(order, "GetDataOrderResponse.ListDataOrder[0].HargaPembelian", o_otr, CONTINUE_ON_FAILURE): Expected element property value '190000000.00' is not equal with actual property value '360000000.00'

2022-03-24 12:54:29 - [MESSAGE][FAILED] - Expected element property value '190000000.00' is not equal with actual property value '360000000.00'

2022-03-24 12:54:29 - [TEST_STEP][FAILED] - verifyElementPropertyValue(order, "GetDataOrderResponse.ListDataOrder[0].Cabang", o_branchid, CONTINUE_ON_FAILURE): Expected element property value '9481' is not equal with actual property value '1154'

2022-03-24 12:54:29 - [MESSAGE][FAILED] - Expected element property value '9481' is not equal with actual property value '1154'

2022-03-24 12:54:29 - [TEST_STEP][FAILED] - verifyElementPropertyValue(order, "GetDataOrderResponse.ListDataOrder[0].MerkID", o_merk, CONTINUE_ON_FAILURE): Expected element property value 'HON' is not equal with actual property value 'TYT'

2022-03-24 12:54:29 - [MESSAGE][FAILED] - Expected element property value 'HON' is not equal with actual property value 'TYT'

2022-03-24 12:54:29 - [TEST_STEP][FAILED] - verifyElementPropertyValue(order, "GetDataOrderResponse.ListDataOrder[0].TypeMobil", o_type, CONTINUE_ON_FAILURE): Expected element property value 'JAZZ GK5 1.5 S CVT' is not equal with actual property value 'INNOVA VENTURER 2.0 AT'

2022-03-24 12:54:29 - [MESSAGE][FAILED] - Expected element property value 'JAZZ GK5 1.5 S CVT' is not equal with actual property value 'INNOVA VENTURER 2.0 AT'

2022-03-24 12:54:29 - [TEST_STEP][PASSED] - verifyElementPropertyValue(order, "GetDataOrderResponse.ListDataOrder[0].JenisMobil", o_jenis, CONTINUE_ON_FAILURE): Verify element property value successfully

2022-03-24 12:54:29 - [MESSAGE][PASSED] - Verify element property value successfully

2022-03-24 12:54:29 - [TEST_STEP][PASSED] - verifyElementPropertyValue(order, "GetDataOrderResponse.ListDataOrder[0].TahunMobil", o_tahun, CONTINUE_ON_FAILURE): Verify element property value successfully

2022-03-24 12:54:29 - [MESSAGE][PASSED] - Verify element property value successfully

2022-03-24 12:54:29 - [TEST_STEP][FAILED] - verifyElementPropertyValue(order, "GetDataOrderResponse.ListDataOrder[0].Warna", o_warna, CONTINUE_ON_FAILURE): Expected element property value 'PUTIH ORCHID MUTIARA' is not equal with actual property value 'PUTIH'

2022-03-24 12:54:29 - [MESSAGE][FAILED] - Expected element property value 'PUTIH ORCHID MUTIARA' is not equal with actual property value 'PUTIH'

2022-03-24 12:54:29 - [TEST_STEP][FAILED] - verifyElementPropertyValue(order, "GetDataOrderResponse.ListDataOrder[0].NoRangka", o_norangka, CONTINUE_ON_FAILURE): Expected element property value 'MHRGK5850HJ800035' is not equal with actual property value 'MHFAW8EM4H0206354'

2022-03-24 12:54:29 - [MESSAGE][FAILED] - Expected element property value 'MHRGK5850HJ800035' is not equal with actual property value 'MHFAW8EM4H0206354'

2022-03-24 12:54:29 - [TEST_STEP][FAILED] - verifyElementPropertyValue(order, "GetDataOrderResponse.ListDataOrder[0].NoMesin", o_nomesin, CONTINUE_ON_FAILURE): Expected element property value 'L15Z51230242' is not equal with actual property value '1TRA295932'

2022-03-24 12:54:29 - [MESSAGE][FAILED] - Expected element property value 'L15Z51230242' is not equal with actual property value '1TRA295932'

2022-03-24 12:54:29 - [TEST_STEP][FAILED] - verifyElementPropertyValue(order, "GetDataOrderResponse.ListDataOrder[0].NoPolisi", o_nopol, CONTINUE_ON_FAILURE): Expected element property value 'L 1962 BG ' is not equal with actual property value 'B 2726 BOM'

2022-03-24 12:54:29 - [MESSAGE][FAILED] - Expected element property value 'L 1962 BG ' is not equal with actual property value 'B 2726 BOM'

2022-03-24 12:54:29 - [TEST_STEP][FAILED] - verifyElementPropertyValue(order, "GetDataOrderResponse.ListDataOrder[0].NamaBPKB", o_namabpkb, CONTINUE_ON_FAILURE): Expected element property value 'ERNIE MADURATNA SETIAWATIE, DR, DRG, M.KES,SP PERIO' is not equal with actual property value 'PT AUTORENT LANCAR S'

2022-03-24 12:54:29 - [MESSAGE][FAILED] - Expected element property value 'ERNIE MADURATNA SETIAWATIE, DR, DRG, M.KES,SP PERIO' is not equal with actual property value 'PT AUTORENT LANCAR S'

2022-03-24 12:54:29 - [TEST_STEP][FAILED] - verifyElementPropertyValue(order, "GetDataOrderResponse.ListDataOrder[0].KategoriMobil", o_kategori, CONTINUE_ON_FAILURE): Expected element property value '3 ' is not equal with actual property value '14'

2022-03-24 12:54:29 - [MESSAGE][FAILED] - Expected element property value '3 ' is not equal with actual property value '14'

2022-03-24 12:54:29 - [TEST_STEP][PASSED] - verifyElementPropertyValue(order, "GetDataOrderResponse.ListDataOrder[0].PenggunaanKendaraan", o_purpose, CONTINUE_ON_FAILURE): Verify element property value successfully

2022-03-24 12:54:29 - [MESSAGE][PASSED] - Verify element property value successfully

2022-03-24 12:54:29 - [TEST_STEP][PASSED] - verifyElementPropertyValue(order, "GetDataOrderResponse.ListDataOrder[0].Kondisi", o_kondisi, CONTINUE_ON_FAILURE): Verify element property value successfully

2022-03-24 12:54:29 - [MESSAGE][PASSED] - Verify element property value successfully

2022-03-24 12:54:29 - [TEST_STEP][PASSED] - verifyElementPropertyValue(order, "GetDataOrderResponse.ListDataOrder[0].Accessories1", o_acc1, CONTINUE_ON_FAILURE): Verify element property value successfully

2022-03-24 12:54:29 - [MESSAGE][PASSED] - Verify element property value successfully

2022-03-24 12:54:29 - [TEST_STEP][PASSED] - verifyElementPropertyValue(order, "GetDataOrderResponse.ListDataOrder[0].Accessories2", o_acc2, CONTINUE_ON_FAILURE): Verify element property value successfully

2022-03-24 12:54:29 - [MESSAGE][PASSED] - Verify element property value successfully

2022-03-24 12:54:29 - [TEST_STEP][PASSED] - verifyElementPropertyValue(order, "GetDataOrderResponse.ListDataOrder[0].Accessories3", o_acc3, CONTINUE_ON_FAILURE): Verify element property value successfully

2022-03-24 12:54:29 - [MESSAGE][PASSED] - Verify element property value successfully

2022-03-24 12:54:29 - [TEST_STEP][PASSED] - verifyElementPropertyValue(order, "GetDataOrderResponse.ListDataOrder[0].Accessories4", o_acc4, CONTINUE_ON_FAILURE): Verify element property value successfully

2022-03-24 12:54:29 - [MESSAGE][PASSED] - Verify element property value successfully

2022-03-24 12:54:29 - [TEST_STEP][PASSED] - verifyElementPropertyValue(order, "GetDataOrderResponse.ListDataOrder[0].Accessories5", o_acc5, CONTINUE_ON_FAILURE): Verify element property value successfully

2022-03-24 12:54:29 - [MESSAGE][PASSED] - Verify element property value successfully

2022-03-24 12:54:29 - [TEST_STEP][PASSED] - verifyElementPropertyValue(order, "GetDataOrderResponse.ListDataOrder[0].HargaAccessories1", o_harga_acc1, CONTINUE_ON_FAILURE): Verify element property value successfully

2022-03-24 12:54:29 - [MESSAGE][PASSED] - Verify element property value successfully

2022-03-24 12:54:29 - [TEST_STEP][PASSED] - verifyElementPropertyValue(order, "GetDataOrderResponse.ListDataOrder[0].HargaAccessories2", o_harga_acc2, CONTINUE_ON_FAILURE): Verify element property value successfully

2022-03-24 12:54:29 - [MESSAGE][PASSED] - Verify element property value successfully

2022-03-24 12:54:29 - [TEST_STEP][PASSED] - verifyElementPropertyValue(order, "GetDataOrderResponse.ListDataOrder[0].HargaAccessories3", o_harga_acc3, CONTINUE_ON_FAILURE): Verify element property value successfully

2022-03-24 12:54:29 - [MESSAGE][PASSED] - Verify element property value successfully

2022-03-24 12:54:29 - [TEST_STEP][PASSED] - verifyElementPropertyValue(order, "GetDataOrderResponse.ListDataOrder[0].HargaAccessories4", o_harga_acc4, CONTINUE_ON_FAILURE): Verify element property value successfully

2022-03-24 12:54:30 - [MESSAGE][PASSED] - Verify element property value successfully

2022-03-24 12:54:30 - [TEST_STEP][PASSED] - verifyElementPropertyValue(order, "GetDataOrderResponse.ListDataOrder[0].HargaAccessories5", o_harga_acc5, CONTINUE_ON_FAILURE): Verify element property value successfully

2022-03-24 12:54:30 - [MESSAGE][PASSED] - Verify element property value successfully

2022-03-24 12:54:30 - [TEST_STEP][PASSED] - verifyElementPropertyValue(order, "GetDataOrderResponse.ListDataOrder[0].OverKredit", o_overkredit, CONTINUE_ON_FAILURE): Verify element property value successfully

2022-03-24 12:54:30 - [MESSAGE][PASSED] - Verify element property value successfully

2022-03-24 12:54:30 - [TEST_STEP][PASSED] - verifyElementPropertyValue(order, "GetDataOrderResponse.ListDataOrder[0].Restructure", o_restructure, CONTINUE_ON_FAILURE): Verify element property value successfully

2022-03-24 12:54:30 - [MESSAGE][PASSED] - Verify element property value successfully

2022-03-24 12:54:30 - [TEST_STEP][PASSED] - verifyElementPropertyValue(order, "GetDataOrderResponse.ListDataOrder[0].NoPolisLama", o_nopol_lama, CONTINUE_ON_FAILURE): Verify element property value successfully

2022-03-24 12:54:30 - [MESSAGE][PASSED] - Verify element property value successfully

2022-03-24 12:54:30 - [TEST_STEP][PASSED] - verifyElementPropertyValue(order, "GetDataOrderResponse.ListDataOrder[0].MailAddress", o_mail_addr, CONTINUE_ON_FAILURE): Verify element property value successfully

2022-03-24 12:54:30 - [MESSAGE][PASSED] - Verify element property value successfully

2022-03-24 12:54:30 - [TEST_STEP][PASSED] - verifyElementPropertyValue(order, "GetDataOrderResponse.ListDataOrder[0].KabKodya", o_kab_kodya, CONTINUE_ON_FAILURE): Verify element property value successfully

2022-03-24 12:54:30 - [MESSAGE][PASSED] - Verify element property value successfully

2022-03-24 12:54:30 - [TEST_STEP][FAILED] - verifyElementPropertyValue(order, "GetDataOrderResponse.ListDataOrder[0].PostalCode", o_postal_code, CONTINUE_ON_FAILURE): Expected element property value '61162' is not equal with actual property value '12610'

2022-03-24 12:54:30 - [MESSAGE][FAILED] - Expected element property value '61162' is not equal with actual property value '12610'

2022-03-24 12:54:30 - [TEST_STEP][PASSED] - verifyElementPropertyValue(order, "GetDataOrderResponse.ListDataOrder[0].PaketMobil", o_packet, CONTINUE_ON_FAILURE): Verify element property value successfully

2022-03-24 12:54:30 - [MESSAGE][PASSED] - Verify element property value successfully

2022-03-24 12:54:30 - [TEST_STEP][PASSED] - verifyElementPropertyValue(order, "GetDataOrderResponse.ListDataOrder[0].CustType", o_cust_type, CONTINUE_ON_FAILURE): Verify element property value successfully

2022-03-24 12:54:30 - [MESSAGE][PASSED] - Verify element property value successfully

2022-03-24 12:54:30 - [TEST_STEP][FAILED] - verifyElementPropertyValue(order, "GetDataOrderResponse.ListDataOrder[0].IdentityNo", o_nik, CONTINUE_ON_FAILURE): Expected element property value 'SCRAMBLE' is not equal with actual property value '09.5307.120661.7004'

2022-03-24 12:54:30 - [MESSAGE][FAILED] - Expected element property value 'SCRAMBLE' is not equal with actual property value '09.5307.120661.7004'

2022-03-24 12:54:30 - [TEST_STEP][PASSED] - verifyElementPropertyValue(order, "GetDataOrderResponse.ListDataOrder[0].BirthPlace", o_birth_place, CONTINUE_ON_FAILURE): Verify element property value successfully

2022-03-24 12:54:30 - [MESSAGE][PASSED] - Verify element property value successfully

2022-03-24 12:54:30 - [TEST_STEP][FAILED] - verifyElementPropertyValue(order, "GetDataOrderResponse.ListDataOrder[0].BirthDate", o_birth_date, CONTINUE_ON_FAILURE): Expected element property value '20220212' is not equal with actual property value '19610612'

2022-03-24 12:54:30 - [MESSAGE][FAILED] - Expected element property value '20220212' is not equal with actual property value '19610612'

2022-03-24 12:54:30 - [TEST_STEP][PASSED] - verifyElementPropertyValue(order, "GetDataOrderResponse.ListDataOrder[0].Occupation", o_occp, CONTINUE_ON_FAILURE): Verify element property value successfully

2022-03-24 12:54:30 - [MESSAGE][PASSED] - Verify element property value successfully

2022-03-24 12:54:30 - [TEST_STEP][PASSED] - verifyElementPropertyValue(order, "GetDataOrderResponse.ListDataOrder[0].AlamatKTP", o_ktp_addr, CONTINUE_ON_FAILURE): Verify element property value successfully

2022-03-24 12:54:30 - [MESSAGE][PASSED] - Verify element property value successfully

2022-03-24 12:54:30 - [TEST_STEP][PASSED] - verifyElementPropertyValue(order, "GetDataOrderResponse.ListDataOrder[0].KelurahanKTP", o_ktp_kel, CONTINUE_ON_FAILURE): Verify element property value successfully

2022-03-24 12:54:30 - [MESSAGE][PASSED] - Verify element property value successfully

2022-03-24 12:54:30 - [TEST_STEP][PASSED] - verifyElementPropertyValue(order, "GetDataOrderResponse.ListDataOrder[0].KecamatanKTP", o_ktp_kec, CONTINUE_ON_FAILURE): Verify element property value successfully

2022-03-24 12:54:30 - [MESSAGE][PASSED] - Verify element property value successfully

2022-03-24 12:54:30 - [TEST_STEP][PASSED] - verifyElementPropertyValue(order, "GetDataOrderResponse.ListDataOrder[0].KabKodyaKTP", o_ktp_kabkodya, CONTINUE_ON_FAILURE): Verify element property value successfully

2022-03-24 12:54:30 - [MESSAGE][PASSED] - Verify element property value successfully

2022-03-24 12:54:30 - [TEST_STEP][PASSED] - verifyElementPropertyValue(order, "GetDataOrderResponse.ListDataOrder[0].ProvinsiKTP", o_ktp_prov, CONTINUE_ON_FAILURE): Verify element property value successfully

2022-03-24 12:54:30 - [MESSAGE][PASSED] - Verify element property value successfully

2022-03-24 12:54:30 - [TEST_STEP][FAILED] - verifyElementPropertyValue(order, "GetDataOrderResponse.ListDataOrder[0].PostalCodeKTP", o_ktp_postal_code, CONTINUE_ON_FAILURE): Expected element property value '61162' is not equal with actual property value '12610'

2022-03-24 12:54:30 - [MESSAGE][FAILED] - Expected element property value '61162' is not equal with actual property value '12610'

2022-03-24 12:54:30 - [TEST_STEP][FAILED] - verifyElementPropertyValue(order, "GetDataOrderResponse.ListDataOrder[0].DealerName", o_ktp_dealer_name, CONTINUE_ON_FAILURE): Expected element property value 'VCRS Motor DTC' is not equal with actual property value '21 Auto Cars'

2022-03-24 12:54:30 - [MESSAGE][FAILED] - Expected element property value 'VCRS Motor DTC' is not equal with actual property value '21 Auto Cars'

2022-03-24 12:54:30 - [TEST_STEP][FAILED] - switch (tenor): null

2022-03-24 12:54:30 - [TEST_STEP][FAILED] - case "4":: null

2022-03-24 12:54:30 - [TEST_STEP][PASSED] - order2 = sendRequest(findTestObject("3. Get-data-order", ["s_key":global_token, "c_id":c_id, "order_date":order_date, "page":page, "rows":rows])): Send request successfully

2022-03-24 12:54:31 - [MESSAGE][INFO] - HAR: I:\app-testing\app-project\Order car insurance\order-car-insurance\Reports\20220324_124757\Get data order\20220324_124758\requests\main\53.har

2022-03-24 12:54:31 - [MESSAGE][PASSED] - Send request successfully

2022-03-24 12:54:31 - [TEST_STEP][PASSED] - get_order2 = order.getResponseText(): null

2022-03-24 12:54:31 - [TEST_STEP][FAILED] - verifyElementPropertyValue(order, "GetDataOrderResponse.ListDataOrder[0].InsuranceData[0].KondisiPertanggungan", o_kond_pertanggungan_0, CONTINUE_ON_FAILURE): Expected element property value ' ' is not equal with actual property value ''

2022-03-24 12:54:31 - [MESSAGE][FAILED] - Expected element property value ' ' is not equal with actual property value ''

2022-03-24 12:54:31 - [TEST_STEP][PASSED] - verifyElementPropertyValue(order, "GetDataOrderResponse.ListDataOrder[0].InsuranceData[0].TJH", o_tjh_header_0, CONTINUE_ON_FAILURE): Verify element property value successfully

2022-03-24 12:54:31 - [MESSAGE][PASSED] - Verify element property value successfully

2022-03-24 12:54:31 - [TEST_STEP][FAILED] - verifyElementPropertyValue(order, "GetDataOrderResponse.ListDataOrder[0].InsuranceData[0].InsuredValue", o_ins_val_0, CONTINUE_ON_FAILURE): Expected element property value '190000000.00' is not equal with actual property value '360000000.00'

2022-03-24 12:54:31 - [MESSAGE][FAILED] - Expected element property value '190000000.00' is not equal with actual property value '360000000.00'

2022-03-24 12:54:31 - [TEST_STEP][PASSED] - verifyElementPropertyValue(order, "GetDataOrderResponse.ListDataOrder[0].InsuranceData[0].InsuredFrom", o_ins_form_0, CONTINUE_ON_FAILURE): Verify element property value successfully

2022-03-24 12:54:31 - [MESSAGE][PASSED] - Verify element property value successfully

2022-03-24 12:54:31 - [TEST_STEP][PASSED] - verifyElementPropertyValue(order, "GetDataOrderResponse.ListDataOrder[0].InsuranceData[0].InsuredTo", o_ins_to_0, CONTINUE_ON_FAILURE): Verify element property value successfully

2022-03-24 12:54:31 - [MESSAGE][PASSED] - Verify element property value successfully

2022-03-24 12:54:31 - [TEST_STEP][FAILED] - verifyElementPropertyValue(order, "GetDataOrderResponse.ListDataOrder[0].InsuranceData[0].Rate", o_rate_0, CONTINUE_ON_FAILURE): Expected element property value '0.3212' is not equal with actual property value '1.5184'

2022-03-24 12:54:31 - [MESSAGE][FAILED] - Expected element property value '0.3212' is not equal with actual property value '1.5184'

2022-03-24 12:54:31 - [TEST_STEP][FAILED] - verifyElementPropertyValue(order, "GetDataOrderResponse.ListDataOrder[0].InsuranceData[0].GrossPremi", o_gross_premi_0, CONTINUE_ON_FAILURE): Expected element property value '610280.00' is not equal with actual property value '5466240.00'

2022-03-24 12:54:31 - [MESSAGE][FAILED] - Expected element property value '610280.00' is not equal with actual property value '5466240.00'

2022-03-24 12:54:31 - [TEST_STEP][PASSED] - verifyElementPropertyValue(order, "GetDataOrderResponse.ListDataOrder[0].InsuranceData[0].Discount", o_discount_0, CONTINUE_ON_FAILURE): Verify element property value successfully

2022-03-24 12:54:31 - [MESSAGE][PASSED] - Verify element property value successfully

2022-03-24 12:54:31 - [TEST_STEP][PASSED] - verifyElementPropertyValue(order, "GetDataOrderResponse.ListDataOrder[0].InsuranceData[0].Adm", o_adm_0, CONTINUE_ON_FAILURE): Verify element property value successfully

2022-03-24 12:54:31 - [MESSAGE][PASSED] - Verify element property value successfully

2022-03-24 12:54:31 - [TEST_STEP][FAILED] - verifyElementPropertyValue(order, "GetDataOrderResponse.ListDataOrder[0].InsuranceData[0].NetPremi", o_netpremi_0, CONTINUE_ON_FAILURE): Expected element property value '610280.00' is not equal with actual property value '5466240.00'

2022-03-24 12:54:31 - [MESSAGE][FAILED] - Expected element property value '610280.00' is not equal with actual property value '5466240.00'

2022-03-24 12:54:31 - [TEST_STEP][PASSED] - verifyElementPropertyValue(order, "GetDataOrderResponse.ListDataOrder[0].InsuranceData[0].PerluasanJaminan.TJH", o_tjh_val_0, CONTINUE_ON_FAILURE): Verify element property value successfully

2022-03-24 12:54:31 - [MESSAGE][PASSED] - Verify element property value successfully

2022-03-24 12:54:31 - [TEST_STEP][PASSED] - verifyElementPropertyValue(order, "GetDataOrderResponse.ListDataOrder[0].InsuranceData[0].PerluasanJaminan.RSCC", o_rscc_val_0, CONTINUE_ON_FAILURE): Verify element property value successfully

2022-03-24 12:54:31 - [MESSAGE][PASSED] - Verify element property value successfully

2022-03-24 12:54:31 - [TEST_STEP][PASSED] - verifyElementPropertyValue(order, "GetDataOrderResponse.ListDataOrder[0].InsuranceData[0].PerluasanJaminan.Banjir", o_rsmb_val_0, CONTINUE_ON_FAILURE): Verify element property value successfully

2022-03-24 12:54:31 - [MESSAGE][PASSED] - Verify element property value successfully

2022-03-24 12:54:31 - [TEST_STEP][PASSED] - verifyElementPropertyValue(order, "GetDataOrderResponse.ListDataOrder[0].InsuranceData[0].PerluasanJaminan.Accessories", o_acc_val_0, CONTINUE_ON_FAILURE): Verify element property value successfully

2022-03-24 12:54:31 - [MESSAGE][PASSED] - Verify element property value successfully

2022-03-24 12:54:31 - [TEST_STEP][PASSED] - verifyElementPropertyValue(order, "GetDataOrderResponse.ListDataOrder[0].InsuranceData[1].KondisiPertanggungan", o_kond_pertanggungan_1, CONTINUE_ON_FAILURE): Verify element property value successfully

2022-03-24 12:54:31 - [MESSAGE][PASSED] - Verify element property value successfully

2022-03-24 12:54:31 - [TEST_STEP][PASSED] - verifyElementPropertyValue(order, "GetDataOrderResponse.ListDataOrder[0].InsuranceData[1].TJH", o_tjh_header_1, CONTINUE_ON_FAILURE): Verify element property value successfully

2022-03-24 12:54:31 - [MESSAGE][PASSED] - Verify element property value successfully

2022-03-24 12:54:31 - [TEST_STEP][FAILED] - verifyElementPropertyValue(order, "GetDataOrderResponse.ListDataOrder[0].InsuranceData[1].InsuredValue", o_ins_val_1, CONTINUE_ON_FAILURE): Expected element property value '190000000.00' is not equal with actual property value '360000000.00'

2022-03-24 12:54:31 - [MESSAGE][FAILED] - Expected element property value '190000000.00' is not equal with actual property value '360000000.00'

2022-03-24 12:54:31 - [TEST_STEP][PASSED] - verifyElementPropertyValue(order, "GetDataOrderResponse.ListDataOrder[0].InsuranceData[1].InsuredFrom", o_ins_form_1, CONTINUE_ON_FAILURE): Verify element property value successfully

2022-03-24 12:54:31 - [MESSAGE][PASSED] - Verify element property value successfully

2022-03-24 12:54:31 - [TEST_STEP][PASSED] - verifyElementPropertyValue(order, "GetDataOrderResponse.ListDataOrder[0].InsuranceData[1].InsuredTo", o_ins_to_1, CONTINUE_ON_FAILURE): Verify element property value successfully

2022-03-24 12:54:31 - [MESSAGE][PASSED] - Verify element property value successfully

2022-03-24 12:54:31 - [TEST_STEP][FAILED] - verifyElementPropertyValue(order, "GetDataOrderResponse.ListDataOrder[0].InsuranceData[1].Rate", o_rate_1, CONTINUE_ON_FAILURE): Expected element property value '0.3212' is not equal with actual property value '0.2774'

2022-03-24 12:54:31 - [MESSAGE][FAILED] - Expected element property value '0.3212' is not equal with actual property value '0.2774'

2022-03-24 12:54:31 - [TEST_STEP][FAILED] - verifyElementPropertyValue(order, "GetDataOrderResponse.ListDataOrder[0].InsuranceData[1].GrossPremi", o_gross_premi_1, CONTINUE_ON_FAILURE): Expected element property value '610280.00' is not equal with actual property value '998640.00'

2022-03-24 12:54:31 - [MESSAGE][FAILED] - Expected element property value '610280.00' is not equal with actual property value '998640.00'

2022-03-24 12:54:31 - [TEST_STEP][PASSED] - verifyElementPropertyValue(order, "GetDataOrderResponse.ListDataOrder[0].InsuranceData[1].Discount", o_discount_1, CONTINUE_ON_FAILURE): Verify element property value successfully

2022-03-24 12:54:31 - [MESSAGE][PASSED] - Verify element property value successfully

2022-03-24 12:54:31 - [TEST_STEP][PASSED] - verifyElementPropertyValue(order, "GetDataOrderResponse.ListDataOrder[0].InsuranceData[1].Adm", o_adm_1, CONTINUE_ON_FAILURE): Verify element property value successfully

2022-03-24 12:54:31 - [MESSAGE][PASSED] - Verify element property value successfully

2022-03-24 12:54:31 - [TEST_STEP][FAILED] - verifyElementPropertyValue(order, "GetDataOrderResponse.ListDataOrder[0].InsuranceData[1].NetPremi", o_netpremi_1, CONTINUE_ON_FAILURE): Expected element property value '610280.00' is not equal with actual property value '998640.00'

2022-03-24 12:54:31 - [MESSAGE][FAILED] - Expected element property value '610280.00' is not equal with actual property value '998640.00'

2022-03-24 12:54:31 - [TEST_STEP][PASSED] - verifyElementPropertyValue(order, "GetDataOrderResponse.ListDataOrder[0].InsuranceData[1].PerluasanJaminan.TJH", o_tjh_val_1, CONTINUE_ON_FAILURE): Verify element property value successfully

2022-03-24 12:54:31 - [MESSAGE][PASSED] - Verify element property value successfully

2022-03-24 12:54:31 - [TEST_STEP][PASSED] - verifyElementPropertyValue(order, "GetDataOrderResponse.ListDataOrder[0].InsuranceData[1].PerluasanJaminan.RSCC", o_rscc_val_1, CONTINUE_ON_FAILURE): Verify element property value successfully

2022-03-24 12:54:31 - [MESSAGE][PASSED] - Verify element property value successfully

2022-03-24 12:54:31 - [TEST_STEP][PASSED] - verifyElementPropertyValue(order, "GetDataOrderResponse.ListDataOrder[0].InsuranceData[1].PerluasanJaminan.Banjir", o_rsmb_val_1, CONTINUE_ON_FAILURE): Verify element property value successfully

2022-03-24 12:54:31 - [MESSAGE][PASSED] - Verify element property value successfully

2022-03-24 12:54:31 - [TEST_STEP][PASSED] - verifyElementPropertyValue(order, "GetDataOrderResponse.ListDataOrder[0].InsuranceData[1].PerluasanJaminan.Accessories", o_acc_val_1, CONTINUE_ON_FAILURE): Verify element property value successfully

2022-03-24 12:54:31 - [MESSAGE][PASSED] - Verify element property value successfully

2022-03-24 12:54:31 - [TEST_STEP][PASSED] - verifyElementPropertyValue(order, "GetDataOrderResponse.ListDataOrder[0].InsuranceData[2].KondisiPertanggungan", o_kond_pertanggungan_2, CONTINUE_ON_FAILURE): Verify element property value successfully

2022-03-24 12:54:31 - [MESSAGE][PASSED] - Verify element property value successfully

2022-03-24 12:54:31 - [TEST_STEP][PASSED] - verifyElementPropertyValue(order, "GetDataOrderResponse.ListDataOrder[0].InsuranceData[2].TJH", o_tjh_header_2, CONTINUE_ON_FAILURE): Verify element property value successfully

2022-03-24 12:54:31 - [MESSAGE][PASSED] - Verify element property value successfully

2022-03-24 12:54:31 - [TEST_STEP][FAILED] - verifyElementPropertyValue(order, "GetDataOrderResponse.ListDataOrder[0].InsuranceData[2].InsuredValue", o_ins_val_2, CONTINUE_ON_FAILURE): Expected element property value '190000000.00' is not equal with actual property value '360000000.00'

2022-03-24 12:54:31 - [MESSAGE][FAILED] - Expected element property value '190000000.00' is not equal with actual property value '360000000.00'

2022-03-24 12:54:31 - [TEST_STEP][PASSED] - verifyElementPropertyValue(order, "GetDataOrderResponse.ListDataOrder[0].InsuranceData[2].InsuredFrom", o_ins_form_2, CONTINUE_ON_FAILURE): Verify element property value successfully

2022-03-24 12:54:31 - [MESSAGE][PASSED] - Verify element property value successfully

2022-03-24 12:54:31 - [TEST_STEP][PASSED] - verifyElementPropertyValue(order, "GetDataOrderResponse.ListDataOrder[0].InsuranceData[2].InsuredTo", o_ins_to_2, CONTINUE_ON_FAILURE): Verify element property value successfully

2022-03-24 12:54:32 - [MESSAGE][PASSED] - Verify element property value successfully

2022-03-24 12:54:32 - [TEST_STEP][FAILED] - verifyElementPropertyValue(order, "GetDataOrderResponse.ListDataOrder[0].InsuranceData[2].Rate", o_rate_2, CONTINUE_ON_FAILURE): Expected element property value '0.3212' is not equal with actual property value '0.2774'

2022-03-24 12:54:32 - [MESSAGE][FAILED] - Expected element property value '0.3212' is not equal with actual property value '0.2774'

2022-03-24 12:54:32 - [TEST_STEP][FAILED] - verifyElementPropertyValue(order, "GetDataOrderResponse.ListDataOrder[0].InsuranceData[2].GrossPremi", o_gross_premi_2, CONTINUE_ON_FAILURE): Expected element property value '610280.00' is not equal with actual property value '998640.00'

2022-03-24 12:54:32 - [MESSAGE][FAILED] - Expected element property value '610280.00' is not equal with actual property value '998640.00'

2022-03-24 12:54:32 - [TEST_STEP][PASSED] - verifyElementPropertyValue(order, "GetDataOrderResponse.ListDataOrder[0].InsuranceData[2].Discount", o_discount_2, CONTINUE_ON_FAILURE): Verify element property value successfully

2022-03-24 12:54:32 - [MESSAGE][PASSED] - Verify element property value successfully

2022-03-24 12:54:32 - [TEST_STEP][PASSED] - verifyElementPropertyValue(order, "GetDataOrderResponse.ListDataOrder[0].InsuranceData[2].Adm", o_adm_2, CONTINUE_ON_FAILURE): Verify element property value successfully

2022-03-24 12:54:32 - [MESSAGE][PASSED] - Verify element property value successfully

2022-03-24 12:54:32 - [TEST_STEP][FAILED] - verifyElementPropertyValue(order, "GetDataOrderResponse.ListDataOrder[0].InsuranceData[2].NetPremi", o_netpremi_2, CONTINUE_ON_FAILURE): Expected element property value '610280.00' is not equal with actual property value '998640.00'

2022-03-24 12:54:32 - [MESSAGE][FAILED] - Expected element property value '610280.00' is not equal with actual property value '998640.00'

2022-03-24 12:54:32 - [TEST_STEP][PASSED] - verifyElementPropertyValue(order, "GetDataOrderResponse.ListDataOrder[0].InsuranceData[2].PerluasanJaminan.TJH", o_tjh_val_2, CONTINUE_ON_FAILURE): Verify element property value successfully

2022-03-24 12:54:32 - [MESSAGE][PASSED] - Verify element property value successfully

2022-03-24 12:54:32 - [TEST_STEP][PASSED] - verifyElementPropertyValue(order, "GetDataOrderResponse.ListDataOrder[0].InsuranceData[2].PerluasanJaminan.RSCC", o_rscc_val_2, CONTINUE_ON_FAILURE): Verify element property value successfully

2022-03-24 12:54:32 - [MESSAGE][PASSED] - Verify element property value successfully

2022-03-24 12:54:32 - [TEST_STEP][PASSED] - verifyElementPropertyValue(order, "GetDataOrderResponse.ListDataOrder[0].InsuranceData[2].PerluasanJaminan.Banjir", o_rsmb_val_2, CONTINUE_ON_FAILURE): Verify element property value successfully

2022-03-24 12:54:32 - [MESSAGE][PASSED] - Verify element property value successfully

2022-03-24 12:54:32 - [TEST_STEP][PASSED] - verifyElementPropertyValue(order, "GetDataOrderResponse.ListDataOrder[0].InsuranceData[2].PerluasanJaminan.Accessories", o_acc_val_2, CONTINUE_ON_FAILURE): Verify element property value successfully

2022-03-24 12:54:32 - [MESSAGE][PASSED] - Verify element property value successfully

2022-03-24 12:54:32 - [TEST_STEP][FAILED] - verifyElementPropertyValue(order, "GetDataOrderResponse.ListDataOrder[0].InsuranceData[3].KondisiPertanggungan", o_kond_pertanggungan_3, CONTINUE_ON_FAILURE): Unable to verify element property value (Root cause: java.lang.NullPointerException: Cannot get property 'KondisiPertanggungan' on null object
	at Script1.run(Script1.groovy:1)
	at com.kms.katalon.core.webservice.helper.WebServiceCommonHelper.parseAndGetPropertyValueForJson(WebServiceCommonHelper.java:213)
	at com.kms.katalon.core.webservice.keyword.builtin.VerifyElementPropertyValueKeyword$_verifyElementPropertyValue_closure1.doCall(VerifyElementPropertyValueKeyword.groovy:52)
	at com.kms.katalon.core.webservice.keyword.builtin.VerifyElementPropertyValueKeyword$_verifyElementPropertyValue_closure1.call(VerifyElementPropertyValueKeyword.groovy)
	at com.kms.katalon.core.keyword.internal.KeywordMain.runKeyword(KeywordMain.groovy:74)
	at com.kms.katalon.core.webservice.keyword.builtin.VerifyElementPropertyValueKeyword.verifyElementPropertyValue(VerifyElementPropertyValueKeyword.groovy:48)
	at com.kms.katalon.core.webservice.keyword.builtin.VerifyElementPropertyValueKeyword.execute(VerifyElementPropertyValueKeyword.groovy:43)
	at com.kms.katalon.core.keyword.internal.KeywordExecutor.executeKeywordForPlatform(KeywordExecutor.groovy:74)
	at com.kms.katalon.core.webservice.keyword.WSBuiltInKeywords.verifyElementPropertyValue(WSBuiltInKeywords.groovy:175)
	at com.kms.katalon.core.webservice.keyword.WSBuiltInKeywords$verifyElementPropertyValue$0.call(Unknown Source)
	at 1. get token - data order.run(1. get token - data order:546)
	at com.kms.katalon.core.main.ScriptEngine.run(ScriptEngine.java:194)
	at com.kms.katalon.core.main.ScriptEngine.runScriptAsRawText(ScriptEngine.java:119)
	at com.kms.katalon.core.main.TestCaseExecutor.runScript(TestCaseExecutor.java:442)
	at com.kms.katalon.core.main.TestCaseExecutor.doExecute(TestCaseExecutor.java:433)
	at com.kms.katalon.core.main.TestCaseExecutor.processExecutionPhase(TestCaseExecutor.java:412)
	at com.kms.katalon.core.main.TestCaseExecutor.accessMainPhase(TestCaseExecutor.java:404)
	at com.kms.katalon.core.main.TestCaseExecutor.execute(TestCaseExecutor.java:281)
	at com.kms.katalon.core.main.TestSuiteExecutor.accessTestCaseMainPhase(TestSuiteExecutor.java:202)
	at com.kms.katalon.core.main.TestSuiteExecutor.accessTestSuiteMainPhase(TestSuiteExecutor.java:164)
	at com.kms.katalon.core.main.TestSuiteExecutor.execute(TestSuiteExecutor.java:105)
	at com.kms.katalon.core.main.TestCaseMain.startTestSuite(TestCaseMain.java:181)
	at com.kms.katalon.core.main.TestCaseMain$startTestSuite$0.call(Unknown Source)
	at TempTestSuite1648100878643.run(TempTestSuite1648100878643.groovy:36)
)

2022-03-24 12:54:32 - [MESSAGE][FAILED] - Unable to verify element property value (Root cause: java.lang.NullPointerException: Cannot get property 'KondisiPertanggungan' on null object
	at Script1.run(Script1.groovy:1)
	at com.kms.katalon.core.webservice.helper.WebServiceCommonHelper.parseAndGetPropertyValueForJson(WebServiceCommonHelper.java:213)
	at com.kms.katalon.core.webservice.keyword.builtin.VerifyElementPropertyValueKeyword$_verifyElementPropertyValue_closure1.doCall(VerifyElementPropertyValueKeyword.groovy:52)
	at com.kms.katalon.core.webservice.keyword.builtin.VerifyElementPropertyValueKeyword$_verifyElementPropertyValue_closure1.call(VerifyElementPropertyValueKeyword.groovy)
	at com.kms.katalon.core.keyword.internal.KeywordMain.runKeyword(KeywordMain.groovy:74)
	at com.kms.katalon.core.webservice.keyword.builtin.VerifyElementPropertyValueKeyword.verifyElementPropertyValue(VerifyElementPropertyValueKeyword.groovy:48)
	at com.kms.katalon.core.webservice.keyword.builtin.VerifyElementPropertyValueKeyword.execute(VerifyElementPropertyValueKeyword.groovy:43)
	at com.kms.katalon.core.keyword.internal.KeywordExecutor.executeKeywordForPlatform(KeywordExecutor.groovy:74)
	at com.kms.katalon.core.webservice.keyword.WSBuiltInKeywords.verifyElementPropertyValue(WSBuiltInKeywords.groovy:175)
	at com.kms.katalon.core.webservice.keyword.WSBuiltInKeywords$verifyElementPropertyValue$0.call(Unknown Source)
	at 1. get token - data order.run(1. get token - data order:546)
	at com.kms.katalon.core.main.ScriptEngine.run(ScriptEngine.java:194)
	at com.kms.katalon.core.main.ScriptEngine.runScriptAsRawText(ScriptEngine.java:119)
	at com.kms.katalon.core.main.TestCaseExecutor.runScript(TestCaseExecutor.java:442)
	at com.kms.katalon.core.main.TestCaseExecutor.doExecute(TestCaseExecutor.java:433)
	at com.kms.katalon.core.main.TestCaseExecutor.processExecutionPhase(TestCaseExecutor.java:412)
	at com.kms.katalon.core.main.TestCaseExecutor.accessMainPhase(TestCaseExecutor.java:404)
	at com.kms.katalon.core.main.TestCaseExecutor.execute(TestCaseExecutor.java:281)
	at com.kms.katalon.core.main.TestSuiteExecutor.accessTestCaseMainPhase(TestSuiteExecutor.java:202)
	at com.kms.katalon.core.main.TestSuiteExecutor.accessTestSuiteMainPhase(TestSuiteExecutor.java:164)
	at com.kms.katalon.core.main.TestSuiteExecutor.execute(TestSuiteExecutor.java:105)
	at com.kms.katalon.core.main.TestCaseMain.startTestSuite(TestCaseMain.java:181)
	at com.kms.katalon.core.main.TestCaseMain$startTestSuite$0.call(Unknown Source)
	at TempTestSuite1648100878643.run(TempTestSuite1648100878643.groovy:36)
)

2022-03-24 12:54:32 - [TEST_STEP][FAILED] - verifyElementPropertyValue(order, "GetDataOrderResponse.ListDataOrder[0].InsuranceData[3].TJH", o_tjh_header_3, CONTINUE_ON_FAILURE): Unable to verify element property value (Root cause: java.lang.NullPointerException: Cannot get property 'TJH' on null object
	at Script1.run(Script1.groovy:1)
	at com.kms.katalon.core.webservice.helper.WebServiceCommonHelper.parseAndGetPropertyValueForJson(WebServiceCommonHelper.java:213)
	at com.kms.katalon.core.webservice.keyword.builtin.VerifyElementPropertyValueKeyword$_verifyElementPropertyValue_closure1.doCall(VerifyElementPropertyValueKeyword.groovy:52)
	at com.kms.katalon.core.webservice.keyword.builtin.VerifyElementPropertyValueKeyword$_verifyElementPropertyValue_closure1.call(VerifyElementPropertyValueKeyword.groovy)
	at com.kms.katalon.core.keyword.internal.KeywordMain.runKeyword(KeywordMain.groovy:74)
	at com.kms.katalon.core.webservice.keyword.builtin.VerifyElementPropertyValueKeyword.verifyElementPropertyValue(VerifyElementPropertyValueKeyword.groovy:48)
	at com.kms.katalon.core.webservice.keyword.builtin.VerifyElementPropertyValueKeyword.execute(VerifyElementPropertyValueKeyword.groovy:43)
	at com.kms.katalon.core.keyword.internal.KeywordExecutor.executeKeywordForPlatform(KeywordExecutor.groovy:74)
	at com.kms.katalon.core.webservice.keyword.WSBuiltInKeywords.verifyElementPropertyValue(WSBuiltInKeywords.groovy:175)
	at com.kms.katalon.core.webservice.keyword.WSBuiltInKeywords$verifyElementPropertyValue$0.call(Unknown Source)
	at 1. get token - data order.run(1. get token - data order:549)
	at com.kms.katalon.core.main.ScriptEngine.run(ScriptEngine.java:194)
	at com.kms.katalon.core.main.ScriptEngine.runScriptAsRawText(ScriptEngine.java:119)
	at com.kms.katalon.core.main.TestCaseExecutor.runScript(TestCaseExecutor.java:442)
	at com.kms.katalon.core.main.TestCaseExecutor.doExecute(TestCaseExecutor.java:433)
	at com.kms.katalon.core.main.TestCaseExecutor.processExecutionPhase(TestCaseExecutor.java:412)
	at com.kms.katalon.core.main.TestCaseExecutor.accessMainPhase(TestCaseExecutor.java:404)
	at com.kms.katalon.core.main.TestCaseExecutor.execute(TestCaseExecutor.java:281)
	at com.kms.katalon.core.main.TestSuiteExecutor.accessTestCaseMainPhase(TestSuiteExecutor.java:202)
	at com.kms.katalon.core.main.TestSuiteExecutor.accessTestSuiteMainPhase(TestSuiteExecutor.java:164)
	at com.kms.katalon.core.main.TestSuiteExecutor.execute(TestSuiteExecutor.java:105)
	at com.kms.katalon.core.main.TestCaseMain.startTestSuite(TestCaseMain.java:181)
	at com.kms.katalon.core.main.TestCaseMain$startTestSuite$0.call(Unknown Source)
	at TempTestSuite1648100878643.run(TempTestSuite1648100878643.groovy:36)
)

2022-03-24 12:54:32 - [MESSAGE][FAILED] - Unable to verify element property value (Root cause: java.lang.NullPointerException: Cannot get property 'TJH' on null object
	at Script1.run(Script1.groovy:1)
	at com.kms.katalon.core.webservice.helper.WebServiceCommonHelper.parseAndGetPropertyValueForJson(WebServiceCommonHelper.java:213)
	at com.kms.katalon.core.webservice.keyword.builtin.VerifyElementPropertyValueKeyword$_verifyElementPropertyValue_closure1.doCall(VerifyElementPropertyValueKeyword.groovy:52)
	at com.kms.katalon.core.webservice.keyword.builtin.VerifyElementPropertyValueKeyword$_verifyElementPropertyValue_closure1.call(VerifyElementPropertyValueKeyword.groovy)
	at com.kms.katalon.core.keyword.internal.KeywordMain.runKeyword(KeywordMain.groovy:74)
	at com.kms.katalon.core.webservice.keyword.builtin.VerifyElementPropertyValueKeyword.verifyElementPropertyValue(VerifyElementPropertyValueKeyword.groovy:48)
	at com.kms.katalon.core.webservice.keyword.builtin.VerifyElementPropertyValueKeyword.execute(VerifyElementPropertyValueKeyword.groovy:43)
	at com.kms.katalon.core.keyword.internal.KeywordExecutor.executeKeywordForPlatform(KeywordExecutor.groovy:74)
	at com.kms.katalon.core.webservice.keyword.WSBuiltInKeywords.verifyElementPropertyValue(WSBuiltInKeywords.groovy:175)
	at com.kms.katalon.core.webservice.keyword.WSBuiltInKeywords$verifyElementPropertyValue$0.call(Unknown Source)
	at 1. get token - data order.run(1. get token - data order:549)
	at com.kms.katalon.core.main.ScriptEngine.run(ScriptEngine.java:194)
	at com.kms.katalon.core.main.ScriptEngine.runScriptAsRawText(ScriptEngine.java:119)
	at com.kms.katalon.core.main.TestCaseExecutor.runScript(TestCaseExecutor.java:442)
	at com.kms.katalon.core.main.TestCaseExecutor.doExecute(TestCaseExecutor.java:433)
	at com.kms.katalon.core.main.TestCaseExecutor.processExecutionPhase(TestCaseExecutor.java:412)
	at com.kms.katalon.core.main.TestCaseExecutor.accessMainPhase(TestCaseExecutor.java:404)
	at com.kms.katalon.core.main.TestCaseExecutor.execute(TestCaseExecutor.java:281)
	at com.kms.katalon.core.main.TestSuiteExecutor.accessTestCaseMainPhase(TestSuiteExecutor.java:202)
	at com.kms.katalon.core.main.TestSuiteExecutor.accessTestSuiteMainPhase(TestSuiteExecutor.java:164)
	at com.kms.katalon.core.main.TestSuiteExecutor.execute(TestSuiteExecutor.java:105)
	at com.kms.katalon.core.main.TestCaseMain.startTestSuite(TestCaseMain.java:181)
	at com.kms.katalon.core.main.TestCaseMain$startTestSuite$0.call(Unknown Source)
	at TempTestSuite1648100878643.run(TempTestSuite1648100878643.groovy:36)
)

2022-03-24 12:54:32 - [TEST_STEP][FAILED] - verifyElementPropertyValue(order, "GetDataOrderResponse.ListDataOrder[0].InsuranceData[3].InsuredValue", o_ins_val_3, CONTINUE_ON_FAILURE): Unable to verify element property value (Root cause: java.lang.NullPointerException: Cannot get property 'InsuredValue' on null object
	at Script1.run(Script1.groovy:1)
	at com.kms.katalon.core.webservice.helper.WebServiceCommonHelper.parseAndGetPropertyValueForJson(WebServiceCommonHelper.java:213)
	at com.kms.katalon.core.webservice.keyword.builtin.VerifyElementPropertyValueKeyword$_verifyElementPropertyValue_closure1.doCall(VerifyElementPropertyValueKeyword.groovy:52)
	at com.kms.katalon.core.webservice.keyword.builtin.VerifyElementPropertyValueKeyword$_verifyElementPropertyValue_closure1.call(VerifyElementPropertyValueKeyword.groovy)
	at com.kms.katalon.core.keyword.internal.KeywordMain.runKeyword(KeywordMain.groovy:74)
	at com.kms.katalon.core.webservice.keyword.builtin.VerifyElementPropertyValueKeyword.verifyElementPropertyValue(VerifyElementPropertyValueKeyword.groovy:48)
	at com.kms.katalon.core.webservice.keyword.builtin.VerifyElementPropertyValueKeyword.execute(VerifyElementPropertyValueKeyword.groovy:43)
	at com.kms.katalon.core.keyword.internal.KeywordExecutor.executeKeywordForPlatform(KeywordExecutor.groovy:74)
	at com.kms.katalon.core.webservice.keyword.WSBuiltInKeywords.verifyElementPropertyValue(WSBuiltInKeywords.groovy:175)
	at com.kms.katalon.core.webservice.keyword.WSBuiltInKeywords$verifyElementPropertyValue$0.call(Unknown Source)
	at 1. get token - data order.run(1. get token - data order:551)
	at com.kms.katalon.core.main.ScriptEngine.run(ScriptEngine.java:194)
	at com.kms.katalon.core.main.ScriptEngine.runScriptAsRawText(ScriptEngine.java:119)
	at com.kms.katalon.core.main.TestCaseExecutor.runScript(TestCaseExecutor.java:442)
	at com.kms.katalon.core.main.TestCaseExecutor.doExecute(TestCaseExecutor.java:433)
	at com.kms.katalon.core.main.TestCaseExecutor.processExecutionPhase(TestCaseExecutor.java:412)
	at com.kms.katalon.core.main.TestCaseExecutor.accessMainPhase(TestCaseExecutor.java:404)
	at com.kms.katalon.core.main.TestCaseExecutor.execute(TestCaseExecutor.java:281)
	at com.kms.katalon.core.main.TestSuiteExecutor.accessTestCaseMainPhase(TestSuiteExecutor.java:202)
	at com.kms.katalon.core.main.TestSuiteExecutor.accessTestSuiteMainPhase(TestSuiteExecutor.java:164)
	at com.kms.katalon.core.main.TestSuiteExecutor.execute(TestSuiteExecutor.java:105)
	at com.kms.katalon.core.main.TestCaseMain.startTestSuite(TestCaseMain.java:181)
	at com.kms.katalon.core.main.TestCaseMain$startTestSuite$0.call(Unknown Source)
	at TempTestSuite1648100878643.run(TempTestSuite1648100878643.groovy:36)
)

2022-03-24 12:54:32 - [MESSAGE][FAILED] - Unable to verify element property value (Root cause: java.lang.NullPointerException: Cannot get property 'InsuredValue' on null object
	at Script1.run(Script1.groovy:1)
	at com.kms.katalon.core.webservice.helper.WebServiceCommonHelper.parseAndGetPropertyValueForJson(WebServiceCommonHelper.java:213)
	at com.kms.katalon.core.webservice.keyword.builtin.VerifyElementPropertyValueKeyword$_verifyElementPropertyValue_closure1.doCall(VerifyElementPropertyValueKeyword.groovy:52)
	at com.kms.katalon.core.webservice.keyword.builtin.VerifyElementPropertyValueKeyword$_verifyElementPropertyValue_closure1.call(VerifyElementPropertyValueKeyword.groovy)
	at com.kms.katalon.core.keyword.internal.KeywordMain.runKeyword(KeywordMain.groovy:74)
	at com.kms.katalon.core.webservice.keyword.builtin.VerifyElementPropertyValueKeyword.verifyElementPropertyValue(VerifyElementPropertyValueKeyword.groovy:48)
	at com.kms.katalon.core.webservice.keyword.builtin.VerifyElementPropertyValueKeyword.execute(VerifyElementPropertyValueKeyword.groovy:43)
	at com.kms.katalon.core.keyword.internal.KeywordExecutor.executeKeywordForPlatform(KeywordExecutor.groovy:74)
	at com.kms.katalon.core.webservice.keyword.WSBuiltInKeywords.verifyElementPropertyValue(WSBuiltInKeywords.groovy:175)
	at com.kms.katalon.core.webservice.keyword.WSBuiltInKeywords$verifyElementPropertyValue$0.call(Unknown Source)
	at 1. get token - data order.run(1. get token - data order:551)
	at com.kms.katalon.core.main.ScriptEngine.run(ScriptEngine.java:194)
	at com.kms.katalon.core.main.ScriptEngine.runScriptAsRawText(ScriptEngine.java:119)
	at com.kms.katalon.core.main.TestCaseExecutor.runScript(TestCaseExecutor.java:442)
	at com.kms.katalon.core.main.TestCaseExecutor.doExecute(TestCaseExecutor.java:433)
	at com.kms.katalon.core.main.TestCaseExecutor.processExecutionPhase(TestCaseExecutor.java:412)
	at com.kms.katalon.core.main.TestCaseExecutor.accessMainPhase(TestCaseExecutor.java:404)
	at com.kms.katalon.core.main.TestCaseExecutor.execute(TestCaseExecutor.java:281)
	at com.kms.katalon.core.main.TestSuiteExecutor.accessTestCaseMainPhase(TestSuiteExecutor.java:202)
	at com.kms.katalon.core.main.TestSuiteExecutor.accessTestSuiteMainPhase(TestSuiteExecutor.java:164)
	at com.kms.katalon.core.main.TestSuiteExecutor.execute(TestSuiteExecutor.java:105)
	at com.kms.katalon.core.main.TestCaseMain.startTestSuite(TestCaseMain.java:181)
	at com.kms.katalon.core.main.TestCaseMain$startTestSuite$0.call(Unknown Source)
	at TempTestSuite1648100878643.run(TempTestSuite1648100878643.groovy:36)
)

2022-03-24 12:54:32 - [TEST_STEP][FAILED] - verifyElementPropertyValue(order, "GetDataOrderResponse.ListDataOrder[0].InsuranceData[3].InsuredFrom", o_ins_form_3, CONTINUE_ON_FAILURE): Unable to verify element property value (Root cause: java.lang.NullPointerException: Cannot get property 'InsuredFrom' on null object
	at Script1.run(Script1.groovy:1)
	at com.kms.katalon.core.webservice.helper.WebServiceCommonHelper.parseAndGetPropertyValueForJson(WebServiceCommonHelper.java:213)
	at com.kms.katalon.core.webservice.keyword.builtin.VerifyElementPropertyValueKeyword$_verifyElementPropertyValue_closure1.doCall(VerifyElementPropertyValueKeyword.groovy:52)
	at com.kms.katalon.core.webservice.keyword.builtin.VerifyElementPropertyValueKeyword$_verifyElementPropertyValue_closure1.call(VerifyElementPropertyValueKeyword.groovy)
	at com.kms.katalon.core.keyword.internal.KeywordMain.runKeyword(KeywordMain.groovy:74)
	at com.kms.katalon.core.webservice.keyword.builtin.VerifyElementPropertyValueKeyword.verifyElementPropertyValue(VerifyElementPropertyValueKeyword.groovy:48)
	at com.kms.katalon.core.webservice.keyword.builtin.VerifyElementPropertyValueKeyword.execute(VerifyElementPropertyValueKeyword.groovy:43)
	at com.kms.katalon.core.keyword.internal.KeywordExecutor.executeKeywordForPlatform(KeywordExecutor.groovy:74)
	at com.kms.katalon.core.webservice.keyword.WSBuiltInKeywords.verifyElementPropertyValue(WSBuiltInKeywords.groovy:175)
	at com.kms.katalon.core.webservice.keyword.WSBuiltInKeywords$verifyElementPropertyValue$0.call(Unknown Source)
	at 1. get token - data order.run(1. get token - data order:554)
	at com.kms.katalon.core.main.ScriptEngine.run(ScriptEngine.java:194)
	at com.kms.katalon.core.main.ScriptEngine.runScriptAsRawText(ScriptEngine.java:119)
	at com.kms.katalon.core.main.TestCaseExecutor.runScript(TestCaseExecutor.java:442)
	at com.kms.katalon.core.main.TestCaseExecutor.doExecute(TestCaseExecutor.java:433)
	at com.kms.katalon.core.main.TestCaseExecutor.processExecutionPhase(TestCaseExecutor.java:412)
	at com.kms.katalon.core.main.TestCaseExecutor.accessMainPhase(TestCaseExecutor.java:404)
	at com.kms.katalon.core.main.TestCaseExecutor.execute(TestCaseExecutor.java:281)
	at com.kms.katalon.core.main.TestSuiteExecutor.accessTestCaseMainPhase(TestSuiteExecutor.java:202)
	at com.kms.katalon.core.main.TestSuiteExecutor.accessTestSuiteMainPhase(TestSuiteExecutor.java:164)
	at com.kms.katalon.core.main.TestSuiteExecutor.execute(TestSuiteExecutor.java:105)
	at com.kms.katalon.core.main.TestCaseMain.startTestSuite(TestCaseMain.java:181)
	at com.kms.katalon.core.main.TestCaseMain$startTestSuite$0.call(Unknown Source)
	at TempTestSuite1648100878643.run(TempTestSuite1648100878643.groovy:36)
)

2022-03-24 12:54:32 - [MESSAGE][FAILED] - Unable to verify element property value (Root cause: java.lang.NullPointerException: Cannot get property 'InsuredFrom' on null object
	at Script1.run(Script1.groovy:1)
	at com.kms.katalon.core.webservice.helper.WebServiceCommonHelper.parseAndGetPropertyValueForJson(WebServiceCommonHelper.java:213)
	at com.kms.katalon.core.webservice.keyword.builtin.VerifyElementPropertyValueKeyword$_verifyElementPropertyValue_closure1.doCall(VerifyElementPropertyValueKeyword.groovy:52)
	at com.kms.katalon.core.webservice.keyword.builtin.VerifyElementPropertyValueKeyword$_verifyElementPropertyValue_closure1.call(VerifyElementPropertyValueKeyword.groovy)
	at com.kms.katalon.core.keyword.internal.KeywordMain.runKeyword(KeywordMain.groovy:74)
	at com.kms.katalon.core.webservice.keyword.builtin.VerifyElementPropertyValueKeyword.verifyElementPropertyValue(VerifyElementPropertyValueKeyword.groovy:48)
	at com.kms.katalon.core.webservice.keyword.builtin.VerifyElementPropertyValueKeyword.execute(VerifyElementPropertyValueKeyword.groovy:43)
	at com.kms.katalon.core.keyword.internal.KeywordExecutor.executeKeywordForPlatform(KeywordExecutor.groovy:74)
	at com.kms.katalon.core.webservice.keyword.WSBuiltInKeywords.verifyElementPropertyValue(WSBuiltInKeywords.groovy:175)
	at com.kms.katalon.core.webservice.keyword.WSBuiltInKeywords$verifyElementPropertyValue$0.call(Unknown Source)
	at 1. get token - data order.run(1. get token - data order:554)
	at com.kms.katalon.core.main.ScriptEngine.run(ScriptEngine.java:194)
	at com.kms.katalon.core.main.ScriptEngine.runScriptAsRawText(ScriptEngine.java:119)
	at com.kms.katalon.core.main.TestCaseExecutor.runScript(TestCaseExecutor.java:442)
	at com.kms.katalon.core.main.TestCaseExecutor.doExecute(TestCaseExecutor.java:433)
	at com.kms.katalon.core.main.TestCaseExecutor.processExecutionPhase(TestCaseExecutor.java:412)
	at com.kms.katalon.core.main.TestCaseExecutor.accessMainPhase(TestCaseExecutor.java:404)
	at com.kms.katalon.core.main.TestCaseExecutor.execute(TestCaseExecutor.java:281)
	at com.kms.katalon.core.main.TestSuiteExecutor.accessTestCaseMainPhase(TestSuiteExecutor.java:202)
	at com.kms.katalon.core.main.TestSuiteExecutor.accessTestSuiteMainPhase(TestSuiteExecutor.java:164)
	at com.kms.katalon.core.main.TestSuiteExecutor.execute(TestSuiteExecutor.java:105)
	at com.kms.katalon.core.main.TestCaseMain.startTestSuite(TestCaseMain.java:181)
	at com.kms.katalon.core.main.TestCaseMain$startTestSuite$0.call(Unknown Source)
	at TempTestSuite1648100878643.run(TempTestSuite1648100878643.groovy:36)
)

2022-03-24 12:54:32 - [TEST_STEP][FAILED] - verifyElementPropertyValue(order, "GetDataOrderResponse.ListDataOrder[0].InsuranceData[3].InsuredTo", o_ins_to_3, CONTINUE_ON_FAILURE): Unable to verify element property value (Root cause: java.lang.NullPointerException: Cannot get property 'InsuredTo' on null object
	at Script1.run(Script1.groovy:1)
	at com.kms.katalon.core.webservice.helper.WebServiceCommonHelper.parseAndGetPropertyValueForJson(WebServiceCommonHelper.java:213)
	at com.kms.katalon.core.webservice.keyword.builtin.VerifyElementPropertyValueKeyword$_verifyElementPropertyValue_closure1.doCall(VerifyElementPropertyValueKeyword.groovy:52)
	at com.kms.katalon.core.webservice.keyword.builtin.VerifyElementPropertyValueKeyword$_verifyElementPropertyValue_closure1.call(VerifyElementPropertyValueKeyword.groovy)
	at com.kms.katalon.core.keyword.internal.KeywordMain.runKeyword(KeywordMain.groovy:74)
	at com.kms.katalon.core.webservice.keyword.builtin.VerifyElementPropertyValueKeyword.verifyElementPropertyValue(VerifyElementPropertyValueKeyword.groovy:48)
	at com.kms.katalon.core.webservice.keyword.builtin.VerifyElementPropertyValueKeyword.execute(VerifyElementPropertyValueKeyword.groovy:43)
	at com.kms.katalon.core.keyword.internal.KeywordExecutor.executeKeywordForPlatform(KeywordExecutor.groovy:74)
	at com.kms.katalon.core.webservice.keyword.WSBuiltInKeywords.verifyElementPropertyValue(WSBuiltInKeywords.groovy:175)
	at com.kms.katalon.core.webservice.keyword.WSBuiltInKeywords$verifyElementPropertyValue$0.call(Unknown Source)
	at 1. get token - data order.run(1. get token - data order:557)
	at com.kms.katalon.core.main.ScriptEngine.run(ScriptEngine.java:194)
	at com.kms.katalon.core.main.ScriptEngine.runScriptAsRawText(ScriptEngine.java:119)
	at com.kms.katalon.core.main.TestCaseExecutor.runScript(TestCaseExecutor.java:442)
	at com.kms.katalon.core.main.TestCaseExecutor.doExecute(TestCaseExecutor.java:433)
	at com.kms.katalon.core.main.TestCaseExecutor.processExecutionPhase(TestCaseExecutor.java:412)
	at com.kms.katalon.core.main.TestCaseExecutor.accessMainPhase(TestCaseExecutor.java:404)
	at com.kms.katalon.core.main.TestCaseExecutor.execute(TestCaseExecutor.java:281)
	at com.kms.katalon.core.main.TestSuiteExecutor.accessTestCaseMainPhase(TestSuiteExecutor.java:202)
	at com.kms.katalon.core.main.TestSuiteExecutor.accessTestSuiteMainPhase(TestSuiteExecutor.java:164)
	at com.kms.katalon.core.main.TestSuiteExecutor.execute(TestSuiteExecutor.java:105)
	at com.kms.katalon.core.main.TestCaseMain.startTestSuite(TestCaseMain.java:181)
	at com.kms.katalon.core.main.TestCaseMain$startTestSuite$0.call(Unknown Source)
	at TempTestSuite1648100878643.run(TempTestSuite1648100878643.groovy:36)
)

2022-03-24 12:54:32 - [MESSAGE][FAILED] - Unable to verify element property value (Root cause: java.lang.NullPointerException: Cannot get property 'InsuredTo' on null object
	at Script1.run(Script1.groovy:1)
	at com.kms.katalon.core.webservice.helper.WebServiceCommonHelper.parseAndGetPropertyValueForJson(WebServiceCommonHelper.java:213)
	at com.kms.katalon.core.webservice.keyword.builtin.VerifyElementPropertyValueKeyword$_verifyElementPropertyValue_closure1.doCall(VerifyElementPropertyValueKeyword.groovy:52)
	at com.kms.katalon.core.webservice.keyword.builtin.VerifyElementPropertyValueKeyword$_verifyElementPropertyValue_closure1.call(VerifyElementPropertyValueKeyword.groovy)
	at com.kms.katalon.core.keyword.internal.KeywordMain.runKeyword(KeywordMain.groovy:74)
	at com.kms.katalon.core.webservice.keyword.builtin.VerifyElementPropertyValueKeyword.verifyElementPropertyValue(VerifyElementPropertyValueKeyword.groovy:48)
	at com.kms.katalon.core.webservice.keyword.builtin.VerifyElementPropertyValueKeyword.execute(VerifyElementPropertyValueKeyword.groovy:43)
	at com.kms.katalon.core.keyword.internal.KeywordExecutor.executeKeywordForPlatform(KeywordExecutor.groovy:74)
	at com.kms.katalon.core.webservice.keyword.WSBuiltInKeywords.verifyElementPropertyValue(WSBuiltInKeywords.groovy:175)
	at com.kms.katalon.core.webservice.keyword.WSBuiltInKeywords$verifyElementPropertyValue$0.call(Unknown Source)
	at 1. get token - data order.run(1. get token - data order:557)
	at com.kms.katalon.core.main.ScriptEngine.run(ScriptEngine.java:194)
	at com.kms.katalon.core.main.ScriptEngine.runScriptAsRawText(ScriptEngine.java:119)
	at com.kms.katalon.core.main.TestCaseExecutor.runScript(TestCaseExecutor.java:442)
	at com.kms.katalon.core.main.TestCaseExecutor.doExecute(TestCaseExecutor.java:433)
	at com.kms.katalon.core.main.TestCaseExecutor.processExecutionPhase(TestCaseExecutor.java:412)
	at com.kms.katalon.core.main.TestCaseExecutor.accessMainPhase(TestCaseExecutor.java:404)
	at com.kms.katalon.core.main.TestCaseExecutor.execute(TestCaseExecutor.java:281)
	at com.kms.katalon.core.main.TestSuiteExecutor.accessTestCaseMainPhase(TestSuiteExecutor.java:202)
	at com.kms.katalon.core.main.TestSuiteExecutor.accessTestSuiteMainPhase(TestSuiteExecutor.java:164)
	at com.kms.katalon.core.main.TestSuiteExecutor.execute(TestSuiteExecutor.java:105)
	at com.kms.katalon.core.main.TestCaseMain.startTestSuite(TestCaseMain.java:181)
	at com.kms.katalon.core.main.TestCaseMain$startTestSuite$0.call(Unknown Source)
	at TempTestSuite1648100878643.run(TempTestSuite1648100878643.groovy:36)
)

2022-03-24 12:54:32 - [TEST_STEP][FAILED] - verifyElementPropertyValue(order, "GetDataOrderResponse.ListDataOrder[0].InsuranceData[3].Rate", o_rate_3, CONTINUE_ON_FAILURE): Unable to verify element property value (Root cause: java.lang.NullPointerException: Cannot get property 'Rate' on null object
	at Script1.run(Script1.groovy:1)
	at com.kms.katalon.core.webservice.helper.WebServiceCommonHelper.parseAndGetPropertyValueForJson(WebServiceCommonHelper.java:213)
	at com.kms.katalon.core.webservice.keyword.builtin.VerifyElementPropertyValueKeyword$_verifyElementPropertyValue_closure1.doCall(VerifyElementPropertyValueKeyword.groovy:52)
	at com.kms.katalon.core.webservice.keyword.builtin.VerifyElementPropertyValueKeyword$_verifyElementPropertyValue_closure1.call(VerifyElementPropertyValueKeyword.groovy)
	at com.kms.katalon.core.keyword.internal.KeywordMain.runKeyword(KeywordMain.groovy:74)
	at com.kms.katalon.core.webservice.keyword.builtin.VerifyElementPropertyValueKeyword.verifyElementPropertyValue(VerifyElementPropertyValueKeyword.groovy:48)
	at com.kms.katalon.core.webservice.keyword.builtin.VerifyElementPropertyValueKeyword.execute(VerifyElementPropertyValueKeyword.groovy:43)
	at com.kms.katalon.core.keyword.internal.KeywordExecutor.executeKeywordForPlatform(KeywordExecutor.groovy:74)
	at com.kms.katalon.core.webservice.keyword.WSBuiltInKeywords.verifyElementPropertyValue(WSBuiltInKeywords.groovy:175)
	at com.kms.katalon.core.webservice.keyword.WSBuiltInKeywords$verifyElementPropertyValue$0.call(Unknown Source)
	at 1. get token - data order.run(1. get token - data order:560)
	at com.kms.katalon.core.main.ScriptEngine.run(ScriptEngine.java:194)
	at com.kms.katalon.core.main.ScriptEngine.runScriptAsRawText(ScriptEngine.java:119)
	at com.kms.katalon.core.main.TestCaseExecutor.runScript(TestCaseExecutor.java:442)
	at com.kms.katalon.core.main.TestCaseExecutor.doExecute(TestCaseExecutor.java:433)
	at com.kms.katalon.core.main.TestCaseExecutor.processExecutionPhase(TestCaseExecutor.java:412)
	at com.kms.katalon.core.main.TestCaseExecutor.accessMainPhase(TestCaseExecutor.java:404)
	at com.kms.katalon.core.main.TestCaseExecutor.execute(TestCaseExecutor.java:281)
	at com.kms.katalon.core.main.TestSuiteExecutor.accessTestCaseMainPhase(TestSuiteExecutor.java:202)
	at com.kms.katalon.core.main.TestSuiteExecutor.accessTestSuiteMainPhase(TestSuiteExecutor.java:164)
	at com.kms.katalon.core.main.TestSuiteExecutor.execute(TestSuiteExecutor.java:105)
	at com.kms.katalon.core.main.TestCaseMain.startTestSuite(TestCaseMain.java:181)
	at com.kms.katalon.core.main.TestCaseMain$startTestSuite$0.call(Unknown Source)
	at TempTestSuite1648100878643.run(TempTestSuite1648100878643.groovy:36)
)

2022-03-24 12:54:32 - [MESSAGE][FAILED] - Unable to verify element property value (Root cause: java.lang.NullPointerException: Cannot get property 'Rate' on null object
	at Script1.run(Script1.groovy:1)
	at com.kms.katalon.core.webservice.helper.WebServiceCommonHelper.parseAndGetPropertyValueForJson(WebServiceCommonHelper.java:213)
	at com.kms.katalon.core.webservice.keyword.builtin.VerifyElementPropertyValueKeyword$_verifyElementPropertyValue_closure1.doCall(VerifyElementPropertyValueKeyword.groovy:52)
	at com.kms.katalon.core.webservice.keyword.builtin.VerifyElementPropertyValueKeyword$_verifyElementPropertyValue_closure1.call(VerifyElementPropertyValueKeyword.groovy)
	at com.kms.katalon.core.keyword.internal.KeywordMain.runKeyword(KeywordMain.groovy:74)
	at com.kms.katalon.core.webservice.keyword.builtin.VerifyElementPropertyValueKeyword.verifyElementPropertyValue(VerifyElementPropertyValueKeyword.groovy:48)
	at com.kms.katalon.core.webservice.keyword.builtin.VerifyElementPropertyValueKeyword.execute(VerifyElementPropertyValueKeyword.groovy:43)
	at com.kms.katalon.core.keyword.internal.KeywordExecutor.executeKeywordForPlatform(KeywordExecutor.groovy:74)
	at com.kms.katalon.core.webservice.keyword.WSBuiltInKeywords.verifyElementPropertyValue(WSBuiltInKeywords.groovy:175)
	at com.kms.katalon.core.webservice.keyword.WSBuiltInKeywords$verifyElementPropertyValue$0.call(Unknown Source)
	at 1. get token - data order.run(1. get token - data order:560)
	at com.kms.katalon.core.main.ScriptEngine.run(ScriptEngine.java:194)
	at com.kms.katalon.core.main.ScriptEngine.runScriptAsRawText(ScriptEngine.java:119)
	at com.kms.katalon.core.main.TestCaseExecutor.runScript(TestCaseExecutor.java:442)
	at com.kms.katalon.core.main.TestCaseExecutor.doExecute(TestCaseExecutor.java:433)
	at com.kms.katalon.core.main.TestCaseExecutor.processExecutionPhase(TestCaseExecutor.java:412)
	at com.kms.katalon.core.main.TestCaseExecutor.accessMainPhase(TestCaseExecutor.java:404)
	at com.kms.katalon.core.main.TestCaseExecutor.execute(TestCaseExecutor.java:281)
	at com.kms.katalon.core.main.TestSuiteExecutor.accessTestCaseMainPhase(TestSuiteExecutor.java:202)
	at com.kms.katalon.core.main.TestSuiteExecutor.accessTestSuiteMainPhase(TestSuiteExecutor.java:164)
	at com.kms.katalon.core.main.TestSuiteExecutor.execute(TestSuiteExecutor.java:105)
	at com.kms.katalon.core.main.TestCaseMain.startTestSuite(TestCaseMain.java:181)
	at com.kms.katalon.core.main.TestCaseMain$startTestSuite$0.call(Unknown Source)
	at TempTestSuite1648100878643.run(TempTestSuite1648100878643.groovy:36)
)

2022-03-24 12:54:32 - [TEST_STEP][FAILED] - verifyElementPropertyValue(order, "GetDataOrderResponse.ListDataOrder[0].InsuranceData[3].GrossPremi", o_gross_premi_3, CONTINUE_ON_FAILURE): Unable to verify element property value (Root cause: java.lang.NullPointerException: Cannot get property 'GrossPremi' on null object
	at Script1.run(Script1.groovy:1)
	at com.kms.katalon.core.webservice.helper.WebServiceCommonHelper.parseAndGetPropertyValueForJson(WebServiceCommonHelper.java:213)
	at com.kms.katalon.core.webservice.keyword.builtin.VerifyElementPropertyValueKeyword$_verifyElementPropertyValue_closure1.doCall(VerifyElementPropertyValueKeyword.groovy:52)
	at com.kms.katalon.core.webservice.keyword.builtin.VerifyElementPropertyValueKeyword$_verifyElementPropertyValue_closure1.call(VerifyElementPropertyValueKeyword.groovy)
	at com.kms.katalon.core.keyword.internal.KeywordMain.runKeyword(KeywordMain.groovy:74)
	at com.kms.katalon.core.webservice.keyword.builtin.VerifyElementPropertyValueKeyword.verifyElementPropertyValue(VerifyElementPropertyValueKeyword.groovy:48)
	at com.kms.katalon.core.webservice.keyword.builtin.VerifyElementPropertyValueKeyword.execute(VerifyElementPropertyValueKeyword.groovy:43)
	at com.kms.katalon.core.keyword.internal.KeywordExecutor.executeKeywordForPlatform(KeywordExecutor.groovy:74)
	at com.kms.katalon.core.webservice.keyword.WSBuiltInKeywords.verifyElementPropertyValue(WSBuiltInKeywords.groovy:175)
	at com.kms.katalon.core.webservice.keyword.WSBuiltInKeywords$verifyElementPropertyValue$0.call(Unknown Source)
	at 1. get token - data order.run(1. get token - data order:562)
	at com.kms.katalon.core.main.ScriptEngine.run(ScriptEngine.java:194)
	at com.kms.katalon.core.main.ScriptEngine.runScriptAsRawText(ScriptEngine.java:119)
	at com.kms.katalon.core.main.TestCaseExecutor.runScript(TestCaseExecutor.java:442)
	at com.kms.katalon.core.main.TestCaseExecutor.doExecute(TestCaseExecutor.java:433)
	at com.kms.katalon.core.main.TestCaseExecutor.processExecutionPhase(TestCaseExecutor.java:412)
	at com.kms.katalon.core.main.TestCaseExecutor.accessMainPhase(TestCaseExecutor.java:404)
	at com.kms.katalon.core.main.TestCaseExecutor.execute(TestCaseExecutor.java:281)
	at com.kms.katalon.core.main.TestSuiteExecutor.accessTestCaseMainPhase(TestSuiteExecutor.java:202)
	at com.kms.katalon.core.main.TestSuiteExecutor.accessTestSuiteMainPhase(TestSuiteExecutor.java:164)
	at com.kms.katalon.core.main.TestSuiteExecutor.execute(TestSuiteExecutor.java:105)
	at com.kms.katalon.core.main.TestCaseMain.startTestSuite(TestCaseMain.java:181)
	at com.kms.katalon.core.main.TestCaseMain$startTestSuite$0.call(Unknown Source)
	at TempTestSuite1648100878643.run(TempTestSuite1648100878643.groovy:36)
)

2022-03-24 12:54:32 - [MESSAGE][FAILED] - Unable to verify element property value (Root cause: java.lang.NullPointerException: Cannot get property 'GrossPremi' on null object
	at Script1.run(Script1.groovy:1)
	at com.kms.katalon.core.webservice.helper.WebServiceCommonHelper.parseAndGetPropertyValueForJson(WebServiceCommonHelper.java:213)
	at com.kms.katalon.core.webservice.keyword.builtin.VerifyElementPropertyValueKeyword$_verifyElementPropertyValue_closure1.doCall(VerifyElementPropertyValueKeyword.groovy:52)
	at com.kms.katalon.core.webservice.keyword.builtin.VerifyElementPropertyValueKeyword$_verifyElementPropertyValue_closure1.call(VerifyElementPropertyValueKeyword.groovy)
	at com.kms.katalon.core.keyword.internal.KeywordMain.runKeyword(KeywordMain.groovy:74)
	at com.kms.katalon.core.webservice.keyword.builtin.VerifyElementPropertyValueKeyword.verifyElementPropertyValue(VerifyElementPropertyValueKeyword.groovy:48)
	at com.kms.katalon.core.webservice.keyword.builtin.VerifyElementPropertyValueKeyword.execute(VerifyElementPropertyValueKeyword.groovy:43)
	at com.kms.katalon.core.keyword.internal.KeywordExecutor.executeKeywordForPlatform(KeywordExecutor.groovy:74)
	at com.kms.katalon.core.webservice.keyword.WSBuiltInKeywords.verifyElementPropertyValue(WSBuiltInKeywords.groovy:175)
	at com.kms.katalon.core.webservice.keyword.WSBuiltInKeywords$verifyElementPropertyValue$0.call(Unknown Source)
	at 1. get token - data order.run(1. get token - data order:562)
	at com.kms.katalon.core.main.ScriptEngine.run(ScriptEngine.java:194)
	at com.kms.katalon.core.main.ScriptEngine.runScriptAsRawText(ScriptEngine.java:119)
	at com.kms.katalon.core.main.TestCaseExecutor.runScript(TestCaseExecutor.java:442)
	at com.kms.katalon.core.main.TestCaseExecutor.doExecute(TestCaseExecutor.java:433)
	at com.kms.katalon.core.main.TestCaseExecutor.processExecutionPhase(TestCaseExecutor.java:412)
	at com.kms.katalon.core.main.TestCaseExecutor.accessMainPhase(TestCaseExecutor.java:404)
	at com.kms.katalon.core.main.TestCaseExecutor.execute(TestCaseExecutor.java:281)
	at com.kms.katalon.core.main.TestSuiteExecutor.accessTestCaseMainPhase(TestSuiteExecutor.java:202)
	at com.kms.katalon.core.main.TestSuiteExecutor.accessTestSuiteMainPhase(TestSuiteExecutor.java:164)
	at com.kms.katalon.core.main.TestSuiteExecutor.execute(TestSuiteExecutor.java:105)
	at com.kms.katalon.core.main.TestCaseMain.startTestSuite(TestCaseMain.java:181)
	at com.kms.katalon.core.main.TestCaseMain$startTestSuite$0.call(Unknown Source)
	at TempTestSuite1648100878643.run(TempTestSuite1648100878643.groovy:36)
)

2022-03-24 12:54:32 - [TEST_STEP][FAILED] - verifyElementPropertyValue(order, "GetDataOrderResponse.ListDataOrder[0].InsuranceData[3].Discount", o_discount_3, CONTINUE_ON_FAILURE): Unable to verify element property value (Root cause: java.lang.NullPointerException: Cannot get property 'Discount' on null object
	at Script1.run(Script1.groovy:1)
	at com.kms.katalon.core.webservice.helper.WebServiceCommonHelper.parseAndGetPropertyValueForJson(WebServiceCommonHelper.java:213)
	at com.kms.katalon.core.webservice.keyword.builtin.VerifyElementPropertyValueKeyword$_verifyElementPropertyValue_closure1.doCall(VerifyElementPropertyValueKeyword.groovy:52)
	at com.kms.katalon.core.webservice.keyword.builtin.VerifyElementPropertyValueKeyword$_verifyElementPropertyValue_closure1.call(VerifyElementPropertyValueKeyword.groovy)
	at com.kms.katalon.core.keyword.internal.KeywordMain.runKeyword(KeywordMain.groovy:74)
	at com.kms.katalon.core.webservice.keyword.builtin.VerifyElementPropertyValueKeyword.verifyElementPropertyValue(VerifyElementPropertyValueKeyword.groovy:48)
	at com.kms.katalon.core.webservice.keyword.builtin.VerifyElementPropertyValueKeyword.execute(VerifyElementPropertyValueKeyword.groovy:43)
	at com.kms.katalon.core.keyword.internal.KeywordExecutor.executeKeywordForPlatform(KeywordExecutor.groovy:74)
	at com.kms.katalon.core.webservice.keyword.WSBuiltInKeywords.verifyElementPropertyValue(WSBuiltInKeywords.groovy:175)
	at com.kms.katalon.core.webservice.keyword.WSBuiltInKeywords$verifyElementPropertyValue$0.call(Unknown Source)
	at 1. get token - data order.run(1. get token - data order:565)
	at com.kms.katalon.core.main.ScriptEngine.run(ScriptEngine.java:194)
	at com.kms.katalon.core.main.ScriptEngine.runScriptAsRawText(ScriptEngine.java:119)
	at com.kms.katalon.core.main.TestCaseExecutor.runScript(TestCaseExecutor.java:442)
	at com.kms.katalon.core.main.TestCaseExecutor.doExecute(TestCaseExecutor.java:433)
	at com.kms.katalon.core.main.TestCaseExecutor.processExecutionPhase(TestCaseExecutor.java:412)
	at com.kms.katalon.core.main.TestCaseExecutor.accessMainPhase(TestCaseExecutor.java:404)
	at com.kms.katalon.core.main.TestCaseExecutor.execute(TestCaseExecutor.java:281)
	at com.kms.katalon.core.main.TestSuiteExecutor.accessTestCaseMainPhase(TestSuiteExecutor.java:202)
	at com.kms.katalon.core.main.TestSuiteExecutor.accessTestSuiteMainPhase(TestSuiteExecutor.java:164)
	at com.kms.katalon.core.main.TestSuiteExecutor.execute(TestSuiteExecutor.java:105)
	at com.kms.katalon.core.main.TestCaseMain.startTestSuite(TestCaseMain.java:181)
	at com.kms.katalon.core.main.TestCaseMain$startTestSuite$0.call(Unknown Source)
	at TempTestSuite1648100878643.run(TempTestSuite1648100878643.groovy:36)
)

2022-03-24 12:54:32 - [MESSAGE][FAILED] - Unable to verify element property value (Root cause: java.lang.NullPointerException: Cannot get property 'Discount' on null object
	at Script1.run(Script1.groovy:1)
	at com.kms.katalon.core.webservice.helper.WebServiceCommonHelper.parseAndGetPropertyValueForJson(WebServiceCommonHelper.java:213)
	at com.kms.katalon.core.webservice.keyword.builtin.VerifyElementPropertyValueKeyword$_verifyElementPropertyValue_closure1.doCall(VerifyElementPropertyValueKeyword.groovy:52)
	at com.kms.katalon.core.webservice.keyword.builtin.VerifyElementPropertyValueKeyword$_verifyElementPropertyValue_closure1.call(VerifyElementPropertyValueKeyword.groovy)
	at com.kms.katalon.core.keyword.internal.KeywordMain.runKeyword(KeywordMain.groovy:74)
	at com.kms.katalon.core.webservice.keyword.builtin.VerifyElementPropertyValueKeyword.verifyElementPropertyValue(VerifyElementPropertyValueKeyword.groovy:48)
	at com.kms.katalon.core.webservice.keyword.builtin.VerifyElementPropertyValueKeyword.execute(VerifyElementPropertyValueKeyword.groovy:43)
	at com.kms.katalon.core.keyword.internal.KeywordExecutor.executeKeywordForPlatform(KeywordExecutor.groovy:74)
	at com.kms.katalon.core.webservice.keyword.WSBuiltInKeywords.verifyElementPropertyValue(WSBuiltInKeywords.groovy:175)
	at com.kms.katalon.core.webservice.keyword.WSBuiltInKeywords$verifyElementPropertyValue$0.call(Unknown Source)
	at 1. get token - data order.run(1. get token - data order:565)
	at com.kms.katalon.core.main.ScriptEngine.run(ScriptEngine.java:194)
	at com.kms.katalon.core.main.ScriptEngine.runScriptAsRawText(ScriptEngine.java:119)
	at com.kms.katalon.core.main.TestCaseExecutor.runScript(TestCaseExecutor.java:442)
	at com.kms.katalon.core.main.TestCaseExecutor.doExecute(TestCaseExecutor.java:433)
	at com.kms.katalon.core.main.TestCaseExecutor.processExecutionPhase(TestCaseExecutor.java:412)
	at com.kms.katalon.core.main.TestCaseExecutor.accessMainPhase(TestCaseExecutor.java:404)
	at com.kms.katalon.core.main.TestCaseExecutor.execute(TestCaseExecutor.java:281)
	at com.kms.katalon.core.main.TestSuiteExecutor.accessTestCaseMainPhase(TestSuiteExecutor.java:202)
	at com.kms.katalon.core.main.TestSuiteExecutor.accessTestSuiteMainPhase(TestSuiteExecutor.java:164)
	at com.kms.katalon.core.main.TestSuiteExecutor.execute(TestSuiteExecutor.java:105)
	at com.kms.katalon.core.main.TestCaseMain.startTestSuite(TestCaseMain.java:181)
	at com.kms.katalon.core.main.TestCaseMain$startTestSuite$0.call(Unknown Source)
	at TempTestSuite1648100878643.run(TempTestSuite1648100878643.groovy:36)
)

2022-03-24 12:54:32 - [TEST_STEP][FAILED] - verifyElementPropertyValue(order, "GetDataOrderResponse.ListDataOrder[0].InsuranceData[3].Adm", o_adm_3, CONTINUE_ON_FAILURE): Unable to verify element property value (Root cause: java.lang.NullPointerException: Cannot get property 'Adm' on null object
	at Script1.run(Script1.groovy:1)
	at com.kms.katalon.core.webservice.helper.WebServiceCommonHelper.parseAndGetPropertyValueForJson(WebServiceCommonHelper.java:213)
	at com.kms.katalon.core.webservice.keyword.builtin.VerifyElementPropertyValueKeyword$_verifyElementPropertyValue_closure1.doCall(VerifyElementPropertyValueKeyword.groovy:52)
	at com.kms.katalon.core.webservice.keyword.builtin.VerifyElementPropertyValueKeyword$_verifyElementPropertyValue_closure1.call(VerifyElementPropertyValueKeyword.groovy)
	at com.kms.katalon.core.keyword.internal.KeywordMain.runKeyword(KeywordMain.groovy:74)
	at com.kms.katalon.core.webservice.keyword.builtin.VerifyElementPropertyValueKeyword.verifyElementPropertyValue(VerifyElementPropertyValueKeyword.groovy:48)
	at com.kms.katalon.core.webservice.keyword.builtin.VerifyElementPropertyValueKeyword.execute(VerifyElementPropertyValueKeyword.groovy:43)
	at com.kms.katalon.core.keyword.internal.KeywordExecutor.executeKeywordForPlatform(KeywordExecutor.groovy:74)
	at com.kms.katalon.core.webservice.keyword.WSBuiltInKeywords.verifyElementPropertyValue(WSBuiltInKeywords.groovy:175)
	at com.kms.katalon.core.webservice.keyword.WSBuiltInKeywords$verifyElementPropertyValue$0.call(Unknown Source)
	at 1. get token - data order.run(1. get token - data order:568)
	at com.kms.katalon.core.main.ScriptEngine.run(ScriptEngine.java:194)
	at com.kms.katalon.core.main.ScriptEngine.runScriptAsRawText(ScriptEngine.java:119)
	at com.kms.katalon.core.main.TestCaseExecutor.runScript(TestCaseExecutor.java:442)
	at com.kms.katalon.core.main.TestCaseExecutor.doExecute(TestCaseExecutor.java:433)
	at com.kms.katalon.core.main.TestCaseExecutor.processExecutionPhase(TestCaseExecutor.java:412)
	at com.kms.katalon.core.main.TestCaseExecutor.accessMainPhase(TestCaseExecutor.java:404)
	at com.kms.katalon.core.main.TestCaseExecutor.execute(TestCaseExecutor.java:281)
	at com.kms.katalon.core.main.TestSuiteExecutor.accessTestCaseMainPhase(TestSuiteExecutor.java:202)
	at com.kms.katalon.core.main.TestSuiteExecutor.accessTestSuiteMainPhase(TestSuiteExecutor.java:164)
	at com.kms.katalon.core.main.TestSuiteExecutor.execute(TestSuiteExecutor.java:105)
	at com.kms.katalon.core.main.TestCaseMain.startTestSuite(TestCaseMain.java:181)
	at com.kms.katalon.core.main.TestCaseMain$startTestSuite$0.call(Unknown Source)
	at TempTestSuite1648100878643.run(TempTestSuite1648100878643.groovy:36)
)

2022-03-24 12:54:32 - [MESSAGE][FAILED] - Unable to verify element property value (Root cause: java.lang.NullPointerException: Cannot get property 'Adm' on null object
	at Script1.run(Script1.groovy:1)
	at com.kms.katalon.core.webservice.helper.WebServiceCommonHelper.parseAndGetPropertyValueForJson(WebServiceCommonHelper.java:213)
	at com.kms.katalon.core.webservice.keyword.builtin.VerifyElementPropertyValueKeyword$_verifyElementPropertyValue_closure1.doCall(VerifyElementPropertyValueKeyword.groovy:52)
	at com.kms.katalon.core.webservice.keyword.builtin.VerifyElementPropertyValueKeyword$_verifyElementPropertyValue_closure1.call(VerifyElementPropertyValueKeyword.groovy)
	at com.kms.katalon.core.keyword.internal.KeywordMain.runKeyword(KeywordMain.groovy:74)
	at com.kms.katalon.core.webservice.keyword.builtin.VerifyElementPropertyValueKeyword.verifyElementPropertyValue(VerifyElementPropertyValueKeyword.groovy:48)
	at com.kms.katalon.core.webservice.keyword.builtin.VerifyElementPropertyValueKeyword.execute(VerifyElementPropertyValueKeyword.groovy:43)
	at com.kms.katalon.core.keyword.internal.KeywordExecutor.executeKeywordForPlatform(KeywordExecutor.groovy:74)
	at com.kms.katalon.core.webservice.keyword.WSBuiltInKeywords.verifyElementPropertyValue(WSBuiltInKeywords.groovy:175)
	at com.kms.katalon.core.webservice.keyword.WSBuiltInKeywords$verifyElementPropertyValue$0.call(Unknown Source)
	at 1. get token - data order.run(1. get token - data order:568)
	at com.kms.katalon.core.main.ScriptEngine.run(ScriptEngine.java:194)
	at com.kms.katalon.core.main.ScriptEngine.runScriptAsRawText(ScriptEngine.java:119)
	at com.kms.katalon.core.main.TestCaseExecutor.runScript(TestCaseExecutor.java:442)
	at com.kms.katalon.core.main.TestCaseExecutor.doExecute(TestCaseExecutor.java:433)
	at com.kms.katalon.core.main.TestCaseExecutor.processExecutionPhase(TestCaseExecutor.java:412)
	at com.kms.katalon.core.main.TestCaseExecutor.accessMainPhase(TestCaseExecutor.java:404)
	at com.kms.katalon.core.main.TestCaseExecutor.execute(TestCaseExecutor.java:281)
	at com.kms.katalon.core.main.TestSuiteExecutor.accessTestCaseMainPhase(TestSuiteExecutor.java:202)
	at com.kms.katalon.core.main.TestSuiteExecutor.accessTestSuiteMainPhase(TestSuiteExecutor.java:164)
	at com.kms.katalon.core.main.TestSuiteExecutor.execute(TestSuiteExecutor.java:105)
	at com.kms.katalon.core.main.TestCaseMain.startTestSuite(TestCaseMain.java:181)
	at com.kms.katalon.core.main.TestCaseMain$startTestSuite$0.call(Unknown Source)
	at TempTestSuite1648100878643.run(TempTestSuite1648100878643.groovy:36)
)

2022-03-24 12:54:32 - [TEST_STEP][FAILED] - verifyElementPropertyValue(order, "GetDataOrderResponse.ListDataOrder[0].InsuranceData[3].NetPremi", o_netpremi_3, CONTINUE_ON_FAILURE): Unable to verify element property value (Root cause: java.lang.NullPointerException: Cannot get property 'NetPremi' on null object
	at Script1.run(Script1.groovy:1)
	at com.kms.katalon.core.webservice.helper.WebServiceCommonHelper.parseAndGetPropertyValueForJson(WebServiceCommonHelper.java:213)
	at com.kms.katalon.core.webservice.keyword.builtin.VerifyElementPropertyValueKeyword$_verifyElementPropertyValue_closure1.doCall(VerifyElementPropertyValueKeyword.groovy:52)
	at com.kms.katalon.core.webservice.keyword.builtin.VerifyElementPropertyValueKeyword$_verifyElementPropertyValue_closure1.call(VerifyElementPropertyValueKeyword.groovy)
	at com.kms.katalon.core.keyword.internal.KeywordMain.runKeyword(KeywordMain.groovy:74)
	at com.kms.katalon.core.webservice.keyword.builtin.VerifyElementPropertyValueKeyword.verifyElementPropertyValue(VerifyElementPropertyValueKeyword.groovy:48)
	at com.kms.katalon.core.webservice.keyword.builtin.VerifyElementPropertyValueKeyword.execute(VerifyElementPropertyValueKeyword.groovy:43)
	at com.kms.katalon.core.keyword.internal.KeywordExecutor.executeKeywordForPlatform(KeywordExecutor.groovy:74)
	at com.kms.katalon.core.webservice.keyword.WSBuiltInKeywords.verifyElementPropertyValue(WSBuiltInKeywords.groovy:175)
	at com.kms.katalon.core.webservice.keyword.WSBuiltInKeywords$verifyElementPropertyValue$0.call(Unknown Source)
	at 1. get token - data order.run(1. get token - data order:570)
	at com.kms.katalon.core.main.ScriptEngine.run(ScriptEngine.java:194)
	at com.kms.katalon.core.main.ScriptEngine.runScriptAsRawText(ScriptEngine.java:119)
	at com.kms.katalon.core.main.TestCaseExecutor.runScript(TestCaseExecutor.java:442)
	at com.kms.katalon.core.main.TestCaseExecutor.doExecute(TestCaseExecutor.java:433)
	at com.kms.katalon.core.main.TestCaseExecutor.processExecutionPhase(TestCaseExecutor.java:412)
	at com.kms.katalon.core.main.TestCaseExecutor.accessMainPhase(TestCaseExecutor.java:404)
	at com.kms.katalon.core.main.TestCaseExecutor.execute(TestCaseExecutor.java:281)
	at com.kms.katalon.core.main.TestSuiteExecutor.accessTestCaseMainPhase(TestSuiteExecutor.java:202)
	at com.kms.katalon.core.main.TestSuiteExecutor.accessTestSuiteMainPhase(TestSuiteExecutor.java:164)
	at com.kms.katalon.core.main.TestSuiteExecutor.execute(TestSuiteExecutor.java:105)
	at com.kms.katalon.core.main.TestCaseMain.startTestSuite(TestCaseMain.java:181)
	at com.kms.katalon.core.main.TestCaseMain$startTestSuite$0.call(Unknown Source)
	at TempTestSuite1648100878643.run(TempTestSuite1648100878643.groovy:36)
)

2022-03-24 12:54:32 - [MESSAGE][FAILED] - Unable to verify element property value (Root cause: java.lang.NullPointerException: Cannot get property 'NetPremi' on null object
	at Script1.run(Script1.groovy:1)
	at com.kms.katalon.core.webservice.helper.WebServiceCommonHelper.parseAndGetPropertyValueForJson(WebServiceCommonHelper.java:213)
	at com.kms.katalon.core.webservice.keyword.builtin.VerifyElementPropertyValueKeyword$_verifyElementPropertyValue_closure1.doCall(VerifyElementPropertyValueKeyword.groovy:52)
	at com.kms.katalon.core.webservice.keyword.builtin.VerifyElementPropertyValueKeyword$_verifyElementPropertyValue_closure1.call(VerifyElementPropertyValueKeyword.groovy)
	at com.kms.katalon.core.keyword.internal.KeywordMain.runKeyword(KeywordMain.groovy:74)
	at com.kms.katalon.core.webservice.keyword.builtin.VerifyElementPropertyValueKeyword.verifyElementPropertyValue(VerifyElementPropertyValueKeyword.groovy:48)
	at com.kms.katalon.core.webservice.keyword.builtin.VerifyElementPropertyValueKeyword.execute(VerifyElementPropertyValueKeyword.groovy:43)
	at com.kms.katalon.core.keyword.internal.KeywordExecutor.executeKeywordForPlatform(KeywordExecutor.groovy:74)
	at com.kms.katalon.core.webservice.keyword.WSBuiltInKeywords.verifyElementPropertyValue(WSBuiltInKeywords.groovy:175)
	at com.kms.katalon.core.webservice.keyword.WSBuiltInKeywords$verifyElementPropertyValue$0.call(Unknown Source)
	at 1. get token - data order.run(1. get token - data order:570)
	at com.kms.katalon.core.main.ScriptEngine.run(ScriptEngine.java:194)
	at com.kms.katalon.core.main.ScriptEngine.runScriptAsRawText(ScriptEngine.java:119)
	at com.kms.katalon.core.main.TestCaseExecutor.runScript(TestCaseExecutor.java:442)
	at com.kms.katalon.core.main.TestCaseExecutor.doExecute(TestCaseExecutor.java:433)
	at com.kms.katalon.core.main.TestCaseExecutor.processExecutionPhase(TestCaseExecutor.java:412)
	at com.kms.katalon.core.main.TestCaseExecutor.accessMainPhase(TestCaseExecutor.java:404)
	at com.kms.katalon.core.main.TestCaseExecutor.execute(TestCaseExecutor.java:281)
	at com.kms.katalon.core.main.TestSuiteExecutor.accessTestCaseMainPhase(TestSuiteExecutor.java:202)
	at com.kms.katalon.core.main.TestSuiteExecutor.accessTestSuiteMainPhase(TestSuiteExecutor.java:164)
	at com.kms.katalon.core.main.TestSuiteExecutor.execute(TestSuiteExecutor.java:105)
	at com.kms.katalon.core.main.TestCaseMain.startTestSuite(TestCaseMain.java:181)
	at com.kms.katalon.core.main.TestCaseMain$startTestSuite$0.call(Unknown Source)
	at TempTestSuite1648100878643.run(TempTestSuite1648100878643.groovy:36)
)

2022-03-24 12:54:32 - [TEST_STEP][FAILED] - verifyElementPropertyValue(order, "GetDataOrderResponse.ListDataOrder[0].InsuranceData[3].PerluasanJaminan.TJH", o_tjh_val_3, CONTINUE_ON_FAILURE): Unable to verify element property value (Root cause: java.lang.NullPointerException: Cannot get property 'PerluasanJaminan' on null object
	at Script1.run(Script1.groovy:1)
	at com.kms.katalon.core.webservice.helper.WebServiceCommonHelper.parseAndGetPropertyValueForJson(WebServiceCommonHelper.java:213)
	at com.kms.katalon.core.webservice.keyword.builtin.VerifyElementPropertyValueKeyword$_verifyElementPropertyValue_closure1.doCall(VerifyElementPropertyValueKeyword.groovy:52)
	at com.kms.katalon.core.webservice.keyword.builtin.VerifyElementPropertyValueKeyword$_verifyElementPropertyValue_closure1.call(VerifyElementPropertyValueKeyword.groovy)
	at com.kms.katalon.core.keyword.internal.KeywordMain.runKeyword(KeywordMain.groovy:74)
	at com.kms.katalon.core.webservice.keyword.builtin.VerifyElementPropertyValueKeyword.verifyElementPropertyValue(VerifyElementPropertyValueKeyword.groovy:48)
	at com.kms.katalon.core.webservice.keyword.builtin.VerifyElementPropertyValueKeyword.execute(VerifyElementPropertyValueKeyword.groovy:43)
	at com.kms.katalon.core.keyword.internal.KeywordExecutor.executeKeywordForPlatform(KeywordExecutor.groovy:74)
	at com.kms.katalon.core.webservice.keyword.WSBuiltInKeywords.verifyElementPropertyValue(WSBuiltInKeywords.groovy:175)
	at com.kms.katalon.core.webservice.keyword.WSBuiltInKeywords$verifyElementPropertyValue$0.call(Unknown Source)
	at 1. get token - data order.run(1. get token - data order:573)
	at com.kms.katalon.core.main.ScriptEngine.run(ScriptEngine.java:194)
	at com.kms.katalon.core.main.ScriptEngine.runScriptAsRawText(ScriptEngine.java:119)
	at com.kms.katalon.core.main.TestCaseExecutor.runScript(TestCaseExecutor.java:442)
	at com.kms.katalon.core.main.TestCaseExecutor.doExecute(TestCaseExecutor.java:433)
	at com.kms.katalon.core.main.TestCaseExecutor.processExecutionPhase(TestCaseExecutor.java:412)
	at com.kms.katalon.core.main.TestCaseExecutor.accessMainPhase(TestCaseExecutor.java:404)
	at com.kms.katalon.core.main.TestCaseExecutor.execute(TestCaseExecutor.java:281)
	at com.kms.katalon.core.main.TestSuiteExecutor.accessTestCaseMainPhase(TestSuiteExecutor.java:202)
	at com.kms.katalon.core.main.TestSuiteExecutor.accessTestSuiteMainPhase(TestSuiteExecutor.java:164)
	at com.kms.katalon.core.main.TestSuiteExecutor.execute(TestSuiteExecutor.java:105)
	at com.kms.katalon.core.main.TestCaseMain.startTestSuite(TestCaseMain.java:181)
	at com.kms.katalon.core.main.TestCaseMain$startTestSuite$0.call(Unknown Source)
	at TempTestSuite1648100878643.run(TempTestSuite1648100878643.groovy:36)
)

2022-03-24 12:54:32 - [MESSAGE][FAILED] - Unable to verify element property value (Root cause: java.lang.NullPointerException: Cannot get property 'PerluasanJaminan' on null object
	at Script1.run(Script1.groovy:1)
	at com.kms.katalon.core.webservice.helper.WebServiceCommonHelper.parseAndGetPropertyValueForJson(WebServiceCommonHelper.java:213)
	at com.kms.katalon.core.webservice.keyword.builtin.VerifyElementPropertyValueKeyword$_verifyElementPropertyValue_closure1.doCall(VerifyElementPropertyValueKeyword.groovy:52)
	at com.kms.katalon.core.webservice.keyword.builtin.VerifyElementPropertyValueKeyword$_verifyElementPropertyValue_closure1.call(VerifyElementPropertyValueKeyword.groovy)
	at com.kms.katalon.core.keyword.internal.KeywordMain.runKeyword(KeywordMain.groovy:74)
	at com.kms.katalon.core.webservice.keyword.builtin.VerifyElementPropertyValueKeyword.verifyElementPropertyValue(VerifyElementPropertyValueKeyword.groovy:48)
	at com.kms.katalon.core.webservice.keyword.builtin.VerifyElementPropertyValueKeyword.execute(VerifyElementPropertyValueKeyword.groovy:43)
	at com.kms.katalon.core.keyword.internal.KeywordExecutor.executeKeywordForPlatform(KeywordExecutor.groovy:74)
	at com.kms.katalon.core.webservice.keyword.WSBuiltInKeywords.verifyElementPropertyValue(WSBuiltInKeywords.groovy:175)
	at com.kms.katalon.core.webservice.keyword.WSBuiltInKeywords$verifyElementPropertyValue$0.call(Unknown Source)
	at 1. get token - data order.run(1. get token - data order:573)
	at com.kms.katalon.core.main.ScriptEngine.run(ScriptEngine.java:194)
	at com.kms.katalon.core.main.ScriptEngine.runScriptAsRawText(ScriptEngine.java:119)
	at com.kms.katalon.core.main.TestCaseExecutor.runScript(TestCaseExecutor.java:442)
	at com.kms.katalon.core.main.TestCaseExecutor.doExecute(TestCaseExecutor.java:433)
	at com.kms.katalon.core.main.TestCaseExecutor.processExecutionPhase(TestCaseExecutor.java:412)
	at com.kms.katalon.core.main.TestCaseExecutor.accessMainPhase(TestCaseExecutor.java:404)
	at com.kms.katalon.core.main.TestCaseExecutor.execute(TestCaseExecutor.java:281)
	at com.kms.katalon.core.main.TestSuiteExecutor.accessTestCaseMainPhase(TestSuiteExecutor.java:202)
	at com.kms.katalon.core.main.TestSuiteExecutor.accessTestSuiteMainPhase(TestSuiteExecutor.java:164)
	at com.kms.katalon.core.main.TestSuiteExecutor.execute(TestSuiteExecutor.java:105)
	at com.kms.katalon.core.main.TestCaseMain.startTestSuite(TestCaseMain.java:181)
	at com.kms.katalon.core.main.TestCaseMain$startTestSuite$0.call(Unknown Source)
	at TempTestSuite1648100878643.run(TempTestSuite1648100878643.groovy:36)
)

2022-03-24 12:54:32 - [TEST_STEP][FAILED] - verifyElementPropertyValue(order, "GetDataOrderResponse.ListDataOrder[0].InsuranceData[3].PerluasanJaminan.RSCC", o_rscc_val_3, CONTINUE_ON_FAILURE): Unable to verify element property value (Root cause: java.lang.NullPointerException: Cannot get property 'PerluasanJaminan' on null object
	at Script1.run(Script1.groovy:1)
	at com.kms.katalon.core.webservice.helper.WebServiceCommonHelper.parseAndGetPropertyValueForJson(WebServiceCommonHelper.java:213)
	at com.kms.katalon.core.webservice.keyword.builtin.VerifyElementPropertyValueKeyword$_verifyElementPropertyValue_closure1.doCall(VerifyElementPropertyValueKeyword.groovy:52)
	at com.kms.katalon.core.webservice.keyword.builtin.VerifyElementPropertyValueKeyword$_verifyElementPropertyValue_closure1.call(VerifyElementPropertyValueKeyword.groovy)
	at com.kms.katalon.core.keyword.internal.KeywordMain.runKeyword(KeywordMain.groovy:74)
	at com.kms.katalon.core.webservice.keyword.builtin.VerifyElementPropertyValueKeyword.verifyElementPropertyValue(VerifyElementPropertyValueKeyword.groovy:48)
	at com.kms.katalon.core.webservice.keyword.builtin.VerifyElementPropertyValueKeyword.execute(VerifyElementPropertyValueKeyword.groovy:43)
	at com.kms.katalon.core.keyword.internal.KeywordExecutor.executeKeywordForPlatform(KeywordExecutor.groovy:74)
	at com.kms.katalon.core.webservice.keyword.WSBuiltInKeywords.verifyElementPropertyValue(WSBuiltInKeywords.groovy:175)
	at com.kms.katalon.core.webservice.keyword.WSBuiltInKeywords$verifyElementPropertyValue$0.call(Unknown Source)
	at 1. get token - data order.run(1. get token - data order:576)
	at com.kms.katalon.core.main.ScriptEngine.run(ScriptEngine.java:194)
	at com.kms.katalon.core.main.ScriptEngine.runScriptAsRawText(ScriptEngine.java:119)
	at com.kms.katalon.core.main.TestCaseExecutor.runScript(TestCaseExecutor.java:442)
	at com.kms.katalon.core.main.TestCaseExecutor.doExecute(TestCaseExecutor.java:433)
	at com.kms.katalon.core.main.TestCaseExecutor.processExecutionPhase(TestCaseExecutor.java:412)
	at com.kms.katalon.core.main.TestCaseExecutor.accessMainPhase(TestCaseExecutor.java:404)
	at com.kms.katalon.core.main.TestCaseExecutor.execute(TestCaseExecutor.java:281)
	at com.kms.katalon.core.main.TestSuiteExecutor.accessTestCaseMainPhase(TestSuiteExecutor.java:202)
	at com.kms.katalon.core.main.TestSuiteExecutor.accessTestSuiteMainPhase(TestSuiteExecutor.java:164)
	at com.kms.katalon.core.main.TestSuiteExecutor.execute(TestSuiteExecutor.java:105)
	at com.kms.katalon.core.main.TestCaseMain.startTestSuite(TestCaseMain.java:181)
	at com.kms.katalon.core.main.TestCaseMain$startTestSuite$0.call(Unknown Source)
	at TempTestSuite1648100878643.run(TempTestSuite1648100878643.groovy:36)
)

2022-03-24 12:54:32 - [MESSAGE][FAILED] - Unable to verify element property value (Root cause: java.lang.NullPointerException: Cannot get property 'PerluasanJaminan' on null object
	at Script1.run(Script1.groovy:1)
	at com.kms.katalon.core.webservice.helper.WebServiceCommonHelper.parseAndGetPropertyValueForJson(WebServiceCommonHelper.java:213)
	at com.kms.katalon.core.webservice.keyword.builtin.VerifyElementPropertyValueKeyword$_verifyElementPropertyValue_closure1.doCall(VerifyElementPropertyValueKeyword.groovy:52)
	at com.kms.katalon.core.webservice.keyword.builtin.VerifyElementPropertyValueKeyword$_verifyElementPropertyValue_closure1.call(VerifyElementPropertyValueKeyword.groovy)
	at com.kms.katalon.core.keyword.internal.KeywordMain.runKeyword(KeywordMain.groovy:74)
	at com.kms.katalon.core.webservice.keyword.builtin.VerifyElementPropertyValueKeyword.verifyElementPropertyValue(VerifyElementPropertyValueKeyword.groovy:48)
	at com.kms.katalon.core.webservice.keyword.builtin.VerifyElementPropertyValueKeyword.execute(VerifyElementPropertyValueKeyword.groovy:43)
	at com.kms.katalon.core.keyword.internal.KeywordExecutor.executeKeywordForPlatform(KeywordExecutor.groovy:74)
	at com.kms.katalon.core.webservice.keyword.WSBuiltInKeywords.verifyElementPropertyValue(WSBuiltInKeywords.groovy:175)
	at com.kms.katalon.core.webservice.keyword.WSBuiltInKeywords$verifyElementPropertyValue$0.call(Unknown Source)
	at 1. get token - data order.run(1. get token - data order:576)
	at com.kms.katalon.core.main.ScriptEngine.run(ScriptEngine.java:194)
	at com.kms.katalon.core.main.ScriptEngine.runScriptAsRawText(ScriptEngine.java:119)
	at com.kms.katalon.core.main.TestCaseExecutor.runScript(TestCaseExecutor.java:442)
	at com.kms.katalon.core.main.TestCaseExecutor.doExecute(TestCaseExecutor.java:433)
	at com.kms.katalon.core.main.TestCaseExecutor.processExecutionPhase(TestCaseExecutor.java:412)
	at com.kms.katalon.core.main.TestCaseExecutor.accessMainPhase(TestCaseExecutor.java:404)
	at com.kms.katalon.core.main.TestCaseExecutor.execute(TestCaseExecutor.java:281)
	at com.kms.katalon.core.main.TestSuiteExecutor.accessTestCaseMainPhase(TestSuiteExecutor.java:202)
	at com.kms.katalon.core.main.TestSuiteExecutor.accessTestSuiteMainPhase(TestSuiteExecutor.java:164)
	at com.kms.katalon.core.main.TestSuiteExecutor.execute(TestSuiteExecutor.java:105)
	at com.kms.katalon.core.main.TestCaseMain.startTestSuite(TestCaseMain.java:181)
	at com.kms.katalon.core.main.TestCaseMain$startTestSuite$0.call(Unknown Source)
	at TempTestSuite1648100878643.run(TempTestSuite1648100878643.groovy:36)
)

2022-03-24 12:54:32 - [TEST_STEP][FAILED] - verifyElementPropertyValue(order, "GetDataOrderResponse.ListDataOrder[0].InsuranceData[3].PerluasanJaminan.Banjir", o_rsmb_val_3, CONTINUE_ON_FAILURE): Unable to verify element property value (Root cause: java.lang.NullPointerException: Cannot get property 'PerluasanJaminan' on null object
	at Script1.run(Script1.groovy:1)
	at com.kms.katalon.core.webservice.helper.WebServiceCommonHelper.parseAndGetPropertyValueForJson(WebServiceCommonHelper.java:213)
	at com.kms.katalon.core.webservice.keyword.builtin.VerifyElementPropertyValueKeyword$_verifyElementPropertyValue_closure1.doCall(VerifyElementPropertyValueKeyword.groovy:52)
	at com.kms.katalon.core.webservice.keyword.builtin.VerifyElementPropertyValueKeyword$_verifyElementPropertyValue_closure1.call(VerifyElementPropertyValueKeyword.groovy)
	at com.kms.katalon.core.keyword.internal.KeywordMain.runKeyword(KeywordMain.groovy:74)
	at com.kms.katalon.core.webservice.keyword.builtin.VerifyElementPropertyValueKeyword.verifyElementPropertyValue(VerifyElementPropertyValueKeyword.groovy:48)
	at com.kms.katalon.core.webservice.keyword.builtin.VerifyElementPropertyValueKeyword.execute(VerifyElementPropertyValueKeyword.groovy:43)
	at com.kms.katalon.core.keyword.internal.KeywordExecutor.executeKeywordForPlatform(KeywordExecutor.groovy:74)
	at com.kms.katalon.core.webservice.keyword.WSBuiltInKeywords.verifyElementPropertyValue(WSBuiltInKeywords.groovy:175)
	at com.kms.katalon.core.webservice.keyword.WSBuiltInKeywords$verifyElementPropertyValue$0.call(Unknown Source)
	at 1. get token - data order.run(1. get token - data order:579)
	at com.kms.katalon.core.main.ScriptEngine.run(ScriptEngine.java:194)
	at com.kms.katalon.core.main.ScriptEngine.runScriptAsRawText(ScriptEngine.java:119)
	at com.kms.katalon.core.main.TestCaseExecutor.runScript(TestCaseExecutor.java:442)
	at com.kms.katalon.core.main.TestCaseExecutor.doExecute(TestCaseExecutor.java:433)
	at com.kms.katalon.core.main.TestCaseExecutor.processExecutionPhase(TestCaseExecutor.java:412)
	at com.kms.katalon.core.main.TestCaseExecutor.accessMainPhase(TestCaseExecutor.java:404)
	at com.kms.katalon.core.main.TestCaseExecutor.execute(TestCaseExecutor.java:281)
	at com.kms.katalon.core.main.TestSuiteExecutor.accessTestCaseMainPhase(TestSuiteExecutor.java:202)
	at com.kms.katalon.core.main.TestSuiteExecutor.accessTestSuiteMainPhase(TestSuiteExecutor.java:164)
	at com.kms.katalon.core.main.TestSuiteExecutor.execute(TestSuiteExecutor.java:105)
	at com.kms.katalon.core.main.TestCaseMain.startTestSuite(TestCaseMain.java:181)
	at com.kms.katalon.core.main.TestCaseMain$startTestSuite$0.call(Unknown Source)
	at TempTestSuite1648100878643.run(TempTestSuite1648100878643.groovy:36)
)

2022-03-24 12:54:32 - [MESSAGE][FAILED] - Unable to verify element property value (Root cause: java.lang.NullPointerException: Cannot get property 'PerluasanJaminan' on null object
	at Script1.run(Script1.groovy:1)
	at com.kms.katalon.core.webservice.helper.WebServiceCommonHelper.parseAndGetPropertyValueForJson(WebServiceCommonHelper.java:213)
	at com.kms.katalon.core.webservice.keyword.builtin.VerifyElementPropertyValueKeyword$_verifyElementPropertyValue_closure1.doCall(VerifyElementPropertyValueKeyword.groovy:52)
	at com.kms.katalon.core.webservice.keyword.builtin.VerifyElementPropertyValueKeyword$_verifyElementPropertyValue_closure1.call(VerifyElementPropertyValueKeyword.groovy)
	at com.kms.katalon.core.keyword.internal.KeywordMain.runKeyword(KeywordMain.groovy:74)
	at com.kms.katalon.core.webservice.keyword.builtin.VerifyElementPropertyValueKeyword.verifyElementPropertyValue(VerifyElementPropertyValueKeyword.groovy:48)
	at com.kms.katalon.core.webservice.keyword.builtin.VerifyElementPropertyValueKeyword.execute(VerifyElementPropertyValueKeyword.groovy:43)
	at com.kms.katalon.core.keyword.internal.KeywordExecutor.executeKeywordForPlatform(KeywordExecutor.groovy:74)
	at com.kms.katalon.core.webservice.keyword.WSBuiltInKeywords.verifyElementPropertyValue(WSBuiltInKeywords.groovy:175)
	at com.kms.katalon.core.webservice.keyword.WSBuiltInKeywords$verifyElementPropertyValue$0.call(Unknown Source)
	at 1. get token - data order.run(1. get token - data order:579)
	at com.kms.katalon.core.main.ScriptEngine.run(ScriptEngine.java:194)
	at com.kms.katalon.core.main.ScriptEngine.runScriptAsRawText(ScriptEngine.java:119)
	at com.kms.katalon.core.main.TestCaseExecutor.runScript(TestCaseExecutor.java:442)
	at com.kms.katalon.core.main.TestCaseExecutor.doExecute(TestCaseExecutor.java:433)
	at com.kms.katalon.core.main.TestCaseExecutor.processExecutionPhase(TestCaseExecutor.java:412)
	at com.kms.katalon.core.main.TestCaseExecutor.accessMainPhase(TestCaseExecutor.java:404)
	at com.kms.katalon.core.main.TestCaseExecutor.execute(TestCaseExecutor.java:281)
	at com.kms.katalon.core.main.TestSuiteExecutor.accessTestCaseMainPhase(TestSuiteExecutor.java:202)
	at com.kms.katalon.core.main.TestSuiteExecutor.accessTestSuiteMainPhase(TestSuiteExecutor.java:164)
	at com.kms.katalon.core.main.TestSuiteExecutor.execute(TestSuiteExecutor.java:105)
	at com.kms.katalon.core.main.TestCaseMain.startTestSuite(TestCaseMain.java:181)
	at com.kms.katalon.core.main.TestCaseMain$startTestSuite$0.call(Unknown Source)
	at TempTestSuite1648100878643.run(TempTestSuite1648100878643.groovy:36)
)

2022-03-24 12:54:32 - [TEST_STEP][FAILED] - verifyElementPropertyValue(order, "GetDataOrderResponse.ListDataOrder[0].InsuranceData[3].PerluasanJaminan.Accessories", o_acc_val_3, CONTINUE_ON_FAILURE): Unable to verify element property value (Root cause: java.lang.NullPointerException: Cannot get property 'PerluasanJaminan' on null object
	at Script1.run(Script1.groovy:1)
	at com.kms.katalon.core.webservice.helper.WebServiceCommonHelper.parseAndGetPropertyValueForJson(WebServiceCommonHelper.java:213)
	at com.kms.katalon.core.webservice.keyword.builtin.VerifyElementPropertyValueKeyword$_verifyElementPropertyValue_closure1.doCall(VerifyElementPropertyValueKeyword.groovy:52)
	at com.kms.katalon.core.webservice.keyword.builtin.VerifyElementPropertyValueKeyword$_verifyElementPropertyValue_closure1.call(VerifyElementPropertyValueKeyword.groovy)
	at com.kms.katalon.core.keyword.internal.KeywordMain.runKeyword(KeywordMain.groovy:74)
	at com.kms.katalon.core.webservice.keyword.builtin.VerifyElementPropertyValueKeyword.verifyElementPropertyValue(VerifyElementPropertyValueKeyword.groovy:48)
	at com.kms.katalon.core.webservice.keyword.builtin.VerifyElementPropertyValueKeyword.execute(VerifyElementPropertyValueKeyword.groovy:43)
	at com.kms.katalon.core.keyword.internal.KeywordExecutor.executeKeywordForPlatform(KeywordExecutor.groovy:74)
	at com.kms.katalon.core.webservice.keyword.WSBuiltInKeywords.verifyElementPropertyValue(WSBuiltInKeywords.groovy:175)
	at com.kms.katalon.core.webservice.keyword.WSBuiltInKeywords$verifyElementPropertyValue$0.call(Unknown Source)
	at 1. get token - data order.run(1. get token - data order:582)
	at com.kms.katalon.core.main.ScriptEngine.run(ScriptEngine.java:194)
	at com.kms.katalon.core.main.ScriptEngine.runScriptAsRawText(ScriptEngine.java:119)
	at com.kms.katalon.core.main.TestCaseExecutor.runScript(TestCaseExecutor.java:442)
	at com.kms.katalon.core.main.TestCaseExecutor.doExecute(TestCaseExecutor.java:433)
	at com.kms.katalon.core.main.TestCaseExecutor.processExecutionPhase(TestCaseExecutor.java:412)
	at com.kms.katalon.core.main.TestCaseExecutor.accessMainPhase(TestCaseExecutor.java:404)
	at com.kms.katalon.core.main.TestCaseExecutor.execute(TestCaseExecutor.java:281)
	at com.kms.katalon.core.main.TestSuiteExecutor.accessTestCaseMainPhase(TestSuiteExecutor.java:202)
	at com.kms.katalon.core.main.TestSuiteExecutor.accessTestSuiteMainPhase(TestSuiteExecutor.java:164)
	at com.kms.katalon.core.main.TestSuiteExecutor.execute(TestSuiteExecutor.java:105)
	at com.kms.katalon.core.main.TestCaseMain.startTestSuite(TestCaseMain.java:181)
	at com.kms.katalon.core.main.TestCaseMain$startTestSuite$0.call(Unknown Source)
	at TempTestSuite1648100878643.run(TempTestSuite1648100878643.groovy:36)
)

2022-03-24 12:54:32 - [MESSAGE][FAILED] - Unable to verify element property value (Root cause: java.lang.NullPointerException: Cannot get property 'PerluasanJaminan' on null object
	at Script1.run(Script1.groovy:1)
	at com.kms.katalon.core.webservice.helper.WebServiceCommonHelper.parseAndGetPropertyValueForJson(WebServiceCommonHelper.java:213)
	at com.kms.katalon.core.webservice.keyword.builtin.VerifyElementPropertyValueKeyword$_verifyElementPropertyValue_closure1.doCall(VerifyElementPropertyValueKeyword.groovy:52)
	at com.kms.katalon.core.webservice.keyword.builtin.VerifyElementPropertyValueKeyword$_verifyElementPropertyValue_closure1.call(VerifyElementPropertyValueKeyword.groovy)
	at com.kms.katalon.core.keyword.internal.KeywordMain.runKeyword(KeywordMain.groovy:74)
	at com.kms.katalon.core.webservice.keyword.builtin.VerifyElementPropertyValueKeyword.verifyElementPropertyValue(VerifyElementPropertyValueKeyword.groovy:48)
	at com.kms.katalon.core.webservice.keyword.builtin.VerifyElementPropertyValueKeyword.execute(VerifyElementPropertyValueKeyword.groovy:43)
	at com.kms.katalon.core.keyword.internal.KeywordExecutor.executeKeywordForPlatform(KeywordExecutor.groovy:74)
	at com.kms.katalon.core.webservice.keyword.WSBuiltInKeywords.verifyElementPropertyValue(WSBuiltInKeywords.groovy:175)
	at com.kms.katalon.core.webservice.keyword.WSBuiltInKeywords$verifyElementPropertyValue$0.call(Unknown Source)
	at 1. get token - data order.run(1. get token - data order:582)
	at com.kms.katalon.core.main.ScriptEngine.run(ScriptEngine.java:194)
	at com.kms.katalon.core.main.ScriptEngine.runScriptAsRawText(ScriptEngine.java:119)
	at com.kms.katalon.core.main.TestCaseExecutor.runScript(TestCaseExecutor.java:442)
	at com.kms.katalon.core.main.TestCaseExecutor.doExecute(TestCaseExecutor.java:433)
	at com.kms.katalon.core.main.TestCaseExecutor.processExecutionPhase(TestCaseExecutor.java:412)
	at com.kms.katalon.core.main.TestCaseExecutor.accessMainPhase(TestCaseExecutor.java:404)
	at com.kms.katalon.core.main.TestCaseExecutor.execute(TestCaseExecutor.java:281)
	at com.kms.katalon.core.main.TestSuiteExecutor.accessTestCaseMainPhase(TestSuiteExecutor.java:202)
	at com.kms.katalon.core.main.TestSuiteExecutor.accessTestSuiteMainPhase(TestSuiteExecutor.java:164)
	at com.kms.katalon.core.main.TestSuiteExecutor.execute(TestSuiteExecutor.java:105)
	at com.kms.katalon.core.main.TestCaseMain.startTestSuite(TestCaseMain.java:181)
	at com.kms.katalon.core.main.TestCaseMain$startTestSuite$0.call(Unknown Source)
	at TempTestSuite1648100878643.run(TempTestSuite1648100878643.groovy:36)
)

2022-03-24 12:54:32 - [TEST_STEP][PASSED] - break: null]]></system-out>
         <system-err><![CDATA[2022-03-24 12:54:27 - [TEST_CASE][FAILED] - Test Cases/1. get token - data order: Test Cases/1. get token - data order FAILED.
Reason:
com.kms.katalon.core.exception.StepFailedException: Expected element property value '9481015645' is not equal with actual property value '1154000993'
	at com.kms.katalon.core.keyword.internal.KeywordMain.stepFailed(KeywordMain.groovy:39)
	at com.kms.katalon.core.webservice.keyword.builtin.VerifyElementPropertyValueKeyword$_verifyElementPropertyValue_closure1.doCall(VerifyElementPropertyValueKeyword.groovy:56)
	at com.kms.katalon.core.webservice.keyword.builtin.VerifyElementPropertyValueKeyword$_verifyElementPropertyValue_closure1.call(VerifyElementPropertyValueKeyword.groovy)
	at com.kms.katalon.core.keyword.internal.KeywordMain.runKeyword(KeywordMain.groovy:74)
	at com.kms.katalon.core.webservice.keyword.builtin.VerifyElementPropertyValueKeyword.verifyElementPropertyValue(VerifyElementPropertyValueKeyword.groovy:48)
	at com.kms.katalon.core.webservice.keyword.builtin.VerifyElementPropertyValueKeyword.execute(VerifyElementPropertyValueKeyword.groovy:43)
	at com.kms.katalon.core.keyword.internal.KeywordExecutor.executeKeywordForPlatform(KeywordExecutor.groovy:74)
	at com.kms.katalon.core.webservice.keyword.WSBuiltInKeywords.verifyElementPropertyValue(WSBuiltInKeywords.groovy:175)
	at com.kms.katalon.core.webservice.keyword.WSBuiltInKeywords$verifyElementPropertyValue$0.call(Unknown Source)
	at 1. get token - data order.run(1. get token - data order:54)
	at com.kms.katalon.core.main.ScriptEngine.run(ScriptEngine.java:194)
	at com.kms.katalon.core.main.ScriptEngine.runScriptAsRawText(ScriptEngine.java:119)
	at com.kms.katalon.core.main.TestCaseExecutor.runScript(TestCaseExecutor.java:442)
	at com.kms.katalon.core.main.TestCaseExecutor.doExecute(TestCaseExecutor.java:433)
	at com.kms.katalon.core.main.TestCaseExecutor.processExecutionPhase(TestCaseExecutor.java:412)
	at com.kms.katalon.core.main.TestCaseExecutor.accessMainPhase(TestCaseExecutor.java:404)
	at com.kms.katalon.core.main.TestCaseExecutor.execute(TestCaseExecutor.java:281)
	at com.kms.katalon.core.main.TestSuiteExecutor.accessTestCaseMainPhase(TestSuiteExecutor.java:202)
	at com.kms.katalon.core.main.TestSuiteExecutor.accessTestSuiteMainPhase(TestSuiteExecutor.java:164)
	at com.kms.katalon.core.main.TestSuiteExecutor.execute(TestSuiteExecutor.java:105)
	at com.kms.katalon.core.main.TestCaseMain.startTestSuite(TestCaseMain.java:181)
	at com.kms.katalon.core.main.TestCaseMain$startTestSuite$0.call(Unknown Source)
	at TempTestSuite1648100878643.run(TempTestSuite1648100878643.groovy:36)]]></system-err>
      </testcase>
      <testcase name="Test Cases/1. get token - data order" time="6.213" classname="Test Cases/1. get token - data order" status="FAILED">
         <failure type="FAILED" message="Test Cases/1. get token - data order FAILED.
Reason:
com.kms.katalon.core.exception.StepFailedException: Expected element property value '9481015647' is not equal with actual property value '1154000993'
	at com.kms.katalon.core.keyword.internal.KeywordMain.stepFailed(KeywordMain.groovy:39)
	at com.kms.katalon.core.webservice.keyword.builtin.VerifyElementPropertyValueKeyword$_verifyElementPropertyValue_closure1.doCall(VerifyElementPropertyValueKeyword.groovy:56)
	at com.kms.katalon.core.webservice.keyword.builtin.VerifyElementPropertyValueKeyword$_verifyElementPropertyValue_closure1.call(VerifyElementPropertyValueKeyword.groovy)
	at com.kms.katalon.core.keyword.internal.KeywordMain.runKeyword(KeywordMain.groovy:74)
	at com.kms.katalon.core.webservice.keyword.builtin.VerifyElementPropertyValueKeyword.verifyElementPropertyValue(VerifyElementPropertyValueKeyword.groovy:48)
	at com.kms.katalon.core.webservice.keyword.builtin.VerifyElementPropertyValueKeyword.execute(VerifyElementPropertyValueKeyword.groovy:43)
	at com.kms.katalon.core.keyword.internal.KeywordExecutor.executeKeywordForPlatform(KeywordExecutor.groovy:74)
	at com.kms.katalon.core.webservice.keyword.WSBuiltInKeywords.verifyElementPropertyValue(WSBuiltInKeywords.groovy:175)
	at com.kms.katalon.core.webservice.keyword.WSBuiltInKeywords$verifyElementPropertyValue$0.call(Unknown Source)
	at 1. get token - data order.run(1. get token - data order:54)
	at com.kms.katalon.core.main.ScriptEngine.run(ScriptEngine.java:194)
	at com.kms.katalon.core.main.ScriptEngine.runScriptAsRawText(ScriptEngine.java:119)
	at com.kms.katalon.core.main.TestCaseExecutor.runScript(TestCaseExecutor.java:442)
	at com.kms.katalon.core.main.TestCaseExecutor.doExecute(TestCaseExecutor.java:433)
	at com.kms.katalon.core.main.TestCaseExecutor.processExecutionPhase(TestCaseExecutor.java:412)
	at com.kms.katalon.core.main.TestCaseExecutor.accessMainPhase(TestCaseExecutor.java:404)
	at com.kms.katalon.core.main.TestCaseExecutor.execute(TestCaseExecutor.java:281)
	at com.kms.katalon.core.main.TestSuiteExecutor.accessTestCaseMainPhase(TestSuiteExecutor.java:202)
	at com.kms.katalon.core.main.TestSuiteExecutor.accessTestSuiteMainPhase(TestSuiteExecutor.java:164)
	at com.kms.katalon.core.main.TestSuiteExecutor.execute(TestSuiteExecutor.java:105)
	at com.kms.katalon.core.main.TestCaseMain.startTestSuite(TestCaseMain.java:181)
	at com.kms.katalon.core.main.TestCaseMain$startTestSuite$0.call(Unknown Source)
	at TempTestSuite1648100878643.run(TempTestSuite1648100878643.groovy:36)
"/>
         <system-out><![CDATA[2022-03-24 12:54:33 - [TEST_CASE][FAILED] - Test Cases/1. get token - data order: Test Cases/1. get token - data order FAILED.
Reason:
com.kms.katalon.core.exception.StepFailedException: Expected element property value '9481015647' is not equal with actual property value '1154000993'
	at com.kms.katalon.core.keyword.internal.KeywordMain.stepFailed(KeywordMain.groovy:39)
	at com.kms.katalon.core.webservice.keyword.builtin.VerifyElementPropertyValueKeyword$_verifyElementPropertyValue_closure1.doCall(VerifyElementPropertyValueKeyword.groovy:56)
	at com.kms.katalon.core.webservice.keyword.builtin.VerifyElementPropertyValueKeyword$_verifyElementPropertyValue_closure1.call(VerifyElementPropertyValueKeyword.groovy)
	at com.kms.katalon.core.keyword.internal.KeywordMain.runKeyword(KeywordMain.groovy:74)
	at com.kms.katalon.core.webservice.keyword.builtin.VerifyElementPropertyValueKeyword.verifyElementPropertyValue(VerifyElementPropertyValueKeyword.groovy:48)
	at com.kms.katalon.core.webservice.keyword.builtin.VerifyElementPropertyValueKeyword.execute(VerifyElementPropertyValueKeyword.groovy:43)
	at com.kms.katalon.core.keyword.internal.KeywordExecutor.executeKeywordForPlatform(KeywordExecutor.groovy:74)
	at com.kms.katalon.core.webservice.keyword.WSBuiltInKeywords.verifyElementPropertyValue(WSBuiltInKeywords.groovy:175)
	at com.kms.katalon.core.webservice.keyword.WSBuiltInKeywords$verifyElementPropertyValue$0.call(Unknown Source)
	at 1. get token - data order.run(1. get token - data order:54)
	at com.kms.katalon.core.main.ScriptEngine.run(ScriptEngine.java:194)
	at com.kms.katalon.core.main.ScriptEngine.runScriptAsRawText(ScriptEngine.java:119)
	at com.kms.katalon.core.main.TestCaseExecutor.runScript(TestCaseExecutor.java:442)
	at com.kms.katalon.core.main.TestCaseExecutor.doExecute(TestCaseExecutor.java:433)
	at com.kms.katalon.core.main.TestCaseExecutor.processExecutionPhase(TestCaseExecutor.java:412)
	at com.kms.katalon.core.main.TestCaseExecutor.accessMainPhase(TestCaseExecutor.java:404)
	at com.kms.katalon.core.main.TestCaseExecutor.execute(TestCaseExecutor.java:281)
	at com.kms.katalon.core.main.TestSuiteExecutor.accessTestCaseMainPhase(TestSuiteExecutor.java:202)
	at com.kms.katalon.core.main.TestSuiteExecutor.accessTestSuiteMainPhase(TestSuiteExecutor.java:164)
	at com.kms.katalon.core.main.TestSuiteExecutor.execute(TestSuiteExecutor.java:105)
	at com.kms.katalon.core.main.TestCaseMain.startTestSuite(TestCaseMain.java:181)
	at com.kms.katalon.core.main.TestCaseMain$startTestSuite$0.call(Unknown Source)
	at TempTestSuite1648100878643.run(TempTestSuite1648100878643.groovy:36)


2022-03-24 12:54:33 - [TEST_STEP][PASSED] - token = sendRequest(findTestObject("1. Get-Token")): Send request successfully

2022-03-24 12:54:34 - [MESSAGE][INFO] - HAR: I:\app-testing\app-project\Order car insurance\order-car-insurance\Reports\20220324_124757\Get data order\20220324_124758\requests\main\54.har

2022-03-24 12:54:34 - [MESSAGE][PASSED] - Send request successfully

2022-03-24 12:54:34 - [TEST_STEP][PASSED] - slurper = new groovy.json.JsonSlurper(): null

2022-03-24 12:54:34 - [TEST_STEP][PASSED] - get_token = slurper.parseText(token.getResponseBodyContent()): null

2022-03-24 12:54:34 - [TEST_STEP][PASSED] - private_token = access_token: null

2022-03-24 12:54:34 - [TEST_STEP][PASSED] - global_token = private_token: null

2022-03-24 12:54:34 - [TEST_STEP][PASSED] - println("token is :" + global_token): null

2022-03-24 12:54:34 - [TEST_STEP][PASSED] - response_token = token.getResponseText(): null

2022-03-24 12:54:34 - [TEST_STEP][PASSED] - logInfo($response_token): 
            {
                "token_type": "BearerToken",
                "access_token": "AdgzSDPzFgqdxr6fNF4AUlCReZWv",
                "expires_in": "1799",
                "scope": ""
            }
        

2022-03-24 12:54:34 - [MESSAGE][INFO] - 
            {
                "token_type": "BearerToken",
                "access_token": "AdgzSDPzFgqdxr6fNF4AUlCReZWv",
                "expires_in": "1799",
                "scope": ""
            }
        

2022-03-24 12:54:34 - [TEST_STEP][PASSED] - order = sendRequest(findTestObject("3. Get-data-order", ["s_key":global_token, "c_id":c_id, "order_date":order_date, "page":page, "rows":rows])): Send request successfully

2022-03-24 12:54:34 - [MESSAGE][INFO] - HAR: I:\app-testing\app-project\Order car insurance\order-car-insurance\Reports\20220324_124757\Get data order\20220324_124758\requests\main\55.har

2022-03-24 12:54:34 - [MESSAGE][PASSED] - Send request successfully

2022-03-24 12:54:34 - [TEST_STEP][PASSED] - get_order = order.getResponseText(): null

2022-03-24 12:54:34 - [TEST_STEP][PASSED] - markPassed("data ke : " + no): data ke : 19

2022-03-24 12:54:34 - [MESSAGE][PASSED] - data ke : 19

2022-03-24 12:54:34 - [TEST_STEP][PASSED] - verifyElementPropertyValue(order, "GetDataOrderResponse.ListDataOrder[0].TipeOrder", o_tipeorder, CONTINUE_ON_FAILURE): Verify element property value successfully

2022-03-24 12:54:34 - [MESSAGE][PASSED] - Verify element property value successfully

2022-03-24 12:54:34 - [TEST_STEP][PASSED] - verifyElementPropertyValue(order, "GetDataOrderResponse.ListDataOrder[0].BatchID", o_batchid, CONTINUE_ON_FAILURE): Verify element property value successfully

2022-03-24 12:54:34 - [MESSAGE][PASSED] - Verify element property value successfully

2022-03-24 12:54:34 - [TEST_STEP][FAILED] - verifyElementPropertyValue(order, "GetDataOrderResponse.ListDataOrder[0].NoRek", o_norek, CONTINUE_ON_FAILURE): Expected element property value '9481015647' is not equal with actual property value '1154000993'

2022-03-24 12:54:34 - [MESSAGE][FAILED] - Expected element property value '9481015647' is not equal with actual property value '1154000993'

2022-03-24 12:54:34 - [TEST_STEP][PASSED] - verifyElementPropertyValue(order, "GetDataOrderResponse.ListDataOrder[0].NoPin", o_nopin, CONTINUE_ON_FAILURE): Verify element property value successfully

2022-03-24 12:54:34 - [MESSAGE][PASSED] - Verify element property value successfully

2022-03-24 12:54:34 - [TEST_STEP][PASSED] - verifyElementPropertyValue(order, "GetDataOrderResponse.ListDataOrder[0].CustName", o_custname, CONTINUE_ON_FAILURE): Verify element property value successfully

2022-03-24 12:54:34 - [MESSAGE][PASSED] - Verify element property value successfully

2022-03-24 12:54:34 - [TEST_STEP][PASSED] - verifyElementPropertyValue(order, "GetDataOrderResponse.ListDataOrder[0].Pemohon", o_pemohon, CONTINUE_ON_FAILURE): Verify element property value successfully

2022-03-24 12:54:34 - [MESSAGE][PASSED] - Verify element property value successfully

2022-03-24 12:54:34 - [TEST_STEP][FAILED] - verifyElementPropertyValue(order, "GetDataOrderResponse.ListDataOrder[0].HargaPembelian", o_otr, CONTINUE_ON_FAILURE): Expected element property value '173500000.00' is not equal with actual property value '360000000.00'

2022-03-24 12:54:34 - [MESSAGE][FAILED] - Expected element property value '173500000.00' is not equal with actual property value '360000000.00'

2022-03-24 12:54:34 - [TEST_STEP][FAILED] - verifyElementPropertyValue(order, "GetDataOrderResponse.ListDataOrder[0].Cabang", o_branchid, CONTINUE_ON_FAILURE): Expected element property value '9481' is not equal with actual property value '1154'

2022-03-24 12:54:34 - [MESSAGE][FAILED] - Expected element property value '9481' is not equal with actual property value '1154'

2022-03-24 12:54:34 - [TEST_STEP][PASSED] - verifyElementPropertyValue(order, "GetDataOrderResponse.ListDataOrder[0].MerkID", o_merk, CONTINUE_ON_FAILURE): Verify element property value successfully

2022-03-24 12:54:34 - [MESSAGE][PASSED] - Verify element property value successfully

2022-03-24 12:54:34 - [TEST_STEP][FAILED] - verifyElementPropertyValue(order, "GetDataOrderResponse.ListDataOrder[0].TypeMobil", o_type, CONTINUE_ON_FAILURE): Expected element property value 'AVANZA 1.3 G A/T (F653RM-GQMFJ)' is not equal with actual property value 'INNOVA VENTURER 2.0 AT'

2022-03-24 12:54:34 - [MESSAGE][FAILED] - Expected element property value 'AVANZA 1.3 G A/T (F653RM-GQMFJ)' is not equal with actual property value 'INNOVA VENTURER 2.0 AT'

2022-03-24 12:54:34 - [TEST_STEP][PASSED] - verifyElementPropertyValue(order, "GetDataOrderResponse.ListDataOrder[0].JenisMobil", o_jenis, CONTINUE_ON_FAILURE): Verify element property value successfully

2022-03-24 12:54:34 - [MESSAGE][PASSED] - Verify element property value successfully

2022-03-24 12:54:34 - [TEST_STEP][FAILED] - verifyElementPropertyValue(order, "GetDataOrderResponse.ListDataOrder[0].TahunMobil", o_tahun, CONTINUE_ON_FAILURE): Expected element property value '2019' is not equal with actual property value '2017'

2022-03-24 12:54:34 - [MESSAGE][FAILED] - Expected element property value '2019' is not equal with actual property value '2017'

2022-03-24 12:54:34 - [TEST_STEP][PASSED] - verifyElementPropertyValue(order, "GetDataOrderResponse.ListDataOrder[0].Warna", o_warna, CONTINUE_ON_FAILURE): Verify element property value successfully

2022-03-24 12:54:34 - [MESSAGE][PASSED] - Verify element property value successfully

2022-03-24 12:54:34 - [TEST_STEP][FAILED] - verifyElementPropertyValue(order, "GetDataOrderResponse.ListDataOrder[0].NoRangka", o_norangka, CONTINUE_ON_FAILURE): Expected element property value 'MHKM5EB3JKK028305' is not equal with actual property value 'MHFAW8EM4H0206354'

2022-03-24 12:54:34 - [MESSAGE][FAILED] - Expected element property value 'MHKM5EB3JKK028305' is not equal with actual property value 'MHFAW8EM4H0206354'

2022-03-24 12:54:34 - [TEST_STEP][FAILED] - verifyElementPropertyValue(order, "GetDataOrderResponse.ListDataOrder[0].NoMesin", o_nomesin, CONTINUE_ON_FAILURE): Expected element property value '1NRG065746' is not equal with actual property value '1TRA295932'

2022-03-24 12:54:35 - [MESSAGE][FAILED] - Expected element property value '1NRG065746' is not equal with actual property value '1TRA295932'

2022-03-24 12:54:35 - [TEST_STEP][FAILED] - verifyElementPropertyValue(order, "GetDataOrderResponse.ListDataOrder[0].NoPolisi", o_nopol, CONTINUE_ON_FAILURE): Expected element property value 'W 1186 YI' is not equal with actual property value 'B 2726 BOM'

2022-03-24 12:54:35 - [MESSAGE][FAILED] - Expected element property value 'W 1186 YI' is not equal with actual property value 'B 2726 BOM'

2022-03-24 12:54:35 - [TEST_STEP][FAILED] - verifyElementPropertyValue(order, "GetDataOrderResponse.ListDataOrder[0].NamaBPKB", o_namabpkb, CONTINUE_ON_FAILURE): Expected element property value 'JOHAN SYAIFUDIN' is not equal with actual property value 'PT AUTORENT LANCAR S'

2022-03-24 12:54:35 - [MESSAGE][FAILED] - Expected element property value 'JOHAN SYAIFUDIN' is not equal with actual property value 'PT AUTORENT LANCAR S'

2022-03-24 12:54:35 - [TEST_STEP][FAILED] - verifyElementPropertyValue(order, "GetDataOrderResponse.ListDataOrder[0].KategoriMobil", o_kategori, CONTINUE_ON_FAILURE): Expected element property value '3 ' is not equal with actual property value '14'

2022-03-24 12:54:35 - [MESSAGE][FAILED] - Expected element property value '3 ' is not equal with actual property value '14'

2022-03-24 12:54:35 - [TEST_STEP][PASSED] - verifyElementPropertyValue(order, "GetDataOrderResponse.ListDataOrder[0].PenggunaanKendaraan", o_purpose, CONTINUE_ON_FAILURE): Verify element property value successfully

2022-03-24 12:54:35 - [MESSAGE][PASSED] - Verify element property value successfully

2022-03-24 12:54:35 - [TEST_STEP][PASSED] - verifyElementPropertyValue(order, "GetDataOrderResponse.ListDataOrder[0].Kondisi", o_kondisi, CONTINUE_ON_FAILURE): Verify element property value successfully

2022-03-24 12:54:35 - [MESSAGE][PASSED] - Verify element property value successfully

2022-03-24 12:54:35 - [TEST_STEP][PASSED] - verifyElementPropertyValue(order, "GetDataOrderResponse.ListDataOrder[0].Accessories1", o_acc1, CONTINUE_ON_FAILURE): Verify element property value successfully

2022-03-24 12:54:35 - [MESSAGE][PASSED] - Verify element property value successfully

2022-03-24 12:54:35 - [TEST_STEP][PASSED] - verifyElementPropertyValue(order, "GetDataOrderResponse.ListDataOrder[0].Accessories2", o_acc2, CONTINUE_ON_FAILURE): Verify element property value successfully

2022-03-24 12:54:35 - [MESSAGE][PASSED] - Verify element property value successfully

2022-03-24 12:54:35 - [TEST_STEP][PASSED] - verifyElementPropertyValue(order, "GetDataOrderResponse.ListDataOrder[0].Accessories3", o_acc3, CONTINUE_ON_FAILURE): Verify element property value successfully

2022-03-24 12:54:35 - [MESSAGE][PASSED] - Verify element property value successfully

2022-03-24 12:54:35 - [TEST_STEP][PASSED] - verifyElementPropertyValue(order, "GetDataOrderResponse.ListDataOrder[0].Accessories4", o_acc4, CONTINUE_ON_FAILURE): Verify element property value successfully

2022-03-24 12:54:35 - [MESSAGE][PASSED] - Verify element property value successfully

2022-03-24 12:54:35 - [TEST_STEP][PASSED] - verifyElementPropertyValue(order, "GetDataOrderResponse.ListDataOrder[0].Accessories5", o_acc5, CONTINUE_ON_FAILURE): Verify element property value successfully

2022-03-24 12:54:35 - [MESSAGE][PASSED] - Verify element property value successfully

2022-03-24 12:54:35 - [TEST_STEP][PASSED] - verifyElementPropertyValue(order, "GetDataOrderResponse.ListDataOrder[0].HargaAccessories1", o_harga_acc1, CONTINUE_ON_FAILURE): Verify element property value successfully

2022-03-24 12:54:35 - [MESSAGE][PASSED] - Verify element property value successfully

2022-03-24 12:54:35 - [TEST_STEP][PASSED] - verifyElementPropertyValue(order, "GetDataOrderResponse.ListDataOrder[0].HargaAccessories2", o_harga_acc2, CONTINUE_ON_FAILURE): Verify element property value successfully

2022-03-24 12:54:35 - [MESSAGE][PASSED] - Verify element property value successfully

2022-03-24 12:54:35 - [TEST_STEP][PASSED] - verifyElementPropertyValue(order, "GetDataOrderResponse.ListDataOrder[0].HargaAccessories3", o_harga_acc3, CONTINUE_ON_FAILURE): Verify element property value successfully

2022-03-24 12:54:35 - [MESSAGE][PASSED] - Verify element property value successfully

2022-03-24 12:54:35 - [TEST_STEP][PASSED] - verifyElementPropertyValue(order, "GetDataOrderResponse.ListDataOrder[0].HargaAccessories4", o_harga_acc4, CONTINUE_ON_FAILURE): Verify element property value successfully

2022-03-24 12:54:35 - [MESSAGE][PASSED] - Verify element property value successfully

2022-03-24 12:54:35 - [TEST_STEP][PASSED] - verifyElementPropertyValue(order, "GetDataOrderResponse.ListDataOrder[0].HargaAccessories5", o_harga_acc5, CONTINUE_ON_FAILURE): Verify element property value successfully

2022-03-24 12:54:35 - [MESSAGE][PASSED] - Verify element property value successfully

2022-03-24 12:54:35 - [TEST_STEP][PASSED] - verifyElementPropertyValue(order, "GetDataOrderResponse.ListDataOrder[0].OverKredit", o_overkredit, CONTINUE_ON_FAILURE): Verify element property value successfully

2022-03-24 12:54:35 - [MESSAGE][PASSED] - Verify element property value successfully

2022-03-24 12:54:35 - [TEST_STEP][PASSED] - verifyElementPropertyValue(order, "GetDataOrderResponse.ListDataOrder[0].Restructure", o_restructure, CONTINUE_ON_FAILURE): Verify element property value successfully

2022-03-24 12:54:35 - [MESSAGE][PASSED] - Verify element property value successfully

2022-03-24 12:54:35 - [TEST_STEP][PASSED] - verifyElementPropertyValue(order, "GetDataOrderResponse.ListDataOrder[0].NoPolisLama", o_nopol_lama, CONTINUE_ON_FAILURE): Verify element property value successfully

2022-03-24 12:54:35 - [MESSAGE][PASSED] - Verify element property value successfully

2022-03-24 12:54:35 - [TEST_STEP][PASSED] - verifyElementPropertyValue(order, "GetDataOrderResponse.ListDataOrder[0].MailAddress", o_mail_addr, CONTINUE_ON_FAILURE): Verify element property value successfully

2022-03-24 12:54:35 - [MESSAGE][PASSED] - Verify element property value successfully

2022-03-24 12:54:35 - [TEST_STEP][PASSED] - verifyElementPropertyValue(order, "GetDataOrderResponse.ListDataOrder[0].KabKodya", o_kab_kodya, CONTINUE_ON_FAILURE): Verify element property value successfully

2022-03-24 12:54:35 - [MESSAGE][PASSED] - Verify element property value successfully

2022-03-24 12:54:35 - [TEST_STEP][FAILED] - verifyElementPropertyValue(order, "GetDataOrderResponse.ListDataOrder[0].PostalCode", o_postal_code, CONTINUE_ON_FAILURE): Expected element property value '60153' is not equal with actual property value '12610'

2022-03-24 12:54:35 - [MESSAGE][FAILED] - Expected element property value '60153' is not equal with actual property value '12610'

2022-03-24 12:54:35 - [TEST_STEP][PASSED] - verifyElementPropertyValue(order, "GetDataOrderResponse.ListDataOrder[0].PaketMobil", o_packet, CONTINUE_ON_FAILURE): Verify element property value successfully

2022-03-24 12:54:35 - [MESSAGE][PASSED] - Verify element property value successfully

2022-03-24 12:54:35 - [TEST_STEP][PASSED] - verifyElementPropertyValue(order, "GetDataOrderResponse.ListDataOrder[0].CustType", o_cust_type, CONTINUE_ON_FAILURE): Verify element property value successfully

2022-03-24 12:54:35 - [MESSAGE][PASSED] - Verify element property value successfully

2022-03-24 12:54:35 - [TEST_STEP][FAILED] - verifyElementPropertyValue(order, "GetDataOrderResponse.ListDataOrder[0].IdentityNo", o_nik, CONTINUE_ON_FAILURE): Expected element property value 'SCRAMBLE' is not equal with actual property value '09.5307.120661.7004'

2022-03-24 12:54:35 - [MESSAGE][FAILED] - Expected element property value 'SCRAMBLE' is not equal with actual property value '09.5307.120661.7004'

2022-03-24 12:54:35 - [TEST_STEP][PASSED] - verifyElementPropertyValue(order, "GetDataOrderResponse.ListDataOrder[0].BirthPlace", o_birth_place, CONTINUE_ON_FAILURE): Verify element property value successfully

2022-03-24 12:54:35 - [MESSAGE][PASSED] - Verify element property value successfully

2022-03-24 12:54:35 - [TEST_STEP][FAILED] - verifyElementPropertyValue(order, "GetDataOrderResponse.ListDataOrder[0].BirthDate", o_birth_date, CONTINUE_ON_FAILURE): Expected element property value '20220212' is not equal with actual property value '19610612'

2022-03-24 12:54:35 - [MESSAGE][FAILED] - Expected element property value '20220212' is not equal with actual property value '19610612'

2022-03-24 12:54:35 - [TEST_STEP][PASSED] - verifyElementPropertyValue(order, "GetDataOrderResponse.ListDataOrder[0].Occupation", o_occp, CONTINUE_ON_FAILURE): Verify element property value successfully

2022-03-24 12:54:35 - [MESSAGE][PASSED] - Verify element property value successfully

2022-03-24 12:54:35 - [TEST_STEP][PASSED] - verifyElementPropertyValue(order, "GetDataOrderResponse.ListDataOrder[0].AlamatKTP", o_ktp_addr, CONTINUE_ON_FAILURE): Verify element property value successfully

2022-03-24 12:54:35 - [MESSAGE][PASSED] - Verify element property value successfully

2022-03-24 12:54:35 - [TEST_STEP][PASSED] - verifyElementPropertyValue(order, "GetDataOrderResponse.ListDataOrder[0].KelurahanKTP", o_ktp_kel, CONTINUE_ON_FAILURE): Verify element property value successfully

2022-03-24 12:54:35 - [MESSAGE][PASSED] - Verify element property value successfully

2022-03-24 12:54:35 - [TEST_STEP][PASSED] - verifyElementPropertyValue(order, "GetDataOrderResponse.ListDataOrder[0].KecamatanKTP", o_ktp_kec, CONTINUE_ON_FAILURE): Verify element property value successfully

2022-03-24 12:54:35 - [MESSAGE][PASSED] - Verify element property value successfully

2022-03-24 12:54:35 - [TEST_STEP][PASSED] - verifyElementPropertyValue(order, "GetDataOrderResponse.ListDataOrder[0].KabKodyaKTP", o_ktp_kabkodya, CONTINUE_ON_FAILURE): Verify element property value successfully

2022-03-24 12:54:35 - [MESSAGE][PASSED] - Verify element property value successfully

2022-03-24 12:54:35 - [TEST_STEP][PASSED] - verifyElementPropertyValue(order, "GetDataOrderResponse.ListDataOrder[0].ProvinsiKTP", o_ktp_prov, CONTINUE_ON_FAILURE): Verify element property value successfully

2022-03-24 12:54:35 - [MESSAGE][PASSED] - Verify element property value successfully

2022-03-24 12:54:35 - [TEST_STEP][FAILED] - verifyElementPropertyValue(order, "GetDataOrderResponse.ListDataOrder[0].PostalCodeKTP", o_ktp_postal_code, CONTINUE_ON_FAILURE): Expected element property value '60153' is not equal with actual property value '12610'

2022-03-24 12:54:35 - [MESSAGE][FAILED] - Expected element property value '60153' is not equal with actual property value '12610'

2022-03-24 12:54:35 - [TEST_STEP][FAILED] - verifyElementPropertyValue(order, "GetDataOrderResponse.ListDataOrder[0].DealerName", o_ktp_dealer_name, CONTINUE_ON_FAILURE): Expected element property value 'Muksin Mobil, UD DTC' is not equal with actual property value '21 Auto Cars'

2022-03-24 12:54:35 - [MESSAGE][FAILED] - Expected element property value 'Muksin Mobil, UD DTC' is not equal with actual property value '21 Auto Cars'

2022-03-24 12:54:35 - [TEST_STEP][FAILED] - switch (tenor): null

2022-03-24 12:54:35 - [TEST_STEP][FAILED] - case "3":: null

2022-03-24 12:54:35 - [TEST_STEP][PASSED] - order2 = sendRequest(findTestObject("3. Get-data-order", ["s_key":global_token, "c_id":c_id, "order_date":order_date, "page":page, "rows":rows])): Send request successfully

2022-03-24 12:54:38 - [MESSAGE][INFO] - HAR: I:\app-testing\app-project\Order car insurance\order-car-insurance\Reports\20220324_124757\Get data order\20220324_124758\requests\main\56.har

2022-03-24 12:54:38 - [MESSAGE][PASSED] - Send request successfully

2022-03-24 12:54:38 - [TEST_STEP][PASSED] - get_order2 = order.getResponseText(): null

2022-03-24 12:54:38 - [TEST_STEP][FAILED] - verifyElementPropertyValue(order, "GetDataOrderResponse.ListDataOrder[0].InsuranceData[0].KondisiPertanggungan", o_kond_pertanggungan_0, CONTINUE_ON_FAILURE): Expected element property value ' ' is not equal with actual property value ''

2022-03-24 12:54:38 - [MESSAGE][FAILED] - Expected element property value ' ' is not equal with actual property value ''

2022-03-24 12:54:38 - [TEST_STEP][PASSED] - verifyElementPropertyValue(order, "GetDataOrderResponse.ListDataOrder[0].InsuranceData[0].TJH", o_tjh_header_0, CONTINUE_ON_FAILURE): Verify element property value successfully

2022-03-24 12:54:38 - [MESSAGE][PASSED] - Verify element property value successfully

2022-03-24 12:54:38 - [TEST_STEP][FAILED] - verifyElementPropertyValue(order, "GetDataOrderResponse.ListDataOrder[0].InsuranceData[0].InsuredValue", o_ins_val_0, CONTINUE_ON_FAILURE): Expected element property value '173500000.00' is not equal with actual property value '360000000.00'

2022-03-24 12:54:38 - [MESSAGE][FAILED] - Expected element property value '173500000.00' is not equal with actual property value '360000000.00'

2022-03-24 12:54:38 - [TEST_STEP][PASSED] - verifyElementPropertyValue(order, "GetDataOrderResponse.ListDataOrder[0].InsuranceData[0].InsuredFrom", o_ins_form_0, CONTINUE_ON_FAILURE): Verify element property value successfully

2022-03-24 12:54:38 - [MESSAGE][PASSED] - Verify element property value successfully

2022-03-24 12:54:38 - [TEST_STEP][PASSED] - verifyElementPropertyValue(order, "GetDataOrderResponse.ListDataOrder[0].InsuranceData[0].InsuredTo", o_ins_to_0, CONTINUE_ON_FAILURE): Verify element property value successfully

2022-03-24 12:54:38 - [MESSAGE][PASSED] - Verify element property value successfully

2022-03-24 12:54:38 - [TEST_STEP][FAILED] - verifyElementPropertyValue(order, "GetDataOrderResponse.ListDataOrder[0].InsuranceData[0].Rate", o_rate_0, CONTINUE_ON_FAILURE): Expected element property value '0.3212' is not equal with actual property value '1.5184'

2022-03-24 12:54:38 - [MESSAGE][FAILED] - Expected element property value '0.3212' is not equal with actual property value '1.5184'

2022-03-24 12:54:38 - [TEST_STEP][FAILED] - verifyElementPropertyValue(order, "GetDataOrderResponse.ListDataOrder[0].InsuranceData[0].GrossPremi", o_gross_premi_0, CONTINUE_ON_FAILURE): Expected element property value '557282.00' is not equal with actual property value '5466240.00'

2022-03-24 12:54:38 - [MESSAGE][FAILED] - Expected element property value '557282.00' is not equal with actual property value '5466240.00'

2022-03-24 12:54:38 - [TEST_STEP][PASSED] - verifyElementPropertyValue(order, "GetDataOrderResponse.ListDataOrder[0].InsuranceData[0].Discount", o_discount_0, CONTINUE_ON_FAILURE): Verify element property value successfully

2022-03-24 12:54:38 - [MESSAGE][PASSED] - Verify element property value successfully

2022-03-24 12:54:38 - [TEST_STEP][PASSED] - verifyElementPropertyValue(order, "GetDataOrderResponse.ListDataOrder[0].InsuranceData[0].Adm", o_adm_0, CONTINUE_ON_FAILURE): Verify element property value successfully

2022-03-24 12:54:38 - [MESSAGE][PASSED] - Verify element property value successfully

2022-03-24 12:54:38 - [TEST_STEP][FAILED] - verifyElementPropertyValue(order, "GetDataOrderResponse.ListDataOrder[0].InsuranceData[0].NetPremi", o_netpremi_0, CONTINUE_ON_FAILURE): Expected element property value '557282.00' is not equal with actual property value '5466240.00'

2022-03-24 12:54:38 - [MESSAGE][FAILED] - Expected element property value '557282.00' is not equal with actual property value '5466240.00'

2022-03-24 12:54:38 - [TEST_STEP][PASSED] - verifyElementPropertyValue(order, "GetDataOrderResponse.ListDataOrder[0].InsuranceData[0].PerluasanJaminan.TJH", o_tjh_val_0, CONTINUE_ON_FAILURE): Verify element property value successfully

2022-03-24 12:54:38 - [MESSAGE][PASSED] - Verify element property value successfully

2022-03-24 12:54:38 - [TEST_STEP][PASSED] - verifyElementPropertyValue(order, "GetDataOrderResponse.ListDataOrder[0].InsuranceData[0].PerluasanJaminan.RSCC", o_rscc_val_0, CONTINUE_ON_FAILURE): Verify element property value successfully

2022-03-24 12:54:38 - [MESSAGE][PASSED] - Verify element property value successfully

2022-03-24 12:54:38 - [TEST_STEP][PASSED] - verifyElementPropertyValue(order, "GetDataOrderResponse.ListDataOrder[0].InsuranceData[0].PerluasanJaminan.Banjir", o_rsmb_val_0, CONTINUE_ON_FAILURE): Verify element property value successfully

2022-03-24 12:54:38 - [MESSAGE][PASSED] - Verify element property value successfully

2022-03-24 12:54:38 - [TEST_STEP][PASSED] - verifyElementPropertyValue(order, "GetDataOrderResponse.ListDataOrder[0].InsuranceData[0].PerluasanJaminan.Accessories", o_acc_val_0, CONTINUE_ON_FAILURE): Verify element property value successfully

2022-03-24 12:54:38 - [MESSAGE][PASSED] - Verify element property value successfully

2022-03-24 12:54:38 - [TEST_STEP][PASSED] - verifyElementPropertyValue(order, "GetDataOrderResponse.ListDataOrder[0].InsuranceData[1].KondisiPertanggungan", o_kond_pertanggungan_1, CONTINUE_ON_FAILURE): Verify element property value successfully

2022-03-24 12:54:38 - [MESSAGE][PASSED] - Verify element property value successfully

2022-03-24 12:54:38 - [TEST_STEP][PASSED] - verifyElementPropertyValue(order, "GetDataOrderResponse.ListDataOrder[0].InsuranceData[1].TJH", o_tjh_header_1, CONTINUE_ON_FAILURE): Verify element property value successfully

2022-03-24 12:54:38 - [MESSAGE][PASSED] - Verify element property value successfully

2022-03-24 12:54:38 - [TEST_STEP][FAILED] - verifyElementPropertyValue(order, "GetDataOrderResponse.ListDataOrder[0].InsuranceData[1].InsuredValue", o_ins_val_1, CONTINUE_ON_FAILURE): Expected element property value '173500000.00' is not equal with actual property value '360000000.00'

2022-03-24 12:54:38 - [MESSAGE][FAILED] - Expected element property value '173500000.00' is not equal with actual property value '360000000.00'

2022-03-24 12:54:38 - [TEST_STEP][PASSED] - verifyElementPropertyValue(order, "GetDataOrderResponse.ListDataOrder[0].InsuranceData[1].InsuredFrom", o_ins_form_1, CONTINUE_ON_FAILURE): Verify element property value successfully

2022-03-24 12:54:38 - [MESSAGE][PASSED] - Verify element property value successfully

2022-03-24 12:54:38 - [TEST_STEP][PASSED] - verifyElementPropertyValue(order, "GetDataOrderResponse.ListDataOrder[0].InsuranceData[1].InsuredTo", o_ins_to_1, CONTINUE_ON_FAILURE): Verify element property value successfully

2022-03-24 12:54:38 - [MESSAGE][PASSED] - Verify element property value successfully

2022-03-24 12:54:38 - [TEST_STEP][FAILED] - verifyElementPropertyValue(order, "GetDataOrderResponse.ListDataOrder[0].InsuranceData[1].Rate", o_rate_1, CONTINUE_ON_FAILURE): Expected element property value '0.3212' is not equal with actual property value '0.2774'

2022-03-24 12:54:39 - [MESSAGE][FAILED] - Expected element property value '0.3212' is not equal with actual property value '0.2774'

2022-03-24 12:54:39 - [TEST_STEP][FAILED] - verifyElementPropertyValue(order, "GetDataOrderResponse.ListDataOrder[0].InsuranceData[1].GrossPremi", o_gross_premi_1, CONTINUE_ON_FAILURE): Expected element property value '557282.00' is not equal with actual property value '998640.00'

2022-03-24 12:54:39 - [MESSAGE][FAILED] - Expected element property value '557282.00' is not equal with actual property value '998640.00'

2022-03-24 12:54:39 - [TEST_STEP][PASSED] - verifyElementPropertyValue(order, "GetDataOrderResponse.ListDataOrder[0].InsuranceData[1].Discount", o_discount_1, CONTINUE_ON_FAILURE): Verify element property value successfully

2022-03-24 12:54:39 - [MESSAGE][PASSED] - Verify element property value successfully

2022-03-24 12:54:39 - [TEST_STEP][PASSED] - verifyElementPropertyValue(order, "GetDataOrderResponse.ListDataOrder[0].InsuranceData[1].Adm", o_adm_1, CONTINUE_ON_FAILURE): Verify element property value successfully

2022-03-24 12:54:39 - [MESSAGE][PASSED] - Verify element property value successfully

2022-03-24 12:54:39 - [TEST_STEP][FAILED] - verifyElementPropertyValue(order, "GetDataOrderResponse.ListDataOrder[0].InsuranceData[1].NetPremi", o_netpremi_1, CONTINUE_ON_FAILURE): Expected element property value '557282.00' is not equal with actual property value '998640.00'

2022-03-24 12:54:39 - [MESSAGE][FAILED] - Expected element property value '557282.00' is not equal with actual property value '998640.00'

2022-03-24 12:54:39 - [TEST_STEP][PASSED] - verifyElementPropertyValue(order, "GetDataOrderResponse.ListDataOrder[0].InsuranceData[1].PerluasanJaminan.TJH", o_tjh_val_1, CONTINUE_ON_FAILURE): Verify element property value successfully

2022-03-24 12:54:39 - [MESSAGE][PASSED] - Verify element property value successfully

2022-03-24 12:54:39 - [TEST_STEP][PASSED] - verifyElementPropertyValue(order, "GetDataOrderResponse.ListDataOrder[0].InsuranceData[1].PerluasanJaminan.RSCC", o_rscc_val_1, CONTINUE_ON_FAILURE): Verify element property value successfully

2022-03-24 12:54:39 - [MESSAGE][PASSED] - Verify element property value successfully

2022-03-24 12:54:39 - [TEST_STEP][PASSED] - verifyElementPropertyValue(order, "GetDataOrderResponse.ListDataOrder[0].InsuranceData[1].PerluasanJaminan.Banjir", o_rsmb_val_1, CONTINUE_ON_FAILURE): Verify element property value successfully

2022-03-24 12:54:39 - [MESSAGE][PASSED] - Verify element property value successfully

2022-03-24 12:54:39 - [TEST_STEP][PASSED] - verifyElementPropertyValue(order, "GetDataOrderResponse.ListDataOrder[0].InsuranceData[1].PerluasanJaminan.Accessories", o_acc_val_1, CONTINUE_ON_FAILURE): Verify element property value successfully

2022-03-24 12:54:39 - [MESSAGE][PASSED] - Verify element property value successfully

2022-03-24 12:54:39 - [TEST_STEP][PASSED] - verifyElementPropertyValue(order, "GetDataOrderResponse.ListDataOrder[0].InsuranceData[2].KondisiPertanggungan", o_kond_pertanggungan_2, CONTINUE_ON_FAILURE): Verify element property value successfully

2022-03-24 12:54:39 - [MESSAGE][PASSED] - Verify element property value successfully

2022-03-24 12:54:39 - [TEST_STEP][PASSED] - verifyElementPropertyValue(order, "GetDataOrderResponse.ListDataOrder[0].InsuranceData[2].TJH", o_tjh_header_2, CONTINUE_ON_FAILURE): Verify element property value successfully

2022-03-24 12:54:39 - [MESSAGE][PASSED] - Verify element property value successfully

2022-03-24 12:54:39 - [TEST_STEP][FAILED] - verifyElementPropertyValue(order, "GetDataOrderResponse.ListDataOrder[0].InsuranceData[2].InsuredValue", o_ins_val_2, CONTINUE_ON_FAILURE): Expected element property value '173500000.00' is not equal with actual property value '360000000.00'

2022-03-24 12:54:39 - [MESSAGE][FAILED] - Expected element property value '173500000.00' is not equal with actual property value '360000000.00'

2022-03-24 12:54:39 - [TEST_STEP][PASSED] - verifyElementPropertyValue(order, "GetDataOrderResponse.ListDataOrder[0].InsuranceData[2].InsuredFrom", o_ins_form_2, CONTINUE_ON_FAILURE): Verify element property value successfully

2022-03-24 12:54:39 - [MESSAGE][PASSED] - Verify element property value successfully

2022-03-24 12:54:39 - [TEST_STEP][PASSED] - verifyElementPropertyValue(order, "GetDataOrderResponse.ListDataOrder[0].InsuranceData[2].InsuredTo", o_ins_to_2, CONTINUE_ON_FAILURE): Verify element property value successfully

2022-03-24 12:54:39 - [MESSAGE][PASSED] - Verify element property value successfully

2022-03-24 12:54:39 - [TEST_STEP][FAILED] - verifyElementPropertyValue(order, "GetDataOrderResponse.ListDataOrder[0].InsuranceData[2].Rate", o_rate_2, CONTINUE_ON_FAILURE): Expected element property value '0.3212' is not equal with actual property value '0.2774'

2022-03-24 12:54:39 - [MESSAGE][FAILED] - Expected element property value '0.3212' is not equal with actual property value '0.2774'

2022-03-24 12:54:39 - [TEST_STEP][FAILED] - verifyElementPropertyValue(order, "GetDataOrderResponse.ListDataOrder[0].InsuranceData[2].GrossPremi", o_gross_premi_2, CONTINUE_ON_FAILURE): Expected element property value '557282.00' is not equal with actual property value '998640.00'

2022-03-24 12:54:39 - [MESSAGE][FAILED] - Expected element property value '557282.00' is not equal with actual property value '998640.00'

2022-03-24 12:54:39 - [TEST_STEP][PASSED] - verifyElementPropertyValue(order, "GetDataOrderResponse.ListDataOrder[0].InsuranceData[2].Discount", o_discount_2, CONTINUE_ON_FAILURE): Verify element property value successfully

2022-03-24 12:54:39 - [MESSAGE][PASSED] - Verify element property value successfully

2022-03-24 12:54:39 - [TEST_STEP][PASSED] - verifyElementPropertyValue(order, "GetDataOrderResponse.ListDataOrder[0].InsuranceData[2].Adm", o_adm_2, CONTINUE_ON_FAILURE): Verify element property value successfully

2022-03-24 12:54:39 - [MESSAGE][PASSED] - Verify element property value successfully

2022-03-24 12:54:39 - [TEST_STEP][FAILED] - verifyElementPropertyValue(order, "GetDataOrderResponse.ListDataOrder[0].InsuranceData[2].NetPremi", o_netpremi_2, CONTINUE_ON_FAILURE): Expected element property value '557282.00' is not equal with actual property value '998640.00'

2022-03-24 12:54:39 - [MESSAGE][FAILED] - Expected element property value '557282.00' is not equal with actual property value '998640.00'

2022-03-24 12:54:39 - [TEST_STEP][PASSED] - verifyElementPropertyValue(order, "GetDataOrderResponse.ListDataOrder[0].InsuranceData[2].PerluasanJaminan.TJH", o_tjh_val_2, CONTINUE_ON_FAILURE): Verify element property value successfully

2022-03-24 12:54:39 - [MESSAGE][PASSED] - Verify element property value successfully

2022-03-24 12:54:39 - [TEST_STEP][PASSED] - verifyElementPropertyValue(order, "GetDataOrderResponse.ListDataOrder[0].InsuranceData[2].PerluasanJaminan.RSCC", o_rscc_val_2, CONTINUE_ON_FAILURE): Verify element property value successfully

2022-03-24 12:54:39 - [MESSAGE][PASSED] - Verify element property value successfully

2022-03-24 12:54:39 - [TEST_STEP][PASSED] - verifyElementPropertyValue(order, "GetDataOrderResponse.ListDataOrder[0].InsuranceData[2].PerluasanJaminan.Banjir", o_rsmb_val_2, CONTINUE_ON_FAILURE): Verify element property value successfully

2022-03-24 12:54:39 - [MESSAGE][PASSED] - Verify element property value successfully

2022-03-24 12:54:39 - [TEST_STEP][PASSED] - verifyElementPropertyValue(order, "GetDataOrderResponse.ListDataOrder[0].InsuranceData[2].PerluasanJaminan.Accessories", o_acc_val_2, CONTINUE_ON_FAILURE): Verify element property value successfully

2022-03-24 12:54:39 - [MESSAGE][PASSED] - Verify element property value successfully

2022-03-24 12:54:39 - [TEST_STEP][PASSED] - break: null]]></system-out>
         <system-err><![CDATA[2022-03-24 12:54:33 - [TEST_CASE][FAILED] - Test Cases/1. get token - data order: Test Cases/1. get token - data order FAILED.
Reason:
com.kms.katalon.core.exception.StepFailedException: Expected element property value '9481015647' is not equal with actual property value '1154000993'
	at com.kms.katalon.core.keyword.internal.KeywordMain.stepFailed(KeywordMain.groovy:39)
	at com.kms.katalon.core.webservice.keyword.builtin.VerifyElementPropertyValueKeyword$_verifyElementPropertyValue_closure1.doCall(VerifyElementPropertyValueKeyword.groovy:56)
	at com.kms.katalon.core.webservice.keyword.builtin.VerifyElementPropertyValueKeyword$_verifyElementPropertyValue_closure1.call(VerifyElementPropertyValueKeyword.groovy)
	at com.kms.katalon.core.keyword.internal.KeywordMain.runKeyword(KeywordMain.groovy:74)
	at com.kms.katalon.core.webservice.keyword.builtin.VerifyElementPropertyValueKeyword.verifyElementPropertyValue(VerifyElementPropertyValueKeyword.groovy:48)
	at com.kms.katalon.core.webservice.keyword.builtin.VerifyElementPropertyValueKeyword.execute(VerifyElementPropertyValueKeyword.groovy:43)
	at com.kms.katalon.core.keyword.internal.KeywordExecutor.executeKeywordForPlatform(KeywordExecutor.groovy:74)
	at com.kms.katalon.core.webservice.keyword.WSBuiltInKeywords.verifyElementPropertyValue(WSBuiltInKeywords.groovy:175)
	at com.kms.katalon.core.webservice.keyword.WSBuiltInKeywords$verifyElementPropertyValue$0.call(Unknown Source)
	at 1. get token - data order.run(1. get token - data order:54)
	at com.kms.katalon.core.main.ScriptEngine.run(ScriptEngine.java:194)
	at com.kms.katalon.core.main.ScriptEngine.runScriptAsRawText(ScriptEngine.java:119)
	at com.kms.katalon.core.main.TestCaseExecutor.runScript(TestCaseExecutor.java:442)
	at com.kms.katalon.core.main.TestCaseExecutor.doExecute(TestCaseExecutor.java:433)
	at com.kms.katalon.core.main.TestCaseExecutor.processExecutionPhase(TestCaseExecutor.java:412)
	at com.kms.katalon.core.main.TestCaseExecutor.accessMainPhase(TestCaseExecutor.java:404)
	at com.kms.katalon.core.main.TestCaseExecutor.execute(TestCaseExecutor.java:281)
	at com.kms.katalon.core.main.TestSuiteExecutor.accessTestCaseMainPhase(TestSuiteExecutor.java:202)
	at com.kms.katalon.core.main.TestSuiteExecutor.accessTestSuiteMainPhase(TestSuiteExecutor.java:164)
	at com.kms.katalon.core.main.TestSuiteExecutor.execute(TestSuiteExecutor.java:105)
	at com.kms.katalon.core.main.TestCaseMain.startTestSuite(TestCaseMain.java:181)
	at com.kms.katalon.core.main.TestCaseMain$startTestSuite$0.call(Unknown Source)
	at TempTestSuite1648100878643.run(TempTestSuite1648100878643.groovy:36)]]></system-err>
      </testcase>
      <testcase name="Test Cases/1. get token - data order" time="4.453" classname="Test Cases/1. get token - data order" status="FAILED">
         <failure type="FAILED" message="Test Cases/1. get token - data order FAILED.
Reason:
com.kms.katalon.core.exception.StepFailedException: Expected element property value '9486004897' is not equal with actual property value '1154000993'
	at com.kms.katalon.core.keyword.internal.KeywordMain.stepFailed(KeywordMain.groovy:39)
	at com.kms.katalon.core.webservice.keyword.builtin.VerifyElementPropertyValueKeyword$_verifyElementPropertyValue_closure1.doCall(VerifyElementPropertyValueKeyword.groovy:56)
	at com.kms.katalon.core.webservice.keyword.builtin.VerifyElementPropertyValueKeyword$_verifyElementPropertyValue_closure1.call(VerifyElementPropertyValueKeyword.groovy)
	at com.kms.katalon.core.keyword.internal.KeywordMain.runKeyword(KeywordMain.groovy:74)
	at com.kms.katalon.core.webservice.keyword.builtin.VerifyElementPropertyValueKeyword.verifyElementPropertyValue(VerifyElementPropertyValueKeyword.groovy:48)
	at com.kms.katalon.core.webservice.keyword.builtin.VerifyElementPropertyValueKeyword.execute(VerifyElementPropertyValueKeyword.groovy:43)
	at com.kms.katalon.core.keyword.internal.KeywordExecutor.executeKeywordForPlatform(KeywordExecutor.groovy:74)
	at com.kms.katalon.core.webservice.keyword.WSBuiltInKeywords.verifyElementPropertyValue(WSBuiltInKeywords.groovy:175)
	at com.kms.katalon.core.webservice.keyword.WSBuiltInKeywords$verifyElementPropertyValue$0.call(Unknown Source)
	at 1. get token - data order.run(1. get token - data order:54)
	at com.kms.katalon.core.main.ScriptEngine.run(ScriptEngine.java:194)
	at com.kms.katalon.core.main.ScriptEngine.runScriptAsRawText(ScriptEngine.java:119)
	at com.kms.katalon.core.main.TestCaseExecutor.runScript(TestCaseExecutor.java:442)
	at com.kms.katalon.core.main.TestCaseExecutor.doExecute(TestCaseExecutor.java:433)
	at com.kms.katalon.core.main.TestCaseExecutor.processExecutionPhase(TestCaseExecutor.java:412)
	at com.kms.katalon.core.main.TestCaseExecutor.accessMainPhase(TestCaseExecutor.java:404)
	at com.kms.katalon.core.main.TestCaseExecutor.execute(TestCaseExecutor.java:281)
	at com.kms.katalon.core.main.TestSuiteExecutor.accessTestCaseMainPhase(TestSuiteExecutor.java:202)
	at com.kms.katalon.core.main.TestSuiteExecutor.accessTestSuiteMainPhase(TestSuiteExecutor.java:164)
	at com.kms.katalon.core.main.TestSuiteExecutor.execute(TestSuiteExecutor.java:105)
	at com.kms.katalon.core.main.TestCaseMain.startTestSuite(TestCaseMain.java:181)
	at com.kms.katalon.core.main.TestCaseMain$startTestSuite$0.call(Unknown Source)
	at TempTestSuite1648100878643.run(TempTestSuite1648100878643.groovy:36)
"/>
         <system-out><![CDATA[2022-03-24 12:54:40 - [TEST_CASE][FAILED] - Test Cases/1. get token - data order: Test Cases/1. get token - data order FAILED.
Reason:
com.kms.katalon.core.exception.StepFailedException: Expected element property value '9486004897' is not equal with actual property value '1154000993'
	at com.kms.katalon.core.keyword.internal.KeywordMain.stepFailed(KeywordMain.groovy:39)
	at com.kms.katalon.core.webservice.keyword.builtin.VerifyElementPropertyValueKeyword$_verifyElementPropertyValue_closure1.doCall(VerifyElementPropertyValueKeyword.groovy:56)
	at com.kms.katalon.core.webservice.keyword.builtin.VerifyElementPropertyValueKeyword$_verifyElementPropertyValue_closure1.call(VerifyElementPropertyValueKeyword.groovy)
	at com.kms.katalon.core.keyword.internal.KeywordMain.runKeyword(KeywordMain.groovy:74)
	at com.kms.katalon.core.webservice.keyword.builtin.VerifyElementPropertyValueKeyword.verifyElementPropertyValue(VerifyElementPropertyValueKeyword.groovy:48)
	at com.kms.katalon.core.webservice.keyword.builtin.VerifyElementPropertyValueKeyword.execute(VerifyElementPropertyValueKeyword.groovy:43)
	at com.kms.katalon.core.keyword.internal.KeywordExecutor.executeKeywordForPlatform(KeywordExecutor.groovy:74)
	at com.kms.katalon.core.webservice.keyword.WSBuiltInKeywords.verifyElementPropertyValue(WSBuiltInKeywords.groovy:175)
	at com.kms.katalon.core.webservice.keyword.WSBuiltInKeywords$verifyElementPropertyValue$0.call(Unknown Source)
	at 1. get token - data order.run(1. get token - data order:54)
	at com.kms.katalon.core.main.ScriptEngine.run(ScriptEngine.java:194)
	at com.kms.katalon.core.main.ScriptEngine.runScriptAsRawText(ScriptEngine.java:119)
	at com.kms.katalon.core.main.TestCaseExecutor.runScript(TestCaseExecutor.java:442)
	at com.kms.katalon.core.main.TestCaseExecutor.doExecute(TestCaseExecutor.java:433)
	at com.kms.katalon.core.main.TestCaseExecutor.processExecutionPhase(TestCaseExecutor.java:412)
	at com.kms.katalon.core.main.TestCaseExecutor.accessMainPhase(TestCaseExecutor.java:404)
	at com.kms.katalon.core.main.TestCaseExecutor.execute(TestCaseExecutor.java:281)
	at com.kms.katalon.core.main.TestSuiteExecutor.accessTestCaseMainPhase(TestSuiteExecutor.java:202)
	at com.kms.katalon.core.main.TestSuiteExecutor.accessTestSuiteMainPhase(TestSuiteExecutor.java:164)
	at com.kms.katalon.core.main.TestSuiteExecutor.execute(TestSuiteExecutor.java:105)
	at com.kms.katalon.core.main.TestCaseMain.startTestSuite(TestCaseMain.java:181)
	at com.kms.katalon.core.main.TestCaseMain$startTestSuite$0.call(Unknown Source)
	at TempTestSuite1648100878643.run(TempTestSuite1648100878643.groovy:36)


2022-03-24 12:54:40 - [TEST_STEP][PASSED] - token = sendRequest(findTestObject("1. Get-Token")): Send request successfully

2022-03-24 12:54:41 - [MESSAGE][INFO] - HAR: I:\app-testing\app-project\Order car insurance\order-car-insurance\Reports\20220324_124757\Get data order\20220324_124758\requests\main\57.har

2022-03-24 12:54:41 - [MESSAGE][PASSED] - Send request successfully

2022-03-24 12:54:41 - [TEST_STEP][PASSED] - slurper = new groovy.json.JsonSlurper(): null

2022-03-24 12:54:41 - [TEST_STEP][PASSED] - get_token = slurper.parseText(token.getResponseBodyContent()): null

2022-03-24 12:54:41 - [TEST_STEP][PASSED] - private_token = access_token: null

2022-03-24 12:54:41 - [TEST_STEP][PASSED] - global_token = private_token: null

2022-03-24 12:54:41 - [TEST_STEP][PASSED] - println("token is :" + global_token): null

2022-03-24 12:54:41 - [TEST_STEP][PASSED] - response_token = token.getResponseText(): null

2022-03-24 12:54:41 - [TEST_STEP][PASSED] - logInfo($response_token): 
            {
                "token_type": "BearerToken",
                "access_token": "KkdEbj3630GcgXrCqDa3pQXxWrAU",
                "expires_in": "1799",
                "scope": ""
            }
        

2022-03-24 12:54:41 - [MESSAGE][INFO] - 
            {
                "token_type": "BearerToken",
                "access_token": "KkdEbj3630GcgXrCqDa3pQXxWrAU",
                "expires_in": "1799",
                "scope": ""
            }
        

2022-03-24 12:54:41 - [TEST_STEP][PASSED] - order = sendRequest(findTestObject("3. Get-data-order", ["s_key":global_token, "c_id":c_id, "order_date":order_date, "page":page, "rows":rows])): Send request successfully

2022-03-24 12:54:41 - [MESSAGE][INFO] - HAR: I:\app-testing\app-project\Order car insurance\order-car-insurance\Reports\20220324_124757\Get data order\20220324_124758\requests\main\58.har

2022-03-24 12:54:41 - [MESSAGE][PASSED] - Send request successfully

2022-03-24 12:54:41 - [TEST_STEP][PASSED] - get_order = order.getResponseText(): null

2022-03-24 12:54:41 - [TEST_STEP][PASSED] - markPassed("data ke : " + no): data ke : 20

2022-03-24 12:54:41 - [MESSAGE][PASSED] - data ke : 20

2022-03-24 12:54:41 - [TEST_STEP][PASSED] - verifyElementPropertyValue(order, "GetDataOrderResponse.ListDataOrder[0].TipeOrder", o_tipeorder, CONTINUE_ON_FAILURE): Verify element property value successfully

2022-03-24 12:54:41 - [MESSAGE][PASSED] - Verify element property value successfully

2022-03-24 12:54:41 - [TEST_STEP][PASSED] - verifyElementPropertyValue(order, "GetDataOrderResponse.ListDataOrder[0].BatchID", o_batchid, CONTINUE_ON_FAILURE): Verify element property value successfully

2022-03-24 12:54:41 - [MESSAGE][PASSED] - Verify element property value successfully

2022-03-24 12:54:41 - [TEST_STEP][FAILED] - verifyElementPropertyValue(order, "GetDataOrderResponse.ListDataOrder[0].NoRek", o_norek, CONTINUE_ON_FAILURE): Expected element property value '9486004897' is not equal with actual property value '1154000993'

2022-03-24 12:54:41 - [MESSAGE][FAILED] - Expected element property value '9486004897' is not equal with actual property value '1154000993'

2022-03-24 12:54:41 - [TEST_STEP][PASSED] - verifyElementPropertyValue(order, "GetDataOrderResponse.ListDataOrder[0].NoPin", o_nopin, CONTINUE_ON_FAILURE): Verify element property value successfully

2022-03-24 12:54:41 - [MESSAGE][PASSED] - Verify element property value successfully

2022-03-24 12:54:41 - [TEST_STEP][PASSED] - verifyElementPropertyValue(order, "GetDataOrderResponse.ListDataOrder[0].CustName", o_custname, CONTINUE_ON_FAILURE): Verify element property value successfully

2022-03-24 12:54:41 - [MESSAGE][PASSED] - Verify element property value successfully

2022-03-24 12:54:41 - [TEST_STEP][PASSED] - verifyElementPropertyValue(order, "GetDataOrderResponse.ListDataOrder[0].Pemohon", o_pemohon, CONTINUE_ON_FAILURE): Verify element property value successfully

2022-03-24 12:54:41 - [MESSAGE][PASSED] - Verify element property value successfully

2022-03-24 12:54:41 - [TEST_STEP][FAILED] - verifyElementPropertyValue(order, "GetDataOrderResponse.ListDataOrder[0].HargaPembelian", o_otr, CONTINUE_ON_FAILURE): Expected element property value '284500000.00' is not equal with actual property value '360000000.00'

2022-03-24 12:54:41 - [MESSAGE][FAILED] - Expected element property value '284500000.00' is not equal with actual property value '360000000.00'

2022-03-24 12:54:41 - [TEST_STEP][FAILED] - verifyElementPropertyValue(order, "GetDataOrderResponse.ListDataOrder[0].Cabang", o_branchid, CONTINUE_ON_FAILURE): Expected element property value '9486' is not equal with actual property value '1154'

2022-03-24 12:54:41 - [MESSAGE][FAILED] - Expected element property value '9486' is not equal with actual property value '1154'

2022-03-24 12:54:41 - [TEST_STEP][FAILED] - verifyElementPropertyValue(order, "GetDataOrderResponse.ListDataOrder[0].MerkID", o_merk, CONTINUE_ON_FAILURE): Expected element property value 'MIT' is not equal with actual property value 'TYT'

2022-03-24 12:54:41 - [MESSAGE][FAILED] - Expected element property value 'MIT' is not equal with actual property value 'TYT'

2022-03-24 12:54:41 - [TEST_STEP][FAILED] - verifyElementPropertyValue(order, "GetDataOrderResponse.ListDataOrder[0].TypeMobil", o_type, CONTINUE_ON_FAILURE): Expected element property value 'XPANDER ULTIMATE A/T' is not equal with actual property value 'INNOVA VENTURER 2.0 AT'

2022-03-24 12:54:41 - [MESSAGE][FAILED] - Expected element property value 'XPANDER ULTIMATE A/T' is not equal with actual property value 'INNOVA VENTURER 2.0 AT'

2022-03-24 12:54:41 - [TEST_STEP][PASSED] - verifyElementPropertyValue(order, "GetDataOrderResponse.ListDataOrder[0].JenisMobil", o_jenis, CONTINUE_ON_FAILURE): Verify element property value successfully

2022-03-24 12:54:41 - [MESSAGE][PASSED] - Verify element property value successfully

2022-03-24 12:54:41 - [TEST_STEP][FAILED] - verifyElementPropertyValue(order, "GetDataOrderResponse.ListDataOrder[0].TahunMobil", o_tahun, CONTINUE_ON_FAILURE): Expected element property value '2021' is not equal with actual property value '2017'

2022-03-24 12:54:41 - [MESSAGE][FAILED] - Expected element property value '2021' is not equal with actual property value '2017'

2022-03-24 12:54:41 - [TEST_STEP][FAILED] - verifyElementPropertyValue(order, "GetDataOrderResponse.ListDataOrder[0].Warna", o_warna, CONTINUE_ON_FAILURE): Expected element property value 'HITAM MIKA' is not equal with actual property value 'PUTIH'

2022-03-24 12:54:41 - [MESSAGE][FAILED] - Expected element property value 'HITAM MIKA' is not equal with actual property value 'PUTIH'

2022-03-24 12:54:41 - [TEST_STEP][FAILED] - verifyElementPropertyValue(order, "GetDataOrderResponse.ListDataOrder[0].NoRangka", o_norangka, CONTINUE_ON_FAILURE): Expected element property value 'MK2NCLTARMJ006098' is not equal with actual property value 'MHFAW8EM4H0206354'

2022-03-24 12:54:41 - [MESSAGE][FAILED] - Expected element property value 'MK2NCLTARMJ006098' is not equal with actual property value 'MHFAW8EM4H0206354'

2022-03-24 12:54:41 - [TEST_STEP][FAILED] - verifyElementPropertyValue(order, "GetDataOrderResponse.ListDataOrder[0].NoMesin", o_nomesin, CONTINUE_ON_FAILURE): Expected element property value '4A91KAJ8959' is not equal with actual property value '1TRA295932'

2022-03-24 12:54:41 - [MESSAGE][FAILED] - Expected element property value '4A91KAJ8959' is not equal with actual property value '1TRA295932'

2022-03-24 12:54:41 - [TEST_STEP][FAILED] - verifyElementPropertyValue(order, "GetDataOrderResponse.ListDataOrder[0].NoPolisi", o_nopol, CONTINUE_ON_FAILURE): Expected element property value '               ' is not equal with actual property value 'B 2726 BOM'

2022-03-24 12:54:41 - [MESSAGE][FAILED] - Expected element property value '               ' is not equal with actual property value 'B 2726 BOM'

2022-03-24 12:54:41 - [TEST_STEP][FAILED] - verifyElementPropertyValue(order, "GetDataOrderResponse.ListDataOrder[0].NamaBPKB", o_namabpkb, CONTINUE_ON_FAILURE): Expected element property value 'IRMAWATI' is not equal with actual property value 'PT AUTORENT LANCAR S'

2022-03-24 12:54:42 - [MESSAGE][FAILED] - Expected element property value 'IRMAWATI' is not equal with actual property value 'PT AUTORENT LANCAR S'

2022-03-24 12:54:42 - [TEST_STEP][FAILED] - verifyElementPropertyValue(order, "GetDataOrderResponse.ListDataOrder[0].KategoriMobil", o_kategori, CONTINUE_ON_FAILURE): Expected element property value '3 ' is not equal with actual property value '14'

2022-03-24 12:54:42 - [MESSAGE][FAILED] - Expected element property value '3 ' is not equal with actual property value '14'

2022-03-24 12:54:42 - [TEST_STEP][PASSED] - verifyElementPropertyValue(order, "GetDataOrderResponse.ListDataOrder[0].PenggunaanKendaraan", o_purpose, CONTINUE_ON_FAILURE): Verify element property value successfully

2022-03-24 12:54:42 - [MESSAGE][PASSED] - Verify element property value successfully

2022-03-24 12:54:42 - [TEST_STEP][FAILED] - verifyElementPropertyValue(order, "GetDataOrderResponse.ListDataOrder[0].Kondisi", o_kondisi, CONTINUE_ON_FAILURE): Expected element property value '1' is not equal with actual property value '2'

2022-03-24 12:54:42 - [MESSAGE][FAILED] - Expected element property value '1' is not equal with actual property value '2'

2022-03-24 12:54:42 - [TEST_STEP][PASSED] - verifyElementPropertyValue(order, "GetDataOrderResponse.ListDataOrder[0].Accessories1", o_acc1, CONTINUE_ON_FAILURE): Verify element property value successfully

2022-03-24 12:54:42 - [MESSAGE][PASSED] - Verify element property value successfully

2022-03-24 12:54:42 - [TEST_STEP][PASSED] - verifyElementPropertyValue(order, "GetDataOrderResponse.ListDataOrder[0].Accessories2", o_acc2, CONTINUE_ON_FAILURE): Verify element property value successfully

2022-03-24 12:54:42 - [MESSAGE][PASSED] - Verify element property value successfully

2022-03-24 12:54:42 - [TEST_STEP][PASSED] - verifyElementPropertyValue(order, "GetDataOrderResponse.ListDataOrder[0].Accessories3", o_acc3, CONTINUE_ON_FAILURE): Verify element property value successfully

2022-03-24 12:54:42 - [MESSAGE][PASSED] - Verify element property value successfully

2022-03-24 12:54:42 - [TEST_STEP][PASSED] - verifyElementPropertyValue(order, "GetDataOrderResponse.ListDataOrder[0].Accessories4", o_acc4, CONTINUE_ON_FAILURE): Verify element property value successfully

2022-03-24 12:54:42 - [MESSAGE][PASSED] - Verify element property value successfully

2022-03-24 12:54:42 - [TEST_STEP][PASSED] - verifyElementPropertyValue(order, "GetDataOrderResponse.ListDataOrder[0].Accessories5", o_acc5, CONTINUE_ON_FAILURE): Verify element property value successfully

2022-03-24 12:54:42 - [MESSAGE][PASSED] - Verify element property value successfully

2022-03-24 12:54:42 - [TEST_STEP][PASSED] - verifyElementPropertyValue(order, "GetDataOrderResponse.ListDataOrder[0].HargaAccessories1", o_harga_acc1, CONTINUE_ON_FAILURE): Verify element property value successfully

2022-03-24 12:54:42 - [MESSAGE][PASSED] - Verify element property value successfully

2022-03-24 12:54:42 - [TEST_STEP][PASSED] - verifyElementPropertyValue(order, "GetDataOrderResponse.ListDataOrder[0].HargaAccessories2", o_harga_acc2, CONTINUE_ON_FAILURE): Verify element property value successfully

2022-03-24 12:54:42 - [MESSAGE][PASSED] - Verify element property value successfully

2022-03-24 12:54:42 - [TEST_STEP][PASSED] - verifyElementPropertyValue(order, "GetDataOrderResponse.ListDataOrder[0].HargaAccessories3", o_harga_acc3, CONTINUE_ON_FAILURE): Verify element property value successfully

2022-03-24 12:54:42 - [MESSAGE][PASSED] - Verify element property value successfully

2022-03-24 12:54:42 - [TEST_STEP][PASSED] - verifyElementPropertyValue(order, "GetDataOrderResponse.ListDataOrder[0].HargaAccessories4", o_harga_acc4, CONTINUE_ON_FAILURE): Verify element property value successfully

2022-03-24 12:54:42 - [MESSAGE][PASSED] - Verify element property value successfully

2022-03-24 12:54:42 - [TEST_STEP][PASSED] - verifyElementPropertyValue(order, "GetDataOrderResponse.ListDataOrder[0].HargaAccessories5", o_harga_acc5, CONTINUE_ON_FAILURE): Verify element property value successfully

2022-03-24 12:54:42 - [MESSAGE][PASSED] - Verify element property value successfully

2022-03-24 12:54:42 - [TEST_STEP][PASSED] - verifyElementPropertyValue(order, "GetDataOrderResponse.ListDataOrder[0].OverKredit", o_overkredit, CONTINUE_ON_FAILURE): Verify element property value successfully

2022-03-24 12:54:42 - [MESSAGE][PASSED] - Verify element property value successfully

2022-03-24 12:54:42 - [TEST_STEP][PASSED] - verifyElementPropertyValue(order, "GetDataOrderResponse.ListDataOrder[0].Restructure", o_restructure, CONTINUE_ON_FAILURE): Verify element property value successfully

2022-03-24 12:54:42 - [MESSAGE][PASSED] - Verify element property value successfully

2022-03-24 12:54:42 - [TEST_STEP][PASSED] - verifyElementPropertyValue(order, "GetDataOrderResponse.ListDataOrder[0].NoPolisLama", o_nopol_lama, CONTINUE_ON_FAILURE): Verify element property value successfully

2022-03-24 12:54:42 - [MESSAGE][PASSED] - Verify element property value successfully

2022-03-24 12:54:42 - [TEST_STEP][PASSED] - verifyElementPropertyValue(order, "GetDataOrderResponse.ListDataOrder[0].MailAddress", o_mail_addr, CONTINUE_ON_FAILURE): Verify element property value successfully

2022-03-24 12:54:42 - [MESSAGE][PASSED] - Verify element property value successfully

2022-03-24 12:54:42 - [TEST_STEP][PASSED] - verifyElementPropertyValue(order, "GetDataOrderResponse.ListDataOrder[0].KabKodya", o_kab_kodya, CONTINUE_ON_FAILURE): Verify element property value successfully

2022-03-24 12:54:42 - [MESSAGE][PASSED] - Verify element property value successfully

2022-03-24 12:54:42 - [TEST_STEP][FAILED] - verifyElementPropertyValue(order, "GetDataOrderResponse.ListDataOrder[0].PostalCode", o_postal_code, CONTINUE_ON_FAILURE): Expected element property value '61258' is not equal with actual property value '12610'

2022-03-24 12:54:42 - [MESSAGE][FAILED] - Expected element property value '61258' is not equal with actual property value '12610'

2022-03-24 12:54:42 - [TEST_STEP][PASSED] - verifyElementPropertyValue(order, "GetDataOrderResponse.ListDataOrder[0].PaketMobil", o_packet, CONTINUE_ON_FAILURE): Verify element property value successfully

2022-03-24 12:54:42 - [MESSAGE][PASSED] - Verify element property value successfully

2022-03-24 12:54:42 - [TEST_STEP][PASSED] - verifyElementPropertyValue(order, "GetDataOrderResponse.ListDataOrder[0].CustType", o_cust_type, CONTINUE_ON_FAILURE): Verify element property value successfully

2022-03-24 12:54:42 - [MESSAGE][PASSED] - Verify element property value successfully

2022-03-24 12:54:42 - [TEST_STEP][FAILED] - verifyElementPropertyValue(order, "GetDataOrderResponse.ListDataOrder[0].IdentityNo", o_nik, CONTINUE_ON_FAILURE): Expected element property value 'SCRAMBLE' is not equal with actual property value '09.5307.120661.7004'

2022-03-24 12:54:42 - [MESSAGE][FAILED] - Expected element property value 'SCRAMBLE' is not equal with actual property value '09.5307.120661.7004'

2022-03-24 12:54:42 - [TEST_STEP][PASSED] - verifyElementPropertyValue(order, "GetDataOrderResponse.ListDataOrder[0].BirthPlace", o_birth_place, CONTINUE_ON_FAILURE): Verify element property value successfully

2022-03-24 12:54:42 - [MESSAGE][PASSED] - Verify element property value successfully

2022-03-24 12:54:42 - [TEST_STEP][FAILED] - verifyElementPropertyValue(order, "GetDataOrderResponse.ListDataOrder[0].BirthDate", o_birth_date, CONTINUE_ON_FAILURE): Expected element property value '20220212' is not equal with actual property value '19610612'

2022-03-24 12:54:42 - [MESSAGE][FAILED] - Expected element property value '20220212' is not equal with actual property value '19610612'

2022-03-24 12:54:42 - [TEST_STEP][FAILED] - verifyElementPropertyValue(order, "GetDataOrderResponse.ListDataOrder[0].Occupation", o_occp, CONTINUE_ON_FAILURE): Expected element property value 'Karyawan' is not equal with actual property value 'Wiraswasta'

2022-03-24 12:54:42 - [MESSAGE][FAILED] - Expected element property value 'Karyawan' is not equal with actual property value 'Wiraswasta'

2022-03-24 12:54:42 - [TEST_STEP][PASSED] - verifyElementPropertyValue(order, "GetDataOrderResponse.ListDataOrder[0].AlamatKTP", o_ktp_addr, CONTINUE_ON_FAILURE): Verify element property value successfully

2022-03-24 12:54:42 - [MESSAGE][PASSED] - Verify element property value successfully

2022-03-24 12:54:42 - [TEST_STEP][PASSED] - verifyElementPropertyValue(order, "GetDataOrderResponse.ListDataOrder[0].KelurahanKTP", o_ktp_kel, CONTINUE_ON_FAILURE): Verify element property value successfully

2022-03-24 12:54:42 - [MESSAGE][PASSED] - Verify element property value successfully

2022-03-24 12:54:42 - [TEST_STEP][PASSED] - verifyElementPropertyValue(order, "GetDataOrderResponse.ListDataOrder[0].KecamatanKTP", o_ktp_kec, CONTINUE_ON_FAILURE): Verify element property value successfully

2022-03-24 12:54:42 - [MESSAGE][PASSED] - Verify element property value successfully

2022-03-24 12:54:42 - [TEST_STEP][PASSED] - verifyElementPropertyValue(order, "GetDataOrderResponse.ListDataOrder[0].KabKodyaKTP", o_ktp_kabkodya, CONTINUE_ON_FAILURE): Verify element property value successfully

2022-03-24 12:54:42 - [MESSAGE][PASSED] - Verify element property value successfully

2022-03-24 12:54:42 - [TEST_STEP][PASSED] - verifyElementPropertyValue(order, "GetDataOrderResponse.ListDataOrder[0].ProvinsiKTP", o_ktp_prov, CONTINUE_ON_FAILURE): Verify element property value successfully

2022-03-24 12:54:42 - [MESSAGE][PASSED] - Verify element property value successfully

2022-03-24 12:54:42 - [TEST_STEP][FAILED] - verifyElementPropertyValue(order, "GetDataOrderResponse.ListDataOrder[0].PostalCodeKTP", o_ktp_postal_code, CONTINUE_ON_FAILURE): Expected element property value '61258' is not equal with actual property value '12610'

2022-03-24 12:54:42 - [MESSAGE][FAILED] - Expected element property value '61258' is not equal with actual property value '12610'

2022-03-24 12:54:42 - [TEST_STEP][FAILED] - verifyElementPropertyValue(order, "GetDataOrderResponse.ListDataOrder[0].DealerName", o_ktp_dealer_name, CONTINUE_ON_FAILURE): Expected element property value 'Sun Star Motor Ngagel' is not equal with actual property value '21 Auto Cars'

2022-03-24 12:54:42 - [MESSAGE][FAILED] - Expected element property value 'Sun Star Motor Ngagel' is not equal with actual property value '21 Auto Cars'

2022-03-24 12:54:42 - [TEST_STEP][FAILED] - switch (tenor): null

2022-03-24 12:54:42 - [TEST_STEP][FAILED] - case "4":: null

2022-03-24 12:54:42 - [TEST_STEP][PASSED] - order2 = sendRequest(findTestObject("3. Get-data-order", ["s_key":global_token, "c_id":c_id, "order_date":order_date, "page":page, "rows":rows])): Send request successfully

2022-03-24 12:54:43 - [MESSAGE][INFO] - HAR: I:\app-testing\app-project\Order car insurance\order-car-insurance\Reports\20220324_124757\Get data order\20220324_124758\requests\main\59.har

2022-03-24 12:54:43 - [MESSAGE][PASSED] - Send request successfully

2022-03-24 12:54:43 - [TEST_STEP][PASSED] - get_order2 = order.getResponseText(): null

2022-03-24 12:54:43 - [TEST_STEP][FAILED] - verifyElementPropertyValue(order, "GetDataOrderResponse.ListDataOrder[0].InsuranceData[0].KondisiPertanggungan", o_kond_pertanggungan_0, CONTINUE_ON_FAILURE): Expected element property value ' ' is not equal with actual property value ''

2022-03-24 12:54:43 - [MESSAGE][FAILED] - Expected element property value ' ' is not equal with actual property value ''

2022-03-24 12:54:43 - [TEST_STEP][PASSED] - verifyElementPropertyValue(order, "GetDataOrderResponse.ListDataOrder[0].InsuranceData[0].TJH", o_tjh_header_0, CONTINUE_ON_FAILURE): Verify element property value successfully

2022-03-24 12:54:43 - [MESSAGE][PASSED] - Verify element property value successfully

2022-03-24 12:54:43 - [TEST_STEP][FAILED] - verifyElementPropertyValue(order, "GetDataOrderResponse.ListDataOrder[0].InsuranceData[0].InsuredValue", o_ins_val_0, CONTINUE_ON_FAILURE): Expected element property value '284500000.00' is not equal with actual property value '360000000.00'

2022-03-24 12:54:43 - [MESSAGE][FAILED] - Expected element property value '284500000.00' is not equal with actual property value '360000000.00'

2022-03-24 12:54:43 - [TEST_STEP][PASSED] - verifyElementPropertyValue(order, "GetDataOrderResponse.ListDataOrder[0].InsuranceData[0].InsuredFrom", o_ins_form_0, CONTINUE_ON_FAILURE): Verify element property value successfully

2022-03-24 12:54:43 - [MESSAGE][PASSED] - Verify element property value successfully

2022-03-24 12:54:43 - [TEST_STEP][PASSED] - verifyElementPropertyValue(order, "GetDataOrderResponse.ListDataOrder[0].InsuranceData[0].InsuredTo", o_ins_to_0, CONTINUE_ON_FAILURE): Verify element property value successfully

2022-03-24 12:54:43 - [MESSAGE][PASSED] - Verify element property value successfully

2022-03-24 12:54:43 - [TEST_STEP][FAILED] - verifyElementPropertyValue(order, "GetDataOrderResponse.ListDataOrder[0].InsuranceData[0].Rate", o_rate_0, CONTINUE_ON_FAILURE): Expected element property value '1.3067' is not equal with actual property value '1.5184'

2022-03-24 12:54:43 - [MESSAGE][FAILED] - Expected element property value '1.3067' is not equal with actual property value '1.5184'

2022-03-24 12:54:43 - [TEST_STEP][FAILED] - verifyElementPropertyValue(order, "GetDataOrderResponse.ListDataOrder[0].InsuranceData[0].GrossPremi", o_gross_premi_0, CONTINUE_ON_FAILURE): Expected element property value '3717562.00' is not equal with actual property value '5466240.00'

2022-03-24 12:54:43 - [MESSAGE][FAILED] - Expected element property value '3717562.00' is not equal with actual property value '5466240.00'

2022-03-24 12:54:43 - [TEST_STEP][PASSED] - verifyElementPropertyValue(order, "GetDataOrderResponse.ListDataOrder[0].InsuranceData[0].Discount", o_discount_0, CONTINUE_ON_FAILURE): Verify element property value successfully

2022-03-24 12:54:43 - [MESSAGE][PASSED] - Verify element property value successfully

2022-03-24 12:54:43 - [TEST_STEP][PASSED] - verifyElementPropertyValue(order, "GetDataOrderResponse.ListDataOrder[0].InsuranceData[0].Adm", o_adm_0, CONTINUE_ON_FAILURE): Verify element property value successfully

2022-03-24 12:54:43 - [MESSAGE][PASSED] - Verify element property value successfully

2022-03-24 12:54:43 - [TEST_STEP][FAILED] - verifyElementPropertyValue(order, "GetDataOrderResponse.ListDataOrder[0].InsuranceData[0].NetPremi", o_netpremi_0, CONTINUE_ON_FAILURE): Expected element property value '3717562.00' is not equal with actual property value '5466240.00'

2022-03-24 12:54:43 - [MESSAGE][FAILED] - Expected element property value '3717562.00' is not equal with actual property value '5466240.00'

2022-03-24 12:54:43 - [TEST_STEP][PASSED] - verifyElementPropertyValue(order, "GetDataOrderResponse.ListDataOrder[0].InsuranceData[0].PerluasanJaminan.TJH", o_tjh_val_0, CONTINUE_ON_FAILURE): Verify element property value successfully

2022-03-24 12:54:43 - [MESSAGE][PASSED] - Verify element property value successfully

2022-03-24 12:54:43 - [TEST_STEP][PASSED] - verifyElementPropertyValue(order, "GetDataOrderResponse.ListDataOrder[0].InsuranceData[0].PerluasanJaminan.RSCC", o_rscc_val_0, CONTINUE_ON_FAILURE): Verify element property value successfully

2022-03-24 12:54:43 - [MESSAGE][PASSED] - Verify element property value successfully

2022-03-24 12:54:43 - [TEST_STEP][PASSED] - verifyElementPropertyValue(order, "GetDataOrderResponse.ListDataOrder[0].InsuranceData[0].PerluasanJaminan.Banjir", o_rsmb_val_0, CONTINUE_ON_FAILURE): Verify element property value successfully

2022-03-24 12:54:43 - [MESSAGE][PASSED] - Verify element property value successfully

2022-03-24 12:54:43 - [TEST_STEP][PASSED] - verifyElementPropertyValue(order, "GetDataOrderResponse.ListDataOrder[0].InsuranceData[0].PerluasanJaminan.Accessories", o_acc_val_0, CONTINUE_ON_FAILURE): Verify element property value successfully

2022-03-24 12:54:43 - [MESSAGE][PASSED] - Verify element property value successfully

2022-03-24 12:54:43 - [TEST_STEP][PASSED] - verifyElementPropertyValue(order, "GetDataOrderResponse.ListDataOrder[0].InsuranceData[1].KondisiPertanggungan", o_kond_pertanggungan_1, CONTINUE_ON_FAILURE): Verify element property value successfully

2022-03-24 12:54:43 - [MESSAGE][PASSED] - Verify element property value successfully

2022-03-24 12:54:43 - [TEST_STEP][PASSED] - verifyElementPropertyValue(order, "GetDataOrderResponse.ListDataOrder[0].InsuranceData[1].TJH", o_tjh_header_1, CONTINUE_ON_FAILURE): Verify element property value successfully

2022-03-24 12:54:43 - [MESSAGE][PASSED] - Verify element property value successfully

2022-03-24 12:54:43 - [TEST_STEP][FAILED] - verifyElementPropertyValue(order, "GetDataOrderResponse.ListDataOrder[0].InsuranceData[1].InsuredValue", o_ins_val_1, CONTINUE_ON_FAILURE): Expected element property value '284500000.00' is not equal with actual property value '360000000.00'

2022-03-24 12:54:43 - [MESSAGE][FAILED] - Expected element property value '284500000.00' is not equal with actual property value '360000000.00'

2022-03-24 12:54:43 - [TEST_STEP][PASSED] - verifyElementPropertyValue(order, "GetDataOrderResponse.ListDataOrder[0].InsuranceData[1].InsuredFrom", o_ins_form_1, CONTINUE_ON_FAILURE): Verify element property value successfully

2022-03-24 12:54:43 - [MESSAGE][PASSED] - Verify element property value successfully

2022-03-24 12:54:43 - [TEST_STEP][PASSED] - verifyElementPropertyValue(order, "GetDataOrderResponse.ListDataOrder[0].InsuranceData[1].InsuredTo", o_ins_to_1, CONTINUE_ON_FAILURE): Verify element property value successfully

2022-03-24 12:54:43 - [MESSAGE][PASSED] - Verify element property value successfully

2022-03-24 12:54:43 - [TEST_STEP][FAILED] - verifyElementPropertyValue(order, "GetDataOrderResponse.ListDataOrder[0].InsuranceData[1].Rate", o_rate_1, CONTINUE_ON_FAILURE): Expected element property value '0.2117' is not equal with actual property value '0.2774'

2022-03-24 12:54:43 - [MESSAGE][FAILED] - Expected element property value '0.2117' is not equal with actual property value '0.2774'

2022-03-24 12:54:43 - [TEST_STEP][FAILED] - verifyElementPropertyValue(order, "GetDataOrderResponse.ListDataOrder[0].InsuranceData[1].GrossPremi", o_gross_premi_1, CONTINUE_ON_FAILURE): Expected element property value '3717562.00' is not equal with actual property value '998640.00'

2022-03-24 12:54:43 - [MESSAGE][FAILED] - Expected element property value '3717562.00' is not equal with actual property value '998640.00'

2022-03-24 12:54:43 - [TEST_STEP][PASSED] - verifyElementPropertyValue(order, "GetDataOrderResponse.ListDataOrder[0].InsuranceData[1].Discount", o_discount_1, CONTINUE_ON_FAILURE): Verify element property value successfully

2022-03-24 12:54:43 - [MESSAGE][PASSED] - Verify element property value successfully

2022-03-24 12:54:43 - [TEST_STEP][PASSED] - verifyElementPropertyValue(order, "GetDataOrderResponse.ListDataOrder[0].InsuranceData[1].Adm", o_adm_1, CONTINUE_ON_FAILURE): Verify element property value successfully

2022-03-24 12:54:43 - [MESSAGE][PASSED] - Verify element property value successfully

2022-03-24 12:54:43 - [TEST_STEP][FAILED] - verifyElementPropertyValue(order, "GetDataOrderResponse.ListDataOrder[0].InsuranceData[1].NetPremi", o_netpremi_1, CONTINUE_ON_FAILURE): Expected element property value '602287.00' is not equal with actual property value '998640.00'

2022-03-24 12:54:43 - [MESSAGE][FAILED] - Expected element property value '602287.00' is not equal with actual property value '998640.00'

2022-03-24 12:54:43 - [TEST_STEP][PASSED] - verifyElementPropertyValue(order, "GetDataOrderResponse.ListDataOrder[0].InsuranceData[1].PerluasanJaminan.TJH", o_tjh_val_1, CONTINUE_ON_FAILURE): Verify element property value successfully

2022-03-24 12:54:44 - [MESSAGE][PASSED] - Verify element property value successfully

2022-03-24 12:54:44 - [TEST_STEP][PASSED] - verifyElementPropertyValue(order, "GetDataOrderResponse.ListDataOrder[0].InsuranceData[1].PerluasanJaminan.RSCC", o_rscc_val_1, CONTINUE_ON_FAILURE): Verify element property value successfully

2022-03-24 12:54:44 - [MESSAGE][PASSED] - Verify element property value successfully

2022-03-24 12:54:44 - [TEST_STEP][PASSED] - verifyElementPropertyValue(order, "GetDataOrderResponse.ListDataOrder[0].InsuranceData[1].PerluasanJaminan.Banjir", o_rsmb_val_1, CONTINUE_ON_FAILURE): Verify element property value successfully

2022-03-24 12:54:44 - [MESSAGE][PASSED] - Verify element property value successfully

2022-03-24 12:54:44 - [TEST_STEP][PASSED] - verifyElementPropertyValue(order, "GetDataOrderResponse.ListDataOrder[0].InsuranceData[1].PerluasanJaminan.Accessories", o_acc_val_1, CONTINUE_ON_FAILURE): Verify element property value successfully

2022-03-24 12:54:44 - [MESSAGE][PASSED] - Verify element property value successfully

2022-03-24 12:54:44 - [TEST_STEP][PASSED] - verifyElementPropertyValue(order, "GetDataOrderResponse.ListDataOrder[0].InsuranceData[2].KondisiPertanggungan", o_kond_pertanggungan_2, CONTINUE_ON_FAILURE): Verify element property value successfully

2022-03-24 12:54:44 - [MESSAGE][PASSED] - Verify element property value successfully

2022-03-24 12:54:44 - [TEST_STEP][PASSED] - verifyElementPropertyValue(order, "GetDataOrderResponse.ListDataOrder[0].InsuranceData[2].TJH", o_tjh_header_2, CONTINUE_ON_FAILURE): Verify element property value successfully

2022-03-24 12:54:44 - [MESSAGE][PASSED] - Verify element property value successfully

2022-03-24 12:54:44 - [TEST_STEP][FAILED] - verifyElementPropertyValue(order, "GetDataOrderResponse.ListDataOrder[0].InsuranceData[2].InsuredValue", o_ins_val_2, CONTINUE_ON_FAILURE): Expected element property value '284500000.00' is not equal with actual property value '360000000.00'

2022-03-24 12:54:44 - [MESSAGE][FAILED] - Expected element property value '284500000.00' is not equal with actual property value '360000000.00'

2022-03-24 12:54:44 - [TEST_STEP][PASSED] - verifyElementPropertyValue(order, "GetDataOrderResponse.ListDataOrder[0].InsuranceData[2].InsuredFrom", o_ins_form_2, CONTINUE_ON_FAILURE): Verify element property value successfully

2022-03-24 12:54:44 - [MESSAGE][PASSED] - Verify element property value successfully

2022-03-24 12:54:44 - [TEST_STEP][PASSED] - verifyElementPropertyValue(order, "GetDataOrderResponse.ListDataOrder[0].InsuranceData[2].InsuredTo", o_ins_to_2, CONTINUE_ON_FAILURE): Verify element property value successfully

2022-03-24 12:54:44 - [MESSAGE][PASSED] - Verify element property value successfully

2022-03-24 12:54:44 - [TEST_STEP][FAILED] - verifyElementPropertyValue(order, "GetDataOrderResponse.ListDataOrder[0].InsuranceData[2].Rate", o_rate_2, CONTINUE_ON_FAILURE): Expected element property value '0.2117' is not equal with actual property value '0.2774'

2022-03-24 12:54:44 - [MESSAGE][FAILED] - Expected element property value '0.2117' is not equal with actual property value '0.2774'

2022-03-24 12:54:44 - [TEST_STEP][FAILED] - verifyElementPropertyValue(order, "GetDataOrderResponse.ListDataOrder[0].InsuranceData[2].GrossPremi", o_gross_premi_2, CONTINUE_ON_FAILURE): Expected element property value '602287.00' is not equal with actual property value '998640.00'

2022-03-24 12:54:44 - [MESSAGE][FAILED] - Expected element property value '602287.00' is not equal with actual property value '998640.00'

2022-03-24 12:54:44 - [TEST_STEP][PASSED] - verifyElementPropertyValue(order, "GetDataOrderResponse.ListDataOrder[0].InsuranceData[2].Discount", o_discount_2, CONTINUE_ON_FAILURE): Verify element property value successfully

2022-03-24 12:54:44 - [MESSAGE][PASSED] - Verify element property value successfully

2022-03-24 12:54:44 - [TEST_STEP][PASSED] - verifyElementPropertyValue(order, "GetDataOrderResponse.ListDataOrder[0].InsuranceData[2].Adm", o_adm_2, CONTINUE_ON_FAILURE): Verify element property value successfully

2022-03-24 12:54:44 - [MESSAGE][PASSED] - Verify element property value successfully

2022-03-24 12:54:44 - [TEST_STEP][FAILED] - verifyElementPropertyValue(order, "GetDataOrderResponse.ListDataOrder[0].InsuranceData[2].NetPremi", o_netpremi_2, CONTINUE_ON_FAILURE): Expected element property value '602287.00' is not equal with actual property value '998640.00'

2022-03-24 12:54:44 - [MESSAGE][FAILED] - Expected element property value '602287.00' is not equal with actual property value '998640.00'

2022-03-24 12:54:44 - [TEST_STEP][PASSED] - verifyElementPropertyValue(order, "GetDataOrderResponse.ListDataOrder[0].InsuranceData[2].PerluasanJaminan.TJH", o_tjh_val_2, CONTINUE_ON_FAILURE): Verify element property value successfully

2022-03-24 12:54:44 - [MESSAGE][PASSED] - Verify element property value successfully

2022-03-24 12:54:44 - [TEST_STEP][PASSED] - verifyElementPropertyValue(order, "GetDataOrderResponse.ListDataOrder[0].InsuranceData[2].PerluasanJaminan.RSCC", o_rscc_val_2, CONTINUE_ON_FAILURE): Verify element property value successfully

2022-03-24 12:54:44 - [MESSAGE][PASSED] - Verify element property value successfully

2022-03-24 12:54:44 - [TEST_STEP][PASSED] - verifyElementPropertyValue(order, "GetDataOrderResponse.ListDataOrder[0].InsuranceData[2].PerluasanJaminan.Banjir", o_rsmb_val_2, CONTINUE_ON_FAILURE): Verify element property value successfully

2022-03-24 12:54:44 - [MESSAGE][PASSED] - Verify element property value successfully

2022-03-24 12:54:44 - [TEST_STEP][PASSED] - verifyElementPropertyValue(order, "GetDataOrderResponse.ListDataOrder[0].InsuranceData[2].PerluasanJaminan.Accessories", o_acc_val_2, CONTINUE_ON_FAILURE): Verify element property value successfully

2022-03-24 12:54:44 - [MESSAGE][PASSED] - Verify element property value successfully

2022-03-24 12:54:44 - [TEST_STEP][FAILED] - verifyElementPropertyValue(order, "GetDataOrderResponse.ListDataOrder[0].InsuranceData[3].KondisiPertanggungan", o_kond_pertanggungan_3, CONTINUE_ON_FAILURE): Unable to verify element property value (Root cause: java.lang.NullPointerException: Cannot get property 'KondisiPertanggungan' on null object
	at Script1.run(Script1.groovy:1)
	at com.kms.katalon.core.webservice.helper.WebServiceCommonHelper.parseAndGetPropertyValueForJson(WebServiceCommonHelper.java:213)
	at com.kms.katalon.core.webservice.keyword.builtin.VerifyElementPropertyValueKeyword$_verifyElementPropertyValue_closure1.doCall(VerifyElementPropertyValueKeyword.groovy:52)
	at com.kms.katalon.core.webservice.keyword.builtin.VerifyElementPropertyValueKeyword$_verifyElementPropertyValue_closure1.call(VerifyElementPropertyValueKeyword.groovy)
	at com.kms.katalon.core.keyword.internal.KeywordMain.runKeyword(KeywordMain.groovy:74)
	at com.kms.katalon.core.webservice.keyword.builtin.VerifyElementPropertyValueKeyword.verifyElementPropertyValue(VerifyElementPropertyValueKeyword.groovy:48)
	at com.kms.katalon.core.webservice.keyword.builtin.VerifyElementPropertyValueKeyword.execute(VerifyElementPropertyValueKeyword.groovy:43)
	at com.kms.katalon.core.keyword.internal.KeywordExecutor.executeKeywordForPlatform(KeywordExecutor.groovy:74)
	at com.kms.katalon.core.webservice.keyword.WSBuiltInKeywords.verifyElementPropertyValue(WSBuiltInKeywords.groovy:175)
	at com.kms.katalon.core.webservice.keyword.WSBuiltInKeywords$verifyElementPropertyValue$0.call(Unknown Source)
	at 1. get token - data order.run(1. get token - data order:546)
	at com.kms.katalon.core.main.ScriptEngine.run(ScriptEngine.java:194)
	at com.kms.katalon.core.main.ScriptEngine.runScriptAsRawText(ScriptEngine.java:119)
	at com.kms.katalon.core.main.TestCaseExecutor.runScript(TestCaseExecutor.java:442)
	at com.kms.katalon.core.main.TestCaseExecutor.doExecute(TestCaseExecutor.java:433)
	at com.kms.katalon.core.main.TestCaseExecutor.processExecutionPhase(TestCaseExecutor.java:412)
	at com.kms.katalon.core.main.TestCaseExecutor.accessMainPhase(TestCaseExecutor.java:404)
	at com.kms.katalon.core.main.TestCaseExecutor.execute(TestCaseExecutor.java:281)
	at com.kms.katalon.core.main.TestSuiteExecutor.accessTestCaseMainPhase(TestSuiteExecutor.java:202)
	at com.kms.katalon.core.main.TestSuiteExecutor.accessTestSuiteMainPhase(TestSuiteExecutor.java:164)
	at com.kms.katalon.core.main.TestSuiteExecutor.execute(TestSuiteExecutor.java:105)
	at com.kms.katalon.core.main.TestCaseMain.startTestSuite(TestCaseMain.java:181)
	at com.kms.katalon.core.main.TestCaseMain$startTestSuite$0.call(Unknown Source)
	at TempTestSuite1648100878643.run(TempTestSuite1648100878643.groovy:36)
)

2022-03-24 12:54:44 - [MESSAGE][FAILED] - Unable to verify element property value (Root cause: java.lang.NullPointerException: Cannot get property 'KondisiPertanggungan' on null object
	at Script1.run(Script1.groovy:1)
	at com.kms.katalon.core.webservice.helper.WebServiceCommonHelper.parseAndGetPropertyValueForJson(WebServiceCommonHelper.java:213)
	at com.kms.katalon.core.webservice.keyword.builtin.VerifyElementPropertyValueKeyword$_verifyElementPropertyValue_closure1.doCall(VerifyElementPropertyValueKeyword.groovy:52)
	at com.kms.katalon.core.webservice.keyword.builtin.VerifyElementPropertyValueKeyword$_verifyElementPropertyValue_closure1.call(VerifyElementPropertyValueKeyword.groovy)
	at com.kms.katalon.core.keyword.internal.KeywordMain.runKeyword(KeywordMain.groovy:74)
	at com.kms.katalon.core.webservice.keyword.builtin.VerifyElementPropertyValueKeyword.verifyElementPropertyValue(VerifyElementPropertyValueKeyword.groovy:48)
	at com.kms.katalon.core.webservice.keyword.builtin.VerifyElementPropertyValueKeyword.execute(VerifyElementPropertyValueKeyword.groovy:43)
	at com.kms.katalon.core.keyword.internal.KeywordExecutor.executeKeywordForPlatform(KeywordExecutor.groovy:74)
	at com.kms.katalon.core.webservice.keyword.WSBuiltInKeywords.verifyElementPropertyValue(WSBuiltInKeywords.groovy:175)
	at com.kms.katalon.core.webservice.keyword.WSBuiltInKeywords$verifyElementPropertyValue$0.call(Unknown Source)
	at 1. get token - data order.run(1. get token - data order:546)
	at com.kms.katalon.core.main.ScriptEngine.run(ScriptEngine.java:194)
	at com.kms.katalon.core.main.ScriptEngine.runScriptAsRawText(ScriptEngine.java:119)
	at com.kms.katalon.core.main.TestCaseExecutor.runScript(TestCaseExecutor.java:442)
	at com.kms.katalon.core.main.TestCaseExecutor.doExecute(TestCaseExecutor.java:433)
	at com.kms.katalon.core.main.TestCaseExecutor.processExecutionPhase(TestCaseExecutor.java:412)
	at com.kms.katalon.core.main.TestCaseExecutor.accessMainPhase(TestCaseExecutor.java:404)
	at com.kms.katalon.core.main.TestCaseExecutor.execute(TestCaseExecutor.java:281)
	at com.kms.katalon.core.main.TestSuiteExecutor.accessTestCaseMainPhase(TestSuiteExecutor.java:202)
	at com.kms.katalon.core.main.TestSuiteExecutor.accessTestSuiteMainPhase(TestSuiteExecutor.java:164)
	at com.kms.katalon.core.main.TestSuiteExecutor.execute(TestSuiteExecutor.java:105)
	at com.kms.katalon.core.main.TestCaseMain.startTestSuite(TestCaseMain.java:181)
	at com.kms.katalon.core.main.TestCaseMain$startTestSuite$0.call(Unknown Source)
	at TempTestSuite1648100878643.run(TempTestSuite1648100878643.groovy:36)
)

2022-03-24 12:54:44 - [TEST_STEP][FAILED] - verifyElementPropertyValue(order, "GetDataOrderResponse.ListDataOrder[0].InsuranceData[3].TJH", o_tjh_header_3, CONTINUE_ON_FAILURE): Unable to verify element property value (Root cause: java.lang.NullPointerException: Cannot get property 'TJH' on null object
	at Script1.run(Script1.groovy:1)
	at com.kms.katalon.core.webservice.helper.WebServiceCommonHelper.parseAndGetPropertyValueForJson(WebServiceCommonHelper.java:213)
	at com.kms.katalon.core.webservice.keyword.builtin.VerifyElementPropertyValueKeyword$_verifyElementPropertyValue_closure1.doCall(VerifyElementPropertyValueKeyword.groovy:52)
	at com.kms.katalon.core.webservice.keyword.builtin.VerifyElementPropertyValueKeyword$_verifyElementPropertyValue_closure1.call(VerifyElementPropertyValueKeyword.groovy)
	at com.kms.katalon.core.keyword.internal.KeywordMain.runKeyword(KeywordMain.groovy:74)
	at com.kms.katalon.core.webservice.keyword.builtin.VerifyElementPropertyValueKeyword.verifyElementPropertyValue(VerifyElementPropertyValueKeyword.groovy:48)
	at com.kms.katalon.core.webservice.keyword.builtin.VerifyElementPropertyValueKeyword.execute(VerifyElementPropertyValueKeyword.groovy:43)
	at com.kms.katalon.core.keyword.internal.KeywordExecutor.executeKeywordForPlatform(KeywordExecutor.groovy:74)
	at com.kms.katalon.core.webservice.keyword.WSBuiltInKeywords.verifyElementPropertyValue(WSBuiltInKeywords.groovy:175)
	at com.kms.katalon.core.webservice.keyword.WSBuiltInKeywords$verifyElementPropertyValue$0.call(Unknown Source)
	at 1. get token - data order.run(1. get token - data order:549)
	at com.kms.katalon.core.main.ScriptEngine.run(ScriptEngine.java:194)
	at com.kms.katalon.core.main.ScriptEngine.runScriptAsRawText(ScriptEngine.java:119)
	at com.kms.katalon.core.main.TestCaseExecutor.runScript(TestCaseExecutor.java:442)
	at com.kms.katalon.core.main.TestCaseExecutor.doExecute(TestCaseExecutor.java:433)
	at com.kms.katalon.core.main.TestCaseExecutor.processExecutionPhase(TestCaseExecutor.java:412)
	at com.kms.katalon.core.main.TestCaseExecutor.accessMainPhase(TestCaseExecutor.java:404)
	at com.kms.katalon.core.main.TestCaseExecutor.execute(TestCaseExecutor.java:281)
	at com.kms.katalon.core.main.TestSuiteExecutor.accessTestCaseMainPhase(TestSuiteExecutor.java:202)
	at com.kms.katalon.core.main.TestSuiteExecutor.accessTestSuiteMainPhase(TestSuiteExecutor.java:164)
	at com.kms.katalon.core.main.TestSuiteExecutor.execute(TestSuiteExecutor.java:105)
	at com.kms.katalon.core.main.TestCaseMain.startTestSuite(TestCaseMain.java:181)
	at com.kms.katalon.core.main.TestCaseMain$startTestSuite$0.call(Unknown Source)
	at TempTestSuite1648100878643.run(TempTestSuite1648100878643.groovy:36)
)

2022-03-24 12:54:44 - [MESSAGE][FAILED] - Unable to verify element property value (Root cause: java.lang.NullPointerException: Cannot get property 'TJH' on null object
	at Script1.run(Script1.groovy:1)
	at com.kms.katalon.core.webservice.helper.WebServiceCommonHelper.parseAndGetPropertyValueForJson(WebServiceCommonHelper.java:213)
	at com.kms.katalon.core.webservice.keyword.builtin.VerifyElementPropertyValueKeyword$_verifyElementPropertyValue_closure1.doCall(VerifyElementPropertyValueKeyword.groovy:52)
	at com.kms.katalon.core.webservice.keyword.builtin.VerifyElementPropertyValueKeyword$_verifyElementPropertyValue_closure1.call(VerifyElementPropertyValueKeyword.groovy)
	at com.kms.katalon.core.keyword.internal.KeywordMain.runKeyword(KeywordMain.groovy:74)
	at com.kms.katalon.core.webservice.keyword.builtin.VerifyElementPropertyValueKeyword.verifyElementPropertyValue(VerifyElementPropertyValueKeyword.groovy:48)
	at com.kms.katalon.core.webservice.keyword.builtin.VerifyElementPropertyValueKeyword.execute(VerifyElementPropertyValueKeyword.groovy:43)
	at com.kms.katalon.core.keyword.internal.KeywordExecutor.executeKeywordForPlatform(KeywordExecutor.groovy:74)
	at com.kms.katalon.core.webservice.keyword.WSBuiltInKeywords.verifyElementPropertyValue(WSBuiltInKeywords.groovy:175)
	at com.kms.katalon.core.webservice.keyword.WSBuiltInKeywords$verifyElementPropertyValue$0.call(Unknown Source)
	at 1. get token - data order.run(1. get token - data order:549)
	at com.kms.katalon.core.main.ScriptEngine.run(ScriptEngine.java:194)
	at com.kms.katalon.core.main.ScriptEngine.runScriptAsRawText(ScriptEngine.java:119)
	at com.kms.katalon.core.main.TestCaseExecutor.runScript(TestCaseExecutor.java:442)
	at com.kms.katalon.core.main.TestCaseExecutor.doExecute(TestCaseExecutor.java:433)
	at com.kms.katalon.core.main.TestCaseExecutor.processExecutionPhase(TestCaseExecutor.java:412)
	at com.kms.katalon.core.main.TestCaseExecutor.accessMainPhase(TestCaseExecutor.java:404)
	at com.kms.katalon.core.main.TestCaseExecutor.execute(TestCaseExecutor.java:281)
	at com.kms.katalon.core.main.TestSuiteExecutor.accessTestCaseMainPhase(TestSuiteExecutor.java:202)
	at com.kms.katalon.core.main.TestSuiteExecutor.accessTestSuiteMainPhase(TestSuiteExecutor.java:164)
	at com.kms.katalon.core.main.TestSuiteExecutor.execute(TestSuiteExecutor.java:105)
	at com.kms.katalon.core.main.TestCaseMain.startTestSuite(TestCaseMain.java:181)
	at com.kms.katalon.core.main.TestCaseMain$startTestSuite$0.call(Unknown Source)
	at TempTestSuite1648100878643.run(TempTestSuite1648100878643.groovy:36)
)

2022-03-24 12:54:44 - [TEST_STEP][FAILED] - verifyElementPropertyValue(order, "GetDataOrderResponse.ListDataOrder[0].InsuranceData[3].InsuredValue", o_ins_val_3, CONTINUE_ON_FAILURE): Unable to verify element property value (Root cause: java.lang.NullPointerException: Cannot get property 'InsuredValue' on null object
	at Script1.run(Script1.groovy:1)
	at com.kms.katalon.core.webservice.helper.WebServiceCommonHelper.parseAndGetPropertyValueForJson(WebServiceCommonHelper.java:213)
	at com.kms.katalon.core.webservice.keyword.builtin.VerifyElementPropertyValueKeyword$_verifyElementPropertyValue_closure1.doCall(VerifyElementPropertyValueKeyword.groovy:52)
	at com.kms.katalon.core.webservice.keyword.builtin.VerifyElementPropertyValueKeyword$_verifyElementPropertyValue_closure1.call(VerifyElementPropertyValueKeyword.groovy)
	at com.kms.katalon.core.keyword.internal.KeywordMain.runKeyword(KeywordMain.groovy:74)
	at com.kms.katalon.core.webservice.keyword.builtin.VerifyElementPropertyValueKeyword.verifyElementPropertyValue(VerifyElementPropertyValueKeyword.groovy:48)
	at com.kms.katalon.core.webservice.keyword.builtin.VerifyElementPropertyValueKeyword.execute(VerifyElementPropertyValueKeyword.groovy:43)
	at com.kms.katalon.core.keyword.internal.KeywordExecutor.executeKeywordForPlatform(KeywordExecutor.groovy:74)
	at com.kms.katalon.core.webservice.keyword.WSBuiltInKeywords.verifyElementPropertyValue(WSBuiltInKeywords.groovy:175)
	at com.kms.katalon.core.webservice.keyword.WSBuiltInKeywords$verifyElementPropertyValue$0.call(Unknown Source)
	at 1. get token - data order.run(1. get token - data order:551)
	at com.kms.katalon.core.main.ScriptEngine.run(ScriptEngine.java:194)
	at com.kms.katalon.core.main.ScriptEngine.runScriptAsRawText(ScriptEngine.java:119)
	at com.kms.katalon.core.main.TestCaseExecutor.runScript(TestCaseExecutor.java:442)
	at com.kms.katalon.core.main.TestCaseExecutor.doExecute(TestCaseExecutor.java:433)
	at com.kms.katalon.core.main.TestCaseExecutor.processExecutionPhase(TestCaseExecutor.java:412)
	at com.kms.katalon.core.main.TestCaseExecutor.accessMainPhase(TestCaseExecutor.java:404)
	at com.kms.katalon.core.main.TestCaseExecutor.execute(TestCaseExecutor.java:281)
	at com.kms.katalon.core.main.TestSuiteExecutor.accessTestCaseMainPhase(TestSuiteExecutor.java:202)
	at com.kms.katalon.core.main.TestSuiteExecutor.accessTestSuiteMainPhase(TestSuiteExecutor.java:164)
	at com.kms.katalon.core.main.TestSuiteExecutor.execute(TestSuiteExecutor.java:105)
	at com.kms.katalon.core.main.TestCaseMain.startTestSuite(TestCaseMain.java:181)
	at com.kms.katalon.core.main.TestCaseMain$startTestSuite$0.call(Unknown Source)
	at TempTestSuite1648100878643.run(TempTestSuite1648100878643.groovy:36)
)

2022-03-24 12:54:44 - [MESSAGE][FAILED] - Unable to verify element property value (Root cause: java.lang.NullPointerException: Cannot get property 'InsuredValue' on null object
	at Script1.run(Script1.groovy:1)
	at com.kms.katalon.core.webservice.helper.WebServiceCommonHelper.parseAndGetPropertyValueForJson(WebServiceCommonHelper.java:213)
	at com.kms.katalon.core.webservice.keyword.builtin.VerifyElementPropertyValueKeyword$_verifyElementPropertyValue_closure1.doCall(VerifyElementPropertyValueKeyword.groovy:52)
	at com.kms.katalon.core.webservice.keyword.builtin.VerifyElementPropertyValueKeyword$_verifyElementPropertyValue_closure1.call(VerifyElementPropertyValueKeyword.groovy)
	at com.kms.katalon.core.keyword.internal.KeywordMain.runKeyword(KeywordMain.groovy:74)
	at com.kms.katalon.core.webservice.keyword.builtin.VerifyElementPropertyValueKeyword.verifyElementPropertyValue(VerifyElementPropertyValueKeyword.groovy:48)
	at com.kms.katalon.core.webservice.keyword.builtin.VerifyElementPropertyValueKeyword.execute(VerifyElementPropertyValueKeyword.groovy:43)
	at com.kms.katalon.core.keyword.internal.KeywordExecutor.executeKeywordForPlatform(KeywordExecutor.groovy:74)
	at com.kms.katalon.core.webservice.keyword.WSBuiltInKeywords.verifyElementPropertyValue(WSBuiltInKeywords.groovy:175)
	at com.kms.katalon.core.webservice.keyword.WSBuiltInKeywords$verifyElementPropertyValue$0.call(Unknown Source)
	at 1. get token - data order.run(1. get token - data order:551)
	at com.kms.katalon.core.main.ScriptEngine.run(ScriptEngine.java:194)
	at com.kms.katalon.core.main.ScriptEngine.runScriptAsRawText(ScriptEngine.java:119)
	at com.kms.katalon.core.main.TestCaseExecutor.runScript(TestCaseExecutor.java:442)
	at com.kms.katalon.core.main.TestCaseExecutor.doExecute(TestCaseExecutor.java:433)
	at com.kms.katalon.core.main.TestCaseExecutor.processExecutionPhase(TestCaseExecutor.java:412)
	at com.kms.katalon.core.main.TestCaseExecutor.accessMainPhase(TestCaseExecutor.java:404)
	at com.kms.katalon.core.main.TestCaseExecutor.execute(TestCaseExecutor.java:281)
	at com.kms.katalon.core.main.TestSuiteExecutor.accessTestCaseMainPhase(TestSuiteExecutor.java:202)
	at com.kms.katalon.core.main.TestSuiteExecutor.accessTestSuiteMainPhase(TestSuiteExecutor.java:164)
	at com.kms.katalon.core.main.TestSuiteExecutor.execute(TestSuiteExecutor.java:105)
	at com.kms.katalon.core.main.TestCaseMain.startTestSuite(TestCaseMain.java:181)
	at com.kms.katalon.core.main.TestCaseMain$startTestSuite$0.call(Unknown Source)
	at TempTestSuite1648100878643.run(TempTestSuite1648100878643.groovy:36)
)

2022-03-24 12:54:44 - [TEST_STEP][FAILED] - verifyElementPropertyValue(order, "GetDataOrderResponse.ListDataOrder[0].InsuranceData[3].InsuredFrom", o_ins_form_3, CONTINUE_ON_FAILURE): Unable to verify element property value (Root cause: java.lang.NullPointerException: Cannot get property 'InsuredFrom' on null object
	at Script1.run(Script1.groovy:1)
	at com.kms.katalon.core.webservice.helper.WebServiceCommonHelper.parseAndGetPropertyValueForJson(WebServiceCommonHelper.java:213)
	at com.kms.katalon.core.webservice.keyword.builtin.VerifyElementPropertyValueKeyword$_verifyElementPropertyValue_closure1.doCall(VerifyElementPropertyValueKeyword.groovy:52)
	at com.kms.katalon.core.webservice.keyword.builtin.VerifyElementPropertyValueKeyword$_verifyElementPropertyValue_closure1.call(VerifyElementPropertyValueKeyword.groovy)
	at com.kms.katalon.core.keyword.internal.KeywordMain.runKeyword(KeywordMain.groovy:74)
	at com.kms.katalon.core.webservice.keyword.builtin.VerifyElementPropertyValueKeyword.verifyElementPropertyValue(VerifyElementPropertyValueKeyword.groovy:48)
	at com.kms.katalon.core.webservice.keyword.builtin.VerifyElementPropertyValueKeyword.execute(VerifyElementPropertyValueKeyword.groovy:43)
	at com.kms.katalon.core.keyword.internal.KeywordExecutor.executeKeywordForPlatform(KeywordExecutor.groovy:74)
	at com.kms.katalon.core.webservice.keyword.WSBuiltInKeywords.verifyElementPropertyValue(WSBuiltInKeywords.groovy:175)
	at com.kms.katalon.core.webservice.keyword.WSBuiltInKeywords$verifyElementPropertyValue$0.call(Unknown Source)
	at 1. get token - data order.run(1. get token - data order:554)
	at com.kms.katalon.core.main.ScriptEngine.run(ScriptEngine.java:194)
	at com.kms.katalon.core.main.ScriptEngine.runScriptAsRawText(ScriptEngine.java:119)
	at com.kms.katalon.core.main.TestCaseExecutor.runScript(TestCaseExecutor.java:442)
	at com.kms.katalon.core.main.TestCaseExecutor.doExecute(TestCaseExecutor.java:433)
	at com.kms.katalon.core.main.TestCaseExecutor.processExecutionPhase(TestCaseExecutor.java:412)
	at com.kms.katalon.core.main.TestCaseExecutor.accessMainPhase(TestCaseExecutor.java:404)
	at com.kms.katalon.core.main.TestCaseExecutor.execute(TestCaseExecutor.java:281)
	at com.kms.katalon.core.main.TestSuiteExecutor.accessTestCaseMainPhase(TestSuiteExecutor.java:202)
	at com.kms.katalon.core.main.TestSuiteExecutor.accessTestSuiteMainPhase(TestSuiteExecutor.java:164)
	at com.kms.katalon.core.main.TestSuiteExecutor.execute(TestSuiteExecutor.java:105)
	at com.kms.katalon.core.main.TestCaseMain.startTestSuite(TestCaseMain.java:181)
	at com.kms.katalon.core.main.TestCaseMain$startTestSuite$0.call(Unknown Source)
	at TempTestSuite1648100878643.run(TempTestSuite1648100878643.groovy:36)
)

2022-03-24 12:54:44 - [MESSAGE][FAILED] - Unable to verify element property value (Root cause: java.lang.NullPointerException: Cannot get property 'InsuredFrom' on null object
	at Script1.run(Script1.groovy:1)
	at com.kms.katalon.core.webservice.helper.WebServiceCommonHelper.parseAndGetPropertyValueForJson(WebServiceCommonHelper.java:213)
	at com.kms.katalon.core.webservice.keyword.builtin.VerifyElementPropertyValueKeyword$_verifyElementPropertyValue_closure1.doCall(VerifyElementPropertyValueKeyword.groovy:52)
	at com.kms.katalon.core.webservice.keyword.builtin.VerifyElementPropertyValueKeyword$_verifyElementPropertyValue_closure1.call(VerifyElementPropertyValueKeyword.groovy)
	at com.kms.katalon.core.keyword.internal.KeywordMain.runKeyword(KeywordMain.groovy:74)
	at com.kms.katalon.core.webservice.keyword.builtin.VerifyElementPropertyValueKeyword.verifyElementPropertyValue(VerifyElementPropertyValueKeyword.groovy:48)
	at com.kms.katalon.core.webservice.keyword.builtin.VerifyElementPropertyValueKeyword.execute(VerifyElementPropertyValueKeyword.groovy:43)
	at com.kms.katalon.core.keyword.internal.KeywordExecutor.executeKeywordForPlatform(KeywordExecutor.groovy:74)
	at com.kms.katalon.core.webservice.keyword.WSBuiltInKeywords.verifyElementPropertyValue(WSBuiltInKeywords.groovy:175)
	at com.kms.katalon.core.webservice.keyword.WSBuiltInKeywords$verifyElementPropertyValue$0.call(Unknown Source)
	at 1. get token - data order.run(1. get token - data order:554)
	at com.kms.katalon.core.main.ScriptEngine.run(ScriptEngine.java:194)
	at com.kms.katalon.core.main.ScriptEngine.runScriptAsRawText(ScriptEngine.java:119)
	at com.kms.katalon.core.main.TestCaseExecutor.runScript(TestCaseExecutor.java:442)
	at com.kms.katalon.core.main.TestCaseExecutor.doExecute(TestCaseExecutor.java:433)
	at com.kms.katalon.core.main.TestCaseExecutor.processExecutionPhase(TestCaseExecutor.java:412)
	at com.kms.katalon.core.main.TestCaseExecutor.accessMainPhase(TestCaseExecutor.java:404)
	at com.kms.katalon.core.main.TestCaseExecutor.execute(TestCaseExecutor.java:281)
	at com.kms.katalon.core.main.TestSuiteExecutor.accessTestCaseMainPhase(TestSuiteExecutor.java:202)
	at com.kms.katalon.core.main.TestSuiteExecutor.accessTestSuiteMainPhase(TestSuiteExecutor.java:164)
	at com.kms.katalon.core.main.TestSuiteExecutor.execute(TestSuiteExecutor.java:105)
	at com.kms.katalon.core.main.TestCaseMain.startTestSuite(TestCaseMain.java:181)
	at com.kms.katalon.core.main.TestCaseMain$startTestSuite$0.call(Unknown Source)
	at TempTestSuite1648100878643.run(TempTestSuite1648100878643.groovy:36)
)

2022-03-24 12:54:44 - [TEST_STEP][FAILED] - verifyElementPropertyValue(order, "GetDataOrderResponse.ListDataOrder[0].InsuranceData[3].InsuredTo", o_ins_to_3, CONTINUE_ON_FAILURE): Unable to verify element property value (Root cause: java.lang.NullPointerException: Cannot get property 'InsuredTo' on null object
	at Script1.run(Script1.groovy:1)
	at com.kms.katalon.core.webservice.helper.WebServiceCommonHelper.parseAndGetPropertyValueForJson(WebServiceCommonHelper.java:213)
	at com.kms.katalon.core.webservice.keyword.builtin.VerifyElementPropertyValueKeyword$_verifyElementPropertyValue_closure1.doCall(VerifyElementPropertyValueKeyword.groovy:52)
	at com.kms.katalon.core.webservice.keyword.builtin.VerifyElementPropertyValueKeyword$_verifyElementPropertyValue_closure1.call(VerifyElementPropertyValueKeyword.groovy)
	at com.kms.katalon.core.keyword.internal.KeywordMain.runKeyword(KeywordMain.groovy:74)
	at com.kms.katalon.core.webservice.keyword.builtin.VerifyElementPropertyValueKeyword.verifyElementPropertyValue(VerifyElementPropertyValueKeyword.groovy:48)
	at com.kms.katalon.core.webservice.keyword.builtin.VerifyElementPropertyValueKeyword.execute(VerifyElementPropertyValueKeyword.groovy:43)
	at com.kms.katalon.core.keyword.internal.KeywordExecutor.executeKeywordForPlatform(KeywordExecutor.groovy:74)
	at com.kms.katalon.core.webservice.keyword.WSBuiltInKeywords.verifyElementPropertyValue(WSBuiltInKeywords.groovy:175)
	at com.kms.katalon.core.webservice.keyword.WSBuiltInKeywords$verifyElementPropertyValue$0.call(Unknown Source)
	at 1. get token - data order.run(1. get token - data order:557)
	at com.kms.katalon.core.main.ScriptEngine.run(ScriptEngine.java:194)
	at com.kms.katalon.core.main.ScriptEngine.runScriptAsRawText(ScriptEngine.java:119)
	at com.kms.katalon.core.main.TestCaseExecutor.runScript(TestCaseExecutor.java:442)
	at com.kms.katalon.core.main.TestCaseExecutor.doExecute(TestCaseExecutor.java:433)
	at com.kms.katalon.core.main.TestCaseExecutor.processExecutionPhase(TestCaseExecutor.java:412)
	at com.kms.katalon.core.main.TestCaseExecutor.accessMainPhase(TestCaseExecutor.java:404)
	at com.kms.katalon.core.main.TestCaseExecutor.execute(TestCaseExecutor.java:281)
	at com.kms.katalon.core.main.TestSuiteExecutor.accessTestCaseMainPhase(TestSuiteExecutor.java:202)
	at com.kms.katalon.core.main.TestSuiteExecutor.accessTestSuiteMainPhase(TestSuiteExecutor.java:164)
	at com.kms.katalon.core.main.TestSuiteExecutor.execute(TestSuiteExecutor.java:105)
	at com.kms.katalon.core.main.TestCaseMain.startTestSuite(TestCaseMain.java:181)
	at com.kms.katalon.core.main.TestCaseMain$startTestSuite$0.call(Unknown Source)
	at TempTestSuite1648100878643.run(TempTestSuite1648100878643.groovy:36)
)

2022-03-24 12:54:44 - [MESSAGE][FAILED] - Unable to verify element property value (Root cause: java.lang.NullPointerException: Cannot get property 'InsuredTo' on null object
	at Script1.run(Script1.groovy:1)
	at com.kms.katalon.core.webservice.helper.WebServiceCommonHelper.parseAndGetPropertyValueForJson(WebServiceCommonHelper.java:213)
	at com.kms.katalon.core.webservice.keyword.builtin.VerifyElementPropertyValueKeyword$_verifyElementPropertyValue_closure1.doCall(VerifyElementPropertyValueKeyword.groovy:52)
	at com.kms.katalon.core.webservice.keyword.builtin.VerifyElementPropertyValueKeyword$_verifyElementPropertyValue_closure1.call(VerifyElementPropertyValueKeyword.groovy)
	at com.kms.katalon.core.keyword.internal.KeywordMain.runKeyword(KeywordMain.groovy:74)
	at com.kms.katalon.core.webservice.keyword.builtin.VerifyElementPropertyValueKeyword.verifyElementPropertyValue(VerifyElementPropertyValueKeyword.groovy:48)
	at com.kms.katalon.core.webservice.keyword.builtin.VerifyElementPropertyValueKeyword.execute(VerifyElementPropertyValueKeyword.groovy:43)
	at com.kms.katalon.core.keyword.internal.KeywordExecutor.executeKeywordForPlatform(KeywordExecutor.groovy:74)
	at com.kms.katalon.core.webservice.keyword.WSBuiltInKeywords.verifyElementPropertyValue(WSBuiltInKeywords.groovy:175)
	at com.kms.katalon.core.webservice.keyword.WSBuiltInKeywords$verifyElementPropertyValue$0.call(Unknown Source)
	at 1. get token - data order.run(1. get token - data order:557)
	at com.kms.katalon.core.main.ScriptEngine.run(ScriptEngine.java:194)
	at com.kms.katalon.core.main.ScriptEngine.runScriptAsRawText(ScriptEngine.java:119)
	at com.kms.katalon.core.main.TestCaseExecutor.runScript(TestCaseExecutor.java:442)
	at com.kms.katalon.core.main.TestCaseExecutor.doExecute(TestCaseExecutor.java:433)
	at com.kms.katalon.core.main.TestCaseExecutor.processExecutionPhase(TestCaseExecutor.java:412)
	at com.kms.katalon.core.main.TestCaseExecutor.accessMainPhase(TestCaseExecutor.java:404)
	at com.kms.katalon.core.main.TestCaseExecutor.execute(TestCaseExecutor.java:281)
	at com.kms.katalon.core.main.TestSuiteExecutor.accessTestCaseMainPhase(TestSuiteExecutor.java:202)
	at com.kms.katalon.core.main.TestSuiteExecutor.accessTestSuiteMainPhase(TestSuiteExecutor.java:164)
	at com.kms.katalon.core.main.TestSuiteExecutor.execute(TestSuiteExecutor.java:105)
	at com.kms.katalon.core.main.TestCaseMain.startTestSuite(TestCaseMain.java:181)
	at com.kms.katalon.core.main.TestCaseMain$startTestSuite$0.call(Unknown Source)
	at TempTestSuite1648100878643.run(TempTestSuite1648100878643.groovy:36)
)

2022-03-24 12:54:44 - [TEST_STEP][FAILED] - verifyElementPropertyValue(order, "GetDataOrderResponse.ListDataOrder[0].InsuranceData[3].Rate", o_rate_3, CONTINUE_ON_FAILURE): Unable to verify element property value (Root cause: java.lang.NullPointerException: Cannot get property 'Rate' on null object
	at Script1.run(Script1.groovy:1)
	at com.kms.katalon.core.webservice.helper.WebServiceCommonHelper.parseAndGetPropertyValueForJson(WebServiceCommonHelper.java:213)
	at com.kms.katalon.core.webservice.keyword.builtin.VerifyElementPropertyValueKeyword$_verifyElementPropertyValue_closure1.doCall(VerifyElementPropertyValueKeyword.groovy:52)
	at com.kms.katalon.core.webservice.keyword.builtin.VerifyElementPropertyValueKeyword$_verifyElementPropertyValue_closure1.call(VerifyElementPropertyValueKeyword.groovy)
	at com.kms.katalon.core.keyword.internal.KeywordMain.runKeyword(KeywordMain.groovy:74)
	at com.kms.katalon.core.webservice.keyword.builtin.VerifyElementPropertyValueKeyword.verifyElementPropertyValue(VerifyElementPropertyValueKeyword.groovy:48)
	at com.kms.katalon.core.webservice.keyword.builtin.VerifyElementPropertyValueKeyword.execute(VerifyElementPropertyValueKeyword.groovy:43)
	at com.kms.katalon.core.keyword.internal.KeywordExecutor.executeKeywordForPlatform(KeywordExecutor.groovy:74)
	at com.kms.katalon.core.webservice.keyword.WSBuiltInKeywords.verifyElementPropertyValue(WSBuiltInKeywords.groovy:175)
	at com.kms.katalon.core.webservice.keyword.WSBuiltInKeywords$verifyElementPropertyValue$0.call(Unknown Source)
	at 1. get token - data order.run(1. get token - data order:560)
	at com.kms.katalon.core.main.ScriptEngine.run(ScriptEngine.java:194)
	at com.kms.katalon.core.main.ScriptEngine.runScriptAsRawText(ScriptEngine.java:119)
	at com.kms.katalon.core.main.TestCaseExecutor.runScript(TestCaseExecutor.java:442)
	at com.kms.katalon.core.main.TestCaseExecutor.doExecute(TestCaseExecutor.java:433)
	at com.kms.katalon.core.main.TestCaseExecutor.processExecutionPhase(TestCaseExecutor.java:412)
	at com.kms.katalon.core.main.TestCaseExecutor.accessMainPhase(TestCaseExecutor.java:404)
	at com.kms.katalon.core.main.TestCaseExecutor.execute(TestCaseExecutor.java:281)
	at com.kms.katalon.core.main.TestSuiteExecutor.accessTestCaseMainPhase(TestSuiteExecutor.java:202)
	at com.kms.katalon.core.main.TestSuiteExecutor.accessTestSuiteMainPhase(TestSuiteExecutor.java:164)
	at com.kms.katalon.core.main.TestSuiteExecutor.execute(TestSuiteExecutor.java:105)
	at com.kms.katalon.core.main.TestCaseMain.startTestSuite(TestCaseMain.java:181)
	at com.kms.katalon.core.main.TestCaseMain$startTestSuite$0.call(Unknown Source)
	at TempTestSuite1648100878643.run(TempTestSuite1648100878643.groovy:36)
)

2022-03-24 12:54:44 - [MESSAGE][FAILED] - Unable to verify element property value (Root cause: java.lang.NullPointerException: Cannot get property 'Rate' on null object
	at Script1.run(Script1.groovy:1)
	at com.kms.katalon.core.webservice.helper.WebServiceCommonHelper.parseAndGetPropertyValueForJson(WebServiceCommonHelper.java:213)
	at com.kms.katalon.core.webservice.keyword.builtin.VerifyElementPropertyValueKeyword$_verifyElementPropertyValue_closure1.doCall(VerifyElementPropertyValueKeyword.groovy:52)
	at com.kms.katalon.core.webservice.keyword.builtin.VerifyElementPropertyValueKeyword$_verifyElementPropertyValue_closure1.call(VerifyElementPropertyValueKeyword.groovy)
	at com.kms.katalon.core.keyword.internal.KeywordMain.runKeyword(KeywordMain.groovy:74)
	at com.kms.katalon.core.webservice.keyword.builtin.VerifyElementPropertyValueKeyword.verifyElementPropertyValue(VerifyElementPropertyValueKeyword.groovy:48)
	at com.kms.katalon.core.webservice.keyword.builtin.VerifyElementPropertyValueKeyword.execute(VerifyElementPropertyValueKeyword.groovy:43)
	at com.kms.katalon.core.keyword.internal.KeywordExecutor.executeKeywordForPlatform(KeywordExecutor.groovy:74)
	at com.kms.katalon.core.webservice.keyword.WSBuiltInKeywords.verifyElementPropertyValue(WSBuiltInKeywords.groovy:175)
	at com.kms.katalon.core.webservice.keyword.WSBuiltInKeywords$verifyElementPropertyValue$0.call(Unknown Source)
	at 1. get token - data order.run(1. get token - data order:560)
	at com.kms.katalon.core.main.ScriptEngine.run(ScriptEngine.java:194)
	at com.kms.katalon.core.main.ScriptEngine.runScriptAsRawText(ScriptEngine.java:119)
	at com.kms.katalon.core.main.TestCaseExecutor.runScript(TestCaseExecutor.java:442)
	at com.kms.katalon.core.main.TestCaseExecutor.doExecute(TestCaseExecutor.java:433)
	at com.kms.katalon.core.main.TestCaseExecutor.processExecutionPhase(TestCaseExecutor.java:412)
	at com.kms.katalon.core.main.TestCaseExecutor.accessMainPhase(TestCaseExecutor.java:404)
	at com.kms.katalon.core.main.TestCaseExecutor.execute(TestCaseExecutor.java:281)
	at com.kms.katalon.core.main.TestSuiteExecutor.accessTestCaseMainPhase(TestSuiteExecutor.java:202)
	at com.kms.katalon.core.main.TestSuiteExecutor.accessTestSuiteMainPhase(TestSuiteExecutor.java:164)
	at com.kms.katalon.core.main.TestSuiteExecutor.execute(TestSuiteExecutor.java:105)
	at com.kms.katalon.core.main.TestCaseMain.startTestSuite(TestCaseMain.java:181)
	at com.kms.katalon.core.main.TestCaseMain$startTestSuite$0.call(Unknown Source)
	at TempTestSuite1648100878643.run(TempTestSuite1648100878643.groovy:36)
)

2022-03-24 12:54:44 - [TEST_STEP][FAILED] - verifyElementPropertyValue(order, "GetDataOrderResponse.ListDataOrder[0].InsuranceData[3].GrossPremi", o_gross_premi_3, CONTINUE_ON_FAILURE): Unable to verify element property value (Root cause: java.lang.NullPointerException: Cannot get property 'GrossPremi' on null object
	at Script1.run(Script1.groovy:1)
	at com.kms.katalon.core.webservice.helper.WebServiceCommonHelper.parseAndGetPropertyValueForJson(WebServiceCommonHelper.java:213)
	at com.kms.katalon.core.webservice.keyword.builtin.VerifyElementPropertyValueKeyword$_verifyElementPropertyValue_closure1.doCall(VerifyElementPropertyValueKeyword.groovy:52)
	at com.kms.katalon.core.webservice.keyword.builtin.VerifyElementPropertyValueKeyword$_verifyElementPropertyValue_closure1.call(VerifyElementPropertyValueKeyword.groovy)
	at com.kms.katalon.core.keyword.internal.KeywordMain.runKeyword(KeywordMain.groovy:74)
	at com.kms.katalon.core.webservice.keyword.builtin.VerifyElementPropertyValueKeyword.verifyElementPropertyValue(VerifyElementPropertyValueKeyword.groovy:48)
	at com.kms.katalon.core.webservice.keyword.builtin.VerifyElementPropertyValueKeyword.execute(VerifyElementPropertyValueKeyword.groovy:43)
	at com.kms.katalon.core.keyword.internal.KeywordExecutor.executeKeywordForPlatform(KeywordExecutor.groovy:74)
	at com.kms.katalon.core.webservice.keyword.WSBuiltInKeywords.verifyElementPropertyValue(WSBuiltInKeywords.groovy:175)
	at com.kms.katalon.core.webservice.keyword.WSBuiltInKeywords$verifyElementPropertyValue$0.call(Unknown Source)
	at 1. get token - data order.run(1. get token - data order:562)
	at com.kms.katalon.core.main.ScriptEngine.run(ScriptEngine.java:194)
	at com.kms.katalon.core.main.ScriptEngine.runScriptAsRawText(ScriptEngine.java:119)
	at com.kms.katalon.core.main.TestCaseExecutor.runScript(TestCaseExecutor.java:442)
	at com.kms.katalon.core.main.TestCaseExecutor.doExecute(TestCaseExecutor.java:433)
	at com.kms.katalon.core.main.TestCaseExecutor.processExecutionPhase(TestCaseExecutor.java:412)
	at com.kms.katalon.core.main.TestCaseExecutor.accessMainPhase(TestCaseExecutor.java:404)
	at com.kms.katalon.core.main.TestCaseExecutor.execute(TestCaseExecutor.java:281)
	at com.kms.katalon.core.main.TestSuiteExecutor.accessTestCaseMainPhase(TestSuiteExecutor.java:202)
	at com.kms.katalon.core.main.TestSuiteExecutor.accessTestSuiteMainPhase(TestSuiteExecutor.java:164)
	at com.kms.katalon.core.main.TestSuiteExecutor.execute(TestSuiteExecutor.java:105)
	at com.kms.katalon.core.main.TestCaseMain.startTestSuite(TestCaseMain.java:181)
	at com.kms.katalon.core.main.TestCaseMain$startTestSuite$0.call(Unknown Source)
	at TempTestSuite1648100878643.run(TempTestSuite1648100878643.groovy:36)
)

2022-03-24 12:54:44 - [MESSAGE][FAILED] - Unable to verify element property value (Root cause: java.lang.NullPointerException: Cannot get property 'GrossPremi' on null object
	at Script1.run(Script1.groovy:1)
	at com.kms.katalon.core.webservice.helper.WebServiceCommonHelper.parseAndGetPropertyValueForJson(WebServiceCommonHelper.java:213)
	at com.kms.katalon.core.webservice.keyword.builtin.VerifyElementPropertyValueKeyword$_verifyElementPropertyValue_closure1.doCall(VerifyElementPropertyValueKeyword.groovy:52)
	at com.kms.katalon.core.webservice.keyword.builtin.VerifyElementPropertyValueKeyword$_verifyElementPropertyValue_closure1.call(VerifyElementPropertyValueKeyword.groovy)
	at com.kms.katalon.core.keyword.internal.KeywordMain.runKeyword(KeywordMain.groovy:74)
	at com.kms.katalon.core.webservice.keyword.builtin.VerifyElementPropertyValueKeyword.verifyElementPropertyValue(VerifyElementPropertyValueKeyword.groovy:48)
	at com.kms.katalon.core.webservice.keyword.builtin.VerifyElementPropertyValueKeyword.execute(VerifyElementPropertyValueKeyword.groovy:43)
	at com.kms.katalon.core.keyword.internal.KeywordExecutor.executeKeywordForPlatform(KeywordExecutor.groovy:74)
	at com.kms.katalon.core.webservice.keyword.WSBuiltInKeywords.verifyElementPropertyValue(WSBuiltInKeywords.groovy:175)
	at com.kms.katalon.core.webservice.keyword.WSBuiltInKeywords$verifyElementPropertyValue$0.call(Unknown Source)
	at 1. get token - data order.run(1. get token - data order:562)
	at com.kms.katalon.core.main.ScriptEngine.run(ScriptEngine.java:194)
	at com.kms.katalon.core.main.ScriptEngine.runScriptAsRawText(ScriptEngine.java:119)
	at com.kms.katalon.core.main.TestCaseExecutor.runScript(TestCaseExecutor.java:442)
	at com.kms.katalon.core.main.TestCaseExecutor.doExecute(TestCaseExecutor.java:433)
	at com.kms.katalon.core.main.TestCaseExecutor.processExecutionPhase(TestCaseExecutor.java:412)
	at com.kms.katalon.core.main.TestCaseExecutor.accessMainPhase(TestCaseExecutor.java:404)
	at com.kms.katalon.core.main.TestCaseExecutor.execute(TestCaseExecutor.java:281)
	at com.kms.katalon.core.main.TestSuiteExecutor.accessTestCaseMainPhase(TestSuiteExecutor.java:202)
	at com.kms.katalon.core.main.TestSuiteExecutor.accessTestSuiteMainPhase(TestSuiteExecutor.java:164)
	at com.kms.katalon.core.main.TestSuiteExecutor.execute(TestSuiteExecutor.java:105)
	at com.kms.katalon.core.main.TestCaseMain.startTestSuite(TestCaseMain.java:181)
	at com.kms.katalon.core.main.TestCaseMain$startTestSuite$0.call(Unknown Source)
	at TempTestSuite1648100878643.run(TempTestSuite1648100878643.groovy:36)
)

2022-03-24 12:54:44 - [TEST_STEP][FAILED] - verifyElementPropertyValue(order, "GetDataOrderResponse.ListDataOrder[0].InsuranceData[3].Discount", o_discount_3, CONTINUE_ON_FAILURE): Unable to verify element property value (Root cause: java.lang.NullPointerException: Cannot get property 'Discount' on null object
	at Script1.run(Script1.groovy:1)
	at com.kms.katalon.core.webservice.helper.WebServiceCommonHelper.parseAndGetPropertyValueForJson(WebServiceCommonHelper.java:213)
	at com.kms.katalon.core.webservice.keyword.builtin.VerifyElementPropertyValueKeyword$_verifyElementPropertyValue_closure1.doCall(VerifyElementPropertyValueKeyword.groovy:52)
	at com.kms.katalon.core.webservice.keyword.builtin.VerifyElementPropertyValueKeyword$_verifyElementPropertyValue_closure1.call(VerifyElementPropertyValueKeyword.groovy)
	at com.kms.katalon.core.keyword.internal.KeywordMain.runKeyword(KeywordMain.groovy:74)
	at com.kms.katalon.core.webservice.keyword.builtin.VerifyElementPropertyValueKeyword.verifyElementPropertyValue(VerifyElementPropertyValueKeyword.groovy:48)
	at com.kms.katalon.core.webservice.keyword.builtin.VerifyElementPropertyValueKeyword.execute(VerifyElementPropertyValueKeyword.groovy:43)
	at com.kms.katalon.core.keyword.internal.KeywordExecutor.executeKeywordForPlatform(KeywordExecutor.groovy:74)
	at com.kms.katalon.core.webservice.keyword.WSBuiltInKeywords.verifyElementPropertyValue(WSBuiltInKeywords.groovy:175)
	at com.kms.katalon.core.webservice.keyword.WSBuiltInKeywords$verifyElementPropertyValue$0.call(Unknown Source)
	at 1. get token - data order.run(1. get token - data order:565)
	at com.kms.katalon.core.main.ScriptEngine.run(ScriptEngine.java:194)
	at com.kms.katalon.core.main.ScriptEngine.runScriptAsRawText(ScriptEngine.java:119)
	at com.kms.katalon.core.main.TestCaseExecutor.runScript(TestCaseExecutor.java:442)
	at com.kms.katalon.core.main.TestCaseExecutor.doExecute(TestCaseExecutor.java:433)
	at com.kms.katalon.core.main.TestCaseExecutor.processExecutionPhase(TestCaseExecutor.java:412)
	at com.kms.katalon.core.main.TestCaseExecutor.accessMainPhase(TestCaseExecutor.java:404)
	at com.kms.katalon.core.main.TestCaseExecutor.execute(TestCaseExecutor.java:281)
	at com.kms.katalon.core.main.TestSuiteExecutor.accessTestCaseMainPhase(TestSuiteExecutor.java:202)
	at com.kms.katalon.core.main.TestSuiteExecutor.accessTestSuiteMainPhase(TestSuiteExecutor.java:164)
	at com.kms.katalon.core.main.TestSuiteExecutor.execute(TestSuiteExecutor.java:105)
	at com.kms.katalon.core.main.TestCaseMain.startTestSuite(TestCaseMain.java:181)
	at com.kms.katalon.core.main.TestCaseMain$startTestSuite$0.call(Unknown Source)
	at TempTestSuite1648100878643.run(TempTestSuite1648100878643.groovy:36)
)

2022-03-24 12:54:44 - [MESSAGE][FAILED] - Unable to verify element property value (Root cause: java.lang.NullPointerException: Cannot get property 'Discount' on null object
	at Script1.run(Script1.groovy:1)
	at com.kms.katalon.core.webservice.helper.WebServiceCommonHelper.parseAndGetPropertyValueForJson(WebServiceCommonHelper.java:213)
	at com.kms.katalon.core.webservice.keyword.builtin.VerifyElementPropertyValueKeyword$_verifyElementPropertyValue_closure1.doCall(VerifyElementPropertyValueKeyword.groovy:52)
	at com.kms.katalon.core.webservice.keyword.builtin.VerifyElementPropertyValueKeyword$_verifyElementPropertyValue_closure1.call(VerifyElementPropertyValueKeyword.groovy)
	at com.kms.katalon.core.keyword.internal.KeywordMain.runKeyword(KeywordMain.groovy:74)
	at com.kms.katalon.core.webservice.keyword.builtin.VerifyElementPropertyValueKeyword.verifyElementPropertyValue(VerifyElementPropertyValueKeyword.groovy:48)
	at com.kms.katalon.core.webservice.keyword.builtin.VerifyElementPropertyValueKeyword.execute(VerifyElementPropertyValueKeyword.groovy:43)
	at com.kms.katalon.core.keyword.internal.KeywordExecutor.executeKeywordForPlatform(KeywordExecutor.groovy:74)
	at com.kms.katalon.core.webservice.keyword.WSBuiltInKeywords.verifyElementPropertyValue(WSBuiltInKeywords.groovy:175)
	at com.kms.katalon.core.webservice.keyword.WSBuiltInKeywords$verifyElementPropertyValue$0.call(Unknown Source)
	at 1. get token - data order.run(1. get token - data order:565)
	at com.kms.katalon.core.main.ScriptEngine.run(ScriptEngine.java:194)
	at com.kms.katalon.core.main.ScriptEngine.runScriptAsRawText(ScriptEngine.java:119)
	at com.kms.katalon.core.main.TestCaseExecutor.runScript(TestCaseExecutor.java:442)
	at com.kms.katalon.core.main.TestCaseExecutor.doExecute(TestCaseExecutor.java:433)
	at com.kms.katalon.core.main.TestCaseExecutor.processExecutionPhase(TestCaseExecutor.java:412)
	at com.kms.katalon.core.main.TestCaseExecutor.accessMainPhase(TestCaseExecutor.java:404)
	at com.kms.katalon.core.main.TestCaseExecutor.execute(TestCaseExecutor.java:281)
	at com.kms.katalon.core.main.TestSuiteExecutor.accessTestCaseMainPhase(TestSuiteExecutor.java:202)
	at com.kms.katalon.core.main.TestSuiteExecutor.accessTestSuiteMainPhase(TestSuiteExecutor.java:164)
	at com.kms.katalon.core.main.TestSuiteExecutor.execute(TestSuiteExecutor.java:105)
	at com.kms.katalon.core.main.TestCaseMain.startTestSuite(TestCaseMain.java:181)
	at com.kms.katalon.core.main.TestCaseMain$startTestSuite$0.call(Unknown Source)
	at TempTestSuite1648100878643.run(TempTestSuite1648100878643.groovy:36)
)

2022-03-24 12:54:44 - [TEST_STEP][FAILED] - verifyElementPropertyValue(order, "GetDataOrderResponse.ListDataOrder[0].InsuranceData[3].Adm", o_adm_3, CONTINUE_ON_FAILURE): Unable to verify element property value (Root cause: java.lang.NullPointerException: Cannot get property 'Adm' on null object
	at Script1.run(Script1.groovy:1)
	at com.kms.katalon.core.webservice.helper.WebServiceCommonHelper.parseAndGetPropertyValueForJson(WebServiceCommonHelper.java:213)
	at com.kms.katalon.core.webservice.keyword.builtin.VerifyElementPropertyValueKeyword$_verifyElementPropertyValue_closure1.doCall(VerifyElementPropertyValueKeyword.groovy:52)
	at com.kms.katalon.core.webservice.keyword.builtin.VerifyElementPropertyValueKeyword$_verifyElementPropertyValue_closure1.call(VerifyElementPropertyValueKeyword.groovy)
	at com.kms.katalon.core.keyword.internal.KeywordMain.runKeyword(KeywordMain.groovy:74)
	at com.kms.katalon.core.webservice.keyword.builtin.VerifyElementPropertyValueKeyword.verifyElementPropertyValue(VerifyElementPropertyValueKeyword.groovy:48)
	at com.kms.katalon.core.webservice.keyword.builtin.VerifyElementPropertyValueKeyword.execute(VerifyElementPropertyValueKeyword.groovy:43)
	at com.kms.katalon.core.keyword.internal.KeywordExecutor.executeKeywordForPlatform(KeywordExecutor.groovy:74)
	at com.kms.katalon.core.webservice.keyword.WSBuiltInKeywords.verifyElementPropertyValue(WSBuiltInKeywords.groovy:175)
	at com.kms.katalon.core.webservice.keyword.WSBuiltInKeywords$verifyElementPropertyValue$0.call(Unknown Source)
	at 1. get token - data order.run(1. get token - data order:568)
	at com.kms.katalon.core.main.ScriptEngine.run(ScriptEngine.java:194)
	at com.kms.katalon.core.main.ScriptEngine.runScriptAsRawText(ScriptEngine.java:119)
	at com.kms.katalon.core.main.TestCaseExecutor.runScript(TestCaseExecutor.java:442)
	at com.kms.katalon.core.main.TestCaseExecutor.doExecute(TestCaseExecutor.java:433)
	at com.kms.katalon.core.main.TestCaseExecutor.processExecutionPhase(TestCaseExecutor.java:412)
	at com.kms.katalon.core.main.TestCaseExecutor.accessMainPhase(TestCaseExecutor.java:404)
	at com.kms.katalon.core.main.TestCaseExecutor.execute(TestCaseExecutor.java:281)
	at com.kms.katalon.core.main.TestSuiteExecutor.accessTestCaseMainPhase(TestSuiteExecutor.java:202)
	at com.kms.katalon.core.main.TestSuiteExecutor.accessTestSuiteMainPhase(TestSuiteExecutor.java:164)
	at com.kms.katalon.core.main.TestSuiteExecutor.execute(TestSuiteExecutor.java:105)
	at com.kms.katalon.core.main.TestCaseMain.startTestSuite(TestCaseMain.java:181)
	at com.kms.katalon.core.main.TestCaseMain$startTestSuite$0.call(Unknown Source)
	at TempTestSuite1648100878643.run(TempTestSuite1648100878643.groovy:36)
)

2022-03-24 12:54:44 - [MESSAGE][FAILED] - Unable to verify element property value (Root cause: java.lang.NullPointerException: Cannot get property 'Adm' on null object
	at Script1.run(Script1.groovy:1)
	at com.kms.katalon.core.webservice.helper.WebServiceCommonHelper.parseAndGetPropertyValueForJson(WebServiceCommonHelper.java:213)
	at com.kms.katalon.core.webservice.keyword.builtin.VerifyElementPropertyValueKeyword$_verifyElementPropertyValue_closure1.doCall(VerifyElementPropertyValueKeyword.groovy:52)
	at com.kms.katalon.core.webservice.keyword.builtin.VerifyElementPropertyValueKeyword$_verifyElementPropertyValue_closure1.call(VerifyElementPropertyValueKeyword.groovy)
	at com.kms.katalon.core.keyword.internal.KeywordMain.runKeyword(KeywordMain.groovy:74)
	at com.kms.katalon.core.webservice.keyword.builtin.VerifyElementPropertyValueKeyword.verifyElementPropertyValue(VerifyElementPropertyValueKeyword.groovy:48)
	at com.kms.katalon.core.webservice.keyword.builtin.VerifyElementPropertyValueKeyword.execute(VerifyElementPropertyValueKeyword.groovy:43)
	at com.kms.katalon.core.keyword.internal.KeywordExecutor.executeKeywordForPlatform(KeywordExecutor.groovy:74)
	at com.kms.katalon.core.webservice.keyword.WSBuiltInKeywords.verifyElementPropertyValue(WSBuiltInKeywords.groovy:175)
	at com.kms.katalon.core.webservice.keyword.WSBuiltInKeywords$verifyElementPropertyValue$0.call(Unknown Source)
	at 1. get token - data order.run(1. get token - data order:568)
	at com.kms.katalon.core.main.ScriptEngine.run(ScriptEngine.java:194)
	at com.kms.katalon.core.main.ScriptEngine.runScriptAsRawText(ScriptEngine.java:119)
	at com.kms.katalon.core.main.TestCaseExecutor.runScript(TestCaseExecutor.java:442)
	at com.kms.katalon.core.main.TestCaseExecutor.doExecute(TestCaseExecutor.java:433)
	at com.kms.katalon.core.main.TestCaseExecutor.processExecutionPhase(TestCaseExecutor.java:412)
	at com.kms.katalon.core.main.TestCaseExecutor.accessMainPhase(TestCaseExecutor.java:404)
	at com.kms.katalon.core.main.TestCaseExecutor.execute(TestCaseExecutor.java:281)
	at com.kms.katalon.core.main.TestSuiteExecutor.accessTestCaseMainPhase(TestSuiteExecutor.java:202)
	at com.kms.katalon.core.main.TestSuiteExecutor.accessTestSuiteMainPhase(TestSuiteExecutor.java:164)
	at com.kms.katalon.core.main.TestSuiteExecutor.execute(TestSuiteExecutor.java:105)
	at com.kms.katalon.core.main.TestCaseMain.startTestSuite(TestCaseMain.java:181)
	at com.kms.katalon.core.main.TestCaseMain$startTestSuite$0.call(Unknown Source)
	at TempTestSuite1648100878643.run(TempTestSuite1648100878643.groovy:36)
)

2022-03-24 12:54:44 - [TEST_STEP][FAILED] - verifyElementPropertyValue(order, "GetDataOrderResponse.ListDataOrder[0].InsuranceData[3].NetPremi", o_netpremi_3, CONTINUE_ON_FAILURE): Unable to verify element property value (Root cause: java.lang.NullPointerException: Cannot get property 'NetPremi' on null object
	at Script1.run(Script1.groovy:1)
	at com.kms.katalon.core.webservice.helper.WebServiceCommonHelper.parseAndGetPropertyValueForJson(WebServiceCommonHelper.java:213)
	at com.kms.katalon.core.webservice.keyword.builtin.VerifyElementPropertyValueKeyword$_verifyElementPropertyValue_closure1.doCall(VerifyElementPropertyValueKeyword.groovy:52)
	at com.kms.katalon.core.webservice.keyword.builtin.VerifyElementPropertyValueKeyword$_verifyElementPropertyValue_closure1.call(VerifyElementPropertyValueKeyword.groovy)
	at com.kms.katalon.core.keyword.internal.KeywordMain.runKeyword(KeywordMain.groovy:74)
	at com.kms.katalon.core.webservice.keyword.builtin.VerifyElementPropertyValueKeyword.verifyElementPropertyValue(VerifyElementPropertyValueKeyword.groovy:48)
	at com.kms.katalon.core.webservice.keyword.builtin.VerifyElementPropertyValueKeyword.execute(VerifyElementPropertyValueKeyword.groovy:43)
	at com.kms.katalon.core.keyword.internal.KeywordExecutor.executeKeywordForPlatform(KeywordExecutor.groovy:74)
	at com.kms.katalon.core.webservice.keyword.WSBuiltInKeywords.verifyElementPropertyValue(WSBuiltInKeywords.groovy:175)
	at com.kms.katalon.core.webservice.keyword.WSBuiltInKeywords$verifyElementPropertyValue$0.call(Unknown Source)
	at 1. get token - data order.run(1. get token - data order:570)
	at com.kms.katalon.core.main.ScriptEngine.run(ScriptEngine.java:194)
	at com.kms.katalon.core.main.ScriptEngine.runScriptAsRawText(ScriptEngine.java:119)
	at com.kms.katalon.core.main.TestCaseExecutor.runScript(TestCaseExecutor.java:442)
	at com.kms.katalon.core.main.TestCaseExecutor.doExecute(TestCaseExecutor.java:433)
	at com.kms.katalon.core.main.TestCaseExecutor.processExecutionPhase(TestCaseExecutor.java:412)
	at com.kms.katalon.core.main.TestCaseExecutor.accessMainPhase(TestCaseExecutor.java:404)
	at com.kms.katalon.core.main.TestCaseExecutor.execute(TestCaseExecutor.java:281)
	at com.kms.katalon.core.main.TestSuiteExecutor.accessTestCaseMainPhase(TestSuiteExecutor.java:202)
	at com.kms.katalon.core.main.TestSuiteExecutor.accessTestSuiteMainPhase(TestSuiteExecutor.java:164)
	at com.kms.katalon.core.main.TestSuiteExecutor.execute(TestSuiteExecutor.java:105)
	at com.kms.katalon.core.main.TestCaseMain.startTestSuite(TestCaseMain.java:181)
	at com.kms.katalon.core.main.TestCaseMain$startTestSuite$0.call(Unknown Source)
	at TempTestSuite1648100878643.run(TempTestSuite1648100878643.groovy:36)
)

2022-03-24 12:54:44 - [MESSAGE][FAILED] - Unable to verify element property value (Root cause: java.lang.NullPointerException: Cannot get property 'NetPremi' on null object
	at Script1.run(Script1.groovy:1)
	at com.kms.katalon.core.webservice.helper.WebServiceCommonHelper.parseAndGetPropertyValueForJson(WebServiceCommonHelper.java:213)
	at com.kms.katalon.core.webservice.keyword.builtin.VerifyElementPropertyValueKeyword$_verifyElementPropertyValue_closure1.doCall(VerifyElementPropertyValueKeyword.groovy:52)
	at com.kms.katalon.core.webservice.keyword.builtin.VerifyElementPropertyValueKeyword$_verifyElementPropertyValue_closure1.call(VerifyElementPropertyValueKeyword.groovy)
	at com.kms.katalon.core.keyword.internal.KeywordMain.runKeyword(KeywordMain.groovy:74)
	at com.kms.katalon.core.webservice.keyword.builtin.VerifyElementPropertyValueKeyword.verifyElementPropertyValue(VerifyElementPropertyValueKeyword.groovy:48)
	at com.kms.katalon.core.webservice.keyword.builtin.VerifyElementPropertyValueKeyword.execute(VerifyElementPropertyValueKeyword.groovy:43)
	at com.kms.katalon.core.keyword.internal.KeywordExecutor.executeKeywordForPlatform(KeywordExecutor.groovy:74)
	at com.kms.katalon.core.webservice.keyword.WSBuiltInKeywords.verifyElementPropertyValue(WSBuiltInKeywords.groovy:175)
	at com.kms.katalon.core.webservice.keyword.WSBuiltInKeywords$verifyElementPropertyValue$0.call(Unknown Source)
	at 1. get token - data order.run(1. get token - data order:570)
	at com.kms.katalon.core.main.ScriptEngine.run(ScriptEngine.java:194)
	at com.kms.katalon.core.main.ScriptEngine.runScriptAsRawText(ScriptEngine.java:119)
	at com.kms.katalon.core.main.TestCaseExecutor.runScript(TestCaseExecutor.java:442)
	at com.kms.katalon.core.main.TestCaseExecutor.doExecute(TestCaseExecutor.java:433)
	at com.kms.katalon.core.main.TestCaseExecutor.processExecutionPhase(TestCaseExecutor.java:412)
	at com.kms.katalon.core.main.TestCaseExecutor.accessMainPhase(TestCaseExecutor.java:404)
	at com.kms.katalon.core.main.TestCaseExecutor.execute(TestCaseExecutor.java:281)
	at com.kms.katalon.core.main.TestSuiteExecutor.accessTestCaseMainPhase(TestSuiteExecutor.java:202)
	at com.kms.katalon.core.main.TestSuiteExecutor.accessTestSuiteMainPhase(TestSuiteExecutor.java:164)
	at com.kms.katalon.core.main.TestSuiteExecutor.execute(TestSuiteExecutor.java:105)
	at com.kms.katalon.core.main.TestCaseMain.startTestSuite(TestCaseMain.java:181)
	at com.kms.katalon.core.main.TestCaseMain$startTestSuite$0.call(Unknown Source)
	at TempTestSuite1648100878643.run(TempTestSuite1648100878643.groovy:36)
)

2022-03-24 12:54:44 - [TEST_STEP][FAILED] - verifyElementPropertyValue(order, "GetDataOrderResponse.ListDataOrder[0].InsuranceData[3].PerluasanJaminan.TJH", o_tjh_val_3, CONTINUE_ON_FAILURE): Unable to verify element property value (Root cause: java.lang.NullPointerException: Cannot get property 'PerluasanJaminan' on null object
	at Script1.run(Script1.groovy:1)
	at com.kms.katalon.core.webservice.helper.WebServiceCommonHelper.parseAndGetPropertyValueForJson(WebServiceCommonHelper.java:213)
	at com.kms.katalon.core.webservice.keyword.builtin.VerifyElementPropertyValueKeyword$_verifyElementPropertyValue_closure1.doCall(VerifyElementPropertyValueKeyword.groovy:52)
	at com.kms.katalon.core.webservice.keyword.builtin.VerifyElementPropertyValueKeyword$_verifyElementPropertyValue_closure1.call(VerifyElementPropertyValueKeyword.groovy)
	at com.kms.katalon.core.keyword.internal.KeywordMain.runKeyword(KeywordMain.groovy:74)
	at com.kms.katalon.core.webservice.keyword.builtin.VerifyElementPropertyValueKeyword.verifyElementPropertyValue(VerifyElementPropertyValueKeyword.groovy:48)
	at com.kms.katalon.core.webservice.keyword.builtin.VerifyElementPropertyValueKeyword.execute(VerifyElementPropertyValueKeyword.groovy:43)
	at com.kms.katalon.core.keyword.internal.KeywordExecutor.executeKeywordForPlatform(KeywordExecutor.groovy:74)
	at com.kms.katalon.core.webservice.keyword.WSBuiltInKeywords.verifyElementPropertyValue(WSBuiltInKeywords.groovy:175)
	at com.kms.katalon.core.webservice.keyword.WSBuiltInKeywords$verifyElementPropertyValue$0.call(Unknown Source)
	at 1. get token - data order.run(1. get token - data order:573)
	at com.kms.katalon.core.main.ScriptEngine.run(ScriptEngine.java:194)
	at com.kms.katalon.core.main.ScriptEngine.runScriptAsRawText(ScriptEngine.java:119)
	at com.kms.katalon.core.main.TestCaseExecutor.runScript(TestCaseExecutor.java:442)
	at com.kms.katalon.core.main.TestCaseExecutor.doExecute(TestCaseExecutor.java:433)
	at com.kms.katalon.core.main.TestCaseExecutor.processExecutionPhase(TestCaseExecutor.java:412)
	at com.kms.katalon.core.main.TestCaseExecutor.accessMainPhase(TestCaseExecutor.java:404)
	at com.kms.katalon.core.main.TestCaseExecutor.execute(TestCaseExecutor.java:281)
	at com.kms.katalon.core.main.TestSuiteExecutor.accessTestCaseMainPhase(TestSuiteExecutor.java:202)
	at com.kms.katalon.core.main.TestSuiteExecutor.accessTestSuiteMainPhase(TestSuiteExecutor.java:164)
	at com.kms.katalon.core.main.TestSuiteExecutor.execute(TestSuiteExecutor.java:105)
	at com.kms.katalon.core.main.TestCaseMain.startTestSuite(TestCaseMain.java:181)
	at com.kms.katalon.core.main.TestCaseMain$startTestSuite$0.call(Unknown Source)
	at TempTestSuite1648100878643.run(TempTestSuite1648100878643.groovy:36)
)

2022-03-24 12:54:44 - [MESSAGE][FAILED] - Unable to verify element property value (Root cause: java.lang.NullPointerException: Cannot get property 'PerluasanJaminan' on null object
	at Script1.run(Script1.groovy:1)
	at com.kms.katalon.core.webservice.helper.WebServiceCommonHelper.parseAndGetPropertyValueForJson(WebServiceCommonHelper.java:213)
	at com.kms.katalon.core.webservice.keyword.builtin.VerifyElementPropertyValueKeyword$_verifyElementPropertyValue_closure1.doCall(VerifyElementPropertyValueKeyword.groovy:52)
	at com.kms.katalon.core.webservice.keyword.builtin.VerifyElementPropertyValueKeyword$_verifyElementPropertyValue_closure1.call(VerifyElementPropertyValueKeyword.groovy)
	at com.kms.katalon.core.keyword.internal.KeywordMain.runKeyword(KeywordMain.groovy:74)
	at com.kms.katalon.core.webservice.keyword.builtin.VerifyElementPropertyValueKeyword.verifyElementPropertyValue(VerifyElementPropertyValueKeyword.groovy:48)
	at com.kms.katalon.core.webservice.keyword.builtin.VerifyElementPropertyValueKeyword.execute(VerifyElementPropertyValueKeyword.groovy:43)
	at com.kms.katalon.core.keyword.internal.KeywordExecutor.executeKeywordForPlatform(KeywordExecutor.groovy:74)
	at com.kms.katalon.core.webservice.keyword.WSBuiltInKeywords.verifyElementPropertyValue(WSBuiltInKeywords.groovy:175)
	at com.kms.katalon.core.webservice.keyword.WSBuiltInKeywords$verifyElementPropertyValue$0.call(Unknown Source)
	at 1. get token - data order.run(1. get token - data order:573)
	at com.kms.katalon.core.main.ScriptEngine.run(ScriptEngine.java:194)
	at com.kms.katalon.core.main.ScriptEngine.runScriptAsRawText(ScriptEngine.java:119)
	at com.kms.katalon.core.main.TestCaseExecutor.runScript(TestCaseExecutor.java:442)
	at com.kms.katalon.core.main.TestCaseExecutor.doExecute(TestCaseExecutor.java:433)
	at com.kms.katalon.core.main.TestCaseExecutor.processExecutionPhase(TestCaseExecutor.java:412)
	at com.kms.katalon.core.main.TestCaseExecutor.accessMainPhase(TestCaseExecutor.java:404)
	at com.kms.katalon.core.main.TestCaseExecutor.execute(TestCaseExecutor.java:281)
	at com.kms.katalon.core.main.TestSuiteExecutor.accessTestCaseMainPhase(TestSuiteExecutor.java:202)
	at com.kms.katalon.core.main.TestSuiteExecutor.accessTestSuiteMainPhase(TestSuiteExecutor.java:164)
	at com.kms.katalon.core.main.TestSuiteExecutor.execute(TestSuiteExecutor.java:105)
	at com.kms.katalon.core.main.TestCaseMain.startTestSuite(TestCaseMain.java:181)
	at com.kms.katalon.core.main.TestCaseMain$startTestSuite$0.call(Unknown Source)
	at TempTestSuite1648100878643.run(TempTestSuite1648100878643.groovy:36)
)

2022-03-24 12:54:44 - [TEST_STEP][FAILED] - verifyElementPropertyValue(order, "GetDataOrderResponse.ListDataOrder[0].InsuranceData[3].PerluasanJaminan.RSCC", o_rscc_val_3, CONTINUE_ON_FAILURE): Unable to verify element property value (Root cause: java.lang.NullPointerException: Cannot get property 'PerluasanJaminan' on null object
	at Script1.run(Script1.groovy:1)
	at com.kms.katalon.core.webservice.helper.WebServiceCommonHelper.parseAndGetPropertyValueForJson(WebServiceCommonHelper.java:213)
	at com.kms.katalon.core.webservice.keyword.builtin.VerifyElementPropertyValueKeyword$_verifyElementPropertyValue_closure1.doCall(VerifyElementPropertyValueKeyword.groovy:52)
	at com.kms.katalon.core.webservice.keyword.builtin.VerifyElementPropertyValueKeyword$_verifyElementPropertyValue_closure1.call(VerifyElementPropertyValueKeyword.groovy)
	at com.kms.katalon.core.keyword.internal.KeywordMain.runKeyword(KeywordMain.groovy:74)
	at com.kms.katalon.core.webservice.keyword.builtin.VerifyElementPropertyValueKeyword.verifyElementPropertyValue(VerifyElementPropertyValueKeyword.groovy:48)
	at com.kms.katalon.core.webservice.keyword.builtin.VerifyElementPropertyValueKeyword.execute(VerifyElementPropertyValueKeyword.groovy:43)
	at com.kms.katalon.core.keyword.internal.KeywordExecutor.executeKeywordForPlatform(KeywordExecutor.groovy:74)
	at com.kms.katalon.core.webservice.keyword.WSBuiltInKeywords.verifyElementPropertyValue(WSBuiltInKeywords.groovy:175)
	at com.kms.katalon.core.webservice.keyword.WSBuiltInKeywords$verifyElementPropertyValue$0.call(Unknown Source)
	at 1. get token - data order.run(1. get token - data order:576)
	at com.kms.katalon.core.main.ScriptEngine.run(ScriptEngine.java:194)
	at com.kms.katalon.core.main.ScriptEngine.runScriptAsRawText(ScriptEngine.java:119)
	at com.kms.katalon.core.main.TestCaseExecutor.runScript(TestCaseExecutor.java:442)
	at com.kms.katalon.core.main.TestCaseExecutor.doExecute(TestCaseExecutor.java:433)
	at com.kms.katalon.core.main.TestCaseExecutor.processExecutionPhase(TestCaseExecutor.java:412)
	at com.kms.katalon.core.main.TestCaseExecutor.accessMainPhase(TestCaseExecutor.java:404)
	at com.kms.katalon.core.main.TestCaseExecutor.execute(TestCaseExecutor.java:281)
	at com.kms.katalon.core.main.TestSuiteExecutor.accessTestCaseMainPhase(TestSuiteExecutor.java:202)
	at com.kms.katalon.core.main.TestSuiteExecutor.accessTestSuiteMainPhase(TestSuiteExecutor.java:164)
	at com.kms.katalon.core.main.TestSuiteExecutor.execute(TestSuiteExecutor.java:105)
	at com.kms.katalon.core.main.TestCaseMain.startTestSuite(TestCaseMain.java:181)
	at com.kms.katalon.core.main.TestCaseMain$startTestSuite$0.call(Unknown Source)
	at TempTestSuite1648100878643.run(TempTestSuite1648100878643.groovy:36)
)

2022-03-24 12:54:44 - [MESSAGE][FAILED] - Unable to verify element property value (Root cause: java.lang.NullPointerException: Cannot get property 'PerluasanJaminan' on null object
	at Script1.run(Script1.groovy:1)
	at com.kms.katalon.core.webservice.helper.WebServiceCommonHelper.parseAndGetPropertyValueForJson(WebServiceCommonHelper.java:213)
	at com.kms.katalon.core.webservice.keyword.builtin.VerifyElementPropertyValueKeyword$_verifyElementPropertyValue_closure1.doCall(VerifyElementPropertyValueKeyword.groovy:52)
	at com.kms.katalon.core.webservice.keyword.builtin.VerifyElementPropertyValueKeyword$_verifyElementPropertyValue_closure1.call(VerifyElementPropertyValueKeyword.groovy)
	at com.kms.katalon.core.keyword.internal.KeywordMain.runKeyword(KeywordMain.groovy:74)
	at com.kms.katalon.core.webservice.keyword.builtin.VerifyElementPropertyValueKeyword.verifyElementPropertyValue(VerifyElementPropertyValueKeyword.groovy:48)
	at com.kms.katalon.core.webservice.keyword.builtin.VerifyElementPropertyValueKeyword.execute(VerifyElementPropertyValueKeyword.groovy:43)
	at com.kms.katalon.core.keyword.internal.KeywordExecutor.executeKeywordForPlatform(KeywordExecutor.groovy:74)
	at com.kms.katalon.core.webservice.keyword.WSBuiltInKeywords.verifyElementPropertyValue(WSBuiltInKeywords.groovy:175)
	at com.kms.katalon.core.webservice.keyword.WSBuiltInKeywords$verifyElementPropertyValue$0.call(Unknown Source)
	at 1. get token - data order.run(1. get token - data order:576)
	at com.kms.katalon.core.main.ScriptEngine.run(ScriptEngine.java:194)
	at com.kms.katalon.core.main.ScriptEngine.runScriptAsRawText(ScriptEngine.java:119)
	at com.kms.katalon.core.main.TestCaseExecutor.runScript(TestCaseExecutor.java:442)
	at com.kms.katalon.core.main.TestCaseExecutor.doExecute(TestCaseExecutor.java:433)
	at com.kms.katalon.core.main.TestCaseExecutor.processExecutionPhase(TestCaseExecutor.java:412)
	at com.kms.katalon.core.main.TestCaseExecutor.accessMainPhase(TestCaseExecutor.java:404)
	at com.kms.katalon.core.main.TestCaseExecutor.execute(TestCaseExecutor.java:281)
	at com.kms.katalon.core.main.TestSuiteExecutor.accessTestCaseMainPhase(TestSuiteExecutor.java:202)
	at com.kms.katalon.core.main.TestSuiteExecutor.accessTestSuiteMainPhase(TestSuiteExecutor.java:164)
	at com.kms.katalon.core.main.TestSuiteExecutor.execute(TestSuiteExecutor.java:105)
	at com.kms.katalon.core.main.TestCaseMain.startTestSuite(TestCaseMain.java:181)
	at com.kms.katalon.core.main.TestCaseMain$startTestSuite$0.call(Unknown Source)
	at TempTestSuite1648100878643.run(TempTestSuite1648100878643.groovy:36)
)

2022-03-24 12:54:44 - [TEST_STEP][FAILED] - verifyElementPropertyValue(order, "GetDataOrderResponse.ListDataOrder[0].InsuranceData[3].PerluasanJaminan.Banjir", o_rsmb_val_3, CONTINUE_ON_FAILURE): Unable to verify element property value (Root cause: java.lang.NullPointerException: Cannot get property 'PerluasanJaminan' on null object
	at Script1.run(Script1.groovy:1)
	at com.kms.katalon.core.webservice.helper.WebServiceCommonHelper.parseAndGetPropertyValueForJson(WebServiceCommonHelper.java:213)
	at com.kms.katalon.core.webservice.keyword.builtin.VerifyElementPropertyValueKeyword$_verifyElementPropertyValue_closure1.doCall(VerifyElementPropertyValueKeyword.groovy:52)
	at com.kms.katalon.core.webservice.keyword.builtin.VerifyElementPropertyValueKeyword$_verifyElementPropertyValue_closure1.call(VerifyElementPropertyValueKeyword.groovy)
	at com.kms.katalon.core.keyword.internal.KeywordMain.runKeyword(KeywordMain.groovy:74)
	at com.kms.katalon.core.webservice.keyword.builtin.VerifyElementPropertyValueKeyword.verifyElementPropertyValue(VerifyElementPropertyValueKeyword.groovy:48)
	at com.kms.katalon.core.webservice.keyword.builtin.VerifyElementPropertyValueKeyword.execute(VerifyElementPropertyValueKeyword.groovy:43)
	at com.kms.katalon.core.keyword.internal.KeywordExecutor.executeKeywordForPlatform(KeywordExecutor.groovy:74)
	at com.kms.katalon.core.webservice.keyword.WSBuiltInKeywords.verifyElementPropertyValue(WSBuiltInKeywords.groovy:175)
	at com.kms.katalon.core.webservice.keyword.WSBuiltInKeywords$verifyElementPropertyValue$0.call(Unknown Source)
	at 1. get token - data order.run(1. get token - data order:579)
	at com.kms.katalon.core.main.ScriptEngine.run(ScriptEngine.java:194)
	at com.kms.katalon.core.main.ScriptEngine.runScriptAsRawText(ScriptEngine.java:119)
	at com.kms.katalon.core.main.TestCaseExecutor.runScript(TestCaseExecutor.java:442)
	at com.kms.katalon.core.main.TestCaseExecutor.doExecute(TestCaseExecutor.java:433)
	at com.kms.katalon.core.main.TestCaseExecutor.processExecutionPhase(TestCaseExecutor.java:412)
	at com.kms.katalon.core.main.TestCaseExecutor.accessMainPhase(TestCaseExecutor.java:404)
	at com.kms.katalon.core.main.TestCaseExecutor.execute(TestCaseExecutor.java:281)
	at com.kms.katalon.core.main.TestSuiteExecutor.accessTestCaseMainPhase(TestSuiteExecutor.java:202)
	at com.kms.katalon.core.main.TestSuiteExecutor.accessTestSuiteMainPhase(TestSuiteExecutor.java:164)
	at com.kms.katalon.core.main.TestSuiteExecutor.execute(TestSuiteExecutor.java:105)
	at com.kms.katalon.core.main.TestCaseMain.startTestSuite(TestCaseMain.java:181)
	at com.kms.katalon.core.main.TestCaseMain$startTestSuite$0.call(Unknown Source)
	at TempTestSuite1648100878643.run(TempTestSuite1648100878643.groovy:36)
)

2022-03-24 12:54:44 - [MESSAGE][FAILED] - Unable to verify element property value (Root cause: java.lang.NullPointerException: Cannot get property 'PerluasanJaminan' on null object
	at Script1.run(Script1.groovy:1)
	at com.kms.katalon.core.webservice.helper.WebServiceCommonHelper.parseAndGetPropertyValueForJson(WebServiceCommonHelper.java:213)
	at com.kms.katalon.core.webservice.keyword.builtin.VerifyElementPropertyValueKeyword$_verifyElementPropertyValue_closure1.doCall(VerifyElementPropertyValueKeyword.groovy:52)
	at com.kms.katalon.core.webservice.keyword.builtin.VerifyElementPropertyValueKeyword$_verifyElementPropertyValue_closure1.call(VerifyElementPropertyValueKeyword.groovy)
	at com.kms.katalon.core.keyword.internal.KeywordMain.runKeyword(KeywordMain.groovy:74)
	at com.kms.katalon.core.webservice.keyword.builtin.VerifyElementPropertyValueKeyword.verifyElementPropertyValue(VerifyElementPropertyValueKeyword.groovy:48)
	at com.kms.katalon.core.webservice.keyword.builtin.VerifyElementPropertyValueKeyword.execute(VerifyElementPropertyValueKeyword.groovy:43)
	at com.kms.katalon.core.keyword.internal.KeywordExecutor.executeKeywordForPlatform(KeywordExecutor.groovy:74)
	at com.kms.katalon.core.webservice.keyword.WSBuiltInKeywords.verifyElementPropertyValue(WSBuiltInKeywords.groovy:175)
	at com.kms.katalon.core.webservice.keyword.WSBuiltInKeywords$verifyElementPropertyValue$0.call(Unknown Source)
	at 1. get token - data order.run(1. get token - data order:579)
	at com.kms.katalon.core.main.ScriptEngine.run(ScriptEngine.java:194)
	at com.kms.katalon.core.main.ScriptEngine.runScriptAsRawText(ScriptEngine.java:119)
	at com.kms.katalon.core.main.TestCaseExecutor.runScript(TestCaseExecutor.java:442)
	at com.kms.katalon.core.main.TestCaseExecutor.doExecute(TestCaseExecutor.java:433)
	at com.kms.katalon.core.main.TestCaseExecutor.processExecutionPhase(TestCaseExecutor.java:412)
	at com.kms.katalon.core.main.TestCaseExecutor.accessMainPhase(TestCaseExecutor.java:404)
	at com.kms.katalon.core.main.TestCaseExecutor.execute(TestCaseExecutor.java:281)
	at com.kms.katalon.core.main.TestSuiteExecutor.accessTestCaseMainPhase(TestSuiteExecutor.java:202)
	at com.kms.katalon.core.main.TestSuiteExecutor.accessTestSuiteMainPhase(TestSuiteExecutor.java:164)
	at com.kms.katalon.core.main.TestSuiteExecutor.execute(TestSuiteExecutor.java:105)
	at com.kms.katalon.core.main.TestCaseMain.startTestSuite(TestCaseMain.java:181)
	at com.kms.katalon.core.main.TestCaseMain$startTestSuite$0.call(Unknown Source)
	at TempTestSuite1648100878643.run(TempTestSuite1648100878643.groovy:36)
)

2022-03-24 12:54:44 - [TEST_STEP][FAILED] - verifyElementPropertyValue(order, "GetDataOrderResponse.ListDataOrder[0].InsuranceData[3].PerluasanJaminan.Accessories", o_acc_val_3, CONTINUE_ON_FAILURE): Unable to verify element property value (Root cause: java.lang.NullPointerException: Cannot get property 'PerluasanJaminan' on null object
	at Script1.run(Script1.groovy:1)
	at com.kms.katalon.core.webservice.helper.WebServiceCommonHelper.parseAndGetPropertyValueForJson(WebServiceCommonHelper.java:213)
	at com.kms.katalon.core.webservice.keyword.builtin.VerifyElementPropertyValueKeyword$_verifyElementPropertyValue_closure1.doCall(VerifyElementPropertyValueKeyword.groovy:52)
	at com.kms.katalon.core.webservice.keyword.builtin.VerifyElementPropertyValueKeyword$_verifyElementPropertyValue_closure1.call(VerifyElementPropertyValueKeyword.groovy)
	at com.kms.katalon.core.keyword.internal.KeywordMain.runKeyword(KeywordMain.groovy:74)
	at com.kms.katalon.core.webservice.keyword.builtin.VerifyElementPropertyValueKeyword.verifyElementPropertyValue(VerifyElementPropertyValueKeyword.groovy:48)
	at com.kms.katalon.core.webservice.keyword.builtin.VerifyElementPropertyValueKeyword.execute(VerifyElementPropertyValueKeyword.groovy:43)
	at com.kms.katalon.core.keyword.internal.KeywordExecutor.executeKeywordForPlatform(KeywordExecutor.groovy:74)
	at com.kms.katalon.core.webservice.keyword.WSBuiltInKeywords.verifyElementPropertyValue(WSBuiltInKeywords.groovy:175)
	at com.kms.katalon.core.webservice.keyword.WSBuiltInKeywords$verifyElementPropertyValue$0.call(Unknown Source)
	at 1. get token - data order.run(1. get token - data order:582)
	at com.kms.katalon.core.main.ScriptEngine.run(ScriptEngine.java:194)
	at com.kms.katalon.core.main.ScriptEngine.runScriptAsRawText(ScriptEngine.java:119)
	at com.kms.katalon.core.main.TestCaseExecutor.runScript(TestCaseExecutor.java:442)
	at com.kms.katalon.core.main.TestCaseExecutor.doExecute(TestCaseExecutor.java:433)
	at com.kms.katalon.core.main.TestCaseExecutor.processExecutionPhase(TestCaseExecutor.java:412)
	at com.kms.katalon.core.main.TestCaseExecutor.accessMainPhase(TestCaseExecutor.java:404)
	at com.kms.katalon.core.main.TestCaseExecutor.execute(TestCaseExecutor.java:281)
	at com.kms.katalon.core.main.TestSuiteExecutor.accessTestCaseMainPhase(TestSuiteExecutor.java:202)
	at com.kms.katalon.core.main.TestSuiteExecutor.accessTestSuiteMainPhase(TestSuiteExecutor.java:164)
	at com.kms.katalon.core.main.TestSuiteExecutor.execute(TestSuiteExecutor.java:105)
	at com.kms.katalon.core.main.TestCaseMain.startTestSuite(TestCaseMain.java:181)
	at com.kms.katalon.core.main.TestCaseMain$startTestSuite$0.call(Unknown Source)
	at TempTestSuite1648100878643.run(TempTestSuite1648100878643.groovy:36)
)

2022-03-24 12:54:44 - [MESSAGE][FAILED] - Unable to verify element property value (Root cause: java.lang.NullPointerException: Cannot get property 'PerluasanJaminan' on null object
	at Script1.run(Script1.groovy:1)
	at com.kms.katalon.core.webservice.helper.WebServiceCommonHelper.parseAndGetPropertyValueForJson(WebServiceCommonHelper.java:213)
	at com.kms.katalon.core.webservice.keyword.builtin.VerifyElementPropertyValueKeyword$_verifyElementPropertyValue_closure1.doCall(VerifyElementPropertyValueKeyword.groovy:52)
	at com.kms.katalon.core.webservice.keyword.builtin.VerifyElementPropertyValueKeyword$_verifyElementPropertyValue_closure1.call(VerifyElementPropertyValueKeyword.groovy)
	at com.kms.katalon.core.keyword.internal.KeywordMain.runKeyword(KeywordMain.groovy:74)
	at com.kms.katalon.core.webservice.keyword.builtin.VerifyElementPropertyValueKeyword.verifyElementPropertyValue(VerifyElementPropertyValueKeyword.groovy:48)
	at com.kms.katalon.core.webservice.keyword.builtin.VerifyElementPropertyValueKeyword.execute(VerifyElementPropertyValueKeyword.groovy:43)
	at com.kms.katalon.core.keyword.internal.KeywordExecutor.executeKeywordForPlatform(KeywordExecutor.groovy:74)
	at com.kms.katalon.core.webservice.keyword.WSBuiltInKeywords.verifyElementPropertyValue(WSBuiltInKeywords.groovy:175)
	at com.kms.katalon.core.webservice.keyword.WSBuiltInKeywords$verifyElementPropertyValue$0.call(Unknown Source)
	at 1. get token - data order.run(1. get token - data order:582)
	at com.kms.katalon.core.main.ScriptEngine.run(ScriptEngine.java:194)
	at com.kms.katalon.core.main.ScriptEngine.runScriptAsRawText(ScriptEngine.java:119)
	at com.kms.katalon.core.main.TestCaseExecutor.runScript(TestCaseExecutor.java:442)
	at com.kms.katalon.core.main.TestCaseExecutor.doExecute(TestCaseExecutor.java:433)
	at com.kms.katalon.core.main.TestCaseExecutor.processExecutionPhase(TestCaseExecutor.java:412)
	at com.kms.katalon.core.main.TestCaseExecutor.accessMainPhase(TestCaseExecutor.java:404)
	at com.kms.katalon.core.main.TestCaseExecutor.execute(TestCaseExecutor.java:281)
	at com.kms.katalon.core.main.TestSuiteExecutor.accessTestCaseMainPhase(TestSuiteExecutor.java:202)
	at com.kms.katalon.core.main.TestSuiteExecutor.accessTestSuiteMainPhase(TestSuiteExecutor.java:164)
	at com.kms.katalon.core.main.TestSuiteExecutor.execute(TestSuiteExecutor.java:105)
	at com.kms.katalon.core.main.TestCaseMain.startTestSuite(TestCaseMain.java:181)
	at com.kms.katalon.core.main.TestCaseMain$startTestSuite$0.call(Unknown Source)
	at TempTestSuite1648100878643.run(TempTestSuite1648100878643.groovy:36)
)

2022-03-24 12:54:44 - [TEST_STEP][PASSED] - break: null]]></system-out>
         <system-err><![CDATA[2022-03-24 12:54:40 - [TEST_CASE][FAILED] - Test Cases/1. get token - data order: Test Cases/1. get token - data order FAILED.
Reason:
com.kms.katalon.core.exception.StepFailedException: Expected element property value '9486004897' is not equal with actual property value '1154000993'
	at com.kms.katalon.core.keyword.internal.KeywordMain.stepFailed(KeywordMain.groovy:39)
	at com.kms.katalon.core.webservice.keyword.builtin.VerifyElementPropertyValueKeyword$_verifyElementPropertyValue_closure1.doCall(VerifyElementPropertyValueKeyword.groovy:56)
	at com.kms.katalon.core.webservice.keyword.builtin.VerifyElementPropertyValueKeyword$_verifyElementPropertyValue_closure1.call(VerifyElementPropertyValueKeyword.groovy)
	at com.kms.katalon.core.keyword.internal.KeywordMain.runKeyword(KeywordMain.groovy:74)
	at com.kms.katalon.core.webservice.keyword.builtin.VerifyElementPropertyValueKeyword.verifyElementPropertyValue(VerifyElementPropertyValueKeyword.groovy:48)
	at com.kms.katalon.core.webservice.keyword.builtin.VerifyElementPropertyValueKeyword.execute(VerifyElementPropertyValueKeyword.groovy:43)
	at com.kms.katalon.core.keyword.internal.KeywordExecutor.executeKeywordForPlatform(KeywordExecutor.groovy:74)
	at com.kms.katalon.core.webservice.keyword.WSBuiltInKeywords.verifyElementPropertyValue(WSBuiltInKeywords.groovy:175)
	at com.kms.katalon.core.webservice.keyword.WSBuiltInKeywords$verifyElementPropertyValue$0.call(Unknown Source)
	at 1. get token - data order.run(1. get token - data order:54)
	at com.kms.katalon.core.main.ScriptEngine.run(ScriptEngine.java:194)
	at com.kms.katalon.core.main.ScriptEngine.runScriptAsRawText(ScriptEngine.java:119)
	at com.kms.katalon.core.main.TestCaseExecutor.runScript(TestCaseExecutor.java:442)
	at com.kms.katalon.core.main.TestCaseExecutor.doExecute(TestCaseExecutor.java:433)
	at com.kms.katalon.core.main.TestCaseExecutor.processExecutionPhase(TestCaseExecutor.java:412)
	at com.kms.katalon.core.main.TestCaseExecutor.accessMainPhase(TestCaseExecutor.java:404)
	at com.kms.katalon.core.main.TestCaseExecutor.execute(TestCaseExecutor.java:281)
	at com.kms.katalon.core.main.TestSuiteExecutor.accessTestCaseMainPhase(TestSuiteExecutor.java:202)
	at com.kms.katalon.core.main.TestSuiteExecutor.accessTestSuiteMainPhase(TestSuiteExecutor.java:164)
	at com.kms.katalon.core.main.TestSuiteExecutor.execute(TestSuiteExecutor.java:105)
	at com.kms.katalon.core.main.TestCaseMain.startTestSuite(TestCaseMain.java:181)
	at com.kms.katalon.core.main.TestCaseMain$startTestSuite$0.call(Unknown Source)
	at TempTestSuite1648100878643.run(TempTestSuite1648100878643.groovy:36)]]></system-err>
      </testcase>
      <testcase name="Test Cases/1. get token - data order" time="4.274" classname="Test Cases/1. get token - data order" status="FAILED">
         <failure type="FAILED" message="Test Cases/1. get token - data order FAILED.
Reason:
com.kms.katalon.core.exception.StepFailedException: Expected element property value '1' is not equal with actual property value '1154000993'
	at com.kms.katalon.core.keyword.internal.KeywordMain.stepFailed(KeywordMain.groovy:39)
	at com.kms.katalon.core.webservice.keyword.builtin.VerifyElementPropertyValueKeyword$_verifyElementPropertyValue_closure1.doCall(VerifyElementPropertyValueKeyword.groovy:56)
	at com.kms.katalon.core.webservice.keyword.builtin.VerifyElementPropertyValueKeyword$_verifyElementPropertyValue_closure1.call(VerifyElementPropertyValueKeyword.groovy)
	at com.kms.katalon.core.keyword.internal.KeywordMain.runKeyword(KeywordMain.groovy:74)
	at com.kms.katalon.core.webservice.keyword.builtin.VerifyElementPropertyValueKeyword.verifyElementPropertyValue(VerifyElementPropertyValueKeyword.groovy:48)
	at com.kms.katalon.core.webservice.keyword.builtin.VerifyElementPropertyValueKeyword.execute(VerifyElementPropertyValueKeyword.groovy:43)
	at com.kms.katalon.core.keyword.internal.KeywordExecutor.executeKeywordForPlatform(KeywordExecutor.groovy:74)
	at com.kms.katalon.core.webservice.keyword.WSBuiltInKeywords.verifyElementPropertyValue(WSBuiltInKeywords.groovy:175)
	at com.kms.katalon.core.webservice.keyword.WSBuiltInKeywords$verifyElementPropertyValue$0.call(Unknown Source)
	at 1. get token - data order.run(1. get token - data order:54)
	at com.kms.katalon.core.main.ScriptEngine.run(ScriptEngine.java:194)
	at com.kms.katalon.core.main.ScriptEngine.runScriptAsRawText(ScriptEngine.java:119)
	at com.kms.katalon.core.main.TestCaseExecutor.runScript(TestCaseExecutor.java:442)
	at com.kms.katalon.core.main.TestCaseExecutor.doExecute(TestCaseExecutor.java:433)
	at com.kms.katalon.core.main.TestCaseExecutor.processExecutionPhase(TestCaseExecutor.java:412)
	at com.kms.katalon.core.main.TestCaseExecutor.accessMainPhase(TestCaseExecutor.java:404)
	at com.kms.katalon.core.main.TestCaseExecutor.execute(TestCaseExecutor.java:281)
	at com.kms.katalon.core.main.TestSuiteExecutor.accessTestCaseMainPhase(TestSuiteExecutor.java:202)
	at com.kms.katalon.core.main.TestSuiteExecutor.accessTestSuiteMainPhase(TestSuiteExecutor.java:164)
	at com.kms.katalon.core.main.TestSuiteExecutor.execute(TestSuiteExecutor.java:105)
	at com.kms.katalon.core.main.TestCaseMain.startTestSuite(TestCaseMain.java:181)
	at com.kms.katalon.core.main.TestCaseMain$startTestSuite$0.call(Unknown Source)
	at TempTestSuite1648100878643.run(TempTestSuite1648100878643.groovy:36)
"/>
         <system-out><![CDATA[2022-03-24 12:54:44 - [TEST_CASE][FAILED] - Test Cases/1. get token - data order: Test Cases/1. get token - data order FAILED.
Reason:
com.kms.katalon.core.exception.StepFailedException: Expected element property value '1' is not equal with actual property value '1154000993'
	at com.kms.katalon.core.keyword.internal.KeywordMain.stepFailed(KeywordMain.groovy:39)
	at com.kms.katalon.core.webservice.keyword.builtin.VerifyElementPropertyValueKeyword$_verifyElementPropertyValue_closure1.doCall(VerifyElementPropertyValueKeyword.groovy:56)
	at com.kms.katalon.core.webservice.keyword.builtin.VerifyElementPropertyValueKeyword$_verifyElementPropertyValue_closure1.call(VerifyElementPropertyValueKeyword.groovy)
	at com.kms.katalon.core.keyword.internal.KeywordMain.runKeyword(KeywordMain.groovy:74)
	at com.kms.katalon.core.webservice.keyword.builtin.VerifyElementPropertyValueKeyword.verifyElementPropertyValue(VerifyElementPropertyValueKeyword.groovy:48)
	at com.kms.katalon.core.webservice.keyword.builtin.VerifyElementPropertyValueKeyword.execute(VerifyElementPropertyValueKeyword.groovy:43)
	at com.kms.katalon.core.keyword.internal.KeywordExecutor.executeKeywordForPlatform(KeywordExecutor.groovy:74)
	at com.kms.katalon.core.webservice.keyword.WSBuiltInKeywords.verifyElementPropertyValue(WSBuiltInKeywords.groovy:175)
	at com.kms.katalon.core.webservice.keyword.WSBuiltInKeywords$verifyElementPropertyValue$0.call(Unknown Source)
	at 1. get token - data order.run(1. get token - data order:54)
	at com.kms.katalon.core.main.ScriptEngine.run(ScriptEngine.java:194)
	at com.kms.katalon.core.main.ScriptEngine.runScriptAsRawText(ScriptEngine.java:119)
	at com.kms.katalon.core.main.TestCaseExecutor.runScript(TestCaseExecutor.java:442)
	at com.kms.katalon.core.main.TestCaseExecutor.doExecute(TestCaseExecutor.java:433)
	at com.kms.katalon.core.main.TestCaseExecutor.processExecutionPhase(TestCaseExecutor.java:412)
	at com.kms.katalon.core.main.TestCaseExecutor.accessMainPhase(TestCaseExecutor.java:404)
	at com.kms.katalon.core.main.TestCaseExecutor.execute(TestCaseExecutor.java:281)
	at com.kms.katalon.core.main.TestSuiteExecutor.accessTestCaseMainPhase(TestSuiteExecutor.java:202)
	at com.kms.katalon.core.main.TestSuiteExecutor.accessTestSuiteMainPhase(TestSuiteExecutor.java:164)
	at com.kms.katalon.core.main.TestSuiteExecutor.execute(TestSuiteExecutor.java:105)
	at com.kms.katalon.core.main.TestCaseMain.startTestSuite(TestCaseMain.java:181)
	at com.kms.katalon.core.main.TestCaseMain$startTestSuite$0.call(Unknown Source)
	at TempTestSuite1648100878643.run(TempTestSuite1648100878643.groovy:36)


2022-03-24 12:54:46 - [TEST_STEP][PASSED] - token = sendRequest(findTestObject("1. Get-Token")): Send request successfully

2022-03-24 12:54:46 - [MESSAGE][INFO] - HAR: I:\app-testing\app-project\Order car insurance\order-car-insurance\Reports\20220324_124757\Get data order\20220324_124758\requests\main\60.har

2022-03-24 12:54:46 - [MESSAGE][PASSED] - Send request successfully

2022-03-24 12:54:46 - [TEST_STEP][PASSED] - slurper = new groovy.json.JsonSlurper(): null

2022-03-24 12:54:46 - [TEST_STEP][PASSED] - get_token = slurper.parseText(token.getResponseBodyContent()): null

2022-03-24 12:54:46 - [TEST_STEP][PASSED] - private_token = access_token: null

2022-03-24 12:54:46 - [TEST_STEP][PASSED] - global_token = private_token: null

2022-03-24 12:54:46 - [TEST_STEP][PASSED] - println("token is :" + global_token): null

2022-03-24 12:54:46 - [TEST_STEP][PASSED] - response_token = token.getResponseText(): null

2022-03-24 12:54:46 - [TEST_STEP][PASSED] - logInfo($response_token): 
            {
                "token_type": "BearerToken",
                "access_token": "C2ZGAv6NktEnkP1InApgOaugEoHf",
                "expires_in": "1799",
                "scope": ""
            }
        

2022-03-24 12:54:46 - [MESSAGE][INFO] - 
            {
                "token_type": "BearerToken",
                "access_token": "C2ZGAv6NktEnkP1InApgOaugEoHf",
                "expires_in": "1799",
                "scope": ""
            }
        

2022-03-24 12:54:46 - [TEST_STEP][PASSED] - order = sendRequest(findTestObject("3. Get-data-order", ["s_key":global_token, "c_id":c_id, "order_date":order_date, "page":page, "rows":rows])): Send request successfully

2022-03-24 12:54:46 - [MESSAGE][INFO] - HAR: I:\app-testing\app-project\Order car insurance\order-car-insurance\Reports\20220324_124757\Get data order\20220324_124758\requests\main\61.har

2022-03-24 12:54:46 - [MESSAGE][PASSED] - Send request successfully

2022-03-24 12:54:46 - [TEST_STEP][PASSED] - get_order = order.getResponseText(): null

2022-03-24 12:54:46 - [TEST_STEP][PASSED] - markPassed("data ke : " + no): data ke : 1

2022-03-24 12:54:46 - [MESSAGE][PASSED] - data ke : 1

2022-03-24 12:54:46 - [TEST_STEP][PASSED] - verifyElementPropertyValue(order, "GetDataOrderResponse.ListDataOrder[0].TipeOrder", o_tipeorder, CONTINUE_ON_FAILURE): Verify element property value successfully

2022-03-24 12:54:46 - [MESSAGE][PASSED] - Verify element property value successfully

2022-03-24 12:54:46 - [TEST_STEP][PASSED] - verifyElementPropertyValue(order, "GetDataOrderResponse.ListDataOrder[0].BatchID", o_batchid, CONTINUE_ON_FAILURE): Verify element property value successfully

2022-03-24 12:54:46 - [MESSAGE][PASSED] - Verify element property value successfully

2022-03-24 12:54:46 - [TEST_STEP][FAILED] - verifyElementPropertyValue(order, "GetDataOrderResponse.ListDataOrder[0].NoRek", o_norek, CONTINUE_ON_FAILURE): Expected element property value '1' is not equal with actual property value '1154000993'

2022-03-24 12:54:46 - [MESSAGE][FAILED] - Expected element property value '1' is not equal with actual property value '1154000993'

2022-03-24 12:54:46 - [TEST_STEP][FAILED] - verifyElementPropertyValue(order, "GetDataOrderResponse.ListDataOrder[0].NoPin", o_nopin, CONTINUE_ON_FAILURE): Expected element property value '1' is not equal with actual property value '001'

2022-03-24 12:54:46 - [MESSAGE][FAILED] - Expected element property value '1' is not equal with actual property value '001'

2022-03-24 12:54:46 - [TEST_STEP][FAILED] - verifyElementPropertyValue(order, "GetDataOrderResponse.ListDataOrder[0].CustName", o_custname, CONTINUE_ON_FAILURE): Expected element property value '1' is not equal with actual property value 'SCRAMBLE'

2022-03-24 12:54:46 - [MESSAGE][FAILED] - Expected element property value '1' is not equal with actual property value 'SCRAMBLE'

2022-03-24 12:54:46 - [TEST_STEP][FAILED] - verifyElementPropertyValue(order, "GetDataOrderResponse.ListDataOrder[0].Pemohon", o_pemohon, CONTINUE_ON_FAILURE): Expected element property value '1' is not equal with actual property value 'PT BCAF'

2022-03-24 12:54:47 - [MESSAGE][FAILED] - Expected element property value '1' is not equal with actual property value 'PT BCAF'

2022-03-24 12:54:47 - [TEST_STEP][FAILED] - verifyElementPropertyValue(order, "GetDataOrderResponse.ListDataOrder[0].HargaPembelian", o_otr, CONTINUE_ON_FAILURE): Expected element property value '1' is not equal with actual property value '360000000.00'

2022-03-24 12:54:47 - [MESSAGE][FAILED] - Expected element property value '1' is not equal with actual property value '360000000.00'

2022-03-24 12:54:47 - [TEST_STEP][FAILED] - verifyElementPropertyValue(order, "GetDataOrderResponse.ListDataOrder[0].Cabang", o_branchid, CONTINUE_ON_FAILURE): Expected element property value '1' is not equal with actual property value '1154'

2022-03-24 12:54:47 - [MESSAGE][FAILED] - Expected element property value '1' is not equal with actual property value '1154'

2022-03-24 12:54:47 - [TEST_STEP][FAILED] - verifyElementPropertyValue(order, "GetDataOrderResponse.ListDataOrder[0].MerkID", o_merk, CONTINUE_ON_FAILURE): Expected element property value '1' is not equal with actual property value 'TYT'

2022-03-24 12:54:47 - [MESSAGE][FAILED] - Expected element property value '1' is not equal with actual property value 'TYT'

2022-03-24 12:54:47 - [TEST_STEP][FAILED] - verifyElementPropertyValue(order, "GetDataOrderResponse.ListDataOrder[0].TypeMobil", o_type, CONTINUE_ON_FAILURE): Expected element property value '1' is not equal with actual property value 'INNOVA VENTURER 2.0 AT'

2022-03-24 12:54:47 - [MESSAGE][FAILED] - Expected element property value '1' is not equal with actual property value 'INNOVA VENTURER 2.0 AT'

2022-03-24 12:54:47 - [TEST_STEP][PASSED] - verifyElementPropertyValue(order, "GetDataOrderResponse.ListDataOrder[0].JenisMobil", o_jenis, CONTINUE_ON_FAILURE): Verify element property value successfully

2022-03-24 12:54:47 - [MESSAGE][PASSED] - Verify element property value successfully

2022-03-24 12:54:47 - [TEST_STEP][FAILED] - verifyElementPropertyValue(order, "GetDataOrderResponse.ListDataOrder[0].TahunMobil", o_tahun, CONTINUE_ON_FAILURE): Expected element property value '1' is not equal with actual property value '2017'

2022-03-24 12:54:47 - [MESSAGE][FAILED] - Expected element property value '1' is not equal with actual property value '2017'

2022-03-24 12:54:47 - [TEST_STEP][FAILED] - verifyElementPropertyValue(order, "GetDataOrderResponse.ListDataOrder[0].Warna", o_warna, CONTINUE_ON_FAILURE): Expected element property value '1' is not equal with actual property value 'PUTIH'

2022-03-24 12:54:47 - [MESSAGE][FAILED] - Expected element property value '1' is not equal with actual property value 'PUTIH'

2022-03-24 12:54:47 - [TEST_STEP][FAILED] - verifyElementPropertyValue(order, "GetDataOrderResponse.ListDataOrder[0].NoRangka", o_norangka, CONTINUE_ON_FAILURE): Expected element property value '1' is not equal with actual property value 'MHFAW8EM4H0206354'

2022-03-24 12:54:47 - [MESSAGE][FAILED] - Expected element property value '1' is not equal with actual property value 'MHFAW8EM4H0206354'

2022-03-24 12:54:47 - [TEST_STEP][FAILED] - verifyElementPropertyValue(order, "GetDataOrderResponse.ListDataOrder[0].NoMesin", o_nomesin, CONTINUE_ON_FAILURE): Expected element property value '1' is not equal with actual property value '1TRA295932'

2022-03-24 12:54:47 - [MESSAGE][FAILED] - Expected element property value '1' is not equal with actual property value '1TRA295932'

2022-03-24 12:54:47 - [TEST_STEP][FAILED] - verifyElementPropertyValue(order, "GetDataOrderResponse.ListDataOrder[0].NoPolisi", o_nopol, CONTINUE_ON_FAILURE): Expected element property value '1' is not equal with actual property value 'B 2726 BOM'

2022-03-24 12:54:47 - [MESSAGE][FAILED] - Expected element property value '1' is not equal with actual property value 'B 2726 BOM'

2022-03-24 12:54:47 - [TEST_STEP][FAILED] - verifyElementPropertyValue(order, "GetDataOrderResponse.ListDataOrder[0].NamaBPKB", o_namabpkb, CONTINUE_ON_FAILURE): Expected element property value '1' is not equal with actual property value 'PT AUTORENT LANCAR S'

2022-03-24 12:54:47 - [MESSAGE][FAILED] - Expected element property value '1' is not equal with actual property value 'PT AUTORENT LANCAR S'

2022-03-24 12:54:47 - [TEST_STEP][FAILED] - verifyElementPropertyValue(order, "GetDataOrderResponse.ListDataOrder[0].KategoriMobil", o_kategori, CONTINUE_ON_FAILURE): Expected element property value '1' is not equal with actual property value '14'

2022-03-24 12:54:47 - [MESSAGE][FAILED] - Expected element property value '1' is not equal with actual property value '14'

2022-03-24 12:54:47 - [TEST_STEP][FAILED] - verifyElementPropertyValue(order, "GetDataOrderResponse.ListDataOrder[0].PenggunaanKendaraan", o_purpose, CONTINUE_ON_FAILURE): Expected element property value '1' is not equal with actual property value 'Personal'

2022-03-24 12:54:47 - [MESSAGE][FAILED] - Expected element property value '1' is not equal with actual property value 'Personal'

2022-03-24 12:54:47 - [TEST_STEP][FAILED] - verifyElementPropertyValue(order, "GetDataOrderResponse.ListDataOrder[0].Kondisi", o_kondisi, CONTINUE_ON_FAILURE): Expected element property value '1' is not equal with actual property value '2'

2022-03-24 12:54:47 - [MESSAGE][FAILED] - Expected element property value '1' is not equal with actual property value '2'

2022-03-24 12:54:47 - [TEST_STEP][PASSED] - verifyElementPropertyValue(order, "GetDataOrderResponse.ListDataOrder[0].Accessories1", o_acc1, CONTINUE_ON_FAILURE): Verify element property value successfully

2022-03-24 12:54:47 - [MESSAGE][PASSED] - Verify element property value successfully

2022-03-24 12:54:47 - [TEST_STEP][PASSED] - verifyElementPropertyValue(order, "GetDataOrderResponse.ListDataOrder[0].Accessories2", o_acc2, CONTINUE_ON_FAILURE): Verify element property value successfully

2022-03-24 12:54:47 - [MESSAGE][PASSED] - Verify element property value successfully

2022-03-24 12:54:47 - [TEST_STEP][PASSED] - verifyElementPropertyValue(order, "GetDataOrderResponse.ListDataOrder[0].Accessories3", o_acc3, CONTINUE_ON_FAILURE): Verify element property value successfully

2022-03-24 12:54:47 - [MESSAGE][PASSED] - Verify element property value successfully

2022-03-24 12:54:47 - [TEST_STEP][PASSED] - verifyElementPropertyValue(order, "GetDataOrderResponse.ListDataOrder[0].Accessories4", o_acc4, CONTINUE_ON_FAILURE): Verify element property value successfully

2022-03-24 12:54:47 - [MESSAGE][PASSED] - Verify element property value successfully

2022-03-24 12:54:47 - [TEST_STEP][PASSED] - verifyElementPropertyValue(order, "GetDataOrderResponse.ListDataOrder[0].Accessories5", o_acc5, CONTINUE_ON_FAILURE): Verify element property value successfully

2022-03-24 12:54:47 - [MESSAGE][PASSED] - Verify element property value successfully

2022-03-24 12:54:47 - [TEST_STEP][PASSED] - verifyElementPropertyValue(order, "GetDataOrderResponse.ListDataOrder[0].HargaAccessories1", o_harga_acc1, CONTINUE_ON_FAILURE): Verify element property value successfully

2022-03-24 12:54:47 - [MESSAGE][PASSED] - Verify element property value successfully

2022-03-24 12:54:47 - [TEST_STEP][PASSED] - verifyElementPropertyValue(order, "GetDataOrderResponse.ListDataOrder[0].HargaAccessories2", o_harga_acc2, CONTINUE_ON_FAILURE): Verify element property value successfully

2022-03-24 12:54:47 - [MESSAGE][PASSED] - Verify element property value successfully

2022-03-24 12:54:47 - [TEST_STEP][PASSED] - verifyElementPropertyValue(order, "GetDataOrderResponse.ListDataOrder[0].HargaAccessories3", o_harga_acc3, CONTINUE_ON_FAILURE): Verify element property value successfully

2022-03-24 12:54:47 - [MESSAGE][PASSED] - Verify element property value successfully

2022-03-24 12:54:47 - [TEST_STEP][PASSED] - verifyElementPropertyValue(order, "GetDataOrderResponse.ListDataOrder[0].HargaAccessories4", o_harga_acc4, CONTINUE_ON_FAILURE): Verify element property value successfully

2022-03-24 12:54:47 - [MESSAGE][PASSED] - Verify element property value successfully

2022-03-24 12:54:47 - [TEST_STEP][PASSED] - verifyElementPropertyValue(order, "GetDataOrderResponse.ListDataOrder[0].HargaAccessories5", o_harga_acc5, CONTINUE_ON_FAILURE): Verify element property value successfully

2022-03-24 12:54:47 - [MESSAGE][PASSED] - Verify element property value successfully

2022-03-24 12:54:47 - [TEST_STEP][FAILED] - verifyElementPropertyValue(order, "GetDataOrderResponse.ListDataOrder[0].OverKredit", o_overkredit, CONTINUE_ON_FAILURE): Expected element property value '1' is not equal with actual property value '0'

2022-03-24 12:54:47 - [MESSAGE][FAILED] - Expected element property value '1' is not equal with actual property value '0'

2022-03-24 12:54:47 - [TEST_STEP][FAILED] - verifyElementPropertyValue(order, "GetDataOrderResponse.ListDataOrder[0].Restructure", o_restructure, CONTINUE_ON_FAILURE): Expected element property value '1' is not equal with actual property value '0'

2022-03-24 12:54:47 - [MESSAGE][FAILED] - Expected element property value '1' is not equal with actual property value '0'

2022-03-24 12:54:47 - [TEST_STEP][PASSED] - verifyElementPropertyValue(order, "GetDataOrderResponse.ListDataOrder[0].NoPolisLama", o_nopol_lama, CONTINUE_ON_FAILURE): Verify element property value successfully

2022-03-24 12:54:47 - [MESSAGE][PASSED] - Verify element property value successfully

2022-03-24 12:54:47 - [TEST_STEP][FAILED] - verifyElementPropertyValue(order, "GetDataOrderResponse.ListDataOrder[0].MailAddress", o_mail_addr, CONTINUE_ON_FAILURE): Expected element property value '1' is not equal with actual property value 'SCRAMBLE'

2022-03-24 12:54:47 - [MESSAGE][FAILED] - Expected element property value '1' is not equal with actual property value 'SCRAMBLE'

2022-03-24 12:54:47 - [TEST_STEP][FAILED] - verifyElementPropertyValue(order, "GetDataOrderResponse.ListDataOrder[0].KabKodya", o_kab_kodya, CONTINUE_ON_FAILURE): Expected element property value '1' is not equal with actual property value 'SCRAMBLE'

2022-03-24 12:54:47 - [MESSAGE][FAILED] - Expected element property value '1' is not equal with actual property value 'SCRAMBLE'

2022-03-24 12:54:47 - [TEST_STEP][FAILED] - verifyElementPropertyValue(order, "GetDataOrderResponse.ListDataOrder[0].PostalCode", o_postal_code, CONTINUE_ON_FAILURE): Expected element property value '1' is not equal with actual property value '12610'

2022-03-24 12:54:47 - [MESSAGE][FAILED] - Expected element property value '1' is not equal with actual property value '12610'

2022-03-24 12:54:47 - [TEST_STEP][PASSED] - verifyElementPropertyValue(order, "GetDataOrderResponse.ListDataOrder[0].PaketMobil", o_packet, CONTINUE_ON_FAILURE): Verify element property value successfully

2022-03-24 12:54:47 - [MESSAGE][PASSED] - Verify element property value successfully

2022-03-24 12:54:47 - [TEST_STEP][PASSED] - verifyElementPropertyValue(order, "GetDataOrderResponse.ListDataOrder[0].CustType", o_cust_type, CONTINUE_ON_FAILURE): Verify element property value successfully

2022-03-24 12:54:47 - [MESSAGE][PASSED] - Verify element property value successfully

2022-03-24 12:54:47 - [TEST_STEP][FAILED] - verifyElementPropertyValue(order, "GetDataOrderResponse.ListDataOrder[0].IdentityNo", o_nik, CONTINUE_ON_FAILURE): Expected element property value '1' is not equal with actual property value '09.5307.120661.7004'

2022-03-24 12:54:47 - [MESSAGE][FAILED] - Expected element property value '1' is not equal with actual property value '09.5307.120661.7004'

2022-03-24 12:54:47 - [TEST_STEP][FAILED] - verifyElementPropertyValue(order, "GetDataOrderResponse.ListDataOrder[0].BirthPlace", o_birth_place, CONTINUE_ON_FAILURE): Expected element property value '1' is not equal with actual property value 'SCRAMBLE'

2022-03-24 12:54:47 - [MESSAGE][FAILED] - Expected element property value '1' is not equal with actual property value 'SCRAMBLE'

2022-03-24 12:54:47 - [TEST_STEP][FAILED] - verifyElementPropertyValue(order, "GetDataOrderResponse.ListDataOrder[0].BirthDate", o_birth_date, CONTINUE_ON_FAILURE): Expected element property value '1' is not equal with actual property value '19610612'

2022-03-24 12:54:47 - [MESSAGE][FAILED] - Expected element property value '1' is not equal with actual property value '19610612'

2022-03-24 12:54:47 - [TEST_STEP][FAILED] - verifyElementPropertyValue(order, "GetDataOrderResponse.ListDataOrder[0].Occupation", o_occp, CONTINUE_ON_FAILURE): Expected element property value 'Wiraswata' is not equal with actual property value 'Wiraswasta'

2022-03-24 12:54:47 - [MESSAGE][FAILED] - Expected element property value 'Wiraswata' is not equal with actual property value 'Wiraswasta'

2022-03-24 12:54:47 - [TEST_STEP][FAILED] - verifyElementPropertyValue(order, "GetDataOrderResponse.ListDataOrder[0].AlamatKTP", o_ktp_addr, CONTINUE_ON_FAILURE): Expected element property value '1' is not equal with actual property value 'SCRAMBLE'

2022-03-24 12:54:47 - [MESSAGE][FAILED] - Expected element property value '1' is not equal with actual property value 'SCRAMBLE'

2022-03-24 12:54:47 - [TEST_STEP][FAILED] - verifyElementPropertyValue(order, "GetDataOrderResponse.ListDataOrder[0].KelurahanKTP", o_ktp_kel, CONTINUE_ON_FAILURE): Expected element property value '1' is not equal with actual property value 'SCRAMBLE'

2022-03-24 12:54:48 - [MESSAGE][FAILED] - Expected element property value '1' is not equal with actual property value 'SCRAMBLE'

2022-03-24 12:54:48 - [TEST_STEP][FAILED] - verifyElementPropertyValue(order, "GetDataOrderResponse.ListDataOrder[0].KecamatanKTP", o_ktp_kec, CONTINUE_ON_FAILURE): Expected element property value '1' is not equal with actual property value 'SCRAMBLE'

2022-03-24 12:54:48 - [MESSAGE][FAILED] - Expected element property value '1' is not equal with actual property value 'SCRAMBLE'

2022-03-24 12:54:48 - [TEST_STEP][FAILED] - verifyElementPropertyValue(order, "GetDataOrderResponse.ListDataOrder[0].KabKodyaKTP", o_ktp_kabkodya, CONTINUE_ON_FAILURE): Expected element property value '1' is not equal with actual property value 'SCRAMBLE'

2022-03-24 12:54:48 - [MESSAGE][FAILED] - Expected element property value '1' is not equal with actual property value 'SCRAMBLE'

2022-03-24 12:54:48 - [TEST_STEP][PASSED] - verifyElementPropertyValue(order, "GetDataOrderResponse.ListDataOrder[0].ProvinsiKTP", o_ktp_prov, CONTINUE_ON_FAILURE): Verify element property value successfully

2022-03-24 12:54:48 - [MESSAGE][PASSED] - Verify element property value successfully

2022-03-24 12:54:48 - [TEST_STEP][FAILED] - verifyElementPropertyValue(order, "GetDataOrderResponse.ListDataOrder[0].PostalCodeKTP", o_ktp_postal_code, CONTINUE_ON_FAILURE): Expected element property value '1' is not equal with actual property value '12610'

2022-03-24 12:54:48 - [MESSAGE][FAILED] - Expected element property value '1' is not equal with actual property value '12610'

2022-03-24 12:54:48 - [TEST_STEP][FAILED] - verifyElementPropertyValue(order, "GetDataOrderResponse.ListDataOrder[0].DealerName", o_ktp_dealer_name, CONTINUE_ON_FAILURE): Expected element property value '1' is not equal with actual property value '21 Auto Cars'

2022-03-24 12:54:48 - [MESSAGE][FAILED] - Expected element property value '1' is not equal with actual property value '21 Auto Cars'

2022-03-24 12:54:48 - [TEST_STEP][FAILED] - switch (tenor): null

2022-03-24 12:54:48 - [TEST_STEP][FAILED] - case "1":: null

2022-03-24 12:54:48 - [TEST_STEP][PASSED] - order2 = sendRequest(findTestObject("3. Get-data-order", ["s_key":global_token, "c_id":c_id, "order_date":order_date, "page":page, "rows":rows])): Send request successfully

2022-03-24 12:54:48 - [MESSAGE][INFO] - HAR: I:\app-testing\app-project\Order car insurance\order-car-insurance\Reports\20220324_124757\Get data order\20220324_124758\requests\main\62.har

2022-03-24 12:54:48 - [MESSAGE][PASSED] - Send request successfully

2022-03-24 12:54:48 - [TEST_STEP][PASSED] - get_order2 = order.getResponseText(): null

2022-03-24 12:54:48 - [TEST_STEP][PASSED] - verifyElementPropertyValue(order, "GetDataOrderResponse.ListDataOrder[0].InsuranceData[0].KondisiPertanggungan", o_kond_pertanggungan_0, CONTINUE_ON_FAILURE): Verify element property value successfully

2022-03-24 12:54:48 - [MESSAGE][PASSED] - Verify element property value successfully

2022-03-24 12:54:48 - [TEST_STEP][PASSED] - verifyElementPropertyValue(order, "GetDataOrderResponse.ListDataOrder[0].InsuranceData[0].TJH", o_tjh_header_0, CONTINUE_ON_FAILURE): Verify element property value successfully

2022-03-24 12:54:48 - [MESSAGE][PASSED] - Verify element property value successfully

2022-03-24 12:54:48 - [TEST_STEP][FAILED] - verifyElementPropertyValue(order, "GetDataOrderResponse.ListDataOrder[0].InsuranceData[0].InsuredValue", o_ins_val_0, CONTINUE_ON_FAILURE): Expected element property value '1' is not equal with actual property value '360000000.00'

2022-03-24 12:54:48 - [MESSAGE][FAILED] - Expected element property value '1' is not equal with actual property value '360000000.00'

2022-03-24 12:54:48 - [TEST_STEP][FAILED] - verifyElementPropertyValue(order, "GetDataOrderResponse.ListDataOrder[0].InsuranceData[0].InsuredFrom", o_ins_form_0, CONTINUE_ON_FAILURE): Expected element property value '1' is not equal with actual property value '2021-12-14T00:00:00'

2022-03-24 12:54:48 - [MESSAGE][FAILED] - Expected element property value '1' is not equal with actual property value '2021-12-14T00:00:00'

2022-03-24 12:54:48 - [TEST_STEP][FAILED] - verifyElementPropertyValue(order, "GetDataOrderResponse.ListDataOrder[0].InsuranceData[0].InsuredTo", o_ins_to_0, CONTINUE_ON_FAILURE): Expected element property value '1' is not equal with actual property value '2022-12-14T00:00:00'

2022-03-24 12:54:48 - [MESSAGE][FAILED] - Expected element property value '1' is not equal with actual property value '2022-12-14T00:00:00'

2022-03-24 12:54:48 - [TEST_STEP][FAILED] - verifyElementPropertyValue(order, "GetDataOrderResponse.ListDataOrder[0].InsuranceData[0].Rate", o_rate_0, CONTINUE_ON_FAILURE): Expected element property value '1' is not equal with actual property value '1.5184'

2022-03-24 12:54:48 - [MESSAGE][FAILED] - Expected element property value '1' is not equal with actual property value '1.5184'

2022-03-24 12:54:48 - [TEST_STEP][FAILED] - verifyElementPropertyValue(order, "GetDataOrderResponse.ListDataOrder[0].InsuranceData[0].GrossPremi", o_gross_premi_0, CONTINUE_ON_FAILURE): Expected element property value '1' is not equal with actual property value '5466240.00'

2022-03-24 12:54:48 - [MESSAGE][FAILED] - Expected element property value '1' is not equal with actual property value '5466240.00'

2022-03-24 12:54:48 - [TEST_STEP][FAILED] - verifyElementPropertyValue(order, "GetDataOrderResponse.ListDataOrder[0].InsuranceData[0].Discount", o_discount_0, CONTINUE_ON_FAILURE): Expected element property value '1' is not equal with actual property value '0.0000'

2022-03-24 12:54:48 - [MESSAGE][FAILED] - Expected element property value '1' is not equal with actual property value '0.0000'

2022-03-24 12:54:48 - [TEST_STEP][FAILED] - verifyElementPropertyValue(order, "GetDataOrderResponse.ListDataOrder[0].InsuranceData[0].Adm", o_adm_0, CONTINUE_ON_FAILURE): Expected element property value '1' is not equal with actual property value '14000.00'

2022-03-24 12:54:49 - [MESSAGE][FAILED] - Expected element property value '1' is not equal with actual property value '14000.00'

2022-03-24 12:54:49 - [TEST_STEP][FAILED] - verifyElementPropertyValue(order, "GetDataOrderResponse.ListDataOrder[0].InsuranceData[0].NetPremi", o_netpremi_0, CONTINUE_ON_FAILURE): Expected element property value '1' is not equal with actual property value '5466240.00'

2022-03-24 12:54:49 - [MESSAGE][FAILED] - Expected element property value '1' is not equal with actual property value '5466240.00'

2022-03-24 12:54:49 - [TEST_STEP][FAILED] - verifyElementPropertyValue(order, "GetDataOrderResponse.ListDataOrder[0].InsuranceData[0].PerluasanJaminan.TJH", o_tjh_val_0, CONTINUE_ON_FAILURE): Expected element property value '1' is not equal with actual property value '0'

2022-03-24 12:54:49 - [MESSAGE][FAILED] - Expected element property value '1' is not equal with actual property value '0'

2022-03-24 12:54:49 - [TEST_STEP][FAILED] - verifyElementPropertyValue(order, "GetDataOrderResponse.ListDataOrder[0].InsuranceData[0].PerluasanJaminan.RSCC", o_rscc_val_0, CONTINUE_ON_FAILURE): Expected element property value '1' is not equal with actual property value '0'

2022-03-24 12:54:49 - [MESSAGE][FAILED] - Expected element property value '1' is not equal with actual property value '0'

2022-03-24 12:54:49 - [TEST_STEP][FAILED] - verifyElementPropertyValue(order, "GetDataOrderResponse.ListDataOrder[0].InsuranceData[0].PerluasanJaminan.Banjir", o_rsmb_val_0, CONTINUE_ON_FAILURE): Expected element property value '1' is not equal with actual property value '0'

2022-03-24 12:54:49 - [MESSAGE][FAILED] - Expected element property value '1' is not equal with actual property value '0'

2022-03-24 12:54:49 - [TEST_STEP][FAILED] - verifyElementPropertyValue(order, "GetDataOrderResponse.ListDataOrder[0].InsuranceData[0].PerluasanJaminan.Accessories", o_acc_val_0, CONTINUE_ON_FAILURE): Expected element property value '1' is not equal with actual property value '0'

2022-03-24 12:54:49 - [MESSAGE][FAILED] - Expected element property value '1' is not equal with actual property value '0'

2022-03-24 12:54:49 - [TEST_STEP][PASSED] - break: null]]></system-out>
         <system-err><![CDATA[2022-03-24 12:54:44 - [TEST_CASE][FAILED] - Test Cases/1. get token - data order: Test Cases/1. get token - data order FAILED.
Reason:
com.kms.katalon.core.exception.StepFailedException: Expected element property value '1' is not equal with actual property value '1154000993'
	at com.kms.katalon.core.keyword.internal.KeywordMain.stepFailed(KeywordMain.groovy:39)
	at com.kms.katalon.core.webservice.keyword.builtin.VerifyElementPropertyValueKeyword$_verifyElementPropertyValue_closure1.doCall(VerifyElementPropertyValueKeyword.groovy:56)
	at com.kms.katalon.core.webservice.keyword.builtin.VerifyElementPropertyValueKeyword$_verifyElementPropertyValue_closure1.call(VerifyElementPropertyValueKeyword.groovy)
	at com.kms.katalon.core.keyword.internal.KeywordMain.runKeyword(KeywordMain.groovy:74)
	at com.kms.katalon.core.webservice.keyword.builtin.VerifyElementPropertyValueKeyword.verifyElementPropertyValue(VerifyElementPropertyValueKeyword.groovy:48)
	at com.kms.katalon.core.webservice.keyword.builtin.VerifyElementPropertyValueKeyword.execute(VerifyElementPropertyValueKeyword.groovy:43)
	at com.kms.katalon.core.keyword.internal.KeywordExecutor.executeKeywordForPlatform(KeywordExecutor.groovy:74)
	at com.kms.katalon.core.webservice.keyword.WSBuiltInKeywords.verifyElementPropertyValue(WSBuiltInKeywords.groovy:175)
	at com.kms.katalon.core.webservice.keyword.WSBuiltInKeywords$verifyElementPropertyValue$0.call(Unknown Source)
	at 1. get token - data order.run(1. get token - data order:54)
	at com.kms.katalon.core.main.ScriptEngine.run(ScriptEngine.java:194)
	at com.kms.katalon.core.main.ScriptEngine.runScriptAsRawText(ScriptEngine.java:119)
	at com.kms.katalon.core.main.TestCaseExecutor.runScript(TestCaseExecutor.java:442)
	at com.kms.katalon.core.main.TestCaseExecutor.doExecute(TestCaseExecutor.java:433)
	at com.kms.katalon.core.main.TestCaseExecutor.processExecutionPhase(TestCaseExecutor.java:412)
	at com.kms.katalon.core.main.TestCaseExecutor.accessMainPhase(TestCaseExecutor.java:404)
	at com.kms.katalon.core.main.TestCaseExecutor.execute(TestCaseExecutor.java:281)
	at com.kms.katalon.core.main.TestSuiteExecutor.accessTestCaseMainPhase(TestSuiteExecutor.java:202)
	at com.kms.katalon.core.main.TestSuiteExecutor.accessTestSuiteMainPhase(TestSuiteExecutor.java:164)
	at com.kms.katalon.core.main.TestSuiteExecutor.execute(TestSuiteExecutor.java:105)
	at com.kms.katalon.core.main.TestCaseMain.startTestSuite(TestCaseMain.java:181)
	at com.kms.katalon.core.main.TestCaseMain$startTestSuite$0.call(Unknown Source)
	at TempTestSuite1648100878643.run(TempTestSuite1648100878643.groovy:36)]]></system-err>
      </testcase>
      <system-out><![CDATA[2022-03-24 12:48:07 - [TEST_SUITE][FAILED] - Get data order: Test Cases/1. get token - data order FAILED.
Reason:
com.kms.katalon.core.exception.StepFailedException: Expected element property value ' ' is not equal with actual property value ''
	at com.kms.katalon.core.keyword.internal.KeywordMain.stepFailed(KeywordMain.groovy:39)
	at com.kms.katalon.core.webservice.keyword.builtin.VerifyElementPropertyValueKeyword$_verifyElementPropertyValue_closure1.doCall(VerifyElementPropertyValueKeyword.groovy:56)
	at com.kms.katalon.core.webservice.keyword.builtin.VerifyElementPropertyValueKeyword$_verifyElementPropertyValue_closure1.call(VerifyElementPropertyValueKeyword.groovy)
	at com.kms.katalon.core.keyword.internal.KeywordMain.runKeyword(KeywordMain.groovy:74)
	at com.kms.katalon.core.webservice.keyword.builtin.VerifyElementPropertyValueKeyword.verifyElementPropertyValue(VerifyElementPropertyValueKeyword.groovy:48)
	at com.kms.katalon.core.webservice.keyword.builtin.VerifyElementPropertyValueKeyword.execute(VerifyElementPropertyValueKeyword.groovy:43)
	at com.kms.katalon.core.keyword.internal.KeywordExecutor.executeKeywordForPlatform(KeywordExecutor.groovy:74)
	at com.kms.katalon.core.webservice.keyword.WSBuiltInKeywords.verifyElementPropertyValue(WSBuiltInKeywords.groovy:175)
	at com.kms.katalon.core.webservice.keyword.WSBuiltInKeywords$verifyElementPropertyValue$0.call(Unknown Source)
	at 1. get token - data order.run(1. get token - data order:298)
	at com.kms.katalon.core.main.ScriptEngine.run(ScriptEngine.java:194)
	at com.kms.katalon.core.main.ScriptEngine.runScriptAsRawText(ScriptEngine.java:119)
	at com.kms.katalon.core.main.TestCaseExecutor.runScript(TestCaseExecutor.java:442)
	at com.kms.katalon.core.main.TestCaseExecutor.doExecute(TestCaseExecutor.java:433)
	at com.kms.katalon.core.main.TestCaseExecutor.processExecutionPhase(TestCaseExecutor.java:412)
	at com.kms.katalon.core.main.TestCaseExecutor.accessMainPhase(TestCaseExecutor.java:404)
	at com.kms.katalon.core.main.TestCaseExecutor.execute(TestCaseExecutor.java:281)
	at com.kms.katalon.core.main.TestSuiteExecutor.accessTestCaseMainPhase(TestSuiteExecutor.java:202)
	at com.kms.katalon.core.main.TestSuiteExecutor.accessTestSuiteMainPhase(TestSuiteExecutor.java:164)
	at com.kms.katalon.core.main.TestSuiteExecutor.execute(TestSuiteExecutor.java:105)
	at com.kms.katalon.core.main.TestCaseMain.startTestSuite(TestCaseMain.java:181)
	at com.kms.katalon.core.main.TestCaseMain$startTestSuite$0.call(Unknown Source)
	at TempTestSuite1648100878643.run(TempTestSuite1648100878643.groovy:36)]]></system-out>
      <system-err><![CDATA[2022-03-24 12:48:07 - [TEST_SUITE][FAILED] - Get data order: Test Cases/1. get token - data order FAILED.
Reason:
com.kms.katalon.core.exception.StepFailedException: Expected element property value ' ' is not equal with actual property value ''
	at com.kms.katalon.core.keyword.internal.KeywordMain.stepFailed(KeywordMain.groovy:39)
	at com.kms.katalon.core.webservice.keyword.builtin.VerifyElementPropertyValueKeyword$_verifyElementPropertyValue_closure1.doCall(VerifyElementPropertyValueKeyword.groovy:56)
	at com.kms.katalon.core.webservice.keyword.builtin.VerifyElementPropertyValueKeyword$_verifyElementPropertyValue_closure1.call(VerifyElementPropertyValueKeyword.groovy)
	at com.kms.katalon.core.keyword.internal.KeywordMain.runKeyword(KeywordMain.groovy:74)
	at com.kms.katalon.core.webservice.keyword.builtin.VerifyElementPropertyValueKeyword.verifyElementPropertyValue(VerifyElementPropertyValueKeyword.groovy:48)
	at com.kms.katalon.core.webservice.keyword.builtin.VerifyElementPropertyValueKeyword.execute(VerifyElementPropertyValueKeyword.groovy:43)
	at com.kms.katalon.core.keyword.internal.KeywordExecutor.executeKeywordForPlatform(KeywordExecutor.groovy:74)
	at com.kms.katalon.core.webservice.keyword.WSBuiltInKeywords.verifyElementPropertyValue(WSBuiltInKeywords.groovy:175)
	at com.kms.katalon.core.webservice.keyword.WSBuiltInKeywords$verifyElementPropertyValue$0.call(Unknown Source)
	at 1. get token - data order.run(1. get token - data order:298)
	at com.kms.katalon.core.main.ScriptEngine.run(ScriptEngine.java:194)
	at com.kms.katalon.core.main.ScriptEngine.runScriptAsRawText(ScriptEngine.java:119)
	at com.kms.katalon.core.main.TestCaseExecutor.runScript(TestCaseExecutor.java:442)
	at com.kms.katalon.core.main.TestCaseExecutor.doExecute(TestCaseExecutor.java:433)
	at com.kms.katalon.core.main.TestCaseExecutor.processExecutionPhase(TestCaseExecutor.java:412)
	at com.kms.katalon.core.main.TestCaseExecutor.accessMainPhase(TestCaseExecutor.java:404)
	at com.kms.katalon.core.main.TestCaseExecutor.execute(TestCaseExecutor.java:281)
	at com.kms.katalon.core.main.TestSuiteExecutor.accessTestCaseMainPhase(TestSuiteExecutor.java:202)
	at com.kms.katalon.core.main.TestSuiteExecutor.accessTestSuiteMainPhase(TestSuiteExecutor.java:164)
	at com.kms.katalon.core.main.TestSuiteExecutor.execute(TestSuiteExecutor.java:105)
	at com.kms.katalon.core.main.TestCaseMain.startTestSuite(TestCaseMain.java:181)
	at com.kms.katalon.core.main.TestCaseMain$startTestSuite$0.call(Unknown Source)
	at TempTestSuite1648100878643.run(TempTestSuite1648100878643.groovy:36)]]></system-err>
   </testsuite>
</testsuites>
