<?xml version="1.0" encoding="UTF-8"?>
<testsuites name="api order insurance" time="47.012" tests="2" failures="0" errors="0">
   <testsuite name="1. Get data order" tests="1" failures="0" errors="0" time="5.897" skipped="0" timestamp="2022-03-24 14:10:17" hostname="Flavalize - DESKTOP-3CQ5RDT" id="Test Suites/1. Get data order">
      <properties>
         <property name="deviceName" value=""/>
         <property name="devicePlatform" value=""/>
         <property name="logFolder" value="I:\\app-testing\\app-project\\Order car insurance\\order-car-insurance\\Reports\\20220324_141006\\1. Get data order\\20220324_141007"/>
         <property name="logFiles" value="I:\\app-testing\\app-project\\Order car insurance\\order-car-insurance\\Reports\\20220324_141006\\1. Get data order\\20220324_141007\\execution0.log"/>
         <property name="attachments" value=""/>
         <property name="hostName" value="Flavalize - DESKTOP-3CQ5RDT"/>
         <property name="hostAddress" value="192.168.1.4"/>
         <property name="os" value="Windows 10 64bit"/>
         <property name="katalonVersion" value="8.2.0.208"/>
      </properties>
      <testcase name="Test Cases/1. get token - get data order" time="5.649" classname="Test Cases/1. get token - get data order" status="PASSED">
         <system-out><![CDATA[2022-03-24 14:10:17 - [TEST_CASE][PASSED] - Test Cases/1. get token - get data order: Test Cases/1. get token - get data order

2022-03-24 14:10:18 - [TEST_STEP][PASSED] - token = sendRequest(findTestObject("1. Get-Token")): Send request successfully

2022-03-24 14:10:19 - [MESSAGE][INFO] - HAR: I:\app-testing\app-project\Order car insurance\order-car-insurance\Reports\20220324_141006\1. Get data order\20220324_141007\requests\main\0.har

2022-03-24 14:10:19 - [MESSAGE][PASSED] - Send request successfully

2022-03-24 14:10:19 - [TEST_STEP][PASSED] - slurper = new groovy.json.JsonSlurper(): null

2022-03-24 14:10:19 - [TEST_STEP][PASSED] - get_token = slurper.parseText(token.getResponseBodyContent()): null

2022-03-24 14:10:19 - [TEST_STEP][PASSED] - private_token = access_token: null

2022-03-24 14:10:19 - [TEST_STEP][PASSED] - global_token = private_token: null

2022-03-24 14:10:19 - [TEST_STEP][PASSED] - println("token is :" + global_token): null

2022-03-24 14:10:19 - [TEST_STEP][PASSED] - response_token = token.getResponseText(): null

2022-03-24 14:10:19 - [TEST_STEP][PASSED] - logInfo($response_token): 
            {
                "token_type": "BearerToken",
                "access_token": "XZGmjTZYrGJU1tnW7SC3Vyx8YDQX",
                "expires_in": "1799",
                "scope": ""
            }
        

2022-03-24 14:10:19 - [MESSAGE][INFO] - 
            {
                "token_type": "BearerToken",
                "access_token": "XZGmjTZYrGJU1tnW7SC3Vyx8YDQX",
                "expires_in": "1799",
                "scope": ""
            }
        

2022-03-24 14:10:19 - [TEST_STEP][PASSED] - order = sendRequest(findTestObject("3. Get-data-order", ["s_key":global_token, "c_id":c_id, "order_date":order_date, "page":page, "rows":rows])): Send request successfully

2022-03-24 14:10:23 - [MESSAGE][INFO] - HAR: I:\app-testing\app-project\Order car insurance\order-car-insurance\Reports\20220324_141006\1. Get data order\20220324_141007\requests\main\1.har

2022-03-24 14:10:23 - [MESSAGE][PASSED] - Send request successfully

2022-03-24 14:10:23 - [TEST_STEP][PASSED] - get_order = order.getResponseText(): null

2022-03-24 14:10:23 - [TEST_STEP][PASSED] - logInfo($get_order): {"ResponseHeader":{"ErrorCode":"00","ErrorMessage":"Success","CurrentPage":"1","TotalPage":"17","TotalData":"322"},"GetDataOrderResponse":{"ListDataOrder":[{"TipeOrder":"A","BatchID":"A_BCAFNEWTRKSBatch20211215001","NoRek":"1154000993","NoPin":"001","CustName":"SCRAMBLE","Pemohon":"PT BCAF","HargaPembelian":"360000000.00","Cabang":"1154","MerkID":"TYT","TypeMobil":"INNOVA VENTURER 2.0 AT","JenisMobil":"1","TahunMobil":"2017","Warna":"PUTIH","NoRangka":"MHFAW8EM4H0206354","NoMesin":"1TRA295932","NoPolisi":"B 2726 BOM","Amount2":"","NamaBPKB":"PT AUTORENT LANCAR S","KategoriMobil":"14","Text2":"","PenggunaanKendaraan":"Personal","Kondisi":"2","LastUser":"","Accessories1":"","Accessories2":"","Accessories3":"","Accessories4":"","Accessories5":"","HargaAccessories1":"0.00","HargaAccessories2":"0.00","HargaAccessories3":"0.00","HargaAccessories4":"0.00","HargaAccessories5":"0.00","OverKredit":"0","Restructure":"0","NoPolisLama":"","MailAddress":"SCRAMBLE","KabKodya":"SCRAMBLE","PostalCode":"12610","PaketMobil":"","CustType":"I","IdentityNo":"09.5307.120661.7004","BirthPlace":"SCRAMBLE","BirthDate":"19610612","Occupation":"Wiraswasta","AlamatKTP":"SCRAMBLE","KelurahanKTP":"SCRAMBLE","KecamatanKTP":"SCRAMBLE","KabKodyaKTP":"SCRAMBLE","ProvinsiKTP":"SCRAMBLE","PostalCodeKTP":"12610","DealerName":"21 Auto Cars","PacketID":"CS20180084","InsuranceData":[{"KondisiPertanggungan":"","TJH":"","InsuredValue":"360000000.00","InsuredFrom":"2021-12-14T00:00:00","InsuredTo":"2022-12-14T00:00:00","Rate":"1.5184","GrossPremi":"5466240.00","Discount":"0.0000","Adm":"14000.00","NetPremi":"5466240.00","Amount2":"","Text2":"","PerluasanJaminan":{"TJH":"0","RSCC":"0","Banjir":"0","Accessories":"0"}},{"KondisiPertanggungan":"","TJH":"","InsuredValue":"360000000.00","InsuredFrom":"2022-12-14T00:00:00","InsuredTo":"2023-12-14T00:00:00","Rate":"0.2774","GrossPremi":"998640.00","Discount":"0.0000","Adm":"0.00","NetPremi":"998640.00","Amount2":"","Text2":"","PerluasanJaminan":{"TJH":"0","RSCC":"0","Banjir":"0","Accessories":"0"}},{"KondisiPertanggungan":"","TJH":"","InsuredValue":"360000000.00","InsuredFrom":"2023-12-14T00:00:00","InsuredTo":"2024-12-14T00:00:00","Rate":"0.2774","GrossPremi":"998640.00","Discount":"0.0000","Adm":"0.00","NetPremi":"998640.00","Amount2":"","Text2":"","PerluasanJaminan":{"TJH":"0","RSCC":"0","Banjir":"0","Accessories":"0"}}]},{"TipeOrder":"A","BatchID":"A_BCAFNEWTRKSBatch20211215001","NoRek":"1154000995","NoPin":"001","CustName":"SCRAMBLE","Pemohon":"PT BCAF","HargaPembelian":"135000000.00","Cabang":"1154","MerkID":"SUZ","TypeMobil":"AVI414F TYPE 2 4X2 AT","JenisMobil":"1","TahunMobil":"2017","Warna":"ABU ABU METALIK","NoRangka":"MHYKZE81SHJ321633","NoMesin":"K14BT1258300","NoPolisi":"B 2380 SZH","Amount2":"","NamaBPKB":"PT SAKURA ANUGRAH PRATAMA","KategoriMobil":"13","Text2":"","PenggunaanKendaraan":"Personal","Kondisi":"2","LastUser":"","Accessories1":"","Accessories2":"","Accessories3":"","Accessories4":"","Accessories5":"","HargaAccessories1":"0.00","HargaAccessories2":"0.00","HargaAccessories3":"0.00","HargaAccessories4":"0.00","HargaAccessories5":"0.00","OverKredit":"0","Restructure":"0","NoPolisLama":"","MailAddress":"SCRAMBLE","KabKodya":"SCRAMBLE","PostalCode":"15114","PaketMobil":"","CustType":"I","IdentityNo":"SCRAMBLE","BirthPlace":"SCRAMBLE","BirthDate":"20220212","Occupation":"Karyawan","AlamatKTP":"SCRAMBLE","KelurahanKTP":"SCRAMBLE","KecamatanKTP":"SCRAMBLE","KabKodyaKTP":"SCRAMBLE","ProvinsiKTP":"SCRAMBLE","PostalCodeKTP":"15114","DealerName":"F Mobil","PacketID":"CS20180084","InsuranceData":[{"KondisiPertanggungan":"","TJH":"","InsuredValue":"135000000.00","InsuredFrom":"2021-12-14T00:00:00","InsuredTo":"2022-12-14T00:00:00","Rate":"0.3212","GrossPremi":"433620.00","Discount":"0.0000","Adm":"14000.00","NetPremi":"433620.00","Amount2":"","Text2":"","PerluasanJaminan":{"TJH":"0","RSCC":"0","Banjir":"0","Accessories":"0"}},{"KondisiPertanggungan":"","TJH":"","InsuredValue":"135000000.00","InsuredFrom":"2022-12-14T00:00:00","InsuredTo":"2023-12-14T00:00:00","Rate":"0.3212","GrossPremi":"433620.00","Discount":"0.0000","Adm":"0.00","NetPremi":"433620.00","Amount2":"","Text2":"","PerluasanJaminan":{"TJH":"0","RSCC":"0","Banjir":"0","Accessories":"0"}},{"KondisiPertanggungan":"","TJH":"","InsuredValue":"135000000.00","InsuredFrom":"2023-12-14T00:00:00","InsuredTo":"2024-12-14T00:00:00","Rate":"0.3212","GrossPremi":"433620.00","Discount":"0.0000","Adm":"0.00","NetPremi":"433620.00","Amount2":"","Text2":"","PerluasanJaminan":{"TJH":"0","RSCC":"0","Banjir":"0","Accessories":"0"}},{"KondisiPertanggungan":"","TJH":"","InsuredValue":"135000000.00","InsuredFrom":"2024-12-14T00:00:00","InsuredTo":"2025-12-14T00:00:00","Rate":"0.3212","GrossPremi":"433620.00","Discount":"0.0000","Adm":"0.00","NetPremi":"433620.00","Amount2":"","Text2":"","PerluasanJaminan":{"TJH":"0","RSCC":"0","Banjir":"0","Accessories":"0"}}]},{"TipeOrder":"A","BatchID":"A_BCAFNEWTRKSBatch20211215001","NoRek":"1163001384","NoPin":"001","CustName":"SCRAMBLE","Pemohon":"PT BCAF QQ BCA","HargaPembelian":"101200000.00","Cabang":"1163","MerkID":"NIS","TypeMobil":"EVALIA 1.5 4X2 M\/T","JenisMobil":"1","TahunMobil":"2013","Warna":"PUTIH","NoRangka":"MHBK1CG1FDJ011469","NoMesin":"HR15981163B","NoPolisi":"B 1265 NYR","Amount2":"","NamaBPKB":"YEVI FACHREVI","KategoriMobil":"3 ","Text2":"","PenggunaanKendaraan":"Personal","Kondisi":"2","LastUser":"","Accessories1":"","Accessories2":"","Accessories3":"","Accessories4":"","Accessories5":"","HargaAccessories1":"0.00","HargaAccessories2":"0.00","HargaAccessories3":"0.00","HargaAccessories4":"0.00","HargaAccessories5":"0.00","OverKredit":"0","Restructure":"0","NoPolisLama":"","MailAddress":"SCRAMBLE","KabKodya":"SCRAMBLE","PostalCode":"17116","PaketMobil":"","CustType":"I","IdentityNo":"SCRAMBLE","BirthPlace":"SCRAMBLE","BirthDate":"20220212","Occupation":"Wiraswasta","AlamatKTP":"SCRAMBLE","KelurahanKTP":"SCRAMBLE","KecamatanKTP":"SCRAMBLE","KabKodyaKTP":"SCRAMBLE","ProvinsiKTP":"SCRAMBLE","PostalCodeKTP":"17116","DealerName":"Benefit Motor","PacketID":"000","InsuranceData":[{"KondisiPertanggungan":"","TJH":"","InsuredValue":"101200000.00","InsuredFrom":"2021-12-14T00:00:00","InsuredTo":"2022-12-14T00:00:00","Rate":"0.4745","GrossPremi":"480194.00","Discount":"0.0000","Adm":"14000.00","NetPremi":"480194.00","Amount2":"","Text2":"","PerluasanJaminan":{"TJH":"0","RSCC":"0","Banjir":"0","Accessories":"0"}},{"KondisiPertanggungan":"","TJH":"","InsuredValue":"101200000.00","InsuredFrom":"2022-12-14T00:00:00","InsuredTo":"2023-12-14T00:00:00","Rate":"0.4745","GrossPremi":"480194.00","Discount":"0.0000","Adm":"0.00","NetPremi":"480194.00","Amount2":"","Text2":"","PerluasanJaminan":{"TJH":"0","RSCC":"0","Banjir":"0","Accessories":"0"}},{"KondisiPertanggungan":"","TJH":"","InsuredValue":"101200000.00","InsuredFrom":"2023-12-14T00:00:00","InsuredTo":"2024-12-14T00:00:00","Rate":"0.4745","GrossPremi":"480194.00","Discount":"0.0000","Adm":"0.00","NetPremi":"480194.00","Amount2":"","Text2":"","PerluasanJaminan":{"TJH":"0","RSCC":"0","Banjir":"0","Accessories":"0"}},{"KondisiPertanggungan":"","TJH":"","InsuredValue":"101200000.00","InsuredFrom":"2024-12-14T00:00:00","InsuredTo":"2025-12-14T00:00:00","Rate":"0.4745","GrossPremi":"480194.00","Discount":"0.0000","Adm":"0.00","NetPremi":"480194.00","Amount2":"","Text2":"","PerluasanJaminan":{"TJH":"0","RSCC":"0","Banjir":"0","Accessories":"0"}}]},{"TipeOrder":"A","BatchID":"A_BCAFNEWTRKSBatch20211215001","NoRek":"1230006989","NoPin":"001","CustName":"SCRAMBLE","Pemohon":"PT BCAF QQ BCA","HargaPembelian":"176600000.00","Cabang":"1230","MerkID":"HON","TypeMobil":"ALL NEW BRIO SATYA E CVT 1.2","JenisMobil":"1","TahunMobil":"2021","Warna":"RALLYE RED","NoRangka":"MHRDD1850MJ113984","NoMesin":"L12B34339427","NoPolisi":"","Amount2":"","NamaBPKB":"MUKINAH","KategoriMobil":"1 ","Text2":"","PenggunaanKendaraan":"Personal","Kondisi":"1","LastUser":"","Accessories1":"","Accessories2":"","Accessories3":"","Accessories4":"","Accessories5":"","HargaAccessories1":"0.00","HargaAccessories2":"0.00","HargaAccessories3":"0.00","HargaAccessories4":"0.00","HargaAccessories5":"0.00","OverKredit":"0","Restructure":"0","NoPolisLama":"","MailAddress":"SCRAMBLE","KabKodya":"SCRAMBLE","PostalCode":"59163","PaketMobil":"","CustType":"I","IdentityNo":"SCRAMBLE","BirthPlace":"SCRAMBLE","BirthDate":"20220212","Occupation":"Professional","AlamatKTP":"SCRAMBLE","KelurahanKTP":"SCRAMBLE","KecamatanKTP":"SCRAMBLE","KabKodyaKTP":"SCRAMBLE","ProvinsiKTP":"SCRAMBLE","PostalCodeKTP":"59163","DealerName":"Kudus Jaya Motor, PT","PacketID":"MINIMAX015","InsuranceData":[{"KondisiPertanggungan":"","TJH":"","InsuredValue":"176600000.00","InsuredFrom":"2021-12-14T00:00:00","InsuredTo":"2022-12-14T00:00:00","Rate":"1.9637","GrossPremi":"3467894.00","Discount":"0.0000","Adm":"14000.00","NetPremi":"3467894.00","Amount2":"","Text2":"","PerluasanJaminan":{"TJH":"0","RSCC":"0","Banjir":"0","Accessories":"0"}},{"KondisiPertanggungan":"","TJH":"","InsuredValue":"176600000.00","InsuredFrom":"2022-12-14T00:00:00","InsuredTo":"2023-12-14T00:00:00","Rate":"0.3212","GrossPremi":"567239.00","Discount":"0.0000","Adm":"0.00","NetPremi":"567239.00","Amount2":"","Text2":"","PerluasanJaminan":{"TJH":"0","RSCC":"0","Banjir":"0","Accessories":"0"}},{"KondisiPertanggungan":"","TJH":"","InsuredValue":"176600000.00","InsuredFrom":"2023-12-14T00:00:00","InsuredTo":"2024-12-14T00:00:00","Rate":"0.3212","GrossPremi":"567239.00","Discount":"0.0000","Adm":"0.00","NetPremi":"567239.00","Amount2":"","Text2":"","PerluasanJaminan":{"TJH":"0","RSCC":"0","Banjir":"0","Accessories":"0"}},{"KondisiPertanggungan":"","TJH":"","InsuredValue":"176600000.00","InsuredFrom":"2024-12-14T00:00:00","InsuredTo":"2025-12-14T00:00:00","Rate":"0.3212","GrossPremi":"567239.00","Discount":"0.0000","Adm":"0.00","NetPremi":"567239.00","Amount2":"","Text2":"","PerluasanJaminan":{"TJH":"0","RSCC":"0","Banjir":"0","Accessories":"0"}}]},{"TipeOrder":"A","BatchID":"A_BCAFNEWTRKSBatch20211215001","NoRek":"1333001485","NoPin":"001","CustName":"SCRAMBLE","Pemohon":"PT BCAF QQ BCA","HargaPembelian":"206350000.00","Cabang":"1333","MerkID":"HON","TypeMobil":"BRIO RS 1.2 CVT CKD","JenisMobil":"1","TahunMobil":"2021","Warna":"TAFFETA WHITE","NoRangka":"MHRDD1890MJ110078","NoMesin":"L12B34340674","NoPolisi":"","Amount2":"","NamaBPKB":"PRIMA DEWI KUMALASARI","KategoriMobil":"3 ","Text2":"","PenggunaanKendaraan":"Personal","Kondisi":"1","LastUser":"","Accessories1":"","Accessories2":"","Accessories3":"","Accessories4":"","Accessories5":"","HargaAccessories1":"0.00","HargaAccessories2":"0.00","HargaAccessories3":"0.00","HargaAccessories4":"0.00","HargaAccessories5":"0.00","OverKredit":"0","Restructure":"0","NoPolisLama":"","MailAddress":"SCRAMBLE","KabKodya":"SCRAMBLE","PostalCode":"63312","PaketMobil":"","CustType":"I","IdentityNo":"SCRAMBLE","BirthPlace":"SCRAMBLE","BirthDate":"20220212","Occupation":"Karyawan","AlamatKTP":"SCRAMBLE","KelurahanKTP":"SCRAMBLE","KecamatanKTP":"SCRAMBLE","KabKodyaKTP":"SCRAMBLE","ProvinsiKTP":"SCRAMBLE","PostalCodeKTP":"63312","DealerName":"Surya Anugrah Gempita, PT","PacketID":"FIXCAP0648","InsuranceData":[{"KondisiPertanggungan":"","TJH":"","InsuredValue":"206350000.00","InsuredFrom":"2021-12-14T00:00:00","InsuredTo":"2022-12-14T00:00:00","Rate":"1.3067","GrossPremi":"2696375.00","Discount":"0.0000","Adm":"14000.00","NetPremi":"2696375.00","Amount2":"","Text2":"","PerluasanJaminan":{"TJH":"0","RSCC":"0","Banjir":"0","Accessories":"0"}},{"KondisiPertanggungan":"","TJH":"","InsuredValue":"206350000.00","InsuredFrom":"2022-12-14T00:00:00","InsuredTo":"2023-12-14T00:00:00","Rate":"0.2117","GrossPremi":"436843.00","Discount":"0.0000","Adm":"0.00","NetPremi":"436843.00","Amount2":"","Text2":"","PerluasanJaminan":{"TJH":"0","RSCC":"0","Banjir":"0","Accessories":"0"}},{"KondisiPertanggungan":"","TJH":"","InsuredValue":"206350000.00","InsuredFrom":"2023-12-14T00:00:00","InsuredTo":"2024-12-14T00:00:00","Rate":"0.2117","GrossPremi":"436843.00","Discount":"0.0000","Adm":"0.00","NetPremi":"436843.00","Amount2":"","Text2":"","PerluasanJaminan":{"TJH":"0","RSCC":"0","Banjir":"0","Accessories":"0"}},{"KondisiPertanggungan":"","TJH":"","InsuredValue":"206350000.00","InsuredFrom":"2024-12-14T00:00:00","InsuredTo":"2025-12-14T00:00:00","Rate":"0.2117","GrossPremi":"436843.00","Discount":"0.0000","Adm":"0.00","NetPremi":"436843.00","Amount2":"","Text2":"","PerluasanJaminan":{"TJH":"0","RSCC":"0","Banjir":"0","Accessories":"0"}},{"KondisiPertanggungan":"","TJH":"","InsuredValue":"206350000.00","InsuredFrom":"2025-12-14T00:00:00","InsuredTo":"2026-12-14T00:00:00","Rate":"0.2117","GrossPremi":"436843.00","Discount":"0.0000","Adm":"0.00","NetPremi":"436843.00","Amount2":"","Text2":"","PerluasanJaminan":{"TJH":"0","RSCC":"0","Banjir":"0","Accessories":"0"}}]},{"TipeOrder":"A","BatchID":"A_BCAFNEWTRKSBatch20211215001","NoRek":"9400010429","NoPin":"001","CustName":"SCRAMBLE","Pemohon":"PT BCAF","HargaPembelian":"233100000.00","Cabang":"9400","MerkID":"TYT","TypeMobil":"RAIZE 1.0 T G CVT","JenisMobil":"1","TahunMobil":"2021","Warna":"DARK GREY MICA MET","NoRangka":"MHKAA1BA4MJ025633","NoMesin":"1KRA647002","NoPolisi":"","Amount2":"","NamaBPKB":"VEGA TRIRIZKA","KategoriMobil":"14","Text2":"","PenggunaanKendaraan":"Personal","Kondisi":"1","LastUser":"","Accessories1":"","Accessories2":"","Accessories3":"","Accessories4":"","Accessories5":"","HargaAccessories1":"0.00","HargaAccessories2":"0.00","HargaAccessories3":"0.00","HargaAccessories4":"0.00","HargaAccessories5":"0.00","OverKredit":"0","Restructure":"0","NoPolisLama":"","MailAddress":"SCRAMBLE","KabKodya":"SCRAMBLE","PostalCode":"14240","PaketMobil":"","CustType":"I","IdentityNo":"SCRAMBLE","BirthPlace":"SCRAMBLE","BirthDate":"20220212","Occupation":"Karyawan","AlamatKTP":"SCRAMBLE","KelurahanKTP":"SCRAMBLE","KecamatanKTP":"SCRAMBLE","KabKodyaKTP":"SCRAMBLE","ProvinsiKTP":"SCRAMBLE","PostalCodeKTP":"14240","DealerName":"Astrido Jaya Mobilindo - Yos Sudarso","PacketID":"000","InsuranceData":[{"KondisiPertanggungan":"","TJH":"","InsuredValue":"233100000.00","InsuredFrom":"2021-12-14T00:00:00","InsuredTo":"2022-12-14T00:00:00","Rate":"1.5184","GrossPremi":"3539390.00","Discount":"0.0000","Adm":"14000.00","NetPremi":"3539390.00","Amount2":"","Text2":"","PerluasanJaminan":{"TJH":"0","RSCC":"0","Banjir":"0","Accessories":"0"}},{"KondisiPertanggungan":"","TJH":"","InsuredValue":"233100000.00","InsuredFrom":"2022-12-14T00:00:00","InsuredTo":"2023-12-14T00:00:00","Rate":"0.2774","GrossPremi":"646619.00","Discount":"0.0000","Adm":"0.00","NetPremi":"646619.00","Amount2":"","Text2":"","PerluasanJaminan":{"TJH":"0","RSCC":"0","Banjir":"0","Accessories":"0"}},{"KondisiPertanggungan":"","TJH":"","InsuredValue":"233100000.00","InsuredFrom":"2023-12-14T00:00:00","InsuredTo":"2024-12-14T00:00:00","Rate":"0.2774","GrossPremi":"646619.00","Discount":"0.0000","Adm":"0.00","NetPremi":"646619.00","Amount2":"","Text2":"","PerluasanJaminan":{"TJH":"0","RSCC":"0","Banjir":"0","Accessories":"0"}}]},{"TipeOrder":"A","BatchID":"A_BCAFNEWTRKSBatch20211215001","NoRek":"9400061664","NoPin":"003","CustName":"SCRAMBLE","Pemohon":"PT BCAF","HargaPembelian":"241400000.00","Cabang":"9400","MerkID":"TYT","TypeMobil":"AVANZA 1.5 G CVT","JenisMobil":"1","TahunMobil":"2021","Warna":"SILVER METALLIC","NoRangka":"MHKAB1BY4MK003961","NoMesin":"2NRG735397","NoPolisi":"","Amount2":"","NamaBPKB":"TOPAN PAMUNGKAS","KategoriMobil":"13","Text2":"","PenggunaanKendaraan":"Personal","Kondisi":"1","LastUser":"","Accessories1":"","Accessories2":"","Accessories3":"","Accessories4":"","Accessories5":"","HargaAccessories1":"0.00","HargaAccessories2":"0.00","HargaAccessories3":"0.00","HargaAccessories4":"0.00","HargaAccessories5":"0.00","OverKredit":"0","Restructure":"0","NoPolisLama":"","MailAddress":"SCRAMBLE","KabKodya":"SCRAMBLE","PostalCode":"14130","PaketMobil":"","CustType":"I","IdentityNo":"3172043008910007","BirthPlace":"SCRAMBLE","BirthDate":"19910830","Occupation":"Karyawan","AlamatKTP":"SCRAMBLE","KelurahanKTP":"SCRAMBLE","KecamatanKTP":"SCRAMBLE","KabKodyaKTP":"SCRAMBLE","ProvinsiKTP":"SCRAMBLE","PostalCodeKTP":"14130","DealerName":"Astrido Jaya Mobilindo - Yos Sudarso","PacketID":"000","InsuranceData":[{"KondisiPertanggungan":"","TJH":"","InsuredValue":"241400000.00","InsuredFrom":"2023-12-14T00:00:00","InsuredTo":"2024-12-14T00:00:00","Rate":"1.5184","GrossPremi":"3665418.00","Discount":"0.0000","Adm":"0.00","NetPremi":"3665418.00","Amount2":"","Text2":"","PerluasanJaminan":{"TJH":"0","RSCC":"0","Banjir":"0","Accessories":"0"}},{"KondisiPertanggungan":"","TJH":"","InsuredValue":"241400000.00","InsuredFrom":"2024-12-14T00:00:00","InsuredTo":"2025-12-14T00:00:00","Rate":"1.5184","GrossPremi":"3665418.00","Discount":"0.0000","Adm":"0.00","NetPremi":"3665418.00","Amount2":"","Text2":"","PerluasanJaminan":{"TJH":"0","RSCC":"0","Banjir":"0","Accessories":"0"}},{"KondisiPertanggungan":"","TJH":"","InsuredValue":"241400000.00","InsuredFrom":"2021-12-14T00:00:00","InsuredTo":"2022-12-14T00:00:00","Rate":"1.5184","GrossPremi":"3665418.00","Discount":"0.0000","Adm":"14000.00","NetPremi":"3665418.00","Amount2":"","Text2":"","PerluasanJaminan":{"TJH":"0","RSCC":"0","Banjir":"0","Accessories":"0"}},{"KondisiPertanggungan":"","TJH":"","InsuredValue":"241400000.00","InsuredFrom":"2022-12-14T00:00:00","InsuredTo":"2023-12-14T00:00:00","Rate":"1.5184","GrossPremi":"3665418.00","Discount":"0.0000","Adm":"0.00","NetPremi":"3665418.00","Amount2":"","Text2":"","PerluasanJaminan":{"TJH":"0","RSCC":"0","Banjir":"0","Accessories":"0"}}]},{"TipeOrder":"A","BatchID":"A_BCAFNEWTRKSBatch20211215001","NoRek":"9430010695","NoPin":"001","CustName":"SCRAMBLE","Pemohon":"PT BCAF","HargaPembelian":"272100000.00","Cabang":"9430","MerkID":"TYT","TypeMobil":"VELOZ 1.5 Q CVT","JenisMobil":"1","TahunMobil":"2021","Warna":"PLATINUM WHITE PEARL","NoRangka":"MHFAB1BYXM0003652","NoMesin":"2NRX780646","NoPolisi":"","Amount2":"","NamaBPKB":"ANTON","KategoriMobil":"13","Text2":"","PenggunaanKendaraan":"Personal","Kondisi":"1","LastUser":"","Accessories1":"","Accessories2":"","Accessories3":"","Accessories4":"","Accessories5":"","HargaAccessories1":"0.00","HargaAccessories2":"0.00","HargaAccessories3":"0.00","HargaAccessories4":"0.00","HargaAccessories5":"0.00","OverKredit":"0","Restructure":"0","NoPolisLama":"","MailAddress":"SCRAMBLE","KabKodya":"SCRAMBLE","PostalCode":"15334","PaketMobil":"","CustType":"I","IdentityNo":"SCRAMBLE","BirthPlace":"SCRAMBLE","BirthDate":"20220212","Occupation":"Wiraswasta","AlamatKTP":"SCRAMBLE","KelurahanKTP":"SCRAMBLE","KecamatanKTP":"SCRAMBLE","KabKodyaKTP":"SCRAMBLE","ProvinsiKTP":"SCRAMBLE","PostalCodeKTP":"15334","DealerName":"Astrido Toyota Pondok Indah","PacketID":"000","InsuranceData":[{"KondisiPertanggungan":"","TJH":"","InsuredValue":"272100000.00","InsuredFrom":"2021-12-14T00:00:00","InsuredTo":"2022-12-14T00:00:00","Rate":"1.5184","GrossPremi":"4131566.00","Discount":"0.0000","Adm":"14000.00","NetPremi":"4131566.00","Amount2":"","Text2":"","PerluasanJaminan":{"TJH":"0","RSCC":"0","Banjir":"0","Accessories":"0"}},{"KondisiPertanggungan":"","TJH":"","InsuredValue":"272100000.00","InsuredFrom":"2022-12-14T00:00:00","InsuredTo":"2023-12-14T00:00:00","Rate":"0.2774","GrossPremi":"754805.00","Discount":"0.0000","Adm":"0.00","NetPremi":"754805.00","Amount2":"","Text2":"","PerluasanJaminan":{"TJH":"0","RSCC":"0","Banjir":"0","Accessories":"0"}},{"KondisiPertanggungan":"","TJH":"","InsuredValue":"272100000.00","InsuredFrom":"2023-12-14T00:00:00","InsuredTo":"2024-12-14T00:00:00","Rate":"0.2774","GrossPremi":"754805.00","Discount":"0.0000","Adm":"0.00","NetPremi":"754805.00","Amount2":"","Text2":"","PerluasanJaminan":{"TJH":"0","RSCC":"0","Banjir":"0","Accessories":"0"}},{"KondisiPertanggungan":"","TJH":"","InsuredValue":"272100000.00","InsuredFrom":"2024-12-14T00:00:00","InsuredTo":"2025-12-14T00:00:00","Rate":"0.2774","GrossPremi":"754805.00","Discount":"0.0000","Adm":"0.00","NetPremi":"754805.00","Amount2":"","Text2":"","PerluasanJaminan":{"TJH":"0","RSCC":"0","Banjir":"0","Accessories":"0"}}]},{"TipeOrder":"A","BatchID":"A_BCAFNEWTRKSBatch20211215001","NoRek":"9430010714","NoPin":"001","CustName":"SCRAMBLE","Pemohon":"PT BCAF QQ BCA","HargaPembelian":"272100000.00","Cabang":"9430","MerkID":"TYT","TypeMobil":"ALL NEW VELOZ 1.5 Q CVT","JenisMobil":"1","TahunMobil":"2021","Warna":"BLACK METALLIC","NoRangka":"MHFAB1BY8M0005853","NoMesin":"2NRX785578","NoPolisi":"","Amount2":"","NamaBPKB":"IDA FITRIA","KategoriMobil":"13","Text2":"","PenggunaanKendaraan":"Personal","Kondisi":"1","LastUser":"","Accessories1":"","Accessories2":"","Accessories3":"","Accessories4":"","Accessories5":"","HargaAccessories1":"0.00","HargaAccessories2":"0.00","HargaAccessories3":"0.00","HargaAccessories4":"0.00","HargaAccessories5":"0.00","OverKredit":"0","Restructure":"0","NoPolisLama":"","MailAddress":"SCRAMBLE","KabKodya":"SCRAMBLE","PostalCode":"14460","PaketMobil":"","CustType":"I","IdentityNo":"SCRAMBLE","BirthPlace":"SCRAMBLE","BirthDate":"20220212","Occupation":"Wiraswasta","AlamatKTP":"SCRAMBLE","KelurahanKTP":"SCRAMBLE","KecamatanKTP":"SCRAMBLE","KabKodyaKTP":"SCRAMBLE","ProvinsiKTP":"SCRAMBLE","PostalCodeKTP":"14460","DealerName":"Astrido Toyota Fatmawati","PacketID":"FIXCAP0648","InsuranceData":[{"KondisiPertanggungan":"","TJH":"","InsuredValue":"272100000.00","InsuredFrom":"2021-12-14T00:00:00","InsuredTo":"2022-12-14T00:00:00","Rate":"1.5184","GrossPremi":"4131566.00","Discount":"0.0000","Adm":"14000.00","NetPremi":"4131566.00","Amount2":"","Text2":"","PerluasanJaminan":{"TJH":"0","RSCC":"0","Banjir":"0","Accessories":"0"}},{"KondisiPertanggungan":"","TJH":"","InsuredValue":"272100000.00","InsuredFrom":"2022-12-14T00:00:00","InsuredTo":"2023-12-14T00:00:00","Rate":"0.2774","GrossPremi":"754805.00","Discount":"0.0000","Adm":"0.00","NetPremi":"754805.00","Amount2":"","Text2":"","PerluasanJaminan":{"TJH":"0","RSCC":"0","Banjir":"0","Accessories":"0"}},{"KondisiPertanggungan":"","TJH":"","InsuredValue":"272100000.00","InsuredFrom":"2023-12-14T00:00:00","InsuredTo":"2024-12-14T00:00:00","Rate":"0.2774","GrossPremi":"754805.00","Discount":"0.0000","Adm":"0.00","NetPremi":"754805.00","Amount2":"","Text2":"","PerluasanJaminan":{"TJH":"0","RSCC":"0","Banjir":"0","Accessories":"0"}},{"KondisiPertanggungan":"","TJH":"","InsuredValue":"272100000.00","InsuredFrom":"2024-12-14T00:00:00","InsuredTo":"2025-12-14T00:00:00","Rate":"0.2774","GrossPremi":"754805.00","Discount":"0.0000","Adm":"0.00","NetPremi":"754805.00","Amount2":"","Text2":"","PerluasanJaminan":{"TJH":"0","RSCC":"0","Banjir":"0","Accessories":"0"}},{"KondisiPertanggungan":"","TJH":"","InsuredValue":"272100000.00","InsuredFrom":"2025-12-14T00:00:00","InsuredTo":"2026-12-14T00:00:00","Rate":"0.2774","GrossPremi":"754805.00","Discount":"0.0000","Adm":"0.00","NetPremi":"754805.00","Amount2":"","Text2":"","PerluasanJaminan":{"TJH":"0","RSCC":"0","Banjir":"0","Accessories":"0"}}]},{"TipeOrder":"A","BatchID":"A_BCAFNEWTRKSBatch20211215001","NoRek":"9430010718","NoPin":"001","CustName":"SCRAMBLE","Pemohon":"PT BCAF","HargaPembelian":"204000000.00","Cabang":"9430","MerkID":"DAI","TypeMobil":"ALL NEW XENIA 1.3 R M\/T","JenisMobil":"1","TahunMobil":"2021","Warna":"HITAM METALIK","NoRangka":"MHKAA1AY1MK001296","NoMesin":"1NRG164729","NoPolisi":"","Amount2":"","NamaBPKB":"MAJU HUTAGALUNG","KategoriMobil":"3 ","Text2":"","PenggunaanKendaraan":"Personal","Kondisi":"1","LastUser":"","Accessories1":"","Accessories2":"","Accessories3":"","Accessories4":"","Accessories5":"","HargaAccessories1":"0.00","HargaAccessories2":"0.00","HargaAccessories3":"0.00","HargaAccessories4":"0.00","HargaAccessories5":"0.00","OverKredit":"0","Restructure":"0","NoPolisLama":"","MailAddress":"SCRAMBLE","KabKodya":"SCRAMBLE","PostalCode":"13870","PaketMobil":"","CustType":"I","IdentityNo":"SCRAMBLE","BirthPlace":"SCRAMBLE","BirthDate":"20220212","Occupation":"Karyawan","AlamatKTP":"SCRAMBLE","KelurahanKTP":"SCRAMBLE","KecamatanKTP":"SCRAMBLE","KabKodyaKTP":"SCRAMBLE","ProvinsiKTP":"SCRAMBLE","PostalCodeKTP":"13870","DealerName":"Asco Prima M Fatmawati","PacketID":"FIXCAP0680","InsuranceData":[{"KondisiPertanggungan":"","TJH":"","InsuredValue":"204000000.00","InsuredFrom":"2021-12-14T00:00:00","InsuredTo":"2022-12-14T00:00:00","Rate":"1.5184","GrossPremi":"3097536.00","Discount":"0.0000","Adm":"14000.00","NetPremi":"3097536.00","Amount2":"","Text2":"","PerluasanJaminan":{"TJH":"0","RSCC":"0","Banjir":"0","Accessories":"0"}},{"KondisiPertanggungan":"","TJH":"","InsuredValue":"204000000.00","InsuredFrom":"2022-12-14T00:00:00","InsuredTo":"2023-12-14T00:00:00","Rate":"0.2774","GrossPremi":"565896.00","Discount":"0.0000","Adm":"0.00","NetPremi":"565896.00","Amount2":"","Text2":"","PerluasanJaminan":{"TJH":"0","RSCC":"0","Banjir":"0","Accessories":"0"}},{"KondisiPertanggungan":"","TJH":"","InsuredValue":"204000000.00","InsuredFrom":"2023-12-14T00:00:00","InsuredTo":"2024-12-14T00:00:00","Rate":"0.2774","GrossPremi":"565896.00","Discount":"0.0000","Adm":"0.00","NetPremi":"565896.00","Amount2":"","Text2":"","PerluasanJaminan":{"TJH":"0","RSCC":"0","Banjir":"0","Accessories":"0"}},{"KondisiPertanggungan":"","TJH":"","InsuredValue":"204000000.00","InsuredFrom":"2024-12-14T00:00:00","InsuredTo":"2025-12-14T00:00:00","Rate":"0.2774","GrossPremi":"565896.00","Discount":"0.0000","Adm":"0.00","NetPremi":"565896.00","Amount2":"","Text2":"","PerluasanJaminan":{"TJH":"0","RSCC":"0","Banjir":"0","Accessories":"0"}},{"KondisiPertanggungan":"","TJH":"","InsuredValue":"204000000.00","InsuredFrom":"2025-12-14T00:00:00","InsuredTo":"2026-12-14T00:00:00","Rate":"0.2774","GrossPremi":"565896.00","Discount":"0.0000","Adm":"0.00","NetPremi":"565896.00","Amount2":"","Text2":"","PerluasanJaminan":{"TJH":"0","RSCC":"0","Banjir":"0","Accessories":"0"}},{"KondisiPertanggungan":"","TJH":"","InsuredValue":"204000000.00","InsuredFrom":"2026-12-14T00:00:00","InsuredTo":"2027-12-14T00:00:00","Rate":"0.2774","GrossPremi":"565896.00","Discount":"0.0000","Adm":"0.00","NetPremi":"565896.00","Amount2":"","Text2":"","PerluasanJaminan":{"TJH":"0","RSCC":"0","Banjir":"0","Accessories":"0"}}]},{"TipeOrder":"A","BatchID":"A_BCAFNEWTRKSBatch20211215001","NoRek":"9430010721","NoPin":"001","CustName":"SCRAMBLE","Pemohon":"PT BCAF QQ BCA","HargaPembelian":"243700000.00","Cabang":"9430","MerkID":"DAI","TypeMobil":"ALL NEW TERIOS R AT STD","JenisMobil":"1","TahunMobil":"2021","Warna":"HITAM METALIK","NoRangka":"MHKG8FB2JMK014668","NoMesin":"2NRG731315","NoPolisi":"","Amount2":"","NamaBPKB":"LELI NURHAYATI","KategoriMobil":"3 ","Text2":"","PenggunaanKendaraan":"Personal","Kondisi":"1","LastUser":"","Accessories1":"","Accessories2":"","Accessories3":"","Accessories4":"","Accessories5":"","HargaAccessories1":"0.00","HargaAccessories2":"0.00","HargaAccessories3":"0.00","HargaAccessories4":"0.00","HargaAccessories5":"0.00","OverKredit":"0","Restructure":"0","NoPolisLama":"","MailAddress":"SCRAMBLE","KabKodya":"SCRAMBLE","PostalCode":"12520","PaketMobil":"","CustType":"I","IdentityNo":"SCRAMBLE","BirthPlace":"SCRAMBLE","BirthDate":"20220212","Occupation":"Karyawan","AlamatKTP":"SCRAMBLE","KelurahanKTP":"SCRAMBLE","KecamatanKTP":"SCRAMBLE","KabKodyaKTP":"SCRAMBLE","ProvinsiKTP":"SCRAMBLE","PostalCodeKTP":"12520","DealerName":"Asco Prima M Fatmawati","PacketID":"000","InsuranceData":[{"KondisiPertanggungan":"","TJH":"","InsuredValue":"243700000.00","InsuredFrom":"2021-12-14T00:00:00","InsuredTo":"2022-12-14T00:00:00","Rate":"1.5184","GrossPremi":"3700341.00","Discount":"0.0000","Adm":"14000.00","NetPremi":"3700341.00","Amount2":"","Text2":"","PerluasanJaminan":{"TJH":"0","RSCC":"0","Banjir":"0","Accessories":"0"}},{"KondisiPertanggungan":"","TJH":"","InsuredValue":"243700000.00","InsuredFrom":"2022-12-14T00:00:00","InsuredTo":"2023-12-14T00:00:00","Rate":"0.2774","GrossPremi":"676024.00","Discount":"0.0000","Adm":"0.00","NetPremi":"676024.00","Amount2":"","Text2":"","PerluasanJaminan":{"TJH":"0","RSCC":"0","Banjir":"0","Accessories":"0"}},{"KondisiPertanggungan":"","TJH":"","InsuredValue":"243700000.00","InsuredFrom":"2023-12-14T00:00:00","InsuredTo":"2024-12-14T00:00:00","Rate":"0.2774","GrossPremi":"676024.00","Discount":"0.0000","Adm":"0.00","NetPremi":"676024.00","Amount2":"","Text2":"","PerluasanJaminan":{"TJH":"0","RSCC":"0","Banjir":"0","Accessories":"0"}},{"KondisiPertanggungan":"","TJH":"","InsuredValue":"243700000.00","InsuredFrom":"2024-12-14T00:00:00","InsuredTo":"2025-12-14T00:00:00","Rate":"0.2774","GrossPremi":"676024.00","Discount":"0.0000","Adm":"0.00","NetPremi":"676024.00","Amount2":"","Text2":"","PerluasanJaminan":{"TJH":"0","RSCC":"0","Banjir":"0","Accessories":"0"}}]},{"TipeOrder":"A","BatchID":"A_BCAFNEWTRKSBatch20211215001","NoRek":"9446009985","NoPin":"001","CustName":"SCRAMBLE","Pemohon":"PT BCAF QQ BCA","HargaPembelian":"302000000.00","Cabang":"9446","MerkID":"HON","TypeMobil":"ALL NEW CITY HATCHBACK RS CVT","JenisMobil":"1","TahunMobil":"2021","Warna":"RALLYE RED","NoRangka":"MHRGN5880MJ206321","NoMesin":"L15ZF1007482","NoPolisi":"","Amount2":"","NamaBPKB":"HENY NURAENI, SPD","KategoriMobil":"1 ","Text2":"","PenggunaanKendaraan":"Personal","Kondisi":"1","LastUser":"","Accessories1":"","Accessories2":"","Accessories3":"","Accessories4":"","Accessories5":"","HargaAccessories1":"0.00","HargaAccessories2":"0.00","HargaAccessories3":"0.00","HargaAccessories4":"0.00","HargaAccessories5":"0.00","OverKredit":"0","Restructure":"0","NoPolisLama":"","MailAddress":"SCRAMBLE","KabKodya":"SCRAMBLE","PostalCode":"15570","PaketMobil":"","CustType":"I","IdentityNo":"SCRAMBLE","BirthPlace":"SCRAMBLE","BirthDate":"20220212","Occupation":"Karyawan","AlamatKTP":"SCRAMBLE","KelurahanKTP":"SCRAMBLE","KecamatanKTP":"SCRAMBLE","KabKodyaKTP":"SCRAMBLE","ProvinsiKTP":"SCRAMBLE","PostalCodeKTP":"15570","DealerName":"Pro Union Indo Jaya Modernland","PacketID":"FIXCAP0679","InsuranceData":[{"KondisiPertanggungan":"","TJH":"","InsuredValue":"302000000.00","InsuredFrom":"2021-12-14T00:00:00","InsuredTo":"2022-12-14T00:00:00","Rate":"1.5184","GrossPremi":"4585568.00","Discount":"0.0000","Adm":"14000.00","NetPremi":"4585568.00","Amount2":"","Text2":"","PerluasanJaminan":{"TJH":"0","RSCC":"0","Banjir":"0","Accessories":"0"}},{"KondisiPertanggungan":"","TJH":"","InsuredValue":"302000000.00","InsuredFrom":"2022-12-14T00:00:00","InsuredTo":"2023-12-14T00:00:00","Rate":"0.2774","GrossPremi":"837748.00","Discount":"0.0000","Adm":"0.00","NetPremi":"837748.00","Amount2":"","Text2":"","PerluasanJaminan":{"TJH":"0","RSCC":"0","Banjir":"0","Accessories":"0"}},{"KondisiPertanggungan":"","TJH":"","InsuredValue":"302000000.00","InsuredFrom":"2023-12-14T00:00:00","InsuredTo":"2024-12-14T00:00:00","Rate":"0.2774","GrossPremi":"837748.00","Discount":"0.0000","Adm":"0.00","NetPremi":"837748.00","Amount2":"","Text2":"","PerluasanJaminan":{"TJH":"0","RSCC":"0","Banjir":"0","Accessories":"0"}},{"KondisiPertanggungan":"","TJH":"","InsuredValue":"302000000.00","InsuredFrom":"2024-12-14T00:00:00","InsuredTo":"2025-12-14T00:00:00","Rate":"0.2774","GrossPremi":"837748.00","Discount":"0.0000","Adm":"0.00","NetPremi":"837748.00","Amount2":"","Text2":"","PerluasanJaminan":{"TJH":"0","RSCC":"0","Banjir":"0","Accessories":"0"}},{"KondisiPertanggungan":"","TJH":"","InsuredValue":"302000000.00","InsuredFrom":"2025-12-14T00:00:00","InsuredTo":"2026-12-14T00:00:00","Rate":"0.2774","GrossPremi":"837748.00","Discount":"0.0000","Adm":"0.00","NetPremi":"837748.00","Amount2":"","Text2":"","PerluasanJaminan":{"TJH":"0","RSCC":"0","Banjir":"0","Accessories":"0"}}]},{"TipeOrder":"A","BatchID":"A_BCAFNEWTRKSBatch20211215001","NoRek":"9446009990","NoPin":"001","CustName":"SCRAMBLE","Pemohon":"PT BCAF QQ BCA","HargaPembelian":"302000000.00","Cabang":"9446","MerkID":"HON","TypeMobil":"ALL NEW CITY HATCHBACK RS CVT","JenisMobil":"1","TahunMobil":"2021","Warna":"METEOROID GRAY METALLIC","NoRangka":"MHRGN5880MJ204680","NoMesin":"L15ZF1005833","NoPolisi":"","Amount2":"","NamaBPKB":"HERRY SETIAWAN, ST","KategoriMobil":"1 ","Text2":"","PenggunaanKendaraan":"Personal","Kondisi":"1","LastUser":"","Accessories1":"","Accessories2":"","Accessories3":"","Accessories4":"","Accessories5":"","HargaAccessories1":"0.00","HargaAccessories2":"0.00","HargaAccessories3":"0.00","HargaAccessories4":"0.00","HargaAccessories5":"0.00","OverKredit":"0","Restructure":"0","NoPolisLama":"","MailAddress":"SCRAMBLE","KabKodya":"SCRAMBLE","PostalCode":"15141","PaketMobil":"","CustType":"I","IdentityNo":"SCRAMBLE","BirthPlace":"SCRAMBLE","BirthDate":"20220212","Occupation":"Karyawan","AlamatKTP":"SCRAMBLE","KelurahanKTP":"SCRAMBLE","KecamatanKTP":"SCRAMBLE","KabKodyaKTP":"SCRAMBLE","ProvinsiKTP":"SCRAMBLE","PostalCodeKTP":"15141","DealerName":"Pro Union Indo Jaya Modernland","PacketID":"FIXCAP0648","InsuranceData":[{"KondisiPertanggungan":"","TJH":"","InsuredValue":"302000000.00","InsuredFrom":"2021-12-14T00:00:00","InsuredTo":"2022-12-14T00:00:00","Rate":"1.5184","GrossPremi":"4585568.00","Discount":"0.0000","Adm":"14000.00","NetPremi":"4585568.00","Amount2":"","Text2":"","PerluasanJaminan":{"TJH":"0","RSCC":"0","Banjir":"0","Accessories":"0"}},{"KondisiPertanggungan":"","TJH":"","InsuredValue":"302000000.00","InsuredFrom":"2022-12-14T00:00:00","InsuredTo":"2023-12-14T00:00:00","Rate":"1.5184","GrossPremi":"4585568.00","Discount":"0.0000","Adm":"0.00","NetPremi":"4585568.00","Amount2":"","Text2":"","PerluasanJaminan":{"TJH":"0","RSCC":"0","Banjir":"0","Accessories":"0"}},{"KondisiPertanggungan":"","TJH":"","InsuredValue":"302000000.00","InsuredFrom":"2023-12-14T00:00:00","InsuredTo":"2024-12-14T00:00:00","Rate":"1.5184","GrossPremi":"4585568.00","Discount":"0.0000","Adm":"0.00","NetPremi":"4585568.00","Amount2":"","Text2":"","PerluasanJaminan":{"TJH":"0","RSCC":"0","Banjir":"0","Accessories":"0"}},{"KondisiPertanggungan":"","TJH":"","InsuredValue":"302000000.00","InsuredFrom":"2024-12-14T00:00:00","InsuredTo":"2025-12-14T00:00:00","Rate":"1.5184","GrossPremi":"4585568.00","Discount":"0.0000","Adm":"0.00","NetPremi":"4585568.00","Amount2":"","Text2":"","PerluasanJaminan":{"TJH":"0","RSCC":"0","Banjir":"0","Accessories":"0"}},{"KondisiPertanggungan":"","TJH":"","InsuredValue":"302000000.00","InsuredFrom":"2025-12-14T00:00:00","InsuredTo":"2026-12-14T00:00:00","Rate":"1.5184","GrossPremi":"4585568.00","Discount":"0.0000","Adm":"0.00","NetPremi":"4585568.00","Amount2":"","Text2":"","PerluasanJaminan":{"TJH":"0","RSCC":"0","Banjir":"0","Accessories":"0"}}]},{"TipeOrder":"A","BatchID":"A_BCAFNEWTRKSBatch20211215001","NoRek":"9460011955","NoPin":"001","CustName":"SCRAMBLE","Pemohon":"PT BCAF","HargaPembelian":"267100000.00","Cabang":"9460","MerkID":"TYT","TypeMobil":"ALL NEW RUSH 1.5 AT GR SPORT","JenisMobil":"1","TahunMobil":"2021","Warna":"BLACK METALLIC","NoRangka":"MHKE8FB3JMK061146","NoMesin":"2NRG736076","NoPolisi":"","Amount2":"","NamaBPKB":"NADYA INDAH ASTARI","KategoriMobil":"13","Text2":"","PenggunaanKendaraan":"Personal","Kondisi":"1","LastUser":"","Accessories1":"","Accessories2":"","Accessories3":"","Accessories4":"","Accessories5":"","HargaAccessories1":"0.00","HargaAccessories2":"0.00","HargaAccessories3":"0.00","HargaAccessories4":"0.00","HargaAccessories5":"0.00","OverKredit":"0","Restructure":"0","NoPolisLama":"","MailAddress":"SCRAMBLE","KabKodya":"SCRAMBLE","PostalCode":"11180","PaketMobil":"","CustType":"I","IdentityNo":"3173045712950003","BirthPlace":"SCRAMBLE","BirthDate":"19951217","Occupation":"Wiraswasta","AlamatKTP":"SCRAMBLE","KelurahanKTP":"SCRAMBLE","KecamatanKTP":"SCRAMBLE","KabKodyaKTP":"SCRAMBLE","ProvinsiKTP":"SCRAMBLE","PostalCodeKTP":"11180","DealerName":"Astrido Jaya Mobilindo - Penjaringan","PacketID":"CS20210015","InsuranceData":[{"KondisiPertanggungan":"","TJH":"","InsuredValue":"267100000.00","InsuredFrom":"2021-12-14T00:00:00","InsuredTo":"2022-12-14T00:00:00","Rate":"1.5184","GrossPremi":"4055646.00","Discount":"0.0000","Adm":"14000.00","NetPremi":"4055646.00","Amount2":"","Text2":"","PerluasanJaminan":{"TJH":"0","RSCC":"0","Banjir":"0","Accessories":"0"}},{"KondisiPertanggungan":"","TJH":"","InsuredValue":"267100000.00","InsuredFrom":"2022-12-14T00:00:00","InsuredTo":"2023-12-14T00:00:00","Rate":"0.2774","GrossPremi":"740935.00","Discount":"0.0000","Adm":"0.00","NetPremi":"740935.00","Amount2":"","Text2":"","PerluasanJaminan":{"TJH":"0","RSCC":"0","Banjir":"0","Accessories":"0"}},{"KondisiPertanggungan":"","TJH":"","InsuredValue":"267100000.00","InsuredFrom":"2023-12-14T00:00:00","InsuredTo":"2024-12-14T00:00:00","Rate":"0.2774","GrossPremi":"740935.00","Discount":"0.0000","Adm":"0.00","NetPremi":"740935.00","Amount2":"","Text2":"","PerluasanJaminan":{"TJH":"0","RSCC":"0","Banjir":"0","Accessories":"0"}}]},{"TipeOrder":"A","BatchID":"A_BCAFNEWTRKSBatch20211215001","NoRek":"9481015610","NoPin":"001","CustName":"SCRAMBLE","Pemohon":"PT BCAF","HargaPembelian":"127500000.00","Cabang":"9481","MerkID":"TYT","TypeMobil":"AVANZA 1.3 E M\/T","JenisMobil":"1","TahunMobil":"2017","Warna":"HITAM METALIK","NoRangka":"MHKM5EA2JHK035360","NoMesin":"1NRF319498","NoPolisi":"L 1567 II","Amount2":"","NamaBPKB":"CSM CORPORATAMA, PT","KategoriMobil":"3 ","Text2":"","PenggunaanKendaraan":"Personal","Kondisi":"2","LastUser":"","Accessories1":"","Accessories2":"","Accessories3":"","Accessories4":"","Accessories5":"","HargaAccessories1":"0.00","HargaAccessories2":"0.00","HargaAccessories3":"0.00","HargaAccessories4":"0.00","HargaAccessories5":"0.00","OverKredit":"0","Restructure":"0","NoPolisLama":"","MailAddress":"SCRAMBLE","KabKodya":"SCRAMBLE","PostalCode":"60134","PaketMobil":"","CustType":"I","IdentityNo":"SCRAMBLE","BirthPlace":"SCRAMBLE","BirthDate":"20220212","Occupation":"Wiraswasta","AlamatKTP":"SCRAMBLE","KelurahanKTP":"SCRAMBLE","KecamatanKTP":"SCRAMBLE","KabKodyaKTP":"SCRAMBLE","ProvinsiKTP":"SCRAMBLE","PostalCodeKTP":"60134","DealerName":"OLX AUTOS","PacketID":"000","InsuranceData":[{"KondisiPertanggungan":"","TJH":"","InsuredValue":"127500000.00","InsuredFrom":"2021-12-14T00:00:00","InsuredTo":"2022-12-14T00:00:00","Rate":"0.3212","GrossPremi":"409530.00","Discount":"0.0000","Adm":"14000.00","NetPremi":"409530.00","Amount2":"","Text2":"","PerluasanJaminan":{"TJH":"0","RSCC":"0","Banjir":"0","Accessories":"0"}},{"KondisiPertanggungan":"","TJH":"","InsuredValue":"127500000.00","InsuredFrom":"2022-12-14T00:00:00","InsuredTo":"2023-12-14T00:00:00","Rate":"0.3212","GrossPremi":"409530.00","Discount":"0.0000","Adm":"0.00","NetPremi":"409530.00","Amount2":"","Text2":"","PerluasanJaminan":{"TJH":"0","RSCC":"0","Banjir":"0","Accessories":"0"}},{"KondisiPertanggungan":"","TJH":"","InsuredValue":"127500000.00","InsuredFrom":"2023-12-14T00:00:00","InsuredTo":"2024-12-14T00:00:00","Rate":"0.3212","GrossPremi":"409530.00","Discount":"0.0000","Adm":"0.00","NetPremi":"409530.00","Amount2":"","Text2":"","PerluasanJaminan":{"TJH":"0","RSCC":"0","Banjir":"0","Accessories":"0"}},{"KondisiPertanggungan":"","TJH":"","InsuredValue":"127500000.00","InsuredFrom":"2024-12-14T00:00:00","InsuredTo":"2025-12-14T00:00:00","Rate":"0.3212","GrossPremi":"409530.00","Discount":"0.0000","Adm":"0.00","NetPremi":"409530.00","Amount2":"","Text2":"","PerluasanJaminan":{"TJH":"0","RSCC":"0","Banjir":"0","Accessories":"0"}}]},{"TipeOrder":"A","BatchID":"A_BCAFNEWTRKSBatch20211215001","NoRek":"9481015628","NoPin":"001","CustName":"SCRAMBLE","Pemohon":"PT BCAF","HargaPembelian":"181000000.00","Cabang":"9481","MerkID":"HON","TypeMobil":"JAZZ GK5 1.5 RS CVT CKD","JenisMobil":"1","TahunMobil":"2014","Warna":"PUTIH ORCHID MUTIARA","NoRangka":"MHRGK5860EJ407202","NoMesin":"L15Z51012692","NoPolisi":"L 1077 GA","Amount2":"","NamaBPKB":"STEVANY WIDARNO","KategoriMobil":"3 ","Text2":"","PenggunaanKendaraan":"Personal","Kondisi":"2","LastUser":"","Accessories1":"","Accessories2":"","Accessories3":"","Accessories4":"","Accessories5":"","HargaAccessories1":"0.00","HargaAccessories2":"0.00","HargaAccessories3":"0.00","HargaAccessories4":"0.00","HargaAccessories5":"0.00","OverKredit":"0","Restructure":"0","NoPolisLama":"","MailAddress":"SCRAMBLE","KabKodya":"SCRAMBLE","PostalCode":"61252","PaketMobil":"","CustType":"I","IdentityNo":"SCRAMBLE","BirthPlace":"SCRAMBLE","BirthDate":"20220212","Occupation":"Karyawan","AlamatKTP":"SCRAMBLE","KelurahanKTP":"SCRAMBLE","KecamatanKTP":"SCRAMBLE","KabKodyaKTP":"SCRAMBLE","ProvinsiKTP":"SCRAMBLE","PostalCodeKTP":"61252","DealerName":"Muksin Mobil, UD DTC","PacketID":"000","InsuranceData":[{"KondisiPertanggungan":"","TJH":"","InsuredValue":"181000000.00","InsuredFrom":"2021-12-14T00:00:00","InsuredTo":"2022-12-14T00:00:00","Rate":"0.3212","GrossPremi":"581372.00","Discount":"0.0000","Adm":"14000.00","NetPremi":"581372.00","Amount2":"","Text2":"","PerluasanJaminan":{"TJH":"0","RSCC":"0","Banjir":"0","Accessories":"0"}},{"KondisiPertanggungan":"","TJH":"","InsuredValue":"181000000.00","InsuredFrom":"2022-12-14T00:00:00","InsuredTo":"2023-12-14T00:00:00","Rate":"0.3212","GrossPremi":"581372.00","Discount":"0.0000","Adm":"0.00","NetPremi":"581372.00","Amount2":"","Text2":"","PerluasanJaminan":{"TJH":"0","RSCC":"0","Banjir":"0","Accessories":"0"}}]},{"TipeOrder":"A","BatchID":"A_BCAFNEWTRKSBatch20211215001","NoRek":"9481015640","NoPin":"001","CustName":"SCRAMBLE","Pemohon":"PT BCAF QQ BCA","HargaPembelian":"160000000.00","Cabang":"9481","MerkID":"HON","TypeMobil":"BRIO SATYA 1.2 E CVT CKD","JenisMobil":"1","TahunMobil":"2019","Warna":"ABU ABU BULAN METALIK","NoRangka":"MHRDD1850KJ914049","NoMesin":"L12B32357771","NoPolisi":"L 1682 RU","Amount2":"","NamaBPKB":"R R AYUNDA YAHDIS SABILA","KategoriMobil":"14","Text2":"","PenggunaanKendaraan":"Personal","Kondisi":"2","LastUser":"","Accessories1":"","Accessories2":"","Accessories3":"","Accessories4":"","Accessories5":"","HargaAccessories1":"0.00","HargaAccessories2":"0.00","HargaAccessories3":"0.00","HargaAccessories4":"0.00","HargaAccessories5":"0.00","OverKredit":"0","Restructure":"0","NoPolisLama":"","MailAddress":"SCRAMBLE","KabKodya":"SCRAMBLE","PostalCode":"61257","PaketMobil":"","CustType":"I","IdentityNo":"SCRAMBLE","BirthPlace":"SCRAMBLE","BirthDate":"20220212","Occupation":"Ibu Rumah Tangga","AlamatKTP":"SCRAMBLE","KelurahanKTP":"SCRAMBLE","KecamatanKTP":"SCRAMBLE","KabKodyaKTP":"SCRAMBLE","ProvinsiKTP":"SCRAMBLE","PostalCodeKTP":"61257","DealerName":"OLX AUTOS","PacketID":"FIXCAP0121","InsuranceData":[{"KondisiPertanggungan":"","TJH":"","InsuredValue":"160000000.00","InsuredFrom":"2021-12-14T00:00:00","InsuredTo":"2022-12-14T00:00:00","Rate":"0.3212","GrossPremi":"513920.00","Discount":"0.0000","Adm":"14000.00","NetPremi":"513920.00","Amount2":"","Text2":"","PerluasanJaminan":{"TJH":"0","RSCC":"0","Banjir":"0","Accessories":"0"}},{"KondisiPertanggungan":"","TJH":"","InsuredValue":"160000000.00","InsuredFrom":"2022-12-14T00:00:00","InsuredTo":"2023-12-14T00:00:00","Rate":"0.3212","GrossPremi":"513920.00","Discount":"0.0000","Adm":"0.00","NetPremi":"513920.00","Amount2":"","Text2":"","PerluasanJaminan":{"TJH":"0","RSCC":"0","Banjir":"0","Accessories":"0"}},{"KondisiPertanggungan":"","TJH":"","InsuredValue":"160000000.00","InsuredFrom":"2023-12-14T00:00:00","InsuredTo":"2024-12-14T00:00:00","Rate":"0.3212","GrossPremi":"513920.00","Discount":"0.0000","Adm":"0.00","NetPremi":"513920.00","Amount2":"","Text2":"","PerluasanJaminan":{"TJH":"0","RSCC":"0","Banjir":"0","Accessories":"0"}},{"KondisiPertanggungan":"","TJH":"","InsuredValue":"160000000.00","InsuredFrom":"2024-12-14T00:00:00","InsuredTo":"2025-12-14T00:00:00","Rate":"0.3212","GrossPremi":"513920.00","Discount":"0.0000","Adm":"0.00","NetPremi":"513920.00","Amount2":"","Text2":"","PerluasanJaminan":{"TJH":"0","RSCC":"0","Banjir":"0","Accessories":"0"}},{"KondisiPertanggungan":"","TJH":"","InsuredValue":"160000000.00","InsuredFrom":"2025-12-14T00:00:00","InsuredTo":"2026-12-14T00:00:00","Rate":"0.3212","GrossPremi":"513920.00","Discount":"0.0000","Adm":"0.00","NetPremi":"513920.00","Amount2":"","Text2":"","PerluasanJaminan":{"TJH":"0","RSCC":"0","Banjir":"0","Accessories":"0"}}]},{"TipeOrder":"A","BatchID":"A_BCAFNEWTRKSBatch20211215001","NoRek":"9481015645","NoPin":"001","CustName":"SCRAMBLE","Pemohon":"PT BCAF","HargaPembelian":"190000000.00","Cabang":"9481","MerkID":"HON","TypeMobil":"JAZZ GK5 1.5 S CVT","JenisMobil":"1","TahunMobil":"2017","Warna":"PUTIH ORCHID MUTIARA","NoRangka":"MHRGK5850HJ800035","NoMesin":"L15Z51230242","NoPolisi":"L 1962 BG","Amount2":"","NamaBPKB":"ERNIE MADURATNA SETIAWATIE, DR, DRG, M.KES,SP PERIO","KategoriMobil":"3 ","Text2":"","PenggunaanKendaraan":"Personal","Kondisi":"2","LastUser":"","Accessories1":"","Accessories2":"","Accessories3":"","Accessories4":"","Accessories5":"","HargaAccessories1":"0.00","HargaAccessories2":"0.00","HargaAccessories3":"0.00","HargaAccessories4":"0.00","HargaAccessories5":"0.00","OverKredit":"0","Restructure":"0","NoPolisLama":"","MailAddress":"SCRAMBLE","KabKodya":"SCRAMBLE","PostalCode":"61162","PaketMobil":"","CustType":"I","IdentityNo":"SCRAMBLE","BirthPlace":"SCRAMBLE","BirthDate":"20220212","Occupation":"Wiraswasta","AlamatKTP":"SCRAMBLE","KelurahanKTP":"SCRAMBLE","KecamatanKTP":"SCRAMBLE","KabKodyaKTP":"SCRAMBLE","ProvinsiKTP":"SCRAMBLE","PostalCodeKTP":"61162","DealerName":"VCRS Motor DTC","PacketID":"CS20180084","InsuranceData":[{"KondisiPertanggungan":"","TJH":"","InsuredValue":"190000000.00","InsuredFrom":"2021-12-14T00:00:00","InsuredTo":"2022-12-14T00:00:00","Rate":"0.3212","GrossPremi":"610280.00","Discount":"0.0000","Adm":"14000.00","NetPremi":"610280.00","Amount2":"","Text2":"","PerluasanJaminan":{"TJH":"0","RSCC":"0","Banjir":"0","Accessories":"0"}},{"KondisiPertanggungan":"","TJH":"","InsuredValue":"190000000.00","InsuredFrom":"2022-12-14T00:00:00","InsuredTo":"2023-12-14T00:00:00","Rate":"0.3212","GrossPremi":"610280.00","Discount":"0.0000","Adm":"0.00","NetPremi":"610280.00","Amount2":"","Text2":"","PerluasanJaminan":{"TJH":"0","RSCC":"0","Banjir":"0","Accessories":"0"}},{"KondisiPertanggungan":"","TJH":"","InsuredValue":"190000000.00","InsuredFrom":"2023-12-14T00:00:00","InsuredTo":"2024-12-14T00:00:00","Rate":"0.3212","GrossPremi":"610280.00","Discount":"0.0000","Adm":"0.00","NetPremi":"610280.00","Amount2":"","Text2":"","PerluasanJaminan":{"TJH":"0","RSCC":"0","Banjir":"0","Accessories":"0"}},{"KondisiPertanggungan":"","TJH":"","InsuredValue":"190000000.00","InsuredFrom":"2024-12-14T00:00:00","InsuredTo":"2025-12-14T00:00:00","Rate":"0.3212","GrossPremi":"610280.00","Discount":"0.0000","Adm":"0.00","NetPremi":"610280.00","Amount2":"","Text2":"","PerluasanJaminan":{"TJH":"0","RSCC":"0","Banjir":"0","Accessories":"0"}}]},{"TipeOrder":"A","BatchID":"A_BCAFNEWTRKSBatch20211215001","NoRek":"9481015647","NoPin":"001","CustName":"SCRAMBLE","Pemohon":"PT BCAF","HargaPembelian":"173500000.00","Cabang":"9481","MerkID":"TYT","TypeMobil":"AVANZA 1.3 G A\/T (F653RM-GQMFJ)","JenisMobil":"1","TahunMobil":"2019","Warna":"PUTIH","NoRangka":"MHKM5EB3JKK028305","NoMesin":"1NRG065746","NoPolisi":"W 1186 YI","Amount2":"","NamaBPKB":"JOHAN SYAIFUDIN","KategoriMobil":"3 ","Text2":"","PenggunaanKendaraan":"Personal","Kondisi":"2","LastUser":"","Accessories1":"","Accessories2":"","Accessories3":"","Accessories4":"","Accessories5":"","HargaAccessories1":"0.00","HargaAccessories2":"0.00","HargaAccessories3":"0.00","HargaAccessories4":"0.00","HargaAccessories5":"0.00","OverKredit":"0","Restructure":"0","NoPolisLama":"","MailAddress":"SCRAMBLE","KabKodya":"SCRAMBLE","PostalCode":"60153","PaketMobil":"","CustType":"I","IdentityNo":"SCRAMBLE","BirthPlace":"SCRAMBLE","BirthDate":"20220212","Occupation":"Wiraswasta","AlamatKTP":"SCRAMBLE","KelurahanKTP":"SCRAMBLE","KecamatanKTP":"SCRAMBLE","KabKodyaKTP":"SCRAMBLE","ProvinsiKTP":"SCRAMBLE","PostalCodeKTP":"60153","DealerName":"Muksin Mobil, UD DTC","PacketID":"000","InsuranceData":[{"KondisiPertanggungan":"","TJH":"","InsuredValue":"173500000.00","InsuredFrom":"2021-12-14T00:00:00","InsuredTo":"2022-12-14T00:00:00","Rate":"0.3212","GrossPremi":"557282.00","Discount":"0.0000","Adm":"14000.00","NetPremi":"557282.00","Amount2":"","Text2":"","PerluasanJaminan":{"TJH":"0","RSCC":"0","Banjir":"0","Accessories":"0"}},{"KondisiPertanggungan":"","TJH":"","InsuredValue":"173500000.00","InsuredFrom":"2022-12-14T00:00:00","InsuredTo":"2023-12-14T00:00:00","Rate":"0.3212","GrossPremi":"557282.00","Discount":"0.0000","Adm":"0.00","NetPremi":"557282.00","Amount2":"","Text2":"","PerluasanJaminan":{"TJH":"0","RSCC":"0","Banjir":"0","Accessories":"0"}},{"KondisiPertanggungan":"","TJH":"","InsuredValue":"173500000.00","InsuredFrom":"2023-12-14T00:00:00","InsuredTo":"2024-12-14T00:00:00","Rate":"0.3212","GrossPremi":"557282.00","Discount":"0.0000","Adm":"0.00","NetPremi":"557282.00","Amount2":"","Text2":"","PerluasanJaminan":{"TJH":"0","RSCC":"0","Banjir":"0","Accessories":"0"}}]},{"TipeOrder":"A","BatchID":"A_BCAFNEWTRKSBatch20211215001","NoRek":"9486004897","NoPin":"001","CustName":"SCRAMBLE","Pemohon":"PT BCAF","HargaPembelian":"284500000.00","Cabang":"9486","MerkID":"MIT","TypeMobil":"XPANDER ULTIMATE A\/T","JenisMobil":"1","TahunMobil":"2021","Warna":"HITAM MIKA","NoRangka":"MK2NCLTARMJ006098","NoMesin":"4A91KAJ8959","NoPolisi":"","Amount2":"","NamaBPKB":"IRMAWATI","KategoriMobil":"3 ","Text2":"","PenggunaanKendaraan":"Personal","Kondisi":"1","LastUser":"","Accessories1":"","Accessories2":"","Accessories3":"","Accessories4":"","Accessories5":"","HargaAccessories1":"0.00","HargaAccessories2":"0.00","HargaAccessories3":"0.00","HargaAccessories4":"0.00","HargaAccessories5":"0.00","OverKredit":"0","Restructure":"0","NoPolisLama":"","MailAddress":"SCRAMBLE","KabKodya":"SCRAMBLE","PostalCode":"61258","PaketMobil":"","CustType":"I","IdentityNo":"SCRAMBLE","BirthPlace":"SCRAMBLE","BirthDate":"20220212","Occupation":"Karyawan","AlamatKTP":"SCRAMBLE","KelurahanKTP":"SCRAMBLE","KecamatanKTP":"SCRAMBLE","KabKodyaKTP":"SCRAMBLE","ProvinsiKTP":"SCRAMBLE","PostalCodeKTP":"61258","DealerName":"Sun Star Motor Ngagel","PacketID":"000","InsuranceData":[{"KondisiPertanggungan":"","TJH":"","InsuredValue":"284500000.00","InsuredFrom":"2021-12-14T00:00:00","InsuredTo":"2022-12-14T00:00:00","Rate":"1.3067","GrossPremi":"3717562.00","Discount":"0.0000","Adm":"14000.00","NetPremi":"3717562.00","Amount2":"","Text2":"","PerluasanJaminan":{"TJH":"0","RSCC":"0","Banjir":"0","Accessories":"0"}},{"KondisiPertanggungan":"","TJH":"","InsuredValue":"284500000.00","InsuredFrom":"2022-12-14T00:00:00","InsuredTo":"2023-12-14T00:00:00","Rate":"0.2117","GrossPremi":"602287.00","Discount":"0.0000","Adm":"0.00","NetPremi":"602287.00","Amount2":"","Text2":"","PerluasanJaminan":{"TJH":"0","RSCC":"0","Banjir":"0","Accessories":"0"}},{"KondisiPertanggungan":"","TJH":"","InsuredValue":"284500000.00","InsuredFrom":"2023-12-14T00:00:00","InsuredTo":"2024-12-14T00:00:00","Rate":"0.2117","GrossPremi":"602287.00","Discount":"0.0000","Adm":"0.00","NetPremi":"602287.00","Amount2":"","Text2":"","PerluasanJaminan":{"TJH":"0","RSCC":"0","Banjir":"0","Accessories":"0"}},{"KondisiPertanggungan":"","TJH":"","InsuredValue":"284500000.00","InsuredFrom":"2024-12-14T00:00:00","InsuredTo":"2025-12-14T00:00:00","Rate":"0.2117","GrossPremi":"602287.00","Discount":"0.0000","Adm":"0.00","NetPremi":"602287.00","Amount2":"","Text2":"","PerluasanJaminan":{"TJH":"0","RSCC":"0","Banjir":"0","Accessories":"0"}}]}]}}

2022-03-24 14:10:23 - [MESSAGE][INFO] - {"ResponseHeader":{"ErrorCode":"00","ErrorMessage":"Success","CurrentPage":"1","TotalPage":"17","TotalData":"322"},"GetDataOrderResponse":{"ListDataOrder":[{"TipeOrder":"A","BatchID":"A_BCAFNEWTRKSBatch20211215001","NoRek":"1154000993","NoPin":"001","CustName":"SCRAMBLE","Pemohon":"PT BCAF","HargaPembelian":"360000000.00","Cabang":"1154","MerkID":"TYT","TypeMobil":"INNOVA VENTURER 2.0 AT","JenisMobil":"1","TahunMobil":"2017","Warna":"PUTIH","NoRangka":"MHFAW8EM4H0206354","NoMesin":"1TRA295932","NoPolisi":"B 2726 BOM","Amount2":"","NamaBPKB":"PT AUTORENT LANCAR S","KategoriMobil":"14","Text2":"","PenggunaanKendaraan":"Personal","Kondisi":"2","LastUser":"","Accessories1":"","Accessories2":"","Accessories3":"","Accessories4":"","Accessories5":"","HargaAccessories1":"0.00","HargaAccessories2":"0.00","HargaAccessories3":"0.00","HargaAccessories4":"0.00","HargaAccessories5":"0.00","OverKredit":"0","Restructure":"0","NoPolisLama":"","MailAddress":"SCRAMBLE","KabKodya":"SCRAMBLE","PostalCode":"12610","PaketMobil":"","CustType":"I","IdentityNo":"09.5307.120661.7004","BirthPlace":"SCRAMBLE","BirthDate":"19610612","Occupation":"Wiraswasta","AlamatKTP":"SCRAMBLE","KelurahanKTP":"SCRAMBLE","KecamatanKTP":"SCRAMBLE","KabKodyaKTP":"SCRAMBLE","ProvinsiKTP":"SCRAMBLE","PostalCodeKTP":"12610","DealerName":"21 Auto Cars","PacketID":"CS20180084","InsuranceData":[{"KondisiPertanggungan":"","TJH":"","InsuredValue":"360000000.00","InsuredFrom":"2021-12-14T00:00:00","InsuredTo":"2022-12-14T00:00:00","Rate":"1.5184","GrossPremi":"5466240.00","Discount":"0.0000","Adm":"14000.00","NetPremi":"5466240.00","Amount2":"","Text2":"","PerluasanJaminan":{"TJH":"0","RSCC":"0","Banjir":"0","Accessories":"0"}},{"KondisiPertanggungan":"","TJH":"","InsuredValue":"360000000.00","InsuredFrom":"2022-12-14T00:00:00","InsuredTo":"2023-12-14T00:00:00","Rate":"0.2774","GrossPremi":"998640.00","Discount":"0.0000","Adm":"0.00","NetPremi":"998640.00","Amount2":"","Text2":"","PerluasanJaminan":{"TJH":"0","RSCC":"0","Banjir":"0","Accessories":"0"}},{"KondisiPertanggungan":"","TJH":"","InsuredValue":"360000000.00","InsuredFrom":"2023-12-14T00:00:00","InsuredTo":"2024-12-14T00:00:00","Rate":"0.2774","GrossPremi":"998640.00","Discount":"0.0000","Adm":"0.00","NetPremi":"998640.00","Amount2":"","Text2":"","PerluasanJaminan":{"TJH":"0","RSCC":"0","Banjir":"0","Accessories":"0"}}]},{"TipeOrder":"A","BatchID":"A_BCAFNEWTRKSBatch20211215001","NoRek":"1154000995","NoPin":"001","CustName":"SCRAMBLE","Pemohon":"PT BCAF","HargaPembelian":"135000000.00","Cabang":"1154","MerkID":"SUZ","TypeMobil":"AVI414F TYPE 2 4X2 AT","JenisMobil":"1","TahunMobil":"2017","Warna":"ABU ABU METALIK","NoRangka":"MHYKZE81SHJ321633","NoMesin":"K14BT1258300","NoPolisi":"B 2380 SZH","Amount2":"","NamaBPKB":"PT SAKURA ANUGRAH PRATAMA","KategoriMobil":"13","Text2":"","PenggunaanKendaraan":"Personal","Kondisi":"2","LastUser":"","Accessories1":"","Accessories2":"","Accessories3":"","Accessories4":"","Accessories5":"","HargaAccessories1":"0.00","HargaAccessories2":"0.00","HargaAccessories3":"0.00","HargaAccessories4":"0.00","HargaAccessories5":"0.00","OverKredit":"0","Restructure":"0","NoPolisLama":"","MailAddress":"SCRAMBLE","KabKodya":"SCRAMBLE","PostalCode":"15114","PaketMobil":"","CustType":"I","IdentityNo":"SCRAMBLE","BirthPlace":"SCRAMBLE","BirthDate":"20220212","Occupation":"Karyawan","AlamatKTP":"SCRAMBLE","KelurahanKTP":"SCRAMBLE","KecamatanKTP":"SCRAMBLE","KabKodyaKTP":"SCRAMBLE","ProvinsiKTP":"SCRAMBLE","PostalCodeKTP":"15114","DealerName":"F Mobil","PacketID":"CS20180084","InsuranceData":[{"KondisiPertanggungan":"","TJH":"","InsuredValue":"135000000.00","InsuredFrom":"2021-12-14T00:00:00","InsuredTo":"2022-12-14T00:00:00","Rate":"0.3212","GrossPremi":"433620.00","Discount":"0.0000","Adm":"14000.00","NetPremi":"433620.00","Amount2":"","Text2":"","PerluasanJaminan":{"TJH":"0","RSCC":"0","Banjir":"0","Accessories":"0"}},{"KondisiPertanggungan":"","TJH":"","InsuredValue":"135000000.00","InsuredFrom":"2022-12-14T00:00:00","InsuredTo":"2023-12-14T00:00:00","Rate":"0.3212","GrossPremi":"433620.00","Discount":"0.0000","Adm":"0.00","NetPremi":"433620.00","Amount2":"","Text2":"","PerluasanJaminan":{"TJH":"0","RSCC":"0","Banjir":"0","Accessories":"0"}},{"KondisiPertanggungan":"","TJH":"","InsuredValue":"135000000.00","InsuredFrom":"2023-12-14T00:00:00","InsuredTo":"2024-12-14T00:00:00","Rate":"0.3212","GrossPremi":"433620.00","Discount":"0.0000","Adm":"0.00","NetPremi":"433620.00","Amount2":"","Text2":"","PerluasanJaminan":{"TJH":"0","RSCC":"0","Banjir":"0","Accessories":"0"}},{"KondisiPertanggungan":"","TJH":"","InsuredValue":"135000000.00","InsuredFrom":"2024-12-14T00:00:00","InsuredTo":"2025-12-14T00:00:00","Rate":"0.3212","GrossPremi":"433620.00","Discount":"0.0000","Adm":"0.00","NetPremi":"433620.00","Amount2":"","Text2":"","PerluasanJaminan":{"TJH":"0","RSCC":"0","Banjir":"0","Accessories":"0"}}]},{"TipeOrder":"A","BatchID":"A_BCAFNEWTRKSBatch20211215001","NoRek":"1163001384","NoPin":"001","CustName":"SCRAMBLE","Pemohon":"PT BCAF QQ BCA","HargaPembelian":"101200000.00","Cabang":"1163","MerkID":"NIS","TypeMobil":"EVALIA 1.5 4X2 M\/T","JenisMobil":"1","TahunMobil":"2013","Warna":"PUTIH","NoRangka":"MHBK1CG1FDJ011469","NoMesin":"HR15981163B","NoPolisi":"B 1265 NYR","Amount2":"","NamaBPKB":"YEVI FACHREVI","KategoriMobil":"3 ","Text2":"","PenggunaanKendaraan":"Personal","Kondisi":"2","LastUser":"","Accessories1":"","Accessories2":"","Accessories3":"","Accessories4":"","Accessories5":"","HargaAccessories1":"0.00","HargaAccessories2":"0.00","HargaAccessories3":"0.00","HargaAccessories4":"0.00","HargaAccessories5":"0.00","OverKredit":"0","Restructure":"0","NoPolisLama":"","MailAddress":"SCRAMBLE","KabKodya":"SCRAMBLE","PostalCode":"17116","PaketMobil":"","CustType":"I","IdentityNo":"SCRAMBLE","BirthPlace":"SCRAMBLE","BirthDate":"20220212","Occupation":"Wiraswasta","AlamatKTP":"SCRAMBLE","KelurahanKTP":"SCRAMBLE","KecamatanKTP":"SCRAMBLE","KabKodyaKTP":"SCRAMBLE","ProvinsiKTP":"SCRAMBLE","PostalCodeKTP":"17116","DealerName":"Benefit Motor","PacketID":"000","InsuranceData":[{"KondisiPertanggungan":"","TJH":"","InsuredValue":"101200000.00","InsuredFrom":"2021-12-14T00:00:00","InsuredTo":"2022-12-14T00:00:00","Rate":"0.4745","GrossPremi":"480194.00","Discount":"0.0000","Adm":"14000.00","NetPremi":"480194.00","Amount2":"","Text2":"","PerluasanJaminan":{"TJH":"0","RSCC":"0","Banjir":"0","Accessories":"0"}},{"KondisiPertanggungan":"","TJH":"","InsuredValue":"101200000.00","InsuredFrom":"2022-12-14T00:00:00","InsuredTo":"2023-12-14T00:00:00","Rate":"0.4745","GrossPremi":"480194.00","Discount":"0.0000","Adm":"0.00","NetPremi":"480194.00","Amount2":"","Text2":"","PerluasanJaminan":{"TJH":"0","RSCC":"0","Banjir":"0","Accessories":"0"}},{"KondisiPertanggungan":"","TJH":"","InsuredValue":"101200000.00","InsuredFrom":"2023-12-14T00:00:00","InsuredTo":"2024-12-14T00:00:00","Rate":"0.4745","GrossPremi":"480194.00","Discount":"0.0000","Adm":"0.00","NetPremi":"480194.00","Amount2":"","Text2":"","PerluasanJaminan":{"TJH":"0","RSCC":"0","Banjir":"0","Accessories":"0"}},{"KondisiPertanggungan":"","TJH":"","InsuredValue":"101200000.00","InsuredFrom":"2024-12-14T00:00:00","InsuredTo":"2025-12-14T00:00:00","Rate":"0.4745","GrossPremi":"480194.00","Discount":"0.0000","Adm":"0.00","NetPremi":"480194.00","Amount2":"","Text2":"","PerluasanJaminan":{"TJH":"0","RSCC":"0","Banjir":"0","Accessories":"0"}}]},{"TipeOrder":"A","BatchID":"A_BCAFNEWTRKSBatch20211215001","NoRek":"1230006989","NoPin":"001","CustName":"SCRAMBLE","Pemohon":"PT BCAF QQ BCA","HargaPembelian":"176600000.00","Cabang":"1230","MerkID":"HON","TypeMobil":"ALL NEW BRIO SATYA E CVT 1.2","JenisMobil":"1","TahunMobil":"2021","Warna":"RALLYE RED","NoRangka":"MHRDD1850MJ113984","NoMesin":"L12B34339427","NoPolisi":"","Amount2":"","NamaBPKB":"MUKINAH","KategoriMobil":"1 ","Text2":"","PenggunaanKendaraan":"Personal","Kondisi":"1","LastUser":"","Accessories1":"","Accessories2":"","Accessories3":"","Accessories4":"","Accessories5":"","HargaAccessories1":"0.00","HargaAccessories2":"0.00","HargaAccessories3":"0.00","HargaAccessories4":"0.00","HargaAccessories5":"0.00","OverKredit":"0","Restructure":"0","NoPolisLama":"","MailAddress":"SCRAMBLE","KabKodya":"SCRAMBLE","PostalCode":"59163","PaketMobil":"","CustType":"I","IdentityNo":"SCRAMBLE","BirthPlace":"SCRAMBLE","BirthDate":"20220212","Occupation":"Professional","AlamatKTP":"SCRAMBLE","KelurahanKTP":"SCRAMBLE","KecamatanKTP":"SCRAMBLE","KabKodyaKTP":"SCRAMBLE","ProvinsiKTP":"SCRAMBLE","PostalCodeKTP":"59163","DealerName":"Kudus Jaya Motor, PT","PacketID":"MINIMAX015","InsuranceData":[{"KondisiPertanggungan":"","TJH":"","InsuredValue":"176600000.00","InsuredFrom":"2021-12-14T00:00:00","InsuredTo":"2022-12-14T00:00:00","Rate":"1.9637","GrossPremi":"3467894.00","Discount":"0.0000","Adm":"14000.00","NetPremi":"3467894.00","Amount2":"","Text2":"","PerluasanJaminan":{"TJH":"0","RSCC":"0","Banjir":"0","Accessories":"0"}},{"KondisiPertanggungan":"","TJH":"","InsuredValue":"176600000.00","InsuredFrom":"2022-12-14T00:00:00","InsuredTo":"2023-12-14T00:00:00","Rate":"0.3212","GrossPremi":"567239.00","Discount":"0.0000","Adm":"0.00","NetPremi":"567239.00","Amount2":"","Text2":"","PerluasanJaminan":{"TJH":"0","RSCC":"0","Banjir":"0","Accessories":"0"}},{"KondisiPertanggungan":"","TJH":"","InsuredValue":"176600000.00","InsuredFrom":"2023-12-14T00:00:00","InsuredTo":"2024-12-14T00:00:00","Rate":"0.3212","GrossPremi":"567239.00","Discount":"0.0000","Adm":"0.00","NetPremi":"567239.00","Amount2":"","Text2":"","PerluasanJaminan":{"TJH":"0","RSCC":"0","Banjir":"0","Accessories":"0"}},{"KondisiPertanggungan":"","TJH":"","InsuredValue":"176600000.00","InsuredFrom":"2024-12-14T00:00:00","InsuredTo":"2025-12-14T00:00:00","Rate":"0.3212","GrossPremi":"567239.00","Discount":"0.0000","Adm":"0.00","NetPremi":"567239.00","Amount2":"","Text2":"","PerluasanJaminan":{"TJH":"0","RSCC":"0","Banjir":"0","Accessories":"0"}}]},{"TipeOrder":"A","BatchID":"A_BCAFNEWTRKSBatch20211215001","NoRek":"1333001485","NoPin":"001","CustName":"SCRAMBLE","Pemohon":"PT BCAF QQ BCA","HargaPembelian":"206350000.00","Cabang":"1333","MerkID":"HON","TypeMobil":"BRIO RS 1.2 CVT CKD","JenisMobil":"1","TahunMobil":"2021","Warna":"TAFFETA WHITE","NoRangka":"MHRDD1890MJ110078","NoMesin":"L12B34340674","NoPolisi":"","Amount2":"","NamaBPKB":"PRIMA DEWI KUMALASARI","KategoriMobil":"3 ","Text2":"","PenggunaanKendaraan":"Personal","Kondisi":"1","LastUser":"","Accessories1":"","Accessories2":"","Accessories3":"","Accessories4":"","Accessories5":"","HargaAccessories1":"0.00","HargaAccessories2":"0.00","HargaAccessories3":"0.00","HargaAccessories4":"0.00","HargaAccessories5":"0.00","OverKredit":"0","Restructure":"0","NoPolisLama":"","MailAddress":"SCRAMBLE","KabKodya":"SCRAMBLE","PostalCode":"63312","PaketMobil":"","CustType":"I","IdentityNo":"SCRAMBLE","BirthPlace":"SCRAMBLE","BirthDate":"20220212","Occupation":"Karyawan","AlamatKTP":"SCRAMBLE","KelurahanKTP":"SCRAMBLE","KecamatanKTP":"SCRAMBLE","KabKodyaKTP":"SCRAMBLE","ProvinsiKTP":"SCRAMBLE","PostalCodeKTP":"63312","DealerName":"Surya Anugrah Gempita, PT","PacketID":"FIXCAP0648","InsuranceData":[{"KondisiPertanggungan":"","TJH":"","InsuredValue":"206350000.00","InsuredFrom":"2021-12-14T00:00:00","InsuredTo":"2022-12-14T00:00:00","Rate":"1.3067","GrossPremi":"2696375.00","Discount":"0.0000","Adm":"14000.00","NetPremi":"2696375.00","Amount2":"","Text2":"","PerluasanJaminan":{"TJH":"0","RSCC":"0","Banjir":"0","Accessories":"0"}},{"KondisiPertanggungan":"","TJH":"","InsuredValue":"206350000.00","InsuredFrom":"2022-12-14T00:00:00","InsuredTo":"2023-12-14T00:00:00","Rate":"0.2117","GrossPremi":"436843.00","Discount":"0.0000","Adm":"0.00","NetPremi":"436843.00","Amount2":"","Text2":"","PerluasanJaminan":{"TJH":"0","RSCC":"0","Banjir":"0","Accessories":"0"}},{"KondisiPertanggungan":"","TJH":"","InsuredValue":"206350000.00","InsuredFrom":"2023-12-14T00:00:00","InsuredTo":"2024-12-14T00:00:00","Rate":"0.2117","GrossPremi":"436843.00","Discount":"0.0000","Adm":"0.00","NetPremi":"436843.00","Amount2":"","Text2":"","PerluasanJaminan":{"TJH":"0","RSCC":"0","Banjir":"0","Accessories":"0"}},{"KondisiPertanggungan":"","TJH":"","InsuredValue":"206350000.00","InsuredFrom":"2024-12-14T00:00:00","InsuredTo":"2025-12-14T00:00:00","Rate":"0.2117","GrossPremi":"436843.00","Discount":"0.0000","Adm":"0.00","NetPremi":"436843.00","Amount2":"","Text2":"","PerluasanJaminan":{"TJH":"0","RSCC":"0","Banjir":"0","Accessories":"0"}},{"KondisiPertanggungan":"","TJH":"","InsuredValue":"206350000.00","InsuredFrom":"2025-12-14T00:00:00","InsuredTo":"2026-12-14T00:00:00","Rate":"0.2117","GrossPremi":"436843.00","Discount":"0.0000","Adm":"0.00","NetPremi":"436843.00","Amount2":"","Text2":"","PerluasanJaminan":{"TJH":"0","RSCC":"0","Banjir":"0","Accessories":"0"}}]},{"TipeOrder":"A","BatchID":"A_BCAFNEWTRKSBatch20211215001","NoRek":"9400010429","NoPin":"001","CustName":"SCRAMBLE","Pemohon":"PT BCAF","HargaPembelian":"233100000.00","Cabang":"9400","MerkID":"TYT","TypeMobil":"RAIZE 1.0 T G CVT","JenisMobil":"1","TahunMobil":"2021","Warna":"DARK GREY MICA MET","NoRangka":"MHKAA1BA4MJ025633","NoMesin":"1KRA647002","NoPolisi":"","Amount2":"","NamaBPKB":"VEGA TRIRIZKA","KategoriMobil":"14","Text2":"","PenggunaanKendaraan":"Personal","Kondisi":"1","LastUser":"","Accessories1":"","Accessories2":"","Accessories3":"","Accessories4":"","Accessories5":"","HargaAccessories1":"0.00","HargaAccessories2":"0.00","HargaAccessories3":"0.00","HargaAccessories4":"0.00","HargaAccessories5":"0.00","OverKredit":"0","Restructure":"0","NoPolisLama":"","MailAddress":"SCRAMBLE","KabKodya":"SCRAMBLE","PostalCode":"14240","PaketMobil":"","CustType":"I","IdentityNo":"SCRAMBLE","BirthPlace":"SCRAMBLE","BirthDate":"20220212","Occupation":"Karyawan","AlamatKTP":"SCRAMBLE","KelurahanKTP":"SCRAMBLE","KecamatanKTP":"SCRAMBLE","KabKodyaKTP":"SCRAMBLE","ProvinsiKTP":"SCRAMBLE","PostalCodeKTP":"14240","DealerName":"Astrido Jaya Mobilindo - Yos Sudarso","PacketID":"000","InsuranceData":[{"KondisiPertanggungan":"","TJH":"","InsuredValue":"233100000.00","InsuredFrom":"2021-12-14T00:00:00","InsuredTo":"2022-12-14T00:00:00","Rate":"1.5184","GrossPremi":"3539390.00","Discount":"0.0000","Adm":"14000.00","NetPremi":"3539390.00","Amount2":"","Text2":"","PerluasanJaminan":{"TJH":"0","RSCC":"0","Banjir":"0","Accessories":"0"}},{"KondisiPertanggungan":"","TJH":"","InsuredValue":"233100000.00","InsuredFrom":"2022-12-14T00:00:00","InsuredTo":"2023-12-14T00:00:00","Rate":"0.2774","GrossPremi":"646619.00","Discount":"0.0000","Adm":"0.00","NetPremi":"646619.00","Amount2":"","Text2":"","PerluasanJaminan":{"TJH":"0","RSCC":"0","Banjir":"0","Accessories":"0"}},{"KondisiPertanggungan":"","TJH":"","InsuredValue":"233100000.00","InsuredFrom":"2023-12-14T00:00:00","InsuredTo":"2024-12-14T00:00:00","Rate":"0.2774","GrossPremi":"646619.00","Discount":"0.0000","Adm":"0.00","NetPremi":"646619.00","Amount2":"","Text2":"","PerluasanJaminan":{"TJH":"0","RSCC":"0","Banjir":"0","Accessories":"0"}}]},{"TipeOrder":"A","BatchID":"A_BCAFNEWTRKSBatch20211215001","NoRek":"9400061664","NoPin":"003","CustName":"SCRAMBLE","Pemohon":"PT BCAF","HargaPembelian":"241400000.00","Cabang":"9400","MerkID":"TYT","TypeMobil":"AVANZA 1.5 G CVT","JenisMobil":"1","TahunMobil":"2021","Warna":"SILVER METALLIC","NoRangka":"MHKAB1BY4MK003961","NoMesin":"2NRG735397","NoPolisi":"","Amount2":"","NamaBPKB":"TOPAN PAMUNGKAS","KategoriMobil":"13","Text2":"","PenggunaanKendaraan":"Personal","Kondisi":"1","LastUser":"","Accessories1":"","Accessories2":"","Accessories3":"","Accessories4":"","Accessories5":"","HargaAccessories1":"0.00","HargaAccessories2":"0.00","HargaAccessories3":"0.00","HargaAccessories4":"0.00","HargaAccessories5":"0.00","OverKredit":"0","Restructure":"0","NoPolisLama":"","MailAddress":"SCRAMBLE","KabKodya":"SCRAMBLE","PostalCode":"14130","PaketMobil":"","CustType":"I","IdentityNo":"3172043008910007","BirthPlace":"SCRAMBLE","BirthDate":"19910830","Occupation":"Karyawan","AlamatKTP":"SCRAMBLE","KelurahanKTP":"SCRAMBLE","KecamatanKTP":"SCRAMBLE","KabKodyaKTP":"SCRAMBLE","ProvinsiKTP":"SCRAMBLE","PostalCodeKTP":"14130","DealerName":"Astrido Jaya Mobilindo - Yos Sudarso","PacketID":"000","InsuranceData":[{"KondisiPertanggungan":"","TJH":"","InsuredValue":"241400000.00","InsuredFrom":"2023-12-14T00:00:00","InsuredTo":"2024-12-14T00:00:00","Rate":"1.5184","GrossPremi":"3665418.00","Discount":"0.0000","Adm":"0.00","NetPremi":"3665418.00","Amount2":"","Text2":"","PerluasanJaminan":{"TJH":"0","RSCC":"0","Banjir":"0","Accessories":"0"}},{"KondisiPertanggungan":"","TJH":"","InsuredValue":"241400000.00","InsuredFrom":"2024-12-14T00:00:00","InsuredTo":"2025-12-14T00:00:00","Rate":"1.5184","GrossPremi":"3665418.00","Discount":"0.0000","Adm":"0.00","NetPremi":"3665418.00","Amount2":"","Text2":"","PerluasanJaminan":{"TJH":"0","RSCC":"0","Banjir":"0","Accessories":"0"}},{"KondisiPertanggungan":"","TJH":"","InsuredValue":"241400000.00","InsuredFrom":"2021-12-14T00:00:00","InsuredTo":"2022-12-14T00:00:00","Rate":"1.5184","GrossPremi":"3665418.00","Discount":"0.0000","Adm":"14000.00","NetPremi":"3665418.00","Amount2":"","Text2":"","PerluasanJaminan":{"TJH":"0","RSCC":"0","Banjir":"0","Accessories":"0"}},{"KondisiPertanggungan":"","TJH":"","InsuredValue":"241400000.00","InsuredFrom":"2022-12-14T00:00:00","InsuredTo":"2023-12-14T00:00:00","Rate":"1.5184","GrossPremi":"3665418.00","Discount":"0.0000","Adm":"0.00","NetPremi":"3665418.00","Amount2":"","Text2":"","PerluasanJaminan":{"TJH":"0","RSCC":"0","Banjir":"0","Accessories":"0"}}]},{"TipeOrder":"A","BatchID":"A_BCAFNEWTRKSBatch20211215001","NoRek":"9430010695","NoPin":"001","CustName":"SCRAMBLE","Pemohon":"PT BCAF","HargaPembelian":"272100000.00","Cabang":"9430","MerkID":"TYT","TypeMobil":"VELOZ 1.5 Q CVT","JenisMobil":"1","TahunMobil":"2021","Warna":"PLATINUM WHITE PEARL","NoRangka":"MHFAB1BYXM0003652","NoMesin":"2NRX780646","NoPolisi":"","Amount2":"","NamaBPKB":"ANTON","KategoriMobil":"13","Text2":"","PenggunaanKendaraan":"Personal","Kondisi":"1","LastUser":"","Accessories1":"","Accessories2":"","Accessories3":"","Accessories4":"","Accessories5":"","HargaAccessories1":"0.00","HargaAccessories2":"0.00","HargaAccessories3":"0.00","HargaAccessories4":"0.00","HargaAccessories5":"0.00","OverKredit":"0","Restructure":"0","NoPolisLama":"","MailAddress":"SCRAMBLE","KabKodya":"SCRAMBLE","PostalCode":"15334","PaketMobil":"","CustType":"I","IdentityNo":"SCRAMBLE","BirthPlace":"SCRAMBLE","BirthDate":"20220212","Occupation":"Wiraswasta","AlamatKTP":"SCRAMBLE","KelurahanKTP":"SCRAMBLE","KecamatanKTP":"SCRAMBLE","KabKodyaKTP":"SCRAMBLE","ProvinsiKTP":"SCRAMBLE","PostalCodeKTP":"15334","DealerName":"Astrido Toyota Pondok Indah","PacketID":"000","InsuranceData":[{"KondisiPertanggungan":"","TJH":"","InsuredValue":"272100000.00","InsuredFrom":"2021-12-14T00:00:00","InsuredTo":"2022-12-14T00:00:00","Rate":"1.5184","GrossPremi":"4131566.00","Discount":"0.0000","Adm":"14000.00","NetPremi":"4131566.00","Amount2":"","Text2":"","PerluasanJaminan":{"TJH":"0","RSCC":"0","Banjir":"0","Accessories":"0"}},{"KondisiPertanggungan":"","TJH":"","InsuredValue":"272100000.00","InsuredFrom":"2022-12-14T00:00:00","InsuredTo":"2023-12-14T00:00:00","Rate":"0.2774","GrossPremi":"754805.00","Discount":"0.0000","Adm":"0.00","NetPremi":"754805.00","Amount2":"","Text2":"","PerluasanJaminan":{"TJH":"0","RSCC":"0","Banjir":"0","Accessories":"0"}},{"KondisiPertanggungan":"","TJH":"","InsuredValue":"272100000.00","InsuredFrom":"2023-12-14T00:00:00","InsuredTo":"2024-12-14T00:00:00","Rate":"0.2774","GrossPremi":"754805.00","Discount":"0.0000","Adm":"0.00","NetPremi":"754805.00","Amount2":"","Text2":"","PerluasanJaminan":{"TJH":"0","RSCC":"0","Banjir":"0","Accessories":"0"}},{"KondisiPertanggungan":"","TJH":"","InsuredValue":"272100000.00","InsuredFrom":"2024-12-14T00:00:00","InsuredTo":"2025-12-14T00:00:00","Rate":"0.2774","GrossPremi":"754805.00","Discount":"0.0000","Adm":"0.00","NetPremi":"754805.00","Amount2":"","Text2":"","PerluasanJaminan":{"TJH":"0","RSCC":"0","Banjir":"0","Accessories":"0"}}]},{"TipeOrder":"A","BatchID":"A_BCAFNEWTRKSBatch20211215001","NoRek":"9430010714","NoPin":"001","CustName":"SCRAMBLE","Pemohon":"PT BCAF QQ BCA","HargaPembelian":"272100000.00","Cabang":"9430","MerkID":"TYT","TypeMobil":"ALL NEW VELOZ 1.5 Q CVT","JenisMobil":"1","TahunMobil":"2021","Warna":"BLACK METALLIC","NoRangka":"MHFAB1BY8M0005853","NoMesin":"2NRX785578","NoPolisi":"","Amount2":"","NamaBPKB":"IDA FITRIA","KategoriMobil":"13","Text2":"","PenggunaanKendaraan":"Personal","Kondisi":"1","LastUser":"","Accessories1":"","Accessories2":"","Accessories3":"","Accessories4":"","Accessories5":"","HargaAccessories1":"0.00","HargaAccessories2":"0.00","HargaAccessories3":"0.00","HargaAccessories4":"0.00","HargaAccessories5":"0.00","OverKredit":"0","Restructure":"0","NoPolisLama":"","MailAddress":"SCRAMBLE","KabKodya":"SCRAMBLE","PostalCode":"14460","PaketMobil":"","CustType":"I","IdentityNo":"SCRAMBLE","BirthPlace":"SCRAMBLE","BirthDate":"20220212","Occupation":"Wiraswasta","AlamatKTP":"SCRAMBLE","KelurahanKTP":"SCRAMBLE","KecamatanKTP":"SCRAMBLE","KabKodyaKTP":"SCRAMBLE","ProvinsiKTP":"SCRAMBLE","PostalCodeKTP":"14460","DealerName":"Astrido Toyota Fatmawati","PacketID":"FIXCAP0648","InsuranceData":[{"KondisiPertanggungan":"","TJH":"","InsuredValue":"272100000.00","InsuredFrom":"2021-12-14T00:00:00","InsuredTo":"2022-12-14T00:00:00","Rate":"1.5184","GrossPremi":"4131566.00","Discount":"0.0000","Adm":"14000.00","NetPremi":"4131566.00","Amount2":"","Text2":"","PerluasanJaminan":{"TJH":"0","RSCC":"0","Banjir":"0","Accessories":"0"}},{"KondisiPertanggungan":"","TJH":"","InsuredValue":"272100000.00","InsuredFrom":"2022-12-14T00:00:00","InsuredTo":"2023-12-14T00:00:00","Rate":"0.2774","GrossPremi":"754805.00","Discount":"0.0000","Adm":"0.00","NetPremi":"754805.00","Amount2":"","Text2":"","PerluasanJaminan":{"TJH":"0","RSCC":"0","Banjir":"0","Accessories":"0"}},{"KondisiPertanggungan":"","TJH":"","InsuredValue":"272100000.00","InsuredFrom":"2023-12-14T00:00:00","InsuredTo":"2024-12-14T00:00:00","Rate":"0.2774","GrossPremi":"754805.00","Discount":"0.0000","Adm":"0.00","NetPremi":"754805.00","Amount2":"","Text2":"","PerluasanJaminan":{"TJH":"0","RSCC":"0","Banjir":"0","Accessories":"0"}},{"KondisiPertanggungan":"","TJH":"","InsuredValue":"272100000.00","InsuredFrom":"2024-12-14T00:00:00","InsuredTo":"2025-12-14T00:00:00","Rate":"0.2774","GrossPremi":"754805.00","Discount":"0.0000","Adm":"0.00","NetPremi":"754805.00","Amount2":"","Text2":"","PerluasanJaminan":{"TJH":"0","RSCC":"0","Banjir":"0","Accessories":"0"}},{"KondisiPertanggungan":"","TJH":"","InsuredValue":"272100000.00","InsuredFrom":"2025-12-14T00:00:00","InsuredTo":"2026-12-14T00:00:00","Rate":"0.2774","GrossPremi":"754805.00","Discount":"0.0000","Adm":"0.00","NetPremi":"754805.00","Amount2":"","Text2":"","PerluasanJaminan":{"TJH":"0","RSCC":"0","Banjir":"0","Accessories":"0"}}]},{"TipeOrder":"A","BatchID":"A_BCAFNEWTRKSBatch20211215001","NoRek":"9430010718","NoPin":"001","CustName":"SCRAMBLE","Pemohon":"PT BCAF","HargaPembelian":"204000000.00","Cabang":"9430","MerkID":"DAI","TypeMobil":"ALL NEW XENIA 1.3 R M\/T","JenisMobil":"1","TahunMobil":"2021","Warna":"HITAM METALIK","NoRangka":"MHKAA1AY1MK001296","NoMesin":"1NRG164729","NoPolisi":"","Amount2":"","NamaBPKB":"MAJU HUTAGALUNG","KategoriMobil":"3 ","Text2":"","PenggunaanKendaraan":"Personal","Kondisi":"1","LastUser":"","Accessories1":"","Accessories2":"","Accessories3":"","Accessories4":"","Accessories5":"","HargaAccessories1":"0.00","HargaAccessories2":"0.00","HargaAccessories3":"0.00","HargaAccessories4":"0.00","HargaAccessories5":"0.00","OverKredit":"0","Restructure":"0","NoPolisLama":"","MailAddress":"SCRAMBLE","KabKodya":"SCRAMBLE","PostalCode":"13870","PaketMobil":"","CustType":"I","IdentityNo":"SCRAMBLE","BirthPlace":"SCRAMBLE","BirthDate":"20220212","Occupation":"Karyawan","AlamatKTP":"SCRAMBLE","KelurahanKTP":"SCRAMBLE","KecamatanKTP":"SCRAMBLE","KabKodyaKTP":"SCRAMBLE","ProvinsiKTP":"SCRAMBLE","PostalCodeKTP":"13870","DealerName":"Asco Prima M Fatmawati","PacketID":"FIXCAP0680","InsuranceData":[{"KondisiPertanggungan":"","TJH":"","InsuredValue":"204000000.00","InsuredFrom":"2021-12-14T00:00:00","InsuredTo":"2022-12-14T00:00:00","Rate":"1.5184","GrossPremi":"3097536.00","Discount":"0.0000","Adm":"14000.00","NetPremi":"3097536.00","Amount2":"","Text2":"","PerluasanJaminan":{"TJH":"0","RSCC":"0","Banjir":"0","Accessories":"0"}},{"KondisiPertanggungan":"","TJH":"","InsuredValue":"204000000.00","InsuredFrom":"2022-12-14T00:00:00","InsuredTo":"2023-12-14T00:00:00","Rate":"0.2774","GrossPremi":"565896.00","Discount":"0.0000","Adm":"0.00","NetPremi":"565896.00","Amount2":"","Text2":"","PerluasanJaminan":{"TJH":"0","RSCC":"0","Banjir":"0","Accessories":"0"}},{"KondisiPertanggungan":"","TJH":"","InsuredValue":"204000000.00","InsuredFrom":"2023-12-14T00:00:00","InsuredTo":"2024-12-14T00:00:00","Rate":"0.2774","GrossPremi":"565896.00","Discount":"0.0000","Adm":"0.00","NetPremi":"565896.00","Amount2":"","Text2":"","PerluasanJaminan":{"TJH":"0","RSCC":"0","Banjir":"0","Accessories":"0"}},{"KondisiPertanggungan":"","TJH":"","InsuredValue":"204000000.00","InsuredFrom":"2024-12-14T00:00:00","InsuredTo":"2025-12-14T00:00:00","Rate":"0.2774","GrossPremi":"565896.00","Discount":"0.0000","Adm":"0.00","NetPremi":"565896.00","Amount2":"","Text2":"","PerluasanJaminan":{"TJH":"0","RSCC":"0","Banjir":"0","Accessories":"0"}},{"KondisiPertanggungan":"","TJH":"","InsuredValue":"204000000.00","InsuredFrom":"2025-12-14T00:00:00","InsuredTo":"2026-12-14T00:00:00","Rate":"0.2774","GrossPremi":"565896.00","Discount":"0.0000","Adm":"0.00","NetPremi":"565896.00","Amount2":"","Text2":"","PerluasanJaminan":{"TJH":"0","RSCC":"0","Banjir":"0","Accessories":"0"}},{"KondisiPertanggungan":"","TJH":"","InsuredValue":"204000000.00","InsuredFrom":"2026-12-14T00:00:00","InsuredTo":"2027-12-14T00:00:00","Rate":"0.2774","GrossPremi":"565896.00","Discount":"0.0000","Adm":"0.00","NetPremi":"565896.00","Amount2":"","Text2":"","PerluasanJaminan":{"TJH":"0","RSCC":"0","Banjir":"0","Accessories":"0"}}]},{"TipeOrder":"A","BatchID":"A_BCAFNEWTRKSBatch20211215001","NoRek":"9430010721","NoPin":"001","CustName":"SCRAMBLE","Pemohon":"PT BCAF QQ BCA","HargaPembelian":"243700000.00","Cabang":"9430","MerkID":"DAI","TypeMobil":"ALL NEW TERIOS R AT STD","JenisMobil":"1","TahunMobil":"2021","Warna":"HITAM METALIK","NoRangka":"MHKG8FB2JMK014668","NoMesin":"2NRG731315","NoPolisi":"","Amount2":"","NamaBPKB":"LELI NURHAYATI","KategoriMobil":"3 ","Text2":"","PenggunaanKendaraan":"Personal","Kondisi":"1","LastUser":"","Accessories1":"","Accessories2":"","Accessories3":"","Accessories4":"","Accessories5":"","HargaAccessories1":"0.00","HargaAccessories2":"0.00","HargaAccessories3":"0.00","HargaAccessories4":"0.00","HargaAccessories5":"0.00","OverKredit":"0","Restructure":"0","NoPolisLama":"","MailAddress":"SCRAMBLE","KabKodya":"SCRAMBLE","PostalCode":"12520","PaketMobil":"","CustType":"I","IdentityNo":"SCRAMBLE","BirthPlace":"SCRAMBLE","BirthDate":"20220212","Occupation":"Karyawan","AlamatKTP":"SCRAMBLE","KelurahanKTP":"SCRAMBLE","KecamatanKTP":"SCRAMBLE","KabKodyaKTP":"SCRAMBLE","ProvinsiKTP":"SCRAMBLE","PostalCodeKTP":"12520","DealerName":"Asco Prima M Fatmawati","PacketID":"000","InsuranceData":[{"KondisiPertanggungan":"","TJH":"","InsuredValue":"243700000.00","InsuredFrom":"2021-12-14T00:00:00","InsuredTo":"2022-12-14T00:00:00","Rate":"1.5184","GrossPremi":"3700341.00","Discount":"0.0000","Adm":"14000.00","NetPremi":"3700341.00","Amount2":"","Text2":"","PerluasanJaminan":{"TJH":"0","RSCC":"0","Banjir":"0","Accessories":"0"}},{"KondisiPertanggungan":"","TJH":"","InsuredValue":"243700000.00","InsuredFrom":"2022-12-14T00:00:00","InsuredTo":"2023-12-14T00:00:00","Rate":"0.2774","GrossPremi":"676024.00","Discount":"0.0000","Adm":"0.00","NetPremi":"676024.00","Amount2":"","Text2":"","PerluasanJaminan":{"TJH":"0","RSCC":"0","Banjir":"0","Accessories":"0"}},{"KondisiPertanggungan":"","TJH":"","InsuredValue":"243700000.00","InsuredFrom":"2023-12-14T00:00:00","InsuredTo":"2024-12-14T00:00:00","Rate":"0.2774","GrossPremi":"676024.00","Discount":"0.0000","Adm":"0.00","NetPremi":"676024.00","Amount2":"","Text2":"","PerluasanJaminan":{"TJH":"0","RSCC":"0","Banjir":"0","Accessories":"0"}},{"KondisiPertanggungan":"","TJH":"","InsuredValue":"243700000.00","InsuredFrom":"2024-12-14T00:00:00","InsuredTo":"2025-12-14T00:00:00","Rate":"0.2774","GrossPremi":"676024.00","Discount":"0.0000","Adm":"0.00","NetPremi":"676024.00","Amount2":"","Text2":"","PerluasanJaminan":{"TJH":"0","RSCC":"0","Banjir":"0","Accessories":"0"}}]},{"TipeOrder":"A","BatchID":"A_BCAFNEWTRKSBatch20211215001","NoRek":"9446009985","NoPin":"001","CustName":"SCRAMBLE","Pemohon":"PT BCAF QQ BCA","HargaPembelian":"302000000.00","Cabang":"9446","MerkID":"HON","TypeMobil":"ALL NEW CITY HATCHBACK RS CVT","JenisMobil":"1","TahunMobil":"2021","Warna":"RALLYE RED","NoRangka":"MHRGN5880MJ206321","NoMesin":"L15ZF1007482","NoPolisi":"","Amount2":"","NamaBPKB":"HENY NURAENI, SPD","KategoriMobil":"1 ","Text2":"","PenggunaanKendaraan":"Personal","Kondisi":"1","LastUser":"","Accessories1":"","Accessories2":"","Accessories3":"","Accessories4":"","Accessories5":"","HargaAccessories1":"0.00","HargaAccessories2":"0.00","HargaAccessories3":"0.00","HargaAccessories4":"0.00","HargaAccessories5":"0.00","OverKredit":"0","Restructure":"0","NoPolisLama":"","MailAddress":"SCRAMBLE","KabKodya":"SCRAMBLE","PostalCode":"15570","PaketMobil":"","CustType":"I","IdentityNo":"SCRAMBLE","BirthPlace":"SCRAMBLE","BirthDate":"20220212","Occupation":"Karyawan","AlamatKTP":"SCRAMBLE","KelurahanKTP":"SCRAMBLE","KecamatanKTP":"SCRAMBLE","KabKodyaKTP":"SCRAMBLE","ProvinsiKTP":"SCRAMBLE","PostalCodeKTP":"15570","DealerName":"Pro Union Indo Jaya Modernland","PacketID":"FIXCAP0679","InsuranceData":[{"KondisiPertanggungan":"","TJH":"","InsuredValue":"302000000.00","InsuredFrom":"2021-12-14T00:00:00","InsuredTo":"2022-12-14T00:00:00","Rate":"1.5184","GrossPremi":"4585568.00","Discount":"0.0000","Adm":"14000.00","NetPremi":"4585568.00","Amount2":"","Text2":"","PerluasanJaminan":{"TJH":"0","RSCC":"0","Banjir":"0","Accessories":"0"}},{"KondisiPertanggungan":"","TJH":"","InsuredValue":"302000000.00","InsuredFrom":"2022-12-14T00:00:00","InsuredTo":"2023-12-14T00:00:00","Rate":"0.2774","GrossPremi":"837748.00","Discount":"0.0000","Adm":"0.00","NetPremi":"837748.00","Amount2":"","Text2":"","PerluasanJaminan":{"TJH":"0","RSCC":"0","Banjir":"0","Accessories":"0"}},{"KondisiPertanggungan":"","TJH":"","InsuredValue":"302000000.00","InsuredFrom":"2023-12-14T00:00:00","InsuredTo":"2024-12-14T00:00:00","Rate":"0.2774","GrossPremi":"837748.00","Discount":"0.0000","Adm":"0.00","NetPremi":"837748.00","Amount2":"","Text2":"","PerluasanJaminan":{"TJH":"0","RSCC":"0","Banjir":"0","Accessories":"0"}},{"KondisiPertanggungan":"","TJH":"","InsuredValue":"302000000.00","InsuredFrom":"2024-12-14T00:00:00","InsuredTo":"2025-12-14T00:00:00","Rate":"0.2774","GrossPremi":"837748.00","Discount":"0.0000","Adm":"0.00","NetPremi":"837748.00","Amount2":"","Text2":"","PerluasanJaminan":{"TJH":"0","RSCC":"0","Banjir":"0","Accessories":"0"}},{"KondisiPertanggungan":"","TJH":"","InsuredValue":"302000000.00","InsuredFrom":"2025-12-14T00:00:00","InsuredTo":"2026-12-14T00:00:00","Rate":"0.2774","GrossPremi":"837748.00","Discount":"0.0000","Adm":"0.00","NetPremi":"837748.00","Amount2":"","Text2":"","PerluasanJaminan":{"TJH":"0","RSCC":"0","Banjir":"0","Accessories":"0"}}]},{"TipeOrder":"A","BatchID":"A_BCAFNEWTRKSBatch20211215001","NoRek":"9446009990","NoPin":"001","CustName":"SCRAMBLE","Pemohon":"PT BCAF QQ BCA","HargaPembelian":"302000000.00","Cabang":"9446","MerkID":"HON","TypeMobil":"ALL NEW CITY HATCHBACK RS CVT","JenisMobil":"1","TahunMobil":"2021","Warna":"METEOROID GRAY METALLIC","NoRangka":"MHRGN5880MJ204680","NoMesin":"L15ZF1005833","NoPolisi":"","Amount2":"","NamaBPKB":"HERRY SETIAWAN, ST","KategoriMobil":"1 ","Text2":"","PenggunaanKendaraan":"Personal","Kondisi":"1","LastUser":"","Accessories1":"","Accessories2":"","Accessories3":"","Accessories4":"","Accessories5":"","HargaAccessories1":"0.00","HargaAccessories2":"0.00","HargaAccessories3":"0.00","HargaAccessories4":"0.00","HargaAccessories5":"0.00","OverKredit":"0","Restructure":"0","NoPolisLama":"","MailAddress":"SCRAMBLE","KabKodya":"SCRAMBLE","PostalCode":"15141","PaketMobil":"","CustType":"I","IdentityNo":"SCRAMBLE","BirthPlace":"SCRAMBLE","BirthDate":"20220212","Occupation":"Karyawan","AlamatKTP":"SCRAMBLE","KelurahanKTP":"SCRAMBLE","KecamatanKTP":"SCRAMBLE","KabKodyaKTP":"SCRAMBLE","ProvinsiKTP":"SCRAMBLE","PostalCodeKTP":"15141","DealerName":"Pro Union Indo Jaya Modernland","PacketID":"FIXCAP0648","InsuranceData":[{"KondisiPertanggungan":"","TJH":"","InsuredValue":"302000000.00","InsuredFrom":"2021-12-14T00:00:00","InsuredTo":"2022-12-14T00:00:00","Rate":"1.5184","GrossPremi":"4585568.00","Discount":"0.0000","Adm":"14000.00","NetPremi":"4585568.00","Amount2":"","Text2":"","PerluasanJaminan":{"TJH":"0","RSCC":"0","Banjir":"0","Accessories":"0"}},{"KondisiPertanggungan":"","TJH":"","InsuredValue":"302000000.00","InsuredFrom":"2022-12-14T00:00:00","InsuredTo":"2023-12-14T00:00:00","Rate":"1.5184","GrossPremi":"4585568.00","Discount":"0.0000","Adm":"0.00","NetPremi":"4585568.00","Amount2":"","Text2":"","PerluasanJaminan":{"TJH":"0","RSCC":"0","Banjir":"0","Accessories":"0"}},{"KondisiPertanggungan":"","TJH":"","InsuredValue":"302000000.00","InsuredFrom":"2023-12-14T00:00:00","InsuredTo":"2024-12-14T00:00:00","Rate":"1.5184","GrossPremi":"4585568.00","Discount":"0.0000","Adm":"0.00","NetPremi":"4585568.00","Amount2":"","Text2":"","PerluasanJaminan":{"TJH":"0","RSCC":"0","Banjir":"0","Accessories":"0"}},{"KondisiPertanggungan":"","TJH":"","InsuredValue":"302000000.00","InsuredFrom":"2024-12-14T00:00:00","InsuredTo":"2025-12-14T00:00:00","Rate":"1.5184","GrossPremi":"4585568.00","Discount":"0.0000","Adm":"0.00","NetPremi":"4585568.00","Amount2":"","Text2":"","PerluasanJaminan":{"TJH":"0","RSCC":"0","Banjir":"0","Accessories":"0"}},{"KondisiPertanggungan":"","TJH":"","InsuredValue":"302000000.00","InsuredFrom":"2025-12-14T00:00:00","InsuredTo":"2026-12-14T00:00:00","Rate":"1.5184","GrossPremi":"4585568.00","Discount":"0.0000","Adm":"0.00","NetPremi":"4585568.00","Amount2":"","Text2":"","PerluasanJaminan":{"TJH":"0","RSCC":"0","Banjir":"0","Accessories":"0"}}]},{"TipeOrder":"A","BatchID":"A_BCAFNEWTRKSBatch20211215001","NoRek":"9460011955","NoPin":"001","CustName":"SCRAMBLE","Pemohon":"PT BCAF","HargaPembelian":"267100000.00","Cabang":"9460","MerkID":"TYT","TypeMobil":"ALL NEW RUSH 1.5 AT GR SPORT","JenisMobil":"1","TahunMobil":"2021","Warna":"BLACK METALLIC","NoRangka":"MHKE8FB3JMK061146","NoMesin":"2NRG736076","NoPolisi":"","Amount2":"","NamaBPKB":"NADYA INDAH ASTARI","KategoriMobil":"13","Text2":"","PenggunaanKendaraan":"Personal","Kondisi":"1","LastUser":"","Accessories1":"","Accessories2":"","Accessories3":"","Accessories4":"","Accessories5":"","HargaAccessories1":"0.00","HargaAccessories2":"0.00","HargaAccessories3":"0.00","HargaAccessories4":"0.00","HargaAccessories5":"0.00","OverKredit":"0","Restructure":"0","NoPolisLama":"","MailAddress":"SCRAMBLE","KabKodya":"SCRAMBLE","PostalCode":"11180","PaketMobil":"","CustType":"I","IdentityNo":"3173045712950003","BirthPlace":"SCRAMBLE","BirthDate":"19951217","Occupation":"Wiraswasta","AlamatKTP":"SCRAMBLE","KelurahanKTP":"SCRAMBLE","KecamatanKTP":"SCRAMBLE","KabKodyaKTP":"SCRAMBLE","ProvinsiKTP":"SCRAMBLE","PostalCodeKTP":"11180","DealerName":"Astrido Jaya Mobilindo - Penjaringan","PacketID":"CS20210015","InsuranceData":[{"KondisiPertanggungan":"","TJH":"","InsuredValue":"267100000.00","InsuredFrom":"2021-12-14T00:00:00","InsuredTo":"2022-12-14T00:00:00","Rate":"1.5184","GrossPremi":"4055646.00","Discount":"0.0000","Adm":"14000.00","NetPremi":"4055646.00","Amount2":"","Text2":"","PerluasanJaminan":{"TJH":"0","RSCC":"0","Banjir":"0","Accessories":"0"}},{"KondisiPertanggungan":"","TJH":"","InsuredValue":"267100000.00","InsuredFrom":"2022-12-14T00:00:00","InsuredTo":"2023-12-14T00:00:00","Rate":"0.2774","GrossPremi":"740935.00","Discount":"0.0000","Adm":"0.00","NetPremi":"740935.00","Amount2":"","Text2":"","PerluasanJaminan":{"TJH":"0","RSCC":"0","Banjir":"0","Accessories":"0"}},{"KondisiPertanggungan":"","TJH":"","InsuredValue":"267100000.00","InsuredFrom":"2023-12-14T00:00:00","InsuredTo":"2024-12-14T00:00:00","Rate":"0.2774","GrossPremi":"740935.00","Discount":"0.0000","Adm":"0.00","NetPremi":"740935.00","Amount2":"","Text2":"","PerluasanJaminan":{"TJH":"0","RSCC":"0","Banjir":"0","Accessories":"0"}}]},{"TipeOrder":"A","BatchID":"A_BCAFNEWTRKSBatch20211215001","NoRek":"9481015610","NoPin":"001","CustName":"SCRAMBLE","Pemohon":"PT BCAF","HargaPembelian":"127500000.00","Cabang":"9481","MerkID":"TYT","TypeMobil":"AVANZA 1.3 E M\/T","JenisMobil":"1","TahunMobil":"2017","Warna":"HITAM METALIK","NoRangka":"MHKM5EA2JHK035360","NoMesin":"1NRF319498","NoPolisi":"L 1567 II","Amount2":"","NamaBPKB":"CSM CORPORATAMA, PT","KategoriMobil":"3 ","Text2":"","PenggunaanKendaraan":"Personal","Kondisi":"2","LastUser":"","Accessories1":"","Accessories2":"","Accessories3":"","Accessories4":"","Accessories5":"","HargaAccessories1":"0.00","HargaAccessories2":"0.00","HargaAccessories3":"0.00","HargaAccessories4":"0.00","HargaAccessories5":"0.00","OverKredit":"0","Restructure":"0","NoPolisLama":"","MailAddress":"SCRAMBLE","KabKodya":"SCRAMBLE","PostalCode":"60134","PaketMobil":"","CustType":"I","IdentityNo":"SCRAMBLE","BirthPlace":"SCRAMBLE","BirthDate":"20220212","Occupation":"Wiraswasta","AlamatKTP":"SCRAMBLE","KelurahanKTP":"SCRAMBLE","KecamatanKTP":"SCRAMBLE","KabKodyaKTP":"SCRAMBLE","ProvinsiKTP":"SCRAMBLE","PostalCodeKTP":"60134","DealerName":"OLX AUTOS","PacketID":"000","InsuranceData":[{"KondisiPertanggungan":"","TJH":"","InsuredValue":"127500000.00","InsuredFrom":"2021-12-14T00:00:00","InsuredTo":"2022-12-14T00:00:00","Rate":"0.3212","GrossPremi":"409530.00","Discount":"0.0000","Adm":"14000.00","NetPremi":"409530.00","Amount2":"","Text2":"","PerluasanJaminan":{"TJH":"0","RSCC":"0","Banjir":"0","Accessories":"0"}},{"KondisiPertanggungan":"","TJH":"","InsuredValue":"127500000.00","InsuredFrom":"2022-12-14T00:00:00","InsuredTo":"2023-12-14T00:00:00","Rate":"0.3212","GrossPremi":"409530.00","Discount":"0.0000","Adm":"0.00","NetPremi":"409530.00","Amount2":"","Text2":"","PerluasanJaminan":{"TJH":"0","RSCC":"0","Banjir":"0","Accessories":"0"}},{"KondisiPertanggungan":"","TJH":"","InsuredValue":"127500000.00","InsuredFrom":"2023-12-14T00:00:00","InsuredTo":"2024-12-14T00:00:00","Rate":"0.3212","GrossPremi":"409530.00","Discount":"0.0000","Adm":"0.00","NetPremi":"409530.00","Amount2":"","Text2":"","PerluasanJaminan":{"TJH":"0","RSCC":"0","Banjir":"0","Accessories":"0"}},{"KondisiPertanggungan":"","TJH":"","InsuredValue":"127500000.00","InsuredFrom":"2024-12-14T00:00:00","InsuredTo":"2025-12-14T00:00:00","Rate":"0.3212","GrossPremi":"409530.00","Discount":"0.0000","Adm":"0.00","NetPremi":"409530.00","Amount2":"","Text2":"","PerluasanJaminan":{"TJH":"0","RSCC":"0","Banjir":"0","Accessories":"0"}}]},{"TipeOrder":"A","BatchID":"A_BCAFNEWTRKSBatch20211215001","NoRek":"9481015628","NoPin":"001","CustName":"SCRAMBLE","Pemohon":"PT BCAF","HargaPembelian":"181000000.00","Cabang":"9481","MerkID":"HON","TypeMobil":"JAZZ GK5 1.5 RS CVT CKD","JenisMobil":"1","TahunMobil":"2014","Warna":"PUTIH ORCHID MUTIARA","NoRangka":"MHRGK5860EJ407202","NoMesin":"L15Z51012692","NoPolisi":"L 1077 GA","Amount2":"","NamaBPKB":"STEVANY WIDARNO","KategoriMobil":"3 ","Text2":"","PenggunaanKendaraan":"Personal","Kondisi":"2","LastUser":"","Accessories1":"","Accessories2":"","Accessories3":"","Accessories4":"","Accessories5":"","HargaAccessories1":"0.00","HargaAccessories2":"0.00","HargaAccessories3":"0.00","HargaAccessories4":"0.00","HargaAccessories5":"0.00","OverKredit":"0","Restructure":"0","NoPolisLama":"","MailAddress":"SCRAMBLE","KabKodya":"SCRAMBLE","PostalCode":"61252","PaketMobil":"","CustType":"I","IdentityNo":"SCRAMBLE","BirthPlace":"SCRAMBLE","BirthDate":"20220212","Occupation":"Karyawan","AlamatKTP":"SCRAMBLE","KelurahanKTP":"SCRAMBLE","KecamatanKTP":"SCRAMBLE","KabKodyaKTP":"SCRAMBLE","ProvinsiKTP":"SCRAMBLE","PostalCodeKTP":"61252","DealerName":"Muksin Mobil, UD DTC","PacketID":"000","InsuranceData":[{"KondisiPertanggungan":"","TJH":"","InsuredValue":"181000000.00","InsuredFrom":"2021-12-14T00:00:00","InsuredTo":"2022-12-14T00:00:00","Rate":"0.3212","GrossPremi":"581372.00","Discount":"0.0000","Adm":"14000.00","NetPremi":"581372.00","Amount2":"","Text2":"","PerluasanJaminan":{"TJH":"0","RSCC":"0","Banjir":"0","Accessories":"0"}},{"KondisiPertanggungan":"","TJH":"","InsuredValue":"181000000.00","InsuredFrom":"2022-12-14T00:00:00","InsuredTo":"2023-12-14T00:00:00","Rate":"0.3212","GrossPremi":"581372.00","Discount":"0.0000","Adm":"0.00","NetPremi":"581372.00","Amount2":"","Text2":"","PerluasanJaminan":{"TJH":"0","RSCC":"0","Banjir":"0","Accessories":"0"}}]},{"TipeOrder":"A","BatchID":"A_BCAFNEWTRKSBatch20211215001","NoRek":"9481015640","NoPin":"001","CustName":"SCRAMBLE","Pemohon":"PT BCAF QQ BCA","HargaPembelian":"160000000.00","Cabang":"9481","MerkID":"HON","TypeMobil":"BRIO SATYA 1.2 E CVT CKD","JenisMobil":"1","TahunMobil":"2019","Warna":"ABU ABU BULAN METALIK","NoRangka":"MHRDD1850KJ914049","NoMesin":"L12B32357771","NoPolisi":"L 1682 RU","Amount2":"","NamaBPKB":"R R AYUNDA YAHDIS SABILA","KategoriMobil":"14","Text2":"","PenggunaanKendaraan":"Personal","Kondisi":"2","LastUser":"","Accessories1":"","Accessories2":"","Accessories3":"","Accessories4":"","Accessories5":"","HargaAccessories1":"0.00","HargaAccessories2":"0.00","HargaAccessories3":"0.00","HargaAccessories4":"0.00","HargaAccessories5":"0.00","OverKredit":"0","Restructure":"0","NoPolisLama":"","MailAddress":"SCRAMBLE","KabKodya":"SCRAMBLE","PostalCode":"61257","PaketMobil":"","CustType":"I","IdentityNo":"SCRAMBLE","BirthPlace":"SCRAMBLE","BirthDate":"20220212","Occupation":"Ibu Rumah Tangga","AlamatKTP":"SCRAMBLE","KelurahanKTP":"SCRAMBLE","KecamatanKTP":"SCRAMBLE","KabKodyaKTP":"SCRAMBLE","ProvinsiKTP":"SCRAMBLE","PostalCodeKTP":"61257","DealerName":"OLX AUTOS","PacketID":"FIXCAP0121","InsuranceData":[{"KondisiPertanggungan":"","TJH":"","InsuredValue":"160000000.00","InsuredFrom":"2021-12-14T00:00:00","InsuredTo":"2022-12-14T00:00:00","Rate":"0.3212","GrossPremi":"513920.00","Discount":"0.0000","Adm":"14000.00","NetPremi":"513920.00","Amount2":"","Text2":"","PerluasanJaminan":{"TJH":"0","RSCC":"0","Banjir":"0","Accessories":"0"}},{"KondisiPertanggungan":"","TJH":"","InsuredValue":"160000000.00","InsuredFrom":"2022-12-14T00:00:00","InsuredTo":"2023-12-14T00:00:00","Rate":"0.3212","GrossPremi":"513920.00","Discount":"0.0000","Adm":"0.00","NetPremi":"513920.00","Amount2":"","Text2":"","PerluasanJaminan":{"TJH":"0","RSCC":"0","Banjir":"0","Accessories":"0"}},{"KondisiPertanggungan":"","TJH":"","InsuredValue":"160000000.00","InsuredFrom":"2023-12-14T00:00:00","InsuredTo":"2024-12-14T00:00:00","Rate":"0.3212","GrossPremi":"513920.00","Discount":"0.0000","Adm":"0.00","NetPremi":"513920.00","Amount2":"","Text2":"","PerluasanJaminan":{"TJH":"0","RSCC":"0","Banjir":"0","Accessories":"0"}},{"KondisiPertanggungan":"","TJH":"","InsuredValue":"160000000.00","InsuredFrom":"2024-12-14T00:00:00","InsuredTo":"2025-12-14T00:00:00","Rate":"0.3212","GrossPremi":"513920.00","Discount":"0.0000","Adm":"0.00","NetPremi":"513920.00","Amount2":"","Text2":"","PerluasanJaminan":{"TJH":"0","RSCC":"0","Banjir":"0","Accessories":"0"}},{"KondisiPertanggungan":"","TJH":"","InsuredValue":"160000000.00","InsuredFrom":"2025-12-14T00:00:00","InsuredTo":"2026-12-14T00:00:00","Rate":"0.3212","GrossPremi":"513920.00","Discount":"0.0000","Adm":"0.00","NetPremi":"513920.00","Amount2":"","Text2":"","PerluasanJaminan":{"TJH":"0","RSCC":"0","Banjir":"0","Accessories":"0"}}]},{"TipeOrder":"A","BatchID":"A_BCAFNEWTRKSBatch20211215001","NoRek":"9481015645","NoPin":"001","CustName":"SCRAMBLE","Pemohon":"PT BCAF","HargaPembelian":"190000000.00","Cabang":"9481","MerkID":"HON","TypeMobil":"JAZZ GK5 1.5 S CVT","JenisMobil":"1","TahunMobil":"2017","Warna":"PUTIH ORCHID MUTIARA","NoRangka":"MHRGK5850HJ800035","NoMesin":"L15Z51230242","NoPolisi":"L 1962 BG","Amount2":"","NamaBPKB":"ERNIE MADURATNA SETIAWATIE, DR, DRG, M.KES,SP PERIO","KategoriMobil":"3 ","Text2":"","PenggunaanKendaraan":"Personal","Kondisi":"2","LastUser":"","Accessories1":"","Accessories2":"","Accessories3":"","Accessories4":"","Accessories5":"","HargaAccessories1":"0.00","HargaAccessories2":"0.00","HargaAccessories3":"0.00","HargaAccessories4":"0.00","HargaAccessories5":"0.00","OverKredit":"0","Restructure":"0","NoPolisLama":"","MailAddress":"SCRAMBLE","KabKodya":"SCRAMBLE","PostalCode":"61162","PaketMobil":"","CustType":"I","IdentityNo":"SCRAMBLE","BirthPlace":"SCRAMBLE","BirthDate":"20220212","Occupation":"Wiraswasta","AlamatKTP":"SCRAMBLE","KelurahanKTP":"SCRAMBLE","KecamatanKTP":"SCRAMBLE","KabKodyaKTP":"SCRAMBLE","ProvinsiKTP":"SCRAMBLE","PostalCodeKTP":"61162","DealerName":"VCRS Motor DTC","PacketID":"CS20180084","InsuranceData":[{"KondisiPertanggungan":"","TJH":"","InsuredValue":"190000000.00","InsuredFrom":"2021-12-14T00:00:00","InsuredTo":"2022-12-14T00:00:00","Rate":"0.3212","GrossPremi":"610280.00","Discount":"0.0000","Adm":"14000.00","NetPremi":"610280.00","Amount2":"","Text2":"","PerluasanJaminan":{"TJH":"0","RSCC":"0","Banjir":"0","Accessories":"0"}},{"KondisiPertanggungan":"","TJH":"","InsuredValue":"190000000.00","InsuredFrom":"2022-12-14T00:00:00","InsuredTo":"2023-12-14T00:00:00","Rate":"0.3212","GrossPremi":"610280.00","Discount":"0.0000","Adm":"0.00","NetPremi":"610280.00","Amount2":"","Text2":"","PerluasanJaminan":{"TJH":"0","RSCC":"0","Banjir":"0","Accessories":"0"}},{"KondisiPertanggungan":"","TJH":"","InsuredValue":"190000000.00","InsuredFrom":"2023-12-14T00:00:00","InsuredTo":"2024-12-14T00:00:00","Rate":"0.3212","GrossPremi":"610280.00","Discount":"0.0000","Adm":"0.00","NetPremi":"610280.00","Amount2":"","Text2":"","PerluasanJaminan":{"TJH":"0","RSCC":"0","Banjir":"0","Accessories":"0"}},{"KondisiPertanggungan":"","TJH":"","InsuredValue":"190000000.00","InsuredFrom":"2024-12-14T00:00:00","InsuredTo":"2025-12-14T00:00:00","Rate":"0.3212","GrossPremi":"610280.00","Discount":"0.0000","Adm":"0.00","NetPremi":"610280.00","Amount2":"","Text2":"","PerluasanJaminan":{"TJH":"0","RSCC":"0","Banjir":"0","Accessories":"0"}}]},{"TipeOrder":"A","BatchID":"A_BCAFNEWTRKSBatch20211215001","NoRek":"9481015647","NoPin":"001","CustName":"SCRAMBLE","Pemohon":"PT BCAF","HargaPembelian":"173500000.00","Cabang":"9481","MerkID":"TYT","TypeMobil":"AVANZA 1.3 G A\/T (F653RM-GQMFJ)","JenisMobil":"1","TahunMobil":"2019","Warna":"PUTIH","NoRangka":"MHKM5EB3JKK028305","NoMesin":"1NRG065746","NoPolisi":"W 1186 YI","Amount2":"","NamaBPKB":"JOHAN SYAIFUDIN","KategoriMobil":"3 ","Text2":"","PenggunaanKendaraan":"Personal","Kondisi":"2","LastUser":"","Accessories1":"","Accessories2":"","Accessories3":"","Accessories4":"","Accessories5":"","HargaAccessories1":"0.00","HargaAccessories2":"0.00","HargaAccessories3":"0.00","HargaAccessories4":"0.00","HargaAccessories5":"0.00","OverKredit":"0","Restructure":"0","NoPolisLama":"","MailAddress":"SCRAMBLE","KabKodya":"SCRAMBLE","PostalCode":"60153","PaketMobil":"","CustType":"I","IdentityNo":"SCRAMBLE","BirthPlace":"SCRAMBLE","BirthDate":"20220212","Occupation":"Wiraswasta","AlamatKTP":"SCRAMBLE","KelurahanKTP":"SCRAMBLE","KecamatanKTP":"SCRAMBLE","KabKodyaKTP":"SCRAMBLE","ProvinsiKTP":"SCRAMBLE","PostalCodeKTP":"60153","DealerName":"Muksin Mobil, UD DTC","PacketID":"000","InsuranceData":[{"KondisiPertanggungan":"","TJH":"","InsuredValue":"173500000.00","InsuredFrom":"2021-12-14T00:00:00","InsuredTo":"2022-12-14T00:00:00","Rate":"0.3212","GrossPremi":"557282.00","Discount":"0.0000","Adm":"14000.00","NetPremi":"557282.00","Amount2":"","Text2":"","PerluasanJaminan":{"TJH":"0","RSCC":"0","Banjir":"0","Accessories":"0"}},{"KondisiPertanggungan":"","TJH":"","InsuredValue":"173500000.00","InsuredFrom":"2022-12-14T00:00:00","InsuredTo":"2023-12-14T00:00:00","Rate":"0.3212","GrossPremi":"557282.00","Discount":"0.0000","Adm":"0.00","NetPremi":"557282.00","Amount2":"","Text2":"","PerluasanJaminan":{"TJH":"0","RSCC":"0","Banjir":"0","Accessories":"0"}},{"KondisiPertanggungan":"","TJH":"","InsuredValue":"173500000.00","InsuredFrom":"2023-12-14T00:00:00","InsuredTo":"2024-12-14T00:00:00","Rate":"0.3212","GrossPremi":"557282.00","Discount":"0.0000","Adm":"0.00","NetPremi":"557282.00","Amount2":"","Text2":"","PerluasanJaminan":{"TJH":"0","RSCC":"0","Banjir":"0","Accessories":"0"}}]},{"TipeOrder":"A","BatchID":"A_BCAFNEWTRKSBatch20211215001","NoRek":"9486004897","NoPin":"001","CustName":"SCRAMBLE","Pemohon":"PT BCAF","HargaPembelian":"284500000.00","Cabang":"9486","MerkID":"MIT","TypeMobil":"XPANDER ULTIMATE A\/T","JenisMobil":"1","TahunMobil":"2021","Warna":"HITAM MIKA","NoRangka":"MK2NCLTARMJ006098","NoMesin":"4A91KAJ8959","NoPolisi":"","Amount2":"","NamaBPKB":"IRMAWATI","KategoriMobil":"3 ","Text2":"","PenggunaanKendaraan":"Personal","Kondisi":"1","LastUser":"","Accessories1":"","Accessories2":"","Accessories3":"","Accessories4":"","Accessories5":"","HargaAccessories1":"0.00","HargaAccessories2":"0.00","HargaAccessories3":"0.00","HargaAccessories4":"0.00","HargaAccessories5":"0.00","OverKredit":"0","Restructure":"0","NoPolisLama":"","MailAddress":"SCRAMBLE","KabKodya":"SCRAMBLE","PostalCode":"61258","PaketMobil":"","CustType":"I","IdentityNo":"SCRAMBLE","BirthPlace":"SCRAMBLE","BirthDate":"20220212","Occupation":"Karyawan","AlamatKTP":"SCRAMBLE","KelurahanKTP":"SCRAMBLE","KecamatanKTP":"SCRAMBLE","KabKodyaKTP":"SCRAMBLE","ProvinsiKTP":"SCRAMBLE","PostalCodeKTP":"61258","DealerName":"Sun Star Motor Ngagel","PacketID":"000","InsuranceData":[{"KondisiPertanggungan":"","TJH":"","InsuredValue":"284500000.00","InsuredFrom":"2021-12-14T00:00:00","InsuredTo":"2022-12-14T00:00:00","Rate":"1.3067","GrossPremi":"3717562.00","Discount":"0.0000","Adm":"14000.00","NetPremi":"3717562.00","Amount2":"","Text2":"","PerluasanJaminan":{"TJH":"0","RSCC":"0","Banjir":"0","Accessories":"0"}},{"KondisiPertanggungan":"","TJH":"","InsuredValue":"284500000.00","InsuredFrom":"2022-12-14T00:00:00","InsuredTo":"2023-12-14T00:00:00","Rate":"0.2117","GrossPremi":"602287.00","Discount":"0.0000","Adm":"0.00","NetPremi":"602287.00","Amount2":"","Text2":"","PerluasanJaminan":{"TJH":"0","RSCC":"0","Banjir":"0","Accessories":"0"}},{"KondisiPertanggungan":"","TJH":"","InsuredValue":"284500000.00","InsuredFrom":"2023-12-14T00:00:00","InsuredTo":"2024-12-14T00:00:00","Rate":"0.2117","GrossPremi":"602287.00","Discount":"0.0000","Adm":"0.00","NetPremi":"602287.00","Amount2":"","Text2":"","PerluasanJaminan":{"TJH":"0","RSCC":"0","Banjir":"0","Accessories":"0"}},{"KondisiPertanggungan":"","TJH":"","InsuredValue":"284500000.00","InsuredFrom":"2024-12-14T00:00:00","InsuredTo":"2025-12-14T00:00:00","Rate":"0.2117","GrossPremi":"602287.00","Discount":"0.0000","Adm":"0.00","NetPremi":"602287.00","Amount2":"","Text2":"","PerluasanJaminan":{"TJH":"0","RSCC":"0","Banjir":"0","Accessories":"0"}}]}]}}]]></system-out>
         <system-err><![CDATA[]]></system-err>
      </testcase>
      <system-out><![CDATA[2022-03-24 14:10:17 - [TEST_SUITE][PASSED] - 1. Get data order: Test Cases/1. get token - get data order]]></system-out>
      <system-err><![CDATA[]]></system-err>
   </testsuite>
   <testsuite name="2. Verify json response" tests="1" failures="0" errors="0" time="10.22" skipped="0" timestamp="2022-03-24 14:10:43" hostname="Flavalize - DESKTOP-3CQ5RDT" id="Test Suites/2. Verify json response">
      <properties>
         <property name="deviceName" value=""/>
         <property name="devicePlatform" value=""/>
         <property name="logFolder" value="I:\\app-testing\\app-project\\Order car insurance\\order-car-insurance\\Reports\\20220324_141006\\2. Verify json response\\20220324_141009"/>
         <property name="logFiles" value="I:\\app-testing\\app-project\\Order car insurance\\order-car-insurance\\Reports\\20220324_141006\\2. Verify json response\\20220324_141009\\execution0.log"/>
         <property name="attachments" value=""/>
         <property name="hostName" value="Flavalize - DESKTOP-3CQ5RDT"/>
         <property name="hostAddress" value="192.168.1.4"/>
         <property name="os" value="Windows 10 64bit"/>
         <property name="katalonVersion" value="8.2.0.208"/>
      </properties>
      <testcase name="Test Cases/2. get token - verify data order" time="9.033" classname="Test Cases/2. get token - verify data order" status="PASSED">
         <system-out><![CDATA[2022-03-24 14:10:44 - [TEST_CASE][PASSED] - Test Cases/2. get token - verify data order: Test Cases/2. get token - verify data order

2022-03-24 14:10:45 - [TEST_STEP][PASSED] - token = sendRequest(findTestObject("1. Get-Token")): Send request successfully

2022-03-24 14:10:46 - [MESSAGE][INFO] - HAR: I:\app-testing\app-project\Order car insurance\order-car-insurance\Reports\20220324_141006\2. Verify json response\20220324_141009\requests\main\0.har

2022-03-24 14:10:46 - [MESSAGE][PASSED] - Send request successfully

2022-03-24 14:10:46 - [TEST_STEP][PASSED] - slurper = new groovy.json.JsonSlurper(): null

2022-03-24 14:10:46 - [TEST_STEP][PASSED] - get_token = slurper.parseText(token.getResponseBodyContent()): null

2022-03-24 14:10:46 - [TEST_STEP][PASSED] - private_token = access_token: null

2022-03-24 14:10:46 - [TEST_STEP][PASSED] - global_token = private_token: null

2022-03-24 14:10:46 - [TEST_STEP][PASSED] - println("token is :" + global_token): null

2022-03-24 14:10:46 - [TEST_STEP][PASSED] - response_token = token.getResponseText(): null

2022-03-24 14:10:46 - [TEST_STEP][PASSED] - logInfo($response_token): 
            {
                "token_type": "BearerToken",
                "access_token": "DElGADXs0rBO6z5aU2qIcVaJ6hL1",
                "expires_in": "1799",
                "scope": ""
            }
        

2022-03-24 14:10:46 - [MESSAGE][INFO] - 
            {
                "token_type": "BearerToken",
                "access_token": "DElGADXs0rBO6z5aU2qIcVaJ6hL1",
                "expires_in": "1799",
                "scope": ""
            }
        

2022-03-24 14:10:46 - [TEST_STEP][PASSED] - order = sendRequest(findTestObject("3. Get-data-order", ["s_key":global_token, "c_id":c_id, "order_date":order_date, "page":page, "rows":rows])): Send request successfully

2022-03-24 14:10:49 - [MESSAGE][INFO] - HAR: I:\app-testing\app-project\Order car insurance\order-car-insurance\Reports\20220324_141006\2. Verify json response\20220324_141009\requests\main\1.har

2022-03-24 14:10:49 - [MESSAGE][PASSED] - Send request successfully

2022-03-24 14:10:49 - [TEST_STEP][PASSED] - get_order = order.getResponseText(): null

2022-03-24 14:10:49 - [TEST_STEP][PASSED] - markPassed("data ke : " + no): data ke : 1

2022-03-24 14:10:49 - [MESSAGE][PASSED] - data ke : 1

2022-03-24 14:10:49 - [TEST_STEP][PASSED] - verifyElementPropertyValue(order, "GetDataOrderResponse.ListDataOrder[0].TipeOrder", o_tipeorder, CONTINUE_ON_FAILURE): Verify element property value successfully

2022-03-24 14:10:49 - [MESSAGE][PASSED] - Verify element property value successfully

2022-03-24 14:10:49 - [TEST_STEP][PASSED] - verifyElementPropertyValue(order, "GetDataOrderResponse.ListDataOrder[0].BatchID", o_batchid, CONTINUE_ON_FAILURE): Verify element property value successfully

2022-03-24 14:10:49 - [MESSAGE][PASSED] - Verify element property value successfully

2022-03-24 14:10:49 - [TEST_STEP][PASSED] - verifyElementPropertyValue(order, "GetDataOrderResponse.ListDataOrder[0].NoRek", o_norek, CONTINUE_ON_FAILURE): Verify element property value successfully

2022-03-24 14:10:49 - [MESSAGE][PASSED] - Verify element property value successfully

2022-03-24 14:10:49 - [TEST_STEP][PASSED] - verifyElementPropertyValue(order, "GetDataOrderResponse.ListDataOrder[0].NoPin", o_nopin, CONTINUE_ON_FAILURE): Verify element property value successfully

2022-03-24 14:10:49 - [MESSAGE][PASSED] - Verify element property value successfully

2022-03-24 14:10:49 - [TEST_STEP][PASSED] - verifyElementPropertyValue(order, "GetDataOrderResponse.ListDataOrder[0].CustName", o_custname, CONTINUE_ON_FAILURE): Verify element property value successfully

2022-03-24 14:10:49 - [MESSAGE][PASSED] - Verify element property value successfully

2022-03-24 14:10:49 - [TEST_STEP][PASSED] - verifyElementPropertyValue(order, "GetDataOrderResponse.ListDataOrder[0].Pemohon", o_pemohon, CONTINUE_ON_FAILURE): Verify element property value successfully

2022-03-24 14:10:49 - [MESSAGE][PASSED] - Verify element property value successfully

2022-03-24 14:10:49 - [TEST_STEP][PASSED] - verifyElementPropertyValue(order, "GetDataOrderResponse.ListDataOrder[0].HargaPembelian", o_otr, CONTINUE_ON_FAILURE): Verify element property value successfully

2022-03-24 14:10:49 - [MESSAGE][PASSED] - Verify element property value successfully

2022-03-24 14:10:49 - [TEST_STEP][PASSED] - verifyElementPropertyValue(order, "GetDataOrderResponse.ListDataOrder[0].Cabang", o_branchid, CONTINUE_ON_FAILURE): Verify element property value successfully

2022-03-24 14:10:49 - [MESSAGE][PASSED] - Verify element property value successfully

2022-03-24 14:10:49 - [TEST_STEP][PASSED] - verifyElementPropertyValue(order, "GetDataOrderResponse.ListDataOrder[0].MerkID", o_merk, CONTINUE_ON_FAILURE): Verify element property value successfully

2022-03-24 14:10:49 - [MESSAGE][PASSED] - Verify element property value successfully

2022-03-24 14:10:49 - [TEST_STEP][PASSED] - verifyElementPropertyValue(order, "GetDataOrderResponse.ListDataOrder[0].TypeMobil", o_type, CONTINUE_ON_FAILURE): Verify element property value successfully

2022-03-24 14:10:49 - [MESSAGE][PASSED] - Verify element property value successfully

2022-03-24 14:10:49 - [TEST_STEP][PASSED] - verifyElementPropertyValue(order, "GetDataOrderResponse.ListDataOrder[0].JenisMobil", o_jenis, CONTINUE_ON_FAILURE): Verify element property value successfully

2022-03-24 14:10:49 - [MESSAGE][PASSED] - Verify element property value successfully

2022-03-24 14:10:49 - [TEST_STEP][PASSED] - verifyElementPropertyValue(order, "GetDataOrderResponse.ListDataOrder[0].TahunMobil", o_tahun, CONTINUE_ON_FAILURE): Verify element property value successfully

2022-03-24 14:10:49 - [MESSAGE][PASSED] - Verify element property value successfully

2022-03-24 14:10:49 - [TEST_STEP][PASSED] - verifyElementPropertyValue(order, "GetDataOrderResponse.ListDataOrder[0].Warna", o_warna, CONTINUE_ON_FAILURE): Verify element property value successfully

2022-03-24 14:10:49 - [MESSAGE][PASSED] - Verify element property value successfully

2022-03-24 14:10:49 - [TEST_STEP][PASSED] - verifyElementPropertyValue(order, "GetDataOrderResponse.ListDataOrder[0].NoRangka", o_norangka, CONTINUE_ON_FAILURE): Verify element property value successfully

2022-03-24 14:10:49 - [MESSAGE][PASSED] - Verify element property value successfully

2022-03-24 14:10:49 - [TEST_STEP][PASSED] - verifyElementPropertyValue(order, "GetDataOrderResponse.ListDataOrder[0].NoMesin", o_nomesin, CONTINUE_ON_FAILURE): Verify element property value successfully

2022-03-24 14:10:49 - [MESSAGE][PASSED] - Verify element property value successfully

2022-03-24 14:10:49 - [TEST_STEP][PASSED] - verifyElementPropertyValue(order, "GetDataOrderResponse.ListDataOrder[0].NoPolisi", o_nopol, CONTINUE_ON_FAILURE): Verify element property value successfully

2022-03-24 14:10:49 - [MESSAGE][PASSED] - Verify element property value successfully

2022-03-24 14:10:49 - [TEST_STEP][PASSED] - verifyElementPropertyValue(order, "GetDataOrderResponse.ListDataOrder[0].NamaBPKB", o_namabpkb, CONTINUE_ON_FAILURE): Verify element property value successfully

2022-03-24 14:10:49 - [MESSAGE][PASSED] - Verify element property value successfully

2022-03-24 14:10:49 - [TEST_STEP][PASSED] - verifyElementPropertyValue(order, "GetDataOrderResponse.ListDataOrder[0].KategoriMobil", o_kategori, CONTINUE_ON_FAILURE): Verify element property value successfully

2022-03-24 14:10:49 - [MESSAGE][PASSED] - Verify element property value successfully

2022-03-24 14:10:49 - [TEST_STEP][PASSED] - verifyElementPropertyValue(order, "GetDataOrderResponse.ListDataOrder[0].PenggunaanKendaraan", o_purpose, CONTINUE_ON_FAILURE): Verify element property value successfully

2022-03-24 14:10:49 - [MESSAGE][PASSED] - Verify element property value successfully

2022-03-24 14:10:49 - [TEST_STEP][PASSED] - verifyElementPropertyValue(order, "GetDataOrderResponse.ListDataOrder[0].Kondisi", o_kondisi, CONTINUE_ON_FAILURE): Verify element property value successfully

2022-03-24 14:10:49 - [MESSAGE][PASSED] - Verify element property value successfully

2022-03-24 14:10:49 - [TEST_STEP][PASSED] - verifyElementPropertyValue(order, "GetDataOrderResponse.ListDataOrder[0].Accessories1", o_acc1, CONTINUE_ON_FAILURE): Verify element property value successfully

2022-03-24 14:10:49 - [MESSAGE][PASSED] - Verify element property value successfully

2022-03-24 14:10:49 - [TEST_STEP][PASSED] - verifyElementPropertyValue(order, "GetDataOrderResponse.ListDataOrder[0].Accessories2", o_acc2, CONTINUE_ON_FAILURE): Verify element property value successfully

2022-03-24 14:10:49 - [MESSAGE][PASSED] - Verify element property value successfully

2022-03-24 14:10:49 - [TEST_STEP][PASSED] - verifyElementPropertyValue(order, "GetDataOrderResponse.ListDataOrder[0].Accessories3", o_acc3, CONTINUE_ON_FAILURE): Verify element property value successfully

2022-03-24 14:10:49 - [MESSAGE][PASSED] - Verify element property value successfully

2022-03-24 14:10:49 - [TEST_STEP][PASSED] - verifyElementPropertyValue(order, "GetDataOrderResponse.ListDataOrder[0].Accessories4", o_acc4, CONTINUE_ON_FAILURE): Verify element property value successfully

2022-03-24 14:10:49 - [MESSAGE][PASSED] - Verify element property value successfully

2022-03-24 14:10:49 - [TEST_STEP][PASSED] - verifyElementPropertyValue(order, "GetDataOrderResponse.ListDataOrder[0].Accessories5", o_acc5, CONTINUE_ON_FAILURE): Verify element property value successfully

2022-03-24 14:10:49 - [MESSAGE][PASSED] - Verify element property value successfully

2022-03-24 14:10:49 - [TEST_STEP][PASSED] - verifyElementPropertyValue(order, "GetDataOrderResponse.ListDataOrder[0].HargaAccessories1", o_harga_acc1, CONTINUE_ON_FAILURE): Verify element property value successfully

2022-03-24 14:10:49 - [MESSAGE][PASSED] - Verify element property value successfully

2022-03-24 14:10:49 - [TEST_STEP][PASSED] - verifyElementPropertyValue(order, "GetDataOrderResponse.ListDataOrder[0].HargaAccessories2", o_harga_acc2, CONTINUE_ON_FAILURE): Verify element property value successfully

2022-03-24 14:10:49 - [MESSAGE][PASSED] - Verify element property value successfully

2022-03-24 14:10:49 - [TEST_STEP][PASSED] - verifyElementPropertyValue(order, "GetDataOrderResponse.ListDataOrder[0].HargaAccessories3", o_harga_acc3, CONTINUE_ON_FAILURE): Verify element property value successfully

2022-03-24 14:10:50 - [MESSAGE][PASSED] - Verify element property value successfully

2022-03-24 14:10:50 - [TEST_STEP][PASSED] - verifyElementPropertyValue(order, "GetDataOrderResponse.ListDataOrder[0].HargaAccessories4", o_harga_acc4, CONTINUE_ON_FAILURE): Verify element property value successfully

2022-03-24 14:10:50 - [MESSAGE][PASSED] - Verify element property value successfully

2022-03-24 14:10:50 - [TEST_STEP][PASSED] - verifyElementPropertyValue(order, "GetDataOrderResponse.ListDataOrder[0].HargaAccessories5", o_harga_acc5, CONTINUE_ON_FAILURE): Verify element property value successfully

2022-03-24 14:10:50 - [MESSAGE][PASSED] - Verify element property value successfully

2022-03-24 14:10:50 - [TEST_STEP][PASSED] - verifyElementPropertyValue(order, "GetDataOrderResponse.ListDataOrder[0].OverKredit", o_overkredit, CONTINUE_ON_FAILURE): Verify element property value successfully

2022-03-24 14:10:50 - [MESSAGE][PASSED] - Verify element property value successfully

2022-03-24 14:10:50 - [TEST_STEP][PASSED] - verifyElementPropertyValue(order, "GetDataOrderResponse.ListDataOrder[0].Restructure", o_restructure, CONTINUE_ON_FAILURE): Verify element property value successfully

2022-03-24 14:10:50 - [MESSAGE][PASSED] - Verify element property value successfully

2022-03-24 14:10:50 - [TEST_STEP][PASSED] - verifyElementPropertyValue(order, "GetDataOrderResponse.ListDataOrder[0].NoPolisLama", o_nopol_lama, CONTINUE_ON_FAILURE): Verify element property value successfully

2022-03-24 14:10:50 - [MESSAGE][PASSED] - Verify element property value successfully

2022-03-24 14:10:50 - [TEST_STEP][PASSED] - verifyElementPropertyValue(order, "GetDataOrderResponse.ListDataOrder[0].MailAddress", o_mail_addr, CONTINUE_ON_FAILURE): Verify element property value successfully

2022-03-24 14:10:50 - [MESSAGE][PASSED] - Verify element property value successfully

2022-03-24 14:10:50 - [TEST_STEP][PASSED] - verifyElementPropertyValue(order, "GetDataOrderResponse.ListDataOrder[0].KabKodya", o_kab_kodya, CONTINUE_ON_FAILURE): Verify element property value successfully

2022-03-24 14:10:50 - [MESSAGE][PASSED] - Verify element property value successfully

2022-03-24 14:10:50 - [TEST_STEP][PASSED] - verifyElementPropertyValue(order, "GetDataOrderResponse.ListDataOrder[0].PostalCode", o_postal_code, CONTINUE_ON_FAILURE): Verify element property value successfully

2022-03-24 14:10:50 - [MESSAGE][PASSED] - Verify element property value successfully

2022-03-24 14:10:50 - [TEST_STEP][PASSED] - verifyElementPropertyValue(order, "GetDataOrderResponse.ListDataOrder[0].PaketMobil", o_packet, CONTINUE_ON_FAILURE): Verify element property value successfully

2022-03-24 14:10:50 - [MESSAGE][PASSED] - Verify element property value successfully

2022-03-24 14:10:50 - [TEST_STEP][PASSED] - verifyElementPropertyValue(order, "GetDataOrderResponse.ListDataOrder[0].CustType", o_cust_type, CONTINUE_ON_FAILURE): Verify element property value successfully

2022-03-24 14:10:50 - [MESSAGE][PASSED] - Verify element property value successfully

2022-03-24 14:10:50 - [TEST_STEP][PASSED] - verifyElementPropertyValue(order, "GetDataOrderResponse.ListDataOrder[0].IdentityNo", o_nik, CONTINUE_ON_FAILURE): Verify element property value successfully

2022-03-24 14:10:50 - [MESSAGE][PASSED] - Verify element property value successfully

2022-03-24 14:10:50 - [TEST_STEP][PASSED] - verifyElementPropertyValue(order, "GetDataOrderResponse.ListDataOrder[0].BirthPlace", o_birth_place, CONTINUE_ON_FAILURE): Verify element property value successfully

2022-03-24 14:10:50 - [MESSAGE][PASSED] - Verify element property value successfully

2022-03-24 14:10:50 - [TEST_STEP][PASSED] - verifyElementPropertyValue(order, "GetDataOrderResponse.ListDataOrder[0].BirthDate", o_birth_date, CONTINUE_ON_FAILURE): Verify element property value successfully

2022-03-24 14:10:50 - [MESSAGE][PASSED] - Verify element property value successfully

2022-03-24 14:10:50 - [TEST_STEP][PASSED] - verifyElementPropertyValue(order, "GetDataOrderResponse.ListDataOrder[0].Occupation", o_occp, CONTINUE_ON_FAILURE): Verify element property value successfully

2022-03-24 14:10:50 - [MESSAGE][PASSED] - Verify element property value successfully

2022-03-24 14:10:50 - [TEST_STEP][PASSED] - verifyElementPropertyValue(order, "GetDataOrderResponse.ListDataOrder[0].AlamatKTP", o_ktp_addr, CONTINUE_ON_FAILURE): Verify element property value successfully

2022-03-24 14:10:50 - [MESSAGE][PASSED] - Verify element property value successfully

2022-03-24 14:10:50 - [TEST_STEP][PASSED] - verifyElementPropertyValue(order, "GetDataOrderResponse.ListDataOrder[0].KelurahanKTP", o_ktp_kel, CONTINUE_ON_FAILURE): Verify element property value successfully

2022-03-24 14:10:50 - [MESSAGE][PASSED] - Verify element property value successfully

2022-03-24 14:10:50 - [TEST_STEP][PASSED] - verifyElementPropertyValue(order, "GetDataOrderResponse.ListDataOrder[0].KecamatanKTP", o_ktp_kec, CONTINUE_ON_FAILURE): Verify element property value successfully

2022-03-24 14:10:50 - [MESSAGE][PASSED] - Verify element property value successfully

2022-03-24 14:10:50 - [TEST_STEP][PASSED] - verifyElementPropertyValue(order, "GetDataOrderResponse.ListDataOrder[0].KabKodyaKTP", o_ktp_kabkodya, CONTINUE_ON_FAILURE): Verify element property value successfully

2022-03-24 14:10:50 - [MESSAGE][PASSED] - Verify element property value successfully

2022-03-24 14:10:50 - [TEST_STEP][PASSED] - verifyElementPropertyValue(order, "GetDataOrderResponse.ListDataOrder[0].ProvinsiKTP", o_ktp_prov, CONTINUE_ON_FAILURE): Verify element property value successfully

2022-03-24 14:10:50 - [MESSAGE][PASSED] - Verify element property value successfully

2022-03-24 14:10:50 - [TEST_STEP][PASSED] - verifyElementPropertyValue(order, "GetDataOrderResponse.ListDataOrder[0].PostalCodeKTP", o_ktp_postal_code, CONTINUE_ON_FAILURE): Verify element property value successfully

2022-03-24 14:10:50 - [MESSAGE][PASSED] - Verify element property value successfully

2022-03-24 14:10:50 - [TEST_STEP][PASSED] - verifyElementPropertyValue(order, "GetDataOrderResponse.ListDataOrder[0].DealerName", o_ktp_dealer_name, CONTINUE_ON_FAILURE): Verify element property value successfully

2022-03-24 14:10:50 - [MESSAGE][PASSED] - Verify element property value successfully

2022-03-24 14:10:50 - [TEST_STEP][PASSED] - switch (tenor): null

2022-03-24 14:10:50 - [TEST_STEP][PASSED] - case "3":: null

2022-03-24 14:10:50 - [TEST_STEP][PASSED] - order2 = sendRequest(findTestObject("3. Get-data-order", ["s_key":global_token, "c_id":c_id, "order_date":order_date, "page":page, "rows":rows])): Send request successfully

2022-03-24 14:10:52 - [MESSAGE][INFO] - HAR: I:\app-testing\app-project\Order car insurance\order-car-insurance\Reports\20220324_141006\2. Verify json response\20220324_141009\requests\main\2.har

2022-03-24 14:10:52 - [MESSAGE][PASSED] - Send request successfully

2022-03-24 14:10:52 - [TEST_STEP][PASSED] - get_order2 = order.getResponseText(): null

2022-03-24 14:10:52 - [TEST_STEP][PASSED] - verifyElementPropertyValue(order, "GetDataOrderResponse.ListDataOrder[0].InsuranceData[0].KondisiPertanggungan", o_kond_pertanggungan_0, CONTINUE_ON_FAILURE): Verify element property value successfully

2022-03-24 14:10:52 - [MESSAGE][PASSED] - Verify element property value successfully

2022-03-24 14:10:52 - [TEST_STEP][PASSED] - verifyElementPropertyValue(order, "GetDataOrderResponse.ListDataOrder[0].InsuranceData[0].TJH", o_tjh_header_0, CONTINUE_ON_FAILURE): Verify element property value successfully

2022-03-24 14:10:52 - [MESSAGE][PASSED] - Verify element property value successfully

2022-03-24 14:10:52 - [TEST_STEP][PASSED] - verifyElementPropertyValue(order, "GetDataOrderResponse.ListDataOrder[0].InsuranceData[0].InsuredValue", o_ins_val_0, CONTINUE_ON_FAILURE): Verify element property value successfully

2022-03-24 14:10:52 - [MESSAGE][PASSED] - Verify element property value successfully

2022-03-24 14:10:52 - [TEST_STEP][PASSED] - verifyElementPropertyValue(order, "GetDataOrderResponse.ListDataOrder[0].InsuranceData[0].InsuredFrom", o_ins_form_0, CONTINUE_ON_FAILURE): Verify element property value successfully

2022-03-24 14:10:52 - [MESSAGE][PASSED] - Verify element property value successfully

2022-03-24 14:10:52 - [TEST_STEP][PASSED] - verifyElementPropertyValue(order, "GetDataOrderResponse.ListDataOrder[0].InsuranceData[0].InsuredTo", o_ins_to_0, CONTINUE_ON_FAILURE): Verify element property value successfully

2022-03-24 14:10:52 - [MESSAGE][PASSED] - Verify element property value successfully

2022-03-24 14:10:52 - [TEST_STEP][PASSED] - verifyElementPropertyValue(order, "GetDataOrderResponse.ListDataOrder[0].InsuranceData[0].Rate", o_rate_0, CONTINUE_ON_FAILURE): Verify element property value successfully

2022-03-24 14:10:52 - [MESSAGE][PASSED] - Verify element property value successfully

2022-03-24 14:10:52 - [TEST_STEP][PASSED] - verifyElementPropertyValue(order, "GetDataOrderResponse.ListDataOrder[0].InsuranceData[0].GrossPremi", o_gross_premi_0, CONTINUE_ON_FAILURE): Verify element property value successfully

2022-03-24 14:10:52 - [MESSAGE][PASSED] - Verify element property value successfully

2022-03-24 14:10:52 - [TEST_STEP][PASSED] - verifyElementPropertyValue(order, "GetDataOrderResponse.ListDataOrder[0].InsuranceData[0].Discount", o_discount_0, CONTINUE_ON_FAILURE): Verify element property value successfully

2022-03-24 14:10:52 - [MESSAGE][PASSED] - Verify element property value successfully

2022-03-24 14:10:52 - [TEST_STEP][PASSED] - verifyElementPropertyValue(order, "GetDataOrderResponse.ListDataOrder[0].InsuranceData[0].Adm", o_adm_0, CONTINUE_ON_FAILURE): Verify element property value successfully

2022-03-24 14:10:52 - [MESSAGE][PASSED] - Verify element property value successfully

2022-03-24 14:10:52 - [TEST_STEP][PASSED] - verifyElementPropertyValue(order, "GetDataOrderResponse.ListDataOrder[0].InsuranceData[0].NetPremi", o_netpremi_0, CONTINUE_ON_FAILURE): Verify element property value successfully

2022-03-24 14:10:52 - [MESSAGE][PASSED] - Verify element property value successfully

2022-03-24 14:10:52 - [TEST_STEP][PASSED] - verifyElementPropertyValue(order, "GetDataOrderResponse.ListDataOrder[0].InsuranceData[0].PerluasanJaminan.TJH", o_tjh_val_0, CONTINUE_ON_FAILURE): Verify element property value successfully

2022-03-24 14:10:52 - [MESSAGE][PASSED] - Verify element property value successfully

2022-03-24 14:10:52 - [TEST_STEP][PASSED] - verifyElementPropertyValue(order, "GetDataOrderResponse.ListDataOrder[0].InsuranceData[0].PerluasanJaminan.RSCC", o_rscc_val_0, CONTINUE_ON_FAILURE): Verify element property value successfully

2022-03-24 14:10:52 - [MESSAGE][PASSED] - Verify element property value successfully

2022-03-24 14:10:52 - [TEST_STEP][PASSED] - verifyElementPropertyValue(order, "GetDataOrderResponse.ListDataOrder[0].InsuranceData[0].PerluasanJaminan.Banjir", o_rsmb_val_0, CONTINUE_ON_FAILURE): Verify element property value successfully

2022-03-24 14:10:52 - [MESSAGE][PASSED] - Verify element property value successfully

2022-03-24 14:10:52 - [TEST_STEP][PASSED] - verifyElementPropertyValue(order, "GetDataOrderResponse.ListDataOrder[0].InsuranceData[0].PerluasanJaminan.Accessories", o_acc_val_0, CONTINUE_ON_FAILURE): Verify element property value successfully

2022-03-24 14:10:52 - [MESSAGE][PASSED] - Verify element property value successfully

2022-03-24 14:10:52 - [TEST_STEP][PASSED] - verifyElementPropertyValue(order, "GetDataOrderResponse.ListDataOrder[0].InsuranceData[1].KondisiPertanggungan", o_kond_pertanggungan_1, CONTINUE_ON_FAILURE): Verify element property value successfully

2022-03-24 14:10:52 - [MESSAGE][PASSED] - Verify element property value successfully

2022-03-24 14:10:52 - [TEST_STEP][PASSED] - verifyElementPropertyValue(order, "GetDataOrderResponse.ListDataOrder[0].InsuranceData[1].TJH", o_tjh_header_1, CONTINUE_ON_FAILURE): Verify element property value successfully

2022-03-24 14:10:52 - [MESSAGE][PASSED] - Verify element property value successfully

2022-03-24 14:10:52 - [TEST_STEP][PASSED] - verifyElementPropertyValue(order, "GetDataOrderResponse.ListDataOrder[0].InsuranceData[1].InsuredValue", o_ins_val_1, CONTINUE_ON_FAILURE): Verify element property value successfully

2022-03-24 14:10:52 - [MESSAGE][PASSED] - Verify element property value successfully

2022-03-24 14:10:52 - [TEST_STEP][PASSED] - verifyElementPropertyValue(order, "GetDataOrderResponse.ListDataOrder[0].InsuranceData[1].InsuredFrom", o_ins_form_1, CONTINUE_ON_FAILURE): Verify element property value successfully

2022-03-24 14:10:52 - [MESSAGE][PASSED] - Verify element property value successfully

2022-03-24 14:10:52 - [TEST_STEP][PASSED] - verifyElementPropertyValue(order, "GetDataOrderResponse.ListDataOrder[0].InsuranceData[1].InsuredTo", o_ins_to_1, CONTINUE_ON_FAILURE): Verify element property value successfully

2022-03-24 14:10:52 - [MESSAGE][PASSED] - Verify element property value successfully

2022-03-24 14:10:52 - [TEST_STEP][PASSED] - verifyElementPropertyValue(order, "GetDataOrderResponse.ListDataOrder[0].InsuranceData[1].Rate", o_rate_1, CONTINUE_ON_FAILURE): Verify element property value successfully

2022-03-24 14:10:52 - [MESSAGE][PASSED] - Verify element property value successfully

2022-03-24 14:10:52 - [TEST_STEP][PASSED] - verifyElementPropertyValue(order, "GetDataOrderResponse.ListDataOrder[0].InsuranceData[1].GrossPremi", o_gross_premi_1, CONTINUE_ON_FAILURE): Verify element property value successfully

2022-03-24 14:10:52 - [MESSAGE][PASSED] - Verify element property value successfully

2022-03-24 14:10:52 - [TEST_STEP][PASSED] - verifyElementPropertyValue(order, "GetDataOrderResponse.ListDataOrder[0].InsuranceData[1].Discount", o_discount_1, CONTINUE_ON_FAILURE): Verify element property value successfully

2022-03-24 14:10:52 - [MESSAGE][PASSED] - Verify element property value successfully

2022-03-24 14:10:52 - [TEST_STEP][PASSED] - verifyElementPropertyValue(order, "GetDataOrderResponse.ListDataOrder[0].InsuranceData[1].Adm", o_adm_1, CONTINUE_ON_FAILURE): Verify element property value successfully

2022-03-24 14:10:52 - [MESSAGE][PASSED] - Verify element property value successfully

2022-03-24 14:10:52 - [TEST_STEP][PASSED] - verifyElementPropertyValue(order, "GetDataOrderResponse.ListDataOrder[0].InsuranceData[1].NetPremi", o_netpremi_1, CONTINUE_ON_FAILURE): Verify element property value successfully

2022-03-24 14:10:52 - [MESSAGE][PASSED] - Verify element property value successfully

2022-03-24 14:10:52 - [TEST_STEP][PASSED] - verifyElementPropertyValue(order, "GetDataOrderResponse.ListDataOrder[0].InsuranceData[1].PerluasanJaminan.TJH", o_tjh_val_1, CONTINUE_ON_FAILURE): Verify element property value successfully

2022-03-24 14:10:52 - [MESSAGE][PASSED] - Verify element property value successfully

2022-03-24 14:10:52 - [TEST_STEP][PASSED] - verifyElementPropertyValue(order, "GetDataOrderResponse.ListDataOrder[0].InsuranceData[1].PerluasanJaminan.RSCC", o_rscc_val_1, CONTINUE_ON_FAILURE): Verify element property value successfully

2022-03-24 14:10:52 - [MESSAGE][PASSED] - Verify element property value successfully

2022-03-24 14:10:52 - [TEST_STEP][PASSED] - verifyElementPropertyValue(order, "GetDataOrderResponse.ListDataOrder[0].InsuranceData[1].PerluasanJaminan.Banjir", o_rsmb_val_1, CONTINUE_ON_FAILURE): Verify element property value successfully

2022-03-24 14:10:52 - [MESSAGE][PASSED] - Verify element property value successfully

2022-03-24 14:10:52 - [TEST_STEP][PASSED] - verifyElementPropertyValue(order, "GetDataOrderResponse.ListDataOrder[0].InsuranceData[1].PerluasanJaminan.Accessories", o_acc_val_1, CONTINUE_ON_FAILURE): Verify element property value successfully

2022-03-24 14:10:52 - [MESSAGE][PASSED] - Verify element property value successfully

2022-03-24 14:10:52 - [TEST_STEP][PASSED] - verifyElementPropertyValue(order, "GetDataOrderResponse.ListDataOrder[0].InsuranceData[2].KondisiPertanggungan", o_kond_pertanggungan_2, CONTINUE_ON_FAILURE): Verify element property value successfully

2022-03-24 14:10:52 - [MESSAGE][PASSED] - Verify element property value successfully

2022-03-24 14:10:52 - [TEST_STEP][PASSED] - verifyElementPropertyValue(order, "GetDataOrderResponse.ListDataOrder[0].InsuranceData[2].TJH", o_tjh_header_2, CONTINUE_ON_FAILURE): Verify element property value successfully

2022-03-24 14:10:52 - [MESSAGE][PASSED] - Verify element property value successfully

2022-03-24 14:10:52 - [TEST_STEP][PASSED] - verifyElementPropertyValue(order, "GetDataOrderResponse.ListDataOrder[0].InsuranceData[2].InsuredValue", o_ins_val_2, CONTINUE_ON_FAILURE): Verify element property value successfully

2022-03-24 14:10:52 - [MESSAGE][PASSED] - Verify element property value successfully

2022-03-24 14:10:52 - [TEST_STEP][PASSED] - verifyElementPropertyValue(order, "GetDataOrderResponse.ListDataOrder[0].InsuranceData[2].InsuredFrom", o_ins_form_2, CONTINUE_ON_FAILURE): Verify element property value successfully

2022-03-24 14:10:52 - [MESSAGE][PASSED] - Verify element property value successfully

2022-03-24 14:10:52 - [TEST_STEP][PASSED] - verifyElementPropertyValue(order, "GetDataOrderResponse.ListDataOrder[0].InsuranceData[2].InsuredTo", o_ins_to_2, CONTINUE_ON_FAILURE): Verify element property value successfully

2022-03-24 14:10:52 - [MESSAGE][PASSED] - Verify element property value successfully

2022-03-24 14:10:52 - [TEST_STEP][PASSED] - verifyElementPropertyValue(order, "GetDataOrderResponse.ListDataOrder[0].InsuranceData[2].Rate", o_rate_2, CONTINUE_ON_FAILURE): Verify element property value successfully

2022-03-24 14:10:52 - [MESSAGE][PASSED] - Verify element property value successfully

2022-03-24 14:10:52 - [TEST_STEP][PASSED] - verifyElementPropertyValue(order, "GetDataOrderResponse.ListDataOrder[0].InsuranceData[2].GrossPremi", o_gross_premi_2, CONTINUE_ON_FAILURE): Verify element property value successfully

2022-03-24 14:10:53 - [MESSAGE][PASSED] - Verify element property value successfully

2022-03-24 14:10:53 - [TEST_STEP][PASSED] - verifyElementPropertyValue(order, "GetDataOrderResponse.ListDataOrder[0].InsuranceData[2].Discount", o_discount_2, CONTINUE_ON_FAILURE): Verify element property value successfully

2022-03-24 14:10:53 - [MESSAGE][PASSED] - Verify element property value successfully

2022-03-24 14:10:53 - [TEST_STEP][PASSED] - verifyElementPropertyValue(order, "GetDataOrderResponse.ListDataOrder[0].InsuranceData[2].Adm", o_adm_2, CONTINUE_ON_FAILURE): Verify element property value successfully

2022-03-24 14:10:53 - [MESSAGE][PASSED] - Verify element property value successfully

2022-03-24 14:10:53 - [TEST_STEP][PASSED] - verifyElementPropertyValue(order, "GetDataOrderResponse.ListDataOrder[0].InsuranceData[2].NetPremi", o_netpremi_2, CONTINUE_ON_FAILURE): Verify element property value successfully

2022-03-24 14:10:53 - [MESSAGE][PASSED] - Verify element property value successfully

2022-03-24 14:10:53 - [TEST_STEP][PASSED] - verifyElementPropertyValue(order, "GetDataOrderResponse.ListDataOrder[0].InsuranceData[2].PerluasanJaminan.TJH", o_tjh_val_2, CONTINUE_ON_FAILURE): Verify element property value successfully

2022-03-24 14:10:53 - [MESSAGE][PASSED] - Verify element property value successfully

2022-03-24 14:10:53 - [TEST_STEP][PASSED] - verifyElementPropertyValue(order, "GetDataOrderResponse.ListDataOrder[0].InsuranceData[2].PerluasanJaminan.RSCC", o_rscc_val_2, CONTINUE_ON_FAILURE): Verify element property value successfully

2022-03-24 14:10:53 - [MESSAGE][PASSED] - Verify element property value successfully

2022-03-24 14:10:53 - [TEST_STEP][PASSED] - verifyElementPropertyValue(order, "GetDataOrderResponse.ListDataOrder[0].InsuranceData[2].PerluasanJaminan.Banjir", o_rsmb_val_2, CONTINUE_ON_FAILURE): Verify element property value successfully

2022-03-24 14:10:53 - [MESSAGE][PASSED] - Verify element property value successfully

2022-03-24 14:10:53 - [TEST_STEP][PASSED] - verifyElementPropertyValue(order, "GetDataOrderResponse.ListDataOrder[0].InsuranceData[2].PerluasanJaminan.Accessories", o_acc_val_2, CONTINUE_ON_FAILURE): Verify element property value successfully

2022-03-24 14:10:53 - [MESSAGE][PASSED] - Verify element property value successfully

2022-03-24 14:10:53 - [TEST_STEP][PASSED] - break: null]]></system-out>
         <system-err><![CDATA[]]></system-err>
      </testcase>
      <system-out><![CDATA[2022-03-24 14:10:43 - [TEST_SUITE][PASSED] - 2. Verify json response: Test Cases/2. get token - verify data order]]></system-out>
      <system-err><![CDATA[]]></system-err>
   </testsuite>
</testsuites>
