<?xml version="1.0" encoding="UTF-8"?>
<testsuites name="1. Get data order" time="31.55" tests="1" failures="0" errors="0">
   <testsuite name="1. Get data order" tests="1" failures="0" errors="0" time="31.55" skipped="0" timestamp="2022-07-28 16:23:41" hostname="Nia Yusniati - Apandi" id="Test Suites/1. Get data order">
      <properties>
         <property name="deviceName" value=""/>
         <property name="devicePlatform" value=""/>
         <property name="logFolder" value="C:\\Users\\Nia Yusniati\\Git_Asa\\order-car-ins\\Reports\\20220728_162329\\1. Get data order\\20220728_162329"/>
         <property name="logFiles" value="C:\\Users\\Nia Yusniati\\Git_Asa\\order-car-ins\\Reports\\20220728_162329\\1. Get data order\\20220728_162329\\execution0.log"/>
         <property name="attachments" value=""/>
         <property name="hostName" value="Nia Yusniati - Apandi"/>
         <property name="hostAddress" value="192.168.250.13"/>
         <property name="os" value="Windows 10 64bit"/>
         <property name="katalonVersion" value="8.1.0.208"/>
      </properties>
      <testcase name="Test Cases/1. get token - get data order" time="30.002" classname="Test Cases/1. get token - get data order" status="PASSED">
         <system-out><![CDATA[2022-07-28 16:23:42 - [TEST_CASE][PASSED] - Test Cases/1. get token - get data order: Test Cases/1. get token - get data order

2022-07-28 16:23:43 - [TEST_STEP][PASSED] - token = sendRequest(findTestObject("1.1 Get Token")): Send request successfully

2022-07-28 16:23:45 - [MESSAGE][INFO] - HAR: C:\Users\Nia Yusniati\Git_Asa\order-car-ins\Reports\20220728_162329\1. Get data order\20220728_162329\requests\main\0.har

2022-07-28 16:23:45 - [MESSAGE][PASSED] - Send request successfully

2022-07-28 16:23:45 - [TEST_STEP][PASSED] - slurper = new groovy.json.JsonSlurper(): null

2022-07-28 16:23:46 - [TEST_STEP][PASSED] - get_token = slurper.parseText(token.getResponseBodyContent()): null

2022-07-28 16:23:46 - [TEST_STEP][PASSED] - private_token = access_token: null

2022-07-28 16:23:46 - [TEST_STEP][PASSED] - global_token = private_token: null

2022-07-28 16:23:46 - [TEST_STEP][PASSED] - println("token is :" + global_token): null

2022-07-28 16:23:46 - [TEST_STEP][PASSED] - response_token = token.getResponseText(): null

2022-07-28 16:23:46 - [TEST_STEP][PASSED] - logInfo($response_token): 
            {
                "token_type": "BearerToken",
                "access_token": "AxAYPYVDqr62WAk6qrWNHaJn0u91",
                "expires_in": "599",
                "scope": ""
            }
        

2022-07-28 16:23:46 - [MESSAGE][INFO] - 
            {
                "token_type": "BearerToken",
                "access_token": "AxAYPYVDqr62WAk6qrWNHaJn0u91",
                "expires_in": "599",
                "scope": ""
            }
        

2022-07-28 16:23:46 - [TEST_STEP][PASSED] - order = sendRequest(findTestObject("3. Get-data-order", ["s_key":global_token, "c_id":c_id, "order_date":order_date, "page":page, "rows":rows])): Send request successfully

2022-07-28 16:24:12 - [MESSAGE][INFO] - HAR: C:\Users\Nia Yusniati\Git_Asa\order-car-ins\Reports\20220728_162329\1. Get data order\20220728_162329\requests\main\1.har

2022-07-28 16:24:12 - [MESSAGE][PASSED] - Send request successfully

2022-07-28 16:24:12 - [TEST_STEP][PASSED] - get_order = order.getResponseText(): null

2022-07-28 16:24:12 - [TEST_STEP][PASSED] - markPassed("result feedback data : " + no): result feedback data : 1

2022-07-28 16:24:12 - [MESSAGE][PASSED] - result feedback data : 1

2022-07-28 16:24:12 - [TEST_STEP][PASSED] - logInfo($get_order): {"ResponseHeader":{"ErrorCode":"00","ErrorMessage":"Success","CurrentPage":"1","TotalPage":"1","TotalData":"8"},"GetDataOrderResponse":{"ListDataOrder":[{"TipeOrder":"A","BatchID":"A_BCAFNEWRKSBatch20220405001","NoRek":"1040004492","NoPin":"001","CustName":"SCRAMBLE","Pemohon":"PT BCAF QQ BCA","HargaPembelian":"130000000.00","Cabang":"1040","MerkID":"NIS","TypeMobil":"SERENA 2.0 HIGHWAY STAR AT","JenisMobil":"1","TahunMobil":"2014","Warna":"HITAM","NoRangka":"MHBE4DG3CEJ004370","NoMesin":"MR20478929B","NoPolisi":"B 2083 TBM","Amount2":"","NamaBPKB":"ABCD","KategoriMobil":"3 ","Text2":"","PenggunaanKendaraan":"Personal","Kondisi":"2","LastUser":"3","Accessories1":"","Accessories2":"","Accessories3":"","Accessories4":"","Accessories5":"","HargaAccessories1":"0.00","HargaAccessories2":"0.00","HargaAccessories3":"0.00","HargaAccessories4":"0.00","HargaAccessories5":"0.00","OverKredit":"0","Restructure":"0","NoPolisLama":"","MailAddress":"SCRAMBLE","KabKodya":"SCRAMBLE","PostalCode":"14340","PaketMobil":"","CustType":"I","IdentityNo":"3175032507720013","BirthPlace":"SCRAMBLE","BirthDate":"19720725","Occupation":"Karyawan","AlamatKTP":"SCRAMBLE","KelurahanKTP":"SCRAMBLE","KecamatanKTP":"SCRAMBLE","KabKodyaKTP":"SCRAMBLE","ProvinsiKTP":"SCRAMBLE","PostalCodeKTP":"14340","DealerName":"Refinancing 1","PacketID":"KKB2020003","InsuranceData":[{"KondisiPertanggungan":"ALL RISK","NominalTJH":"25000000       ","InsuredValue":"130000000.00","InsuredFrom":"2022-06-09T00:00:00","InsuredTo":"2023-06-09T00:00:00","Rate":"2.0832","GrossPremi":"2890719.00","Discount":"0.0000","Adm":"14000.00","NetPremi":"2890719.00","Amount2":"","Text2":"","PerluasanJaminan":{"TJH":"1","RSCC":"1","Banjir":"1","Accessories":"0"}},{"KondisiPertanggungan":"ALL RISK","NominalTJH":"25000000       ","InsuredValue":"130000000.00","InsuredFrom":"2023-06-09T00:00:00","InsuredTo":"2024-06-09T00:00:00","Rate":"2.0832","GrossPremi":"2890719.00","Discount":"0.0000","Adm":"0.00","NetPremi":"2890719.00","Amount2":"","Text2":"","PerluasanJaminan":{"TJH":"1","RSCC":"1","Banjir":"1","Accessories":"0"}},{"KondisiPertanggungan":"ALL RISK","NominalTJH":"25000000       ","InsuredValue":"130000000.00","InsuredFrom":"2024-06-09T00:00:00","InsuredTo":"2025-06-09T00:00:00","Rate":"2.0832","GrossPremi":"2890719.00","Discount":"0.0000","Adm":"0.00","NetPremi":"2890719.00","Amount2":"","Text2":"","PerluasanJaminan":{"TJH":"1","RSCC":"1","Banjir":"1","Accessories":"0"}}]},{"TipeOrder":"A","BatchID":"A_BCAFNEWRKSBatch20220405001","NoRek":"1075002023","NoPin":"001","CustName":"SCRAMBLE","Pemohon":"PT BCAF QQ BCA","HargaPembelian":"145000000.00","Cabang":"1075","MerkID":"HON","TypeMobil":"BRIO SATYA E CVT","JenisMobil":"1","TahunMobil":"2019","Warna":"MERAH","NoRangka":"MHRDD1850KJ900553","NoMesin":"L12B32322048","NoPolisi":"B 1378 ERO","Amount2":"","NamaBPKB":"BUNGA ALDITIARA YUNIAR","KategoriMobil":"3 ","Text2":"","PenggunaanKendaraan":"Personal","Kondisi":"2","LastUser":"3","Accessories1":"","Accessories2":"","Accessories3":"","Accessories4":"","Accessories5":"","HargaAccessories1":"0.00","HargaAccessories2":"0.00","HargaAccessories3":"0.00","HargaAccessories4":"0.00","HargaAccessories5":"0.00","OverKredit":"0","Restructure":"0","NoPolisLama":"","MailAddress":"SCRAMBLE","KabKodya":"SCRAMBLE","PostalCode":"16414","PaketMobil":"","CustType":"I","IdentityNo":"3276054510690013","BirthPlace":"SCRAMBLE","BirthDate":"19691005","Occupation":"Wiraswasta","AlamatKTP":"SCRAMBLE","KelurahanKTP":"SCRAMBLE","KecamatanKTP":"SCRAMBLE","KabKodyaKTP":"SCRAMBLE","ProvinsiKTP":"SCRAMBLE","PostalCodeKTP":"16414","DealerName":"Refinancing 1 Top Up","PacketID":"MASS202028","InsuranceData":[{"KondisiPertanggungan":"ALL RISK","NominalTJH":"25000000       ","InsuredValue":"145000000.00","InsuredFrom":"2022-06-09T00:00:00","InsuredTo":"2023-06-09T00:00:00","Rate":"1.9934","GrossPremi":"3072930.00","Discount":"0.0000","Adm":"14000.00","NetPremi":"3072930.00","Amount2":"","Text2":"","PerluasanJaminan":{"TJH":"1","RSCC":"1","Banjir":"1","Accessories":"0"}}]},{"TipeOrder":"A","BatchID":"A_BCAFNEWRKSBatch20220405001","NoRek":"1174003086","NoPin":"003","CustName":"SCRAMBLE","Pemohon":"PT BCAF QQ BCA","HargaPembelian":"346600000.00","Cabang":"1174","MerkID":"HON","TypeMobil":"ALL NEW BRV PRESTIGE SENSING","JenisMobil":"1","TahunMobil":"2022","Warna":"HITAM MUTIARA","NoRangka":"MHRDG3880NJ303906","NoMesin":"L15ZF1123683","NoPolisi":"B 1085 RKI","Amount2":"","NamaBPKB":"ADITYA ARI SANDI","KategoriMobil":"13","Text2":"","PenggunaanKendaraan":"Personal","Kondisi":"1","LastUser":"3","Accessories1":"","Accessories2":"","Accessories3":"","Accessories4":"","Accessories5":"","HargaAccessories1":"0.00","HargaAccessories2":"0.00","HargaAccessories3":"0.00","HargaAccessories4":"0.00","HargaAccessories5":"0.00","OverKredit":"0","Restructure":"0","NoPolisLama":"","MailAddress":"SCRAMBLE","KabKodya":"SCRAMBLE","PostalCode":"13440","PaketMobil":"","CustType":"I","IdentityNo":"3175073110700001","BirthPlace":"SCRAMBLE","BirthDate":"19701031","Occupation":"Wiraswasta","AlamatKTP":"SCRAMBLE","KelurahanKTP":"SCRAMBLE","KecamatanKTP":"SCRAMBLE","KabKodyaKTP":"SCRAMBLE","ProvinsiKTP":"SCRAMBLE","PostalCodeKTP":"13440","DealerName":"Megatama Kalimalang","PacketID":"KKB2009002","InsuranceData":[{"KondisiPertanggungan":"ALL RISK","NominalTJH":"","InsuredValue":"346600000.00","InsuredFrom":"2022-06-09T00:00:00","InsuredTo":"2023-06-09T00:00:00","Rate":"1.5132","GrossPremi":"5244751.00","Discount":"0.0000","Adm":"14000.00","NetPremi":"5244751.00","Amount2":"","Text2":"","PerluasanJaminan":{"TJH":"0","RSCC":"0","Banjir":"0","Accessories":"0"}},{"KondisiPertanggungan":"ALL RISK","NominalTJH":"","InsuredValue":"346600000.00","InsuredFrom":"2023-06-09T00:00:00","InsuredTo":"2024-06-09T00:00:00","Rate":"1.3619","GrossPremi":"4720276.00","Discount":"0.0000","Adm":"0.00","NetPremi":"4720276.00","Amount2":"","Text2":"","PerluasanJaminan":{"TJH":"0","RSCC":"0","Banjir":"0","Accessories":"0"}},{"KondisiPertanggungan":"ALL RISK","NominalTJH":"","InsuredValue":"346600000.00","InsuredFrom":"2024-06-09T00:00:00","InsuredTo":"2025-06-09T00:00:00","Rate":"1.2106","GrossPremi":"4195801.00","Discount":"0.0000","Adm":"0.00","NetPremi":"4195801.00","Amount2":"","Text2":"","PerluasanJaminan":{"TJH":"0","RSCC":"0","Banjir":"0","Accessories":"0"}}]},{"TipeOrder":"A","BatchID":"A_BCAFNEWRKSBatch20220405001","NoRek":"1202520178","NoPin":"004","CustName":"SCRAMBLE","Pemohon":"PT BCAF QQ BCA","HargaPembelian":"136000000.00","Cabang":"1202","MerkID":"SUZ","TypeMobil":"NEW CARRY 1.5 PU FD","JenisMobil":"2","TahunMobil":"2022","Warna":"WHITE","NoRangka":"MHYHDC61TNJ220527","NoMesin":"K15BT1375771","NoPolisi":"B 9365 SAL","Amount2":"","NamaBPKB":"RATNO ADI SAPUTRO","KategoriMobil":"7 ","Text2":"","PenggunaanKendaraan":"Operasional","Kondisi":"1","LastUser":"3","Accessories1":"","Accessories2":"","Accessories3":"","Accessories4":"","Accessories5":"","HargaAccessories1":"0.00","HargaAccessories2":"0.00","HargaAccessories3":"0.00","HargaAccessories4":"0.00","HargaAccessories5":"0.00","OverKredit":"0","Restructure":"0","NoPolisLama":"","MailAddress":"SCRAMBLE","KabKodya":"SCRAMBLE","PostalCode":"12270","PaketMobil":"","CustType":"I","IdentityNo":"3173052405750008","BirthPlace":"SCRAMBLE","BirthDate":"19750524","Occupation":"Karyawan","AlamatKTP":"SCRAMBLE","KelurahanKTP":"SCRAMBLE","KecamatanKTP":"SCRAMBLE","KabKodyaKTP":"SCRAMBLE","ProvinsiKTP":"SCRAMBLE","PostalCodeKTP":"12270","DealerName":"IMT Bintaro Suzuki","PacketID":"KKB2009002","InsuranceData":[{"KondisiPertanggungan":"TLO","NominalTJH":"","InsuredValue":"136000000.00","InsuredFrom":"2022-04-05T00:00:00","InsuredTo":"2023-04-05T00:00:00","Rate":"1.2222","GrossPremi":"1662192.00","Discount":"0.0000","Adm":"14000.00","NetPremi":"1662192.00","Amount2":"","Text2":"","PerluasanJaminan":{"TJH":"0","RSCC":"0","Banjir":"0","Accessories":"0"}},{"KondisiPertanggungan":"TLO","NominalTJH":"","InsuredValue":"136000000.00","InsuredFrom":"2023-04-05T00:00:00","InsuredTo":"2024-04-05T00:00:00","Rate":"1.1000","GrossPremi":"1495973.00","Discount":"0.0000","Adm":"0.00","NetPremi":"1495973.00","Amount2":"","Text2":"","PerluasanJaminan":{"TJH":"0","RSCC":"0","Banjir":"0","Accessories":"0"}}]},{"TipeOrder":"A","BatchID":"A_BCAFNEWRKSBatch20220405001","NoRek":"9434004254","NoPin":"001","CustName":"ABCD","Pemohon":"PT BCAF QQ BCA","HargaPembelian":"381600000.00","Cabang":"9434","MerkID":"TYT","TypeMobil":"KIJANG INNOVA 2.4 G A\/T DIESEL","JenisMobil":"1","TahunMobil":"2022","Warna":"HITAM METALIK","NoRangka":"MHFJB8EM7N1098846","NoMesin":"2GDC988573","NoPolisi":"B 1117 JFJ","Amount2":"","NamaBPKB":"AMAD ARIFIN SAPUTRA","KategoriMobil":"3 ","Text2":"","PenggunaanKendaraan":"Personal","Kondisi":"1","LastUser":"3","Accessories1":"","Accessories2":"","Accessories3":"","Accessories4":"","Accessories5":"","HargaAccessories1":"0.00","HargaAccessories2":"0.00","HargaAccessories3":"0.00","HargaAccessories4":"0.00","HargaAccessories5":"0.00","OverKredit":"0","Restructure":"0","NoPolisLama":"","MailAddress":"M TOWN RESIDENCE JL GADING SERPONG BOULEVARD PAKULONAN BARAT NO 12 RT 000 RW 000","KabKodya":"SURABAYA","PostalCode":"60271","PaketMobil":"","CustType":"I","IdentityNo":"1234567891234567","BirthPlace":"SURABAYA","BirthDate":"19990519","Occupation":"Karyawan","AlamatKTP":"KEDONDONG LOR 1 11 RT 001 RW 008","KelurahanKTP":"EMBONG KALIASIN","KecamatanKTP":"GENTENG","KabKodyaKTP":"SURABAYA","ProvinsiKTP":"JAWA TIMUR","PostalCodeKTP":"60271","DealerName":"Astrido Jaya Mobilindo - Daan Mogot","PacketID":"KKB2017008","InsuranceData":[{"KondisiPertanggungan":"ALL RISK","NominalTJH":"10000000       ","InsuredValue":"381600000.00","InsuredFrom":"2022-04-05T00:00:00","InsuredTo":"2023-04-05T00:00:00","Rate":"1.5132","GrossPremi":"5847371.00","Discount":"0.0000","Adm":"14000.00","NetPremi":"5847371.00","Amount2":"","Text2":"","PerluasanJaminan":{"TJH":"1","RSCC":"0","Banjir":"0","Accessories":"0"}},{"KondisiPertanggungan":"ALL RISK","NominalTJH":"10000000       ","InsuredValue":"381600000.00","InsuredFrom":"2023-04-05T00:00:00","InsuredTo":"2024-04-05T00:00:00","Rate":"1.3619","GrossPremi":"5269934.00","Discount":"0.0000","Adm":"0.00","NetPremi":"5269934.00","Amount2":"","Text2":"","PerluasanJaminan":{"TJH":"1","RSCC":"0","Banjir":"0","Accessories":"0"}},{"KondisiPertanggungan":"ALL RISK","NominalTJH":"10000000       ","InsuredValue":"381600000.00","InsuredFrom":"2024-04-05T00:00:00","InsuredTo":"2025-04-05T00:00:00","Rate":"1.2106","GrossPremi":"4692497.00","Discount":"0.0000","Adm":"0.00","NetPremi":"4692497.00","Amount2":"","Text2":"","PerluasanJaminan":{"TJH":"1","RSCC":"0","Banjir":"0","Accessories":"0"}},{"KondisiPertanggungan":"ALL RISK","NominalTJH":"10000000       ","InsuredValue":"381600000.00","InsuredFrom":"2025-04-05T00:00:00","InsuredTo":"2026-04-05T00:00:00","Rate":"1.1349","GrossPremi":"4403778.00","Discount":"0.0000","Adm":"0.00","NetPremi":"4403778.00","Amount2":"","Text2":"","PerluasanJaminan":{"TJH":"1","RSCC":"0","Banjir":"0","Accessories":"0"}}]},{"TipeOrder":"A","BatchID":"A_BCAFNEWRKSBatch20220405001","NoRek":"9499002136","NoPin":"001","CustName":"ABCD","Pemohon":"PT BCAF QQ BCA","HargaPembelian":"400400000.00","Cabang":"9499","MerkID":"HON","TypeMobil":"ALL NEW HRV 1.5 E SPESIAL EDITION CVT","JenisMobil":"1","TahunMobil":"2022","Warna":"PUTIH PLATINUM MUTIARA","NoRangka":"MHRRV3870NJ200399","NoMesin":"L15ZF1300961","NoPolisi":"D 1262 AJT","Amount2":"","NamaBPKB":"ABCD","KategoriMobil":"14","Text2":"","PenggunaanKendaraan":"Personal","Kondisi":"1","LastUser":"3","Accessories1":"","Accessories2":"","Accessories3":"","Accessories4":"","Accessories5":"","HargaAccessories1":"0.00","HargaAccessories2":"0.00","HargaAccessories3":"0.00","HargaAccessories4":"0.00","HargaAccessories5":"0.00","OverKredit":"0","Restructure":"0","NoPolisLama":"","MailAddress":"JL BATUNUNGGAL INDAH VIII NO 47 RT 003 RW 005 MENGGER BANDUNG KIDUL","KabKodya":"BANDUNG","PostalCode":"40267","PaketMobil":"","CustType":"I","IdentityNo":"1234567891234567","BirthPlace":"BANDUNG","BirthDate":"19950324","Occupation":"Wiraswasta","AlamatKTP":"JL BATUNUNGGAL INDAH VIII NO 47 RT 003 RW 005","KelurahanKTP":"MENGGER","KecamatanKTP":"BANDUNG KIDUL","KabKodyaKTP":"BANDUNG","ProvinsiKTP":"JAWA BARAT","PostalCodeKTP":"40267","DealerName":"Honda Ahmad Yani","PacketID":"KKB2017008","InsuranceData":[{"KondisiPertanggungan":"ALL RISK","NominalTJH":"","InsuredValue":"400400000.00","InsuredFrom":"2022-04-05T00:00:00","InsuredTo":"2023-04-05T00:00:00","Rate":"0.8730","GrossPremi":"3495492.00","Discount":"0.0000","Adm":"14000.00","NetPremi":"3495492.00","Amount2":"","Text2":"","PerluasanJaminan":{"TJH":"0","RSCC":"0","Banjir":"0","Accessories":"0"}},{"KondisiPertanggungan":"TLO","NominalTJH":"","InsuredValue":"400400000.00","InsuredFrom":"2023-04-05T00:00:00","InsuredTo":"2024-04-05T00:00:00","Rate":"0.1819","GrossPremi":"728328.00","Discount":"0.0000","Adm":"0.00","NetPremi":"728328.00","Amount2":"","Text2":"","PerluasanJaminan":{"TJH":"0","RSCC":"0","Banjir":"0","Accessories":"0"}},{"KondisiPertanggungan":"TLO","NominalTJH":"","InsuredValue":"400400000.00","InsuredFrom":"2024-04-05T00:00:00","InsuredTo":"2025-04-05T00:00:00","Rate":"0.1819","GrossPremi":"728328.00","Discount":"0.0000","Adm":"0.00","NetPremi":"728328.00","Amount2":"","Text2":"","PerluasanJaminan":{"TJH":"0","RSCC":"0","Banjir":"0","Accessories":"0"}},{"KondisiPertanggungan":"TLO","NominalTJH":"","InsuredValue":"400400000.00","InsuredFrom":"2025-04-05T00:00:00","InsuredTo":"2026-04-05T00:00:00","Rate":"0.1819","GrossPremi":"728328.00","Discount":"0.0000","Adm":"0.00","NetPremi":"728328.00","Amount2":"","Text2":"","PerluasanJaminan":{"TJH":"0","RSCC":"0","Banjir":"0","Accessories":"0"}}]},{"TipeOrder":"A","BatchID":"A_BCAFNEWRKSBatch20220405001","NoRek":"9500004440","NoPin":"008","CustName":"SCRAMBLE","Pemohon":"PT BCAF","HargaPembelian":"475000000.00","Cabang":"9500","MerkID":"MER","TypeMobil":"CLA 200 A\/T (C117)","JenisMobil":"1","TahunMobil":"2014","Warna":"PUTIH","NoRangka":"WDD1173432N132623","NoMesin":"27091030487385","NoPolisi":"B 1880 BAF","Amount2":"","NamaBPKB":"ANDY SUNJAYA","KategoriMobil":"1 ","Text2":"","PenggunaanKendaraan":"Personal","Kondisi":"2","LastUser":"3","Accessories1":"","Accessories2":"","Accessories3":"","Accessories4":"","Accessories5":"","HargaAccessories1":"0.00","HargaAccessories2":"0.00","HargaAccessories3":"0.00","HargaAccessories4":"0.00","HargaAccessories5":"0.00","OverKredit":"0","Restructure":"0","NoPolisLama":"","MailAddress":"SCRAMBLE","KabKodya":"SCRAMBLE","PostalCode":"14240","PaketMobil":"","CustType":"I","IdentityNo":"3172066204670004","BirthPlace":"SCRAMBLE","BirthDate":"19680422","Occupation":"Karyawan","AlamatKTP":"SCRAMBLE","KelurahanKTP":"SCRAMBLE","KecamatanKTP":"SCRAMBLE","KabKodyaKTP":"SCRAMBLE","ProvinsiKTP":"SCRAMBLE","PostalCodeKTP":"14240","DealerName":"Penjual Non Dealer","PacketID":"KKB2020003","InsuranceData":[{"KondisiPertanggungan":"ALL RISK","NominalTJH":"25000000       ","InsuredValue":"475000000.00","InsuredFrom":"2022-04-05T00:00:00","InsuredTo":"2023-04-05T00:00:00","Rate":"1.1131","GrossPremi":"5469962.00","Discount":"0.0000","Adm":"14000.00","NetPremi":"5469962.00","Amount2":"","Text2":"","PerluasanJaminan":{"TJH":"1","RSCC":"1","Banjir":"1","Accessories":"0"}},{"KondisiPertanggungan":"TLO","NominalTJH":"25000000       ","InsuredValue":"475000000.00","InsuredFrom":"2023-04-05T00:00:00","InsuredTo":"2024-04-05T00:00:00","Rate":"0.3274","GrossPremi":"1737650.00","Discount":"0.0000","Adm":"0.00","NetPremi":"1737650.00","Amount2":"","Text2":"","PerluasanJaminan":{"TJH":"1","RSCC":"1","Banjir":"1","Accessories":"0"}},{"KondisiPertanggungan":"TLO","NominalTJH":"25000000       ","InsuredValue":"475000000.00","InsuredFrom":"2024-04-05T00:00:00","InsuredTo":"2025-04-05T00:00:00","Rate":"0.3274","GrossPremi":"1737650.00","Discount":"0.0000","Adm":"0.00","NetPremi":"1737650.00","Amount2":"","Text2":"","PerluasanJaminan":{"TJH":"1","RSCC":"1","Banjir":"1","Accessories":"0"}}]},{"TipeOrder":"A","BatchID":"A_BCAFNEWRKSBatch20220405001","NoRek":"9982003556","NoPin":"001","CustName":"CABCD","Pemohon":"PT BCAF QQ BCA","HargaPembelian":"616000000.00","Cabang":"9982","MerkID":"MIT","TypeMobil":"ALL NEW PAJERO SPORT DAKAR 4X2 A\/T","JenisMobil":"1","TahunMobil":"2022","Warna":"PUTIH MUTIARA","NoRangka":"MK2KRWPNUNJ007196","NoMesin":"4N15UJG5394","NoPolisi":"","Amount2":"","NamaBPKB":"CABCD","KategoriMobil":"14","Text2":"","PenggunaanKendaraan":"Personal","Kondisi":"1","LastUser":"3","Accessories1":"","Accessories2":"","Accessories3":"","Accessories4":"","Accessories5":"","HargaAccessories1":"0.00","HargaAccessories2":"0.00","HargaAccessories3":"0.00","HargaAccessories4":"0.00","HargaAccessories5":"0.00","OverKredit":"0","Restructure":"0","NoPolisLama":"","MailAddress":"JL H M KAMIL NO 41 RT 015 RW 000 WIJAYA PURA JAMBI SELATAN","KabKodya":"KOTA JAMBI","PostalCode":"36131","PaketMobil":"","CustType":"I","IdentityNo":"1234567891234567","BirthPlace":"SUKOHARJO JAWA TENGAH","BirthDate":"19940227","Occupation":"Wiraswasta","AlamatKTP":"JL H M KAMIL NO 41 RT 015 RW 000","KelurahanKTP":"WIJAYA PURA","KecamatanKTP":"JAMBI SELATAN","KabKodyaKTP":"KOTA JAMBI","ProvinsiKTP":"JAMBI","PostalCodeKTP":"36131","DealerName":"Kerinci Permata Motors, PT","PacketID":"KKB2009002","InsuranceData":[{"KondisiPertanggungan":"ALL RISK","NominalTJH":"25000000       ","InsuredValue":"616000000.00","InsuredFrom":"2022-06-09T00:00:00","InsuredTo":"2023-06-09T00:00:00","Rate":"1.0695","GrossPremi":"6770620.00","Discount":"0.0000","Adm":"14000.00","NetPremi":"6770620.00","Amount2":"","Text2":"","PerluasanJaminan":{"TJH":"1","RSCC":"1","Banjir":"1","Accessories":"0"}},{"KondisiPertanggungan":"TLO","NominalTJH":"25000000       ","InsuredValue":"616000000.00","InsuredFrom":"2023-06-09T00:00:00","InsuredTo":"2024-06-09T00:00:00","Rate":"0.3110","GrossPremi":"2098506.00","Discount":"0.0000","Adm":"0.00","NetPremi":"2098506.00","Amount2":"","Text2":"","PerluasanJaminan":{"TJH":"1","RSCC":"1","Banjir":"1","Accessories":"0"}},{"KondisiPertanggungan":"TLO","NominalTJH":"25000000       ","InsuredValue":"616000000.00","InsuredFrom":"2024-06-09T00:00:00","InsuredTo":"2025-06-09T00:00:00","Rate":"0.2765","GrossPremi":"1885617.00","Discount":"0.0000","Adm":"0.00","NetPremi":"1885617.00","Amount2":"","Text2":"","PerluasanJaminan":{"TJH":"1","RSCC":"1","Banjir":"1","Accessories":"0"}},{"KondisiPertanggungan":"TLO","NominalTJH":"25000000       ","InsuredValue":"616000000.00","InsuredFrom":"2025-06-09T00:00:00","InsuredTo":"2026-06-09T00:00:00","Rate":"0.2592","GrossPremi":"1779172.00","Discount":"0.0000","Adm":"0.00","NetPremi":"1779172.00","Amount2":"","Text2":"","PerluasanJaminan":{"TJH":"1","RSCC":"1","Banjir":"1","Accessories":"0"}}]}]}}

2022-07-28 16:24:12 - [MESSAGE][INFO] - {"ResponseHeader":{"ErrorCode":"00","ErrorMessage":"Success","CurrentPage":"1","TotalPage":"1","TotalData":"8"},"GetDataOrderResponse":{"ListDataOrder":[{"TipeOrder":"A","BatchID":"A_BCAFNEWRKSBatch20220405001","NoRek":"1040004492","NoPin":"001","CustName":"SCRAMBLE","Pemohon":"PT BCAF QQ BCA","HargaPembelian":"130000000.00","Cabang":"1040","MerkID":"NIS","TypeMobil":"SERENA 2.0 HIGHWAY STAR AT","JenisMobil":"1","TahunMobil":"2014","Warna":"HITAM","NoRangka":"MHBE4DG3CEJ004370","NoMesin":"MR20478929B","NoPolisi":"B 2083 TBM","Amount2":"","NamaBPKB":"ABCD","KategoriMobil":"3 ","Text2":"","PenggunaanKendaraan":"Personal","Kondisi":"2","LastUser":"3","Accessories1":"","Accessories2":"","Accessories3":"","Accessories4":"","Accessories5":"","HargaAccessories1":"0.00","HargaAccessories2":"0.00","HargaAccessories3":"0.00","HargaAccessories4":"0.00","HargaAccessories5":"0.00","OverKredit":"0","Restructure":"0","NoPolisLama":"","MailAddress":"SCRAMBLE","KabKodya":"SCRAMBLE","PostalCode":"14340","PaketMobil":"","CustType":"I","IdentityNo":"3175032507720013","BirthPlace":"SCRAMBLE","BirthDate":"19720725","Occupation":"Karyawan","AlamatKTP":"SCRAMBLE","KelurahanKTP":"SCRAMBLE","KecamatanKTP":"SCRAMBLE","KabKodyaKTP":"SCRAMBLE","ProvinsiKTP":"SCRAMBLE","PostalCodeKTP":"14340","DealerName":"Refinancing 1","PacketID":"KKB2020003","InsuranceData":[{"KondisiPertanggungan":"ALL RISK","NominalTJH":"25000000       ","InsuredValue":"130000000.00","InsuredFrom":"2022-06-09T00:00:00","InsuredTo":"2023-06-09T00:00:00","Rate":"2.0832","GrossPremi":"2890719.00","Discount":"0.0000","Adm":"14000.00","NetPremi":"2890719.00","Amount2":"","Text2":"","PerluasanJaminan":{"TJH":"1","RSCC":"1","Banjir":"1","Accessories":"0"}},{"KondisiPertanggungan":"ALL RISK","NominalTJH":"25000000       ","InsuredValue":"130000000.00","InsuredFrom":"2023-06-09T00:00:00","InsuredTo":"2024-06-09T00:00:00","Rate":"2.0832","GrossPremi":"2890719.00","Discount":"0.0000","Adm":"0.00","NetPremi":"2890719.00","Amount2":"","Text2":"","PerluasanJaminan":{"TJH":"1","RSCC":"1","Banjir":"1","Accessories":"0"}},{"KondisiPertanggungan":"ALL RISK","NominalTJH":"25000000       ","InsuredValue":"130000000.00","InsuredFrom":"2024-06-09T00:00:00","InsuredTo":"2025-06-09T00:00:00","Rate":"2.0832","GrossPremi":"2890719.00","Discount":"0.0000","Adm":"0.00","NetPremi":"2890719.00","Amount2":"","Text2":"","PerluasanJaminan":{"TJH":"1","RSCC":"1","Banjir":"1","Accessories":"0"}}]},{"TipeOrder":"A","BatchID":"A_BCAFNEWRKSBatch20220405001","NoRek":"1075002023","NoPin":"001","CustName":"SCRAMBLE","Pemohon":"PT BCAF QQ BCA","HargaPembelian":"145000000.00","Cabang":"1075","MerkID":"HON","TypeMobil":"BRIO SATYA E CVT","JenisMobil":"1","TahunMobil":"2019","Warna":"MERAH","NoRangka":"MHRDD1850KJ900553","NoMesin":"L12B32322048","NoPolisi":"B 1378 ERO","Amount2":"","NamaBPKB":"BUNGA ALDITIARA YUNIAR","KategoriMobil":"3 ","Text2":"","PenggunaanKendaraan":"Personal","Kondisi":"2","LastUser":"3","Accessories1":"","Accessories2":"","Accessories3":"","Accessories4":"","Accessories5":"","HargaAccessories1":"0.00","HargaAccessories2":"0.00","HargaAccessories3":"0.00","HargaAccessories4":"0.00","HargaAccessories5":"0.00","OverKredit":"0","Restructure":"0","NoPolisLama":"","MailAddress":"SCRAMBLE","KabKodya":"SCRAMBLE","PostalCode":"16414","PaketMobil":"","CustType":"I","IdentityNo":"3276054510690013","BirthPlace":"SCRAMBLE","BirthDate":"19691005","Occupation":"Wiraswasta","AlamatKTP":"SCRAMBLE","KelurahanKTP":"SCRAMBLE","KecamatanKTP":"SCRAMBLE","KabKodyaKTP":"SCRAMBLE","ProvinsiKTP":"SCRAMBLE","PostalCodeKTP":"16414","DealerName":"Refinancing 1 Top Up","PacketID":"MASS202028","InsuranceData":[{"KondisiPertanggungan":"ALL RISK","NominalTJH":"25000000       ","InsuredValue":"145000000.00","InsuredFrom":"2022-06-09T00:00:00","InsuredTo":"2023-06-09T00:00:00","Rate":"1.9934","GrossPremi":"3072930.00","Discount":"0.0000","Adm":"14000.00","NetPremi":"3072930.00","Amount2":"","Text2":"","PerluasanJaminan":{"TJH":"1","RSCC":"1","Banjir":"1","Accessories":"0"}}]},{"TipeOrder":"A","BatchID":"A_BCAFNEWRKSBatch20220405001","NoRek":"1174003086","NoPin":"003","CustName":"SCRAMBLE","Pemohon":"PT BCAF QQ BCA","HargaPembelian":"346600000.00","Cabang":"1174","MerkID":"HON","TypeMobil":"ALL NEW BRV PRESTIGE SENSING","JenisMobil":"1","TahunMobil":"2022","Warna":"HITAM MUTIARA","NoRangka":"MHRDG3880NJ303906","NoMesin":"L15ZF1123683","NoPolisi":"B 1085 RKI","Amount2":"","NamaBPKB":"ADITYA ARI SANDI","KategoriMobil":"13","Text2":"","PenggunaanKendaraan":"Personal","Kondisi":"1","LastUser":"3","Accessories1":"","Accessories2":"","Accessories3":"","Accessories4":"","Accessories5":"","HargaAccessories1":"0.00","HargaAccessories2":"0.00","HargaAccessories3":"0.00","HargaAccessories4":"0.00","HargaAccessories5":"0.00","OverKredit":"0","Restructure":"0","NoPolisLama":"","MailAddress":"SCRAMBLE","KabKodya":"SCRAMBLE","PostalCode":"13440","PaketMobil":"","CustType":"I","IdentityNo":"3175073110700001","BirthPlace":"SCRAMBLE","BirthDate":"19701031","Occupation":"Wiraswasta","AlamatKTP":"SCRAMBLE","KelurahanKTP":"SCRAMBLE","KecamatanKTP":"SCRAMBLE","KabKodyaKTP":"SCRAMBLE","ProvinsiKTP":"SCRAMBLE","PostalCodeKTP":"13440","DealerName":"Megatama Kalimalang","PacketID":"KKB2009002","InsuranceData":[{"KondisiPertanggungan":"ALL RISK","NominalTJH":"","InsuredValue":"346600000.00","InsuredFrom":"2022-06-09T00:00:00","InsuredTo":"2023-06-09T00:00:00","Rate":"1.5132","GrossPremi":"5244751.00","Discount":"0.0000","Adm":"14000.00","NetPremi":"5244751.00","Amount2":"","Text2":"","PerluasanJaminan":{"TJH":"0","RSCC":"0","Banjir":"0","Accessories":"0"}},{"KondisiPertanggungan":"ALL RISK","NominalTJH":"","InsuredValue":"346600000.00","InsuredFrom":"2023-06-09T00:00:00","InsuredTo":"2024-06-09T00:00:00","Rate":"1.3619","GrossPremi":"4720276.00","Discount":"0.0000","Adm":"0.00","NetPremi":"4720276.00","Amount2":"","Text2":"","PerluasanJaminan":{"TJH":"0","RSCC":"0","Banjir":"0","Accessories":"0"}},{"KondisiPertanggungan":"ALL RISK","NominalTJH":"","InsuredValue":"346600000.00","InsuredFrom":"2024-06-09T00:00:00","InsuredTo":"2025-06-09T00:00:00","Rate":"1.2106","GrossPremi":"4195801.00","Discount":"0.0000","Adm":"0.00","NetPremi":"4195801.00","Amount2":"","Text2":"","PerluasanJaminan":{"TJH":"0","RSCC":"0","Banjir":"0","Accessories":"0"}}]},{"TipeOrder":"A","BatchID":"A_BCAFNEWRKSBatch20220405001","NoRek":"1202520178","NoPin":"004","CustName":"SCRAMBLE","Pemohon":"PT BCAF QQ BCA","HargaPembelian":"136000000.00","Cabang":"1202","MerkID":"SUZ","TypeMobil":"NEW CARRY 1.5 PU FD","JenisMobil":"2","TahunMobil":"2022","Warna":"WHITE","NoRangka":"MHYHDC61TNJ220527","NoMesin":"K15BT1375771","NoPolisi":"B 9365 SAL","Amount2":"","NamaBPKB":"RATNO ADI SAPUTRO","KategoriMobil":"7 ","Text2":"","PenggunaanKendaraan":"Operasional","Kondisi":"1","LastUser":"3","Accessories1":"","Accessories2":"","Accessories3":"","Accessories4":"","Accessories5":"","HargaAccessories1":"0.00","HargaAccessories2":"0.00","HargaAccessories3":"0.00","HargaAccessories4":"0.00","HargaAccessories5":"0.00","OverKredit":"0","Restructure":"0","NoPolisLama":"","MailAddress":"SCRAMBLE","KabKodya":"SCRAMBLE","PostalCode":"12270","PaketMobil":"","CustType":"I","IdentityNo":"3173052405750008","BirthPlace":"SCRAMBLE","BirthDate":"19750524","Occupation":"Karyawan","AlamatKTP":"SCRAMBLE","KelurahanKTP":"SCRAMBLE","KecamatanKTP":"SCRAMBLE","KabKodyaKTP":"SCRAMBLE","ProvinsiKTP":"SCRAMBLE","PostalCodeKTP":"12270","DealerName":"IMT Bintaro Suzuki","PacketID":"KKB2009002","InsuranceData":[{"KondisiPertanggungan":"TLO","NominalTJH":"","InsuredValue":"136000000.00","InsuredFrom":"2022-04-05T00:00:00","InsuredTo":"2023-04-05T00:00:00","Rate":"1.2222","GrossPremi":"1662192.00","Discount":"0.0000","Adm":"14000.00","NetPremi":"1662192.00","Amount2":"","Text2":"","PerluasanJaminan":{"TJH":"0","RSCC":"0","Banjir":"0","Accessories":"0"}},{"KondisiPertanggungan":"TLO","NominalTJH":"","InsuredValue":"136000000.00","InsuredFrom":"2023-04-05T00:00:00","InsuredTo":"2024-04-05T00:00:00","Rate":"1.1000","GrossPremi":"1495973.00","Discount":"0.0000","Adm":"0.00","NetPremi":"1495973.00","Amount2":"","Text2":"","PerluasanJaminan":{"TJH":"0","RSCC":"0","Banjir":"0","Accessories":"0"}}]},{"TipeOrder":"A","BatchID":"A_BCAFNEWRKSBatch20220405001","NoRek":"9434004254","NoPin":"001","CustName":"ABCD","Pemohon":"PT BCAF QQ BCA","HargaPembelian":"381600000.00","Cabang":"9434","MerkID":"TYT","TypeMobil":"KIJANG INNOVA 2.4 G A\/T DIESEL","JenisMobil":"1","TahunMobil":"2022","Warna":"HITAM METALIK","NoRangka":"MHFJB8EM7N1098846","NoMesin":"2GDC988573","NoPolisi":"B 1117 JFJ","Amount2":"","NamaBPKB":"AMAD ARIFIN SAPUTRA","KategoriMobil":"3 ","Text2":"","PenggunaanKendaraan":"Personal","Kondisi":"1","LastUser":"3","Accessories1":"","Accessories2":"","Accessories3":"","Accessories4":"","Accessories5":"","HargaAccessories1":"0.00","HargaAccessories2":"0.00","HargaAccessories3":"0.00","HargaAccessories4":"0.00","HargaAccessories5":"0.00","OverKredit":"0","Restructure":"0","NoPolisLama":"","MailAddress":"M TOWN RESIDENCE JL GADING SERPONG BOULEVARD PAKULONAN BARAT NO 12 RT 000 RW 000","KabKodya":"SURABAYA","PostalCode":"60271","PaketMobil":"","CustType":"I","IdentityNo":"1234567891234567","BirthPlace":"SURABAYA","BirthDate":"19990519","Occupation":"Karyawan","AlamatKTP":"KEDONDONG LOR 1 11 RT 001 RW 008","KelurahanKTP":"EMBONG KALIASIN","KecamatanKTP":"GENTENG","KabKodyaKTP":"SURABAYA","ProvinsiKTP":"JAWA TIMUR","PostalCodeKTP":"60271","DealerName":"Astrido Jaya Mobilindo - Daan Mogot","PacketID":"KKB2017008","InsuranceData":[{"KondisiPertanggungan":"ALL RISK","NominalTJH":"10000000       ","InsuredValue":"381600000.00","InsuredFrom":"2022-04-05T00:00:00","InsuredTo":"2023-04-05T00:00:00","Rate":"1.5132","GrossPremi":"5847371.00","Discount":"0.0000","Adm":"14000.00","NetPremi":"5847371.00","Amount2":"","Text2":"","PerluasanJaminan":{"TJH":"1","RSCC":"0","Banjir":"0","Accessories":"0"}},{"KondisiPertanggungan":"ALL RISK","NominalTJH":"10000000       ","InsuredValue":"381600000.00","InsuredFrom":"2023-04-05T00:00:00","InsuredTo":"2024-04-05T00:00:00","Rate":"1.3619","GrossPremi":"5269934.00","Discount":"0.0000","Adm":"0.00","NetPremi":"5269934.00","Amount2":"","Text2":"","PerluasanJaminan":{"TJH":"1","RSCC":"0","Banjir":"0","Accessories":"0"}},{"KondisiPertanggungan":"ALL RISK","NominalTJH":"10000000       ","InsuredValue":"381600000.00","InsuredFrom":"2024-04-05T00:00:00","InsuredTo":"2025-04-05T00:00:00","Rate":"1.2106","GrossPremi":"4692497.00","Discount":"0.0000","Adm":"0.00","NetPremi":"4692497.00","Amount2":"","Text2":"","PerluasanJaminan":{"TJH":"1","RSCC":"0","Banjir":"0","Accessories":"0"}},{"KondisiPertanggungan":"ALL RISK","NominalTJH":"10000000       ","InsuredValue":"381600000.00","InsuredFrom":"2025-04-05T00:00:00","InsuredTo":"2026-04-05T00:00:00","Rate":"1.1349","GrossPremi":"4403778.00","Discount":"0.0000","Adm":"0.00","NetPremi":"4403778.00","Amount2":"","Text2":"","PerluasanJaminan":{"TJH":"1","RSCC":"0","Banjir":"0","Accessories":"0"}}]},{"TipeOrder":"A","BatchID":"A_BCAFNEWRKSBatch20220405001","NoRek":"9499002136","NoPin":"001","CustName":"ABCD","Pemohon":"PT BCAF QQ BCA","HargaPembelian":"400400000.00","Cabang":"9499","MerkID":"HON","TypeMobil":"ALL NEW HRV 1.5 E SPESIAL EDITION CVT","JenisMobil":"1","TahunMobil":"2022","Warna":"PUTIH PLATINUM MUTIARA","NoRangka":"MHRRV3870NJ200399","NoMesin":"L15ZF1300961","NoPolisi":"D 1262 AJT","Amount2":"","NamaBPKB":"ABCD","KategoriMobil":"14","Text2":"","PenggunaanKendaraan":"Personal","Kondisi":"1","LastUser":"3","Accessories1":"","Accessories2":"","Accessories3":"","Accessories4":"","Accessories5":"","HargaAccessories1":"0.00","HargaAccessories2":"0.00","HargaAccessories3":"0.00","HargaAccessories4":"0.00","HargaAccessories5":"0.00","OverKredit":"0","Restructure":"0","NoPolisLama":"","MailAddress":"JL BATUNUNGGAL INDAH VIII NO 47 RT 003 RW 005 MENGGER BANDUNG KIDUL","KabKodya":"BANDUNG","PostalCode":"40267","PaketMobil":"","CustType":"I","IdentityNo":"1234567891234567","BirthPlace":"BANDUNG","BirthDate":"19950324","Occupation":"Wiraswasta","AlamatKTP":"JL BATUNUNGGAL INDAH VIII NO 47 RT 003 RW 005","KelurahanKTP":"MENGGER","KecamatanKTP":"BANDUNG KIDUL","KabKodyaKTP":"BANDUNG","ProvinsiKTP":"JAWA BARAT","PostalCodeKTP":"40267","DealerName":"Honda Ahmad Yani","PacketID":"KKB2017008","InsuranceData":[{"KondisiPertanggungan":"ALL RISK","NominalTJH":"","InsuredValue":"400400000.00","InsuredFrom":"2022-04-05T00:00:00","InsuredTo":"2023-04-05T00:00:00","Rate":"0.8730","GrossPremi":"3495492.00","Discount":"0.0000","Adm":"14000.00","NetPremi":"3495492.00","Amount2":"","Text2":"","PerluasanJaminan":{"TJH":"0","RSCC":"0","Banjir":"0","Accessories":"0"}},{"KondisiPertanggungan":"TLO","NominalTJH":"","InsuredValue":"400400000.00","InsuredFrom":"2023-04-05T00:00:00","InsuredTo":"2024-04-05T00:00:00","Rate":"0.1819","GrossPremi":"728328.00","Discount":"0.0000","Adm":"0.00","NetPremi":"728328.00","Amount2":"","Text2":"","PerluasanJaminan":{"TJH":"0","RSCC":"0","Banjir":"0","Accessories":"0"}},{"KondisiPertanggungan":"TLO","NominalTJH":"","InsuredValue":"400400000.00","InsuredFrom":"2024-04-05T00:00:00","InsuredTo":"2025-04-05T00:00:00","Rate":"0.1819","GrossPremi":"728328.00","Discount":"0.0000","Adm":"0.00","NetPremi":"728328.00","Amount2":"","Text2":"","PerluasanJaminan":{"TJH":"0","RSCC":"0","Banjir":"0","Accessories":"0"}},{"KondisiPertanggungan":"TLO","NominalTJH":"","InsuredValue":"400400000.00","InsuredFrom":"2025-04-05T00:00:00","InsuredTo":"2026-04-05T00:00:00","Rate":"0.1819","GrossPremi":"728328.00","Discount":"0.0000","Adm":"0.00","NetPremi":"728328.00","Amount2":"","Text2":"","PerluasanJaminan":{"TJH":"0","RSCC":"0","Banjir":"0","Accessories":"0"}}]},{"TipeOrder":"A","BatchID":"A_BCAFNEWRKSBatch20220405001","NoRek":"9500004440","NoPin":"008","CustName":"SCRAMBLE","Pemohon":"PT BCAF","HargaPembelian":"475000000.00","Cabang":"9500","MerkID":"MER","TypeMobil":"CLA 200 A\/T (C117)","JenisMobil":"1","TahunMobil":"2014","Warna":"PUTIH","NoRangka":"WDD1173432N132623","NoMesin":"27091030487385","NoPolisi":"B 1880 BAF","Amount2":"","NamaBPKB":"ANDY SUNJAYA","KategoriMobil":"1 ","Text2":"","PenggunaanKendaraan":"Personal","Kondisi":"2","LastUser":"3","Accessories1":"","Accessories2":"","Accessories3":"","Accessories4":"","Accessories5":"","HargaAccessories1":"0.00","HargaAccessories2":"0.00","HargaAccessories3":"0.00","HargaAccessories4":"0.00","HargaAccessories5":"0.00","OverKredit":"0","Restructure":"0","NoPolisLama":"","MailAddress":"SCRAMBLE","KabKodya":"SCRAMBLE","PostalCode":"14240","PaketMobil":"","CustType":"I","IdentityNo":"3172066204670004","BirthPlace":"SCRAMBLE","BirthDate":"19680422","Occupation":"Karyawan","AlamatKTP":"SCRAMBLE","KelurahanKTP":"SCRAMBLE","KecamatanKTP":"SCRAMBLE","KabKodyaKTP":"SCRAMBLE","ProvinsiKTP":"SCRAMBLE","PostalCodeKTP":"14240","DealerName":"Penjual Non Dealer","PacketID":"KKB2020003","InsuranceData":[{"KondisiPertanggungan":"ALL RISK","NominalTJH":"25000000       ","InsuredValue":"475000000.00","InsuredFrom":"2022-04-05T00:00:00","InsuredTo":"2023-04-05T00:00:00","Rate":"1.1131","GrossPremi":"5469962.00","Discount":"0.0000","Adm":"14000.00","NetPremi":"5469962.00","Amount2":"","Text2":"","PerluasanJaminan":{"TJH":"1","RSCC":"1","Banjir":"1","Accessories":"0"}},{"KondisiPertanggungan":"TLO","NominalTJH":"25000000       ","InsuredValue":"475000000.00","InsuredFrom":"2023-04-05T00:00:00","InsuredTo":"2024-04-05T00:00:00","Rate":"0.3274","GrossPremi":"1737650.00","Discount":"0.0000","Adm":"0.00","NetPremi":"1737650.00","Amount2":"","Text2":"","PerluasanJaminan":{"TJH":"1","RSCC":"1","Banjir":"1","Accessories":"0"}},{"KondisiPertanggungan":"TLO","NominalTJH":"25000000       ","InsuredValue":"475000000.00","InsuredFrom":"2024-04-05T00:00:00","InsuredTo":"2025-04-05T00:00:00","Rate":"0.3274","GrossPremi":"1737650.00","Discount":"0.0000","Adm":"0.00","NetPremi":"1737650.00","Amount2":"","Text2":"","PerluasanJaminan":{"TJH":"1","RSCC":"1","Banjir":"1","Accessories":"0"}}]},{"TipeOrder":"A","BatchID":"A_BCAFNEWRKSBatch20220405001","NoRek":"9982003556","NoPin":"001","CustName":"CABCD","Pemohon":"PT BCAF QQ BCA","HargaPembelian":"616000000.00","Cabang":"9982","MerkID":"MIT","TypeMobil":"ALL NEW PAJERO SPORT DAKAR 4X2 A\/T","JenisMobil":"1","TahunMobil":"2022","Warna":"PUTIH MUTIARA","NoRangka":"MK2KRWPNUNJ007196","NoMesin":"4N15UJG5394","NoPolisi":"","Amount2":"","NamaBPKB":"CABCD","KategoriMobil":"14","Text2":"","PenggunaanKendaraan":"Personal","Kondisi":"1","LastUser":"3","Accessories1":"","Accessories2":"","Accessories3":"","Accessories4":"","Accessories5":"","HargaAccessories1":"0.00","HargaAccessories2":"0.00","HargaAccessories3":"0.00","HargaAccessories4":"0.00","HargaAccessories5":"0.00","OverKredit":"0","Restructure":"0","NoPolisLama":"","MailAddress":"JL H M KAMIL NO 41 RT 015 RW 000 WIJAYA PURA JAMBI SELATAN","KabKodya":"KOTA JAMBI","PostalCode":"36131","PaketMobil":"","CustType":"I","IdentityNo":"1234567891234567","BirthPlace":"SUKOHARJO JAWA TENGAH","BirthDate":"19940227","Occupation":"Wiraswasta","AlamatKTP":"JL H M KAMIL NO 41 RT 015 RW 000","KelurahanKTP":"WIJAYA PURA","KecamatanKTP":"JAMBI SELATAN","KabKodyaKTP":"KOTA JAMBI","ProvinsiKTP":"JAMBI","PostalCodeKTP":"36131","DealerName":"Kerinci Permata Motors, PT","PacketID":"KKB2009002","InsuranceData":[{"KondisiPertanggungan":"ALL RISK","NominalTJH":"25000000       ","InsuredValue":"616000000.00","InsuredFrom":"2022-06-09T00:00:00","InsuredTo":"2023-06-09T00:00:00","Rate":"1.0695","GrossPremi":"6770620.00","Discount":"0.0000","Adm":"14000.00","NetPremi":"6770620.00","Amount2":"","Text2":"","PerluasanJaminan":{"TJH":"1","RSCC":"1","Banjir":"1","Accessories":"0"}},{"KondisiPertanggungan":"TLO","NominalTJH":"25000000       ","InsuredValue":"616000000.00","InsuredFrom":"2023-06-09T00:00:00","InsuredTo":"2024-06-09T00:00:00","Rate":"0.3110","GrossPremi":"2098506.00","Discount":"0.0000","Adm":"0.00","NetPremi":"2098506.00","Amount2":"","Text2":"","PerluasanJaminan":{"TJH":"1","RSCC":"1","Banjir":"1","Accessories":"0"}},{"KondisiPertanggungan":"TLO","NominalTJH":"25000000       ","InsuredValue":"616000000.00","InsuredFrom":"2024-06-09T00:00:00","InsuredTo":"2025-06-09T00:00:00","Rate":"0.2765","GrossPremi":"1885617.00","Discount":"0.0000","Adm":"0.00","NetPremi":"1885617.00","Amount2":"","Text2":"","PerluasanJaminan":{"TJH":"1","RSCC":"1","Banjir":"1","Accessories":"0"}},{"KondisiPertanggungan":"TLO","NominalTJH":"25000000       ","InsuredValue":"616000000.00","InsuredFrom":"2025-06-09T00:00:00","InsuredTo":"2026-06-09T00:00:00","Rate":"0.2592","GrossPremi":"1779172.00","Discount":"0.0000","Adm":"0.00","NetPremi":"1779172.00","Amount2":"","Text2":"","PerluasanJaminan":{"TJH":"1","RSCC":"1","Banjir":"1","Accessories":"0"}}]}]}}]]></system-out>
         <system-err><![CDATA[]]></system-err>
      </testcase>
      <system-out><![CDATA[2022-07-28 16:23:41 - [TEST_SUITE][PASSED] - 1. Get data order: Test Cases/1. get token - get data order]]></system-out>
      <system-err><![CDATA[]]></system-err>
   </testsuite>
</testsuites>
