<?xml version="1.0" encoding="UTF-8"?>
<testsuites name="3. Get feedback insurance - Batch 1" time="4288.579" tests="422" failures="36" errors="0">
   <testsuite name="3. Get feedback insurance - Batch 1" tests="422" failures="36" errors="0" time="4288.579" skipped="0" timestamp="2022-03-29 12:41:48" hostname="Flavalize - DESKTOP-3CQ5RDT" id="Test Suites/3. Get feedback insurance - Batch 1">
      <properties>
         <property name="deviceName" value=""/>
         <property name="devicePlatform" value=""/>
         <property name="logFolder" value="I:\\app-testing\\app-project\\Order car insurance\\order-car-insurance\\Reports\\20220329_124138\\3. Get feedback insurance - Batch 1\\20220329_124139"/>
         <property name="logFiles" value="I:\\app-testing\\app-project\\Order car insurance\\order-car-insurance\\Reports\\20220329_124138\\3. Get feedback insurance - Batch 1\\20220329_124139\\execution1.log, I:\\app-testing\\app-project\\Order car insurance\\order-car-insurance\\Reports\\20220329_124138\\3. Get feedback insurance - Batch 1\\20220329_124139\\execution0.log"/>
         <property name="attachments" value=""/>
         <property name="hostName" value="Flavalize - DESKTOP-3CQ5RDT"/>
         <property name="hostAddress" value="192.168.1.6"/>
         <property name="os" value="Windows 10 64bit"/>
         <property name="katalonVersion" value="8.2.0.208"/>
      </properties>
      <testcase name="Test Cases/3. get token - feedback insurance" time="4.004" classname="Test Cases/3. get token - feedback insurance" status="FAILED">
         <failure type="FAILED" message="Test Cases/3. get token - feedback insurance FAILED.
Reason:
com.kms.katalon.core.exception.StepFailedException: Expected element property value 'Sukses' is not equal with actual property value 'OSB Service Callout action received SOAP Fault response'
	at com.kms.katalon.core.keyword.internal.KeywordMain.stepFailed(KeywordMain.groovy:39)
	at com.kms.katalon.core.webservice.keyword.builtin.VerifyElementPropertyValueKeyword$_verifyElementPropertyValue_closure1.doCall(VerifyElementPropertyValueKeyword.groovy:56)
	at com.kms.katalon.core.webservice.keyword.builtin.VerifyElementPropertyValueKeyword$_verifyElementPropertyValue_closure1.call(VerifyElementPropertyValueKeyword.groovy)
	at com.kms.katalon.core.keyword.internal.KeywordMain.runKeyword(KeywordMain.groovy:74)
	at com.kms.katalon.core.webservice.keyword.builtin.VerifyElementPropertyValueKeyword.verifyElementPropertyValue(VerifyElementPropertyValueKeyword.groovy:48)
	at com.kms.katalon.core.webservice.keyword.builtin.VerifyElementPropertyValueKeyword.execute(VerifyElementPropertyValueKeyword.groovy:43)
	at com.kms.katalon.core.keyword.internal.KeywordExecutor.executeKeywordForPlatform(KeywordExecutor.groovy:74)
	at com.kms.katalon.core.webservice.keyword.WSBuiltInKeywords.verifyElementPropertyValue(WSBuiltInKeywords.groovy:175)
	at com.kms.katalon.core.webservice.keyword.WSBuiltInKeywords$verifyElementPropertyValue$0.call(Unknown Source)
	at 3. get token - feedback insurance.run(3. get token - feedback insurance:59)
	at com.kms.katalon.core.main.ScriptEngine.run(ScriptEngine.java:194)
	at com.kms.katalon.core.main.ScriptEngine.runScriptAsRawText(ScriptEngine.java:119)
	at com.kms.katalon.core.main.TestCaseExecutor.runScript(TestCaseExecutor.java:442)
	at com.kms.katalon.core.main.TestCaseExecutor.doExecute(TestCaseExecutor.java:433)
	at com.kms.katalon.core.main.TestCaseExecutor.processExecutionPhase(TestCaseExecutor.java:412)
	at com.kms.katalon.core.main.TestCaseExecutor.accessMainPhase(TestCaseExecutor.java:404)
	at com.kms.katalon.core.main.TestCaseExecutor.execute(TestCaseExecutor.java:281)
	at com.kms.katalon.core.main.TestSuiteExecutor.accessTestCaseMainPhase(TestSuiteExecutor.java:202)
	at com.kms.katalon.core.main.TestSuiteExecutor.accessTestSuiteMainPhase(TestSuiteExecutor.java:164)
	at com.kms.katalon.core.main.TestSuiteExecutor.execute(TestSuiteExecutor.java:105)
	at com.kms.katalon.core.main.TestCaseMain.startTestSuite(TestCaseMain.java:181)
	at com.kms.katalon.core.main.TestCaseMain$startTestSuite$0.call(Unknown Source)
	at TempTestSuite1648532499046.run(TempTestSuite1648532499046.groovy:36)
"/>
         <system-out><![CDATA[2022-03-29 12:41:48 - [TEST_CASE][FAILED] - Test Cases/3. get token - feedback insurance: Test Cases/3. get token - feedback insurance FAILED.
Reason:
com.kms.katalon.core.exception.StepFailedException: Expected element property value 'Sukses' is not equal with actual property value 'OSB Service Callout action received SOAP Fault response'
	at com.kms.katalon.core.keyword.internal.KeywordMain.stepFailed(KeywordMain.groovy:39)
	at com.kms.katalon.core.webservice.keyword.builtin.VerifyElementPropertyValueKeyword$_verifyElementPropertyValue_closure1.doCall(VerifyElementPropertyValueKeyword.groovy:56)
	at com.kms.katalon.core.webservice.keyword.builtin.VerifyElementPropertyValueKeyword$_verifyElementPropertyValue_closure1.call(VerifyElementPropertyValueKeyword.groovy)
	at com.kms.katalon.core.keyword.internal.KeywordMain.runKeyword(KeywordMain.groovy:74)
	at com.kms.katalon.core.webservice.keyword.builtin.VerifyElementPropertyValueKeyword.verifyElementPropertyValue(VerifyElementPropertyValueKeyword.groovy:48)
	at com.kms.katalon.core.webservice.keyword.builtin.VerifyElementPropertyValueKeyword.execute(VerifyElementPropertyValueKeyword.groovy:43)
	at com.kms.katalon.core.keyword.internal.KeywordExecutor.executeKeywordForPlatform(KeywordExecutor.groovy:74)
	at com.kms.katalon.core.webservice.keyword.WSBuiltInKeywords.verifyElementPropertyValue(WSBuiltInKeywords.groovy:175)
	at com.kms.katalon.core.webservice.keyword.WSBuiltInKeywords$verifyElementPropertyValue$0.call(Unknown Source)
	at 3. get token - feedback insurance.run(3. get token - feedback insurance:59)
	at com.kms.katalon.core.main.ScriptEngine.run(ScriptEngine.java:194)
	at com.kms.katalon.core.main.ScriptEngine.runScriptAsRawText(ScriptEngine.java:119)
	at com.kms.katalon.core.main.TestCaseExecutor.runScript(TestCaseExecutor.java:442)
	at com.kms.katalon.core.main.TestCaseExecutor.doExecute(TestCaseExecutor.java:433)
	at com.kms.katalon.core.main.TestCaseExecutor.processExecutionPhase(TestCaseExecutor.java:412)
	at com.kms.katalon.core.main.TestCaseExecutor.accessMainPhase(TestCaseExecutor.java:404)
	at com.kms.katalon.core.main.TestCaseExecutor.execute(TestCaseExecutor.java:281)
	at com.kms.katalon.core.main.TestSuiteExecutor.accessTestCaseMainPhase(TestSuiteExecutor.java:202)
	at com.kms.katalon.core.main.TestSuiteExecutor.accessTestSuiteMainPhase(TestSuiteExecutor.java:164)
	at com.kms.katalon.core.main.TestSuiteExecutor.execute(TestSuiteExecutor.java:105)
	at com.kms.katalon.core.main.TestCaseMain.startTestSuite(TestCaseMain.java:181)
	at com.kms.katalon.core.main.TestCaseMain$startTestSuite$0.call(Unknown Source)
	at TempTestSuite1648532499046.run(TempTestSuite1648532499046.groovy:36)


2022-03-29 12:41:49 - [TEST_STEP][PASSED] - token = sendRequest(findTestObject("1. Get-Token")): Send request successfully

2022-03-29 12:41:50 - [MESSAGE][INFO] - HAR: I:\app-testing\app-project\Order car insurance\order-car-insurance\Reports\20220329_124138\3. Get feedback insurance - Batch 1\20220329_124139\requests\main\0.har

2022-03-29 12:41:50 - [MESSAGE][PASSED] - Send request successfully

2022-03-29 12:41:50 - [TEST_STEP][PASSED] - slurper = new groovy.json.JsonSlurper(): null

2022-03-29 12:41:50 - [TEST_STEP][PASSED] - get_token = slurper.parseText(token.getResponseBodyContent()): null

2022-03-29 12:41:50 - [TEST_STEP][PASSED] - private_token = access_token: null

2022-03-29 12:41:50 - [TEST_STEP][PASSED] - global_token = private_token: null

2022-03-29 12:41:50 - [TEST_STEP][PASSED] - println("token is :" + global_token): null

2022-03-29 12:41:50 - [TEST_STEP][PASSED] - response_token = token.getResponseText(): null

2022-03-29 12:41:50 - [TEST_STEP][PASSED] - logInfo($response_token): {"fault":{"faultstring":"Access Denied for client ip : 8.29.105.53","detail":{"errorcode":"accesscontrol.IPDeniedAccess"}}}

2022-03-29 12:41:51 - [MESSAGE][INFO] - {"fault":{"faultstring":"Access Denied for client ip : 8.29.105.53","detail":{"errorcode":"accesscontrol.IPDeniedAccess"}}}

2022-03-29 12:41:51 - [TEST_STEP][PASSED] - feedback = sendRequest(findTestObject("4. Feedback-ins", ["s_key":global_token, "batchid":batchid, "norek":norek, "nopin":nopin, "custname":custname, "pemohon":pemohon, "branchid":branchid, ... ])): Send request successfully

2022-03-29 12:41:52 - [MESSAGE][INFO] - HAR: I:\app-testing\app-project\Order car insurance\order-car-insurance\Reports\20220329_124138\3. Get feedback insurance - Batch 1\20220329_124139\requests\main\1.har

2022-03-29 12:41:52 - [MESSAGE][PASSED] - Send request successfully

2022-03-29 12:41:52 - [TEST_STEP][PASSED] - response_feedback = feedback.getResponseText(): null

2022-03-29 12:41:52 - [TEST_STEP][PASSED] - markPassed("result feedback data : " + no + " norek : " + norek + " nopin : " + nopin): result feedback data : 47 norek : 1220003623 nopin : 001

2022-03-29 12:41:52 - [MESSAGE][PASSED] - result feedback data : 47 norek : 1220003623 nopin : 001

2022-03-29 12:41:52 - [TEST_STEP][PASSED] - logInfo($response_feedback): <?xml version="1.0" encoding="UTF-8"?>
<err:RestError xmlns:err="http://www.bea.com/wli/sb/errors"><err:errorMessage>OSB Service Callout action received SOAP Fault response</err:errorMessage><err:errorCode>OSB-382500</err:errorCode></err:RestError>

2022-03-29 12:41:52 - [MESSAGE][INFO] - <?xml version="1.0" encoding="UTF-8"?>
<err:RestError xmlns:err="http://www.bea.com/wli/sb/errors"><err:errorMessage>OSB Service Callout action received SOAP Fault response</err:errorMessage><err:errorCode>OSB-382500</err:errorCode></err:RestError>

2022-03-29 12:41:52 - [TEST_STEP][FAILED] - verifyElementPropertyValue(feedback, "FeedbackCarInsuranceResponse.errorMessage", "Sukses", CONTINUE_ON_FAILURE): Expected element property value 'Sukses' is not equal with actual property value 'OSB Service Callout action received SOAP Fault response'

2022-03-29 12:41:52 - [MESSAGE][FAILED] - Expected element property value 'Sukses' is not equal with actual property value 'OSB Service Callout action received SOAP Fault response']]></system-out>
         <system-err><![CDATA[2022-03-29 12:41:48 - [TEST_CASE][FAILED] - Test Cases/3. get token - feedback insurance: Test Cases/3. get token - feedback insurance FAILED.
Reason:
com.kms.katalon.core.exception.StepFailedException: Expected element property value 'Sukses' is not equal with actual property value 'OSB Service Callout action received SOAP Fault response'
	at com.kms.katalon.core.keyword.internal.KeywordMain.stepFailed(KeywordMain.groovy:39)
	at com.kms.katalon.core.webservice.keyword.builtin.VerifyElementPropertyValueKeyword$_verifyElementPropertyValue_closure1.doCall(VerifyElementPropertyValueKeyword.groovy:56)
	at com.kms.katalon.core.webservice.keyword.builtin.VerifyElementPropertyValueKeyword$_verifyElementPropertyValue_closure1.call(VerifyElementPropertyValueKeyword.groovy)
	at com.kms.katalon.core.keyword.internal.KeywordMain.runKeyword(KeywordMain.groovy:74)
	at com.kms.katalon.core.webservice.keyword.builtin.VerifyElementPropertyValueKeyword.verifyElementPropertyValue(VerifyElementPropertyValueKeyword.groovy:48)
	at com.kms.katalon.core.webservice.keyword.builtin.VerifyElementPropertyValueKeyword.execute(VerifyElementPropertyValueKeyword.groovy:43)
	at com.kms.katalon.core.keyword.internal.KeywordExecutor.executeKeywordForPlatform(KeywordExecutor.groovy:74)
	at com.kms.katalon.core.webservice.keyword.WSBuiltInKeywords.verifyElementPropertyValue(WSBuiltInKeywords.groovy:175)
	at com.kms.katalon.core.webservice.keyword.WSBuiltInKeywords$verifyElementPropertyValue$0.call(Unknown Source)
	at 3. get token - feedback insurance.run(3. get token - feedback insurance:59)
	at com.kms.katalon.core.main.ScriptEngine.run(ScriptEngine.java:194)
	at com.kms.katalon.core.main.ScriptEngine.runScriptAsRawText(ScriptEngine.java:119)
	at com.kms.katalon.core.main.TestCaseExecutor.runScript(TestCaseExecutor.java:442)
	at com.kms.katalon.core.main.TestCaseExecutor.doExecute(TestCaseExecutor.java:433)
	at com.kms.katalon.core.main.TestCaseExecutor.processExecutionPhase(TestCaseExecutor.java:412)
	at com.kms.katalon.core.main.TestCaseExecutor.accessMainPhase(TestCaseExecutor.java:404)
	at com.kms.katalon.core.main.TestCaseExecutor.execute(TestCaseExecutor.java:281)
	at com.kms.katalon.core.main.TestSuiteExecutor.accessTestCaseMainPhase(TestSuiteExecutor.java:202)
	at com.kms.katalon.core.main.TestSuiteExecutor.accessTestSuiteMainPhase(TestSuiteExecutor.java:164)
	at com.kms.katalon.core.main.TestSuiteExecutor.execute(TestSuiteExecutor.java:105)
	at com.kms.katalon.core.main.TestCaseMain.startTestSuite(TestCaseMain.java:181)
	at com.kms.katalon.core.main.TestCaseMain$startTestSuite$0.call(Unknown Source)
	at TempTestSuite1648532499046.run(TempTestSuite1648532499046.groovy:36)]]></system-err>
      </testcase>
      <testcase name="Test Cases/3. get token - feedback insurance" time="1.086" classname="Test Cases/3. get token - feedback insurance" status="FAILED">
         <failure type="FAILED" message="Test Cases/3. get token - feedback insurance FAILED.
Reason:
com.kms.katalon.core.exception.StepFailedException: Expected element property value 'Sukses' is not equal with actual property value 'OSB Service Callout action received SOAP Fault response'
	at com.kms.katalon.core.keyword.internal.KeywordMain.stepFailed(KeywordMain.groovy:39)
	at com.kms.katalon.core.webservice.keyword.builtin.VerifyElementPropertyValueKeyword$_verifyElementPropertyValue_closure1.doCall(VerifyElementPropertyValueKeyword.groovy:56)
	at com.kms.katalon.core.webservice.keyword.builtin.VerifyElementPropertyValueKeyword$_verifyElementPropertyValue_closure1.call(VerifyElementPropertyValueKeyword.groovy)
	at com.kms.katalon.core.keyword.internal.KeywordMain.runKeyword(KeywordMain.groovy:74)
	at com.kms.katalon.core.webservice.keyword.builtin.VerifyElementPropertyValueKeyword.verifyElementPropertyValue(VerifyElementPropertyValueKeyword.groovy:48)
	at com.kms.katalon.core.webservice.keyword.builtin.VerifyElementPropertyValueKeyword.execute(VerifyElementPropertyValueKeyword.groovy:43)
	at com.kms.katalon.core.keyword.internal.KeywordExecutor.executeKeywordForPlatform(KeywordExecutor.groovy:74)
	at com.kms.katalon.core.webservice.keyword.WSBuiltInKeywords.verifyElementPropertyValue(WSBuiltInKeywords.groovy:175)
	at com.kms.katalon.core.webservice.keyword.WSBuiltInKeywords$verifyElementPropertyValue$0.call(Unknown Source)
	at 3. get token - feedback insurance.run(3. get token - feedback insurance:59)
	at com.kms.katalon.core.main.ScriptEngine.run(ScriptEngine.java:194)
	at com.kms.katalon.core.main.ScriptEngine.runScriptAsRawText(ScriptEngine.java:119)
	at com.kms.katalon.core.main.TestCaseExecutor.runScript(TestCaseExecutor.java:442)
	at com.kms.katalon.core.main.TestCaseExecutor.doExecute(TestCaseExecutor.java:433)
	at com.kms.katalon.core.main.TestCaseExecutor.processExecutionPhase(TestCaseExecutor.java:412)
	at com.kms.katalon.core.main.TestCaseExecutor.accessMainPhase(TestCaseExecutor.java:404)
	at com.kms.katalon.core.main.TestCaseExecutor.execute(TestCaseExecutor.java:281)
	at com.kms.katalon.core.main.TestSuiteExecutor.accessTestCaseMainPhase(TestSuiteExecutor.java:202)
	at com.kms.katalon.core.main.TestSuiteExecutor.accessTestSuiteMainPhase(TestSuiteExecutor.java:164)
	at com.kms.katalon.core.main.TestSuiteExecutor.execute(TestSuiteExecutor.java:105)
	at com.kms.katalon.core.main.TestCaseMain.startTestSuite(TestCaseMain.java:181)
	at com.kms.katalon.core.main.TestCaseMain$startTestSuite$0.call(Unknown Source)
	at TempTestSuite1648532499046.run(TempTestSuite1648532499046.groovy:36)
"/>
         <system-out><![CDATA[2022-03-29 12:41:53 - [TEST_CASE][FAILED] - Test Cases/3. get token - feedback insurance: Test Cases/3. get token - feedback insurance FAILED.
Reason:
com.kms.katalon.core.exception.StepFailedException: Expected element property value 'Sukses' is not equal with actual property value 'OSB Service Callout action received SOAP Fault response'
	at com.kms.katalon.core.keyword.internal.KeywordMain.stepFailed(KeywordMain.groovy:39)
	at com.kms.katalon.core.webservice.keyword.builtin.VerifyElementPropertyValueKeyword$_verifyElementPropertyValue_closure1.doCall(VerifyElementPropertyValueKeyword.groovy:56)
	at com.kms.katalon.core.webservice.keyword.builtin.VerifyElementPropertyValueKeyword$_verifyElementPropertyValue_closure1.call(VerifyElementPropertyValueKeyword.groovy)
	at com.kms.katalon.core.keyword.internal.KeywordMain.runKeyword(KeywordMain.groovy:74)
	at com.kms.katalon.core.webservice.keyword.builtin.VerifyElementPropertyValueKeyword.verifyElementPropertyValue(VerifyElementPropertyValueKeyword.groovy:48)
	at com.kms.katalon.core.webservice.keyword.builtin.VerifyElementPropertyValueKeyword.execute(VerifyElementPropertyValueKeyword.groovy:43)
	at com.kms.katalon.core.keyword.internal.KeywordExecutor.executeKeywordForPlatform(KeywordExecutor.groovy:74)
	at com.kms.katalon.core.webservice.keyword.WSBuiltInKeywords.verifyElementPropertyValue(WSBuiltInKeywords.groovy:175)
	at com.kms.katalon.core.webservice.keyword.WSBuiltInKeywords$verifyElementPropertyValue$0.call(Unknown Source)
	at 3. get token - feedback insurance.run(3. get token - feedback insurance:59)
	at com.kms.katalon.core.main.ScriptEngine.run(ScriptEngine.java:194)
	at com.kms.katalon.core.main.ScriptEngine.runScriptAsRawText(ScriptEngine.java:119)
	at com.kms.katalon.core.main.TestCaseExecutor.runScript(TestCaseExecutor.java:442)
	at com.kms.katalon.core.main.TestCaseExecutor.doExecute(TestCaseExecutor.java:433)
	at com.kms.katalon.core.main.TestCaseExecutor.processExecutionPhase(TestCaseExecutor.java:412)
	at com.kms.katalon.core.main.TestCaseExecutor.accessMainPhase(TestCaseExecutor.java:404)
	at com.kms.katalon.core.main.TestCaseExecutor.execute(TestCaseExecutor.java:281)
	at com.kms.katalon.core.main.TestSuiteExecutor.accessTestCaseMainPhase(TestSuiteExecutor.java:202)
	at com.kms.katalon.core.main.TestSuiteExecutor.accessTestSuiteMainPhase(TestSuiteExecutor.java:164)
	at com.kms.katalon.core.main.TestSuiteExecutor.execute(TestSuiteExecutor.java:105)
	at com.kms.katalon.core.main.TestCaseMain.startTestSuite(TestCaseMain.java:181)
	at com.kms.katalon.core.main.TestCaseMain$startTestSuite$0.call(Unknown Source)
	at TempTestSuite1648532499046.run(TempTestSuite1648532499046.groovy:36)


2022-03-29 12:41:53 - [TEST_STEP][PASSED] - token = sendRequest(findTestObject("1. Get-Token")): Send request successfully

2022-03-29 12:41:53 - [MESSAGE][INFO] - HAR: I:\app-testing\app-project\Order car insurance\order-car-insurance\Reports\20220329_124138\3. Get feedback insurance - Batch 1\20220329_124139\requests\main\2.har

2022-03-29 12:41:53 - [MESSAGE][PASSED] - Send request successfully

2022-03-29 12:41:53 - [TEST_STEP][PASSED] - slurper = new groovy.json.JsonSlurper(): null

2022-03-29 12:41:53 - [TEST_STEP][PASSED] - get_token = slurper.parseText(token.getResponseBodyContent()): null

2022-03-29 12:41:53 - [TEST_STEP][PASSED] - private_token = access_token: null

2022-03-29 12:41:53 - [TEST_STEP][PASSED] - global_token = private_token: null

2022-03-29 12:41:53 - [TEST_STEP][PASSED] - println("token is :" + global_token): null

2022-03-29 12:41:53 - [TEST_STEP][PASSED] - response_token = token.getResponseText(): null

2022-03-29 12:41:53 - [TEST_STEP][PASSED] - logInfo($response_token): {"fault":{"faultstring":"Access Denied for client ip : 8.29.105.53","detail":{"errorcode":"accesscontrol.IPDeniedAccess"}}}

2022-03-29 12:41:53 - [MESSAGE][INFO] - {"fault":{"faultstring":"Access Denied for client ip : 8.29.105.53","detail":{"errorcode":"accesscontrol.IPDeniedAccess"}}}

2022-03-29 12:41:53 - [TEST_STEP][PASSED] - feedback = sendRequest(findTestObject("4. Feedback-ins", ["s_key":global_token, "batchid":batchid, "norek":norek, "nopin":nopin, "custname":custname, "pemohon":pemohon, "branchid":branchid, ... ])): Send request successfully

2022-03-29 12:41:54 - [MESSAGE][INFO] - HAR: I:\app-testing\app-project\Order car insurance\order-car-insurance\Reports\20220329_124138\3. Get feedback insurance - Batch 1\20220329_124139\requests\main\3.har

2022-03-29 12:41:54 - [MESSAGE][PASSED] - Send request successfully

2022-03-29 12:41:54 - [TEST_STEP][PASSED] - response_feedback = feedback.getResponseText(): null

2022-03-29 12:41:54 - [TEST_STEP][PASSED] - markPassed("result feedback data : " + no + " norek : " + norek + " nopin : " + nopin): result feedback data : 48 norek : 1220003623 nopin : 001

2022-03-29 12:41:54 - [MESSAGE][PASSED] - result feedback data : 48 norek : 1220003623 nopin : 001

2022-03-29 12:41:54 - [TEST_STEP][PASSED] - logInfo($response_feedback): <?xml version="1.0" encoding="UTF-8"?>
<err:RestError xmlns:err="http://www.bea.com/wli/sb/errors"><err:errorMessage>OSB Service Callout action received SOAP Fault response</err:errorMessage><err:errorCode>OSB-382500</err:errorCode></err:RestError>

2022-03-29 12:41:54 - [MESSAGE][INFO] - <?xml version="1.0" encoding="UTF-8"?>
<err:RestError xmlns:err="http://www.bea.com/wli/sb/errors"><err:errorMessage>OSB Service Callout action received SOAP Fault response</err:errorMessage><err:errorCode>OSB-382500</err:errorCode></err:RestError>

2022-03-29 12:41:54 - [TEST_STEP][FAILED] - verifyElementPropertyValue(feedback, "FeedbackCarInsuranceResponse.errorMessage", "Sukses", CONTINUE_ON_FAILURE): Expected element property value 'Sukses' is not equal with actual property value 'OSB Service Callout action received SOAP Fault response'

2022-03-29 12:41:54 - [MESSAGE][FAILED] - Expected element property value 'Sukses' is not equal with actual property value 'OSB Service Callout action received SOAP Fault response']]></system-out>
         <system-err><![CDATA[2022-03-29 12:41:53 - [TEST_CASE][FAILED] - Test Cases/3. get token - feedback insurance: Test Cases/3. get token - feedback insurance FAILED.
Reason:
com.kms.katalon.core.exception.StepFailedException: Expected element property value 'Sukses' is not equal with actual property value 'OSB Service Callout action received SOAP Fault response'
	at com.kms.katalon.core.keyword.internal.KeywordMain.stepFailed(KeywordMain.groovy:39)
	at com.kms.katalon.core.webservice.keyword.builtin.VerifyElementPropertyValueKeyword$_verifyElementPropertyValue_closure1.doCall(VerifyElementPropertyValueKeyword.groovy:56)
	at com.kms.katalon.core.webservice.keyword.builtin.VerifyElementPropertyValueKeyword$_verifyElementPropertyValue_closure1.call(VerifyElementPropertyValueKeyword.groovy)
	at com.kms.katalon.core.keyword.internal.KeywordMain.runKeyword(KeywordMain.groovy:74)
	at com.kms.katalon.core.webservice.keyword.builtin.VerifyElementPropertyValueKeyword.verifyElementPropertyValue(VerifyElementPropertyValueKeyword.groovy:48)
	at com.kms.katalon.core.webservice.keyword.builtin.VerifyElementPropertyValueKeyword.execute(VerifyElementPropertyValueKeyword.groovy:43)
	at com.kms.katalon.core.keyword.internal.KeywordExecutor.executeKeywordForPlatform(KeywordExecutor.groovy:74)
	at com.kms.katalon.core.webservice.keyword.WSBuiltInKeywords.verifyElementPropertyValue(WSBuiltInKeywords.groovy:175)
	at com.kms.katalon.core.webservice.keyword.WSBuiltInKeywords$verifyElementPropertyValue$0.call(Unknown Source)
	at 3. get token - feedback insurance.run(3. get token - feedback insurance:59)
	at com.kms.katalon.core.main.ScriptEngine.run(ScriptEngine.java:194)
	at com.kms.katalon.core.main.ScriptEngine.runScriptAsRawText(ScriptEngine.java:119)
	at com.kms.katalon.core.main.TestCaseExecutor.runScript(TestCaseExecutor.java:442)
	at com.kms.katalon.core.main.TestCaseExecutor.doExecute(TestCaseExecutor.java:433)
	at com.kms.katalon.core.main.TestCaseExecutor.processExecutionPhase(TestCaseExecutor.java:412)
	at com.kms.katalon.core.main.TestCaseExecutor.accessMainPhase(TestCaseExecutor.java:404)
	at com.kms.katalon.core.main.TestCaseExecutor.execute(TestCaseExecutor.java:281)
	at com.kms.katalon.core.main.TestSuiteExecutor.accessTestCaseMainPhase(TestSuiteExecutor.java:202)
	at com.kms.katalon.core.main.TestSuiteExecutor.accessTestSuiteMainPhase(TestSuiteExecutor.java:164)
	at com.kms.katalon.core.main.TestSuiteExecutor.execute(TestSuiteExecutor.java:105)
	at com.kms.katalon.core.main.TestCaseMain.startTestSuite(TestCaseMain.java:181)
	at com.kms.katalon.core.main.TestCaseMain$startTestSuite$0.call(Unknown Source)
	at TempTestSuite1648532499046.run(TempTestSuite1648532499046.groovy:36)]]></system-err>
      </testcase>
      <testcase name="Test Cases/3. get token - feedback insurance" time="1.004" classname="Test Cases/3. get token - feedback insurance" status="FAILED">
         <failure type="FAILED" message="Test Cases/3. get token - feedback insurance FAILED.
Reason:
com.kms.katalon.core.exception.StepFailedException: Expected element property value 'Sukses' is not equal with actual property value 'OSB Service Callout action received SOAP Fault response'
	at com.kms.katalon.core.keyword.internal.KeywordMain.stepFailed(KeywordMain.groovy:39)
	at com.kms.katalon.core.webservice.keyword.builtin.VerifyElementPropertyValueKeyword$_verifyElementPropertyValue_closure1.doCall(VerifyElementPropertyValueKeyword.groovy:56)
	at com.kms.katalon.core.webservice.keyword.builtin.VerifyElementPropertyValueKeyword$_verifyElementPropertyValue_closure1.call(VerifyElementPropertyValueKeyword.groovy)
	at com.kms.katalon.core.keyword.internal.KeywordMain.runKeyword(KeywordMain.groovy:74)
	at com.kms.katalon.core.webservice.keyword.builtin.VerifyElementPropertyValueKeyword.verifyElementPropertyValue(VerifyElementPropertyValueKeyword.groovy:48)
	at com.kms.katalon.core.webservice.keyword.builtin.VerifyElementPropertyValueKeyword.execute(VerifyElementPropertyValueKeyword.groovy:43)
	at com.kms.katalon.core.keyword.internal.KeywordExecutor.executeKeywordForPlatform(KeywordExecutor.groovy:74)
	at com.kms.katalon.core.webservice.keyword.WSBuiltInKeywords.verifyElementPropertyValue(WSBuiltInKeywords.groovy:175)
	at com.kms.katalon.core.webservice.keyword.WSBuiltInKeywords$verifyElementPropertyValue$0.call(Unknown Source)
	at 3. get token - feedback insurance.run(3. get token - feedback insurance:59)
	at com.kms.katalon.core.main.ScriptEngine.run(ScriptEngine.java:194)
	at com.kms.katalon.core.main.ScriptEngine.runScriptAsRawText(ScriptEngine.java:119)
	at com.kms.katalon.core.main.TestCaseExecutor.runScript(TestCaseExecutor.java:442)
	at com.kms.katalon.core.main.TestCaseExecutor.doExecute(TestCaseExecutor.java:433)
	at com.kms.katalon.core.main.TestCaseExecutor.processExecutionPhase(TestCaseExecutor.java:412)
	at com.kms.katalon.core.main.TestCaseExecutor.accessMainPhase(TestCaseExecutor.java:404)
	at com.kms.katalon.core.main.TestCaseExecutor.execute(TestCaseExecutor.java:281)
	at com.kms.katalon.core.main.TestSuiteExecutor.accessTestCaseMainPhase(TestSuiteExecutor.java:202)
	at com.kms.katalon.core.main.TestSuiteExecutor.accessTestSuiteMainPhase(TestSuiteExecutor.java:164)
	at com.kms.katalon.core.main.TestSuiteExecutor.execute(TestSuiteExecutor.java:105)
	at com.kms.katalon.core.main.TestCaseMain.startTestSuite(TestCaseMain.java:181)
	at com.kms.katalon.core.main.TestCaseMain$startTestSuite$0.call(Unknown Source)
	at TempTestSuite1648532499046.run(TempTestSuite1648532499046.groovy:36)
"/>
         <system-out><![CDATA[2022-03-29 12:41:54 - [TEST_CASE][FAILED] - Test Cases/3. get token - feedback insurance: Test Cases/3. get token - feedback insurance FAILED.
Reason:
com.kms.katalon.core.exception.StepFailedException: Expected element property value 'Sukses' is not equal with actual property value 'OSB Service Callout action received SOAP Fault response'
	at com.kms.katalon.core.keyword.internal.KeywordMain.stepFailed(KeywordMain.groovy:39)
	at com.kms.katalon.core.webservice.keyword.builtin.VerifyElementPropertyValueKeyword$_verifyElementPropertyValue_closure1.doCall(VerifyElementPropertyValueKeyword.groovy:56)
	at com.kms.katalon.core.webservice.keyword.builtin.VerifyElementPropertyValueKeyword$_verifyElementPropertyValue_closure1.call(VerifyElementPropertyValueKeyword.groovy)
	at com.kms.katalon.core.keyword.internal.KeywordMain.runKeyword(KeywordMain.groovy:74)
	at com.kms.katalon.core.webservice.keyword.builtin.VerifyElementPropertyValueKeyword.verifyElementPropertyValue(VerifyElementPropertyValueKeyword.groovy:48)
	at com.kms.katalon.core.webservice.keyword.builtin.VerifyElementPropertyValueKeyword.execute(VerifyElementPropertyValueKeyword.groovy:43)
	at com.kms.katalon.core.keyword.internal.KeywordExecutor.executeKeywordForPlatform(KeywordExecutor.groovy:74)
	at com.kms.katalon.core.webservice.keyword.WSBuiltInKeywords.verifyElementPropertyValue(WSBuiltInKeywords.groovy:175)
	at com.kms.katalon.core.webservice.keyword.WSBuiltInKeywords$verifyElementPropertyValue$0.call(Unknown Source)
	at 3. get token - feedback insurance.run(3. get token - feedback insurance:59)
	at com.kms.katalon.core.main.ScriptEngine.run(ScriptEngine.java:194)
	at com.kms.katalon.core.main.ScriptEngine.runScriptAsRawText(ScriptEngine.java:119)
	at com.kms.katalon.core.main.TestCaseExecutor.runScript(TestCaseExecutor.java:442)
	at com.kms.katalon.core.main.TestCaseExecutor.doExecute(TestCaseExecutor.java:433)
	at com.kms.katalon.core.main.TestCaseExecutor.processExecutionPhase(TestCaseExecutor.java:412)
	at com.kms.katalon.core.main.TestCaseExecutor.accessMainPhase(TestCaseExecutor.java:404)
	at com.kms.katalon.core.main.TestCaseExecutor.execute(TestCaseExecutor.java:281)
	at com.kms.katalon.core.main.TestSuiteExecutor.accessTestCaseMainPhase(TestSuiteExecutor.java:202)
	at com.kms.katalon.core.main.TestSuiteExecutor.accessTestSuiteMainPhase(TestSuiteExecutor.java:164)
	at com.kms.katalon.core.main.TestSuiteExecutor.execute(TestSuiteExecutor.java:105)
	at com.kms.katalon.core.main.TestCaseMain.startTestSuite(TestCaseMain.java:181)
	at com.kms.katalon.core.main.TestCaseMain$startTestSuite$0.call(Unknown Source)
	at TempTestSuite1648532499046.run(TempTestSuite1648532499046.groovy:36)


2022-03-29 12:41:54 - [TEST_STEP][PASSED] - token = sendRequest(findTestObject("1. Get-Token")): Send request successfully

2022-03-29 12:41:55 - [MESSAGE][INFO] - HAR: I:\app-testing\app-project\Order car insurance\order-car-insurance\Reports\20220329_124138\3. Get feedback insurance - Batch 1\20220329_124139\requests\main\4.har

2022-03-29 12:41:55 - [MESSAGE][PASSED] - Send request successfully

2022-03-29 12:41:55 - [TEST_STEP][PASSED] - slurper = new groovy.json.JsonSlurper(): null

2022-03-29 12:41:55 - [TEST_STEP][PASSED] - get_token = slurper.parseText(token.getResponseBodyContent()): null

2022-03-29 12:41:55 - [TEST_STEP][PASSED] - private_token = access_token: null

2022-03-29 12:41:55 - [TEST_STEP][PASSED] - global_token = private_token: null

2022-03-29 12:41:55 - [TEST_STEP][PASSED] - println("token is :" + global_token): null

2022-03-29 12:41:55 - [TEST_STEP][PASSED] - response_token = token.getResponseText(): null

2022-03-29 12:41:55 - [TEST_STEP][PASSED] - logInfo($response_token): {"fault":{"faultstring":"Access Denied for client ip : 8.29.105.53","detail":{"errorcode":"accesscontrol.IPDeniedAccess"}}}

2022-03-29 12:41:55 - [MESSAGE][INFO] - {"fault":{"faultstring":"Access Denied for client ip : 8.29.105.53","detail":{"errorcode":"accesscontrol.IPDeniedAccess"}}}

2022-03-29 12:41:55 - [TEST_STEP][PASSED] - feedback = sendRequest(findTestObject("4. Feedback-ins", ["s_key":global_token, "batchid":batchid, "norek":norek, "nopin":nopin, "custname":custname, "pemohon":pemohon, "branchid":branchid, ... ])): Send request successfully

2022-03-29 12:41:55 - [MESSAGE][INFO] - HAR: I:\app-testing\app-project\Order car insurance\order-car-insurance\Reports\20220329_124138\3. Get feedback insurance - Batch 1\20220329_124139\requests\main\5.har

2022-03-29 12:41:55 - [MESSAGE][PASSED] - Send request successfully

2022-03-29 12:41:55 - [TEST_STEP][PASSED] - response_feedback = feedback.getResponseText(): null

2022-03-29 12:41:55 - [TEST_STEP][PASSED] - markPassed("result feedback data : " + no + " norek : " + norek + " nopin : " + nopin): result feedback data : 49 norek : 1220003623 nopin : 001

2022-03-29 12:41:55 - [MESSAGE][PASSED] - result feedback data : 49 norek : 1220003623 nopin : 001

2022-03-29 12:41:55 - [TEST_STEP][PASSED] - logInfo($response_feedback): <?xml version="1.0" encoding="UTF-8"?>
<err:RestError xmlns:err="http://www.bea.com/wli/sb/errors"><err:errorMessage>OSB Service Callout action received SOAP Fault response</err:errorMessage><err:errorCode>OSB-382500</err:errorCode></err:RestError>

2022-03-29 12:41:55 - [MESSAGE][INFO] - <?xml version="1.0" encoding="UTF-8"?>
<err:RestError xmlns:err="http://www.bea.com/wli/sb/errors"><err:errorMessage>OSB Service Callout action received SOAP Fault response</err:errorMessage><err:errorCode>OSB-382500</err:errorCode></err:RestError>

2022-03-29 12:41:55 - [TEST_STEP][FAILED] - verifyElementPropertyValue(feedback, "FeedbackCarInsuranceResponse.errorMessage", "Sukses", CONTINUE_ON_FAILURE): Expected element property value 'Sukses' is not equal with actual property value 'OSB Service Callout action received SOAP Fault response'

2022-03-29 12:41:55 - [MESSAGE][FAILED] - Expected element property value 'Sukses' is not equal with actual property value 'OSB Service Callout action received SOAP Fault response']]></system-out>
         <system-err><![CDATA[2022-03-29 12:41:54 - [TEST_CASE][FAILED] - Test Cases/3. get token - feedback insurance: Test Cases/3. get token - feedback insurance FAILED.
Reason:
com.kms.katalon.core.exception.StepFailedException: Expected element property value 'Sukses' is not equal with actual property value 'OSB Service Callout action received SOAP Fault response'
	at com.kms.katalon.core.keyword.internal.KeywordMain.stepFailed(KeywordMain.groovy:39)
	at com.kms.katalon.core.webservice.keyword.builtin.VerifyElementPropertyValueKeyword$_verifyElementPropertyValue_closure1.doCall(VerifyElementPropertyValueKeyword.groovy:56)
	at com.kms.katalon.core.webservice.keyword.builtin.VerifyElementPropertyValueKeyword$_verifyElementPropertyValue_closure1.call(VerifyElementPropertyValueKeyword.groovy)
	at com.kms.katalon.core.keyword.internal.KeywordMain.runKeyword(KeywordMain.groovy:74)
	at com.kms.katalon.core.webservice.keyword.builtin.VerifyElementPropertyValueKeyword.verifyElementPropertyValue(VerifyElementPropertyValueKeyword.groovy:48)
	at com.kms.katalon.core.webservice.keyword.builtin.VerifyElementPropertyValueKeyword.execute(VerifyElementPropertyValueKeyword.groovy:43)
	at com.kms.katalon.core.keyword.internal.KeywordExecutor.executeKeywordForPlatform(KeywordExecutor.groovy:74)
	at com.kms.katalon.core.webservice.keyword.WSBuiltInKeywords.verifyElementPropertyValue(WSBuiltInKeywords.groovy:175)
	at com.kms.katalon.core.webservice.keyword.WSBuiltInKeywords$verifyElementPropertyValue$0.call(Unknown Source)
	at 3. get token - feedback insurance.run(3. get token - feedback insurance:59)
	at com.kms.katalon.core.main.ScriptEngine.run(ScriptEngine.java:194)
	at com.kms.katalon.core.main.ScriptEngine.runScriptAsRawText(ScriptEngine.java:119)
	at com.kms.katalon.core.main.TestCaseExecutor.runScript(TestCaseExecutor.java:442)
	at com.kms.katalon.core.main.TestCaseExecutor.doExecute(TestCaseExecutor.java:433)
	at com.kms.katalon.core.main.TestCaseExecutor.processExecutionPhase(TestCaseExecutor.java:412)
	at com.kms.katalon.core.main.TestCaseExecutor.accessMainPhase(TestCaseExecutor.java:404)
	at com.kms.katalon.core.main.TestCaseExecutor.execute(TestCaseExecutor.java:281)
	at com.kms.katalon.core.main.TestSuiteExecutor.accessTestCaseMainPhase(TestSuiteExecutor.java:202)
	at com.kms.katalon.core.main.TestSuiteExecutor.accessTestSuiteMainPhase(TestSuiteExecutor.java:164)
	at com.kms.katalon.core.main.TestSuiteExecutor.execute(TestSuiteExecutor.java:105)
	at com.kms.katalon.core.main.TestCaseMain.startTestSuite(TestCaseMain.java:181)
	at com.kms.katalon.core.main.TestCaseMain$startTestSuite$0.call(Unknown Source)
	at TempTestSuite1648532499046.run(TempTestSuite1648532499046.groovy:36)]]></system-err>
      </testcase>
      <testcase name="Test Cases/3. get token - feedback insurance" time="1.208" classname="Test Cases/3. get token - feedback insurance" status="FAILED">
         <failure type="FAILED" message="Test Cases/3. get token - feedback insurance FAILED.
Reason:
com.kms.katalon.core.exception.StepFailedException: Expected element property value 'Sukses' is not equal with actual property value 'OSB Service Callout action received SOAP Fault response'
	at com.kms.katalon.core.keyword.internal.KeywordMain.stepFailed(KeywordMain.groovy:39)
	at com.kms.katalon.core.webservice.keyword.builtin.VerifyElementPropertyValueKeyword$_verifyElementPropertyValue_closure1.doCall(VerifyElementPropertyValueKeyword.groovy:56)
	at com.kms.katalon.core.webservice.keyword.builtin.VerifyElementPropertyValueKeyword$_verifyElementPropertyValue_closure1.call(VerifyElementPropertyValueKeyword.groovy)
	at com.kms.katalon.core.keyword.internal.KeywordMain.runKeyword(KeywordMain.groovy:74)
	at com.kms.katalon.core.webservice.keyword.builtin.VerifyElementPropertyValueKeyword.verifyElementPropertyValue(VerifyElementPropertyValueKeyword.groovy:48)
	at com.kms.katalon.core.webservice.keyword.builtin.VerifyElementPropertyValueKeyword.execute(VerifyElementPropertyValueKeyword.groovy:43)
	at com.kms.katalon.core.keyword.internal.KeywordExecutor.executeKeywordForPlatform(KeywordExecutor.groovy:74)
	at com.kms.katalon.core.webservice.keyword.WSBuiltInKeywords.verifyElementPropertyValue(WSBuiltInKeywords.groovy:175)
	at com.kms.katalon.core.webservice.keyword.WSBuiltInKeywords$verifyElementPropertyValue$0.call(Unknown Source)
	at 3. get token - feedback insurance.run(3. get token - feedback insurance:59)
	at com.kms.katalon.core.main.ScriptEngine.run(ScriptEngine.java:194)
	at com.kms.katalon.core.main.ScriptEngine.runScriptAsRawText(ScriptEngine.java:119)
	at com.kms.katalon.core.main.TestCaseExecutor.runScript(TestCaseExecutor.java:442)
	at com.kms.katalon.core.main.TestCaseExecutor.doExecute(TestCaseExecutor.java:433)
	at com.kms.katalon.core.main.TestCaseExecutor.processExecutionPhase(TestCaseExecutor.java:412)
	at com.kms.katalon.core.main.TestCaseExecutor.accessMainPhase(TestCaseExecutor.java:404)
	at com.kms.katalon.core.main.TestCaseExecutor.execute(TestCaseExecutor.java:281)
	at com.kms.katalon.core.main.TestSuiteExecutor.accessTestCaseMainPhase(TestSuiteExecutor.java:202)
	at com.kms.katalon.core.main.TestSuiteExecutor.accessTestSuiteMainPhase(TestSuiteExecutor.java:164)
	at com.kms.katalon.core.main.TestSuiteExecutor.execute(TestSuiteExecutor.java:105)
	at com.kms.katalon.core.main.TestCaseMain.startTestSuite(TestCaseMain.java:181)
	at com.kms.katalon.core.main.TestCaseMain$startTestSuite$0.call(Unknown Source)
	at TempTestSuite1648532499046.run(TempTestSuite1648532499046.groovy:36)
"/>
         <system-out><![CDATA[2022-03-29 12:41:56 - [TEST_CASE][FAILED] - Test Cases/3. get token - feedback insurance: Test Cases/3. get token - feedback insurance FAILED.
Reason:
com.kms.katalon.core.exception.StepFailedException: Expected element property value 'Sukses' is not equal with actual property value 'OSB Service Callout action received SOAP Fault response'
	at com.kms.katalon.core.keyword.internal.KeywordMain.stepFailed(KeywordMain.groovy:39)
	at com.kms.katalon.core.webservice.keyword.builtin.VerifyElementPropertyValueKeyword$_verifyElementPropertyValue_closure1.doCall(VerifyElementPropertyValueKeyword.groovy:56)
	at com.kms.katalon.core.webservice.keyword.builtin.VerifyElementPropertyValueKeyword$_verifyElementPropertyValue_closure1.call(VerifyElementPropertyValueKeyword.groovy)
	at com.kms.katalon.core.keyword.internal.KeywordMain.runKeyword(KeywordMain.groovy:74)
	at com.kms.katalon.core.webservice.keyword.builtin.VerifyElementPropertyValueKeyword.verifyElementPropertyValue(VerifyElementPropertyValueKeyword.groovy:48)
	at com.kms.katalon.core.webservice.keyword.builtin.VerifyElementPropertyValueKeyword.execute(VerifyElementPropertyValueKeyword.groovy:43)
	at com.kms.katalon.core.keyword.internal.KeywordExecutor.executeKeywordForPlatform(KeywordExecutor.groovy:74)
	at com.kms.katalon.core.webservice.keyword.WSBuiltInKeywords.verifyElementPropertyValue(WSBuiltInKeywords.groovy:175)
	at com.kms.katalon.core.webservice.keyword.WSBuiltInKeywords$verifyElementPropertyValue$0.call(Unknown Source)
	at 3. get token - feedback insurance.run(3. get token - feedback insurance:59)
	at com.kms.katalon.core.main.ScriptEngine.run(ScriptEngine.java:194)
	at com.kms.katalon.core.main.ScriptEngine.runScriptAsRawText(ScriptEngine.java:119)
	at com.kms.katalon.core.main.TestCaseExecutor.runScript(TestCaseExecutor.java:442)
	at com.kms.katalon.core.main.TestCaseExecutor.doExecute(TestCaseExecutor.java:433)
	at com.kms.katalon.core.main.TestCaseExecutor.processExecutionPhase(TestCaseExecutor.java:412)
	at com.kms.katalon.core.main.TestCaseExecutor.accessMainPhase(TestCaseExecutor.java:404)
	at com.kms.katalon.core.main.TestCaseExecutor.execute(TestCaseExecutor.java:281)
	at com.kms.katalon.core.main.TestSuiteExecutor.accessTestCaseMainPhase(TestSuiteExecutor.java:202)
	at com.kms.katalon.core.main.TestSuiteExecutor.accessTestSuiteMainPhase(TestSuiteExecutor.java:164)
	at com.kms.katalon.core.main.TestSuiteExecutor.execute(TestSuiteExecutor.java:105)
	at com.kms.katalon.core.main.TestCaseMain.startTestSuite(TestCaseMain.java:181)
	at com.kms.katalon.core.main.TestCaseMain$startTestSuite$0.call(Unknown Source)
	at TempTestSuite1648532499046.run(TempTestSuite1648532499046.groovy:36)


2022-03-29 12:41:56 - [TEST_STEP][PASSED] - token = sendRequest(findTestObject("1. Get-Token")): Send request successfully

2022-03-29 12:41:56 - [MESSAGE][INFO] - HAR: I:\app-testing\app-project\Order car insurance\order-car-insurance\Reports\20220329_124138\3. Get feedback insurance - Batch 1\20220329_124139\requests\main\6.har

2022-03-29 12:41:56 - [MESSAGE][PASSED] - Send request successfully

2022-03-29 12:41:56 - [TEST_STEP][PASSED] - slurper = new groovy.json.JsonSlurper(): null

2022-03-29 12:41:56 - [TEST_STEP][PASSED] - get_token = slurper.parseText(token.getResponseBodyContent()): null

2022-03-29 12:41:56 - [TEST_STEP][PASSED] - private_token = access_token: null

2022-03-29 12:41:56 - [TEST_STEP][PASSED] - global_token = private_token: null

2022-03-29 12:41:56 - [TEST_STEP][PASSED] - println("token is :" + global_token): null

2022-03-29 12:41:56 - [TEST_STEP][PASSED] - response_token = token.getResponseText(): null

2022-03-29 12:41:56 - [TEST_STEP][PASSED] - logInfo($response_token): {"fault":{"faultstring":"Access Denied for client ip : 8.29.105.53","detail":{"errorcode":"accesscontrol.IPDeniedAccess"}}}

2022-03-29 12:41:56 - [MESSAGE][INFO] - {"fault":{"faultstring":"Access Denied for client ip : 8.29.105.53","detail":{"errorcode":"accesscontrol.IPDeniedAccess"}}}

2022-03-29 12:41:56 - [TEST_STEP][PASSED] - feedback = sendRequest(findTestObject("4. Feedback-ins", ["s_key":global_token, "batchid":batchid, "norek":norek, "nopin":nopin, "custname":custname, "pemohon":pemohon, "branchid":branchid, ... ])): Send request successfully

2022-03-29 12:41:57 - [MESSAGE][INFO] - HAR: I:\app-testing\app-project\Order car insurance\order-car-insurance\Reports\20220329_124138\3. Get feedback insurance - Batch 1\20220329_124139\requests\main\7.har

2022-03-29 12:41:57 - [MESSAGE][PASSED] - Send request successfully

2022-03-29 12:41:57 - [TEST_STEP][PASSED] - response_feedback = feedback.getResponseText(): null

2022-03-29 12:41:57 - [TEST_STEP][PASSED] - markPassed("result feedback data : " + no + " norek : " + norek + " nopin : " + nopin): result feedback data : 50 norek : 1220003623 nopin : 001

2022-03-29 12:41:57 - [MESSAGE][PASSED] - result feedback data : 50 norek : 1220003623 nopin : 001

2022-03-29 12:41:57 - [TEST_STEP][PASSED] - logInfo($response_feedback): <?xml version="1.0" encoding="UTF-8"?>
<err:RestError xmlns:err="http://www.bea.com/wli/sb/errors"><err:errorMessage>OSB Service Callout action received SOAP Fault response</err:errorMessage><err:errorCode>OSB-382500</err:errorCode></err:RestError>

2022-03-29 12:41:57 - [MESSAGE][INFO] - <?xml version="1.0" encoding="UTF-8"?>
<err:RestError xmlns:err="http://www.bea.com/wli/sb/errors"><err:errorMessage>OSB Service Callout action received SOAP Fault response</err:errorMessage><err:errorCode>OSB-382500</err:errorCode></err:RestError>

2022-03-29 12:41:57 - [TEST_STEP][FAILED] - verifyElementPropertyValue(feedback, "FeedbackCarInsuranceResponse.errorMessage", "Sukses", CONTINUE_ON_FAILURE): Expected element property value 'Sukses' is not equal with actual property value 'OSB Service Callout action received SOAP Fault response'

2022-03-29 12:41:57 - [MESSAGE][FAILED] - Expected element property value 'Sukses' is not equal with actual property value 'OSB Service Callout action received SOAP Fault response']]></system-out>
         <system-err><![CDATA[2022-03-29 12:41:56 - [TEST_CASE][FAILED] - Test Cases/3. get token - feedback insurance: Test Cases/3. get token - feedback insurance FAILED.
Reason:
com.kms.katalon.core.exception.StepFailedException: Expected element property value 'Sukses' is not equal with actual property value 'OSB Service Callout action received SOAP Fault response'
	at com.kms.katalon.core.keyword.internal.KeywordMain.stepFailed(KeywordMain.groovy:39)
	at com.kms.katalon.core.webservice.keyword.builtin.VerifyElementPropertyValueKeyword$_verifyElementPropertyValue_closure1.doCall(VerifyElementPropertyValueKeyword.groovy:56)
	at com.kms.katalon.core.webservice.keyword.builtin.VerifyElementPropertyValueKeyword$_verifyElementPropertyValue_closure1.call(VerifyElementPropertyValueKeyword.groovy)
	at com.kms.katalon.core.keyword.internal.KeywordMain.runKeyword(KeywordMain.groovy:74)
	at com.kms.katalon.core.webservice.keyword.builtin.VerifyElementPropertyValueKeyword.verifyElementPropertyValue(VerifyElementPropertyValueKeyword.groovy:48)
	at com.kms.katalon.core.webservice.keyword.builtin.VerifyElementPropertyValueKeyword.execute(VerifyElementPropertyValueKeyword.groovy:43)
	at com.kms.katalon.core.keyword.internal.KeywordExecutor.executeKeywordForPlatform(KeywordExecutor.groovy:74)
	at com.kms.katalon.core.webservice.keyword.WSBuiltInKeywords.verifyElementPropertyValue(WSBuiltInKeywords.groovy:175)
	at com.kms.katalon.core.webservice.keyword.WSBuiltInKeywords$verifyElementPropertyValue$0.call(Unknown Source)
	at 3. get token - feedback insurance.run(3. get token - feedback insurance:59)
	at com.kms.katalon.core.main.ScriptEngine.run(ScriptEngine.java:194)
	at com.kms.katalon.core.main.ScriptEngine.runScriptAsRawText(ScriptEngine.java:119)
	at com.kms.katalon.core.main.TestCaseExecutor.runScript(TestCaseExecutor.java:442)
	at com.kms.katalon.core.main.TestCaseExecutor.doExecute(TestCaseExecutor.java:433)
	at com.kms.katalon.core.main.TestCaseExecutor.processExecutionPhase(TestCaseExecutor.java:412)
	at com.kms.katalon.core.main.TestCaseExecutor.accessMainPhase(TestCaseExecutor.java:404)
	at com.kms.katalon.core.main.TestCaseExecutor.execute(TestCaseExecutor.java:281)
	at com.kms.katalon.core.main.TestSuiteExecutor.accessTestCaseMainPhase(TestSuiteExecutor.java:202)
	at com.kms.katalon.core.main.TestSuiteExecutor.accessTestSuiteMainPhase(TestSuiteExecutor.java:164)
	at com.kms.katalon.core.main.TestSuiteExecutor.execute(TestSuiteExecutor.java:105)
	at com.kms.katalon.core.main.TestCaseMain.startTestSuite(TestCaseMain.java:181)
	at com.kms.katalon.core.main.TestCaseMain$startTestSuite$0.call(Unknown Source)
	at TempTestSuite1648532499046.run(TempTestSuite1648532499046.groovy:36)]]></system-err>
      </testcase>
      <testcase name="Test Cases/3. get token - feedback insurance" time="3.023" classname="Test Cases/3. get token - feedback insurance" status="FAILED">
         <failure type="FAILED" message="Test Cases/3. get token - feedback insurance FAILED.
Reason:
com.kms.katalon.core.exception.StepFailedException: Expected element property value 'Sukses' is not equal with actual property value 'OSB Service Callout action received SOAP Fault response'
	at com.kms.katalon.core.keyword.internal.KeywordMain.stepFailed(KeywordMain.groovy:39)
	at com.kms.katalon.core.webservice.keyword.builtin.VerifyElementPropertyValueKeyword$_verifyElementPropertyValue_closure1.doCall(VerifyElementPropertyValueKeyword.groovy:56)
	at com.kms.katalon.core.webservice.keyword.builtin.VerifyElementPropertyValueKeyword$_verifyElementPropertyValue_closure1.call(VerifyElementPropertyValueKeyword.groovy)
	at com.kms.katalon.core.keyword.internal.KeywordMain.runKeyword(KeywordMain.groovy:74)
	at com.kms.katalon.core.webservice.keyword.builtin.VerifyElementPropertyValueKeyword.verifyElementPropertyValue(VerifyElementPropertyValueKeyword.groovy:48)
	at com.kms.katalon.core.webservice.keyword.builtin.VerifyElementPropertyValueKeyword.execute(VerifyElementPropertyValueKeyword.groovy:43)
	at com.kms.katalon.core.keyword.internal.KeywordExecutor.executeKeywordForPlatform(KeywordExecutor.groovy:74)
	at com.kms.katalon.core.webservice.keyword.WSBuiltInKeywords.verifyElementPropertyValue(WSBuiltInKeywords.groovy:175)
	at com.kms.katalon.core.webservice.keyword.WSBuiltInKeywords$verifyElementPropertyValue$0.call(Unknown Source)
	at 3. get token - feedback insurance.run(3. get token - feedback insurance:59)
	at com.kms.katalon.core.main.ScriptEngine.run(ScriptEngine.java:194)
	at com.kms.katalon.core.main.ScriptEngine.runScriptAsRawText(ScriptEngine.java:119)
	at com.kms.katalon.core.main.TestCaseExecutor.runScript(TestCaseExecutor.java:442)
	at com.kms.katalon.core.main.TestCaseExecutor.doExecute(TestCaseExecutor.java:433)
	at com.kms.katalon.core.main.TestCaseExecutor.processExecutionPhase(TestCaseExecutor.java:412)
	at com.kms.katalon.core.main.TestCaseExecutor.accessMainPhase(TestCaseExecutor.java:404)
	at com.kms.katalon.core.main.TestCaseExecutor.execute(TestCaseExecutor.java:281)
	at com.kms.katalon.core.main.TestSuiteExecutor.accessTestCaseMainPhase(TestSuiteExecutor.java:202)
	at com.kms.katalon.core.main.TestSuiteExecutor.accessTestSuiteMainPhase(TestSuiteExecutor.java:164)
	at com.kms.katalon.core.main.TestSuiteExecutor.execute(TestSuiteExecutor.java:105)
	at com.kms.katalon.core.main.TestCaseMain.startTestSuite(TestCaseMain.java:181)
	at com.kms.katalon.core.main.TestCaseMain$startTestSuite$0.call(Unknown Source)
	at TempTestSuite1648532499046.run(TempTestSuite1648532499046.groovy:36)
"/>
         <system-out><![CDATA[2022-03-29 12:41:57 - [TEST_CASE][FAILED] - Test Cases/3. get token - feedback insurance: Test Cases/3. get token - feedback insurance FAILED.
Reason:
com.kms.katalon.core.exception.StepFailedException: Expected element property value 'Sukses' is not equal with actual property value 'OSB Service Callout action received SOAP Fault response'
	at com.kms.katalon.core.keyword.internal.KeywordMain.stepFailed(KeywordMain.groovy:39)
	at com.kms.katalon.core.webservice.keyword.builtin.VerifyElementPropertyValueKeyword$_verifyElementPropertyValue_closure1.doCall(VerifyElementPropertyValueKeyword.groovy:56)
	at com.kms.katalon.core.webservice.keyword.builtin.VerifyElementPropertyValueKeyword$_verifyElementPropertyValue_closure1.call(VerifyElementPropertyValueKeyword.groovy)
	at com.kms.katalon.core.keyword.internal.KeywordMain.runKeyword(KeywordMain.groovy:74)
	at com.kms.katalon.core.webservice.keyword.builtin.VerifyElementPropertyValueKeyword.verifyElementPropertyValue(VerifyElementPropertyValueKeyword.groovy:48)
	at com.kms.katalon.core.webservice.keyword.builtin.VerifyElementPropertyValueKeyword.execute(VerifyElementPropertyValueKeyword.groovy:43)
	at com.kms.katalon.core.keyword.internal.KeywordExecutor.executeKeywordForPlatform(KeywordExecutor.groovy:74)
	at com.kms.katalon.core.webservice.keyword.WSBuiltInKeywords.verifyElementPropertyValue(WSBuiltInKeywords.groovy:175)
	at com.kms.katalon.core.webservice.keyword.WSBuiltInKeywords$verifyElementPropertyValue$0.call(Unknown Source)
	at 3. get token - feedback insurance.run(3. get token - feedback insurance:59)
	at com.kms.katalon.core.main.ScriptEngine.run(ScriptEngine.java:194)
	at com.kms.katalon.core.main.ScriptEngine.runScriptAsRawText(ScriptEngine.java:119)
	at com.kms.katalon.core.main.TestCaseExecutor.runScript(TestCaseExecutor.java:442)
	at com.kms.katalon.core.main.TestCaseExecutor.doExecute(TestCaseExecutor.java:433)
	at com.kms.katalon.core.main.TestCaseExecutor.processExecutionPhase(TestCaseExecutor.java:412)
	at com.kms.katalon.core.main.TestCaseExecutor.accessMainPhase(TestCaseExecutor.java:404)
	at com.kms.katalon.core.main.TestCaseExecutor.execute(TestCaseExecutor.java:281)
	at com.kms.katalon.core.main.TestSuiteExecutor.accessTestCaseMainPhase(TestSuiteExecutor.java:202)
	at com.kms.katalon.core.main.TestSuiteExecutor.accessTestSuiteMainPhase(TestSuiteExecutor.java:164)
	at com.kms.katalon.core.main.TestSuiteExecutor.execute(TestSuiteExecutor.java:105)
	at com.kms.katalon.core.main.TestCaseMain.startTestSuite(TestCaseMain.java:181)
	at com.kms.katalon.core.main.TestCaseMain$startTestSuite$0.call(Unknown Source)
	at TempTestSuite1648532499046.run(TempTestSuite1648532499046.groovy:36)


2022-03-29 12:41:57 - [TEST_STEP][PASSED] - token = sendRequest(findTestObject("1. Get-Token")): Send request successfully

2022-03-29 12:41:58 - [MESSAGE][INFO] - HAR: I:\app-testing\app-project\Order car insurance\order-car-insurance\Reports\20220329_124138\3. Get feedback insurance - Batch 1\20220329_124139\requests\main\8.har

2022-03-29 12:41:58 - [MESSAGE][PASSED] - Send request successfully

2022-03-29 12:41:58 - [TEST_STEP][PASSED] - slurper = new groovy.json.JsonSlurper(): null

2022-03-29 12:41:58 - [TEST_STEP][PASSED] - get_token = slurper.parseText(token.getResponseBodyContent()): null

2022-03-29 12:41:58 - [TEST_STEP][PASSED] - private_token = access_token: null

2022-03-29 12:41:58 - [TEST_STEP][PASSED] - global_token = private_token: null

2022-03-29 12:41:58 - [TEST_STEP][PASSED] - println("token is :" + global_token): null

2022-03-29 12:41:58 - [TEST_STEP][PASSED] - response_token = token.getResponseText(): null

2022-03-29 12:41:58 - [TEST_STEP][PASSED] - logInfo($response_token): {"fault":{"faultstring":"Access Denied for client ip : 8.29.105.53","detail":{"errorcode":"accesscontrol.IPDeniedAccess"}}}

2022-03-29 12:41:58 - [MESSAGE][INFO] - {"fault":{"faultstring":"Access Denied for client ip : 8.29.105.53","detail":{"errorcode":"accesscontrol.IPDeniedAccess"}}}

2022-03-29 12:41:58 - [TEST_STEP][PASSED] - feedback = sendRequest(findTestObject("4. Feedback-ins", ["s_key":global_token, "batchid":batchid, "norek":norek, "nopin":nopin, "custname":custname, "pemohon":pemohon, "branchid":branchid, ... ])): Send request successfully

2022-03-29 12:42:00 - [MESSAGE][INFO] - HAR: I:\app-testing\app-project\Order car insurance\order-car-insurance\Reports\20220329_124138\3. Get feedback insurance - Batch 1\20220329_124139\requests\main\9.har

2022-03-29 12:42:00 - [MESSAGE][PASSED] - Send request successfully

2022-03-29 12:42:00 - [TEST_STEP][PASSED] - response_feedback = feedback.getResponseText(): null

2022-03-29 12:42:00 - [TEST_STEP][PASSED] - markPassed("result feedback data : " + no + " norek : " + norek + " nopin : " + nopin): result feedback data : 51 norek : 1220003623 nopin : 001

2022-03-29 12:42:00 - [MESSAGE][PASSED] - result feedback data : 51 norek : 1220003623 nopin : 001

2022-03-29 12:42:00 - [TEST_STEP][PASSED] - logInfo($response_feedback): <?xml version="1.0" encoding="UTF-8"?>
<err:RestError xmlns:err="http://www.bea.com/wli/sb/errors"><err:errorMessage>OSB Service Callout action received SOAP Fault response</err:errorMessage><err:errorCode>OSB-382500</err:errorCode></err:RestError>

2022-03-29 12:42:00 - [MESSAGE][INFO] - <?xml version="1.0" encoding="UTF-8"?>
<err:RestError xmlns:err="http://www.bea.com/wli/sb/errors"><err:errorMessage>OSB Service Callout action received SOAP Fault response</err:errorMessage><err:errorCode>OSB-382500</err:errorCode></err:RestError>

2022-03-29 12:42:00 - [TEST_STEP][FAILED] - verifyElementPropertyValue(feedback, "FeedbackCarInsuranceResponse.errorMessage", "Sukses", CONTINUE_ON_FAILURE): Expected element property value 'Sukses' is not equal with actual property value 'OSB Service Callout action received SOAP Fault response'

2022-03-29 12:42:00 - [MESSAGE][FAILED] - Expected element property value 'Sukses' is not equal with actual property value 'OSB Service Callout action received SOAP Fault response']]></system-out>
         <system-err><![CDATA[2022-03-29 12:41:57 - [TEST_CASE][FAILED] - Test Cases/3. get token - feedback insurance: Test Cases/3. get token - feedback insurance FAILED.
Reason:
com.kms.katalon.core.exception.StepFailedException: Expected element property value 'Sukses' is not equal with actual property value 'OSB Service Callout action received SOAP Fault response'
	at com.kms.katalon.core.keyword.internal.KeywordMain.stepFailed(KeywordMain.groovy:39)
	at com.kms.katalon.core.webservice.keyword.builtin.VerifyElementPropertyValueKeyword$_verifyElementPropertyValue_closure1.doCall(VerifyElementPropertyValueKeyword.groovy:56)
	at com.kms.katalon.core.webservice.keyword.builtin.VerifyElementPropertyValueKeyword$_verifyElementPropertyValue_closure1.call(VerifyElementPropertyValueKeyword.groovy)
	at com.kms.katalon.core.keyword.internal.KeywordMain.runKeyword(KeywordMain.groovy:74)
	at com.kms.katalon.core.webservice.keyword.builtin.VerifyElementPropertyValueKeyword.verifyElementPropertyValue(VerifyElementPropertyValueKeyword.groovy:48)
	at com.kms.katalon.core.webservice.keyword.builtin.VerifyElementPropertyValueKeyword.execute(VerifyElementPropertyValueKeyword.groovy:43)
	at com.kms.katalon.core.keyword.internal.KeywordExecutor.executeKeywordForPlatform(KeywordExecutor.groovy:74)
	at com.kms.katalon.core.webservice.keyword.WSBuiltInKeywords.verifyElementPropertyValue(WSBuiltInKeywords.groovy:175)
	at com.kms.katalon.core.webservice.keyword.WSBuiltInKeywords$verifyElementPropertyValue$0.call(Unknown Source)
	at 3. get token - feedback insurance.run(3. get token - feedback insurance:59)
	at com.kms.katalon.core.main.ScriptEngine.run(ScriptEngine.java:194)
	at com.kms.katalon.core.main.ScriptEngine.runScriptAsRawText(ScriptEngine.java:119)
	at com.kms.katalon.core.main.TestCaseExecutor.runScript(TestCaseExecutor.java:442)
	at com.kms.katalon.core.main.TestCaseExecutor.doExecute(TestCaseExecutor.java:433)
	at com.kms.katalon.core.main.TestCaseExecutor.processExecutionPhase(TestCaseExecutor.java:412)
	at com.kms.katalon.core.main.TestCaseExecutor.accessMainPhase(TestCaseExecutor.java:404)
	at com.kms.katalon.core.main.TestCaseExecutor.execute(TestCaseExecutor.java:281)
	at com.kms.katalon.core.main.TestSuiteExecutor.accessTestCaseMainPhase(TestSuiteExecutor.java:202)
	at com.kms.katalon.core.main.TestSuiteExecutor.accessTestSuiteMainPhase(TestSuiteExecutor.java:164)
	at com.kms.katalon.core.main.TestSuiteExecutor.execute(TestSuiteExecutor.java:105)
	at com.kms.katalon.core.main.TestCaseMain.startTestSuite(TestCaseMain.java:181)
	at com.kms.katalon.core.main.TestCaseMain$startTestSuite$0.call(Unknown Source)
	at TempTestSuite1648532499046.run(TempTestSuite1648532499046.groovy:36)]]></system-err>
      </testcase>
      <testcase name="Test Cases/3. get token - feedback insurance" time="1.778" classname="Test Cases/3. get token - feedback insurance" status="FAILED">
         <failure type="FAILED" message="Test Cases/3. get token - feedback insurance FAILED.
Reason:
com.kms.katalon.core.exception.StepFailedException: Expected element property value 'Sukses' is not equal with actual property value 'OSB Service Callout action received SOAP Fault response'
	at com.kms.katalon.core.keyword.internal.KeywordMain.stepFailed(KeywordMain.groovy:39)
	at com.kms.katalon.core.webservice.keyword.builtin.VerifyElementPropertyValueKeyword$_verifyElementPropertyValue_closure1.doCall(VerifyElementPropertyValueKeyword.groovy:56)
	at com.kms.katalon.core.webservice.keyword.builtin.VerifyElementPropertyValueKeyword$_verifyElementPropertyValue_closure1.call(VerifyElementPropertyValueKeyword.groovy)
	at com.kms.katalon.core.keyword.internal.KeywordMain.runKeyword(KeywordMain.groovy:74)
	at com.kms.katalon.core.webservice.keyword.builtin.VerifyElementPropertyValueKeyword.verifyElementPropertyValue(VerifyElementPropertyValueKeyword.groovy:48)
	at com.kms.katalon.core.webservice.keyword.builtin.VerifyElementPropertyValueKeyword.execute(VerifyElementPropertyValueKeyword.groovy:43)
	at com.kms.katalon.core.keyword.internal.KeywordExecutor.executeKeywordForPlatform(KeywordExecutor.groovy:74)
	at com.kms.katalon.core.webservice.keyword.WSBuiltInKeywords.verifyElementPropertyValue(WSBuiltInKeywords.groovy:175)
	at com.kms.katalon.core.webservice.keyword.WSBuiltInKeywords$verifyElementPropertyValue$0.call(Unknown Source)
	at 3. get token - feedback insurance.run(3. get token - feedback insurance:59)
	at com.kms.katalon.core.main.ScriptEngine.run(ScriptEngine.java:194)
	at com.kms.katalon.core.main.ScriptEngine.runScriptAsRawText(ScriptEngine.java:119)
	at com.kms.katalon.core.main.TestCaseExecutor.runScript(TestCaseExecutor.java:442)
	at com.kms.katalon.core.main.TestCaseExecutor.doExecute(TestCaseExecutor.java:433)
	at com.kms.katalon.core.main.TestCaseExecutor.processExecutionPhase(TestCaseExecutor.java:412)
	at com.kms.katalon.core.main.TestCaseExecutor.accessMainPhase(TestCaseExecutor.java:404)
	at com.kms.katalon.core.main.TestCaseExecutor.execute(TestCaseExecutor.java:281)
	at com.kms.katalon.core.main.TestSuiteExecutor.accessTestCaseMainPhase(TestSuiteExecutor.java:202)
	at com.kms.katalon.core.main.TestSuiteExecutor.accessTestSuiteMainPhase(TestSuiteExecutor.java:164)
	at com.kms.katalon.core.main.TestSuiteExecutor.execute(TestSuiteExecutor.java:105)
	at com.kms.katalon.core.main.TestCaseMain.startTestSuite(TestCaseMain.java:181)
	at com.kms.katalon.core.main.TestCaseMain$startTestSuite$0.call(Unknown Source)
	at TempTestSuite1648532499046.run(TempTestSuite1648532499046.groovy:36)
"/>
         <system-out><![CDATA[2022-03-29 12:42:01 - [TEST_CASE][FAILED] - Test Cases/3. get token - feedback insurance: Test Cases/3. get token - feedback insurance FAILED.
Reason:
com.kms.katalon.core.exception.StepFailedException: Expected element property value 'Sukses' is not equal with actual property value 'OSB Service Callout action received SOAP Fault response'
	at com.kms.katalon.core.keyword.internal.KeywordMain.stepFailed(KeywordMain.groovy:39)
	at com.kms.katalon.core.webservice.keyword.builtin.VerifyElementPropertyValueKeyword$_verifyElementPropertyValue_closure1.doCall(VerifyElementPropertyValueKeyword.groovy:56)
	at com.kms.katalon.core.webservice.keyword.builtin.VerifyElementPropertyValueKeyword$_verifyElementPropertyValue_closure1.call(VerifyElementPropertyValueKeyword.groovy)
	at com.kms.katalon.core.keyword.internal.KeywordMain.runKeyword(KeywordMain.groovy:74)
	at com.kms.katalon.core.webservice.keyword.builtin.VerifyElementPropertyValueKeyword.verifyElementPropertyValue(VerifyElementPropertyValueKeyword.groovy:48)
	at com.kms.katalon.core.webservice.keyword.builtin.VerifyElementPropertyValueKeyword.execute(VerifyElementPropertyValueKeyword.groovy:43)
	at com.kms.katalon.core.keyword.internal.KeywordExecutor.executeKeywordForPlatform(KeywordExecutor.groovy:74)
	at com.kms.katalon.core.webservice.keyword.WSBuiltInKeywords.verifyElementPropertyValue(WSBuiltInKeywords.groovy:175)
	at com.kms.katalon.core.webservice.keyword.WSBuiltInKeywords$verifyElementPropertyValue$0.call(Unknown Source)
	at 3. get token - feedback insurance.run(3. get token - feedback insurance:59)
	at com.kms.katalon.core.main.ScriptEngine.run(ScriptEngine.java:194)
	at com.kms.katalon.core.main.ScriptEngine.runScriptAsRawText(ScriptEngine.java:119)
	at com.kms.katalon.core.main.TestCaseExecutor.runScript(TestCaseExecutor.java:442)
	at com.kms.katalon.core.main.TestCaseExecutor.doExecute(TestCaseExecutor.java:433)
	at com.kms.katalon.core.main.TestCaseExecutor.processExecutionPhase(TestCaseExecutor.java:412)
	at com.kms.katalon.core.main.TestCaseExecutor.accessMainPhase(TestCaseExecutor.java:404)
	at com.kms.katalon.core.main.TestCaseExecutor.execute(TestCaseExecutor.java:281)
	at com.kms.katalon.core.main.TestSuiteExecutor.accessTestCaseMainPhase(TestSuiteExecutor.java:202)
	at com.kms.katalon.core.main.TestSuiteExecutor.accessTestSuiteMainPhase(TestSuiteExecutor.java:164)
	at com.kms.katalon.core.main.TestSuiteExecutor.execute(TestSuiteExecutor.java:105)
	at com.kms.katalon.core.main.TestCaseMain.startTestSuite(TestCaseMain.java:181)
	at com.kms.katalon.core.main.TestCaseMain$startTestSuite$0.call(Unknown Source)
	at TempTestSuite1648532499046.run(TempTestSuite1648532499046.groovy:36)


2022-03-29 12:42:01 - [TEST_STEP][PASSED] - token = sendRequest(findTestObject("1. Get-Token")): Send request successfully

2022-03-29 12:42:01 - [MESSAGE][INFO] - HAR: I:\app-testing\app-project\Order car insurance\order-car-insurance\Reports\20220329_124138\3. Get feedback insurance - Batch 1\20220329_124139\requests\main\10.har

2022-03-29 12:42:01 - [MESSAGE][PASSED] - Send request successfully

2022-03-29 12:42:01 - [TEST_STEP][PASSED] - slurper = new groovy.json.JsonSlurper(): null

2022-03-29 12:42:01 - [TEST_STEP][PASSED] - get_token = slurper.parseText(token.getResponseBodyContent()): null

2022-03-29 12:42:01 - [TEST_STEP][PASSED] - private_token = access_token: null

2022-03-29 12:42:01 - [TEST_STEP][PASSED] - global_token = private_token: null

2022-03-29 12:42:01 - [TEST_STEP][PASSED] - println("token is :" + global_token): null

2022-03-29 12:42:01 - [TEST_STEP][PASSED] - response_token = token.getResponseText(): null

2022-03-29 12:42:01 - [TEST_STEP][PASSED] - logInfo($response_token): {"fault":{"faultstring":"Access Denied for client ip : 8.29.105.53","detail":{"errorcode":"accesscontrol.IPDeniedAccess"}}}

2022-03-29 12:42:01 - [MESSAGE][INFO] - {"fault":{"faultstring":"Access Denied for client ip : 8.29.105.53","detail":{"errorcode":"accesscontrol.IPDeniedAccess"}}}

2022-03-29 12:42:01 - [TEST_STEP][PASSED] - feedback = sendRequest(findTestObject("4. Feedback-ins", ["s_key":global_token, "batchid":batchid, "norek":norek, "nopin":nopin, "custname":custname, "pemohon":pemohon, "branchid":branchid, ... ])): Send request successfully

2022-03-29 12:42:03 - [MESSAGE][INFO] - HAR: I:\app-testing\app-project\Order car insurance\order-car-insurance\Reports\20220329_124138\3. Get feedback insurance - Batch 1\20220329_124139\requests\main\11.har

2022-03-29 12:42:03 - [MESSAGE][PASSED] - Send request successfully

2022-03-29 12:42:03 - [TEST_STEP][PASSED] - response_feedback = feedback.getResponseText(): null

2022-03-29 12:42:03 - [TEST_STEP][PASSED] - markPassed("result feedback data : " + no + " norek : " + norek + " nopin : " + nopin): result feedback data : 52 norek : 1220003623 nopin : 001

2022-03-29 12:42:03 - [MESSAGE][PASSED] - result feedback data : 52 norek : 1220003623 nopin : 001

2022-03-29 12:42:03 - [TEST_STEP][PASSED] - logInfo($response_feedback): <?xml version="1.0" encoding="UTF-8"?>
<err:RestError xmlns:err="http://www.bea.com/wli/sb/errors"><err:errorMessage>OSB Service Callout action received SOAP Fault response</err:errorMessage><err:errorCode>OSB-382500</err:errorCode></err:RestError>

2022-03-29 12:42:03 - [MESSAGE][INFO] - <?xml version="1.0" encoding="UTF-8"?>
<err:RestError xmlns:err="http://www.bea.com/wli/sb/errors"><err:errorMessage>OSB Service Callout action received SOAP Fault response</err:errorMessage><err:errorCode>OSB-382500</err:errorCode></err:RestError>

2022-03-29 12:42:03 - [TEST_STEP][FAILED] - verifyElementPropertyValue(feedback, "FeedbackCarInsuranceResponse.errorMessage", "Sukses", CONTINUE_ON_FAILURE): Expected element property value 'Sukses' is not equal with actual property value 'OSB Service Callout action received SOAP Fault response'

2022-03-29 12:42:03 - [MESSAGE][FAILED] - Expected element property value 'Sukses' is not equal with actual property value 'OSB Service Callout action received SOAP Fault response']]></system-out>
         <system-err><![CDATA[2022-03-29 12:42:01 - [TEST_CASE][FAILED] - Test Cases/3. get token - feedback insurance: Test Cases/3. get token - feedback insurance FAILED.
Reason:
com.kms.katalon.core.exception.StepFailedException: Expected element property value 'Sukses' is not equal with actual property value 'OSB Service Callout action received SOAP Fault response'
	at com.kms.katalon.core.keyword.internal.KeywordMain.stepFailed(KeywordMain.groovy:39)
	at com.kms.katalon.core.webservice.keyword.builtin.VerifyElementPropertyValueKeyword$_verifyElementPropertyValue_closure1.doCall(VerifyElementPropertyValueKeyword.groovy:56)
	at com.kms.katalon.core.webservice.keyword.builtin.VerifyElementPropertyValueKeyword$_verifyElementPropertyValue_closure1.call(VerifyElementPropertyValueKeyword.groovy)
	at com.kms.katalon.core.keyword.internal.KeywordMain.runKeyword(KeywordMain.groovy:74)
	at com.kms.katalon.core.webservice.keyword.builtin.VerifyElementPropertyValueKeyword.verifyElementPropertyValue(VerifyElementPropertyValueKeyword.groovy:48)
	at com.kms.katalon.core.webservice.keyword.builtin.VerifyElementPropertyValueKeyword.execute(VerifyElementPropertyValueKeyword.groovy:43)
	at com.kms.katalon.core.keyword.internal.KeywordExecutor.executeKeywordForPlatform(KeywordExecutor.groovy:74)
	at com.kms.katalon.core.webservice.keyword.WSBuiltInKeywords.verifyElementPropertyValue(WSBuiltInKeywords.groovy:175)
	at com.kms.katalon.core.webservice.keyword.WSBuiltInKeywords$verifyElementPropertyValue$0.call(Unknown Source)
	at 3. get token - feedback insurance.run(3. get token - feedback insurance:59)
	at com.kms.katalon.core.main.ScriptEngine.run(ScriptEngine.java:194)
	at com.kms.katalon.core.main.ScriptEngine.runScriptAsRawText(ScriptEngine.java:119)
	at com.kms.katalon.core.main.TestCaseExecutor.runScript(TestCaseExecutor.java:442)
	at com.kms.katalon.core.main.TestCaseExecutor.doExecute(TestCaseExecutor.java:433)
	at com.kms.katalon.core.main.TestCaseExecutor.processExecutionPhase(TestCaseExecutor.java:412)
	at com.kms.katalon.core.main.TestCaseExecutor.accessMainPhase(TestCaseExecutor.java:404)
	at com.kms.katalon.core.main.TestCaseExecutor.execute(TestCaseExecutor.java:281)
	at com.kms.katalon.core.main.TestSuiteExecutor.accessTestCaseMainPhase(TestSuiteExecutor.java:202)
	at com.kms.katalon.core.main.TestSuiteExecutor.accessTestSuiteMainPhase(TestSuiteExecutor.java:164)
	at com.kms.katalon.core.main.TestSuiteExecutor.execute(TestSuiteExecutor.java:105)
	at com.kms.katalon.core.main.TestCaseMain.startTestSuite(TestCaseMain.java:181)
	at com.kms.katalon.core.main.TestCaseMain$startTestSuite$0.call(Unknown Source)
	at TempTestSuite1648532499046.run(TempTestSuite1648532499046.groovy:36)]]></system-err>
      </testcase>
      <testcase name="Test Cases/3. get token - feedback insurance" time="1.181" classname="Test Cases/3. get token - feedback insurance" status="FAILED">
         <failure type="FAILED" message="Test Cases/3. get token - feedback insurance FAILED.
Reason:
com.kms.katalon.core.exception.StepFailedException: Expected element property value 'Sukses' is not equal with actual property value 'OSB Service Callout action received SOAP Fault response'
	at com.kms.katalon.core.keyword.internal.KeywordMain.stepFailed(KeywordMain.groovy:39)
	at com.kms.katalon.core.webservice.keyword.builtin.VerifyElementPropertyValueKeyword$_verifyElementPropertyValue_closure1.doCall(VerifyElementPropertyValueKeyword.groovy:56)
	at com.kms.katalon.core.webservice.keyword.builtin.VerifyElementPropertyValueKeyword$_verifyElementPropertyValue_closure1.call(VerifyElementPropertyValueKeyword.groovy)
	at com.kms.katalon.core.keyword.internal.KeywordMain.runKeyword(KeywordMain.groovy:74)
	at com.kms.katalon.core.webservice.keyword.builtin.VerifyElementPropertyValueKeyword.verifyElementPropertyValue(VerifyElementPropertyValueKeyword.groovy:48)
	at com.kms.katalon.core.webservice.keyword.builtin.VerifyElementPropertyValueKeyword.execute(VerifyElementPropertyValueKeyword.groovy:43)
	at com.kms.katalon.core.keyword.internal.KeywordExecutor.executeKeywordForPlatform(KeywordExecutor.groovy:74)
	at com.kms.katalon.core.webservice.keyword.WSBuiltInKeywords.verifyElementPropertyValue(WSBuiltInKeywords.groovy:175)
	at com.kms.katalon.core.webservice.keyword.WSBuiltInKeywords$verifyElementPropertyValue$0.call(Unknown Source)
	at 3. get token - feedback insurance.run(3. get token - feedback insurance:59)
	at com.kms.katalon.core.main.ScriptEngine.run(ScriptEngine.java:194)
	at com.kms.katalon.core.main.ScriptEngine.runScriptAsRawText(ScriptEngine.java:119)
	at com.kms.katalon.core.main.TestCaseExecutor.runScript(TestCaseExecutor.java:442)
	at com.kms.katalon.core.main.TestCaseExecutor.doExecute(TestCaseExecutor.java:433)
	at com.kms.katalon.core.main.TestCaseExecutor.processExecutionPhase(TestCaseExecutor.java:412)
	at com.kms.katalon.core.main.TestCaseExecutor.accessMainPhase(TestCaseExecutor.java:404)
	at com.kms.katalon.core.main.TestCaseExecutor.execute(TestCaseExecutor.java:281)
	at com.kms.katalon.core.main.TestSuiteExecutor.accessTestCaseMainPhase(TestSuiteExecutor.java:202)
	at com.kms.katalon.core.main.TestSuiteExecutor.accessTestSuiteMainPhase(TestSuiteExecutor.java:164)
	at com.kms.katalon.core.main.TestSuiteExecutor.execute(TestSuiteExecutor.java:105)
	at com.kms.katalon.core.main.TestCaseMain.startTestSuite(TestCaseMain.java:181)
	at com.kms.katalon.core.main.TestCaseMain$startTestSuite$0.call(Unknown Source)
	at TempTestSuite1648532499046.run(TempTestSuite1648532499046.groovy:36)
"/>
         <system-out><![CDATA[2022-03-29 12:42:03 - [TEST_CASE][FAILED] - Test Cases/3. get token - feedback insurance: Test Cases/3. get token - feedback insurance FAILED.
Reason:
com.kms.katalon.core.exception.StepFailedException: Expected element property value 'Sukses' is not equal with actual property value 'OSB Service Callout action received SOAP Fault response'
	at com.kms.katalon.core.keyword.internal.KeywordMain.stepFailed(KeywordMain.groovy:39)
	at com.kms.katalon.core.webservice.keyword.builtin.VerifyElementPropertyValueKeyword$_verifyElementPropertyValue_closure1.doCall(VerifyElementPropertyValueKeyword.groovy:56)
	at com.kms.katalon.core.webservice.keyword.builtin.VerifyElementPropertyValueKeyword$_verifyElementPropertyValue_closure1.call(VerifyElementPropertyValueKeyword.groovy)
	at com.kms.katalon.core.keyword.internal.KeywordMain.runKeyword(KeywordMain.groovy:74)
	at com.kms.katalon.core.webservice.keyword.builtin.VerifyElementPropertyValueKeyword.verifyElementPropertyValue(VerifyElementPropertyValueKeyword.groovy:48)
	at com.kms.katalon.core.webservice.keyword.builtin.VerifyElementPropertyValueKeyword.execute(VerifyElementPropertyValueKeyword.groovy:43)
	at com.kms.katalon.core.keyword.internal.KeywordExecutor.executeKeywordForPlatform(KeywordExecutor.groovy:74)
	at com.kms.katalon.core.webservice.keyword.WSBuiltInKeywords.verifyElementPropertyValue(WSBuiltInKeywords.groovy:175)
	at com.kms.katalon.core.webservice.keyword.WSBuiltInKeywords$verifyElementPropertyValue$0.call(Unknown Source)
	at 3. get token - feedback insurance.run(3. get token - feedback insurance:59)
	at com.kms.katalon.core.main.ScriptEngine.run(ScriptEngine.java:194)
	at com.kms.katalon.core.main.ScriptEngine.runScriptAsRawText(ScriptEngine.java:119)
	at com.kms.katalon.core.main.TestCaseExecutor.runScript(TestCaseExecutor.java:442)
	at com.kms.katalon.core.main.TestCaseExecutor.doExecute(TestCaseExecutor.java:433)
	at com.kms.katalon.core.main.TestCaseExecutor.processExecutionPhase(TestCaseExecutor.java:412)
	at com.kms.katalon.core.main.TestCaseExecutor.accessMainPhase(TestCaseExecutor.java:404)
	at com.kms.katalon.core.main.TestCaseExecutor.execute(TestCaseExecutor.java:281)
	at com.kms.katalon.core.main.TestSuiteExecutor.accessTestCaseMainPhase(TestSuiteExecutor.java:202)
	at com.kms.katalon.core.main.TestSuiteExecutor.accessTestSuiteMainPhase(TestSuiteExecutor.java:164)
	at com.kms.katalon.core.main.TestSuiteExecutor.execute(TestSuiteExecutor.java:105)
	at com.kms.katalon.core.main.TestCaseMain.startTestSuite(TestCaseMain.java:181)
	at com.kms.katalon.core.main.TestCaseMain$startTestSuite$0.call(Unknown Source)
	at TempTestSuite1648532499046.run(TempTestSuite1648532499046.groovy:36)


2022-03-29 12:42:03 - [TEST_STEP][PASSED] - token = sendRequest(findTestObject("1. Get-Token")): Send request successfully

2022-03-29 12:42:03 - [MESSAGE][INFO] - HAR: I:\app-testing\app-project\Order car insurance\order-car-insurance\Reports\20220329_124138\3. Get feedback insurance - Batch 1\20220329_124139\requests\main\12.har

2022-03-29 12:42:03 - [MESSAGE][PASSED] - Send request successfully

2022-03-29 12:42:03 - [TEST_STEP][PASSED] - slurper = new groovy.json.JsonSlurper(): null

2022-03-29 12:42:03 - [TEST_STEP][PASSED] - get_token = slurper.parseText(token.getResponseBodyContent()): null

2022-03-29 12:42:03 - [TEST_STEP][PASSED] - private_token = access_token: null

2022-03-29 12:42:03 - [TEST_STEP][PASSED] - global_token = private_token: null

2022-03-29 12:42:03 - [TEST_STEP][PASSED] - println("token is :" + global_token): null

2022-03-29 12:42:03 - [TEST_STEP][PASSED] - response_token = token.getResponseText(): null

2022-03-29 12:42:03 - [TEST_STEP][PASSED] - logInfo($response_token): {"fault":{"faultstring":"Access Denied for client ip : 8.29.105.53","detail":{"errorcode":"accesscontrol.IPDeniedAccess"}}}

2022-03-29 12:42:03 - [MESSAGE][INFO] - {"fault":{"faultstring":"Access Denied for client ip : 8.29.105.53","detail":{"errorcode":"accesscontrol.IPDeniedAccess"}}}

2022-03-29 12:42:03 - [TEST_STEP][PASSED] - feedback = sendRequest(findTestObject("4. Feedback-ins", ["s_key":global_token, "batchid":batchid, "norek":norek, "nopin":nopin, "custname":custname, "pemohon":pemohon, "branchid":branchid, ... ])): Send request successfully

2022-03-29 12:42:04 - [MESSAGE][INFO] - HAR: I:\app-testing\app-project\Order car insurance\order-car-insurance\Reports\20220329_124138\3. Get feedback insurance - Batch 1\20220329_124139\requests\main\13.har

2022-03-29 12:42:04 - [MESSAGE][PASSED] - Send request successfully

2022-03-29 12:42:04 - [TEST_STEP][PASSED] - response_feedback = feedback.getResponseText(): null

2022-03-29 12:42:04 - [TEST_STEP][PASSED] - markPassed("result feedback data : " + no + " norek : " + norek + " nopin : " + nopin): result feedback data : 53 norek : 1220003623 nopin : 001

2022-03-29 12:42:04 - [MESSAGE][PASSED] - result feedback data : 53 norek : 1220003623 nopin : 001

2022-03-29 12:42:04 - [TEST_STEP][PASSED] - logInfo($response_feedback): <?xml version="1.0" encoding="UTF-8"?>
<err:RestError xmlns:err="http://www.bea.com/wli/sb/errors"><err:errorMessage>OSB Service Callout action received SOAP Fault response</err:errorMessage><err:errorCode>OSB-382500</err:errorCode></err:RestError>

2022-03-29 12:42:04 - [MESSAGE][INFO] - <?xml version="1.0" encoding="UTF-8"?>
<err:RestError xmlns:err="http://www.bea.com/wli/sb/errors"><err:errorMessage>OSB Service Callout action received SOAP Fault response</err:errorMessage><err:errorCode>OSB-382500</err:errorCode></err:RestError>

2022-03-29 12:42:04 - [TEST_STEP][FAILED] - verifyElementPropertyValue(feedback, "FeedbackCarInsuranceResponse.errorMessage", "Sukses", CONTINUE_ON_FAILURE): Expected element property value 'Sukses' is not equal with actual property value 'OSB Service Callout action received SOAP Fault response'

2022-03-29 12:42:04 - [MESSAGE][FAILED] - Expected element property value 'Sukses' is not equal with actual property value 'OSB Service Callout action received SOAP Fault response']]></system-out>
         <system-err><![CDATA[2022-03-29 12:42:03 - [TEST_CASE][FAILED] - Test Cases/3. get token - feedback insurance: Test Cases/3. get token - feedback insurance FAILED.
Reason:
com.kms.katalon.core.exception.StepFailedException: Expected element property value 'Sukses' is not equal with actual property value 'OSB Service Callout action received SOAP Fault response'
	at com.kms.katalon.core.keyword.internal.KeywordMain.stepFailed(KeywordMain.groovy:39)
	at com.kms.katalon.core.webservice.keyword.builtin.VerifyElementPropertyValueKeyword$_verifyElementPropertyValue_closure1.doCall(VerifyElementPropertyValueKeyword.groovy:56)
	at com.kms.katalon.core.webservice.keyword.builtin.VerifyElementPropertyValueKeyword$_verifyElementPropertyValue_closure1.call(VerifyElementPropertyValueKeyword.groovy)
	at com.kms.katalon.core.keyword.internal.KeywordMain.runKeyword(KeywordMain.groovy:74)
	at com.kms.katalon.core.webservice.keyword.builtin.VerifyElementPropertyValueKeyword.verifyElementPropertyValue(VerifyElementPropertyValueKeyword.groovy:48)
	at com.kms.katalon.core.webservice.keyword.builtin.VerifyElementPropertyValueKeyword.execute(VerifyElementPropertyValueKeyword.groovy:43)
	at com.kms.katalon.core.keyword.internal.KeywordExecutor.executeKeywordForPlatform(KeywordExecutor.groovy:74)
	at com.kms.katalon.core.webservice.keyword.WSBuiltInKeywords.verifyElementPropertyValue(WSBuiltInKeywords.groovy:175)
	at com.kms.katalon.core.webservice.keyword.WSBuiltInKeywords$verifyElementPropertyValue$0.call(Unknown Source)
	at 3. get token - feedback insurance.run(3. get token - feedback insurance:59)
	at com.kms.katalon.core.main.ScriptEngine.run(ScriptEngine.java:194)
	at com.kms.katalon.core.main.ScriptEngine.runScriptAsRawText(ScriptEngine.java:119)
	at com.kms.katalon.core.main.TestCaseExecutor.runScript(TestCaseExecutor.java:442)
	at com.kms.katalon.core.main.TestCaseExecutor.doExecute(TestCaseExecutor.java:433)
	at com.kms.katalon.core.main.TestCaseExecutor.processExecutionPhase(TestCaseExecutor.java:412)
	at com.kms.katalon.core.main.TestCaseExecutor.accessMainPhase(TestCaseExecutor.java:404)
	at com.kms.katalon.core.main.TestCaseExecutor.execute(TestCaseExecutor.java:281)
	at com.kms.katalon.core.main.TestSuiteExecutor.accessTestCaseMainPhase(TestSuiteExecutor.java:202)
	at com.kms.katalon.core.main.TestSuiteExecutor.accessTestSuiteMainPhase(TestSuiteExecutor.java:164)
	at com.kms.katalon.core.main.TestSuiteExecutor.execute(TestSuiteExecutor.java:105)
	at com.kms.katalon.core.main.TestCaseMain.startTestSuite(TestCaseMain.java:181)
	at com.kms.katalon.core.main.TestCaseMain$startTestSuite$0.call(Unknown Source)
	at TempTestSuite1648532499046.run(TempTestSuite1648532499046.groovy:36)]]></system-err>
      </testcase>
      <testcase name="Test Cases/3. get token - feedback insurance" time="1.193" classname="Test Cases/3. get token - feedback insurance" status="FAILED">
         <failure type="FAILED" message="Test Cases/3. get token - feedback insurance FAILED.
Reason:
com.kms.katalon.core.exception.StepFailedException: Expected element property value 'Sukses' is not equal with actual property value 'OSB Service Callout action received SOAP Fault response'
	at com.kms.katalon.core.keyword.internal.KeywordMain.stepFailed(KeywordMain.groovy:39)
	at com.kms.katalon.core.webservice.keyword.builtin.VerifyElementPropertyValueKeyword$_verifyElementPropertyValue_closure1.doCall(VerifyElementPropertyValueKeyword.groovy:56)
	at com.kms.katalon.core.webservice.keyword.builtin.VerifyElementPropertyValueKeyword$_verifyElementPropertyValue_closure1.call(VerifyElementPropertyValueKeyword.groovy)
	at com.kms.katalon.core.keyword.internal.KeywordMain.runKeyword(KeywordMain.groovy:74)
	at com.kms.katalon.core.webservice.keyword.builtin.VerifyElementPropertyValueKeyword.verifyElementPropertyValue(VerifyElementPropertyValueKeyword.groovy:48)
	at com.kms.katalon.core.webservice.keyword.builtin.VerifyElementPropertyValueKeyword.execute(VerifyElementPropertyValueKeyword.groovy:43)
	at com.kms.katalon.core.keyword.internal.KeywordExecutor.executeKeywordForPlatform(KeywordExecutor.groovy:74)
	at com.kms.katalon.core.webservice.keyword.WSBuiltInKeywords.verifyElementPropertyValue(WSBuiltInKeywords.groovy:175)
	at com.kms.katalon.core.webservice.keyword.WSBuiltInKeywords$verifyElementPropertyValue$0.call(Unknown Source)
	at 3. get token - feedback insurance.run(3. get token - feedback insurance:59)
	at com.kms.katalon.core.main.ScriptEngine.run(ScriptEngine.java:194)
	at com.kms.katalon.core.main.ScriptEngine.runScriptAsRawText(ScriptEngine.java:119)
	at com.kms.katalon.core.main.TestCaseExecutor.runScript(TestCaseExecutor.java:442)
	at com.kms.katalon.core.main.TestCaseExecutor.doExecute(TestCaseExecutor.java:433)
	at com.kms.katalon.core.main.TestCaseExecutor.processExecutionPhase(TestCaseExecutor.java:412)
	at com.kms.katalon.core.main.TestCaseExecutor.accessMainPhase(TestCaseExecutor.java:404)
	at com.kms.katalon.core.main.TestCaseExecutor.execute(TestCaseExecutor.java:281)
	at com.kms.katalon.core.main.TestSuiteExecutor.accessTestCaseMainPhase(TestSuiteExecutor.java:202)
	at com.kms.katalon.core.main.TestSuiteExecutor.accessTestSuiteMainPhase(TestSuiteExecutor.java:164)
	at com.kms.katalon.core.main.TestSuiteExecutor.execute(TestSuiteExecutor.java:105)
	at com.kms.katalon.core.main.TestCaseMain.startTestSuite(TestCaseMain.java:181)
	at com.kms.katalon.core.main.TestCaseMain$startTestSuite$0.call(Unknown Source)
	at TempTestSuite1648532499046.run(TempTestSuite1648532499046.groovy:36)
"/>
         <system-out><![CDATA[2022-03-29 12:42:04 - [TEST_CASE][FAILED] - Test Cases/3. get token - feedback insurance: Test Cases/3. get token - feedback insurance FAILED.
Reason:
com.kms.katalon.core.exception.StepFailedException: Expected element property value 'Sukses' is not equal with actual property value 'OSB Service Callout action received SOAP Fault response'
	at com.kms.katalon.core.keyword.internal.KeywordMain.stepFailed(KeywordMain.groovy:39)
	at com.kms.katalon.core.webservice.keyword.builtin.VerifyElementPropertyValueKeyword$_verifyElementPropertyValue_closure1.doCall(VerifyElementPropertyValueKeyword.groovy:56)
	at com.kms.katalon.core.webservice.keyword.builtin.VerifyElementPropertyValueKeyword$_verifyElementPropertyValue_closure1.call(VerifyElementPropertyValueKeyword.groovy)
	at com.kms.katalon.core.keyword.internal.KeywordMain.runKeyword(KeywordMain.groovy:74)
	at com.kms.katalon.core.webservice.keyword.builtin.VerifyElementPropertyValueKeyword.verifyElementPropertyValue(VerifyElementPropertyValueKeyword.groovy:48)
	at com.kms.katalon.core.webservice.keyword.builtin.VerifyElementPropertyValueKeyword.execute(VerifyElementPropertyValueKeyword.groovy:43)
	at com.kms.katalon.core.keyword.internal.KeywordExecutor.executeKeywordForPlatform(KeywordExecutor.groovy:74)
	at com.kms.katalon.core.webservice.keyword.WSBuiltInKeywords.verifyElementPropertyValue(WSBuiltInKeywords.groovy:175)
	at com.kms.katalon.core.webservice.keyword.WSBuiltInKeywords$verifyElementPropertyValue$0.call(Unknown Source)
	at 3. get token - feedback insurance.run(3. get token - feedback insurance:59)
	at com.kms.katalon.core.main.ScriptEngine.run(ScriptEngine.java:194)
	at com.kms.katalon.core.main.ScriptEngine.runScriptAsRawText(ScriptEngine.java:119)
	at com.kms.katalon.core.main.TestCaseExecutor.runScript(TestCaseExecutor.java:442)
	at com.kms.katalon.core.main.TestCaseExecutor.doExecute(TestCaseExecutor.java:433)
	at com.kms.katalon.core.main.TestCaseExecutor.processExecutionPhase(TestCaseExecutor.java:412)
	at com.kms.katalon.core.main.TestCaseExecutor.accessMainPhase(TestCaseExecutor.java:404)
	at com.kms.katalon.core.main.TestCaseExecutor.execute(TestCaseExecutor.java:281)
	at com.kms.katalon.core.main.TestSuiteExecutor.accessTestCaseMainPhase(TestSuiteExecutor.java:202)
	at com.kms.katalon.core.main.TestSuiteExecutor.accessTestSuiteMainPhase(TestSuiteExecutor.java:164)
	at com.kms.katalon.core.main.TestSuiteExecutor.execute(TestSuiteExecutor.java:105)
	at com.kms.katalon.core.main.TestCaseMain.startTestSuite(TestCaseMain.java:181)
	at com.kms.katalon.core.main.TestCaseMain$startTestSuite$0.call(Unknown Source)
	at TempTestSuite1648532499046.run(TempTestSuite1648532499046.groovy:36)


2022-03-29 12:42:04 - [TEST_STEP][PASSED] - token = sendRequest(findTestObject("1. Get-Token")): Send request successfully

2022-03-29 12:42:05 - [MESSAGE][INFO] - HAR: I:\app-testing\app-project\Order car insurance\order-car-insurance\Reports\20220329_124138\3. Get feedback insurance - Batch 1\20220329_124139\requests\main\14.har

2022-03-29 12:42:05 - [MESSAGE][PASSED] - Send request successfully

2022-03-29 12:42:05 - [TEST_STEP][PASSED] - slurper = new groovy.json.JsonSlurper(): null

2022-03-29 12:42:05 - [TEST_STEP][PASSED] - get_token = slurper.parseText(token.getResponseBodyContent()): null

2022-03-29 12:42:05 - [TEST_STEP][PASSED] - private_token = access_token: null

2022-03-29 12:42:05 - [TEST_STEP][PASSED] - global_token = private_token: null

2022-03-29 12:42:05 - [TEST_STEP][PASSED] - println("token is :" + global_token): null

2022-03-29 12:42:05 - [TEST_STEP][PASSED] - response_token = token.getResponseText(): null

2022-03-29 12:42:05 - [TEST_STEP][PASSED] - logInfo($response_token): {"fault":{"faultstring":"Access Denied for client ip : 8.29.105.53","detail":{"errorcode":"accesscontrol.IPDeniedAccess"}}}

2022-03-29 12:42:05 - [MESSAGE][INFO] - {"fault":{"faultstring":"Access Denied for client ip : 8.29.105.53","detail":{"errorcode":"accesscontrol.IPDeniedAccess"}}}

2022-03-29 12:42:05 - [TEST_STEP][PASSED] - feedback = sendRequest(findTestObject("4. Feedback-ins", ["s_key":global_token, "batchid":batchid, "norek":norek, "nopin":nopin, "custname":custname, "pemohon":pemohon, "branchid":branchid, ... ])): Send request successfully

2022-03-29 12:42:06 - [MESSAGE][INFO] - HAR: I:\app-testing\app-project\Order car insurance\order-car-insurance\Reports\20220329_124138\3. Get feedback insurance - Batch 1\20220329_124139\requests\main\15.har

2022-03-29 12:42:06 - [MESSAGE][PASSED] - Send request successfully

2022-03-29 12:42:06 - [TEST_STEP][PASSED] - response_feedback = feedback.getResponseText(): null

2022-03-29 12:42:06 - [TEST_STEP][PASSED] - markPassed("result feedback data : " + no + " norek : " + norek + " nopin : " + nopin): result feedback data : 54 norek : 1220003623 nopin : 001

2022-03-29 12:42:06 - [MESSAGE][PASSED] - result feedback data : 54 norek : 1220003623 nopin : 001

2022-03-29 12:42:06 - [TEST_STEP][PASSED] - logInfo($response_feedback): <?xml version="1.0" encoding="UTF-8"?>
<err:RestError xmlns:err="http://www.bea.com/wli/sb/errors"><err:errorMessage>OSB Service Callout action received SOAP Fault response</err:errorMessage><err:errorCode>OSB-382500</err:errorCode></err:RestError>

2022-03-29 12:42:06 - [MESSAGE][INFO] - <?xml version="1.0" encoding="UTF-8"?>
<err:RestError xmlns:err="http://www.bea.com/wli/sb/errors"><err:errorMessage>OSB Service Callout action received SOAP Fault response</err:errorMessage><err:errorCode>OSB-382500</err:errorCode></err:RestError>

2022-03-29 12:42:06 - [TEST_STEP][FAILED] - verifyElementPropertyValue(feedback, "FeedbackCarInsuranceResponse.errorMessage", "Sukses", CONTINUE_ON_FAILURE): Expected element property value 'Sukses' is not equal with actual property value 'OSB Service Callout action received SOAP Fault response'

2022-03-29 12:42:06 - [MESSAGE][FAILED] - Expected element property value 'Sukses' is not equal with actual property value 'OSB Service Callout action received SOAP Fault response']]></system-out>
         <system-err><![CDATA[2022-03-29 12:42:04 - [TEST_CASE][FAILED] - Test Cases/3. get token - feedback insurance: Test Cases/3. get token - feedback insurance FAILED.
Reason:
com.kms.katalon.core.exception.StepFailedException: Expected element property value 'Sukses' is not equal with actual property value 'OSB Service Callout action received SOAP Fault response'
	at com.kms.katalon.core.keyword.internal.KeywordMain.stepFailed(KeywordMain.groovy:39)
	at com.kms.katalon.core.webservice.keyword.builtin.VerifyElementPropertyValueKeyword$_verifyElementPropertyValue_closure1.doCall(VerifyElementPropertyValueKeyword.groovy:56)
	at com.kms.katalon.core.webservice.keyword.builtin.VerifyElementPropertyValueKeyword$_verifyElementPropertyValue_closure1.call(VerifyElementPropertyValueKeyword.groovy)
	at com.kms.katalon.core.keyword.internal.KeywordMain.runKeyword(KeywordMain.groovy:74)
	at com.kms.katalon.core.webservice.keyword.builtin.VerifyElementPropertyValueKeyword.verifyElementPropertyValue(VerifyElementPropertyValueKeyword.groovy:48)
	at com.kms.katalon.core.webservice.keyword.builtin.VerifyElementPropertyValueKeyword.execute(VerifyElementPropertyValueKeyword.groovy:43)
	at com.kms.katalon.core.keyword.internal.KeywordExecutor.executeKeywordForPlatform(KeywordExecutor.groovy:74)
	at com.kms.katalon.core.webservice.keyword.WSBuiltInKeywords.verifyElementPropertyValue(WSBuiltInKeywords.groovy:175)
	at com.kms.katalon.core.webservice.keyword.WSBuiltInKeywords$verifyElementPropertyValue$0.call(Unknown Source)
	at 3. get token - feedback insurance.run(3. get token - feedback insurance:59)
	at com.kms.katalon.core.main.ScriptEngine.run(ScriptEngine.java:194)
	at com.kms.katalon.core.main.ScriptEngine.runScriptAsRawText(ScriptEngine.java:119)
	at com.kms.katalon.core.main.TestCaseExecutor.runScript(TestCaseExecutor.java:442)
	at com.kms.katalon.core.main.TestCaseExecutor.doExecute(TestCaseExecutor.java:433)
	at com.kms.katalon.core.main.TestCaseExecutor.processExecutionPhase(TestCaseExecutor.java:412)
	at com.kms.katalon.core.main.TestCaseExecutor.accessMainPhase(TestCaseExecutor.java:404)
	at com.kms.katalon.core.main.TestCaseExecutor.execute(TestCaseExecutor.java:281)
	at com.kms.katalon.core.main.TestSuiteExecutor.accessTestCaseMainPhase(TestSuiteExecutor.java:202)
	at com.kms.katalon.core.main.TestSuiteExecutor.accessTestSuiteMainPhase(TestSuiteExecutor.java:164)
	at com.kms.katalon.core.main.TestSuiteExecutor.execute(TestSuiteExecutor.java:105)
	at com.kms.katalon.core.main.TestCaseMain.startTestSuite(TestCaseMain.java:181)
	at com.kms.katalon.core.main.TestCaseMain$startTestSuite$0.call(Unknown Source)
	at TempTestSuite1648532499046.run(TempTestSuite1648532499046.groovy:36)]]></system-err>
      </testcase>
      <testcase name="Test Cases/3. get token - feedback insurance" time="7.637" classname="Test Cases/3. get token - feedback insurance" status="PASSED">
         <system-out><![CDATA[2022-03-29 12:42:06 - [TEST_CASE][PASSED] - Test Cases/3. get token - feedback insurance: Test Cases/3. get token - feedback insurance

2022-03-29 12:42:06 - [TEST_STEP][PASSED] - token = sendRequest(findTestObject("1. Get-Token")): Send request successfully

2022-03-29 12:42:06 - [MESSAGE][INFO] - HAR: I:\app-testing\app-project\Order car insurance\order-car-insurance\Reports\20220329_124138\3. Get feedback insurance - Batch 1\20220329_124139\requests\main\16.har

2022-03-29 12:42:06 - [MESSAGE][PASSED] - Send request successfully

2022-03-29 12:42:06 - [TEST_STEP][PASSED] - slurper = new groovy.json.JsonSlurper(): null

2022-03-29 12:42:06 - [TEST_STEP][PASSED] - get_token = slurper.parseText(token.getResponseBodyContent()): null

2022-03-29 12:42:06 - [TEST_STEP][PASSED] - private_token = access_token: null

2022-03-29 12:42:06 - [TEST_STEP][PASSED] - global_token = private_token: null

2022-03-29 12:42:06 - [TEST_STEP][PASSED] - println("token is :" + global_token): null

2022-03-29 12:42:06 - [TEST_STEP][PASSED] - response_token = token.getResponseText(): null

2022-03-29 12:42:06 - [TEST_STEP][PASSED] - logInfo($response_token): {"fault":{"faultstring":"Access Denied for client ip : 8.29.105.53","detail":{"errorcode":"accesscontrol.IPDeniedAccess"}}}

2022-03-29 12:42:06 - [MESSAGE][INFO] - {"fault":{"faultstring":"Access Denied for client ip : 8.29.105.53","detail":{"errorcode":"accesscontrol.IPDeniedAccess"}}}

2022-03-29 12:42:06 - [TEST_STEP][PASSED] - feedback = sendRequest(findTestObject("4. Feedback-ins", ["s_key":global_token, "batchid":batchid, "norek":norek, "nopin":nopin, "custname":custname, "pemohon":pemohon, "branchid":branchid, ... ])): Send request successfully

2022-03-29 12:42:14 - [MESSAGE][INFO] - HAR: I:\app-testing\app-project\Order car insurance\order-car-insurance\Reports\20220329_124138\3. Get feedback insurance - Batch 1\20220329_124139\requests\main\17.har

2022-03-29 12:42:14 - [MESSAGE][PASSED] - Send request successfully

2022-03-29 12:42:14 - [TEST_STEP][PASSED] - response_feedback = feedback.getResponseText(): null

2022-03-29 12:42:14 - [TEST_STEP][PASSED] - markPassed("result feedback data : " + no + " norek : " + norek + " nopin : " + nopin): result feedback data : 55 norek : 1450008853 nopin : 001

2022-03-29 12:42:14 - [MESSAGE][PASSED] - result feedback data : 55 norek : 1450008853 nopin : 001

2022-03-29 12:42:14 - [TEST_STEP][PASSED] - logInfo($response_feedback): {
  "FeedbackCarInsuranceResponse" : {
    "errorCode" : "00",
    "errorMessage" : "Sukses"
  }
}

2022-03-29 12:42:14 - [MESSAGE][INFO] - {
  "FeedbackCarInsuranceResponse" : {
    "errorCode" : "00",
    "errorMessage" : "Sukses"
  }
}

2022-03-29 12:42:14 - [TEST_STEP][PASSED] - verifyElementPropertyValue(feedback, "FeedbackCarInsuranceResponse.errorMessage", "Sukses", CONTINUE_ON_FAILURE): Verify element property value successfully

2022-03-29 12:42:14 - [MESSAGE][PASSED] - Verify element property value successfully]]></system-out>
         <system-err><![CDATA[]]></system-err>
      </testcase>
      <testcase name="Test Cases/3. get token - feedback insurance" time="1.058" classname="Test Cases/3. get token - feedback insurance" status="PASSED">
         <system-out><![CDATA[2022-03-29 12:42:14 - [TEST_CASE][PASSED] - Test Cases/3. get token - feedback insurance: Test Cases/3. get token - feedback insurance

2022-03-29 12:42:14 - [TEST_STEP][PASSED] - token = sendRequest(findTestObject("1. Get-Token")): Send request successfully

2022-03-29 12:42:14 - [MESSAGE][INFO] - HAR: I:\app-testing\app-project\Order car insurance\order-car-insurance\Reports\20220329_124138\3. Get feedback insurance - Batch 1\20220329_124139\requests\main\18.har

2022-03-29 12:42:14 - [MESSAGE][PASSED] - Send request successfully

2022-03-29 12:42:14 - [TEST_STEP][PASSED] - slurper = new groovy.json.JsonSlurper(): null

2022-03-29 12:42:14 - [TEST_STEP][PASSED] - get_token = slurper.parseText(token.getResponseBodyContent()): null

2022-03-29 12:42:14 - [TEST_STEP][PASSED] - private_token = access_token: null

2022-03-29 12:42:14 - [TEST_STEP][PASSED] - global_token = private_token: null

2022-03-29 12:42:14 - [TEST_STEP][PASSED] - println("token is :" + global_token): null

2022-03-29 12:42:14 - [TEST_STEP][PASSED] - response_token = token.getResponseText(): null

2022-03-29 12:42:14 - [TEST_STEP][PASSED] - logInfo($response_token): {"fault":{"faultstring":"Access Denied for client ip : 8.29.105.53","detail":{"errorcode":"accesscontrol.IPDeniedAccess"}}}

2022-03-29 12:42:14 - [MESSAGE][INFO] - {"fault":{"faultstring":"Access Denied for client ip : 8.29.105.53","detail":{"errorcode":"accesscontrol.IPDeniedAccess"}}}

2022-03-29 12:42:14 - [TEST_STEP][PASSED] - feedback = sendRequest(findTestObject("4. Feedback-ins", ["s_key":global_token, "batchid":batchid, "norek":norek, "nopin":nopin, "custname":custname, "pemohon":pemohon, "branchid":branchid, ... ])): Send request successfully

2022-03-29 12:42:15 - [MESSAGE][INFO] - HAR: I:\app-testing\app-project\Order car insurance\order-car-insurance\Reports\20220329_124138\3. Get feedback insurance - Batch 1\20220329_124139\requests\main\19.har

2022-03-29 12:42:15 - [MESSAGE][PASSED] - Send request successfully

2022-03-29 12:42:15 - [TEST_STEP][PASSED] - response_feedback = feedback.getResponseText(): null

2022-03-29 12:42:15 - [TEST_STEP][PASSED] - markPassed("result feedback data : " + no + " norek : " + norek + " nopin : " + nopin): result feedback data : 56 norek : 1450008853 nopin : 001

2022-03-29 12:42:15 - [MESSAGE][PASSED] - result feedback data : 56 norek : 1450008853 nopin : 001

2022-03-29 12:42:15 - [TEST_STEP][PASSED] - logInfo($response_feedback): {
  "FeedbackCarInsuranceResponse" : {
    "errorCode" : "00",
    "errorMessage" : "Sukses"
  }
}

2022-03-29 12:42:15 - [MESSAGE][INFO] - {
  "FeedbackCarInsuranceResponse" : {
    "errorCode" : "00",
    "errorMessage" : "Sukses"
  }
}

2022-03-29 12:42:15 - [TEST_STEP][PASSED] - verifyElementPropertyValue(feedback, "FeedbackCarInsuranceResponse.errorMessage", "Sukses", CONTINUE_ON_FAILURE): Verify element property value successfully

2022-03-29 12:42:15 - [MESSAGE][PASSED] - Verify element property value successfully]]></system-out>
         <system-err><![CDATA[]]></system-err>
      </testcase>
      <testcase name="Test Cases/3. get token - feedback insurance" time="1.3" classname="Test Cases/3. get token - feedback insurance" status="PASSED">
         <system-out><![CDATA[2022-03-29 12:42:15 - [TEST_CASE][PASSED] - Test Cases/3. get token - feedback insurance: Test Cases/3. get token - feedback insurance

2022-03-29 12:42:16 - [TEST_STEP][PASSED] - token = sendRequest(findTestObject("1. Get-Token")): Send request successfully

2022-03-29 12:42:16 - [MESSAGE][INFO] - HAR: I:\app-testing\app-project\Order car insurance\order-car-insurance\Reports\20220329_124138\3. Get feedback insurance - Batch 1\20220329_124139\requests\main\20.har

2022-03-29 12:42:16 - [MESSAGE][PASSED] - Send request successfully

2022-03-29 12:42:16 - [TEST_STEP][PASSED] - slurper = new groovy.json.JsonSlurper(): null

2022-03-29 12:42:16 - [TEST_STEP][PASSED] - get_token = slurper.parseText(token.getResponseBodyContent()): null

2022-03-29 12:42:16 - [TEST_STEP][PASSED] - private_token = access_token: null

2022-03-29 12:42:16 - [TEST_STEP][PASSED] - global_token = private_token: null

2022-03-29 12:42:16 - [TEST_STEP][PASSED] - println("token is :" + global_token): null

2022-03-29 12:42:16 - [TEST_STEP][PASSED] - response_token = token.getResponseText(): null

2022-03-29 12:42:16 - [TEST_STEP][PASSED] - logInfo($response_token): {"fault":{"faultstring":"Access Denied for client ip : 8.29.105.53","detail":{"errorcode":"accesscontrol.IPDeniedAccess"}}}

2022-03-29 12:42:16 - [MESSAGE][INFO] - {"fault":{"faultstring":"Access Denied for client ip : 8.29.105.53","detail":{"errorcode":"accesscontrol.IPDeniedAccess"}}}

2022-03-29 12:42:16 - [TEST_STEP][PASSED] - feedback = sendRequest(findTestObject("4. Feedback-ins", ["s_key":global_token, "batchid":batchid, "norek":norek, "nopin":nopin, "custname":custname, "pemohon":pemohon, "branchid":branchid, ... ])): Send request successfully

2022-03-29 12:42:17 - [MESSAGE][INFO] - HAR: I:\app-testing\app-project\Order car insurance\order-car-insurance\Reports\20220329_124138\3. Get feedback insurance - Batch 1\20220329_124139\requests\main\21.har

2022-03-29 12:42:17 - [MESSAGE][PASSED] - Send request successfully

2022-03-29 12:42:17 - [TEST_STEP][PASSED] - response_feedback = feedback.getResponseText(): null

2022-03-29 12:42:17 - [TEST_STEP][PASSED] - markPassed("result feedback data : " + no + " norek : " + norek + " nopin : " + nopin): result feedback data : 57 norek : 1450008853 nopin : 001

2022-03-29 12:42:17 - [MESSAGE][PASSED] - result feedback data : 57 norek : 1450008853 nopin : 001

2022-03-29 12:42:17 - [TEST_STEP][PASSED] - logInfo($response_feedback): {
  "FeedbackCarInsuranceResponse" : {
    "errorCode" : "00",
    "errorMessage" : "Sukses"
  }
}

2022-03-29 12:42:17 - [MESSAGE][INFO] - {
  "FeedbackCarInsuranceResponse" : {
    "errorCode" : "00",
    "errorMessage" : "Sukses"
  }
}

2022-03-29 12:42:17 - [TEST_STEP][PASSED] - verifyElementPropertyValue(feedback, "FeedbackCarInsuranceResponse.errorMessage", "Sukses", CONTINUE_ON_FAILURE): Verify element property value successfully

2022-03-29 12:42:17 - [MESSAGE][PASSED] - Verify element property value successfully]]></system-out>
         <system-err><![CDATA[]]></system-err>
      </testcase>
      <testcase name="Test Cases/3. get token - feedback insurance" time="1.062" classname="Test Cases/3. get token - feedback insurance" status="PASSED">
         <system-out><![CDATA[2022-03-29 12:42:17 - [TEST_CASE][PASSED] - Test Cases/3. get token - feedback insurance: Test Cases/3. get token - feedback insurance

2022-03-29 12:42:17 - [TEST_STEP][PASSED] - token = sendRequest(findTestObject("1. Get-Token")): Send request successfully

2022-03-29 12:42:17 - [MESSAGE][INFO] - HAR: I:\app-testing\app-project\Order car insurance\order-car-insurance\Reports\20220329_124138\3. Get feedback insurance - Batch 1\20220329_124139\requests\main\22.har

2022-03-29 12:42:17 - [MESSAGE][PASSED] - Send request successfully

2022-03-29 12:42:17 - [TEST_STEP][PASSED] - slurper = new groovy.json.JsonSlurper(): null

2022-03-29 12:42:17 - [TEST_STEP][PASSED] - get_token = slurper.parseText(token.getResponseBodyContent()): null

2022-03-29 12:42:17 - [TEST_STEP][PASSED] - private_token = access_token: null

2022-03-29 12:42:17 - [TEST_STEP][PASSED] - global_token = private_token: null

2022-03-29 12:42:17 - [TEST_STEP][PASSED] - println("token is :" + global_token): null

2022-03-29 12:42:17 - [TEST_STEP][PASSED] - response_token = token.getResponseText(): null

2022-03-29 12:42:17 - [TEST_STEP][PASSED] - logInfo($response_token): {"fault":{"faultstring":"Access Denied for client ip : 8.29.105.53","detail":{"errorcode":"accesscontrol.IPDeniedAccess"}}}

2022-03-29 12:42:17 - [MESSAGE][INFO] - {"fault":{"faultstring":"Access Denied for client ip : 8.29.105.53","detail":{"errorcode":"accesscontrol.IPDeniedAccess"}}}

2022-03-29 12:42:17 - [TEST_STEP][PASSED] - feedback = sendRequest(findTestObject("4. Feedback-ins", ["s_key":global_token, "batchid":batchid, "norek":norek, "nopin":nopin, "custname":custname, "pemohon":pemohon, "branchid":branchid, ... ])): Send request successfully

2022-03-29 12:42:18 - [MESSAGE][INFO] - HAR: I:\app-testing\app-project\Order car insurance\order-car-insurance\Reports\20220329_124138\3. Get feedback insurance - Batch 1\20220329_124139\requests\main\23.har

2022-03-29 12:42:18 - [MESSAGE][PASSED] - Send request successfully

2022-03-29 12:42:18 - [TEST_STEP][PASSED] - response_feedback = feedback.getResponseText(): null

2022-03-29 12:42:18 - [TEST_STEP][PASSED] - markPassed("result feedback data : " + no + " norek : " + norek + " nopin : " + nopin): result feedback data : 58 norek : 1450008853 nopin : 001

2022-03-29 12:42:18 - [MESSAGE][PASSED] - result feedback data : 58 norek : 1450008853 nopin : 001

2022-03-29 12:42:18 - [TEST_STEP][PASSED] - logInfo($response_feedback): {
  "FeedbackCarInsuranceResponse" : {
    "errorCode" : "00",
    "errorMessage" : "Sukses"
  }
}

2022-03-29 12:42:18 - [MESSAGE][INFO] - {
  "FeedbackCarInsuranceResponse" : {
    "errorCode" : "00",
    "errorMessage" : "Sukses"
  }
}

2022-03-29 12:42:18 - [TEST_STEP][PASSED] - verifyElementPropertyValue(feedback, "FeedbackCarInsuranceResponse.errorMessage", "Sukses", CONTINUE_ON_FAILURE): Verify element property value successfully

2022-03-29 12:42:18 - [MESSAGE][PASSED] - Verify element property value successfully]]></system-out>
         <system-err><![CDATA[]]></system-err>
      </testcase>
      <testcase name="Test Cases/3. get token - feedback insurance" time="1.524" classname="Test Cases/3. get token - feedback insurance" status="PASSED">
         <system-out><![CDATA[2022-03-29 12:42:19 - [TEST_CASE][PASSED] - Test Cases/3. get token - feedback insurance: Test Cases/3. get token - feedback insurance

2022-03-29 12:42:19 - [TEST_STEP][PASSED] - token = sendRequest(findTestObject("1. Get-Token")): Send request successfully

2022-03-29 12:42:19 - [MESSAGE][INFO] - HAR: I:\app-testing\app-project\Order car insurance\order-car-insurance\Reports\20220329_124138\3. Get feedback insurance - Batch 1\20220329_124139\requests\main\24.har

2022-03-29 12:42:19 - [MESSAGE][PASSED] - Send request successfully

2022-03-29 12:42:19 - [TEST_STEP][PASSED] - slurper = new groovy.json.JsonSlurper(): null

2022-03-29 12:42:19 - [TEST_STEP][PASSED] - get_token = slurper.parseText(token.getResponseBodyContent()): null

2022-03-29 12:42:19 - [TEST_STEP][PASSED] - private_token = access_token: null

2022-03-29 12:42:19 - [TEST_STEP][PASSED] - global_token = private_token: null

2022-03-29 12:42:19 - [TEST_STEP][PASSED] - println("token is :" + global_token): null

2022-03-29 12:42:19 - [TEST_STEP][PASSED] - response_token = token.getResponseText(): null

2022-03-29 12:42:19 - [TEST_STEP][PASSED] - logInfo($response_token): {"fault":{"faultstring":"Access Denied for client ip : 8.29.105.53","detail":{"errorcode":"accesscontrol.IPDeniedAccess"}}}

2022-03-29 12:42:19 - [MESSAGE][INFO] - {"fault":{"faultstring":"Access Denied for client ip : 8.29.105.53","detail":{"errorcode":"accesscontrol.IPDeniedAccess"}}}

2022-03-29 12:42:19 - [TEST_STEP][PASSED] - feedback = sendRequest(findTestObject("4. Feedback-ins", ["s_key":global_token, "batchid":batchid, "norek":norek, "nopin":nopin, "custname":custname, "pemohon":pemohon, "branchid":branchid, ... ])): Send request successfully

2022-03-29 12:42:20 - [MESSAGE][INFO] - HAR: I:\app-testing\app-project\Order car insurance\order-car-insurance\Reports\20220329_124138\3. Get feedback insurance - Batch 1\20220329_124139\requests\main\25.har

2022-03-29 12:42:20 - [MESSAGE][PASSED] - Send request successfully

2022-03-29 12:42:20 - [TEST_STEP][PASSED] - response_feedback = feedback.getResponseText(): null

2022-03-29 12:42:20 - [TEST_STEP][PASSED] - markPassed("result feedback data : " + no + " norek : " + norek + " nopin : " + nopin): result feedback data : 59 norek : 1450008853 nopin : 001

2022-03-29 12:42:20 - [MESSAGE][PASSED] - result feedback data : 59 norek : 1450008853 nopin : 001

2022-03-29 12:42:20 - [TEST_STEP][PASSED] - logInfo($response_feedback): {
  "FeedbackCarInsuranceResponse" : {
    "errorCode" : "00",
    "errorMessage" : "Sukses"
  }
}

2022-03-29 12:42:20 - [MESSAGE][INFO] - {
  "FeedbackCarInsuranceResponse" : {
    "errorCode" : "00",
    "errorMessage" : "Sukses"
  }
}

2022-03-29 12:42:20 - [TEST_STEP][PASSED] - verifyElementPropertyValue(feedback, "FeedbackCarInsuranceResponse.errorMessage", "Sukses", CONTINUE_ON_FAILURE): Verify element property value successfully

2022-03-29 12:42:20 - [MESSAGE][PASSED] - Verify element property value successfully]]></system-out>
         <system-err><![CDATA[]]></system-err>
      </testcase>
      <testcase name="Test Cases/3. get token - feedback insurance" time="1.092" classname="Test Cases/3. get token - feedback insurance" status="PASSED">
         <system-out><![CDATA[2022-03-29 12:42:20 - [TEST_CASE][PASSED] - Test Cases/3. get token - feedback insurance: Test Cases/3. get token - feedback insurance

2022-03-29 12:42:20 - [TEST_STEP][PASSED] - token = sendRequest(findTestObject("1. Get-Token")): Send request successfully

2022-03-29 12:42:21 - [MESSAGE][INFO] - HAR: I:\app-testing\app-project\Order car insurance\order-car-insurance\Reports\20220329_124138\3. Get feedback insurance - Batch 1\20220329_124139\requests\main\26.har

2022-03-29 12:42:21 - [MESSAGE][PASSED] - Send request successfully

2022-03-29 12:42:21 - [TEST_STEP][PASSED] - slurper = new groovy.json.JsonSlurper(): null

2022-03-29 12:42:21 - [TEST_STEP][PASSED] - get_token = slurper.parseText(token.getResponseBodyContent()): null

2022-03-29 12:42:21 - [TEST_STEP][PASSED] - private_token = access_token: null

2022-03-29 12:42:21 - [TEST_STEP][PASSED] - global_token = private_token: null

2022-03-29 12:42:21 - [TEST_STEP][PASSED] - println("token is :" + global_token): null

2022-03-29 12:42:21 - [TEST_STEP][PASSED] - response_token = token.getResponseText(): null

2022-03-29 12:42:21 - [TEST_STEP][PASSED] - logInfo($response_token): {"fault":{"faultstring":"Access Denied for client ip : 8.29.105.53","detail":{"errorcode":"accesscontrol.IPDeniedAccess"}}}

2022-03-29 12:42:21 - [MESSAGE][INFO] - {"fault":{"faultstring":"Access Denied for client ip : 8.29.105.53","detail":{"errorcode":"accesscontrol.IPDeniedAccess"}}}

2022-03-29 12:42:21 - [TEST_STEP][PASSED] - feedback = sendRequest(findTestObject("4. Feedback-ins", ["s_key":global_token, "batchid":batchid, "norek":norek, "nopin":nopin, "custname":custname, "pemohon":pemohon, "branchid":branchid, ... ])): Send request successfully

2022-03-29 12:42:22 - [MESSAGE][INFO] - HAR: I:\app-testing\app-project\Order car insurance\order-car-insurance\Reports\20220329_124138\3. Get feedback insurance - Batch 1\20220329_124139\requests\main\27.har

2022-03-29 12:42:22 - [MESSAGE][PASSED] - Send request successfully

2022-03-29 12:42:22 - [TEST_STEP][PASSED] - response_feedback = feedback.getResponseText(): null

2022-03-29 12:42:22 - [TEST_STEP][PASSED] - markPassed("result feedback data : " + no + " norek : " + norek + " nopin : " + nopin): result feedback data : 60 norek : 1450008853 nopin : 001

2022-03-29 12:42:22 - [MESSAGE][PASSED] - result feedback data : 60 norek : 1450008853 nopin : 001

2022-03-29 12:42:22 - [TEST_STEP][PASSED] - logInfo($response_feedback): {
  "FeedbackCarInsuranceResponse" : {
    "errorCode" : "00",
    "errorMessage" : "Sukses"
  }
}

2022-03-29 12:42:22 - [MESSAGE][INFO] - {
  "FeedbackCarInsuranceResponse" : {
    "errorCode" : "00",
    "errorMessage" : "Sukses"
  }
}

2022-03-29 12:42:22 - [TEST_STEP][PASSED] - verifyElementPropertyValue(feedback, "FeedbackCarInsuranceResponse.errorMessage", "Sukses", CONTINUE_ON_FAILURE): Verify element property value successfully

2022-03-29 12:42:22 - [MESSAGE][PASSED] - Verify element property value successfully]]></system-out>
         <system-err><![CDATA[]]></system-err>
      </testcase>
      <testcase name="Test Cases/3. get token - feedback insurance" time="1.278" classname="Test Cases/3. get token - feedback insurance" status="PASSED">
         <system-out><![CDATA[2022-03-29 12:42:22 - [TEST_CASE][PASSED] - Test Cases/3. get token - feedback insurance: Test Cases/3. get token - feedback insurance

2022-03-29 12:42:22 - [TEST_STEP][PASSED] - token = sendRequest(findTestObject("1. Get-Token")): Send request successfully

2022-03-29 12:42:22 - [MESSAGE][INFO] - HAR: I:\app-testing\app-project\Order car insurance\order-car-insurance\Reports\20220329_124138\3. Get feedback insurance - Batch 1\20220329_124139\requests\main\28.har

2022-03-29 12:42:22 - [MESSAGE][PASSED] - Send request successfully

2022-03-29 12:42:22 - [TEST_STEP][PASSED] - slurper = new groovy.json.JsonSlurper(): null

2022-03-29 12:42:22 - [TEST_STEP][PASSED] - get_token = slurper.parseText(token.getResponseBodyContent()): null

2022-03-29 12:42:22 - [TEST_STEP][PASSED] - private_token = access_token: null

2022-03-29 12:42:22 - [TEST_STEP][PASSED] - global_token = private_token: null

2022-03-29 12:42:22 - [TEST_STEP][PASSED] - println("token is :" + global_token): null

2022-03-29 12:42:22 - [TEST_STEP][PASSED] - response_token = token.getResponseText(): null

2022-03-29 12:42:22 - [TEST_STEP][PASSED] - logInfo($response_token): {"fault":{"faultstring":"Access Denied for client ip : 8.29.105.53","detail":{"errorcode":"accesscontrol.IPDeniedAccess"}}}

2022-03-29 12:42:22 - [MESSAGE][INFO] - {"fault":{"faultstring":"Access Denied for client ip : 8.29.105.53","detail":{"errorcode":"accesscontrol.IPDeniedAccess"}}}

2022-03-29 12:42:22 - [TEST_STEP][PASSED] - feedback = sendRequest(findTestObject("4. Feedback-ins", ["s_key":global_token, "batchid":batchid, "norek":norek, "nopin":nopin, "custname":custname, "pemohon":pemohon, "branchid":branchid, ... ])): Send request successfully

2022-03-29 12:42:23 - [MESSAGE][INFO] - HAR: I:\app-testing\app-project\Order car insurance\order-car-insurance\Reports\20220329_124138\3. Get feedback insurance - Batch 1\20220329_124139\requests\main\29.har

2022-03-29 12:42:23 - [MESSAGE][PASSED] - Send request successfully

2022-03-29 12:42:23 - [TEST_STEP][PASSED] - response_feedback = feedback.getResponseText(): null

2022-03-29 12:42:23 - [TEST_STEP][PASSED] - markPassed("result feedback data : " + no + " norek : " + norek + " nopin : " + nopin): result feedback data : 61 norek : 1450008853 nopin : 001

2022-03-29 12:42:23 - [MESSAGE][PASSED] - result feedback data : 61 norek : 1450008853 nopin : 001

2022-03-29 12:42:23 - [TEST_STEP][PASSED] - logInfo($response_feedback): {
  "FeedbackCarInsuranceResponse" : {
    "errorCode" : "00",
    "errorMessage" : "Sukses"
  }
}

2022-03-29 12:42:23 - [MESSAGE][INFO] - {
  "FeedbackCarInsuranceResponse" : {
    "errorCode" : "00",
    "errorMessage" : "Sukses"
  }
}

2022-03-29 12:42:23 - [TEST_STEP][PASSED] - verifyElementPropertyValue(feedback, "FeedbackCarInsuranceResponse.errorMessage", "Sukses", CONTINUE_ON_FAILURE): Verify element property value successfully

2022-03-29 12:42:23 - [MESSAGE][PASSED] - Verify element property value successfully]]></system-out>
         <system-err><![CDATA[]]></system-err>
      </testcase>
      <testcase name="Test Cases/3. get token - feedback insurance" time="1.26" classname="Test Cases/3. get token - feedback insurance" status="PASSED">
         <system-out><![CDATA[2022-03-29 12:42:24 - [TEST_CASE][PASSED] - Test Cases/3. get token - feedback insurance: Test Cases/3. get token - feedback insurance

2022-03-29 12:42:24 - [TEST_STEP][PASSED] - token = sendRequest(findTestObject("1. Get-Token")): Send request successfully

2022-03-29 12:42:24 - [MESSAGE][INFO] - HAR: I:\app-testing\app-project\Order car insurance\order-car-insurance\Reports\20220329_124138\3. Get feedback insurance - Batch 1\20220329_124139\requests\main\30.har

2022-03-29 12:42:24 - [MESSAGE][PASSED] - Send request successfully

2022-03-29 12:42:24 - [TEST_STEP][PASSED] - slurper = new groovy.json.JsonSlurper(): null

2022-03-29 12:42:24 - [TEST_STEP][PASSED] - get_token = slurper.parseText(token.getResponseBodyContent()): null

2022-03-29 12:42:24 - [TEST_STEP][PASSED] - private_token = access_token: null

2022-03-29 12:42:24 - [TEST_STEP][PASSED] - global_token = private_token: null

2022-03-29 12:42:24 - [TEST_STEP][PASSED] - println("token is :" + global_token): null

2022-03-29 12:42:24 - [TEST_STEP][PASSED] - response_token = token.getResponseText(): null

2022-03-29 12:42:24 - [TEST_STEP][PASSED] - logInfo($response_token): {"fault":{"faultstring":"Access Denied for client ip : 8.29.105.53","detail":{"errorcode":"accesscontrol.IPDeniedAccess"}}}

2022-03-29 12:42:24 - [MESSAGE][INFO] - {"fault":{"faultstring":"Access Denied for client ip : 8.29.105.53","detail":{"errorcode":"accesscontrol.IPDeniedAccess"}}}

2022-03-29 12:42:24 - [TEST_STEP][PASSED] - feedback = sendRequest(findTestObject("4. Feedback-ins", ["s_key":global_token, "batchid":batchid, "norek":norek, "nopin":nopin, "custname":custname, "pemohon":pemohon, "branchid":branchid, ... ])): Send request successfully

2022-03-29 12:42:25 - [MESSAGE][INFO] - HAR: I:\app-testing\app-project\Order car insurance\order-car-insurance\Reports\20220329_124138\3. Get feedback insurance - Batch 1\20220329_124139\requests\main\31.har

2022-03-29 12:42:25 - [MESSAGE][PASSED] - Send request successfully

2022-03-29 12:42:25 - [TEST_STEP][PASSED] - response_feedback = feedback.getResponseText(): null

2022-03-29 12:42:25 - [TEST_STEP][PASSED] - markPassed("result feedback data : " + no + " norek : " + norek + " nopin : " + nopin): result feedback data : 62 norek : 1450008853 nopin : 001

2022-03-29 12:42:25 - [MESSAGE][PASSED] - result feedback data : 62 norek : 1450008853 nopin : 001

2022-03-29 12:42:25 - [TEST_STEP][PASSED] - logInfo($response_feedback): {
  "FeedbackCarInsuranceResponse" : {
    "errorCode" : "00",
    "errorMessage" : "Sukses"
  }
}

2022-03-29 12:42:25 - [MESSAGE][INFO] - {
  "FeedbackCarInsuranceResponse" : {
    "errorCode" : "00",
    "errorMessage" : "Sukses"
  }
}

2022-03-29 12:42:25 - [TEST_STEP][PASSED] - verifyElementPropertyValue(feedback, "FeedbackCarInsuranceResponse.errorMessage", "Sukses", CONTINUE_ON_FAILURE): Verify element property value successfully

2022-03-29 12:42:25 - [MESSAGE][PASSED] - Verify element property value successfully]]></system-out>
         <system-err><![CDATA[]]></system-err>
      </testcase>
      <testcase name="Test Cases/3. get token - feedback insurance" time="1.148" classname="Test Cases/3. get token - feedback insurance" status="PASSED">
         <system-out><![CDATA[2022-03-29 12:42:25 - [TEST_CASE][PASSED] - Test Cases/3. get token - feedback insurance: Test Cases/3. get token - feedback insurance

2022-03-29 12:42:25 - [TEST_STEP][PASSED] - token = sendRequest(findTestObject("1. Get-Token")): Send request successfully

2022-03-29 12:42:25 - [MESSAGE][INFO] - HAR: I:\app-testing\app-project\Order car insurance\order-car-insurance\Reports\20220329_124138\3. Get feedback insurance - Batch 1\20220329_124139\requests\main\32.har

2022-03-29 12:42:25 - [MESSAGE][PASSED] - Send request successfully

2022-03-29 12:42:25 - [TEST_STEP][PASSED] - slurper = new groovy.json.JsonSlurper(): null

2022-03-29 12:42:25 - [TEST_STEP][PASSED] - get_token = slurper.parseText(token.getResponseBodyContent()): null

2022-03-29 12:42:25 - [TEST_STEP][PASSED] - private_token = access_token: null

2022-03-29 12:42:25 - [TEST_STEP][PASSED] - global_token = private_token: null

2022-03-29 12:42:25 - [TEST_STEP][PASSED] - println("token is :" + global_token): null

2022-03-29 12:42:25 - [TEST_STEP][PASSED] - response_token = token.getResponseText(): null

2022-03-29 12:42:25 - [TEST_STEP][PASSED] - logInfo($response_token): {"fault":{"faultstring":"Access Denied for client ip : 8.29.105.53","detail":{"errorcode":"accesscontrol.IPDeniedAccess"}}}

2022-03-29 12:42:25 - [MESSAGE][INFO] - {"fault":{"faultstring":"Access Denied for client ip : 8.29.105.53","detail":{"errorcode":"accesscontrol.IPDeniedAccess"}}}

2022-03-29 12:42:25 - [TEST_STEP][PASSED] - feedback = sendRequest(findTestObject("4. Feedback-ins", ["s_key":global_token, "batchid":batchid, "norek":norek, "nopin":nopin, "custname":custname, "pemohon":pemohon, "branchid":branchid, ... ])): Send request successfully

2022-03-29 12:42:26 - [MESSAGE][INFO] - HAR: I:\app-testing\app-project\Order car insurance\order-car-insurance\Reports\20220329_124138\3. Get feedback insurance - Batch 1\20220329_124139\requests\main\33.har

2022-03-29 12:42:26 - [MESSAGE][PASSED] - Send request successfully

2022-03-29 12:42:26 - [TEST_STEP][PASSED] - response_feedback = feedback.getResponseText(): null

2022-03-29 12:42:26 - [TEST_STEP][PASSED] - markPassed("result feedback data : " + no + " norek : " + norek + " nopin : " + nopin): result feedback data : 63 norek : 1450008853 nopin : 001

2022-03-29 12:42:26 - [MESSAGE][PASSED] - result feedback data : 63 norek : 1450008853 nopin : 001

2022-03-29 12:42:26 - [TEST_STEP][PASSED] - logInfo($response_feedback): {
  "FeedbackCarInsuranceResponse" : {
    "errorCode" : "00",
    "errorMessage" : "Sukses"
  }
}

2022-03-29 12:42:26 - [MESSAGE][INFO] - {
  "FeedbackCarInsuranceResponse" : {
    "errorCode" : "00",
    "errorMessage" : "Sukses"
  }
}

2022-03-29 12:42:26 - [TEST_STEP][PASSED] - verifyElementPropertyValue(feedback, "FeedbackCarInsuranceResponse.errorMessage", "Sukses", CONTINUE_ON_FAILURE): Verify element property value successfully

2022-03-29 12:42:26 - [MESSAGE][PASSED] - Verify element property value successfully]]></system-out>
         <system-err><![CDATA[]]></system-err>
      </testcase>
      <testcase name="Test Cases/3. get token - feedback insurance" time="1.176" classname="Test Cases/3. get token - feedback insurance" status="PASSED">
         <system-out><![CDATA[2022-03-29 12:42:27 - [TEST_CASE][PASSED] - Test Cases/3. get token - feedback insurance: Test Cases/3. get token - feedback insurance

2022-03-29 12:42:27 - [TEST_STEP][PASSED] - token = sendRequest(findTestObject("1. Get-Token")): Send request successfully

2022-03-29 12:42:27 - [MESSAGE][INFO] - HAR: I:\app-testing\app-project\Order car insurance\order-car-insurance\Reports\20220329_124138\3. Get feedback insurance - Batch 1\20220329_124139\requests\main\34.har

2022-03-29 12:42:27 - [MESSAGE][PASSED] - Send request successfully

2022-03-29 12:42:27 - [TEST_STEP][PASSED] - slurper = new groovy.json.JsonSlurper(): null

2022-03-29 12:42:27 - [TEST_STEP][PASSED] - get_token = slurper.parseText(token.getResponseBodyContent()): null

2022-03-29 12:42:27 - [TEST_STEP][PASSED] - private_token = access_token: null

2022-03-29 12:42:27 - [TEST_STEP][PASSED] - global_token = private_token: null

2022-03-29 12:42:27 - [TEST_STEP][PASSED] - println("token is :" + global_token): null

2022-03-29 12:42:27 - [TEST_STEP][PASSED] - response_token = token.getResponseText(): null

2022-03-29 12:42:27 - [TEST_STEP][PASSED] - logInfo($response_token): {"fault":{"faultstring":"Access Denied for client ip : 8.29.105.53","detail":{"errorcode":"accesscontrol.IPDeniedAccess"}}}

2022-03-29 12:42:27 - [MESSAGE][INFO] - {"fault":{"faultstring":"Access Denied for client ip : 8.29.105.53","detail":{"errorcode":"accesscontrol.IPDeniedAccess"}}}

2022-03-29 12:42:27 - [TEST_STEP][PASSED] - feedback = sendRequest(findTestObject("4. Feedback-ins", ["s_key":global_token, "batchid":batchid, "norek":norek, "nopin":nopin, "custname":custname, "pemohon":pemohon, "branchid":branchid, ... ])): Send request successfully

2022-03-29 12:42:28 - [MESSAGE][INFO] - HAR: I:\app-testing\app-project\Order car insurance\order-car-insurance\Reports\20220329_124138\3. Get feedback insurance - Batch 1\20220329_124139\requests\main\35.har

2022-03-29 12:42:28 - [MESSAGE][PASSED] - Send request successfully

2022-03-29 12:42:28 - [TEST_STEP][PASSED] - response_feedback = feedback.getResponseText(): null

2022-03-29 12:42:28 - [TEST_STEP][PASSED] - markPassed("result feedback data : " + no + " norek : " + norek + " nopin : " + nopin): result feedback data : 64 norek : 1450008853 nopin : 001

2022-03-29 12:42:28 - [MESSAGE][PASSED] - result feedback data : 64 norek : 1450008853 nopin : 001

2022-03-29 12:42:28 - [TEST_STEP][PASSED] - logInfo($response_feedback): {
  "FeedbackCarInsuranceResponse" : {
    "errorCode" : "00",
    "errorMessage" : "Sukses"
  }
}

2022-03-29 12:42:28 - [MESSAGE][INFO] - {
  "FeedbackCarInsuranceResponse" : {
    "errorCode" : "00",
    "errorMessage" : "Sukses"
  }
}

2022-03-29 12:42:28 - [TEST_STEP][PASSED] - verifyElementPropertyValue(feedback, "FeedbackCarInsuranceResponse.errorMessage", "Sukses", CONTINUE_ON_FAILURE): Verify element property value successfully

2022-03-29 12:42:28 - [MESSAGE][PASSED] - Verify element property value successfully]]></system-out>
         <system-err><![CDATA[]]></system-err>
      </testcase>
      <testcase name="Test Cases/3. get token - feedback insurance" time="1.942" classname="Test Cases/3. get token - feedback insurance" status="PASSED">
         <system-out><![CDATA[2022-03-29 12:42:28 - [TEST_CASE][PASSED] - Test Cases/3. get token - feedback insurance: Test Cases/3. get token - feedback insurance

2022-03-29 12:42:28 - [TEST_STEP][PASSED] - token = sendRequest(findTestObject("1. Get-Token")): Send request successfully

2022-03-29 12:42:29 - [MESSAGE][INFO] - HAR: I:\app-testing\app-project\Order car insurance\order-car-insurance\Reports\20220329_124138\3. Get feedback insurance - Batch 1\20220329_124139\requests\main\36.har

2022-03-29 12:42:29 - [MESSAGE][PASSED] - Send request successfully

2022-03-29 12:42:29 - [TEST_STEP][PASSED] - slurper = new groovy.json.JsonSlurper(): null

2022-03-29 12:42:29 - [TEST_STEP][PASSED] - get_token = slurper.parseText(token.getResponseBodyContent()): null

2022-03-29 12:42:29 - [TEST_STEP][PASSED] - private_token = access_token: null

2022-03-29 12:42:29 - [TEST_STEP][PASSED] - global_token = private_token: null

2022-03-29 12:42:29 - [TEST_STEP][PASSED] - println("token is :" + global_token): null

2022-03-29 12:42:29 - [TEST_STEP][PASSED] - response_token = token.getResponseText(): null

2022-03-29 12:42:29 - [TEST_STEP][PASSED] - logInfo($response_token): {"fault":{"faultstring":"Access Denied for client ip : 8.29.105.53","detail":{"errorcode":"accesscontrol.IPDeniedAccess"}}}

2022-03-29 12:42:29 - [MESSAGE][INFO] - {"fault":{"faultstring":"Access Denied for client ip : 8.29.105.53","detail":{"errorcode":"accesscontrol.IPDeniedAccess"}}}

2022-03-29 12:42:29 - [TEST_STEP][PASSED] - feedback = sendRequest(findTestObject("4. Feedback-ins", ["s_key":global_token, "batchid":batchid, "norek":norek, "nopin":nopin, "custname":custname, "pemohon":pemohon, "branchid":branchid, ... ])): Send request successfully

2022-03-29 12:42:30 - [MESSAGE][INFO] - HAR: I:\app-testing\app-project\Order car insurance\order-car-insurance\Reports\20220329_124138\3. Get feedback insurance - Batch 1\20220329_124139\requests\main\37.har

2022-03-29 12:42:30 - [MESSAGE][PASSED] - Send request successfully

2022-03-29 12:42:30 - [TEST_STEP][PASSED] - response_feedback = feedback.getResponseText(): null

2022-03-29 12:42:30 - [TEST_STEP][PASSED] - markPassed("result feedback data : " + no + " norek : " + norek + " nopin : " + nopin): result feedback data : 65 norek : 1450008947 nopin : 001

2022-03-29 12:42:30 - [MESSAGE][PASSED] - result feedback data : 65 norek : 1450008947 nopin : 001

2022-03-29 12:42:30 - [TEST_STEP][PASSED] - logInfo($response_feedback): {
  "FeedbackCarInsuranceResponse" : {
    "errorCode" : "00",
    "errorMessage" : "Sukses"
  }
}

2022-03-29 12:42:30 - [MESSAGE][INFO] - {
  "FeedbackCarInsuranceResponse" : {
    "errorCode" : "00",
    "errorMessage" : "Sukses"
  }
}

2022-03-29 12:42:30 - [TEST_STEP][PASSED] - verifyElementPropertyValue(feedback, "FeedbackCarInsuranceResponse.errorMessage", "Sukses", CONTINUE_ON_FAILURE): Verify element property value successfully

2022-03-29 12:42:30 - [MESSAGE][PASSED] - Verify element property value successfully]]></system-out>
         <system-err><![CDATA[]]></system-err>
      </testcase>
      <testcase name="Test Cases/3. get token - feedback insurance" time="1.855" classname="Test Cases/3. get token - feedback insurance" status="PASSED">
         <system-out><![CDATA[2022-03-29 12:42:31 - [TEST_CASE][PASSED] - Test Cases/3. get token - feedback insurance: Test Cases/3. get token - feedback insurance

2022-03-29 12:42:31 - [TEST_STEP][PASSED] - token = sendRequest(findTestObject("1. Get-Token")): Send request successfully

2022-03-29 12:42:31 - [MESSAGE][INFO] - HAR: I:\app-testing\app-project\Order car insurance\order-car-insurance\Reports\20220329_124138\3. Get feedback insurance - Batch 1\20220329_124139\requests\main\38.har

2022-03-29 12:42:31 - [MESSAGE][PASSED] - Send request successfully

2022-03-29 12:42:31 - [TEST_STEP][PASSED] - slurper = new groovy.json.JsonSlurper(): null

2022-03-29 12:42:31 - [TEST_STEP][PASSED] - get_token = slurper.parseText(token.getResponseBodyContent()): null

2022-03-29 12:42:31 - [TEST_STEP][PASSED] - private_token = access_token: null

2022-03-29 12:42:31 - [TEST_STEP][PASSED] - global_token = private_token: null

2022-03-29 12:42:31 - [TEST_STEP][PASSED] - println("token is :" + global_token): null

2022-03-29 12:42:31 - [TEST_STEP][PASSED] - response_token = token.getResponseText(): null

2022-03-29 12:42:31 - [TEST_STEP][PASSED] - logInfo($response_token): {"fault":{"faultstring":"Access Denied for client ip : 8.29.105.53","detail":{"errorcode":"accesscontrol.IPDeniedAccess"}}}

2022-03-29 12:42:31 - [MESSAGE][INFO] - {"fault":{"faultstring":"Access Denied for client ip : 8.29.105.53","detail":{"errorcode":"accesscontrol.IPDeniedAccess"}}}

2022-03-29 12:42:31 - [TEST_STEP][PASSED] - feedback = sendRequest(findTestObject("4. Feedback-ins", ["s_key":global_token, "batchid":batchid, "norek":norek, "nopin":nopin, "custname":custname, "pemohon":pemohon, "branchid":branchid, ... ])): Send request successfully

2022-03-29 12:42:32 - [MESSAGE][INFO] - HAR: I:\app-testing\app-project\Order car insurance\order-car-insurance\Reports\20220329_124138\3. Get feedback insurance - Batch 1\20220329_124139\requests\main\39.har

2022-03-29 12:42:32 - [MESSAGE][PASSED] - Send request successfully

2022-03-29 12:42:32 - [TEST_STEP][PASSED] - response_feedback = feedback.getResponseText(): null

2022-03-29 12:42:32 - [TEST_STEP][PASSED] - markPassed("result feedback data : " + no + " norek : " + norek + " nopin : " + nopin): result feedback data : 66 norek : 1450008947 nopin : 001

2022-03-29 12:42:32 - [MESSAGE][PASSED] - result feedback data : 66 norek : 1450008947 nopin : 001

2022-03-29 12:42:32 - [TEST_STEP][PASSED] - logInfo($response_feedback): {
  "FeedbackCarInsuranceResponse" : {
    "errorCode" : "00",
    "errorMessage" : "Sukses"
  }
}

2022-03-29 12:42:32 - [MESSAGE][INFO] - {
  "FeedbackCarInsuranceResponse" : {
    "errorCode" : "00",
    "errorMessage" : "Sukses"
  }
}

2022-03-29 12:42:32 - [TEST_STEP][PASSED] - verifyElementPropertyValue(feedback, "FeedbackCarInsuranceResponse.errorMessage", "Sukses", CONTINUE_ON_FAILURE): Verify element property value successfully

2022-03-29 12:42:32 - [MESSAGE][PASSED] - Verify element property value successfully]]></system-out>
         <system-err><![CDATA[]]></system-err>
      </testcase>
      <testcase name="Test Cases/3. get token - feedback insurance" time="1.04" classname="Test Cases/3. get token - feedback insurance" status="PASSED">
         <system-out><![CDATA[2022-03-29 12:42:33 - [TEST_CASE][PASSED] - Test Cases/3. get token - feedback insurance: Test Cases/3. get token - feedback insurance

2022-03-29 12:42:33 - [TEST_STEP][PASSED] - token = sendRequest(findTestObject("1. Get-Token")): Send request successfully

2022-03-29 12:42:33 - [MESSAGE][INFO] - HAR: I:\app-testing\app-project\Order car insurance\order-car-insurance\Reports\20220329_124138\3. Get feedback insurance - Batch 1\20220329_124139\requests\main\40.har

2022-03-29 12:42:33 - [MESSAGE][PASSED] - Send request successfully

2022-03-29 12:42:33 - [TEST_STEP][PASSED] - slurper = new groovy.json.JsonSlurper(): null

2022-03-29 12:42:33 - [TEST_STEP][PASSED] - get_token = slurper.parseText(token.getResponseBodyContent()): null

2022-03-29 12:42:33 - [TEST_STEP][PASSED] - private_token = access_token: null

2022-03-29 12:42:33 - [TEST_STEP][PASSED] - global_token = private_token: null

2022-03-29 12:42:33 - [TEST_STEP][PASSED] - println("token is :" + global_token): null

2022-03-29 12:42:33 - [TEST_STEP][PASSED] - response_token = token.getResponseText(): null

2022-03-29 12:42:33 - [TEST_STEP][PASSED] - logInfo($response_token): {"fault":{"faultstring":"Access Denied for client ip : 8.29.105.53","detail":{"errorcode":"accesscontrol.IPDeniedAccess"}}}

2022-03-29 12:42:33 - [MESSAGE][INFO] - {"fault":{"faultstring":"Access Denied for client ip : 8.29.105.53","detail":{"errorcode":"accesscontrol.IPDeniedAccess"}}}

2022-03-29 12:42:33 - [TEST_STEP][PASSED] - feedback = sendRequest(findTestObject("4. Feedback-ins", ["s_key":global_token, "batchid":batchid, "norek":norek, "nopin":nopin, "custname":custname, "pemohon":pemohon, "branchid":branchid, ... ])): Send request successfully

2022-03-29 12:42:34 - [MESSAGE][INFO] - HAR: I:\app-testing\app-project\Order car insurance\order-car-insurance\Reports\20220329_124138\3. Get feedback insurance - Batch 1\20220329_124139\requests\main\41.har

2022-03-29 12:42:34 - [MESSAGE][PASSED] - Send request successfully

2022-03-29 12:42:34 - [TEST_STEP][PASSED] - response_feedback = feedback.getResponseText(): null

2022-03-29 12:42:34 - [TEST_STEP][PASSED] - markPassed("result feedback data : " + no + " norek : " + norek + " nopin : " + nopin): result feedback data : 67 norek : 1450008947 nopin : 001

2022-03-29 12:42:34 - [MESSAGE][PASSED] - result feedback data : 67 norek : 1450008947 nopin : 001

2022-03-29 12:42:34 - [TEST_STEP][PASSED] - logInfo($response_feedback): {
  "FeedbackCarInsuranceResponse" : {
    "errorCode" : "00",
    "errorMessage" : "Sukses"
  }
}

2022-03-29 12:42:34 - [MESSAGE][INFO] - {
  "FeedbackCarInsuranceResponse" : {
    "errorCode" : "00",
    "errorMessage" : "Sukses"
  }
}

2022-03-29 12:42:34 - [TEST_STEP][PASSED] - verifyElementPropertyValue(feedback, "FeedbackCarInsuranceResponse.errorMessage", "Sukses", CONTINUE_ON_FAILURE): Verify element property value successfully

2022-03-29 12:42:34 - [MESSAGE][PASSED] - Verify element property value successfully]]></system-out>
         <system-err><![CDATA[]]></system-err>
      </testcase>
      <testcase name="Test Cases/3. get token - feedback insurance" time="1.221" classname="Test Cases/3. get token - feedback insurance" status="PASSED">
         <system-out><![CDATA[2022-03-29 12:42:34 - [TEST_CASE][PASSED] - Test Cases/3. get token - feedback insurance: Test Cases/3. get token - feedback insurance

2022-03-29 12:42:34 - [TEST_STEP][PASSED] - token = sendRequest(findTestObject("1. Get-Token")): Send request successfully

2022-03-29 12:42:35 - [MESSAGE][INFO] - HAR: I:\app-testing\app-project\Order car insurance\order-car-insurance\Reports\20220329_124138\3. Get feedback insurance - Batch 1\20220329_124139\requests\main\42.har

2022-03-29 12:42:35 - [MESSAGE][PASSED] - Send request successfully

2022-03-29 12:42:35 - [TEST_STEP][PASSED] - slurper = new groovy.json.JsonSlurper(): null

2022-03-29 12:42:35 - [TEST_STEP][PASSED] - get_token = slurper.parseText(token.getResponseBodyContent()): null

2022-03-29 12:42:35 - [TEST_STEP][PASSED] - private_token = access_token: null

2022-03-29 12:42:35 - [TEST_STEP][PASSED] - global_token = private_token: null

2022-03-29 12:42:35 - [TEST_STEP][PASSED] - println("token is :" + global_token): null

2022-03-29 12:42:35 - [TEST_STEP][PASSED] - response_token = token.getResponseText(): null

2022-03-29 12:42:35 - [TEST_STEP][PASSED] - logInfo($response_token): {"fault":{"faultstring":"Access Denied for client ip : 8.29.105.53","detail":{"errorcode":"accesscontrol.IPDeniedAccess"}}}

2022-03-29 12:42:35 - [MESSAGE][INFO] - {"fault":{"faultstring":"Access Denied for client ip : 8.29.105.53","detail":{"errorcode":"accesscontrol.IPDeniedAccess"}}}

2022-03-29 12:42:35 - [TEST_STEP][PASSED] - feedback = sendRequest(findTestObject("4. Feedback-ins", ["s_key":global_token, "batchid":batchid, "norek":norek, "nopin":nopin, "custname":custname, "pemohon":pemohon, "branchid":branchid, ... ])): Send request successfully

2022-03-29 12:42:35 - [MESSAGE][INFO] - HAR: I:\app-testing\app-project\Order car insurance\order-car-insurance\Reports\20220329_124138\3. Get feedback insurance - Batch 1\20220329_124139\requests\main\43.har

2022-03-29 12:42:35 - [MESSAGE][PASSED] - Send request successfully

2022-03-29 12:42:35 - [TEST_STEP][PASSED] - response_feedback = feedback.getResponseText(): null

2022-03-29 12:42:35 - [TEST_STEP][PASSED] - markPassed("result feedback data : " + no + " norek : " + norek + " nopin : " + nopin): result feedback data : 68 norek : 1450008947 nopin : 001

2022-03-29 12:42:35 - [MESSAGE][PASSED] - result feedback data : 68 norek : 1450008947 nopin : 001

2022-03-29 12:42:35 - [TEST_STEP][PASSED] - logInfo($response_feedback): {
  "FeedbackCarInsuranceResponse" : {
    "errorCode" : "00",
    "errorMessage" : "Sukses"
  }
}

2022-03-29 12:42:35 - [MESSAGE][INFO] - {
  "FeedbackCarInsuranceResponse" : {
    "errorCode" : "00",
    "errorMessage" : "Sukses"
  }
}

2022-03-29 12:42:35 - [TEST_STEP][PASSED] - verifyElementPropertyValue(feedback, "FeedbackCarInsuranceResponse.errorMessage", "Sukses", CONTINUE_ON_FAILURE): Verify element property value successfully

2022-03-29 12:42:35 - [MESSAGE][PASSED] - Verify element property value successfully]]></system-out>
         <system-err><![CDATA[]]></system-err>
      </testcase>
      <testcase name="Test Cases/3. get token - feedback insurance" time="1.009" classname="Test Cases/3. get token - feedback insurance" status="PASSED">
         <system-out><![CDATA[2022-03-29 12:42:36 - [TEST_CASE][PASSED] - Test Cases/3. get token - feedback insurance: Test Cases/3. get token - feedback insurance

2022-03-29 12:42:36 - [TEST_STEP][PASSED] - token = sendRequest(findTestObject("1. Get-Token")): Send request successfully

2022-03-29 12:42:36 - [MESSAGE][INFO] - HAR: I:\app-testing\app-project\Order car insurance\order-car-insurance\Reports\20220329_124138\3. Get feedback insurance - Batch 1\20220329_124139\requests\main\44.har

2022-03-29 12:42:36 - [MESSAGE][PASSED] - Send request successfully

2022-03-29 12:42:36 - [TEST_STEP][PASSED] - slurper = new groovy.json.JsonSlurper(): null

2022-03-29 12:42:36 - [TEST_STEP][PASSED] - get_token = slurper.parseText(token.getResponseBodyContent()): null

2022-03-29 12:42:36 - [TEST_STEP][PASSED] - private_token = access_token: null

2022-03-29 12:42:36 - [TEST_STEP][PASSED] - global_token = private_token: null

2022-03-29 12:42:36 - [TEST_STEP][PASSED] - println("token is :" + global_token): null

2022-03-29 12:42:36 - [TEST_STEP][PASSED] - response_token = token.getResponseText(): null

2022-03-29 12:42:36 - [TEST_STEP][PASSED] - logInfo($response_token): {"fault":{"faultstring":"Access Denied for client ip : 8.29.105.53","detail":{"errorcode":"accesscontrol.IPDeniedAccess"}}}

2022-03-29 12:42:36 - [MESSAGE][INFO] - {"fault":{"faultstring":"Access Denied for client ip : 8.29.105.53","detail":{"errorcode":"accesscontrol.IPDeniedAccess"}}}

2022-03-29 12:42:36 - [TEST_STEP][PASSED] - feedback = sendRequest(findTestObject("4. Feedback-ins", ["s_key":global_token, "batchid":batchid, "norek":norek, "nopin":nopin, "custname":custname, "pemohon":pemohon, "branchid":branchid, ... ])): Send request successfully

2022-03-29 12:42:37 - [MESSAGE][INFO] - HAR: I:\app-testing\app-project\Order car insurance\order-car-insurance\Reports\20220329_124138\3. Get feedback insurance - Batch 1\20220329_124139\requests\main\45.har

2022-03-29 12:42:37 - [MESSAGE][PASSED] - Send request successfully

2022-03-29 12:42:37 - [TEST_STEP][PASSED] - response_feedback = feedback.getResponseText(): null

2022-03-29 12:42:37 - [TEST_STEP][PASSED] - markPassed("result feedback data : " + no + " norek : " + norek + " nopin : " + nopin): result feedback data : 69 norek : 1450008947 nopin : 001

2022-03-29 12:42:37 - [MESSAGE][PASSED] - result feedback data : 69 norek : 1450008947 nopin : 001

2022-03-29 12:42:37 - [TEST_STEP][PASSED] - logInfo($response_feedback): {
  "FeedbackCarInsuranceResponse" : {
    "errorCode" : "00",
    "errorMessage" : "Sukses"
  }
}

2022-03-29 12:42:37 - [MESSAGE][INFO] - {
  "FeedbackCarInsuranceResponse" : {
    "errorCode" : "00",
    "errorMessage" : "Sukses"
  }
}

2022-03-29 12:42:37 - [TEST_STEP][PASSED] - verifyElementPropertyValue(feedback, "FeedbackCarInsuranceResponse.errorMessage", "Sukses", CONTINUE_ON_FAILURE): Verify element property value successfully

2022-03-29 12:42:37 - [MESSAGE][PASSED] - Verify element property value successfully]]></system-out>
         <system-err><![CDATA[]]></system-err>
      </testcase>
      <testcase name="Test Cases/3. get token - feedback insurance" time="1.283" classname="Test Cases/3. get token - feedback insurance" status="PASSED">
         <system-out><![CDATA[2022-03-29 12:42:37 - [TEST_CASE][PASSED] - Test Cases/3. get token - feedback insurance: Test Cases/3. get token - feedback insurance

2022-03-29 12:42:37 - [TEST_STEP][PASSED] - token = sendRequest(findTestObject("1. Get-Token")): Send request successfully

2022-03-29 12:42:38 - [MESSAGE][INFO] - HAR: I:\app-testing\app-project\Order car insurance\order-car-insurance\Reports\20220329_124138\3. Get feedback insurance - Batch 1\20220329_124139\requests\main\46.har

2022-03-29 12:42:38 - [MESSAGE][PASSED] - Send request successfully

2022-03-29 12:42:38 - [TEST_STEP][PASSED] - slurper = new groovy.json.JsonSlurper(): null

2022-03-29 12:42:38 - [TEST_STEP][PASSED] - get_token = slurper.parseText(token.getResponseBodyContent()): null

2022-03-29 12:42:38 - [TEST_STEP][PASSED] - private_token = access_token: null

2022-03-29 12:42:38 - [TEST_STEP][PASSED] - global_token = private_token: null

2022-03-29 12:42:38 - [TEST_STEP][PASSED] - println("token is :" + global_token): null

2022-03-29 12:42:38 - [TEST_STEP][PASSED] - response_token = token.getResponseText(): null

2022-03-29 12:42:38 - [TEST_STEP][PASSED] - logInfo($response_token): {"fault":{"faultstring":"Access Denied for client ip : 8.29.105.53","detail":{"errorcode":"accesscontrol.IPDeniedAccess"}}}

2022-03-29 12:42:38 - [MESSAGE][INFO] - {"fault":{"faultstring":"Access Denied for client ip : 8.29.105.53","detail":{"errorcode":"accesscontrol.IPDeniedAccess"}}}

2022-03-29 12:42:38 - [TEST_STEP][PASSED] - feedback = sendRequest(findTestObject("4. Feedback-ins", ["s_key":global_token, "batchid":batchid, "norek":norek, "nopin":nopin, "custname":custname, "pemohon":pemohon, "branchid":branchid, ... ])): Send request successfully

2022-03-29 12:42:38 - [MESSAGE][INFO] - HAR: I:\app-testing\app-project\Order car insurance\order-car-insurance\Reports\20220329_124138\3. Get feedback insurance - Batch 1\20220329_124139\requests\main\47.har

2022-03-29 12:42:38 - [MESSAGE][PASSED] - Send request successfully

2022-03-29 12:42:38 - [TEST_STEP][PASSED] - response_feedback = feedback.getResponseText(): null

2022-03-29 12:42:38 - [TEST_STEP][PASSED] - markPassed("result feedback data : " + no + " norek : " + norek + " nopin : " + nopin): result feedback data : 70 norek : 1450008947 nopin : 001

2022-03-29 12:42:38 - [MESSAGE][PASSED] - result feedback data : 70 norek : 1450008947 nopin : 001

2022-03-29 12:42:38 - [TEST_STEP][PASSED] - logInfo($response_feedback): {
  "FeedbackCarInsuranceResponse" : {
    "errorCode" : "00",
    "errorMessage" : "Sukses"
  }
}

2022-03-29 12:42:38 - [MESSAGE][INFO] - {
  "FeedbackCarInsuranceResponse" : {
    "errorCode" : "00",
    "errorMessage" : "Sukses"
  }
}

2022-03-29 12:42:38 - [TEST_STEP][PASSED] - verifyElementPropertyValue(feedback, "FeedbackCarInsuranceResponse.errorMessage", "Sukses", CONTINUE_ON_FAILURE): Verify element property value successfully

2022-03-29 12:42:38 - [MESSAGE][PASSED] - Verify element property value successfully]]></system-out>
         <system-err><![CDATA[]]></system-err>
      </testcase>
      <testcase name="Test Cases/3. get token - feedback insurance" time="1.64" classname="Test Cases/3. get token - feedback insurance" status="PASSED">
         <system-out><![CDATA[2022-03-29 12:42:39 - [TEST_CASE][PASSED] - Test Cases/3. get token - feedback insurance: Test Cases/3. get token - feedback insurance

2022-03-29 12:42:39 - [TEST_STEP][PASSED] - token = sendRequest(findTestObject("1. Get-Token")): Send request successfully

2022-03-29 12:42:39 - [MESSAGE][INFO] - HAR: I:\app-testing\app-project\Order car insurance\order-car-insurance\Reports\20220329_124138\3. Get feedback insurance - Batch 1\20220329_124139\requests\main\48.har

2022-03-29 12:42:39 - [MESSAGE][PASSED] - Send request successfully

2022-03-29 12:42:39 - [TEST_STEP][PASSED] - slurper = new groovy.json.JsonSlurper(): null

2022-03-29 12:42:39 - [TEST_STEP][PASSED] - get_token = slurper.parseText(token.getResponseBodyContent()): null

2022-03-29 12:42:39 - [TEST_STEP][PASSED] - private_token = access_token: null

2022-03-29 12:42:39 - [TEST_STEP][PASSED] - global_token = private_token: null

2022-03-29 12:42:39 - [TEST_STEP][PASSED] - println("token is :" + global_token): null

2022-03-29 12:42:39 - [TEST_STEP][PASSED] - response_token = token.getResponseText(): null

2022-03-29 12:42:39 - [TEST_STEP][PASSED] - logInfo($response_token): {"fault":{"faultstring":"Access Denied for client ip : 8.29.105.53","detail":{"errorcode":"accesscontrol.IPDeniedAccess"}}}

2022-03-29 12:42:39 - [MESSAGE][INFO] - {"fault":{"faultstring":"Access Denied for client ip : 8.29.105.53","detail":{"errorcode":"accesscontrol.IPDeniedAccess"}}}

2022-03-29 12:42:39 - [TEST_STEP][PASSED] - feedback = sendRequest(findTestObject("4. Feedback-ins", ["s_key":global_token, "batchid":batchid, "norek":norek, "nopin":nopin, "custname":custname, "pemohon":pemohon, "branchid":branchid, ... ])): Send request successfully

2022-03-29 12:42:40 - [MESSAGE][INFO] - HAR: I:\app-testing\app-project\Order car insurance\order-car-insurance\Reports\20220329_124138\3. Get feedback insurance - Batch 1\20220329_124139\requests\main\49.har

2022-03-29 12:42:40 - [MESSAGE][PASSED] - Send request successfully

2022-03-29 12:42:40 - [TEST_STEP][PASSED] - response_feedback = feedback.getResponseText(): null

2022-03-29 12:42:40 - [TEST_STEP][PASSED] - markPassed("result feedback data : " + no + " norek : " + norek + " nopin : " + nopin): result feedback data : 71 norek : 1450008947 nopin : 001

2022-03-29 12:42:40 - [MESSAGE][PASSED] - result feedback data : 71 norek : 1450008947 nopin : 001

2022-03-29 12:42:40 - [TEST_STEP][PASSED] - logInfo($response_feedback): {
  "FeedbackCarInsuranceResponse" : {
    "errorCode" : "00",
    "errorMessage" : "Sukses"
  }
}

2022-03-29 12:42:40 - [MESSAGE][INFO] - {
  "FeedbackCarInsuranceResponse" : {
    "errorCode" : "00",
    "errorMessage" : "Sukses"
  }
}

2022-03-29 12:42:40 - [TEST_STEP][PASSED] - verifyElementPropertyValue(feedback, "FeedbackCarInsuranceResponse.errorMessage", "Sukses", CONTINUE_ON_FAILURE): Verify element property value successfully

2022-03-29 12:42:40 - [MESSAGE][PASSED] - Verify element property value successfully]]></system-out>
         <system-err><![CDATA[]]></system-err>
      </testcase>
      <testcase name="Test Cases/3. get token - feedback insurance" time="3.293" classname="Test Cases/3. get token - feedback insurance" status="PASSED">
         <system-out><![CDATA[2022-03-29 12:42:41 - [TEST_CASE][PASSED] - Test Cases/3. get token - feedback insurance: Test Cases/3. get token - feedback insurance

2022-03-29 12:42:41 - [TEST_STEP][PASSED] - token = sendRequest(findTestObject("1. Get-Token")): Send request successfully

2022-03-29 12:42:41 - [MESSAGE][INFO] - HAR: I:\app-testing\app-project\Order car insurance\order-car-insurance\Reports\20220329_124138\3. Get feedback insurance - Batch 1\20220329_124139\requests\main\50.har

2022-03-29 12:42:41 - [MESSAGE][PASSED] - Send request successfully

2022-03-29 12:42:41 - [TEST_STEP][PASSED] - slurper = new groovy.json.JsonSlurper(): null

2022-03-29 12:42:41 - [TEST_STEP][PASSED] - get_token = slurper.parseText(token.getResponseBodyContent()): null

2022-03-29 12:42:41 - [TEST_STEP][PASSED] - private_token = access_token: null

2022-03-29 12:42:41 - [TEST_STEP][PASSED] - global_token = private_token: null

2022-03-29 12:42:41 - [TEST_STEP][PASSED] - println("token is :" + global_token): null

2022-03-29 12:42:41 - [TEST_STEP][PASSED] - response_token = token.getResponseText(): null

2022-03-29 12:42:41 - [TEST_STEP][PASSED] - logInfo($response_token): {"fault":{"faultstring":"Access Denied for client ip : 8.29.105.53","detail":{"errorcode":"accesscontrol.IPDeniedAccess"}}}

2022-03-29 12:42:41 - [MESSAGE][INFO] - {"fault":{"faultstring":"Access Denied for client ip : 8.29.105.53","detail":{"errorcode":"accesscontrol.IPDeniedAccess"}}}

2022-03-29 12:42:41 - [TEST_STEP][PASSED] - feedback = sendRequest(findTestObject("4. Feedback-ins", ["s_key":global_token, "batchid":batchid, "norek":norek, "nopin":nopin, "custname":custname, "pemohon":pemohon, "branchid":branchid, ... ])): Send request successfully

2022-03-29 12:42:44 - [MESSAGE][INFO] - HAR: I:\app-testing\app-project\Order car insurance\order-car-insurance\Reports\20220329_124138\3. Get feedback insurance - Batch 1\20220329_124139\requests\main\51.har

2022-03-29 12:42:44 - [MESSAGE][PASSED] - Send request successfully

2022-03-29 12:42:44 - [TEST_STEP][PASSED] - response_feedback = feedback.getResponseText(): null

2022-03-29 12:42:44 - [TEST_STEP][PASSED] - markPassed("result feedback data : " + no + " norek : " + norek + " nopin : " + nopin): result feedback data : 72 norek : 1450008947 nopin : 001

2022-03-29 12:42:44 - [MESSAGE][PASSED] - result feedback data : 72 norek : 1450008947 nopin : 001

2022-03-29 12:42:44 - [TEST_STEP][PASSED] - logInfo($response_feedback): {
  "FeedbackCarInsuranceResponse" : {
    "errorCode" : "00",
    "errorMessage" : "Sukses"
  }
}

2022-03-29 12:42:44 - [MESSAGE][INFO] - {
  "FeedbackCarInsuranceResponse" : {
    "errorCode" : "00",
    "errorMessage" : "Sukses"
  }
}

2022-03-29 12:42:44 - [TEST_STEP][PASSED] - verifyElementPropertyValue(feedback, "FeedbackCarInsuranceResponse.errorMessage", "Sukses", CONTINUE_ON_FAILURE): Verify element property value successfully

2022-03-29 12:42:44 - [MESSAGE][PASSED] - Verify element property value successfully]]></system-out>
         <system-err><![CDATA[]]></system-err>
      </testcase>
      <testcase name="Test Cases/3. get token - feedback insurance" time="2.229" classname="Test Cases/3. get token - feedback insurance" status="PASSED">
         <system-out><![CDATA[2022-03-29 12:42:44 - [TEST_CASE][PASSED] - Test Cases/3. get token - feedback insurance: Test Cases/3. get token - feedback insurance

2022-03-29 12:42:45 - [TEST_STEP][PASSED] - token = sendRequest(findTestObject("1. Get-Token")): Send request successfully

2022-03-29 12:42:45 - [MESSAGE][INFO] - HAR: I:\app-testing\app-project\Order car insurance\order-car-insurance\Reports\20220329_124138\3. Get feedback insurance - Batch 1\20220329_124139\requests\main\52.har

2022-03-29 12:42:45 - [MESSAGE][PASSED] - Send request successfully

2022-03-29 12:42:45 - [TEST_STEP][PASSED] - slurper = new groovy.json.JsonSlurper(): null

2022-03-29 12:42:45 - [TEST_STEP][PASSED] - get_token = slurper.parseText(token.getResponseBodyContent()): null

2022-03-29 12:42:45 - [TEST_STEP][PASSED] - private_token = access_token: null

2022-03-29 12:42:45 - [TEST_STEP][PASSED] - global_token = private_token: null

2022-03-29 12:42:45 - [TEST_STEP][PASSED] - println("token is :" + global_token): null

2022-03-29 12:42:45 - [TEST_STEP][PASSED] - response_token = token.getResponseText(): null

2022-03-29 12:42:45 - [TEST_STEP][PASSED] - logInfo($response_token): {"fault":{"faultstring":"Access Denied for client ip : 8.29.105.53","detail":{"errorcode":"accesscontrol.IPDeniedAccess"}}}

2022-03-29 12:42:45 - [MESSAGE][INFO] - {"fault":{"faultstring":"Access Denied for client ip : 8.29.105.53","detail":{"errorcode":"accesscontrol.IPDeniedAccess"}}}

2022-03-29 12:42:45 - [TEST_STEP][PASSED] - feedback = sendRequest(findTestObject("4. Feedback-ins", ["s_key":global_token, "batchid":batchid, "norek":norek, "nopin":nopin, "custname":custname, "pemohon":pemohon, "branchid":branchid, ... ])): Send request successfully

2022-03-29 12:42:47 - [MESSAGE][INFO] - HAR: I:\app-testing\app-project\Order car insurance\order-car-insurance\Reports\20220329_124138\3. Get feedback insurance - Batch 1\20220329_124139\requests\main\53.har

2022-03-29 12:42:47 - [MESSAGE][PASSED] - Send request successfully

2022-03-29 12:42:47 - [TEST_STEP][PASSED] - response_feedback = feedback.getResponseText(): null

2022-03-29 12:42:47 - [TEST_STEP][PASSED] - markPassed("result feedback data : " + no + " norek : " + norek + " nopin : " + nopin): result feedback data : 73 norek : 1450008999 nopin : 001

2022-03-29 12:42:47 - [MESSAGE][PASSED] - result feedback data : 73 norek : 1450008999 nopin : 001

2022-03-29 12:42:47 - [TEST_STEP][PASSED] - logInfo($response_feedback): {
  "FeedbackCarInsuranceResponse" : {
    "errorCode" : "00",
    "errorMessage" : "Sukses"
  }
}

2022-03-29 12:42:47 - [MESSAGE][INFO] - {
  "FeedbackCarInsuranceResponse" : {
    "errorCode" : "00",
    "errorMessage" : "Sukses"
  }
}

2022-03-29 12:42:47 - [TEST_STEP][PASSED] - verifyElementPropertyValue(feedback, "FeedbackCarInsuranceResponse.errorMessage", "Sukses", CONTINUE_ON_FAILURE): Verify element property value successfully

2022-03-29 12:42:47 - [MESSAGE][PASSED] - Verify element property value successfully]]></system-out>
         <system-err><![CDATA[]]></system-err>
      </testcase>
      <testcase name="Test Cases/3. get token - feedback insurance" time="4.04" classname="Test Cases/3. get token - feedback insurance" status="PASSED">
         <system-out><![CDATA[2022-03-29 12:42:47 - [TEST_CASE][PASSED] - Test Cases/3. get token - feedback insurance: Test Cases/3. get token - feedback insurance

2022-03-29 12:42:47 - [TEST_STEP][PASSED] - token = sendRequest(findTestObject("1. Get-Token")): Send request successfully

2022-03-29 12:42:48 - [MESSAGE][INFO] - HAR: I:\app-testing\app-project\Order car insurance\order-car-insurance\Reports\20220329_124138\3. Get feedback insurance - Batch 1\20220329_124139\requests\main\54.har

2022-03-29 12:42:48 - [MESSAGE][PASSED] - Send request successfully

2022-03-29 12:42:48 - [TEST_STEP][PASSED] - slurper = new groovy.json.JsonSlurper(): null

2022-03-29 12:42:48 - [TEST_STEP][PASSED] - get_token = slurper.parseText(token.getResponseBodyContent()): null

2022-03-29 12:42:48 - [TEST_STEP][PASSED] - private_token = access_token: null

2022-03-29 12:42:48 - [TEST_STEP][PASSED] - global_token = private_token: null

2022-03-29 12:42:48 - [TEST_STEP][PASSED] - println("token is :" + global_token): null

2022-03-29 12:42:48 - [TEST_STEP][PASSED] - response_token = token.getResponseText(): null

2022-03-29 12:42:48 - [TEST_STEP][PASSED] - logInfo($response_token): {"fault":{"faultstring":"Access Denied for client ip : 8.29.105.53","detail":{"errorcode":"accesscontrol.IPDeniedAccess"}}}

2022-03-29 12:42:48 - [MESSAGE][INFO] - {"fault":{"faultstring":"Access Denied for client ip : 8.29.105.53","detail":{"errorcode":"accesscontrol.IPDeniedAccess"}}}

2022-03-29 12:42:48 - [TEST_STEP][PASSED] - feedback = sendRequest(findTestObject("4. Feedback-ins", ["s_key":global_token, "batchid":batchid, "norek":norek, "nopin":nopin, "custname":custname, "pemohon":pemohon, "branchid":branchid, ... ])): Send request successfully

2022-03-29 12:42:51 - [MESSAGE][INFO] - HAR: I:\app-testing\app-project\Order car insurance\order-car-insurance\Reports\20220329_124138\3. Get feedback insurance - Batch 1\20220329_124139\requests\main\55.har

2022-03-29 12:42:51 - [MESSAGE][PASSED] - Send request successfully

2022-03-29 12:42:51 - [TEST_STEP][PASSED] - response_feedback = feedback.getResponseText(): null

2022-03-29 12:42:51 - [TEST_STEP][PASSED] - markPassed("result feedback data : " + no + " norek : " + norek + " nopin : " + nopin): result feedback data : 74 norek : 1450008999 nopin : 001

2022-03-29 12:42:51 - [MESSAGE][PASSED] - result feedback data : 74 norek : 1450008999 nopin : 001

2022-03-29 12:42:51 - [TEST_STEP][PASSED] - logInfo($response_feedback): {
  "FeedbackCarInsuranceResponse" : {
    "errorCode" : "00",
    "errorMessage" : "Sukses"
  }
}

2022-03-29 12:42:51 - [MESSAGE][INFO] - {
  "FeedbackCarInsuranceResponse" : {
    "errorCode" : "00",
    "errorMessage" : "Sukses"
  }
}

2022-03-29 12:42:51 - [TEST_STEP][PASSED] - verifyElementPropertyValue(feedback, "FeedbackCarInsuranceResponse.errorMessage", "Sukses", CONTINUE_ON_FAILURE): Verify element property value successfully

2022-03-29 12:42:51 - [MESSAGE][PASSED] - Verify element property value successfully]]></system-out>
         <system-err><![CDATA[]]></system-err>
      </testcase>
      <testcase name="Test Cases/3. get token - feedback insurance" time="1.496" classname="Test Cases/3. get token - feedback insurance" status="PASSED">
         <system-out><![CDATA[2022-03-29 12:42:51 - [TEST_CASE][PASSED] - Test Cases/3. get token - feedback insurance: Test Cases/3. get token - feedback insurance

2022-03-29 12:42:52 - [TEST_STEP][PASSED] - token = sendRequest(findTestObject("1. Get-Token")): Send request successfully

2022-03-29 12:42:52 - [MESSAGE][INFO] - HAR: I:\app-testing\app-project\Order car insurance\order-car-insurance\Reports\20220329_124138\3. Get feedback insurance - Batch 1\20220329_124139\requests\main\56.har

2022-03-29 12:42:52 - [MESSAGE][PASSED] - Send request successfully

2022-03-29 12:42:52 - [TEST_STEP][PASSED] - slurper = new groovy.json.JsonSlurper(): null

2022-03-29 12:42:52 - [TEST_STEP][PASSED] - get_token = slurper.parseText(token.getResponseBodyContent()): null

2022-03-29 12:42:52 - [TEST_STEP][PASSED] - private_token = access_token: null

2022-03-29 12:42:52 - [TEST_STEP][PASSED] - global_token = private_token: null

2022-03-29 12:42:52 - [TEST_STEP][PASSED] - println("token is :" + global_token): null

2022-03-29 12:42:52 - [TEST_STEP][PASSED] - response_token = token.getResponseText(): null

2022-03-29 12:42:52 - [TEST_STEP][PASSED] - logInfo($response_token): {"fault":{"faultstring":"Access Denied for client ip : 8.29.105.53","detail":{"errorcode":"accesscontrol.IPDeniedAccess"}}}

2022-03-29 12:42:52 - [MESSAGE][INFO] - {"fault":{"faultstring":"Access Denied for client ip : 8.29.105.53","detail":{"errorcode":"accesscontrol.IPDeniedAccess"}}}

2022-03-29 12:42:52 - [TEST_STEP][PASSED] - feedback = sendRequest(findTestObject("4. Feedback-ins", ["s_key":global_token, "batchid":batchid, "norek":norek, "nopin":nopin, "custname":custname, "pemohon":pemohon, "branchid":branchid, ... ])): Send request successfully

2022-03-29 12:42:53 - [MESSAGE][INFO] - HAR: I:\app-testing\app-project\Order car insurance\order-car-insurance\Reports\20220329_124138\3. Get feedback insurance - Batch 1\20220329_124139\requests\main\57.har

2022-03-29 12:42:53 - [MESSAGE][PASSED] - Send request successfully

2022-03-29 12:42:53 - [TEST_STEP][PASSED] - response_feedback = feedback.getResponseText(): null

2022-03-29 12:42:53 - [TEST_STEP][PASSED] - markPassed("result feedback data : " + no + " norek : " + norek + " nopin : " + nopin): result feedback data : 75 norek : 1450008999 nopin : 001

2022-03-29 12:42:53 - [MESSAGE][PASSED] - result feedback data : 75 norek : 1450008999 nopin : 001

2022-03-29 12:42:53 - [TEST_STEP][PASSED] - logInfo($response_feedback): {
  "FeedbackCarInsuranceResponse" : {
    "errorCode" : "00",
    "errorMessage" : "Sukses"
  }
}

2022-03-29 12:42:53 - [MESSAGE][INFO] - {
  "FeedbackCarInsuranceResponse" : {
    "errorCode" : "00",
    "errorMessage" : "Sukses"
  }
}

2022-03-29 12:42:53 - [TEST_STEP][PASSED] - verifyElementPropertyValue(feedback, "FeedbackCarInsuranceResponse.errorMessage", "Sukses", CONTINUE_ON_FAILURE): Verify element property value successfully

2022-03-29 12:42:53 - [MESSAGE][PASSED] - Verify element property value successfully]]></system-out>
         <system-err><![CDATA[]]></system-err>
      </testcase>
      <testcase name="Test Cases/3. get token - feedback insurance" time="1.507" classname="Test Cases/3. get token - feedback insurance" status="PASSED">
         <system-out><![CDATA[2022-03-29 12:42:53 - [TEST_CASE][PASSED] - Test Cases/3. get token - feedback insurance: Test Cases/3. get token - feedback insurance

2022-03-29 12:42:53 - [TEST_STEP][PASSED] - token = sendRequest(findTestObject("1. Get-Token")): Send request successfully

2022-03-29 12:42:54 - [MESSAGE][INFO] - HAR: I:\app-testing\app-project\Order car insurance\order-car-insurance\Reports\20220329_124138\3. Get feedback insurance - Batch 1\20220329_124139\requests\main\58.har

2022-03-29 12:42:54 - [MESSAGE][PASSED] - Send request successfully

2022-03-29 12:42:54 - [TEST_STEP][PASSED] - slurper = new groovy.json.JsonSlurper(): null

2022-03-29 12:42:54 - [TEST_STEP][PASSED] - get_token = slurper.parseText(token.getResponseBodyContent()): null

2022-03-29 12:42:54 - [TEST_STEP][PASSED] - private_token = access_token: null

2022-03-29 12:42:54 - [TEST_STEP][PASSED] - global_token = private_token: null

2022-03-29 12:42:54 - [TEST_STEP][PASSED] - println("token is :" + global_token): null

2022-03-29 12:42:54 - [TEST_STEP][PASSED] - response_token = token.getResponseText(): null

2022-03-29 12:42:54 - [TEST_STEP][PASSED] - logInfo($response_token): {"fault":{"faultstring":"Access Denied for client ip : 8.29.105.53","detail":{"errorcode":"accesscontrol.IPDeniedAccess"}}}

2022-03-29 12:42:54 - [MESSAGE][INFO] - {"fault":{"faultstring":"Access Denied for client ip : 8.29.105.53","detail":{"errorcode":"accesscontrol.IPDeniedAccess"}}}

2022-03-29 12:42:54 - [TEST_STEP][PASSED] - feedback = sendRequest(findTestObject("4. Feedback-ins", ["s_key":global_token, "batchid":batchid, "norek":norek, "nopin":nopin, "custname":custname, "pemohon":pemohon, "branchid":branchid, ... ])): Send request successfully

2022-03-29 12:42:55 - [MESSAGE][INFO] - HAR: I:\app-testing\app-project\Order car insurance\order-car-insurance\Reports\20220329_124138\3. Get feedback insurance - Batch 1\20220329_124139\requests\main\59.har

2022-03-29 12:42:55 - [MESSAGE][PASSED] - Send request successfully

2022-03-29 12:42:55 - [TEST_STEP][PASSED] - response_feedback = feedback.getResponseText(): null

2022-03-29 12:42:55 - [TEST_STEP][PASSED] - markPassed("result feedback data : " + no + " norek : " + norek + " nopin : " + nopin): result feedback data : 76 norek : 1450008999 nopin : 001

2022-03-29 12:42:55 - [MESSAGE][PASSED] - result feedback data : 76 norek : 1450008999 nopin : 001

2022-03-29 12:42:55 - [TEST_STEP][PASSED] - logInfo($response_feedback): {
  "FeedbackCarInsuranceResponse" : {
    "errorCode" : "00",
    "errorMessage" : "Sukses"
  }
}

2022-03-29 12:42:55 - [MESSAGE][INFO] - {
  "FeedbackCarInsuranceResponse" : {
    "errorCode" : "00",
    "errorMessage" : "Sukses"
  }
}

2022-03-29 12:42:55 - [TEST_STEP][PASSED] - verifyElementPropertyValue(feedback, "FeedbackCarInsuranceResponse.errorMessage", "Sukses", CONTINUE_ON_FAILURE): Verify element property value successfully

2022-03-29 12:42:55 - [MESSAGE][PASSED] - Verify element property value successfully]]></system-out>
         <system-err><![CDATA[]]></system-err>
      </testcase>
      <testcase name="Test Cases/3. get token - feedback insurance" time="2.427" classname="Test Cases/3. get token - feedback insurance" status="PASSED">
         <system-out><![CDATA[2022-03-29 12:42:55 - [TEST_CASE][PASSED] - Test Cases/3. get token - feedback insurance: Test Cases/3. get token - feedback insurance

2022-03-29 12:42:55 - [TEST_STEP][PASSED] - token = sendRequest(findTestObject("1. Get-Token")): Send request successfully

2022-03-29 12:42:56 - [MESSAGE][INFO] - HAR: I:\app-testing\app-project\Order car insurance\order-car-insurance\Reports\20220329_124138\3. Get feedback insurance - Batch 1\20220329_124139\requests\main\60.har

2022-03-29 12:42:56 - [MESSAGE][PASSED] - Send request successfully

2022-03-29 12:42:56 - [TEST_STEP][PASSED] - slurper = new groovy.json.JsonSlurper(): null

2022-03-29 12:42:56 - [TEST_STEP][PASSED] - get_token = slurper.parseText(token.getResponseBodyContent()): null

2022-03-29 12:42:56 - [TEST_STEP][PASSED] - private_token = access_token: null

2022-03-29 12:42:56 - [TEST_STEP][PASSED] - global_token = private_token: null

2022-03-29 12:42:56 - [TEST_STEP][PASSED] - println("token is :" + global_token): null

2022-03-29 12:42:56 - [TEST_STEP][PASSED] - response_token = token.getResponseText(): null

2022-03-29 12:42:56 - [TEST_STEP][PASSED] - logInfo($response_token): {"fault":{"faultstring":"Access Denied for client ip : 8.29.105.53","detail":{"errorcode":"accesscontrol.IPDeniedAccess"}}}

2022-03-29 12:42:56 - [MESSAGE][INFO] - {"fault":{"faultstring":"Access Denied for client ip : 8.29.105.53","detail":{"errorcode":"accesscontrol.IPDeniedAccess"}}}

2022-03-29 12:42:56 - [TEST_STEP][PASSED] - feedback = sendRequest(findTestObject("4. Feedback-ins", ["s_key":global_token, "batchid":batchid, "norek":norek, "nopin":nopin, "custname":custname, "pemohon":pemohon, "branchid":branchid, ... ])): Send request successfully

2022-03-29 12:42:58 - [MESSAGE][INFO] - HAR: I:\app-testing\app-project\Order car insurance\order-car-insurance\Reports\20220329_124138\3. Get feedback insurance - Batch 1\20220329_124139\requests\main\61.har

2022-03-29 12:42:58 - [MESSAGE][PASSED] - Send request successfully

2022-03-29 12:42:58 - [TEST_STEP][PASSED] - response_feedback = feedback.getResponseText(): null

2022-03-29 12:42:58 - [TEST_STEP][PASSED] - markPassed("result feedback data : " + no + " norek : " + norek + " nopin : " + nopin): result feedback data : 77 norek : 1450008999 nopin : 001

2022-03-29 12:42:58 - [MESSAGE][PASSED] - result feedback data : 77 norek : 1450008999 nopin : 001

2022-03-29 12:42:58 - [TEST_STEP][PASSED] - logInfo($response_feedback): {
  "FeedbackCarInsuranceResponse" : {
    "errorCode" : "00",
    "errorMessage" : "Sukses"
  }
}

2022-03-29 12:42:58 - [MESSAGE][INFO] - {
  "FeedbackCarInsuranceResponse" : {
    "errorCode" : "00",
    "errorMessage" : "Sukses"
  }
}

2022-03-29 12:42:58 - [TEST_STEP][PASSED] - verifyElementPropertyValue(feedback, "FeedbackCarInsuranceResponse.errorMessage", "Sukses", CONTINUE_ON_FAILURE): Verify element property value successfully

2022-03-29 12:42:58 - [MESSAGE][PASSED] - Verify element property value successfully]]></system-out>
         <system-err><![CDATA[]]></system-err>
      </testcase>
      <testcase name="Test Cases/3. get token - feedback insurance" time="1.418" classname="Test Cases/3. get token - feedback insurance" status="PASSED">
         <system-out><![CDATA[2022-03-29 12:42:58 - [TEST_CASE][PASSED] - Test Cases/3. get token - feedback insurance: Test Cases/3. get token - feedback insurance

2022-03-29 12:42:58 - [TEST_STEP][PASSED] - token = sendRequest(findTestObject("1. Get-Token")): Send request successfully

2022-03-29 12:42:58 - [MESSAGE][INFO] - HAR: I:\app-testing\app-project\Order car insurance\order-car-insurance\Reports\20220329_124138\3. Get feedback insurance - Batch 1\20220329_124139\requests\main\62.har

2022-03-29 12:42:58 - [MESSAGE][PASSED] - Send request successfully

2022-03-29 12:42:58 - [TEST_STEP][PASSED] - slurper = new groovy.json.JsonSlurper(): null

2022-03-29 12:42:58 - [TEST_STEP][PASSED] - get_token = slurper.parseText(token.getResponseBodyContent()): null

2022-03-29 12:42:58 - [TEST_STEP][PASSED] - private_token = access_token: null

2022-03-29 12:42:58 - [TEST_STEP][PASSED] - global_token = private_token: null

2022-03-29 12:42:58 - [TEST_STEP][PASSED] - println("token is :" + global_token): null

2022-03-29 12:42:58 - [TEST_STEP][PASSED] - response_token = token.getResponseText(): null

2022-03-29 12:42:58 - [TEST_STEP][PASSED] - logInfo($response_token): {"fault":{"faultstring":"Access Denied for client ip : 8.29.105.53","detail":{"errorcode":"accesscontrol.IPDeniedAccess"}}}

2022-03-29 12:42:58 - [MESSAGE][INFO] - {"fault":{"faultstring":"Access Denied for client ip : 8.29.105.53","detail":{"errorcode":"accesscontrol.IPDeniedAccess"}}}

2022-03-29 12:42:58 - [TEST_STEP][PASSED] - feedback = sendRequest(findTestObject("4. Feedback-ins", ["s_key":global_token, "batchid":batchid, "norek":norek, "nopin":nopin, "custname":custname, "pemohon":pemohon, "branchid":branchid, ... ])): Send request successfully

2022-03-29 12:42:59 - [MESSAGE][INFO] - HAR: I:\app-testing\app-project\Order car insurance\order-car-insurance\Reports\20220329_124138\3. Get feedback insurance - Batch 1\20220329_124139\requests\main\63.har

2022-03-29 12:42:59 - [MESSAGE][PASSED] - Send request successfully

2022-03-29 12:42:59 - [TEST_STEP][PASSED] - response_feedback = feedback.getResponseText(): null

2022-03-29 12:42:59 - [TEST_STEP][PASSED] - markPassed("result feedback data : " + no + " norek : " + norek + " nopin : " + nopin): result feedback data : 78 norek : 1450008999 nopin : 001

2022-03-29 12:42:59 - [MESSAGE][PASSED] - result feedback data : 78 norek : 1450008999 nopin : 001

2022-03-29 12:42:59 - [TEST_STEP][PASSED] - logInfo($response_feedback): {
  "FeedbackCarInsuranceResponse" : {
    "errorCode" : "00",
    "errorMessage" : "Sukses"
  }
}

2022-03-29 12:42:59 - [MESSAGE][INFO] - {
  "FeedbackCarInsuranceResponse" : {
    "errorCode" : "00",
    "errorMessage" : "Sukses"
  }
}

2022-03-29 12:42:59 - [TEST_STEP][PASSED] - verifyElementPropertyValue(feedback, "FeedbackCarInsuranceResponse.errorMessage", "Sukses", CONTINUE_ON_FAILURE): Verify element property value successfully

2022-03-29 12:42:59 - [MESSAGE][PASSED] - Verify element property value successfully]]></system-out>
         <system-err><![CDATA[]]></system-err>
      </testcase>
      <testcase name="Test Cases/3. get token - feedback insurance" time="1.43" classname="Test Cases/3. get token - feedback insurance" status="PASSED">
         <system-out><![CDATA[2022-03-29 12:43:00 - [TEST_CASE][PASSED] - Test Cases/3. get token - feedback insurance: Test Cases/3. get token - feedback insurance

2022-03-29 12:43:00 - [TEST_STEP][PASSED] - token = sendRequest(findTestObject("1. Get-Token")): Send request successfully

2022-03-29 12:43:00 - [MESSAGE][INFO] - HAR: I:\app-testing\app-project\Order car insurance\order-car-insurance\Reports\20220329_124138\3. Get feedback insurance - Batch 1\20220329_124139\requests\main\64.har

2022-03-29 12:43:00 - [MESSAGE][PASSED] - Send request successfully

2022-03-29 12:43:00 - [TEST_STEP][PASSED] - slurper = new groovy.json.JsonSlurper(): null

2022-03-29 12:43:00 - [TEST_STEP][PASSED] - get_token = slurper.parseText(token.getResponseBodyContent()): null

2022-03-29 12:43:00 - [TEST_STEP][PASSED] - private_token = access_token: null

2022-03-29 12:43:00 - [TEST_STEP][PASSED] - global_token = private_token: null

2022-03-29 12:43:00 - [TEST_STEP][PASSED] - println("token is :" + global_token): null

2022-03-29 12:43:00 - [TEST_STEP][PASSED] - response_token = token.getResponseText(): null

2022-03-29 12:43:00 - [TEST_STEP][PASSED] - logInfo($response_token): {"fault":{"faultstring":"Access Denied for client ip : 8.29.105.53","detail":{"errorcode":"accesscontrol.IPDeniedAccess"}}}

2022-03-29 12:43:00 - [MESSAGE][INFO] - {"fault":{"faultstring":"Access Denied for client ip : 8.29.105.53","detail":{"errorcode":"accesscontrol.IPDeniedAccess"}}}

2022-03-29 12:43:00 - [TEST_STEP][PASSED] - feedback = sendRequest(findTestObject("4. Feedback-ins", ["s_key":global_token, "batchid":batchid, "norek":norek, "nopin":nopin, "custname":custname, "pemohon":pemohon, "branchid":branchid, ... ])): Send request successfully

2022-03-29 12:43:01 - [MESSAGE][INFO] - HAR: I:\app-testing\app-project\Order car insurance\order-car-insurance\Reports\20220329_124138\3. Get feedback insurance - Batch 1\20220329_124139\requests\main\65.har

2022-03-29 12:43:01 - [MESSAGE][PASSED] - Send request successfully

2022-03-29 12:43:01 - [TEST_STEP][PASSED] - response_feedback = feedback.getResponseText(): null

2022-03-29 12:43:01 - [TEST_STEP][PASSED] - markPassed("result feedback data : " + no + " norek : " + norek + " nopin : " + nopin): result feedback data : 79 norek : 1450008999 nopin : 001

2022-03-29 12:43:01 - [MESSAGE][PASSED] - result feedback data : 79 norek : 1450008999 nopin : 001

2022-03-29 12:43:01 - [TEST_STEP][PASSED] - logInfo($response_feedback): {
  "FeedbackCarInsuranceResponse" : {
    "errorCode" : "00",
    "errorMessage" : "Sukses"
  }
}

2022-03-29 12:43:01 - [MESSAGE][INFO] - {
  "FeedbackCarInsuranceResponse" : {
    "errorCode" : "00",
    "errorMessage" : "Sukses"
  }
}

2022-03-29 12:43:01 - [TEST_STEP][PASSED] - verifyElementPropertyValue(feedback, "FeedbackCarInsuranceResponse.errorMessage", "Sukses", CONTINUE_ON_FAILURE): Verify element property value successfully

2022-03-29 12:43:01 - [MESSAGE][PASSED] - Verify element property value successfully]]></system-out>
         <system-err><![CDATA[]]></system-err>
      </testcase>
      <testcase name="Test Cases/3. get token - feedback insurance" time="1.425" classname="Test Cases/3. get token - feedback insurance" status="PASSED">
         <system-out><![CDATA[2022-03-29 12:43:02 - [TEST_CASE][PASSED] - Test Cases/3. get token - feedback insurance: Test Cases/3. get token - feedback insurance

2022-03-29 12:43:02 - [TEST_STEP][PASSED] - token = sendRequest(findTestObject("1. Get-Token")): Send request successfully

2022-03-29 12:43:02 - [MESSAGE][INFO] - HAR: I:\app-testing\app-project\Order car insurance\order-car-insurance\Reports\20220329_124138\3. Get feedback insurance - Batch 1\20220329_124139\requests\main\66.har

2022-03-29 12:43:02 - [MESSAGE][PASSED] - Send request successfully

2022-03-29 12:43:02 - [TEST_STEP][PASSED] - slurper = new groovy.json.JsonSlurper(): null

2022-03-29 12:43:02 - [TEST_STEP][PASSED] - get_token = slurper.parseText(token.getResponseBodyContent()): null

2022-03-29 12:43:02 - [TEST_STEP][PASSED] - private_token = access_token: null

2022-03-29 12:43:02 - [TEST_STEP][PASSED] - global_token = private_token: null

2022-03-29 12:43:02 - [TEST_STEP][PASSED] - println("token is :" + global_token): null

2022-03-29 12:43:02 - [TEST_STEP][PASSED] - response_token = token.getResponseText(): null

2022-03-29 12:43:02 - [TEST_STEP][PASSED] - logInfo($response_token): {"fault":{"faultstring":"Access Denied for client ip : 8.29.105.53","detail":{"errorcode":"accesscontrol.IPDeniedAccess"}}}

2022-03-29 12:43:02 - [MESSAGE][INFO] - {"fault":{"faultstring":"Access Denied for client ip : 8.29.105.53","detail":{"errorcode":"accesscontrol.IPDeniedAccess"}}}

2022-03-29 12:43:02 - [TEST_STEP][PASSED] - feedback = sendRequest(findTestObject("4. Feedback-ins", ["s_key":global_token, "batchid":batchid, "norek":norek, "nopin":nopin, "custname":custname, "pemohon":pemohon, "branchid":branchid, ... ])): Send request successfully

2022-03-29 12:43:03 - [MESSAGE][INFO] - HAR: I:\app-testing\app-project\Order car insurance\order-car-insurance\Reports\20220329_124138\3. Get feedback insurance - Batch 1\20220329_124139\requests\main\67.har

2022-03-29 12:43:03 - [MESSAGE][PASSED] - Send request successfully

2022-03-29 12:43:03 - [TEST_STEP][PASSED] - response_feedback = feedback.getResponseText(): null

2022-03-29 12:43:03 - [TEST_STEP][PASSED] - markPassed("result feedback data : " + no + " norek : " + norek + " nopin : " + nopin): result feedback data : 80 norek : 1450008999 nopin : 001

2022-03-29 12:43:03 - [MESSAGE][PASSED] - result feedback data : 80 norek : 1450008999 nopin : 001

2022-03-29 12:43:03 - [TEST_STEP][PASSED] - logInfo($response_feedback): {
  "FeedbackCarInsuranceResponse" : {
    "errorCode" : "00",
    "errorMessage" : "Sukses"
  }
}

2022-03-29 12:43:03 - [MESSAGE][INFO] - {
  "FeedbackCarInsuranceResponse" : {
    "errorCode" : "00",
    "errorMessage" : "Sukses"
  }
}

2022-03-29 12:43:03 - [TEST_STEP][PASSED] - verifyElementPropertyValue(feedback, "FeedbackCarInsuranceResponse.errorMessage", "Sukses", CONTINUE_ON_FAILURE): Verify element property value successfully

2022-03-29 12:43:03 - [MESSAGE][PASSED] - Verify element property value successfully]]></system-out>
         <system-err><![CDATA[]]></system-err>
      </testcase>
      <testcase name="Test Cases/3. get token - feedback insurance" time="1.418" classname="Test Cases/3. get token - feedback insurance" status="PASSED">
         <system-out><![CDATA[2022-03-29 12:43:03 - [TEST_CASE][PASSED] - Test Cases/3. get token - feedback insurance: Test Cases/3. get token - feedback insurance

2022-03-29 12:43:03 - [TEST_STEP][PASSED] - token = sendRequest(findTestObject("1. Get-Token")): Send request successfully

2022-03-29 12:43:04 - [MESSAGE][INFO] - HAR: I:\app-testing\app-project\Order car insurance\order-car-insurance\Reports\20220329_124138\3. Get feedback insurance - Batch 1\20220329_124139\requests\main\68.har

2022-03-29 12:43:04 - [MESSAGE][PASSED] - Send request successfully

2022-03-29 12:43:04 - [TEST_STEP][PASSED] - slurper = new groovy.json.JsonSlurper(): null

2022-03-29 12:43:04 - [TEST_STEP][PASSED] - get_token = slurper.parseText(token.getResponseBodyContent()): null

2022-03-29 12:43:04 - [TEST_STEP][PASSED] - private_token = access_token: null

2022-03-29 12:43:04 - [TEST_STEP][PASSED] - global_token = private_token: null

2022-03-29 12:43:04 - [TEST_STEP][PASSED] - println("token is :" + global_token): null

2022-03-29 12:43:04 - [TEST_STEP][PASSED] - response_token = token.getResponseText(): null

2022-03-29 12:43:04 - [TEST_STEP][PASSED] - logInfo($response_token): {"fault":{"faultstring":"Access Denied for client ip : 8.29.105.53","detail":{"errorcode":"accesscontrol.IPDeniedAccess"}}}

2022-03-29 12:43:04 - [MESSAGE][INFO] - {"fault":{"faultstring":"Access Denied for client ip : 8.29.105.53","detail":{"errorcode":"accesscontrol.IPDeniedAccess"}}}

2022-03-29 12:43:04 - [TEST_STEP][PASSED] - feedback = sendRequest(findTestObject("4. Feedback-ins", ["s_key":global_token, "batchid":batchid, "norek":norek, "nopin":nopin, "custname":custname, "pemohon":pemohon, "branchid":branchid, ... ])): Send request successfully

2022-03-29 12:43:05 - [MESSAGE][INFO] - HAR: I:\app-testing\app-project\Order car insurance\order-car-insurance\Reports\20220329_124138\3. Get feedback insurance - Batch 1\20220329_124139\requests\main\69.har

2022-03-29 12:43:05 - [MESSAGE][PASSED] - Send request successfully

2022-03-29 12:43:05 - [TEST_STEP][PASSED] - response_feedback = feedback.getResponseText(): null

2022-03-29 12:43:05 - [TEST_STEP][PASSED] - markPassed("result feedback data : " + no + " norek : " + norek + " nopin : " + nopin): result feedback data : 81 norek : 1450008999 nopin : 001

2022-03-29 12:43:05 - [MESSAGE][PASSED] - result feedback data : 81 norek : 1450008999 nopin : 001

2022-03-29 12:43:05 - [TEST_STEP][PASSED] - logInfo($response_feedback): {
  "FeedbackCarInsuranceResponse" : {
    "errorCode" : "00",
    "errorMessage" : "Sukses"
  }
}

2022-03-29 12:43:05 - [MESSAGE][INFO] - {
  "FeedbackCarInsuranceResponse" : {
    "errorCode" : "00",
    "errorMessage" : "Sukses"
  }
}

2022-03-29 12:43:05 - [TEST_STEP][PASSED] - verifyElementPropertyValue(feedback, "FeedbackCarInsuranceResponse.errorMessage", "Sukses", CONTINUE_ON_FAILURE): Verify element property value successfully

2022-03-29 12:43:05 - [MESSAGE][PASSED] - Verify element property value successfully]]></system-out>
         <system-err><![CDATA[]]></system-err>
      </testcase>
      <testcase name="Test Cases/3. get token - feedback insurance" time="1.456" classname="Test Cases/3. get token - feedback insurance" status="PASSED">
         <system-out><![CDATA[2022-03-29 12:43:05 - [TEST_CASE][PASSED] - Test Cases/3. get token - feedback insurance: Test Cases/3. get token - feedback insurance

2022-03-29 12:43:05 - [TEST_STEP][PASSED] - token = sendRequest(findTestObject("1. Get-Token")): Send request successfully

2022-03-29 12:43:06 - [MESSAGE][INFO] - HAR: I:\app-testing\app-project\Order car insurance\order-car-insurance\Reports\20220329_124138\3. Get feedback insurance - Batch 1\20220329_124139\requests\main\70.har

2022-03-29 12:43:06 - [MESSAGE][PASSED] - Send request successfully

2022-03-29 12:43:06 - [TEST_STEP][PASSED] - slurper = new groovy.json.JsonSlurper(): null

2022-03-29 12:43:06 - [TEST_STEP][PASSED] - get_token = slurper.parseText(token.getResponseBodyContent()): null

2022-03-29 12:43:06 - [TEST_STEP][PASSED] - private_token = access_token: null

2022-03-29 12:43:06 - [TEST_STEP][PASSED] - global_token = private_token: null

2022-03-29 12:43:06 - [TEST_STEP][PASSED] - println("token is :" + global_token): null

2022-03-29 12:43:06 - [TEST_STEP][PASSED] - response_token = token.getResponseText(): null

2022-03-29 12:43:06 - [TEST_STEP][PASSED] - logInfo($response_token): {"fault":{"faultstring":"Access Denied for client ip : 8.29.105.53","detail":{"errorcode":"accesscontrol.IPDeniedAccess"}}}

2022-03-29 12:43:06 - [MESSAGE][INFO] - {"fault":{"faultstring":"Access Denied for client ip : 8.29.105.53","detail":{"errorcode":"accesscontrol.IPDeniedAccess"}}}

2022-03-29 12:43:06 - [TEST_STEP][PASSED] - feedback = sendRequest(findTestObject("4. Feedback-ins", ["s_key":global_token, "batchid":batchid, "norek":norek, "nopin":nopin, "custname":custname, "pemohon":pemohon, "branchid":branchid, ... ])): Send request successfully

2022-03-29 12:43:07 - [MESSAGE][INFO] - HAR: I:\app-testing\app-project\Order car insurance\order-car-insurance\Reports\20220329_124138\3. Get feedback insurance - Batch 1\20220329_124139\requests\main\71.har

2022-03-29 12:43:07 - [MESSAGE][PASSED] - Send request successfully

2022-03-29 12:43:07 - [TEST_STEP][PASSED] - response_feedback = feedback.getResponseText(): null

2022-03-29 12:43:07 - [TEST_STEP][PASSED] - markPassed("result feedback data : " + no + " norek : " + norek + " nopin : " + nopin): result feedback data : 82 norek : 1450008999 nopin : 001

2022-03-29 12:43:07 - [MESSAGE][PASSED] - result feedback data : 82 norek : 1450008999 nopin : 001

2022-03-29 12:43:07 - [TEST_STEP][PASSED] - logInfo($response_feedback): {
  "FeedbackCarInsuranceResponse" : {
    "errorCode" : "00",
    "errorMessage" : "Sukses"
  }
}

2022-03-29 12:43:07 - [MESSAGE][INFO] - {
  "FeedbackCarInsuranceResponse" : {
    "errorCode" : "00",
    "errorMessage" : "Sukses"
  }
}

2022-03-29 12:43:07 - [TEST_STEP][PASSED] - verifyElementPropertyValue(feedback, "FeedbackCarInsuranceResponse.errorMessage", "Sukses", CONTINUE_ON_FAILURE): Verify element property value successfully

2022-03-29 12:43:07 - [MESSAGE][PASSED] - Verify element property value successfully]]></system-out>
         <system-err><![CDATA[]]></system-err>
      </testcase>
      <testcase name="Test Cases/3. get token - feedback insurance" time="3.569" classname="Test Cases/3. get token - feedback insurance" status="FAILED">
         <failure type="FAILED" message="Test Cases/3. get token - feedback insurance FAILED.
Reason:
com.kms.katalon.core.exception.StepFailedException: Expected element property value 'Sukses' is not equal with actual property value 'Data Sudah Pernah Disubmit'
	at com.kms.katalon.core.keyword.internal.KeywordMain.stepFailed(KeywordMain.groovy:39)
	at com.kms.katalon.core.webservice.keyword.builtin.VerifyElementPropertyValueKeyword$_verifyElementPropertyValue_closure1.doCall(VerifyElementPropertyValueKeyword.groovy:56)
	at com.kms.katalon.core.webservice.keyword.builtin.VerifyElementPropertyValueKeyword$_verifyElementPropertyValue_closure1.call(VerifyElementPropertyValueKeyword.groovy)
	at com.kms.katalon.core.keyword.internal.KeywordMain.runKeyword(KeywordMain.groovy:74)
	at com.kms.katalon.core.webservice.keyword.builtin.VerifyElementPropertyValueKeyword.verifyElementPropertyValue(VerifyElementPropertyValueKeyword.groovy:48)
	at com.kms.katalon.core.webservice.keyword.builtin.VerifyElementPropertyValueKeyword.execute(VerifyElementPropertyValueKeyword.groovy:43)
	at com.kms.katalon.core.keyword.internal.KeywordExecutor.executeKeywordForPlatform(KeywordExecutor.groovy:74)
	at com.kms.katalon.core.webservice.keyword.WSBuiltInKeywords.verifyElementPropertyValue(WSBuiltInKeywords.groovy:175)
	at com.kms.katalon.core.webservice.keyword.WSBuiltInKeywords$verifyElementPropertyValue$0.call(Unknown Source)
	at 3. get token - feedback insurance.run(3. get token - feedback insurance:59)
	at com.kms.katalon.core.main.ScriptEngine.run(ScriptEngine.java:194)
	at com.kms.katalon.core.main.ScriptEngine.runScriptAsRawText(ScriptEngine.java:119)
	at com.kms.katalon.core.main.TestCaseExecutor.runScript(TestCaseExecutor.java:442)
	at com.kms.katalon.core.main.TestCaseExecutor.doExecute(TestCaseExecutor.java:433)
	at com.kms.katalon.core.main.TestCaseExecutor.processExecutionPhase(TestCaseExecutor.java:412)
	at com.kms.katalon.core.main.TestCaseExecutor.accessMainPhase(TestCaseExecutor.java:404)
	at com.kms.katalon.core.main.TestCaseExecutor.execute(TestCaseExecutor.java:281)
	at com.kms.katalon.core.main.TestSuiteExecutor.accessTestCaseMainPhase(TestSuiteExecutor.java:202)
	at com.kms.katalon.core.main.TestSuiteExecutor.accessTestSuiteMainPhase(TestSuiteExecutor.java:164)
	at com.kms.katalon.core.main.TestSuiteExecutor.execute(TestSuiteExecutor.java:105)
	at com.kms.katalon.core.main.TestCaseMain.startTestSuite(TestCaseMain.java:181)
	at com.kms.katalon.core.main.TestCaseMain$startTestSuite$0.call(Unknown Source)
	at TempTestSuite1648532499046.run(TempTestSuite1648532499046.groovy:36)
"/>
         <system-out><![CDATA[2022-03-29 12:43:07 - [TEST_CASE][FAILED] - Test Cases/3. get token - feedback insurance: Test Cases/3. get token - feedback insurance FAILED.
Reason:
com.kms.katalon.core.exception.StepFailedException: Expected element property value 'Sukses' is not equal with actual property value 'Data Sudah Pernah Disubmit'
	at com.kms.katalon.core.keyword.internal.KeywordMain.stepFailed(KeywordMain.groovy:39)
	at com.kms.katalon.core.webservice.keyword.builtin.VerifyElementPropertyValueKeyword$_verifyElementPropertyValue_closure1.doCall(VerifyElementPropertyValueKeyword.groovy:56)
	at com.kms.katalon.core.webservice.keyword.builtin.VerifyElementPropertyValueKeyword$_verifyElementPropertyValue_closure1.call(VerifyElementPropertyValueKeyword.groovy)
	at com.kms.katalon.core.keyword.internal.KeywordMain.runKeyword(KeywordMain.groovy:74)
	at com.kms.katalon.core.webservice.keyword.builtin.VerifyElementPropertyValueKeyword.verifyElementPropertyValue(VerifyElementPropertyValueKeyword.groovy:48)
	at com.kms.katalon.core.webservice.keyword.builtin.VerifyElementPropertyValueKeyword.execute(VerifyElementPropertyValueKeyword.groovy:43)
	at com.kms.katalon.core.keyword.internal.KeywordExecutor.executeKeywordForPlatform(KeywordExecutor.groovy:74)
	at com.kms.katalon.core.webservice.keyword.WSBuiltInKeywords.verifyElementPropertyValue(WSBuiltInKeywords.groovy:175)
	at com.kms.katalon.core.webservice.keyword.WSBuiltInKeywords$verifyElementPropertyValue$0.call(Unknown Source)
	at 3. get token - feedback insurance.run(3. get token - feedback insurance:59)
	at com.kms.katalon.core.main.ScriptEngine.run(ScriptEngine.java:194)
	at com.kms.katalon.core.main.ScriptEngine.runScriptAsRawText(ScriptEngine.java:119)
	at com.kms.katalon.core.main.TestCaseExecutor.runScript(TestCaseExecutor.java:442)
	at com.kms.katalon.core.main.TestCaseExecutor.doExecute(TestCaseExecutor.java:433)
	at com.kms.katalon.core.main.TestCaseExecutor.processExecutionPhase(TestCaseExecutor.java:412)
	at com.kms.katalon.core.main.TestCaseExecutor.accessMainPhase(TestCaseExecutor.java:404)
	at com.kms.katalon.core.main.TestCaseExecutor.execute(TestCaseExecutor.java:281)
	at com.kms.katalon.core.main.TestSuiteExecutor.accessTestCaseMainPhase(TestSuiteExecutor.java:202)
	at com.kms.katalon.core.main.TestSuiteExecutor.accessTestSuiteMainPhase(TestSuiteExecutor.java:164)
	at com.kms.katalon.core.main.TestSuiteExecutor.execute(TestSuiteExecutor.java:105)
	at com.kms.katalon.core.main.TestCaseMain.startTestSuite(TestCaseMain.java:181)
	at com.kms.katalon.core.main.TestCaseMain$startTestSuite$0.call(Unknown Source)
	at TempTestSuite1648532499046.run(TempTestSuite1648532499046.groovy:36)


2022-03-29 12:43:07 - [TEST_STEP][PASSED] - token = sendRequest(findTestObject("1. Get-Token")): Send request successfully

2022-03-29 12:43:07 - [MESSAGE][INFO] - HAR: I:\app-testing\app-project\Order car insurance\order-car-insurance\Reports\20220329_124138\3. Get feedback insurance - Batch 1\20220329_124139\requests\main\72.har

2022-03-29 12:43:07 - [MESSAGE][PASSED] - Send request successfully

2022-03-29 12:43:07 - [TEST_STEP][PASSED] - slurper = new groovy.json.JsonSlurper(): null

2022-03-29 12:43:07 - [TEST_STEP][PASSED] - get_token = slurper.parseText(token.getResponseBodyContent()): null

2022-03-29 12:43:07 - [TEST_STEP][PASSED] - private_token = access_token: null

2022-03-29 12:43:08 - [TEST_STEP][PASSED] - global_token = private_token: null

2022-03-29 12:43:08 - [TEST_STEP][PASSED] - println("token is :" + global_token): null

2022-03-29 12:43:08 - [TEST_STEP][PASSED] - response_token = token.getResponseText(): null

2022-03-29 12:43:08 - [TEST_STEP][PASSED] - logInfo($response_token): {"fault":{"faultstring":"Access Denied for client ip : 8.29.105.53","detail":{"errorcode":"accesscontrol.IPDeniedAccess"}}}

2022-03-29 12:43:08 - [MESSAGE][INFO] - {"fault":{"faultstring":"Access Denied for client ip : 8.29.105.53","detail":{"errorcode":"accesscontrol.IPDeniedAccess"}}}

2022-03-29 12:43:08 - [TEST_STEP][PASSED] - feedback = sendRequest(findTestObject("4. Feedback-ins", ["s_key":global_token, "batchid":batchid, "norek":norek, "nopin":nopin, "custname":custname, "pemohon":pemohon, "branchid":branchid, ... ])): Send request successfully

2022-03-29 12:43:11 - [MESSAGE][INFO] - HAR: I:\app-testing\app-project\Order car insurance\order-car-insurance\Reports\20220329_124138\3. Get feedback insurance - Batch 1\20220329_124139\requests\main\73.har

2022-03-29 12:43:11 - [MESSAGE][PASSED] - Send request successfully

2022-03-29 12:43:11 - [TEST_STEP][PASSED] - response_feedback = feedback.getResponseText(): null

2022-03-29 12:43:11 - [TEST_STEP][PASSED] - markPassed("result feedback data : " + no + " norek : " + norek + " nopin : " + nopin): result feedback data : 83 norek : 9440010265 nopin : 001

2022-03-29 12:43:11 - [MESSAGE][PASSED] - result feedback data : 83 norek : 9440010265 nopin : 001

2022-03-29 12:43:11 - [TEST_STEP][PASSED] - logInfo($response_feedback): {
  "FeedbackCarInsuranceResponse" : {
    "errorCode" : "12",
    "errorMessage" : "Data Sudah Pernah Disubmit"
  }
}

2022-03-29 12:43:11 - [MESSAGE][INFO] - {
  "FeedbackCarInsuranceResponse" : {
    "errorCode" : "12",
    "errorMessage" : "Data Sudah Pernah Disubmit"
  }
}

2022-03-29 12:43:11 - [TEST_STEP][FAILED] - verifyElementPropertyValue(feedback, "FeedbackCarInsuranceResponse.errorMessage", "Sukses", CONTINUE_ON_FAILURE): Expected element property value 'Sukses' is not equal with actual property value 'Data Sudah Pernah Disubmit'

2022-03-29 12:43:11 - [MESSAGE][FAILED] - Expected element property value 'Sukses' is not equal with actual property value 'Data Sudah Pernah Disubmit']]></system-out>
         <system-err><![CDATA[2022-03-29 12:43:07 - [TEST_CASE][FAILED] - Test Cases/3. get token - feedback insurance: Test Cases/3. get token - feedback insurance FAILED.
Reason:
com.kms.katalon.core.exception.StepFailedException: Expected element property value 'Sukses' is not equal with actual property value 'Data Sudah Pernah Disubmit'
	at com.kms.katalon.core.keyword.internal.KeywordMain.stepFailed(KeywordMain.groovy:39)
	at com.kms.katalon.core.webservice.keyword.builtin.VerifyElementPropertyValueKeyword$_verifyElementPropertyValue_closure1.doCall(VerifyElementPropertyValueKeyword.groovy:56)
	at com.kms.katalon.core.webservice.keyword.builtin.VerifyElementPropertyValueKeyword$_verifyElementPropertyValue_closure1.call(VerifyElementPropertyValueKeyword.groovy)
	at com.kms.katalon.core.keyword.internal.KeywordMain.runKeyword(KeywordMain.groovy:74)
	at com.kms.katalon.core.webservice.keyword.builtin.VerifyElementPropertyValueKeyword.verifyElementPropertyValue(VerifyElementPropertyValueKeyword.groovy:48)
	at com.kms.katalon.core.webservice.keyword.builtin.VerifyElementPropertyValueKeyword.execute(VerifyElementPropertyValueKeyword.groovy:43)
	at com.kms.katalon.core.keyword.internal.KeywordExecutor.executeKeywordForPlatform(KeywordExecutor.groovy:74)
	at com.kms.katalon.core.webservice.keyword.WSBuiltInKeywords.verifyElementPropertyValue(WSBuiltInKeywords.groovy:175)
	at com.kms.katalon.core.webservice.keyword.WSBuiltInKeywords$verifyElementPropertyValue$0.call(Unknown Source)
	at 3. get token - feedback insurance.run(3. get token - feedback insurance:59)
	at com.kms.katalon.core.main.ScriptEngine.run(ScriptEngine.java:194)
	at com.kms.katalon.core.main.ScriptEngine.runScriptAsRawText(ScriptEngine.java:119)
	at com.kms.katalon.core.main.TestCaseExecutor.runScript(TestCaseExecutor.java:442)
	at com.kms.katalon.core.main.TestCaseExecutor.doExecute(TestCaseExecutor.java:433)
	at com.kms.katalon.core.main.TestCaseExecutor.processExecutionPhase(TestCaseExecutor.java:412)
	at com.kms.katalon.core.main.TestCaseExecutor.accessMainPhase(TestCaseExecutor.java:404)
	at com.kms.katalon.core.main.TestCaseExecutor.execute(TestCaseExecutor.java:281)
	at com.kms.katalon.core.main.TestSuiteExecutor.accessTestCaseMainPhase(TestSuiteExecutor.java:202)
	at com.kms.katalon.core.main.TestSuiteExecutor.accessTestSuiteMainPhase(TestSuiteExecutor.java:164)
	at com.kms.katalon.core.main.TestSuiteExecutor.execute(TestSuiteExecutor.java:105)
	at com.kms.katalon.core.main.TestCaseMain.startTestSuite(TestCaseMain.java:181)
	at com.kms.katalon.core.main.TestCaseMain$startTestSuite$0.call(Unknown Source)
	at TempTestSuite1648532499046.run(TempTestSuite1648532499046.groovy:36)]]></system-err>
      </testcase>
      <testcase name="Test Cases/3. get token - feedback insurance" time="1.795" classname="Test Cases/3. get token - feedback insurance" status="FAILED">
         <failure type="FAILED" message="Test Cases/3. get token - feedback insurance FAILED.
Reason:
com.kms.katalon.core.exception.StepFailedException: Expected element property value 'Sukses' is not equal with actual property value 'Data Sudah Pernah Disubmit'
	at com.kms.katalon.core.keyword.internal.KeywordMain.stepFailed(KeywordMain.groovy:39)
	at com.kms.katalon.core.webservice.keyword.builtin.VerifyElementPropertyValueKeyword$_verifyElementPropertyValue_closure1.doCall(VerifyElementPropertyValueKeyword.groovy:56)
	at com.kms.katalon.core.webservice.keyword.builtin.VerifyElementPropertyValueKeyword$_verifyElementPropertyValue_closure1.call(VerifyElementPropertyValueKeyword.groovy)
	at com.kms.katalon.core.keyword.internal.KeywordMain.runKeyword(KeywordMain.groovy:74)
	at com.kms.katalon.core.webservice.keyword.builtin.VerifyElementPropertyValueKeyword.verifyElementPropertyValue(VerifyElementPropertyValueKeyword.groovy:48)
	at com.kms.katalon.core.webservice.keyword.builtin.VerifyElementPropertyValueKeyword.execute(VerifyElementPropertyValueKeyword.groovy:43)
	at com.kms.katalon.core.keyword.internal.KeywordExecutor.executeKeywordForPlatform(KeywordExecutor.groovy:74)
	at com.kms.katalon.core.webservice.keyword.WSBuiltInKeywords.verifyElementPropertyValue(WSBuiltInKeywords.groovy:175)
	at com.kms.katalon.core.webservice.keyword.WSBuiltInKeywords$verifyElementPropertyValue$0.call(Unknown Source)
	at 3. get token - feedback insurance.run(3. get token - feedback insurance:59)
	at com.kms.katalon.core.main.ScriptEngine.run(ScriptEngine.java:194)
	at com.kms.katalon.core.main.ScriptEngine.runScriptAsRawText(ScriptEngine.java:119)
	at com.kms.katalon.core.main.TestCaseExecutor.runScript(TestCaseExecutor.java:442)
	at com.kms.katalon.core.main.TestCaseExecutor.doExecute(TestCaseExecutor.java:433)
	at com.kms.katalon.core.main.TestCaseExecutor.processExecutionPhase(TestCaseExecutor.java:412)
	at com.kms.katalon.core.main.TestCaseExecutor.accessMainPhase(TestCaseExecutor.java:404)
	at com.kms.katalon.core.main.TestCaseExecutor.execute(TestCaseExecutor.java:281)
	at com.kms.katalon.core.main.TestSuiteExecutor.accessTestCaseMainPhase(TestSuiteExecutor.java:202)
	at com.kms.katalon.core.main.TestSuiteExecutor.accessTestSuiteMainPhase(TestSuiteExecutor.java:164)
	at com.kms.katalon.core.main.TestSuiteExecutor.execute(TestSuiteExecutor.java:105)
	at com.kms.katalon.core.main.TestCaseMain.startTestSuite(TestCaseMain.java:181)
	at com.kms.katalon.core.main.TestCaseMain$startTestSuite$0.call(Unknown Source)
	at TempTestSuite1648532499046.run(TempTestSuite1648532499046.groovy:36)
"/>
         <system-out><![CDATA[2022-03-29 12:43:11 - [TEST_CASE][FAILED] - Test Cases/3. get token - feedback insurance: Test Cases/3. get token - feedback insurance FAILED.
Reason:
com.kms.katalon.core.exception.StepFailedException: Expected element property value 'Sukses' is not equal with actual property value 'Data Sudah Pernah Disubmit'
	at com.kms.katalon.core.keyword.internal.KeywordMain.stepFailed(KeywordMain.groovy:39)
	at com.kms.katalon.core.webservice.keyword.builtin.VerifyElementPropertyValueKeyword$_verifyElementPropertyValue_closure1.doCall(VerifyElementPropertyValueKeyword.groovy:56)
	at com.kms.katalon.core.webservice.keyword.builtin.VerifyElementPropertyValueKeyword$_verifyElementPropertyValue_closure1.call(VerifyElementPropertyValueKeyword.groovy)
	at com.kms.katalon.core.keyword.internal.KeywordMain.runKeyword(KeywordMain.groovy:74)
	at com.kms.katalon.core.webservice.keyword.builtin.VerifyElementPropertyValueKeyword.verifyElementPropertyValue(VerifyElementPropertyValueKeyword.groovy:48)
	at com.kms.katalon.core.webservice.keyword.builtin.VerifyElementPropertyValueKeyword.execute(VerifyElementPropertyValueKeyword.groovy:43)
	at com.kms.katalon.core.keyword.internal.KeywordExecutor.executeKeywordForPlatform(KeywordExecutor.groovy:74)
	at com.kms.katalon.core.webservice.keyword.WSBuiltInKeywords.verifyElementPropertyValue(WSBuiltInKeywords.groovy:175)
	at com.kms.katalon.core.webservice.keyword.WSBuiltInKeywords$verifyElementPropertyValue$0.call(Unknown Source)
	at 3. get token - feedback insurance.run(3. get token - feedback insurance:59)
	at com.kms.katalon.core.main.ScriptEngine.run(ScriptEngine.java:194)
	at com.kms.katalon.core.main.ScriptEngine.runScriptAsRawText(ScriptEngine.java:119)
	at com.kms.katalon.core.main.TestCaseExecutor.runScript(TestCaseExecutor.java:442)
	at com.kms.katalon.core.main.TestCaseExecutor.doExecute(TestCaseExecutor.java:433)
	at com.kms.katalon.core.main.TestCaseExecutor.processExecutionPhase(TestCaseExecutor.java:412)
	at com.kms.katalon.core.main.TestCaseExecutor.accessMainPhase(TestCaseExecutor.java:404)
	at com.kms.katalon.core.main.TestCaseExecutor.execute(TestCaseExecutor.java:281)
	at com.kms.katalon.core.main.TestSuiteExecutor.accessTestCaseMainPhase(TestSuiteExecutor.java:202)
	at com.kms.katalon.core.main.TestSuiteExecutor.accessTestSuiteMainPhase(TestSuiteExecutor.java:164)
	at com.kms.katalon.core.main.TestSuiteExecutor.execute(TestSuiteExecutor.java:105)
	at com.kms.katalon.core.main.TestCaseMain.startTestSuite(TestCaseMain.java:181)
	at com.kms.katalon.core.main.TestCaseMain$startTestSuite$0.call(Unknown Source)
	at TempTestSuite1648532499046.run(TempTestSuite1648532499046.groovy:36)


2022-03-29 12:43:11 - [TEST_STEP][PASSED] - token = sendRequest(findTestObject("1. Get-Token")): Send request successfully

2022-03-29 12:43:12 - [MESSAGE][INFO] - HAR: I:\app-testing\app-project\Order car insurance\order-car-insurance\Reports\20220329_124138\3. Get feedback insurance - Batch 1\20220329_124139\requests\main\74.har

2022-03-29 12:43:12 - [MESSAGE][PASSED] - Send request successfully

2022-03-29 12:43:12 - [TEST_STEP][PASSED] - slurper = new groovy.json.JsonSlurper(): null

2022-03-29 12:43:12 - [TEST_STEP][PASSED] - get_token = slurper.parseText(token.getResponseBodyContent()): null

2022-03-29 12:43:12 - [TEST_STEP][PASSED] - private_token = access_token: null

2022-03-29 12:43:12 - [TEST_STEP][PASSED] - global_token = private_token: null

2022-03-29 12:43:12 - [TEST_STEP][PASSED] - println("token is :" + global_token): null

2022-03-29 12:43:12 - [TEST_STEP][PASSED] - response_token = token.getResponseText(): null

2022-03-29 12:43:12 - [TEST_STEP][PASSED] - logInfo($response_token): {"fault":{"faultstring":"Access Denied for client ip : 8.29.105.53","detail":{"errorcode":"accesscontrol.IPDeniedAccess"}}}

2022-03-29 12:43:12 - [MESSAGE][INFO] - {"fault":{"faultstring":"Access Denied for client ip : 8.29.105.53","detail":{"errorcode":"accesscontrol.IPDeniedAccess"}}}

2022-03-29 12:43:12 - [TEST_STEP][PASSED] - feedback = sendRequest(findTestObject("4. Feedback-ins", ["s_key":global_token, "batchid":batchid, "norek":norek, "nopin":nopin, "custname":custname, "pemohon":pemohon, "branchid":branchid, ... ])): Send request successfully

2022-03-29 12:43:13 - [MESSAGE][INFO] - HAR: I:\app-testing\app-project\Order car insurance\order-car-insurance\Reports\20220329_124138\3. Get feedback insurance - Batch 1\20220329_124139\requests\main\75.har

2022-03-29 12:43:13 - [MESSAGE][PASSED] - Send request successfully

2022-03-29 12:43:13 - [TEST_STEP][PASSED] - response_feedback = feedback.getResponseText(): null

2022-03-29 12:43:13 - [TEST_STEP][PASSED] - markPassed("result feedback data : " + no + " norek : " + norek + " nopin : " + nopin): result feedback data : 84 norek : 9440010265 nopin : 001

2022-03-29 12:43:13 - [MESSAGE][PASSED] - result feedback data : 84 norek : 9440010265 nopin : 001

2022-03-29 12:43:13 - [TEST_STEP][PASSED] - logInfo($response_feedback): {
  "FeedbackCarInsuranceResponse" : {
    "errorCode" : "12",
    "errorMessage" : "Data Sudah Pernah Disubmit"
  }
}

2022-03-29 12:43:13 - [MESSAGE][INFO] - {
  "FeedbackCarInsuranceResponse" : {
    "errorCode" : "12",
    "errorMessage" : "Data Sudah Pernah Disubmit"
  }
}

2022-03-29 12:43:13 - [TEST_STEP][FAILED] - verifyElementPropertyValue(feedback, "FeedbackCarInsuranceResponse.errorMessage", "Sukses", CONTINUE_ON_FAILURE): Expected element property value 'Sukses' is not equal with actual property value 'Data Sudah Pernah Disubmit'

2022-03-29 12:43:13 - [MESSAGE][FAILED] - Expected element property value 'Sukses' is not equal with actual property value 'Data Sudah Pernah Disubmit']]></system-out>
         <system-err><![CDATA[2022-03-29 12:43:11 - [TEST_CASE][FAILED] - Test Cases/3. get token - feedback insurance: Test Cases/3. get token - feedback insurance FAILED.
Reason:
com.kms.katalon.core.exception.StepFailedException: Expected element property value 'Sukses' is not equal with actual property value 'Data Sudah Pernah Disubmit'
	at com.kms.katalon.core.keyword.internal.KeywordMain.stepFailed(KeywordMain.groovy:39)
	at com.kms.katalon.core.webservice.keyword.builtin.VerifyElementPropertyValueKeyword$_verifyElementPropertyValue_closure1.doCall(VerifyElementPropertyValueKeyword.groovy:56)
	at com.kms.katalon.core.webservice.keyword.builtin.VerifyElementPropertyValueKeyword$_verifyElementPropertyValue_closure1.call(VerifyElementPropertyValueKeyword.groovy)
	at com.kms.katalon.core.keyword.internal.KeywordMain.runKeyword(KeywordMain.groovy:74)
	at com.kms.katalon.core.webservice.keyword.builtin.VerifyElementPropertyValueKeyword.verifyElementPropertyValue(VerifyElementPropertyValueKeyword.groovy:48)
	at com.kms.katalon.core.webservice.keyword.builtin.VerifyElementPropertyValueKeyword.execute(VerifyElementPropertyValueKeyword.groovy:43)
	at com.kms.katalon.core.keyword.internal.KeywordExecutor.executeKeywordForPlatform(KeywordExecutor.groovy:74)
	at com.kms.katalon.core.webservice.keyword.WSBuiltInKeywords.verifyElementPropertyValue(WSBuiltInKeywords.groovy:175)
	at com.kms.katalon.core.webservice.keyword.WSBuiltInKeywords$verifyElementPropertyValue$0.call(Unknown Source)
	at 3. get token - feedback insurance.run(3. get token - feedback insurance:59)
	at com.kms.katalon.core.main.ScriptEngine.run(ScriptEngine.java:194)
	at com.kms.katalon.core.main.ScriptEngine.runScriptAsRawText(ScriptEngine.java:119)
	at com.kms.katalon.core.main.TestCaseExecutor.runScript(TestCaseExecutor.java:442)
	at com.kms.katalon.core.main.TestCaseExecutor.doExecute(TestCaseExecutor.java:433)
	at com.kms.katalon.core.main.TestCaseExecutor.processExecutionPhase(TestCaseExecutor.java:412)
	at com.kms.katalon.core.main.TestCaseExecutor.accessMainPhase(TestCaseExecutor.java:404)
	at com.kms.katalon.core.main.TestCaseExecutor.execute(TestCaseExecutor.java:281)
	at com.kms.katalon.core.main.TestSuiteExecutor.accessTestCaseMainPhase(TestSuiteExecutor.java:202)
	at com.kms.katalon.core.main.TestSuiteExecutor.accessTestSuiteMainPhase(TestSuiteExecutor.java:164)
	at com.kms.katalon.core.main.TestSuiteExecutor.execute(TestSuiteExecutor.java:105)
	at com.kms.katalon.core.main.TestCaseMain.startTestSuite(TestCaseMain.java:181)
	at com.kms.katalon.core.main.TestCaseMain$startTestSuite$0.call(Unknown Source)
	at TempTestSuite1648532499046.run(TempTestSuite1648532499046.groovy:36)]]></system-err>
      </testcase>
      <testcase name="Test Cases/3. get token - feedback insurance" time="1.358" classname="Test Cases/3. get token - feedback insurance" status="FAILED">
         <failure type="FAILED" message="Test Cases/3. get token - feedback insurance FAILED.
Reason:
com.kms.katalon.core.exception.StepFailedException: Expected element property value 'Sukses' is not equal with actual property value 'Data Sudah Pernah Disubmit'
	at com.kms.katalon.core.keyword.internal.KeywordMain.stepFailed(KeywordMain.groovy:39)
	at com.kms.katalon.core.webservice.keyword.builtin.VerifyElementPropertyValueKeyword$_verifyElementPropertyValue_closure1.doCall(VerifyElementPropertyValueKeyword.groovy:56)
	at com.kms.katalon.core.webservice.keyword.builtin.VerifyElementPropertyValueKeyword$_verifyElementPropertyValue_closure1.call(VerifyElementPropertyValueKeyword.groovy)
	at com.kms.katalon.core.keyword.internal.KeywordMain.runKeyword(KeywordMain.groovy:74)
	at com.kms.katalon.core.webservice.keyword.builtin.VerifyElementPropertyValueKeyword.verifyElementPropertyValue(VerifyElementPropertyValueKeyword.groovy:48)
	at com.kms.katalon.core.webservice.keyword.builtin.VerifyElementPropertyValueKeyword.execute(VerifyElementPropertyValueKeyword.groovy:43)
	at com.kms.katalon.core.keyword.internal.KeywordExecutor.executeKeywordForPlatform(KeywordExecutor.groovy:74)
	at com.kms.katalon.core.webservice.keyword.WSBuiltInKeywords.verifyElementPropertyValue(WSBuiltInKeywords.groovy:175)
	at com.kms.katalon.core.webservice.keyword.WSBuiltInKeywords$verifyElementPropertyValue$0.call(Unknown Source)
	at 3. get token - feedback insurance.run(3. get token - feedback insurance:59)
	at com.kms.katalon.core.main.ScriptEngine.run(ScriptEngine.java:194)
	at com.kms.katalon.core.main.ScriptEngine.runScriptAsRawText(ScriptEngine.java:119)
	at com.kms.katalon.core.main.TestCaseExecutor.runScript(TestCaseExecutor.java:442)
	at com.kms.katalon.core.main.TestCaseExecutor.doExecute(TestCaseExecutor.java:433)
	at com.kms.katalon.core.main.TestCaseExecutor.processExecutionPhase(TestCaseExecutor.java:412)
	at com.kms.katalon.core.main.TestCaseExecutor.accessMainPhase(TestCaseExecutor.java:404)
	at com.kms.katalon.core.main.TestCaseExecutor.execute(TestCaseExecutor.java:281)
	at com.kms.katalon.core.main.TestSuiteExecutor.accessTestCaseMainPhase(TestSuiteExecutor.java:202)
	at com.kms.katalon.core.main.TestSuiteExecutor.accessTestSuiteMainPhase(TestSuiteExecutor.java:164)
	at com.kms.katalon.core.main.TestSuiteExecutor.execute(TestSuiteExecutor.java:105)
	at com.kms.katalon.core.main.TestCaseMain.startTestSuite(TestCaseMain.java:181)
	at com.kms.katalon.core.main.TestCaseMain$startTestSuite$0.call(Unknown Source)
	at TempTestSuite1648532499046.run(TempTestSuite1648532499046.groovy:36)
"/>
         <system-out><![CDATA[2022-03-29 12:43:13 - [TEST_CASE][FAILED] - Test Cases/3. get token - feedback insurance: Test Cases/3. get token - feedback insurance FAILED.
Reason:
com.kms.katalon.core.exception.StepFailedException: Expected element property value 'Sukses' is not equal with actual property value 'Data Sudah Pernah Disubmit'
	at com.kms.katalon.core.keyword.internal.KeywordMain.stepFailed(KeywordMain.groovy:39)
	at com.kms.katalon.core.webservice.keyword.builtin.VerifyElementPropertyValueKeyword$_verifyElementPropertyValue_closure1.doCall(VerifyElementPropertyValueKeyword.groovy:56)
	at com.kms.katalon.core.webservice.keyword.builtin.VerifyElementPropertyValueKeyword$_verifyElementPropertyValue_closure1.call(VerifyElementPropertyValueKeyword.groovy)
	at com.kms.katalon.core.keyword.internal.KeywordMain.runKeyword(KeywordMain.groovy:74)
	at com.kms.katalon.core.webservice.keyword.builtin.VerifyElementPropertyValueKeyword.verifyElementPropertyValue(VerifyElementPropertyValueKeyword.groovy:48)
	at com.kms.katalon.core.webservice.keyword.builtin.VerifyElementPropertyValueKeyword.execute(VerifyElementPropertyValueKeyword.groovy:43)
	at com.kms.katalon.core.keyword.internal.KeywordExecutor.executeKeywordForPlatform(KeywordExecutor.groovy:74)
	at com.kms.katalon.core.webservice.keyword.WSBuiltInKeywords.verifyElementPropertyValue(WSBuiltInKeywords.groovy:175)
	at com.kms.katalon.core.webservice.keyword.WSBuiltInKeywords$verifyElementPropertyValue$0.call(Unknown Source)
	at 3. get token - feedback insurance.run(3. get token - feedback insurance:59)
	at com.kms.katalon.core.main.ScriptEngine.run(ScriptEngine.java:194)
	at com.kms.katalon.core.main.ScriptEngine.runScriptAsRawText(ScriptEngine.java:119)
	at com.kms.katalon.core.main.TestCaseExecutor.runScript(TestCaseExecutor.java:442)
	at com.kms.katalon.core.main.TestCaseExecutor.doExecute(TestCaseExecutor.java:433)
	at com.kms.katalon.core.main.TestCaseExecutor.processExecutionPhase(TestCaseExecutor.java:412)
	at com.kms.katalon.core.main.TestCaseExecutor.accessMainPhase(TestCaseExecutor.java:404)
	at com.kms.katalon.core.main.TestCaseExecutor.execute(TestCaseExecutor.java:281)
	at com.kms.katalon.core.main.TestSuiteExecutor.accessTestCaseMainPhase(TestSuiteExecutor.java:202)
	at com.kms.katalon.core.main.TestSuiteExecutor.accessTestSuiteMainPhase(TestSuiteExecutor.java:164)
	at com.kms.katalon.core.main.TestSuiteExecutor.execute(TestSuiteExecutor.java:105)
	at com.kms.katalon.core.main.TestCaseMain.startTestSuite(TestCaseMain.java:181)
	at com.kms.katalon.core.main.TestCaseMain$startTestSuite$0.call(Unknown Source)
	at TempTestSuite1648532499046.run(TempTestSuite1648532499046.groovy:36)


2022-03-29 12:43:13 - [TEST_STEP][PASSED] - token = sendRequest(findTestObject("1. Get-Token")): Send request successfully

2022-03-29 12:43:14 - [MESSAGE][INFO] - HAR: I:\app-testing\app-project\Order car insurance\order-car-insurance\Reports\20220329_124138\3. Get feedback insurance - Batch 1\20220329_124139\requests\main\76.har

2022-03-29 12:43:14 - [MESSAGE][PASSED] - Send request successfully

2022-03-29 12:43:14 - [TEST_STEP][PASSED] - slurper = new groovy.json.JsonSlurper(): null

2022-03-29 12:43:14 - [TEST_STEP][PASSED] - get_token = slurper.parseText(token.getResponseBodyContent()): null

2022-03-29 12:43:14 - [TEST_STEP][PASSED] - private_token = access_token: null

2022-03-29 12:43:14 - [TEST_STEP][PASSED] - global_token = private_token: null

2022-03-29 12:43:14 - [TEST_STEP][PASSED] - println("token is :" + global_token): null

2022-03-29 12:43:14 - [TEST_STEP][PASSED] - response_token = token.getResponseText(): null

2022-03-29 12:43:14 - [TEST_STEP][PASSED] - logInfo($response_token): {"fault":{"faultstring":"Access Denied for client ip : 8.29.105.53","detail":{"errorcode":"accesscontrol.IPDeniedAccess"}}}

2022-03-29 12:43:14 - [MESSAGE][INFO] - {"fault":{"faultstring":"Access Denied for client ip : 8.29.105.53","detail":{"errorcode":"accesscontrol.IPDeniedAccess"}}}

2022-03-29 12:43:14 - [TEST_STEP][PASSED] - feedback = sendRequest(findTestObject("4. Feedback-ins", ["s_key":global_token, "batchid":batchid, "norek":norek, "nopin":nopin, "custname":custname, "pemohon":pemohon, "branchid":branchid, ... ])): Send request successfully

2022-03-29 12:43:14 - [MESSAGE][INFO] - HAR: I:\app-testing\app-project\Order car insurance\order-car-insurance\Reports\20220329_124138\3. Get feedback insurance - Batch 1\20220329_124139\requests\main\77.har

2022-03-29 12:43:14 - [MESSAGE][PASSED] - Send request successfully

2022-03-29 12:43:14 - [TEST_STEP][PASSED] - response_feedback = feedback.getResponseText(): null

2022-03-29 12:43:14 - [TEST_STEP][PASSED] - markPassed("result feedback data : " + no + " norek : " + norek + " nopin : " + nopin): result feedback data : 85 norek : 9440010265 nopin : 001

2022-03-29 12:43:14 - [MESSAGE][PASSED] - result feedback data : 85 norek : 9440010265 nopin : 001

2022-03-29 12:43:14 - [TEST_STEP][PASSED] - logInfo($response_feedback): {
  "FeedbackCarInsuranceResponse" : {
    "errorCode" : "12",
    "errorMessage" : "Data Sudah Pernah Disubmit"
  }
}

2022-03-29 12:43:14 - [MESSAGE][INFO] - {
  "FeedbackCarInsuranceResponse" : {
    "errorCode" : "12",
    "errorMessage" : "Data Sudah Pernah Disubmit"
  }
}

2022-03-29 12:43:14 - [TEST_STEP][FAILED] - verifyElementPropertyValue(feedback, "FeedbackCarInsuranceResponse.errorMessage", "Sukses", CONTINUE_ON_FAILURE): Expected element property value 'Sukses' is not equal with actual property value 'Data Sudah Pernah Disubmit'

2022-03-29 12:43:14 - [MESSAGE][FAILED] - Expected element property value 'Sukses' is not equal with actual property value 'Data Sudah Pernah Disubmit']]></system-out>
         <system-err><![CDATA[2022-03-29 12:43:13 - [TEST_CASE][FAILED] - Test Cases/3. get token - feedback insurance: Test Cases/3. get token - feedback insurance FAILED.
Reason:
com.kms.katalon.core.exception.StepFailedException: Expected element property value 'Sukses' is not equal with actual property value 'Data Sudah Pernah Disubmit'
	at com.kms.katalon.core.keyword.internal.KeywordMain.stepFailed(KeywordMain.groovy:39)
	at com.kms.katalon.core.webservice.keyword.builtin.VerifyElementPropertyValueKeyword$_verifyElementPropertyValue_closure1.doCall(VerifyElementPropertyValueKeyword.groovy:56)
	at com.kms.katalon.core.webservice.keyword.builtin.VerifyElementPropertyValueKeyword$_verifyElementPropertyValue_closure1.call(VerifyElementPropertyValueKeyword.groovy)
	at com.kms.katalon.core.keyword.internal.KeywordMain.runKeyword(KeywordMain.groovy:74)
	at com.kms.katalon.core.webservice.keyword.builtin.VerifyElementPropertyValueKeyword.verifyElementPropertyValue(VerifyElementPropertyValueKeyword.groovy:48)
	at com.kms.katalon.core.webservice.keyword.builtin.VerifyElementPropertyValueKeyword.execute(VerifyElementPropertyValueKeyword.groovy:43)
	at com.kms.katalon.core.keyword.internal.KeywordExecutor.executeKeywordForPlatform(KeywordExecutor.groovy:74)
	at com.kms.katalon.core.webservice.keyword.WSBuiltInKeywords.verifyElementPropertyValue(WSBuiltInKeywords.groovy:175)
	at com.kms.katalon.core.webservice.keyword.WSBuiltInKeywords$verifyElementPropertyValue$0.call(Unknown Source)
	at 3. get token - feedback insurance.run(3. get token - feedback insurance:59)
	at com.kms.katalon.core.main.ScriptEngine.run(ScriptEngine.java:194)
	at com.kms.katalon.core.main.ScriptEngine.runScriptAsRawText(ScriptEngine.java:119)
	at com.kms.katalon.core.main.TestCaseExecutor.runScript(TestCaseExecutor.java:442)
	at com.kms.katalon.core.main.TestCaseExecutor.doExecute(TestCaseExecutor.java:433)
	at com.kms.katalon.core.main.TestCaseExecutor.processExecutionPhase(TestCaseExecutor.java:412)
	at com.kms.katalon.core.main.TestCaseExecutor.accessMainPhase(TestCaseExecutor.java:404)
	at com.kms.katalon.core.main.TestCaseExecutor.execute(TestCaseExecutor.java:281)
	at com.kms.katalon.core.main.TestSuiteExecutor.accessTestCaseMainPhase(TestSuiteExecutor.java:202)
	at com.kms.katalon.core.main.TestSuiteExecutor.accessTestSuiteMainPhase(TestSuiteExecutor.java:164)
	at com.kms.katalon.core.main.TestSuiteExecutor.execute(TestSuiteExecutor.java:105)
	at com.kms.katalon.core.main.TestCaseMain.startTestSuite(TestCaseMain.java:181)
	at com.kms.katalon.core.main.TestCaseMain$startTestSuite$0.call(Unknown Source)
	at TempTestSuite1648532499046.run(TempTestSuite1648532499046.groovy:36)]]></system-err>
      </testcase>
      <testcase name="Test Cases/3. get token - feedback insurance" time="2.499" classname="Test Cases/3. get token - feedback insurance" status="FAILED">
         <failure type="FAILED" message="Test Cases/3. get token - feedback insurance FAILED.
Reason:
com.kms.katalon.core.exception.StepFailedException: Expected element property value 'Sukses' is not equal with actual property value 'OSB Service Callout action received SOAP Fault response'
	at com.kms.katalon.core.keyword.internal.KeywordMain.stepFailed(KeywordMain.groovy:39)
	at com.kms.katalon.core.webservice.keyword.builtin.VerifyElementPropertyValueKeyword$_verifyElementPropertyValue_closure1.doCall(VerifyElementPropertyValueKeyword.groovy:56)
	at com.kms.katalon.core.webservice.keyword.builtin.VerifyElementPropertyValueKeyword$_verifyElementPropertyValue_closure1.call(VerifyElementPropertyValueKeyword.groovy)
	at com.kms.katalon.core.keyword.internal.KeywordMain.runKeyword(KeywordMain.groovy:74)
	at com.kms.katalon.core.webservice.keyword.builtin.VerifyElementPropertyValueKeyword.verifyElementPropertyValue(VerifyElementPropertyValueKeyword.groovy:48)
	at com.kms.katalon.core.webservice.keyword.builtin.VerifyElementPropertyValueKeyword.execute(VerifyElementPropertyValueKeyword.groovy:43)
	at com.kms.katalon.core.keyword.internal.KeywordExecutor.executeKeywordForPlatform(KeywordExecutor.groovy:74)
	at com.kms.katalon.core.webservice.keyword.WSBuiltInKeywords.verifyElementPropertyValue(WSBuiltInKeywords.groovy:175)
	at com.kms.katalon.core.webservice.keyword.WSBuiltInKeywords$verifyElementPropertyValue$0.call(Unknown Source)
	at 3. get token - feedback insurance.run(3. get token - feedback insurance:59)
	at com.kms.katalon.core.main.ScriptEngine.run(ScriptEngine.java:194)
	at com.kms.katalon.core.main.ScriptEngine.runScriptAsRawText(ScriptEngine.java:119)
	at com.kms.katalon.core.main.TestCaseExecutor.runScript(TestCaseExecutor.java:442)
	at com.kms.katalon.core.main.TestCaseExecutor.doExecute(TestCaseExecutor.java:433)
	at com.kms.katalon.core.main.TestCaseExecutor.processExecutionPhase(TestCaseExecutor.java:412)
	at com.kms.katalon.core.main.TestCaseExecutor.accessMainPhase(TestCaseExecutor.java:404)
	at com.kms.katalon.core.main.TestCaseExecutor.execute(TestCaseExecutor.java:281)
	at com.kms.katalon.core.main.TestSuiteExecutor.accessTestCaseMainPhase(TestSuiteExecutor.java:202)
	at com.kms.katalon.core.main.TestSuiteExecutor.accessTestSuiteMainPhase(TestSuiteExecutor.java:164)
	at com.kms.katalon.core.main.TestSuiteExecutor.execute(TestSuiteExecutor.java:105)
	at com.kms.katalon.core.main.TestCaseMain.startTestSuite(TestCaseMain.java:181)
	at com.kms.katalon.core.main.TestCaseMain$startTestSuite$0.call(Unknown Source)
	at TempTestSuite1648532499046.run(TempTestSuite1648532499046.groovy:36)
"/>
         <system-out><![CDATA[2022-03-29 12:43:15 - [TEST_CASE][FAILED] - Test Cases/3. get token - feedback insurance: Test Cases/3. get token - feedback insurance FAILED.
Reason:
com.kms.katalon.core.exception.StepFailedException: Expected element property value 'Sukses' is not equal with actual property value 'OSB Service Callout action received SOAP Fault response'
	at com.kms.katalon.core.keyword.internal.KeywordMain.stepFailed(KeywordMain.groovy:39)
	at com.kms.katalon.core.webservice.keyword.builtin.VerifyElementPropertyValueKeyword$_verifyElementPropertyValue_closure1.doCall(VerifyElementPropertyValueKeyword.groovy:56)
	at com.kms.katalon.core.webservice.keyword.builtin.VerifyElementPropertyValueKeyword$_verifyElementPropertyValue_closure1.call(VerifyElementPropertyValueKeyword.groovy)
	at com.kms.katalon.core.keyword.internal.KeywordMain.runKeyword(KeywordMain.groovy:74)
	at com.kms.katalon.core.webservice.keyword.builtin.VerifyElementPropertyValueKeyword.verifyElementPropertyValue(VerifyElementPropertyValueKeyword.groovy:48)
	at com.kms.katalon.core.webservice.keyword.builtin.VerifyElementPropertyValueKeyword.execute(VerifyElementPropertyValueKeyword.groovy:43)
	at com.kms.katalon.core.keyword.internal.KeywordExecutor.executeKeywordForPlatform(KeywordExecutor.groovy:74)
	at com.kms.katalon.core.webservice.keyword.WSBuiltInKeywords.verifyElementPropertyValue(WSBuiltInKeywords.groovy:175)
	at com.kms.katalon.core.webservice.keyword.WSBuiltInKeywords$verifyElementPropertyValue$0.call(Unknown Source)
	at 3. get token - feedback insurance.run(3. get token - feedback insurance:59)
	at com.kms.katalon.core.main.ScriptEngine.run(ScriptEngine.java:194)
	at com.kms.katalon.core.main.ScriptEngine.runScriptAsRawText(ScriptEngine.java:119)
	at com.kms.katalon.core.main.TestCaseExecutor.runScript(TestCaseExecutor.java:442)
	at com.kms.katalon.core.main.TestCaseExecutor.doExecute(TestCaseExecutor.java:433)
	at com.kms.katalon.core.main.TestCaseExecutor.processExecutionPhase(TestCaseExecutor.java:412)
	at com.kms.katalon.core.main.TestCaseExecutor.accessMainPhase(TestCaseExecutor.java:404)
	at com.kms.katalon.core.main.TestCaseExecutor.execute(TestCaseExecutor.java:281)
	at com.kms.katalon.core.main.TestSuiteExecutor.accessTestCaseMainPhase(TestSuiteExecutor.java:202)
	at com.kms.katalon.core.main.TestSuiteExecutor.accessTestSuiteMainPhase(TestSuiteExecutor.java:164)
	at com.kms.katalon.core.main.TestSuiteExecutor.execute(TestSuiteExecutor.java:105)
	at com.kms.katalon.core.main.TestCaseMain.startTestSuite(TestCaseMain.java:181)
	at com.kms.katalon.core.main.TestCaseMain$startTestSuite$0.call(Unknown Source)
	at TempTestSuite1648532499046.run(TempTestSuite1648532499046.groovy:36)


2022-03-29 12:43:15 - [TEST_STEP][PASSED] - token = sendRequest(findTestObject("1. Get-Token")): Send request successfully

2022-03-29 12:43:15 - [MESSAGE][INFO] - HAR: I:\app-testing\app-project\Order car insurance\order-car-insurance\Reports\20220329_124138\3. Get feedback insurance - Batch 1\20220329_124139\requests\main\78.har

2022-03-29 12:43:15 - [MESSAGE][PASSED] - Send request successfully

2022-03-29 12:43:15 - [TEST_STEP][PASSED] - slurper = new groovy.json.JsonSlurper(): null

2022-03-29 12:43:15 - [TEST_STEP][PASSED] - get_token = slurper.parseText(token.getResponseBodyContent()): null

2022-03-29 12:43:15 - [TEST_STEP][PASSED] - private_token = access_token: null

2022-03-29 12:43:15 - [TEST_STEP][PASSED] - global_token = private_token: null

2022-03-29 12:43:15 - [TEST_STEP][PASSED] - println("token is :" + global_token): null

2022-03-29 12:43:15 - [TEST_STEP][PASSED] - response_token = token.getResponseText(): null

2022-03-29 12:43:15 - [TEST_STEP][PASSED] - logInfo($response_token): {"fault":{"faultstring":"Access Denied for client ip : 8.29.105.53","detail":{"errorcode":"accesscontrol.IPDeniedAccess"}}}

2022-03-29 12:43:15 - [MESSAGE][INFO] - {"fault":{"faultstring":"Access Denied for client ip : 8.29.105.53","detail":{"errorcode":"accesscontrol.IPDeniedAccess"}}}

2022-03-29 12:43:15 - [TEST_STEP][PASSED] - feedback = sendRequest(findTestObject("4. Feedback-ins", ["s_key":global_token, "batchid":batchid, "norek":norek, "nopin":nopin, "custname":custname, "pemohon":pemohon, "branchid":branchid, ... ])): Send request successfully

2022-03-29 12:43:17 - [MESSAGE][INFO] - HAR: I:\app-testing\app-project\Order car insurance\order-car-insurance\Reports\20220329_124138\3. Get feedback insurance - Batch 1\20220329_124139\requests\main\79.har

2022-03-29 12:43:17 - [MESSAGE][PASSED] - Send request successfully

2022-03-29 12:43:17 - [TEST_STEP][PASSED] - response_feedback = feedback.getResponseText(): null

2022-03-29 12:43:17 - [TEST_STEP][PASSED] - markPassed("result feedback data : " + no + " norek : " + norek + " nopin : " + nopin): result feedback data : 86 norek : 9440010269 nopin : 001

2022-03-29 12:43:17 - [MESSAGE][PASSED] - result feedback data : 86 norek : 9440010269 nopin : 001

2022-03-29 12:43:17 - [TEST_STEP][PASSED] - logInfo($response_feedback): <?xml version="1.0" encoding="UTF-8"?>
<err:RestError xmlns:err="http://www.bea.com/wli/sb/errors"><err:errorMessage>OSB Service Callout action received SOAP Fault response</err:errorMessage><err:errorCode>OSB-382500</err:errorCode></err:RestError>

2022-03-29 12:43:17 - [MESSAGE][INFO] - <?xml version="1.0" encoding="UTF-8"?>
<err:RestError xmlns:err="http://www.bea.com/wli/sb/errors"><err:errorMessage>OSB Service Callout action received SOAP Fault response</err:errorMessage><err:errorCode>OSB-382500</err:errorCode></err:RestError>

2022-03-29 12:43:17 - [TEST_STEP][FAILED] - verifyElementPropertyValue(feedback, "FeedbackCarInsuranceResponse.errorMessage", "Sukses", CONTINUE_ON_FAILURE): Expected element property value 'Sukses' is not equal with actual property value 'OSB Service Callout action received SOAP Fault response'

2022-03-29 12:43:17 - [MESSAGE][FAILED] - Expected element property value 'Sukses' is not equal with actual property value 'OSB Service Callout action received SOAP Fault response']]></system-out>
         <system-err><![CDATA[2022-03-29 12:43:15 - [TEST_CASE][FAILED] - Test Cases/3. get token - feedback insurance: Test Cases/3. get token - feedback insurance FAILED.
Reason:
com.kms.katalon.core.exception.StepFailedException: Expected element property value 'Sukses' is not equal with actual property value 'OSB Service Callout action received SOAP Fault response'
	at com.kms.katalon.core.keyword.internal.KeywordMain.stepFailed(KeywordMain.groovy:39)
	at com.kms.katalon.core.webservice.keyword.builtin.VerifyElementPropertyValueKeyword$_verifyElementPropertyValue_closure1.doCall(VerifyElementPropertyValueKeyword.groovy:56)
	at com.kms.katalon.core.webservice.keyword.builtin.VerifyElementPropertyValueKeyword$_verifyElementPropertyValue_closure1.call(VerifyElementPropertyValueKeyword.groovy)
	at com.kms.katalon.core.keyword.internal.KeywordMain.runKeyword(KeywordMain.groovy:74)
	at com.kms.katalon.core.webservice.keyword.builtin.VerifyElementPropertyValueKeyword.verifyElementPropertyValue(VerifyElementPropertyValueKeyword.groovy:48)
	at com.kms.katalon.core.webservice.keyword.builtin.VerifyElementPropertyValueKeyword.execute(VerifyElementPropertyValueKeyword.groovy:43)
	at com.kms.katalon.core.keyword.internal.KeywordExecutor.executeKeywordForPlatform(KeywordExecutor.groovy:74)
	at com.kms.katalon.core.webservice.keyword.WSBuiltInKeywords.verifyElementPropertyValue(WSBuiltInKeywords.groovy:175)
	at com.kms.katalon.core.webservice.keyword.WSBuiltInKeywords$verifyElementPropertyValue$0.call(Unknown Source)
	at 3. get token - feedback insurance.run(3. get token - feedback insurance:59)
	at com.kms.katalon.core.main.ScriptEngine.run(ScriptEngine.java:194)
	at com.kms.katalon.core.main.ScriptEngine.runScriptAsRawText(ScriptEngine.java:119)
	at com.kms.katalon.core.main.TestCaseExecutor.runScript(TestCaseExecutor.java:442)
	at com.kms.katalon.core.main.TestCaseExecutor.doExecute(TestCaseExecutor.java:433)
	at com.kms.katalon.core.main.TestCaseExecutor.processExecutionPhase(TestCaseExecutor.java:412)
	at com.kms.katalon.core.main.TestCaseExecutor.accessMainPhase(TestCaseExecutor.java:404)
	at com.kms.katalon.core.main.TestCaseExecutor.execute(TestCaseExecutor.java:281)
	at com.kms.katalon.core.main.TestSuiteExecutor.accessTestCaseMainPhase(TestSuiteExecutor.java:202)
	at com.kms.katalon.core.main.TestSuiteExecutor.accessTestSuiteMainPhase(TestSuiteExecutor.java:164)
	at com.kms.katalon.core.main.TestSuiteExecutor.execute(TestSuiteExecutor.java:105)
	at com.kms.katalon.core.main.TestCaseMain.startTestSuite(TestCaseMain.java:181)
	at com.kms.katalon.core.main.TestCaseMain$startTestSuite$0.call(Unknown Source)
	at TempTestSuite1648532499046.run(TempTestSuite1648532499046.groovy:36)]]></system-err>
      </testcase>
      <testcase name="Test Cases/3. get token - feedback insurance" time="1.381" classname="Test Cases/3. get token - feedback insurance" status="FAILED">
         <failure type="FAILED" message="Test Cases/3. get token - feedback insurance FAILED.
Reason:
com.kms.katalon.core.exception.StepFailedException: Expected element property value 'Sukses' is not equal with actual property value 'OSB Service Callout action received SOAP Fault response'
	at com.kms.katalon.core.keyword.internal.KeywordMain.stepFailed(KeywordMain.groovy:39)
	at com.kms.katalon.core.webservice.keyword.builtin.VerifyElementPropertyValueKeyword$_verifyElementPropertyValue_closure1.doCall(VerifyElementPropertyValueKeyword.groovy:56)
	at com.kms.katalon.core.webservice.keyword.builtin.VerifyElementPropertyValueKeyword$_verifyElementPropertyValue_closure1.call(VerifyElementPropertyValueKeyword.groovy)
	at com.kms.katalon.core.keyword.internal.KeywordMain.runKeyword(KeywordMain.groovy:74)
	at com.kms.katalon.core.webservice.keyword.builtin.VerifyElementPropertyValueKeyword.verifyElementPropertyValue(VerifyElementPropertyValueKeyword.groovy:48)
	at com.kms.katalon.core.webservice.keyword.builtin.VerifyElementPropertyValueKeyword.execute(VerifyElementPropertyValueKeyword.groovy:43)
	at com.kms.katalon.core.keyword.internal.KeywordExecutor.executeKeywordForPlatform(KeywordExecutor.groovy:74)
	at com.kms.katalon.core.webservice.keyword.WSBuiltInKeywords.verifyElementPropertyValue(WSBuiltInKeywords.groovy:175)
	at com.kms.katalon.core.webservice.keyword.WSBuiltInKeywords$verifyElementPropertyValue$0.call(Unknown Source)
	at 3. get token - feedback insurance.run(3. get token - feedback insurance:59)
	at com.kms.katalon.core.main.ScriptEngine.run(ScriptEngine.java:194)
	at com.kms.katalon.core.main.ScriptEngine.runScriptAsRawText(ScriptEngine.java:119)
	at com.kms.katalon.core.main.TestCaseExecutor.runScript(TestCaseExecutor.java:442)
	at com.kms.katalon.core.main.TestCaseExecutor.doExecute(TestCaseExecutor.java:433)
	at com.kms.katalon.core.main.TestCaseExecutor.processExecutionPhase(TestCaseExecutor.java:412)
	at com.kms.katalon.core.main.TestCaseExecutor.accessMainPhase(TestCaseExecutor.java:404)
	at com.kms.katalon.core.main.TestCaseExecutor.execute(TestCaseExecutor.java:281)
	at com.kms.katalon.core.main.TestSuiteExecutor.accessTestCaseMainPhase(TestSuiteExecutor.java:202)
	at com.kms.katalon.core.main.TestSuiteExecutor.accessTestSuiteMainPhase(TestSuiteExecutor.java:164)
	at com.kms.katalon.core.main.TestSuiteExecutor.execute(TestSuiteExecutor.java:105)
	at com.kms.katalon.core.main.TestCaseMain.startTestSuite(TestCaseMain.java:181)
	at com.kms.katalon.core.main.TestCaseMain$startTestSuite$0.call(Unknown Source)
	at TempTestSuite1648532499046.run(TempTestSuite1648532499046.groovy:36)
"/>
         <system-out><![CDATA[2022-03-29 12:43:18 - [TEST_CASE][FAILED] - Test Cases/3. get token - feedback insurance: Test Cases/3. get token - feedback insurance FAILED.
Reason:
com.kms.katalon.core.exception.StepFailedException: Expected element property value 'Sukses' is not equal with actual property value 'OSB Service Callout action received SOAP Fault response'
	at com.kms.katalon.core.keyword.internal.KeywordMain.stepFailed(KeywordMain.groovy:39)
	at com.kms.katalon.core.webservice.keyword.builtin.VerifyElementPropertyValueKeyword$_verifyElementPropertyValue_closure1.doCall(VerifyElementPropertyValueKeyword.groovy:56)
	at com.kms.katalon.core.webservice.keyword.builtin.VerifyElementPropertyValueKeyword$_verifyElementPropertyValue_closure1.call(VerifyElementPropertyValueKeyword.groovy)
	at com.kms.katalon.core.keyword.internal.KeywordMain.runKeyword(KeywordMain.groovy:74)
	at com.kms.katalon.core.webservice.keyword.builtin.VerifyElementPropertyValueKeyword.verifyElementPropertyValue(VerifyElementPropertyValueKeyword.groovy:48)
	at com.kms.katalon.core.webservice.keyword.builtin.VerifyElementPropertyValueKeyword.execute(VerifyElementPropertyValueKeyword.groovy:43)
	at com.kms.katalon.core.keyword.internal.KeywordExecutor.executeKeywordForPlatform(KeywordExecutor.groovy:74)
	at com.kms.katalon.core.webservice.keyword.WSBuiltInKeywords.verifyElementPropertyValue(WSBuiltInKeywords.groovy:175)
	at com.kms.katalon.core.webservice.keyword.WSBuiltInKeywords$verifyElementPropertyValue$0.call(Unknown Source)
	at 3. get token - feedback insurance.run(3. get token - feedback insurance:59)
	at com.kms.katalon.core.main.ScriptEngine.run(ScriptEngine.java:194)
	at com.kms.katalon.core.main.ScriptEngine.runScriptAsRawText(ScriptEngine.java:119)
	at com.kms.katalon.core.main.TestCaseExecutor.runScript(TestCaseExecutor.java:442)
	at com.kms.katalon.core.main.TestCaseExecutor.doExecute(TestCaseExecutor.java:433)
	at com.kms.katalon.core.main.TestCaseExecutor.processExecutionPhase(TestCaseExecutor.java:412)
	at com.kms.katalon.core.main.TestCaseExecutor.accessMainPhase(TestCaseExecutor.java:404)
	at com.kms.katalon.core.main.TestCaseExecutor.execute(TestCaseExecutor.java:281)
	at com.kms.katalon.core.main.TestSuiteExecutor.accessTestCaseMainPhase(TestSuiteExecutor.java:202)
	at com.kms.katalon.core.main.TestSuiteExecutor.accessTestSuiteMainPhase(TestSuiteExecutor.java:164)
	at com.kms.katalon.core.main.TestSuiteExecutor.execute(TestSuiteExecutor.java:105)
	at com.kms.katalon.core.main.TestCaseMain.startTestSuite(TestCaseMain.java:181)
	at com.kms.katalon.core.main.TestCaseMain$startTestSuite$0.call(Unknown Source)
	at TempTestSuite1648532499046.run(TempTestSuite1648532499046.groovy:36)


2022-03-29 12:43:18 - [TEST_STEP][PASSED] - token = sendRequest(findTestObject("1. Get-Token")): Send request successfully

2022-03-29 12:43:18 - [MESSAGE][INFO] - HAR: I:\app-testing\app-project\Order car insurance\order-car-insurance\Reports\20220329_124138\3. Get feedback insurance - Batch 1\20220329_124139\requests\main\80.har

2022-03-29 12:43:18 - [MESSAGE][PASSED] - Send request successfully

2022-03-29 12:43:18 - [TEST_STEP][PASSED] - slurper = new groovy.json.JsonSlurper(): null

2022-03-29 12:43:18 - [TEST_STEP][PASSED] - get_token = slurper.parseText(token.getResponseBodyContent()): null

2022-03-29 12:43:18 - [TEST_STEP][PASSED] - private_token = access_token: null

2022-03-29 12:43:18 - [TEST_STEP][PASSED] - global_token = private_token: null

2022-03-29 12:43:18 - [TEST_STEP][PASSED] - println("token is :" + global_token): null

2022-03-29 12:43:18 - [TEST_STEP][PASSED] - response_token = token.getResponseText(): null

2022-03-29 12:43:18 - [TEST_STEP][PASSED] - logInfo($response_token): {"fault":{"faultstring":"Access Denied for client ip : 8.29.105.53","detail":{"errorcode":"accesscontrol.IPDeniedAccess"}}}

2022-03-29 12:43:18 - [MESSAGE][INFO] - {"fault":{"faultstring":"Access Denied for client ip : 8.29.105.53","detail":{"errorcode":"accesscontrol.IPDeniedAccess"}}}

2022-03-29 12:43:18 - [TEST_STEP][PASSED] - feedback = sendRequest(findTestObject("4. Feedback-ins", ["s_key":global_token, "batchid":batchid, "norek":norek, "nopin":nopin, "custname":custname, "pemohon":pemohon, "branchid":branchid, ... ])): Send request successfully

2022-03-29 12:43:19 - [MESSAGE][INFO] - HAR: I:\app-testing\app-project\Order car insurance\order-car-insurance\Reports\20220329_124138\3. Get feedback insurance - Batch 1\20220329_124139\requests\main\81.har

2022-03-29 12:43:19 - [MESSAGE][PASSED] - Send request successfully

2022-03-29 12:43:19 - [TEST_STEP][PASSED] - response_feedback = feedback.getResponseText(): null

2022-03-29 12:43:19 - [TEST_STEP][PASSED] - markPassed("result feedback data : " + no + " norek : " + norek + " nopin : " + nopin): result feedback data : 87 norek : 9440010269 nopin : 001

2022-03-29 12:43:19 - [MESSAGE][PASSED] - result feedback data : 87 norek : 9440010269 nopin : 001

2022-03-29 12:43:19 - [TEST_STEP][PASSED] - logInfo($response_feedback): <?xml version="1.0" encoding="UTF-8"?>
<err:RestError xmlns:err="http://www.bea.com/wli/sb/errors"><err:errorMessage>OSB Service Callout action received SOAP Fault response</err:errorMessage><err:errorCode>OSB-382500</err:errorCode></err:RestError>

2022-03-29 12:43:19 - [MESSAGE][INFO] - <?xml version="1.0" encoding="UTF-8"?>
<err:RestError xmlns:err="http://www.bea.com/wli/sb/errors"><err:errorMessage>OSB Service Callout action received SOAP Fault response</err:errorMessage><err:errorCode>OSB-382500</err:errorCode></err:RestError>

2022-03-29 12:43:19 - [TEST_STEP][FAILED] - verifyElementPropertyValue(feedback, "FeedbackCarInsuranceResponse.errorMessage", "Sukses", CONTINUE_ON_FAILURE): Expected element property value 'Sukses' is not equal with actual property value 'OSB Service Callout action received SOAP Fault response'

2022-03-29 12:43:19 - [MESSAGE][FAILED] - Expected element property value 'Sukses' is not equal with actual property value 'OSB Service Callout action received SOAP Fault response']]></system-out>
         <system-err><![CDATA[2022-03-29 12:43:18 - [TEST_CASE][FAILED] - Test Cases/3. get token - feedback insurance: Test Cases/3. get token - feedback insurance FAILED.
Reason:
com.kms.katalon.core.exception.StepFailedException: Expected element property value 'Sukses' is not equal with actual property value 'OSB Service Callout action received SOAP Fault response'
	at com.kms.katalon.core.keyword.internal.KeywordMain.stepFailed(KeywordMain.groovy:39)
	at com.kms.katalon.core.webservice.keyword.builtin.VerifyElementPropertyValueKeyword$_verifyElementPropertyValue_closure1.doCall(VerifyElementPropertyValueKeyword.groovy:56)
	at com.kms.katalon.core.webservice.keyword.builtin.VerifyElementPropertyValueKeyword$_verifyElementPropertyValue_closure1.call(VerifyElementPropertyValueKeyword.groovy)
	at com.kms.katalon.core.keyword.internal.KeywordMain.runKeyword(KeywordMain.groovy:74)
	at com.kms.katalon.core.webservice.keyword.builtin.VerifyElementPropertyValueKeyword.verifyElementPropertyValue(VerifyElementPropertyValueKeyword.groovy:48)
	at com.kms.katalon.core.webservice.keyword.builtin.VerifyElementPropertyValueKeyword.execute(VerifyElementPropertyValueKeyword.groovy:43)
	at com.kms.katalon.core.keyword.internal.KeywordExecutor.executeKeywordForPlatform(KeywordExecutor.groovy:74)
	at com.kms.katalon.core.webservice.keyword.WSBuiltInKeywords.verifyElementPropertyValue(WSBuiltInKeywords.groovy:175)
	at com.kms.katalon.core.webservice.keyword.WSBuiltInKeywords$verifyElementPropertyValue$0.call(Unknown Source)
	at 3. get token - feedback insurance.run(3. get token - feedback insurance:59)
	at com.kms.katalon.core.main.ScriptEngine.run(ScriptEngine.java:194)
	at com.kms.katalon.core.main.ScriptEngine.runScriptAsRawText(ScriptEngine.java:119)
	at com.kms.katalon.core.main.TestCaseExecutor.runScript(TestCaseExecutor.java:442)
	at com.kms.katalon.core.main.TestCaseExecutor.doExecute(TestCaseExecutor.java:433)
	at com.kms.katalon.core.main.TestCaseExecutor.processExecutionPhase(TestCaseExecutor.java:412)
	at com.kms.katalon.core.main.TestCaseExecutor.accessMainPhase(TestCaseExecutor.java:404)
	at com.kms.katalon.core.main.TestCaseExecutor.execute(TestCaseExecutor.java:281)
	at com.kms.katalon.core.main.TestSuiteExecutor.accessTestCaseMainPhase(TestSuiteExecutor.java:202)
	at com.kms.katalon.core.main.TestSuiteExecutor.accessTestSuiteMainPhase(TestSuiteExecutor.java:164)
	at com.kms.katalon.core.main.TestSuiteExecutor.execute(TestSuiteExecutor.java:105)
	at com.kms.katalon.core.main.TestCaseMain.startTestSuite(TestCaseMain.java:181)
	at com.kms.katalon.core.main.TestCaseMain$startTestSuite$0.call(Unknown Source)
	at TempTestSuite1648532499046.run(TempTestSuite1648532499046.groovy:36)]]></system-err>
      </testcase>
      <testcase name="Test Cases/3. get token - feedback insurance" time="1.453" classname="Test Cases/3. get token - feedback insurance" status="FAILED">
         <failure type="FAILED" message="Test Cases/3. get token - feedback insurance FAILED.
Reason:
com.kms.katalon.core.exception.StepFailedException: Expected element property value 'Sukses' is not equal with actual property value 'Data Sudah Pernah Disubmit'
	at com.kms.katalon.core.keyword.internal.KeywordMain.stepFailed(KeywordMain.groovy:39)
	at com.kms.katalon.core.webservice.keyword.builtin.VerifyElementPropertyValueKeyword$_verifyElementPropertyValue_closure1.doCall(VerifyElementPropertyValueKeyword.groovy:56)
	at com.kms.katalon.core.webservice.keyword.builtin.VerifyElementPropertyValueKeyword$_verifyElementPropertyValue_closure1.call(VerifyElementPropertyValueKeyword.groovy)
	at com.kms.katalon.core.keyword.internal.KeywordMain.runKeyword(KeywordMain.groovy:74)
	at com.kms.katalon.core.webservice.keyword.builtin.VerifyElementPropertyValueKeyword.verifyElementPropertyValue(VerifyElementPropertyValueKeyword.groovy:48)
	at com.kms.katalon.core.webservice.keyword.builtin.VerifyElementPropertyValueKeyword.execute(VerifyElementPropertyValueKeyword.groovy:43)
	at com.kms.katalon.core.keyword.internal.KeywordExecutor.executeKeywordForPlatform(KeywordExecutor.groovy:74)
	at com.kms.katalon.core.webservice.keyword.WSBuiltInKeywords.verifyElementPropertyValue(WSBuiltInKeywords.groovy:175)
	at com.kms.katalon.core.webservice.keyword.WSBuiltInKeywords$verifyElementPropertyValue$0.call(Unknown Source)
	at 3. get token - feedback insurance.run(3. get token - feedback insurance:59)
	at com.kms.katalon.core.main.ScriptEngine.run(ScriptEngine.java:194)
	at com.kms.katalon.core.main.ScriptEngine.runScriptAsRawText(ScriptEngine.java:119)
	at com.kms.katalon.core.main.TestCaseExecutor.runScript(TestCaseExecutor.java:442)
	at com.kms.katalon.core.main.TestCaseExecutor.doExecute(TestCaseExecutor.java:433)
	at com.kms.katalon.core.main.TestCaseExecutor.processExecutionPhase(TestCaseExecutor.java:412)
	at com.kms.katalon.core.main.TestCaseExecutor.accessMainPhase(TestCaseExecutor.java:404)
	at com.kms.katalon.core.main.TestCaseExecutor.execute(TestCaseExecutor.java:281)
	at com.kms.katalon.core.main.TestSuiteExecutor.accessTestCaseMainPhase(TestSuiteExecutor.java:202)
	at com.kms.katalon.core.main.TestSuiteExecutor.accessTestSuiteMainPhase(TestSuiteExecutor.java:164)
	at com.kms.katalon.core.main.TestSuiteExecutor.execute(TestSuiteExecutor.java:105)
	at com.kms.katalon.core.main.TestCaseMain.startTestSuite(TestCaseMain.java:181)
	at com.kms.katalon.core.main.TestCaseMain$startTestSuite$0.call(Unknown Source)
	at TempTestSuite1648532499046.run(TempTestSuite1648532499046.groovy:36)
"/>
         <system-out><![CDATA[2022-03-29 12:43:19 - [TEST_CASE][FAILED] - Test Cases/3. get token - feedback insurance: Test Cases/3. get token - feedback insurance FAILED.
Reason:
com.kms.katalon.core.exception.StepFailedException: Expected element property value 'Sukses' is not equal with actual property value 'Data Sudah Pernah Disubmit'
	at com.kms.katalon.core.keyword.internal.KeywordMain.stepFailed(KeywordMain.groovy:39)
	at com.kms.katalon.core.webservice.keyword.builtin.VerifyElementPropertyValueKeyword$_verifyElementPropertyValue_closure1.doCall(VerifyElementPropertyValueKeyword.groovy:56)
	at com.kms.katalon.core.webservice.keyword.builtin.VerifyElementPropertyValueKeyword$_verifyElementPropertyValue_closure1.call(VerifyElementPropertyValueKeyword.groovy)
	at com.kms.katalon.core.keyword.internal.KeywordMain.runKeyword(KeywordMain.groovy:74)
	at com.kms.katalon.core.webservice.keyword.builtin.VerifyElementPropertyValueKeyword.verifyElementPropertyValue(VerifyElementPropertyValueKeyword.groovy:48)
	at com.kms.katalon.core.webservice.keyword.builtin.VerifyElementPropertyValueKeyword.execute(VerifyElementPropertyValueKeyword.groovy:43)
	at com.kms.katalon.core.keyword.internal.KeywordExecutor.executeKeywordForPlatform(KeywordExecutor.groovy:74)
	at com.kms.katalon.core.webservice.keyword.WSBuiltInKeywords.verifyElementPropertyValue(WSBuiltInKeywords.groovy:175)
	at com.kms.katalon.core.webservice.keyword.WSBuiltInKeywords$verifyElementPropertyValue$0.call(Unknown Source)
	at 3. get token - feedback insurance.run(3. get token - feedback insurance:59)
	at com.kms.katalon.core.main.ScriptEngine.run(ScriptEngine.java:194)
	at com.kms.katalon.core.main.ScriptEngine.runScriptAsRawText(ScriptEngine.java:119)
	at com.kms.katalon.core.main.TestCaseExecutor.runScript(TestCaseExecutor.java:442)
	at com.kms.katalon.core.main.TestCaseExecutor.doExecute(TestCaseExecutor.java:433)
	at com.kms.katalon.core.main.TestCaseExecutor.processExecutionPhase(TestCaseExecutor.java:412)
	at com.kms.katalon.core.main.TestCaseExecutor.accessMainPhase(TestCaseExecutor.java:404)
	at com.kms.katalon.core.main.TestCaseExecutor.execute(TestCaseExecutor.java:281)
	at com.kms.katalon.core.main.TestSuiteExecutor.accessTestCaseMainPhase(TestSuiteExecutor.java:202)
	at com.kms.katalon.core.main.TestSuiteExecutor.accessTestSuiteMainPhase(TestSuiteExecutor.java:164)
	at com.kms.katalon.core.main.TestSuiteExecutor.execute(TestSuiteExecutor.java:105)
	at com.kms.katalon.core.main.TestCaseMain.startTestSuite(TestCaseMain.java:181)
	at com.kms.katalon.core.main.TestCaseMain$startTestSuite$0.call(Unknown Source)
	at TempTestSuite1648532499046.run(TempTestSuite1648532499046.groovy:36)


2022-03-29 12:43:20 - [TEST_STEP][PASSED] - token = sendRequest(findTestObject("1. Get-Token")): Send request successfully

2022-03-29 12:43:20 - [MESSAGE][INFO] - HAR: I:\app-testing\app-project\Order car insurance\order-car-insurance\Reports\20220329_124138\3. Get feedback insurance - Batch 1\20220329_124139\requests\main\82.har

2022-03-29 12:43:20 - [MESSAGE][PASSED] - Send request successfully

2022-03-29 12:43:20 - [TEST_STEP][PASSED] - slurper = new groovy.json.JsonSlurper(): null

2022-03-29 12:43:20 - [TEST_STEP][PASSED] - get_token = slurper.parseText(token.getResponseBodyContent()): null

2022-03-29 12:43:20 - [TEST_STEP][PASSED] - private_token = access_token: null

2022-03-29 12:43:20 - [TEST_STEP][PASSED] - global_token = private_token: null

2022-03-29 12:43:20 - [TEST_STEP][PASSED] - println("token is :" + global_token): null

2022-03-29 12:43:20 - [TEST_STEP][PASSED] - response_token = token.getResponseText(): null

2022-03-29 12:43:20 - [TEST_STEP][PASSED] - logInfo($response_token): {"fault":{"faultstring":"Access Denied for client ip : 8.29.105.53","detail":{"errorcode":"accesscontrol.IPDeniedAccess"}}}

2022-03-29 12:43:20 - [MESSAGE][INFO] - {"fault":{"faultstring":"Access Denied for client ip : 8.29.105.53","detail":{"errorcode":"accesscontrol.IPDeniedAccess"}}}

2022-03-29 12:43:20 - [TEST_STEP][PASSED] - feedback = sendRequest(findTestObject("4. Feedback-ins", ["s_key":global_token, "batchid":batchid, "norek":norek, "nopin":nopin, "custname":custname, "pemohon":pemohon, "branchid":branchid, ... ])): Send request successfully

2022-03-29 12:43:21 - [MESSAGE][INFO] - HAR: I:\app-testing\app-project\Order car insurance\order-car-insurance\Reports\20220329_124138\3. Get feedback insurance - Batch 1\20220329_124139\requests\main\83.har

2022-03-29 12:43:21 - [MESSAGE][PASSED] - Send request successfully

2022-03-29 12:43:21 - [TEST_STEP][PASSED] - response_feedback = feedback.getResponseText(): null

2022-03-29 12:43:21 - [TEST_STEP][PASSED] - markPassed("result feedback data : " + no + " norek : " + norek + " nopin : " + nopin): result feedback data : 88 norek : 9450006810 nopin : 001

2022-03-29 12:43:21 - [MESSAGE][PASSED] - result feedback data : 88 norek : 9450006810 nopin : 001

2022-03-29 12:43:21 - [TEST_STEP][PASSED] - logInfo($response_feedback): {
  "FeedbackCarInsuranceResponse" : {
    "errorCode" : "12",
    "errorMessage" : "Data Sudah Pernah Disubmit"
  }
}

2022-03-29 12:43:21 - [MESSAGE][INFO] - {
  "FeedbackCarInsuranceResponse" : {
    "errorCode" : "12",
    "errorMessage" : "Data Sudah Pernah Disubmit"
  }
}

2022-03-29 12:43:21 - [TEST_STEP][FAILED] - verifyElementPropertyValue(feedback, "FeedbackCarInsuranceResponse.errorMessage", "Sukses", CONTINUE_ON_FAILURE): Expected element property value 'Sukses' is not equal with actual property value 'Data Sudah Pernah Disubmit'

2022-03-29 12:43:21 - [MESSAGE][FAILED] - Expected element property value 'Sukses' is not equal with actual property value 'Data Sudah Pernah Disubmit']]></system-out>
         <system-err><![CDATA[2022-03-29 12:43:19 - [TEST_CASE][FAILED] - Test Cases/3. get token - feedback insurance: Test Cases/3. get token - feedback insurance FAILED.
Reason:
com.kms.katalon.core.exception.StepFailedException: Expected element property value 'Sukses' is not equal with actual property value 'Data Sudah Pernah Disubmit'
	at com.kms.katalon.core.keyword.internal.KeywordMain.stepFailed(KeywordMain.groovy:39)
	at com.kms.katalon.core.webservice.keyword.builtin.VerifyElementPropertyValueKeyword$_verifyElementPropertyValue_closure1.doCall(VerifyElementPropertyValueKeyword.groovy:56)
	at com.kms.katalon.core.webservice.keyword.builtin.VerifyElementPropertyValueKeyword$_verifyElementPropertyValue_closure1.call(VerifyElementPropertyValueKeyword.groovy)
	at com.kms.katalon.core.keyword.internal.KeywordMain.runKeyword(KeywordMain.groovy:74)
	at com.kms.katalon.core.webservice.keyword.builtin.VerifyElementPropertyValueKeyword.verifyElementPropertyValue(VerifyElementPropertyValueKeyword.groovy:48)
	at com.kms.katalon.core.webservice.keyword.builtin.VerifyElementPropertyValueKeyword.execute(VerifyElementPropertyValueKeyword.groovy:43)
	at com.kms.katalon.core.keyword.internal.KeywordExecutor.executeKeywordForPlatform(KeywordExecutor.groovy:74)
	at com.kms.katalon.core.webservice.keyword.WSBuiltInKeywords.verifyElementPropertyValue(WSBuiltInKeywords.groovy:175)
	at com.kms.katalon.core.webservice.keyword.WSBuiltInKeywords$verifyElementPropertyValue$0.call(Unknown Source)
	at 3. get token - feedback insurance.run(3. get token - feedback insurance:59)
	at com.kms.katalon.core.main.ScriptEngine.run(ScriptEngine.java:194)
	at com.kms.katalon.core.main.ScriptEngine.runScriptAsRawText(ScriptEngine.java:119)
	at com.kms.katalon.core.main.TestCaseExecutor.runScript(TestCaseExecutor.java:442)
	at com.kms.katalon.core.main.TestCaseExecutor.doExecute(TestCaseExecutor.java:433)
	at com.kms.katalon.core.main.TestCaseExecutor.processExecutionPhase(TestCaseExecutor.java:412)
	at com.kms.katalon.core.main.TestCaseExecutor.accessMainPhase(TestCaseExecutor.java:404)
	at com.kms.katalon.core.main.TestCaseExecutor.execute(TestCaseExecutor.java:281)
	at com.kms.katalon.core.main.TestSuiteExecutor.accessTestCaseMainPhase(TestSuiteExecutor.java:202)
	at com.kms.katalon.core.main.TestSuiteExecutor.accessTestSuiteMainPhase(TestSuiteExecutor.java:164)
	at com.kms.katalon.core.main.TestSuiteExecutor.execute(TestSuiteExecutor.java:105)
	at com.kms.katalon.core.main.TestCaseMain.startTestSuite(TestCaseMain.java:181)
	at com.kms.katalon.core.main.TestCaseMain$startTestSuite$0.call(Unknown Source)
	at TempTestSuite1648532499046.run(TempTestSuite1648532499046.groovy:36)]]></system-err>
      </testcase>
      <testcase name="Test Cases/3. get token - feedback insurance" time="1.351" classname="Test Cases/3. get token - feedback insurance" status="FAILED">
         <failure type="FAILED" message="Test Cases/3. get token - feedback insurance FAILED.
Reason:
com.kms.katalon.core.exception.StepFailedException: Expected element property value 'Sukses' is not equal with actual property value 'Data Sudah Pernah Disubmit'
	at com.kms.katalon.core.keyword.internal.KeywordMain.stepFailed(KeywordMain.groovy:39)
	at com.kms.katalon.core.webservice.keyword.builtin.VerifyElementPropertyValueKeyword$_verifyElementPropertyValue_closure1.doCall(VerifyElementPropertyValueKeyword.groovy:56)
	at com.kms.katalon.core.webservice.keyword.builtin.VerifyElementPropertyValueKeyword$_verifyElementPropertyValue_closure1.call(VerifyElementPropertyValueKeyword.groovy)
	at com.kms.katalon.core.keyword.internal.KeywordMain.runKeyword(KeywordMain.groovy:74)
	at com.kms.katalon.core.webservice.keyword.builtin.VerifyElementPropertyValueKeyword.verifyElementPropertyValue(VerifyElementPropertyValueKeyword.groovy:48)
	at com.kms.katalon.core.webservice.keyword.builtin.VerifyElementPropertyValueKeyword.execute(VerifyElementPropertyValueKeyword.groovy:43)
	at com.kms.katalon.core.keyword.internal.KeywordExecutor.executeKeywordForPlatform(KeywordExecutor.groovy:74)
	at com.kms.katalon.core.webservice.keyword.WSBuiltInKeywords.verifyElementPropertyValue(WSBuiltInKeywords.groovy:175)
	at com.kms.katalon.core.webservice.keyword.WSBuiltInKeywords$verifyElementPropertyValue$0.call(Unknown Source)
	at 3. get token - feedback insurance.run(3. get token - feedback insurance:59)
	at com.kms.katalon.core.main.ScriptEngine.run(ScriptEngine.java:194)
	at com.kms.katalon.core.main.ScriptEngine.runScriptAsRawText(ScriptEngine.java:119)
	at com.kms.katalon.core.main.TestCaseExecutor.runScript(TestCaseExecutor.java:442)
	at com.kms.katalon.core.main.TestCaseExecutor.doExecute(TestCaseExecutor.java:433)
	at com.kms.katalon.core.main.TestCaseExecutor.processExecutionPhase(TestCaseExecutor.java:412)
	at com.kms.katalon.core.main.TestCaseExecutor.accessMainPhase(TestCaseExecutor.java:404)
	at com.kms.katalon.core.main.TestCaseExecutor.execute(TestCaseExecutor.java:281)
	at com.kms.katalon.core.main.TestSuiteExecutor.accessTestCaseMainPhase(TestSuiteExecutor.java:202)
	at com.kms.katalon.core.main.TestSuiteExecutor.accessTestSuiteMainPhase(TestSuiteExecutor.java:164)
	at com.kms.katalon.core.main.TestSuiteExecutor.execute(TestSuiteExecutor.java:105)
	at com.kms.katalon.core.main.TestCaseMain.startTestSuite(TestCaseMain.java:181)
	at com.kms.katalon.core.main.TestCaseMain$startTestSuite$0.call(Unknown Source)
	at TempTestSuite1648532499046.run(TempTestSuite1648532499046.groovy:36)
"/>
         <system-out><![CDATA[2022-03-29 12:43:21 - [TEST_CASE][FAILED] - Test Cases/3. get token - feedback insurance: Test Cases/3. get token - feedback insurance FAILED.
Reason:
com.kms.katalon.core.exception.StepFailedException: Expected element property value 'Sukses' is not equal with actual property value 'Data Sudah Pernah Disubmit'
	at com.kms.katalon.core.keyword.internal.KeywordMain.stepFailed(KeywordMain.groovy:39)
	at com.kms.katalon.core.webservice.keyword.builtin.VerifyElementPropertyValueKeyword$_verifyElementPropertyValue_closure1.doCall(VerifyElementPropertyValueKeyword.groovy:56)
	at com.kms.katalon.core.webservice.keyword.builtin.VerifyElementPropertyValueKeyword$_verifyElementPropertyValue_closure1.call(VerifyElementPropertyValueKeyword.groovy)
	at com.kms.katalon.core.keyword.internal.KeywordMain.runKeyword(KeywordMain.groovy:74)
	at com.kms.katalon.core.webservice.keyword.builtin.VerifyElementPropertyValueKeyword.verifyElementPropertyValue(VerifyElementPropertyValueKeyword.groovy:48)
	at com.kms.katalon.core.webservice.keyword.builtin.VerifyElementPropertyValueKeyword.execute(VerifyElementPropertyValueKeyword.groovy:43)
	at com.kms.katalon.core.keyword.internal.KeywordExecutor.executeKeywordForPlatform(KeywordExecutor.groovy:74)
	at com.kms.katalon.core.webservice.keyword.WSBuiltInKeywords.verifyElementPropertyValue(WSBuiltInKeywords.groovy:175)
	at com.kms.katalon.core.webservice.keyword.WSBuiltInKeywords$verifyElementPropertyValue$0.call(Unknown Source)
	at 3. get token - feedback insurance.run(3. get token - feedback insurance:59)
	at com.kms.katalon.core.main.ScriptEngine.run(ScriptEngine.java:194)
	at com.kms.katalon.core.main.ScriptEngine.runScriptAsRawText(ScriptEngine.java:119)
	at com.kms.katalon.core.main.TestCaseExecutor.runScript(TestCaseExecutor.java:442)
	at com.kms.katalon.core.main.TestCaseExecutor.doExecute(TestCaseExecutor.java:433)
	at com.kms.katalon.core.main.TestCaseExecutor.processExecutionPhase(TestCaseExecutor.java:412)
	at com.kms.katalon.core.main.TestCaseExecutor.accessMainPhase(TestCaseExecutor.java:404)
	at com.kms.katalon.core.main.TestCaseExecutor.execute(TestCaseExecutor.java:281)
	at com.kms.katalon.core.main.TestSuiteExecutor.accessTestCaseMainPhase(TestSuiteExecutor.java:202)
	at com.kms.katalon.core.main.TestSuiteExecutor.accessTestSuiteMainPhase(TestSuiteExecutor.java:164)
	at com.kms.katalon.core.main.TestSuiteExecutor.execute(TestSuiteExecutor.java:105)
	at com.kms.katalon.core.main.TestCaseMain.startTestSuite(TestCaseMain.java:181)
	at com.kms.katalon.core.main.TestCaseMain$startTestSuite$0.call(Unknown Source)
	at TempTestSuite1648532499046.run(TempTestSuite1648532499046.groovy:36)


2022-03-29 12:43:21 - [TEST_STEP][PASSED] - token = sendRequest(findTestObject("1. Get-Token")): Send request successfully

2022-03-29 12:43:22 - [MESSAGE][INFO] - HAR: I:\app-testing\app-project\Order car insurance\order-car-insurance\Reports\20220329_124138\3. Get feedback insurance - Batch 1\20220329_124139\requests\main\84.har

2022-03-29 12:43:22 - [MESSAGE][PASSED] - Send request successfully

2022-03-29 12:43:22 - [TEST_STEP][PASSED] - slurper = new groovy.json.JsonSlurper(): null

2022-03-29 12:43:22 - [TEST_STEP][PASSED] - get_token = slurper.parseText(token.getResponseBodyContent()): null

2022-03-29 12:43:22 - [TEST_STEP][PASSED] - private_token = access_token: null

2022-03-29 12:43:22 - [TEST_STEP][PASSED] - global_token = private_token: null

2022-03-29 12:43:22 - [TEST_STEP][PASSED] - println("token is :" + global_token): null

2022-03-29 12:43:22 - [TEST_STEP][PASSED] - response_token = token.getResponseText(): null

2022-03-29 12:43:22 - [TEST_STEP][PASSED] - logInfo($response_token): {"fault":{"faultstring":"Access Denied for client ip : 8.29.105.53","detail":{"errorcode":"accesscontrol.IPDeniedAccess"}}}

2022-03-29 12:43:22 - [MESSAGE][INFO] - {"fault":{"faultstring":"Access Denied for client ip : 8.29.105.53","detail":{"errorcode":"accesscontrol.IPDeniedAccess"}}}

2022-03-29 12:43:22 - [TEST_STEP][PASSED] - feedback = sendRequest(findTestObject("4. Feedback-ins", ["s_key":global_token, "batchid":batchid, "norek":norek, "nopin":nopin, "custname":custname, "pemohon":pemohon, "branchid":branchid, ... ])): Send request successfully

2022-03-29 12:43:23 - [MESSAGE][INFO] - HAR: I:\app-testing\app-project\Order car insurance\order-car-insurance\Reports\20220329_124138\3. Get feedback insurance - Batch 1\20220329_124139\requests\main\85.har

2022-03-29 12:43:23 - [MESSAGE][PASSED] - Send request successfully

2022-03-29 12:43:23 - [TEST_STEP][PASSED] - response_feedback = feedback.getResponseText(): null

2022-03-29 12:43:23 - [TEST_STEP][PASSED] - markPassed("result feedback data : " + no + " norek : " + norek + " nopin : " + nopin): result feedback data : 89 norek : 9450006810 nopin : 001

2022-03-29 12:43:23 - [MESSAGE][PASSED] - result feedback data : 89 norek : 9450006810 nopin : 001

2022-03-29 12:43:23 - [TEST_STEP][PASSED] - logInfo($response_feedback): {
  "FeedbackCarInsuranceResponse" : {
    "errorCode" : "12",
    "errorMessage" : "Data Sudah Pernah Disubmit"
  }
}

2022-03-29 12:43:23 - [MESSAGE][INFO] - {
  "FeedbackCarInsuranceResponse" : {
    "errorCode" : "12",
    "errorMessage" : "Data Sudah Pernah Disubmit"
  }
}

2022-03-29 12:43:23 - [TEST_STEP][FAILED] - verifyElementPropertyValue(feedback, "FeedbackCarInsuranceResponse.errorMessage", "Sukses", CONTINUE_ON_FAILURE): Expected element property value 'Sukses' is not equal with actual property value 'Data Sudah Pernah Disubmit'

2022-03-29 12:43:23 - [MESSAGE][FAILED] - Expected element property value 'Sukses' is not equal with actual property value 'Data Sudah Pernah Disubmit']]></system-out>
         <system-err><![CDATA[2022-03-29 12:43:21 - [TEST_CASE][FAILED] - Test Cases/3. get token - feedback insurance: Test Cases/3. get token - feedback insurance FAILED.
Reason:
com.kms.katalon.core.exception.StepFailedException: Expected element property value 'Sukses' is not equal with actual property value 'Data Sudah Pernah Disubmit'
	at com.kms.katalon.core.keyword.internal.KeywordMain.stepFailed(KeywordMain.groovy:39)
	at com.kms.katalon.core.webservice.keyword.builtin.VerifyElementPropertyValueKeyword$_verifyElementPropertyValue_closure1.doCall(VerifyElementPropertyValueKeyword.groovy:56)
	at com.kms.katalon.core.webservice.keyword.builtin.VerifyElementPropertyValueKeyword$_verifyElementPropertyValue_closure1.call(VerifyElementPropertyValueKeyword.groovy)
	at com.kms.katalon.core.keyword.internal.KeywordMain.runKeyword(KeywordMain.groovy:74)
	at com.kms.katalon.core.webservice.keyword.builtin.VerifyElementPropertyValueKeyword.verifyElementPropertyValue(VerifyElementPropertyValueKeyword.groovy:48)
	at com.kms.katalon.core.webservice.keyword.builtin.VerifyElementPropertyValueKeyword.execute(VerifyElementPropertyValueKeyword.groovy:43)
	at com.kms.katalon.core.keyword.internal.KeywordExecutor.executeKeywordForPlatform(KeywordExecutor.groovy:74)
	at com.kms.katalon.core.webservice.keyword.WSBuiltInKeywords.verifyElementPropertyValue(WSBuiltInKeywords.groovy:175)
	at com.kms.katalon.core.webservice.keyword.WSBuiltInKeywords$verifyElementPropertyValue$0.call(Unknown Source)
	at 3. get token - feedback insurance.run(3. get token - feedback insurance:59)
	at com.kms.katalon.core.main.ScriptEngine.run(ScriptEngine.java:194)
	at com.kms.katalon.core.main.ScriptEngine.runScriptAsRawText(ScriptEngine.java:119)
	at com.kms.katalon.core.main.TestCaseExecutor.runScript(TestCaseExecutor.java:442)
	at com.kms.katalon.core.main.TestCaseExecutor.doExecute(TestCaseExecutor.java:433)
	at com.kms.katalon.core.main.TestCaseExecutor.processExecutionPhase(TestCaseExecutor.java:412)
	at com.kms.katalon.core.main.TestCaseExecutor.accessMainPhase(TestCaseExecutor.java:404)
	at com.kms.katalon.core.main.TestCaseExecutor.execute(TestCaseExecutor.java:281)
	at com.kms.katalon.core.main.TestSuiteExecutor.accessTestCaseMainPhase(TestSuiteExecutor.java:202)
	at com.kms.katalon.core.main.TestSuiteExecutor.accessTestSuiteMainPhase(TestSuiteExecutor.java:164)
	at com.kms.katalon.core.main.TestSuiteExecutor.execute(TestSuiteExecutor.java:105)
	at com.kms.katalon.core.main.TestCaseMain.startTestSuite(TestCaseMain.java:181)
	at com.kms.katalon.core.main.TestCaseMain$startTestSuite$0.call(Unknown Source)
	at TempTestSuite1648532499046.run(TempTestSuite1648532499046.groovy:36)]]></system-err>
      </testcase>
      <testcase name="Test Cases/3. get token - feedback insurance" time="1.494" classname="Test Cases/3. get token - feedback insurance" status="FAILED">
         <failure type="FAILED" message="Test Cases/3. get token - feedback insurance FAILED.
Reason:
com.kms.katalon.core.exception.StepFailedException: Expected element property value 'Sukses' is not equal with actual property value 'Data Sudah Pernah Disubmit'
	at com.kms.katalon.core.keyword.internal.KeywordMain.stepFailed(KeywordMain.groovy:39)
	at com.kms.katalon.core.webservice.keyword.builtin.VerifyElementPropertyValueKeyword$_verifyElementPropertyValue_closure1.doCall(VerifyElementPropertyValueKeyword.groovy:56)
	at com.kms.katalon.core.webservice.keyword.builtin.VerifyElementPropertyValueKeyword$_verifyElementPropertyValue_closure1.call(VerifyElementPropertyValueKeyword.groovy)
	at com.kms.katalon.core.keyword.internal.KeywordMain.runKeyword(KeywordMain.groovy:74)
	at com.kms.katalon.core.webservice.keyword.builtin.VerifyElementPropertyValueKeyword.verifyElementPropertyValue(VerifyElementPropertyValueKeyword.groovy:48)
	at com.kms.katalon.core.webservice.keyword.builtin.VerifyElementPropertyValueKeyword.execute(VerifyElementPropertyValueKeyword.groovy:43)
	at com.kms.katalon.core.keyword.internal.KeywordExecutor.executeKeywordForPlatform(KeywordExecutor.groovy:74)
	at com.kms.katalon.core.webservice.keyword.WSBuiltInKeywords.verifyElementPropertyValue(WSBuiltInKeywords.groovy:175)
	at com.kms.katalon.core.webservice.keyword.WSBuiltInKeywords$verifyElementPropertyValue$0.call(Unknown Source)
	at 3. get token - feedback insurance.run(3. get token - feedback insurance:59)
	at com.kms.katalon.core.main.ScriptEngine.run(ScriptEngine.java:194)
	at com.kms.katalon.core.main.ScriptEngine.runScriptAsRawText(ScriptEngine.java:119)
	at com.kms.katalon.core.main.TestCaseExecutor.runScript(TestCaseExecutor.java:442)
	at com.kms.katalon.core.main.TestCaseExecutor.doExecute(TestCaseExecutor.java:433)
	at com.kms.katalon.core.main.TestCaseExecutor.processExecutionPhase(TestCaseExecutor.java:412)
	at com.kms.katalon.core.main.TestCaseExecutor.accessMainPhase(TestCaseExecutor.java:404)
	at com.kms.katalon.core.main.TestCaseExecutor.execute(TestCaseExecutor.java:281)
	at com.kms.katalon.core.main.TestSuiteExecutor.accessTestCaseMainPhase(TestSuiteExecutor.java:202)
	at com.kms.katalon.core.main.TestSuiteExecutor.accessTestSuiteMainPhase(TestSuiteExecutor.java:164)
	at com.kms.katalon.core.main.TestSuiteExecutor.execute(TestSuiteExecutor.java:105)
	at com.kms.katalon.core.main.TestCaseMain.startTestSuite(TestCaseMain.java:181)
	at com.kms.katalon.core.main.TestCaseMain$startTestSuite$0.call(Unknown Source)
	at TempTestSuite1648532499046.run(TempTestSuite1648532499046.groovy:36)
"/>
         <system-out><![CDATA[2022-03-29 12:43:23 - [TEST_CASE][FAILED] - Test Cases/3. get token - feedback insurance: Test Cases/3. get token - feedback insurance FAILED.
Reason:
com.kms.katalon.core.exception.StepFailedException: Expected element property value 'Sukses' is not equal with actual property value 'Data Sudah Pernah Disubmit'
	at com.kms.katalon.core.keyword.internal.KeywordMain.stepFailed(KeywordMain.groovy:39)
	at com.kms.katalon.core.webservice.keyword.builtin.VerifyElementPropertyValueKeyword$_verifyElementPropertyValue_closure1.doCall(VerifyElementPropertyValueKeyword.groovy:56)
	at com.kms.katalon.core.webservice.keyword.builtin.VerifyElementPropertyValueKeyword$_verifyElementPropertyValue_closure1.call(VerifyElementPropertyValueKeyword.groovy)
	at com.kms.katalon.core.keyword.internal.KeywordMain.runKeyword(KeywordMain.groovy:74)
	at com.kms.katalon.core.webservice.keyword.builtin.VerifyElementPropertyValueKeyword.verifyElementPropertyValue(VerifyElementPropertyValueKeyword.groovy:48)
	at com.kms.katalon.core.webservice.keyword.builtin.VerifyElementPropertyValueKeyword.execute(VerifyElementPropertyValueKeyword.groovy:43)
	at com.kms.katalon.core.keyword.internal.KeywordExecutor.executeKeywordForPlatform(KeywordExecutor.groovy:74)
	at com.kms.katalon.core.webservice.keyword.WSBuiltInKeywords.verifyElementPropertyValue(WSBuiltInKeywords.groovy:175)
	at com.kms.katalon.core.webservice.keyword.WSBuiltInKeywords$verifyElementPropertyValue$0.call(Unknown Source)
	at 3. get token - feedback insurance.run(3. get token - feedback insurance:59)
	at com.kms.katalon.core.main.ScriptEngine.run(ScriptEngine.java:194)
	at com.kms.katalon.core.main.ScriptEngine.runScriptAsRawText(ScriptEngine.java:119)
	at com.kms.katalon.core.main.TestCaseExecutor.runScript(TestCaseExecutor.java:442)
	at com.kms.katalon.core.main.TestCaseExecutor.doExecute(TestCaseExecutor.java:433)
	at com.kms.katalon.core.main.TestCaseExecutor.processExecutionPhase(TestCaseExecutor.java:412)
	at com.kms.katalon.core.main.TestCaseExecutor.accessMainPhase(TestCaseExecutor.java:404)
	at com.kms.katalon.core.main.TestCaseExecutor.execute(TestCaseExecutor.java:281)
	at com.kms.katalon.core.main.TestSuiteExecutor.accessTestCaseMainPhase(TestSuiteExecutor.java:202)
	at com.kms.katalon.core.main.TestSuiteExecutor.accessTestSuiteMainPhase(TestSuiteExecutor.java:164)
	at com.kms.katalon.core.main.TestSuiteExecutor.execute(TestSuiteExecutor.java:105)
	at com.kms.katalon.core.main.TestCaseMain.startTestSuite(TestCaseMain.java:181)
	at com.kms.katalon.core.main.TestCaseMain$startTestSuite$0.call(Unknown Source)
	at TempTestSuite1648532499046.run(TempTestSuite1648532499046.groovy:36)


2022-03-29 12:43:23 - [TEST_STEP][PASSED] - token = sendRequest(findTestObject("1. Get-Token")): Send request successfully

2022-03-29 12:43:23 - [MESSAGE][INFO] - HAR: I:\app-testing\app-project\Order car insurance\order-car-insurance\Reports\20220329_124138\3. Get feedback insurance - Batch 1\20220329_124139\requests\main\86.har

2022-03-29 12:43:24 - [MESSAGE][PASSED] - Send request successfully

2022-03-29 12:43:24 - [TEST_STEP][PASSED] - slurper = new groovy.json.JsonSlurper(): null

2022-03-29 12:43:24 - [TEST_STEP][PASSED] - get_token = slurper.parseText(token.getResponseBodyContent()): null

2022-03-29 12:43:24 - [TEST_STEP][PASSED] - private_token = access_token: null

2022-03-29 12:43:24 - [TEST_STEP][PASSED] - global_token = private_token: null

2022-03-29 12:43:24 - [TEST_STEP][PASSED] - println("token is :" + global_token): null

2022-03-29 12:43:24 - [TEST_STEP][PASSED] - response_token = token.getResponseText(): null

2022-03-29 12:43:24 - [TEST_STEP][PASSED] - logInfo($response_token): {"fault":{"faultstring":"Access Denied for client ip : 8.29.105.53","detail":{"errorcode":"accesscontrol.IPDeniedAccess"}}}

2022-03-29 12:43:24 - [MESSAGE][INFO] - {"fault":{"faultstring":"Access Denied for client ip : 8.29.105.53","detail":{"errorcode":"accesscontrol.IPDeniedAccess"}}}

2022-03-29 12:43:24 - [TEST_STEP][PASSED] - feedback = sendRequest(findTestObject("4. Feedback-ins", ["s_key":global_token, "batchid":batchid, "norek":norek, "nopin":nopin, "custname":custname, "pemohon":pemohon, "branchid":branchid, ... ])): Send request successfully

2022-03-29 12:43:25 - [MESSAGE][INFO] - HAR: I:\app-testing\app-project\Order car insurance\order-car-insurance\Reports\20220329_124138\3. Get feedback insurance - Batch 1\20220329_124139\requests\main\87.har

2022-03-29 12:43:25 - [MESSAGE][PASSED] - Send request successfully

2022-03-29 12:43:25 - [TEST_STEP][PASSED] - response_feedback = feedback.getResponseText(): null

2022-03-29 12:43:25 - [TEST_STEP][PASSED] - markPassed("result feedback data : " + no + " norek : " + norek + " nopin : " + nopin): result feedback data : 90 norek : 9450006810 nopin : 001

2022-03-29 12:43:25 - [MESSAGE][PASSED] - result feedback data : 90 norek : 9450006810 nopin : 001

2022-03-29 12:43:25 - [TEST_STEP][PASSED] - logInfo($response_feedback): {
  "FeedbackCarInsuranceResponse" : {
    "errorCode" : "12",
    "errorMessage" : "Data Sudah Pernah Disubmit"
  }
}

2022-03-29 12:43:25 - [MESSAGE][INFO] - {
  "FeedbackCarInsuranceResponse" : {
    "errorCode" : "12",
    "errorMessage" : "Data Sudah Pernah Disubmit"
  }
}

2022-03-29 12:43:25 - [TEST_STEP][FAILED] - verifyElementPropertyValue(feedback, "FeedbackCarInsuranceResponse.errorMessage", "Sukses", CONTINUE_ON_FAILURE): Expected element property value 'Sukses' is not equal with actual property value 'Data Sudah Pernah Disubmit'

2022-03-29 12:43:25 - [MESSAGE][FAILED] - Expected element property value 'Sukses' is not equal with actual property value 'Data Sudah Pernah Disubmit']]></system-out>
         <system-err><![CDATA[2022-03-29 12:43:23 - [TEST_CASE][FAILED] - Test Cases/3. get token - feedback insurance: Test Cases/3. get token - feedback insurance FAILED.
Reason:
com.kms.katalon.core.exception.StepFailedException: Expected element property value 'Sukses' is not equal with actual property value 'Data Sudah Pernah Disubmit'
	at com.kms.katalon.core.keyword.internal.KeywordMain.stepFailed(KeywordMain.groovy:39)
	at com.kms.katalon.core.webservice.keyword.builtin.VerifyElementPropertyValueKeyword$_verifyElementPropertyValue_closure1.doCall(VerifyElementPropertyValueKeyword.groovy:56)
	at com.kms.katalon.core.webservice.keyword.builtin.VerifyElementPropertyValueKeyword$_verifyElementPropertyValue_closure1.call(VerifyElementPropertyValueKeyword.groovy)
	at com.kms.katalon.core.keyword.internal.KeywordMain.runKeyword(KeywordMain.groovy:74)
	at com.kms.katalon.core.webservice.keyword.builtin.VerifyElementPropertyValueKeyword.verifyElementPropertyValue(VerifyElementPropertyValueKeyword.groovy:48)
	at com.kms.katalon.core.webservice.keyword.builtin.VerifyElementPropertyValueKeyword.execute(VerifyElementPropertyValueKeyword.groovy:43)
	at com.kms.katalon.core.keyword.internal.KeywordExecutor.executeKeywordForPlatform(KeywordExecutor.groovy:74)
	at com.kms.katalon.core.webservice.keyword.WSBuiltInKeywords.verifyElementPropertyValue(WSBuiltInKeywords.groovy:175)
	at com.kms.katalon.core.webservice.keyword.WSBuiltInKeywords$verifyElementPropertyValue$0.call(Unknown Source)
	at 3. get token - feedback insurance.run(3. get token - feedback insurance:59)
	at com.kms.katalon.core.main.ScriptEngine.run(ScriptEngine.java:194)
	at com.kms.katalon.core.main.ScriptEngine.runScriptAsRawText(ScriptEngine.java:119)
	at com.kms.katalon.core.main.TestCaseExecutor.runScript(TestCaseExecutor.java:442)
	at com.kms.katalon.core.main.TestCaseExecutor.doExecute(TestCaseExecutor.java:433)
	at com.kms.katalon.core.main.TestCaseExecutor.processExecutionPhase(TestCaseExecutor.java:412)
	at com.kms.katalon.core.main.TestCaseExecutor.accessMainPhase(TestCaseExecutor.java:404)
	at com.kms.katalon.core.main.TestCaseExecutor.execute(TestCaseExecutor.java:281)
	at com.kms.katalon.core.main.TestSuiteExecutor.accessTestCaseMainPhase(TestSuiteExecutor.java:202)
	at com.kms.katalon.core.main.TestSuiteExecutor.accessTestSuiteMainPhase(TestSuiteExecutor.java:164)
	at com.kms.katalon.core.main.TestSuiteExecutor.execute(TestSuiteExecutor.java:105)
	at com.kms.katalon.core.main.TestCaseMain.startTestSuite(TestCaseMain.java:181)
	at com.kms.katalon.core.main.TestCaseMain$startTestSuite$0.call(Unknown Source)
	at TempTestSuite1648532499046.run(TempTestSuite1648532499046.groovy:36)]]></system-err>
      </testcase>
      <testcase name="Test Cases/3. get token - feedback insurance" time="3.143" classname="Test Cases/3. get token - feedback insurance" status="FAILED">
         <failure type="FAILED" message="Test Cases/3. get token - feedback insurance FAILED.
Reason:
com.kms.katalon.core.exception.StepFailedException: Expected element property value 'Sukses' is not equal with actual property value 'Data Sudah Pernah Disubmit'
	at com.kms.katalon.core.keyword.internal.KeywordMain.stepFailed(KeywordMain.groovy:39)
	at com.kms.katalon.core.webservice.keyword.builtin.VerifyElementPropertyValueKeyword$_verifyElementPropertyValue_closure1.doCall(VerifyElementPropertyValueKeyword.groovy:56)
	at com.kms.katalon.core.webservice.keyword.builtin.VerifyElementPropertyValueKeyword$_verifyElementPropertyValue_closure1.call(VerifyElementPropertyValueKeyword.groovy)
	at com.kms.katalon.core.keyword.internal.KeywordMain.runKeyword(KeywordMain.groovy:74)
	at com.kms.katalon.core.webservice.keyword.builtin.VerifyElementPropertyValueKeyword.verifyElementPropertyValue(VerifyElementPropertyValueKeyword.groovy:48)
	at com.kms.katalon.core.webservice.keyword.builtin.VerifyElementPropertyValueKeyword.execute(VerifyElementPropertyValueKeyword.groovy:43)
	at com.kms.katalon.core.keyword.internal.KeywordExecutor.executeKeywordForPlatform(KeywordExecutor.groovy:74)
	at com.kms.katalon.core.webservice.keyword.WSBuiltInKeywords.verifyElementPropertyValue(WSBuiltInKeywords.groovy:175)
	at com.kms.katalon.core.webservice.keyword.WSBuiltInKeywords$verifyElementPropertyValue$0.call(Unknown Source)
	at 3. get token - feedback insurance.run(3. get token - feedback insurance:59)
	at com.kms.katalon.core.main.ScriptEngine.run(ScriptEngine.java:194)
	at com.kms.katalon.core.main.ScriptEngine.runScriptAsRawText(ScriptEngine.java:119)
	at com.kms.katalon.core.main.TestCaseExecutor.runScript(TestCaseExecutor.java:442)
	at com.kms.katalon.core.main.TestCaseExecutor.doExecute(TestCaseExecutor.java:433)
	at com.kms.katalon.core.main.TestCaseExecutor.processExecutionPhase(TestCaseExecutor.java:412)
	at com.kms.katalon.core.main.TestCaseExecutor.accessMainPhase(TestCaseExecutor.java:404)
	at com.kms.katalon.core.main.TestCaseExecutor.execute(TestCaseExecutor.java:281)
	at com.kms.katalon.core.main.TestSuiteExecutor.accessTestCaseMainPhase(TestSuiteExecutor.java:202)
	at com.kms.katalon.core.main.TestSuiteExecutor.accessTestSuiteMainPhase(TestSuiteExecutor.java:164)
	at com.kms.katalon.core.main.TestSuiteExecutor.execute(TestSuiteExecutor.java:105)
	at com.kms.katalon.core.main.TestCaseMain.startTestSuite(TestCaseMain.java:181)
	at com.kms.katalon.core.main.TestCaseMain$startTestSuite$0.call(Unknown Source)
	at TempTestSuite1648532499046.run(TempTestSuite1648532499046.groovy:36)
"/>
         <system-out><![CDATA[2022-03-29 12:43:25 - [TEST_CASE][FAILED] - Test Cases/3. get token - feedback insurance: Test Cases/3. get token - feedback insurance FAILED.
Reason:
com.kms.katalon.core.exception.StepFailedException: Expected element property value 'Sukses' is not equal with actual property value 'Data Sudah Pernah Disubmit'
	at com.kms.katalon.core.keyword.internal.KeywordMain.stepFailed(KeywordMain.groovy:39)
	at com.kms.katalon.core.webservice.keyword.builtin.VerifyElementPropertyValueKeyword$_verifyElementPropertyValue_closure1.doCall(VerifyElementPropertyValueKeyword.groovy:56)
	at com.kms.katalon.core.webservice.keyword.builtin.VerifyElementPropertyValueKeyword$_verifyElementPropertyValue_closure1.call(VerifyElementPropertyValueKeyword.groovy)
	at com.kms.katalon.core.keyword.internal.KeywordMain.runKeyword(KeywordMain.groovy:74)
	at com.kms.katalon.core.webservice.keyword.builtin.VerifyElementPropertyValueKeyword.verifyElementPropertyValue(VerifyElementPropertyValueKeyword.groovy:48)
	at com.kms.katalon.core.webservice.keyword.builtin.VerifyElementPropertyValueKeyword.execute(VerifyElementPropertyValueKeyword.groovy:43)
	at com.kms.katalon.core.keyword.internal.KeywordExecutor.executeKeywordForPlatform(KeywordExecutor.groovy:74)
	at com.kms.katalon.core.webservice.keyword.WSBuiltInKeywords.verifyElementPropertyValue(WSBuiltInKeywords.groovy:175)
	at com.kms.katalon.core.webservice.keyword.WSBuiltInKeywords$verifyElementPropertyValue$0.call(Unknown Source)
	at 3. get token - feedback insurance.run(3. get token - feedback insurance:59)
	at com.kms.katalon.core.main.ScriptEngine.run(ScriptEngine.java:194)
	at com.kms.katalon.core.main.ScriptEngine.runScriptAsRawText(ScriptEngine.java:119)
	at com.kms.katalon.core.main.TestCaseExecutor.runScript(TestCaseExecutor.java:442)
	at com.kms.katalon.core.main.TestCaseExecutor.doExecute(TestCaseExecutor.java:433)
	at com.kms.katalon.core.main.TestCaseExecutor.processExecutionPhase(TestCaseExecutor.java:412)
	at com.kms.katalon.core.main.TestCaseExecutor.accessMainPhase(TestCaseExecutor.java:404)
	at com.kms.katalon.core.main.TestCaseExecutor.execute(TestCaseExecutor.java:281)
	at com.kms.katalon.core.main.TestSuiteExecutor.accessTestCaseMainPhase(TestSuiteExecutor.java:202)
	at com.kms.katalon.core.main.TestSuiteExecutor.accessTestSuiteMainPhase(TestSuiteExecutor.java:164)
	at com.kms.katalon.core.main.TestSuiteExecutor.execute(TestSuiteExecutor.java:105)
	at com.kms.katalon.core.main.TestCaseMain.startTestSuite(TestCaseMain.java:181)
	at com.kms.katalon.core.main.TestCaseMain$startTestSuite$0.call(Unknown Source)
	at TempTestSuite1648532499046.run(TempTestSuite1648532499046.groovy:36)


2022-03-29 12:43:25 - [TEST_STEP][PASSED] - token = sendRequest(findTestObject("1. Get-Token")): Send request successfully

2022-03-29 12:43:25 - [MESSAGE][INFO] - HAR: I:\app-testing\app-project\Order car insurance\order-car-insurance\Reports\20220329_124138\3. Get feedback insurance - Batch 1\20220329_124139\requests\main\88.har

2022-03-29 12:43:25 - [MESSAGE][PASSED] - Send request successfully

2022-03-29 12:43:25 - [TEST_STEP][PASSED] - slurper = new groovy.json.JsonSlurper(): null

2022-03-29 12:43:25 - [TEST_STEP][PASSED] - get_token = slurper.parseText(token.getResponseBodyContent()): null

2022-03-29 12:43:25 - [TEST_STEP][PASSED] - private_token = access_token: null

2022-03-29 12:43:25 - [TEST_STEP][PASSED] - global_token = private_token: null

2022-03-29 12:43:25 - [TEST_STEP][PASSED] - println("token is :" + global_token): null

2022-03-29 12:43:25 - [TEST_STEP][PASSED] - response_token = token.getResponseText(): null

2022-03-29 12:43:25 - [TEST_STEP][PASSED] - logInfo($response_token): {"fault":{"faultstring":"Access Denied for client ip : 8.29.105.53","detail":{"errorcode":"accesscontrol.IPDeniedAccess"}}}

2022-03-29 12:43:25 - [MESSAGE][INFO] - {"fault":{"faultstring":"Access Denied for client ip : 8.29.105.53","detail":{"errorcode":"accesscontrol.IPDeniedAccess"}}}

2022-03-29 12:43:25 - [TEST_STEP][PASSED] - feedback = sendRequest(findTestObject("4. Feedback-ins", ["s_key":global_token, "batchid":batchid, "norek":norek, "nopin":nopin, "custname":custname, "pemohon":pemohon, "branchid":branchid, ... ])): Send request successfully

2022-03-29 12:43:28 - [MESSAGE][INFO] - HAR: I:\app-testing\app-project\Order car insurance\order-car-insurance\Reports\20220329_124138\3. Get feedback insurance - Batch 1\20220329_124139\requests\main\89.har

2022-03-29 12:43:28 - [MESSAGE][PASSED] - Send request successfully

2022-03-29 12:43:28 - [TEST_STEP][PASSED] - response_feedback = feedback.getResponseText(): null

2022-03-29 12:43:28 - [TEST_STEP][PASSED] - markPassed("result feedback data : " + no + " norek : " + norek + " nopin : " + nopin): result feedback data : 91 norek : 9450006828 nopin : 001

2022-03-29 12:43:28 - [MESSAGE][PASSED] - result feedback data : 91 norek : 9450006828 nopin : 001

2022-03-29 12:43:28 - [TEST_STEP][PASSED] - logInfo($response_feedback): {
  "FeedbackCarInsuranceResponse" : {
    "errorCode" : "12",
    "errorMessage" : "Data Sudah Pernah Disubmit"
  }
}

2022-03-29 12:43:28 - [MESSAGE][INFO] - {
  "FeedbackCarInsuranceResponse" : {
    "errorCode" : "12",
    "errorMessage" : "Data Sudah Pernah Disubmit"
  }
}

2022-03-29 12:43:28 - [TEST_STEP][FAILED] - verifyElementPropertyValue(feedback, "FeedbackCarInsuranceResponse.errorMessage", "Sukses", CONTINUE_ON_FAILURE): Expected element property value 'Sukses' is not equal with actual property value 'Data Sudah Pernah Disubmit'

2022-03-29 12:43:28 - [MESSAGE][FAILED] - Expected element property value 'Sukses' is not equal with actual property value 'Data Sudah Pernah Disubmit']]></system-out>
         <system-err><![CDATA[2022-03-29 12:43:25 - [TEST_CASE][FAILED] - Test Cases/3. get token - feedback insurance: Test Cases/3. get token - feedback insurance FAILED.
Reason:
com.kms.katalon.core.exception.StepFailedException: Expected element property value 'Sukses' is not equal with actual property value 'Data Sudah Pernah Disubmit'
	at com.kms.katalon.core.keyword.internal.KeywordMain.stepFailed(KeywordMain.groovy:39)
	at com.kms.katalon.core.webservice.keyword.builtin.VerifyElementPropertyValueKeyword$_verifyElementPropertyValue_closure1.doCall(VerifyElementPropertyValueKeyword.groovy:56)
	at com.kms.katalon.core.webservice.keyword.builtin.VerifyElementPropertyValueKeyword$_verifyElementPropertyValue_closure1.call(VerifyElementPropertyValueKeyword.groovy)
	at com.kms.katalon.core.keyword.internal.KeywordMain.runKeyword(KeywordMain.groovy:74)
	at com.kms.katalon.core.webservice.keyword.builtin.VerifyElementPropertyValueKeyword.verifyElementPropertyValue(VerifyElementPropertyValueKeyword.groovy:48)
	at com.kms.katalon.core.webservice.keyword.builtin.VerifyElementPropertyValueKeyword.execute(VerifyElementPropertyValueKeyword.groovy:43)
	at com.kms.katalon.core.keyword.internal.KeywordExecutor.executeKeywordForPlatform(KeywordExecutor.groovy:74)
	at com.kms.katalon.core.webservice.keyword.WSBuiltInKeywords.verifyElementPropertyValue(WSBuiltInKeywords.groovy:175)
	at com.kms.katalon.core.webservice.keyword.WSBuiltInKeywords$verifyElementPropertyValue$0.call(Unknown Source)
	at 3. get token - feedback insurance.run(3. get token - feedback insurance:59)
	at com.kms.katalon.core.main.ScriptEngine.run(ScriptEngine.java:194)
	at com.kms.katalon.core.main.ScriptEngine.runScriptAsRawText(ScriptEngine.java:119)
	at com.kms.katalon.core.main.TestCaseExecutor.runScript(TestCaseExecutor.java:442)
	at com.kms.katalon.core.main.TestCaseExecutor.doExecute(TestCaseExecutor.java:433)
	at com.kms.katalon.core.main.TestCaseExecutor.processExecutionPhase(TestCaseExecutor.java:412)
	at com.kms.katalon.core.main.TestCaseExecutor.accessMainPhase(TestCaseExecutor.java:404)
	at com.kms.katalon.core.main.TestCaseExecutor.execute(TestCaseExecutor.java:281)
	at com.kms.katalon.core.main.TestSuiteExecutor.accessTestCaseMainPhase(TestSuiteExecutor.java:202)
	at com.kms.katalon.core.main.TestSuiteExecutor.accessTestSuiteMainPhase(TestSuiteExecutor.java:164)
	at com.kms.katalon.core.main.TestSuiteExecutor.execute(TestSuiteExecutor.java:105)
	at com.kms.katalon.core.main.TestCaseMain.startTestSuite(TestCaseMain.java:181)
	at com.kms.katalon.core.main.TestCaseMain$startTestSuite$0.call(Unknown Source)
	at TempTestSuite1648532499046.run(TempTestSuite1648532499046.groovy:36)]]></system-err>
      </testcase>
      <testcase name="Test Cases/3. get token - feedback insurance" time="1.373" classname="Test Cases/3. get token - feedback insurance" status="FAILED">
         <failure type="FAILED" message="Test Cases/3. get token - feedback insurance FAILED.
Reason:
com.kms.katalon.core.exception.StepFailedException: Expected element property value 'Sukses' is not equal with actual property value 'Data Sudah Pernah Disubmit'
	at com.kms.katalon.core.keyword.internal.KeywordMain.stepFailed(KeywordMain.groovy:39)
	at com.kms.katalon.core.webservice.keyword.builtin.VerifyElementPropertyValueKeyword$_verifyElementPropertyValue_closure1.doCall(VerifyElementPropertyValueKeyword.groovy:56)
	at com.kms.katalon.core.webservice.keyword.builtin.VerifyElementPropertyValueKeyword$_verifyElementPropertyValue_closure1.call(VerifyElementPropertyValueKeyword.groovy)
	at com.kms.katalon.core.keyword.internal.KeywordMain.runKeyword(KeywordMain.groovy:74)
	at com.kms.katalon.core.webservice.keyword.builtin.VerifyElementPropertyValueKeyword.verifyElementPropertyValue(VerifyElementPropertyValueKeyword.groovy:48)
	at com.kms.katalon.core.webservice.keyword.builtin.VerifyElementPropertyValueKeyword.execute(VerifyElementPropertyValueKeyword.groovy:43)
	at com.kms.katalon.core.keyword.internal.KeywordExecutor.executeKeywordForPlatform(KeywordExecutor.groovy:74)
	at com.kms.katalon.core.webservice.keyword.WSBuiltInKeywords.verifyElementPropertyValue(WSBuiltInKeywords.groovy:175)
	at com.kms.katalon.core.webservice.keyword.WSBuiltInKeywords$verifyElementPropertyValue$0.call(Unknown Source)
	at 3. get token - feedback insurance.run(3. get token - feedback insurance:59)
	at com.kms.katalon.core.main.ScriptEngine.run(ScriptEngine.java:194)
	at com.kms.katalon.core.main.ScriptEngine.runScriptAsRawText(ScriptEngine.java:119)
	at com.kms.katalon.core.main.TestCaseExecutor.runScript(TestCaseExecutor.java:442)
	at com.kms.katalon.core.main.TestCaseExecutor.doExecute(TestCaseExecutor.java:433)
	at com.kms.katalon.core.main.TestCaseExecutor.processExecutionPhase(TestCaseExecutor.java:412)
	at com.kms.katalon.core.main.TestCaseExecutor.accessMainPhase(TestCaseExecutor.java:404)
	at com.kms.katalon.core.main.TestCaseExecutor.execute(TestCaseExecutor.java:281)
	at com.kms.katalon.core.main.TestSuiteExecutor.accessTestCaseMainPhase(TestSuiteExecutor.java:202)
	at com.kms.katalon.core.main.TestSuiteExecutor.accessTestSuiteMainPhase(TestSuiteExecutor.java:164)
	at com.kms.katalon.core.main.TestSuiteExecutor.execute(TestSuiteExecutor.java:105)
	at com.kms.katalon.core.main.TestCaseMain.startTestSuite(TestCaseMain.java:181)
	at com.kms.katalon.core.main.TestCaseMain$startTestSuite$0.call(Unknown Source)
	at TempTestSuite1648532499046.run(TempTestSuite1648532499046.groovy:36)
"/>
         <system-out><![CDATA[2022-03-29 12:43:28 - [TEST_CASE][FAILED] - Test Cases/3. get token - feedback insurance: Test Cases/3. get token - feedback insurance FAILED.
Reason:
com.kms.katalon.core.exception.StepFailedException: Expected element property value 'Sukses' is not equal with actual property value 'Data Sudah Pernah Disubmit'
	at com.kms.katalon.core.keyword.internal.KeywordMain.stepFailed(KeywordMain.groovy:39)
	at com.kms.katalon.core.webservice.keyword.builtin.VerifyElementPropertyValueKeyword$_verifyElementPropertyValue_closure1.doCall(VerifyElementPropertyValueKeyword.groovy:56)
	at com.kms.katalon.core.webservice.keyword.builtin.VerifyElementPropertyValueKeyword$_verifyElementPropertyValue_closure1.call(VerifyElementPropertyValueKeyword.groovy)
	at com.kms.katalon.core.keyword.internal.KeywordMain.runKeyword(KeywordMain.groovy:74)
	at com.kms.katalon.core.webservice.keyword.builtin.VerifyElementPropertyValueKeyword.verifyElementPropertyValue(VerifyElementPropertyValueKeyword.groovy:48)
	at com.kms.katalon.core.webservice.keyword.builtin.VerifyElementPropertyValueKeyword.execute(VerifyElementPropertyValueKeyword.groovy:43)
	at com.kms.katalon.core.keyword.internal.KeywordExecutor.executeKeywordForPlatform(KeywordExecutor.groovy:74)
	at com.kms.katalon.core.webservice.keyword.WSBuiltInKeywords.verifyElementPropertyValue(WSBuiltInKeywords.groovy:175)
	at com.kms.katalon.core.webservice.keyword.WSBuiltInKeywords$verifyElementPropertyValue$0.call(Unknown Source)
	at 3. get token - feedback insurance.run(3. get token - feedback insurance:59)
	at com.kms.katalon.core.main.ScriptEngine.run(ScriptEngine.java:194)
	at com.kms.katalon.core.main.ScriptEngine.runScriptAsRawText(ScriptEngine.java:119)
	at com.kms.katalon.core.main.TestCaseExecutor.runScript(TestCaseExecutor.java:442)
	at com.kms.katalon.core.main.TestCaseExecutor.doExecute(TestCaseExecutor.java:433)
	at com.kms.katalon.core.main.TestCaseExecutor.processExecutionPhase(TestCaseExecutor.java:412)
	at com.kms.katalon.core.main.TestCaseExecutor.accessMainPhase(TestCaseExecutor.java:404)
	at com.kms.katalon.core.main.TestCaseExecutor.execute(TestCaseExecutor.java:281)
	at com.kms.katalon.core.main.TestSuiteExecutor.accessTestCaseMainPhase(TestSuiteExecutor.java:202)
	at com.kms.katalon.core.main.TestSuiteExecutor.accessTestSuiteMainPhase(TestSuiteExecutor.java:164)
	at com.kms.katalon.core.main.TestSuiteExecutor.execute(TestSuiteExecutor.java:105)
	at com.kms.katalon.core.main.TestCaseMain.startTestSuite(TestCaseMain.java:181)
	at com.kms.katalon.core.main.TestCaseMain$startTestSuite$0.call(Unknown Source)
	at TempTestSuite1648532499046.run(TempTestSuite1648532499046.groovy:36)


2022-03-29 12:43:28 - [TEST_STEP][PASSED] - token = sendRequest(findTestObject("1. Get-Token")): Send request successfully

2022-03-29 12:43:29 - [MESSAGE][INFO] - HAR: I:\app-testing\app-project\Order car insurance\order-car-insurance\Reports\20220329_124138\3. Get feedback insurance - Batch 1\20220329_124139\requests\main\90.har

2022-03-29 12:43:29 - [MESSAGE][PASSED] - Send request successfully

2022-03-29 12:43:29 - [TEST_STEP][PASSED] - slurper = new groovy.json.JsonSlurper(): null

2022-03-29 12:43:29 - [TEST_STEP][PASSED] - get_token = slurper.parseText(token.getResponseBodyContent()): null

2022-03-29 12:43:29 - [TEST_STEP][PASSED] - private_token = access_token: null

2022-03-29 12:43:29 - [TEST_STEP][PASSED] - global_token = private_token: null

2022-03-29 12:43:29 - [TEST_STEP][PASSED] - println("token is :" + global_token): null

2022-03-29 12:43:29 - [TEST_STEP][PASSED] - response_token = token.getResponseText(): null

2022-03-29 12:43:29 - [TEST_STEP][PASSED] - logInfo($response_token): {"fault":{"faultstring":"Access Denied for client ip : 8.29.105.53","detail":{"errorcode":"accesscontrol.IPDeniedAccess"}}}

2022-03-29 12:43:29 - [MESSAGE][INFO] - {"fault":{"faultstring":"Access Denied for client ip : 8.29.105.53","detail":{"errorcode":"accesscontrol.IPDeniedAccess"}}}

2022-03-29 12:43:29 - [TEST_STEP][PASSED] - feedback = sendRequest(findTestObject("4. Feedback-ins", ["s_key":global_token, "batchid":batchid, "norek":norek, "nopin":nopin, "custname":custname, "pemohon":pemohon, "branchid":branchid, ... ])): Send request successfully

2022-03-29 12:43:30 - [MESSAGE][INFO] - HAR: I:\app-testing\app-project\Order car insurance\order-car-insurance\Reports\20220329_124138\3. Get feedback insurance - Batch 1\20220329_124139\requests\main\91.har

2022-03-29 12:43:30 - [MESSAGE][PASSED] - Send request successfully

2022-03-29 12:43:30 - [TEST_STEP][PASSED] - response_feedback = feedback.getResponseText(): null

2022-03-29 12:43:30 - [TEST_STEP][PASSED] - markPassed("result feedback data : " + no + " norek : " + norek + " nopin : " + nopin): result feedback data : 92 norek : 9450006828 nopin : 001

2022-03-29 12:43:30 - [MESSAGE][PASSED] - result feedback data : 92 norek : 9450006828 nopin : 001

2022-03-29 12:43:30 - [TEST_STEP][PASSED] - logInfo($response_feedback): {
  "FeedbackCarInsuranceResponse" : {
    "errorCode" : "12",
    "errorMessage" : "Data Sudah Pernah Disubmit"
  }
}

2022-03-29 12:43:30 - [MESSAGE][INFO] - {
  "FeedbackCarInsuranceResponse" : {
    "errorCode" : "12",
    "errorMessage" : "Data Sudah Pernah Disubmit"
  }
}

2022-03-29 12:43:30 - [TEST_STEP][FAILED] - verifyElementPropertyValue(feedback, "FeedbackCarInsuranceResponse.errorMessage", "Sukses", CONTINUE_ON_FAILURE): Expected element property value 'Sukses' is not equal with actual property value 'Data Sudah Pernah Disubmit'

2022-03-29 12:43:30 - [MESSAGE][FAILED] - Expected element property value 'Sukses' is not equal with actual property value 'Data Sudah Pernah Disubmit']]></system-out>
         <system-err><![CDATA[2022-03-29 12:43:28 - [TEST_CASE][FAILED] - Test Cases/3. get token - feedback insurance: Test Cases/3. get token - feedback insurance FAILED.
Reason:
com.kms.katalon.core.exception.StepFailedException: Expected element property value 'Sukses' is not equal with actual property value 'Data Sudah Pernah Disubmit'
	at com.kms.katalon.core.keyword.internal.KeywordMain.stepFailed(KeywordMain.groovy:39)
	at com.kms.katalon.core.webservice.keyword.builtin.VerifyElementPropertyValueKeyword$_verifyElementPropertyValue_closure1.doCall(VerifyElementPropertyValueKeyword.groovy:56)
	at com.kms.katalon.core.webservice.keyword.builtin.VerifyElementPropertyValueKeyword$_verifyElementPropertyValue_closure1.call(VerifyElementPropertyValueKeyword.groovy)
	at com.kms.katalon.core.keyword.internal.KeywordMain.runKeyword(KeywordMain.groovy:74)
	at com.kms.katalon.core.webservice.keyword.builtin.VerifyElementPropertyValueKeyword.verifyElementPropertyValue(VerifyElementPropertyValueKeyword.groovy:48)
	at com.kms.katalon.core.webservice.keyword.builtin.VerifyElementPropertyValueKeyword.execute(VerifyElementPropertyValueKeyword.groovy:43)
	at com.kms.katalon.core.keyword.internal.KeywordExecutor.executeKeywordForPlatform(KeywordExecutor.groovy:74)
	at com.kms.katalon.core.webservice.keyword.WSBuiltInKeywords.verifyElementPropertyValue(WSBuiltInKeywords.groovy:175)
	at com.kms.katalon.core.webservice.keyword.WSBuiltInKeywords$verifyElementPropertyValue$0.call(Unknown Source)
	at 3. get token - feedback insurance.run(3. get token - feedback insurance:59)
	at com.kms.katalon.core.main.ScriptEngine.run(ScriptEngine.java:194)
	at com.kms.katalon.core.main.ScriptEngine.runScriptAsRawText(ScriptEngine.java:119)
	at com.kms.katalon.core.main.TestCaseExecutor.runScript(TestCaseExecutor.java:442)
	at com.kms.katalon.core.main.TestCaseExecutor.doExecute(TestCaseExecutor.java:433)
	at com.kms.katalon.core.main.TestCaseExecutor.processExecutionPhase(TestCaseExecutor.java:412)
	at com.kms.katalon.core.main.TestCaseExecutor.accessMainPhase(TestCaseExecutor.java:404)
	at com.kms.katalon.core.main.TestCaseExecutor.execute(TestCaseExecutor.java:281)
	at com.kms.katalon.core.main.TestSuiteExecutor.accessTestCaseMainPhase(TestSuiteExecutor.java:202)
	at com.kms.katalon.core.main.TestSuiteExecutor.accessTestSuiteMainPhase(TestSuiteExecutor.java:164)
	at com.kms.katalon.core.main.TestSuiteExecutor.execute(TestSuiteExecutor.java:105)
	at com.kms.katalon.core.main.TestCaseMain.startTestSuite(TestCaseMain.java:181)
	at com.kms.katalon.core.main.TestCaseMain$startTestSuite$0.call(Unknown Source)
	at TempTestSuite1648532499046.run(TempTestSuite1648532499046.groovy:36)]]></system-err>
      </testcase>
      <testcase name="Test Cases/3. get token - feedback insurance" time="1.845" classname="Test Cases/3. get token - feedback insurance" status="FAILED">
         <failure type="FAILED" message="Test Cases/3. get token - feedback insurance FAILED.
Reason:
com.kms.katalon.core.exception.StepFailedException: Expected element property value 'Sukses' is not equal with actual property value 'Data Sudah Pernah Disubmit'
	at com.kms.katalon.core.keyword.internal.KeywordMain.stepFailed(KeywordMain.groovy:39)
	at com.kms.katalon.core.webservice.keyword.builtin.VerifyElementPropertyValueKeyword$_verifyElementPropertyValue_closure1.doCall(VerifyElementPropertyValueKeyword.groovy:56)
	at com.kms.katalon.core.webservice.keyword.builtin.VerifyElementPropertyValueKeyword$_verifyElementPropertyValue_closure1.call(VerifyElementPropertyValueKeyword.groovy)
	at com.kms.katalon.core.keyword.internal.KeywordMain.runKeyword(KeywordMain.groovy:74)
	at com.kms.katalon.core.webservice.keyword.builtin.VerifyElementPropertyValueKeyword.verifyElementPropertyValue(VerifyElementPropertyValueKeyword.groovy:48)
	at com.kms.katalon.core.webservice.keyword.builtin.VerifyElementPropertyValueKeyword.execute(VerifyElementPropertyValueKeyword.groovy:43)
	at com.kms.katalon.core.keyword.internal.KeywordExecutor.executeKeywordForPlatform(KeywordExecutor.groovy:74)
	at com.kms.katalon.core.webservice.keyword.WSBuiltInKeywords.verifyElementPropertyValue(WSBuiltInKeywords.groovy:175)
	at com.kms.katalon.core.webservice.keyword.WSBuiltInKeywords$verifyElementPropertyValue$0.call(Unknown Source)
	at 3. get token - feedback insurance.run(3. get token - feedback insurance:59)
	at com.kms.katalon.core.main.ScriptEngine.run(ScriptEngine.java:194)
	at com.kms.katalon.core.main.ScriptEngine.runScriptAsRawText(ScriptEngine.java:119)
	at com.kms.katalon.core.main.TestCaseExecutor.runScript(TestCaseExecutor.java:442)
	at com.kms.katalon.core.main.TestCaseExecutor.doExecute(TestCaseExecutor.java:433)
	at com.kms.katalon.core.main.TestCaseExecutor.processExecutionPhase(TestCaseExecutor.java:412)
	at com.kms.katalon.core.main.TestCaseExecutor.accessMainPhase(TestCaseExecutor.java:404)
	at com.kms.katalon.core.main.TestCaseExecutor.execute(TestCaseExecutor.java:281)
	at com.kms.katalon.core.main.TestSuiteExecutor.accessTestCaseMainPhase(TestSuiteExecutor.java:202)
	at com.kms.katalon.core.main.TestSuiteExecutor.accessTestSuiteMainPhase(TestSuiteExecutor.java:164)
	at com.kms.katalon.core.main.TestSuiteExecutor.execute(TestSuiteExecutor.java:105)
	at com.kms.katalon.core.main.TestCaseMain.startTestSuite(TestCaseMain.java:181)
	at com.kms.katalon.core.main.TestCaseMain$startTestSuite$0.call(Unknown Source)
	at TempTestSuite1648532499046.run(TempTestSuite1648532499046.groovy:36)
"/>
         <system-out><![CDATA[2022-03-29 12:43:30 - [TEST_CASE][FAILED] - Test Cases/3. get token - feedback insurance: Test Cases/3. get token - feedback insurance FAILED.
Reason:
com.kms.katalon.core.exception.StepFailedException: Expected element property value 'Sukses' is not equal with actual property value 'Data Sudah Pernah Disubmit'
	at com.kms.katalon.core.keyword.internal.KeywordMain.stepFailed(KeywordMain.groovy:39)
	at com.kms.katalon.core.webservice.keyword.builtin.VerifyElementPropertyValueKeyword$_verifyElementPropertyValue_closure1.doCall(VerifyElementPropertyValueKeyword.groovy:56)
	at com.kms.katalon.core.webservice.keyword.builtin.VerifyElementPropertyValueKeyword$_verifyElementPropertyValue_closure1.call(VerifyElementPropertyValueKeyword.groovy)
	at com.kms.katalon.core.keyword.internal.KeywordMain.runKeyword(KeywordMain.groovy:74)
	at com.kms.katalon.core.webservice.keyword.builtin.VerifyElementPropertyValueKeyword.verifyElementPropertyValue(VerifyElementPropertyValueKeyword.groovy:48)
	at com.kms.katalon.core.webservice.keyword.builtin.VerifyElementPropertyValueKeyword.execute(VerifyElementPropertyValueKeyword.groovy:43)
	at com.kms.katalon.core.keyword.internal.KeywordExecutor.executeKeywordForPlatform(KeywordExecutor.groovy:74)
	at com.kms.katalon.core.webservice.keyword.WSBuiltInKeywords.verifyElementPropertyValue(WSBuiltInKeywords.groovy:175)
	at com.kms.katalon.core.webservice.keyword.WSBuiltInKeywords$verifyElementPropertyValue$0.call(Unknown Source)
	at 3. get token - feedback insurance.run(3. get token - feedback insurance:59)
	at com.kms.katalon.core.main.ScriptEngine.run(ScriptEngine.java:194)
	at com.kms.katalon.core.main.ScriptEngine.runScriptAsRawText(ScriptEngine.java:119)
	at com.kms.katalon.core.main.TestCaseExecutor.runScript(TestCaseExecutor.java:442)
	at com.kms.katalon.core.main.TestCaseExecutor.doExecute(TestCaseExecutor.java:433)
	at com.kms.katalon.core.main.TestCaseExecutor.processExecutionPhase(TestCaseExecutor.java:412)
	at com.kms.katalon.core.main.TestCaseExecutor.accessMainPhase(TestCaseExecutor.java:404)
	at com.kms.katalon.core.main.TestCaseExecutor.execute(TestCaseExecutor.java:281)
	at com.kms.katalon.core.main.TestSuiteExecutor.accessTestCaseMainPhase(TestSuiteExecutor.java:202)
	at com.kms.katalon.core.main.TestSuiteExecutor.accessTestSuiteMainPhase(TestSuiteExecutor.java:164)
	at com.kms.katalon.core.main.TestSuiteExecutor.execute(TestSuiteExecutor.java:105)
	at com.kms.katalon.core.main.TestCaseMain.startTestSuite(TestCaseMain.java:181)
	at com.kms.katalon.core.main.TestCaseMain$startTestSuite$0.call(Unknown Source)
	at TempTestSuite1648532499046.run(TempTestSuite1648532499046.groovy:36)


2022-03-29 12:43:30 - [TEST_STEP][PASSED] - token = sendRequest(findTestObject("1. Get-Token")): Send request successfully

2022-03-29 12:43:31 - [MESSAGE][INFO] - HAR: I:\app-testing\app-project\Order car insurance\order-car-insurance\Reports\20220329_124138\3. Get feedback insurance - Batch 1\20220329_124139\requests\main\92.har

2022-03-29 12:43:31 - [MESSAGE][PASSED] - Send request successfully

2022-03-29 12:43:31 - [TEST_STEP][PASSED] - slurper = new groovy.json.JsonSlurper(): null

2022-03-29 12:43:31 - [TEST_STEP][PASSED] - get_token = slurper.parseText(token.getResponseBodyContent()): null

2022-03-29 12:43:31 - [TEST_STEP][PASSED] - private_token = access_token: null

2022-03-29 12:43:31 - [TEST_STEP][PASSED] - global_token = private_token: null

2022-03-29 12:43:31 - [TEST_STEP][PASSED] - println("token is :" + global_token): null

2022-03-29 12:43:31 - [TEST_STEP][PASSED] - response_token = token.getResponseText(): null

2022-03-29 12:43:31 - [TEST_STEP][PASSED] - logInfo($response_token): {"fault":{"faultstring":"Access Denied for client ip : 8.29.105.53","detail":{"errorcode":"accesscontrol.IPDeniedAccess"}}}

2022-03-29 12:43:31 - [MESSAGE][INFO] - {"fault":{"faultstring":"Access Denied for client ip : 8.29.105.53","detail":{"errorcode":"accesscontrol.IPDeniedAccess"}}}

2022-03-29 12:43:31 - [TEST_STEP][PASSED] - feedback = sendRequest(findTestObject("4. Feedback-ins", ["s_key":global_token, "batchid":batchid, "norek":norek, "nopin":nopin, "custname":custname, "pemohon":pemohon, "branchid":branchid, ... ])): Send request successfully

2022-03-29 12:43:32 - [MESSAGE][INFO] - HAR: I:\app-testing\app-project\Order car insurance\order-car-insurance\Reports\20220329_124138\3. Get feedback insurance - Batch 1\20220329_124139\requests\main\93.har

2022-03-29 12:43:32 - [MESSAGE][PASSED] - Send request successfully

2022-03-29 12:43:32 - [TEST_STEP][PASSED] - response_feedback = feedback.getResponseText(): null

2022-03-29 12:43:32 - [TEST_STEP][PASSED] - markPassed("result feedback data : " + no + " norek : " + norek + " nopin : " + nopin): result feedback data : 93 norek : 9450006828 nopin : 001

2022-03-29 12:43:32 - [MESSAGE][PASSED] - result feedback data : 93 norek : 9450006828 nopin : 001

2022-03-29 12:43:32 - [TEST_STEP][PASSED] - logInfo($response_feedback): {
  "FeedbackCarInsuranceResponse" : {
    "errorCode" : "12",
    "errorMessage" : "Data Sudah Pernah Disubmit"
  }
}

2022-03-29 12:43:32 - [MESSAGE][INFO] - {
  "FeedbackCarInsuranceResponse" : {
    "errorCode" : "12",
    "errorMessage" : "Data Sudah Pernah Disubmit"
  }
}

2022-03-29 12:43:32 - [TEST_STEP][FAILED] - verifyElementPropertyValue(feedback, "FeedbackCarInsuranceResponse.errorMessage", "Sukses", CONTINUE_ON_FAILURE): Expected element property value 'Sukses' is not equal with actual property value 'Data Sudah Pernah Disubmit'

2022-03-29 12:43:32 - [MESSAGE][FAILED] - Expected element property value 'Sukses' is not equal with actual property value 'Data Sudah Pernah Disubmit']]></system-out>
         <system-err><![CDATA[2022-03-29 12:43:30 - [TEST_CASE][FAILED] - Test Cases/3. get token - feedback insurance: Test Cases/3. get token - feedback insurance FAILED.
Reason:
com.kms.katalon.core.exception.StepFailedException: Expected element property value 'Sukses' is not equal with actual property value 'Data Sudah Pernah Disubmit'
	at com.kms.katalon.core.keyword.internal.KeywordMain.stepFailed(KeywordMain.groovy:39)
	at com.kms.katalon.core.webservice.keyword.builtin.VerifyElementPropertyValueKeyword$_verifyElementPropertyValue_closure1.doCall(VerifyElementPropertyValueKeyword.groovy:56)
	at com.kms.katalon.core.webservice.keyword.builtin.VerifyElementPropertyValueKeyword$_verifyElementPropertyValue_closure1.call(VerifyElementPropertyValueKeyword.groovy)
	at com.kms.katalon.core.keyword.internal.KeywordMain.runKeyword(KeywordMain.groovy:74)
	at com.kms.katalon.core.webservice.keyword.builtin.VerifyElementPropertyValueKeyword.verifyElementPropertyValue(VerifyElementPropertyValueKeyword.groovy:48)
	at com.kms.katalon.core.webservice.keyword.builtin.VerifyElementPropertyValueKeyword.execute(VerifyElementPropertyValueKeyword.groovy:43)
	at com.kms.katalon.core.keyword.internal.KeywordExecutor.executeKeywordForPlatform(KeywordExecutor.groovy:74)
	at com.kms.katalon.core.webservice.keyword.WSBuiltInKeywords.verifyElementPropertyValue(WSBuiltInKeywords.groovy:175)
	at com.kms.katalon.core.webservice.keyword.WSBuiltInKeywords$verifyElementPropertyValue$0.call(Unknown Source)
	at 3. get token - feedback insurance.run(3. get token - feedback insurance:59)
	at com.kms.katalon.core.main.ScriptEngine.run(ScriptEngine.java:194)
	at com.kms.katalon.core.main.ScriptEngine.runScriptAsRawText(ScriptEngine.java:119)
	at com.kms.katalon.core.main.TestCaseExecutor.runScript(TestCaseExecutor.java:442)
	at com.kms.katalon.core.main.TestCaseExecutor.doExecute(TestCaseExecutor.java:433)
	at com.kms.katalon.core.main.TestCaseExecutor.processExecutionPhase(TestCaseExecutor.java:412)
	at com.kms.katalon.core.main.TestCaseExecutor.accessMainPhase(TestCaseExecutor.java:404)
	at com.kms.katalon.core.main.TestCaseExecutor.execute(TestCaseExecutor.java:281)
	at com.kms.katalon.core.main.TestSuiteExecutor.accessTestCaseMainPhase(TestSuiteExecutor.java:202)
	at com.kms.katalon.core.main.TestSuiteExecutor.accessTestSuiteMainPhase(TestSuiteExecutor.java:164)
	at com.kms.katalon.core.main.TestSuiteExecutor.execute(TestSuiteExecutor.java:105)
	at com.kms.katalon.core.main.TestCaseMain.startTestSuite(TestCaseMain.java:181)
	at com.kms.katalon.core.main.TestCaseMain$startTestSuite$0.call(Unknown Source)
	at TempTestSuite1648532499046.run(TempTestSuite1648532499046.groovy:36)]]></system-err>
      </testcase>
      <testcase name="Test Cases/3. get token - feedback insurance" time="3.76" classname="Test Cases/3. get token - feedback insurance" status="FAILED">
         <failure type="FAILED" message="Test Cases/3. get token - feedback insurance FAILED.
Reason:
com.kms.katalon.core.exception.StepFailedException: Expected element property value 'Sukses' is not equal with actual property value 'Data Sudah Pernah Disubmit'
	at com.kms.katalon.core.keyword.internal.KeywordMain.stepFailed(KeywordMain.groovy:39)
	at com.kms.katalon.core.webservice.keyword.builtin.VerifyElementPropertyValueKeyword$_verifyElementPropertyValue_closure1.doCall(VerifyElementPropertyValueKeyword.groovy:56)
	at com.kms.katalon.core.webservice.keyword.builtin.VerifyElementPropertyValueKeyword$_verifyElementPropertyValue_closure1.call(VerifyElementPropertyValueKeyword.groovy)
	at com.kms.katalon.core.keyword.internal.KeywordMain.runKeyword(KeywordMain.groovy:74)
	at com.kms.katalon.core.webservice.keyword.builtin.VerifyElementPropertyValueKeyword.verifyElementPropertyValue(VerifyElementPropertyValueKeyword.groovy:48)
	at com.kms.katalon.core.webservice.keyword.builtin.VerifyElementPropertyValueKeyword.execute(VerifyElementPropertyValueKeyword.groovy:43)
	at com.kms.katalon.core.keyword.internal.KeywordExecutor.executeKeywordForPlatform(KeywordExecutor.groovy:74)
	at com.kms.katalon.core.webservice.keyword.WSBuiltInKeywords.verifyElementPropertyValue(WSBuiltInKeywords.groovy:175)
	at com.kms.katalon.core.webservice.keyword.WSBuiltInKeywords$verifyElementPropertyValue$0.call(Unknown Source)
	at 3. get token - feedback insurance.run(3. get token - feedback insurance:59)
	at com.kms.katalon.core.main.ScriptEngine.run(ScriptEngine.java:194)
	at com.kms.katalon.core.main.ScriptEngine.runScriptAsRawText(ScriptEngine.java:119)
	at com.kms.katalon.core.main.TestCaseExecutor.runScript(TestCaseExecutor.java:442)
	at com.kms.katalon.core.main.TestCaseExecutor.doExecute(TestCaseExecutor.java:433)
	at com.kms.katalon.core.main.TestCaseExecutor.processExecutionPhase(TestCaseExecutor.java:412)
	at com.kms.katalon.core.main.TestCaseExecutor.accessMainPhase(TestCaseExecutor.java:404)
	at com.kms.katalon.core.main.TestCaseExecutor.execute(TestCaseExecutor.java:281)
	at com.kms.katalon.core.main.TestSuiteExecutor.accessTestCaseMainPhase(TestSuiteExecutor.java:202)
	at com.kms.katalon.core.main.TestSuiteExecutor.accessTestSuiteMainPhase(TestSuiteExecutor.java:164)
	at com.kms.katalon.core.main.TestSuiteExecutor.execute(TestSuiteExecutor.java:105)
	at com.kms.katalon.core.main.TestCaseMain.startTestSuite(TestCaseMain.java:181)
	at com.kms.katalon.core.main.TestCaseMain$startTestSuite$0.call(Unknown Source)
	at TempTestSuite1648532499046.run(TempTestSuite1648532499046.groovy:36)
"/>
         <system-out><![CDATA[2022-03-29 12:43:32 - [TEST_CASE][FAILED] - Test Cases/3. get token - feedback insurance: Test Cases/3. get token - feedback insurance FAILED.
Reason:
com.kms.katalon.core.exception.StepFailedException: Expected element property value 'Sukses' is not equal with actual property value 'Data Sudah Pernah Disubmit'
	at com.kms.katalon.core.keyword.internal.KeywordMain.stepFailed(KeywordMain.groovy:39)
	at com.kms.katalon.core.webservice.keyword.builtin.VerifyElementPropertyValueKeyword$_verifyElementPropertyValue_closure1.doCall(VerifyElementPropertyValueKeyword.groovy:56)
	at com.kms.katalon.core.webservice.keyword.builtin.VerifyElementPropertyValueKeyword$_verifyElementPropertyValue_closure1.call(VerifyElementPropertyValueKeyword.groovy)
	at com.kms.katalon.core.keyword.internal.KeywordMain.runKeyword(KeywordMain.groovy:74)
	at com.kms.katalon.core.webservice.keyword.builtin.VerifyElementPropertyValueKeyword.verifyElementPropertyValue(VerifyElementPropertyValueKeyword.groovy:48)
	at com.kms.katalon.core.webservice.keyword.builtin.VerifyElementPropertyValueKeyword.execute(VerifyElementPropertyValueKeyword.groovy:43)
	at com.kms.katalon.core.keyword.internal.KeywordExecutor.executeKeywordForPlatform(KeywordExecutor.groovy:74)
	at com.kms.katalon.core.webservice.keyword.WSBuiltInKeywords.verifyElementPropertyValue(WSBuiltInKeywords.groovy:175)
	at com.kms.katalon.core.webservice.keyword.WSBuiltInKeywords$verifyElementPropertyValue$0.call(Unknown Source)
	at 3. get token - feedback insurance.run(3. get token - feedback insurance:59)
	at com.kms.katalon.core.main.ScriptEngine.run(ScriptEngine.java:194)
	at com.kms.katalon.core.main.ScriptEngine.runScriptAsRawText(ScriptEngine.java:119)
	at com.kms.katalon.core.main.TestCaseExecutor.runScript(TestCaseExecutor.java:442)
	at com.kms.katalon.core.main.TestCaseExecutor.doExecute(TestCaseExecutor.java:433)
	at com.kms.katalon.core.main.TestCaseExecutor.processExecutionPhase(TestCaseExecutor.java:412)
	at com.kms.katalon.core.main.TestCaseExecutor.accessMainPhase(TestCaseExecutor.java:404)
	at com.kms.katalon.core.main.TestCaseExecutor.execute(TestCaseExecutor.java:281)
	at com.kms.katalon.core.main.TestSuiteExecutor.accessTestCaseMainPhase(TestSuiteExecutor.java:202)
	at com.kms.katalon.core.main.TestSuiteExecutor.accessTestSuiteMainPhase(TestSuiteExecutor.java:164)
	at com.kms.katalon.core.main.TestSuiteExecutor.execute(TestSuiteExecutor.java:105)
	at com.kms.katalon.core.main.TestCaseMain.startTestSuite(TestCaseMain.java:181)
	at com.kms.katalon.core.main.TestCaseMain$startTestSuite$0.call(Unknown Source)
	at TempTestSuite1648532499046.run(TempTestSuite1648532499046.groovy:36)


2022-03-29 12:43:32 - [TEST_STEP][PASSED] - token = sendRequest(findTestObject("1. Get-Token")): Send request successfully

2022-03-29 12:43:33 - [MESSAGE][INFO] - HAR: I:\app-testing\app-project\Order car insurance\order-car-insurance\Reports\20220329_124138\3. Get feedback insurance - Batch 1\20220329_124139\requests\main\94.har

2022-03-29 12:43:33 - [MESSAGE][PASSED] - Send request successfully

2022-03-29 12:43:33 - [TEST_STEP][PASSED] - slurper = new groovy.json.JsonSlurper(): null

2022-03-29 12:43:33 - [TEST_STEP][PASSED] - get_token = slurper.parseText(token.getResponseBodyContent()): null

2022-03-29 12:43:33 - [TEST_STEP][PASSED] - private_token = access_token: null

2022-03-29 12:43:33 - [TEST_STEP][PASSED] - global_token = private_token: null

2022-03-29 12:43:33 - [TEST_STEP][PASSED] - println("token is :" + global_token): null

2022-03-29 12:43:33 - [TEST_STEP][PASSED] - response_token = token.getResponseText(): null

2022-03-29 12:43:33 - [TEST_STEP][PASSED] - logInfo($response_token): {"fault":{"faultstring":"Access Denied for client ip : 8.29.105.53","detail":{"errorcode":"accesscontrol.IPDeniedAccess"}}}

2022-03-29 12:43:33 - [MESSAGE][INFO] - {"fault":{"faultstring":"Access Denied for client ip : 8.29.105.53","detail":{"errorcode":"accesscontrol.IPDeniedAccess"}}}

2022-03-29 12:43:33 - [TEST_STEP][PASSED] - feedback = sendRequest(findTestObject("4. Feedback-ins", ["s_key":global_token, "batchid":batchid, "norek":norek, "nopin":nopin, "custname":custname, "pemohon":pemohon, "branchid":branchid, ... ])): Send request successfully

2022-03-29 12:43:36 - [MESSAGE][INFO] - HAR: I:\app-testing\app-project\Order car insurance\order-car-insurance\Reports\20220329_124138\3. Get feedback insurance - Batch 1\20220329_124139\requests\main\95.har

2022-03-29 12:43:36 - [MESSAGE][PASSED] - Send request successfully

2022-03-29 12:43:36 - [TEST_STEP][PASSED] - response_feedback = feedback.getResponseText(): null

2022-03-29 12:43:36 - [TEST_STEP][PASSED] - markPassed("result feedback data : " + no + " norek : " + norek + " nopin : " + nopin): result feedback data : 94 norek : 9453001980 nopin : 001

2022-03-29 12:43:36 - [MESSAGE][PASSED] - result feedback data : 94 norek : 9453001980 nopin : 001

2022-03-29 12:43:36 - [TEST_STEP][PASSED] - logInfo($response_feedback): {
  "FeedbackCarInsuranceResponse" : {
    "errorCode" : "12",
    "errorMessage" : "Data Sudah Pernah Disubmit"
  }
}

2022-03-29 12:43:36 - [MESSAGE][INFO] - {
  "FeedbackCarInsuranceResponse" : {
    "errorCode" : "12",
    "errorMessage" : "Data Sudah Pernah Disubmit"
  }
}

2022-03-29 12:43:36 - [TEST_STEP][FAILED] - verifyElementPropertyValue(feedback, "FeedbackCarInsuranceResponse.errorMessage", "Sukses", CONTINUE_ON_FAILURE): Expected element property value 'Sukses' is not equal with actual property value 'Data Sudah Pernah Disubmit'

2022-03-29 12:43:36 - [MESSAGE][FAILED] - Expected element property value 'Sukses' is not equal with actual property value 'Data Sudah Pernah Disubmit']]></system-out>
         <system-err><![CDATA[2022-03-29 12:43:32 - [TEST_CASE][FAILED] - Test Cases/3. get token - feedback insurance: Test Cases/3. get token - feedback insurance FAILED.
Reason:
com.kms.katalon.core.exception.StepFailedException: Expected element property value 'Sukses' is not equal with actual property value 'Data Sudah Pernah Disubmit'
	at com.kms.katalon.core.keyword.internal.KeywordMain.stepFailed(KeywordMain.groovy:39)
	at com.kms.katalon.core.webservice.keyword.builtin.VerifyElementPropertyValueKeyword$_verifyElementPropertyValue_closure1.doCall(VerifyElementPropertyValueKeyword.groovy:56)
	at com.kms.katalon.core.webservice.keyword.builtin.VerifyElementPropertyValueKeyword$_verifyElementPropertyValue_closure1.call(VerifyElementPropertyValueKeyword.groovy)
	at com.kms.katalon.core.keyword.internal.KeywordMain.runKeyword(KeywordMain.groovy:74)
	at com.kms.katalon.core.webservice.keyword.builtin.VerifyElementPropertyValueKeyword.verifyElementPropertyValue(VerifyElementPropertyValueKeyword.groovy:48)
	at com.kms.katalon.core.webservice.keyword.builtin.VerifyElementPropertyValueKeyword.execute(VerifyElementPropertyValueKeyword.groovy:43)
	at com.kms.katalon.core.keyword.internal.KeywordExecutor.executeKeywordForPlatform(KeywordExecutor.groovy:74)
	at com.kms.katalon.core.webservice.keyword.WSBuiltInKeywords.verifyElementPropertyValue(WSBuiltInKeywords.groovy:175)
	at com.kms.katalon.core.webservice.keyword.WSBuiltInKeywords$verifyElementPropertyValue$0.call(Unknown Source)
	at 3. get token - feedback insurance.run(3. get token - feedback insurance:59)
	at com.kms.katalon.core.main.ScriptEngine.run(ScriptEngine.java:194)
	at com.kms.katalon.core.main.ScriptEngine.runScriptAsRawText(ScriptEngine.java:119)
	at com.kms.katalon.core.main.TestCaseExecutor.runScript(TestCaseExecutor.java:442)
	at com.kms.katalon.core.main.TestCaseExecutor.doExecute(TestCaseExecutor.java:433)
	at com.kms.katalon.core.main.TestCaseExecutor.processExecutionPhase(TestCaseExecutor.java:412)
	at com.kms.katalon.core.main.TestCaseExecutor.accessMainPhase(TestCaseExecutor.java:404)
	at com.kms.katalon.core.main.TestCaseExecutor.execute(TestCaseExecutor.java:281)
	at com.kms.katalon.core.main.TestSuiteExecutor.accessTestCaseMainPhase(TestSuiteExecutor.java:202)
	at com.kms.katalon.core.main.TestSuiteExecutor.accessTestSuiteMainPhase(TestSuiteExecutor.java:164)
	at com.kms.katalon.core.main.TestSuiteExecutor.execute(TestSuiteExecutor.java:105)
	at com.kms.katalon.core.main.TestCaseMain.startTestSuite(TestCaseMain.java:181)
	at com.kms.katalon.core.main.TestCaseMain$startTestSuite$0.call(Unknown Source)
	at TempTestSuite1648532499046.run(TempTestSuite1648532499046.groovy:36)]]></system-err>
      </testcase>
      <testcase name="Test Cases/3. get token - feedback insurance" time="3.489" classname="Test Cases/3. get token - feedback insurance" status="FAILED">
         <failure type="FAILED" message="Test Cases/3. get token - feedback insurance FAILED.
Reason:
com.kms.katalon.core.exception.StepFailedException: Expected element property value 'Sukses' is not equal with actual property value 'Data Sudah Pernah Disubmit'
	at com.kms.katalon.core.keyword.internal.KeywordMain.stepFailed(KeywordMain.groovy:39)
	at com.kms.katalon.core.webservice.keyword.builtin.VerifyElementPropertyValueKeyword$_verifyElementPropertyValue_closure1.doCall(VerifyElementPropertyValueKeyword.groovy:56)
	at com.kms.katalon.core.webservice.keyword.builtin.VerifyElementPropertyValueKeyword$_verifyElementPropertyValue_closure1.call(VerifyElementPropertyValueKeyword.groovy)
	at com.kms.katalon.core.keyword.internal.KeywordMain.runKeyword(KeywordMain.groovy:74)
	at com.kms.katalon.core.webservice.keyword.builtin.VerifyElementPropertyValueKeyword.verifyElementPropertyValue(VerifyElementPropertyValueKeyword.groovy:48)
	at com.kms.katalon.core.webservice.keyword.builtin.VerifyElementPropertyValueKeyword.execute(VerifyElementPropertyValueKeyword.groovy:43)
	at com.kms.katalon.core.keyword.internal.KeywordExecutor.executeKeywordForPlatform(KeywordExecutor.groovy:74)
	at com.kms.katalon.core.webservice.keyword.WSBuiltInKeywords.verifyElementPropertyValue(WSBuiltInKeywords.groovy:175)
	at com.kms.katalon.core.webservice.keyword.WSBuiltInKeywords$verifyElementPropertyValue$0.call(Unknown Source)
	at 3. get token - feedback insurance.run(3. get token - feedback insurance:59)
	at com.kms.katalon.core.main.ScriptEngine.run(ScriptEngine.java:194)
	at com.kms.katalon.core.main.ScriptEngine.runScriptAsRawText(ScriptEngine.java:119)
	at com.kms.katalon.core.main.TestCaseExecutor.runScript(TestCaseExecutor.java:442)
	at com.kms.katalon.core.main.TestCaseExecutor.doExecute(TestCaseExecutor.java:433)
	at com.kms.katalon.core.main.TestCaseExecutor.processExecutionPhase(TestCaseExecutor.java:412)
	at com.kms.katalon.core.main.TestCaseExecutor.accessMainPhase(TestCaseExecutor.java:404)
	at com.kms.katalon.core.main.TestCaseExecutor.execute(TestCaseExecutor.java:281)
	at com.kms.katalon.core.main.TestSuiteExecutor.accessTestCaseMainPhase(TestSuiteExecutor.java:202)
	at com.kms.katalon.core.main.TestSuiteExecutor.accessTestSuiteMainPhase(TestSuiteExecutor.java:164)
	at com.kms.katalon.core.main.TestSuiteExecutor.execute(TestSuiteExecutor.java:105)
	at com.kms.katalon.core.main.TestCaseMain.startTestSuite(TestCaseMain.java:181)
	at com.kms.katalon.core.main.TestCaseMain$startTestSuite$0.call(Unknown Source)
	at TempTestSuite1648532499046.run(TempTestSuite1648532499046.groovy:36)
"/>
         <system-out><![CDATA[2022-03-29 12:43:36 - [TEST_CASE][FAILED] - Test Cases/3. get token - feedback insurance: Test Cases/3. get token - feedback insurance FAILED.
Reason:
com.kms.katalon.core.exception.StepFailedException: Expected element property value 'Sukses' is not equal with actual property value 'Data Sudah Pernah Disubmit'
	at com.kms.katalon.core.keyword.internal.KeywordMain.stepFailed(KeywordMain.groovy:39)
	at com.kms.katalon.core.webservice.keyword.builtin.VerifyElementPropertyValueKeyword$_verifyElementPropertyValue_closure1.doCall(VerifyElementPropertyValueKeyword.groovy:56)
	at com.kms.katalon.core.webservice.keyword.builtin.VerifyElementPropertyValueKeyword$_verifyElementPropertyValue_closure1.call(VerifyElementPropertyValueKeyword.groovy)
	at com.kms.katalon.core.keyword.internal.KeywordMain.runKeyword(KeywordMain.groovy:74)
	at com.kms.katalon.core.webservice.keyword.builtin.VerifyElementPropertyValueKeyword.verifyElementPropertyValue(VerifyElementPropertyValueKeyword.groovy:48)
	at com.kms.katalon.core.webservice.keyword.builtin.VerifyElementPropertyValueKeyword.execute(VerifyElementPropertyValueKeyword.groovy:43)
	at com.kms.katalon.core.keyword.internal.KeywordExecutor.executeKeywordForPlatform(KeywordExecutor.groovy:74)
	at com.kms.katalon.core.webservice.keyword.WSBuiltInKeywords.verifyElementPropertyValue(WSBuiltInKeywords.groovy:175)
	at com.kms.katalon.core.webservice.keyword.WSBuiltInKeywords$verifyElementPropertyValue$0.call(Unknown Source)
	at 3. get token - feedback insurance.run(3. get token - feedback insurance:59)
	at com.kms.katalon.core.main.ScriptEngine.run(ScriptEngine.java:194)
	at com.kms.katalon.core.main.ScriptEngine.runScriptAsRawText(ScriptEngine.java:119)
	at com.kms.katalon.core.main.TestCaseExecutor.runScript(TestCaseExecutor.java:442)
	at com.kms.katalon.core.main.TestCaseExecutor.doExecute(TestCaseExecutor.java:433)
	at com.kms.katalon.core.main.TestCaseExecutor.processExecutionPhase(TestCaseExecutor.java:412)
	at com.kms.katalon.core.main.TestCaseExecutor.accessMainPhase(TestCaseExecutor.java:404)
	at com.kms.katalon.core.main.TestCaseExecutor.execute(TestCaseExecutor.java:281)
	at com.kms.katalon.core.main.TestSuiteExecutor.accessTestCaseMainPhase(TestSuiteExecutor.java:202)
	at com.kms.katalon.core.main.TestSuiteExecutor.accessTestSuiteMainPhase(TestSuiteExecutor.java:164)
	at com.kms.katalon.core.main.TestSuiteExecutor.execute(TestSuiteExecutor.java:105)
	at com.kms.katalon.core.main.TestCaseMain.startTestSuite(TestCaseMain.java:181)
	at com.kms.katalon.core.main.TestCaseMain$startTestSuite$0.call(Unknown Source)
	at TempTestSuite1648532499046.run(TempTestSuite1648532499046.groovy:36)


2022-03-29 12:43:37 - [TEST_STEP][PASSED] - token = sendRequest(findTestObject("1. Get-Token")): Send request successfully

2022-03-29 12:43:37 - [MESSAGE][INFO] - HAR: I:\app-testing\app-project\Order car insurance\order-car-insurance\Reports\20220329_124138\3. Get feedback insurance - Batch 1\20220329_124139\requests\main\96.har

2022-03-29 12:43:37 - [MESSAGE][PASSED] - Send request successfully

2022-03-29 12:43:37 - [TEST_STEP][PASSED] - slurper = new groovy.json.JsonSlurper(): null

2022-03-29 12:43:37 - [TEST_STEP][PASSED] - get_token = slurper.parseText(token.getResponseBodyContent()): null

2022-03-29 12:43:37 - [TEST_STEP][PASSED] - private_token = access_token: null

2022-03-29 12:43:37 - [TEST_STEP][PASSED] - global_token = private_token: null

2022-03-29 12:43:37 - [TEST_STEP][PASSED] - println("token is :" + global_token): null

2022-03-29 12:43:37 - [TEST_STEP][PASSED] - response_token = token.getResponseText(): null

2022-03-29 12:43:37 - [TEST_STEP][PASSED] - logInfo($response_token): {"fault":{"faultstring":"Access Denied for client ip : 8.29.105.53","detail":{"errorcode":"accesscontrol.IPDeniedAccess"}}}

2022-03-29 12:43:37 - [MESSAGE][INFO] - {"fault":{"faultstring":"Access Denied for client ip : 8.29.105.53","detail":{"errorcode":"accesscontrol.IPDeniedAccess"}}}

2022-03-29 12:43:37 - [TEST_STEP][PASSED] - feedback = sendRequest(findTestObject("4. Feedback-ins", ["s_key":global_token, "batchid":batchid, "norek":norek, "nopin":nopin, "custname":custname, "pemohon":pemohon, "branchid":branchid, ... ])): Send request successfully

2022-03-29 12:43:40 - [MESSAGE][INFO] - HAR: I:\app-testing\app-project\Order car insurance\order-car-insurance\Reports\20220329_124138\3. Get feedback insurance - Batch 1\20220329_124139\requests\main\97.har

2022-03-29 12:43:40 - [MESSAGE][PASSED] - Send request successfully

2022-03-29 12:43:40 - [TEST_STEP][PASSED] - response_feedback = feedback.getResponseText(): null

2022-03-29 12:43:40 - [TEST_STEP][PASSED] - markPassed("result feedback data : " + no + " norek : " + norek + " nopin : " + nopin): result feedback data : 95 norek : 9453001980 nopin : 001

2022-03-29 12:43:40 - [MESSAGE][PASSED] - result feedback data : 95 norek : 9453001980 nopin : 001

2022-03-29 12:43:40 - [TEST_STEP][PASSED] - logInfo($response_feedback): {
  "FeedbackCarInsuranceResponse" : {
    "errorCode" : "12",
    "errorMessage" : "Data Sudah Pernah Disubmit"
  }
}

2022-03-29 12:43:40 - [MESSAGE][INFO] - {
  "FeedbackCarInsuranceResponse" : {
    "errorCode" : "12",
    "errorMessage" : "Data Sudah Pernah Disubmit"
  }
}

2022-03-29 12:43:40 - [TEST_STEP][FAILED] - verifyElementPropertyValue(feedback, "FeedbackCarInsuranceResponse.errorMessage", "Sukses", CONTINUE_ON_FAILURE): Expected element property value 'Sukses' is not equal with actual property value 'Data Sudah Pernah Disubmit'

2022-03-29 12:43:40 - [MESSAGE][FAILED] - Expected element property value 'Sukses' is not equal with actual property value 'Data Sudah Pernah Disubmit']]></system-out>
         <system-err><![CDATA[2022-03-29 12:43:36 - [TEST_CASE][FAILED] - Test Cases/3. get token - feedback insurance: Test Cases/3. get token - feedback insurance FAILED.
Reason:
com.kms.katalon.core.exception.StepFailedException: Expected element property value 'Sukses' is not equal with actual property value 'Data Sudah Pernah Disubmit'
	at com.kms.katalon.core.keyword.internal.KeywordMain.stepFailed(KeywordMain.groovy:39)
	at com.kms.katalon.core.webservice.keyword.builtin.VerifyElementPropertyValueKeyword$_verifyElementPropertyValue_closure1.doCall(VerifyElementPropertyValueKeyword.groovy:56)
	at com.kms.katalon.core.webservice.keyword.builtin.VerifyElementPropertyValueKeyword$_verifyElementPropertyValue_closure1.call(VerifyElementPropertyValueKeyword.groovy)
	at com.kms.katalon.core.keyword.internal.KeywordMain.runKeyword(KeywordMain.groovy:74)
	at com.kms.katalon.core.webservice.keyword.builtin.VerifyElementPropertyValueKeyword.verifyElementPropertyValue(VerifyElementPropertyValueKeyword.groovy:48)
	at com.kms.katalon.core.webservice.keyword.builtin.VerifyElementPropertyValueKeyword.execute(VerifyElementPropertyValueKeyword.groovy:43)
	at com.kms.katalon.core.keyword.internal.KeywordExecutor.executeKeywordForPlatform(KeywordExecutor.groovy:74)
	at com.kms.katalon.core.webservice.keyword.WSBuiltInKeywords.verifyElementPropertyValue(WSBuiltInKeywords.groovy:175)
	at com.kms.katalon.core.webservice.keyword.WSBuiltInKeywords$verifyElementPropertyValue$0.call(Unknown Source)
	at 3. get token - feedback insurance.run(3. get token - feedback insurance:59)
	at com.kms.katalon.core.main.ScriptEngine.run(ScriptEngine.java:194)
	at com.kms.katalon.core.main.ScriptEngine.runScriptAsRawText(ScriptEngine.java:119)
	at com.kms.katalon.core.main.TestCaseExecutor.runScript(TestCaseExecutor.java:442)
	at com.kms.katalon.core.main.TestCaseExecutor.doExecute(TestCaseExecutor.java:433)
	at com.kms.katalon.core.main.TestCaseExecutor.processExecutionPhase(TestCaseExecutor.java:412)
	at com.kms.katalon.core.main.TestCaseExecutor.accessMainPhase(TestCaseExecutor.java:404)
	at com.kms.katalon.core.main.TestCaseExecutor.execute(TestCaseExecutor.java:281)
	at com.kms.katalon.core.main.TestSuiteExecutor.accessTestCaseMainPhase(TestSuiteExecutor.java:202)
	at com.kms.katalon.core.main.TestSuiteExecutor.accessTestSuiteMainPhase(TestSuiteExecutor.java:164)
	at com.kms.katalon.core.main.TestSuiteExecutor.execute(TestSuiteExecutor.java:105)
	at com.kms.katalon.core.main.TestCaseMain.startTestSuite(TestCaseMain.java:181)
	at com.kms.katalon.core.main.TestCaseMain$startTestSuite$0.call(Unknown Source)
	at TempTestSuite1648532499046.run(TempTestSuite1648532499046.groovy:36)]]></system-err>
      </testcase>
      <testcase name="Test Cases/3. get token - feedback insurance" time="1.66" classname="Test Cases/3. get token - feedback insurance" status="FAILED">
         <failure type="FAILED" message="Test Cases/3. get token - feedback insurance FAILED.
Reason:
com.kms.katalon.core.exception.StepFailedException: Expected element property value 'Sukses' is not equal with actual property value 'Data Sudah Pernah Disubmit'
	at com.kms.katalon.core.keyword.internal.KeywordMain.stepFailed(KeywordMain.groovy:39)
	at com.kms.katalon.core.webservice.keyword.builtin.VerifyElementPropertyValueKeyword$_verifyElementPropertyValue_closure1.doCall(VerifyElementPropertyValueKeyword.groovy:56)
	at com.kms.katalon.core.webservice.keyword.builtin.VerifyElementPropertyValueKeyword$_verifyElementPropertyValue_closure1.call(VerifyElementPropertyValueKeyword.groovy)
	at com.kms.katalon.core.keyword.internal.KeywordMain.runKeyword(KeywordMain.groovy:74)
	at com.kms.katalon.core.webservice.keyword.builtin.VerifyElementPropertyValueKeyword.verifyElementPropertyValue(VerifyElementPropertyValueKeyword.groovy:48)
	at com.kms.katalon.core.webservice.keyword.builtin.VerifyElementPropertyValueKeyword.execute(VerifyElementPropertyValueKeyword.groovy:43)
	at com.kms.katalon.core.keyword.internal.KeywordExecutor.executeKeywordForPlatform(KeywordExecutor.groovy:74)
	at com.kms.katalon.core.webservice.keyword.WSBuiltInKeywords.verifyElementPropertyValue(WSBuiltInKeywords.groovy:175)
	at com.kms.katalon.core.webservice.keyword.WSBuiltInKeywords$verifyElementPropertyValue$0.call(Unknown Source)
	at 3. get token - feedback insurance.run(3. get token - feedback insurance:59)
	at com.kms.katalon.core.main.ScriptEngine.run(ScriptEngine.java:194)
	at com.kms.katalon.core.main.ScriptEngine.runScriptAsRawText(ScriptEngine.java:119)
	at com.kms.katalon.core.main.TestCaseExecutor.runScript(TestCaseExecutor.java:442)
	at com.kms.katalon.core.main.TestCaseExecutor.doExecute(TestCaseExecutor.java:433)
	at com.kms.katalon.core.main.TestCaseExecutor.processExecutionPhase(TestCaseExecutor.java:412)
	at com.kms.katalon.core.main.TestCaseExecutor.accessMainPhase(TestCaseExecutor.java:404)
	at com.kms.katalon.core.main.TestCaseExecutor.execute(TestCaseExecutor.java:281)
	at com.kms.katalon.core.main.TestSuiteExecutor.accessTestCaseMainPhase(TestSuiteExecutor.java:202)
	at com.kms.katalon.core.main.TestSuiteExecutor.accessTestSuiteMainPhase(TestSuiteExecutor.java:164)
	at com.kms.katalon.core.main.TestSuiteExecutor.execute(TestSuiteExecutor.java:105)
	at com.kms.katalon.core.main.TestCaseMain.startTestSuite(TestCaseMain.java:181)
	at com.kms.katalon.core.main.TestCaseMain$startTestSuite$0.call(Unknown Source)
	at TempTestSuite1648532499046.run(TempTestSuite1648532499046.groovy:36)
"/>
         <system-out><![CDATA[2022-03-29 12:43:40 - [TEST_CASE][FAILED] - Test Cases/3. get token - feedback insurance: Test Cases/3. get token - feedback insurance FAILED.
Reason:
com.kms.katalon.core.exception.StepFailedException: Expected element property value 'Sukses' is not equal with actual property value 'Data Sudah Pernah Disubmit'
	at com.kms.katalon.core.keyword.internal.KeywordMain.stepFailed(KeywordMain.groovy:39)
	at com.kms.katalon.core.webservice.keyword.builtin.VerifyElementPropertyValueKeyword$_verifyElementPropertyValue_closure1.doCall(VerifyElementPropertyValueKeyword.groovy:56)
	at com.kms.katalon.core.webservice.keyword.builtin.VerifyElementPropertyValueKeyword$_verifyElementPropertyValue_closure1.call(VerifyElementPropertyValueKeyword.groovy)
	at com.kms.katalon.core.keyword.internal.KeywordMain.runKeyword(KeywordMain.groovy:74)
	at com.kms.katalon.core.webservice.keyword.builtin.VerifyElementPropertyValueKeyword.verifyElementPropertyValue(VerifyElementPropertyValueKeyword.groovy:48)
	at com.kms.katalon.core.webservice.keyword.builtin.VerifyElementPropertyValueKeyword.execute(VerifyElementPropertyValueKeyword.groovy:43)
	at com.kms.katalon.core.keyword.internal.KeywordExecutor.executeKeywordForPlatform(KeywordExecutor.groovy:74)
	at com.kms.katalon.core.webservice.keyword.WSBuiltInKeywords.verifyElementPropertyValue(WSBuiltInKeywords.groovy:175)
	at com.kms.katalon.core.webservice.keyword.WSBuiltInKeywords$verifyElementPropertyValue$0.call(Unknown Source)
	at 3. get token - feedback insurance.run(3. get token - feedback insurance:59)
	at com.kms.katalon.core.main.ScriptEngine.run(ScriptEngine.java:194)
	at com.kms.katalon.core.main.ScriptEngine.runScriptAsRawText(ScriptEngine.java:119)
	at com.kms.katalon.core.main.TestCaseExecutor.runScript(TestCaseExecutor.java:442)
	at com.kms.katalon.core.main.TestCaseExecutor.doExecute(TestCaseExecutor.java:433)
	at com.kms.katalon.core.main.TestCaseExecutor.processExecutionPhase(TestCaseExecutor.java:412)
	at com.kms.katalon.core.main.TestCaseExecutor.accessMainPhase(TestCaseExecutor.java:404)
	at com.kms.katalon.core.main.TestCaseExecutor.execute(TestCaseExecutor.java:281)
	at com.kms.katalon.core.main.TestSuiteExecutor.accessTestCaseMainPhase(TestSuiteExecutor.java:202)
	at com.kms.katalon.core.main.TestSuiteExecutor.accessTestSuiteMainPhase(TestSuiteExecutor.java:164)
	at com.kms.katalon.core.main.TestSuiteExecutor.execute(TestSuiteExecutor.java:105)
	at com.kms.katalon.core.main.TestCaseMain.startTestSuite(TestCaseMain.java:181)
	at com.kms.katalon.core.main.TestCaseMain$startTestSuite$0.call(Unknown Source)
	at TempTestSuite1648532499046.run(TempTestSuite1648532499046.groovy:36)


2022-03-29 12:43:40 - [TEST_STEP][PASSED] - token = sendRequest(findTestObject("1. Get-Token")): Send request successfully

2022-03-29 12:43:41 - [MESSAGE][INFO] - HAR: I:\app-testing\app-project\Order car insurance\order-car-insurance\Reports\20220329_124138\3. Get feedback insurance - Batch 1\20220329_124139\requests\main\98.har

2022-03-29 12:43:41 - [MESSAGE][PASSED] - Send request successfully

2022-03-29 12:43:41 - [TEST_STEP][PASSED] - slurper = new groovy.json.JsonSlurper(): null

2022-03-29 12:43:41 - [TEST_STEP][PASSED] - get_token = slurper.parseText(token.getResponseBodyContent()): null

2022-03-29 12:43:41 - [TEST_STEP][PASSED] - private_token = access_token: null

2022-03-29 12:43:41 - [TEST_STEP][PASSED] - global_token = private_token: null

2022-03-29 12:43:41 - [TEST_STEP][PASSED] - println("token is :" + global_token): null

2022-03-29 12:43:41 - [TEST_STEP][PASSED] - response_token = token.getResponseText(): null

2022-03-29 12:43:41 - [TEST_STEP][PASSED] - logInfo($response_token): {"fault":{"faultstring":"Access Denied for client ip : 8.29.105.53","detail":{"errorcode":"accesscontrol.IPDeniedAccess"}}}

2022-03-29 12:43:41 - [MESSAGE][INFO] - {"fault":{"faultstring":"Access Denied for client ip : 8.29.105.53","detail":{"errorcode":"accesscontrol.IPDeniedAccess"}}}

2022-03-29 12:43:41 - [TEST_STEP][PASSED] - feedback = sendRequest(findTestObject("4. Feedback-ins", ["s_key":global_token, "batchid":batchid, "norek":norek, "nopin":nopin, "custname":custname, "pemohon":pemohon, "branchid":branchid, ... ])): Send request successfully

2022-03-29 12:43:42 - [MESSAGE][INFO] - HAR: I:\app-testing\app-project\Order car insurance\order-car-insurance\Reports\20220329_124138\3. Get feedback insurance - Batch 1\20220329_124139\requests\main\99.har

2022-03-29 12:43:42 - [MESSAGE][PASSED] - Send request successfully

2022-03-29 12:43:42 - [TEST_STEP][PASSED] - response_feedback = feedback.getResponseText(): null

2022-03-29 12:43:42 - [TEST_STEP][PASSED] - markPassed("result feedback data : " + no + " norek : " + norek + " nopin : " + nopin): result feedback data : 96 norek : 9453001980 nopin : 001

2022-03-29 12:43:42 - [MESSAGE][PASSED] - result feedback data : 96 norek : 9453001980 nopin : 001

2022-03-29 12:43:42 - [TEST_STEP][PASSED] - logInfo($response_feedback): {
  "FeedbackCarInsuranceResponse" : {
    "errorCode" : "12",
    "errorMessage" : "Data Sudah Pernah Disubmit"
  }
}

2022-03-29 12:43:42 - [MESSAGE][INFO] - {
  "FeedbackCarInsuranceResponse" : {
    "errorCode" : "12",
    "errorMessage" : "Data Sudah Pernah Disubmit"
  }
}

2022-03-29 12:43:42 - [TEST_STEP][FAILED] - verifyElementPropertyValue(feedback, "FeedbackCarInsuranceResponse.errorMessage", "Sukses", CONTINUE_ON_FAILURE): Expected element property value 'Sukses' is not equal with actual property value 'Data Sudah Pernah Disubmit'

2022-03-29 12:43:42 - [MESSAGE][FAILED] - Expected element property value 'Sukses' is not equal with actual property value 'Data Sudah Pernah Disubmit']]></system-out>
         <system-err><![CDATA[2022-03-29 12:43:40 - [TEST_CASE][FAILED] - Test Cases/3. get token - feedback insurance: Test Cases/3. get token - feedback insurance FAILED.
Reason:
com.kms.katalon.core.exception.StepFailedException: Expected element property value 'Sukses' is not equal with actual property value 'Data Sudah Pernah Disubmit'
	at com.kms.katalon.core.keyword.internal.KeywordMain.stepFailed(KeywordMain.groovy:39)
	at com.kms.katalon.core.webservice.keyword.builtin.VerifyElementPropertyValueKeyword$_verifyElementPropertyValue_closure1.doCall(VerifyElementPropertyValueKeyword.groovy:56)
	at com.kms.katalon.core.webservice.keyword.builtin.VerifyElementPropertyValueKeyword$_verifyElementPropertyValue_closure1.call(VerifyElementPropertyValueKeyword.groovy)
	at com.kms.katalon.core.keyword.internal.KeywordMain.runKeyword(KeywordMain.groovy:74)
	at com.kms.katalon.core.webservice.keyword.builtin.VerifyElementPropertyValueKeyword.verifyElementPropertyValue(VerifyElementPropertyValueKeyword.groovy:48)
	at com.kms.katalon.core.webservice.keyword.builtin.VerifyElementPropertyValueKeyword.execute(VerifyElementPropertyValueKeyword.groovy:43)
	at com.kms.katalon.core.keyword.internal.KeywordExecutor.executeKeywordForPlatform(KeywordExecutor.groovy:74)
	at com.kms.katalon.core.webservice.keyword.WSBuiltInKeywords.verifyElementPropertyValue(WSBuiltInKeywords.groovy:175)
	at com.kms.katalon.core.webservice.keyword.WSBuiltInKeywords$verifyElementPropertyValue$0.call(Unknown Source)
	at 3. get token - feedback insurance.run(3. get token - feedback insurance:59)
	at com.kms.katalon.core.main.ScriptEngine.run(ScriptEngine.java:194)
	at com.kms.katalon.core.main.ScriptEngine.runScriptAsRawText(ScriptEngine.java:119)
	at com.kms.katalon.core.main.TestCaseExecutor.runScript(TestCaseExecutor.java:442)
	at com.kms.katalon.core.main.TestCaseExecutor.doExecute(TestCaseExecutor.java:433)
	at com.kms.katalon.core.main.TestCaseExecutor.processExecutionPhase(TestCaseExecutor.java:412)
	at com.kms.katalon.core.main.TestCaseExecutor.accessMainPhase(TestCaseExecutor.java:404)
	at com.kms.katalon.core.main.TestCaseExecutor.execute(TestCaseExecutor.java:281)
	at com.kms.katalon.core.main.TestSuiteExecutor.accessTestCaseMainPhase(TestSuiteExecutor.java:202)
	at com.kms.katalon.core.main.TestSuiteExecutor.accessTestSuiteMainPhase(TestSuiteExecutor.java:164)
	at com.kms.katalon.core.main.TestSuiteExecutor.execute(TestSuiteExecutor.java:105)
	at com.kms.katalon.core.main.TestCaseMain.startTestSuite(TestCaseMain.java:181)
	at com.kms.katalon.core.main.TestCaseMain$startTestSuite$0.call(Unknown Source)
	at TempTestSuite1648532499046.run(TempTestSuite1648532499046.groovy:36)]]></system-err>
      </testcase>
      <testcase name="Test Cases/3. get token - feedback insurance" time="1.356" classname="Test Cases/3. get token - feedback insurance" status="FAILED">
         <failure type="FAILED" message="Test Cases/3. get token - feedback insurance FAILED.
Reason:
com.kms.katalon.core.exception.StepFailedException: Expected element property value 'Sukses' is not equal with actual property value 'Data Sudah Pernah Disubmit'
	at com.kms.katalon.core.keyword.internal.KeywordMain.stepFailed(KeywordMain.groovy:39)
	at com.kms.katalon.core.webservice.keyword.builtin.VerifyElementPropertyValueKeyword$_verifyElementPropertyValue_closure1.doCall(VerifyElementPropertyValueKeyword.groovy:56)
	at com.kms.katalon.core.webservice.keyword.builtin.VerifyElementPropertyValueKeyword$_verifyElementPropertyValue_closure1.call(VerifyElementPropertyValueKeyword.groovy)
	at com.kms.katalon.core.keyword.internal.KeywordMain.runKeyword(KeywordMain.groovy:74)
	at com.kms.katalon.core.webservice.keyword.builtin.VerifyElementPropertyValueKeyword.verifyElementPropertyValue(VerifyElementPropertyValueKeyword.groovy:48)
	at com.kms.katalon.core.webservice.keyword.builtin.VerifyElementPropertyValueKeyword.execute(VerifyElementPropertyValueKeyword.groovy:43)
	at com.kms.katalon.core.keyword.internal.KeywordExecutor.executeKeywordForPlatform(KeywordExecutor.groovy:74)
	at com.kms.katalon.core.webservice.keyword.WSBuiltInKeywords.verifyElementPropertyValue(WSBuiltInKeywords.groovy:175)
	at com.kms.katalon.core.webservice.keyword.WSBuiltInKeywords$verifyElementPropertyValue$0.call(Unknown Source)
	at 3. get token - feedback insurance.run(3. get token - feedback insurance:59)
	at com.kms.katalon.core.main.ScriptEngine.run(ScriptEngine.java:194)
	at com.kms.katalon.core.main.ScriptEngine.runScriptAsRawText(ScriptEngine.java:119)
	at com.kms.katalon.core.main.TestCaseExecutor.runScript(TestCaseExecutor.java:442)
	at com.kms.katalon.core.main.TestCaseExecutor.doExecute(TestCaseExecutor.java:433)
	at com.kms.katalon.core.main.TestCaseExecutor.processExecutionPhase(TestCaseExecutor.java:412)
	at com.kms.katalon.core.main.TestCaseExecutor.accessMainPhase(TestCaseExecutor.java:404)
	at com.kms.katalon.core.main.TestCaseExecutor.execute(TestCaseExecutor.java:281)
	at com.kms.katalon.core.main.TestSuiteExecutor.accessTestCaseMainPhase(TestSuiteExecutor.java:202)
	at com.kms.katalon.core.main.TestSuiteExecutor.accessTestSuiteMainPhase(TestSuiteExecutor.java:164)
	at com.kms.katalon.core.main.TestSuiteExecutor.execute(TestSuiteExecutor.java:105)
	at com.kms.katalon.core.main.TestCaseMain.startTestSuite(TestCaseMain.java:181)
	at com.kms.katalon.core.main.TestCaseMain$startTestSuite$0.call(Unknown Source)
	at TempTestSuite1648532499046.run(TempTestSuite1648532499046.groovy:36)
"/>
         <system-out><![CDATA[2022-03-29 12:43:42 - [TEST_CASE][FAILED] - Test Cases/3. get token - feedback insurance: Test Cases/3. get token - feedback insurance FAILED.
Reason:
com.kms.katalon.core.exception.StepFailedException: Expected element property value 'Sukses' is not equal with actual property value 'Data Sudah Pernah Disubmit'
	at com.kms.katalon.core.keyword.internal.KeywordMain.stepFailed(KeywordMain.groovy:39)
	at com.kms.katalon.core.webservice.keyword.builtin.VerifyElementPropertyValueKeyword$_verifyElementPropertyValue_closure1.doCall(VerifyElementPropertyValueKeyword.groovy:56)
	at com.kms.katalon.core.webservice.keyword.builtin.VerifyElementPropertyValueKeyword$_verifyElementPropertyValue_closure1.call(VerifyElementPropertyValueKeyword.groovy)
	at com.kms.katalon.core.keyword.internal.KeywordMain.runKeyword(KeywordMain.groovy:74)
	at com.kms.katalon.core.webservice.keyword.builtin.VerifyElementPropertyValueKeyword.verifyElementPropertyValue(VerifyElementPropertyValueKeyword.groovy:48)
	at com.kms.katalon.core.webservice.keyword.builtin.VerifyElementPropertyValueKeyword.execute(VerifyElementPropertyValueKeyword.groovy:43)
	at com.kms.katalon.core.keyword.internal.KeywordExecutor.executeKeywordForPlatform(KeywordExecutor.groovy:74)
	at com.kms.katalon.core.webservice.keyword.WSBuiltInKeywords.verifyElementPropertyValue(WSBuiltInKeywords.groovy:175)
	at com.kms.katalon.core.webservice.keyword.WSBuiltInKeywords$verifyElementPropertyValue$0.call(Unknown Source)
	at 3. get token - feedback insurance.run(3. get token - feedback insurance:59)
	at com.kms.katalon.core.main.ScriptEngine.run(ScriptEngine.java:194)
	at com.kms.katalon.core.main.ScriptEngine.runScriptAsRawText(ScriptEngine.java:119)
	at com.kms.katalon.core.main.TestCaseExecutor.runScript(TestCaseExecutor.java:442)
	at com.kms.katalon.core.main.TestCaseExecutor.doExecute(TestCaseExecutor.java:433)
	at com.kms.katalon.core.main.TestCaseExecutor.processExecutionPhase(TestCaseExecutor.java:412)
	at com.kms.katalon.core.main.TestCaseExecutor.accessMainPhase(TestCaseExecutor.java:404)
	at com.kms.katalon.core.main.TestCaseExecutor.execute(TestCaseExecutor.java:281)
	at com.kms.katalon.core.main.TestSuiteExecutor.accessTestCaseMainPhase(TestSuiteExecutor.java:202)
	at com.kms.katalon.core.main.TestSuiteExecutor.accessTestSuiteMainPhase(TestSuiteExecutor.java:164)
	at com.kms.katalon.core.main.TestSuiteExecutor.execute(TestSuiteExecutor.java:105)
	at com.kms.katalon.core.main.TestCaseMain.startTestSuite(TestCaseMain.java:181)
	at com.kms.katalon.core.main.TestCaseMain$startTestSuite$0.call(Unknown Source)
	at TempTestSuite1648532499046.run(TempTestSuite1648532499046.groovy:36)


2022-03-29 12:43:42 - [TEST_STEP][PASSED] - token = sendRequest(findTestObject("1. Get-Token")): Send request successfully

2022-03-29 12:43:43 - [MESSAGE][INFO] - HAR: I:\app-testing\app-project\Order car insurance\order-car-insurance\Reports\20220329_124138\3. Get feedback insurance - Batch 1\20220329_124139\requests\main\100.har

2022-03-29 12:43:43 - [MESSAGE][PASSED] - Send request successfully

2022-03-29 12:43:43 - [TEST_STEP][PASSED] - slurper = new groovy.json.JsonSlurper(): null

2022-03-29 12:43:43 - [TEST_STEP][PASSED] - get_token = slurper.parseText(token.getResponseBodyContent()): null

2022-03-29 12:43:43 - [TEST_STEP][PASSED] - private_token = access_token: null

2022-03-29 12:43:43 - [TEST_STEP][PASSED] - global_token = private_token: null

2022-03-29 12:43:43 - [TEST_STEP][PASSED] - println("token is :" + global_token): null

2022-03-29 12:43:43 - [TEST_STEP][PASSED] - response_token = token.getResponseText(): null

2022-03-29 12:43:43 - [TEST_STEP][PASSED] - logInfo($response_token): {"fault":{"faultstring":"Access Denied for client ip : 8.29.105.53","detail":{"errorcode":"accesscontrol.IPDeniedAccess"}}}

2022-03-29 12:43:43 - [MESSAGE][INFO] - {"fault":{"faultstring":"Access Denied for client ip : 8.29.105.53","detail":{"errorcode":"accesscontrol.IPDeniedAccess"}}}

2022-03-29 12:43:43 - [TEST_STEP][PASSED] - feedback = sendRequest(findTestObject("4. Feedback-ins", ["s_key":global_token, "batchid":batchid, "norek":norek, "nopin":nopin, "custname":custname, "pemohon":pemohon, "branchid":branchid, ... ])): Send request successfully

2022-03-29 12:43:44 - [MESSAGE][INFO] - HAR: I:\app-testing\app-project\Order car insurance\order-car-insurance\Reports\20220329_124138\3. Get feedback insurance - Batch 1\20220329_124139\requests\main\101.har

2022-03-29 12:43:44 - [MESSAGE][PASSED] - Send request successfully

2022-03-29 12:43:44 - [TEST_STEP][PASSED] - response_feedback = feedback.getResponseText(): null

2022-03-29 12:43:44 - [TEST_STEP][PASSED] - markPassed("result feedback data : " + no + " norek : " + norek + " nopin : " + nopin): result feedback data : 97 norek : 9453001980 nopin : 001

2022-03-29 12:43:44 - [MESSAGE][PASSED] - result feedback data : 97 norek : 9453001980 nopin : 001

2022-03-29 12:43:44 - [TEST_STEP][PASSED] - logInfo($response_feedback): {
  "FeedbackCarInsuranceResponse" : {
    "errorCode" : "12",
    "errorMessage" : "Data Sudah Pernah Disubmit"
  }
}

2022-03-29 12:43:44 - [MESSAGE][INFO] - {
  "FeedbackCarInsuranceResponse" : {
    "errorCode" : "12",
    "errorMessage" : "Data Sudah Pernah Disubmit"
  }
}

2022-03-29 12:43:44 - [TEST_STEP][FAILED] - verifyElementPropertyValue(feedback, "FeedbackCarInsuranceResponse.errorMessage", "Sukses", CONTINUE_ON_FAILURE): Expected element property value 'Sukses' is not equal with actual property value 'Data Sudah Pernah Disubmit'

2022-03-29 12:43:44 - [MESSAGE][FAILED] - Expected element property value 'Sukses' is not equal with actual property value 'Data Sudah Pernah Disubmit']]></system-out>
         <system-err><![CDATA[2022-03-29 12:43:42 - [TEST_CASE][FAILED] - Test Cases/3. get token - feedback insurance: Test Cases/3. get token - feedback insurance FAILED.
Reason:
com.kms.katalon.core.exception.StepFailedException: Expected element property value 'Sukses' is not equal with actual property value 'Data Sudah Pernah Disubmit'
	at com.kms.katalon.core.keyword.internal.KeywordMain.stepFailed(KeywordMain.groovy:39)
	at com.kms.katalon.core.webservice.keyword.builtin.VerifyElementPropertyValueKeyword$_verifyElementPropertyValue_closure1.doCall(VerifyElementPropertyValueKeyword.groovy:56)
	at com.kms.katalon.core.webservice.keyword.builtin.VerifyElementPropertyValueKeyword$_verifyElementPropertyValue_closure1.call(VerifyElementPropertyValueKeyword.groovy)
	at com.kms.katalon.core.keyword.internal.KeywordMain.runKeyword(KeywordMain.groovy:74)
	at com.kms.katalon.core.webservice.keyword.builtin.VerifyElementPropertyValueKeyword.verifyElementPropertyValue(VerifyElementPropertyValueKeyword.groovy:48)
	at com.kms.katalon.core.webservice.keyword.builtin.VerifyElementPropertyValueKeyword.execute(VerifyElementPropertyValueKeyword.groovy:43)
	at com.kms.katalon.core.keyword.internal.KeywordExecutor.executeKeywordForPlatform(KeywordExecutor.groovy:74)
	at com.kms.katalon.core.webservice.keyword.WSBuiltInKeywords.verifyElementPropertyValue(WSBuiltInKeywords.groovy:175)
	at com.kms.katalon.core.webservice.keyword.WSBuiltInKeywords$verifyElementPropertyValue$0.call(Unknown Source)
	at 3. get token - feedback insurance.run(3. get token - feedback insurance:59)
	at com.kms.katalon.core.main.ScriptEngine.run(ScriptEngine.java:194)
	at com.kms.katalon.core.main.ScriptEngine.runScriptAsRawText(ScriptEngine.java:119)
	at com.kms.katalon.core.main.TestCaseExecutor.runScript(TestCaseExecutor.java:442)
	at com.kms.katalon.core.main.TestCaseExecutor.doExecute(TestCaseExecutor.java:433)
	at com.kms.katalon.core.main.TestCaseExecutor.processExecutionPhase(TestCaseExecutor.java:412)
	at com.kms.katalon.core.main.TestCaseExecutor.accessMainPhase(TestCaseExecutor.java:404)
	at com.kms.katalon.core.main.TestCaseExecutor.execute(TestCaseExecutor.java:281)
	at com.kms.katalon.core.main.TestSuiteExecutor.accessTestCaseMainPhase(TestSuiteExecutor.java:202)
	at com.kms.katalon.core.main.TestSuiteExecutor.accessTestSuiteMainPhase(TestSuiteExecutor.java:164)
	at com.kms.katalon.core.main.TestSuiteExecutor.execute(TestSuiteExecutor.java:105)
	at com.kms.katalon.core.main.TestCaseMain.startTestSuite(TestCaseMain.java:181)
	at com.kms.katalon.core.main.TestCaseMain$startTestSuite$0.call(Unknown Source)
	at TempTestSuite1648532499046.run(TempTestSuite1648532499046.groovy:36)]]></system-err>
      </testcase>
      <testcase name="Test Cases/3. get token - feedback insurance" time="1.336" classname="Test Cases/3. get token - feedback insurance" status="FAILED">
         <failure type="FAILED" message="Test Cases/3. get token - feedback insurance FAILED.
Reason:
com.kms.katalon.core.exception.StepFailedException: Expected element property value 'Sukses' is not equal with actual property value 'Data Sudah Pernah Disubmit'
	at com.kms.katalon.core.keyword.internal.KeywordMain.stepFailed(KeywordMain.groovy:39)
	at com.kms.katalon.core.webservice.keyword.builtin.VerifyElementPropertyValueKeyword$_verifyElementPropertyValue_closure1.doCall(VerifyElementPropertyValueKeyword.groovy:56)
	at com.kms.katalon.core.webservice.keyword.builtin.VerifyElementPropertyValueKeyword$_verifyElementPropertyValue_closure1.call(VerifyElementPropertyValueKeyword.groovy)
	at com.kms.katalon.core.keyword.internal.KeywordMain.runKeyword(KeywordMain.groovy:74)
	at com.kms.katalon.core.webservice.keyword.builtin.VerifyElementPropertyValueKeyword.verifyElementPropertyValue(VerifyElementPropertyValueKeyword.groovy:48)
	at com.kms.katalon.core.webservice.keyword.builtin.VerifyElementPropertyValueKeyword.execute(VerifyElementPropertyValueKeyword.groovy:43)
	at com.kms.katalon.core.keyword.internal.KeywordExecutor.executeKeywordForPlatform(KeywordExecutor.groovy:74)
	at com.kms.katalon.core.webservice.keyword.WSBuiltInKeywords.verifyElementPropertyValue(WSBuiltInKeywords.groovy:175)
	at com.kms.katalon.core.webservice.keyword.WSBuiltInKeywords$verifyElementPropertyValue$0.call(Unknown Source)
	at 3. get token - feedback insurance.run(3. get token - feedback insurance:59)
	at com.kms.katalon.core.main.ScriptEngine.run(ScriptEngine.java:194)
	at com.kms.katalon.core.main.ScriptEngine.runScriptAsRawText(ScriptEngine.java:119)
	at com.kms.katalon.core.main.TestCaseExecutor.runScript(TestCaseExecutor.java:442)
	at com.kms.katalon.core.main.TestCaseExecutor.doExecute(TestCaseExecutor.java:433)
	at com.kms.katalon.core.main.TestCaseExecutor.processExecutionPhase(TestCaseExecutor.java:412)
	at com.kms.katalon.core.main.TestCaseExecutor.accessMainPhase(TestCaseExecutor.java:404)
	at com.kms.katalon.core.main.TestCaseExecutor.execute(TestCaseExecutor.java:281)
	at com.kms.katalon.core.main.TestSuiteExecutor.accessTestCaseMainPhase(TestSuiteExecutor.java:202)
	at com.kms.katalon.core.main.TestSuiteExecutor.accessTestSuiteMainPhase(TestSuiteExecutor.java:164)
	at com.kms.katalon.core.main.TestSuiteExecutor.execute(TestSuiteExecutor.java:105)
	at com.kms.katalon.core.main.TestCaseMain.startTestSuite(TestCaseMain.java:181)
	at com.kms.katalon.core.main.TestCaseMain$startTestSuite$0.call(Unknown Source)
	at TempTestSuite1648532499046.run(TempTestSuite1648532499046.groovy:36)
"/>
         <system-out><![CDATA[2022-03-29 12:43:44 - [TEST_CASE][FAILED] - Test Cases/3. get token - feedback insurance: Test Cases/3. get token - feedback insurance FAILED.
Reason:
com.kms.katalon.core.exception.StepFailedException: Expected element property value 'Sukses' is not equal with actual property value 'Data Sudah Pernah Disubmit'
	at com.kms.katalon.core.keyword.internal.KeywordMain.stepFailed(KeywordMain.groovy:39)
	at com.kms.katalon.core.webservice.keyword.builtin.VerifyElementPropertyValueKeyword$_verifyElementPropertyValue_closure1.doCall(VerifyElementPropertyValueKeyword.groovy:56)
	at com.kms.katalon.core.webservice.keyword.builtin.VerifyElementPropertyValueKeyword$_verifyElementPropertyValue_closure1.call(VerifyElementPropertyValueKeyword.groovy)
	at com.kms.katalon.core.keyword.internal.KeywordMain.runKeyword(KeywordMain.groovy:74)
	at com.kms.katalon.core.webservice.keyword.builtin.VerifyElementPropertyValueKeyword.verifyElementPropertyValue(VerifyElementPropertyValueKeyword.groovy:48)
	at com.kms.katalon.core.webservice.keyword.builtin.VerifyElementPropertyValueKeyword.execute(VerifyElementPropertyValueKeyword.groovy:43)
	at com.kms.katalon.core.keyword.internal.KeywordExecutor.executeKeywordForPlatform(KeywordExecutor.groovy:74)
	at com.kms.katalon.core.webservice.keyword.WSBuiltInKeywords.verifyElementPropertyValue(WSBuiltInKeywords.groovy:175)
	at com.kms.katalon.core.webservice.keyword.WSBuiltInKeywords$verifyElementPropertyValue$0.call(Unknown Source)
	at 3. get token - feedback insurance.run(3. get token - feedback insurance:59)
	at com.kms.katalon.core.main.ScriptEngine.run(ScriptEngine.java:194)
	at com.kms.katalon.core.main.ScriptEngine.runScriptAsRawText(ScriptEngine.java:119)
	at com.kms.katalon.core.main.TestCaseExecutor.runScript(TestCaseExecutor.java:442)
	at com.kms.katalon.core.main.TestCaseExecutor.doExecute(TestCaseExecutor.java:433)
	at com.kms.katalon.core.main.TestCaseExecutor.processExecutionPhase(TestCaseExecutor.java:412)
	at com.kms.katalon.core.main.TestCaseExecutor.accessMainPhase(TestCaseExecutor.java:404)
	at com.kms.katalon.core.main.TestCaseExecutor.execute(TestCaseExecutor.java:281)
	at com.kms.katalon.core.main.TestSuiteExecutor.accessTestCaseMainPhase(TestSuiteExecutor.java:202)
	at com.kms.katalon.core.main.TestSuiteExecutor.accessTestSuiteMainPhase(TestSuiteExecutor.java:164)
	at com.kms.katalon.core.main.TestSuiteExecutor.execute(TestSuiteExecutor.java:105)
	at com.kms.katalon.core.main.TestCaseMain.startTestSuite(TestCaseMain.java:181)
	at com.kms.katalon.core.main.TestCaseMain$startTestSuite$0.call(Unknown Source)
	at TempTestSuite1648532499046.run(TempTestSuite1648532499046.groovy:36)


2022-03-29 12:43:44 - [TEST_STEP][PASSED] - token = sendRequest(findTestObject("1. Get-Token")): Send request successfully

2022-03-29 12:43:45 - [MESSAGE][INFO] - HAR: I:\app-testing\app-project\Order car insurance\order-car-insurance\Reports\20220329_124138\3. Get feedback insurance - Batch 1\20220329_124139\requests\main\102.har

2022-03-29 12:43:45 - [MESSAGE][PASSED] - Send request successfully

2022-03-29 12:43:45 - [TEST_STEP][PASSED] - slurper = new groovy.json.JsonSlurper(): null

2022-03-29 12:43:45 - [TEST_STEP][PASSED] - get_token = slurper.parseText(token.getResponseBodyContent()): null

2022-03-29 12:43:45 - [TEST_STEP][PASSED] - private_token = access_token: null

2022-03-29 12:43:45 - [TEST_STEP][PASSED] - global_token = private_token: null

2022-03-29 12:43:45 - [TEST_STEP][PASSED] - println("token is :" + global_token): null

2022-03-29 12:43:45 - [TEST_STEP][PASSED] - response_token = token.getResponseText(): null

2022-03-29 12:43:45 - [TEST_STEP][PASSED] - logInfo($response_token): {"fault":{"faultstring":"Access Denied for client ip : 8.29.105.53","detail":{"errorcode":"accesscontrol.IPDeniedAccess"}}}

2022-03-29 12:43:45 - [MESSAGE][INFO] - {"fault":{"faultstring":"Access Denied for client ip : 8.29.105.53","detail":{"errorcode":"accesscontrol.IPDeniedAccess"}}}

2022-03-29 12:43:45 - [TEST_STEP][PASSED] - feedback = sendRequest(findTestObject("4. Feedback-ins", ["s_key":global_token, "batchid":batchid, "norek":norek, "nopin":nopin, "custname":custname, "pemohon":pemohon, "branchid":branchid, ... ])): Send request successfully

2022-03-29 12:43:45 - [MESSAGE][INFO] - HAR: I:\app-testing\app-project\Order car insurance\order-car-insurance\Reports\20220329_124138\3. Get feedback insurance - Batch 1\20220329_124139\requests\main\103.har

2022-03-29 12:43:45 - [MESSAGE][PASSED] - Send request successfully

2022-03-29 12:43:45 - [TEST_STEP][PASSED] - response_feedback = feedback.getResponseText(): null

2022-03-29 12:43:45 - [TEST_STEP][PASSED] - markPassed("result feedback data : " + no + " norek : " + norek + " nopin : " + nopin): result feedback data : 98 norek : 9453001980 nopin : 001

2022-03-29 12:43:45 - [MESSAGE][PASSED] - result feedback data : 98 norek : 9453001980 nopin : 001

2022-03-29 12:43:45 - [TEST_STEP][PASSED] - logInfo($response_feedback): {
  "FeedbackCarInsuranceResponse" : {
    "errorCode" : "12",
    "errorMessage" : "Data Sudah Pernah Disubmit"
  }
}

2022-03-29 12:43:45 - [MESSAGE][INFO] - {
  "FeedbackCarInsuranceResponse" : {
    "errorCode" : "12",
    "errorMessage" : "Data Sudah Pernah Disubmit"
  }
}

2022-03-29 12:43:45 - [TEST_STEP][FAILED] - verifyElementPropertyValue(feedback, "FeedbackCarInsuranceResponse.errorMessage", "Sukses", CONTINUE_ON_FAILURE): Expected element property value 'Sukses' is not equal with actual property value 'Data Sudah Pernah Disubmit'

2022-03-29 12:43:45 - [MESSAGE][FAILED] - Expected element property value 'Sukses' is not equal with actual property value 'Data Sudah Pernah Disubmit']]></system-out>
         <system-err><![CDATA[2022-03-29 12:43:44 - [TEST_CASE][FAILED] - Test Cases/3. get token - feedback insurance: Test Cases/3. get token - feedback insurance FAILED.
Reason:
com.kms.katalon.core.exception.StepFailedException: Expected element property value 'Sukses' is not equal with actual property value 'Data Sudah Pernah Disubmit'
	at com.kms.katalon.core.keyword.internal.KeywordMain.stepFailed(KeywordMain.groovy:39)
	at com.kms.katalon.core.webservice.keyword.builtin.VerifyElementPropertyValueKeyword$_verifyElementPropertyValue_closure1.doCall(VerifyElementPropertyValueKeyword.groovy:56)
	at com.kms.katalon.core.webservice.keyword.builtin.VerifyElementPropertyValueKeyword$_verifyElementPropertyValue_closure1.call(VerifyElementPropertyValueKeyword.groovy)
	at com.kms.katalon.core.keyword.internal.KeywordMain.runKeyword(KeywordMain.groovy:74)
	at com.kms.katalon.core.webservice.keyword.builtin.VerifyElementPropertyValueKeyword.verifyElementPropertyValue(VerifyElementPropertyValueKeyword.groovy:48)
	at com.kms.katalon.core.webservice.keyword.builtin.VerifyElementPropertyValueKeyword.execute(VerifyElementPropertyValueKeyword.groovy:43)
	at com.kms.katalon.core.keyword.internal.KeywordExecutor.executeKeywordForPlatform(KeywordExecutor.groovy:74)
	at com.kms.katalon.core.webservice.keyword.WSBuiltInKeywords.verifyElementPropertyValue(WSBuiltInKeywords.groovy:175)
	at com.kms.katalon.core.webservice.keyword.WSBuiltInKeywords$verifyElementPropertyValue$0.call(Unknown Source)
	at 3. get token - feedback insurance.run(3. get token - feedback insurance:59)
	at com.kms.katalon.core.main.ScriptEngine.run(ScriptEngine.java:194)
	at com.kms.katalon.core.main.ScriptEngine.runScriptAsRawText(ScriptEngine.java:119)
	at com.kms.katalon.core.main.TestCaseExecutor.runScript(TestCaseExecutor.java:442)
	at com.kms.katalon.core.main.TestCaseExecutor.doExecute(TestCaseExecutor.java:433)
	at com.kms.katalon.core.main.TestCaseExecutor.processExecutionPhase(TestCaseExecutor.java:412)
	at com.kms.katalon.core.main.TestCaseExecutor.accessMainPhase(TestCaseExecutor.java:404)
	at com.kms.katalon.core.main.TestCaseExecutor.execute(TestCaseExecutor.java:281)
	at com.kms.katalon.core.main.TestSuiteExecutor.accessTestCaseMainPhase(TestSuiteExecutor.java:202)
	at com.kms.katalon.core.main.TestSuiteExecutor.accessTestSuiteMainPhase(TestSuiteExecutor.java:164)
	at com.kms.katalon.core.main.TestSuiteExecutor.execute(TestSuiteExecutor.java:105)
	at com.kms.katalon.core.main.TestCaseMain.startTestSuite(TestCaseMain.java:181)
	at com.kms.katalon.core.main.TestCaseMain$startTestSuite$0.call(Unknown Source)
	at TempTestSuite1648532499046.run(TempTestSuite1648532499046.groovy:36)]]></system-err>
      </testcase>
      <testcase name="Test Cases/3. get token - feedback insurance" time="1.478" classname="Test Cases/3. get token - feedback insurance" status="FAILED">
         <failure type="FAILED" message="Test Cases/3. get token - feedback insurance FAILED.
Reason:
com.kms.katalon.core.exception.StepFailedException: Expected element property value 'Sukses' is not equal with actual property value 'Data Sudah Pernah Disubmit'
	at com.kms.katalon.core.keyword.internal.KeywordMain.stepFailed(KeywordMain.groovy:39)
	at com.kms.katalon.core.webservice.keyword.builtin.VerifyElementPropertyValueKeyword$_verifyElementPropertyValue_closure1.doCall(VerifyElementPropertyValueKeyword.groovy:56)
	at com.kms.katalon.core.webservice.keyword.builtin.VerifyElementPropertyValueKeyword$_verifyElementPropertyValue_closure1.call(VerifyElementPropertyValueKeyword.groovy)
	at com.kms.katalon.core.keyword.internal.KeywordMain.runKeyword(KeywordMain.groovy:74)
	at com.kms.katalon.core.webservice.keyword.builtin.VerifyElementPropertyValueKeyword.verifyElementPropertyValue(VerifyElementPropertyValueKeyword.groovy:48)
	at com.kms.katalon.core.webservice.keyword.builtin.VerifyElementPropertyValueKeyword.execute(VerifyElementPropertyValueKeyword.groovy:43)
	at com.kms.katalon.core.keyword.internal.KeywordExecutor.executeKeywordForPlatform(KeywordExecutor.groovy:74)
	at com.kms.katalon.core.webservice.keyword.WSBuiltInKeywords.verifyElementPropertyValue(WSBuiltInKeywords.groovy:175)
	at com.kms.katalon.core.webservice.keyword.WSBuiltInKeywords$verifyElementPropertyValue$0.call(Unknown Source)
	at 3. get token - feedback insurance.run(3. get token - feedback insurance:59)
	at com.kms.katalon.core.main.ScriptEngine.run(ScriptEngine.java:194)
	at com.kms.katalon.core.main.ScriptEngine.runScriptAsRawText(ScriptEngine.java:119)
	at com.kms.katalon.core.main.TestCaseExecutor.runScript(TestCaseExecutor.java:442)
	at com.kms.katalon.core.main.TestCaseExecutor.doExecute(TestCaseExecutor.java:433)
	at com.kms.katalon.core.main.TestCaseExecutor.processExecutionPhase(TestCaseExecutor.java:412)
	at com.kms.katalon.core.main.TestCaseExecutor.accessMainPhase(TestCaseExecutor.java:404)
	at com.kms.katalon.core.main.TestCaseExecutor.execute(TestCaseExecutor.java:281)
	at com.kms.katalon.core.main.TestSuiteExecutor.accessTestCaseMainPhase(TestSuiteExecutor.java:202)
	at com.kms.katalon.core.main.TestSuiteExecutor.accessTestSuiteMainPhase(TestSuiteExecutor.java:164)
	at com.kms.katalon.core.main.TestSuiteExecutor.execute(TestSuiteExecutor.java:105)
	at com.kms.katalon.core.main.TestCaseMain.startTestSuite(TestCaseMain.java:181)
	at com.kms.katalon.core.main.TestCaseMain$startTestSuite$0.call(Unknown Source)
	at TempTestSuite1648532499046.run(TempTestSuite1648532499046.groovy:36)
"/>
         <system-out><![CDATA[2022-03-29 12:43:46 - [TEST_CASE][FAILED] - Test Cases/3. get token - feedback insurance: Test Cases/3. get token - feedback insurance FAILED.
Reason:
com.kms.katalon.core.exception.StepFailedException: Expected element property value 'Sukses' is not equal with actual property value 'Data Sudah Pernah Disubmit'
	at com.kms.katalon.core.keyword.internal.KeywordMain.stepFailed(KeywordMain.groovy:39)
	at com.kms.katalon.core.webservice.keyword.builtin.VerifyElementPropertyValueKeyword$_verifyElementPropertyValue_closure1.doCall(VerifyElementPropertyValueKeyword.groovy:56)
	at com.kms.katalon.core.webservice.keyword.builtin.VerifyElementPropertyValueKeyword$_verifyElementPropertyValue_closure1.call(VerifyElementPropertyValueKeyword.groovy)
	at com.kms.katalon.core.keyword.internal.KeywordMain.runKeyword(KeywordMain.groovy:74)
	at com.kms.katalon.core.webservice.keyword.builtin.VerifyElementPropertyValueKeyword.verifyElementPropertyValue(VerifyElementPropertyValueKeyword.groovy:48)
	at com.kms.katalon.core.webservice.keyword.builtin.VerifyElementPropertyValueKeyword.execute(VerifyElementPropertyValueKeyword.groovy:43)
	at com.kms.katalon.core.keyword.internal.KeywordExecutor.executeKeywordForPlatform(KeywordExecutor.groovy:74)
	at com.kms.katalon.core.webservice.keyword.WSBuiltInKeywords.verifyElementPropertyValue(WSBuiltInKeywords.groovy:175)
	at com.kms.katalon.core.webservice.keyword.WSBuiltInKeywords$verifyElementPropertyValue$0.call(Unknown Source)
	at 3. get token - feedback insurance.run(3. get token - feedback insurance:59)
	at com.kms.katalon.core.main.ScriptEngine.run(ScriptEngine.java:194)
	at com.kms.katalon.core.main.ScriptEngine.runScriptAsRawText(ScriptEngine.java:119)
	at com.kms.katalon.core.main.TestCaseExecutor.runScript(TestCaseExecutor.java:442)
	at com.kms.katalon.core.main.TestCaseExecutor.doExecute(TestCaseExecutor.java:433)
	at com.kms.katalon.core.main.TestCaseExecutor.processExecutionPhase(TestCaseExecutor.java:412)
	at com.kms.katalon.core.main.TestCaseExecutor.accessMainPhase(TestCaseExecutor.java:404)
	at com.kms.katalon.core.main.TestCaseExecutor.execute(TestCaseExecutor.java:281)
	at com.kms.katalon.core.main.TestSuiteExecutor.accessTestCaseMainPhase(TestSuiteExecutor.java:202)
	at com.kms.katalon.core.main.TestSuiteExecutor.accessTestSuiteMainPhase(TestSuiteExecutor.java:164)
	at com.kms.katalon.core.main.TestSuiteExecutor.execute(TestSuiteExecutor.java:105)
	at com.kms.katalon.core.main.TestCaseMain.startTestSuite(TestCaseMain.java:181)
	at com.kms.katalon.core.main.TestCaseMain$startTestSuite$0.call(Unknown Source)
	at TempTestSuite1648532499046.run(TempTestSuite1648532499046.groovy:36)


2022-03-29 12:43:46 - [TEST_STEP][PASSED] - token = sendRequest(findTestObject("1. Get-Token")): Send request successfully

2022-03-29 12:43:46 - [MESSAGE][INFO] - HAR: I:\app-testing\app-project\Order car insurance\order-car-insurance\Reports\20220329_124138\3. Get feedback insurance - Batch 1\20220329_124139\requests\main\104.har

2022-03-29 12:43:46 - [MESSAGE][PASSED] - Send request successfully

2022-03-29 12:43:46 - [TEST_STEP][PASSED] - slurper = new groovy.json.JsonSlurper(): null

2022-03-29 12:43:46 - [TEST_STEP][PASSED] - get_token = slurper.parseText(token.getResponseBodyContent()): null

2022-03-29 12:43:46 - [TEST_STEP][PASSED] - private_token = access_token: null

2022-03-29 12:43:46 - [TEST_STEP][PASSED] - global_token = private_token: null

2022-03-29 12:43:46 - [TEST_STEP][PASSED] - println("token is :" + global_token): null

2022-03-29 12:43:46 - [TEST_STEP][PASSED] - response_token = token.getResponseText(): null

2022-03-29 12:43:46 - [TEST_STEP][PASSED] - logInfo($response_token): {"fault":{"faultstring":"Access Denied for client ip : 8.29.105.53","detail":{"errorcode":"accesscontrol.IPDeniedAccess"}}}

2022-03-29 12:43:46 - [MESSAGE][INFO] - {"fault":{"faultstring":"Access Denied for client ip : 8.29.105.53","detail":{"errorcode":"accesscontrol.IPDeniedAccess"}}}

2022-03-29 12:43:46 - [TEST_STEP][PASSED] - feedback = sendRequest(findTestObject("4. Feedback-ins", ["s_key":global_token, "batchid":batchid, "norek":norek, "nopin":nopin, "custname":custname, "pemohon":pemohon, "branchid":branchid, ... ])): Send request successfully

2022-03-29 12:43:47 - [MESSAGE][INFO] - HAR: I:\app-testing\app-project\Order car insurance\order-car-insurance\Reports\20220329_124138\3. Get feedback insurance - Batch 1\20220329_124139\requests\main\105.har

2022-03-29 12:43:47 - [MESSAGE][PASSED] - Send request successfully

2022-03-29 12:43:47 - [TEST_STEP][PASSED] - response_feedback = feedback.getResponseText(): null

2022-03-29 12:43:47 - [TEST_STEP][PASSED] - markPassed("result feedback data : " + no + " norek : " + norek + " nopin : " + nopin): result feedback data : 99 norek : 9453001985 nopin : 001

2022-03-29 12:43:47 - [MESSAGE][PASSED] - result feedback data : 99 norek : 9453001985 nopin : 001

2022-03-29 12:43:47 - [TEST_STEP][PASSED] - logInfo($response_feedback): {
  "FeedbackCarInsuranceResponse" : {
    "errorCode" : "12",
    "errorMessage" : "Data Sudah Pernah Disubmit"
  }
}

2022-03-29 12:43:47 - [MESSAGE][INFO] - {
  "FeedbackCarInsuranceResponse" : {
    "errorCode" : "12",
    "errorMessage" : "Data Sudah Pernah Disubmit"
  }
}

2022-03-29 12:43:47 - [TEST_STEP][FAILED] - verifyElementPropertyValue(feedback, "FeedbackCarInsuranceResponse.errorMessage", "Sukses", CONTINUE_ON_FAILURE): Expected element property value 'Sukses' is not equal with actual property value 'Data Sudah Pernah Disubmit'

2022-03-29 12:43:47 - [MESSAGE][FAILED] - Expected element property value 'Sukses' is not equal with actual property value 'Data Sudah Pernah Disubmit']]></system-out>
         <system-err><![CDATA[2022-03-29 12:43:46 - [TEST_CASE][FAILED] - Test Cases/3. get token - feedback insurance: Test Cases/3. get token - feedback insurance FAILED.
Reason:
com.kms.katalon.core.exception.StepFailedException: Expected element property value 'Sukses' is not equal with actual property value 'Data Sudah Pernah Disubmit'
	at com.kms.katalon.core.keyword.internal.KeywordMain.stepFailed(KeywordMain.groovy:39)
	at com.kms.katalon.core.webservice.keyword.builtin.VerifyElementPropertyValueKeyword$_verifyElementPropertyValue_closure1.doCall(VerifyElementPropertyValueKeyword.groovy:56)
	at com.kms.katalon.core.webservice.keyword.builtin.VerifyElementPropertyValueKeyword$_verifyElementPropertyValue_closure1.call(VerifyElementPropertyValueKeyword.groovy)
	at com.kms.katalon.core.keyword.internal.KeywordMain.runKeyword(KeywordMain.groovy:74)
	at com.kms.katalon.core.webservice.keyword.builtin.VerifyElementPropertyValueKeyword.verifyElementPropertyValue(VerifyElementPropertyValueKeyword.groovy:48)
	at com.kms.katalon.core.webservice.keyword.builtin.VerifyElementPropertyValueKeyword.execute(VerifyElementPropertyValueKeyword.groovy:43)
	at com.kms.katalon.core.keyword.internal.KeywordExecutor.executeKeywordForPlatform(KeywordExecutor.groovy:74)
	at com.kms.katalon.core.webservice.keyword.WSBuiltInKeywords.verifyElementPropertyValue(WSBuiltInKeywords.groovy:175)
	at com.kms.katalon.core.webservice.keyword.WSBuiltInKeywords$verifyElementPropertyValue$0.call(Unknown Source)
	at 3. get token - feedback insurance.run(3. get token - feedback insurance:59)
	at com.kms.katalon.core.main.ScriptEngine.run(ScriptEngine.java:194)
	at com.kms.katalon.core.main.ScriptEngine.runScriptAsRawText(ScriptEngine.java:119)
	at com.kms.katalon.core.main.TestCaseExecutor.runScript(TestCaseExecutor.java:442)
	at com.kms.katalon.core.main.TestCaseExecutor.doExecute(TestCaseExecutor.java:433)
	at com.kms.katalon.core.main.TestCaseExecutor.processExecutionPhase(TestCaseExecutor.java:412)
	at com.kms.katalon.core.main.TestCaseExecutor.accessMainPhase(TestCaseExecutor.java:404)
	at com.kms.katalon.core.main.TestCaseExecutor.execute(TestCaseExecutor.java:281)
	at com.kms.katalon.core.main.TestSuiteExecutor.accessTestCaseMainPhase(TestSuiteExecutor.java:202)
	at com.kms.katalon.core.main.TestSuiteExecutor.accessTestSuiteMainPhase(TestSuiteExecutor.java:164)
	at com.kms.katalon.core.main.TestSuiteExecutor.execute(TestSuiteExecutor.java:105)
	at com.kms.katalon.core.main.TestCaseMain.startTestSuite(TestCaseMain.java:181)
	at com.kms.katalon.core.main.TestCaseMain$startTestSuite$0.call(Unknown Source)
	at TempTestSuite1648532499046.run(TempTestSuite1648532499046.groovy:36)]]></system-err>
      </testcase>
      <testcase name="Test Cases/3. get token - feedback insurance" time="3.003" classname="Test Cases/3. get token - feedback insurance" status="FAILED">
         <failure type="FAILED" message="Test Cases/3. get token - feedback insurance FAILED.
Reason:
com.kms.katalon.core.exception.StepFailedException: Expected element property value 'Sukses' is not equal with actual property value 'Data Sudah Pernah Disubmit'
	at com.kms.katalon.core.keyword.internal.KeywordMain.stepFailed(KeywordMain.groovy:39)
	at com.kms.katalon.core.webservice.keyword.builtin.VerifyElementPropertyValueKeyword$_verifyElementPropertyValue_closure1.doCall(VerifyElementPropertyValueKeyword.groovy:56)
	at com.kms.katalon.core.webservice.keyword.builtin.VerifyElementPropertyValueKeyword$_verifyElementPropertyValue_closure1.call(VerifyElementPropertyValueKeyword.groovy)
	at com.kms.katalon.core.keyword.internal.KeywordMain.runKeyword(KeywordMain.groovy:74)
	at com.kms.katalon.core.webservice.keyword.builtin.VerifyElementPropertyValueKeyword.verifyElementPropertyValue(VerifyElementPropertyValueKeyword.groovy:48)
	at com.kms.katalon.core.webservice.keyword.builtin.VerifyElementPropertyValueKeyword.execute(VerifyElementPropertyValueKeyword.groovy:43)
	at com.kms.katalon.core.keyword.internal.KeywordExecutor.executeKeywordForPlatform(KeywordExecutor.groovy:74)
	at com.kms.katalon.core.webservice.keyword.WSBuiltInKeywords.verifyElementPropertyValue(WSBuiltInKeywords.groovy:175)
	at com.kms.katalon.core.webservice.keyword.WSBuiltInKeywords$verifyElementPropertyValue$0.call(Unknown Source)
	at 3. get token - feedback insurance.run(3. get token - feedback insurance:59)
	at com.kms.katalon.core.main.ScriptEngine.run(ScriptEngine.java:194)
	at com.kms.katalon.core.main.ScriptEngine.runScriptAsRawText(ScriptEngine.java:119)
	at com.kms.katalon.core.main.TestCaseExecutor.runScript(TestCaseExecutor.java:442)
	at com.kms.katalon.core.main.TestCaseExecutor.doExecute(TestCaseExecutor.java:433)
	at com.kms.katalon.core.main.TestCaseExecutor.processExecutionPhase(TestCaseExecutor.java:412)
	at com.kms.katalon.core.main.TestCaseExecutor.accessMainPhase(TestCaseExecutor.java:404)
	at com.kms.katalon.core.main.TestCaseExecutor.execute(TestCaseExecutor.java:281)
	at com.kms.katalon.core.main.TestSuiteExecutor.accessTestCaseMainPhase(TestSuiteExecutor.java:202)
	at com.kms.katalon.core.main.TestSuiteExecutor.accessTestSuiteMainPhase(TestSuiteExecutor.java:164)
	at com.kms.katalon.core.main.TestSuiteExecutor.execute(TestSuiteExecutor.java:105)
	at com.kms.katalon.core.main.TestCaseMain.startTestSuite(TestCaseMain.java:181)
	at com.kms.katalon.core.main.TestCaseMain$startTestSuite$0.call(Unknown Source)
	at TempTestSuite1648532499046.run(TempTestSuite1648532499046.groovy:36)
"/>
         <system-out><![CDATA[2022-03-29 12:43:48 - [TEST_CASE][FAILED] - Test Cases/3. get token - feedback insurance: Test Cases/3. get token - feedback insurance FAILED.
Reason:
com.kms.katalon.core.exception.StepFailedException: Expected element property value 'Sukses' is not equal with actual property value 'Data Sudah Pernah Disubmit'
	at com.kms.katalon.core.keyword.internal.KeywordMain.stepFailed(KeywordMain.groovy:39)
	at com.kms.katalon.core.webservice.keyword.builtin.VerifyElementPropertyValueKeyword$_verifyElementPropertyValue_closure1.doCall(VerifyElementPropertyValueKeyword.groovy:56)
	at com.kms.katalon.core.webservice.keyword.builtin.VerifyElementPropertyValueKeyword$_verifyElementPropertyValue_closure1.call(VerifyElementPropertyValueKeyword.groovy)
	at com.kms.katalon.core.keyword.internal.KeywordMain.runKeyword(KeywordMain.groovy:74)
	at com.kms.katalon.core.webservice.keyword.builtin.VerifyElementPropertyValueKeyword.verifyElementPropertyValue(VerifyElementPropertyValueKeyword.groovy:48)
	at com.kms.katalon.core.webservice.keyword.builtin.VerifyElementPropertyValueKeyword.execute(VerifyElementPropertyValueKeyword.groovy:43)
	at com.kms.katalon.core.keyword.internal.KeywordExecutor.executeKeywordForPlatform(KeywordExecutor.groovy:74)
	at com.kms.katalon.core.webservice.keyword.WSBuiltInKeywords.verifyElementPropertyValue(WSBuiltInKeywords.groovy:175)
	at com.kms.katalon.core.webservice.keyword.WSBuiltInKeywords$verifyElementPropertyValue$0.call(Unknown Source)
	at 3. get token - feedback insurance.run(3. get token - feedback insurance:59)
	at com.kms.katalon.core.main.ScriptEngine.run(ScriptEngine.java:194)
	at com.kms.katalon.core.main.ScriptEngine.runScriptAsRawText(ScriptEngine.java:119)
	at com.kms.katalon.core.main.TestCaseExecutor.runScript(TestCaseExecutor.java:442)
	at com.kms.katalon.core.main.TestCaseExecutor.doExecute(TestCaseExecutor.java:433)
	at com.kms.katalon.core.main.TestCaseExecutor.processExecutionPhase(TestCaseExecutor.java:412)
	at com.kms.katalon.core.main.TestCaseExecutor.accessMainPhase(TestCaseExecutor.java:404)
	at com.kms.katalon.core.main.TestCaseExecutor.execute(TestCaseExecutor.java:281)
	at com.kms.katalon.core.main.TestSuiteExecutor.accessTestCaseMainPhase(TestSuiteExecutor.java:202)
	at com.kms.katalon.core.main.TestSuiteExecutor.accessTestSuiteMainPhase(TestSuiteExecutor.java:164)
	at com.kms.katalon.core.main.TestSuiteExecutor.execute(TestSuiteExecutor.java:105)
	at com.kms.katalon.core.main.TestCaseMain.startTestSuite(TestCaseMain.java:181)
	at com.kms.katalon.core.main.TestCaseMain$startTestSuite$0.call(Unknown Source)
	at TempTestSuite1648532499046.run(TempTestSuite1648532499046.groovy:36)


2022-03-29 12:43:48 - [TEST_STEP][PASSED] - token = sendRequest(findTestObject("1. Get-Token")): Send request successfully

2022-03-29 12:43:48 - [MESSAGE][INFO] - HAR: I:\app-testing\app-project\Order car insurance\order-car-insurance\Reports\20220329_124138\3. Get feedback insurance - Batch 1\20220329_124139\requests\main\106.har

2022-03-29 12:43:48 - [MESSAGE][PASSED] - Send request successfully

2022-03-29 12:43:48 - [TEST_STEP][PASSED] - slurper = new groovy.json.JsonSlurper(): null

2022-03-29 12:43:48 - [TEST_STEP][PASSED] - get_token = slurper.parseText(token.getResponseBodyContent()): null

2022-03-29 12:43:48 - [TEST_STEP][PASSED] - private_token = access_token: null

2022-03-29 12:43:48 - [TEST_STEP][PASSED] - global_token = private_token: null

2022-03-29 12:43:48 - [TEST_STEP][PASSED] - println("token is :" + global_token): null

2022-03-29 12:43:48 - [TEST_STEP][PASSED] - response_token = token.getResponseText(): null

2022-03-29 12:43:48 - [TEST_STEP][PASSED] - logInfo($response_token): {"fault":{"faultstring":"Access Denied for client ip : 8.29.105.53","detail":{"errorcode":"accesscontrol.IPDeniedAccess"}}}

2022-03-29 12:43:48 - [MESSAGE][INFO] - {"fault":{"faultstring":"Access Denied for client ip : 8.29.105.53","detail":{"errorcode":"accesscontrol.IPDeniedAccess"}}}

2022-03-29 12:43:48 - [TEST_STEP][PASSED] - feedback = sendRequest(findTestObject("4. Feedback-ins", ["s_key":global_token, "batchid":batchid, "norek":norek, "nopin":nopin, "custname":custname, "pemohon":pemohon, "branchid":branchid, ... ])): Send request successfully

2022-03-29 12:43:51 - [MESSAGE][INFO] - HAR: I:\app-testing\app-project\Order car insurance\order-car-insurance\Reports\20220329_124138\3. Get feedback insurance - Batch 1\20220329_124139\requests\main\107.har

2022-03-29 12:43:51 - [MESSAGE][PASSED] - Send request successfully

2022-03-29 12:43:51 - [TEST_STEP][PASSED] - response_feedback = feedback.getResponseText(): null

2022-03-29 12:43:51 - [TEST_STEP][PASSED] - markPassed("result feedback data : " + no + " norek : " + norek + " nopin : " + nopin): result feedback data : 100 norek : 9453001985 nopin : 001

2022-03-29 12:43:51 - [MESSAGE][PASSED] - result feedback data : 100 norek : 9453001985 nopin : 001

2022-03-29 12:43:51 - [TEST_STEP][PASSED] - logInfo($response_feedback): {
  "FeedbackCarInsuranceResponse" : {
    "errorCode" : "12",
    "errorMessage" : "Data Sudah Pernah Disubmit"
  }
}

2022-03-29 12:43:51 - [MESSAGE][INFO] - {
  "FeedbackCarInsuranceResponse" : {
    "errorCode" : "12",
    "errorMessage" : "Data Sudah Pernah Disubmit"
  }
}

2022-03-29 12:43:51 - [TEST_STEP][FAILED] - verifyElementPropertyValue(feedback, "FeedbackCarInsuranceResponse.errorMessage", "Sukses", CONTINUE_ON_FAILURE): Expected element property value 'Sukses' is not equal with actual property value 'Data Sudah Pernah Disubmit'

2022-03-29 12:43:51 - [MESSAGE][FAILED] - Expected element property value 'Sukses' is not equal with actual property value 'Data Sudah Pernah Disubmit']]></system-out>
         <system-err><![CDATA[2022-03-29 12:43:48 - [TEST_CASE][FAILED] - Test Cases/3. get token - feedback insurance: Test Cases/3. get token - feedback insurance FAILED.
Reason:
com.kms.katalon.core.exception.StepFailedException: Expected element property value 'Sukses' is not equal with actual property value 'Data Sudah Pernah Disubmit'
	at com.kms.katalon.core.keyword.internal.KeywordMain.stepFailed(KeywordMain.groovy:39)
	at com.kms.katalon.core.webservice.keyword.builtin.VerifyElementPropertyValueKeyword$_verifyElementPropertyValue_closure1.doCall(VerifyElementPropertyValueKeyword.groovy:56)
	at com.kms.katalon.core.webservice.keyword.builtin.VerifyElementPropertyValueKeyword$_verifyElementPropertyValue_closure1.call(VerifyElementPropertyValueKeyword.groovy)
	at com.kms.katalon.core.keyword.internal.KeywordMain.runKeyword(KeywordMain.groovy:74)
	at com.kms.katalon.core.webservice.keyword.builtin.VerifyElementPropertyValueKeyword.verifyElementPropertyValue(VerifyElementPropertyValueKeyword.groovy:48)
	at com.kms.katalon.core.webservice.keyword.builtin.VerifyElementPropertyValueKeyword.execute(VerifyElementPropertyValueKeyword.groovy:43)
	at com.kms.katalon.core.keyword.internal.KeywordExecutor.executeKeywordForPlatform(KeywordExecutor.groovy:74)
	at com.kms.katalon.core.webservice.keyword.WSBuiltInKeywords.verifyElementPropertyValue(WSBuiltInKeywords.groovy:175)
	at com.kms.katalon.core.webservice.keyword.WSBuiltInKeywords$verifyElementPropertyValue$0.call(Unknown Source)
	at 3. get token - feedback insurance.run(3. get token - feedback insurance:59)
	at com.kms.katalon.core.main.ScriptEngine.run(ScriptEngine.java:194)
	at com.kms.katalon.core.main.ScriptEngine.runScriptAsRawText(ScriptEngine.java:119)
	at com.kms.katalon.core.main.TestCaseExecutor.runScript(TestCaseExecutor.java:442)
	at com.kms.katalon.core.main.TestCaseExecutor.doExecute(TestCaseExecutor.java:433)
	at com.kms.katalon.core.main.TestCaseExecutor.processExecutionPhase(TestCaseExecutor.java:412)
	at com.kms.katalon.core.main.TestCaseExecutor.accessMainPhase(TestCaseExecutor.java:404)
	at com.kms.katalon.core.main.TestCaseExecutor.execute(TestCaseExecutor.java:281)
	at com.kms.katalon.core.main.TestSuiteExecutor.accessTestCaseMainPhase(TestSuiteExecutor.java:202)
	at com.kms.katalon.core.main.TestSuiteExecutor.accessTestSuiteMainPhase(TestSuiteExecutor.java:164)
	at com.kms.katalon.core.main.TestSuiteExecutor.execute(TestSuiteExecutor.java:105)
	at com.kms.katalon.core.main.TestCaseMain.startTestSuite(TestCaseMain.java:181)
	at com.kms.katalon.core.main.TestCaseMain$startTestSuite$0.call(Unknown Source)
	at TempTestSuite1648532499046.run(TempTestSuite1648532499046.groovy:36)]]></system-err>
      </testcase>
      <testcase name="Test Cases/3. get token - feedback insurance" time="1.329" classname="Test Cases/3. get token - feedback insurance" status="FAILED">
         <failure type="FAILED" message="Test Cases/3. get token - feedback insurance FAILED.
Reason:
com.kms.katalon.core.exception.StepFailedException: Expected element property value 'Sukses' is not equal with actual property value 'Data Sudah Pernah Disubmit'
	at com.kms.katalon.core.keyword.internal.KeywordMain.stepFailed(KeywordMain.groovy:39)
	at com.kms.katalon.core.webservice.keyword.builtin.VerifyElementPropertyValueKeyword$_verifyElementPropertyValue_closure1.doCall(VerifyElementPropertyValueKeyword.groovy:56)
	at com.kms.katalon.core.webservice.keyword.builtin.VerifyElementPropertyValueKeyword$_verifyElementPropertyValue_closure1.call(VerifyElementPropertyValueKeyword.groovy)
	at com.kms.katalon.core.keyword.internal.KeywordMain.runKeyword(KeywordMain.groovy:74)
	at com.kms.katalon.core.webservice.keyword.builtin.VerifyElementPropertyValueKeyword.verifyElementPropertyValue(VerifyElementPropertyValueKeyword.groovy:48)
	at com.kms.katalon.core.webservice.keyword.builtin.VerifyElementPropertyValueKeyword.execute(VerifyElementPropertyValueKeyword.groovy:43)
	at com.kms.katalon.core.keyword.internal.KeywordExecutor.executeKeywordForPlatform(KeywordExecutor.groovy:74)
	at com.kms.katalon.core.webservice.keyword.WSBuiltInKeywords.verifyElementPropertyValue(WSBuiltInKeywords.groovy:175)
	at com.kms.katalon.core.webservice.keyword.WSBuiltInKeywords$verifyElementPropertyValue$0.call(Unknown Source)
	at 3. get token - feedback insurance.run(3. get token - feedback insurance:59)
	at com.kms.katalon.core.main.ScriptEngine.run(ScriptEngine.java:194)
	at com.kms.katalon.core.main.ScriptEngine.runScriptAsRawText(ScriptEngine.java:119)
	at com.kms.katalon.core.main.TestCaseExecutor.runScript(TestCaseExecutor.java:442)
	at com.kms.katalon.core.main.TestCaseExecutor.doExecute(TestCaseExecutor.java:433)
	at com.kms.katalon.core.main.TestCaseExecutor.processExecutionPhase(TestCaseExecutor.java:412)
	at com.kms.katalon.core.main.TestCaseExecutor.accessMainPhase(TestCaseExecutor.java:404)
	at com.kms.katalon.core.main.TestCaseExecutor.execute(TestCaseExecutor.java:281)
	at com.kms.katalon.core.main.TestSuiteExecutor.accessTestCaseMainPhase(TestSuiteExecutor.java:202)
	at com.kms.katalon.core.main.TestSuiteExecutor.accessTestSuiteMainPhase(TestSuiteExecutor.java:164)
	at com.kms.katalon.core.main.TestSuiteExecutor.execute(TestSuiteExecutor.java:105)
	at com.kms.katalon.core.main.TestCaseMain.startTestSuite(TestCaseMain.java:181)
	at com.kms.katalon.core.main.TestCaseMain$startTestSuite$0.call(Unknown Source)
	at TempTestSuite1648532499046.run(TempTestSuite1648532499046.groovy:36)
"/>
         <system-out><![CDATA[2022-03-29 12:43:51 - [TEST_CASE][FAILED] - Test Cases/3. get token - feedback insurance: Test Cases/3. get token - feedback insurance FAILED.
Reason:
com.kms.katalon.core.exception.StepFailedException: Expected element property value 'Sukses' is not equal with actual property value 'Data Sudah Pernah Disubmit'
	at com.kms.katalon.core.keyword.internal.KeywordMain.stepFailed(KeywordMain.groovy:39)
	at com.kms.katalon.core.webservice.keyword.builtin.VerifyElementPropertyValueKeyword$_verifyElementPropertyValue_closure1.doCall(VerifyElementPropertyValueKeyword.groovy:56)
	at com.kms.katalon.core.webservice.keyword.builtin.VerifyElementPropertyValueKeyword$_verifyElementPropertyValue_closure1.call(VerifyElementPropertyValueKeyword.groovy)
	at com.kms.katalon.core.keyword.internal.KeywordMain.runKeyword(KeywordMain.groovy:74)
	at com.kms.katalon.core.webservice.keyword.builtin.VerifyElementPropertyValueKeyword.verifyElementPropertyValue(VerifyElementPropertyValueKeyword.groovy:48)
	at com.kms.katalon.core.webservice.keyword.builtin.VerifyElementPropertyValueKeyword.execute(VerifyElementPropertyValueKeyword.groovy:43)
	at com.kms.katalon.core.keyword.internal.KeywordExecutor.executeKeywordForPlatform(KeywordExecutor.groovy:74)
	at com.kms.katalon.core.webservice.keyword.WSBuiltInKeywords.verifyElementPropertyValue(WSBuiltInKeywords.groovy:175)
	at com.kms.katalon.core.webservice.keyword.WSBuiltInKeywords$verifyElementPropertyValue$0.call(Unknown Source)
	at 3. get token - feedback insurance.run(3. get token - feedback insurance:59)
	at com.kms.katalon.core.main.ScriptEngine.run(ScriptEngine.java:194)
	at com.kms.katalon.core.main.ScriptEngine.runScriptAsRawText(ScriptEngine.java:119)
	at com.kms.katalon.core.main.TestCaseExecutor.runScript(TestCaseExecutor.java:442)
	at com.kms.katalon.core.main.TestCaseExecutor.doExecute(TestCaseExecutor.java:433)
	at com.kms.katalon.core.main.TestCaseExecutor.processExecutionPhase(TestCaseExecutor.java:412)
	at com.kms.katalon.core.main.TestCaseExecutor.accessMainPhase(TestCaseExecutor.java:404)
	at com.kms.katalon.core.main.TestCaseExecutor.execute(TestCaseExecutor.java:281)
	at com.kms.katalon.core.main.TestSuiteExecutor.accessTestCaseMainPhase(TestSuiteExecutor.java:202)
	at com.kms.katalon.core.main.TestSuiteExecutor.accessTestSuiteMainPhase(TestSuiteExecutor.java:164)
	at com.kms.katalon.core.main.TestSuiteExecutor.execute(TestSuiteExecutor.java:105)
	at com.kms.katalon.core.main.TestCaseMain.startTestSuite(TestCaseMain.java:181)
	at com.kms.katalon.core.main.TestCaseMain$startTestSuite$0.call(Unknown Source)
	at TempTestSuite1648532499046.run(TempTestSuite1648532499046.groovy:36)


2022-03-29 12:43:51 - [TEST_STEP][PASSED] - token = sendRequest(findTestObject("1. Get-Token")): Send request successfully

2022-03-29 12:43:51 - [MESSAGE][INFO] - HAR: I:\app-testing\app-project\Order car insurance\order-car-insurance\Reports\20220329_124138\3. Get feedback insurance - Batch 1\20220329_124139\requests\main\108.har

2022-03-29 12:43:51 - [MESSAGE][PASSED] - Send request successfully

2022-03-29 12:43:51 - [TEST_STEP][PASSED] - slurper = new groovy.json.JsonSlurper(): null

2022-03-29 12:43:51 - [TEST_STEP][PASSED] - get_token = slurper.parseText(token.getResponseBodyContent()): null

2022-03-29 12:43:51 - [TEST_STEP][PASSED] - private_token = access_token: null

2022-03-29 12:43:51 - [TEST_STEP][PASSED] - global_token = private_token: null

2022-03-29 12:43:51 - [TEST_STEP][PASSED] - println("token is :" + global_token): null

2022-03-29 12:43:51 - [TEST_STEP][PASSED] - response_token = token.getResponseText(): null

2022-03-29 12:43:51 - [TEST_STEP][PASSED] - logInfo($response_token): {"fault":{"faultstring":"Access Denied for client ip : 8.29.105.53","detail":{"errorcode":"accesscontrol.IPDeniedAccess"}}}

2022-03-29 12:43:51 - [MESSAGE][INFO] - {"fault":{"faultstring":"Access Denied for client ip : 8.29.105.53","detail":{"errorcode":"accesscontrol.IPDeniedAccess"}}}

2022-03-29 12:43:51 - [TEST_STEP][PASSED] - feedback = sendRequest(findTestObject("4. Feedback-ins", ["s_key":global_token, "batchid":batchid, "norek":norek, "nopin":nopin, "custname":custname, "pemohon":pemohon, "branchid":branchid, ... ])): Send request successfully

2022-03-29 12:43:52 - [MESSAGE][INFO] - HAR: I:\app-testing\app-project\Order car insurance\order-car-insurance\Reports\20220329_124138\3. Get feedback insurance - Batch 1\20220329_124139\requests\main\109.har

2022-03-29 12:43:52 - [MESSAGE][PASSED] - Send request successfully

2022-03-29 12:43:52 - [TEST_STEP][PASSED] - response_feedback = feedback.getResponseText(): null

2022-03-29 12:43:52 - [TEST_STEP][PASSED] - markPassed("result feedback data : " + no + " norek : " + norek + " nopin : " + nopin): result feedback data : 101 norek : 9453701986 nopin : 001

2022-03-29 12:43:52 - [MESSAGE][PASSED] - result feedback data : 101 norek : 9453701986 nopin : 001

2022-03-29 12:43:52 - [TEST_STEP][PASSED] - logInfo($response_feedback): {
  "FeedbackCarInsuranceResponse" : {
    "errorCode" : "12",
    "errorMessage" : "Data Sudah Pernah Disubmit"
  }
}

2022-03-29 12:43:52 - [MESSAGE][INFO] - {
  "FeedbackCarInsuranceResponse" : {
    "errorCode" : "12",
    "errorMessage" : "Data Sudah Pernah Disubmit"
  }
}

2022-03-29 12:43:52 - [TEST_STEP][FAILED] - verifyElementPropertyValue(feedback, "FeedbackCarInsuranceResponse.errorMessage", "Sukses", CONTINUE_ON_FAILURE): Expected element property value 'Sukses' is not equal with actual property value 'Data Sudah Pernah Disubmit'

2022-03-29 12:43:52 - [MESSAGE][FAILED] - Expected element property value 'Sukses' is not equal with actual property value 'Data Sudah Pernah Disubmit']]></system-out>
         <system-err><![CDATA[2022-03-29 12:43:51 - [TEST_CASE][FAILED] - Test Cases/3. get token - feedback insurance: Test Cases/3. get token - feedback insurance FAILED.
Reason:
com.kms.katalon.core.exception.StepFailedException: Expected element property value 'Sukses' is not equal with actual property value 'Data Sudah Pernah Disubmit'
	at com.kms.katalon.core.keyword.internal.KeywordMain.stepFailed(KeywordMain.groovy:39)
	at com.kms.katalon.core.webservice.keyword.builtin.VerifyElementPropertyValueKeyword$_verifyElementPropertyValue_closure1.doCall(VerifyElementPropertyValueKeyword.groovy:56)
	at com.kms.katalon.core.webservice.keyword.builtin.VerifyElementPropertyValueKeyword$_verifyElementPropertyValue_closure1.call(VerifyElementPropertyValueKeyword.groovy)
	at com.kms.katalon.core.keyword.internal.KeywordMain.runKeyword(KeywordMain.groovy:74)
	at com.kms.katalon.core.webservice.keyword.builtin.VerifyElementPropertyValueKeyword.verifyElementPropertyValue(VerifyElementPropertyValueKeyword.groovy:48)
	at com.kms.katalon.core.webservice.keyword.builtin.VerifyElementPropertyValueKeyword.execute(VerifyElementPropertyValueKeyword.groovy:43)
	at com.kms.katalon.core.keyword.internal.KeywordExecutor.executeKeywordForPlatform(KeywordExecutor.groovy:74)
	at com.kms.katalon.core.webservice.keyword.WSBuiltInKeywords.verifyElementPropertyValue(WSBuiltInKeywords.groovy:175)
	at com.kms.katalon.core.webservice.keyword.WSBuiltInKeywords$verifyElementPropertyValue$0.call(Unknown Source)
	at 3. get token - feedback insurance.run(3. get token - feedback insurance:59)
	at com.kms.katalon.core.main.ScriptEngine.run(ScriptEngine.java:194)
	at com.kms.katalon.core.main.ScriptEngine.runScriptAsRawText(ScriptEngine.java:119)
	at com.kms.katalon.core.main.TestCaseExecutor.runScript(TestCaseExecutor.java:442)
	at com.kms.katalon.core.main.TestCaseExecutor.doExecute(TestCaseExecutor.java:433)
	at com.kms.katalon.core.main.TestCaseExecutor.processExecutionPhase(TestCaseExecutor.java:412)
	at com.kms.katalon.core.main.TestCaseExecutor.accessMainPhase(TestCaseExecutor.java:404)
	at com.kms.katalon.core.main.TestCaseExecutor.execute(TestCaseExecutor.java:281)
	at com.kms.katalon.core.main.TestSuiteExecutor.accessTestCaseMainPhase(TestSuiteExecutor.java:202)
	at com.kms.katalon.core.main.TestSuiteExecutor.accessTestSuiteMainPhase(TestSuiteExecutor.java:164)
	at com.kms.katalon.core.main.TestSuiteExecutor.execute(TestSuiteExecutor.java:105)
	at com.kms.katalon.core.main.TestCaseMain.startTestSuite(TestCaseMain.java:181)
	at com.kms.katalon.core.main.TestCaseMain$startTestSuite$0.call(Unknown Source)
	at TempTestSuite1648532499046.run(TempTestSuite1648532499046.groovy:36)]]></system-err>
      </testcase>
      <testcase name="Test Cases/3. get token - feedback insurance" time="1.363" classname="Test Cases/3. get token - feedback insurance" status="FAILED">
         <failure type="FAILED" message="Test Cases/3. get token - feedback insurance FAILED.
Reason:
com.kms.katalon.core.exception.StepFailedException: Expected element property value 'Sukses' is not equal with actual property value 'Data Sudah Pernah Disubmit'
	at com.kms.katalon.core.keyword.internal.KeywordMain.stepFailed(KeywordMain.groovy:39)
	at com.kms.katalon.core.webservice.keyword.builtin.VerifyElementPropertyValueKeyword$_verifyElementPropertyValue_closure1.doCall(VerifyElementPropertyValueKeyword.groovy:56)
	at com.kms.katalon.core.webservice.keyword.builtin.VerifyElementPropertyValueKeyword$_verifyElementPropertyValue_closure1.call(VerifyElementPropertyValueKeyword.groovy)
	at com.kms.katalon.core.keyword.internal.KeywordMain.runKeyword(KeywordMain.groovy:74)
	at com.kms.katalon.core.webservice.keyword.builtin.VerifyElementPropertyValueKeyword.verifyElementPropertyValue(VerifyElementPropertyValueKeyword.groovy:48)
	at com.kms.katalon.core.webservice.keyword.builtin.VerifyElementPropertyValueKeyword.execute(VerifyElementPropertyValueKeyword.groovy:43)
	at com.kms.katalon.core.keyword.internal.KeywordExecutor.executeKeywordForPlatform(KeywordExecutor.groovy:74)
	at com.kms.katalon.core.webservice.keyword.WSBuiltInKeywords.verifyElementPropertyValue(WSBuiltInKeywords.groovy:175)
	at com.kms.katalon.core.webservice.keyword.WSBuiltInKeywords$verifyElementPropertyValue$0.call(Unknown Source)
	at 3. get token - feedback insurance.run(3. get token - feedback insurance:59)
	at com.kms.katalon.core.main.ScriptEngine.run(ScriptEngine.java:194)
	at com.kms.katalon.core.main.ScriptEngine.runScriptAsRawText(ScriptEngine.java:119)
	at com.kms.katalon.core.main.TestCaseExecutor.runScript(TestCaseExecutor.java:442)
	at com.kms.katalon.core.main.TestCaseExecutor.doExecute(TestCaseExecutor.java:433)
	at com.kms.katalon.core.main.TestCaseExecutor.processExecutionPhase(TestCaseExecutor.java:412)
	at com.kms.katalon.core.main.TestCaseExecutor.accessMainPhase(TestCaseExecutor.java:404)
	at com.kms.katalon.core.main.TestCaseExecutor.execute(TestCaseExecutor.java:281)
	at com.kms.katalon.core.main.TestSuiteExecutor.accessTestCaseMainPhase(TestSuiteExecutor.java:202)
	at com.kms.katalon.core.main.TestSuiteExecutor.accessTestSuiteMainPhase(TestSuiteExecutor.java:164)
	at com.kms.katalon.core.main.TestSuiteExecutor.execute(TestSuiteExecutor.java:105)
	at com.kms.katalon.core.main.TestCaseMain.startTestSuite(TestCaseMain.java:181)
	at com.kms.katalon.core.main.TestCaseMain$startTestSuite$0.call(Unknown Source)
	at TempTestSuite1648532499046.run(TempTestSuite1648532499046.groovy:36)
"/>
         <system-out><![CDATA[2022-03-29 12:43:53 - [TEST_CASE][FAILED] - Test Cases/3. get token - feedback insurance: Test Cases/3. get token - feedback insurance FAILED.
Reason:
com.kms.katalon.core.exception.StepFailedException: Expected element property value 'Sukses' is not equal with actual property value 'Data Sudah Pernah Disubmit'
	at com.kms.katalon.core.keyword.internal.KeywordMain.stepFailed(KeywordMain.groovy:39)
	at com.kms.katalon.core.webservice.keyword.builtin.VerifyElementPropertyValueKeyword$_verifyElementPropertyValue_closure1.doCall(VerifyElementPropertyValueKeyword.groovy:56)
	at com.kms.katalon.core.webservice.keyword.builtin.VerifyElementPropertyValueKeyword$_verifyElementPropertyValue_closure1.call(VerifyElementPropertyValueKeyword.groovy)
	at com.kms.katalon.core.keyword.internal.KeywordMain.runKeyword(KeywordMain.groovy:74)
	at com.kms.katalon.core.webservice.keyword.builtin.VerifyElementPropertyValueKeyword.verifyElementPropertyValue(VerifyElementPropertyValueKeyword.groovy:48)
	at com.kms.katalon.core.webservice.keyword.builtin.VerifyElementPropertyValueKeyword.execute(VerifyElementPropertyValueKeyword.groovy:43)
	at com.kms.katalon.core.keyword.internal.KeywordExecutor.executeKeywordForPlatform(KeywordExecutor.groovy:74)
	at com.kms.katalon.core.webservice.keyword.WSBuiltInKeywords.verifyElementPropertyValue(WSBuiltInKeywords.groovy:175)
	at com.kms.katalon.core.webservice.keyword.WSBuiltInKeywords$verifyElementPropertyValue$0.call(Unknown Source)
	at 3. get token - feedback insurance.run(3. get token - feedback insurance:59)
	at com.kms.katalon.core.main.ScriptEngine.run(ScriptEngine.java:194)
	at com.kms.katalon.core.main.ScriptEngine.runScriptAsRawText(ScriptEngine.java:119)
	at com.kms.katalon.core.main.TestCaseExecutor.runScript(TestCaseExecutor.java:442)
	at com.kms.katalon.core.main.TestCaseExecutor.doExecute(TestCaseExecutor.java:433)
	at com.kms.katalon.core.main.TestCaseExecutor.processExecutionPhase(TestCaseExecutor.java:412)
	at com.kms.katalon.core.main.TestCaseExecutor.accessMainPhase(TestCaseExecutor.java:404)
	at com.kms.katalon.core.main.TestCaseExecutor.execute(TestCaseExecutor.java:281)
	at com.kms.katalon.core.main.TestSuiteExecutor.accessTestCaseMainPhase(TestSuiteExecutor.java:202)
	at com.kms.katalon.core.main.TestSuiteExecutor.accessTestSuiteMainPhase(TestSuiteExecutor.java:164)
	at com.kms.katalon.core.main.TestSuiteExecutor.execute(TestSuiteExecutor.java:105)
	at com.kms.katalon.core.main.TestCaseMain.startTestSuite(TestCaseMain.java:181)
	at com.kms.katalon.core.main.TestCaseMain$startTestSuite$0.call(Unknown Source)
	at TempTestSuite1648532499046.run(TempTestSuite1648532499046.groovy:36)


2022-03-29 12:43:53 - [TEST_STEP][PASSED] - token = sendRequest(findTestObject("1. Get-Token")): Send request successfully

2022-03-29 12:43:53 - [MESSAGE][INFO] - HAR: I:\app-testing\app-project\Order car insurance\order-car-insurance\Reports\20220329_124138\3. Get feedback insurance - Batch 1\20220329_124139\requests\main\110.har

2022-03-29 12:43:53 - [MESSAGE][PASSED] - Send request successfully

2022-03-29 12:43:53 - [TEST_STEP][PASSED] - slurper = new groovy.json.JsonSlurper(): null

2022-03-29 12:43:53 - [TEST_STEP][PASSED] - get_token = slurper.parseText(token.getResponseBodyContent()): null

2022-03-29 12:43:53 - [TEST_STEP][PASSED] - private_token = access_token: null

2022-03-29 12:43:53 - [TEST_STEP][PASSED] - global_token = private_token: null

2022-03-29 12:43:53 - [TEST_STEP][PASSED] - println("token is :" + global_token): null

2022-03-29 12:43:53 - [TEST_STEP][PASSED] - response_token = token.getResponseText(): null

2022-03-29 12:43:53 - [TEST_STEP][PASSED] - logInfo($response_token): {"fault":{"faultstring":"Access Denied for client ip : 8.29.105.53","detail":{"errorcode":"accesscontrol.IPDeniedAccess"}}}

2022-03-29 12:43:53 - [MESSAGE][INFO] - {"fault":{"faultstring":"Access Denied for client ip : 8.29.105.53","detail":{"errorcode":"accesscontrol.IPDeniedAccess"}}}

2022-03-29 12:43:53 - [TEST_STEP][PASSED] - feedback = sendRequest(findTestObject("4. Feedback-ins", ["s_key":global_token, "batchid":batchid, "norek":norek, "nopin":nopin, "custname":custname, "pemohon":pemohon, "branchid":branchid, ... ])): Send request successfully

2022-03-29 12:43:54 - [MESSAGE][INFO] - HAR: I:\app-testing\app-project\Order car insurance\order-car-insurance\Reports\20220329_124138\3. Get feedback insurance - Batch 1\20220329_124139\requests\main\111.har

2022-03-29 12:43:54 - [MESSAGE][PASSED] - Send request successfully

2022-03-29 12:43:54 - [TEST_STEP][PASSED] - response_feedback = feedback.getResponseText(): null

2022-03-29 12:43:54 - [TEST_STEP][PASSED] - markPassed("result feedback data : " + no + " norek : " + norek + " nopin : " + nopin): result feedback data : 102 norek : 9453701986 nopin : 001

2022-03-29 12:43:54 - [MESSAGE][PASSED] - result feedback data : 102 norek : 9453701986 nopin : 001

2022-03-29 12:43:54 - [TEST_STEP][PASSED] - logInfo($response_feedback): {
  "FeedbackCarInsuranceResponse" : {
    "errorCode" : "12",
    "errorMessage" : "Data Sudah Pernah Disubmit"
  }
}

2022-03-29 12:43:54 - [MESSAGE][INFO] - {
  "FeedbackCarInsuranceResponse" : {
    "errorCode" : "12",
    "errorMessage" : "Data Sudah Pernah Disubmit"
  }
}

2022-03-29 12:43:54 - [TEST_STEP][FAILED] - verifyElementPropertyValue(feedback, "FeedbackCarInsuranceResponse.errorMessage", "Sukses", CONTINUE_ON_FAILURE): Expected element property value 'Sukses' is not equal with actual property value 'Data Sudah Pernah Disubmit'

2022-03-29 12:43:54 - [MESSAGE][FAILED] - Expected element property value 'Sukses' is not equal with actual property value 'Data Sudah Pernah Disubmit']]></system-out>
         <system-err><![CDATA[2022-03-29 12:43:53 - [TEST_CASE][FAILED] - Test Cases/3. get token - feedback insurance: Test Cases/3. get token - feedback insurance FAILED.
Reason:
com.kms.katalon.core.exception.StepFailedException: Expected element property value 'Sukses' is not equal with actual property value 'Data Sudah Pernah Disubmit'
	at com.kms.katalon.core.keyword.internal.KeywordMain.stepFailed(KeywordMain.groovy:39)
	at com.kms.katalon.core.webservice.keyword.builtin.VerifyElementPropertyValueKeyword$_verifyElementPropertyValue_closure1.doCall(VerifyElementPropertyValueKeyword.groovy:56)
	at com.kms.katalon.core.webservice.keyword.builtin.VerifyElementPropertyValueKeyword$_verifyElementPropertyValue_closure1.call(VerifyElementPropertyValueKeyword.groovy)
	at com.kms.katalon.core.keyword.internal.KeywordMain.runKeyword(KeywordMain.groovy:74)
	at com.kms.katalon.core.webservice.keyword.builtin.VerifyElementPropertyValueKeyword.verifyElementPropertyValue(VerifyElementPropertyValueKeyword.groovy:48)
	at com.kms.katalon.core.webservice.keyword.builtin.VerifyElementPropertyValueKeyword.execute(VerifyElementPropertyValueKeyword.groovy:43)
	at com.kms.katalon.core.keyword.internal.KeywordExecutor.executeKeywordForPlatform(KeywordExecutor.groovy:74)
	at com.kms.katalon.core.webservice.keyword.WSBuiltInKeywords.verifyElementPropertyValue(WSBuiltInKeywords.groovy:175)
	at com.kms.katalon.core.webservice.keyword.WSBuiltInKeywords$verifyElementPropertyValue$0.call(Unknown Source)
	at 3. get token - feedback insurance.run(3. get token - feedback insurance:59)
	at com.kms.katalon.core.main.ScriptEngine.run(ScriptEngine.java:194)
	at com.kms.katalon.core.main.ScriptEngine.runScriptAsRawText(ScriptEngine.java:119)
	at com.kms.katalon.core.main.TestCaseExecutor.runScript(TestCaseExecutor.java:442)
	at com.kms.katalon.core.main.TestCaseExecutor.doExecute(TestCaseExecutor.java:433)
	at com.kms.katalon.core.main.TestCaseExecutor.processExecutionPhase(TestCaseExecutor.java:412)
	at com.kms.katalon.core.main.TestCaseExecutor.accessMainPhase(TestCaseExecutor.java:404)
	at com.kms.katalon.core.main.TestCaseExecutor.execute(TestCaseExecutor.java:281)
	at com.kms.katalon.core.main.TestSuiteExecutor.accessTestCaseMainPhase(TestSuiteExecutor.java:202)
	at com.kms.katalon.core.main.TestSuiteExecutor.accessTestSuiteMainPhase(TestSuiteExecutor.java:164)
	at com.kms.katalon.core.main.TestSuiteExecutor.execute(TestSuiteExecutor.java:105)
	at com.kms.katalon.core.main.TestCaseMain.startTestSuite(TestCaseMain.java:181)
	at com.kms.katalon.core.main.TestCaseMain$startTestSuite$0.call(Unknown Source)
	at TempTestSuite1648532499046.run(TempTestSuite1648532499046.groovy:36)]]></system-err>
      </testcase>
      <testcase name="Test Cases/3. get token - feedback insurance" time="1.356" classname="Test Cases/3. get token - feedback insurance" status="FAILED">
         <failure type="FAILED" message="Test Cases/3. get token - feedback insurance FAILED.
Reason:
com.kms.katalon.core.exception.StepFailedException: Expected element property value 'Sukses' is not equal with actual property value 'Data Sudah Pernah Disubmit'
	at com.kms.katalon.core.keyword.internal.KeywordMain.stepFailed(KeywordMain.groovy:39)
	at com.kms.katalon.core.webservice.keyword.builtin.VerifyElementPropertyValueKeyword$_verifyElementPropertyValue_closure1.doCall(VerifyElementPropertyValueKeyword.groovy:56)
	at com.kms.katalon.core.webservice.keyword.builtin.VerifyElementPropertyValueKeyword$_verifyElementPropertyValue_closure1.call(VerifyElementPropertyValueKeyword.groovy)
	at com.kms.katalon.core.keyword.internal.KeywordMain.runKeyword(KeywordMain.groovy:74)
	at com.kms.katalon.core.webservice.keyword.builtin.VerifyElementPropertyValueKeyword.verifyElementPropertyValue(VerifyElementPropertyValueKeyword.groovy:48)
	at com.kms.katalon.core.webservice.keyword.builtin.VerifyElementPropertyValueKeyword.execute(VerifyElementPropertyValueKeyword.groovy:43)
	at com.kms.katalon.core.keyword.internal.KeywordExecutor.executeKeywordForPlatform(KeywordExecutor.groovy:74)
	at com.kms.katalon.core.webservice.keyword.WSBuiltInKeywords.verifyElementPropertyValue(WSBuiltInKeywords.groovy:175)
	at com.kms.katalon.core.webservice.keyword.WSBuiltInKeywords$verifyElementPropertyValue$0.call(Unknown Source)
	at 3. get token - feedback insurance.run(3. get token - feedback insurance:59)
	at com.kms.katalon.core.main.ScriptEngine.run(ScriptEngine.java:194)
	at com.kms.katalon.core.main.ScriptEngine.runScriptAsRawText(ScriptEngine.java:119)
	at com.kms.katalon.core.main.TestCaseExecutor.runScript(TestCaseExecutor.java:442)
	at com.kms.katalon.core.main.TestCaseExecutor.doExecute(TestCaseExecutor.java:433)
	at com.kms.katalon.core.main.TestCaseExecutor.processExecutionPhase(TestCaseExecutor.java:412)
	at com.kms.katalon.core.main.TestCaseExecutor.accessMainPhase(TestCaseExecutor.java:404)
	at com.kms.katalon.core.main.TestCaseExecutor.execute(TestCaseExecutor.java:281)
	at com.kms.katalon.core.main.TestSuiteExecutor.accessTestCaseMainPhase(TestSuiteExecutor.java:202)
	at com.kms.katalon.core.main.TestSuiteExecutor.accessTestSuiteMainPhase(TestSuiteExecutor.java:164)
	at com.kms.katalon.core.main.TestSuiteExecutor.execute(TestSuiteExecutor.java:105)
	at com.kms.katalon.core.main.TestCaseMain.startTestSuite(TestCaseMain.java:181)
	at com.kms.katalon.core.main.TestCaseMain$startTestSuite$0.call(Unknown Source)
	at TempTestSuite1648532499046.run(TempTestSuite1648532499046.groovy:36)
"/>
         <system-out><![CDATA[2022-03-29 12:43:54 - [TEST_CASE][FAILED] - Test Cases/3. get token - feedback insurance: Test Cases/3. get token - feedback insurance FAILED.
Reason:
com.kms.katalon.core.exception.StepFailedException: Expected element property value 'Sukses' is not equal with actual property value 'Data Sudah Pernah Disubmit'
	at com.kms.katalon.core.keyword.internal.KeywordMain.stepFailed(KeywordMain.groovy:39)
	at com.kms.katalon.core.webservice.keyword.builtin.VerifyElementPropertyValueKeyword$_verifyElementPropertyValue_closure1.doCall(VerifyElementPropertyValueKeyword.groovy:56)
	at com.kms.katalon.core.webservice.keyword.builtin.VerifyElementPropertyValueKeyword$_verifyElementPropertyValue_closure1.call(VerifyElementPropertyValueKeyword.groovy)
	at com.kms.katalon.core.keyword.internal.KeywordMain.runKeyword(KeywordMain.groovy:74)
	at com.kms.katalon.core.webservice.keyword.builtin.VerifyElementPropertyValueKeyword.verifyElementPropertyValue(VerifyElementPropertyValueKeyword.groovy:48)
	at com.kms.katalon.core.webservice.keyword.builtin.VerifyElementPropertyValueKeyword.execute(VerifyElementPropertyValueKeyword.groovy:43)
	at com.kms.katalon.core.keyword.internal.KeywordExecutor.executeKeywordForPlatform(KeywordExecutor.groovy:74)
	at com.kms.katalon.core.webservice.keyword.WSBuiltInKeywords.verifyElementPropertyValue(WSBuiltInKeywords.groovy:175)
	at com.kms.katalon.core.webservice.keyword.WSBuiltInKeywords$verifyElementPropertyValue$0.call(Unknown Source)
	at 3. get token - feedback insurance.run(3. get token - feedback insurance:59)
	at com.kms.katalon.core.main.ScriptEngine.run(ScriptEngine.java:194)
	at com.kms.katalon.core.main.ScriptEngine.runScriptAsRawText(ScriptEngine.java:119)
	at com.kms.katalon.core.main.TestCaseExecutor.runScript(TestCaseExecutor.java:442)
	at com.kms.katalon.core.main.TestCaseExecutor.doExecute(TestCaseExecutor.java:433)
	at com.kms.katalon.core.main.TestCaseExecutor.processExecutionPhase(TestCaseExecutor.java:412)
	at com.kms.katalon.core.main.TestCaseExecutor.accessMainPhase(TestCaseExecutor.java:404)
	at com.kms.katalon.core.main.TestCaseExecutor.execute(TestCaseExecutor.java:281)
	at com.kms.katalon.core.main.TestSuiteExecutor.accessTestCaseMainPhase(TestSuiteExecutor.java:202)
	at com.kms.katalon.core.main.TestSuiteExecutor.accessTestSuiteMainPhase(TestSuiteExecutor.java:164)
	at com.kms.katalon.core.main.TestSuiteExecutor.execute(TestSuiteExecutor.java:105)
	at com.kms.katalon.core.main.TestCaseMain.startTestSuite(TestCaseMain.java:181)
	at com.kms.katalon.core.main.TestCaseMain$startTestSuite$0.call(Unknown Source)
	at TempTestSuite1648532499046.run(TempTestSuite1648532499046.groovy:36)


2022-03-29 12:43:54 - [TEST_STEP][PASSED] - token = sendRequest(findTestObject("1. Get-Token")): Send request successfully

2022-03-29 12:43:55 - [MESSAGE][INFO] - HAR: I:\app-testing\app-project\Order car insurance\order-car-insurance\Reports\20220329_124138\3. Get feedback insurance - Batch 1\20220329_124139\requests\main\112.har

2022-03-29 12:43:55 - [MESSAGE][PASSED] - Send request successfully

2022-03-29 12:43:55 - [TEST_STEP][PASSED] - slurper = new groovy.json.JsonSlurper(): null

2022-03-29 12:43:55 - [TEST_STEP][PASSED] - get_token = slurper.parseText(token.getResponseBodyContent()): null

2022-03-29 12:43:55 - [TEST_STEP][PASSED] - private_token = access_token: null

2022-03-29 12:43:55 - [TEST_STEP][PASSED] - global_token = private_token: null

2022-03-29 12:43:55 - [TEST_STEP][PASSED] - println("token is :" + global_token): null

2022-03-29 12:43:55 - [TEST_STEP][PASSED] - response_token = token.getResponseText(): null

2022-03-29 12:43:55 - [TEST_STEP][PASSED] - logInfo($response_token): {"fault":{"faultstring":"Access Denied for client ip : 8.29.105.53","detail":{"errorcode":"accesscontrol.IPDeniedAccess"}}}

2022-03-29 12:43:55 - [MESSAGE][INFO] - {"fault":{"faultstring":"Access Denied for client ip : 8.29.105.53","detail":{"errorcode":"accesscontrol.IPDeniedAccess"}}}

2022-03-29 12:43:55 - [TEST_STEP][PASSED] - feedback = sendRequest(findTestObject("4. Feedback-ins", ["s_key":global_token, "batchid":batchid, "norek":norek, "nopin":nopin, "custname":custname, "pemohon":pemohon, "branchid":branchid, ... ])): Send request successfully

2022-03-29 12:43:56 - [MESSAGE][INFO] - HAR: I:\app-testing\app-project\Order car insurance\order-car-insurance\Reports\20220329_124138\3. Get feedback insurance - Batch 1\20220329_124139\requests\main\113.har

2022-03-29 12:43:56 - [MESSAGE][PASSED] - Send request successfully

2022-03-29 12:43:56 - [TEST_STEP][PASSED] - response_feedback = feedback.getResponseText(): null

2022-03-29 12:43:56 - [TEST_STEP][PASSED] - markPassed("result feedback data : " + no + " norek : " + norek + " nopin : " + nopin): result feedback data : 103 norek : 9453701986 nopin : 001

2022-03-29 12:43:56 - [MESSAGE][PASSED] - result feedback data : 103 norek : 9453701986 nopin : 001

2022-03-29 12:43:56 - [TEST_STEP][PASSED] - logInfo($response_feedback): {
  "FeedbackCarInsuranceResponse" : {
    "errorCode" : "12",
    "errorMessage" : "Data Sudah Pernah Disubmit"
  }
}

2022-03-29 12:43:56 - [MESSAGE][INFO] - {
  "FeedbackCarInsuranceResponse" : {
    "errorCode" : "12",
    "errorMessage" : "Data Sudah Pernah Disubmit"
  }
}

2022-03-29 12:43:56 - [TEST_STEP][FAILED] - verifyElementPropertyValue(feedback, "FeedbackCarInsuranceResponse.errorMessage", "Sukses", CONTINUE_ON_FAILURE): Expected element property value 'Sukses' is not equal with actual property value 'Data Sudah Pernah Disubmit'

2022-03-29 12:43:56 - [MESSAGE][FAILED] - Expected element property value 'Sukses' is not equal with actual property value 'Data Sudah Pernah Disubmit']]></system-out>
         <system-err><![CDATA[2022-03-29 12:43:54 - [TEST_CASE][FAILED] - Test Cases/3. get token - feedback insurance: Test Cases/3. get token - feedback insurance FAILED.
Reason:
com.kms.katalon.core.exception.StepFailedException: Expected element property value 'Sukses' is not equal with actual property value 'Data Sudah Pernah Disubmit'
	at com.kms.katalon.core.keyword.internal.KeywordMain.stepFailed(KeywordMain.groovy:39)
	at com.kms.katalon.core.webservice.keyword.builtin.VerifyElementPropertyValueKeyword$_verifyElementPropertyValue_closure1.doCall(VerifyElementPropertyValueKeyword.groovy:56)
	at com.kms.katalon.core.webservice.keyword.builtin.VerifyElementPropertyValueKeyword$_verifyElementPropertyValue_closure1.call(VerifyElementPropertyValueKeyword.groovy)
	at com.kms.katalon.core.keyword.internal.KeywordMain.runKeyword(KeywordMain.groovy:74)
	at com.kms.katalon.core.webservice.keyword.builtin.VerifyElementPropertyValueKeyword.verifyElementPropertyValue(VerifyElementPropertyValueKeyword.groovy:48)
	at com.kms.katalon.core.webservice.keyword.builtin.VerifyElementPropertyValueKeyword.execute(VerifyElementPropertyValueKeyword.groovy:43)
	at com.kms.katalon.core.keyword.internal.KeywordExecutor.executeKeywordForPlatform(KeywordExecutor.groovy:74)
	at com.kms.katalon.core.webservice.keyword.WSBuiltInKeywords.verifyElementPropertyValue(WSBuiltInKeywords.groovy:175)
	at com.kms.katalon.core.webservice.keyword.WSBuiltInKeywords$verifyElementPropertyValue$0.call(Unknown Source)
	at 3. get token - feedback insurance.run(3. get token - feedback insurance:59)
	at com.kms.katalon.core.main.ScriptEngine.run(ScriptEngine.java:194)
	at com.kms.katalon.core.main.ScriptEngine.runScriptAsRawText(ScriptEngine.java:119)
	at com.kms.katalon.core.main.TestCaseExecutor.runScript(TestCaseExecutor.java:442)
	at com.kms.katalon.core.main.TestCaseExecutor.doExecute(TestCaseExecutor.java:433)
	at com.kms.katalon.core.main.TestCaseExecutor.processExecutionPhase(TestCaseExecutor.java:412)
	at com.kms.katalon.core.main.TestCaseExecutor.accessMainPhase(TestCaseExecutor.java:404)
	at com.kms.katalon.core.main.TestCaseExecutor.execute(TestCaseExecutor.java:281)
	at com.kms.katalon.core.main.TestSuiteExecutor.accessTestCaseMainPhase(TestSuiteExecutor.java:202)
	at com.kms.katalon.core.main.TestSuiteExecutor.accessTestSuiteMainPhase(TestSuiteExecutor.java:164)
	at com.kms.katalon.core.main.TestSuiteExecutor.execute(TestSuiteExecutor.java:105)
	at com.kms.katalon.core.main.TestCaseMain.startTestSuite(TestCaseMain.java:181)
	at com.kms.katalon.core.main.TestCaseMain$startTestSuite$0.call(Unknown Source)
	at TempTestSuite1648532499046.run(TempTestSuite1648532499046.groovy:36)]]></system-err>
      </testcase>
      <testcase name="Test Cases/3. get token - feedback insurance" time="1.326" classname="Test Cases/3. get token - feedback insurance" status="FAILED">
         <failure type="FAILED" message="Test Cases/3. get token - feedback insurance FAILED.
Reason:
com.kms.katalon.core.exception.StepFailedException: Expected element property value 'Sukses' is not equal with actual property value 'Data Sudah Pernah Disubmit'
	at com.kms.katalon.core.keyword.internal.KeywordMain.stepFailed(KeywordMain.groovy:39)
	at com.kms.katalon.core.webservice.keyword.builtin.VerifyElementPropertyValueKeyword$_verifyElementPropertyValue_closure1.doCall(VerifyElementPropertyValueKeyword.groovy:56)
	at com.kms.katalon.core.webservice.keyword.builtin.VerifyElementPropertyValueKeyword$_verifyElementPropertyValue_closure1.call(VerifyElementPropertyValueKeyword.groovy)
	at com.kms.katalon.core.keyword.internal.KeywordMain.runKeyword(KeywordMain.groovy:74)
	at com.kms.katalon.core.webservice.keyword.builtin.VerifyElementPropertyValueKeyword.verifyElementPropertyValue(VerifyElementPropertyValueKeyword.groovy:48)
	at com.kms.katalon.core.webservice.keyword.builtin.VerifyElementPropertyValueKeyword.execute(VerifyElementPropertyValueKeyword.groovy:43)
	at com.kms.katalon.core.keyword.internal.KeywordExecutor.executeKeywordForPlatform(KeywordExecutor.groovy:74)
	at com.kms.katalon.core.webservice.keyword.WSBuiltInKeywords.verifyElementPropertyValue(WSBuiltInKeywords.groovy:175)
	at com.kms.katalon.core.webservice.keyword.WSBuiltInKeywords$verifyElementPropertyValue$0.call(Unknown Source)
	at 3. get token - feedback insurance.run(3. get token - feedback insurance:59)
	at com.kms.katalon.core.main.ScriptEngine.run(ScriptEngine.java:194)
	at com.kms.katalon.core.main.ScriptEngine.runScriptAsRawText(ScriptEngine.java:119)
	at com.kms.katalon.core.main.TestCaseExecutor.runScript(TestCaseExecutor.java:442)
	at com.kms.katalon.core.main.TestCaseExecutor.doExecute(TestCaseExecutor.java:433)
	at com.kms.katalon.core.main.TestCaseExecutor.processExecutionPhase(TestCaseExecutor.java:412)
	at com.kms.katalon.core.main.TestCaseExecutor.accessMainPhase(TestCaseExecutor.java:404)
	at com.kms.katalon.core.main.TestCaseExecutor.execute(TestCaseExecutor.java:281)
	at com.kms.katalon.core.main.TestSuiteExecutor.accessTestCaseMainPhase(TestSuiteExecutor.java:202)
	at com.kms.katalon.core.main.TestSuiteExecutor.accessTestSuiteMainPhase(TestSuiteExecutor.java:164)
	at com.kms.katalon.core.main.TestSuiteExecutor.execute(TestSuiteExecutor.java:105)
	at com.kms.katalon.core.main.TestCaseMain.startTestSuite(TestCaseMain.java:181)
	at com.kms.katalon.core.main.TestCaseMain$startTestSuite$0.call(Unknown Source)
	at TempTestSuite1648532499046.run(TempTestSuite1648532499046.groovy:36)
"/>
         <system-out><![CDATA[2022-03-29 12:43:56 - [TEST_CASE][FAILED] - Test Cases/3. get token - feedback insurance: Test Cases/3. get token - feedback insurance FAILED.
Reason:
com.kms.katalon.core.exception.StepFailedException: Expected element property value 'Sukses' is not equal with actual property value 'Data Sudah Pernah Disubmit'
	at com.kms.katalon.core.keyword.internal.KeywordMain.stepFailed(KeywordMain.groovy:39)
	at com.kms.katalon.core.webservice.keyword.builtin.VerifyElementPropertyValueKeyword$_verifyElementPropertyValue_closure1.doCall(VerifyElementPropertyValueKeyword.groovy:56)
	at com.kms.katalon.core.webservice.keyword.builtin.VerifyElementPropertyValueKeyword$_verifyElementPropertyValue_closure1.call(VerifyElementPropertyValueKeyword.groovy)
	at com.kms.katalon.core.keyword.internal.KeywordMain.runKeyword(KeywordMain.groovy:74)
	at com.kms.katalon.core.webservice.keyword.builtin.VerifyElementPropertyValueKeyword.verifyElementPropertyValue(VerifyElementPropertyValueKeyword.groovy:48)
	at com.kms.katalon.core.webservice.keyword.builtin.VerifyElementPropertyValueKeyword.execute(VerifyElementPropertyValueKeyword.groovy:43)
	at com.kms.katalon.core.keyword.internal.KeywordExecutor.executeKeywordForPlatform(KeywordExecutor.groovy:74)
	at com.kms.katalon.core.webservice.keyword.WSBuiltInKeywords.verifyElementPropertyValue(WSBuiltInKeywords.groovy:175)
	at com.kms.katalon.core.webservice.keyword.WSBuiltInKeywords$verifyElementPropertyValue$0.call(Unknown Source)
	at 3. get token - feedback insurance.run(3. get token - feedback insurance:59)
	at com.kms.katalon.core.main.ScriptEngine.run(ScriptEngine.java:194)
	at com.kms.katalon.core.main.ScriptEngine.runScriptAsRawText(ScriptEngine.java:119)
	at com.kms.katalon.core.main.TestCaseExecutor.runScript(TestCaseExecutor.java:442)
	at com.kms.katalon.core.main.TestCaseExecutor.doExecute(TestCaseExecutor.java:433)
	at com.kms.katalon.core.main.TestCaseExecutor.processExecutionPhase(TestCaseExecutor.java:412)
	at com.kms.katalon.core.main.TestCaseExecutor.accessMainPhase(TestCaseExecutor.java:404)
	at com.kms.katalon.core.main.TestCaseExecutor.execute(TestCaseExecutor.java:281)
	at com.kms.katalon.core.main.TestSuiteExecutor.accessTestCaseMainPhase(TestSuiteExecutor.java:202)
	at com.kms.katalon.core.main.TestSuiteExecutor.accessTestSuiteMainPhase(TestSuiteExecutor.java:164)
	at com.kms.katalon.core.main.TestSuiteExecutor.execute(TestSuiteExecutor.java:105)
	at com.kms.katalon.core.main.TestCaseMain.startTestSuite(TestCaseMain.java:181)
	at com.kms.katalon.core.main.TestCaseMain$startTestSuite$0.call(Unknown Source)
	at TempTestSuite1648532499046.run(TempTestSuite1648532499046.groovy:36)


2022-03-29 12:43:56 - [TEST_STEP][PASSED] - token = sendRequest(findTestObject("1. Get-Token")): Send request successfully

2022-03-29 12:43:57 - [MESSAGE][INFO] - HAR: I:\app-testing\app-project\Order car insurance\order-car-insurance\Reports\20220329_124138\3. Get feedback insurance - Batch 1\20220329_124139\requests\main\114.har

2022-03-29 12:43:57 - [MESSAGE][PASSED] - Send request successfully

2022-03-29 12:43:57 - [TEST_STEP][PASSED] - slurper = new groovy.json.JsonSlurper(): null

2022-03-29 12:43:57 - [TEST_STEP][PASSED] - get_token = slurper.parseText(token.getResponseBodyContent()): null

2022-03-29 12:43:57 - [TEST_STEP][PASSED] - private_token = access_token: null

2022-03-29 12:43:57 - [TEST_STEP][PASSED] - global_token = private_token: null

2022-03-29 12:43:57 - [TEST_STEP][PASSED] - println("token is :" + global_token): null

2022-03-29 12:43:57 - [TEST_STEP][PASSED] - response_token = token.getResponseText(): null

2022-03-29 12:43:57 - [TEST_STEP][PASSED] - logInfo($response_token): {"fault":{"faultstring":"Access Denied for client ip : 8.29.105.53","detail":{"errorcode":"accesscontrol.IPDeniedAccess"}}}

2022-03-29 12:43:57 - [MESSAGE][INFO] - {"fault":{"faultstring":"Access Denied for client ip : 8.29.105.53","detail":{"errorcode":"accesscontrol.IPDeniedAccess"}}}

2022-03-29 12:43:57 - [TEST_STEP][PASSED] - feedback = sendRequest(findTestObject("4. Feedback-ins", ["s_key":global_token, "batchid":batchid, "norek":norek, "nopin":nopin, "custname":custname, "pemohon":pemohon, "branchid":branchid, ... ])): Send request successfully

2022-03-29 12:43:57 - [MESSAGE][INFO] - HAR: I:\app-testing\app-project\Order car insurance\order-car-insurance\Reports\20220329_124138\3. Get feedback insurance - Batch 1\20220329_124139\requests\main\115.har

2022-03-29 12:43:57 - [MESSAGE][PASSED] - Send request successfully

2022-03-29 12:43:57 - [TEST_STEP][PASSED] - response_feedback = feedback.getResponseText(): null

2022-03-29 12:43:57 - [TEST_STEP][PASSED] - markPassed("result feedback data : " + no + " norek : " + norek + " nopin : " + nopin): result feedback data : 104 norek : 9453701986 nopin : 001

2022-03-29 12:43:57 - [MESSAGE][PASSED] - result feedback data : 104 norek : 9453701986 nopin : 001

2022-03-29 12:43:57 - [TEST_STEP][PASSED] - logInfo($response_feedback): {
  "FeedbackCarInsuranceResponse" : {
    "errorCode" : "12",
    "errorMessage" : "Data Sudah Pernah Disubmit"
  }
}

2022-03-29 12:43:57 - [MESSAGE][INFO] - {
  "FeedbackCarInsuranceResponse" : {
    "errorCode" : "12",
    "errorMessage" : "Data Sudah Pernah Disubmit"
  }
}

2022-03-29 12:43:57 - [TEST_STEP][FAILED] - verifyElementPropertyValue(feedback, "FeedbackCarInsuranceResponse.errorMessage", "Sukses", CONTINUE_ON_FAILURE): Expected element property value 'Sukses' is not equal with actual property value 'Data Sudah Pernah Disubmit'

2022-03-29 12:43:57 - [MESSAGE][FAILED] - Expected element property value 'Sukses' is not equal with actual property value 'Data Sudah Pernah Disubmit']]></system-out>
         <system-err><![CDATA[2022-03-29 12:43:56 - [TEST_CASE][FAILED] - Test Cases/3. get token - feedback insurance: Test Cases/3. get token - feedback insurance FAILED.
Reason:
com.kms.katalon.core.exception.StepFailedException: Expected element property value 'Sukses' is not equal with actual property value 'Data Sudah Pernah Disubmit'
	at com.kms.katalon.core.keyword.internal.KeywordMain.stepFailed(KeywordMain.groovy:39)
	at com.kms.katalon.core.webservice.keyword.builtin.VerifyElementPropertyValueKeyword$_verifyElementPropertyValue_closure1.doCall(VerifyElementPropertyValueKeyword.groovy:56)
	at com.kms.katalon.core.webservice.keyword.builtin.VerifyElementPropertyValueKeyword$_verifyElementPropertyValue_closure1.call(VerifyElementPropertyValueKeyword.groovy)
	at com.kms.katalon.core.keyword.internal.KeywordMain.runKeyword(KeywordMain.groovy:74)
	at com.kms.katalon.core.webservice.keyword.builtin.VerifyElementPropertyValueKeyword.verifyElementPropertyValue(VerifyElementPropertyValueKeyword.groovy:48)
	at com.kms.katalon.core.webservice.keyword.builtin.VerifyElementPropertyValueKeyword.execute(VerifyElementPropertyValueKeyword.groovy:43)
	at com.kms.katalon.core.keyword.internal.KeywordExecutor.executeKeywordForPlatform(KeywordExecutor.groovy:74)
	at com.kms.katalon.core.webservice.keyword.WSBuiltInKeywords.verifyElementPropertyValue(WSBuiltInKeywords.groovy:175)
	at com.kms.katalon.core.webservice.keyword.WSBuiltInKeywords$verifyElementPropertyValue$0.call(Unknown Source)
	at 3. get token - feedback insurance.run(3. get token - feedback insurance:59)
	at com.kms.katalon.core.main.ScriptEngine.run(ScriptEngine.java:194)
	at com.kms.katalon.core.main.ScriptEngine.runScriptAsRawText(ScriptEngine.java:119)
	at com.kms.katalon.core.main.TestCaseExecutor.runScript(TestCaseExecutor.java:442)
	at com.kms.katalon.core.main.TestCaseExecutor.doExecute(TestCaseExecutor.java:433)
	at com.kms.katalon.core.main.TestCaseExecutor.processExecutionPhase(TestCaseExecutor.java:412)
	at com.kms.katalon.core.main.TestCaseExecutor.accessMainPhase(TestCaseExecutor.java:404)
	at com.kms.katalon.core.main.TestCaseExecutor.execute(TestCaseExecutor.java:281)
	at com.kms.katalon.core.main.TestSuiteExecutor.accessTestCaseMainPhase(TestSuiteExecutor.java:202)
	at com.kms.katalon.core.main.TestSuiteExecutor.accessTestSuiteMainPhase(TestSuiteExecutor.java:164)
	at com.kms.katalon.core.main.TestSuiteExecutor.execute(TestSuiteExecutor.java:105)
	at com.kms.katalon.core.main.TestCaseMain.startTestSuite(TestCaseMain.java:181)
	at com.kms.katalon.core.main.TestCaseMain$startTestSuite$0.call(Unknown Source)
	at TempTestSuite1648532499046.run(TempTestSuite1648532499046.groovy:36)]]></system-err>
      </testcase>
      <testcase name="Test Cases/3. get token - feedback insurance" time="1.806" classname="Test Cases/3. get token - feedback insurance" status="PASSED">
         <system-out><![CDATA[2022-03-29 12:43:58 - [TEST_CASE][PASSED] - Test Cases/3. get token - feedback insurance: Test Cases/3. get token - feedback insurance

2022-03-29 12:43:58 - [TEST_STEP][PASSED] - token = sendRequest(findTestObject("1. Get-Token")): Send request successfully

2022-03-29 12:43:58 - [MESSAGE][INFO] - HAR: I:\app-testing\app-project\Order car insurance\order-car-insurance\Reports\20220329_124138\3. Get feedback insurance - Batch 1\20220329_124139\requests\main\116.har

2022-03-29 12:43:58 - [MESSAGE][PASSED] - Send request successfully

2022-03-29 12:43:58 - [TEST_STEP][PASSED] - slurper = new groovy.json.JsonSlurper(): null

2022-03-29 12:43:58 - [TEST_STEP][PASSED] - get_token = slurper.parseText(token.getResponseBodyContent()): null

2022-03-29 12:43:58 - [TEST_STEP][PASSED] - private_token = access_token: null

2022-03-29 12:43:58 - [TEST_STEP][PASSED] - global_token = private_token: null

2022-03-29 12:43:58 - [TEST_STEP][PASSED] - println("token is :" + global_token): null

2022-03-29 12:43:58 - [TEST_STEP][PASSED] - response_token = token.getResponseText(): null

2022-03-29 12:43:58 - [TEST_STEP][PASSED] - logInfo($response_token): {"fault":{"faultstring":"Access Denied for client ip : 8.29.105.53","detail":{"errorcode":"accesscontrol.IPDeniedAccess"}}}

2022-03-29 12:43:58 - [MESSAGE][INFO] - {"fault":{"faultstring":"Access Denied for client ip : 8.29.105.53","detail":{"errorcode":"accesscontrol.IPDeniedAccess"}}}

2022-03-29 12:43:58 - [TEST_STEP][PASSED] - feedback = sendRequest(findTestObject("4. Feedback-ins", ["s_key":global_token, "batchid":batchid, "norek":norek, "nopin":nopin, "custname":custname, "pemohon":pemohon, "branchid":branchid, ... ])): Send request successfully

2022-03-29 12:44:00 - [MESSAGE][INFO] - HAR: I:\app-testing\app-project\Order car insurance\order-car-insurance\Reports\20220329_124138\3. Get feedback insurance - Batch 1\20220329_124139\requests\main\117.har

2022-03-29 12:44:00 - [MESSAGE][PASSED] - Send request successfully

2022-03-29 12:44:00 - [TEST_STEP][PASSED] - response_feedback = feedback.getResponseText(): null

2022-03-29 12:44:00 - [TEST_STEP][PASSED] - markPassed("result feedback data : " + no + " norek : " + norek + " nopin : " + nopin): result feedback data : 105 norek : 9480013586 nopin : 001

2022-03-29 12:44:00 - [MESSAGE][PASSED] - result feedback data : 105 norek : 9480013586 nopin : 001

2022-03-29 12:44:00 - [TEST_STEP][PASSED] - logInfo($response_feedback): {
  "FeedbackCarInsuranceResponse" : {
    "errorCode" : "00",
    "errorMessage" : "Sukses"
  }
}

2022-03-29 12:44:00 - [MESSAGE][INFO] - {
  "FeedbackCarInsuranceResponse" : {
    "errorCode" : "00",
    "errorMessage" : "Sukses"
  }
}

2022-03-29 12:44:00 - [TEST_STEP][PASSED] - verifyElementPropertyValue(feedback, "FeedbackCarInsuranceResponse.errorMessage", "Sukses", CONTINUE_ON_FAILURE): Verify element property value successfully

2022-03-29 12:44:00 - [MESSAGE][PASSED] - Verify element property value successfully]]></system-out>
         <system-err><![CDATA[]]></system-err>
      </testcase>
      <testcase name="Test Cases/3. get token - feedback insurance" time="1.39" classname="Test Cases/3. get token - feedback insurance" status="PASSED">
         <system-out><![CDATA[2022-03-29 12:44:00 - [TEST_CASE][PASSED] - Test Cases/3. get token - feedback insurance: Test Cases/3. get token - feedback insurance

2022-03-29 12:44:00 - [TEST_STEP][PASSED] - token = sendRequest(findTestObject("1. Get-Token")): Send request successfully

2022-03-29 12:44:00 - [MESSAGE][INFO] - HAR: I:\app-testing\app-project\Order car insurance\order-car-insurance\Reports\20220329_124138\3. Get feedback insurance - Batch 1\20220329_124139\requests\main\118.har

2022-03-29 12:44:00 - [MESSAGE][PASSED] - Send request successfully

2022-03-29 12:44:00 - [TEST_STEP][PASSED] - slurper = new groovy.json.JsonSlurper(): null

2022-03-29 12:44:00 - [TEST_STEP][PASSED] - get_token = slurper.parseText(token.getResponseBodyContent()): null

2022-03-29 12:44:00 - [TEST_STEP][PASSED] - private_token = access_token: null

2022-03-29 12:44:00 - [TEST_STEP][PASSED] - global_token = private_token: null

2022-03-29 12:44:00 - [TEST_STEP][PASSED] - println("token is :" + global_token): null

2022-03-29 12:44:00 - [TEST_STEP][PASSED] - response_token = token.getResponseText(): null

2022-03-29 12:44:00 - [TEST_STEP][PASSED] - logInfo($response_token): {"fault":{"faultstring":"Access Denied for client ip : 8.29.105.53","detail":{"errorcode":"accesscontrol.IPDeniedAccess"}}}

2022-03-29 12:44:00 - [MESSAGE][INFO] - {"fault":{"faultstring":"Access Denied for client ip : 8.29.105.53","detail":{"errorcode":"accesscontrol.IPDeniedAccess"}}}

2022-03-29 12:44:00 - [TEST_STEP][PASSED] - feedback = sendRequest(findTestObject("4. Feedback-ins", ["s_key":global_token, "batchid":batchid, "norek":norek, "nopin":nopin, "custname":custname, "pemohon":pemohon, "branchid":branchid, ... ])): Send request successfully

2022-03-29 12:44:01 - [MESSAGE][INFO] - HAR: I:\app-testing\app-project\Order car insurance\order-car-insurance\Reports\20220329_124138\3. Get feedback insurance - Batch 1\20220329_124139\requests\main\119.har

2022-03-29 12:44:01 - [MESSAGE][PASSED] - Send request successfully

2022-03-29 12:44:01 - [TEST_STEP][PASSED] - response_feedback = feedback.getResponseText(): null

2022-03-29 12:44:01 - [TEST_STEP][PASSED] - markPassed("result feedback data : " + no + " norek : " + norek + " nopin : " + nopin): result feedback data : 106 norek : 9480013586 nopin : 001

2022-03-29 12:44:01 - [MESSAGE][PASSED] - result feedback data : 106 norek : 9480013586 nopin : 001

2022-03-29 12:44:01 - [TEST_STEP][PASSED] - logInfo($response_feedback): {
  "FeedbackCarInsuranceResponse" : {
    "errorCode" : "00",
    "errorMessage" : "Sukses"
  }
}

2022-03-29 12:44:01 - [MESSAGE][INFO] - {
  "FeedbackCarInsuranceResponse" : {
    "errorCode" : "00",
    "errorMessage" : "Sukses"
  }
}

2022-03-29 12:44:01 - [TEST_STEP][PASSED] - verifyElementPropertyValue(feedback, "FeedbackCarInsuranceResponse.errorMessage", "Sukses", CONTINUE_ON_FAILURE): Verify element property value successfully

2022-03-29 12:44:01 - [MESSAGE][PASSED] - Verify element property value successfully]]></system-out>
         <system-err><![CDATA[]]></system-err>
      </testcase>
      <testcase name="Test Cases/3. get token - feedback insurance" time="1.453" classname="Test Cases/3. get token - feedback insurance" status="PASSED">
         <system-out><![CDATA[2022-03-29 12:44:02 - [TEST_CASE][PASSED] - Test Cases/3. get token - feedback insurance: Test Cases/3. get token - feedback insurance

2022-03-29 12:44:02 - [TEST_STEP][PASSED] - token = sendRequest(findTestObject("1. Get-Token")): Send request successfully

2022-03-29 12:44:02 - [MESSAGE][INFO] - HAR: I:\app-testing\app-project\Order car insurance\order-car-insurance\Reports\20220329_124138\3. Get feedback insurance - Batch 1\20220329_124139\requests\main\120.har

2022-03-29 12:44:02 - [MESSAGE][PASSED] - Send request successfully

2022-03-29 12:44:02 - [TEST_STEP][PASSED] - slurper = new groovy.json.JsonSlurper(): null

2022-03-29 12:44:02 - [TEST_STEP][PASSED] - get_token = slurper.parseText(token.getResponseBodyContent()): null

2022-03-29 12:44:02 - [TEST_STEP][PASSED] - private_token = access_token: null

2022-03-29 12:44:02 - [TEST_STEP][PASSED] - global_token = private_token: null

2022-03-29 12:44:02 - [TEST_STEP][PASSED] - println("token is :" + global_token): null

2022-03-29 12:44:02 - [TEST_STEP][PASSED] - response_token = token.getResponseText(): null

2022-03-29 12:44:02 - [TEST_STEP][PASSED] - logInfo($response_token): {"fault":{"faultstring":"Access Denied for client ip : 8.29.105.53","detail":{"errorcode":"accesscontrol.IPDeniedAccess"}}}

2022-03-29 12:44:02 - [MESSAGE][INFO] - {"fault":{"faultstring":"Access Denied for client ip : 8.29.105.53","detail":{"errorcode":"accesscontrol.IPDeniedAccess"}}}

2022-03-29 12:44:02 - [TEST_STEP][PASSED] - feedback = sendRequest(findTestObject("4. Feedback-ins", ["s_key":global_token, "batchid":batchid, "norek":norek, "nopin":nopin, "custname":custname, "pemohon":pemohon, "branchid":branchid, ... ])): Send request successfully

2022-03-29 12:44:03 - [MESSAGE][INFO] - HAR: I:\app-testing\app-project\Order car insurance\order-car-insurance\Reports\20220329_124138\3. Get feedback insurance - Batch 1\20220329_124139\requests\main\121.har

2022-03-29 12:44:03 - [MESSAGE][PASSED] - Send request successfully

2022-03-29 12:44:03 - [TEST_STEP][PASSED] - response_feedback = feedback.getResponseText(): null

2022-03-29 12:44:03 - [TEST_STEP][PASSED] - markPassed("result feedback data : " + no + " norek : " + norek + " nopin : " + nopin): result feedback data : 107 norek : 9480013586 nopin : 001

2022-03-29 12:44:03 - [MESSAGE][PASSED] - result feedback data : 107 norek : 9480013586 nopin : 001

2022-03-29 12:44:03 - [TEST_STEP][PASSED] - logInfo($response_feedback): {
  "FeedbackCarInsuranceResponse" : {
    "errorCode" : "00",
    "errorMessage" : "Sukses"
  }
}

2022-03-29 12:44:03 - [MESSAGE][INFO] - {
  "FeedbackCarInsuranceResponse" : {
    "errorCode" : "00",
    "errorMessage" : "Sukses"
  }
}

2022-03-29 12:44:03 - [TEST_STEP][PASSED] - verifyElementPropertyValue(feedback, "FeedbackCarInsuranceResponse.errorMessage", "Sukses", CONTINUE_ON_FAILURE): Verify element property value successfully

2022-03-29 12:44:03 - [MESSAGE][PASSED] - Verify element property value successfully]]></system-out>
         <system-err><![CDATA[]]></system-err>
      </testcase>
      <testcase name="Test Cases/3. get token - feedback insurance" time="6.708" classname="Test Cases/3. get token - feedback insurance" status="PASSED">
         <system-out><![CDATA[2022-03-29 12:44:04 - [TEST_CASE][PASSED] - Test Cases/3. get token - feedback insurance: Test Cases/3. get token - feedback insurance

2022-03-29 12:44:04 - [TEST_STEP][PASSED] - token = sendRequest(findTestObject("1. Get-Token")): Send request successfully

2022-03-29 12:44:04 - [MESSAGE][INFO] - HAR: I:\app-testing\app-project\Order car insurance\order-car-insurance\Reports\20220329_124138\3. Get feedback insurance - Batch 1\20220329_124139\requests\main\122.har

2022-03-29 12:44:04 - [MESSAGE][PASSED] - Send request successfully

2022-03-29 12:44:04 - [TEST_STEP][PASSED] - slurper = new groovy.json.JsonSlurper(): null

2022-03-29 12:44:04 - [TEST_STEP][PASSED] - get_token = slurper.parseText(token.getResponseBodyContent()): null

2022-03-29 12:44:04 - [TEST_STEP][PASSED] - private_token = access_token: null

2022-03-29 12:44:04 - [TEST_STEP][PASSED] - global_token = private_token: null

2022-03-29 12:44:04 - [TEST_STEP][PASSED] - println("token is :" + global_token): null

2022-03-29 12:44:04 - [TEST_STEP][PASSED] - response_token = token.getResponseText(): null

2022-03-29 12:44:04 - [TEST_STEP][PASSED] - logInfo($response_token): {"fault":{"faultstring":"Access Denied for client ip : 8.29.105.53","detail":{"errorcode":"accesscontrol.IPDeniedAccess"}}}

2022-03-29 12:44:04 - [MESSAGE][INFO] - {"fault":{"faultstring":"Access Denied for client ip : 8.29.105.53","detail":{"errorcode":"accesscontrol.IPDeniedAccess"}}}

2022-03-29 12:44:04 - [TEST_STEP][PASSED] - feedback = sendRequest(findTestObject("4. Feedback-ins", ["s_key":global_token, "batchid":batchid, "norek":norek, "nopin":nopin, "custname":custname, "pemohon":pemohon, "branchid":branchid, ... ])): Send request successfully

2022-03-29 12:44:10 - [MESSAGE][INFO] - HAR: I:\app-testing\app-project\Order car insurance\order-car-insurance\Reports\20220329_124138\3. Get feedback insurance - Batch 1\20220329_124139\requests\main\123.har

2022-03-29 12:44:10 - [MESSAGE][PASSED] - Send request successfully

2022-03-29 12:44:10 - [TEST_STEP][PASSED] - response_feedback = feedback.getResponseText(): null

2022-03-29 12:44:10 - [TEST_STEP][PASSED] - markPassed("result feedback data : " + no + " norek : " + norek + " nopin : " + nopin): result feedback data : 108 norek : 9480013612 nopin : 001

2022-03-29 12:44:10 - [MESSAGE][PASSED] - result feedback data : 108 norek : 9480013612 nopin : 001

2022-03-29 12:44:10 - [TEST_STEP][PASSED] - logInfo($response_feedback): {
  "FeedbackCarInsuranceResponse" : {
    "errorCode" : "00",
    "errorMessage" : "Sukses"
  }
}

2022-03-29 12:44:10 - [MESSAGE][INFO] - {
  "FeedbackCarInsuranceResponse" : {
    "errorCode" : "00",
    "errorMessage" : "Sukses"
  }
}

2022-03-29 12:44:10 - [TEST_STEP][PASSED] - verifyElementPropertyValue(feedback, "FeedbackCarInsuranceResponse.errorMessage", "Sukses", CONTINUE_ON_FAILURE): Verify element property value successfully

2022-03-29 12:44:10 - [MESSAGE][PASSED] - Verify element property value successfully]]></system-out>
         <system-err><![CDATA[]]></system-err>
      </testcase>
      <testcase name="Test Cases/3. get token - feedback insurance" time="2.336" classname="Test Cases/3. get token - feedback insurance" status="PASSED">
         <system-out><![CDATA[2022-03-29 12:44:11 - [TEST_CASE][PASSED] - Test Cases/3. get token - feedback insurance: Test Cases/3. get token - feedback insurance

2022-03-29 12:44:11 - [TEST_STEP][PASSED] - token = sendRequest(findTestObject("1. Get-Token")): Send request successfully

2022-03-29 12:44:11 - [MESSAGE][INFO] - HAR: I:\app-testing\app-project\Order car insurance\order-car-insurance\Reports\20220329_124138\3. Get feedback insurance - Batch 1\20220329_124139\requests\main\124.har

2022-03-29 12:44:11 - [MESSAGE][PASSED] - Send request successfully

2022-03-29 12:44:11 - [TEST_STEP][PASSED] - slurper = new groovy.json.JsonSlurper(): null

2022-03-29 12:44:11 - [TEST_STEP][PASSED] - get_token = slurper.parseText(token.getResponseBodyContent()): null

2022-03-29 12:44:11 - [TEST_STEP][PASSED] - private_token = access_token: null

2022-03-29 12:44:11 - [TEST_STEP][PASSED] - global_token = private_token: null

2022-03-29 12:44:11 - [TEST_STEP][PASSED] - println("token is :" + global_token): null

2022-03-29 12:44:11 - [TEST_STEP][PASSED] - response_token = token.getResponseText(): null

2022-03-29 12:44:11 - [TEST_STEP][PASSED] - logInfo($response_token): {"fault":{"faultstring":"Access Denied for client ip : 8.29.105.53","detail":{"errorcode":"accesscontrol.IPDeniedAccess"}}}

2022-03-29 12:44:11 - [MESSAGE][INFO] - {"fault":{"faultstring":"Access Denied for client ip : 8.29.105.53","detail":{"errorcode":"accesscontrol.IPDeniedAccess"}}}

2022-03-29 12:44:11 - [TEST_STEP][PASSED] - feedback = sendRequest(findTestObject("4. Feedback-ins", ["s_key":global_token, "batchid":batchid, "norek":norek, "nopin":nopin, "custname":custname, "pemohon":pemohon, "branchid":branchid, ... ])): Send request successfully

2022-03-29 12:44:13 - [MESSAGE][INFO] - HAR: I:\app-testing\app-project\Order car insurance\order-car-insurance\Reports\20220329_124138\3. Get feedback insurance - Batch 1\20220329_124139\requests\main\125.har

2022-03-29 12:44:13 - [MESSAGE][PASSED] - Send request successfully

2022-03-29 12:44:13 - [TEST_STEP][PASSED] - response_feedback = feedback.getResponseText(): null

2022-03-29 12:44:13 - [TEST_STEP][PASSED] - markPassed("result feedback data : " + no + " norek : " + norek + " nopin : " + nopin): result feedback data : 109 norek : 9480013612 nopin : 001

2022-03-29 12:44:13 - [MESSAGE][PASSED] - result feedback data : 109 norek : 9480013612 nopin : 001

2022-03-29 12:44:13 - [TEST_STEP][PASSED] - logInfo($response_feedback): {
  "FeedbackCarInsuranceResponse" : {
    "errorCode" : "00",
    "errorMessage" : "Sukses"
  }
}

2022-03-29 12:44:13 - [MESSAGE][INFO] - {
  "FeedbackCarInsuranceResponse" : {
    "errorCode" : "00",
    "errorMessage" : "Sukses"
  }
}

2022-03-29 12:44:13 - [TEST_STEP][PASSED] - verifyElementPropertyValue(feedback, "FeedbackCarInsuranceResponse.errorMessage", "Sukses", CONTINUE_ON_FAILURE): Verify element property value successfully

2022-03-29 12:44:13 - [MESSAGE][PASSED] - Verify element property value successfully]]></system-out>
         <system-err><![CDATA[]]></system-err>
      </testcase>
      <testcase name="Test Cases/3. get token - feedback insurance" time="1.399" classname="Test Cases/3. get token - feedback insurance" status="PASSED">
         <system-out><![CDATA[2022-03-29 12:44:13 - [TEST_CASE][PASSED] - Test Cases/3. get token - feedback insurance: Test Cases/3. get token - feedback insurance

2022-03-29 12:44:13 - [TEST_STEP][PASSED] - token = sendRequest(findTestObject("1. Get-Token")): Send request successfully

2022-03-29 12:44:14 - [MESSAGE][INFO] - HAR: I:\app-testing\app-project\Order car insurance\order-car-insurance\Reports\20220329_124138\3. Get feedback insurance - Batch 1\20220329_124139\requests\main\126.har

2022-03-29 12:44:14 - [MESSAGE][PASSED] - Send request successfully

2022-03-29 12:44:14 - [TEST_STEP][PASSED] - slurper = new groovy.json.JsonSlurper(): null

2022-03-29 12:44:14 - [TEST_STEP][PASSED] - get_token = slurper.parseText(token.getResponseBodyContent()): null

2022-03-29 12:44:14 - [TEST_STEP][PASSED] - private_token = access_token: null

2022-03-29 12:44:14 - [TEST_STEP][PASSED] - global_token = private_token: null

2022-03-29 12:44:14 - [TEST_STEP][PASSED] - println("token is :" + global_token): null

2022-03-29 12:44:14 - [TEST_STEP][PASSED] - response_token = token.getResponseText(): null

2022-03-29 12:44:14 - [TEST_STEP][PASSED] - logInfo($response_token): {"fault":{"faultstring":"Access Denied for client ip : 8.29.105.53","detail":{"errorcode":"accesscontrol.IPDeniedAccess"}}}

2022-03-29 12:44:14 - [MESSAGE][INFO] - {"fault":{"faultstring":"Access Denied for client ip : 8.29.105.53","detail":{"errorcode":"accesscontrol.IPDeniedAccess"}}}

2022-03-29 12:44:14 - [TEST_STEP][PASSED] - feedback = sendRequest(findTestObject("4. Feedback-ins", ["s_key":global_token, "batchid":batchid, "norek":norek, "nopin":nopin, "custname":custname, "pemohon":pemohon, "branchid":branchid, ... ])): Send request successfully

2022-03-29 12:44:15 - [MESSAGE][INFO] - HAR: I:\app-testing\app-project\Order car insurance\order-car-insurance\Reports\20220329_124138\3. Get feedback insurance - Batch 1\20220329_124139\requests\main\127.har

2022-03-29 12:44:15 - [MESSAGE][PASSED] - Send request successfully

2022-03-29 12:44:15 - [TEST_STEP][PASSED] - response_feedback = feedback.getResponseText(): null

2022-03-29 12:44:15 - [TEST_STEP][PASSED] - markPassed("result feedback data : " + no + " norek : " + norek + " nopin : " + nopin): result feedback data : 110 norek : 9480013612 nopin : 001

2022-03-29 12:44:15 - [MESSAGE][PASSED] - result feedback data : 110 norek : 9480013612 nopin : 001

2022-03-29 12:44:15 - [TEST_STEP][PASSED] - logInfo($response_feedback): {
  "FeedbackCarInsuranceResponse" : {
    "errorCode" : "00",
    "errorMessage" : "Sukses"
  }
}

2022-03-29 12:44:15 - [MESSAGE][INFO] - {
  "FeedbackCarInsuranceResponse" : {
    "errorCode" : "00",
    "errorMessage" : "Sukses"
  }
}

2022-03-29 12:44:15 - [TEST_STEP][PASSED] - verifyElementPropertyValue(feedback, "FeedbackCarInsuranceResponse.errorMessage", "Sukses", CONTINUE_ON_FAILURE): Verify element property value successfully

2022-03-29 12:44:15 - [MESSAGE][PASSED] - Verify element property value successfully]]></system-out>
         <system-err><![CDATA[]]></system-err>
      </testcase>
      <testcase name="Test Cases/3. get token - feedback insurance" time="2.194" classname="Test Cases/3. get token - feedback insurance" status="PASSED">
         <system-out><![CDATA[2022-03-29 12:44:15 - [TEST_CASE][PASSED] - Test Cases/3. get token - feedback insurance: Test Cases/3. get token - feedback insurance

2022-03-29 12:44:15 - [TEST_STEP][PASSED] - token = sendRequest(findTestObject("1. Get-Token")): Send request successfully

2022-03-29 12:44:16 - [MESSAGE][INFO] - HAR: I:\app-testing\app-project\Order car insurance\order-car-insurance\Reports\20220329_124138\3. Get feedback insurance - Batch 1\20220329_124139\requests\main\128.har

2022-03-29 12:44:16 - [MESSAGE][PASSED] - Send request successfully

2022-03-29 12:44:16 - [TEST_STEP][PASSED] - slurper = new groovy.json.JsonSlurper(): null

2022-03-29 12:44:16 - [TEST_STEP][PASSED] - get_token = slurper.parseText(token.getResponseBodyContent()): null

2022-03-29 12:44:16 - [TEST_STEP][PASSED] - private_token = access_token: null

2022-03-29 12:44:16 - [TEST_STEP][PASSED] - global_token = private_token: null

2022-03-29 12:44:16 - [TEST_STEP][PASSED] - println("token is :" + global_token): null

2022-03-29 12:44:16 - [TEST_STEP][PASSED] - response_token = token.getResponseText(): null

2022-03-29 12:44:16 - [TEST_STEP][PASSED] - logInfo($response_token): {"fault":{"faultstring":"Access Denied for client ip : 8.29.105.53","detail":{"errorcode":"accesscontrol.IPDeniedAccess"}}}

2022-03-29 12:44:16 - [MESSAGE][INFO] - {"fault":{"faultstring":"Access Denied for client ip : 8.29.105.53","detail":{"errorcode":"accesscontrol.IPDeniedAccess"}}}

2022-03-29 12:44:16 - [TEST_STEP][PASSED] - feedback = sendRequest(findTestObject("4. Feedback-ins", ["s_key":global_token, "batchid":batchid, "norek":norek, "nopin":nopin, "custname":custname, "pemohon":pemohon, "branchid":branchid, ... ])): Send request successfully

2022-03-29 12:44:17 - [MESSAGE][INFO] - HAR: I:\app-testing\app-project\Order car insurance\order-car-insurance\Reports\20220329_124138\3. Get feedback insurance - Batch 1\20220329_124139\requests\main\129.har

2022-03-29 12:44:17 - [MESSAGE][PASSED] - Send request successfully

2022-03-29 12:44:17 - [TEST_STEP][PASSED] - response_feedback = feedback.getResponseText(): null

2022-03-29 12:44:17 - [TEST_STEP][PASSED] - markPassed("result feedback data : " + no + " norek : " + norek + " nopin : " + nopin): result feedback data : 111 norek : 9483006246 nopin : 001

2022-03-29 12:44:17 - [MESSAGE][PASSED] - result feedback data : 111 norek : 9483006246 nopin : 001

2022-03-29 12:44:17 - [TEST_STEP][PASSED] - logInfo($response_feedback): {
  "FeedbackCarInsuranceResponse" : {
    "errorCode" : "00",
    "errorMessage" : "Sukses"
  }
}

2022-03-29 12:44:17 - [MESSAGE][INFO] - {
  "FeedbackCarInsuranceResponse" : {
    "errorCode" : "00",
    "errorMessage" : "Sukses"
  }
}

2022-03-29 12:44:17 - [TEST_STEP][PASSED] - verifyElementPropertyValue(feedback, "FeedbackCarInsuranceResponse.errorMessage", "Sukses", CONTINUE_ON_FAILURE): Verify element property value successfully

2022-03-29 12:44:17 - [MESSAGE][PASSED] - Verify element property value successfully]]></system-out>
         <system-err><![CDATA[]]></system-err>
      </testcase>
      <testcase name="Test Cases/3. get token - feedback insurance" time="1.474" classname="Test Cases/3. get token - feedback insurance" status="PASSED">
         <system-out><![CDATA[2022-03-29 12:44:18 - [TEST_CASE][PASSED] - Test Cases/3. get token - feedback insurance: Test Cases/3. get token - feedback insurance

2022-03-29 12:44:18 - [TEST_STEP][PASSED] - token = sendRequest(findTestObject("1. Get-Token")): Send request successfully

2022-03-29 12:44:18 - [MESSAGE][INFO] - HAR: I:\app-testing\app-project\Order car insurance\order-car-insurance\Reports\20220329_124138\3. Get feedback insurance - Batch 1\20220329_124139\requests\main\130.har

2022-03-29 12:44:18 - [MESSAGE][PASSED] - Send request successfully

2022-03-29 12:44:18 - [TEST_STEP][PASSED] - slurper = new groovy.json.JsonSlurper(): null

2022-03-29 12:44:18 - [TEST_STEP][PASSED] - get_token = slurper.parseText(token.getResponseBodyContent()): null

2022-03-29 12:44:18 - [TEST_STEP][PASSED] - private_token = access_token: null

2022-03-29 12:44:18 - [TEST_STEP][PASSED] - global_token = private_token: null

2022-03-29 12:44:18 - [TEST_STEP][PASSED] - println("token is :" + global_token): null

2022-03-29 12:44:18 - [TEST_STEP][PASSED] - response_token = token.getResponseText(): null

2022-03-29 12:44:18 - [TEST_STEP][PASSED] - logInfo($response_token): {"fault":{"faultstring":"Access Denied for client ip : 8.29.105.53","detail":{"errorcode":"accesscontrol.IPDeniedAccess"}}}

2022-03-29 12:44:18 - [MESSAGE][INFO] - {"fault":{"faultstring":"Access Denied for client ip : 8.29.105.53","detail":{"errorcode":"accesscontrol.IPDeniedAccess"}}}

2022-03-29 12:44:18 - [TEST_STEP][PASSED] - feedback = sendRequest(findTestObject("4. Feedback-ins", ["s_key":global_token, "batchid":batchid, "norek":norek, "nopin":nopin, "custname":custname, "pemohon":pemohon, "branchid":branchid, ... ])): Send request successfully

2022-03-29 12:44:19 - [MESSAGE][INFO] - HAR: I:\app-testing\app-project\Order car insurance\order-car-insurance\Reports\20220329_124138\3. Get feedback insurance - Batch 1\20220329_124139\requests\main\131.har

2022-03-29 12:44:19 - [MESSAGE][PASSED] - Send request successfully

2022-03-29 12:44:19 - [TEST_STEP][PASSED] - response_feedback = feedback.getResponseText(): null

2022-03-29 12:44:19 - [TEST_STEP][PASSED] - markPassed("result feedback data : " + no + " norek : " + norek + " nopin : " + nopin): result feedback data : 112 norek : 9483006246 nopin : 001

2022-03-29 12:44:19 - [MESSAGE][PASSED] - result feedback data : 112 norek : 9483006246 nopin : 001

2022-03-29 12:44:19 - [TEST_STEP][PASSED] - logInfo($response_feedback): {
  "FeedbackCarInsuranceResponse" : {
    "errorCode" : "00",
    "errorMessage" : "Sukses"
  }
}

2022-03-29 12:44:19 - [MESSAGE][INFO] - {
  "FeedbackCarInsuranceResponse" : {
    "errorCode" : "00",
    "errorMessage" : "Sukses"
  }
}

2022-03-29 12:44:19 - [TEST_STEP][PASSED] - verifyElementPropertyValue(feedback, "FeedbackCarInsuranceResponse.errorMessage", "Sukses", CONTINUE_ON_FAILURE): Verify element property value successfully

2022-03-29 12:44:19 - [MESSAGE][PASSED] - Verify element property value successfully]]></system-out>
         <system-err><![CDATA[]]></system-err>
      </testcase>
      <testcase name="Test Cases/3. get token - feedback insurance" time="1.413" classname="Test Cases/3. get token - feedback insurance" status="PASSED">
         <system-out><![CDATA[2022-03-29 12:44:20 - [TEST_CASE][PASSED] - Test Cases/3. get token - feedback insurance: Test Cases/3. get token - feedback insurance

2022-03-29 12:44:20 - [TEST_STEP][PASSED] - token = sendRequest(findTestObject("1. Get-Token")): Send request successfully

2022-03-29 12:44:20 - [MESSAGE][INFO] - HAR: I:\app-testing\app-project\Order car insurance\order-car-insurance\Reports\20220329_124138\3. Get feedback insurance - Batch 1\20220329_124139\requests\main\132.har

2022-03-29 12:44:20 - [MESSAGE][PASSED] - Send request successfully

2022-03-29 12:44:20 - [TEST_STEP][PASSED] - slurper = new groovy.json.JsonSlurper(): null

2022-03-29 12:44:20 - [TEST_STEP][PASSED] - get_token = slurper.parseText(token.getResponseBodyContent()): null

2022-03-29 12:44:20 - [TEST_STEP][PASSED] - private_token = access_token: null

2022-03-29 12:44:20 - [TEST_STEP][PASSED] - global_token = private_token: null

2022-03-29 12:44:20 - [TEST_STEP][PASSED] - println("token is :" + global_token): null

2022-03-29 12:44:20 - [TEST_STEP][PASSED] - response_token = token.getResponseText(): null

2022-03-29 12:44:20 - [TEST_STEP][PASSED] - logInfo($response_token): {"fault":{"faultstring":"Access Denied for client ip : 8.29.105.53","detail":{"errorcode":"accesscontrol.IPDeniedAccess"}}}

2022-03-29 12:44:20 - [MESSAGE][INFO] - {"fault":{"faultstring":"Access Denied for client ip : 8.29.105.53","detail":{"errorcode":"accesscontrol.IPDeniedAccess"}}}

2022-03-29 12:44:20 - [TEST_STEP][PASSED] - feedback = sendRequest(findTestObject("4. Feedback-ins", ["s_key":global_token, "batchid":batchid, "norek":norek, "nopin":nopin, "custname":custname, "pemohon":pemohon, "branchid":branchid, ... ])): Send request successfully

2022-03-29 12:44:21 - [MESSAGE][INFO] - HAR: I:\app-testing\app-project\Order car insurance\order-car-insurance\Reports\20220329_124138\3. Get feedback insurance - Batch 1\20220329_124139\requests\main\133.har

2022-03-29 12:44:21 - [MESSAGE][PASSED] - Send request successfully

2022-03-29 12:44:21 - [TEST_STEP][PASSED] - response_feedback = feedback.getResponseText(): null

2022-03-29 12:44:21 - [TEST_STEP][PASSED] - markPassed("result feedback data : " + no + " norek : " + norek + " nopin : " + nopin): result feedback data : 113 norek : 9483006246 nopin : 001

2022-03-29 12:44:21 - [MESSAGE][PASSED] - result feedback data : 113 norek : 9483006246 nopin : 001

2022-03-29 12:44:21 - [TEST_STEP][PASSED] - logInfo($response_feedback): {
  "FeedbackCarInsuranceResponse" : {
    "errorCode" : "00",
    "errorMessage" : "Sukses"
  }
}

2022-03-29 12:44:21 - [MESSAGE][INFO] - {
  "FeedbackCarInsuranceResponse" : {
    "errorCode" : "00",
    "errorMessage" : "Sukses"
  }
}

2022-03-29 12:44:21 - [TEST_STEP][PASSED] - verifyElementPropertyValue(feedback, "FeedbackCarInsuranceResponse.errorMessage", "Sukses", CONTINUE_ON_FAILURE): Verify element property value successfully

2022-03-29 12:44:21 - [MESSAGE][PASSED] - Verify element property value successfully]]></system-out>
         <system-err><![CDATA[]]></system-err>
      </testcase>
      <testcase name="Test Cases/3. get token - feedback insurance" time="1.411" classname="Test Cases/3. get token - feedback insurance" status="PASSED">
         <system-out><![CDATA[2022-03-29 12:44:21 - [TEST_CASE][PASSED] - Test Cases/3. get token - feedback insurance: Test Cases/3. get token - feedback insurance

2022-03-29 12:44:22 - [TEST_STEP][PASSED] - token = sendRequest(findTestObject("1. Get-Token")): Send request successfully

2022-03-29 12:44:22 - [MESSAGE][INFO] - HAR: I:\app-testing\app-project\Order car insurance\order-car-insurance\Reports\20220329_124138\3. Get feedback insurance - Batch 1\20220329_124139\requests\main\134.har

2022-03-29 12:44:22 - [MESSAGE][PASSED] - Send request successfully

2022-03-29 12:44:22 - [TEST_STEP][PASSED] - slurper = new groovy.json.JsonSlurper(): null

2022-03-29 12:44:22 - [TEST_STEP][PASSED] - get_token = slurper.parseText(token.getResponseBodyContent()): null

2022-03-29 12:44:22 - [TEST_STEP][PASSED] - private_token = access_token: null

2022-03-29 12:44:22 - [TEST_STEP][PASSED] - global_token = private_token: null

2022-03-29 12:44:22 - [TEST_STEP][PASSED] - println("token is :" + global_token): null

2022-03-29 12:44:22 - [TEST_STEP][PASSED] - response_token = token.getResponseText(): null

2022-03-29 12:44:22 - [TEST_STEP][PASSED] - logInfo($response_token): {"fault":{"faultstring":"Access Denied for client ip : 8.29.105.53","detail":{"errorcode":"accesscontrol.IPDeniedAccess"}}}

2022-03-29 12:44:22 - [MESSAGE][INFO] - {"fault":{"faultstring":"Access Denied for client ip : 8.29.105.53","detail":{"errorcode":"accesscontrol.IPDeniedAccess"}}}

2022-03-29 12:44:22 - [TEST_STEP][PASSED] - feedback = sendRequest(findTestObject("4. Feedback-ins", ["s_key":global_token, "batchid":batchid, "norek":norek, "nopin":nopin, "custname":custname, "pemohon":pemohon, "branchid":branchid, ... ])): Send request successfully

2022-03-29 12:44:23 - [MESSAGE][INFO] - HAR: I:\app-testing\app-project\Order car insurance\order-car-insurance\Reports\20220329_124138\3. Get feedback insurance - Batch 1\20220329_124139\requests\main\135.har

2022-03-29 12:44:23 - [MESSAGE][PASSED] - Send request successfully

2022-03-29 12:44:23 - [TEST_STEP][PASSED] - response_feedback = feedback.getResponseText(): null

2022-03-29 12:44:23 - [TEST_STEP][PASSED] - markPassed("result feedback data : " + no + " norek : " + norek + " nopin : " + nopin): result feedback data : 114 norek : 9483006246 nopin : 001

2022-03-29 12:44:23 - [MESSAGE][PASSED] - result feedback data : 114 norek : 9483006246 nopin : 001

2022-03-29 12:44:23 - [TEST_STEP][PASSED] - logInfo($response_feedback): {
  "FeedbackCarInsuranceResponse" : {
    "errorCode" : "00",
    "errorMessage" : "Sukses"
  }
}

2022-03-29 12:44:23 - [MESSAGE][INFO] - {
  "FeedbackCarInsuranceResponse" : {
    "errorCode" : "00",
    "errorMessage" : "Sukses"
  }
}

2022-03-29 12:44:23 - [TEST_STEP][PASSED] - verifyElementPropertyValue(feedback, "FeedbackCarInsuranceResponse.errorMessage", "Sukses", CONTINUE_ON_FAILURE): Verify element property value successfully

2022-03-29 12:44:23 - [MESSAGE][PASSED] - Verify element property value successfully]]></system-out>
         <system-err><![CDATA[]]></system-err>
      </testcase>
      <testcase name="Test Cases/3. get token - feedback insurance" time="1.652" classname="Test Cases/3. get token - feedback insurance" status="PASSED">
         <system-out><![CDATA[2022-03-29 12:44:23 - [TEST_CASE][PASSED] - Test Cases/3. get token - feedback insurance: Test Cases/3. get token - feedback insurance

2022-03-29 12:44:23 - [TEST_STEP][PASSED] - token = sendRequest(findTestObject("1. Get-Token")): Send request successfully

2022-03-29 12:44:24 - [MESSAGE][INFO] - HAR: I:\app-testing\app-project\Order car insurance\order-car-insurance\Reports\20220329_124138\3. Get feedback insurance - Batch 1\20220329_124139\requests\main\136.har

2022-03-29 12:44:24 - [MESSAGE][PASSED] - Send request successfully

2022-03-29 12:44:24 - [TEST_STEP][PASSED] - slurper = new groovy.json.JsonSlurper(): null

2022-03-29 12:44:24 - [TEST_STEP][PASSED] - get_token = slurper.parseText(token.getResponseBodyContent()): null

2022-03-29 12:44:24 - [TEST_STEP][PASSED] - private_token = access_token: null

2022-03-29 12:44:24 - [TEST_STEP][PASSED] - global_token = private_token: null

2022-03-29 12:44:24 - [TEST_STEP][PASSED] - println("token is :" + global_token): null

2022-03-29 12:44:24 - [TEST_STEP][PASSED] - response_token = token.getResponseText(): null

2022-03-29 12:44:24 - [TEST_STEP][PASSED] - logInfo($response_token): {"fault":{"faultstring":"Access Denied for client ip : 8.29.105.53","detail":{"errorcode":"accesscontrol.IPDeniedAccess"}}}

2022-03-29 12:44:24 - [MESSAGE][INFO] - {"fault":{"faultstring":"Access Denied for client ip : 8.29.105.53","detail":{"errorcode":"accesscontrol.IPDeniedAccess"}}}

2022-03-29 12:44:24 - [TEST_STEP][PASSED] - feedback = sendRequest(findTestObject("4. Feedback-ins", ["s_key":global_token, "batchid":batchid, "norek":norek, "nopin":nopin, "custname":custname, "pemohon":pemohon, "branchid":branchid, ... ])): Send request successfully

2022-03-29 12:44:25 - [MESSAGE][INFO] - HAR: I:\app-testing\app-project\Order car insurance\order-car-insurance\Reports\20220329_124138\3. Get feedback insurance - Batch 1\20220329_124139\requests\main\137.har

2022-03-29 12:44:25 - [MESSAGE][PASSED] - Send request successfully

2022-03-29 12:44:25 - [TEST_STEP][PASSED] - response_feedback = feedback.getResponseText(): null

2022-03-29 12:44:25 - [TEST_STEP][PASSED] - markPassed("result feedback data : " + no + " norek : " + norek + " nopin : " + nopin): result feedback data : 115 norek : 9483006276 nopin : 001

2022-03-29 12:44:25 - [MESSAGE][PASSED] - result feedback data : 115 norek : 9483006276 nopin : 001

2022-03-29 12:44:25 - [TEST_STEP][PASSED] - logInfo($response_feedback): {
  "FeedbackCarInsuranceResponse" : {
    "errorCode" : "00",
    "errorMessage" : "Sukses"
  }
}

2022-03-29 12:44:25 - [MESSAGE][INFO] - {
  "FeedbackCarInsuranceResponse" : {
    "errorCode" : "00",
    "errorMessage" : "Sukses"
  }
}

2022-03-29 12:44:25 - [TEST_STEP][PASSED] - verifyElementPropertyValue(feedback, "FeedbackCarInsuranceResponse.errorMessage", "Sukses", CONTINUE_ON_FAILURE): Verify element property value successfully

2022-03-29 12:44:25 - [MESSAGE][PASSED] - Verify element property value successfully]]></system-out>
         <system-err><![CDATA[]]></system-err>
      </testcase>
      <testcase name="Test Cases/3. get token - feedback insurance" time="1.513" classname="Test Cases/3. get token - feedback insurance" status="PASSED">
         <system-out><![CDATA[2022-03-29 12:44:25 - [TEST_CASE][PASSED] - Test Cases/3. get token - feedback insurance: Test Cases/3. get token - feedback insurance

2022-03-29 12:44:25 - [TEST_STEP][PASSED] - token = sendRequest(findTestObject("1. Get-Token")): Send request successfully

2022-03-29 12:44:26 - [MESSAGE][INFO] - HAR: I:\app-testing\app-project\Order car insurance\order-car-insurance\Reports\20220329_124138\3. Get feedback insurance - Batch 1\20220329_124139\requests\main\138.har

2022-03-29 12:44:26 - [MESSAGE][PASSED] - Send request successfully

2022-03-29 12:44:26 - [TEST_STEP][PASSED] - slurper = new groovy.json.JsonSlurper(): null

2022-03-29 12:44:26 - [TEST_STEP][PASSED] - get_token = slurper.parseText(token.getResponseBodyContent()): null

2022-03-29 12:44:26 - [TEST_STEP][PASSED] - private_token = access_token: null

2022-03-29 12:44:26 - [TEST_STEP][PASSED] - global_token = private_token: null

2022-03-29 12:44:26 - [TEST_STEP][PASSED] - println("token is :" + global_token): null

2022-03-29 12:44:26 - [TEST_STEP][PASSED] - response_token = token.getResponseText(): null

2022-03-29 12:44:26 - [TEST_STEP][PASSED] - logInfo($response_token): {"fault":{"faultstring":"Access Denied for client ip : 8.29.105.53","detail":{"errorcode":"accesscontrol.IPDeniedAccess"}}}

2022-03-29 12:44:26 - [MESSAGE][INFO] - {"fault":{"faultstring":"Access Denied for client ip : 8.29.105.53","detail":{"errorcode":"accesscontrol.IPDeniedAccess"}}}

2022-03-29 12:44:26 - [TEST_STEP][PASSED] - feedback = sendRequest(findTestObject("4. Feedback-ins", ["s_key":global_token, "batchid":batchid, "norek":norek, "nopin":nopin, "custname":custname, "pemohon":pemohon, "branchid":branchid, ... ])): Send request successfully

2022-03-29 12:44:27 - [MESSAGE][INFO] - HAR: I:\app-testing\app-project\Order car insurance\order-car-insurance\Reports\20220329_124138\3. Get feedback insurance - Batch 1\20220329_124139\requests\main\139.har

2022-03-29 12:44:27 - [MESSAGE][PASSED] - Send request successfully

2022-03-29 12:44:27 - [TEST_STEP][PASSED] - response_feedback = feedback.getResponseText(): null

2022-03-29 12:44:27 - [TEST_STEP][PASSED] - markPassed("result feedback data : " + no + " norek : " + norek + " nopin : " + nopin): result feedback data : 116 norek : 9483006276 nopin : 001

2022-03-29 12:44:27 - [MESSAGE][PASSED] - result feedback data : 116 norek : 9483006276 nopin : 001

2022-03-29 12:44:27 - [TEST_STEP][PASSED] - logInfo($response_feedback): {
  "FeedbackCarInsuranceResponse" : {
    "errorCode" : "00",
    "errorMessage" : "Sukses"
  }
}

2022-03-29 12:44:27 - [MESSAGE][INFO] - {
  "FeedbackCarInsuranceResponse" : {
    "errorCode" : "00",
    "errorMessage" : "Sukses"
  }
}

2022-03-29 12:44:27 - [TEST_STEP][PASSED] - verifyElementPropertyValue(feedback, "FeedbackCarInsuranceResponse.errorMessage", "Sukses", CONTINUE_ON_FAILURE): Verify element property value successfully

2022-03-29 12:44:27 - [MESSAGE][PASSED] - Verify element property value successfully]]></system-out>
         <system-err><![CDATA[]]></system-err>
      </testcase>
      <testcase name="Test Cases/3. get token - feedback insurance" time="2.187" classname="Test Cases/3. get token - feedback insurance" status="PASSED">
         <system-out><![CDATA[2022-03-29 12:44:27 - [TEST_CASE][PASSED] - Test Cases/3. get token - feedback insurance: Test Cases/3. get token - feedback insurance

2022-03-29 12:44:27 - [TEST_STEP][PASSED] - token = sendRequest(findTestObject("1. Get-Token")): Send request successfully

2022-03-29 12:44:28 - [MESSAGE][INFO] - HAR: I:\app-testing\app-project\Order car insurance\order-car-insurance\Reports\20220329_124138\3. Get feedback insurance - Batch 1\20220329_124139\requests\main\140.har

2022-03-29 12:44:28 - [MESSAGE][PASSED] - Send request successfully

2022-03-29 12:44:28 - [TEST_STEP][PASSED] - slurper = new groovy.json.JsonSlurper(): null

2022-03-29 12:44:28 - [TEST_STEP][PASSED] - get_token = slurper.parseText(token.getResponseBodyContent()): null

2022-03-29 12:44:28 - [TEST_STEP][PASSED] - private_token = access_token: null

2022-03-29 12:44:28 - [TEST_STEP][PASSED] - global_token = private_token: null

2022-03-29 12:44:28 - [TEST_STEP][PASSED] - println("token is :" + global_token): null

2022-03-29 12:44:28 - [TEST_STEP][PASSED] - response_token = token.getResponseText(): null

2022-03-29 12:44:28 - [TEST_STEP][PASSED] - logInfo($response_token): {"fault":{"faultstring":"Access Denied for client ip : 8.29.105.53","detail":{"errorcode":"accesscontrol.IPDeniedAccess"}}}

2022-03-29 12:44:28 - [MESSAGE][INFO] - {"fault":{"faultstring":"Access Denied for client ip : 8.29.105.53","detail":{"errorcode":"accesscontrol.IPDeniedAccess"}}}

2022-03-29 12:44:28 - [TEST_STEP][PASSED] - feedback = sendRequest(findTestObject("4. Feedback-ins", ["s_key":global_token, "batchid":batchid, "norek":norek, "nopin":nopin, "custname":custname, "pemohon":pemohon, "branchid":branchid, ... ])): Send request successfully

2022-03-29 12:44:29 - [MESSAGE][INFO] - HAR: I:\app-testing\app-project\Order car insurance\order-car-insurance\Reports\20220329_124138\3. Get feedback insurance - Batch 1\20220329_124139\requests\main\141.har

2022-03-29 12:44:29 - [MESSAGE][PASSED] - Send request successfully

2022-03-29 12:44:29 - [TEST_STEP][PASSED] - response_feedback = feedback.getResponseText(): null

2022-03-29 12:44:29 - [TEST_STEP][PASSED] - markPassed("result feedback data : " + no + " norek : " + norek + " nopin : " + nopin): result feedback data : 117 norek : 9483006276 nopin : 001

2022-03-29 12:44:29 - [MESSAGE][PASSED] - result feedback data : 117 norek : 9483006276 nopin : 001

2022-03-29 12:44:29 - [TEST_STEP][PASSED] - logInfo($response_feedback): {
  "FeedbackCarInsuranceResponse" : {
    "errorCode" : "00",
    "errorMessage" : "Sukses"
  }
}

2022-03-29 12:44:29 - [MESSAGE][INFO] - {
  "FeedbackCarInsuranceResponse" : {
    "errorCode" : "00",
    "errorMessage" : "Sukses"
  }
}

2022-03-29 12:44:29 - [TEST_STEP][PASSED] - verifyElementPropertyValue(feedback, "FeedbackCarInsuranceResponse.errorMessage", "Sukses", CONTINUE_ON_FAILURE): Verify element property value successfully

2022-03-29 12:44:29 - [MESSAGE][PASSED] - Verify element property value successfully]]></system-out>
         <system-err><![CDATA[]]></system-err>
      </testcase>
      <testcase name="Test Cases/3. get token - feedback insurance" time="1.432" classname="Test Cases/3. get token - feedback insurance" status="PASSED">
         <system-out><![CDATA[2022-03-29 12:44:30 - [TEST_CASE][PASSED] - Test Cases/3. get token - feedback insurance: Test Cases/3. get token - feedback insurance

2022-03-29 12:44:30 - [TEST_STEP][PASSED] - token = sendRequest(findTestObject("1. Get-Token")): Send request successfully

2022-03-29 12:44:30 - [MESSAGE][INFO] - HAR: I:\app-testing\app-project\Order car insurance\order-car-insurance\Reports\20220329_124138\3. Get feedback insurance - Batch 1\20220329_124139\requests\main\142.har

2022-03-29 12:44:30 - [MESSAGE][PASSED] - Send request successfully

2022-03-29 12:44:30 - [TEST_STEP][PASSED] - slurper = new groovy.json.JsonSlurper(): null

2022-03-29 12:44:30 - [TEST_STEP][PASSED] - get_token = slurper.parseText(token.getResponseBodyContent()): null

2022-03-29 12:44:30 - [TEST_STEP][PASSED] - private_token = access_token: null

2022-03-29 12:44:30 - [TEST_STEP][PASSED] - global_token = private_token: null

2022-03-29 12:44:30 - [TEST_STEP][PASSED] - println("token is :" + global_token): null

2022-03-29 12:44:30 - [TEST_STEP][PASSED] - response_token = token.getResponseText(): null

2022-03-29 12:44:30 - [TEST_STEP][PASSED] - logInfo($response_token): {"fault":{"faultstring":"Access Denied for client ip : 8.29.105.53","detail":{"errorcode":"accesscontrol.IPDeniedAccess"}}}

2022-03-29 12:44:30 - [MESSAGE][INFO] - {"fault":{"faultstring":"Access Denied for client ip : 8.29.105.53","detail":{"errorcode":"accesscontrol.IPDeniedAccess"}}}

2022-03-29 12:44:30 - [TEST_STEP][PASSED] - feedback = sendRequest(findTestObject("4. Feedback-ins", ["s_key":global_token, "batchid":batchid, "norek":norek, "nopin":nopin, "custname":custname, "pemohon":pemohon, "branchid":branchid, ... ])): Send request successfully

2022-03-29 12:44:31 - [MESSAGE][INFO] - HAR: I:\app-testing\app-project\Order car insurance\order-car-insurance\Reports\20220329_124138\3. Get feedback insurance - Batch 1\20220329_124139\requests\main\143.har

2022-03-29 12:44:31 - [MESSAGE][PASSED] - Send request successfully

2022-03-29 12:44:31 - [TEST_STEP][PASSED] - response_feedback = feedback.getResponseText(): null

2022-03-29 12:44:31 - [TEST_STEP][PASSED] - markPassed("result feedback data : " + no + " norek : " + norek + " nopin : " + nopin): result feedback data : 118 norek : 9483006276 nopin : 001

2022-03-29 12:44:31 - [MESSAGE][PASSED] - result feedback data : 118 norek : 9483006276 nopin : 001

2022-03-29 12:44:31 - [TEST_STEP][PASSED] - logInfo($response_feedback): {
  "FeedbackCarInsuranceResponse" : {
    "errorCode" : "00",
    "errorMessage" : "Sukses"
  }
}

2022-03-29 12:44:31 - [MESSAGE][INFO] - {
  "FeedbackCarInsuranceResponse" : {
    "errorCode" : "00",
    "errorMessage" : "Sukses"
  }
}

2022-03-29 12:44:31 - [TEST_STEP][PASSED] - verifyElementPropertyValue(feedback, "FeedbackCarInsuranceResponse.errorMessage", "Sukses", CONTINUE_ON_FAILURE): Verify element property value successfully

2022-03-29 12:44:31 - [MESSAGE][PASSED] - Verify element property value successfully]]></system-out>
         <system-err><![CDATA[]]></system-err>
      </testcase>
      <testcase name="Test Cases/3. get token - feedback insurance" time="1.801" classname="Test Cases/3. get token - feedback insurance" status="PASSED">
         <system-out><![CDATA[2022-03-29 12:44:32 - [TEST_CASE][PASSED] - Test Cases/3. get token - feedback insurance: Test Cases/3. get token - feedback insurance

2022-03-29 12:44:32 - [TEST_STEP][PASSED] - token = sendRequest(findTestObject("1. Get-Token")): Send request successfully

2022-03-29 12:44:32 - [MESSAGE][INFO] - HAR: I:\app-testing\app-project\Order car insurance\order-car-insurance\Reports\20220329_124138\3. Get feedback insurance - Batch 1\20220329_124139\requests\main\144.har

2022-03-29 12:44:32 - [MESSAGE][PASSED] - Send request successfully

2022-03-29 12:44:32 - [TEST_STEP][PASSED] - slurper = new groovy.json.JsonSlurper(): null

2022-03-29 12:44:32 - [TEST_STEP][PASSED] - get_token = slurper.parseText(token.getResponseBodyContent()): null

2022-03-29 12:44:32 - [TEST_STEP][PASSED] - private_token = access_token: null

2022-03-29 12:44:32 - [TEST_STEP][PASSED] - global_token = private_token: null

2022-03-29 12:44:32 - [TEST_STEP][PASSED] - println("token is :" + global_token): null

2022-03-29 12:44:32 - [TEST_STEP][PASSED] - response_token = token.getResponseText(): null

2022-03-29 12:44:32 - [TEST_STEP][PASSED] - logInfo($response_token): {"fault":{"faultstring":"Access Denied for client ip : 8.29.105.53","detail":{"errorcode":"accesscontrol.IPDeniedAccess"}}}

2022-03-29 12:44:32 - [MESSAGE][INFO] - {"fault":{"faultstring":"Access Denied for client ip : 8.29.105.53","detail":{"errorcode":"accesscontrol.IPDeniedAccess"}}}

2022-03-29 12:44:32 - [TEST_STEP][PASSED] - feedback = sendRequest(findTestObject("4. Feedback-ins", ["s_key":global_token, "batchid":batchid, "norek":norek, "nopin":nopin, "custname":custname, "pemohon":pemohon, "branchid":branchid, ... ])): Send request successfully

2022-03-29 12:44:33 - [MESSAGE][INFO] - HAR: I:\app-testing\app-project\Order car insurance\order-car-insurance\Reports\20220329_124138\3. Get feedback insurance - Batch 1\20220329_124139\requests\main\145.har

2022-03-29 12:44:33 - [MESSAGE][PASSED] - Send request successfully

2022-03-29 12:44:33 - [TEST_STEP][PASSED] - response_feedback = feedback.getResponseText(): null

2022-03-29 12:44:33 - [TEST_STEP][PASSED] - markPassed("result feedback data : " + no + " norek : " + norek + " nopin : " + nopin): result feedback data : 119 norek : 9483006276 nopin : 001

2022-03-29 12:44:33 - [MESSAGE][PASSED] - result feedback data : 119 norek : 9483006276 nopin : 001

2022-03-29 12:44:33 - [TEST_STEP][PASSED] - logInfo($response_feedback): {
  "FeedbackCarInsuranceResponse" : {
    "errorCode" : "00",
    "errorMessage" : "Sukses"
  }
}

2022-03-29 12:44:33 - [MESSAGE][INFO] - {
  "FeedbackCarInsuranceResponse" : {
    "errorCode" : "00",
    "errorMessage" : "Sukses"
  }
}

2022-03-29 12:44:33 - [TEST_STEP][PASSED] - verifyElementPropertyValue(feedback, "FeedbackCarInsuranceResponse.errorMessage", "Sukses", CONTINUE_ON_FAILURE): Verify element property value successfully

2022-03-29 12:44:33 - [MESSAGE][PASSED] - Verify element property value successfully]]></system-out>
         <system-err><![CDATA[]]></system-err>
      </testcase>
      <testcase name="Test Cases/3. get token - feedback insurance" time="1.599" classname="Test Cases/3. get token - feedback insurance" status="PASSED">
         <system-out><![CDATA[2022-03-29 12:44:34 - [TEST_CASE][PASSED] - Test Cases/3. get token - feedback insurance: Test Cases/3. get token - feedback insurance

2022-03-29 12:44:34 - [TEST_STEP][PASSED] - token = sendRequest(findTestObject("1. Get-Token")): Send request successfully

2022-03-29 12:44:34 - [MESSAGE][INFO] - HAR: I:\app-testing\app-project\Order car insurance\order-car-insurance\Reports\20220329_124138\3. Get feedback insurance - Batch 1\20220329_124139\requests\main\146.har

2022-03-29 12:44:34 - [MESSAGE][PASSED] - Send request successfully

2022-03-29 12:44:34 - [TEST_STEP][PASSED] - slurper = new groovy.json.JsonSlurper(): null

2022-03-29 12:44:34 - [TEST_STEP][PASSED] - get_token = slurper.parseText(token.getResponseBodyContent()): null

2022-03-29 12:44:34 - [TEST_STEP][PASSED] - private_token = access_token: null

2022-03-29 12:44:34 - [TEST_STEP][PASSED] - global_token = private_token: null

2022-03-29 12:44:34 - [TEST_STEP][PASSED] - println("token is :" + global_token): null

2022-03-29 12:44:34 - [TEST_STEP][PASSED] - response_token = token.getResponseText(): null

2022-03-29 12:44:34 - [TEST_STEP][PASSED] - logInfo($response_token): {"fault":{"faultstring":"Access Denied for client ip : 8.29.105.53","detail":{"errorcode":"accesscontrol.IPDeniedAccess"}}}

2022-03-29 12:44:34 - [MESSAGE][INFO] - {"fault":{"faultstring":"Access Denied for client ip : 8.29.105.53","detail":{"errorcode":"accesscontrol.IPDeniedAccess"}}}

2022-03-29 12:44:34 - [TEST_STEP][PASSED] - feedback = sendRequest(findTestObject("4. Feedback-ins", ["s_key":global_token, "batchid":batchid, "norek":norek, "nopin":nopin, "custname":custname, "pemohon":pemohon, "branchid":branchid, ... ])): Send request successfully

2022-03-29 12:44:35 - [MESSAGE][INFO] - HAR: I:\app-testing\app-project\Order car insurance\order-car-insurance\Reports\20220329_124138\3. Get feedback insurance - Batch 1\20220329_124139\requests\main\147.har

2022-03-29 12:44:35 - [MESSAGE][PASSED] - Send request successfully

2022-03-29 12:44:35 - [TEST_STEP][PASSED] - response_feedback = feedback.getResponseText(): null

2022-03-29 12:44:35 - [TEST_STEP][PASSED] - markPassed("result feedback data : " + no + " norek : " + norek + " nopin : " + nopin): result feedback data : 120 norek : 9483006281 nopin : 001

2022-03-29 12:44:35 - [MESSAGE][PASSED] - result feedback data : 120 norek : 9483006281 nopin : 001

2022-03-29 12:44:35 - [TEST_STEP][PASSED] - logInfo($response_feedback): {
  "FeedbackCarInsuranceResponse" : {
    "errorCode" : "00",
    "errorMessage" : "Sukses"
  }
}

2022-03-29 12:44:35 - [MESSAGE][INFO] - {
  "FeedbackCarInsuranceResponse" : {
    "errorCode" : "00",
    "errorMessage" : "Sukses"
  }
}

2022-03-29 12:44:35 - [TEST_STEP][PASSED] - verifyElementPropertyValue(feedback, "FeedbackCarInsuranceResponse.errorMessage", "Sukses", CONTINUE_ON_FAILURE): Verify element property value successfully

2022-03-29 12:44:35 - [MESSAGE][PASSED] - Verify element property value successfully]]></system-out>
         <system-err><![CDATA[]]></system-err>
      </testcase>
      <testcase name="Test Cases/3. get token - feedback insurance" time="1.424" classname="Test Cases/3. get token - feedback insurance" status="PASSED">
         <system-out><![CDATA[2022-03-29 12:44:36 - [TEST_CASE][PASSED] - Test Cases/3. get token - feedback insurance: Test Cases/3. get token - feedback insurance

2022-03-29 12:44:36 - [TEST_STEP][PASSED] - token = sendRequest(findTestObject("1. Get-Token")): Send request successfully

2022-03-29 12:44:36 - [MESSAGE][INFO] - HAR: I:\app-testing\app-project\Order car insurance\order-car-insurance\Reports\20220329_124138\3. Get feedback insurance - Batch 1\20220329_124139\requests\main\148.har

2022-03-29 12:44:36 - [MESSAGE][PASSED] - Send request successfully

2022-03-29 12:44:36 - [TEST_STEP][PASSED] - slurper = new groovy.json.JsonSlurper(): null

2022-03-29 12:44:36 - [TEST_STEP][PASSED] - get_token = slurper.parseText(token.getResponseBodyContent()): null

2022-03-29 12:44:36 - [TEST_STEP][PASSED] - private_token = access_token: null

2022-03-29 12:44:36 - [TEST_STEP][PASSED] - global_token = private_token: null

2022-03-29 12:44:36 - [TEST_STEP][PASSED] - println("token is :" + global_token): null

2022-03-29 12:44:36 - [TEST_STEP][PASSED] - response_token = token.getResponseText(): null

2022-03-29 12:44:36 - [TEST_STEP][PASSED] - logInfo($response_token): {"fault":{"faultstring":"Access Denied for client ip : 8.29.105.53","detail":{"errorcode":"accesscontrol.IPDeniedAccess"}}}

2022-03-29 12:44:36 - [MESSAGE][INFO] - {"fault":{"faultstring":"Access Denied for client ip : 8.29.105.53","detail":{"errorcode":"accesscontrol.IPDeniedAccess"}}}

2022-03-29 12:44:36 - [TEST_STEP][PASSED] - feedback = sendRequest(findTestObject("4. Feedback-ins", ["s_key":global_token, "batchid":batchid, "norek":norek, "nopin":nopin, "custname":custname, "pemohon":pemohon, "branchid":branchid, ... ])): Send request successfully

2022-03-29 12:44:37 - [MESSAGE][INFO] - HAR: I:\app-testing\app-project\Order car insurance\order-car-insurance\Reports\20220329_124138\3. Get feedback insurance - Batch 1\20220329_124139\requests\main\149.har

2022-03-29 12:44:37 - [MESSAGE][PASSED] - Send request successfully

2022-03-29 12:44:37 - [TEST_STEP][PASSED] - response_feedback = feedback.getResponseText(): null

2022-03-29 12:44:37 - [TEST_STEP][PASSED] - markPassed("result feedback data : " + no + " norek : " + norek + " nopin : " + nopin): result feedback data : 121 norek : 9483006281 nopin : 001

2022-03-29 12:44:37 - [MESSAGE][PASSED] - result feedback data : 121 norek : 9483006281 nopin : 001

2022-03-29 12:44:37 - [TEST_STEP][PASSED] - logInfo($response_feedback): {
  "FeedbackCarInsuranceResponse" : {
    "errorCode" : "00",
    "errorMessage" : "Sukses"
  }
}

2022-03-29 12:44:37 - [MESSAGE][INFO] - {
  "FeedbackCarInsuranceResponse" : {
    "errorCode" : "00",
    "errorMessage" : "Sukses"
  }
}

2022-03-29 12:44:37 - [TEST_STEP][PASSED] - verifyElementPropertyValue(feedback, "FeedbackCarInsuranceResponse.errorMessage", "Sukses", CONTINUE_ON_FAILURE): Verify element property value successfully

2022-03-29 12:44:37 - [MESSAGE][PASSED] - Verify element property value successfully]]></system-out>
         <system-err><![CDATA[]]></system-err>
      </testcase>
      <testcase name="Test Cases/3. get token - feedback insurance" time="1.857" classname="Test Cases/3. get token - feedback insurance" status="PASSED">
         <system-out><![CDATA[2022-03-29 12:44:37 - [TEST_CASE][PASSED] - Test Cases/3. get token - feedback insurance: Test Cases/3. get token - feedback insurance

2022-03-29 12:44:38 - [TEST_STEP][PASSED] - token = sendRequest(findTestObject("1. Get-Token")): Send request successfully

2022-03-29 12:44:38 - [MESSAGE][INFO] - HAR: I:\app-testing\app-project\Order car insurance\order-car-insurance\Reports\20220329_124138\3. Get feedback insurance - Batch 1\20220329_124139\requests\main\150.har

2022-03-29 12:44:38 - [MESSAGE][PASSED] - Send request successfully

2022-03-29 12:44:38 - [TEST_STEP][PASSED] - slurper = new groovy.json.JsonSlurper(): null

2022-03-29 12:44:38 - [TEST_STEP][PASSED] - get_token = slurper.parseText(token.getResponseBodyContent()): null

2022-03-29 12:44:38 - [TEST_STEP][PASSED] - private_token = access_token: null

2022-03-29 12:44:38 - [TEST_STEP][PASSED] - global_token = private_token: null

2022-03-29 12:44:38 - [TEST_STEP][PASSED] - println("token is :" + global_token): null

2022-03-29 12:44:38 - [TEST_STEP][PASSED] - response_token = token.getResponseText(): null

2022-03-29 12:44:38 - [TEST_STEP][PASSED] - logInfo($response_token): {"fault":{"faultstring":"Access Denied for client ip : 8.29.105.53","detail":{"errorcode":"accesscontrol.IPDeniedAccess"}}}

2022-03-29 12:44:38 - [MESSAGE][INFO] - {"fault":{"faultstring":"Access Denied for client ip : 8.29.105.53","detail":{"errorcode":"accesscontrol.IPDeniedAccess"}}}

2022-03-29 12:44:38 - [TEST_STEP][PASSED] - feedback = sendRequest(findTestObject("4. Feedback-ins", ["s_key":global_token, "batchid":batchid, "norek":norek, "nopin":nopin, "custname":custname, "pemohon":pemohon, "branchid":branchid, ... ])): Send request successfully

2022-03-29 12:44:39 - [MESSAGE][INFO] - HAR: I:\app-testing\app-project\Order car insurance\order-car-insurance\Reports\20220329_124138\3. Get feedback insurance - Batch 1\20220329_124139\requests\main\151.har

2022-03-29 12:44:39 - [MESSAGE][PASSED] - Send request successfully

2022-03-29 12:44:39 - [TEST_STEP][PASSED] - response_feedback = feedback.getResponseText(): null

2022-03-29 12:44:39 - [TEST_STEP][PASSED] - markPassed("result feedback data : " + no + " norek : " + norek + " nopin : " + nopin): result feedback data : 122 norek : 9483006281 nopin : 001

2022-03-29 12:44:39 - [MESSAGE][PASSED] - result feedback data : 122 norek : 9483006281 nopin : 001

2022-03-29 12:44:39 - [TEST_STEP][PASSED] - logInfo($response_feedback): {
  "FeedbackCarInsuranceResponse" : {
    "errorCode" : "00",
    "errorMessage" : "Sukses"
  }
}

2022-03-29 12:44:39 - [MESSAGE][INFO] - {
  "FeedbackCarInsuranceResponse" : {
    "errorCode" : "00",
    "errorMessage" : "Sukses"
  }
}

2022-03-29 12:44:39 - [TEST_STEP][PASSED] - verifyElementPropertyValue(feedback, "FeedbackCarInsuranceResponse.errorMessage", "Sukses", CONTINUE_ON_FAILURE): Verify element property value successfully

2022-03-29 12:44:39 - [MESSAGE][PASSED] - Verify element property value successfully]]></system-out>
         <system-err><![CDATA[]]></system-err>
      </testcase>
      <testcase name="Test Cases/3. get token - feedback insurance" time="1.386" classname="Test Cases/3. get token - feedback insurance" status="PASSED">
         <system-out><![CDATA[2022-03-29 12:44:40 - [TEST_CASE][PASSED] - Test Cases/3. get token - feedback insurance: Test Cases/3. get token - feedback insurance

2022-03-29 12:44:40 - [TEST_STEP][PASSED] - token = sendRequest(findTestObject("1. Get-Token")): Send request successfully

2022-03-29 12:44:40 - [MESSAGE][INFO] - HAR: I:\app-testing\app-project\Order car insurance\order-car-insurance\Reports\20220329_124138\3. Get feedback insurance - Batch 1\20220329_124139\requests\main\152.har

2022-03-29 12:44:40 - [MESSAGE][PASSED] - Send request successfully

2022-03-29 12:44:40 - [TEST_STEP][PASSED] - slurper = new groovy.json.JsonSlurper(): null

2022-03-29 12:44:40 - [TEST_STEP][PASSED] - get_token = slurper.parseText(token.getResponseBodyContent()): null

2022-03-29 12:44:40 - [TEST_STEP][PASSED] - private_token = access_token: null

2022-03-29 12:44:40 - [TEST_STEP][PASSED] - global_token = private_token: null

2022-03-29 12:44:40 - [TEST_STEP][PASSED] - println("token is :" + global_token): null

2022-03-29 12:44:40 - [TEST_STEP][PASSED] - response_token = token.getResponseText(): null

2022-03-29 12:44:40 - [TEST_STEP][PASSED] - logInfo($response_token): {"fault":{"faultstring":"Access Denied for client ip : 8.29.105.53","detail":{"errorcode":"accesscontrol.IPDeniedAccess"}}}

2022-03-29 12:44:40 - [MESSAGE][INFO] - {"fault":{"faultstring":"Access Denied for client ip : 8.29.105.53","detail":{"errorcode":"accesscontrol.IPDeniedAccess"}}}

2022-03-29 12:44:40 - [TEST_STEP][PASSED] - feedback = sendRequest(findTestObject("4. Feedback-ins", ["s_key":global_token, "batchid":batchid, "norek":norek, "nopin":nopin, "custname":custname, "pemohon":pemohon, "branchid":branchid, ... ])): Send request successfully

2022-03-29 12:44:41 - [MESSAGE][INFO] - HAR: I:\app-testing\app-project\Order car insurance\order-car-insurance\Reports\20220329_124138\3. Get feedback insurance - Batch 1\20220329_124139\requests\main\153.har

2022-03-29 12:44:41 - [MESSAGE][PASSED] - Send request successfully

2022-03-29 12:44:41 - [TEST_STEP][PASSED] - response_feedback = feedback.getResponseText(): null

2022-03-29 12:44:41 - [TEST_STEP][PASSED] - markPassed("result feedback data : " + no + " norek : " + norek + " nopin : " + nopin): result feedback data : 123 norek : 9483006281 nopin : 001

2022-03-29 12:44:41 - [MESSAGE][PASSED] - result feedback data : 123 norek : 9483006281 nopin : 001

2022-03-29 12:44:41 - [TEST_STEP][PASSED] - logInfo($response_feedback): {
  "FeedbackCarInsuranceResponse" : {
    "errorCode" : "00",
    "errorMessage" : "Sukses"
  }
}

2022-03-29 12:44:41 - [MESSAGE][INFO] - {
  "FeedbackCarInsuranceResponse" : {
    "errorCode" : "00",
    "errorMessage" : "Sukses"
  }
}

2022-03-29 12:44:41 - [TEST_STEP][PASSED] - verifyElementPropertyValue(feedback, "FeedbackCarInsuranceResponse.errorMessage", "Sukses", CONTINUE_ON_FAILURE): Verify element property value successfully

2022-03-29 12:44:41 - [MESSAGE][PASSED] - Verify element property value successfully]]></system-out>
         <system-err><![CDATA[]]></system-err>
      </testcase>
      <testcase name="Test Cases/3. get token - feedback insurance" time="1.565" classname="Test Cases/3. get token - feedback insurance" status="PASSED">
         <system-out><![CDATA[2022-03-29 12:44:41 - [TEST_CASE][PASSED] - Test Cases/3. get token - feedback insurance: Test Cases/3. get token - feedback insurance

2022-03-29 12:44:42 - [TEST_STEP][PASSED] - token = sendRequest(findTestObject("1. Get-Token")): Send request successfully

2022-03-29 12:44:42 - [MESSAGE][INFO] - HAR: I:\app-testing\app-project\Order car insurance\order-car-insurance\Reports\20220329_124138\3. Get feedback insurance - Batch 1\20220329_124139\requests\main\154.har

2022-03-29 12:44:42 - [MESSAGE][PASSED] - Send request successfully

2022-03-29 12:44:42 - [TEST_STEP][PASSED] - slurper = new groovy.json.JsonSlurper(): null

2022-03-29 12:44:42 - [TEST_STEP][PASSED] - get_token = slurper.parseText(token.getResponseBodyContent()): null

2022-03-29 12:44:42 - [TEST_STEP][PASSED] - private_token = access_token: null

2022-03-29 12:44:42 - [TEST_STEP][PASSED] - global_token = private_token: null

2022-03-29 12:44:42 - [TEST_STEP][PASSED] - println("token is :" + global_token): null

2022-03-29 12:44:42 - [TEST_STEP][PASSED] - response_token = token.getResponseText(): null

2022-03-29 12:44:42 - [TEST_STEP][PASSED] - logInfo($response_token): {"fault":{"faultstring":"Access Denied for client ip : 8.29.105.53","detail":{"errorcode":"accesscontrol.IPDeniedAccess"}}}

2022-03-29 12:44:42 - [MESSAGE][INFO] - {"fault":{"faultstring":"Access Denied for client ip : 8.29.105.53","detail":{"errorcode":"accesscontrol.IPDeniedAccess"}}}

2022-03-29 12:44:42 - [TEST_STEP][PASSED] - feedback = sendRequest(findTestObject("4. Feedback-ins", ["s_key":global_token, "batchid":batchid, "norek":norek, "nopin":nopin, "custname":custname, "pemohon":pemohon, "branchid":branchid, ... ])): Send request successfully

2022-03-29 12:44:43 - [MESSAGE][INFO] - HAR: I:\app-testing\app-project\Order car insurance\order-car-insurance\Reports\20220329_124138\3. Get feedback insurance - Batch 1\20220329_124139\requests\main\155.har

2022-03-29 12:44:43 - [MESSAGE][PASSED] - Send request successfully

2022-03-29 12:44:43 - [TEST_STEP][PASSED] - response_feedback = feedback.getResponseText(): null

2022-03-29 12:44:43 - [TEST_STEP][PASSED] - markPassed("result feedback data : " + no + " norek : " + norek + " nopin : " + nopin): result feedback data : 124 norek : 9483006283 nopin : 001

2022-03-29 12:44:43 - [MESSAGE][PASSED] - result feedback data : 124 norek : 9483006283 nopin : 001

2022-03-29 12:44:43 - [TEST_STEP][PASSED] - logInfo($response_feedback): {
  "FeedbackCarInsuranceResponse" : {
    "errorCode" : "00",
    "errorMessage" : "Sukses"
  }
}

2022-03-29 12:44:43 - [MESSAGE][INFO] - {
  "FeedbackCarInsuranceResponse" : {
    "errorCode" : "00",
    "errorMessage" : "Sukses"
  }
}

2022-03-29 12:44:43 - [TEST_STEP][PASSED] - verifyElementPropertyValue(feedback, "FeedbackCarInsuranceResponse.errorMessage", "Sukses", CONTINUE_ON_FAILURE): Verify element property value successfully

2022-03-29 12:44:43 - [MESSAGE][PASSED] - Verify element property value successfully]]></system-out>
         <system-err><![CDATA[]]></system-err>
      </testcase>
      <testcase name="Test Cases/3. get token - feedback insurance" time="1.425" classname="Test Cases/3. get token - feedback insurance" status="PASSED">
         <system-out><![CDATA[2022-03-29 12:44:43 - [TEST_CASE][PASSED] - Test Cases/3. get token - feedback insurance: Test Cases/3. get token - feedback insurance

2022-03-29 12:44:43 - [TEST_STEP][PASSED] - token = sendRequest(findTestObject("1. Get-Token")): Send request successfully

2022-03-29 12:44:44 - [MESSAGE][INFO] - HAR: I:\app-testing\app-project\Order car insurance\order-car-insurance\Reports\20220329_124138\3. Get feedback insurance - Batch 1\20220329_124139\requests\main\156.har

2022-03-29 12:44:44 - [MESSAGE][PASSED] - Send request successfully

2022-03-29 12:44:44 - [TEST_STEP][PASSED] - slurper = new groovy.json.JsonSlurper(): null

2022-03-29 12:44:44 - [TEST_STEP][PASSED] - get_token = slurper.parseText(token.getResponseBodyContent()): null

2022-03-29 12:44:44 - [TEST_STEP][PASSED] - private_token = access_token: null

2022-03-29 12:44:44 - [TEST_STEP][PASSED] - global_token = private_token: null

2022-03-29 12:44:44 - [TEST_STEP][PASSED] - println("token is :" + global_token): null

2022-03-29 12:44:44 - [TEST_STEP][PASSED] - response_token = token.getResponseText(): null

2022-03-29 12:44:44 - [TEST_STEP][PASSED] - logInfo($response_token): {"fault":{"faultstring":"Access Denied for client ip : 8.29.105.53","detail":{"errorcode":"accesscontrol.IPDeniedAccess"}}}

2022-03-29 12:44:44 - [MESSAGE][INFO] - {"fault":{"faultstring":"Access Denied for client ip : 8.29.105.53","detail":{"errorcode":"accesscontrol.IPDeniedAccess"}}}

2022-03-29 12:44:44 - [TEST_STEP][PASSED] - feedback = sendRequest(findTestObject("4. Feedback-ins", ["s_key":global_token, "batchid":batchid, "norek":norek, "nopin":nopin, "custname":custname, "pemohon":pemohon, "branchid":branchid, ... ])): Send request successfully

2022-03-29 12:44:45 - [MESSAGE][INFO] - HAR: I:\app-testing\app-project\Order car insurance\order-car-insurance\Reports\20220329_124138\3. Get feedback insurance - Batch 1\20220329_124139\requests\main\157.har

2022-03-29 12:44:45 - [MESSAGE][PASSED] - Send request successfully

2022-03-29 12:44:45 - [TEST_STEP][PASSED] - response_feedback = feedback.getResponseText(): null

2022-03-29 12:44:45 - [TEST_STEP][PASSED] - markPassed("result feedback data : " + no + " norek : " + norek + " nopin : " + nopin): result feedback data : 125 norek : 9483006283 nopin : 001

2022-03-29 12:44:45 - [MESSAGE][PASSED] - result feedback data : 125 norek : 9483006283 nopin : 001

2022-03-29 12:44:45 - [TEST_STEP][PASSED] - logInfo($response_feedback): {
  "FeedbackCarInsuranceResponse" : {
    "errorCode" : "00",
    "errorMessage" : "Sukses"
  }
}

2022-03-29 12:44:45 - [MESSAGE][INFO] - {
  "FeedbackCarInsuranceResponse" : {
    "errorCode" : "00",
    "errorMessage" : "Sukses"
  }
}

2022-03-29 12:44:45 - [TEST_STEP][PASSED] - verifyElementPropertyValue(feedback, "FeedbackCarInsuranceResponse.errorMessage", "Sukses", CONTINUE_ON_FAILURE): Verify element property value successfully

2022-03-29 12:44:45 - [MESSAGE][PASSED] - Verify element property value successfully]]></system-out>
         <system-err><![CDATA[]]></system-err>
      </testcase>
      <testcase name="Test Cases/3. get token - feedback insurance" time="3.835" classname="Test Cases/3. get token - feedback insurance" status="PASSED">
         <system-out><![CDATA[2022-03-29 12:44:45 - [TEST_CASE][PASSED] - Test Cases/3. get token - feedback insurance: Test Cases/3. get token - feedback insurance

2022-03-29 12:44:45 - [TEST_STEP][PASSED] - token = sendRequest(findTestObject("1. Get-Token")): Send request successfully

2022-03-29 12:44:46 - [MESSAGE][INFO] - HAR: I:\app-testing\app-project\Order car insurance\order-car-insurance\Reports\20220329_124138\3. Get feedback insurance - Batch 1\20220329_124139\requests\main\158.har

2022-03-29 12:44:46 - [MESSAGE][PASSED] - Send request successfully

2022-03-29 12:44:46 - [TEST_STEP][PASSED] - slurper = new groovy.json.JsonSlurper(): null

2022-03-29 12:44:46 - [TEST_STEP][PASSED] - get_token = slurper.parseText(token.getResponseBodyContent()): null

2022-03-29 12:44:46 - [TEST_STEP][PASSED] - private_token = access_token: null

2022-03-29 12:44:46 - [TEST_STEP][PASSED] - global_token = private_token: null

2022-03-29 12:44:46 - [TEST_STEP][PASSED] - println("token is :" + global_token): null

2022-03-29 12:44:46 - [TEST_STEP][PASSED] - response_token = token.getResponseText(): null

2022-03-29 12:44:46 - [TEST_STEP][PASSED] - logInfo($response_token): {"fault":{"faultstring":"Access Denied for client ip : 8.29.105.53","detail":{"errorcode":"accesscontrol.IPDeniedAccess"}}}

2022-03-29 12:44:46 - [MESSAGE][INFO] - {"fault":{"faultstring":"Access Denied for client ip : 8.29.105.53","detail":{"errorcode":"accesscontrol.IPDeniedAccess"}}}

2022-03-29 12:44:46 - [TEST_STEP][PASSED] - feedback = sendRequest(findTestObject("4. Feedback-ins", ["s_key":global_token, "batchid":batchid, "norek":norek, "nopin":nopin, "custname":custname, "pemohon":pemohon, "branchid":branchid, ... ])): Send request successfully

2022-03-29 12:44:49 - [MESSAGE][INFO] - HAR: I:\app-testing\app-project\Order car insurance\order-car-insurance\Reports\20220329_124138\3. Get feedback insurance - Batch 1\20220329_124139\requests\main\159.har

2022-03-29 12:44:49 - [MESSAGE][PASSED] - Send request successfully

2022-03-29 12:44:49 - [TEST_STEP][PASSED] - response_feedback = feedback.getResponseText(): null

2022-03-29 12:44:49 - [TEST_STEP][PASSED] - markPassed("result feedback data : " + no + " norek : " + norek + " nopin : " + nopin): result feedback data : 126 norek : 9486004915 nopin : 001

2022-03-29 12:44:49 - [MESSAGE][PASSED] - result feedback data : 126 norek : 9486004915 nopin : 001

2022-03-29 12:44:49 - [TEST_STEP][PASSED] - logInfo($response_feedback): {
  "FeedbackCarInsuranceResponse" : {
    "errorCode" : "00",
    "errorMessage" : "Sukses"
  }
}

2022-03-29 12:44:49 - [MESSAGE][INFO] - {
  "FeedbackCarInsuranceResponse" : {
    "errorCode" : "00",
    "errorMessage" : "Sukses"
  }
}

2022-03-29 12:44:49 - [TEST_STEP][PASSED] - verifyElementPropertyValue(feedback, "FeedbackCarInsuranceResponse.errorMessage", "Sukses", CONTINUE_ON_FAILURE): Verify element property value successfully

2022-03-29 12:44:49 - [MESSAGE][PASSED] - Verify element property value successfully]]></system-out>
         <system-err><![CDATA[]]></system-err>
      </testcase>
      <testcase name="Test Cases/3. get token - feedback insurance" time="1.442" classname="Test Cases/3. get token - feedback insurance" status="PASSED">
         <system-out><![CDATA[2022-03-29 12:44:49 - [TEST_CASE][PASSED] - Test Cases/3. get token - feedback insurance: Test Cases/3. get token - feedback insurance

2022-03-29 12:44:49 - [TEST_STEP][PASSED] - token = sendRequest(findTestObject("1. Get-Token")): Send request successfully

2022-03-29 12:44:50 - [MESSAGE][INFO] - HAR: I:\app-testing\app-project\Order car insurance\order-car-insurance\Reports\20220329_124138\3. Get feedback insurance - Batch 1\20220329_124139\requests\main\160.har

2022-03-29 12:44:50 - [MESSAGE][PASSED] - Send request successfully

2022-03-29 12:44:50 - [TEST_STEP][PASSED] - slurper = new groovy.json.JsonSlurper(): null

2022-03-29 12:44:50 - [TEST_STEP][PASSED] - get_token = slurper.parseText(token.getResponseBodyContent()): null

2022-03-29 12:44:50 - [TEST_STEP][PASSED] - private_token = access_token: null

2022-03-29 12:44:50 - [TEST_STEP][PASSED] - global_token = private_token: null

2022-03-29 12:44:50 - [TEST_STEP][PASSED] - println("token is :" + global_token): null

2022-03-29 12:44:50 - [TEST_STEP][PASSED] - response_token = token.getResponseText(): null

2022-03-29 12:44:50 - [TEST_STEP][PASSED] - logInfo($response_token): {"fault":{"faultstring":"Access Denied for client ip : 8.29.105.53","detail":{"errorcode":"accesscontrol.IPDeniedAccess"}}}

2022-03-29 12:44:50 - [MESSAGE][INFO] - {"fault":{"faultstring":"Access Denied for client ip : 8.29.105.53","detail":{"errorcode":"accesscontrol.IPDeniedAccess"}}}

2022-03-29 12:44:50 - [TEST_STEP][PASSED] - feedback = sendRequest(findTestObject("4. Feedback-ins", ["s_key":global_token, "batchid":batchid, "norek":norek, "nopin":nopin, "custname":custname, "pemohon":pemohon, "branchid":branchid, ... ])): Send request successfully

2022-03-29 12:44:51 - [MESSAGE][INFO] - HAR: I:\app-testing\app-project\Order car insurance\order-car-insurance\Reports\20220329_124138\3. Get feedback insurance - Batch 1\20220329_124139\requests\main\161.har

2022-03-29 12:44:51 - [MESSAGE][PASSED] - Send request successfully

2022-03-29 12:44:51 - [TEST_STEP][PASSED] - response_feedback = feedback.getResponseText(): null

2022-03-29 12:44:51 - [TEST_STEP][PASSED] - markPassed("result feedback data : " + no + " norek : " + norek + " nopin : " + nopin): result feedback data : 127 norek : 9486004915 nopin : 001

2022-03-29 12:44:51 - [MESSAGE][PASSED] - result feedback data : 127 norek : 9486004915 nopin : 001

2022-03-29 12:44:51 - [TEST_STEP][PASSED] - logInfo($response_feedback): {
  "FeedbackCarInsuranceResponse" : {
    "errorCode" : "00",
    "errorMessage" : "Sukses"
  }
}

2022-03-29 12:44:51 - [MESSAGE][INFO] - {
  "FeedbackCarInsuranceResponse" : {
    "errorCode" : "00",
    "errorMessage" : "Sukses"
  }
}

2022-03-29 12:44:51 - [TEST_STEP][PASSED] - verifyElementPropertyValue(feedback, "FeedbackCarInsuranceResponse.errorMessage", "Sukses", CONTINUE_ON_FAILURE): Verify element property value successfully

2022-03-29 12:44:51 - [MESSAGE][PASSED] - Verify element property value successfully]]></system-out>
         <system-err><![CDATA[]]></system-err>
      </testcase>
      <testcase name="Test Cases/3. get token - feedback insurance" time="1.435" classname="Test Cases/3. get token - feedback insurance" status="PASSED">
         <system-out><![CDATA[2022-03-29 12:44:51 - [TEST_CASE][PASSED] - Test Cases/3. get token - feedback insurance: Test Cases/3. get token - feedback insurance

2022-03-29 12:44:51 - [TEST_STEP][PASSED] - token = sendRequest(findTestObject("1. Get-Token")): Send request successfully

2022-03-29 12:44:52 - [MESSAGE][INFO] - HAR: I:\app-testing\app-project\Order car insurance\order-car-insurance\Reports\20220329_124138\3. Get feedback insurance - Batch 1\20220329_124139\requests\main\162.har

2022-03-29 12:44:52 - [MESSAGE][PASSED] - Send request successfully

2022-03-29 12:44:52 - [TEST_STEP][PASSED] - slurper = new groovy.json.JsonSlurper(): null

2022-03-29 12:44:52 - [TEST_STEP][PASSED] - get_token = slurper.parseText(token.getResponseBodyContent()): null

2022-03-29 12:44:52 - [TEST_STEP][PASSED] - private_token = access_token: null

2022-03-29 12:44:52 - [TEST_STEP][PASSED] - global_token = private_token: null

2022-03-29 12:44:52 - [TEST_STEP][PASSED] - println("token is :" + global_token): null

2022-03-29 12:44:52 - [TEST_STEP][PASSED] - response_token = token.getResponseText(): null

2022-03-29 12:44:52 - [TEST_STEP][PASSED] - logInfo($response_token): {"fault":{"faultstring":"Access Denied for client ip : 8.29.105.53","detail":{"errorcode":"accesscontrol.IPDeniedAccess"}}}

2022-03-29 12:44:52 - [MESSAGE][INFO] - {"fault":{"faultstring":"Access Denied for client ip : 8.29.105.53","detail":{"errorcode":"accesscontrol.IPDeniedAccess"}}}

2022-03-29 12:44:52 - [TEST_STEP][PASSED] - feedback = sendRequest(findTestObject("4. Feedback-ins", ["s_key":global_token, "batchid":batchid, "norek":norek, "nopin":nopin, "custname":custname, "pemohon":pemohon, "branchid":branchid, ... ])): Send request successfully

2022-03-29 12:44:53 - [MESSAGE][INFO] - HAR: I:\app-testing\app-project\Order car insurance\order-car-insurance\Reports\20220329_124138\3. Get feedback insurance - Batch 1\20220329_124139\requests\main\163.har

2022-03-29 12:44:53 - [MESSAGE][PASSED] - Send request successfully

2022-03-29 12:44:53 - [TEST_STEP][PASSED] - response_feedback = feedback.getResponseText(): null

2022-03-29 12:44:53 - [TEST_STEP][PASSED] - markPassed("result feedback data : " + no + " norek : " + norek + " nopin : " + nopin): result feedback data : 128 norek : 9486004915 nopin : 001

2022-03-29 12:44:53 - [MESSAGE][PASSED] - result feedback data : 128 norek : 9486004915 nopin : 001

2022-03-29 12:44:53 - [TEST_STEP][PASSED] - logInfo($response_feedback): {
  "FeedbackCarInsuranceResponse" : {
    "errorCode" : "00",
    "errorMessage" : "Sukses"
  }
}

2022-03-29 12:44:53 - [MESSAGE][INFO] - {
  "FeedbackCarInsuranceResponse" : {
    "errorCode" : "00",
    "errorMessage" : "Sukses"
  }
}

2022-03-29 12:44:53 - [TEST_STEP][PASSED] - verifyElementPropertyValue(feedback, "FeedbackCarInsuranceResponse.errorMessage", "Sukses", CONTINUE_ON_FAILURE): Verify element property value successfully

2022-03-29 12:44:53 - [MESSAGE][PASSED] - Verify element property value successfully]]></system-out>
         <system-err><![CDATA[]]></system-err>
      </testcase>
      <testcase name="Test Cases/3. get token - feedback insurance" time="1.816" classname="Test Cases/3. get token - feedback insurance" status="PASSED">
         <system-out><![CDATA[2022-03-29 12:44:53 - [TEST_CASE][PASSED] - Test Cases/3. get token - feedback insurance: Test Cases/3. get token - feedback insurance

2022-03-29 12:44:53 - [TEST_STEP][PASSED] - token = sendRequest(findTestObject("1. Get-Token")): Send request successfully

2022-03-29 12:44:54 - [MESSAGE][INFO] - HAR: I:\app-testing\app-project\Order car insurance\order-car-insurance\Reports\20220329_124138\3. Get feedback insurance - Batch 1\20220329_124139\requests\main\164.har

2022-03-29 12:44:54 - [MESSAGE][PASSED] - Send request successfully

2022-03-29 12:44:54 - [TEST_STEP][PASSED] - slurper = new groovy.json.JsonSlurper(): null

2022-03-29 12:44:54 - [TEST_STEP][PASSED] - get_token = slurper.parseText(token.getResponseBodyContent()): null

2022-03-29 12:44:54 - [TEST_STEP][PASSED] - private_token = access_token: null

2022-03-29 12:44:54 - [TEST_STEP][PASSED] - global_token = private_token: null

2022-03-29 12:44:54 - [TEST_STEP][PASSED] - println("token is :" + global_token): null

2022-03-29 12:44:54 - [TEST_STEP][PASSED] - response_token = token.getResponseText(): null

2022-03-29 12:44:54 - [TEST_STEP][PASSED] - logInfo($response_token): {"fault":{"faultstring":"Access Denied for client ip : 8.29.105.53","detail":{"errorcode":"accesscontrol.IPDeniedAccess"}}}

2022-03-29 12:44:54 - [MESSAGE][INFO] - {"fault":{"faultstring":"Access Denied for client ip : 8.29.105.53","detail":{"errorcode":"accesscontrol.IPDeniedAccess"}}}

2022-03-29 12:44:54 - [TEST_STEP][PASSED] - feedback = sendRequest(findTestObject("4. Feedback-ins", ["s_key":global_token, "batchid":batchid, "norek":norek, "nopin":nopin, "custname":custname, "pemohon":pemohon, "branchid":branchid, ... ])): Send request successfully

2022-03-29 12:44:55 - [MESSAGE][INFO] - HAR: I:\app-testing\app-project\Order car insurance\order-car-insurance\Reports\20220329_124138\3. Get feedback insurance - Batch 1\20220329_124139\requests\main\165.har

2022-03-29 12:44:55 - [MESSAGE][PASSED] - Send request successfully

2022-03-29 12:44:55 - [TEST_STEP][PASSED] - response_feedback = feedback.getResponseText(): null

2022-03-29 12:44:55 - [TEST_STEP][PASSED] - markPassed("result feedback data : " + no + " norek : " + norek + " nopin : " + nopin): result feedback data : 129 norek : 9486004915 nopin : 001

2022-03-29 12:44:55 - [MESSAGE][PASSED] - result feedback data : 129 norek : 9486004915 nopin : 001

2022-03-29 12:44:55 - [TEST_STEP][PASSED] - logInfo($response_feedback): {
  "FeedbackCarInsuranceResponse" : {
    "errorCode" : "00",
    "errorMessage" : "Sukses"
  }
}

2022-03-29 12:44:55 - [MESSAGE][INFO] - {
  "FeedbackCarInsuranceResponse" : {
    "errorCode" : "00",
    "errorMessage" : "Sukses"
  }
}

2022-03-29 12:44:55 - [TEST_STEP][PASSED] - verifyElementPropertyValue(feedback, "FeedbackCarInsuranceResponse.errorMessage", "Sukses", CONTINUE_ON_FAILURE): Verify element property value successfully

2022-03-29 12:44:55 - [MESSAGE][PASSED] - Verify element property value successfully]]></system-out>
         <system-err><![CDATA[]]></system-err>
      </testcase>
      <testcase name="Test Cases/3. get token - feedback insurance" time="1.984" classname="Test Cases/3. get token - feedback insurance" status="PASSED">
         <system-out><![CDATA[2022-03-29 12:44:55 - [TEST_CASE][PASSED] - Test Cases/3. get token - feedback insurance: Test Cases/3. get token - feedback insurance

2022-03-29 12:44:55 - [TEST_STEP][PASSED] - token = sendRequest(findTestObject("1. Get-Token")): Send request successfully

2022-03-29 12:44:56 - [MESSAGE][INFO] - HAR: I:\app-testing\app-project\Order car insurance\order-car-insurance\Reports\20220329_124138\3. Get feedback insurance - Batch 1\20220329_124139\requests\main\166.har

2022-03-29 12:44:56 - [MESSAGE][PASSED] - Send request successfully

2022-03-29 12:44:56 - [TEST_STEP][PASSED] - slurper = new groovy.json.JsonSlurper(): null

2022-03-29 12:44:56 - [TEST_STEP][PASSED] - get_token = slurper.parseText(token.getResponseBodyContent()): null

2022-03-29 12:44:56 - [TEST_STEP][PASSED] - private_token = access_token: null

2022-03-29 12:44:56 - [TEST_STEP][PASSED] - global_token = private_token: null

2022-03-29 12:44:56 - [TEST_STEP][PASSED] - println("token is :" + global_token): null

2022-03-29 12:44:56 - [TEST_STEP][PASSED] - response_token = token.getResponseText(): null

2022-03-29 12:44:56 - [TEST_STEP][PASSED] - logInfo($response_token): {"fault":{"faultstring":"Access Denied for client ip : 8.29.105.53","detail":{"errorcode":"accesscontrol.IPDeniedAccess"}}}

2022-03-29 12:44:56 - [MESSAGE][INFO] - {"fault":{"faultstring":"Access Denied for client ip : 8.29.105.53","detail":{"errorcode":"accesscontrol.IPDeniedAccess"}}}

2022-03-29 12:44:56 - [TEST_STEP][PASSED] - feedback = sendRequest(findTestObject("4. Feedback-ins", ["s_key":global_token, "batchid":batchid, "norek":norek, "nopin":nopin, "custname":custname, "pemohon":pemohon, "branchid":branchid, ... ])): Send request successfully

2022-03-29 12:44:57 - [MESSAGE][INFO] - HAR: I:\app-testing\app-project\Order car insurance\order-car-insurance\Reports\20220329_124138\3. Get feedback insurance - Batch 1\20220329_124139\requests\main\167.har

2022-03-29 12:44:57 - [MESSAGE][PASSED] - Send request successfully

2022-03-29 12:44:57 - [TEST_STEP][PASSED] - response_feedback = feedback.getResponseText(): null

2022-03-29 12:44:57 - [TEST_STEP][PASSED] - markPassed("result feedback data : " + no + " norek : " + norek + " nopin : " + nopin): result feedback data : 130 norek : 9486004936 nopin : 001

2022-03-29 12:44:57 - [MESSAGE][PASSED] - result feedback data : 130 norek : 9486004936 nopin : 001

2022-03-29 12:44:57 - [TEST_STEP][PASSED] - logInfo($response_feedback): {
  "FeedbackCarInsuranceResponse" : {
    "errorCode" : "00",
    "errorMessage" : "Sukses"
  }
}

2022-03-29 12:44:57 - [MESSAGE][INFO] - {
  "FeedbackCarInsuranceResponse" : {
    "errorCode" : "00",
    "errorMessage" : "Sukses"
  }
}

2022-03-29 12:44:57 - [TEST_STEP][PASSED] - verifyElementPropertyValue(feedback, "FeedbackCarInsuranceResponse.errorMessage", "Sukses", CONTINUE_ON_FAILURE): Verify element property value successfully

2022-03-29 12:44:57 - [MESSAGE][PASSED] - Verify element property value successfully]]></system-out>
         <system-err><![CDATA[]]></system-err>
      </testcase>
      <testcase name="Test Cases/3. get token - feedback insurance" time="3.337" classname="Test Cases/3. get token - feedback insurance" status="PASSED">
         <system-out><![CDATA[2022-03-29 12:44:58 - [TEST_CASE][PASSED] - Test Cases/3. get token - feedback insurance: Test Cases/3. get token - feedback insurance

2022-03-29 12:44:58 - [TEST_STEP][PASSED] - token = sendRequest(findTestObject("1. Get-Token")): Send request successfully

2022-03-29 12:44:58 - [MESSAGE][INFO] - HAR: I:\app-testing\app-project\Order car insurance\order-car-insurance\Reports\20220329_124138\3. Get feedback insurance - Batch 1\20220329_124139\requests\main\168.har

2022-03-29 12:44:58 - [MESSAGE][PASSED] - Send request successfully

2022-03-29 12:44:58 - [TEST_STEP][PASSED] - slurper = new groovy.json.JsonSlurper(): null

2022-03-29 12:44:58 - [TEST_STEP][PASSED] - get_token = slurper.parseText(token.getResponseBodyContent()): null

2022-03-29 12:44:58 - [TEST_STEP][PASSED] - private_token = access_token: null

2022-03-29 12:44:58 - [TEST_STEP][PASSED] - global_token = private_token: null

2022-03-29 12:44:58 - [TEST_STEP][PASSED] - println("token is :" + global_token): null

2022-03-29 12:44:58 - [TEST_STEP][PASSED] - response_token = token.getResponseText(): null

2022-03-29 12:44:58 - [TEST_STEP][PASSED] - logInfo($response_token): {"fault":{"faultstring":"Access Denied for client ip : 8.29.105.53","detail":{"errorcode":"accesscontrol.IPDeniedAccess"}}}

2022-03-29 12:44:58 - [MESSAGE][INFO] - {"fault":{"faultstring":"Access Denied for client ip : 8.29.105.53","detail":{"errorcode":"accesscontrol.IPDeniedAccess"}}}

2022-03-29 12:44:58 - [TEST_STEP][PASSED] - feedback = sendRequest(findTestObject("4. Feedback-ins", ["s_key":global_token, "batchid":batchid, "norek":norek, "nopin":nopin, "custname":custname, "pemohon":pemohon, "branchid":branchid, ... ])): Send request successfully

2022-03-29 12:45:01 - [MESSAGE][INFO] - HAR: I:\app-testing\app-project\Order car insurance\order-car-insurance\Reports\20220329_124138\3. Get feedback insurance - Batch 1\20220329_124139\requests\main\169.har

2022-03-29 12:45:01 - [MESSAGE][PASSED] - Send request successfully

2022-03-29 12:45:01 - [TEST_STEP][PASSED] - response_feedback = feedback.getResponseText(): null

2022-03-29 12:45:01 - [TEST_STEP][PASSED] - markPassed("result feedback data : " + no + " norek : " + norek + " nopin : " + nopin): result feedback data : 131 norek : 9486004936 nopin : 001

2022-03-29 12:45:01 - [MESSAGE][PASSED] - result feedback data : 131 norek : 9486004936 nopin : 001

2022-03-29 12:45:01 - [TEST_STEP][PASSED] - logInfo($response_feedback): {
  "FeedbackCarInsuranceResponse" : {
    "errorCode" : "00",
    "errorMessage" : "Sukses"
  }
}

2022-03-29 12:45:01 - [MESSAGE][INFO] - {
  "FeedbackCarInsuranceResponse" : {
    "errorCode" : "00",
    "errorMessage" : "Sukses"
  }
}

2022-03-29 12:45:01 - [TEST_STEP][PASSED] - verifyElementPropertyValue(feedback, "FeedbackCarInsuranceResponse.errorMessage", "Sukses", CONTINUE_ON_FAILURE): Verify element property value successfully

2022-03-29 12:45:01 - [MESSAGE][PASSED] - Verify element property value successfully]]></system-out>
         <system-err><![CDATA[]]></system-err>
      </testcase>
      <testcase name="Test Cases/3. get token - feedback insurance" time="3.591" classname="Test Cases/3. get token - feedback insurance" status="PASSED">
         <system-out><![CDATA[2022-03-29 12:45:01 - [TEST_CASE][PASSED] - Test Cases/3. get token - feedback insurance: Test Cases/3. get token - feedback insurance

2022-03-29 12:45:01 - [TEST_STEP][PASSED] - token = sendRequest(findTestObject("1. Get-Token")): Send request successfully

2022-03-29 12:45:02 - [MESSAGE][INFO] - HAR: I:\app-testing\app-project\Order car insurance\order-car-insurance\Reports\20220329_124138\3. Get feedback insurance - Batch 1\20220329_124139\requests\main\170.har

2022-03-29 12:45:02 - [MESSAGE][PASSED] - Send request successfully

2022-03-29 12:45:02 - [TEST_STEP][PASSED] - slurper = new groovy.json.JsonSlurper(): null

2022-03-29 12:45:02 - [TEST_STEP][PASSED] - get_token = slurper.parseText(token.getResponseBodyContent()): null

2022-03-29 12:45:02 - [TEST_STEP][PASSED] - private_token = access_token: null

2022-03-29 12:45:02 - [TEST_STEP][PASSED] - global_token = private_token: null

2022-03-29 12:45:02 - [TEST_STEP][PASSED] - println("token is :" + global_token): null

2022-03-29 12:45:02 - [TEST_STEP][PASSED] - response_token = token.getResponseText(): null

2022-03-29 12:45:02 - [TEST_STEP][PASSED] - logInfo($response_token): {"fault":{"faultstring":"Access Denied for client ip : 8.29.105.53","detail":{"errorcode":"accesscontrol.IPDeniedAccess"}}}

2022-03-29 12:45:02 - [MESSAGE][INFO] - {"fault":{"faultstring":"Access Denied for client ip : 8.29.105.53","detail":{"errorcode":"accesscontrol.IPDeniedAccess"}}}

2022-03-29 12:45:02 - [TEST_STEP][PASSED] - feedback = sendRequest(findTestObject("4. Feedback-ins", ["s_key":global_token, "batchid":batchid, "norek":norek, "nopin":nopin, "custname":custname, "pemohon":pemohon, "branchid":branchid, ... ])): Send request successfully

2022-03-29 12:45:05 - [MESSAGE][INFO] - HAR: I:\app-testing\app-project\Order car insurance\order-car-insurance\Reports\20220329_124138\3. Get feedback insurance - Batch 1\20220329_124139\requests\main\171.har

2022-03-29 12:45:05 - [MESSAGE][PASSED] - Send request successfully

2022-03-29 12:45:05 - [TEST_STEP][PASSED] - response_feedback = feedback.getResponseText(): null

2022-03-29 12:45:05 - [TEST_STEP][PASSED] - markPassed("result feedback data : " + no + " norek : " + norek + " nopin : " + nopin): result feedback data : 132 norek : 9486004936 nopin : 001

2022-03-29 12:45:05 - [MESSAGE][PASSED] - result feedback data : 132 norek : 9486004936 nopin : 001

2022-03-29 12:45:05 - [TEST_STEP][PASSED] - logInfo($response_feedback): {
  "FeedbackCarInsuranceResponse" : {
    "errorCode" : "00",
    "errorMessage" : "Sukses"
  }
}

2022-03-29 12:45:05 - [MESSAGE][INFO] - {
  "FeedbackCarInsuranceResponse" : {
    "errorCode" : "00",
    "errorMessage" : "Sukses"
  }
}

2022-03-29 12:45:05 - [TEST_STEP][PASSED] - verifyElementPropertyValue(feedback, "FeedbackCarInsuranceResponse.errorMessage", "Sukses", CONTINUE_ON_FAILURE): Verify element property value successfully

2022-03-29 12:45:05 - [MESSAGE][PASSED] - Verify element property value successfully]]></system-out>
         <system-err><![CDATA[]]></system-err>
      </testcase>
      <testcase name="Test Cases/3. get token - feedback insurance" time="1.447" classname="Test Cases/3. get token - feedback insurance" status="PASSED">
         <system-out><![CDATA[2022-03-29 12:45:05 - [TEST_CASE][PASSED] - Test Cases/3. get token - feedback insurance: Test Cases/3. get token - feedback insurance

2022-03-29 12:45:05 - [TEST_STEP][PASSED] - token = sendRequest(findTestObject("1. Get-Token")): Send request successfully

2022-03-29 12:45:06 - [MESSAGE][INFO] - HAR: I:\app-testing\app-project\Order car insurance\order-car-insurance\Reports\20220329_124138\3. Get feedback insurance - Batch 1\20220329_124139\requests\main\172.har

2022-03-29 12:45:06 - [MESSAGE][PASSED] - Send request successfully

2022-03-29 12:45:06 - [TEST_STEP][PASSED] - slurper = new groovy.json.JsonSlurper(): null

2022-03-29 12:45:06 - [TEST_STEP][PASSED] - get_token = slurper.parseText(token.getResponseBodyContent()): null

2022-03-29 12:45:06 - [TEST_STEP][PASSED] - private_token = access_token: null

2022-03-29 12:45:06 - [TEST_STEP][PASSED] - global_token = private_token: null

2022-03-29 12:45:06 - [TEST_STEP][PASSED] - println("token is :" + global_token): null

2022-03-29 12:45:06 - [TEST_STEP][PASSED] - response_token = token.getResponseText(): null

2022-03-29 12:45:06 - [TEST_STEP][PASSED] - logInfo($response_token): {"fault":{"faultstring":"Access Denied for client ip : 8.29.105.53","detail":{"errorcode":"accesscontrol.IPDeniedAccess"}}}

2022-03-29 12:45:06 - [MESSAGE][INFO] - {"fault":{"faultstring":"Access Denied for client ip : 8.29.105.53","detail":{"errorcode":"accesscontrol.IPDeniedAccess"}}}

2022-03-29 12:45:06 - [TEST_STEP][PASSED] - feedback = sendRequest(findTestObject("4. Feedback-ins", ["s_key":global_token, "batchid":batchid, "norek":norek, "nopin":nopin, "custname":custname, "pemohon":pemohon, "branchid":branchid, ... ])): Send request successfully

2022-03-29 12:45:07 - [MESSAGE][INFO] - HAR: I:\app-testing\app-project\Order car insurance\order-car-insurance\Reports\20220329_124138\3. Get feedback insurance - Batch 1\20220329_124139\requests\main\173.har

2022-03-29 12:45:07 - [MESSAGE][PASSED] - Send request successfully

2022-03-29 12:45:07 - [TEST_STEP][PASSED] - response_feedback = feedback.getResponseText(): null

2022-03-29 12:45:07 - [TEST_STEP][PASSED] - markPassed("result feedback data : " + no + " norek : " + norek + " nopin : " + nopin): result feedback data : 133 norek : 9486004936 nopin : 001

2022-03-29 12:45:07 - [MESSAGE][PASSED] - result feedback data : 133 norek : 9486004936 nopin : 001

2022-03-29 12:45:07 - [TEST_STEP][PASSED] - logInfo($response_feedback): {
  "FeedbackCarInsuranceResponse" : {
    "errorCode" : "00",
    "errorMessage" : "Sukses"
  }
}

2022-03-29 12:45:07 - [MESSAGE][INFO] - {
  "FeedbackCarInsuranceResponse" : {
    "errorCode" : "00",
    "errorMessage" : "Sukses"
  }
}

2022-03-29 12:45:07 - [TEST_STEP][PASSED] - verifyElementPropertyValue(feedback, "FeedbackCarInsuranceResponse.errorMessage", "Sukses", CONTINUE_ON_FAILURE): Verify element property value successfully

2022-03-29 12:45:07 - [MESSAGE][PASSED] - Verify element property value successfully]]></system-out>
         <system-err><![CDATA[]]></system-err>
      </testcase>
      <testcase name="Test Cases/3. get token - feedback insurance" time="61.987" classname="Test Cases/3. get token - feedback insurance" status="PASSED">
         <system-out><![CDATA[2022-03-29 12:45:07 - [TEST_CASE][PASSED] - Test Cases/3. get token - feedback insurance: Test Cases/3. get token - feedback insurance

2022-03-29 12:46:08 - [TEST_STEP][PASSED] - token = sendRequest(findTestObject("1. Get-Token")): Send request successfully

2022-03-29 12:46:08 - [MESSAGE][INFO] - HAR: I:\app-testing\app-project\Order car insurance\order-car-insurance\Reports\20220329_124138\3. Get feedback insurance - Batch 1\20220329_124139\requests\main\174.har

2022-03-29 12:46:08 - [MESSAGE][PASSED] - Send request successfully

2022-03-29 12:46:08 - [TEST_STEP][PASSED] - slurper = new groovy.json.JsonSlurper(): null

2022-03-29 12:46:08 - [TEST_STEP][PASSED] - get_token = slurper.parseText(token.getResponseBodyContent()): null

2022-03-29 12:46:08 - [TEST_STEP][PASSED] - private_token = access_token: null

2022-03-29 12:46:08 - [TEST_STEP][PASSED] - global_token = private_token: null

2022-03-29 12:46:08 - [TEST_STEP][PASSED] - println("token is :" + global_token): null

2022-03-29 12:46:08 - [TEST_STEP][PASSED] - response_token = token.getResponseText(): null

2022-03-29 12:46:08 - [TEST_STEP][PASSED] - logInfo($response_token): {"fault":{"faultstring":"Access Denied for client ip : 8.29.105.53","detail":{"errorcode":"accesscontrol.IPDeniedAccess"}}}

2022-03-29 12:46:08 - [MESSAGE][INFO] - {"fault":{"faultstring":"Access Denied for client ip : 8.29.105.53","detail":{"errorcode":"accesscontrol.IPDeniedAccess"}}}

2022-03-29 12:46:08 - [TEST_STEP][PASSED] - feedback = sendRequest(findTestObject("4. Feedback-ins", ["s_key":global_token, "batchid":batchid, "norek":norek, "nopin":nopin, "custname":custname, "pemohon":pemohon, "branchid":branchid, ... ])): Send request successfully

2022-03-29 12:46:09 - [MESSAGE][INFO] - HAR: I:\app-testing\app-project\Order car insurance\order-car-insurance\Reports\20220329_124138\3. Get feedback insurance - Batch 1\20220329_124139\requests\main\175.har

2022-03-29 12:46:09 - [MESSAGE][PASSED] - Send request successfully

2022-03-29 12:46:09 - [TEST_STEP][PASSED] - response_feedback = feedback.getResponseText(): null

2022-03-29 12:46:09 - [TEST_STEP][PASSED] - markPassed("result feedback data : " + no + " norek : " + norek + " nopin : " + nopin): result feedback data : 134 norek : 9486004936 nopin : 001

2022-03-29 12:46:09 - [MESSAGE][PASSED] - result feedback data : 134 norek : 9486004936 nopin : 001

2022-03-29 12:46:09 - [TEST_STEP][PASSED] - logInfo($response_feedback): {
  "FeedbackCarInsuranceResponse" : {
    "errorCode" : "00",
    "errorMessage" : "Sukses"
  }
}

2022-03-29 12:46:09 - [MESSAGE][INFO] - {
  "FeedbackCarInsuranceResponse" : {
    "errorCode" : "00",
    "errorMessage" : "Sukses"
  }
}

2022-03-29 12:46:09 - [TEST_STEP][PASSED] - verifyElementPropertyValue(feedback, "FeedbackCarInsuranceResponse.errorMessage", "Sukses", CONTINUE_ON_FAILURE): Verify element property value successfully

2022-03-29 12:46:09 - [MESSAGE][PASSED] - Verify element property value successfully]]></system-out>
         <system-err><![CDATA[]]></system-err>
      </testcase>
      <testcase name="Test Cases/3. get token - feedback insurance" time="1.39" classname="Test Cases/3. get token - feedback insurance" status="PASSED">
         <system-out><![CDATA[2022-03-29 12:46:09 - [TEST_CASE][PASSED] - Test Cases/3. get token - feedback insurance: Test Cases/3. get token - feedback insurance

2022-03-29 12:46:09 - [TEST_STEP][PASSED] - token = sendRequest(findTestObject("1. Get-Token")): Send request successfully

2022-03-29 12:46:10 - [MESSAGE][INFO] - HAR: I:\app-testing\app-project\Order car insurance\order-car-insurance\Reports\20220329_124138\3. Get feedback insurance - Batch 1\20220329_124139\requests\main\176.har

2022-03-29 12:46:10 - [MESSAGE][PASSED] - Send request successfully

2022-03-29 12:46:10 - [TEST_STEP][PASSED] - slurper = new groovy.json.JsonSlurper(): null

2022-03-29 12:46:10 - [TEST_STEP][PASSED] - get_token = slurper.parseText(token.getResponseBodyContent()): null

2022-03-29 12:46:10 - [TEST_STEP][PASSED] - private_token = access_token: null

2022-03-29 12:46:10 - [TEST_STEP][PASSED] - global_token = private_token: null

2022-03-29 12:46:10 - [TEST_STEP][PASSED] - println("token is :" + global_token): null

2022-03-29 12:46:10 - [TEST_STEP][PASSED] - response_token = token.getResponseText(): null

2022-03-29 12:46:10 - [TEST_STEP][PASSED] - logInfo($response_token): {"fault":{"faultstring":"Access Denied for client ip : 8.29.105.53","detail":{"errorcode":"accesscontrol.IPDeniedAccess"}}}

2022-03-29 12:46:10 - [MESSAGE][INFO] - {"fault":{"faultstring":"Access Denied for client ip : 8.29.105.53","detail":{"errorcode":"accesscontrol.IPDeniedAccess"}}}

2022-03-29 12:46:10 - [TEST_STEP][PASSED] - feedback = sendRequest(findTestObject("4. Feedback-ins", ["s_key":global_token, "batchid":batchid, "norek":norek, "nopin":nopin, "custname":custname, "pemohon":pemohon, "branchid":branchid, ... ])): Send request successfully

2022-03-29 12:46:11 - [MESSAGE][INFO] - HAR: I:\app-testing\app-project\Order car insurance\order-car-insurance\Reports\20220329_124138\3. Get feedback insurance - Batch 1\20220329_124139\requests\main\177.har

2022-03-29 12:46:11 - [MESSAGE][PASSED] - Send request successfully

2022-03-29 12:46:11 - [TEST_STEP][PASSED] - response_feedback = feedback.getResponseText(): null

2022-03-29 12:46:11 - [TEST_STEP][PASSED] - markPassed("result feedback data : " + no + " norek : " + norek + " nopin : " + nopin): result feedback data : 135 norek : 9486004936 nopin : 001

2022-03-29 12:46:11 - [MESSAGE][PASSED] - result feedback data : 135 norek : 9486004936 nopin : 001

2022-03-29 12:46:11 - [TEST_STEP][PASSED] - logInfo($response_feedback): {
  "FeedbackCarInsuranceResponse" : {
    "errorCode" : "00",
    "errorMessage" : "Sukses"
  }
}

2022-03-29 12:46:11 - [MESSAGE][INFO] - {
  "FeedbackCarInsuranceResponse" : {
    "errorCode" : "00",
    "errorMessage" : "Sukses"
  }
}

2022-03-29 12:46:11 - [TEST_STEP][PASSED] - verifyElementPropertyValue(feedback, "FeedbackCarInsuranceResponse.errorMessage", "Sukses", CONTINUE_ON_FAILURE): Verify element property value successfully

2022-03-29 12:46:11 - [MESSAGE][PASSED] - Verify element property value successfully]]></system-out>
         <system-err><![CDATA[]]></system-err>
      </testcase>
      <testcase name="Test Cases/3. get token - feedback insurance" time="1.423" classname="Test Cases/3. get token - feedback insurance" status="PASSED">
         <system-out><![CDATA[2022-03-29 12:46:11 - [TEST_CASE][PASSED] - Test Cases/3. get token - feedback insurance: Test Cases/3. get token - feedback insurance

2022-03-29 12:46:11 - [TEST_STEP][PASSED] - token = sendRequest(findTestObject("1. Get-Token")): Send request successfully

2022-03-29 12:46:12 - [MESSAGE][INFO] - HAR: I:\app-testing\app-project\Order car insurance\order-car-insurance\Reports\20220329_124138\3. Get feedback insurance - Batch 1\20220329_124139\requests\main\178.har

2022-03-29 12:46:12 - [MESSAGE][PASSED] - Send request successfully

2022-03-29 12:46:12 - [TEST_STEP][PASSED] - slurper = new groovy.json.JsonSlurper(): null

2022-03-29 12:46:12 - [TEST_STEP][PASSED] - get_token = slurper.parseText(token.getResponseBodyContent()): null

2022-03-29 12:46:12 - [TEST_STEP][PASSED] - private_token = access_token: null

2022-03-29 12:46:12 - [TEST_STEP][PASSED] - global_token = private_token: null

2022-03-29 12:46:12 - [TEST_STEP][PASSED] - println("token is :" + global_token): null

2022-03-29 12:46:12 - [TEST_STEP][PASSED] - response_token = token.getResponseText(): null

2022-03-29 12:46:12 - [TEST_STEP][PASSED] - logInfo($response_token): {"fault":{"faultstring":"Access Denied for client ip : 8.29.105.53","detail":{"errorcode":"accesscontrol.IPDeniedAccess"}}}

2022-03-29 12:46:12 - [MESSAGE][INFO] - {"fault":{"faultstring":"Access Denied for client ip : 8.29.105.53","detail":{"errorcode":"accesscontrol.IPDeniedAccess"}}}

2022-03-29 12:46:12 - [TEST_STEP][PASSED] - feedback = sendRequest(findTestObject("4. Feedback-ins", ["s_key":global_token, "batchid":batchid, "norek":norek, "nopin":nopin, "custname":custname, "pemohon":pemohon, "branchid":branchid, ... ])): Send request successfully

2022-03-29 12:46:13 - [MESSAGE][INFO] - HAR: I:\app-testing\app-project\Order car insurance\order-car-insurance\Reports\20220329_124138\3. Get feedback insurance - Batch 1\20220329_124139\requests\main\179.har

2022-03-29 12:46:13 - [MESSAGE][PASSED] - Send request successfully

2022-03-29 12:46:13 - [TEST_STEP][PASSED] - response_feedback = feedback.getResponseText(): null

2022-03-29 12:46:13 - [TEST_STEP][PASSED] - markPassed("result feedback data : " + no + " norek : " + norek + " nopin : " + nopin): result feedback data : 136 norek : 9486004936 nopin : 001

2022-03-29 12:46:13 - [MESSAGE][PASSED] - result feedback data : 136 norek : 9486004936 nopin : 001

2022-03-29 12:46:13 - [TEST_STEP][PASSED] - logInfo($response_feedback): {
  "FeedbackCarInsuranceResponse" : {
    "errorCode" : "00",
    "errorMessage" : "Sukses"
  }
}

2022-03-29 12:46:13 - [MESSAGE][INFO] - {
  "FeedbackCarInsuranceResponse" : {
    "errorCode" : "00",
    "errorMessage" : "Sukses"
  }
}

2022-03-29 12:46:13 - [TEST_STEP][PASSED] - verifyElementPropertyValue(feedback, "FeedbackCarInsuranceResponse.errorMessage", "Sukses", CONTINUE_ON_FAILURE): Verify element property value successfully

2022-03-29 12:46:13 - [MESSAGE][PASSED] - Verify element property value successfully]]></system-out>
         <system-err><![CDATA[]]></system-err>
      </testcase>
      <testcase name="Test Cases/3. get token - feedback insurance" time="2.071" classname="Test Cases/3. get token - feedback insurance" status="PASSED">
         <system-out><![CDATA[2022-03-29 12:46:13 - [TEST_CASE][PASSED] - Test Cases/3. get token - feedback insurance: Test Cases/3. get token - feedback insurance

2022-03-29 12:46:13 - [TEST_STEP][PASSED] - token = sendRequest(findTestObject("1. Get-Token")): Send request successfully

2022-03-29 12:46:14 - [MESSAGE][INFO] - HAR: I:\app-testing\app-project\Order car insurance\order-car-insurance\Reports\20220329_124138\3. Get feedback insurance - Batch 1\20220329_124139\requests\main\180.har

2022-03-29 12:46:14 - [MESSAGE][PASSED] - Send request successfully

2022-03-29 12:46:14 - [TEST_STEP][PASSED] - slurper = new groovy.json.JsonSlurper(): null

2022-03-29 12:46:14 - [TEST_STEP][PASSED] - get_token = slurper.parseText(token.getResponseBodyContent()): null

2022-03-29 12:46:14 - [TEST_STEP][PASSED] - private_token = access_token: null

2022-03-29 12:46:14 - [TEST_STEP][PASSED] - global_token = private_token: null

2022-03-29 12:46:14 - [TEST_STEP][PASSED] - println("token is :" + global_token): null

2022-03-29 12:46:14 - [TEST_STEP][PASSED] - response_token = token.getResponseText(): null

2022-03-29 12:46:14 - [TEST_STEP][PASSED] - logInfo($response_token): {"fault":{"faultstring":"Access Denied for client ip : 8.29.105.53","detail":{"errorcode":"accesscontrol.IPDeniedAccess"}}}

2022-03-29 12:46:14 - [MESSAGE][INFO] - {"fault":{"faultstring":"Access Denied for client ip : 8.29.105.53","detail":{"errorcode":"accesscontrol.IPDeniedAccess"}}}

2022-03-29 12:46:14 - [TEST_STEP][PASSED] - feedback = sendRequest(findTestObject("4. Feedback-ins", ["s_key":global_token, "batchid":batchid, "norek":norek, "nopin":nopin, "custname":custname, "pemohon":pemohon, "branchid":branchid, ... ])): Send request successfully

2022-03-29 12:46:15 - [MESSAGE][INFO] - HAR: I:\app-testing\app-project\Order car insurance\order-car-insurance\Reports\20220329_124138\3. Get feedback insurance - Batch 1\20220329_124139\requests\main\181.har

2022-03-29 12:46:15 - [MESSAGE][PASSED] - Send request successfully

2022-03-29 12:46:15 - [TEST_STEP][PASSED] - response_feedback = feedback.getResponseText(): null

2022-03-29 12:46:15 - [TEST_STEP][PASSED] - markPassed("result feedback data : " + no + " norek : " + norek + " nopin : " + nopin): result feedback data : 137 norek : 9486004936 nopin : 001

2022-03-29 12:46:15 - [MESSAGE][PASSED] - result feedback data : 137 norek : 9486004936 nopin : 001

2022-03-29 12:46:15 - [TEST_STEP][PASSED] - logInfo($response_feedback): {
  "FeedbackCarInsuranceResponse" : {
    "errorCode" : "00",
    "errorMessage" : "Sukses"
  }
}

2022-03-29 12:46:15 - [MESSAGE][INFO] - {
  "FeedbackCarInsuranceResponse" : {
    "errorCode" : "00",
    "errorMessage" : "Sukses"
  }
}

2022-03-29 12:46:15 - [TEST_STEP][PASSED] - verifyElementPropertyValue(feedback, "FeedbackCarInsuranceResponse.errorMessage", "Sukses", CONTINUE_ON_FAILURE): Verify element property value successfully

2022-03-29 12:46:15 - [MESSAGE][PASSED] - Verify element property value successfully]]></system-out>
         <system-err><![CDATA[]]></system-err>
      </testcase>
      <testcase name="Test Cases/3. get token - feedback insurance" time="1.819" classname="Test Cases/3. get token - feedback insurance" status="PASSED">
         <system-out><![CDATA[2022-03-29 12:46:15 - [TEST_CASE][PASSED] - Test Cases/3. get token - feedback insurance: Test Cases/3. get token - feedback insurance

2022-03-29 12:46:15 - [TEST_STEP][PASSED] - token = sendRequest(findTestObject("1. Get-Token")): Send request successfully

2022-03-29 12:46:16 - [MESSAGE][INFO] - HAR: I:\app-testing\app-project\Order car insurance\order-car-insurance\Reports\20220329_124138\3. Get feedback insurance - Batch 1\20220329_124139\requests\main\182.har

2022-03-29 12:46:16 - [MESSAGE][PASSED] - Send request successfully

2022-03-29 12:46:16 - [TEST_STEP][PASSED] - slurper = new groovy.json.JsonSlurper(): null

2022-03-29 12:46:16 - [TEST_STEP][PASSED] - get_token = slurper.parseText(token.getResponseBodyContent()): null

2022-03-29 12:46:16 - [TEST_STEP][PASSED] - private_token = access_token: null

2022-03-29 12:46:16 - [TEST_STEP][PASSED] - global_token = private_token: null

2022-03-29 12:46:16 - [TEST_STEP][PASSED] - println("token is :" + global_token): null

2022-03-29 12:46:16 - [TEST_STEP][PASSED] - response_token = token.getResponseText(): null

2022-03-29 12:46:16 - [TEST_STEP][PASSED] - logInfo($response_token): {"fault":{"faultstring":"Access Denied for client ip : 8.29.105.53","detail":{"errorcode":"accesscontrol.IPDeniedAccess"}}}

2022-03-29 12:46:16 - [MESSAGE][INFO] - {"fault":{"faultstring":"Access Denied for client ip : 8.29.105.53","detail":{"errorcode":"accesscontrol.IPDeniedAccess"}}}

2022-03-29 12:46:16 - [TEST_STEP][PASSED] - feedback = sendRequest(findTestObject("4. Feedback-ins", ["s_key":global_token, "batchid":batchid, "norek":norek, "nopin":nopin, "custname":custname, "pemohon":pemohon, "branchid":branchid, ... ])): Send request successfully

2022-03-29 12:46:17 - [MESSAGE][INFO] - HAR: I:\app-testing\app-project\Order car insurance\order-car-insurance\Reports\20220329_124138\3. Get feedback insurance - Batch 1\20220329_124139\requests\main\183.har

2022-03-29 12:46:17 - [MESSAGE][PASSED] - Send request successfully

2022-03-29 12:46:17 - [TEST_STEP][PASSED] - response_feedback = feedback.getResponseText(): null

2022-03-29 12:46:17 - [TEST_STEP][PASSED] - markPassed("result feedback data : " + no + " norek : " + norek + " nopin : " + nopin): result feedback data : 138 norek : 9486004940 nopin : 001

2022-03-29 12:46:17 - [MESSAGE][PASSED] - result feedback data : 138 norek : 9486004940 nopin : 001

2022-03-29 12:46:17 - [TEST_STEP][PASSED] - logInfo($response_feedback): {
  "FeedbackCarInsuranceResponse" : {
    "errorCode" : "00",
    "errorMessage" : "Sukses"
  }
}

2022-03-29 12:46:17 - [MESSAGE][INFO] - {
  "FeedbackCarInsuranceResponse" : {
    "errorCode" : "00",
    "errorMessage" : "Sukses"
  }
}

2022-03-29 12:46:17 - [TEST_STEP][PASSED] - verifyElementPropertyValue(feedback, "FeedbackCarInsuranceResponse.errorMessage", "Sukses", CONTINUE_ON_FAILURE): Verify element property value successfully

2022-03-29 12:46:17 - [MESSAGE][PASSED] - Verify element property value successfully]]></system-out>
         <system-err><![CDATA[]]></system-err>
      </testcase>
      <testcase name="Test Cases/3. get token - feedback insurance" time="1.502" classname="Test Cases/3. get token - feedback insurance" status="PASSED">
         <system-out><![CDATA[2022-03-29 12:46:18 - [TEST_CASE][PASSED] - Test Cases/3. get token - feedback insurance: Test Cases/3. get token - feedback insurance

2022-03-29 12:46:18 - [TEST_STEP][PASSED] - token = sendRequest(findTestObject("1. Get-Token")): Send request successfully

2022-03-29 12:46:18 - [MESSAGE][INFO] - HAR: I:\app-testing\app-project\Order car insurance\order-car-insurance\Reports\20220329_124138\3. Get feedback insurance - Batch 1\20220329_124139\requests\main\184.har

2022-03-29 12:46:18 - [MESSAGE][PASSED] - Send request successfully

2022-03-29 12:46:18 - [TEST_STEP][PASSED] - slurper = new groovy.json.JsonSlurper(): null

2022-03-29 12:46:18 - [TEST_STEP][PASSED] - get_token = slurper.parseText(token.getResponseBodyContent()): null

2022-03-29 12:46:18 - [TEST_STEP][PASSED] - private_token = access_token: null

2022-03-29 12:46:18 - [TEST_STEP][PASSED] - global_token = private_token: null

2022-03-29 12:46:18 - [TEST_STEP][PASSED] - println("token is :" + global_token): null

2022-03-29 12:46:18 - [TEST_STEP][PASSED] - response_token = token.getResponseText(): null

2022-03-29 12:46:18 - [TEST_STEP][PASSED] - logInfo($response_token): {"fault":{"faultstring":"Access Denied for client ip : 8.29.105.53","detail":{"errorcode":"accesscontrol.IPDeniedAccess"}}}

2022-03-29 12:46:18 - [MESSAGE][INFO] - {"fault":{"faultstring":"Access Denied for client ip : 8.29.105.53","detail":{"errorcode":"accesscontrol.IPDeniedAccess"}}}

2022-03-29 12:46:18 - [TEST_STEP][PASSED] - feedback = sendRequest(findTestObject("4. Feedback-ins", ["s_key":global_token, "batchid":batchid, "norek":norek, "nopin":nopin, "custname":custname, "pemohon":pemohon, "branchid":branchid, ... ])): Send request successfully

2022-03-29 12:46:19 - [MESSAGE][INFO] - HAR: I:\app-testing\app-project\Order car insurance\order-car-insurance\Reports\20220329_124138\3. Get feedback insurance - Batch 1\20220329_124139\requests\main\185.har

2022-03-29 12:46:19 - [MESSAGE][PASSED] - Send request successfully

2022-03-29 12:46:19 - [TEST_STEP][PASSED] - response_feedback = feedback.getResponseText(): null

2022-03-29 12:46:19 - [TEST_STEP][PASSED] - markPassed("result feedback data : " + no + " norek : " + norek + " nopin : " + nopin): result feedback data : 139 norek : 9486004940 nopin : 001

2022-03-29 12:46:19 - [MESSAGE][PASSED] - result feedback data : 139 norek : 9486004940 nopin : 001

2022-03-29 12:46:19 - [TEST_STEP][PASSED] - logInfo($response_feedback): {
  "FeedbackCarInsuranceResponse" : {
    "errorCode" : "00",
    "errorMessage" : "Sukses"
  }
}

2022-03-29 12:46:19 - [MESSAGE][INFO] - {
  "FeedbackCarInsuranceResponse" : {
    "errorCode" : "00",
    "errorMessage" : "Sukses"
  }
}

2022-03-29 12:46:19 - [TEST_STEP][PASSED] - verifyElementPropertyValue(feedback, "FeedbackCarInsuranceResponse.errorMessage", "Sukses", CONTINUE_ON_FAILURE): Verify element property value successfully

2022-03-29 12:46:19 - [MESSAGE][PASSED] - Verify element property value successfully]]></system-out>
         <system-err><![CDATA[]]></system-err>
      </testcase>
      <testcase name="Test Cases/3. get token - feedback insurance" time="2.607" classname="Test Cases/3. get token - feedback insurance" status="PASSED">
         <system-out><![CDATA[2022-03-29 12:46:20 - [TEST_CASE][PASSED] - Test Cases/3. get token - feedback insurance: Test Cases/3. get token - feedback insurance

2022-03-29 12:46:20 - [TEST_STEP][PASSED] - token = sendRequest(findTestObject("1. Get-Token")): Send request successfully

2022-03-29 12:46:20 - [MESSAGE][INFO] - HAR: I:\app-testing\app-project\Order car insurance\order-car-insurance\Reports\20220329_124138\3. Get feedback insurance - Batch 1\20220329_124139\requests\main\186.har

2022-03-29 12:46:20 - [MESSAGE][PASSED] - Send request successfully

2022-03-29 12:46:20 - [TEST_STEP][PASSED] - slurper = new groovy.json.JsonSlurper(): null

2022-03-29 12:46:20 - [TEST_STEP][PASSED] - get_token = slurper.parseText(token.getResponseBodyContent()): null

2022-03-29 12:46:20 - [TEST_STEP][PASSED] - private_token = access_token: null

2022-03-29 12:46:20 - [TEST_STEP][PASSED] - global_token = private_token: null

2022-03-29 12:46:20 - [TEST_STEP][PASSED] - println("token is :" + global_token): null

2022-03-29 12:46:20 - [TEST_STEP][PASSED] - response_token = token.getResponseText(): null

2022-03-29 12:46:20 - [TEST_STEP][PASSED] - logInfo($response_token): {"fault":{"faultstring":"Access Denied for client ip : 8.29.105.53","detail":{"errorcode":"accesscontrol.IPDeniedAccess"}}}

2022-03-29 12:46:20 - [MESSAGE][INFO] - {"fault":{"faultstring":"Access Denied for client ip : 8.29.105.53","detail":{"errorcode":"accesscontrol.IPDeniedAccess"}}}

2022-03-29 12:46:20 - [TEST_STEP][PASSED] - feedback = sendRequest(findTestObject("4. Feedback-ins", ["s_key":global_token, "batchid":batchid, "norek":norek, "nopin":nopin, "custname":custname, "pemohon":pemohon, "branchid":branchid, ... ])): Send request successfully

2022-03-29 12:46:22 - [MESSAGE][INFO] - HAR: I:\app-testing\app-project\Order car insurance\order-car-insurance\Reports\20220329_124138\3. Get feedback insurance - Batch 1\20220329_124139\requests\main\187.har

2022-03-29 12:46:22 - [MESSAGE][PASSED] - Send request successfully

2022-03-29 12:46:22 - [TEST_STEP][PASSED] - response_feedback = feedback.getResponseText(): null

2022-03-29 12:46:22 - [TEST_STEP][PASSED] - markPassed("result feedback data : " + no + " norek : " + norek + " nopin : " + nopin): result feedback data : 140 norek : 9486004940 nopin : 001

2022-03-29 12:46:22 - [MESSAGE][PASSED] - result feedback data : 140 norek : 9486004940 nopin : 001

2022-03-29 12:46:22 - [TEST_STEP][PASSED] - logInfo($response_feedback): {
  "FeedbackCarInsuranceResponse" : {
    "errorCode" : "00",
    "errorMessage" : "Sukses"
  }
}

2022-03-29 12:46:22 - [MESSAGE][INFO] - {
  "FeedbackCarInsuranceResponse" : {
    "errorCode" : "00",
    "errorMessage" : "Sukses"
  }
}

2022-03-29 12:46:22 - [TEST_STEP][PASSED] - verifyElementPropertyValue(feedback, "FeedbackCarInsuranceResponse.errorMessage", "Sukses", CONTINUE_ON_FAILURE): Verify element property value successfully

2022-03-29 12:46:22 - [MESSAGE][PASSED] - Verify element property value successfully]]></system-out>
         <system-err><![CDATA[]]></system-err>
      </testcase>
      <testcase name="Test Cases/3. get token - feedback insurance" time="2.847" classname="Test Cases/3. get token - feedback insurance" status="PASSED">
         <system-out><![CDATA[2022-03-29 12:46:23 - [TEST_CASE][PASSED] - Test Cases/3. get token - feedback insurance: Test Cases/3. get token - feedback insurance

2022-03-29 12:46:23 - [TEST_STEP][PASSED] - token = sendRequest(findTestObject("1. Get-Token")): Send request successfully

2022-03-29 12:46:23 - [MESSAGE][INFO] - HAR: I:\app-testing\app-project\Order car insurance\order-car-insurance\Reports\20220329_124138\3. Get feedback insurance - Batch 1\20220329_124139\requests\main\188.har

2022-03-29 12:46:23 - [MESSAGE][PASSED] - Send request successfully

2022-03-29 12:46:23 - [TEST_STEP][PASSED] - slurper = new groovy.json.JsonSlurper(): null

2022-03-29 12:46:23 - [TEST_STEP][PASSED] - get_token = slurper.parseText(token.getResponseBodyContent()): null

2022-03-29 12:46:23 - [TEST_STEP][PASSED] - private_token = access_token: null

2022-03-29 12:46:23 - [TEST_STEP][PASSED] - global_token = private_token: null

2022-03-29 12:46:23 - [TEST_STEP][PASSED] - println("token is :" + global_token): null

2022-03-29 12:46:23 - [TEST_STEP][PASSED] - response_token = token.getResponseText(): null

2022-03-29 12:46:23 - [TEST_STEP][PASSED] - logInfo($response_token): {"fault":{"faultstring":"Access Denied for client ip : 8.29.105.53","detail":{"errorcode":"accesscontrol.IPDeniedAccess"}}}

2022-03-29 12:46:23 - [MESSAGE][INFO] - {"fault":{"faultstring":"Access Denied for client ip : 8.29.105.53","detail":{"errorcode":"accesscontrol.IPDeniedAccess"}}}

2022-03-29 12:46:23 - [TEST_STEP][PASSED] - feedback = sendRequest(findTestObject("4. Feedback-ins", ["s_key":global_token, "batchid":batchid, "norek":norek, "nopin":nopin, "custname":custname, "pemohon":pemohon, "branchid":branchid, ... ])): Send request successfully

2022-03-29 12:46:25 - [MESSAGE][INFO] - HAR: I:\app-testing\app-project\Order car insurance\order-car-insurance\Reports\20220329_124138\3. Get feedback insurance - Batch 1\20220329_124139\requests\main\189.har

2022-03-29 12:46:25 - [MESSAGE][PASSED] - Send request successfully

2022-03-29 12:46:25 - [TEST_STEP][PASSED] - response_feedback = feedback.getResponseText(): null

2022-03-29 12:46:25 - [TEST_STEP][PASSED] - markPassed("result feedback data : " + no + " norek : " + norek + " nopin : " + nopin): result feedback data : 141 norek : 9486004940 nopin : 001

2022-03-29 12:46:25 - [MESSAGE][PASSED] - result feedback data : 141 norek : 9486004940 nopin : 001

2022-03-29 12:46:25 - [TEST_STEP][PASSED] - logInfo($response_feedback): {
  "FeedbackCarInsuranceResponse" : {
    "errorCode" : "00",
    "errorMessage" : "Sukses"
  }
}

2022-03-29 12:46:25 - [MESSAGE][INFO] - {
  "FeedbackCarInsuranceResponse" : {
    "errorCode" : "00",
    "errorMessage" : "Sukses"
  }
}

2022-03-29 12:46:25 - [TEST_STEP][PASSED] - verifyElementPropertyValue(feedback, "FeedbackCarInsuranceResponse.errorMessage", "Sukses", CONTINUE_ON_FAILURE): Verify element property value successfully

2022-03-29 12:46:25 - [MESSAGE][PASSED] - Verify element property value successfully]]></system-out>
         <system-err><![CDATA[]]></system-err>
      </testcase>
      <testcase name="Test Cases/3. get token - feedback insurance" time="1.601" classname="Test Cases/3. get token - feedback insurance" status="PASSED">
         <system-out><![CDATA[2022-03-29 12:46:26 - [TEST_CASE][PASSED] - Test Cases/3. get token - feedback insurance: Test Cases/3. get token - feedback insurance

2022-03-29 12:46:26 - [TEST_STEP][PASSED] - token = sendRequest(findTestObject("1. Get-Token")): Send request successfully

2022-03-29 12:46:26 - [MESSAGE][INFO] - HAR: I:\app-testing\app-project\Order car insurance\order-car-insurance\Reports\20220329_124138\3. Get feedback insurance - Batch 1\20220329_124139\requests\main\190.har

2022-03-29 12:46:26 - [MESSAGE][PASSED] - Send request successfully

2022-03-29 12:46:26 - [TEST_STEP][PASSED] - slurper = new groovy.json.JsonSlurper(): null

2022-03-29 12:46:26 - [TEST_STEP][PASSED] - get_token = slurper.parseText(token.getResponseBodyContent()): null

2022-03-29 12:46:26 - [TEST_STEP][PASSED] - private_token = access_token: null

2022-03-29 12:46:26 - [TEST_STEP][PASSED] - global_token = private_token: null

2022-03-29 12:46:26 - [TEST_STEP][PASSED] - println("token is :" + global_token): null

2022-03-29 12:46:26 - [TEST_STEP][PASSED] - response_token = token.getResponseText(): null

2022-03-29 12:46:26 - [TEST_STEP][PASSED] - logInfo($response_token): {"fault":{"faultstring":"Access Denied for client ip : 8.29.105.53","detail":{"errorcode":"accesscontrol.IPDeniedAccess"}}}

2022-03-29 12:46:26 - [MESSAGE][INFO] - {"fault":{"faultstring":"Access Denied for client ip : 8.29.105.53","detail":{"errorcode":"accesscontrol.IPDeniedAccess"}}}

2022-03-29 12:46:26 - [TEST_STEP][PASSED] - feedback = sendRequest(findTestObject("4. Feedback-ins", ["s_key":global_token, "batchid":batchid, "norek":norek, "nopin":nopin, "custname":custname, "pemohon":pemohon, "branchid":branchid, ... ])): Send request successfully

2022-03-29 12:46:27 - [MESSAGE][INFO] - HAR: I:\app-testing\app-project\Order car insurance\order-car-insurance\Reports\20220329_124138\3. Get feedback insurance - Batch 1\20220329_124139\requests\main\191.har

2022-03-29 12:46:27 - [MESSAGE][PASSED] - Send request successfully

2022-03-29 12:46:27 - [TEST_STEP][PASSED] - response_feedback = feedback.getResponseText(): null

2022-03-29 12:46:27 - [TEST_STEP][PASSED] - markPassed("result feedback data : " + no + " norek : " + norek + " nopin : " + nopin): result feedback data : 142 norek : 9486004940 nopin : 001

2022-03-29 12:46:27 - [MESSAGE][PASSED] - result feedback data : 142 norek : 9486004940 nopin : 001

2022-03-29 12:46:27 - [TEST_STEP][PASSED] - logInfo($response_feedback): {
  "FeedbackCarInsuranceResponse" : {
    "errorCode" : "00",
    "errorMessage" : "Sukses"
  }
}

2022-03-29 12:46:27 - [MESSAGE][INFO] - {
  "FeedbackCarInsuranceResponse" : {
    "errorCode" : "00",
    "errorMessage" : "Sukses"
  }
}

2022-03-29 12:46:27 - [TEST_STEP][PASSED] - verifyElementPropertyValue(feedback, "FeedbackCarInsuranceResponse.errorMessage", "Sukses", CONTINUE_ON_FAILURE): Verify element property value successfully

2022-03-29 12:46:27 - [MESSAGE][PASSED] - Verify element property value successfully]]></system-out>
         <system-err><![CDATA[]]></system-err>
      </testcase>
      <testcase name="Test Cases/3. get token - feedback insurance" time="1.438" classname="Test Cases/3. get token - feedback insurance" status="PASSED">
         <system-out><![CDATA[2022-03-29 12:46:28 - [TEST_CASE][PASSED] - Test Cases/3. get token - feedback insurance: Test Cases/3. get token - feedback insurance

2022-03-29 12:46:28 - [TEST_STEP][PASSED] - token = sendRequest(findTestObject("1. Get-Token")): Send request successfully

2022-03-29 12:46:28 - [MESSAGE][INFO] - HAR: I:\app-testing\app-project\Order car insurance\order-car-insurance\Reports\20220329_124138\3. Get feedback insurance - Batch 1\20220329_124139\requests\main\192.har

2022-03-29 12:46:28 - [MESSAGE][PASSED] - Send request successfully

2022-03-29 12:46:28 - [TEST_STEP][PASSED] - slurper = new groovy.json.JsonSlurper(): null

2022-03-29 12:46:28 - [TEST_STEP][PASSED] - get_token = slurper.parseText(token.getResponseBodyContent()): null

2022-03-29 12:46:28 - [TEST_STEP][PASSED] - private_token = access_token: null

2022-03-29 12:46:28 - [TEST_STEP][PASSED] - global_token = private_token: null

2022-03-29 12:46:28 - [TEST_STEP][PASSED] - println("token is :" + global_token): null

2022-03-29 12:46:28 - [TEST_STEP][PASSED] - response_token = token.getResponseText(): null

2022-03-29 12:46:28 - [TEST_STEP][PASSED] - logInfo($response_token): {"fault":{"faultstring":"Access Denied for client ip : 8.29.105.53","detail":{"errorcode":"accesscontrol.IPDeniedAccess"}}}

2022-03-29 12:46:28 - [MESSAGE][INFO] - {"fault":{"faultstring":"Access Denied for client ip : 8.29.105.53","detail":{"errorcode":"accesscontrol.IPDeniedAccess"}}}

2022-03-29 12:46:28 - [TEST_STEP][PASSED] - feedback = sendRequest(findTestObject("4. Feedback-ins", ["s_key":global_token, "batchid":batchid, "norek":norek, "nopin":nopin, "custname":custname, "pemohon":pemohon, "branchid":branchid, ... ])): Send request successfully

2022-03-29 12:46:29 - [MESSAGE][INFO] - HAR: I:\app-testing\app-project\Order car insurance\order-car-insurance\Reports\20220329_124138\3. Get feedback insurance - Batch 1\20220329_124139\requests\main\193.har

2022-03-29 12:46:29 - [MESSAGE][PASSED] - Send request successfully

2022-03-29 12:46:29 - [TEST_STEP][PASSED] - response_feedback = feedback.getResponseText(): null

2022-03-29 12:46:29 - [TEST_STEP][PASSED] - markPassed("result feedback data : " + no + " norek : " + norek + " nopin : " + nopin): result feedback data : 143 norek : 9486004940 nopin : 001

2022-03-29 12:46:29 - [MESSAGE][PASSED] - result feedback data : 143 norek : 9486004940 nopin : 001

2022-03-29 12:46:29 - [TEST_STEP][PASSED] - logInfo($response_feedback): {
  "FeedbackCarInsuranceResponse" : {
    "errorCode" : "00",
    "errorMessage" : "Sukses"
  }
}

2022-03-29 12:46:29 - [MESSAGE][INFO] - {
  "FeedbackCarInsuranceResponse" : {
    "errorCode" : "00",
    "errorMessage" : "Sukses"
  }
}

2022-03-29 12:46:29 - [TEST_STEP][PASSED] - verifyElementPropertyValue(feedback, "FeedbackCarInsuranceResponse.errorMessage", "Sukses", CONTINUE_ON_FAILURE): Verify element property value successfully

2022-03-29 12:46:29 - [MESSAGE][PASSED] - Verify element property value successfully]]></system-out>
         <system-err><![CDATA[]]></system-err>
      </testcase>
      <testcase name="Test Cases/3. get token - feedback insurance" time="1.525" classname="Test Cases/3. get token - feedback insurance" status="PASSED">
         <system-out><![CDATA[2022-03-29 12:46:30 - [TEST_CASE][PASSED] - Test Cases/3. get token - feedback insurance: Test Cases/3. get token - feedback insurance

2022-03-29 12:46:30 - [TEST_STEP][PASSED] - token = sendRequest(findTestObject("1. Get-Token")): Send request successfully

2022-03-29 12:46:30 - [MESSAGE][INFO] - HAR: I:\app-testing\app-project\Order car insurance\order-car-insurance\Reports\20220329_124138\3. Get feedback insurance - Batch 1\20220329_124139\requests\main\194.har

2022-03-29 12:46:30 - [MESSAGE][PASSED] - Send request successfully

2022-03-29 12:46:30 - [TEST_STEP][PASSED] - slurper = new groovy.json.JsonSlurper(): null

2022-03-29 12:46:30 - [TEST_STEP][PASSED] - get_token = slurper.parseText(token.getResponseBodyContent()): null

2022-03-29 12:46:30 - [TEST_STEP][PASSED] - private_token = access_token: null

2022-03-29 12:46:30 - [TEST_STEP][PASSED] - global_token = private_token: null

2022-03-29 12:46:30 - [TEST_STEP][PASSED] - println("token is :" + global_token): null

2022-03-29 12:46:30 - [TEST_STEP][PASSED] - response_token = token.getResponseText(): null

2022-03-29 12:46:30 - [TEST_STEP][PASSED] - logInfo($response_token): {"fault":{"faultstring":"Access Denied for client ip : 8.29.105.53","detail":{"errorcode":"accesscontrol.IPDeniedAccess"}}}

2022-03-29 12:46:30 - [MESSAGE][INFO] - {"fault":{"faultstring":"Access Denied for client ip : 8.29.105.53","detail":{"errorcode":"accesscontrol.IPDeniedAccess"}}}

2022-03-29 12:46:30 - [TEST_STEP][PASSED] - feedback = sendRequest(findTestObject("4. Feedback-ins", ["s_key":global_token, "batchid":batchid, "norek":norek, "nopin":nopin, "custname":custname, "pemohon":pemohon, "branchid":branchid, ... ])): Send request successfully

2022-03-29 12:46:31 - [MESSAGE][INFO] - HAR: I:\app-testing\app-project\Order car insurance\order-car-insurance\Reports\20220329_124138\3. Get feedback insurance - Batch 1\20220329_124139\requests\main\195.har

2022-03-29 12:46:31 - [MESSAGE][PASSED] - Send request successfully

2022-03-29 12:46:31 - [TEST_STEP][PASSED] - response_feedback = feedback.getResponseText(): null

2022-03-29 12:46:31 - [TEST_STEP][PASSED] - markPassed("result feedback data : " + no + " norek : " + norek + " nopin : " + nopin): result feedback data : 144 norek : 9486004940 nopin : 001

2022-03-29 12:46:31 - [MESSAGE][PASSED] - result feedback data : 144 norek : 9486004940 nopin : 001

2022-03-29 12:46:31 - [TEST_STEP][PASSED] - logInfo($response_feedback): {
  "FeedbackCarInsuranceResponse" : {
    "errorCode" : "00",
    "errorMessage" : "Sukses"
  }
}

2022-03-29 12:46:31 - [MESSAGE][INFO] - {
  "FeedbackCarInsuranceResponse" : {
    "errorCode" : "00",
    "errorMessage" : "Sukses"
  }
}

2022-03-29 12:46:31 - [TEST_STEP][PASSED] - verifyElementPropertyValue(feedback, "FeedbackCarInsuranceResponse.errorMessage", "Sukses", CONTINUE_ON_FAILURE): Verify element property value successfully

2022-03-29 12:46:31 - [MESSAGE][PASSED] - Verify element property value successfully]]></system-out>
         <system-err><![CDATA[]]></system-err>
      </testcase>
      <testcase name="Test Cases/3. get token - feedback insurance" time="1.397" classname="Test Cases/3. get token - feedback insurance" status="PASSED">
         <system-out><![CDATA[2022-03-29 12:46:31 - [TEST_CASE][PASSED] - Test Cases/3. get token - feedback insurance: Test Cases/3. get token - feedback insurance

2022-03-29 12:46:31 - [TEST_STEP][PASSED] - token = sendRequest(findTestObject("1. Get-Token")): Send request successfully

2022-03-29 12:46:32 - [MESSAGE][INFO] - HAR: I:\app-testing\app-project\Order car insurance\order-car-insurance\Reports\20220329_124138\3. Get feedback insurance - Batch 1\20220329_124139\requests\main\196.har

2022-03-29 12:46:32 - [MESSAGE][PASSED] - Send request successfully

2022-03-29 12:46:32 - [TEST_STEP][PASSED] - slurper = new groovy.json.JsonSlurper(): null

2022-03-29 12:46:32 - [TEST_STEP][PASSED] - get_token = slurper.parseText(token.getResponseBodyContent()): null

2022-03-29 12:46:32 - [TEST_STEP][PASSED] - private_token = access_token: null

2022-03-29 12:46:32 - [TEST_STEP][PASSED] - global_token = private_token: null

2022-03-29 12:46:32 - [TEST_STEP][PASSED] - println("token is :" + global_token): null

2022-03-29 12:46:32 - [TEST_STEP][PASSED] - response_token = token.getResponseText(): null

2022-03-29 12:46:32 - [TEST_STEP][PASSED] - logInfo($response_token): {"fault":{"faultstring":"Access Denied for client ip : 8.29.105.53","detail":{"errorcode":"accesscontrol.IPDeniedAccess"}}}

2022-03-29 12:46:32 - [MESSAGE][INFO] - {"fault":{"faultstring":"Access Denied for client ip : 8.29.105.53","detail":{"errorcode":"accesscontrol.IPDeniedAccess"}}}

2022-03-29 12:46:32 - [TEST_STEP][PASSED] - feedback = sendRequest(findTestObject("4. Feedback-ins", ["s_key":global_token, "batchid":batchid, "norek":norek, "nopin":nopin, "custname":custname, "pemohon":pemohon, "branchid":branchid, ... ])): Send request successfully

2022-03-29 12:46:33 - [MESSAGE][INFO] - HAR: I:\app-testing\app-project\Order car insurance\order-car-insurance\Reports\20220329_124138\3. Get feedback insurance - Batch 1\20220329_124139\requests\main\197.har

2022-03-29 12:46:33 - [MESSAGE][PASSED] - Send request successfully

2022-03-29 12:46:33 - [TEST_STEP][PASSED] - response_feedback = feedback.getResponseText(): null

2022-03-29 12:46:33 - [TEST_STEP][PASSED] - markPassed("result feedback data : " + no + " norek : " + norek + " nopin : " + nopin): result feedback data : 145 norek : 9486004940 nopin : 001

2022-03-29 12:46:33 - [MESSAGE][PASSED] - result feedback data : 145 norek : 9486004940 nopin : 001

2022-03-29 12:46:33 - [TEST_STEP][PASSED] - logInfo($response_feedback): {
  "FeedbackCarInsuranceResponse" : {
    "errorCode" : "00",
    "errorMessage" : "Sukses"
  }
}

2022-03-29 12:46:33 - [MESSAGE][INFO] - {
  "FeedbackCarInsuranceResponse" : {
    "errorCode" : "00",
    "errorMessage" : "Sukses"
  }
}

2022-03-29 12:46:33 - [TEST_STEP][PASSED] - verifyElementPropertyValue(feedback, "FeedbackCarInsuranceResponse.errorMessage", "Sukses", CONTINUE_ON_FAILURE): Verify element property value successfully

2022-03-29 12:46:33 - [MESSAGE][PASSED] - Verify element property value successfully]]></system-out>
         <system-err><![CDATA[]]></system-err>
      </testcase>
      <testcase name="Test Cases/3. get token - feedback insurance" time="1.64" classname="Test Cases/3. get token - feedback insurance" status="PASSED">
         <system-out><![CDATA[2022-03-29 12:46:33 - [TEST_CASE][PASSED] - Test Cases/3. get token - feedback insurance: Test Cases/3. get token - feedback insurance

2022-03-29 12:46:33 - [TEST_STEP][PASSED] - token = sendRequest(findTestObject("1. Get-Token")): Send request successfully

2022-03-29 12:46:34 - [MESSAGE][INFO] - HAR: I:\app-testing\app-project\Order car insurance\order-car-insurance\Reports\20220329_124138\3. Get feedback insurance - Batch 1\20220329_124139\requests\main\198.har

2022-03-29 12:46:34 - [MESSAGE][PASSED] - Send request successfully

2022-03-29 12:46:34 - [TEST_STEP][PASSED] - slurper = new groovy.json.JsonSlurper(): null

2022-03-29 12:46:34 - [TEST_STEP][PASSED] - get_token = slurper.parseText(token.getResponseBodyContent()): null

2022-03-29 12:46:34 - [TEST_STEP][PASSED] - private_token = access_token: null

2022-03-29 12:46:34 - [TEST_STEP][PASSED] - global_token = private_token: null

2022-03-29 12:46:34 - [TEST_STEP][PASSED] - println("token is :" + global_token): null

2022-03-29 12:46:34 - [TEST_STEP][PASSED] - response_token = token.getResponseText(): null

2022-03-29 12:46:34 - [TEST_STEP][PASSED] - logInfo($response_token): {"fault":{"faultstring":"Access Denied for client ip : 8.29.105.53","detail":{"errorcode":"accesscontrol.IPDeniedAccess"}}}

2022-03-29 12:46:34 - [MESSAGE][INFO] - {"fault":{"faultstring":"Access Denied for client ip : 8.29.105.53","detail":{"errorcode":"accesscontrol.IPDeniedAccess"}}}

2022-03-29 12:46:34 - [TEST_STEP][PASSED] - feedback = sendRequest(findTestObject("4. Feedback-ins", ["s_key":global_token, "batchid":batchid, "norek":norek, "nopin":nopin, "custname":custname, "pemohon":pemohon, "branchid":branchid, ... ])): Send request successfully

2022-03-29 12:46:35 - [MESSAGE][INFO] - HAR: I:\app-testing\app-project\Order car insurance\order-car-insurance\Reports\20220329_124138\3. Get feedback insurance - Batch 1\20220329_124139\requests\main\199.har

2022-03-29 12:46:35 - [MESSAGE][PASSED] - Send request successfully

2022-03-29 12:46:35 - [TEST_STEP][PASSED] - response_feedback = feedback.getResponseText(): null

2022-03-29 12:46:35 - [TEST_STEP][PASSED] - markPassed("result feedback data : " + no + " norek : " + norek + " nopin : " + nopin): result feedback data : 146 norek : 9486004947 nopin : 001

2022-03-29 12:46:35 - [MESSAGE][PASSED] - result feedback data : 146 norek : 9486004947 nopin : 001

2022-03-29 12:46:35 - [TEST_STEP][PASSED] - logInfo($response_feedback): {
  "FeedbackCarInsuranceResponse" : {
    "errorCode" : "00",
    "errorMessage" : "Sukses"
  }
}

2022-03-29 12:46:35 - [MESSAGE][INFO] - {
  "FeedbackCarInsuranceResponse" : {
    "errorCode" : "00",
    "errorMessage" : "Sukses"
  }
}

2022-03-29 12:46:35 - [TEST_STEP][PASSED] - verifyElementPropertyValue(feedback, "FeedbackCarInsuranceResponse.errorMessage", "Sukses", CONTINUE_ON_FAILURE): Verify element property value successfully

2022-03-29 12:46:35 - [MESSAGE][PASSED] - Verify element property value successfully]]></system-out>
         <system-err><![CDATA[]]></system-err>
      </testcase>
      <testcase name="Test Cases/3. get token - feedback insurance" time="1.793" classname="Test Cases/3. get token - feedback insurance" status="PASSED">
         <system-out><![CDATA[2022-03-29 12:46:35 - [TEST_CASE][PASSED] - Test Cases/3. get token - feedback insurance: Test Cases/3. get token - feedback insurance

2022-03-29 12:46:35 - [TEST_STEP][PASSED] - token = sendRequest(findTestObject("1. Get-Token")): Send request successfully

2022-03-29 12:46:36 - [MESSAGE][INFO] - HAR: I:\app-testing\app-project\Order car insurance\order-car-insurance\Reports\20220329_124138\3. Get feedback insurance - Batch 1\20220329_124139\requests\main\200.har

2022-03-29 12:46:36 - [MESSAGE][PASSED] - Send request successfully

2022-03-29 12:46:36 - [TEST_STEP][PASSED] - slurper = new groovy.json.JsonSlurper(): null

2022-03-29 12:46:36 - [TEST_STEP][PASSED] - get_token = slurper.parseText(token.getResponseBodyContent()): null

2022-03-29 12:46:36 - [TEST_STEP][PASSED] - private_token = access_token: null

2022-03-29 12:46:36 - [TEST_STEP][PASSED] - global_token = private_token: null

2022-03-29 12:46:36 - [TEST_STEP][PASSED] - println("token is :" + global_token): null

2022-03-29 12:46:36 - [TEST_STEP][PASSED] - response_token = token.getResponseText(): null

2022-03-29 12:46:36 - [TEST_STEP][PASSED] - logInfo($response_token): {"fault":{"faultstring":"Access Denied for client ip : 8.29.105.53","detail":{"errorcode":"accesscontrol.IPDeniedAccess"}}}

2022-03-29 12:46:36 - [MESSAGE][INFO] - {"fault":{"faultstring":"Access Denied for client ip : 8.29.105.53","detail":{"errorcode":"accesscontrol.IPDeniedAccess"}}}

2022-03-29 12:46:36 - [TEST_STEP][PASSED] - feedback = sendRequest(findTestObject("4. Feedback-ins", ["s_key":global_token, "batchid":batchid, "norek":norek, "nopin":nopin, "custname":custname, "pemohon":pemohon, "branchid":branchid, ... ])): Send request successfully

2022-03-29 12:46:37 - [MESSAGE][INFO] - HAR: I:\app-testing\app-project\Order car insurance\order-car-insurance\Reports\20220329_124138\3. Get feedback insurance - Batch 1\20220329_124139\requests\main\201.har

2022-03-29 12:46:37 - [MESSAGE][PASSED] - Send request successfully

2022-03-29 12:46:37 - [TEST_STEP][PASSED] - response_feedback = feedback.getResponseText(): null

2022-03-29 12:46:37 - [TEST_STEP][PASSED] - markPassed("result feedback data : " + no + " norek : " + norek + " nopin : " + nopin): result feedback data : 147 norek : 9486004949 nopin : 001

2022-03-29 12:46:37 - [MESSAGE][PASSED] - result feedback data : 147 norek : 9486004949 nopin : 001

2022-03-29 12:46:37 - [TEST_STEP][PASSED] - logInfo($response_feedback): {
  "FeedbackCarInsuranceResponse" : {
    "errorCode" : "00",
    "errorMessage" : "Sukses"
  }
}

2022-03-29 12:46:37 - [MESSAGE][INFO] - {
  "FeedbackCarInsuranceResponse" : {
    "errorCode" : "00",
    "errorMessage" : "Sukses"
  }
}

2022-03-29 12:46:37 - [TEST_STEP][PASSED] - verifyElementPropertyValue(feedback, "FeedbackCarInsuranceResponse.errorMessage", "Sukses", CONTINUE_ON_FAILURE): Verify element property value successfully

2022-03-29 12:46:37 - [MESSAGE][PASSED] - Verify element property value successfully]]></system-out>
         <system-err><![CDATA[]]></system-err>
      </testcase>
      <testcase name="Test Cases/3. get token - feedback insurance" time="1.541" classname="Test Cases/3. get token - feedback insurance" status="PASSED">
         <system-out><![CDATA[2022-03-29 12:46:37 - [TEST_CASE][PASSED] - Test Cases/3. get token - feedback insurance: Test Cases/3. get token - feedback insurance

2022-03-29 12:46:37 - [TEST_STEP][PASSED] - token = sendRequest(findTestObject("1. Get-Token")): Send request successfully

2022-03-29 12:46:38 - [MESSAGE][INFO] - HAR: I:\app-testing\app-project\Order car insurance\order-car-insurance\Reports\20220329_124138\3. Get feedback insurance - Batch 1\20220329_124139\requests\main\202.har

2022-03-29 12:46:38 - [MESSAGE][PASSED] - Send request successfully

2022-03-29 12:46:38 - [TEST_STEP][PASSED] - slurper = new groovy.json.JsonSlurper(): null

2022-03-29 12:46:38 - [TEST_STEP][PASSED] - get_token = slurper.parseText(token.getResponseBodyContent()): null

2022-03-29 12:46:38 - [TEST_STEP][PASSED] - private_token = access_token: null

2022-03-29 12:46:38 - [TEST_STEP][PASSED] - global_token = private_token: null

2022-03-29 12:46:38 - [TEST_STEP][PASSED] - println("token is :" + global_token): null

2022-03-29 12:46:38 - [TEST_STEP][PASSED] - response_token = token.getResponseText(): null

2022-03-29 12:46:38 - [TEST_STEP][PASSED] - logInfo($response_token): {"fault":{"faultstring":"Access Denied for client ip : 8.29.105.53","detail":{"errorcode":"accesscontrol.IPDeniedAccess"}}}

2022-03-29 12:46:38 - [MESSAGE][INFO] - {"fault":{"faultstring":"Access Denied for client ip : 8.29.105.53","detail":{"errorcode":"accesscontrol.IPDeniedAccess"}}}

2022-03-29 12:46:38 - [TEST_STEP][PASSED] - feedback = sendRequest(findTestObject("4. Feedback-ins", ["s_key":global_token, "batchid":batchid, "norek":norek, "nopin":nopin, "custname":custname, "pemohon":pemohon, "branchid":branchid, ... ])): Send request successfully

2022-03-29 12:46:39 - [MESSAGE][INFO] - HAR: I:\app-testing\app-project\Order car insurance\order-car-insurance\Reports\20220329_124138\3. Get feedback insurance - Batch 1\20220329_124139\requests\main\203.har

2022-03-29 12:46:39 - [MESSAGE][PASSED] - Send request successfully

2022-03-29 12:46:39 - [TEST_STEP][PASSED] - response_feedback = feedback.getResponseText(): null

2022-03-29 12:46:39 - [TEST_STEP][PASSED] - markPassed("result feedback data : " + no + " norek : " + norek + " nopin : " + nopin): result feedback data : 148 norek : 9486004949 nopin : 001

2022-03-29 12:46:39 - [MESSAGE][PASSED] - result feedback data : 148 norek : 9486004949 nopin : 001

2022-03-29 12:46:39 - [TEST_STEP][PASSED] - logInfo($response_feedback): {
  "FeedbackCarInsuranceResponse" : {
    "errorCode" : "00",
    "errorMessage" : "Sukses"
  }
}

2022-03-29 12:46:39 - [MESSAGE][INFO] - {
  "FeedbackCarInsuranceResponse" : {
    "errorCode" : "00",
    "errorMessage" : "Sukses"
  }
}

2022-03-29 12:46:39 - [TEST_STEP][PASSED] - verifyElementPropertyValue(feedback, "FeedbackCarInsuranceResponse.errorMessage", "Sukses", CONTINUE_ON_FAILURE): Verify element property value successfully

2022-03-29 12:46:39 - [MESSAGE][PASSED] - Verify element property value successfully]]></system-out>
         <system-err><![CDATA[]]></system-err>
      </testcase>
      <testcase name="Test Cases/3. get token - feedback insurance" time="1.543" classname="Test Cases/3. get token - feedback insurance" status="PASSED">
         <system-out><![CDATA[2022-03-29 12:46:39 - [TEST_CASE][PASSED] - Test Cases/3. get token - feedback insurance: Test Cases/3. get token - feedback insurance

2022-03-29 12:46:39 - [TEST_STEP][PASSED] - token = sendRequest(findTestObject("1. Get-Token")): Send request successfully

2022-03-29 12:46:40 - [MESSAGE][INFO] - HAR: I:\app-testing\app-project\Order car insurance\order-car-insurance\Reports\20220329_124138\3. Get feedback insurance - Batch 1\20220329_124139\requests\main\204.har

2022-03-29 12:46:40 - [MESSAGE][PASSED] - Send request successfully

2022-03-29 12:46:40 - [TEST_STEP][PASSED] - slurper = new groovy.json.JsonSlurper(): null

2022-03-29 12:46:40 - [TEST_STEP][PASSED] - get_token = slurper.parseText(token.getResponseBodyContent()): null

2022-03-29 12:46:40 - [TEST_STEP][PASSED] - private_token = access_token: null

2022-03-29 12:46:40 - [TEST_STEP][PASSED] - global_token = private_token: null

2022-03-29 12:46:40 - [TEST_STEP][PASSED] - println("token is :" + global_token): null

2022-03-29 12:46:40 - [TEST_STEP][PASSED] - response_token = token.getResponseText(): null

2022-03-29 12:46:40 - [TEST_STEP][PASSED] - logInfo($response_token): {"fault":{"faultstring":"Access Denied for client ip : 8.29.105.53","detail":{"errorcode":"accesscontrol.IPDeniedAccess"}}}

2022-03-29 12:46:40 - [MESSAGE][INFO] - {"fault":{"faultstring":"Access Denied for client ip : 8.29.105.53","detail":{"errorcode":"accesscontrol.IPDeniedAccess"}}}

2022-03-29 12:46:40 - [TEST_STEP][PASSED] - feedback = sendRequest(findTestObject("4. Feedback-ins", ["s_key":global_token, "batchid":batchid, "norek":norek, "nopin":nopin, "custname":custname, "pemohon":pemohon, "branchid":branchid, ... ])): Send request successfully

2022-03-29 12:46:41 - [MESSAGE][INFO] - HAR: I:\app-testing\app-project\Order car insurance\order-car-insurance\Reports\20220329_124138\3. Get feedback insurance - Batch 1\20220329_124139\requests\main\205.har

2022-03-29 12:46:41 - [MESSAGE][PASSED] - Send request successfully

2022-03-29 12:46:41 - [TEST_STEP][PASSED] - response_feedback = feedback.getResponseText(): null

2022-03-29 12:46:41 - [TEST_STEP][PASSED] - markPassed("result feedback data : " + no + " norek : " + norek + " nopin : " + nopin): result feedback data : 149 norek : 9490013445 nopin : 001

2022-03-29 12:46:41 - [MESSAGE][PASSED] - result feedback data : 149 norek : 9490013445 nopin : 001

2022-03-29 12:46:41 - [TEST_STEP][PASSED] - logInfo($response_feedback): {
  "FeedbackCarInsuranceResponse" : {
    "errorCode" : "00",
    "errorMessage" : "Sukses"
  }
}

2022-03-29 12:46:41 - [MESSAGE][INFO] - {
  "FeedbackCarInsuranceResponse" : {
    "errorCode" : "00",
    "errorMessage" : "Sukses"
  }
}

2022-03-29 12:46:41 - [TEST_STEP][PASSED] - verifyElementPropertyValue(feedback, "FeedbackCarInsuranceResponse.errorMessage", "Sukses", CONTINUE_ON_FAILURE): Verify element property value successfully

2022-03-29 12:46:41 - [MESSAGE][PASSED] - Verify element property value successfully]]></system-out>
         <system-err><![CDATA[]]></system-err>
      </testcase>
      <testcase name="Test Cases/3. get token - feedback insurance" time="3.081" classname="Test Cases/3. get token - feedback insurance" status="PASSED">
         <system-out><![CDATA[2022-03-29 12:46:41 - [TEST_CASE][PASSED] - Test Cases/3. get token - feedback insurance: Test Cases/3. get token - feedback insurance

2022-03-29 12:46:41 - [TEST_STEP][PASSED] - token = sendRequest(findTestObject("1. Get-Token")): Send request successfully

2022-03-29 12:46:42 - [MESSAGE][INFO] - HAR: I:\app-testing\app-project\Order car insurance\order-car-insurance\Reports\20220329_124138\3. Get feedback insurance - Batch 1\20220329_124139\requests\main\206.har

2022-03-29 12:46:42 - [MESSAGE][PASSED] - Send request successfully

2022-03-29 12:46:42 - [TEST_STEP][PASSED] - slurper = new groovy.json.JsonSlurper(): null

2022-03-29 12:46:42 - [TEST_STEP][PASSED] - get_token = slurper.parseText(token.getResponseBodyContent()): null

2022-03-29 12:46:42 - [TEST_STEP][PASSED] - private_token = access_token: null

2022-03-29 12:46:42 - [TEST_STEP][PASSED] - global_token = private_token: null

2022-03-29 12:46:42 - [TEST_STEP][PASSED] - println("token is :" + global_token): null

2022-03-29 12:46:42 - [TEST_STEP][PASSED] - response_token = token.getResponseText(): null

2022-03-29 12:46:42 - [TEST_STEP][PASSED] - logInfo($response_token): {"fault":{"faultstring":"Access Denied for client ip : 8.29.105.53","detail":{"errorcode":"accesscontrol.IPDeniedAccess"}}}

2022-03-29 12:46:42 - [MESSAGE][INFO] - {"fault":{"faultstring":"Access Denied for client ip : 8.29.105.53","detail":{"errorcode":"accesscontrol.IPDeniedAccess"}}}

2022-03-29 12:46:42 - [TEST_STEP][PASSED] - feedback = sendRequest(findTestObject("4. Feedback-ins", ["s_key":global_token, "batchid":batchid, "norek":norek, "nopin":nopin, "custname":custname, "pemohon":pemohon, "branchid":branchid, ... ])): Send request successfully

2022-03-29 12:46:44 - [MESSAGE][INFO] - HAR: I:\app-testing\app-project\Order car insurance\order-car-insurance\Reports\20220329_124138\3. Get feedback insurance - Batch 1\20220329_124139\requests\main\207.har

2022-03-29 12:46:44 - [MESSAGE][PASSED] - Send request successfully

2022-03-29 12:46:44 - [TEST_STEP][PASSED] - response_feedback = feedback.getResponseText(): null

2022-03-29 12:46:44 - [TEST_STEP][PASSED] - markPassed("result feedback data : " + no + " norek : " + norek + " nopin : " + nopin): result feedback data : 150 norek : 9490013445 nopin : 001

2022-03-29 12:46:44 - [MESSAGE][PASSED] - result feedback data : 150 norek : 9490013445 nopin : 001

2022-03-29 12:46:44 - [TEST_STEP][PASSED] - logInfo($response_feedback): {
  "FeedbackCarInsuranceResponse" : {
    "errorCode" : "00",
    "errorMessage" : "Sukses"
  }
}

2022-03-29 12:46:44 - [MESSAGE][INFO] - {
  "FeedbackCarInsuranceResponse" : {
    "errorCode" : "00",
    "errorMessage" : "Sukses"
  }
}

2022-03-29 12:46:44 - [TEST_STEP][PASSED] - verifyElementPropertyValue(feedback, "FeedbackCarInsuranceResponse.errorMessage", "Sukses", CONTINUE_ON_FAILURE): Verify element property value successfully

2022-03-29 12:46:44 - [MESSAGE][PASSED] - Verify element property value successfully]]></system-out>
         <system-err><![CDATA[]]></system-err>
      </testcase>
      <testcase name="Test Cases/3. get token - feedback insurance" time="1.421" classname="Test Cases/3. get token - feedback insurance" status="PASSED">
         <system-out><![CDATA[2022-03-29 12:46:45 - [TEST_CASE][PASSED] - Test Cases/3. get token - feedback insurance: Test Cases/3. get token - feedback insurance

2022-03-29 12:46:45 - [TEST_STEP][PASSED] - token = sendRequest(findTestObject("1. Get-Token")): Send request successfully

2022-03-29 12:46:45 - [MESSAGE][INFO] - HAR: I:\app-testing\app-project\Order car insurance\order-car-insurance\Reports\20220329_124138\3. Get feedback insurance - Batch 1\20220329_124139\requests\main\208.har

2022-03-29 12:46:45 - [MESSAGE][PASSED] - Send request successfully

2022-03-29 12:46:45 - [TEST_STEP][PASSED] - slurper = new groovy.json.JsonSlurper(): null

2022-03-29 12:46:45 - [TEST_STEP][PASSED] - get_token = slurper.parseText(token.getResponseBodyContent()): null

2022-03-29 12:46:45 - [TEST_STEP][PASSED] - private_token = access_token: null

2022-03-29 12:46:45 - [TEST_STEP][PASSED] - global_token = private_token: null

2022-03-29 12:46:45 - [TEST_STEP][PASSED] - println("token is :" + global_token): null

2022-03-29 12:46:45 - [TEST_STEP][PASSED] - response_token = token.getResponseText(): null

2022-03-29 12:46:45 - [TEST_STEP][PASSED] - logInfo($response_token): {"fault":{"faultstring":"Access Denied for client ip : 8.29.105.53","detail":{"errorcode":"accesscontrol.IPDeniedAccess"}}}

2022-03-29 12:46:45 - [MESSAGE][INFO] - {"fault":{"faultstring":"Access Denied for client ip : 8.29.105.53","detail":{"errorcode":"accesscontrol.IPDeniedAccess"}}}

2022-03-29 12:46:45 - [TEST_STEP][PASSED] - feedback = sendRequest(findTestObject("4. Feedback-ins", ["s_key":global_token, "batchid":batchid, "norek":norek, "nopin":nopin, "custname":custname, "pemohon":pemohon, "branchid":branchid, ... ])): Send request successfully

2022-03-29 12:46:46 - [MESSAGE][INFO] - HAR: I:\app-testing\app-project\Order car insurance\order-car-insurance\Reports\20220329_124138\3. Get feedback insurance - Batch 1\20220329_124139\requests\main\209.har

2022-03-29 12:46:46 - [MESSAGE][PASSED] - Send request successfully

2022-03-29 12:46:46 - [TEST_STEP][PASSED] - response_feedback = feedback.getResponseText(): null

2022-03-29 12:46:46 - [TEST_STEP][PASSED] - markPassed("result feedback data : " + no + " norek : " + norek + " nopin : " + nopin): result feedback data : 151 norek : 9490013445 nopin : 001

2022-03-29 12:46:46 - [MESSAGE][PASSED] - result feedback data : 151 norek : 9490013445 nopin : 001

2022-03-29 12:46:46 - [TEST_STEP][PASSED] - logInfo($response_feedback): {
  "FeedbackCarInsuranceResponse" : {
    "errorCode" : "00",
    "errorMessage" : "Sukses"
  }
}

2022-03-29 12:46:46 - [MESSAGE][INFO] - {
  "FeedbackCarInsuranceResponse" : {
    "errorCode" : "00",
    "errorMessage" : "Sukses"
  }
}

2022-03-29 12:46:46 - [TEST_STEP][PASSED] - verifyElementPropertyValue(feedback, "FeedbackCarInsuranceResponse.errorMessage", "Sukses", CONTINUE_ON_FAILURE): Verify element property value successfully

2022-03-29 12:46:46 - [MESSAGE][PASSED] - Verify element property value successfully]]></system-out>
         <system-err><![CDATA[]]></system-err>
      </testcase>
      <testcase name="Test Cases/3. get token - feedback insurance" time="1.424" classname="Test Cases/3. get token - feedback insurance" status="PASSED">
         <system-out><![CDATA[2022-03-29 12:46:47 - [TEST_CASE][PASSED] - Test Cases/3. get token - feedback insurance: Test Cases/3. get token - feedback insurance

2022-03-29 12:46:47 - [TEST_STEP][PASSED] - token = sendRequest(findTestObject("1. Get-Token")): Send request successfully

2022-03-29 12:46:47 - [MESSAGE][INFO] - HAR: I:\app-testing\app-project\Order car insurance\order-car-insurance\Reports\20220329_124138\3. Get feedback insurance - Batch 1\20220329_124139\requests\main\210.har

2022-03-29 12:46:47 - [MESSAGE][PASSED] - Send request successfully

2022-03-29 12:46:47 - [TEST_STEP][PASSED] - slurper = new groovy.json.JsonSlurper(): null

2022-03-29 12:46:47 - [TEST_STEP][PASSED] - get_token = slurper.parseText(token.getResponseBodyContent()): null

2022-03-29 12:46:47 - [TEST_STEP][PASSED] - private_token = access_token: null

2022-03-29 12:46:47 - [TEST_STEP][PASSED] - global_token = private_token: null

2022-03-29 12:46:47 - [TEST_STEP][PASSED] - println("token is :" + global_token): null

2022-03-29 12:46:47 - [TEST_STEP][PASSED] - response_token = token.getResponseText(): null

2022-03-29 12:46:47 - [TEST_STEP][PASSED] - logInfo($response_token): {"fault":{"faultstring":"Access Denied for client ip : 8.29.105.53","detail":{"errorcode":"accesscontrol.IPDeniedAccess"}}}

2022-03-29 12:46:47 - [MESSAGE][INFO] - {"fault":{"faultstring":"Access Denied for client ip : 8.29.105.53","detail":{"errorcode":"accesscontrol.IPDeniedAccess"}}}

2022-03-29 12:46:47 - [TEST_STEP][PASSED] - feedback = sendRequest(findTestObject("4. Feedback-ins", ["s_key":global_token, "batchid":batchid, "norek":norek, "nopin":nopin, "custname":custname, "pemohon":pemohon, "branchid":branchid, ... ])): Send request successfully

2022-03-29 12:46:48 - [MESSAGE][INFO] - HAR: I:\app-testing\app-project\Order car insurance\order-car-insurance\Reports\20220329_124138\3. Get feedback insurance - Batch 1\20220329_124139\requests\main\211.har

2022-03-29 12:46:48 - [MESSAGE][PASSED] - Send request successfully

2022-03-29 12:46:48 - [TEST_STEP][PASSED] - response_feedback = feedback.getResponseText(): null

2022-03-29 12:46:48 - [TEST_STEP][PASSED] - markPassed("result feedback data : " + no + " norek : " + norek + " nopin : " + nopin): result feedback data : 152 norek : 9490013445 nopin : 001

2022-03-29 12:46:48 - [MESSAGE][PASSED] - result feedback data : 152 norek : 9490013445 nopin : 001

2022-03-29 12:46:48 - [TEST_STEP][PASSED] - logInfo($response_feedback): {
  "FeedbackCarInsuranceResponse" : {
    "errorCode" : "00",
    "errorMessage" : "Sukses"
  }
}

2022-03-29 12:46:48 - [MESSAGE][INFO] - {
  "FeedbackCarInsuranceResponse" : {
    "errorCode" : "00",
    "errorMessage" : "Sukses"
  }
}

2022-03-29 12:46:48 - [TEST_STEP][PASSED] - verifyElementPropertyValue(feedback, "FeedbackCarInsuranceResponse.errorMessage", "Sukses", CONTINUE_ON_FAILURE): Verify element property value successfully

2022-03-29 12:46:48 - [MESSAGE][PASSED] - Verify element property value successfully]]></system-out>
         <system-err><![CDATA[]]></system-err>
      </testcase>
      <testcase name="Test Cases/3. get token - feedback insurance" time="1.391" classname="Test Cases/3. get token - feedback insurance" status="PASSED">
         <system-out><![CDATA[2022-03-29 12:46:48 - [TEST_CASE][PASSED] - Test Cases/3. get token - feedback insurance: Test Cases/3. get token - feedback insurance

2022-03-29 12:46:48 - [TEST_STEP][PASSED] - token = sendRequest(findTestObject("1. Get-Token")): Send request successfully

2022-03-29 12:46:49 - [MESSAGE][INFO] - HAR: I:\app-testing\app-project\Order car insurance\order-car-insurance\Reports\20220329_124138\3. Get feedback insurance - Batch 1\20220329_124139\requests\main\212.har

2022-03-29 12:46:49 - [MESSAGE][PASSED] - Send request successfully

2022-03-29 12:46:49 - [TEST_STEP][PASSED] - slurper = new groovy.json.JsonSlurper(): null

2022-03-29 12:46:49 - [TEST_STEP][PASSED] - get_token = slurper.parseText(token.getResponseBodyContent()): null

2022-03-29 12:46:49 - [TEST_STEP][PASSED] - private_token = access_token: null

2022-03-29 12:46:49 - [TEST_STEP][PASSED] - global_token = private_token: null

2022-03-29 12:46:49 - [TEST_STEP][PASSED] - println("token is :" + global_token): null

2022-03-29 12:46:49 - [TEST_STEP][PASSED] - response_token = token.getResponseText(): null

2022-03-29 12:46:49 - [TEST_STEP][PASSED] - logInfo($response_token): {"fault":{"faultstring":"Access Denied for client ip : 8.29.105.53","detail":{"errorcode":"accesscontrol.IPDeniedAccess"}}}

2022-03-29 12:46:49 - [MESSAGE][INFO] - {"fault":{"faultstring":"Access Denied for client ip : 8.29.105.53","detail":{"errorcode":"accesscontrol.IPDeniedAccess"}}}

2022-03-29 12:46:49 - [TEST_STEP][PASSED] - feedback = sendRequest(findTestObject("4. Feedback-ins", ["s_key":global_token, "batchid":batchid, "norek":norek, "nopin":nopin, "custname":custname, "pemohon":pemohon, "branchid":branchid, ... ])): Send request successfully

2022-03-29 12:46:50 - [MESSAGE][INFO] - HAR: I:\app-testing\app-project\Order car insurance\order-car-insurance\Reports\20220329_124138\3. Get feedback insurance - Batch 1\20220329_124139\requests\main\213.har

2022-03-29 12:46:50 - [MESSAGE][PASSED] - Send request successfully

2022-03-29 12:46:50 - [TEST_STEP][PASSED] - response_feedback = feedback.getResponseText(): null

2022-03-29 12:46:50 - [TEST_STEP][PASSED] - markPassed("result feedback data : " + no + " norek : " + norek + " nopin : " + nopin): result feedback data : 153 norek : 9490013445 nopin : 001

2022-03-29 12:46:50 - [MESSAGE][PASSED] - result feedback data : 153 norek : 9490013445 nopin : 001

2022-03-29 12:46:50 - [TEST_STEP][PASSED] - logInfo($response_feedback): {
  "FeedbackCarInsuranceResponse" : {
    "errorCode" : "00",
    "errorMessage" : "Sukses"
  }
}

2022-03-29 12:46:50 - [MESSAGE][INFO] - {
  "FeedbackCarInsuranceResponse" : {
    "errorCode" : "00",
    "errorMessage" : "Sukses"
  }
}

2022-03-29 12:46:50 - [TEST_STEP][PASSED] - verifyElementPropertyValue(feedback, "FeedbackCarInsuranceResponse.errorMessage", "Sukses", CONTINUE_ON_FAILURE): Verify element property value successfully

2022-03-29 12:46:50 - [MESSAGE][PASSED] - Verify element property value successfully]]></system-out>
         <system-err><![CDATA[]]></system-err>
      </testcase>
      <testcase name="Test Cases/3. get token - feedback insurance" time="1.442" classname="Test Cases/3. get token - feedback insurance" status="PASSED">
         <system-out><![CDATA[2022-03-29 12:46:50 - [TEST_CASE][PASSED] - Test Cases/3. get token - feedback insurance: Test Cases/3. get token - feedback insurance

2022-03-29 12:46:50 - [TEST_STEP][PASSED] - token = sendRequest(findTestObject("1. Get-Token")): Send request successfully

2022-03-29 12:46:51 - [MESSAGE][INFO] - HAR: I:\app-testing\app-project\Order car insurance\order-car-insurance\Reports\20220329_124138\3. Get feedback insurance - Batch 1\20220329_124139\requests\main\214.har

2022-03-29 12:46:51 - [MESSAGE][PASSED] - Send request successfully

2022-03-29 12:46:51 - [TEST_STEP][PASSED] - slurper = new groovy.json.JsonSlurper(): null

2022-03-29 12:46:51 - [TEST_STEP][PASSED] - get_token = slurper.parseText(token.getResponseBodyContent()): null

2022-03-29 12:46:51 - [TEST_STEP][PASSED] - private_token = access_token: null

2022-03-29 12:46:51 - [TEST_STEP][PASSED] - global_token = private_token: null

2022-03-29 12:46:51 - [TEST_STEP][PASSED] - println("token is :" + global_token): null

2022-03-29 12:46:51 - [TEST_STEP][PASSED] - response_token = token.getResponseText(): null

2022-03-29 12:46:51 - [TEST_STEP][PASSED] - logInfo($response_token): {"fault":{"faultstring":"Access Denied for client ip : 8.29.105.53","detail":{"errorcode":"accesscontrol.IPDeniedAccess"}}}

2022-03-29 12:46:51 - [MESSAGE][INFO] - {"fault":{"faultstring":"Access Denied for client ip : 8.29.105.53","detail":{"errorcode":"accesscontrol.IPDeniedAccess"}}}

2022-03-29 12:46:51 - [TEST_STEP][PASSED] - feedback = sendRequest(findTestObject("4. Feedback-ins", ["s_key":global_token, "batchid":batchid, "norek":norek, "nopin":nopin, "custname":custname, "pemohon":pemohon, "branchid":branchid, ... ])): Send request successfully

2022-03-29 12:46:52 - [MESSAGE][INFO] - HAR: I:\app-testing\app-project\Order car insurance\order-car-insurance\Reports\20220329_124138\3. Get feedback insurance - Batch 1\20220329_124139\requests\main\215.har

2022-03-29 12:46:52 - [MESSAGE][PASSED] - Send request successfully

2022-03-29 12:46:52 - [TEST_STEP][PASSED] - response_feedback = feedback.getResponseText(): null

2022-03-29 12:46:52 - [TEST_STEP][PASSED] - markPassed("result feedback data : " + no + " norek : " + norek + " nopin : " + nopin): result feedback data : 154 norek : 9490013445 nopin : 001

2022-03-29 12:46:52 - [MESSAGE][PASSED] - result feedback data : 154 norek : 9490013445 nopin : 001

2022-03-29 12:46:52 - [TEST_STEP][PASSED] - logInfo($response_feedback): {
  "FeedbackCarInsuranceResponse" : {
    "errorCode" : "00",
    "errorMessage" : "Sukses"
  }
}

2022-03-29 12:46:52 - [MESSAGE][INFO] - {
  "FeedbackCarInsuranceResponse" : {
    "errorCode" : "00",
    "errorMessage" : "Sukses"
  }
}

2022-03-29 12:46:52 - [TEST_STEP][PASSED] - verifyElementPropertyValue(feedback, "FeedbackCarInsuranceResponse.errorMessage", "Sukses", CONTINUE_ON_FAILURE): Verify element property value successfully

2022-03-29 12:46:52 - [MESSAGE][PASSED] - Verify element property value successfully]]></system-out>
         <system-err><![CDATA[]]></system-err>
      </testcase>
      <testcase name="Test Cases/3. get token - feedback insurance" time="1.798" classname="Test Cases/3. get token - feedback insurance" status="PASSED">
         <system-out><![CDATA[2022-03-29 12:46:52 - [TEST_CASE][PASSED] - Test Cases/3. get token - feedback insurance: Test Cases/3. get token - feedback insurance

2022-03-29 12:46:52 - [TEST_STEP][PASSED] - token = sendRequest(findTestObject("1. Get-Token")): Send request successfully

2022-03-29 12:46:53 - [MESSAGE][INFO] - HAR: I:\app-testing\app-project\Order car insurance\order-car-insurance\Reports\20220329_124138\3. Get feedback insurance - Batch 1\20220329_124139\requests\main\216.har

2022-03-29 12:46:53 - [MESSAGE][PASSED] - Send request successfully

2022-03-29 12:46:53 - [TEST_STEP][PASSED] - slurper = new groovy.json.JsonSlurper(): null

2022-03-29 12:46:53 - [TEST_STEP][PASSED] - get_token = slurper.parseText(token.getResponseBodyContent()): null

2022-03-29 12:46:53 - [TEST_STEP][PASSED] - private_token = access_token: null

2022-03-29 12:46:53 - [TEST_STEP][PASSED] - global_token = private_token: null

2022-03-29 12:46:53 - [TEST_STEP][PASSED] - println("token is :" + global_token): null

2022-03-29 12:46:53 - [TEST_STEP][PASSED] - response_token = token.getResponseText(): null

2022-03-29 12:46:53 - [TEST_STEP][PASSED] - logInfo($response_token): {"fault":{"faultstring":"Access Denied for client ip : 8.29.105.53","detail":{"errorcode":"accesscontrol.IPDeniedAccess"}}}

2022-03-29 12:46:53 - [MESSAGE][INFO] - {"fault":{"faultstring":"Access Denied for client ip : 8.29.105.53","detail":{"errorcode":"accesscontrol.IPDeniedAccess"}}}

2022-03-29 12:46:53 - [TEST_STEP][PASSED] - feedback = sendRequest(findTestObject("4. Feedback-ins", ["s_key":global_token, "batchid":batchid, "norek":norek, "nopin":nopin, "custname":custname, "pemohon":pemohon, "branchid":branchid, ... ])): Send request successfully

2022-03-29 12:46:54 - [MESSAGE][INFO] - HAR: I:\app-testing\app-project\Order car insurance\order-car-insurance\Reports\20220329_124138\3. Get feedback insurance - Batch 1\20220329_124139\requests\main\217.har

2022-03-29 12:46:54 - [MESSAGE][PASSED] - Send request successfully

2022-03-29 12:46:54 - [TEST_STEP][PASSED] - response_feedback = feedback.getResponseText(): null

2022-03-29 12:46:54 - [TEST_STEP][PASSED] - markPassed("result feedback data : " + no + " norek : " + norek + " nopin : " + nopin): result feedback data : 155 norek : 9490013445 nopin : 001

2022-03-29 12:46:54 - [MESSAGE][PASSED] - result feedback data : 155 norek : 9490013445 nopin : 001

2022-03-29 12:46:54 - [TEST_STEP][PASSED] - logInfo($response_feedback): {
  "FeedbackCarInsuranceResponse" : {
    "errorCode" : "00",
    "errorMessage" : "Sukses"
  }
}

2022-03-29 12:46:54 - [MESSAGE][INFO] - {
  "FeedbackCarInsuranceResponse" : {
    "errorCode" : "00",
    "errorMessage" : "Sukses"
  }
}

2022-03-29 12:46:54 - [TEST_STEP][PASSED] - verifyElementPropertyValue(feedback, "FeedbackCarInsuranceResponse.errorMessage", "Sukses", CONTINUE_ON_FAILURE): Verify element property value successfully

2022-03-29 12:46:54 - [MESSAGE][PASSED] - Verify element property value successfully]]></system-out>
         <system-err><![CDATA[]]></system-err>
      </testcase>
      <testcase name="Test Cases/3. get token - feedback insurance" time="2.272" classname="Test Cases/3. get token - feedback insurance" status="PASSED">
         <system-out><![CDATA[2022-03-29 12:46:54 - [TEST_CASE][PASSED] - Test Cases/3. get token - feedback insurance: Test Cases/3. get token - feedback insurance

2022-03-29 12:46:54 - [TEST_STEP][PASSED] - token = sendRequest(findTestObject("1. Get-Token")): Send request successfully

2022-03-29 12:46:55 - [MESSAGE][INFO] - HAR: I:\app-testing\app-project\Order car insurance\order-car-insurance\Reports\20220329_124138\3. Get feedback insurance - Batch 1\20220329_124139\requests\main\218.har

2022-03-29 12:46:55 - [MESSAGE][PASSED] - Send request successfully

2022-03-29 12:46:55 - [TEST_STEP][PASSED] - slurper = new groovy.json.JsonSlurper(): null

2022-03-29 12:46:55 - [TEST_STEP][PASSED] - get_token = slurper.parseText(token.getResponseBodyContent()): null

2022-03-29 12:46:55 - [TEST_STEP][PASSED] - private_token = access_token: null

2022-03-29 12:46:55 - [TEST_STEP][PASSED] - global_token = private_token: null

2022-03-29 12:46:55 - [TEST_STEP][PASSED] - println("token is :" + global_token): null

2022-03-29 12:46:55 - [TEST_STEP][PASSED] - response_token = token.getResponseText(): null

2022-03-29 12:46:55 - [TEST_STEP][PASSED] - logInfo($response_token): {"fault":{"faultstring":"Access Denied for client ip : 8.29.105.53","detail":{"errorcode":"accesscontrol.IPDeniedAccess"}}}

2022-03-29 12:46:55 - [MESSAGE][INFO] - {"fault":{"faultstring":"Access Denied for client ip : 8.29.105.53","detail":{"errorcode":"accesscontrol.IPDeniedAccess"}}}

2022-03-29 12:46:55 - [TEST_STEP][PASSED] - feedback = sendRequest(findTestObject("4. Feedback-ins", ["s_key":global_token, "batchid":batchid, "norek":norek, "nopin":nopin, "custname":custname, "pemohon":pemohon, "branchid":branchid, ... ])): Send request successfully

2022-03-29 12:46:56 - [MESSAGE][INFO] - HAR: I:\app-testing\app-project\Order car insurance\order-car-insurance\Reports\20220329_124138\3. Get feedback insurance - Batch 1\20220329_124139\requests\main\219.har

2022-03-29 12:46:56 - [MESSAGE][PASSED] - Send request successfully

2022-03-29 12:46:56 - [TEST_STEP][PASSED] - response_feedback = feedback.getResponseText(): null

2022-03-29 12:46:56 - [TEST_STEP][PASSED] - markPassed("result feedback data : " + no + " norek : " + norek + " nopin : " + nopin): result feedback data : 156 norek : 9490013445 nopin : 001

2022-03-29 12:46:56 - [MESSAGE][PASSED] - result feedback data : 156 norek : 9490013445 nopin : 001

2022-03-29 12:46:56 - [TEST_STEP][PASSED] - logInfo($response_feedback): {
  "FeedbackCarInsuranceResponse" : {
    "errorCode" : "00",
    "errorMessage" : "Sukses"
  }
}

2022-03-29 12:46:56 - [MESSAGE][INFO] - {
  "FeedbackCarInsuranceResponse" : {
    "errorCode" : "00",
    "errorMessage" : "Sukses"
  }
}

2022-03-29 12:46:56 - [TEST_STEP][PASSED] - verifyElementPropertyValue(feedback, "FeedbackCarInsuranceResponse.errorMessage", "Sukses", CONTINUE_ON_FAILURE): Verify element property value successfully

2022-03-29 12:46:56 - [MESSAGE][PASSED] - Verify element property value successfully]]></system-out>
         <system-err><![CDATA[]]></system-err>
      </testcase>
      <testcase name="Test Cases/3. get token - feedback insurance" time="1.931" classname="Test Cases/3. get token - feedback insurance" status="PASSED">
         <system-out><![CDATA[2022-03-29 12:46:57 - [TEST_CASE][PASSED] - Test Cases/3. get token - feedback insurance: Test Cases/3. get token - feedback insurance

2022-03-29 12:46:57 - [TEST_STEP][PASSED] - token = sendRequest(findTestObject("1. Get-Token")): Send request successfully

2022-03-29 12:46:58 - [MESSAGE][INFO] - HAR: I:\app-testing\app-project\Order car insurance\order-car-insurance\Reports\20220329_124138\3. Get feedback insurance - Batch 1\20220329_124139\requests\main\220.har

2022-03-29 12:46:58 - [MESSAGE][PASSED] - Send request successfully

2022-03-29 12:46:58 - [TEST_STEP][PASSED] - slurper = new groovy.json.JsonSlurper(): null

2022-03-29 12:46:58 - [TEST_STEP][PASSED] - get_token = slurper.parseText(token.getResponseBodyContent()): null

2022-03-29 12:46:58 - [TEST_STEP][PASSED] - private_token = access_token: null

2022-03-29 12:46:58 - [TEST_STEP][PASSED] - global_token = private_token: null

2022-03-29 12:46:58 - [TEST_STEP][PASSED] - println("token is :" + global_token): null

2022-03-29 12:46:58 - [TEST_STEP][PASSED] - response_token = token.getResponseText(): null

2022-03-29 12:46:58 - [TEST_STEP][PASSED] - logInfo($response_token): {"fault":{"faultstring":"Access Denied for client ip : 8.29.105.53","detail":{"errorcode":"accesscontrol.IPDeniedAccess"}}}

2022-03-29 12:46:58 - [MESSAGE][INFO] - {"fault":{"faultstring":"Access Denied for client ip : 8.29.105.53","detail":{"errorcode":"accesscontrol.IPDeniedAccess"}}}

2022-03-29 12:46:58 - [TEST_STEP][PASSED] - feedback = sendRequest(findTestObject("4. Feedback-ins", ["s_key":global_token, "batchid":batchid, "norek":norek, "nopin":nopin, "custname":custname, "pemohon":pemohon, "branchid":branchid, ... ])): Send request successfully

2022-03-29 12:46:59 - [MESSAGE][INFO] - HAR: I:\app-testing\app-project\Order car insurance\order-car-insurance\Reports\20220329_124138\3. Get feedback insurance - Batch 1\20220329_124139\requests\main\221.har

2022-03-29 12:46:59 - [MESSAGE][PASSED] - Send request successfully

2022-03-29 12:46:59 - [TEST_STEP][PASSED] - response_feedback = feedback.getResponseText(): null

2022-03-29 12:46:59 - [TEST_STEP][PASSED] - markPassed("result feedback data : " + no + " norek : " + norek + " nopin : " + nopin): result feedback data : 157 norek : 9490013483 nopin : 001

2022-03-29 12:46:59 - [MESSAGE][PASSED] - result feedback data : 157 norek : 9490013483 nopin : 001

2022-03-29 12:46:59 - [TEST_STEP][PASSED] - logInfo($response_feedback): {
  "FeedbackCarInsuranceResponse" : {
    "errorCode" : "00",
    "errorMessage" : "Sukses"
  }
}

2022-03-29 12:46:59 - [MESSAGE][INFO] - {
  "FeedbackCarInsuranceResponse" : {
    "errorCode" : "00",
    "errorMessage" : "Sukses"
  }
}

2022-03-29 12:46:59 - [TEST_STEP][PASSED] - verifyElementPropertyValue(feedback, "FeedbackCarInsuranceResponse.errorMessage", "Sukses", CONTINUE_ON_FAILURE): Verify element property value successfully

2022-03-29 12:46:59 - [MESSAGE][PASSED] - Verify element property value successfully]]></system-out>
         <system-err><![CDATA[]]></system-err>
      </testcase>
      <testcase name="Test Cases/3. get token - feedback insurance" time="1.447" classname="Test Cases/3. get token - feedback insurance" status="PASSED">
         <system-out><![CDATA[2022-03-29 12:46:59 - [TEST_CASE][PASSED] - Test Cases/3. get token - feedback insurance: Test Cases/3. get token - feedback insurance

2022-03-29 12:46:59 - [TEST_STEP][PASSED] - token = sendRequest(findTestObject("1. Get-Token")): Send request successfully

2022-03-29 12:47:00 - [MESSAGE][INFO] - HAR: I:\app-testing\app-project\Order car insurance\order-car-insurance\Reports\20220329_124138\3. Get feedback insurance - Batch 1\20220329_124139\requests\main\222.har

2022-03-29 12:47:00 - [MESSAGE][PASSED] - Send request successfully

2022-03-29 12:47:00 - [TEST_STEP][PASSED] - slurper = new groovy.json.JsonSlurper(): null

2022-03-29 12:47:00 - [TEST_STEP][PASSED] - get_token = slurper.parseText(token.getResponseBodyContent()): null

2022-03-29 12:47:00 - [TEST_STEP][PASSED] - private_token = access_token: null

2022-03-29 12:47:00 - [TEST_STEP][PASSED] - global_token = private_token: null

2022-03-29 12:47:00 - [TEST_STEP][PASSED] - println("token is :" + global_token): null

2022-03-29 12:47:00 - [TEST_STEP][PASSED] - response_token = token.getResponseText(): null

2022-03-29 12:47:00 - [TEST_STEP][PASSED] - logInfo($response_token): {"fault":{"faultstring":"Access Denied for client ip : 8.29.105.53","detail":{"errorcode":"accesscontrol.IPDeniedAccess"}}}

2022-03-29 12:47:00 - [MESSAGE][INFO] - {"fault":{"faultstring":"Access Denied for client ip : 8.29.105.53","detail":{"errorcode":"accesscontrol.IPDeniedAccess"}}}

2022-03-29 12:47:00 - [TEST_STEP][PASSED] - feedback = sendRequest(findTestObject("4. Feedback-ins", ["s_key":global_token, "batchid":batchid, "norek":norek, "nopin":nopin, "custname":custname, "pemohon":pemohon, "branchid":branchid, ... ])): Send request successfully

2022-03-29 12:47:00 - [MESSAGE][INFO] - HAR: I:\app-testing\app-project\Order car insurance\order-car-insurance\Reports\20220329_124138\3. Get feedback insurance - Batch 1\20220329_124139\requests\main\223.har

2022-03-29 12:47:00 - [MESSAGE][PASSED] - Send request successfully

2022-03-29 12:47:00 - [TEST_STEP][PASSED] - response_feedback = feedback.getResponseText(): null

2022-03-29 12:47:00 - [TEST_STEP][PASSED] - markPassed("result feedback data : " + no + " norek : " + norek + " nopin : " + nopin): result feedback data : 158 norek : 9490013483 nopin : 001

2022-03-29 12:47:00 - [MESSAGE][PASSED] - result feedback data : 158 norek : 9490013483 nopin : 001

2022-03-29 12:47:00 - [TEST_STEP][PASSED] - logInfo($response_feedback): {
  "FeedbackCarInsuranceResponse" : {
    "errorCode" : "00",
    "errorMessage" : "Sukses"
  }
}

2022-03-29 12:47:00 - [MESSAGE][INFO] - {
  "FeedbackCarInsuranceResponse" : {
    "errorCode" : "00",
    "errorMessage" : "Sukses"
  }
}

2022-03-29 12:47:00 - [TEST_STEP][PASSED] - verifyElementPropertyValue(feedback, "FeedbackCarInsuranceResponse.errorMessage", "Sukses", CONTINUE_ON_FAILURE): Verify element property value successfully

2022-03-29 12:47:01 - [MESSAGE][PASSED] - Verify element property value successfully]]></system-out>
         <system-err><![CDATA[]]></system-err>
      </testcase>
      <testcase name="Test Cases/3. get token - feedback insurance" time="3.432" classname="Test Cases/3. get token - feedback insurance" status="PASSED">
         <system-out><![CDATA[2022-03-29 12:47:01 - [TEST_CASE][PASSED] - Test Cases/3. get token - feedback insurance: Test Cases/3. get token - feedback insurance

2022-03-29 12:47:01 - [TEST_STEP][PASSED] - token = sendRequest(findTestObject("1. Get-Token")): Send request successfully

2022-03-29 12:47:01 - [MESSAGE][INFO] - HAR: I:\app-testing\app-project\Order car insurance\order-car-insurance\Reports\20220329_124138\3. Get feedback insurance - Batch 1\20220329_124139\requests\main\224.har

2022-03-29 12:47:01 - [MESSAGE][PASSED] - Send request successfully

2022-03-29 12:47:01 - [TEST_STEP][PASSED] - slurper = new groovy.json.JsonSlurper(): null

2022-03-29 12:47:01 - [TEST_STEP][PASSED] - get_token = slurper.parseText(token.getResponseBodyContent()): null

2022-03-29 12:47:01 - [TEST_STEP][PASSED] - private_token = access_token: null

2022-03-29 12:47:01 - [TEST_STEP][PASSED] - global_token = private_token: null

2022-03-29 12:47:01 - [TEST_STEP][PASSED] - println("token is :" + global_token): null

2022-03-29 12:47:01 - [TEST_STEP][PASSED] - response_token = token.getResponseText(): null

2022-03-29 12:47:01 - [TEST_STEP][PASSED] - logInfo($response_token): {"fault":{"faultstring":"Access Denied for client ip : 8.29.105.53","detail":{"errorcode":"accesscontrol.IPDeniedAccess"}}}

2022-03-29 12:47:01 - [MESSAGE][INFO] - {"fault":{"faultstring":"Access Denied for client ip : 8.29.105.53","detail":{"errorcode":"accesscontrol.IPDeniedAccess"}}}

2022-03-29 12:47:01 - [TEST_STEP][PASSED] - feedback = sendRequest(findTestObject("4. Feedback-ins", ["s_key":global_token, "batchid":batchid, "norek":norek, "nopin":nopin, "custname":custname, "pemohon":pemohon, "branchid":branchid, ... ])): Send request successfully

2022-03-29 12:47:04 - [MESSAGE][INFO] - HAR: I:\app-testing\app-project\Order car insurance\order-car-insurance\Reports\20220329_124138\3. Get feedback insurance - Batch 1\20220329_124139\requests\main\225.har

2022-03-29 12:47:04 - [MESSAGE][PASSED] - Send request successfully

2022-03-29 12:47:04 - [TEST_STEP][PASSED] - response_feedback = feedback.getResponseText(): null

2022-03-29 12:47:04 - [TEST_STEP][PASSED] - markPassed("result feedback data : " + no + " norek : " + norek + " nopin : " + nopin): result feedback data : 159 norek : 9490013483 nopin : 001

2022-03-29 12:47:04 - [MESSAGE][PASSED] - result feedback data : 159 norek : 9490013483 nopin : 001

2022-03-29 12:47:04 - [TEST_STEP][PASSED] - logInfo($response_feedback): {
  "FeedbackCarInsuranceResponse" : {
    "errorCode" : "00",
    "errorMessage" : "Sukses"
  }
}

2022-03-29 12:47:04 - [MESSAGE][INFO] - {
  "FeedbackCarInsuranceResponse" : {
    "errorCode" : "00",
    "errorMessage" : "Sukses"
  }
}

2022-03-29 12:47:04 - [TEST_STEP][PASSED] - verifyElementPropertyValue(feedback, "FeedbackCarInsuranceResponse.errorMessage", "Sukses", CONTINUE_ON_FAILURE): Verify element property value successfully

2022-03-29 12:47:04 - [MESSAGE][PASSED] - Verify element property value successfully]]></system-out>
         <system-err><![CDATA[]]></system-err>
      </testcase>
      <testcase name="Test Cases/3. get token - feedback insurance" time="2.923" classname="Test Cases/3. get token - feedback insurance" status="PASSED">
         <system-out><![CDATA[2022-03-29 12:47:05 - [TEST_CASE][PASSED] - Test Cases/3. get token - feedback insurance: Test Cases/3. get token - feedback insurance

2022-03-29 12:47:05 - [TEST_STEP][PASSED] - token = sendRequest(findTestObject("1. Get-Token")): Send request successfully

2022-03-29 12:47:05 - [MESSAGE][INFO] - HAR: I:\app-testing\app-project\Order car insurance\order-car-insurance\Reports\20220329_124138\3. Get feedback insurance - Batch 1\20220329_124139\requests\main\226.har

2022-03-29 12:47:05 - [MESSAGE][PASSED] - Send request successfully

2022-03-29 12:47:05 - [TEST_STEP][PASSED] - slurper = new groovy.json.JsonSlurper(): null

2022-03-29 12:47:05 - [TEST_STEP][PASSED] - get_token = slurper.parseText(token.getResponseBodyContent()): null

2022-03-29 12:47:05 - [TEST_STEP][PASSED] - private_token = access_token: null

2022-03-29 12:47:05 - [TEST_STEP][PASSED] - global_token = private_token: null

2022-03-29 12:47:05 - [TEST_STEP][PASSED] - println("token is :" + global_token): null

2022-03-29 12:47:05 - [TEST_STEP][PASSED] - response_token = token.getResponseText(): null

2022-03-29 12:47:05 - [TEST_STEP][PASSED] - logInfo($response_token): {"fault":{"faultstring":"Access Denied for client ip : 8.29.105.53","detail":{"errorcode":"accesscontrol.IPDeniedAccess"}}}

2022-03-29 12:47:05 - [MESSAGE][INFO] - {"fault":{"faultstring":"Access Denied for client ip : 8.29.105.53","detail":{"errorcode":"accesscontrol.IPDeniedAccess"}}}

2022-03-29 12:47:05 - [TEST_STEP][PASSED] - feedback = sendRequest(findTestObject("4. Feedback-ins", ["s_key":global_token, "batchid":batchid, "norek":norek, "nopin":nopin, "custname":custname, "pemohon":pemohon, "branchid":branchid, ... ])): Send request successfully

2022-03-29 12:47:08 - [MESSAGE][INFO] - HAR: I:\app-testing\app-project\Order car insurance\order-car-insurance\Reports\20220329_124138\3. Get feedback insurance - Batch 1\20220329_124139\requests\main\227.har

2022-03-29 12:47:08 - [MESSAGE][PASSED] - Send request successfully

2022-03-29 12:47:08 - [TEST_STEP][PASSED] - response_feedback = feedback.getResponseText(): null

2022-03-29 12:47:08 - [TEST_STEP][PASSED] - markPassed("result feedback data : " + no + " norek : " + norek + " nopin : " + nopin): result feedback data : 160 norek : 9490013483 nopin : 001

2022-03-29 12:47:08 - [MESSAGE][PASSED] - result feedback data : 160 norek : 9490013483 nopin : 001

2022-03-29 12:47:08 - [TEST_STEP][PASSED] - logInfo($response_feedback): {
  "FeedbackCarInsuranceResponse" : {
    "errorCode" : "00",
    "errorMessage" : "Sukses"
  }
}

2022-03-29 12:47:08 - [MESSAGE][INFO] - {
  "FeedbackCarInsuranceResponse" : {
    "errorCode" : "00",
    "errorMessage" : "Sukses"
  }
}

2022-03-29 12:47:08 - [TEST_STEP][PASSED] - verifyElementPropertyValue(feedback, "FeedbackCarInsuranceResponse.errorMessage", "Sukses", CONTINUE_ON_FAILURE): Verify element property value successfully

2022-03-29 12:47:08 - [MESSAGE][PASSED] - Verify element property value successfully]]></system-out>
         <system-err><![CDATA[]]></system-err>
      </testcase>
      <testcase name="Test Cases/3. get token - feedback insurance" time="106.041" classname="Test Cases/3. get token - feedback insurance" status="PASSED">
         <system-out><![CDATA[2022-03-29 12:47:08 - [TEST_CASE][PASSED] - Test Cases/3. get token - feedback insurance: Test Cases/3. get token - feedback insurance

2022-03-29 12:48:53 - [TEST_STEP][PASSED] - token = sendRequest(findTestObject("1. Get-Token")): Send request successfully

2022-03-29 12:48:53 - [MESSAGE][INFO] - HAR: I:\app-testing\app-project\Order car insurance\order-car-insurance\Reports\20220329_124138\3. Get feedback insurance - Batch 1\20220329_124139\requests\main\228.har

2022-03-29 12:48:53 - [MESSAGE][PASSED] - Send request successfully

2022-03-29 12:48:53 - [TEST_STEP][PASSED] - slurper = new groovy.json.JsonSlurper(): null

2022-03-29 12:48:53 - [TEST_STEP][PASSED] - get_token = slurper.parseText(token.getResponseBodyContent()): null

2022-03-29 12:48:53 - [TEST_STEP][PASSED] - private_token = access_token: null

2022-03-29 12:48:53 - [TEST_STEP][PASSED] - global_token = private_token: null

2022-03-29 12:48:53 - [TEST_STEP][PASSED] - println("token is :" + global_token): null

2022-03-29 12:48:53 - [TEST_STEP][PASSED] - response_token = token.getResponseText(): null

2022-03-29 12:48:53 - [TEST_STEP][PASSED] - logInfo($response_token): {"fault":{"faultstring":"Access Denied for client ip : 8.29.105.53","detail":{"errorcode":"accesscontrol.IPDeniedAccess"}}}

2022-03-29 12:48:53 - [MESSAGE][INFO] - {"fault":{"faultstring":"Access Denied for client ip : 8.29.105.53","detail":{"errorcode":"accesscontrol.IPDeniedAccess"}}}

2022-03-29 12:48:53 - [TEST_STEP][PASSED] - feedback = sendRequest(findTestObject("4. Feedback-ins", ["s_key":global_token, "batchid":batchid, "norek":norek, "nopin":nopin, "custname":custname, "pemohon":pemohon, "branchid":branchid, ... ])): Send request successfully

2022-03-29 12:48:54 - [MESSAGE][INFO] - HAR: I:\app-testing\app-project\Order car insurance\order-car-insurance\Reports\20220329_124138\3. Get feedback insurance - Batch 1\20220329_124139\requests\main\229.har

2022-03-29 12:48:54 - [MESSAGE][PASSED] - Send request successfully

2022-03-29 12:48:54 - [TEST_STEP][PASSED] - response_feedback = feedback.getResponseText(): null

2022-03-29 12:48:54 - [TEST_STEP][PASSED] - markPassed("result feedback data : " + no + " norek : " + norek + " nopin : " + nopin): result feedback data : 161 norek : 9490013483 nopin : 001

2022-03-29 12:48:54 - [MESSAGE][PASSED] - result feedback data : 161 norek : 9490013483 nopin : 001

2022-03-29 12:48:54 - [TEST_STEP][PASSED] - logInfo($response_feedback): {
  "FeedbackCarInsuranceResponse" : {
    "errorCode" : "00",
    "errorMessage" : "Sukses"
  }
}

2022-03-29 12:48:54 - [MESSAGE][INFO] - {
  "FeedbackCarInsuranceResponse" : {
    "errorCode" : "00",
    "errorMessage" : "Sukses"
  }
}

2022-03-29 12:48:54 - [TEST_STEP][PASSED] - verifyElementPropertyValue(feedback, "FeedbackCarInsuranceResponse.errorMessage", "Sukses", CONTINUE_ON_FAILURE): Verify element property value successfully

2022-03-29 12:48:54 - [MESSAGE][PASSED] - Verify element property value successfully]]></system-out>
         <system-err><![CDATA[]]></system-err>
      </testcase>
      <testcase name="Test Cases/3. get token - feedback insurance" time="1.407" classname="Test Cases/3. get token - feedback insurance" status="PASSED">
         <system-out><![CDATA[2022-03-29 12:48:54 - [TEST_CASE][PASSED] - Test Cases/3. get token - feedback insurance: Test Cases/3. get token - feedback insurance

2022-03-29 12:48:54 - [TEST_STEP][PASSED] - token = sendRequest(findTestObject("1. Get-Token")): Send request successfully

2022-03-29 12:48:55 - [MESSAGE][INFO] - HAR: I:\app-testing\app-project\Order car insurance\order-car-insurance\Reports\20220329_124138\3. Get feedback insurance - Batch 1\20220329_124139\requests\main\230.har

2022-03-29 12:48:55 - [MESSAGE][PASSED] - Send request successfully

2022-03-29 12:48:55 - [TEST_STEP][PASSED] - slurper = new groovy.json.JsonSlurper(): null

2022-03-29 12:48:55 - [TEST_STEP][PASSED] - get_token = slurper.parseText(token.getResponseBodyContent()): null

2022-03-29 12:48:55 - [TEST_STEP][PASSED] - private_token = access_token: null

2022-03-29 12:48:55 - [TEST_STEP][PASSED] - global_token = private_token: null

2022-03-29 12:48:55 - [TEST_STEP][PASSED] - println("token is :" + global_token): null

2022-03-29 12:48:55 - [TEST_STEP][PASSED] - response_token = token.getResponseText(): null

2022-03-29 12:48:55 - [TEST_STEP][PASSED] - logInfo($response_token): {"fault":{"faultstring":"Access Denied for client ip : 8.29.105.53","detail":{"errorcode":"accesscontrol.IPDeniedAccess"}}}

2022-03-29 12:48:55 - [MESSAGE][INFO] - {"fault":{"faultstring":"Access Denied for client ip : 8.29.105.53","detail":{"errorcode":"accesscontrol.IPDeniedAccess"}}}

2022-03-29 12:48:55 - [TEST_STEP][PASSED] - feedback = sendRequest(findTestObject("4. Feedback-ins", ["s_key":global_token, "batchid":batchid, "norek":norek, "nopin":nopin, "custname":custname, "pemohon":pemohon, "branchid":branchid, ... ])): Send request successfully

2022-03-29 12:48:56 - [MESSAGE][INFO] - HAR: I:\app-testing\app-project\Order car insurance\order-car-insurance\Reports\20220329_124138\3. Get feedback insurance - Batch 1\20220329_124139\requests\main\231.har

2022-03-29 12:48:56 - [MESSAGE][PASSED] - Send request successfully

2022-03-29 12:48:56 - [TEST_STEP][PASSED] - response_feedback = feedback.getResponseText(): null

2022-03-29 12:48:56 - [TEST_STEP][PASSED] - markPassed("result feedback data : " + no + " norek : " + norek + " nopin : " + nopin): result feedback data : 162 norek : 9490013483 nopin : 001

2022-03-29 12:48:56 - [MESSAGE][PASSED] - result feedback data : 162 norek : 9490013483 nopin : 001

2022-03-29 12:48:56 - [TEST_STEP][PASSED] - logInfo($response_feedback): {
  "FeedbackCarInsuranceResponse" : {
    "errorCode" : "00",
    "errorMessage" : "Sukses"
  }
}

2022-03-29 12:48:56 - [MESSAGE][INFO] - {
  "FeedbackCarInsuranceResponse" : {
    "errorCode" : "00",
    "errorMessage" : "Sukses"
  }
}

2022-03-29 12:48:56 - [TEST_STEP][PASSED] - verifyElementPropertyValue(feedback, "FeedbackCarInsuranceResponse.errorMessage", "Sukses", CONTINUE_ON_FAILURE): Verify element property value successfully

2022-03-29 12:48:56 - [MESSAGE][PASSED] - Verify element property value successfully]]></system-out>
         <system-err><![CDATA[]]></system-err>
      </testcase>
      <testcase name="Test Cases/3. get token - feedback insurance" time="1.4" classname="Test Cases/3. get token - feedback insurance" status="PASSED">
         <system-out><![CDATA[2022-03-29 12:48:56 - [TEST_CASE][PASSED] - Test Cases/3. get token - feedback insurance: Test Cases/3. get token - feedback insurance

2022-03-29 12:48:56 - [TEST_STEP][PASSED] - token = sendRequest(findTestObject("1. Get-Token")): Send request successfully

2022-03-29 12:48:57 - [MESSAGE][INFO] - HAR: I:\app-testing\app-project\Order car insurance\order-car-insurance\Reports\20220329_124138\3. Get feedback insurance - Batch 1\20220329_124139\requests\main\232.har

2022-03-29 12:48:57 - [MESSAGE][PASSED] - Send request successfully

2022-03-29 12:48:57 - [TEST_STEP][PASSED] - slurper = new groovy.json.JsonSlurper(): null

2022-03-29 12:48:57 - [TEST_STEP][PASSED] - get_token = slurper.parseText(token.getResponseBodyContent()): null

2022-03-29 12:48:57 - [TEST_STEP][PASSED] - private_token = access_token: null

2022-03-29 12:48:57 - [TEST_STEP][PASSED] - global_token = private_token: null

2022-03-29 12:48:57 - [TEST_STEP][PASSED] - println("token is :" + global_token): null

2022-03-29 12:48:57 - [TEST_STEP][PASSED] - response_token = token.getResponseText(): null

2022-03-29 12:48:57 - [TEST_STEP][PASSED] - logInfo($response_token): {"fault":{"faultstring":"Access Denied for client ip : 8.29.105.53","detail":{"errorcode":"accesscontrol.IPDeniedAccess"}}}

2022-03-29 12:48:57 - [MESSAGE][INFO] - {"fault":{"faultstring":"Access Denied for client ip : 8.29.105.53","detail":{"errorcode":"accesscontrol.IPDeniedAccess"}}}

2022-03-29 12:48:57 - [TEST_STEP][PASSED] - feedback = sendRequest(findTestObject("4. Feedback-ins", ["s_key":global_token, "batchid":batchid, "norek":norek, "nopin":nopin, "custname":custname, "pemohon":pemohon, "branchid":branchid, ... ])): Send request successfully

2022-03-29 12:48:58 - [MESSAGE][INFO] - HAR: I:\app-testing\app-project\Order car insurance\order-car-insurance\Reports\20220329_124138\3. Get feedback insurance - Batch 1\20220329_124139\requests\main\233.har

2022-03-29 12:48:58 - [MESSAGE][PASSED] - Send request successfully

2022-03-29 12:48:58 - [TEST_STEP][PASSED] - response_feedback = feedback.getResponseText(): null

2022-03-29 12:48:58 - [TEST_STEP][PASSED] - markPassed("result feedback data : " + no + " norek : " + norek + " nopin : " + nopin): result feedback data : 163 norek : 9490013483 nopin : 001

2022-03-29 12:48:58 - [MESSAGE][PASSED] - result feedback data : 163 norek : 9490013483 nopin : 001

2022-03-29 12:48:58 - [TEST_STEP][PASSED] - logInfo($response_feedback): {
  "FeedbackCarInsuranceResponse" : {
    "errorCode" : "00",
    "errorMessage" : "Sukses"
  }
}

2022-03-29 12:48:58 - [MESSAGE][INFO] - {
  "FeedbackCarInsuranceResponse" : {
    "errorCode" : "00",
    "errorMessage" : "Sukses"
  }
}

2022-03-29 12:48:58 - [TEST_STEP][PASSED] - verifyElementPropertyValue(feedback, "FeedbackCarInsuranceResponse.errorMessage", "Sukses", CONTINUE_ON_FAILURE): Verify element property value successfully

2022-03-29 12:48:58 - [MESSAGE][PASSED] - Verify element property value successfully]]></system-out>
         <system-err><![CDATA[]]></system-err>
      </testcase>
      <testcase name="Test Cases/3. get token - feedback insurance" time="1.403" classname="Test Cases/3. get token - feedback insurance" status="PASSED">
         <system-out><![CDATA[2022-03-29 12:48:58 - [TEST_CASE][PASSED] - Test Cases/3. get token - feedback insurance: Test Cases/3. get token - feedback insurance

2022-03-29 12:48:58 - [TEST_STEP][PASSED] - token = sendRequest(findTestObject("1. Get-Token")): Send request successfully

2022-03-29 12:48:58 - [MESSAGE][INFO] - HAR: I:\app-testing\app-project\Order car insurance\order-car-insurance\Reports\20220329_124138\3. Get feedback insurance - Batch 1\20220329_124139\requests\main\234.har

2022-03-29 12:48:58 - [MESSAGE][PASSED] - Send request successfully

2022-03-29 12:48:58 - [TEST_STEP][PASSED] - slurper = new groovy.json.JsonSlurper(): null

2022-03-29 12:48:58 - [TEST_STEP][PASSED] - get_token = slurper.parseText(token.getResponseBodyContent()): null

2022-03-29 12:48:58 - [TEST_STEP][PASSED] - private_token = access_token: null

2022-03-29 12:48:58 - [TEST_STEP][PASSED] - global_token = private_token: null

2022-03-29 12:48:58 - [TEST_STEP][PASSED] - println("token is :" + global_token): null

2022-03-29 12:48:58 - [TEST_STEP][PASSED] - response_token = token.getResponseText(): null

2022-03-29 12:48:58 - [TEST_STEP][PASSED] - logInfo($response_token): {"fault":{"faultstring":"Access Denied for client ip : 8.29.105.53","detail":{"errorcode":"accesscontrol.IPDeniedAccess"}}}

2022-03-29 12:48:58 - [MESSAGE][INFO] - {"fault":{"faultstring":"Access Denied for client ip : 8.29.105.53","detail":{"errorcode":"accesscontrol.IPDeniedAccess"}}}

2022-03-29 12:48:58 - [TEST_STEP][PASSED] - feedback = sendRequest(findTestObject("4. Feedback-ins", ["s_key":global_token, "batchid":batchid, "norek":norek, "nopin":nopin, "custname":custname, "pemohon":pemohon, "branchid":branchid, ... ])): Send request successfully

2022-03-29 12:48:59 - [MESSAGE][INFO] - HAR: I:\app-testing\app-project\Order car insurance\order-car-insurance\Reports\20220329_124138\3. Get feedback insurance - Batch 1\20220329_124139\requests\main\235.har

2022-03-29 12:48:59 - [MESSAGE][PASSED] - Send request successfully

2022-03-29 12:48:59 - [TEST_STEP][PASSED] - response_feedback = feedback.getResponseText(): null

2022-03-29 12:48:59 - [TEST_STEP][PASSED] - markPassed("result feedback data : " + no + " norek : " + norek + " nopin : " + nopin): result feedback data : 164 norek : 9490013483 nopin : 001

2022-03-29 12:48:59 - [MESSAGE][PASSED] - result feedback data : 164 norek : 9490013483 nopin : 001

2022-03-29 12:48:59 - [TEST_STEP][PASSED] - logInfo($response_feedback): {
  "FeedbackCarInsuranceResponse" : {
    "errorCode" : "00",
    "errorMessage" : "Sukses"
  }
}

2022-03-29 12:48:59 - [MESSAGE][INFO] - {
  "FeedbackCarInsuranceResponse" : {
    "errorCode" : "00",
    "errorMessage" : "Sukses"
  }
}

2022-03-29 12:48:59 - [TEST_STEP][PASSED] - verifyElementPropertyValue(feedback, "FeedbackCarInsuranceResponse.errorMessage", "Sukses", CONTINUE_ON_FAILURE): Verify element property value successfully

2022-03-29 12:48:59 - [MESSAGE][PASSED] - Verify element property value successfully]]></system-out>
         <system-err><![CDATA[]]></system-err>
      </testcase>
      <testcase name="Test Cases/3. get token - feedback insurance" time="1.407" classname="Test Cases/3. get token - feedback insurance" status="PASSED">
         <system-out><![CDATA[2022-03-29 12:49:00 - [TEST_CASE][PASSED] - Test Cases/3. get token - feedback insurance: Test Cases/3. get token - feedback insurance

2022-03-29 12:49:00 - [TEST_STEP][PASSED] - token = sendRequest(findTestObject("1. Get-Token")): Send request successfully

2022-03-29 12:49:00 - [MESSAGE][INFO] - HAR: I:\app-testing\app-project\Order car insurance\order-car-insurance\Reports\20220329_124138\3. Get feedback insurance - Batch 1\20220329_124139\requests\main\236.har

2022-03-29 12:49:00 - [MESSAGE][PASSED] - Send request successfully

2022-03-29 12:49:00 - [TEST_STEP][PASSED] - slurper = new groovy.json.JsonSlurper(): null

2022-03-29 12:49:00 - [TEST_STEP][PASSED] - get_token = slurper.parseText(token.getResponseBodyContent()): null

2022-03-29 12:49:00 - [TEST_STEP][PASSED] - private_token = access_token: null

2022-03-29 12:49:00 - [TEST_STEP][PASSED] - global_token = private_token: null

2022-03-29 12:49:00 - [TEST_STEP][PASSED] - println("token is :" + global_token): null

2022-03-29 12:49:00 - [TEST_STEP][PASSED] - response_token = token.getResponseText(): null

2022-03-29 12:49:00 - [TEST_STEP][PASSED] - logInfo($response_token): {"fault":{"faultstring":"Access Denied for client ip : 8.29.105.53","detail":{"errorcode":"accesscontrol.IPDeniedAccess"}}}

2022-03-29 12:49:00 - [MESSAGE][INFO] - {"fault":{"faultstring":"Access Denied for client ip : 8.29.105.53","detail":{"errorcode":"accesscontrol.IPDeniedAccess"}}}

2022-03-29 12:49:00 - [TEST_STEP][PASSED] - feedback = sendRequest(findTestObject("4. Feedback-ins", ["s_key":global_token, "batchid":batchid, "norek":norek, "nopin":nopin, "custname":custname, "pemohon":pemohon, "branchid":branchid, ... ])): Send request successfully

2022-03-29 12:49:01 - [MESSAGE][INFO] - HAR: I:\app-testing\app-project\Order car insurance\order-car-insurance\Reports\20220329_124138\3. Get feedback insurance - Batch 1\20220329_124139\requests\main\237.har

2022-03-29 12:49:01 - [MESSAGE][PASSED] - Send request successfully

2022-03-29 12:49:01 - [TEST_STEP][PASSED] - response_feedback = feedback.getResponseText(): null

2022-03-29 12:49:01 - [TEST_STEP][PASSED] - markPassed("result feedback data : " + no + " norek : " + norek + " nopin : " + nopin): result feedback data : 165 norek : 9490013483 nopin : 001

2022-03-29 12:49:01 - [MESSAGE][PASSED] - result feedback data : 165 norek : 9490013483 nopin : 001

2022-03-29 12:49:01 - [TEST_STEP][PASSED] - logInfo($response_feedback): {
  "FeedbackCarInsuranceResponse" : {
    "errorCode" : "00",
    "errorMessage" : "Sukses"
  }
}

2022-03-29 12:49:01 - [MESSAGE][INFO] - {
  "FeedbackCarInsuranceResponse" : {
    "errorCode" : "00",
    "errorMessage" : "Sukses"
  }
}

2022-03-29 12:49:01 - [TEST_STEP][PASSED] - verifyElementPropertyValue(feedback, "FeedbackCarInsuranceResponse.errorMessage", "Sukses", CONTINUE_ON_FAILURE): Verify element property value successfully

2022-03-29 12:49:01 - [MESSAGE][PASSED] - Verify element property value successfully]]></system-out>
         <system-err><![CDATA[]]></system-err>
      </testcase>
      <testcase name="Test Cases/3. get token - feedback insurance" time="1.385" classname="Test Cases/3. get token - feedback insurance" status="PASSED">
         <system-out><![CDATA[2022-03-29 12:49:02 - [TEST_CASE][PASSED] - Test Cases/3. get token - feedback insurance: Test Cases/3. get token - feedback insurance

2022-03-29 12:49:02 - [TEST_STEP][PASSED] - token = sendRequest(findTestObject("1. Get-Token")): Send request successfully

2022-03-29 12:49:02 - [MESSAGE][INFO] - HAR: I:\app-testing\app-project\Order car insurance\order-car-insurance\Reports\20220329_124138\3. Get feedback insurance - Batch 1\20220329_124139\requests\main\238.har

2022-03-29 12:49:02 - [MESSAGE][PASSED] - Send request successfully

2022-03-29 12:49:02 - [TEST_STEP][PASSED] - slurper = new groovy.json.JsonSlurper(): null

2022-03-29 12:49:02 - [TEST_STEP][PASSED] - get_token = slurper.parseText(token.getResponseBodyContent()): null

2022-03-29 12:49:02 - [TEST_STEP][PASSED] - private_token = access_token: null

2022-03-29 12:49:02 - [TEST_STEP][PASSED] - global_token = private_token: null

2022-03-29 12:49:02 - [TEST_STEP][PASSED] - println("token is :" + global_token): null

2022-03-29 12:49:02 - [TEST_STEP][PASSED] - response_token = token.getResponseText(): null

2022-03-29 12:49:02 - [TEST_STEP][PASSED] - logInfo($response_token): {"fault":{"faultstring":"Access Denied for client ip : 8.29.105.53","detail":{"errorcode":"accesscontrol.IPDeniedAccess"}}}

2022-03-29 12:49:02 - [MESSAGE][INFO] - {"fault":{"faultstring":"Access Denied for client ip : 8.29.105.53","detail":{"errorcode":"accesscontrol.IPDeniedAccess"}}}

2022-03-29 12:49:02 - [TEST_STEP][PASSED] - feedback = sendRequest(findTestObject("4. Feedback-ins", ["s_key":global_token, "batchid":batchid, "norek":norek, "nopin":nopin, "custname":custname, "pemohon":pemohon, "branchid":branchid, ... ])): Send request successfully

2022-03-29 12:49:03 - [MESSAGE][INFO] - HAR: I:\app-testing\app-project\Order car insurance\order-car-insurance\Reports\20220329_124138\3. Get feedback insurance - Batch 1\20220329_124139\requests\main\239.har

2022-03-29 12:49:03 - [MESSAGE][PASSED] - Send request successfully

2022-03-29 12:49:03 - [TEST_STEP][PASSED] - response_feedback = feedback.getResponseText(): null

2022-03-29 12:49:03 - [TEST_STEP][PASSED] - markPassed("result feedback data : " + no + " norek : " + norek + " nopin : " + nopin): result feedback data : 166 norek : 9490013483 nopin : 001

2022-03-29 12:49:03 - [MESSAGE][PASSED] - result feedback data : 166 norek : 9490013483 nopin : 001

2022-03-29 12:49:03 - [TEST_STEP][PASSED] - logInfo($response_feedback): {
  "FeedbackCarInsuranceResponse" : {
    "errorCode" : "00",
    "errorMessage" : "Sukses"
  }
}

2022-03-29 12:49:03 - [MESSAGE][INFO] - {
  "FeedbackCarInsuranceResponse" : {
    "errorCode" : "00",
    "errorMessage" : "Sukses"
  }
}

2022-03-29 12:49:03 - [TEST_STEP][PASSED] - verifyElementPropertyValue(feedback, "FeedbackCarInsuranceResponse.errorMessage", "Sukses", CONTINUE_ON_FAILURE): Verify element property value successfully

2022-03-29 12:49:03 - [MESSAGE][PASSED] - Verify element property value successfully]]></system-out>
         <system-err><![CDATA[]]></system-err>
      </testcase>
      <testcase name="Test Cases/3. get token - feedback insurance" time="1.616" classname="Test Cases/3. get token - feedback insurance" status="PASSED">
         <system-out><![CDATA[2022-03-29 12:49:03 - [TEST_CASE][PASSED] - Test Cases/3. get token - feedback insurance: Test Cases/3. get token - feedback insurance

2022-03-29 12:49:03 - [TEST_STEP][PASSED] - token = sendRequest(findTestObject("1. Get-Token")): Send request successfully

2022-03-29 12:49:04 - [MESSAGE][INFO] - HAR: I:\app-testing\app-project\Order car insurance\order-car-insurance\Reports\20220329_124138\3. Get feedback insurance - Batch 1\20220329_124139\requests\main\240.har

2022-03-29 12:49:04 - [MESSAGE][PASSED] - Send request successfully

2022-03-29 12:49:04 - [TEST_STEP][PASSED] - slurper = new groovy.json.JsonSlurper(): null

2022-03-29 12:49:04 - [TEST_STEP][PASSED] - get_token = slurper.parseText(token.getResponseBodyContent()): null

2022-03-29 12:49:04 - [TEST_STEP][PASSED] - private_token = access_token: null

2022-03-29 12:49:04 - [TEST_STEP][PASSED] - global_token = private_token: null

2022-03-29 12:49:04 - [TEST_STEP][PASSED] - println("token is :" + global_token): null

2022-03-29 12:49:04 - [TEST_STEP][PASSED] - response_token = token.getResponseText(): null

2022-03-29 12:49:04 - [TEST_STEP][PASSED] - logInfo($response_token): {"fault":{"faultstring":"Access Denied for client ip : 8.29.105.53","detail":{"errorcode":"accesscontrol.IPDeniedAccess"}}}

2022-03-29 12:49:04 - [MESSAGE][INFO] - {"fault":{"faultstring":"Access Denied for client ip : 8.29.105.53","detail":{"errorcode":"accesscontrol.IPDeniedAccess"}}}

2022-03-29 12:49:04 - [TEST_STEP][PASSED] - feedback = sendRequest(findTestObject("4. Feedback-ins", ["s_key":global_token, "batchid":batchid, "norek":norek, "nopin":nopin, "custname":custname, "pemohon":pemohon, "branchid":branchid, ... ])): Send request successfully

2022-03-29 12:49:05 - [MESSAGE][INFO] - HAR: I:\app-testing\app-project\Order car insurance\order-car-insurance\Reports\20220329_124138\3. Get feedback insurance - Batch 1\20220329_124139\requests\main\241.har

2022-03-29 12:49:05 - [MESSAGE][PASSED] - Send request successfully

2022-03-29 12:49:05 - [TEST_STEP][PASSED] - response_feedback = feedback.getResponseText(): null

2022-03-29 12:49:05 - [TEST_STEP][PASSED] - markPassed("result feedback data : " + no + " norek : " + norek + " nopin : " + nopin): result feedback data : 167 norek : 9494001142 nopin : 003

2022-03-29 12:49:05 - [MESSAGE][PASSED] - result feedback data : 167 norek : 9494001142 nopin : 003

2022-03-29 12:49:05 - [TEST_STEP][PASSED] - logInfo($response_feedback): {
  "FeedbackCarInsuranceResponse" : {
    "errorCode" : "00",
    "errorMessage" : "Sukses"
  }
}

2022-03-29 12:49:05 - [MESSAGE][INFO] - {
  "FeedbackCarInsuranceResponse" : {
    "errorCode" : "00",
    "errorMessage" : "Sukses"
  }
}

2022-03-29 12:49:05 - [TEST_STEP][PASSED] - verifyElementPropertyValue(feedback, "FeedbackCarInsuranceResponse.errorMessage", "Sukses", CONTINUE_ON_FAILURE): Verify element property value successfully

2022-03-29 12:49:05 - [MESSAGE][PASSED] - Verify element property value successfully]]></system-out>
         <system-err><![CDATA[]]></system-err>
      </testcase>
      <testcase name="Test Cases/3. get token - feedback insurance" time="4.008" classname="Test Cases/3. get token - feedback insurance" status="PASSED">
         <system-out><![CDATA[2022-03-29 12:49:05 - [TEST_CASE][PASSED] - Test Cases/3. get token - feedback insurance: Test Cases/3. get token - feedback insurance

2022-03-29 12:49:05 - [TEST_STEP][PASSED] - token = sendRequest(findTestObject("1. Get-Token")): Send request successfully

2022-03-29 12:49:06 - [MESSAGE][INFO] - HAR: I:\app-testing\app-project\Order car insurance\order-car-insurance\Reports\20220329_124138\3. Get feedback insurance - Batch 1\20220329_124139\requests\main\242.har

2022-03-29 12:49:06 - [MESSAGE][PASSED] - Send request successfully

2022-03-29 12:49:06 - [TEST_STEP][PASSED] - slurper = new groovy.json.JsonSlurper(): null

2022-03-29 12:49:06 - [TEST_STEP][PASSED] - get_token = slurper.parseText(token.getResponseBodyContent()): null

2022-03-29 12:49:06 - [TEST_STEP][PASSED] - private_token = access_token: null

2022-03-29 12:49:06 - [TEST_STEP][PASSED] - global_token = private_token: null

2022-03-29 12:49:06 - [TEST_STEP][PASSED] - println("token is :" + global_token): null

2022-03-29 12:49:06 - [TEST_STEP][PASSED] - response_token = token.getResponseText(): null

2022-03-29 12:49:06 - [TEST_STEP][PASSED] - logInfo($response_token): {"fault":{"faultstring":"Access Denied for client ip : 8.29.105.53","detail":{"errorcode":"accesscontrol.IPDeniedAccess"}}}

2022-03-29 12:49:06 - [MESSAGE][INFO] - {"fault":{"faultstring":"Access Denied for client ip : 8.29.105.53","detail":{"errorcode":"accesscontrol.IPDeniedAccess"}}}

2022-03-29 12:49:06 - [TEST_STEP][PASSED] - feedback = sendRequest(findTestObject("4. Feedback-ins", ["s_key":global_token, "batchid":batchid, "norek":norek, "nopin":nopin, "custname":custname, "pemohon":pemohon, "branchid":branchid, ... ])): Send request successfully

2022-03-29 12:49:09 - [MESSAGE][INFO] - HAR: I:\app-testing\app-project\Order car insurance\order-car-insurance\Reports\20220329_124138\3. Get feedback insurance - Batch 1\20220329_124139\requests\main\243.har

2022-03-29 12:49:09 - [MESSAGE][PASSED] - Send request successfully

2022-03-29 12:49:09 - [TEST_STEP][PASSED] - response_feedback = feedback.getResponseText(): null

2022-03-29 12:49:09 - [TEST_STEP][PASSED] - markPassed("result feedback data : " + no + " norek : " + norek + " nopin : " + nopin): result feedback data : 168 norek : 9494001142 nopin : 003

2022-03-29 12:49:09 - [MESSAGE][PASSED] - result feedback data : 168 norek : 9494001142 nopin : 003

2022-03-29 12:49:09 - [TEST_STEP][PASSED] - logInfo($response_feedback): {
  "FeedbackCarInsuranceResponse" : {
    "errorCode" : "00",
    "errorMessage" : "Sukses"
  }
}

2022-03-29 12:49:09 - [MESSAGE][INFO] - {
  "FeedbackCarInsuranceResponse" : {
    "errorCode" : "00",
    "errorMessage" : "Sukses"
  }
}

2022-03-29 12:49:09 - [TEST_STEP][PASSED] - verifyElementPropertyValue(feedback, "FeedbackCarInsuranceResponse.errorMessage", "Sukses", CONTINUE_ON_FAILURE): Verify element property value successfully

2022-03-29 12:49:09 - [MESSAGE][PASSED] - Verify element property value successfully]]></system-out>
         <system-err><![CDATA[]]></system-err>
      </testcase>
      <testcase name="Test Cases/3. get token - feedback insurance" time="1.409" classname="Test Cases/3. get token - feedback insurance" status="PASSED">
         <system-out><![CDATA[2022-03-29 12:49:10 - [TEST_CASE][PASSED] - Test Cases/3. get token - feedback insurance: Test Cases/3. get token - feedback insurance

2022-03-29 12:49:10 - [TEST_STEP][PASSED] - token = sendRequest(findTestObject("1. Get-Token")): Send request successfully

2022-03-29 12:49:10 - [MESSAGE][INFO] - HAR: I:\app-testing\app-project\Order car insurance\order-car-insurance\Reports\20220329_124138\3. Get feedback insurance - Batch 1\20220329_124139\requests\main\244.har

2022-03-29 12:49:10 - [MESSAGE][PASSED] - Send request successfully

2022-03-29 12:49:10 - [TEST_STEP][PASSED] - slurper = new groovy.json.JsonSlurper(): null

2022-03-29 12:49:10 - [TEST_STEP][PASSED] - get_token = slurper.parseText(token.getResponseBodyContent()): null

2022-03-29 12:49:10 - [TEST_STEP][PASSED] - private_token = access_token: null

2022-03-29 12:49:10 - [TEST_STEP][PASSED] - global_token = private_token: null

2022-03-29 12:49:10 - [TEST_STEP][PASSED] - println("token is :" + global_token): null

2022-03-29 12:49:10 - [TEST_STEP][PASSED] - response_token = token.getResponseText(): null

2022-03-29 12:49:10 - [TEST_STEP][PASSED] - logInfo($response_token): {"fault":{"faultstring":"Access Denied for client ip : 8.29.105.53","detail":{"errorcode":"accesscontrol.IPDeniedAccess"}}}

2022-03-29 12:49:10 - [MESSAGE][INFO] - {"fault":{"faultstring":"Access Denied for client ip : 8.29.105.53","detail":{"errorcode":"accesscontrol.IPDeniedAccess"}}}

2022-03-29 12:49:10 - [TEST_STEP][PASSED] - feedback = sendRequest(findTestObject("4. Feedback-ins", ["s_key":global_token, "batchid":batchid, "norek":norek, "nopin":nopin, "custname":custname, "pemohon":pemohon, "branchid":branchid, ... ])): Send request successfully

2022-03-29 12:49:11 - [MESSAGE][INFO] - HAR: I:\app-testing\app-project\Order car insurance\order-car-insurance\Reports\20220329_124138\3. Get feedback insurance - Batch 1\20220329_124139\requests\main\245.har

2022-03-29 12:49:11 - [MESSAGE][PASSED] - Send request successfully

2022-03-29 12:49:11 - [TEST_STEP][PASSED] - response_feedback = feedback.getResponseText(): null

2022-03-29 12:49:11 - [TEST_STEP][PASSED] - markPassed("result feedback data : " + no + " norek : " + norek + " nopin : " + nopin): result feedback data : 169 norek : 9494001142 nopin : 003

2022-03-29 12:49:11 - [MESSAGE][PASSED] - result feedback data : 169 norek : 9494001142 nopin : 003

2022-03-29 12:49:11 - [TEST_STEP][PASSED] - logInfo($response_feedback): {
  "FeedbackCarInsuranceResponse" : {
    "errorCode" : "00",
    "errorMessage" : "Sukses"
  }
}

2022-03-29 12:49:11 - [MESSAGE][INFO] - {
  "FeedbackCarInsuranceResponse" : {
    "errorCode" : "00",
    "errorMessage" : "Sukses"
  }
}

2022-03-29 12:49:11 - [TEST_STEP][PASSED] - verifyElementPropertyValue(feedback, "FeedbackCarInsuranceResponse.errorMessage", "Sukses", CONTINUE_ON_FAILURE): Verify element property value successfully

2022-03-29 12:49:11 - [MESSAGE][PASSED] - Verify element property value successfully]]></system-out>
         <system-err><![CDATA[]]></system-err>
      </testcase>
      <testcase name="Test Cases/3. get token - feedback insurance" time="1.61" classname="Test Cases/3. get token - feedback insurance" status="PASSED">
         <system-out><![CDATA[2022-03-29 12:49:12 - [TEST_CASE][PASSED] - Test Cases/3. get token - feedback insurance: Test Cases/3. get token - feedback insurance

2022-03-29 12:49:12 - [TEST_STEP][PASSED] - token = sendRequest(findTestObject("1. Get-Token")): Send request successfully

2022-03-29 12:49:12 - [MESSAGE][INFO] - HAR: I:\app-testing\app-project\Order car insurance\order-car-insurance\Reports\20220329_124138\3. Get feedback insurance - Batch 1\20220329_124139\requests\main\246.har

2022-03-29 12:49:12 - [MESSAGE][PASSED] - Send request successfully

2022-03-29 12:49:12 - [TEST_STEP][PASSED] - slurper = new groovy.json.JsonSlurper(): null

2022-03-29 12:49:12 - [TEST_STEP][PASSED] - get_token = slurper.parseText(token.getResponseBodyContent()): null

2022-03-29 12:49:12 - [TEST_STEP][PASSED] - private_token = access_token: null

2022-03-29 12:49:12 - [TEST_STEP][PASSED] - global_token = private_token: null

2022-03-29 12:49:12 - [TEST_STEP][PASSED] - println("token is :" + global_token): null

2022-03-29 12:49:12 - [TEST_STEP][PASSED] - response_token = token.getResponseText(): null

2022-03-29 12:49:12 - [TEST_STEP][PASSED] - logInfo($response_token): {"fault":{"faultstring":"Access Denied for client ip : 8.29.105.53","detail":{"errorcode":"accesscontrol.IPDeniedAccess"}}}

2022-03-29 12:49:12 - [MESSAGE][INFO] - {"fault":{"faultstring":"Access Denied for client ip : 8.29.105.53","detail":{"errorcode":"accesscontrol.IPDeniedAccess"}}}

2022-03-29 12:49:12 - [TEST_STEP][PASSED] - feedback = sendRequest(findTestObject("4. Feedback-ins", ["s_key":global_token, "batchid":batchid, "norek":norek, "nopin":nopin, "custname":custname, "pemohon":pemohon, "branchid":branchid, ... ])): Send request successfully

2022-03-29 12:49:13 - [MESSAGE][INFO] - HAR: I:\app-testing\app-project\Order car insurance\order-car-insurance\Reports\20220329_124138\3. Get feedback insurance - Batch 1\20220329_124139\requests\main\247.har

2022-03-29 12:49:13 - [MESSAGE][PASSED] - Send request successfully

2022-03-29 12:49:13 - [TEST_STEP][PASSED] - response_feedback = feedback.getResponseText(): null

2022-03-29 12:49:13 - [TEST_STEP][PASSED] - markPassed("result feedback data : " + no + " norek : " + norek + " nopin : " + nopin): result feedback data : 170 norek : 9494001633 nopin : 001

2022-03-29 12:49:13 - [MESSAGE][PASSED] - result feedback data : 170 norek : 9494001633 nopin : 001

2022-03-29 12:49:13 - [TEST_STEP][PASSED] - logInfo($response_feedback): {
  "FeedbackCarInsuranceResponse" : {
    "errorCode" : "00",
    "errorMessage" : "Sukses"
  }
}

2022-03-29 12:49:13 - [MESSAGE][INFO] - {
  "FeedbackCarInsuranceResponse" : {
    "errorCode" : "00",
    "errorMessage" : "Sukses"
  }
}

2022-03-29 12:49:13 - [TEST_STEP][PASSED] - verifyElementPropertyValue(feedback, "FeedbackCarInsuranceResponse.errorMessage", "Sukses", CONTINUE_ON_FAILURE): Verify element property value successfully

2022-03-29 12:49:13 - [MESSAGE][PASSED] - Verify element property value successfully]]></system-out>
         <system-err><![CDATA[]]></system-err>
      </testcase>
      <testcase name="Test Cases/3. get token - feedback insurance" time="1.444" classname="Test Cases/3. get token - feedback insurance" status="PASSED">
         <system-out><![CDATA[2022-03-29 12:49:14 - [TEST_CASE][PASSED] - Test Cases/3. get token - feedback insurance: Test Cases/3. get token - feedback insurance

2022-03-29 12:49:14 - [TEST_STEP][PASSED] - token = sendRequest(findTestObject("1. Get-Token")): Send request successfully

2022-03-29 12:49:14 - [MESSAGE][INFO] - HAR: I:\app-testing\app-project\Order car insurance\order-car-insurance\Reports\20220329_124138\3. Get feedback insurance - Batch 1\20220329_124139\requests\main\248.har

2022-03-29 12:49:14 - [MESSAGE][PASSED] - Send request successfully

2022-03-29 12:49:14 - [TEST_STEP][PASSED] - slurper = new groovy.json.JsonSlurper(): null

2022-03-29 12:49:14 - [TEST_STEP][PASSED] - get_token = slurper.parseText(token.getResponseBodyContent()): null

2022-03-29 12:49:14 - [TEST_STEP][PASSED] - private_token = access_token: null

2022-03-29 12:49:14 - [TEST_STEP][PASSED] - global_token = private_token: null

2022-03-29 12:49:14 - [TEST_STEP][PASSED] - println("token is :" + global_token): null

2022-03-29 12:49:14 - [TEST_STEP][PASSED] - response_token = token.getResponseText(): null

2022-03-29 12:49:14 - [TEST_STEP][PASSED] - logInfo($response_token): {"fault":{"faultstring":"Access Denied for client ip : 8.29.105.53","detail":{"errorcode":"accesscontrol.IPDeniedAccess"}}}

2022-03-29 12:49:14 - [MESSAGE][INFO] - {"fault":{"faultstring":"Access Denied for client ip : 8.29.105.53","detail":{"errorcode":"accesscontrol.IPDeniedAccess"}}}

2022-03-29 12:49:14 - [TEST_STEP][PASSED] - feedback = sendRequest(findTestObject("4. Feedback-ins", ["s_key":global_token, "batchid":batchid, "norek":norek, "nopin":nopin, "custname":custname, "pemohon":pemohon, "branchid":branchid, ... ])): Send request successfully

2022-03-29 12:49:15 - [MESSAGE][INFO] - HAR: I:\app-testing\app-project\Order car insurance\order-car-insurance\Reports\20220329_124138\3. Get feedback insurance - Batch 1\20220329_124139\requests\main\249.har

2022-03-29 12:49:15 - [MESSAGE][PASSED] - Send request successfully

2022-03-29 12:49:15 - [TEST_STEP][PASSED] - response_feedback = feedback.getResponseText(): null

2022-03-29 12:49:15 - [TEST_STEP][PASSED] - markPassed("result feedback data : " + no + " norek : " + norek + " nopin : " + nopin): result feedback data : 171 norek : 9494001633 nopin : 001

2022-03-29 12:49:15 - [MESSAGE][PASSED] - result feedback data : 171 norek : 9494001633 nopin : 001

2022-03-29 12:49:15 - [TEST_STEP][PASSED] - logInfo($response_feedback): {
  "FeedbackCarInsuranceResponse" : {
    "errorCode" : "00",
    "errorMessage" : "Sukses"
  }
}

2022-03-29 12:49:15 - [MESSAGE][INFO] - {
  "FeedbackCarInsuranceResponse" : {
    "errorCode" : "00",
    "errorMessage" : "Sukses"
  }
}

2022-03-29 12:49:15 - [TEST_STEP][PASSED] - verifyElementPropertyValue(feedback, "FeedbackCarInsuranceResponse.errorMessage", "Sukses", CONTINUE_ON_FAILURE): Verify element property value successfully

2022-03-29 12:49:15 - [MESSAGE][PASSED] - Verify element property value successfully]]></system-out>
         <system-err><![CDATA[]]></system-err>
      </testcase>
      <testcase name="Test Cases/3. get token - feedback insurance" time="1.911" classname="Test Cases/3. get token - feedback insurance" status="PASSED">
         <system-out><![CDATA[2022-03-29 12:49:15 - [TEST_CASE][PASSED] - Test Cases/3. get token - feedback insurance: Test Cases/3. get token - feedback insurance

2022-03-29 12:49:15 - [TEST_STEP][PASSED] - token = sendRequest(findTestObject("1. Get-Token")): Send request successfully

2022-03-29 12:49:16 - [MESSAGE][INFO] - HAR: I:\app-testing\app-project\Order car insurance\order-car-insurance\Reports\20220329_124138\3. Get feedback insurance - Batch 1\20220329_124139\requests\main\250.har

2022-03-29 12:49:16 - [MESSAGE][PASSED] - Send request successfully

2022-03-29 12:49:16 - [TEST_STEP][PASSED] - slurper = new groovy.json.JsonSlurper(): null

2022-03-29 12:49:16 - [TEST_STEP][PASSED] - get_token = slurper.parseText(token.getResponseBodyContent()): null

2022-03-29 12:49:16 - [TEST_STEP][PASSED] - private_token = access_token: null

2022-03-29 12:49:16 - [TEST_STEP][PASSED] - global_token = private_token: null

2022-03-29 12:49:16 - [TEST_STEP][PASSED] - println("token is :" + global_token): null

2022-03-29 12:49:16 - [TEST_STEP][PASSED] - response_token = token.getResponseText(): null

2022-03-29 12:49:16 - [TEST_STEP][PASSED] - logInfo($response_token): {"fault":{"faultstring":"Access Denied for client ip : 8.29.105.53","detail":{"errorcode":"accesscontrol.IPDeniedAccess"}}}

2022-03-29 12:49:16 - [MESSAGE][INFO] - {"fault":{"faultstring":"Access Denied for client ip : 8.29.105.53","detail":{"errorcode":"accesscontrol.IPDeniedAccess"}}}

2022-03-29 12:49:16 - [TEST_STEP][PASSED] - feedback = sendRequest(findTestObject("4. Feedback-ins", ["s_key":global_token, "batchid":batchid, "norek":norek, "nopin":nopin, "custname":custname, "pemohon":pemohon, "branchid":branchid, ... ])): Send request successfully

2022-03-29 12:49:17 - [MESSAGE][INFO] - HAR: I:\app-testing\app-project\Order car insurance\order-car-insurance\Reports\20220329_124138\3. Get feedback insurance - Batch 1\20220329_124139\requests\main\251.har

2022-03-29 12:49:17 - [MESSAGE][PASSED] - Send request successfully

2022-03-29 12:49:17 - [TEST_STEP][PASSED] - response_feedback = feedback.getResponseText(): null

2022-03-29 12:49:17 - [TEST_STEP][PASSED] - markPassed("result feedback data : " + no + " norek : " + norek + " nopin : " + nopin): result feedback data : 172 norek : 9494001633 nopin : 001

2022-03-29 12:49:17 - [MESSAGE][PASSED] - result feedback data : 172 norek : 9494001633 nopin : 001

2022-03-29 12:49:17 - [TEST_STEP][PASSED] - logInfo($response_feedback): {
  "FeedbackCarInsuranceResponse" : {
    "errorCode" : "00",
    "errorMessage" : "Sukses"
  }
}

2022-03-29 12:49:17 - [MESSAGE][INFO] - {
  "FeedbackCarInsuranceResponse" : {
    "errorCode" : "00",
    "errorMessage" : "Sukses"
  }
}

2022-03-29 12:49:17 - [TEST_STEP][PASSED] - verifyElementPropertyValue(feedback, "FeedbackCarInsuranceResponse.errorMessage", "Sukses", CONTINUE_ON_FAILURE): Verify element property value successfully

2022-03-29 12:49:17 - [MESSAGE][PASSED] - Verify element property value successfully]]></system-out>
         <system-err><![CDATA[]]></system-err>
      </testcase>
      <testcase name="Test Cases/3. get token - feedback insurance" time="1.444" classname="Test Cases/3. get token - feedback insurance" status="PASSED">
         <system-out><![CDATA[2022-03-29 12:49:18 - [TEST_CASE][PASSED] - Test Cases/3. get token - feedback insurance: Test Cases/3. get token - feedback insurance

2022-03-29 12:49:18 - [TEST_STEP][PASSED] - token = sendRequest(findTestObject("1. Get-Token")): Send request successfully

2022-03-29 12:49:18 - [MESSAGE][INFO] - HAR: I:\app-testing\app-project\Order car insurance\order-car-insurance\Reports\20220329_124138\3. Get feedback insurance - Batch 1\20220329_124139\requests\main\252.har

2022-03-29 12:49:18 - [MESSAGE][PASSED] - Send request successfully

2022-03-29 12:49:18 - [TEST_STEP][PASSED] - slurper = new groovy.json.JsonSlurper(): null

2022-03-29 12:49:18 - [TEST_STEP][PASSED] - get_token = slurper.parseText(token.getResponseBodyContent()): null

2022-03-29 12:49:18 - [TEST_STEP][PASSED] - private_token = access_token: null

2022-03-29 12:49:18 - [TEST_STEP][PASSED] - global_token = private_token: null

2022-03-29 12:49:18 - [TEST_STEP][PASSED] - println("token is :" + global_token): null

2022-03-29 12:49:18 - [TEST_STEP][PASSED] - response_token = token.getResponseText(): null

2022-03-29 12:49:18 - [TEST_STEP][PASSED] - logInfo($response_token): {"fault":{"faultstring":"Access Denied for client ip : 8.29.105.53","detail":{"errorcode":"accesscontrol.IPDeniedAccess"}}}

2022-03-29 12:49:18 - [MESSAGE][INFO] - {"fault":{"faultstring":"Access Denied for client ip : 8.29.105.53","detail":{"errorcode":"accesscontrol.IPDeniedAccess"}}}

2022-03-29 12:49:18 - [TEST_STEP][PASSED] - feedback = sendRequest(findTestObject("4. Feedback-ins", ["s_key":global_token, "batchid":batchid, "norek":norek, "nopin":nopin, "custname":custname, "pemohon":pemohon, "branchid":branchid, ... ])): Send request successfully

2022-03-29 12:49:19 - [MESSAGE][INFO] - HAR: I:\app-testing\app-project\Order car insurance\order-car-insurance\Reports\20220329_124138\3. Get feedback insurance - Batch 1\20220329_124139\requests\main\253.har

2022-03-29 12:49:19 - [MESSAGE][PASSED] - Send request successfully

2022-03-29 12:49:19 - [TEST_STEP][PASSED] - response_feedback = feedback.getResponseText(): null

2022-03-29 12:49:19 - [TEST_STEP][PASSED] - markPassed("result feedback data : " + no + " norek : " + norek + " nopin : " + nopin): result feedback data : 173 norek : 9494001633 nopin : 001

2022-03-29 12:49:19 - [MESSAGE][PASSED] - result feedback data : 173 norek : 9494001633 nopin : 001

2022-03-29 12:49:19 - [TEST_STEP][PASSED] - logInfo($response_feedback): {
  "FeedbackCarInsuranceResponse" : {
    "errorCode" : "00",
    "errorMessage" : "Sukses"
  }
}

2022-03-29 12:49:19 - [MESSAGE][INFO] - {
  "FeedbackCarInsuranceResponse" : {
    "errorCode" : "00",
    "errorMessage" : "Sukses"
  }
}

2022-03-29 12:49:19 - [TEST_STEP][PASSED] - verifyElementPropertyValue(feedback, "FeedbackCarInsuranceResponse.errorMessage", "Sukses", CONTINUE_ON_FAILURE): Verify element property value successfully

2022-03-29 12:49:19 - [MESSAGE][PASSED] - Verify element property value successfully]]></system-out>
         <system-err><![CDATA[]]></system-err>
      </testcase>
      <testcase name="Test Cases/3. get token - feedback insurance" time="1.537" classname="Test Cases/3. get token - feedback insurance" status="PASSED">
         <system-out><![CDATA[2022-03-29 12:49:19 - [TEST_CASE][PASSED] - Test Cases/3. get token - feedback insurance: Test Cases/3. get token - feedback insurance

2022-03-29 12:49:20 - [TEST_STEP][PASSED] - token = sendRequest(findTestObject("1. Get-Token")): Send request successfully

2022-03-29 12:49:20 - [MESSAGE][INFO] - HAR: I:\app-testing\app-project\Order car insurance\order-car-insurance\Reports\20220329_124138\3. Get feedback insurance - Batch 1\20220329_124139\requests\main\254.har

2022-03-29 12:49:20 - [MESSAGE][PASSED] - Send request successfully

2022-03-29 12:49:20 - [TEST_STEP][PASSED] - slurper = new groovy.json.JsonSlurper(): null

2022-03-29 12:49:20 - [TEST_STEP][PASSED] - get_token = slurper.parseText(token.getResponseBodyContent()): null

2022-03-29 12:49:20 - [TEST_STEP][PASSED] - private_token = access_token: null

2022-03-29 12:49:20 - [TEST_STEP][PASSED] - global_token = private_token: null

2022-03-29 12:49:20 - [TEST_STEP][PASSED] - println("token is :" + global_token): null

2022-03-29 12:49:20 - [TEST_STEP][PASSED] - response_token = token.getResponseText(): null

2022-03-29 12:49:20 - [TEST_STEP][PASSED] - logInfo($response_token): {"fault":{"faultstring":"Access Denied for client ip : 8.29.105.53","detail":{"errorcode":"accesscontrol.IPDeniedAccess"}}}

2022-03-29 12:49:20 - [MESSAGE][INFO] - {"fault":{"faultstring":"Access Denied for client ip : 8.29.105.53","detail":{"errorcode":"accesscontrol.IPDeniedAccess"}}}

2022-03-29 12:49:20 - [TEST_STEP][PASSED] - feedback = sendRequest(findTestObject("4. Feedback-ins", ["s_key":global_token, "batchid":batchid, "norek":norek, "nopin":nopin, "custname":custname, "pemohon":pemohon, "branchid":branchid, ... ])): Send request successfully

2022-03-29 12:49:21 - [MESSAGE][INFO] - HAR: I:\app-testing\app-project\Order car insurance\order-car-insurance\Reports\20220329_124138\3. Get feedback insurance - Batch 1\20220329_124139\requests\main\255.har

2022-03-29 12:49:21 - [MESSAGE][PASSED] - Send request successfully

2022-03-29 12:49:21 - [TEST_STEP][PASSED] - response_feedback = feedback.getResponseText(): null

2022-03-29 12:49:21 - [TEST_STEP][PASSED] - markPassed("result feedback data : " + no + " norek : " + norek + " nopin : " + nopin): result feedback data : 174 norek : 9494001635 nopin : 001

2022-03-29 12:49:21 - [MESSAGE][PASSED] - result feedback data : 174 norek : 9494001635 nopin : 001

2022-03-29 12:49:21 - [TEST_STEP][PASSED] - logInfo($response_feedback): {
  "FeedbackCarInsuranceResponse" : {
    "errorCode" : "00",
    "errorMessage" : "Sukses"
  }
}

2022-03-29 12:49:21 - [MESSAGE][INFO] - {
  "FeedbackCarInsuranceResponse" : {
    "errorCode" : "00",
    "errorMessage" : "Sukses"
  }
}

2022-03-29 12:49:21 - [TEST_STEP][PASSED] - verifyElementPropertyValue(feedback, "FeedbackCarInsuranceResponse.errorMessage", "Sukses", CONTINUE_ON_FAILURE): Verify element property value successfully

2022-03-29 12:49:21 - [MESSAGE][PASSED] - Verify element property value successfully]]></system-out>
         <system-err><![CDATA[]]></system-err>
      </testcase>
      <testcase name="Test Cases/3. get token - feedback insurance" time="1.441" classname="Test Cases/3. get token - feedback insurance" status="PASSED">
         <system-out><![CDATA[2022-03-29 12:49:22 - [TEST_CASE][PASSED] - Test Cases/3. get token - feedback insurance: Test Cases/3. get token - feedback insurance

2022-03-29 12:49:22 - [TEST_STEP][PASSED] - token = sendRequest(findTestObject("1. Get-Token")): Send request successfully

2022-03-29 12:49:23 - [MESSAGE][INFO] - HAR: I:\app-testing\app-project\Order car insurance\order-car-insurance\Reports\20220329_124138\3. Get feedback insurance - Batch 1\20220329_124139\requests\main\256.har

2022-03-29 12:49:23 - [MESSAGE][PASSED] - Send request successfully

2022-03-29 12:49:23 - [TEST_STEP][PASSED] - slurper = new groovy.json.JsonSlurper(): null

2022-03-29 12:49:23 - [TEST_STEP][PASSED] - get_token = slurper.parseText(token.getResponseBodyContent()): null

2022-03-29 12:49:23 - [TEST_STEP][PASSED] - private_token = access_token: null

2022-03-29 12:49:23 - [TEST_STEP][PASSED] - global_token = private_token: null

2022-03-29 12:49:23 - [TEST_STEP][PASSED] - println("token is :" + global_token): null

2022-03-29 12:49:23 - [TEST_STEP][PASSED] - response_token = token.getResponseText(): null

2022-03-29 12:49:23 - [TEST_STEP][PASSED] - logInfo($response_token): {"fault":{"faultstring":"Access Denied for client ip : 8.29.105.53","detail":{"errorcode":"accesscontrol.IPDeniedAccess"}}}

2022-03-29 12:49:23 - [MESSAGE][INFO] - {"fault":{"faultstring":"Access Denied for client ip : 8.29.105.53","detail":{"errorcode":"accesscontrol.IPDeniedAccess"}}}

2022-03-29 12:49:23 - [TEST_STEP][PASSED] - feedback = sendRequest(findTestObject("4. Feedback-ins", ["s_key":global_token, "batchid":batchid, "norek":norek, "nopin":nopin, "custname":custname, "pemohon":pemohon, "branchid":branchid, ... ])): Send request successfully

2022-03-29 12:49:24 - [MESSAGE][INFO] - HAR: I:\app-testing\app-project\Order car insurance\order-car-insurance\Reports\20220329_124138\3. Get feedback insurance - Batch 1\20220329_124139\requests\main\257.har

2022-03-29 12:49:24 - [MESSAGE][PASSED] - Send request successfully

2022-03-29 12:49:24 - [TEST_STEP][PASSED] - response_feedback = feedback.getResponseText(): null

2022-03-29 12:49:24 - [TEST_STEP][PASSED] - markPassed("result feedback data : " + no + " norek : " + norek + " nopin : " + nopin): result feedback data : 175 norek : 9494001635 nopin : 001

2022-03-29 12:49:24 - [MESSAGE][PASSED] - result feedback data : 175 norek : 9494001635 nopin : 001

2022-03-29 12:49:24 - [TEST_STEP][PASSED] - logInfo($response_feedback): {
  "FeedbackCarInsuranceResponse" : {
    "errorCode" : "00",
    "errorMessage" : "Sukses"
  }
}

2022-03-29 12:49:24 - [MESSAGE][INFO] - {
  "FeedbackCarInsuranceResponse" : {
    "errorCode" : "00",
    "errorMessage" : "Sukses"
  }
}

2022-03-29 12:49:24 - [TEST_STEP][PASSED] - verifyElementPropertyValue(feedback, "FeedbackCarInsuranceResponse.errorMessage", "Sukses", CONTINUE_ON_FAILURE): Verify element property value successfully

2022-03-29 12:49:24 - [MESSAGE][PASSED] - Verify element property value successfully]]></system-out>
         <system-err><![CDATA[]]></system-err>
      </testcase>
      <testcase name="Test Cases/3. get token - feedback insurance" time="3.0" classname="Test Cases/3. get token - feedback insurance" status="PASSED">
         <system-out><![CDATA[2022-03-29 12:49:24 - [TEST_CASE][PASSED] - Test Cases/3. get token - feedback insurance: Test Cases/3. get token - feedback insurance

2022-03-29 12:49:24 - [TEST_STEP][PASSED] - token = sendRequest(findTestObject("1. Get-Token")): Send request successfully

2022-03-29 12:49:24 - [MESSAGE][INFO] - HAR: I:\app-testing\app-project\Order car insurance\order-car-insurance\Reports\20220329_124138\3. Get feedback insurance - Batch 1\20220329_124139\requests\main\258.har

2022-03-29 12:49:24 - [MESSAGE][PASSED] - Send request successfully

2022-03-29 12:49:24 - [TEST_STEP][PASSED] - slurper = new groovy.json.JsonSlurper(): null

2022-03-29 12:49:24 - [TEST_STEP][PASSED] - get_token = slurper.parseText(token.getResponseBodyContent()): null

2022-03-29 12:49:24 - [TEST_STEP][PASSED] - private_token = access_token: null

2022-03-29 12:49:24 - [TEST_STEP][PASSED] - global_token = private_token: null

2022-03-29 12:49:24 - [TEST_STEP][PASSED] - println("token is :" + global_token): null

2022-03-29 12:49:24 - [TEST_STEP][PASSED] - response_token = token.getResponseText(): null

2022-03-29 12:49:24 - [TEST_STEP][PASSED] - logInfo($response_token): {"fault":{"faultstring":"Access Denied for client ip : 8.29.105.53","detail":{"errorcode":"accesscontrol.IPDeniedAccess"}}}

2022-03-29 12:49:24 - [MESSAGE][INFO] - {"fault":{"faultstring":"Access Denied for client ip : 8.29.105.53","detail":{"errorcode":"accesscontrol.IPDeniedAccess"}}}

2022-03-29 12:49:24 - [TEST_STEP][PASSED] - feedback = sendRequest(findTestObject("4. Feedback-ins", ["s_key":global_token, "batchid":batchid, "norek":norek, "nopin":nopin, "custname":custname, "pemohon":pemohon, "branchid":branchid, ... ])): Send request successfully

2022-03-29 12:49:27 - [MESSAGE][INFO] - HAR: I:\app-testing\app-project\Order car insurance\order-car-insurance\Reports\20220329_124138\3. Get feedback insurance - Batch 1\20220329_124139\requests\main\259.har

2022-03-29 12:49:27 - [MESSAGE][PASSED] - Send request successfully

2022-03-29 12:49:27 - [TEST_STEP][PASSED] - response_feedback = feedback.getResponseText(): null

2022-03-29 12:49:27 - [TEST_STEP][PASSED] - markPassed("result feedback data : " + no + " norek : " + norek + " nopin : " + nopin): result feedback data : 176 norek : 9494001635 nopin : 001

2022-03-29 12:49:27 - [MESSAGE][PASSED] - result feedback data : 176 norek : 9494001635 nopin : 001

2022-03-29 12:49:27 - [TEST_STEP][PASSED] - logInfo($response_feedback): {
  "FeedbackCarInsuranceResponse" : {
    "errorCode" : "00",
    "errorMessage" : "Sukses"
  }
}

2022-03-29 12:49:27 - [MESSAGE][INFO] - {
  "FeedbackCarInsuranceResponse" : {
    "errorCode" : "00",
    "errorMessage" : "Sukses"
  }
}

2022-03-29 12:49:27 - [TEST_STEP][PASSED] - verifyElementPropertyValue(feedback, "FeedbackCarInsuranceResponse.errorMessage", "Sukses", CONTINUE_ON_FAILURE): Verify element property value successfully

2022-03-29 12:49:27 - [MESSAGE][PASSED] - Verify element property value successfully]]></system-out>
         <system-err><![CDATA[]]></system-err>
      </testcase>
      <testcase name="Test Cases/3. get token - feedback insurance" time="1.411" classname="Test Cases/3. get token - feedback insurance" status="PASSED">
         <system-out><![CDATA[2022-03-29 12:49:27 - [TEST_CASE][PASSED] - Test Cases/3. get token - feedback insurance: Test Cases/3. get token - feedback insurance

2022-03-29 12:49:27 - [TEST_STEP][PASSED] - token = sendRequest(findTestObject("1. Get-Token")): Send request successfully

2022-03-29 12:49:28 - [MESSAGE][INFO] - HAR: I:\app-testing\app-project\Order car insurance\order-car-insurance\Reports\20220329_124138\3. Get feedback insurance - Batch 1\20220329_124139\requests\main\260.har

2022-03-29 12:49:28 - [MESSAGE][PASSED] - Send request successfully

2022-03-29 12:49:28 - [TEST_STEP][PASSED] - slurper = new groovy.json.JsonSlurper(): null

2022-03-29 12:49:28 - [TEST_STEP][PASSED] - get_token = slurper.parseText(token.getResponseBodyContent()): null

2022-03-29 12:49:28 - [TEST_STEP][PASSED] - private_token = access_token: null

2022-03-29 12:49:28 - [TEST_STEP][PASSED] - global_token = private_token: null

2022-03-29 12:49:28 - [TEST_STEP][PASSED] - println("token is :" + global_token): null

2022-03-29 12:49:28 - [TEST_STEP][PASSED] - response_token = token.getResponseText(): null

2022-03-29 12:49:28 - [TEST_STEP][PASSED] - logInfo($response_token): {"fault":{"faultstring":"Access Denied for client ip : 8.29.105.53","detail":{"errorcode":"accesscontrol.IPDeniedAccess"}}}

2022-03-29 12:49:28 - [MESSAGE][INFO] - {"fault":{"faultstring":"Access Denied for client ip : 8.29.105.53","detail":{"errorcode":"accesscontrol.IPDeniedAccess"}}}

2022-03-29 12:49:28 - [TEST_STEP][PASSED] - feedback = sendRequest(findTestObject("4. Feedback-ins", ["s_key":global_token, "batchid":batchid, "norek":norek, "nopin":nopin, "custname":custname, "pemohon":pemohon, "branchid":branchid, ... ])): Send request successfully

2022-03-29 12:49:29 - [MESSAGE][INFO] - HAR: I:\app-testing\app-project\Order car insurance\order-car-insurance\Reports\20220329_124138\3. Get feedback insurance - Batch 1\20220329_124139\requests\main\261.har

2022-03-29 12:49:29 - [MESSAGE][PASSED] - Send request successfully

2022-03-29 12:49:29 - [TEST_STEP][PASSED] - response_feedback = feedback.getResponseText(): null

2022-03-29 12:49:29 - [TEST_STEP][PASSED] - markPassed("result feedback data : " + no + " norek : " + norek + " nopin : " + nopin): result feedback data : 177 norek : 9494001635 nopin : 001

2022-03-29 12:49:29 - [MESSAGE][PASSED] - result feedback data : 177 norek : 9494001635 nopin : 001

2022-03-29 12:49:29 - [TEST_STEP][PASSED] - logInfo($response_feedback): {
  "FeedbackCarInsuranceResponse" : {
    "errorCode" : "00",
    "errorMessage" : "Sukses"
  }
}

2022-03-29 12:49:29 - [MESSAGE][INFO] - {
  "FeedbackCarInsuranceResponse" : {
    "errorCode" : "00",
    "errorMessage" : "Sukses"
  }
}

2022-03-29 12:49:29 - [TEST_STEP][PASSED] - verifyElementPropertyValue(feedback, "FeedbackCarInsuranceResponse.errorMessage", "Sukses", CONTINUE_ON_FAILURE): Verify element property value successfully

2022-03-29 12:49:29 - [MESSAGE][PASSED] - Verify element property value successfully]]></system-out>
         <system-err><![CDATA[]]></system-err>
      </testcase>
      <testcase name="Test Cases/3. get token - feedback insurance" time="1.434" classname="Test Cases/3. get token - feedback insurance" status="PASSED">
         <system-out><![CDATA[2022-03-29 12:49:29 - [TEST_CASE][PASSED] - Test Cases/3. get token - feedback insurance: Test Cases/3. get token - feedback insurance

2022-03-29 12:49:29 - [TEST_STEP][PASSED] - token = sendRequest(findTestObject("1. Get-Token")): Send request successfully

2022-03-29 12:49:30 - [MESSAGE][INFO] - HAR: I:\app-testing\app-project\Order car insurance\order-car-insurance\Reports\20220329_124138\3. Get feedback insurance - Batch 1\20220329_124139\requests\main\262.har

2022-03-29 12:49:30 - [MESSAGE][PASSED] - Send request successfully

2022-03-29 12:49:30 - [TEST_STEP][PASSED] - slurper = new groovy.json.JsonSlurper(): null

2022-03-29 12:49:30 - [TEST_STEP][PASSED] - get_token = slurper.parseText(token.getResponseBodyContent()): null

2022-03-29 12:49:30 - [TEST_STEP][PASSED] - private_token = access_token: null

2022-03-29 12:49:30 - [TEST_STEP][PASSED] - global_token = private_token: null

2022-03-29 12:49:30 - [TEST_STEP][PASSED] - println("token is :" + global_token): null

2022-03-29 12:49:30 - [TEST_STEP][PASSED] - response_token = token.getResponseText(): null

2022-03-29 12:49:30 - [TEST_STEP][PASSED] - logInfo($response_token): {"fault":{"faultstring":"Access Denied for client ip : 8.29.105.53","detail":{"errorcode":"accesscontrol.IPDeniedAccess"}}}

2022-03-29 12:49:30 - [MESSAGE][INFO] - {"fault":{"faultstring":"Access Denied for client ip : 8.29.105.53","detail":{"errorcode":"accesscontrol.IPDeniedAccess"}}}

2022-03-29 12:49:30 - [TEST_STEP][PASSED] - feedback = sendRequest(findTestObject("4. Feedback-ins", ["s_key":global_token, "batchid":batchid, "norek":norek, "nopin":nopin, "custname":custname, "pemohon":pemohon, "branchid":branchid, ... ])): Send request successfully

2022-03-29 12:49:31 - [MESSAGE][INFO] - HAR: I:\app-testing\app-project\Order car insurance\order-car-insurance\Reports\20220329_124138\3. Get feedback insurance - Batch 1\20220329_124139\requests\main\263.har

2022-03-29 12:49:31 - [MESSAGE][PASSED] - Send request successfully

2022-03-29 12:49:31 - [TEST_STEP][PASSED] - response_feedback = feedback.getResponseText(): null

2022-03-29 12:49:31 - [TEST_STEP][PASSED] - markPassed("result feedback data : " + no + " norek : " + norek + " nopin : " + nopin): result feedback data : 178 norek : 9494001636 nopin : 001

2022-03-29 12:49:31 - [MESSAGE][PASSED] - result feedback data : 178 norek : 9494001636 nopin : 001

2022-03-29 12:49:31 - [TEST_STEP][PASSED] - logInfo($response_feedback): {
  "FeedbackCarInsuranceResponse" : {
    "errorCode" : "00",
    "errorMessage" : "Sukses"
  }
}

2022-03-29 12:49:31 - [MESSAGE][INFO] - {
  "FeedbackCarInsuranceResponse" : {
    "errorCode" : "00",
    "errorMessage" : "Sukses"
  }
}

2022-03-29 12:49:31 - [TEST_STEP][PASSED] - verifyElementPropertyValue(feedback, "FeedbackCarInsuranceResponse.errorMessage", "Sukses", CONTINUE_ON_FAILURE): Verify element property value successfully

2022-03-29 12:49:31 - [MESSAGE][PASSED] - Verify element property value successfully]]></system-out>
         <system-err><![CDATA[]]></system-err>
      </testcase>
      <testcase name="Test Cases/3. get token - feedback insurance" time="1.567" classname="Test Cases/3. get token - feedback insurance" status="PASSED">
         <system-out><![CDATA[2022-03-29 12:49:31 - [TEST_CASE][PASSED] - Test Cases/3. get token - feedback insurance: Test Cases/3. get token - feedback insurance

2022-03-29 12:49:31 - [TEST_STEP][PASSED] - token = sendRequest(findTestObject("1. Get-Token")): Send request successfully

2022-03-29 12:49:31 - [MESSAGE][INFO] - HAR: I:\app-testing\app-project\Order car insurance\order-car-insurance\Reports\20220329_124138\3. Get feedback insurance - Batch 1\20220329_124139\requests\main\264.har

2022-03-29 12:49:31 - [MESSAGE][PASSED] - Send request successfully

2022-03-29 12:49:31 - [TEST_STEP][PASSED] - slurper = new groovy.json.JsonSlurper(): null

2022-03-29 12:49:31 - [TEST_STEP][PASSED] - get_token = slurper.parseText(token.getResponseBodyContent()): null

2022-03-29 12:49:31 - [TEST_STEP][PASSED] - private_token = access_token: null

2022-03-29 12:49:31 - [TEST_STEP][PASSED] - global_token = private_token: null

2022-03-29 12:49:31 - [TEST_STEP][PASSED] - println("token is :" + global_token): null

2022-03-29 12:49:31 - [TEST_STEP][PASSED] - response_token = token.getResponseText(): null

2022-03-29 12:49:31 - [TEST_STEP][PASSED] - logInfo($response_token): {"fault":{"faultstring":"Access Denied for client ip : 8.29.105.53","detail":{"errorcode":"accesscontrol.IPDeniedAccess"}}}

2022-03-29 12:49:31 - [MESSAGE][INFO] - {"fault":{"faultstring":"Access Denied for client ip : 8.29.105.53","detail":{"errorcode":"accesscontrol.IPDeniedAccess"}}}

2022-03-29 12:49:31 - [TEST_STEP][PASSED] - feedback = sendRequest(findTestObject("4. Feedback-ins", ["s_key":global_token, "batchid":batchid, "norek":norek, "nopin":nopin, "custname":custname, "pemohon":pemohon, "branchid":branchid, ... ])): Send request successfully

2022-03-29 12:49:32 - [MESSAGE][INFO] - HAR: I:\app-testing\app-project\Order car insurance\order-car-insurance\Reports\20220329_124138\3. Get feedback insurance - Batch 1\20220329_124139\requests\main\265.har

2022-03-29 12:49:32 - [MESSAGE][PASSED] - Send request successfully

2022-03-29 12:49:32 - [TEST_STEP][PASSED] - response_feedback = feedback.getResponseText(): null

2022-03-29 12:49:32 - [TEST_STEP][PASSED] - markPassed("result feedback data : " + no + " norek : " + norek + " nopin : " + nopin): result feedback data : 179 norek : 9494001636 nopin : 001

2022-03-29 12:49:32 - [MESSAGE][PASSED] - result feedback data : 179 norek : 9494001636 nopin : 001

2022-03-29 12:49:32 - [TEST_STEP][PASSED] - logInfo($response_feedback): {
  "FeedbackCarInsuranceResponse" : {
    "errorCode" : "00",
    "errorMessage" : "Sukses"
  }
}

2022-03-29 12:49:32 - [MESSAGE][INFO] - {
  "FeedbackCarInsuranceResponse" : {
    "errorCode" : "00",
    "errorMessage" : "Sukses"
  }
}

2022-03-29 12:49:32 - [TEST_STEP][PASSED] - verifyElementPropertyValue(feedback, "FeedbackCarInsuranceResponse.errorMessage", "Sukses", CONTINUE_ON_FAILURE): Verify element property value successfully

2022-03-29 12:49:33 - [MESSAGE][PASSED] - Verify element property value successfully]]></system-out>
         <system-err><![CDATA[]]></system-err>
      </testcase>
      <testcase name="Test Cases/3. get token - feedback insurance" time="1.438" classname="Test Cases/3. get token - feedback insurance" status="PASSED">
         <system-out><![CDATA[2022-03-29 12:49:33 - [TEST_CASE][PASSED] - Test Cases/3. get token - feedback insurance: Test Cases/3. get token - feedback insurance

2022-03-29 12:49:33 - [TEST_STEP][PASSED] - token = sendRequest(findTestObject("1. Get-Token")): Send request successfully

2022-03-29 12:49:33 - [MESSAGE][INFO] - HAR: I:\app-testing\app-project\Order car insurance\order-car-insurance\Reports\20220329_124138\3. Get feedback insurance - Batch 1\20220329_124139\requests\main\266.har

2022-03-29 12:49:33 - [MESSAGE][PASSED] - Send request successfully

2022-03-29 12:49:33 - [TEST_STEP][PASSED] - slurper = new groovy.json.JsonSlurper(): null

2022-03-29 12:49:33 - [TEST_STEP][PASSED] - get_token = slurper.parseText(token.getResponseBodyContent()): null

2022-03-29 12:49:33 - [TEST_STEP][PASSED] - private_token = access_token: null

2022-03-29 12:49:33 - [TEST_STEP][PASSED] - global_token = private_token: null

2022-03-29 12:49:33 - [TEST_STEP][PASSED] - println("token is :" + global_token): null

2022-03-29 12:49:33 - [TEST_STEP][PASSED] - response_token = token.getResponseText(): null

2022-03-29 12:49:33 - [TEST_STEP][PASSED] - logInfo($response_token): {"fault":{"faultstring":"Access Denied for client ip : 8.29.105.53","detail":{"errorcode":"accesscontrol.IPDeniedAccess"}}}

2022-03-29 12:49:33 - [MESSAGE][INFO] - {"fault":{"faultstring":"Access Denied for client ip : 8.29.105.53","detail":{"errorcode":"accesscontrol.IPDeniedAccess"}}}

2022-03-29 12:49:33 - [TEST_STEP][PASSED] - feedback = sendRequest(findTestObject("4. Feedback-ins", ["s_key":global_token, "batchid":batchid, "norek":norek, "nopin":nopin, "custname":custname, "pemohon":pemohon, "branchid":branchid, ... ])): Send request successfully

2022-03-29 12:49:34 - [MESSAGE][INFO] - HAR: I:\app-testing\app-project\Order car insurance\order-car-insurance\Reports\20220329_124138\3. Get feedback insurance - Batch 1\20220329_124139\requests\main\267.har

2022-03-29 12:49:34 - [MESSAGE][PASSED] - Send request successfully

2022-03-29 12:49:34 - [TEST_STEP][PASSED] - response_feedback = feedback.getResponseText(): null

2022-03-29 12:49:34 - [TEST_STEP][PASSED] - markPassed("result feedback data : " + no + " norek : " + norek + " nopin : " + nopin): result feedback data : 180 norek : 9494001636 nopin : 001

2022-03-29 12:49:34 - [MESSAGE][PASSED] - result feedback data : 180 norek : 9494001636 nopin : 001

2022-03-29 12:49:34 - [TEST_STEP][PASSED] - logInfo($response_feedback): {
  "FeedbackCarInsuranceResponse" : {
    "errorCode" : "00",
    "errorMessage" : "Sukses"
  }
}

2022-03-29 12:49:34 - [MESSAGE][INFO] - {
  "FeedbackCarInsuranceResponse" : {
    "errorCode" : "00",
    "errorMessage" : "Sukses"
  }
}

2022-03-29 12:49:34 - [TEST_STEP][PASSED] - verifyElementPropertyValue(feedback, "FeedbackCarInsuranceResponse.errorMessage", "Sukses", CONTINUE_ON_FAILURE): Verify element property value successfully

2022-03-29 12:49:34 - [MESSAGE][PASSED] - Verify element property value successfully]]></system-out>
         <system-err><![CDATA[]]></system-err>
      </testcase>
      <testcase name="Test Cases/3. get token - feedback insurance" time="1.396" classname="Test Cases/3. get token - feedback insurance" status="PASSED">
         <system-out><![CDATA[2022-03-29 12:49:35 - [TEST_CASE][PASSED] - Test Cases/3. get token - feedback insurance: Test Cases/3. get token - feedback insurance

2022-03-29 12:49:35 - [TEST_STEP][PASSED] - token = sendRequest(findTestObject("1. Get-Token")): Send request successfully

2022-03-29 12:49:35 - [MESSAGE][INFO] - HAR: I:\app-testing\app-project\Order car insurance\order-car-insurance\Reports\20220329_124138\3. Get feedback insurance - Batch 1\20220329_124139\requests\main\268.har

2022-03-29 12:49:35 - [MESSAGE][PASSED] - Send request successfully

2022-03-29 12:49:35 - [TEST_STEP][PASSED] - slurper = new groovy.json.JsonSlurper(): null

2022-03-29 12:49:35 - [TEST_STEP][PASSED] - get_token = slurper.parseText(token.getResponseBodyContent()): null

2022-03-29 12:49:35 - [TEST_STEP][PASSED] - private_token = access_token: null

2022-03-29 12:49:35 - [TEST_STEP][PASSED] - global_token = private_token: null

2022-03-29 12:49:35 - [TEST_STEP][PASSED] - println("token is :" + global_token): null

2022-03-29 12:49:35 - [TEST_STEP][PASSED] - response_token = token.getResponseText(): null

2022-03-29 12:49:35 - [TEST_STEP][PASSED] - logInfo($response_token): {"fault":{"faultstring":"Access Denied for client ip : 8.29.105.53","detail":{"errorcode":"accesscontrol.IPDeniedAccess"}}}

2022-03-29 12:49:35 - [MESSAGE][INFO] - {"fault":{"faultstring":"Access Denied for client ip : 8.29.105.53","detail":{"errorcode":"accesscontrol.IPDeniedAccess"}}}

2022-03-29 12:49:35 - [TEST_STEP][PASSED] - feedback = sendRequest(findTestObject("4. Feedback-ins", ["s_key":global_token, "batchid":batchid, "norek":norek, "nopin":nopin, "custname":custname, "pemohon":pemohon, "branchid":branchid, ... ])): Send request successfully

2022-03-29 12:49:36 - [MESSAGE][INFO] - HAR: I:\app-testing\app-project\Order car insurance\order-car-insurance\Reports\20220329_124138\3. Get feedback insurance - Batch 1\20220329_124139\requests\main\269.har

2022-03-29 12:49:36 - [MESSAGE][PASSED] - Send request successfully

2022-03-29 12:49:36 - [TEST_STEP][PASSED] - response_feedback = feedback.getResponseText(): null

2022-03-29 12:49:36 - [TEST_STEP][PASSED] - markPassed("result feedback data : " + no + " norek : " + norek + " nopin : " + nopin): result feedback data : 181 norek : 9494001636 nopin : 001

2022-03-29 12:49:36 - [MESSAGE][PASSED] - result feedback data : 181 norek : 9494001636 nopin : 001

2022-03-29 12:49:36 - [TEST_STEP][PASSED] - logInfo($response_feedback): {
  "FeedbackCarInsuranceResponse" : {
    "errorCode" : "00",
    "errorMessage" : "Sukses"
  }
}

2022-03-29 12:49:36 - [MESSAGE][INFO] - {
  "FeedbackCarInsuranceResponse" : {
    "errorCode" : "00",
    "errorMessage" : "Sukses"
  }
}

2022-03-29 12:49:36 - [TEST_STEP][PASSED] - verifyElementPropertyValue(feedback, "FeedbackCarInsuranceResponse.errorMessage", "Sukses", CONTINUE_ON_FAILURE): Verify element property value successfully

2022-03-29 12:49:36 - [MESSAGE][PASSED] - Verify element property value successfully]]></system-out>
         <system-err><![CDATA[]]></system-err>
      </testcase>
      <testcase name="Test Cases/3. get token - feedback insurance" time="1.492" classname="Test Cases/3. get token - feedback insurance" status="PASSED">
         <system-out><![CDATA[2022-03-29 12:49:37 - [TEST_CASE][PASSED] - Test Cases/3. get token - feedback insurance: Test Cases/3. get token - feedback insurance

2022-03-29 12:49:37 - [TEST_STEP][PASSED] - token = sendRequest(findTestObject("1. Get-Token")): Send request successfully

2022-03-29 12:49:37 - [MESSAGE][INFO] - HAR: I:\app-testing\app-project\Order car insurance\order-car-insurance\Reports\20220329_124138\3. Get feedback insurance - Batch 1\20220329_124139\requests\main\270.har

2022-03-29 12:49:37 - [MESSAGE][PASSED] - Send request successfully

2022-03-29 12:49:37 - [TEST_STEP][PASSED] - slurper = new groovy.json.JsonSlurper(): null

2022-03-29 12:49:37 - [TEST_STEP][PASSED] - get_token = slurper.parseText(token.getResponseBodyContent()): null

2022-03-29 12:49:37 - [TEST_STEP][PASSED] - private_token = access_token: null

2022-03-29 12:49:37 - [TEST_STEP][PASSED] - global_token = private_token: null

2022-03-29 12:49:37 - [TEST_STEP][PASSED] - println("token is :" + global_token): null

2022-03-29 12:49:37 - [TEST_STEP][PASSED] - response_token = token.getResponseText(): null

2022-03-29 12:49:37 - [TEST_STEP][PASSED] - logInfo($response_token): {"fault":{"faultstring":"Access Denied for client ip : 8.29.105.53","detail":{"errorcode":"accesscontrol.IPDeniedAccess"}}}

2022-03-29 12:49:37 - [MESSAGE][INFO] - {"fault":{"faultstring":"Access Denied for client ip : 8.29.105.53","detail":{"errorcode":"accesscontrol.IPDeniedAccess"}}}

2022-03-29 12:49:37 - [TEST_STEP][PASSED] - feedback = sendRequest(findTestObject("4. Feedback-ins", ["s_key":global_token, "batchid":batchid, "norek":norek, "nopin":nopin, "custname":custname, "pemohon":pemohon, "branchid":branchid, ... ])): Send request successfully

2022-03-29 12:49:38 - [MESSAGE][INFO] - HAR: I:\app-testing\app-project\Order car insurance\order-car-insurance\Reports\20220329_124138\3. Get feedback insurance - Batch 1\20220329_124139\requests\main\271.har

2022-03-29 12:49:38 - [MESSAGE][PASSED] - Send request successfully

2022-03-29 12:49:38 - [TEST_STEP][PASSED] - response_feedback = feedback.getResponseText(): null

2022-03-29 12:49:38 - [TEST_STEP][PASSED] - markPassed("result feedback data : " + no + " norek : " + norek + " nopin : " + nopin): result feedback data : 182 norek : 9494001638 nopin : 001

2022-03-29 12:49:38 - [MESSAGE][PASSED] - result feedback data : 182 norek : 9494001638 nopin : 001

2022-03-29 12:49:38 - [TEST_STEP][PASSED] - logInfo($response_feedback): {
  "FeedbackCarInsuranceResponse" : {
    "errorCode" : "00",
    "errorMessage" : "Sukses"
  }
}

2022-03-29 12:49:38 - [MESSAGE][INFO] - {
  "FeedbackCarInsuranceResponse" : {
    "errorCode" : "00",
    "errorMessage" : "Sukses"
  }
}

2022-03-29 12:49:38 - [TEST_STEP][PASSED] - verifyElementPropertyValue(feedback, "FeedbackCarInsuranceResponse.errorMessage", "Sukses", CONTINUE_ON_FAILURE): Verify element property value successfully

2022-03-29 12:49:38 - [MESSAGE][PASSED] - Verify element property value successfully]]></system-out>
         <system-err><![CDATA[]]></system-err>
      </testcase>
      <testcase name="Test Cases/3. get token - feedback insurance" time="1.73" classname="Test Cases/3. get token - feedback insurance" status="PASSED">
         <system-out><![CDATA[2022-03-29 12:49:38 - [TEST_CASE][PASSED] - Test Cases/3. get token - feedback insurance: Test Cases/3. get token - feedback insurance

2022-03-29 12:49:38 - [TEST_STEP][PASSED] - token = sendRequest(findTestObject("1. Get-Token")): Send request successfully

2022-03-29 12:49:39 - [MESSAGE][INFO] - HAR: I:\app-testing\app-project\Order car insurance\order-car-insurance\Reports\20220329_124138\3. Get feedback insurance - Batch 1\20220329_124139\requests\main\272.har

2022-03-29 12:49:39 - [MESSAGE][PASSED] - Send request successfully

2022-03-29 12:49:39 - [TEST_STEP][PASSED] - slurper = new groovy.json.JsonSlurper(): null

2022-03-29 12:49:39 - [TEST_STEP][PASSED] - get_token = slurper.parseText(token.getResponseBodyContent()): null

2022-03-29 12:49:39 - [TEST_STEP][PASSED] - private_token = access_token: null

2022-03-29 12:49:39 - [TEST_STEP][PASSED] - global_token = private_token: null

2022-03-29 12:49:39 - [TEST_STEP][PASSED] - println("token is :" + global_token): null

2022-03-29 12:49:39 - [TEST_STEP][PASSED] - response_token = token.getResponseText(): null

2022-03-29 12:49:39 - [TEST_STEP][PASSED] - logInfo($response_token): {"fault":{"faultstring":"Access Denied for client ip : 8.29.105.53","detail":{"errorcode":"accesscontrol.IPDeniedAccess"}}}

2022-03-29 12:49:39 - [MESSAGE][INFO] - {"fault":{"faultstring":"Access Denied for client ip : 8.29.105.53","detail":{"errorcode":"accesscontrol.IPDeniedAccess"}}}

2022-03-29 12:49:39 - [TEST_STEP][PASSED] - feedback = sendRequest(findTestObject("4. Feedback-ins", ["s_key":global_token, "batchid":batchid, "norek":norek, "nopin":nopin, "custname":custname, "pemohon":pemohon, "branchid":branchid, ... ])): Send request successfully

2022-03-29 12:49:40 - [MESSAGE][INFO] - HAR: I:\app-testing\app-project\Order car insurance\order-car-insurance\Reports\20220329_124138\3. Get feedback insurance - Batch 1\20220329_124139\requests\main\273.har

2022-03-29 12:49:40 - [MESSAGE][PASSED] - Send request successfully

2022-03-29 12:49:40 - [TEST_STEP][PASSED] - response_feedback = feedback.getResponseText(): null

2022-03-29 12:49:40 - [TEST_STEP][PASSED] - markPassed("result feedback data : " + no + " norek : " + norek + " nopin : " + nopin): result feedback data : 183 norek : 9506008377 nopin : 001

2022-03-29 12:49:40 - [MESSAGE][PASSED] - result feedback data : 183 norek : 9506008377 nopin : 001

2022-03-29 12:49:40 - [TEST_STEP][PASSED] - logInfo($response_feedback): {
  "FeedbackCarInsuranceResponse" : {
    "errorCode" : "00",
    "errorMessage" : "Sukses"
  }
}

2022-03-29 12:49:40 - [MESSAGE][INFO] - {
  "FeedbackCarInsuranceResponse" : {
    "errorCode" : "00",
    "errorMessage" : "Sukses"
  }
}

2022-03-29 12:49:40 - [TEST_STEP][PASSED] - verifyElementPropertyValue(feedback, "FeedbackCarInsuranceResponse.errorMessage", "Sukses", CONTINUE_ON_FAILURE): Verify element property value successfully

2022-03-29 12:49:40 - [MESSAGE][PASSED] - Verify element property value successfully]]></system-out>
         <system-err><![CDATA[]]></system-err>
      </testcase>
      <testcase name="Test Cases/3. get token - feedback insurance" time="2.152" classname="Test Cases/3. get token - feedback insurance" status="PASSED">
         <system-out><![CDATA[2022-03-29 12:49:40 - [TEST_CASE][PASSED] - Test Cases/3. get token - feedback insurance: Test Cases/3. get token - feedback insurance

2022-03-29 12:49:41 - [TEST_STEP][PASSED] - token = sendRequest(findTestObject("1. Get-Token")): Send request successfully

2022-03-29 12:49:41 - [MESSAGE][INFO] - HAR: I:\app-testing\app-project\Order car insurance\order-car-insurance\Reports\20220329_124138\3. Get feedback insurance - Batch 1\20220329_124139\requests\main\274.har

2022-03-29 12:49:41 - [MESSAGE][PASSED] - Send request successfully

2022-03-29 12:49:41 - [TEST_STEP][PASSED] - slurper = new groovy.json.JsonSlurper(): null

2022-03-29 12:49:41 - [TEST_STEP][PASSED] - get_token = slurper.parseText(token.getResponseBodyContent()): null

2022-03-29 12:49:41 - [TEST_STEP][PASSED] - private_token = access_token: null

2022-03-29 12:49:41 - [TEST_STEP][PASSED] - global_token = private_token: null

2022-03-29 12:49:41 - [TEST_STEP][PASSED] - println("token is :" + global_token): null

2022-03-29 12:49:41 - [TEST_STEP][PASSED] - response_token = token.getResponseText(): null

2022-03-29 12:49:41 - [TEST_STEP][PASSED] - logInfo($response_token): {"fault":{"faultstring":"Access Denied for client ip : 8.29.105.53","detail":{"errorcode":"accesscontrol.IPDeniedAccess"}}}

2022-03-29 12:49:41 - [MESSAGE][INFO] - {"fault":{"faultstring":"Access Denied for client ip : 8.29.105.53","detail":{"errorcode":"accesscontrol.IPDeniedAccess"}}}

2022-03-29 12:49:41 - [TEST_STEP][PASSED] - feedback = sendRequest(findTestObject("4. Feedback-ins", ["s_key":global_token, "batchid":batchid, "norek":norek, "nopin":nopin, "custname":custname, "pemohon":pemohon, "branchid":branchid, ... ])): Send request successfully

2022-03-29 12:49:43 - [MESSAGE][INFO] - HAR: I:\app-testing\app-project\Order car insurance\order-car-insurance\Reports\20220329_124138\3. Get feedback insurance - Batch 1\20220329_124139\requests\main\275.har

2022-03-29 12:49:43 - [MESSAGE][PASSED] - Send request successfully

2022-03-29 12:49:43 - [TEST_STEP][PASSED] - response_feedback = feedback.getResponseText(): null

2022-03-29 12:49:43 - [TEST_STEP][PASSED] - markPassed("result feedback data : " + no + " norek : " + norek + " nopin : " + nopin): result feedback data : 184 norek : 9506008377 nopin : 001

2022-03-29 12:49:43 - [MESSAGE][PASSED] - result feedback data : 184 norek : 9506008377 nopin : 001

2022-03-29 12:49:43 - [TEST_STEP][PASSED] - logInfo($response_feedback): {
  "FeedbackCarInsuranceResponse" : {
    "errorCode" : "00",
    "errorMessage" : "Sukses"
  }
}

2022-03-29 12:49:43 - [MESSAGE][INFO] - {
  "FeedbackCarInsuranceResponse" : {
    "errorCode" : "00",
    "errorMessage" : "Sukses"
  }
}

2022-03-29 12:49:43 - [TEST_STEP][PASSED] - verifyElementPropertyValue(feedback, "FeedbackCarInsuranceResponse.errorMessage", "Sukses", CONTINUE_ON_FAILURE): Verify element property value successfully

2022-03-29 12:49:43 - [MESSAGE][PASSED] - Verify element property value successfully]]></system-out>
         <system-err><![CDATA[]]></system-err>
      </testcase>
      <testcase name="Test Cases/3. get token - feedback insurance" time="4.301" classname="Test Cases/3. get token - feedback insurance" status="PASSED">
         <system-out><![CDATA[2022-03-29 12:49:43 - [TEST_CASE][PASSED] - Test Cases/3. get token - feedback insurance: Test Cases/3. get token - feedback insurance

2022-03-29 12:49:43 - [TEST_STEP][PASSED] - token = sendRequest(findTestObject("1. Get-Token")): Send request successfully

2022-03-29 12:49:43 - [MESSAGE][INFO] - HAR: I:\app-testing\app-project\Order car insurance\order-car-insurance\Reports\20220329_124138\3. Get feedback insurance - Batch 1\20220329_124139\requests\main\276.har

2022-03-29 12:49:43 - [MESSAGE][PASSED] - Send request successfully

2022-03-29 12:49:43 - [TEST_STEP][PASSED] - slurper = new groovy.json.JsonSlurper(): null

2022-03-29 12:49:43 - [TEST_STEP][PASSED] - get_token = slurper.parseText(token.getResponseBodyContent()): null

2022-03-29 12:49:43 - [TEST_STEP][PASSED] - private_token = access_token: null

2022-03-29 12:49:43 - [TEST_STEP][PASSED] - global_token = private_token: null

2022-03-29 12:49:43 - [TEST_STEP][PASSED] - println("token is :" + global_token): null

2022-03-29 12:49:43 - [TEST_STEP][PASSED] - response_token = token.getResponseText(): null

2022-03-29 12:49:43 - [TEST_STEP][PASSED] - logInfo($response_token): {"fault":{"faultstring":"Access Denied for client ip : 8.29.105.53","detail":{"errorcode":"accesscontrol.IPDeniedAccess"}}}

2022-03-29 12:49:43 - [MESSAGE][INFO] - {"fault":{"faultstring":"Access Denied for client ip : 8.29.105.53","detail":{"errorcode":"accesscontrol.IPDeniedAccess"}}}

2022-03-29 12:49:43 - [TEST_STEP][PASSED] - feedback = sendRequest(findTestObject("4. Feedback-ins", ["s_key":global_token, "batchid":batchid, "norek":norek, "nopin":nopin, "custname":custname, "pemohon":pemohon, "branchid":branchid, ... ])): Send request successfully

2022-03-29 12:49:47 - [MESSAGE][INFO] - HAR: I:\app-testing\app-project\Order car insurance\order-car-insurance\Reports\20220329_124138\3. Get feedback insurance - Batch 1\20220329_124139\requests\main\277.har

2022-03-29 12:49:47 - [MESSAGE][PASSED] - Send request successfully

2022-03-29 12:49:47 - [TEST_STEP][PASSED] - response_feedback = feedback.getResponseText(): null

2022-03-29 12:49:47 - [TEST_STEP][PASSED] - markPassed("result feedback data : " + no + " norek : " + norek + " nopin : " + nopin): result feedback data : 185 norek : 9506008377 nopin : 001

2022-03-29 12:49:47 - [MESSAGE][PASSED] - result feedback data : 185 norek : 9506008377 nopin : 001

2022-03-29 12:49:47 - [TEST_STEP][PASSED] - logInfo($response_feedback): {
  "FeedbackCarInsuranceResponse" : {
    "errorCode" : "00",
    "errorMessage" : "Sukses"
  }
}

2022-03-29 12:49:47 - [MESSAGE][INFO] - {
  "FeedbackCarInsuranceResponse" : {
    "errorCode" : "00",
    "errorMessage" : "Sukses"
  }
}

2022-03-29 12:49:47 - [TEST_STEP][PASSED] - verifyElementPropertyValue(feedback, "FeedbackCarInsuranceResponse.errorMessage", "Sukses", CONTINUE_ON_FAILURE): Verify element property value successfully

2022-03-29 12:49:47 - [MESSAGE][PASSED] - Verify element property value successfully]]></system-out>
         <system-err><![CDATA[]]></system-err>
      </testcase>
      <testcase name="Test Cases/3. get token - feedback insurance" time="3.677" classname="Test Cases/3. get token - feedback insurance" status="PASSED">
         <system-out><![CDATA[2022-03-29 12:49:48 - [TEST_CASE][PASSED] - Test Cases/3. get token - feedback insurance: Test Cases/3. get token - feedback insurance

2022-03-29 12:49:48 - [TEST_STEP][PASSED] - token = sendRequest(findTestObject("1. Get-Token")): Send request successfully

2022-03-29 12:49:48 - [MESSAGE][INFO] - HAR: I:\app-testing\app-project\Order car insurance\order-car-insurance\Reports\20220329_124138\3. Get feedback insurance - Batch 1\20220329_124139\requests\main\278.har

2022-03-29 12:49:48 - [MESSAGE][PASSED] - Send request successfully

2022-03-29 12:49:48 - [TEST_STEP][PASSED] - slurper = new groovy.json.JsonSlurper(): null

2022-03-29 12:49:48 - [TEST_STEP][PASSED] - get_token = slurper.parseText(token.getResponseBodyContent()): null

2022-03-29 12:49:48 - [TEST_STEP][PASSED] - private_token = access_token: null

2022-03-29 12:49:48 - [TEST_STEP][PASSED] - global_token = private_token: null

2022-03-29 12:49:48 - [TEST_STEP][PASSED] - println("token is :" + global_token): null

2022-03-29 12:49:48 - [TEST_STEP][PASSED] - response_token = token.getResponseText(): null

2022-03-29 12:49:48 - [TEST_STEP][PASSED] - logInfo($response_token): {"fault":{"faultstring":"Access Denied for client ip : 8.29.105.53","detail":{"errorcode":"accesscontrol.IPDeniedAccess"}}}

2022-03-29 12:49:48 - [MESSAGE][INFO] - {"fault":{"faultstring":"Access Denied for client ip : 8.29.105.53","detail":{"errorcode":"accesscontrol.IPDeniedAccess"}}}

2022-03-29 12:49:48 - [TEST_STEP][PASSED] - feedback = sendRequest(findTestObject("4. Feedback-ins", ["s_key":global_token, "batchid":batchid, "norek":norek, "nopin":nopin, "custname":custname, "pemohon":pemohon, "branchid":branchid, ... ])): Send request successfully

2022-03-29 12:49:51 - [MESSAGE][INFO] - HAR: I:\app-testing\app-project\Order car insurance\order-car-insurance\Reports\20220329_124138\3. Get feedback insurance - Batch 1\20220329_124139\requests\main\279.har

2022-03-29 12:49:51 - [MESSAGE][PASSED] - Send request successfully

2022-03-29 12:49:51 - [TEST_STEP][PASSED] - response_feedback = feedback.getResponseText(): null

2022-03-29 12:49:51 - [TEST_STEP][PASSED] - markPassed("result feedback data : " + no + " norek : " + norek + " nopin : " + nopin): result feedback data : 186 norek : 9506008377 nopin : 001

2022-03-29 12:49:51 - [MESSAGE][PASSED] - result feedback data : 186 norek : 9506008377 nopin : 001

2022-03-29 12:49:51 - [TEST_STEP][PASSED] - logInfo($response_feedback): {
  "FeedbackCarInsuranceResponse" : {
    "errorCode" : "00",
    "errorMessage" : "Sukses"
  }
}

2022-03-29 12:49:51 - [MESSAGE][INFO] - {
  "FeedbackCarInsuranceResponse" : {
    "errorCode" : "00",
    "errorMessage" : "Sukses"
  }
}

2022-03-29 12:49:51 - [TEST_STEP][PASSED] - verifyElementPropertyValue(feedback, "FeedbackCarInsuranceResponse.errorMessage", "Sukses", CONTINUE_ON_FAILURE): Verify element property value successfully

2022-03-29 12:49:51 - [MESSAGE][PASSED] - Verify element property value successfully]]></system-out>
         <system-err><![CDATA[]]></system-err>
      </testcase>
      <testcase name="Test Cases/3. get token - feedback insurance" time="1.887" classname="Test Cases/3. get token - feedback insurance" status="PASSED">
         <system-out><![CDATA[2022-03-29 12:49:52 - [TEST_CASE][PASSED] - Test Cases/3. get token - feedback insurance: Test Cases/3. get token - feedback insurance

2022-03-29 12:49:52 - [TEST_STEP][PASSED] - token = sendRequest(findTestObject("1. Get-Token")): Send request successfully

2022-03-29 12:49:53 - [MESSAGE][INFO] - HAR: I:\app-testing\app-project\Order car insurance\order-car-insurance\Reports\20220329_124138\3. Get feedback insurance - Batch 1\20220329_124139\requests\main\280.har

2022-03-29 12:49:53 - [MESSAGE][PASSED] - Send request successfully

2022-03-29 12:49:53 - [TEST_STEP][PASSED] - slurper = new groovy.json.JsonSlurper(): null

2022-03-29 12:49:53 - [TEST_STEP][PASSED] - get_token = slurper.parseText(token.getResponseBodyContent()): null

2022-03-29 12:49:53 - [TEST_STEP][PASSED] - private_token = access_token: null

2022-03-29 12:49:53 - [TEST_STEP][PASSED] - global_token = private_token: null

2022-03-29 12:49:53 - [TEST_STEP][PASSED] - println("token is :" + global_token): null

2022-03-29 12:49:53 - [TEST_STEP][PASSED] - response_token = token.getResponseText(): null

2022-03-29 12:49:53 - [TEST_STEP][PASSED] - logInfo($response_token): {"fault":{"faultstring":"Access Denied for client ip : 8.29.105.53","detail":{"errorcode":"accesscontrol.IPDeniedAccess"}}}

2022-03-29 12:49:53 - [MESSAGE][INFO] - {"fault":{"faultstring":"Access Denied for client ip : 8.29.105.53","detail":{"errorcode":"accesscontrol.IPDeniedAccess"}}}

2022-03-29 12:49:53 - [TEST_STEP][PASSED] - feedback = sendRequest(findTestObject("4. Feedback-ins", ["s_key":global_token, "batchid":batchid, "norek":norek, "nopin":nopin, "custname":custname, "pemohon":pemohon, "branchid":branchid, ... ])): Send request successfully

2022-03-29 12:49:54 - [MESSAGE][INFO] - HAR: I:\app-testing\app-project\Order car insurance\order-car-insurance\Reports\20220329_124138\3. Get feedback insurance - Batch 1\20220329_124139\requests\main\281.har

2022-03-29 12:49:54 - [MESSAGE][PASSED] - Send request successfully

2022-03-29 12:49:54 - [TEST_STEP][PASSED] - response_feedback = feedback.getResponseText(): null

2022-03-29 12:49:54 - [TEST_STEP][PASSED] - markPassed("result feedback data : " + no + " norek : " + norek + " nopin : " + nopin): result feedback data : 187 norek : 9506008377 nopin : 001

2022-03-29 12:49:54 - [MESSAGE][PASSED] - result feedback data : 187 norek : 9506008377 nopin : 001

2022-03-29 12:49:54 - [TEST_STEP][PASSED] - logInfo($response_feedback): {
  "FeedbackCarInsuranceResponse" : {
    "errorCode" : "00",
    "errorMessage" : "Sukses"
  }
}

2022-03-29 12:49:54 - [MESSAGE][INFO] - {
  "FeedbackCarInsuranceResponse" : {
    "errorCode" : "00",
    "errorMessage" : "Sukses"
  }
}

2022-03-29 12:49:54 - [TEST_STEP][PASSED] - verifyElementPropertyValue(feedback, "FeedbackCarInsuranceResponse.errorMessage", "Sukses", CONTINUE_ON_FAILURE): Verify element property value successfully

2022-03-29 12:49:54 - [MESSAGE][PASSED] - Verify element property value successfully]]></system-out>
         <system-err><![CDATA[]]></system-err>
      </testcase>
      <testcase name="Test Cases/3. get token - feedback insurance" time="2.471" classname="Test Cases/3. get token - feedback insurance" status="PASSED">
         <system-out><![CDATA[2022-03-29 12:49:54 - [TEST_CASE][PASSED] - Test Cases/3. get token - feedback insurance: Test Cases/3. get token - feedback insurance

2022-03-29 12:49:54 - [TEST_STEP][PASSED] - token = sendRequest(findTestObject("1. Get-Token")): Send request successfully

2022-03-29 12:49:54 - [MESSAGE][INFO] - HAR: I:\app-testing\app-project\Order car insurance\order-car-insurance\Reports\20220329_124138\3. Get feedback insurance - Batch 1\20220329_124139\requests\main\282.har

2022-03-29 12:49:54 - [MESSAGE][PASSED] - Send request successfully

2022-03-29 12:49:54 - [TEST_STEP][PASSED] - slurper = new groovy.json.JsonSlurper(): null

2022-03-29 12:49:54 - [TEST_STEP][PASSED] - get_token = slurper.parseText(token.getResponseBodyContent()): null

2022-03-29 12:49:54 - [TEST_STEP][PASSED] - private_token = access_token: null

2022-03-29 12:49:54 - [TEST_STEP][PASSED] - global_token = private_token: null

2022-03-29 12:49:54 - [TEST_STEP][PASSED] - println("token is :" + global_token): null

2022-03-29 12:49:54 - [TEST_STEP][PASSED] - response_token = token.getResponseText(): null

2022-03-29 12:49:54 - [TEST_STEP][PASSED] - logInfo($response_token): {"fault":{"faultstring":"Access Denied for client ip : 8.29.105.53","detail":{"errorcode":"accesscontrol.IPDeniedAccess"}}}

2022-03-29 12:49:54 - [MESSAGE][INFO] - {"fault":{"faultstring":"Access Denied for client ip : 8.29.105.53","detail":{"errorcode":"accesscontrol.IPDeniedAccess"}}}

2022-03-29 12:49:54 - [TEST_STEP][PASSED] - feedback = sendRequest(findTestObject("4. Feedback-ins", ["s_key":global_token, "batchid":batchid, "norek":norek, "nopin":nopin, "custname":custname, "pemohon":pemohon, "branchid":branchid, ... ])): Send request successfully

2022-03-29 12:49:56 - [MESSAGE][INFO] - HAR: I:\app-testing\app-project\Order car insurance\order-car-insurance\Reports\20220329_124138\3. Get feedback insurance - Batch 1\20220329_124139\requests\main\283.har

2022-03-29 12:49:56 - [MESSAGE][PASSED] - Send request successfully

2022-03-29 12:49:56 - [TEST_STEP][PASSED] - response_feedback = feedback.getResponseText(): null

2022-03-29 12:49:56 - [TEST_STEP][PASSED] - markPassed("result feedback data : " + no + " norek : " + norek + " nopin : " + nopin): result feedback data : 188 norek : 9506008377 nopin : 001

2022-03-29 12:49:56 - [MESSAGE][PASSED] - result feedback data : 188 norek : 9506008377 nopin : 001

2022-03-29 12:49:56 - [TEST_STEP][PASSED] - logInfo($response_feedback): {
  "FeedbackCarInsuranceResponse" : {
    "errorCode" : "00",
    "errorMessage" : "Sukses"
  }
}

2022-03-29 12:49:56 - [MESSAGE][INFO] - {
  "FeedbackCarInsuranceResponse" : {
    "errorCode" : "00",
    "errorMessage" : "Sukses"
  }
}

2022-03-29 12:49:56 - [TEST_STEP][PASSED] - verifyElementPropertyValue(feedback, "FeedbackCarInsuranceResponse.errorMessage", "Sukses", CONTINUE_ON_FAILURE): Verify element property value successfully

2022-03-29 12:49:56 - [MESSAGE][PASSED] - Verify element property value successfully]]></system-out>
         <system-err><![CDATA[]]></system-err>
      </testcase>
      <testcase name="Test Cases/3. get token - feedback insurance" time="1.406" classname="Test Cases/3. get token - feedback insurance" status="PASSED">
         <system-out><![CDATA[2022-03-29 12:49:57 - [TEST_CASE][PASSED] - Test Cases/3. get token - feedback insurance: Test Cases/3. get token - feedback insurance

2022-03-29 12:49:57 - [TEST_STEP][PASSED] - token = sendRequest(findTestObject("1. Get-Token")): Send request successfully

2022-03-29 12:49:57 - [MESSAGE][INFO] - HAR: I:\app-testing\app-project\Order car insurance\order-car-insurance\Reports\20220329_124138\3. Get feedback insurance - Batch 1\20220329_124139\requests\main\284.har

2022-03-29 12:49:57 - [MESSAGE][PASSED] - Send request successfully

2022-03-29 12:49:57 - [TEST_STEP][PASSED] - slurper = new groovy.json.JsonSlurper(): null

2022-03-29 12:49:57 - [TEST_STEP][PASSED] - get_token = slurper.parseText(token.getResponseBodyContent()): null

2022-03-29 12:49:57 - [TEST_STEP][PASSED] - private_token = access_token: null

2022-03-29 12:49:57 - [TEST_STEP][PASSED] - global_token = private_token: null

2022-03-29 12:49:57 - [TEST_STEP][PASSED] - println("token is :" + global_token): null

2022-03-29 12:49:57 - [TEST_STEP][PASSED] - response_token = token.getResponseText(): null

2022-03-29 12:49:57 - [TEST_STEP][PASSED] - logInfo($response_token): {"fault":{"faultstring":"Access Denied for client ip : 8.29.105.53","detail":{"errorcode":"accesscontrol.IPDeniedAccess"}}}

2022-03-29 12:49:57 - [MESSAGE][INFO] - {"fault":{"faultstring":"Access Denied for client ip : 8.29.105.53","detail":{"errorcode":"accesscontrol.IPDeniedAccess"}}}

2022-03-29 12:49:57 - [TEST_STEP][PASSED] - feedback = sendRequest(findTestObject("4. Feedback-ins", ["s_key":global_token, "batchid":batchid, "norek":norek, "nopin":nopin, "custname":custname, "pemohon":pemohon, "branchid":branchid, ... ])): Send request successfully

2022-03-29 12:49:58 - [MESSAGE][INFO] - HAR: I:\app-testing\app-project\Order car insurance\order-car-insurance\Reports\20220329_124138\3. Get feedback insurance - Batch 1\20220329_124139\requests\main\285.har

2022-03-29 12:49:58 - [MESSAGE][PASSED] - Send request successfully

2022-03-29 12:49:58 - [TEST_STEP][PASSED] - response_feedback = feedback.getResponseText(): null

2022-03-29 12:49:58 - [TEST_STEP][PASSED] - markPassed("result feedback data : " + no + " norek : " + norek + " nopin : " + nopin): result feedback data : 189 norek : 9506008377 nopin : 001

2022-03-29 12:49:58 - [MESSAGE][PASSED] - result feedback data : 189 norek : 9506008377 nopin : 001

2022-03-29 12:49:58 - [TEST_STEP][PASSED] - logInfo($response_feedback): {
  "FeedbackCarInsuranceResponse" : {
    "errorCode" : "00",
    "errorMessage" : "Sukses"
  }
}

2022-03-29 12:49:58 - [MESSAGE][INFO] - {
  "FeedbackCarInsuranceResponse" : {
    "errorCode" : "00",
    "errorMessage" : "Sukses"
  }
}

2022-03-29 12:49:58 - [TEST_STEP][PASSED] - verifyElementPropertyValue(feedback, "FeedbackCarInsuranceResponse.errorMessage", "Sukses", CONTINUE_ON_FAILURE): Verify element property value successfully

2022-03-29 12:49:58 - [MESSAGE][PASSED] - Verify element property value successfully]]></system-out>
         <system-err><![CDATA[]]></system-err>
      </testcase>
      <testcase name="Test Cases/3. get token - feedback insurance" time="3.012" classname="Test Cases/3. get token - feedback insurance" status="PASSED">
         <system-out><![CDATA[2022-03-29 12:49:59 - [TEST_CASE][PASSED] - Test Cases/3. get token - feedback insurance: Test Cases/3. get token - feedback insurance

2022-03-29 12:49:59 - [TEST_STEP][PASSED] - token = sendRequest(findTestObject("1. Get-Token")): Send request successfully

2022-03-29 12:49:59 - [MESSAGE][INFO] - HAR: I:\app-testing\app-project\Order car insurance\order-car-insurance\Reports\20220329_124138\3. Get feedback insurance - Batch 1\20220329_124139\requests\main\286.har

2022-03-29 12:49:59 - [MESSAGE][PASSED] - Send request successfully

2022-03-29 12:49:59 - [TEST_STEP][PASSED] - slurper = new groovy.json.JsonSlurper(): null

2022-03-29 12:49:59 - [TEST_STEP][PASSED] - get_token = slurper.parseText(token.getResponseBodyContent()): null

2022-03-29 12:49:59 - [TEST_STEP][PASSED] - private_token = access_token: null

2022-03-29 12:49:59 - [TEST_STEP][PASSED] - global_token = private_token: null

2022-03-29 12:49:59 - [TEST_STEP][PASSED] - println("token is :" + global_token): null

2022-03-29 12:49:59 - [TEST_STEP][PASSED] - response_token = token.getResponseText(): null

2022-03-29 12:49:59 - [TEST_STEP][PASSED] - logInfo($response_token): {"fault":{"faultstring":"Access Denied for client ip : 8.29.105.53","detail":{"errorcode":"accesscontrol.IPDeniedAccess"}}}

2022-03-29 12:49:59 - [MESSAGE][INFO] - {"fault":{"faultstring":"Access Denied for client ip : 8.29.105.53","detail":{"errorcode":"accesscontrol.IPDeniedAccess"}}}

2022-03-29 12:49:59 - [TEST_STEP][PASSED] - feedback = sendRequest(findTestObject("4. Feedback-ins", ["s_key":global_token, "batchid":batchid, "norek":norek, "nopin":nopin, "custname":custname, "pemohon":pemohon, "branchid":branchid, ... ])): Send request successfully

2022-03-29 12:50:02 - [MESSAGE][INFO] - HAR: I:\app-testing\app-project\Order car insurance\order-car-insurance\Reports\20220329_124138\3. Get feedback insurance - Batch 1\20220329_124139\requests\main\287.har

2022-03-29 12:50:02 - [MESSAGE][PASSED] - Send request successfully

2022-03-29 12:50:02 - [TEST_STEP][PASSED] - response_feedback = feedback.getResponseText(): null

2022-03-29 12:50:02 - [TEST_STEP][PASSED] - markPassed("result feedback data : " + no + " norek : " + norek + " nopin : " + nopin): result feedback data : 190 norek : 9506008377 nopin : 001

2022-03-29 12:50:02 - [MESSAGE][PASSED] - result feedback data : 190 norek : 9506008377 nopin : 001

2022-03-29 12:50:02 - [TEST_STEP][PASSED] - logInfo($response_feedback): {
  "FeedbackCarInsuranceResponse" : {
    "errorCode" : "00",
    "errorMessage" : "Sukses"
  }
}

2022-03-29 12:50:02 - [MESSAGE][INFO] - {
  "FeedbackCarInsuranceResponse" : {
    "errorCode" : "00",
    "errorMessage" : "Sukses"
  }
}

2022-03-29 12:50:02 - [TEST_STEP][PASSED] - verifyElementPropertyValue(feedback, "FeedbackCarInsuranceResponse.errorMessage", "Sukses", CONTINUE_ON_FAILURE): Verify element property value successfully

2022-03-29 12:50:02 - [MESSAGE][PASSED] - Verify element property value successfully]]></system-out>
         <system-err><![CDATA[]]></system-err>
      </testcase>
      <testcase name="Test Cases/3. get token - feedback insurance" time="10.046" classname="Test Cases/3. get token - feedback insurance" status="PASSED">
         <system-out><![CDATA[2022-03-29 12:50:02 - [TEST_CASE][PASSED] - Test Cases/3. get token - feedback insurance: Test Cases/3. get token - feedback insurance

2022-03-29 12:50:02 - [TEST_STEP][PASSED] - token = sendRequest(findTestObject("1. Get-Token")): Send request successfully

2022-03-29 12:50:02 - [MESSAGE][INFO] - HAR: I:\app-testing\app-project\Order car insurance\order-car-insurance\Reports\20220329_124138\3. Get feedback insurance - Batch 1\20220329_124139\requests\main\288.har

2022-03-29 12:50:03 - [MESSAGE][PASSED] - Send request successfully

2022-03-29 12:50:03 - [TEST_STEP][PASSED] - slurper = new groovy.json.JsonSlurper(): null

2022-03-29 12:50:03 - [TEST_STEP][PASSED] - get_token = slurper.parseText(token.getResponseBodyContent()): null

2022-03-29 12:50:03 - [TEST_STEP][PASSED] - private_token = access_token: null

2022-03-29 12:50:03 - [TEST_STEP][PASSED] - global_token = private_token: null

2022-03-29 12:50:03 - [TEST_STEP][PASSED] - println("token is :" + global_token): null

2022-03-29 12:50:03 - [TEST_STEP][PASSED] - response_token = token.getResponseText(): null

2022-03-29 12:50:03 - [TEST_STEP][PASSED] - logInfo($response_token): {"fault":{"faultstring":"Access Denied for client ip : 8.29.105.53","detail":{"errorcode":"accesscontrol.IPDeniedAccess"}}}

2022-03-29 12:50:03 - [MESSAGE][INFO] - {"fault":{"faultstring":"Access Denied for client ip : 8.29.105.53","detail":{"errorcode":"accesscontrol.IPDeniedAccess"}}}

2022-03-29 12:50:03 - [TEST_STEP][PASSED] - feedback = sendRequest(findTestObject("4. Feedback-ins", ["s_key":global_token, "batchid":batchid, "norek":norek, "nopin":nopin, "custname":custname, "pemohon":pemohon, "branchid":branchid, ... ])): Send request successfully

2022-03-29 12:50:12 - [MESSAGE][INFO] - HAR: I:\app-testing\app-project\Order car insurance\order-car-insurance\Reports\20220329_124138\3. Get feedback insurance - Batch 1\20220329_124139\requests\main\289.har

2022-03-29 12:50:12 - [MESSAGE][PASSED] - Send request successfully

2022-03-29 12:50:12 - [TEST_STEP][PASSED] - response_feedback = feedback.getResponseText(): null

2022-03-29 12:50:12 - [TEST_STEP][PASSED] - markPassed("result feedback data : " + no + " norek : " + norek + " nopin : " + nopin): result feedback data : 191 norek : 9506008377 nopin : 001

2022-03-29 12:50:12 - [MESSAGE][PASSED] - result feedback data : 191 norek : 9506008377 nopin : 001

2022-03-29 12:50:12 - [TEST_STEP][PASSED] - logInfo($response_feedback): {
  "FeedbackCarInsuranceResponse" : {
    "errorCode" : "00",
    "errorMessage" : "Sukses"
  }
}

2022-03-29 12:50:12 - [MESSAGE][INFO] - {
  "FeedbackCarInsuranceResponse" : {
    "errorCode" : "00",
    "errorMessage" : "Sukses"
  }
}

2022-03-29 12:50:12 - [TEST_STEP][PASSED] - verifyElementPropertyValue(feedback, "FeedbackCarInsuranceResponse.errorMessage", "Sukses", CONTINUE_ON_FAILURE): Verify element property value successfully

2022-03-29 12:50:12 - [MESSAGE][PASSED] - Verify element property value successfully]]></system-out>
         <system-err><![CDATA[]]></system-err>
      </testcase>
      <testcase name="Test Cases/3. get token - feedback insurance" time="1.686" classname="Test Cases/3. get token - feedback insurance" status="PASSED">
         <system-out><![CDATA[2022-03-29 12:50:12 - [TEST_CASE][PASSED] - Test Cases/3. get token - feedback insurance: Test Cases/3. get token - feedback insurance

2022-03-29 12:50:13 - [TEST_STEP][PASSED] - token = sendRequest(findTestObject("1. Get-Token")): Send request successfully

2022-03-29 12:50:13 - [MESSAGE][INFO] - HAR: I:\app-testing\app-project\Order car insurance\order-car-insurance\Reports\20220329_124138\3. Get feedback insurance - Batch 1\20220329_124139\requests\main\290.har

2022-03-29 12:50:13 - [MESSAGE][PASSED] - Send request successfully

2022-03-29 12:50:13 - [TEST_STEP][PASSED] - slurper = new groovy.json.JsonSlurper(): null

2022-03-29 12:50:13 - [TEST_STEP][PASSED] - get_token = slurper.parseText(token.getResponseBodyContent()): null

2022-03-29 12:50:13 - [TEST_STEP][PASSED] - private_token = access_token: null

2022-03-29 12:50:13 - [TEST_STEP][PASSED] - global_token = private_token: null

2022-03-29 12:50:13 - [TEST_STEP][PASSED] - println("token is :" + global_token): null

2022-03-29 12:50:13 - [TEST_STEP][PASSED] - response_token = token.getResponseText(): null

2022-03-29 12:50:13 - [TEST_STEP][PASSED] - logInfo($response_token): {"fault":{"faultstring":"Access Denied for client ip : 8.29.105.53","detail":{"errorcode":"accesscontrol.IPDeniedAccess"}}}

2022-03-29 12:50:13 - [MESSAGE][INFO] - {"fault":{"faultstring":"Access Denied for client ip : 8.29.105.53","detail":{"errorcode":"accesscontrol.IPDeniedAccess"}}}

2022-03-29 12:50:13 - [TEST_STEP][PASSED] - feedback = sendRequest(findTestObject("4. Feedback-ins", ["s_key":global_token, "batchid":batchid, "norek":norek, "nopin":nopin, "custname":custname, "pemohon":pemohon, "branchid":branchid, ... ])): Send request successfully

2022-03-29 12:50:14 - [MESSAGE][INFO] - HAR: I:\app-testing\app-project\Order car insurance\order-car-insurance\Reports\20220329_124138\3. Get feedback insurance - Batch 1\20220329_124139\requests\main\291.har

2022-03-29 12:50:14 - [MESSAGE][PASSED] - Send request successfully

2022-03-29 12:50:14 - [TEST_STEP][PASSED] - response_feedback = feedback.getResponseText(): null

2022-03-29 12:50:14 - [TEST_STEP][PASSED] - markPassed("result feedback data : " + no + " norek : " + norek + " nopin : " + nopin): result feedback data : 192 norek : 9506008377 nopin : 001

2022-03-29 12:50:14 - [MESSAGE][PASSED] - result feedback data : 192 norek : 9506008377 nopin : 001

2022-03-29 12:50:14 - [TEST_STEP][PASSED] - logInfo($response_feedback): {
  "FeedbackCarInsuranceResponse" : {
    "errorCode" : "00",
    "errorMessage" : "Sukses"
  }
}

2022-03-29 12:50:14 - [MESSAGE][INFO] - {
  "FeedbackCarInsuranceResponse" : {
    "errorCode" : "00",
    "errorMessage" : "Sukses"
  }
}

2022-03-29 12:50:14 - [TEST_STEP][PASSED] - verifyElementPropertyValue(feedback, "FeedbackCarInsuranceResponse.errorMessage", "Sukses", CONTINUE_ON_FAILURE): Verify element property value successfully

2022-03-29 12:50:14 - [MESSAGE][PASSED] - Verify element property value successfully]]></system-out>
         <system-err><![CDATA[]]></system-err>
      </testcase>
      <testcase name="Test Cases/3. get token - feedback insurance" time="4.558" classname="Test Cases/3. get token - feedback insurance" status="PASSED">
         <system-out><![CDATA[2022-03-29 12:50:15 - [TEST_CASE][PASSED] - Test Cases/3. get token - feedback insurance: Test Cases/3. get token - feedback insurance

2022-03-29 12:50:15 - [TEST_STEP][PASSED] - token = sendRequest(findTestObject("1. Get-Token")): Send request successfully

2022-03-29 12:50:15 - [MESSAGE][INFO] - HAR: I:\app-testing\app-project\Order car insurance\order-car-insurance\Reports\20220329_124138\3. Get feedback insurance - Batch 1\20220329_124139\requests\main\292.har

2022-03-29 12:50:15 - [MESSAGE][PASSED] - Send request successfully

2022-03-29 12:50:15 - [TEST_STEP][PASSED] - slurper = new groovy.json.JsonSlurper(): null

2022-03-29 12:50:15 - [TEST_STEP][PASSED] - get_token = slurper.parseText(token.getResponseBodyContent()): null

2022-03-29 12:50:15 - [TEST_STEP][PASSED] - private_token = access_token: null

2022-03-29 12:50:15 - [TEST_STEP][PASSED] - global_token = private_token: null

2022-03-29 12:50:15 - [TEST_STEP][PASSED] - println("token is :" + global_token): null

2022-03-29 12:50:15 - [TEST_STEP][PASSED] - response_token = token.getResponseText(): null

2022-03-29 12:50:15 - [TEST_STEP][PASSED] - logInfo($response_token): {"fault":{"faultstring":"Access Denied for client ip : 8.29.105.53","detail":{"errorcode":"accesscontrol.IPDeniedAccess"}}}

2022-03-29 12:50:15 - [MESSAGE][INFO] - {"fault":{"faultstring":"Access Denied for client ip : 8.29.105.53","detail":{"errorcode":"accesscontrol.IPDeniedAccess"}}}

2022-03-29 12:50:15 - [TEST_STEP][PASSED] - feedback = sendRequest(findTestObject("4. Feedback-ins", ["s_key":global_token, "batchid":batchid, "norek":norek, "nopin":nopin, "custname":custname, "pemohon":pemohon, "branchid":branchid, ... ])): Send request successfully

2022-03-29 12:50:19 - [MESSAGE][INFO] - HAR: I:\app-testing\app-project\Order car insurance\order-car-insurance\Reports\20220329_124138\3. Get feedback insurance - Batch 1\20220329_124139\requests\main\293.har

2022-03-29 12:50:19 - [MESSAGE][PASSED] - Send request successfully

2022-03-29 12:50:19 - [TEST_STEP][PASSED] - response_feedback = feedback.getResponseText(): null

2022-03-29 12:50:19 - [TEST_STEP][PASSED] - markPassed("result feedback data : " + no + " norek : " + norek + " nopin : " + nopin): result feedback data : 193 norek : 9506008392 nopin : 001

2022-03-29 12:50:19 - [MESSAGE][PASSED] - result feedback data : 193 norek : 9506008392 nopin : 001

2022-03-29 12:50:19 - [TEST_STEP][PASSED] - logInfo($response_feedback): {
  "FeedbackCarInsuranceResponse" : {
    "errorCode" : "00",
    "errorMessage" : "Sukses"
  }
}

2022-03-29 12:50:19 - [MESSAGE][INFO] - {
  "FeedbackCarInsuranceResponse" : {
    "errorCode" : "00",
    "errorMessage" : "Sukses"
  }
}

2022-03-29 12:50:19 - [TEST_STEP][PASSED] - verifyElementPropertyValue(feedback, "FeedbackCarInsuranceResponse.errorMessage", "Sukses", CONTINUE_ON_FAILURE): Verify element property value successfully

2022-03-29 12:50:19 - [MESSAGE][PASSED] - Verify element property value successfully]]></system-out>
         <system-err><![CDATA[]]></system-err>
      </testcase>
      <testcase name="Test Cases/3. get token - feedback insurance" time="2.477" classname="Test Cases/3. get token - feedback insurance" status="PASSED">
         <system-out><![CDATA[2022-03-29 12:50:19 - [TEST_CASE][PASSED] - Test Cases/3. get token - feedback insurance: Test Cases/3. get token - feedback insurance

2022-03-29 12:50:20 - [TEST_STEP][PASSED] - token = sendRequest(findTestObject("1. Get-Token")): Send request successfully

2022-03-29 12:50:20 - [MESSAGE][INFO] - HAR: I:\app-testing\app-project\Order car insurance\order-car-insurance\Reports\20220329_124138\3. Get feedback insurance - Batch 1\20220329_124139\requests\main\294.har

2022-03-29 12:50:20 - [MESSAGE][PASSED] - Send request successfully

2022-03-29 12:50:20 - [TEST_STEP][PASSED] - slurper = new groovy.json.JsonSlurper(): null

2022-03-29 12:50:20 - [TEST_STEP][PASSED] - get_token = slurper.parseText(token.getResponseBodyContent()): null

2022-03-29 12:50:20 - [TEST_STEP][PASSED] - private_token = access_token: null

2022-03-29 12:50:20 - [TEST_STEP][PASSED] - global_token = private_token: null

2022-03-29 12:50:20 - [TEST_STEP][PASSED] - println("token is :" + global_token): null

2022-03-29 12:50:20 - [TEST_STEP][PASSED] - response_token = token.getResponseText(): null

2022-03-29 12:50:20 - [TEST_STEP][PASSED] - logInfo($response_token): {"fault":{"faultstring":"Access Denied for client ip : 8.29.105.53","detail":{"errorcode":"accesscontrol.IPDeniedAccess"}}}

2022-03-29 12:50:20 - [MESSAGE][INFO] - {"fault":{"faultstring":"Access Denied for client ip : 8.29.105.53","detail":{"errorcode":"accesscontrol.IPDeniedAccess"}}}

2022-03-29 12:50:20 - [TEST_STEP][PASSED] - feedback = sendRequest(findTestObject("4. Feedback-ins", ["s_key":global_token, "batchid":batchid, "norek":norek, "nopin":nopin, "custname":custname, "pemohon":pemohon, "branchid":branchid, ... ])): Send request successfully

2022-03-29 12:50:22 - [MESSAGE][INFO] - HAR: I:\app-testing\app-project\Order car insurance\order-car-insurance\Reports\20220329_124138\3. Get feedback insurance - Batch 1\20220329_124139\requests\main\295.har

2022-03-29 12:50:22 - [MESSAGE][PASSED] - Send request successfully

2022-03-29 12:50:22 - [TEST_STEP][PASSED] - response_feedback = feedback.getResponseText(): null

2022-03-29 12:50:22 - [TEST_STEP][PASSED] - markPassed("result feedback data : " + no + " norek : " + norek + " nopin : " + nopin): result feedback data : 194 norek : 9506008392 nopin : 001

2022-03-29 12:50:22 - [MESSAGE][PASSED] - result feedback data : 194 norek : 9506008392 nopin : 001

2022-03-29 12:50:22 - [TEST_STEP][PASSED] - logInfo($response_feedback): {
  "FeedbackCarInsuranceResponse" : {
    "errorCode" : "00",
    "errorMessage" : "Sukses"
  }
}

2022-03-29 12:50:22 - [MESSAGE][INFO] - {
  "FeedbackCarInsuranceResponse" : {
    "errorCode" : "00",
    "errorMessage" : "Sukses"
  }
}

2022-03-29 12:50:22 - [TEST_STEP][PASSED] - verifyElementPropertyValue(feedback, "FeedbackCarInsuranceResponse.errorMessage", "Sukses", CONTINUE_ON_FAILURE): Verify element property value successfully

2022-03-29 12:50:22 - [MESSAGE][PASSED] - Verify element property value successfully]]></system-out>
         <system-err><![CDATA[]]></system-err>
      </testcase>
      <testcase name="Test Cases/3. get token - feedback insurance" time="5.309" classname="Test Cases/3. get token - feedback insurance" status="PASSED">
         <system-out><![CDATA[2022-03-29 12:50:22 - [TEST_CASE][PASSED] - Test Cases/3. get token - feedback insurance: Test Cases/3. get token - feedback insurance

2022-03-29 12:50:22 - [TEST_STEP][PASSED] - token = sendRequest(findTestObject("1. Get-Token")): Send request successfully

2022-03-29 12:50:23 - [MESSAGE][INFO] - HAR: I:\app-testing\app-project\Order car insurance\order-car-insurance\Reports\20220329_124138\3. Get feedback insurance - Batch 1\20220329_124139\requests\main\296.har

2022-03-29 12:50:23 - [MESSAGE][PASSED] - Send request successfully

2022-03-29 12:50:23 - [TEST_STEP][PASSED] - slurper = new groovy.json.JsonSlurper(): null

2022-03-29 12:50:23 - [TEST_STEP][PASSED] - get_token = slurper.parseText(token.getResponseBodyContent()): null

2022-03-29 12:50:23 - [TEST_STEP][PASSED] - private_token = access_token: null

2022-03-29 12:50:23 - [TEST_STEP][PASSED] - global_token = private_token: null

2022-03-29 12:50:23 - [TEST_STEP][PASSED] - println("token is :" + global_token): null

2022-03-29 12:50:23 - [TEST_STEP][PASSED] - response_token = token.getResponseText(): null

2022-03-29 12:50:23 - [TEST_STEP][PASSED] - logInfo($response_token): {"fault":{"faultstring":"Access Denied for client ip : 8.29.105.53","detail":{"errorcode":"accesscontrol.IPDeniedAccess"}}}

2022-03-29 12:50:23 - [MESSAGE][INFO] - {"fault":{"faultstring":"Access Denied for client ip : 8.29.105.53","detail":{"errorcode":"accesscontrol.IPDeniedAccess"}}}

2022-03-29 12:50:23 - [TEST_STEP][PASSED] - feedback = sendRequest(findTestObject("4. Feedback-ins", ["s_key":global_token, "batchid":batchid, "norek":norek, "nopin":nopin, "custname":custname, "pemohon":pemohon, "branchid":branchid, ... ])): Send request successfully

2022-03-29 12:50:28 - [MESSAGE][INFO] - HAR: I:\app-testing\app-project\Order car insurance\order-car-insurance\Reports\20220329_124138\3. Get feedback insurance - Batch 1\20220329_124139\requests\main\297.har

2022-03-29 12:50:28 - [MESSAGE][PASSED] - Send request successfully

2022-03-29 12:50:28 - [TEST_STEP][PASSED] - response_feedback = feedback.getResponseText(): null

2022-03-29 12:50:28 - [TEST_STEP][PASSED] - markPassed("result feedback data : " + no + " norek : " + norek + " nopin : " + nopin): result feedback data : 195 norek : 9506008392 nopin : 001

2022-03-29 12:50:28 - [MESSAGE][PASSED] - result feedback data : 195 norek : 9506008392 nopin : 001

2022-03-29 12:50:28 - [TEST_STEP][PASSED] - logInfo($response_feedback): {
  "FeedbackCarInsuranceResponse" : {
    "errorCode" : "00",
    "errorMessage" : "Sukses"
  }
}

2022-03-29 12:50:28 - [MESSAGE][INFO] - {
  "FeedbackCarInsuranceResponse" : {
    "errorCode" : "00",
    "errorMessage" : "Sukses"
  }
}

2022-03-29 12:50:28 - [TEST_STEP][PASSED] - verifyElementPropertyValue(feedback, "FeedbackCarInsuranceResponse.errorMessage", "Sukses", CONTINUE_ON_FAILURE): Verify element property value successfully

2022-03-29 12:50:28 - [MESSAGE][PASSED] - Verify element property value successfully]]></system-out>
         <system-err><![CDATA[]]></system-err>
      </testcase>
      <testcase name="Test Cases/3. get token - feedback insurance" time="2.443" classname="Test Cases/3. get token - feedback insurance" status="PASSED">
         <system-out><![CDATA[2022-03-29 12:50:28 - [TEST_CASE][PASSED] - Test Cases/3. get token - feedback insurance: Test Cases/3. get token - feedback insurance

2022-03-29 12:50:28 - [TEST_STEP][PASSED] - token = sendRequest(findTestObject("1. Get-Token")): Send request successfully

2022-03-29 12:50:29 - [MESSAGE][INFO] - HAR: I:\app-testing\app-project\Order car insurance\order-car-insurance\Reports\20220329_124138\3. Get feedback insurance - Batch 1\20220329_124139\requests\main\298.har

2022-03-29 12:50:29 - [MESSAGE][PASSED] - Send request successfully

2022-03-29 12:50:29 - [TEST_STEP][PASSED] - slurper = new groovy.json.JsonSlurper(): null

2022-03-29 12:50:29 - [TEST_STEP][PASSED] - get_token = slurper.parseText(token.getResponseBodyContent()): null

2022-03-29 12:50:29 - [TEST_STEP][PASSED] - private_token = access_token: null

2022-03-29 12:50:29 - [TEST_STEP][PASSED] - global_token = private_token: null

2022-03-29 12:50:29 - [TEST_STEP][PASSED] - println("token is :" + global_token): null

2022-03-29 12:50:29 - [TEST_STEP][PASSED] - response_token = token.getResponseText(): null

2022-03-29 12:50:29 - [TEST_STEP][PASSED] - logInfo($response_token): {"fault":{"faultstring":"Access Denied for client ip : 8.29.105.53","detail":{"errorcode":"accesscontrol.IPDeniedAccess"}}}

2022-03-29 12:50:29 - [MESSAGE][INFO] - {"fault":{"faultstring":"Access Denied for client ip : 8.29.105.53","detail":{"errorcode":"accesscontrol.IPDeniedAccess"}}}

2022-03-29 12:50:29 - [TEST_STEP][PASSED] - feedback = sendRequest(findTestObject("4. Feedback-ins", ["s_key":global_token, "batchid":batchid, "norek":norek, "nopin":nopin, "custname":custname, "pemohon":pemohon, "branchid":branchid, ... ])): Send request successfully

2022-03-29 12:50:30 - [MESSAGE][INFO] - HAR: I:\app-testing\app-project\Order car insurance\order-car-insurance\Reports\20220329_124138\3. Get feedback insurance - Batch 1\20220329_124139\requests\main\299.har

2022-03-29 12:50:30 - [MESSAGE][PASSED] - Send request successfully

2022-03-29 12:50:30 - [TEST_STEP][PASSED] - response_feedback = feedback.getResponseText(): null

2022-03-29 12:50:30 - [TEST_STEP][PASSED] - markPassed("result feedback data : " + no + " norek : " + norek + " nopin : " + nopin): result feedback data : 196 norek : 9506008392 nopin : 001

2022-03-29 12:50:30 - [MESSAGE][PASSED] - result feedback data : 196 norek : 9506008392 nopin : 001

2022-03-29 12:50:30 - [TEST_STEP][PASSED] - logInfo($response_feedback): {
  "FeedbackCarInsuranceResponse" : {
    "errorCode" : "00",
    "errorMessage" : "Sukses"
  }
}

2022-03-29 12:50:30 - [MESSAGE][INFO] - {
  "FeedbackCarInsuranceResponse" : {
    "errorCode" : "00",
    "errorMessage" : "Sukses"
  }
}

2022-03-29 12:50:30 - [TEST_STEP][PASSED] - verifyElementPropertyValue(feedback, "FeedbackCarInsuranceResponse.errorMessage", "Sukses", CONTINUE_ON_FAILURE): Verify element property value successfully

2022-03-29 12:50:31 - [MESSAGE][PASSED] - Verify element property value successfully]]></system-out>
         <system-err><![CDATA[]]></system-err>
      </testcase>
      <testcase name="Test Cases/3. get token - feedback insurance" time="2.582" classname="Test Cases/3. get token - feedback insurance" status="PASSED">
         <system-out><![CDATA[2022-03-29 12:50:31 - [TEST_CASE][PASSED] - Test Cases/3. get token - feedback insurance: Test Cases/3. get token - feedback insurance

2022-03-29 12:50:31 - [TEST_STEP][PASSED] - token = sendRequest(findTestObject("1. Get-Token")): Send request successfully

2022-03-29 12:50:31 - [MESSAGE][INFO] - HAR: I:\app-testing\app-project\Order car insurance\order-car-insurance\Reports\20220329_124138\3. Get feedback insurance - Batch 1\20220329_124139\requests\main\300.har

2022-03-29 12:50:31 - [MESSAGE][PASSED] - Send request successfully

2022-03-29 12:50:31 - [TEST_STEP][PASSED] - slurper = new groovy.json.JsonSlurper(): null

2022-03-29 12:50:31 - [TEST_STEP][PASSED] - get_token = slurper.parseText(token.getResponseBodyContent()): null

2022-03-29 12:50:31 - [TEST_STEP][PASSED] - private_token = access_token: null

2022-03-29 12:50:31 - [TEST_STEP][PASSED] - global_token = private_token: null

2022-03-29 12:50:31 - [TEST_STEP][PASSED] - println("token is :" + global_token): null

2022-03-29 12:50:31 - [TEST_STEP][PASSED] - response_token = token.getResponseText(): null

2022-03-29 12:50:31 - [TEST_STEP][PASSED] - logInfo($response_token): {"fault":{"faultstring":"Access Denied for client ip : 8.29.105.53","detail":{"errorcode":"accesscontrol.IPDeniedAccess"}}}

2022-03-29 12:50:31 - [MESSAGE][INFO] - {"fault":{"faultstring":"Access Denied for client ip : 8.29.105.53","detail":{"errorcode":"accesscontrol.IPDeniedAccess"}}}

2022-03-29 12:50:31 - [TEST_STEP][PASSED] - feedback = sendRequest(findTestObject("4. Feedback-ins", ["s_key":global_token, "batchid":batchid, "norek":norek, "nopin":nopin, "custname":custname, "pemohon":pemohon, "branchid":branchid, ... ])): Send request successfully

2022-03-29 12:50:33 - [MESSAGE][INFO] - HAR: I:\app-testing\app-project\Order car insurance\order-car-insurance\Reports\20220329_124138\3. Get feedback insurance - Batch 1\20220329_124139\requests\main\301.har

2022-03-29 12:50:33 - [MESSAGE][PASSED] - Send request successfully

2022-03-29 12:50:33 - [TEST_STEP][PASSED] - response_feedback = feedback.getResponseText(): null

2022-03-29 12:50:33 - [TEST_STEP][PASSED] - markPassed("result feedback data : " + no + " norek : " + norek + " nopin : " + nopin): result feedback data : 197 norek : 9506008392 nopin : 001

2022-03-29 12:50:33 - [MESSAGE][PASSED] - result feedback data : 197 norek : 9506008392 nopin : 001

2022-03-29 12:50:33 - [TEST_STEP][PASSED] - logInfo($response_feedback): {
  "FeedbackCarInsuranceResponse" : {
    "errorCode" : "00",
    "errorMessage" : "Sukses"
  }
}

2022-03-29 12:50:33 - [MESSAGE][INFO] - {
  "FeedbackCarInsuranceResponse" : {
    "errorCode" : "00",
    "errorMessage" : "Sukses"
  }
}

2022-03-29 12:50:33 - [TEST_STEP][PASSED] - verifyElementPropertyValue(feedback, "FeedbackCarInsuranceResponse.errorMessage", "Sukses", CONTINUE_ON_FAILURE): Verify element property value successfully

2022-03-29 12:50:33 - [MESSAGE][PASSED] - Verify element property value successfully]]></system-out>
         <system-err><![CDATA[]]></system-err>
      </testcase>
      <testcase name="Test Cases/3. get token - feedback insurance" time="2.142" classname="Test Cases/3. get token - feedback insurance" status="PASSED">
         <system-out><![CDATA[2022-03-29 12:50:34 - [TEST_CASE][PASSED] - Test Cases/3. get token - feedback insurance: Test Cases/3. get token - feedback insurance

2022-03-29 12:50:34 - [TEST_STEP][PASSED] - token = sendRequest(findTestObject("1. Get-Token")): Send request successfully

2022-03-29 12:50:34 - [MESSAGE][INFO] - HAR: I:\app-testing\app-project\Order car insurance\order-car-insurance\Reports\20220329_124138\3. Get feedback insurance - Batch 1\20220329_124139\requests\main\302.har

2022-03-29 12:50:34 - [MESSAGE][PASSED] - Send request successfully

2022-03-29 12:50:34 - [TEST_STEP][PASSED] - slurper = new groovy.json.JsonSlurper(): null

2022-03-29 12:50:34 - [TEST_STEP][PASSED] - get_token = slurper.parseText(token.getResponseBodyContent()): null

2022-03-29 12:50:34 - [TEST_STEP][PASSED] - private_token = access_token: null

2022-03-29 12:50:34 - [TEST_STEP][PASSED] - global_token = private_token: null

2022-03-29 12:50:34 - [TEST_STEP][PASSED] - println("token is :" + global_token): null

2022-03-29 12:50:34 - [TEST_STEP][PASSED] - response_token = token.getResponseText(): null

2022-03-29 12:50:34 - [TEST_STEP][PASSED] - logInfo($response_token): {"fault":{"faultstring":"Access Denied for client ip : 8.29.105.53","detail":{"errorcode":"accesscontrol.IPDeniedAccess"}}}

2022-03-29 12:50:34 - [MESSAGE][INFO] - {"fault":{"faultstring":"Access Denied for client ip : 8.29.105.53","detail":{"errorcode":"accesscontrol.IPDeniedAccess"}}}

2022-03-29 12:50:34 - [TEST_STEP][PASSED] - feedback = sendRequest(findTestObject("4. Feedback-ins", ["s_key":global_token, "batchid":batchid, "norek":norek, "nopin":nopin, "custname":custname, "pemohon":pemohon, "branchid":branchid, ... ])): Send request successfully

2022-03-29 12:50:36 - [MESSAGE][INFO] - HAR: I:\app-testing\app-project\Order car insurance\order-car-insurance\Reports\20220329_124138\3. Get feedback insurance - Batch 1\20220329_124139\requests\main\303.har

2022-03-29 12:50:36 - [MESSAGE][PASSED] - Send request successfully

2022-03-29 12:50:36 - [TEST_STEP][PASSED] - response_feedback = feedback.getResponseText(): null

2022-03-29 12:50:36 - [TEST_STEP][PASSED] - markPassed("result feedback data : " + no + " norek : " + norek + " nopin : " + nopin): result feedback data : 198 norek : 9506008392 nopin : 001

2022-03-29 12:50:36 - [MESSAGE][PASSED] - result feedback data : 198 norek : 9506008392 nopin : 001

2022-03-29 12:50:36 - [TEST_STEP][PASSED] - logInfo($response_feedback): {
  "FeedbackCarInsuranceResponse" : {
    "errorCode" : "00",
    "errorMessage" : "Sukses"
  }
}

2022-03-29 12:50:36 - [MESSAGE][INFO] - {
  "FeedbackCarInsuranceResponse" : {
    "errorCode" : "00",
    "errorMessage" : "Sukses"
  }
}

2022-03-29 12:50:36 - [TEST_STEP][PASSED] - verifyElementPropertyValue(feedback, "FeedbackCarInsuranceResponse.errorMessage", "Sukses", CONTINUE_ON_FAILURE): Verify element property value successfully

2022-03-29 12:50:36 - [MESSAGE][PASSED] - Verify element property value successfully]]></system-out>
         <system-err><![CDATA[]]></system-err>
      </testcase>
      <testcase name="Test Cases/3. get token - feedback insurance" time="7.648" classname="Test Cases/3. get token - feedback insurance" status="PASSED">
         <system-out><![CDATA[2022-03-29 12:50:36 - [TEST_CASE][PASSED] - Test Cases/3. get token - feedback insurance: Test Cases/3. get token - feedback insurance

2022-03-29 12:50:36 - [TEST_STEP][PASSED] - token = sendRequest(findTestObject("1. Get-Token")): Send request successfully

2022-03-29 12:50:39 - [MESSAGE][INFO] - HAR: I:\app-testing\app-project\Order car insurance\order-car-insurance\Reports\20220329_124138\3. Get feedback insurance - Batch 1\20220329_124139\requests\main\304.har

2022-03-29 12:50:39 - [MESSAGE][PASSED] - Send request successfully

2022-03-29 12:50:39 - [TEST_STEP][PASSED] - slurper = new groovy.json.JsonSlurper(): null

2022-03-29 12:50:39 - [TEST_STEP][PASSED] - get_token = slurper.parseText(token.getResponseBodyContent()): null

2022-03-29 12:50:39 - [TEST_STEP][PASSED] - private_token = access_token: null

2022-03-29 12:50:39 - [TEST_STEP][PASSED] - global_token = private_token: null

2022-03-29 12:50:39 - [TEST_STEP][PASSED] - println("token is :" + global_token): null

2022-03-29 12:50:39 - [TEST_STEP][PASSED] - response_token = token.getResponseText(): null

2022-03-29 12:50:39 - [TEST_STEP][PASSED] - logInfo($response_token): {"fault":{"faultstring":"Access Denied for client ip : 8.29.105.53","detail":{"errorcode":"accesscontrol.IPDeniedAccess"}}}

2022-03-29 12:50:39 - [MESSAGE][INFO] - {"fault":{"faultstring":"Access Denied for client ip : 8.29.105.53","detail":{"errorcode":"accesscontrol.IPDeniedAccess"}}}

2022-03-29 12:50:39 - [TEST_STEP][PASSED] - feedback = sendRequest(findTestObject("4. Feedback-ins", ["s_key":global_token, "batchid":batchid, "norek":norek, "nopin":nopin, "custname":custname, "pemohon":pemohon, "branchid":branchid, ... ])): Send request successfully

2022-03-29 12:50:44 - [MESSAGE][INFO] - HAR: I:\app-testing\app-project\Order car insurance\order-car-insurance\Reports\20220329_124138\3. Get feedback insurance - Batch 1\20220329_124139\requests\main\305.har

2022-03-29 12:50:44 - [MESSAGE][PASSED] - Send request successfully

2022-03-29 12:50:44 - [TEST_STEP][PASSED] - response_feedback = feedback.getResponseText(): null

2022-03-29 12:50:44 - [TEST_STEP][PASSED] - markPassed("result feedback data : " + no + " norek : " + norek + " nopin : " + nopin): result feedback data : 199 norek : 9506008392 nopin : 001

2022-03-29 12:50:44 - [MESSAGE][PASSED] - result feedback data : 199 norek : 9506008392 nopin : 001

2022-03-29 12:50:44 - [TEST_STEP][PASSED] - logInfo($response_feedback): {
  "FeedbackCarInsuranceResponse" : {
    "errorCode" : "00",
    "errorMessage" : "Sukses"
  }
}

2022-03-29 12:50:44 - [MESSAGE][INFO] - {
  "FeedbackCarInsuranceResponse" : {
    "errorCode" : "00",
    "errorMessage" : "Sukses"
  }
}

2022-03-29 12:50:44 - [TEST_STEP][PASSED] - verifyElementPropertyValue(feedback, "FeedbackCarInsuranceResponse.errorMessage", "Sukses", CONTINUE_ON_FAILURE): Verify element property value successfully

2022-03-29 12:50:44 - [MESSAGE][PASSED] - Verify element property value successfully]]></system-out>
         <system-err><![CDATA[]]></system-err>
      </testcase>
      <testcase name="Test Cases/3. get token - feedback insurance" time="5.021" classname="Test Cases/3. get token - feedback insurance" status="PASSED">
         <system-out><![CDATA[2022-03-29 12:50:44 - [TEST_CASE][PASSED] - Test Cases/3. get token - feedback insurance: Test Cases/3. get token - feedback insurance

2022-03-29 12:50:44 - [TEST_STEP][PASSED] - token = sendRequest(findTestObject("1. Get-Token")): Send request successfully

2022-03-29 12:50:45 - [MESSAGE][INFO] - HAR: I:\app-testing\app-project\Order car insurance\order-car-insurance\Reports\20220329_124138\3. Get feedback insurance - Batch 1\20220329_124139\requests\main\306.har

2022-03-29 12:50:45 - [MESSAGE][PASSED] - Send request successfully

2022-03-29 12:50:45 - [TEST_STEP][PASSED] - slurper = new groovy.json.JsonSlurper(): null

2022-03-29 12:50:45 - [TEST_STEP][PASSED] - get_token = slurper.parseText(token.getResponseBodyContent()): null

2022-03-29 12:50:45 - [TEST_STEP][PASSED] - private_token = access_token: null

2022-03-29 12:50:45 - [TEST_STEP][PASSED] - global_token = private_token: null

2022-03-29 12:50:45 - [TEST_STEP][PASSED] - println("token is :" + global_token): null

2022-03-29 12:50:45 - [TEST_STEP][PASSED] - response_token = token.getResponseText(): null

2022-03-29 12:50:45 - [TEST_STEP][PASSED] - logInfo($response_token): {"fault":{"faultstring":"Access Denied for client ip : 8.29.105.53","detail":{"errorcode":"accesscontrol.IPDeniedAccess"}}}

2022-03-29 12:50:45 - [MESSAGE][INFO] - {"fault":{"faultstring":"Access Denied for client ip : 8.29.105.53","detail":{"errorcode":"accesscontrol.IPDeniedAccess"}}}

2022-03-29 12:50:45 - [TEST_STEP][PASSED] - feedback = sendRequest(findTestObject("4. Feedback-ins", ["s_key":global_token, "batchid":batchid, "norek":norek, "nopin":nopin, "custname":custname, "pemohon":pemohon, "branchid":branchid, ... ])): Send request successfully

2022-03-29 12:50:49 - [MESSAGE][INFO] - HAR: I:\app-testing\app-project\Order car insurance\order-car-insurance\Reports\20220329_124138\3. Get feedback insurance - Batch 1\20220329_124139\requests\main\307.har

2022-03-29 12:50:49 - [MESSAGE][PASSED] - Send request successfully

2022-03-29 12:50:49 - [TEST_STEP][PASSED] - response_feedback = feedback.getResponseText(): null

2022-03-29 12:50:49 - [TEST_STEP][PASSED] - markPassed("result feedback data : " + no + " norek : " + norek + " nopin : " + nopin): result feedback data : 200 norek : 9506008392 nopin : 001

2022-03-29 12:50:49 - [MESSAGE][PASSED] - result feedback data : 200 norek : 9506008392 nopin : 001

2022-03-29 12:50:49 - [TEST_STEP][PASSED] - logInfo($response_feedback): {
  "FeedbackCarInsuranceResponse" : {
    "errorCode" : "00",
    "errorMessage" : "Sukses"
  }
}

2022-03-29 12:50:49 - [MESSAGE][INFO] - {
  "FeedbackCarInsuranceResponse" : {
    "errorCode" : "00",
    "errorMessage" : "Sukses"
  }
}

2022-03-29 12:50:49 - [TEST_STEP][PASSED] - verifyElementPropertyValue(feedback, "FeedbackCarInsuranceResponse.errorMessage", "Sukses", CONTINUE_ON_FAILURE): Verify element property value successfully

2022-03-29 12:50:49 - [MESSAGE][PASSED] - Verify element property value successfully]]></system-out>
         <system-err><![CDATA[]]></system-err>
      </testcase>
      <testcase name="Test Cases/3. get token - feedback insurance" time="1.785" classname="Test Cases/3. get token - feedback insurance" status="PASSED">
         <system-out><![CDATA[2022-03-29 12:50:50 - [TEST_CASE][PASSED] - Test Cases/3. get token - feedback insurance: Test Cases/3. get token - feedback insurance

2022-03-29 12:50:50 - [TEST_STEP][PASSED] - token = sendRequest(findTestObject("1. Get-Token")): Send request successfully

2022-03-29 12:50:50 - [MESSAGE][INFO] - HAR: I:\app-testing\app-project\Order car insurance\order-car-insurance\Reports\20220329_124138\3. Get feedback insurance - Batch 1\20220329_124139\requests\main\308.har

2022-03-29 12:50:50 - [MESSAGE][PASSED] - Send request successfully

2022-03-29 12:50:50 - [TEST_STEP][PASSED] - slurper = new groovy.json.JsonSlurper(): null

2022-03-29 12:50:50 - [TEST_STEP][PASSED] - get_token = slurper.parseText(token.getResponseBodyContent()): null

2022-03-29 12:50:50 - [TEST_STEP][PASSED] - private_token = access_token: null

2022-03-29 12:50:50 - [TEST_STEP][PASSED] - global_token = private_token: null

2022-03-29 12:50:50 - [TEST_STEP][PASSED] - println("token is :" + global_token): null

2022-03-29 12:50:50 - [TEST_STEP][PASSED] - response_token = token.getResponseText(): null

2022-03-29 12:50:50 - [TEST_STEP][PASSED] - logInfo($response_token): {"fault":{"faultstring":"Access Denied for client ip : 8.29.105.53","detail":{"errorcode":"accesscontrol.IPDeniedAccess"}}}

2022-03-29 12:50:50 - [MESSAGE][INFO] - {"fault":{"faultstring":"Access Denied for client ip : 8.29.105.53","detail":{"errorcode":"accesscontrol.IPDeniedAccess"}}}

2022-03-29 12:50:50 - [TEST_STEP][PASSED] - feedback = sendRequest(findTestObject("4. Feedback-ins", ["s_key":global_token, "batchid":batchid, "norek":norek, "nopin":nopin, "custname":custname, "pemohon":pemohon, "branchid":branchid, ... ])): Send request successfully

2022-03-29 12:50:52 - [MESSAGE][INFO] - HAR: I:\app-testing\app-project\Order car insurance\order-car-insurance\Reports\20220329_124138\3. Get feedback insurance - Batch 1\20220329_124139\requests\main\309.har

2022-03-29 12:50:52 - [MESSAGE][PASSED] - Send request successfully

2022-03-29 12:50:52 - [TEST_STEP][PASSED] - response_feedback = feedback.getResponseText(): null

2022-03-29 12:50:52 - [TEST_STEP][PASSED] - markPassed("result feedback data : " + no + " norek : " + norek + " nopin : " + nopin): result feedback data : 201 norek : 9506008392 nopin : 001

2022-03-29 12:50:52 - [MESSAGE][PASSED] - result feedback data : 201 norek : 9506008392 nopin : 001

2022-03-29 12:50:52 - [TEST_STEP][PASSED] - logInfo($response_feedback): {
  "FeedbackCarInsuranceResponse" : {
    "errorCode" : "00",
    "errorMessage" : "Sukses"
  }
}

2022-03-29 12:50:52 - [MESSAGE][INFO] - {
  "FeedbackCarInsuranceResponse" : {
    "errorCode" : "00",
    "errorMessage" : "Sukses"
  }
}

2022-03-29 12:50:52 - [TEST_STEP][PASSED] - verifyElementPropertyValue(feedback, "FeedbackCarInsuranceResponse.errorMessage", "Sukses", CONTINUE_ON_FAILURE): Verify element property value successfully

2022-03-29 12:50:52 - [MESSAGE][PASSED] - Verify element property value successfully]]></system-out>
         <system-err><![CDATA[]]></system-err>
      </testcase>
      <testcase name="Test Cases/3. get token - feedback insurance" time="2.042" classname="Test Cases/3. get token - feedback insurance" status="PASSED">
         <system-out><![CDATA[2022-03-29 12:50:52 - [TEST_CASE][PASSED] - Test Cases/3. get token - feedback insurance: Test Cases/3. get token - feedback insurance

2022-03-29 12:50:52 - [TEST_STEP][PASSED] - token = sendRequest(findTestObject("1. Get-Token")): Send request successfully

2022-03-29 12:50:52 - [MESSAGE][INFO] - HAR: I:\app-testing\app-project\Order car insurance\order-car-insurance\Reports\20220329_124138\3. Get feedback insurance - Batch 1\20220329_124139\requests\main\310.har

2022-03-29 12:50:52 - [MESSAGE][PASSED] - Send request successfully

2022-03-29 12:50:52 - [TEST_STEP][PASSED] - slurper = new groovy.json.JsonSlurper(): null

2022-03-29 12:50:52 - [TEST_STEP][PASSED] - get_token = slurper.parseText(token.getResponseBodyContent()): null

2022-03-29 12:50:52 - [TEST_STEP][PASSED] - private_token = access_token: null

2022-03-29 12:50:52 - [TEST_STEP][PASSED] - global_token = private_token: null

2022-03-29 12:50:52 - [TEST_STEP][PASSED] - println("token is :" + global_token): null

2022-03-29 12:50:52 - [TEST_STEP][PASSED] - response_token = token.getResponseText(): null

2022-03-29 12:50:52 - [TEST_STEP][PASSED] - logInfo($response_token): {"fault":{"faultstring":"Access Denied for client ip : 8.29.105.53","detail":{"errorcode":"accesscontrol.IPDeniedAccess"}}}

2022-03-29 12:50:52 - [MESSAGE][INFO] - {"fault":{"faultstring":"Access Denied for client ip : 8.29.105.53","detail":{"errorcode":"accesscontrol.IPDeniedAccess"}}}

2022-03-29 12:50:52 - [TEST_STEP][PASSED] - feedback = sendRequest(findTestObject("4. Feedback-ins", ["s_key":global_token, "batchid":batchid, "norek":norek, "nopin":nopin, "custname":custname, "pemohon":pemohon, "branchid":branchid, ... ])): Send request successfully

2022-03-29 12:50:54 - [MESSAGE][INFO] - HAR: I:\app-testing\app-project\Order car insurance\order-car-insurance\Reports\20220329_124138\3. Get feedback insurance - Batch 1\20220329_124139\requests\main\311.har

2022-03-29 12:50:54 - [MESSAGE][PASSED] - Send request successfully

2022-03-29 12:50:54 - [TEST_STEP][PASSED] - response_feedback = feedback.getResponseText(): null

2022-03-29 12:50:54 - [TEST_STEP][PASSED] - markPassed("result feedback data : " + no + " norek : " + norek + " nopin : " + nopin): result feedback data : 202 norek : 9506008392 nopin : 001

2022-03-29 12:50:54 - [MESSAGE][PASSED] - result feedback data : 202 norek : 9506008392 nopin : 001

2022-03-29 12:50:54 - [TEST_STEP][PASSED] - logInfo($response_feedback): {
  "FeedbackCarInsuranceResponse" : {
    "errorCode" : "00",
    "errorMessage" : "Sukses"
  }
}

2022-03-29 12:50:54 - [MESSAGE][INFO] - {
  "FeedbackCarInsuranceResponse" : {
    "errorCode" : "00",
    "errorMessage" : "Sukses"
  }
}

2022-03-29 12:50:54 - [TEST_STEP][PASSED] - verifyElementPropertyValue(feedback, "FeedbackCarInsuranceResponse.errorMessage", "Sukses", CONTINUE_ON_FAILURE): Verify element property value successfully

2022-03-29 12:50:54 - [MESSAGE][PASSED] - Verify element property value successfully]]></system-out>
         <system-err><![CDATA[]]></system-err>
      </testcase>
      <testcase name="Test Cases/3. get token - feedback insurance" time="1.971" classname="Test Cases/3. get token - feedback insurance" status="FAILED">
         <failure type="FAILED" message="Test Cases/3. get token - feedback insurance FAILED.
Reason:
com.kms.katalon.core.exception.StepFailedException: Expected element property value 'Sukses' is not equal with actual property value 'OSB Service Callout action received SOAP Fault response'
	at com.kms.katalon.core.keyword.internal.KeywordMain.stepFailed(KeywordMain.groovy:39)
	at com.kms.katalon.core.webservice.keyword.builtin.VerifyElementPropertyValueKeyword$_verifyElementPropertyValue_closure1.doCall(VerifyElementPropertyValueKeyword.groovy:56)
	at com.kms.katalon.core.webservice.keyword.builtin.VerifyElementPropertyValueKeyword$_verifyElementPropertyValue_closure1.call(VerifyElementPropertyValueKeyword.groovy)
	at com.kms.katalon.core.keyword.internal.KeywordMain.runKeyword(KeywordMain.groovy:74)
	at com.kms.katalon.core.webservice.keyword.builtin.VerifyElementPropertyValueKeyword.verifyElementPropertyValue(VerifyElementPropertyValueKeyword.groovy:48)
	at com.kms.katalon.core.webservice.keyword.builtin.VerifyElementPropertyValueKeyword.execute(VerifyElementPropertyValueKeyword.groovy:43)
	at com.kms.katalon.core.keyword.internal.KeywordExecutor.executeKeywordForPlatform(KeywordExecutor.groovy:74)
	at com.kms.katalon.core.webservice.keyword.WSBuiltInKeywords.verifyElementPropertyValue(WSBuiltInKeywords.groovy:175)
	at com.kms.katalon.core.webservice.keyword.WSBuiltInKeywords$verifyElementPropertyValue$0.call(Unknown Source)
	at 3. get token - feedback insurance.run(3. get token - feedback insurance:59)
	at com.kms.katalon.core.main.ScriptEngine.run(ScriptEngine.java:194)
	at com.kms.katalon.core.main.ScriptEngine.runScriptAsRawText(ScriptEngine.java:119)
	at com.kms.katalon.core.main.TestCaseExecutor.runScript(TestCaseExecutor.java:442)
	at com.kms.katalon.core.main.TestCaseExecutor.doExecute(TestCaseExecutor.java:433)
	at com.kms.katalon.core.main.TestCaseExecutor.processExecutionPhase(TestCaseExecutor.java:412)
	at com.kms.katalon.core.main.TestCaseExecutor.accessMainPhase(TestCaseExecutor.java:404)
	at com.kms.katalon.core.main.TestCaseExecutor.execute(TestCaseExecutor.java:281)
	at com.kms.katalon.core.main.TestSuiteExecutor.accessTestCaseMainPhase(TestSuiteExecutor.java:202)
	at com.kms.katalon.core.main.TestSuiteExecutor.accessTestSuiteMainPhase(TestSuiteExecutor.java:164)
	at com.kms.katalon.core.main.TestSuiteExecutor.execute(TestSuiteExecutor.java:105)
	at com.kms.katalon.core.main.TestCaseMain.startTestSuite(TestCaseMain.java:181)
	at com.kms.katalon.core.main.TestCaseMain$startTestSuite$0.call(Unknown Source)
	at TempTestSuite1648532499046.run(TempTestSuite1648532499046.groovy:36)
"/>
         <system-out><![CDATA[2022-03-29 12:50:54 - [TEST_CASE][FAILED] - Test Cases/3. get token - feedback insurance: Test Cases/3. get token - feedback insurance FAILED.
Reason:
com.kms.katalon.core.exception.StepFailedException: Expected element property value 'Sukses' is not equal with actual property value 'OSB Service Callout action received SOAP Fault response'
	at com.kms.katalon.core.keyword.internal.KeywordMain.stepFailed(KeywordMain.groovy:39)
	at com.kms.katalon.core.webservice.keyword.builtin.VerifyElementPropertyValueKeyword$_verifyElementPropertyValue_closure1.doCall(VerifyElementPropertyValueKeyword.groovy:56)
	at com.kms.katalon.core.webservice.keyword.builtin.VerifyElementPropertyValueKeyword$_verifyElementPropertyValue_closure1.call(VerifyElementPropertyValueKeyword.groovy)
	at com.kms.katalon.core.keyword.internal.KeywordMain.runKeyword(KeywordMain.groovy:74)
	at com.kms.katalon.core.webservice.keyword.builtin.VerifyElementPropertyValueKeyword.verifyElementPropertyValue(VerifyElementPropertyValueKeyword.groovy:48)
	at com.kms.katalon.core.webservice.keyword.builtin.VerifyElementPropertyValueKeyword.execute(VerifyElementPropertyValueKeyword.groovy:43)
	at com.kms.katalon.core.keyword.internal.KeywordExecutor.executeKeywordForPlatform(KeywordExecutor.groovy:74)
	at com.kms.katalon.core.webservice.keyword.WSBuiltInKeywords.verifyElementPropertyValue(WSBuiltInKeywords.groovy:175)
	at com.kms.katalon.core.webservice.keyword.WSBuiltInKeywords$verifyElementPropertyValue$0.call(Unknown Source)
	at 3. get token - feedback insurance.run(3. get token - feedback insurance:59)
	at com.kms.katalon.core.main.ScriptEngine.run(ScriptEngine.java:194)
	at com.kms.katalon.core.main.ScriptEngine.runScriptAsRawText(ScriptEngine.java:119)
	at com.kms.katalon.core.main.TestCaseExecutor.runScript(TestCaseExecutor.java:442)
	at com.kms.katalon.core.main.TestCaseExecutor.doExecute(TestCaseExecutor.java:433)
	at com.kms.katalon.core.main.TestCaseExecutor.processExecutionPhase(TestCaseExecutor.java:412)
	at com.kms.katalon.core.main.TestCaseExecutor.accessMainPhase(TestCaseExecutor.java:404)
	at com.kms.katalon.core.main.TestCaseExecutor.execute(TestCaseExecutor.java:281)
	at com.kms.katalon.core.main.TestSuiteExecutor.accessTestCaseMainPhase(TestSuiteExecutor.java:202)
	at com.kms.katalon.core.main.TestSuiteExecutor.accessTestSuiteMainPhase(TestSuiteExecutor.java:164)
	at com.kms.katalon.core.main.TestSuiteExecutor.execute(TestSuiteExecutor.java:105)
	at com.kms.katalon.core.main.TestCaseMain.startTestSuite(TestCaseMain.java:181)
	at com.kms.katalon.core.main.TestCaseMain$startTestSuite$0.call(Unknown Source)
	at TempTestSuite1648532499046.run(TempTestSuite1648532499046.groovy:36)


2022-03-29 12:50:54 - [TEST_STEP][PASSED] - token = sendRequest(findTestObject("1. Get-Token")): Send request successfully

2022-03-29 12:50:55 - [MESSAGE][INFO] - HAR: I:\app-testing\app-project\Order car insurance\order-car-insurance\Reports\20220329_124138\3. Get feedback insurance - Batch 1\20220329_124139\requests\main\312.har

2022-03-29 12:50:55 - [MESSAGE][PASSED] - Send request successfully

2022-03-29 12:50:55 - [TEST_STEP][PASSED] - slurper = new groovy.json.JsonSlurper(): null

2022-03-29 12:50:55 - [TEST_STEP][PASSED] - get_token = slurper.parseText(token.getResponseBodyContent()): null

2022-03-29 12:50:55 - [TEST_STEP][PASSED] - private_token = access_token: null

2022-03-29 12:50:55 - [TEST_STEP][PASSED] - global_token = private_token: null

2022-03-29 12:50:55 - [TEST_STEP][PASSED] - println("token is :" + global_token): null

2022-03-29 12:50:55 - [TEST_STEP][PASSED] - response_token = token.getResponseText(): null

2022-03-29 12:50:55 - [TEST_STEP][PASSED] - logInfo($response_token): {"fault":{"faultstring":"Access Denied for client ip : 8.29.105.53","detail":{"errorcode":"accesscontrol.IPDeniedAccess"}}}

2022-03-29 12:50:55 - [MESSAGE][INFO] - {"fault":{"faultstring":"Access Denied for client ip : 8.29.105.53","detail":{"errorcode":"accesscontrol.IPDeniedAccess"}}}

2022-03-29 12:50:55 - [TEST_STEP][PASSED] - feedback = sendRequest(findTestObject("4. Feedback-ins", ["s_key":global_token, "batchid":batchid, "norek":norek, "nopin":nopin, "custname":custname, "pemohon":pemohon, "branchid":branchid, ... ])): Send request successfully

2022-03-29 12:50:56 - [MESSAGE][INFO] - HAR: I:\app-testing\app-project\Order car insurance\order-car-insurance\Reports\20220329_124138\3. Get feedback insurance - Batch 1\20220329_124139\requests\main\313.har

2022-03-29 12:50:56 - [MESSAGE][PASSED] - Send request successfully

2022-03-29 12:50:56 - [TEST_STEP][PASSED] - response_feedback = feedback.getResponseText(): null

2022-03-29 12:50:56 - [TEST_STEP][PASSED] - markPassed("result feedback data : " + no + " norek : " + norek + " nopin : " + nopin): result feedback data : 203 norek : 9506008432 nopin : 001

2022-03-29 12:50:56 - [MESSAGE][PASSED] - result feedback data : 203 norek : 9506008432 nopin : 001

2022-03-29 12:50:56 - [TEST_STEP][PASSED] - logInfo($response_feedback): <?xml version="1.0" encoding="UTF-8"?>
<err:RestError xmlns:err="http://www.bea.com/wli/sb/errors"><err:errorMessage>OSB Service Callout action received SOAP Fault response</err:errorMessage><err:errorCode>OSB-382500</err:errorCode></err:RestError>

2022-03-29 12:50:56 - [MESSAGE][INFO] - <?xml version="1.0" encoding="UTF-8"?>
<err:RestError xmlns:err="http://www.bea.com/wli/sb/errors"><err:errorMessage>OSB Service Callout action received SOAP Fault response</err:errorMessage><err:errorCode>OSB-382500</err:errorCode></err:RestError>

2022-03-29 12:50:56 - [TEST_STEP][FAILED] - verifyElementPropertyValue(feedback, "FeedbackCarInsuranceResponse.errorMessage", "Sukses", CONTINUE_ON_FAILURE): Expected element property value 'Sukses' is not equal with actual property value 'OSB Service Callout action received SOAP Fault response'

2022-03-29 12:50:56 - [MESSAGE][FAILED] - Expected element property value 'Sukses' is not equal with actual property value 'OSB Service Callout action received SOAP Fault response']]></system-out>
         <system-err><![CDATA[2022-03-29 12:50:54 - [TEST_CASE][FAILED] - Test Cases/3. get token - feedback insurance: Test Cases/3. get token - feedback insurance FAILED.
Reason:
com.kms.katalon.core.exception.StepFailedException: Expected element property value 'Sukses' is not equal with actual property value 'OSB Service Callout action received SOAP Fault response'
	at com.kms.katalon.core.keyword.internal.KeywordMain.stepFailed(KeywordMain.groovy:39)
	at com.kms.katalon.core.webservice.keyword.builtin.VerifyElementPropertyValueKeyword$_verifyElementPropertyValue_closure1.doCall(VerifyElementPropertyValueKeyword.groovy:56)
	at com.kms.katalon.core.webservice.keyword.builtin.VerifyElementPropertyValueKeyword$_verifyElementPropertyValue_closure1.call(VerifyElementPropertyValueKeyword.groovy)
	at com.kms.katalon.core.keyword.internal.KeywordMain.runKeyword(KeywordMain.groovy:74)
	at com.kms.katalon.core.webservice.keyword.builtin.VerifyElementPropertyValueKeyword.verifyElementPropertyValue(VerifyElementPropertyValueKeyword.groovy:48)
	at com.kms.katalon.core.webservice.keyword.builtin.VerifyElementPropertyValueKeyword.execute(VerifyElementPropertyValueKeyword.groovy:43)
	at com.kms.katalon.core.keyword.internal.KeywordExecutor.executeKeywordForPlatform(KeywordExecutor.groovy:74)
	at com.kms.katalon.core.webservice.keyword.WSBuiltInKeywords.verifyElementPropertyValue(WSBuiltInKeywords.groovy:175)
	at com.kms.katalon.core.webservice.keyword.WSBuiltInKeywords$verifyElementPropertyValue$0.call(Unknown Source)
	at 3. get token - feedback insurance.run(3. get token - feedback insurance:59)
	at com.kms.katalon.core.main.ScriptEngine.run(ScriptEngine.java:194)
	at com.kms.katalon.core.main.ScriptEngine.runScriptAsRawText(ScriptEngine.java:119)
	at com.kms.katalon.core.main.TestCaseExecutor.runScript(TestCaseExecutor.java:442)
	at com.kms.katalon.core.main.TestCaseExecutor.doExecute(TestCaseExecutor.java:433)
	at com.kms.katalon.core.main.TestCaseExecutor.processExecutionPhase(TestCaseExecutor.java:412)
	at com.kms.katalon.core.main.TestCaseExecutor.accessMainPhase(TestCaseExecutor.java:404)
	at com.kms.katalon.core.main.TestCaseExecutor.execute(TestCaseExecutor.java:281)
	at com.kms.katalon.core.main.TestSuiteExecutor.accessTestCaseMainPhase(TestSuiteExecutor.java:202)
	at com.kms.katalon.core.main.TestSuiteExecutor.accessTestSuiteMainPhase(TestSuiteExecutor.java:164)
	at com.kms.katalon.core.main.TestSuiteExecutor.execute(TestSuiteExecutor.java:105)
	at com.kms.katalon.core.main.TestCaseMain.startTestSuite(TestCaseMain.java:181)
	at com.kms.katalon.core.main.TestCaseMain$startTestSuite$0.call(Unknown Source)
	at TempTestSuite1648532499046.run(TempTestSuite1648532499046.groovy:36)]]></system-err>
      </testcase>
      <testcase name="Test Cases/3. get token - feedback insurance" time="7.322" classname="Test Cases/3. get token - feedback insurance" status="FAILED">
         <failure type="FAILED" message="Test Cases/3. get token - feedback insurance FAILED.
Reason:
com.kms.katalon.core.exception.StepFailedException: Expected element property value 'Sukses' is not equal with actual property value 'OSB Service Callout action received SOAP Fault response'
	at com.kms.katalon.core.keyword.internal.KeywordMain.stepFailed(KeywordMain.groovy:39)
	at com.kms.katalon.core.webservice.keyword.builtin.VerifyElementPropertyValueKeyword$_verifyElementPropertyValue_closure1.doCall(VerifyElementPropertyValueKeyword.groovy:56)
	at com.kms.katalon.core.webservice.keyword.builtin.VerifyElementPropertyValueKeyword$_verifyElementPropertyValue_closure1.call(VerifyElementPropertyValueKeyword.groovy)
	at com.kms.katalon.core.keyword.internal.KeywordMain.runKeyword(KeywordMain.groovy:74)
	at com.kms.katalon.core.webservice.keyword.builtin.VerifyElementPropertyValueKeyword.verifyElementPropertyValue(VerifyElementPropertyValueKeyword.groovy:48)
	at com.kms.katalon.core.webservice.keyword.builtin.VerifyElementPropertyValueKeyword.execute(VerifyElementPropertyValueKeyword.groovy:43)
	at com.kms.katalon.core.keyword.internal.KeywordExecutor.executeKeywordForPlatform(KeywordExecutor.groovy:74)
	at com.kms.katalon.core.webservice.keyword.WSBuiltInKeywords.verifyElementPropertyValue(WSBuiltInKeywords.groovy:175)
	at com.kms.katalon.core.webservice.keyword.WSBuiltInKeywords$verifyElementPropertyValue$0.call(Unknown Source)
	at 3. get token - feedback insurance.run(3. get token - feedback insurance:59)
	at com.kms.katalon.core.main.ScriptEngine.run(ScriptEngine.java:194)
	at com.kms.katalon.core.main.ScriptEngine.runScriptAsRawText(ScriptEngine.java:119)
	at com.kms.katalon.core.main.TestCaseExecutor.runScript(TestCaseExecutor.java:442)
	at com.kms.katalon.core.main.TestCaseExecutor.doExecute(TestCaseExecutor.java:433)
	at com.kms.katalon.core.main.TestCaseExecutor.processExecutionPhase(TestCaseExecutor.java:412)
	at com.kms.katalon.core.main.TestCaseExecutor.accessMainPhase(TestCaseExecutor.java:404)
	at com.kms.katalon.core.main.TestCaseExecutor.execute(TestCaseExecutor.java:281)
	at com.kms.katalon.core.main.TestSuiteExecutor.accessTestCaseMainPhase(TestSuiteExecutor.java:202)
	at com.kms.katalon.core.main.TestSuiteExecutor.accessTestSuiteMainPhase(TestSuiteExecutor.java:164)
	at com.kms.katalon.core.main.TestSuiteExecutor.execute(TestSuiteExecutor.java:105)
	at com.kms.katalon.core.main.TestCaseMain.startTestSuite(TestCaseMain.java:181)
	at com.kms.katalon.core.main.TestCaseMain$startTestSuite$0.call(Unknown Source)
	at TempTestSuite1648532499046.run(TempTestSuite1648532499046.groovy:36)
"/>
         <system-out><![CDATA[2022-03-29 12:50:57 - [TEST_CASE][FAILED] - Test Cases/3. get token - feedback insurance: Test Cases/3. get token - feedback insurance FAILED.
Reason:
com.kms.katalon.core.exception.StepFailedException: Expected element property value 'Sukses' is not equal with actual property value 'OSB Service Callout action received SOAP Fault response'
	at com.kms.katalon.core.keyword.internal.KeywordMain.stepFailed(KeywordMain.groovy:39)
	at com.kms.katalon.core.webservice.keyword.builtin.VerifyElementPropertyValueKeyword$_verifyElementPropertyValue_closure1.doCall(VerifyElementPropertyValueKeyword.groovy:56)
	at com.kms.katalon.core.webservice.keyword.builtin.VerifyElementPropertyValueKeyword$_verifyElementPropertyValue_closure1.call(VerifyElementPropertyValueKeyword.groovy)
	at com.kms.katalon.core.keyword.internal.KeywordMain.runKeyword(KeywordMain.groovy:74)
	at com.kms.katalon.core.webservice.keyword.builtin.VerifyElementPropertyValueKeyword.verifyElementPropertyValue(VerifyElementPropertyValueKeyword.groovy:48)
	at com.kms.katalon.core.webservice.keyword.builtin.VerifyElementPropertyValueKeyword.execute(VerifyElementPropertyValueKeyword.groovy:43)
	at com.kms.katalon.core.keyword.internal.KeywordExecutor.executeKeywordForPlatform(KeywordExecutor.groovy:74)
	at com.kms.katalon.core.webservice.keyword.WSBuiltInKeywords.verifyElementPropertyValue(WSBuiltInKeywords.groovy:175)
	at com.kms.katalon.core.webservice.keyword.WSBuiltInKeywords$verifyElementPropertyValue$0.call(Unknown Source)
	at 3. get token - feedback insurance.run(3. get token - feedback insurance:59)
	at com.kms.katalon.core.main.ScriptEngine.run(ScriptEngine.java:194)
	at com.kms.katalon.core.main.ScriptEngine.runScriptAsRawText(ScriptEngine.java:119)
	at com.kms.katalon.core.main.TestCaseExecutor.runScript(TestCaseExecutor.java:442)
	at com.kms.katalon.core.main.TestCaseExecutor.doExecute(TestCaseExecutor.java:433)
	at com.kms.katalon.core.main.TestCaseExecutor.processExecutionPhase(TestCaseExecutor.java:412)
	at com.kms.katalon.core.main.TestCaseExecutor.accessMainPhase(TestCaseExecutor.java:404)
	at com.kms.katalon.core.main.TestCaseExecutor.execute(TestCaseExecutor.java:281)
	at com.kms.katalon.core.main.TestSuiteExecutor.accessTestCaseMainPhase(TestSuiteExecutor.java:202)
	at com.kms.katalon.core.main.TestSuiteExecutor.accessTestSuiteMainPhase(TestSuiteExecutor.java:164)
	at com.kms.katalon.core.main.TestSuiteExecutor.execute(TestSuiteExecutor.java:105)
	at com.kms.katalon.core.main.TestCaseMain.startTestSuite(TestCaseMain.java:181)
	at com.kms.katalon.core.main.TestCaseMain$startTestSuite$0.call(Unknown Source)
	at TempTestSuite1648532499046.run(TempTestSuite1648532499046.groovy:36)


2022-03-29 12:50:57 - [TEST_STEP][PASSED] - token = sendRequest(findTestObject("1. Get-Token")): Send request successfully

2022-03-29 12:50:57 - [MESSAGE][INFO] - HAR: I:\app-testing\app-project\Order car insurance\order-car-insurance\Reports\20220329_124138\3. Get feedback insurance - Batch 1\20220329_124139\requests\main\314.har

2022-03-29 12:50:57 - [MESSAGE][PASSED] - Send request successfully

2022-03-29 12:50:57 - [TEST_STEP][PASSED] - slurper = new groovy.json.JsonSlurper(): null

2022-03-29 12:50:57 - [TEST_STEP][PASSED] - get_token = slurper.parseText(token.getResponseBodyContent()): null

2022-03-29 12:50:57 - [TEST_STEP][PASSED] - private_token = access_token: null

2022-03-29 12:50:57 - [TEST_STEP][PASSED] - global_token = private_token: null

2022-03-29 12:50:57 - [TEST_STEP][PASSED] - println("token is :" + global_token): null

2022-03-29 12:50:57 - [TEST_STEP][PASSED] - response_token = token.getResponseText(): null

2022-03-29 12:50:57 - [TEST_STEP][PASSED] - logInfo($response_token): {"fault":{"faultstring":"Access Denied for client ip : 8.29.105.53","detail":{"errorcode":"accesscontrol.IPDeniedAccess"}}}

2022-03-29 12:50:57 - [MESSAGE][INFO] - {"fault":{"faultstring":"Access Denied for client ip : 8.29.105.53","detail":{"errorcode":"accesscontrol.IPDeniedAccess"}}}

2022-03-29 12:50:57 - [TEST_STEP][PASSED] - feedback = sendRequest(findTestObject("4. Feedback-ins", ["s_key":global_token, "batchid":batchid, "norek":norek, "nopin":nopin, "custname":custname, "pemohon":pemohon, "branchid":branchid, ... ])): Send request successfully

2022-03-29 12:51:04 - [MESSAGE][INFO] - HAR: I:\app-testing\app-project\Order car insurance\order-car-insurance\Reports\20220329_124138\3. Get feedback insurance - Batch 1\20220329_124139\requests\main\315.har

2022-03-29 12:51:04 - [MESSAGE][PASSED] - Send request successfully

2022-03-29 12:51:04 - [TEST_STEP][PASSED] - response_feedback = feedback.getResponseText(): null

2022-03-29 12:51:04 - [TEST_STEP][PASSED] - markPassed("result feedback data : " + no + " norek : " + norek + " nopin : " + nopin): result feedback data : 204 norek : 9506008432 nopin : 001

2022-03-29 12:51:04 - [MESSAGE][PASSED] - result feedback data : 204 norek : 9506008432 nopin : 001

2022-03-29 12:51:04 - [TEST_STEP][PASSED] - logInfo($response_feedback): <?xml version="1.0" encoding="UTF-8"?>
<err:RestError xmlns:err="http://www.bea.com/wli/sb/errors"><err:errorMessage>OSB Service Callout action received SOAP Fault response</err:errorMessage><err:errorCode>OSB-382500</err:errorCode></err:RestError>

2022-03-29 12:51:04 - [MESSAGE][INFO] - <?xml version="1.0" encoding="UTF-8"?>
<err:RestError xmlns:err="http://www.bea.com/wli/sb/errors"><err:errorMessage>OSB Service Callout action received SOAP Fault response</err:errorMessage><err:errorCode>OSB-382500</err:errorCode></err:RestError>

2022-03-29 12:51:04 - [TEST_STEP][FAILED] - verifyElementPropertyValue(feedback, "FeedbackCarInsuranceResponse.errorMessage", "Sukses", CONTINUE_ON_FAILURE): Expected element property value 'Sukses' is not equal with actual property value 'OSB Service Callout action received SOAP Fault response'

2022-03-29 12:51:04 - [MESSAGE][FAILED] - Expected element property value 'Sukses' is not equal with actual property value 'OSB Service Callout action received SOAP Fault response']]></system-out>
         <system-err><![CDATA[2022-03-29 12:50:57 - [TEST_CASE][FAILED] - Test Cases/3. get token - feedback insurance: Test Cases/3. get token - feedback insurance FAILED.
Reason:
com.kms.katalon.core.exception.StepFailedException: Expected element property value 'Sukses' is not equal with actual property value 'OSB Service Callout action received SOAP Fault response'
	at com.kms.katalon.core.keyword.internal.KeywordMain.stepFailed(KeywordMain.groovy:39)
	at com.kms.katalon.core.webservice.keyword.builtin.VerifyElementPropertyValueKeyword$_verifyElementPropertyValue_closure1.doCall(VerifyElementPropertyValueKeyword.groovy:56)
	at com.kms.katalon.core.webservice.keyword.builtin.VerifyElementPropertyValueKeyword$_verifyElementPropertyValue_closure1.call(VerifyElementPropertyValueKeyword.groovy)
	at com.kms.katalon.core.keyword.internal.KeywordMain.runKeyword(KeywordMain.groovy:74)
	at com.kms.katalon.core.webservice.keyword.builtin.VerifyElementPropertyValueKeyword.verifyElementPropertyValue(VerifyElementPropertyValueKeyword.groovy:48)
	at com.kms.katalon.core.webservice.keyword.builtin.VerifyElementPropertyValueKeyword.execute(VerifyElementPropertyValueKeyword.groovy:43)
	at com.kms.katalon.core.keyword.internal.KeywordExecutor.executeKeywordForPlatform(KeywordExecutor.groovy:74)
	at com.kms.katalon.core.webservice.keyword.WSBuiltInKeywords.verifyElementPropertyValue(WSBuiltInKeywords.groovy:175)
	at com.kms.katalon.core.webservice.keyword.WSBuiltInKeywords$verifyElementPropertyValue$0.call(Unknown Source)
	at 3. get token - feedback insurance.run(3. get token - feedback insurance:59)
	at com.kms.katalon.core.main.ScriptEngine.run(ScriptEngine.java:194)
	at com.kms.katalon.core.main.ScriptEngine.runScriptAsRawText(ScriptEngine.java:119)
	at com.kms.katalon.core.main.TestCaseExecutor.runScript(TestCaseExecutor.java:442)
	at com.kms.katalon.core.main.TestCaseExecutor.doExecute(TestCaseExecutor.java:433)
	at com.kms.katalon.core.main.TestCaseExecutor.processExecutionPhase(TestCaseExecutor.java:412)
	at com.kms.katalon.core.main.TestCaseExecutor.accessMainPhase(TestCaseExecutor.java:404)
	at com.kms.katalon.core.main.TestCaseExecutor.execute(TestCaseExecutor.java:281)
	at com.kms.katalon.core.main.TestSuiteExecutor.accessTestCaseMainPhase(TestSuiteExecutor.java:202)
	at com.kms.katalon.core.main.TestSuiteExecutor.accessTestSuiteMainPhase(TestSuiteExecutor.java:164)
	at com.kms.katalon.core.main.TestSuiteExecutor.execute(TestSuiteExecutor.java:105)
	at com.kms.katalon.core.main.TestCaseMain.startTestSuite(TestCaseMain.java:181)
	at com.kms.katalon.core.main.TestCaseMain$startTestSuite$0.call(Unknown Source)
	at TempTestSuite1648532499046.run(TempTestSuite1648532499046.groovy:36)]]></system-err>
      </testcase>
      <testcase name="Test Cases/3. get token - feedback insurance" time="2.252" classname="Test Cases/3. get token - feedback insurance" status="FAILED">
         <failure type="FAILED" message="Test Cases/3. get token - feedback insurance FAILED.
Reason:
com.kms.katalon.core.exception.StepFailedException: Expected element property value 'Sukses' is not equal with actual property value 'OSB Service Callout action received SOAP Fault response'
	at com.kms.katalon.core.keyword.internal.KeywordMain.stepFailed(KeywordMain.groovy:39)
	at com.kms.katalon.core.webservice.keyword.builtin.VerifyElementPropertyValueKeyword$_verifyElementPropertyValue_closure1.doCall(VerifyElementPropertyValueKeyword.groovy:56)
	at com.kms.katalon.core.webservice.keyword.builtin.VerifyElementPropertyValueKeyword$_verifyElementPropertyValue_closure1.call(VerifyElementPropertyValueKeyword.groovy)
	at com.kms.katalon.core.keyword.internal.KeywordMain.runKeyword(KeywordMain.groovy:74)
	at com.kms.katalon.core.webservice.keyword.builtin.VerifyElementPropertyValueKeyword.verifyElementPropertyValue(VerifyElementPropertyValueKeyword.groovy:48)
	at com.kms.katalon.core.webservice.keyword.builtin.VerifyElementPropertyValueKeyword.execute(VerifyElementPropertyValueKeyword.groovy:43)
	at com.kms.katalon.core.keyword.internal.KeywordExecutor.executeKeywordForPlatform(KeywordExecutor.groovy:74)
	at com.kms.katalon.core.webservice.keyword.WSBuiltInKeywords.verifyElementPropertyValue(WSBuiltInKeywords.groovy:175)
	at com.kms.katalon.core.webservice.keyword.WSBuiltInKeywords$verifyElementPropertyValue$0.call(Unknown Source)
	at 3. get token - feedback insurance.run(3. get token - feedback insurance:59)
	at com.kms.katalon.core.main.ScriptEngine.run(ScriptEngine.java:194)
	at com.kms.katalon.core.main.ScriptEngine.runScriptAsRawText(ScriptEngine.java:119)
	at com.kms.katalon.core.main.TestCaseExecutor.runScript(TestCaseExecutor.java:442)
	at com.kms.katalon.core.main.TestCaseExecutor.doExecute(TestCaseExecutor.java:433)
	at com.kms.katalon.core.main.TestCaseExecutor.processExecutionPhase(TestCaseExecutor.java:412)
	at com.kms.katalon.core.main.TestCaseExecutor.accessMainPhase(TestCaseExecutor.java:404)
	at com.kms.katalon.core.main.TestCaseExecutor.execute(TestCaseExecutor.java:281)
	at com.kms.katalon.core.main.TestSuiteExecutor.accessTestCaseMainPhase(TestSuiteExecutor.java:202)
	at com.kms.katalon.core.main.TestSuiteExecutor.accessTestSuiteMainPhase(TestSuiteExecutor.java:164)
	at com.kms.katalon.core.main.TestSuiteExecutor.execute(TestSuiteExecutor.java:105)
	at com.kms.katalon.core.main.TestCaseMain.startTestSuite(TestCaseMain.java:181)
	at com.kms.katalon.core.main.TestCaseMain$startTestSuite$0.call(Unknown Source)
	at TempTestSuite1648532499046.run(TempTestSuite1648532499046.groovy:36)
"/>
         <system-out><![CDATA[2022-03-29 12:51:04 - [TEST_CASE][FAILED] - Test Cases/3. get token - feedback insurance: Test Cases/3. get token - feedback insurance FAILED.
Reason:
com.kms.katalon.core.exception.StepFailedException: Expected element property value 'Sukses' is not equal with actual property value 'OSB Service Callout action received SOAP Fault response'
	at com.kms.katalon.core.keyword.internal.KeywordMain.stepFailed(KeywordMain.groovy:39)
	at com.kms.katalon.core.webservice.keyword.builtin.VerifyElementPropertyValueKeyword$_verifyElementPropertyValue_closure1.doCall(VerifyElementPropertyValueKeyword.groovy:56)
	at com.kms.katalon.core.webservice.keyword.builtin.VerifyElementPropertyValueKeyword$_verifyElementPropertyValue_closure1.call(VerifyElementPropertyValueKeyword.groovy)
	at com.kms.katalon.core.keyword.internal.KeywordMain.runKeyword(KeywordMain.groovy:74)
	at com.kms.katalon.core.webservice.keyword.builtin.VerifyElementPropertyValueKeyword.verifyElementPropertyValue(VerifyElementPropertyValueKeyword.groovy:48)
	at com.kms.katalon.core.webservice.keyword.builtin.VerifyElementPropertyValueKeyword.execute(VerifyElementPropertyValueKeyword.groovy:43)
	at com.kms.katalon.core.keyword.internal.KeywordExecutor.executeKeywordForPlatform(KeywordExecutor.groovy:74)
	at com.kms.katalon.core.webservice.keyword.WSBuiltInKeywords.verifyElementPropertyValue(WSBuiltInKeywords.groovy:175)
	at com.kms.katalon.core.webservice.keyword.WSBuiltInKeywords$verifyElementPropertyValue$0.call(Unknown Source)
	at 3. get token - feedback insurance.run(3. get token - feedback insurance:59)
	at com.kms.katalon.core.main.ScriptEngine.run(ScriptEngine.java:194)
	at com.kms.katalon.core.main.ScriptEngine.runScriptAsRawText(ScriptEngine.java:119)
	at com.kms.katalon.core.main.TestCaseExecutor.runScript(TestCaseExecutor.java:442)
	at com.kms.katalon.core.main.TestCaseExecutor.doExecute(TestCaseExecutor.java:433)
	at com.kms.katalon.core.main.TestCaseExecutor.processExecutionPhase(TestCaseExecutor.java:412)
	at com.kms.katalon.core.main.TestCaseExecutor.accessMainPhase(TestCaseExecutor.java:404)
	at com.kms.katalon.core.main.TestCaseExecutor.execute(TestCaseExecutor.java:281)
	at com.kms.katalon.core.main.TestSuiteExecutor.accessTestCaseMainPhase(TestSuiteExecutor.java:202)
	at com.kms.katalon.core.main.TestSuiteExecutor.accessTestSuiteMainPhase(TestSuiteExecutor.java:164)
	at com.kms.katalon.core.main.TestSuiteExecutor.execute(TestSuiteExecutor.java:105)
	at com.kms.katalon.core.main.TestCaseMain.startTestSuite(TestCaseMain.java:181)
	at com.kms.katalon.core.main.TestCaseMain$startTestSuite$0.call(Unknown Source)
	at TempTestSuite1648532499046.run(TempTestSuite1648532499046.groovy:36)


2022-03-29 12:51:05 - [TEST_STEP][PASSED] - token = sendRequest(findTestObject("1. Get-Token")): Send request successfully

2022-03-29 12:51:05 - [MESSAGE][INFO] - HAR: I:\app-testing\app-project\Order car insurance\order-car-insurance\Reports\20220329_124138\3. Get feedback insurance - Batch 1\20220329_124139\requests\main\316.har

2022-03-29 12:51:05 - [MESSAGE][PASSED] - Send request successfully

2022-03-29 12:51:05 - [TEST_STEP][PASSED] - slurper = new groovy.json.JsonSlurper(): null

2022-03-29 12:51:05 - [TEST_STEP][PASSED] - get_token = slurper.parseText(token.getResponseBodyContent()): null

2022-03-29 12:51:05 - [TEST_STEP][PASSED] - private_token = access_token: null

2022-03-29 12:51:05 - [TEST_STEP][PASSED] - global_token = private_token: null

2022-03-29 12:51:05 - [TEST_STEP][PASSED] - println("token is :" + global_token): null

2022-03-29 12:51:05 - [TEST_STEP][PASSED] - response_token = token.getResponseText(): null

2022-03-29 12:51:05 - [TEST_STEP][PASSED] - logInfo($response_token): {"fault":{"faultstring":"Access Denied for client ip : 8.29.105.53","detail":{"errorcode":"accesscontrol.IPDeniedAccess"}}}

2022-03-29 12:51:05 - [MESSAGE][INFO] - {"fault":{"faultstring":"Access Denied for client ip : 8.29.105.53","detail":{"errorcode":"accesscontrol.IPDeniedAccess"}}}

2022-03-29 12:51:05 - [TEST_STEP][PASSED] - feedback = sendRequest(findTestObject("4. Feedback-ins", ["s_key":global_token, "batchid":batchid, "norek":norek, "nopin":nopin, "custname":custname, "pemohon":pemohon, "branchid":branchid, ... ])): Send request successfully

2022-03-29 12:51:07 - [MESSAGE][INFO] - HAR: I:\app-testing\app-project\Order car insurance\order-car-insurance\Reports\20220329_124138\3. Get feedback insurance - Batch 1\20220329_124139\requests\main\317.har

2022-03-29 12:51:07 - [MESSAGE][PASSED] - Send request successfully

2022-03-29 12:51:07 - [TEST_STEP][PASSED] - response_feedback = feedback.getResponseText(): null

2022-03-29 12:51:07 - [TEST_STEP][PASSED] - markPassed("result feedback data : " + no + " norek : " + norek + " nopin : " + nopin): result feedback data : 205 norek : 9506008432 nopin : 001

2022-03-29 12:51:07 - [MESSAGE][PASSED] - result feedback data : 205 norek : 9506008432 nopin : 001

2022-03-29 12:51:07 - [TEST_STEP][PASSED] - logInfo($response_feedback): <?xml version="1.0" encoding="UTF-8"?>
<err:RestError xmlns:err="http://www.bea.com/wli/sb/errors"><err:errorMessage>OSB Service Callout action received SOAP Fault response</err:errorMessage><err:errorCode>OSB-382500</err:errorCode></err:RestError>

2022-03-29 12:51:07 - [MESSAGE][INFO] - <?xml version="1.0" encoding="UTF-8"?>
<err:RestError xmlns:err="http://www.bea.com/wli/sb/errors"><err:errorMessage>OSB Service Callout action received SOAP Fault response</err:errorMessage><err:errorCode>OSB-382500</err:errorCode></err:RestError>

2022-03-29 12:51:07 - [TEST_STEP][FAILED] - verifyElementPropertyValue(feedback, "FeedbackCarInsuranceResponse.errorMessage", "Sukses", CONTINUE_ON_FAILURE): Expected element property value 'Sukses' is not equal with actual property value 'OSB Service Callout action received SOAP Fault response'

2022-03-29 12:51:07 - [MESSAGE][FAILED] - Expected element property value 'Sukses' is not equal with actual property value 'OSB Service Callout action received SOAP Fault response']]></system-out>
         <system-err><![CDATA[2022-03-29 12:51:04 - [TEST_CASE][FAILED] - Test Cases/3. get token - feedback insurance: Test Cases/3. get token - feedback insurance FAILED.
Reason:
com.kms.katalon.core.exception.StepFailedException: Expected element property value 'Sukses' is not equal with actual property value 'OSB Service Callout action received SOAP Fault response'
	at com.kms.katalon.core.keyword.internal.KeywordMain.stepFailed(KeywordMain.groovy:39)
	at com.kms.katalon.core.webservice.keyword.builtin.VerifyElementPropertyValueKeyword$_verifyElementPropertyValue_closure1.doCall(VerifyElementPropertyValueKeyword.groovy:56)
	at com.kms.katalon.core.webservice.keyword.builtin.VerifyElementPropertyValueKeyword$_verifyElementPropertyValue_closure1.call(VerifyElementPropertyValueKeyword.groovy)
	at com.kms.katalon.core.keyword.internal.KeywordMain.runKeyword(KeywordMain.groovy:74)
	at com.kms.katalon.core.webservice.keyword.builtin.VerifyElementPropertyValueKeyword.verifyElementPropertyValue(VerifyElementPropertyValueKeyword.groovy:48)
	at com.kms.katalon.core.webservice.keyword.builtin.VerifyElementPropertyValueKeyword.execute(VerifyElementPropertyValueKeyword.groovy:43)
	at com.kms.katalon.core.keyword.internal.KeywordExecutor.executeKeywordForPlatform(KeywordExecutor.groovy:74)
	at com.kms.katalon.core.webservice.keyword.WSBuiltInKeywords.verifyElementPropertyValue(WSBuiltInKeywords.groovy:175)
	at com.kms.katalon.core.webservice.keyword.WSBuiltInKeywords$verifyElementPropertyValue$0.call(Unknown Source)
	at 3. get token - feedback insurance.run(3. get token - feedback insurance:59)
	at com.kms.katalon.core.main.ScriptEngine.run(ScriptEngine.java:194)
	at com.kms.katalon.core.main.ScriptEngine.runScriptAsRawText(ScriptEngine.java:119)
	at com.kms.katalon.core.main.TestCaseExecutor.runScript(TestCaseExecutor.java:442)
	at com.kms.katalon.core.main.TestCaseExecutor.doExecute(TestCaseExecutor.java:433)
	at com.kms.katalon.core.main.TestCaseExecutor.processExecutionPhase(TestCaseExecutor.java:412)
	at com.kms.katalon.core.main.TestCaseExecutor.accessMainPhase(TestCaseExecutor.java:404)
	at com.kms.katalon.core.main.TestCaseExecutor.execute(TestCaseExecutor.java:281)
	at com.kms.katalon.core.main.TestSuiteExecutor.accessTestCaseMainPhase(TestSuiteExecutor.java:202)
	at com.kms.katalon.core.main.TestSuiteExecutor.accessTestSuiteMainPhase(TestSuiteExecutor.java:164)
	at com.kms.katalon.core.main.TestSuiteExecutor.execute(TestSuiteExecutor.java:105)
	at com.kms.katalon.core.main.TestCaseMain.startTestSuite(TestCaseMain.java:181)
	at com.kms.katalon.core.main.TestCaseMain$startTestSuite$0.call(Unknown Source)
	at TempTestSuite1648532499046.run(TempTestSuite1648532499046.groovy:36)]]></system-err>
      </testcase>
      <testcase name="Test Cases/3. get token - feedback insurance" time="4.782" classname="Test Cases/3. get token - feedback insurance" status="PASSED">
         <system-out><![CDATA[2022-03-29 12:51:07 - [TEST_CASE][PASSED] - Test Cases/3. get token - feedback insurance: Test Cases/3. get token - feedback insurance

2022-03-29 12:51:07 - [TEST_STEP][PASSED] - token = sendRequest(findTestObject("1. Get-Token")): Send request successfully

2022-03-29 12:51:08 - [MESSAGE][INFO] - HAR: I:\app-testing\app-project\Order car insurance\order-car-insurance\Reports\20220329_124138\3. Get feedback insurance - Batch 1\20220329_124139\requests\main\318.har

2022-03-29 12:51:08 - [MESSAGE][PASSED] - Send request successfully

2022-03-29 12:51:08 - [TEST_STEP][PASSED] - slurper = new groovy.json.JsonSlurper(): null

2022-03-29 12:51:08 - [TEST_STEP][PASSED] - get_token = slurper.parseText(token.getResponseBodyContent()): null

2022-03-29 12:51:08 - [TEST_STEP][PASSED] - private_token = access_token: null

2022-03-29 12:51:08 - [TEST_STEP][PASSED] - global_token = private_token: null

2022-03-29 12:51:08 - [TEST_STEP][PASSED] - println("token is :" + global_token): null

2022-03-29 12:51:08 - [TEST_STEP][PASSED] - response_token = token.getResponseText(): null

2022-03-29 12:51:08 - [TEST_STEP][PASSED] - logInfo($response_token): {"fault":{"faultstring":"Access Denied for client ip : 8.29.105.53","detail":{"errorcode":"accesscontrol.IPDeniedAccess"}}}

2022-03-29 12:51:08 - [MESSAGE][INFO] - {"fault":{"faultstring":"Access Denied for client ip : 8.29.105.53","detail":{"errorcode":"accesscontrol.IPDeniedAccess"}}}

2022-03-29 12:51:08 - [TEST_STEP][PASSED] - feedback = sendRequest(findTestObject("4. Feedback-ins", ["s_key":global_token, "batchid":batchid, "norek":norek, "nopin":nopin, "custname":custname, "pemohon":pemohon, "branchid":branchid, ... ])): Send request successfully

2022-03-29 12:51:12 - [MESSAGE][INFO] - HAR: I:\app-testing\app-project\Order car insurance\order-car-insurance\Reports\20220329_124138\3. Get feedback insurance - Batch 1\20220329_124139\requests\main\319.har

2022-03-29 12:51:12 - [MESSAGE][PASSED] - Send request successfully

2022-03-29 12:51:12 - [TEST_STEP][PASSED] - response_feedback = feedback.getResponseText(): null

2022-03-29 12:51:12 - [TEST_STEP][PASSED] - markPassed("result feedback data : " + no + " norek : " + norek + " nopin : " + nopin): result feedback data : 206 norek : 9506008443 nopin : 001

2022-03-29 12:51:12 - [MESSAGE][PASSED] - result feedback data : 206 norek : 9506008443 nopin : 001

2022-03-29 12:51:12 - [TEST_STEP][PASSED] - logInfo($response_feedback): {
  "FeedbackCarInsuranceResponse" : {
    "errorCode" : "00",
    "errorMessage" : "Sukses"
  }
}

2022-03-29 12:51:12 - [MESSAGE][INFO] - {
  "FeedbackCarInsuranceResponse" : {
    "errorCode" : "00",
    "errorMessage" : "Sukses"
  }
}

2022-03-29 12:51:12 - [TEST_STEP][PASSED] - verifyElementPropertyValue(feedback, "FeedbackCarInsuranceResponse.errorMessage", "Sukses", CONTINUE_ON_FAILURE): Verify element property value successfully

2022-03-29 12:51:12 - [MESSAGE][PASSED] - Verify element property value successfully]]></system-out>
         <system-err><![CDATA[]]></system-err>
      </testcase>
      <testcase name="Test Cases/3. get token - feedback insurance" time="2.394" classname="Test Cases/3. get token - feedback insurance" status="PASSED">
         <system-out><![CDATA[2022-03-29 12:51:12 - [TEST_CASE][PASSED] - Test Cases/3. get token - feedback insurance: Test Cases/3. get token - feedback insurance

2022-03-29 12:51:12 - [TEST_STEP][PASSED] - token = sendRequest(findTestObject("1. Get-Token")): Send request successfully

2022-03-29 12:51:13 - [MESSAGE][INFO] - HAR: I:\app-testing\app-project\Order car insurance\order-car-insurance\Reports\20220329_124138\3. Get feedback insurance - Batch 1\20220329_124139\requests\main\320.har

2022-03-29 12:51:13 - [MESSAGE][PASSED] - Send request successfully

2022-03-29 12:51:13 - [TEST_STEP][PASSED] - slurper = new groovy.json.JsonSlurper(): null

2022-03-29 12:51:13 - [TEST_STEP][PASSED] - get_token = slurper.parseText(token.getResponseBodyContent()): null

2022-03-29 12:51:13 - [TEST_STEP][PASSED] - private_token = access_token: null

2022-03-29 12:51:13 - [TEST_STEP][PASSED] - global_token = private_token: null

2022-03-29 12:51:13 - [TEST_STEP][PASSED] - println("token is :" + global_token): null

2022-03-29 12:51:13 - [TEST_STEP][PASSED] - response_token = token.getResponseText(): null

2022-03-29 12:51:13 - [TEST_STEP][PASSED] - logInfo($response_token): {"fault":{"faultstring":"Access Denied for client ip : 8.29.105.53","detail":{"errorcode":"accesscontrol.IPDeniedAccess"}}}

2022-03-29 12:51:13 - [MESSAGE][INFO] - {"fault":{"faultstring":"Access Denied for client ip : 8.29.105.53","detail":{"errorcode":"accesscontrol.IPDeniedAccess"}}}

2022-03-29 12:51:13 - [TEST_STEP][PASSED] - feedback = sendRequest(findTestObject("4. Feedback-ins", ["s_key":global_token, "batchid":batchid, "norek":norek, "nopin":nopin, "custname":custname, "pemohon":pemohon, "branchid":branchid, ... ])): Send request successfully

2022-03-29 12:51:15 - [MESSAGE][INFO] - HAR: I:\app-testing\app-project\Order car insurance\order-car-insurance\Reports\20220329_124138\3. Get feedback insurance - Batch 1\20220329_124139\requests\main\321.har

2022-03-29 12:51:15 - [MESSAGE][PASSED] - Send request successfully

2022-03-29 12:51:15 - [TEST_STEP][PASSED] - response_feedback = feedback.getResponseText(): null

2022-03-29 12:51:15 - [TEST_STEP][PASSED] - markPassed("result feedback data : " + no + " norek : " + norek + " nopin : " + nopin): result feedback data : 207 norek : 9506008443 nopin : 001

2022-03-29 12:51:15 - [MESSAGE][PASSED] - result feedback data : 207 norek : 9506008443 nopin : 001

2022-03-29 12:51:15 - [TEST_STEP][PASSED] - logInfo($response_feedback): {
  "FeedbackCarInsuranceResponse" : {
    "errorCode" : "00",
    "errorMessage" : "Sukses"
  }
}

2022-03-29 12:51:15 - [MESSAGE][INFO] - {
  "FeedbackCarInsuranceResponse" : {
    "errorCode" : "00",
    "errorMessage" : "Sukses"
  }
}

2022-03-29 12:51:15 - [TEST_STEP][PASSED] - verifyElementPropertyValue(feedback, "FeedbackCarInsuranceResponse.errorMessage", "Sukses", CONTINUE_ON_FAILURE): Verify element property value successfully

2022-03-29 12:51:15 - [MESSAGE][PASSED] - Verify element property value successfully]]></system-out>
         <system-err><![CDATA[]]></system-err>
      </testcase>
      <testcase name="Test Cases/3. get token - feedback insurance" time="1.983" classname="Test Cases/3. get token - feedback insurance" status="PASSED">
         <system-out><![CDATA[2022-03-29 12:51:15 - [TEST_CASE][PASSED] - Test Cases/3. get token - feedback insurance: Test Cases/3. get token - feedback insurance

2022-03-29 12:51:15 - [TEST_STEP][PASSED] - token = sendRequest(findTestObject("1. Get-Token")): Send request successfully

2022-03-29 12:51:16 - [MESSAGE][INFO] - HAR: I:\app-testing\app-project\Order car insurance\order-car-insurance\Reports\20220329_124138\3. Get feedback insurance - Batch 1\20220329_124139\requests\main\322.har

2022-03-29 12:51:16 - [MESSAGE][PASSED] - Send request successfully

2022-03-29 12:51:16 - [TEST_STEP][PASSED] - slurper = new groovy.json.JsonSlurper(): null

2022-03-29 12:51:16 - [TEST_STEP][PASSED] - get_token = slurper.parseText(token.getResponseBodyContent()): null

2022-03-29 12:51:16 - [TEST_STEP][PASSED] - private_token = access_token: null

2022-03-29 12:51:16 - [TEST_STEP][PASSED] - global_token = private_token: null

2022-03-29 12:51:16 - [TEST_STEP][PASSED] - println("token is :" + global_token): null

2022-03-29 12:51:16 - [TEST_STEP][PASSED] - response_token = token.getResponseText(): null

2022-03-29 12:51:16 - [TEST_STEP][PASSED] - logInfo($response_token): {"fault":{"faultstring":"Access Denied for client ip : 8.29.105.53","detail":{"errorcode":"accesscontrol.IPDeniedAccess"}}}

2022-03-29 12:51:16 - [MESSAGE][INFO] - {"fault":{"faultstring":"Access Denied for client ip : 8.29.105.53","detail":{"errorcode":"accesscontrol.IPDeniedAccess"}}}

2022-03-29 12:51:16 - [TEST_STEP][PASSED] - feedback = sendRequest(findTestObject("4. Feedback-ins", ["s_key":global_token, "batchid":batchid, "norek":norek, "nopin":nopin, "custname":custname, "pemohon":pemohon, "branchid":branchid, ... ])): Send request successfully

2022-03-29 12:51:17 - [MESSAGE][INFO] - HAR: I:\app-testing\app-project\Order car insurance\order-car-insurance\Reports\20220329_124138\3. Get feedback insurance - Batch 1\20220329_124139\requests\main\323.har

2022-03-29 12:51:17 - [MESSAGE][PASSED] - Send request successfully

2022-03-29 12:51:17 - [TEST_STEP][PASSED] - response_feedback = feedback.getResponseText(): null

2022-03-29 12:51:17 - [TEST_STEP][PASSED] - markPassed("result feedback data : " + no + " norek : " + norek + " nopin : " + nopin): result feedback data : 208 norek : 9506008443 nopin : 001

2022-03-29 12:51:17 - [MESSAGE][PASSED] - result feedback data : 208 norek : 9506008443 nopin : 001

2022-03-29 12:51:17 - [TEST_STEP][PASSED] - logInfo($response_feedback): {
  "FeedbackCarInsuranceResponse" : {
    "errorCode" : "00",
    "errorMessage" : "Sukses"
  }
}

2022-03-29 12:51:17 - [MESSAGE][INFO] - {
  "FeedbackCarInsuranceResponse" : {
    "errorCode" : "00",
    "errorMessage" : "Sukses"
  }
}

2022-03-29 12:51:17 - [TEST_STEP][PASSED] - verifyElementPropertyValue(feedback, "FeedbackCarInsuranceResponse.errorMessage", "Sukses", CONTINUE_ON_FAILURE): Verify element property value successfully

2022-03-29 12:51:17 - [MESSAGE][PASSED] - Verify element property value successfully]]></system-out>
         <system-err><![CDATA[]]></system-err>
      </testcase>
      <testcase name="Test Cases/3. get token - feedback insurance" time="1.921" classname="Test Cases/3. get token - feedback insurance" status="PASSED">
         <system-out><![CDATA[2022-03-29 12:51:17 - [TEST_CASE][PASSED] - Test Cases/3. get token - feedback insurance: Test Cases/3. get token - feedback insurance

2022-03-29 12:51:17 - [TEST_STEP][PASSED] - token = sendRequest(findTestObject("1. Get-Token")): Send request successfully

2022-03-29 12:51:18 - [MESSAGE][INFO] - HAR: I:\app-testing\app-project\Order car insurance\order-car-insurance\Reports\20220329_124138\3. Get feedback insurance - Batch 1\20220329_124139\requests\main\324.har

2022-03-29 12:51:18 - [MESSAGE][PASSED] - Send request successfully

2022-03-29 12:51:18 - [TEST_STEP][PASSED] - slurper = new groovy.json.JsonSlurper(): null

2022-03-29 12:51:18 - [TEST_STEP][PASSED] - get_token = slurper.parseText(token.getResponseBodyContent()): null

2022-03-29 12:51:18 - [TEST_STEP][PASSED] - private_token = access_token: null

2022-03-29 12:51:18 - [TEST_STEP][PASSED] - global_token = private_token: null

2022-03-29 12:51:18 - [TEST_STEP][PASSED] - println("token is :" + global_token): null

2022-03-29 12:51:18 - [TEST_STEP][PASSED] - response_token = token.getResponseText(): null

2022-03-29 12:51:18 - [TEST_STEP][PASSED] - logInfo($response_token): {"fault":{"faultstring":"Access Denied for client ip : 8.29.105.53","detail":{"errorcode":"accesscontrol.IPDeniedAccess"}}}

2022-03-29 12:51:18 - [MESSAGE][INFO] - {"fault":{"faultstring":"Access Denied for client ip : 8.29.105.53","detail":{"errorcode":"accesscontrol.IPDeniedAccess"}}}

2022-03-29 12:51:18 - [TEST_STEP][PASSED] - feedback = sendRequest(findTestObject("4. Feedback-ins", ["s_key":global_token, "batchid":batchid, "norek":norek, "nopin":nopin, "custname":custname, "pemohon":pemohon, "branchid":branchid, ... ])): Send request successfully

2022-03-29 12:51:19 - [MESSAGE][INFO] - HAR: I:\app-testing\app-project\Order car insurance\order-car-insurance\Reports\20220329_124138\3. Get feedback insurance - Batch 1\20220329_124139\requests\main\325.har

2022-03-29 12:51:19 - [MESSAGE][PASSED] - Send request successfully

2022-03-29 12:51:19 - [TEST_STEP][PASSED] - response_feedback = feedback.getResponseText(): null

2022-03-29 12:51:19 - [TEST_STEP][PASSED] - markPassed("result feedback data : " + no + " norek : " + norek + " nopin : " + nopin): result feedback data : 209 norek : 9506008443 nopin : 001

2022-03-29 12:51:19 - [MESSAGE][PASSED] - result feedback data : 209 norek : 9506008443 nopin : 001

2022-03-29 12:51:19 - [TEST_STEP][PASSED] - logInfo($response_feedback): {
  "FeedbackCarInsuranceResponse" : {
    "errorCode" : "00",
    "errorMessage" : "Sukses"
  }
}

2022-03-29 12:51:19 - [MESSAGE][INFO] - {
  "FeedbackCarInsuranceResponse" : {
    "errorCode" : "00",
    "errorMessage" : "Sukses"
  }
}

2022-03-29 12:51:19 - [TEST_STEP][PASSED] - verifyElementPropertyValue(feedback, "FeedbackCarInsuranceResponse.errorMessage", "Sukses", CONTINUE_ON_FAILURE): Verify element property value successfully

2022-03-29 12:51:19 - [MESSAGE][PASSED] - Verify element property value successfully]]></system-out>
         <system-err><![CDATA[]]></system-err>
      </testcase>
      <testcase name="Test Cases/3. get token - feedback insurance" time="2.318" classname="Test Cases/3. get token - feedback insurance" status="PASSED">
         <system-out><![CDATA[2022-03-29 12:51:20 - [TEST_CASE][PASSED] - Test Cases/3. get token - feedback insurance: Test Cases/3. get token - feedback insurance

2022-03-29 12:51:20 - [TEST_STEP][PASSED] - token = sendRequest(findTestObject("1. Get-Token")): Send request successfully

2022-03-29 12:51:20 - [MESSAGE][INFO] - HAR: I:\app-testing\app-project\Order car insurance\order-car-insurance\Reports\20220329_124138\3. Get feedback insurance - Batch 1\20220329_124139\requests\main\326.har

2022-03-29 12:51:20 - [MESSAGE][PASSED] - Send request successfully

2022-03-29 12:51:20 - [TEST_STEP][PASSED] - slurper = new groovy.json.JsonSlurper(): null

2022-03-29 12:51:20 - [TEST_STEP][PASSED] - get_token = slurper.parseText(token.getResponseBodyContent()): null

2022-03-29 12:51:20 - [TEST_STEP][PASSED] - private_token = access_token: null

2022-03-29 12:51:20 - [TEST_STEP][PASSED] - global_token = private_token: null

2022-03-29 12:51:20 - [TEST_STEP][PASSED] - println("token is :" + global_token): null

2022-03-29 12:51:20 - [TEST_STEP][PASSED] - response_token = token.getResponseText(): null

2022-03-29 12:51:20 - [TEST_STEP][PASSED] - logInfo($response_token): {"fault":{"faultstring":"Access Denied for client ip : 8.29.105.53","detail":{"errorcode":"accesscontrol.IPDeniedAccess"}}}

2022-03-29 12:51:20 - [MESSAGE][INFO] - {"fault":{"faultstring":"Access Denied for client ip : 8.29.105.53","detail":{"errorcode":"accesscontrol.IPDeniedAccess"}}}

2022-03-29 12:51:20 - [TEST_STEP][PASSED] - feedback = sendRequest(findTestObject("4. Feedback-ins", ["s_key":global_token, "batchid":batchid, "norek":norek, "nopin":nopin, "custname":custname, "pemohon":pemohon, "branchid":branchid, ... ])): Send request successfully

2022-03-29 12:51:22 - [MESSAGE][INFO] - HAR: I:\app-testing\app-project\Order car insurance\order-car-insurance\Reports\20220329_124138\3. Get feedback insurance - Batch 1\20220329_124139\requests\main\327.har

2022-03-29 12:51:22 - [MESSAGE][PASSED] - Send request successfully

2022-03-29 12:51:22 - [TEST_STEP][PASSED] - response_feedback = feedback.getResponseText(): null

2022-03-29 12:51:22 - [TEST_STEP][PASSED] - markPassed("result feedback data : " + no + " norek : " + norek + " nopin : " + nopin): result feedback data : 210 norek : 9506008443 nopin : 001

2022-03-29 12:51:22 - [MESSAGE][PASSED] - result feedback data : 210 norek : 9506008443 nopin : 001

2022-03-29 12:51:22 - [TEST_STEP][PASSED] - logInfo($response_feedback): {
  "FeedbackCarInsuranceResponse" : {
    "errorCode" : "00",
    "errorMessage" : "Sukses"
  }
}

2022-03-29 12:51:22 - [MESSAGE][INFO] - {
  "FeedbackCarInsuranceResponse" : {
    "errorCode" : "00",
    "errorMessage" : "Sukses"
  }
}

2022-03-29 12:51:22 - [TEST_STEP][PASSED] - verifyElementPropertyValue(feedback, "FeedbackCarInsuranceResponse.errorMessage", "Sukses", CONTINUE_ON_FAILURE): Verify element property value successfully

2022-03-29 12:51:22 - [MESSAGE][PASSED] - Verify element property value successfully]]></system-out>
         <system-err><![CDATA[]]></system-err>
      </testcase>
      <testcase name="Test Cases/3. get token - feedback insurance" time="2.538" classname="Test Cases/3. get token - feedback insurance" status="PASSED">
         <system-out><![CDATA[2022-03-29 12:51:22 - [TEST_CASE][PASSED] - Test Cases/3. get token - feedback insurance: Test Cases/3. get token - feedback insurance

2022-03-29 12:51:23 - [TEST_STEP][PASSED] - token = sendRequest(findTestObject("1. Get-Token")): Send request successfully

2022-03-29 12:51:23 - [MESSAGE][INFO] - HAR: I:\app-testing\app-project\Order car insurance\order-car-insurance\Reports\20220329_124138\3. Get feedback insurance - Batch 1\20220329_124139\requests\main\328.har

2022-03-29 12:51:23 - [MESSAGE][PASSED] - Send request successfully

2022-03-29 12:51:23 - [TEST_STEP][PASSED] - slurper = new groovy.json.JsonSlurper(): null

2022-03-29 12:51:23 - [TEST_STEP][PASSED] - get_token = slurper.parseText(token.getResponseBodyContent()): null

2022-03-29 12:51:23 - [TEST_STEP][PASSED] - private_token = access_token: null

2022-03-29 12:51:23 - [TEST_STEP][PASSED] - global_token = private_token: null

2022-03-29 12:51:23 - [TEST_STEP][PASSED] - println("token is :" + global_token): null

2022-03-29 12:51:23 - [TEST_STEP][PASSED] - response_token = token.getResponseText(): null

2022-03-29 12:51:23 - [TEST_STEP][PASSED] - logInfo($response_token): {"fault":{"faultstring":"Access Denied for client ip : 8.29.105.53","detail":{"errorcode":"accesscontrol.IPDeniedAccess"}}}

2022-03-29 12:51:23 - [MESSAGE][INFO] - {"fault":{"faultstring":"Access Denied for client ip : 8.29.105.53","detail":{"errorcode":"accesscontrol.IPDeniedAccess"}}}

2022-03-29 12:51:23 - [TEST_STEP][PASSED] - feedback = sendRequest(findTestObject("4. Feedback-ins", ["s_key":global_token, "batchid":batchid, "norek":norek, "nopin":nopin, "custname":custname, "pemohon":pemohon, "branchid":branchid, ... ])): Send request successfully

2022-03-29 12:51:25 - [MESSAGE][INFO] - HAR: I:\app-testing\app-project\Order car insurance\order-car-insurance\Reports\20220329_124138\3. Get feedback insurance - Batch 1\20220329_124139\requests\main\329.har

2022-03-29 12:51:25 - [MESSAGE][PASSED] - Send request successfully

2022-03-29 12:51:25 - [TEST_STEP][PASSED] - response_feedback = feedback.getResponseText(): null

2022-03-29 12:51:25 - [TEST_STEP][PASSED] - markPassed("result feedback data : " + no + " norek : " + norek + " nopin : " + nopin): result feedback data : 211 norek : 9506008443 nopin : 001

2022-03-29 12:51:25 - [MESSAGE][PASSED] - result feedback data : 211 norek : 9506008443 nopin : 001

2022-03-29 12:51:25 - [TEST_STEP][PASSED] - logInfo($response_feedback): {
  "FeedbackCarInsuranceResponse" : {
    "errorCode" : "00",
    "errorMessage" : "Sukses"
  }
}

2022-03-29 12:51:25 - [MESSAGE][INFO] - {
  "FeedbackCarInsuranceResponse" : {
    "errorCode" : "00",
    "errorMessage" : "Sukses"
  }
}

2022-03-29 12:51:25 - [TEST_STEP][PASSED] - verifyElementPropertyValue(feedback, "FeedbackCarInsuranceResponse.errorMessage", "Sukses", CONTINUE_ON_FAILURE): Verify element property value successfully

2022-03-29 12:51:25 - [MESSAGE][PASSED] - Verify element property value successfully]]></system-out>
         <system-err><![CDATA[]]></system-err>
      </testcase>
      <testcase name="Test Cases/3. get token - feedback insurance" time="1.932" classname="Test Cases/3. get token - feedback insurance" status="PASSED">
         <system-out><![CDATA[2022-03-29 12:51:25 - [TEST_CASE][PASSED] - Test Cases/3. get token - feedback insurance: Test Cases/3. get token - feedback insurance

2022-03-29 12:51:25 - [TEST_STEP][PASSED] - token = sendRequest(findTestObject("1. Get-Token")): Send request successfully

2022-03-29 12:51:26 - [MESSAGE][INFO] - HAR: I:\app-testing\app-project\Order car insurance\order-car-insurance\Reports\20220329_124138\3. Get feedback insurance - Batch 1\20220329_124139\requests\main\330.har

2022-03-29 12:51:26 - [MESSAGE][PASSED] - Send request successfully

2022-03-29 12:51:26 - [TEST_STEP][PASSED] - slurper = new groovy.json.JsonSlurper(): null

2022-03-29 12:51:26 - [TEST_STEP][PASSED] - get_token = slurper.parseText(token.getResponseBodyContent()): null

2022-03-29 12:51:26 - [TEST_STEP][PASSED] - private_token = access_token: null

2022-03-29 12:51:26 - [TEST_STEP][PASSED] - global_token = private_token: null

2022-03-29 12:51:26 - [TEST_STEP][PASSED] - println("token is :" + global_token): null

2022-03-29 12:51:26 - [TEST_STEP][PASSED] - response_token = token.getResponseText(): null

2022-03-29 12:51:26 - [TEST_STEP][PASSED] - logInfo($response_token): {"fault":{"faultstring":"Access Denied for client ip : 8.29.105.53","detail":{"errorcode":"accesscontrol.IPDeniedAccess"}}}

2022-03-29 12:51:26 - [MESSAGE][INFO] - {"fault":{"faultstring":"Access Denied for client ip : 8.29.105.53","detail":{"errorcode":"accesscontrol.IPDeniedAccess"}}}

2022-03-29 12:51:26 - [TEST_STEP][PASSED] - feedback = sendRequest(findTestObject("4. Feedback-ins", ["s_key":global_token, "batchid":batchid, "norek":norek, "nopin":nopin, "custname":custname, "pemohon":pemohon, "branchid":branchid, ... ])): Send request successfully

2022-03-29 12:51:27 - [MESSAGE][INFO] - HAR: I:\app-testing\app-project\Order car insurance\order-car-insurance\Reports\20220329_124138\3. Get feedback insurance - Batch 1\20220329_124139\requests\main\331.har

2022-03-29 12:51:27 - [MESSAGE][PASSED] - Send request successfully

2022-03-29 12:51:27 - [TEST_STEP][PASSED] - response_feedback = feedback.getResponseText(): null

2022-03-29 12:51:27 - [TEST_STEP][PASSED] - markPassed("result feedback data : " + no + " norek : " + norek + " nopin : " + nopin): result feedback data : 212 norek : 9506008443 nopin : 001

2022-03-29 12:51:27 - [MESSAGE][PASSED] - result feedback data : 212 norek : 9506008443 nopin : 001

2022-03-29 12:51:27 - [TEST_STEP][PASSED] - logInfo($response_feedback): {
  "FeedbackCarInsuranceResponse" : {
    "errorCode" : "00",
    "errorMessage" : "Sukses"
  }
}

2022-03-29 12:51:27 - [MESSAGE][INFO] - {
  "FeedbackCarInsuranceResponse" : {
    "errorCode" : "00",
    "errorMessage" : "Sukses"
  }
}

2022-03-29 12:51:27 - [TEST_STEP][PASSED] - verifyElementPropertyValue(feedback, "FeedbackCarInsuranceResponse.errorMessage", "Sukses", CONTINUE_ON_FAILURE): Verify element property value successfully

2022-03-29 12:51:27 - [MESSAGE][PASSED] - Verify element property value successfully]]></system-out>
         <system-err><![CDATA[]]></system-err>
      </testcase>
      <testcase name="Test Cases/3. get token - feedback insurance" time="285.496" classname="Test Cases/3. get token - feedback insurance" status="PASSED">
         <system-out><![CDATA[2022-03-29 12:51:28 - [TEST_CASE][PASSED] - Test Cases/3. get token - feedback insurance: Test Cases/3. get token - feedback insurance

2022-03-29 12:56:10 - [TEST_STEP][PASSED] - token = sendRequest(findTestObject("1. Get-Token")): Send request successfully

2022-03-29 12:56:11 - [MESSAGE][INFO] - HAR: I:\app-testing\app-project\Order car insurance\order-car-insurance\Reports\20220329_124138\3. Get feedback insurance - Batch 1\20220329_124139\requests\main\332.har

2022-03-29 12:56:11 - [MESSAGE][PASSED] - Send request successfully

2022-03-29 12:56:11 - [TEST_STEP][PASSED] - slurper = new groovy.json.JsonSlurper(): null

2022-03-29 12:56:11 - [TEST_STEP][PASSED] - get_token = slurper.parseText(token.getResponseBodyContent()): null

2022-03-29 12:56:11 - [TEST_STEP][PASSED] - private_token = access_token: null

2022-03-29 12:56:11 - [TEST_STEP][PASSED] - global_token = private_token: null

2022-03-29 12:56:11 - [TEST_STEP][PASSED] - println("token is :" + global_token): null

2022-03-29 12:56:11 - [TEST_STEP][PASSED] - response_token = token.getResponseText(): null

2022-03-29 12:56:11 - [TEST_STEP][PASSED] - logInfo($response_token): {"fault":{"faultstring":"Access Denied for client ip : 8.29.105.53","detail":{"errorcode":"accesscontrol.IPDeniedAccess"}}}

2022-03-29 12:56:11 - [MESSAGE][INFO] - {"fault":{"faultstring":"Access Denied for client ip : 8.29.105.53","detail":{"errorcode":"accesscontrol.IPDeniedAccess"}}}

2022-03-29 12:56:11 - [TEST_STEP][PASSED] - feedback = sendRequest(findTestObject("4. Feedback-ins", ["s_key":global_token, "batchid":batchid, "norek":norek, "nopin":nopin, "custname":custname, "pemohon":pemohon, "branchid":branchid, ... ])): Send request successfully

2022-03-29 12:56:13 - [MESSAGE][INFO] - HAR: I:\app-testing\app-project\Order car insurance\order-car-insurance\Reports\20220329_124138\3. Get feedback insurance - Batch 1\20220329_124139\requests\main\333.har

2022-03-29 12:56:13 - [MESSAGE][PASSED] - Send request successfully

2022-03-29 12:56:13 - [TEST_STEP][PASSED] - response_feedback = feedback.getResponseText(): null

2022-03-29 12:56:13 - [TEST_STEP][PASSED] - markPassed("result feedback data : " + no + " norek : " + norek + " nopin : " + nopin): result feedback data : 213 norek : 9506008443 nopin : 001

2022-03-29 12:56:13 - [MESSAGE][PASSED] - result feedback data : 213 norek : 9506008443 nopin : 001

2022-03-29 12:56:13 - [TEST_STEP][PASSED] - logInfo($response_feedback): {
  "FeedbackCarInsuranceResponse" : {
    "errorCode" : "00",
    "errorMessage" : "Sukses"
  }
}

2022-03-29 12:56:13 - [MESSAGE][INFO] - {
  "FeedbackCarInsuranceResponse" : {
    "errorCode" : "00",
    "errorMessage" : "Sukses"
  }
}

2022-03-29 12:56:13 - [TEST_STEP][PASSED] - verifyElementPropertyValue(feedback, "FeedbackCarInsuranceResponse.errorMessage", "Sukses", CONTINUE_ON_FAILURE): Verify element property value successfully

2022-03-29 12:56:13 - [MESSAGE][PASSED] - Verify element property value successfully]]></system-out>
         <system-err><![CDATA[]]></system-err>
      </testcase>
      <testcase name="Test Cases/3. get token - feedback insurance" time="1.422" classname="Test Cases/3. get token - feedback insurance" status="PASSED">
         <system-out><![CDATA[2022-03-29 12:56:14 - [TEST_CASE][PASSED] - Test Cases/3. get token - feedback insurance: Test Cases/3. get token - feedback insurance

2022-03-29 12:56:14 - [TEST_STEP][PASSED] - token = sendRequest(findTestObject("1. Get-Token")): Send request successfully

2022-03-29 12:56:14 - [MESSAGE][INFO] - HAR: I:\app-testing\app-project\Order car insurance\order-car-insurance\Reports\20220329_124138\3. Get feedback insurance - Batch 1\20220329_124139\requests\main\334.har

2022-03-29 12:56:14 - [MESSAGE][PASSED] - Send request successfully

2022-03-29 12:56:14 - [TEST_STEP][PASSED] - slurper = new groovy.json.JsonSlurper(): null

2022-03-29 12:56:14 - [TEST_STEP][PASSED] - get_token = slurper.parseText(token.getResponseBodyContent()): null

2022-03-29 12:56:14 - [TEST_STEP][PASSED] - private_token = access_token: null

2022-03-29 12:56:14 - [TEST_STEP][PASSED] - global_token = private_token: null

2022-03-29 12:56:14 - [TEST_STEP][PASSED] - println("token is :" + global_token): null

2022-03-29 12:56:14 - [TEST_STEP][PASSED] - response_token = token.getResponseText(): null

2022-03-29 12:56:14 - [TEST_STEP][PASSED] - logInfo($response_token): {"fault":{"faultstring":"Access Denied for client ip : 8.29.105.53","detail":{"errorcode":"accesscontrol.IPDeniedAccess"}}}

2022-03-29 12:56:14 - [MESSAGE][INFO] - {"fault":{"faultstring":"Access Denied for client ip : 8.29.105.53","detail":{"errorcode":"accesscontrol.IPDeniedAccess"}}}

2022-03-29 12:56:14 - [TEST_STEP][PASSED] - feedback = sendRequest(findTestObject("4. Feedback-ins", ["s_key":global_token, "batchid":batchid, "norek":norek, "nopin":nopin, "custname":custname, "pemohon":pemohon, "branchid":branchid, ... ])): Send request successfully

2022-03-29 12:56:15 - [MESSAGE][INFO] - HAR: I:\app-testing\app-project\Order car insurance\order-car-insurance\Reports\20220329_124138\3. Get feedback insurance - Batch 1\20220329_124139\requests\main\335.har

2022-03-29 12:56:15 - [MESSAGE][PASSED] - Send request successfully

2022-03-29 12:56:15 - [TEST_STEP][PASSED] - response_feedback = feedback.getResponseText(): null

2022-03-29 12:56:15 - [TEST_STEP][PASSED] - markPassed("result feedback data : " + no + " norek : " + norek + " nopin : " + nopin): result feedback data : 214 norek : 9506008443 nopin : 001

2022-03-29 12:56:15 - [MESSAGE][PASSED] - result feedback data : 214 norek : 9506008443 nopin : 001

2022-03-29 12:56:15 - [TEST_STEP][PASSED] - logInfo($response_feedback): {
  "FeedbackCarInsuranceResponse" : {
    "errorCode" : "00",
    "errorMessage" : "Sukses"
  }
}

2022-03-29 12:56:15 - [MESSAGE][INFO] - {
  "FeedbackCarInsuranceResponse" : {
    "errorCode" : "00",
    "errorMessage" : "Sukses"
  }
}

2022-03-29 12:56:15 - [TEST_STEP][PASSED] - verifyElementPropertyValue(feedback, "FeedbackCarInsuranceResponse.errorMessage", "Sukses", CONTINUE_ON_FAILURE): Verify element property value successfully

2022-03-29 12:56:15 - [MESSAGE][PASSED] - Verify element property value successfully]]></system-out>
         <system-err><![CDATA[]]></system-err>
      </testcase>
      <testcase name="Test Cases/3. get token - feedback insurance" time="1.485" classname="Test Cases/3. get token - feedback insurance" status="PASSED">
         <system-out><![CDATA[2022-03-29 12:56:15 - [TEST_CASE][PASSED] - Test Cases/3. get token - feedback insurance: Test Cases/3. get token - feedback insurance

2022-03-29 12:56:15 - [TEST_STEP][PASSED] - token = sendRequest(findTestObject("1. Get-Token")): Send request successfully

2022-03-29 12:56:16 - [MESSAGE][INFO] - HAR: I:\app-testing\app-project\Order car insurance\order-car-insurance\Reports\20220329_124138\3. Get feedback insurance - Batch 1\20220329_124139\requests\main\336.har

2022-03-29 12:56:16 - [MESSAGE][PASSED] - Send request successfully

2022-03-29 12:56:16 - [TEST_STEP][PASSED] - slurper = new groovy.json.JsonSlurper(): null

2022-03-29 12:56:16 - [TEST_STEP][PASSED] - get_token = slurper.parseText(token.getResponseBodyContent()): null

2022-03-29 12:56:16 - [TEST_STEP][PASSED] - private_token = access_token: null

2022-03-29 12:56:16 - [TEST_STEP][PASSED] - global_token = private_token: null

2022-03-29 12:56:16 - [TEST_STEP][PASSED] - println("token is :" + global_token): null

2022-03-29 12:56:16 - [TEST_STEP][PASSED] - response_token = token.getResponseText(): null

2022-03-29 12:56:16 - [TEST_STEP][PASSED] - logInfo($response_token): {"fault":{"faultstring":"Access Denied for client ip : 8.29.105.53","detail":{"errorcode":"accesscontrol.IPDeniedAccess"}}}

2022-03-29 12:56:16 - [MESSAGE][INFO] - {"fault":{"faultstring":"Access Denied for client ip : 8.29.105.53","detail":{"errorcode":"accesscontrol.IPDeniedAccess"}}}

2022-03-29 12:56:16 - [TEST_STEP][PASSED] - feedback = sendRequest(findTestObject("4. Feedback-ins", ["s_key":global_token, "batchid":batchid, "norek":norek, "nopin":nopin, "custname":custname, "pemohon":pemohon, "branchid":branchid, ... ])): Send request successfully

2022-03-29 12:56:17 - [MESSAGE][INFO] - HAR: I:\app-testing\app-project\Order car insurance\order-car-insurance\Reports\20220329_124138\3. Get feedback insurance - Batch 1\20220329_124139\requests\main\337.har

2022-03-29 12:56:17 - [MESSAGE][PASSED] - Send request successfully

2022-03-29 12:56:17 - [TEST_STEP][PASSED] - response_feedback = feedback.getResponseText(): null

2022-03-29 12:56:17 - [TEST_STEP][PASSED] - markPassed("result feedback data : " + no + " norek : " + norek + " nopin : " + nopin): result feedback data : 215 norek : 9506008443 nopin : 001

2022-03-29 12:56:17 - [MESSAGE][PASSED] - result feedback data : 215 norek : 9506008443 nopin : 001

2022-03-29 12:56:17 - [TEST_STEP][PASSED] - logInfo($response_feedback): {
  "FeedbackCarInsuranceResponse" : {
    "errorCode" : "00",
    "errorMessage" : "Sukses"
  }
}

2022-03-29 12:56:17 - [MESSAGE][INFO] - {
  "FeedbackCarInsuranceResponse" : {
    "errorCode" : "00",
    "errorMessage" : "Sukses"
  }
}

2022-03-29 12:56:17 - [TEST_STEP][PASSED] - verifyElementPropertyValue(feedback, "FeedbackCarInsuranceResponse.errorMessage", "Sukses", CONTINUE_ON_FAILURE): Verify element property value successfully

2022-03-29 12:56:17 - [MESSAGE][PASSED] - Verify element property value successfully]]></system-out>
         <system-err><![CDATA[]]></system-err>
      </testcase>
      <testcase name="Test Cases/3. get token - feedback insurance" time="4.014" classname="Test Cases/3. get token - feedback insurance" status="PASSED">
         <system-out><![CDATA[2022-03-29 12:56:17 - [TEST_CASE][PASSED] - Test Cases/3. get token - feedback insurance: Test Cases/3. get token - feedback insurance

2022-03-29 12:56:17 - [TEST_STEP][PASSED] - token = sendRequest(findTestObject("1. Get-Token")): Send request successfully

2022-03-29 12:56:18 - [MESSAGE][INFO] - HAR: I:\app-testing\app-project\Order car insurance\order-car-insurance\Reports\20220329_124138\3. Get feedback insurance - Batch 1\20220329_124139\requests\main\338.har

2022-03-29 12:56:18 - [MESSAGE][PASSED] - Send request successfully

2022-03-29 12:56:18 - [TEST_STEP][PASSED] - slurper = new groovy.json.JsonSlurper(): null

2022-03-29 12:56:18 - [TEST_STEP][PASSED] - get_token = slurper.parseText(token.getResponseBodyContent()): null

2022-03-29 12:56:18 - [TEST_STEP][PASSED] - private_token = access_token: null

2022-03-29 12:56:18 - [TEST_STEP][PASSED] - global_token = private_token: null

2022-03-29 12:56:18 - [TEST_STEP][PASSED] - println("token is :" + global_token): null

2022-03-29 12:56:18 - [TEST_STEP][PASSED] - response_token = token.getResponseText(): null

2022-03-29 12:56:18 - [TEST_STEP][PASSED] - logInfo($response_token): {"fault":{"faultstring":"Access Denied for client ip : 8.29.105.53","detail":{"errorcode":"accesscontrol.IPDeniedAccess"}}}

2022-03-29 12:56:18 - [MESSAGE][INFO] - {"fault":{"faultstring":"Access Denied for client ip : 8.29.105.53","detail":{"errorcode":"accesscontrol.IPDeniedAccess"}}}

2022-03-29 12:56:18 - [TEST_STEP][PASSED] - feedback = sendRequest(findTestObject("4. Feedback-ins", ["s_key":global_token, "batchid":batchid, "norek":norek, "nopin":nopin, "custname":custname, "pemohon":pemohon, "branchid":branchid, ... ])): Send request successfully

2022-03-29 12:56:21 - [MESSAGE][INFO] - HAR: I:\app-testing\app-project\Order car insurance\order-car-insurance\Reports\20220329_124138\3. Get feedback insurance - Batch 1\20220329_124139\requests\main\339.har

2022-03-29 12:56:21 - [MESSAGE][PASSED] - Send request successfully

2022-03-29 12:56:21 - [TEST_STEP][PASSED] - response_feedback = feedback.getResponseText(): null

2022-03-29 12:56:21 - [TEST_STEP][PASSED] - markPassed("result feedback data : " + no + " norek : " + norek + " nopin : " + nopin): result feedback data : 216 norek : 9506008448 nopin : 001

2022-03-29 12:56:21 - [MESSAGE][PASSED] - result feedback data : 216 norek : 9506008448 nopin : 001

2022-03-29 12:56:21 - [TEST_STEP][PASSED] - logInfo($response_feedback): {
  "FeedbackCarInsuranceResponse" : {
    "errorCode" : "00",
    "errorMessage" : "Sukses"
  }
}

2022-03-29 12:56:21 - [MESSAGE][INFO] - {
  "FeedbackCarInsuranceResponse" : {
    "errorCode" : "00",
    "errorMessage" : "Sukses"
  }
}

2022-03-29 12:56:21 - [TEST_STEP][PASSED] - verifyElementPropertyValue(feedback, "FeedbackCarInsuranceResponse.errorMessage", "Sukses", CONTINUE_ON_FAILURE): Verify element property value successfully

2022-03-29 12:56:21 - [MESSAGE][PASSED] - Verify element property value successfully]]></system-out>
         <system-err><![CDATA[]]></system-err>
      </testcase>
      <testcase name="Test Cases/3. get token - feedback insurance" time="1.486" classname="Test Cases/3. get token - feedback insurance" status="PASSED">
         <system-out><![CDATA[2022-03-29 12:56:22 - [TEST_CASE][PASSED] - Test Cases/3. get token - feedback insurance: Test Cases/3. get token - feedback insurance

2022-03-29 12:56:22 - [TEST_STEP][PASSED] - token = sendRequest(findTestObject("1. Get-Token")): Send request successfully

2022-03-29 12:56:22 - [MESSAGE][INFO] - HAR: I:\app-testing\app-project\Order car insurance\order-car-insurance\Reports\20220329_124138\3. Get feedback insurance - Batch 1\20220329_124139\requests\main\340.har

2022-03-29 12:56:22 - [MESSAGE][PASSED] - Send request successfully

2022-03-29 12:56:22 - [TEST_STEP][PASSED] - slurper = new groovy.json.JsonSlurper(): null

2022-03-29 12:56:22 - [TEST_STEP][PASSED] - get_token = slurper.parseText(token.getResponseBodyContent()): null

2022-03-29 12:56:22 - [TEST_STEP][PASSED] - private_token = access_token: null

2022-03-29 12:56:22 - [TEST_STEP][PASSED] - global_token = private_token: null

2022-03-29 12:56:22 - [TEST_STEP][PASSED] - println("token is :" + global_token): null

2022-03-29 12:56:22 - [TEST_STEP][PASSED] - response_token = token.getResponseText(): null

2022-03-29 12:56:22 - [TEST_STEP][PASSED] - logInfo($response_token): {"fault":{"faultstring":"Access Denied for client ip : 8.29.105.53","detail":{"errorcode":"accesscontrol.IPDeniedAccess"}}}

2022-03-29 12:56:22 - [MESSAGE][INFO] - {"fault":{"faultstring":"Access Denied for client ip : 8.29.105.53","detail":{"errorcode":"accesscontrol.IPDeniedAccess"}}}

2022-03-29 12:56:22 - [TEST_STEP][PASSED] - feedback = sendRequest(findTestObject("4. Feedback-ins", ["s_key":global_token, "batchid":batchid, "norek":norek, "nopin":nopin, "custname":custname, "pemohon":pemohon, "branchid":branchid, ... ])): Send request successfully

2022-03-29 12:56:23 - [MESSAGE][INFO] - HAR: I:\app-testing\app-project\Order car insurance\order-car-insurance\Reports\20220329_124138\3. Get feedback insurance - Batch 1\20220329_124139\requests\main\341.har

2022-03-29 12:56:23 - [MESSAGE][PASSED] - Send request successfully

2022-03-29 12:56:23 - [TEST_STEP][PASSED] - response_feedback = feedback.getResponseText(): null

2022-03-29 12:56:23 - [TEST_STEP][PASSED] - markPassed("result feedback data : " + no + " norek : " + norek + " nopin : " + nopin): result feedback data : 217 norek : 9506008448 nopin : 001

2022-03-29 12:56:23 - [MESSAGE][PASSED] - result feedback data : 217 norek : 9506008448 nopin : 001

2022-03-29 12:56:23 - [TEST_STEP][PASSED] - logInfo($response_feedback): {
  "FeedbackCarInsuranceResponse" : {
    "errorCode" : "00",
    "errorMessage" : "Sukses"
  }
}

2022-03-29 12:56:23 - [MESSAGE][INFO] - {
  "FeedbackCarInsuranceResponse" : {
    "errorCode" : "00",
    "errorMessage" : "Sukses"
  }
}

2022-03-29 12:56:23 - [TEST_STEP][PASSED] - verifyElementPropertyValue(feedback, "FeedbackCarInsuranceResponse.errorMessage", "Sukses", CONTINUE_ON_FAILURE): Verify element property value successfully

2022-03-29 12:56:23 - [MESSAGE][PASSED] - Verify element property value successfully]]></system-out>
         <system-err><![CDATA[]]></system-err>
      </testcase>
      <testcase name="Test Cases/3. get token - feedback insurance" time="1.771" classname="Test Cases/3. get token - feedback insurance" status="PASSED">
         <system-out><![CDATA[2022-03-29 12:56:24 - [TEST_CASE][PASSED] - Test Cases/3. get token - feedback insurance: Test Cases/3. get token - feedback insurance

2022-03-29 12:56:24 - [TEST_STEP][PASSED] - token = sendRequest(findTestObject("1. Get-Token")): Send request successfully

2022-03-29 12:56:24 - [MESSAGE][INFO] - HAR: I:\app-testing\app-project\Order car insurance\order-car-insurance\Reports\20220329_124138\3. Get feedback insurance - Batch 1\20220329_124139\requests\main\342.har

2022-03-29 12:56:24 - [MESSAGE][PASSED] - Send request successfully

2022-03-29 12:56:24 - [TEST_STEP][PASSED] - slurper = new groovy.json.JsonSlurper(): null

2022-03-29 12:56:24 - [TEST_STEP][PASSED] - get_token = slurper.parseText(token.getResponseBodyContent()): null

2022-03-29 12:56:24 - [TEST_STEP][PASSED] - private_token = access_token: null

2022-03-29 12:56:24 - [TEST_STEP][PASSED] - global_token = private_token: null

2022-03-29 12:56:24 - [TEST_STEP][PASSED] - println("token is :" + global_token): null

2022-03-29 12:56:24 - [TEST_STEP][PASSED] - response_token = token.getResponseText(): null

2022-03-29 12:56:24 - [TEST_STEP][PASSED] - logInfo($response_token): {"fault":{"faultstring":"Access Denied for client ip : 8.29.105.53","detail":{"errorcode":"accesscontrol.IPDeniedAccess"}}}

2022-03-29 12:56:24 - [MESSAGE][INFO] - {"fault":{"faultstring":"Access Denied for client ip : 8.29.105.53","detail":{"errorcode":"accesscontrol.IPDeniedAccess"}}}

2022-03-29 12:56:24 - [TEST_STEP][PASSED] - feedback = sendRequest(findTestObject("4. Feedback-ins", ["s_key":global_token, "batchid":batchid, "norek":norek, "nopin":nopin, "custname":custname, "pemohon":pemohon, "branchid":branchid, ... ])): Send request successfully

2022-03-29 12:56:25 - [MESSAGE][INFO] - HAR: I:\app-testing\app-project\Order car insurance\order-car-insurance\Reports\20220329_124138\3. Get feedback insurance - Batch 1\20220329_124139\requests\main\343.har

2022-03-29 12:56:25 - [MESSAGE][PASSED] - Send request successfully

2022-03-29 12:56:25 - [TEST_STEP][PASSED] - response_feedback = feedback.getResponseText(): null

2022-03-29 12:56:25 - [TEST_STEP][PASSED] - markPassed("result feedback data : " + no + " norek : " + norek + " nopin : " + nopin): result feedback data : 218 norek : 9506008448 nopin : 001

2022-03-29 12:56:25 - [MESSAGE][PASSED] - result feedback data : 218 norek : 9506008448 nopin : 001

2022-03-29 12:56:25 - [TEST_STEP][PASSED] - logInfo($response_feedback): {
  "FeedbackCarInsuranceResponse" : {
    "errorCode" : "00",
    "errorMessage" : "Sukses"
  }
}

2022-03-29 12:56:25 - [MESSAGE][INFO] - {
  "FeedbackCarInsuranceResponse" : {
    "errorCode" : "00",
    "errorMessage" : "Sukses"
  }
}

2022-03-29 12:56:25 - [TEST_STEP][PASSED] - verifyElementPropertyValue(feedback, "FeedbackCarInsuranceResponse.errorMessage", "Sukses", CONTINUE_ON_FAILURE): Verify element property value successfully

2022-03-29 12:56:25 - [MESSAGE][PASSED] - Verify element property value successfully]]></system-out>
         <system-err><![CDATA[]]></system-err>
      </testcase>
      <testcase name="Test Cases/3. get token - feedback insurance" time="1.426" classname="Test Cases/3. get token - feedback insurance" status="PASSED">
         <system-out><![CDATA[2022-03-29 12:56:26 - [TEST_CASE][PASSED] - Test Cases/3. get token - feedback insurance: Test Cases/3. get token - feedback insurance

2022-03-29 12:56:26 - [TEST_STEP][PASSED] - token = sendRequest(findTestObject("1. Get-Token")): Send request successfully

2022-03-29 12:56:26 - [MESSAGE][INFO] - HAR: I:\app-testing\app-project\Order car insurance\order-car-insurance\Reports\20220329_124138\3. Get feedback insurance - Batch 1\20220329_124139\requests\main\344.har

2022-03-29 12:56:26 - [MESSAGE][PASSED] - Send request successfully

2022-03-29 12:56:26 - [TEST_STEP][PASSED] - slurper = new groovy.json.JsonSlurper(): null

2022-03-29 12:56:26 - [TEST_STEP][PASSED] - get_token = slurper.parseText(token.getResponseBodyContent()): null

2022-03-29 12:56:26 - [TEST_STEP][PASSED] - private_token = access_token: null

2022-03-29 12:56:26 - [TEST_STEP][PASSED] - global_token = private_token: null

2022-03-29 12:56:26 - [TEST_STEP][PASSED] - println("token is :" + global_token): null

2022-03-29 12:56:26 - [TEST_STEP][PASSED] - response_token = token.getResponseText(): null

2022-03-29 12:56:26 - [TEST_STEP][PASSED] - logInfo($response_token): {"fault":{"faultstring":"Access Denied for client ip : 8.29.105.53","detail":{"errorcode":"accesscontrol.IPDeniedAccess"}}}

2022-03-29 12:56:26 - [MESSAGE][INFO] - {"fault":{"faultstring":"Access Denied for client ip : 8.29.105.53","detail":{"errorcode":"accesscontrol.IPDeniedAccess"}}}

2022-03-29 12:56:26 - [TEST_STEP][PASSED] - feedback = sendRequest(findTestObject("4. Feedback-ins", ["s_key":global_token, "batchid":batchid, "norek":norek, "nopin":nopin, "custname":custname, "pemohon":pemohon, "branchid":branchid, ... ])): Send request successfully

2022-03-29 12:56:27 - [MESSAGE][INFO] - HAR: I:\app-testing\app-project\Order car insurance\order-car-insurance\Reports\20220329_124138\3. Get feedback insurance - Batch 1\20220329_124139\requests\main\345.har

2022-03-29 12:56:27 - [MESSAGE][PASSED] - Send request successfully

2022-03-29 12:56:27 - [TEST_STEP][PASSED] - response_feedback = feedback.getResponseText(): null

2022-03-29 12:56:27 - [TEST_STEP][PASSED] - markPassed("result feedback data : " + no + " norek : " + norek + " nopin : " + nopin): result feedback data : 219 norek : 9506008448 nopin : 001

2022-03-29 12:56:27 - [MESSAGE][PASSED] - result feedback data : 219 norek : 9506008448 nopin : 001

2022-03-29 12:56:27 - [TEST_STEP][PASSED] - logInfo($response_feedback): {
  "FeedbackCarInsuranceResponse" : {
    "errorCode" : "00",
    "errorMessage" : "Sukses"
  }
}

2022-03-29 12:56:27 - [MESSAGE][INFO] - {
  "FeedbackCarInsuranceResponse" : {
    "errorCode" : "00",
    "errorMessage" : "Sukses"
  }
}

2022-03-29 12:56:27 - [TEST_STEP][PASSED] - verifyElementPropertyValue(feedback, "FeedbackCarInsuranceResponse.errorMessage", "Sukses", CONTINUE_ON_FAILURE): Verify element property value successfully

2022-03-29 12:56:27 - [MESSAGE][PASSED] - Verify element property value successfully]]></system-out>
         <system-err><![CDATA[]]></system-err>
      </testcase>
      <testcase name="Test Cases/3. get token - feedback insurance" time="2.784" classname="Test Cases/3. get token - feedback insurance" status="PASSED">
         <system-out><![CDATA[2022-03-29 12:56:28 - [TEST_CASE][PASSED] - Test Cases/3. get token - feedback insurance: Test Cases/3. get token - feedback insurance

2022-03-29 12:56:28 - [TEST_STEP][PASSED] - token = sendRequest(findTestObject("1. Get-Token")): Send request successfully

2022-03-29 12:56:28 - [MESSAGE][INFO] - HAR: I:\app-testing\app-project\Order car insurance\order-car-insurance\Reports\20220329_124138\3. Get feedback insurance - Batch 1\20220329_124139\requests\main\346.har

2022-03-29 12:56:28 - [MESSAGE][PASSED] - Send request successfully

2022-03-29 12:56:28 - [TEST_STEP][PASSED] - slurper = new groovy.json.JsonSlurper(): null

2022-03-29 12:56:28 - [TEST_STEP][PASSED] - get_token = slurper.parseText(token.getResponseBodyContent()): null

2022-03-29 12:56:28 - [TEST_STEP][PASSED] - private_token = access_token: null

2022-03-29 12:56:28 - [TEST_STEP][PASSED] - global_token = private_token: null

2022-03-29 12:56:28 - [TEST_STEP][PASSED] - println("token is :" + global_token): null

2022-03-29 12:56:28 - [TEST_STEP][PASSED] - response_token = token.getResponseText(): null

2022-03-29 12:56:28 - [TEST_STEP][PASSED] - logInfo($response_token): {"fault":{"faultstring":"Access Denied for client ip : 8.29.105.53","detail":{"errorcode":"accesscontrol.IPDeniedAccess"}}}

2022-03-29 12:56:28 - [MESSAGE][INFO] - {"fault":{"faultstring":"Access Denied for client ip : 8.29.105.53","detail":{"errorcode":"accesscontrol.IPDeniedAccess"}}}

2022-03-29 12:56:28 - [TEST_STEP][PASSED] - feedback = sendRequest(findTestObject("4. Feedback-ins", ["s_key":global_token, "batchid":batchid, "norek":norek, "nopin":nopin, "custname":custname, "pemohon":pemohon, "branchid":branchid, ... ])): Send request successfully

2022-03-29 12:56:30 - [MESSAGE][INFO] - HAR: I:\app-testing\app-project\Order car insurance\order-car-insurance\Reports\20220329_124138\3. Get feedback insurance - Batch 1\20220329_124139\requests\main\347.har

2022-03-29 12:56:30 - [MESSAGE][PASSED] - Send request successfully

2022-03-29 12:56:30 - [TEST_STEP][PASSED] - response_feedback = feedback.getResponseText(): null

2022-03-29 12:56:30 - [TEST_STEP][PASSED] - markPassed("result feedback data : " + no + " norek : " + norek + " nopin : " + nopin): result feedback data : 220 norek : 9510001998 nopin : 003

2022-03-29 12:56:30 - [MESSAGE][PASSED] - result feedback data : 220 norek : 9510001998 nopin : 003

2022-03-29 12:56:30 - [TEST_STEP][PASSED] - logInfo($response_feedback): {
  "FeedbackCarInsuranceResponse" : {
    "errorCode" : "00",
    "errorMessage" : "Sukses"
  }
}

2022-03-29 12:56:30 - [MESSAGE][INFO] - {
  "FeedbackCarInsuranceResponse" : {
    "errorCode" : "00",
    "errorMessage" : "Sukses"
  }
}

2022-03-29 12:56:30 - [TEST_STEP][PASSED] - verifyElementPropertyValue(feedback, "FeedbackCarInsuranceResponse.errorMessage", "Sukses", CONTINUE_ON_FAILURE): Verify element property value successfully

2022-03-29 12:56:30 - [MESSAGE][PASSED] - Verify element property value successfully]]></system-out>
         <system-err><![CDATA[]]></system-err>
      </testcase>
      <testcase name="Test Cases/3. get token - feedback insurance" time="1.577" classname="Test Cases/3. get token - feedback insurance" status="PASSED">
         <system-out><![CDATA[2022-03-29 12:56:31 - [TEST_CASE][PASSED] - Test Cases/3. get token - feedback insurance: Test Cases/3. get token - feedback insurance

2022-03-29 12:56:31 - [TEST_STEP][PASSED] - token = sendRequest(findTestObject("1. Get-Token")): Send request successfully

2022-03-29 12:56:31 - [MESSAGE][INFO] - HAR: I:\app-testing\app-project\Order car insurance\order-car-insurance\Reports\20220329_124138\3. Get feedback insurance - Batch 1\20220329_124139\requests\main\348.har

2022-03-29 12:56:31 - [MESSAGE][PASSED] - Send request successfully

2022-03-29 12:56:31 - [TEST_STEP][PASSED] - slurper = new groovy.json.JsonSlurper(): null

2022-03-29 12:56:31 - [TEST_STEP][PASSED] - get_token = slurper.parseText(token.getResponseBodyContent()): null

2022-03-29 12:56:31 - [TEST_STEP][PASSED] - private_token = access_token: null

2022-03-29 12:56:31 - [TEST_STEP][PASSED] - global_token = private_token: null

2022-03-29 12:56:31 - [TEST_STEP][PASSED] - println("token is :" + global_token): null

2022-03-29 12:56:31 - [TEST_STEP][PASSED] - response_token = token.getResponseText(): null

2022-03-29 12:56:31 - [TEST_STEP][PASSED] - logInfo($response_token): {"fault":{"faultstring":"Access Denied for client ip : 8.29.105.53","detail":{"errorcode":"accesscontrol.IPDeniedAccess"}}}

2022-03-29 12:56:31 - [MESSAGE][INFO] - {"fault":{"faultstring":"Access Denied for client ip : 8.29.105.53","detail":{"errorcode":"accesscontrol.IPDeniedAccess"}}}

2022-03-29 12:56:31 - [TEST_STEP][PASSED] - feedback = sendRequest(findTestObject("4. Feedback-ins", ["s_key":global_token, "batchid":batchid, "norek":norek, "nopin":nopin, "custname":custname, "pemohon":pemohon, "branchid":branchid, ... ])): Send request successfully

2022-03-29 12:56:32 - [MESSAGE][INFO] - HAR: I:\app-testing\app-project\Order car insurance\order-car-insurance\Reports\20220329_124138\3. Get feedback insurance - Batch 1\20220329_124139\requests\main\349.har

2022-03-29 12:56:32 - [MESSAGE][PASSED] - Send request successfully

2022-03-29 12:56:32 - [TEST_STEP][PASSED] - response_feedback = feedback.getResponseText(): null

2022-03-29 12:56:32 - [TEST_STEP][PASSED] - markPassed("result feedback data : " + no + " norek : " + norek + " nopin : " + nopin): result feedback data : 221 norek : 9510001998 nopin : 003

2022-03-29 12:56:32 - [MESSAGE][PASSED] - result feedback data : 221 norek : 9510001998 nopin : 003

2022-03-29 12:56:32 - [TEST_STEP][PASSED] - logInfo($response_feedback): {
  "FeedbackCarInsuranceResponse" : {
    "errorCode" : "00",
    "errorMessage" : "Sukses"
  }
}

2022-03-29 12:56:32 - [MESSAGE][INFO] - {
  "FeedbackCarInsuranceResponse" : {
    "errorCode" : "00",
    "errorMessage" : "Sukses"
  }
}

2022-03-29 12:56:32 - [TEST_STEP][PASSED] - verifyElementPropertyValue(feedback, "FeedbackCarInsuranceResponse.errorMessage", "Sukses", CONTINUE_ON_FAILURE): Verify element property value successfully

2022-03-29 12:56:32 - [MESSAGE][PASSED] - Verify element property value successfully]]></system-out>
         <system-err><![CDATA[]]></system-err>
      </testcase>
      <testcase name="Test Cases/3. get token - feedback insurance" time="1.445" classname="Test Cases/3. get token - feedback insurance" status="PASSED">
         <system-out><![CDATA[2022-03-29 12:56:33 - [TEST_CASE][PASSED] - Test Cases/3. get token - feedback insurance: Test Cases/3. get token - feedback insurance

2022-03-29 12:56:33 - [TEST_STEP][PASSED] - token = sendRequest(findTestObject("1. Get-Token")): Send request successfully

2022-03-29 12:56:33 - [MESSAGE][INFO] - HAR: I:\app-testing\app-project\Order car insurance\order-car-insurance\Reports\20220329_124138\3. Get feedback insurance - Batch 1\20220329_124139\requests\main\350.har

2022-03-29 12:56:33 - [MESSAGE][PASSED] - Send request successfully

2022-03-29 12:56:33 - [TEST_STEP][PASSED] - slurper = new groovy.json.JsonSlurper(): null

2022-03-29 12:56:33 - [TEST_STEP][PASSED] - get_token = slurper.parseText(token.getResponseBodyContent()): null

2022-03-29 12:56:33 - [TEST_STEP][PASSED] - private_token = access_token: null

2022-03-29 12:56:33 - [TEST_STEP][PASSED] - global_token = private_token: null

2022-03-29 12:56:33 - [TEST_STEP][PASSED] - println("token is :" + global_token): null

2022-03-29 12:56:33 - [TEST_STEP][PASSED] - response_token = token.getResponseText(): null

2022-03-29 12:56:33 - [TEST_STEP][PASSED] - logInfo($response_token): {"fault":{"faultstring":"Access Denied for client ip : 8.29.105.53","detail":{"errorcode":"accesscontrol.IPDeniedAccess"}}}

2022-03-29 12:56:33 - [MESSAGE][INFO] - {"fault":{"faultstring":"Access Denied for client ip : 8.29.105.53","detail":{"errorcode":"accesscontrol.IPDeniedAccess"}}}

2022-03-29 12:56:33 - [TEST_STEP][PASSED] - feedback = sendRequest(findTestObject("4. Feedback-ins", ["s_key":global_token, "batchid":batchid, "norek":norek, "nopin":nopin, "custname":custname, "pemohon":pemohon, "branchid":branchid, ... ])): Send request successfully

2022-03-29 12:56:34 - [MESSAGE][INFO] - HAR: I:\app-testing\app-project\Order car insurance\order-car-insurance\Reports\20220329_124138\3. Get feedback insurance - Batch 1\20220329_124139\requests\main\351.har

2022-03-29 12:56:34 - [MESSAGE][PASSED] - Send request successfully

2022-03-29 12:56:34 - [TEST_STEP][PASSED] - response_feedback = feedback.getResponseText(): null

2022-03-29 12:56:34 - [TEST_STEP][PASSED] - markPassed("result feedback data : " + no + " norek : " + norek + " nopin : " + nopin): result feedback data : 222 norek : 9510001998 nopin : 003

2022-03-29 12:56:34 - [MESSAGE][PASSED] - result feedback data : 222 norek : 9510001998 nopin : 003

2022-03-29 12:56:34 - [TEST_STEP][PASSED] - logInfo($response_feedback): {
  "FeedbackCarInsuranceResponse" : {
    "errorCode" : "00",
    "errorMessage" : "Sukses"
  }
}

2022-03-29 12:56:34 - [MESSAGE][INFO] - {
  "FeedbackCarInsuranceResponse" : {
    "errorCode" : "00",
    "errorMessage" : "Sukses"
  }
}

2022-03-29 12:56:34 - [TEST_STEP][PASSED] - verifyElementPropertyValue(feedback, "FeedbackCarInsuranceResponse.errorMessage", "Sukses", CONTINUE_ON_FAILURE): Verify element property value successfully

2022-03-29 12:56:34 - [MESSAGE][PASSED] - Verify element property value successfully]]></system-out>
         <system-err><![CDATA[]]></system-err>
      </testcase>
      <testcase name="Test Cases/3. get token - feedback insurance" time="1.826" classname="Test Cases/3. get token - feedback insurance" status="PASSED">
         <system-out><![CDATA[2022-03-29 12:56:34 - [TEST_CASE][PASSED] - Test Cases/3. get token - feedback insurance: Test Cases/3. get token - feedback insurance

2022-03-29 12:56:34 - [TEST_STEP][PASSED] - token = sendRequest(findTestObject("1. Get-Token")): Send request successfully

2022-03-29 12:56:35 - [MESSAGE][INFO] - HAR: I:\app-testing\app-project\Order car insurance\order-car-insurance\Reports\20220329_124138\3. Get feedback insurance - Batch 1\20220329_124139\requests\main\352.har

2022-03-29 12:56:35 - [MESSAGE][PASSED] - Send request successfully

2022-03-29 12:56:35 - [TEST_STEP][PASSED] - slurper = new groovy.json.JsonSlurper(): null

2022-03-29 12:56:35 - [TEST_STEP][PASSED] - get_token = slurper.parseText(token.getResponseBodyContent()): null

2022-03-29 12:56:35 - [TEST_STEP][PASSED] - private_token = access_token: null

2022-03-29 12:56:35 - [TEST_STEP][PASSED] - global_token = private_token: null

2022-03-29 12:56:35 - [TEST_STEP][PASSED] - println("token is :" + global_token): null

2022-03-29 12:56:35 - [TEST_STEP][PASSED] - response_token = token.getResponseText(): null

2022-03-29 12:56:35 - [TEST_STEP][PASSED] - logInfo($response_token): {"fault":{"faultstring":"Access Denied for client ip : 8.29.105.53","detail":{"errorcode":"accesscontrol.IPDeniedAccess"}}}

2022-03-29 12:56:35 - [MESSAGE][INFO] - {"fault":{"faultstring":"Access Denied for client ip : 8.29.105.53","detail":{"errorcode":"accesscontrol.IPDeniedAccess"}}}

2022-03-29 12:56:35 - [TEST_STEP][PASSED] - feedback = sendRequest(findTestObject("4. Feedback-ins", ["s_key":global_token, "batchid":batchid, "norek":norek, "nopin":nopin, "custname":custname, "pemohon":pemohon, "branchid":branchid, ... ])): Send request successfully

2022-03-29 12:56:36 - [MESSAGE][INFO] - HAR: I:\app-testing\app-project\Order car insurance\order-car-insurance\Reports\20220329_124138\3. Get feedback insurance - Batch 1\20220329_124139\requests\main\353.har

2022-03-29 12:56:36 - [MESSAGE][PASSED] - Send request successfully

2022-03-29 12:56:36 - [TEST_STEP][PASSED] - response_feedback = feedback.getResponseText(): null

2022-03-29 12:56:36 - [TEST_STEP][PASSED] - markPassed("result feedback data : " + no + " norek : " + norek + " nopin : " + nopin): result feedback data : 223 norek : 9510001998 nopin : 003

2022-03-29 12:56:36 - [MESSAGE][PASSED] - result feedback data : 223 norek : 9510001998 nopin : 003

2022-03-29 12:56:36 - [TEST_STEP][PASSED] - logInfo($response_feedback): {
  "FeedbackCarInsuranceResponse" : {
    "errorCode" : "00",
    "errorMessage" : "Sukses"
  }
}

2022-03-29 12:56:36 - [MESSAGE][INFO] - {
  "FeedbackCarInsuranceResponse" : {
    "errorCode" : "00",
    "errorMessage" : "Sukses"
  }
}

2022-03-29 12:56:36 - [TEST_STEP][PASSED] - verifyElementPropertyValue(feedback, "FeedbackCarInsuranceResponse.errorMessage", "Sukses", CONTINUE_ON_FAILURE): Verify element property value successfully

2022-03-29 12:56:36 - [MESSAGE][PASSED] - Verify element property value successfully]]></system-out>
         <system-err><![CDATA[]]></system-err>
      </testcase>
      <testcase name="Test Cases/3. get token - feedback insurance" time="1.445" classname="Test Cases/3. get token - feedback insurance" status="PASSED">
         <system-out><![CDATA[2022-03-29 12:56:37 - [TEST_CASE][PASSED] - Test Cases/3. get token - feedback insurance: Test Cases/3. get token - feedback insurance

2022-03-29 12:56:37 - [TEST_STEP][PASSED] - token = sendRequest(findTestObject("1. Get-Token")): Send request successfully

2022-03-29 12:56:37 - [MESSAGE][INFO] - HAR: I:\app-testing\app-project\Order car insurance\order-car-insurance\Reports\20220329_124138\3. Get feedback insurance - Batch 1\20220329_124139\requests\main\354.har

2022-03-29 12:56:37 - [MESSAGE][PASSED] - Send request successfully

2022-03-29 12:56:37 - [TEST_STEP][PASSED] - slurper = new groovy.json.JsonSlurper(): null

2022-03-29 12:56:37 - [TEST_STEP][PASSED] - get_token = slurper.parseText(token.getResponseBodyContent()): null

2022-03-29 12:56:37 - [TEST_STEP][PASSED] - private_token = access_token: null

2022-03-29 12:56:37 - [TEST_STEP][PASSED] - global_token = private_token: null

2022-03-29 12:56:37 - [TEST_STEP][PASSED] - println("token is :" + global_token): null

2022-03-29 12:56:37 - [TEST_STEP][PASSED] - response_token = token.getResponseText(): null

2022-03-29 12:56:37 - [TEST_STEP][PASSED] - logInfo($response_token): {"fault":{"faultstring":"Access Denied for client ip : 8.29.105.53","detail":{"errorcode":"accesscontrol.IPDeniedAccess"}}}

2022-03-29 12:56:37 - [MESSAGE][INFO] - {"fault":{"faultstring":"Access Denied for client ip : 8.29.105.53","detail":{"errorcode":"accesscontrol.IPDeniedAccess"}}}

2022-03-29 12:56:37 - [TEST_STEP][PASSED] - feedback = sendRequest(findTestObject("4. Feedback-ins", ["s_key":global_token, "batchid":batchid, "norek":norek, "nopin":nopin, "custname":custname, "pemohon":pemohon, "branchid":branchid, ... ])): Send request successfully

2022-03-29 12:56:38 - [MESSAGE][INFO] - HAR: I:\app-testing\app-project\Order car insurance\order-car-insurance\Reports\20220329_124138\3. Get feedback insurance - Batch 1\20220329_124139\requests\main\355.har

2022-03-29 12:56:38 - [MESSAGE][PASSED] - Send request successfully

2022-03-29 12:56:38 - [TEST_STEP][PASSED] - response_feedback = feedback.getResponseText(): null

2022-03-29 12:56:38 - [TEST_STEP][PASSED] - markPassed("result feedback data : " + no + " norek : " + norek + " nopin : " + nopin): result feedback data : 224 norek : 9510001998 nopin : 003

2022-03-29 12:56:38 - [MESSAGE][PASSED] - result feedback data : 224 norek : 9510001998 nopin : 003

2022-03-29 12:56:38 - [TEST_STEP][PASSED] - logInfo($response_feedback): {
  "FeedbackCarInsuranceResponse" : {
    "errorCode" : "00",
    "errorMessage" : "Sukses"
  }
}

2022-03-29 12:56:38 - [MESSAGE][INFO] - {
  "FeedbackCarInsuranceResponse" : {
    "errorCode" : "00",
    "errorMessage" : "Sukses"
  }
}

2022-03-29 12:56:38 - [TEST_STEP][PASSED] - verifyElementPropertyValue(feedback, "FeedbackCarInsuranceResponse.errorMessage", "Sukses", CONTINUE_ON_FAILURE): Verify element property value successfully

2022-03-29 12:56:38 - [MESSAGE][PASSED] - Verify element property value successfully]]></system-out>
         <system-err><![CDATA[]]></system-err>
      </testcase>
      <testcase name="Test Cases/3. get token - feedback insurance" time="1.424" classname="Test Cases/3. get token - feedback insurance" status="PASSED">
         <system-out><![CDATA[2022-03-29 12:56:38 - [TEST_CASE][PASSED] - Test Cases/3. get token - feedback insurance: Test Cases/3. get token - feedback insurance

2022-03-29 12:56:38 - [TEST_STEP][PASSED] - token = sendRequest(findTestObject("1. Get-Token")): Send request successfully

2022-03-29 12:56:39 - [MESSAGE][INFO] - HAR: I:\app-testing\app-project\Order car insurance\order-car-insurance\Reports\20220329_124138\3. Get feedback insurance - Batch 1\20220329_124139\requests\main\356.har

2022-03-29 12:56:39 - [MESSAGE][PASSED] - Send request successfully

2022-03-29 12:56:39 - [TEST_STEP][PASSED] - slurper = new groovy.json.JsonSlurper(): null

2022-03-29 12:56:39 - [TEST_STEP][PASSED] - get_token = slurper.parseText(token.getResponseBodyContent()): null

2022-03-29 12:56:39 - [TEST_STEP][PASSED] - private_token = access_token: null

2022-03-29 12:56:39 - [TEST_STEP][PASSED] - global_token = private_token: null

2022-03-29 12:56:39 - [TEST_STEP][PASSED] - println("token is :" + global_token): null

2022-03-29 12:56:39 - [TEST_STEP][PASSED] - response_token = token.getResponseText(): null

2022-03-29 12:56:39 - [TEST_STEP][PASSED] - logInfo($response_token): {"fault":{"faultstring":"Access Denied for client ip : 8.29.105.53","detail":{"errorcode":"accesscontrol.IPDeniedAccess"}}}

2022-03-29 12:56:39 - [MESSAGE][INFO] - {"fault":{"faultstring":"Access Denied for client ip : 8.29.105.53","detail":{"errorcode":"accesscontrol.IPDeniedAccess"}}}

2022-03-29 12:56:39 - [TEST_STEP][PASSED] - feedback = sendRequest(findTestObject("4. Feedback-ins", ["s_key":global_token, "batchid":batchid, "norek":norek, "nopin":nopin, "custname":custname, "pemohon":pemohon, "branchid":branchid, ... ])): Send request successfully

2022-03-29 12:56:40 - [MESSAGE][INFO] - HAR: I:\app-testing\app-project\Order car insurance\order-car-insurance\Reports\20220329_124138\3. Get feedback insurance - Batch 1\20220329_124139\requests\main\357.har

2022-03-29 12:56:40 - [MESSAGE][PASSED] - Send request successfully

2022-03-29 12:56:40 - [TEST_STEP][PASSED] - response_feedback = feedback.getResponseText(): null

2022-03-29 12:56:40 - [TEST_STEP][PASSED] - markPassed("result feedback data : " + no + " norek : " + norek + " nopin : " + nopin): result feedback data : 225 norek : 9510001998 nopin : 003

2022-03-29 12:56:40 - [MESSAGE][PASSED] - result feedback data : 225 norek : 9510001998 nopin : 003

2022-03-29 12:56:40 - [TEST_STEP][PASSED] - logInfo($response_feedback): {
  "FeedbackCarInsuranceResponse" : {
    "errorCode" : "00",
    "errorMessage" : "Sukses"
  }
}

2022-03-29 12:56:40 - [MESSAGE][INFO] - {
  "FeedbackCarInsuranceResponse" : {
    "errorCode" : "00",
    "errorMessage" : "Sukses"
  }
}

2022-03-29 12:56:40 - [TEST_STEP][PASSED] - verifyElementPropertyValue(feedback, "FeedbackCarInsuranceResponse.errorMessage", "Sukses", CONTINUE_ON_FAILURE): Verify element property value successfully

2022-03-29 12:56:40 - [MESSAGE][PASSED] - Verify element property value successfully]]></system-out>
         <system-err><![CDATA[]]></system-err>
      </testcase>
      <testcase name="Test Cases/3. get token - feedback insurance" time="2.885" classname="Test Cases/3. get token - feedback insurance" status="PASSED">
         <system-out><![CDATA[2022-03-29 12:56:40 - [TEST_CASE][PASSED] - Test Cases/3. get token - feedback insurance: Test Cases/3. get token - feedback insurance

2022-03-29 12:56:40 - [TEST_STEP][PASSED] - token = sendRequest(findTestObject("1. Get-Token")): Send request successfully

2022-03-29 12:56:42 - [MESSAGE][INFO] - HAR: I:\app-testing\app-project\Order car insurance\order-car-insurance\Reports\20220329_124138\3. Get feedback insurance - Batch 1\20220329_124139\requests\main\358.har

2022-03-29 12:56:42 - [MESSAGE][PASSED] - Send request successfully

2022-03-29 12:56:42 - [TEST_STEP][PASSED] - slurper = new groovy.json.JsonSlurper(): null

2022-03-29 12:56:42 - [TEST_STEP][PASSED] - get_token = slurper.parseText(token.getResponseBodyContent()): null

2022-03-29 12:56:42 - [TEST_STEP][PASSED] - private_token = access_token: null

2022-03-29 12:56:42 - [TEST_STEP][PASSED] - global_token = private_token: null

2022-03-29 12:56:42 - [TEST_STEP][PASSED] - println("token is :" + global_token): null

2022-03-29 12:56:42 - [TEST_STEP][PASSED] - response_token = token.getResponseText(): null

2022-03-29 12:56:42 - [TEST_STEP][PASSED] - logInfo($response_token): {"fault":{"faultstring":"Access Denied for client ip : 8.29.105.53","detail":{"errorcode":"accesscontrol.IPDeniedAccess"}}}

2022-03-29 12:56:42 - [MESSAGE][INFO] - {"fault":{"faultstring":"Access Denied for client ip : 8.29.105.53","detail":{"errorcode":"accesscontrol.IPDeniedAccess"}}}

2022-03-29 12:56:42 - [TEST_STEP][PASSED] - feedback = sendRequest(findTestObject("4. Feedback-ins", ["s_key":global_token, "batchid":batchid, "norek":norek, "nopin":nopin, "custname":custname, "pemohon":pemohon, "branchid":branchid, ... ])): Send request successfully

2022-03-29 12:56:43 - [MESSAGE][INFO] - HAR: I:\app-testing\app-project\Order car insurance\order-car-insurance\Reports\20220329_124138\3. Get feedback insurance - Batch 1\20220329_124139\requests\main\359.har

2022-03-29 12:56:43 - [MESSAGE][PASSED] - Send request successfully

2022-03-29 12:56:43 - [TEST_STEP][PASSED] - response_feedback = feedback.getResponseText(): null

2022-03-29 12:56:43 - [TEST_STEP][PASSED] - markPassed("result feedback data : " + no + " norek : " + norek + " nopin : " + nopin): result feedback data : 226 norek : 9510001998 nopin : 003

2022-03-29 12:56:43 - [MESSAGE][PASSED] - result feedback data : 226 norek : 9510001998 nopin : 003

2022-03-29 12:56:43 - [TEST_STEP][PASSED] - logInfo($response_feedback): {
  "FeedbackCarInsuranceResponse" : {
    "errorCode" : "00",
    "errorMessage" : "Sukses"
  }
}

2022-03-29 12:56:43 - [MESSAGE][INFO] - {
  "FeedbackCarInsuranceResponse" : {
    "errorCode" : "00",
    "errorMessage" : "Sukses"
  }
}

2022-03-29 12:56:43 - [TEST_STEP][PASSED] - verifyElementPropertyValue(feedback, "FeedbackCarInsuranceResponse.errorMessage", "Sukses", CONTINUE_ON_FAILURE): Verify element property value successfully

2022-03-29 12:56:43 - [MESSAGE][PASSED] - Verify element property value successfully]]></system-out>
         <system-err><![CDATA[]]></system-err>
      </testcase>
      <testcase name="Test Cases/3. get token - feedback insurance" time="6.53" classname="Test Cases/3. get token - feedback insurance" status="PASSED">
         <system-out><![CDATA[2022-03-29 12:56:44 - [TEST_CASE][PASSED] - Test Cases/3. get token - feedback insurance: Test Cases/3. get token - feedback insurance

2022-03-29 12:56:44 - [TEST_STEP][PASSED] - token = sendRequest(findTestObject("1. Get-Token")): Send request successfully

2022-03-29 12:56:44 - [MESSAGE][INFO] - HAR: I:\app-testing\app-project\Order car insurance\order-car-insurance\Reports\20220329_124138\3. Get feedback insurance - Batch 1\20220329_124139\requests\main\360.har

2022-03-29 12:56:44 - [MESSAGE][PASSED] - Send request successfully

2022-03-29 12:56:44 - [TEST_STEP][PASSED] - slurper = new groovy.json.JsonSlurper(): null

2022-03-29 12:56:44 - [TEST_STEP][PASSED] - get_token = slurper.parseText(token.getResponseBodyContent()): null

2022-03-29 12:56:44 - [TEST_STEP][PASSED] - private_token = access_token: null

2022-03-29 12:56:44 - [TEST_STEP][PASSED] - global_token = private_token: null

2022-03-29 12:56:44 - [TEST_STEP][PASSED] - println("token is :" + global_token): null

2022-03-29 12:56:44 - [TEST_STEP][PASSED] - response_token = token.getResponseText(): null

2022-03-29 12:56:44 - [TEST_STEP][PASSED] - logInfo($response_token): {"fault":{"faultstring":"Access Denied for client ip : 8.29.105.53","detail":{"errorcode":"accesscontrol.IPDeniedAccess"}}}

2022-03-29 12:56:44 - [MESSAGE][INFO] - {"fault":{"faultstring":"Access Denied for client ip : 8.29.105.53","detail":{"errorcode":"accesscontrol.IPDeniedAccess"}}}

2022-03-29 12:56:44 - [TEST_STEP][PASSED] - feedback = sendRequest(findTestObject("4. Feedback-ins", ["s_key":global_token, "batchid":batchid, "norek":norek, "nopin":nopin, "custname":custname, "pemohon":pemohon, "branchid":branchid, ... ])): Send request successfully

2022-03-29 12:56:50 - [MESSAGE][INFO] - HAR: I:\app-testing\app-project\Order car insurance\order-car-insurance\Reports\20220329_124138\3. Get feedback insurance - Batch 1\20220329_124139\requests\main\361.har

2022-03-29 12:56:50 - [MESSAGE][PASSED] - Send request successfully

2022-03-29 12:56:50 - [TEST_STEP][PASSED] - response_feedback = feedback.getResponseText(): null

2022-03-29 12:56:50 - [TEST_STEP][PASSED] - markPassed("result feedback data : " + no + " norek : " + norek + " nopin : " + nopin): result feedback data : 227 norek : 9510001998 nopin : 003

2022-03-29 12:56:50 - [MESSAGE][PASSED] - result feedback data : 227 norek : 9510001998 nopin : 003

2022-03-29 12:56:50 - [TEST_STEP][PASSED] - logInfo($response_feedback): {
  "FeedbackCarInsuranceResponse" : {
    "errorCode" : "00",
    "errorMessage" : "Sukses"
  }
}

2022-03-29 12:56:50 - [MESSAGE][INFO] - {
  "FeedbackCarInsuranceResponse" : {
    "errorCode" : "00",
    "errorMessage" : "Sukses"
  }
}

2022-03-29 12:56:50 - [TEST_STEP][PASSED] - verifyElementPropertyValue(feedback, "FeedbackCarInsuranceResponse.errorMessage", "Sukses", CONTINUE_ON_FAILURE): Verify element property value successfully

2022-03-29 12:56:50 - [MESSAGE][PASSED] - Verify element property value successfully]]></system-out>
         <system-err><![CDATA[]]></system-err>
      </testcase>
      <testcase name="Test Cases/3. get token - feedback insurance" time="1.889" classname="Test Cases/3. get token - feedback insurance" status="PASSED">
         <system-out><![CDATA[2022-03-29 12:56:50 - [TEST_CASE][PASSED] - Test Cases/3. get token - feedback insurance: Test Cases/3. get token - feedback insurance

2022-03-29 12:56:50 - [TEST_STEP][PASSED] - token = sendRequest(findTestObject("1. Get-Token")): Send request successfully

2022-03-29 12:56:51 - [MESSAGE][INFO] - HAR: I:\app-testing\app-project\Order car insurance\order-car-insurance\Reports\20220329_124138\3. Get feedback insurance - Batch 1\20220329_124139\requests\main\362.har

2022-03-29 12:56:51 - [MESSAGE][PASSED] - Send request successfully

2022-03-29 12:56:51 - [TEST_STEP][PASSED] - slurper = new groovy.json.JsonSlurper(): null

2022-03-29 12:56:51 - [TEST_STEP][PASSED] - get_token = slurper.parseText(token.getResponseBodyContent()): null

2022-03-29 12:56:51 - [TEST_STEP][PASSED] - private_token = access_token: null

2022-03-29 12:56:51 - [TEST_STEP][PASSED] - global_token = private_token: null

2022-03-29 12:56:51 - [TEST_STEP][PASSED] - println("token is :" + global_token): null

2022-03-29 12:56:51 - [TEST_STEP][PASSED] - response_token = token.getResponseText(): null

2022-03-29 12:56:51 - [TEST_STEP][PASSED] - logInfo($response_token): {"fault":{"faultstring":"Access Denied for client ip : 8.29.105.53","detail":{"errorcode":"accesscontrol.IPDeniedAccess"}}}

2022-03-29 12:56:51 - [MESSAGE][INFO] - {"fault":{"faultstring":"Access Denied for client ip : 8.29.105.53","detail":{"errorcode":"accesscontrol.IPDeniedAccess"}}}

2022-03-29 12:56:51 - [TEST_STEP][PASSED] - feedback = sendRequest(findTestObject("4. Feedback-ins", ["s_key":global_token, "batchid":batchid, "norek":norek, "nopin":nopin, "custname":custname, "pemohon":pemohon, "branchid":branchid, ... ])): Send request successfully

2022-03-29 12:56:52 - [MESSAGE][INFO] - HAR: I:\app-testing\app-project\Order car insurance\order-car-insurance\Reports\20220329_124138\3. Get feedback insurance - Batch 1\20220329_124139\requests\main\363.har

2022-03-29 12:56:52 - [MESSAGE][PASSED] - Send request successfully

2022-03-29 12:56:52 - [TEST_STEP][PASSED] - response_feedback = feedback.getResponseText(): null

2022-03-29 12:56:52 - [TEST_STEP][PASSED] - markPassed("result feedback data : " + no + " norek : " + norek + " nopin : " + nopin): result feedback data : 228 norek : 9510015711 nopin : 003

2022-03-29 12:56:52 - [MESSAGE][PASSED] - result feedback data : 228 norek : 9510015711 nopin : 003

2022-03-29 12:56:52 - [TEST_STEP][PASSED] - logInfo($response_feedback): {
  "FeedbackCarInsuranceResponse" : {
    "errorCode" : "00",
    "errorMessage" : "Sukses"
  }
}

2022-03-29 12:56:52 - [MESSAGE][INFO] - {
  "FeedbackCarInsuranceResponse" : {
    "errorCode" : "00",
    "errorMessage" : "Sukses"
  }
}

2022-03-29 12:56:52 - [TEST_STEP][PASSED] - verifyElementPropertyValue(feedback, "FeedbackCarInsuranceResponse.errorMessage", "Sukses", CONTINUE_ON_FAILURE): Verify element property value successfully

2022-03-29 12:56:52 - [MESSAGE][PASSED] - Verify element property value successfully]]></system-out>
         <system-err><![CDATA[]]></system-err>
      </testcase>
      <testcase name="Test Cases/3. get token - feedback insurance" time="1.733" classname="Test Cases/3. get token - feedback insurance" status="PASSED">
         <system-out><![CDATA[2022-03-29 12:56:53 - [TEST_CASE][PASSED] - Test Cases/3. get token - feedback insurance: Test Cases/3. get token - feedback insurance

2022-03-29 12:56:53 - [TEST_STEP][PASSED] - token = sendRequest(findTestObject("1. Get-Token")): Send request successfully

2022-03-29 12:56:53 - [MESSAGE][INFO] - HAR: I:\app-testing\app-project\Order car insurance\order-car-insurance\Reports\20220329_124138\3. Get feedback insurance - Batch 1\20220329_124139\requests\main\364.har

2022-03-29 12:56:53 - [MESSAGE][PASSED] - Send request successfully

2022-03-29 12:56:53 - [TEST_STEP][PASSED] - slurper = new groovy.json.JsonSlurper(): null

2022-03-29 12:56:53 - [TEST_STEP][PASSED] - get_token = slurper.parseText(token.getResponseBodyContent()): null

2022-03-29 12:56:53 - [TEST_STEP][PASSED] - private_token = access_token: null

2022-03-29 12:56:53 - [TEST_STEP][PASSED] - global_token = private_token: null

2022-03-29 12:56:53 - [TEST_STEP][PASSED] - println("token is :" + global_token): null

2022-03-29 12:56:53 - [TEST_STEP][PASSED] - response_token = token.getResponseText(): null

2022-03-29 12:56:53 - [TEST_STEP][PASSED] - logInfo($response_token): {"fault":{"faultstring":"Access Denied for client ip : 8.29.105.53","detail":{"errorcode":"accesscontrol.IPDeniedAccess"}}}

2022-03-29 12:56:53 - [MESSAGE][INFO] - {"fault":{"faultstring":"Access Denied for client ip : 8.29.105.53","detail":{"errorcode":"accesscontrol.IPDeniedAccess"}}}

2022-03-29 12:56:53 - [TEST_STEP][PASSED] - feedback = sendRequest(findTestObject("4. Feedback-ins", ["s_key":global_token, "batchid":batchid, "norek":norek, "nopin":nopin, "custname":custname, "pemohon":pemohon, "branchid":branchid, ... ])): Send request successfully

2022-03-29 12:56:54 - [MESSAGE][INFO] - HAR: I:\app-testing\app-project\Order car insurance\order-car-insurance\Reports\20220329_124138\3. Get feedback insurance - Batch 1\20220329_124139\requests\main\365.har

2022-03-29 12:56:54 - [MESSAGE][PASSED] - Send request successfully

2022-03-29 12:56:54 - [TEST_STEP][PASSED] - response_feedback = feedback.getResponseText(): null

2022-03-29 12:56:54 - [TEST_STEP][PASSED] - markPassed("result feedback data : " + no + " norek : " + norek + " nopin : " + nopin): result feedback data : 229 norek : 9510015711 nopin : 003

2022-03-29 12:56:54 - [MESSAGE][PASSED] - result feedback data : 229 norek : 9510015711 nopin : 003

2022-03-29 12:56:54 - [TEST_STEP][PASSED] - logInfo($response_feedback): {
  "FeedbackCarInsuranceResponse" : {
    "errorCode" : "00",
    "errorMessage" : "Sukses"
  }
}

2022-03-29 12:56:54 - [MESSAGE][INFO] - {
  "FeedbackCarInsuranceResponse" : {
    "errorCode" : "00",
    "errorMessage" : "Sukses"
  }
}

2022-03-29 12:56:54 - [TEST_STEP][PASSED] - verifyElementPropertyValue(feedback, "FeedbackCarInsuranceResponse.errorMessage", "Sukses", CONTINUE_ON_FAILURE): Verify element property value successfully

2022-03-29 12:56:54 - [MESSAGE][PASSED] - Verify element property value successfully]]></system-out>
         <system-err><![CDATA[]]></system-err>
      </testcase>
      <testcase name="Test Cases/3. get token - feedback insurance" time="1.808" classname="Test Cases/3. get token - feedback insurance" status="PASSED">
         <system-out><![CDATA[2022-03-29 12:56:55 - [TEST_CASE][PASSED] - Test Cases/3. get token - feedback insurance: Test Cases/3. get token - feedback insurance

2022-03-29 12:56:55 - [TEST_STEP][PASSED] - token = sendRequest(findTestObject("1. Get-Token")): Send request successfully

2022-03-29 12:56:55 - [MESSAGE][INFO] - HAR: I:\app-testing\app-project\Order car insurance\order-car-insurance\Reports\20220329_124138\3. Get feedback insurance - Batch 1\20220329_124139\requests\main\366.har

2022-03-29 12:56:55 - [MESSAGE][PASSED] - Send request successfully

2022-03-29 12:56:55 - [TEST_STEP][PASSED] - slurper = new groovy.json.JsonSlurper(): null

2022-03-29 12:56:55 - [TEST_STEP][PASSED] - get_token = slurper.parseText(token.getResponseBodyContent()): null

2022-03-29 12:56:55 - [TEST_STEP][PASSED] - private_token = access_token: null

2022-03-29 12:56:55 - [TEST_STEP][PASSED] - global_token = private_token: null

2022-03-29 12:56:55 - [TEST_STEP][PASSED] - println("token is :" + global_token): null

2022-03-29 12:56:55 - [TEST_STEP][PASSED] - response_token = token.getResponseText(): null

2022-03-29 12:56:55 - [TEST_STEP][PASSED] - logInfo($response_token): {"fault":{"faultstring":"Access Denied for client ip : 8.29.105.53","detail":{"errorcode":"accesscontrol.IPDeniedAccess"}}}

2022-03-29 12:56:55 - [MESSAGE][INFO] - {"fault":{"faultstring":"Access Denied for client ip : 8.29.105.53","detail":{"errorcode":"accesscontrol.IPDeniedAccess"}}}

2022-03-29 12:56:55 - [TEST_STEP][PASSED] - feedback = sendRequest(findTestObject("4. Feedback-ins", ["s_key":global_token, "batchid":batchid, "norek":norek, "nopin":nopin, "custname":custname, "pemohon":pemohon, "branchid":branchid, ... ])): Send request successfully

2022-03-29 12:56:57 - [MESSAGE][INFO] - HAR: I:\app-testing\app-project\Order car insurance\order-car-insurance\Reports\20220329_124138\3. Get feedback insurance - Batch 1\20220329_124139\requests\main\367.har

2022-03-29 12:56:57 - [MESSAGE][PASSED] - Send request successfully

2022-03-29 12:56:57 - [TEST_STEP][PASSED] - response_feedback = feedback.getResponseText(): null

2022-03-29 12:56:57 - [TEST_STEP][PASSED] - markPassed("result feedback data : " + no + " norek : " + norek + " nopin : " + nopin): result feedback data : 230 norek : 9510015711 nopin : 003

2022-03-29 12:56:57 - [MESSAGE][PASSED] - result feedback data : 230 norek : 9510015711 nopin : 003

2022-03-29 12:56:57 - [TEST_STEP][PASSED] - logInfo($response_feedback): {
  "FeedbackCarInsuranceResponse" : {
    "errorCode" : "00",
    "errorMessage" : "Sukses"
  }
}

2022-03-29 12:56:57 - [MESSAGE][INFO] - {
  "FeedbackCarInsuranceResponse" : {
    "errorCode" : "00",
    "errorMessage" : "Sukses"
  }
}

2022-03-29 12:56:57 - [TEST_STEP][PASSED] - verifyElementPropertyValue(feedback, "FeedbackCarInsuranceResponse.errorMessage", "Sukses", CONTINUE_ON_FAILURE): Verify element property value successfully

2022-03-29 12:56:57 - [MESSAGE][PASSED] - Verify element property value successfully]]></system-out>
         <system-err><![CDATA[]]></system-err>
      </testcase>
      <testcase name="Test Cases/3. get token - feedback insurance" time="4.197" classname="Test Cases/3. get token - feedback insurance" status="PASSED">
         <system-out><![CDATA[2022-03-29 12:56:57 - [TEST_CASE][PASSED] - Test Cases/3. get token - feedback insurance: Test Cases/3. get token - feedback insurance

2022-03-29 12:56:57 - [TEST_STEP][PASSED] - token = sendRequest(findTestObject("1. Get-Token")): Send request successfully

2022-03-29 12:56:57 - [MESSAGE][INFO] - HAR: I:\app-testing\app-project\Order car insurance\order-car-insurance\Reports\20220329_124138\3. Get feedback insurance - Batch 1\20220329_124139\requests\main\368.har

2022-03-29 12:56:57 - [MESSAGE][PASSED] - Send request successfully

2022-03-29 12:56:57 - [TEST_STEP][PASSED] - slurper = new groovy.json.JsonSlurper(): null

2022-03-29 12:56:57 - [TEST_STEP][PASSED] - get_token = slurper.parseText(token.getResponseBodyContent()): null

2022-03-29 12:56:57 - [TEST_STEP][PASSED] - private_token = access_token: null

2022-03-29 12:56:57 - [TEST_STEP][PASSED] - global_token = private_token: null

2022-03-29 12:56:57 - [TEST_STEP][PASSED] - println("token is :" + global_token): null

2022-03-29 12:56:57 - [TEST_STEP][PASSED] - response_token = token.getResponseText(): null

2022-03-29 12:56:57 - [TEST_STEP][PASSED] - logInfo($response_token): {"fault":{"faultstring":"Access Denied for client ip : 8.29.105.53","detail":{"errorcode":"accesscontrol.IPDeniedAccess"}}}

2022-03-29 12:56:57 - [MESSAGE][INFO] - {"fault":{"faultstring":"Access Denied for client ip : 8.29.105.53","detail":{"errorcode":"accesscontrol.IPDeniedAccess"}}}

2022-03-29 12:56:57 - [TEST_STEP][PASSED] - feedback = sendRequest(findTestObject("4. Feedback-ins", ["s_key":global_token, "batchid":batchid, "norek":norek, "nopin":nopin, "custname":custname, "pemohon":pemohon, "branchid":branchid, ... ])): Send request successfully

2022-03-29 12:57:01 - [MESSAGE][INFO] - HAR: I:\app-testing\app-project\Order car insurance\order-car-insurance\Reports\20220329_124138\3. Get feedback insurance - Batch 1\20220329_124139\requests\main\369.har

2022-03-29 12:57:01 - [MESSAGE][PASSED] - Send request successfully

2022-03-29 12:57:01 - [TEST_STEP][PASSED] - response_feedback = feedback.getResponseText(): null

2022-03-29 12:57:01 - [TEST_STEP][PASSED] - markPassed("result feedback data : " + no + " norek : " + norek + " nopin : " + nopin): result feedback data : 231 norek : 9510015711 nopin : 003

2022-03-29 12:57:01 - [MESSAGE][PASSED] - result feedback data : 231 norek : 9510015711 nopin : 003

2022-03-29 12:57:01 - [TEST_STEP][PASSED] - logInfo($response_feedback): {
  "FeedbackCarInsuranceResponse" : {
    "errorCode" : "00",
    "errorMessage" : "Sukses"
  }
}

2022-03-29 12:57:01 - [MESSAGE][INFO] - {
  "FeedbackCarInsuranceResponse" : {
    "errorCode" : "00",
    "errorMessage" : "Sukses"
  }
}

2022-03-29 12:57:01 - [TEST_STEP][PASSED] - verifyElementPropertyValue(feedback, "FeedbackCarInsuranceResponse.errorMessage", "Sukses", CONTINUE_ON_FAILURE): Verify element property value successfully

2022-03-29 12:57:01 - [MESSAGE][PASSED] - Verify element property value successfully]]></system-out>
         <system-err><![CDATA[]]></system-err>
      </testcase>
      <testcase name="Test Cases/3. get token - feedback insurance" time="2.614" classname="Test Cases/3. get token - feedback insurance" status="PASSED">
         <system-out><![CDATA[2022-03-29 12:57:02 - [TEST_CASE][PASSED] - Test Cases/3. get token - feedback insurance: Test Cases/3. get token - feedback insurance

2022-03-29 12:57:02 - [TEST_STEP][PASSED] - token = sendRequest(findTestObject("1. Get-Token")): Send request successfully

2022-03-29 12:57:02 - [MESSAGE][INFO] - HAR: I:\app-testing\app-project\Order car insurance\order-car-insurance\Reports\20220329_124138\3. Get feedback insurance - Batch 1\20220329_124139\requests\main\370.har

2022-03-29 12:57:02 - [MESSAGE][PASSED] - Send request successfully

2022-03-29 12:57:02 - [TEST_STEP][PASSED] - slurper = new groovy.json.JsonSlurper(): null

2022-03-29 12:57:02 - [TEST_STEP][PASSED] - get_token = slurper.parseText(token.getResponseBodyContent()): null

2022-03-29 12:57:02 - [TEST_STEP][PASSED] - private_token = access_token: null

2022-03-29 12:57:02 - [TEST_STEP][PASSED] - global_token = private_token: null

2022-03-29 12:57:02 - [TEST_STEP][PASSED] - println("token is :" + global_token): null

2022-03-29 12:57:02 - [TEST_STEP][PASSED] - response_token = token.getResponseText(): null

2022-03-29 12:57:02 - [TEST_STEP][PASSED] - logInfo($response_token): {"fault":{"faultstring":"Access Denied for client ip : 8.29.105.53","detail":{"errorcode":"accesscontrol.IPDeniedAccess"}}}

2022-03-29 12:57:02 - [MESSAGE][INFO] - {"fault":{"faultstring":"Access Denied for client ip : 8.29.105.53","detail":{"errorcode":"accesscontrol.IPDeniedAccess"}}}

2022-03-29 12:57:02 - [TEST_STEP][PASSED] - feedback = sendRequest(findTestObject("4. Feedback-ins", ["s_key":global_token, "batchid":batchid, "norek":norek, "nopin":nopin, "custname":custname, "pemohon":pemohon, "branchid":branchid, ... ])): Send request successfully

2022-03-29 12:57:04 - [MESSAGE][INFO] - HAR: I:\app-testing\app-project\Order car insurance\order-car-insurance\Reports\20220329_124138\3. Get feedback insurance - Batch 1\20220329_124139\requests\main\371.har

2022-03-29 12:57:04 - [MESSAGE][PASSED] - Send request successfully

2022-03-29 12:57:04 - [TEST_STEP][PASSED] - response_feedback = feedback.getResponseText(): null

2022-03-29 12:57:04 - [TEST_STEP][PASSED] - markPassed("result feedback data : " + no + " norek : " + norek + " nopin : " + nopin): result feedback data : 232 norek : 9510015711 nopin : 003

2022-03-29 12:57:04 - [MESSAGE][PASSED] - result feedback data : 232 norek : 9510015711 nopin : 003

2022-03-29 12:57:04 - [TEST_STEP][PASSED] - logInfo($response_feedback): {
  "FeedbackCarInsuranceResponse" : {
    "errorCode" : "00",
    "errorMessage" : "Sukses"
  }
}

2022-03-29 12:57:04 - [MESSAGE][INFO] - {
  "FeedbackCarInsuranceResponse" : {
    "errorCode" : "00",
    "errorMessage" : "Sukses"
  }
}

2022-03-29 12:57:04 - [TEST_STEP][PASSED] - verifyElementPropertyValue(feedback, "FeedbackCarInsuranceResponse.errorMessage", "Sukses", CONTINUE_ON_FAILURE): Verify element property value successfully

2022-03-29 12:57:04 - [MESSAGE][PASSED] - Verify element property value successfully]]></system-out>
         <system-err><![CDATA[]]></system-err>
      </testcase>
      <testcase name="Test Cases/3. get token - feedback insurance" time="1.52" classname="Test Cases/3. get token - feedback insurance" status="PASSED">
         <system-out><![CDATA[2022-03-29 12:57:05 - [TEST_CASE][PASSED] - Test Cases/3. get token - feedback insurance: Test Cases/3. get token - feedback insurance

2022-03-29 12:57:05 - [TEST_STEP][PASSED] - token = sendRequest(findTestObject("1. Get-Token")): Send request successfully

2022-03-29 12:57:05 - [MESSAGE][INFO] - HAR: I:\app-testing\app-project\Order car insurance\order-car-insurance\Reports\20220329_124138\3. Get feedback insurance - Batch 1\20220329_124139\requests\main\372.har

2022-03-29 12:57:05 - [MESSAGE][PASSED] - Send request successfully

2022-03-29 12:57:05 - [TEST_STEP][PASSED] - slurper = new groovy.json.JsonSlurper(): null

2022-03-29 12:57:05 - [TEST_STEP][PASSED] - get_token = slurper.parseText(token.getResponseBodyContent()): null

2022-03-29 12:57:05 - [TEST_STEP][PASSED] - private_token = access_token: null

2022-03-29 12:57:05 - [TEST_STEP][PASSED] - global_token = private_token: null

2022-03-29 12:57:05 - [TEST_STEP][PASSED] - println("token is :" + global_token): null

2022-03-29 12:57:05 - [TEST_STEP][PASSED] - response_token = token.getResponseText(): null

2022-03-29 12:57:05 - [TEST_STEP][PASSED] - logInfo($response_token): {"fault":{"faultstring":"Access Denied for client ip : 8.29.105.53","detail":{"errorcode":"accesscontrol.IPDeniedAccess"}}}

2022-03-29 12:57:05 - [MESSAGE][INFO] - {"fault":{"faultstring":"Access Denied for client ip : 8.29.105.53","detail":{"errorcode":"accesscontrol.IPDeniedAccess"}}}

2022-03-29 12:57:05 - [TEST_STEP][PASSED] - feedback = sendRequest(findTestObject("4. Feedback-ins", ["s_key":global_token, "batchid":batchid, "norek":norek, "nopin":nopin, "custname":custname, "pemohon":pemohon, "branchid":branchid, ... ])): Send request successfully

2022-03-29 12:57:06 - [MESSAGE][INFO] - HAR: I:\app-testing\app-project\Order car insurance\order-car-insurance\Reports\20220329_124138\3. Get feedback insurance - Batch 1\20220329_124139\requests\main\373.har

2022-03-29 12:57:06 - [MESSAGE][PASSED] - Send request successfully

2022-03-29 12:57:06 - [TEST_STEP][PASSED] - response_feedback = feedback.getResponseText(): null

2022-03-29 12:57:06 - [TEST_STEP][PASSED] - markPassed("result feedback data : " + no + " norek : " + norek + " nopin : " + nopin): result feedback data : 233 norek : 9510015711 nopin : 003

2022-03-29 12:57:06 - [MESSAGE][PASSED] - result feedback data : 233 norek : 9510015711 nopin : 003

2022-03-29 12:57:06 - [TEST_STEP][PASSED] - logInfo($response_feedback): {
  "FeedbackCarInsuranceResponse" : {
    "errorCode" : "00",
    "errorMessage" : "Sukses"
  }
}

2022-03-29 12:57:06 - [MESSAGE][INFO] - {
  "FeedbackCarInsuranceResponse" : {
    "errorCode" : "00",
    "errorMessage" : "Sukses"
  }
}

2022-03-29 12:57:06 - [TEST_STEP][PASSED] - verifyElementPropertyValue(feedback, "FeedbackCarInsuranceResponse.errorMessage", "Sukses", CONTINUE_ON_FAILURE): Verify element property value successfully

2022-03-29 12:57:06 - [MESSAGE][PASSED] - Verify element property value successfully]]></system-out>
         <system-err><![CDATA[]]></system-err>
      </testcase>
      <testcase name="Test Cases/3. get token - feedback insurance" time="1.807" classname="Test Cases/3. get token - feedback insurance" status="PASSED">
         <system-out><![CDATA[2022-03-29 12:57:06 - [TEST_CASE][PASSED] - Test Cases/3. get token - feedback insurance: Test Cases/3. get token - feedback insurance

2022-03-29 12:57:07 - [TEST_STEP][PASSED] - token = sendRequest(findTestObject("1. Get-Token")): Send request successfully

2022-03-29 12:57:07 - [MESSAGE][INFO] - HAR: I:\app-testing\app-project\Order car insurance\order-car-insurance\Reports\20220329_124138\3. Get feedback insurance - Batch 1\20220329_124139\requests\main\374.har

2022-03-29 12:57:07 - [MESSAGE][PASSED] - Send request successfully

2022-03-29 12:57:07 - [TEST_STEP][PASSED] - slurper = new groovy.json.JsonSlurper(): null

2022-03-29 12:57:07 - [TEST_STEP][PASSED] - get_token = slurper.parseText(token.getResponseBodyContent()): null

2022-03-29 12:57:07 - [TEST_STEP][PASSED] - private_token = access_token: null

2022-03-29 12:57:07 - [TEST_STEP][PASSED] - global_token = private_token: null

2022-03-29 12:57:07 - [TEST_STEP][PASSED] - println("token is :" + global_token): null

2022-03-29 12:57:07 - [TEST_STEP][PASSED] - response_token = token.getResponseText(): null

2022-03-29 12:57:07 - [TEST_STEP][PASSED] - logInfo($response_token): {"fault":{"faultstring":"Access Denied for client ip : 8.29.105.53","detail":{"errorcode":"accesscontrol.IPDeniedAccess"}}}

2022-03-29 12:57:07 - [MESSAGE][INFO] - {"fault":{"faultstring":"Access Denied for client ip : 8.29.105.53","detail":{"errorcode":"accesscontrol.IPDeniedAccess"}}}

2022-03-29 12:57:07 - [TEST_STEP][PASSED] - feedback = sendRequest(findTestObject("4. Feedback-ins", ["s_key":global_token, "batchid":batchid, "norek":norek, "nopin":nopin, "custname":custname, "pemohon":pemohon, "branchid":branchid, ... ])): Send request successfully

2022-03-29 12:57:08 - [MESSAGE][INFO] - HAR: I:\app-testing\app-project\Order car insurance\order-car-insurance\Reports\20220329_124138\3. Get feedback insurance - Batch 1\20220329_124139\requests\main\375.har

2022-03-29 12:57:08 - [MESSAGE][PASSED] - Send request successfully

2022-03-29 12:57:08 - [TEST_STEP][PASSED] - response_feedback = feedback.getResponseText(): null

2022-03-29 12:57:08 - [TEST_STEP][PASSED] - markPassed("result feedback data : " + no + " norek : " + norek + " nopin : " + nopin): result feedback data : 234 norek : 9510015711 nopin : 003

2022-03-29 12:57:08 - [MESSAGE][PASSED] - result feedback data : 234 norek : 9510015711 nopin : 003

2022-03-29 12:57:08 - [TEST_STEP][PASSED] - logInfo($response_feedback): {
  "FeedbackCarInsuranceResponse" : {
    "errorCode" : "00",
    "errorMessage" : "Sukses"
  }
}

2022-03-29 12:57:08 - [MESSAGE][INFO] - {
  "FeedbackCarInsuranceResponse" : {
    "errorCode" : "00",
    "errorMessage" : "Sukses"
  }
}

2022-03-29 12:57:08 - [TEST_STEP][PASSED] - verifyElementPropertyValue(feedback, "FeedbackCarInsuranceResponse.errorMessage", "Sukses", CONTINUE_ON_FAILURE): Verify element property value successfully

2022-03-29 12:57:08 - [MESSAGE][PASSED] - Verify element property value successfully]]></system-out>
         <system-err><![CDATA[]]></system-err>
      </testcase>
      <testcase name="Test Cases/3. get token - feedback insurance" time="241.77" classname="Test Cases/3. get token - feedback insurance" status="PASSED">
         <system-out><![CDATA[2022-03-29 12:57:09 - [TEST_CASE][PASSED] - Test Cases/3. get token - feedback insurance: Test Cases/3. get token - feedback insurance

2022-03-29 13:01:06 - [TEST_STEP][PASSED] - token = sendRequest(findTestObject("1. Get-Token")): Send request successfully

2022-03-29 13:01:07 - [MESSAGE][INFO] - HAR: I:\app-testing\app-project\Order car insurance\order-car-insurance\Reports\20220329_124138\3. Get feedback insurance - Batch 1\20220329_124139\requests\main\376.har

2022-03-29 13:01:07 - [MESSAGE][PASSED] - Send request successfully

2022-03-29 13:01:07 - [TEST_STEP][PASSED] - slurper = new groovy.json.JsonSlurper(): null

2022-03-29 13:01:07 - [TEST_STEP][PASSED] - get_token = slurper.parseText(token.getResponseBodyContent()): null

2022-03-29 13:01:07 - [TEST_STEP][PASSED] - private_token = access_token: null

2022-03-29 13:01:07 - [TEST_STEP][PASSED] - global_token = private_token: null

2022-03-29 13:01:07 - [TEST_STEP][PASSED] - println("token is :" + global_token): null

2022-03-29 13:01:07 - [TEST_STEP][PASSED] - response_token = token.getResponseText(): null

2022-03-29 13:01:07 - [TEST_STEP][PASSED] - logInfo($response_token): {"fault":{"faultstring":"Access Denied for client ip : 8.29.105.53","detail":{"errorcode":"accesscontrol.IPDeniedAccess"}}}

2022-03-29 13:01:07 - [MESSAGE][INFO] - {"fault":{"faultstring":"Access Denied for client ip : 8.29.105.53","detail":{"errorcode":"accesscontrol.IPDeniedAccess"}}}

2022-03-29 13:01:07 - [TEST_STEP][PASSED] - feedback = sendRequest(findTestObject("4. Feedback-ins", ["s_key":global_token, "batchid":batchid, "norek":norek, "nopin":nopin, "custname":custname, "pemohon":pemohon, "branchid":branchid, ... ])): Send request successfully

2022-03-29 13:01:10 - [MESSAGE][INFO] - HAR: I:\app-testing\app-project\Order car insurance\order-car-insurance\Reports\20220329_124138\3. Get feedback insurance - Batch 1\20220329_124139\requests\main\377.har

2022-03-29 13:01:10 - [MESSAGE][PASSED] - Send request successfully

2022-03-29 13:01:10 - [TEST_STEP][PASSED] - response_feedback = feedback.getResponseText(): null

2022-03-29 13:01:10 - [TEST_STEP][PASSED] - markPassed("result feedback data : " + no + " norek : " + norek + " nopin : " + nopin): result feedback data : 235 norek : 9510015711 nopin : 003

2022-03-29 13:01:10 - [MESSAGE][PASSED] - result feedback data : 235 norek : 9510015711 nopin : 003

2022-03-29 13:01:10 - [TEST_STEP][PASSED] - logInfo($response_feedback): {
  "FeedbackCarInsuranceResponse" : {
    "errorCode" : "00",
    "errorMessage" : "Sukses"
  }
}

2022-03-29 13:01:10 - [MESSAGE][INFO] - {
  "FeedbackCarInsuranceResponse" : {
    "errorCode" : "00",
    "errorMessage" : "Sukses"
  }
}

2022-03-29 13:01:10 - [TEST_STEP][PASSED] - verifyElementPropertyValue(feedback, "FeedbackCarInsuranceResponse.errorMessage", "Sukses", CONTINUE_ON_FAILURE): Verify element property value successfully

2022-03-29 13:01:10 - [MESSAGE][PASSED] - Verify element property value successfully]]></system-out>
         <system-err><![CDATA[]]></system-err>
      </testcase>
      <testcase name="Test Cases/3. get token - feedback insurance" time="1.622" classname="Test Cases/3. get token - feedback insurance" status="PASSED">
         <system-out><![CDATA[2022-03-29 13:01:11 - [TEST_CASE][PASSED] - Test Cases/3. get token - feedback insurance: Test Cases/3. get token - feedback insurance

2022-03-29 13:01:11 - [TEST_STEP][PASSED] - token = sendRequest(findTestObject("1. Get-Token")): Send request successfully

2022-03-29 13:01:11 - [MESSAGE][INFO] - HAR: I:\app-testing\app-project\Order car insurance\order-car-insurance\Reports\20220329_124138\3. Get feedback insurance - Batch 1\20220329_124139\requests\main\378.har

2022-03-29 13:01:11 - [MESSAGE][PASSED] - Send request successfully

2022-03-29 13:01:11 - [TEST_STEP][PASSED] - slurper = new groovy.json.JsonSlurper(): null

2022-03-29 13:01:11 - [TEST_STEP][PASSED] - get_token = slurper.parseText(token.getResponseBodyContent()): null

2022-03-29 13:01:11 - [TEST_STEP][PASSED] - private_token = access_token: null

2022-03-29 13:01:11 - [TEST_STEP][PASSED] - global_token = private_token: null

2022-03-29 13:01:11 - [TEST_STEP][PASSED] - println("token is :" + global_token): null

2022-03-29 13:01:11 - [TEST_STEP][PASSED] - response_token = token.getResponseText(): null

2022-03-29 13:01:11 - [TEST_STEP][PASSED] - logInfo($response_token): {"fault":{"faultstring":"Access Denied for client ip : 8.29.105.53","detail":{"errorcode":"accesscontrol.IPDeniedAccess"}}}

2022-03-29 13:01:11 - [MESSAGE][INFO] - {"fault":{"faultstring":"Access Denied for client ip : 8.29.105.53","detail":{"errorcode":"accesscontrol.IPDeniedAccess"}}}

2022-03-29 13:01:11 - [TEST_STEP][PASSED] - feedback = sendRequest(findTestObject("4. Feedback-ins", ["s_key":global_token, "batchid":batchid, "norek":norek, "nopin":nopin, "custname":custname, "pemohon":pemohon, "branchid":branchid, ... ])): Send request successfully

2022-03-29 13:01:12 - [MESSAGE][INFO] - HAR: I:\app-testing\app-project\Order car insurance\order-car-insurance\Reports\20220329_124138\3. Get feedback insurance - Batch 1\20220329_124139\requests\main\379.har

2022-03-29 13:01:12 - [MESSAGE][PASSED] - Send request successfully

2022-03-29 13:01:12 - [TEST_STEP][PASSED] - response_feedback = feedback.getResponseText(): null

2022-03-29 13:01:12 - [TEST_STEP][PASSED] - markPassed("result feedback data : " + no + " norek : " + norek + " nopin : " + nopin): result feedback data : 236 norek : 9510016876 nopin : 001

2022-03-29 13:01:12 - [MESSAGE][PASSED] - result feedback data : 236 norek : 9510016876 nopin : 001

2022-03-29 13:01:12 - [TEST_STEP][PASSED] - logInfo($response_feedback): {
  "FeedbackCarInsuranceResponse" : {
    "errorCode" : "00",
    "errorMessage" : "Sukses"
  }
}

2022-03-29 13:01:12 - [MESSAGE][INFO] - {
  "FeedbackCarInsuranceResponse" : {
    "errorCode" : "00",
    "errorMessage" : "Sukses"
  }
}

2022-03-29 13:01:12 - [TEST_STEP][PASSED] - verifyElementPropertyValue(feedback, "FeedbackCarInsuranceResponse.errorMessage", "Sukses", CONTINUE_ON_FAILURE): Verify element property value successfully

2022-03-29 13:01:12 - [MESSAGE][PASSED] - Verify element property value successfully]]></system-out>
         <system-err><![CDATA[]]></system-err>
      </testcase>
      <testcase name="Test Cases/3. get token - feedback insurance" time="1.451" classname="Test Cases/3. get token - feedback insurance" status="PASSED">
         <system-out><![CDATA[2022-03-29 13:01:13 - [TEST_CASE][PASSED] - Test Cases/3. get token - feedback insurance: Test Cases/3. get token - feedback insurance

2022-03-29 13:01:13 - [TEST_STEP][PASSED] - token = sendRequest(findTestObject("1. Get-Token")): Send request successfully

2022-03-29 13:01:13 - [MESSAGE][INFO] - HAR: I:\app-testing\app-project\Order car insurance\order-car-insurance\Reports\20220329_124138\3. Get feedback insurance - Batch 1\20220329_124139\requests\main\380.har

2022-03-29 13:01:13 - [MESSAGE][PASSED] - Send request successfully

2022-03-29 13:01:13 - [TEST_STEP][PASSED] - slurper = new groovy.json.JsonSlurper(): null

2022-03-29 13:01:13 - [TEST_STEP][PASSED] - get_token = slurper.parseText(token.getResponseBodyContent()): null

2022-03-29 13:01:13 - [TEST_STEP][PASSED] - private_token = access_token: null

2022-03-29 13:01:13 - [TEST_STEP][PASSED] - global_token = private_token: null

2022-03-29 13:01:13 - [TEST_STEP][PASSED] - println("token is :" + global_token): null

2022-03-29 13:01:13 - [TEST_STEP][PASSED] - response_token = token.getResponseText(): null

2022-03-29 13:01:13 - [TEST_STEP][PASSED] - logInfo($response_token): {"fault":{"faultstring":"Access Denied for client ip : 8.29.105.53","detail":{"errorcode":"accesscontrol.IPDeniedAccess"}}}

2022-03-29 13:01:13 - [MESSAGE][INFO] - {"fault":{"faultstring":"Access Denied for client ip : 8.29.105.53","detail":{"errorcode":"accesscontrol.IPDeniedAccess"}}}

2022-03-29 13:01:13 - [TEST_STEP][PASSED] - feedback = sendRequest(findTestObject("4. Feedback-ins", ["s_key":global_token, "batchid":batchid, "norek":norek, "nopin":nopin, "custname":custname, "pemohon":pemohon, "branchid":branchid, ... ])): Send request successfully

2022-03-29 13:01:14 - [MESSAGE][INFO] - HAR: I:\app-testing\app-project\Order car insurance\order-car-insurance\Reports\20220329_124138\3. Get feedback insurance - Batch 1\20220329_124139\requests\main\381.har

2022-03-29 13:01:14 - [MESSAGE][PASSED] - Send request successfully

2022-03-29 13:01:14 - [TEST_STEP][PASSED] - response_feedback = feedback.getResponseText(): null

2022-03-29 13:01:14 - [TEST_STEP][PASSED] - markPassed("result feedback data : " + no + " norek : " + norek + " nopin : " + nopin): result feedback data : 237 norek : 9510016876 nopin : 001

2022-03-29 13:01:14 - [MESSAGE][PASSED] - result feedback data : 237 norek : 9510016876 nopin : 001

2022-03-29 13:01:14 - [TEST_STEP][PASSED] - logInfo($response_feedback): {
  "FeedbackCarInsuranceResponse" : {
    "errorCode" : "00",
    "errorMessage" : "Sukses"
  }
}

2022-03-29 13:01:14 - [MESSAGE][INFO] - {
  "FeedbackCarInsuranceResponse" : {
    "errorCode" : "00",
    "errorMessage" : "Sukses"
  }
}

2022-03-29 13:01:14 - [TEST_STEP][PASSED] - verifyElementPropertyValue(feedback, "FeedbackCarInsuranceResponse.errorMessage", "Sukses", CONTINUE_ON_FAILURE): Verify element property value successfully

2022-03-29 13:01:14 - [MESSAGE][PASSED] - Verify element property value successfully]]></system-out>
         <system-err><![CDATA[]]></system-err>
      </testcase>
      <testcase name="Test Cases/3. get token - feedback insurance" time="1.47" classname="Test Cases/3. get token - feedback insurance" status="PASSED">
         <system-out><![CDATA[2022-03-29 13:01:15 - [TEST_CASE][PASSED] - Test Cases/3. get token - feedback insurance: Test Cases/3. get token - feedback insurance

2022-03-29 13:01:15 - [TEST_STEP][PASSED] - token = sendRequest(findTestObject("1. Get-Token")): Send request successfully

2022-03-29 13:01:15 - [MESSAGE][INFO] - HAR: I:\app-testing\app-project\Order car insurance\order-car-insurance\Reports\20220329_124138\3. Get feedback insurance - Batch 1\20220329_124139\requests\main\382.har

2022-03-29 13:01:15 - [MESSAGE][PASSED] - Send request successfully

2022-03-29 13:01:15 - [TEST_STEP][PASSED] - slurper = new groovy.json.JsonSlurper(): null

2022-03-29 13:01:15 - [TEST_STEP][PASSED] - get_token = slurper.parseText(token.getResponseBodyContent()): null

2022-03-29 13:01:15 - [TEST_STEP][PASSED] - private_token = access_token: null

2022-03-29 13:01:15 - [TEST_STEP][PASSED] - global_token = private_token: null

2022-03-29 13:01:15 - [TEST_STEP][PASSED] - println("token is :" + global_token): null

2022-03-29 13:01:15 - [TEST_STEP][PASSED] - response_token = token.getResponseText(): null

2022-03-29 13:01:15 - [TEST_STEP][PASSED] - logInfo($response_token): {"fault":{"faultstring":"Access Denied for client ip : 8.29.105.53","detail":{"errorcode":"accesscontrol.IPDeniedAccess"}}}

2022-03-29 13:01:15 - [MESSAGE][INFO] - {"fault":{"faultstring":"Access Denied for client ip : 8.29.105.53","detail":{"errorcode":"accesscontrol.IPDeniedAccess"}}}

2022-03-29 13:01:15 - [TEST_STEP][PASSED] - feedback = sendRequest(findTestObject("4. Feedback-ins", ["s_key":global_token, "batchid":batchid, "norek":norek, "nopin":nopin, "custname":custname, "pemohon":pemohon, "branchid":branchid, ... ])): Send request successfully

2022-03-29 13:01:16 - [MESSAGE][INFO] - HAR: I:\app-testing\app-project\Order car insurance\order-car-insurance\Reports\20220329_124138\3. Get feedback insurance - Batch 1\20220329_124139\requests\main\383.har

2022-03-29 13:01:16 - [MESSAGE][PASSED] - Send request successfully

2022-03-29 13:01:16 - [TEST_STEP][PASSED] - response_feedback = feedback.getResponseText(): null

2022-03-29 13:01:16 - [TEST_STEP][PASSED] - markPassed("result feedback data : " + no + " norek : " + norek + " nopin : " + nopin): result feedback data : 238 norek : 9510016876 nopin : 001

2022-03-29 13:01:16 - [MESSAGE][PASSED] - result feedback data : 238 norek : 9510016876 nopin : 001

2022-03-29 13:01:16 - [TEST_STEP][PASSED] - logInfo($response_feedback): {
  "FeedbackCarInsuranceResponse" : {
    "errorCode" : "00",
    "errorMessage" : "Sukses"
  }
}

2022-03-29 13:01:16 - [MESSAGE][INFO] - {
  "FeedbackCarInsuranceResponse" : {
    "errorCode" : "00",
    "errorMessage" : "Sukses"
  }
}

2022-03-29 13:01:16 - [TEST_STEP][PASSED] - verifyElementPropertyValue(feedback, "FeedbackCarInsuranceResponse.errorMessage", "Sukses", CONTINUE_ON_FAILURE): Verify element property value successfully

2022-03-29 13:01:16 - [MESSAGE][PASSED] - Verify element property value successfully]]></system-out>
         <system-err><![CDATA[]]></system-err>
      </testcase>
      <testcase name="Test Cases/3. get token - feedback insurance" time="1.455" classname="Test Cases/3. get token - feedback insurance" status="PASSED">
         <system-out><![CDATA[2022-03-29 13:01:17 - [TEST_CASE][PASSED] - Test Cases/3. get token - feedback insurance: Test Cases/3. get token - feedback insurance

2022-03-29 13:01:17 - [TEST_STEP][PASSED] - token = sendRequest(findTestObject("1. Get-Token")): Send request successfully

2022-03-29 13:01:17 - [MESSAGE][INFO] - HAR: I:\app-testing\app-project\Order car insurance\order-car-insurance\Reports\20220329_124138\3. Get feedback insurance - Batch 1\20220329_124139\requests\main\384.har

2022-03-29 13:01:17 - [MESSAGE][PASSED] - Send request successfully

2022-03-29 13:01:17 - [TEST_STEP][PASSED] - slurper = new groovy.json.JsonSlurper(): null

2022-03-29 13:01:17 - [TEST_STEP][PASSED] - get_token = slurper.parseText(token.getResponseBodyContent()): null

2022-03-29 13:01:17 - [TEST_STEP][PASSED] - private_token = access_token: null

2022-03-29 13:01:17 - [TEST_STEP][PASSED] - global_token = private_token: null

2022-03-29 13:01:17 - [TEST_STEP][PASSED] - println("token is :" + global_token): null

2022-03-29 13:01:17 - [TEST_STEP][PASSED] - response_token = token.getResponseText(): null

2022-03-29 13:01:17 - [TEST_STEP][PASSED] - logInfo($response_token): {"fault":{"faultstring":"Access Denied for client ip : 8.29.105.53","detail":{"errorcode":"accesscontrol.IPDeniedAccess"}}}

2022-03-29 13:01:17 - [MESSAGE][INFO] - {"fault":{"faultstring":"Access Denied for client ip : 8.29.105.53","detail":{"errorcode":"accesscontrol.IPDeniedAccess"}}}

2022-03-29 13:01:17 - [TEST_STEP][PASSED] - feedback = sendRequest(findTestObject("4. Feedback-ins", ["s_key":global_token, "batchid":batchid, "norek":norek, "nopin":nopin, "custname":custname, "pemohon":pemohon, "branchid":branchid, ... ])): Send request successfully

2022-03-29 13:01:18 - [MESSAGE][INFO] - HAR: I:\app-testing\app-project\Order car insurance\order-car-insurance\Reports\20220329_124138\3. Get feedback insurance - Batch 1\20220329_124139\requests\main\385.har

2022-03-29 13:01:18 - [MESSAGE][PASSED] - Send request successfully

2022-03-29 13:01:18 - [TEST_STEP][PASSED] - response_feedback = feedback.getResponseText(): null

2022-03-29 13:01:18 - [TEST_STEP][PASSED] - markPassed("result feedback data : " + no + " norek : " + norek + " nopin : " + nopin): result feedback data : 239 norek : 9510016876 nopin : 001

2022-03-29 13:01:18 - [MESSAGE][PASSED] - result feedback data : 239 norek : 9510016876 nopin : 001

2022-03-29 13:01:18 - [TEST_STEP][PASSED] - logInfo($response_feedback): {
  "FeedbackCarInsuranceResponse" : {
    "errorCode" : "00",
    "errorMessage" : "Sukses"
  }
}

2022-03-29 13:01:18 - [MESSAGE][INFO] - {
  "FeedbackCarInsuranceResponse" : {
    "errorCode" : "00",
    "errorMessage" : "Sukses"
  }
}

2022-03-29 13:01:18 - [TEST_STEP][PASSED] - verifyElementPropertyValue(feedback, "FeedbackCarInsuranceResponse.errorMessage", "Sukses", CONTINUE_ON_FAILURE): Verify element property value successfully

2022-03-29 13:01:18 - [MESSAGE][PASSED] - Verify element property value successfully]]></system-out>
         <system-err><![CDATA[]]></system-err>
      </testcase>
      <testcase name="Test Cases/3. get token - feedback insurance" time="1.455" classname="Test Cases/3. get token - feedback insurance" status="PASSED">
         <system-out><![CDATA[2022-03-29 13:01:18 - [TEST_CASE][PASSED] - Test Cases/3. get token - feedback insurance: Test Cases/3. get token - feedback insurance

2022-03-29 13:01:18 - [TEST_STEP][PASSED] - token = sendRequest(findTestObject("1. Get-Token")): Send request successfully

2022-03-29 13:01:19 - [MESSAGE][INFO] - HAR: I:\app-testing\app-project\Order car insurance\order-car-insurance\Reports\20220329_124138\3. Get feedback insurance - Batch 1\20220329_124139\requests\main\386.har

2022-03-29 13:01:19 - [MESSAGE][PASSED] - Send request successfully

2022-03-29 13:01:19 - [TEST_STEP][PASSED] - slurper = new groovy.json.JsonSlurper(): null

2022-03-29 13:01:19 - [TEST_STEP][PASSED] - get_token = slurper.parseText(token.getResponseBodyContent()): null

2022-03-29 13:01:19 - [TEST_STEP][PASSED] - private_token = access_token: null

2022-03-29 13:01:19 - [TEST_STEP][PASSED] - global_token = private_token: null

2022-03-29 13:01:19 - [TEST_STEP][PASSED] - println("token is :" + global_token): null

2022-03-29 13:01:19 - [TEST_STEP][PASSED] - response_token = token.getResponseText(): null

2022-03-29 13:01:19 - [TEST_STEP][PASSED] - logInfo($response_token): {"fault":{"faultstring":"Access Denied for client ip : 8.29.105.53","detail":{"errorcode":"accesscontrol.IPDeniedAccess"}}}

2022-03-29 13:01:19 - [MESSAGE][INFO] - {"fault":{"faultstring":"Access Denied for client ip : 8.29.105.53","detail":{"errorcode":"accesscontrol.IPDeniedAccess"}}}

2022-03-29 13:01:19 - [TEST_STEP][PASSED] - feedback = sendRequest(findTestObject("4. Feedback-ins", ["s_key":global_token, "batchid":batchid, "norek":norek, "nopin":nopin, "custname":custname, "pemohon":pemohon, "branchid":branchid, ... ])): Send request successfully

2022-03-29 13:01:20 - [MESSAGE][INFO] - HAR: I:\app-testing\app-project\Order car insurance\order-car-insurance\Reports\20220329_124138\3. Get feedback insurance - Batch 1\20220329_124139\requests\main\387.har

2022-03-29 13:01:20 - [MESSAGE][PASSED] - Send request successfully

2022-03-29 13:01:20 - [TEST_STEP][PASSED] - response_feedback = feedback.getResponseText(): null

2022-03-29 13:01:20 - [TEST_STEP][PASSED] - markPassed("result feedback data : " + no + " norek : " + norek + " nopin : " + nopin): result feedback data : 240 norek : 9510016876 nopin : 001

2022-03-29 13:01:20 - [MESSAGE][PASSED] - result feedback data : 240 norek : 9510016876 nopin : 001

2022-03-29 13:01:20 - [TEST_STEP][PASSED] - logInfo($response_feedback): {
  "FeedbackCarInsuranceResponse" : {
    "errorCode" : "00",
    "errorMessage" : "Sukses"
  }
}

2022-03-29 13:01:20 - [MESSAGE][INFO] - {
  "FeedbackCarInsuranceResponse" : {
    "errorCode" : "00",
    "errorMessage" : "Sukses"
  }
}

2022-03-29 13:01:20 - [TEST_STEP][PASSED] - verifyElementPropertyValue(feedback, "FeedbackCarInsuranceResponse.errorMessage", "Sukses", CONTINUE_ON_FAILURE): Verify element property value successfully

2022-03-29 13:01:20 - [MESSAGE][PASSED] - Verify element property value successfully]]></system-out>
         <system-err><![CDATA[]]></system-err>
      </testcase>
      <testcase name="Test Cases/3. get token - feedback insurance" time="1.588" classname="Test Cases/3. get token - feedback insurance" status="PASSED">
         <system-out><![CDATA[2022-03-29 13:01:20 - [TEST_CASE][PASSED] - Test Cases/3. get token - feedback insurance: Test Cases/3. get token - feedback insurance

2022-03-29 13:01:20 - [TEST_STEP][PASSED] - token = sendRequest(findTestObject("1. Get-Token")): Send request successfully

2022-03-29 13:01:21 - [MESSAGE][INFO] - HAR: I:\app-testing\app-project\Order car insurance\order-car-insurance\Reports\20220329_124138\3. Get feedback insurance - Batch 1\20220329_124139\requests\main\388.har

2022-03-29 13:01:21 - [MESSAGE][PASSED] - Send request successfully

2022-03-29 13:01:21 - [TEST_STEP][PASSED] - slurper = new groovy.json.JsonSlurper(): null

2022-03-29 13:01:21 - [TEST_STEP][PASSED] - get_token = slurper.parseText(token.getResponseBodyContent()): null

2022-03-29 13:01:21 - [TEST_STEP][PASSED] - private_token = access_token: null

2022-03-29 13:01:21 - [TEST_STEP][PASSED] - global_token = private_token: null

2022-03-29 13:01:21 - [TEST_STEP][PASSED] - println("token is :" + global_token): null

2022-03-29 13:01:21 - [TEST_STEP][PASSED] - response_token = token.getResponseText(): null

2022-03-29 13:01:21 - [TEST_STEP][PASSED] - logInfo($response_token): {"fault":{"faultstring":"Access Denied for client ip : 8.29.105.53","detail":{"errorcode":"accesscontrol.IPDeniedAccess"}}}

2022-03-29 13:01:21 - [MESSAGE][INFO] - {"fault":{"faultstring":"Access Denied for client ip : 8.29.105.53","detail":{"errorcode":"accesscontrol.IPDeniedAccess"}}}

2022-03-29 13:01:21 - [TEST_STEP][PASSED] - feedback = sendRequest(findTestObject("4. Feedback-ins", ["s_key":global_token, "batchid":batchid, "norek":norek, "nopin":nopin, "custname":custname, "pemohon":pemohon, "branchid":branchid, ... ])): Send request successfully

2022-03-29 13:01:22 - [MESSAGE][INFO] - HAR: I:\app-testing\app-project\Order car insurance\order-car-insurance\Reports\20220329_124138\3. Get feedback insurance - Batch 1\20220329_124139\requests\main\389.har

2022-03-29 13:01:22 - [MESSAGE][PASSED] - Send request successfully

2022-03-29 13:01:22 - [TEST_STEP][PASSED] - response_feedback = feedback.getResponseText(): null

2022-03-29 13:01:22 - [TEST_STEP][PASSED] - markPassed("result feedback data : " + no + " norek : " + norek + " nopin : " + nopin): result feedback data : 241 norek : 9510016876 nopin : 001

2022-03-29 13:01:22 - [MESSAGE][PASSED] - result feedback data : 241 norek : 9510016876 nopin : 001

2022-03-29 13:01:22 - [TEST_STEP][PASSED] - logInfo($response_feedback): {
  "FeedbackCarInsuranceResponse" : {
    "errorCode" : "00",
    "errorMessage" : "Sukses"
  }
}

2022-03-29 13:01:22 - [MESSAGE][INFO] - {
  "FeedbackCarInsuranceResponse" : {
    "errorCode" : "00",
    "errorMessage" : "Sukses"
  }
}

2022-03-29 13:01:22 - [TEST_STEP][PASSED] - verifyElementPropertyValue(feedback, "FeedbackCarInsuranceResponse.errorMessage", "Sukses", CONTINUE_ON_FAILURE): Verify element property value successfully

2022-03-29 13:01:22 - [MESSAGE][PASSED] - Verify element property value successfully]]></system-out>
         <system-err><![CDATA[]]></system-err>
      </testcase>
      <testcase name="Test Cases/3. get token - feedback insurance" time="1.422" classname="Test Cases/3. get token - feedback insurance" status="PASSED">
         <system-out><![CDATA[2022-03-29 13:01:22 - [TEST_CASE][PASSED] - Test Cases/3. get token - feedback insurance: Test Cases/3. get token - feedback insurance

2022-03-29 13:01:22 - [TEST_STEP][PASSED] - token = sendRequest(findTestObject("1. Get-Token")): Send request successfully

2022-03-29 13:01:23 - [MESSAGE][INFO] - HAR: I:\app-testing\app-project\Order car insurance\order-car-insurance\Reports\20220329_124138\3. Get feedback insurance - Batch 1\20220329_124139\requests\main\390.har

2022-03-29 13:01:23 - [MESSAGE][PASSED] - Send request successfully

2022-03-29 13:01:23 - [TEST_STEP][PASSED] - slurper = new groovy.json.JsonSlurper(): null

2022-03-29 13:01:23 - [TEST_STEP][PASSED] - get_token = slurper.parseText(token.getResponseBodyContent()): null

2022-03-29 13:01:23 - [TEST_STEP][PASSED] - private_token = access_token: null

2022-03-29 13:01:23 - [TEST_STEP][PASSED] - global_token = private_token: null

2022-03-29 13:01:23 - [TEST_STEP][PASSED] - println("token is :" + global_token): null

2022-03-29 13:01:23 - [TEST_STEP][PASSED] - response_token = token.getResponseText(): null

2022-03-29 13:01:23 - [TEST_STEP][PASSED] - logInfo($response_token): {"fault":{"faultstring":"Access Denied for client ip : 8.29.105.53","detail":{"errorcode":"accesscontrol.IPDeniedAccess"}}}

2022-03-29 13:01:23 - [MESSAGE][INFO] - {"fault":{"faultstring":"Access Denied for client ip : 8.29.105.53","detail":{"errorcode":"accesscontrol.IPDeniedAccess"}}}

2022-03-29 13:01:23 - [TEST_STEP][PASSED] - feedback = sendRequest(findTestObject("4. Feedback-ins", ["s_key":global_token, "batchid":batchid, "norek":norek, "nopin":nopin, "custname":custname, "pemohon":pemohon, "branchid":branchid, ... ])): Send request successfully

2022-03-29 13:01:24 - [MESSAGE][INFO] - HAR: I:\app-testing\app-project\Order car insurance\order-car-insurance\Reports\20220329_124138\3. Get feedback insurance - Batch 1\20220329_124139\requests\main\391.har

2022-03-29 13:01:24 - [MESSAGE][PASSED] - Send request successfully

2022-03-29 13:01:24 - [TEST_STEP][PASSED] - response_feedback = feedback.getResponseText(): null

2022-03-29 13:01:24 - [TEST_STEP][PASSED] - markPassed("result feedback data : " + no + " norek : " + norek + " nopin : " + nopin): result feedback data : 242 norek : 9510016876 nopin : 001

2022-03-29 13:01:24 - [MESSAGE][PASSED] - result feedback data : 242 norek : 9510016876 nopin : 001

2022-03-29 13:01:24 - [TEST_STEP][PASSED] - logInfo($response_feedback): {
  "FeedbackCarInsuranceResponse" : {
    "errorCode" : "00",
    "errorMessage" : "Sukses"
  }
}

2022-03-29 13:01:24 - [MESSAGE][INFO] - {
  "FeedbackCarInsuranceResponse" : {
    "errorCode" : "00",
    "errorMessage" : "Sukses"
  }
}

2022-03-29 13:01:24 - [TEST_STEP][PASSED] - verifyElementPropertyValue(feedback, "FeedbackCarInsuranceResponse.errorMessage", "Sukses", CONTINUE_ON_FAILURE): Verify element property value successfully

2022-03-29 13:01:24 - [MESSAGE][PASSED] - Verify element property value successfully]]></system-out>
         <system-err><![CDATA[]]></system-err>
      </testcase>
      <testcase name="Test Cases/3. get token - feedback insurance" time="4.289" classname="Test Cases/3. get token - feedback insurance" status="PASSED">
         <system-out><![CDATA[2022-03-29 13:01:24 - [TEST_CASE][PASSED] - Test Cases/3. get token - feedback insurance: Test Cases/3. get token - feedback insurance

2022-03-29 13:01:24 - [TEST_STEP][PASSED] - token = sendRequest(findTestObject("1. Get-Token")): Send request successfully

2022-03-29 13:01:24 - [MESSAGE][INFO] - HAR: I:\app-testing\app-project\Order car insurance\order-car-insurance\Reports\20220329_124138\3. Get feedback insurance - Batch 1\20220329_124139\requests\main\392.har

2022-03-29 13:01:24 - [MESSAGE][PASSED] - Send request successfully

2022-03-29 13:01:24 - [TEST_STEP][PASSED] - slurper = new groovy.json.JsonSlurper(): null

2022-03-29 13:01:24 - [TEST_STEP][PASSED] - get_token = slurper.parseText(token.getResponseBodyContent()): null

2022-03-29 13:01:24 - [TEST_STEP][PASSED] - private_token = access_token: null

2022-03-29 13:01:24 - [TEST_STEP][PASSED] - global_token = private_token: null

2022-03-29 13:01:24 - [TEST_STEP][PASSED] - println("token is :" + global_token): null

2022-03-29 13:01:24 - [TEST_STEP][PASSED] - response_token = token.getResponseText(): null

2022-03-29 13:01:24 - [TEST_STEP][PASSED] - logInfo($response_token): {"fault":{"faultstring":"Access Denied for client ip : 8.29.105.53","detail":{"errorcode":"accesscontrol.IPDeniedAccess"}}}

2022-03-29 13:01:24 - [MESSAGE][INFO] - {"fault":{"faultstring":"Access Denied for client ip : 8.29.105.53","detail":{"errorcode":"accesscontrol.IPDeniedAccess"}}}

2022-03-29 13:01:24 - [TEST_STEP][PASSED] - feedback = sendRequest(findTestObject("4. Feedback-ins", ["s_key":global_token, "batchid":batchid, "norek":norek, "nopin":nopin, "custname":custname, "pemohon":pemohon, "branchid":branchid, ... ])): Send request successfully

2022-03-29 13:01:28 - [MESSAGE][INFO] - HAR: I:\app-testing\app-project\Order car insurance\order-car-insurance\Reports\20220329_124138\3. Get feedback insurance - Batch 1\20220329_124139\requests\main\393.har

2022-03-29 13:01:28 - [MESSAGE][PASSED] - Send request successfully

2022-03-29 13:01:28 - [TEST_STEP][PASSED] - response_feedback = feedback.getResponseText(): null

2022-03-29 13:01:28 - [TEST_STEP][PASSED] - markPassed("result feedback data : " + no + " norek : " + norek + " nopin : " + nopin): result feedback data : 243 norek : 9510016876 nopin : 001

2022-03-29 13:01:28 - [MESSAGE][PASSED] - result feedback data : 243 norek : 9510016876 nopin : 001

2022-03-29 13:01:28 - [TEST_STEP][PASSED] - logInfo($response_feedback): {
  "FeedbackCarInsuranceResponse" : {
    "errorCode" : "00",
    "errorMessage" : "Sukses"
  }
}

2022-03-29 13:01:28 - [MESSAGE][INFO] - {
  "FeedbackCarInsuranceResponse" : {
    "errorCode" : "00",
    "errorMessage" : "Sukses"
  }
}

2022-03-29 13:01:28 - [TEST_STEP][PASSED] - verifyElementPropertyValue(feedback, "FeedbackCarInsuranceResponse.errorMessage", "Sukses", CONTINUE_ON_FAILURE): Verify element property value successfully

2022-03-29 13:01:28 - [MESSAGE][PASSED] - Verify element property value successfully]]></system-out>
         <system-err><![CDATA[]]></system-err>
      </testcase>
      <testcase name="Test Cases/3. get token - feedback insurance" time="1.444" classname="Test Cases/3. get token - feedback insurance" status="PASSED">
         <system-out><![CDATA[2022-03-29 13:01:29 - [TEST_CASE][PASSED] - Test Cases/3. get token - feedback insurance: Test Cases/3. get token - feedback insurance

2022-03-29 13:01:29 - [TEST_STEP][PASSED] - token = sendRequest(findTestObject("1. Get-Token")): Send request successfully

2022-03-29 13:01:29 - [MESSAGE][INFO] - HAR: I:\app-testing\app-project\Order car insurance\order-car-insurance\Reports\20220329_124138\3. Get feedback insurance - Batch 1\20220329_124139\requests\main\394.har

2022-03-29 13:01:29 - [MESSAGE][PASSED] - Send request successfully

2022-03-29 13:01:29 - [TEST_STEP][PASSED] - slurper = new groovy.json.JsonSlurper(): null

2022-03-29 13:01:29 - [TEST_STEP][PASSED] - get_token = slurper.parseText(token.getResponseBodyContent()): null

2022-03-29 13:01:29 - [TEST_STEP][PASSED] - private_token = access_token: null

2022-03-29 13:01:29 - [TEST_STEP][PASSED] - global_token = private_token: null

2022-03-29 13:01:29 - [TEST_STEP][PASSED] - println("token is :" + global_token): null

2022-03-29 13:01:29 - [TEST_STEP][PASSED] - response_token = token.getResponseText(): null

2022-03-29 13:01:29 - [TEST_STEP][PASSED] - logInfo($response_token): {"fault":{"faultstring":"Access Denied for client ip : 8.29.105.53","detail":{"errorcode":"accesscontrol.IPDeniedAccess"}}}

2022-03-29 13:01:29 - [MESSAGE][INFO] - {"fault":{"faultstring":"Access Denied for client ip : 8.29.105.53","detail":{"errorcode":"accesscontrol.IPDeniedAccess"}}}

2022-03-29 13:01:29 - [TEST_STEP][PASSED] - feedback = sendRequest(findTestObject("4. Feedback-ins", ["s_key":global_token, "batchid":batchid, "norek":norek, "nopin":nopin, "custname":custname, "pemohon":pemohon, "branchid":branchid, ... ])): Send request successfully

2022-03-29 13:01:30 - [MESSAGE][INFO] - HAR: I:\app-testing\app-project\Order car insurance\order-car-insurance\Reports\20220329_124138\3. Get feedback insurance - Batch 1\20220329_124139\requests\main\395.har

2022-03-29 13:01:30 - [MESSAGE][PASSED] - Send request successfully

2022-03-29 13:01:30 - [TEST_STEP][PASSED] - response_feedback = feedback.getResponseText(): null

2022-03-29 13:01:30 - [TEST_STEP][PASSED] - markPassed("result feedback data : " + no + " norek : " + norek + " nopin : " + nopin): result feedback data : 244 norek : 9510016876 nopin : 001

2022-03-29 13:01:30 - [MESSAGE][PASSED] - result feedback data : 244 norek : 9510016876 nopin : 001

2022-03-29 13:01:30 - [TEST_STEP][PASSED] - logInfo($response_feedback): {
  "FeedbackCarInsuranceResponse" : {
    "errorCode" : "00",
    "errorMessage" : "Sukses"
  }
}

2022-03-29 13:01:30 - [MESSAGE][INFO] - {
  "FeedbackCarInsuranceResponse" : {
    "errorCode" : "00",
    "errorMessage" : "Sukses"
  }
}

2022-03-29 13:01:30 - [TEST_STEP][PASSED] - verifyElementPropertyValue(feedback, "FeedbackCarInsuranceResponse.errorMessage", "Sukses", CONTINUE_ON_FAILURE): Verify element property value successfully

2022-03-29 13:01:30 - [MESSAGE][PASSED] - Verify element property value successfully]]></system-out>
         <system-err><![CDATA[]]></system-err>
      </testcase>
      <testcase name="Test Cases/3. get token - feedback insurance" time="1.415" classname="Test Cases/3. get token - feedback insurance" status="PASSED">
         <system-out><![CDATA[2022-03-29 13:01:30 - [TEST_CASE][PASSED] - Test Cases/3. get token - feedback insurance: Test Cases/3. get token - feedback insurance

2022-03-29 13:01:30 - [TEST_STEP][PASSED] - token = sendRequest(findTestObject("1. Get-Token")): Send request successfully

2022-03-29 13:01:31 - [MESSAGE][INFO] - HAR: I:\app-testing\app-project\Order car insurance\order-car-insurance\Reports\20220329_124138\3. Get feedback insurance - Batch 1\20220329_124139\requests\main\396.har

2022-03-29 13:01:31 - [MESSAGE][PASSED] - Send request successfully

2022-03-29 13:01:31 - [TEST_STEP][PASSED] - slurper = new groovy.json.JsonSlurper(): null

2022-03-29 13:01:31 - [TEST_STEP][PASSED] - get_token = slurper.parseText(token.getResponseBodyContent()): null

2022-03-29 13:01:31 - [TEST_STEP][PASSED] - private_token = access_token: null

2022-03-29 13:01:31 - [TEST_STEP][PASSED] - global_token = private_token: null

2022-03-29 13:01:31 - [TEST_STEP][PASSED] - println("token is :" + global_token): null

2022-03-29 13:01:31 - [TEST_STEP][PASSED] - response_token = token.getResponseText(): null

2022-03-29 13:01:31 - [TEST_STEP][PASSED] - logInfo($response_token): {"fault":{"faultstring":"Access Denied for client ip : 8.29.105.53","detail":{"errorcode":"accesscontrol.IPDeniedAccess"}}}

2022-03-29 13:01:31 - [MESSAGE][INFO] - {"fault":{"faultstring":"Access Denied for client ip : 8.29.105.53","detail":{"errorcode":"accesscontrol.IPDeniedAccess"}}}

2022-03-29 13:01:31 - [TEST_STEP][PASSED] - feedback = sendRequest(findTestObject("4. Feedback-ins", ["s_key":global_token, "batchid":batchid, "norek":norek, "nopin":nopin, "custname":custname, "pemohon":pemohon, "branchid":branchid, ... ])): Send request successfully

2022-03-29 13:01:32 - [MESSAGE][INFO] - HAR: I:\app-testing\app-project\Order car insurance\order-car-insurance\Reports\20220329_124138\3. Get feedback insurance - Batch 1\20220329_124139\requests\main\397.har

2022-03-29 13:01:32 - [MESSAGE][PASSED] - Send request successfully

2022-03-29 13:01:32 - [TEST_STEP][PASSED] - response_feedback = feedback.getResponseText(): null

2022-03-29 13:01:32 - [TEST_STEP][PASSED] - markPassed("result feedback data : " + no + " norek : " + norek + " nopin : " + nopin): result feedback data : 245 norek : 9510016876 nopin : 001

2022-03-29 13:01:32 - [MESSAGE][PASSED] - result feedback data : 245 norek : 9510016876 nopin : 001

2022-03-29 13:01:32 - [TEST_STEP][PASSED] - logInfo($response_feedback): {
  "FeedbackCarInsuranceResponse" : {
    "errorCode" : "00",
    "errorMessage" : "Sukses"
  }
}

2022-03-29 13:01:32 - [MESSAGE][INFO] - {
  "FeedbackCarInsuranceResponse" : {
    "errorCode" : "00",
    "errorMessage" : "Sukses"
  }
}

2022-03-29 13:01:32 - [TEST_STEP][PASSED] - verifyElementPropertyValue(feedback, "FeedbackCarInsuranceResponse.errorMessage", "Sukses", CONTINUE_ON_FAILURE): Verify element property value successfully

2022-03-29 13:01:32 - [MESSAGE][PASSED] - Verify element property value successfully]]></system-out>
         <system-err><![CDATA[]]></system-err>
      </testcase>
      <testcase name="Test Cases/3. get token - feedback insurance" time="2.613" classname="Test Cases/3. get token - feedback insurance" status="PASSED">
         <system-out><![CDATA[2022-03-29 13:01:32 - [TEST_CASE][PASSED] - Test Cases/3. get token - feedback insurance: Test Cases/3. get token - feedback insurance

2022-03-29 13:01:32 - [TEST_STEP][PASSED] - token = sendRequest(findTestObject("1. Get-Token")): Send request successfully

2022-03-29 13:01:34 - [MESSAGE][INFO] - HAR: I:\app-testing\app-project\Order car insurance\order-car-insurance\Reports\20220329_124138\3. Get feedback insurance - Batch 1\20220329_124139\requests\main\398.har

2022-03-29 13:01:34 - [MESSAGE][PASSED] - Send request successfully

2022-03-29 13:01:34 - [TEST_STEP][PASSED] - slurper = new groovy.json.JsonSlurper(): null

2022-03-29 13:01:34 - [TEST_STEP][PASSED] - get_token = slurper.parseText(token.getResponseBodyContent()): null

2022-03-29 13:01:34 - [TEST_STEP][PASSED] - private_token = access_token: null

2022-03-29 13:01:34 - [TEST_STEP][PASSED] - global_token = private_token: null

2022-03-29 13:01:34 - [TEST_STEP][PASSED] - println("token is :" + global_token): null

2022-03-29 13:01:34 - [TEST_STEP][PASSED] - response_token = token.getResponseText(): null

2022-03-29 13:01:34 - [TEST_STEP][PASSED] - logInfo($response_token): {"fault":{"faultstring":"Access Denied for client ip : 8.29.105.53","detail":{"errorcode":"accesscontrol.IPDeniedAccess"}}}

2022-03-29 13:01:34 - [MESSAGE][INFO] - {"fault":{"faultstring":"Access Denied for client ip : 8.29.105.53","detail":{"errorcode":"accesscontrol.IPDeniedAccess"}}}

2022-03-29 13:01:34 - [TEST_STEP][PASSED] - feedback = sendRequest(findTestObject("4. Feedback-ins", ["s_key":global_token, "batchid":batchid, "norek":norek, "nopin":nopin, "custname":custname, "pemohon":pemohon, "branchid":branchid, ... ])): Send request successfully

2022-03-29 13:01:35 - [MESSAGE][INFO] - HAR: I:\app-testing\app-project\Order car insurance\order-car-insurance\Reports\20220329_124138\3. Get feedback insurance - Batch 1\20220329_124139\requests\main\399.har

2022-03-29 13:01:35 - [MESSAGE][PASSED] - Send request successfully

2022-03-29 13:01:35 - [TEST_STEP][PASSED] - response_feedback = feedback.getResponseText(): null

2022-03-29 13:01:35 - [TEST_STEP][PASSED] - markPassed("result feedback data : " + no + " norek : " + norek + " nopin : " + nopin): result feedback data : 246 norek : 9510016878 nopin : 001

2022-03-29 13:01:35 - [MESSAGE][PASSED] - result feedback data : 246 norek : 9510016878 nopin : 001

2022-03-29 13:01:35 - [TEST_STEP][PASSED] - logInfo($response_feedback): {
  "FeedbackCarInsuranceResponse" : {
    "errorCode" : "00",
    "errorMessage" : "Sukses"
  }
}

2022-03-29 13:01:35 - [MESSAGE][INFO] - {
  "FeedbackCarInsuranceResponse" : {
    "errorCode" : "00",
    "errorMessage" : "Sukses"
  }
}

2022-03-29 13:01:35 - [TEST_STEP][PASSED] - verifyElementPropertyValue(feedback, "FeedbackCarInsuranceResponse.errorMessage", "Sukses", CONTINUE_ON_FAILURE): Verify element property value successfully

2022-03-29 13:01:35 - [MESSAGE][PASSED] - Verify element property value successfully]]></system-out>
         <system-err><![CDATA[]]></system-err>
      </testcase>
      <testcase name="Test Cases/3. get token - feedback insurance" time="1.471" classname="Test Cases/3. get token - feedback insurance" status="PASSED">
         <system-out><![CDATA[2022-03-29 13:01:35 - [TEST_CASE][PASSED] - Test Cases/3. get token - feedback insurance: Test Cases/3. get token - feedback insurance

2022-03-29 13:01:35 - [TEST_STEP][PASSED] - token = sendRequest(findTestObject("1. Get-Token")): Send request successfully

2022-03-29 13:01:36 - [MESSAGE][INFO] - HAR: I:\app-testing\app-project\Order car insurance\order-car-insurance\Reports\20220329_124138\3. Get feedback insurance - Batch 1\20220329_124139\requests\main\400.har

2022-03-29 13:01:36 - [MESSAGE][PASSED] - Send request successfully

2022-03-29 13:01:36 - [TEST_STEP][PASSED] - slurper = new groovy.json.JsonSlurper(): null

2022-03-29 13:01:36 - [TEST_STEP][PASSED] - get_token = slurper.parseText(token.getResponseBodyContent()): null

2022-03-29 13:01:36 - [TEST_STEP][PASSED] - private_token = access_token: null

2022-03-29 13:01:36 - [TEST_STEP][PASSED] - global_token = private_token: null

2022-03-29 13:01:36 - [TEST_STEP][PASSED] - println("token is :" + global_token): null

2022-03-29 13:01:36 - [TEST_STEP][PASSED] - response_token = token.getResponseText(): null

2022-03-29 13:01:36 - [TEST_STEP][PASSED] - logInfo($response_token): {"fault":{"faultstring":"Access Denied for client ip : 8.29.105.53","detail":{"errorcode":"accesscontrol.IPDeniedAccess"}}}

2022-03-29 13:01:36 - [MESSAGE][INFO] - {"fault":{"faultstring":"Access Denied for client ip : 8.29.105.53","detail":{"errorcode":"accesscontrol.IPDeniedAccess"}}}

2022-03-29 13:01:36 - [TEST_STEP][PASSED] - feedback = sendRequest(findTestObject("4. Feedback-ins", ["s_key":global_token, "batchid":batchid, "norek":norek, "nopin":nopin, "custname":custname, "pemohon":pemohon, "branchid":branchid, ... ])): Send request successfully

2022-03-29 13:01:37 - [MESSAGE][INFO] - HAR: I:\app-testing\app-project\Order car insurance\order-car-insurance\Reports\20220329_124138\3. Get feedback insurance - Batch 1\20220329_124139\requests\main\401.har

2022-03-29 13:01:37 - [MESSAGE][PASSED] - Send request successfully

2022-03-29 13:01:37 - [TEST_STEP][PASSED] - response_feedback = feedback.getResponseText(): null

2022-03-29 13:01:37 - [TEST_STEP][PASSED] - markPassed("result feedback data : " + no + " norek : " + norek + " nopin : " + nopin): result feedback data : 247 norek : 9510016878 nopin : 001

2022-03-29 13:01:37 - [MESSAGE][PASSED] - result feedback data : 247 norek : 9510016878 nopin : 001

2022-03-29 13:01:37 - [TEST_STEP][PASSED] - logInfo($response_feedback): {
  "FeedbackCarInsuranceResponse" : {
    "errorCode" : "00",
    "errorMessage" : "Sukses"
  }
}

2022-03-29 13:01:37 - [MESSAGE][INFO] - {
  "FeedbackCarInsuranceResponse" : {
    "errorCode" : "00",
    "errorMessage" : "Sukses"
  }
}

2022-03-29 13:01:37 - [TEST_STEP][PASSED] - verifyElementPropertyValue(feedback, "FeedbackCarInsuranceResponse.errorMessage", "Sukses", CONTINUE_ON_FAILURE): Verify element property value successfully

2022-03-29 13:01:37 - [MESSAGE][PASSED] - Verify element property value successfully]]></system-out>
         <system-err><![CDATA[]]></system-err>
      </testcase>
      <testcase name="Test Cases/3. get token - feedback insurance" time="2.241" classname="Test Cases/3. get token - feedback insurance" status="PASSED">
         <system-out><![CDATA[2022-03-29 13:01:37 - [TEST_CASE][PASSED] - Test Cases/3. get token - feedback insurance: Test Cases/3. get token - feedback insurance

2022-03-29 13:01:37 - [TEST_STEP][PASSED] - token = sendRequest(findTestObject("1. Get-Token")): Send request successfully

2022-03-29 13:01:38 - [MESSAGE][INFO] - HAR: I:\app-testing\app-project\Order car insurance\order-car-insurance\Reports\20220329_124138\3. Get feedback insurance - Batch 1\20220329_124139\requests\main\402.har

2022-03-29 13:01:38 - [MESSAGE][PASSED] - Send request successfully

2022-03-29 13:01:38 - [TEST_STEP][PASSED] - slurper = new groovy.json.JsonSlurper(): null

2022-03-29 13:01:38 - [TEST_STEP][PASSED] - get_token = slurper.parseText(token.getResponseBodyContent()): null

2022-03-29 13:01:38 - [TEST_STEP][PASSED] - private_token = access_token: null

2022-03-29 13:01:38 - [TEST_STEP][PASSED] - global_token = private_token: null

2022-03-29 13:01:38 - [TEST_STEP][PASSED] - println("token is :" + global_token): null

2022-03-29 13:01:38 - [TEST_STEP][PASSED] - response_token = token.getResponseText(): null

2022-03-29 13:01:38 - [TEST_STEP][PASSED] - logInfo($response_token): {"fault":{"faultstring":"Access Denied for client ip : 8.29.105.53","detail":{"errorcode":"accesscontrol.IPDeniedAccess"}}}

2022-03-29 13:01:38 - [MESSAGE][INFO] - {"fault":{"faultstring":"Access Denied for client ip : 8.29.105.53","detail":{"errorcode":"accesscontrol.IPDeniedAccess"}}}

2022-03-29 13:01:38 - [TEST_STEP][PASSED] - feedback = sendRequest(findTestObject("4. Feedback-ins", ["s_key":global_token, "batchid":batchid, "norek":norek, "nopin":nopin, "custname":custname, "pemohon":pemohon, "branchid":branchid, ... ])): Send request successfully

2022-03-29 13:01:39 - [MESSAGE][INFO] - HAR: I:\app-testing\app-project\Order car insurance\order-car-insurance\Reports\20220329_124138\3. Get feedback insurance - Batch 1\20220329_124139\requests\main\403.har

2022-03-29 13:01:39 - [MESSAGE][PASSED] - Send request successfully

2022-03-29 13:01:39 - [TEST_STEP][PASSED] - response_feedback = feedback.getResponseText(): null

2022-03-29 13:01:39 - [TEST_STEP][PASSED] - markPassed("result feedback data : " + no + " norek : " + norek + " nopin : " + nopin): result feedback data : 248 norek : 9510016878 nopin : 001

2022-03-29 13:01:39 - [MESSAGE][PASSED] - result feedback data : 248 norek : 9510016878 nopin : 001

2022-03-29 13:01:39 - [TEST_STEP][PASSED] - logInfo($response_feedback): {
  "FeedbackCarInsuranceResponse" : {
    "errorCode" : "00",
    "errorMessage" : "Sukses"
  }
}

2022-03-29 13:01:39 - [MESSAGE][INFO] - {
  "FeedbackCarInsuranceResponse" : {
    "errorCode" : "00",
    "errorMessage" : "Sukses"
  }
}

2022-03-29 13:01:39 - [TEST_STEP][PASSED] - verifyElementPropertyValue(feedback, "FeedbackCarInsuranceResponse.errorMessage", "Sukses", CONTINUE_ON_FAILURE): Verify element property value successfully

2022-03-29 13:01:39 - [MESSAGE][PASSED] - Verify element property value successfully]]></system-out>
         <system-err><![CDATA[]]></system-err>
      </testcase>
      <testcase name="Test Cases/3. get token - feedback insurance" time="2.462" classname="Test Cases/3. get token - feedback insurance" status="PASSED">
         <system-out><![CDATA[2022-03-29 13:01:40 - [TEST_CASE][PASSED] - Test Cases/3. get token - feedback insurance: Test Cases/3. get token - feedback insurance

2022-03-29 13:01:40 - [TEST_STEP][PASSED] - token = sendRequest(findTestObject("1. Get-Token")): Send request successfully

2022-03-29 13:01:40 - [MESSAGE][INFO] - HAR: I:\app-testing\app-project\Order car insurance\order-car-insurance\Reports\20220329_124138\3. Get feedback insurance - Batch 1\20220329_124139\requests\main\404.har

2022-03-29 13:01:40 - [MESSAGE][PASSED] - Send request successfully

2022-03-29 13:01:40 - [TEST_STEP][PASSED] - slurper = new groovy.json.JsonSlurper(): null

2022-03-29 13:01:40 - [TEST_STEP][PASSED] - get_token = slurper.parseText(token.getResponseBodyContent()): null

2022-03-29 13:01:40 - [TEST_STEP][PASSED] - private_token = access_token: null

2022-03-29 13:01:40 - [TEST_STEP][PASSED] - global_token = private_token: null

2022-03-29 13:01:40 - [TEST_STEP][PASSED] - println("token is :" + global_token): null

2022-03-29 13:01:40 - [TEST_STEP][PASSED] - response_token = token.getResponseText(): null

2022-03-29 13:01:40 - [TEST_STEP][PASSED] - logInfo($response_token): {"fault":{"faultstring":"Access Denied for client ip : 8.29.105.53","detail":{"errorcode":"accesscontrol.IPDeniedAccess"}}}

2022-03-29 13:01:40 - [MESSAGE][INFO] - {"fault":{"faultstring":"Access Denied for client ip : 8.29.105.53","detail":{"errorcode":"accesscontrol.IPDeniedAccess"}}}

2022-03-29 13:01:40 - [TEST_STEP][PASSED] - feedback = sendRequest(findTestObject("4. Feedback-ins", ["s_key":global_token, "batchid":batchid, "norek":norek, "nopin":nopin, "custname":custname, "pemohon":pemohon, "branchid":branchid, ... ])): Send request successfully

2022-03-29 13:01:42 - [MESSAGE][INFO] - HAR: I:\app-testing\app-project\Order car insurance\order-car-insurance\Reports\20220329_124138\3. Get feedback insurance - Batch 1\20220329_124139\requests\main\405.har

2022-03-29 13:01:42 - [MESSAGE][PASSED] - Send request successfully

2022-03-29 13:01:42 - [TEST_STEP][PASSED] - response_feedback = feedback.getResponseText(): null

2022-03-29 13:01:42 - [TEST_STEP][PASSED] - markPassed("result feedback data : " + no + " norek : " + norek + " nopin : " + nopin): result feedback data : 249 norek : 9510016878 nopin : 001

2022-03-29 13:01:42 - [MESSAGE][PASSED] - result feedback data : 249 norek : 9510016878 nopin : 001

2022-03-29 13:01:42 - [TEST_STEP][PASSED] - logInfo($response_feedback): {
  "FeedbackCarInsuranceResponse" : {
    "errorCode" : "00",
    "errorMessage" : "Sukses"
  }
}

2022-03-29 13:01:42 - [MESSAGE][INFO] - {
  "FeedbackCarInsuranceResponse" : {
    "errorCode" : "00",
    "errorMessage" : "Sukses"
  }
}

2022-03-29 13:01:42 - [TEST_STEP][PASSED] - verifyElementPropertyValue(feedback, "FeedbackCarInsuranceResponse.errorMessage", "Sukses", CONTINUE_ON_FAILURE): Verify element property value successfully

2022-03-29 13:01:42 - [MESSAGE][PASSED] - Verify element property value successfully]]></system-out>
         <system-err><![CDATA[]]></system-err>
      </testcase>
      <testcase name="Test Cases/3. get token - feedback insurance" time="4.829" classname="Test Cases/3. get token - feedback insurance" status="PASSED">
         <system-out><![CDATA[2022-03-29 13:01:43 - [TEST_CASE][PASSED] - Test Cases/3. get token - feedback insurance: Test Cases/3. get token - feedback insurance

2022-03-29 13:01:43 - [TEST_STEP][PASSED] - token = sendRequest(findTestObject("1. Get-Token")): Send request successfully

2022-03-29 13:01:44 - [MESSAGE][INFO] - HAR: I:\app-testing\app-project\Order car insurance\order-car-insurance\Reports\20220329_124138\3. Get feedback insurance - Batch 1\20220329_124139\requests\main\406.har

2022-03-29 13:01:44 - [MESSAGE][PASSED] - Send request successfully

2022-03-29 13:01:44 - [TEST_STEP][PASSED] - slurper = new groovy.json.JsonSlurper(): null

2022-03-29 13:01:44 - [TEST_STEP][PASSED] - get_token = slurper.parseText(token.getResponseBodyContent()): null

2022-03-29 13:01:44 - [TEST_STEP][PASSED] - private_token = access_token: null

2022-03-29 13:01:44 - [TEST_STEP][PASSED] - global_token = private_token: null

2022-03-29 13:01:44 - [TEST_STEP][PASSED] - println("token is :" + global_token): null

2022-03-29 13:01:44 - [TEST_STEP][PASSED] - response_token = token.getResponseText(): null

2022-03-29 13:01:44 - [TEST_STEP][PASSED] - logInfo($response_token): {"fault":{"faultstring":"Access Denied for client ip : 8.29.105.53","detail":{"errorcode":"accesscontrol.IPDeniedAccess"}}}

2022-03-29 13:01:44 - [MESSAGE][INFO] - {"fault":{"faultstring":"Access Denied for client ip : 8.29.105.53","detail":{"errorcode":"accesscontrol.IPDeniedAccess"}}}

2022-03-29 13:01:44 - [TEST_STEP][PASSED] - feedback = sendRequest(findTestObject("4. Feedback-ins", ["s_key":global_token, "batchid":batchid, "norek":norek, "nopin":nopin, "custname":custname, "pemohon":pemohon, "branchid":branchid, ... ])): Send request successfully

2022-03-29 13:01:47 - [MESSAGE][INFO] - HAR: I:\app-testing\app-project\Order car insurance\order-car-insurance\Reports\20220329_124138\3. Get feedback insurance - Batch 1\20220329_124139\requests\main\407.har

2022-03-29 13:01:47 - [MESSAGE][PASSED] - Send request successfully

2022-03-29 13:01:47 - [TEST_STEP][PASSED] - response_feedback = feedback.getResponseText(): null

2022-03-29 13:01:47 - [TEST_STEP][PASSED] - markPassed("result feedback data : " + no + " norek : " + norek + " nopin : " + nopin): result feedback data : 250 norek : 9510016878 nopin : 001

2022-03-29 13:01:47 - [MESSAGE][PASSED] - result feedback data : 250 norek : 9510016878 nopin : 001

2022-03-29 13:01:47 - [TEST_STEP][PASSED] - logInfo($response_feedback): {
  "FeedbackCarInsuranceResponse" : {
    "errorCode" : "00",
    "errorMessage" : "Sukses"
  }
}

2022-03-29 13:01:47 - [MESSAGE][INFO] - {
  "FeedbackCarInsuranceResponse" : {
    "errorCode" : "00",
    "errorMessage" : "Sukses"
  }
}

2022-03-29 13:01:47 - [TEST_STEP][PASSED] - verifyElementPropertyValue(feedback, "FeedbackCarInsuranceResponse.errorMessage", "Sukses", CONTINUE_ON_FAILURE): Verify element property value successfully

2022-03-29 13:01:47 - [MESSAGE][PASSED] - Verify element property value successfully]]></system-out>
         <system-err><![CDATA[]]></system-err>
      </testcase>
      <testcase name="Test Cases/3. get token - feedback insurance" time="1.966" classname="Test Cases/3. get token - feedback insurance" status="PASSED">
         <system-out><![CDATA[2022-03-29 13:01:48 - [TEST_CASE][PASSED] - Test Cases/3. get token - feedback insurance: Test Cases/3. get token - feedback insurance

2022-03-29 13:01:48 - [TEST_STEP][PASSED] - token = sendRequest(findTestObject("1. Get-Token")): Send request successfully

2022-03-29 13:01:48 - [MESSAGE][INFO] - HAR: I:\app-testing\app-project\Order car insurance\order-car-insurance\Reports\20220329_124138\3. Get feedback insurance - Batch 1\20220329_124139\requests\main\408.har

2022-03-29 13:01:48 - [MESSAGE][PASSED] - Send request successfully

2022-03-29 13:01:48 - [TEST_STEP][PASSED] - slurper = new groovy.json.JsonSlurper(): null

2022-03-29 13:01:48 - [TEST_STEP][PASSED] - get_token = slurper.parseText(token.getResponseBodyContent()): null

2022-03-29 13:01:48 - [TEST_STEP][PASSED] - private_token = access_token: null

2022-03-29 13:01:48 - [TEST_STEP][PASSED] - global_token = private_token: null

2022-03-29 13:01:48 - [TEST_STEP][PASSED] - println("token is :" + global_token): null

2022-03-29 13:01:48 - [TEST_STEP][PASSED] - response_token = token.getResponseText(): null

2022-03-29 13:01:48 - [TEST_STEP][PASSED] - logInfo($response_token): {"fault":{"faultstring":"Access Denied for client ip : 8.29.105.53","detail":{"errorcode":"accesscontrol.IPDeniedAccess"}}}

2022-03-29 13:01:48 - [MESSAGE][INFO] - {"fault":{"faultstring":"Access Denied for client ip : 8.29.105.53","detail":{"errorcode":"accesscontrol.IPDeniedAccess"}}}

2022-03-29 13:01:48 - [TEST_STEP][PASSED] - feedback = sendRequest(findTestObject("4. Feedback-ins", ["s_key":global_token, "batchid":batchid, "norek":norek, "nopin":nopin, "custname":custname, "pemohon":pemohon, "branchid":branchid, ... ])): Send request successfully

2022-03-29 13:01:50 - [MESSAGE][INFO] - HAR: I:\app-testing\app-project\Order car insurance\order-car-insurance\Reports\20220329_124138\3. Get feedback insurance - Batch 1\20220329_124139\requests\main\409.har

2022-03-29 13:01:50 - [MESSAGE][PASSED] - Send request successfully

2022-03-29 13:01:50 - [TEST_STEP][PASSED] - response_feedback = feedback.getResponseText(): null

2022-03-29 13:01:50 - [TEST_STEP][PASSED] - markPassed("result feedback data : " + no + " norek : " + norek + " nopin : " + nopin): result feedback data : 251 norek : 9510016878 nopin : 001

2022-03-29 13:01:50 - [MESSAGE][PASSED] - result feedback data : 251 norek : 9510016878 nopin : 001

2022-03-29 13:01:50 - [TEST_STEP][PASSED] - logInfo($response_feedback): {
  "FeedbackCarInsuranceResponse" : {
    "errorCode" : "00",
    "errorMessage" : "Sukses"
  }
}

2022-03-29 13:01:50 - [MESSAGE][INFO] - {
  "FeedbackCarInsuranceResponse" : {
    "errorCode" : "00",
    "errorMessage" : "Sukses"
  }
}

2022-03-29 13:01:50 - [TEST_STEP][PASSED] - verifyElementPropertyValue(feedback, "FeedbackCarInsuranceResponse.errorMessage", "Sukses", CONTINUE_ON_FAILURE): Verify element property value successfully

2022-03-29 13:01:50 - [MESSAGE][PASSED] - Verify element property value successfully]]></system-out>
         <system-err><![CDATA[]]></system-err>
      </testcase>
      <testcase name="Test Cases/3. get token - feedback insurance" time="1.428" classname="Test Cases/3. get token - feedback insurance" status="PASSED">
         <system-out><![CDATA[2022-03-29 13:01:50 - [TEST_CASE][PASSED] - Test Cases/3. get token - feedback insurance: Test Cases/3. get token - feedback insurance

2022-03-29 13:01:50 - [TEST_STEP][PASSED] - token = sendRequest(findTestObject("1. Get-Token")): Send request successfully

2022-03-29 13:01:51 - [MESSAGE][INFO] - HAR: I:\app-testing\app-project\Order car insurance\order-car-insurance\Reports\20220329_124138\3. Get feedback insurance - Batch 1\20220329_124139\requests\main\410.har

2022-03-29 13:01:51 - [MESSAGE][PASSED] - Send request successfully

2022-03-29 13:01:51 - [TEST_STEP][PASSED] - slurper = new groovy.json.JsonSlurper(): null

2022-03-29 13:01:51 - [TEST_STEP][PASSED] - get_token = slurper.parseText(token.getResponseBodyContent()): null

2022-03-29 13:01:51 - [TEST_STEP][PASSED] - private_token = access_token: null

2022-03-29 13:01:51 - [TEST_STEP][PASSED] - global_token = private_token: null

2022-03-29 13:01:51 - [TEST_STEP][PASSED] - println("token is :" + global_token): null

2022-03-29 13:01:51 - [TEST_STEP][PASSED] - response_token = token.getResponseText(): null

2022-03-29 13:01:51 - [TEST_STEP][PASSED] - logInfo($response_token): {"fault":{"faultstring":"Access Denied for client ip : 8.29.105.53","detail":{"errorcode":"accesscontrol.IPDeniedAccess"}}}

2022-03-29 13:01:51 - [MESSAGE][INFO] - {"fault":{"faultstring":"Access Denied for client ip : 8.29.105.53","detail":{"errorcode":"accesscontrol.IPDeniedAccess"}}}

2022-03-29 13:01:51 - [TEST_STEP][PASSED] - feedback = sendRequest(findTestObject("4. Feedback-ins", ["s_key":global_token, "batchid":batchid, "norek":norek, "nopin":nopin, "custname":custname, "pemohon":pemohon, "branchid":branchid, ... ])): Send request successfully

2022-03-29 13:01:52 - [MESSAGE][INFO] - HAR: I:\app-testing\app-project\Order car insurance\order-car-insurance\Reports\20220329_124138\3. Get feedback insurance - Batch 1\20220329_124139\requests\main\411.har

2022-03-29 13:01:52 - [MESSAGE][PASSED] - Send request successfully

2022-03-29 13:01:52 - [TEST_STEP][PASSED] - response_feedback = feedback.getResponseText(): null

2022-03-29 13:01:52 - [TEST_STEP][PASSED] - markPassed("result feedback data : " + no + " norek : " + norek + " nopin : " + nopin): result feedback data : 252 norek : 9510016878 nopin : 001

2022-03-29 13:01:52 - [MESSAGE][PASSED] - result feedback data : 252 norek : 9510016878 nopin : 001

2022-03-29 13:01:52 - [TEST_STEP][PASSED] - logInfo($response_feedback): {
  "FeedbackCarInsuranceResponse" : {
    "errorCode" : "00",
    "errorMessage" : "Sukses"
  }
}

2022-03-29 13:01:52 - [MESSAGE][INFO] - {
  "FeedbackCarInsuranceResponse" : {
    "errorCode" : "00",
    "errorMessage" : "Sukses"
  }
}

2022-03-29 13:01:52 - [TEST_STEP][PASSED] - verifyElementPropertyValue(feedback, "FeedbackCarInsuranceResponse.errorMessage", "Sukses", CONTINUE_ON_FAILURE): Verify element property value successfully

2022-03-29 13:01:52 - [MESSAGE][PASSED] - Verify element property value successfully]]></system-out>
         <system-err><![CDATA[]]></system-err>
      </testcase>
      <testcase name="Test Cases/3. get token - feedback insurance" time="1.435" classname="Test Cases/3. get token - feedback insurance" status="PASSED">
         <system-out><![CDATA[2022-03-29 13:01:52 - [TEST_CASE][PASSED] - Test Cases/3. get token - feedback insurance: Test Cases/3. get token - feedback insurance

2022-03-29 13:01:52 - [TEST_STEP][PASSED] - token = sendRequest(findTestObject("1. Get-Token")): Send request successfully

2022-03-29 13:01:52 - [MESSAGE][INFO] - HAR: I:\app-testing\app-project\Order car insurance\order-car-insurance\Reports\20220329_124138\3. Get feedback insurance - Batch 1\20220329_124139\requests\main\412.har

2022-03-29 13:01:52 - [MESSAGE][PASSED] - Send request successfully

2022-03-29 13:01:52 - [TEST_STEP][PASSED] - slurper = new groovy.json.JsonSlurper(): null

2022-03-29 13:01:52 - [TEST_STEP][PASSED] - get_token = slurper.parseText(token.getResponseBodyContent()): null

2022-03-29 13:01:52 - [TEST_STEP][PASSED] - private_token = access_token: null

2022-03-29 13:01:52 - [TEST_STEP][PASSED] - global_token = private_token: null

2022-03-29 13:01:52 - [TEST_STEP][PASSED] - println("token is :" + global_token): null

2022-03-29 13:01:52 - [TEST_STEP][PASSED] - response_token = token.getResponseText(): null

2022-03-29 13:01:52 - [TEST_STEP][PASSED] - logInfo($response_token): {"fault":{"faultstring":"Access Denied for client ip : 8.29.105.53","detail":{"errorcode":"accesscontrol.IPDeniedAccess"}}}

2022-03-29 13:01:52 - [MESSAGE][INFO] - {"fault":{"faultstring":"Access Denied for client ip : 8.29.105.53","detail":{"errorcode":"accesscontrol.IPDeniedAccess"}}}

2022-03-29 13:01:52 - [TEST_STEP][PASSED] - feedback = sendRequest(findTestObject("4. Feedback-ins", ["s_key":global_token, "batchid":batchid, "norek":norek, "nopin":nopin, "custname":custname, "pemohon":pemohon, "branchid":branchid, ... ])): Send request successfully

2022-03-29 13:01:53 - [MESSAGE][INFO] - HAR: I:\app-testing\app-project\Order car insurance\order-car-insurance\Reports\20220329_124138\3. Get feedback insurance - Batch 1\20220329_124139\requests\main\413.har

2022-03-29 13:01:53 - [MESSAGE][PASSED] - Send request successfully

2022-03-29 13:01:53 - [TEST_STEP][PASSED] - response_feedback = feedback.getResponseText(): null

2022-03-29 13:01:53 - [TEST_STEP][PASSED] - markPassed("result feedback data : " + no + " norek : " + norek + " nopin : " + nopin): result feedback data : 253 norek : 9510016878 nopin : 001

2022-03-29 13:01:53 - [MESSAGE][PASSED] - result feedback data : 253 norek : 9510016878 nopin : 001

2022-03-29 13:01:53 - [TEST_STEP][PASSED] - logInfo($response_feedback): {
  "FeedbackCarInsuranceResponse" : {
    "errorCode" : "00",
    "errorMessage" : "Sukses"
  }
}

2022-03-29 13:01:53 - [MESSAGE][INFO] - {
  "FeedbackCarInsuranceResponse" : {
    "errorCode" : "00",
    "errorMessage" : "Sukses"
  }
}

2022-03-29 13:01:53 - [TEST_STEP][PASSED] - verifyElementPropertyValue(feedback, "FeedbackCarInsuranceResponse.errorMessage", "Sukses", CONTINUE_ON_FAILURE): Verify element property value successfully

2022-03-29 13:01:53 - [MESSAGE][PASSED] - Verify element property value successfully]]></system-out>
         <system-err><![CDATA[]]></system-err>
      </testcase>
      <testcase name="Test Cases/3. get token - feedback insurance" time="1.741" classname="Test Cases/3. get token - feedback insurance" status="PASSED">
         <system-out><![CDATA[2022-03-29 13:01:54 - [TEST_CASE][PASSED] - Test Cases/3. get token - feedback insurance: Test Cases/3. get token - feedback insurance

2022-03-29 13:01:54 - [TEST_STEP][PASSED] - token = sendRequest(findTestObject("1. Get-Token")): Send request successfully

2022-03-29 13:01:54 - [MESSAGE][INFO] - HAR: I:\app-testing\app-project\Order car insurance\order-car-insurance\Reports\20220329_124138\3. Get feedback insurance - Batch 1\20220329_124139\requests\main\414.har

2022-03-29 13:01:54 - [MESSAGE][PASSED] - Send request successfully

2022-03-29 13:01:54 - [TEST_STEP][PASSED] - slurper = new groovy.json.JsonSlurper(): null

2022-03-29 13:01:54 - [TEST_STEP][PASSED] - get_token = slurper.parseText(token.getResponseBodyContent()): null

2022-03-29 13:01:54 - [TEST_STEP][PASSED] - private_token = access_token: null

2022-03-29 13:01:54 - [TEST_STEP][PASSED] - global_token = private_token: null

2022-03-29 13:01:54 - [TEST_STEP][PASSED] - println("token is :" + global_token): null

2022-03-29 13:01:54 - [TEST_STEP][PASSED] - response_token = token.getResponseText(): null

2022-03-29 13:01:54 - [TEST_STEP][PASSED] - logInfo($response_token): {"fault":{"faultstring":"Access Denied for client ip : 8.29.105.53","detail":{"errorcode":"accesscontrol.IPDeniedAccess"}}}

2022-03-29 13:01:54 - [MESSAGE][INFO] - {"fault":{"faultstring":"Access Denied for client ip : 8.29.105.53","detail":{"errorcode":"accesscontrol.IPDeniedAccess"}}}

2022-03-29 13:01:54 - [TEST_STEP][PASSED] - feedback = sendRequest(findTestObject("4. Feedback-ins", ["s_key":global_token, "batchid":batchid, "norek":norek, "nopin":nopin, "custname":custname, "pemohon":pemohon, "branchid":branchid, ... ])): Send request successfully

2022-03-29 13:01:55 - [MESSAGE][INFO] - HAR: I:\app-testing\app-project\Order car insurance\order-car-insurance\Reports\20220329_124138\3. Get feedback insurance - Batch 1\20220329_124139\requests\main\415.har

2022-03-29 13:01:55 - [MESSAGE][PASSED] - Send request successfully

2022-03-29 13:01:55 - [TEST_STEP][PASSED] - response_feedback = feedback.getResponseText(): null

2022-03-29 13:01:55 - [TEST_STEP][PASSED] - markPassed("result feedback data : " + no + " norek : " + norek + " nopin : " + nopin): result feedback data : 254 norek : 9510016885 nopin : 001

2022-03-29 13:01:55 - [MESSAGE][PASSED] - result feedback data : 254 norek : 9510016885 nopin : 001

2022-03-29 13:01:55 - [TEST_STEP][PASSED] - logInfo($response_feedback): {
  "FeedbackCarInsuranceResponse" : {
    "errorCode" : "00",
    "errorMessage" : "Sukses"
  }
}

2022-03-29 13:01:55 - [MESSAGE][INFO] - {
  "FeedbackCarInsuranceResponse" : {
    "errorCode" : "00",
    "errorMessage" : "Sukses"
  }
}

2022-03-29 13:01:55 - [TEST_STEP][PASSED] - verifyElementPropertyValue(feedback, "FeedbackCarInsuranceResponse.errorMessage", "Sukses", CONTINUE_ON_FAILURE): Verify element property value successfully

2022-03-29 13:01:56 - [MESSAGE][PASSED] - Verify element property value successfully]]></system-out>
         <system-err><![CDATA[]]></system-err>
      </testcase>
      <testcase name="Test Cases/3. get token - feedback insurance" time="1.561" classname="Test Cases/3. get token - feedback insurance" status="PASSED">
         <system-out><![CDATA[2022-03-29 13:01:56 - [TEST_CASE][PASSED] - Test Cases/3. get token - feedback insurance: Test Cases/3. get token - feedback insurance

2022-03-29 13:01:56 - [TEST_STEP][PASSED] - token = sendRequest(findTestObject("1. Get-Token")): Send request successfully

2022-03-29 13:01:56 - [MESSAGE][INFO] - HAR: I:\app-testing\app-project\Order car insurance\order-car-insurance\Reports\20220329_124138\3. Get feedback insurance - Batch 1\20220329_124139\requests\main\416.har

2022-03-29 13:01:56 - [MESSAGE][PASSED] - Send request successfully

2022-03-29 13:01:56 - [TEST_STEP][PASSED] - slurper = new groovy.json.JsonSlurper(): null

2022-03-29 13:01:56 - [TEST_STEP][PASSED] - get_token = slurper.parseText(token.getResponseBodyContent()): null

2022-03-29 13:01:56 - [TEST_STEP][PASSED] - private_token = access_token: null

2022-03-29 13:01:56 - [TEST_STEP][PASSED] - global_token = private_token: null

2022-03-29 13:01:56 - [TEST_STEP][PASSED] - println("token is :" + global_token): null

2022-03-29 13:01:56 - [TEST_STEP][PASSED] - response_token = token.getResponseText(): null

2022-03-29 13:01:56 - [TEST_STEP][PASSED] - logInfo($response_token): {"fault":{"faultstring":"Access Denied for client ip : 8.29.105.53","detail":{"errorcode":"accesscontrol.IPDeniedAccess"}}}

2022-03-29 13:01:56 - [MESSAGE][INFO] - {"fault":{"faultstring":"Access Denied for client ip : 8.29.105.53","detail":{"errorcode":"accesscontrol.IPDeniedAccess"}}}

2022-03-29 13:01:56 - [TEST_STEP][PASSED] - feedback = sendRequest(findTestObject("4. Feedback-ins", ["s_key":global_token, "batchid":batchid, "norek":norek, "nopin":nopin, "custname":custname, "pemohon":pemohon, "branchid":branchid, ... ])): Send request successfully

2022-03-29 13:01:57 - [MESSAGE][INFO] - HAR: I:\app-testing\app-project\Order car insurance\order-car-insurance\Reports\20220329_124138\3. Get feedback insurance - Batch 1\20220329_124139\requests\main\417.har

2022-03-29 13:01:57 - [MESSAGE][PASSED] - Send request successfully

2022-03-29 13:01:57 - [TEST_STEP][PASSED] - response_feedback = feedback.getResponseText(): null

2022-03-29 13:01:57 - [TEST_STEP][PASSED] - markPassed("result feedback data : " + no + " norek : " + norek + " nopin : " + nopin): result feedback data : 255 norek : 9510016885 nopin : 001

2022-03-29 13:01:57 - [MESSAGE][PASSED] - result feedback data : 255 norek : 9510016885 nopin : 001

2022-03-29 13:01:57 - [TEST_STEP][PASSED] - logInfo($response_feedback): {
  "FeedbackCarInsuranceResponse" : {
    "errorCode" : "00",
    "errorMessage" : "Sukses"
  }
}

2022-03-29 13:01:57 - [MESSAGE][INFO] - {
  "FeedbackCarInsuranceResponse" : {
    "errorCode" : "00",
    "errorMessage" : "Sukses"
  }
}

2022-03-29 13:01:57 - [TEST_STEP][PASSED] - verifyElementPropertyValue(feedback, "FeedbackCarInsuranceResponse.errorMessage", "Sukses", CONTINUE_ON_FAILURE): Verify element property value successfully

2022-03-29 13:01:57 - [MESSAGE][PASSED] - Verify element property value successfully]]></system-out>
         <system-err><![CDATA[]]></system-err>
      </testcase>
      <testcase name="Test Cases/3. get token - feedback insurance" time="3.561" classname="Test Cases/3. get token - feedback insurance" status="PASSED">
         <system-out><![CDATA[2022-03-29 13:01:58 - [TEST_CASE][PASSED] - Test Cases/3. get token - feedback insurance: Test Cases/3. get token - feedback insurance

2022-03-29 13:01:58 - [TEST_STEP][PASSED] - token = sendRequest(findTestObject("1. Get-Token")): Send request successfully

2022-03-29 13:01:58 - [MESSAGE][INFO] - HAR: I:\app-testing\app-project\Order car insurance\order-car-insurance\Reports\20220329_124138\3. Get feedback insurance - Batch 1\20220329_124139\requests\main\418.har

2022-03-29 13:01:58 - [MESSAGE][PASSED] - Send request successfully

2022-03-29 13:01:58 - [TEST_STEP][PASSED] - slurper = new groovy.json.JsonSlurper(): null

2022-03-29 13:01:58 - [TEST_STEP][PASSED] - get_token = slurper.parseText(token.getResponseBodyContent()): null

2022-03-29 13:01:58 - [TEST_STEP][PASSED] - private_token = access_token: null

2022-03-29 13:01:58 - [TEST_STEP][PASSED] - global_token = private_token: null

2022-03-29 13:01:58 - [TEST_STEP][PASSED] - println("token is :" + global_token): null

2022-03-29 13:01:58 - [TEST_STEP][PASSED] - response_token = token.getResponseText(): null

2022-03-29 13:01:58 - [TEST_STEP][PASSED] - logInfo($response_token): {"fault":{"faultstring":"Access Denied for client ip : 8.29.105.53","detail":{"errorcode":"accesscontrol.IPDeniedAccess"}}}

2022-03-29 13:01:58 - [MESSAGE][INFO] - {"fault":{"faultstring":"Access Denied for client ip : 8.29.105.53","detail":{"errorcode":"accesscontrol.IPDeniedAccess"}}}

2022-03-29 13:01:58 - [TEST_STEP][PASSED] - feedback = sendRequest(findTestObject("4. Feedback-ins", ["s_key":global_token, "batchid":batchid, "norek":norek, "nopin":nopin, "custname":custname, "pemohon":pemohon, "branchid":branchid, ... ])): Send request successfully

2022-03-29 13:02:01 - [MESSAGE][INFO] - HAR: I:\app-testing\app-project\Order car insurance\order-car-insurance\Reports\20220329_124138\3. Get feedback insurance - Batch 1\20220329_124139\requests\main\419.har

2022-03-29 13:02:01 - [MESSAGE][PASSED] - Send request successfully

2022-03-29 13:02:01 - [TEST_STEP][PASSED] - response_feedback = feedback.getResponseText(): null

2022-03-29 13:02:01 - [TEST_STEP][PASSED] - markPassed("result feedback data : " + no + " norek : " + norek + " nopin : " + nopin): result feedback data : 256 norek : 9510016885 nopin : 001

2022-03-29 13:02:01 - [MESSAGE][PASSED] - result feedback data : 256 norek : 9510016885 nopin : 001

2022-03-29 13:02:01 - [TEST_STEP][PASSED] - logInfo($response_feedback): {
  "FeedbackCarInsuranceResponse" : {
    "errorCode" : "00",
    "errorMessage" : "Sukses"
  }
}

2022-03-29 13:02:01 - [MESSAGE][INFO] - {
  "FeedbackCarInsuranceResponse" : {
    "errorCode" : "00",
    "errorMessage" : "Sukses"
  }
}

2022-03-29 13:02:01 - [TEST_STEP][PASSED] - verifyElementPropertyValue(feedback, "FeedbackCarInsuranceResponse.errorMessage", "Sukses", CONTINUE_ON_FAILURE): Verify element property value successfully

2022-03-29 13:02:01 - [MESSAGE][PASSED] - Verify element property value successfully]]></system-out>
         <system-err><![CDATA[]]></system-err>
      </testcase>
      <testcase name="Test Cases/3. get token - feedback insurance" time="2.683" classname="Test Cases/3. get token - feedback insurance" status="PASSED">
         <system-out><![CDATA[2022-03-29 13:02:02 - [TEST_CASE][PASSED] - Test Cases/3. get token - feedback insurance: Test Cases/3. get token - feedback insurance

2022-03-29 13:02:02 - [TEST_STEP][PASSED] - token = sendRequest(findTestObject("1. Get-Token")): Send request successfully

2022-03-29 13:02:02 - [MESSAGE][INFO] - HAR: I:\app-testing\app-project\Order car insurance\order-car-insurance\Reports\20220329_124138\3. Get feedback insurance - Batch 1\20220329_124139\requests\main\420.har

2022-03-29 13:02:02 - [MESSAGE][PASSED] - Send request successfully

2022-03-29 13:02:02 - [TEST_STEP][PASSED] - slurper = new groovy.json.JsonSlurper(): null

2022-03-29 13:02:02 - [TEST_STEP][PASSED] - get_token = slurper.parseText(token.getResponseBodyContent()): null

2022-03-29 13:02:02 - [TEST_STEP][PASSED] - private_token = access_token: null

2022-03-29 13:02:02 - [TEST_STEP][PASSED] - global_token = private_token: null

2022-03-29 13:02:02 - [TEST_STEP][PASSED] - println("token is :" + global_token): null

2022-03-29 13:02:02 - [TEST_STEP][PASSED] - response_token = token.getResponseText(): null

2022-03-29 13:02:02 - [TEST_STEP][PASSED] - logInfo($response_token): {"fault":{"faultstring":"Access Denied for client ip : 8.29.105.53","detail":{"errorcode":"accesscontrol.IPDeniedAccess"}}}

2022-03-29 13:02:02 - [MESSAGE][INFO] - {"fault":{"faultstring":"Access Denied for client ip : 8.29.105.53","detail":{"errorcode":"accesscontrol.IPDeniedAccess"}}}

2022-03-29 13:02:02 - [TEST_STEP][PASSED] - feedback = sendRequest(findTestObject("4. Feedback-ins", ["s_key":global_token, "batchid":batchid, "norek":norek, "nopin":nopin, "custname":custname, "pemohon":pemohon, "branchid":branchid, ... ])): Send request successfully

2022-03-29 13:02:04 - [MESSAGE][INFO] - HAR: I:\app-testing\app-project\Order car insurance\order-car-insurance\Reports\20220329_124138\3. Get feedback insurance - Batch 1\20220329_124139\requests\main\421.har

2022-03-29 13:02:04 - [MESSAGE][PASSED] - Send request successfully

2022-03-29 13:02:04 - [TEST_STEP][PASSED] - response_feedback = feedback.getResponseText(): null

2022-03-29 13:02:04 - [TEST_STEP][PASSED] - markPassed("result feedback data : " + no + " norek : " + norek + " nopin : " + nopin): result feedback data : 257 norek : 9510016885 nopin : 001

2022-03-29 13:02:04 - [MESSAGE][PASSED] - result feedback data : 257 norek : 9510016885 nopin : 001

2022-03-29 13:02:04 - [TEST_STEP][PASSED] - logInfo($response_feedback): {
  "FeedbackCarInsuranceResponse" : {
    "errorCode" : "00",
    "errorMessage" : "Sukses"
  }
}

2022-03-29 13:02:04 - [MESSAGE][INFO] - {
  "FeedbackCarInsuranceResponse" : {
    "errorCode" : "00",
    "errorMessage" : "Sukses"
  }
}

2022-03-29 13:02:04 - [TEST_STEP][PASSED] - verifyElementPropertyValue(feedback, "FeedbackCarInsuranceResponse.errorMessage", "Sukses", CONTINUE_ON_FAILURE): Verify element property value successfully

2022-03-29 13:02:04 - [MESSAGE][PASSED] - Verify element property value successfully]]></system-out>
         <system-err><![CDATA[]]></system-err>
      </testcase>
      <testcase name="Test Cases/3. get token - feedback insurance" time="5.024" classname="Test Cases/3. get token - feedback insurance" status="PASSED">
         <system-out><![CDATA[2022-03-29 13:02:05 - [TEST_CASE][PASSED] - Test Cases/3. get token - feedback insurance: Test Cases/3. get token - feedback insurance

2022-03-29 13:02:05 - [TEST_STEP][PASSED] - token = sendRequest(findTestObject("1. Get-Token")): Send request successfully

2022-03-29 13:02:06 - [MESSAGE][INFO] - HAR: I:\app-testing\app-project\Order car insurance\order-car-insurance\Reports\20220329_124138\3. Get feedback insurance - Batch 1\20220329_124139\requests\main\422.har

2022-03-29 13:02:06 - [MESSAGE][PASSED] - Send request successfully

2022-03-29 13:02:06 - [TEST_STEP][PASSED] - slurper = new groovy.json.JsonSlurper(): null

2022-03-29 13:02:06 - [TEST_STEP][PASSED] - get_token = slurper.parseText(token.getResponseBodyContent()): null

2022-03-29 13:02:06 - [TEST_STEP][PASSED] - private_token = access_token: null

2022-03-29 13:02:06 - [TEST_STEP][PASSED] - global_token = private_token: null

2022-03-29 13:02:06 - [TEST_STEP][PASSED] - println("token is :" + global_token): null

2022-03-29 13:02:06 - [TEST_STEP][PASSED] - response_token = token.getResponseText(): null

2022-03-29 13:02:06 - [TEST_STEP][PASSED] - logInfo($response_token): {"fault":{"faultstring":"Access Denied for client ip : 8.29.105.53","detail":{"errorcode":"accesscontrol.IPDeniedAccess"}}}

2022-03-29 13:02:06 - [MESSAGE][INFO] - {"fault":{"faultstring":"Access Denied for client ip : 8.29.105.53","detail":{"errorcode":"accesscontrol.IPDeniedAccess"}}}

2022-03-29 13:02:06 - [TEST_STEP][PASSED] - feedback = sendRequest(findTestObject("4. Feedback-ins", ["s_key":global_token, "batchid":batchid, "norek":norek, "nopin":nopin, "custname":custname, "pemohon":pemohon, "branchid":branchid, ... ])): Send request successfully

2022-03-29 13:02:10 - [MESSAGE][INFO] - HAR: I:\app-testing\app-project\Order car insurance\order-car-insurance\Reports\20220329_124138\3. Get feedback insurance - Batch 1\20220329_124139\requests\main\423.har

2022-03-29 13:02:10 - [MESSAGE][PASSED] - Send request successfully

2022-03-29 13:02:10 - [TEST_STEP][PASSED] - response_feedback = feedback.getResponseText(): null

2022-03-29 13:02:10 - [TEST_STEP][PASSED] - markPassed("result feedback data : " + no + " norek : " + norek + " nopin : " + nopin): result feedback data : 258 norek : 9510016885 nopin : 001

2022-03-29 13:02:10 - [MESSAGE][PASSED] - result feedback data : 258 norek : 9510016885 nopin : 001

2022-03-29 13:02:10 - [TEST_STEP][PASSED] - logInfo($response_feedback): {
  "FeedbackCarInsuranceResponse" : {
    "errorCode" : "00",
    "errorMessage" : "Sukses"
  }
}

2022-03-29 13:02:10 - [MESSAGE][INFO] - {
  "FeedbackCarInsuranceResponse" : {
    "errorCode" : "00",
    "errorMessage" : "Sukses"
  }
}

2022-03-29 13:02:10 - [TEST_STEP][PASSED] - verifyElementPropertyValue(feedback, "FeedbackCarInsuranceResponse.errorMessage", "Sukses", CONTINUE_ON_FAILURE): Verify element property value successfully

2022-03-29 13:02:10 - [MESSAGE][PASSED] - Verify element property value successfully]]></system-out>
         <system-err><![CDATA[]]></system-err>
      </testcase>
      <testcase name="Test Cases/3. get token - feedback insurance" time="2.87" classname="Test Cases/3. get token - feedback insurance" status="PASSED">
         <system-out><![CDATA[2022-03-29 13:02:10 - [TEST_CASE][PASSED] - Test Cases/3. get token - feedback insurance: Test Cases/3. get token - feedback insurance

2022-03-29 13:02:10 - [TEST_STEP][PASSED] - token = sendRequest(findTestObject("1. Get-Token")): Send request successfully

2022-03-29 13:02:11 - [MESSAGE][INFO] - HAR: I:\app-testing\app-project\Order car insurance\order-car-insurance\Reports\20220329_124138\3. Get feedback insurance - Batch 1\20220329_124139\requests\main\424.har

2022-03-29 13:02:11 - [MESSAGE][PASSED] - Send request successfully

2022-03-29 13:02:11 - [TEST_STEP][PASSED] - slurper = new groovy.json.JsonSlurper(): null

2022-03-29 13:02:11 - [TEST_STEP][PASSED] - get_token = slurper.parseText(token.getResponseBodyContent()): null

2022-03-29 13:02:11 - [TEST_STEP][PASSED] - private_token = access_token: null

2022-03-29 13:02:11 - [TEST_STEP][PASSED] - global_token = private_token: null

2022-03-29 13:02:11 - [TEST_STEP][PASSED] - println("token is :" + global_token): null

2022-03-29 13:02:11 - [TEST_STEP][PASSED] - response_token = token.getResponseText(): null

2022-03-29 13:02:11 - [TEST_STEP][PASSED] - logInfo($response_token): {"fault":{"faultstring":"Access Denied for client ip : 8.29.105.53","detail":{"errorcode":"accesscontrol.IPDeniedAccess"}}}

2022-03-29 13:02:11 - [MESSAGE][INFO] - {"fault":{"faultstring":"Access Denied for client ip : 8.29.105.53","detail":{"errorcode":"accesscontrol.IPDeniedAccess"}}}

2022-03-29 13:02:11 - [TEST_STEP][PASSED] - feedback = sendRequest(findTestObject("4. Feedback-ins", ["s_key":global_token, "batchid":batchid, "norek":norek, "nopin":nopin, "custname":custname, "pemohon":pemohon, "branchid":branchid, ... ])): Send request successfully

2022-03-29 13:02:13 - [MESSAGE][INFO] - HAR: I:\app-testing\app-project\Order car insurance\order-car-insurance\Reports\20220329_124138\3. Get feedback insurance - Batch 1\20220329_124139\requests\main\425.har

2022-03-29 13:02:13 - [MESSAGE][PASSED] - Send request successfully

2022-03-29 13:02:13 - [TEST_STEP][PASSED] - response_feedback = feedback.getResponseText(): null

2022-03-29 13:02:13 - [TEST_STEP][PASSED] - markPassed("result feedback data : " + no + " norek : " + norek + " nopin : " + nopin): result feedback data : 259 norek : 9510016885 nopin : 001

2022-03-29 13:02:13 - [MESSAGE][PASSED] - result feedback data : 259 norek : 9510016885 nopin : 001

2022-03-29 13:02:13 - [TEST_STEP][PASSED] - logInfo($response_feedback): {
  "FeedbackCarInsuranceResponse" : {
    "errorCode" : "00",
    "errorMessage" : "Sukses"
  }
}

2022-03-29 13:02:13 - [MESSAGE][INFO] - {
  "FeedbackCarInsuranceResponse" : {
    "errorCode" : "00",
    "errorMessage" : "Sukses"
  }
}

2022-03-29 13:02:13 - [TEST_STEP][PASSED] - verifyElementPropertyValue(feedback, "FeedbackCarInsuranceResponse.errorMessage", "Sukses", CONTINUE_ON_FAILURE): Verify element property value successfully

2022-03-29 13:02:13 - [MESSAGE][PASSED] - Verify element property value successfully]]></system-out>
         <system-err><![CDATA[]]></system-err>
      </testcase>
      <testcase name="Test Cases/3. get token - feedback insurance" time="1.564" classname="Test Cases/3. get token - feedback insurance" status="PASSED">
         <system-out><![CDATA[2022-03-29 13:02:14 - [TEST_CASE][PASSED] - Test Cases/3. get token - feedback insurance: Test Cases/3. get token - feedback insurance

2022-03-29 13:02:14 - [TEST_STEP][PASSED] - token = sendRequest(findTestObject("1. Get-Token")): Send request successfully

2022-03-29 13:02:14 - [MESSAGE][INFO] - HAR: I:\app-testing\app-project\Order car insurance\order-car-insurance\Reports\20220329_124138\3. Get feedback insurance - Batch 1\20220329_124139\requests\main\426.har

2022-03-29 13:02:14 - [MESSAGE][PASSED] - Send request successfully

2022-03-29 13:02:14 - [TEST_STEP][PASSED] - slurper = new groovy.json.JsonSlurper(): null

2022-03-29 13:02:14 - [TEST_STEP][PASSED] - get_token = slurper.parseText(token.getResponseBodyContent()): null

2022-03-29 13:02:14 - [TEST_STEP][PASSED] - private_token = access_token: null

2022-03-29 13:02:14 - [TEST_STEP][PASSED] - global_token = private_token: null

2022-03-29 13:02:14 - [TEST_STEP][PASSED] - println("token is :" + global_token): null

2022-03-29 13:02:14 - [TEST_STEP][PASSED] - response_token = token.getResponseText(): null

2022-03-29 13:02:14 - [TEST_STEP][PASSED] - logInfo($response_token): {"fault":{"faultstring":"Access Denied for client ip : 8.29.105.53","detail":{"errorcode":"accesscontrol.IPDeniedAccess"}}}

2022-03-29 13:02:14 - [MESSAGE][INFO] - {"fault":{"faultstring":"Access Denied for client ip : 8.29.105.53","detail":{"errorcode":"accesscontrol.IPDeniedAccess"}}}

2022-03-29 13:02:14 - [TEST_STEP][PASSED] - feedback = sendRequest(findTestObject("4. Feedback-ins", ["s_key":global_token, "batchid":batchid, "norek":norek, "nopin":nopin, "custname":custname, "pemohon":pemohon, "branchid":branchid, ... ])): Send request successfully

2022-03-29 13:02:15 - [MESSAGE][INFO] - HAR: I:\app-testing\app-project\Order car insurance\order-car-insurance\Reports\20220329_124138\3. Get feedback insurance - Batch 1\20220329_124139\requests\main\427.har

2022-03-29 13:02:15 - [MESSAGE][PASSED] - Send request successfully

2022-03-29 13:02:15 - [TEST_STEP][PASSED] - response_feedback = feedback.getResponseText(): null

2022-03-29 13:02:15 - [TEST_STEP][PASSED] - markPassed("result feedback data : " + no + " norek : " + norek + " nopin : " + nopin): result feedback data : 260 norek : 9510016885 nopin : 001

2022-03-29 13:02:15 - [MESSAGE][PASSED] - result feedback data : 260 norek : 9510016885 nopin : 001

2022-03-29 13:02:15 - [TEST_STEP][PASSED] - logInfo($response_feedback): {
  "FeedbackCarInsuranceResponse" : {
    "errorCode" : "00",
    "errorMessage" : "Sukses"
  }
}

2022-03-29 13:02:15 - [MESSAGE][INFO] - {
  "FeedbackCarInsuranceResponse" : {
    "errorCode" : "00",
    "errorMessage" : "Sukses"
  }
}

2022-03-29 13:02:15 - [TEST_STEP][PASSED] - verifyElementPropertyValue(feedback, "FeedbackCarInsuranceResponse.errorMessage", "Sukses", CONTINUE_ON_FAILURE): Verify element property value successfully

2022-03-29 13:02:15 - [MESSAGE][PASSED] - Verify element property value successfully]]></system-out>
         <system-err><![CDATA[]]></system-err>
      </testcase>
      <testcase name="Test Cases/3. get token - feedback insurance" time="1.646" classname="Test Cases/3. get token - feedback insurance" status="PASSED">
         <system-out><![CDATA[2022-03-29 13:02:15 - [TEST_CASE][PASSED] - Test Cases/3. get token - feedback insurance: Test Cases/3. get token - feedback insurance

2022-03-29 13:02:16 - [TEST_STEP][PASSED] - token = sendRequest(findTestObject("1. Get-Token")): Send request successfully

2022-03-29 13:02:16 - [MESSAGE][INFO] - HAR: I:\app-testing\app-project\Order car insurance\order-car-insurance\Reports\20220329_124138\3. Get feedback insurance - Batch 1\20220329_124139\requests\main\428.har

2022-03-29 13:02:16 - [MESSAGE][PASSED] - Send request successfully

2022-03-29 13:02:16 - [TEST_STEP][PASSED] - slurper = new groovy.json.JsonSlurper(): null

2022-03-29 13:02:16 - [TEST_STEP][PASSED] - get_token = slurper.parseText(token.getResponseBodyContent()): null

2022-03-29 13:02:16 - [TEST_STEP][PASSED] - private_token = access_token: null

2022-03-29 13:02:16 - [TEST_STEP][PASSED] - global_token = private_token: null

2022-03-29 13:02:16 - [TEST_STEP][PASSED] - println("token is :" + global_token): null

2022-03-29 13:02:16 - [TEST_STEP][PASSED] - response_token = token.getResponseText(): null

2022-03-29 13:02:16 - [TEST_STEP][PASSED] - logInfo($response_token): {"fault":{"faultstring":"Access Denied for client ip : 8.29.105.53","detail":{"errorcode":"accesscontrol.IPDeniedAccess"}}}

2022-03-29 13:02:16 - [MESSAGE][INFO] - {"fault":{"faultstring":"Access Denied for client ip : 8.29.105.53","detail":{"errorcode":"accesscontrol.IPDeniedAccess"}}}

2022-03-29 13:02:16 - [TEST_STEP][PASSED] - feedback = sendRequest(findTestObject("4. Feedback-ins", ["s_key":global_token, "batchid":batchid, "norek":norek, "nopin":nopin, "custname":custname, "pemohon":pemohon, "branchid":branchid, ... ])): Send request successfully

2022-03-29 13:02:17 - [MESSAGE][INFO] - HAR: I:\app-testing\app-project\Order car insurance\order-car-insurance\Reports\20220329_124138\3. Get feedback insurance - Batch 1\20220329_124139\requests\main\429.har

2022-03-29 13:02:17 - [MESSAGE][PASSED] - Send request successfully

2022-03-29 13:02:17 - [TEST_STEP][PASSED] - response_feedback = feedback.getResponseText(): null

2022-03-29 13:02:17 - [TEST_STEP][PASSED] - markPassed("result feedback data : " + no + " norek : " + norek + " nopin : " + nopin): result feedback data : 261 norek : 9510016885 nopin : 001

2022-03-29 13:02:17 - [MESSAGE][PASSED] - result feedback data : 261 norek : 9510016885 nopin : 001

2022-03-29 13:02:17 - [TEST_STEP][PASSED] - logInfo($response_feedback): {
  "FeedbackCarInsuranceResponse" : {
    "errorCode" : "00",
    "errorMessage" : "Sukses"
  }
}

2022-03-29 13:02:17 - [MESSAGE][INFO] - {
  "FeedbackCarInsuranceResponse" : {
    "errorCode" : "00",
    "errorMessage" : "Sukses"
  }
}

2022-03-29 13:02:17 - [TEST_STEP][PASSED] - verifyElementPropertyValue(feedback, "FeedbackCarInsuranceResponse.errorMessage", "Sukses", CONTINUE_ON_FAILURE): Verify element property value successfully

2022-03-29 13:02:17 - [MESSAGE][PASSED] - Verify element property value successfully]]></system-out>
         <system-err><![CDATA[]]></system-err>
      </testcase>
      <testcase name="Test Cases/3. get token - feedback insurance" time="1.148" classname="Test Cases/3. get token - feedback insurance" status="PASSED">
         <system-out><![CDATA[2022-03-29 13:02:18 - [TEST_CASE][PASSED] - Test Cases/3. get token - feedback insurance: Test Cases/3. get token - feedback insurance

2022-03-29 13:02:18 - [TEST_STEP][PASSED] - token = sendRequest(findTestObject("1. Get-Token")): Send request successfully

2022-03-29 13:02:18 - [MESSAGE][INFO] - HAR: I:\app-testing\app-project\Order car insurance\order-car-insurance\Reports\20220329_124138\3. Get feedback insurance - Batch 1\20220329_124139\requests\main\430.har

2022-03-29 13:02:18 - [MESSAGE][PASSED] - Send request successfully

2022-03-29 13:02:18 - [TEST_STEP][PASSED] - slurper = new groovy.json.JsonSlurper(): null

2022-03-29 13:02:18 - [TEST_STEP][PASSED] - get_token = slurper.parseText(token.getResponseBodyContent()): null

2022-03-29 13:02:18 - [TEST_STEP][PASSED] - private_token = access_token: null

2022-03-29 13:02:18 - [TEST_STEP][PASSED] - global_token = private_token: null

2022-03-29 13:02:18 - [TEST_STEP][PASSED] - println("token is :" + global_token): null

2022-03-29 13:02:18 - [TEST_STEP][PASSED] - response_token = token.getResponseText(): null

2022-03-29 13:02:18 - [TEST_STEP][PASSED] - logInfo($response_token): {"fault":{"faultstring":"Access Denied for client ip : 8.29.105.53","detail":{"errorcode":"accesscontrol.IPDeniedAccess"}}}

2022-03-29 13:02:18 - [MESSAGE][INFO] - {"fault":{"faultstring":"Access Denied for client ip : 8.29.105.53","detail":{"errorcode":"accesscontrol.IPDeniedAccess"}}}

2022-03-29 13:02:18 - [TEST_STEP][PASSED] - feedback = sendRequest(findTestObject("4. Feedback-ins", ["s_key":global_token, "batchid":batchid, "norek":norek, "nopin":nopin, "custname":custname, "pemohon":pemohon, "branchid":branchid, ... ])): Send request successfully

2022-03-29 13:02:19 - [MESSAGE][INFO] - HAR: I:\app-testing\app-project\Order car insurance\order-car-insurance\Reports\20220329_124138\3. Get feedback insurance - Batch 1\20220329_124139\requests\main\431.har

2022-03-29 13:02:19 - [MESSAGE][PASSED] - Send request successfully

2022-03-29 13:02:19 - [TEST_STEP][PASSED] - response_feedback = feedback.getResponseText(): null

2022-03-29 13:02:19 - [TEST_STEP][PASSED] - markPassed("result feedback data : " + no + " norek : " + norek + " nopin : " + nopin): result feedback data : 262 norek : 9510016885 nopin : 001

2022-03-29 13:02:19 - [MESSAGE][PASSED] - result feedback data : 262 norek : 9510016885 nopin : 001

2022-03-29 13:02:19 - [TEST_STEP][PASSED] - logInfo($response_feedback): {
  "FeedbackCarInsuranceResponse" : {
    "errorCode" : "00",
    "errorMessage" : "Sukses"
  }
}

2022-03-29 13:02:19 - [MESSAGE][INFO] - {
  "FeedbackCarInsuranceResponse" : {
    "errorCode" : "00",
    "errorMessage" : "Sukses"
  }
}

2022-03-29 13:02:19 - [TEST_STEP][PASSED] - verifyElementPropertyValue(feedback, "FeedbackCarInsuranceResponse.errorMessage", "Sukses", CONTINUE_ON_FAILURE): Verify element property value successfully

2022-03-29 13:02:19 - [MESSAGE][PASSED] - Verify element property value successfully]]></system-out>
         <system-err><![CDATA[]]></system-err>
      </testcase>
      <testcase name="Test Cases/3. get token - feedback insurance" time="1.154" classname="Test Cases/3. get token - feedback insurance" status="PASSED">
         <system-out><![CDATA[2022-03-29 13:02:19 - [TEST_CASE][PASSED] - Test Cases/3. get token - feedback insurance: Test Cases/3. get token - feedback insurance

2022-03-29 13:02:19 - [TEST_STEP][PASSED] - token = sendRequest(findTestObject("1. Get-Token")): Send request successfully

2022-03-29 13:02:19 - [MESSAGE][INFO] - HAR: I:\app-testing\app-project\Order car insurance\order-car-insurance\Reports\20220329_124138\3. Get feedback insurance - Batch 1\20220329_124139\requests\main\432.har

2022-03-29 13:02:19 - [MESSAGE][PASSED] - Send request successfully

2022-03-29 13:02:19 - [TEST_STEP][PASSED] - slurper = new groovy.json.JsonSlurper(): null

2022-03-29 13:02:19 - [TEST_STEP][PASSED] - get_token = slurper.parseText(token.getResponseBodyContent()): null

2022-03-29 13:02:19 - [TEST_STEP][PASSED] - private_token = access_token: null

2022-03-29 13:02:19 - [TEST_STEP][PASSED] - global_token = private_token: null

2022-03-29 13:02:19 - [TEST_STEP][PASSED] - println("token is :" + global_token): null

2022-03-29 13:02:19 - [TEST_STEP][PASSED] - response_token = token.getResponseText(): null

2022-03-29 13:02:19 - [TEST_STEP][PASSED] - logInfo($response_token): {"fault":{"faultstring":"Access Denied for client ip : 8.29.105.53","detail":{"errorcode":"accesscontrol.IPDeniedAccess"}}}

2022-03-29 13:02:19 - [MESSAGE][INFO] - {"fault":{"faultstring":"Access Denied for client ip : 8.29.105.53","detail":{"errorcode":"accesscontrol.IPDeniedAccess"}}}

2022-03-29 13:02:19 - [TEST_STEP][PASSED] - feedback = sendRequest(findTestObject("4. Feedback-ins", ["s_key":global_token, "batchid":batchid, "norek":norek, "nopin":nopin, "custname":custname, "pemohon":pemohon, "branchid":branchid, ... ])): Send request successfully

2022-03-29 13:02:20 - [MESSAGE][INFO] - HAR: I:\app-testing\app-project\Order car insurance\order-car-insurance\Reports\20220329_124138\3. Get feedback insurance - Batch 1\20220329_124139\requests\main\433.har

2022-03-29 13:02:20 - [MESSAGE][PASSED] - Send request successfully

2022-03-29 13:02:20 - [TEST_STEP][PASSED] - response_feedback = feedback.getResponseText(): null

2022-03-29 13:02:20 - [TEST_STEP][PASSED] - markPassed("result feedback data : " + no + " norek : " + norek + " nopin : " + nopin): result feedback data : 263 norek : 9510016885 nopin : 001

2022-03-29 13:02:20 - [MESSAGE][PASSED] - result feedback data : 263 norek : 9510016885 nopin : 001

2022-03-29 13:02:20 - [TEST_STEP][PASSED] - logInfo($response_feedback): {
  "FeedbackCarInsuranceResponse" : {
    "errorCode" : "00",
    "errorMessage" : "Sukses"
  }
}

2022-03-29 13:02:20 - [MESSAGE][INFO] - {
  "FeedbackCarInsuranceResponse" : {
    "errorCode" : "00",
    "errorMessage" : "Sukses"
  }
}

2022-03-29 13:02:20 - [TEST_STEP][PASSED] - verifyElementPropertyValue(feedback, "FeedbackCarInsuranceResponse.errorMessage", "Sukses", CONTINUE_ON_FAILURE): Verify element property value successfully

2022-03-29 13:02:20 - [MESSAGE][PASSED] - Verify element property value successfully]]></system-out>
         <system-err><![CDATA[]]></system-err>
      </testcase>
      <testcase name="Test Cases/3. get token - feedback insurance" time="3.658" classname="Test Cases/3. get token - feedback insurance" status="PASSED">
         <system-out><![CDATA[2022-03-29 13:02:21 - [TEST_CASE][PASSED] - Test Cases/3. get token - feedback insurance: Test Cases/3. get token - feedback insurance

2022-03-29 13:02:21 - [TEST_STEP][PASSED] - token = sendRequest(findTestObject("1. Get-Token")): Send request successfully

2022-03-29 13:02:21 - [MESSAGE][INFO] - HAR: I:\app-testing\app-project\Order car insurance\order-car-insurance\Reports\20220329_124138\3. Get feedback insurance - Batch 1\20220329_124139\requests\main\434.har

2022-03-29 13:02:21 - [MESSAGE][PASSED] - Send request successfully

2022-03-29 13:02:21 - [TEST_STEP][PASSED] - slurper = new groovy.json.JsonSlurper(): null

2022-03-29 13:02:21 - [TEST_STEP][PASSED] - get_token = slurper.parseText(token.getResponseBodyContent()): null

2022-03-29 13:02:21 - [TEST_STEP][PASSED] - private_token = access_token: null

2022-03-29 13:02:21 - [TEST_STEP][PASSED] - global_token = private_token: null

2022-03-29 13:02:21 - [TEST_STEP][PASSED] - println("token is :" + global_token): null

2022-03-29 13:02:21 - [TEST_STEP][PASSED] - response_token = token.getResponseText(): null

2022-03-29 13:02:21 - [TEST_STEP][PASSED] - logInfo($response_token): {"fault":{"faultstring":"Access Denied for client ip : 8.29.105.53","detail":{"errorcode":"accesscontrol.IPDeniedAccess"}}}

2022-03-29 13:02:21 - [MESSAGE][INFO] - {"fault":{"faultstring":"Access Denied for client ip : 8.29.105.53","detail":{"errorcode":"accesscontrol.IPDeniedAccess"}}}

2022-03-29 13:02:21 - [TEST_STEP][PASSED] - feedback = sendRequest(findTestObject("4. Feedback-ins", ["s_key":global_token, "batchid":batchid, "norek":norek, "nopin":nopin, "custname":custname, "pemohon":pemohon, "branchid":branchid, ... ])): Send request successfully

2022-03-29 13:02:24 - [MESSAGE][INFO] - HAR: I:\app-testing\app-project\Order car insurance\order-car-insurance\Reports\20220329_124138\3. Get feedback insurance - Batch 1\20220329_124139\requests\main\435.har

2022-03-29 13:02:24 - [MESSAGE][PASSED] - Send request successfully

2022-03-29 13:02:24 - [TEST_STEP][PASSED] - response_feedback = feedback.getResponseText(): null

2022-03-29 13:02:24 - [TEST_STEP][PASSED] - markPassed("result feedback data : " + no + " norek : " + norek + " nopin : " + nopin): result feedback data : 264 norek : 9510016886 nopin : 001

2022-03-29 13:02:24 - [MESSAGE][PASSED] - result feedback data : 264 norek : 9510016886 nopin : 001

2022-03-29 13:02:24 - [TEST_STEP][PASSED] - logInfo($response_feedback): {
  "FeedbackCarInsuranceResponse" : {
    "errorCode" : "00",
    "errorMessage" : "Sukses"
  }
}

2022-03-29 13:02:24 - [MESSAGE][INFO] - {
  "FeedbackCarInsuranceResponse" : {
    "errorCode" : "00",
    "errorMessage" : "Sukses"
  }
}

2022-03-29 13:02:24 - [TEST_STEP][PASSED] - verifyElementPropertyValue(feedback, "FeedbackCarInsuranceResponse.errorMessage", "Sukses", CONTINUE_ON_FAILURE): Verify element property value successfully

2022-03-29 13:02:24 - [MESSAGE][PASSED] - Verify element property value successfully]]></system-out>
         <system-err><![CDATA[]]></system-err>
      </testcase>
      <testcase name="Test Cases/3. get token - feedback insurance" time="1.238" classname="Test Cases/3. get token - feedback insurance" status="PASSED">
         <system-out><![CDATA[2022-03-29 13:02:25 - [TEST_CASE][PASSED] - Test Cases/3. get token - feedback insurance: Test Cases/3. get token - feedback insurance

2022-03-29 13:02:25 - [TEST_STEP][PASSED] - token = sendRequest(findTestObject("1. Get-Token")): Send request successfully

2022-03-29 13:02:25 - [MESSAGE][INFO] - HAR: I:\app-testing\app-project\Order car insurance\order-car-insurance\Reports\20220329_124138\3. Get feedback insurance - Batch 1\20220329_124139\requests\main\436.har

2022-03-29 13:02:25 - [MESSAGE][PASSED] - Send request successfully

2022-03-29 13:02:25 - [TEST_STEP][PASSED] - slurper = new groovy.json.JsonSlurper(): null

2022-03-29 13:02:25 - [TEST_STEP][PASSED] - get_token = slurper.parseText(token.getResponseBodyContent()): null

2022-03-29 13:02:25 - [TEST_STEP][PASSED] - private_token = access_token: null

2022-03-29 13:02:25 - [TEST_STEP][PASSED] - global_token = private_token: null

2022-03-29 13:02:25 - [TEST_STEP][PASSED] - println("token is :" + global_token): null

2022-03-29 13:02:25 - [TEST_STEP][PASSED] - response_token = token.getResponseText(): null

2022-03-29 13:02:25 - [TEST_STEP][PASSED] - logInfo($response_token): {"fault":{"faultstring":"Access Denied for client ip : 8.29.105.53","detail":{"errorcode":"accesscontrol.IPDeniedAccess"}}}

2022-03-29 13:02:25 - [MESSAGE][INFO] - {"fault":{"faultstring":"Access Denied for client ip : 8.29.105.53","detail":{"errorcode":"accesscontrol.IPDeniedAccess"}}}

2022-03-29 13:02:25 - [TEST_STEP][PASSED] - feedback = sendRequest(findTestObject("4. Feedback-ins", ["s_key":global_token, "batchid":batchid, "norek":norek, "nopin":nopin, "custname":custname, "pemohon":pemohon, "branchid":branchid, ... ])): Send request successfully

2022-03-29 13:02:26 - [MESSAGE][INFO] - HAR: I:\app-testing\app-project\Order car insurance\order-car-insurance\Reports\20220329_124138\3. Get feedback insurance - Batch 1\20220329_124139\requests\main\437.har

2022-03-29 13:02:26 - [MESSAGE][PASSED] - Send request successfully

2022-03-29 13:02:26 - [TEST_STEP][PASSED] - response_feedback = feedback.getResponseText(): null

2022-03-29 13:02:26 - [TEST_STEP][PASSED] - markPassed("result feedback data : " + no + " norek : " + norek + " nopin : " + nopin): result feedback data : 265 norek : 9510016886 nopin : 001

2022-03-29 13:02:26 - [MESSAGE][PASSED] - result feedback data : 265 norek : 9510016886 nopin : 001

2022-03-29 13:02:26 - [TEST_STEP][PASSED] - logInfo($response_feedback): {
  "FeedbackCarInsuranceResponse" : {
    "errorCode" : "00",
    "errorMessage" : "Sukses"
  }
}

2022-03-29 13:02:26 - [MESSAGE][INFO] - {
  "FeedbackCarInsuranceResponse" : {
    "errorCode" : "00",
    "errorMessage" : "Sukses"
  }
}

2022-03-29 13:02:26 - [TEST_STEP][PASSED] - verifyElementPropertyValue(feedback, "FeedbackCarInsuranceResponse.errorMessage", "Sukses", CONTINUE_ON_FAILURE): Verify element property value successfully

2022-03-29 13:02:26 - [MESSAGE][PASSED] - Verify element property value successfully]]></system-out>
         <system-err><![CDATA[]]></system-err>
      </testcase>
      <testcase name="Test Cases/3. get token - feedback insurance" time="1.349" classname="Test Cases/3. get token - feedback insurance" status="PASSED">
         <system-out><![CDATA[2022-03-29 13:02:26 - [TEST_CASE][PASSED] - Test Cases/3. get token - feedback insurance: Test Cases/3. get token - feedback insurance

2022-03-29 13:02:26 - [TEST_STEP][PASSED] - token = sendRequest(findTestObject("1. Get-Token")): Send request successfully

2022-03-29 13:02:27 - [MESSAGE][INFO] - HAR: I:\app-testing\app-project\Order car insurance\order-car-insurance\Reports\20220329_124138\3. Get feedback insurance - Batch 1\20220329_124139\requests\main\438.har

2022-03-29 13:02:27 - [MESSAGE][PASSED] - Send request successfully

2022-03-29 13:02:27 - [TEST_STEP][PASSED] - slurper = new groovy.json.JsonSlurper(): null

2022-03-29 13:02:27 - [TEST_STEP][PASSED] - get_token = slurper.parseText(token.getResponseBodyContent()): null

2022-03-29 13:02:27 - [TEST_STEP][PASSED] - private_token = access_token: null

2022-03-29 13:02:27 - [TEST_STEP][PASSED] - global_token = private_token: null

2022-03-29 13:02:27 - [TEST_STEP][PASSED] - println("token is :" + global_token): null

2022-03-29 13:02:27 - [TEST_STEP][PASSED] - response_token = token.getResponseText(): null

2022-03-29 13:02:27 - [TEST_STEP][PASSED] - logInfo($response_token): {"fault":{"faultstring":"Access Denied for client ip : 8.29.105.53","detail":{"errorcode":"accesscontrol.IPDeniedAccess"}}}

2022-03-29 13:02:27 - [MESSAGE][INFO] - {"fault":{"faultstring":"Access Denied for client ip : 8.29.105.53","detail":{"errorcode":"accesscontrol.IPDeniedAccess"}}}

2022-03-29 13:02:27 - [TEST_STEP][PASSED] - feedback = sendRequest(findTestObject("4. Feedback-ins", ["s_key":global_token, "batchid":batchid, "norek":norek, "nopin":nopin, "custname":custname, "pemohon":pemohon, "branchid":branchid, ... ])): Send request successfully

2022-03-29 13:02:28 - [MESSAGE][INFO] - HAR: I:\app-testing\app-project\Order car insurance\order-car-insurance\Reports\20220329_124138\3. Get feedback insurance - Batch 1\20220329_124139\requests\main\439.har

2022-03-29 13:02:28 - [MESSAGE][PASSED] - Send request successfully

2022-03-29 13:02:28 - [TEST_STEP][PASSED] - response_feedback = feedback.getResponseText(): null

2022-03-29 13:02:28 - [TEST_STEP][PASSED] - markPassed("result feedback data : " + no + " norek : " + norek + " nopin : " + nopin): result feedback data : 266 norek : 9510016886 nopin : 001

2022-03-29 13:02:28 - [MESSAGE][PASSED] - result feedback data : 266 norek : 9510016886 nopin : 001

2022-03-29 13:02:28 - [TEST_STEP][PASSED] - logInfo($response_feedback): {
  "FeedbackCarInsuranceResponse" : {
    "errorCode" : "00",
    "errorMessage" : "Sukses"
  }
}

2022-03-29 13:02:28 - [MESSAGE][INFO] - {
  "FeedbackCarInsuranceResponse" : {
    "errorCode" : "00",
    "errorMessage" : "Sukses"
  }
}

2022-03-29 13:02:28 - [TEST_STEP][PASSED] - verifyElementPropertyValue(feedback, "FeedbackCarInsuranceResponse.errorMessage", "Sukses", CONTINUE_ON_FAILURE): Verify element property value successfully

2022-03-29 13:02:28 - [MESSAGE][PASSED] - Verify element property value successfully]]></system-out>
         <system-err><![CDATA[]]></system-err>
      </testcase>
      <testcase name="Test Cases/3. get token - feedback insurance" time="1.46" classname="Test Cases/3. get token - feedback insurance" status="PASSED">
         <system-out><![CDATA[2022-03-29 13:02:28 - [TEST_CASE][PASSED] - Test Cases/3. get token - feedback insurance: Test Cases/3. get token - feedback insurance

2022-03-29 13:02:28 - [TEST_STEP][PASSED] - token = sendRequest(findTestObject("1. Get-Token")): Send request successfully

2022-03-29 13:02:28 - [MESSAGE][INFO] - HAR: I:\app-testing\app-project\Order car insurance\order-car-insurance\Reports\20220329_124138\3. Get feedback insurance - Batch 1\20220329_124139\requests\main\440.har

2022-03-29 13:02:28 - [MESSAGE][PASSED] - Send request successfully

2022-03-29 13:02:28 - [TEST_STEP][PASSED] - slurper = new groovy.json.JsonSlurper(): null

2022-03-29 13:02:28 - [TEST_STEP][PASSED] - get_token = slurper.parseText(token.getResponseBodyContent()): null

2022-03-29 13:02:28 - [TEST_STEP][PASSED] - private_token = access_token: null

2022-03-29 13:02:28 - [TEST_STEP][PASSED] - global_token = private_token: null

2022-03-29 13:02:28 - [TEST_STEP][PASSED] - println("token is :" + global_token): null

2022-03-29 13:02:28 - [TEST_STEP][PASSED] - response_token = token.getResponseText(): null

2022-03-29 13:02:28 - [TEST_STEP][PASSED] - logInfo($response_token): {"fault":{"faultstring":"Access Denied for client ip : 8.29.105.53","detail":{"errorcode":"accesscontrol.IPDeniedAccess"}}}

2022-03-29 13:02:28 - [MESSAGE][INFO] - {"fault":{"faultstring":"Access Denied for client ip : 8.29.105.53","detail":{"errorcode":"accesscontrol.IPDeniedAccess"}}}

2022-03-29 13:02:28 - [TEST_STEP][PASSED] - feedback = sendRequest(findTestObject("4. Feedback-ins", ["s_key":global_token, "batchid":batchid, "norek":norek, "nopin":nopin, "custname":custname, "pemohon":pemohon, "branchid":branchid, ... ])): Send request successfully

2022-03-29 13:02:29 - [MESSAGE][INFO] - HAR: I:\app-testing\app-project\Order car insurance\order-car-insurance\Reports\20220329_124138\3. Get feedback insurance - Batch 1\20220329_124139\requests\main\441.har

2022-03-29 13:02:29 - [MESSAGE][PASSED] - Send request successfully

2022-03-29 13:02:29 - [TEST_STEP][PASSED] - response_feedback = feedback.getResponseText(): null

2022-03-29 13:02:29 - [TEST_STEP][PASSED] - markPassed("result feedback data : " + no + " norek : " + norek + " nopin : " + nopin): result feedback data : 267 norek : 9510016886 nopin : 001

2022-03-29 13:02:29 - [MESSAGE][PASSED] - result feedback data : 267 norek : 9510016886 nopin : 001

2022-03-29 13:02:29 - [TEST_STEP][PASSED] - logInfo($response_feedback): {
  "FeedbackCarInsuranceResponse" : {
    "errorCode" : "00",
    "errorMessage" : "Sukses"
  }
}

2022-03-29 13:02:29 - [MESSAGE][INFO] - {
  "FeedbackCarInsuranceResponse" : {
    "errorCode" : "00",
    "errorMessage" : "Sukses"
  }
}

2022-03-29 13:02:29 - [TEST_STEP][PASSED] - verifyElementPropertyValue(feedback, "FeedbackCarInsuranceResponse.errorMessage", "Sukses", CONTINUE_ON_FAILURE): Verify element property value successfully

2022-03-29 13:02:29 - [MESSAGE][PASSED] - Verify element property value successfully]]></system-out>
         <system-err><![CDATA[]]></system-err>
      </testcase>
      <testcase name="Test Cases/3. get token - feedback insurance" time="1.31" classname="Test Cases/3. get token - feedback insurance" status="PASSED">
         <system-out><![CDATA[2022-03-29 13:02:30 - [TEST_CASE][PASSED] - Test Cases/3. get token - feedback insurance: Test Cases/3. get token - feedback insurance

2022-03-29 13:02:30 - [TEST_STEP][PASSED] - token = sendRequest(findTestObject("1. Get-Token")): Send request successfully

2022-03-29 13:02:30 - [MESSAGE][INFO] - HAR: I:\app-testing\app-project\Order car insurance\order-car-insurance\Reports\20220329_124138\3. Get feedback insurance - Batch 1\20220329_124139\requests\main\442.har

2022-03-29 13:02:30 - [MESSAGE][PASSED] - Send request successfully

2022-03-29 13:02:30 - [TEST_STEP][PASSED] - slurper = new groovy.json.JsonSlurper(): null

2022-03-29 13:02:30 - [TEST_STEP][PASSED] - get_token = slurper.parseText(token.getResponseBodyContent()): null

2022-03-29 13:02:30 - [TEST_STEP][PASSED] - private_token = access_token: null

2022-03-29 13:02:30 - [TEST_STEP][PASSED] - global_token = private_token: null

2022-03-29 13:02:30 - [TEST_STEP][PASSED] - println("token is :" + global_token): null

2022-03-29 13:02:30 - [TEST_STEP][PASSED] - response_token = token.getResponseText(): null

2022-03-29 13:02:30 - [TEST_STEP][PASSED] - logInfo($response_token): {"fault":{"faultstring":"Access Denied for client ip : 8.29.105.53","detail":{"errorcode":"accesscontrol.IPDeniedAccess"}}}

2022-03-29 13:02:30 - [MESSAGE][INFO] - {"fault":{"faultstring":"Access Denied for client ip : 8.29.105.53","detail":{"errorcode":"accesscontrol.IPDeniedAccess"}}}

2022-03-29 13:02:30 - [TEST_STEP][PASSED] - feedback = sendRequest(findTestObject("4. Feedback-ins", ["s_key":global_token, "batchid":batchid, "norek":norek, "nopin":nopin, "custname":custname, "pemohon":pemohon, "branchid":branchid, ... ])): Send request successfully

2022-03-29 13:02:31 - [MESSAGE][INFO] - HAR: I:\app-testing\app-project\Order car insurance\order-car-insurance\Reports\20220329_124138\3. Get feedback insurance - Batch 1\20220329_124139\requests\main\443.har

2022-03-29 13:02:31 - [MESSAGE][PASSED] - Send request successfully

2022-03-29 13:02:31 - [TEST_STEP][PASSED] - response_feedback = feedback.getResponseText(): null

2022-03-29 13:02:31 - [TEST_STEP][PASSED] - markPassed("result feedback data : " + no + " norek : " + norek + " nopin : " + nopin): result feedback data : 268 norek : 9510016886 nopin : 001

2022-03-29 13:02:31 - [MESSAGE][PASSED] - result feedback data : 268 norek : 9510016886 nopin : 001

2022-03-29 13:02:31 - [TEST_STEP][PASSED] - logInfo($response_feedback): {
  "FeedbackCarInsuranceResponse" : {
    "errorCode" : "00",
    "errorMessage" : "Sukses"
  }
}

2022-03-29 13:02:31 - [MESSAGE][INFO] - {
  "FeedbackCarInsuranceResponse" : {
    "errorCode" : "00",
    "errorMessage" : "Sukses"
  }
}

2022-03-29 13:02:31 - [TEST_STEP][PASSED] - verifyElementPropertyValue(feedback, "FeedbackCarInsuranceResponse.errorMessage", "Sukses", CONTINUE_ON_FAILURE): Verify element property value successfully

2022-03-29 13:02:31 - [MESSAGE][PASSED] - Verify element property value successfully]]></system-out>
         <system-err><![CDATA[]]></system-err>
      </testcase>
      <testcase name="Test Cases/3. get token - feedback insurance" time="1.238" classname="Test Cases/3. get token - feedback insurance" status="PASSED">
         <system-out><![CDATA[2022-03-29 13:02:32 - [TEST_CASE][PASSED] - Test Cases/3. get token - feedback insurance: Test Cases/3. get token - feedback insurance

2022-03-29 13:02:32 - [TEST_STEP][PASSED] - token = sendRequest(findTestObject("1. Get-Token")): Send request successfully

2022-03-29 13:02:32 - [MESSAGE][INFO] - HAR: I:\app-testing\app-project\Order car insurance\order-car-insurance\Reports\20220329_124138\3. Get feedback insurance - Batch 1\20220329_124139\requests\main\444.har

2022-03-29 13:02:32 - [MESSAGE][PASSED] - Send request successfully

2022-03-29 13:02:32 - [TEST_STEP][PASSED] - slurper = new groovy.json.JsonSlurper(): null

2022-03-29 13:02:32 - [TEST_STEP][PASSED] - get_token = slurper.parseText(token.getResponseBodyContent()): null

2022-03-29 13:02:32 - [TEST_STEP][PASSED] - private_token = access_token: null

2022-03-29 13:02:32 - [TEST_STEP][PASSED] - global_token = private_token: null

2022-03-29 13:02:32 - [TEST_STEP][PASSED] - println("token is :" + global_token): null

2022-03-29 13:02:32 - [TEST_STEP][PASSED] - response_token = token.getResponseText(): null

2022-03-29 13:02:32 - [TEST_STEP][PASSED] - logInfo($response_token): {"fault":{"faultstring":"Access Denied for client ip : 8.29.105.53","detail":{"errorcode":"accesscontrol.IPDeniedAccess"}}}

2022-03-29 13:02:32 - [MESSAGE][INFO] - {"fault":{"faultstring":"Access Denied for client ip : 8.29.105.53","detail":{"errorcode":"accesscontrol.IPDeniedAccess"}}}

2022-03-29 13:02:32 - [TEST_STEP][PASSED] - feedback = sendRequest(findTestObject("4. Feedback-ins", ["s_key":global_token, "batchid":batchid, "norek":norek, "nopin":nopin, "custname":custname, "pemohon":pemohon, "branchid":branchid, ... ])): Send request successfully

2022-03-29 13:02:33 - [MESSAGE][INFO] - HAR: I:\app-testing\app-project\Order car insurance\order-car-insurance\Reports\20220329_124138\3. Get feedback insurance - Batch 1\20220329_124139\requests\main\445.har

2022-03-29 13:02:33 - [MESSAGE][PASSED] - Send request successfully

2022-03-29 13:02:33 - [TEST_STEP][PASSED] - response_feedback = feedback.getResponseText(): null

2022-03-29 13:02:33 - [TEST_STEP][PASSED] - markPassed("result feedback data : " + no + " norek : " + norek + " nopin : " + nopin): result feedback data : 269 norek : 9510016886 nopin : 001

2022-03-29 13:02:33 - [MESSAGE][PASSED] - result feedback data : 269 norek : 9510016886 nopin : 001

2022-03-29 13:02:33 - [TEST_STEP][PASSED] - logInfo($response_feedback): {
  "FeedbackCarInsuranceResponse" : {
    "errorCode" : "00",
    "errorMessage" : "Sukses"
  }
}

2022-03-29 13:02:33 - [MESSAGE][INFO] - {
  "FeedbackCarInsuranceResponse" : {
    "errorCode" : "00",
    "errorMessage" : "Sukses"
  }
}

2022-03-29 13:02:33 - [TEST_STEP][PASSED] - verifyElementPropertyValue(feedback, "FeedbackCarInsuranceResponse.errorMessage", "Sukses", CONTINUE_ON_FAILURE): Verify element property value successfully

2022-03-29 13:02:33 - [MESSAGE][PASSED] - Verify element property value successfully]]></system-out>
         <system-err><![CDATA[]]></system-err>
      </testcase>
      <testcase name="Test Cases/3. get token - feedback insurance" time="1.565" classname="Test Cases/3. get token - feedback insurance" status="PASSED">
         <system-out><![CDATA[2022-03-29 13:02:33 - [TEST_CASE][PASSED] - Test Cases/3. get token - feedback insurance: Test Cases/3. get token - feedback insurance

2022-03-29 13:02:33 - [TEST_STEP][PASSED] - token = sendRequest(findTestObject("1. Get-Token")): Send request successfully

2022-03-29 13:02:33 - [MESSAGE][INFO] - HAR: I:\app-testing\app-project\Order car insurance\order-car-insurance\Reports\20220329_124138\3. Get feedback insurance - Batch 1\20220329_124139\requests\main\446.har

2022-03-29 13:02:33 - [MESSAGE][PASSED] - Send request successfully

2022-03-29 13:02:33 - [TEST_STEP][PASSED] - slurper = new groovy.json.JsonSlurper(): null

2022-03-29 13:02:33 - [TEST_STEP][PASSED] - get_token = slurper.parseText(token.getResponseBodyContent()): null

2022-03-29 13:02:33 - [TEST_STEP][PASSED] - private_token = access_token: null

2022-03-29 13:02:33 - [TEST_STEP][PASSED] - global_token = private_token: null

2022-03-29 13:02:33 - [TEST_STEP][PASSED] - println("token is :" + global_token): null

2022-03-29 13:02:33 - [TEST_STEP][PASSED] - response_token = token.getResponseText(): null

2022-03-29 13:02:33 - [TEST_STEP][PASSED] - logInfo($response_token): {"fault":{"faultstring":"Access Denied for client ip : 8.29.105.53","detail":{"errorcode":"accesscontrol.IPDeniedAccess"}}}

2022-03-29 13:02:33 - [MESSAGE][INFO] - {"fault":{"faultstring":"Access Denied for client ip : 8.29.105.53","detail":{"errorcode":"accesscontrol.IPDeniedAccess"}}}

2022-03-29 13:02:33 - [TEST_STEP][PASSED] - feedback = sendRequest(findTestObject("4. Feedback-ins", ["s_key":global_token, "batchid":batchid, "norek":norek, "nopin":nopin, "custname":custname, "pemohon":pemohon, "branchid":branchid, ... ])): Send request successfully

2022-03-29 13:02:35 - [MESSAGE][INFO] - HAR: I:\app-testing\app-project\Order car insurance\order-car-insurance\Reports\20220329_124138\3. Get feedback insurance - Batch 1\20220329_124139\requests\main\447.har

2022-03-29 13:02:35 - [MESSAGE][PASSED] - Send request successfully

2022-03-29 13:02:35 - [TEST_STEP][PASSED] - response_feedback = feedback.getResponseText(): null

2022-03-29 13:02:35 - [TEST_STEP][PASSED] - markPassed("result feedback data : " + no + " norek : " + norek + " nopin : " + nopin): result feedback data : 270 norek : 9530008393 nopin : 001

2022-03-29 13:02:35 - [MESSAGE][PASSED] - result feedback data : 270 norek : 9530008393 nopin : 001

2022-03-29 13:02:35 - [TEST_STEP][PASSED] - logInfo($response_feedback): {
  "FeedbackCarInsuranceResponse" : {
    "errorCode" : "00",
    "errorMessage" : "Sukses"
  }
}

2022-03-29 13:02:35 - [MESSAGE][INFO] - {
  "FeedbackCarInsuranceResponse" : {
    "errorCode" : "00",
    "errorMessage" : "Sukses"
  }
}

2022-03-29 13:02:35 - [TEST_STEP][PASSED] - verifyElementPropertyValue(feedback, "FeedbackCarInsuranceResponse.errorMessage", "Sukses", CONTINUE_ON_FAILURE): Verify element property value successfully

2022-03-29 13:02:35 - [MESSAGE][PASSED] - Verify element property value successfully]]></system-out>
         <system-err><![CDATA[]]></system-err>
      </testcase>
      <testcase name="Test Cases/3. get token - feedback insurance" time="1.211" classname="Test Cases/3. get token - feedback insurance" status="PASSED">
         <system-out><![CDATA[2022-03-29 13:02:35 - [TEST_CASE][PASSED] - Test Cases/3. get token - feedback insurance: Test Cases/3. get token - feedback insurance

2022-03-29 13:02:35 - [TEST_STEP][PASSED] - token = sendRequest(findTestObject("1. Get-Token")): Send request successfully

2022-03-29 13:02:35 - [MESSAGE][INFO] - HAR: I:\app-testing\app-project\Order car insurance\order-car-insurance\Reports\20220329_124138\3. Get feedback insurance - Batch 1\20220329_124139\requests\main\448.har

2022-03-29 13:02:35 - [MESSAGE][PASSED] - Send request successfully

2022-03-29 13:02:35 - [TEST_STEP][PASSED] - slurper = new groovy.json.JsonSlurper(): null

2022-03-29 13:02:35 - [TEST_STEP][PASSED] - get_token = slurper.parseText(token.getResponseBodyContent()): null

2022-03-29 13:02:35 - [TEST_STEP][PASSED] - private_token = access_token: null

2022-03-29 13:02:35 - [TEST_STEP][PASSED] - global_token = private_token: null

2022-03-29 13:02:35 - [TEST_STEP][PASSED] - println("token is :" + global_token): null

2022-03-29 13:02:35 - [TEST_STEP][PASSED] - response_token = token.getResponseText(): null

2022-03-29 13:02:35 - [TEST_STEP][PASSED] - logInfo($response_token): {"fault":{"faultstring":"Access Denied for client ip : 8.29.105.53","detail":{"errorcode":"accesscontrol.IPDeniedAccess"}}}

2022-03-29 13:02:35 - [MESSAGE][INFO] - {"fault":{"faultstring":"Access Denied for client ip : 8.29.105.53","detail":{"errorcode":"accesscontrol.IPDeniedAccess"}}}

2022-03-29 13:02:35 - [TEST_STEP][PASSED] - feedback = sendRequest(findTestObject("4. Feedback-ins", ["s_key":global_token, "batchid":batchid, "norek":norek, "nopin":nopin, "custname":custname, "pemohon":pemohon, "branchid":branchid, ... ])): Send request successfully

2022-03-29 13:02:36 - [MESSAGE][INFO] - HAR: I:\app-testing\app-project\Order car insurance\order-car-insurance\Reports\20220329_124138\3. Get feedback insurance - Batch 1\20220329_124139\requests\main\449.har

2022-03-29 13:02:36 - [MESSAGE][PASSED] - Send request successfully

2022-03-29 13:02:36 - [TEST_STEP][PASSED] - response_feedback = feedback.getResponseText(): null

2022-03-29 13:02:36 - [TEST_STEP][PASSED] - markPassed("result feedback data : " + no + " norek : " + norek + " nopin : " + nopin): result feedback data : 271 norek : 9530008393 nopin : 001

2022-03-29 13:02:36 - [MESSAGE][PASSED] - result feedback data : 271 norek : 9530008393 nopin : 001

2022-03-29 13:02:36 - [TEST_STEP][PASSED] - logInfo($response_feedback): {
  "FeedbackCarInsuranceResponse" : {
    "errorCode" : "00",
    "errorMessage" : "Sukses"
  }
}

2022-03-29 13:02:36 - [MESSAGE][INFO] - {
  "FeedbackCarInsuranceResponse" : {
    "errorCode" : "00",
    "errorMessage" : "Sukses"
  }
}

2022-03-29 13:02:36 - [TEST_STEP][PASSED] - verifyElementPropertyValue(feedback, "FeedbackCarInsuranceResponse.errorMessage", "Sukses", CONTINUE_ON_FAILURE): Verify element property value successfully

2022-03-29 13:02:36 - [MESSAGE][PASSED] - Verify element property value successfully]]></system-out>
         <system-err><![CDATA[]]></system-err>
      </testcase>
      <testcase name="Test Cases/3. get token - feedback insurance" time="1.405" classname="Test Cases/3. get token - feedback insurance" status="PASSED">
         <system-out><![CDATA[2022-03-29 13:02:37 - [TEST_CASE][PASSED] - Test Cases/3. get token - feedback insurance: Test Cases/3. get token - feedback insurance

2022-03-29 13:02:37 - [TEST_STEP][PASSED] - token = sendRequest(findTestObject("1. Get-Token")): Send request successfully

2022-03-29 13:02:37 - [MESSAGE][INFO] - HAR: I:\app-testing\app-project\Order car insurance\order-car-insurance\Reports\20220329_124138\3. Get feedback insurance - Batch 1\20220329_124139\requests\main\450.har

2022-03-29 13:02:37 - [MESSAGE][PASSED] - Send request successfully

2022-03-29 13:02:37 - [TEST_STEP][PASSED] - slurper = new groovy.json.JsonSlurper(): null

2022-03-29 13:02:37 - [TEST_STEP][PASSED] - get_token = slurper.parseText(token.getResponseBodyContent()): null

2022-03-29 13:02:37 - [TEST_STEP][PASSED] - private_token = access_token: null

2022-03-29 13:02:37 - [TEST_STEP][PASSED] - global_token = private_token: null

2022-03-29 13:02:37 - [TEST_STEP][PASSED] - println("token is :" + global_token): null

2022-03-29 13:02:37 - [TEST_STEP][PASSED] - response_token = token.getResponseText(): null

2022-03-29 13:02:37 - [TEST_STEP][PASSED] - logInfo($response_token): {"fault":{"faultstring":"Access Denied for client ip : 8.29.105.53","detail":{"errorcode":"accesscontrol.IPDeniedAccess"}}}

2022-03-29 13:02:37 - [MESSAGE][INFO] - {"fault":{"faultstring":"Access Denied for client ip : 8.29.105.53","detail":{"errorcode":"accesscontrol.IPDeniedAccess"}}}

2022-03-29 13:02:37 - [TEST_STEP][PASSED] - feedback = sendRequest(findTestObject("4. Feedback-ins", ["s_key":global_token, "batchid":batchid, "norek":norek, "nopin":nopin, "custname":custname, "pemohon":pemohon, "branchid":branchid, ... ])): Send request successfully

2022-03-29 13:02:38 - [MESSAGE][INFO] - HAR: I:\app-testing\app-project\Order car insurance\order-car-insurance\Reports\20220329_124138\3. Get feedback insurance - Batch 1\20220329_124139\requests\main\451.har

2022-03-29 13:02:38 - [MESSAGE][PASSED] - Send request successfully

2022-03-29 13:02:38 - [TEST_STEP][PASSED] - response_feedback = feedback.getResponseText(): null

2022-03-29 13:02:38 - [TEST_STEP][PASSED] - markPassed("result feedback data : " + no + " norek : " + norek + " nopin : " + nopin): result feedback data : 272 norek : 9530008393 nopin : 001

2022-03-29 13:02:38 - [MESSAGE][PASSED] - result feedback data : 272 norek : 9530008393 nopin : 001

2022-03-29 13:02:38 - [TEST_STEP][PASSED] - logInfo($response_feedback): {
  "FeedbackCarInsuranceResponse" : {
    "errorCode" : "00",
    "errorMessage" : "Sukses"
  }
}

2022-03-29 13:02:38 - [MESSAGE][INFO] - {
  "FeedbackCarInsuranceResponse" : {
    "errorCode" : "00",
    "errorMessage" : "Sukses"
  }
}

2022-03-29 13:02:38 - [TEST_STEP][PASSED] - verifyElementPropertyValue(feedback, "FeedbackCarInsuranceResponse.errorMessage", "Sukses", CONTINUE_ON_FAILURE): Verify element property value successfully

2022-03-29 13:02:38 - [MESSAGE][PASSED] - Verify element property value successfully]]></system-out>
         <system-err><![CDATA[]]></system-err>
      </testcase>
      <testcase name="Test Cases/3. get token - feedback insurance" time="3.049" classname="Test Cases/3. get token - feedback insurance" status="PASSED">
         <system-out><![CDATA[2022-03-29 13:02:39 - [TEST_CASE][PASSED] - Test Cases/3. get token - feedback insurance: Test Cases/3. get token - feedback insurance

2022-03-29 13:02:39 - [TEST_STEP][PASSED] - token = sendRequest(findTestObject("1. Get-Token")): Send request successfully

2022-03-29 13:02:39 - [MESSAGE][INFO] - HAR: I:\app-testing\app-project\Order car insurance\order-car-insurance\Reports\20220329_124138\3. Get feedback insurance - Batch 1\20220329_124139\requests\main\452.har

2022-03-29 13:02:39 - [MESSAGE][PASSED] - Send request successfully

2022-03-29 13:02:39 - [TEST_STEP][PASSED] - slurper = new groovy.json.JsonSlurper(): null

2022-03-29 13:02:39 - [TEST_STEP][PASSED] - get_token = slurper.parseText(token.getResponseBodyContent()): null

2022-03-29 13:02:39 - [TEST_STEP][PASSED] - private_token = access_token: null

2022-03-29 13:02:39 - [TEST_STEP][PASSED] - global_token = private_token: null

2022-03-29 13:02:39 - [TEST_STEP][PASSED] - println("token is :" + global_token): null

2022-03-29 13:02:39 - [TEST_STEP][PASSED] - response_token = token.getResponseText(): null

2022-03-29 13:02:39 - [TEST_STEP][PASSED] - logInfo($response_token): {"fault":{"faultstring":"Access Denied for client ip : 8.29.105.53","detail":{"errorcode":"accesscontrol.IPDeniedAccess"}}}

2022-03-29 13:02:39 - [MESSAGE][INFO] - {"fault":{"faultstring":"Access Denied for client ip : 8.29.105.53","detail":{"errorcode":"accesscontrol.IPDeniedAccess"}}}

2022-03-29 13:02:39 - [TEST_STEP][PASSED] - feedback = sendRequest(findTestObject("4. Feedback-ins", ["s_key":global_token, "batchid":batchid, "norek":norek, "nopin":nopin, "custname":custname, "pemohon":pemohon, "branchid":branchid, ... ])): Send request successfully

2022-03-29 13:02:42 - [MESSAGE][INFO] - HAR: I:\app-testing\app-project\Order car insurance\order-car-insurance\Reports\20220329_124138\3. Get feedback insurance - Batch 1\20220329_124139\requests\main\453.har

2022-03-29 13:02:42 - [MESSAGE][PASSED] - Send request successfully

2022-03-29 13:02:42 - [TEST_STEP][PASSED] - response_feedback = feedback.getResponseText(): null

2022-03-29 13:02:42 - [TEST_STEP][PASSED] - markPassed("result feedback data : " + no + " norek : " + norek + " nopin : " + nopin): result feedback data : 273 norek : 9530008393 nopin : 001

2022-03-29 13:02:42 - [MESSAGE][PASSED] - result feedback data : 273 norek : 9530008393 nopin : 001

2022-03-29 13:02:42 - [TEST_STEP][PASSED] - logInfo($response_feedback): {
  "FeedbackCarInsuranceResponse" : {
    "errorCode" : "00",
    "errorMessage" : "Sukses"
  }
}

2022-03-29 13:02:42 - [MESSAGE][INFO] - {
  "FeedbackCarInsuranceResponse" : {
    "errorCode" : "00",
    "errorMessage" : "Sukses"
  }
}

2022-03-29 13:02:42 - [TEST_STEP][PASSED] - verifyElementPropertyValue(feedback, "FeedbackCarInsuranceResponse.errorMessage", "Sukses", CONTINUE_ON_FAILURE): Verify element property value successfully

2022-03-29 13:02:42 - [MESSAGE][PASSED] - Verify element property value successfully]]></system-out>
         <system-err><![CDATA[]]></system-err>
      </testcase>
      <testcase name="Test Cases/3. get token - feedback insurance" time="1.577" classname="Test Cases/3. get token - feedback insurance" status="PASSED">
         <system-out><![CDATA[2022-03-29 13:02:42 - [TEST_CASE][PASSED] - Test Cases/3. get token - feedback insurance: Test Cases/3. get token - feedback insurance

2022-03-29 13:02:42 - [TEST_STEP][PASSED] - token = sendRequest(findTestObject("1. Get-Token")): Send request successfully

2022-03-29 13:02:42 - [MESSAGE][INFO] - HAR: I:\app-testing\app-project\Order car insurance\order-car-insurance\Reports\20220329_124138\3. Get feedback insurance - Batch 1\20220329_124139\requests\main\454.har

2022-03-29 13:02:42 - [MESSAGE][PASSED] - Send request successfully

2022-03-29 13:02:42 - [TEST_STEP][PASSED] - slurper = new groovy.json.JsonSlurper(): null

2022-03-29 13:02:42 - [TEST_STEP][PASSED] - get_token = slurper.parseText(token.getResponseBodyContent()): null

2022-03-29 13:02:42 - [TEST_STEP][PASSED] - private_token = access_token: null

2022-03-29 13:02:42 - [TEST_STEP][PASSED] - global_token = private_token: null

2022-03-29 13:02:42 - [TEST_STEP][PASSED] - println("token is :" + global_token): null

2022-03-29 13:02:42 - [TEST_STEP][PASSED] - response_token = token.getResponseText(): null

2022-03-29 13:02:42 - [TEST_STEP][PASSED] - logInfo($response_token): {"fault":{"faultstring":"Access Denied for client ip : 8.29.105.53","detail":{"errorcode":"accesscontrol.IPDeniedAccess"}}}

2022-03-29 13:02:42 - [MESSAGE][INFO] - {"fault":{"faultstring":"Access Denied for client ip : 8.29.105.53","detail":{"errorcode":"accesscontrol.IPDeniedAccess"}}}

2022-03-29 13:02:42 - [TEST_STEP][PASSED] - feedback = sendRequest(findTestObject("4. Feedback-ins", ["s_key":global_token, "batchid":batchid, "norek":norek, "nopin":nopin, "custname":custname, "pemohon":pemohon, "branchid":branchid, ... ])): Send request successfully

2022-03-29 13:02:44 - [MESSAGE][INFO] - HAR: I:\app-testing\app-project\Order car insurance\order-car-insurance\Reports\20220329_124138\3. Get feedback insurance - Batch 1\20220329_124139\requests\main\455.har

2022-03-29 13:02:44 - [MESSAGE][PASSED] - Send request successfully

2022-03-29 13:02:44 - [TEST_STEP][PASSED] - response_feedback = feedback.getResponseText(): null

2022-03-29 13:02:44 - [TEST_STEP][PASSED] - markPassed("result feedback data : " + no + " norek : " + norek + " nopin : " + nopin): result feedback data : 274 norek : 9530008393 nopin : 001

2022-03-29 13:02:44 - [MESSAGE][PASSED] - result feedback data : 274 norek : 9530008393 nopin : 001

2022-03-29 13:02:44 - [TEST_STEP][PASSED] - logInfo($response_feedback): {
  "FeedbackCarInsuranceResponse" : {
    "errorCode" : "00",
    "errorMessage" : "Sukses"
  }
}

2022-03-29 13:02:44 - [MESSAGE][INFO] - {
  "FeedbackCarInsuranceResponse" : {
    "errorCode" : "00",
    "errorMessage" : "Sukses"
  }
}

2022-03-29 13:02:44 - [TEST_STEP][PASSED] - verifyElementPropertyValue(feedback, "FeedbackCarInsuranceResponse.errorMessage", "Sukses", CONTINUE_ON_FAILURE): Verify element property value successfully

2022-03-29 13:02:44 - [MESSAGE][PASSED] - Verify element property value successfully]]></system-out>
         <system-err><![CDATA[]]></system-err>
      </testcase>
      <testcase name="Test Cases/3. get token - feedback insurance" time="1.064" classname="Test Cases/3. get token - feedback insurance" status="PASSED">
         <system-out><![CDATA[2022-03-29 13:02:44 - [TEST_CASE][PASSED] - Test Cases/3. get token - feedback insurance: Test Cases/3. get token - feedback insurance

2022-03-29 13:02:44 - [TEST_STEP][PASSED] - token = sendRequest(findTestObject("1. Get-Token")): Send request successfully

2022-03-29 13:02:44 - [MESSAGE][INFO] - HAR: I:\app-testing\app-project\Order car insurance\order-car-insurance\Reports\20220329_124138\3. Get feedback insurance - Batch 1\20220329_124139\requests\main\456.har

2022-03-29 13:02:44 - [MESSAGE][PASSED] - Send request successfully

2022-03-29 13:02:44 - [TEST_STEP][PASSED] - slurper = new groovy.json.JsonSlurper(): null

2022-03-29 13:02:44 - [TEST_STEP][PASSED] - get_token = slurper.parseText(token.getResponseBodyContent()): null

2022-03-29 13:02:44 - [TEST_STEP][PASSED] - private_token = access_token: null

2022-03-29 13:02:44 - [TEST_STEP][PASSED] - global_token = private_token: null

2022-03-29 13:02:44 - [TEST_STEP][PASSED] - println("token is :" + global_token): null

2022-03-29 13:02:44 - [TEST_STEP][PASSED] - response_token = token.getResponseText(): null

2022-03-29 13:02:44 - [TEST_STEP][PASSED] - logInfo($response_token): {"fault":{"faultstring":"Access Denied for client ip : 8.29.105.53","detail":{"errorcode":"accesscontrol.IPDeniedAccess"}}}

2022-03-29 13:02:44 - [MESSAGE][INFO] - {"fault":{"faultstring":"Access Denied for client ip : 8.29.105.53","detail":{"errorcode":"accesscontrol.IPDeniedAccess"}}}

2022-03-29 13:02:44 - [TEST_STEP][PASSED] - feedback = sendRequest(findTestObject("4. Feedback-ins", ["s_key":global_token, "batchid":batchid, "norek":norek, "nopin":nopin, "custname":custname, "pemohon":pemohon, "branchid":branchid, ... ])): Send request successfully

2022-03-29 13:02:45 - [MESSAGE][INFO] - HAR: I:\app-testing\app-project\Order car insurance\order-car-insurance\Reports\20220329_124138\3. Get feedback insurance - Batch 1\20220329_124139\requests\main\457.har

2022-03-29 13:02:45 - [MESSAGE][PASSED] - Send request successfully

2022-03-29 13:02:45 - [TEST_STEP][PASSED] - response_feedback = feedback.getResponseText(): null

2022-03-29 13:02:45 - [TEST_STEP][PASSED] - markPassed("result feedback data : " + no + " norek : " + norek + " nopin : " + nopin): result feedback data : 275 norek : 9530008393 nopin : 001

2022-03-29 13:02:45 - [MESSAGE][PASSED] - result feedback data : 275 norek : 9530008393 nopin : 001

2022-03-29 13:02:45 - [TEST_STEP][PASSED] - logInfo($response_feedback): {
  "FeedbackCarInsuranceResponse" : {
    "errorCode" : "00",
    "errorMessage" : "Sukses"
  }
}

2022-03-29 13:02:45 - [MESSAGE][INFO] - {
  "FeedbackCarInsuranceResponse" : {
    "errorCode" : "00",
    "errorMessage" : "Sukses"
  }
}

2022-03-29 13:02:45 - [TEST_STEP][PASSED] - verifyElementPropertyValue(feedback, "FeedbackCarInsuranceResponse.errorMessage", "Sukses", CONTINUE_ON_FAILURE): Verify element property value successfully

2022-03-29 13:02:45 - [MESSAGE][PASSED] - Verify element property value successfully]]></system-out>
         <system-err><![CDATA[]]></system-err>
      </testcase>
      <testcase name="Test Cases/3. get token - feedback insurance" time="1.032" classname="Test Cases/3. get token - feedback insurance" status="PASSED">
         <system-out><![CDATA[2022-03-29 13:02:45 - [TEST_CASE][PASSED] - Test Cases/3. get token - feedback insurance: Test Cases/3. get token - feedback insurance

2022-03-29 13:02:45 - [TEST_STEP][PASSED] - token = sendRequest(findTestObject("1. Get-Token")): Send request successfully

2022-03-29 13:02:46 - [MESSAGE][INFO] - HAR: I:\app-testing\app-project\Order car insurance\order-car-insurance\Reports\20220329_124138\3. Get feedback insurance - Batch 1\20220329_124139\requests\main\458.har

2022-03-29 13:02:46 - [MESSAGE][PASSED] - Send request successfully

2022-03-29 13:02:46 - [TEST_STEP][PASSED] - slurper = new groovy.json.JsonSlurper(): null

2022-03-29 13:02:46 - [TEST_STEP][PASSED] - get_token = slurper.parseText(token.getResponseBodyContent()): null

2022-03-29 13:02:46 - [TEST_STEP][PASSED] - private_token = access_token: null

2022-03-29 13:02:46 - [TEST_STEP][PASSED] - global_token = private_token: null

2022-03-29 13:02:46 - [TEST_STEP][PASSED] - println("token is :" + global_token): null

2022-03-29 13:02:46 - [TEST_STEP][PASSED] - response_token = token.getResponseText(): null

2022-03-29 13:02:46 - [TEST_STEP][PASSED] - logInfo($response_token): {"fault":{"faultstring":"Access Denied for client ip : 8.29.105.53","detail":{"errorcode":"accesscontrol.IPDeniedAccess"}}}

2022-03-29 13:02:46 - [MESSAGE][INFO] - {"fault":{"faultstring":"Access Denied for client ip : 8.29.105.53","detail":{"errorcode":"accesscontrol.IPDeniedAccess"}}}

2022-03-29 13:02:46 - [TEST_STEP][PASSED] - feedback = sendRequest(findTestObject("4. Feedback-ins", ["s_key":global_token, "batchid":batchid, "norek":norek, "nopin":nopin, "custname":custname, "pemohon":pemohon, "branchid":branchid, ... ])): Send request successfully

2022-03-29 13:02:46 - [MESSAGE][INFO] - HAR: I:\app-testing\app-project\Order car insurance\order-car-insurance\Reports\20220329_124138\3. Get feedback insurance - Batch 1\20220329_124139\requests\main\459.har

2022-03-29 13:02:46 - [MESSAGE][PASSED] - Send request successfully

2022-03-29 13:02:46 - [TEST_STEP][PASSED] - response_feedback = feedback.getResponseText(): null

2022-03-29 13:02:46 - [TEST_STEP][PASSED] - markPassed("result feedback data : " + no + " norek : " + norek + " nopin : " + nopin): result feedback data : 276 norek : 9530008393 nopin : 001

2022-03-29 13:02:46 - [MESSAGE][PASSED] - result feedback data : 276 norek : 9530008393 nopin : 001

2022-03-29 13:02:46 - [TEST_STEP][PASSED] - logInfo($response_feedback): {
  "FeedbackCarInsuranceResponse" : {
    "errorCode" : "00",
    "errorMessage" : "Sukses"
  }
}

2022-03-29 13:02:46 - [MESSAGE][INFO] - {
  "FeedbackCarInsuranceResponse" : {
    "errorCode" : "00",
    "errorMessage" : "Sukses"
  }
}

2022-03-29 13:02:46 - [TEST_STEP][PASSED] - verifyElementPropertyValue(feedback, "FeedbackCarInsuranceResponse.errorMessage", "Sukses", CONTINUE_ON_FAILURE): Verify element property value successfully

2022-03-29 13:02:46 - [MESSAGE][PASSED] - Verify element property value successfully]]></system-out>
         <system-err><![CDATA[]]></system-err>
      </testcase>
      <testcase name="Test Cases/3. get token - feedback insurance" time="1.075" classname="Test Cases/3. get token - feedback insurance" status="PASSED">
         <system-out><![CDATA[2022-03-29 13:02:47 - [TEST_CASE][PASSED] - Test Cases/3. get token - feedback insurance: Test Cases/3. get token - feedback insurance

2022-03-29 13:02:47 - [TEST_STEP][PASSED] - token = sendRequest(findTestObject("1. Get-Token")): Send request successfully

2022-03-29 13:02:47 - [MESSAGE][INFO] - HAR: I:\app-testing\app-project\Order car insurance\order-car-insurance\Reports\20220329_124138\3. Get feedback insurance - Batch 1\20220329_124139\requests\main\460.har

2022-03-29 13:02:47 - [MESSAGE][PASSED] - Send request successfully

2022-03-29 13:02:47 - [TEST_STEP][PASSED] - slurper = new groovy.json.JsonSlurper(): null

2022-03-29 13:02:47 - [TEST_STEP][PASSED] - get_token = slurper.parseText(token.getResponseBodyContent()): null

2022-03-29 13:02:47 - [TEST_STEP][PASSED] - private_token = access_token: null

2022-03-29 13:02:47 - [TEST_STEP][PASSED] - global_token = private_token: null

2022-03-29 13:02:47 - [TEST_STEP][PASSED] - println("token is :" + global_token): null

2022-03-29 13:02:47 - [TEST_STEP][PASSED] - response_token = token.getResponseText(): null

2022-03-29 13:02:47 - [TEST_STEP][PASSED] - logInfo($response_token): {"fault":{"faultstring":"Access Denied for client ip : 8.29.105.53","detail":{"errorcode":"accesscontrol.IPDeniedAccess"}}}

2022-03-29 13:02:47 - [MESSAGE][INFO] - {"fault":{"faultstring":"Access Denied for client ip : 8.29.105.53","detail":{"errorcode":"accesscontrol.IPDeniedAccess"}}}

2022-03-29 13:02:47 - [TEST_STEP][PASSED] - feedback = sendRequest(findTestObject("4. Feedback-ins", ["s_key":global_token, "batchid":batchid, "norek":norek, "nopin":nopin, "custname":custname, "pemohon":pemohon, "branchid":branchid, ... ])): Send request successfully

2022-03-29 13:02:48 - [MESSAGE][INFO] - HAR: I:\app-testing\app-project\Order car insurance\order-car-insurance\Reports\20220329_124138\3. Get feedback insurance - Batch 1\20220329_124139\requests\main\461.har

2022-03-29 13:02:48 - [MESSAGE][PASSED] - Send request successfully

2022-03-29 13:02:48 - [TEST_STEP][PASSED] - response_feedback = feedback.getResponseText(): null

2022-03-29 13:02:48 - [TEST_STEP][PASSED] - markPassed("result feedback data : " + no + " norek : " + norek + " nopin : " + nopin): result feedback data : 277 norek : 9530008393 nopin : 001

2022-03-29 13:02:48 - [MESSAGE][PASSED] - result feedback data : 277 norek : 9530008393 nopin : 001

2022-03-29 13:02:48 - [TEST_STEP][PASSED] - logInfo($response_feedback): {
  "FeedbackCarInsuranceResponse" : {
    "errorCode" : "00",
    "errorMessage" : "Sukses"
  }
}

2022-03-29 13:02:48 - [MESSAGE][INFO] - {
  "FeedbackCarInsuranceResponse" : {
    "errorCode" : "00",
    "errorMessage" : "Sukses"
  }
}

2022-03-29 13:02:48 - [TEST_STEP][PASSED] - verifyElementPropertyValue(feedback, "FeedbackCarInsuranceResponse.errorMessage", "Sukses", CONTINUE_ON_FAILURE): Verify element property value successfully

2022-03-29 13:02:48 - [MESSAGE][PASSED] - Verify element property value successfully]]></system-out>
         <system-err><![CDATA[]]></system-err>
      </testcase>
      <testcase name="Test Cases/3. get token - feedback insurance" time="1.315" classname="Test Cases/3. get token - feedback insurance" status="PASSED">
         <system-out><![CDATA[2022-03-29 13:02:48 - [TEST_CASE][PASSED] - Test Cases/3. get token - feedback insurance: Test Cases/3. get token - feedback insurance

2022-03-29 13:02:48 - [TEST_STEP][PASSED] - token = sendRequest(findTestObject("1. Get-Token")): Send request successfully

2022-03-29 13:02:49 - [MESSAGE][INFO] - HAR: I:\app-testing\app-project\Order car insurance\order-car-insurance\Reports\20220329_124138\3. Get feedback insurance - Batch 1\20220329_124139\requests\main\462.har

2022-03-29 13:02:49 - [MESSAGE][PASSED] - Send request successfully

2022-03-29 13:02:49 - [TEST_STEP][PASSED] - slurper = new groovy.json.JsonSlurper(): null

2022-03-29 13:02:49 - [TEST_STEP][PASSED] - get_token = slurper.parseText(token.getResponseBodyContent()): null

2022-03-29 13:02:49 - [TEST_STEP][PASSED] - private_token = access_token: null

2022-03-29 13:02:49 - [TEST_STEP][PASSED] - global_token = private_token: null

2022-03-29 13:02:49 - [TEST_STEP][PASSED] - println("token is :" + global_token): null

2022-03-29 13:02:49 - [TEST_STEP][PASSED] - response_token = token.getResponseText(): null

2022-03-29 13:02:49 - [TEST_STEP][PASSED] - logInfo($response_token): {"fault":{"faultstring":"Access Denied for client ip : 8.29.105.53","detail":{"errorcode":"accesscontrol.IPDeniedAccess"}}}

2022-03-29 13:02:49 - [MESSAGE][INFO] - {"fault":{"faultstring":"Access Denied for client ip : 8.29.105.53","detail":{"errorcode":"accesscontrol.IPDeniedAccess"}}}

2022-03-29 13:02:49 - [TEST_STEP][PASSED] - feedback = sendRequest(findTestObject("4. Feedback-ins", ["s_key":global_token, "batchid":batchid, "norek":norek, "nopin":nopin, "custname":custname, "pemohon":pemohon, "branchid":branchid, ... ])): Send request successfully

2022-03-29 13:02:50 - [MESSAGE][INFO] - HAR: I:\app-testing\app-project\Order car insurance\order-car-insurance\Reports\20220329_124138\3. Get feedback insurance - Batch 1\20220329_124139\requests\main\463.har

2022-03-29 13:02:50 - [MESSAGE][PASSED] - Send request successfully

2022-03-29 13:02:50 - [TEST_STEP][PASSED] - response_feedback = feedback.getResponseText(): null

2022-03-29 13:02:50 - [TEST_STEP][PASSED] - markPassed("result feedback data : " + no + " norek : " + norek + " nopin : " + nopin): result feedback data : 278 norek : 9530008505 nopin : 001

2022-03-29 13:02:50 - [MESSAGE][PASSED] - result feedback data : 278 norek : 9530008505 nopin : 001

2022-03-29 13:02:50 - [TEST_STEP][PASSED] - logInfo($response_feedback): {
  "FeedbackCarInsuranceResponse" : {
    "errorCode" : "00",
    "errorMessage" : "Sukses"
  }
}

2022-03-29 13:02:50 - [MESSAGE][INFO] - {
  "FeedbackCarInsuranceResponse" : {
    "errorCode" : "00",
    "errorMessage" : "Sukses"
  }
}

2022-03-29 13:02:50 - [TEST_STEP][PASSED] - verifyElementPropertyValue(feedback, "FeedbackCarInsuranceResponse.errorMessage", "Sukses", CONTINUE_ON_FAILURE): Verify element property value successfully

2022-03-29 13:02:50 - [MESSAGE][PASSED] - Verify element property value successfully]]></system-out>
         <system-err><![CDATA[]]></system-err>
      </testcase>
      <testcase name="Test Cases/3. get token - feedback insurance" time="1.12" classname="Test Cases/3. get token - feedback insurance" status="PASSED">
         <system-out><![CDATA[2022-03-29 13:02:50 - [TEST_CASE][PASSED] - Test Cases/3. get token - feedback insurance: Test Cases/3. get token - feedback insurance

2022-03-29 13:02:50 - [TEST_STEP][PASSED] - token = sendRequest(findTestObject("1. Get-Token")): Send request successfully

2022-03-29 13:02:50 - [MESSAGE][INFO] - HAR: I:\app-testing\app-project\Order car insurance\order-car-insurance\Reports\20220329_124138\3. Get feedback insurance - Batch 1\20220329_124139\requests\main\464.har

2022-03-29 13:02:50 - [MESSAGE][PASSED] - Send request successfully

2022-03-29 13:02:50 - [TEST_STEP][PASSED] - slurper = new groovy.json.JsonSlurper(): null

2022-03-29 13:02:50 - [TEST_STEP][PASSED] - get_token = slurper.parseText(token.getResponseBodyContent()): null

2022-03-29 13:02:50 - [TEST_STEP][PASSED] - private_token = access_token: null

2022-03-29 13:02:50 - [TEST_STEP][PASSED] - global_token = private_token: null

2022-03-29 13:02:50 - [TEST_STEP][PASSED] - println("token is :" + global_token): null

2022-03-29 13:02:50 - [TEST_STEP][PASSED] - response_token = token.getResponseText(): null

2022-03-29 13:02:50 - [TEST_STEP][PASSED] - logInfo($response_token): {"fault":{"faultstring":"Access Denied for client ip : 8.29.105.53","detail":{"errorcode":"accesscontrol.IPDeniedAccess"}}}

2022-03-29 13:02:50 - [MESSAGE][INFO] - {"fault":{"faultstring":"Access Denied for client ip : 8.29.105.53","detail":{"errorcode":"accesscontrol.IPDeniedAccess"}}}

2022-03-29 13:02:50 - [TEST_STEP][PASSED] - feedback = sendRequest(findTestObject("4. Feedback-ins", ["s_key":global_token, "batchid":batchid, "norek":norek, "nopin":nopin, "custname":custname, "pemohon":pemohon, "branchid":branchid, ... ])): Send request successfully

2022-03-29 13:02:51 - [MESSAGE][INFO] - HAR: I:\app-testing\app-project\Order car insurance\order-car-insurance\Reports\20220329_124138\3. Get feedback insurance - Batch 1\20220329_124139\requests\main\465.har

2022-03-29 13:02:51 - [MESSAGE][PASSED] - Send request successfully

2022-03-29 13:02:51 - [TEST_STEP][PASSED] - response_feedback = feedback.getResponseText(): null

2022-03-29 13:02:51 - [TEST_STEP][PASSED] - markPassed("result feedback data : " + no + " norek : " + norek + " nopin : " + nopin): result feedback data : 279 norek : 9530008505 nopin : 001

2022-03-29 13:02:51 - [MESSAGE][PASSED] - result feedback data : 279 norek : 9530008505 nopin : 001

2022-03-29 13:02:51 - [TEST_STEP][PASSED] - logInfo($response_feedback): {
  "FeedbackCarInsuranceResponse" : {
    "errorCode" : "00",
    "errorMessage" : "Sukses"
  }
}

2022-03-29 13:02:51 - [MESSAGE][INFO] - {
  "FeedbackCarInsuranceResponse" : {
    "errorCode" : "00",
    "errorMessage" : "Sukses"
  }
}

2022-03-29 13:02:51 - [TEST_STEP][PASSED] - verifyElementPropertyValue(feedback, "FeedbackCarInsuranceResponse.errorMessage", "Sukses", CONTINUE_ON_FAILURE): Verify element property value successfully

2022-03-29 13:02:51 - [MESSAGE][PASSED] - Verify element property value successfully]]></system-out>
         <system-err><![CDATA[]]></system-err>
      </testcase>
      <testcase name="Test Cases/3. get token - feedback insurance" time="1.068" classname="Test Cases/3. get token - feedback insurance" status="PASSED">
         <system-out><![CDATA[2022-03-29 13:02:51 - [TEST_CASE][PASSED] - Test Cases/3. get token - feedback insurance: Test Cases/3. get token - feedback insurance

2022-03-29 13:02:52 - [TEST_STEP][PASSED] - token = sendRequest(findTestObject("1. Get-Token")): Send request successfully

2022-03-29 13:02:52 - [MESSAGE][INFO] - HAR: I:\app-testing\app-project\Order car insurance\order-car-insurance\Reports\20220329_124138\3. Get feedback insurance - Batch 1\20220329_124139\requests\main\466.har

2022-03-29 13:02:52 - [MESSAGE][PASSED] - Send request successfully

2022-03-29 13:02:52 - [TEST_STEP][PASSED] - slurper = new groovy.json.JsonSlurper(): null

2022-03-29 13:02:52 - [TEST_STEP][PASSED] - get_token = slurper.parseText(token.getResponseBodyContent()): null

2022-03-29 13:02:52 - [TEST_STEP][PASSED] - private_token = access_token: null

2022-03-29 13:02:52 - [TEST_STEP][PASSED] - global_token = private_token: null

2022-03-29 13:02:52 - [TEST_STEP][PASSED] - println("token is :" + global_token): null

2022-03-29 13:02:52 - [TEST_STEP][PASSED] - response_token = token.getResponseText(): null

2022-03-29 13:02:52 - [TEST_STEP][PASSED] - logInfo($response_token): {"fault":{"faultstring":"Access Denied for client ip : 8.29.105.53","detail":{"errorcode":"accesscontrol.IPDeniedAccess"}}}

2022-03-29 13:02:52 - [MESSAGE][INFO] - {"fault":{"faultstring":"Access Denied for client ip : 8.29.105.53","detail":{"errorcode":"accesscontrol.IPDeniedAccess"}}}

2022-03-29 13:02:52 - [TEST_STEP][PASSED] - feedback = sendRequest(findTestObject("4. Feedback-ins", ["s_key":global_token, "batchid":batchid, "norek":norek, "nopin":nopin, "custname":custname, "pemohon":pemohon, "branchid":branchid, ... ])): Send request successfully

2022-03-29 13:02:53 - [MESSAGE][INFO] - HAR: I:\app-testing\app-project\Order car insurance\order-car-insurance\Reports\20220329_124138\3. Get feedback insurance - Batch 1\20220329_124139\requests\main\467.har

2022-03-29 13:02:53 - [MESSAGE][PASSED] - Send request successfully

2022-03-29 13:02:53 - [TEST_STEP][PASSED] - response_feedback = feedback.getResponseText(): null

2022-03-29 13:02:53 - [TEST_STEP][PASSED] - markPassed("result feedback data : " + no + " norek : " + norek + " nopin : " + nopin): result feedback data : 280 norek : 9530008505 nopin : 001

2022-03-29 13:02:53 - [MESSAGE][PASSED] - result feedback data : 280 norek : 9530008505 nopin : 001

2022-03-29 13:02:53 - [TEST_STEP][PASSED] - logInfo($response_feedback): {
  "FeedbackCarInsuranceResponse" : {
    "errorCode" : "00",
    "errorMessage" : "Sukses"
  }
}

2022-03-29 13:02:53 - [MESSAGE][INFO] - {
  "FeedbackCarInsuranceResponse" : {
    "errorCode" : "00",
    "errorMessage" : "Sukses"
  }
}

2022-03-29 13:02:53 - [TEST_STEP][PASSED] - verifyElementPropertyValue(feedback, "FeedbackCarInsuranceResponse.errorMessage", "Sukses", CONTINUE_ON_FAILURE): Verify element property value successfully

2022-03-29 13:02:53 - [MESSAGE][PASSED] - Verify element property value successfully]]></system-out>
         <system-err><![CDATA[]]></system-err>
      </testcase>
      <testcase name="Test Cases/3. get token - feedback insurance" time="1.096" classname="Test Cases/3. get token - feedback insurance" status="PASSED">
         <system-out><![CDATA[2022-03-29 13:02:53 - [TEST_CASE][PASSED] - Test Cases/3. get token - feedback insurance: Test Cases/3. get token - feedback insurance

2022-03-29 13:02:53 - [TEST_STEP][PASSED] - token = sendRequest(findTestObject("1. Get-Token")): Send request successfully

2022-03-29 13:02:53 - [MESSAGE][INFO] - HAR: I:\app-testing\app-project\Order car insurance\order-car-insurance\Reports\20220329_124138\3. Get feedback insurance - Batch 1\20220329_124139\requests\main\468.har

2022-03-29 13:02:53 - [MESSAGE][PASSED] - Send request successfully

2022-03-29 13:02:53 - [TEST_STEP][PASSED] - slurper = new groovy.json.JsonSlurper(): null

2022-03-29 13:02:53 - [TEST_STEP][PASSED] - get_token = slurper.parseText(token.getResponseBodyContent()): null

2022-03-29 13:02:53 - [TEST_STEP][PASSED] - private_token = access_token: null

2022-03-29 13:02:53 - [TEST_STEP][PASSED] - global_token = private_token: null

2022-03-29 13:02:53 - [TEST_STEP][PASSED] - println("token is :" + global_token): null

2022-03-29 13:02:53 - [TEST_STEP][PASSED] - response_token = token.getResponseText(): null

2022-03-29 13:02:53 - [TEST_STEP][PASSED] - logInfo($response_token): {"fault":{"faultstring":"Access Denied for client ip : 8.29.105.53","detail":{"errorcode":"accesscontrol.IPDeniedAccess"}}}

2022-03-29 13:02:53 - [MESSAGE][INFO] - {"fault":{"faultstring":"Access Denied for client ip : 8.29.105.53","detail":{"errorcode":"accesscontrol.IPDeniedAccess"}}}

2022-03-29 13:02:53 - [TEST_STEP][PASSED] - feedback = sendRequest(findTestObject("4. Feedback-ins", ["s_key":global_token, "batchid":batchid, "norek":norek, "nopin":nopin, "custname":custname, "pemohon":pemohon, "branchid":branchid, ... ])): Send request successfully

2022-03-29 13:02:54 - [MESSAGE][INFO] - HAR: I:\app-testing\app-project\Order car insurance\order-car-insurance\Reports\20220329_124138\3. Get feedback insurance - Batch 1\20220329_124139\requests\main\469.har

2022-03-29 13:02:54 - [MESSAGE][PASSED] - Send request successfully

2022-03-29 13:02:54 - [TEST_STEP][PASSED] - response_feedback = feedback.getResponseText(): null

2022-03-29 13:02:54 - [TEST_STEP][PASSED] - markPassed("result feedback data : " + no + " norek : " + norek + " nopin : " + nopin): result feedback data : 281 norek : 9530008505 nopin : 001

2022-03-29 13:02:54 - [MESSAGE][PASSED] - result feedback data : 281 norek : 9530008505 nopin : 001

2022-03-29 13:02:54 - [TEST_STEP][PASSED] - logInfo($response_feedback): {
  "FeedbackCarInsuranceResponse" : {
    "errorCode" : "00",
    "errorMessage" : "Sukses"
  }
}

2022-03-29 13:02:54 - [MESSAGE][INFO] - {
  "FeedbackCarInsuranceResponse" : {
    "errorCode" : "00",
    "errorMessage" : "Sukses"
  }
}

2022-03-29 13:02:54 - [TEST_STEP][PASSED] - verifyElementPropertyValue(feedback, "FeedbackCarInsuranceResponse.errorMessage", "Sukses", CONTINUE_ON_FAILURE): Verify element property value successfully

2022-03-29 13:02:54 - [MESSAGE][PASSED] - Verify element property value successfully]]></system-out>
         <system-err><![CDATA[]]></system-err>
      </testcase>
      <testcase name="Test Cases/3. get token - feedback insurance" time="1.092" classname="Test Cases/3. get token - feedback insurance" status="PASSED">
         <system-out><![CDATA[2022-03-29 13:02:54 - [TEST_CASE][PASSED] - Test Cases/3. get token - feedback insurance: Test Cases/3. get token - feedback insurance

2022-03-29 13:02:54 - [TEST_STEP][PASSED] - token = sendRequest(findTestObject("1. Get-Token")): Send request successfully

2022-03-29 13:02:55 - [MESSAGE][INFO] - HAR: I:\app-testing\app-project\Order car insurance\order-car-insurance\Reports\20220329_124138\3. Get feedback insurance - Batch 1\20220329_124139\requests\main\470.har

2022-03-29 13:02:55 - [MESSAGE][PASSED] - Send request successfully

2022-03-29 13:02:55 - [TEST_STEP][PASSED] - slurper = new groovy.json.JsonSlurper(): null

2022-03-29 13:02:55 - [TEST_STEP][PASSED] - get_token = slurper.parseText(token.getResponseBodyContent()): null

2022-03-29 13:02:55 - [TEST_STEP][PASSED] - private_token = access_token: null

2022-03-29 13:02:55 - [TEST_STEP][PASSED] - global_token = private_token: null

2022-03-29 13:02:55 - [TEST_STEP][PASSED] - println("token is :" + global_token): null

2022-03-29 13:02:55 - [TEST_STEP][PASSED] - response_token = token.getResponseText(): null

2022-03-29 13:02:55 - [TEST_STEP][PASSED] - logInfo($response_token): {"fault":{"faultstring":"Access Denied for client ip : 8.29.105.53","detail":{"errorcode":"accesscontrol.IPDeniedAccess"}}}

2022-03-29 13:02:55 - [MESSAGE][INFO] - {"fault":{"faultstring":"Access Denied for client ip : 8.29.105.53","detail":{"errorcode":"accesscontrol.IPDeniedAccess"}}}

2022-03-29 13:02:55 - [TEST_STEP][PASSED] - feedback = sendRequest(findTestObject("4. Feedback-ins", ["s_key":global_token, "batchid":batchid, "norek":norek, "nopin":nopin, "custname":custname, "pemohon":pemohon, "branchid":branchid, ... ])): Send request successfully

2022-03-29 13:02:55 - [MESSAGE][INFO] - HAR: I:\app-testing\app-project\Order car insurance\order-car-insurance\Reports\20220329_124138\3. Get feedback insurance - Batch 1\20220329_124139\requests\main\471.har

2022-03-29 13:02:55 - [MESSAGE][PASSED] - Send request successfully

2022-03-29 13:02:55 - [TEST_STEP][PASSED] - response_feedback = feedback.getResponseText(): null

2022-03-29 13:02:55 - [TEST_STEP][PASSED] - markPassed("result feedback data : " + no + " norek : " + norek + " nopin : " + nopin): result feedback data : 282 norek : 9530008505 nopin : 001

2022-03-29 13:02:55 - [MESSAGE][PASSED] - result feedback data : 282 norek : 9530008505 nopin : 001

2022-03-29 13:02:55 - [TEST_STEP][PASSED] - logInfo($response_feedback): {
  "FeedbackCarInsuranceResponse" : {
    "errorCode" : "00",
    "errorMessage" : "Sukses"
  }
}

2022-03-29 13:02:55 - [MESSAGE][INFO] - {
  "FeedbackCarInsuranceResponse" : {
    "errorCode" : "00",
    "errorMessage" : "Sukses"
  }
}

2022-03-29 13:02:55 - [TEST_STEP][PASSED] - verifyElementPropertyValue(feedback, "FeedbackCarInsuranceResponse.errorMessage", "Sukses", CONTINUE_ON_FAILURE): Verify element property value successfully

2022-03-29 13:02:56 - [MESSAGE][PASSED] - Verify element property value successfully]]></system-out>
         <system-err><![CDATA[]]></system-err>
      </testcase>
      <testcase name="Test Cases/3. get token - feedback insurance" time="5.72" classname="Test Cases/3. get token - feedback insurance" status="PASSED">
         <system-out><![CDATA[2022-03-29 13:02:56 - [TEST_CASE][PASSED] - Test Cases/3. get token - feedback insurance: Test Cases/3. get token - feedback insurance

2022-03-29 13:02:56 - [TEST_STEP][PASSED] - token = sendRequest(findTestObject("1. Get-Token")): Send request successfully

2022-03-29 13:02:56 - [MESSAGE][INFO] - HAR: I:\app-testing\app-project\Order car insurance\order-car-insurance\Reports\20220329_124138\3. Get feedback insurance - Batch 1\20220329_124139\requests\main\472.har

2022-03-29 13:02:56 - [MESSAGE][PASSED] - Send request successfully

2022-03-29 13:02:56 - [TEST_STEP][PASSED] - slurper = new groovy.json.JsonSlurper(): null

2022-03-29 13:02:56 - [TEST_STEP][PASSED] - get_token = slurper.parseText(token.getResponseBodyContent()): null

2022-03-29 13:02:56 - [TEST_STEP][PASSED] - private_token = access_token: null

2022-03-29 13:02:56 - [TEST_STEP][PASSED] - global_token = private_token: null

2022-03-29 13:02:56 - [TEST_STEP][PASSED] - println("token is :" + global_token): null

2022-03-29 13:02:56 - [TEST_STEP][PASSED] - response_token = token.getResponseText(): null

2022-03-29 13:02:56 - [TEST_STEP][PASSED] - logInfo($response_token): {"fault":{"faultstring":"Access Denied for client ip : 8.29.105.53","detail":{"errorcode":"accesscontrol.IPDeniedAccess"}}}

2022-03-29 13:02:56 - [MESSAGE][INFO] - {"fault":{"faultstring":"Access Denied for client ip : 8.29.105.53","detail":{"errorcode":"accesscontrol.IPDeniedAccess"}}}

2022-03-29 13:02:56 - [TEST_STEP][PASSED] - feedback = sendRequest(findTestObject("4. Feedback-ins", ["s_key":global_token, "batchid":batchid, "norek":norek, "nopin":nopin, "custname":custname, "pemohon":pemohon, "branchid":branchid, ... ])): Send request successfully

2022-03-29 13:03:02 - [MESSAGE][INFO] - HAR: I:\app-testing\app-project\Order car insurance\order-car-insurance\Reports\20220329_124138\3. Get feedback insurance - Batch 1\20220329_124139\requests\main\473.har

2022-03-29 13:03:02 - [MESSAGE][PASSED] - Send request successfully

2022-03-29 13:03:02 - [TEST_STEP][PASSED] - response_feedback = feedback.getResponseText(): null

2022-03-29 13:03:02 - [TEST_STEP][PASSED] - markPassed("result feedback data : " + no + " norek : " + norek + " nopin : " + nopin): result feedback data : 283 norek : 9530008505 nopin : 001

2022-03-29 13:03:02 - [MESSAGE][PASSED] - result feedback data : 283 norek : 9530008505 nopin : 001

2022-03-29 13:03:02 - [TEST_STEP][PASSED] - logInfo($response_feedback): {
  "FeedbackCarInsuranceResponse" : {
    "errorCode" : "00",
    "errorMessage" : "Sukses"
  }
}

2022-03-29 13:03:02 - [MESSAGE][INFO] - {
  "FeedbackCarInsuranceResponse" : {
    "errorCode" : "00",
    "errorMessage" : "Sukses"
  }
}

2022-03-29 13:03:02 - [TEST_STEP][PASSED] - verifyElementPropertyValue(feedback, "FeedbackCarInsuranceResponse.errorMessage", "Sukses", CONTINUE_ON_FAILURE): Verify element property value successfully

2022-03-29 13:03:02 - [MESSAGE][PASSED] - Verify element property value successfully]]></system-out>
         <system-err><![CDATA[]]></system-err>
      </testcase>
      <testcase name="Test Cases/3. get token - feedback insurance" time="1.174" classname="Test Cases/3. get token - feedback insurance" status="PASSED">
         <system-out><![CDATA[2022-03-29 13:03:02 - [TEST_CASE][PASSED] - Test Cases/3. get token - feedback insurance: Test Cases/3. get token - feedback insurance

2022-03-29 13:03:02 - [TEST_STEP][PASSED] - token = sendRequest(findTestObject("1. Get-Token")): Send request successfully

2022-03-29 13:03:02 - [MESSAGE][INFO] - HAR: I:\app-testing\app-project\Order car insurance\order-car-insurance\Reports\20220329_124138\3. Get feedback insurance - Batch 1\20220329_124139\requests\main\474.har

2022-03-29 13:03:02 - [MESSAGE][PASSED] - Send request successfully

2022-03-29 13:03:02 - [TEST_STEP][PASSED] - slurper = new groovy.json.JsonSlurper(): null

2022-03-29 13:03:02 - [TEST_STEP][PASSED] - get_token = slurper.parseText(token.getResponseBodyContent()): null

2022-03-29 13:03:02 - [TEST_STEP][PASSED] - private_token = access_token: null

2022-03-29 13:03:02 - [TEST_STEP][PASSED] - global_token = private_token: null

2022-03-29 13:03:02 - [TEST_STEP][PASSED] - println("token is :" + global_token): null

2022-03-29 13:03:02 - [TEST_STEP][PASSED] - response_token = token.getResponseText(): null

2022-03-29 13:03:02 - [TEST_STEP][PASSED] - logInfo($response_token): {"fault":{"faultstring":"Access Denied for client ip : 8.29.105.53","detail":{"errorcode":"accesscontrol.IPDeniedAccess"}}}

2022-03-29 13:03:02 - [MESSAGE][INFO] - {"fault":{"faultstring":"Access Denied for client ip : 8.29.105.53","detail":{"errorcode":"accesscontrol.IPDeniedAccess"}}}

2022-03-29 13:03:02 - [TEST_STEP][PASSED] - feedback = sendRequest(findTestObject("4. Feedback-ins", ["s_key":global_token, "batchid":batchid, "norek":norek, "nopin":nopin, "custname":custname, "pemohon":pemohon, "branchid":branchid, ... ])): Send request successfully

2022-03-29 13:03:03 - [MESSAGE][INFO] - HAR: I:\app-testing\app-project\Order car insurance\order-car-insurance\Reports\20220329_124138\3. Get feedback insurance - Batch 1\20220329_124139\requests\main\475.har

2022-03-29 13:03:03 - [MESSAGE][PASSED] - Send request successfully

2022-03-29 13:03:03 - [TEST_STEP][PASSED] - response_feedback = feedback.getResponseText(): null

2022-03-29 13:03:03 - [TEST_STEP][PASSED] - markPassed("result feedback data : " + no + " norek : " + norek + " nopin : " + nopin): result feedback data : 284 norek : 9530008505 nopin : 001

2022-03-29 13:03:03 - [MESSAGE][PASSED] - result feedback data : 284 norek : 9530008505 nopin : 001

2022-03-29 13:03:03 - [TEST_STEP][PASSED] - logInfo($response_feedback): {
  "FeedbackCarInsuranceResponse" : {
    "errorCode" : "00",
    "errorMessage" : "Sukses"
  }
}

2022-03-29 13:03:03 - [MESSAGE][INFO] - {
  "FeedbackCarInsuranceResponse" : {
    "errorCode" : "00",
    "errorMessage" : "Sukses"
  }
}

2022-03-29 13:03:03 - [TEST_STEP][PASSED] - verifyElementPropertyValue(feedback, "FeedbackCarInsuranceResponse.errorMessage", "Sukses", CONTINUE_ON_FAILURE): Verify element property value successfully

2022-03-29 13:03:03 - [MESSAGE][PASSED] - Verify element property value successfully]]></system-out>
         <system-err><![CDATA[]]></system-err>
      </testcase>
      <testcase name="Test Cases/3. get token - feedback insurance" time="1.065" classname="Test Cases/3. get token - feedback insurance" status="PASSED">
         <system-out><![CDATA[2022-03-29 13:03:04 - [TEST_CASE][PASSED] - Test Cases/3. get token - feedback insurance: Test Cases/3. get token - feedback insurance

2022-03-29 13:03:04 - [TEST_STEP][PASSED] - token = sendRequest(findTestObject("1. Get-Token")): Send request successfully

2022-03-29 13:03:04 - [MESSAGE][INFO] - HAR: I:\app-testing\app-project\Order car insurance\order-car-insurance\Reports\20220329_124138\3. Get feedback insurance - Batch 1\20220329_124139\requests\main\476.har

2022-03-29 13:03:04 - [MESSAGE][PASSED] - Send request successfully

2022-03-29 13:03:04 - [TEST_STEP][PASSED] - slurper = new groovy.json.JsonSlurper(): null

2022-03-29 13:03:04 - [TEST_STEP][PASSED] - get_token = slurper.parseText(token.getResponseBodyContent()): null

2022-03-29 13:03:04 - [TEST_STEP][PASSED] - private_token = access_token: null

2022-03-29 13:03:04 - [TEST_STEP][PASSED] - global_token = private_token: null

2022-03-29 13:03:04 - [TEST_STEP][PASSED] - println("token is :" + global_token): null

2022-03-29 13:03:04 - [TEST_STEP][PASSED] - response_token = token.getResponseText(): null

2022-03-29 13:03:04 - [TEST_STEP][PASSED] - logInfo($response_token): {"fault":{"faultstring":"Access Denied for client ip : 8.29.105.53","detail":{"errorcode":"accesscontrol.IPDeniedAccess"}}}

2022-03-29 13:03:04 - [MESSAGE][INFO] - {"fault":{"faultstring":"Access Denied for client ip : 8.29.105.53","detail":{"errorcode":"accesscontrol.IPDeniedAccess"}}}

2022-03-29 13:03:04 - [TEST_STEP][PASSED] - feedback = sendRequest(findTestObject("4. Feedback-ins", ["s_key":global_token, "batchid":batchid, "norek":norek, "nopin":nopin, "custname":custname, "pemohon":pemohon, "branchid":branchid, ... ])): Send request successfully

2022-03-29 13:03:05 - [MESSAGE][INFO] - HAR: I:\app-testing\app-project\Order car insurance\order-car-insurance\Reports\20220329_124138\3. Get feedback insurance - Batch 1\20220329_124139\requests\main\477.har

2022-03-29 13:03:05 - [MESSAGE][PASSED] - Send request successfully

2022-03-29 13:03:05 - [TEST_STEP][PASSED] - response_feedback = feedback.getResponseText(): null

2022-03-29 13:03:05 - [TEST_STEP][PASSED] - markPassed("result feedback data : " + no + " norek : " + norek + " nopin : " + nopin): result feedback data : 285 norek : 9530008505 nopin : 001

2022-03-29 13:03:05 - [MESSAGE][PASSED] - result feedback data : 285 norek : 9530008505 nopin : 001

2022-03-29 13:03:05 - [TEST_STEP][PASSED] - logInfo($response_feedback): {
  "FeedbackCarInsuranceResponse" : {
    "errorCode" : "00",
    "errorMessage" : "Sukses"
  }
}

2022-03-29 13:03:05 - [MESSAGE][INFO] - {
  "FeedbackCarInsuranceResponse" : {
    "errorCode" : "00",
    "errorMessage" : "Sukses"
  }
}

2022-03-29 13:03:05 - [TEST_STEP][PASSED] - verifyElementPropertyValue(feedback, "FeedbackCarInsuranceResponse.errorMessage", "Sukses", CONTINUE_ON_FAILURE): Verify element property value successfully

2022-03-29 13:03:05 - [MESSAGE][PASSED] - Verify element property value successfully]]></system-out>
         <system-err><![CDATA[]]></system-err>
      </testcase>
      <testcase name="Test Cases/3. get token - feedback insurance" time="1.301" classname="Test Cases/3. get token - feedback insurance" status="PASSED">
         <system-out><![CDATA[2022-03-29 13:03:05 - [TEST_CASE][PASSED] - Test Cases/3. get token - feedback insurance: Test Cases/3. get token - feedback insurance

2022-03-29 13:03:05 - [TEST_STEP][PASSED] - token = sendRequest(findTestObject("1. Get-Token")): Send request successfully

2022-03-29 13:03:05 - [MESSAGE][INFO] - HAR: I:\app-testing\app-project\Order car insurance\order-car-insurance\Reports\20220329_124138\3. Get feedback insurance - Batch 1\20220329_124139\requests\main\478.har

2022-03-29 13:03:05 - [MESSAGE][PASSED] - Send request successfully

2022-03-29 13:03:05 - [TEST_STEP][PASSED] - slurper = new groovy.json.JsonSlurper(): null

2022-03-29 13:03:05 - [TEST_STEP][PASSED] - get_token = slurper.parseText(token.getResponseBodyContent()): null

2022-03-29 13:03:05 - [TEST_STEP][PASSED] - private_token = access_token: null

2022-03-29 13:03:05 - [TEST_STEP][PASSED] - global_token = private_token: null

2022-03-29 13:03:05 - [TEST_STEP][PASSED] - println("token is :" + global_token): null

2022-03-29 13:03:05 - [TEST_STEP][PASSED] - response_token = token.getResponseText(): null

2022-03-29 13:03:05 - [TEST_STEP][PASSED] - logInfo($response_token): {"fault":{"faultstring":"Access Denied for client ip : 8.29.105.53","detail":{"errorcode":"accesscontrol.IPDeniedAccess"}}}

2022-03-29 13:03:05 - [MESSAGE][INFO] - {"fault":{"faultstring":"Access Denied for client ip : 8.29.105.53","detail":{"errorcode":"accesscontrol.IPDeniedAccess"}}}

2022-03-29 13:03:05 - [TEST_STEP][PASSED] - feedback = sendRequest(findTestObject("4. Feedback-ins", ["s_key":global_token, "batchid":batchid, "norek":norek, "nopin":nopin, "custname":custname, "pemohon":pemohon, "branchid":branchid, ... ])): Send request successfully

2022-03-29 13:03:06 - [MESSAGE][INFO] - HAR: I:\app-testing\app-project\Order car insurance\order-car-insurance\Reports\20220329_124138\3. Get feedback insurance - Batch 1\20220329_124139\requests\main\479.har

2022-03-29 13:03:06 - [MESSAGE][PASSED] - Send request successfully

2022-03-29 13:03:06 - [TEST_STEP][PASSED] - response_feedback = feedback.getResponseText(): null

2022-03-29 13:03:06 - [TEST_STEP][PASSED] - markPassed("result feedback data : " + no + " norek : " + norek + " nopin : " + nopin): result feedback data : 286 norek : 9552005564 nopin : 001

2022-03-29 13:03:06 - [MESSAGE][PASSED] - result feedback data : 286 norek : 9552005564 nopin : 001

2022-03-29 13:03:06 - [TEST_STEP][PASSED] - logInfo($response_feedback): {
  "FeedbackCarInsuranceResponse" : {
    "errorCode" : "00",
    "errorMessage" : "Sukses"
  }
}

2022-03-29 13:03:06 - [MESSAGE][INFO] - {
  "FeedbackCarInsuranceResponse" : {
    "errorCode" : "00",
    "errorMessage" : "Sukses"
  }
}

2022-03-29 13:03:06 - [TEST_STEP][PASSED] - verifyElementPropertyValue(feedback, "FeedbackCarInsuranceResponse.errorMessage", "Sukses", CONTINUE_ON_FAILURE): Verify element property value successfully

2022-03-29 13:03:06 - [MESSAGE][PASSED] - Verify element property value successfully]]></system-out>
         <system-err><![CDATA[]]></system-err>
      </testcase>
      <testcase name="Test Cases/3. get token - feedback insurance" time="1.1" classname="Test Cases/3. get token - feedback insurance" status="PASSED">
         <system-out><![CDATA[2022-03-29 13:03:07 - [TEST_CASE][PASSED] - Test Cases/3. get token - feedback insurance: Test Cases/3. get token - feedback insurance

2022-03-29 13:03:07 - [TEST_STEP][PASSED] - token = sendRequest(findTestObject("1. Get-Token")): Send request successfully

2022-03-29 13:03:07 - [MESSAGE][INFO] - HAR: I:\app-testing\app-project\Order car insurance\order-car-insurance\Reports\20220329_124138\3. Get feedback insurance - Batch 1\20220329_124139\requests\main\480.har

2022-03-29 13:03:07 - [MESSAGE][PASSED] - Send request successfully

2022-03-29 13:03:07 - [TEST_STEP][PASSED] - slurper = new groovy.json.JsonSlurper(): null

2022-03-29 13:03:07 - [TEST_STEP][PASSED] - get_token = slurper.parseText(token.getResponseBodyContent()): null

2022-03-29 13:03:07 - [TEST_STEP][PASSED] - private_token = access_token: null

2022-03-29 13:03:07 - [TEST_STEP][PASSED] - global_token = private_token: null

2022-03-29 13:03:07 - [TEST_STEP][PASSED] - println("token is :" + global_token): null

2022-03-29 13:03:07 - [TEST_STEP][PASSED] - response_token = token.getResponseText(): null

2022-03-29 13:03:07 - [TEST_STEP][PASSED] - logInfo($response_token): {"fault":{"faultstring":"Access Denied for client ip : 8.29.105.53","detail":{"errorcode":"accesscontrol.IPDeniedAccess"}}}

2022-03-29 13:03:07 - [MESSAGE][INFO] - {"fault":{"faultstring":"Access Denied for client ip : 8.29.105.53","detail":{"errorcode":"accesscontrol.IPDeniedAccess"}}}

2022-03-29 13:03:07 - [TEST_STEP][PASSED] - feedback = sendRequest(findTestObject("4. Feedback-ins", ["s_key":global_token, "batchid":batchid, "norek":norek, "nopin":nopin, "custname":custname, "pemohon":pemohon, "branchid":branchid, ... ])): Send request successfully

2022-03-29 13:03:08 - [MESSAGE][INFO] - HAR: I:\app-testing\app-project\Order car insurance\order-car-insurance\Reports\20220329_124138\3. Get feedback insurance - Batch 1\20220329_124139\requests\main\481.har

2022-03-29 13:03:08 - [MESSAGE][PASSED] - Send request successfully

2022-03-29 13:03:08 - [TEST_STEP][PASSED] - response_feedback = feedback.getResponseText(): null

2022-03-29 13:03:08 - [TEST_STEP][PASSED] - markPassed("result feedback data : " + no + " norek : " + norek + " nopin : " + nopin): result feedback data : 287 norek : 9552005564 nopin : 001

2022-03-29 13:03:08 - [MESSAGE][PASSED] - result feedback data : 287 norek : 9552005564 nopin : 001

2022-03-29 13:03:08 - [TEST_STEP][PASSED] - logInfo($response_feedback): {
  "FeedbackCarInsuranceResponse" : {
    "errorCode" : "00",
    "errorMessage" : "Sukses"
  }
}

2022-03-29 13:03:08 - [MESSAGE][INFO] - {
  "FeedbackCarInsuranceResponse" : {
    "errorCode" : "00",
    "errorMessage" : "Sukses"
  }
}

2022-03-29 13:03:08 - [TEST_STEP][PASSED] - verifyElementPropertyValue(feedback, "FeedbackCarInsuranceResponse.errorMessage", "Sukses", CONTINUE_ON_FAILURE): Verify element property value successfully

2022-03-29 13:03:08 - [MESSAGE][PASSED] - Verify element property value successfully]]></system-out>
         <system-err><![CDATA[]]></system-err>
      </testcase>
      <testcase name="Test Cases/3. get token - feedback insurance" time="1.078" classname="Test Cases/3. get token - feedback insurance" status="PASSED">
         <system-out><![CDATA[2022-03-29 13:03:08 - [TEST_CASE][PASSED] - Test Cases/3. get token - feedback insurance: Test Cases/3. get token - feedback insurance

2022-03-29 13:03:08 - [TEST_STEP][PASSED] - token = sendRequest(findTestObject("1. Get-Token")): Send request successfully

2022-03-29 13:03:09 - [MESSAGE][INFO] - HAR: I:\app-testing\app-project\Order car insurance\order-car-insurance\Reports\20220329_124138\3. Get feedback insurance - Batch 1\20220329_124139\requests\main\482.har

2022-03-29 13:03:09 - [MESSAGE][PASSED] - Send request successfully

2022-03-29 13:03:09 - [TEST_STEP][PASSED] - slurper = new groovy.json.JsonSlurper(): null

2022-03-29 13:03:09 - [TEST_STEP][PASSED] - get_token = slurper.parseText(token.getResponseBodyContent()): null

2022-03-29 13:03:09 - [TEST_STEP][PASSED] - private_token = access_token: null

2022-03-29 13:03:09 - [TEST_STEP][PASSED] - global_token = private_token: null

2022-03-29 13:03:09 - [TEST_STEP][PASSED] - println("token is :" + global_token): null

2022-03-29 13:03:09 - [TEST_STEP][PASSED] - response_token = token.getResponseText(): null

2022-03-29 13:03:09 - [TEST_STEP][PASSED] - logInfo($response_token): {"fault":{"faultstring":"Access Denied for client ip : 8.29.105.53","detail":{"errorcode":"accesscontrol.IPDeniedAccess"}}}

2022-03-29 13:03:09 - [MESSAGE][INFO] - {"fault":{"faultstring":"Access Denied for client ip : 8.29.105.53","detail":{"errorcode":"accesscontrol.IPDeniedAccess"}}}

2022-03-29 13:03:09 - [TEST_STEP][PASSED] - feedback = sendRequest(findTestObject("4. Feedback-ins", ["s_key":global_token, "batchid":batchid, "norek":norek, "nopin":nopin, "custname":custname, "pemohon":pemohon, "branchid":branchid, ... ])): Send request successfully

2022-03-29 13:03:09 - [MESSAGE][INFO] - HAR: I:\app-testing\app-project\Order car insurance\order-car-insurance\Reports\20220329_124138\3. Get feedback insurance - Batch 1\20220329_124139\requests\main\483.har

2022-03-29 13:03:09 - [MESSAGE][PASSED] - Send request successfully

2022-03-29 13:03:09 - [TEST_STEP][PASSED] - response_feedback = feedback.getResponseText(): null

2022-03-29 13:03:09 - [TEST_STEP][PASSED] - markPassed("result feedback data : " + no + " norek : " + norek + " nopin : " + nopin): result feedback data : 288 norek : 9552005564 nopin : 001

2022-03-29 13:03:09 - [MESSAGE][PASSED] - result feedback data : 288 norek : 9552005564 nopin : 001

2022-03-29 13:03:09 - [TEST_STEP][PASSED] - logInfo($response_feedback): {
  "FeedbackCarInsuranceResponse" : {
    "errorCode" : "00",
    "errorMessage" : "Sukses"
  }
}

2022-03-29 13:03:09 - [MESSAGE][INFO] - {
  "FeedbackCarInsuranceResponse" : {
    "errorCode" : "00",
    "errorMessage" : "Sukses"
  }
}

2022-03-29 13:03:09 - [TEST_STEP][PASSED] - verifyElementPropertyValue(feedback, "FeedbackCarInsuranceResponse.errorMessage", "Sukses", CONTINUE_ON_FAILURE): Verify element property value successfully

2022-03-29 13:03:09 - [MESSAGE][PASSED] - Verify element property value successfully]]></system-out>
         <system-err><![CDATA[]]></system-err>
      </testcase>
      <testcase name="Test Cases/3. get token - feedback insurance" time="2.988" classname="Test Cases/3. get token - feedback insurance" status="PASSED">
         <system-out><![CDATA[2022-03-29 13:03:10 - [TEST_CASE][PASSED] - Test Cases/3. get token - feedback insurance: Test Cases/3. get token - feedback insurance

2022-03-29 13:03:10 - [TEST_STEP][PASSED] - token = sendRequest(findTestObject("1. Get-Token")): Send request successfully

2022-03-29 13:03:10 - [MESSAGE][INFO] - HAR: I:\app-testing\app-project\Order car insurance\order-car-insurance\Reports\20220329_124138\3. Get feedback insurance - Batch 1\20220329_124139\requests\main\484.har

2022-03-29 13:03:10 - [MESSAGE][PASSED] - Send request successfully

2022-03-29 13:03:10 - [TEST_STEP][PASSED] - slurper = new groovy.json.JsonSlurper(): null

2022-03-29 13:03:10 - [TEST_STEP][PASSED] - get_token = slurper.parseText(token.getResponseBodyContent()): null

2022-03-29 13:03:10 - [TEST_STEP][PASSED] - private_token = access_token: null

2022-03-29 13:03:10 - [TEST_STEP][PASSED] - global_token = private_token: null

2022-03-29 13:03:10 - [TEST_STEP][PASSED] - println("token is :" + global_token): null

2022-03-29 13:03:10 - [TEST_STEP][PASSED] - response_token = token.getResponseText(): null

2022-03-29 13:03:10 - [TEST_STEP][PASSED] - logInfo($response_token): {"fault":{"faultstring":"Access Denied for client ip : 8.29.105.53","detail":{"errorcode":"accesscontrol.IPDeniedAccess"}}}

2022-03-29 13:03:10 - [MESSAGE][INFO] - {"fault":{"faultstring":"Access Denied for client ip : 8.29.105.53","detail":{"errorcode":"accesscontrol.IPDeniedAccess"}}}

2022-03-29 13:03:10 - [TEST_STEP][PASSED] - feedback = sendRequest(findTestObject("4. Feedback-ins", ["s_key":global_token, "batchid":batchid, "norek":norek, "nopin":nopin, "custname":custname, "pemohon":pemohon, "branchid":branchid, ... ])): Send request successfully

2022-03-29 13:03:13 - [MESSAGE][INFO] - HAR: I:\app-testing\app-project\Order car insurance\order-car-insurance\Reports\20220329_124138\3. Get feedback insurance - Batch 1\20220329_124139\requests\main\485.har

2022-03-29 13:03:13 - [MESSAGE][PASSED] - Send request successfully

2022-03-29 13:03:13 - [TEST_STEP][PASSED] - response_feedback = feedback.getResponseText(): null

2022-03-29 13:03:13 - [TEST_STEP][PASSED] - markPassed("result feedback data : " + no + " norek : " + norek + " nopin : " + nopin): result feedback data : 289 norek : 9552005564 nopin : 001

2022-03-29 13:03:13 - [MESSAGE][PASSED] - result feedback data : 289 norek : 9552005564 nopin : 001

2022-03-29 13:03:13 - [TEST_STEP][PASSED] - logInfo($response_feedback): {
  "FeedbackCarInsuranceResponse" : {
    "errorCode" : "00",
    "errorMessage" : "Sukses"
  }
}

2022-03-29 13:03:13 - [MESSAGE][INFO] - {
  "FeedbackCarInsuranceResponse" : {
    "errorCode" : "00",
    "errorMessage" : "Sukses"
  }
}

2022-03-29 13:03:13 - [TEST_STEP][PASSED] - verifyElementPropertyValue(feedback, "FeedbackCarInsuranceResponse.errorMessage", "Sukses", CONTINUE_ON_FAILURE): Verify element property value successfully

2022-03-29 13:03:13 - [MESSAGE][PASSED] - Verify element property value successfully]]></system-out>
         <system-err><![CDATA[]]></system-err>
      </testcase>
      <testcase name="Test Cases/3. get token - feedback insurance" time="1.065" classname="Test Cases/3. get token - feedback insurance" status="PASSED">
         <system-out><![CDATA[2022-03-29 13:03:13 - [TEST_CASE][PASSED] - Test Cases/3. get token - feedback insurance: Test Cases/3. get token - feedback insurance

2022-03-29 13:03:13 - [TEST_STEP][PASSED] - token = sendRequest(findTestObject("1. Get-Token")): Send request successfully

2022-03-29 13:03:13 - [MESSAGE][INFO] - HAR: I:\app-testing\app-project\Order car insurance\order-car-insurance\Reports\20220329_124138\3. Get feedback insurance - Batch 1\20220329_124139\requests\main\486.har

2022-03-29 13:03:13 - [MESSAGE][PASSED] - Send request successfully

2022-03-29 13:03:13 - [TEST_STEP][PASSED] - slurper = new groovy.json.JsonSlurper(): null

2022-03-29 13:03:13 - [TEST_STEP][PASSED] - get_token = slurper.parseText(token.getResponseBodyContent()): null

2022-03-29 13:03:13 - [TEST_STEP][PASSED] - private_token = access_token: null

2022-03-29 13:03:13 - [TEST_STEP][PASSED] - global_token = private_token: null

2022-03-29 13:03:13 - [TEST_STEP][PASSED] - println("token is :" + global_token): null

2022-03-29 13:03:13 - [TEST_STEP][PASSED] - response_token = token.getResponseText(): null

2022-03-29 13:03:13 - [TEST_STEP][PASSED] - logInfo($response_token): {"fault":{"faultstring":"Access Denied for client ip : 8.29.105.53","detail":{"errorcode":"accesscontrol.IPDeniedAccess"}}}

2022-03-29 13:03:13 - [MESSAGE][INFO] - {"fault":{"faultstring":"Access Denied for client ip : 8.29.105.53","detail":{"errorcode":"accesscontrol.IPDeniedAccess"}}}

2022-03-29 13:03:13 - [TEST_STEP][PASSED] - feedback = sendRequest(findTestObject("4. Feedback-ins", ["s_key":global_token, "batchid":batchid, "norek":norek, "nopin":nopin, "custname":custname, "pemohon":pemohon, "branchid":branchid, ... ])): Send request successfully

2022-03-29 13:03:14 - [MESSAGE][INFO] - HAR: I:\app-testing\app-project\Order car insurance\order-car-insurance\Reports\20220329_124138\3. Get feedback insurance - Batch 1\20220329_124139\requests\main\487.har

2022-03-29 13:03:14 - [MESSAGE][PASSED] - Send request successfully

2022-03-29 13:03:14 - [TEST_STEP][PASSED] - response_feedback = feedback.getResponseText(): null

2022-03-29 13:03:14 - [TEST_STEP][PASSED] - markPassed("result feedback data : " + no + " norek : " + norek + " nopin : " + nopin): result feedback data : 290 norek : 9552005564 nopin : 001

2022-03-29 13:03:14 - [MESSAGE][PASSED] - result feedback data : 290 norek : 9552005564 nopin : 001

2022-03-29 13:03:14 - [TEST_STEP][PASSED] - logInfo($response_feedback): {
  "FeedbackCarInsuranceResponse" : {
    "errorCode" : "00",
    "errorMessage" : "Sukses"
  }
}

2022-03-29 13:03:14 - [MESSAGE][INFO] - {
  "FeedbackCarInsuranceResponse" : {
    "errorCode" : "00",
    "errorMessage" : "Sukses"
  }
}

2022-03-29 13:03:14 - [TEST_STEP][PASSED] - verifyElementPropertyValue(feedback, "FeedbackCarInsuranceResponse.errorMessage", "Sukses", CONTINUE_ON_FAILURE): Verify element property value successfully

2022-03-29 13:03:14 - [MESSAGE][PASSED] - Verify element property value successfully]]></system-out>
         <system-err><![CDATA[]]></system-err>
      </testcase>
      <testcase name="Test Cases/3. get token - feedback insurance" time="1.046" classname="Test Cases/3. get token - feedback insurance" status="PASSED">
         <system-out><![CDATA[2022-03-29 13:03:15 - [TEST_CASE][PASSED] - Test Cases/3. get token - feedback insurance: Test Cases/3. get token - feedback insurance

2022-03-29 13:03:15 - [TEST_STEP][PASSED] - token = sendRequest(findTestObject("1. Get-Token")): Send request successfully

2022-03-29 13:03:15 - [MESSAGE][INFO] - HAR: I:\app-testing\app-project\Order car insurance\order-car-insurance\Reports\20220329_124138\3. Get feedback insurance - Batch 1\20220329_124139\requests\main\488.har

2022-03-29 13:03:15 - [MESSAGE][PASSED] - Send request successfully

2022-03-29 13:03:15 - [TEST_STEP][PASSED] - slurper = new groovy.json.JsonSlurper(): null

2022-03-29 13:03:15 - [TEST_STEP][PASSED] - get_token = slurper.parseText(token.getResponseBodyContent()): null

2022-03-29 13:03:15 - [TEST_STEP][PASSED] - private_token = access_token: null

2022-03-29 13:03:15 - [TEST_STEP][PASSED] - global_token = private_token: null

2022-03-29 13:03:15 - [TEST_STEP][PASSED] - println("token is :" + global_token): null

2022-03-29 13:03:15 - [TEST_STEP][PASSED] - response_token = token.getResponseText(): null

2022-03-29 13:03:15 - [TEST_STEP][PASSED] - logInfo($response_token): {"fault":{"faultstring":"Access Denied for client ip : 8.29.105.53","detail":{"errorcode":"accesscontrol.IPDeniedAccess"}}}

2022-03-29 13:03:15 - [MESSAGE][INFO] - {"fault":{"faultstring":"Access Denied for client ip : 8.29.105.53","detail":{"errorcode":"accesscontrol.IPDeniedAccess"}}}

2022-03-29 13:03:15 - [TEST_STEP][PASSED] - feedback = sendRequest(findTestObject("4. Feedback-ins", ["s_key":global_token, "batchid":batchid, "norek":norek, "nopin":nopin, "custname":custname, "pemohon":pemohon, "branchid":branchid, ... ])): Send request successfully

2022-03-29 13:03:16 - [MESSAGE][INFO] - HAR: I:\app-testing\app-project\Order car insurance\order-car-insurance\Reports\20220329_124138\3. Get feedback insurance - Batch 1\20220329_124139\requests\main\489.har

2022-03-29 13:03:16 - [MESSAGE][PASSED] - Send request successfully

2022-03-29 13:03:16 - [TEST_STEP][PASSED] - response_feedback = feedback.getResponseText(): null

2022-03-29 13:03:16 - [TEST_STEP][PASSED] - markPassed("result feedback data : " + no + " norek : " + norek + " nopin : " + nopin): result feedback data : 291 norek : 9552005564 nopin : 001

2022-03-29 13:03:16 - [MESSAGE][PASSED] - result feedback data : 291 norek : 9552005564 nopin : 001

2022-03-29 13:03:16 - [TEST_STEP][PASSED] - logInfo($response_feedback): {
  "FeedbackCarInsuranceResponse" : {
    "errorCode" : "00",
    "errorMessage" : "Sukses"
  }
}

2022-03-29 13:03:16 - [MESSAGE][INFO] - {
  "FeedbackCarInsuranceResponse" : {
    "errorCode" : "00",
    "errorMessage" : "Sukses"
  }
}

2022-03-29 13:03:16 - [TEST_STEP][PASSED] - verifyElementPropertyValue(feedback, "FeedbackCarInsuranceResponse.errorMessage", "Sukses", CONTINUE_ON_FAILURE): Verify element property value successfully

2022-03-29 13:03:16 - [MESSAGE][PASSED] - Verify element property value successfully]]></system-out>
         <system-err><![CDATA[]]></system-err>
      </testcase>
      <testcase name="Test Cases/3. get token - feedback insurance" time="1.086" classname="Test Cases/3. get token - feedback insurance" status="PASSED">
         <system-out><![CDATA[2022-03-29 13:03:16 - [TEST_CASE][PASSED] - Test Cases/3. get token - feedback insurance: Test Cases/3. get token - feedback insurance

2022-03-29 13:03:16 - [TEST_STEP][PASSED] - token = sendRequest(findTestObject("1. Get-Token")): Send request successfully

2022-03-29 13:03:16 - [MESSAGE][INFO] - HAR: I:\app-testing\app-project\Order car insurance\order-car-insurance\Reports\20220329_124138\3. Get feedback insurance - Batch 1\20220329_124139\requests\main\490.har

2022-03-29 13:03:16 - [MESSAGE][PASSED] - Send request successfully

2022-03-29 13:03:16 - [TEST_STEP][PASSED] - slurper = new groovy.json.JsonSlurper(): null

2022-03-29 13:03:16 - [TEST_STEP][PASSED] - get_token = slurper.parseText(token.getResponseBodyContent()): null

2022-03-29 13:03:16 - [TEST_STEP][PASSED] - private_token = access_token: null

2022-03-29 13:03:16 - [TEST_STEP][PASSED] - global_token = private_token: null

2022-03-29 13:03:16 - [TEST_STEP][PASSED] - println("token is :" + global_token): null

2022-03-29 13:03:16 - [TEST_STEP][PASSED] - response_token = token.getResponseText(): null

2022-03-29 13:03:16 - [TEST_STEP][PASSED] - logInfo($response_token): {"fault":{"faultstring":"Access Denied for client ip : 8.29.105.53","detail":{"errorcode":"accesscontrol.IPDeniedAccess"}}}

2022-03-29 13:03:16 - [MESSAGE][INFO] - {"fault":{"faultstring":"Access Denied for client ip : 8.29.105.53","detail":{"errorcode":"accesscontrol.IPDeniedAccess"}}}

2022-03-29 13:03:16 - [TEST_STEP][PASSED] - feedback = sendRequest(findTestObject("4. Feedback-ins", ["s_key":global_token, "batchid":batchid, "norek":norek, "nopin":nopin, "custname":custname, "pemohon":pemohon, "branchid":branchid, ... ])): Send request successfully

2022-03-29 13:03:17 - [MESSAGE][INFO] - HAR: I:\app-testing\app-project\Order car insurance\order-car-insurance\Reports\20220329_124138\3. Get feedback insurance - Batch 1\20220329_124139\requests\main\491.har

2022-03-29 13:03:17 - [MESSAGE][PASSED] - Send request successfully

2022-03-29 13:03:17 - [TEST_STEP][PASSED] - response_feedback = feedback.getResponseText(): null

2022-03-29 13:03:17 - [TEST_STEP][PASSED] - markPassed("result feedback data : " + no + " norek : " + norek + " nopin : " + nopin): result feedback data : 292 norek : 9552005564 nopin : 001

2022-03-29 13:03:17 - [MESSAGE][PASSED] - result feedback data : 292 norek : 9552005564 nopin : 001

2022-03-29 13:03:17 - [TEST_STEP][PASSED] - logInfo($response_feedback): {
  "FeedbackCarInsuranceResponse" : {
    "errorCode" : "00",
    "errorMessage" : "Sukses"
  }
}

2022-03-29 13:03:17 - [MESSAGE][INFO] - {
  "FeedbackCarInsuranceResponse" : {
    "errorCode" : "00",
    "errorMessage" : "Sukses"
  }
}

2022-03-29 13:03:17 - [TEST_STEP][PASSED] - verifyElementPropertyValue(feedback, "FeedbackCarInsuranceResponse.errorMessage", "Sukses", CONTINUE_ON_FAILURE): Verify element property value successfully

2022-03-29 13:03:17 - [MESSAGE][PASSED] - Verify element property value successfully]]></system-out>
         <system-err><![CDATA[]]></system-err>
      </testcase>
      <testcase name="Test Cases/3. get token - feedback insurance" time="1.149" classname="Test Cases/3. get token - feedback insurance" status="PASSED">
         <system-out><![CDATA[2022-03-29 13:03:17 - [TEST_CASE][PASSED] - Test Cases/3. get token - feedback insurance: Test Cases/3. get token - feedback insurance

2022-03-29 13:03:17 - [TEST_STEP][PASSED] - token = sendRequest(findTestObject("1. Get-Token")): Send request successfully

2022-03-29 13:03:18 - [MESSAGE][INFO] - HAR: I:\app-testing\app-project\Order car insurance\order-car-insurance\Reports\20220329_124138\3. Get feedback insurance - Batch 1\20220329_124139\requests\main\492.har

2022-03-29 13:03:18 - [MESSAGE][PASSED] - Send request successfully

2022-03-29 13:03:18 - [TEST_STEP][PASSED] - slurper = new groovy.json.JsonSlurper(): null

2022-03-29 13:03:18 - [TEST_STEP][PASSED] - get_token = slurper.parseText(token.getResponseBodyContent()): null

2022-03-29 13:03:18 - [TEST_STEP][PASSED] - private_token = access_token: null

2022-03-29 13:03:18 - [TEST_STEP][PASSED] - global_token = private_token: null

2022-03-29 13:03:18 - [TEST_STEP][PASSED] - println("token is :" + global_token): null

2022-03-29 13:03:18 - [TEST_STEP][PASSED] - response_token = token.getResponseText(): null

2022-03-29 13:03:18 - [TEST_STEP][PASSED] - logInfo($response_token): {"fault":{"faultstring":"Access Denied for client ip : 8.29.105.53","detail":{"errorcode":"accesscontrol.IPDeniedAccess"}}}

2022-03-29 13:03:18 - [MESSAGE][INFO] - {"fault":{"faultstring":"Access Denied for client ip : 8.29.105.53","detail":{"errorcode":"accesscontrol.IPDeniedAccess"}}}

2022-03-29 13:03:18 - [TEST_STEP][PASSED] - feedback = sendRequest(findTestObject("4. Feedback-ins", ["s_key":global_token, "batchid":batchid, "norek":norek, "nopin":nopin, "custname":custname, "pemohon":pemohon, "branchid":branchid, ... ])): Send request successfully

2022-03-29 13:03:19 - [MESSAGE][INFO] - HAR: I:\app-testing\app-project\Order car insurance\order-car-insurance\Reports\20220329_124138\3. Get feedback insurance - Batch 1\20220329_124139\requests\main\493.har

2022-03-29 13:03:19 - [MESSAGE][PASSED] - Send request successfully

2022-03-29 13:03:19 - [TEST_STEP][PASSED] - response_feedback = feedback.getResponseText(): null

2022-03-29 13:03:19 - [TEST_STEP][PASSED] - markPassed("result feedback data : " + no + " norek : " + norek + " nopin : " + nopin): result feedback data : 293 norek : 9552005564 nopin : 001

2022-03-29 13:03:19 - [MESSAGE][PASSED] - result feedback data : 293 norek : 9552005564 nopin : 001

2022-03-29 13:03:19 - [TEST_STEP][PASSED] - logInfo($response_feedback): {
  "FeedbackCarInsuranceResponse" : {
    "errorCode" : "00",
    "errorMessage" : "Sukses"
  }
}

2022-03-29 13:03:19 - [MESSAGE][INFO] - {
  "FeedbackCarInsuranceResponse" : {
    "errorCode" : "00",
    "errorMessage" : "Sukses"
  }
}

2022-03-29 13:03:19 - [TEST_STEP][PASSED] - verifyElementPropertyValue(feedback, "FeedbackCarInsuranceResponse.errorMessage", "Sukses", CONTINUE_ON_FAILURE): Verify element property value successfully

2022-03-29 13:03:19 - [MESSAGE][PASSED] - Verify element property value successfully]]></system-out>
         <system-err><![CDATA[]]></system-err>
      </testcase>
      <testcase name="Test Cases/3. get token - feedback insurance" time="333.863" classname="Test Cases/3. get token - feedback insurance" status="PASSED">
         <system-out><![CDATA[2022-03-29 13:03:19 - [TEST_CASE][PASSED] - Test Cases/3. get token - feedback insurance: Test Cases/3. get token - feedback insurance

2022-03-29 13:03:19 - [TEST_STEP][PASSED] - token = sendRequest(findTestObject("1. Get-Token")): Send request successfully

2022-03-29 13:03:19 - [MESSAGE][INFO] - HAR: I:\app-testing\app-project\Order car insurance\order-car-insurance\Reports\20220329_124138\3. Get feedback insurance - Batch 1\20220329_124139\requests\main\494.har

2022-03-29 13:03:19 - [MESSAGE][PASSED] - Send request successfully

2022-03-29 13:03:19 - [TEST_STEP][PASSED] - slurper = new groovy.json.JsonSlurper(): null

2022-03-29 13:03:19 - [TEST_STEP][PASSED] - get_token = slurper.parseText(token.getResponseBodyContent()): null

2022-03-29 13:03:19 - [TEST_STEP][PASSED] - private_token = access_token: null

2022-03-29 13:03:19 - [TEST_STEP][PASSED] - global_token = private_token: null

2022-03-29 13:03:19 - [TEST_STEP][PASSED] - println("token is :" + global_token): null

2022-03-29 13:03:19 - [TEST_STEP][PASSED] - response_token = token.getResponseText(): null

2022-03-29 13:03:19 - [TEST_STEP][PASSED] - logInfo($response_token): {"fault":{"faultstring":"Access Denied for client ip : 8.29.105.53","detail":{"errorcode":"accesscontrol.IPDeniedAccess"}}}

2022-03-29 13:03:19 - [MESSAGE][INFO] - {"fault":{"faultstring":"Access Denied for client ip : 8.29.105.53","detail":{"errorcode":"accesscontrol.IPDeniedAccess"}}}

2022-03-29 13:03:19 - [TEST_STEP][PASSED] - feedback = sendRequest(findTestObject("4. Feedback-ins", ["s_key":global_token, "batchid":batchid, "norek":norek, "nopin":nopin, "custname":custname, "pemohon":pemohon, "branchid":branchid, ... ])): Send request successfully

2022-03-29 13:03:20 - [MESSAGE][INFO] - HAR: I:\app-testing\app-project\Order car insurance\order-car-insurance\Reports\20220329_124138\3. Get feedback insurance - Batch 1\20220329_124139\requests\main\495.har

2022-03-29 13:03:20 - [MESSAGE][PASSED] - Send request successfully

2022-03-29 13:03:20 - [TEST_STEP][PASSED] - response_feedback = feedback.getResponseText(): null

2022-03-29 13:03:20 - [TEST_STEP][PASSED] - markPassed("result feedback data : " + no + " norek : " + norek + " nopin : " + nopin): result feedback data : 294 norek : 9552005564 nopin : 001

2022-03-29 13:03:20 - [MESSAGE][PASSED] - result feedback data : 294 norek : 9552005564 nopin : 001

2022-03-29 13:03:20 - [TEST_STEP][PASSED] - logInfo($response_feedback): {
  "FeedbackCarInsuranceResponse" : {
    "errorCode" : "00",
    "errorMessage" : "Sukses"
  }
}

2022-03-29 13:03:20 - [MESSAGE][INFO] - {
  "FeedbackCarInsuranceResponse" : {
    "errorCode" : "00",
    "errorMessage" : "Sukses"
  }
}

2022-03-29 13:08:53 - [TEST_STEP][PASSED] - verifyElementPropertyValue(feedback, "FeedbackCarInsuranceResponse.errorMessage", "Sukses", CONTINUE_ON_FAILURE): Verify element property value successfully

2022-03-29 13:08:53 - [MESSAGE][PASSED] - Verify element property value successfully]]></system-out>
         <system-err><![CDATA[]]></system-err>
      </testcase>
      <testcase name="Test Cases/3. get token - feedback insurance" time="2.094" classname="Test Cases/3. get token - feedback insurance" status="PASSED">
         <system-out><![CDATA[2022-03-29 13:08:53 - [TEST_CASE][PASSED] - Test Cases/3. get token - feedback insurance: Test Cases/3. get token - feedback insurance

2022-03-29 13:08:53 - [TEST_STEP][PASSED] - token = sendRequest(findTestObject("1. Get-Token")): Send request successfully

2022-03-29 13:08:54 - [MESSAGE][INFO] - HAR: I:\app-testing\app-project\Order car insurance\order-car-insurance\Reports\20220329_124138\3. Get feedback insurance - Batch 1\20220329_124139\requests\main\496.har

2022-03-29 13:08:54 - [MESSAGE][PASSED] - Send request successfully

2022-03-29 13:08:54 - [TEST_STEP][PASSED] - slurper = new groovy.json.JsonSlurper(): null

2022-03-29 13:08:54 - [TEST_STEP][PASSED] - get_token = slurper.parseText(token.getResponseBodyContent()): null

2022-03-29 13:08:54 - [TEST_STEP][PASSED] - private_token = access_token: null

2022-03-29 13:08:54 - [TEST_STEP][PASSED] - global_token = private_token: null

2022-03-29 13:08:54 - [TEST_STEP][PASSED] - println("token is :" + global_token): null

2022-03-29 13:08:54 - [TEST_STEP][PASSED] - response_token = token.getResponseText(): null

2022-03-29 13:08:54 - [TEST_STEP][PASSED] - logInfo($response_token): {"fault":{"faultstring":"Access Denied for client ip : 8.29.105.53","detail":{"errorcode":"accesscontrol.IPDeniedAccess"}}}

2022-03-29 13:08:54 - [MESSAGE][INFO] - {"fault":{"faultstring":"Access Denied for client ip : 8.29.105.53","detail":{"errorcode":"accesscontrol.IPDeniedAccess"}}}

2022-03-29 13:08:54 - [TEST_STEP][PASSED] - feedback = sendRequest(findTestObject("4. Feedback-ins", ["s_key":global_token, "batchid":batchid, "norek":norek, "nopin":nopin, "custname":custname, "pemohon":pemohon, "branchid":branchid, ... ])): Send request successfully

2022-03-29 13:08:55 - [MESSAGE][INFO] - HAR: I:\app-testing\app-project\Order car insurance\order-car-insurance\Reports\20220329_124138\3. Get feedback insurance - Batch 1\20220329_124139\requests\main\497.har

2022-03-29 13:08:55 - [MESSAGE][PASSED] - Send request successfully

2022-03-29 13:08:55 - [TEST_STEP][PASSED] - response_feedback = feedback.getResponseText(): null

2022-03-29 13:08:55 - [TEST_STEP][PASSED] - markPassed("result feedback data : " + no + " norek : " + norek + " nopin : " + nopin): result feedback data : 295 norek : 9552005564 nopin : 001

2022-03-29 13:08:55 - [MESSAGE][PASSED] - result feedback data : 295 norek : 9552005564 nopin : 001

2022-03-29 13:08:55 - [TEST_STEP][PASSED] - logInfo($response_feedback): {
  "FeedbackCarInsuranceResponse" : {
    "errorCode" : "00",
    "errorMessage" : "Sukses"
  }
}

2022-03-29 13:08:55 - [MESSAGE][INFO] - {
  "FeedbackCarInsuranceResponse" : {
    "errorCode" : "00",
    "errorMessage" : "Sukses"
  }
}

2022-03-29 13:08:55 - [TEST_STEP][PASSED] - verifyElementPropertyValue(feedback, "FeedbackCarInsuranceResponse.errorMessage", "Sukses", CONTINUE_ON_FAILURE): Verify element property value successfully

2022-03-29 13:08:55 - [MESSAGE][PASSED] - Verify element property value successfully]]></system-out>
         <system-err><![CDATA[]]></system-err>
      </testcase>
      <testcase name="Test Cases/3. get token - feedback insurance" time="1.708" classname="Test Cases/3. get token - feedback insurance" status="PASSED">
         <system-out><![CDATA[2022-03-29 13:08:56 - [TEST_CASE][PASSED] - Test Cases/3. get token - feedback insurance: Test Cases/3. get token - feedback insurance

2022-03-29 13:08:56 - [TEST_STEP][PASSED] - token = sendRequest(findTestObject("1. Get-Token")): Send request successfully

2022-03-29 13:08:56 - [MESSAGE][INFO] - HAR: I:\app-testing\app-project\Order car insurance\order-car-insurance\Reports\20220329_124138\3. Get feedback insurance - Batch 1\20220329_124139\requests\main\498.har

2022-03-29 13:08:56 - [MESSAGE][PASSED] - Send request successfully

2022-03-29 13:08:56 - [TEST_STEP][PASSED] - slurper = new groovy.json.JsonSlurper(): null

2022-03-29 13:08:56 - [TEST_STEP][PASSED] - get_token = slurper.parseText(token.getResponseBodyContent()): null

2022-03-29 13:08:56 - [TEST_STEP][PASSED] - private_token = access_token: null

2022-03-29 13:08:56 - [TEST_STEP][PASSED] - global_token = private_token: null

2022-03-29 13:08:56 - [TEST_STEP][PASSED] - println("token is :" + global_token): null

2022-03-29 13:08:56 - [TEST_STEP][PASSED] - response_token = token.getResponseText(): null

2022-03-29 13:08:56 - [TEST_STEP][PASSED] - logInfo($response_token): {"fault":{"faultstring":"Access Denied for client ip : 8.29.105.53","detail":{"errorcode":"accesscontrol.IPDeniedAccess"}}}

2022-03-29 13:08:56 - [MESSAGE][INFO] - {"fault":{"faultstring":"Access Denied for client ip : 8.29.105.53","detail":{"errorcode":"accesscontrol.IPDeniedAccess"}}}

2022-03-29 13:08:56 - [TEST_STEP][PASSED] - feedback = sendRequest(findTestObject("4. Feedback-ins", ["s_key":global_token, "batchid":batchid, "norek":norek, "nopin":nopin, "custname":custname, "pemohon":pemohon, "branchid":branchid, ... ])): Send request successfully

2022-03-29 13:08:57 - [MESSAGE][INFO] - HAR: I:\app-testing\app-project\Order car insurance\order-car-insurance\Reports\20220329_124138\3. Get feedback insurance - Batch 1\20220329_124139\requests\main\499.har

2022-03-29 13:08:57 - [MESSAGE][PASSED] - Send request successfully

2022-03-29 13:08:57 - [TEST_STEP][PASSED] - response_feedback = feedback.getResponseText(): null

2022-03-29 13:08:57 - [TEST_STEP][PASSED] - markPassed("result feedback data : " + no + " norek : " + norek + " nopin : " + nopin): result feedback data : 296 norek : 9552005565 nopin : 001

2022-03-29 13:08:57 - [MESSAGE][PASSED] - result feedback data : 296 norek : 9552005565 nopin : 001

2022-03-29 13:08:57 - [TEST_STEP][PASSED] - logInfo($response_feedback): {
  "FeedbackCarInsuranceResponse" : {
    "errorCode" : "00",
    "errorMessage" : "Sukses"
  }
}

2022-03-29 13:08:57 - [MESSAGE][INFO] - {
  "FeedbackCarInsuranceResponse" : {
    "errorCode" : "00",
    "errorMessage" : "Sukses"
  }
}

2022-03-29 13:08:57 - [TEST_STEP][PASSED] - verifyElementPropertyValue(feedback, "FeedbackCarInsuranceResponse.errorMessage", "Sukses", CONTINUE_ON_FAILURE): Verify element property value successfully

2022-03-29 13:08:57 - [MESSAGE][PASSED] - Verify element property value successfully]]></system-out>
         <system-err><![CDATA[]]></system-err>
      </testcase>
      <testcase name="Test Cases/3. get token - feedback insurance" time="3.051" classname="Test Cases/3. get token - feedback insurance" status="PASSED">
         <system-out><![CDATA[2022-03-29 13:08:58 - [TEST_CASE][PASSED] - Test Cases/3. get token - feedback insurance: Test Cases/3. get token - feedback insurance

2022-03-29 13:08:58 - [TEST_STEP][PASSED] - token = sendRequest(findTestObject("1. Get-Token")): Send request successfully

2022-03-29 13:08:58 - [MESSAGE][INFO] - HAR: I:\app-testing\app-project\Order car insurance\order-car-insurance\Reports\20220329_124138\3. Get feedback insurance - Batch 1\20220329_124139\requests\main\500.har

2022-03-29 13:08:58 - [MESSAGE][PASSED] - Send request successfully

2022-03-29 13:08:58 - [TEST_STEP][PASSED] - slurper = new groovy.json.JsonSlurper(): null

2022-03-29 13:08:58 - [TEST_STEP][PASSED] - get_token = slurper.parseText(token.getResponseBodyContent()): null

2022-03-29 13:08:58 - [TEST_STEP][PASSED] - private_token = access_token: null

2022-03-29 13:08:58 - [TEST_STEP][PASSED] - global_token = private_token: null

2022-03-29 13:08:58 - [TEST_STEP][PASSED] - println("token is :" + global_token): null

2022-03-29 13:08:58 - [TEST_STEP][PASSED] - response_token = token.getResponseText(): null

2022-03-29 13:08:58 - [TEST_STEP][PASSED] - logInfo($response_token): {"fault":{"faultstring":"Access Denied for client ip : 8.29.105.53","detail":{"errorcode":"accesscontrol.IPDeniedAccess"}}}

2022-03-29 13:08:58 - [MESSAGE][INFO] - {"fault":{"faultstring":"Access Denied for client ip : 8.29.105.53","detail":{"errorcode":"accesscontrol.IPDeniedAccess"}}}

2022-03-29 13:08:58 - [TEST_STEP][PASSED] - feedback = sendRequest(findTestObject("4. Feedback-ins", ["s_key":global_token, "batchid":batchid, "norek":norek, "nopin":nopin, "custname":custname, "pemohon":pemohon, "branchid":branchid, ... ])): Send request successfully

2022-03-29 13:09:01 - [MESSAGE][INFO] - HAR: I:\app-testing\app-project\Order car insurance\order-car-insurance\Reports\20220329_124138\3. Get feedback insurance - Batch 1\20220329_124139\requests\main\501.har

2022-03-29 13:09:01 - [MESSAGE][PASSED] - Send request successfully

2022-03-29 13:09:01 - [TEST_STEP][PASSED] - response_feedback = feedback.getResponseText(): null

2022-03-29 13:09:01 - [TEST_STEP][PASSED] - markPassed("result feedback data : " + no + " norek : " + norek + " nopin : " + nopin): result feedback data : 297 norek : 9552005565 nopin : 001

2022-03-29 13:09:01 - [MESSAGE][PASSED] - result feedback data : 297 norek : 9552005565 nopin : 001

2022-03-29 13:09:01 - [TEST_STEP][PASSED] - logInfo($response_feedback): {
  "FeedbackCarInsuranceResponse" : {
    "errorCode" : "00",
    "errorMessage" : "Sukses"
  }
}

2022-03-29 13:09:01 - [MESSAGE][INFO] - {
  "FeedbackCarInsuranceResponse" : {
    "errorCode" : "00",
    "errorMessage" : "Sukses"
  }
}

2022-03-29 13:09:01 - [TEST_STEP][PASSED] - verifyElementPropertyValue(feedback, "FeedbackCarInsuranceResponse.errorMessage", "Sukses", CONTINUE_ON_FAILURE): Verify element property value successfully

2022-03-29 13:09:01 - [MESSAGE][PASSED] - Verify element property value successfully]]></system-out>
         <system-err><![CDATA[]]></system-err>
      </testcase>
      <testcase name="Test Cases/3. get token - feedback insurance" time="1.098" classname="Test Cases/3. get token - feedback insurance" status="PASSED">
         <system-out><![CDATA[2022-03-29 13:09:01 - [TEST_CASE][PASSED] - Test Cases/3. get token - feedback insurance: Test Cases/3. get token - feedback insurance

2022-03-29 13:09:01 - [TEST_STEP][PASSED] - token = sendRequest(findTestObject("1. Get-Token")): Send request successfully

2022-03-29 13:09:02 - [MESSAGE][INFO] - HAR: I:\app-testing\app-project\Order car insurance\order-car-insurance\Reports\20220329_124138\3. Get feedback insurance - Batch 1\20220329_124139\requests\main\502.har

2022-03-29 13:09:02 - [MESSAGE][PASSED] - Send request successfully

2022-03-29 13:09:02 - [TEST_STEP][PASSED] - slurper = new groovy.json.JsonSlurper(): null

2022-03-29 13:09:02 - [TEST_STEP][PASSED] - get_token = slurper.parseText(token.getResponseBodyContent()): null

2022-03-29 13:09:02 - [TEST_STEP][PASSED] - private_token = access_token: null

2022-03-29 13:09:02 - [TEST_STEP][PASSED] - global_token = private_token: null

2022-03-29 13:09:02 - [TEST_STEP][PASSED] - println("token is :" + global_token): null

2022-03-29 13:09:02 - [TEST_STEP][PASSED] - response_token = token.getResponseText(): null

2022-03-29 13:09:02 - [TEST_STEP][PASSED] - logInfo($response_token): {"fault":{"faultstring":"Access Denied for client ip : 8.29.105.53","detail":{"errorcode":"accesscontrol.IPDeniedAccess"}}}

2022-03-29 13:09:02 - [MESSAGE][INFO] - {"fault":{"faultstring":"Access Denied for client ip : 8.29.105.53","detail":{"errorcode":"accesscontrol.IPDeniedAccess"}}}

2022-03-29 13:09:02 - [TEST_STEP][PASSED] - feedback = sendRequest(findTestObject("4. Feedback-ins", ["s_key":global_token, "batchid":batchid, "norek":norek, "nopin":nopin, "custname":custname, "pemohon":pemohon, "branchid":branchid, ... ])): Send request successfully

2022-03-29 13:09:02 - [MESSAGE][INFO] - HAR: I:\app-testing\app-project\Order car insurance\order-car-insurance\Reports\20220329_124138\3. Get feedback insurance - Batch 1\20220329_124139\requests\main\503.har

2022-03-29 13:09:02 - [MESSAGE][PASSED] - Send request successfully

2022-03-29 13:09:02 - [TEST_STEP][PASSED] - response_feedback = feedback.getResponseText(): null

2022-03-29 13:09:02 - [TEST_STEP][PASSED] - markPassed("result feedback data : " + no + " norek : " + norek + " nopin : " + nopin): result feedback data : 298 norek : 9552005565 nopin : 001

2022-03-29 13:09:02 - [MESSAGE][PASSED] - result feedback data : 298 norek : 9552005565 nopin : 001

2022-03-29 13:09:02 - [TEST_STEP][PASSED] - logInfo($response_feedback): {
  "FeedbackCarInsuranceResponse" : {
    "errorCode" : "00",
    "errorMessage" : "Sukses"
  }
}

2022-03-29 13:09:02 - [MESSAGE][INFO] - {
  "FeedbackCarInsuranceResponse" : {
    "errorCode" : "00",
    "errorMessage" : "Sukses"
  }
}

2022-03-29 13:09:02 - [TEST_STEP][PASSED] - verifyElementPropertyValue(feedback, "FeedbackCarInsuranceResponse.errorMessage", "Sukses", CONTINUE_ON_FAILURE): Verify element property value successfully

2022-03-29 13:09:02 - [MESSAGE][PASSED] - Verify element property value successfully]]></system-out>
         <system-err><![CDATA[]]></system-err>
      </testcase>
      <testcase name="Test Cases/3. get token - feedback insurance" time="1.035" classname="Test Cases/3. get token - feedback insurance" status="PASSED">
         <system-out><![CDATA[2022-03-29 13:09:03 - [TEST_CASE][PASSED] - Test Cases/3. get token - feedback insurance: Test Cases/3. get token - feedback insurance

2022-03-29 13:09:03 - [TEST_STEP][PASSED] - token = sendRequest(findTestObject("1. Get-Token")): Send request successfully

2022-03-29 13:09:03 - [MESSAGE][INFO] - HAR: I:\app-testing\app-project\Order car insurance\order-car-insurance\Reports\20220329_124138\3. Get feedback insurance - Batch 1\20220329_124139\requests\main\504.har

2022-03-29 13:09:03 - [MESSAGE][PASSED] - Send request successfully

2022-03-29 13:09:03 - [TEST_STEP][PASSED] - slurper = new groovy.json.JsonSlurper(): null

2022-03-29 13:09:03 - [TEST_STEP][PASSED] - get_token = slurper.parseText(token.getResponseBodyContent()): null

2022-03-29 13:09:03 - [TEST_STEP][PASSED] - private_token = access_token: null

2022-03-29 13:09:03 - [TEST_STEP][PASSED] - global_token = private_token: null

2022-03-29 13:09:03 - [TEST_STEP][PASSED] - println("token is :" + global_token): null

2022-03-29 13:09:03 - [TEST_STEP][PASSED] - response_token = token.getResponseText(): null

2022-03-29 13:09:03 - [TEST_STEP][PASSED] - logInfo($response_token): {"fault":{"faultstring":"Access Denied for client ip : 8.29.105.53","detail":{"errorcode":"accesscontrol.IPDeniedAccess"}}}

2022-03-29 13:09:03 - [MESSAGE][INFO] - {"fault":{"faultstring":"Access Denied for client ip : 8.29.105.53","detail":{"errorcode":"accesscontrol.IPDeniedAccess"}}}

2022-03-29 13:09:03 - [TEST_STEP][PASSED] - feedback = sendRequest(findTestObject("4. Feedback-ins", ["s_key":global_token, "batchid":batchid, "norek":norek, "nopin":nopin, "custname":custname, "pemohon":pemohon, "branchid":branchid, ... ])): Send request successfully

2022-03-29 13:09:04 - [MESSAGE][INFO] - HAR: I:\app-testing\app-project\Order car insurance\order-car-insurance\Reports\20220329_124138\3. Get feedback insurance - Batch 1\20220329_124139\requests\main\505.har

2022-03-29 13:09:04 - [MESSAGE][PASSED] - Send request successfully

2022-03-29 13:09:04 - [TEST_STEP][PASSED] - response_feedback = feedback.getResponseText(): null

2022-03-29 13:09:04 - [TEST_STEP][PASSED] - markPassed("result feedback data : " + no + " norek : " + norek + " nopin : " + nopin): result feedback data : 299 norek : 9552005565 nopin : 001

2022-03-29 13:09:04 - [MESSAGE][PASSED] - result feedback data : 299 norek : 9552005565 nopin : 001

2022-03-29 13:09:04 - [TEST_STEP][PASSED] - logInfo($response_feedback): {
  "FeedbackCarInsuranceResponse" : {
    "errorCode" : "00",
    "errorMessage" : "Sukses"
  }
}

2022-03-29 13:09:04 - [MESSAGE][INFO] - {
  "FeedbackCarInsuranceResponse" : {
    "errorCode" : "00",
    "errorMessage" : "Sukses"
  }
}

2022-03-29 13:09:04 - [TEST_STEP][PASSED] - verifyElementPropertyValue(feedback, "FeedbackCarInsuranceResponse.errorMessage", "Sukses", CONTINUE_ON_FAILURE): Verify element property value successfully

2022-03-29 13:09:04 - [MESSAGE][PASSED] - Verify element property value successfully]]></system-out>
         <system-err><![CDATA[]]></system-err>
      </testcase>
      <testcase name="Test Cases/3. get token - feedback insurance" time="2.96" classname="Test Cases/3. get token - feedback insurance" status="PASSED">
         <system-out><![CDATA[2022-03-29 13:09:04 - [TEST_CASE][PASSED] - Test Cases/3. get token - feedback insurance: Test Cases/3. get token - feedback insurance

2022-03-29 13:09:04 - [TEST_STEP][PASSED] - token = sendRequest(findTestObject("1. Get-Token")): Send request successfully

2022-03-29 13:09:04 - [MESSAGE][INFO] - HAR: I:\app-testing\app-project\Order car insurance\order-car-insurance\Reports\20220329_124138\3. Get feedback insurance - Batch 1\20220329_124139\requests\main\506.har

2022-03-29 13:09:04 - [MESSAGE][PASSED] - Send request successfully

2022-03-29 13:09:04 - [TEST_STEP][PASSED] - slurper = new groovy.json.JsonSlurper(): null

2022-03-29 13:09:04 - [TEST_STEP][PASSED] - get_token = slurper.parseText(token.getResponseBodyContent()): null

2022-03-29 13:09:04 - [TEST_STEP][PASSED] - private_token = access_token: null

2022-03-29 13:09:04 - [TEST_STEP][PASSED] - global_token = private_token: null

2022-03-29 13:09:04 - [TEST_STEP][PASSED] - println("token is :" + global_token): null

2022-03-29 13:09:04 - [TEST_STEP][PASSED] - response_token = token.getResponseText(): null

2022-03-29 13:09:04 - [TEST_STEP][PASSED] - logInfo($response_token): {"fault":{"faultstring":"Access Denied for client ip : 8.29.105.53","detail":{"errorcode":"accesscontrol.IPDeniedAccess"}}}

2022-03-29 13:09:04 - [MESSAGE][INFO] - {"fault":{"faultstring":"Access Denied for client ip : 8.29.105.53","detail":{"errorcode":"accesscontrol.IPDeniedAccess"}}}

2022-03-29 13:09:04 - [TEST_STEP][PASSED] - feedback = sendRequest(findTestObject("4. Feedback-ins", ["s_key":global_token, "batchid":batchid, "norek":norek, "nopin":nopin, "custname":custname, "pemohon":pemohon, "branchid":branchid, ... ])): Send request successfully

2022-03-29 13:09:07 - [MESSAGE][INFO] - HAR: I:\app-testing\app-project\Order car insurance\order-car-insurance\Reports\20220329_124138\3. Get feedback insurance - Batch 1\20220329_124139\requests\main\507.har

2022-03-29 13:09:07 - [MESSAGE][PASSED] - Send request successfully

2022-03-29 13:09:07 - [TEST_STEP][PASSED] - response_feedback = feedback.getResponseText(): null

2022-03-29 13:09:07 - [TEST_STEP][PASSED] - markPassed("result feedback data : " + no + " norek : " + norek + " nopin : " + nopin): result feedback data : 300 norek : 9552005565 nopin : 001

2022-03-29 13:09:07 - [MESSAGE][PASSED] - result feedback data : 300 norek : 9552005565 nopin : 001

2022-03-29 13:09:07 - [TEST_STEP][PASSED] - logInfo($response_feedback): {
  "FeedbackCarInsuranceResponse" : {
    "errorCode" : "00",
    "errorMessage" : "Sukses"
  }
}

2022-03-29 13:09:07 - [MESSAGE][INFO] - {
  "FeedbackCarInsuranceResponse" : {
    "errorCode" : "00",
    "errorMessage" : "Sukses"
  }
}

2022-03-29 13:09:07 - [TEST_STEP][PASSED] - verifyElementPropertyValue(feedback, "FeedbackCarInsuranceResponse.errorMessage", "Sukses", CONTINUE_ON_FAILURE): Verify element property value successfully

2022-03-29 13:09:07 - [MESSAGE][PASSED] - Verify element property value successfully]]></system-out>
         <system-err><![CDATA[]]></system-err>
      </testcase>
      <testcase name="Test Cases/3. get token - feedback insurance" time="1.139" classname="Test Cases/3. get token - feedback insurance" status="PASSED">
         <system-out><![CDATA[2022-03-29 13:09:08 - [TEST_CASE][PASSED] - Test Cases/3. get token - feedback insurance: Test Cases/3. get token - feedback insurance

2022-03-29 13:09:08 - [TEST_STEP][PASSED] - token = sendRequest(findTestObject("1. Get-Token")): Send request successfully

2022-03-29 13:09:08 - [MESSAGE][INFO] - HAR: I:\app-testing\app-project\Order car insurance\order-car-insurance\Reports\20220329_124138\3. Get feedback insurance - Batch 1\20220329_124139\requests\main\508.har

2022-03-29 13:09:08 - [MESSAGE][PASSED] - Send request successfully

2022-03-29 13:09:08 - [TEST_STEP][PASSED] - slurper = new groovy.json.JsonSlurper(): null

2022-03-29 13:09:08 - [TEST_STEP][PASSED] - get_token = slurper.parseText(token.getResponseBodyContent()): null

2022-03-29 13:09:08 - [TEST_STEP][PASSED] - private_token = access_token: null

2022-03-29 13:09:08 - [TEST_STEP][PASSED] - global_token = private_token: null

2022-03-29 13:09:08 - [TEST_STEP][PASSED] - println("token is :" + global_token): null

2022-03-29 13:09:08 - [TEST_STEP][PASSED] - response_token = token.getResponseText(): null

2022-03-29 13:09:08 - [TEST_STEP][PASSED] - logInfo($response_token): {"fault":{"faultstring":"Access Denied for client ip : 8.29.105.53","detail":{"errorcode":"accesscontrol.IPDeniedAccess"}}}

2022-03-29 13:09:08 - [MESSAGE][INFO] - {"fault":{"faultstring":"Access Denied for client ip : 8.29.105.53","detail":{"errorcode":"accesscontrol.IPDeniedAccess"}}}

2022-03-29 13:09:08 - [TEST_STEP][PASSED] - feedback = sendRequest(findTestObject("4. Feedback-ins", ["s_key":global_token, "batchid":batchid, "norek":norek, "nopin":nopin, "custname":custname, "pemohon":pemohon, "branchid":branchid, ... ])): Send request successfully

2022-03-29 13:09:09 - [MESSAGE][INFO] - HAR: I:\app-testing\app-project\Order car insurance\order-car-insurance\Reports\20220329_124138\3. Get feedback insurance - Batch 1\20220329_124139\requests\main\509.har

2022-03-29 13:09:09 - [MESSAGE][PASSED] - Send request successfully

2022-03-29 13:09:09 - [TEST_STEP][PASSED] - response_feedback = feedback.getResponseText(): null

2022-03-29 13:09:09 - [TEST_STEP][PASSED] - markPassed("result feedback data : " + no + " norek : " + norek + " nopin : " + nopin): result feedback data : 301 norek : 9552005565 nopin : 001

2022-03-29 13:09:09 - [MESSAGE][PASSED] - result feedback data : 301 norek : 9552005565 nopin : 001

2022-03-29 13:09:09 - [TEST_STEP][PASSED] - logInfo($response_feedback): {
  "FeedbackCarInsuranceResponse" : {
    "errorCode" : "00",
    "errorMessage" : "Sukses"
  }
}

2022-03-29 13:09:09 - [MESSAGE][INFO] - {
  "FeedbackCarInsuranceResponse" : {
    "errorCode" : "00",
    "errorMessage" : "Sukses"
  }
}

2022-03-29 13:09:09 - [TEST_STEP][PASSED] - verifyElementPropertyValue(feedback, "FeedbackCarInsuranceResponse.errorMessage", "Sukses", CONTINUE_ON_FAILURE): Verify element property value successfully

2022-03-29 13:09:09 - [MESSAGE][PASSED] - Verify element property value successfully]]></system-out>
         <system-err><![CDATA[]]></system-err>
      </testcase>
      <testcase name="Test Cases/3. get token - feedback insurance" time="1.117" classname="Test Cases/3. get token - feedback insurance" status="PASSED">
         <system-out><![CDATA[2022-03-29 13:09:09 - [TEST_CASE][PASSED] - Test Cases/3. get token - feedback insurance: Test Cases/3. get token - feedback insurance

2022-03-29 13:09:09 - [TEST_STEP][PASSED] - token = sendRequest(findTestObject("1. Get-Token")): Send request successfully

2022-03-29 13:09:09 - [MESSAGE][INFO] - HAR: I:\app-testing\app-project\Order car insurance\order-car-insurance\Reports\20220329_124138\3. Get feedback insurance - Batch 1\20220329_124139\requests\main\510.har

2022-03-29 13:09:09 - [MESSAGE][PASSED] - Send request successfully

2022-03-29 13:09:09 - [TEST_STEP][PASSED] - slurper = new groovy.json.JsonSlurper(): null

2022-03-29 13:09:09 - [TEST_STEP][PASSED] - get_token = slurper.parseText(token.getResponseBodyContent()): null

2022-03-29 13:09:09 - [TEST_STEP][PASSED] - private_token = access_token: null

2022-03-29 13:09:09 - [TEST_STEP][PASSED] - global_token = private_token: null

2022-03-29 13:09:09 - [TEST_STEP][PASSED] - println("token is :" + global_token): null

2022-03-29 13:09:09 - [TEST_STEP][PASSED] - response_token = token.getResponseText(): null

2022-03-29 13:09:09 - [TEST_STEP][PASSED] - logInfo($response_token): {"fault":{"faultstring":"Access Denied for client ip : 8.29.105.53","detail":{"errorcode":"accesscontrol.IPDeniedAccess"}}}

2022-03-29 13:09:09 - [MESSAGE][INFO] - {"fault":{"faultstring":"Access Denied for client ip : 8.29.105.53","detail":{"errorcode":"accesscontrol.IPDeniedAccess"}}}

2022-03-29 13:09:09 - [TEST_STEP][PASSED] - feedback = sendRequest(findTestObject("4. Feedback-ins", ["s_key":global_token, "batchid":batchid, "norek":norek, "nopin":nopin, "custname":custname, "pemohon":pemohon, "branchid":branchid, ... ])): Send request successfully

2022-03-29 13:09:10 - [MESSAGE][INFO] - HAR: I:\app-testing\app-project\Order car insurance\order-car-insurance\Reports\20220329_124138\3. Get feedback insurance - Batch 1\20220329_124139\requests\main\511.har

2022-03-29 13:09:10 - [MESSAGE][PASSED] - Send request successfully

2022-03-29 13:09:10 - [TEST_STEP][PASSED] - response_feedback = feedback.getResponseText(): null

2022-03-29 13:09:10 - [TEST_STEP][PASSED] - markPassed("result feedback data : " + no + " norek : " + norek + " nopin : " + nopin): result feedback data : 302 norek : 9552005565 nopin : 001

2022-03-29 13:09:10 - [MESSAGE][PASSED] - result feedback data : 302 norek : 9552005565 nopin : 001

2022-03-29 13:09:10 - [TEST_STEP][PASSED] - logInfo($response_feedback): {
  "FeedbackCarInsuranceResponse" : {
    "errorCode" : "00",
    "errorMessage" : "Sukses"
  }
}

2022-03-29 13:09:10 - [MESSAGE][INFO] - {
  "FeedbackCarInsuranceResponse" : {
    "errorCode" : "00",
    "errorMessage" : "Sukses"
  }
}

2022-03-29 13:09:10 - [TEST_STEP][PASSED] - verifyElementPropertyValue(feedback, "FeedbackCarInsuranceResponse.errorMessage", "Sukses", CONTINUE_ON_FAILURE): Verify element property value successfully

2022-03-29 13:09:10 - [MESSAGE][PASSED] - Verify element property value successfully]]></system-out>
         <system-err><![CDATA[]]></system-err>
      </testcase>
      <testcase name="Test Cases/3. get token - feedback insurance" time="1.089" classname="Test Cases/3. get token - feedback insurance" status="PASSED">
         <system-out><![CDATA[2022-03-29 13:09:11 - [TEST_CASE][PASSED] - Test Cases/3. get token - feedback insurance: Test Cases/3. get token - feedback insurance

2022-03-29 13:09:11 - [TEST_STEP][PASSED] - token = sendRequest(findTestObject("1. Get-Token")): Send request successfully

2022-03-29 13:09:11 - [MESSAGE][INFO] - HAR: I:\app-testing\app-project\Order car insurance\order-car-insurance\Reports\20220329_124138\3. Get feedback insurance - Batch 1\20220329_124139\requests\main\512.har

2022-03-29 13:09:11 - [MESSAGE][PASSED] - Send request successfully

2022-03-29 13:09:11 - [TEST_STEP][PASSED] - slurper = new groovy.json.JsonSlurper(): null

2022-03-29 13:09:11 - [TEST_STEP][PASSED] - get_token = slurper.parseText(token.getResponseBodyContent()): null

2022-03-29 13:09:11 - [TEST_STEP][PASSED] - private_token = access_token: null

2022-03-29 13:09:11 - [TEST_STEP][PASSED] - global_token = private_token: null

2022-03-29 13:09:11 - [TEST_STEP][PASSED] - println("token is :" + global_token): null

2022-03-29 13:09:11 - [TEST_STEP][PASSED] - response_token = token.getResponseText(): null

2022-03-29 13:09:11 - [TEST_STEP][PASSED] - logInfo($response_token): {"fault":{"faultstring":"Access Denied for client ip : 8.29.105.53","detail":{"errorcode":"accesscontrol.IPDeniedAccess"}}}

2022-03-29 13:09:11 - [MESSAGE][INFO] - {"fault":{"faultstring":"Access Denied for client ip : 8.29.105.53","detail":{"errorcode":"accesscontrol.IPDeniedAccess"}}}

2022-03-29 13:09:11 - [TEST_STEP][PASSED] - feedback = sendRequest(findTestObject("4. Feedback-ins", ["s_key":global_token, "batchid":batchid, "norek":norek, "nopin":nopin, "custname":custname, "pemohon":pemohon, "branchid":branchid, ... ])): Send request successfully

2022-03-29 13:09:12 - [MESSAGE][INFO] - HAR: I:\app-testing\app-project\Order car insurance\order-car-insurance\Reports\20220329_124138\3. Get feedback insurance - Batch 1\20220329_124139\requests\main\513.har

2022-03-29 13:09:12 - [MESSAGE][PASSED] - Send request successfully

2022-03-29 13:09:12 - [TEST_STEP][PASSED] - response_feedback = feedback.getResponseText(): null

2022-03-29 13:09:12 - [TEST_STEP][PASSED] - markPassed("result feedback data : " + no + " norek : " + norek + " nopin : " + nopin): result feedback data : 303 norek : 9552005565 nopin : 001

2022-03-29 13:09:12 - [MESSAGE][PASSED] - result feedback data : 303 norek : 9552005565 nopin : 001

2022-03-29 13:09:12 - [TEST_STEP][PASSED] - logInfo($response_feedback): {
  "FeedbackCarInsuranceResponse" : {
    "errorCode" : "00",
    "errorMessage" : "Sukses"
  }
}

2022-03-29 13:09:12 - [MESSAGE][INFO] - {
  "FeedbackCarInsuranceResponse" : {
    "errorCode" : "00",
    "errorMessage" : "Sukses"
  }
}

2022-03-29 13:09:12 - [TEST_STEP][PASSED] - verifyElementPropertyValue(feedback, "FeedbackCarInsuranceResponse.errorMessage", "Sukses", CONTINUE_ON_FAILURE): Verify element property value successfully

2022-03-29 13:09:12 - [MESSAGE][PASSED] - Verify element property value successfully]]></system-out>
         <system-err><![CDATA[]]></system-err>
      </testcase>
      <testcase name="Test Cases/3. get token - feedback insurance" time="1.294" classname="Test Cases/3. get token - feedback insurance" status="PASSED">
         <system-out><![CDATA[2022-03-29 13:09:12 - [TEST_CASE][PASSED] - Test Cases/3. get token - feedback insurance: Test Cases/3. get token - feedback insurance

2022-03-29 13:09:12 - [TEST_STEP][PASSED] - token = sendRequest(findTestObject("1. Get-Token")): Send request successfully

2022-03-29 13:09:12 - [MESSAGE][INFO] - HAR: I:\app-testing\app-project\Order car insurance\order-car-insurance\Reports\20220329_124138\3. Get feedback insurance - Batch 1\20220329_124139\requests\main\514.har

2022-03-29 13:09:12 - [MESSAGE][PASSED] - Send request successfully

2022-03-29 13:09:12 - [TEST_STEP][PASSED] - slurper = new groovy.json.JsonSlurper(): null

2022-03-29 13:09:12 - [TEST_STEP][PASSED] - get_token = slurper.parseText(token.getResponseBodyContent()): null

2022-03-29 13:09:12 - [TEST_STEP][PASSED] - private_token = access_token: null

2022-03-29 13:09:12 - [TEST_STEP][PASSED] - global_token = private_token: null

2022-03-29 13:09:12 - [TEST_STEP][PASSED] - println("token is :" + global_token): null

2022-03-29 13:09:12 - [TEST_STEP][PASSED] - response_token = token.getResponseText(): null

2022-03-29 13:09:12 - [TEST_STEP][PASSED] - logInfo($response_token): {"fault":{"faultstring":"Access Denied for client ip : 8.29.105.53","detail":{"errorcode":"accesscontrol.IPDeniedAccess"}}}

2022-03-29 13:09:12 - [MESSAGE][INFO] - {"fault":{"faultstring":"Access Denied for client ip : 8.29.105.53","detail":{"errorcode":"accesscontrol.IPDeniedAccess"}}}

2022-03-29 13:09:12 - [TEST_STEP][PASSED] - feedback = sendRequest(findTestObject("4. Feedback-ins", ["s_key":global_token, "batchid":batchid, "norek":norek, "nopin":nopin, "custname":custname, "pemohon":pemohon, "branchid":branchid, ... ])): Send request successfully

2022-03-29 13:09:13 - [MESSAGE][INFO] - HAR: I:\app-testing\app-project\Order car insurance\order-car-insurance\Reports\20220329_124138\3. Get feedback insurance - Batch 1\20220329_124139\requests\main\515.har

2022-03-29 13:09:13 - [MESSAGE][PASSED] - Send request successfully

2022-03-29 13:09:13 - [TEST_STEP][PASSED] - response_feedback = feedback.getResponseText(): null

2022-03-29 13:09:13 - [TEST_STEP][PASSED] - markPassed("result feedback data : " + no + " norek : " + norek + " nopin : " + nopin): result feedback data : 304 norek : 9552005584 nopin : 001

2022-03-29 13:09:13 - [MESSAGE][PASSED] - result feedback data : 304 norek : 9552005584 nopin : 001

2022-03-29 13:09:13 - [TEST_STEP][PASSED] - logInfo($response_feedback): {
  "FeedbackCarInsuranceResponse" : {
    "errorCode" : "00",
    "errorMessage" : "Sukses"
  }
}

2022-03-29 13:09:13 - [MESSAGE][INFO] - {
  "FeedbackCarInsuranceResponse" : {
    "errorCode" : "00",
    "errorMessage" : "Sukses"
  }
}

2022-03-29 13:09:13 - [TEST_STEP][PASSED] - verifyElementPropertyValue(feedback, "FeedbackCarInsuranceResponse.errorMessage", "Sukses", CONTINUE_ON_FAILURE): Verify element property value successfully

2022-03-29 13:09:13 - [MESSAGE][PASSED] - Verify element property value successfully]]></system-out>
         <system-err><![CDATA[]]></system-err>
      </testcase>
      <testcase name="Test Cases/3. get token - feedback insurance" time="1.185" classname="Test Cases/3. get token - feedback insurance" status="PASSED">
         <system-out><![CDATA[2022-03-29 13:09:14 - [TEST_CASE][PASSED] - Test Cases/3. get token - feedback insurance: Test Cases/3. get token - feedback insurance

2022-03-29 13:09:14 - [TEST_STEP][PASSED] - token = sendRequest(findTestObject("1. Get-Token")): Send request successfully

2022-03-29 13:09:14 - [MESSAGE][INFO] - HAR: I:\app-testing\app-project\Order car insurance\order-car-insurance\Reports\20220329_124138\3. Get feedback insurance - Batch 1\20220329_124139\requests\main\516.har

2022-03-29 13:09:14 - [MESSAGE][PASSED] - Send request successfully

2022-03-29 13:09:14 - [TEST_STEP][PASSED] - slurper = new groovy.json.JsonSlurper(): null

2022-03-29 13:09:14 - [TEST_STEP][PASSED] - get_token = slurper.parseText(token.getResponseBodyContent()): null

2022-03-29 13:09:14 - [TEST_STEP][PASSED] - private_token = access_token: null

2022-03-29 13:09:14 - [TEST_STEP][PASSED] - global_token = private_token: null

2022-03-29 13:09:14 - [TEST_STEP][PASSED] - println("token is :" + global_token): null

2022-03-29 13:09:14 - [TEST_STEP][PASSED] - response_token = token.getResponseText(): null

2022-03-29 13:09:14 - [TEST_STEP][PASSED] - logInfo($response_token): {"fault":{"faultstring":"Access Denied for client ip : 8.29.105.53","detail":{"errorcode":"accesscontrol.IPDeniedAccess"}}}

2022-03-29 13:09:14 - [MESSAGE][INFO] - {"fault":{"faultstring":"Access Denied for client ip : 8.29.105.53","detail":{"errorcode":"accesscontrol.IPDeniedAccess"}}}

2022-03-29 13:09:14 - [TEST_STEP][PASSED] - feedback = sendRequest(findTestObject("4. Feedback-ins", ["s_key":global_token, "batchid":batchid, "norek":norek, "nopin":nopin, "custname":custname, "pemohon":pemohon, "branchid":branchid, ... ])): Send request successfully

2022-03-29 13:09:15 - [MESSAGE][INFO] - HAR: I:\app-testing\app-project\Order car insurance\order-car-insurance\Reports\20220329_124138\3. Get feedback insurance - Batch 1\20220329_124139\requests\main\517.har

2022-03-29 13:09:15 - [MESSAGE][PASSED] - Send request successfully

2022-03-29 13:09:15 - [TEST_STEP][PASSED] - response_feedback = feedback.getResponseText(): null

2022-03-29 13:09:15 - [TEST_STEP][PASSED] - markPassed("result feedback data : " + no + " norek : " + norek + " nopin : " + nopin): result feedback data : 305 norek : 9552005584 nopin : 001

2022-03-29 13:09:15 - [MESSAGE][PASSED] - result feedback data : 305 norek : 9552005584 nopin : 001

2022-03-29 13:09:15 - [TEST_STEP][PASSED] - logInfo($response_feedback): {
  "FeedbackCarInsuranceResponse" : {
    "errorCode" : "00",
    "errorMessage" : "Sukses"
  }
}

2022-03-29 13:09:15 - [MESSAGE][INFO] - {
  "FeedbackCarInsuranceResponse" : {
    "errorCode" : "00",
    "errorMessage" : "Sukses"
  }
}

2022-03-29 13:09:15 - [TEST_STEP][PASSED] - verifyElementPropertyValue(feedback, "FeedbackCarInsuranceResponse.errorMessage", "Sukses", CONTINUE_ON_FAILURE): Verify element property value successfully

2022-03-29 13:09:15 - [MESSAGE][PASSED] - Verify element property value successfully]]></system-out>
         <system-err><![CDATA[]]></system-err>
      </testcase>
      <testcase name="Test Cases/3. get token - feedback insurance" time="1.111" classname="Test Cases/3. get token - feedback insurance" status="PASSED">
         <system-out><![CDATA[2022-03-29 13:09:15 - [TEST_CASE][PASSED] - Test Cases/3. get token - feedback insurance: Test Cases/3. get token - feedback insurance

2022-03-29 13:09:15 - [TEST_STEP][PASSED] - token = sendRequest(findTestObject("1. Get-Token")): Send request successfully

2022-03-29 13:09:16 - [MESSAGE][INFO] - HAR: I:\app-testing\app-project\Order car insurance\order-car-insurance\Reports\20220329_124138\3. Get feedback insurance - Batch 1\20220329_124139\requests\main\518.har

2022-03-29 13:09:16 - [MESSAGE][PASSED] - Send request successfully

2022-03-29 13:09:16 - [TEST_STEP][PASSED] - slurper = new groovy.json.JsonSlurper(): null

2022-03-29 13:09:16 - [TEST_STEP][PASSED] - get_token = slurper.parseText(token.getResponseBodyContent()): null

2022-03-29 13:09:16 - [TEST_STEP][PASSED] - private_token = access_token: null

2022-03-29 13:09:16 - [TEST_STEP][PASSED] - global_token = private_token: null

2022-03-29 13:09:16 - [TEST_STEP][PASSED] - println("token is :" + global_token): null

2022-03-29 13:09:16 - [TEST_STEP][PASSED] - response_token = token.getResponseText(): null

2022-03-29 13:09:16 - [TEST_STEP][PASSED] - logInfo($response_token): {"fault":{"faultstring":"Access Denied for client ip : 8.29.105.53","detail":{"errorcode":"accesscontrol.IPDeniedAccess"}}}

2022-03-29 13:09:16 - [MESSAGE][INFO] - {"fault":{"faultstring":"Access Denied for client ip : 8.29.105.53","detail":{"errorcode":"accesscontrol.IPDeniedAccess"}}}

2022-03-29 13:09:16 - [TEST_STEP][PASSED] - feedback = sendRequest(findTestObject("4. Feedback-ins", ["s_key":global_token, "batchid":batchid, "norek":norek, "nopin":nopin, "custname":custname, "pemohon":pemohon, "branchid":branchid, ... ])): Send request successfully

2022-03-29 13:09:16 - [MESSAGE][INFO] - HAR: I:\app-testing\app-project\Order car insurance\order-car-insurance\Reports\20220329_124138\3. Get feedback insurance - Batch 1\20220329_124139\requests\main\519.har

2022-03-29 13:09:16 - [MESSAGE][PASSED] - Send request successfully

2022-03-29 13:09:16 - [TEST_STEP][PASSED] - response_feedback = feedback.getResponseText(): null

2022-03-29 13:09:16 - [TEST_STEP][PASSED] - markPassed("result feedback data : " + no + " norek : " + norek + " nopin : " + nopin): result feedback data : 306 norek : 9552005584 nopin : 001

2022-03-29 13:09:16 - [MESSAGE][PASSED] - result feedback data : 306 norek : 9552005584 nopin : 001

2022-03-29 13:09:16 - [TEST_STEP][PASSED] - logInfo($response_feedback): {
  "FeedbackCarInsuranceResponse" : {
    "errorCode" : "00",
    "errorMessage" : "Sukses"
  }
}

2022-03-29 13:09:16 - [MESSAGE][INFO] - {
  "FeedbackCarInsuranceResponse" : {
    "errorCode" : "00",
    "errorMessage" : "Sukses"
  }
}

2022-03-29 13:09:16 - [TEST_STEP][PASSED] - verifyElementPropertyValue(feedback, "FeedbackCarInsuranceResponse.errorMessage", "Sukses", CONTINUE_ON_FAILURE): Verify element property value successfully

2022-03-29 13:09:16 - [MESSAGE][PASSED] - Verify element property value successfully]]></system-out>
         <system-err><![CDATA[]]></system-err>
      </testcase>
      <testcase name="Test Cases/3. get token - feedback insurance" time="1.223" classname="Test Cases/3. get token - feedback insurance" status="PASSED">
         <system-out><![CDATA[2022-03-29 13:09:17 - [TEST_CASE][PASSED] - Test Cases/3. get token - feedback insurance: Test Cases/3. get token - feedback insurance

2022-03-29 13:09:17 - [TEST_STEP][PASSED] - token = sendRequest(findTestObject("1. Get-Token")): Send request successfully

2022-03-29 13:09:17 - [MESSAGE][INFO] - HAR: I:\app-testing\app-project\Order car insurance\order-car-insurance\Reports\20220329_124138\3. Get feedback insurance - Batch 1\20220329_124139\requests\main\520.har

2022-03-29 13:09:17 - [MESSAGE][PASSED] - Send request successfully

2022-03-29 13:09:17 - [TEST_STEP][PASSED] - slurper = new groovy.json.JsonSlurper(): null

2022-03-29 13:09:17 - [TEST_STEP][PASSED] - get_token = slurper.parseText(token.getResponseBodyContent()): null

2022-03-29 13:09:17 - [TEST_STEP][PASSED] - private_token = access_token: null

2022-03-29 13:09:17 - [TEST_STEP][PASSED] - global_token = private_token: null

2022-03-29 13:09:17 - [TEST_STEP][PASSED] - println("token is :" + global_token): null

2022-03-29 13:09:17 - [TEST_STEP][PASSED] - response_token = token.getResponseText(): null

2022-03-29 13:09:17 - [TEST_STEP][PASSED] - logInfo($response_token): {"fault":{"faultstring":"Access Denied for client ip : 8.29.105.53","detail":{"errorcode":"accesscontrol.IPDeniedAccess"}}}

2022-03-29 13:09:17 - [MESSAGE][INFO] - {"fault":{"faultstring":"Access Denied for client ip : 8.29.105.53","detail":{"errorcode":"accesscontrol.IPDeniedAccess"}}}

2022-03-29 13:09:17 - [TEST_STEP][PASSED] - feedback = sendRequest(findTestObject("4. Feedback-ins", ["s_key":global_token, "batchid":batchid, "norek":norek, "nopin":nopin, "custname":custname, "pemohon":pemohon, "branchid":branchid, ... ])): Send request successfully

2022-03-29 13:09:18 - [MESSAGE][INFO] - HAR: I:\app-testing\app-project\Order car insurance\order-car-insurance\Reports\20220329_124138\3. Get feedback insurance - Batch 1\20220329_124139\requests\main\521.har

2022-03-29 13:09:18 - [MESSAGE][PASSED] - Send request successfully

2022-03-29 13:09:18 - [TEST_STEP][PASSED] - response_feedback = feedback.getResponseText(): null

2022-03-29 13:09:18 - [TEST_STEP][PASSED] - markPassed("result feedback data : " + no + " norek : " + norek + " nopin : " + nopin): result feedback data : 307 norek : 9552005584 nopin : 001

2022-03-29 13:09:18 - [MESSAGE][PASSED] - result feedback data : 307 norek : 9552005584 nopin : 001

2022-03-29 13:09:18 - [TEST_STEP][PASSED] - logInfo($response_feedback): {
  "FeedbackCarInsuranceResponse" : {
    "errorCode" : "00",
    "errorMessage" : "Sukses"
  }
}

2022-03-29 13:09:18 - [MESSAGE][INFO] - {
  "FeedbackCarInsuranceResponse" : {
    "errorCode" : "00",
    "errorMessage" : "Sukses"
  }
}

2022-03-29 13:09:18 - [TEST_STEP][PASSED] - verifyElementPropertyValue(feedback, "FeedbackCarInsuranceResponse.errorMessage", "Sukses", CONTINUE_ON_FAILURE): Verify element property value successfully

2022-03-29 13:09:18 - [MESSAGE][PASSED] - Verify element property value successfully]]></system-out>
         <system-err><![CDATA[]]></system-err>
      </testcase>
      <testcase name="Test Cases/3. get token - feedback insurance" time="1.153" classname="Test Cases/3. get token - feedback insurance" status="PASSED">
         <system-out><![CDATA[2022-03-29 13:09:18 - [TEST_CASE][PASSED] - Test Cases/3. get token - feedback insurance: Test Cases/3. get token - feedback insurance

2022-03-29 13:09:19 - [TEST_STEP][PASSED] - token = sendRequest(findTestObject("1. Get-Token")): Send request successfully

2022-03-29 13:09:19 - [MESSAGE][INFO] - HAR: I:\app-testing\app-project\Order car insurance\order-car-insurance\Reports\20220329_124138\3. Get feedback insurance - Batch 1\20220329_124139\requests\main\522.har

2022-03-29 13:09:19 - [MESSAGE][PASSED] - Send request successfully

2022-03-29 13:09:19 - [TEST_STEP][PASSED] - slurper = new groovy.json.JsonSlurper(): null

2022-03-29 13:09:19 - [TEST_STEP][PASSED] - get_token = slurper.parseText(token.getResponseBodyContent()): null

2022-03-29 13:09:19 - [TEST_STEP][PASSED] - private_token = access_token: null

2022-03-29 13:09:19 - [TEST_STEP][PASSED] - global_token = private_token: null

2022-03-29 13:09:19 - [TEST_STEP][PASSED] - println("token is :" + global_token): null

2022-03-29 13:09:19 - [TEST_STEP][PASSED] - response_token = token.getResponseText(): null

2022-03-29 13:09:19 - [TEST_STEP][PASSED] - logInfo($response_token): {"fault":{"faultstring":"Access Denied for client ip : 8.29.105.53","detail":{"errorcode":"accesscontrol.IPDeniedAccess"}}}

2022-03-29 13:09:19 - [MESSAGE][INFO] - {"fault":{"faultstring":"Access Denied for client ip : 8.29.105.53","detail":{"errorcode":"accesscontrol.IPDeniedAccess"}}}

2022-03-29 13:09:19 - [TEST_STEP][PASSED] - feedback = sendRequest(findTestObject("4. Feedback-ins", ["s_key":global_token, "batchid":batchid, "norek":norek, "nopin":nopin, "custname":custname, "pemohon":pemohon, "branchid":branchid, ... ])): Send request successfully

2022-03-29 13:09:20 - [MESSAGE][INFO] - HAR: I:\app-testing\app-project\Order car insurance\order-car-insurance\Reports\20220329_124138\3. Get feedback insurance - Batch 1\20220329_124139\requests\main\523.har

2022-03-29 13:09:20 - [MESSAGE][PASSED] - Send request successfully

2022-03-29 13:09:20 - [TEST_STEP][PASSED] - response_feedback = feedback.getResponseText(): null

2022-03-29 13:09:20 - [TEST_STEP][PASSED] - markPassed("result feedback data : " + no + " norek : " + norek + " nopin : " + nopin): result feedback data : 308 norek : 9552005584 nopin : 001

2022-03-29 13:09:20 - [MESSAGE][PASSED] - result feedback data : 308 norek : 9552005584 nopin : 001

2022-03-29 13:09:20 - [TEST_STEP][PASSED] - logInfo($response_feedback): {
  "FeedbackCarInsuranceResponse" : {
    "errorCode" : "00",
    "errorMessage" : "Sukses"
  }
}

2022-03-29 13:09:20 - [MESSAGE][INFO] - {
  "FeedbackCarInsuranceResponse" : {
    "errorCode" : "00",
    "errorMessage" : "Sukses"
  }
}

2022-03-29 13:09:20 - [TEST_STEP][PASSED] - verifyElementPropertyValue(feedback, "FeedbackCarInsuranceResponse.errorMessage", "Sukses", CONTINUE_ON_FAILURE): Verify element property value successfully

2022-03-29 13:09:20 - [MESSAGE][PASSED] - Verify element property value successfully]]></system-out>
         <system-err><![CDATA[]]></system-err>
      </testcase>
      <testcase name="Test Cases/3. get token - feedback insurance" time="1.146" classname="Test Cases/3. get token - feedback insurance" status="PASSED">
         <system-out><![CDATA[2022-03-29 13:09:20 - [TEST_CASE][PASSED] - Test Cases/3. get token - feedback insurance: Test Cases/3. get token - feedback insurance

2022-03-29 13:09:20 - [TEST_STEP][PASSED] - token = sendRequest(findTestObject("1. Get-Token")): Send request successfully

2022-03-29 13:09:20 - [MESSAGE][INFO] - HAR: I:\app-testing\app-project\Order car insurance\order-car-insurance\Reports\20220329_124138\3. Get feedback insurance - Batch 1\20220329_124139\requests\main\524.har

2022-03-29 13:09:20 - [MESSAGE][PASSED] - Send request successfully

2022-03-29 13:09:20 - [TEST_STEP][PASSED] - slurper = new groovy.json.JsonSlurper(): null

2022-03-29 13:09:20 - [TEST_STEP][PASSED] - get_token = slurper.parseText(token.getResponseBodyContent()): null

2022-03-29 13:09:20 - [TEST_STEP][PASSED] - private_token = access_token: null

2022-03-29 13:09:20 - [TEST_STEP][PASSED] - global_token = private_token: null

2022-03-29 13:09:20 - [TEST_STEP][PASSED] - println("token is :" + global_token): null

2022-03-29 13:09:20 - [TEST_STEP][PASSED] - response_token = token.getResponseText(): null

2022-03-29 13:09:20 - [TEST_STEP][PASSED] - logInfo($response_token): {"fault":{"faultstring":"Access Denied for client ip : 8.29.105.53","detail":{"errorcode":"accesscontrol.IPDeniedAccess"}}}

2022-03-29 13:09:20 - [MESSAGE][INFO] - {"fault":{"faultstring":"Access Denied for client ip : 8.29.105.53","detail":{"errorcode":"accesscontrol.IPDeniedAccess"}}}

2022-03-29 13:09:20 - [TEST_STEP][PASSED] - feedback = sendRequest(findTestObject("4. Feedback-ins", ["s_key":global_token, "batchid":batchid, "norek":norek, "nopin":nopin, "custname":custname, "pemohon":pemohon, "branchid":branchid, ... ])): Send request successfully

2022-03-29 13:09:21 - [MESSAGE][INFO] - HAR: I:\app-testing\app-project\Order car insurance\order-car-insurance\Reports\20220329_124138\3. Get feedback insurance - Batch 1\20220329_124139\requests\main\525.har

2022-03-29 13:09:21 - [MESSAGE][PASSED] - Send request successfully

2022-03-29 13:09:21 - [TEST_STEP][PASSED] - response_feedback = feedback.getResponseText(): null

2022-03-29 13:09:21 - [TEST_STEP][PASSED] - markPassed("result feedback data : " + no + " norek : " + norek + " nopin : " + nopin): result feedback data : 309 norek : 9552005584 nopin : 001

2022-03-29 13:09:21 - [MESSAGE][PASSED] - result feedback data : 309 norek : 9552005584 nopin : 001

2022-03-29 13:09:21 - [TEST_STEP][PASSED] - logInfo($response_feedback): {
  "FeedbackCarInsuranceResponse" : {
    "errorCode" : "00",
    "errorMessage" : "Sukses"
  }
}

2022-03-29 13:09:21 - [MESSAGE][INFO] - {
  "FeedbackCarInsuranceResponse" : {
    "errorCode" : "00",
    "errorMessage" : "Sukses"
  }
}

2022-03-29 13:09:21 - [TEST_STEP][PASSED] - verifyElementPropertyValue(feedback, "FeedbackCarInsuranceResponse.errorMessage", "Sukses", CONTINUE_ON_FAILURE): Verify element property value successfully

2022-03-29 13:09:21 - [MESSAGE][PASSED] - Verify element property value successfully]]></system-out>
         <system-err><![CDATA[]]></system-err>
      </testcase>
      <testcase name="Test Cases/3. get token - feedback insurance" time="3.442" classname="Test Cases/3. get token - feedback insurance" status="PASSED">
         <system-out><![CDATA[2022-03-29 13:09:22 - [TEST_CASE][PASSED] - Test Cases/3. get token - feedback insurance: Test Cases/3. get token - feedback insurance

2022-03-29 13:09:22 - [TEST_STEP][PASSED] - token = sendRequest(findTestObject("1. Get-Token")): Send request successfully

2022-03-29 13:09:22 - [MESSAGE][INFO] - HAR: I:\app-testing\app-project\Order car insurance\order-car-insurance\Reports\20220329_124138\3. Get feedback insurance - Batch 1\20220329_124139\requests\main\526.har

2022-03-29 13:09:22 - [MESSAGE][PASSED] - Send request successfully

2022-03-29 13:09:22 - [TEST_STEP][PASSED] - slurper = new groovy.json.JsonSlurper(): null

2022-03-29 13:09:22 - [TEST_STEP][PASSED] - get_token = slurper.parseText(token.getResponseBodyContent()): null

2022-03-29 13:09:22 - [TEST_STEP][PASSED] - private_token = access_token: null

2022-03-29 13:09:22 - [TEST_STEP][PASSED] - global_token = private_token: null

2022-03-29 13:09:22 - [TEST_STEP][PASSED] - println("token is :" + global_token): null

2022-03-29 13:09:22 - [TEST_STEP][PASSED] - response_token = token.getResponseText(): null

2022-03-29 13:09:22 - [TEST_STEP][PASSED] - logInfo($response_token): {"fault":{"faultstring":"Access Denied for client ip : 8.29.105.53","detail":{"errorcode":"accesscontrol.IPDeniedAccess"}}}

2022-03-29 13:09:22 - [MESSAGE][INFO] - {"fault":{"faultstring":"Access Denied for client ip : 8.29.105.53","detail":{"errorcode":"accesscontrol.IPDeniedAccess"}}}

2022-03-29 13:09:22 - [TEST_STEP][PASSED] - feedback = sendRequest(findTestObject("4. Feedback-ins", ["s_key":global_token, "batchid":batchid, "norek":norek, "nopin":nopin, "custname":custname, "pemohon":pemohon, "branchid":branchid, ... ])): Send request successfully

2022-03-29 13:09:25 - [MESSAGE][INFO] - HAR: I:\app-testing\app-project\Order car insurance\order-car-insurance\Reports\20220329_124138\3. Get feedback insurance - Batch 1\20220329_124139\requests\main\527.har

2022-03-29 13:09:25 - [MESSAGE][PASSED] - Send request successfully

2022-03-29 13:09:25 - [TEST_STEP][PASSED] - response_feedback = feedback.getResponseText(): null

2022-03-29 13:09:25 - [TEST_STEP][PASSED] - markPassed("result feedback data : " + no + " norek : " + norek + " nopin : " + nopin): result feedback data : 310 norek : 9566009407 nopin : 001

2022-03-29 13:09:25 - [MESSAGE][PASSED] - result feedback data : 310 norek : 9566009407 nopin : 001

2022-03-29 13:09:25 - [TEST_STEP][PASSED] - logInfo($response_feedback): {
  "FeedbackCarInsuranceResponse" : {
    "errorCode" : "00",
    "errorMessage" : "Sukses"
  }
}

2022-03-29 13:09:25 - [MESSAGE][INFO] - {
  "FeedbackCarInsuranceResponse" : {
    "errorCode" : "00",
    "errorMessage" : "Sukses"
  }
}

2022-03-29 13:09:25 - [TEST_STEP][PASSED] - verifyElementPropertyValue(feedback, "FeedbackCarInsuranceResponse.errorMessage", "Sukses", CONTINUE_ON_FAILURE): Verify element property value successfully

2022-03-29 13:09:25 - [MESSAGE][PASSED] - Verify element property value successfully]]></system-out>
         <system-err><![CDATA[]]></system-err>
      </testcase>
      <testcase name="Test Cases/3. get token - feedback insurance" time="1.316" classname="Test Cases/3. get token - feedback insurance" status="PASSED">
         <system-out><![CDATA[2022-03-29 13:09:25 - [TEST_CASE][PASSED] - Test Cases/3. get token - feedback insurance: Test Cases/3. get token - feedback insurance

2022-03-29 13:09:25 - [TEST_STEP][PASSED] - token = sendRequest(findTestObject("1. Get-Token")): Send request successfully

2022-03-29 13:09:26 - [MESSAGE][INFO] - HAR: I:\app-testing\app-project\Order car insurance\order-car-insurance\Reports\20220329_124138\3. Get feedback insurance - Batch 1\20220329_124139\requests\main\528.har

2022-03-29 13:09:26 - [MESSAGE][PASSED] - Send request successfully

2022-03-29 13:09:26 - [TEST_STEP][PASSED] - slurper = new groovy.json.JsonSlurper(): null

2022-03-29 13:09:26 - [TEST_STEP][PASSED] - get_token = slurper.parseText(token.getResponseBodyContent()): null

2022-03-29 13:09:26 - [TEST_STEP][PASSED] - private_token = access_token: null

2022-03-29 13:09:26 - [TEST_STEP][PASSED] - global_token = private_token: null

2022-03-29 13:09:26 - [TEST_STEP][PASSED] - println("token is :" + global_token): null

2022-03-29 13:09:26 - [TEST_STEP][PASSED] - response_token = token.getResponseText(): null

2022-03-29 13:09:26 - [TEST_STEP][PASSED] - logInfo($response_token): {"fault":{"faultstring":"Access Denied for client ip : 8.29.105.53","detail":{"errorcode":"accesscontrol.IPDeniedAccess"}}}

2022-03-29 13:09:26 - [MESSAGE][INFO] - {"fault":{"faultstring":"Access Denied for client ip : 8.29.105.53","detail":{"errorcode":"accesscontrol.IPDeniedAccess"}}}

2022-03-29 13:09:26 - [TEST_STEP][PASSED] - feedback = sendRequest(findTestObject("4. Feedback-ins", ["s_key":global_token, "batchid":batchid, "norek":norek, "nopin":nopin, "custname":custname, "pemohon":pemohon, "branchid":branchid, ... ])): Send request successfully

2022-03-29 13:09:27 - [MESSAGE][INFO] - HAR: I:\app-testing\app-project\Order car insurance\order-car-insurance\Reports\20220329_124138\3. Get feedback insurance - Batch 1\20220329_124139\requests\main\529.har

2022-03-29 13:09:27 - [MESSAGE][PASSED] - Send request successfully

2022-03-29 13:09:27 - [TEST_STEP][PASSED] - response_feedback = feedback.getResponseText(): null

2022-03-29 13:09:27 - [TEST_STEP][PASSED] - markPassed("result feedback data : " + no + " norek : " + norek + " nopin : " + nopin): result feedback data : 311 norek : 9566009407 nopin : 001

2022-03-29 13:09:27 - [MESSAGE][PASSED] - result feedback data : 311 norek : 9566009407 nopin : 001

2022-03-29 13:09:27 - [TEST_STEP][PASSED] - logInfo($response_feedback): {
  "FeedbackCarInsuranceResponse" : {
    "errorCode" : "00",
    "errorMessage" : "Sukses"
  }
}

2022-03-29 13:09:27 - [MESSAGE][INFO] - {
  "FeedbackCarInsuranceResponse" : {
    "errorCode" : "00",
    "errorMessage" : "Sukses"
  }
}

2022-03-29 13:09:27 - [TEST_STEP][PASSED] - verifyElementPropertyValue(feedback, "FeedbackCarInsuranceResponse.errorMessage", "Sukses", CONTINUE_ON_FAILURE): Verify element property value successfully

2022-03-29 13:09:27 - [MESSAGE][PASSED] - Verify element property value successfully]]></system-out>
         <system-err><![CDATA[]]></system-err>
      </testcase>
      <testcase name="Test Cases/3. get token - feedback insurance" time="2.778" classname="Test Cases/3. get token - feedback insurance" status="PASSED">
         <system-out><![CDATA[2022-03-29 13:09:27 - [TEST_CASE][PASSED] - Test Cases/3. get token - feedback insurance: Test Cases/3. get token - feedback insurance

2022-03-29 13:09:27 - [TEST_STEP][PASSED] - token = sendRequest(findTestObject("1. Get-Token")): Send request successfully

2022-03-29 13:09:27 - [MESSAGE][INFO] - HAR: I:\app-testing\app-project\Order car insurance\order-car-insurance\Reports\20220329_124138\3. Get feedback insurance - Batch 1\20220329_124139\requests\main\530.har

2022-03-29 13:09:27 - [MESSAGE][PASSED] - Send request successfully

2022-03-29 13:09:27 - [TEST_STEP][PASSED] - slurper = new groovy.json.JsonSlurper(): null

2022-03-29 13:09:27 - [TEST_STEP][PASSED] - get_token = slurper.parseText(token.getResponseBodyContent()): null

2022-03-29 13:09:27 - [TEST_STEP][PASSED] - private_token = access_token: null

2022-03-29 13:09:27 - [TEST_STEP][PASSED] - global_token = private_token: null

2022-03-29 13:09:27 - [TEST_STEP][PASSED] - println("token is :" + global_token): null

2022-03-29 13:09:27 - [TEST_STEP][PASSED] - response_token = token.getResponseText(): null

2022-03-29 13:09:27 - [TEST_STEP][PASSED] - logInfo($response_token): {"fault":{"faultstring":"Access Denied for client ip : 8.29.105.53","detail":{"errorcode":"accesscontrol.IPDeniedAccess"}}}

2022-03-29 13:09:27 - [MESSAGE][INFO] - {"fault":{"faultstring":"Access Denied for client ip : 8.29.105.53","detail":{"errorcode":"accesscontrol.IPDeniedAccess"}}}

2022-03-29 13:09:27 - [TEST_STEP][PASSED] - feedback = sendRequest(findTestObject("4. Feedback-ins", ["s_key":global_token, "batchid":batchid, "norek":norek, "nopin":nopin, "custname":custname, "pemohon":pemohon, "branchid":branchid, ... ])): Send request successfully

2022-03-29 13:09:30 - [MESSAGE][INFO] - HAR: I:\app-testing\app-project\Order car insurance\order-car-insurance\Reports\20220329_124138\3. Get feedback insurance - Batch 1\20220329_124139\requests\main\531.har

2022-03-29 13:09:30 - [MESSAGE][PASSED] - Send request successfully

2022-03-29 13:09:30 - [TEST_STEP][PASSED] - response_feedback = feedback.getResponseText(): null

2022-03-29 13:09:30 - [TEST_STEP][PASSED] - markPassed("result feedback data : " + no + " norek : " + norek + " nopin : " + nopin): result feedback data : 312 norek : 9566009407 nopin : 001

2022-03-29 13:09:30 - [MESSAGE][PASSED] - result feedback data : 312 norek : 9566009407 nopin : 001

2022-03-29 13:09:30 - [TEST_STEP][PASSED] - logInfo($response_feedback): {
  "FeedbackCarInsuranceResponse" : {
    "errorCode" : "00",
    "errorMessage" : "Sukses"
  }
}

2022-03-29 13:09:30 - [MESSAGE][INFO] - {
  "FeedbackCarInsuranceResponse" : {
    "errorCode" : "00",
    "errorMessage" : "Sukses"
  }
}

2022-03-29 13:09:30 - [TEST_STEP][PASSED] - verifyElementPropertyValue(feedback, "FeedbackCarInsuranceResponse.errorMessage", "Sukses", CONTINUE_ON_FAILURE): Verify element property value successfully

2022-03-29 13:09:30 - [MESSAGE][PASSED] - Verify element property value successfully]]></system-out>
         <system-err><![CDATA[]]></system-err>
      </testcase>
      <testcase name="Test Cases/3. get token - feedback insurance" time="1.12" classname="Test Cases/3. get token - feedback insurance" status="PASSED">
         <system-out><![CDATA[2022-03-29 13:09:30 - [TEST_CASE][PASSED] - Test Cases/3. get token - feedback insurance: Test Cases/3. get token - feedback insurance

2022-03-29 13:09:30 - [TEST_STEP][PASSED] - token = sendRequest(findTestObject("1. Get-Token")): Send request successfully

2022-03-29 13:09:31 - [MESSAGE][INFO] - HAR: I:\app-testing\app-project\Order car insurance\order-car-insurance\Reports\20220329_124138\3. Get feedback insurance - Batch 1\20220329_124139\requests\main\532.har

2022-03-29 13:09:31 - [MESSAGE][PASSED] - Send request successfully

2022-03-29 13:09:31 - [TEST_STEP][PASSED] - slurper = new groovy.json.JsonSlurper(): null

2022-03-29 13:09:31 - [TEST_STEP][PASSED] - get_token = slurper.parseText(token.getResponseBodyContent()): null

2022-03-29 13:09:31 - [TEST_STEP][PASSED] - private_token = access_token: null

2022-03-29 13:09:31 - [TEST_STEP][PASSED] - global_token = private_token: null

2022-03-29 13:09:31 - [TEST_STEP][PASSED] - println("token is :" + global_token): null

2022-03-29 13:09:31 - [TEST_STEP][PASSED] - response_token = token.getResponseText(): null

2022-03-29 13:09:31 - [TEST_STEP][PASSED] - logInfo($response_token): {"fault":{"faultstring":"Access Denied for client ip : 8.29.105.53","detail":{"errorcode":"accesscontrol.IPDeniedAccess"}}}

2022-03-29 13:09:31 - [MESSAGE][INFO] - {"fault":{"faultstring":"Access Denied for client ip : 8.29.105.53","detail":{"errorcode":"accesscontrol.IPDeniedAccess"}}}

2022-03-29 13:09:31 - [TEST_STEP][PASSED] - feedback = sendRequest(findTestObject("4. Feedback-ins", ["s_key":global_token, "batchid":batchid, "norek":norek, "nopin":nopin, "custname":custname, "pemohon":pemohon, "branchid":branchid, ... ])): Send request successfully

2022-03-29 13:09:31 - [MESSAGE][INFO] - HAR: I:\app-testing\app-project\Order car insurance\order-car-insurance\Reports\20220329_124138\3. Get feedback insurance - Batch 1\20220329_124139\requests\main\533.har

2022-03-29 13:09:31 - [MESSAGE][PASSED] - Send request successfully

2022-03-29 13:09:31 - [TEST_STEP][PASSED] - response_feedback = feedback.getResponseText(): null

2022-03-29 13:09:31 - [TEST_STEP][PASSED] - markPassed("result feedback data : " + no + " norek : " + norek + " nopin : " + nopin): result feedback data : 313 norek : 9566009407 nopin : 001

2022-03-29 13:09:31 - [MESSAGE][PASSED] - result feedback data : 313 norek : 9566009407 nopin : 001

2022-03-29 13:09:31 - [TEST_STEP][PASSED] - logInfo($response_feedback): {
  "FeedbackCarInsuranceResponse" : {
    "errorCode" : "00",
    "errorMessage" : "Sukses"
  }
}

2022-03-29 13:09:31 - [MESSAGE][INFO] - {
  "FeedbackCarInsuranceResponse" : {
    "errorCode" : "00",
    "errorMessage" : "Sukses"
  }
}

2022-03-29 13:09:31 - [TEST_STEP][PASSED] - verifyElementPropertyValue(feedback, "FeedbackCarInsuranceResponse.errorMessage", "Sukses", CONTINUE_ON_FAILURE): Verify element property value successfully

2022-03-29 13:09:31 - [MESSAGE][PASSED] - Verify element property value successfully]]></system-out>
         <system-err><![CDATA[]]></system-err>
      </testcase>
      <testcase name="Test Cases/3. get token - feedback insurance" time="1.077" classname="Test Cases/3. get token - feedback insurance" status="PASSED">
         <system-out><![CDATA[2022-03-29 13:09:32 - [TEST_CASE][PASSED] - Test Cases/3. get token - feedback insurance: Test Cases/3. get token - feedback insurance

2022-03-29 13:09:32 - [TEST_STEP][PASSED] - token = sendRequest(findTestObject("1. Get-Token")): Send request successfully

2022-03-29 13:09:32 - [MESSAGE][INFO] - HAR: I:\app-testing\app-project\Order car insurance\order-car-insurance\Reports\20220329_124138\3. Get feedback insurance - Batch 1\20220329_124139\requests\main\534.har

2022-03-29 13:09:32 - [MESSAGE][PASSED] - Send request successfully

2022-03-29 13:09:32 - [TEST_STEP][PASSED] - slurper = new groovy.json.JsonSlurper(): null

2022-03-29 13:09:32 - [TEST_STEP][PASSED] - get_token = slurper.parseText(token.getResponseBodyContent()): null

2022-03-29 13:09:32 - [TEST_STEP][PASSED] - private_token = access_token: null

2022-03-29 13:09:32 - [TEST_STEP][PASSED] - global_token = private_token: null

2022-03-29 13:09:32 - [TEST_STEP][PASSED] - println("token is :" + global_token): null

2022-03-29 13:09:32 - [TEST_STEP][PASSED] - response_token = token.getResponseText(): null

2022-03-29 13:09:32 - [TEST_STEP][PASSED] - logInfo($response_token): {"fault":{"faultstring":"Access Denied for client ip : 8.29.105.53","detail":{"errorcode":"accesscontrol.IPDeniedAccess"}}}

2022-03-29 13:09:32 - [MESSAGE][INFO] - {"fault":{"faultstring":"Access Denied for client ip : 8.29.105.53","detail":{"errorcode":"accesscontrol.IPDeniedAccess"}}}

2022-03-29 13:09:32 - [TEST_STEP][PASSED] - feedback = sendRequest(findTestObject("4. Feedback-ins", ["s_key":global_token, "batchid":batchid, "norek":norek, "nopin":nopin, "custname":custname, "pemohon":pemohon, "branchid":branchid, ... ])): Send request successfully

2022-03-29 13:09:33 - [MESSAGE][INFO] - HAR: I:\app-testing\app-project\Order car insurance\order-car-insurance\Reports\20220329_124138\3. Get feedback insurance - Batch 1\20220329_124139\requests\main\535.har

2022-03-29 13:09:33 - [MESSAGE][PASSED] - Send request successfully

2022-03-29 13:09:33 - [TEST_STEP][PASSED] - response_feedback = feedback.getResponseText(): null

2022-03-29 13:09:33 - [TEST_STEP][PASSED] - markPassed("result feedback data : " + no + " norek : " + norek + " nopin : " + nopin): result feedback data : 314 norek : 9566009407 nopin : 001

2022-03-29 13:09:33 - [MESSAGE][PASSED] - result feedback data : 314 norek : 9566009407 nopin : 001

2022-03-29 13:09:33 - [TEST_STEP][PASSED] - logInfo($response_feedback): {
  "FeedbackCarInsuranceResponse" : {
    "errorCode" : "00",
    "errorMessage" : "Sukses"
  }
}

2022-03-29 13:09:33 - [MESSAGE][INFO] - {
  "FeedbackCarInsuranceResponse" : {
    "errorCode" : "00",
    "errorMessage" : "Sukses"
  }
}

2022-03-29 13:09:33 - [TEST_STEP][PASSED] - verifyElementPropertyValue(feedback, "FeedbackCarInsuranceResponse.errorMessage", "Sukses", CONTINUE_ON_FAILURE): Verify element property value successfully

2022-03-29 13:09:33 - [MESSAGE][PASSED] - Verify element property value successfully]]></system-out>
         <system-err><![CDATA[]]></system-err>
      </testcase>
      <testcase name="Test Cases/3. get token - feedback insurance" time="1.773" classname="Test Cases/3. get token - feedback insurance" status="PASSED">
         <system-out><![CDATA[2022-03-29 13:09:33 - [TEST_CASE][PASSED] - Test Cases/3. get token - feedback insurance: Test Cases/3. get token - feedback insurance

2022-03-29 13:09:33 - [TEST_STEP][PASSED] - token = sendRequest(findTestObject("1. Get-Token")): Send request successfully

2022-03-29 13:09:34 - [MESSAGE][INFO] - HAR: I:\app-testing\app-project\Order car insurance\order-car-insurance\Reports\20220329_124138\3. Get feedback insurance - Batch 1\20220329_124139\requests\main\536.har

2022-03-29 13:09:34 - [MESSAGE][PASSED] - Send request successfully

2022-03-29 13:09:34 - [TEST_STEP][PASSED] - slurper = new groovy.json.JsonSlurper(): null

2022-03-29 13:09:34 - [TEST_STEP][PASSED] - get_token = slurper.parseText(token.getResponseBodyContent()): null

2022-03-29 13:09:34 - [TEST_STEP][PASSED] - private_token = access_token: null

2022-03-29 13:09:34 - [TEST_STEP][PASSED] - global_token = private_token: null

2022-03-29 13:09:34 - [TEST_STEP][PASSED] - println("token is :" + global_token): null

2022-03-29 13:09:34 - [TEST_STEP][PASSED] - response_token = token.getResponseText(): null

2022-03-29 13:09:34 - [TEST_STEP][PASSED] - logInfo($response_token): {"fault":{"faultstring":"Access Denied for client ip : 8.29.105.53","detail":{"errorcode":"accesscontrol.IPDeniedAccess"}}}

2022-03-29 13:09:34 - [MESSAGE][INFO] - {"fault":{"faultstring":"Access Denied for client ip : 8.29.105.53","detail":{"errorcode":"accesscontrol.IPDeniedAccess"}}}

2022-03-29 13:09:34 - [TEST_STEP][PASSED] - feedback = sendRequest(findTestObject("4. Feedback-ins", ["s_key":global_token, "batchid":batchid, "norek":norek, "nopin":nopin, "custname":custname, "pemohon":pemohon, "branchid":branchid, ... ])): Send request successfully

2022-03-29 13:09:35 - [MESSAGE][INFO] - HAR: I:\app-testing\app-project\Order car insurance\order-car-insurance\Reports\20220329_124138\3. Get feedback insurance - Batch 1\20220329_124139\requests\main\537.har

2022-03-29 13:09:35 - [MESSAGE][PASSED] - Send request successfully

2022-03-29 13:09:35 - [TEST_STEP][PASSED] - response_feedback = feedback.getResponseText(): null

2022-03-29 13:09:35 - [TEST_STEP][PASSED] - markPassed("result feedback data : " + no + " norek : " + norek + " nopin : " + nopin): result feedback data : 315 norek : 9566009407 nopin : 001

2022-03-29 13:09:35 - [MESSAGE][PASSED] - result feedback data : 315 norek : 9566009407 nopin : 001

2022-03-29 13:09:35 - [TEST_STEP][PASSED] - logInfo($response_feedback): {
  "FeedbackCarInsuranceResponse" : {
    "errorCode" : "00",
    "errorMessage" : "Sukses"
  }
}

2022-03-29 13:09:35 - [MESSAGE][INFO] - {
  "FeedbackCarInsuranceResponse" : {
    "errorCode" : "00",
    "errorMessage" : "Sukses"
  }
}

2022-03-29 13:09:35 - [TEST_STEP][PASSED] - verifyElementPropertyValue(feedback, "FeedbackCarInsuranceResponse.errorMessage", "Sukses", CONTINUE_ON_FAILURE): Verify element property value successfully

2022-03-29 13:09:35 - [MESSAGE][PASSED] - Verify element property value successfully]]></system-out>
         <system-err><![CDATA[]]></system-err>
      </testcase>
      <testcase name="Test Cases/3. get token - feedback insurance" time="258.533" classname="Test Cases/3. get token - feedback insurance" status="PASSED">
         <system-out><![CDATA[2022-03-29 13:09:35 - [TEST_CASE][PASSED] - Test Cases/3. get token - feedback insurance: Test Cases/3. get token - feedback insurance

2022-03-29 13:09:35 - [TEST_STEP][PASSED] - token = sendRequest(findTestObject("1. Get-Token")): Send request successfully

2022-03-29 13:09:36 - [MESSAGE][INFO] - HAR: I:\app-testing\app-project\Order car insurance\order-car-insurance\Reports\20220329_124138\3. Get feedback insurance - Batch 1\20220329_124139\requests\main\538.har

2022-03-29 13:09:36 - [MESSAGE][PASSED] - Send request successfully

2022-03-29 13:09:36 - [TEST_STEP][PASSED] - slurper = new groovy.json.JsonSlurper(): null

2022-03-29 13:13:50 - [TEST_STEP][PASSED] - get_token = slurper.parseText(token.getResponseBodyContent()): null

2022-03-29 13:13:50 - [TEST_STEP][PASSED] - private_token = access_token: null

2022-03-29 13:13:50 - [TEST_STEP][PASSED] - global_token = private_token: null

2022-03-29 13:13:50 - [TEST_STEP][PASSED] - println("token is :" + global_token): null

2022-03-29 13:13:50 - [TEST_STEP][PASSED] - response_token = token.getResponseText(): null

2022-03-29 13:13:50 - [TEST_STEP][PASSED] - logInfo($response_token): {"fault":{"faultstring":"Access Denied for client ip : 8.29.105.53","detail":{"errorcode":"accesscontrol.IPDeniedAccess"}}}

2022-03-29 13:13:50 - [MESSAGE][INFO] - {"fault":{"faultstring":"Access Denied for client ip : 8.29.105.53","detail":{"errorcode":"accesscontrol.IPDeniedAccess"}}}

2022-03-29 13:13:50 - [TEST_STEP][PASSED] - feedback = sendRequest(findTestObject("4. Feedback-ins", ["s_key":global_token, "batchid":batchid, "norek":norek, "nopin":nopin, "custname":custname, "pemohon":pemohon, "branchid":branchid, ... ])): Send request successfully

2022-03-29 13:13:54 - [MESSAGE][INFO] - HAR: I:\app-testing\app-project\Order car insurance\order-car-insurance\Reports\20220329_124138\3. Get feedback insurance - Batch 1\20220329_124139\requests\main\539.har

2022-03-29 13:13:54 - [MESSAGE][PASSED] - Send request successfully

2022-03-29 13:13:54 - [TEST_STEP][PASSED] - response_feedback = feedback.getResponseText(): null

2022-03-29 13:13:54 - [TEST_STEP][PASSED] - markPassed("result feedback data : " + no + " norek : " + norek + " nopin : " + nopin): result feedback data : 316 norek : 9566009407 nopin : 001

2022-03-29 13:13:54 - [MESSAGE][PASSED] - result feedback data : 316 norek : 9566009407 nopin : 001

2022-03-29 13:13:54 - [TEST_STEP][PASSED] - logInfo($response_feedback): {
  "FeedbackCarInsuranceResponse" : {
    "errorCode" : "00",
    "errorMessage" : "Sukses"
  }
}

2022-03-29 13:13:54 - [MESSAGE][INFO] - {
  "FeedbackCarInsuranceResponse" : {
    "errorCode" : "00",
    "errorMessage" : "Sukses"
  }
}

2022-03-29 13:13:54 - [TEST_STEP][PASSED] - verifyElementPropertyValue(feedback, "FeedbackCarInsuranceResponse.errorMessage", "Sukses", CONTINUE_ON_FAILURE): Verify element property value successfully

2022-03-29 13:13:54 - [MESSAGE][PASSED] - Verify element property value successfully]]></system-out>
         <system-err><![CDATA[]]></system-err>
      </testcase>
      <testcase name="Test Cases/3. get token - feedback insurance" time="3.112" classname="Test Cases/3. get token - feedback insurance" status="PASSED">
         <system-out><![CDATA[2022-03-29 13:13:54 - [TEST_CASE][PASSED] - Test Cases/3. get token - feedback insurance: Test Cases/3. get token - feedback insurance

2022-03-29 13:13:54 - [TEST_STEP][PASSED] - token = sendRequest(findTestObject("1. Get-Token")): Send request successfully

2022-03-29 13:13:55 - [MESSAGE][INFO] - HAR: I:\app-testing\app-project\Order car insurance\order-car-insurance\Reports\20220329_124138\3. Get feedback insurance - Batch 1\20220329_124139\requests\main\540.har

2022-03-29 13:13:55 - [MESSAGE][PASSED] - Send request successfully

2022-03-29 13:13:55 - [TEST_STEP][PASSED] - slurper = new groovy.json.JsonSlurper(): null

2022-03-29 13:13:55 - [TEST_STEP][PASSED] - get_token = slurper.parseText(token.getResponseBodyContent()): null

2022-03-29 13:13:55 - [TEST_STEP][PASSED] - private_token = access_token: null

2022-03-29 13:13:55 - [TEST_STEP][PASSED] - global_token = private_token: null

2022-03-29 13:13:55 - [TEST_STEP][PASSED] - println("token is :" + global_token): null

2022-03-29 13:13:55 - [TEST_STEP][PASSED] - response_token = token.getResponseText(): null

2022-03-29 13:13:55 - [TEST_STEP][PASSED] - logInfo($response_token): {"fault":{"faultstring":"Access Denied for client ip : 8.29.105.53","detail":{"errorcode":"accesscontrol.IPDeniedAccess"}}}

2022-03-29 13:13:55 - [MESSAGE][INFO] - {"fault":{"faultstring":"Access Denied for client ip : 8.29.105.53","detail":{"errorcode":"accesscontrol.IPDeniedAccess"}}}

2022-03-29 13:13:55 - [TEST_STEP][PASSED] - feedback = sendRequest(findTestObject("4. Feedback-ins", ["s_key":global_token, "batchid":batchid, "norek":norek, "nopin":nopin, "custname":custname, "pemohon":pemohon, "branchid":branchid, ... ])): Send request successfully

2022-03-29 13:13:57 - [MESSAGE][INFO] - HAR: I:\app-testing\app-project\Order car insurance\order-car-insurance\Reports\20220329_124138\3. Get feedback insurance - Batch 1\20220329_124139\requests\main\541.har

2022-03-29 13:13:57 - [MESSAGE][PASSED] - Send request successfully

2022-03-29 13:13:57 - [TEST_STEP][PASSED] - response_feedback = feedback.getResponseText(): null

2022-03-29 13:13:57 - [TEST_STEP][PASSED] - markPassed("result feedback data : " + no + " norek : " + norek + " nopin : " + nopin): result feedback data : 317 norek : 9566009407 nopin : 001

2022-03-29 13:13:57 - [MESSAGE][PASSED] - result feedback data : 317 norek : 9566009407 nopin : 001

2022-03-29 13:13:57 - [TEST_STEP][PASSED] - logInfo($response_feedback): {
  "FeedbackCarInsuranceResponse" : {
    "errorCode" : "00",
    "errorMessage" : "Sukses"
  }
}

2022-03-29 13:13:57 - [MESSAGE][INFO] - {
  "FeedbackCarInsuranceResponse" : {
    "errorCode" : "00",
    "errorMessage" : "Sukses"
  }
}

2022-03-29 13:13:57 - [TEST_STEP][PASSED] - verifyElementPropertyValue(feedback, "FeedbackCarInsuranceResponse.errorMessage", "Sukses", CONTINUE_ON_FAILURE): Verify element property value successfully

2022-03-29 13:13:57 - [MESSAGE][PASSED] - Verify element property value successfully]]></system-out>
         <system-err><![CDATA[]]></system-err>
      </testcase>
      <testcase name="Test Cases/3. get token - feedback insurance" time="1.251" classname="Test Cases/3. get token - feedback insurance" status="PASSED">
         <system-out><![CDATA[2022-03-29 13:13:58 - [TEST_CASE][PASSED] - Test Cases/3. get token - feedback insurance: Test Cases/3. get token - feedback insurance

2022-03-29 13:13:58 - [TEST_STEP][PASSED] - token = sendRequest(findTestObject("1. Get-Token")): Send request successfully

2022-03-29 13:13:58 - [MESSAGE][INFO] - HAR: I:\app-testing\app-project\Order car insurance\order-car-insurance\Reports\20220329_124138\3. Get feedback insurance - Batch 1\20220329_124139\requests\main\542.har

2022-03-29 13:13:58 - [MESSAGE][PASSED] - Send request successfully

2022-03-29 13:13:58 - [TEST_STEP][PASSED] - slurper = new groovy.json.JsonSlurper(): null

2022-03-29 13:13:58 - [TEST_STEP][PASSED] - get_token = slurper.parseText(token.getResponseBodyContent()): null

2022-03-29 13:13:58 - [TEST_STEP][PASSED] - private_token = access_token: null

2022-03-29 13:13:58 - [TEST_STEP][PASSED] - global_token = private_token: null

2022-03-29 13:13:58 - [TEST_STEP][PASSED] - println("token is :" + global_token): null

2022-03-29 13:13:58 - [TEST_STEP][PASSED] - response_token = token.getResponseText(): null

2022-03-29 13:13:58 - [TEST_STEP][PASSED] - logInfo($response_token): {"fault":{"faultstring":"Access Denied for client ip : 8.29.105.53","detail":{"errorcode":"accesscontrol.IPDeniedAccess"}}}

2022-03-29 13:13:58 - [MESSAGE][INFO] - {"fault":{"faultstring":"Access Denied for client ip : 8.29.105.53","detail":{"errorcode":"accesscontrol.IPDeniedAccess"}}}

2022-03-29 13:13:58 - [TEST_STEP][PASSED] - feedback = sendRequest(findTestObject("4. Feedback-ins", ["s_key":global_token, "batchid":batchid, "norek":norek, "nopin":nopin, "custname":custname, "pemohon":pemohon, "branchid":branchid, ... ])): Send request successfully

2022-03-29 13:13:59 - [MESSAGE][INFO] - HAR: I:\app-testing\app-project\Order car insurance\order-car-insurance\Reports\20220329_124138\3. Get feedback insurance - Batch 1\20220329_124139\requests\main\543.har

2022-03-29 13:13:59 - [MESSAGE][PASSED] - Send request successfully

2022-03-29 13:13:59 - [TEST_STEP][PASSED] - response_feedback = feedback.getResponseText(): null

2022-03-29 13:13:59 - [TEST_STEP][PASSED] - markPassed("result feedback data : " + no + " norek : " + norek + " nopin : " + nopin): result feedback data : 318 norek : 9566009407 nopin : 001

2022-03-29 13:13:59 - [MESSAGE][PASSED] - result feedback data : 318 norek : 9566009407 nopin : 001

2022-03-29 13:13:59 - [TEST_STEP][PASSED] - logInfo($response_feedback): {
  "FeedbackCarInsuranceResponse" : {
    "errorCode" : "00",
    "errorMessage" : "Sukses"
  }
}

2022-03-29 13:13:59 - [MESSAGE][INFO] - {
  "FeedbackCarInsuranceResponse" : {
    "errorCode" : "00",
    "errorMessage" : "Sukses"
  }
}

2022-03-29 13:13:59 - [TEST_STEP][PASSED] - verifyElementPropertyValue(feedback, "FeedbackCarInsuranceResponse.errorMessage", "Sukses", CONTINUE_ON_FAILURE): Verify element property value successfully

2022-03-29 13:13:59 - [MESSAGE][PASSED] - Verify element property value successfully]]></system-out>
         <system-err><![CDATA[]]></system-err>
      </testcase>
      <testcase name="Test Cases/3. get token - feedback insurance" time="1.024" classname="Test Cases/3. get token - feedback insurance" status="PASSED">
         <system-out><![CDATA[2022-03-29 13:14:00 - [TEST_CASE][PASSED] - Test Cases/3. get token - feedback insurance: Test Cases/3. get token - feedback insurance

2022-03-29 13:14:00 - [TEST_STEP][PASSED] - token = sendRequest(findTestObject("1. Get-Token")): Send request successfully

2022-03-29 13:14:00 - [MESSAGE][INFO] - HAR: I:\app-testing\app-project\Order car insurance\order-car-insurance\Reports\20220329_124138\3. Get feedback insurance - Batch 1\20220329_124139\requests\main\544.har

2022-03-29 13:14:00 - [MESSAGE][PASSED] - Send request successfully

2022-03-29 13:14:00 - [TEST_STEP][PASSED] - slurper = new groovy.json.JsonSlurper(): null

2022-03-29 13:14:00 - [TEST_STEP][PASSED] - get_token = slurper.parseText(token.getResponseBodyContent()): null

2022-03-29 13:14:00 - [TEST_STEP][PASSED] - private_token = access_token: null

2022-03-29 13:14:00 - [TEST_STEP][PASSED] - global_token = private_token: null

2022-03-29 13:14:00 - [TEST_STEP][PASSED] - println("token is :" + global_token): null

2022-03-29 13:14:00 - [TEST_STEP][PASSED] - response_token = token.getResponseText(): null

2022-03-29 13:14:00 - [TEST_STEP][PASSED] - logInfo($response_token): {"fault":{"faultstring":"Access Denied for client ip : 8.29.105.53","detail":{"errorcode":"accesscontrol.IPDeniedAccess"}}}

2022-03-29 13:14:00 - [MESSAGE][INFO] - {"fault":{"faultstring":"Access Denied for client ip : 8.29.105.53","detail":{"errorcode":"accesscontrol.IPDeniedAccess"}}}

2022-03-29 13:14:00 - [TEST_STEP][PASSED] - feedback = sendRequest(findTestObject("4. Feedback-ins", ["s_key":global_token, "batchid":batchid, "norek":norek, "nopin":nopin, "custname":custname, "pemohon":pemohon, "branchid":branchid, ... ])): Send request successfully

2022-03-29 13:14:01 - [MESSAGE][INFO] - HAR: I:\app-testing\app-project\Order car insurance\order-car-insurance\Reports\20220329_124138\3. Get feedback insurance - Batch 1\20220329_124139\requests\main\545.har

2022-03-29 13:14:01 - [MESSAGE][PASSED] - Send request successfully

2022-03-29 13:14:01 - [TEST_STEP][PASSED] - response_feedback = feedback.getResponseText(): null

2022-03-29 13:14:01 - [TEST_STEP][PASSED] - markPassed("result feedback data : " + no + " norek : " + norek + " nopin : " + nopin): result feedback data : 319 norek : 9566009407 nopin : 001

2022-03-29 13:14:01 - [MESSAGE][PASSED] - result feedback data : 319 norek : 9566009407 nopin : 001

2022-03-29 13:14:01 - [TEST_STEP][PASSED] - logInfo($response_feedback): {
  "FeedbackCarInsuranceResponse" : {
    "errorCode" : "00",
    "errorMessage" : "Sukses"
  }
}

2022-03-29 13:14:01 - [MESSAGE][INFO] - {
  "FeedbackCarInsuranceResponse" : {
    "errorCode" : "00",
    "errorMessage" : "Sukses"
  }
}

2022-03-29 13:14:01 - [TEST_STEP][PASSED] - verifyElementPropertyValue(feedback, "FeedbackCarInsuranceResponse.errorMessage", "Sukses", CONTINUE_ON_FAILURE): Verify element property value successfully

2022-03-29 13:14:01 - [MESSAGE][PASSED] - Verify element property value successfully]]></system-out>
         <system-err><![CDATA[]]></system-err>
      </testcase>
      <testcase name="Test Cases/3. get token - feedback insurance" time="1.053" classname="Test Cases/3. get token - feedback insurance" status="PASSED">
         <system-out><![CDATA[2022-03-29 13:14:01 - [TEST_CASE][PASSED] - Test Cases/3. get token - feedback insurance: Test Cases/3. get token - feedback insurance

2022-03-29 13:14:01 - [TEST_STEP][PASSED] - token = sendRequest(findTestObject("1. Get-Token")): Send request successfully

2022-03-29 13:14:01 - [MESSAGE][INFO] - HAR: I:\app-testing\app-project\Order car insurance\order-car-insurance\Reports\20220329_124138\3. Get feedback insurance - Batch 1\20220329_124139\requests\main\546.har

2022-03-29 13:14:01 - [MESSAGE][PASSED] - Send request successfully

2022-03-29 13:14:01 - [TEST_STEP][PASSED] - slurper = new groovy.json.JsonSlurper(): null

2022-03-29 13:14:01 - [TEST_STEP][PASSED] - get_token = slurper.parseText(token.getResponseBodyContent()): null

2022-03-29 13:14:01 - [TEST_STEP][PASSED] - private_token = access_token: null

2022-03-29 13:14:01 - [TEST_STEP][PASSED] - global_token = private_token: null

2022-03-29 13:14:01 - [TEST_STEP][PASSED] - println("token is :" + global_token): null

2022-03-29 13:14:01 - [TEST_STEP][PASSED] - response_token = token.getResponseText(): null

2022-03-29 13:14:01 - [TEST_STEP][PASSED] - logInfo($response_token): {"fault":{"faultstring":"Access Denied for client ip : 8.29.105.53","detail":{"errorcode":"accesscontrol.IPDeniedAccess"}}}

2022-03-29 13:14:01 - [MESSAGE][INFO] - {"fault":{"faultstring":"Access Denied for client ip : 8.29.105.53","detail":{"errorcode":"accesscontrol.IPDeniedAccess"}}}

2022-03-29 13:14:01 - [TEST_STEP][PASSED] - feedback = sendRequest(findTestObject("4. Feedback-ins", ["s_key":global_token, "batchid":batchid, "norek":norek, "nopin":nopin, "custname":custname, "pemohon":pemohon, "branchid":branchid, ... ])): Send request successfully

2022-03-29 13:14:02 - [MESSAGE][INFO] - HAR: I:\app-testing\app-project\Order car insurance\order-car-insurance\Reports\20220329_124138\3. Get feedback insurance - Batch 1\20220329_124139\requests\main\547.har

2022-03-29 13:14:02 - [MESSAGE][PASSED] - Send request successfully

2022-03-29 13:14:02 - [TEST_STEP][PASSED] - response_feedback = feedback.getResponseText(): null

2022-03-29 13:14:02 - [TEST_STEP][PASSED] - markPassed("result feedback data : " + no + " norek : " + norek + " nopin : " + nopin): result feedback data : 320 norek : 9566009407 nopin : 001

2022-03-29 13:14:02 - [MESSAGE][PASSED] - result feedback data : 320 norek : 9566009407 nopin : 001

2022-03-29 13:14:02 - [TEST_STEP][PASSED] - logInfo($response_feedback): {
  "FeedbackCarInsuranceResponse" : {
    "errorCode" : "00",
    "errorMessage" : "Sukses"
  }
}

2022-03-29 13:14:02 - [MESSAGE][INFO] - {
  "FeedbackCarInsuranceResponse" : {
    "errorCode" : "00",
    "errorMessage" : "Sukses"
  }
}

2022-03-29 13:14:02 - [TEST_STEP][PASSED] - verifyElementPropertyValue(feedback, "FeedbackCarInsuranceResponse.errorMessage", "Sukses", CONTINUE_ON_FAILURE): Verify element property value successfully

2022-03-29 13:14:02 - [MESSAGE][PASSED] - Verify element property value successfully]]></system-out>
         <system-err><![CDATA[]]></system-err>
      </testcase>
      <testcase name="Test Cases/3. get token - feedback insurance" time="1.008" classname="Test Cases/3. get token - feedback insurance" status="PASSED">
         <system-out><![CDATA[2022-03-29 13:14:02 - [TEST_CASE][PASSED] - Test Cases/3. get token - feedback insurance: Test Cases/3. get token - feedback insurance

2022-03-29 13:14:02 - [TEST_STEP][PASSED] - token = sendRequest(findTestObject("1. Get-Token")): Send request successfully

2022-03-29 13:14:03 - [MESSAGE][INFO] - HAR: I:\app-testing\app-project\Order car insurance\order-car-insurance\Reports\20220329_124138\3. Get feedback insurance - Batch 1\20220329_124139\requests\main\548.har

2022-03-29 13:14:03 - [MESSAGE][PASSED] - Send request successfully

2022-03-29 13:14:03 - [TEST_STEP][PASSED] - slurper = new groovy.json.JsonSlurper(): null

2022-03-29 13:14:03 - [TEST_STEP][PASSED] - get_token = slurper.parseText(token.getResponseBodyContent()): null

2022-03-29 13:14:03 - [TEST_STEP][PASSED] - private_token = access_token: null

2022-03-29 13:14:03 - [TEST_STEP][PASSED] - global_token = private_token: null

2022-03-29 13:14:03 - [TEST_STEP][PASSED] - println("token is :" + global_token): null

2022-03-29 13:14:03 - [TEST_STEP][PASSED] - response_token = token.getResponseText(): null

2022-03-29 13:14:03 - [TEST_STEP][PASSED] - logInfo($response_token): {"fault":{"faultstring":"Access Denied for client ip : 8.29.105.53","detail":{"errorcode":"accesscontrol.IPDeniedAccess"}}}

2022-03-29 13:14:03 - [MESSAGE][INFO] - {"fault":{"faultstring":"Access Denied for client ip : 8.29.105.53","detail":{"errorcode":"accesscontrol.IPDeniedAccess"}}}

2022-03-29 13:14:03 - [TEST_STEP][PASSED] - feedback = sendRequest(findTestObject("4. Feedback-ins", ["s_key":global_token, "batchid":batchid, "norek":norek, "nopin":nopin, "custname":custname, "pemohon":pemohon, "branchid":branchid, ... ])): Send request successfully

2022-03-29 13:14:03 - [MESSAGE][INFO] - HAR: I:\app-testing\app-project\Order car insurance\order-car-insurance\Reports\20220329_124138\3. Get feedback insurance - Batch 1\20220329_124139\requests\main\549.har

2022-03-29 13:14:03 - [MESSAGE][PASSED] - Send request successfully

2022-03-29 13:14:03 - [TEST_STEP][PASSED] - response_feedback = feedback.getResponseText(): null

2022-03-29 13:14:03 - [TEST_STEP][PASSED] - markPassed("result feedback data : " + no + " norek : " + norek + " nopin : " + nopin): result feedback data : 321 norek : 9566009407 nopin : 001

2022-03-29 13:14:03 - [MESSAGE][PASSED] - result feedback data : 321 norek : 9566009407 nopin : 001

2022-03-29 13:14:03 - [TEST_STEP][PASSED] - logInfo($response_feedback): {
  "FeedbackCarInsuranceResponse" : {
    "errorCode" : "00",
    "errorMessage" : "Sukses"
  }
}

2022-03-29 13:14:03 - [MESSAGE][INFO] - {
  "FeedbackCarInsuranceResponse" : {
    "errorCode" : "00",
    "errorMessage" : "Sukses"
  }
}

2022-03-29 13:14:03 - [TEST_STEP][PASSED] - verifyElementPropertyValue(feedback, "FeedbackCarInsuranceResponse.errorMessage", "Sukses", CONTINUE_ON_FAILURE): Verify element property value successfully

2022-03-29 13:14:03 - [MESSAGE][PASSED] - Verify element property value successfully]]></system-out>
         <system-err><![CDATA[]]></system-err>
      </testcase>
      <testcase name="Test Cases/3. get token - feedback insurance" time="3.384" classname="Test Cases/3. get token - feedback insurance" status="FAILED">
         <failure type="FAILED" message="Test Cases/3. get token - feedback insurance FAILED.
Reason:
com.kms.katalon.core.exception.StepFailedException: Expected element property value 'Sukses' is not equal with actual property value 'OSB Service Callout action received SOAP Fault response'
	at com.kms.katalon.core.keyword.internal.KeywordMain.stepFailed(KeywordMain.groovy:39)
	at com.kms.katalon.core.webservice.keyword.builtin.VerifyElementPropertyValueKeyword$_verifyElementPropertyValue_closure1.doCall(VerifyElementPropertyValueKeyword.groovy:56)
	at com.kms.katalon.core.webservice.keyword.builtin.VerifyElementPropertyValueKeyword$_verifyElementPropertyValue_closure1.call(VerifyElementPropertyValueKeyword.groovy)
	at com.kms.katalon.core.keyword.internal.KeywordMain.runKeyword(KeywordMain.groovy:74)
	at com.kms.katalon.core.webservice.keyword.builtin.VerifyElementPropertyValueKeyword.verifyElementPropertyValue(VerifyElementPropertyValueKeyword.groovy:48)
	at com.kms.katalon.core.webservice.keyword.builtin.VerifyElementPropertyValueKeyword.execute(VerifyElementPropertyValueKeyword.groovy:43)
	at com.kms.katalon.core.keyword.internal.KeywordExecutor.executeKeywordForPlatform(KeywordExecutor.groovy:74)
	at com.kms.katalon.core.webservice.keyword.WSBuiltInKeywords.verifyElementPropertyValue(WSBuiltInKeywords.groovy:175)
	at com.kms.katalon.core.webservice.keyword.WSBuiltInKeywords$verifyElementPropertyValue$0.call(Unknown Source)
	at 3. get token - feedback insurance.run(3. get token - feedback insurance:59)
	at com.kms.katalon.core.main.ScriptEngine.run(ScriptEngine.java:194)
	at com.kms.katalon.core.main.ScriptEngine.runScriptAsRawText(ScriptEngine.java:119)
	at com.kms.katalon.core.main.TestCaseExecutor.runScript(TestCaseExecutor.java:442)
	at com.kms.katalon.core.main.TestCaseExecutor.doExecute(TestCaseExecutor.java:433)
	at com.kms.katalon.core.main.TestCaseExecutor.processExecutionPhase(TestCaseExecutor.java:412)
	at com.kms.katalon.core.main.TestCaseExecutor.accessMainPhase(TestCaseExecutor.java:404)
	at com.kms.katalon.core.main.TestCaseExecutor.execute(TestCaseExecutor.java:281)
	at com.kms.katalon.core.main.TestSuiteExecutor.accessTestCaseMainPhase(TestSuiteExecutor.java:202)
	at com.kms.katalon.core.main.TestSuiteExecutor.accessTestSuiteMainPhase(TestSuiteExecutor.java:164)
	at com.kms.katalon.core.main.TestSuiteExecutor.execute(TestSuiteExecutor.java:105)
	at com.kms.katalon.core.main.TestCaseMain.startTestSuite(TestCaseMain.java:181)
	at com.kms.katalon.core.main.TestCaseMain$startTestSuite$0.call(Unknown Source)
	at TempTestSuite1648532499046.run(TempTestSuite1648532499046.groovy:36)
"/>
         <system-out><![CDATA[2022-03-29 13:14:04 - [TEST_CASE][FAILED] - Test Cases/3. get token - feedback insurance: Test Cases/3. get token - feedback insurance FAILED.
Reason:
com.kms.katalon.core.exception.StepFailedException: Expected element property value 'Sukses' is not equal with actual property value 'OSB Service Callout action received SOAP Fault response'
	at com.kms.katalon.core.keyword.internal.KeywordMain.stepFailed(KeywordMain.groovy:39)
	at com.kms.katalon.core.webservice.keyword.builtin.VerifyElementPropertyValueKeyword$_verifyElementPropertyValue_closure1.doCall(VerifyElementPropertyValueKeyword.groovy:56)
	at com.kms.katalon.core.webservice.keyword.builtin.VerifyElementPropertyValueKeyword$_verifyElementPropertyValue_closure1.call(VerifyElementPropertyValueKeyword.groovy)
	at com.kms.katalon.core.keyword.internal.KeywordMain.runKeyword(KeywordMain.groovy:74)
	at com.kms.katalon.core.webservice.keyword.builtin.VerifyElementPropertyValueKeyword.verifyElementPropertyValue(VerifyElementPropertyValueKeyword.groovy:48)
	at com.kms.katalon.core.webservice.keyword.builtin.VerifyElementPropertyValueKeyword.execute(VerifyElementPropertyValueKeyword.groovy:43)
	at com.kms.katalon.core.keyword.internal.KeywordExecutor.executeKeywordForPlatform(KeywordExecutor.groovy:74)
	at com.kms.katalon.core.webservice.keyword.WSBuiltInKeywords.verifyElementPropertyValue(WSBuiltInKeywords.groovy:175)
	at com.kms.katalon.core.webservice.keyword.WSBuiltInKeywords$verifyElementPropertyValue$0.call(Unknown Source)
	at 3. get token - feedback insurance.run(3. get token - feedback insurance:59)
	at com.kms.katalon.core.main.ScriptEngine.run(ScriptEngine.java:194)
	at com.kms.katalon.core.main.ScriptEngine.runScriptAsRawText(ScriptEngine.java:119)
	at com.kms.katalon.core.main.TestCaseExecutor.runScript(TestCaseExecutor.java:442)
	at com.kms.katalon.core.main.TestCaseExecutor.doExecute(TestCaseExecutor.java:433)
	at com.kms.katalon.core.main.TestCaseExecutor.processExecutionPhase(TestCaseExecutor.java:412)
	at com.kms.katalon.core.main.TestCaseExecutor.accessMainPhase(TestCaseExecutor.java:404)
	at com.kms.katalon.core.main.TestCaseExecutor.execute(TestCaseExecutor.java:281)
	at com.kms.katalon.core.main.TestSuiteExecutor.accessTestCaseMainPhase(TestSuiteExecutor.java:202)
	at com.kms.katalon.core.main.TestSuiteExecutor.accessTestSuiteMainPhase(TestSuiteExecutor.java:164)
	at com.kms.katalon.core.main.TestSuiteExecutor.execute(TestSuiteExecutor.java:105)
	at com.kms.katalon.core.main.TestCaseMain.startTestSuite(TestCaseMain.java:181)
	at com.kms.katalon.core.main.TestCaseMain$startTestSuite$0.call(Unknown Source)
	at TempTestSuite1648532499046.run(TempTestSuite1648532499046.groovy:36)


2022-03-29 13:14:04 - [TEST_STEP][PASSED] - token = sendRequest(findTestObject("1. Get-Token")): Send request successfully

2022-03-29 13:14:04 - [MESSAGE][INFO] - HAR: I:\app-testing\app-project\Order car insurance\order-car-insurance\Reports\20220329_124138\3. Get feedback insurance - Batch 1\20220329_124139\requests\main\550.har

2022-03-29 13:14:04 - [MESSAGE][PASSED] - Send request successfully

2022-03-29 13:14:04 - [TEST_STEP][PASSED] - slurper = new groovy.json.JsonSlurper(): null

2022-03-29 13:14:04 - [TEST_STEP][PASSED] - get_token = slurper.parseText(token.getResponseBodyContent()): null

2022-03-29 13:14:04 - [TEST_STEP][PASSED] - private_token = access_token: null

2022-03-29 13:14:04 - [TEST_STEP][PASSED] - global_token = private_token: null

2022-03-29 13:14:04 - [TEST_STEP][PASSED] - println("token is :" + global_token): null

2022-03-29 13:14:04 - [TEST_STEP][PASSED] - response_token = token.getResponseText(): null

2022-03-29 13:14:04 - [TEST_STEP][PASSED] - logInfo($response_token): {"fault":{"faultstring":"Access Denied for client ip : 8.29.105.53","detail":{"errorcode":"accesscontrol.IPDeniedAccess"}}}

2022-03-29 13:14:04 - [MESSAGE][INFO] - {"fault":{"faultstring":"Access Denied for client ip : 8.29.105.53","detail":{"errorcode":"accesscontrol.IPDeniedAccess"}}}

2022-03-29 13:14:04 - [TEST_STEP][PASSED] - feedback = sendRequest(findTestObject("4. Feedback-ins", ["s_key":global_token, "batchid":batchid, "norek":norek, "nopin":nopin, "custname":custname, "pemohon":pemohon, "branchid":branchid, ... ])): Send request successfully

2022-03-29 13:14:07 - [MESSAGE][INFO] - HAR: I:\app-testing\app-project\Order car insurance\order-car-insurance\Reports\20220329_124138\3. Get feedback insurance - Batch 1\20220329_124139\requests\main\551.har

2022-03-29 13:14:07 - [MESSAGE][PASSED] - Send request successfully

2022-03-29 13:14:07 - [TEST_STEP][PASSED] - response_feedback = feedback.getResponseText(): null

2022-03-29 13:14:07 - [TEST_STEP][PASSED] - markPassed("result feedback data : " + no + " norek : " + norek + " nopin : " + nopin): result feedback data : 322 norek : 9566009418 nopin : 001

2022-03-29 13:14:07 - [MESSAGE][PASSED] - result feedback data : 322 norek : 9566009418 nopin : 001

2022-03-29 13:14:07 - [TEST_STEP][PASSED] - logInfo($response_feedback): <?xml version="1.0" encoding="UTF-8"?>
<err:RestError xmlns:err="http://www.bea.com/wli/sb/errors"><err:errorMessage>OSB Service Callout action received SOAP Fault response</err:errorMessage><err:errorCode>OSB-382500</err:errorCode></err:RestError>

2022-03-29 13:14:07 - [MESSAGE][INFO] - <?xml version="1.0" encoding="UTF-8"?>
<err:RestError xmlns:err="http://www.bea.com/wli/sb/errors"><err:errorMessage>OSB Service Callout action received SOAP Fault response</err:errorMessage><err:errorCode>OSB-382500</err:errorCode></err:RestError>

2022-03-29 13:14:07 - [TEST_STEP][FAILED] - verifyElementPropertyValue(feedback, "FeedbackCarInsuranceResponse.errorMessage", "Sukses", CONTINUE_ON_FAILURE): Expected element property value 'Sukses' is not equal with actual property value 'OSB Service Callout action received SOAP Fault response'

2022-03-29 13:14:07 - [MESSAGE][FAILED] - Expected element property value 'Sukses' is not equal with actual property value 'OSB Service Callout action received SOAP Fault response']]></system-out>
         <system-err><![CDATA[2022-03-29 13:14:04 - [TEST_CASE][FAILED] - Test Cases/3. get token - feedback insurance: Test Cases/3. get token - feedback insurance FAILED.
Reason:
com.kms.katalon.core.exception.StepFailedException: Expected element property value 'Sukses' is not equal with actual property value 'OSB Service Callout action received SOAP Fault response'
	at com.kms.katalon.core.keyword.internal.KeywordMain.stepFailed(KeywordMain.groovy:39)
	at com.kms.katalon.core.webservice.keyword.builtin.VerifyElementPropertyValueKeyword$_verifyElementPropertyValue_closure1.doCall(VerifyElementPropertyValueKeyword.groovy:56)
	at com.kms.katalon.core.webservice.keyword.builtin.VerifyElementPropertyValueKeyword$_verifyElementPropertyValue_closure1.call(VerifyElementPropertyValueKeyword.groovy)
	at com.kms.katalon.core.keyword.internal.KeywordMain.runKeyword(KeywordMain.groovy:74)
	at com.kms.katalon.core.webservice.keyword.builtin.VerifyElementPropertyValueKeyword.verifyElementPropertyValue(VerifyElementPropertyValueKeyword.groovy:48)
	at com.kms.katalon.core.webservice.keyword.builtin.VerifyElementPropertyValueKeyword.execute(VerifyElementPropertyValueKeyword.groovy:43)
	at com.kms.katalon.core.keyword.internal.KeywordExecutor.executeKeywordForPlatform(KeywordExecutor.groovy:74)
	at com.kms.katalon.core.webservice.keyword.WSBuiltInKeywords.verifyElementPropertyValue(WSBuiltInKeywords.groovy:175)
	at com.kms.katalon.core.webservice.keyword.WSBuiltInKeywords$verifyElementPropertyValue$0.call(Unknown Source)
	at 3. get token - feedback insurance.run(3. get token - feedback insurance:59)
	at com.kms.katalon.core.main.ScriptEngine.run(ScriptEngine.java:194)
	at com.kms.katalon.core.main.ScriptEngine.runScriptAsRawText(ScriptEngine.java:119)
	at com.kms.katalon.core.main.TestCaseExecutor.runScript(TestCaseExecutor.java:442)
	at com.kms.katalon.core.main.TestCaseExecutor.doExecute(TestCaseExecutor.java:433)
	at com.kms.katalon.core.main.TestCaseExecutor.processExecutionPhase(TestCaseExecutor.java:412)
	at com.kms.katalon.core.main.TestCaseExecutor.accessMainPhase(TestCaseExecutor.java:404)
	at com.kms.katalon.core.main.TestCaseExecutor.execute(TestCaseExecutor.java:281)
	at com.kms.katalon.core.main.TestSuiteExecutor.accessTestCaseMainPhase(TestSuiteExecutor.java:202)
	at com.kms.katalon.core.main.TestSuiteExecutor.accessTestSuiteMainPhase(TestSuiteExecutor.java:164)
	at com.kms.katalon.core.main.TestSuiteExecutor.execute(TestSuiteExecutor.java:105)
	at com.kms.katalon.core.main.TestCaseMain.startTestSuite(TestCaseMain.java:181)
	at com.kms.katalon.core.main.TestCaseMain$startTestSuite$0.call(Unknown Source)
	at TempTestSuite1648532499046.run(TempTestSuite1648532499046.groovy:36)]]></system-err>
      </testcase>
      <testcase name="Test Cases/3. get token - feedback insurance" time="2.309" classname="Test Cases/3. get token - feedback insurance" status="FAILED">
         <failure type="FAILED" message="Test Cases/3. get token - feedback insurance FAILED.
Reason:
com.kms.katalon.core.exception.StepFailedException: Expected element property value 'Sukses' is not equal with actual property value 'OSB Service Callout action received SOAP Fault response'
	at com.kms.katalon.core.keyword.internal.KeywordMain.stepFailed(KeywordMain.groovy:39)
	at com.kms.katalon.core.webservice.keyword.builtin.VerifyElementPropertyValueKeyword$_verifyElementPropertyValue_closure1.doCall(VerifyElementPropertyValueKeyword.groovy:56)
	at com.kms.katalon.core.webservice.keyword.builtin.VerifyElementPropertyValueKeyword$_verifyElementPropertyValue_closure1.call(VerifyElementPropertyValueKeyword.groovy)
	at com.kms.katalon.core.keyword.internal.KeywordMain.runKeyword(KeywordMain.groovy:74)
	at com.kms.katalon.core.webservice.keyword.builtin.VerifyElementPropertyValueKeyword.verifyElementPropertyValue(VerifyElementPropertyValueKeyword.groovy:48)
	at com.kms.katalon.core.webservice.keyword.builtin.VerifyElementPropertyValueKeyword.execute(VerifyElementPropertyValueKeyword.groovy:43)
	at com.kms.katalon.core.keyword.internal.KeywordExecutor.executeKeywordForPlatform(KeywordExecutor.groovy:74)
	at com.kms.katalon.core.webservice.keyword.WSBuiltInKeywords.verifyElementPropertyValue(WSBuiltInKeywords.groovy:175)
	at com.kms.katalon.core.webservice.keyword.WSBuiltInKeywords$verifyElementPropertyValue$0.call(Unknown Source)
	at 3. get token - feedback insurance.run(3. get token - feedback insurance:59)
	at com.kms.katalon.core.main.ScriptEngine.run(ScriptEngine.java:194)
	at com.kms.katalon.core.main.ScriptEngine.runScriptAsRawText(ScriptEngine.java:119)
	at com.kms.katalon.core.main.TestCaseExecutor.runScript(TestCaseExecutor.java:442)
	at com.kms.katalon.core.main.TestCaseExecutor.doExecute(TestCaseExecutor.java:433)
	at com.kms.katalon.core.main.TestCaseExecutor.processExecutionPhase(TestCaseExecutor.java:412)
	at com.kms.katalon.core.main.TestCaseExecutor.accessMainPhase(TestCaseExecutor.java:404)
	at com.kms.katalon.core.main.TestCaseExecutor.execute(TestCaseExecutor.java:281)
	at com.kms.katalon.core.main.TestSuiteExecutor.accessTestCaseMainPhase(TestSuiteExecutor.java:202)
	at com.kms.katalon.core.main.TestSuiteExecutor.accessTestSuiteMainPhase(TestSuiteExecutor.java:164)
	at com.kms.katalon.core.main.TestSuiteExecutor.execute(TestSuiteExecutor.java:105)
	at com.kms.katalon.core.main.TestCaseMain.startTestSuite(TestCaseMain.java:181)
	at com.kms.katalon.core.main.TestCaseMain$startTestSuite$0.call(Unknown Source)
	at TempTestSuite1648532499046.run(TempTestSuite1648532499046.groovy:36)
"/>
         <system-out><![CDATA[2022-03-29 13:14:08 - [TEST_CASE][FAILED] - Test Cases/3. get token - feedback insurance: Test Cases/3. get token - feedback insurance FAILED.
Reason:
com.kms.katalon.core.exception.StepFailedException: Expected element property value 'Sukses' is not equal with actual property value 'OSB Service Callout action received SOAP Fault response'
	at com.kms.katalon.core.keyword.internal.KeywordMain.stepFailed(KeywordMain.groovy:39)
	at com.kms.katalon.core.webservice.keyword.builtin.VerifyElementPropertyValueKeyword$_verifyElementPropertyValue_closure1.doCall(VerifyElementPropertyValueKeyword.groovy:56)
	at com.kms.katalon.core.webservice.keyword.builtin.VerifyElementPropertyValueKeyword$_verifyElementPropertyValue_closure1.call(VerifyElementPropertyValueKeyword.groovy)
	at com.kms.katalon.core.keyword.internal.KeywordMain.runKeyword(KeywordMain.groovy:74)
	at com.kms.katalon.core.webservice.keyword.builtin.VerifyElementPropertyValueKeyword.verifyElementPropertyValue(VerifyElementPropertyValueKeyword.groovy:48)
	at com.kms.katalon.core.webservice.keyword.builtin.VerifyElementPropertyValueKeyword.execute(VerifyElementPropertyValueKeyword.groovy:43)
	at com.kms.katalon.core.keyword.internal.KeywordExecutor.executeKeywordForPlatform(KeywordExecutor.groovy:74)
	at com.kms.katalon.core.webservice.keyword.WSBuiltInKeywords.verifyElementPropertyValue(WSBuiltInKeywords.groovy:175)
	at com.kms.katalon.core.webservice.keyword.WSBuiltInKeywords$verifyElementPropertyValue$0.call(Unknown Source)
	at 3. get token - feedback insurance.run(3. get token - feedback insurance:59)
	at com.kms.katalon.core.main.ScriptEngine.run(ScriptEngine.java:194)
	at com.kms.katalon.core.main.ScriptEngine.runScriptAsRawText(ScriptEngine.java:119)
	at com.kms.katalon.core.main.TestCaseExecutor.runScript(TestCaseExecutor.java:442)
	at com.kms.katalon.core.main.TestCaseExecutor.doExecute(TestCaseExecutor.java:433)
	at com.kms.katalon.core.main.TestCaseExecutor.processExecutionPhase(TestCaseExecutor.java:412)
	at com.kms.katalon.core.main.TestCaseExecutor.accessMainPhase(TestCaseExecutor.java:404)
	at com.kms.katalon.core.main.TestCaseExecutor.execute(TestCaseExecutor.java:281)
	at com.kms.katalon.core.main.TestSuiteExecutor.accessTestCaseMainPhase(TestSuiteExecutor.java:202)
	at com.kms.katalon.core.main.TestSuiteExecutor.accessTestSuiteMainPhase(TestSuiteExecutor.java:164)
	at com.kms.katalon.core.main.TestSuiteExecutor.execute(TestSuiteExecutor.java:105)
	at com.kms.katalon.core.main.TestCaseMain.startTestSuite(TestCaseMain.java:181)
	at com.kms.katalon.core.main.TestCaseMain$startTestSuite$0.call(Unknown Source)
	at TempTestSuite1648532499046.run(TempTestSuite1648532499046.groovy:36)


2022-03-29 13:14:08 - [TEST_STEP][PASSED] - token = sendRequest(findTestObject("1. Get-Token")): Send request successfully

2022-03-29 13:14:08 - [MESSAGE][INFO] - HAR: I:\app-testing\app-project\Order car insurance\order-car-insurance\Reports\20220329_124138\3. Get feedback insurance - Batch 1\20220329_124139\requests\main\552.har

2022-03-29 13:14:08 - [MESSAGE][PASSED] - Send request successfully

2022-03-29 13:14:08 - [TEST_STEP][PASSED] - slurper = new groovy.json.JsonSlurper(): null

2022-03-29 13:14:08 - [TEST_STEP][PASSED] - get_token = slurper.parseText(token.getResponseBodyContent()): null

2022-03-29 13:14:08 - [TEST_STEP][PASSED] - private_token = access_token: null

2022-03-29 13:14:08 - [TEST_STEP][PASSED] - global_token = private_token: null

2022-03-29 13:14:08 - [TEST_STEP][PASSED] - println("token is :" + global_token): null

2022-03-29 13:14:08 - [TEST_STEP][PASSED] - response_token = token.getResponseText(): null

2022-03-29 13:14:08 - [TEST_STEP][PASSED] - logInfo($response_token): {"fault":{"faultstring":"Access Denied for client ip : 8.29.105.53","detail":{"errorcode":"accesscontrol.IPDeniedAccess"}}}

2022-03-29 13:14:08 - [MESSAGE][INFO] - {"fault":{"faultstring":"Access Denied for client ip : 8.29.105.53","detail":{"errorcode":"accesscontrol.IPDeniedAccess"}}}

2022-03-29 13:14:08 - [TEST_STEP][PASSED] - feedback = sendRequest(findTestObject("4. Feedback-ins", ["s_key":global_token, "batchid":batchid, "norek":norek, "nopin":nopin, "custname":custname, "pemohon":pemohon, "branchid":branchid, ... ])): Send request successfully

2022-03-29 13:14:10 - [MESSAGE][INFO] - HAR: I:\app-testing\app-project\Order car insurance\order-car-insurance\Reports\20220329_124138\3. Get feedback insurance - Batch 1\20220329_124139\requests\main\553.har

2022-03-29 13:14:10 - [MESSAGE][PASSED] - Send request successfully

2022-03-29 13:14:10 - [TEST_STEP][PASSED] - response_feedback = feedback.getResponseText(): null

2022-03-29 13:14:10 - [TEST_STEP][PASSED] - markPassed("result feedback data : " + no + " norek : " + norek + " nopin : " + nopin): result feedback data : 323 norek : 9566009418 nopin : 001

2022-03-29 13:14:10 - [MESSAGE][PASSED] - result feedback data : 323 norek : 9566009418 nopin : 001

2022-03-29 13:14:10 - [TEST_STEP][PASSED] - logInfo($response_feedback): <?xml version="1.0" encoding="UTF-8"?>
<err:RestError xmlns:err="http://www.bea.com/wli/sb/errors"><err:errorMessage>OSB Service Callout action received SOAP Fault response</err:errorMessage><err:errorCode>OSB-382500</err:errorCode></err:RestError>

2022-03-29 13:14:10 - [MESSAGE][INFO] - <?xml version="1.0" encoding="UTF-8"?>
<err:RestError xmlns:err="http://www.bea.com/wli/sb/errors"><err:errorMessage>OSB Service Callout action received SOAP Fault response</err:errorMessage><err:errorCode>OSB-382500</err:errorCode></err:RestError>

2022-03-29 13:14:10 - [TEST_STEP][FAILED] - verifyElementPropertyValue(feedback, "FeedbackCarInsuranceResponse.errorMessage", "Sukses", CONTINUE_ON_FAILURE): Expected element property value 'Sukses' is not equal with actual property value 'OSB Service Callout action received SOAP Fault response'

2022-03-29 13:14:10 - [MESSAGE][FAILED] - Expected element property value 'Sukses' is not equal with actual property value 'OSB Service Callout action received SOAP Fault response']]></system-out>
         <system-err><![CDATA[2022-03-29 13:14:08 - [TEST_CASE][FAILED] - Test Cases/3. get token - feedback insurance: Test Cases/3. get token - feedback insurance FAILED.
Reason:
com.kms.katalon.core.exception.StepFailedException: Expected element property value 'Sukses' is not equal with actual property value 'OSB Service Callout action received SOAP Fault response'
	at com.kms.katalon.core.keyword.internal.KeywordMain.stepFailed(KeywordMain.groovy:39)
	at com.kms.katalon.core.webservice.keyword.builtin.VerifyElementPropertyValueKeyword$_verifyElementPropertyValue_closure1.doCall(VerifyElementPropertyValueKeyword.groovy:56)
	at com.kms.katalon.core.webservice.keyword.builtin.VerifyElementPropertyValueKeyword$_verifyElementPropertyValue_closure1.call(VerifyElementPropertyValueKeyword.groovy)
	at com.kms.katalon.core.keyword.internal.KeywordMain.runKeyword(KeywordMain.groovy:74)
	at com.kms.katalon.core.webservice.keyword.builtin.VerifyElementPropertyValueKeyword.verifyElementPropertyValue(VerifyElementPropertyValueKeyword.groovy:48)
	at com.kms.katalon.core.webservice.keyword.builtin.VerifyElementPropertyValueKeyword.execute(VerifyElementPropertyValueKeyword.groovy:43)
	at com.kms.katalon.core.keyword.internal.KeywordExecutor.executeKeywordForPlatform(KeywordExecutor.groovy:74)
	at com.kms.katalon.core.webservice.keyword.WSBuiltInKeywords.verifyElementPropertyValue(WSBuiltInKeywords.groovy:175)
	at com.kms.katalon.core.webservice.keyword.WSBuiltInKeywords$verifyElementPropertyValue$0.call(Unknown Source)
	at 3. get token - feedback insurance.run(3. get token - feedback insurance:59)
	at com.kms.katalon.core.main.ScriptEngine.run(ScriptEngine.java:194)
	at com.kms.katalon.core.main.ScriptEngine.runScriptAsRawText(ScriptEngine.java:119)
	at com.kms.katalon.core.main.TestCaseExecutor.runScript(TestCaseExecutor.java:442)
	at com.kms.katalon.core.main.TestCaseExecutor.doExecute(TestCaseExecutor.java:433)
	at com.kms.katalon.core.main.TestCaseExecutor.processExecutionPhase(TestCaseExecutor.java:412)
	at com.kms.katalon.core.main.TestCaseExecutor.accessMainPhase(TestCaseExecutor.java:404)
	at com.kms.katalon.core.main.TestCaseExecutor.execute(TestCaseExecutor.java:281)
	at com.kms.katalon.core.main.TestSuiteExecutor.accessTestCaseMainPhase(TestSuiteExecutor.java:202)
	at com.kms.katalon.core.main.TestSuiteExecutor.accessTestSuiteMainPhase(TestSuiteExecutor.java:164)
	at com.kms.katalon.core.main.TestSuiteExecutor.execute(TestSuiteExecutor.java:105)
	at com.kms.katalon.core.main.TestCaseMain.startTestSuite(TestCaseMain.java:181)
	at com.kms.katalon.core.main.TestCaseMain$startTestSuite$0.call(Unknown Source)
	at TempTestSuite1648532499046.run(TempTestSuite1648532499046.groovy:36)]]></system-err>
      </testcase>
      <testcase name="Test Cases/3. get token - feedback insurance" time="0.985" classname="Test Cases/3. get token - feedback insurance" status="FAILED">
         <failure type="FAILED" message="Test Cases/3. get token - feedback insurance FAILED.
Reason:
com.kms.katalon.core.exception.StepFailedException: Expected element property value 'Sukses' is not equal with actual property value 'OSB Service Callout action received SOAP Fault response'
	at com.kms.katalon.core.keyword.internal.KeywordMain.stepFailed(KeywordMain.groovy:39)
	at com.kms.katalon.core.webservice.keyword.builtin.VerifyElementPropertyValueKeyword$_verifyElementPropertyValue_closure1.doCall(VerifyElementPropertyValueKeyword.groovy:56)
	at com.kms.katalon.core.webservice.keyword.builtin.VerifyElementPropertyValueKeyword$_verifyElementPropertyValue_closure1.call(VerifyElementPropertyValueKeyword.groovy)
	at com.kms.katalon.core.keyword.internal.KeywordMain.runKeyword(KeywordMain.groovy:74)
	at com.kms.katalon.core.webservice.keyword.builtin.VerifyElementPropertyValueKeyword.verifyElementPropertyValue(VerifyElementPropertyValueKeyword.groovy:48)
	at com.kms.katalon.core.webservice.keyword.builtin.VerifyElementPropertyValueKeyword.execute(VerifyElementPropertyValueKeyword.groovy:43)
	at com.kms.katalon.core.keyword.internal.KeywordExecutor.executeKeywordForPlatform(KeywordExecutor.groovy:74)
	at com.kms.katalon.core.webservice.keyword.WSBuiltInKeywords.verifyElementPropertyValue(WSBuiltInKeywords.groovy:175)
	at com.kms.katalon.core.webservice.keyword.WSBuiltInKeywords$verifyElementPropertyValue$0.call(Unknown Source)
	at 3. get token - feedback insurance.run(3. get token - feedback insurance:59)
	at com.kms.katalon.core.main.ScriptEngine.run(ScriptEngine.java:194)
	at com.kms.katalon.core.main.ScriptEngine.runScriptAsRawText(ScriptEngine.java:119)
	at com.kms.katalon.core.main.TestCaseExecutor.runScript(TestCaseExecutor.java:442)
	at com.kms.katalon.core.main.TestCaseExecutor.doExecute(TestCaseExecutor.java:433)
	at com.kms.katalon.core.main.TestCaseExecutor.processExecutionPhase(TestCaseExecutor.java:412)
	at com.kms.katalon.core.main.TestCaseExecutor.accessMainPhase(TestCaseExecutor.java:404)
	at com.kms.katalon.core.main.TestCaseExecutor.execute(TestCaseExecutor.java:281)
	at com.kms.katalon.core.main.TestSuiteExecutor.accessTestCaseMainPhase(TestSuiteExecutor.java:202)
	at com.kms.katalon.core.main.TestSuiteExecutor.accessTestSuiteMainPhase(TestSuiteExecutor.java:164)
	at com.kms.katalon.core.main.TestSuiteExecutor.execute(TestSuiteExecutor.java:105)
	at com.kms.katalon.core.main.TestCaseMain.startTestSuite(TestCaseMain.java:181)
	at com.kms.katalon.core.main.TestCaseMain$startTestSuite$0.call(Unknown Source)
	at TempTestSuite1648532499046.run(TempTestSuite1648532499046.groovy:36)
"/>
         <system-out><![CDATA[2022-03-29 13:14:10 - [TEST_CASE][FAILED] - Test Cases/3. get token - feedback insurance: Test Cases/3. get token - feedback insurance FAILED.
Reason:
com.kms.katalon.core.exception.StepFailedException: Expected element property value 'Sukses' is not equal with actual property value 'OSB Service Callout action received SOAP Fault response'
	at com.kms.katalon.core.keyword.internal.KeywordMain.stepFailed(KeywordMain.groovy:39)
	at com.kms.katalon.core.webservice.keyword.builtin.VerifyElementPropertyValueKeyword$_verifyElementPropertyValue_closure1.doCall(VerifyElementPropertyValueKeyword.groovy:56)
	at com.kms.katalon.core.webservice.keyword.builtin.VerifyElementPropertyValueKeyword$_verifyElementPropertyValue_closure1.call(VerifyElementPropertyValueKeyword.groovy)
	at com.kms.katalon.core.keyword.internal.KeywordMain.runKeyword(KeywordMain.groovy:74)
	at com.kms.katalon.core.webservice.keyword.builtin.VerifyElementPropertyValueKeyword.verifyElementPropertyValue(VerifyElementPropertyValueKeyword.groovy:48)
	at com.kms.katalon.core.webservice.keyword.builtin.VerifyElementPropertyValueKeyword.execute(VerifyElementPropertyValueKeyword.groovy:43)
	at com.kms.katalon.core.keyword.internal.KeywordExecutor.executeKeywordForPlatform(KeywordExecutor.groovy:74)
	at com.kms.katalon.core.webservice.keyword.WSBuiltInKeywords.verifyElementPropertyValue(WSBuiltInKeywords.groovy:175)
	at com.kms.katalon.core.webservice.keyword.WSBuiltInKeywords$verifyElementPropertyValue$0.call(Unknown Source)
	at 3. get token - feedback insurance.run(3. get token - feedback insurance:59)
	at com.kms.katalon.core.main.ScriptEngine.run(ScriptEngine.java:194)
	at com.kms.katalon.core.main.ScriptEngine.runScriptAsRawText(ScriptEngine.java:119)
	at com.kms.katalon.core.main.TestCaseExecutor.runScript(TestCaseExecutor.java:442)
	at com.kms.katalon.core.main.TestCaseExecutor.doExecute(TestCaseExecutor.java:433)
	at com.kms.katalon.core.main.TestCaseExecutor.processExecutionPhase(TestCaseExecutor.java:412)
	at com.kms.katalon.core.main.TestCaseExecutor.accessMainPhase(TestCaseExecutor.java:404)
	at com.kms.katalon.core.main.TestCaseExecutor.execute(TestCaseExecutor.java:281)
	at com.kms.katalon.core.main.TestSuiteExecutor.accessTestCaseMainPhase(TestSuiteExecutor.java:202)
	at com.kms.katalon.core.main.TestSuiteExecutor.accessTestSuiteMainPhase(TestSuiteExecutor.java:164)
	at com.kms.katalon.core.main.TestSuiteExecutor.execute(TestSuiteExecutor.java:105)
	at com.kms.katalon.core.main.TestCaseMain.startTestSuite(TestCaseMain.java:181)
	at com.kms.katalon.core.main.TestCaseMain$startTestSuite$0.call(Unknown Source)
	at TempTestSuite1648532499046.run(TempTestSuite1648532499046.groovy:36)


2022-03-29 13:14:10 - [TEST_STEP][PASSED] - token = sendRequest(findTestObject("1. Get-Token")): Send request successfully

2022-03-29 13:14:11 - [MESSAGE][INFO] - HAR: I:\app-testing\app-project\Order car insurance\order-car-insurance\Reports\20220329_124138\3. Get feedback insurance - Batch 1\20220329_124139\requests\main\554.har

2022-03-29 13:14:11 - [MESSAGE][PASSED] - Send request successfully

2022-03-29 13:14:11 - [TEST_STEP][PASSED] - slurper = new groovy.json.JsonSlurper(): null

2022-03-29 13:14:11 - [TEST_STEP][PASSED] - get_token = slurper.parseText(token.getResponseBodyContent()): null

2022-03-29 13:14:11 - [TEST_STEP][PASSED] - private_token = access_token: null

2022-03-29 13:14:11 - [TEST_STEP][PASSED] - global_token = private_token: null

2022-03-29 13:14:11 - [TEST_STEP][PASSED] - println("token is :" + global_token): null

2022-03-29 13:14:11 - [TEST_STEP][PASSED] - response_token = token.getResponseText(): null

2022-03-29 13:14:11 - [TEST_STEP][PASSED] - logInfo($response_token): {"fault":{"faultstring":"Access Denied for client ip : 8.29.105.53","detail":{"errorcode":"accesscontrol.IPDeniedAccess"}}}

2022-03-29 13:14:11 - [MESSAGE][INFO] - {"fault":{"faultstring":"Access Denied for client ip : 8.29.105.53","detail":{"errorcode":"accesscontrol.IPDeniedAccess"}}}

2022-03-29 13:14:11 - [TEST_STEP][PASSED] - feedback = sendRequest(findTestObject("4. Feedback-ins", ["s_key":global_token, "batchid":batchid, "norek":norek, "nopin":nopin, "custname":custname, "pemohon":pemohon, "branchid":branchid, ... ])): Send request successfully

2022-03-29 13:14:11 - [MESSAGE][INFO] - HAR: I:\app-testing\app-project\Order car insurance\order-car-insurance\Reports\20220329_124138\3. Get feedback insurance - Batch 1\20220329_124139\requests\main\555.har

2022-03-29 13:14:11 - [MESSAGE][PASSED] - Send request successfully

2022-03-29 13:14:11 - [TEST_STEP][PASSED] - response_feedback = feedback.getResponseText(): null

2022-03-29 13:14:11 - [TEST_STEP][PASSED] - markPassed("result feedback data : " + no + " norek : " + norek + " nopin : " + nopin): result feedback data : 324 norek : 9566009418 nopin : 001

2022-03-29 13:14:11 - [MESSAGE][PASSED] - result feedback data : 324 norek : 9566009418 nopin : 001

2022-03-29 13:14:11 - [TEST_STEP][PASSED] - logInfo($response_feedback): <?xml version="1.0" encoding="UTF-8"?>
<err:RestError xmlns:err="http://www.bea.com/wli/sb/errors"><err:errorMessage>OSB Service Callout action received SOAP Fault response</err:errorMessage><err:errorCode>OSB-382500</err:errorCode></err:RestError>

2022-03-29 13:14:11 - [MESSAGE][INFO] - <?xml version="1.0" encoding="UTF-8"?>
<err:RestError xmlns:err="http://www.bea.com/wli/sb/errors"><err:errorMessage>OSB Service Callout action received SOAP Fault response</err:errorMessage><err:errorCode>OSB-382500</err:errorCode></err:RestError>

2022-03-29 13:14:11 - [TEST_STEP][FAILED] - verifyElementPropertyValue(feedback, "FeedbackCarInsuranceResponse.errorMessage", "Sukses", CONTINUE_ON_FAILURE): Expected element property value 'Sukses' is not equal with actual property value 'OSB Service Callout action received SOAP Fault response'

2022-03-29 13:14:11 - [MESSAGE][FAILED] - Expected element property value 'Sukses' is not equal with actual property value 'OSB Service Callout action received SOAP Fault response']]></system-out>
         <system-err><![CDATA[2022-03-29 13:14:10 - [TEST_CASE][FAILED] - Test Cases/3. get token - feedback insurance: Test Cases/3. get token - feedback insurance FAILED.
Reason:
com.kms.katalon.core.exception.StepFailedException: Expected element property value 'Sukses' is not equal with actual property value 'OSB Service Callout action received SOAP Fault response'
	at com.kms.katalon.core.keyword.internal.KeywordMain.stepFailed(KeywordMain.groovy:39)
	at com.kms.katalon.core.webservice.keyword.builtin.VerifyElementPropertyValueKeyword$_verifyElementPropertyValue_closure1.doCall(VerifyElementPropertyValueKeyword.groovy:56)
	at com.kms.katalon.core.webservice.keyword.builtin.VerifyElementPropertyValueKeyword$_verifyElementPropertyValue_closure1.call(VerifyElementPropertyValueKeyword.groovy)
	at com.kms.katalon.core.keyword.internal.KeywordMain.runKeyword(KeywordMain.groovy:74)
	at com.kms.katalon.core.webservice.keyword.builtin.VerifyElementPropertyValueKeyword.verifyElementPropertyValue(VerifyElementPropertyValueKeyword.groovy:48)
	at com.kms.katalon.core.webservice.keyword.builtin.VerifyElementPropertyValueKeyword.execute(VerifyElementPropertyValueKeyword.groovy:43)
	at com.kms.katalon.core.keyword.internal.KeywordExecutor.executeKeywordForPlatform(KeywordExecutor.groovy:74)
	at com.kms.katalon.core.webservice.keyword.WSBuiltInKeywords.verifyElementPropertyValue(WSBuiltInKeywords.groovy:175)
	at com.kms.katalon.core.webservice.keyword.WSBuiltInKeywords$verifyElementPropertyValue$0.call(Unknown Source)
	at 3. get token - feedback insurance.run(3. get token - feedback insurance:59)
	at com.kms.katalon.core.main.ScriptEngine.run(ScriptEngine.java:194)
	at com.kms.katalon.core.main.ScriptEngine.runScriptAsRawText(ScriptEngine.java:119)
	at com.kms.katalon.core.main.TestCaseExecutor.runScript(TestCaseExecutor.java:442)
	at com.kms.katalon.core.main.TestCaseExecutor.doExecute(TestCaseExecutor.java:433)
	at com.kms.katalon.core.main.TestCaseExecutor.processExecutionPhase(TestCaseExecutor.java:412)
	at com.kms.katalon.core.main.TestCaseExecutor.accessMainPhase(TestCaseExecutor.java:404)
	at com.kms.katalon.core.main.TestCaseExecutor.execute(TestCaseExecutor.java:281)
	at com.kms.katalon.core.main.TestSuiteExecutor.accessTestCaseMainPhase(TestSuiteExecutor.java:202)
	at com.kms.katalon.core.main.TestSuiteExecutor.accessTestSuiteMainPhase(TestSuiteExecutor.java:164)
	at com.kms.katalon.core.main.TestSuiteExecutor.execute(TestSuiteExecutor.java:105)
	at com.kms.katalon.core.main.TestCaseMain.startTestSuite(TestCaseMain.java:181)
	at com.kms.katalon.core.main.TestCaseMain$startTestSuite$0.call(Unknown Source)
	at TempTestSuite1648532499046.run(TempTestSuite1648532499046.groovy:36)]]></system-err>
      </testcase>
      <testcase name="Test Cases/3. get token - feedback insurance" time="4.15" classname="Test Cases/3. get token - feedback insurance" status="PASSED">
         <system-out><![CDATA[2022-03-29 13:14:12 - [TEST_CASE][PASSED] - Test Cases/3. get token - feedback insurance: Test Cases/3. get token - feedback insurance

2022-03-29 13:14:12 - [TEST_STEP][PASSED] - token = sendRequest(findTestObject("1. Get-Token")): Send request successfully

2022-03-29 13:14:12 - [MESSAGE][INFO] - HAR: I:\app-testing\app-project\Order car insurance\order-car-insurance\Reports\20220329_124138\3. Get feedback insurance - Batch 1\20220329_124139\requests\main\556.har

2022-03-29 13:14:12 - [MESSAGE][PASSED] - Send request successfully

2022-03-29 13:14:12 - [TEST_STEP][PASSED] - slurper = new groovy.json.JsonSlurper(): null

2022-03-29 13:14:12 - [TEST_STEP][PASSED] - get_token = slurper.parseText(token.getResponseBodyContent()): null

2022-03-29 13:14:12 - [TEST_STEP][PASSED] - private_token = access_token: null

2022-03-29 13:14:12 - [TEST_STEP][PASSED] - global_token = private_token: null

2022-03-29 13:14:12 - [TEST_STEP][PASSED] - println("token is :" + global_token): null

2022-03-29 13:14:12 - [TEST_STEP][PASSED] - response_token = token.getResponseText(): null

2022-03-29 13:14:12 - [TEST_STEP][PASSED] - logInfo($response_token): {"fault":{"faultstring":"Access Denied for client ip : 8.29.105.53","detail":{"errorcode":"accesscontrol.IPDeniedAccess"}}}

2022-03-29 13:14:12 - [MESSAGE][INFO] - {"fault":{"faultstring":"Access Denied for client ip : 8.29.105.53","detail":{"errorcode":"accesscontrol.IPDeniedAccess"}}}

2022-03-29 13:14:12 - [TEST_STEP][PASSED] - feedback = sendRequest(findTestObject("4. Feedback-ins", ["s_key":global_token, "batchid":batchid, "norek":norek, "nopin":nopin, "custname":custname, "pemohon":pemohon, "branchid":branchid, ... ])): Send request successfully

2022-03-29 13:14:16 - [MESSAGE][INFO] - HAR: I:\app-testing\app-project\Order car insurance\order-car-insurance\Reports\20220329_124138\3. Get feedback insurance - Batch 1\20220329_124139\requests\main\557.har

2022-03-29 13:14:16 - [MESSAGE][PASSED] - Send request successfully

2022-03-29 13:14:16 - [TEST_STEP][PASSED] - response_feedback = feedback.getResponseText(): null

2022-03-29 13:14:16 - [TEST_STEP][PASSED] - markPassed("result feedback data : " + no + " norek : " + norek + " nopin : " + nopin): result feedback data : 325 norek : 9566009431 nopin : 001

2022-03-29 13:14:16 - [MESSAGE][PASSED] - result feedback data : 325 norek : 9566009431 nopin : 001

2022-03-29 13:14:16 - [TEST_STEP][PASSED] - logInfo($response_feedback): {
  "FeedbackCarInsuranceResponse" : {
    "errorCode" : "00",
    "errorMessage" : "Sukses"
  }
}

2022-03-29 13:14:16 - [MESSAGE][INFO] - {
  "FeedbackCarInsuranceResponse" : {
    "errorCode" : "00",
    "errorMessage" : "Sukses"
  }
}

2022-03-29 13:14:16 - [TEST_STEP][PASSED] - verifyElementPropertyValue(feedback, "FeedbackCarInsuranceResponse.errorMessage", "Sukses", CONTINUE_ON_FAILURE): Verify element property value successfully

2022-03-29 13:14:16 - [MESSAGE][PASSED] - Verify element property value successfully]]></system-out>
         <system-err><![CDATA[]]></system-err>
      </testcase>
      <testcase name="Test Cases/3. get token - feedback insurance" time="1.099" classname="Test Cases/3. get token - feedback insurance" status="PASSED">
         <system-out><![CDATA[2022-03-29 13:14:16 - [TEST_CASE][PASSED] - Test Cases/3. get token - feedback insurance: Test Cases/3. get token - feedback insurance

2022-03-29 13:14:16 - [TEST_STEP][PASSED] - token = sendRequest(findTestObject("1. Get-Token")): Send request successfully

2022-03-29 13:14:16 - [MESSAGE][INFO] - HAR: I:\app-testing\app-project\Order car insurance\order-car-insurance\Reports\20220329_124138\3. Get feedback insurance - Batch 1\20220329_124139\requests\main\558.har

2022-03-29 13:14:16 - [MESSAGE][PASSED] - Send request successfully

2022-03-29 13:14:16 - [TEST_STEP][PASSED] - slurper = new groovy.json.JsonSlurper(): null

2022-03-29 13:14:16 - [TEST_STEP][PASSED] - get_token = slurper.parseText(token.getResponseBodyContent()): null

2022-03-29 13:14:16 - [TEST_STEP][PASSED] - private_token = access_token: null

2022-03-29 13:14:16 - [TEST_STEP][PASSED] - global_token = private_token: null

2022-03-29 13:14:16 - [TEST_STEP][PASSED] - println("token is :" + global_token): null

2022-03-29 13:14:16 - [TEST_STEP][PASSED] - response_token = token.getResponseText(): null

2022-03-29 13:14:16 - [TEST_STEP][PASSED] - logInfo($response_token): {"fault":{"faultstring":"Access Denied for client ip : 8.29.105.53","detail":{"errorcode":"accesscontrol.IPDeniedAccess"}}}

2022-03-29 13:14:16 - [MESSAGE][INFO] - {"fault":{"faultstring":"Access Denied for client ip : 8.29.105.53","detail":{"errorcode":"accesscontrol.IPDeniedAccess"}}}

2022-03-29 13:14:16 - [TEST_STEP][PASSED] - feedback = sendRequest(findTestObject("4. Feedback-ins", ["s_key":global_token, "batchid":batchid, "norek":norek, "nopin":nopin, "custname":custname, "pemohon":pemohon, "branchid":branchid, ... ])): Send request successfully

2022-03-29 13:14:17 - [MESSAGE][INFO] - HAR: I:\app-testing\app-project\Order car insurance\order-car-insurance\Reports\20220329_124138\3. Get feedback insurance - Batch 1\20220329_124139\requests\main\559.har

2022-03-29 13:14:17 - [MESSAGE][PASSED] - Send request successfully

2022-03-29 13:14:17 - [TEST_STEP][PASSED] - response_feedback = feedback.getResponseText(): null

2022-03-29 13:14:17 - [TEST_STEP][PASSED] - markPassed("result feedback data : " + no + " norek : " + norek + " nopin : " + nopin): result feedback data : 326 norek : 9566009431 nopin : 001

2022-03-29 13:14:17 - [MESSAGE][PASSED] - result feedback data : 326 norek : 9566009431 nopin : 001

2022-03-29 13:14:17 - [TEST_STEP][PASSED] - logInfo($response_feedback): {
  "FeedbackCarInsuranceResponse" : {
    "errorCode" : "00",
    "errorMessage" : "Sukses"
  }
}

2022-03-29 13:14:17 - [MESSAGE][INFO] - {
  "FeedbackCarInsuranceResponse" : {
    "errorCode" : "00",
    "errorMessage" : "Sukses"
  }
}

2022-03-29 13:14:17 - [TEST_STEP][PASSED] - verifyElementPropertyValue(feedback, "FeedbackCarInsuranceResponse.errorMessage", "Sukses", CONTINUE_ON_FAILURE): Verify element property value successfully

2022-03-29 13:14:17 - [MESSAGE][PASSED] - Verify element property value successfully]]></system-out>
         <system-err><![CDATA[]]></system-err>
      </testcase>
      <testcase name="Test Cases/3. get token - feedback insurance" time="1.312" classname="Test Cases/3. get token - feedback insurance" status="PASSED">
         <system-out><![CDATA[2022-03-29 13:14:18 - [TEST_CASE][PASSED] - Test Cases/3. get token - feedback insurance: Test Cases/3. get token - feedback insurance

2022-03-29 13:14:18 - [TEST_STEP][PASSED] - token = sendRequest(findTestObject("1. Get-Token")): Send request successfully

2022-03-29 13:14:18 - [MESSAGE][INFO] - HAR: I:\app-testing\app-project\Order car insurance\order-car-insurance\Reports\20220329_124138\3. Get feedback insurance - Batch 1\20220329_124139\requests\main\560.har

2022-03-29 13:14:18 - [MESSAGE][PASSED] - Send request successfully

2022-03-29 13:14:18 - [TEST_STEP][PASSED] - slurper = new groovy.json.JsonSlurper(): null

2022-03-29 13:14:18 - [TEST_STEP][PASSED] - get_token = slurper.parseText(token.getResponseBodyContent()): null

2022-03-29 13:14:18 - [TEST_STEP][PASSED] - private_token = access_token: null

2022-03-29 13:14:18 - [TEST_STEP][PASSED] - global_token = private_token: null

2022-03-29 13:14:18 - [TEST_STEP][PASSED] - println("token is :" + global_token): null

2022-03-29 13:14:18 - [TEST_STEP][PASSED] - response_token = token.getResponseText(): null

2022-03-29 13:14:18 - [TEST_STEP][PASSED] - logInfo($response_token): {"fault":{"faultstring":"Access Denied for client ip : 8.29.105.53","detail":{"errorcode":"accesscontrol.IPDeniedAccess"}}}

2022-03-29 13:14:18 - [MESSAGE][INFO] - {"fault":{"faultstring":"Access Denied for client ip : 8.29.105.53","detail":{"errorcode":"accesscontrol.IPDeniedAccess"}}}

2022-03-29 13:14:18 - [TEST_STEP][PASSED] - feedback = sendRequest(findTestObject("4. Feedback-ins", ["s_key":global_token, "batchid":batchid, "norek":norek, "nopin":nopin, "custname":custname, "pemohon":pemohon, "branchid":branchid, ... ])): Send request successfully

2022-03-29 13:14:19 - [MESSAGE][INFO] - HAR: I:\app-testing\app-project\Order car insurance\order-car-insurance\Reports\20220329_124138\3. Get feedback insurance - Batch 1\20220329_124139\requests\main\561.har

2022-03-29 13:14:19 - [MESSAGE][PASSED] - Send request successfully

2022-03-29 13:14:19 - [TEST_STEP][PASSED] - response_feedback = feedback.getResponseText(): null

2022-03-29 13:14:19 - [TEST_STEP][PASSED] - markPassed("result feedback data : " + no + " norek : " + norek + " nopin : " + nopin): result feedback data : 327 norek : 9566009431 nopin : 001

2022-03-29 13:14:19 - [MESSAGE][PASSED] - result feedback data : 327 norek : 9566009431 nopin : 001

2022-03-29 13:14:19 - [TEST_STEP][PASSED] - logInfo($response_feedback): {
  "FeedbackCarInsuranceResponse" : {
    "errorCode" : "00",
    "errorMessage" : "Sukses"
  }
}

2022-03-29 13:14:19 - [MESSAGE][INFO] - {
  "FeedbackCarInsuranceResponse" : {
    "errorCode" : "00",
    "errorMessage" : "Sukses"
  }
}

2022-03-29 13:14:19 - [TEST_STEP][PASSED] - verifyElementPropertyValue(feedback, "FeedbackCarInsuranceResponse.errorMessage", "Sukses", CONTINUE_ON_FAILURE): Verify element property value successfully

2022-03-29 13:14:19 - [MESSAGE][PASSED] - Verify element property value successfully]]></system-out>
         <system-err><![CDATA[]]></system-err>
      </testcase>
      <testcase name="Test Cases/3. get token - feedback insurance" time="1.054" classname="Test Cases/3. get token - feedback insurance" status="PASSED">
         <system-out><![CDATA[2022-03-29 13:14:19 - [TEST_CASE][PASSED] - Test Cases/3. get token - feedback insurance: Test Cases/3. get token - feedback insurance

2022-03-29 13:14:19 - [TEST_STEP][PASSED] - token = sendRequest(findTestObject("1. Get-Token")): Send request successfully

2022-03-29 13:14:20 - [MESSAGE][INFO] - HAR: I:\app-testing\app-project\Order car insurance\order-car-insurance\Reports\20220329_124138\3. Get feedback insurance - Batch 1\20220329_124139\requests\main\562.har

2022-03-29 13:14:20 - [MESSAGE][PASSED] - Send request successfully

2022-03-29 13:14:20 - [TEST_STEP][PASSED] - slurper = new groovy.json.JsonSlurper(): null

2022-03-29 13:14:20 - [TEST_STEP][PASSED] - get_token = slurper.parseText(token.getResponseBodyContent()): null

2022-03-29 13:14:20 - [TEST_STEP][PASSED] - private_token = access_token: null

2022-03-29 13:14:20 - [TEST_STEP][PASSED] - global_token = private_token: null

2022-03-29 13:14:20 - [TEST_STEP][PASSED] - println("token is :" + global_token): null

2022-03-29 13:14:20 - [TEST_STEP][PASSED] - response_token = token.getResponseText(): null

2022-03-29 13:14:20 - [TEST_STEP][PASSED] - logInfo($response_token): {"fault":{"faultstring":"Access Denied for client ip : 8.29.105.53","detail":{"errorcode":"accesscontrol.IPDeniedAccess"}}}

2022-03-29 13:14:20 - [MESSAGE][INFO] - {"fault":{"faultstring":"Access Denied for client ip : 8.29.105.53","detail":{"errorcode":"accesscontrol.IPDeniedAccess"}}}

2022-03-29 13:14:20 - [TEST_STEP][PASSED] - feedback = sendRequest(findTestObject("4. Feedback-ins", ["s_key":global_token, "batchid":batchid, "norek":norek, "nopin":nopin, "custname":custname, "pemohon":pemohon, "branchid":branchid, ... ])): Send request successfully

2022-03-29 13:14:20 - [MESSAGE][INFO] - HAR: I:\app-testing\app-project\Order car insurance\order-car-insurance\Reports\20220329_124138\3. Get feedback insurance - Batch 1\20220329_124139\requests\main\563.har

2022-03-29 13:14:20 - [MESSAGE][PASSED] - Send request successfully

2022-03-29 13:14:20 - [TEST_STEP][PASSED] - response_feedback = feedback.getResponseText(): null

2022-03-29 13:14:20 - [TEST_STEP][PASSED] - markPassed("result feedback data : " + no + " norek : " + norek + " nopin : " + nopin): result feedback data : 328 norek : 9566009431 nopin : 001

2022-03-29 13:14:20 - [MESSAGE][PASSED] - result feedback data : 328 norek : 9566009431 nopin : 001

2022-03-29 13:14:20 - [TEST_STEP][PASSED] - logInfo($response_feedback): {
  "FeedbackCarInsuranceResponse" : {
    "errorCode" : "00",
    "errorMessage" : "Sukses"
  }
}

2022-03-29 13:14:20 - [MESSAGE][INFO] - {
  "FeedbackCarInsuranceResponse" : {
    "errorCode" : "00",
    "errorMessage" : "Sukses"
  }
}

2022-03-29 13:14:20 - [TEST_STEP][PASSED] - verifyElementPropertyValue(feedback, "FeedbackCarInsuranceResponse.errorMessage", "Sukses", CONTINUE_ON_FAILURE): Verify element property value successfully

2022-03-29 13:14:20 - [MESSAGE][PASSED] - Verify element property value successfully]]></system-out>
         <system-err><![CDATA[]]></system-err>
      </testcase>
      <testcase name="Test Cases/3. get token - feedback insurance" time="1.15" classname="Test Cases/3. get token - feedback insurance" status="PASSED">
         <system-out><![CDATA[2022-03-29 13:14:21 - [TEST_CASE][PASSED] - Test Cases/3. get token - feedback insurance: Test Cases/3. get token - feedback insurance

2022-03-29 13:14:21 - [TEST_STEP][PASSED] - token = sendRequest(findTestObject("1. Get-Token")): Send request successfully

2022-03-29 13:14:21 - [MESSAGE][INFO] - HAR: I:\app-testing\app-project\Order car insurance\order-car-insurance\Reports\20220329_124138\3. Get feedback insurance - Batch 1\20220329_124139\requests\main\564.har

2022-03-29 13:14:21 - [MESSAGE][PASSED] - Send request successfully

2022-03-29 13:14:21 - [TEST_STEP][PASSED] - slurper = new groovy.json.JsonSlurper(): null

2022-03-29 13:14:21 - [TEST_STEP][PASSED] - get_token = slurper.parseText(token.getResponseBodyContent()): null

2022-03-29 13:14:21 - [TEST_STEP][PASSED] - private_token = access_token: null

2022-03-29 13:14:21 - [TEST_STEP][PASSED] - global_token = private_token: null

2022-03-29 13:14:21 - [TEST_STEP][PASSED] - println("token is :" + global_token): null

2022-03-29 13:14:21 - [TEST_STEP][PASSED] - response_token = token.getResponseText(): null

2022-03-29 13:14:21 - [TEST_STEP][PASSED] - logInfo($response_token): {"fault":{"faultstring":"Access Denied for client ip : 8.29.105.53","detail":{"errorcode":"accesscontrol.IPDeniedAccess"}}}

2022-03-29 13:14:21 - [MESSAGE][INFO] - {"fault":{"faultstring":"Access Denied for client ip : 8.29.105.53","detail":{"errorcode":"accesscontrol.IPDeniedAccess"}}}

2022-03-29 13:14:21 - [TEST_STEP][PASSED] - feedback = sendRequest(findTestObject("4. Feedback-ins", ["s_key":global_token, "batchid":batchid, "norek":norek, "nopin":nopin, "custname":custname, "pemohon":pemohon, "branchid":branchid, ... ])): Send request successfully

2022-03-29 13:14:22 - [MESSAGE][INFO] - HAR: I:\app-testing\app-project\Order car insurance\order-car-insurance\Reports\20220329_124138\3. Get feedback insurance - Batch 1\20220329_124139\requests\main\565.har

2022-03-29 13:14:22 - [MESSAGE][PASSED] - Send request successfully

2022-03-29 13:14:22 - [TEST_STEP][PASSED] - response_feedback = feedback.getResponseText(): null

2022-03-29 13:14:22 - [TEST_STEP][PASSED] - markPassed("result feedback data : " + no + " norek : " + norek + " nopin : " + nopin): result feedback data : 329 norek : 9566009431 nopin : 001

2022-03-29 13:14:22 - [MESSAGE][PASSED] - result feedback data : 329 norek : 9566009431 nopin : 001

2022-03-29 13:14:22 - [TEST_STEP][PASSED] - logInfo($response_feedback): {
  "FeedbackCarInsuranceResponse" : {
    "errorCode" : "00",
    "errorMessage" : "Sukses"
  }
}

2022-03-29 13:14:22 - [MESSAGE][INFO] - {
  "FeedbackCarInsuranceResponse" : {
    "errorCode" : "00",
    "errorMessage" : "Sukses"
  }
}

2022-03-29 13:14:22 - [TEST_STEP][PASSED] - verifyElementPropertyValue(feedback, "FeedbackCarInsuranceResponse.errorMessage", "Sukses", CONTINUE_ON_FAILURE): Verify element property value successfully

2022-03-29 13:14:22 - [MESSAGE][PASSED] - Verify element property value successfully]]></system-out>
         <system-err><![CDATA[]]></system-err>
      </testcase>
      <testcase name="Test Cases/3. get token - feedback insurance" time="1.041" classname="Test Cases/3. get token - feedback insurance" status="PASSED">
         <system-out><![CDATA[2022-03-29 13:14:22 - [TEST_CASE][PASSED] - Test Cases/3. get token - feedback insurance: Test Cases/3. get token - feedback insurance

2022-03-29 13:14:22 - [TEST_STEP][PASSED] - token = sendRequest(findTestObject("1. Get-Token")): Send request successfully

2022-03-29 13:14:23 - [MESSAGE][INFO] - HAR: I:\app-testing\app-project\Order car insurance\order-car-insurance\Reports\20220329_124138\3. Get feedback insurance - Batch 1\20220329_124139\requests\main\566.har

2022-03-29 13:14:23 - [MESSAGE][PASSED] - Send request successfully

2022-03-29 13:14:23 - [TEST_STEP][PASSED] - slurper = new groovy.json.JsonSlurper(): null

2022-03-29 13:14:23 - [TEST_STEP][PASSED] - get_token = slurper.parseText(token.getResponseBodyContent()): null

2022-03-29 13:14:23 - [TEST_STEP][PASSED] - private_token = access_token: null

2022-03-29 13:14:23 - [TEST_STEP][PASSED] - global_token = private_token: null

2022-03-29 13:14:23 - [TEST_STEP][PASSED] - println("token is :" + global_token): null

2022-03-29 13:14:23 - [TEST_STEP][PASSED] - response_token = token.getResponseText(): null

2022-03-29 13:14:23 - [TEST_STEP][PASSED] - logInfo($response_token): {"fault":{"faultstring":"Access Denied for client ip : 8.29.105.53","detail":{"errorcode":"accesscontrol.IPDeniedAccess"}}}

2022-03-29 13:14:23 - [MESSAGE][INFO] - {"fault":{"faultstring":"Access Denied for client ip : 8.29.105.53","detail":{"errorcode":"accesscontrol.IPDeniedAccess"}}}

2022-03-29 13:14:23 - [TEST_STEP][PASSED] - feedback = sendRequest(findTestObject("4. Feedback-ins", ["s_key":global_token, "batchid":batchid, "norek":norek, "nopin":nopin, "custname":custname, "pemohon":pemohon, "branchid":branchid, ... ])): Send request successfully

2022-03-29 13:14:23 - [MESSAGE][INFO] - HAR: I:\app-testing\app-project\Order car insurance\order-car-insurance\Reports\20220329_124138\3. Get feedback insurance - Batch 1\20220329_124139\requests\main\567.har

2022-03-29 13:14:23 - [MESSAGE][PASSED] - Send request successfully

2022-03-29 13:14:23 - [TEST_STEP][PASSED] - response_feedback = feedback.getResponseText(): null

2022-03-29 13:14:23 - [TEST_STEP][PASSED] - markPassed("result feedback data : " + no + " norek : " + norek + " nopin : " + nopin): result feedback data : 330 norek : 9566009431 nopin : 001

2022-03-29 13:14:23 - [MESSAGE][PASSED] - result feedback data : 330 norek : 9566009431 nopin : 001

2022-03-29 13:14:23 - [TEST_STEP][PASSED] - logInfo($response_feedback): {
  "FeedbackCarInsuranceResponse" : {
    "errorCode" : "00",
    "errorMessage" : "Sukses"
  }
}

2022-03-29 13:14:23 - [MESSAGE][INFO] - {
  "FeedbackCarInsuranceResponse" : {
    "errorCode" : "00",
    "errorMessage" : "Sukses"
  }
}

2022-03-29 13:14:23 - [TEST_STEP][PASSED] - verifyElementPropertyValue(feedback, "FeedbackCarInsuranceResponse.errorMessage", "Sukses", CONTINUE_ON_FAILURE): Verify element property value successfully

2022-03-29 13:14:23 - [MESSAGE][PASSED] - Verify element property value successfully]]></system-out>
         <system-err><![CDATA[]]></system-err>
      </testcase>
      <testcase name="Test Cases/3. get token - feedback insurance" time="1.018" classname="Test Cases/3. get token - feedback insurance" status="PASSED">
         <system-out><![CDATA[2022-03-29 13:14:24 - [TEST_CASE][PASSED] - Test Cases/3. get token - feedback insurance: Test Cases/3. get token - feedback insurance

2022-03-29 13:14:24 - [TEST_STEP][PASSED] - token = sendRequest(findTestObject("1. Get-Token")): Send request successfully

2022-03-29 13:14:24 - [MESSAGE][INFO] - HAR: I:\app-testing\app-project\Order car insurance\order-car-insurance\Reports\20220329_124138\3. Get feedback insurance - Batch 1\20220329_124139\requests\main\568.har

2022-03-29 13:14:24 - [MESSAGE][PASSED] - Send request successfully

2022-03-29 13:14:24 - [TEST_STEP][PASSED] - slurper = new groovy.json.JsonSlurper(): null

2022-03-29 13:14:24 - [TEST_STEP][PASSED] - get_token = slurper.parseText(token.getResponseBodyContent()): null

2022-03-29 13:14:24 - [TEST_STEP][PASSED] - private_token = access_token: null

2022-03-29 13:14:24 - [TEST_STEP][PASSED] - global_token = private_token: null

2022-03-29 13:14:24 - [TEST_STEP][PASSED] - println("token is :" + global_token): null

2022-03-29 13:14:24 - [TEST_STEP][PASSED] - response_token = token.getResponseText(): null

2022-03-29 13:14:24 - [TEST_STEP][PASSED] - logInfo($response_token): {"fault":{"faultstring":"Access Denied for client ip : 8.29.105.53","detail":{"errorcode":"accesscontrol.IPDeniedAccess"}}}

2022-03-29 13:14:24 - [MESSAGE][INFO] - {"fault":{"faultstring":"Access Denied for client ip : 8.29.105.53","detail":{"errorcode":"accesscontrol.IPDeniedAccess"}}}

2022-03-29 13:14:24 - [TEST_STEP][PASSED] - feedback = sendRequest(findTestObject("4. Feedback-ins", ["s_key":global_token, "batchid":batchid, "norek":norek, "nopin":nopin, "custname":custname, "pemohon":pemohon, "branchid":branchid, ... ])): Send request successfully

2022-03-29 13:14:25 - [MESSAGE][INFO] - HAR: I:\app-testing\app-project\Order car insurance\order-car-insurance\Reports\20220329_124138\3. Get feedback insurance - Batch 1\20220329_124139\requests\main\569.har

2022-03-29 13:14:25 - [MESSAGE][PASSED] - Send request successfully

2022-03-29 13:14:25 - [TEST_STEP][PASSED] - response_feedback = feedback.getResponseText(): null

2022-03-29 13:14:25 - [TEST_STEP][PASSED] - markPassed("result feedback data : " + no + " norek : " + norek + " nopin : " + nopin): result feedback data : 331 norek : 9566009431 nopin : 001

2022-03-29 13:14:25 - [MESSAGE][PASSED] - result feedback data : 331 norek : 9566009431 nopin : 001

2022-03-29 13:14:25 - [TEST_STEP][PASSED] - logInfo($response_feedback): {
  "FeedbackCarInsuranceResponse" : {
    "errorCode" : "00",
    "errorMessage" : "Sukses"
  }
}

2022-03-29 13:14:25 - [MESSAGE][INFO] - {
  "FeedbackCarInsuranceResponse" : {
    "errorCode" : "00",
    "errorMessage" : "Sukses"
  }
}

2022-03-29 13:14:25 - [TEST_STEP][PASSED] - verifyElementPropertyValue(feedback, "FeedbackCarInsuranceResponse.errorMessage", "Sukses", CONTINUE_ON_FAILURE): Verify element property value successfully

2022-03-29 13:14:25 - [MESSAGE][PASSED] - Verify element property value successfully]]></system-out>
         <system-err><![CDATA[]]></system-err>
      </testcase>
      <testcase name="Test Cases/3. get token - feedback insurance" time="1.018" classname="Test Cases/3. get token - feedback insurance" status="PASSED">
         <system-out><![CDATA[2022-03-29 13:14:25 - [TEST_CASE][PASSED] - Test Cases/3. get token - feedback insurance: Test Cases/3. get token - feedback insurance

2022-03-29 13:14:25 - [TEST_STEP][PASSED] - token = sendRequest(findTestObject("1. Get-Token")): Send request successfully

2022-03-29 13:14:26 - [MESSAGE][INFO] - HAR: I:\app-testing\app-project\Order car insurance\order-car-insurance\Reports\20220329_124138\3. Get feedback insurance - Batch 1\20220329_124139\requests\main\570.har

2022-03-29 13:14:26 - [MESSAGE][PASSED] - Send request successfully

2022-03-29 13:14:26 - [TEST_STEP][PASSED] - slurper = new groovy.json.JsonSlurper(): null

2022-03-29 13:14:26 - [TEST_STEP][PASSED] - get_token = slurper.parseText(token.getResponseBodyContent()): null

2022-03-29 13:14:26 - [TEST_STEP][PASSED] - private_token = access_token: null

2022-03-29 13:14:26 - [TEST_STEP][PASSED] - global_token = private_token: null

2022-03-29 13:14:26 - [TEST_STEP][PASSED] - println("token is :" + global_token): null

2022-03-29 13:14:26 - [TEST_STEP][PASSED] - response_token = token.getResponseText(): null

2022-03-29 13:14:26 - [TEST_STEP][PASSED] - logInfo($response_token): {"fault":{"faultstring":"Access Denied for client ip : 8.29.105.53","detail":{"errorcode":"accesscontrol.IPDeniedAccess"}}}

2022-03-29 13:14:26 - [MESSAGE][INFO] - {"fault":{"faultstring":"Access Denied for client ip : 8.29.105.53","detail":{"errorcode":"accesscontrol.IPDeniedAccess"}}}

2022-03-29 13:14:26 - [TEST_STEP][PASSED] - feedback = sendRequest(findTestObject("4. Feedback-ins", ["s_key":global_token, "batchid":batchid, "norek":norek, "nopin":nopin, "custname":custname, "pemohon":pemohon, "branchid":branchid, ... ])): Send request successfully

2022-03-29 13:14:26 - [MESSAGE][INFO] - HAR: I:\app-testing\app-project\Order car insurance\order-car-insurance\Reports\20220329_124138\3. Get feedback insurance - Batch 1\20220329_124139\requests\main\571.har

2022-03-29 13:14:26 - [MESSAGE][PASSED] - Send request successfully

2022-03-29 13:14:26 - [TEST_STEP][PASSED] - response_feedback = feedback.getResponseText(): null

2022-03-29 13:14:26 - [TEST_STEP][PASSED] - markPassed("result feedback data : " + no + " norek : " + norek + " nopin : " + nopin): result feedback data : 332 norek : 9566009431 nopin : 001

2022-03-29 13:14:26 - [MESSAGE][PASSED] - result feedback data : 332 norek : 9566009431 nopin : 001

2022-03-29 13:14:26 - [TEST_STEP][PASSED] - logInfo($response_feedback): {
  "FeedbackCarInsuranceResponse" : {
    "errorCode" : "00",
    "errorMessage" : "Sukses"
  }
}

2022-03-29 13:14:26 - [MESSAGE][INFO] - {
  "FeedbackCarInsuranceResponse" : {
    "errorCode" : "00",
    "errorMessage" : "Sukses"
  }
}

2022-03-29 13:14:26 - [TEST_STEP][PASSED] - verifyElementPropertyValue(feedback, "FeedbackCarInsuranceResponse.errorMessage", "Sukses", CONTINUE_ON_FAILURE): Verify element property value successfully

2022-03-29 13:14:26 - [MESSAGE][PASSED] - Verify element property value successfully]]></system-out>
         <system-err><![CDATA[]]></system-err>
      </testcase>
      <testcase name="Test Cases/3. get token - feedback insurance" time="2.404" classname="Test Cases/3. get token - feedback insurance" status="PASSED">
         <system-out><![CDATA[2022-03-29 13:14:27 - [TEST_CASE][PASSED] - Test Cases/3. get token - feedback insurance: Test Cases/3. get token - feedback insurance

2022-03-29 13:14:27 - [TEST_STEP][PASSED] - token = sendRequest(findTestObject("1. Get-Token")): Send request successfully

2022-03-29 13:14:27 - [MESSAGE][INFO] - HAR: I:\app-testing\app-project\Order car insurance\order-car-insurance\Reports\20220329_124138\3. Get feedback insurance - Batch 1\20220329_124139\requests\main\572.har

2022-03-29 13:14:27 - [MESSAGE][PASSED] - Send request successfully

2022-03-29 13:14:27 - [TEST_STEP][PASSED] - slurper = new groovy.json.JsonSlurper(): null

2022-03-29 13:14:27 - [TEST_STEP][PASSED] - get_token = slurper.parseText(token.getResponseBodyContent()): null

2022-03-29 13:14:27 - [TEST_STEP][PASSED] - private_token = access_token: null

2022-03-29 13:14:27 - [TEST_STEP][PASSED] - global_token = private_token: null

2022-03-29 13:14:27 - [TEST_STEP][PASSED] - println("token is :" + global_token): null

2022-03-29 13:14:27 - [TEST_STEP][PASSED] - response_token = token.getResponseText(): null

2022-03-29 13:14:27 - [TEST_STEP][PASSED] - logInfo($response_token): {"fault":{"faultstring":"Access Denied for client ip : 8.29.105.53","detail":{"errorcode":"accesscontrol.IPDeniedAccess"}}}

2022-03-29 13:14:27 - [MESSAGE][INFO] - {"fault":{"faultstring":"Access Denied for client ip : 8.29.105.53","detail":{"errorcode":"accesscontrol.IPDeniedAccess"}}}

2022-03-29 13:14:27 - [TEST_STEP][PASSED] - feedback = sendRequest(findTestObject("4. Feedback-ins", ["s_key":global_token, "batchid":batchid, "norek":norek, "nopin":nopin, "custname":custname, "pemohon":pemohon, "branchid":branchid, ... ])): Send request successfully

2022-03-29 13:14:29 - [MESSAGE][INFO] - HAR: I:\app-testing\app-project\Order car insurance\order-car-insurance\Reports\20220329_124138\3. Get feedback insurance - Batch 1\20220329_124139\requests\main\573.har

2022-03-29 13:14:29 - [MESSAGE][PASSED] - Send request successfully

2022-03-29 13:14:29 - [TEST_STEP][PASSED] - response_feedback = feedback.getResponseText(): null

2022-03-29 13:14:29 - [TEST_STEP][PASSED] - markPassed("result feedback data : " + no + " norek : " + norek + " nopin : " + nopin): result feedback data : 333 norek : 9566009431 nopin : 001

2022-03-29 13:14:29 - [MESSAGE][PASSED] - result feedback data : 333 norek : 9566009431 nopin : 001

2022-03-29 13:14:29 - [TEST_STEP][PASSED] - logInfo($response_feedback): {
  "FeedbackCarInsuranceResponse" : {
    "errorCode" : "00",
    "errorMessage" : "Sukses"
  }
}

2022-03-29 13:14:29 - [MESSAGE][INFO] - {
  "FeedbackCarInsuranceResponse" : {
    "errorCode" : "00",
    "errorMessage" : "Sukses"
  }
}

2022-03-29 13:14:29 - [TEST_STEP][PASSED] - verifyElementPropertyValue(feedback, "FeedbackCarInsuranceResponse.errorMessage", "Sukses", CONTINUE_ON_FAILURE): Verify element property value successfully

2022-03-29 13:14:29 - [MESSAGE][PASSED] - Verify element property value successfully]]></system-out>
         <system-err><![CDATA[]]></system-err>
      </testcase>
      <testcase name="Test Cases/3. get token - feedback insurance" time="1.04" classname="Test Cases/3. get token - feedback insurance" status="PASSED">
         <system-out><![CDATA[2022-03-29 13:14:30 - [TEST_CASE][PASSED] - Test Cases/3. get token - feedback insurance: Test Cases/3. get token - feedback insurance

2022-03-29 13:14:30 - [TEST_STEP][PASSED] - token = sendRequest(findTestObject("1. Get-Token")): Send request successfully

2022-03-29 13:14:30 - [MESSAGE][INFO] - HAR: I:\app-testing\app-project\Order car insurance\order-car-insurance\Reports\20220329_124138\3. Get feedback insurance - Batch 1\20220329_124139\requests\main\574.har

2022-03-29 13:14:30 - [MESSAGE][PASSED] - Send request successfully

2022-03-29 13:14:30 - [TEST_STEP][PASSED] - slurper = new groovy.json.JsonSlurper(): null

2022-03-29 13:14:30 - [TEST_STEP][PASSED] - get_token = slurper.parseText(token.getResponseBodyContent()): null

2022-03-29 13:14:30 - [TEST_STEP][PASSED] - private_token = access_token: null

2022-03-29 13:14:30 - [TEST_STEP][PASSED] - global_token = private_token: null

2022-03-29 13:14:30 - [TEST_STEP][PASSED] - println("token is :" + global_token): null

2022-03-29 13:14:30 - [TEST_STEP][PASSED] - response_token = token.getResponseText(): null

2022-03-29 13:14:30 - [TEST_STEP][PASSED] - logInfo($response_token): {"fault":{"faultstring":"Access Denied for client ip : 8.29.105.53","detail":{"errorcode":"accesscontrol.IPDeniedAccess"}}}

2022-03-29 13:14:30 - [MESSAGE][INFO] - {"fault":{"faultstring":"Access Denied for client ip : 8.29.105.53","detail":{"errorcode":"accesscontrol.IPDeniedAccess"}}}

2022-03-29 13:14:30 - [TEST_STEP][PASSED] - feedback = sendRequest(findTestObject("4. Feedback-ins", ["s_key":global_token, "batchid":batchid, "norek":norek, "nopin":nopin, "custname":custname, "pemohon":pemohon, "branchid":branchid, ... ])): Send request successfully

2022-03-29 13:14:31 - [MESSAGE][INFO] - HAR: I:\app-testing\app-project\Order car insurance\order-car-insurance\Reports\20220329_124138\3. Get feedback insurance - Batch 1\20220329_124139\requests\main\575.har

2022-03-29 13:14:31 - [MESSAGE][PASSED] - Send request successfully

2022-03-29 13:14:31 - [TEST_STEP][PASSED] - response_feedback = feedback.getResponseText(): null

2022-03-29 13:14:31 - [TEST_STEP][PASSED] - markPassed("result feedback data : " + no + " norek : " + norek + " nopin : " + nopin): result feedback data : 334 norek : 9566009431 nopin : 001

2022-03-29 13:14:31 - [MESSAGE][PASSED] - result feedback data : 334 norek : 9566009431 nopin : 001

2022-03-29 13:14:31 - [TEST_STEP][PASSED] - logInfo($response_feedback): {
  "FeedbackCarInsuranceResponse" : {
    "errorCode" : "00",
    "errorMessage" : "Sukses"
  }
}

2022-03-29 13:14:31 - [MESSAGE][INFO] - {
  "FeedbackCarInsuranceResponse" : {
    "errorCode" : "00",
    "errorMessage" : "Sukses"
  }
}

2022-03-29 13:14:31 - [TEST_STEP][PASSED] - verifyElementPropertyValue(feedback, "FeedbackCarInsuranceResponse.errorMessage", "Sukses", CONTINUE_ON_FAILURE): Verify element property value successfully

2022-03-29 13:14:31 - [MESSAGE][PASSED] - Verify element property value successfully]]></system-out>
         <system-err><![CDATA[]]></system-err>
      </testcase>
      <testcase name="Test Cases/3. get token - feedback insurance" time="1.206" classname="Test Cases/3. get token - feedback insurance" status="PASSED">
         <system-out><![CDATA[2022-03-29 13:14:31 - [TEST_CASE][PASSED] - Test Cases/3. get token - feedback insurance: Test Cases/3. get token - feedback insurance

2022-03-29 13:14:31 - [TEST_STEP][PASSED] - token = sendRequest(findTestObject("1. Get-Token")): Send request successfully

2022-03-29 13:14:31 - [MESSAGE][INFO] - HAR: I:\app-testing\app-project\Order car insurance\order-car-insurance\Reports\20220329_124138\3. Get feedback insurance - Batch 1\20220329_124139\requests\main\576.har

2022-03-29 13:14:31 - [MESSAGE][PASSED] - Send request successfully

2022-03-29 13:14:31 - [TEST_STEP][PASSED] - slurper = new groovy.json.JsonSlurper(): null

2022-03-29 13:14:31 - [TEST_STEP][PASSED] - get_token = slurper.parseText(token.getResponseBodyContent()): null

2022-03-29 13:14:31 - [TEST_STEP][PASSED] - private_token = access_token: null

2022-03-29 13:14:31 - [TEST_STEP][PASSED] - global_token = private_token: null

2022-03-29 13:14:31 - [TEST_STEP][PASSED] - println("token is :" + global_token): null

2022-03-29 13:14:31 - [TEST_STEP][PASSED] - response_token = token.getResponseText(): null

2022-03-29 13:14:31 - [TEST_STEP][PASSED] - logInfo($response_token): {"fault":{"faultstring":"Access Denied for client ip : 8.29.105.53","detail":{"errorcode":"accesscontrol.IPDeniedAccess"}}}

2022-03-29 13:14:31 - [MESSAGE][INFO] - {"fault":{"faultstring":"Access Denied for client ip : 8.29.105.53","detail":{"errorcode":"accesscontrol.IPDeniedAccess"}}}

2022-03-29 13:14:31 - [TEST_STEP][PASSED] - feedback = sendRequest(findTestObject("4. Feedback-ins", ["s_key":global_token, "batchid":batchid, "norek":norek, "nopin":nopin, "custname":custname, "pemohon":pemohon, "branchid":branchid, ... ])): Send request successfully

2022-03-29 13:14:32 - [MESSAGE][INFO] - HAR: I:\app-testing\app-project\Order car insurance\order-car-insurance\Reports\20220329_124138\3. Get feedback insurance - Batch 1\20220329_124139\requests\main\577.har

2022-03-29 13:14:32 - [MESSAGE][PASSED] - Send request successfully

2022-03-29 13:14:32 - [TEST_STEP][PASSED] - response_feedback = feedback.getResponseText(): null

2022-03-29 13:14:32 - [TEST_STEP][PASSED] - markPassed("result feedback data : " + no + " norek : " + norek + " nopin : " + nopin): result feedback data : 335 norek : 9566009441 nopin : 001

2022-03-29 13:14:32 - [MESSAGE][PASSED] - result feedback data : 335 norek : 9566009441 nopin : 001

2022-03-29 13:14:32 - [TEST_STEP][PASSED] - logInfo($response_feedback): {
  "FeedbackCarInsuranceResponse" : {
    "errorCode" : "00",
    "errorMessage" : "Sukses"
  }
}

2022-03-29 13:14:32 - [MESSAGE][INFO] - {
  "FeedbackCarInsuranceResponse" : {
    "errorCode" : "00",
    "errorMessage" : "Sukses"
  }
}

2022-03-29 13:14:32 - [TEST_STEP][PASSED] - verifyElementPropertyValue(feedback, "FeedbackCarInsuranceResponse.errorMessage", "Sukses", CONTINUE_ON_FAILURE): Verify element property value successfully

2022-03-29 13:14:32 - [MESSAGE][PASSED] - Verify element property value successfully]]></system-out>
         <system-err><![CDATA[]]></system-err>
      </testcase>
      <testcase name="Test Cases/3. get token - feedback insurance" time="1.084" classname="Test Cases/3. get token - feedback insurance" status="PASSED">
         <system-out><![CDATA[2022-03-29 13:14:33 - [TEST_CASE][PASSED] - Test Cases/3. get token - feedback insurance: Test Cases/3. get token - feedback insurance

2022-03-29 13:14:33 - [TEST_STEP][PASSED] - token = sendRequest(findTestObject("1. Get-Token")): Send request successfully

2022-03-29 13:14:33 - [MESSAGE][INFO] - HAR: I:\app-testing\app-project\Order car insurance\order-car-insurance\Reports\20220329_124138\3. Get feedback insurance - Batch 1\20220329_124139\requests\main\578.har

2022-03-29 13:14:33 - [MESSAGE][PASSED] - Send request successfully

2022-03-29 13:14:33 - [TEST_STEP][PASSED] - slurper = new groovy.json.JsonSlurper(): null

2022-03-29 13:14:33 - [TEST_STEP][PASSED] - get_token = slurper.parseText(token.getResponseBodyContent()): null

2022-03-29 13:14:33 - [TEST_STEP][PASSED] - private_token = access_token: null

2022-03-29 13:14:33 - [TEST_STEP][PASSED] - global_token = private_token: null

2022-03-29 13:14:33 - [TEST_STEP][PASSED] - println("token is :" + global_token): null

2022-03-29 13:14:33 - [TEST_STEP][PASSED] - response_token = token.getResponseText(): null

2022-03-29 13:14:33 - [TEST_STEP][PASSED] - logInfo($response_token): {"fault":{"faultstring":"Access Denied for client ip : 8.29.105.53","detail":{"errorcode":"accesscontrol.IPDeniedAccess"}}}

2022-03-29 13:14:33 - [MESSAGE][INFO] - {"fault":{"faultstring":"Access Denied for client ip : 8.29.105.53","detail":{"errorcode":"accesscontrol.IPDeniedAccess"}}}

2022-03-29 13:14:33 - [TEST_STEP][PASSED] - feedback = sendRequest(findTestObject("4. Feedback-ins", ["s_key":global_token, "batchid":batchid, "norek":norek, "nopin":nopin, "custname":custname, "pemohon":pemohon, "branchid":branchid, ... ])): Send request successfully

2022-03-29 13:14:34 - [MESSAGE][INFO] - HAR: I:\app-testing\app-project\Order car insurance\order-car-insurance\Reports\20220329_124138\3. Get feedback insurance - Batch 1\20220329_124139\requests\main\579.har

2022-03-29 13:14:34 - [MESSAGE][PASSED] - Send request successfully

2022-03-29 13:14:34 - [TEST_STEP][PASSED] - response_feedback = feedback.getResponseText(): null

2022-03-29 13:14:34 - [TEST_STEP][PASSED] - markPassed("result feedback data : " + no + " norek : " + norek + " nopin : " + nopin): result feedback data : 336 norek : 9566009441 nopin : 001

2022-03-29 13:14:34 - [MESSAGE][PASSED] - result feedback data : 336 norek : 9566009441 nopin : 001

2022-03-29 13:14:34 - [TEST_STEP][PASSED] - logInfo($response_feedback): {
  "FeedbackCarInsuranceResponse" : {
    "errorCode" : "00",
    "errorMessage" : "Sukses"
  }
}

2022-03-29 13:14:34 - [MESSAGE][INFO] - {
  "FeedbackCarInsuranceResponse" : {
    "errorCode" : "00",
    "errorMessage" : "Sukses"
  }
}

2022-03-29 13:14:34 - [TEST_STEP][PASSED] - verifyElementPropertyValue(feedback, "FeedbackCarInsuranceResponse.errorMessage", "Sukses", CONTINUE_ON_FAILURE): Verify element property value successfully

2022-03-29 13:14:34 - [MESSAGE][PASSED] - Verify element property value successfully]]></system-out>
         <system-err><![CDATA[]]></system-err>
      </testcase>
      <testcase name="Test Cases/3. get token - feedback insurance" time="1.112" classname="Test Cases/3. get token - feedback insurance" status="PASSED">
         <system-out><![CDATA[2022-03-29 13:14:34 - [TEST_CASE][PASSED] - Test Cases/3. get token - feedback insurance: Test Cases/3. get token - feedback insurance

2022-03-29 13:14:34 - [TEST_STEP][PASSED] - token = sendRequest(findTestObject("1. Get-Token")): Send request successfully

2022-03-29 13:14:34 - [MESSAGE][INFO] - HAR: I:\app-testing\app-project\Order car insurance\order-car-insurance\Reports\20220329_124138\3. Get feedback insurance - Batch 1\20220329_124139\requests\main\580.har

2022-03-29 13:14:34 - [MESSAGE][PASSED] - Send request successfully

2022-03-29 13:14:34 - [TEST_STEP][PASSED] - slurper = new groovy.json.JsonSlurper(): null

2022-03-29 13:14:34 - [TEST_STEP][PASSED] - get_token = slurper.parseText(token.getResponseBodyContent()): null

2022-03-29 13:14:34 - [TEST_STEP][PASSED] - private_token = access_token: null

2022-03-29 13:14:34 - [TEST_STEP][PASSED] - global_token = private_token: null

2022-03-29 13:14:34 - [TEST_STEP][PASSED] - println("token is :" + global_token): null

2022-03-29 13:14:34 - [TEST_STEP][PASSED] - response_token = token.getResponseText(): null

2022-03-29 13:14:34 - [TEST_STEP][PASSED] - logInfo($response_token): {"fault":{"faultstring":"Access Denied for client ip : 8.29.105.53","detail":{"errorcode":"accesscontrol.IPDeniedAccess"}}}

2022-03-29 13:14:34 - [MESSAGE][INFO] - {"fault":{"faultstring":"Access Denied for client ip : 8.29.105.53","detail":{"errorcode":"accesscontrol.IPDeniedAccess"}}}

2022-03-29 13:14:34 - [TEST_STEP][PASSED] - feedback = sendRequest(findTestObject("4. Feedback-ins", ["s_key":global_token, "batchid":batchid, "norek":norek, "nopin":nopin, "custname":custname, "pemohon":pemohon, "branchid":branchid, ... ])): Send request successfully

2022-03-29 13:14:35 - [MESSAGE][INFO] - HAR: I:\app-testing\app-project\Order car insurance\order-car-insurance\Reports\20220329_124138\3. Get feedback insurance - Batch 1\20220329_124139\requests\main\581.har

2022-03-29 13:14:35 - [MESSAGE][PASSED] - Send request successfully

2022-03-29 13:14:35 - [TEST_STEP][PASSED] - response_feedback = feedback.getResponseText(): null

2022-03-29 13:14:35 - [TEST_STEP][PASSED] - markPassed("result feedback data : " + no + " norek : " + norek + " nopin : " + nopin): result feedback data : 337 norek : 9566009441 nopin : 001

2022-03-29 13:14:35 - [MESSAGE][PASSED] - result feedback data : 337 norek : 9566009441 nopin : 001

2022-03-29 13:14:35 - [TEST_STEP][PASSED] - logInfo($response_feedback): {
  "FeedbackCarInsuranceResponse" : {
    "errorCode" : "00",
    "errorMessage" : "Sukses"
  }
}

2022-03-29 13:14:35 - [MESSAGE][INFO] - {
  "FeedbackCarInsuranceResponse" : {
    "errorCode" : "00",
    "errorMessage" : "Sukses"
  }
}

2022-03-29 13:14:35 - [TEST_STEP][PASSED] - verifyElementPropertyValue(feedback, "FeedbackCarInsuranceResponse.errorMessage", "Sukses", CONTINUE_ON_FAILURE): Verify element property value successfully

2022-03-29 13:14:35 - [MESSAGE][PASSED] - Verify element property value successfully]]></system-out>
         <system-err><![CDATA[]]></system-err>
      </testcase>
      <testcase name="Test Cases/3. get token - feedback insurance" time="1.634" classname="Test Cases/3. get token - feedback insurance" status="PASSED">
         <system-out><![CDATA[2022-03-29 13:14:36 - [TEST_CASE][PASSED] - Test Cases/3. get token - feedback insurance: Test Cases/3. get token - feedback insurance

2022-03-29 13:14:36 - [TEST_STEP][PASSED] - token = sendRequest(findTestObject("1. Get-Token")): Send request successfully

2022-03-29 13:14:36 - [MESSAGE][INFO] - HAR: I:\app-testing\app-project\Order car insurance\order-car-insurance\Reports\20220329_124138\3. Get feedback insurance - Batch 1\20220329_124139\requests\main\582.har

2022-03-29 13:14:36 - [MESSAGE][PASSED] - Send request successfully

2022-03-29 13:14:36 - [TEST_STEP][PASSED] - slurper = new groovy.json.JsonSlurper(): null

2022-03-29 13:14:36 - [TEST_STEP][PASSED] - get_token = slurper.parseText(token.getResponseBodyContent()): null

2022-03-29 13:14:36 - [TEST_STEP][PASSED] - private_token = access_token: null

2022-03-29 13:14:36 - [TEST_STEP][PASSED] - global_token = private_token: null

2022-03-29 13:14:36 - [TEST_STEP][PASSED] - println("token is :" + global_token): null

2022-03-29 13:14:36 - [TEST_STEP][PASSED] - response_token = token.getResponseText(): null

2022-03-29 13:14:36 - [TEST_STEP][PASSED] - logInfo($response_token): {"fault":{"faultstring":"Access Denied for client ip : 8.29.105.53","detail":{"errorcode":"accesscontrol.IPDeniedAccess"}}}

2022-03-29 13:14:36 - [MESSAGE][INFO] - {"fault":{"faultstring":"Access Denied for client ip : 8.29.105.53","detail":{"errorcode":"accesscontrol.IPDeniedAccess"}}}

2022-03-29 13:14:36 - [TEST_STEP][PASSED] - feedback = sendRequest(findTestObject("4. Feedback-ins", ["s_key":global_token, "batchid":batchid, "norek":norek, "nopin":nopin, "custname":custname, "pemohon":pemohon, "branchid":branchid, ... ])): Send request successfully

2022-03-29 13:14:37 - [MESSAGE][INFO] - HAR: I:\app-testing\app-project\Order car insurance\order-car-insurance\Reports\20220329_124138\3. Get feedback insurance - Batch 1\20220329_124139\requests\main\583.har

2022-03-29 13:14:37 - [MESSAGE][PASSED] - Send request successfully

2022-03-29 13:14:37 - [TEST_STEP][PASSED] - response_feedback = feedback.getResponseText(): null

2022-03-29 13:14:37 - [TEST_STEP][PASSED] - markPassed("result feedback data : " + no + " norek : " + norek + " nopin : " + nopin): result feedback data : 338 norek : 9566009441 nopin : 001

2022-03-29 13:14:37 - [MESSAGE][PASSED] - result feedback data : 338 norek : 9566009441 nopin : 001

2022-03-29 13:14:37 - [TEST_STEP][PASSED] - logInfo($response_feedback): {
  "FeedbackCarInsuranceResponse" : {
    "errorCode" : "00",
    "errorMessage" : "Sukses"
  }
}

2022-03-29 13:14:37 - [MESSAGE][INFO] - {
  "FeedbackCarInsuranceResponse" : {
    "errorCode" : "00",
    "errorMessage" : "Sukses"
  }
}

2022-03-29 13:14:37 - [TEST_STEP][PASSED] - verifyElementPropertyValue(feedback, "FeedbackCarInsuranceResponse.errorMessage", "Sukses", CONTINUE_ON_FAILURE): Verify element property value successfully

2022-03-29 13:14:37 - [MESSAGE][PASSED] - Verify element property value successfully]]></system-out>
         <system-err><![CDATA[]]></system-err>
      </testcase>
      <testcase name="Test Cases/3. get token - feedback insurance" time="1.452" classname="Test Cases/3. get token - feedback insurance" status="PASSED">
         <system-out><![CDATA[2022-03-29 13:14:38 - [TEST_CASE][PASSED] - Test Cases/3. get token - feedback insurance: Test Cases/3. get token - feedback insurance

2022-03-29 13:14:38 - [TEST_STEP][PASSED] - token = sendRequest(findTestObject("1. Get-Token")): Send request successfully

2022-03-29 13:14:38 - [MESSAGE][INFO] - HAR: I:\app-testing\app-project\Order car insurance\order-car-insurance\Reports\20220329_124138\3. Get feedback insurance - Batch 1\20220329_124139\requests\main\584.har

2022-03-29 13:14:38 - [MESSAGE][PASSED] - Send request successfully

2022-03-29 13:14:38 - [TEST_STEP][PASSED] - slurper = new groovy.json.JsonSlurper(): null

2022-03-29 13:14:38 - [TEST_STEP][PASSED] - get_token = slurper.parseText(token.getResponseBodyContent()): null

2022-03-29 13:14:38 - [TEST_STEP][PASSED] - private_token = access_token: null

2022-03-29 13:14:38 - [TEST_STEP][PASSED] - global_token = private_token: null

2022-03-29 13:14:38 - [TEST_STEP][PASSED] - println("token is :" + global_token): null

2022-03-29 13:14:38 - [TEST_STEP][PASSED] - response_token = token.getResponseText(): null

2022-03-29 13:14:38 - [TEST_STEP][PASSED] - logInfo($response_token): {"fault":{"faultstring":"Access Denied for client ip : 8.29.105.53","detail":{"errorcode":"accesscontrol.IPDeniedAccess"}}}

2022-03-29 13:14:38 - [MESSAGE][INFO] - {"fault":{"faultstring":"Access Denied for client ip : 8.29.105.53","detail":{"errorcode":"accesscontrol.IPDeniedAccess"}}}

2022-03-29 13:14:38 - [TEST_STEP][PASSED] - feedback = sendRequest(findTestObject("4. Feedback-ins", ["s_key":global_token, "batchid":batchid, "norek":norek, "nopin":nopin, "custname":custname, "pemohon":pemohon, "branchid":branchid, ... ])): Send request successfully

2022-03-29 13:14:39 - [MESSAGE][INFO] - HAR: I:\app-testing\app-project\Order car insurance\order-car-insurance\Reports\20220329_124138\3. Get feedback insurance - Batch 1\20220329_124139\requests\main\585.har

2022-03-29 13:14:39 - [MESSAGE][PASSED] - Send request successfully

2022-03-29 13:14:39 - [TEST_STEP][PASSED] - response_feedback = feedback.getResponseText(): null

2022-03-29 13:14:39 - [TEST_STEP][PASSED] - markPassed("result feedback data : " + no + " norek : " + norek + " nopin : " + nopin): result feedback data : 339 norek : 9566009441 nopin : 001

2022-03-29 13:14:39 - [MESSAGE][PASSED] - result feedback data : 339 norek : 9566009441 nopin : 001

2022-03-29 13:14:39 - [TEST_STEP][PASSED] - logInfo($response_feedback): {
  "FeedbackCarInsuranceResponse" : {
    "errorCode" : "00",
    "errorMessage" : "Sukses"
  }
}

2022-03-29 13:14:39 - [MESSAGE][INFO] - {
  "FeedbackCarInsuranceResponse" : {
    "errorCode" : "00",
    "errorMessage" : "Sukses"
  }
}

2022-03-29 13:14:39 - [TEST_STEP][PASSED] - verifyElementPropertyValue(feedback, "FeedbackCarInsuranceResponse.errorMessage", "Sukses", CONTINUE_ON_FAILURE): Verify element property value successfully

2022-03-29 13:14:39 - [MESSAGE][PASSED] - Verify element property value successfully]]></system-out>
         <system-err><![CDATA[]]></system-err>
      </testcase>
      <testcase name="Test Cases/3. get token - feedback insurance" time="1.134" classname="Test Cases/3. get token - feedback insurance" status="PASSED">
         <system-out><![CDATA[2022-03-29 13:14:39 - [TEST_CASE][PASSED] - Test Cases/3. get token - feedback insurance: Test Cases/3. get token - feedback insurance

2022-03-29 13:14:40 - [TEST_STEP][PASSED] - token = sendRequest(findTestObject("1. Get-Token")): Send request successfully

2022-03-29 13:14:40 - [MESSAGE][INFO] - HAR: I:\app-testing\app-project\Order car insurance\order-car-insurance\Reports\20220329_124138\3. Get feedback insurance - Batch 1\20220329_124139\requests\main\586.har

2022-03-29 13:14:40 - [MESSAGE][PASSED] - Send request successfully

2022-03-29 13:14:40 - [TEST_STEP][PASSED] - slurper = new groovy.json.JsonSlurper(): null

2022-03-29 13:14:40 - [TEST_STEP][PASSED] - get_token = slurper.parseText(token.getResponseBodyContent()): null

2022-03-29 13:14:40 - [TEST_STEP][PASSED] - private_token = access_token: null

2022-03-29 13:14:40 - [TEST_STEP][PASSED] - global_token = private_token: null

2022-03-29 13:14:40 - [TEST_STEP][PASSED] - println("token is :" + global_token): null

2022-03-29 13:14:40 - [TEST_STEP][PASSED] - response_token = token.getResponseText(): null

2022-03-29 13:14:40 - [TEST_STEP][PASSED] - logInfo($response_token): {"fault":{"faultstring":"Access Denied for client ip : 8.29.105.53","detail":{"errorcode":"accesscontrol.IPDeniedAccess"}}}

2022-03-29 13:14:40 - [MESSAGE][INFO] - {"fault":{"faultstring":"Access Denied for client ip : 8.29.105.53","detail":{"errorcode":"accesscontrol.IPDeniedAccess"}}}

2022-03-29 13:14:40 - [TEST_STEP][PASSED] - feedback = sendRequest(findTestObject("4. Feedback-ins", ["s_key":global_token, "batchid":batchid, "norek":norek, "nopin":nopin, "custname":custname, "pemohon":pemohon, "branchid":branchid, ... ])): Send request successfully

2022-03-29 13:14:41 - [MESSAGE][INFO] - HAR: I:\app-testing\app-project\Order car insurance\order-car-insurance\Reports\20220329_124138\3. Get feedback insurance - Batch 1\20220329_124139\requests\main\587.har

2022-03-29 13:14:41 - [MESSAGE][PASSED] - Send request successfully

2022-03-29 13:14:41 - [TEST_STEP][PASSED] - response_feedback = feedback.getResponseText(): null

2022-03-29 13:14:41 - [TEST_STEP][PASSED] - markPassed("result feedback data : " + no + " norek : " + norek + " nopin : " + nopin): result feedback data : 340 norek : 9566009441 nopin : 001

2022-03-29 13:14:41 - [MESSAGE][PASSED] - result feedback data : 340 norek : 9566009441 nopin : 001

2022-03-29 13:14:41 - [TEST_STEP][PASSED] - logInfo($response_feedback): {
  "FeedbackCarInsuranceResponse" : {
    "errorCode" : "00",
    "errorMessage" : "Sukses"
  }
}

2022-03-29 13:14:41 - [MESSAGE][INFO] - {
  "FeedbackCarInsuranceResponse" : {
    "errorCode" : "00",
    "errorMessage" : "Sukses"
  }
}

2022-03-29 13:14:41 - [TEST_STEP][PASSED] - verifyElementPropertyValue(feedback, "FeedbackCarInsuranceResponse.errorMessage", "Sukses", CONTINUE_ON_FAILURE): Verify element property value successfully

2022-03-29 13:14:41 - [MESSAGE][PASSED] - Verify element property value successfully]]></system-out>
         <system-err><![CDATA[]]></system-err>
      </testcase>
      <testcase name="Test Cases/3. get token - feedback insurance" time="1.34" classname="Test Cases/3. get token - feedback insurance" status="PASSED">
         <system-out><![CDATA[2022-03-29 13:14:41 - [TEST_CASE][PASSED] - Test Cases/3. get token - feedback insurance: Test Cases/3. get token - feedback insurance

2022-03-29 13:14:41 - [TEST_STEP][PASSED] - token = sendRequest(findTestObject("1. Get-Token")): Send request successfully

2022-03-29 13:14:41 - [MESSAGE][INFO] - HAR: I:\app-testing\app-project\Order car insurance\order-car-insurance\Reports\20220329_124138\3. Get feedback insurance - Batch 1\20220329_124139\requests\main\588.har

2022-03-29 13:14:41 - [MESSAGE][PASSED] - Send request successfully

2022-03-29 13:14:41 - [TEST_STEP][PASSED] - slurper = new groovy.json.JsonSlurper(): null

2022-03-29 13:14:41 - [TEST_STEP][PASSED] - get_token = slurper.parseText(token.getResponseBodyContent()): null

2022-03-29 13:14:41 - [TEST_STEP][PASSED] - private_token = access_token: null

2022-03-29 13:14:41 - [TEST_STEP][PASSED] - global_token = private_token: null

2022-03-29 13:14:41 - [TEST_STEP][PASSED] - println("token is :" + global_token): null

2022-03-29 13:14:41 - [TEST_STEP][PASSED] - response_token = token.getResponseText(): null

2022-03-29 13:14:41 - [TEST_STEP][PASSED] - logInfo($response_token): {"fault":{"faultstring":"Access Denied for client ip : 8.29.105.53","detail":{"errorcode":"accesscontrol.IPDeniedAccess"}}}

2022-03-29 13:14:41 - [MESSAGE][INFO] - {"fault":{"faultstring":"Access Denied for client ip : 8.29.105.53","detail":{"errorcode":"accesscontrol.IPDeniedAccess"}}}

2022-03-29 13:14:41 - [TEST_STEP][PASSED] - feedback = sendRequest(findTestObject("4. Feedback-ins", ["s_key":global_token, "batchid":batchid, "norek":norek, "nopin":nopin, "custname":custname, "pemohon":pemohon, "branchid":branchid, ... ])): Send request successfully

2022-03-29 13:14:42 - [MESSAGE][INFO] - HAR: I:\app-testing\app-project\Order car insurance\order-car-insurance\Reports\20220329_124138\3. Get feedback insurance - Batch 1\20220329_124139\requests\main\589.har

2022-03-29 13:14:42 - [MESSAGE][PASSED] - Send request successfully

2022-03-29 13:14:42 - [TEST_STEP][PASSED] - response_feedback = feedback.getResponseText(): null

2022-03-29 13:14:42 - [TEST_STEP][PASSED] - markPassed("result feedback data : " + no + " norek : " + norek + " nopin : " + nopin): result feedback data : 341 norek : 9570010549 nopin : 001

2022-03-29 13:14:42 - [MESSAGE][PASSED] - result feedback data : 341 norek : 9570010549 nopin : 001

2022-03-29 13:14:42 - [TEST_STEP][PASSED] - logInfo($response_feedback): {
  "FeedbackCarInsuranceResponse" : {
    "errorCode" : "00",
    "errorMessage" : "Sukses"
  }
}

2022-03-29 13:14:42 - [MESSAGE][INFO] - {
  "FeedbackCarInsuranceResponse" : {
    "errorCode" : "00",
    "errorMessage" : "Sukses"
  }
}

2022-03-29 13:14:42 - [TEST_STEP][PASSED] - verifyElementPropertyValue(feedback, "FeedbackCarInsuranceResponse.errorMessage", "Sukses", CONTINUE_ON_FAILURE): Verify element property value successfully

2022-03-29 13:14:42 - [MESSAGE][PASSED] - Verify element property value successfully]]></system-out>
         <system-err><![CDATA[]]></system-err>
      </testcase>
      <testcase name="Test Cases/3. get token - feedback insurance" time="1.061" classname="Test Cases/3. get token - feedback insurance" status="PASSED">
         <system-out><![CDATA[2022-03-29 13:14:43 - [TEST_CASE][PASSED] - Test Cases/3. get token - feedback insurance: Test Cases/3. get token - feedback insurance

2022-03-29 13:14:43 - [TEST_STEP][PASSED] - token = sendRequest(findTestObject("1. Get-Token")): Send request successfully

2022-03-29 13:14:43 - [MESSAGE][INFO] - HAR: I:\app-testing\app-project\Order car insurance\order-car-insurance\Reports\20220329_124138\3. Get feedback insurance - Batch 1\20220329_124139\requests\main\590.har

2022-03-29 13:14:43 - [MESSAGE][PASSED] - Send request successfully

2022-03-29 13:14:43 - [TEST_STEP][PASSED] - slurper = new groovy.json.JsonSlurper(): null

2022-03-29 13:14:43 - [TEST_STEP][PASSED] - get_token = slurper.parseText(token.getResponseBodyContent()): null

2022-03-29 13:14:43 - [TEST_STEP][PASSED] - private_token = access_token: null

2022-03-29 13:14:43 - [TEST_STEP][PASSED] - global_token = private_token: null

2022-03-29 13:14:43 - [TEST_STEP][PASSED] - println("token is :" + global_token): null

2022-03-29 13:14:43 - [TEST_STEP][PASSED] - response_token = token.getResponseText(): null

2022-03-29 13:14:43 - [TEST_STEP][PASSED] - logInfo($response_token): {"fault":{"faultstring":"Access Denied for client ip : 8.29.105.53","detail":{"errorcode":"accesscontrol.IPDeniedAccess"}}}

2022-03-29 13:14:43 - [MESSAGE][INFO] - {"fault":{"faultstring":"Access Denied for client ip : 8.29.105.53","detail":{"errorcode":"accesscontrol.IPDeniedAccess"}}}

2022-03-29 13:14:43 - [TEST_STEP][PASSED] - feedback = sendRequest(findTestObject("4. Feedback-ins", ["s_key":global_token, "batchid":batchid, "norek":norek, "nopin":nopin, "custname":custname, "pemohon":pemohon, "branchid":branchid, ... ])): Send request successfully

2022-03-29 13:14:44 - [MESSAGE][INFO] - HAR: I:\app-testing\app-project\Order car insurance\order-car-insurance\Reports\20220329_124138\3. Get feedback insurance - Batch 1\20220329_124139\requests\main\591.har

2022-03-29 13:14:44 - [MESSAGE][PASSED] - Send request successfully

2022-03-29 13:14:44 - [TEST_STEP][PASSED] - response_feedback = feedback.getResponseText(): null

2022-03-29 13:14:44 - [TEST_STEP][PASSED] - markPassed("result feedback data : " + no + " norek : " + norek + " nopin : " + nopin): result feedback data : 342 norek : 9570010549 nopin : 001

2022-03-29 13:14:44 - [MESSAGE][PASSED] - result feedback data : 342 norek : 9570010549 nopin : 001

2022-03-29 13:14:44 - [TEST_STEP][PASSED] - logInfo($response_feedback): {
  "FeedbackCarInsuranceResponse" : {
    "errorCode" : "00",
    "errorMessage" : "Sukses"
  }
}

2022-03-29 13:14:44 - [MESSAGE][INFO] - {
  "FeedbackCarInsuranceResponse" : {
    "errorCode" : "00",
    "errorMessage" : "Sukses"
  }
}

2022-03-29 13:14:44 - [TEST_STEP][PASSED] - verifyElementPropertyValue(feedback, "FeedbackCarInsuranceResponse.errorMessage", "Sukses", CONTINUE_ON_FAILURE): Verify element property value successfully

2022-03-29 13:14:44 - [MESSAGE][PASSED] - Verify element property value successfully]]></system-out>
         <system-err><![CDATA[]]></system-err>
      </testcase>
      <testcase name="Test Cases/3. get token - feedback insurance" time="1.076" classname="Test Cases/3. get token - feedback insurance" status="PASSED">
         <system-out><![CDATA[2022-03-29 13:14:44 - [TEST_CASE][PASSED] - Test Cases/3. get token - feedback insurance: Test Cases/3. get token - feedback insurance

2022-03-29 13:14:44 - [TEST_STEP][PASSED] - token = sendRequest(findTestObject("1. Get-Token")): Send request successfully

2022-03-29 13:14:45 - [MESSAGE][INFO] - HAR: I:\app-testing\app-project\Order car insurance\order-car-insurance\Reports\20220329_124138\3. Get feedback insurance - Batch 1\20220329_124139\requests\main\592.har

2022-03-29 13:14:45 - [MESSAGE][PASSED] - Send request successfully

2022-03-29 13:14:45 - [TEST_STEP][PASSED] - slurper = new groovy.json.JsonSlurper(): null

2022-03-29 13:14:45 - [TEST_STEP][PASSED] - get_token = slurper.parseText(token.getResponseBodyContent()): null

2022-03-29 13:14:45 - [TEST_STEP][PASSED] - private_token = access_token: null

2022-03-29 13:14:45 - [TEST_STEP][PASSED] - global_token = private_token: null

2022-03-29 13:14:45 - [TEST_STEP][PASSED] - println("token is :" + global_token): null

2022-03-29 13:14:45 - [TEST_STEP][PASSED] - response_token = token.getResponseText(): null

2022-03-29 13:14:45 - [TEST_STEP][PASSED] - logInfo($response_token): {"fault":{"faultstring":"Access Denied for client ip : 8.29.105.53","detail":{"errorcode":"accesscontrol.IPDeniedAccess"}}}

2022-03-29 13:14:45 - [MESSAGE][INFO] - {"fault":{"faultstring":"Access Denied for client ip : 8.29.105.53","detail":{"errorcode":"accesscontrol.IPDeniedAccess"}}}

2022-03-29 13:14:45 - [TEST_STEP][PASSED] - feedback = sendRequest(findTestObject("4. Feedback-ins", ["s_key":global_token, "batchid":batchid, "norek":norek, "nopin":nopin, "custname":custname, "pemohon":pemohon, "branchid":branchid, ... ])): Send request successfully

2022-03-29 13:14:45 - [MESSAGE][INFO] - HAR: I:\app-testing\app-project\Order car insurance\order-car-insurance\Reports\20220329_124138\3. Get feedback insurance - Batch 1\20220329_124139\requests\main\593.har

2022-03-29 13:14:45 - [MESSAGE][PASSED] - Send request successfully

2022-03-29 13:14:45 - [TEST_STEP][PASSED] - response_feedback = feedback.getResponseText(): null

2022-03-29 13:14:45 - [TEST_STEP][PASSED] - markPassed("result feedback data : " + no + " norek : " + norek + " nopin : " + nopin): result feedback data : 343 norek : 9570010549 nopin : 001

2022-03-29 13:14:45 - [MESSAGE][PASSED] - result feedback data : 343 norek : 9570010549 nopin : 001

2022-03-29 13:14:45 - [TEST_STEP][PASSED] - logInfo($response_feedback): {
  "FeedbackCarInsuranceResponse" : {
    "errorCode" : "00",
    "errorMessage" : "Sukses"
  }
}

2022-03-29 13:14:45 - [MESSAGE][INFO] - {
  "FeedbackCarInsuranceResponse" : {
    "errorCode" : "00",
    "errorMessage" : "Sukses"
  }
}

2022-03-29 13:14:45 - [TEST_STEP][PASSED] - verifyElementPropertyValue(feedback, "FeedbackCarInsuranceResponse.errorMessage", "Sukses", CONTINUE_ON_FAILURE): Verify element property value successfully

2022-03-29 13:14:45 - [MESSAGE][PASSED] - Verify element property value successfully]]></system-out>
         <system-err><![CDATA[]]></system-err>
      </testcase>
      <testcase name="Test Cases/3. get token - feedback insurance" time="2.695" classname="Test Cases/3. get token - feedback insurance" status="PASSED">
         <system-out><![CDATA[2022-03-29 13:14:46 - [TEST_CASE][PASSED] - Test Cases/3. get token - feedback insurance: Test Cases/3. get token - feedback insurance

2022-03-29 13:14:46 - [TEST_STEP][PASSED] - token = sendRequest(findTestObject("1. Get-Token")): Send request successfully

2022-03-29 13:14:46 - [MESSAGE][INFO] - HAR: I:\app-testing\app-project\Order car insurance\order-car-insurance\Reports\20220329_124138\3. Get feedback insurance - Batch 1\20220329_124139\requests\main\594.har

2022-03-29 13:14:46 - [MESSAGE][PASSED] - Send request successfully

2022-03-29 13:14:46 - [TEST_STEP][PASSED] - slurper = new groovy.json.JsonSlurper(): null

2022-03-29 13:14:46 - [TEST_STEP][PASSED] - get_token = slurper.parseText(token.getResponseBodyContent()): null

2022-03-29 13:14:46 - [TEST_STEP][PASSED] - private_token = access_token: null

2022-03-29 13:14:46 - [TEST_STEP][PASSED] - global_token = private_token: null

2022-03-29 13:14:46 - [TEST_STEP][PASSED] - println("token is :" + global_token): null

2022-03-29 13:14:46 - [TEST_STEP][PASSED] - response_token = token.getResponseText(): null

2022-03-29 13:14:46 - [TEST_STEP][PASSED] - logInfo($response_token): {"fault":{"faultstring":"Access Denied for client ip : 8.29.105.53","detail":{"errorcode":"accesscontrol.IPDeniedAccess"}}}

2022-03-29 13:14:46 - [MESSAGE][INFO] - {"fault":{"faultstring":"Access Denied for client ip : 8.29.105.53","detail":{"errorcode":"accesscontrol.IPDeniedAccess"}}}

2022-03-29 13:14:46 - [TEST_STEP][PASSED] - feedback = sendRequest(findTestObject("4. Feedback-ins", ["s_key":global_token, "batchid":batchid, "norek":norek, "nopin":nopin, "custname":custname, "pemohon":pemohon, "branchid":branchid, ... ])): Send request successfully

2022-03-29 13:14:48 - [MESSAGE][INFO] - HAR: I:\app-testing\app-project\Order car insurance\order-car-insurance\Reports\20220329_124138\3. Get feedback insurance - Batch 1\20220329_124139\requests\main\595.har

2022-03-29 13:14:48 - [MESSAGE][PASSED] - Send request successfully

2022-03-29 13:14:48 - [TEST_STEP][PASSED] - response_feedback = feedback.getResponseText(): null

2022-03-29 13:14:48 - [TEST_STEP][PASSED] - markPassed("result feedback data : " + no + " norek : " + norek + " nopin : " + nopin): result feedback data : 344 norek : 9570010549 nopin : 001

2022-03-29 13:14:48 - [MESSAGE][PASSED] - result feedback data : 344 norek : 9570010549 nopin : 001

2022-03-29 13:14:48 - [TEST_STEP][PASSED] - logInfo($response_feedback): {
  "FeedbackCarInsuranceResponse" : {
    "errorCode" : "00",
    "errorMessage" : "Sukses"
  }
}

2022-03-29 13:14:48 - [MESSAGE][INFO] - {
  "FeedbackCarInsuranceResponse" : {
    "errorCode" : "00",
    "errorMessage" : "Sukses"
  }
}

2022-03-29 13:14:48 - [TEST_STEP][PASSED] - verifyElementPropertyValue(feedback, "FeedbackCarInsuranceResponse.errorMessage", "Sukses", CONTINUE_ON_FAILURE): Verify element property value successfully

2022-03-29 13:14:48 - [MESSAGE][PASSED] - Verify element property value successfully]]></system-out>
         <system-err><![CDATA[]]></system-err>
      </testcase>
      <testcase name="Test Cases/3. get token - feedback insurance" time="1.068" classname="Test Cases/3. get token - feedback insurance" status="PASSED">
         <system-out><![CDATA[2022-03-29 13:14:49 - [TEST_CASE][PASSED] - Test Cases/3. get token - feedback insurance: Test Cases/3. get token - feedback insurance

2022-03-29 13:14:49 - [TEST_STEP][PASSED] - token = sendRequest(findTestObject("1. Get-Token")): Send request successfully

2022-03-29 13:14:49 - [MESSAGE][INFO] - HAR: I:\app-testing\app-project\Order car insurance\order-car-insurance\Reports\20220329_124138\3. Get feedback insurance - Batch 1\20220329_124139\requests\main\596.har

2022-03-29 13:14:49 - [MESSAGE][PASSED] - Send request successfully

2022-03-29 13:14:49 - [TEST_STEP][PASSED] - slurper = new groovy.json.JsonSlurper(): null

2022-03-29 13:14:49 - [TEST_STEP][PASSED] - get_token = slurper.parseText(token.getResponseBodyContent()): null

2022-03-29 13:14:49 - [TEST_STEP][PASSED] - private_token = access_token: null

2022-03-29 13:14:49 - [TEST_STEP][PASSED] - global_token = private_token: null

2022-03-29 13:14:49 - [TEST_STEP][PASSED] - println("token is :" + global_token): null

2022-03-29 13:14:49 - [TEST_STEP][PASSED] - response_token = token.getResponseText(): null

2022-03-29 13:14:49 - [TEST_STEP][PASSED] - logInfo($response_token): {"fault":{"faultstring":"Access Denied for client ip : 8.29.105.53","detail":{"errorcode":"accesscontrol.IPDeniedAccess"}}}

2022-03-29 13:14:49 - [MESSAGE][INFO] - {"fault":{"faultstring":"Access Denied for client ip : 8.29.105.53","detail":{"errorcode":"accesscontrol.IPDeniedAccess"}}}

2022-03-29 13:14:49 - [TEST_STEP][PASSED] - feedback = sendRequest(findTestObject("4. Feedback-ins", ["s_key":global_token, "batchid":batchid, "norek":norek, "nopin":nopin, "custname":custname, "pemohon":pemohon, "branchid":branchid, ... ])): Send request successfully

2022-03-29 13:14:50 - [MESSAGE][INFO] - HAR: I:\app-testing\app-project\Order car insurance\order-car-insurance\Reports\20220329_124138\3. Get feedback insurance - Batch 1\20220329_124139\requests\main\597.har

2022-03-29 13:14:50 - [MESSAGE][PASSED] - Send request successfully

2022-03-29 13:14:50 - [TEST_STEP][PASSED] - response_feedback = feedback.getResponseText(): null

2022-03-29 13:14:50 - [TEST_STEP][PASSED] - markPassed("result feedback data : " + no + " norek : " + norek + " nopin : " + nopin): result feedback data : 345 norek : 9570010549 nopin : 001

2022-03-29 13:14:50 - [MESSAGE][PASSED] - result feedback data : 345 norek : 9570010549 nopin : 001

2022-03-29 13:14:50 - [TEST_STEP][PASSED] - logInfo($response_feedback): {
  "FeedbackCarInsuranceResponse" : {
    "errorCode" : "00",
    "errorMessage" : "Sukses"
  }
}

2022-03-29 13:14:50 - [MESSAGE][INFO] - {
  "FeedbackCarInsuranceResponse" : {
    "errorCode" : "00",
    "errorMessage" : "Sukses"
  }
}

2022-03-29 13:14:50 - [TEST_STEP][PASSED] - verifyElementPropertyValue(feedback, "FeedbackCarInsuranceResponse.errorMessage", "Sukses", CONTINUE_ON_FAILURE): Verify element property value successfully

2022-03-29 13:14:50 - [MESSAGE][PASSED] - Verify element property value successfully]]></system-out>
         <system-err><![CDATA[]]></system-err>
      </testcase>
      <testcase name="Test Cases/3. get token - feedback insurance" time="1.071" classname="Test Cases/3. get token - feedback insurance" status="PASSED">
         <system-out><![CDATA[2022-03-29 13:14:50 - [TEST_CASE][PASSED] - Test Cases/3. get token - feedback insurance: Test Cases/3. get token - feedback insurance

2022-03-29 13:14:50 - [TEST_STEP][PASSED] - token = sendRequest(findTestObject("1. Get-Token")): Send request successfully

2022-03-29 13:14:51 - [MESSAGE][INFO] - HAR: I:\app-testing\app-project\Order car insurance\order-car-insurance\Reports\20220329_124138\3. Get feedback insurance - Batch 1\20220329_124139\requests\main\598.har

2022-03-29 13:14:51 - [MESSAGE][PASSED] - Send request successfully

2022-03-29 13:14:51 - [TEST_STEP][PASSED] - slurper = new groovy.json.JsonSlurper(): null

2022-03-29 13:14:51 - [TEST_STEP][PASSED] - get_token = slurper.parseText(token.getResponseBodyContent()): null

2022-03-29 13:14:51 - [TEST_STEP][PASSED] - private_token = access_token: null

2022-03-29 13:14:51 - [TEST_STEP][PASSED] - global_token = private_token: null

2022-03-29 13:14:51 - [TEST_STEP][PASSED] - println("token is :" + global_token): null

2022-03-29 13:14:51 - [TEST_STEP][PASSED] - response_token = token.getResponseText(): null

2022-03-29 13:14:51 - [TEST_STEP][PASSED] - logInfo($response_token): {"fault":{"faultstring":"Access Denied for client ip : 8.29.105.53","detail":{"errorcode":"accesscontrol.IPDeniedAccess"}}}

2022-03-29 13:14:51 - [MESSAGE][INFO] - {"fault":{"faultstring":"Access Denied for client ip : 8.29.105.53","detail":{"errorcode":"accesscontrol.IPDeniedAccess"}}}

2022-03-29 13:14:51 - [TEST_STEP][PASSED] - feedback = sendRequest(findTestObject("4. Feedback-ins", ["s_key":global_token, "batchid":batchid, "norek":norek, "nopin":nopin, "custname":custname, "pemohon":pemohon, "branchid":branchid, ... ])): Send request successfully

2022-03-29 13:14:51 - [MESSAGE][INFO] - HAR: I:\app-testing\app-project\Order car insurance\order-car-insurance\Reports\20220329_124138\3. Get feedback insurance - Batch 1\20220329_124139\requests\main\599.har

2022-03-29 13:14:51 - [MESSAGE][PASSED] - Send request successfully

2022-03-29 13:14:51 - [TEST_STEP][PASSED] - response_feedback = feedback.getResponseText(): null

2022-03-29 13:14:51 - [TEST_STEP][PASSED] - markPassed("result feedback data : " + no + " norek : " + norek + " nopin : " + nopin): result feedback data : 346 norek : 9570010549 nopin : 001

2022-03-29 13:14:51 - [MESSAGE][PASSED] - result feedback data : 346 norek : 9570010549 nopin : 001

2022-03-29 13:14:51 - [TEST_STEP][PASSED] - logInfo($response_feedback): {
  "FeedbackCarInsuranceResponse" : {
    "errorCode" : "00",
    "errorMessage" : "Sukses"
  }
}

2022-03-29 13:14:51 - [MESSAGE][INFO] - {
  "FeedbackCarInsuranceResponse" : {
    "errorCode" : "00",
    "errorMessage" : "Sukses"
  }
}

2022-03-29 13:14:51 - [TEST_STEP][PASSED] - verifyElementPropertyValue(feedback, "FeedbackCarInsuranceResponse.errorMessage", "Sukses", CONTINUE_ON_FAILURE): Verify element property value successfully

2022-03-29 13:14:51 - [MESSAGE][PASSED] - Verify element property value successfully]]></system-out>
         <system-err><![CDATA[]]></system-err>
      </testcase>
      <testcase name="Test Cases/3. get token - feedback insurance" time="1.601" classname="Test Cases/3. get token - feedback insurance" status="PASSED">
         <system-out><![CDATA[2022-03-29 13:14:52 - [TEST_CASE][PASSED] - Test Cases/3. get token - feedback insurance: Test Cases/3. get token - feedback insurance

2022-03-29 13:14:52 - [TEST_STEP][PASSED] - token = sendRequest(findTestObject("1. Get-Token")): Send request successfully

2022-03-29 13:14:52 - [MESSAGE][INFO] - HAR: I:\app-testing\app-project\Order car insurance\order-car-insurance\Reports\20220329_124138\3. Get feedback insurance - Batch 1\20220329_124139\requests\main\600.har

2022-03-29 13:14:52 - [MESSAGE][PASSED] - Send request successfully

2022-03-29 13:14:52 - [TEST_STEP][PASSED] - slurper = new groovy.json.JsonSlurper(): null

2022-03-29 13:14:52 - [TEST_STEP][PASSED] - get_token = slurper.parseText(token.getResponseBodyContent()): null

2022-03-29 13:14:52 - [TEST_STEP][PASSED] - private_token = access_token: null

2022-03-29 13:14:52 - [TEST_STEP][PASSED] - global_token = private_token: null

2022-03-29 13:14:52 - [TEST_STEP][PASSED] - println("token is :" + global_token): null

2022-03-29 13:14:52 - [TEST_STEP][PASSED] - response_token = token.getResponseText(): null

2022-03-29 13:14:52 - [TEST_STEP][PASSED] - logInfo($response_token): {"fault":{"faultstring":"Access Denied for client ip : 8.29.105.53","detail":{"errorcode":"accesscontrol.IPDeniedAccess"}}}

2022-03-29 13:14:52 - [MESSAGE][INFO] - {"fault":{"faultstring":"Access Denied for client ip : 8.29.105.53","detail":{"errorcode":"accesscontrol.IPDeniedAccess"}}}

2022-03-29 13:14:52 - [TEST_STEP][PASSED] - feedback = sendRequest(findTestObject("4. Feedback-ins", ["s_key":global_token, "batchid":batchid, "norek":norek, "nopin":nopin, "custname":custname, "pemohon":pemohon, "branchid":branchid, ... ])): Send request successfully

2022-03-29 13:14:53 - [MESSAGE][INFO] - HAR: I:\app-testing\app-project\Order car insurance\order-car-insurance\Reports\20220329_124138\3. Get feedback insurance - Batch 1\20220329_124139\requests\main\601.har

2022-03-29 13:14:53 - [MESSAGE][PASSED] - Send request successfully

2022-03-29 13:14:53 - [TEST_STEP][PASSED] - response_feedback = feedback.getResponseText(): null

2022-03-29 13:14:53 - [TEST_STEP][PASSED] - markPassed("result feedback data : " + no + " norek : " + norek + " nopin : " + nopin): result feedback data : 347 norek : 9570010565 nopin : 001

2022-03-29 13:14:53 - [MESSAGE][PASSED] - result feedback data : 347 norek : 9570010565 nopin : 001

2022-03-29 13:14:53 - [TEST_STEP][PASSED] - logInfo($response_feedback): {
  "FeedbackCarInsuranceResponse" : {
    "errorCode" : "00",
    "errorMessage" : "Sukses"
  }
}

2022-03-29 13:14:53 - [MESSAGE][INFO] - {
  "FeedbackCarInsuranceResponse" : {
    "errorCode" : "00",
    "errorMessage" : "Sukses"
  }
}

2022-03-29 13:14:53 - [TEST_STEP][PASSED] - verifyElementPropertyValue(feedback, "FeedbackCarInsuranceResponse.errorMessage", "Sukses", CONTINUE_ON_FAILURE): Verify element property value successfully

2022-03-29 13:14:53 - [MESSAGE][PASSED] - Verify element property value successfully]]></system-out>
         <system-err><![CDATA[]]></system-err>
      </testcase>
      <testcase name="Test Cases/3. get token - feedback insurance" time="451.507" classname="Test Cases/3. get token - feedback insurance" status="PASSED">
         <system-out><![CDATA[2022-03-29 13:14:54 - [TEST_CASE][PASSED] - Test Cases/3. get token - feedback insurance: Test Cases/3. get token - feedback insurance

2022-03-29 13:14:54 - [TEST_STEP][PASSED] - token = sendRequest(findTestObject("1. Get-Token")): Send request successfully

2022-03-29 13:14:54 - [MESSAGE][INFO] - HAR: I:\app-testing\app-project\Order car insurance\order-car-insurance\Reports\20220329_124138\3. Get feedback insurance - Batch 1\20220329_124139\requests\main\602.har

2022-03-29 13:14:54 - [MESSAGE][PASSED] - Send request successfully

2022-03-29 13:14:54 - [TEST_STEP][PASSED] - slurper = new groovy.json.JsonSlurper(): null

2022-03-29 13:14:54 - [TEST_STEP][PASSED] - get_token = slurper.parseText(token.getResponseBodyContent()): null

2022-03-29 13:14:54 - [TEST_STEP][PASSED] - private_token = access_token: null

2022-03-29 13:14:54 - [TEST_STEP][PASSED] - global_token = private_token: null

2022-03-29 13:14:54 - [TEST_STEP][PASSED] - println("token is :" + global_token): null

2022-03-29 13:14:54 - [TEST_STEP][PASSED] - response_token = token.getResponseText(): null

2022-03-29 13:14:54 - [TEST_STEP][PASSED] - logInfo($response_token): {"fault":{"faultstring":"Access Denied for client ip : 8.29.105.53","detail":{"errorcode":"accesscontrol.IPDeniedAccess"}}}

2022-03-29 13:14:54 - [MESSAGE][INFO] - {"fault":{"faultstring":"Access Denied for client ip : 8.29.105.53","detail":{"errorcode":"accesscontrol.IPDeniedAccess"}}}

2022-03-29 13:14:54 - [TEST_STEP][PASSED] - feedback = sendRequest(findTestObject("4. Feedback-ins", ["s_key":global_token, "batchid":batchid, "norek":norek, "nopin":nopin, "custname":custname, "pemohon":pemohon, "branchid":branchid, ... ])): Send request successfully

2022-03-29 13:14:55 - [MESSAGE][INFO] - HAR: I:\app-testing\app-project\Order car insurance\order-car-insurance\Reports\20220329_124138\3. Get feedback insurance - Batch 1\20220329_124139\requests\main\603.har

2022-03-29 13:14:55 - [MESSAGE][PASSED] - Send request successfully

2022-03-29 13:14:55 - [TEST_STEP][PASSED] - response_feedback = feedback.getResponseText(): null

2022-03-29 13:14:55 - [TEST_STEP][PASSED] - markPassed("result feedback data : " + no + " norek : " + norek + " nopin : " + nopin): result feedback data : 348 norek : 9570010565 nopin : 001

2022-03-29 13:14:55 - [MESSAGE][PASSED] - result feedback data : 348 norek : 9570010565 nopin : 001

2022-03-29 13:14:55 - [TEST_STEP][PASSED] - logInfo($response_feedback): {
  "FeedbackCarInsuranceResponse" : {
    "errorCode" : "00",
    "errorMessage" : "Sukses"
  }
}

2022-03-29 13:14:55 - [MESSAGE][INFO] - {
  "FeedbackCarInsuranceResponse" : {
    "errorCode" : "00",
    "errorMessage" : "Sukses"
  }
}

2022-03-29 13:14:55 - [TEST_STEP][PASSED] - verifyElementPropertyValue(feedback, "FeedbackCarInsuranceResponse.errorMessage", "Sukses", CONTINUE_ON_FAILURE): Verify element property value successfully

2022-03-29 13:14:55 - [MESSAGE][PASSED] - Verify element property value successfully]]></system-out>
         <system-err><![CDATA[]]></system-err>
      </testcase>
      <testcase name="Test Cases/3. get token - feedback insurance" time="3.31" classname="Test Cases/3. get token - feedback insurance" status="PASSED">
         <system-out><![CDATA[2022-03-29 13:22:26 - [TEST_CASE][PASSED] - Test Cases/3. get token - feedback insurance: Test Cases/3. get token - feedback insurance

2022-03-29 13:22:26 - [TEST_STEP][PASSED] - token = sendRequest(findTestObject("1. Get-Token")): Send request successfully

2022-03-29 13:22:28 - [MESSAGE][INFO] - HAR: I:\app-testing\app-project\Order car insurance\order-car-insurance\Reports\20220329_124138\3. Get feedback insurance - Batch 1\20220329_124139\requests\main\604.har

2022-03-29 13:22:28 - [MESSAGE][PASSED] - Send request successfully

2022-03-29 13:22:28 - [TEST_STEP][PASSED] - slurper = new groovy.json.JsonSlurper(): null

2022-03-29 13:22:28 - [TEST_STEP][PASSED] - get_token = slurper.parseText(token.getResponseBodyContent()): null

2022-03-29 13:22:28 - [TEST_STEP][PASSED] - private_token = access_token: null

2022-03-29 13:22:28 - [TEST_STEP][PASSED] - global_token = private_token: null

2022-03-29 13:22:28 - [TEST_STEP][PASSED] - println("token is :" + global_token): null

2022-03-29 13:22:28 - [TEST_STEP][PASSED] - response_token = token.getResponseText(): null

2022-03-29 13:22:28 - [TEST_STEP][PASSED] - logInfo($response_token): {"fault":{"faultstring":"Access Denied for client ip : 8.29.105.53","detail":{"errorcode":"accesscontrol.IPDeniedAccess"}}}

2022-03-29 13:22:28 - [MESSAGE][INFO] - {"fault":{"faultstring":"Access Denied for client ip : 8.29.105.53","detail":{"errorcode":"accesscontrol.IPDeniedAccess"}}}

2022-03-29 13:22:28 - [TEST_STEP][PASSED] - feedback = sendRequest(findTestObject("4. Feedback-ins", ["s_key":global_token, "batchid":batchid, "norek":norek, "nopin":nopin, "custname":custname, "pemohon":pemohon, "branchid":branchid, ... ])): Send request successfully

2022-03-29 13:22:29 - [MESSAGE][INFO] - HAR: I:\app-testing\app-project\Order car insurance\order-car-insurance\Reports\20220329_124138\3. Get feedback insurance - Batch 1\20220329_124139\requests\main\605.har

2022-03-29 13:22:29 - [MESSAGE][PASSED] - Send request successfully

2022-03-29 13:22:29 - [TEST_STEP][PASSED] - response_feedback = feedback.getResponseText(): null

2022-03-29 13:22:29 - [TEST_STEP][PASSED] - markPassed("result feedback data : " + no + " norek : " + norek + " nopin : " + nopin): result feedback data : 349 norek : 9570010565 nopin : 001

2022-03-29 13:22:29 - [MESSAGE][PASSED] - result feedback data : 349 norek : 9570010565 nopin : 001

2022-03-29 13:22:29 - [TEST_STEP][PASSED] - logInfo($response_feedback): {
  "FeedbackCarInsuranceResponse" : {
    "errorCode" : "00",
    "errorMessage" : "Sukses"
  }
}

2022-03-29 13:22:29 - [MESSAGE][INFO] - {
  "FeedbackCarInsuranceResponse" : {
    "errorCode" : "00",
    "errorMessage" : "Sukses"
  }
}

2022-03-29 13:22:29 - [TEST_STEP][PASSED] - verifyElementPropertyValue(feedback, "FeedbackCarInsuranceResponse.errorMessage", "Sukses", CONTINUE_ON_FAILURE): Verify element property value successfully

2022-03-29 13:22:29 - [MESSAGE][PASSED] - Verify element property value successfully]]></system-out>
         <system-err><![CDATA[]]></system-err>
      </testcase>
      <testcase name="Test Cases/3. get token - feedback insurance" time="1.14" classname="Test Cases/3. get token - feedback insurance" status="PASSED">
         <system-out><![CDATA[2022-03-29 13:22:29 - [TEST_CASE][PASSED] - Test Cases/3. get token - feedback insurance: Test Cases/3. get token - feedback insurance

2022-03-29 13:22:29 - [TEST_STEP][PASSED] - token = sendRequest(findTestObject("1. Get-Token")): Send request successfully

2022-03-29 13:22:30 - [MESSAGE][INFO] - HAR: I:\app-testing\app-project\Order car insurance\order-car-insurance\Reports\20220329_124138\3. Get feedback insurance - Batch 1\20220329_124139\requests\main\606.har

2022-03-29 13:22:30 - [MESSAGE][PASSED] - Send request successfully

2022-03-29 13:22:30 - [TEST_STEP][PASSED] - slurper = new groovy.json.JsonSlurper(): null

2022-03-29 13:22:30 - [TEST_STEP][PASSED] - get_token = slurper.parseText(token.getResponseBodyContent()): null

2022-03-29 13:22:30 - [TEST_STEP][PASSED] - private_token = access_token: null

2022-03-29 13:22:30 - [TEST_STEP][PASSED] - global_token = private_token: null

2022-03-29 13:22:30 - [TEST_STEP][PASSED] - println("token is :" + global_token): null

2022-03-29 13:22:30 - [TEST_STEP][PASSED] - response_token = token.getResponseText(): null

2022-03-29 13:22:30 - [TEST_STEP][PASSED] - logInfo($response_token): {"fault":{"faultstring":"Access Denied for client ip : 8.29.105.53","detail":{"errorcode":"accesscontrol.IPDeniedAccess"}}}

2022-03-29 13:22:30 - [MESSAGE][INFO] - {"fault":{"faultstring":"Access Denied for client ip : 8.29.105.53","detail":{"errorcode":"accesscontrol.IPDeniedAccess"}}}

2022-03-29 13:22:30 - [TEST_STEP][PASSED] - feedback = sendRequest(findTestObject("4. Feedback-ins", ["s_key":global_token, "batchid":batchid, "norek":norek, "nopin":nopin, "custname":custname, "pemohon":pemohon, "branchid":branchid, ... ])): Send request successfully

2022-03-29 13:22:31 - [MESSAGE][INFO] - HAR: I:\app-testing\app-project\Order car insurance\order-car-insurance\Reports\20220329_124138\3. Get feedback insurance - Batch 1\20220329_124139\requests\main\607.har

2022-03-29 13:22:31 - [MESSAGE][PASSED] - Send request successfully

2022-03-29 13:22:31 - [TEST_STEP][PASSED] - response_feedback = feedback.getResponseText(): null

2022-03-29 13:22:31 - [TEST_STEP][PASSED] - markPassed("result feedback data : " + no + " norek : " + norek + " nopin : " + nopin): result feedback data : 350 norek : 9570010565 nopin : 001

2022-03-29 13:22:31 - [MESSAGE][PASSED] - result feedback data : 350 norek : 9570010565 nopin : 001

2022-03-29 13:22:31 - [TEST_STEP][PASSED] - logInfo($response_feedback): {
  "FeedbackCarInsuranceResponse" : {
    "errorCode" : "00",
    "errorMessage" : "Sukses"
  }
}

2022-03-29 13:22:31 - [MESSAGE][INFO] - {
  "FeedbackCarInsuranceResponse" : {
    "errorCode" : "00",
    "errorMessage" : "Sukses"
  }
}

2022-03-29 13:22:31 - [TEST_STEP][PASSED] - verifyElementPropertyValue(feedback, "FeedbackCarInsuranceResponse.errorMessage", "Sukses", CONTINUE_ON_FAILURE): Verify element property value successfully

2022-03-29 13:22:31 - [MESSAGE][PASSED] - Verify element property value successfully]]></system-out>
         <system-err><![CDATA[]]></system-err>
      </testcase>
      <testcase name="Test Cases/3. get token - feedback insurance" time="1.263" classname="Test Cases/3. get token - feedback insurance" status="PASSED">
         <system-out><![CDATA[2022-03-29 13:22:31 - [TEST_CASE][PASSED] - Test Cases/3. get token - feedback insurance: Test Cases/3. get token - feedback insurance

2022-03-29 13:22:31 - [TEST_STEP][PASSED] - token = sendRequest(findTestObject("1. Get-Token")): Send request successfully

2022-03-29 13:22:31 - [MESSAGE][INFO] - HAR: I:\app-testing\app-project\Order car insurance\order-car-insurance\Reports\20220329_124138\3. Get feedback insurance - Batch 1\20220329_124139\requests\main\608.har

2022-03-29 13:22:31 - [MESSAGE][PASSED] - Send request successfully

2022-03-29 13:22:31 - [TEST_STEP][PASSED] - slurper = new groovy.json.JsonSlurper(): null

2022-03-29 13:22:31 - [TEST_STEP][PASSED] - get_token = slurper.parseText(token.getResponseBodyContent()): null

2022-03-29 13:22:31 - [TEST_STEP][PASSED] - private_token = access_token: null

2022-03-29 13:22:31 - [TEST_STEP][PASSED] - global_token = private_token: null

2022-03-29 13:22:31 - [TEST_STEP][PASSED] - println("token is :" + global_token): null

2022-03-29 13:22:31 - [TEST_STEP][PASSED] - response_token = token.getResponseText(): null

2022-03-29 13:22:31 - [TEST_STEP][PASSED] - logInfo($response_token): {"fault":{"faultstring":"Access Denied for client ip : 8.29.105.53","detail":{"errorcode":"accesscontrol.IPDeniedAccess"}}}

2022-03-29 13:22:31 - [MESSAGE][INFO] - {"fault":{"faultstring":"Access Denied for client ip : 8.29.105.53","detail":{"errorcode":"accesscontrol.IPDeniedAccess"}}}

2022-03-29 13:22:31 - [TEST_STEP][PASSED] - feedback = sendRequest(findTestObject("4. Feedback-ins", ["s_key":global_token, "batchid":batchid, "norek":norek, "nopin":nopin, "custname":custname, "pemohon":pemohon, "branchid":branchid, ... ])): Send request successfully

2022-03-29 13:22:32 - [MESSAGE][INFO] - HAR: I:\app-testing\app-project\Order car insurance\order-car-insurance\Reports\20220329_124138\3. Get feedback insurance - Batch 1\20220329_124139\requests\main\609.har

2022-03-29 13:22:32 - [MESSAGE][PASSED] - Send request successfully

2022-03-29 13:22:32 - [TEST_STEP][PASSED] - response_feedback = feedback.getResponseText(): null

2022-03-29 13:22:32 - [TEST_STEP][PASSED] - markPassed("result feedback data : " + no + " norek : " + norek + " nopin : " + nopin): result feedback data : 351 norek : 9570010565 nopin : 001

2022-03-29 13:22:32 - [MESSAGE][PASSED] - result feedback data : 351 norek : 9570010565 nopin : 001

2022-03-29 13:22:32 - [TEST_STEP][PASSED] - logInfo($response_feedback): {
  "FeedbackCarInsuranceResponse" : {
    "errorCode" : "00",
    "errorMessage" : "Sukses"
  }
}

2022-03-29 13:22:32 - [MESSAGE][INFO] - {
  "FeedbackCarInsuranceResponse" : {
    "errorCode" : "00",
    "errorMessage" : "Sukses"
  }
}

2022-03-29 13:22:32 - [TEST_STEP][PASSED] - verifyElementPropertyValue(feedback, "FeedbackCarInsuranceResponse.errorMessage", "Sukses", CONTINUE_ON_FAILURE): Verify element property value successfully

2022-03-29 13:22:32 - [MESSAGE][PASSED] - Verify element property value successfully]]></system-out>
         <system-err><![CDATA[]]></system-err>
      </testcase>
      <testcase name="Test Cases/3. get token - feedback insurance" time="1.117" classname="Test Cases/3. get token - feedback insurance" status="PASSED">
         <system-out><![CDATA[2022-03-29 13:22:33 - [TEST_CASE][PASSED] - Test Cases/3. get token - feedback insurance: Test Cases/3. get token - feedback insurance

2022-03-29 13:22:33 - [TEST_STEP][PASSED] - token = sendRequest(findTestObject("1. Get-Token")): Send request successfully

2022-03-29 13:22:33 - [MESSAGE][INFO] - HAR: I:\app-testing\app-project\Order car insurance\order-car-insurance\Reports\20220329_124138\3. Get feedback insurance - Batch 1\20220329_124139\requests\main\610.har

2022-03-29 13:22:33 - [MESSAGE][PASSED] - Send request successfully

2022-03-29 13:22:33 - [TEST_STEP][PASSED] - slurper = new groovy.json.JsonSlurper(): null

2022-03-29 13:22:33 - [TEST_STEP][PASSED] - get_token = slurper.parseText(token.getResponseBodyContent()): null

2022-03-29 13:22:33 - [TEST_STEP][PASSED] - private_token = access_token: null

2022-03-29 13:22:33 - [TEST_STEP][PASSED] - global_token = private_token: null

2022-03-29 13:22:33 - [TEST_STEP][PASSED] - println("token is :" + global_token): null

2022-03-29 13:22:33 - [TEST_STEP][PASSED] - response_token = token.getResponseText(): null

2022-03-29 13:22:33 - [TEST_STEP][PASSED] - logInfo($response_token): {"fault":{"faultstring":"Access Denied for client ip : 8.29.105.53","detail":{"errorcode":"accesscontrol.IPDeniedAccess"}}}

2022-03-29 13:22:33 - [MESSAGE][INFO] - {"fault":{"faultstring":"Access Denied for client ip : 8.29.105.53","detail":{"errorcode":"accesscontrol.IPDeniedAccess"}}}

2022-03-29 13:22:33 - [TEST_STEP][PASSED] - feedback = sendRequest(findTestObject("4. Feedback-ins", ["s_key":global_token, "batchid":batchid, "norek":norek, "nopin":nopin, "custname":custname, "pemohon":pemohon, "branchid":branchid, ... ])): Send request successfully

2022-03-29 13:22:34 - [MESSAGE][INFO] - HAR: I:\app-testing\app-project\Order car insurance\order-car-insurance\Reports\20220329_124138\3. Get feedback insurance - Batch 1\20220329_124139\requests\main\611.har

2022-03-29 13:22:34 - [MESSAGE][PASSED] - Send request successfully

2022-03-29 13:22:34 - [TEST_STEP][PASSED] - response_feedback = feedback.getResponseText(): null

2022-03-29 13:22:34 - [TEST_STEP][PASSED] - markPassed("result feedback data : " + no + " norek : " + norek + " nopin : " + nopin): result feedback data : 352 norek : 9570010565 nopin : 001

2022-03-29 13:22:34 - [MESSAGE][PASSED] - result feedback data : 352 norek : 9570010565 nopin : 001

2022-03-29 13:22:34 - [TEST_STEP][PASSED] - logInfo($response_feedback): {
  "FeedbackCarInsuranceResponse" : {
    "errorCode" : "00",
    "errorMessage" : "Sukses"
  }
}

2022-03-29 13:22:34 - [MESSAGE][INFO] - {
  "FeedbackCarInsuranceResponse" : {
    "errorCode" : "00",
    "errorMessage" : "Sukses"
  }
}

2022-03-29 13:22:34 - [TEST_STEP][PASSED] - verifyElementPropertyValue(feedback, "FeedbackCarInsuranceResponse.errorMessage", "Sukses", CONTINUE_ON_FAILURE): Verify element property value successfully

2022-03-29 13:22:34 - [MESSAGE][PASSED] - Verify element property value successfully]]></system-out>
         <system-err><![CDATA[]]></system-err>
      </testcase>
      <testcase name="Test Cases/3. get token - feedback insurance" time="5.386" classname="Test Cases/3. get token - feedback insurance" status="PASSED">
         <system-out><![CDATA[2022-03-29 13:22:34 - [TEST_CASE][PASSED] - Test Cases/3. get token - feedback insurance: Test Cases/3. get token - feedback insurance

2022-03-29 13:22:34 - [TEST_STEP][PASSED] - token = sendRequest(findTestObject("1. Get-Token")): Send request successfully

2022-03-29 13:22:34 - [MESSAGE][INFO] - HAR: I:\app-testing\app-project\Order car insurance\order-car-insurance\Reports\20220329_124138\3. Get feedback insurance - Batch 1\20220329_124139\requests\main\612.har

2022-03-29 13:22:34 - [MESSAGE][PASSED] - Send request successfully

2022-03-29 13:22:34 - [TEST_STEP][PASSED] - slurper = new groovy.json.JsonSlurper(): null

2022-03-29 13:22:34 - [TEST_STEP][PASSED] - get_token = slurper.parseText(token.getResponseBodyContent()): null

2022-03-29 13:22:34 - [TEST_STEP][PASSED] - private_token = access_token: null

2022-03-29 13:22:34 - [TEST_STEP][PASSED] - global_token = private_token: null

2022-03-29 13:22:34 - [TEST_STEP][PASSED] - println("token is :" + global_token): null

2022-03-29 13:22:34 - [TEST_STEP][PASSED] - response_token = token.getResponseText(): null

2022-03-29 13:22:34 - [TEST_STEP][PASSED] - logInfo($response_token): {"fault":{"faultstring":"Access Denied for client ip : 8.29.105.53","detail":{"errorcode":"accesscontrol.IPDeniedAccess"}}}

2022-03-29 13:22:34 - [MESSAGE][INFO] - {"fault":{"faultstring":"Access Denied for client ip : 8.29.105.53","detail":{"errorcode":"accesscontrol.IPDeniedAccess"}}}

2022-03-29 13:22:34 - [TEST_STEP][PASSED] - feedback = sendRequest(findTestObject("4. Feedback-ins", ["s_key":global_token, "batchid":batchid, "norek":norek, "nopin":nopin, "custname":custname, "pemohon":pemohon, "branchid":branchid, ... ])): Send request successfully

2022-03-29 13:22:40 - [MESSAGE][INFO] - HAR: I:\app-testing\app-project\Order car insurance\order-car-insurance\Reports\20220329_124138\3. Get feedback insurance - Batch 1\20220329_124139\requests\main\613.har

2022-03-29 13:22:40 - [MESSAGE][PASSED] - Send request successfully

2022-03-29 13:22:40 - [TEST_STEP][PASSED] - response_feedback = feedback.getResponseText(): null

2022-03-29 13:22:40 - [TEST_STEP][PASSED] - markPassed("result feedback data : " + no + " norek : " + norek + " nopin : " + nopin): result feedback data : 353 norek : 9570010565 nopin : 001

2022-03-29 13:22:40 - [MESSAGE][PASSED] - result feedback data : 353 norek : 9570010565 nopin : 001

2022-03-29 13:22:40 - [TEST_STEP][PASSED] - logInfo($response_feedback): {
  "FeedbackCarInsuranceResponse" : {
    "errorCode" : "00",
    "errorMessage" : "Sukses"
  }
}

2022-03-29 13:22:40 - [MESSAGE][INFO] - {
  "FeedbackCarInsuranceResponse" : {
    "errorCode" : "00",
    "errorMessage" : "Sukses"
  }
}

2022-03-29 13:22:40 - [TEST_STEP][PASSED] - verifyElementPropertyValue(feedback, "FeedbackCarInsuranceResponse.errorMessage", "Sukses", CONTINUE_ON_FAILURE): Verify element property value successfully

2022-03-29 13:22:40 - [MESSAGE][PASSED] - Verify element property value successfully]]></system-out>
         <system-err><![CDATA[]]></system-err>
      </testcase>
      <testcase name="Test Cases/3. get token - feedback insurance" time="1.15" classname="Test Cases/3. get token - feedback insurance" status="PASSED">
         <system-out><![CDATA[2022-03-29 13:22:40 - [TEST_CASE][PASSED] - Test Cases/3. get token - feedback insurance: Test Cases/3. get token - feedback insurance

2022-03-29 13:22:40 - [TEST_STEP][PASSED] - token = sendRequest(findTestObject("1. Get-Token")): Send request successfully

2022-03-29 13:22:40 - [MESSAGE][INFO] - HAR: I:\app-testing\app-project\Order car insurance\order-car-insurance\Reports\20220329_124138\3. Get feedback insurance - Batch 1\20220329_124139\requests\main\614.har

2022-03-29 13:22:40 - [MESSAGE][PASSED] - Send request successfully

2022-03-29 13:22:40 - [TEST_STEP][PASSED] - slurper = new groovy.json.JsonSlurper(): null

2022-03-29 13:22:40 - [TEST_STEP][PASSED] - get_token = slurper.parseText(token.getResponseBodyContent()): null

2022-03-29 13:22:40 - [TEST_STEP][PASSED] - private_token = access_token: null

2022-03-29 13:22:40 - [TEST_STEP][PASSED] - global_token = private_token: null

2022-03-29 13:22:40 - [TEST_STEP][PASSED] - println("token is :" + global_token): null

2022-03-29 13:22:40 - [TEST_STEP][PASSED] - response_token = token.getResponseText(): null

2022-03-29 13:22:40 - [TEST_STEP][PASSED] - logInfo($response_token): {"fault":{"faultstring":"Access Denied for client ip : 8.29.105.53","detail":{"errorcode":"accesscontrol.IPDeniedAccess"}}}

2022-03-29 13:22:40 - [MESSAGE][INFO] - {"fault":{"faultstring":"Access Denied for client ip : 8.29.105.53","detail":{"errorcode":"accesscontrol.IPDeniedAccess"}}}

2022-03-29 13:22:40 - [TEST_STEP][PASSED] - feedback = sendRequest(findTestObject("4. Feedback-ins", ["s_key":global_token, "batchid":batchid, "norek":norek, "nopin":nopin, "custname":custname, "pemohon":pemohon, "branchid":branchid, ... ])): Send request successfully

2022-03-29 13:22:41 - [MESSAGE][INFO] - HAR: I:\app-testing\app-project\Order car insurance\order-car-insurance\Reports\20220329_124138\3. Get feedback insurance - Batch 1\20220329_124139\requests\main\615.har

2022-03-29 13:22:41 - [MESSAGE][PASSED] - Send request successfully

2022-03-29 13:22:41 - [TEST_STEP][PASSED] - response_feedback = feedback.getResponseText(): null

2022-03-29 13:22:41 - [TEST_STEP][PASSED] - markPassed("result feedback data : " + no + " norek : " + norek + " nopin : " + nopin): result feedback data : 354 norek : 9570010565 nopin : 001

2022-03-29 13:22:41 - [MESSAGE][PASSED] - result feedback data : 354 norek : 9570010565 nopin : 001

2022-03-29 13:22:41 - [TEST_STEP][PASSED] - logInfo($response_feedback): {
  "FeedbackCarInsuranceResponse" : {
    "errorCode" : "00",
    "errorMessage" : "Sukses"
  }
}

2022-03-29 13:22:41 - [MESSAGE][INFO] - {
  "FeedbackCarInsuranceResponse" : {
    "errorCode" : "00",
    "errorMessage" : "Sukses"
  }
}

2022-03-29 13:22:41 - [TEST_STEP][PASSED] - verifyElementPropertyValue(feedback, "FeedbackCarInsuranceResponse.errorMessage", "Sukses", CONTINUE_ON_FAILURE): Verify element property value successfully

2022-03-29 13:22:41 - [MESSAGE][PASSED] - Verify element property value successfully]]></system-out>
         <system-err><![CDATA[]]></system-err>
      </testcase>
      <testcase name="Test Cases/3. get token - feedback insurance" time="1.182" classname="Test Cases/3. get token - feedback insurance" status="PASSED">
         <system-out><![CDATA[2022-03-29 13:22:42 - [TEST_CASE][PASSED] - Test Cases/3. get token - feedback insurance: Test Cases/3. get token - feedback insurance

2022-03-29 13:22:42 - [TEST_STEP][PASSED] - token = sendRequest(findTestObject("1. Get-Token")): Send request successfully

2022-03-29 13:22:42 - [MESSAGE][INFO] - HAR: I:\app-testing\app-project\Order car insurance\order-car-insurance\Reports\20220329_124138\3. Get feedback insurance - Batch 1\20220329_124139\requests\main\616.har

2022-03-29 13:22:42 - [MESSAGE][PASSED] - Send request successfully

2022-03-29 13:22:42 - [TEST_STEP][PASSED] - slurper = new groovy.json.JsonSlurper(): null

2022-03-29 13:22:42 - [TEST_STEP][PASSED] - get_token = slurper.parseText(token.getResponseBodyContent()): null

2022-03-29 13:22:42 - [TEST_STEP][PASSED] - private_token = access_token: null

2022-03-29 13:22:42 - [TEST_STEP][PASSED] - global_token = private_token: null

2022-03-29 13:22:42 - [TEST_STEP][PASSED] - println("token is :" + global_token): null

2022-03-29 13:22:42 - [TEST_STEP][PASSED] - response_token = token.getResponseText(): null

2022-03-29 13:22:42 - [TEST_STEP][PASSED] - logInfo($response_token): {"fault":{"faultstring":"Access Denied for client ip : 8.29.105.53","detail":{"errorcode":"accesscontrol.IPDeniedAccess"}}}

2022-03-29 13:22:42 - [MESSAGE][INFO] - {"fault":{"faultstring":"Access Denied for client ip : 8.29.105.53","detail":{"errorcode":"accesscontrol.IPDeniedAccess"}}}

2022-03-29 13:22:42 - [TEST_STEP][PASSED] - feedback = sendRequest(findTestObject("4. Feedback-ins", ["s_key":global_token, "batchid":batchid, "norek":norek, "nopin":nopin, "custname":custname, "pemohon":pemohon, "branchid":branchid, ... ])): Send request successfully

2022-03-29 13:22:43 - [MESSAGE][INFO] - HAR: I:\app-testing\app-project\Order car insurance\order-car-insurance\Reports\20220329_124138\3. Get feedback insurance - Batch 1\20220329_124139\requests\main\617.har

2022-03-29 13:22:43 - [MESSAGE][PASSED] - Send request successfully

2022-03-29 13:22:43 - [TEST_STEP][PASSED] - response_feedback = feedback.getResponseText(): null

2022-03-29 13:22:43 - [TEST_STEP][PASSED] - markPassed("result feedback data : " + no + " norek : " + norek + " nopin : " + nopin): result feedback data : 355 norek : 9570010565 nopin : 001

2022-03-29 13:22:43 - [MESSAGE][PASSED] - result feedback data : 355 norek : 9570010565 nopin : 001

2022-03-29 13:22:43 - [TEST_STEP][PASSED] - logInfo($response_feedback): {
  "FeedbackCarInsuranceResponse" : {
    "errorCode" : "00",
    "errorMessage" : "Sukses"
  }
}

2022-03-29 13:22:43 - [MESSAGE][INFO] - {
  "FeedbackCarInsuranceResponse" : {
    "errorCode" : "00",
    "errorMessage" : "Sukses"
  }
}

2022-03-29 13:22:43 - [TEST_STEP][PASSED] - verifyElementPropertyValue(feedback, "FeedbackCarInsuranceResponse.errorMessage", "Sukses", CONTINUE_ON_FAILURE): Verify element property value successfully

2022-03-29 13:22:43 - [MESSAGE][PASSED] - Verify element property value successfully]]></system-out>
         <system-err><![CDATA[]]></system-err>
      </testcase>
      <testcase name="Test Cases/3. get token - feedback insurance" time="1.096" classname="Test Cases/3. get token - feedback insurance" status="PASSED">
         <system-out><![CDATA[2022-03-29 13:22:43 - [TEST_CASE][PASSED] - Test Cases/3. get token - feedback insurance: Test Cases/3. get token - feedback insurance

2022-03-29 13:22:43 - [TEST_STEP][PASSED] - token = sendRequest(findTestObject("1. Get-Token")): Send request successfully

2022-03-29 13:22:43 - [MESSAGE][INFO] - HAR: I:\app-testing\app-project\Order car insurance\order-car-insurance\Reports\20220329_124138\3. Get feedback insurance - Batch 1\20220329_124139\requests\main\618.har

2022-03-29 13:22:43 - [MESSAGE][PASSED] - Send request successfully

2022-03-29 13:22:43 - [TEST_STEP][PASSED] - slurper = new groovy.json.JsonSlurper(): null

2022-03-29 13:22:43 - [TEST_STEP][PASSED] - get_token = slurper.parseText(token.getResponseBodyContent()): null

2022-03-29 13:22:43 - [TEST_STEP][PASSED] - private_token = access_token: null

2022-03-29 13:22:43 - [TEST_STEP][PASSED] - global_token = private_token: null

2022-03-29 13:22:43 - [TEST_STEP][PASSED] - println("token is :" + global_token): null

2022-03-29 13:22:43 - [TEST_STEP][PASSED] - response_token = token.getResponseText(): null

2022-03-29 13:22:43 - [TEST_STEP][PASSED] - logInfo($response_token): {"fault":{"faultstring":"Access Denied for client ip : 8.29.105.53","detail":{"errorcode":"accesscontrol.IPDeniedAccess"}}}

2022-03-29 13:22:43 - [MESSAGE][INFO] - {"fault":{"faultstring":"Access Denied for client ip : 8.29.105.53","detail":{"errorcode":"accesscontrol.IPDeniedAccess"}}}

2022-03-29 13:22:43 - [TEST_STEP][PASSED] - feedback = sendRequest(findTestObject("4. Feedback-ins", ["s_key":global_token, "batchid":batchid, "norek":norek, "nopin":nopin, "custname":custname, "pemohon":pemohon, "branchid":branchid, ... ])): Send request successfully

2022-03-29 13:22:44 - [MESSAGE][INFO] - HAR: I:\app-testing\app-project\Order car insurance\order-car-insurance\Reports\20220329_124138\3. Get feedback insurance - Batch 1\20220329_124139\requests\main\619.har

2022-03-29 13:22:44 - [MESSAGE][PASSED] - Send request successfully

2022-03-29 13:22:44 - [TEST_STEP][PASSED] - response_feedback = feedback.getResponseText(): null

2022-03-29 13:22:44 - [TEST_STEP][PASSED] - markPassed("result feedback data : " + no + " norek : " + norek + " nopin : " + nopin): result feedback data : 356 norek : 9570010565 nopin : 001

2022-03-29 13:22:44 - [MESSAGE][PASSED] - result feedback data : 356 norek : 9570010565 nopin : 001

2022-03-29 13:22:44 - [TEST_STEP][PASSED] - logInfo($response_feedback): {
  "FeedbackCarInsuranceResponse" : {
    "errorCode" : "00",
    "errorMessage" : "Sukses"
  }
}

2022-03-29 13:22:44 - [MESSAGE][INFO] - {
  "FeedbackCarInsuranceResponse" : {
    "errorCode" : "00",
    "errorMessage" : "Sukses"
  }
}

2022-03-29 13:22:44 - [TEST_STEP][PASSED] - verifyElementPropertyValue(feedback, "FeedbackCarInsuranceResponse.errorMessage", "Sukses", CONTINUE_ON_FAILURE): Verify element property value successfully

2022-03-29 13:22:44 - [MESSAGE][PASSED] - Verify element property value successfully]]></system-out>
         <system-err><![CDATA[]]></system-err>
      </testcase>
      <testcase name="Test Cases/3. get token - feedback insurance" time="1.219" classname="Test Cases/3. get token - feedback insurance" status="PASSED">
         <system-out><![CDATA[2022-03-29 13:22:45 - [TEST_CASE][PASSED] - Test Cases/3. get token - feedback insurance: Test Cases/3. get token - feedback insurance

2022-03-29 13:22:45 - [TEST_STEP][PASSED] - token = sendRequest(findTestObject("1. Get-Token")): Send request successfully

2022-03-29 13:22:45 - [MESSAGE][INFO] - HAR: I:\app-testing\app-project\Order car insurance\order-car-insurance\Reports\20220329_124138\3. Get feedback insurance - Batch 1\20220329_124139\requests\main\620.har

2022-03-29 13:22:45 - [MESSAGE][PASSED] - Send request successfully

2022-03-29 13:22:45 - [TEST_STEP][PASSED] - slurper = new groovy.json.JsonSlurper(): null

2022-03-29 13:22:45 - [TEST_STEP][PASSED] - get_token = slurper.parseText(token.getResponseBodyContent()): null

2022-03-29 13:22:45 - [TEST_STEP][PASSED] - private_token = access_token: null

2022-03-29 13:22:45 - [TEST_STEP][PASSED] - global_token = private_token: null

2022-03-29 13:22:45 - [TEST_STEP][PASSED] - println("token is :" + global_token): null

2022-03-29 13:22:45 - [TEST_STEP][PASSED] - response_token = token.getResponseText(): null

2022-03-29 13:22:45 - [TEST_STEP][PASSED] - logInfo($response_token): {"fault":{"faultstring":"Access Denied for client ip : 8.29.105.53","detail":{"errorcode":"accesscontrol.IPDeniedAccess"}}}

2022-03-29 13:22:45 - [MESSAGE][INFO] - {"fault":{"faultstring":"Access Denied for client ip : 8.29.105.53","detail":{"errorcode":"accesscontrol.IPDeniedAccess"}}}

2022-03-29 13:22:45 - [TEST_STEP][PASSED] - feedback = sendRequest(findTestObject("4. Feedback-ins", ["s_key":global_token, "batchid":batchid, "norek":norek, "nopin":nopin, "custname":custname, "pemohon":pemohon, "branchid":branchid, ... ])): Send request successfully

2022-03-29 13:22:46 - [MESSAGE][INFO] - HAR: I:\app-testing\app-project\Order car insurance\order-car-insurance\Reports\20220329_124138\3. Get feedback insurance - Batch 1\20220329_124139\requests\main\621.har

2022-03-29 13:22:46 - [MESSAGE][PASSED] - Send request successfully

2022-03-29 13:22:46 - [TEST_STEP][PASSED] - response_feedback = feedback.getResponseText(): null

2022-03-29 13:22:46 - [TEST_STEP][PASSED] - markPassed("result feedback data : " + no + " norek : " + norek + " nopin : " + nopin): result feedback data : 357 norek : 9570010565 nopin : 001

2022-03-29 13:22:46 - [MESSAGE][PASSED] - result feedback data : 357 norek : 9570010565 nopin : 001

2022-03-29 13:22:46 - [TEST_STEP][PASSED] - logInfo($response_feedback): {
  "FeedbackCarInsuranceResponse" : {
    "errorCode" : "00",
    "errorMessage" : "Sukses"
  }
}

2022-03-29 13:22:46 - [MESSAGE][INFO] - {
  "FeedbackCarInsuranceResponse" : {
    "errorCode" : "00",
    "errorMessage" : "Sukses"
  }
}

2022-03-29 13:22:46 - [TEST_STEP][PASSED] - verifyElementPropertyValue(feedback, "FeedbackCarInsuranceResponse.errorMessage", "Sukses", CONTINUE_ON_FAILURE): Verify element property value successfully

2022-03-29 13:22:46 - [MESSAGE][PASSED] - Verify element property value successfully]]></system-out>
         <system-err><![CDATA[]]></system-err>
      </testcase>
      <testcase name="Test Cases/3. get token - feedback insurance" time="1.207" classname="Test Cases/3. get token - feedback insurance" status="PASSED">
         <system-out><![CDATA[2022-03-29 13:22:46 - [TEST_CASE][PASSED] - Test Cases/3. get token - feedback insurance: Test Cases/3. get token - feedback insurance

2022-03-29 13:22:46 - [TEST_STEP][PASSED] - token = sendRequest(findTestObject("1. Get-Token")): Send request successfully

2022-03-29 13:22:47 - [MESSAGE][INFO] - HAR: I:\app-testing\app-project\Order car insurance\order-car-insurance\Reports\20220329_124138\3. Get feedback insurance - Batch 1\20220329_124139\requests\main\622.har

2022-03-29 13:22:47 - [MESSAGE][PASSED] - Send request successfully

2022-03-29 13:22:47 - [TEST_STEP][PASSED] - slurper = new groovy.json.JsonSlurper(): null

2022-03-29 13:22:47 - [TEST_STEP][PASSED] - get_token = slurper.parseText(token.getResponseBodyContent()): null

2022-03-29 13:22:47 - [TEST_STEP][PASSED] - private_token = access_token: null

2022-03-29 13:22:47 - [TEST_STEP][PASSED] - global_token = private_token: null

2022-03-29 13:22:47 - [TEST_STEP][PASSED] - println("token is :" + global_token): null

2022-03-29 13:22:47 - [TEST_STEP][PASSED] - response_token = token.getResponseText(): null

2022-03-29 13:22:47 - [TEST_STEP][PASSED] - logInfo($response_token): {"fault":{"faultstring":"Access Denied for client ip : 8.29.105.53","detail":{"errorcode":"accesscontrol.IPDeniedAccess"}}}

2022-03-29 13:22:47 - [MESSAGE][INFO] - {"fault":{"faultstring":"Access Denied for client ip : 8.29.105.53","detail":{"errorcode":"accesscontrol.IPDeniedAccess"}}}

2022-03-29 13:22:47 - [TEST_STEP][PASSED] - feedback = sendRequest(findTestObject("4. Feedback-ins", ["s_key":global_token, "batchid":batchid, "norek":norek, "nopin":nopin, "custname":custname, "pemohon":pemohon, "branchid":branchid, ... ])): Send request successfully

2022-03-29 13:22:47 - [MESSAGE][INFO] - HAR: I:\app-testing\app-project\Order car insurance\order-car-insurance\Reports\20220329_124138\3. Get feedback insurance - Batch 1\20220329_124139\requests\main\623.har

2022-03-29 13:22:47 - [MESSAGE][PASSED] - Send request successfully

2022-03-29 13:22:47 - [TEST_STEP][PASSED] - response_feedback = feedback.getResponseText(): null

2022-03-29 13:22:47 - [TEST_STEP][PASSED] - markPassed("result feedback data : " + no + " norek : " + norek + " nopin : " + nopin): result feedback data : 358 norek : 9570010565 nopin : 001

2022-03-29 13:22:47 - [MESSAGE][PASSED] - result feedback data : 358 norek : 9570010565 nopin : 001

2022-03-29 13:22:47 - [TEST_STEP][PASSED] - logInfo($response_feedback): {
  "FeedbackCarInsuranceResponse" : {
    "errorCode" : "00",
    "errorMessage" : "Sukses"
  }
}

2022-03-29 13:22:47 - [MESSAGE][INFO] - {
  "FeedbackCarInsuranceResponse" : {
    "errorCode" : "00",
    "errorMessage" : "Sukses"
  }
}

2022-03-29 13:22:47 - [TEST_STEP][PASSED] - verifyElementPropertyValue(feedback, "FeedbackCarInsuranceResponse.errorMessage", "Sukses", CONTINUE_ON_FAILURE): Verify element property value successfully

2022-03-29 13:22:47 - [MESSAGE][PASSED] - Verify element property value successfully]]></system-out>
         <system-err><![CDATA[]]></system-err>
      </testcase>
      <testcase name="Test Cases/3. get token - feedback insurance" time="2.243" classname="Test Cases/3. get token - feedback insurance" status="PASSED">
         <system-out><![CDATA[2022-03-29 13:22:48 - [TEST_CASE][PASSED] - Test Cases/3. get token - feedback insurance: Test Cases/3. get token - feedback insurance

2022-03-29 13:22:48 - [TEST_STEP][PASSED] - token = sendRequest(findTestObject("1. Get-Token")): Send request successfully

2022-03-29 13:22:48 - [MESSAGE][INFO] - HAR: I:\app-testing\app-project\Order car insurance\order-car-insurance\Reports\20220329_124138\3. Get feedback insurance - Batch 1\20220329_124139\requests\main\624.har

2022-03-29 13:22:48 - [MESSAGE][PASSED] - Send request successfully

2022-03-29 13:22:48 - [TEST_STEP][PASSED] - slurper = new groovy.json.JsonSlurper(): null

2022-03-29 13:22:48 - [TEST_STEP][PASSED] - get_token = slurper.parseText(token.getResponseBodyContent()): null

2022-03-29 13:22:48 - [TEST_STEP][PASSED] - private_token = access_token: null

2022-03-29 13:22:48 - [TEST_STEP][PASSED] - global_token = private_token: null

2022-03-29 13:22:48 - [TEST_STEP][PASSED] - println("token is :" + global_token): null

2022-03-29 13:22:48 - [TEST_STEP][PASSED] - response_token = token.getResponseText(): null

2022-03-29 13:22:48 - [TEST_STEP][PASSED] - logInfo($response_token): {"fault":{"faultstring":"Access Denied for client ip : 8.29.105.53","detail":{"errorcode":"accesscontrol.IPDeniedAccess"}}}

2022-03-29 13:22:48 - [MESSAGE][INFO] - {"fault":{"faultstring":"Access Denied for client ip : 8.29.105.53","detail":{"errorcode":"accesscontrol.IPDeniedAccess"}}}

2022-03-29 13:22:48 - [TEST_STEP][PASSED] - feedback = sendRequest(findTestObject("4. Feedback-ins", ["s_key":global_token, "batchid":batchid, "norek":norek, "nopin":nopin, "custname":custname, "pemohon":pemohon, "branchid":branchid, ... ])): Send request successfully

2022-03-29 13:22:50 - [MESSAGE][INFO] - HAR: I:\app-testing\app-project\Order car insurance\order-car-insurance\Reports\20220329_124138\3. Get feedback insurance - Batch 1\20220329_124139\requests\main\625.har

2022-03-29 13:22:50 - [MESSAGE][PASSED] - Send request successfully

2022-03-29 13:22:50 - [TEST_STEP][PASSED] - response_feedback = feedback.getResponseText(): null

2022-03-29 13:22:50 - [TEST_STEP][PASSED] - markPassed("result feedback data : " + no + " norek : " + norek + " nopin : " + nopin): result feedback data : 359 norek : 9570010566 nopin : 001

2022-03-29 13:22:50 - [MESSAGE][PASSED] - result feedback data : 359 norek : 9570010566 nopin : 001

2022-03-29 13:22:50 - [TEST_STEP][PASSED] - logInfo($response_feedback): {
  "FeedbackCarInsuranceResponse" : {
    "errorCode" : "00",
    "errorMessage" : "Sukses"
  }
}

2022-03-29 13:22:50 - [MESSAGE][INFO] - {
  "FeedbackCarInsuranceResponse" : {
    "errorCode" : "00",
    "errorMessage" : "Sukses"
  }
}

2022-03-29 13:22:50 - [TEST_STEP][PASSED] - verifyElementPropertyValue(feedback, "FeedbackCarInsuranceResponse.errorMessage", "Sukses", CONTINUE_ON_FAILURE): Verify element property value successfully

2022-03-29 13:22:50 - [MESSAGE][PASSED] - Verify element property value successfully]]></system-out>
         <system-err><![CDATA[]]></system-err>
      </testcase>
      <testcase name="Test Cases/3. get token - feedback insurance" time="1.141" classname="Test Cases/3. get token - feedback insurance" status="PASSED">
         <system-out><![CDATA[2022-03-29 13:22:51 - [TEST_CASE][PASSED] - Test Cases/3. get token - feedback insurance: Test Cases/3. get token - feedback insurance

2022-03-29 13:22:51 - [TEST_STEP][PASSED] - token = sendRequest(findTestObject("1. Get-Token")): Send request successfully

2022-03-29 13:22:51 - [MESSAGE][INFO] - HAR: I:\app-testing\app-project\Order car insurance\order-car-insurance\Reports\20220329_124138\3. Get feedback insurance - Batch 1\20220329_124139\requests\main\626.har

2022-03-29 13:22:51 - [MESSAGE][PASSED] - Send request successfully

2022-03-29 13:22:51 - [TEST_STEP][PASSED] - slurper = new groovy.json.JsonSlurper(): null

2022-03-29 13:22:51 - [TEST_STEP][PASSED] - get_token = slurper.parseText(token.getResponseBodyContent()): null

2022-03-29 13:22:51 - [TEST_STEP][PASSED] - private_token = access_token: null

2022-03-29 13:22:51 - [TEST_STEP][PASSED] - global_token = private_token: null

2022-03-29 13:22:51 - [TEST_STEP][PASSED] - println("token is :" + global_token): null

2022-03-29 13:22:51 - [TEST_STEP][PASSED] - response_token = token.getResponseText(): null

2022-03-29 13:22:51 - [TEST_STEP][PASSED] - logInfo($response_token): {"fault":{"faultstring":"Access Denied for client ip : 8.29.105.53","detail":{"errorcode":"accesscontrol.IPDeniedAccess"}}}

2022-03-29 13:22:51 - [MESSAGE][INFO] - {"fault":{"faultstring":"Access Denied for client ip : 8.29.105.53","detail":{"errorcode":"accesscontrol.IPDeniedAccess"}}}

2022-03-29 13:22:51 - [TEST_STEP][PASSED] - feedback = sendRequest(findTestObject("4. Feedback-ins", ["s_key":global_token, "batchid":batchid, "norek":norek, "nopin":nopin, "custname":custname, "pemohon":pemohon, "branchid":branchid, ... ])): Send request successfully

2022-03-29 13:22:52 - [MESSAGE][INFO] - HAR: I:\app-testing\app-project\Order car insurance\order-car-insurance\Reports\20220329_124138\3. Get feedback insurance - Batch 1\20220329_124139\requests\main\627.har

2022-03-29 13:22:52 - [MESSAGE][PASSED] - Send request successfully

2022-03-29 13:22:52 - [TEST_STEP][PASSED] - response_feedback = feedback.getResponseText(): null

2022-03-29 13:22:52 - [TEST_STEP][PASSED] - markPassed("result feedback data : " + no + " norek : " + norek + " nopin : " + nopin): result feedback data : 360 norek : 9570010566 nopin : 001

2022-03-29 13:22:52 - [MESSAGE][PASSED] - result feedback data : 360 norek : 9570010566 nopin : 001

2022-03-29 13:22:52 - [TEST_STEP][PASSED] - logInfo($response_feedback): {
  "FeedbackCarInsuranceResponse" : {
    "errorCode" : "00",
    "errorMessage" : "Sukses"
  }
}

2022-03-29 13:22:52 - [MESSAGE][INFO] - {
  "FeedbackCarInsuranceResponse" : {
    "errorCode" : "00",
    "errorMessage" : "Sukses"
  }
}

2022-03-29 13:22:52 - [TEST_STEP][PASSED] - verifyElementPropertyValue(feedback, "FeedbackCarInsuranceResponse.errorMessage", "Sukses", CONTINUE_ON_FAILURE): Verify element property value successfully

2022-03-29 13:22:52 - [MESSAGE][PASSED] - Verify element property value successfully]]></system-out>
         <system-err><![CDATA[]]></system-err>
      </testcase>
      <testcase name="Test Cases/3. get token - feedback insurance" time="1.08" classname="Test Cases/3. get token - feedback insurance" status="PASSED">
         <system-out><![CDATA[2022-03-29 13:22:52 - [TEST_CASE][PASSED] - Test Cases/3. get token - feedback insurance: Test Cases/3. get token - feedback insurance

2022-03-29 13:22:52 - [TEST_STEP][PASSED] - token = sendRequest(findTestObject("1. Get-Token")): Send request successfully

2022-03-29 13:22:52 - [MESSAGE][INFO] - HAR: I:\app-testing\app-project\Order car insurance\order-car-insurance\Reports\20220329_124138\3. Get feedback insurance - Batch 1\20220329_124139\requests\main\628.har

2022-03-29 13:22:52 - [MESSAGE][PASSED] - Send request successfully

2022-03-29 13:22:52 - [TEST_STEP][PASSED] - slurper = new groovy.json.JsonSlurper(): null

2022-03-29 13:22:52 - [TEST_STEP][PASSED] - get_token = slurper.parseText(token.getResponseBodyContent()): null

2022-03-29 13:22:52 - [TEST_STEP][PASSED] - private_token = access_token: null

2022-03-29 13:22:52 - [TEST_STEP][PASSED] - global_token = private_token: null

2022-03-29 13:22:52 - [TEST_STEP][PASSED] - println("token is :" + global_token): null

2022-03-29 13:22:52 - [TEST_STEP][PASSED] - response_token = token.getResponseText(): null

2022-03-29 13:22:52 - [TEST_STEP][PASSED] - logInfo($response_token): {"fault":{"faultstring":"Access Denied for client ip : 8.29.105.53","detail":{"errorcode":"accesscontrol.IPDeniedAccess"}}}

2022-03-29 13:22:52 - [MESSAGE][INFO] - {"fault":{"faultstring":"Access Denied for client ip : 8.29.105.53","detail":{"errorcode":"accesscontrol.IPDeniedAccess"}}}

2022-03-29 13:22:52 - [TEST_STEP][PASSED] - feedback = sendRequest(findTestObject("4. Feedback-ins", ["s_key":global_token, "batchid":batchid, "norek":norek, "nopin":nopin, "custname":custname, "pemohon":pemohon, "branchid":branchid, ... ])): Send request successfully

2022-03-29 13:22:53 - [MESSAGE][INFO] - HAR: I:\app-testing\app-project\Order car insurance\order-car-insurance\Reports\20220329_124138\3. Get feedback insurance - Batch 1\20220329_124139\requests\main\629.har

2022-03-29 13:22:53 - [MESSAGE][PASSED] - Send request successfully

2022-03-29 13:22:53 - [TEST_STEP][PASSED] - response_feedback = feedback.getResponseText(): null

2022-03-29 13:22:53 - [TEST_STEP][PASSED] - markPassed("result feedback data : " + no + " norek : " + norek + " nopin : " + nopin): result feedback data : 361 norek : 9570010566 nopin : 001

2022-03-29 13:22:53 - [MESSAGE][PASSED] - result feedback data : 361 norek : 9570010566 nopin : 001

2022-03-29 13:22:53 - [TEST_STEP][PASSED] - logInfo($response_feedback): {
  "FeedbackCarInsuranceResponse" : {
    "errorCode" : "00",
    "errorMessage" : "Sukses"
  }
}

2022-03-29 13:22:53 - [MESSAGE][INFO] - {
  "FeedbackCarInsuranceResponse" : {
    "errorCode" : "00",
    "errorMessage" : "Sukses"
  }
}

2022-03-29 13:22:53 - [TEST_STEP][PASSED] - verifyElementPropertyValue(feedback, "FeedbackCarInsuranceResponse.errorMessage", "Sukses", CONTINUE_ON_FAILURE): Verify element property value successfully

2022-03-29 13:22:53 - [MESSAGE][PASSED] - Verify element property value successfully]]></system-out>
         <system-err><![CDATA[]]></system-err>
      </testcase>
      <testcase name="Test Cases/3. get token - feedback insurance" time="3.246" classname="Test Cases/3. get token - feedback insurance" status="PASSED">
         <system-out><![CDATA[2022-03-29 13:22:54 - [TEST_CASE][PASSED] - Test Cases/3. get token - feedback insurance: Test Cases/3. get token - feedback insurance

2022-03-29 13:22:54 - [TEST_STEP][PASSED] - token = sendRequest(findTestObject("1. Get-Token")): Send request successfully

2022-03-29 13:22:54 - [MESSAGE][INFO] - HAR: I:\app-testing\app-project\Order car insurance\order-car-insurance\Reports\20220329_124138\3. Get feedback insurance - Batch 1\20220329_124139\requests\main\630.har

2022-03-29 13:22:54 - [MESSAGE][PASSED] - Send request successfully

2022-03-29 13:22:54 - [TEST_STEP][PASSED] - slurper = new groovy.json.JsonSlurper(): null

2022-03-29 13:22:54 - [TEST_STEP][PASSED] - get_token = slurper.parseText(token.getResponseBodyContent()): null

2022-03-29 13:22:54 - [TEST_STEP][PASSED] - private_token = access_token: null

2022-03-29 13:22:54 - [TEST_STEP][PASSED] - global_token = private_token: null

2022-03-29 13:22:54 - [TEST_STEP][PASSED] - println("token is :" + global_token): null

2022-03-29 13:22:54 - [TEST_STEP][PASSED] - response_token = token.getResponseText(): null

2022-03-29 13:22:54 - [TEST_STEP][PASSED] - logInfo($response_token): {"fault":{"faultstring":"Access Denied for client ip : 8.29.105.53","detail":{"errorcode":"accesscontrol.IPDeniedAccess"}}}

2022-03-29 13:22:54 - [MESSAGE][INFO] - {"fault":{"faultstring":"Access Denied for client ip : 8.29.105.53","detail":{"errorcode":"accesscontrol.IPDeniedAccess"}}}

2022-03-29 13:22:54 - [TEST_STEP][PASSED] - feedback = sendRequest(findTestObject("4. Feedback-ins", ["s_key":global_token, "batchid":batchid, "norek":norek, "nopin":nopin, "custname":custname, "pemohon":pemohon, "branchid":branchid, ... ])): Send request successfully

2022-03-29 13:22:57 - [MESSAGE][INFO] - HAR: I:\app-testing\app-project\Order car insurance\order-car-insurance\Reports\20220329_124138\3. Get feedback insurance - Batch 1\20220329_124139\requests\main\631.har

2022-03-29 13:22:57 - [MESSAGE][PASSED] - Send request successfully

2022-03-29 13:22:57 - [TEST_STEP][PASSED] - response_feedback = feedback.getResponseText(): null

2022-03-29 13:22:57 - [TEST_STEP][PASSED] - markPassed("result feedback data : " + no + " norek : " + norek + " nopin : " + nopin): result feedback data : 362 norek : 9570010566 nopin : 001

2022-03-29 13:22:57 - [MESSAGE][PASSED] - result feedback data : 362 norek : 9570010566 nopin : 001

2022-03-29 13:22:57 - [TEST_STEP][PASSED] - logInfo($response_feedback): {
  "FeedbackCarInsuranceResponse" : {
    "errorCode" : "00",
    "errorMessage" : "Sukses"
  }
}

2022-03-29 13:22:57 - [MESSAGE][INFO] - {
  "FeedbackCarInsuranceResponse" : {
    "errorCode" : "00",
    "errorMessage" : "Sukses"
  }
}

2022-03-29 13:22:57 - [TEST_STEP][PASSED] - verifyElementPropertyValue(feedback, "FeedbackCarInsuranceResponse.errorMessage", "Sukses", CONTINUE_ON_FAILURE): Verify element property value successfully

2022-03-29 13:22:57 - [MESSAGE][PASSED] - Verify element property value successfully]]></system-out>
         <system-err><![CDATA[]]></system-err>
      </testcase>
      <testcase name="Test Cases/3. get token - feedback insurance" time="1.125" classname="Test Cases/3. get token - feedback insurance" status="PASSED">
         <system-out><![CDATA[2022-03-29 13:22:57 - [TEST_CASE][PASSED] - Test Cases/3. get token - feedback insurance: Test Cases/3. get token - feedback insurance

2022-03-29 13:22:57 - [TEST_STEP][PASSED] - token = sendRequest(findTestObject("1. Get-Token")): Send request successfully

2022-03-29 13:22:57 - [MESSAGE][INFO] - HAR: I:\app-testing\app-project\Order car insurance\order-car-insurance\Reports\20220329_124138\3. Get feedback insurance - Batch 1\20220329_124139\requests\main\632.har

2022-03-29 13:22:57 - [MESSAGE][PASSED] - Send request successfully

2022-03-29 13:22:57 - [TEST_STEP][PASSED] - slurper = new groovy.json.JsonSlurper(): null

2022-03-29 13:22:57 - [TEST_STEP][PASSED] - get_token = slurper.parseText(token.getResponseBodyContent()): null

2022-03-29 13:22:57 - [TEST_STEP][PASSED] - private_token = access_token: null

2022-03-29 13:22:57 - [TEST_STEP][PASSED] - global_token = private_token: null

2022-03-29 13:22:57 - [TEST_STEP][PASSED] - println("token is :" + global_token): null

2022-03-29 13:22:57 - [TEST_STEP][PASSED] - response_token = token.getResponseText(): null

2022-03-29 13:22:57 - [TEST_STEP][PASSED] - logInfo($response_token): {"fault":{"faultstring":"Access Denied for client ip : 8.29.105.53","detail":{"errorcode":"accesscontrol.IPDeniedAccess"}}}

2022-03-29 13:22:57 - [MESSAGE][INFO] - {"fault":{"faultstring":"Access Denied for client ip : 8.29.105.53","detail":{"errorcode":"accesscontrol.IPDeniedAccess"}}}

2022-03-29 13:22:57 - [TEST_STEP][PASSED] - feedback = sendRequest(findTestObject("4. Feedback-ins", ["s_key":global_token, "batchid":batchid, "norek":norek, "nopin":nopin, "custname":custname, "pemohon":pemohon, "branchid":branchid, ... ])): Send request successfully

2022-03-29 13:22:58 - [MESSAGE][INFO] - HAR: I:\app-testing\app-project\Order car insurance\order-car-insurance\Reports\20220329_124138\3. Get feedback insurance - Batch 1\20220329_124139\requests\main\633.har

2022-03-29 13:22:58 - [MESSAGE][PASSED] - Send request successfully

2022-03-29 13:22:58 - [TEST_STEP][PASSED] - response_feedback = feedback.getResponseText(): null

2022-03-29 13:22:58 - [TEST_STEP][PASSED] - markPassed("result feedback data : " + no + " norek : " + norek + " nopin : " + nopin): result feedback data : 363 norek : 9570010566 nopin : 001

2022-03-29 13:22:58 - [MESSAGE][PASSED] - result feedback data : 363 norek : 9570010566 nopin : 001

2022-03-29 13:22:58 - [TEST_STEP][PASSED] - logInfo($response_feedback): {
  "FeedbackCarInsuranceResponse" : {
    "errorCode" : "00",
    "errorMessage" : "Sukses"
  }
}

2022-03-29 13:22:58 - [MESSAGE][INFO] - {
  "FeedbackCarInsuranceResponse" : {
    "errorCode" : "00",
    "errorMessage" : "Sukses"
  }
}

2022-03-29 13:22:58 - [TEST_STEP][PASSED] - verifyElementPropertyValue(feedback, "FeedbackCarInsuranceResponse.errorMessage", "Sukses", CONTINUE_ON_FAILURE): Verify element property value successfully

2022-03-29 13:22:58 - [MESSAGE][PASSED] - Verify element property value successfully]]></system-out>
         <system-err><![CDATA[]]></system-err>
      </testcase>
      <testcase name="Test Cases/3. get token - feedback insurance" time="1.142" classname="Test Cases/3. get token - feedback insurance" status="PASSED">
         <system-out><![CDATA[2022-03-29 13:22:59 - [TEST_CASE][PASSED] - Test Cases/3. get token - feedback insurance: Test Cases/3. get token - feedback insurance

2022-03-29 13:22:59 - [TEST_STEP][PASSED] - token = sendRequest(findTestObject("1. Get-Token")): Send request successfully

2022-03-29 13:22:59 - [MESSAGE][INFO] - HAR: I:\app-testing\app-project\Order car insurance\order-car-insurance\Reports\20220329_124138\3. Get feedback insurance - Batch 1\20220329_124139\requests\main\634.har

2022-03-29 13:22:59 - [MESSAGE][PASSED] - Send request successfully

2022-03-29 13:22:59 - [TEST_STEP][PASSED] - slurper = new groovy.json.JsonSlurper(): null

2022-03-29 13:22:59 - [TEST_STEP][PASSED] - get_token = slurper.parseText(token.getResponseBodyContent()): null

2022-03-29 13:22:59 - [TEST_STEP][PASSED] - private_token = access_token: null

2022-03-29 13:22:59 - [TEST_STEP][PASSED] - global_token = private_token: null

2022-03-29 13:22:59 - [TEST_STEP][PASSED] - println("token is :" + global_token): null

2022-03-29 13:22:59 - [TEST_STEP][PASSED] - response_token = token.getResponseText(): null

2022-03-29 13:22:59 - [TEST_STEP][PASSED] - logInfo($response_token): {"fault":{"faultstring":"Access Denied for client ip : 8.29.105.53","detail":{"errorcode":"accesscontrol.IPDeniedAccess"}}}

2022-03-29 13:22:59 - [MESSAGE][INFO] - {"fault":{"faultstring":"Access Denied for client ip : 8.29.105.53","detail":{"errorcode":"accesscontrol.IPDeniedAccess"}}}

2022-03-29 13:22:59 - [TEST_STEP][PASSED] - feedback = sendRequest(findTestObject("4. Feedback-ins", ["s_key":global_token, "batchid":batchid, "norek":norek, "nopin":nopin, "custname":custname, "pemohon":pemohon, "branchid":branchid, ... ])): Send request successfully

2022-03-29 13:23:00 - [MESSAGE][INFO] - HAR: I:\app-testing\app-project\Order car insurance\order-car-insurance\Reports\20220329_124138\3. Get feedback insurance - Batch 1\20220329_124139\requests\main\635.har

2022-03-29 13:23:00 - [MESSAGE][PASSED] - Send request successfully

2022-03-29 13:23:00 - [TEST_STEP][PASSED] - response_feedback = feedback.getResponseText(): null

2022-03-29 13:23:00 - [TEST_STEP][PASSED] - markPassed("result feedback data : " + no + " norek : " + norek + " nopin : " + nopin): result feedback data : 364 norek : 9570010566 nopin : 001

2022-03-29 13:23:00 - [MESSAGE][PASSED] - result feedback data : 364 norek : 9570010566 nopin : 001

2022-03-29 13:23:00 - [TEST_STEP][PASSED] - logInfo($response_feedback): {
  "FeedbackCarInsuranceResponse" : {
    "errorCode" : "00",
    "errorMessage" : "Sukses"
  }
}

2022-03-29 13:23:00 - [MESSAGE][INFO] - {
  "FeedbackCarInsuranceResponse" : {
    "errorCode" : "00",
    "errorMessage" : "Sukses"
  }
}

2022-03-29 13:23:00 - [TEST_STEP][PASSED] - verifyElementPropertyValue(feedback, "FeedbackCarInsuranceResponse.errorMessage", "Sukses", CONTINUE_ON_FAILURE): Verify element property value successfully

2022-03-29 13:23:00 - [MESSAGE][PASSED] - Verify element property value successfully]]></system-out>
         <system-err><![CDATA[]]></system-err>
      </testcase>
      <testcase name="Test Cases/3. get token - feedback insurance" time="1.391" classname="Test Cases/3. get token - feedback insurance" status="PASSED">
         <system-out><![CDATA[2022-03-29 13:23:00 - [TEST_CASE][PASSED] - Test Cases/3. get token - feedback insurance: Test Cases/3. get token - feedback insurance

2022-03-29 13:23:00 - [TEST_STEP][PASSED] - token = sendRequest(findTestObject("1. Get-Token")): Send request successfully

2022-03-29 13:23:01 - [MESSAGE][INFO] - HAR: I:\app-testing\app-project\Order car insurance\order-car-insurance\Reports\20220329_124138\3. Get feedback insurance - Batch 1\20220329_124139\requests\main\636.har

2022-03-29 13:23:01 - [MESSAGE][PASSED] - Send request successfully

2022-03-29 13:23:01 - [TEST_STEP][PASSED] - slurper = new groovy.json.JsonSlurper(): null

2022-03-29 13:23:01 - [TEST_STEP][PASSED] - get_token = slurper.parseText(token.getResponseBodyContent()): null

2022-03-29 13:23:01 - [TEST_STEP][PASSED] - private_token = access_token: null

2022-03-29 13:23:01 - [TEST_STEP][PASSED] - global_token = private_token: null

2022-03-29 13:23:01 - [TEST_STEP][PASSED] - println("token is :" + global_token): null

2022-03-29 13:23:01 - [TEST_STEP][PASSED] - response_token = token.getResponseText(): null

2022-03-29 13:23:01 - [TEST_STEP][PASSED] - logInfo($response_token): {"fault":{"faultstring":"Access Denied for client ip : 8.29.105.53","detail":{"errorcode":"accesscontrol.IPDeniedAccess"}}}

2022-03-29 13:23:01 - [MESSAGE][INFO] - {"fault":{"faultstring":"Access Denied for client ip : 8.29.105.53","detail":{"errorcode":"accesscontrol.IPDeniedAccess"}}}

2022-03-29 13:23:01 - [TEST_STEP][PASSED] - feedback = sendRequest(findTestObject("4. Feedback-ins", ["s_key":global_token, "batchid":batchid, "norek":norek, "nopin":nopin, "custname":custname, "pemohon":pemohon, "branchid":branchid, ... ])): Send request successfully

2022-03-29 13:23:02 - [MESSAGE][INFO] - HAR: I:\app-testing\app-project\Order car insurance\order-car-insurance\Reports\20220329_124138\3. Get feedback insurance - Batch 1\20220329_124139\requests\main\637.har

2022-03-29 13:23:02 - [MESSAGE][PASSED] - Send request successfully

2022-03-29 13:23:02 - [TEST_STEP][PASSED] - response_feedback = feedback.getResponseText(): null

2022-03-29 13:23:02 - [TEST_STEP][PASSED] - markPassed("result feedback data : " + no + " norek : " + norek + " nopin : " + nopin): result feedback data : 365 norek : 9570010568 nopin : 001

2022-03-29 13:23:02 - [MESSAGE][PASSED] - result feedback data : 365 norek : 9570010568 nopin : 001

2022-03-29 13:23:02 - [TEST_STEP][PASSED] - logInfo($response_feedback): {
  "FeedbackCarInsuranceResponse" : {
    "errorCode" : "00",
    "errorMessage" : "Sukses"
  }
}

2022-03-29 13:23:02 - [MESSAGE][INFO] - {
  "FeedbackCarInsuranceResponse" : {
    "errorCode" : "00",
    "errorMessage" : "Sukses"
  }
}

2022-03-29 13:23:02 - [TEST_STEP][PASSED] - verifyElementPropertyValue(feedback, "FeedbackCarInsuranceResponse.errorMessage", "Sukses", CONTINUE_ON_FAILURE): Verify element property value successfully

2022-03-29 13:23:02 - [MESSAGE][PASSED] - Verify element property value successfully]]></system-out>
         <system-err><![CDATA[]]></system-err>
      </testcase>
      <testcase name="Test Cases/3. get token - feedback insurance" time="1.13" classname="Test Cases/3. get token - feedback insurance" status="PASSED">
         <system-out><![CDATA[2022-03-29 13:23:02 - [TEST_CASE][PASSED] - Test Cases/3. get token - feedback insurance: Test Cases/3. get token - feedback insurance

2022-03-29 13:23:02 - [TEST_STEP][PASSED] - token = sendRequest(findTestObject("1. Get-Token")): Send request successfully

2022-03-29 13:23:02 - [MESSAGE][INFO] - HAR: I:\app-testing\app-project\Order car insurance\order-car-insurance\Reports\20220329_124138\3. Get feedback insurance - Batch 1\20220329_124139\requests\main\638.har

2022-03-29 13:23:02 - [MESSAGE][PASSED] - Send request successfully

2022-03-29 13:23:02 - [TEST_STEP][PASSED] - slurper = new groovy.json.JsonSlurper(): null

2022-03-29 13:23:02 - [TEST_STEP][PASSED] - get_token = slurper.parseText(token.getResponseBodyContent()): null

2022-03-29 13:23:02 - [TEST_STEP][PASSED] - private_token = access_token: null

2022-03-29 13:23:02 - [TEST_STEP][PASSED] - global_token = private_token: null

2022-03-29 13:23:02 - [TEST_STEP][PASSED] - println("token is :" + global_token): null

2022-03-29 13:23:02 - [TEST_STEP][PASSED] - response_token = token.getResponseText(): null

2022-03-29 13:23:02 - [TEST_STEP][PASSED] - logInfo($response_token): {"fault":{"faultstring":"Access Denied for client ip : 8.29.105.53","detail":{"errorcode":"accesscontrol.IPDeniedAccess"}}}

2022-03-29 13:23:02 - [MESSAGE][INFO] - {"fault":{"faultstring":"Access Denied for client ip : 8.29.105.53","detail":{"errorcode":"accesscontrol.IPDeniedAccess"}}}

2022-03-29 13:23:02 - [TEST_STEP][PASSED] - feedback = sendRequest(findTestObject("4. Feedback-ins", ["s_key":global_token, "batchid":batchid, "norek":norek, "nopin":nopin, "custname":custname, "pemohon":pemohon, "branchid":branchid, ... ])): Send request successfully

2022-03-29 13:23:03 - [MESSAGE][INFO] - HAR: I:\app-testing\app-project\Order car insurance\order-car-insurance\Reports\20220329_124138\3. Get feedback insurance - Batch 1\20220329_124139\requests\main\639.har

2022-03-29 13:23:03 - [MESSAGE][PASSED] - Send request successfully

2022-03-29 13:23:03 - [TEST_STEP][PASSED] - response_feedback = feedback.getResponseText(): null

2022-03-29 13:23:03 - [TEST_STEP][PASSED] - markPassed("result feedback data : " + no + " norek : " + norek + " nopin : " + nopin): result feedback data : 366 norek : 9570010568 nopin : 001

2022-03-29 13:23:03 - [MESSAGE][PASSED] - result feedback data : 366 norek : 9570010568 nopin : 001

2022-03-29 13:23:03 - [TEST_STEP][PASSED] - logInfo($response_feedback): {
  "FeedbackCarInsuranceResponse" : {
    "errorCode" : "00",
    "errorMessage" : "Sukses"
  }
}

2022-03-29 13:23:03 - [MESSAGE][INFO] - {
  "FeedbackCarInsuranceResponse" : {
    "errorCode" : "00",
    "errorMessage" : "Sukses"
  }
}

2022-03-29 13:23:03 - [TEST_STEP][PASSED] - verifyElementPropertyValue(feedback, "FeedbackCarInsuranceResponse.errorMessage", "Sukses", CONTINUE_ON_FAILURE): Verify element property value successfully

2022-03-29 13:23:03 - [MESSAGE][PASSED] - Verify element property value successfully]]></system-out>
         <system-err><![CDATA[]]></system-err>
      </testcase>
      <testcase name="Test Cases/3. get token - feedback insurance" time="1.132" classname="Test Cases/3. get token - feedback insurance" status="PASSED">
         <system-out><![CDATA[2022-03-29 13:23:04 - [TEST_CASE][PASSED] - Test Cases/3. get token - feedback insurance: Test Cases/3. get token - feedback insurance

2022-03-29 13:23:04 - [TEST_STEP][PASSED] - token = sendRequest(findTestObject("1. Get-Token")): Send request successfully

2022-03-29 13:23:04 - [MESSAGE][INFO] - HAR: I:\app-testing\app-project\Order car insurance\order-car-insurance\Reports\20220329_124138\3. Get feedback insurance - Batch 1\20220329_124139\requests\main\640.har

2022-03-29 13:23:04 - [MESSAGE][PASSED] - Send request successfully

2022-03-29 13:23:04 - [TEST_STEP][PASSED] - slurper = new groovy.json.JsonSlurper(): null

2022-03-29 13:23:04 - [TEST_STEP][PASSED] - get_token = slurper.parseText(token.getResponseBodyContent()): null

2022-03-29 13:23:04 - [TEST_STEP][PASSED] - private_token = access_token: null

2022-03-29 13:23:04 - [TEST_STEP][PASSED] - global_token = private_token: null

2022-03-29 13:23:04 - [TEST_STEP][PASSED] - println("token is :" + global_token): null

2022-03-29 13:23:04 - [TEST_STEP][PASSED] - response_token = token.getResponseText(): null

2022-03-29 13:23:04 - [TEST_STEP][PASSED] - logInfo($response_token): {"fault":{"faultstring":"Access Denied for client ip : 8.29.105.53","detail":{"errorcode":"accesscontrol.IPDeniedAccess"}}}

2022-03-29 13:23:04 - [MESSAGE][INFO] - {"fault":{"faultstring":"Access Denied for client ip : 8.29.105.53","detail":{"errorcode":"accesscontrol.IPDeniedAccess"}}}

2022-03-29 13:23:04 - [TEST_STEP][PASSED] - feedback = sendRequest(findTestObject("4. Feedback-ins", ["s_key":global_token, "batchid":batchid, "norek":norek, "nopin":nopin, "custname":custname, "pemohon":pemohon, "branchid":branchid, ... ])): Send request successfully

2022-03-29 13:23:05 - [MESSAGE][INFO] - HAR: I:\app-testing\app-project\Order car insurance\order-car-insurance\Reports\20220329_124138\3. Get feedback insurance - Batch 1\20220329_124139\requests\main\641.har

2022-03-29 13:23:05 - [MESSAGE][PASSED] - Send request successfully

2022-03-29 13:23:05 - [TEST_STEP][PASSED] - response_feedback = feedback.getResponseText(): null

2022-03-29 13:23:05 - [TEST_STEP][PASSED] - markPassed("result feedback data : " + no + " norek : " + norek + " nopin : " + nopin): result feedback data : 367 norek : 9570010568 nopin : 001

2022-03-29 13:23:05 - [MESSAGE][PASSED] - result feedback data : 367 norek : 9570010568 nopin : 001

2022-03-29 13:23:05 - [TEST_STEP][PASSED] - logInfo($response_feedback): {
  "FeedbackCarInsuranceResponse" : {
    "errorCode" : "00",
    "errorMessage" : "Sukses"
  }
}

2022-03-29 13:23:05 - [MESSAGE][INFO] - {
  "FeedbackCarInsuranceResponse" : {
    "errorCode" : "00",
    "errorMessage" : "Sukses"
  }
}

2022-03-29 13:23:05 - [TEST_STEP][PASSED] - verifyElementPropertyValue(feedback, "FeedbackCarInsuranceResponse.errorMessage", "Sukses", CONTINUE_ON_FAILURE): Verify element property value successfully

2022-03-29 13:23:05 - [MESSAGE][PASSED] - Verify element property value successfully]]></system-out>
         <system-err><![CDATA[]]></system-err>
      </testcase>
      <testcase name="Test Cases/3. get token - feedback insurance" time="2.372" classname="Test Cases/3. get token - feedback insurance" status="PASSED">
         <system-out><![CDATA[2022-03-29 13:23:05 - [TEST_CASE][PASSED] - Test Cases/3. get token - feedback insurance: Test Cases/3. get token - feedback insurance

2022-03-29 13:23:05 - [TEST_STEP][PASSED] - token = sendRequest(findTestObject("1. Get-Token")): Send request successfully

2022-03-29 13:23:06 - [MESSAGE][INFO] - HAR: I:\app-testing\app-project\Order car insurance\order-car-insurance\Reports\20220329_124138\3. Get feedback insurance - Batch 1\20220329_124139\requests\main\642.har

2022-03-29 13:23:06 - [MESSAGE][PASSED] - Send request successfully

2022-03-29 13:23:06 - [TEST_STEP][PASSED] - slurper = new groovy.json.JsonSlurper(): null

2022-03-29 13:23:06 - [TEST_STEP][PASSED] - get_token = slurper.parseText(token.getResponseBodyContent()): null

2022-03-29 13:23:06 - [TEST_STEP][PASSED] - private_token = access_token: null

2022-03-29 13:23:06 - [TEST_STEP][PASSED] - global_token = private_token: null

2022-03-29 13:23:06 - [TEST_STEP][PASSED] - println("token is :" + global_token): null

2022-03-29 13:23:06 - [TEST_STEP][PASSED] - response_token = token.getResponseText(): null

2022-03-29 13:23:06 - [TEST_STEP][PASSED] - logInfo($response_token): {"fault":{"faultstring":"Access Denied for client ip : 8.29.105.53","detail":{"errorcode":"accesscontrol.IPDeniedAccess"}}}

2022-03-29 13:23:06 - [MESSAGE][INFO] - {"fault":{"faultstring":"Access Denied for client ip : 8.29.105.53","detail":{"errorcode":"accesscontrol.IPDeniedAccess"}}}

2022-03-29 13:23:06 - [TEST_STEP][PASSED] - feedback = sendRequest(findTestObject("4. Feedback-ins", ["s_key":global_token, "batchid":batchid, "norek":norek, "nopin":nopin, "custname":custname, "pemohon":pemohon, "branchid":branchid, ... ])): Send request successfully

2022-03-29 13:23:07 - [MESSAGE][INFO] - HAR: I:\app-testing\app-project\Order car insurance\order-car-insurance\Reports\20220329_124138\3. Get feedback insurance - Batch 1\20220329_124139\requests\main\643.har

2022-03-29 13:23:08 - [MESSAGE][PASSED] - Send request successfully

2022-03-29 13:23:08 - [TEST_STEP][PASSED] - response_feedback = feedback.getResponseText(): null

2022-03-29 13:23:08 - [TEST_STEP][PASSED] - markPassed("result feedback data : " + no + " norek : " + norek + " nopin : " + nopin): result feedback data : 368 norek : 9570010568 nopin : 001

2022-03-29 13:23:08 - [MESSAGE][PASSED] - result feedback data : 368 norek : 9570010568 nopin : 001

2022-03-29 13:23:08 - [TEST_STEP][PASSED] - logInfo($response_feedback): {
  "FeedbackCarInsuranceResponse" : {
    "errorCode" : "00",
    "errorMessage" : "Sukses"
  }
}

2022-03-29 13:23:08 - [MESSAGE][INFO] - {
  "FeedbackCarInsuranceResponse" : {
    "errorCode" : "00",
    "errorMessage" : "Sukses"
  }
}

2022-03-29 13:23:08 - [TEST_STEP][PASSED] - verifyElementPropertyValue(feedback, "FeedbackCarInsuranceResponse.errorMessage", "Sukses", CONTINUE_ON_FAILURE): Verify element property value successfully

2022-03-29 13:23:08 - [MESSAGE][PASSED] - Verify element property value successfully]]></system-out>
         <system-err><![CDATA[]]></system-err>
      </testcase>
      <testcase name="Test Cases/3. get token - feedback insurance" time="2.211" classname="Test Cases/3. get token - feedback insurance" status="PASSED">
         <system-out><![CDATA[2022-03-29 13:23:08 - [TEST_CASE][PASSED] - Test Cases/3. get token - feedback insurance: Test Cases/3. get token - feedback insurance

2022-03-29 13:23:08 - [TEST_STEP][PASSED] - token = sendRequest(findTestObject("1. Get-Token")): Send request successfully

2022-03-29 13:23:08 - [MESSAGE][INFO] - HAR: I:\app-testing\app-project\Order car insurance\order-car-insurance\Reports\20220329_124138\3. Get feedback insurance - Batch 1\20220329_124139\requests\main\644.har

2022-03-29 13:23:08 - [MESSAGE][PASSED] - Send request successfully

2022-03-29 13:23:08 - [TEST_STEP][PASSED] - slurper = new groovy.json.JsonSlurper(): null

2022-03-29 13:23:08 - [TEST_STEP][PASSED] - get_token = slurper.parseText(token.getResponseBodyContent()): null

2022-03-29 13:23:08 - [TEST_STEP][PASSED] - private_token = access_token: null

2022-03-29 13:23:08 - [TEST_STEP][PASSED] - global_token = private_token: null

2022-03-29 13:23:08 - [TEST_STEP][PASSED] - println("token is :" + global_token): null

2022-03-29 13:23:08 - [TEST_STEP][PASSED] - response_token = token.getResponseText(): null

2022-03-29 13:23:08 - [TEST_STEP][PASSED] - logInfo($response_token): {"fault":{"faultstring":"Access Denied for client ip : 8.29.105.53","detail":{"errorcode":"accesscontrol.IPDeniedAccess"}}}

2022-03-29 13:23:08 - [MESSAGE][INFO] - {"fault":{"faultstring":"Access Denied for client ip : 8.29.105.53","detail":{"errorcode":"accesscontrol.IPDeniedAccess"}}}

2022-03-29 13:23:08 - [TEST_STEP][PASSED] - feedback = sendRequest(findTestObject("4. Feedback-ins", ["s_key":global_token, "batchid":batchid, "norek":norek, "nopin":nopin, "custname":custname, "pemohon":pemohon, "branchid":branchid, ... ])): Send request successfully

2022-03-29 13:23:10 - [MESSAGE][INFO] - HAR: I:\app-testing\app-project\Order car insurance\order-car-insurance\Reports\20220329_124138\3. Get feedback insurance - Batch 1\20220329_124139\requests\main\645.har

2022-03-29 13:23:10 - [MESSAGE][PASSED] - Send request successfully

2022-03-29 13:23:10 - [TEST_STEP][PASSED] - response_feedback = feedback.getResponseText(): null

2022-03-29 13:23:10 - [TEST_STEP][PASSED] - markPassed("result feedback data : " + no + " norek : " + norek + " nopin : " + nopin): result feedback data : 369 norek : 9570010568 nopin : 001

2022-03-29 13:23:10 - [MESSAGE][PASSED] - result feedback data : 369 norek : 9570010568 nopin : 001

2022-03-29 13:23:10 - [TEST_STEP][PASSED] - logInfo($response_feedback): {
  "FeedbackCarInsuranceResponse" : {
    "errorCode" : "00",
    "errorMessage" : "Sukses"
  }
}

2022-03-29 13:23:10 - [MESSAGE][INFO] - {
  "FeedbackCarInsuranceResponse" : {
    "errorCode" : "00",
    "errorMessage" : "Sukses"
  }
}

2022-03-29 13:23:10 - [TEST_STEP][PASSED] - verifyElementPropertyValue(feedback, "FeedbackCarInsuranceResponse.errorMessage", "Sukses", CONTINUE_ON_FAILURE): Verify element property value successfully

2022-03-29 13:23:10 - [MESSAGE][PASSED] - Verify element property value successfully]]></system-out>
         <system-err><![CDATA[]]></system-err>
      </testcase>
      <testcase name="Test Cases/3. get token - feedback insurance" time="297.866" classname="Test Cases/3. get token - feedback insurance" status="PASSED">
         <system-out><![CDATA[2022-03-29 13:23:11 - [TEST_CASE][PASSED] - Test Cases/3. get token - feedback insurance: Test Cases/3. get token - feedback insurance

2022-03-29 13:23:11 - [TEST_STEP][PASSED] - token = sendRequest(findTestObject("1. Get-Token")): Send request successfully

2022-03-29 13:23:11 - [MESSAGE][INFO] - HAR: I:\app-testing\app-project\Order car insurance\order-car-insurance\Reports\20220329_124138\3. Get feedback insurance - Batch 1\20220329_124139\requests\main\646.har

2022-03-29 13:23:11 - [MESSAGE][PASSED] - Send request successfully

2022-03-29 13:23:11 - [TEST_STEP][PASSED] - slurper = new groovy.json.JsonSlurper(): null

2022-03-29 13:23:11 - [TEST_STEP][PASSED] - get_token = slurper.parseText(token.getResponseBodyContent()): null

2022-03-29 13:28:06 - [TEST_STEP][PASSED] - private_token = access_token: null

2022-03-29 13:28:06 - [TEST_STEP][PASSED] - global_token = private_token: null

2022-03-29 13:28:06 - [TEST_STEP][PASSED] - println("token is :" + global_token): null

2022-03-29 13:28:06 - [TEST_STEP][PASSED] - response_token = token.getResponseText(): null

2022-03-29 13:28:06 - [TEST_STEP][PASSED] - logInfo($response_token): {"fault":{"faultstring":"Access Denied for client ip : 8.29.105.53","detail":{"errorcode":"accesscontrol.IPDeniedAccess"}}}

2022-03-29 13:28:06 - [MESSAGE][INFO] - {"fault":{"faultstring":"Access Denied for client ip : 8.29.105.53","detail":{"errorcode":"accesscontrol.IPDeniedAccess"}}}

2022-03-29 13:28:06 - [TEST_STEP][PASSED] - feedback = sendRequest(findTestObject("4. Feedback-ins", ["s_key":global_token, "batchid":batchid, "norek":norek, "nopin":nopin, "custname":custname, "pemohon":pemohon, "branchid":branchid, ... ])): Send request successfully

2022-03-29 13:28:08 - [MESSAGE][INFO] - HAR: I:\app-testing\app-project\Order car insurance\order-car-insurance\Reports\20220329_124138\3. Get feedback insurance - Batch 1\20220329_124139\requests\main\647.har

2022-03-29 13:28:08 - [MESSAGE][PASSED] - Send request successfully

2022-03-29 13:28:08 - [TEST_STEP][PASSED] - response_feedback = feedback.getResponseText(): null

2022-03-29 13:28:08 - [TEST_STEP][PASSED] - markPassed("result feedback data : " + no + " norek : " + norek + " nopin : " + nopin): result feedback data : 370 norek : 9570010568 nopin : 001

2022-03-29 13:28:08 - [MESSAGE][PASSED] - result feedback data : 370 norek : 9570010568 nopin : 001

2022-03-29 13:28:08 - [TEST_STEP][PASSED] - logInfo($response_feedback): {
  "FeedbackCarInsuranceResponse" : {
    "errorCode" : "00",
    "errorMessage" : "Sukses"
  }
}

2022-03-29 13:28:08 - [MESSAGE][INFO] - {
  "FeedbackCarInsuranceResponse" : {
    "errorCode" : "00",
    "errorMessage" : "Sukses"
  }
}

2022-03-29 13:28:08 - [TEST_STEP][PASSED] - verifyElementPropertyValue(feedback, "FeedbackCarInsuranceResponse.errorMessage", "Sukses", CONTINUE_ON_FAILURE): Verify element property value successfully

2022-03-29 13:28:08 - [MESSAGE][PASSED] - Verify element property value successfully]]></system-out>
         <system-err><![CDATA[]]></system-err>
      </testcase>
      <testcase name="Test Cases/3. get token - feedback insurance" time="1.6" classname="Test Cases/3. get token - feedback insurance" status="PASSED">
         <system-out><![CDATA[2022-03-29 13:28:09 - [TEST_CASE][PASSED] - Test Cases/3. get token - feedback insurance: Test Cases/3. get token - feedback insurance

2022-03-29 13:28:09 - [TEST_STEP][PASSED] - token = sendRequest(findTestObject("1. Get-Token")): Send request successfully

2022-03-29 13:28:09 - [MESSAGE][INFO] - HAR: I:\app-testing\app-project\Order car insurance\order-car-insurance\Reports\20220329_124138\3. Get feedback insurance - Batch 1\20220329_124139\requests\main\648.har

2022-03-29 13:28:09 - [MESSAGE][PASSED] - Send request successfully

2022-03-29 13:28:09 - [TEST_STEP][PASSED] - slurper = new groovy.json.JsonSlurper(): null

2022-03-29 13:28:09 - [TEST_STEP][PASSED] - get_token = slurper.parseText(token.getResponseBodyContent()): null

2022-03-29 13:28:09 - [TEST_STEP][PASSED] - private_token = access_token: null

2022-03-29 13:28:09 - [TEST_STEP][PASSED] - global_token = private_token: null

2022-03-29 13:28:09 - [TEST_STEP][PASSED] - println("token is :" + global_token): null

2022-03-29 13:28:09 - [TEST_STEP][PASSED] - response_token = token.getResponseText(): null

2022-03-29 13:28:09 - [TEST_STEP][PASSED] - logInfo($response_token): {"fault":{"faultstring":"Access Denied for client ip : 8.29.105.53","detail":{"errorcode":"accesscontrol.IPDeniedAccess"}}}

2022-03-29 13:28:09 - [MESSAGE][INFO] - {"fault":{"faultstring":"Access Denied for client ip : 8.29.105.53","detail":{"errorcode":"accesscontrol.IPDeniedAccess"}}}

2022-03-29 13:28:09 - [TEST_STEP][PASSED] - feedback = sendRequest(findTestObject("4. Feedback-ins", ["s_key":global_token, "batchid":batchid, "norek":norek, "nopin":nopin, "custname":custname, "pemohon":pemohon, "branchid":branchid, ... ])): Send request successfully

2022-03-29 13:28:10 - [MESSAGE][INFO] - HAR: I:\app-testing\app-project\Order car insurance\order-car-insurance\Reports\20220329_124138\3. Get feedback insurance - Batch 1\20220329_124139\requests\main\649.har

2022-03-29 13:28:10 - [MESSAGE][PASSED] - Send request successfully

2022-03-29 13:28:10 - [TEST_STEP][PASSED] - response_feedback = feedback.getResponseText(): null

2022-03-29 13:28:10 - [TEST_STEP][PASSED] - markPassed("result feedback data : " + no + " norek : " + norek + " nopin : " + nopin): result feedback data : 371 norek : 9570010568 nopin : 001

2022-03-29 13:28:10 - [MESSAGE][PASSED] - result feedback data : 371 norek : 9570010568 nopin : 001

2022-03-29 13:28:10 - [TEST_STEP][PASSED] - logInfo($response_feedback): {
  "FeedbackCarInsuranceResponse" : {
    "errorCode" : "00",
    "errorMessage" : "Sukses"
  }
}

2022-03-29 13:28:10 - [MESSAGE][INFO] - {
  "FeedbackCarInsuranceResponse" : {
    "errorCode" : "00",
    "errorMessage" : "Sukses"
  }
}

2022-03-29 13:28:10 - [TEST_STEP][PASSED] - verifyElementPropertyValue(feedback, "FeedbackCarInsuranceResponse.errorMessage", "Sukses", CONTINUE_ON_FAILURE): Verify element property value successfully

2022-03-29 13:28:10 - [MESSAGE][PASSED] - Verify element property value successfully]]></system-out>
         <system-err><![CDATA[]]></system-err>
      </testcase>
      <testcase name="Test Cases/3. get token - feedback insurance" time="1.646" classname="Test Cases/3. get token - feedback insurance" status="PASSED">
         <system-out><![CDATA[2022-03-29 13:28:11 - [TEST_CASE][PASSED] - Test Cases/3. get token - feedback insurance: Test Cases/3. get token - feedback insurance

2022-03-29 13:28:11 - [TEST_STEP][PASSED] - token = sendRequest(findTestObject("1. Get-Token")): Send request successfully

2022-03-29 13:28:11 - [MESSAGE][INFO] - HAR: I:\app-testing\app-project\Order car insurance\order-car-insurance\Reports\20220329_124138\3. Get feedback insurance - Batch 1\20220329_124139\requests\main\650.har

2022-03-29 13:28:11 - [MESSAGE][PASSED] - Send request successfully

2022-03-29 13:28:11 - [TEST_STEP][PASSED] - slurper = new groovy.json.JsonSlurper(): null

2022-03-29 13:28:11 - [TEST_STEP][PASSED] - get_token = slurper.parseText(token.getResponseBodyContent()): null

2022-03-29 13:28:11 - [TEST_STEP][PASSED] - private_token = access_token: null

2022-03-29 13:28:11 - [TEST_STEP][PASSED] - global_token = private_token: null

2022-03-29 13:28:11 - [TEST_STEP][PASSED] - println("token is :" + global_token): null

2022-03-29 13:28:11 - [TEST_STEP][PASSED] - response_token = token.getResponseText(): null

2022-03-29 13:28:11 - [TEST_STEP][PASSED] - logInfo($response_token): {"fault":{"faultstring":"Access Denied for client ip : 8.29.105.53","detail":{"errorcode":"accesscontrol.IPDeniedAccess"}}}

2022-03-29 13:28:11 - [MESSAGE][INFO] - {"fault":{"faultstring":"Access Denied for client ip : 8.29.105.53","detail":{"errorcode":"accesscontrol.IPDeniedAccess"}}}

2022-03-29 13:28:11 - [TEST_STEP][PASSED] - feedback = sendRequest(findTestObject("4. Feedback-ins", ["s_key":global_token, "batchid":batchid, "norek":norek, "nopin":nopin, "custname":custname, "pemohon":pemohon, "branchid":branchid, ... ])): Send request successfully

2022-03-29 13:28:12 - [MESSAGE][INFO] - HAR: I:\app-testing\app-project\Order car insurance\order-car-insurance\Reports\20220329_124138\3. Get feedback insurance - Batch 1\20220329_124139\requests\main\651.har

2022-03-29 13:28:12 - [MESSAGE][PASSED] - Send request successfully

2022-03-29 13:28:12 - [TEST_STEP][PASSED] - response_feedback = feedback.getResponseText(): null

2022-03-29 13:28:12 - [TEST_STEP][PASSED] - markPassed("result feedback data : " + no + " norek : " + norek + " nopin : " + nopin): result feedback data : 372 norek : 9570010568 nopin : 001

2022-03-29 13:28:12 - [MESSAGE][PASSED] - result feedback data : 372 norek : 9570010568 nopin : 001

2022-03-29 13:28:12 - [TEST_STEP][PASSED] - logInfo($response_feedback): {
  "FeedbackCarInsuranceResponse" : {
    "errorCode" : "00",
    "errorMessage" : "Sukses"
  }
}

2022-03-29 13:28:12 - [MESSAGE][INFO] - {
  "FeedbackCarInsuranceResponse" : {
    "errorCode" : "00",
    "errorMessage" : "Sukses"
  }
}

2022-03-29 13:28:12 - [TEST_STEP][PASSED] - verifyElementPropertyValue(feedback, "FeedbackCarInsuranceResponse.errorMessage", "Sukses", CONTINUE_ON_FAILURE): Verify element property value successfully

2022-03-29 13:28:12 - [MESSAGE][PASSED] - Verify element property value successfully]]></system-out>
         <system-err><![CDATA[]]></system-err>
      </testcase>
      <testcase name="Test Cases/3. get token - feedback insurance" time="1.337" classname="Test Cases/3. get token - feedback insurance" status="PASSED">
         <system-out><![CDATA[2022-03-29 13:28:13 - [TEST_CASE][PASSED] - Test Cases/3. get token - feedback insurance: Test Cases/3. get token - feedback insurance

2022-03-29 13:28:13 - [TEST_STEP][PASSED] - token = sendRequest(findTestObject("1. Get-Token")): Send request successfully

2022-03-29 13:28:13 - [MESSAGE][INFO] - HAR: I:\app-testing\app-project\Order car insurance\order-car-insurance\Reports\20220329_124138\3. Get feedback insurance - Batch 1\20220329_124139\requests\main\652.har

2022-03-29 13:28:13 - [MESSAGE][PASSED] - Send request successfully

2022-03-29 13:28:13 - [TEST_STEP][PASSED] - slurper = new groovy.json.JsonSlurper(): null

2022-03-29 13:28:13 - [TEST_STEP][PASSED] - get_token = slurper.parseText(token.getResponseBodyContent()): null

2022-03-29 13:28:13 - [TEST_STEP][PASSED] - private_token = access_token: null

2022-03-29 13:28:13 - [TEST_STEP][PASSED] - global_token = private_token: null

2022-03-29 13:28:13 - [TEST_STEP][PASSED] - println("token is :" + global_token): null

2022-03-29 13:28:13 - [TEST_STEP][PASSED] - response_token = token.getResponseText(): null

2022-03-29 13:28:13 - [TEST_STEP][PASSED] - logInfo($response_token): {"fault":{"faultstring":"Access Denied for client ip : 8.29.105.53","detail":{"errorcode":"accesscontrol.IPDeniedAccess"}}}

2022-03-29 13:28:13 - [MESSAGE][INFO] - {"fault":{"faultstring":"Access Denied for client ip : 8.29.105.53","detail":{"errorcode":"accesscontrol.IPDeniedAccess"}}}

2022-03-29 13:28:13 - [TEST_STEP][PASSED] - feedback = sendRequest(findTestObject("4. Feedback-ins", ["s_key":global_token, "batchid":batchid, "norek":norek, "nopin":nopin, "custname":custname, "pemohon":pemohon, "branchid":branchid, ... ])): Send request successfully

2022-03-29 13:28:14 - [MESSAGE][INFO] - HAR: I:\app-testing\app-project\Order car insurance\order-car-insurance\Reports\20220329_124138\3. Get feedback insurance - Batch 1\20220329_124139\requests\main\653.har

2022-03-29 13:28:14 - [MESSAGE][PASSED] - Send request successfully

2022-03-29 13:28:14 - [TEST_STEP][PASSED] - response_feedback = feedback.getResponseText(): null

2022-03-29 13:28:14 - [TEST_STEP][PASSED] - markPassed("result feedback data : " + no + " norek : " + norek + " nopin : " + nopin): result feedback data : 373 norek : 9570010593 nopin : 001

2022-03-29 13:28:14 - [MESSAGE][PASSED] - result feedback data : 373 norek : 9570010593 nopin : 001

2022-03-29 13:28:14 - [TEST_STEP][PASSED] - logInfo($response_feedback): {
  "FeedbackCarInsuranceResponse" : {
    "errorCode" : "00",
    "errorMessage" : "Sukses"
  }
}

2022-03-29 13:28:14 - [MESSAGE][INFO] - {
  "FeedbackCarInsuranceResponse" : {
    "errorCode" : "00",
    "errorMessage" : "Sukses"
  }
}

2022-03-29 13:28:14 - [TEST_STEP][PASSED] - verifyElementPropertyValue(feedback, "FeedbackCarInsuranceResponse.errorMessage", "Sukses", CONTINUE_ON_FAILURE): Verify element property value successfully

2022-03-29 13:28:14 - [MESSAGE][PASSED] - Verify element property value successfully]]></system-out>
         <system-err><![CDATA[]]></system-err>
      </testcase>
      <testcase name="Test Cases/3. get token - feedback insurance" time="2.929" classname="Test Cases/3. get token - feedback insurance" status="PASSED">
         <system-out><![CDATA[2022-03-29 13:28:15 - [TEST_CASE][PASSED] - Test Cases/3. get token - feedback insurance: Test Cases/3. get token - feedback insurance

2022-03-29 13:28:15 - [TEST_STEP][PASSED] - token = sendRequest(findTestObject("1. Get-Token")): Send request successfully

2022-03-29 13:28:15 - [MESSAGE][INFO] - HAR: I:\app-testing\app-project\Order car insurance\order-car-insurance\Reports\20220329_124138\3. Get feedback insurance - Batch 1\20220329_124139\requests\main\654.har

2022-03-29 13:28:15 - [MESSAGE][PASSED] - Send request successfully

2022-03-29 13:28:15 - [TEST_STEP][PASSED] - slurper = new groovy.json.JsonSlurper(): null

2022-03-29 13:28:15 - [TEST_STEP][PASSED] - get_token = slurper.parseText(token.getResponseBodyContent()): null

2022-03-29 13:28:15 - [TEST_STEP][PASSED] - private_token = access_token: null

2022-03-29 13:28:15 - [TEST_STEP][PASSED] - global_token = private_token: null

2022-03-29 13:28:15 - [TEST_STEP][PASSED] - println("token is :" + global_token): null

2022-03-29 13:28:15 - [TEST_STEP][PASSED] - response_token = token.getResponseText(): null

2022-03-29 13:28:15 - [TEST_STEP][PASSED] - logInfo($response_token): {"fault":{"faultstring":"Access Denied for client ip : 8.29.105.53","detail":{"errorcode":"accesscontrol.IPDeniedAccess"}}}

2022-03-29 13:28:15 - [MESSAGE][INFO] - {"fault":{"faultstring":"Access Denied for client ip : 8.29.105.53","detail":{"errorcode":"accesscontrol.IPDeniedAccess"}}}

2022-03-29 13:28:15 - [TEST_STEP][PASSED] - feedback = sendRequest(findTestObject("4. Feedback-ins", ["s_key":global_token, "batchid":batchid, "norek":norek, "nopin":nopin, "custname":custname, "pemohon":pemohon, "branchid":branchid, ... ])): Send request successfully

2022-03-29 13:28:18 - [MESSAGE][INFO] - HAR: I:\app-testing\app-project\Order car insurance\order-car-insurance\Reports\20220329_124138\3. Get feedback insurance - Batch 1\20220329_124139\requests\main\655.har

2022-03-29 13:28:18 - [MESSAGE][PASSED] - Send request successfully

2022-03-29 13:28:18 - [TEST_STEP][PASSED] - response_feedback = feedback.getResponseText(): null

2022-03-29 13:28:18 - [TEST_STEP][PASSED] - markPassed("result feedback data : " + no + " norek : " + norek + " nopin : " + nopin): result feedback data : 374 norek : 9570010593 nopin : 001

2022-03-29 13:28:18 - [MESSAGE][PASSED] - result feedback data : 374 norek : 9570010593 nopin : 001

2022-03-29 13:28:18 - [TEST_STEP][PASSED] - logInfo($response_feedback): {
  "FeedbackCarInsuranceResponse" : {
    "errorCode" : "00",
    "errorMessage" : "Sukses"
  }
}

2022-03-29 13:28:18 - [MESSAGE][INFO] - {
  "FeedbackCarInsuranceResponse" : {
    "errorCode" : "00",
    "errorMessage" : "Sukses"
  }
}

2022-03-29 13:28:18 - [TEST_STEP][PASSED] - verifyElementPropertyValue(feedback, "FeedbackCarInsuranceResponse.errorMessage", "Sukses", CONTINUE_ON_FAILURE): Verify element property value successfully

2022-03-29 13:28:18 - [MESSAGE][PASSED] - Verify element property value successfully]]></system-out>
         <system-err><![CDATA[]]></system-err>
      </testcase>
      <testcase name="Test Cases/3. get token - feedback insurance" time="1.088" classname="Test Cases/3. get token - feedback insurance" status="PASSED">
         <system-out><![CDATA[2022-03-29 13:28:18 - [TEST_CASE][PASSED] - Test Cases/3. get token - feedback insurance: Test Cases/3. get token - feedback insurance

2022-03-29 13:28:18 - [TEST_STEP][PASSED] - token = sendRequest(findTestObject("1. Get-Token")): Send request successfully

2022-03-29 13:28:18 - [MESSAGE][INFO] - HAR: I:\app-testing\app-project\Order car insurance\order-car-insurance\Reports\20220329_124138\3. Get feedback insurance - Batch 1\20220329_124139\requests\main\656.har

2022-03-29 13:28:18 - [MESSAGE][PASSED] - Send request successfully

2022-03-29 13:28:18 - [TEST_STEP][PASSED] - slurper = new groovy.json.JsonSlurper(): null

2022-03-29 13:28:18 - [TEST_STEP][PASSED] - get_token = slurper.parseText(token.getResponseBodyContent()): null

2022-03-29 13:28:18 - [TEST_STEP][PASSED] - private_token = access_token: null

2022-03-29 13:28:18 - [TEST_STEP][PASSED] - global_token = private_token: null

2022-03-29 13:28:18 - [TEST_STEP][PASSED] - println("token is :" + global_token): null

2022-03-29 13:28:18 - [TEST_STEP][PASSED] - response_token = token.getResponseText(): null

2022-03-29 13:28:18 - [TEST_STEP][PASSED] - logInfo($response_token): {"fault":{"faultstring":"Access Denied for client ip : 8.29.105.53","detail":{"errorcode":"accesscontrol.IPDeniedAccess"}}}

2022-03-29 13:28:18 - [MESSAGE][INFO] - {"fault":{"faultstring":"Access Denied for client ip : 8.29.105.53","detail":{"errorcode":"accesscontrol.IPDeniedAccess"}}}

2022-03-29 13:28:18 - [TEST_STEP][PASSED] - feedback = sendRequest(findTestObject("4. Feedback-ins", ["s_key":global_token, "batchid":batchid, "norek":norek, "nopin":nopin, "custname":custname, "pemohon":pemohon, "branchid":branchid, ... ])): Send request successfully

2022-03-29 13:28:19 - [MESSAGE][INFO] - HAR: I:\app-testing\app-project\Order car insurance\order-car-insurance\Reports\20220329_124138\3. Get feedback insurance - Batch 1\20220329_124139\requests\main\657.har

2022-03-29 13:28:19 - [MESSAGE][PASSED] - Send request successfully

2022-03-29 13:28:19 - [TEST_STEP][PASSED] - response_feedback = feedback.getResponseText(): null

2022-03-29 13:28:19 - [TEST_STEP][PASSED] - markPassed("result feedback data : " + no + " norek : " + norek + " nopin : " + nopin): result feedback data : 375 norek : 9570010593 nopin : 001

2022-03-29 13:28:19 - [MESSAGE][PASSED] - result feedback data : 375 norek : 9570010593 nopin : 001

2022-03-29 13:28:19 - [TEST_STEP][PASSED] - logInfo($response_feedback): {
  "FeedbackCarInsuranceResponse" : {
    "errorCode" : "00",
    "errorMessage" : "Sukses"
  }
}

2022-03-29 13:28:19 - [MESSAGE][INFO] - {
  "FeedbackCarInsuranceResponse" : {
    "errorCode" : "00",
    "errorMessage" : "Sukses"
  }
}

2022-03-29 13:28:19 - [TEST_STEP][PASSED] - verifyElementPropertyValue(feedback, "FeedbackCarInsuranceResponse.errorMessage", "Sukses", CONTINUE_ON_FAILURE): Verify element property value successfully

2022-03-29 13:28:19 - [MESSAGE][PASSED] - Verify element property value successfully]]></system-out>
         <system-err><![CDATA[]]></system-err>
      </testcase>
      <testcase name="Test Cases/3. get token - feedback insurance" time="1.081" classname="Test Cases/3. get token - feedback insurance" status="PASSED">
         <system-out><![CDATA[2022-03-29 13:28:19 - [TEST_CASE][PASSED] - Test Cases/3. get token - feedback insurance: Test Cases/3. get token - feedback insurance

2022-03-29 13:28:20 - [TEST_STEP][PASSED] - token = sendRequest(findTestObject("1. Get-Token")): Send request successfully

2022-03-29 13:28:20 - [MESSAGE][INFO] - HAR: I:\app-testing\app-project\Order car insurance\order-car-insurance\Reports\20220329_124138\3. Get feedback insurance - Batch 1\20220329_124139\requests\main\658.har

2022-03-29 13:28:20 - [MESSAGE][PASSED] - Send request successfully

2022-03-29 13:28:20 - [TEST_STEP][PASSED] - slurper = new groovy.json.JsonSlurper(): null

2022-03-29 13:28:20 - [TEST_STEP][PASSED] - get_token = slurper.parseText(token.getResponseBodyContent()): null

2022-03-29 13:28:20 - [TEST_STEP][PASSED] - private_token = access_token: null

2022-03-29 13:28:20 - [TEST_STEP][PASSED] - global_token = private_token: null

2022-03-29 13:28:20 - [TEST_STEP][PASSED] - println("token is :" + global_token): null

2022-03-29 13:28:20 - [TEST_STEP][PASSED] - response_token = token.getResponseText(): null

2022-03-29 13:28:20 - [TEST_STEP][PASSED] - logInfo($response_token): {"fault":{"faultstring":"Access Denied for client ip : 8.29.105.53","detail":{"errorcode":"accesscontrol.IPDeniedAccess"}}}

2022-03-29 13:28:20 - [MESSAGE][INFO] - {"fault":{"faultstring":"Access Denied for client ip : 8.29.105.53","detail":{"errorcode":"accesscontrol.IPDeniedAccess"}}}

2022-03-29 13:28:20 - [TEST_STEP][PASSED] - feedback = sendRequest(findTestObject("4. Feedback-ins", ["s_key":global_token, "batchid":batchid, "norek":norek, "nopin":nopin, "custname":custname, "pemohon":pemohon, "branchid":branchid, ... ])): Send request successfully

2022-03-29 13:28:21 - [MESSAGE][INFO] - HAR: I:\app-testing\app-project\Order car insurance\order-car-insurance\Reports\20220329_124138\3. Get feedback insurance - Batch 1\20220329_124139\requests\main\659.har

2022-03-29 13:28:21 - [MESSAGE][PASSED] - Send request successfully

2022-03-29 13:28:21 - [TEST_STEP][PASSED] - response_feedback = feedback.getResponseText(): null

2022-03-29 13:28:21 - [TEST_STEP][PASSED] - markPassed("result feedback data : " + no + " norek : " + norek + " nopin : " + nopin): result feedback data : 376 norek : 9570010593 nopin : 001

2022-03-29 13:28:21 - [MESSAGE][PASSED] - result feedback data : 376 norek : 9570010593 nopin : 001

2022-03-29 13:28:21 - [TEST_STEP][PASSED] - logInfo($response_feedback): {
  "FeedbackCarInsuranceResponse" : {
    "errorCode" : "00",
    "errorMessage" : "Sukses"
  }
}

2022-03-29 13:28:21 - [MESSAGE][INFO] - {
  "FeedbackCarInsuranceResponse" : {
    "errorCode" : "00",
    "errorMessage" : "Sukses"
  }
}

2022-03-29 13:28:21 - [TEST_STEP][PASSED] - verifyElementPropertyValue(feedback, "FeedbackCarInsuranceResponse.errorMessage", "Sukses", CONTINUE_ON_FAILURE): Verify element property value successfully

2022-03-29 13:28:21 - [MESSAGE][PASSED] - Verify element property value successfully]]></system-out>
         <system-err><![CDATA[]]></system-err>
      </testcase>
      <testcase name="Test Cases/3. get token - feedback insurance" time="1.137" classname="Test Cases/3. get token - feedback insurance" status="PASSED">
         <system-out><![CDATA[2022-03-29 13:28:21 - [TEST_CASE][PASSED] - Test Cases/3. get token - feedback insurance: Test Cases/3. get token - feedback insurance

2022-03-29 13:28:21 - [TEST_STEP][PASSED] - token = sendRequest(findTestObject("1. Get-Token")): Send request successfully

2022-03-29 13:28:21 - [MESSAGE][INFO] - HAR: I:\app-testing\app-project\Order car insurance\order-car-insurance\Reports\20220329_124138\3. Get feedback insurance - Batch 1\20220329_124139\requests\main\660.har

2022-03-29 13:28:21 - [MESSAGE][PASSED] - Send request successfully

2022-03-29 13:28:21 - [TEST_STEP][PASSED] - slurper = new groovy.json.JsonSlurper(): null

2022-03-29 13:28:21 - [TEST_STEP][PASSED] - get_token = slurper.parseText(token.getResponseBodyContent()): null

2022-03-29 13:28:21 - [TEST_STEP][PASSED] - private_token = access_token: null

2022-03-29 13:28:21 - [TEST_STEP][PASSED] - global_token = private_token: null

2022-03-29 13:28:21 - [TEST_STEP][PASSED] - println("token is :" + global_token): null

2022-03-29 13:28:21 - [TEST_STEP][PASSED] - response_token = token.getResponseText(): null

2022-03-29 13:28:21 - [TEST_STEP][PASSED] - logInfo($response_token): {"fault":{"faultstring":"Access Denied for client ip : 8.29.105.53","detail":{"errorcode":"accesscontrol.IPDeniedAccess"}}}

2022-03-29 13:28:21 - [MESSAGE][INFO] - {"fault":{"faultstring":"Access Denied for client ip : 8.29.105.53","detail":{"errorcode":"accesscontrol.IPDeniedAccess"}}}

2022-03-29 13:28:21 - [TEST_STEP][PASSED] - feedback = sendRequest(findTestObject("4. Feedback-ins", ["s_key":global_token, "batchid":batchid, "norek":norek, "nopin":nopin, "custname":custname, "pemohon":pemohon, "branchid":branchid, ... ])): Send request successfully

2022-03-29 13:28:22 - [MESSAGE][INFO] - HAR: I:\app-testing\app-project\Order car insurance\order-car-insurance\Reports\20220329_124138\3. Get feedback insurance - Batch 1\20220329_124139\requests\main\661.har

2022-03-29 13:28:22 - [MESSAGE][PASSED] - Send request successfully

2022-03-29 13:28:22 - [TEST_STEP][PASSED] - response_feedback = feedback.getResponseText(): null

2022-03-29 13:28:22 - [TEST_STEP][PASSED] - markPassed("result feedback data : " + no + " norek : " + norek + " nopin : " + nopin): result feedback data : 377 norek : 9570010593 nopin : 001

2022-03-29 13:28:22 - [MESSAGE][PASSED] - result feedback data : 377 norek : 9570010593 nopin : 001

2022-03-29 13:28:22 - [TEST_STEP][PASSED] - logInfo($response_feedback): {
  "FeedbackCarInsuranceResponse" : {
    "errorCode" : "00",
    "errorMessage" : "Sukses"
  }
}

2022-03-29 13:28:22 - [MESSAGE][INFO] - {
  "FeedbackCarInsuranceResponse" : {
    "errorCode" : "00",
    "errorMessage" : "Sukses"
  }
}

2022-03-29 13:28:22 - [TEST_STEP][PASSED] - verifyElementPropertyValue(feedback, "FeedbackCarInsuranceResponse.errorMessage", "Sukses", CONTINUE_ON_FAILURE): Verify element property value successfully

2022-03-29 13:28:22 - [MESSAGE][PASSED] - Verify element property value successfully]]></system-out>
         <system-err><![CDATA[]]></system-err>
      </testcase>
      <testcase name="Test Cases/3. get token - feedback insurance" time="1.132" classname="Test Cases/3. get token - feedback insurance" status="PASSED">
         <system-out><![CDATA[2022-03-29 13:28:23 - [TEST_CASE][PASSED] - Test Cases/3. get token - feedback insurance: Test Cases/3. get token - feedback insurance

2022-03-29 13:28:23 - [TEST_STEP][PASSED] - token = sendRequest(findTestObject("1. Get-Token")): Send request successfully

2022-03-29 13:28:23 - [MESSAGE][INFO] - HAR: I:\app-testing\app-project\Order car insurance\order-car-insurance\Reports\20220329_124138\3. Get feedback insurance - Batch 1\20220329_124139\requests\main\662.har

2022-03-29 13:28:23 - [MESSAGE][PASSED] - Send request successfully

2022-03-29 13:28:23 - [TEST_STEP][PASSED] - slurper = new groovy.json.JsonSlurper(): null

2022-03-29 13:28:23 - [TEST_STEP][PASSED] - get_token = slurper.parseText(token.getResponseBodyContent()): null

2022-03-29 13:28:23 - [TEST_STEP][PASSED] - private_token = access_token: null

2022-03-29 13:28:23 - [TEST_STEP][PASSED] - global_token = private_token: null

2022-03-29 13:28:23 - [TEST_STEP][PASSED] - println("token is :" + global_token): null

2022-03-29 13:28:23 - [TEST_STEP][PASSED] - response_token = token.getResponseText(): null

2022-03-29 13:28:23 - [TEST_STEP][PASSED] - logInfo($response_token): {"fault":{"faultstring":"Access Denied for client ip : 8.29.105.53","detail":{"errorcode":"accesscontrol.IPDeniedAccess"}}}

2022-03-29 13:28:23 - [MESSAGE][INFO] - {"fault":{"faultstring":"Access Denied for client ip : 8.29.105.53","detail":{"errorcode":"accesscontrol.IPDeniedAccess"}}}

2022-03-29 13:28:23 - [TEST_STEP][PASSED] - feedback = sendRequest(findTestObject("4. Feedback-ins", ["s_key":global_token, "batchid":batchid, "norek":norek, "nopin":nopin, "custname":custname, "pemohon":pemohon, "branchid":branchid, ... ])): Send request successfully

2022-03-29 13:28:24 - [MESSAGE][INFO] - HAR: I:\app-testing\app-project\Order car insurance\order-car-insurance\Reports\20220329_124138\3. Get feedback insurance - Batch 1\20220329_124139\requests\main\663.har

2022-03-29 13:28:24 - [MESSAGE][PASSED] - Send request successfully

2022-03-29 13:28:24 - [TEST_STEP][PASSED] - response_feedback = feedback.getResponseText(): null

2022-03-29 13:28:24 - [TEST_STEP][PASSED] - markPassed("result feedback data : " + no + " norek : " + norek + " nopin : " + nopin): result feedback data : 378 norek : 9570010593 nopin : 001

2022-03-29 13:28:24 - [MESSAGE][PASSED] - result feedback data : 378 norek : 9570010593 nopin : 001

2022-03-29 13:28:24 - [TEST_STEP][PASSED] - logInfo($response_feedback): {
  "FeedbackCarInsuranceResponse" : {
    "errorCode" : "00",
    "errorMessage" : "Sukses"
  }
}

2022-03-29 13:28:24 - [MESSAGE][INFO] - {
  "FeedbackCarInsuranceResponse" : {
    "errorCode" : "00",
    "errorMessage" : "Sukses"
  }
}

2022-03-29 13:28:24 - [TEST_STEP][PASSED] - verifyElementPropertyValue(feedback, "FeedbackCarInsuranceResponse.errorMessage", "Sukses", CONTINUE_ON_FAILURE): Verify element property value successfully

2022-03-29 13:28:24 - [MESSAGE][PASSED] - Verify element property value successfully]]></system-out>
         <system-err><![CDATA[]]></system-err>
      </testcase>
      <testcase name="Test Cases/3. get token - feedback insurance" time="1.124" classname="Test Cases/3. get token - feedback insurance" status="PASSED">
         <system-out><![CDATA[2022-03-29 13:28:24 - [TEST_CASE][PASSED] - Test Cases/3. get token - feedback insurance: Test Cases/3. get token - feedback insurance

2022-03-29 13:28:24 - [TEST_STEP][PASSED] - token = sendRequest(findTestObject("1. Get-Token")): Send request successfully

2022-03-29 13:28:24 - [MESSAGE][INFO] - HAR: I:\app-testing\app-project\Order car insurance\order-car-insurance\Reports\20220329_124138\3. Get feedback insurance - Batch 1\20220329_124139\requests\main\664.har

2022-03-29 13:28:24 - [MESSAGE][PASSED] - Send request successfully

2022-03-29 13:28:24 - [TEST_STEP][PASSED] - slurper = new groovy.json.JsonSlurper(): null

2022-03-29 13:28:24 - [TEST_STEP][PASSED] - get_token = slurper.parseText(token.getResponseBodyContent()): null

2022-03-29 13:28:24 - [TEST_STEP][PASSED] - private_token = access_token: null

2022-03-29 13:28:24 - [TEST_STEP][PASSED] - global_token = private_token: null

2022-03-29 13:28:24 - [TEST_STEP][PASSED] - println("token is :" + global_token): null

2022-03-29 13:28:24 - [TEST_STEP][PASSED] - response_token = token.getResponseText(): null

2022-03-29 13:28:24 - [TEST_STEP][PASSED] - logInfo($response_token): {"fault":{"faultstring":"Access Denied for client ip : 8.29.105.53","detail":{"errorcode":"accesscontrol.IPDeniedAccess"}}}

2022-03-29 13:28:24 - [MESSAGE][INFO] - {"fault":{"faultstring":"Access Denied for client ip : 8.29.105.53","detail":{"errorcode":"accesscontrol.IPDeniedAccess"}}}

2022-03-29 13:28:24 - [TEST_STEP][PASSED] - feedback = sendRequest(findTestObject("4. Feedback-ins", ["s_key":global_token, "batchid":batchid, "norek":norek, "nopin":nopin, "custname":custname, "pemohon":pemohon, "branchid":branchid, ... ])): Send request successfully

2022-03-29 13:28:25 - [MESSAGE][INFO] - HAR: I:\app-testing\app-project\Order car insurance\order-car-insurance\Reports\20220329_124138\3. Get feedback insurance - Batch 1\20220329_124139\requests\main\665.har

2022-03-29 13:28:25 - [MESSAGE][PASSED] - Send request successfully

2022-03-29 13:28:25 - [TEST_STEP][PASSED] - response_feedback = feedback.getResponseText(): null

2022-03-29 13:28:25 - [TEST_STEP][PASSED] - markPassed("result feedback data : " + no + " norek : " + norek + " nopin : " + nopin): result feedback data : 379 norek : 9570010593 nopin : 001

2022-03-29 13:28:25 - [MESSAGE][PASSED] - result feedback data : 379 norek : 9570010593 nopin : 001

2022-03-29 13:28:25 - [TEST_STEP][PASSED] - logInfo($response_feedback): {
  "FeedbackCarInsuranceResponse" : {
    "errorCode" : "00",
    "errorMessage" : "Sukses"
  }
}

2022-03-29 13:28:25 - [MESSAGE][INFO] - {
  "FeedbackCarInsuranceResponse" : {
    "errorCode" : "00",
    "errorMessage" : "Sukses"
  }
}

2022-03-29 13:28:25 - [TEST_STEP][PASSED] - verifyElementPropertyValue(feedback, "FeedbackCarInsuranceResponse.errorMessage", "Sukses", CONTINUE_ON_FAILURE): Verify element property value successfully

2022-03-29 13:28:25 - [MESSAGE][PASSED] - Verify element property value successfully]]></system-out>
         <system-err><![CDATA[]]></system-err>
      </testcase>
      <testcase name="Test Cases/3. get token - feedback insurance" time="1.06" classname="Test Cases/3. get token - feedback insurance" status="PASSED">
         <system-out><![CDATA[2022-03-29 13:28:26 - [TEST_CASE][PASSED] - Test Cases/3. get token - feedback insurance: Test Cases/3. get token - feedback insurance

2022-03-29 13:28:26 - [TEST_STEP][PASSED] - token = sendRequest(findTestObject("1. Get-Token")): Send request successfully

2022-03-29 13:28:26 - [MESSAGE][INFO] - HAR: I:\app-testing\app-project\Order car insurance\order-car-insurance\Reports\20220329_124138\3. Get feedback insurance - Batch 1\20220329_124139\requests\main\666.har

2022-03-29 13:28:26 - [MESSAGE][PASSED] - Send request successfully

2022-03-29 13:28:26 - [TEST_STEP][PASSED] - slurper = new groovy.json.JsonSlurper(): null

2022-03-29 13:28:26 - [TEST_STEP][PASSED] - get_token = slurper.parseText(token.getResponseBodyContent()): null

2022-03-29 13:28:26 - [TEST_STEP][PASSED] - private_token = access_token: null

2022-03-29 13:28:26 - [TEST_STEP][PASSED] - global_token = private_token: null

2022-03-29 13:28:26 - [TEST_STEP][PASSED] - println("token is :" + global_token): null

2022-03-29 13:28:26 - [TEST_STEP][PASSED] - response_token = token.getResponseText(): null

2022-03-29 13:28:26 - [TEST_STEP][PASSED] - logInfo($response_token): {"fault":{"faultstring":"Access Denied for client ip : 8.29.105.53","detail":{"errorcode":"accesscontrol.IPDeniedAccess"}}}

2022-03-29 13:28:26 - [MESSAGE][INFO] - {"fault":{"faultstring":"Access Denied for client ip : 8.29.105.53","detail":{"errorcode":"accesscontrol.IPDeniedAccess"}}}

2022-03-29 13:28:26 - [TEST_STEP][PASSED] - feedback = sendRequest(findTestObject("4. Feedback-ins", ["s_key":global_token, "batchid":batchid, "norek":norek, "nopin":nopin, "custname":custname, "pemohon":pemohon, "branchid":branchid, ... ])): Send request successfully

2022-03-29 13:28:27 - [MESSAGE][INFO] - HAR: I:\app-testing\app-project\Order car insurance\order-car-insurance\Reports\20220329_124138\3. Get feedback insurance - Batch 1\20220329_124139\requests\main\667.har

2022-03-29 13:28:27 - [MESSAGE][PASSED] - Send request successfully

2022-03-29 13:28:27 - [TEST_STEP][PASSED] - response_feedback = feedback.getResponseText(): null

2022-03-29 13:28:27 - [TEST_STEP][PASSED] - markPassed("result feedback data : " + no + " norek : " + norek + " nopin : " + nopin): result feedback data : 380 norek : 9570010593 nopin : 001

2022-03-29 13:28:27 - [MESSAGE][PASSED] - result feedback data : 380 norek : 9570010593 nopin : 001

2022-03-29 13:28:27 - [TEST_STEP][PASSED] - logInfo($response_feedback): {
  "FeedbackCarInsuranceResponse" : {
    "errorCode" : "00",
    "errorMessage" : "Sukses"
  }
}

2022-03-29 13:28:27 - [MESSAGE][INFO] - {
  "FeedbackCarInsuranceResponse" : {
    "errorCode" : "00",
    "errorMessage" : "Sukses"
  }
}

2022-03-29 13:28:27 - [TEST_STEP][PASSED] - verifyElementPropertyValue(feedback, "FeedbackCarInsuranceResponse.errorMessage", "Sukses", CONTINUE_ON_FAILURE): Verify element property value successfully

2022-03-29 13:28:27 - [MESSAGE][PASSED] - Verify element property value successfully]]></system-out>
         <system-err><![CDATA[]]></system-err>
      </testcase>
      <testcase name="Test Cases/3. get token - feedback insurance" time="2.756" classname="Test Cases/3. get token - feedback insurance" status="PASSED">
         <system-out><![CDATA[2022-03-29 13:28:27 - [TEST_CASE][PASSED] - Test Cases/3. get token - feedback insurance: Test Cases/3. get token - feedback insurance

2022-03-29 13:28:27 - [TEST_STEP][PASSED] - token = sendRequest(findTestObject("1. Get-Token")): Send request successfully

2022-03-29 13:28:27 - [MESSAGE][INFO] - HAR: I:\app-testing\app-project\Order car insurance\order-car-insurance\Reports\20220329_124138\3. Get feedback insurance - Batch 1\20220329_124139\requests\main\668.har

2022-03-29 13:28:27 - [MESSAGE][PASSED] - Send request successfully

2022-03-29 13:28:27 - [TEST_STEP][PASSED] - slurper = new groovy.json.JsonSlurper(): null

2022-03-29 13:28:27 - [TEST_STEP][PASSED] - get_token = slurper.parseText(token.getResponseBodyContent()): null

2022-03-29 13:28:27 - [TEST_STEP][PASSED] - private_token = access_token: null

2022-03-29 13:28:27 - [TEST_STEP][PASSED] - global_token = private_token: null

2022-03-29 13:28:27 - [TEST_STEP][PASSED] - println("token is :" + global_token): null

2022-03-29 13:28:27 - [TEST_STEP][PASSED] - response_token = token.getResponseText(): null

2022-03-29 13:28:27 - [TEST_STEP][PASSED] - logInfo($response_token): {"fault":{"faultstring":"Access Denied for client ip : 8.29.105.53","detail":{"errorcode":"accesscontrol.IPDeniedAccess"}}}

2022-03-29 13:28:27 - [MESSAGE][INFO] - {"fault":{"faultstring":"Access Denied for client ip : 8.29.105.53","detail":{"errorcode":"accesscontrol.IPDeniedAccess"}}}

2022-03-29 13:28:27 - [TEST_STEP][PASSED] - feedback = sendRequest(findTestObject("4. Feedback-ins", ["s_key":global_token, "batchid":batchid, "norek":norek, "nopin":nopin, "custname":custname, "pemohon":pemohon, "branchid":branchid, ... ])): Send request successfully

2022-03-29 13:28:30 - [MESSAGE][INFO] - HAR: I:\app-testing\app-project\Order car insurance\order-car-insurance\Reports\20220329_124138\3. Get feedback insurance - Batch 1\20220329_124139\requests\main\669.har

2022-03-29 13:28:30 - [MESSAGE][PASSED] - Send request successfully

2022-03-29 13:28:30 - [TEST_STEP][PASSED] - response_feedback = feedback.getResponseText(): null

2022-03-29 13:28:30 - [TEST_STEP][PASSED] - markPassed("result feedback data : " + no + " norek : " + norek + " nopin : " + nopin): result feedback data : 381 norek : 9570010593 nopin : 001

2022-03-29 13:28:30 - [MESSAGE][PASSED] - result feedback data : 381 norek : 9570010593 nopin : 001

2022-03-29 13:28:30 - [TEST_STEP][PASSED] - logInfo($response_feedback): {
  "FeedbackCarInsuranceResponse" : {
    "errorCode" : "00",
    "errorMessage" : "Sukses"
  }
}

2022-03-29 13:28:30 - [MESSAGE][INFO] - {
  "FeedbackCarInsuranceResponse" : {
    "errorCode" : "00",
    "errorMessage" : "Sukses"
  }
}

2022-03-29 13:28:30 - [TEST_STEP][PASSED] - verifyElementPropertyValue(feedback, "FeedbackCarInsuranceResponse.errorMessage", "Sukses", CONTINUE_ON_FAILURE): Verify element property value successfully

2022-03-29 13:28:30 - [MESSAGE][PASSED] - Verify element property value successfully]]></system-out>
         <system-err><![CDATA[]]></system-err>
      </testcase>
      <testcase name="Test Cases/3. get token - feedback insurance" time="1.985" classname="Test Cases/3. get token - feedback insurance" status="PASSED">
         <system-out><![CDATA[2022-03-29 13:28:30 - [TEST_CASE][PASSED] - Test Cases/3. get token - feedback insurance: Test Cases/3. get token - feedback insurance

2022-03-29 13:28:30 - [TEST_STEP][PASSED] - token = sendRequest(findTestObject("1. Get-Token")): Send request successfully

2022-03-29 13:28:30 - [MESSAGE][INFO] - HAR: I:\app-testing\app-project\Order car insurance\order-car-insurance\Reports\20220329_124138\3. Get feedback insurance - Batch 1\20220329_124139\requests\main\670.har

2022-03-29 13:28:30 - [MESSAGE][PASSED] - Send request successfully

2022-03-29 13:28:30 - [TEST_STEP][PASSED] - slurper = new groovy.json.JsonSlurper(): null

2022-03-29 13:28:30 - [TEST_STEP][PASSED] - get_token = slurper.parseText(token.getResponseBodyContent()): null

2022-03-29 13:28:30 - [TEST_STEP][PASSED] - private_token = access_token: null

2022-03-29 13:28:30 - [TEST_STEP][PASSED] - global_token = private_token: null

2022-03-29 13:28:30 - [TEST_STEP][PASSED] - println("token is :" + global_token): null

2022-03-29 13:28:30 - [TEST_STEP][PASSED] - response_token = token.getResponseText(): null

2022-03-29 13:28:30 - [TEST_STEP][PASSED] - logInfo($response_token): {"fault":{"faultstring":"Access Denied for client ip : 8.29.105.53","detail":{"errorcode":"accesscontrol.IPDeniedAccess"}}}

2022-03-29 13:28:30 - [MESSAGE][INFO] - {"fault":{"faultstring":"Access Denied for client ip : 8.29.105.53","detail":{"errorcode":"accesscontrol.IPDeniedAccess"}}}

2022-03-29 13:28:30 - [TEST_STEP][PASSED] - feedback = sendRequest(findTestObject("4. Feedback-ins", ["s_key":global_token, "batchid":batchid, "norek":norek, "nopin":nopin, "custname":custname, "pemohon":pemohon, "branchid":branchid, ... ])): Send request successfully

2022-03-29 13:28:32 - [MESSAGE][INFO] - HAR: I:\app-testing\app-project\Order car insurance\order-car-insurance\Reports\20220329_124138\3. Get feedback insurance - Batch 1\20220329_124139\requests\main\671.har

2022-03-29 13:28:32 - [MESSAGE][PASSED] - Send request successfully

2022-03-29 13:28:32 - [TEST_STEP][PASSED] - response_feedback = feedback.getResponseText(): null

2022-03-29 13:28:32 - [TEST_STEP][PASSED] - markPassed("result feedback data : " + no + " norek : " + norek + " nopin : " + nopin): result feedback data : 382 norek : 9570010593 nopin : 001

2022-03-29 13:28:32 - [MESSAGE][PASSED] - result feedback data : 382 norek : 9570010593 nopin : 001

2022-03-29 13:28:32 - [TEST_STEP][PASSED] - logInfo($response_feedback): {
  "FeedbackCarInsuranceResponse" : {
    "errorCode" : "00",
    "errorMessage" : "Sukses"
  }
}

2022-03-29 13:28:32 - [MESSAGE][INFO] - {
  "FeedbackCarInsuranceResponse" : {
    "errorCode" : "00",
    "errorMessage" : "Sukses"
  }
}

2022-03-29 13:28:32 - [TEST_STEP][PASSED] - verifyElementPropertyValue(feedback, "FeedbackCarInsuranceResponse.errorMessage", "Sukses", CONTINUE_ON_FAILURE): Verify element property value successfully

2022-03-29 13:28:32 - [MESSAGE][PASSED] - Verify element property value successfully]]></system-out>
         <system-err><![CDATA[]]></system-err>
      </testcase>
      <testcase name="Test Cases/3. get token - feedback insurance" time="1.236" classname="Test Cases/3. get token - feedback insurance" status="PASSED">
         <system-out><![CDATA[2022-03-29 13:28:33 - [TEST_CASE][PASSED] - Test Cases/3. get token - feedback insurance: Test Cases/3. get token - feedback insurance

2022-03-29 13:28:33 - [TEST_STEP][PASSED] - token = sendRequest(findTestObject("1. Get-Token")): Send request successfully

2022-03-29 13:28:33 - [MESSAGE][INFO] - HAR: I:\app-testing\app-project\Order car insurance\order-car-insurance\Reports\20220329_124138\3. Get feedback insurance - Batch 1\20220329_124139\requests\main\672.har

2022-03-29 13:28:33 - [MESSAGE][PASSED] - Send request successfully

2022-03-29 13:28:33 - [TEST_STEP][PASSED] - slurper = new groovy.json.JsonSlurper(): null

2022-03-29 13:28:33 - [TEST_STEP][PASSED] - get_token = slurper.parseText(token.getResponseBodyContent()): null

2022-03-29 13:28:33 - [TEST_STEP][PASSED] - private_token = access_token: null

2022-03-29 13:28:33 - [TEST_STEP][PASSED] - global_token = private_token: null

2022-03-29 13:28:33 - [TEST_STEP][PASSED] - println("token is :" + global_token): null

2022-03-29 13:28:33 - [TEST_STEP][PASSED] - response_token = token.getResponseText(): null

2022-03-29 13:28:33 - [TEST_STEP][PASSED] - logInfo($response_token): {"fault":{"faultstring":"Access Denied for client ip : 8.29.105.53","detail":{"errorcode":"accesscontrol.IPDeniedAccess"}}}

2022-03-29 13:28:33 - [MESSAGE][INFO] - {"fault":{"faultstring":"Access Denied for client ip : 8.29.105.53","detail":{"errorcode":"accesscontrol.IPDeniedAccess"}}}

2022-03-29 13:28:33 - [TEST_STEP][PASSED] - feedback = sendRequest(findTestObject("4. Feedback-ins", ["s_key":global_token, "batchid":batchid, "norek":norek, "nopin":nopin, "custname":custname, "pemohon":pemohon, "branchid":branchid, ... ])): Send request successfully

2022-03-29 13:28:34 - [MESSAGE][INFO] - HAR: I:\app-testing\app-project\Order car insurance\order-car-insurance\Reports\20220329_124138\3. Get feedback insurance - Batch 1\20220329_124139\requests\main\673.har

2022-03-29 13:28:34 - [MESSAGE][PASSED] - Send request successfully

2022-03-29 13:28:34 - [TEST_STEP][PASSED] - response_feedback = feedback.getResponseText(): null

2022-03-29 13:28:34 - [TEST_STEP][PASSED] - markPassed("result feedback data : " + no + " norek : " + norek + " nopin : " + nopin): result feedback data : 383 norek : 9570010599 nopin : 001

2022-03-29 13:28:34 - [MESSAGE][PASSED] - result feedback data : 383 norek : 9570010599 nopin : 001

2022-03-29 13:28:34 - [TEST_STEP][PASSED] - logInfo($response_feedback): {
  "FeedbackCarInsuranceResponse" : {
    "errorCode" : "00",
    "errorMessage" : "Sukses"
  }
}

2022-03-29 13:28:34 - [MESSAGE][INFO] - {
  "FeedbackCarInsuranceResponse" : {
    "errorCode" : "00",
    "errorMessage" : "Sukses"
  }
}

2022-03-29 13:28:34 - [TEST_STEP][PASSED] - verifyElementPropertyValue(feedback, "FeedbackCarInsuranceResponse.errorMessage", "Sukses", CONTINUE_ON_FAILURE): Verify element property value successfully

2022-03-29 13:28:34 - [MESSAGE][PASSED] - Verify element property value successfully]]></system-out>
         <system-err><![CDATA[]]></system-err>
      </testcase>
      <testcase name="Test Cases/3. get token - feedback insurance" time="1.095" classname="Test Cases/3. get token - feedback insurance" status="PASSED">
         <system-out><![CDATA[2022-03-29 13:28:34 - [TEST_CASE][PASSED] - Test Cases/3. get token - feedback insurance: Test Cases/3. get token - feedback insurance

2022-03-29 13:28:34 - [TEST_STEP][PASSED] - token = sendRequest(findTestObject("1. Get-Token")): Send request successfully

2022-03-29 13:28:35 - [MESSAGE][INFO] - HAR: I:\app-testing\app-project\Order car insurance\order-car-insurance\Reports\20220329_124138\3. Get feedback insurance - Batch 1\20220329_124139\requests\main\674.har

2022-03-29 13:28:35 - [MESSAGE][PASSED] - Send request successfully

2022-03-29 13:28:35 - [TEST_STEP][PASSED] - slurper = new groovy.json.JsonSlurper(): null

2022-03-29 13:28:35 - [TEST_STEP][PASSED] - get_token = slurper.parseText(token.getResponseBodyContent()): null

2022-03-29 13:28:35 - [TEST_STEP][PASSED] - private_token = access_token: null

2022-03-29 13:28:35 - [TEST_STEP][PASSED] - global_token = private_token: null

2022-03-29 13:28:35 - [TEST_STEP][PASSED] - println("token is :" + global_token): null

2022-03-29 13:28:35 - [TEST_STEP][PASSED] - response_token = token.getResponseText(): null

2022-03-29 13:28:35 - [TEST_STEP][PASSED] - logInfo($response_token): {"fault":{"faultstring":"Access Denied for client ip : 8.29.105.53","detail":{"errorcode":"accesscontrol.IPDeniedAccess"}}}

2022-03-29 13:28:35 - [MESSAGE][INFO] - {"fault":{"faultstring":"Access Denied for client ip : 8.29.105.53","detail":{"errorcode":"accesscontrol.IPDeniedAccess"}}}

2022-03-29 13:28:35 - [TEST_STEP][PASSED] - feedback = sendRequest(findTestObject("4. Feedback-ins", ["s_key":global_token, "batchid":batchid, "norek":norek, "nopin":nopin, "custname":custname, "pemohon":pemohon, "branchid":branchid, ... ])): Send request successfully

2022-03-29 13:28:35 - [MESSAGE][INFO] - HAR: I:\app-testing\app-project\Order car insurance\order-car-insurance\Reports\20220329_124138\3. Get feedback insurance - Batch 1\20220329_124139\requests\main\675.har

2022-03-29 13:28:35 - [MESSAGE][PASSED] - Send request successfully

2022-03-29 13:28:35 - [TEST_STEP][PASSED] - response_feedback = feedback.getResponseText(): null

2022-03-29 13:28:35 - [TEST_STEP][PASSED] - markPassed("result feedback data : " + no + " norek : " + norek + " nopin : " + nopin): result feedback data : 384 norek : 9570010599 nopin : 001

2022-03-29 13:28:35 - [MESSAGE][PASSED] - result feedback data : 384 norek : 9570010599 nopin : 001

2022-03-29 13:28:35 - [TEST_STEP][PASSED] - logInfo($response_feedback): {
  "FeedbackCarInsuranceResponse" : {
    "errorCode" : "00",
    "errorMessage" : "Sukses"
  }
}

2022-03-29 13:28:35 - [MESSAGE][INFO] - {
  "FeedbackCarInsuranceResponse" : {
    "errorCode" : "00",
    "errorMessage" : "Sukses"
  }
}

2022-03-29 13:28:35 - [TEST_STEP][PASSED] - verifyElementPropertyValue(feedback, "FeedbackCarInsuranceResponse.errorMessage", "Sukses", CONTINUE_ON_FAILURE): Verify element property value successfully

2022-03-29 13:28:35 - [MESSAGE][PASSED] - Verify element property value successfully]]></system-out>
         <system-err><![CDATA[]]></system-err>
      </testcase>
      <testcase name="Test Cases/3. get token - feedback insurance" time="1.155" classname="Test Cases/3. get token - feedback insurance" status="PASSED">
         <system-out><![CDATA[2022-03-29 13:28:36 - [TEST_CASE][PASSED] - Test Cases/3. get token - feedback insurance: Test Cases/3. get token - feedback insurance

2022-03-29 13:28:36 - [TEST_STEP][PASSED] - token = sendRequest(findTestObject("1. Get-Token")): Send request successfully

2022-03-29 13:28:36 - [MESSAGE][INFO] - HAR: I:\app-testing\app-project\Order car insurance\order-car-insurance\Reports\20220329_124138\3. Get feedback insurance - Batch 1\20220329_124139\requests\main\676.har

2022-03-29 13:28:36 - [MESSAGE][PASSED] - Send request successfully

2022-03-29 13:28:36 - [TEST_STEP][PASSED] - slurper = new groovy.json.JsonSlurper(): null

2022-03-29 13:28:36 - [TEST_STEP][PASSED] - get_token = slurper.parseText(token.getResponseBodyContent()): null

2022-03-29 13:28:36 - [TEST_STEP][PASSED] - private_token = access_token: null

2022-03-29 13:28:36 - [TEST_STEP][PASSED] - global_token = private_token: null

2022-03-29 13:28:36 - [TEST_STEP][PASSED] - println("token is :" + global_token): null

2022-03-29 13:28:36 - [TEST_STEP][PASSED] - response_token = token.getResponseText(): null

2022-03-29 13:28:36 - [TEST_STEP][PASSED] - logInfo($response_token): {"fault":{"faultstring":"Access Denied for client ip : 8.29.105.53","detail":{"errorcode":"accesscontrol.IPDeniedAccess"}}}

2022-03-29 13:28:36 - [MESSAGE][INFO] - {"fault":{"faultstring":"Access Denied for client ip : 8.29.105.53","detail":{"errorcode":"accesscontrol.IPDeniedAccess"}}}

2022-03-29 13:28:36 - [TEST_STEP][PASSED] - feedback = sendRequest(findTestObject("4. Feedback-ins", ["s_key":global_token, "batchid":batchid, "norek":norek, "nopin":nopin, "custname":custname, "pemohon":pemohon, "branchid":branchid, ... ])): Send request successfully

2022-03-29 13:28:37 - [MESSAGE][INFO] - HAR: I:\app-testing\app-project\Order car insurance\order-car-insurance\Reports\20220329_124138\3. Get feedback insurance - Batch 1\20220329_124139\requests\main\677.har

2022-03-29 13:28:37 - [MESSAGE][PASSED] - Send request successfully

2022-03-29 13:28:37 - [TEST_STEP][PASSED] - response_feedback = feedback.getResponseText(): null

2022-03-29 13:28:37 - [TEST_STEP][PASSED] - markPassed("result feedback data : " + no + " norek : " + norek + " nopin : " + nopin): result feedback data : 385 norek : 9570010599 nopin : 001

2022-03-29 13:28:37 - [MESSAGE][PASSED] - result feedback data : 385 norek : 9570010599 nopin : 001

2022-03-29 13:28:37 - [TEST_STEP][PASSED] - logInfo($response_feedback): {
  "FeedbackCarInsuranceResponse" : {
    "errorCode" : "00",
    "errorMessage" : "Sukses"
  }
}

2022-03-29 13:28:37 - [MESSAGE][INFO] - {
  "FeedbackCarInsuranceResponse" : {
    "errorCode" : "00",
    "errorMessage" : "Sukses"
  }
}

2022-03-29 13:28:37 - [TEST_STEP][PASSED] - verifyElementPropertyValue(feedback, "FeedbackCarInsuranceResponse.errorMessage", "Sukses", CONTINUE_ON_FAILURE): Verify element property value successfully

2022-03-29 13:28:37 - [MESSAGE][PASSED] - Verify element property value successfully]]></system-out>
         <system-err><![CDATA[]]></system-err>
      </testcase>
      <testcase name="Test Cases/3. get token - feedback insurance" time="1.107" classname="Test Cases/3. get token - feedback insurance" status="PASSED">
         <system-out><![CDATA[2022-03-29 13:28:37 - [TEST_CASE][PASSED] - Test Cases/3. get token - feedback insurance: Test Cases/3. get token - feedback insurance

2022-03-29 13:28:37 - [TEST_STEP][PASSED] - token = sendRequest(findTestObject("1. Get-Token")): Send request successfully

2022-03-29 13:28:38 - [MESSAGE][INFO] - HAR: I:\app-testing\app-project\Order car insurance\order-car-insurance\Reports\20220329_124138\3. Get feedback insurance - Batch 1\20220329_124139\requests\main\678.har

2022-03-29 13:28:38 - [MESSAGE][PASSED] - Send request successfully

2022-03-29 13:28:38 - [TEST_STEP][PASSED] - slurper = new groovy.json.JsonSlurper(): null

2022-03-29 13:28:38 - [TEST_STEP][PASSED] - get_token = slurper.parseText(token.getResponseBodyContent()): null

2022-03-29 13:28:38 - [TEST_STEP][PASSED] - private_token = access_token: null

2022-03-29 13:28:38 - [TEST_STEP][PASSED] - global_token = private_token: null

2022-03-29 13:28:38 - [TEST_STEP][PASSED] - println("token is :" + global_token): null

2022-03-29 13:28:38 - [TEST_STEP][PASSED] - response_token = token.getResponseText(): null

2022-03-29 13:28:38 - [TEST_STEP][PASSED] - logInfo($response_token): {"fault":{"faultstring":"Access Denied for client ip : 8.29.105.53","detail":{"errorcode":"accesscontrol.IPDeniedAccess"}}}

2022-03-29 13:28:38 - [MESSAGE][INFO] - {"fault":{"faultstring":"Access Denied for client ip : 8.29.105.53","detail":{"errorcode":"accesscontrol.IPDeniedAccess"}}}

2022-03-29 13:28:38 - [TEST_STEP][PASSED] - feedback = sendRequest(findTestObject("4. Feedback-ins", ["s_key":global_token, "batchid":batchid, "norek":norek, "nopin":nopin, "custname":custname, "pemohon":pemohon, "branchid":branchid, ... ])): Send request successfully

2022-03-29 13:28:38 - [MESSAGE][INFO] - HAR: I:\app-testing\app-project\Order car insurance\order-car-insurance\Reports\20220329_124138\3. Get feedback insurance - Batch 1\20220329_124139\requests\main\679.har

2022-03-29 13:28:38 - [MESSAGE][PASSED] - Send request successfully

2022-03-29 13:28:38 - [TEST_STEP][PASSED] - response_feedback = feedback.getResponseText(): null

2022-03-29 13:28:38 - [TEST_STEP][PASSED] - markPassed("result feedback data : " + no + " norek : " + norek + " nopin : " + nopin): result feedback data : 386 norek : 9570010599 nopin : 001

2022-03-29 13:28:38 - [MESSAGE][PASSED] - result feedback data : 386 norek : 9570010599 nopin : 001

2022-03-29 13:28:38 - [TEST_STEP][PASSED] - logInfo($response_feedback): {
  "FeedbackCarInsuranceResponse" : {
    "errorCode" : "00",
    "errorMessage" : "Sukses"
  }
}

2022-03-29 13:28:38 - [MESSAGE][INFO] - {
  "FeedbackCarInsuranceResponse" : {
    "errorCode" : "00",
    "errorMessage" : "Sukses"
  }
}

2022-03-29 13:28:38 - [TEST_STEP][PASSED] - verifyElementPropertyValue(feedback, "FeedbackCarInsuranceResponse.errorMessage", "Sukses", CONTINUE_ON_FAILURE): Verify element property value successfully

2022-03-29 13:28:38 - [MESSAGE][PASSED] - Verify element property value successfully]]></system-out>
         <system-err><![CDATA[]]></system-err>
      </testcase>
      <testcase name="Test Cases/3. get token - feedback insurance" time="1.056" classname="Test Cases/3. get token - feedback insurance" status="PASSED">
         <system-out><![CDATA[2022-03-29 13:28:39 - [TEST_CASE][PASSED] - Test Cases/3. get token - feedback insurance: Test Cases/3. get token - feedback insurance

2022-03-29 13:28:39 - [TEST_STEP][PASSED] - token = sendRequest(findTestObject("1. Get-Token")): Send request successfully

2022-03-29 13:28:39 - [MESSAGE][INFO] - HAR: I:\app-testing\app-project\Order car insurance\order-car-insurance\Reports\20220329_124138\3. Get feedback insurance - Batch 1\20220329_124139\requests\main\680.har

2022-03-29 13:28:39 - [MESSAGE][PASSED] - Send request successfully

2022-03-29 13:28:39 - [TEST_STEP][PASSED] - slurper = new groovy.json.JsonSlurper(): null

2022-03-29 13:28:39 - [TEST_STEP][PASSED] - get_token = slurper.parseText(token.getResponseBodyContent()): null

2022-03-29 13:28:39 - [TEST_STEP][PASSED] - private_token = access_token: null

2022-03-29 13:28:39 - [TEST_STEP][PASSED] - global_token = private_token: null

2022-03-29 13:28:39 - [TEST_STEP][PASSED] - println("token is :" + global_token): null

2022-03-29 13:28:39 - [TEST_STEP][PASSED] - response_token = token.getResponseText(): null

2022-03-29 13:28:39 - [TEST_STEP][PASSED] - logInfo($response_token): {"fault":{"faultstring":"Access Denied for client ip : 8.29.105.53","detail":{"errorcode":"accesscontrol.IPDeniedAccess"}}}

2022-03-29 13:28:39 - [MESSAGE][INFO] - {"fault":{"faultstring":"Access Denied for client ip : 8.29.105.53","detail":{"errorcode":"accesscontrol.IPDeniedAccess"}}}

2022-03-29 13:28:39 - [TEST_STEP][PASSED] - feedback = sendRequest(findTestObject("4. Feedback-ins", ["s_key":global_token, "batchid":batchid, "norek":norek, "nopin":nopin, "custname":custname, "pemohon":pemohon, "branchid":branchid, ... ])): Send request successfully

2022-03-29 13:28:40 - [MESSAGE][INFO] - HAR: I:\app-testing\app-project\Order car insurance\order-car-insurance\Reports\20220329_124138\3. Get feedback insurance - Batch 1\20220329_124139\requests\main\681.har

2022-03-29 13:28:40 - [MESSAGE][PASSED] - Send request successfully

2022-03-29 13:28:40 - [TEST_STEP][PASSED] - response_feedback = feedback.getResponseText(): null

2022-03-29 13:28:40 - [TEST_STEP][PASSED] - markPassed("result feedback data : " + no + " norek : " + norek + " nopin : " + nopin): result feedback data : 387 norek : 9570010599 nopin : 001

2022-03-29 13:28:40 - [MESSAGE][PASSED] - result feedback data : 387 norek : 9570010599 nopin : 001

2022-03-29 13:28:40 - [TEST_STEP][PASSED] - logInfo($response_feedback): {
  "FeedbackCarInsuranceResponse" : {
    "errorCode" : "00",
    "errorMessage" : "Sukses"
  }
}

2022-03-29 13:28:40 - [MESSAGE][INFO] - {
  "FeedbackCarInsuranceResponse" : {
    "errorCode" : "00",
    "errorMessage" : "Sukses"
  }
}

2022-03-29 13:28:40 - [TEST_STEP][PASSED] - verifyElementPropertyValue(feedback, "FeedbackCarInsuranceResponse.errorMessage", "Sukses", CONTINUE_ON_FAILURE): Verify element property value successfully

2022-03-29 13:28:40 - [MESSAGE][PASSED] - Verify element property value successfully]]></system-out>
         <system-err><![CDATA[]]></system-err>
      </testcase>
      <testcase name="Test Cases/3. get token - feedback insurance" time="1.09" classname="Test Cases/3. get token - feedback insurance" status="PASSED">
         <system-out><![CDATA[2022-03-29 13:28:40 - [TEST_CASE][PASSED] - Test Cases/3. get token - feedback insurance: Test Cases/3. get token - feedback insurance

2022-03-29 13:28:40 - [TEST_STEP][PASSED] - token = sendRequest(findTestObject("1. Get-Token")): Send request successfully

2022-03-29 13:28:41 - [MESSAGE][INFO] - HAR: I:\app-testing\app-project\Order car insurance\order-car-insurance\Reports\20220329_124138\3. Get feedback insurance - Batch 1\20220329_124139\requests\main\682.har

2022-03-29 13:28:41 - [MESSAGE][PASSED] - Send request successfully

2022-03-29 13:28:41 - [TEST_STEP][PASSED] - slurper = new groovy.json.JsonSlurper(): null

2022-03-29 13:28:41 - [TEST_STEP][PASSED] - get_token = slurper.parseText(token.getResponseBodyContent()): null

2022-03-29 13:28:41 - [TEST_STEP][PASSED] - private_token = access_token: null

2022-03-29 13:28:41 - [TEST_STEP][PASSED] - global_token = private_token: null

2022-03-29 13:28:41 - [TEST_STEP][PASSED] - println("token is :" + global_token): null

2022-03-29 13:28:41 - [TEST_STEP][PASSED] - response_token = token.getResponseText(): null

2022-03-29 13:28:41 - [TEST_STEP][PASSED] - logInfo($response_token): {"fault":{"faultstring":"Access Denied for client ip : 8.29.105.53","detail":{"errorcode":"accesscontrol.IPDeniedAccess"}}}

2022-03-29 13:28:41 - [MESSAGE][INFO] - {"fault":{"faultstring":"Access Denied for client ip : 8.29.105.53","detail":{"errorcode":"accesscontrol.IPDeniedAccess"}}}

2022-03-29 13:28:41 - [TEST_STEP][PASSED] - feedback = sendRequest(findTestObject("4. Feedback-ins", ["s_key":global_token, "batchid":batchid, "norek":norek, "nopin":nopin, "custname":custname, "pemohon":pemohon, "branchid":branchid, ... ])): Send request successfully

2022-03-29 13:28:41 - [MESSAGE][INFO] - HAR: I:\app-testing\app-project\Order car insurance\order-car-insurance\Reports\20220329_124138\3. Get feedback insurance - Batch 1\20220329_124139\requests\main\683.har

2022-03-29 13:28:41 - [MESSAGE][PASSED] - Send request successfully

2022-03-29 13:28:41 - [TEST_STEP][PASSED] - response_feedback = feedback.getResponseText(): null

2022-03-29 13:28:41 - [TEST_STEP][PASSED] - markPassed("result feedback data : " + no + " norek : " + norek + " nopin : " + nopin): result feedback data : 388 norek : 9570010599 nopin : 001

2022-03-29 13:28:41 - [MESSAGE][PASSED] - result feedback data : 388 norek : 9570010599 nopin : 001

2022-03-29 13:28:41 - [TEST_STEP][PASSED] - logInfo($response_feedback): {
  "FeedbackCarInsuranceResponse" : {
    "errorCode" : "00",
    "errorMessage" : "Sukses"
  }
}

2022-03-29 13:28:41 - [MESSAGE][INFO] - {
  "FeedbackCarInsuranceResponse" : {
    "errorCode" : "00",
    "errorMessage" : "Sukses"
  }
}

2022-03-29 13:28:41 - [TEST_STEP][PASSED] - verifyElementPropertyValue(feedback, "FeedbackCarInsuranceResponse.errorMessage", "Sukses", CONTINUE_ON_FAILURE): Verify element property value successfully

2022-03-29 13:28:41 - [MESSAGE][PASSED] - Verify element property value successfully]]></system-out>
         <system-err><![CDATA[]]></system-err>
      </testcase>
      <testcase name="Test Cases/3. get token - feedback insurance" time="1.053" classname="Test Cases/3. get token - feedback insurance" status="PASSED">
         <system-out><![CDATA[2022-03-29 13:28:42 - [TEST_CASE][PASSED] - Test Cases/3. get token - feedback insurance: Test Cases/3. get token - feedback insurance

2022-03-29 13:28:42 - [TEST_STEP][PASSED] - token = sendRequest(findTestObject("1. Get-Token")): Send request successfully

2022-03-29 13:28:42 - [MESSAGE][INFO] - HAR: I:\app-testing\app-project\Order car insurance\order-car-insurance\Reports\20220329_124138\3. Get feedback insurance - Batch 1\20220329_124139\requests\main\684.har

2022-03-29 13:28:42 - [MESSAGE][PASSED] - Send request successfully

2022-03-29 13:28:42 - [TEST_STEP][PASSED] - slurper = new groovy.json.JsonSlurper(): null

2022-03-29 13:28:42 - [TEST_STEP][PASSED] - get_token = slurper.parseText(token.getResponseBodyContent()): null

2022-03-29 13:28:42 - [TEST_STEP][PASSED] - private_token = access_token: null

2022-03-29 13:28:42 - [TEST_STEP][PASSED] - global_token = private_token: null

2022-03-29 13:28:42 - [TEST_STEP][PASSED] - println("token is :" + global_token): null

2022-03-29 13:28:42 - [TEST_STEP][PASSED] - response_token = token.getResponseText(): null

2022-03-29 13:28:42 - [TEST_STEP][PASSED] - logInfo($response_token): {"fault":{"faultstring":"Access Denied for client ip : 8.29.105.53","detail":{"errorcode":"accesscontrol.IPDeniedAccess"}}}

2022-03-29 13:28:42 - [MESSAGE][INFO] - {"fault":{"faultstring":"Access Denied for client ip : 8.29.105.53","detail":{"errorcode":"accesscontrol.IPDeniedAccess"}}}

2022-03-29 13:28:42 - [TEST_STEP][PASSED] - feedback = sendRequest(findTestObject("4. Feedback-ins", ["s_key":global_token, "batchid":batchid, "norek":norek, "nopin":nopin, "custname":custname, "pemohon":pemohon, "branchid":branchid, ... ])): Send request successfully

2022-03-29 13:28:43 - [MESSAGE][INFO] - HAR: I:\app-testing\app-project\Order car insurance\order-car-insurance\Reports\20220329_124138\3. Get feedback insurance - Batch 1\20220329_124139\requests\main\685.har

2022-03-29 13:28:43 - [MESSAGE][PASSED] - Send request successfully

2022-03-29 13:28:43 - [TEST_STEP][PASSED] - response_feedback = feedback.getResponseText(): null

2022-03-29 13:28:43 - [TEST_STEP][PASSED] - markPassed("result feedback data : " + no + " norek : " + norek + " nopin : " + nopin): result feedback data : 389 norek : 9570010599 nopin : 001

2022-03-29 13:28:43 - [MESSAGE][PASSED] - result feedback data : 389 norek : 9570010599 nopin : 001

2022-03-29 13:28:43 - [TEST_STEP][PASSED] - logInfo($response_feedback): {
  "FeedbackCarInsuranceResponse" : {
    "errorCode" : "00",
    "errorMessage" : "Sukses"
  }
}

2022-03-29 13:28:43 - [MESSAGE][INFO] - {
  "FeedbackCarInsuranceResponse" : {
    "errorCode" : "00",
    "errorMessage" : "Sukses"
  }
}

2022-03-29 13:28:43 - [TEST_STEP][PASSED] - verifyElementPropertyValue(feedback, "FeedbackCarInsuranceResponse.errorMessage", "Sukses", CONTINUE_ON_FAILURE): Verify element property value successfully

2022-03-29 13:28:43 - [MESSAGE][PASSED] - Verify element property value successfully]]></system-out>
         <system-err><![CDATA[]]></system-err>
      </testcase>
      <testcase name="Test Cases/3. get token - feedback insurance" time="1.961" classname="Test Cases/3. get token - feedback insurance" status="PASSED">
         <system-out><![CDATA[2022-03-29 13:28:43 - [TEST_CASE][PASSED] - Test Cases/3. get token - feedback insurance: Test Cases/3. get token - feedback insurance

2022-03-29 13:28:43 - [TEST_STEP][PASSED] - token = sendRequest(findTestObject("1. Get-Token")): Send request successfully

2022-03-29 13:28:43 - [MESSAGE][INFO] - HAR: I:\app-testing\app-project\Order car insurance\order-car-insurance\Reports\20220329_124138\3. Get feedback insurance - Batch 1\20220329_124139\requests\main\686.har

2022-03-29 13:28:44 - [MESSAGE][PASSED] - Send request successfully

2022-03-29 13:28:44 - [TEST_STEP][PASSED] - slurper = new groovy.json.JsonSlurper(): null

2022-03-29 13:28:44 - [TEST_STEP][PASSED] - get_token = slurper.parseText(token.getResponseBodyContent()): null

2022-03-29 13:28:44 - [TEST_STEP][PASSED] - private_token = access_token: null

2022-03-29 13:28:44 - [TEST_STEP][PASSED] - global_token = private_token: null

2022-03-29 13:28:44 - [TEST_STEP][PASSED] - println("token is :" + global_token): null

2022-03-29 13:28:44 - [TEST_STEP][PASSED] - response_token = token.getResponseText(): null

2022-03-29 13:28:44 - [TEST_STEP][PASSED] - logInfo($response_token): {"fault":{"faultstring":"Access Denied for client ip : 8.29.105.53","detail":{"errorcode":"accesscontrol.IPDeniedAccess"}}}

2022-03-29 13:28:44 - [MESSAGE][INFO] - {"fault":{"faultstring":"Access Denied for client ip : 8.29.105.53","detail":{"errorcode":"accesscontrol.IPDeniedAccess"}}}

2022-03-29 13:28:44 - [TEST_STEP][PASSED] - feedback = sendRequest(findTestObject("4. Feedback-ins", ["s_key":global_token, "batchid":batchid, "norek":norek, "nopin":nopin, "custname":custname, "pemohon":pemohon, "branchid":branchid, ... ])): Send request successfully

2022-03-29 13:28:45 - [MESSAGE][INFO] - HAR: I:\app-testing\app-project\Order car insurance\order-car-insurance\Reports\20220329_124138\3. Get feedback insurance - Batch 1\20220329_124139\requests\main\687.har

2022-03-29 13:28:45 - [MESSAGE][PASSED] - Send request successfully

2022-03-29 13:28:45 - [TEST_STEP][PASSED] - response_feedback = feedback.getResponseText(): null

2022-03-29 13:28:45 - [TEST_STEP][PASSED] - markPassed("result feedback data : " + no + " norek : " + norek + " nopin : " + nopin): result feedback data : 390 norek : 9570010599 nopin : 001

2022-03-29 13:28:45 - [MESSAGE][PASSED] - result feedback data : 390 norek : 9570010599 nopin : 001

2022-03-29 13:28:45 - [TEST_STEP][PASSED] - logInfo($response_feedback): {
  "FeedbackCarInsuranceResponse" : {
    "errorCode" : "00",
    "errorMessage" : "Sukses"
  }
}

2022-03-29 13:28:45 - [MESSAGE][INFO] - {
  "FeedbackCarInsuranceResponse" : {
    "errorCode" : "00",
    "errorMessage" : "Sukses"
  }
}

2022-03-29 13:28:45 - [TEST_STEP][PASSED] - verifyElementPropertyValue(feedback, "FeedbackCarInsuranceResponse.errorMessage", "Sukses", CONTINUE_ON_FAILURE): Verify element property value successfully

2022-03-29 13:28:45 - [MESSAGE][PASSED] - Verify element property value successfully]]></system-out>
         <system-err><![CDATA[]]></system-err>
      </testcase>
      <testcase name="Test Cases/3. get token - feedback insurance" time="2.535" classname="Test Cases/3. get token - feedback insurance" status="PASSED">
         <system-out><![CDATA[2022-03-29 13:28:46 - [TEST_CASE][PASSED] - Test Cases/3. get token - feedback insurance: Test Cases/3. get token - feedback insurance

2022-03-29 13:28:46 - [TEST_STEP][PASSED] - token = sendRequest(findTestObject("1. Get-Token")): Send request successfully

2022-03-29 13:28:46 - [MESSAGE][INFO] - HAR: I:\app-testing\app-project\Order car insurance\order-car-insurance\Reports\20220329_124138\3. Get feedback insurance - Batch 1\20220329_124139\requests\main\688.har

2022-03-29 13:28:46 - [MESSAGE][PASSED] - Send request successfully

2022-03-29 13:28:46 - [TEST_STEP][PASSED] - slurper = new groovy.json.JsonSlurper(): null

2022-03-29 13:28:46 - [TEST_STEP][PASSED] - get_token = slurper.parseText(token.getResponseBodyContent()): null

2022-03-29 13:28:46 - [TEST_STEP][PASSED] - private_token = access_token: null

2022-03-29 13:28:46 - [TEST_STEP][PASSED] - global_token = private_token: null

2022-03-29 13:28:46 - [TEST_STEP][PASSED] - println("token is :" + global_token): null

2022-03-29 13:28:46 - [TEST_STEP][PASSED] - response_token = token.getResponseText(): null

2022-03-29 13:28:46 - [TEST_STEP][PASSED] - logInfo($response_token): {"fault":{"faultstring":"Access Denied for client ip : 8.29.105.53","detail":{"errorcode":"accesscontrol.IPDeniedAccess"}}}

2022-03-29 13:28:46 - [MESSAGE][INFO] - {"fault":{"faultstring":"Access Denied for client ip : 8.29.105.53","detail":{"errorcode":"accesscontrol.IPDeniedAccess"}}}

2022-03-29 13:28:46 - [TEST_STEP][PASSED] - feedback = sendRequest(findTestObject("4. Feedback-ins", ["s_key":global_token, "batchid":batchid, "norek":norek, "nopin":nopin, "custname":custname, "pemohon":pemohon, "branchid":branchid, ... ])): Send request successfully

2022-03-29 13:28:48 - [MESSAGE][INFO] - HAR: I:\app-testing\app-project\Order car insurance\order-car-insurance\Reports\20220329_124138\3. Get feedback insurance - Batch 1\20220329_124139\requests\main\689.har

2022-03-29 13:28:48 - [MESSAGE][PASSED] - Send request successfully

2022-03-29 13:28:48 - [TEST_STEP][PASSED] - response_feedback = feedback.getResponseText(): null

2022-03-29 13:28:48 - [TEST_STEP][PASSED] - markPassed("result feedback data : " + no + " norek : " + norek + " nopin : " + nopin): result feedback data : 391 norek : 9570010599 nopin : 001

2022-03-29 13:28:48 - [MESSAGE][PASSED] - result feedback data : 391 norek : 9570010599 nopin : 001

2022-03-29 13:28:48 - [TEST_STEP][PASSED] - logInfo($response_feedback): {
  "FeedbackCarInsuranceResponse" : {
    "errorCode" : "00",
    "errorMessage" : "Sukses"
  }
}

2022-03-29 13:28:48 - [MESSAGE][INFO] - {
  "FeedbackCarInsuranceResponse" : {
    "errorCode" : "00",
    "errorMessage" : "Sukses"
  }
}

2022-03-29 13:28:48 - [TEST_STEP][PASSED] - verifyElementPropertyValue(feedback, "FeedbackCarInsuranceResponse.errorMessage", "Sukses", CONTINUE_ON_FAILURE): Verify element property value successfully

2022-03-29 13:28:48 - [MESSAGE][PASSED] - Verify element property value successfully]]></system-out>
         <system-err><![CDATA[]]></system-err>
      </testcase>
      <testcase name="Test Cases/3. get token - feedback insurance" time="2.336" classname="Test Cases/3. get token - feedback insurance" status="PASSED">
         <system-out><![CDATA[2022-03-29 13:28:49 - [TEST_CASE][PASSED] - Test Cases/3. get token - feedback insurance: Test Cases/3. get token - feedback insurance

2022-03-29 13:28:49 - [TEST_STEP][PASSED] - token = sendRequest(findTestObject("1. Get-Token")): Send request successfully

2022-03-29 13:28:49 - [MESSAGE][INFO] - HAR: I:\app-testing\app-project\Order car insurance\order-car-insurance\Reports\20220329_124138\3. Get feedback insurance - Batch 1\20220329_124139\requests\main\690.har

2022-03-29 13:28:49 - [MESSAGE][PASSED] - Send request successfully

2022-03-29 13:28:49 - [TEST_STEP][PASSED] - slurper = new groovy.json.JsonSlurper(): null

2022-03-29 13:28:49 - [TEST_STEP][PASSED] - get_token = slurper.parseText(token.getResponseBodyContent()): null

2022-03-29 13:28:49 - [TEST_STEP][PASSED] - private_token = access_token: null

2022-03-29 13:28:49 - [TEST_STEP][PASSED] - global_token = private_token: null

2022-03-29 13:28:49 - [TEST_STEP][PASSED] - println("token is :" + global_token): null

2022-03-29 13:28:49 - [TEST_STEP][PASSED] - response_token = token.getResponseText(): null

2022-03-29 13:28:49 - [TEST_STEP][PASSED] - logInfo($response_token): {"fault":{"faultstring":"Access Denied for client ip : 8.29.105.53","detail":{"errorcode":"accesscontrol.IPDeniedAccess"}}}

2022-03-29 13:28:49 - [MESSAGE][INFO] - {"fault":{"faultstring":"Access Denied for client ip : 8.29.105.53","detail":{"errorcode":"accesscontrol.IPDeniedAccess"}}}

2022-03-29 13:28:49 - [TEST_STEP][PASSED] - feedback = sendRequest(findTestObject("4. Feedback-ins", ["s_key":global_token, "batchid":batchid, "norek":norek, "nopin":nopin, "custname":custname, "pemohon":pemohon, "branchid":branchid, ... ])): Send request successfully

2022-03-29 13:28:51 - [MESSAGE][INFO] - HAR: I:\app-testing\app-project\Order car insurance\order-car-insurance\Reports\20220329_124138\3. Get feedback insurance - Batch 1\20220329_124139\requests\main\691.har

2022-03-29 13:28:51 - [MESSAGE][PASSED] - Send request successfully

2022-03-29 13:28:51 - [TEST_STEP][PASSED] - response_feedback = feedback.getResponseText(): null

2022-03-29 13:28:51 - [TEST_STEP][PASSED] - markPassed("result feedback data : " + no + " norek : " + norek + " nopin : " + nopin): result feedback data : 392 norek : 9570010599 nopin : 001

2022-03-29 13:28:51 - [MESSAGE][PASSED] - result feedback data : 392 norek : 9570010599 nopin : 001

2022-03-29 13:28:51 - [TEST_STEP][PASSED] - logInfo($response_feedback): {
  "FeedbackCarInsuranceResponse" : {
    "errorCode" : "00",
    "errorMessage" : "Sukses"
  }
}

2022-03-29 13:28:51 - [MESSAGE][INFO] - {
  "FeedbackCarInsuranceResponse" : {
    "errorCode" : "00",
    "errorMessage" : "Sukses"
  }
}

2022-03-29 13:28:51 - [TEST_STEP][PASSED] - verifyElementPropertyValue(feedback, "FeedbackCarInsuranceResponse.errorMessage", "Sukses", CONTINUE_ON_FAILURE): Verify element property value successfully

2022-03-29 13:28:51 - [MESSAGE][PASSED] - Verify element property value successfully]]></system-out>
         <system-err><![CDATA[]]></system-err>
      </testcase>
      <testcase name="Test Cases/3. get token - feedback insurance" time="1.625" classname="Test Cases/3. get token - feedback insurance" status="PASSED">
         <system-out><![CDATA[2022-03-29 13:28:51 - [TEST_CASE][PASSED] - Test Cases/3. get token - feedback insurance: Test Cases/3. get token - feedback insurance

2022-03-29 13:28:51 - [TEST_STEP][PASSED] - token = sendRequest(findTestObject("1. Get-Token")): Send request successfully

2022-03-29 13:28:52 - [MESSAGE][INFO] - HAR: I:\app-testing\app-project\Order car insurance\order-car-insurance\Reports\20220329_124138\3. Get feedback insurance - Batch 1\20220329_124139\requests\main\692.har

2022-03-29 13:28:52 - [MESSAGE][PASSED] - Send request successfully

2022-03-29 13:28:52 - [TEST_STEP][PASSED] - slurper = new groovy.json.JsonSlurper(): null

2022-03-29 13:28:52 - [TEST_STEP][PASSED] - get_token = slurper.parseText(token.getResponseBodyContent()): null

2022-03-29 13:28:52 - [TEST_STEP][PASSED] - private_token = access_token: null

2022-03-29 13:28:52 - [TEST_STEP][PASSED] - global_token = private_token: null

2022-03-29 13:28:52 - [TEST_STEP][PASSED] - println("token is :" + global_token): null

2022-03-29 13:28:52 - [TEST_STEP][PASSED] - response_token = token.getResponseText(): null

2022-03-29 13:28:52 - [TEST_STEP][PASSED] - logInfo($response_token): {"fault":{"faultstring":"Access Denied for client ip : 8.29.105.53","detail":{"errorcode":"accesscontrol.IPDeniedAccess"}}}

2022-03-29 13:28:52 - [MESSAGE][INFO] - {"fault":{"faultstring":"Access Denied for client ip : 8.29.105.53","detail":{"errorcode":"accesscontrol.IPDeniedAccess"}}}

2022-03-29 13:28:52 - [TEST_STEP][PASSED] - feedback = sendRequest(findTestObject("4. Feedback-ins", ["s_key":global_token, "batchid":batchid, "norek":norek, "nopin":nopin, "custname":custname, "pemohon":pemohon, "branchid":branchid, ... ])): Send request successfully

2022-03-29 13:28:53 - [MESSAGE][INFO] - HAR: I:\app-testing\app-project\Order car insurance\order-car-insurance\Reports\20220329_124138\3. Get feedback insurance - Batch 1\20220329_124139\requests\main\693.har

2022-03-29 13:28:53 - [MESSAGE][PASSED] - Send request successfully

2022-03-29 13:28:53 - [TEST_STEP][PASSED] - response_feedback = feedback.getResponseText(): null

2022-03-29 13:28:53 - [TEST_STEP][PASSED] - markPassed("result feedback data : " + no + " norek : " + norek + " nopin : " + nopin): result feedback data : 393 norek : 9663000570 nopin : 001

2022-03-29 13:28:53 - [MESSAGE][PASSED] - result feedback data : 393 norek : 9663000570 nopin : 001

2022-03-29 13:28:53 - [TEST_STEP][PASSED] - logInfo($response_feedback): {
  "FeedbackCarInsuranceResponse" : {
    "errorCode" : "00",
    "errorMessage" : "Sukses"
  }
}

2022-03-29 13:28:53 - [MESSAGE][INFO] - {
  "FeedbackCarInsuranceResponse" : {
    "errorCode" : "00",
    "errorMessage" : "Sukses"
  }
}

2022-03-29 13:28:53 - [TEST_STEP][PASSED] - verifyElementPropertyValue(feedback, "FeedbackCarInsuranceResponse.errorMessage", "Sukses", CONTINUE_ON_FAILURE): Verify element property value successfully

2022-03-29 13:28:53 - [MESSAGE][PASSED] - Verify element property value successfully]]></system-out>
         <system-err><![CDATA[]]></system-err>
      </testcase>
      <testcase name="Test Cases/3. get token - feedback insurance" time="1.243" classname="Test Cases/3. get token - feedback insurance" status="PASSED">
         <system-out><![CDATA[2022-03-29 13:28:53 - [TEST_CASE][PASSED] - Test Cases/3. get token - feedback insurance: Test Cases/3. get token - feedback insurance

2022-03-29 13:28:54 - [TEST_STEP][PASSED] - token = sendRequest(findTestObject("1. Get-Token")): Send request successfully

2022-03-29 13:28:54 - [MESSAGE][INFO] - HAR: I:\app-testing\app-project\Order car insurance\order-car-insurance\Reports\20220329_124138\3. Get feedback insurance - Batch 1\20220329_124139\requests\main\694.har

2022-03-29 13:28:54 - [MESSAGE][PASSED] - Send request successfully

2022-03-29 13:28:54 - [TEST_STEP][PASSED] - slurper = new groovy.json.JsonSlurper(): null

2022-03-29 13:28:54 - [TEST_STEP][PASSED] - get_token = slurper.parseText(token.getResponseBodyContent()): null

2022-03-29 13:28:54 - [TEST_STEP][PASSED] - private_token = access_token: null

2022-03-29 13:28:54 - [TEST_STEP][PASSED] - global_token = private_token: null

2022-03-29 13:28:54 - [TEST_STEP][PASSED] - println("token is :" + global_token): null

2022-03-29 13:28:54 - [TEST_STEP][PASSED] - response_token = token.getResponseText(): null

2022-03-29 13:28:54 - [TEST_STEP][PASSED] - logInfo($response_token): {"fault":{"faultstring":"Access Denied for client ip : 8.29.105.53","detail":{"errorcode":"accesscontrol.IPDeniedAccess"}}}

2022-03-29 13:28:54 - [MESSAGE][INFO] - {"fault":{"faultstring":"Access Denied for client ip : 8.29.105.53","detail":{"errorcode":"accesscontrol.IPDeniedAccess"}}}

2022-03-29 13:28:54 - [TEST_STEP][PASSED] - feedback = sendRequest(findTestObject("4. Feedback-ins", ["s_key":global_token, "batchid":batchid, "norek":norek, "nopin":nopin, "custname":custname, "pemohon":pemohon, "branchid":branchid, ... ])): Send request successfully

2022-03-29 13:28:55 - [MESSAGE][INFO] - HAR: I:\app-testing\app-project\Order car insurance\order-car-insurance\Reports\20220329_124138\3. Get feedback insurance - Batch 1\20220329_124139\requests\main\695.har

2022-03-29 13:28:55 - [MESSAGE][PASSED] - Send request successfully

2022-03-29 13:28:55 - [TEST_STEP][PASSED] - response_feedback = feedback.getResponseText(): null

2022-03-29 13:28:55 - [TEST_STEP][PASSED] - markPassed("result feedback data : " + no + " norek : " + norek + " nopin : " + nopin): result feedback data : 394 norek : 9663000570 nopin : 001

2022-03-29 13:28:55 - [MESSAGE][PASSED] - result feedback data : 394 norek : 9663000570 nopin : 001

2022-03-29 13:28:55 - [TEST_STEP][PASSED] - logInfo($response_feedback): {
  "FeedbackCarInsuranceResponse" : {
    "errorCode" : "00",
    "errorMessage" : "Sukses"
  }
}

2022-03-29 13:28:55 - [MESSAGE][INFO] - {
  "FeedbackCarInsuranceResponse" : {
    "errorCode" : "00",
    "errorMessage" : "Sukses"
  }
}

2022-03-29 13:28:55 - [TEST_STEP][PASSED] - verifyElementPropertyValue(feedback, "FeedbackCarInsuranceResponse.errorMessage", "Sukses", CONTINUE_ON_FAILURE): Verify element property value successfully

2022-03-29 13:28:55 - [MESSAGE][PASSED] - Verify element property value successfully]]></system-out>
         <system-err><![CDATA[]]></system-err>
      </testcase>
      <testcase name="Test Cases/3. get token - feedback insurance" time="1.107" classname="Test Cases/3. get token - feedback insurance" status="PASSED">
         <system-out><![CDATA[2022-03-29 13:28:55 - [TEST_CASE][PASSED] - Test Cases/3. get token - feedback insurance: Test Cases/3. get token - feedback insurance

2022-03-29 13:28:55 - [TEST_STEP][PASSED] - token = sendRequest(findTestObject("1. Get-Token")): Send request successfully

2022-03-29 13:28:55 - [MESSAGE][INFO] - HAR: I:\app-testing\app-project\Order car insurance\order-car-insurance\Reports\20220329_124138\3. Get feedback insurance - Batch 1\20220329_124139\requests\main\696.har

2022-03-29 13:28:55 - [MESSAGE][PASSED] - Send request successfully

2022-03-29 13:28:55 - [TEST_STEP][PASSED] - slurper = new groovy.json.JsonSlurper(): null

2022-03-29 13:28:55 - [TEST_STEP][PASSED] - get_token = slurper.parseText(token.getResponseBodyContent()): null

2022-03-29 13:28:55 - [TEST_STEP][PASSED] - private_token = access_token: null

2022-03-29 13:28:55 - [TEST_STEP][PASSED] - global_token = private_token: null

2022-03-29 13:28:55 - [TEST_STEP][PASSED] - println("token is :" + global_token): null

2022-03-29 13:28:55 - [TEST_STEP][PASSED] - response_token = token.getResponseText(): null

2022-03-29 13:28:55 - [TEST_STEP][PASSED] - logInfo($response_token): {"fault":{"faultstring":"Access Denied for client ip : 8.29.105.53","detail":{"errorcode":"accesscontrol.IPDeniedAccess"}}}

2022-03-29 13:28:55 - [MESSAGE][INFO] - {"fault":{"faultstring":"Access Denied for client ip : 8.29.105.53","detail":{"errorcode":"accesscontrol.IPDeniedAccess"}}}

2022-03-29 13:28:55 - [TEST_STEP][PASSED] - feedback = sendRequest(findTestObject("4. Feedback-ins", ["s_key":global_token, "batchid":batchid, "norek":norek, "nopin":nopin, "custname":custname, "pemohon":pemohon, "branchid":branchid, ... ])): Send request successfully

2022-03-29 13:28:56 - [MESSAGE][INFO] - HAR: I:\app-testing\app-project\Order car insurance\order-car-insurance\Reports\20220329_124138\3. Get feedback insurance - Batch 1\20220329_124139\requests\main\697.har

2022-03-29 13:28:56 - [MESSAGE][PASSED] - Send request successfully

2022-03-29 13:28:56 - [TEST_STEP][PASSED] - response_feedback = feedback.getResponseText(): null

2022-03-29 13:28:56 - [TEST_STEP][PASSED] - markPassed("result feedback data : " + no + " norek : " + norek + " nopin : " + nopin): result feedback data : 395 norek : 9663000570 nopin : 001

2022-03-29 13:28:56 - [MESSAGE][PASSED] - result feedback data : 395 norek : 9663000570 nopin : 001

2022-03-29 13:28:56 - [TEST_STEP][PASSED] - logInfo($response_feedback): {
  "FeedbackCarInsuranceResponse" : {
    "errorCode" : "00",
    "errorMessage" : "Sukses"
  }
}

2022-03-29 13:28:56 - [MESSAGE][INFO] - {
  "FeedbackCarInsuranceResponse" : {
    "errorCode" : "00",
    "errorMessage" : "Sukses"
  }
}

2022-03-29 13:28:56 - [TEST_STEP][PASSED] - verifyElementPropertyValue(feedback, "FeedbackCarInsuranceResponse.errorMessage", "Sukses", CONTINUE_ON_FAILURE): Verify element property value successfully

2022-03-29 13:28:56 - [MESSAGE][PASSED] - Verify element property value successfully]]></system-out>
         <system-err><![CDATA[]]></system-err>
      </testcase>
      <testcase name="Test Cases/3. get token - feedback insurance" time="1.547" classname="Test Cases/3. get token - feedback insurance" status="PASSED">
         <system-out><![CDATA[2022-03-29 13:28:57 - [TEST_CASE][PASSED] - Test Cases/3. get token - feedback insurance: Test Cases/3. get token - feedback insurance

2022-03-29 13:28:57 - [TEST_STEP][PASSED] - token = sendRequest(findTestObject("1. Get-Token")): Send request successfully

2022-03-29 13:28:57 - [MESSAGE][INFO] - HAR: I:\app-testing\app-project\Order car insurance\order-car-insurance\Reports\20220329_124138\3. Get feedback insurance - Batch 1\20220329_124139\requests\main\698.har

2022-03-29 13:28:57 - [MESSAGE][PASSED] - Send request successfully

2022-03-29 13:28:57 - [TEST_STEP][PASSED] - slurper = new groovy.json.JsonSlurper(): null

2022-03-29 13:28:57 - [TEST_STEP][PASSED] - get_token = slurper.parseText(token.getResponseBodyContent()): null

2022-03-29 13:28:57 - [TEST_STEP][PASSED] - private_token = access_token: null

2022-03-29 13:28:57 - [TEST_STEP][PASSED] - global_token = private_token: null

2022-03-29 13:28:57 - [TEST_STEP][PASSED] - println("token is :" + global_token): null

2022-03-29 13:28:57 - [TEST_STEP][PASSED] - response_token = token.getResponseText(): null

2022-03-29 13:28:57 - [TEST_STEP][PASSED] - logInfo($response_token): {"fault":{"faultstring":"Access Denied for client ip : 8.29.105.53","detail":{"errorcode":"accesscontrol.IPDeniedAccess"}}}

2022-03-29 13:28:57 - [MESSAGE][INFO] - {"fault":{"faultstring":"Access Denied for client ip : 8.29.105.53","detail":{"errorcode":"accesscontrol.IPDeniedAccess"}}}

2022-03-29 13:28:57 - [TEST_STEP][PASSED] - feedback = sendRequest(findTestObject("4. Feedback-ins", ["s_key":global_token, "batchid":batchid, "norek":norek, "nopin":nopin, "custname":custname, "pemohon":pemohon, "branchid":branchid, ... ])): Send request successfully

2022-03-29 13:28:58 - [MESSAGE][INFO] - HAR: I:\app-testing\app-project\Order car insurance\order-car-insurance\Reports\20220329_124138\3. Get feedback insurance - Batch 1\20220329_124139\requests\main\699.har

2022-03-29 13:28:58 - [MESSAGE][PASSED] - Send request successfully

2022-03-29 13:28:58 - [TEST_STEP][PASSED] - response_feedback = feedback.getResponseText(): null

2022-03-29 13:28:58 - [TEST_STEP][PASSED] - markPassed("result feedback data : " + no + " norek : " + norek + " nopin : " + nopin): result feedback data : 396 norek : 9794001172 nopin : 001

2022-03-29 13:28:58 - [MESSAGE][PASSED] - result feedback data : 396 norek : 9794001172 nopin : 001

2022-03-29 13:28:58 - [TEST_STEP][PASSED] - logInfo($response_feedback): {
  "FeedbackCarInsuranceResponse" : {
    "errorCode" : "00",
    "errorMessage" : "Sukses"
  }
}

2022-03-29 13:28:58 - [MESSAGE][INFO] - {
  "FeedbackCarInsuranceResponse" : {
    "errorCode" : "00",
    "errorMessage" : "Sukses"
  }
}

2022-03-29 13:28:58 - [TEST_STEP][PASSED] - verifyElementPropertyValue(feedback, "FeedbackCarInsuranceResponse.errorMessage", "Sukses", CONTINUE_ON_FAILURE): Verify element property value successfully

2022-03-29 13:28:58 - [MESSAGE][PASSED] - Verify element property value successfully]]></system-out>
         <system-err><![CDATA[]]></system-err>
      </testcase>
      <testcase name="Test Cases/3. get token - feedback insurance" time="1.125" classname="Test Cases/3. get token - feedback insurance" status="PASSED">
         <system-out><![CDATA[2022-03-29 13:28:59 - [TEST_CASE][PASSED] - Test Cases/3. get token - feedback insurance: Test Cases/3. get token - feedback insurance

2022-03-29 13:28:59 - [TEST_STEP][PASSED] - token = sendRequest(findTestObject("1. Get-Token")): Send request successfully

2022-03-29 13:28:59 - [MESSAGE][INFO] - HAR: I:\app-testing\app-project\Order car insurance\order-car-insurance\Reports\20220329_124138\3. Get feedback insurance - Batch 1\20220329_124139\requests\main\700.har

2022-03-29 13:28:59 - [MESSAGE][PASSED] - Send request successfully

2022-03-29 13:28:59 - [TEST_STEP][PASSED] - slurper = new groovy.json.JsonSlurper(): null

2022-03-29 13:28:59 - [TEST_STEP][PASSED] - get_token = slurper.parseText(token.getResponseBodyContent()): null

2022-03-29 13:28:59 - [TEST_STEP][PASSED] - private_token = access_token: null

2022-03-29 13:28:59 - [TEST_STEP][PASSED] - global_token = private_token: null

2022-03-29 13:28:59 - [TEST_STEP][PASSED] - println("token is :" + global_token): null

2022-03-29 13:28:59 - [TEST_STEP][PASSED] - response_token = token.getResponseText(): null

2022-03-29 13:28:59 - [TEST_STEP][PASSED] - logInfo($response_token): {"fault":{"faultstring":"Access Denied for client ip : 8.29.105.53","detail":{"errorcode":"accesscontrol.IPDeniedAccess"}}}

2022-03-29 13:28:59 - [MESSAGE][INFO] - {"fault":{"faultstring":"Access Denied for client ip : 8.29.105.53","detail":{"errorcode":"accesscontrol.IPDeniedAccess"}}}

2022-03-29 13:28:59 - [TEST_STEP][PASSED] - feedback = sendRequest(findTestObject("4. Feedback-ins", ["s_key":global_token, "batchid":batchid, "norek":norek, "nopin":nopin, "custname":custname, "pemohon":pemohon, "branchid":branchid, ... ])): Send request successfully

2022-03-29 13:29:00 - [MESSAGE][INFO] - HAR: I:\app-testing\app-project\Order car insurance\order-car-insurance\Reports\20220329_124138\3. Get feedback insurance - Batch 1\20220329_124139\requests\main\701.har

2022-03-29 13:29:00 - [MESSAGE][PASSED] - Send request successfully

2022-03-29 13:29:00 - [TEST_STEP][PASSED] - response_feedback = feedback.getResponseText(): null

2022-03-29 13:29:00 - [TEST_STEP][PASSED] - markPassed("result feedback data : " + no + " norek : " + norek + " nopin : " + nopin): result feedback data : 397 norek : 9794001172 nopin : 001

2022-03-29 13:29:00 - [MESSAGE][PASSED] - result feedback data : 397 norek : 9794001172 nopin : 001

2022-03-29 13:29:00 - [TEST_STEP][PASSED] - logInfo($response_feedback): {
  "FeedbackCarInsuranceResponse" : {
    "errorCode" : "00",
    "errorMessage" : "Sukses"
  }
}

2022-03-29 13:29:00 - [MESSAGE][INFO] - {
  "FeedbackCarInsuranceResponse" : {
    "errorCode" : "00",
    "errorMessage" : "Sukses"
  }
}

2022-03-29 13:29:00 - [TEST_STEP][PASSED] - verifyElementPropertyValue(feedback, "FeedbackCarInsuranceResponse.errorMessage", "Sukses", CONTINUE_ON_FAILURE): Verify element property value successfully

2022-03-29 13:29:00 - [MESSAGE][PASSED] - Verify element property value successfully]]></system-out>
         <system-err><![CDATA[]]></system-err>
      </testcase>
      <testcase name="Test Cases/3. get token - feedback insurance" time="1.164" classname="Test Cases/3. get token - feedback insurance" status="PASSED">
         <system-out><![CDATA[2022-03-29 13:29:00 - [TEST_CASE][PASSED] - Test Cases/3. get token - feedback insurance: Test Cases/3. get token - feedback insurance

2022-03-29 13:29:00 - [TEST_STEP][PASSED] - token = sendRequest(findTestObject("1. Get-Token")): Send request successfully

2022-03-29 13:29:01 - [MESSAGE][INFO] - HAR: I:\app-testing\app-project\Order car insurance\order-car-insurance\Reports\20220329_124138\3. Get feedback insurance - Batch 1\20220329_124139\requests\main\702.har

2022-03-29 13:29:01 - [MESSAGE][PASSED] - Send request successfully

2022-03-29 13:29:01 - [TEST_STEP][PASSED] - slurper = new groovy.json.JsonSlurper(): null

2022-03-29 13:29:01 - [TEST_STEP][PASSED] - get_token = slurper.parseText(token.getResponseBodyContent()): null

2022-03-29 13:29:01 - [TEST_STEP][PASSED] - private_token = access_token: null

2022-03-29 13:29:01 - [TEST_STEP][PASSED] - global_token = private_token: null

2022-03-29 13:29:01 - [TEST_STEP][PASSED] - println("token is :" + global_token): null

2022-03-29 13:29:01 - [TEST_STEP][PASSED] - response_token = token.getResponseText(): null

2022-03-29 13:29:01 - [TEST_STEP][PASSED] - logInfo($response_token): {"fault":{"faultstring":"Access Denied for client ip : 8.29.105.53","detail":{"errorcode":"accesscontrol.IPDeniedAccess"}}}

2022-03-29 13:29:01 - [MESSAGE][INFO] - {"fault":{"faultstring":"Access Denied for client ip : 8.29.105.53","detail":{"errorcode":"accesscontrol.IPDeniedAccess"}}}

2022-03-29 13:29:01 - [TEST_STEP][PASSED] - feedback = sendRequest(findTestObject("4. Feedback-ins", ["s_key":global_token, "batchid":batchid, "norek":norek, "nopin":nopin, "custname":custname, "pemohon":pemohon, "branchid":branchid, ... ])): Send request successfully

2022-03-29 13:29:01 - [MESSAGE][INFO] - HAR: I:\app-testing\app-project\Order car insurance\order-car-insurance\Reports\20220329_124138\3. Get feedback insurance - Batch 1\20220329_124139\requests\main\703.har

2022-03-29 13:29:01 - [MESSAGE][PASSED] - Send request successfully

2022-03-29 13:29:01 - [TEST_STEP][PASSED] - response_feedback = feedback.getResponseText(): null

2022-03-29 13:29:01 - [TEST_STEP][PASSED] - markPassed("result feedback data : " + no + " norek : " + norek + " nopin : " + nopin): result feedback data : 398 norek : 9794001172 nopin : 001

2022-03-29 13:29:01 - [MESSAGE][PASSED] - result feedback data : 398 norek : 9794001172 nopin : 001

2022-03-29 13:29:01 - [TEST_STEP][PASSED] - logInfo($response_feedback): {
  "FeedbackCarInsuranceResponse" : {
    "errorCode" : "00",
    "errorMessage" : "Sukses"
  }
}

2022-03-29 13:29:01 - [MESSAGE][INFO] - {
  "FeedbackCarInsuranceResponse" : {
    "errorCode" : "00",
    "errorMessage" : "Sukses"
  }
}

2022-03-29 13:29:01 - [TEST_STEP][PASSED] - verifyElementPropertyValue(feedback, "FeedbackCarInsuranceResponse.errorMessage", "Sukses", CONTINUE_ON_FAILURE): Verify element property value successfully

2022-03-29 13:29:01 - [MESSAGE][PASSED] - Verify element property value successfully]]></system-out>
         <system-err><![CDATA[]]></system-err>
      </testcase>
      <testcase name="Test Cases/3. get token - feedback insurance" time="1.093" classname="Test Cases/3. get token - feedback insurance" status="PASSED">
         <system-out><![CDATA[2022-03-29 13:29:02 - [TEST_CASE][PASSED] - Test Cases/3. get token - feedback insurance: Test Cases/3. get token - feedback insurance

2022-03-29 13:29:02 - [TEST_STEP][PASSED] - token = sendRequest(findTestObject("1. Get-Token")): Send request successfully

2022-03-29 13:29:02 - [MESSAGE][INFO] - HAR: I:\app-testing\app-project\Order car insurance\order-car-insurance\Reports\20220329_124138\3. Get feedback insurance - Batch 1\20220329_124139\requests\main\704.har

2022-03-29 13:29:02 - [MESSAGE][PASSED] - Send request successfully

2022-03-29 13:29:02 - [TEST_STEP][PASSED] - slurper = new groovy.json.JsonSlurper(): null

2022-03-29 13:29:02 - [TEST_STEP][PASSED] - get_token = slurper.parseText(token.getResponseBodyContent()): null

2022-03-29 13:29:02 - [TEST_STEP][PASSED] - private_token = access_token: null

2022-03-29 13:29:02 - [TEST_STEP][PASSED] - global_token = private_token: null

2022-03-29 13:29:02 - [TEST_STEP][PASSED] - println("token is :" + global_token): null

2022-03-29 13:29:02 - [TEST_STEP][PASSED] - response_token = token.getResponseText(): null

2022-03-29 13:29:02 - [TEST_STEP][PASSED] - logInfo($response_token): {"fault":{"faultstring":"Access Denied for client ip : 8.29.105.53","detail":{"errorcode":"accesscontrol.IPDeniedAccess"}}}

2022-03-29 13:29:02 - [MESSAGE][INFO] - {"fault":{"faultstring":"Access Denied for client ip : 8.29.105.53","detail":{"errorcode":"accesscontrol.IPDeniedAccess"}}}

2022-03-29 13:29:02 - [TEST_STEP][PASSED] - feedback = sendRequest(findTestObject("4. Feedback-ins", ["s_key":global_token, "batchid":batchid, "norek":norek, "nopin":nopin, "custname":custname, "pemohon":pemohon, "branchid":branchid, ... ])): Send request successfully

2022-03-29 13:29:03 - [MESSAGE][INFO] - HAR: I:\app-testing\app-project\Order car insurance\order-car-insurance\Reports\20220329_124138\3. Get feedback insurance - Batch 1\20220329_124139\requests\main\705.har

2022-03-29 13:29:03 - [MESSAGE][PASSED] - Send request successfully

2022-03-29 13:29:03 - [TEST_STEP][PASSED] - response_feedback = feedback.getResponseText(): null

2022-03-29 13:29:03 - [TEST_STEP][PASSED] - markPassed("result feedback data : " + no + " norek : " + norek + " nopin : " + nopin): result feedback data : 399 norek : 9794001172 nopin : 001

2022-03-29 13:29:03 - [MESSAGE][PASSED] - result feedback data : 399 norek : 9794001172 nopin : 001

2022-03-29 13:29:03 - [TEST_STEP][PASSED] - logInfo($response_feedback): {
  "FeedbackCarInsuranceResponse" : {
    "errorCode" : "00",
    "errorMessage" : "Sukses"
  }
}

2022-03-29 13:29:03 - [MESSAGE][INFO] - {
  "FeedbackCarInsuranceResponse" : {
    "errorCode" : "00",
    "errorMessage" : "Sukses"
  }
}

2022-03-29 13:29:03 - [TEST_STEP][PASSED] - verifyElementPropertyValue(feedback, "FeedbackCarInsuranceResponse.errorMessage", "Sukses", CONTINUE_ON_FAILURE): Verify element property value successfully

2022-03-29 13:29:03 - [MESSAGE][PASSED] - Verify element property value successfully]]></system-out>
         <system-err><![CDATA[]]></system-err>
      </testcase>
      <testcase name="Test Cases/3. get token - feedback insurance" time="3.695" classname="Test Cases/3. get token - feedback insurance" status="PASSED">
         <system-out><![CDATA[2022-03-29 13:29:03 - [TEST_CASE][PASSED] - Test Cases/3. get token - feedback insurance: Test Cases/3. get token - feedback insurance

2022-03-29 13:29:03 - [TEST_STEP][PASSED] - token = sendRequest(findTestObject("1. Get-Token")): Send request successfully

2022-03-29 13:29:04 - [MESSAGE][INFO] - HAR: I:\app-testing\app-project\Order car insurance\order-car-insurance\Reports\20220329_124138\3. Get feedback insurance - Batch 1\20220329_124139\requests\main\706.har

2022-03-29 13:29:04 - [MESSAGE][PASSED] - Send request successfully

2022-03-29 13:29:04 - [TEST_STEP][PASSED] - slurper = new groovy.json.JsonSlurper(): null

2022-03-29 13:29:04 - [TEST_STEP][PASSED] - get_token = slurper.parseText(token.getResponseBodyContent()): null

2022-03-29 13:29:04 - [TEST_STEP][PASSED] - private_token = access_token: null

2022-03-29 13:29:04 - [TEST_STEP][PASSED] - global_token = private_token: null

2022-03-29 13:29:04 - [TEST_STEP][PASSED] - println("token is :" + global_token): null

2022-03-29 13:29:04 - [TEST_STEP][PASSED] - response_token = token.getResponseText(): null

2022-03-29 13:29:04 - [TEST_STEP][PASSED] - logInfo($response_token): {"fault":{"faultstring":"Access Denied for client ip : 8.29.105.53","detail":{"errorcode":"accesscontrol.IPDeniedAccess"}}}

2022-03-29 13:29:04 - [MESSAGE][INFO] - {"fault":{"faultstring":"Access Denied for client ip : 8.29.105.53","detail":{"errorcode":"accesscontrol.IPDeniedAccess"}}}

2022-03-29 13:29:04 - [TEST_STEP][PASSED] - feedback = sendRequest(findTestObject("4. Feedback-ins", ["s_key":global_token, "batchid":batchid, "norek":norek, "nopin":nopin, "custname":custname, "pemohon":pemohon, "branchid":branchid, ... ])): Send request successfully

2022-03-29 13:29:07 - [MESSAGE][INFO] - HAR: I:\app-testing\app-project\Order car insurance\order-car-insurance\Reports\20220329_124138\3. Get feedback insurance - Batch 1\20220329_124139\requests\main\707.har

2022-03-29 13:29:07 - [MESSAGE][PASSED] - Send request successfully

2022-03-29 13:29:07 - [TEST_STEP][PASSED] - response_feedback = feedback.getResponseText(): null

2022-03-29 13:29:07 - [TEST_STEP][PASSED] - markPassed("result feedback data : " + no + " norek : " + norek + " nopin : " + nopin): result feedback data : 400 norek : 9794001172 nopin : 001

2022-03-29 13:29:07 - [MESSAGE][PASSED] - result feedback data : 400 norek : 9794001172 nopin : 001

2022-03-29 13:29:07 - [TEST_STEP][PASSED] - logInfo($response_feedback): {
  "FeedbackCarInsuranceResponse" : {
    "errorCode" : "00",
    "errorMessage" : "Sukses"
  }
}

2022-03-29 13:29:07 - [MESSAGE][INFO] - {
  "FeedbackCarInsuranceResponse" : {
    "errorCode" : "00",
    "errorMessage" : "Sukses"
  }
}

2022-03-29 13:29:07 - [TEST_STEP][PASSED] - verifyElementPropertyValue(feedback, "FeedbackCarInsuranceResponse.errorMessage", "Sukses", CONTINUE_ON_FAILURE): Verify element property value successfully

2022-03-29 13:29:07 - [MESSAGE][PASSED] - Verify element property value successfully]]></system-out>
         <system-err><![CDATA[]]></system-err>
      </testcase>
      <testcase name="Test Cases/3. get token - feedback insurance" time="2.135" classname="Test Cases/3. get token - feedback insurance" status="PASSED">
         <system-out><![CDATA[2022-03-29 13:29:08 - [TEST_CASE][PASSED] - Test Cases/3. get token - feedback insurance: Test Cases/3. get token - feedback insurance

2022-03-29 13:29:08 - [TEST_STEP][PASSED] - token = sendRequest(findTestObject("1. Get-Token")): Send request successfully

2022-03-29 13:29:08 - [MESSAGE][INFO] - HAR: I:\app-testing\app-project\Order car insurance\order-car-insurance\Reports\20220329_124138\3. Get feedback insurance - Batch 1\20220329_124139\requests\main\708.har

2022-03-29 13:29:08 - [MESSAGE][PASSED] - Send request successfully

2022-03-29 13:29:08 - [TEST_STEP][PASSED] - slurper = new groovy.json.JsonSlurper(): null

2022-03-29 13:29:08 - [TEST_STEP][PASSED] - get_token = slurper.parseText(token.getResponseBodyContent()): null

2022-03-29 13:29:08 - [TEST_STEP][PASSED] - private_token = access_token: null

2022-03-29 13:29:08 - [TEST_STEP][PASSED] - global_token = private_token: null

2022-03-29 13:29:08 - [TEST_STEP][PASSED] - println("token is :" + global_token): null

2022-03-29 13:29:08 - [TEST_STEP][PASSED] - response_token = token.getResponseText(): null

2022-03-29 13:29:08 - [TEST_STEP][PASSED] - logInfo($response_token): {"fault":{"faultstring":"Access Denied for client ip : 8.29.105.53","detail":{"errorcode":"accesscontrol.IPDeniedAccess"}}}

2022-03-29 13:29:08 - [MESSAGE][INFO] - {"fault":{"faultstring":"Access Denied for client ip : 8.29.105.53","detail":{"errorcode":"accesscontrol.IPDeniedAccess"}}}

2022-03-29 13:29:08 - [TEST_STEP][PASSED] - feedback = sendRequest(findTestObject("4. Feedback-ins", ["s_key":global_token, "batchid":batchid, "norek":norek, "nopin":nopin, "custname":custname, "pemohon":pemohon, "branchid":branchid, ... ])): Send request successfully

2022-03-29 13:29:10 - [MESSAGE][INFO] - HAR: I:\app-testing\app-project\Order car insurance\order-car-insurance\Reports\20220329_124138\3. Get feedback insurance - Batch 1\20220329_124139\requests\main\709.har

2022-03-29 13:29:10 - [MESSAGE][PASSED] - Send request successfully

2022-03-29 13:29:10 - [TEST_STEP][PASSED] - response_feedback = feedback.getResponseText(): null

2022-03-29 13:29:10 - [TEST_STEP][PASSED] - markPassed("result feedback data : " + no + " norek : " + norek + " nopin : " + nopin): result feedback data : 401 norek : 9794001172 nopin : 001

2022-03-29 13:29:10 - [MESSAGE][PASSED] - result feedback data : 401 norek : 9794001172 nopin : 001

2022-03-29 13:29:10 - [TEST_STEP][PASSED] - logInfo($response_feedback): {
  "FeedbackCarInsuranceResponse" : {
    "errorCode" : "00",
    "errorMessage" : "Sukses"
  }
}

2022-03-29 13:29:10 - [MESSAGE][INFO] - {
  "FeedbackCarInsuranceResponse" : {
    "errorCode" : "00",
    "errorMessage" : "Sukses"
  }
}

2022-03-29 13:29:10 - [TEST_STEP][PASSED] - verifyElementPropertyValue(feedback, "FeedbackCarInsuranceResponse.errorMessage", "Sukses", CONTINUE_ON_FAILURE): Verify element property value successfully

2022-03-29 13:29:10 - [MESSAGE][PASSED] - Verify element property value successfully]]></system-out>
         <system-err><![CDATA[]]></system-err>
      </testcase>
      <testcase name="Test Cases/3. get token - feedback insurance" time="2.791" classname="Test Cases/3. get token - feedback insurance" status="PASSED">
         <system-out><![CDATA[2022-03-29 13:29:10 - [TEST_CASE][PASSED] - Test Cases/3. get token - feedback insurance: Test Cases/3. get token - feedback insurance

2022-03-29 13:29:10 - [TEST_STEP][PASSED] - token = sendRequest(findTestObject("1. Get-Token")): Send request successfully

2022-03-29 13:29:10 - [MESSAGE][INFO] - HAR: I:\app-testing\app-project\Order car insurance\order-car-insurance\Reports\20220329_124138\3. Get feedback insurance - Batch 1\20220329_124139\requests\main\710.har

2022-03-29 13:29:10 - [MESSAGE][PASSED] - Send request successfully

2022-03-29 13:29:10 - [TEST_STEP][PASSED] - slurper = new groovy.json.JsonSlurper(): null

2022-03-29 13:29:10 - [TEST_STEP][PASSED] - get_token = slurper.parseText(token.getResponseBodyContent()): null

2022-03-29 13:29:10 - [TEST_STEP][PASSED] - private_token = access_token: null

2022-03-29 13:29:10 - [TEST_STEP][PASSED] - global_token = private_token: null

2022-03-29 13:29:10 - [TEST_STEP][PASSED] - println("token is :" + global_token): null

2022-03-29 13:29:10 - [TEST_STEP][PASSED] - response_token = token.getResponseText(): null

2022-03-29 13:29:10 - [TEST_STEP][PASSED] - logInfo($response_token): {"fault":{"faultstring":"Access Denied for client ip : 8.29.105.53","detail":{"errorcode":"accesscontrol.IPDeniedAccess"}}}

2022-03-29 13:29:10 - [MESSAGE][INFO] - {"fault":{"faultstring":"Access Denied for client ip : 8.29.105.53","detail":{"errorcode":"accesscontrol.IPDeniedAccess"}}}

2022-03-29 13:29:10 - [TEST_STEP][PASSED] - feedback = sendRequest(findTestObject("4. Feedback-ins", ["s_key":global_token, "batchid":batchid, "norek":norek, "nopin":nopin, "custname":custname, "pemohon":pemohon, "branchid":branchid, ... ])): Send request successfully

2022-03-29 13:29:13 - [MESSAGE][INFO] - HAR: I:\app-testing\app-project\Order car insurance\order-car-insurance\Reports\20220329_124138\3. Get feedback insurance - Batch 1\20220329_124139\requests\main\711.har

2022-03-29 13:29:13 - [MESSAGE][PASSED] - Send request successfully

2022-03-29 13:29:13 - [TEST_STEP][PASSED] - response_feedback = feedback.getResponseText(): null

2022-03-29 13:29:13 - [TEST_STEP][PASSED] - markPassed("result feedback data : " + no + " norek : " + norek + " nopin : " + nopin): result feedback data : 402 norek : 9890010723 nopin : 001

2022-03-29 13:29:13 - [MESSAGE][PASSED] - result feedback data : 402 norek : 9890010723 nopin : 001

2022-03-29 13:29:13 - [TEST_STEP][PASSED] - logInfo($response_feedback): {
  "FeedbackCarInsuranceResponse" : {
    "errorCode" : "00",
    "errorMessage" : "Sukses"
  }
}

2022-03-29 13:29:13 - [MESSAGE][INFO] - {
  "FeedbackCarInsuranceResponse" : {
    "errorCode" : "00",
    "errorMessage" : "Sukses"
  }
}

2022-03-29 13:29:13 - [TEST_STEP][PASSED] - verifyElementPropertyValue(feedback, "FeedbackCarInsuranceResponse.errorMessage", "Sukses", CONTINUE_ON_FAILURE): Verify element property value successfully

2022-03-29 13:29:13 - [MESSAGE][PASSED] - Verify element property value successfully]]></system-out>
         <system-err><![CDATA[]]></system-err>
      </testcase>
      <testcase name="Test Cases/3. get token - feedback insurance" time="477.431" classname="Test Cases/3. get token - feedback insurance" status="PASSED">
         <system-out><![CDATA[2022-03-29 13:29:13 - [TEST_CASE][PASSED] - Test Cases/3. get token - feedback insurance: Test Cases/3. get token - feedback insurance

2022-03-29 13:29:13 - [TEST_STEP][PASSED] - token = sendRequest(findTestObject("1. Get-Token")): Send request successfully

2022-03-29 13:29:14 - [MESSAGE][INFO] - HAR: I:\app-testing\app-project\Order car insurance\order-car-insurance\Reports\20220329_124138\3. Get feedback insurance - Batch 1\20220329_124139\requests\main\712.har

2022-03-29 13:29:14 - [MESSAGE][PASSED] - Send request successfully

2022-03-29 13:29:14 - [TEST_STEP][PASSED] - slurper = new groovy.json.JsonSlurper(): null

2022-03-29 13:29:14 - [TEST_STEP][PASSED] - get_token = slurper.parseText(token.getResponseBodyContent()): null

2022-03-29 13:29:14 - [TEST_STEP][PASSED] - private_token = access_token: null

2022-03-29 13:29:14 - [TEST_STEP][PASSED] - global_token = private_token: null

2022-03-29 13:29:14 - [TEST_STEP][PASSED] - println("token is :" + global_token): null

2022-03-29 13:29:14 - [TEST_STEP][PASSED] - response_token = token.getResponseText(): null

2022-03-29 13:29:14 - [TEST_STEP][PASSED] - logInfo($response_token): {"fault":{"faultstring":"Access Denied for client ip : 8.29.105.53","detail":{"errorcode":"accesscontrol.IPDeniedAccess"}}}

2022-03-29 13:29:14 - [MESSAGE][INFO] - {"fault":{"faultstring":"Access Denied for client ip : 8.29.105.53","detail":{"errorcode":"accesscontrol.IPDeniedAccess"}}}

2022-03-29 13:29:14 - [TEST_STEP][PASSED] - feedback = sendRequest(findTestObject("4. Feedback-ins", ["s_key":global_token, "batchid":batchid, "norek":norek, "nopin":nopin, "custname":custname, "pemohon":pemohon, "branchid":branchid, ... ])): Send request successfully

2022-03-29 13:29:15 - [MESSAGE][INFO] - HAR: I:\app-testing\app-project\Order car insurance\order-car-insurance\Reports\20220329_124138\3. Get feedback insurance - Batch 1\20220329_124139\requests\main\713.har

2022-03-29 13:29:15 - [MESSAGE][PASSED] - Send request successfully

2022-03-29 13:29:15 - [TEST_STEP][PASSED] - response_feedback = feedback.getResponseText(): null

2022-03-29 13:29:15 - [TEST_STEP][PASSED] - markPassed("result feedback data : " + no + " norek : " + norek + " nopin : " + nopin): result feedback data : 403 norek : 9890010723 nopin : 001

2022-03-29 13:37:11 - [MESSAGE][PASSED] - result feedback data : 403 norek : 9890010723 nopin : 001

2022-03-29 13:37:11 - [TEST_STEP][PASSED] - logInfo($response_feedback): {
  "FeedbackCarInsuranceResponse" : {
    "errorCode" : "00",
    "errorMessage" : "Sukses"
  }
}

2022-03-29 13:37:11 - [MESSAGE][INFO] - {
  "FeedbackCarInsuranceResponse" : {
    "errorCode" : "00",
    "errorMessage" : "Sukses"
  }
}

2022-03-29 13:37:11 - [TEST_STEP][PASSED] - verifyElementPropertyValue(feedback, "FeedbackCarInsuranceResponse.errorMessage", "Sukses", CONTINUE_ON_FAILURE): Verify element property value successfully

2022-03-29 13:37:11 - [MESSAGE][PASSED] - Verify element property value successfully]]></system-out>
         <system-err><![CDATA[]]></system-err>
      </testcase>
      <testcase name="Test Cases/3. get token - feedback insurance" time="4.335" classname="Test Cases/3. get token - feedback insurance" status="PASSED">
         <system-out><![CDATA[2022-03-29 13:37:11 - [TEST_CASE][PASSED] - Test Cases/3. get token - feedback insurance: Test Cases/3. get token - feedback insurance

2022-03-29 13:37:11 - [TEST_STEP][PASSED] - token = sendRequest(findTestObject("1. Get-Token")): Send request successfully

2022-03-29 13:37:12 - [MESSAGE][INFO] - HAR: I:\app-testing\app-project\Order car insurance\order-car-insurance\Reports\20220329_124138\3. Get feedback insurance - Batch 1\20220329_124139\requests\main\714.har

2022-03-29 13:37:12 - [MESSAGE][PASSED] - Send request successfully

2022-03-29 13:37:12 - [TEST_STEP][PASSED] - slurper = new groovy.json.JsonSlurper(): null

2022-03-29 13:37:12 - [TEST_STEP][PASSED] - get_token = slurper.parseText(token.getResponseBodyContent()): null

2022-03-29 13:37:12 - [TEST_STEP][PASSED] - private_token = access_token: null

2022-03-29 13:37:12 - [TEST_STEP][PASSED] - global_token = private_token: null

2022-03-29 13:37:12 - [TEST_STEP][PASSED] - println("token is :" + global_token): null

2022-03-29 13:37:12 - [TEST_STEP][PASSED] - response_token = token.getResponseText(): null

2022-03-29 13:37:12 - [TEST_STEP][PASSED] - logInfo($response_token): {"fault":{"faultstring":"Access Denied for client ip : 8.29.105.53","detail":{"errorcode":"accesscontrol.IPDeniedAccess"}}}

2022-03-29 13:37:12 - [MESSAGE][INFO] - {"fault":{"faultstring":"Access Denied for client ip : 8.29.105.53","detail":{"errorcode":"accesscontrol.IPDeniedAccess"}}}

2022-03-29 13:37:12 - [TEST_STEP][PASSED] - feedback = sendRequest(findTestObject("4. Feedback-ins", ["s_key":global_token, "batchid":batchid, "norek":norek, "nopin":nopin, "custname":custname, "pemohon":pemohon, "branchid":branchid, ... ])): Send request successfully

2022-03-29 13:37:16 - [MESSAGE][INFO] - HAR: I:\app-testing\app-project\Order car insurance\order-car-insurance\Reports\20220329_124138\3. Get feedback insurance - Batch 1\20220329_124139\requests\main\715.har

2022-03-29 13:37:16 - [MESSAGE][PASSED] - Send request successfully

2022-03-29 13:37:16 - [TEST_STEP][PASSED] - response_feedback = feedback.getResponseText(): null

2022-03-29 13:37:16 - [TEST_STEP][PASSED] - markPassed("result feedback data : " + no + " norek : " + norek + " nopin : " + nopin): result feedback data : 404 norek : 9890010723 nopin : 001

2022-03-29 13:37:16 - [MESSAGE][PASSED] - result feedback data : 404 norek : 9890010723 nopin : 001

2022-03-29 13:37:16 - [TEST_STEP][PASSED] - logInfo($response_feedback): {
  "FeedbackCarInsuranceResponse" : {
    "errorCode" : "00",
    "errorMessage" : "Sukses"
  }
}

2022-03-29 13:37:16 - [MESSAGE][INFO] - {
  "FeedbackCarInsuranceResponse" : {
    "errorCode" : "00",
    "errorMessage" : "Sukses"
  }
}

2022-03-29 13:37:16 - [TEST_STEP][PASSED] - verifyElementPropertyValue(feedback, "FeedbackCarInsuranceResponse.errorMessage", "Sukses", CONTINUE_ON_FAILURE): Verify element property value successfully

2022-03-29 13:37:16 - [MESSAGE][PASSED] - Verify element property value successfully]]></system-out>
         <system-err><![CDATA[]]></system-err>
      </testcase>
      <testcase name="Test Cases/3. get token - feedback insurance" time="1.246" classname="Test Cases/3. get token - feedback insurance" status="PASSED">
         <system-out><![CDATA[2022-03-29 13:37:16 - [TEST_CASE][PASSED] - Test Cases/3. get token - feedback insurance: Test Cases/3. get token - feedback insurance

2022-03-29 13:37:16 - [TEST_STEP][PASSED] - token = sendRequest(findTestObject("1. Get-Token")): Send request successfully

2022-03-29 13:37:16 - [MESSAGE][INFO] - HAR: I:\app-testing\app-project\Order car insurance\order-car-insurance\Reports\20220329_124138\3. Get feedback insurance - Batch 1\20220329_124139\requests\main\716.har

2022-03-29 13:37:16 - [MESSAGE][PASSED] - Send request successfully

2022-03-29 13:37:16 - [TEST_STEP][PASSED] - slurper = new groovy.json.JsonSlurper(): null

2022-03-29 13:37:16 - [TEST_STEP][PASSED] - get_token = slurper.parseText(token.getResponseBodyContent()): null

2022-03-29 13:37:16 - [TEST_STEP][PASSED] - private_token = access_token: null

2022-03-29 13:37:16 - [TEST_STEP][PASSED] - global_token = private_token: null

2022-03-29 13:37:16 - [TEST_STEP][PASSED] - println("token is :" + global_token): null

2022-03-29 13:37:16 - [TEST_STEP][PASSED] - response_token = token.getResponseText(): null

2022-03-29 13:37:16 - [TEST_STEP][PASSED] - logInfo($response_token): {"fault":{"faultstring":"Access Denied for client ip : 8.29.105.53","detail":{"errorcode":"accesscontrol.IPDeniedAccess"}}}

2022-03-29 13:37:16 - [MESSAGE][INFO] - {"fault":{"faultstring":"Access Denied for client ip : 8.29.105.53","detail":{"errorcode":"accesscontrol.IPDeniedAccess"}}}

2022-03-29 13:37:16 - [TEST_STEP][PASSED] - feedback = sendRequest(findTestObject("4. Feedback-ins", ["s_key":global_token, "batchid":batchid, "norek":norek, "nopin":nopin, "custname":custname, "pemohon":pemohon, "branchid":branchid, ... ])): Send request successfully

2022-03-29 13:37:17 - [MESSAGE][INFO] - HAR: I:\app-testing\app-project\Order car insurance\order-car-insurance\Reports\20220329_124138\3. Get feedback insurance - Batch 1\20220329_124139\requests\main\717.har

2022-03-29 13:37:17 - [MESSAGE][PASSED] - Send request successfully

2022-03-29 13:37:17 - [TEST_STEP][PASSED] - response_feedback = feedback.getResponseText(): null

2022-03-29 13:37:17 - [TEST_STEP][PASSED] - markPassed("result feedback data : " + no + " norek : " + norek + " nopin : " + nopin): result feedback data : 405 norek : 9890010723 nopin : 001

2022-03-29 13:37:17 - [MESSAGE][PASSED] - result feedback data : 405 norek : 9890010723 nopin : 001

2022-03-29 13:37:17 - [TEST_STEP][PASSED] - logInfo($response_feedback): {
  "FeedbackCarInsuranceResponse" : {
    "errorCode" : "00",
    "errorMessage" : "Sukses"
  }
}

2022-03-29 13:37:17 - [MESSAGE][INFO] - {
  "FeedbackCarInsuranceResponse" : {
    "errorCode" : "00",
    "errorMessage" : "Sukses"
  }
}

2022-03-29 13:37:17 - [TEST_STEP][PASSED] - verifyElementPropertyValue(feedback, "FeedbackCarInsuranceResponse.errorMessage", "Sukses", CONTINUE_ON_FAILURE): Verify element property value successfully

2022-03-29 13:37:17 - [MESSAGE][PASSED] - Verify element property value successfully]]></system-out>
         <system-err><![CDATA[]]></system-err>
      </testcase>
      <testcase name="Test Cases/3. get token - feedback insurance" time="2.216" classname="Test Cases/3. get token - feedback insurance" status="PASSED">
         <system-out><![CDATA[2022-03-29 13:37:18 - [TEST_CASE][PASSED] - Test Cases/3. get token - feedback insurance: Test Cases/3. get token - feedback insurance

2022-03-29 13:37:18 - [TEST_STEP][PASSED] - token = sendRequest(findTestObject("1. Get-Token")): Send request successfully

2022-03-29 13:37:18 - [MESSAGE][INFO] - HAR: I:\app-testing\app-project\Order car insurance\order-car-insurance\Reports\20220329_124138\3. Get feedback insurance - Batch 1\20220329_124139\requests\main\718.har

2022-03-29 13:37:18 - [MESSAGE][PASSED] - Send request successfully

2022-03-29 13:37:18 - [TEST_STEP][PASSED] - slurper = new groovy.json.JsonSlurper(): null

2022-03-29 13:37:18 - [TEST_STEP][PASSED] - get_token = slurper.parseText(token.getResponseBodyContent()): null

2022-03-29 13:37:18 - [TEST_STEP][PASSED] - private_token = access_token: null

2022-03-29 13:37:18 - [TEST_STEP][PASSED] - global_token = private_token: null

2022-03-29 13:37:18 - [TEST_STEP][PASSED] - println("token is :" + global_token): null

2022-03-29 13:37:18 - [TEST_STEP][PASSED] - response_token = token.getResponseText(): null

2022-03-29 13:37:18 - [TEST_STEP][PASSED] - logInfo($response_token): {"fault":{"faultstring":"Access Denied for client ip : 8.29.105.53","detail":{"errorcode":"accesscontrol.IPDeniedAccess"}}}

2022-03-29 13:37:18 - [MESSAGE][INFO] - {"fault":{"faultstring":"Access Denied for client ip : 8.29.105.53","detail":{"errorcode":"accesscontrol.IPDeniedAccess"}}}

2022-03-29 13:37:18 - [TEST_STEP][PASSED] - feedback = sendRequest(findTestObject("4. Feedback-ins", ["s_key":global_token, "batchid":batchid, "norek":norek, "nopin":nopin, "custname":custname, "pemohon":pemohon, "branchid":branchid, ... ])): Send request successfully

2022-03-29 13:37:20 - [MESSAGE][INFO] - HAR: I:\app-testing\app-project\Order car insurance\order-car-insurance\Reports\20220329_124138\3. Get feedback insurance - Batch 1\20220329_124139\requests\main\719.har

2022-03-29 13:37:20 - [MESSAGE][PASSED] - Send request successfully

2022-03-29 13:37:20 - [TEST_STEP][PASSED] - response_feedback = feedback.getResponseText(): null

2022-03-29 13:37:20 - [TEST_STEP][PASSED] - markPassed("result feedback data : " + no + " norek : " + norek + " nopin : " + nopin): result feedback data : 406 norek : 9890016107 nopin : 003

2022-03-29 13:37:20 - [MESSAGE][PASSED] - result feedback data : 406 norek : 9890016107 nopin : 003

2022-03-29 13:37:20 - [TEST_STEP][PASSED] - logInfo($response_feedback): {
  "FeedbackCarInsuranceResponse" : {
    "errorCode" : "00",
    "errorMessage" : "Sukses"
  }
}

2022-03-29 13:37:20 - [MESSAGE][INFO] - {
  "FeedbackCarInsuranceResponse" : {
    "errorCode" : "00",
    "errorMessage" : "Sukses"
  }
}

2022-03-29 13:37:20 - [TEST_STEP][PASSED] - verifyElementPropertyValue(feedback, "FeedbackCarInsuranceResponse.errorMessage", "Sukses", CONTINUE_ON_FAILURE): Verify element property value successfully

2022-03-29 13:37:20 - [MESSAGE][PASSED] - Verify element property value successfully]]></system-out>
         <system-err><![CDATA[]]></system-err>
      </testcase>
      <testcase name="Test Cases/3. get token - feedback insurance" time="2.395" classname="Test Cases/3. get token - feedback insurance" status="PASSED">
         <system-out><![CDATA[2022-03-29 13:37:20 - [TEST_CASE][PASSED] - Test Cases/3. get token - feedback insurance: Test Cases/3. get token - feedback insurance

2022-03-29 13:37:20 - [TEST_STEP][PASSED] - token = sendRequest(findTestObject("1. Get-Token")): Send request successfully

2022-03-29 13:37:21 - [MESSAGE][INFO] - HAR: I:\app-testing\app-project\Order car insurance\order-car-insurance\Reports\20220329_124138\3. Get feedback insurance - Batch 1\20220329_124139\requests\main\720.har

2022-03-29 13:37:21 - [MESSAGE][PASSED] - Send request successfully

2022-03-29 13:37:21 - [TEST_STEP][PASSED] - slurper = new groovy.json.JsonSlurper(): null

2022-03-29 13:37:21 - [TEST_STEP][PASSED] - get_token = slurper.parseText(token.getResponseBodyContent()): null

2022-03-29 13:37:21 - [TEST_STEP][PASSED] - private_token = access_token: null

2022-03-29 13:37:21 - [TEST_STEP][PASSED] - global_token = private_token: null

2022-03-29 13:37:21 - [TEST_STEP][PASSED] - println("token is :" + global_token): null

2022-03-29 13:37:21 - [TEST_STEP][PASSED] - response_token = token.getResponseText(): null

2022-03-29 13:37:21 - [TEST_STEP][PASSED] - logInfo($response_token): {"fault":{"faultstring":"Access Denied for client ip : 8.29.105.53","detail":{"errorcode":"accesscontrol.IPDeniedAccess"}}}

2022-03-29 13:37:21 - [MESSAGE][INFO] - {"fault":{"faultstring":"Access Denied for client ip : 8.29.105.53","detail":{"errorcode":"accesscontrol.IPDeniedAccess"}}}

2022-03-29 13:37:21 - [TEST_STEP][PASSED] - feedback = sendRequest(findTestObject("4. Feedback-ins", ["s_key":global_token, "batchid":batchid, "norek":norek, "nopin":nopin, "custname":custname, "pemohon":pemohon, "branchid":branchid, ... ])): Send request successfully

2022-03-29 13:37:23 - [MESSAGE][INFO] - HAR: I:\app-testing\app-project\Order car insurance\order-car-insurance\Reports\20220329_124138\3. Get feedback insurance - Batch 1\20220329_124139\requests\main\721.har

2022-03-29 13:37:23 - [MESSAGE][PASSED] - Send request successfully

2022-03-29 13:37:23 - [TEST_STEP][PASSED] - response_feedback = feedback.getResponseText(): null

2022-03-29 13:37:23 - [TEST_STEP][PASSED] - markPassed("result feedback data : " + no + " norek : " + norek + " nopin : " + nopin): result feedback data : 407 norek : 9890016107 nopin : 003

2022-03-29 13:37:23 - [MESSAGE][PASSED] - result feedback data : 407 norek : 9890016107 nopin : 003

2022-03-29 13:37:23 - [TEST_STEP][PASSED] - logInfo($response_feedback): {
  "FeedbackCarInsuranceResponse" : {
    "errorCode" : "00",
    "errorMessage" : "Sukses"
  }
}

2022-03-29 13:37:23 - [MESSAGE][INFO] - {
  "FeedbackCarInsuranceResponse" : {
    "errorCode" : "00",
    "errorMessage" : "Sukses"
  }
}

2022-03-29 13:37:23 - [TEST_STEP][PASSED] - verifyElementPropertyValue(feedback, "FeedbackCarInsuranceResponse.errorMessage", "Sukses", CONTINUE_ON_FAILURE): Verify element property value successfully

2022-03-29 13:37:23 - [MESSAGE][PASSED] - Verify element property value successfully]]></system-out>
         <system-err><![CDATA[]]></system-err>
      </testcase>
      <testcase name="Test Cases/3. get token - feedback insurance" time="3.765" classname="Test Cases/3. get token - feedback insurance" status="PASSED">
         <system-out><![CDATA[2022-03-29 13:37:23 - [TEST_CASE][PASSED] - Test Cases/3. get token - feedback insurance: Test Cases/3. get token - feedback insurance

2022-03-29 13:37:23 - [TEST_STEP][PASSED] - token = sendRequest(findTestObject("1. Get-Token")): Send request successfully

2022-03-29 13:37:23 - [MESSAGE][INFO] - HAR: I:\app-testing\app-project\Order car insurance\order-car-insurance\Reports\20220329_124138\3. Get feedback insurance - Batch 1\20220329_124139\requests\main\722.har

2022-03-29 13:37:23 - [MESSAGE][PASSED] - Send request successfully

2022-03-29 13:37:23 - [TEST_STEP][PASSED] - slurper = new groovy.json.JsonSlurper(): null

2022-03-29 13:37:23 - [TEST_STEP][PASSED] - get_token = slurper.parseText(token.getResponseBodyContent()): null

2022-03-29 13:37:23 - [TEST_STEP][PASSED] - private_token = access_token: null

2022-03-29 13:37:23 - [TEST_STEP][PASSED] - global_token = private_token: null

2022-03-29 13:37:23 - [TEST_STEP][PASSED] - println("token is :" + global_token): null

2022-03-29 13:37:23 - [TEST_STEP][PASSED] - response_token = token.getResponseText(): null

2022-03-29 13:37:23 - [TEST_STEP][PASSED] - logInfo($response_token): {"fault":{"faultstring":"Access Denied for client ip : 8.29.105.53","detail":{"errorcode":"accesscontrol.IPDeniedAccess"}}}

2022-03-29 13:37:23 - [MESSAGE][INFO] - {"fault":{"faultstring":"Access Denied for client ip : 8.29.105.53","detail":{"errorcode":"accesscontrol.IPDeniedAccess"}}}

2022-03-29 13:37:23 - [TEST_STEP][PASSED] - feedback = sendRequest(findTestObject("4. Feedback-ins", ["s_key":global_token, "batchid":batchid, "norek":norek, "nopin":nopin, "custname":custname, "pemohon":pemohon, "branchid":branchid, ... ])): Send request successfully

2022-03-29 13:37:27 - [MESSAGE][INFO] - HAR: I:\app-testing\app-project\Order car insurance\order-car-insurance\Reports\20220329_124138\3. Get feedback insurance - Batch 1\20220329_124139\requests\main\723.har

2022-03-29 13:37:27 - [MESSAGE][PASSED] - Send request successfully

2022-03-29 13:37:27 - [TEST_STEP][PASSED] - response_feedback = feedback.getResponseText(): null

2022-03-29 13:37:27 - [TEST_STEP][PASSED] - markPassed("result feedback data : " + no + " norek : " + norek + " nopin : " + nopin): result feedback data : 408 norek : 9890016107 nopin : 003

2022-03-29 13:37:27 - [MESSAGE][PASSED] - result feedback data : 408 norek : 9890016107 nopin : 003

2022-03-29 13:37:27 - [TEST_STEP][PASSED] - logInfo($response_feedback): {
  "FeedbackCarInsuranceResponse" : {
    "errorCode" : "00",
    "errorMessage" : "Sukses"
  }
}

2022-03-29 13:37:27 - [MESSAGE][INFO] - {
  "FeedbackCarInsuranceResponse" : {
    "errorCode" : "00",
    "errorMessage" : "Sukses"
  }
}

2022-03-29 13:37:27 - [TEST_STEP][PASSED] - verifyElementPropertyValue(feedback, "FeedbackCarInsuranceResponse.errorMessage", "Sukses", CONTINUE_ON_FAILURE): Verify element property value successfully

2022-03-29 13:37:27 - [MESSAGE][PASSED] - Verify element property value successfully]]></system-out>
         <system-err><![CDATA[]]></system-err>
      </testcase>
      <testcase name="Test Cases/3. get token - feedback insurance" time="1.102" classname="Test Cases/3. get token - feedback insurance" status="PASSED">
         <system-out><![CDATA[2022-03-29 13:37:27 - [TEST_CASE][PASSED] - Test Cases/3. get token - feedback insurance: Test Cases/3. get token - feedback insurance

2022-03-29 13:37:27 - [TEST_STEP][PASSED] - token = sendRequest(findTestObject("1. Get-Token")): Send request successfully

2022-03-29 13:37:28 - [MESSAGE][INFO] - HAR: I:\app-testing\app-project\Order car insurance\order-car-insurance\Reports\20220329_124138\3. Get feedback insurance - Batch 1\20220329_124139\requests\main\724.har

2022-03-29 13:37:28 - [MESSAGE][PASSED] - Send request successfully

2022-03-29 13:37:28 - [TEST_STEP][PASSED] - slurper = new groovy.json.JsonSlurper(): null

2022-03-29 13:37:28 - [TEST_STEP][PASSED] - get_token = slurper.parseText(token.getResponseBodyContent()): null

2022-03-29 13:37:28 - [TEST_STEP][PASSED] - private_token = access_token: null

2022-03-29 13:37:28 - [TEST_STEP][PASSED] - global_token = private_token: null

2022-03-29 13:37:28 - [TEST_STEP][PASSED] - println("token is :" + global_token): null

2022-03-29 13:37:28 - [TEST_STEP][PASSED] - response_token = token.getResponseText(): null

2022-03-29 13:37:28 - [TEST_STEP][PASSED] - logInfo($response_token): {"fault":{"faultstring":"Access Denied for client ip : 8.29.105.53","detail":{"errorcode":"accesscontrol.IPDeniedAccess"}}}

2022-03-29 13:37:28 - [MESSAGE][INFO] - {"fault":{"faultstring":"Access Denied for client ip : 8.29.105.53","detail":{"errorcode":"accesscontrol.IPDeniedAccess"}}}

2022-03-29 13:37:28 - [TEST_STEP][PASSED] - feedback = sendRequest(findTestObject("4. Feedback-ins", ["s_key":global_token, "batchid":batchid, "norek":norek, "nopin":nopin, "custname":custname, "pemohon":pemohon, "branchid":branchid, ... ])): Send request successfully

2022-03-29 13:37:28 - [MESSAGE][INFO] - HAR: I:\app-testing\app-project\Order car insurance\order-car-insurance\Reports\20220329_124138\3. Get feedback insurance - Batch 1\20220329_124139\requests\main\725.har

2022-03-29 13:37:28 - [MESSAGE][PASSED] - Send request successfully

2022-03-29 13:37:28 - [TEST_STEP][PASSED] - response_feedback = feedback.getResponseText(): null

2022-03-29 13:37:28 - [TEST_STEP][PASSED] - markPassed("result feedback data : " + no + " norek : " + norek + " nopin : " + nopin): result feedback data : 409 norek : 9890016107 nopin : 003

2022-03-29 13:37:28 - [MESSAGE][PASSED] - result feedback data : 409 norek : 9890016107 nopin : 003

2022-03-29 13:37:28 - [TEST_STEP][PASSED] - logInfo($response_feedback): {
  "FeedbackCarInsuranceResponse" : {
    "errorCode" : "00",
    "errorMessage" : "Sukses"
  }
}

2022-03-29 13:37:28 - [MESSAGE][INFO] - {
  "FeedbackCarInsuranceResponse" : {
    "errorCode" : "00",
    "errorMessage" : "Sukses"
  }
}

2022-03-29 13:37:28 - [TEST_STEP][PASSED] - verifyElementPropertyValue(feedback, "FeedbackCarInsuranceResponse.errorMessage", "Sukses", CONTINUE_ON_FAILURE): Verify element property value successfully

2022-03-29 13:37:28 - [MESSAGE][PASSED] - Verify element property value successfully]]></system-out>
         <system-err><![CDATA[]]></system-err>
      </testcase>
      <testcase name="Test Cases/3. get token - feedback insurance" time="1.596" classname="Test Cases/3. get token - feedback insurance" status="PASSED">
         <system-out><![CDATA[2022-03-29 13:37:29 - [TEST_CASE][PASSED] - Test Cases/3. get token - feedback insurance: Test Cases/3. get token - feedback insurance

2022-03-29 13:37:29 - [TEST_STEP][PASSED] - token = sendRequest(findTestObject("1. Get-Token")): Send request successfully

2022-03-29 13:37:29 - [MESSAGE][INFO] - HAR: I:\app-testing\app-project\Order car insurance\order-car-insurance\Reports\20220329_124138\3. Get feedback insurance - Batch 1\20220329_124139\requests\main\726.har

2022-03-29 13:37:29 - [MESSAGE][PASSED] - Send request successfully

2022-03-29 13:37:29 - [TEST_STEP][PASSED] - slurper = new groovy.json.JsonSlurper(): null

2022-03-29 13:37:29 - [TEST_STEP][PASSED] - get_token = slurper.parseText(token.getResponseBodyContent()): null

2022-03-29 13:37:29 - [TEST_STEP][PASSED] - private_token = access_token: null

2022-03-29 13:37:29 - [TEST_STEP][PASSED] - global_token = private_token: null

2022-03-29 13:37:29 - [TEST_STEP][PASSED] - println("token is :" + global_token): null

2022-03-29 13:37:29 - [TEST_STEP][PASSED] - response_token = token.getResponseText(): null

2022-03-29 13:37:29 - [TEST_STEP][PASSED] - logInfo($response_token): {"fault":{"faultstring":"Access Denied for client ip : 8.29.105.53","detail":{"errorcode":"accesscontrol.IPDeniedAccess"}}}

2022-03-29 13:37:29 - [MESSAGE][INFO] - {"fault":{"faultstring":"Access Denied for client ip : 8.29.105.53","detail":{"errorcode":"accesscontrol.IPDeniedAccess"}}}

2022-03-29 13:37:29 - [TEST_STEP][PASSED] - feedback = sendRequest(findTestObject("4. Feedback-ins", ["s_key":global_token, "batchid":batchid, "norek":norek, "nopin":nopin, "custname":custname, "pemohon":pemohon, "branchid":branchid, ... ])): Send request successfully

2022-03-29 13:37:30 - [MESSAGE][INFO] - HAR: I:\app-testing\app-project\Order car insurance\order-car-insurance\Reports\20220329_124138\3. Get feedback insurance - Batch 1\20220329_124139\requests\main\727.har

2022-03-29 13:37:30 - [MESSAGE][PASSED] - Send request successfully

2022-03-29 13:37:30 - [TEST_STEP][PASSED] - response_feedback = feedback.getResponseText(): null

2022-03-29 13:37:30 - [TEST_STEP][PASSED] - markPassed("result feedback data : " + no + " norek : " + norek + " nopin : " + nopin): result feedback data : 410 norek : 9920008785 nopin : 001

2022-03-29 13:37:30 - [MESSAGE][PASSED] - result feedback data : 410 norek : 9920008785 nopin : 001

2022-03-29 13:37:30 - [TEST_STEP][PASSED] - logInfo($response_feedback): {
  "FeedbackCarInsuranceResponse" : {
    "errorCode" : "00",
    "errorMessage" : "Sukses"
  }
}

2022-03-29 13:37:30 - [MESSAGE][INFO] - {
  "FeedbackCarInsuranceResponse" : {
    "errorCode" : "00",
    "errorMessage" : "Sukses"
  }
}

2022-03-29 13:37:30 - [TEST_STEP][PASSED] - verifyElementPropertyValue(feedback, "FeedbackCarInsuranceResponse.errorMessage", "Sukses", CONTINUE_ON_FAILURE): Verify element property value successfully

2022-03-29 13:37:30 - [MESSAGE][PASSED] - Verify element property value successfully]]></system-out>
         <system-err><![CDATA[]]></system-err>
      </testcase>
      <testcase name="Test Cases/3. get token - feedback insurance" time="1.151" classname="Test Cases/3. get token - feedback insurance" status="PASSED">
         <system-out><![CDATA[2022-03-29 13:37:31 - [TEST_CASE][PASSED] - Test Cases/3. get token - feedback insurance: Test Cases/3. get token - feedback insurance

2022-03-29 13:37:31 - [TEST_STEP][PASSED] - token = sendRequest(findTestObject("1. Get-Token")): Send request successfully

2022-03-29 13:37:31 - [MESSAGE][INFO] - HAR: I:\app-testing\app-project\Order car insurance\order-car-insurance\Reports\20220329_124138\3. Get feedback insurance - Batch 1\20220329_124139\requests\main\728.har

2022-03-29 13:37:31 - [MESSAGE][PASSED] - Send request successfully

2022-03-29 13:37:31 - [TEST_STEP][PASSED] - slurper = new groovy.json.JsonSlurper(): null

2022-03-29 13:37:31 - [TEST_STEP][PASSED] - get_token = slurper.parseText(token.getResponseBodyContent()): null

2022-03-29 13:37:31 - [TEST_STEP][PASSED] - private_token = access_token: null

2022-03-29 13:37:31 - [TEST_STEP][PASSED] - global_token = private_token: null

2022-03-29 13:37:31 - [TEST_STEP][PASSED] - println("token is :" + global_token): null

2022-03-29 13:37:31 - [TEST_STEP][PASSED] - response_token = token.getResponseText(): null

2022-03-29 13:37:31 - [TEST_STEP][PASSED] - logInfo($response_token): {"fault":{"faultstring":"Access Denied for client ip : 8.29.105.53","detail":{"errorcode":"accesscontrol.IPDeniedAccess"}}}

2022-03-29 13:37:31 - [MESSAGE][INFO] - {"fault":{"faultstring":"Access Denied for client ip : 8.29.105.53","detail":{"errorcode":"accesscontrol.IPDeniedAccess"}}}

2022-03-29 13:37:31 - [TEST_STEP][PASSED] - feedback = sendRequest(findTestObject("4. Feedback-ins", ["s_key":global_token, "batchid":batchid, "norek":norek, "nopin":nopin, "custname":custname, "pemohon":pemohon, "branchid":branchid, ... ])): Send request successfully

2022-03-29 13:37:32 - [MESSAGE][INFO] - HAR: I:\app-testing\app-project\Order car insurance\order-car-insurance\Reports\20220329_124138\3. Get feedback insurance - Batch 1\20220329_124139\requests\main\729.har

2022-03-29 13:37:32 - [MESSAGE][PASSED] - Send request successfully

2022-03-29 13:37:32 - [TEST_STEP][PASSED] - response_feedback = feedback.getResponseText(): null

2022-03-29 13:37:32 - [TEST_STEP][PASSED] - markPassed("result feedback data : " + no + " norek : " + norek + " nopin : " + nopin): result feedback data : 411 norek : 9920008785 nopin : 001

2022-03-29 13:37:32 - [MESSAGE][PASSED] - result feedback data : 411 norek : 9920008785 nopin : 001

2022-03-29 13:37:32 - [TEST_STEP][PASSED] - logInfo($response_feedback): {
  "FeedbackCarInsuranceResponse" : {
    "errorCode" : "00",
    "errorMessage" : "Sukses"
  }
}

2022-03-29 13:37:32 - [MESSAGE][INFO] - {
  "FeedbackCarInsuranceResponse" : {
    "errorCode" : "00",
    "errorMessage" : "Sukses"
  }
}

2022-03-29 13:37:32 - [TEST_STEP][PASSED] - verifyElementPropertyValue(feedback, "FeedbackCarInsuranceResponse.errorMessage", "Sukses", CONTINUE_ON_FAILURE): Verify element property value successfully

2022-03-29 13:37:32 - [MESSAGE][PASSED] - Verify element property value successfully]]></system-out>
         <system-err><![CDATA[]]></system-err>
      </testcase>
      <testcase name="Test Cases/3. get token - feedback insurance" time="1.155" classname="Test Cases/3. get token - feedback insurance" status="PASSED">
         <system-out><![CDATA[2022-03-29 13:37:32 - [TEST_CASE][PASSED] - Test Cases/3. get token - feedback insurance: Test Cases/3. get token - feedback insurance

2022-03-29 13:37:33 - [TEST_STEP][PASSED] - token = sendRequest(findTestObject("1. Get-Token")): Send request successfully

2022-03-29 13:37:33 - [MESSAGE][INFO] - HAR: I:\app-testing\app-project\Order car insurance\order-car-insurance\Reports\20220329_124138\3. Get feedback insurance - Batch 1\20220329_124139\requests\main\730.har

2022-03-29 13:37:33 - [MESSAGE][PASSED] - Send request successfully

2022-03-29 13:37:33 - [TEST_STEP][PASSED] - slurper = new groovy.json.JsonSlurper(): null

2022-03-29 13:37:33 - [TEST_STEP][PASSED] - get_token = slurper.parseText(token.getResponseBodyContent()): null

2022-03-29 13:37:33 - [TEST_STEP][PASSED] - private_token = access_token: null

2022-03-29 13:37:33 - [TEST_STEP][PASSED] - global_token = private_token: null

2022-03-29 13:37:33 - [TEST_STEP][PASSED] - println("token is :" + global_token): null

2022-03-29 13:37:33 - [TEST_STEP][PASSED] - response_token = token.getResponseText(): null

2022-03-29 13:37:33 - [TEST_STEP][PASSED] - logInfo($response_token): {"fault":{"faultstring":"Access Denied for client ip : 8.29.105.53","detail":{"errorcode":"accesscontrol.IPDeniedAccess"}}}

2022-03-29 13:37:33 - [MESSAGE][INFO] - {"fault":{"faultstring":"Access Denied for client ip : 8.29.105.53","detail":{"errorcode":"accesscontrol.IPDeniedAccess"}}}

2022-03-29 13:37:33 - [TEST_STEP][PASSED] - feedback = sendRequest(findTestObject("4. Feedback-ins", ["s_key":global_token, "batchid":batchid, "norek":norek, "nopin":nopin, "custname":custname, "pemohon":pemohon, "branchid":branchid, ... ])): Send request successfully

2022-03-29 13:37:34 - [MESSAGE][INFO] - HAR: I:\app-testing\app-project\Order car insurance\order-car-insurance\Reports\20220329_124138\3. Get feedback insurance - Batch 1\20220329_124139\requests\main\731.har

2022-03-29 13:37:34 - [MESSAGE][PASSED] - Send request successfully

2022-03-29 13:37:34 - [TEST_STEP][PASSED] - response_feedback = feedback.getResponseText(): null

2022-03-29 13:37:34 - [TEST_STEP][PASSED] - markPassed("result feedback data : " + no + " norek : " + norek + " nopin : " + nopin): result feedback data : 412 norek : 9920008785 nopin : 001

2022-03-29 13:37:34 - [MESSAGE][PASSED] - result feedback data : 412 norek : 9920008785 nopin : 001

2022-03-29 13:37:34 - [TEST_STEP][PASSED] - logInfo($response_feedback): {
  "FeedbackCarInsuranceResponse" : {
    "errorCode" : "00",
    "errorMessage" : "Sukses"
  }
}

2022-03-29 13:37:34 - [MESSAGE][INFO] - {
  "FeedbackCarInsuranceResponse" : {
    "errorCode" : "00",
    "errorMessage" : "Sukses"
  }
}

2022-03-29 13:37:34 - [TEST_STEP][PASSED] - verifyElementPropertyValue(feedback, "FeedbackCarInsuranceResponse.errorMessage", "Sukses", CONTINUE_ON_FAILURE): Verify element property value successfully

2022-03-29 13:37:34 - [MESSAGE][PASSED] - Verify element property value successfully]]></system-out>
         <system-err><![CDATA[]]></system-err>
      </testcase>
      <testcase name="Test Cases/3. get token - feedback insurance" time="1.124" classname="Test Cases/3. get token - feedback insurance" status="PASSED">
         <system-out><![CDATA[2022-03-29 13:37:34 - [TEST_CASE][PASSED] - Test Cases/3. get token - feedback insurance: Test Cases/3. get token - feedback insurance

2022-03-29 13:37:34 - [TEST_STEP][PASSED] - token = sendRequest(findTestObject("1. Get-Token")): Send request successfully

2022-03-29 13:37:34 - [MESSAGE][INFO] - HAR: I:\app-testing\app-project\Order car insurance\order-car-insurance\Reports\20220329_124138\3. Get feedback insurance - Batch 1\20220329_124139\requests\main\732.har

2022-03-29 13:37:34 - [MESSAGE][PASSED] - Send request successfully

2022-03-29 13:37:34 - [TEST_STEP][PASSED] - slurper = new groovy.json.JsonSlurper(): null

2022-03-29 13:37:34 - [TEST_STEP][PASSED] - get_token = slurper.parseText(token.getResponseBodyContent()): null

2022-03-29 13:37:34 - [TEST_STEP][PASSED] - private_token = access_token: null

2022-03-29 13:37:34 - [TEST_STEP][PASSED] - global_token = private_token: null

2022-03-29 13:37:34 - [TEST_STEP][PASSED] - println("token is :" + global_token): null

2022-03-29 13:37:34 - [TEST_STEP][PASSED] - response_token = token.getResponseText(): null

2022-03-29 13:37:34 - [TEST_STEP][PASSED] - logInfo($response_token): {"fault":{"faultstring":"Access Denied for client ip : 8.29.105.53","detail":{"errorcode":"accesscontrol.IPDeniedAccess"}}}

2022-03-29 13:37:34 - [MESSAGE][INFO] - {"fault":{"faultstring":"Access Denied for client ip : 8.29.105.53","detail":{"errorcode":"accesscontrol.IPDeniedAccess"}}}

2022-03-29 13:37:34 - [TEST_STEP][PASSED] - feedback = sendRequest(findTestObject("4. Feedback-ins", ["s_key":global_token, "batchid":batchid, "norek":norek, "nopin":nopin, "custname":custname, "pemohon":pemohon, "branchid":branchid, ... ])): Send request successfully

2022-03-29 13:37:35 - [MESSAGE][INFO] - HAR: I:\app-testing\app-project\Order car insurance\order-car-insurance\Reports\20220329_124138\3. Get feedback insurance - Batch 1\20220329_124139\requests\main\733.har

2022-03-29 13:37:35 - [MESSAGE][PASSED] - Send request successfully

2022-03-29 13:37:35 - [TEST_STEP][PASSED] - response_feedback = feedback.getResponseText(): null

2022-03-29 13:37:35 - [TEST_STEP][PASSED] - markPassed("result feedback data : " + no + " norek : " + norek + " nopin : " + nopin): result feedback data : 413 norek : 9920008785 nopin : 001

2022-03-29 13:37:35 - [MESSAGE][PASSED] - result feedback data : 413 norek : 9920008785 nopin : 001

2022-03-29 13:37:35 - [TEST_STEP][PASSED] - logInfo($response_feedback): {
  "FeedbackCarInsuranceResponse" : {
    "errorCode" : "00",
    "errorMessage" : "Sukses"
  }
}

2022-03-29 13:37:35 - [MESSAGE][INFO] - {
  "FeedbackCarInsuranceResponse" : {
    "errorCode" : "00",
    "errorMessage" : "Sukses"
  }
}

2022-03-29 13:37:35 - [TEST_STEP][PASSED] - verifyElementPropertyValue(feedback, "FeedbackCarInsuranceResponse.errorMessage", "Sukses", CONTINUE_ON_FAILURE): Verify element property value successfully

2022-03-29 13:37:35 - [MESSAGE][PASSED] - Verify element property value successfully]]></system-out>
         <system-err><![CDATA[]]></system-err>
      </testcase>
      <testcase name="Test Cases/3. get token - feedback insurance" time="1.223" classname="Test Cases/3. get token - feedback insurance" status="PASSED">
         <system-out><![CDATA[2022-03-29 13:37:36 - [TEST_CASE][PASSED] - Test Cases/3. get token - feedback insurance: Test Cases/3. get token - feedback insurance

2022-03-29 13:37:36 - [TEST_STEP][PASSED] - token = sendRequest(findTestObject("1. Get-Token")): Send request successfully

2022-03-29 13:37:36 - [MESSAGE][INFO] - HAR: I:\app-testing\app-project\Order car insurance\order-car-insurance\Reports\20220329_124138\3. Get feedback insurance - Batch 1\20220329_124139\requests\main\734.har

2022-03-29 13:37:36 - [MESSAGE][PASSED] - Send request successfully

2022-03-29 13:37:36 - [TEST_STEP][PASSED] - slurper = new groovy.json.JsonSlurper(): null

2022-03-29 13:37:36 - [TEST_STEP][PASSED] - get_token = slurper.parseText(token.getResponseBodyContent()): null

2022-03-29 13:37:36 - [TEST_STEP][PASSED] - private_token = access_token: null

2022-03-29 13:37:36 - [TEST_STEP][PASSED] - global_token = private_token: null

2022-03-29 13:37:36 - [TEST_STEP][PASSED] - println("token is :" + global_token): null

2022-03-29 13:37:36 - [TEST_STEP][PASSED] - response_token = token.getResponseText(): null

2022-03-29 13:37:36 - [TEST_STEP][PASSED] - logInfo($response_token): {"fault":{"faultstring":"Access Denied for client ip : 8.29.105.53","detail":{"errorcode":"accesscontrol.IPDeniedAccess"}}}

2022-03-29 13:37:36 - [MESSAGE][INFO] - {"fault":{"faultstring":"Access Denied for client ip : 8.29.105.53","detail":{"errorcode":"accesscontrol.IPDeniedAccess"}}}

2022-03-29 13:37:36 - [TEST_STEP][PASSED] - feedback = sendRequest(findTestObject("4. Feedback-ins", ["s_key":global_token, "batchid":batchid, "norek":norek, "nopin":nopin, "custname":custname, "pemohon":pemohon, "branchid":branchid, ... ])): Send request successfully

2022-03-29 13:37:37 - [MESSAGE][INFO] - HAR: I:\app-testing\app-project\Order car insurance\order-car-insurance\Reports\20220329_124138\3. Get feedback insurance - Batch 1\20220329_124139\requests\main\735.har

2022-03-29 13:37:37 - [MESSAGE][PASSED] - Send request successfully

2022-03-29 13:37:37 - [TEST_STEP][PASSED] - response_feedback = feedback.getResponseText(): null

2022-03-29 13:37:37 - [TEST_STEP][PASSED] - markPassed("result feedback data : " + no + " norek : " + norek + " nopin : " + nopin): result feedback data : 414 norek : 9920008785 nopin : 001

2022-03-29 13:37:37 - [MESSAGE][PASSED] - result feedback data : 414 norek : 9920008785 nopin : 001

2022-03-29 13:37:37 - [TEST_STEP][PASSED] - logInfo($response_feedback): {
  "FeedbackCarInsuranceResponse" : {
    "errorCode" : "00",
    "errorMessage" : "Sukses"
  }
}

2022-03-29 13:37:37 - [MESSAGE][INFO] - {
  "FeedbackCarInsuranceResponse" : {
    "errorCode" : "00",
    "errorMessage" : "Sukses"
  }
}

2022-03-29 13:37:37 - [TEST_STEP][PASSED] - verifyElementPropertyValue(feedback, "FeedbackCarInsuranceResponse.errorMessage", "Sukses", CONTINUE_ON_FAILURE): Verify element property value successfully

2022-03-29 13:37:37 - [MESSAGE][PASSED] - Verify element property value successfully]]></system-out>
         <system-err><![CDATA[]]></system-err>
      </testcase>
      <testcase name="Test Cases/3. get token - feedback insurance" time="2.887" classname="Test Cases/3. get token - feedback insurance" status="PASSED">
         <system-out><![CDATA[2022-03-29 13:37:37 - [TEST_CASE][PASSED] - Test Cases/3. get token - feedback insurance: Test Cases/3. get token - feedback insurance

2022-03-29 13:37:37 - [TEST_STEP][PASSED] - token = sendRequest(findTestObject("1. Get-Token")): Send request successfully

2022-03-29 13:37:38 - [MESSAGE][INFO] - HAR: I:\app-testing\app-project\Order car insurance\order-car-insurance\Reports\20220329_124138\3. Get feedback insurance - Batch 1\20220329_124139\requests\main\736.har

2022-03-29 13:37:38 - [MESSAGE][PASSED] - Send request successfully

2022-03-29 13:37:38 - [TEST_STEP][PASSED] - slurper = new groovy.json.JsonSlurper(): null

2022-03-29 13:37:38 - [TEST_STEP][PASSED] - get_token = slurper.parseText(token.getResponseBodyContent()): null

2022-03-29 13:37:38 - [TEST_STEP][PASSED] - private_token = access_token: null

2022-03-29 13:37:38 - [TEST_STEP][PASSED] - global_token = private_token: null

2022-03-29 13:37:38 - [TEST_STEP][PASSED] - println("token is :" + global_token): null

2022-03-29 13:37:38 - [TEST_STEP][PASSED] - response_token = token.getResponseText(): null

2022-03-29 13:37:38 - [TEST_STEP][PASSED] - logInfo($response_token): {"fault":{"faultstring":"Access Denied for client ip : 8.29.105.53","detail":{"errorcode":"accesscontrol.IPDeniedAccess"}}}

2022-03-29 13:37:38 - [MESSAGE][INFO] - {"fault":{"faultstring":"Access Denied for client ip : 8.29.105.53","detail":{"errorcode":"accesscontrol.IPDeniedAccess"}}}

2022-03-29 13:37:38 - [TEST_STEP][PASSED] - feedback = sendRequest(findTestObject("4. Feedback-ins", ["s_key":global_token, "batchid":batchid, "norek":norek, "nopin":nopin, "custname":custname, "pemohon":pemohon, "branchid":branchid, ... ])): Send request successfully

2022-03-29 13:37:40 - [MESSAGE][INFO] - HAR: I:\app-testing\app-project\Order car insurance\order-car-insurance\Reports\20220329_124138\3. Get feedback insurance - Batch 1\20220329_124139\requests\main\737.har

2022-03-29 13:37:40 - [MESSAGE][PASSED] - Send request successfully

2022-03-29 13:37:40 - [TEST_STEP][PASSED] - response_feedback = feedback.getResponseText(): null

2022-03-29 13:37:40 - [TEST_STEP][PASSED] - markPassed("result feedback data : " + no + " norek : " + norek + " nopin : " + nopin): result feedback data : 415 norek : 9920008785 nopin : 001

2022-03-29 13:37:40 - [MESSAGE][PASSED] - result feedback data : 415 norek : 9920008785 nopin : 001

2022-03-29 13:37:40 - [TEST_STEP][PASSED] - logInfo($response_feedback): {
  "FeedbackCarInsuranceResponse" : {
    "errorCode" : "00",
    "errorMessage" : "Sukses"
  }
}

2022-03-29 13:37:40 - [MESSAGE][INFO] - {
  "FeedbackCarInsuranceResponse" : {
    "errorCode" : "00",
    "errorMessage" : "Sukses"
  }
}

2022-03-29 13:37:40 - [TEST_STEP][PASSED] - verifyElementPropertyValue(feedback, "FeedbackCarInsuranceResponse.errorMessage", "Sukses", CONTINUE_ON_FAILURE): Verify element property value successfully

2022-03-29 13:37:40 - [MESSAGE][PASSED] - Verify element property value successfully]]></system-out>
         <system-err><![CDATA[]]></system-err>
      </testcase>
      <testcase name="Test Cases/3. get token - feedback insurance" time="2.358" classname="Test Cases/3. get token - feedback insurance" status="PASSED">
         <system-out><![CDATA[2022-03-29 13:37:41 - [TEST_CASE][PASSED] - Test Cases/3. get token - feedback insurance: Test Cases/3. get token - feedback insurance

2022-03-29 13:37:41 - [TEST_STEP][PASSED] - token = sendRequest(findTestObject("1. Get-Token")): Send request successfully

2022-03-29 13:37:41 - [MESSAGE][INFO] - HAR: I:\app-testing\app-project\Order car insurance\order-car-insurance\Reports\20220329_124138\3. Get feedback insurance - Batch 1\20220329_124139\requests\main\738.har

2022-03-29 13:37:41 - [MESSAGE][PASSED] - Send request successfully

2022-03-29 13:37:41 - [TEST_STEP][PASSED] - slurper = new groovy.json.JsonSlurper(): null

2022-03-29 13:37:41 - [TEST_STEP][PASSED] - get_token = slurper.parseText(token.getResponseBodyContent()): null

2022-03-29 13:37:41 - [TEST_STEP][PASSED] - private_token = access_token: null

2022-03-29 13:37:41 - [TEST_STEP][PASSED] - global_token = private_token: null

2022-03-29 13:37:41 - [TEST_STEP][PASSED] - println("token is :" + global_token): null

2022-03-29 13:37:41 - [TEST_STEP][PASSED] - response_token = token.getResponseText(): null

2022-03-29 13:37:41 - [TEST_STEP][PASSED] - logInfo($response_token): {"fault":{"faultstring":"Access Denied for client ip : 8.29.105.53","detail":{"errorcode":"accesscontrol.IPDeniedAccess"}}}

2022-03-29 13:37:41 - [MESSAGE][INFO] - {"fault":{"faultstring":"Access Denied for client ip : 8.29.105.53","detail":{"errorcode":"accesscontrol.IPDeniedAccess"}}}

2022-03-29 13:37:41 - [TEST_STEP][PASSED] - feedback = sendRequest(findTestObject("4. Feedback-ins", ["s_key":global_token, "batchid":batchid, "norek":norek, "nopin":nopin, "custname":custname, "pemohon":pemohon, "branchid":branchid, ... ])): Send request successfully

2022-03-29 13:37:43 - [MESSAGE][INFO] - HAR: I:\app-testing\app-project\Order car insurance\order-car-insurance\Reports\20220329_124138\3. Get feedback insurance - Batch 1\20220329_124139\requests\main\739.har

2022-03-29 13:37:43 - [MESSAGE][PASSED] - Send request successfully

2022-03-29 13:37:43 - [TEST_STEP][PASSED] - response_feedback = feedback.getResponseText(): null

2022-03-29 13:37:43 - [TEST_STEP][PASSED] - markPassed("result feedback data : " + no + " norek : " + norek + " nopin : " + nopin): result feedback data : 416 norek : 9920008802 nopin : 001

2022-03-29 13:37:43 - [MESSAGE][PASSED] - result feedback data : 416 norek : 9920008802 nopin : 001

2022-03-29 13:37:43 - [TEST_STEP][PASSED] - logInfo($response_feedback): {
  "FeedbackCarInsuranceResponse" : {
    "errorCode" : "00",
    "errorMessage" : "Sukses"
  }
}

2022-03-29 13:37:43 - [MESSAGE][INFO] - {
  "FeedbackCarInsuranceResponse" : {
    "errorCode" : "00",
    "errorMessage" : "Sukses"
  }
}

2022-03-29 13:37:43 - [TEST_STEP][PASSED] - verifyElementPropertyValue(feedback, "FeedbackCarInsuranceResponse.errorMessage", "Sukses", CONTINUE_ON_FAILURE): Verify element property value successfully

2022-03-29 13:37:43 - [MESSAGE][PASSED] - Verify element property value successfully]]></system-out>
         <system-err><![CDATA[]]></system-err>
      </testcase>
      <testcase name="Test Cases/3. get token - feedback insurance" time="1.159" classname="Test Cases/3. get token - feedback insurance" status="PASSED">
         <system-out><![CDATA[2022-03-29 13:37:43 - [TEST_CASE][PASSED] - Test Cases/3. get token - feedback insurance: Test Cases/3. get token - feedback insurance

2022-03-29 13:37:43 - [TEST_STEP][PASSED] - token = sendRequest(findTestObject("1. Get-Token")): Send request successfully

2022-03-29 13:37:44 - [MESSAGE][INFO] - HAR: I:\app-testing\app-project\Order car insurance\order-car-insurance\Reports\20220329_124138\3. Get feedback insurance - Batch 1\20220329_124139\requests\main\740.har

2022-03-29 13:37:44 - [MESSAGE][PASSED] - Send request successfully

2022-03-29 13:37:44 - [TEST_STEP][PASSED] - slurper = new groovy.json.JsonSlurper(): null

2022-03-29 13:37:44 - [TEST_STEP][PASSED] - get_token = slurper.parseText(token.getResponseBodyContent()): null

2022-03-29 13:37:44 - [TEST_STEP][PASSED] - private_token = access_token: null

2022-03-29 13:37:44 - [TEST_STEP][PASSED] - global_token = private_token: null

2022-03-29 13:37:44 - [TEST_STEP][PASSED] - println("token is :" + global_token): null

2022-03-29 13:37:44 - [TEST_STEP][PASSED] - response_token = token.getResponseText(): null

2022-03-29 13:37:44 - [TEST_STEP][PASSED] - logInfo($response_token): {"fault":{"faultstring":"Access Denied for client ip : 8.29.105.53","detail":{"errorcode":"accesscontrol.IPDeniedAccess"}}}

2022-03-29 13:37:44 - [MESSAGE][INFO] - {"fault":{"faultstring":"Access Denied for client ip : 8.29.105.53","detail":{"errorcode":"accesscontrol.IPDeniedAccess"}}}

2022-03-29 13:37:44 - [TEST_STEP][PASSED] - feedback = sendRequest(findTestObject("4. Feedback-ins", ["s_key":global_token, "batchid":batchid, "norek":norek, "nopin":nopin, "custname":custname, "pemohon":pemohon, "branchid":branchid, ... ])): Send request successfully

2022-03-29 13:37:45 - [MESSAGE][INFO] - HAR: I:\app-testing\app-project\Order car insurance\order-car-insurance\Reports\20220329_124138\3. Get feedback insurance - Batch 1\20220329_124139\requests\main\741.har

2022-03-29 13:37:45 - [MESSAGE][PASSED] - Send request successfully

2022-03-29 13:37:45 - [TEST_STEP][PASSED] - response_feedback = feedback.getResponseText(): null

2022-03-29 13:37:45 - [TEST_STEP][PASSED] - markPassed("result feedback data : " + no + " norek : " + norek + " nopin : " + nopin): result feedback data : 417 norek : 9920008802 nopin : 001

2022-03-29 13:37:45 - [MESSAGE][PASSED] - result feedback data : 417 norek : 9920008802 nopin : 001

2022-03-29 13:37:45 - [TEST_STEP][PASSED] - logInfo($response_feedback): {
  "FeedbackCarInsuranceResponse" : {
    "errorCode" : "00",
    "errorMessage" : "Sukses"
  }
}

2022-03-29 13:37:45 - [MESSAGE][INFO] - {
  "FeedbackCarInsuranceResponse" : {
    "errorCode" : "00",
    "errorMessage" : "Sukses"
  }
}

2022-03-29 13:37:45 - [TEST_STEP][PASSED] - verifyElementPropertyValue(feedback, "FeedbackCarInsuranceResponse.errorMessage", "Sukses", CONTINUE_ON_FAILURE): Verify element property value successfully

2022-03-29 13:37:45 - [MESSAGE][PASSED] - Verify element property value successfully]]></system-out>
         <system-err><![CDATA[]]></system-err>
      </testcase>
      <testcase name="Test Cases/3. get token - feedback insurance" time="1.182" classname="Test Cases/3. get token - feedback insurance" status="PASSED">
         <system-out><![CDATA[2022-03-29 13:37:45 - [TEST_CASE][PASSED] - Test Cases/3. get token - feedback insurance: Test Cases/3. get token - feedback insurance

2022-03-29 13:37:45 - [TEST_STEP][PASSED] - token = sendRequest(findTestObject("1. Get-Token")): Send request successfully

2022-03-29 13:37:45 - [MESSAGE][INFO] - HAR: I:\app-testing\app-project\Order car insurance\order-car-insurance\Reports\20220329_124138\3. Get feedback insurance - Batch 1\20220329_124139\requests\main\742.har

2022-03-29 13:37:45 - [MESSAGE][PASSED] - Send request successfully

2022-03-29 13:37:45 - [TEST_STEP][PASSED] - slurper = new groovy.json.JsonSlurper(): null

2022-03-29 13:37:45 - [TEST_STEP][PASSED] - get_token = slurper.parseText(token.getResponseBodyContent()): null

2022-03-29 13:37:45 - [TEST_STEP][PASSED] - private_token = access_token: null

2022-03-29 13:37:45 - [TEST_STEP][PASSED] - global_token = private_token: null

2022-03-29 13:37:45 - [TEST_STEP][PASSED] - println("token is :" + global_token): null

2022-03-29 13:37:45 - [TEST_STEP][PASSED] - response_token = token.getResponseText(): null

2022-03-29 13:37:45 - [TEST_STEP][PASSED] - logInfo($response_token): {"fault":{"faultstring":"Access Denied for client ip : 8.29.105.53","detail":{"errorcode":"accesscontrol.IPDeniedAccess"}}}

2022-03-29 13:37:45 - [MESSAGE][INFO] - {"fault":{"faultstring":"Access Denied for client ip : 8.29.105.53","detail":{"errorcode":"accesscontrol.IPDeniedAccess"}}}

2022-03-29 13:37:45 - [TEST_STEP][PASSED] - feedback = sendRequest(findTestObject("4. Feedback-ins", ["s_key":global_token, "batchid":batchid, "norek":norek, "nopin":nopin, "custname":custname, "pemohon":pemohon, "branchid":branchid, ... ])): Send request successfully

2022-03-29 13:37:46 - [MESSAGE][INFO] - HAR: I:\app-testing\app-project\Order car insurance\order-car-insurance\Reports\20220329_124138\3. Get feedback insurance - Batch 1\20220329_124139\requests\main\743.har

2022-03-29 13:37:46 - [MESSAGE][PASSED] - Send request successfully

2022-03-29 13:37:46 - [TEST_STEP][PASSED] - response_feedback = feedback.getResponseText(): null

2022-03-29 13:37:46 - [TEST_STEP][PASSED] - markPassed("result feedback data : " + no + " norek : " + norek + " nopin : " + nopin): result feedback data : 418 norek : 9920008802 nopin : 001

2022-03-29 13:37:46 - [MESSAGE][PASSED] - result feedback data : 418 norek : 9920008802 nopin : 001

2022-03-29 13:37:46 - [TEST_STEP][PASSED] - logInfo($response_feedback): {
  "FeedbackCarInsuranceResponse" : {
    "errorCode" : "00",
    "errorMessage" : "Sukses"
  }
}

2022-03-29 13:37:46 - [MESSAGE][INFO] - {
  "FeedbackCarInsuranceResponse" : {
    "errorCode" : "00",
    "errorMessage" : "Sukses"
  }
}

2022-03-29 13:37:46 - [TEST_STEP][PASSED] - verifyElementPropertyValue(feedback, "FeedbackCarInsuranceResponse.errorMessage", "Sukses", CONTINUE_ON_FAILURE): Verify element property value successfully

2022-03-29 13:37:46 - [MESSAGE][PASSED] - Verify element property value successfully]]></system-out>
         <system-err><![CDATA[]]></system-err>
      </testcase>
      <testcase name="Test Cases/3. get token - feedback insurance" time="1.154" classname="Test Cases/3. get token - feedback insurance" status="PASSED">
         <system-out><![CDATA[2022-03-29 13:37:47 - [TEST_CASE][PASSED] - Test Cases/3. get token - feedback insurance: Test Cases/3. get token - feedback insurance

2022-03-29 13:37:47 - [TEST_STEP][PASSED] - token = sendRequest(findTestObject("1. Get-Token")): Send request successfully

2022-03-29 13:37:47 - [MESSAGE][INFO] - HAR: I:\app-testing\app-project\Order car insurance\order-car-insurance\Reports\20220329_124138\3. Get feedback insurance - Batch 1\20220329_124139\requests\main\744.har

2022-03-29 13:37:47 - [MESSAGE][PASSED] - Send request successfully

2022-03-29 13:37:47 - [TEST_STEP][PASSED] - slurper = new groovy.json.JsonSlurper(): null

2022-03-29 13:37:47 - [TEST_STEP][PASSED] - get_token = slurper.parseText(token.getResponseBodyContent()): null

2022-03-29 13:37:47 - [TEST_STEP][PASSED] - private_token = access_token: null

2022-03-29 13:37:47 - [TEST_STEP][PASSED] - global_token = private_token: null

2022-03-29 13:37:47 - [TEST_STEP][PASSED] - println("token is :" + global_token): null

2022-03-29 13:37:47 - [TEST_STEP][PASSED] - response_token = token.getResponseText(): null

2022-03-29 13:37:47 - [TEST_STEP][PASSED] - logInfo($response_token): {"fault":{"faultstring":"Access Denied for client ip : 8.29.105.53","detail":{"errorcode":"accesscontrol.IPDeniedAccess"}}}

2022-03-29 13:37:47 - [MESSAGE][INFO] - {"fault":{"faultstring":"Access Denied for client ip : 8.29.105.53","detail":{"errorcode":"accesscontrol.IPDeniedAccess"}}}

2022-03-29 13:37:47 - [TEST_STEP][PASSED] - feedback = sendRequest(findTestObject("4. Feedback-ins", ["s_key":global_token, "batchid":batchid, "norek":norek, "nopin":nopin, "custname":custname, "pemohon":pemohon, "branchid":branchid, ... ])): Send request successfully

2022-03-29 13:37:48 - [MESSAGE][INFO] - HAR: I:\app-testing\app-project\Order car insurance\order-car-insurance\Reports\20220329_124138\3. Get feedback insurance - Batch 1\20220329_124139\requests\main\745.har

2022-03-29 13:37:48 - [MESSAGE][PASSED] - Send request successfully

2022-03-29 13:37:48 - [TEST_STEP][PASSED] - response_feedback = feedback.getResponseText(): null

2022-03-29 13:37:48 - [TEST_STEP][PASSED] - markPassed("result feedback data : " + no + " norek : " + norek + " nopin : " + nopin): result feedback data : 419 norek : 9920008802 nopin : 001

2022-03-29 13:37:48 - [MESSAGE][PASSED] - result feedback data : 419 norek : 9920008802 nopin : 001

2022-03-29 13:37:48 - [TEST_STEP][PASSED] - logInfo($response_feedback): {
  "FeedbackCarInsuranceResponse" : {
    "errorCode" : "00",
    "errorMessage" : "Sukses"
  }
}

2022-03-29 13:37:48 - [MESSAGE][INFO] - {
  "FeedbackCarInsuranceResponse" : {
    "errorCode" : "00",
    "errorMessage" : "Sukses"
  }
}

2022-03-29 13:37:48 - [TEST_STEP][PASSED] - verifyElementPropertyValue(feedback, "FeedbackCarInsuranceResponse.errorMessage", "Sukses", CONTINUE_ON_FAILURE): Verify element property value successfully

2022-03-29 13:37:48 - [MESSAGE][PASSED] - Verify element property value successfully]]></system-out>
         <system-err><![CDATA[]]></system-err>
      </testcase>
      <testcase name="Test Cases/3. get token - feedback insurance" time="1.11" classname="Test Cases/3. get token - feedback insurance" status="PASSED">
         <system-out><![CDATA[2022-03-29 13:37:48 - [TEST_CASE][PASSED] - Test Cases/3. get token - feedback insurance: Test Cases/3. get token - feedback insurance

2022-03-29 13:37:48 - [TEST_STEP][PASSED] - token = sendRequest(findTestObject("1. Get-Token")): Send request successfully

2022-03-29 13:37:48 - [MESSAGE][INFO] - HAR: I:\app-testing\app-project\Order car insurance\order-car-insurance\Reports\20220329_124138\3. Get feedback insurance - Batch 1\20220329_124139\requests\main\746.har

2022-03-29 13:37:48 - [MESSAGE][PASSED] - Send request successfully

2022-03-29 13:37:48 - [TEST_STEP][PASSED] - slurper = new groovy.json.JsonSlurper(): null

2022-03-29 13:37:48 - [TEST_STEP][PASSED] - get_token = slurper.parseText(token.getResponseBodyContent()): null

2022-03-29 13:37:48 - [TEST_STEP][PASSED] - private_token = access_token: null

2022-03-29 13:37:48 - [TEST_STEP][PASSED] - global_token = private_token: null

2022-03-29 13:37:48 - [TEST_STEP][PASSED] - println("token is :" + global_token): null

2022-03-29 13:37:48 - [TEST_STEP][PASSED] - response_token = token.getResponseText(): null

2022-03-29 13:37:48 - [TEST_STEP][PASSED] - logInfo($response_token): {"fault":{"faultstring":"Access Denied for client ip : 8.29.105.53","detail":{"errorcode":"accesscontrol.IPDeniedAccess"}}}

2022-03-29 13:37:48 - [MESSAGE][INFO] - {"fault":{"faultstring":"Access Denied for client ip : 8.29.105.53","detail":{"errorcode":"accesscontrol.IPDeniedAccess"}}}

2022-03-29 13:37:48 - [TEST_STEP][PASSED] - feedback = sendRequest(findTestObject("4. Feedback-ins", ["s_key":global_token, "batchid":batchid, "norek":norek, "nopin":nopin, "custname":custname, "pemohon":pemohon, "branchid":branchid, ... ])): Send request successfully

2022-03-29 13:37:49 - [MESSAGE][INFO] - HAR: I:\app-testing\app-project\Order car insurance\order-car-insurance\Reports\20220329_124138\3. Get feedback insurance - Batch 1\20220329_124139\requests\main\747.har

2022-03-29 13:37:49 - [MESSAGE][PASSED] - Send request successfully

2022-03-29 13:37:49 - [TEST_STEP][PASSED] - response_feedback = feedback.getResponseText(): null

2022-03-29 13:37:49 - [TEST_STEP][PASSED] - markPassed("result feedback data : " + no + " norek : " + norek + " nopin : " + nopin): result feedback data : 420 norek : 9920008802 nopin : 001

2022-03-29 13:37:49 - [MESSAGE][PASSED] - result feedback data : 420 norek : 9920008802 nopin : 001

2022-03-29 13:37:49 - [TEST_STEP][PASSED] - logInfo($response_feedback): {
  "FeedbackCarInsuranceResponse" : {
    "errorCode" : "00",
    "errorMessage" : "Sukses"
  }
}

2022-03-29 13:37:49 - [MESSAGE][INFO] - {
  "FeedbackCarInsuranceResponse" : {
    "errorCode" : "00",
    "errorMessage" : "Sukses"
  }
}

2022-03-29 13:37:49 - [TEST_STEP][PASSED] - verifyElementPropertyValue(feedback, "FeedbackCarInsuranceResponse.errorMessage", "Sukses", CONTINUE_ON_FAILURE): Verify element property value successfully

2022-03-29 13:37:49 - [MESSAGE][PASSED] - Verify element property value successfully]]></system-out>
         <system-err><![CDATA[]]></system-err>
      </testcase>
      <testcase name="Test Cases/3. get token - feedback insurance" time="1.734" classname="Test Cases/3. get token - feedback insurance" status="PASSED">
         <system-out><![CDATA[2022-03-29 13:37:50 - [TEST_CASE][PASSED] - Test Cases/3. get token - feedback insurance: Test Cases/3. get token - feedback insurance

2022-03-29 13:37:50 - [TEST_STEP][PASSED] - token = sendRequest(findTestObject("1. Get-Token")): Send request successfully

2022-03-29 13:37:50 - [MESSAGE][INFO] - HAR: I:\app-testing\app-project\Order car insurance\order-car-insurance\Reports\20220329_124138\3. Get feedback insurance - Batch 1\20220329_124139\requests\main\748.har

2022-03-29 13:37:50 - [MESSAGE][PASSED] - Send request successfully

2022-03-29 13:37:50 - [TEST_STEP][PASSED] - slurper = new groovy.json.JsonSlurper(): null

2022-03-29 13:37:50 - [TEST_STEP][PASSED] - get_token = slurper.parseText(token.getResponseBodyContent()): null

2022-03-29 13:37:50 - [TEST_STEP][PASSED] - private_token = access_token: null

2022-03-29 13:37:50 - [TEST_STEP][PASSED] - global_token = private_token: null

2022-03-29 13:37:50 - [TEST_STEP][PASSED] - println("token is :" + global_token): null

2022-03-29 13:37:50 - [TEST_STEP][PASSED] - response_token = token.getResponseText(): null

2022-03-29 13:37:50 - [TEST_STEP][PASSED] - logInfo($response_token): {"fault":{"faultstring":"Access Denied for client ip : 8.29.105.53","detail":{"errorcode":"accesscontrol.IPDeniedAccess"}}}

2022-03-29 13:37:50 - [MESSAGE][INFO] - {"fault":{"faultstring":"Access Denied for client ip : 8.29.105.53","detail":{"errorcode":"accesscontrol.IPDeniedAccess"}}}

2022-03-29 13:37:50 - [TEST_STEP][PASSED] - feedback = sendRequest(findTestObject("4. Feedback-ins", ["s_key":global_token, "batchid":batchid, "norek":norek, "nopin":nopin, "custname":custname, "pemohon":pemohon, "branchid":branchid, ... ])): Send request successfully

2022-03-29 13:37:51 - [MESSAGE][INFO] - HAR: I:\app-testing\app-project\Order car insurance\order-car-insurance\Reports\20220329_124138\3. Get feedback insurance - Batch 1\20220329_124139\requests\main\749.har

2022-03-29 13:37:51 - [MESSAGE][PASSED] - Send request successfully

2022-03-29 13:37:51 - [TEST_STEP][PASSED] - response_feedback = feedback.getResponseText(): null

2022-03-29 13:37:51 - [TEST_STEP][PASSED] - markPassed("result feedback data : " + no + " norek : " + norek + " nopin : " + nopin): result feedback data : 421 norek : 9930006666 nopin : 003

2022-03-29 13:37:51 - [MESSAGE][PASSED] - result feedback data : 421 norek : 9930006666 nopin : 003

2022-03-29 13:37:51 - [TEST_STEP][PASSED] - logInfo($response_feedback): {
  "FeedbackCarInsuranceResponse" : {
    "errorCode" : "00",
    "errorMessage" : "Sukses"
  }
}

2022-03-29 13:37:51 - [MESSAGE][INFO] - {
  "FeedbackCarInsuranceResponse" : {
    "errorCode" : "00",
    "errorMessage" : "Sukses"
  }
}

2022-03-29 13:37:51 - [TEST_STEP][PASSED] - verifyElementPropertyValue(feedback, "FeedbackCarInsuranceResponse.errorMessage", "Sukses", CONTINUE_ON_FAILURE): Verify element property value successfully

2022-03-29 13:37:51 - [MESSAGE][PASSED] - Verify element property value successfully]]></system-out>
         <system-err><![CDATA[]]></system-err>
      </testcase>
      <testcase name="Test Cases/3. get token - feedback insurance" time="1.11" classname="Test Cases/3. get token - feedback insurance" status="PASSED">
         <system-out><![CDATA[2022-03-29 13:37:52 - [TEST_CASE][PASSED] - Test Cases/3. get token - feedback insurance: Test Cases/3. get token - feedback insurance

2022-03-29 13:37:52 - [TEST_STEP][PASSED] - token = sendRequest(findTestObject("1. Get-Token")): Send request successfully

2022-03-29 13:37:52 - [MESSAGE][INFO] - HAR: I:\app-testing\app-project\Order car insurance\order-car-insurance\Reports\20220329_124138\3. Get feedback insurance - Batch 1\20220329_124139\requests\main\750.har

2022-03-29 13:37:52 - [MESSAGE][PASSED] - Send request successfully

2022-03-29 13:37:52 - [TEST_STEP][PASSED] - slurper = new groovy.json.JsonSlurper(): null

2022-03-29 13:37:52 - [TEST_STEP][PASSED] - get_token = slurper.parseText(token.getResponseBodyContent()): null

2022-03-29 13:37:52 - [TEST_STEP][PASSED] - private_token = access_token: null

2022-03-29 13:37:52 - [TEST_STEP][PASSED] - global_token = private_token: null

2022-03-29 13:37:52 - [TEST_STEP][PASSED] - println("token is :" + global_token): null

2022-03-29 13:37:52 - [TEST_STEP][PASSED] - response_token = token.getResponseText(): null

2022-03-29 13:37:52 - [TEST_STEP][PASSED] - logInfo($response_token): {"fault":{"faultstring":"Access Denied for client ip : 8.29.105.53","detail":{"errorcode":"accesscontrol.IPDeniedAccess"}}}

2022-03-29 13:37:52 - [MESSAGE][INFO] - {"fault":{"faultstring":"Access Denied for client ip : 8.29.105.53","detail":{"errorcode":"accesscontrol.IPDeniedAccess"}}}

2022-03-29 13:37:52 - [TEST_STEP][PASSED] - feedback = sendRequest(findTestObject("4. Feedback-ins", ["s_key":global_token, "batchid":batchid, "norek":norek, "nopin":nopin, "custname":custname, "pemohon":pemohon, "branchid":branchid, ... ])): Send request successfully

2022-03-29 13:37:53 - [MESSAGE][INFO] - HAR: I:\app-testing\app-project\Order car insurance\order-car-insurance\Reports\20220329_124138\3. Get feedback insurance - Batch 1\20220329_124139\requests\main\751.har

2022-03-29 13:37:53 - [MESSAGE][PASSED] - Send request successfully

2022-03-29 13:37:53 - [TEST_STEP][PASSED] - response_feedback = feedback.getResponseText(): null

2022-03-29 13:37:53 - [TEST_STEP][PASSED] - markPassed("result feedback data : " + no + " norek : " + norek + " nopin : " + nopin): result feedback data : 422 norek : 9930006666 nopin : 003

2022-03-29 13:37:53 - [MESSAGE][PASSED] - result feedback data : 422 norek : 9930006666 nopin : 003

2022-03-29 13:37:53 - [TEST_STEP][PASSED] - logInfo($response_feedback): {
  "FeedbackCarInsuranceResponse" : {
    "errorCode" : "00",
    "errorMessage" : "Sukses"
  }
}

2022-03-29 13:37:53 - [MESSAGE][INFO] - {
  "FeedbackCarInsuranceResponse" : {
    "errorCode" : "00",
    "errorMessage" : "Sukses"
  }
}

2022-03-29 13:37:53 - [TEST_STEP][PASSED] - verifyElementPropertyValue(feedback, "FeedbackCarInsuranceResponse.errorMessage", "Sukses", CONTINUE_ON_FAILURE): Verify element property value successfully

2022-03-29 13:37:53 - [MESSAGE][PASSED] - Verify element property value successfully]]></system-out>
         <system-err><![CDATA[]]></system-err>
      </testcase>
      <testcase name="Test Cases/3. get token - feedback insurance" time="1.153" classname="Test Cases/3. get token - feedback insurance" status="PASSED">
         <system-out><![CDATA[2022-03-29 13:37:53 - [TEST_CASE][PASSED] - Test Cases/3. get token - feedback insurance: Test Cases/3. get token - feedback insurance

2022-03-29 13:37:53 - [TEST_STEP][PASSED] - token = sendRequest(findTestObject("1. Get-Token")): Send request successfully

2022-03-29 13:37:54 - [MESSAGE][INFO] - HAR: I:\app-testing\app-project\Order car insurance\order-car-insurance\Reports\20220329_124138\3. Get feedback insurance - Batch 1\20220329_124139\requests\main\752.har

2022-03-29 13:37:54 - [MESSAGE][PASSED] - Send request successfully

2022-03-29 13:37:54 - [TEST_STEP][PASSED] - slurper = new groovy.json.JsonSlurper(): null

2022-03-29 13:37:54 - [TEST_STEP][PASSED] - get_token = slurper.parseText(token.getResponseBodyContent()): null

2022-03-29 13:37:54 - [TEST_STEP][PASSED] - private_token = access_token: null

2022-03-29 13:37:54 - [TEST_STEP][PASSED] - global_token = private_token: null

2022-03-29 13:37:54 - [TEST_STEP][PASSED] - println("token is :" + global_token): null

2022-03-29 13:37:54 - [TEST_STEP][PASSED] - response_token = token.getResponseText(): null

2022-03-29 13:37:54 - [TEST_STEP][PASSED] - logInfo($response_token): {"fault":{"faultstring":"Access Denied for client ip : 8.29.105.53","detail":{"errorcode":"accesscontrol.IPDeniedAccess"}}}

2022-03-29 13:37:54 - [MESSAGE][INFO] - {"fault":{"faultstring":"Access Denied for client ip : 8.29.105.53","detail":{"errorcode":"accesscontrol.IPDeniedAccess"}}}

2022-03-29 13:37:54 - [TEST_STEP][PASSED] - feedback = sendRequest(findTestObject("4. Feedback-ins", ["s_key":global_token, "batchid":batchid, "norek":norek, "nopin":nopin, "custname":custname, "pemohon":pemohon, "branchid":branchid, ... ])): Send request successfully

2022-03-29 13:37:54 - [MESSAGE][INFO] - HAR: I:\app-testing\app-project\Order car insurance\order-car-insurance\Reports\20220329_124138\3. Get feedback insurance - Batch 1\20220329_124139\requests\main\753.har

2022-03-29 13:37:54 - [MESSAGE][PASSED] - Send request successfully

2022-03-29 13:37:54 - [TEST_STEP][PASSED] - response_feedback = feedback.getResponseText(): null

2022-03-29 13:37:54 - [TEST_STEP][PASSED] - markPassed("result feedback data : " + no + " norek : " + norek + " nopin : " + nopin): result feedback data : 423 norek : 9930006666 nopin : 003

2022-03-29 13:37:54 - [MESSAGE][PASSED] - result feedback data : 423 norek : 9930006666 nopin : 003

2022-03-29 13:37:54 - [TEST_STEP][PASSED] - logInfo($response_feedback): {
  "FeedbackCarInsuranceResponse" : {
    "errorCode" : "00",
    "errorMessage" : "Sukses"
  }
}

2022-03-29 13:37:54 - [MESSAGE][INFO] - {
  "FeedbackCarInsuranceResponse" : {
    "errorCode" : "00",
    "errorMessage" : "Sukses"
  }
}

2022-03-29 13:37:54 - [TEST_STEP][PASSED] - verifyElementPropertyValue(feedback, "FeedbackCarInsuranceResponse.errorMessage", "Sukses", CONTINUE_ON_FAILURE): Verify element property value successfully

2022-03-29 13:37:55 - [MESSAGE][PASSED] - Verify element property value successfully]]></system-out>
         <system-err><![CDATA[]]></system-err>
      </testcase>
      <testcase name="Test Cases/3. get token - feedback insurance" time="2.504" classname="Test Cases/3. get token - feedback insurance" status="PASSED">
         <system-out><![CDATA[2022-03-29 13:37:55 - [TEST_CASE][PASSED] - Test Cases/3. get token - feedback insurance: Test Cases/3. get token - feedback insurance

2022-03-29 13:37:55 - [TEST_STEP][PASSED] - token = sendRequest(findTestObject("1. Get-Token")): Send request successfully

2022-03-29 13:37:55 - [MESSAGE][INFO] - HAR: I:\app-testing\app-project\Order car insurance\order-car-insurance\Reports\20220329_124138\3. Get feedback insurance - Batch 1\20220329_124139\requests\main\754.har

2022-03-29 13:37:55 - [MESSAGE][PASSED] - Send request successfully

2022-03-29 13:37:55 - [TEST_STEP][PASSED] - slurper = new groovy.json.JsonSlurper(): null

2022-03-29 13:37:55 - [TEST_STEP][PASSED] - get_token = slurper.parseText(token.getResponseBodyContent()): null

2022-03-29 13:37:55 - [TEST_STEP][PASSED] - private_token = access_token: null

2022-03-29 13:37:55 - [TEST_STEP][PASSED] - global_token = private_token: null

2022-03-29 13:37:55 - [TEST_STEP][PASSED] - println("token is :" + global_token): null

2022-03-29 13:37:55 - [TEST_STEP][PASSED] - response_token = token.getResponseText(): null

2022-03-29 13:37:55 - [TEST_STEP][PASSED] - logInfo($response_token): {"fault":{"faultstring":"Access Denied for client ip : 8.29.105.53","detail":{"errorcode":"accesscontrol.IPDeniedAccess"}}}

2022-03-29 13:37:55 - [MESSAGE][INFO] - {"fault":{"faultstring":"Access Denied for client ip : 8.29.105.53","detail":{"errorcode":"accesscontrol.IPDeniedAccess"}}}

2022-03-29 13:37:55 - [TEST_STEP][PASSED] - feedback = sendRequest(findTestObject("4. Feedback-ins", ["s_key":global_token, "batchid":batchid, "norek":norek, "nopin":nopin, "custname":custname, "pemohon":pemohon, "branchid":branchid, ... ])): Send request successfully

2022-03-29 13:37:57 - [MESSAGE][INFO] - HAR: I:\app-testing\app-project\Order car insurance\order-car-insurance\Reports\20220329_124138\3. Get feedback insurance - Batch 1\20220329_124139\requests\main\755.har

2022-03-29 13:37:57 - [MESSAGE][PASSED] - Send request successfully

2022-03-29 13:37:57 - [TEST_STEP][PASSED] - response_feedback = feedback.getResponseText(): null

2022-03-29 13:37:57 - [TEST_STEP][PASSED] - markPassed("result feedback data : " + no + " norek : " + norek + " nopin : " + nopin): result feedback data : 424 norek : 9930006666 nopin : 003

2022-03-29 13:37:57 - [MESSAGE][PASSED] - result feedback data : 424 norek : 9930006666 nopin : 003

2022-03-29 13:37:57 - [TEST_STEP][PASSED] - logInfo($response_feedback): {
  "FeedbackCarInsuranceResponse" : {
    "errorCode" : "00",
    "errorMessage" : "Sukses"
  }
}

2022-03-29 13:37:57 - [MESSAGE][INFO] - {
  "FeedbackCarInsuranceResponse" : {
    "errorCode" : "00",
    "errorMessage" : "Sukses"
  }
}

2022-03-29 13:37:57 - [TEST_STEP][PASSED] - verifyElementPropertyValue(feedback, "FeedbackCarInsuranceResponse.errorMessage", "Sukses", CONTINUE_ON_FAILURE): Verify element property value successfully

2022-03-29 13:37:57 - [MESSAGE][PASSED] - Verify element property value successfully]]></system-out>
         <system-err><![CDATA[]]></system-err>
      </testcase>
      <testcase name="Test Cases/3. get token - feedback insurance" time="322.502" classname="Test Cases/3. get token - feedback insurance" status="PASSED">
         <system-out><![CDATA[2022-03-29 13:37:58 - [TEST_CASE][PASSED] - Test Cases/3. get token - feedback insurance: Test Cases/3. get token - feedback insurance

2022-03-29 13:43:17 - [TEST_STEP][PASSED] - token = sendRequest(findTestObject("1. Get-Token")): Send request successfully

2022-03-29 13:43:17 - [MESSAGE][INFO] - HAR: I:\app-testing\app-project\Order car insurance\order-car-insurance\Reports\20220329_124138\3. Get feedback insurance - Batch 1\20220329_124139\requests\main\756.har

2022-03-29 13:43:17 - [MESSAGE][PASSED] - Send request successfully

2022-03-29 13:43:17 - [TEST_STEP][PASSED] - slurper = new groovy.json.JsonSlurper(): null

2022-03-29 13:43:17 - [TEST_STEP][PASSED] - get_token = slurper.parseText(token.getResponseBodyContent()): null

2022-03-29 13:43:17 - [TEST_STEP][PASSED] - private_token = access_token: null

2022-03-29 13:43:17 - [TEST_STEP][PASSED] - global_token = private_token: null

2022-03-29 13:43:17 - [TEST_STEP][PASSED] - println("token is :" + global_token): null

2022-03-29 13:43:17 - [TEST_STEP][PASSED] - response_token = token.getResponseText(): null

2022-03-29 13:43:17 - [TEST_STEP][PASSED] - logInfo($response_token): {"fault":{"faultstring":"Access Denied for client ip : 8.29.105.53","detail":{"errorcode":"accesscontrol.IPDeniedAccess"}}}

2022-03-29 13:43:17 - [MESSAGE][INFO] - {"fault":{"faultstring":"Access Denied for client ip : 8.29.105.53","detail":{"errorcode":"accesscontrol.IPDeniedAccess"}}}

2022-03-29 13:43:17 - [TEST_STEP][PASSED] - feedback = sendRequest(findTestObject("4. Feedback-ins", ["s_key":global_token, "batchid":batchid, "norek":norek, "nopin":nopin, "custname":custname, "pemohon":pemohon, "branchid":branchid, ... ])): Send request successfully

2022-03-29 13:43:20 - [MESSAGE][INFO] - HAR: I:\app-testing\app-project\Order car insurance\order-car-insurance\Reports\20220329_124138\3. Get feedback insurance - Batch 1\20220329_124139\requests\main\757.har

2022-03-29 13:43:20 - [MESSAGE][PASSED] - Send request successfully

2022-03-29 13:43:20 - [TEST_STEP][PASSED] - response_feedback = feedback.getResponseText(): null

2022-03-29 13:43:20 - [TEST_STEP][PASSED] - markPassed("result feedback data : " + no + " norek : " + norek + " nopin : " + nopin): result feedback data : 425 norek : 9940012655 nopin : 001

2022-03-29 13:43:20 - [MESSAGE][PASSED] - result feedback data : 425 norek : 9940012655 nopin : 001

2022-03-29 13:43:20 - [TEST_STEP][PASSED] - logInfo($response_feedback): {
  "FeedbackCarInsuranceResponse" : {
    "errorCode" : "00",
    "errorMessage" : "Sukses"
  }
}

2022-03-29 13:43:20 - [MESSAGE][INFO] - {
  "FeedbackCarInsuranceResponse" : {
    "errorCode" : "00",
    "errorMessage" : "Sukses"
  }
}

2022-03-29 13:43:20 - [TEST_STEP][PASSED] - verifyElementPropertyValue(feedback, "FeedbackCarInsuranceResponse.errorMessage", "Sukses", CONTINUE_ON_FAILURE): Verify element property value successfully

2022-03-29 13:43:20 - [MESSAGE][PASSED] - Verify element property value successfully]]></system-out>
         <system-err><![CDATA[]]></system-err>
      </testcase>
      <testcase name="Test Cases/3. get token - feedback insurance" time="1.878" classname="Test Cases/3. get token - feedback insurance" status="PASSED">
         <system-out><![CDATA[2022-03-29 13:43:21 - [TEST_CASE][PASSED] - Test Cases/3. get token - feedback insurance: Test Cases/3. get token - feedback insurance

2022-03-29 13:43:21 - [TEST_STEP][PASSED] - token = sendRequest(findTestObject("1. Get-Token")): Send request successfully

2022-03-29 13:43:21 - [MESSAGE][INFO] - HAR: I:\app-testing\app-project\Order car insurance\order-car-insurance\Reports\20220329_124138\3. Get feedback insurance - Batch 1\20220329_124139\requests\main\758.har

2022-03-29 13:43:21 - [MESSAGE][PASSED] - Send request successfully

2022-03-29 13:43:21 - [TEST_STEP][PASSED] - slurper = new groovy.json.JsonSlurper(): null

2022-03-29 13:43:21 - [TEST_STEP][PASSED] - get_token = slurper.parseText(token.getResponseBodyContent()): null

2022-03-29 13:43:21 - [TEST_STEP][PASSED] - private_token = access_token: null

2022-03-29 13:43:21 - [TEST_STEP][PASSED] - global_token = private_token: null

2022-03-29 13:43:21 - [TEST_STEP][PASSED] - println("token is :" + global_token): null

2022-03-29 13:43:21 - [TEST_STEP][PASSED] - response_token = token.getResponseText(): null

2022-03-29 13:43:21 - [TEST_STEP][PASSED] - logInfo($response_token): {"fault":{"faultstring":"Access Denied for client ip : 8.29.105.53","detail":{"errorcode":"accesscontrol.IPDeniedAccess"}}}

2022-03-29 13:43:21 - [MESSAGE][INFO] - {"fault":{"faultstring":"Access Denied for client ip : 8.29.105.53","detail":{"errorcode":"accesscontrol.IPDeniedAccess"}}}

2022-03-29 13:43:21 - [TEST_STEP][PASSED] - feedback = sendRequest(findTestObject("4. Feedback-ins", ["s_key":global_token, "batchid":batchid, "norek":norek, "nopin":nopin, "custname":custname, "pemohon":pemohon, "branchid":branchid, ... ])): Send request successfully

2022-03-29 13:43:23 - [MESSAGE][INFO] - HAR: I:\app-testing\app-project\Order car insurance\order-car-insurance\Reports\20220329_124138\3. Get feedback insurance - Batch 1\20220329_124139\requests\main\759.har

2022-03-29 13:43:23 - [MESSAGE][PASSED] - Send request successfully

2022-03-29 13:43:23 - [TEST_STEP][PASSED] - response_feedback = feedback.getResponseText(): null

2022-03-29 13:43:23 - [TEST_STEP][PASSED] - markPassed("result feedback data : " + no + " norek : " + norek + " nopin : " + nopin): result feedback data : 426 norek : 9940012655 nopin : 001

2022-03-29 13:43:23 - [MESSAGE][PASSED] - result feedback data : 426 norek : 9940012655 nopin : 001

2022-03-29 13:43:23 - [TEST_STEP][PASSED] - logInfo($response_feedback): {
  "FeedbackCarInsuranceResponse" : {
    "errorCode" : "00",
    "errorMessage" : "Sukses"
  }
}

2022-03-29 13:43:23 - [MESSAGE][INFO] - {
  "FeedbackCarInsuranceResponse" : {
    "errorCode" : "00",
    "errorMessage" : "Sukses"
  }
}

2022-03-29 13:43:23 - [TEST_STEP][PASSED] - verifyElementPropertyValue(feedback, "FeedbackCarInsuranceResponse.errorMessage", "Sukses", CONTINUE_ON_FAILURE): Verify element property value successfully

2022-03-29 13:43:23 - [MESSAGE][PASSED] - Verify element property value successfully]]></system-out>
         <system-err><![CDATA[]]></system-err>
      </testcase>
      <testcase name="Test Cases/3. get token - feedback insurance" time="1.799" classname="Test Cases/3. get token - feedback insurance" status="PASSED">
         <system-out><![CDATA[2022-03-29 13:43:23 - [TEST_CASE][PASSED] - Test Cases/3. get token - feedback insurance: Test Cases/3. get token - feedback insurance

2022-03-29 13:43:23 - [TEST_STEP][PASSED] - token = sendRequest(findTestObject("1. Get-Token")): Send request successfully

2022-03-29 13:43:23 - [MESSAGE][INFO] - HAR: I:\app-testing\app-project\Order car insurance\order-car-insurance\Reports\20220329_124138\3. Get feedback insurance - Batch 1\20220329_124139\requests\main\760.har

2022-03-29 13:43:23 - [MESSAGE][PASSED] - Send request successfully

2022-03-29 13:43:23 - [TEST_STEP][PASSED] - slurper = new groovy.json.JsonSlurper(): null

2022-03-29 13:43:23 - [TEST_STEP][PASSED] - get_token = slurper.parseText(token.getResponseBodyContent()): null

2022-03-29 13:43:23 - [TEST_STEP][PASSED] - private_token = access_token: null

2022-03-29 13:43:23 - [TEST_STEP][PASSED] - global_token = private_token: null

2022-03-29 13:43:23 - [TEST_STEP][PASSED] - println("token is :" + global_token): null

2022-03-29 13:43:23 - [TEST_STEP][PASSED] - response_token = token.getResponseText(): null

2022-03-29 13:43:23 - [TEST_STEP][PASSED] - logInfo($response_token): {"fault":{"faultstring":"Access Denied for client ip : 8.29.105.53","detail":{"errorcode":"accesscontrol.IPDeniedAccess"}}}

2022-03-29 13:43:23 - [MESSAGE][INFO] - {"fault":{"faultstring":"Access Denied for client ip : 8.29.105.53","detail":{"errorcode":"accesscontrol.IPDeniedAccess"}}}

2022-03-29 13:43:23 - [TEST_STEP][PASSED] - feedback = sendRequest(findTestObject("4. Feedback-ins", ["s_key":global_token, "batchid":batchid, "norek":norek, "nopin":nopin, "custname":custname, "pemohon":pemohon, "branchid":branchid, ... ])): Send request successfully

2022-03-29 13:43:25 - [MESSAGE][INFO] - HAR: I:\app-testing\app-project\Order car insurance\order-car-insurance\Reports\20220329_124138\3. Get feedback insurance - Batch 1\20220329_124139\requests\main\761.har

2022-03-29 13:43:25 - [MESSAGE][PASSED] - Send request successfully

2022-03-29 13:43:25 - [TEST_STEP][PASSED] - response_feedback = feedback.getResponseText(): null

2022-03-29 13:43:25 - [TEST_STEP][PASSED] - markPassed("result feedback data : " + no + " norek : " + norek + " nopin : " + nopin): result feedback data : 427 norek : 9940012655 nopin : 001

2022-03-29 13:43:25 - [MESSAGE][PASSED] - result feedback data : 427 norek : 9940012655 nopin : 001

2022-03-29 13:43:25 - [TEST_STEP][PASSED] - logInfo($response_feedback): {
  "FeedbackCarInsuranceResponse" : {
    "errorCode" : "00",
    "errorMessage" : "Sukses"
  }
}

2022-03-29 13:43:25 - [MESSAGE][INFO] - {
  "FeedbackCarInsuranceResponse" : {
    "errorCode" : "00",
    "errorMessage" : "Sukses"
  }
}

2022-03-29 13:43:25 - [TEST_STEP][PASSED] - verifyElementPropertyValue(feedback, "FeedbackCarInsuranceResponse.errorMessage", "Sukses", CONTINUE_ON_FAILURE): Verify element property value successfully

2022-03-29 13:43:25 - [MESSAGE][PASSED] - Verify element property value successfully]]></system-out>
         <system-err><![CDATA[]]></system-err>
      </testcase>
      <testcase name="Test Cases/3. get token - feedback insurance" time="2.074" classname="Test Cases/3. get token - feedback insurance" status="PASSED">
         <system-out><![CDATA[2022-03-29 13:43:25 - [TEST_CASE][PASSED] - Test Cases/3. get token - feedback insurance: Test Cases/3. get token - feedback insurance

2022-03-29 13:43:25 - [TEST_STEP][PASSED] - token = sendRequest(findTestObject("1. Get-Token")): Send request successfully

2022-03-29 13:43:26 - [MESSAGE][INFO] - HAR: I:\app-testing\app-project\Order car insurance\order-car-insurance\Reports\20220329_124138\3. Get feedback insurance - Batch 1\20220329_124139\requests\main\762.har

2022-03-29 13:43:26 - [MESSAGE][PASSED] - Send request successfully

2022-03-29 13:43:26 - [TEST_STEP][PASSED] - slurper = new groovy.json.JsonSlurper(): null

2022-03-29 13:43:26 - [TEST_STEP][PASSED] - get_token = slurper.parseText(token.getResponseBodyContent()): null

2022-03-29 13:43:26 - [TEST_STEP][PASSED] - private_token = access_token: null

2022-03-29 13:43:26 - [TEST_STEP][PASSED] - global_token = private_token: null

2022-03-29 13:43:26 - [TEST_STEP][PASSED] - println("token is :" + global_token): null

2022-03-29 13:43:26 - [TEST_STEP][PASSED] - response_token = token.getResponseText(): null

2022-03-29 13:43:26 - [TEST_STEP][PASSED] - logInfo($response_token): {"fault":{"faultstring":"Access Denied for client ip : 8.29.105.53","detail":{"errorcode":"accesscontrol.IPDeniedAccess"}}}

2022-03-29 13:43:26 - [MESSAGE][INFO] - {"fault":{"faultstring":"Access Denied for client ip : 8.29.105.53","detail":{"errorcode":"accesscontrol.IPDeniedAccess"}}}

2022-03-29 13:43:26 - [TEST_STEP][PASSED] - feedback = sendRequest(findTestObject("4. Feedback-ins", ["s_key":global_token, "batchid":batchid, "norek":norek, "nopin":nopin, "custname":custname, "pemohon":pemohon, "branchid":branchid, ... ])): Send request successfully

2022-03-29 13:43:27 - [MESSAGE][INFO] - HAR: I:\app-testing\app-project\Order car insurance\order-car-insurance\Reports\20220329_124138\3. Get feedback insurance - Batch 1\20220329_124139\requests\main\763.har

2022-03-29 13:43:27 - [MESSAGE][PASSED] - Send request successfully

2022-03-29 13:43:27 - [TEST_STEP][PASSED] - response_feedback = feedback.getResponseText(): null

2022-03-29 13:43:27 - [TEST_STEP][PASSED] - markPassed("result feedback data : " + no + " norek : " + norek + " nopin : " + nopin): result feedback data : 428 norek : 9940012655 nopin : 001

2022-03-29 13:43:27 - [MESSAGE][PASSED] - result feedback data : 428 norek : 9940012655 nopin : 001

2022-03-29 13:43:27 - [TEST_STEP][PASSED] - logInfo($response_feedback): {
  "FeedbackCarInsuranceResponse" : {
    "errorCode" : "00",
    "errorMessage" : "Sukses"
  }
}

2022-03-29 13:43:27 - [MESSAGE][INFO] - {
  "FeedbackCarInsuranceResponse" : {
    "errorCode" : "00",
    "errorMessage" : "Sukses"
  }
}

2022-03-29 13:43:27 - [TEST_STEP][PASSED] - verifyElementPropertyValue(feedback, "FeedbackCarInsuranceResponse.errorMessage", "Sukses", CONTINUE_ON_FAILURE): Verify element property value successfully

2022-03-29 13:43:27 - [MESSAGE][PASSED] - Verify element property value successfully]]></system-out>
         <system-err><![CDATA[]]></system-err>
      </testcase>
      <testcase name="Test Cases/3. get token - feedback insurance" time="1.201" classname="Test Cases/3. get token - feedback insurance" status="PASSED">
         <system-out><![CDATA[2022-03-29 13:43:28 - [TEST_CASE][PASSED] - Test Cases/3. get token - feedback insurance: Test Cases/3. get token - feedback insurance

2022-03-29 13:43:28 - [TEST_STEP][PASSED] - token = sendRequest(findTestObject("1. Get-Token")): Send request successfully

2022-03-29 13:43:28 - [MESSAGE][INFO] - HAR: I:\app-testing\app-project\Order car insurance\order-car-insurance\Reports\20220329_124138\3. Get feedback insurance - Batch 1\20220329_124139\requests\main\764.har

2022-03-29 13:43:28 - [MESSAGE][PASSED] - Send request successfully

2022-03-29 13:43:28 - [TEST_STEP][PASSED] - slurper = new groovy.json.JsonSlurper(): null

2022-03-29 13:43:28 - [TEST_STEP][PASSED] - get_token = slurper.parseText(token.getResponseBodyContent()): null

2022-03-29 13:43:28 - [TEST_STEP][PASSED] - private_token = access_token: null

2022-03-29 13:43:28 - [TEST_STEP][PASSED] - global_token = private_token: null

2022-03-29 13:43:28 - [TEST_STEP][PASSED] - println("token is :" + global_token): null

2022-03-29 13:43:28 - [TEST_STEP][PASSED] - response_token = token.getResponseText(): null

2022-03-29 13:43:28 - [TEST_STEP][PASSED] - logInfo($response_token): {"fault":{"faultstring":"Access Denied for client ip : 8.29.105.53","detail":{"errorcode":"accesscontrol.IPDeniedAccess"}}}

2022-03-29 13:43:28 - [MESSAGE][INFO] - {"fault":{"faultstring":"Access Denied for client ip : 8.29.105.53","detail":{"errorcode":"accesscontrol.IPDeniedAccess"}}}

2022-03-29 13:43:28 - [TEST_STEP][PASSED] - feedback = sendRequest(findTestObject("4. Feedback-ins", ["s_key":global_token, "batchid":batchid, "norek":norek, "nopin":nopin, "custname":custname, "pemohon":pemohon, "branchid":branchid, ... ])): Send request successfully

2022-03-29 13:43:29 - [MESSAGE][INFO] - HAR: I:\app-testing\app-project\Order car insurance\order-car-insurance\Reports\20220329_124138\3. Get feedback insurance - Batch 1\20220329_124139\requests\main\765.har

2022-03-29 13:43:29 - [MESSAGE][PASSED] - Send request successfully

2022-03-29 13:43:29 - [TEST_STEP][PASSED] - response_feedback = feedback.getResponseText(): null

2022-03-29 13:43:29 - [TEST_STEP][PASSED] - markPassed("result feedback data : " + no + " norek : " + norek + " nopin : " + nopin): result feedback data : 429 norek : 9940012655 nopin : 001

2022-03-29 13:43:29 - [MESSAGE][PASSED] - result feedback data : 429 norek : 9940012655 nopin : 001

2022-03-29 13:43:29 - [TEST_STEP][PASSED] - logInfo($response_feedback): {
  "FeedbackCarInsuranceResponse" : {
    "errorCode" : "00",
    "errorMessage" : "Sukses"
  }
}

2022-03-29 13:43:29 - [MESSAGE][INFO] - {
  "FeedbackCarInsuranceResponse" : {
    "errorCode" : "00",
    "errorMessage" : "Sukses"
  }
}

2022-03-29 13:43:29 - [TEST_STEP][PASSED] - verifyElementPropertyValue(feedback, "FeedbackCarInsuranceResponse.errorMessage", "Sukses", CONTINUE_ON_FAILURE): Verify element property value successfully

2022-03-29 13:43:29 - [MESSAGE][PASSED] - Verify element property value successfully]]></system-out>
         <system-err><![CDATA[]]></system-err>
      </testcase>
      <testcase name="Test Cases/3. get token - feedback insurance" time="1.119" classname="Test Cases/3. get token - feedback insurance" status="PASSED">
         <system-out><![CDATA[2022-03-29 13:43:29 - [TEST_CASE][PASSED] - Test Cases/3. get token - feedback insurance: Test Cases/3. get token - feedback insurance

2022-03-29 13:43:30 - [TEST_STEP][PASSED] - token = sendRequest(findTestObject("1. Get-Token")): Send request successfully

2022-03-29 13:43:30 - [MESSAGE][INFO] - HAR: I:\app-testing\app-project\Order car insurance\order-car-insurance\Reports\20220329_124138\3. Get feedback insurance - Batch 1\20220329_124139\requests\main\766.har

2022-03-29 13:43:30 - [MESSAGE][PASSED] - Send request successfully

2022-03-29 13:43:30 - [TEST_STEP][PASSED] - slurper = new groovy.json.JsonSlurper(): null

2022-03-29 13:43:30 - [TEST_STEP][PASSED] - get_token = slurper.parseText(token.getResponseBodyContent()): null

2022-03-29 13:43:30 - [TEST_STEP][PASSED] - private_token = access_token: null

2022-03-29 13:43:30 - [TEST_STEP][PASSED] - global_token = private_token: null

2022-03-29 13:43:30 - [TEST_STEP][PASSED] - println("token is :" + global_token): null

2022-03-29 13:43:30 - [TEST_STEP][PASSED] - response_token = token.getResponseText(): null

2022-03-29 13:43:30 - [TEST_STEP][PASSED] - logInfo($response_token): {"fault":{"faultstring":"Access Denied for client ip : 8.29.105.53","detail":{"errorcode":"accesscontrol.IPDeniedAccess"}}}

2022-03-29 13:43:30 - [MESSAGE][INFO] - {"fault":{"faultstring":"Access Denied for client ip : 8.29.105.53","detail":{"errorcode":"accesscontrol.IPDeniedAccess"}}}

2022-03-29 13:43:30 - [TEST_STEP][PASSED] - feedback = sendRequest(findTestObject("4. Feedback-ins", ["s_key":global_token, "batchid":batchid, "norek":norek, "nopin":nopin, "custname":custname, "pemohon":pemohon, "branchid":branchid, ... ])): Send request successfully

2022-03-29 13:43:31 - [MESSAGE][INFO] - HAR: I:\app-testing\app-project\Order car insurance\order-car-insurance\Reports\20220329_124138\3. Get feedback insurance - Batch 1\20220329_124139\requests\main\767.har

2022-03-29 13:43:31 - [MESSAGE][PASSED] - Send request successfully

2022-03-29 13:43:31 - [TEST_STEP][PASSED] - response_feedback = feedback.getResponseText(): null

2022-03-29 13:43:31 - [TEST_STEP][PASSED] - markPassed("result feedback data : " + no + " norek : " + norek + " nopin : " + nopin): result feedback data : 430 norek : 9940012656 nopin : 001

2022-03-29 13:43:31 - [MESSAGE][PASSED] - result feedback data : 430 norek : 9940012656 nopin : 001

2022-03-29 13:43:31 - [TEST_STEP][PASSED] - logInfo($response_feedback): {
  "FeedbackCarInsuranceResponse" : {
    "errorCode" : "00",
    "errorMessage" : "Sukses"
  }
}

2022-03-29 13:43:31 - [MESSAGE][INFO] - {
  "FeedbackCarInsuranceResponse" : {
    "errorCode" : "00",
    "errorMessage" : "Sukses"
  }
}

2022-03-29 13:43:31 - [TEST_STEP][PASSED] - verifyElementPropertyValue(feedback, "FeedbackCarInsuranceResponse.errorMessage", "Sukses", CONTINUE_ON_FAILURE): Verify element property value successfully

2022-03-29 13:43:31 - [MESSAGE][PASSED] - Verify element property value successfully]]></system-out>
         <system-err><![CDATA[]]></system-err>
      </testcase>
      <testcase name="Test Cases/3. get token - feedback insurance" time="1.123" classname="Test Cases/3. get token - feedback insurance" status="PASSED">
         <system-out><![CDATA[2022-03-29 13:43:31 - [TEST_CASE][PASSED] - Test Cases/3. get token - feedback insurance: Test Cases/3. get token - feedback insurance

2022-03-29 13:43:31 - [TEST_STEP][PASSED] - token = sendRequest(findTestObject("1. Get-Token")): Send request successfully

2022-03-29 13:43:31 - [MESSAGE][INFO] - HAR: I:\app-testing\app-project\Order car insurance\order-car-insurance\Reports\20220329_124138\3. Get feedback insurance - Batch 1\20220329_124139\requests\main\768.har

2022-03-29 13:43:31 - [MESSAGE][PASSED] - Send request successfully

2022-03-29 13:43:31 - [TEST_STEP][PASSED] - slurper = new groovy.json.JsonSlurper(): null

2022-03-29 13:43:31 - [TEST_STEP][PASSED] - get_token = slurper.parseText(token.getResponseBodyContent()): null

2022-03-29 13:43:31 - [TEST_STEP][PASSED] - private_token = access_token: null

2022-03-29 13:43:31 - [TEST_STEP][PASSED] - global_token = private_token: null

2022-03-29 13:43:31 - [TEST_STEP][PASSED] - println("token is :" + global_token): null

2022-03-29 13:43:31 - [TEST_STEP][PASSED] - response_token = token.getResponseText(): null

2022-03-29 13:43:31 - [TEST_STEP][PASSED] - logInfo($response_token): {"fault":{"faultstring":"Access Denied for client ip : 8.29.105.53","detail":{"errorcode":"accesscontrol.IPDeniedAccess"}}}

2022-03-29 13:43:31 - [MESSAGE][INFO] - {"fault":{"faultstring":"Access Denied for client ip : 8.29.105.53","detail":{"errorcode":"accesscontrol.IPDeniedAccess"}}}

2022-03-29 13:43:31 - [TEST_STEP][PASSED] - feedback = sendRequest(findTestObject("4. Feedback-ins", ["s_key":global_token, "batchid":batchid, "norek":norek, "nopin":nopin, "custname":custname, "pemohon":pemohon, "branchid":branchid, ... ])): Send request successfully

2022-03-29 13:43:32 - [MESSAGE][INFO] - HAR: I:\app-testing\app-project\Order car insurance\order-car-insurance\Reports\20220329_124138\3. Get feedback insurance - Batch 1\20220329_124139\requests\main\769.har

2022-03-29 13:43:32 - [MESSAGE][PASSED] - Send request successfully

2022-03-29 13:43:32 - [TEST_STEP][PASSED] - response_feedback = feedback.getResponseText(): null

2022-03-29 13:43:32 - [TEST_STEP][PASSED] - markPassed("result feedback data : " + no + " norek : " + norek + " nopin : " + nopin): result feedback data : 431 norek : 9940012656 nopin : 001

2022-03-29 13:43:32 - [MESSAGE][PASSED] - result feedback data : 431 norek : 9940012656 nopin : 001

2022-03-29 13:43:32 - [TEST_STEP][PASSED] - logInfo($response_feedback): {
  "FeedbackCarInsuranceResponse" : {
    "errorCode" : "00",
    "errorMessage" : "Sukses"
  }
}

2022-03-29 13:43:32 - [MESSAGE][INFO] - {
  "FeedbackCarInsuranceResponse" : {
    "errorCode" : "00",
    "errorMessage" : "Sukses"
  }
}

2022-03-29 13:43:32 - [TEST_STEP][PASSED] - verifyElementPropertyValue(feedback, "FeedbackCarInsuranceResponse.errorMessage", "Sukses", CONTINUE_ON_FAILURE): Verify element property value successfully

2022-03-29 13:43:32 - [MESSAGE][PASSED] - Verify element property value successfully]]></system-out>
         <system-err><![CDATA[]]></system-err>
      </testcase>
      <testcase name="Test Cases/3. get token - feedback insurance" time="1.274" classname="Test Cases/3. get token - feedback insurance" status="PASSED">
         <system-out><![CDATA[2022-03-29 13:43:33 - [TEST_CASE][PASSED] - Test Cases/3. get token - feedback insurance: Test Cases/3. get token - feedback insurance

2022-03-29 13:43:33 - [TEST_STEP][PASSED] - token = sendRequest(findTestObject("1. Get-Token")): Send request successfully

2022-03-29 13:43:33 - [MESSAGE][INFO] - HAR: I:\app-testing\app-project\Order car insurance\order-car-insurance\Reports\20220329_124138\3. Get feedback insurance - Batch 1\20220329_124139\requests\main\770.har

2022-03-29 13:43:33 - [MESSAGE][PASSED] - Send request successfully

2022-03-29 13:43:33 - [TEST_STEP][PASSED] - slurper = new groovy.json.JsonSlurper(): null

2022-03-29 13:43:33 - [TEST_STEP][PASSED] - get_token = slurper.parseText(token.getResponseBodyContent()): null

2022-03-29 13:43:33 - [TEST_STEP][PASSED] - private_token = access_token: null

2022-03-29 13:43:33 - [TEST_STEP][PASSED] - global_token = private_token: null

2022-03-29 13:43:33 - [TEST_STEP][PASSED] - println("token is :" + global_token): null

2022-03-29 13:43:33 - [TEST_STEP][PASSED] - response_token = token.getResponseText(): null

2022-03-29 13:43:33 - [TEST_STEP][PASSED] - logInfo($response_token): {"fault":{"faultstring":"Access Denied for client ip : 8.29.105.53","detail":{"errorcode":"accesscontrol.IPDeniedAccess"}}}

2022-03-29 13:43:33 - [MESSAGE][INFO] - {"fault":{"faultstring":"Access Denied for client ip : 8.29.105.53","detail":{"errorcode":"accesscontrol.IPDeniedAccess"}}}

2022-03-29 13:43:33 - [TEST_STEP][PASSED] - feedback = sendRequest(findTestObject("4. Feedback-ins", ["s_key":global_token, "batchid":batchid, "norek":norek, "nopin":nopin, "custname":custname, "pemohon":pemohon, "branchid":branchid, ... ])): Send request successfully

2022-03-29 13:43:34 - [MESSAGE][INFO] - HAR: I:\app-testing\app-project\Order car insurance\order-car-insurance\Reports\20220329_124138\3. Get feedback insurance - Batch 1\20220329_124139\requests\main\771.har

2022-03-29 13:43:34 - [MESSAGE][PASSED] - Send request successfully

2022-03-29 13:43:34 - [TEST_STEP][PASSED] - response_feedback = feedback.getResponseText(): null

2022-03-29 13:43:34 - [TEST_STEP][PASSED] - markPassed("result feedback data : " + no + " norek : " + norek + " nopin : " + nopin): result feedback data : 432 norek : 9940012658 nopin : 001

2022-03-29 13:43:34 - [MESSAGE][PASSED] - result feedback data : 432 norek : 9940012658 nopin : 001

2022-03-29 13:43:34 - [TEST_STEP][PASSED] - logInfo($response_feedback): {
  "FeedbackCarInsuranceResponse" : {
    "errorCode" : "00",
    "errorMessage" : "Sukses"
  }
}

2022-03-29 13:43:34 - [MESSAGE][INFO] - {
  "FeedbackCarInsuranceResponse" : {
    "errorCode" : "00",
    "errorMessage" : "Sukses"
  }
}

2022-03-29 13:43:34 - [TEST_STEP][PASSED] - verifyElementPropertyValue(feedback, "FeedbackCarInsuranceResponse.errorMessage", "Sukses", CONTINUE_ON_FAILURE): Verify element property value successfully

2022-03-29 13:43:34 - [MESSAGE][PASSED] - Verify element property value successfully]]></system-out>
         <system-err><![CDATA[]]></system-err>
      </testcase>
      <testcase name="Test Cases/3. get token - feedback insurance" time="1.099" classname="Test Cases/3. get token - feedback insurance" status="PASSED">
         <system-out><![CDATA[2022-03-29 13:43:34 - [TEST_CASE][PASSED] - Test Cases/3. get token - feedback insurance: Test Cases/3. get token - feedback insurance

2022-03-29 13:43:34 - [TEST_STEP][PASSED] - token = sendRequest(findTestObject("1. Get-Token")): Send request successfully

2022-03-29 13:43:35 - [MESSAGE][INFO] - HAR: I:\app-testing\app-project\Order car insurance\order-car-insurance\Reports\20220329_124138\3. Get feedback insurance - Batch 1\20220329_124139\requests\main\772.har

2022-03-29 13:43:35 - [MESSAGE][PASSED] - Send request successfully

2022-03-29 13:43:35 - [TEST_STEP][PASSED] - slurper = new groovy.json.JsonSlurper(): null

2022-03-29 13:43:35 - [TEST_STEP][PASSED] - get_token = slurper.parseText(token.getResponseBodyContent()): null

2022-03-29 13:43:35 - [TEST_STEP][PASSED] - private_token = access_token: null

2022-03-29 13:43:35 - [TEST_STEP][PASSED] - global_token = private_token: null

2022-03-29 13:43:35 - [TEST_STEP][PASSED] - println("token is :" + global_token): null

2022-03-29 13:43:35 - [TEST_STEP][PASSED] - response_token = token.getResponseText(): null

2022-03-29 13:43:35 - [TEST_STEP][PASSED] - logInfo($response_token): {"fault":{"faultstring":"Access Denied for client ip : 8.29.105.53","detail":{"errorcode":"accesscontrol.IPDeniedAccess"}}}

2022-03-29 13:43:35 - [MESSAGE][INFO] - {"fault":{"faultstring":"Access Denied for client ip : 8.29.105.53","detail":{"errorcode":"accesscontrol.IPDeniedAccess"}}}

2022-03-29 13:43:35 - [TEST_STEP][PASSED] - feedback = sendRequest(findTestObject("4. Feedback-ins", ["s_key":global_token, "batchid":batchid, "norek":norek, "nopin":nopin, "custname":custname, "pemohon":pemohon, "branchid":branchid, ... ])): Send request successfully

2022-03-29 13:43:35 - [MESSAGE][INFO] - HAR: I:\app-testing\app-project\Order car insurance\order-car-insurance\Reports\20220329_124138\3. Get feedback insurance - Batch 1\20220329_124139\requests\main\773.har

2022-03-29 13:43:35 - [MESSAGE][PASSED] - Send request successfully

2022-03-29 13:43:35 - [TEST_STEP][PASSED] - response_feedback = feedback.getResponseText(): null

2022-03-29 13:43:35 - [TEST_STEP][PASSED] - markPassed("result feedback data : " + no + " norek : " + norek + " nopin : " + nopin): result feedback data : 433 norek : 9940012658 nopin : 001

2022-03-29 13:43:35 - [MESSAGE][PASSED] - result feedback data : 433 norek : 9940012658 nopin : 001

2022-03-29 13:43:35 - [TEST_STEP][PASSED] - logInfo($response_feedback): {
  "FeedbackCarInsuranceResponse" : {
    "errorCode" : "00",
    "errorMessage" : "Sukses"
  }
}

2022-03-29 13:43:35 - [MESSAGE][INFO] - {
  "FeedbackCarInsuranceResponse" : {
    "errorCode" : "00",
    "errorMessage" : "Sukses"
  }
}

2022-03-29 13:43:35 - [TEST_STEP][PASSED] - verifyElementPropertyValue(feedback, "FeedbackCarInsuranceResponse.errorMessage", "Sukses", CONTINUE_ON_FAILURE): Verify element property value successfully

2022-03-29 13:43:35 - [MESSAGE][PASSED] - Verify element property value successfully]]></system-out>
         <system-err><![CDATA[]]></system-err>
      </testcase>
      <testcase name="Test Cases/3. get token - feedback insurance" time="1.127" classname="Test Cases/3. get token - feedback insurance" status="PASSED">
         <system-out><![CDATA[2022-03-29 13:43:36 - [TEST_CASE][PASSED] - Test Cases/3. get token - feedback insurance: Test Cases/3. get token - feedback insurance

2022-03-29 13:43:36 - [TEST_STEP][PASSED] - token = sendRequest(findTestObject("1. Get-Token")): Send request successfully

2022-03-29 13:43:36 - [MESSAGE][INFO] - HAR: I:\app-testing\app-project\Order car insurance\order-car-insurance\Reports\20220329_124138\3. Get feedback insurance - Batch 1\20220329_124139\requests\main\774.har

2022-03-29 13:43:36 - [MESSAGE][PASSED] - Send request successfully

2022-03-29 13:43:36 - [TEST_STEP][PASSED] - slurper = new groovy.json.JsonSlurper(): null

2022-03-29 13:43:36 - [TEST_STEP][PASSED] - get_token = slurper.parseText(token.getResponseBodyContent()): null

2022-03-29 13:43:36 - [TEST_STEP][PASSED] - private_token = access_token: null

2022-03-29 13:43:36 - [TEST_STEP][PASSED] - global_token = private_token: null

2022-03-29 13:43:36 - [TEST_STEP][PASSED] - println("token is :" + global_token): null

2022-03-29 13:43:36 - [TEST_STEP][PASSED] - response_token = token.getResponseText(): null

2022-03-29 13:43:36 - [TEST_STEP][PASSED] - logInfo($response_token): {"fault":{"faultstring":"Access Denied for client ip : 8.29.105.53","detail":{"errorcode":"accesscontrol.IPDeniedAccess"}}}

2022-03-29 13:43:36 - [MESSAGE][INFO] - {"fault":{"faultstring":"Access Denied for client ip : 8.29.105.53","detail":{"errorcode":"accesscontrol.IPDeniedAccess"}}}

2022-03-29 13:43:36 - [TEST_STEP][PASSED] - feedback = sendRequest(findTestObject("4. Feedback-ins", ["s_key":global_token, "batchid":batchid, "norek":norek, "nopin":nopin, "custname":custname, "pemohon":pemohon, "branchid":branchid, ... ])): Send request successfully

2022-03-29 13:43:37 - [MESSAGE][INFO] - HAR: I:\app-testing\app-project\Order car insurance\order-car-insurance\Reports\20220329_124138\3. Get feedback insurance - Batch 1\20220329_124139\requests\main\775.har

2022-03-29 13:43:37 - [MESSAGE][PASSED] - Send request successfully

2022-03-29 13:43:37 - [TEST_STEP][PASSED] - response_feedback = feedback.getResponseText(): null

2022-03-29 13:43:37 - [TEST_STEP][PASSED] - markPassed("result feedback data : " + no + " norek : " + norek + " nopin : " + nopin): result feedback data : 434 norek : 9940012658 nopin : 001

2022-03-29 13:43:37 - [MESSAGE][PASSED] - result feedback data : 434 norek : 9940012658 nopin : 001

2022-03-29 13:43:37 - [TEST_STEP][PASSED] - logInfo($response_feedback): {
  "FeedbackCarInsuranceResponse" : {
    "errorCode" : "00",
    "errorMessage" : "Sukses"
  }
}

2022-03-29 13:43:37 - [MESSAGE][INFO] - {
  "FeedbackCarInsuranceResponse" : {
    "errorCode" : "00",
    "errorMessage" : "Sukses"
  }
}

2022-03-29 13:43:37 - [TEST_STEP][PASSED] - verifyElementPropertyValue(feedback, "FeedbackCarInsuranceResponse.errorMessage", "Sukses", CONTINUE_ON_FAILURE): Verify element property value successfully

2022-03-29 13:43:37 - [MESSAGE][PASSED] - Verify element property value successfully]]></system-out>
         <system-err><![CDATA[]]></system-err>
      </testcase>
      <testcase name="Test Cases/3. get token - feedback insurance" time="1.125" classname="Test Cases/3. get token - feedback insurance" status="PASSED">
         <system-out><![CDATA[2022-03-29 13:43:37 - [TEST_CASE][PASSED] - Test Cases/3. get token - feedback insurance: Test Cases/3. get token - feedback insurance

2022-03-29 13:43:37 - [TEST_STEP][PASSED] - token = sendRequest(findTestObject("1. Get-Token")): Send request successfully

2022-03-29 13:43:38 - [MESSAGE][INFO] - HAR: I:\app-testing\app-project\Order car insurance\order-car-insurance\Reports\20220329_124138\3. Get feedback insurance - Batch 1\20220329_124139\requests\main\776.har

2022-03-29 13:43:38 - [MESSAGE][PASSED] - Send request successfully

2022-03-29 13:43:38 - [TEST_STEP][PASSED] - slurper = new groovy.json.JsonSlurper(): null

2022-03-29 13:43:38 - [TEST_STEP][PASSED] - get_token = slurper.parseText(token.getResponseBodyContent()): null

2022-03-29 13:43:38 - [TEST_STEP][PASSED] - private_token = access_token: null

2022-03-29 13:43:38 - [TEST_STEP][PASSED] - global_token = private_token: null

2022-03-29 13:43:38 - [TEST_STEP][PASSED] - println("token is :" + global_token): null

2022-03-29 13:43:38 - [TEST_STEP][PASSED] - response_token = token.getResponseText(): null

2022-03-29 13:43:38 - [TEST_STEP][PASSED] - logInfo($response_token): {"fault":{"faultstring":"Access Denied for client ip : 8.29.105.53","detail":{"errorcode":"accesscontrol.IPDeniedAccess"}}}

2022-03-29 13:43:38 - [MESSAGE][INFO] - {"fault":{"faultstring":"Access Denied for client ip : 8.29.105.53","detail":{"errorcode":"accesscontrol.IPDeniedAccess"}}}

2022-03-29 13:43:38 - [TEST_STEP][PASSED] - feedback = sendRequest(findTestObject("4. Feedback-ins", ["s_key":global_token, "batchid":batchid, "norek":norek, "nopin":nopin, "custname":custname, "pemohon":pemohon, "branchid":branchid, ... ])): Send request successfully

2022-03-29 13:43:38 - [MESSAGE][INFO] - HAR: I:\app-testing\app-project\Order car insurance\order-car-insurance\Reports\20220329_124138\3. Get feedback insurance - Batch 1\20220329_124139\requests\main\777.har

2022-03-29 13:43:38 - [MESSAGE][PASSED] - Send request successfully

2022-03-29 13:43:38 - [TEST_STEP][PASSED] - response_feedback = feedback.getResponseText(): null

2022-03-29 13:43:38 - [TEST_STEP][PASSED] - markPassed("result feedback data : " + no + " norek : " + norek + " nopin : " + nopin): result feedback data : 435 norek : 9940012658 nopin : 001

2022-03-29 13:43:38 - [MESSAGE][PASSED] - result feedback data : 435 norek : 9940012658 nopin : 001

2022-03-29 13:43:38 - [TEST_STEP][PASSED] - logInfo($response_feedback): {
  "FeedbackCarInsuranceResponse" : {
    "errorCode" : "00",
    "errorMessage" : "Sukses"
  }
}

2022-03-29 13:43:38 - [MESSAGE][INFO] - {
  "FeedbackCarInsuranceResponse" : {
    "errorCode" : "00",
    "errorMessage" : "Sukses"
  }
}

2022-03-29 13:43:38 - [TEST_STEP][PASSED] - verifyElementPropertyValue(feedback, "FeedbackCarInsuranceResponse.errorMessage", "Sukses", CONTINUE_ON_FAILURE): Verify element property value successfully

2022-03-29 13:43:38 - [MESSAGE][PASSED] - Verify element property value successfully]]></system-out>
         <system-err><![CDATA[]]></system-err>
      </testcase>
      <testcase name="Test Cases/3. get token - feedback insurance" time="1.168" classname="Test Cases/3. get token - feedback insurance" status="PASSED">
         <system-out><![CDATA[2022-03-29 13:43:39 - [TEST_CASE][PASSED] - Test Cases/3. get token - feedback insurance: Test Cases/3. get token - feedback insurance

2022-03-29 13:43:39 - [TEST_STEP][PASSED] - token = sendRequest(findTestObject("1. Get-Token")): Send request successfully

2022-03-29 13:43:39 - [MESSAGE][INFO] - HAR: I:\app-testing\app-project\Order car insurance\order-car-insurance\Reports\20220329_124138\3. Get feedback insurance - Batch 1\20220329_124139\requests\main\778.har

2022-03-29 13:43:39 - [MESSAGE][PASSED] - Send request successfully

2022-03-29 13:43:39 - [TEST_STEP][PASSED] - slurper = new groovy.json.JsonSlurper(): null

2022-03-29 13:43:39 - [TEST_STEP][PASSED] - get_token = slurper.parseText(token.getResponseBodyContent()): null

2022-03-29 13:43:39 - [TEST_STEP][PASSED] - private_token = access_token: null

2022-03-29 13:43:39 - [TEST_STEP][PASSED] - global_token = private_token: null

2022-03-29 13:43:39 - [TEST_STEP][PASSED] - println("token is :" + global_token): null

2022-03-29 13:43:39 - [TEST_STEP][PASSED] - response_token = token.getResponseText(): null

2022-03-29 13:43:39 - [TEST_STEP][PASSED] - logInfo($response_token): {"fault":{"faultstring":"Access Denied for client ip : 8.29.105.53","detail":{"errorcode":"accesscontrol.IPDeniedAccess"}}}

2022-03-29 13:43:39 - [MESSAGE][INFO] - {"fault":{"faultstring":"Access Denied for client ip : 8.29.105.53","detail":{"errorcode":"accesscontrol.IPDeniedAccess"}}}

2022-03-29 13:43:39 - [TEST_STEP][PASSED] - feedback = sendRequest(findTestObject("4. Feedback-ins", ["s_key":global_token, "batchid":batchid, "norek":norek, "nopin":nopin, "custname":custname, "pemohon":pemohon, "branchid":branchid, ... ])): Send request successfully

2022-03-29 13:43:40 - [MESSAGE][INFO] - HAR: I:\app-testing\app-project\Order car insurance\order-car-insurance\Reports\20220329_124138\3. Get feedback insurance - Batch 1\20220329_124139\requests\main\779.har

2022-03-29 13:43:40 - [MESSAGE][PASSED] - Send request successfully

2022-03-29 13:43:40 - [TEST_STEP][PASSED] - response_feedback = feedback.getResponseText(): null

2022-03-29 13:43:40 - [TEST_STEP][PASSED] - markPassed("result feedback data : " + no + " norek : " + norek + " nopin : " + nopin): result feedback data : 436 norek : 9940012658 nopin : 001

2022-03-29 13:43:40 - [MESSAGE][PASSED] - result feedback data : 436 norek : 9940012658 nopin : 001

2022-03-29 13:43:40 - [TEST_STEP][PASSED] - logInfo($response_feedback): {
  "FeedbackCarInsuranceResponse" : {
    "errorCode" : "00",
    "errorMessage" : "Sukses"
  }
}

2022-03-29 13:43:40 - [MESSAGE][INFO] - {
  "FeedbackCarInsuranceResponse" : {
    "errorCode" : "00",
    "errorMessage" : "Sukses"
  }
}

2022-03-29 13:43:40 - [TEST_STEP][PASSED] - verifyElementPropertyValue(feedback, "FeedbackCarInsuranceResponse.errorMessage", "Sukses", CONTINUE_ON_FAILURE): Verify element property value successfully

2022-03-29 13:43:40 - [MESSAGE][PASSED] - Verify element property value successfully]]></system-out>
         <system-err><![CDATA[]]></system-err>
      </testcase>
      <testcase name="Test Cases/3. get token - feedback insurance" time="1.279" classname="Test Cases/3. get token - feedback insurance" status="PASSED">
         <system-out><![CDATA[2022-03-29 13:43:40 - [TEST_CASE][PASSED] - Test Cases/3. get token - feedback insurance: Test Cases/3. get token - feedback insurance

2022-03-29 13:43:40 - [TEST_STEP][PASSED] - token = sendRequest(findTestObject("1. Get-Token")): Send request successfully

2022-03-29 13:43:41 - [MESSAGE][INFO] - HAR: I:\app-testing\app-project\Order car insurance\order-car-insurance\Reports\20220329_124138\3. Get feedback insurance - Batch 1\20220329_124139\requests\main\780.har

2022-03-29 13:43:41 - [MESSAGE][PASSED] - Send request successfully

2022-03-29 13:43:41 - [TEST_STEP][PASSED] - slurper = new groovy.json.JsonSlurper(): null

2022-03-29 13:43:41 - [TEST_STEP][PASSED] - get_token = slurper.parseText(token.getResponseBodyContent()): null

2022-03-29 13:43:41 - [TEST_STEP][PASSED] - private_token = access_token: null

2022-03-29 13:43:41 - [TEST_STEP][PASSED] - global_token = private_token: null

2022-03-29 13:43:41 - [TEST_STEP][PASSED] - println("token is :" + global_token): null

2022-03-29 13:43:41 - [TEST_STEP][PASSED] - response_token = token.getResponseText(): null

2022-03-29 13:43:41 - [TEST_STEP][PASSED] - logInfo($response_token): {"fault":{"faultstring":"Access Denied for client ip : 8.29.105.53","detail":{"errorcode":"accesscontrol.IPDeniedAccess"}}}

2022-03-29 13:43:41 - [MESSAGE][INFO] - {"fault":{"faultstring":"Access Denied for client ip : 8.29.105.53","detail":{"errorcode":"accesscontrol.IPDeniedAccess"}}}

2022-03-29 13:43:41 - [TEST_STEP][PASSED] - feedback = sendRequest(findTestObject("4. Feedback-ins", ["s_key":global_token, "batchid":batchid, "norek":norek, "nopin":nopin, "custname":custname, "pemohon":pemohon, "branchid":branchid, ... ])): Send request successfully

2022-03-29 13:43:42 - [MESSAGE][INFO] - HAR: I:\app-testing\app-project\Order car insurance\order-car-insurance\Reports\20220329_124138\3. Get feedback insurance - Batch 1\20220329_124139\requests\main\781.har

2022-03-29 13:43:42 - [MESSAGE][PASSED] - Send request successfully

2022-03-29 13:43:42 - [TEST_STEP][PASSED] - response_feedback = feedback.getResponseText(): null

2022-03-29 13:43:42 - [TEST_STEP][PASSED] - markPassed("result feedback data : " + no + " norek : " + norek + " nopin : " + nopin): result feedback data : 437 norek : 9940012659 nopin : 001

2022-03-29 13:43:42 - [MESSAGE][PASSED] - result feedback data : 437 norek : 9940012659 nopin : 001

2022-03-29 13:43:42 - [TEST_STEP][PASSED] - logInfo($response_feedback): {
  "FeedbackCarInsuranceResponse" : {
    "errorCode" : "00",
    "errorMessage" : "Sukses"
  }
}

2022-03-29 13:43:42 - [MESSAGE][INFO] - {
  "FeedbackCarInsuranceResponse" : {
    "errorCode" : "00",
    "errorMessage" : "Sukses"
  }
}

2022-03-29 13:43:42 - [TEST_STEP][PASSED] - verifyElementPropertyValue(feedback, "FeedbackCarInsuranceResponse.errorMessage", "Sukses", CONTINUE_ON_FAILURE): Verify element property value successfully

2022-03-29 13:43:42 - [MESSAGE][PASSED] - Verify element property value successfully]]></system-out>
         <system-err><![CDATA[]]></system-err>
      </testcase>
      <testcase name="Test Cases/3. get token - feedback insurance" time="2.62" classname="Test Cases/3. get token - feedback insurance" status="PASSED">
         <system-out><![CDATA[2022-03-29 13:43:42 - [TEST_CASE][PASSED] - Test Cases/3. get token - feedback insurance: Test Cases/3. get token - feedback insurance

2022-03-29 13:43:42 - [TEST_STEP][PASSED] - token = sendRequest(findTestObject("1. Get-Token")): Send request successfully

2022-03-29 13:43:42 - [MESSAGE][INFO] - HAR: I:\app-testing\app-project\Order car insurance\order-car-insurance\Reports\20220329_124138\3. Get feedback insurance - Batch 1\20220329_124139\requests\main\782.har

2022-03-29 13:43:42 - [MESSAGE][PASSED] - Send request successfully

2022-03-29 13:43:42 - [TEST_STEP][PASSED] - slurper = new groovy.json.JsonSlurper(): null

2022-03-29 13:43:42 - [TEST_STEP][PASSED] - get_token = slurper.parseText(token.getResponseBodyContent()): null

2022-03-29 13:43:42 - [TEST_STEP][PASSED] - private_token = access_token: null

2022-03-29 13:43:42 - [TEST_STEP][PASSED] - global_token = private_token: null

2022-03-29 13:43:42 - [TEST_STEP][PASSED] - println("token is :" + global_token): null

2022-03-29 13:43:42 - [TEST_STEP][PASSED] - response_token = token.getResponseText(): null

2022-03-29 13:43:42 - [TEST_STEP][PASSED] - logInfo($response_token): {"fault":{"faultstring":"Access Denied for client ip : 8.29.105.53","detail":{"errorcode":"accesscontrol.IPDeniedAccess"}}}

2022-03-29 13:43:42 - [MESSAGE][INFO] - {"fault":{"faultstring":"Access Denied for client ip : 8.29.105.53","detail":{"errorcode":"accesscontrol.IPDeniedAccess"}}}

2022-03-29 13:43:42 - [TEST_STEP][PASSED] - feedback = sendRequest(findTestObject("4. Feedback-ins", ["s_key":global_token, "batchid":batchid, "norek":norek, "nopin":nopin, "custname":custname, "pemohon":pemohon, "branchid":branchid, ... ])): Send request successfully

2022-03-29 13:43:45 - [MESSAGE][INFO] - HAR: I:\app-testing\app-project\Order car insurance\order-car-insurance\Reports\20220329_124138\3. Get feedback insurance - Batch 1\20220329_124139\requests\main\783.har

2022-03-29 13:43:45 - [MESSAGE][PASSED] - Send request successfully

2022-03-29 13:43:45 - [TEST_STEP][PASSED] - response_feedback = feedback.getResponseText(): null

2022-03-29 13:43:45 - [TEST_STEP][PASSED] - markPassed("result feedback data : " + no + " norek : " + norek + " nopin : " + nopin): result feedback data : 438 norek : 9940012659 nopin : 001

2022-03-29 13:43:45 - [MESSAGE][PASSED] - result feedback data : 438 norek : 9940012659 nopin : 001

2022-03-29 13:43:45 - [TEST_STEP][PASSED] - logInfo($response_feedback): {
  "FeedbackCarInsuranceResponse" : {
    "errorCode" : "00",
    "errorMessage" : "Sukses"
  }
}

2022-03-29 13:43:45 - [MESSAGE][INFO] - {
  "FeedbackCarInsuranceResponse" : {
    "errorCode" : "00",
    "errorMessage" : "Sukses"
  }
}

2022-03-29 13:43:45 - [TEST_STEP][PASSED] - verifyElementPropertyValue(feedback, "FeedbackCarInsuranceResponse.errorMessage", "Sukses", CONTINUE_ON_FAILURE): Verify element property value successfully

2022-03-29 13:43:45 - [MESSAGE][PASSED] - Verify element property value successfully]]></system-out>
         <system-err><![CDATA[]]></system-err>
      </testcase>
      <testcase name="Test Cases/3. get token - feedback insurance" time="1.112" classname="Test Cases/3. get token - feedback insurance" status="PASSED">
         <system-out><![CDATA[2022-03-29 13:43:45 - [TEST_CASE][PASSED] - Test Cases/3. get token - feedback insurance: Test Cases/3. get token - feedback insurance

2022-03-29 13:43:45 - [TEST_STEP][PASSED] - token = sendRequest(findTestObject("1. Get-Token")): Send request successfully

2022-03-29 13:43:45 - [MESSAGE][INFO] - HAR: I:\app-testing\app-project\Order car insurance\order-car-insurance\Reports\20220329_124138\3. Get feedback insurance - Batch 1\20220329_124139\requests\main\784.har

2022-03-29 13:43:45 - [MESSAGE][PASSED] - Send request successfully

2022-03-29 13:43:45 - [TEST_STEP][PASSED] - slurper = new groovy.json.JsonSlurper(): null

2022-03-29 13:43:45 - [TEST_STEP][PASSED] - get_token = slurper.parseText(token.getResponseBodyContent()): null

2022-03-29 13:43:45 - [TEST_STEP][PASSED] - private_token = access_token: null

2022-03-29 13:43:45 - [TEST_STEP][PASSED] - global_token = private_token: null

2022-03-29 13:43:45 - [TEST_STEP][PASSED] - println("token is :" + global_token): null

2022-03-29 13:43:45 - [TEST_STEP][PASSED] - response_token = token.getResponseText(): null

2022-03-29 13:43:45 - [TEST_STEP][PASSED] - logInfo($response_token): {"fault":{"faultstring":"Access Denied for client ip : 8.29.105.53","detail":{"errorcode":"accesscontrol.IPDeniedAccess"}}}

2022-03-29 13:43:45 - [MESSAGE][INFO] - {"fault":{"faultstring":"Access Denied for client ip : 8.29.105.53","detail":{"errorcode":"accesscontrol.IPDeniedAccess"}}}

2022-03-29 13:43:45 - [TEST_STEP][PASSED] - feedback = sendRequest(findTestObject("4. Feedback-ins", ["s_key":global_token, "batchid":batchid, "norek":norek, "nopin":nopin, "custname":custname, "pemohon":pemohon, "branchid":branchid, ... ])): Send request successfully

2022-03-29 13:43:46 - [MESSAGE][INFO] - HAR: I:\app-testing\app-project\Order car insurance\order-car-insurance\Reports\20220329_124138\3. Get feedback insurance - Batch 1\20220329_124139\requests\main\785.har

2022-03-29 13:43:46 - [MESSAGE][PASSED] - Send request successfully

2022-03-29 13:43:46 - [TEST_STEP][PASSED] - response_feedback = feedback.getResponseText(): null

2022-03-29 13:43:46 - [TEST_STEP][PASSED] - markPassed("result feedback data : " + no + " norek : " + norek + " nopin : " + nopin): result feedback data : 439 norek : 9940012659 nopin : 001

2022-03-29 13:43:46 - [MESSAGE][PASSED] - result feedback data : 439 norek : 9940012659 nopin : 001

2022-03-29 13:43:46 - [TEST_STEP][PASSED] - logInfo($response_feedback): {
  "FeedbackCarInsuranceResponse" : {
    "errorCode" : "00",
    "errorMessage" : "Sukses"
  }
}

2022-03-29 13:43:46 - [MESSAGE][INFO] - {
  "FeedbackCarInsuranceResponse" : {
    "errorCode" : "00",
    "errorMessage" : "Sukses"
  }
}

2022-03-29 13:43:46 - [TEST_STEP][PASSED] - verifyElementPropertyValue(feedback, "FeedbackCarInsuranceResponse.errorMessage", "Sukses", CONTINUE_ON_FAILURE): Verify element property value successfully

2022-03-29 13:43:46 - [MESSAGE][PASSED] - Verify element property value successfully]]></system-out>
         <system-err><![CDATA[]]></system-err>
      </testcase>
      <testcase name="Test Cases/3. get token - feedback insurance" time="1.161" classname="Test Cases/3. get token - feedback insurance" status="PASSED">
         <system-out><![CDATA[2022-03-29 13:43:47 - [TEST_CASE][PASSED] - Test Cases/3. get token - feedback insurance: Test Cases/3. get token - feedback insurance

2022-03-29 13:43:47 - [TEST_STEP][PASSED] - token = sendRequest(findTestObject("1. Get-Token")): Send request successfully

2022-03-29 13:43:47 - [MESSAGE][INFO] - HAR: I:\app-testing\app-project\Order car insurance\order-car-insurance\Reports\20220329_124138\3. Get feedback insurance - Batch 1\20220329_124139\requests\main\786.har

2022-03-29 13:43:47 - [MESSAGE][PASSED] - Send request successfully

2022-03-29 13:43:47 - [TEST_STEP][PASSED] - slurper = new groovy.json.JsonSlurper(): null

2022-03-29 13:43:47 - [TEST_STEP][PASSED] - get_token = slurper.parseText(token.getResponseBodyContent()): null

2022-03-29 13:43:47 - [TEST_STEP][PASSED] - private_token = access_token: null

2022-03-29 13:43:47 - [TEST_STEP][PASSED] - global_token = private_token: null

2022-03-29 13:43:47 - [TEST_STEP][PASSED] - println("token is :" + global_token): null

2022-03-29 13:43:47 - [TEST_STEP][PASSED] - response_token = token.getResponseText(): null

2022-03-29 13:43:47 - [TEST_STEP][PASSED] - logInfo($response_token): {"fault":{"faultstring":"Access Denied for client ip : 8.29.105.53","detail":{"errorcode":"accesscontrol.IPDeniedAccess"}}}

2022-03-29 13:43:47 - [MESSAGE][INFO] - {"fault":{"faultstring":"Access Denied for client ip : 8.29.105.53","detail":{"errorcode":"accesscontrol.IPDeniedAccess"}}}

2022-03-29 13:43:47 - [TEST_STEP][PASSED] - feedback = sendRequest(findTestObject("4. Feedback-ins", ["s_key":global_token, "batchid":batchid, "norek":norek, "nopin":nopin, "custname":custname, "pemohon":pemohon, "branchid":branchid, ... ])): Send request successfully

2022-03-29 13:43:48 - [MESSAGE][INFO] - HAR: I:\app-testing\app-project\Order car insurance\order-car-insurance\Reports\20220329_124138\3. Get feedback insurance - Batch 1\20220329_124139\requests\main\787.har

2022-03-29 13:43:48 - [MESSAGE][PASSED] - Send request successfully

2022-03-29 13:43:48 - [TEST_STEP][PASSED] - response_feedback = feedback.getResponseText(): null

2022-03-29 13:43:48 - [TEST_STEP][PASSED] - markPassed("result feedback data : " + no + " norek : " + norek + " nopin : " + nopin): result feedback data : 440 norek : 9940012659 nopin : 001

2022-03-29 13:43:48 - [MESSAGE][PASSED] - result feedback data : 440 norek : 9940012659 nopin : 001

2022-03-29 13:43:48 - [TEST_STEP][PASSED] - logInfo($response_feedback): {
  "FeedbackCarInsuranceResponse" : {
    "errorCode" : "00",
    "errorMessage" : "Sukses"
  }
}

2022-03-29 13:43:48 - [MESSAGE][INFO] - {
  "FeedbackCarInsuranceResponse" : {
    "errorCode" : "00",
    "errorMessage" : "Sukses"
  }
}

2022-03-29 13:43:48 - [TEST_STEP][PASSED] - verifyElementPropertyValue(feedback, "FeedbackCarInsuranceResponse.errorMessage", "Sukses", CONTINUE_ON_FAILURE): Verify element property value successfully

2022-03-29 13:43:48 - [MESSAGE][PASSED] - Verify element property value successfully]]></system-out>
         <system-err><![CDATA[]]></system-err>
      </testcase>
      <testcase name="Test Cases/3. get token - feedback insurance" time="1.368" classname="Test Cases/3. get token - feedback insurance" status="PASSED">
         <system-out><![CDATA[2022-03-29 13:43:48 - [TEST_CASE][PASSED] - Test Cases/3. get token - feedback insurance: Test Cases/3. get token - feedback insurance

2022-03-29 13:43:48 - [TEST_STEP][PASSED] - token = sendRequest(findTestObject("1. Get-Token")): Send request successfully

2022-03-29 13:43:49 - [MESSAGE][INFO] - HAR: I:\app-testing\app-project\Order car insurance\order-car-insurance\Reports\20220329_124138\3. Get feedback insurance - Batch 1\20220329_124139\requests\main\788.har

2022-03-29 13:43:49 - [MESSAGE][PASSED] - Send request successfully

2022-03-29 13:43:49 - [TEST_STEP][PASSED] - slurper = new groovy.json.JsonSlurper(): null

2022-03-29 13:43:49 - [TEST_STEP][PASSED] - get_token = slurper.parseText(token.getResponseBodyContent()): null

2022-03-29 13:43:49 - [TEST_STEP][PASSED] - private_token = access_token: null

2022-03-29 13:43:49 - [TEST_STEP][PASSED] - global_token = private_token: null

2022-03-29 13:43:49 - [TEST_STEP][PASSED] - println("token is :" + global_token): null

2022-03-29 13:43:49 - [TEST_STEP][PASSED] - response_token = token.getResponseText(): null

2022-03-29 13:43:49 - [TEST_STEP][PASSED] - logInfo($response_token): {"fault":{"faultstring":"Access Denied for client ip : 8.29.105.53","detail":{"errorcode":"accesscontrol.IPDeniedAccess"}}}

2022-03-29 13:43:49 - [MESSAGE][INFO] - {"fault":{"faultstring":"Access Denied for client ip : 8.29.105.53","detail":{"errorcode":"accesscontrol.IPDeniedAccess"}}}

2022-03-29 13:43:49 - [TEST_STEP][PASSED] - feedback = sendRequest(findTestObject("4. Feedback-ins", ["s_key":global_token, "batchid":batchid, "norek":norek, "nopin":nopin, "custname":custname, "pemohon":pemohon, "branchid":branchid, ... ])): Send request successfully

2022-03-29 13:43:50 - [MESSAGE][INFO] - HAR: I:\app-testing\app-project\Order car insurance\order-car-insurance\Reports\20220329_124138\3. Get feedback insurance - Batch 1\20220329_124139\requests\main\789.har

2022-03-29 13:43:50 - [MESSAGE][PASSED] - Send request successfully

2022-03-29 13:43:50 - [TEST_STEP][PASSED] - response_feedback = feedback.getResponseText(): null

2022-03-29 13:43:50 - [TEST_STEP][PASSED] - markPassed("result feedback data : " + no + " norek : " + norek + " nopin : " + nopin): result feedback data : 441 norek : 9942006579 nopin : 001

2022-03-29 13:43:50 - [MESSAGE][PASSED] - result feedback data : 441 norek : 9942006579 nopin : 001

2022-03-29 13:43:50 - [TEST_STEP][PASSED] - logInfo($response_feedback): {
  "FeedbackCarInsuranceResponse" : {
    "errorCode" : "00",
    "errorMessage" : "Sukses"
  }
}

2022-03-29 13:43:50 - [MESSAGE][INFO] - {
  "FeedbackCarInsuranceResponse" : {
    "errorCode" : "00",
    "errorMessage" : "Sukses"
  }
}

2022-03-29 13:43:50 - [TEST_STEP][PASSED] - verifyElementPropertyValue(feedback, "FeedbackCarInsuranceResponse.errorMessage", "Sukses", CONTINUE_ON_FAILURE): Verify element property value successfully

2022-03-29 13:43:50 - [MESSAGE][PASSED] - Verify element property value successfully]]></system-out>
         <system-err><![CDATA[]]></system-err>
      </testcase>
      <testcase name="Test Cases/3. get token - feedback insurance" time="1.216" classname="Test Cases/3. get token - feedback insurance" status="PASSED">
         <system-out><![CDATA[2022-03-29 13:43:50 - [TEST_CASE][PASSED] - Test Cases/3. get token - feedback insurance: Test Cases/3. get token - feedback insurance

2022-03-29 13:43:50 - [TEST_STEP][PASSED] - token = sendRequest(findTestObject("1. Get-Token")): Send request successfully

2022-03-29 13:43:50 - [MESSAGE][INFO] - HAR: I:\app-testing\app-project\Order car insurance\order-car-insurance\Reports\20220329_124138\3. Get feedback insurance - Batch 1\20220329_124139\requests\main\790.har

2022-03-29 13:43:50 - [MESSAGE][PASSED] - Send request successfully

2022-03-29 13:43:50 - [TEST_STEP][PASSED] - slurper = new groovy.json.JsonSlurper(): null

2022-03-29 13:43:50 - [TEST_STEP][PASSED] - get_token = slurper.parseText(token.getResponseBodyContent()): null

2022-03-29 13:43:50 - [TEST_STEP][PASSED] - private_token = access_token: null

2022-03-29 13:43:50 - [TEST_STEP][PASSED] - global_token = private_token: null

2022-03-29 13:43:50 - [TEST_STEP][PASSED] - println("token is :" + global_token): null

2022-03-29 13:43:50 - [TEST_STEP][PASSED] - response_token = token.getResponseText(): null

2022-03-29 13:43:50 - [TEST_STEP][PASSED] - logInfo($response_token): {"fault":{"faultstring":"Access Denied for client ip : 8.29.105.53","detail":{"errorcode":"accesscontrol.IPDeniedAccess"}}}

2022-03-29 13:43:50 - [MESSAGE][INFO] - {"fault":{"faultstring":"Access Denied for client ip : 8.29.105.53","detail":{"errorcode":"accesscontrol.IPDeniedAccess"}}}

2022-03-29 13:43:50 - [TEST_STEP][PASSED] - feedback = sendRequest(findTestObject("4. Feedback-ins", ["s_key":global_token, "batchid":batchid, "norek":norek, "nopin":nopin, "custname":custname, "pemohon":pemohon, "branchid":branchid, ... ])): Send request successfully

2022-03-29 13:43:51 - [MESSAGE][INFO] - HAR: I:\app-testing\app-project\Order car insurance\order-car-insurance\Reports\20220329_124138\3. Get feedback insurance - Batch 1\20220329_124139\requests\main\791.har

2022-03-29 13:43:51 - [MESSAGE][PASSED] - Send request successfully

2022-03-29 13:43:51 - [TEST_STEP][PASSED] - response_feedback = feedback.getResponseText(): null

2022-03-29 13:43:51 - [TEST_STEP][PASSED] - markPassed("result feedback data : " + no + " norek : " + norek + " nopin : " + nopin): result feedback data : 442 norek : 9942006580 nopin : 001

2022-03-29 13:43:51 - [MESSAGE][PASSED] - result feedback data : 442 norek : 9942006580 nopin : 001

2022-03-29 13:43:51 - [TEST_STEP][PASSED] - logInfo($response_feedback): {
  "FeedbackCarInsuranceResponse" : {
    "errorCode" : "00",
    "errorMessage" : "Sukses"
  }
}

2022-03-29 13:43:51 - [MESSAGE][INFO] - {
  "FeedbackCarInsuranceResponse" : {
    "errorCode" : "00",
    "errorMessage" : "Sukses"
  }
}

2022-03-29 13:43:51 - [TEST_STEP][PASSED] - verifyElementPropertyValue(feedback, "FeedbackCarInsuranceResponse.errorMessage", "Sukses", CONTINUE_ON_FAILURE): Verify element property value successfully

2022-03-29 13:43:51 - [MESSAGE][PASSED] - Verify element property value successfully]]></system-out>
         <system-err><![CDATA[]]></system-err>
      </testcase>
      <testcase name="Test Cases/3. get token - feedback insurance" time="1.136" classname="Test Cases/3. get token - feedback insurance" status="PASSED">
         <system-out><![CDATA[2022-03-29 13:43:52 - [TEST_CASE][PASSED] - Test Cases/3. get token - feedback insurance: Test Cases/3. get token - feedback insurance

2022-03-29 13:43:52 - [TEST_STEP][PASSED] - token = sendRequest(findTestObject("1. Get-Token")): Send request successfully

2022-03-29 13:43:52 - [MESSAGE][INFO] - HAR: I:\app-testing\app-project\Order car insurance\order-car-insurance\Reports\20220329_124138\3. Get feedback insurance - Batch 1\20220329_124139\requests\main\792.har

2022-03-29 13:43:52 - [MESSAGE][PASSED] - Send request successfully

2022-03-29 13:43:52 - [TEST_STEP][PASSED] - slurper = new groovy.json.JsonSlurper(): null

2022-03-29 13:43:52 - [TEST_STEP][PASSED] - get_token = slurper.parseText(token.getResponseBodyContent()): null

2022-03-29 13:43:52 - [TEST_STEP][PASSED] - private_token = access_token: null

2022-03-29 13:43:52 - [TEST_STEP][PASSED] - global_token = private_token: null

2022-03-29 13:43:52 - [TEST_STEP][PASSED] - println("token is :" + global_token): null

2022-03-29 13:43:52 - [TEST_STEP][PASSED] - response_token = token.getResponseText(): null

2022-03-29 13:43:52 - [TEST_STEP][PASSED] - logInfo($response_token): {"fault":{"faultstring":"Access Denied for client ip : 8.29.105.53","detail":{"errorcode":"accesscontrol.IPDeniedAccess"}}}

2022-03-29 13:43:52 - [MESSAGE][INFO] - {"fault":{"faultstring":"Access Denied for client ip : 8.29.105.53","detail":{"errorcode":"accesscontrol.IPDeniedAccess"}}}

2022-03-29 13:43:52 - [TEST_STEP][PASSED] - feedback = sendRequest(findTestObject("4. Feedback-ins", ["s_key":global_token, "batchid":batchid, "norek":norek, "nopin":nopin, "custname":custname, "pemohon":pemohon, "branchid":branchid, ... ])): Send request successfully

2022-03-29 13:43:53 - [MESSAGE][INFO] - HAR: I:\app-testing\app-project\Order car insurance\order-car-insurance\Reports\20220329_124138\3. Get feedback insurance - Batch 1\20220329_124139\requests\main\793.har

2022-03-29 13:43:53 - [MESSAGE][PASSED] - Send request successfully

2022-03-29 13:43:53 - [TEST_STEP][PASSED] - response_feedback = feedback.getResponseText(): null

2022-03-29 13:43:53 - [TEST_STEP][PASSED] - markPassed("result feedback data : " + no + " norek : " + norek + " nopin : " + nopin): result feedback data : 443 norek : 9942006580 nopin : 001

2022-03-29 13:43:53 - [MESSAGE][PASSED] - result feedback data : 443 norek : 9942006580 nopin : 001

2022-03-29 13:43:53 - [TEST_STEP][PASSED] - logInfo($response_feedback): {
  "FeedbackCarInsuranceResponse" : {
    "errorCode" : "00",
    "errorMessage" : "Sukses"
  }
}

2022-03-29 13:43:53 - [MESSAGE][INFO] - {
  "FeedbackCarInsuranceResponse" : {
    "errorCode" : "00",
    "errorMessage" : "Sukses"
  }
}

2022-03-29 13:43:53 - [TEST_STEP][PASSED] - verifyElementPropertyValue(feedback, "FeedbackCarInsuranceResponse.errorMessage", "Sukses", CONTINUE_ON_FAILURE): Verify element property value successfully

2022-03-29 13:43:53 - [MESSAGE][PASSED] - Verify element property value successfully]]></system-out>
         <system-err><![CDATA[]]></system-err>
      </testcase>
      <testcase name="Test Cases/3. get token - feedback insurance" time="1.093" classname="Test Cases/3. get token - feedback insurance" status="PASSED">
         <system-out><![CDATA[2022-03-29 13:43:53 - [TEST_CASE][PASSED] - Test Cases/3. get token - feedback insurance: Test Cases/3. get token - feedback insurance

2022-03-29 13:43:53 - [TEST_STEP][PASSED] - token = sendRequest(findTestObject("1. Get-Token")): Send request successfully

2022-03-29 13:43:54 - [MESSAGE][INFO] - HAR: I:\app-testing\app-project\Order car insurance\order-car-insurance\Reports\20220329_124138\3. Get feedback insurance - Batch 1\20220329_124139\requests\main\794.har

2022-03-29 13:43:54 - [MESSAGE][PASSED] - Send request successfully

2022-03-29 13:43:54 - [TEST_STEP][PASSED] - slurper = new groovy.json.JsonSlurper(): null

2022-03-29 13:43:54 - [TEST_STEP][PASSED] - get_token = slurper.parseText(token.getResponseBodyContent()): null

2022-03-29 13:43:54 - [TEST_STEP][PASSED] - private_token = access_token: null

2022-03-29 13:43:54 - [TEST_STEP][PASSED] - global_token = private_token: null

2022-03-29 13:43:54 - [TEST_STEP][PASSED] - println("token is :" + global_token): null

2022-03-29 13:43:54 - [TEST_STEP][PASSED] - response_token = token.getResponseText(): null

2022-03-29 13:43:54 - [TEST_STEP][PASSED] - logInfo($response_token): {"fault":{"faultstring":"Access Denied for client ip : 8.29.105.53","detail":{"errorcode":"accesscontrol.IPDeniedAccess"}}}

2022-03-29 13:43:54 - [MESSAGE][INFO] - {"fault":{"faultstring":"Access Denied for client ip : 8.29.105.53","detail":{"errorcode":"accesscontrol.IPDeniedAccess"}}}

2022-03-29 13:43:54 - [TEST_STEP][PASSED] - feedback = sendRequest(findTestObject("4. Feedback-ins", ["s_key":global_token, "batchid":batchid, "norek":norek, "nopin":nopin, "custname":custname, "pemohon":pemohon, "branchid":branchid, ... ])): Send request successfully

2022-03-29 13:43:54 - [MESSAGE][INFO] - HAR: I:\app-testing\app-project\Order car insurance\order-car-insurance\Reports\20220329_124138\3. Get feedback insurance - Batch 1\20220329_124139\requests\main\795.har

2022-03-29 13:43:54 - [MESSAGE][PASSED] - Send request successfully

2022-03-29 13:43:54 - [TEST_STEP][PASSED] - response_feedback = feedback.getResponseText(): null

2022-03-29 13:43:54 - [TEST_STEP][PASSED] - markPassed("result feedback data : " + no + " norek : " + norek + " nopin : " + nopin): result feedback data : 444 norek : 9942006580 nopin : 001

2022-03-29 13:43:54 - [MESSAGE][PASSED] - result feedback data : 444 norek : 9942006580 nopin : 001

2022-03-29 13:43:54 - [TEST_STEP][PASSED] - logInfo($response_feedback): {
  "FeedbackCarInsuranceResponse" : {
    "errorCode" : "00",
    "errorMessage" : "Sukses"
  }
}

2022-03-29 13:43:54 - [MESSAGE][INFO] - {
  "FeedbackCarInsuranceResponse" : {
    "errorCode" : "00",
    "errorMessage" : "Sukses"
  }
}

2022-03-29 13:43:54 - [TEST_STEP][PASSED] - verifyElementPropertyValue(feedback, "FeedbackCarInsuranceResponse.errorMessage", "Sukses", CONTINUE_ON_FAILURE): Verify element property value successfully

2022-03-29 13:43:54 - [MESSAGE][PASSED] - Verify element property value successfully]]></system-out>
         <system-err><![CDATA[]]></system-err>
      </testcase>
      <testcase name="Test Cases/3. get token - feedback insurance" time="1.099" classname="Test Cases/3. get token - feedback insurance" status="PASSED">
         <system-out><![CDATA[2022-03-29 13:43:55 - [TEST_CASE][PASSED] - Test Cases/3. get token - feedback insurance: Test Cases/3. get token - feedback insurance

2022-03-29 13:43:55 - [TEST_STEP][PASSED] - token = sendRequest(findTestObject("1. Get-Token")): Send request successfully

2022-03-29 13:43:55 - [MESSAGE][INFO] - HAR: I:\app-testing\app-project\Order car insurance\order-car-insurance\Reports\20220329_124138\3. Get feedback insurance - Batch 1\20220329_124139\requests\main\796.har

2022-03-29 13:43:55 - [MESSAGE][PASSED] - Send request successfully

2022-03-29 13:43:55 - [TEST_STEP][PASSED] - slurper = new groovy.json.JsonSlurper(): null

2022-03-29 13:43:55 - [TEST_STEP][PASSED] - get_token = slurper.parseText(token.getResponseBodyContent()): null

2022-03-29 13:43:55 - [TEST_STEP][PASSED] - private_token = access_token: null

2022-03-29 13:43:55 - [TEST_STEP][PASSED] - global_token = private_token: null

2022-03-29 13:43:55 - [TEST_STEP][PASSED] - println("token is :" + global_token): null

2022-03-29 13:43:55 - [TEST_STEP][PASSED] - response_token = token.getResponseText(): null

2022-03-29 13:43:55 - [TEST_STEP][PASSED] - logInfo($response_token): {"fault":{"faultstring":"Access Denied for client ip : 8.29.105.53","detail":{"errorcode":"accesscontrol.IPDeniedAccess"}}}

2022-03-29 13:43:55 - [MESSAGE][INFO] - {"fault":{"faultstring":"Access Denied for client ip : 8.29.105.53","detail":{"errorcode":"accesscontrol.IPDeniedAccess"}}}

2022-03-29 13:43:55 - [TEST_STEP][PASSED] - feedback = sendRequest(findTestObject("4. Feedback-ins", ["s_key":global_token, "batchid":batchid, "norek":norek, "nopin":nopin, "custname":custname, "pemohon":pemohon, "branchid":branchid, ... ])): Send request successfully

2022-03-29 13:43:56 - [MESSAGE][INFO] - HAR: I:\app-testing\app-project\Order car insurance\order-car-insurance\Reports\20220329_124138\3. Get feedback insurance - Batch 1\20220329_124139\requests\main\797.har

2022-03-29 13:43:56 - [MESSAGE][PASSED] - Send request successfully

2022-03-29 13:43:56 - [TEST_STEP][PASSED] - response_feedback = feedback.getResponseText(): null

2022-03-29 13:43:56 - [TEST_STEP][PASSED] - markPassed("result feedback data : " + no + " norek : " + norek + " nopin : " + nopin): result feedback data : 445 norek : 9942006580 nopin : 001

2022-03-29 13:43:56 - [MESSAGE][PASSED] - result feedback data : 445 norek : 9942006580 nopin : 001

2022-03-29 13:43:56 - [TEST_STEP][PASSED] - logInfo($response_feedback): {
  "FeedbackCarInsuranceResponse" : {
    "errorCode" : "00",
    "errorMessage" : "Sukses"
  }
}

2022-03-29 13:43:56 - [MESSAGE][INFO] - {
  "FeedbackCarInsuranceResponse" : {
    "errorCode" : "00",
    "errorMessage" : "Sukses"
  }
}

2022-03-29 13:43:56 - [TEST_STEP][PASSED] - verifyElementPropertyValue(feedback, "FeedbackCarInsuranceResponse.errorMessage", "Sukses", CONTINUE_ON_FAILURE): Verify element property value successfully

2022-03-29 13:43:56 - [MESSAGE][PASSED] - Verify element property value successfully]]></system-out>
         <system-err><![CDATA[]]></system-err>
      </testcase>
      <testcase name="Test Cases/3. get token - feedback insurance" time="3.171" classname="Test Cases/3. get token - feedback insurance" status="PASSED">
         <system-out><![CDATA[2022-03-29 13:43:56 - [TEST_CASE][PASSED] - Test Cases/3. get token - feedback insurance: Test Cases/3. get token - feedback insurance

2022-03-29 13:43:56 - [TEST_STEP][PASSED] - token = sendRequest(findTestObject("1. Get-Token")): Send request successfully

2022-03-29 13:43:57 - [MESSAGE][INFO] - HAR: I:\app-testing\app-project\Order car insurance\order-car-insurance\Reports\20220329_124138\3. Get feedback insurance - Batch 1\20220329_124139\requests\main\798.har

2022-03-29 13:43:57 - [MESSAGE][PASSED] - Send request successfully

2022-03-29 13:43:57 - [TEST_STEP][PASSED] - slurper = new groovy.json.JsonSlurper(): null

2022-03-29 13:43:57 - [TEST_STEP][PASSED] - get_token = slurper.parseText(token.getResponseBodyContent()): null

2022-03-29 13:43:57 - [TEST_STEP][PASSED] - private_token = access_token: null

2022-03-29 13:43:57 - [TEST_STEP][PASSED] - global_token = private_token: null

2022-03-29 13:43:57 - [TEST_STEP][PASSED] - println("token is :" + global_token): null

2022-03-29 13:43:57 - [TEST_STEP][PASSED] - response_token = token.getResponseText(): null

2022-03-29 13:43:57 - [TEST_STEP][PASSED] - logInfo($response_token): {"fault":{"faultstring":"Access Denied for client ip : 8.29.105.53","detail":{"errorcode":"accesscontrol.IPDeniedAccess"}}}

2022-03-29 13:43:57 - [MESSAGE][INFO] - {"fault":{"faultstring":"Access Denied for client ip : 8.29.105.53","detail":{"errorcode":"accesscontrol.IPDeniedAccess"}}}

2022-03-29 13:43:57 - [TEST_STEP][PASSED] - feedback = sendRequest(findTestObject("4. Feedback-ins", ["s_key":global_token, "batchid":batchid, "norek":norek, "nopin":nopin, "custname":custname, "pemohon":pemohon, "branchid":branchid, ... ])): Send request successfully

2022-03-29 13:44:00 - [MESSAGE][INFO] - HAR: I:\app-testing\app-project\Order car insurance\order-car-insurance\Reports\20220329_124138\3. Get feedback insurance - Batch 1\20220329_124139\requests\main\799.har

2022-03-29 13:44:00 - [MESSAGE][PASSED] - Send request successfully

2022-03-29 13:44:00 - [TEST_STEP][PASSED] - response_feedback = feedback.getResponseText(): null

2022-03-29 13:44:00 - [TEST_STEP][PASSED] - markPassed("result feedback data : " + no + " norek : " + norek + " nopin : " + nopin): result feedback data : 446 norek : 9942006580 nopin : 001

2022-03-29 13:44:00 - [MESSAGE][PASSED] - result feedback data : 446 norek : 9942006580 nopin : 001

2022-03-29 13:44:00 - [TEST_STEP][PASSED] - logInfo($response_feedback): {
  "FeedbackCarInsuranceResponse" : {
    "errorCode" : "00",
    "errorMessage" : "Sukses"
  }
}

2022-03-29 13:44:00 - [MESSAGE][INFO] - {
  "FeedbackCarInsuranceResponse" : {
    "errorCode" : "00",
    "errorMessage" : "Sukses"
  }
}

2022-03-29 13:44:00 - [TEST_STEP][PASSED] - verifyElementPropertyValue(feedback, "FeedbackCarInsuranceResponse.errorMessage", "Sukses", CONTINUE_ON_FAILURE): Verify element property value successfully

2022-03-29 13:44:00 - [MESSAGE][PASSED] - Verify element property value successfully]]></system-out>
         <system-err><![CDATA[]]></system-err>
      </testcase>
      <testcase name="Test Cases/3. get token - feedback insurance" time="1.541" classname="Test Cases/3. get token - feedback insurance" status="PASSED">
         <system-out><![CDATA[2022-03-29 13:44:00 - [TEST_CASE][PASSED] - Test Cases/3. get token - feedback insurance: Test Cases/3. get token - feedback insurance

2022-03-29 13:44:00 - [TEST_STEP][PASSED] - token = sendRequest(findTestObject("1. Get-Token")): Send request successfully

2022-03-29 13:44:00 - [MESSAGE][INFO] - HAR: I:\app-testing\app-project\Order car insurance\order-car-insurance\Reports\20220329_124138\3. Get feedback insurance - Batch 1\20220329_124139\requests\main\800.har

2022-03-29 13:44:00 - [MESSAGE][PASSED] - Send request successfully

2022-03-29 13:44:00 - [TEST_STEP][PASSED] - slurper = new groovy.json.JsonSlurper(): null

2022-03-29 13:44:00 - [TEST_STEP][PASSED] - get_token = slurper.parseText(token.getResponseBodyContent()): null

2022-03-29 13:44:00 - [TEST_STEP][PASSED] - private_token = access_token: null

2022-03-29 13:44:00 - [TEST_STEP][PASSED] - global_token = private_token: null

2022-03-29 13:44:00 - [TEST_STEP][PASSED] - println("token is :" + global_token): null

2022-03-29 13:44:00 - [TEST_STEP][PASSED] - response_token = token.getResponseText(): null

2022-03-29 13:44:00 - [TEST_STEP][PASSED] - logInfo($response_token): {"fault":{"faultstring":"Access Denied for client ip : 8.29.105.53","detail":{"errorcode":"accesscontrol.IPDeniedAccess"}}}

2022-03-29 13:44:00 - [MESSAGE][INFO] - {"fault":{"faultstring":"Access Denied for client ip : 8.29.105.53","detail":{"errorcode":"accesscontrol.IPDeniedAccess"}}}

2022-03-29 13:44:00 - [TEST_STEP][PASSED] - feedback = sendRequest(findTestObject("4. Feedback-ins", ["s_key":global_token, "batchid":batchid, "norek":norek, "nopin":nopin, "custname":custname, "pemohon":pemohon, "branchid":branchid, ... ])): Send request successfully

2022-03-29 13:44:01 - [MESSAGE][INFO] - HAR: I:\app-testing\app-project\Order car insurance\order-car-insurance\Reports\20220329_124138\3. Get feedback insurance - Batch 1\20220329_124139\requests\main\801.har

2022-03-29 13:44:01 - [MESSAGE][PASSED] - Send request successfully

2022-03-29 13:44:01 - [TEST_STEP][PASSED] - response_feedback = feedback.getResponseText(): null

2022-03-29 13:44:01 - [TEST_STEP][PASSED] - markPassed("result feedback data : " + no + " norek : " + norek + " nopin : " + nopin): result feedback data : 447 norek : 9942006581 nopin : 001

2022-03-29 13:44:01 - [MESSAGE][PASSED] - result feedback data : 447 norek : 9942006581 nopin : 001

2022-03-29 13:44:01 - [TEST_STEP][PASSED] - logInfo($response_feedback): {
  "FeedbackCarInsuranceResponse" : {
    "errorCode" : "00",
    "errorMessage" : "Sukses"
  }
}

2022-03-29 13:44:01 - [MESSAGE][INFO] - {
  "FeedbackCarInsuranceResponse" : {
    "errorCode" : "00",
    "errorMessage" : "Sukses"
  }
}

2022-03-29 13:44:01 - [TEST_STEP][PASSED] - verifyElementPropertyValue(feedback, "FeedbackCarInsuranceResponse.errorMessage", "Sukses", CONTINUE_ON_FAILURE): Verify element property value successfully

2022-03-29 13:44:02 - [MESSAGE][PASSED] - Verify element property value successfully]]></system-out>
         <system-err><![CDATA[]]></system-err>
      </testcase>
      <testcase name="Test Cases/3. get token - feedback insurance" time="1.133" classname="Test Cases/3. get token - feedback insurance" status="PASSED">
         <system-out><![CDATA[2022-03-29 13:44:02 - [TEST_CASE][PASSED] - Test Cases/3. get token - feedback insurance: Test Cases/3. get token - feedback insurance

2022-03-29 13:44:02 - [TEST_STEP][PASSED] - token = sendRequest(findTestObject("1. Get-Token")): Send request successfully

2022-03-29 13:44:02 - [MESSAGE][INFO] - HAR: I:\app-testing\app-project\Order car insurance\order-car-insurance\Reports\20220329_124138\3. Get feedback insurance - Batch 1\20220329_124139\requests\main\802.har

2022-03-29 13:44:02 - [MESSAGE][PASSED] - Send request successfully

2022-03-29 13:44:02 - [TEST_STEP][PASSED] - slurper = new groovy.json.JsonSlurper(): null

2022-03-29 13:44:02 - [TEST_STEP][PASSED] - get_token = slurper.parseText(token.getResponseBodyContent()): null

2022-03-29 13:44:02 - [TEST_STEP][PASSED] - private_token = access_token: null

2022-03-29 13:44:02 - [TEST_STEP][PASSED] - global_token = private_token: null

2022-03-29 13:44:02 - [TEST_STEP][PASSED] - println("token is :" + global_token): null

2022-03-29 13:44:02 - [TEST_STEP][PASSED] - response_token = token.getResponseText(): null

2022-03-29 13:44:02 - [TEST_STEP][PASSED] - logInfo($response_token): {"fault":{"faultstring":"Access Denied for client ip : 8.29.105.53","detail":{"errorcode":"accesscontrol.IPDeniedAccess"}}}

2022-03-29 13:44:02 - [MESSAGE][INFO] - {"fault":{"faultstring":"Access Denied for client ip : 8.29.105.53","detail":{"errorcode":"accesscontrol.IPDeniedAccess"}}}

2022-03-29 13:44:02 - [TEST_STEP][PASSED] - feedback = sendRequest(findTestObject("4. Feedback-ins", ["s_key":global_token, "batchid":batchid, "norek":norek, "nopin":nopin, "custname":custname, "pemohon":pemohon, "branchid":branchid, ... ])): Send request successfully

2022-03-29 13:44:03 - [MESSAGE][INFO] - HAR: I:\app-testing\app-project\Order car insurance\order-car-insurance\Reports\20220329_124138\3. Get feedback insurance - Batch 1\20220329_124139\requests\main\803.har

2022-03-29 13:44:03 - [MESSAGE][PASSED] - Send request successfully

2022-03-29 13:44:03 - [TEST_STEP][PASSED] - response_feedback = feedback.getResponseText(): null

2022-03-29 13:44:03 - [TEST_STEP][PASSED] - markPassed("result feedback data : " + no + " norek : " + norek + " nopin : " + nopin): result feedback data : 448 norek : 9942006581 nopin : 001

2022-03-29 13:44:03 - [MESSAGE][PASSED] - result feedback data : 448 norek : 9942006581 nopin : 001

2022-03-29 13:44:03 - [TEST_STEP][PASSED] - logInfo($response_feedback): {
  "FeedbackCarInsuranceResponse" : {
    "errorCode" : "00",
    "errorMessage" : "Sukses"
  }
}

2022-03-29 13:44:03 - [MESSAGE][INFO] - {
  "FeedbackCarInsuranceResponse" : {
    "errorCode" : "00",
    "errorMessage" : "Sukses"
  }
}

2022-03-29 13:44:03 - [TEST_STEP][PASSED] - verifyElementPropertyValue(feedback, "FeedbackCarInsuranceResponse.errorMessage", "Sukses", CONTINUE_ON_FAILURE): Verify element property value successfully

2022-03-29 13:44:03 - [MESSAGE][PASSED] - Verify element property value successfully]]></system-out>
         <system-err><![CDATA[]]></system-err>
      </testcase>
      <testcase name="Test Cases/3. get token - feedback insurance" time="1.125" classname="Test Cases/3. get token - feedback insurance" status="PASSED">
         <system-out><![CDATA[2022-03-29 13:44:04 - [TEST_CASE][PASSED] - Test Cases/3. get token - feedback insurance: Test Cases/3. get token - feedback insurance

2022-03-29 13:44:04 - [TEST_STEP][PASSED] - token = sendRequest(findTestObject("1. Get-Token")): Send request successfully

2022-03-29 13:44:04 - [MESSAGE][INFO] - HAR: I:\app-testing\app-project\Order car insurance\order-car-insurance\Reports\20220329_124138\3. Get feedback insurance - Batch 1\20220329_124139\requests\main\804.har

2022-03-29 13:44:04 - [MESSAGE][PASSED] - Send request successfully

2022-03-29 13:44:04 - [TEST_STEP][PASSED] - slurper = new groovy.json.JsonSlurper(): null

2022-03-29 13:44:04 - [TEST_STEP][PASSED] - get_token = slurper.parseText(token.getResponseBodyContent()): null

2022-03-29 13:44:04 - [TEST_STEP][PASSED] - private_token = access_token: null

2022-03-29 13:44:04 - [TEST_STEP][PASSED] - global_token = private_token: null

2022-03-29 13:44:04 - [TEST_STEP][PASSED] - println("token is :" + global_token): null

2022-03-29 13:44:04 - [TEST_STEP][PASSED] - response_token = token.getResponseText(): null

2022-03-29 13:44:04 - [TEST_STEP][PASSED] - logInfo($response_token): {"fault":{"faultstring":"Access Denied for client ip : 8.29.105.53","detail":{"errorcode":"accesscontrol.IPDeniedAccess"}}}

2022-03-29 13:44:04 - [MESSAGE][INFO] - {"fault":{"faultstring":"Access Denied for client ip : 8.29.105.53","detail":{"errorcode":"accesscontrol.IPDeniedAccess"}}}

2022-03-29 13:44:04 - [TEST_STEP][PASSED] - feedback = sendRequest(findTestObject("4. Feedback-ins", ["s_key":global_token, "batchid":batchid, "norek":norek, "nopin":nopin, "custname":custname, "pemohon":pemohon, "branchid":branchid, ... ])): Send request successfully

2022-03-29 13:44:05 - [MESSAGE][INFO] - HAR: I:\app-testing\app-project\Order car insurance\order-car-insurance\Reports\20220329_124138\3. Get feedback insurance - Batch 1\20220329_124139\requests\main\805.har

2022-03-29 13:44:05 - [MESSAGE][PASSED] - Send request successfully

2022-03-29 13:44:05 - [TEST_STEP][PASSED] - response_feedback = feedback.getResponseText(): null

2022-03-29 13:44:05 - [TEST_STEP][PASSED] - markPassed("result feedback data : " + no + " norek : " + norek + " nopin : " + nopin): result feedback data : 449 norek : 9942006581 nopin : 001

2022-03-29 13:44:05 - [MESSAGE][PASSED] - result feedback data : 449 norek : 9942006581 nopin : 001

2022-03-29 13:44:05 - [TEST_STEP][PASSED] - logInfo($response_feedback): {
  "FeedbackCarInsuranceResponse" : {
    "errorCode" : "00",
    "errorMessage" : "Sukses"
  }
}

2022-03-29 13:44:05 - [MESSAGE][INFO] - {
  "FeedbackCarInsuranceResponse" : {
    "errorCode" : "00",
    "errorMessage" : "Sukses"
  }
}

2022-03-29 13:44:05 - [TEST_STEP][PASSED] - verifyElementPropertyValue(feedback, "FeedbackCarInsuranceResponse.errorMessage", "Sukses", CONTINUE_ON_FAILURE): Verify element property value successfully

2022-03-29 13:44:05 - [MESSAGE][PASSED] - Verify element property value successfully]]></system-out>
         <system-err><![CDATA[]]></system-err>
      </testcase>
      <testcase name="Test Cases/3. get token - feedback insurance" time="2.534" classname="Test Cases/3. get token - feedback insurance" status="PASSED">
         <system-out><![CDATA[2022-03-29 13:44:05 - [TEST_CASE][PASSED] - Test Cases/3. get token - feedback insurance: Test Cases/3. get token - feedback insurance

2022-03-29 13:44:05 - [TEST_STEP][PASSED] - token = sendRequest(findTestObject("1. Get-Token")): Send request successfully

2022-03-29 13:44:05 - [MESSAGE][INFO] - HAR: I:\app-testing\app-project\Order car insurance\order-car-insurance\Reports\20220329_124138\3. Get feedback insurance - Batch 1\20220329_124139\requests\main\806.har

2022-03-29 13:44:05 - [MESSAGE][PASSED] - Send request successfully

2022-03-29 13:44:05 - [TEST_STEP][PASSED] - slurper = new groovy.json.JsonSlurper(): null

2022-03-29 13:44:05 - [TEST_STEP][PASSED] - get_token = slurper.parseText(token.getResponseBodyContent()): null

2022-03-29 13:44:05 - [TEST_STEP][PASSED] - private_token = access_token: null

2022-03-29 13:44:05 - [TEST_STEP][PASSED] - global_token = private_token: null

2022-03-29 13:44:05 - [TEST_STEP][PASSED] - println("token is :" + global_token): null

2022-03-29 13:44:05 - [TEST_STEP][PASSED] - response_token = token.getResponseText(): null

2022-03-29 13:44:05 - [TEST_STEP][PASSED] - logInfo($response_token): {"fault":{"faultstring":"Access Denied for client ip : 8.29.105.53","detail":{"errorcode":"accesscontrol.IPDeniedAccess"}}}

2022-03-29 13:44:05 - [MESSAGE][INFO] - {"fault":{"faultstring":"Access Denied for client ip : 8.29.105.53","detail":{"errorcode":"accesscontrol.IPDeniedAccess"}}}

2022-03-29 13:44:05 - [TEST_STEP][PASSED] - feedback = sendRequest(findTestObject("4. Feedback-ins", ["s_key":global_token, "batchid":batchid, "norek":norek, "nopin":nopin, "custname":custname, "pemohon":pemohon, "branchid":branchid, ... ])): Send request successfully

2022-03-29 13:44:08 - [MESSAGE][INFO] - HAR: I:\app-testing\app-project\Order car insurance\order-car-insurance\Reports\20220329_124138\3. Get feedback insurance - Batch 1\20220329_124139\requests\main\807.har

2022-03-29 13:44:08 - [MESSAGE][PASSED] - Send request successfully

2022-03-29 13:44:08 - [TEST_STEP][PASSED] - response_feedback = feedback.getResponseText(): null

2022-03-29 13:44:08 - [TEST_STEP][PASSED] - markPassed("result feedback data : " + no + " norek : " + norek + " nopin : " + nopin): result feedback data : 450 norek : 9942006581 nopin : 001

2022-03-29 13:44:08 - [MESSAGE][PASSED] - result feedback data : 450 norek : 9942006581 nopin : 001

2022-03-29 13:44:08 - [TEST_STEP][PASSED] - logInfo($response_feedback): {
  "FeedbackCarInsuranceResponse" : {
    "errorCode" : "00",
    "errorMessage" : "Sukses"
  }
}

2022-03-29 13:44:08 - [MESSAGE][INFO] - {
  "FeedbackCarInsuranceResponse" : {
    "errorCode" : "00",
    "errorMessage" : "Sukses"
  }
}

2022-03-29 13:44:08 - [TEST_STEP][PASSED] - verifyElementPropertyValue(feedback, "FeedbackCarInsuranceResponse.errorMessage", "Sukses", CONTINUE_ON_FAILURE): Verify element property value successfully

2022-03-29 13:44:08 - [MESSAGE][PASSED] - Verify element property value successfully]]></system-out>
         <system-err><![CDATA[]]></system-err>
      </testcase>
      <testcase name="Test Cases/3. get token - feedback insurance" time="2.243" classname="Test Cases/3. get token - feedback insurance" status="PASSED">
         <system-out><![CDATA[2022-03-29 13:44:08 - [TEST_CASE][PASSED] - Test Cases/3. get token - feedback insurance: Test Cases/3. get token - feedback insurance

2022-03-29 13:44:08 - [TEST_STEP][PASSED] - token = sendRequest(findTestObject("1. Get-Token")): Send request successfully

2022-03-29 13:44:08 - [MESSAGE][INFO] - HAR: I:\app-testing\app-project\Order car insurance\order-car-insurance\Reports\20220329_124138\3. Get feedback insurance - Batch 1\20220329_124139\requests\main\808.har

2022-03-29 13:44:08 - [MESSAGE][PASSED] - Send request successfully

2022-03-29 13:44:08 - [TEST_STEP][PASSED] - slurper = new groovy.json.JsonSlurper(): null

2022-03-29 13:44:08 - [TEST_STEP][PASSED] - get_token = slurper.parseText(token.getResponseBodyContent()): null

2022-03-29 13:44:08 - [TEST_STEP][PASSED] - private_token = access_token: null

2022-03-29 13:44:08 - [TEST_STEP][PASSED] - global_token = private_token: null

2022-03-29 13:44:08 - [TEST_STEP][PASSED] - println("token is :" + global_token): null

2022-03-29 13:44:08 - [TEST_STEP][PASSED] - response_token = token.getResponseText(): null

2022-03-29 13:44:08 - [TEST_STEP][PASSED] - logInfo($response_token): {"fault":{"faultstring":"Access Denied for client ip : 8.29.105.53","detail":{"errorcode":"accesscontrol.IPDeniedAccess"}}}

2022-03-29 13:44:08 - [MESSAGE][INFO] - {"fault":{"faultstring":"Access Denied for client ip : 8.29.105.53","detail":{"errorcode":"accesscontrol.IPDeniedAccess"}}}

2022-03-29 13:44:08 - [TEST_STEP][PASSED] - feedback = sendRequest(findTestObject("4. Feedback-ins", ["s_key":global_token, "batchid":batchid, "norek":norek, "nopin":nopin, "custname":custname, "pemohon":pemohon, "branchid":branchid, ... ])): Send request successfully

2022-03-29 13:44:10 - [MESSAGE][INFO] - HAR: I:\app-testing\app-project\Order car insurance\order-car-insurance\Reports\20220329_124138\3. Get feedback insurance - Batch 1\20220329_124139\requests\main\809.har

2022-03-29 13:44:10 - [MESSAGE][PASSED] - Send request successfully

2022-03-29 13:44:10 - [TEST_STEP][PASSED] - response_feedback = feedback.getResponseText(): null

2022-03-29 13:44:10 - [TEST_STEP][PASSED] - markPassed("result feedback data : " + no + " norek : " + norek + " nopin : " + nopin): result feedback data : 451 norek : 9942006583 nopin : 001

2022-03-29 13:44:10 - [MESSAGE][PASSED] - result feedback data : 451 norek : 9942006583 nopin : 001

2022-03-29 13:44:10 - [TEST_STEP][PASSED] - logInfo($response_feedback): {
  "FeedbackCarInsuranceResponse" : {
    "errorCode" : "00",
    "errorMessage" : "Sukses"
  }
}

2022-03-29 13:44:10 - [MESSAGE][INFO] - {
  "FeedbackCarInsuranceResponse" : {
    "errorCode" : "00",
    "errorMessage" : "Sukses"
  }
}

2022-03-29 13:44:10 - [TEST_STEP][PASSED] - verifyElementPropertyValue(feedback, "FeedbackCarInsuranceResponse.errorMessage", "Sukses", CONTINUE_ON_FAILURE): Verify element property value successfully

2022-03-29 13:44:10 - [MESSAGE][PASSED] - Verify element property value successfully]]></system-out>
         <system-err><![CDATA[]]></system-err>
      </testcase>
      <testcase name="Test Cases/3. get token - feedback insurance" time="1.125" classname="Test Cases/3. get token - feedback insurance" status="PASSED">
         <system-out><![CDATA[2022-03-29 13:44:11 - [TEST_CASE][PASSED] - Test Cases/3. get token - feedback insurance: Test Cases/3. get token - feedback insurance

2022-03-29 13:44:11 - [TEST_STEP][PASSED] - token = sendRequest(findTestObject("1. Get-Token")): Send request successfully

2022-03-29 13:44:11 - [MESSAGE][INFO] - HAR: I:\app-testing\app-project\Order car insurance\order-car-insurance\Reports\20220329_124138\3. Get feedback insurance - Batch 1\20220329_124139\requests\main\810.har

2022-03-29 13:44:11 - [MESSAGE][PASSED] - Send request successfully

2022-03-29 13:44:11 - [TEST_STEP][PASSED] - slurper = new groovy.json.JsonSlurper(): null

2022-03-29 13:44:11 - [TEST_STEP][PASSED] - get_token = slurper.parseText(token.getResponseBodyContent()): null

2022-03-29 13:44:11 - [TEST_STEP][PASSED] - private_token = access_token: null

2022-03-29 13:44:11 - [TEST_STEP][PASSED] - global_token = private_token: null

2022-03-29 13:44:11 - [TEST_STEP][PASSED] - println("token is :" + global_token): null

2022-03-29 13:44:11 - [TEST_STEP][PASSED] - response_token = token.getResponseText(): null

2022-03-29 13:44:11 - [TEST_STEP][PASSED] - logInfo($response_token): {"fault":{"faultstring":"Access Denied for client ip : 8.29.105.53","detail":{"errorcode":"accesscontrol.IPDeniedAccess"}}}

2022-03-29 13:44:11 - [MESSAGE][INFO] - {"fault":{"faultstring":"Access Denied for client ip : 8.29.105.53","detail":{"errorcode":"accesscontrol.IPDeniedAccess"}}}

2022-03-29 13:44:11 - [TEST_STEP][PASSED] - feedback = sendRequest(findTestObject("4. Feedback-ins", ["s_key":global_token, "batchid":batchid, "norek":norek, "nopin":nopin, "custname":custname, "pemohon":pemohon, "branchid":branchid, ... ])): Send request successfully

2022-03-29 13:44:12 - [MESSAGE][INFO] - HAR: I:\app-testing\app-project\Order car insurance\order-car-insurance\Reports\20220329_124138\3. Get feedback insurance - Batch 1\20220329_124139\requests\main\811.har

2022-03-29 13:44:12 - [MESSAGE][PASSED] - Send request successfully

2022-03-29 13:44:12 - [TEST_STEP][PASSED] - response_feedback = feedback.getResponseText(): null

2022-03-29 13:44:12 - [TEST_STEP][PASSED] - markPassed("result feedback data : " + no + " norek : " + norek + " nopin : " + nopin): result feedback data : 452 norek : 9942006583 nopin : 001

2022-03-29 13:44:12 - [MESSAGE][PASSED] - result feedback data : 452 norek : 9942006583 nopin : 001

2022-03-29 13:44:12 - [TEST_STEP][PASSED] - logInfo($response_feedback): {
  "FeedbackCarInsuranceResponse" : {
    "errorCode" : "00",
    "errorMessage" : "Sukses"
  }
}

2022-03-29 13:44:12 - [MESSAGE][INFO] - {
  "FeedbackCarInsuranceResponse" : {
    "errorCode" : "00",
    "errorMessage" : "Sukses"
  }
}

2022-03-29 13:44:12 - [TEST_STEP][PASSED] - verifyElementPropertyValue(feedback, "FeedbackCarInsuranceResponse.errorMessage", "Sukses", CONTINUE_ON_FAILURE): Verify element property value successfully

2022-03-29 13:44:12 - [MESSAGE][PASSED] - Verify element property value successfully]]></system-out>
         <system-err><![CDATA[]]></system-err>
      </testcase>
      <testcase name="Test Cases/3. get token - feedback insurance" time="2.715" classname="Test Cases/3. get token - feedback insurance" status="PASSED">
         <system-out><![CDATA[2022-03-29 13:44:12 - [TEST_CASE][PASSED] - Test Cases/3. get token - feedback insurance: Test Cases/3. get token - feedback insurance

2022-03-29 13:44:12 - [TEST_STEP][PASSED] - token = sendRequest(findTestObject("1. Get-Token")): Send request successfully

2022-03-29 13:44:13 - [MESSAGE][INFO] - HAR: I:\app-testing\app-project\Order car insurance\order-car-insurance\Reports\20220329_124138\3. Get feedback insurance - Batch 1\20220329_124139\requests\main\812.har

2022-03-29 13:44:13 - [MESSAGE][PASSED] - Send request successfully

2022-03-29 13:44:13 - [TEST_STEP][PASSED] - slurper = new groovy.json.JsonSlurper(): null

2022-03-29 13:44:13 - [TEST_STEP][PASSED] - get_token = slurper.parseText(token.getResponseBodyContent()): null

2022-03-29 13:44:13 - [TEST_STEP][PASSED] - private_token = access_token: null

2022-03-29 13:44:13 - [TEST_STEP][PASSED] - global_token = private_token: null

2022-03-29 13:44:13 - [TEST_STEP][PASSED] - println("token is :" + global_token): null

2022-03-29 13:44:13 - [TEST_STEP][PASSED] - response_token = token.getResponseText(): null

2022-03-29 13:44:13 - [TEST_STEP][PASSED] - logInfo($response_token): {"fault":{"faultstring":"Access Denied for client ip : 8.29.105.53","detail":{"errorcode":"accesscontrol.IPDeniedAccess"}}}

2022-03-29 13:44:13 - [MESSAGE][INFO] - {"fault":{"faultstring":"Access Denied for client ip : 8.29.105.53","detail":{"errorcode":"accesscontrol.IPDeniedAccess"}}}

2022-03-29 13:44:13 - [TEST_STEP][PASSED] - feedback = sendRequest(findTestObject("4. Feedback-ins", ["s_key":global_token, "batchid":batchid, "norek":norek, "nopin":nopin, "custname":custname, "pemohon":pemohon, "branchid":branchid, ... ])): Send request successfully

2022-03-29 13:44:15 - [MESSAGE][INFO] - HAR: I:\app-testing\app-project\Order car insurance\order-car-insurance\Reports\20220329_124138\3. Get feedback insurance - Batch 1\20220329_124139\requests\main\813.har

2022-03-29 13:44:15 - [MESSAGE][PASSED] - Send request successfully

2022-03-29 13:44:15 - [TEST_STEP][PASSED] - response_feedback = feedback.getResponseText(): null

2022-03-29 13:44:15 - [TEST_STEP][PASSED] - markPassed("result feedback data : " + no + " norek : " + norek + " nopin : " + nopin): result feedback data : 453 norek : 9942006583 nopin : 001

2022-03-29 13:44:15 - [MESSAGE][PASSED] - result feedback data : 453 norek : 9942006583 nopin : 001

2022-03-29 13:44:15 - [TEST_STEP][PASSED] - logInfo($response_feedback): {
  "FeedbackCarInsuranceResponse" : {
    "errorCode" : "00",
    "errorMessage" : "Sukses"
  }
}

2022-03-29 13:44:15 - [MESSAGE][INFO] - {
  "FeedbackCarInsuranceResponse" : {
    "errorCode" : "00",
    "errorMessage" : "Sukses"
  }
}

2022-03-29 13:44:15 - [TEST_STEP][PASSED] - verifyElementPropertyValue(feedback, "FeedbackCarInsuranceResponse.errorMessage", "Sukses", CONTINUE_ON_FAILURE): Verify element property value successfully

2022-03-29 13:44:15 - [MESSAGE][PASSED] - Verify element property value successfully]]></system-out>
         <system-err><![CDATA[]]></system-err>
      </testcase>
      <testcase name="Test Cases/3. get token - feedback insurance" time="1.373" classname="Test Cases/3. get token - feedback insurance" status="PASSED">
         <system-out><![CDATA[2022-03-29 13:44:15 - [TEST_CASE][PASSED] - Test Cases/3. get token - feedback insurance: Test Cases/3. get token - feedback insurance

2022-03-29 13:44:15 - [TEST_STEP][PASSED] - token = sendRequest(findTestObject("1. Get-Token")): Send request successfully

2022-03-29 13:44:16 - [MESSAGE][INFO] - HAR: I:\app-testing\app-project\Order car insurance\order-car-insurance\Reports\20220329_124138\3. Get feedback insurance - Batch 1\20220329_124139\requests\main\814.har

2022-03-29 13:44:16 - [MESSAGE][PASSED] - Send request successfully

2022-03-29 13:44:16 - [TEST_STEP][PASSED] - slurper = new groovy.json.JsonSlurper(): null

2022-03-29 13:44:16 - [TEST_STEP][PASSED] - get_token = slurper.parseText(token.getResponseBodyContent()): null

2022-03-29 13:44:16 - [TEST_STEP][PASSED] - private_token = access_token: null

2022-03-29 13:44:16 - [TEST_STEP][PASSED] - global_token = private_token: null

2022-03-29 13:44:16 - [TEST_STEP][PASSED] - println("token is :" + global_token): null

2022-03-29 13:44:16 - [TEST_STEP][PASSED] - response_token = token.getResponseText(): null

2022-03-29 13:44:16 - [TEST_STEP][PASSED] - logInfo($response_token): {"fault":{"faultstring":"Access Denied for client ip : 8.29.105.53","detail":{"errorcode":"accesscontrol.IPDeniedAccess"}}}

2022-03-29 13:44:16 - [MESSAGE][INFO] - {"fault":{"faultstring":"Access Denied for client ip : 8.29.105.53","detail":{"errorcode":"accesscontrol.IPDeniedAccess"}}}

2022-03-29 13:44:16 - [TEST_STEP][PASSED] - feedback = sendRequest(findTestObject("4. Feedback-ins", ["s_key":global_token, "batchid":batchid, "norek":norek, "nopin":nopin, "custname":custname, "pemohon":pemohon, "branchid":branchid, ... ])): Send request successfully

2022-03-29 13:44:17 - [MESSAGE][INFO] - HAR: I:\app-testing\app-project\Order car insurance\order-car-insurance\Reports\20220329_124138\3. Get feedback insurance - Batch 1\20220329_124139\requests\main\815.har

2022-03-29 13:44:17 - [MESSAGE][PASSED] - Send request successfully

2022-03-29 13:44:17 - [TEST_STEP][PASSED] - response_feedback = feedback.getResponseText(): null

2022-03-29 13:44:17 - [TEST_STEP][PASSED] - markPassed("result feedback data : " + no + " norek : " + norek + " nopin : " + nopin): result feedback data : 454 norek : 9942006585 nopin : 001

2022-03-29 13:44:17 - [MESSAGE][PASSED] - result feedback data : 454 norek : 9942006585 nopin : 001

2022-03-29 13:44:17 - [TEST_STEP][PASSED] - logInfo($response_feedback): {
  "FeedbackCarInsuranceResponse" : {
    "errorCode" : "00",
    "errorMessage" : "Sukses"
  }
}

2022-03-29 13:44:17 - [MESSAGE][INFO] - {
  "FeedbackCarInsuranceResponse" : {
    "errorCode" : "00",
    "errorMessage" : "Sukses"
  }
}

2022-03-29 13:44:17 - [TEST_STEP][PASSED] - verifyElementPropertyValue(feedback, "FeedbackCarInsuranceResponse.errorMessage", "Sukses", CONTINUE_ON_FAILURE): Verify element property value successfully

2022-03-29 13:44:17 - [MESSAGE][PASSED] - Verify element property value successfully]]></system-out>
         <system-err><![CDATA[]]></system-err>
      </testcase>
      <testcase name="Test Cases/3. get token - feedback insurance" time="1.121" classname="Test Cases/3. get token - feedback insurance" status="PASSED">
         <system-out><![CDATA[2022-03-29 13:44:17 - [TEST_CASE][PASSED] - Test Cases/3. get token - feedback insurance: Test Cases/3. get token - feedback insurance

2022-03-29 13:44:17 - [TEST_STEP][PASSED] - token = sendRequest(findTestObject("1. Get-Token")): Send request successfully

2022-03-29 13:44:17 - [MESSAGE][INFO] - HAR: I:\app-testing\app-project\Order car insurance\order-car-insurance\Reports\20220329_124138\3. Get feedback insurance - Batch 1\20220329_124139\requests\main\816.har

2022-03-29 13:44:17 - [MESSAGE][PASSED] - Send request successfully

2022-03-29 13:44:17 - [TEST_STEP][PASSED] - slurper = new groovy.json.JsonSlurper(): null

2022-03-29 13:44:17 - [TEST_STEP][PASSED] - get_token = slurper.parseText(token.getResponseBodyContent()): null

2022-03-29 13:44:17 - [TEST_STEP][PASSED] - private_token = access_token: null

2022-03-29 13:44:17 - [TEST_STEP][PASSED] - global_token = private_token: null

2022-03-29 13:44:17 - [TEST_STEP][PASSED] - println("token is :" + global_token): null

2022-03-29 13:44:17 - [TEST_STEP][PASSED] - response_token = token.getResponseText(): null

2022-03-29 13:44:17 - [TEST_STEP][PASSED] - logInfo($response_token): {"fault":{"faultstring":"Access Denied for client ip : 8.29.105.53","detail":{"errorcode":"accesscontrol.IPDeniedAccess"}}}

2022-03-29 13:44:17 - [MESSAGE][INFO] - {"fault":{"faultstring":"Access Denied for client ip : 8.29.105.53","detail":{"errorcode":"accesscontrol.IPDeniedAccess"}}}

2022-03-29 13:44:17 - [TEST_STEP][PASSED] - feedback = sendRequest(findTestObject("4. Feedback-ins", ["s_key":global_token, "batchid":batchid, "norek":norek, "nopin":nopin, "custname":custname, "pemohon":pemohon, "branchid":branchid, ... ])): Send request successfully

2022-03-29 13:44:18 - [MESSAGE][INFO] - HAR: I:\app-testing\app-project\Order car insurance\order-car-insurance\Reports\20220329_124138\3. Get feedback insurance - Batch 1\20220329_124139\requests\main\817.har

2022-03-29 13:44:18 - [MESSAGE][PASSED] - Send request successfully

2022-03-29 13:44:18 - [TEST_STEP][PASSED] - response_feedback = feedback.getResponseText(): null

2022-03-29 13:44:18 - [TEST_STEP][PASSED] - markPassed("result feedback data : " + no + " norek : " + norek + " nopin : " + nopin): result feedback data : 455 norek : 9942006585 nopin : 001

2022-03-29 13:44:18 - [MESSAGE][PASSED] - result feedback data : 455 norek : 9942006585 nopin : 001

2022-03-29 13:44:18 - [TEST_STEP][PASSED] - logInfo($response_feedback): {
  "FeedbackCarInsuranceResponse" : {
    "errorCode" : "00",
    "errorMessage" : "Sukses"
  }
}

2022-03-29 13:44:18 - [MESSAGE][INFO] - {
  "FeedbackCarInsuranceResponse" : {
    "errorCode" : "00",
    "errorMessage" : "Sukses"
  }
}

2022-03-29 13:44:18 - [TEST_STEP][PASSED] - verifyElementPropertyValue(feedback, "FeedbackCarInsuranceResponse.errorMessage", "Sukses", CONTINUE_ON_FAILURE): Verify element property value successfully

2022-03-29 13:44:18 - [MESSAGE][PASSED] - Verify element property value successfully]]></system-out>
         <system-err><![CDATA[]]></system-err>
      </testcase>
      <testcase name="Test Cases/3. get token - feedback insurance" time="1.094" classname="Test Cases/3. get token - feedback insurance" status="PASSED">
         <system-out><![CDATA[2022-03-29 13:44:19 - [TEST_CASE][PASSED] - Test Cases/3. get token - feedback insurance: Test Cases/3. get token - feedback insurance

2022-03-29 13:44:19 - [TEST_STEP][PASSED] - token = sendRequest(findTestObject("1. Get-Token")): Send request successfully

2022-03-29 13:44:19 - [MESSAGE][INFO] - HAR: I:\app-testing\app-project\Order car insurance\order-car-insurance\Reports\20220329_124138\3. Get feedback insurance - Batch 1\20220329_124139\requests\main\818.har

2022-03-29 13:44:19 - [MESSAGE][PASSED] - Send request successfully

2022-03-29 13:44:19 - [TEST_STEP][PASSED] - slurper = new groovy.json.JsonSlurper(): null

2022-03-29 13:44:19 - [TEST_STEP][PASSED] - get_token = slurper.parseText(token.getResponseBodyContent()): null

2022-03-29 13:44:19 - [TEST_STEP][PASSED] - private_token = access_token: null

2022-03-29 13:44:19 - [TEST_STEP][PASSED] - global_token = private_token: null

2022-03-29 13:44:19 - [TEST_STEP][PASSED] - println("token is :" + global_token): null

2022-03-29 13:44:19 - [TEST_STEP][PASSED] - response_token = token.getResponseText(): null

2022-03-29 13:44:19 - [TEST_STEP][PASSED] - logInfo($response_token): {"fault":{"faultstring":"Access Denied for client ip : 8.29.105.53","detail":{"errorcode":"accesscontrol.IPDeniedAccess"}}}

2022-03-29 13:44:19 - [MESSAGE][INFO] - {"fault":{"faultstring":"Access Denied for client ip : 8.29.105.53","detail":{"errorcode":"accesscontrol.IPDeniedAccess"}}}

2022-03-29 13:44:19 - [TEST_STEP][PASSED] - feedback = sendRequest(findTestObject("4. Feedback-ins", ["s_key":global_token, "batchid":batchid, "norek":norek, "nopin":nopin, "custname":custname, "pemohon":pemohon, "branchid":branchid, ... ])): Send request successfully

2022-03-29 13:44:20 - [MESSAGE][INFO] - HAR: I:\app-testing\app-project\Order car insurance\order-car-insurance\Reports\20220329_124138\3. Get feedback insurance - Batch 1\20220329_124139\requests\main\819.har

2022-03-29 13:44:20 - [MESSAGE][PASSED] - Send request successfully

2022-03-29 13:44:20 - [TEST_STEP][PASSED] - response_feedback = feedback.getResponseText(): null

2022-03-29 13:44:20 - [TEST_STEP][PASSED] - markPassed("result feedback data : " + no + " norek : " + norek + " nopin : " + nopin): result feedback data : 456 norek : 9942006585 nopin : 001

2022-03-29 13:44:20 - [MESSAGE][PASSED] - result feedback data : 456 norek : 9942006585 nopin : 001

2022-03-29 13:44:20 - [TEST_STEP][PASSED] - logInfo($response_feedback): {
  "FeedbackCarInsuranceResponse" : {
    "errorCode" : "00",
    "errorMessage" : "Sukses"
  }
}

2022-03-29 13:44:20 - [MESSAGE][INFO] - {
  "FeedbackCarInsuranceResponse" : {
    "errorCode" : "00",
    "errorMessage" : "Sukses"
  }
}

2022-03-29 13:44:20 - [TEST_STEP][PASSED] - verifyElementPropertyValue(feedback, "FeedbackCarInsuranceResponse.errorMessage", "Sukses", CONTINUE_ON_FAILURE): Verify element property value successfully

2022-03-29 13:44:20 - [MESSAGE][PASSED] - Verify element property value successfully]]></system-out>
         <system-err><![CDATA[]]></system-err>
      </testcase>
      <testcase name="Test Cases/3. get token - feedback insurance" time="1.098" classname="Test Cases/3. get token - feedback insurance" status="PASSED">
         <system-out><![CDATA[2022-03-29 13:44:20 - [TEST_CASE][PASSED] - Test Cases/3. get token - feedback insurance: Test Cases/3. get token - feedback insurance

2022-03-29 13:44:20 - [TEST_STEP][PASSED] - token = sendRequest(findTestObject("1. Get-Token")): Send request successfully

2022-03-29 13:44:21 - [MESSAGE][INFO] - HAR: I:\app-testing\app-project\Order car insurance\order-car-insurance\Reports\20220329_124138\3. Get feedback insurance - Batch 1\20220329_124139\requests\main\820.har

2022-03-29 13:44:21 - [MESSAGE][PASSED] - Send request successfully

2022-03-29 13:44:21 - [TEST_STEP][PASSED] - slurper = new groovy.json.JsonSlurper(): null

2022-03-29 13:44:21 - [TEST_STEP][PASSED] - get_token = slurper.parseText(token.getResponseBodyContent()): null

2022-03-29 13:44:21 - [TEST_STEP][PASSED] - private_token = access_token: null

2022-03-29 13:44:21 - [TEST_STEP][PASSED] - global_token = private_token: null

2022-03-29 13:44:21 - [TEST_STEP][PASSED] - println("token is :" + global_token): null

2022-03-29 13:44:21 - [TEST_STEP][PASSED] - response_token = token.getResponseText(): null

2022-03-29 13:44:21 - [TEST_STEP][PASSED] - logInfo($response_token): {"fault":{"faultstring":"Access Denied for client ip : 8.29.105.53","detail":{"errorcode":"accesscontrol.IPDeniedAccess"}}}

2022-03-29 13:44:21 - [MESSAGE][INFO] - {"fault":{"faultstring":"Access Denied for client ip : 8.29.105.53","detail":{"errorcode":"accesscontrol.IPDeniedAccess"}}}

2022-03-29 13:44:21 - [TEST_STEP][PASSED] - feedback = sendRequest(findTestObject("4. Feedback-ins", ["s_key":global_token, "batchid":batchid, "norek":norek, "nopin":nopin, "custname":custname, "pemohon":pemohon, "branchid":branchid, ... ])): Send request successfully

2022-03-29 13:44:21 - [MESSAGE][INFO] - HAR: I:\app-testing\app-project\Order car insurance\order-car-insurance\Reports\20220329_124138\3. Get feedback insurance - Batch 1\20220329_124139\requests\main\821.har

2022-03-29 13:44:21 - [MESSAGE][PASSED] - Send request successfully

2022-03-29 13:44:21 - [TEST_STEP][PASSED] - response_feedback = feedback.getResponseText(): null

2022-03-29 13:44:21 - [TEST_STEP][PASSED] - markPassed("result feedback data : " + no + " norek : " + norek + " nopin : " + nopin): result feedback data : 457 norek : 9942006585 nopin : 001

2022-03-29 13:44:21 - [MESSAGE][PASSED] - result feedback data : 457 norek : 9942006585 nopin : 001

2022-03-29 13:44:21 - [TEST_STEP][PASSED] - logInfo($response_feedback): {
  "FeedbackCarInsuranceResponse" : {
    "errorCode" : "00",
    "errorMessage" : "Sukses"
  }
}

2022-03-29 13:44:21 - [MESSAGE][INFO] - {
  "FeedbackCarInsuranceResponse" : {
    "errorCode" : "00",
    "errorMessage" : "Sukses"
  }
}

2022-03-29 13:44:21 - [TEST_STEP][PASSED] - verifyElementPropertyValue(feedback, "FeedbackCarInsuranceResponse.errorMessage", "Sukses", CONTINUE_ON_FAILURE): Verify element property value successfully

2022-03-29 13:44:21 - [MESSAGE][PASSED] - Verify element property value successfully]]></system-out>
         <system-err><![CDATA[]]></system-err>
      </testcase>
      <testcase name="Test Cases/3. get token - feedback insurance" time="513.9" classname="Test Cases/3. get token - feedback insurance" status="PASSED">
         <system-out><![CDATA[2022-03-29 13:44:22 - [TEST_CASE][PASSED] - Test Cases/3. get token - feedback insurance: Test Cases/3. get token - feedback insurance

2022-03-29 13:44:22 - [TEST_STEP][PASSED] - token = sendRequest(findTestObject("1. Get-Token")): Send request successfully

2022-03-29 13:44:22 - [MESSAGE][INFO] - HAR: I:\app-testing\app-project\Order car insurance\order-car-insurance\Reports\20220329_124138\3. Get feedback insurance - Batch 1\20220329_124139\requests\main\822.har

2022-03-29 13:44:22 - [MESSAGE][PASSED] - Send request successfully

2022-03-29 13:44:22 - [TEST_STEP][PASSED] - slurper = new groovy.json.JsonSlurper(): null

2022-03-29 13:44:22 - [TEST_STEP][PASSED] - get_token = slurper.parseText(token.getResponseBodyContent()): null

2022-03-29 13:44:22 - [TEST_STEP][PASSED] - private_token = access_token: null

2022-03-29 13:44:22 - [TEST_STEP][PASSED] - global_token = private_token: null

2022-03-29 13:44:22 - [TEST_STEP][PASSED] - println("token is :" + global_token): null

2022-03-29 13:44:22 - [TEST_STEP][PASSED] - response_token = token.getResponseText(): null

2022-03-29 13:44:22 - [TEST_STEP][PASSED] - logInfo($response_token): {"fault":{"faultstring":"Access Denied for client ip : 8.29.105.53","detail":{"errorcode":"accesscontrol.IPDeniedAccess"}}}

2022-03-29 13:44:22 - [MESSAGE][INFO] - {"fault":{"faultstring":"Access Denied for client ip : 8.29.105.53","detail":{"errorcode":"accesscontrol.IPDeniedAccess"}}}

2022-03-29 13:52:55 - [TEST_STEP][PASSED] - feedback = sendRequest(findTestObject("4. Feedback-ins", ["s_key":global_token, "batchid":batchid, "norek":norek, "nopin":nopin, "custname":custname, "pemohon":pemohon, "branchid":branchid, ... ])): Send request successfully

2022-03-29 13:52:56 - [MESSAGE][INFO] - HAR: I:\app-testing\app-project\Order car insurance\order-car-insurance\Reports\20220329_124138\3. Get feedback insurance - Batch 1\20220329_124139\requests\main\823.har

2022-03-29 13:52:56 - [MESSAGE][PASSED] - Send request successfully

2022-03-29 13:52:56 - [TEST_STEP][PASSED] - response_feedback = feedback.getResponseText(): null

2022-03-29 13:52:56 - [TEST_STEP][PASSED] - markPassed("result feedback data : " + no + " norek : " + norek + " nopin : " + nopin): result feedback data : 458 norek : 9942006585 nopin : 001

2022-03-29 13:52:56 - [MESSAGE][PASSED] - result feedback data : 458 norek : 9942006585 nopin : 001

2022-03-29 13:52:56 - [TEST_STEP][PASSED] - logInfo($response_feedback): {
  "FeedbackCarInsuranceResponse" : {
    "errorCode" : "00",
    "errorMessage" : "Sukses"
  }
}

2022-03-29 13:52:56 - [MESSAGE][INFO] - {
  "FeedbackCarInsuranceResponse" : {
    "errorCode" : "00",
    "errorMessage" : "Sukses"
  }
}

2022-03-29 13:52:56 - [TEST_STEP][PASSED] - verifyElementPropertyValue(feedback, "FeedbackCarInsuranceResponse.errorMessage", "Sukses", CONTINUE_ON_FAILURE): Verify element property value successfully

2022-03-29 13:52:56 - [MESSAGE][PASSED] - Verify element property value successfully]]></system-out>
         <system-err><![CDATA[]]></system-err>
      </testcase>
      <testcase name="Test Cases/3. get token - feedback insurance" time="1.205" classname="Test Cases/3. get token - feedback insurance" status="PASSED">
         <system-out><![CDATA[2022-03-29 13:52:56 - [TEST_CASE][PASSED] - Test Cases/3. get token - feedback insurance: Test Cases/3. get token - feedback insurance

2022-03-29 13:52:56 - [TEST_STEP][PASSED] - token = sendRequest(findTestObject("1. Get-Token")): Send request successfully

2022-03-29 13:52:56 - [MESSAGE][INFO] - HAR: I:\app-testing\app-project\Order car insurance\order-car-insurance\Reports\20220329_124138\3. Get feedback insurance - Batch 1\20220329_124139\requests\main\824.har

2022-03-29 13:52:56 - [MESSAGE][PASSED] - Send request successfully

2022-03-29 13:52:56 - [TEST_STEP][PASSED] - slurper = new groovy.json.JsonSlurper(): null

2022-03-29 13:52:56 - [TEST_STEP][PASSED] - get_token = slurper.parseText(token.getResponseBodyContent()): null

2022-03-29 13:52:56 - [TEST_STEP][PASSED] - private_token = access_token: null

2022-03-29 13:52:56 - [TEST_STEP][PASSED] - global_token = private_token: null

2022-03-29 13:52:56 - [TEST_STEP][PASSED] - println("token is :" + global_token): null

2022-03-29 13:52:56 - [TEST_STEP][PASSED] - response_token = token.getResponseText(): null

2022-03-29 13:52:56 - [TEST_STEP][PASSED] - logInfo($response_token): 
            {
                "token_type": "BearerToken",
                "access_token": "pQqnRSBH1B4TLw7w2HCNJEaudc1G",
                "expires_in": "1799",
                "scope": ""
            }
        

2022-03-29 13:52:56 - [MESSAGE][INFO] - 
            {
                "token_type": "BearerToken",
                "access_token": "pQqnRSBH1B4TLw7w2HCNJEaudc1G",
                "expires_in": "1799",
                "scope": ""
            }
        

2022-03-29 13:52:56 - [TEST_STEP][PASSED] - feedback = sendRequest(findTestObject("4. Feedback-ins", ["s_key":global_token, "batchid":batchid, "norek":norek, "nopin":nopin, "custname":custname, "pemohon":pemohon, "branchid":branchid, ... ])): Send request successfully

2022-03-29 13:52:57 - [MESSAGE][INFO] - HAR: I:\app-testing\app-project\Order car insurance\order-car-insurance\Reports\20220329_124138\3. Get feedback insurance - Batch 1\20220329_124139\requests\main\825.har

2022-03-29 13:52:57 - [MESSAGE][PASSED] - Send request successfully

2022-03-29 13:52:57 - [TEST_STEP][PASSED] - response_feedback = feedback.getResponseText(): null

2022-03-29 13:52:57 - [TEST_STEP][PASSED] - markPassed("result feedback data : " + no + " norek : " + norek + " nopin : " + nopin): result feedback data : 459 norek : 9942006585 nopin : 001

2022-03-29 13:52:57 - [MESSAGE][PASSED] - result feedback data : 459 norek : 9942006585 nopin : 001

2022-03-29 13:52:57 - [TEST_STEP][PASSED] - logInfo($response_feedback): {
  "FeedbackCarInsuranceResponse" : {
    "errorCode" : "00",
    "errorMessage" : "Sukses"
  }
}

2022-03-29 13:52:57 - [MESSAGE][INFO] - {
  "FeedbackCarInsuranceResponse" : {
    "errorCode" : "00",
    "errorMessage" : "Sukses"
  }
}

2022-03-29 13:52:57 - [TEST_STEP][PASSED] - verifyElementPropertyValue(feedback, "FeedbackCarInsuranceResponse.errorMessage", "Sukses", CONTINUE_ON_FAILURE): Verify element property value successfully

2022-03-29 13:52:57 - [MESSAGE][PASSED] - Verify element property value successfully]]></system-out>
         <system-err><![CDATA[]]></system-err>
      </testcase>
      <testcase name="Test Cases/3. get token - feedback insurance" time="1.328" classname="Test Cases/3. get token - feedback insurance" status="PASSED">
         <system-out><![CDATA[2022-03-29 13:52:58 - [TEST_CASE][PASSED] - Test Cases/3. get token - feedback insurance: Test Cases/3. get token - feedback insurance

2022-03-29 13:52:58 - [TEST_STEP][PASSED] - token = sendRequest(findTestObject("1. Get-Token")): Send request successfully

2022-03-29 13:52:58 - [MESSAGE][INFO] - HAR: I:\app-testing\app-project\Order car insurance\order-car-insurance\Reports\20220329_124138\3. Get feedback insurance - Batch 1\20220329_124139\requests\main\826.har

2022-03-29 13:52:58 - [MESSAGE][PASSED] - Send request successfully

2022-03-29 13:52:58 - [TEST_STEP][PASSED] - slurper = new groovy.json.JsonSlurper(): null

2022-03-29 13:52:58 - [TEST_STEP][PASSED] - get_token = slurper.parseText(token.getResponseBodyContent()): null

2022-03-29 13:52:58 - [TEST_STEP][PASSED] - private_token = access_token: null

2022-03-29 13:52:58 - [TEST_STEP][PASSED] - global_token = private_token: null

2022-03-29 13:52:58 - [TEST_STEP][PASSED] - println("token is :" + global_token): null

2022-03-29 13:52:58 - [TEST_STEP][PASSED] - response_token = token.getResponseText(): null

2022-03-29 13:52:58 - [TEST_STEP][PASSED] - logInfo($response_token): 
            {
                "token_type": "BearerToken",
                "access_token": "PuOJrXDVUAGTnHj4BAiVSx70YD1Q",
                "expires_in": "1799",
                "scope": ""
            }
        

2022-03-29 13:52:58 - [MESSAGE][INFO] - 
            {
                "token_type": "BearerToken",
                "access_token": "PuOJrXDVUAGTnHj4BAiVSx70YD1Q",
                "expires_in": "1799",
                "scope": ""
            }
        

2022-03-29 13:52:58 - [TEST_STEP][PASSED] - feedback = sendRequest(findTestObject("4. Feedback-ins", ["s_key":global_token, "batchid":batchid, "norek":norek, "nopin":nopin, "custname":custname, "pemohon":pemohon, "branchid":branchid, ... ])): Send request successfully

2022-03-29 13:52:59 - [MESSAGE][INFO] - HAR: I:\app-testing\app-project\Order car insurance\order-car-insurance\Reports\20220329_124138\3. Get feedback insurance - Batch 1\20220329_124139\requests\main\827.har

2022-03-29 13:52:59 - [MESSAGE][PASSED] - Send request successfully

2022-03-29 13:52:59 - [TEST_STEP][PASSED] - response_feedback = feedback.getResponseText(): null

2022-03-29 13:52:59 - [TEST_STEP][PASSED] - markPassed("result feedback data : " + no + " norek : " + norek + " nopin : " + nopin): result feedback data : 460 norek : 9942006586 nopin : 001

2022-03-29 13:52:59 - [MESSAGE][PASSED] - result feedback data : 460 norek : 9942006586 nopin : 001

2022-03-29 13:52:59 - [TEST_STEP][PASSED] - logInfo($response_feedback): {
  "FeedbackCarInsuranceResponse" : {
    "errorCode" : "00",
    "errorMessage" : "Sukses"
  }
}

2022-03-29 13:52:59 - [MESSAGE][INFO] - {
  "FeedbackCarInsuranceResponse" : {
    "errorCode" : "00",
    "errorMessage" : "Sukses"
  }
}

2022-03-29 13:52:59 - [TEST_STEP][PASSED] - verifyElementPropertyValue(feedback, "FeedbackCarInsuranceResponse.errorMessage", "Sukses", CONTINUE_ON_FAILURE): Verify element property value successfully

2022-03-29 13:52:59 - [MESSAGE][PASSED] - Verify element property value successfully]]></system-out>
         <system-err><![CDATA[]]></system-err>
      </testcase>
      <testcase name="Test Cases/3. get token - feedback insurance" time="1.089" classname="Test Cases/3. get token - feedback insurance" status="PASSED">
         <system-out><![CDATA[2022-03-29 13:53:00 - [TEST_CASE][PASSED] - Test Cases/3. get token - feedback insurance: Test Cases/3. get token - feedback insurance

2022-03-29 13:53:00 - [TEST_STEP][PASSED] - token = sendRequest(findTestObject("1. Get-Token")): Send request successfully

2022-03-29 13:53:00 - [MESSAGE][INFO] - HAR: I:\app-testing\app-project\Order car insurance\order-car-insurance\Reports\20220329_124138\3. Get feedback insurance - Batch 1\20220329_124139\requests\main\828.har

2022-03-29 13:53:00 - [MESSAGE][PASSED] - Send request successfully

2022-03-29 13:53:00 - [TEST_STEP][PASSED] - slurper = new groovy.json.JsonSlurper(): null

2022-03-29 13:53:00 - [TEST_STEP][PASSED] - get_token = slurper.parseText(token.getResponseBodyContent()): null

2022-03-29 13:53:00 - [TEST_STEP][PASSED] - private_token = access_token: null

2022-03-29 13:53:00 - [TEST_STEP][PASSED] - global_token = private_token: null

2022-03-29 13:53:00 - [TEST_STEP][PASSED] - println("token is :" + global_token): null

2022-03-29 13:53:00 - [TEST_STEP][PASSED] - response_token = token.getResponseText(): null

2022-03-29 13:53:00 - [TEST_STEP][PASSED] - logInfo($response_token): 
            {
                "token_type": "BearerToken",
                "access_token": "OZ7BXDR1LADEd170O6ZnnLGroW2l",
                "expires_in": "1799",
                "scope": ""
            }
        

2022-03-29 13:53:00 - [MESSAGE][INFO] - 
            {
                "token_type": "BearerToken",
                "access_token": "OZ7BXDR1LADEd170O6ZnnLGroW2l",
                "expires_in": "1799",
                "scope": ""
            }
        

2022-03-29 13:53:00 - [TEST_STEP][PASSED] - feedback = sendRequest(findTestObject("4. Feedback-ins", ["s_key":global_token, "batchid":batchid, "norek":norek, "nopin":nopin, "custname":custname, "pemohon":pemohon, "branchid":branchid, ... ])): Send request successfully

2022-03-29 13:53:01 - [MESSAGE][INFO] - HAR: I:\app-testing\app-project\Order car insurance\order-car-insurance\Reports\20220329_124138\3. Get feedback insurance - Batch 1\20220329_124139\requests\main\829.har

2022-03-29 13:53:01 - [MESSAGE][PASSED] - Send request successfully

2022-03-29 13:53:01 - [TEST_STEP][PASSED] - response_feedback = feedback.getResponseText(): null

2022-03-29 13:53:01 - [TEST_STEP][PASSED] - markPassed("result feedback data : " + no + " norek : " + norek + " nopin : " + nopin): result feedback data : 461 norek : 9942006586 nopin : 001

2022-03-29 13:53:01 - [MESSAGE][PASSED] - result feedback data : 461 norek : 9942006586 nopin : 001

2022-03-29 13:53:01 - [TEST_STEP][PASSED] - logInfo($response_feedback): {
  "FeedbackCarInsuranceResponse" : {
    "errorCode" : "00",
    "errorMessage" : "Sukses"
  }
}

2022-03-29 13:53:01 - [MESSAGE][INFO] - {
  "FeedbackCarInsuranceResponse" : {
    "errorCode" : "00",
    "errorMessage" : "Sukses"
  }
}

2022-03-29 13:53:01 - [TEST_STEP][PASSED] - verifyElementPropertyValue(feedback, "FeedbackCarInsuranceResponse.errorMessage", "Sukses", CONTINUE_ON_FAILURE): Verify element property value successfully

2022-03-29 13:53:01 - [MESSAGE][PASSED] - Verify element property value successfully]]></system-out>
         <system-err><![CDATA[]]></system-err>
      </testcase>
      <testcase name="Test Cases/3. get token - feedback insurance" time="1.112" classname="Test Cases/3. get token - feedback insurance" status="PASSED">
         <system-out><![CDATA[2022-03-29 13:53:01 - [TEST_CASE][PASSED] - Test Cases/3. get token - feedback insurance: Test Cases/3. get token - feedback insurance

2022-03-29 13:53:01 - [TEST_STEP][PASSED] - token = sendRequest(findTestObject("1. Get-Token")): Send request successfully

2022-03-29 13:53:01 - [MESSAGE][INFO] - HAR: I:\app-testing\app-project\Order car insurance\order-car-insurance\Reports\20220329_124138\3. Get feedback insurance - Batch 1\20220329_124139\requests\main\830.har

2022-03-29 13:53:01 - [MESSAGE][PASSED] - Send request successfully

2022-03-29 13:53:01 - [TEST_STEP][PASSED] - slurper = new groovy.json.JsonSlurper(): null

2022-03-29 13:53:01 - [TEST_STEP][PASSED] - get_token = slurper.parseText(token.getResponseBodyContent()): null

2022-03-29 13:53:01 - [TEST_STEP][PASSED] - private_token = access_token: null

2022-03-29 13:53:01 - [TEST_STEP][PASSED] - global_token = private_token: null

2022-03-29 13:53:01 - [TEST_STEP][PASSED] - println("token is :" + global_token): null

2022-03-29 13:53:01 - [TEST_STEP][PASSED] - response_token = token.getResponseText(): null

2022-03-29 13:53:01 - [TEST_STEP][PASSED] - logInfo($response_token): 
            {
                "token_type": "BearerToken",
                "access_token": "4VjDPMOqCGScwGPPMLzxdTuXQEtw",
                "expires_in": "1799",
                "scope": ""
            }
        

2022-03-29 13:53:01 - [MESSAGE][INFO] - 
            {
                "token_type": "BearerToken",
                "access_token": "4VjDPMOqCGScwGPPMLzxdTuXQEtw",
                "expires_in": "1799",
                "scope": ""
            }
        

2022-03-29 13:53:01 - [TEST_STEP][PASSED] - feedback = sendRequest(findTestObject("4. Feedback-ins", ["s_key":global_token, "batchid":batchid, "norek":norek, "nopin":nopin, "custname":custname, "pemohon":pemohon, "branchid":branchid, ... ])): Send request successfully

2022-03-29 13:53:02 - [MESSAGE][INFO] - HAR: I:\app-testing\app-project\Order car insurance\order-car-insurance\Reports\20220329_124138\3. Get feedback insurance - Batch 1\20220329_124139\requests\main\831.har

2022-03-29 13:53:02 - [MESSAGE][PASSED] - Send request successfully

2022-03-29 13:53:02 - [TEST_STEP][PASSED] - response_feedback = feedback.getResponseText(): null

2022-03-29 13:53:02 - [TEST_STEP][PASSED] - markPassed("result feedback data : " + no + " norek : " + norek + " nopin : " + nopin): result feedback data : 462 norek : 9942006586 nopin : 001

2022-03-29 13:53:02 - [MESSAGE][PASSED] - result feedback data : 462 norek : 9942006586 nopin : 001

2022-03-29 13:53:02 - [TEST_STEP][PASSED] - logInfo($response_feedback): {
  "FeedbackCarInsuranceResponse" : {
    "errorCode" : "00",
    "errorMessage" : "Sukses"
  }
}

2022-03-29 13:53:02 - [MESSAGE][INFO] - {
  "FeedbackCarInsuranceResponse" : {
    "errorCode" : "00",
    "errorMessage" : "Sukses"
  }
}

2022-03-29 13:53:02 - [TEST_STEP][PASSED] - verifyElementPropertyValue(feedback, "FeedbackCarInsuranceResponse.errorMessage", "Sukses", CONTINUE_ON_FAILURE): Verify element property value successfully

2022-03-29 13:53:02 - [MESSAGE][PASSED] - Verify element property value successfully]]></system-out>
         <system-err><![CDATA[]]></system-err>
      </testcase>
      <testcase name="Test Cases/3. get token - feedback insurance" time="1.418" classname="Test Cases/3. get token - feedback insurance" status="PASSED">
         <system-out><![CDATA[2022-03-29 13:53:03 - [TEST_CASE][PASSED] - Test Cases/3. get token - feedback insurance: Test Cases/3. get token - feedback insurance

2022-03-29 13:53:03 - [TEST_STEP][PASSED] - token = sendRequest(findTestObject("1. Get-Token")): Send request successfully

2022-03-29 13:53:03 - [MESSAGE][INFO] - HAR: I:\app-testing\app-project\Order car insurance\order-car-insurance\Reports\20220329_124138\3. Get feedback insurance - Batch 1\20220329_124139\requests\main\832.har

2022-03-29 13:53:03 - [MESSAGE][PASSED] - Send request successfully

2022-03-29 13:53:03 - [TEST_STEP][PASSED] - slurper = new groovy.json.JsonSlurper(): null

2022-03-29 13:53:03 - [TEST_STEP][PASSED] - get_token = slurper.parseText(token.getResponseBodyContent()): null

2022-03-29 13:53:03 - [TEST_STEP][PASSED] - private_token = access_token: null

2022-03-29 13:53:03 - [TEST_STEP][PASSED] - global_token = private_token: null

2022-03-29 13:53:03 - [TEST_STEP][PASSED] - println("token is :" + global_token): null

2022-03-29 13:53:03 - [TEST_STEP][PASSED] - response_token = token.getResponseText(): null

2022-03-29 13:53:03 - [TEST_STEP][PASSED] - logInfo($response_token): 
            {
                "token_type": "BearerToken",
                "access_token": "1iCxKQwnzHp4VwlzSDOV8PfDAA8V",
                "expires_in": "1799",
                "scope": ""
            }
        

2022-03-29 13:53:03 - [MESSAGE][INFO] - 
            {
                "token_type": "BearerToken",
                "access_token": "1iCxKQwnzHp4VwlzSDOV8PfDAA8V",
                "expires_in": "1799",
                "scope": ""
            }
        

2022-03-29 13:53:03 - [TEST_STEP][PASSED] - feedback = sendRequest(findTestObject("4. Feedback-ins", ["s_key":global_token, "batchid":batchid, "norek":norek, "nopin":nopin, "custname":custname, "pemohon":pemohon, "branchid":branchid, ... ])): Send request successfully

2022-03-29 13:53:04 - [MESSAGE][INFO] - HAR: I:\app-testing\app-project\Order car insurance\order-car-insurance\Reports\20220329_124138\3. Get feedback insurance - Batch 1\20220329_124139\requests\main\833.har

2022-03-29 13:53:04 - [MESSAGE][PASSED] - Send request successfully

2022-03-29 13:53:04 - [TEST_STEP][PASSED] - response_feedback = feedback.getResponseText(): null

2022-03-29 13:53:04 - [TEST_STEP][PASSED] - markPassed("result feedback data : " + no + " norek : " + norek + " nopin : " + nopin): result feedback data : 463 norek : 9942006586 nopin : 001

2022-03-29 13:53:04 - [MESSAGE][PASSED] - result feedback data : 463 norek : 9942006586 nopin : 001

2022-03-29 13:53:04 - [TEST_STEP][PASSED] - logInfo($response_feedback): {
  "FeedbackCarInsuranceResponse" : {
    "errorCode" : "00",
    "errorMessage" : "Sukses"
  }
}

2022-03-29 13:53:04 - [MESSAGE][INFO] - {
  "FeedbackCarInsuranceResponse" : {
    "errorCode" : "00",
    "errorMessage" : "Sukses"
  }
}

2022-03-29 13:53:04 - [TEST_STEP][PASSED] - verifyElementPropertyValue(feedback, "FeedbackCarInsuranceResponse.errorMessage", "Sukses", CONTINUE_ON_FAILURE): Verify element property value successfully

2022-03-29 13:53:04 - [MESSAGE][PASSED] - Verify element property value successfully]]></system-out>
         <system-err><![CDATA[]]></system-err>
      </testcase>
      <testcase name="Test Cases/3. get token - feedback insurance" time="1.491" classname="Test Cases/3. get token - feedback insurance" status="PASSED">
         <system-out><![CDATA[2022-03-29 13:53:05 - [TEST_CASE][PASSED] - Test Cases/3. get token - feedback insurance: Test Cases/3. get token - feedback insurance

2022-03-29 13:53:05 - [TEST_STEP][PASSED] - token = sendRequest(findTestObject("1. Get-Token")): Send request successfully

2022-03-29 13:53:05 - [MESSAGE][INFO] - HAR: I:\app-testing\app-project\Order car insurance\order-car-insurance\Reports\20220329_124138\3. Get feedback insurance - Batch 1\20220329_124139\requests\main\834.har

2022-03-29 13:53:05 - [MESSAGE][PASSED] - Send request successfully

2022-03-29 13:53:05 - [TEST_STEP][PASSED] - slurper = new groovy.json.JsonSlurper(): null

2022-03-29 13:53:05 - [TEST_STEP][PASSED] - get_token = slurper.parseText(token.getResponseBodyContent()): null

2022-03-29 13:53:05 - [TEST_STEP][PASSED] - private_token = access_token: null

2022-03-29 13:53:05 - [TEST_STEP][PASSED] - global_token = private_token: null

2022-03-29 13:53:05 - [TEST_STEP][PASSED] - println("token is :" + global_token): null

2022-03-29 13:53:05 - [TEST_STEP][PASSED] - response_token = token.getResponseText(): null

2022-03-29 13:53:05 - [TEST_STEP][PASSED] - logInfo($response_token): 
            {
                "token_type": "BearerToken",
                "access_token": "FpqSHZTyhQcSbOu88pqHcdhcIZnZ",
                "expires_in": "1799",
                "scope": ""
            }
        

2022-03-29 13:53:05 - [MESSAGE][INFO] - 
            {
                "token_type": "BearerToken",
                "access_token": "FpqSHZTyhQcSbOu88pqHcdhcIZnZ",
                "expires_in": "1799",
                "scope": ""
            }
        

2022-03-29 13:53:05 - [TEST_STEP][PASSED] - feedback = sendRequest(findTestObject("4. Feedback-ins", ["s_key":global_token, "batchid":batchid, "norek":norek, "nopin":nopin, "custname":custname, "pemohon":pemohon, "branchid":branchid, ... ])): Send request successfully

2022-03-29 13:53:06 - [MESSAGE][INFO] - HAR: I:\app-testing\app-project\Order car insurance\order-car-insurance\Reports\20220329_124138\3. Get feedback insurance - Batch 1\20220329_124139\requests\main\835.har

2022-03-29 13:53:06 - [MESSAGE][PASSED] - Send request successfully

2022-03-29 13:53:06 - [TEST_STEP][PASSED] - response_feedback = feedback.getResponseText(): null

2022-03-29 13:53:06 - [TEST_STEP][PASSED] - markPassed("result feedback data : " + no + " norek : " + norek + " nopin : " + nopin): result feedback data : 464 norek : 9942006587 nopin : 001

2022-03-29 13:53:06 - [MESSAGE][PASSED] - result feedback data : 464 norek : 9942006587 nopin : 001

2022-03-29 13:53:06 - [TEST_STEP][PASSED] - logInfo($response_feedback): {
  "FeedbackCarInsuranceResponse" : {
    "errorCode" : "00",
    "errorMessage" : "Sukses"
  }
}

2022-03-29 13:53:06 - [MESSAGE][INFO] - {
  "FeedbackCarInsuranceResponse" : {
    "errorCode" : "00",
    "errorMessage" : "Sukses"
  }
}

2022-03-29 13:53:06 - [TEST_STEP][PASSED] - verifyElementPropertyValue(feedback, "FeedbackCarInsuranceResponse.errorMessage", "Sukses", CONTINUE_ON_FAILURE): Verify element property value successfully

2022-03-29 13:53:06 - [MESSAGE][PASSED] - Verify element property value successfully]]></system-out>
         <system-err><![CDATA[]]></system-err>
      </testcase>
      <testcase name="Test Cases/3. get token - feedback insurance" time="2.396" classname="Test Cases/3. get token - feedback insurance" status="PASSED">
         <system-out><![CDATA[2022-03-29 13:53:06 - [TEST_CASE][PASSED] - Test Cases/3. get token - feedback insurance: Test Cases/3. get token - feedback insurance

2022-03-29 13:53:07 - [TEST_STEP][PASSED] - token = sendRequest(findTestObject("1. Get-Token")): Send request successfully

2022-03-29 13:53:07 - [MESSAGE][INFO] - HAR: I:\app-testing\app-project\Order car insurance\order-car-insurance\Reports\20220329_124138\3. Get feedback insurance - Batch 1\20220329_124139\requests\main\836.har

2022-03-29 13:53:07 - [MESSAGE][PASSED] - Send request successfully

2022-03-29 13:53:07 - [TEST_STEP][PASSED] - slurper = new groovy.json.JsonSlurper(): null

2022-03-29 13:53:07 - [TEST_STEP][PASSED] - get_token = slurper.parseText(token.getResponseBodyContent()): null

2022-03-29 13:53:07 - [TEST_STEP][PASSED] - private_token = access_token: null

2022-03-29 13:53:07 - [TEST_STEP][PASSED] - global_token = private_token: null

2022-03-29 13:53:07 - [TEST_STEP][PASSED] - println("token is :" + global_token): null

2022-03-29 13:53:07 - [TEST_STEP][PASSED] - response_token = token.getResponseText(): null

2022-03-29 13:53:07 - [TEST_STEP][PASSED] - logInfo($response_token): 
            {
                "token_type": "BearerToken",
                "access_token": "Fu6XHOMBnCeJgkARNbVbs2jqqjFB",
                "expires_in": "1799",
                "scope": ""
            }
        

2022-03-29 13:53:07 - [MESSAGE][INFO] - 
            {
                "token_type": "BearerToken",
                "access_token": "Fu6XHOMBnCeJgkARNbVbs2jqqjFB",
                "expires_in": "1799",
                "scope": ""
            }
        

2022-03-29 13:53:07 - [TEST_STEP][PASSED] - feedback = sendRequest(findTestObject("4. Feedback-ins", ["s_key":global_token, "batchid":batchid, "norek":norek, "nopin":nopin, "custname":custname, "pemohon":pemohon, "branchid":branchid, ... ])): Send request successfully

2022-03-29 13:53:09 - [MESSAGE][INFO] - HAR: I:\app-testing\app-project\Order car insurance\order-car-insurance\Reports\20220329_124138\3. Get feedback insurance - Batch 1\20220329_124139\requests\main\837.har

2022-03-29 13:53:09 - [MESSAGE][PASSED] - Send request successfully

2022-03-29 13:53:09 - [TEST_STEP][PASSED] - response_feedback = feedback.getResponseText(): null

2022-03-29 13:53:09 - [TEST_STEP][PASSED] - markPassed("result feedback data : " + no + " norek : " + norek + " nopin : " + nopin): result feedback data : 465 norek : 9942006587 nopin : 001

2022-03-29 13:53:09 - [MESSAGE][PASSED] - result feedback data : 465 norek : 9942006587 nopin : 001

2022-03-29 13:53:09 - [TEST_STEP][PASSED] - logInfo($response_feedback): {
  "FeedbackCarInsuranceResponse" : {
    "errorCode" : "00",
    "errorMessage" : "Sukses"
  }
}

2022-03-29 13:53:09 - [MESSAGE][INFO] - {
  "FeedbackCarInsuranceResponse" : {
    "errorCode" : "00",
    "errorMessage" : "Sukses"
  }
}

2022-03-29 13:53:09 - [TEST_STEP][PASSED] - verifyElementPropertyValue(feedback, "FeedbackCarInsuranceResponse.errorMessage", "Sukses", CONTINUE_ON_FAILURE): Verify element property value successfully

2022-03-29 13:53:09 - [MESSAGE][PASSED] - Verify element property value successfully]]></system-out>
         <system-err><![CDATA[]]></system-err>
      </testcase>
      <testcase name="Test Cases/3. get token - feedback insurance" time="1.954" classname="Test Cases/3. get token - feedback insurance" status="PASSED">
         <system-out><![CDATA[2022-03-29 13:53:09 - [TEST_CASE][PASSED] - Test Cases/3. get token - feedback insurance: Test Cases/3. get token - feedback insurance

2022-03-29 13:53:09 - [TEST_STEP][PASSED] - token = sendRequest(findTestObject("1. Get-Token")): Send request successfully

2022-03-29 13:53:10 - [MESSAGE][INFO] - HAR: I:\app-testing\app-project\Order car insurance\order-car-insurance\Reports\20220329_124138\3. Get feedback insurance - Batch 1\20220329_124139\requests\main\838.har

2022-03-29 13:53:10 - [MESSAGE][PASSED] - Send request successfully

2022-03-29 13:53:10 - [TEST_STEP][PASSED] - slurper = new groovy.json.JsonSlurper(): null

2022-03-29 13:53:10 - [TEST_STEP][PASSED] - get_token = slurper.parseText(token.getResponseBodyContent()): null

2022-03-29 13:53:10 - [TEST_STEP][PASSED] - private_token = access_token: null

2022-03-29 13:53:10 - [TEST_STEP][PASSED] - global_token = private_token: null

2022-03-29 13:53:10 - [TEST_STEP][PASSED] - println("token is :" + global_token): null

2022-03-29 13:53:10 - [TEST_STEP][PASSED] - response_token = token.getResponseText(): null

2022-03-29 13:53:10 - [TEST_STEP][PASSED] - logInfo($response_token): 
            {
                "token_type": "BearerToken",
                "access_token": "0AGHhdHCi8zMRLyg4MZWX3qe3szm",
                "expires_in": "1799",
                "scope": ""
            }
        

2022-03-29 13:53:10 - [MESSAGE][INFO] - 
            {
                "token_type": "BearerToken",
                "access_token": "0AGHhdHCi8zMRLyg4MZWX3qe3szm",
                "expires_in": "1799",
                "scope": ""
            }
        

2022-03-29 13:53:10 - [TEST_STEP][PASSED] - feedback = sendRequest(findTestObject("4. Feedback-ins", ["s_key":global_token, "batchid":batchid, "norek":norek, "nopin":nopin, "custname":custname, "pemohon":pemohon, "branchid":branchid, ... ])): Send request successfully

2022-03-29 13:53:11 - [MESSAGE][INFO] - HAR: I:\app-testing\app-project\Order car insurance\order-car-insurance\Reports\20220329_124138\3. Get feedback insurance - Batch 1\20220329_124139\requests\main\839.har

2022-03-29 13:53:11 - [MESSAGE][PASSED] - Send request successfully

2022-03-29 13:53:11 - [TEST_STEP][PASSED] - response_feedback = feedback.getResponseText(): null

2022-03-29 13:53:11 - [TEST_STEP][PASSED] - markPassed("result feedback data : " + no + " norek : " + norek + " nopin : " + nopin): result feedback data : 466 norek : 9942006587 nopin : 001

2022-03-29 13:53:11 - [MESSAGE][PASSED] - result feedback data : 466 norek : 9942006587 nopin : 001

2022-03-29 13:53:11 - [TEST_STEP][PASSED] - logInfo($response_feedback): {
  "FeedbackCarInsuranceResponse" : {
    "errorCode" : "00",
    "errorMessage" : "Sukses"
  }
}

2022-03-29 13:53:11 - [MESSAGE][INFO] - {
  "FeedbackCarInsuranceResponse" : {
    "errorCode" : "00",
    "errorMessage" : "Sukses"
  }
}

2022-03-29 13:53:11 - [TEST_STEP][PASSED] - verifyElementPropertyValue(feedback, "FeedbackCarInsuranceResponse.errorMessage", "Sukses", CONTINUE_ON_FAILURE): Verify element property value successfully

2022-03-29 13:53:11 - [MESSAGE][PASSED] - Verify element property value successfully]]></system-out>
         <system-err><![CDATA[]]></system-err>
      </testcase>
      <testcase name="Test Cases/3. get token - feedback insurance" time="2.733" classname="Test Cases/3. get token - feedback insurance" status="PASSED">
         <system-out><![CDATA[2022-03-29 13:53:12 - [TEST_CASE][PASSED] - Test Cases/3. get token - feedback insurance: Test Cases/3. get token - feedback insurance

2022-03-29 13:53:12 - [TEST_STEP][PASSED] - token = sendRequest(findTestObject("1. Get-Token")): Send request successfully

2022-03-29 13:53:12 - [MESSAGE][INFO] - HAR: I:\app-testing\app-project\Order car insurance\order-car-insurance\Reports\20220329_124138\3. Get feedback insurance - Batch 1\20220329_124139\requests\main\840.har

2022-03-29 13:53:12 - [MESSAGE][PASSED] - Send request successfully

2022-03-29 13:53:12 - [TEST_STEP][PASSED] - slurper = new groovy.json.JsonSlurper(): null

2022-03-29 13:53:12 - [TEST_STEP][PASSED] - get_token = slurper.parseText(token.getResponseBodyContent()): null

2022-03-29 13:53:12 - [TEST_STEP][PASSED] - private_token = access_token: null

2022-03-29 13:53:12 - [TEST_STEP][PASSED] - global_token = private_token: null

2022-03-29 13:53:12 - [TEST_STEP][PASSED] - println("token is :" + global_token): null

2022-03-29 13:53:12 - [TEST_STEP][PASSED] - response_token = token.getResponseText(): null

2022-03-29 13:53:12 - [TEST_STEP][PASSED] - logInfo($response_token): 
            {
                "token_type": "BearerToken",
                "access_token": "Ff1SW7XfAQOAoqsAslK4kGSFkDUq",
                "expires_in": "1799",
                "scope": ""
            }
        

2022-03-29 13:53:12 - [MESSAGE][INFO] - 
            {
                "token_type": "BearerToken",
                "access_token": "Ff1SW7XfAQOAoqsAslK4kGSFkDUq",
                "expires_in": "1799",
                "scope": ""
            }
        

2022-03-29 13:53:12 - [TEST_STEP][PASSED] - feedback = sendRequest(findTestObject("4. Feedback-ins", ["s_key":global_token, "batchid":batchid, "norek":norek, "nopin":nopin, "custname":custname, "pemohon":pemohon, "branchid":branchid, ... ])): Send request successfully

2022-03-29 13:53:14 - [MESSAGE][INFO] - HAR: I:\app-testing\app-project\Order car insurance\order-car-insurance\Reports\20220329_124138\3. Get feedback insurance - Batch 1\20220329_124139\requests\main\841.har

2022-03-29 13:53:14 - [MESSAGE][PASSED] - Send request successfully

2022-03-29 13:53:14 - [TEST_STEP][PASSED] - response_feedback = feedback.getResponseText(): null

2022-03-29 13:53:14 - [TEST_STEP][PASSED] - markPassed("result feedback data : " + no + " norek : " + norek + " nopin : " + nopin): result feedback data : 467 norek : 9942006587 nopin : 001

2022-03-29 13:53:14 - [MESSAGE][PASSED] - result feedback data : 467 norek : 9942006587 nopin : 001

2022-03-29 13:53:14 - [TEST_STEP][PASSED] - logInfo($response_feedback): {
  "FeedbackCarInsuranceResponse" : {
    "errorCode" : "00",
    "errorMessage" : "Sukses"
  }
}

2022-03-29 13:53:14 - [MESSAGE][INFO] - {
  "FeedbackCarInsuranceResponse" : {
    "errorCode" : "00",
    "errorMessage" : "Sukses"
  }
}

2022-03-29 13:53:14 - [TEST_STEP][PASSED] - verifyElementPropertyValue(feedback, "FeedbackCarInsuranceResponse.errorMessage", "Sukses", CONTINUE_ON_FAILURE): Verify element property value successfully

2022-03-29 13:53:14 - [MESSAGE][PASSED] - Verify element property value successfully]]></system-out>
         <system-err><![CDATA[]]></system-err>
      </testcase>
      <testcase name="Test Cases/3. get token - feedback insurance" time="1.417" classname="Test Cases/3. get token - feedback insurance" status="PASSED">
         <system-out><![CDATA[2022-03-29 13:53:15 - [TEST_CASE][PASSED] - Test Cases/3. get token - feedback insurance: Test Cases/3. get token - feedback insurance

2022-03-29 13:53:15 - [TEST_STEP][PASSED] - token = sendRequest(findTestObject("1. Get-Token")): Send request successfully

2022-03-29 13:53:15 - [MESSAGE][INFO] - HAR: I:\app-testing\app-project\Order car insurance\order-car-insurance\Reports\20220329_124138\3. Get feedback insurance - Batch 1\20220329_124139\requests\main\842.har

2022-03-29 13:53:15 - [MESSAGE][PASSED] - Send request successfully

2022-03-29 13:53:15 - [TEST_STEP][PASSED] - slurper = new groovy.json.JsonSlurper(): null

2022-03-29 13:53:15 - [TEST_STEP][PASSED] - get_token = slurper.parseText(token.getResponseBodyContent()): null

2022-03-29 13:53:15 - [TEST_STEP][PASSED] - private_token = access_token: null

2022-03-29 13:53:15 - [TEST_STEP][PASSED] - global_token = private_token: null

2022-03-29 13:53:15 - [TEST_STEP][PASSED] - println("token is :" + global_token): null

2022-03-29 13:53:15 - [TEST_STEP][PASSED] - response_token = token.getResponseText(): null

2022-03-29 13:53:15 - [TEST_STEP][PASSED] - logInfo($response_token): 
            {
                "token_type": "BearerToken",
                "access_token": "V0zvvTSOaYhWjZ3uMWu0x67lJ1TU",
                "expires_in": "1799",
                "scope": ""
            }
        

2022-03-29 13:53:15 - [MESSAGE][INFO] - 
            {
                "token_type": "BearerToken",
                "access_token": "V0zvvTSOaYhWjZ3uMWu0x67lJ1TU",
                "expires_in": "1799",
                "scope": ""
            }
        

2022-03-29 13:53:15 - [TEST_STEP][PASSED] - feedback = sendRequest(findTestObject("4. Feedback-ins", ["s_key":global_token, "batchid":batchid, "norek":norek, "nopin":nopin, "custname":custname, "pemohon":pemohon, "branchid":branchid, ... ])): Send request successfully

2022-03-29 13:53:16 - [MESSAGE][INFO] - HAR: I:\app-testing\app-project\Order car insurance\order-car-insurance\Reports\20220329_124138\3. Get feedback insurance - Batch 1\20220329_124139\requests\main\843.har

2022-03-29 13:53:16 - [MESSAGE][PASSED] - Send request successfully

2022-03-29 13:53:16 - [TEST_STEP][PASSED] - response_feedback = feedback.getResponseText(): null

2022-03-29 13:53:16 - [TEST_STEP][PASSED] - markPassed("result feedback data : " + no + " norek : " + norek + " nopin : " + nopin): result feedback data : 468 norek : 9942006587 nopin : 001

2022-03-29 13:53:16 - [MESSAGE][PASSED] - result feedback data : 468 norek : 9942006587 nopin : 001

2022-03-29 13:53:16 - [TEST_STEP][PASSED] - logInfo($response_feedback): {
  "FeedbackCarInsuranceResponse" : {
    "errorCode" : "00",
    "errorMessage" : "Sukses"
  }
}

2022-03-29 13:53:16 - [MESSAGE][INFO] - {
  "FeedbackCarInsuranceResponse" : {
    "errorCode" : "00",
    "errorMessage" : "Sukses"
  }
}

2022-03-29 13:53:16 - [TEST_STEP][PASSED] - verifyElementPropertyValue(feedback, "FeedbackCarInsuranceResponse.errorMessage", "Sukses", CONTINUE_ON_FAILURE): Verify element property value successfully

2022-03-29 13:53:16 - [MESSAGE][PASSED] - Verify element property value successfully]]></system-out>
         <system-err><![CDATA[]]></system-err>
      </testcase>
      <system-out><![CDATA[2022-03-29 12:41:48 - [TEST_SUITE][FAILED] - 3. Get feedback insurance - Batch 1: Test Cases/3. get token - feedback insurance FAILED.
Reason:
com.kms.katalon.core.exception.StepFailedException: Expected element property value 'Sukses' is not equal with actual property value 'OSB Service Callout action received SOAP Fault response'
	at com.kms.katalon.core.keyword.internal.KeywordMain.stepFailed(KeywordMain.groovy:39)
	at com.kms.katalon.core.webservice.keyword.builtin.VerifyElementPropertyValueKeyword$_verifyElementPropertyValue_closure1.doCall(VerifyElementPropertyValueKeyword.groovy:56)
	at com.kms.katalon.core.webservice.keyword.builtin.VerifyElementPropertyValueKeyword$_verifyElementPropertyValue_closure1.call(VerifyElementPropertyValueKeyword.groovy)
	at com.kms.katalon.core.keyword.internal.KeywordMain.runKeyword(KeywordMain.groovy:74)
	at com.kms.katalon.core.webservice.keyword.builtin.VerifyElementPropertyValueKeyword.verifyElementPropertyValue(VerifyElementPropertyValueKeyword.groovy:48)
	at com.kms.katalon.core.webservice.keyword.builtin.VerifyElementPropertyValueKeyword.execute(VerifyElementPropertyValueKeyword.groovy:43)
	at com.kms.katalon.core.keyword.internal.KeywordExecutor.executeKeywordForPlatform(KeywordExecutor.groovy:74)
	at com.kms.katalon.core.webservice.keyword.WSBuiltInKeywords.verifyElementPropertyValue(WSBuiltInKeywords.groovy:175)
	at com.kms.katalon.core.webservice.keyword.WSBuiltInKeywords$verifyElementPropertyValue$0.call(Unknown Source)
	at 3. get token - feedback insurance.run(3. get token - feedback insurance:59)
	at com.kms.katalon.core.main.ScriptEngine.run(ScriptEngine.java:194)
	at com.kms.katalon.core.main.ScriptEngine.runScriptAsRawText(ScriptEngine.java:119)
	at com.kms.katalon.core.main.TestCaseExecutor.runScript(TestCaseExecutor.java:442)
	at com.kms.katalon.core.main.TestCaseExecutor.doExecute(TestCaseExecutor.java:433)
	at com.kms.katalon.core.main.TestCaseExecutor.processExecutionPhase(TestCaseExecutor.java:412)
	at com.kms.katalon.core.main.TestCaseExecutor.accessMainPhase(TestCaseExecutor.java:404)
	at com.kms.katalon.core.main.TestCaseExecutor.execute(TestCaseExecutor.java:281)
	at com.kms.katalon.core.main.TestSuiteExecutor.accessTestCaseMainPhase(TestSuiteExecutor.java:202)
	at com.kms.katalon.core.main.TestSuiteExecutor.accessTestSuiteMainPhase(TestSuiteExecutor.java:164)
	at com.kms.katalon.core.main.TestSuiteExecutor.execute(TestSuiteExecutor.java:105)
	at com.kms.katalon.core.main.TestCaseMain.startTestSuite(TestCaseMain.java:181)
	at com.kms.katalon.core.main.TestCaseMain$startTestSuite$0.call(Unknown Source)
	at TempTestSuite1648532499046.run(TempTestSuite1648532499046.groovy:36)]]></system-out>
      <system-err><![CDATA[2022-03-29 12:41:48 - [TEST_SUITE][FAILED] - 3. Get feedback insurance - Batch 1: Test Cases/3. get token - feedback insurance FAILED.
Reason:
com.kms.katalon.core.exception.StepFailedException: Expected element property value 'Sukses' is not equal with actual property value 'OSB Service Callout action received SOAP Fault response'
	at com.kms.katalon.core.keyword.internal.KeywordMain.stepFailed(KeywordMain.groovy:39)
	at com.kms.katalon.core.webservice.keyword.builtin.VerifyElementPropertyValueKeyword$_verifyElementPropertyValue_closure1.doCall(VerifyElementPropertyValueKeyword.groovy:56)
	at com.kms.katalon.core.webservice.keyword.builtin.VerifyElementPropertyValueKeyword$_verifyElementPropertyValue_closure1.call(VerifyElementPropertyValueKeyword.groovy)
	at com.kms.katalon.core.keyword.internal.KeywordMain.runKeyword(KeywordMain.groovy:74)
	at com.kms.katalon.core.webservice.keyword.builtin.VerifyElementPropertyValueKeyword.verifyElementPropertyValue(VerifyElementPropertyValueKeyword.groovy:48)
	at com.kms.katalon.core.webservice.keyword.builtin.VerifyElementPropertyValueKeyword.execute(VerifyElementPropertyValueKeyword.groovy:43)
	at com.kms.katalon.core.keyword.internal.KeywordExecutor.executeKeywordForPlatform(KeywordExecutor.groovy:74)
	at com.kms.katalon.core.webservice.keyword.WSBuiltInKeywords.verifyElementPropertyValue(WSBuiltInKeywords.groovy:175)
	at com.kms.katalon.core.webservice.keyword.WSBuiltInKeywords$verifyElementPropertyValue$0.call(Unknown Source)
	at 3. get token - feedback insurance.run(3. get token - feedback insurance:59)
	at com.kms.katalon.core.main.ScriptEngine.run(ScriptEngine.java:194)
	at com.kms.katalon.core.main.ScriptEngine.runScriptAsRawText(ScriptEngine.java:119)
	at com.kms.katalon.core.main.TestCaseExecutor.runScript(TestCaseExecutor.java:442)
	at com.kms.katalon.core.main.TestCaseExecutor.doExecute(TestCaseExecutor.java:433)
	at com.kms.katalon.core.main.TestCaseExecutor.processExecutionPhase(TestCaseExecutor.java:412)
	at com.kms.katalon.core.main.TestCaseExecutor.accessMainPhase(TestCaseExecutor.java:404)
	at com.kms.katalon.core.main.TestCaseExecutor.execute(TestCaseExecutor.java:281)
	at com.kms.katalon.core.main.TestSuiteExecutor.accessTestCaseMainPhase(TestSuiteExecutor.java:202)
	at com.kms.katalon.core.main.TestSuiteExecutor.accessTestSuiteMainPhase(TestSuiteExecutor.java:164)
	at com.kms.katalon.core.main.TestSuiteExecutor.execute(TestSuiteExecutor.java:105)
	at com.kms.katalon.core.main.TestCaseMain.startTestSuite(TestCaseMain.java:181)
	at com.kms.katalon.core.main.TestCaseMain$startTestSuite$0.call(Unknown Source)
	at TempTestSuite1648532499046.run(TempTestSuite1648532499046.groovy:36)]]></system-err>
   </testsuite>
</testsuites>
