<?xml version="1.0" encoding="UTF-8"?>
<testsuites name="3. Get feedback insurance -" time="19.117" tests="4" failures="0" errors="0">
   <testsuite name="3. Get feedback insurance -" tests="4" failures="0" errors="0" time="19.117" skipped="0" timestamp="2022-03-29 10:26:58" hostname="Flavalize - DESKTOP-3CQ5RDT" id="Test Suites/3. Get feedback insurance -">
      <properties>
         <property name="deviceName" value=""/>
         <property name="devicePlatform" value=""/>
         <property name="logFolder" value="I:\\app-testing\\app-project\\Order car insurance\\order-car-insurance\\Reports\\20220329_102649\\3. Get feedback insurance -\\20220329_102649"/>
         <property name="logFiles" value="I:\\app-testing\\app-project\\Order car insurance\\order-car-insurance\\Reports\\20220329_102649\\3. Get feedback insurance -\\20220329_102649\\execution0.log"/>
         <property name="attachments" value=""/>
         <property name="hostName" value="Flavalize - DESKTOP-3CQ5RDT"/>
         <property name="hostAddress" value="192.168.1.6"/>
         <property name="os" value="Windows 10 64bit"/>
         <property name="katalonVersion" value="8.2.0.208"/>
      </properties>
      <testcase name="Test Cases/3. get token - feedback insurance" time="9.842" classname="Test Cases/3. get token - feedback insurance" status="PASSED">
         <system-out><![CDATA[2022-03-29 10:26:59 - [TEST_CASE][PASSED] - Test Cases/3. get token - feedback insurance: Test Cases/3. get token - feedback insurance

2022-03-29 10:27:00 - [TEST_STEP][PASSED] - token = sendRequest(findTestObject("1. Get-Token")): Send request successfully

2022-03-29 10:27:01 - [MESSAGE][INFO] - HAR: I:\app-testing\app-project\Order car insurance\order-car-insurance\Reports\20220329_102649\3. Get feedback insurance -\20220329_102649\requests\main\0.har

2022-03-29 10:27:01 - [MESSAGE][PASSED] - Send request successfully

2022-03-29 10:27:01 - [TEST_STEP][PASSED] - slurper = new groovy.json.JsonSlurper(): null

2022-03-29 10:27:01 - [TEST_STEP][PASSED] - get_token = slurper.parseText(token.getResponseBodyContent()): null

2022-03-29 10:27:01 - [TEST_STEP][PASSED] - private_token = access_token: null

2022-03-29 10:27:01 - [TEST_STEP][PASSED] - global_token = private_token: null

2022-03-29 10:27:01 - [TEST_STEP][PASSED] - println("token is :" + global_token): null

2022-03-29 10:27:01 - [TEST_STEP][PASSED] - response_token = token.getResponseText(): null

2022-03-29 10:27:01 - [TEST_STEP][PASSED] - logInfo($response_token): {"fault":{"faultstring":"Access Denied for client ip : 8.29.105.53","detail":{"errorcode":"accesscontrol.IPDeniedAccess"}}}

2022-03-29 10:27:01 - [MESSAGE][INFO] - {"fault":{"faultstring":"Access Denied for client ip : 8.29.105.53","detail":{"errorcode":"accesscontrol.IPDeniedAccess"}}}

2022-03-29 10:27:01 - [TEST_STEP][PASSED] - feedback = sendRequest(findTestObject("4. Feedback-ins", ["s_key":global_token, "batchid":batchid, "norek":norek, "nopin":nopin, "custname":custname, "pemohon":pemohon, "branchid":branchid, ... ])): Send request successfully

2022-03-29 10:27:09 - [MESSAGE][INFO] - HAR: I:\app-testing\app-project\Order car insurance\order-car-insurance\Reports\20220329_102649\3. Get feedback insurance -\20220329_102649\requests\main\1.har

2022-03-29 10:27:09 - [MESSAGE][PASSED] - Send request successfully

2022-03-29 10:27:09 - [TEST_STEP][PASSED] - response_feedback = feedback.getResponseText(): null

2022-03-29 10:27:09 - [TEST_STEP][PASSED] - markPassed("result feedback data : " + no + " norek : " + norek + " nopin : " + nopin): result feedback data : 1 norek : 1000009980 nopin : 001

2022-03-29 10:27:09 - [MESSAGE][PASSED] - result feedback data : 1 norek : 1000009980 nopin : 001

2022-03-29 10:27:09 - [TEST_STEP][PASSED] - logInfo($response_feedback): {
  "FeedbackCarInsuranceResponse" : {
    "errorCode" : "00",
    "errorMessage" : "Sukses"
  }
}

2022-03-29 10:27:09 - [MESSAGE][INFO] - {
  "FeedbackCarInsuranceResponse" : {
    "errorCode" : "00",
    "errorMessage" : "Sukses"
  }
}

2022-03-29 10:27:09 - [TEST_STEP][PASSED] - verifyElementPropertyValue(feedback, "FeedbackCarInsuranceResponse.errorMessage", "Sukses", CONTINUE_ON_FAILURE): Verify element property value successfully

2022-03-29 10:27:09 - [MESSAGE][PASSED] - Verify element property value successfully]]></system-out>
         <system-err><![CDATA[]]></system-err>
      </testcase>
      <testcase name="Test Cases/3. get token - feedback insurance" time="4.283" classname="Test Cases/3. get token - feedback insurance" status="PASSED">
         <system-out><![CDATA[2022-03-29 10:27:09 - [TEST_CASE][PASSED] - Test Cases/3. get token - feedback insurance: Test Cases/3. get token - feedback insurance

2022-03-29 10:27:10 - [TEST_STEP][PASSED] - token = sendRequest(findTestObject("1. Get-Token")): Send request successfully

2022-03-29 10:27:10 - [MESSAGE][INFO] - HAR: I:\app-testing\app-project\Order car insurance\order-car-insurance\Reports\20220329_102649\3. Get feedback insurance -\20220329_102649\requests\main\2.har

2022-03-29 10:27:10 - [MESSAGE][PASSED] - Send request successfully

2022-03-29 10:27:10 - [TEST_STEP][PASSED] - slurper = new groovy.json.JsonSlurper(): null

2022-03-29 10:27:10 - [TEST_STEP][PASSED] - get_token = slurper.parseText(token.getResponseBodyContent()): null

2022-03-29 10:27:10 - [TEST_STEP][PASSED] - private_token = access_token: null

2022-03-29 10:27:10 - [TEST_STEP][PASSED] - global_token = private_token: null

2022-03-29 10:27:10 - [TEST_STEP][PASSED] - println("token is :" + global_token): null

2022-03-29 10:27:10 - [TEST_STEP][PASSED] - response_token = token.getResponseText(): null

2022-03-29 10:27:10 - [TEST_STEP][PASSED] - logInfo($response_token): {"fault":{"faultstring":"Access Denied for client ip : 8.29.105.53","detail":{"errorcode":"accesscontrol.IPDeniedAccess"}}}

2022-03-29 10:27:10 - [MESSAGE][INFO] - {"fault":{"faultstring":"Access Denied for client ip : 8.29.105.53","detail":{"errorcode":"accesscontrol.IPDeniedAccess"}}}

2022-03-29 10:27:10 - [TEST_STEP][PASSED] - feedback = sendRequest(findTestObject("4. Feedback-ins", ["s_key":global_token, "batchid":batchid, "norek":norek, "nopin":nopin, "custname":custname, "pemohon":pemohon, "branchid":branchid, ... ])): Send request successfully

2022-03-29 10:27:14 - [MESSAGE][INFO] - HAR: I:\app-testing\app-project\Order car insurance\order-car-insurance\Reports\20220329_102649\3. Get feedback insurance -\20220329_102649\requests\main\3.har

2022-03-29 10:27:14 - [MESSAGE][PASSED] - Send request successfully

2022-03-29 10:27:14 - [TEST_STEP][PASSED] - response_feedback = feedback.getResponseText(): null

2022-03-29 10:27:14 - [TEST_STEP][PASSED] - markPassed("result feedback data : " + no + " norek : " + norek + " nopin : " + nopin): result feedback data : 2 norek : 1000009980 nopin : 001

2022-03-29 10:27:14 - [MESSAGE][PASSED] - result feedback data : 2 norek : 1000009980 nopin : 001

2022-03-29 10:27:14 - [TEST_STEP][PASSED] - logInfo($response_feedback): {
  "FeedbackCarInsuranceResponse" : {
    "errorCode" : "00",
    "errorMessage" : "Sukses"
  }
}

2022-03-29 10:27:14 - [MESSAGE][INFO] - {
  "FeedbackCarInsuranceResponse" : {
    "errorCode" : "00",
    "errorMessage" : "Sukses"
  }
}

2022-03-29 10:27:14 - [TEST_STEP][PASSED] - verifyElementPropertyValue(feedback, "FeedbackCarInsuranceResponse.errorMessage", "Sukses", CONTINUE_ON_FAILURE): Verify element property value successfully

2022-03-29 10:27:14 - [MESSAGE][PASSED] - Verify element property value successfully]]></system-out>
         <system-err><![CDATA[]]></system-err>
      </testcase>
      <testcase name="Test Cases/3. get token - feedback insurance" time="1.811" classname="Test Cases/3. get token - feedback insurance" status="PASSED">
         <system-out><![CDATA[2022-03-29 10:27:14 - [TEST_CASE][PASSED] - Test Cases/3. get token - feedback insurance: Test Cases/3. get token - feedback insurance

2022-03-29 10:27:14 - [TEST_STEP][PASSED] - token = sendRequest(findTestObject("1. Get-Token")): Send request successfully

2022-03-29 10:27:14 - [MESSAGE][INFO] - HAR: I:\app-testing\app-project\Order car insurance\order-car-insurance\Reports\20220329_102649\3. Get feedback insurance -\20220329_102649\requests\main\4.har

2022-03-29 10:27:14 - [MESSAGE][PASSED] - Send request successfully

2022-03-29 10:27:14 - [TEST_STEP][PASSED] - slurper = new groovy.json.JsonSlurper(): null

2022-03-29 10:27:14 - [TEST_STEP][PASSED] - get_token = slurper.parseText(token.getResponseBodyContent()): null

2022-03-29 10:27:14 - [TEST_STEP][PASSED] - private_token = access_token: null

2022-03-29 10:27:14 - [TEST_STEP][PASSED] - global_token = private_token: null

2022-03-29 10:27:14 - [TEST_STEP][PASSED] - println("token is :" + global_token): null

2022-03-29 10:27:14 - [TEST_STEP][PASSED] - response_token = token.getResponseText(): null

2022-03-29 10:27:14 - [TEST_STEP][PASSED] - logInfo($response_token): {"fault":{"faultstring":"Access Denied for client ip : 8.29.105.53","detail":{"errorcode":"accesscontrol.IPDeniedAccess"}}}

2022-03-29 10:27:14 - [MESSAGE][INFO] - {"fault":{"faultstring":"Access Denied for client ip : 8.29.105.53","detail":{"errorcode":"accesscontrol.IPDeniedAccess"}}}

2022-03-29 10:27:14 - [TEST_STEP][PASSED] - feedback = sendRequest(findTestObject("4. Feedback-ins", ["s_key":global_token, "batchid":batchid, "norek":norek, "nopin":nopin, "custname":custname, "pemohon":pemohon, "branchid":branchid, ... ])): Send request successfully

2022-03-29 10:27:16 - [MESSAGE][INFO] - HAR: I:\app-testing\app-project\Order car insurance\order-car-insurance\Reports\20220329_102649\3. Get feedback insurance -\20220329_102649\requests\main\5.har

2022-03-29 10:27:16 - [MESSAGE][PASSED] - Send request successfully

2022-03-29 10:27:16 - [TEST_STEP][PASSED] - response_feedback = feedback.getResponseText(): null

2022-03-29 10:27:16 - [TEST_STEP][PASSED] - markPassed("result feedback data : " + no + " norek : " + norek + " nopin : " + nopin): result feedback data : 3 norek : 1000009980 nopin : 001

2022-03-29 10:27:16 - [MESSAGE][PASSED] - result feedback data : 3 norek : 1000009980 nopin : 001

2022-03-29 10:27:16 - [TEST_STEP][PASSED] - logInfo($response_feedback): {
  "FeedbackCarInsuranceResponse" : {
    "errorCode" : "00",
    "errorMessage" : "Sukses"
  }
}

2022-03-29 10:27:16 - [MESSAGE][INFO] - {
  "FeedbackCarInsuranceResponse" : {
    "errorCode" : "00",
    "errorMessage" : "Sukses"
  }
}

2022-03-29 10:27:16 - [TEST_STEP][PASSED] - verifyElementPropertyValue(feedback, "FeedbackCarInsuranceResponse.errorMessage", "Sukses", CONTINUE_ON_FAILURE): Verify element property value successfully

2022-03-29 10:27:16 - [MESSAGE][PASSED] - Verify element property value successfully]]></system-out>
         <system-err><![CDATA[]]></system-err>
      </testcase>
      <testcase name="Test Cases/3. get token - feedback insurance" time="1.23" classname="Test Cases/3. get token - feedback insurance" status="PASSED">
         <system-out><![CDATA[2022-03-29 10:27:16 - [TEST_CASE][PASSED] - Test Cases/3. get token - feedback insurance: Test Cases/3. get token - feedback insurance

2022-03-29 10:27:16 - [TEST_STEP][PASSED] - token = sendRequest(findTestObject("1. Get-Token")): Send request successfully

2022-03-29 10:27:17 - [MESSAGE][INFO] - HAR: I:\app-testing\app-project\Order car insurance\order-car-insurance\Reports\20220329_102649\3. Get feedback insurance -\20220329_102649\requests\main\6.har

2022-03-29 10:27:17 - [MESSAGE][PASSED] - Send request successfully

2022-03-29 10:27:17 - [TEST_STEP][PASSED] - slurper = new groovy.json.JsonSlurper(): null

2022-03-29 10:27:17 - [TEST_STEP][PASSED] - get_token = slurper.parseText(token.getResponseBodyContent()): null

2022-03-29 10:27:17 - [TEST_STEP][PASSED] - private_token = access_token: null

2022-03-29 10:27:17 - [TEST_STEP][PASSED] - global_token = private_token: null

2022-03-29 10:27:17 - [TEST_STEP][PASSED] - println("token is :" + global_token): null

2022-03-29 10:27:17 - [TEST_STEP][PASSED] - response_token = token.getResponseText(): null

2022-03-29 10:27:17 - [TEST_STEP][PASSED] - logInfo($response_token): {"fault":{"faultstring":"Access Denied for client ip : 8.29.105.53","detail":{"errorcode":"accesscontrol.IPDeniedAccess"}}}

2022-03-29 10:27:17 - [MESSAGE][INFO] - {"fault":{"faultstring":"Access Denied for client ip : 8.29.105.53","detail":{"errorcode":"accesscontrol.IPDeniedAccess"}}}

2022-03-29 10:27:17 - [TEST_STEP][PASSED] - feedback = sendRequest(findTestObject("4. Feedback-ins", ["s_key":global_token, "batchid":batchid, "norek":norek, "nopin":nopin, "custname":custname, "pemohon":pemohon, "branchid":branchid, ... ])): Send request successfully

2022-03-29 10:27:18 - [MESSAGE][INFO] - HAR: I:\app-testing\app-project\Order car insurance\order-car-insurance\Reports\20220329_102649\3. Get feedback insurance -\20220329_102649\requests\main\7.har

2022-03-29 10:27:18 - [MESSAGE][PASSED] - Send request successfully

2022-03-29 10:27:18 - [TEST_STEP][PASSED] - response_feedback = feedback.getResponseText(): null

2022-03-29 10:27:18 - [TEST_STEP][PASSED] - markPassed("result feedback data : " + no + " norek : " + norek + " nopin : " + nopin): result feedback data : 4 norek : 1000009980 nopin : 001

2022-03-29 10:27:18 - [MESSAGE][PASSED] - result feedback data : 4 norek : 1000009980 nopin : 001

2022-03-29 10:27:18 - [TEST_STEP][PASSED] - logInfo($response_feedback): {
  "FeedbackCarInsuranceResponse" : {
    "errorCode" : "00",
    "errorMessage" : "Sukses"
  }
}

2022-03-29 10:27:18 - [MESSAGE][INFO] - {
  "FeedbackCarInsuranceResponse" : {
    "errorCode" : "00",
    "errorMessage" : "Sukses"
  }
}

2022-03-29 10:27:18 - [TEST_STEP][PASSED] - verifyElementPropertyValue(feedback, "FeedbackCarInsuranceResponse.errorMessage", "Sukses", CONTINUE_ON_FAILURE): Verify element property value successfully

2022-03-29 10:27:18 - [MESSAGE][PASSED] - Verify element property value successfully]]></system-out>
         <system-err><![CDATA[]]></system-err>
      </testcase>
      <system-out><![CDATA[2022-03-29 10:26:58 - [TEST_SUITE][PASSED] - 3. Get feedback insurance -: Test Cases/3. get token - feedback insurance]]></system-out>
      <system-err><![CDATA[]]></system-err>
   </testsuite>
</testsuites>
