<?xml version="1.0" encoding="UTF-8"?>
<testsuites name="3. Get feedback insurance - Batch 1" time="11.419" tests="6" failures="0" errors="0">
   <testsuite name="3. Get feedback insurance - Batch 1" tests="6" failures="0" errors="0" time="11.419" skipped="0" timestamp="2022-03-30 11:04:12" hostname="Flavalize - DESKTOP-3CQ5RDT" id="Test Suites/3. Get feedback insurance - Batch 1">
      <properties>
         <property name="deviceName" value=""/>
         <property name="devicePlatform" value=""/>
         <property name="logFolder" value="I:\\app-testing\\app-project\\Order car insurance\\order-car-insurance\\Reports\\20220330_110402\\3. Get feedback insurance - Batch 1\\20220330_110403"/>
         <property name="logFiles" value="I:\\app-testing\\app-project\\Order car insurance\\order-car-insurance\\Reports\\20220330_110402\\3. Get feedback insurance - Batch 1\\20220330_110403\\execution0.log"/>
         <property name="attachments" value=""/>
         <property name="hostName" value="Flavalize - DESKTOP-3CQ5RDT"/>
         <property name="hostAddress" value="192.168.1.6"/>
         <property name="os" value="Windows 10 64bit"/>
         <property name="katalonVersion" value="8.2.0.208"/>
      </properties>
      <testcase name="Test Cases/3. get token - feedback insurance" time="3.28" classname="Test Cases/3. get token - feedback insurance" status="PASSED">
         <system-out><![CDATA[2022-03-30 11:04:12 - [TEST_CASE][PASSED] - Test Cases/3. get token - feedback insurance: Test Cases/3. get token - feedback insurance

2022-03-30 11:04:13 - [TEST_STEP][PASSED] - token = sendRequest(findTestObject("1. Get-Token")): Send request successfully

2022-03-30 11:04:14 - [MESSAGE][INFO] - HAR: I:\app-testing\app-project\Order car insurance\order-car-insurance\Reports\20220330_110402\3. Get feedback insurance - Batch 1\20220330_110403\requests\main\0.har

2022-03-30 11:04:14 - [MESSAGE][PASSED] - Send request successfully

2022-03-30 11:04:14 - [TEST_STEP][PASSED] - slurper = new groovy.json.JsonSlurper(): null

2022-03-30 11:04:14 - [TEST_STEP][PASSED] - get_token = slurper.parseText(token.getResponseBodyContent()): null

2022-03-30 11:04:14 - [TEST_STEP][PASSED] - private_token = access_token: null

2022-03-30 11:04:14 - [TEST_STEP][PASSED] - global_token = private_token: null

2022-03-30 11:04:14 - [TEST_STEP][PASSED] - println("token is :" + global_token): null

2022-03-30 11:04:14 - [TEST_STEP][PASSED] - response_token = token.getResponseText(): null

2022-03-30 11:04:14 - [TEST_STEP][PASSED] - logInfo($response_token): 
            {
                "token_type": "BearerToken",
                "access_token": "bd9c39L3DwljAYuJxU5q1JDUH7A6",
                "expires_in": "1799",
                "scope": ""
            }
        

2022-03-30 11:04:15 - [MESSAGE][INFO] - 
            {
                "token_type": "BearerToken",
                "access_token": "bd9c39L3DwljAYuJxU5q1JDUH7A6",
                "expires_in": "1799",
                "scope": ""
            }
        

2022-03-30 11:04:15 - [TEST_STEP][PASSED] - feedback = sendRequest(findTestObject("4. Feedback-ins", ["s_key":global_token, "batchid":batchid, "norek":norek, "nopin":nopin, "custname":custname, "pemohon":pemohon, "branchid":branchid, ... ])): Send request successfully

2022-03-30 11:04:16 - [MESSAGE][INFO] - HAR: I:\app-testing\app-project\Order car insurance\order-car-insurance\Reports\20220330_110402\3. Get feedback insurance - Batch 1\20220330_110403\requests\main\1.har

2022-03-30 11:04:16 - [MESSAGE][PASSED] - Send request successfully

2022-03-30 11:04:16 - [TEST_STEP][PASSED] - response_feedback = feedback.getResponseText(): null

2022-03-30 11:04:16 - [TEST_STEP][PASSED] - markPassed("result feedback data : " + no + " norek : " + norek + " nopin : " + nopin): result feedback data : 140 norek : 9506008432 nopin : 001

2022-03-30 11:04:16 - [MESSAGE][PASSED] - result feedback data : 140 norek : 9506008432 nopin : 001

2022-03-30 11:04:16 - [TEST_STEP][PASSED] - logInfo($response_feedback): {
  "FeedbackCarInsuranceResponse" : {
    "errorCode" : "00",
    "errorMessage" : "Sukses"
  }
}

2022-03-30 11:04:16 - [MESSAGE][INFO] - {
  "FeedbackCarInsuranceResponse" : {
    "errorCode" : "00",
    "errorMessage" : "Sukses"
  }
}

2022-03-30 11:04:16 - [TEST_STEP][PASSED] - verifyElementPropertyValue(feedback, "FeedbackCarInsuranceResponse.errorMessage", "Sukses", CONTINUE_ON_FAILURE): Verify element property value successfully

2022-03-30 11:04:16 - [MESSAGE][PASSED] - Verify element property value successfully]]></system-out>
         <system-err><![CDATA[]]></system-err>
      </testcase>
      <testcase name="Test Cases/3. get token - feedback insurance" time="0.961" classname="Test Cases/3. get token - feedback insurance" status="PASSED">
         <system-out><![CDATA[2022-03-30 11:04:16 - [TEST_CASE][PASSED] - Test Cases/3. get token - feedback insurance: Test Cases/3. get token - feedback insurance

2022-03-30 11:04:16 - [TEST_STEP][PASSED] - token = sendRequest(findTestObject("1. Get-Token")): Send request successfully

2022-03-30 11:04:16 - [MESSAGE][INFO] - HAR: I:\app-testing\app-project\Order car insurance\order-car-insurance\Reports\20220330_110402\3. Get feedback insurance - Batch 1\20220330_110403\requests\main\2.har

2022-03-30 11:04:16 - [MESSAGE][PASSED] - Send request successfully

2022-03-30 11:04:16 - [TEST_STEP][PASSED] - slurper = new groovy.json.JsonSlurper(): null

2022-03-30 11:04:16 - [TEST_STEP][PASSED] - get_token = slurper.parseText(token.getResponseBodyContent()): null

2022-03-30 11:04:16 - [TEST_STEP][PASSED] - private_token = access_token: null

2022-03-30 11:04:16 - [TEST_STEP][PASSED] - global_token = private_token: null

2022-03-30 11:04:16 - [TEST_STEP][PASSED] - println("token is :" + global_token): null

2022-03-30 11:04:16 - [TEST_STEP][PASSED] - response_token = token.getResponseText(): null

2022-03-30 11:04:16 - [TEST_STEP][PASSED] - logInfo($response_token): 
            {
                "token_type": "BearerToken",
                "access_token": "xRaoJHkC0MpDJwQEoKove8CYXdUO",
                "expires_in": "1799",
                "scope": ""
            }
        

2022-03-30 11:04:16 - [MESSAGE][INFO] - 
            {
                "token_type": "BearerToken",
                "access_token": "xRaoJHkC0MpDJwQEoKove8CYXdUO",
                "expires_in": "1799",
                "scope": ""
            }
        

2022-03-30 11:04:16 - [TEST_STEP][PASSED] - feedback = sendRequest(findTestObject("4. Feedback-ins", ["s_key":global_token, "batchid":batchid, "norek":norek, "nopin":nopin, "custname":custname, "pemohon":pemohon, "branchid":branchid, ... ])): Send request successfully

2022-03-30 11:04:17 - [MESSAGE][INFO] - HAR: I:\app-testing\app-project\Order car insurance\order-car-insurance\Reports\20220330_110402\3. Get feedback insurance - Batch 1\20220330_110403\requests\main\3.har

2022-03-30 11:04:17 - [MESSAGE][PASSED] - Send request successfully

2022-03-30 11:04:17 - [TEST_STEP][PASSED] - response_feedback = feedback.getResponseText(): null

2022-03-30 11:04:17 - [TEST_STEP][PASSED] - markPassed("result feedback data : " + no + " norek : " + norek + " nopin : " + nopin): result feedback data : 141 norek : 9506008432 nopin : 001

2022-03-30 11:04:17 - [MESSAGE][PASSED] - result feedback data : 141 norek : 9506008432 nopin : 001

2022-03-30 11:04:17 - [TEST_STEP][PASSED] - logInfo($response_feedback): {
  "FeedbackCarInsuranceResponse" : {
    "errorCode" : "00",
    "errorMessage" : "Sukses"
  }
}

2022-03-30 11:04:17 - [MESSAGE][INFO] - {
  "FeedbackCarInsuranceResponse" : {
    "errorCode" : "00",
    "errorMessage" : "Sukses"
  }
}

2022-03-30 11:04:17 - [TEST_STEP][PASSED] - verifyElementPropertyValue(feedback, "FeedbackCarInsuranceResponse.errorMessage", "Sukses", CONTINUE_ON_FAILURE): Verify element property value successfully

2022-03-30 11:04:17 - [MESSAGE][PASSED] - Verify element property value successfully]]></system-out>
         <system-err><![CDATA[]]></system-err>
      </testcase>
      <testcase name="Test Cases/3. get token - feedback insurance" time="0.951" classname="Test Cases/3. get token - feedback insurance" status="PASSED">
         <system-out><![CDATA[2022-03-30 11:04:18 - [TEST_CASE][PASSED] - Test Cases/3. get token - feedback insurance: Test Cases/3. get token - feedback insurance

2022-03-30 11:04:18 - [TEST_STEP][PASSED] - token = sendRequest(findTestObject("1. Get-Token")): Send request successfully

2022-03-30 11:04:18 - [MESSAGE][INFO] - HAR: I:\app-testing\app-project\Order car insurance\order-car-insurance\Reports\20220330_110402\3. Get feedback insurance - Batch 1\20220330_110403\requests\main\4.har

2022-03-30 11:04:18 - [MESSAGE][PASSED] - Send request successfully

2022-03-30 11:04:18 - [TEST_STEP][PASSED] - slurper = new groovy.json.JsonSlurper(): null

2022-03-30 11:04:18 - [TEST_STEP][PASSED] - get_token = slurper.parseText(token.getResponseBodyContent()): null

2022-03-30 11:04:18 - [TEST_STEP][PASSED] - private_token = access_token: null

2022-03-30 11:04:18 - [TEST_STEP][PASSED] - global_token = private_token: null

2022-03-30 11:04:18 - [TEST_STEP][PASSED] - println("token is :" + global_token): null

2022-03-30 11:04:18 - [TEST_STEP][PASSED] - response_token = token.getResponseText(): null

2022-03-30 11:04:18 - [TEST_STEP][PASSED] - logInfo($response_token): 
            {
                "token_type": "BearerToken",
                "access_token": "tGWa0wPjStp8TAygxZd26PuanLRM",
                "expires_in": "1799",
                "scope": ""
            }
        

2022-03-30 11:04:18 - [MESSAGE][INFO] - 
            {
                "token_type": "BearerToken",
                "access_token": "tGWa0wPjStp8TAygxZd26PuanLRM",
                "expires_in": "1799",
                "scope": ""
            }
        

2022-03-30 11:04:18 - [TEST_STEP][PASSED] - feedback = sendRequest(findTestObject("4. Feedback-ins", ["s_key":global_token, "batchid":batchid, "norek":norek, "nopin":nopin, "custname":custname, "pemohon":pemohon, "branchid":branchid, ... ])): Send request successfully

2022-03-30 11:04:18 - [MESSAGE][INFO] - HAR: I:\app-testing\app-project\Order car insurance\order-car-insurance\Reports\20220330_110402\3. Get feedback insurance - Batch 1\20220330_110403\requests\main\5.har

2022-03-30 11:04:18 - [MESSAGE][PASSED] - Send request successfully

2022-03-30 11:04:18 - [TEST_STEP][PASSED] - response_feedback = feedback.getResponseText(): null

2022-03-30 11:04:18 - [TEST_STEP][PASSED] - markPassed("result feedback data : " + no + " norek : " + norek + " nopin : " + nopin): result feedback data : 142 norek : 9506008432 nopin : 001

2022-03-30 11:04:18 - [MESSAGE][PASSED] - result feedback data : 142 norek : 9506008432 nopin : 001

2022-03-30 11:04:18 - [TEST_STEP][PASSED] - logInfo($response_feedback): {
  "FeedbackCarInsuranceResponse" : {
    "errorCode" : "00",
    "errorMessage" : "Sukses"
  }
}

2022-03-30 11:04:18 - [MESSAGE][INFO] - {
  "FeedbackCarInsuranceResponse" : {
    "errorCode" : "00",
    "errorMessage" : "Sukses"
  }
}

2022-03-30 11:04:18 - [TEST_STEP][PASSED] - verifyElementPropertyValue(feedback, "FeedbackCarInsuranceResponse.errorMessage", "Sukses", CONTINUE_ON_FAILURE): Verify element property value successfully

2022-03-30 11:04:19 - [MESSAGE][PASSED] - Verify element property value successfully]]></system-out>
         <system-err><![CDATA[]]></system-err>
      </testcase>
      <testcase name="Test Cases/3. get token - feedback insurance" time="1.564" classname="Test Cases/3. get token - feedback insurance" status="PASSED">
         <system-out><![CDATA[2022-03-30 11:04:19 - [TEST_CASE][PASSED] - Test Cases/3. get token - feedback insurance: Test Cases/3. get token - feedback insurance

2022-03-30 11:04:19 - [TEST_STEP][PASSED] - token = sendRequest(findTestObject("1. Get-Token")): Send request successfully

2022-03-30 11:04:19 - [MESSAGE][INFO] - HAR: I:\app-testing\app-project\Order car insurance\order-car-insurance\Reports\20220330_110402\3. Get feedback insurance - Batch 1\20220330_110403\requests\main\6.har

2022-03-30 11:04:19 - [MESSAGE][PASSED] - Send request successfully

2022-03-30 11:04:19 - [TEST_STEP][PASSED] - slurper = new groovy.json.JsonSlurper(): null

2022-03-30 11:04:19 - [TEST_STEP][PASSED] - get_token = slurper.parseText(token.getResponseBodyContent()): null

2022-03-30 11:04:19 - [TEST_STEP][PASSED] - private_token = access_token: null

2022-03-30 11:04:19 - [TEST_STEP][PASSED] - global_token = private_token: null

2022-03-30 11:04:19 - [TEST_STEP][PASSED] - println("token is :" + global_token): null

2022-03-30 11:04:19 - [TEST_STEP][PASSED] - response_token = token.getResponseText(): null

2022-03-30 11:04:19 - [TEST_STEP][PASSED] - logInfo($response_token): 
            {
                "token_type": "BearerToken",
                "access_token": "XmRsR1zDyQ61gBLQ7VN4CybRCYtB",
                "expires_in": "1799",
                "scope": ""
            }
        

2022-03-30 11:04:19 - [MESSAGE][INFO] - 
            {
                "token_type": "BearerToken",
                "access_token": "XmRsR1zDyQ61gBLQ7VN4CybRCYtB",
                "expires_in": "1799",
                "scope": ""
            }
        

2022-03-30 11:04:19 - [TEST_STEP][PASSED] - feedback = sendRequest(findTestObject("4. Feedback-ins", ["s_key":global_token, "batchid":batchid, "norek":norek, "nopin":nopin, "custname":custname, "pemohon":pemohon, "branchid":branchid, ... ])): Send request successfully

2022-03-30 11:04:20 - [MESSAGE][INFO] - HAR: I:\app-testing\app-project\Order car insurance\order-car-insurance\Reports\20220330_110402\3. Get feedback insurance - Batch 1\20220330_110403\requests\main\7.har

2022-03-30 11:04:20 - [MESSAGE][PASSED] - Send request successfully

2022-03-30 11:04:20 - [TEST_STEP][PASSED] - response_feedback = feedback.getResponseText(): null

2022-03-30 11:04:20 - [TEST_STEP][PASSED] - markPassed("result feedback data : " + no + " norek : " + norek + " nopin : " + nopin): result feedback data : 197 norek : 9566009418 nopin : 001

2022-03-30 11:04:20 - [MESSAGE][PASSED] - result feedback data : 197 norek : 9566009418 nopin : 001

2022-03-30 11:04:20 - [TEST_STEP][PASSED] - logInfo($response_feedback): {
  "FeedbackCarInsuranceResponse" : {
    "errorCode" : "00",
    "errorMessage" : "Sukses"
  }
}

2022-03-30 11:04:20 - [MESSAGE][INFO] - {
  "FeedbackCarInsuranceResponse" : {
    "errorCode" : "00",
    "errorMessage" : "Sukses"
  }
}

2022-03-30 11:04:20 - [TEST_STEP][PASSED] - verifyElementPropertyValue(feedback, "FeedbackCarInsuranceResponse.errorMessage", "Sukses", CONTINUE_ON_FAILURE): Verify element property value successfully

2022-03-30 11:04:20 - [MESSAGE][PASSED] - Verify element property value successfully]]></system-out>
         <system-err><![CDATA[]]></system-err>
      </testcase>
      <testcase name="Test Cases/3. get token - feedback insurance" time="0.878" classname="Test Cases/3. get token - feedback insurance" status="PASSED">
         <system-out><![CDATA[2022-03-30 11:04:21 - [TEST_CASE][PASSED] - Test Cases/3. get token - feedback insurance: Test Cases/3. get token - feedback insurance

2022-03-30 11:04:21 - [TEST_STEP][PASSED] - token = sendRequest(findTestObject("1. Get-Token")): Send request successfully

2022-03-30 11:04:21 - [MESSAGE][INFO] - HAR: I:\app-testing\app-project\Order car insurance\order-car-insurance\Reports\20220330_110402\3. Get feedback insurance - Batch 1\20220330_110403\requests\main\8.har

2022-03-30 11:04:21 - [MESSAGE][PASSED] - Send request successfully

2022-03-30 11:04:21 - [TEST_STEP][PASSED] - slurper = new groovy.json.JsonSlurper(): null

2022-03-30 11:04:21 - [TEST_STEP][PASSED] - get_token = slurper.parseText(token.getResponseBodyContent()): null

2022-03-30 11:04:21 - [TEST_STEP][PASSED] - private_token = access_token: null

2022-03-30 11:04:21 - [TEST_STEP][PASSED] - global_token = private_token: null

2022-03-30 11:04:21 - [TEST_STEP][PASSED] - println("token is :" + global_token): null

2022-03-30 11:04:21 - [TEST_STEP][PASSED] - response_token = token.getResponseText(): null

2022-03-30 11:04:21 - [TEST_STEP][PASSED] - logInfo($response_token): 
            {
                "token_type": "BearerToken",
                "access_token": "wFBvaX1geKO2sGGTXtEZW50XAvsf",
                "expires_in": "1799",
                "scope": ""
            }
        

2022-03-30 11:04:21 - [MESSAGE][INFO] - 
            {
                "token_type": "BearerToken",
                "access_token": "wFBvaX1geKO2sGGTXtEZW50XAvsf",
                "expires_in": "1799",
                "scope": ""
            }
        

2022-03-30 11:04:21 - [TEST_STEP][PASSED] - feedback = sendRequest(findTestObject("4. Feedback-ins", ["s_key":global_token, "batchid":batchid, "norek":norek, "nopin":nopin, "custname":custname, "pemohon":pemohon, "branchid":branchid, ... ])): Send request successfully

2022-03-30 11:04:22 - [MESSAGE][INFO] - HAR: I:\app-testing\app-project\Order car insurance\order-car-insurance\Reports\20220330_110402\3. Get feedback insurance - Batch 1\20220330_110403\requests\main\9.har

2022-03-30 11:04:22 - [MESSAGE][PASSED] - Send request successfully

2022-03-30 11:04:22 - [TEST_STEP][PASSED] - response_feedback = feedback.getResponseText(): null

2022-03-30 11:04:22 - [TEST_STEP][PASSED] - markPassed("result feedback data : " + no + " norek : " + norek + " nopin : " + nopin): result feedback data : 198 norek : 9566009418 nopin : 001

2022-03-30 11:04:22 - [MESSAGE][PASSED] - result feedback data : 198 norek : 9566009418 nopin : 001

2022-03-30 11:04:22 - [TEST_STEP][PASSED] - logInfo($response_feedback): {
  "FeedbackCarInsuranceResponse" : {
    "errorCode" : "00",
    "errorMessage" : "Sukses"
  }
}

2022-03-30 11:04:22 - [MESSAGE][INFO] - {
  "FeedbackCarInsuranceResponse" : {
    "errorCode" : "00",
    "errorMessage" : "Sukses"
  }
}

2022-03-30 11:04:22 - [TEST_STEP][PASSED] - verifyElementPropertyValue(feedback, "FeedbackCarInsuranceResponse.errorMessage", "Sukses", CONTINUE_ON_FAILURE): Verify element property value successfully

2022-03-30 11:04:22 - [MESSAGE][PASSED] - Verify element property value successfully]]></system-out>
         <system-err><![CDATA[]]></system-err>
      </testcase>
      <testcase name="Test Cases/3. get token - feedback insurance" time="0.975" classname="Test Cases/3. get token - feedback insurance" status="PASSED">
         <system-out><![CDATA[2022-03-30 11:04:22 - [TEST_CASE][PASSED] - Test Cases/3. get token - feedback insurance: Test Cases/3. get token - feedback insurance

2022-03-30 11:04:22 - [TEST_STEP][PASSED] - token = sendRequest(findTestObject("1. Get-Token")): Send request successfully

2022-03-30 11:04:22 - [MESSAGE][INFO] - HAR: I:\app-testing\app-project\Order car insurance\order-car-insurance\Reports\20220330_110402\3. Get feedback insurance - Batch 1\20220330_110403\requests\main\10.har

2022-03-30 11:04:22 - [MESSAGE][PASSED] - Send request successfully

2022-03-30 11:04:22 - [TEST_STEP][PASSED] - slurper = new groovy.json.JsonSlurper(): null

2022-03-30 11:04:22 - [TEST_STEP][PASSED] - get_token = slurper.parseText(token.getResponseBodyContent()): null

2022-03-30 11:04:22 - [TEST_STEP][PASSED] - private_token = access_token: null

2022-03-30 11:04:22 - [TEST_STEP][PASSED] - global_token = private_token: null

2022-03-30 11:04:22 - [TEST_STEP][PASSED] - println("token is :" + global_token): null

2022-03-30 11:04:22 - [TEST_STEP][PASSED] - response_token = token.getResponseText(): null

2022-03-30 11:04:22 - [TEST_STEP][PASSED] - logInfo($response_token): 
            {
                "token_type": "BearerToken",
                "access_token": "tG30xHF2cpioKyMC5nE7adP8VkVZ",
                "expires_in": "1799",
                "scope": ""
            }
        

2022-03-30 11:04:22 - [MESSAGE][INFO] - 
            {
                "token_type": "BearerToken",
                "access_token": "tG30xHF2cpioKyMC5nE7adP8VkVZ",
                "expires_in": "1799",
                "scope": ""
            }
        

2022-03-30 11:04:22 - [TEST_STEP][PASSED] - feedback = sendRequest(findTestObject("4. Feedback-ins", ["s_key":global_token, "batchid":batchid, "norek":norek, "nopin":nopin, "custname":custname, "pemohon":pemohon, "branchid":branchid, ... ])): Send request successfully

2022-03-30 11:04:23 - [MESSAGE][INFO] - HAR: I:\app-testing\app-project\Order car insurance\order-car-insurance\Reports\20220330_110402\3. Get feedback insurance - Batch 1\20220330_110403\requests\main\11.har

2022-03-30 11:04:23 - [MESSAGE][PASSED] - Send request successfully

2022-03-30 11:04:23 - [TEST_STEP][PASSED] - response_feedback = feedback.getResponseText(): null

2022-03-30 11:04:23 - [TEST_STEP][PASSED] - markPassed("result feedback data : " + no + " norek : " + norek + " nopin : " + nopin): result feedback data : 199 norek : 9566009418 nopin : 001

2022-03-30 11:04:23 - [MESSAGE][PASSED] - result feedback data : 199 norek : 9566009418 nopin : 001

2022-03-30 11:04:23 - [TEST_STEP][PASSED] - logInfo($response_feedback): {
  "FeedbackCarInsuranceResponse" : {
    "errorCode" : "00",
    "errorMessage" : "Sukses"
  }
}

2022-03-30 11:04:23 - [MESSAGE][INFO] - {
  "FeedbackCarInsuranceResponse" : {
    "errorCode" : "00",
    "errorMessage" : "Sukses"
  }
}

2022-03-30 11:04:23 - [TEST_STEP][PASSED] - verifyElementPropertyValue(feedback, "FeedbackCarInsuranceResponse.errorMessage", "Sukses", CONTINUE_ON_FAILURE): Verify element property value successfully

2022-03-30 11:04:23 - [MESSAGE][PASSED] - Verify element property value successfully]]></system-out>
         <system-err><![CDATA[]]></system-err>
      </testcase>
      <system-out><![CDATA[2022-03-30 11:04:12 - [TEST_SUITE][PASSED] - 3. Get feedback insurance - Batch 1: Test Cases/3. get token - feedback insurance]]></system-out>
      <system-err><![CDATA[]]></system-err>
   </testsuite>
</testsuites>
