<?xml version="1.0" encoding="UTF-8"?>
<testsuites name="3. Get feedback insurance - Batch 1" time="1624.361" tests="303" failures="15" errors="0">
   <testsuite name="3. Get feedback insurance - Batch 1" tests="303" failures="15" errors="0" time="1624.361" skipped="0" timestamp="2022-03-29 21:58:31" hostname="Flavalize - DESKTOP-3CQ5RDT" id="Test Suites/3. Get feedback insurance - Batch 1">
      <properties>
         <property name="deviceName" value=""/>
         <property name="devicePlatform" value=""/>
         <property name="logFolder" value="I:\\app-testing\\app-project\\Order car insurance\\order-car-insurance\\Reports\\20220329_215823\\3. Get feedback insurance - Batch 1\\20220329_215824"/>
         <property name="logFiles" value="I:\\app-testing\\app-project\\Order car insurance\\order-car-insurance\\Reports\\20220329_215823\\3. Get feedback insurance - Batch 1\\20220329_215824\\execution1.log, I:\\app-testing\\app-project\\Order car insurance\\order-car-insurance\\Reports\\20220329_215823\\3. Get feedback insurance - Batch 1\\20220329_215824\\execution0.log"/>
         <property name="attachments" value=""/>
         <property name="hostName" value="Flavalize - DESKTOP-3CQ5RDT"/>
         <property name="hostAddress" value="192.168.1.6"/>
         <property name="os" value="Windows 10 64bit"/>
         <property name="katalonVersion" value="8.2.0.208"/>
      </properties>
      <testcase name="Test Cases/3. get token - feedback insurance" time="5.928" classname="Test Cases/3. get token - feedback insurance" status="PASSED">
         <system-out><![CDATA[2022-03-29 21:58:32 - [TEST_CASE][PASSED] - Test Cases/3. get token - feedback insurance: Test Cases/3. get token - feedback insurance

2022-03-29 21:58:32 - [TEST_STEP][PASSED] - token = sendRequest(findTestObject("1. Get-Token")): Send request successfully

2022-03-29 21:58:33 - [MESSAGE][INFO] - HAR: I:\app-testing\app-project\Order car insurance\order-car-insurance\Reports\20220329_215823\3. Get feedback insurance - Batch 1\20220329_215824\requests\main\0.har

2022-03-29 21:58:34 - [MESSAGE][PASSED] - Send request successfully

2022-03-29 21:58:34 - [TEST_STEP][PASSED] - slurper = new groovy.json.JsonSlurper(): null

2022-03-29 21:58:34 - [TEST_STEP][PASSED] - get_token = slurper.parseText(token.getResponseBodyContent()): null

2022-03-29 21:58:34 - [TEST_STEP][PASSED] - private_token = access_token: null

2022-03-29 21:58:34 - [TEST_STEP][PASSED] - global_token = private_token: null

2022-03-29 21:58:34 - [TEST_STEP][PASSED] - println("token is :" + global_token): null

2022-03-29 21:58:34 - [TEST_STEP][PASSED] - response_token = token.getResponseText(): null

2022-03-29 21:58:34 - [TEST_STEP][PASSED] - logInfo($response_token): 
            {
                "token_type": "BearerToken",
                "access_token": "RaABVObVUVB5neEWVy8O1mAEF1D8",
                "expires_in": "1799",
                "scope": ""
            }
        

2022-03-29 21:58:34 - [MESSAGE][INFO] - 
            {
                "token_type": "BearerToken",
                "access_token": "RaABVObVUVB5neEWVy8O1mAEF1D8",
                "expires_in": "1799",
                "scope": ""
            }
        

2022-03-29 21:58:34 - [TEST_STEP][PASSED] - feedback = sendRequest(findTestObject("4. Feedback-ins", ["s_key":global_token, "batchid":batchid, "norek":norek, "nopin":nopin, "custname":custname, "pemohon":pemohon, "branchid":branchid, ... ])): Send request successfully

2022-03-29 21:58:37 - [MESSAGE][INFO] - HAR: I:\app-testing\app-project\Order car insurance\order-car-insurance\Reports\20220329_215823\3. Get feedback insurance - Batch 1\20220329_215824\requests\main\1.har

2022-03-29 21:58:37 - [MESSAGE][PASSED] - Send request successfully

2022-03-29 21:58:37 - [TEST_STEP][PASSED] - response_feedback = feedback.getResponseText(): null

2022-03-29 21:58:37 - [TEST_STEP][PASSED] - markPassed("result feedback data : " + no + " norek : " + norek + " nopin : " + nopin): result feedback data : 10 norek : 1141013303 nopin : 001

2022-03-29 21:58:37 - [MESSAGE][PASSED] - result feedback data : 10 norek : 1141013303 nopin : 001

2022-03-29 21:58:37 - [TEST_STEP][PASSED] - logInfo($response_feedback): {
  "FeedbackCarInsuranceResponse" : {
    "errorCode" : "00",
    "errorMessage" : "Sukses"
  }
}

2022-03-29 21:58:37 - [MESSAGE][INFO] - {
  "FeedbackCarInsuranceResponse" : {
    "errorCode" : "00",
    "errorMessage" : "Sukses"
  }
}

2022-03-29 21:58:37 - [TEST_STEP][PASSED] - verifyElementPropertyValue(feedback, "FeedbackCarInsuranceResponse.errorMessage", "Sukses", CONTINUE_ON_FAILURE): Verify element property value successfully

2022-03-29 21:58:38 - [MESSAGE][PASSED] - Verify element property value successfully]]></system-out>
         <system-err><![CDATA[]]></system-err>
      </testcase>
      <testcase name="Test Cases/3. get token - feedback insurance" time="1.316" classname="Test Cases/3. get token - feedback insurance" status="PASSED">
         <system-out><![CDATA[2022-03-29 21:58:38 - [TEST_CASE][PASSED] - Test Cases/3. get token - feedback insurance: Test Cases/3. get token - feedback insurance

2022-03-29 21:58:38 - [TEST_STEP][PASSED] - token = sendRequest(findTestObject("1. Get-Token")): Send request successfully

2022-03-29 21:58:38 - [MESSAGE][INFO] - HAR: I:\app-testing\app-project\Order car insurance\order-car-insurance\Reports\20220329_215823\3. Get feedback insurance - Batch 1\20220329_215824\requests\main\2.har

2022-03-29 21:58:38 - [MESSAGE][PASSED] - Send request successfully

2022-03-29 21:58:38 - [TEST_STEP][PASSED] - slurper = new groovy.json.JsonSlurper(): null

2022-03-29 21:58:38 - [TEST_STEP][PASSED] - get_token = slurper.parseText(token.getResponseBodyContent()): null

2022-03-29 21:58:38 - [TEST_STEP][PASSED] - private_token = access_token: null

2022-03-29 21:58:38 - [TEST_STEP][PASSED] - global_token = private_token: null

2022-03-29 21:58:38 - [TEST_STEP][PASSED] - println("token is :" + global_token): null

2022-03-29 21:58:38 - [TEST_STEP][PASSED] - response_token = token.getResponseText(): null

2022-03-29 21:58:38 - [TEST_STEP][PASSED] - logInfo($response_token): 
            {
                "token_type": "BearerToken",
                "access_token": "AqCPvbjwrDVVJ7PmtdD2hQGO46CN",
                "expires_in": "1799",
                "scope": ""
            }
        

2022-03-29 21:58:38 - [MESSAGE][INFO] - 
            {
                "token_type": "BearerToken",
                "access_token": "AqCPvbjwrDVVJ7PmtdD2hQGO46CN",
                "expires_in": "1799",
                "scope": ""
            }
        

2022-03-29 21:58:38 - [TEST_STEP][PASSED] - feedback = sendRequest(findTestObject("4. Feedback-ins", ["s_key":global_token, "batchid":batchid, "norek":norek, "nopin":nopin, "custname":custname, "pemohon":pemohon, "branchid":branchid, ... ])): Send request successfully

2022-03-29 21:58:39 - [MESSAGE][INFO] - HAR: I:\app-testing\app-project\Order car insurance\order-car-insurance\Reports\20220329_215823\3. Get feedback insurance - Batch 1\20220329_215824\requests\main\3.har

2022-03-29 21:58:39 - [MESSAGE][PASSED] - Send request successfully

2022-03-29 21:58:39 - [TEST_STEP][PASSED] - response_feedback = feedback.getResponseText(): null

2022-03-29 21:58:39 - [TEST_STEP][PASSED] - markPassed("result feedback data : " + no + " norek : " + norek + " nopin : " + nopin): result feedback data : 11 norek : 1141013303 nopin : 001

2022-03-29 21:58:39 - [MESSAGE][PASSED] - result feedback data : 11 norek : 1141013303 nopin : 001

2022-03-29 21:58:39 - [TEST_STEP][PASSED] - logInfo($response_feedback): {
  "FeedbackCarInsuranceResponse" : {
    "errorCode" : "00",
    "errorMessage" : "Sukses"
  }
}

2022-03-29 21:58:39 - [MESSAGE][INFO] - {
  "FeedbackCarInsuranceResponse" : {
    "errorCode" : "00",
    "errorMessage" : "Sukses"
  }
}

2022-03-29 21:58:39 - [TEST_STEP][PASSED] - verifyElementPropertyValue(feedback, "FeedbackCarInsuranceResponse.errorMessage", "Sukses", CONTINUE_ON_FAILURE): Verify element property value successfully

2022-03-29 21:58:39 - [MESSAGE][PASSED] - Verify element property value successfully]]></system-out>
         <system-err><![CDATA[]]></system-err>
      </testcase>
      <testcase name="Test Cases/3. get token - feedback insurance" time="1.228" classname="Test Cases/3. get token - feedback insurance" status="PASSED">
         <system-out><![CDATA[2022-03-29 21:58:40 - [TEST_CASE][PASSED] - Test Cases/3. get token - feedback insurance: Test Cases/3. get token - feedback insurance

2022-03-29 21:58:40 - [TEST_STEP][PASSED] - token = sendRequest(findTestObject("1. Get-Token")): Send request successfully

2022-03-29 21:58:40 - [MESSAGE][INFO] - HAR: I:\app-testing\app-project\Order car insurance\order-car-insurance\Reports\20220329_215823\3. Get feedback insurance - Batch 1\20220329_215824\requests\main\4.har

2022-03-29 21:58:40 - [MESSAGE][PASSED] - Send request successfully

2022-03-29 21:58:40 - [TEST_STEP][PASSED] - slurper = new groovy.json.JsonSlurper(): null

2022-03-29 21:58:40 - [TEST_STEP][PASSED] - get_token = slurper.parseText(token.getResponseBodyContent()): null

2022-03-29 21:58:40 - [TEST_STEP][PASSED] - private_token = access_token: null

2022-03-29 21:58:40 - [TEST_STEP][PASSED] - global_token = private_token: null

2022-03-29 21:58:40 - [TEST_STEP][PASSED] - println("token is :" + global_token): null

2022-03-29 21:58:40 - [TEST_STEP][PASSED] - response_token = token.getResponseText(): null

2022-03-29 21:58:40 - [TEST_STEP][PASSED] - logInfo($response_token): 
            {
                "token_type": "BearerToken",
                "access_token": "4RG1OdyRTYK8FTETGZWfNHGTfMwt",
                "expires_in": "1799",
                "scope": ""
            }
        

2022-03-29 21:58:40 - [MESSAGE][INFO] - 
            {
                "token_type": "BearerToken",
                "access_token": "4RG1OdyRTYK8FTETGZWfNHGTfMwt",
                "expires_in": "1799",
                "scope": ""
            }
        

2022-03-29 21:58:40 - [TEST_STEP][PASSED] - feedback = sendRequest(findTestObject("4. Feedback-ins", ["s_key":global_token, "batchid":batchid, "norek":norek, "nopin":nopin, "custname":custname, "pemohon":pemohon, "branchid":branchid, ... ])): Send request successfully

2022-03-29 21:58:41 - [MESSAGE][INFO] - HAR: I:\app-testing\app-project\Order car insurance\order-car-insurance\Reports\20220329_215823\3. Get feedback insurance - Batch 1\20220329_215824\requests\main\5.har

2022-03-29 21:58:41 - [MESSAGE][PASSED] - Send request successfully

2022-03-29 21:58:41 - [TEST_STEP][PASSED] - response_feedback = feedback.getResponseText(): null

2022-03-29 21:58:41 - [TEST_STEP][PASSED] - markPassed("result feedback data : " + no + " norek : " + norek + " nopin : " + nopin): result feedback data : 12 norek : 1141013303 nopin : 001

2022-03-29 21:58:41 - [MESSAGE][PASSED] - result feedback data : 12 norek : 1141013303 nopin : 001

2022-03-29 21:58:41 - [TEST_STEP][PASSED] - logInfo($response_feedback): {
  "FeedbackCarInsuranceResponse" : {
    "errorCode" : "00",
    "errorMessage" : "Sukses"
  }
}

2022-03-29 21:58:41 - [MESSAGE][INFO] - {
  "FeedbackCarInsuranceResponse" : {
    "errorCode" : "00",
    "errorMessage" : "Sukses"
  }
}

2022-03-29 21:58:41 - [TEST_STEP][PASSED] - verifyElementPropertyValue(feedback, "FeedbackCarInsuranceResponse.errorMessage", "Sukses", CONTINUE_ON_FAILURE): Verify element property value successfully

2022-03-29 21:58:41 - [MESSAGE][PASSED] - Verify element property value successfully]]></system-out>
         <system-err><![CDATA[]]></system-err>
      </testcase>
      <testcase name="Test Cases/3. get token - feedback insurance" time="1.716" classname="Test Cases/3. get token - feedback insurance" status="PASSED">
         <system-out><![CDATA[2022-03-29 21:58:41 - [TEST_CASE][PASSED] - Test Cases/3. get token - feedback insurance: Test Cases/3. get token - feedback insurance

2022-03-29 21:58:41 - [TEST_STEP][PASSED] - token = sendRequest(findTestObject("1. Get-Token")): Send request successfully

2022-03-29 21:58:42 - [MESSAGE][INFO] - HAR: I:\app-testing\app-project\Order car insurance\order-car-insurance\Reports\20220329_215823\3. Get feedback insurance - Batch 1\20220329_215824\requests\main\6.har

2022-03-29 21:58:42 - [MESSAGE][PASSED] - Send request successfully

2022-03-29 21:58:42 - [TEST_STEP][PASSED] - slurper = new groovy.json.JsonSlurper(): null

2022-03-29 21:58:42 - [TEST_STEP][PASSED] - get_token = slurper.parseText(token.getResponseBodyContent()): null

2022-03-29 21:58:42 - [TEST_STEP][PASSED] - private_token = access_token: null

2022-03-29 21:58:42 - [TEST_STEP][PASSED] - global_token = private_token: null

2022-03-29 21:58:42 - [TEST_STEP][PASSED] - println("token is :" + global_token): null

2022-03-29 21:58:42 - [TEST_STEP][PASSED] - response_token = token.getResponseText(): null

2022-03-29 21:58:42 - [TEST_STEP][PASSED] - logInfo($response_token): 
            {
                "token_type": "BearerToken",
                "access_token": "IVIyEnvtsAODQI71n7KJFGlDY62y",
                "expires_in": "1799",
                "scope": ""
            }
        

2022-03-29 21:58:42 - [MESSAGE][INFO] - 
            {
                "token_type": "BearerToken",
                "access_token": "IVIyEnvtsAODQI71n7KJFGlDY62y",
                "expires_in": "1799",
                "scope": ""
            }
        

2022-03-29 21:58:42 - [TEST_STEP][PASSED] - feedback = sendRequest(findTestObject("4. Feedback-ins", ["s_key":global_token, "batchid":batchid, "norek":norek, "nopin":nopin, "custname":custname, "pemohon":pemohon, "branchid":branchid, ... ])): Send request successfully

2022-03-29 21:58:43 - [MESSAGE][INFO] - HAR: I:\app-testing\app-project\Order car insurance\order-car-insurance\Reports\20220329_215823\3. Get feedback insurance - Batch 1\20220329_215824\requests\main\7.har

2022-03-29 21:58:43 - [MESSAGE][PASSED] - Send request successfully

2022-03-29 21:58:43 - [TEST_STEP][PASSED] - response_feedback = feedback.getResponseText(): null

2022-03-29 21:58:43 - [TEST_STEP][PASSED] - markPassed("result feedback data : " + no + " norek : " + norek + " nopin : " + nopin): result feedback data : 13 norek : 1141013309 nopin : 001

2022-03-29 21:58:43 - [MESSAGE][PASSED] - result feedback data : 13 norek : 1141013309 nopin : 001

2022-03-29 21:58:43 - [TEST_STEP][PASSED] - logInfo($response_feedback): {
  "FeedbackCarInsuranceResponse" : {
    "errorCode" : "00",
    "errorMessage" : "Sukses"
  }
}

2022-03-29 21:58:43 - [MESSAGE][INFO] - {
  "FeedbackCarInsuranceResponse" : {
    "errorCode" : "00",
    "errorMessage" : "Sukses"
  }
}

2022-03-29 21:58:43 - [TEST_STEP][PASSED] - verifyElementPropertyValue(feedback, "FeedbackCarInsuranceResponse.errorMessage", "Sukses", CONTINUE_ON_FAILURE): Verify element property value successfully

2022-03-29 21:58:43 - [MESSAGE][PASSED] - Verify element property value successfully]]></system-out>
         <system-err><![CDATA[]]></system-err>
      </testcase>
      <testcase name="Test Cases/3. get token - feedback insurance" time="1.106" classname="Test Cases/3. get token - feedback insurance" status="PASSED">
         <system-out><![CDATA[2022-03-29 21:58:43 - [TEST_CASE][PASSED] - Test Cases/3. get token - feedback insurance: Test Cases/3. get token - feedback insurance

2022-03-29 21:58:43 - [TEST_STEP][PASSED] - token = sendRequest(findTestObject("1. Get-Token")): Send request successfully

2022-03-29 21:58:44 - [MESSAGE][INFO] - HAR: I:\app-testing\app-project\Order car insurance\order-car-insurance\Reports\20220329_215823\3. Get feedback insurance - Batch 1\20220329_215824\requests\main\8.har

2022-03-29 21:58:44 - [MESSAGE][PASSED] - Send request successfully

2022-03-29 21:58:44 - [TEST_STEP][PASSED] - slurper = new groovy.json.JsonSlurper(): null

2022-03-29 21:58:44 - [TEST_STEP][PASSED] - get_token = slurper.parseText(token.getResponseBodyContent()): null

2022-03-29 21:58:44 - [TEST_STEP][PASSED] - private_token = access_token: null

2022-03-29 21:58:44 - [TEST_STEP][PASSED] - global_token = private_token: null

2022-03-29 21:58:44 - [TEST_STEP][PASSED] - println("token is :" + global_token): null

2022-03-29 21:58:44 - [TEST_STEP][PASSED] - response_token = token.getResponseText(): null

2022-03-29 21:58:44 - [TEST_STEP][PASSED] - logInfo($response_token): 
            {
                "token_type": "BearerToken",
                "access_token": "IGd3ICrckDC89NtjkLaJOm0368ju",
                "expires_in": "1799",
                "scope": ""
            }
        

2022-03-29 21:58:44 - [MESSAGE][INFO] - 
            {
                "token_type": "BearerToken",
                "access_token": "IGd3ICrckDC89NtjkLaJOm0368ju",
                "expires_in": "1799",
                "scope": ""
            }
        

2022-03-29 21:58:44 - [TEST_STEP][PASSED] - feedback = sendRequest(findTestObject("4. Feedback-ins", ["s_key":global_token, "batchid":batchid, "norek":norek, "nopin":nopin, "custname":custname, "pemohon":pemohon, "branchid":branchid, ... ])): Send request successfully

2022-03-29 21:58:44 - [MESSAGE][INFO] - HAR: I:\app-testing\app-project\Order car insurance\order-car-insurance\Reports\20220329_215823\3. Get feedback insurance - Batch 1\20220329_215824\requests\main\9.har

2022-03-29 21:58:44 - [MESSAGE][PASSED] - Send request successfully

2022-03-29 21:58:44 - [TEST_STEP][PASSED] - response_feedback = feedback.getResponseText(): null

2022-03-29 21:58:44 - [TEST_STEP][PASSED] - markPassed("result feedback data : " + no + " norek : " + norek + " nopin : " + nopin): result feedback data : 14 norek : 1141013309 nopin : 001

2022-03-29 21:58:44 - [MESSAGE][PASSED] - result feedback data : 14 norek : 1141013309 nopin : 001

2022-03-29 21:58:44 - [TEST_STEP][PASSED] - logInfo($response_feedback): {
  "FeedbackCarInsuranceResponse" : {
    "errorCode" : "00",
    "errorMessage" : "Sukses"
  }
}

2022-03-29 21:58:44 - [MESSAGE][INFO] - {
  "FeedbackCarInsuranceResponse" : {
    "errorCode" : "00",
    "errorMessage" : "Sukses"
  }
}

2022-03-29 21:58:44 - [TEST_STEP][PASSED] - verifyElementPropertyValue(feedback, "FeedbackCarInsuranceResponse.errorMessage", "Sukses", CONTINUE_ON_FAILURE): Verify element property value successfully

2022-03-29 21:58:45 - [MESSAGE][PASSED] - Verify element property value successfully]]></system-out>
         <system-err><![CDATA[]]></system-err>
      </testcase>
      <testcase name="Test Cases/3. get token - feedback insurance" time="1.177" classname="Test Cases/3. get token - feedback insurance" status="PASSED">
         <system-out><![CDATA[2022-03-29 21:58:45 - [TEST_CASE][PASSED] - Test Cases/3. get token - feedback insurance: Test Cases/3. get token - feedback insurance

2022-03-29 21:58:45 - [TEST_STEP][PASSED] - token = sendRequest(findTestObject("1. Get-Token")): Send request successfully

2022-03-29 21:58:45 - [MESSAGE][INFO] - HAR: I:\app-testing\app-project\Order car insurance\order-car-insurance\Reports\20220329_215823\3. Get feedback insurance - Batch 1\20220329_215824\requests\main\10.har

2022-03-29 21:58:45 - [MESSAGE][PASSED] - Send request successfully

2022-03-29 21:58:45 - [TEST_STEP][PASSED] - slurper = new groovy.json.JsonSlurper(): null

2022-03-29 21:58:45 - [TEST_STEP][PASSED] - get_token = slurper.parseText(token.getResponseBodyContent()): null

2022-03-29 21:58:45 - [TEST_STEP][PASSED] - private_token = access_token: null

2022-03-29 21:58:45 - [TEST_STEP][PASSED] - global_token = private_token: null

2022-03-29 21:58:45 - [TEST_STEP][PASSED] - println("token is :" + global_token): null

2022-03-29 21:58:45 - [TEST_STEP][PASSED] - response_token = token.getResponseText(): null

2022-03-29 21:58:45 - [TEST_STEP][PASSED] - logInfo($response_token): 
            {
                "token_type": "BearerToken",
                "access_token": "Me85pGG6XuseU7OGbBcE9RGXhFaL",
                "expires_in": "1799",
                "scope": ""
            }
        

2022-03-29 21:58:45 - [MESSAGE][INFO] - 
            {
                "token_type": "BearerToken",
                "access_token": "Me85pGG6XuseU7OGbBcE9RGXhFaL",
                "expires_in": "1799",
                "scope": ""
            }
        

2022-03-29 21:58:45 - [TEST_STEP][PASSED] - feedback = sendRequest(findTestObject("4. Feedback-ins", ["s_key":global_token, "batchid":batchid, "norek":norek, "nopin":nopin, "custname":custname, "pemohon":pemohon, "branchid":branchid, ... ])): Send request successfully

2022-03-29 21:58:46 - [MESSAGE][INFO] - HAR: I:\app-testing\app-project\Order car insurance\order-car-insurance\Reports\20220329_215823\3. Get feedback insurance - Batch 1\20220329_215824\requests\main\11.har

2022-03-29 21:58:46 - [MESSAGE][PASSED] - Send request successfully

2022-03-29 21:58:46 - [TEST_STEP][PASSED] - response_feedback = feedback.getResponseText(): null

2022-03-29 21:58:46 - [TEST_STEP][PASSED] - markPassed("result feedback data : " + no + " norek : " + norek + " nopin : " + nopin): result feedback data : 15 norek : 1141013309 nopin : 001

2022-03-29 21:58:46 - [MESSAGE][PASSED] - result feedback data : 15 norek : 1141013309 nopin : 001

2022-03-29 21:58:46 - [TEST_STEP][PASSED] - logInfo($response_feedback): {
  "FeedbackCarInsuranceResponse" : {
    "errorCode" : "00",
    "errorMessage" : "Sukses"
  }
}

2022-03-29 21:58:46 - [MESSAGE][INFO] - {
  "FeedbackCarInsuranceResponse" : {
    "errorCode" : "00",
    "errorMessage" : "Sukses"
  }
}

2022-03-29 21:58:46 - [TEST_STEP][PASSED] - verifyElementPropertyValue(feedback, "FeedbackCarInsuranceResponse.errorMessage", "Sukses", CONTINUE_ON_FAILURE): Verify element property value successfully

2022-03-29 21:58:46 - [MESSAGE][PASSED] - Verify element property value successfully]]></system-out>
         <system-err><![CDATA[]]></system-err>
      </testcase>
      <testcase name="Test Cases/3. get token - feedback insurance" time="1.055" classname="Test Cases/3. get token - feedback insurance" status="PASSED">
         <system-out><![CDATA[2022-03-29 21:58:46 - [TEST_CASE][PASSED] - Test Cases/3. get token - feedback insurance: Test Cases/3. get token - feedback insurance

2022-03-29 21:58:47 - [TEST_STEP][PASSED] - token = sendRequest(findTestObject("1. Get-Token")): Send request successfully

2022-03-29 21:58:47 - [MESSAGE][INFO] - HAR: I:\app-testing\app-project\Order car insurance\order-car-insurance\Reports\20220329_215823\3. Get feedback insurance - Batch 1\20220329_215824\requests\main\12.har

2022-03-29 21:58:47 - [MESSAGE][PASSED] - Send request successfully

2022-03-29 21:58:47 - [TEST_STEP][PASSED] - slurper = new groovy.json.JsonSlurper(): null

2022-03-29 21:58:47 - [TEST_STEP][PASSED] - get_token = slurper.parseText(token.getResponseBodyContent()): null

2022-03-29 21:58:47 - [TEST_STEP][PASSED] - private_token = access_token: null

2022-03-29 21:58:47 - [TEST_STEP][PASSED] - global_token = private_token: null

2022-03-29 21:58:47 - [TEST_STEP][PASSED] - println("token is :" + global_token): null

2022-03-29 21:58:47 - [TEST_STEP][PASSED] - response_token = token.getResponseText(): null

2022-03-29 21:58:47 - [TEST_STEP][PASSED] - logInfo($response_token): 
            {
                "token_type": "BearerToken",
                "access_token": "cE22wwAqudCH8XMxkmSN8A4Ji7AM",
                "expires_in": "1799",
                "scope": ""
            }
        

2022-03-29 21:58:47 - [MESSAGE][INFO] - 
            {
                "token_type": "BearerToken",
                "access_token": "cE22wwAqudCH8XMxkmSN8A4Ji7AM",
                "expires_in": "1799",
                "scope": ""
            }
        

2022-03-29 21:58:47 - [TEST_STEP][PASSED] - feedback = sendRequest(findTestObject("4. Feedback-ins", ["s_key":global_token, "batchid":batchid, "norek":norek, "nopin":nopin, "custname":custname, "pemohon":pemohon, "branchid":branchid, ... ])): Send request successfully

2022-03-29 21:58:48 - [MESSAGE][INFO] - HAR: I:\app-testing\app-project\Order car insurance\order-car-insurance\Reports\20220329_215823\3. Get feedback insurance - Batch 1\20220329_215824\requests\main\13.har

2022-03-29 21:58:48 - [MESSAGE][PASSED] - Send request successfully

2022-03-29 21:58:48 - [TEST_STEP][PASSED] - response_feedback = feedback.getResponseText(): null

2022-03-29 21:58:48 - [TEST_STEP][PASSED] - markPassed("result feedback data : " + no + " norek : " + norek + " nopin : " + nopin): result feedback data : 16 norek : 1141013309 nopin : 001

2022-03-29 21:58:48 - [MESSAGE][PASSED] - result feedback data : 16 norek : 1141013309 nopin : 001

2022-03-29 21:58:48 - [TEST_STEP][PASSED] - logInfo($response_feedback): {
  "FeedbackCarInsuranceResponse" : {
    "errorCode" : "00",
    "errorMessage" : "Sukses"
  }
}

2022-03-29 21:58:48 - [MESSAGE][INFO] - {
  "FeedbackCarInsuranceResponse" : {
    "errorCode" : "00",
    "errorMessage" : "Sukses"
  }
}

2022-03-29 21:58:48 - [TEST_STEP][PASSED] - verifyElementPropertyValue(feedback, "FeedbackCarInsuranceResponse.errorMessage", "Sukses", CONTINUE_ON_FAILURE): Verify element property value successfully

2022-03-29 21:58:48 - [MESSAGE][PASSED] - Verify element property value successfully]]></system-out>
         <system-err><![CDATA[]]></system-err>
      </testcase>
      <testcase name="Test Cases/3. get token - feedback insurance" time="1.3" classname="Test Cases/3. get token - feedback insurance" status="PASSED">
         <system-out><![CDATA[2022-03-29 21:58:48 - [TEST_CASE][PASSED] - Test Cases/3. get token - feedback insurance: Test Cases/3. get token - feedback insurance

2022-03-29 21:58:48 - [TEST_STEP][PASSED] - token = sendRequest(findTestObject("1. Get-Token")): Send request successfully

2022-03-29 21:58:48 - [MESSAGE][INFO] - HAR: I:\app-testing\app-project\Order car insurance\order-car-insurance\Reports\20220329_215823\3. Get feedback insurance - Batch 1\20220329_215824\requests\main\14.har

2022-03-29 21:58:48 - [MESSAGE][PASSED] - Send request successfully

2022-03-29 21:58:48 - [TEST_STEP][PASSED] - slurper = new groovy.json.JsonSlurper(): null

2022-03-29 21:58:48 - [TEST_STEP][PASSED] - get_token = slurper.parseText(token.getResponseBodyContent()): null

2022-03-29 21:58:48 - [TEST_STEP][PASSED] - private_token = access_token: null

2022-03-29 21:58:48 - [TEST_STEP][PASSED] - global_token = private_token: null

2022-03-29 21:58:48 - [TEST_STEP][PASSED] - println("token is :" + global_token): null

2022-03-29 21:58:48 - [TEST_STEP][PASSED] - response_token = token.getResponseText(): null

2022-03-29 21:58:48 - [TEST_STEP][PASSED] - logInfo($response_token): 
            {
                "token_type": "BearerToken",
                "access_token": "kdqANhBfD9CeNDqv8GXD1dq1APVW",
                "expires_in": "1799",
                "scope": ""
            }
        

2022-03-29 21:58:48 - [MESSAGE][INFO] - 
            {
                "token_type": "BearerToken",
                "access_token": "kdqANhBfD9CeNDqv8GXD1dq1APVW",
                "expires_in": "1799",
                "scope": ""
            }
        

2022-03-29 21:58:48 - [TEST_STEP][PASSED] - feedback = sendRequest(findTestObject("4. Feedback-ins", ["s_key":global_token, "batchid":batchid, "norek":norek, "nopin":nopin, "custname":custname, "pemohon":pemohon, "branchid":branchid, ... ])): Send request successfully

2022-03-29 21:58:49 - [MESSAGE][INFO] - HAR: I:\app-testing\app-project\Order car insurance\order-car-insurance\Reports\20220329_215823\3. Get feedback insurance - Batch 1\20220329_215824\requests\main\15.har

2022-03-29 21:58:49 - [MESSAGE][PASSED] - Send request successfully

2022-03-29 21:58:49 - [TEST_STEP][PASSED] - response_feedback = feedback.getResponseText(): null

2022-03-29 21:58:49 - [TEST_STEP][PASSED] - markPassed("result feedback data : " + no + " norek : " + norek + " nopin : " + nopin): result feedback data : 17 norek : 1141013309 nopin : 001

2022-03-29 21:58:49 - [MESSAGE][PASSED] - result feedback data : 17 norek : 1141013309 nopin : 001

2022-03-29 21:58:49 - [TEST_STEP][PASSED] - logInfo($response_feedback): {
  "FeedbackCarInsuranceResponse" : {
    "errorCode" : "00",
    "errorMessage" : "Sukses"
  }
}

2022-03-29 21:58:49 - [MESSAGE][INFO] - {
  "FeedbackCarInsuranceResponse" : {
    "errorCode" : "00",
    "errorMessage" : "Sukses"
  }
}

2022-03-29 21:58:49 - [TEST_STEP][PASSED] - verifyElementPropertyValue(feedback, "FeedbackCarInsuranceResponse.errorMessage", "Sukses", CONTINUE_ON_FAILURE): Verify element property value successfully

2022-03-29 21:58:49 - [MESSAGE][PASSED] - Verify element property value successfully]]></system-out>
         <system-err><![CDATA[]]></system-err>
      </testcase>
      <testcase name="Test Cases/3. get token - feedback insurance" time="1.233" classname="Test Cases/3. get token - feedback insurance" status="PASSED">
         <system-out><![CDATA[2022-03-29 21:58:50 - [TEST_CASE][PASSED] - Test Cases/3. get token - feedback insurance: Test Cases/3. get token - feedback insurance

2022-03-29 21:58:50 - [TEST_STEP][PASSED] - token = sendRequest(findTestObject("1. Get-Token")): Send request successfully

2022-03-29 21:58:50 - [MESSAGE][INFO] - HAR: I:\app-testing\app-project\Order car insurance\order-car-insurance\Reports\20220329_215823\3. Get feedback insurance - Batch 1\20220329_215824\requests\main\16.har

2022-03-29 21:58:50 - [MESSAGE][PASSED] - Send request successfully

2022-03-29 21:58:50 - [TEST_STEP][PASSED] - slurper = new groovy.json.JsonSlurper(): null

2022-03-29 21:58:50 - [TEST_STEP][PASSED] - get_token = slurper.parseText(token.getResponseBodyContent()): null

2022-03-29 21:58:50 - [TEST_STEP][PASSED] - private_token = access_token: null

2022-03-29 21:58:50 - [TEST_STEP][PASSED] - global_token = private_token: null

2022-03-29 21:58:50 - [TEST_STEP][PASSED] - println("token is :" + global_token): null

2022-03-29 21:58:50 - [TEST_STEP][PASSED] - response_token = token.getResponseText(): null

2022-03-29 21:58:50 - [TEST_STEP][PASSED] - logInfo($response_token): 
            {
                "token_type": "BearerToken",
                "access_token": "l4LALgTSDBKPZU9G0PVtxVnSrVcg",
                "expires_in": "1799",
                "scope": ""
            }
        

2022-03-29 21:58:50 - [MESSAGE][INFO] - 
            {
                "token_type": "BearerToken",
                "access_token": "l4LALgTSDBKPZU9G0PVtxVnSrVcg",
                "expires_in": "1799",
                "scope": ""
            }
        

2022-03-29 21:58:50 - [TEST_STEP][PASSED] - feedback = sendRequest(findTestObject("4. Feedback-ins", ["s_key":global_token, "batchid":batchid, "norek":norek, "nopin":nopin, "custname":custname, "pemohon":pemohon, "branchid":branchid, ... ])): Send request successfully

2022-03-29 21:58:51 - [MESSAGE][INFO] - HAR: I:\app-testing\app-project\Order car insurance\order-car-insurance\Reports\20220329_215823\3. Get feedback insurance - Batch 1\20220329_215824\requests\main\17.har

2022-03-29 21:58:51 - [MESSAGE][PASSED] - Send request successfully

2022-03-29 21:58:51 - [TEST_STEP][PASSED] - response_feedback = feedback.getResponseText(): null

2022-03-29 21:58:51 - [TEST_STEP][PASSED] - markPassed("result feedback data : " + no + " norek : " + norek + " nopin : " + nopin): result feedback data : 18 norek : 1171013374 nopin : 001

2022-03-29 21:58:51 - [MESSAGE][PASSED] - result feedback data : 18 norek : 1171013374 nopin : 001

2022-03-29 21:58:51 - [TEST_STEP][PASSED] - logInfo($response_feedback): {
  "FeedbackCarInsuranceResponse" : {
    "errorCode" : "00",
    "errorMessage" : "Sukses"
  }
}

2022-03-29 21:58:51 - [MESSAGE][INFO] - {
  "FeedbackCarInsuranceResponse" : {
    "errorCode" : "00",
    "errorMessage" : "Sukses"
  }
}

2022-03-29 21:58:51 - [TEST_STEP][PASSED] - verifyElementPropertyValue(feedback, "FeedbackCarInsuranceResponse.errorMessage", "Sukses", CONTINUE_ON_FAILURE): Verify element property value successfully

2022-03-29 21:58:51 - [MESSAGE][PASSED] - Verify element property value successfully]]></system-out>
         <system-err><![CDATA[]]></system-err>
      </testcase>
      <testcase name="Test Cases/3. get token - feedback insurance" time="1.014" classname="Test Cases/3. get token - feedback insurance" status="PASSED">
         <system-out><![CDATA[2022-03-29 21:58:51 - [TEST_CASE][PASSED] - Test Cases/3. get token - feedback insurance: Test Cases/3. get token - feedback insurance

2022-03-29 21:58:51 - [TEST_STEP][PASSED] - token = sendRequest(findTestObject("1. Get-Token")): Send request successfully

2022-03-29 21:58:51 - [MESSAGE][INFO] - HAR: I:\app-testing\app-project\Order car insurance\order-car-insurance\Reports\20220329_215823\3. Get feedback insurance - Batch 1\20220329_215824\requests\main\18.har

2022-03-29 21:58:51 - [MESSAGE][PASSED] - Send request successfully

2022-03-29 21:58:51 - [TEST_STEP][PASSED] - slurper = new groovy.json.JsonSlurper(): null

2022-03-29 21:58:51 - [TEST_STEP][PASSED] - get_token = slurper.parseText(token.getResponseBodyContent()): null

2022-03-29 21:58:51 - [TEST_STEP][PASSED] - private_token = access_token: null

2022-03-29 21:58:51 - [TEST_STEP][PASSED] - global_token = private_token: null

2022-03-29 21:58:51 - [TEST_STEP][PASSED] - println("token is :" + global_token): null

2022-03-29 21:58:51 - [TEST_STEP][PASSED] - response_token = token.getResponseText(): null

2022-03-29 21:58:51 - [TEST_STEP][PASSED] - logInfo($response_token): 
            {
                "token_type": "BearerToken",
                "access_token": "LNUsGRrq0q8nKr8kjhBxG33QMddW",
                "expires_in": "1799",
                "scope": ""
            }
        

2022-03-29 21:58:51 - [MESSAGE][INFO] - 
            {
                "token_type": "BearerToken",
                "access_token": "LNUsGRrq0q8nKr8kjhBxG33QMddW",
                "expires_in": "1799",
                "scope": ""
            }
        

2022-03-29 21:58:51 - [TEST_STEP][PASSED] - feedback = sendRequest(findTestObject("4. Feedback-ins", ["s_key":global_token, "batchid":batchid, "norek":norek, "nopin":nopin, "custname":custname, "pemohon":pemohon, "branchid":branchid, ... ])): Send request successfully

2022-03-29 21:58:52 - [MESSAGE][INFO] - HAR: I:\app-testing\app-project\Order car insurance\order-car-insurance\Reports\20220329_215823\3. Get feedback insurance - Batch 1\20220329_215824\requests\main\19.har

2022-03-29 21:58:52 - [MESSAGE][PASSED] - Send request successfully

2022-03-29 21:58:52 - [TEST_STEP][PASSED] - response_feedback = feedback.getResponseText(): null

2022-03-29 21:58:52 - [TEST_STEP][PASSED] - markPassed("result feedback data : " + no + " norek : " + norek + " nopin : " + nopin): result feedback data : 19 norek : 1171013374 nopin : 001

2022-03-29 21:58:52 - [MESSAGE][PASSED] - result feedback data : 19 norek : 1171013374 nopin : 001

2022-03-29 21:58:52 - [TEST_STEP][PASSED] - logInfo($response_feedback): {
  "FeedbackCarInsuranceResponse" : {
    "errorCode" : "00",
    "errorMessage" : "Sukses"
  }
}

2022-03-29 21:58:52 - [MESSAGE][INFO] - {
  "FeedbackCarInsuranceResponse" : {
    "errorCode" : "00",
    "errorMessage" : "Sukses"
  }
}

2022-03-29 21:58:52 - [TEST_STEP][PASSED] - verifyElementPropertyValue(feedback, "FeedbackCarInsuranceResponse.errorMessage", "Sukses", CONTINUE_ON_FAILURE): Verify element property value successfully

2022-03-29 21:58:52 - [MESSAGE][PASSED] - Verify element property value successfully]]></system-out>
         <system-err><![CDATA[]]></system-err>
      </testcase>
      <testcase name="Test Cases/3. get token - feedback insurance" time="1.344" classname="Test Cases/3. get token - feedback insurance" status="PASSED">
         <system-out><![CDATA[2022-03-29 21:58:53 - [TEST_CASE][PASSED] - Test Cases/3. get token - feedback insurance: Test Cases/3. get token - feedback insurance

2022-03-29 21:58:53 - [TEST_STEP][PASSED] - token = sendRequest(findTestObject("1. Get-Token")): Send request successfully

2022-03-29 21:58:53 - [MESSAGE][INFO] - HAR: I:\app-testing\app-project\Order car insurance\order-car-insurance\Reports\20220329_215823\3. Get feedback insurance - Batch 1\20220329_215824\requests\main\20.har

2022-03-29 21:58:53 - [MESSAGE][PASSED] - Send request successfully

2022-03-29 21:58:53 - [TEST_STEP][PASSED] - slurper = new groovy.json.JsonSlurper(): null

2022-03-29 21:58:53 - [TEST_STEP][PASSED] - get_token = slurper.parseText(token.getResponseBodyContent()): null

2022-03-29 21:58:53 - [TEST_STEP][PASSED] - private_token = access_token: null

2022-03-29 21:58:53 - [TEST_STEP][PASSED] - global_token = private_token: null

2022-03-29 21:58:53 - [TEST_STEP][PASSED] - println("token is :" + global_token): null

2022-03-29 21:58:53 - [TEST_STEP][PASSED] - response_token = token.getResponseText(): null

2022-03-29 21:58:53 - [TEST_STEP][PASSED] - logInfo($response_token): 
            {
                "token_type": "BearerToken",
                "access_token": "oeptrAK37uVjn5jL89uDnKAlXoOv",
                "expires_in": "1799",
                "scope": ""
            }
        

2022-03-29 21:58:53 - [MESSAGE][INFO] - 
            {
                "token_type": "BearerToken",
                "access_token": "oeptrAK37uVjn5jL89uDnKAlXoOv",
                "expires_in": "1799",
                "scope": ""
            }
        

2022-03-29 21:58:53 - [TEST_STEP][PASSED] - feedback = sendRequest(findTestObject("4. Feedback-ins", ["s_key":global_token, "batchid":batchid, "norek":norek, "nopin":nopin, "custname":custname, "pemohon":pemohon, "branchid":branchid, ... ])): Send request successfully

2022-03-29 21:58:54 - [MESSAGE][INFO] - HAR: I:\app-testing\app-project\Order car insurance\order-car-insurance\Reports\20220329_215823\3. Get feedback insurance - Batch 1\20220329_215824\requests\main\21.har

2022-03-29 21:58:54 - [MESSAGE][PASSED] - Send request successfully

2022-03-29 21:58:54 - [TEST_STEP][PASSED] - response_feedback = feedback.getResponseText(): null

2022-03-29 21:58:54 - [TEST_STEP][PASSED] - markPassed("result feedback data : " + no + " norek : " + norek + " nopin : " + nopin): result feedback data : 20 norek : 1171013374 nopin : 001

2022-03-29 21:58:54 - [MESSAGE][PASSED] - result feedback data : 20 norek : 1171013374 nopin : 001

2022-03-29 21:58:54 - [TEST_STEP][PASSED] - logInfo($response_feedback): {
  "FeedbackCarInsuranceResponse" : {
    "errorCode" : "00",
    "errorMessage" : "Sukses"
  }
}

2022-03-29 21:58:54 - [MESSAGE][INFO] - {
  "FeedbackCarInsuranceResponse" : {
    "errorCode" : "00",
    "errorMessage" : "Sukses"
  }
}

2022-03-29 21:58:54 - [TEST_STEP][PASSED] - verifyElementPropertyValue(feedback, "FeedbackCarInsuranceResponse.errorMessage", "Sukses", CONTINUE_ON_FAILURE): Verify element property value successfully

2022-03-29 21:58:54 - [MESSAGE][PASSED] - Verify element property value successfully]]></system-out>
         <system-err><![CDATA[]]></system-err>
      </testcase>
      <testcase name="Test Cases/3. get token - feedback insurance" time="1.299" classname="Test Cases/3. get token - feedback insurance" status="PASSED">
         <system-out><![CDATA[2022-03-29 21:58:54 - [TEST_CASE][PASSED] - Test Cases/3. get token - feedback insurance: Test Cases/3. get token - feedback insurance

2022-03-29 21:58:54 - [TEST_STEP][PASSED] - token = sendRequest(findTestObject("1. Get-Token")): Send request successfully

2022-03-29 21:58:55 - [MESSAGE][INFO] - HAR: I:\app-testing\app-project\Order car insurance\order-car-insurance\Reports\20220329_215823\3. Get feedback insurance - Batch 1\20220329_215824\requests\main\22.har

2022-03-29 21:58:55 - [MESSAGE][PASSED] - Send request successfully

2022-03-29 21:58:55 - [TEST_STEP][PASSED] - slurper = new groovy.json.JsonSlurper(): null

2022-03-29 21:58:55 - [TEST_STEP][PASSED] - get_token = slurper.parseText(token.getResponseBodyContent()): null

2022-03-29 21:58:55 - [TEST_STEP][PASSED] - private_token = access_token: null

2022-03-29 21:58:55 - [TEST_STEP][PASSED] - global_token = private_token: null

2022-03-29 21:58:55 - [TEST_STEP][PASSED] - println("token is :" + global_token): null

2022-03-29 21:58:55 - [TEST_STEP][PASSED] - response_token = token.getResponseText(): null

2022-03-29 21:58:55 - [TEST_STEP][PASSED] - logInfo($response_token): 
            {
                "token_type": "BearerToken",
                "access_token": "anznNPhTD6QOAQIsf7WrTVwzJ4YH",
                "expires_in": "1799",
                "scope": ""
            }
        

2022-03-29 21:58:55 - [MESSAGE][INFO] - 
            {
                "token_type": "BearerToken",
                "access_token": "anznNPhTD6QOAQIsf7WrTVwzJ4YH",
                "expires_in": "1799",
                "scope": ""
            }
        

2022-03-29 21:58:55 - [TEST_STEP][PASSED] - feedback = sendRequest(findTestObject("4. Feedback-ins", ["s_key":global_token, "batchid":batchid, "norek":norek, "nopin":nopin, "custname":custname, "pemohon":pemohon, "branchid":branchid, ... ])): Send request successfully

2022-03-29 21:58:56 - [MESSAGE][INFO] - HAR: I:\app-testing\app-project\Order car insurance\order-car-insurance\Reports\20220329_215823\3. Get feedback insurance - Batch 1\20220329_215824\requests\main\23.har

2022-03-29 21:58:56 - [MESSAGE][PASSED] - Send request successfully

2022-03-29 21:58:56 - [TEST_STEP][PASSED] - response_feedback = feedback.getResponseText(): null

2022-03-29 21:58:56 - [TEST_STEP][PASSED] - markPassed("result feedback data : " + no + " norek : " + norek + " nopin : " + nopin): result feedback data : 21 norek : 1171013384 nopin : 001

2022-03-29 21:58:56 - [MESSAGE][PASSED] - result feedback data : 21 norek : 1171013384 nopin : 001

2022-03-29 21:58:56 - [TEST_STEP][PASSED] - logInfo($response_feedback): {
  "FeedbackCarInsuranceResponse" : {
    "errorCode" : "00",
    "errorMessage" : "Sukses"
  }
}

2022-03-29 21:58:56 - [MESSAGE][INFO] - {
  "FeedbackCarInsuranceResponse" : {
    "errorCode" : "00",
    "errorMessage" : "Sukses"
  }
}

2022-03-29 21:58:56 - [TEST_STEP][PASSED] - verifyElementPropertyValue(feedback, "FeedbackCarInsuranceResponse.errorMessage", "Sukses", CONTINUE_ON_FAILURE): Verify element property value successfully

2022-03-29 21:58:56 - [MESSAGE][PASSED] - Verify element property value successfully]]></system-out>
         <system-err><![CDATA[]]></system-err>
      </testcase>
      <testcase name="Test Cases/3. get token - feedback insurance" time="1.142" classname="Test Cases/3. get token - feedback insurance" status="PASSED">
         <system-out><![CDATA[2022-03-29 21:58:56 - [TEST_CASE][PASSED] - Test Cases/3. get token - feedback insurance: Test Cases/3. get token - feedback insurance

2022-03-29 21:58:56 - [TEST_STEP][PASSED] - token = sendRequest(findTestObject("1. Get-Token")): Send request successfully

2022-03-29 21:58:56 - [MESSAGE][INFO] - HAR: I:\app-testing\app-project\Order car insurance\order-car-insurance\Reports\20220329_215823\3. Get feedback insurance - Batch 1\20220329_215824\requests\main\24.har

2022-03-29 21:58:56 - [MESSAGE][PASSED] - Send request successfully

2022-03-29 21:58:56 - [TEST_STEP][PASSED] - slurper = new groovy.json.JsonSlurper(): null

2022-03-29 21:58:56 - [TEST_STEP][PASSED] - get_token = slurper.parseText(token.getResponseBodyContent()): null

2022-03-29 21:58:56 - [TEST_STEP][PASSED] - private_token = access_token: null

2022-03-29 21:58:56 - [TEST_STEP][PASSED] - global_token = private_token: null

2022-03-29 21:58:56 - [TEST_STEP][PASSED] - println("token is :" + global_token): null

2022-03-29 21:58:56 - [TEST_STEP][PASSED] - response_token = token.getResponseText(): null

2022-03-29 21:58:56 - [TEST_STEP][PASSED] - logInfo($response_token): 
            {
                "token_type": "BearerToken",
                "access_token": "S90RGqKXZJJKIwwssJFHcCAxD1OA",
                "expires_in": "1799",
                "scope": ""
            }
        

2022-03-29 21:58:56 - [MESSAGE][INFO] - 
            {
                "token_type": "BearerToken",
                "access_token": "S90RGqKXZJJKIwwssJFHcCAxD1OA",
                "expires_in": "1799",
                "scope": ""
            }
        

2022-03-29 21:58:56 - [TEST_STEP][PASSED] - feedback = sendRequest(findTestObject("4. Feedback-ins", ["s_key":global_token, "batchid":batchid, "norek":norek, "nopin":nopin, "custname":custname, "pemohon":pemohon, "branchid":branchid, ... ])): Send request successfully

2022-03-29 21:58:57 - [MESSAGE][INFO] - HAR: I:\app-testing\app-project\Order car insurance\order-car-insurance\Reports\20220329_215823\3. Get feedback insurance - Batch 1\20220329_215824\requests\main\25.har

2022-03-29 21:58:57 - [MESSAGE][PASSED] - Send request successfully

2022-03-29 21:58:57 - [TEST_STEP][PASSED] - response_feedback = feedback.getResponseText(): null

2022-03-29 21:58:57 - [TEST_STEP][PASSED] - markPassed("result feedback data : " + no + " norek : " + norek + " nopin : " + nopin): result feedback data : 22 norek : 1171013384 nopin : 001

2022-03-29 21:58:57 - [MESSAGE][PASSED] - result feedback data : 22 norek : 1171013384 nopin : 001

2022-03-29 21:58:57 - [TEST_STEP][PASSED] - logInfo($response_feedback): {
  "FeedbackCarInsuranceResponse" : {
    "errorCode" : "00",
    "errorMessage" : "Sukses"
  }
}

2022-03-29 21:58:57 - [MESSAGE][INFO] - {
  "FeedbackCarInsuranceResponse" : {
    "errorCode" : "00",
    "errorMessage" : "Sukses"
  }
}

2022-03-29 21:58:57 - [TEST_STEP][PASSED] - verifyElementPropertyValue(feedback, "FeedbackCarInsuranceResponse.errorMessage", "Sukses", CONTINUE_ON_FAILURE): Verify element property value successfully

2022-03-29 21:58:57 - [MESSAGE][PASSED] - Verify element property value successfully]]></system-out>
         <system-err><![CDATA[]]></system-err>
      </testcase>
      <testcase name="Test Cases/3. get token - feedback insurance" time="0.982" classname="Test Cases/3. get token - feedback insurance" status="PASSED">
         <system-out><![CDATA[2022-03-29 21:58:58 - [TEST_CASE][PASSED] - Test Cases/3. get token - feedback insurance: Test Cases/3. get token - feedback insurance

2022-03-29 21:58:58 - [TEST_STEP][PASSED] - token = sendRequest(findTestObject("1. Get-Token")): Send request successfully

2022-03-29 21:58:58 - [MESSAGE][INFO] - HAR: I:\app-testing\app-project\Order car insurance\order-car-insurance\Reports\20220329_215823\3. Get feedback insurance - Batch 1\20220329_215824\requests\main\26.har

2022-03-29 21:58:58 - [MESSAGE][PASSED] - Send request successfully

2022-03-29 21:58:58 - [TEST_STEP][PASSED] - slurper = new groovy.json.JsonSlurper(): null

2022-03-29 21:58:58 - [TEST_STEP][PASSED] - get_token = slurper.parseText(token.getResponseBodyContent()): null

2022-03-29 21:58:58 - [TEST_STEP][PASSED] - private_token = access_token: null

2022-03-29 21:58:58 - [TEST_STEP][PASSED] - global_token = private_token: null

2022-03-29 21:58:58 - [TEST_STEP][PASSED] - println("token is :" + global_token): null

2022-03-29 21:58:58 - [TEST_STEP][PASSED] - response_token = token.getResponseText(): null

2022-03-29 21:58:58 - [TEST_STEP][PASSED] - logInfo($response_token): 
            {
                "token_type": "BearerToken",
                "access_token": "zt9XseWHdXbZUWEyncQlGfyH8ZYZ",
                "expires_in": "1799",
                "scope": ""
            }
        

2022-03-29 21:58:58 - [MESSAGE][INFO] - 
            {
                "token_type": "BearerToken",
                "access_token": "zt9XseWHdXbZUWEyncQlGfyH8ZYZ",
                "expires_in": "1799",
                "scope": ""
            }
        

2022-03-29 21:58:58 - [TEST_STEP][PASSED] - feedback = sendRequest(findTestObject("4. Feedback-ins", ["s_key":global_token, "batchid":batchid, "norek":norek, "nopin":nopin, "custname":custname, "pemohon":pemohon, "branchid":branchid, ... ])): Send request successfully

2022-03-29 21:58:58 - [MESSAGE][INFO] - HAR: I:\app-testing\app-project\Order car insurance\order-car-insurance\Reports\20220329_215823\3. Get feedback insurance - Batch 1\20220329_215824\requests\main\27.har

2022-03-29 21:58:58 - [MESSAGE][PASSED] - Send request successfully

2022-03-29 21:58:58 - [TEST_STEP][PASSED] - response_feedback = feedback.getResponseText(): null

2022-03-29 21:58:58 - [TEST_STEP][PASSED] - markPassed("result feedback data : " + no + " norek : " + norek + " nopin : " + nopin): result feedback data : 23 norek : 1171013384 nopin : 001

2022-03-29 21:58:58 - [MESSAGE][PASSED] - result feedback data : 23 norek : 1171013384 nopin : 001

2022-03-29 21:58:58 - [TEST_STEP][PASSED] - logInfo($response_feedback): {
  "FeedbackCarInsuranceResponse" : {
    "errorCode" : "00",
    "errorMessage" : "Sukses"
  }
}

2022-03-29 21:58:58 - [MESSAGE][INFO] - {
  "FeedbackCarInsuranceResponse" : {
    "errorCode" : "00",
    "errorMessage" : "Sukses"
  }
}

2022-03-29 21:58:58 - [TEST_STEP][PASSED] - verifyElementPropertyValue(feedback, "FeedbackCarInsuranceResponse.errorMessage", "Sukses", CONTINUE_ON_FAILURE): Verify element property value successfully

2022-03-29 21:58:59 - [MESSAGE][PASSED] - Verify element property value successfully]]></system-out>
         <system-err><![CDATA[]]></system-err>
      </testcase>
      <testcase name="Test Cases/3. get token - feedback insurance" time="1.537" classname="Test Cases/3. get token - feedback insurance" status="PASSED">
         <system-out><![CDATA[2022-03-29 21:58:59 - [TEST_CASE][PASSED] - Test Cases/3. get token - feedback insurance: Test Cases/3. get token - feedback insurance

2022-03-29 21:58:59 - [TEST_STEP][PASSED] - token = sendRequest(findTestObject("1. Get-Token")): Send request successfully

2022-03-29 21:58:59 - [MESSAGE][INFO] - HAR: I:\app-testing\app-project\Order car insurance\order-car-insurance\Reports\20220329_215823\3. Get feedback insurance - Batch 1\20220329_215824\requests\main\28.har

2022-03-29 21:58:59 - [MESSAGE][PASSED] - Send request successfully

2022-03-29 21:58:59 - [TEST_STEP][PASSED] - slurper = new groovy.json.JsonSlurper(): null

2022-03-29 21:58:59 - [TEST_STEP][PASSED] - get_token = slurper.parseText(token.getResponseBodyContent()): null

2022-03-29 21:58:59 - [TEST_STEP][PASSED] - private_token = access_token: null

2022-03-29 21:58:59 - [TEST_STEP][PASSED] - global_token = private_token: null

2022-03-29 21:58:59 - [TEST_STEP][PASSED] - println("token is :" + global_token): null

2022-03-29 21:58:59 - [TEST_STEP][PASSED] - response_token = token.getResponseText(): null

2022-03-29 21:58:59 - [TEST_STEP][PASSED] - logInfo($response_token): 
            {
                "token_type": "BearerToken",
                "access_token": "6OF9ZZHZPU742qm9cd47ECMLBvwK",
                "expires_in": "1799",
                "scope": ""
            }
        

2022-03-29 21:58:59 - [MESSAGE][INFO] - 
            {
                "token_type": "BearerToken",
                "access_token": "6OF9ZZHZPU742qm9cd47ECMLBvwK",
                "expires_in": "1799",
                "scope": ""
            }
        

2022-03-29 21:58:59 - [TEST_STEP][PASSED] - feedback = sendRequest(findTestObject("4. Feedback-ins", ["s_key":global_token, "batchid":batchid, "norek":norek, "nopin":nopin, "custname":custname, "pemohon":pemohon, "branchid":branchid, ... ])): Send request successfully

2022-03-29 21:59:00 - [MESSAGE][INFO] - HAR: I:\app-testing\app-project\Order car insurance\order-car-insurance\Reports\20220329_215823\3. Get feedback insurance - Batch 1\20220329_215824\requests\main\29.har

2022-03-29 21:59:00 - [MESSAGE][PASSED] - Send request successfully

2022-03-29 21:59:00 - [TEST_STEP][PASSED] - response_feedback = feedback.getResponseText(): null

2022-03-29 21:59:00 - [TEST_STEP][PASSED] - markPassed("result feedback data : " + no + " norek : " + norek + " nopin : " + nopin): result feedback data : 24 norek : 1171013386 nopin : 001

2022-03-29 21:59:00 - [MESSAGE][PASSED] - result feedback data : 24 norek : 1171013386 nopin : 001

2022-03-29 21:59:00 - [TEST_STEP][PASSED] - logInfo($response_feedback): {
  "FeedbackCarInsuranceResponse" : {
    "errorCode" : "00",
    "errorMessage" : "Sukses"
  }
}

2022-03-29 21:59:00 - [MESSAGE][INFO] - {
  "FeedbackCarInsuranceResponse" : {
    "errorCode" : "00",
    "errorMessage" : "Sukses"
  }
}

2022-03-29 21:59:00 - [TEST_STEP][PASSED] - verifyElementPropertyValue(feedback, "FeedbackCarInsuranceResponse.errorMessage", "Sukses", CONTINUE_ON_FAILURE): Verify element property value successfully

2022-03-29 21:59:00 - [MESSAGE][PASSED] - Verify element property value successfully]]></system-out>
         <system-err><![CDATA[]]></system-err>
      </testcase>
      <testcase name="Test Cases/3. get token - feedback insurance" time="0.974" classname="Test Cases/3. get token - feedback insurance" status="PASSED">
         <system-out><![CDATA[2022-03-29 21:59:01 - [TEST_CASE][PASSED] - Test Cases/3. get token - feedback insurance: Test Cases/3. get token - feedback insurance

2022-03-29 21:59:01 - [TEST_STEP][PASSED] - token = sendRequest(findTestObject("1. Get-Token")): Send request successfully

2022-03-29 21:59:01 - [MESSAGE][INFO] - HAR: I:\app-testing\app-project\Order car insurance\order-car-insurance\Reports\20220329_215823\3. Get feedback insurance - Batch 1\20220329_215824\requests\main\30.har

2022-03-29 21:59:01 - [MESSAGE][PASSED] - Send request successfully

2022-03-29 21:59:01 - [TEST_STEP][PASSED] - slurper = new groovy.json.JsonSlurper(): null

2022-03-29 21:59:01 - [TEST_STEP][PASSED] - get_token = slurper.parseText(token.getResponseBodyContent()): null

2022-03-29 21:59:01 - [TEST_STEP][PASSED] - private_token = access_token: null

2022-03-29 21:59:01 - [TEST_STEP][PASSED] - global_token = private_token: null

2022-03-29 21:59:01 - [TEST_STEP][PASSED] - println("token is :" + global_token): null

2022-03-29 21:59:01 - [TEST_STEP][PASSED] - response_token = token.getResponseText(): null

2022-03-29 21:59:01 - [TEST_STEP][PASSED] - logInfo($response_token): 
            {
                "token_type": "BearerToken",
                "access_token": "A7uoW5nckVx9QSvcuiGBhbUuWwUx",
                "expires_in": "1799",
                "scope": ""
            }
        

2022-03-29 21:59:01 - [MESSAGE][INFO] - 
            {
                "token_type": "BearerToken",
                "access_token": "A7uoW5nckVx9QSvcuiGBhbUuWwUx",
                "expires_in": "1799",
                "scope": ""
            }
        

2022-03-29 21:59:01 - [TEST_STEP][PASSED] - feedback = sendRequest(findTestObject("4. Feedback-ins", ["s_key":global_token, "batchid":batchid, "norek":norek, "nopin":nopin, "custname":custname, "pemohon":pemohon, "branchid":branchid, ... ])): Send request successfully

2022-03-29 21:59:02 - [MESSAGE][INFO] - HAR: I:\app-testing\app-project\Order car insurance\order-car-insurance\Reports\20220329_215823\3. Get feedback insurance - Batch 1\20220329_215824\requests\main\31.har

2022-03-29 21:59:02 - [MESSAGE][PASSED] - Send request successfully

2022-03-29 21:59:02 - [TEST_STEP][PASSED] - response_feedback = feedback.getResponseText(): null

2022-03-29 21:59:02 - [TEST_STEP][PASSED] - markPassed("result feedback data : " + no + " norek : " + norek + " nopin : " + nopin): result feedback data : 25 norek : 1171013386 nopin : 001

2022-03-29 21:59:02 - [MESSAGE][PASSED] - result feedback data : 25 norek : 1171013386 nopin : 001

2022-03-29 21:59:02 - [TEST_STEP][PASSED] - logInfo($response_feedback): {
  "FeedbackCarInsuranceResponse" : {
    "errorCode" : "00",
    "errorMessage" : "Sukses"
  }
}

2022-03-29 21:59:02 - [MESSAGE][INFO] - {
  "FeedbackCarInsuranceResponse" : {
    "errorCode" : "00",
    "errorMessage" : "Sukses"
  }
}

2022-03-29 21:59:02 - [TEST_STEP][PASSED] - verifyElementPropertyValue(feedback, "FeedbackCarInsuranceResponse.errorMessage", "Sukses", CONTINUE_ON_FAILURE): Verify element property value successfully

2022-03-29 21:59:02 - [MESSAGE][PASSED] - Verify element property value successfully]]></system-out>
         <system-err><![CDATA[]]></system-err>
      </testcase>
      <testcase name="Test Cases/3. get token - feedback insurance" time="1.11" classname="Test Cases/3. get token - feedback insurance" status="PASSED">
         <system-out><![CDATA[2022-03-29 21:59:02 - [TEST_CASE][PASSED] - Test Cases/3. get token - feedback insurance: Test Cases/3. get token - feedback insurance

2022-03-29 21:59:02 - [TEST_STEP][PASSED] - token = sendRequest(findTestObject("1. Get-Token")): Send request successfully

2022-03-29 21:59:02 - [MESSAGE][INFO] - HAR: I:\app-testing\app-project\Order car insurance\order-car-insurance\Reports\20220329_215823\3. Get feedback insurance - Batch 1\20220329_215824\requests\main\32.har

2022-03-29 21:59:02 - [MESSAGE][PASSED] - Send request successfully

2022-03-29 21:59:02 - [TEST_STEP][PASSED] - slurper = new groovy.json.JsonSlurper(): null

2022-03-29 21:59:02 - [TEST_STEP][PASSED] - get_token = slurper.parseText(token.getResponseBodyContent()): null

2022-03-29 21:59:02 - [TEST_STEP][PASSED] - private_token = access_token: null

2022-03-29 21:59:02 - [TEST_STEP][PASSED] - global_token = private_token: null

2022-03-29 21:59:02 - [TEST_STEP][PASSED] - println("token is :" + global_token): null

2022-03-29 21:59:02 - [TEST_STEP][PASSED] - response_token = token.getResponseText(): null

2022-03-29 21:59:02 - [TEST_STEP][PASSED] - logInfo($response_token): 
            {
                "token_type": "BearerToken",
                "access_token": "mbfeOoKGx0PFGxkUzu3593S3qRqA",
                "expires_in": "1799",
                "scope": ""
            }
        

2022-03-29 21:59:02 - [MESSAGE][INFO] - 
            {
                "token_type": "BearerToken",
                "access_token": "mbfeOoKGx0PFGxkUzu3593S3qRqA",
                "expires_in": "1799",
                "scope": ""
            }
        

2022-03-29 21:59:02 - [TEST_STEP][PASSED] - feedback = sendRequest(findTestObject("4. Feedback-ins", ["s_key":global_token, "batchid":batchid, "norek":norek, "nopin":nopin, "custname":custname, "pemohon":pemohon, "branchid":branchid, ... ])): Send request successfully

2022-03-29 21:59:03 - [MESSAGE][INFO] - HAR: I:\app-testing\app-project\Order car insurance\order-car-insurance\Reports\20220329_215823\3. Get feedback insurance - Batch 1\20220329_215824\requests\main\33.har

2022-03-29 21:59:03 - [MESSAGE][PASSED] - Send request successfully

2022-03-29 21:59:03 - [TEST_STEP][PASSED] - response_feedback = feedback.getResponseText(): null

2022-03-29 21:59:03 - [TEST_STEP][PASSED] - markPassed("result feedback data : " + no + " norek : " + norek + " nopin : " + nopin): result feedback data : 26 norek : 1171013386 nopin : 001

2022-03-29 21:59:03 - [MESSAGE][PASSED] - result feedback data : 26 norek : 1171013386 nopin : 001

2022-03-29 21:59:03 - [TEST_STEP][PASSED] - logInfo($response_feedback): {
  "FeedbackCarInsuranceResponse" : {
    "errorCode" : "00",
    "errorMessage" : "Sukses"
  }
}

2022-03-29 21:59:03 - [MESSAGE][INFO] - {
  "FeedbackCarInsuranceResponse" : {
    "errorCode" : "00",
    "errorMessage" : "Sukses"
  }
}

2022-03-29 21:59:03 - [TEST_STEP][PASSED] - verifyElementPropertyValue(feedback, "FeedbackCarInsuranceResponse.errorMessage", "Sukses", CONTINUE_ON_FAILURE): Verify element property value successfully

2022-03-29 21:59:03 - [MESSAGE][PASSED] - Verify element property value successfully]]></system-out>
         <system-err><![CDATA[]]></system-err>
      </testcase>
      <testcase name="Test Cases/3. get token - feedback insurance" time="0.936" classname="Test Cases/3. get token - feedback insurance" status="PASSED">
         <system-out><![CDATA[2022-03-29 21:59:04 - [TEST_CASE][PASSED] - Test Cases/3. get token - feedback insurance: Test Cases/3. get token - feedback insurance

2022-03-29 21:59:04 - [TEST_STEP][PASSED] - token = sendRequest(findTestObject("1. Get-Token")): Send request successfully

2022-03-29 21:59:04 - [MESSAGE][INFO] - HAR: I:\app-testing\app-project\Order car insurance\order-car-insurance\Reports\20220329_215823\3. Get feedback insurance - Batch 1\20220329_215824\requests\main\34.har

2022-03-29 21:59:04 - [MESSAGE][PASSED] - Send request successfully

2022-03-29 21:59:04 - [TEST_STEP][PASSED] - slurper = new groovy.json.JsonSlurper(): null

2022-03-29 21:59:04 - [TEST_STEP][PASSED] - get_token = slurper.parseText(token.getResponseBodyContent()): null

2022-03-29 21:59:04 - [TEST_STEP][PASSED] - private_token = access_token: null

2022-03-29 21:59:04 - [TEST_STEP][PASSED] - global_token = private_token: null

2022-03-29 21:59:04 - [TEST_STEP][PASSED] - println("token is :" + global_token): null

2022-03-29 21:59:04 - [TEST_STEP][PASSED] - response_token = token.getResponseText(): null

2022-03-29 21:59:04 - [TEST_STEP][PASSED] - logInfo($response_token): 
            {
                "token_type": "BearerToken",
                "access_token": "Ywm5qbaBBy4Kyv5Ac3z6UjHgzsJ9",
                "expires_in": "1799",
                "scope": ""
            }
        

2022-03-29 21:59:04 - [MESSAGE][INFO] - 
            {
                "token_type": "BearerToken",
                "access_token": "Ywm5qbaBBy4Kyv5Ac3z6UjHgzsJ9",
                "expires_in": "1799",
                "scope": ""
            }
        

2022-03-29 21:59:04 - [TEST_STEP][PASSED] - feedback = sendRequest(findTestObject("4. Feedback-ins", ["s_key":global_token, "batchid":batchid, "norek":norek, "nopin":nopin, "custname":custname, "pemohon":pemohon, "branchid":branchid, ... ])): Send request successfully

2022-03-29 21:59:05 - [MESSAGE][INFO] - HAR: I:\app-testing\app-project\Order car insurance\order-car-insurance\Reports\20220329_215823\3. Get feedback insurance - Batch 1\20220329_215824\requests\main\35.har

2022-03-29 21:59:05 - [MESSAGE][PASSED] - Send request successfully

2022-03-29 21:59:05 - [TEST_STEP][PASSED] - response_feedback = feedback.getResponseText(): null

2022-03-29 21:59:05 - [TEST_STEP][PASSED] - markPassed("result feedback data : " + no + " norek : " + norek + " nopin : " + nopin): result feedback data : 27 norek : 1171013386 nopin : 001

2022-03-29 21:59:05 - [MESSAGE][PASSED] - result feedback data : 27 norek : 1171013386 nopin : 001

2022-03-29 21:59:05 - [TEST_STEP][PASSED] - logInfo($response_feedback): {
  "FeedbackCarInsuranceResponse" : {
    "errorCode" : "00",
    "errorMessage" : "Sukses"
  }
}

2022-03-29 21:59:05 - [MESSAGE][INFO] - {
  "FeedbackCarInsuranceResponse" : {
    "errorCode" : "00",
    "errorMessage" : "Sukses"
  }
}

2022-03-29 21:59:05 - [TEST_STEP][PASSED] - verifyElementPropertyValue(feedback, "FeedbackCarInsuranceResponse.errorMessage", "Sukses", CONTINUE_ON_FAILURE): Verify element property value successfully

2022-03-29 21:59:05 - [MESSAGE][PASSED] - Verify element property value successfully]]></system-out>
         <system-err><![CDATA[]]></system-err>
      </testcase>
      <testcase name="Test Cases/3. get token - feedback insurance" time="1.288" classname="Test Cases/3. get token - feedback insurance" status="PASSED">
         <system-out><![CDATA[2022-03-29 21:59:05 - [TEST_CASE][PASSED] - Test Cases/3. get token - feedback insurance: Test Cases/3. get token - feedback insurance

2022-03-29 21:59:05 - [TEST_STEP][PASSED] - token = sendRequest(findTestObject("1. Get-Token")): Send request successfully

2022-03-29 21:59:05 - [MESSAGE][INFO] - HAR: I:\app-testing\app-project\Order car insurance\order-car-insurance\Reports\20220329_215823\3. Get feedback insurance - Batch 1\20220329_215824\requests\main\36.har

2022-03-29 21:59:05 - [MESSAGE][PASSED] - Send request successfully

2022-03-29 21:59:05 - [TEST_STEP][PASSED] - slurper = new groovy.json.JsonSlurper(): null

2022-03-29 21:59:05 - [TEST_STEP][PASSED] - get_token = slurper.parseText(token.getResponseBodyContent()): null

2022-03-29 21:59:05 - [TEST_STEP][PASSED] - private_token = access_token: null

2022-03-29 21:59:05 - [TEST_STEP][PASSED] - global_token = private_token: null

2022-03-29 21:59:05 - [TEST_STEP][PASSED] - println("token is :" + global_token): null

2022-03-29 21:59:05 - [TEST_STEP][PASSED] - response_token = token.getResponseText(): null

2022-03-29 21:59:05 - [TEST_STEP][PASSED] - logInfo($response_token): 
            {
                "token_type": "BearerToken",
                "access_token": "IwgANIt2fTGzipIMCEh2WsHAVoPM",
                "expires_in": "1799",
                "scope": ""
            }
        

2022-03-29 21:59:05 - [MESSAGE][INFO] - 
            {
                "token_type": "BearerToken",
                "access_token": "IwgANIt2fTGzipIMCEh2WsHAVoPM",
                "expires_in": "1799",
                "scope": ""
            }
        

2022-03-29 21:59:05 - [TEST_STEP][PASSED] - feedback = sendRequest(findTestObject("4. Feedback-ins", ["s_key":global_token, "batchid":batchid, "norek":norek, "nopin":nopin, "custname":custname, "pemohon":pemohon, "branchid":branchid, ... ])): Send request successfully

2022-03-29 21:59:06 - [MESSAGE][INFO] - HAR: I:\app-testing\app-project\Order car insurance\order-car-insurance\Reports\20220329_215823\3. Get feedback insurance - Batch 1\20220329_215824\requests\main\37.har

2022-03-29 21:59:06 - [MESSAGE][PASSED] - Send request successfully

2022-03-29 21:59:06 - [TEST_STEP][PASSED] - response_feedback = feedback.getResponseText(): null

2022-03-29 21:59:06 - [TEST_STEP][PASSED] - markPassed("result feedback data : " + no + " norek : " + norek + " nopin : " + nopin): result feedback data : 28 norek : 1177001538 nopin : 001

2022-03-29 21:59:06 - [MESSAGE][PASSED] - result feedback data : 28 norek : 1177001538 nopin : 001

2022-03-29 21:59:06 - [TEST_STEP][PASSED] - logInfo($response_feedback): {
  "FeedbackCarInsuranceResponse" : {
    "errorCode" : "00",
    "errorMessage" : "Sukses"
  }
}

2022-03-29 21:59:06 - [MESSAGE][INFO] - {
  "FeedbackCarInsuranceResponse" : {
    "errorCode" : "00",
    "errorMessage" : "Sukses"
  }
}

2022-03-29 21:59:06 - [TEST_STEP][PASSED] - verifyElementPropertyValue(feedback, "FeedbackCarInsuranceResponse.errorMessage", "Sukses", CONTINUE_ON_FAILURE): Verify element property value successfully

2022-03-29 21:59:06 - [MESSAGE][PASSED] - Verify element property value successfully]]></system-out>
         <system-err><![CDATA[]]></system-err>
      </testcase>
      <testcase name="Test Cases/3. get token - feedback insurance" time="0.982" classname="Test Cases/3. get token - feedback insurance" status="PASSED">
         <system-out><![CDATA[2022-03-29 21:59:07 - [TEST_CASE][PASSED] - Test Cases/3. get token - feedback insurance: Test Cases/3. get token - feedback insurance

2022-03-29 21:59:07 - [TEST_STEP][PASSED] - token = sendRequest(findTestObject("1. Get-Token")): Send request successfully

2022-03-29 21:59:07 - [MESSAGE][INFO] - HAR: I:\app-testing\app-project\Order car insurance\order-car-insurance\Reports\20220329_215823\3. Get feedback insurance - Batch 1\20220329_215824\requests\main\38.har

2022-03-29 21:59:07 - [MESSAGE][PASSED] - Send request successfully

2022-03-29 21:59:07 - [TEST_STEP][PASSED] - slurper = new groovy.json.JsonSlurper(): null

2022-03-29 21:59:07 - [TEST_STEP][PASSED] - get_token = slurper.parseText(token.getResponseBodyContent()): null

2022-03-29 21:59:07 - [TEST_STEP][PASSED] - private_token = access_token: null

2022-03-29 21:59:07 - [TEST_STEP][PASSED] - global_token = private_token: null

2022-03-29 21:59:07 - [TEST_STEP][PASSED] - println("token is :" + global_token): null

2022-03-29 21:59:07 - [TEST_STEP][PASSED] - response_token = token.getResponseText(): null

2022-03-29 21:59:07 - [TEST_STEP][PASSED] - logInfo($response_token): 
            {
                "token_type": "BearerToken",
                "access_token": "3Nqr5pKTiKmNS1Bkg1ubHA5ilyzX",
                "expires_in": "1799",
                "scope": ""
            }
        

2022-03-29 21:59:07 - [MESSAGE][INFO] - 
            {
                "token_type": "BearerToken",
                "access_token": "3Nqr5pKTiKmNS1Bkg1ubHA5ilyzX",
                "expires_in": "1799",
                "scope": ""
            }
        

2022-03-29 21:59:07 - [TEST_STEP][PASSED] - feedback = sendRequest(findTestObject("4. Feedback-ins", ["s_key":global_token, "batchid":batchid, "norek":norek, "nopin":nopin, "custname":custname, "pemohon":pemohon, "branchid":branchid, ... ])): Send request successfully

2022-03-29 21:59:08 - [MESSAGE][INFO] - HAR: I:\app-testing\app-project\Order car insurance\order-car-insurance\Reports\20220329_215823\3. Get feedback insurance - Batch 1\20220329_215824\requests\main\39.har

2022-03-29 21:59:08 - [MESSAGE][PASSED] - Send request successfully

2022-03-29 21:59:08 - [TEST_STEP][PASSED] - response_feedback = feedback.getResponseText(): null

2022-03-29 21:59:08 - [TEST_STEP][PASSED] - markPassed("result feedback data : " + no + " norek : " + norek + " nopin : " + nopin): result feedback data : 29 norek : 1177001538 nopin : 001

2022-03-29 21:59:08 - [MESSAGE][PASSED] - result feedback data : 29 norek : 1177001538 nopin : 001

2022-03-29 21:59:08 - [TEST_STEP][PASSED] - logInfo($response_feedback): {
  "FeedbackCarInsuranceResponse" : {
    "errorCode" : "00",
    "errorMessage" : "Sukses"
  }
}

2022-03-29 21:59:08 - [MESSAGE][INFO] - {
  "FeedbackCarInsuranceResponse" : {
    "errorCode" : "00",
    "errorMessage" : "Sukses"
  }
}

2022-03-29 21:59:08 - [TEST_STEP][PASSED] - verifyElementPropertyValue(feedback, "FeedbackCarInsuranceResponse.errorMessage", "Sukses", CONTINUE_ON_FAILURE): Verify element property value successfully

2022-03-29 21:59:08 - [MESSAGE][PASSED] - Verify element property value successfully]]></system-out>
         <system-err><![CDATA[]]></system-err>
      </testcase>
      <testcase name="Test Cases/3. get token - feedback insurance" time="0.888" classname="Test Cases/3. get token - feedback insurance" status="PASSED">
         <system-out><![CDATA[2022-03-29 21:59:08 - [TEST_CASE][PASSED] - Test Cases/3. get token - feedback insurance: Test Cases/3. get token - feedback insurance

2022-03-29 21:59:08 - [TEST_STEP][PASSED] - token = sendRequest(findTestObject("1. Get-Token")): Send request successfully

2022-03-29 21:59:08 - [MESSAGE][INFO] - HAR: I:\app-testing\app-project\Order car insurance\order-car-insurance\Reports\20220329_215823\3. Get feedback insurance - Batch 1\20220329_215824\requests\main\40.har

2022-03-29 21:59:08 - [MESSAGE][PASSED] - Send request successfully

2022-03-29 21:59:08 - [TEST_STEP][PASSED] - slurper = new groovy.json.JsonSlurper(): null

2022-03-29 21:59:08 - [TEST_STEP][PASSED] - get_token = slurper.parseText(token.getResponseBodyContent()): null

2022-03-29 21:59:08 - [TEST_STEP][PASSED] - private_token = access_token: null

2022-03-29 21:59:08 - [TEST_STEP][PASSED] - global_token = private_token: null

2022-03-29 21:59:08 - [TEST_STEP][PASSED] - println("token is :" + global_token): null

2022-03-29 21:59:08 - [TEST_STEP][PASSED] - response_token = token.getResponseText(): null

2022-03-29 21:59:08 - [TEST_STEP][PASSED] - logInfo($response_token): 
            {
                "token_type": "BearerToken",
                "access_token": "Xx85245LBqQ5mflW7pSA6Aqj5eRG",
                "expires_in": "1799",
                "scope": ""
            }
        

2022-03-29 21:59:08 - [MESSAGE][INFO] - 
            {
                "token_type": "BearerToken",
                "access_token": "Xx85245LBqQ5mflW7pSA6Aqj5eRG",
                "expires_in": "1799",
                "scope": ""
            }
        

2022-03-29 21:59:08 - [TEST_STEP][PASSED] - feedback = sendRequest(findTestObject("4. Feedback-ins", ["s_key":global_token, "batchid":batchid, "norek":norek, "nopin":nopin, "custname":custname, "pemohon":pemohon, "branchid":branchid, ... ])): Send request successfully

2022-03-29 21:59:09 - [MESSAGE][INFO] - HAR: I:\app-testing\app-project\Order car insurance\order-car-insurance\Reports\20220329_215823\3. Get feedback insurance - Batch 1\20220329_215824\requests\main\41.har

2022-03-29 21:59:09 - [MESSAGE][PASSED] - Send request successfully

2022-03-29 21:59:09 - [TEST_STEP][PASSED] - response_feedback = feedback.getResponseText(): null

2022-03-29 21:59:09 - [TEST_STEP][PASSED] - markPassed("result feedback data : " + no + " norek : " + norek + " nopin : " + nopin): result feedback data : 30 norek : 1177001538 nopin : 001

2022-03-29 21:59:09 - [MESSAGE][PASSED] - result feedback data : 30 norek : 1177001538 nopin : 001

2022-03-29 21:59:09 - [TEST_STEP][PASSED] - logInfo($response_feedback): {
  "FeedbackCarInsuranceResponse" : {
    "errorCode" : "00",
    "errorMessage" : "Sukses"
  }
}

2022-03-29 21:59:09 - [MESSAGE][INFO] - {
  "FeedbackCarInsuranceResponse" : {
    "errorCode" : "00",
    "errorMessage" : "Sukses"
  }
}

2022-03-29 21:59:09 - [TEST_STEP][PASSED] - verifyElementPropertyValue(feedback, "FeedbackCarInsuranceResponse.errorMessage", "Sukses", CONTINUE_ON_FAILURE): Verify element property value successfully

2022-03-29 21:59:09 - [MESSAGE][PASSED] - Verify element property value successfully]]></system-out>
         <system-err><![CDATA[]]></system-err>
      </testcase>
      <testcase name="Test Cases/3. get token - feedback insurance" time="1.11" classname="Test Cases/3. get token - feedback insurance" status="FAILED">
         <failure type="FAILED" message="Test Cases/3. get token - feedback insurance FAILED.
Reason:
com.kms.katalon.core.exception.StepFailedException: Expected element property value 'Sukses' is not equal with actual property value 'OSB Service Callout action received SOAP Fault response'
	at com.kms.katalon.core.keyword.internal.KeywordMain.stepFailed(KeywordMain.groovy:39)
	at com.kms.katalon.core.webservice.keyword.builtin.VerifyElementPropertyValueKeyword$_verifyElementPropertyValue_closure1.doCall(VerifyElementPropertyValueKeyword.groovy:56)
	at com.kms.katalon.core.webservice.keyword.builtin.VerifyElementPropertyValueKeyword$_verifyElementPropertyValue_closure1.call(VerifyElementPropertyValueKeyword.groovy)
	at com.kms.katalon.core.keyword.internal.KeywordMain.runKeyword(KeywordMain.groovy:74)
	at com.kms.katalon.core.webservice.keyword.builtin.VerifyElementPropertyValueKeyword.verifyElementPropertyValue(VerifyElementPropertyValueKeyword.groovy:48)
	at com.kms.katalon.core.webservice.keyword.builtin.VerifyElementPropertyValueKeyword.execute(VerifyElementPropertyValueKeyword.groovy:43)
	at com.kms.katalon.core.keyword.internal.KeywordExecutor.executeKeywordForPlatform(KeywordExecutor.groovy:74)
	at com.kms.katalon.core.webservice.keyword.WSBuiltInKeywords.verifyElementPropertyValue(WSBuiltInKeywords.groovy:175)
	at com.kms.katalon.core.webservice.keyword.WSBuiltInKeywords$verifyElementPropertyValue$0.call(Unknown Source)
	at 3. get token - feedback insurance.run(3. get token - feedback insurance:59)
	at com.kms.katalon.core.main.ScriptEngine.run(ScriptEngine.java:194)
	at com.kms.katalon.core.main.ScriptEngine.runScriptAsRawText(ScriptEngine.java:119)
	at com.kms.katalon.core.main.TestCaseExecutor.runScript(TestCaseExecutor.java:442)
	at com.kms.katalon.core.main.TestCaseExecutor.doExecute(TestCaseExecutor.java:433)
	at com.kms.katalon.core.main.TestCaseExecutor.processExecutionPhase(TestCaseExecutor.java:412)
	at com.kms.katalon.core.main.TestCaseExecutor.accessMainPhase(TestCaseExecutor.java:404)
	at com.kms.katalon.core.main.TestCaseExecutor.execute(TestCaseExecutor.java:281)
	at com.kms.katalon.core.main.TestSuiteExecutor.accessTestCaseMainPhase(TestSuiteExecutor.java:202)
	at com.kms.katalon.core.main.TestSuiteExecutor.accessTestSuiteMainPhase(TestSuiteExecutor.java:164)
	at com.kms.katalon.core.main.TestSuiteExecutor.execute(TestSuiteExecutor.java:105)
	at com.kms.katalon.core.main.TestCaseMain.startTestSuite(TestCaseMain.java:181)
	at com.kms.katalon.core.main.TestCaseMain$startTestSuite$0.call(Unknown Source)
	at TempTestSuite1648565904909.run(TempTestSuite1648565904909.groovy:36)
"/>
         <system-out><![CDATA[2022-03-29 21:59:09 - [TEST_CASE][FAILED] - Test Cases/3. get token - feedback insurance: Test Cases/3. get token - feedback insurance FAILED.
Reason:
com.kms.katalon.core.exception.StepFailedException: Expected element property value 'Sukses' is not equal with actual property value 'OSB Service Callout action received SOAP Fault response'
	at com.kms.katalon.core.keyword.internal.KeywordMain.stepFailed(KeywordMain.groovy:39)
	at com.kms.katalon.core.webservice.keyword.builtin.VerifyElementPropertyValueKeyword$_verifyElementPropertyValue_closure1.doCall(VerifyElementPropertyValueKeyword.groovy:56)
	at com.kms.katalon.core.webservice.keyword.builtin.VerifyElementPropertyValueKeyword$_verifyElementPropertyValue_closure1.call(VerifyElementPropertyValueKeyword.groovy)
	at com.kms.katalon.core.keyword.internal.KeywordMain.runKeyword(KeywordMain.groovy:74)
	at com.kms.katalon.core.webservice.keyword.builtin.VerifyElementPropertyValueKeyword.verifyElementPropertyValue(VerifyElementPropertyValueKeyword.groovy:48)
	at com.kms.katalon.core.webservice.keyword.builtin.VerifyElementPropertyValueKeyword.execute(VerifyElementPropertyValueKeyword.groovy:43)
	at com.kms.katalon.core.keyword.internal.KeywordExecutor.executeKeywordForPlatform(KeywordExecutor.groovy:74)
	at com.kms.katalon.core.webservice.keyword.WSBuiltInKeywords.verifyElementPropertyValue(WSBuiltInKeywords.groovy:175)
	at com.kms.katalon.core.webservice.keyword.WSBuiltInKeywords$verifyElementPropertyValue$0.call(Unknown Source)
	at 3. get token - feedback insurance.run(3. get token - feedback insurance:59)
	at com.kms.katalon.core.main.ScriptEngine.run(ScriptEngine.java:194)
	at com.kms.katalon.core.main.ScriptEngine.runScriptAsRawText(ScriptEngine.java:119)
	at com.kms.katalon.core.main.TestCaseExecutor.runScript(TestCaseExecutor.java:442)
	at com.kms.katalon.core.main.TestCaseExecutor.doExecute(TestCaseExecutor.java:433)
	at com.kms.katalon.core.main.TestCaseExecutor.processExecutionPhase(TestCaseExecutor.java:412)
	at com.kms.katalon.core.main.TestCaseExecutor.accessMainPhase(TestCaseExecutor.java:404)
	at com.kms.katalon.core.main.TestCaseExecutor.execute(TestCaseExecutor.java:281)
	at com.kms.katalon.core.main.TestSuiteExecutor.accessTestCaseMainPhase(TestSuiteExecutor.java:202)
	at com.kms.katalon.core.main.TestSuiteExecutor.accessTestSuiteMainPhase(TestSuiteExecutor.java:164)
	at com.kms.katalon.core.main.TestSuiteExecutor.execute(TestSuiteExecutor.java:105)
	at com.kms.katalon.core.main.TestCaseMain.startTestSuite(TestCaseMain.java:181)
	at com.kms.katalon.core.main.TestCaseMain$startTestSuite$0.call(Unknown Source)
	at TempTestSuite1648565904909.run(TempTestSuite1648565904909.groovy:36)


2022-03-29 21:59:09 - [TEST_STEP][PASSED] - token = sendRequest(findTestObject("1. Get-Token")): Send request successfully

2022-03-29 21:59:10 - [MESSAGE][INFO] - HAR: I:\app-testing\app-project\Order car insurance\order-car-insurance\Reports\20220329_215823\3. Get feedback insurance - Batch 1\20220329_215824\requests\main\42.har

2022-03-29 21:59:10 - [MESSAGE][PASSED] - Send request successfully

2022-03-29 21:59:10 - [TEST_STEP][PASSED] - slurper = new groovy.json.JsonSlurper(): null

2022-03-29 21:59:10 - [TEST_STEP][PASSED] - get_token = slurper.parseText(token.getResponseBodyContent()): null

2022-03-29 21:59:10 - [TEST_STEP][PASSED] - private_token = access_token: null

2022-03-29 21:59:10 - [TEST_STEP][PASSED] - global_token = private_token: null

2022-03-29 21:59:10 - [TEST_STEP][PASSED] - println("token is :" + global_token): null

2022-03-29 21:59:10 - [TEST_STEP][PASSED] - response_token = token.getResponseText(): null

2022-03-29 21:59:10 - [TEST_STEP][PASSED] - logInfo($response_token): 
            {
                "token_type": "BearerToken",
                "access_token": "6a8cuR9AM6WstTaxC78fmzpsJADD",
                "expires_in": "1799",
                "scope": ""
            }
        

2022-03-29 21:59:10 - [MESSAGE][INFO] - 
            {
                "token_type": "BearerToken",
                "access_token": "6a8cuR9AM6WstTaxC78fmzpsJADD",
                "expires_in": "1799",
                "scope": ""
            }
        

2022-03-29 21:59:10 - [TEST_STEP][PASSED] - feedback = sendRequest(findTestObject("4. Feedback-ins", ["s_key":global_token, "batchid":batchid, "norek":norek, "nopin":nopin, "custname":custname, "pemohon":pemohon, "branchid":branchid, ... ])): Send request successfully

2022-03-29 21:59:10 - [MESSAGE][INFO] - HAR: I:\app-testing\app-project\Order car insurance\order-car-insurance\Reports\20220329_215823\3. Get feedback insurance - Batch 1\20220329_215824\requests\main\43.har

2022-03-29 21:59:10 - [MESSAGE][PASSED] - Send request successfully

2022-03-29 21:59:10 - [TEST_STEP][PASSED] - response_feedback = feedback.getResponseText(): null

2022-03-29 21:59:10 - [TEST_STEP][PASSED] - markPassed("result feedback data : " + no + " norek : " + norek + " nopin : " + nopin): result feedback data : 31 norek : 1220003623 nopin : 001

2022-03-29 21:59:10 - [MESSAGE][PASSED] - result feedback data : 31 norek : 1220003623 nopin : 001

2022-03-29 21:59:10 - [TEST_STEP][PASSED] - logInfo($response_feedback): <?xml version="1.0" encoding="UTF-8"?>
<err:RestError xmlns:err="http://www.bea.com/wli/sb/errors"><err:errorMessage>OSB Service Callout action received SOAP Fault response</err:errorMessage><err:errorCode>OSB-382500</err:errorCode></err:RestError>

2022-03-29 21:59:10 - [MESSAGE][INFO] - <?xml version="1.0" encoding="UTF-8"?>
<err:RestError xmlns:err="http://www.bea.com/wli/sb/errors"><err:errorMessage>OSB Service Callout action received SOAP Fault response</err:errorMessage><err:errorCode>OSB-382500</err:errorCode></err:RestError>

2022-03-29 21:59:10 - [TEST_STEP][FAILED] - verifyElementPropertyValue(feedback, "FeedbackCarInsuranceResponse.errorMessage", "Sukses", CONTINUE_ON_FAILURE): Expected element property value 'Sukses' is not equal with actual property value 'OSB Service Callout action received SOAP Fault response'

2022-03-29 21:59:10 - [MESSAGE][FAILED] - Expected element property value 'Sukses' is not equal with actual property value 'OSB Service Callout action received SOAP Fault response']]></system-out>
         <system-err><![CDATA[2022-03-29 21:59:09 - [TEST_CASE][FAILED] - Test Cases/3. get token - feedback insurance: Test Cases/3. get token - feedback insurance FAILED.
Reason:
com.kms.katalon.core.exception.StepFailedException: Expected element property value 'Sukses' is not equal with actual property value 'OSB Service Callout action received SOAP Fault response'
	at com.kms.katalon.core.keyword.internal.KeywordMain.stepFailed(KeywordMain.groovy:39)
	at com.kms.katalon.core.webservice.keyword.builtin.VerifyElementPropertyValueKeyword$_verifyElementPropertyValue_closure1.doCall(VerifyElementPropertyValueKeyword.groovy:56)
	at com.kms.katalon.core.webservice.keyword.builtin.VerifyElementPropertyValueKeyword$_verifyElementPropertyValue_closure1.call(VerifyElementPropertyValueKeyword.groovy)
	at com.kms.katalon.core.keyword.internal.KeywordMain.runKeyword(KeywordMain.groovy:74)
	at com.kms.katalon.core.webservice.keyword.builtin.VerifyElementPropertyValueKeyword.verifyElementPropertyValue(VerifyElementPropertyValueKeyword.groovy:48)
	at com.kms.katalon.core.webservice.keyword.builtin.VerifyElementPropertyValueKeyword.execute(VerifyElementPropertyValueKeyword.groovy:43)
	at com.kms.katalon.core.keyword.internal.KeywordExecutor.executeKeywordForPlatform(KeywordExecutor.groovy:74)
	at com.kms.katalon.core.webservice.keyword.WSBuiltInKeywords.verifyElementPropertyValue(WSBuiltInKeywords.groovy:175)
	at com.kms.katalon.core.webservice.keyword.WSBuiltInKeywords$verifyElementPropertyValue$0.call(Unknown Source)
	at 3. get token - feedback insurance.run(3. get token - feedback insurance:59)
	at com.kms.katalon.core.main.ScriptEngine.run(ScriptEngine.java:194)
	at com.kms.katalon.core.main.ScriptEngine.runScriptAsRawText(ScriptEngine.java:119)
	at com.kms.katalon.core.main.TestCaseExecutor.runScript(TestCaseExecutor.java:442)
	at com.kms.katalon.core.main.TestCaseExecutor.doExecute(TestCaseExecutor.java:433)
	at com.kms.katalon.core.main.TestCaseExecutor.processExecutionPhase(TestCaseExecutor.java:412)
	at com.kms.katalon.core.main.TestCaseExecutor.accessMainPhase(TestCaseExecutor.java:404)
	at com.kms.katalon.core.main.TestCaseExecutor.execute(TestCaseExecutor.java:281)
	at com.kms.katalon.core.main.TestSuiteExecutor.accessTestCaseMainPhase(TestSuiteExecutor.java:202)
	at com.kms.katalon.core.main.TestSuiteExecutor.accessTestSuiteMainPhase(TestSuiteExecutor.java:164)
	at com.kms.katalon.core.main.TestSuiteExecutor.execute(TestSuiteExecutor.java:105)
	at com.kms.katalon.core.main.TestCaseMain.startTestSuite(TestCaseMain.java:181)
	at com.kms.katalon.core.main.TestCaseMain$startTestSuite$0.call(Unknown Source)
	at TempTestSuite1648565904909.run(TempTestSuite1648565904909.groovy:36)]]></system-err>
      </testcase>
      <testcase name="Test Cases/3. get token - feedback insurance" time="0.896" classname="Test Cases/3. get token - feedback insurance" status="FAILED">
         <failure type="FAILED" message="Test Cases/3. get token - feedback insurance FAILED.
Reason:
com.kms.katalon.core.exception.StepFailedException: Expected element property value 'Sukses' is not equal with actual property value 'OSB Service Callout action received SOAP Fault response'
	at com.kms.katalon.core.keyword.internal.KeywordMain.stepFailed(KeywordMain.groovy:39)
	at com.kms.katalon.core.webservice.keyword.builtin.VerifyElementPropertyValueKeyword$_verifyElementPropertyValue_closure1.doCall(VerifyElementPropertyValueKeyword.groovy:56)
	at com.kms.katalon.core.webservice.keyword.builtin.VerifyElementPropertyValueKeyword$_verifyElementPropertyValue_closure1.call(VerifyElementPropertyValueKeyword.groovy)
	at com.kms.katalon.core.keyword.internal.KeywordMain.runKeyword(KeywordMain.groovy:74)
	at com.kms.katalon.core.webservice.keyword.builtin.VerifyElementPropertyValueKeyword.verifyElementPropertyValue(VerifyElementPropertyValueKeyword.groovy:48)
	at com.kms.katalon.core.webservice.keyword.builtin.VerifyElementPropertyValueKeyword.execute(VerifyElementPropertyValueKeyword.groovy:43)
	at com.kms.katalon.core.keyword.internal.KeywordExecutor.executeKeywordForPlatform(KeywordExecutor.groovy:74)
	at com.kms.katalon.core.webservice.keyword.WSBuiltInKeywords.verifyElementPropertyValue(WSBuiltInKeywords.groovy:175)
	at com.kms.katalon.core.webservice.keyword.WSBuiltInKeywords$verifyElementPropertyValue$0.call(Unknown Source)
	at 3. get token - feedback insurance.run(3. get token - feedback insurance:59)
	at com.kms.katalon.core.main.ScriptEngine.run(ScriptEngine.java:194)
	at com.kms.katalon.core.main.ScriptEngine.runScriptAsRawText(ScriptEngine.java:119)
	at com.kms.katalon.core.main.TestCaseExecutor.runScript(TestCaseExecutor.java:442)
	at com.kms.katalon.core.main.TestCaseExecutor.doExecute(TestCaseExecutor.java:433)
	at com.kms.katalon.core.main.TestCaseExecutor.processExecutionPhase(TestCaseExecutor.java:412)
	at com.kms.katalon.core.main.TestCaseExecutor.accessMainPhase(TestCaseExecutor.java:404)
	at com.kms.katalon.core.main.TestCaseExecutor.execute(TestCaseExecutor.java:281)
	at com.kms.katalon.core.main.TestSuiteExecutor.accessTestCaseMainPhase(TestSuiteExecutor.java:202)
	at com.kms.katalon.core.main.TestSuiteExecutor.accessTestSuiteMainPhase(TestSuiteExecutor.java:164)
	at com.kms.katalon.core.main.TestSuiteExecutor.execute(TestSuiteExecutor.java:105)
	at com.kms.katalon.core.main.TestCaseMain.startTestSuite(TestCaseMain.java:181)
	at com.kms.katalon.core.main.TestCaseMain$startTestSuite$0.call(Unknown Source)
	at TempTestSuite1648565904909.run(TempTestSuite1648565904909.groovy:36)
"/>
         <system-out><![CDATA[2022-03-29 21:59:11 - [TEST_CASE][FAILED] - Test Cases/3. get token - feedback insurance: Test Cases/3. get token - feedback insurance FAILED.
Reason:
com.kms.katalon.core.exception.StepFailedException: Expected element property value 'Sukses' is not equal with actual property value 'OSB Service Callout action received SOAP Fault response'
	at com.kms.katalon.core.keyword.internal.KeywordMain.stepFailed(KeywordMain.groovy:39)
	at com.kms.katalon.core.webservice.keyword.builtin.VerifyElementPropertyValueKeyword$_verifyElementPropertyValue_closure1.doCall(VerifyElementPropertyValueKeyword.groovy:56)
	at com.kms.katalon.core.webservice.keyword.builtin.VerifyElementPropertyValueKeyword$_verifyElementPropertyValue_closure1.call(VerifyElementPropertyValueKeyword.groovy)
	at com.kms.katalon.core.keyword.internal.KeywordMain.runKeyword(KeywordMain.groovy:74)
	at com.kms.katalon.core.webservice.keyword.builtin.VerifyElementPropertyValueKeyword.verifyElementPropertyValue(VerifyElementPropertyValueKeyword.groovy:48)
	at com.kms.katalon.core.webservice.keyword.builtin.VerifyElementPropertyValueKeyword.execute(VerifyElementPropertyValueKeyword.groovy:43)
	at com.kms.katalon.core.keyword.internal.KeywordExecutor.executeKeywordForPlatform(KeywordExecutor.groovy:74)
	at com.kms.katalon.core.webservice.keyword.WSBuiltInKeywords.verifyElementPropertyValue(WSBuiltInKeywords.groovy:175)
	at com.kms.katalon.core.webservice.keyword.WSBuiltInKeywords$verifyElementPropertyValue$0.call(Unknown Source)
	at 3. get token - feedback insurance.run(3. get token - feedback insurance:59)
	at com.kms.katalon.core.main.ScriptEngine.run(ScriptEngine.java:194)
	at com.kms.katalon.core.main.ScriptEngine.runScriptAsRawText(ScriptEngine.java:119)
	at com.kms.katalon.core.main.TestCaseExecutor.runScript(TestCaseExecutor.java:442)
	at com.kms.katalon.core.main.TestCaseExecutor.doExecute(TestCaseExecutor.java:433)
	at com.kms.katalon.core.main.TestCaseExecutor.processExecutionPhase(TestCaseExecutor.java:412)
	at com.kms.katalon.core.main.TestCaseExecutor.accessMainPhase(TestCaseExecutor.java:404)
	at com.kms.katalon.core.main.TestCaseExecutor.execute(TestCaseExecutor.java:281)
	at com.kms.katalon.core.main.TestSuiteExecutor.accessTestCaseMainPhase(TestSuiteExecutor.java:202)
	at com.kms.katalon.core.main.TestSuiteExecutor.accessTestSuiteMainPhase(TestSuiteExecutor.java:164)
	at com.kms.katalon.core.main.TestSuiteExecutor.execute(TestSuiteExecutor.java:105)
	at com.kms.katalon.core.main.TestCaseMain.startTestSuite(TestCaseMain.java:181)
	at com.kms.katalon.core.main.TestCaseMain$startTestSuite$0.call(Unknown Source)
	at TempTestSuite1648565904909.run(TempTestSuite1648565904909.groovy:36)


2022-03-29 21:59:11 - [TEST_STEP][PASSED] - token = sendRequest(findTestObject("1. Get-Token")): Send request successfully

2022-03-29 21:59:11 - [MESSAGE][INFO] - HAR: I:\app-testing\app-project\Order car insurance\order-car-insurance\Reports\20220329_215823\3. Get feedback insurance - Batch 1\20220329_215824\requests\main\44.har

2022-03-29 21:59:11 - [MESSAGE][PASSED] - Send request successfully

2022-03-29 21:59:11 - [TEST_STEP][PASSED] - slurper = new groovy.json.JsonSlurper(): null

2022-03-29 21:59:11 - [TEST_STEP][PASSED] - get_token = slurper.parseText(token.getResponseBodyContent()): null

2022-03-29 21:59:11 - [TEST_STEP][PASSED] - private_token = access_token: null

2022-03-29 21:59:11 - [TEST_STEP][PASSED] - global_token = private_token: null

2022-03-29 21:59:11 - [TEST_STEP][PASSED] - println("token is :" + global_token): null

2022-03-29 21:59:11 - [TEST_STEP][PASSED] - response_token = token.getResponseText(): null

2022-03-29 21:59:11 - [TEST_STEP][PASSED] - logInfo($response_token): 
            {
                "token_type": "BearerToken",
                "access_token": "rEdw5dRgjN2wsC1e45wgVGcKYVlU",
                "expires_in": "1799",
                "scope": ""
            }
        

2022-03-29 21:59:11 - [MESSAGE][INFO] - 
            {
                "token_type": "BearerToken",
                "access_token": "rEdw5dRgjN2wsC1e45wgVGcKYVlU",
                "expires_in": "1799",
                "scope": ""
            }
        

2022-03-29 21:59:11 - [TEST_STEP][PASSED] - feedback = sendRequest(findTestObject("4. Feedback-ins", ["s_key":global_token, "batchid":batchid, "norek":norek, "nopin":nopin, "custname":custname, "pemohon":pemohon, "branchid":branchid, ... ])): Send request successfully

2022-03-29 21:59:12 - [MESSAGE][INFO] - HAR: I:\app-testing\app-project\Order car insurance\order-car-insurance\Reports\20220329_215823\3. Get feedback insurance - Batch 1\20220329_215824\requests\main\45.har

2022-03-29 21:59:12 - [MESSAGE][PASSED] - Send request successfully

2022-03-29 21:59:12 - [TEST_STEP][PASSED] - response_feedback = feedback.getResponseText(): null

2022-03-29 21:59:12 - [TEST_STEP][PASSED] - markPassed("result feedback data : " + no + " norek : " + norek + " nopin : " + nopin): result feedback data : 32 norek : 1220003623 nopin : 001

2022-03-29 21:59:12 - [MESSAGE][PASSED] - result feedback data : 32 norek : 1220003623 nopin : 001

2022-03-29 21:59:12 - [TEST_STEP][PASSED] - logInfo($response_feedback): <?xml version="1.0" encoding="UTF-8"?>
<err:RestError xmlns:err="http://www.bea.com/wli/sb/errors"><err:errorMessage>OSB Service Callout action received SOAP Fault response</err:errorMessage><err:errorCode>OSB-382500</err:errorCode></err:RestError>

2022-03-29 21:59:12 - [MESSAGE][INFO] - <?xml version="1.0" encoding="UTF-8"?>
<err:RestError xmlns:err="http://www.bea.com/wli/sb/errors"><err:errorMessage>OSB Service Callout action received SOAP Fault response</err:errorMessage><err:errorCode>OSB-382500</err:errorCode></err:RestError>

2022-03-29 21:59:12 - [TEST_STEP][FAILED] - verifyElementPropertyValue(feedback, "FeedbackCarInsuranceResponse.errorMessage", "Sukses", CONTINUE_ON_FAILURE): Expected element property value 'Sukses' is not equal with actual property value 'OSB Service Callout action received SOAP Fault response'

2022-03-29 21:59:12 - [MESSAGE][FAILED] - Expected element property value 'Sukses' is not equal with actual property value 'OSB Service Callout action received SOAP Fault response']]></system-out>
         <system-err><![CDATA[2022-03-29 21:59:11 - [TEST_CASE][FAILED] - Test Cases/3. get token - feedback insurance: Test Cases/3. get token - feedback insurance FAILED.
Reason:
com.kms.katalon.core.exception.StepFailedException: Expected element property value 'Sukses' is not equal with actual property value 'OSB Service Callout action received SOAP Fault response'
	at com.kms.katalon.core.keyword.internal.KeywordMain.stepFailed(KeywordMain.groovy:39)
	at com.kms.katalon.core.webservice.keyword.builtin.VerifyElementPropertyValueKeyword$_verifyElementPropertyValue_closure1.doCall(VerifyElementPropertyValueKeyword.groovy:56)
	at com.kms.katalon.core.webservice.keyword.builtin.VerifyElementPropertyValueKeyword$_verifyElementPropertyValue_closure1.call(VerifyElementPropertyValueKeyword.groovy)
	at com.kms.katalon.core.keyword.internal.KeywordMain.runKeyword(KeywordMain.groovy:74)
	at com.kms.katalon.core.webservice.keyword.builtin.VerifyElementPropertyValueKeyword.verifyElementPropertyValue(VerifyElementPropertyValueKeyword.groovy:48)
	at com.kms.katalon.core.webservice.keyword.builtin.VerifyElementPropertyValueKeyword.execute(VerifyElementPropertyValueKeyword.groovy:43)
	at com.kms.katalon.core.keyword.internal.KeywordExecutor.executeKeywordForPlatform(KeywordExecutor.groovy:74)
	at com.kms.katalon.core.webservice.keyword.WSBuiltInKeywords.verifyElementPropertyValue(WSBuiltInKeywords.groovy:175)
	at com.kms.katalon.core.webservice.keyword.WSBuiltInKeywords$verifyElementPropertyValue$0.call(Unknown Source)
	at 3. get token - feedback insurance.run(3. get token - feedback insurance:59)
	at com.kms.katalon.core.main.ScriptEngine.run(ScriptEngine.java:194)
	at com.kms.katalon.core.main.ScriptEngine.runScriptAsRawText(ScriptEngine.java:119)
	at com.kms.katalon.core.main.TestCaseExecutor.runScript(TestCaseExecutor.java:442)
	at com.kms.katalon.core.main.TestCaseExecutor.doExecute(TestCaseExecutor.java:433)
	at com.kms.katalon.core.main.TestCaseExecutor.processExecutionPhase(TestCaseExecutor.java:412)
	at com.kms.katalon.core.main.TestCaseExecutor.accessMainPhase(TestCaseExecutor.java:404)
	at com.kms.katalon.core.main.TestCaseExecutor.execute(TestCaseExecutor.java:281)
	at com.kms.katalon.core.main.TestSuiteExecutor.accessTestCaseMainPhase(TestSuiteExecutor.java:202)
	at com.kms.katalon.core.main.TestSuiteExecutor.accessTestSuiteMainPhase(TestSuiteExecutor.java:164)
	at com.kms.katalon.core.main.TestSuiteExecutor.execute(TestSuiteExecutor.java:105)
	at com.kms.katalon.core.main.TestCaseMain.startTestSuite(TestCaseMain.java:181)
	at com.kms.katalon.core.main.TestCaseMain$startTestSuite$0.call(Unknown Source)
	at TempTestSuite1648565904909.run(TempTestSuite1648565904909.groovy:36)]]></system-err>
      </testcase>
      <testcase name="Test Cases/3. get token - feedback insurance" time="0.945" classname="Test Cases/3. get token - feedback insurance" status="FAILED">
         <failure type="FAILED" message="Test Cases/3. get token - feedback insurance FAILED.
Reason:
com.kms.katalon.core.exception.StepFailedException: Expected element property value 'Sukses' is not equal with actual property value 'OSB Service Callout action received SOAP Fault response'
	at com.kms.katalon.core.keyword.internal.KeywordMain.stepFailed(KeywordMain.groovy:39)
	at com.kms.katalon.core.webservice.keyword.builtin.VerifyElementPropertyValueKeyword$_verifyElementPropertyValue_closure1.doCall(VerifyElementPropertyValueKeyword.groovy:56)
	at com.kms.katalon.core.webservice.keyword.builtin.VerifyElementPropertyValueKeyword$_verifyElementPropertyValue_closure1.call(VerifyElementPropertyValueKeyword.groovy)
	at com.kms.katalon.core.keyword.internal.KeywordMain.runKeyword(KeywordMain.groovy:74)
	at com.kms.katalon.core.webservice.keyword.builtin.VerifyElementPropertyValueKeyword.verifyElementPropertyValue(VerifyElementPropertyValueKeyword.groovy:48)
	at com.kms.katalon.core.webservice.keyword.builtin.VerifyElementPropertyValueKeyword.execute(VerifyElementPropertyValueKeyword.groovy:43)
	at com.kms.katalon.core.keyword.internal.KeywordExecutor.executeKeywordForPlatform(KeywordExecutor.groovy:74)
	at com.kms.katalon.core.webservice.keyword.WSBuiltInKeywords.verifyElementPropertyValue(WSBuiltInKeywords.groovy:175)
	at com.kms.katalon.core.webservice.keyword.WSBuiltInKeywords$verifyElementPropertyValue$0.call(Unknown Source)
	at 3. get token - feedback insurance.run(3. get token - feedback insurance:59)
	at com.kms.katalon.core.main.ScriptEngine.run(ScriptEngine.java:194)
	at com.kms.katalon.core.main.ScriptEngine.runScriptAsRawText(ScriptEngine.java:119)
	at com.kms.katalon.core.main.TestCaseExecutor.runScript(TestCaseExecutor.java:442)
	at com.kms.katalon.core.main.TestCaseExecutor.doExecute(TestCaseExecutor.java:433)
	at com.kms.katalon.core.main.TestCaseExecutor.processExecutionPhase(TestCaseExecutor.java:412)
	at com.kms.katalon.core.main.TestCaseExecutor.accessMainPhase(TestCaseExecutor.java:404)
	at com.kms.katalon.core.main.TestCaseExecutor.execute(TestCaseExecutor.java:281)
	at com.kms.katalon.core.main.TestSuiteExecutor.accessTestCaseMainPhase(TestSuiteExecutor.java:202)
	at com.kms.katalon.core.main.TestSuiteExecutor.accessTestSuiteMainPhase(TestSuiteExecutor.java:164)
	at com.kms.katalon.core.main.TestSuiteExecutor.execute(TestSuiteExecutor.java:105)
	at com.kms.katalon.core.main.TestCaseMain.startTestSuite(TestCaseMain.java:181)
	at com.kms.katalon.core.main.TestCaseMain$startTestSuite$0.call(Unknown Source)
	at TempTestSuite1648565904909.run(TempTestSuite1648565904909.groovy:36)
"/>
         <system-out><![CDATA[2022-03-29 21:59:12 - [TEST_CASE][FAILED] - Test Cases/3. get token - feedback insurance: Test Cases/3. get token - feedback insurance FAILED.
Reason:
com.kms.katalon.core.exception.StepFailedException: Expected element property value 'Sukses' is not equal with actual property value 'OSB Service Callout action received SOAP Fault response'
	at com.kms.katalon.core.keyword.internal.KeywordMain.stepFailed(KeywordMain.groovy:39)
	at com.kms.katalon.core.webservice.keyword.builtin.VerifyElementPropertyValueKeyword$_verifyElementPropertyValue_closure1.doCall(VerifyElementPropertyValueKeyword.groovy:56)
	at com.kms.katalon.core.webservice.keyword.builtin.VerifyElementPropertyValueKeyword$_verifyElementPropertyValue_closure1.call(VerifyElementPropertyValueKeyword.groovy)
	at com.kms.katalon.core.keyword.internal.KeywordMain.runKeyword(KeywordMain.groovy:74)
	at com.kms.katalon.core.webservice.keyword.builtin.VerifyElementPropertyValueKeyword.verifyElementPropertyValue(VerifyElementPropertyValueKeyword.groovy:48)
	at com.kms.katalon.core.webservice.keyword.builtin.VerifyElementPropertyValueKeyword.execute(VerifyElementPropertyValueKeyword.groovy:43)
	at com.kms.katalon.core.keyword.internal.KeywordExecutor.executeKeywordForPlatform(KeywordExecutor.groovy:74)
	at com.kms.katalon.core.webservice.keyword.WSBuiltInKeywords.verifyElementPropertyValue(WSBuiltInKeywords.groovy:175)
	at com.kms.katalon.core.webservice.keyword.WSBuiltInKeywords$verifyElementPropertyValue$0.call(Unknown Source)
	at 3. get token - feedback insurance.run(3. get token - feedback insurance:59)
	at com.kms.katalon.core.main.ScriptEngine.run(ScriptEngine.java:194)
	at com.kms.katalon.core.main.ScriptEngine.runScriptAsRawText(ScriptEngine.java:119)
	at com.kms.katalon.core.main.TestCaseExecutor.runScript(TestCaseExecutor.java:442)
	at com.kms.katalon.core.main.TestCaseExecutor.doExecute(TestCaseExecutor.java:433)
	at com.kms.katalon.core.main.TestCaseExecutor.processExecutionPhase(TestCaseExecutor.java:412)
	at com.kms.katalon.core.main.TestCaseExecutor.accessMainPhase(TestCaseExecutor.java:404)
	at com.kms.katalon.core.main.TestCaseExecutor.execute(TestCaseExecutor.java:281)
	at com.kms.katalon.core.main.TestSuiteExecutor.accessTestCaseMainPhase(TestSuiteExecutor.java:202)
	at com.kms.katalon.core.main.TestSuiteExecutor.accessTestSuiteMainPhase(TestSuiteExecutor.java:164)
	at com.kms.katalon.core.main.TestSuiteExecutor.execute(TestSuiteExecutor.java:105)
	at com.kms.katalon.core.main.TestCaseMain.startTestSuite(TestCaseMain.java:181)
	at com.kms.katalon.core.main.TestCaseMain$startTestSuite$0.call(Unknown Source)
	at TempTestSuite1648565904909.run(TempTestSuite1648565904909.groovy:36)


2022-03-29 21:59:12 - [TEST_STEP][PASSED] - token = sendRequest(findTestObject("1. Get-Token")): Send request successfully

2022-03-29 21:59:12 - [MESSAGE][INFO] - HAR: I:\app-testing\app-project\Order car insurance\order-car-insurance\Reports\20220329_215823\3. Get feedback insurance - Batch 1\20220329_215824\requests\main\46.har

2022-03-29 21:59:12 - [MESSAGE][PASSED] - Send request successfully

2022-03-29 21:59:12 - [TEST_STEP][PASSED] - slurper = new groovy.json.JsonSlurper(): null

2022-03-29 21:59:12 - [TEST_STEP][PASSED] - get_token = slurper.parseText(token.getResponseBodyContent()): null

2022-03-29 21:59:12 - [TEST_STEP][PASSED] - private_token = access_token: null

2022-03-29 21:59:12 - [TEST_STEP][PASSED] - global_token = private_token: null

2022-03-29 21:59:12 - [TEST_STEP][PASSED] - println("token is :" + global_token): null

2022-03-29 21:59:12 - [TEST_STEP][PASSED] - response_token = token.getResponseText(): null

2022-03-29 21:59:12 - [TEST_STEP][PASSED] - logInfo($response_token): 
            {
                "token_type": "BearerToken",
                "access_token": "pTLJYTloB8WiEGOuYGTWZcK2ek9I",
                "expires_in": "1799",
                "scope": ""
            }
        

2022-03-29 21:59:12 - [MESSAGE][INFO] - 
            {
                "token_type": "BearerToken",
                "access_token": "pTLJYTloB8WiEGOuYGTWZcK2ek9I",
                "expires_in": "1799",
                "scope": ""
            }
        

2022-03-29 21:59:12 - [TEST_STEP][PASSED] - feedback = sendRequest(findTestObject("4. Feedback-ins", ["s_key":global_token, "batchid":batchid, "norek":norek, "nopin":nopin, "custname":custname, "pemohon":pemohon, "branchid":branchid, ... ])): Send request successfully

2022-03-29 21:59:13 - [MESSAGE][INFO] - HAR: I:\app-testing\app-project\Order car insurance\order-car-insurance\Reports\20220329_215823\3. Get feedback insurance - Batch 1\20220329_215824\requests\main\47.har

2022-03-29 21:59:13 - [MESSAGE][PASSED] - Send request successfully

2022-03-29 21:59:13 - [TEST_STEP][PASSED] - response_feedback = feedback.getResponseText(): null

2022-03-29 21:59:13 - [TEST_STEP][PASSED] - markPassed("result feedback data : " + no + " norek : " + norek + " nopin : " + nopin): result feedback data : 33 norek : 1220003623 nopin : 001

2022-03-29 21:59:13 - [MESSAGE][PASSED] - result feedback data : 33 norek : 1220003623 nopin : 001

2022-03-29 21:59:13 - [TEST_STEP][PASSED] - logInfo($response_feedback): <?xml version="1.0" encoding="UTF-8"?>
<err:RestError xmlns:err="http://www.bea.com/wli/sb/errors"><err:errorMessage>OSB Service Callout action received SOAP Fault response</err:errorMessage><err:errorCode>OSB-382500</err:errorCode></err:RestError>

2022-03-29 21:59:13 - [MESSAGE][INFO] - <?xml version="1.0" encoding="UTF-8"?>
<err:RestError xmlns:err="http://www.bea.com/wli/sb/errors"><err:errorMessage>OSB Service Callout action received SOAP Fault response</err:errorMessage><err:errorCode>OSB-382500</err:errorCode></err:RestError>

2022-03-29 21:59:13 - [TEST_STEP][FAILED] - verifyElementPropertyValue(feedback, "FeedbackCarInsuranceResponse.errorMessage", "Sukses", CONTINUE_ON_FAILURE): Expected element property value 'Sukses' is not equal with actual property value 'OSB Service Callout action received SOAP Fault response'

2022-03-29 21:59:13 - [MESSAGE][FAILED] - Expected element property value 'Sukses' is not equal with actual property value 'OSB Service Callout action received SOAP Fault response']]></system-out>
         <system-err><![CDATA[2022-03-29 21:59:12 - [TEST_CASE][FAILED] - Test Cases/3. get token - feedback insurance: Test Cases/3. get token - feedback insurance FAILED.
Reason:
com.kms.katalon.core.exception.StepFailedException: Expected element property value 'Sukses' is not equal with actual property value 'OSB Service Callout action received SOAP Fault response'
	at com.kms.katalon.core.keyword.internal.KeywordMain.stepFailed(KeywordMain.groovy:39)
	at com.kms.katalon.core.webservice.keyword.builtin.VerifyElementPropertyValueKeyword$_verifyElementPropertyValue_closure1.doCall(VerifyElementPropertyValueKeyword.groovy:56)
	at com.kms.katalon.core.webservice.keyword.builtin.VerifyElementPropertyValueKeyword$_verifyElementPropertyValue_closure1.call(VerifyElementPropertyValueKeyword.groovy)
	at com.kms.katalon.core.keyword.internal.KeywordMain.runKeyword(KeywordMain.groovy:74)
	at com.kms.katalon.core.webservice.keyword.builtin.VerifyElementPropertyValueKeyword.verifyElementPropertyValue(VerifyElementPropertyValueKeyword.groovy:48)
	at com.kms.katalon.core.webservice.keyword.builtin.VerifyElementPropertyValueKeyword.execute(VerifyElementPropertyValueKeyword.groovy:43)
	at com.kms.katalon.core.keyword.internal.KeywordExecutor.executeKeywordForPlatform(KeywordExecutor.groovy:74)
	at com.kms.katalon.core.webservice.keyword.WSBuiltInKeywords.verifyElementPropertyValue(WSBuiltInKeywords.groovy:175)
	at com.kms.katalon.core.webservice.keyword.WSBuiltInKeywords$verifyElementPropertyValue$0.call(Unknown Source)
	at 3. get token - feedback insurance.run(3. get token - feedback insurance:59)
	at com.kms.katalon.core.main.ScriptEngine.run(ScriptEngine.java:194)
	at com.kms.katalon.core.main.ScriptEngine.runScriptAsRawText(ScriptEngine.java:119)
	at com.kms.katalon.core.main.TestCaseExecutor.runScript(TestCaseExecutor.java:442)
	at com.kms.katalon.core.main.TestCaseExecutor.doExecute(TestCaseExecutor.java:433)
	at com.kms.katalon.core.main.TestCaseExecutor.processExecutionPhase(TestCaseExecutor.java:412)
	at com.kms.katalon.core.main.TestCaseExecutor.accessMainPhase(TestCaseExecutor.java:404)
	at com.kms.katalon.core.main.TestCaseExecutor.execute(TestCaseExecutor.java:281)
	at com.kms.katalon.core.main.TestSuiteExecutor.accessTestCaseMainPhase(TestSuiteExecutor.java:202)
	at com.kms.katalon.core.main.TestSuiteExecutor.accessTestSuiteMainPhase(TestSuiteExecutor.java:164)
	at com.kms.katalon.core.main.TestSuiteExecutor.execute(TestSuiteExecutor.java:105)
	at com.kms.katalon.core.main.TestCaseMain.startTestSuite(TestCaseMain.java:181)
	at com.kms.katalon.core.main.TestCaseMain$startTestSuite$0.call(Unknown Source)
	at TempTestSuite1648565904909.run(TempTestSuite1648565904909.groovy:36)]]></system-err>
      </testcase>
      <testcase name="Test Cases/3. get token - feedback insurance" time="0.888" classname="Test Cases/3. get token - feedback insurance" status="FAILED">
         <failure type="FAILED" message="Test Cases/3. get token - feedback insurance FAILED.
Reason:
com.kms.katalon.core.exception.StepFailedException: Expected element property value 'Sukses' is not equal with actual property value 'OSB Service Callout action received SOAP Fault response'
	at com.kms.katalon.core.keyword.internal.KeywordMain.stepFailed(KeywordMain.groovy:39)
	at com.kms.katalon.core.webservice.keyword.builtin.VerifyElementPropertyValueKeyword$_verifyElementPropertyValue_closure1.doCall(VerifyElementPropertyValueKeyword.groovy:56)
	at com.kms.katalon.core.webservice.keyword.builtin.VerifyElementPropertyValueKeyword$_verifyElementPropertyValue_closure1.call(VerifyElementPropertyValueKeyword.groovy)
	at com.kms.katalon.core.keyword.internal.KeywordMain.runKeyword(KeywordMain.groovy:74)
	at com.kms.katalon.core.webservice.keyword.builtin.VerifyElementPropertyValueKeyword.verifyElementPropertyValue(VerifyElementPropertyValueKeyword.groovy:48)
	at com.kms.katalon.core.webservice.keyword.builtin.VerifyElementPropertyValueKeyword.execute(VerifyElementPropertyValueKeyword.groovy:43)
	at com.kms.katalon.core.keyword.internal.KeywordExecutor.executeKeywordForPlatform(KeywordExecutor.groovy:74)
	at com.kms.katalon.core.webservice.keyword.WSBuiltInKeywords.verifyElementPropertyValue(WSBuiltInKeywords.groovy:175)
	at com.kms.katalon.core.webservice.keyword.WSBuiltInKeywords$verifyElementPropertyValue$0.call(Unknown Source)
	at 3. get token - feedback insurance.run(3. get token - feedback insurance:59)
	at com.kms.katalon.core.main.ScriptEngine.run(ScriptEngine.java:194)
	at com.kms.katalon.core.main.ScriptEngine.runScriptAsRawText(ScriptEngine.java:119)
	at com.kms.katalon.core.main.TestCaseExecutor.runScript(TestCaseExecutor.java:442)
	at com.kms.katalon.core.main.TestCaseExecutor.doExecute(TestCaseExecutor.java:433)
	at com.kms.katalon.core.main.TestCaseExecutor.processExecutionPhase(TestCaseExecutor.java:412)
	at com.kms.katalon.core.main.TestCaseExecutor.accessMainPhase(TestCaseExecutor.java:404)
	at com.kms.katalon.core.main.TestCaseExecutor.execute(TestCaseExecutor.java:281)
	at com.kms.katalon.core.main.TestSuiteExecutor.accessTestCaseMainPhase(TestSuiteExecutor.java:202)
	at com.kms.katalon.core.main.TestSuiteExecutor.accessTestSuiteMainPhase(TestSuiteExecutor.java:164)
	at com.kms.katalon.core.main.TestSuiteExecutor.execute(TestSuiteExecutor.java:105)
	at com.kms.katalon.core.main.TestCaseMain.startTestSuite(TestCaseMain.java:181)
	at com.kms.katalon.core.main.TestCaseMain$startTestSuite$0.call(Unknown Source)
	at TempTestSuite1648565904909.run(TempTestSuite1648565904909.groovy:36)
"/>
         <system-out><![CDATA[2022-03-29 21:59:13 - [TEST_CASE][FAILED] - Test Cases/3. get token - feedback insurance: Test Cases/3. get token - feedback insurance FAILED.
Reason:
com.kms.katalon.core.exception.StepFailedException: Expected element property value 'Sukses' is not equal with actual property value 'OSB Service Callout action received SOAP Fault response'
	at com.kms.katalon.core.keyword.internal.KeywordMain.stepFailed(KeywordMain.groovy:39)
	at com.kms.katalon.core.webservice.keyword.builtin.VerifyElementPropertyValueKeyword$_verifyElementPropertyValue_closure1.doCall(VerifyElementPropertyValueKeyword.groovy:56)
	at com.kms.katalon.core.webservice.keyword.builtin.VerifyElementPropertyValueKeyword$_verifyElementPropertyValue_closure1.call(VerifyElementPropertyValueKeyword.groovy)
	at com.kms.katalon.core.keyword.internal.KeywordMain.runKeyword(KeywordMain.groovy:74)
	at com.kms.katalon.core.webservice.keyword.builtin.VerifyElementPropertyValueKeyword.verifyElementPropertyValue(VerifyElementPropertyValueKeyword.groovy:48)
	at com.kms.katalon.core.webservice.keyword.builtin.VerifyElementPropertyValueKeyword.execute(VerifyElementPropertyValueKeyword.groovy:43)
	at com.kms.katalon.core.keyword.internal.KeywordExecutor.executeKeywordForPlatform(KeywordExecutor.groovy:74)
	at com.kms.katalon.core.webservice.keyword.WSBuiltInKeywords.verifyElementPropertyValue(WSBuiltInKeywords.groovy:175)
	at com.kms.katalon.core.webservice.keyword.WSBuiltInKeywords$verifyElementPropertyValue$0.call(Unknown Source)
	at 3. get token - feedback insurance.run(3. get token - feedback insurance:59)
	at com.kms.katalon.core.main.ScriptEngine.run(ScriptEngine.java:194)
	at com.kms.katalon.core.main.ScriptEngine.runScriptAsRawText(ScriptEngine.java:119)
	at com.kms.katalon.core.main.TestCaseExecutor.runScript(TestCaseExecutor.java:442)
	at com.kms.katalon.core.main.TestCaseExecutor.doExecute(TestCaseExecutor.java:433)
	at com.kms.katalon.core.main.TestCaseExecutor.processExecutionPhase(TestCaseExecutor.java:412)
	at com.kms.katalon.core.main.TestCaseExecutor.accessMainPhase(TestCaseExecutor.java:404)
	at com.kms.katalon.core.main.TestCaseExecutor.execute(TestCaseExecutor.java:281)
	at com.kms.katalon.core.main.TestSuiteExecutor.accessTestCaseMainPhase(TestSuiteExecutor.java:202)
	at com.kms.katalon.core.main.TestSuiteExecutor.accessTestSuiteMainPhase(TestSuiteExecutor.java:164)
	at com.kms.katalon.core.main.TestSuiteExecutor.execute(TestSuiteExecutor.java:105)
	at com.kms.katalon.core.main.TestCaseMain.startTestSuite(TestCaseMain.java:181)
	at com.kms.katalon.core.main.TestCaseMain$startTestSuite$0.call(Unknown Source)
	at TempTestSuite1648565904909.run(TempTestSuite1648565904909.groovy:36)


2022-03-29 21:59:14 - [TEST_STEP][PASSED] - token = sendRequest(findTestObject("1. Get-Token")): Send request successfully

2022-03-29 21:59:14 - [MESSAGE][INFO] - HAR: I:\app-testing\app-project\Order car insurance\order-car-insurance\Reports\20220329_215823\3. Get feedback insurance - Batch 1\20220329_215824\requests\main\48.har

2022-03-29 21:59:14 - [MESSAGE][PASSED] - Send request successfully

2022-03-29 21:59:14 - [TEST_STEP][PASSED] - slurper = new groovy.json.JsonSlurper(): null

2022-03-29 21:59:14 - [TEST_STEP][PASSED] - get_token = slurper.parseText(token.getResponseBodyContent()): null

2022-03-29 21:59:14 - [TEST_STEP][PASSED] - private_token = access_token: null

2022-03-29 21:59:14 - [TEST_STEP][PASSED] - global_token = private_token: null

2022-03-29 21:59:14 - [TEST_STEP][PASSED] - println("token is :" + global_token): null

2022-03-29 21:59:14 - [TEST_STEP][PASSED] - response_token = token.getResponseText(): null

2022-03-29 21:59:14 - [TEST_STEP][PASSED] - logInfo($response_token): 
            {
                "token_type": "BearerToken",
                "access_token": "8EEQvBdH3GYGoStMWaA9GZPdtOvJ",
                "expires_in": "1799",
                "scope": ""
            }
        

2022-03-29 21:59:14 - [MESSAGE][INFO] - 
            {
                "token_type": "BearerToken",
                "access_token": "8EEQvBdH3GYGoStMWaA9GZPdtOvJ",
                "expires_in": "1799",
                "scope": ""
            }
        

2022-03-29 21:59:14 - [TEST_STEP][PASSED] - feedback = sendRequest(findTestObject("4. Feedback-ins", ["s_key":global_token, "batchid":batchid, "norek":norek, "nopin":nopin, "custname":custname, "pemohon":pemohon, "branchid":branchid, ... ])): Send request successfully

2022-03-29 21:59:14 - [MESSAGE][INFO] - HAR: I:\app-testing\app-project\Order car insurance\order-car-insurance\Reports\20220329_215823\3. Get feedback insurance - Batch 1\20220329_215824\requests\main\49.har

2022-03-29 21:59:14 - [MESSAGE][PASSED] - Send request successfully

2022-03-29 21:59:14 - [TEST_STEP][PASSED] - response_feedback = feedback.getResponseText(): null

2022-03-29 21:59:14 - [TEST_STEP][PASSED] - markPassed("result feedback data : " + no + " norek : " + norek + " nopin : " + nopin): result feedback data : 34 norek : 1220003623 nopin : 001

2022-03-29 21:59:14 - [MESSAGE][PASSED] - result feedback data : 34 norek : 1220003623 nopin : 001

2022-03-29 21:59:14 - [TEST_STEP][PASSED] - logInfo($response_feedback): <?xml version="1.0" encoding="UTF-8"?>
<err:RestError xmlns:err="http://www.bea.com/wli/sb/errors"><err:errorMessage>OSB Service Callout action received SOAP Fault response</err:errorMessage><err:errorCode>OSB-382500</err:errorCode></err:RestError>

2022-03-29 21:59:14 - [MESSAGE][INFO] - <?xml version="1.0" encoding="UTF-8"?>
<err:RestError xmlns:err="http://www.bea.com/wli/sb/errors"><err:errorMessage>OSB Service Callout action received SOAP Fault response</err:errorMessage><err:errorCode>OSB-382500</err:errorCode></err:RestError>

2022-03-29 21:59:14 - [TEST_STEP][FAILED] - verifyElementPropertyValue(feedback, "FeedbackCarInsuranceResponse.errorMessage", "Sukses", CONTINUE_ON_FAILURE): Expected element property value 'Sukses' is not equal with actual property value 'OSB Service Callout action received SOAP Fault response'

2022-03-29 21:59:14 - [MESSAGE][FAILED] - Expected element property value 'Sukses' is not equal with actual property value 'OSB Service Callout action received SOAP Fault response']]></system-out>
         <system-err><![CDATA[2022-03-29 21:59:13 - [TEST_CASE][FAILED] - Test Cases/3. get token - feedback insurance: Test Cases/3. get token - feedback insurance FAILED.
Reason:
com.kms.katalon.core.exception.StepFailedException: Expected element property value 'Sukses' is not equal with actual property value 'OSB Service Callout action received SOAP Fault response'
	at com.kms.katalon.core.keyword.internal.KeywordMain.stepFailed(KeywordMain.groovy:39)
	at com.kms.katalon.core.webservice.keyword.builtin.VerifyElementPropertyValueKeyword$_verifyElementPropertyValue_closure1.doCall(VerifyElementPropertyValueKeyword.groovy:56)
	at com.kms.katalon.core.webservice.keyword.builtin.VerifyElementPropertyValueKeyword$_verifyElementPropertyValue_closure1.call(VerifyElementPropertyValueKeyword.groovy)
	at com.kms.katalon.core.keyword.internal.KeywordMain.runKeyword(KeywordMain.groovy:74)
	at com.kms.katalon.core.webservice.keyword.builtin.VerifyElementPropertyValueKeyword.verifyElementPropertyValue(VerifyElementPropertyValueKeyword.groovy:48)
	at com.kms.katalon.core.webservice.keyword.builtin.VerifyElementPropertyValueKeyword.execute(VerifyElementPropertyValueKeyword.groovy:43)
	at com.kms.katalon.core.keyword.internal.KeywordExecutor.executeKeywordForPlatform(KeywordExecutor.groovy:74)
	at com.kms.katalon.core.webservice.keyword.WSBuiltInKeywords.verifyElementPropertyValue(WSBuiltInKeywords.groovy:175)
	at com.kms.katalon.core.webservice.keyword.WSBuiltInKeywords$verifyElementPropertyValue$0.call(Unknown Source)
	at 3. get token - feedback insurance.run(3. get token - feedback insurance:59)
	at com.kms.katalon.core.main.ScriptEngine.run(ScriptEngine.java:194)
	at com.kms.katalon.core.main.ScriptEngine.runScriptAsRawText(ScriptEngine.java:119)
	at com.kms.katalon.core.main.TestCaseExecutor.runScript(TestCaseExecutor.java:442)
	at com.kms.katalon.core.main.TestCaseExecutor.doExecute(TestCaseExecutor.java:433)
	at com.kms.katalon.core.main.TestCaseExecutor.processExecutionPhase(TestCaseExecutor.java:412)
	at com.kms.katalon.core.main.TestCaseExecutor.accessMainPhase(TestCaseExecutor.java:404)
	at com.kms.katalon.core.main.TestCaseExecutor.execute(TestCaseExecutor.java:281)
	at com.kms.katalon.core.main.TestSuiteExecutor.accessTestCaseMainPhase(TestSuiteExecutor.java:202)
	at com.kms.katalon.core.main.TestSuiteExecutor.accessTestSuiteMainPhase(TestSuiteExecutor.java:164)
	at com.kms.katalon.core.main.TestSuiteExecutor.execute(TestSuiteExecutor.java:105)
	at com.kms.katalon.core.main.TestCaseMain.startTestSuite(TestCaseMain.java:181)
	at com.kms.katalon.core.main.TestCaseMain$startTestSuite$0.call(Unknown Source)
	at TempTestSuite1648565904909.run(TempTestSuite1648565904909.groovy:36)]]></system-err>
      </testcase>
      <testcase name="Test Cases/3. get token - feedback insurance" time="1.295" classname="Test Cases/3. get token - feedback insurance" status="PASSED">
         <system-out><![CDATA[2022-03-29 21:59:15 - [TEST_CASE][PASSED] - Test Cases/3. get token - feedback insurance: Test Cases/3. get token - feedback insurance

2022-03-29 21:59:15 - [TEST_STEP][PASSED] - token = sendRequest(findTestObject("1. Get-Token")): Send request successfully

2022-03-29 21:59:15 - [MESSAGE][INFO] - HAR: I:\app-testing\app-project\Order car insurance\order-car-insurance\Reports\20220329_215823\3. Get feedback insurance - Batch 1\20220329_215824\requests\main\50.har

2022-03-29 21:59:15 - [MESSAGE][PASSED] - Send request successfully

2022-03-29 21:59:15 - [TEST_STEP][PASSED] - slurper = new groovy.json.JsonSlurper(): null

2022-03-29 21:59:15 - [TEST_STEP][PASSED] - get_token = slurper.parseText(token.getResponseBodyContent()): null

2022-03-29 21:59:15 - [TEST_STEP][PASSED] - private_token = access_token: null

2022-03-29 21:59:15 - [TEST_STEP][PASSED] - global_token = private_token: null

2022-03-29 21:59:15 - [TEST_STEP][PASSED] - println("token is :" + global_token): null

2022-03-29 21:59:15 - [TEST_STEP][PASSED] - response_token = token.getResponseText(): null

2022-03-29 21:59:15 - [TEST_STEP][PASSED] - logInfo($response_token): 
            {
                "token_type": "BearerToken",
                "access_token": "IaPObSiqX6CwHbfqxgvjgODWqcWO",
                "expires_in": "1799",
                "scope": ""
            }
        

2022-03-29 21:59:15 - [MESSAGE][INFO] - 
            {
                "token_type": "BearerToken",
                "access_token": "IaPObSiqX6CwHbfqxgvjgODWqcWO",
                "expires_in": "1799",
                "scope": ""
            }
        

2022-03-29 21:59:15 - [TEST_STEP][PASSED] - feedback = sendRequest(findTestObject("4. Feedback-ins", ["s_key":global_token, "batchid":batchid, "norek":norek, "nopin":nopin, "custname":custname, "pemohon":pemohon, "branchid":branchid, ... ])): Send request successfully

2022-03-29 21:59:16 - [MESSAGE][INFO] - HAR: I:\app-testing\app-project\Order car insurance\order-car-insurance\Reports\20220329_215823\3. Get feedback insurance - Batch 1\20220329_215824\requests\main\51.har

2022-03-29 21:59:16 - [MESSAGE][PASSED] - Send request successfully

2022-03-29 21:59:16 - [TEST_STEP][PASSED] - response_feedback = feedback.getResponseText(): null

2022-03-29 21:59:16 - [TEST_STEP][PASSED] - markPassed("result feedback data : " + no + " norek : " + norek + " nopin : " + nopin): result feedback data : 35 norek : 1450008853 nopin : 001

2022-03-29 21:59:16 - [MESSAGE][PASSED] - result feedback data : 35 norek : 1450008853 nopin : 001

2022-03-29 21:59:16 - [TEST_STEP][PASSED] - logInfo($response_feedback): {
  "FeedbackCarInsuranceResponse" : {
    "errorCode" : "00",
    "errorMessage" : "Sukses"
  }
}

2022-03-29 21:59:16 - [MESSAGE][INFO] - {
  "FeedbackCarInsuranceResponse" : {
    "errorCode" : "00",
    "errorMessage" : "Sukses"
  }
}

2022-03-29 21:59:16 - [TEST_STEP][PASSED] - verifyElementPropertyValue(feedback, "FeedbackCarInsuranceResponse.errorMessage", "Sukses", CONTINUE_ON_FAILURE): Verify element property value successfully

2022-03-29 21:59:16 - [MESSAGE][PASSED] - Verify element property value successfully]]></system-out>
         <system-err><![CDATA[]]></system-err>
      </testcase>
      <testcase name="Test Cases/3. get token - feedback insurance" time="0.927" classname="Test Cases/3. get token - feedback insurance" status="PASSED">
         <system-out><![CDATA[2022-03-29 21:59:16 - [TEST_CASE][PASSED] - Test Cases/3. get token - feedback insurance: Test Cases/3. get token - feedback insurance

2022-03-29 21:59:16 - [TEST_STEP][PASSED] - token = sendRequest(findTestObject("1. Get-Token")): Send request successfully

2022-03-29 21:59:17 - [MESSAGE][INFO] - HAR: I:\app-testing\app-project\Order car insurance\order-car-insurance\Reports\20220329_215823\3. Get feedback insurance - Batch 1\20220329_215824\requests\main\52.har

2022-03-29 21:59:17 - [MESSAGE][PASSED] - Send request successfully

2022-03-29 21:59:17 - [TEST_STEP][PASSED] - slurper = new groovy.json.JsonSlurper(): null

2022-03-29 21:59:17 - [TEST_STEP][PASSED] - get_token = slurper.parseText(token.getResponseBodyContent()): null

2022-03-29 21:59:17 - [TEST_STEP][PASSED] - private_token = access_token: null

2022-03-29 21:59:17 - [TEST_STEP][PASSED] - global_token = private_token: null

2022-03-29 21:59:17 - [TEST_STEP][PASSED] - println("token is :" + global_token): null

2022-03-29 21:59:17 - [TEST_STEP][PASSED] - response_token = token.getResponseText(): null

2022-03-29 21:59:17 - [TEST_STEP][PASSED] - logInfo($response_token): 
            {
                "token_type": "BearerToken",
                "access_token": "TF7dTCaCzK5mAR84GJCvYxi4JueT",
                "expires_in": "1799",
                "scope": ""
            }
        

2022-03-29 21:59:17 - [MESSAGE][INFO] - 
            {
                "token_type": "BearerToken",
                "access_token": "TF7dTCaCzK5mAR84GJCvYxi4JueT",
                "expires_in": "1799",
                "scope": ""
            }
        

2022-03-29 21:59:17 - [TEST_STEP][PASSED] - feedback = sendRequest(findTestObject("4. Feedback-ins", ["s_key":global_token, "batchid":batchid, "norek":norek, "nopin":nopin, "custname":custname, "pemohon":pemohon, "branchid":branchid, ... ])): Send request successfully

2022-03-29 21:59:17 - [MESSAGE][INFO] - HAR: I:\app-testing\app-project\Order car insurance\order-car-insurance\Reports\20220329_215823\3. Get feedback insurance - Batch 1\20220329_215824\requests\main\53.har

2022-03-29 21:59:17 - [MESSAGE][PASSED] - Send request successfully

2022-03-29 21:59:17 - [TEST_STEP][PASSED] - response_feedback = feedback.getResponseText(): null

2022-03-29 21:59:17 - [TEST_STEP][PASSED] - markPassed("result feedback data : " + no + " norek : " + norek + " nopin : " + nopin): result feedback data : 36 norek : 1450008853 nopin : 001

2022-03-29 21:59:17 - [MESSAGE][PASSED] - result feedback data : 36 norek : 1450008853 nopin : 001

2022-03-29 21:59:17 - [TEST_STEP][PASSED] - logInfo($response_feedback): {
  "FeedbackCarInsuranceResponse" : {
    "errorCode" : "00",
    "errorMessage" : "Sukses"
  }
}

2022-03-29 21:59:17 - [MESSAGE][INFO] - {
  "FeedbackCarInsuranceResponse" : {
    "errorCode" : "00",
    "errorMessage" : "Sukses"
  }
}

2022-03-29 21:59:17 - [TEST_STEP][PASSED] - verifyElementPropertyValue(feedback, "FeedbackCarInsuranceResponse.errorMessage", "Sukses", CONTINUE_ON_FAILURE): Verify element property value successfully

2022-03-29 21:59:17 - [MESSAGE][PASSED] - Verify element property value successfully]]></system-out>
         <system-err><![CDATA[]]></system-err>
      </testcase>
      <testcase name="Test Cases/3. get token - feedback insurance" time="0.96" classname="Test Cases/3. get token - feedback insurance" status="PASSED">
         <system-out><![CDATA[2022-03-29 21:59:18 - [TEST_CASE][PASSED] - Test Cases/3. get token - feedback insurance: Test Cases/3. get token - feedback insurance

2022-03-29 21:59:18 - [TEST_STEP][PASSED] - token = sendRequest(findTestObject("1. Get-Token")): Send request successfully

2022-03-29 21:59:18 - [MESSAGE][INFO] - HAR: I:\app-testing\app-project\Order car insurance\order-car-insurance\Reports\20220329_215823\3. Get feedback insurance - Batch 1\20220329_215824\requests\main\54.har

2022-03-29 21:59:18 - [MESSAGE][PASSED] - Send request successfully

2022-03-29 21:59:18 - [TEST_STEP][PASSED] - slurper = new groovy.json.JsonSlurper(): null

2022-03-29 21:59:18 - [TEST_STEP][PASSED] - get_token = slurper.parseText(token.getResponseBodyContent()): null

2022-03-29 21:59:18 - [TEST_STEP][PASSED] - private_token = access_token: null

2022-03-29 21:59:18 - [TEST_STEP][PASSED] - global_token = private_token: null

2022-03-29 21:59:18 - [TEST_STEP][PASSED] - println("token is :" + global_token): null

2022-03-29 21:59:18 - [TEST_STEP][PASSED] - response_token = token.getResponseText(): null

2022-03-29 21:59:18 - [TEST_STEP][PASSED] - logInfo($response_token): 
            {
                "token_type": "BearerToken",
                "access_token": "2Fj5UNVN2D2uOuBUJRBRGj0AVhlU",
                "expires_in": "1799",
                "scope": ""
            }
        

2022-03-29 21:59:18 - [MESSAGE][INFO] - 
            {
                "token_type": "BearerToken",
                "access_token": "2Fj5UNVN2D2uOuBUJRBRGj0AVhlU",
                "expires_in": "1799",
                "scope": ""
            }
        

2022-03-29 21:59:18 - [TEST_STEP][PASSED] - feedback = sendRequest(findTestObject("4. Feedback-ins", ["s_key":global_token, "batchid":batchid, "norek":norek, "nopin":nopin, "custname":custname, "pemohon":pemohon, "branchid":branchid, ... ])): Send request successfully

2022-03-29 21:59:19 - [MESSAGE][INFO] - HAR: I:\app-testing\app-project\Order car insurance\order-car-insurance\Reports\20220329_215823\3. Get feedback insurance - Batch 1\20220329_215824\requests\main\55.har

2022-03-29 21:59:19 - [MESSAGE][PASSED] - Send request successfully

2022-03-29 21:59:19 - [TEST_STEP][PASSED] - response_feedback = feedback.getResponseText(): null

2022-03-29 21:59:19 - [TEST_STEP][PASSED] - markPassed("result feedback data : " + no + " norek : " + norek + " nopin : " + nopin): result feedback data : 37 norek : 1450008853 nopin : 001

2022-03-29 21:59:19 - [MESSAGE][PASSED] - result feedback data : 37 norek : 1450008853 nopin : 001

2022-03-29 21:59:19 - [TEST_STEP][PASSED] - logInfo($response_feedback): {
  "FeedbackCarInsuranceResponse" : {
    "errorCode" : "00",
    "errorMessage" : "Sukses"
  }
}

2022-03-29 21:59:19 - [MESSAGE][INFO] - {
  "FeedbackCarInsuranceResponse" : {
    "errorCode" : "00",
    "errorMessage" : "Sukses"
  }
}

2022-03-29 21:59:19 - [TEST_STEP][PASSED] - verifyElementPropertyValue(feedback, "FeedbackCarInsuranceResponse.errorMessage", "Sukses", CONTINUE_ON_FAILURE): Verify element property value successfully

2022-03-29 21:59:19 - [MESSAGE][PASSED] - Verify element property value successfully]]></system-out>
         <system-err><![CDATA[]]></system-err>
      </testcase>
      <testcase name="Test Cases/3. get token - feedback insurance" time="0.942" classname="Test Cases/3. get token - feedback insurance" status="PASSED">
         <system-out><![CDATA[2022-03-29 21:59:19 - [TEST_CASE][PASSED] - Test Cases/3. get token - feedback insurance: Test Cases/3. get token - feedback insurance

2022-03-29 21:59:19 - [TEST_STEP][PASSED] - token = sendRequest(findTestObject("1. Get-Token")): Send request successfully

2022-03-29 21:59:19 - [MESSAGE][INFO] - HAR: I:\app-testing\app-project\Order car insurance\order-car-insurance\Reports\20220329_215823\3. Get feedback insurance - Batch 1\20220329_215824\requests\main\56.har

2022-03-29 21:59:19 - [MESSAGE][PASSED] - Send request successfully

2022-03-29 21:59:19 - [TEST_STEP][PASSED] - slurper = new groovy.json.JsonSlurper(): null

2022-03-29 21:59:19 - [TEST_STEP][PASSED] - get_token = slurper.parseText(token.getResponseBodyContent()): null

2022-03-29 21:59:19 - [TEST_STEP][PASSED] - private_token = access_token: null

2022-03-29 21:59:19 - [TEST_STEP][PASSED] - global_token = private_token: null

2022-03-29 21:59:19 - [TEST_STEP][PASSED] - println("token is :" + global_token): null

2022-03-29 21:59:19 - [TEST_STEP][PASSED] - response_token = token.getResponseText(): null

2022-03-29 21:59:19 - [TEST_STEP][PASSED] - logInfo($response_token): 
            {
                "token_type": "BearerToken",
                "access_token": "Km0ThlBEidIJaqdtxCXcQ8lhXe7p",
                "expires_in": "1799",
                "scope": ""
            }
        

2022-03-29 21:59:19 - [MESSAGE][INFO] - 
            {
                "token_type": "BearerToken",
                "access_token": "Km0ThlBEidIJaqdtxCXcQ8lhXe7p",
                "expires_in": "1799",
                "scope": ""
            }
        

2022-03-29 21:59:19 - [TEST_STEP][PASSED] - feedback = sendRequest(findTestObject("4. Feedback-ins", ["s_key":global_token, "batchid":batchid, "norek":norek, "nopin":nopin, "custname":custname, "pemohon":pemohon, "branchid":branchid, ... ])): Send request successfully

2022-03-29 21:59:20 - [MESSAGE][INFO] - HAR: I:\app-testing\app-project\Order car insurance\order-car-insurance\Reports\20220329_215823\3. Get feedback insurance - Batch 1\20220329_215824\requests\main\57.har

2022-03-29 21:59:20 - [MESSAGE][PASSED] - Send request successfully

2022-03-29 21:59:20 - [TEST_STEP][PASSED] - response_feedback = feedback.getResponseText(): null

2022-03-29 21:59:20 - [TEST_STEP][PASSED] - markPassed("result feedback data : " + no + " norek : " + norek + " nopin : " + nopin): result feedback data : 38 norek : 1450008853 nopin : 001

2022-03-29 21:59:20 - [MESSAGE][PASSED] - result feedback data : 38 norek : 1450008853 nopin : 001

2022-03-29 21:59:20 - [TEST_STEP][PASSED] - logInfo($response_feedback): {
  "FeedbackCarInsuranceResponse" : {
    "errorCode" : "00",
    "errorMessage" : "Sukses"
  }
}

2022-03-29 21:59:20 - [MESSAGE][INFO] - {
  "FeedbackCarInsuranceResponse" : {
    "errorCode" : "00",
    "errorMessage" : "Sukses"
  }
}

2022-03-29 21:59:20 - [TEST_STEP][PASSED] - verifyElementPropertyValue(feedback, "FeedbackCarInsuranceResponse.errorMessage", "Sukses", CONTINUE_ON_FAILURE): Verify element property value successfully

2022-03-29 21:59:20 - [MESSAGE][PASSED] - Verify element property value successfully]]></system-out>
         <system-err><![CDATA[]]></system-err>
      </testcase>
      <testcase name="Test Cases/3. get token - feedback insurance" time="1.015" classname="Test Cases/3. get token - feedback insurance" status="PASSED">
         <system-out><![CDATA[2022-03-29 21:59:20 - [TEST_CASE][PASSED] - Test Cases/3. get token - feedback insurance: Test Cases/3. get token - feedback insurance

2022-03-29 21:59:20 - [TEST_STEP][PASSED] - token = sendRequest(findTestObject("1. Get-Token")): Send request successfully

2022-03-29 21:59:21 - [MESSAGE][INFO] - HAR: I:\app-testing\app-project\Order car insurance\order-car-insurance\Reports\20220329_215823\3. Get feedback insurance - Batch 1\20220329_215824\requests\main\58.har

2022-03-29 21:59:21 - [MESSAGE][PASSED] - Send request successfully

2022-03-29 21:59:21 - [TEST_STEP][PASSED] - slurper = new groovy.json.JsonSlurper(): null

2022-03-29 21:59:21 - [TEST_STEP][PASSED] - get_token = slurper.parseText(token.getResponseBodyContent()): null

2022-03-29 21:59:21 - [TEST_STEP][PASSED] - private_token = access_token: null

2022-03-29 21:59:21 - [TEST_STEP][PASSED] - global_token = private_token: null

2022-03-29 21:59:21 - [TEST_STEP][PASSED] - println("token is :" + global_token): null

2022-03-29 21:59:21 - [TEST_STEP][PASSED] - response_token = token.getResponseText(): null

2022-03-29 21:59:21 - [TEST_STEP][PASSED] - logInfo($response_token): 
            {
                "token_type": "BearerToken",
                "access_token": "1Jg0uFEyPKrqUrkg9BjWHbsParX5",
                "expires_in": "1799",
                "scope": ""
            }
        

2022-03-29 21:59:21 - [MESSAGE][INFO] - 
            {
                "token_type": "BearerToken",
                "access_token": "1Jg0uFEyPKrqUrkg9BjWHbsParX5",
                "expires_in": "1799",
                "scope": ""
            }
        

2022-03-29 21:59:21 - [TEST_STEP][PASSED] - feedback = sendRequest(findTestObject("4. Feedback-ins", ["s_key":global_token, "batchid":batchid, "norek":norek, "nopin":nopin, "custname":custname, "pemohon":pemohon, "branchid":branchid, ... ])): Send request successfully

2022-03-29 21:59:21 - [MESSAGE][INFO] - HAR: I:\app-testing\app-project\Order car insurance\order-car-insurance\Reports\20220329_215823\3. Get feedback insurance - Batch 1\20220329_215824\requests\main\59.har

2022-03-29 21:59:21 - [MESSAGE][PASSED] - Send request successfully

2022-03-29 21:59:21 - [TEST_STEP][PASSED] - response_feedback = feedback.getResponseText(): null

2022-03-29 21:59:21 - [TEST_STEP][PASSED] - markPassed("result feedback data : " + no + " norek : " + norek + " nopin : " + nopin): result feedback data : 39 norek : 1450008853 nopin : 001

2022-03-29 21:59:21 - [MESSAGE][PASSED] - result feedback data : 39 norek : 1450008853 nopin : 001

2022-03-29 21:59:21 - [TEST_STEP][PASSED] - logInfo($response_feedback): {
  "FeedbackCarInsuranceResponse" : {
    "errorCode" : "00",
    "errorMessage" : "Sukses"
  }
}

2022-03-29 21:59:21 - [MESSAGE][INFO] - {
  "FeedbackCarInsuranceResponse" : {
    "errorCode" : "00",
    "errorMessage" : "Sukses"
  }
}

2022-03-29 21:59:21 - [TEST_STEP][PASSED] - verifyElementPropertyValue(feedback, "FeedbackCarInsuranceResponse.errorMessage", "Sukses", CONTINUE_ON_FAILURE): Verify element property value successfully

2022-03-29 21:59:21 - [MESSAGE][PASSED] - Verify element property value successfully]]></system-out>
         <system-err><![CDATA[]]></system-err>
      </testcase>
      <testcase name="Test Cases/3. get token - feedback insurance" time="1.279" classname="Test Cases/3. get token - feedback insurance" status="PASSED">
         <system-out><![CDATA[2022-03-29 21:59:22 - [TEST_CASE][PASSED] - Test Cases/3. get token - feedback insurance: Test Cases/3. get token - feedback insurance

2022-03-29 21:59:22 - [TEST_STEP][PASSED] - token = sendRequest(findTestObject("1. Get-Token")): Send request successfully

2022-03-29 21:59:22 - [MESSAGE][INFO] - HAR: I:\app-testing\app-project\Order car insurance\order-car-insurance\Reports\20220329_215823\3. Get feedback insurance - Batch 1\20220329_215824\requests\main\60.har

2022-03-29 21:59:22 - [MESSAGE][PASSED] - Send request successfully

2022-03-29 21:59:22 - [TEST_STEP][PASSED] - slurper = new groovy.json.JsonSlurper(): null

2022-03-29 21:59:22 - [TEST_STEP][PASSED] - get_token = slurper.parseText(token.getResponseBodyContent()): null

2022-03-29 21:59:22 - [TEST_STEP][PASSED] - private_token = access_token: null

2022-03-29 21:59:22 - [TEST_STEP][PASSED] - global_token = private_token: null

2022-03-29 21:59:22 - [TEST_STEP][PASSED] - println("token is :" + global_token): null

2022-03-29 21:59:22 - [TEST_STEP][PASSED] - response_token = token.getResponseText(): null

2022-03-29 21:59:22 - [TEST_STEP][PASSED] - logInfo($response_token): 
            {
                "token_type": "BearerToken",
                "access_token": "HLcLNgXYInNWiW9DDXPlozRwVrZO",
                "expires_in": "1799",
                "scope": ""
            }
        

2022-03-29 21:59:22 - [MESSAGE][INFO] - 
            {
                "token_type": "BearerToken",
                "access_token": "HLcLNgXYInNWiW9DDXPlozRwVrZO",
                "expires_in": "1799",
                "scope": ""
            }
        

2022-03-29 21:59:22 - [TEST_STEP][PASSED] - feedback = sendRequest(findTestObject("4. Feedback-ins", ["s_key":global_token, "batchid":batchid, "norek":norek, "nopin":nopin, "custname":custname, "pemohon":pemohon, "branchid":branchid, ... ])): Send request successfully

2022-03-29 21:59:23 - [MESSAGE][INFO] - HAR: I:\app-testing\app-project\Order car insurance\order-car-insurance\Reports\20220329_215823\3. Get feedback insurance - Batch 1\20220329_215824\requests\main\61.har

2022-03-29 21:59:23 - [MESSAGE][PASSED] - Send request successfully

2022-03-29 21:59:23 - [TEST_STEP][PASSED] - response_feedback = feedback.getResponseText(): null

2022-03-29 21:59:23 - [TEST_STEP][PASSED] - markPassed("result feedback data : " + no + " norek : " + norek + " nopin : " + nopin): result feedback data : 40 norek : 1450008947 nopin : 001

2022-03-29 21:59:23 - [MESSAGE][PASSED] - result feedback data : 40 norek : 1450008947 nopin : 001

2022-03-29 21:59:23 - [TEST_STEP][PASSED] - logInfo($response_feedback): {
  "FeedbackCarInsuranceResponse" : {
    "errorCode" : "00",
    "errorMessage" : "Sukses"
  }
}

2022-03-29 21:59:23 - [MESSAGE][INFO] - {
  "FeedbackCarInsuranceResponse" : {
    "errorCode" : "00",
    "errorMessage" : "Sukses"
  }
}

2022-03-29 21:59:23 - [TEST_STEP][PASSED] - verifyElementPropertyValue(feedback, "FeedbackCarInsuranceResponse.errorMessage", "Sukses", CONTINUE_ON_FAILURE): Verify element property value successfully

2022-03-29 21:59:23 - [MESSAGE][PASSED] - Verify element property value successfully]]></system-out>
         <system-err><![CDATA[]]></system-err>
      </testcase>
      <testcase name="Test Cases/3. get token - feedback insurance" time="0.888" classname="Test Cases/3. get token - feedback insurance" status="PASSED">
         <system-out><![CDATA[2022-03-29 21:59:23 - [TEST_CASE][PASSED] - Test Cases/3. get token - feedback insurance: Test Cases/3. get token - feedback insurance

2022-03-29 21:59:23 - [TEST_STEP][PASSED] - token = sendRequest(findTestObject("1. Get-Token")): Send request successfully

2022-03-29 21:59:24 - [MESSAGE][INFO] - HAR: I:\app-testing\app-project\Order car insurance\order-car-insurance\Reports\20220329_215823\3. Get feedback insurance - Batch 1\20220329_215824\requests\main\62.har

2022-03-29 21:59:24 - [MESSAGE][PASSED] - Send request successfully

2022-03-29 21:59:24 - [TEST_STEP][PASSED] - slurper = new groovy.json.JsonSlurper(): null

2022-03-29 21:59:24 - [TEST_STEP][PASSED] - get_token = slurper.parseText(token.getResponseBodyContent()): null

2022-03-29 21:59:24 - [TEST_STEP][PASSED] - private_token = access_token: null

2022-03-29 21:59:24 - [TEST_STEP][PASSED] - global_token = private_token: null

2022-03-29 21:59:24 - [TEST_STEP][PASSED] - println("token is :" + global_token): null

2022-03-29 21:59:24 - [TEST_STEP][PASSED] - response_token = token.getResponseText(): null

2022-03-29 21:59:24 - [TEST_STEP][PASSED] - logInfo($response_token): 
            {
                "token_type": "BearerToken",
                "access_token": "wdDBSfXHKJLrER5yKV1mJf9vqEAb",
                "expires_in": "1799",
                "scope": ""
            }
        

2022-03-29 21:59:24 - [MESSAGE][INFO] - 
            {
                "token_type": "BearerToken",
                "access_token": "wdDBSfXHKJLrER5yKV1mJf9vqEAb",
                "expires_in": "1799",
                "scope": ""
            }
        

2022-03-29 21:59:24 - [TEST_STEP][PASSED] - feedback = sendRequest(findTestObject("4. Feedback-ins", ["s_key":global_token, "batchid":batchid, "norek":norek, "nopin":nopin, "custname":custname, "pemohon":pemohon, "branchid":branchid, ... ])): Send request successfully

2022-03-29 21:59:24 - [MESSAGE][INFO] - HAR: I:\app-testing\app-project\Order car insurance\order-car-insurance\Reports\20220329_215823\3. Get feedback insurance - Batch 1\20220329_215824\requests\main\63.har

2022-03-29 21:59:24 - [MESSAGE][PASSED] - Send request successfully

2022-03-29 21:59:24 - [TEST_STEP][PASSED] - response_feedback = feedback.getResponseText(): null

2022-03-29 21:59:24 - [TEST_STEP][PASSED] - markPassed("result feedback data : " + no + " norek : " + norek + " nopin : " + nopin): result feedback data : 41 norek : 1450008947 nopin : 001

2022-03-29 21:59:24 - [MESSAGE][PASSED] - result feedback data : 41 norek : 1450008947 nopin : 001

2022-03-29 21:59:24 - [TEST_STEP][PASSED] - logInfo($response_feedback): {
  "FeedbackCarInsuranceResponse" : {
    "errorCode" : "00",
    "errorMessage" : "Sukses"
  }
}

2022-03-29 21:59:24 - [MESSAGE][INFO] - {
  "FeedbackCarInsuranceResponse" : {
    "errorCode" : "00",
    "errorMessage" : "Sukses"
  }
}

2022-03-29 21:59:24 - [TEST_STEP][PASSED] - verifyElementPropertyValue(feedback, "FeedbackCarInsuranceResponse.errorMessage", "Sukses", CONTINUE_ON_FAILURE): Verify element property value successfully

2022-03-29 21:59:24 - [MESSAGE][PASSED] - Verify element property value successfully]]></system-out>
         <system-err><![CDATA[]]></system-err>
      </testcase>
      <testcase name="Test Cases/3. get token - feedback insurance" time="0.878" classname="Test Cases/3. get token - feedback insurance" status="PASSED">
         <system-out><![CDATA[2022-03-29 21:59:25 - [TEST_CASE][PASSED] - Test Cases/3. get token - feedback insurance: Test Cases/3. get token - feedback insurance

2022-03-29 21:59:25 - [TEST_STEP][PASSED] - token = sendRequest(findTestObject("1. Get-Token")): Send request successfully

2022-03-29 21:59:25 - [MESSAGE][INFO] - HAR: I:\app-testing\app-project\Order car insurance\order-car-insurance\Reports\20220329_215823\3. Get feedback insurance - Batch 1\20220329_215824\requests\main\64.har

2022-03-29 21:59:25 - [MESSAGE][PASSED] - Send request successfully

2022-03-29 21:59:25 - [TEST_STEP][PASSED] - slurper = new groovy.json.JsonSlurper(): null

2022-03-29 21:59:25 - [TEST_STEP][PASSED] - get_token = slurper.parseText(token.getResponseBodyContent()): null

2022-03-29 21:59:25 - [TEST_STEP][PASSED] - private_token = access_token: null

2022-03-29 21:59:25 - [TEST_STEP][PASSED] - global_token = private_token: null

2022-03-29 21:59:25 - [TEST_STEP][PASSED] - println("token is :" + global_token): null

2022-03-29 21:59:25 - [TEST_STEP][PASSED] - response_token = token.getResponseText(): null

2022-03-29 21:59:25 - [TEST_STEP][PASSED] - logInfo($response_token): 
            {
                "token_type": "BearerToken",
                "access_token": "rbJMFyHIgO5oEXGs0BKRbGMBynJt",
                "expires_in": "1799",
                "scope": ""
            }
        

2022-03-29 21:59:25 - [MESSAGE][INFO] - 
            {
                "token_type": "BearerToken",
                "access_token": "rbJMFyHIgO5oEXGs0BKRbGMBynJt",
                "expires_in": "1799",
                "scope": ""
            }
        

2022-03-29 21:59:25 - [TEST_STEP][PASSED] - feedback = sendRequest(findTestObject("4. Feedback-ins", ["s_key":global_token, "batchid":batchid, "norek":norek, "nopin":nopin, "custname":custname, "pemohon":pemohon, "branchid":branchid, ... ])): Send request successfully

2022-03-29 21:59:26 - [MESSAGE][INFO] - HAR: I:\app-testing\app-project\Order car insurance\order-car-insurance\Reports\20220329_215823\3. Get feedback insurance - Batch 1\20220329_215824\requests\main\65.har

2022-03-29 21:59:26 - [MESSAGE][PASSED] - Send request successfully

2022-03-29 21:59:26 - [TEST_STEP][PASSED] - response_feedback = feedback.getResponseText(): null

2022-03-29 21:59:26 - [TEST_STEP][PASSED] - markPassed("result feedback data : " + no + " norek : " + norek + " nopin : " + nopin): result feedback data : 42 norek : 1450008947 nopin : 001

2022-03-29 21:59:26 - [MESSAGE][PASSED] - result feedback data : 42 norek : 1450008947 nopin : 001

2022-03-29 21:59:26 - [TEST_STEP][PASSED] - logInfo($response_feedback): {
  "FeedbackCarInsuranceResponse" : {
    "errorCode" : "00",
    "errorMessage" : "Sukses"
  }
}

2022-03-29 21:59:26 - [MESSAGE][INFO] - {
  "FeedbackCarInsuranceResponse" : {
    "errorCode" : "00",
    "errorMessage" : "Sukses"
  }
}

2022-03-29 21:59:26 - [TEST_STEP][PASSED] - verifyElementPropertyValue(feedback, "FeedbackCarInsuranceResponse.errorMessage", "Sukses", CONTINUE_ON_FAILURE): Verify element property value successfully

2022-03-29 21:59:26 - [MESSAGE][PASSED] - Verify element property value successfully]]></system-out>
         <system-err><![CDATA[]]></system-err>
      </testcase>
      <testcase name="Test Cases/3. get token - feedback insurance" time="0.92" classname="Test Cases/3. get token - feedback insurance" status="PASSED">
         <system-out><![CDATA[2022-03-29 21:59:26 - [TEST_CASE][PASSED] - Test Cases/3. get token - feedback insurance: Test Cases/3. get token - feedback insurance

2022-03-29 21:59:26 - [TEST_STEP][PASSED] - token = sendRequest(findTestObject("1. Get-Token")): Send request successfully

2022-03-29 21:59:26 - [MESSAGE][INFO] - HAR: I:\app-testing\app-project\Order car insurance\order-car-insurance\Reports\20220329_215823\3. Get feedback insurance - Batch 1\20220329_215824\requests\main\66.har

2022-03-29 21:59:26 - [MESSAGE][PASSED] - Send request successfully

2022-03-29 21:59:26 - [TEST_STEP][PASSED] - slurper = new groovy.json.JsonSlurper(): null

2022-03-29 21:59:26 - [TEST_STEP][PASSED] - get_token = slurper.parseText(token.getResponseBodyContent()): null

2022-03-29 21:59:26 - [TEST_STEP][PASSED] - private_token = access_token: null

2022-03-29 21:59:26 - [TEST_STEP][PASSED] - global_token = private_token: null

2022-03-29 21:59:26 - [TEST_STEP][PASSED] - println("token is :" + global_token): null

2022-03-29 21:59:26 - [TEST_STEP][PASSED] - response_token = token.getResponseText(): null

2022-03-29 21:59:26 - [TEST_STEP][PASSED] - logInfo($response_token): 
            {
                "token_type": "BearerToken",
                "access_token": "xXAtIN8wThsGhFYspEmYK7yJ72Ew",
                "expires_in": "1799",
                "scope": ""
            }
        

2022-03-29 21:59:26 - [MESSAGE][INFO] - 
            {
                "token_type": "BearerToken",
                "access_token": "xXAtIN8wThsGhFYspEmYK7yJ72Ew",
                "expires_in": "1799",
                "scope": ""
            }
        

2022-03-29 21:59:26 - [TEST_STEP][PASSED] - feedback = sendRequest(findTestObject("4. Feedback-ins", ["s_key":global_token, "batchid":batchid, "norek":norek, "nopin":nopin, "custname":custname, "pemohon":pemohon, "branchid":branchid, ... ])): Send request successfully

2022-03-29 21:59:27 - [MESSAGE][INFO] - HAR: I:\app-testing\app-project\Order car insurance\order-car-insurance\Reports\20220329_215823\3. Get feedback insurance - Batch 1\20220329_215824\requests\main\67.har

2022-03-29 21:59:27 - [MESSAGE][PASSED] - Send request successfully

2022-03-29 21:59:27 - [TEST_STEP][PASSED] - response_feedback = feedback.getResponseText(): null

2022-03-29 21:59:27 - [TEST_STEP][PASSED] - markPassed("result feedback data : " + no + " norek : " + norek + " nopin : " + nopin): result feedback data : 43 norek : 1450008947 nopin : 001

2022-03-29 21:59:27 - [MESSAGE][PASSED] - result feedback data : 43 norek : 1450008947 nopin : 001

2022-03-29 21:59:27 - [TEST_STEP][PASSED] - logInfo($response_feedback): {
  "FeedbackCarInsuranceResponse" : {
    "errorCode" : "00",
    "errorMessage" : "Sukses"
  }
}

2022-03-29 21:59:27 - [MESSAGE][INFO] - {
  "FeedbackCarInsuranceResponse" : {
    "errorCode" : "00",
    "errorMessage" : "Sukses"
  }
}

2022-03-29 21:59:27 - [TEST_STEP][PASSED] - verifyElementPropertyValue(feedback, "FeedbackCarInsuranceResponse.errorMessage", "Sukses", CONTINUE_ON_FAILURE): Verify element property value successfully

2022-03-29 21:59:27 - [MESSAGE][PASSED] - Verify element property value successfully]]></system-out>
         <system-err><![CDATA[]]></system-err>
      </testcase>
      <testcase name="Test Cases/3. get token - feedback insurance" time="1.187" classname="Test Cases/3. get token - feedback insurance" status="PASSED">
         <system-out><![CDATA[2022-03-29 21:59:27 - [TEST_CASE][PASSED] - Test Cases/3. get token - feedback insurance: Test Cases/3. get token - feedback insurance

2022-03-29 21:59:27 - [TEST_STEP][PASSED] - token = sendRequest(findTestObject("1. Get-Token")): Send request successfully

2022-03-29 21:59:27 - [MESSAGE][INFO] - HAR: I:\app-testing\app-project\Order car insurance\order-car-insurance\Reports\20220329_215823\3. Get feedback insurance - Batch 1\20220329_215824\requests\main\68.har

2022-03-29 21:59:27 - [MESSAGE][PASSED] - Send request successfully

2022-03-29 21:59:27 - [TEST_STEP][PASSED] - slurper = new groovy.json.JsonSlurper(): null

2022-03-29 21:59:27 - [TEST_STEP][PASSED] - get_token = slurper.parseText(token.getResponseBodyContent()): null

2022-03-29 21:59:27 - [TEST_STEP][PASSED] - private_token = access_token: null

2022-03-29 21:59:27 - [TEST_STEP][PASSED] - global_token = private_token: null

2022-03-29 21:59:27 - [TEST_STEP][PASSED] - println("token is :" + global_token): null

2022-03-29 21:59:27 - [TEST_STEP][PASSED] - response_token = token.getResponseText(): null

2022-03-29 21:59:27 - [TEST_STEP][PASSED] - logInfo($response_token): 
            {
                "token_type": "BearerToken",
                "access_token": "cLkvKE0Zpssv5wGt7YLq9mhwiCdW",
                "expires_in": "1799",
                "scope": ""
            }
        

2022-03-29 21:59:27 - [MESSAGE][INFO] - 
            {
                "token_type": "BearerToken",
                "access_token": "cLkvKE0Zpssv5wGt7YLq9mhwiCdW",
                "expires_in": "1799",
                "scope": ""
            }
        

2022-03-29 21:59:27 - [TEST_STEP][PASSED] - feedback = sendRequest(findTestObject("4. Feedback-ins", ["s_key":global_token, "batchid":batchid, "norek":norek, "nopin":nopin, "custname":custname, "pemohon":pemohon, "branchid":branchid, ... ])): Send request successfully

2022-03-29 21:59:28 - [MESSAGE][INFO] - HAR: I:\app-testing\app-project\Order car insurance\order-car-insurance\Reports\20220329_215823\3. Get feedback insurance - Batch 1\20220329_215824\requests\main\69.har

2022-03-29 21:59:28 - [MESSAGE][PASSED] - Send request successfully

2022-03-29 21:59:28 - [TEST_STEP][PASSED] - response_feedback = feedback.getResponseText(): null

2022-03-29 21:59:28 - [TEST_STEP][PASSED] - markPassed("result feedback data : " + no + " norek : " + norek + " nopin : " + nopin): result feedback data : 44 norek : 1450008999 nopin : 001

2022-03-29 21:59:28 - [MESSAGE][PASSED] - result feedback data : 44 norek : 1450008999 nopin : 001

2022-03-29 21:59:28 - [TEST_STEP][PASSED] - logInfo($response_feedback): {
  "FeedbackCarInsuranceResponse" : {
    "errorCode" : "00",
    "errorMessage" : "Sukses"
  }
}

2022-03-29 21:59:28 - [MESSAGE][INFO] - {
  "FeedbackCarInsuranceResponse" : {
    "errorCode" : "00",
    "errorMessage" : "Sukses"
  }
}

2022-03-29 21:59:28 - [TEST_STEP][PASSED] - verifyElementPropertyValue(feedback, "FeedbackCarInsuranceResponse.errorMessage", "Sukses", CONTINUE_ON_FAILURE): Verify element property value successfully

2022-03-29 21:59:28 - [MESSAGE][PASSED] - Verify element property value successfully]]></system-out>
         <system-err><![CDATA[]]></system-err>
      </testcase>
      <testcase name="Test Cases/3. get token - feedback insurance" time="0.858" classname="Test Cases/3. get token - feedback insurance" status="PASSED">
         <system-out><![CDATA[2022-03-29 21:59:29 - [TEST_CASE][PASSED] - Test Cases/3. get token - feedback insurance: Test Cases/3. get token - feedback insurance

2022-03-29 21:59:29 - [TEST_STEP][PASSED] - token = sendRequest(findTestObject("1. Get-Token")): Send request successfully

2022-03-29 21:59:29 - [MESSAGE][INFO] - HAR: I:\app-testing\app-project\Order car insurance\order-car-insurance\Reports\20220329_215823\3. Get feedback insurance - Batch 1\20220329_215824\requests\main\70.har

2022-03-29 21:59:29 - [MESSAGE][PASSED] - Send request successfully

2022-03-29 21:59:29 - [TEST_STEP][PASSED] - slurper = new groovy.json.JsonSlurper(): null

2022-03-29 21:59:29 - [TEST_STEP][PASSED] - get_token = slurper.parseText(token.getResponseBodyContent()): null

2022-03-29 21:59:29 - [TEST_STEP][PASSED] - private_token = access_token: null

2022-03-29 21:59:29 - [TEST_STEP][PASSED] - global_token = private_token: null

2022-03-29 21:59:29 - [TEST_STEP][PASSED] - println("token is :" + global_token): null

2022-03-29 21:59:29 - [TEST_STEP][PASSED] - response_token = token.getResponseText(): null

2022-03-29 21:59:29 - [TEST_STEP][PASSED] - logInfo($response_token): 
            {
                "token_type": "BearerToken",
                "access_token": "vSlBcRzt3osPGJIkUXIGgusIgYZx",
                "expires_in": "1799",
                "scope": ""
            }
        

2022-03-29 21:59:29 - [MESSAGE][INFO] - 
            {
                "token_type": "BearerToken",
                "access_token": "vSlBcRzt3osPGJIkUXIGgusIgYZx",
                "expires_in": "1799",
                "scope": ""
            }
        

2022-03-29 21:59:29 - [TEST_STEP][PASSED] - feedback = sendRequest(findTestObject("4. Feedback-ins", ["s_key":global_token, "batchid":batchid, "norek":norek, "nopin":nopin, "custname":custname, "pemohon":pemohon, "branchid":branchid, ... ])): Send request successfully

2022-03-29 21:59:30 - [MESSAGE][INFO] - HAR: I:\app-testing\app-project\Order car insurance\order-car-insurance\Reports\20220329_215823\3. Get feedback insurance - Batch 1\20220329_215824\requests\main\71.har

2022-03-29 21:59:30 - [MESSAGE][PASSED] - Send request successfully

2022-03-29 21:59:30 - [TEST_STEP][PASSED] - response_feedback = feedback.getResponseText(): null

2022-03-29 21:59:30 - [TEST_STEP][PASSED] - markPassed("result feedback data : " + no + " norek : " + norek + " nopin : " + nopin): result feedback data : 45 norek : 1450008999 nopin : 001

2022-03-29 21:59:30 - [MESSAGE][PASSED] - result feedback data : 45 norek : 1450008999 nopin : 001

2022-03-29 21:59:30 - [TEST_STEP][PASSED] - logInfo($response_feedback): {
  "FeedbackCarInsuranceResponse" : {
    "errorCode" : "00",
    "errorMessage" : "Sukses"
  }
}

2022-03-29 21:59:30 - [MESSAGE][INFO] - {
  "FeedbackCarInsuranceResponse" : {
    "errorCode" : "00",
    "errorMessage" : "Sukses"
  }
}

2022-03-29 21:59:30 - [TEST_STEP][PASSED] - verifyElementPropertyValue(feedback, "FeedbackCarInsuranceResponse.errorMessage", "Sukses", CONTINUE_ON_FAILURE): Verify element property value successfully

2022-03-29 21:59:30 - [MESSAGE][PASSED] - Verify element property value successfully]]></system-out>
         <system-err><![CDATA[]]></system-err>
      </testcase>
      <testcase name="Test Cases/3. get token - feedback insurance" time="0.937" classname="Test Cases/3. get token - feedback insurance" status="PASSED">
         <system-out><![CDATA[2022-03-29 21:59:30 - [TEST_CASE][PASSED] - Test Cases/3. get token - feedback insurance: Test Cases/3. get token - feedback insurance

2022-03-29 21:59:30 - [TEST_STEP][PASSED] - token = sendRequest(findTestObject("1. Get-Token")): Send request successfully

2022-03-29 21:59:30 - [MESSAGE][INFO] - HAR: I:\app-testing\app-project\Order car insurance\order-car-insurance\Reports\20220329_215823\3. Get feedback insurance - Batch 1\20220329_215824\requests\main\72.har

2022-03-29 21:59:30 - [MESSAGE][PASSED] - Send request successfully

2022-03-29 21:59:30 - [TEST_STEP][PASSED] - slurper = new groovy.json.JsonSlurper(): null

2022-03-29 21:59:30 - [TEST_STEP][PASSED] - get_token = slurper.parseText(token.getResponseBodyContent()): null

2022-03-29 21:59:30 - [TEST_STEP][PASSED] - private_token = access_token: null

2022-03-29 21:59:30 - [TEST_STEP][PASSED] - global_token = private_token: null

2022-03-29 21:59:30 - [TEST_STEP][PASSED] - println("token is :" + global_token): null

2022-03-29 21:59:30 - [TEST_STEP][PASSED] - response_token = token.getResponseText(): null

2022-03-29 21:59:30 - [TEST_STEP][PASSED] - logInfo($response_token): 
            {
                "token_type": "BearerToken",
                "access_token": "oFx3m0Lm5oRrPzOAc1pJv8x18CMW",
                "expires_in": "1799",
                "scope": ""
            }
        

2022-03-29 21:59:30 - [MESSAGE][INFO] - 
            {
                "token_type": "BearerToken",
                "access_token": "oFx3m0Lm5oRrPzOAc1pJv8x18CMW",
                "expires_in": "1799",
                "scope": ""
            }
        

2022-03-29 21:59:30 - [TEST_STEP][PASSED] - feedback = sendRequest(findTestObject("4. Feedback-ins", ["s_key":global_token, "batchid":batchid, "norek":norek, "nopin":nopin, "custname":custname, "pemohon":pemohon, "branchid":branchid, ... ])): Send request successfully

2022-03-29 21:59:31 - [MESSAGE][INFO] - HAR: I:\app-testing\app-project\Order car insurance\order-car-insurance\Reports\20220329_215823\3. Get feedback insurance - Batch 1\20220329_215824\requests\main\73.har

2022-03-29 21:59:31 - [MESSAGE][PASSED] - Send request successfully

2022-03-29 21:59:31 - [TEST_STEP][PASSED] - response_feedback = feedback.getResponseText(): null

2022-03-29 21:59:31 - [TEST_STEP][PASSED] - markPassed("result feedback data : " + no + " norek : " + norek + " nopin : " + nopin): result feedback data : 46 norek : 1450008999 nopin : 001

2022-03-29 21:59:31 - [MESSAGE][PASSED] - result feedback data : 46 norek : 1450008999 nopin : 001

2022-03-29 21:59:31 - [TEST_STEP][PASSED] - logInfo($response_feedback): {
  "FeedbackCarInsuranceResponse" : {
    "errorCode" : "00",
    "errorMessage" : "Sukses"
  }
}

2022-03-29 21:59:31 - [MESSAGE][INFO] - {
  "FeedbackCarInsuranceResponse" : {
    "errorCode" : "00",
    "errorMessage" : "Sukses"
  }
}

2022-03-29 21:59:31 - [TEST_STEP][PASSED] - verifyElementPropertyValue(feedback, "FeedbackCarInsuranceResponse.errorMessage", "Sukses", CONTINUE_ON_FAILURE): Verify element property value successfully

2022-03-29 21:59:31 - [MESSAGE][PASSED] - Verify element property value successfully]]></system-out>
         <system-err><![CDATA[]]></system-err>
      </testcase>
      <testcase name="Test Cases/3. get token - feedback insurance" time="1.046" classname="Test Cases/3. get token - feedback insurance" status="PASSED">
         <system-out><![CDATA[2022-03-29 21:59:31 - [TEST_CASE][PASSED] - Test Cases/3. get token - feedback insurance: Test Cases/3. get token - feedback insurance

2022-03-29 21:59:31 - [TEST_STEP][PASSED] - token = sendRequest(findTestObject("1. Get-Token")): Send request successfully

2022-03-29 21:59:32 - [MESSAGE][INFO] - HAR: I:\app-testing\app-project\Order car insurance\order-car-insurance\Reports\20220329_215823\3. Get feedback insurance - Batch 1\20220329_215824\requests\main\74.har

2022-03-29 21:59:32 - [MESSAGE][PASSED] - Send request successfully

2022-03-29 21:59:32 - [TEST_STEP][PASSED] - slurper = new groovy.json.JsonSlurper(): null

2022-03-29 21:59:32 - [TEST_STEP][PASSED] - get_token = slurper.parseText(token.getResponseBodyContent()): null

2022-03-29 21:59:32 - [TEST_STEP][PASSED] - private_token = access_token: null

2022-03-29 21:59:32 - [TEST_STEP][PASSED] - global_token = private_token: null

2022-03-29 21:59:32 - [TEST_STEP][PASSED] - println("token is :" + global_token): null

2022-03-29 21:59:32 - [TEST_STEP][PASSED] - response_token = token.getResponseText(): null

2022-03-29 21:59:32 - [TEST_STEP][PASSED] - logInfo($response_token): 
            {
                "token_type": "BearerToken",
                "access_token": "tTYnupp0PvUY5vxiwblHnyoKLtAe",
                "expires_in": "1799",
                "scope": ""
            }
        

2022-03-29 21:59:32 - [MESSAGE][INFO] - 
            {
                "token_type": "BearerToken",
                "access_token": "tTYnupp0PvUY5vxiwblHnyoKLtAe",
                "expires_in": "1799",
                "scope": ""
            }
        

2022-03-29 21:59:32 - [TEST_STEP][PASSED] - feedback = sendRequest(findTestObject("4. Feedback-ins", ["s_key":global_token, "batchid":batchid, "norek":norek, "nopin":nopin, "custname":custname, "pemohon":pemohon, "branchid":branchid, ... ])): Send request successfully

2022-03-29 21:59:32 - [MESSAGE][INFO] - HAR: I:\app-testing\app-project\Order car insurance\order-car-insurance\Reports\20220329_215823\3. Get feedback insurance - Batch 1\20220329_215824\requests\main\75.har

2022-03-29 21:59:32 - [MESSAGE][PASSED] - Send request successfully

2022-03-29 21:59:32 - [TEST_STEP][PASSED] - response_feedback = feedback.getResponseText(): null

2022-03-29 21:59:32 - [TEST_STEP][PASSED] - markPassed("result feedback data : " + no + " norek : " + norek + " nopin : " + nopin): result feedback data : 47 norek : 1450008999 nopin : 001

2022-03-29 21:59:32 - [MESSAGE][PASSED] - result feedback data : 47 norek : 1450008999 nopin : 001

2022-03-29 21:59:32 - [TEST_STEP][PASSED] - logInfo($response_feedback): {
  "FeedbackCarInsuranceResponse" : {
    "errorCode" : "00",
    "errorMessage" : "Sukses"
  }
}

2022-03-29 21:59:32 - [MESSAGE][INFO] - {
  "FeedbackCarInsuranceResponse" : {
    "errorCode" : "00",
    "errorMessage" : "Sukses"
  }
}

2022-03-29 21:59:32 - [TEST_STEP][PASSED] - verifyElementPropertyValue(feedback, "FeedbackCarInsuranceResponse.errorMessage", "Sukses", CONTINUE_ON_FAILURE): Verify element property value successfully

2022-03-29 21:59:32 - [MESSAGE][PASSED] - Verify element property value successfully]]></system-out>
         <system-err><![CDATA[]]></system-err>
      </testcase>
      <testcase name="Test Cases/3. get token - feedback insurance" time="1.066" classname="Test Cases/3. get token - feedback insurance" status="PASSED">
         <system-out><![CDATA[2022-03-29 21:59:33 - [TEST_CASE][PASSED] - Test Cases/3. get token - feedback insurance: Test Cases/3. get token - feedback insurance

2022-03-29 21:59:33 - [TEST_STEP][PASSED] - token = sendRequest(findTestObject("1. Get-Token")): Send request successfully

2022-03-29 21:59:33 - [MESSAGE][INFO] - HAR: I:\app-testing\app-project\Order car insurance\order-car-insurance\Reports\20220329_215823\3. Get feedback insurance - Batch 1\20220329_215824\requests\main\76.har

2022-03-29 21:59:33 - [MESSAGE][PASSED] - Send request successfully

2022-03-29 21:59:33 - [TEST_STEP][PASSED] - slurper = new groovy.json.JsonSlurper(): null

2022-03-29 21:59:33 - [TEST_STEP][PASSED] - get_token = slurper.parseText(token.getResponseBodyContent()): null

2022-03-29 21:59:33 - [TEST_STEP][PASSED] - private_token = access_token: null

2022-03-29 21:59:33 - [TEST_STEP][PASSED] - global_token = private_token: null

2022-03-29 21:59:33 - [TEST_STEP][PASSED] - println("token is :" + global_token): null

2022-03-29 21:59:33 - [TEST_STEP][PASSED] - response_token = token.getResponseText(): null

2022-03-29 21:59:33 - [TEST_STEP][PASSED] - logInfo($response_token): 
            {
                "token_type": "BearerToken",
                "access_token": "AmBzbYyFHD0FAYPwJVDUawHSYrGG",
                "expires_in": "1799",
                "scope": ""
            }
        

2022-03-29 21:59:33 - [MESSAGE][INFO] - 
            {
                "token_type": "BearerToken",
                "access_token": "AmBzbYyFHD0FAYPwJVDUawHSYrGG",
                "expires_in": "1799",
                "scope": ""
            }
        

2022-03-29 21:59:33 - [TEST_STEP][PASSED] - feedback = sendRequest(findTestObject("4. Feedback-ins", ["s_key":global_token, "batchid":batchid, "norek":norek, "nopin":nopin, "custname":custname, "pemohon":pemohon, "branchid":branchid, ... ])): Send request successfully

2022-03-29 21:59:34 - [MESSAGE][INFO] - HAR: I:\app-testing\app-project\Order car insurance\order-car-insurance\Reports\20220329_215823\3. Get feedback insurance - Batch 1\20220329_215824\requests\main\77.har

2022-03-29 21:59:34 - [MESSAGE][PASSED] - Send request successfully

2022-03-29 21:59:34 - [TEST_STEP][PASSED] - response_feedback = feedback.getResponseText(): null

2022-03-29 21:59:34 - [TEST_STEP][PASSED] - markPassed("result feedback data : " + no + " norek : " + norek + " nopin : " + nopin): result feedback data : 48 norek : 1450008999 nopin : 001

2022-03-29 21:59:34 - [MESSAGE][PASSED] - result feedback data : 48 norek : 1450008999 nopin : 001

2022-03-29 21:59:34 - [TEST_STEP][PASSED] - logInfo($response_feedback): {
  "FeedbackCarInsuranceResponse" : {
    "errorCode" : "00",
    "errorMessage" : "Sukses"
  }
}

2022-03-29 21:59:34 - [MESSAGE][INFO] - {
  "FeedbackCarInsuranceResponse" : {
    "errorCode" : "00",
    "errorMessage" : "Sukses"
  }
}

2022-03-29 21:59:34 - [TEST_STEP][PASSED] - verifyElementPropertyValue(feedback, "FeedbackCarInsuranceResponse.errorMessage", "Sukses", CONTINUE_ON_FAILURE): Verify element property value successfully

2022-03-29 21:59:34 - [MESSAGE][PASSED] - Verify element property value successfully]]></system-out>
         <system-err><![CDATA[]]></system-err>
      </testcase>
      <testcase name="Test Cases/3. get token - feedback insurance" time="0.965" classname="Test Cases/3. get token - feedback insurance" status="FAILED">
         <failure type="FAILED" message="Test Cases/3. get token - feedback insurance FAILED.
Reason:
com.kms.katalon.core.exception.StepFailedException: Expected element property value 'Sukses' is not equal with actual property value 'OSB Service Callout action received SOAP Fault response'
	at com.kms.katalon.core.keyword.internal.KeywordMain.stepFailed(KeywordMain.groovy:39)
	at com.kms.katalon.core.webservice.keyword.builtin.VerifyElementPropertyValueKeyword$_verifyElementPropertyValue_closure1.doCall(VerifyElementPropertyValueKeyword.groovy:56)
	at com.kms.katalon.core.webservice.keyword.builtin.VerifyElementPropertyValueKeyword$_verifyElementPropertyValue_closure1.call(VerifyElementPropertyValueKeyword.groovy)
	at com.kms.katalon.core.keyword.internal.KeywordMain.runKeyword(KeywordMain.groovy:74)
	at com.kms.katalon.core.webservice.keyword.builtin.VerifyElementPropertyValueKeyword.verifyElementPropertyValue(VerifyElementPropertyValueKeyword.groovy:48)
	at com.kms.katalon.core.webservice.keyword.builtin.VerifyElementPropertyValueKeyword.execute(VerifyElementPropertyValueKeyword.groovy:43)
	at com.kms.katalon.core.keyword.internal.KeywordExecutor.executeKeywordForPlatform(KeywordExecutor.groovy:74)
	at com.kms.katalon.core.webservice.keyword.WSBuiltInKeywords.verifyElementPropertyValue(WSBuiltInKeywords.groovy:175)
	at com.kms.katalon.core.webservice.keyword.WSBuiltInKeywords$verifyElementPropertyValue$0.call(Unknown Source)
	at 3. get token - feedback insurance.run(3. get token - feedback insurance:59)
	at com.kms.katalon.core.main.ScriptEngine.run(ScriptEngine.java:194)
	at com.kms.katalon.core.main.ScriptEngine.runScriptAsRawText(ScriptEngine.java:119)
	at com.kms.katalon.core.main.TestCaseExecutor.runScript(TestCaseExecutor.java:442)
	at com.kms.katalon.core.main.TestCaseExecutor.doExecute(TestCaseExecutor.java:433)
	at com.kms.katalon.core.main.TestCaseExecutor.processExecutionPhase(TestCaseExecutor.java:412)
	at com.kms.katalon.core.main.TestCaseExecutor.accessMainPhase(TestCaseExecutor.java:404)
	at com.kms.katalon.core.main.TestCaseExecutor.execute(TestCaseExecutor.java:281)
	at com.kms.katalon.core.main.TestSuiteExecutor.accessTestCaseMainPhase(TestSuiteExecutor.java:202)
	at com.kms.katalon.core.main.TestSuiteExecutor.accessTestSuiteMainPhase(TestSuiteExecutor.java:164)
	at com.kms.katalon.core.main.TestSuiteExecutor.execute(TestSuiteExecutor.java:105)
	at com.kms.katalon.core.main.TestCaseMain.startTestSuite(TestCaseMain.java:181)
	at com.kms.katalon.core.main.TestCaseMain$startTestSuite$0.call(Unknown Source)
	at TempTestSuite1648565904909.run(TempTestSuite1648565904909.groovy:36)
"/>
         <system-out><![CDATA[2022-03-29 21:59:34 - [TEST_CASE][FAILED] - Test Cases/3. get token - feedback insurance: Test Cases/3. get token - feedback insurance FAILED.
Reason:
com.kms.katalon.core.exception.StepFailedException: Expected element property value 'Sukses' is not equal with actual property value 'OSB Service Callout action received SOAP Fault response'
	at com.kms.katalon.core.keyword.internal.KeywordMain.stepFailed(KeywordMain.groovy:39)
	at com.kms.katalon.core.webservice.keyword.builtin.VerifyElementPropertyValueKeyword$_verifyElementPropertyValue_closure1.doCall(VerifyElementPropertyValueKeyword.groovy:56)
	at com.kms.katalon.core.webservice.keyword.builtin.VerifyElementPropertyValueKeyword$_verifyElementPropertyValue_closure1.call(VerifyElementPropertyValueKeyword.groovy)
	at com.kms.katalon.core.keyword.internal.KeywordMain.runKeyword(KeywordMain.groovy:74)
	at com.kms.katalon.core.webservice.keyword.builtin.VerifyElementPropertyValueKeyword.verifyElementPropertyValue(VerifyElementPropertyValueKeyword.groovy:48)
	at com.kms.katalon.core.webservice.keyword.builtin.VerifyElementPropertyValueKeyword.execute(VerifyElementPropertyValueKeyword.groovy:43)
	at com.kms.katalon.core.keyword.internal.KeywordExecutor.executeKeywordForPlatform(KeywordExecutor.groovy:74)
	at com.kms.katalon.core.webservice.keyword.WSBuiltInKeywords.verifyElementPropertyValue(WSBuiltInKeywords.groovy:175)
	at com.kms.katalon.core.webservice.keyword.WSBuiltInKeywords$verifyElementPropertyValue$0.call(Unknown Source)
	at 3. get token - feedback insurance.run(3. get token - feedback insurance:59)
	at com.kms.katalon.core.main.ScriptEngine.run(ScriptEngine.java:194)
	at com.kms.katalon.core.main.ScriptEngine.runScriptAsRawText(ScriptEngine.java:119)
	at com.kms.katalon.core.main.TestCaseExecutor.runScript(TestCaseExecutor.java:442)
	at com.kms.katalon.core.main.TestCaseExecutor.doExecute(TestCaseExecutor.java:433)
	at com.kms.katalon.core.main.TestCaseExecutor.processExecutionPhase(TestCaseExecutor.java:412)
	at com.kms.katalon.core.main.TestCaseExecutor.accessMainPhase(TestCaseExecutor.java:404)
	at com.kms.katalon.core.main.TestCaseExecutor.execute(TestCaseExecutor.java:281)
	at com.kms.katalon.core.main.TestSuiteExecutor.accessTestCaseMainPhase(TestSuiteExecutor.java:202)
	at com.kms.katalon.core.main.TestSuiteExecutor.accessTestSuiteMainPhase(TestSuiteExecutor.java:164)
	at com.kms.katalon.core.main.TestSuiteExecutor.execute(TestSuiteExecutor.java:105)
	at com.kms.katalon.core.main.TestCaseMain.startTestSuite(TestCaseMain.java:181)
	at com.kms.katalon.core.main.TestCaseMain$startTestSuite$0.call(Unknown Source)
	at TempTestSuite1648565904909.run(TempTestSuite1648565904909.groovy:36)


2022-03-29 21:59:34 - [TEST_STEP][PASSED] - token = sendRequest(findTestObject("1. Get-Token")): Send request successfully

2022-03-29 21:59:34 - [MESSAGE][INFO] - HAR: I:\app-testing\app-project\Order car insurance\order-car-insurance\Reports\20220329_215823\3. Get feedback insurance - Batch 1\20220329_215824\requests\main\78.har

2022-03-29 21:59:35 - [MESSAGE][PASSED] - Send request successfully

2022-03-29 21:59:35 - [TEST_STEP][PASSED] - slurper = new groovy.json.JsonSlurper(): null

2022-03-29 21:59:35 - [TEST_STEP][PASSED] - get_token = slurper.parseText(token.getResponseBodyContent()): null

2022-03-29 21:59:35 - [TEST_STEP][PASSED] - private_token = access_token: null

2022-03-29 21:59:35 - [TEST_STEP][PASSED] - global_token = private_token: null

2022-03-29 21:59:35 - [TEST_STEP][PASSED] - println("token is :" + global_token): null

2022-03-29 21:59:35 - [TEST_STEP][PASSED] - response_token = token.getResponseText(): null

2022-03-29 21:59:35 - [TEST_STEP][PASSED] - logInfo($response_token): 
            {
                "token_type": "BearerToken",
                "access_token": "F4veag45TSXIDG0Cg2xC5ghGv6Y7",
                "expires_in": "1799",
                "scope": ""
            }
        

2022-03-29 21:59:35 - [MESSAGE][INFO] - 
            {
                "token_type": "BearerToken",
                "access_token": "F4veag45TSXIDG0Cg2xC5ghGv6Y7",
                "expires_in": "1799",
                "scope": ""
            }
        

2022-03-29 21:59:35 - [TEST_STEP][PASSED] - feedback = sendRequest(findTestObject("4. Feedback-ins", ["s_key":global_token, "batchid":batchid, "norek":norek, "nopin":nopin, "custname":custname, "pemohon":pemohon, "branchid":branchid, ... ])): Send request successfully

2022-03-29 21:59:35 - [MESSAGE][INFO] - HAR: I:\app-testing\app-project\Order car insurance\order-car-insurance\Reports\20220329_215823\3. Get feedback insurance - Batch 1\20220329_215824\requests\main\79.har

2022-03-29 21:59:35 - [MESSAGE][PASSED] - Send request successfully

2022-03-29 21:59:35 - [TEST_STEP][PASSED] - response_feedback = feedback.getResponseText(): null

2022-03-29 21:59:35 - [TEST_STEP][PASSED] - markPassed("result feedback data : " + no + " norek : " + norek + " nopin : " + nopin): result feedback data : 49 norek : 9440010265 nopin : 001

2022-03-29 21:59:35 - [MESSAGE][PASSED] - result feedback data : 49 norek : 9440010265 nopin : 001

2022-03-29 21:59:35 - [TEST_STEP][PASSED] - logInfo($response_feedback): <?xml version="1.0" encoding="UTF-8"?>
<err:RestError xmlns:err="http://www.bea.com/wli/sb/errors"><err:errorMessage>OSB Service Callout action received SOAP Fault response</err:errorMessage><err:errorCode>OSB-382500</err:errorCode></err:RestError>

2022-03-29 21:59:35 - [MESSAGE][INFO] - <?xml version="1.0" encoding="UTF-8"?>
<err:RestError xmlns:err="http://www.bea.com/wli/sb/errors"><err:errorMessage>OSB Service Callout action received SOAP Fault response</err:errorMessage><err:errorCode>OSB-382500</err:errorCode></err:RestError>

2022-03-29 21:59:35 - [TEST_STEP][FAILED] - verifyElementPropertyValue(feedback, "FeedbackCarInsuranceResponse.errorMessage", "Sukses", CONTINUE_ON_FAILURE): Expected element property value 'Sukses' is not equal with actual property value 'OSB Service Callout action received SOAP Fault response'

2022-03-29 21:59:35 - [MESSAGE][FAILED] - Expected element property value 'Sukses' is not equal with actual property value 'OSB Service Callout action received SOAP Fault response']]></system-out>
         <system-err><![CDATA[2022-03-29 21:59:34 - [TEST_CASE][FAILED] - Test Cases/3. get token - feedback insurance: Test Cases/3. get token - feedback insurance FAILED.
Reason:
com.kms.katalon.core.exception.StepFailedException: Expected element property value 'Sukses' is not equal with actual property value 'OSB Service Callout action received SOAP Fault response'
	at com.kms.katalon.core.keyword.internal.KeywordMain.stepFailed(KeywordMain.groovy:39)
	at com.kms.katalon.core.webservice.keyword.builtin.VerifyElementPropertyValueKeyword$_verifyElementPropertyValue_closure1.doCall(VerifyElementPropertyValueKeyword.groovy:56)
	at com.kms.katalon.core.webservice.keyword.builtin.VerifyElementPropertyValueKeyword$_verifyElementPropertyValue_closure1.call(VerifyElementPropertyValueKeyword.groovy)
	at com.kms.katalon.core.keyword.internal.KeywordMain.runKeyword(KeywordMain.groovy:74)
	at com.kms.katalon.core.webservice.keyword.builtin.VerifyElementPropertyValueKeyword.verifyElementPropertyValue(VerifyElementPropertyValueKeyword.groovy:48)
	at com.kms.katalon.core.webservice.keyword.builtin.VerifyElementPropertyValueKeyword.execute(VerifyElementPropertyValueKeyword.groovy:43)
	at com.kms.katalon.core.keyword.internal.KeywordExecutor.executeKeywordForPlatform(KeywordExecutor.groovy:74)
	at com.kms.katalon.core.webservice.keyword.WSBuiltInKeywords.verifyElementPropertyValue(WSBuiltInKeywords.groovy:175)
	at com.kms.katalon.core.webservice.keyword.WSBuiltInKeywords$verifyElementPropertyValue$0.call(Unknown Source)
	at 3. get token - feedback insurance.run(3. get token - feedback insurance:59)
	at com.kms.katalon.core.main.ScriptEngine.run(ScriptEngine.java:194)
	at com.kms.katalon.core.main.ScriptEngine.runScriptAsRawText(ScriptEngine.java:119)
	at com.kms.katalon.core.main.TestCaseExecutor.runScript(TestCaseExecutor.java:442)
	at com.kms.katalon.core.main.TestCaseExecutor.doExecute(TestCaseExecutor.java:433)
	at com.kms.katalon.core.main.TestCaseExecutor.processExecutionPhase(TestCaseExecutor.java:412)
	at com.kms.katalon.core.main.TestCaseExecutor.accessMainPhase(TestCaseExecutor.java:404)
	at com.kms.katalon.core.main.TestCaseExecutor.execute(TestCaseExecutor.java:281)
	at com.kms.katalon.core.main.TestSuiteExecutor.accessTestCaseMainPhase(TestSuiteExecutor.java:202)
	at com.kms.katalon.core.main.TestSuiteExecutor.accessTestSuiteMainPhase(TestSuiteExecutor.java:164)
	at com.kms.katalon.core.main.TestSuiteExecutor.execute(TestSuiteExecutor.java:105)
	at com.kms.katalon.core.main.TestCaseMain.startTestSuite(TestCaseMain.java:181)
	at com.kms.katalon.core.main.TestCaseMain$startTestSuite$0.call(Unknown Source)
	at TempTestSuite1648565904909.run(TempTestSuite1648565904909.groovy:36)]]></system-err>
      </testcase>
      <testcase name="Test Cases/3. get token - feedback insurance" time="1.095" classname="Test Cases/3. get token - feedback insurance" status="FAILED">
         <failure type="FAILED" message="Test Cases/3. get token - feedback insurance FAILED.
Reason:
com.kms.katalon.core.exception.StepFailedException: Expected element property value 'Sukses' is not equal with actual property value 'OSB Service Callout action received SOAP Fault response'
	at com.kms.katalon.core.keyword.internal.KeywordMain.stepFailed(KeywordMain.groovy:39)
	at com.kms.katalon.core.webservice.keyword.builtin.VerifyElementPropertyValueKeyword$_verifyElementPropertyValue_closure1.doCall(VerifyElementPropertyValueKeyword.groovy:56)
	at com.kms.katalon.core.webservice.keyword.builtin.VerifyElementPropertyValueKeyword$_verifyElementPropertyValue_closure1.call(VerifyElementPropertyValueKeyword.groovy)
	at com.kms.katalon.core.keyword.internal.KeywordMain.runKeyword(KeywordMain.groovy:74)
	at com.kms.katalon.core.webservice.keyword.builtin.VerifyElementPropertyValueKeyword.verifyElementPropertyValue(VerifyElementPropertyValueKeyword.groovy:48)
	at com.kms.katalon.core.webservice.keyword.builtin.VerifyElementPropertyValueKeyword.execute(VerifyElementPropertyValueKeyword.groovy:43)
	at com.kms.katalon.core.keyword.internal.KeywordExecutor.executeKeywordForPlatform(KeywordExecutor.groovy:74)
	at com.kms.katalon.core.webservice.keyword.WSBuiltInKeywords.verifyElementPropertyValue(WSBuiltInKeywords.groovy:175)
	at com.kms.katalon.core.webservice.keyword.WSBuiltInKeywords$verifyElementPropertyValue$0.call(Unknown Source)
	at 3. get token - feedback insurance.run(3. get token - feedback insurance:59)
	at com.kms.katalon.core.main.ScriptEngine.run(ScriptEngine.java:194)
	at com.kms.katalon.core.main.ScriptEngine.runScriptAsRawText(ScriptEngine.java:119)
	at com.kms.katalon.core.main.TestCaseExecutor.runScript(TestCaseExecutor.java:442)
	at com.kms.katalon.core.main.TestCaseExecutor.doExecute(TestCaseExecutor.java:433)
	at com.kms.katalon.core.main.TestCaseExecutor.processExecutionPhase(TestCaseExecutor.java:412)
	at com.kms.katalon.core.main.TestCaseExecutor.accessMainPhase(TestCaseExecutor.java:404)
	at com.kms.katalon.core.main.TestCaseExecutor.execute(TestCaseExecutor.java:281)
	at com.kms.katalon.core.main.TestSuiteExecutor.accessTestCaseMainPhase(TestSuiteExecutor.java:202)
	at com.kms.katalon.core.main.TestSuiteExecutor.accessTestSuiteMainPhase(TestSuiteExecutor.java:164)
	at com.kms.katalon.core.main.TestSuiteExecutor.execute(TestSuiteExecutor.java:105)
	at com.kms.katalon.core.main.TestCaseMain.startTestSuite(TestCaseMain.java:181)
	at com.kms.katalon.core.main.TestCaseMain$startTestSuite$0.call(Unknown Source)
	at TempTestSuite1648565904909.run(TempTestSuite1648565904909.groovy:36)
"/>
         <system-out><![CDATA[2022-03-29 21:59:36 - [TEST_CASE][FAILED] - Test Cases/3. get token - feedback insurance: Test Cases/3. get token - feedback insurance FAILED.
Reason:
com.kms.katalon.core.exception.StepFailedException: Expected element property value 'Sukses' is not equal with actual property value 'OSB Service Callout action received SOAP Fault response'
	at com.kms.katalon.core.keyword.internal.KeywordMain.stepFailed(KeywordMain.groovy:39)
	at com.kms.katalon.core.webservice.keyword.builtin.VerifyElementPropertyValueKeyword$_verifyElementPropertyValue_closure1.doCall(VerifyElementPropertyValueKeyword.groovy:56)
	at com.kms.katalon.core.webservice.keyword.builtin.VerifyElementPropertyValueKeyword$_verifyElementPropertyValue_closure1.call(VerifyElementPropertyValueKeyword.groovy)
	at com.kms.katalon.core.keyword.internal.KeywordMain.runKeyword(KeywordMain.groovy:74)
	at com.kms.katalon.core.webservice.keyword.builtin.VerifyElementPropertyValueKeyword.verifyElementPropertyValue(VerifyElementPropertyValueKeyword.groovy:48)
	at com.kms.katalon.core.webservice.keyword.builtin.VerifyElementPropertyValueKeyword.execute(VerifyElementPropertyValueKeyword.groovy:43)
	at com.kms.katalon.core.keyword.internal.KeywordExecutor.executeKeywordForPlatform(KeywordExecutor.groovy:74)
	at com.kms.katalon.core.webservice.keyword.WSBuiltInKeywords.verifyElementPropertyValue(WSBuiltInKeywords.groovy:175)
	at com.kms.katalon.core.webservice.keyword.WSBuiltInKeywords$verifyElementPropertyValue$0.call(Unknown Source)
	at 3. get token - feedback insurance.run(3. get token - feedback insurance:59)
	at com.kms.katalon.core.main.ScriptEngine.run(ScriptEngine.java:194)
	at com.kms.katalon.core.main.ScriptEngine.runScriptAsRawText(ScriptEngine.java:119)
	at com.kms.katalon.core.main.TestCaseExecutor.runScript(TestCaseExecutor.java:442)
	at com.kms.katalon.core.main.TestCaseExecutor.doExecute(TestCaseExecutor.java:433)
	at com.kms.katalon.core.main.TestCaseExecutor.processExecutionPhase(TestCaseExecutor.java:412)
	at com.kms.katalon.core.main.TestCaseExecutor.accessMainPhase(TestCaseExecutor.java:404)
	at com.kms.katalon.core.main.TestCaseExecutor.execute(TestCaseExecutor.java:281)
	at com.kms.katalon.core.main.TestSuiteExecutor.accessTestCaseMainPhase(TestSuiteExecutor.java:202)
	at com.kms.katalon.core.main.TestSuiteExecutor.accessTestSuiteMainPhase(TestSuiteExecutor.java:164)
	at com.kms.katalon.core.main.TestSuiteExecutor.execute(TestSuiteExecutor.java:105)
	at com.kms.katalon.core.main.TestCaseMain.startTestSuite(TestCaseMain.java:181)
	at com.kms.katalon.core.main.TestCaseMain$startTestSuite$0.call(Unknown Source)
	at TempTestSuite1648565904909.run(TempTestSuite1648565904909.groovy:36)


2022-03-29 21:59:36 - [TEST_STEP][PASSED] - token = sendRequest(findTestObject("1. Get-Token")): Send request successfully

2022-03-29 21:59:36 - [MESSAGE][INFO] - HAR: I:\app-testing\app-project\Order car insurance\order-car-insurance\Reports\20220329_215823\3. Get feedback insurance - Batch 1\20220329_215824\requests\main\80.har

2022-03-29 21:59:36 - [MESSAGE][PASSED] - Send request successfully

2022-03-29 21:59:36 - [TEST_STEP][PASSED] - slurper = new groovy.json.JsonSlurper(): null

2022-03-29 21:59:36 - [TEST_STEP][PASSED] - get_token = slurper.parseText(token.getResponseBodyContent()): null

2022-03-29 21:59:36 - [TEST_STEP][PASSED] - private_token = access_token: null

2022-03-29 21:59:36 - [TEST_STEP][PASSED] - global_token = private_token: null

2022-03-29 21:59:36 - [TEST_STEP][PASSED] - println("token is :" + global_token): null

2022-03-29 21:59:36 - [TEST_STEP][PASSED] - response_token = token.getResponseText(): null

2022-03-29 21:59:36 - [TEST_STEP][PASSED] - logInfo($response_token): 
            {
                "token_type": "BearerToken",
                "access_token": "iUBnakwqqEf237k7D6xtQoRzmrlT",
                "expires_in": "1799",
                "scope": ""
            }
        

2022-03-29 21:59:36 - [MESSAGE][INFO] - 
            {
                "token_type": "BearerToken",
                "access_token": "iUBnakwqqEf237k7D6xtQoRzmrlT",
                "expires_in": "1799",
                "scope": ""
            }
        

2022-03-29 21:59:36 - [TEST_STEP][PASSED] - feedback = sendRequest(findTestObject("4. Feedback-ins", ["s_key":global_token, "batchid":batchid, "norek":norek, "nopin":nopin, "custname":custname, "pemohon":pemohon, "branchid":branchid, ... ])): Send request successfully

2022-03-29 21:59:37 - [MESSAGE][INFO] - HAR: I:\app-testing\app-project\Order car insurance\order-car-insurance\Reports\20220329_215823\3. Get feedback insurance - Batch 1\20220329_215824\requests\main\81.har

2022-03-29 21:59:37 - [MESSAGE][PASSED] - Send request successfully

2022-03-29 21:59:37 - [TEST_STEP][PASSED] - response_feedback = feedback.getResponseText(): null

2022-03-29 21:59:37 - [TEST_STEP][PASSED] - markPassed("result feedback data : " + no + " norek : " + norek + " nopin : " + nopin): result feedback data : 50 norek : 9440010265 nopin : 001

2022-03-29 21:59:37 - [MESSAGE][PASSED] - result feedback data : 50 norek : 9440010265 nopin : 001

2022-03-29 21:59:37 - [TEST_STEP][PASSED] - logInfo($response_feedback): <?xml version="1.0" encoding="UTF-8"?>
<err:RestError xmlns:err="http://www.bea.com/wli/sb/errors"><err:errorMessage>OSB Service Callout action received SOAP Fault response</err:errorMessage><err:errorCode>OSB-382500</err:errorCode></err:RestError>

2022-03-29 21:59:37 - [MESSAGE][INFO] - <?xml version="1.0" encoding="UTF-8"?>
<err:RestError xmlns:err="http://www.bea.com/wli/sb/errors"><err:errorMessage>OSB Service Callout action received SOAP Fault response</err:errorMessage><err:errorCode>OSB-382500</err:errorCode></err:RestError>

2022-03-29 21:59:37 - [TEST_STEP][FAILED] - verifyElementPropertyValue(feedback, "FeedbackCarInsuranceResponse.errorMessage", "Sukses", CONTINUE_ON_FAILURE): Expected element property value 'Sukses' is not equal with actual property value 'OSB Service Callout action received SOAP Fault response'

2022-03-29 21:59:37 - [MESSAGE][FAILED] - Expected element property value 'Sukses' is not equal with actual property value 'OSB Service Callout action received SOAP Fault response']]></system-out>
         <system-err><![CDATA[2022-03-29 21:59:36 - [TEST_CASE][FAILED] - Test Cases/3. get token - feedback insurance: Test Cases/3. get token - feedback insurance FAILED.
Reason:
com.kms.katalon.core.exception.StepFailedException: Expected element property value 'Sukses' is not equal with actual property value 'OSB Service Callout action received SOAP Fault response'
	at com.kms.katalon.core.keyword.internal.KeywordMain.stepFailed(KeywordMain.groovy:39)
	at com.kms.katalon.core.webservice.keyword.builtin.VerifyElementPropertyValueKeyword$_verifyElementPropertyValue_closure1.doCall(VerifyElementPropertyValueKeyword.groovy:56)
	at com.kms.katalon.core.webservice.keyword.builtin.VerifyElementPropertyValueKeyword$_verifyElementPropertyValue_closure1.call(VerifyElementPropertyValueKeyword.groovy)
	at com.kms.katalon.core.keyword.internal.KeywordMain.runKeyword(KeywordMain.groovy:74)
	at com.kms.katalon.core.webservice.keyword.builtin.VerifyElementPropertyValueKeyword.verifyElementPropertyValue(VerifyElementPropertyValueKeyword.groovy:48)
	at com.kms.katalon.core.webservice.keyword.builtin.VerifyElementPropertyValueKeyword.execute(VerifyElementPropertyValueKeyword.groovy:43)
	at com.kms.katalon.core.keyword.internal.KeywordExecutor.executeKeywordForPlatform(KeywordExecutor.groovy:74)
	at com.kms.katalon.core.webservice.keyword.WSBuiltInKeywords.verifyElementPropertyValue(WSBuiltInKeywords.groovy:175)
	at com.kms.katalon.core.webservice.keyword.WSBuiltInKeywords$verifyElementPropertyValue$0.call(Unknown Source)
	at 3. get token - feedback insurance.run(3. get token - feedback insurance:59)
	at com.kms.katalon.core.main.ScriptEngine.run(ScriptEngine.java:194)
	at com.kms.katalon.core.main.ScriptEngine.runScriptAsRawText(ScriptEngine.java:119)
	at com.kms.katalon.core.main.TestCaseExecutor.runScript(TestCaseExecutor.java:442)
	at com.kms.katalon.core.main.TestCaseExecutor.doExecute(TestCaseExecutor.java:433)
	at com.kms.katalon.core.main.TestCaseExecutor.processExecutionPhase(TestCaseExecutor.java:412)
	at com.kms.katalon.core.main.TestCaseExecutor.accessMainPhase(TestCaseExecutor.java:404)
	at com.kms.katalon.core.main.TestCaseExecutor.execute(TestCaseExecutor.java:281)
	at com.kms.katalon.core.main.TestSuiteExecutor.accessTestCaseMainPhase(TestSuiteExecutor.java:202)
	at com.kms.katalon.core.main.TestSuiteExecutor.accessTestSuiteMainPhase(TestSuiteExecutor.java:164)
	at com.kms.katalon.core.main.TestSuiteExecutor.execute(TestSuiteExecutor.java:105)
	at com.kms.katalon.core.main.TestCaseMain.startTestSuite(TestCaseMain.java:181)
	at com.kms.katalon.core.main.TestCaseMain$startTestSuite$0.call(Unknown Source)
	at TempTestSuite1648565904909.run(TempTestSuite1648565904909.groovy:36)]]></system-err>
      </testcase>
      <testcase name="Test Cases/3. get token - feedback insurance" time="0.992" classname="Test Cases/3. get token - feedback insurance" status="FAILED">
         <failure type="FAILED" message="Test Cases/3. get token - feedback insurance FAILED.
Reason:
com.kms.katalon.core.exception.StepFailedException: Expected element property value 'Sukses' is not equal with actual property value 'OSB Service Callout action received SOAP Fault response'
	at com.kms.katalon.core.keyword.internal.KeywordMain.stepFailed(KeywordMain.groovy:39)
	at com.kms.katalon.core.webservice.keyword.builtin.VerifyElementPropertyValueKeyword$_verifyElementPropertyValue_closure1.doCall(VerifyElementPropertyValueKeyword.groovy:56)
	at com.kms.katalon.core.webservice.keyword.builtin.VerifyElementPropertyValueKeyword$_verifyElementPropertyValue_closure1.call(VerifyElementPropertyValueKeyword.groovy)
	at com.kms.katalon.core.keyword.internal.KeywordMain.runKeyword(KeywordMain.groovy:74)
	at com.kms.katalon.core.webservice.keyword.builtin.VerifyElementPropertyValueKeyword.verifyElementPropertyValue(VerifyElementPropertyValueKeyword.groovy:48)
	at com.kms.katalon.core.webservice.keyword.builtin.VerifyElementPropertyValueKeyword.execute(VerifyElementPropertyValueKeyword.groovy:43)
	at com.kms.katalon.core.keyword.internal.KeywordExecutor.executeKeywordForPlatform(KeywordExecutor.groovy:74)
	at com.kms.katalon.core.webservice.keyword.WSBuiltInKeywords.verifyElementPropertyValue(WSBuiltInKeywords.groovy:175)
	at com.kms.katalon.core.webservice.keyword.WSBuiltInKeywords$verifyElementPropertyValue$0.call(Unknown Source)
	at 3. get token - feedback insurance.run(3. get token - feedback insurance:59)
	at com.kms.katalon.core.main.ScriptEngine.run(ScriptEngine.java:194)
	at com.kms.katalon.core.main.ScriptEngine.runScriptAsRawText(ScriptEngine.java:119)
	at com.kms.katalon.core.main.TestCaseExecutor.runScript(TestCaseExecutor.java:442)
	at com.kms.katalon.core.main.TestCaseExecutor.doExecute(TestCaseExecutor.java:433)
	at com.kms.katalon.core.main.TestCaseExecutor.processExecutionPhase(TestCaseExecutor.java:412)
	at com.kms.katalon.core.main.TestCaseExecutor.accessMainPhase(TestCaseExecutor.java:404)
	at com.kms.katalon.core.main.TestCaseExecutor.execute(TestCaseExecutor.java:281)
	at com.kms.katalon.core.main.TestSuiteExecutor.accessTestCaseMainPhase(TestSuiteExecutor.java:202)
	at com.kms.katalon.core.main.TestSuiteExecutor.accessTestSuiteMainPhase(TestSuiteExecutor.java:164)
	at com.kms.katalon.core.main.TestSuiteExecutor.execute(TestSuiteExecutor.java:105)
	at com.kms.katalon.core.main.TestCaseMain.startTestSuite(TestCaseMain.java:181)
	at com.kms.katalon.core.main.TestCaseMain$startTestSuite$0.call(Unknown Source)
	at TempTestSuite1648565904909.run(TempTestSuite1648565904909.groovy:36)
"/>
         <system-out><![CDATA[2022-03-29 21:59:37 - [TEST_CASE][FAILED] - Test Cases/3. get token - feedback insurance: Test Cases/3. get token - feedback insurance FAILED.
Reason:
com.kms.katalon.core.exception.StepFailedException: Expected element property value 'Sukses' is not equal with actual property value 'OSB Service Callout action received SOAP Fault response'
	at com.kms.katalon.core.keyword.internal.KeywordMain.stepFailed(KeywordMain.groovy:39)
	at com.kms.katalon.core.webservice.keyword.builtin.VerifyElementPropertyValueKeyword$_verifyElementPropertyValue_closure1.doCall(VerifyElementPropertyValueKeyword.groovy:56)
	at com.kms.katalon.core.webservice.keyword.builtin.VerifyElementPropertyValueKeyword$_verifyElementPropertyValue_closure1.call(VerifyElementPropertyValueKeyword.groovy)
	at com.kms.katalon.core.keyword.internal.KeywordMain.runKeyword(KeywordMain.groovy:74)
	at com.kms.katalon.core.webservice.keyword.builtin.VerifyElementPropertyValueKeyword.verifyElementPropertyValue(VerifyElementPropertyValueKeyword.groovy:48)
	at com.kms.katalon.core.webservice.keyword.builtin.VerifyElementPropertyValueKeyword.execute(VerifyElementPropertyValueKeyword.groovy:43)
	at com.kms.katalon.core.keyword.internal.KeywordExecutor.executeKeywordForPlatform(KeywordExecutor.groovy:74)
	at com.kms.katalon.core.webservice.keyword.WSBuiltInKeywords.verifyElementPropertyValue(WSBuiltInKeywords.groovy:175)
	at com.kms.katalon.core.webservice.keyword.WSBuiltInKeywords$verifyElementPropertyValue$0.call(Unknown Source)
	at 3. get token - feedback insurance.run(3. get token - feedback insurance:59)
	at com.kms.katalon.core.main.ScriptEngine.run(ScriptEngine.java:194)
	at com.kms.katalon.core.main.ScriptEngine.runScriptAsRawText(ScriptEngine.java:119)
	at com.kms.katalon.core.main.TestCaseExecutor.runScript(TestCaseExecutor.java:442)
	at com.kms.katalon.core.main.TestCaseExecutor.doExecute(TestCaseExecutor.java:433)
	at com.kms.katalon.core.main.TestCaseExecutor.processExecutionPhase(TestCaseExecutor.java:412)
	at com.kms.katalon.core.main.TestCaseExecutor.accessMainPhase(TestCaseExecutor.java:404)
	at com.kms.katalon.core.main.TestCaseExecutor.execute(TestCaseExecutor.java:281)
	at com.kms.katalon.core.main.TestSuiteExecutor.accessTestCaseMainPhase(TestSuiteExecutor.java:202)
	at com.kms.katalon.core.main.TestSuiteExecutor.accessTestSuiteMainPhase(TestSuiteExecutor.java:164)
	at com.kms.katalon.core.main.TestSuiteExecutor.execute(TestSuiteExecutor.java:105)
	at com.kms.katalon.core.main.TestCaseMain.startTestSuite(TestCaseMain.java:181)
	at com.kms.katalon.core.main.TestCaseMain$startTestSuite$0.call(Unknown Source)
	at TempTestSuite1648565904909.run(TempTestSuite1648565904909.groovy:36)


2022-03-29 21:59:37 - [TEST_STEP][PASSED] - token = sendRequest(findTestObject("1. Get-Token")): Send request successfully

2022-03-29 21:59:37 - [MESSAGE][INFO] - HAR: I:\app-testing\app-project\Order car insurance\order-car-insurance\Reports\20220329_215823\3. Get feedback insurance - Batch 1\20220329_215824\requests\main\82.har

2022-03-29 21:59:37 - [MESSAGE][PASSED] - Send request successfully

2022-03-29 21:59:37 - [TEST_STEP][PASSED] - slurper = new groovy.json.JsonSlurper(): null

2022-03-29 21:59:37 - [TEST_STEP][PASSED] - get_token = slurper.parseText(token.getResponseBodyContent()): null

2022-03-29 21:59:37 - [TEST_STEP][PASSED] - private_token = access_token: null

2022-03-29 21:59:37 - [TEST_STEP][PASSED] - global_token = private_token: null

2022-03-29 21:59:37 - [TEST_STEP][PASSED] - println("token is :" + global_token): null

2022-03-29 21:59:37 - [TEST_STEP][PASSED] - response_token = token.getResponseText(): null

2022-03-29 21:59:37 - [TEST_STEP][PASSED] - logInfo($response_token): 
            {
                "token_type": "BearerToken",
                "access_token": "DgHU5R9qBaDmaM39LEgYMDetsgiG",
                "expires_in": "1799",
                "scope": ""
            }
        

2022-03-29 21:59:37 - [MESSAGE][INFO] - 
            {
                "token_type": "BearerToken",
                "access_token": "DgHU5R9qBaDmaM39LEgYMDetsgiG",
                "expires_in": "1799",
                "scope": ""
            }
        

2022-03-29 21:59:37 - [TEST_STEP][PASSED] - feedback = sendRequest(findTestObject("4. Feedback-ins", ["s_key":global_token, "batchid":batchid, "norek":norek, "nopin":nopin, "custname":custname, "pemohon":pemohon, "branchid":branchid, ... ])): Send request successfully

2022-03-29 21:59:38 - [MESSAGE][INFO] - HAR: I:\app-testing\app-project\Order car insurance\order-car-insurance\Reports\20220329_215823\3. Get feedback insurance - Batch 1\20220329_215824\requests\main\83.har

2022-03-29 21:59:38 - [MESSAGE][PASSED] - Send request successfully

2022-03-29 21:59:38 - [TEST_STEP][PASSED] - response_feedback = feedback.getResponseText(): null

2022-03-29 21:59:38 - [TEST_STEP][PASSED] - markPassed("result feedback data : " + no + " norek : " + norek + " nopin : " + nopin): result feedback data : 51 norek : 9440010265 nopin : 001

2022-03-29 21:59:38 - [MESSAGE][PASSED] - result feedback data : 51 norek : 9440010265 nopin : 001

2022-03-29 21:59:38 - [TEST_STEP][PASSED] - logInfo($response_feedback): <?xml version="1.0" encoding="UTF-8"?>
<err:RestError xmlns:err="http://www.bea.com/wli/sb/errors"><err:errorMessage>OSB Service Callout action received SOAP Fault response</err:errorMessage><err:errorCode>OSB-382500</err:errorCode></err:RestError>

2022-03-29 21:59:38 - [MESSAGE][INFO] - <?xml version="1.0" encoding="UTF-8"?>
<err:RestError xmlns:err="http://www.bea.com/wli/sb/errors"><err:errorMessage>OSB Service Callout action received SOAP Fault response</err:errorMessage><err:errorCode>OSB-382500</err:errorCode></err:RestError>

2022-03-29 21:59:38 - [TEST_STEP][FAILED] - verifyElementPropertyValue(feedback, "FeedbackCarInsuranceResponse.errorMessage", "Sukses", CONTINUE_ON_FAILURE): Expected element property value 'Sukses' is not equal with actual property value 'OSB Service Callout action received SOAP Fault response'

2022-03-29 21:59:38 - [MESSAGE][FAILED] - Expected element property value 'Sukses' is not equal with actual property value 'OSB Service Callout action received SOAP Fault response']]></system-out>
         <system-err><![CDATA[2022-03-29 21:59:37 - [TEST_CASE][FAILED] - Test Cases/3. get token - feedback insurance: Test Cases/3. get token - feedback insurance FAILED.
Reason:
com.kms.katalon.core.exception.StepFailedException: Expected element property value 'Sukses' is not equal with actual property value 'OSB Service Callout action received SOAP Fault response'
	at com.kms.katalon.core.keyword.internal.KeywordMain.stepFailed(KeywordMain.groovy:39)
	at com.kms.katalon.core.webservice.keyword.builtin.VerifyElementPropertyValueKeyword$_verifyElementPropertyValue_closure1.doCall(VerifyElementPropertyValueKeyword.groovy:56)
	at com.kms.katalon.core.webservice.keyword.builtin.VerifyElementPropertyValueKeyword$_verifyElementPropertyValue_closure1.call(VerifyElementPropertyValueKeyword.groovy)
	at com.kms.katalon.core.keyword.internal.KeywordMain.runKeyword(KeywordMain.groovy:74)
	at com.kms.katalon.core.webservice.keyword.builtin.VerifyElementPropertyValueKeyword.verifyElementPropertyValue(VerifyElementPropertyValueKeyword.groovy:48)
	at com.kms.katalon.core.webservice.keyword.builtin.VerifyElementPropertyValueKeyword.execute(VerifyElementPropertyValueKeyword.groovy:43)
	at com.kms.katalon.core.keyword.internal.KeywordExecutor.executeKeywordForPlatform(KeywordExecutor.groovy:74)
	at com.kms.katalon.core.webservice.keyword.WSBuiltInKeywords.verifyElementPropertyValue(WSBuiltInKeywords.groovy:175)
	at com.kms.katalon.core.webservice.keyword.WSBuiltInKeywords$verifyElementPropertyValue$0.call(Unknown Source)
	at 3. get token - feedback insurance.run(3. get token - feedback insurance:59)
	at com.kms.katalon.core.main.ScriptEngine.run(ScriptEngine.java:194)
	at com.kms.katalon.core.main.ScriptEngine.runScriptAsRawText(ScriptEngine.java:119)
	at com.kms.katalon.core.main.TestCaseExecutor.runScript(TestCaseExecutor.java:442)
	at com.kms.katalon.core.main.TestCaseExecutor.doExecute(TestCaseExecutor.java:433)
	at com.kms.katalon.core.main.TestCaseExecutor.processExecutionPhase(TestCaseExecutor.java:412)
	at com.kms.katalon.core.main.TestCaseExecutor.accessMainPhase(TestCaseExecutor.java:404)
	at com.kms.katalon.core.main.TestCaseExecutor.execute(TestCaseExecutor.java:281)
	at com.kms.katalon.core.main.TestSuiteExecutor.accessTestCaseMainPhase(TestSuiteExecutor.java:202)
	at com.kms.katalon.core.main.TestSuiteExecutor.accessTestSuiteMainPhase(TestSuiteExecutor.java:164)
	at com.kms.katalon.core.main.TestSuiteExecutor.execute(TestSuiteExecutor.java:105)
	at com.kms.katalon.core.main.TestCaseMain.startTestSuite(TestCaseMain.java:181)
	at com.kms.katalon.core.main.TestCaseMain$startTestSuite$0.call(Unknown Source)
	at TempTestSuite1648565904909.run(TempTestSuite1648565904909.groovy:36)]]></system-err>
      </testcase>
      <testcase name="Test Cases/3. get token - feedback insurance" time="0.845" classname="Test Cases/3. get token - feedback insurance" status="FAILED">
         <failure type="FAILED" message="Test Cases/3. get token - feedback insurance FAILED.
Reason:
com.kms.katalon.core.exception.StepFailedException: Expected element property value 'Sukses' is not equal with actual property value 'OSB Service Callout action received SOAP Fault response'
	at com.kms.katalon.core.keyword.internal.KeywordMain.stepFailed(KeywordMain.groovy:39)
	at com.kms.katalon.core.webservice.keyword.builtin.VerifyElementPropertyValueKeyword$_verifyElementPropertyValue_closure1.doCall(VerifyElementPropertyValueKeyword.groovy:56)
	at com.kms.katalon.core.webservice.keyword.builtin.VerifyElementPropertyValueKeyword$_verifyElementPropertyValue_closure1.call(VerifyElementPropertyValueKeyword.groovy)
	at com.kms.katalon.core.keyword.internal.KeywordMain.runKeyword(KeywordMain.groovy:74)
	at com.kms.katalon.core.webservice.keyword.builtin.VerifyElementPropertyValueKeyword.verifyElementPropertyValue(VerifyElementPropertyValueKeyword.groovy:48)
	at com.kms.katalon.core.webservice.keyword.builtin.VerifyElementPropertyValueKeyword.execute(VerifyElementPropertyValueKeyword.groovy:43)
	at com.kms.katalon.core.keyword.internal.KeywordExecutor.executeKeywordForPlatform(KeywordExecutor.groovy:74)
	at com.kms.katalon.core.webservice.keyword.WSBuiltInKeywords.verifyElementPropertyValue(WSBuiltInKeywords.groovy:175)
	at com.kms.katalon.core.webservice.keyword.WSBuiltInKeywords$verifyElementPropertyValue$0.call(Unknown Source)
	at 3. get token - feedback insurance.run(3. get token - feedback insurance:59)
	at com.kms.katalon.core.main.ScriptEngine.run(ScriptEngine.java:194)
	at com.kms.katalon.core.main.ScriptEngine.runScriptAsRawText(ScriptEngine.java:119)
	at com.kms.katalon.core.main.TestCaseExecutor.runScript(TestCaseExecutor.java:442)
	at com.kms.katalon.core.main.TestCaseExecutor.doExecute(TestCaseExecutor.java:433)
	at com.kms.katalon.core.main.TestCaseExecutor.processExecutionPhase(TestCaseExecutor.java:412)
	at com.kms.katalon.core.main.TestCaseExecutor.accessMainPhase(TestCaseExecutor.java:404)
	at com.kms.katalon.core.main.TestCaseExecutor.execute(TestCaseExecutor.java:281)
	at com.kms.katalon.core.main.TestSuiteExecutor.accessTestCaseMainPhase(TestSuiteExecutor.java:202)
	at com.kms.katalon.core.main.TestSuiteExecutor.accessTestSuiteMainPhase(TestSuiteExecutor.java:164)
	at com.kms.katalon.core.main.TestSuiteExecutor.execute(TestSuiteExecutor.java:105)
	at com.kms.katalon.core.main.TestCaseMain.startTestSuite(TestCaseMain.java:181)
	at com.kms.katalon.core.main.TestCaseMain$startTestSuite$0.call(Unknown Source)
	at TempTestSuite1648565904909.run(TempTestSuite1648565904909.groovy:36)
"/>
         <system-out><![CDATA[2022-03-29 21:59:38 - [TEST_CASE][FAILED] - Test Cases/3. get token - feedback insurance: Test Cases/3. get token - feedback insurance FAILED.
Reason:
com.kms.katalon.core.exception.StepFailedException: Expected element property value 'Sukses' is not equal with actual property value 'OSB Service Callout action received SOAP Fault response'
	at com.kms.katalon.core.keyword.internal.KeywordMain.stepFailed(KeywordMain.groovy:39)
	at com.kms.katalon.core.webservice.keyword.builtin.VerifyElementPropertyValueKeyword$_verifyElementPropertyValue_closure1.doCall(VerifyElementPropertyValueKeyword.groovy:56)
	at com.kms.katalon.core.webservice.keyword.builtin.VerifyElementPropertyValueKeyword$_verifyElementPropertyValue_closure1.call(VerifyElementPropertyValueKeyword.groovy)
	at com.kms.katalon.core.keyword.internal.KeywordMain.runKeyword(KeywordMain.groovy:74)
	at com.kms.katalon.core.webservice.keyword.builtin.VerifyElementPropertyValueKeyword.verifyElementPropertyValue(VerifyElementPropertyValueKeyword.groovy:48)
	at com.kms.katalon.core.webservice.keyword.builtin.VerifyElementPropertyValueKeyword.execute(VerifyElementPropertyValueKeyword.groovy:43)
	at com.kms.katalon.core.keyword.internal.KeywordExecutor.executeKeywordForPlatform(KeywordExecutor.groovy:74)
	at com.kms.katalon.core.webservice.keyword.WSBuiltInKeywords.verifyElementPropertyValue(WSBuiltInKeywords.groovy:175)
	at com.kms.katalon.core.webservice.keyword.WSBuiltInKeywords$verifyElementPropertyValue$0.call(Unknown Source)
	at 3. get token - feedback insurance.run(3. get token - feedback insurance:59)
	at com.kms.katalon.core.main.ScriptEngine.run(ScriptEngine.java:194)
	at com.kms.katalon.core.main.ScriptEngine.runScriptAsRawText(ScriptEngine.java:119)
	at com.kms.katalon.core.main.TestCaseExecutor.runScript(TestCaseExecutor.java:442)
	at com.kms.katalon.core.main.TestCaseExecutor.doExecute(TestCaseExecutor.java:433)
	at com.kms.katalon.core.main.TestCaseExecutor.processExecutionPhase(TestCaseExecutor.java:412)
	at com.kms.katalon.core.main.TestCaseExecutor.accessMainPhase(TestCaseExecutor.java:404)
	at com.kms.katalon.core.main.TestCaseExecutor.execute(TestCaseExecutor.java:281)
	at com.kms.katalon.core.main.TestSuiteExecutor.accessTestCaseMainPhase(TestSuiteExecutor.java:202)
	at com.kms.katalon.core.main.TestSuiteExecutor.accessTestSuiteMainPhase(TestSuiteExecutor.java:164)
	at com.kms.katalon.core.main.TestSuiteExecutor.execute(TestSuiteExecutor.java:105)
	at com.kms.katalon.core.main.TestCaseMain.startTestSuite(TestCaseMain.java:181)
	at com.kms.katalon.core.main.TestCaseMain$startTestSuite$0.call(Unknown Source)
	at TempTestSuite1648565904909.run(TempTestSuite1648565904909.groovy:36)


2022-03-29 21:59:38 - [TEST_STEP][PASSED] - token = sendRequest(findTestObject("1. Get-Token")): Send request successfully

2022-03-29 21:59:39 - [MESSAGE][INFO] - HAR: I:\app-testing\app-project\Order car insurance\order-car-insurance\Reports\20220329_215823\3. Get feedback insurance - Batch 1\20220329_215824\requests\main\84.har

2022-03-29 21:59:39 - [MESSAGE][PASSED] - Send request successfully

2022-03-29 21:59:39 - [TEST_STEP][PASSED] - slurper = new groovy.json.JsonSlurper(): null

2022-03-29 21:59:39 - [TEST_STEP][PASSED] - get_token = slurper.parseText(token.getResponseBodyContent()): null

2022-03-29 21:59:39 - [TEST_STEP][PASSED] - private_token = access_token: null

2022-03-29 21:59:39 - [TEST_STEP][PASSED] - global_token = private_token: null

2022-03-29 21:59:39 - [TEST_STEP][PASSED] - println("token is :" + global_token): null

2022-03-29 21:59:39 - [TEST_STEP][PASSED] - response_token = token.getResponseText(): null

2022-03-29 21:59:39 - [TEST_STEP][PASSED] - logInfo($response_token): 
            {
                "token_type": "BearerToken",
                "access_token": "sPI7m70pltoNlGsHSHCpsGLNATXE",
                "expires_in": "1799",
                "scope": ""
            }
        

2022-03-29 21:59:39 - [MESSAGE][INFO] - 
            {
                "token_type": "BearerToken",
                "access_token": "sPI7m70pltoNlGsHSHCpsGLNATXE",
                "expires_in": "1799",
                "scope": ""
            }
        

2022-03-29 21:59:39 - [TEST_STEP][PASSED] - feedback = sendRequest(findTestObject("4. Feedback-ins", ["s_key":global_token, "batchid":batchid, "norek":norek, "nopin":nopin, "custname":custname, "pemohon":pemohon, "branchid":branchid, ... ])): Send request successfully

2022-03-29 21:59:39 - [MESSAGE][INFO] - HAR: I:\app-testing\app-project\Order car insurance\order-car-insurance\Reports\20220329_215823\3. Get feedback insurance - Batch 1\20220329_215824\requests\main\85.har

2022-03-29 21:59:39 - [MESSAGE][PASSED] - Send request successfully

2022-03-29 21:59:39 - [TEST_STEP][PASSED] - response_feedback = feedback.getResponseText(): null

2022-03-29 21:59:39 - [TEST_STEP][PASSED] - markPassed("result feedback data : " + no + " norek : " + norek + " nopin : " + nopin): result feedback data : 52 norek : 9440010269 nopin : 001

2022-03-29 21:59:39 - [MESSAGE][PASSED] - result feedback data : 52 norek : 9440010269 nopin : 001

2022-03-29 21:59:39 - [TEST_STEP][PASSED] - logInfo($response_feedback): <?xml version="1.0" encoding="UTF-8"?>
<err:RestError xmlns:err="http://www.bea.com/wli/sb/errors"><err:errorMessage>OSB Service Callout action received SOAP Fault response</err:errorMessage><err:errorCode>OSB-382500</err:errorCode></err:RestError>

2022-03-29 21:59:39 - [MESSAGE][INFO] - <?xml version="1.0" encoding="UTF-8"?>
<err:RestError xmlns:err="http://www.bea.com/wli/sb/errors"><err:errorMessage>OSB Service Callout action received SOAP Fault response</err:errorMessage><err:errorCode>OSB-382500</err:errorCode></err:RestError>

2022-03-29 21:59:39 - [TEST_STEP][FAILED] - verifyElementPropertyValue(feedback, "FeedbackCarInsuranceResponse.errorMessage", "Sukses", CONTINUE_ON_FAILURE): Expected element property value 'Sukses' is not equal with actual property value 'OSB Service Callout action received SOAP Fault response'

2022-03-29 21:59:39 - [MESSAGE][FAILED] - Expected element property value 'Sukses' is not equal with actual property value 'OSB Service Callout action received SOAP Fault response']]></system-out>
         <system-err><![CDATA[2022-03-29 21:59:38 - [TEST_CASE][FAILED] - Test Cases/3. get token - feedback insurance: Test Cases/3. get token - feedback insurance FAILED.
Reason:
com.kms.katalon.core.exception.StepFailedException: Expected element property value 'Sukses' is not equal with actual property value 'OSB Service Callout action received SOAP Fault response'
	at com.kms.katalon.core.keyword.internal.KeywordMain.stepFailed(KeywordMain.groovy:39)
	at com.kms.katalon.core.webservice.keyword.builtin.VerifyElementPropertyValueKeyword$_verifyElementPropertyValue_closure1.doCall(VerifyElementPropertyValueKeyword.groovy:56)
	at com.kms.katalon.core.webservice.keyword.builtin.VerifyElementPropertyValueKeyword$_verifyElementPropertyValue_closure1.call(VerifyElementPropertyValueKeyword.groovy)
	at com.kms.katalon.core.keyword.internal.KeywordMain.runKeyword(KeywordMain.groovy:74)
	at com.kms.katalon.core.webservice.keyword.builtin.VerifyElementPropertyValueKeyword.verifyElementPropertyValue(VerifyElementPropertyValueKeyword.groovy:48)
	at com.kms.katalon.core.webservice.keyword.builtin.VerifyElementPropertyValueKeyword.execute(VerifyElementPropertyValueKeyword.groovy:43)
	at com.kms.katalon.core.keyword.internal.KeywordExecutor.executeKeywordForPlatform(KeywordExecutor.groovy:74)
	at com.kms.katalon.core.webservice.keyword.WSBuiltInKeywords.verifyElementPropertyValue(WSBuiltInKeywords.groovy:175)
	at com.kms.katalon.core.webservice.keyword.WSBuiltInKeywords$verifyElementPropertyValue$0.call(Unknown Source)
	at 3. get token - feedback insurance.run(3. get token - feedback insurance:59)
	at com.kms.katalon.core.main.ScriptEngine.run(ScriptEngine.java:194)
	at com.kms.katalon.core.main.ScriptEngine.runScriptAsRawText(ScriptEngine.java:119)
	at com.kms.katalon.core.main.TestCaseExecutor.runScript(TestCaseExecutor.java:442)
	at com.kms.katalon.core.main.TestCaseExecutor.doExecute(TestCaseExecutor.java:433)
	at com.kms.katalon.core.main.TestCaseExecutor.processExecutionPhase(TestCaseExecutor.java:412)
	at com.kms.katalon.core.main.TestCaseExecutor.accessMainPhase(TestCaseExecutor.java:404)
	at com.kms.katalon.core.main.TestCaseExecutor.execute(TestCaseExecutor.java:281)
	at com.kms.katalon.core.main.TestSuiteExecutor.accessTestCaseMainPhase(TestSuiteExecutor.java:202)
	at com.kms.katalon.core.main.TestSuiteExecutor.accessTestSuiteMainPhase(TestSuiteExecutor.java:164)
	at com.kms.katalon.core.main.TestSuiteExecutor.execute(TestSuiteExecutor.java:105)
	at com.kms.katalon.core.main.TestCaseMain.startTestSuite(TestCaseMain.java:181)
	at com.kms.katalon.core.main.TestCaseMain$startTestSuite$0.call(Unknown Source)
	at TempTestSuite1648565904909.run(TempTestSuite1648565904909.groovy:36)]]></system-err>
      </testcase>
      <testcase name="Test Cases/3. get token - feedback insurance" time="1.044" classname="Test Cases/3. get token - feedback insurance" status="FAILED">
         <failure type="FAILED" message="Test Cases/3. get token - feedback insurance FAILED.
Reason:
com.kms.katalon.core.exception.StepFailedException: Expected element property value 'Sukses' is not equal with actual property value 'OSB Service Callout action received SOAP Fault response'
	at com.kms.katalon.core.keyword.internal.KeywordMain.stepFailed(KeywordMain.groovy:39)
	at com.kms.katalon.core.webservice.keyword.builtin.VerifyElementPropertyValueKeyword$_verifyElementPropertyValue_closure1.doCall(VerifyElementPropertyValueKeyword.groovy:56)
	at com.kms.katalon.core.webservice.keyword.builtin.VerifyElementPropertyValueKeyword$_verifyElementPropertyValue_closure1.call(VerifyElementPropertyValueKeyword.groovy)
	at com.kms.katalon.core.keyword.internal.KeywordMain.runKeyword(KeywordMain.groovy:74)
	at com.kms.katalon.core.webservice.keyword.builtin.VerifyElementPropertyValueKeyword.verifyElementPropertyValue(VerifyElementPropertyValueKeyword.groovy:48)
	at com.kms.katalon.core.webservice.keyword.builtin.VerifyElementPropertyValueKeyword.execute(VerifyElementPropertyValueKeyword.groovy:43)
	at com.kms.katalon.core.keyword.internal.KeywordExecutor.executeKeywordForPlatform(KeywordExecutor.groovy:74)
	at com.kms.katalon.core.webservice.keyword.WSBuiltInKeywords.verifyElementPropertyValue(WSBuiltInKeywords.groovy:175)
	at com.kms.katalon.core.webservice.keyword.WSBuiltInKeywords$verifyElementPropertyValue$0.call(Unknown Source)
	at 3. get token - feedback insurance.run(3. get token - feedback insurance:59)
	at com.kms.katalon.core.main.ScriptEngine.run(ScriptEngine.java:194)
	at com.kms.katalon.core.main.ScriptEngine.runScriptAsRawText(ScriptEngine.java:119)
	at com.kms.katalon.core.main.TestCaseExecutor.runScript(TestCaseExecutor.java:442)
	at com.kms.katalon.core.main.TestCaseExecutor.doExecute(TestCaseExecutor.java:433)
	at com.kms.katalon.core.main.TestCaseExecutor.processExecutionPhase(TestCaseExecutor.java:412)
	at com.kms.katalon.core.main.TestCaseExecutor.accessMainPhase(TestCaseExecutor.java:404)
	at com.kms.katalon.core.main.TestCaseExecutor.execute(TestCaseExecutor.java:281)
	at com.kms.katalon.core.main.TestSuiteExecutor.accessTestCaseMainPhase(TestSuiteExecutor.java:202)
	at com.kms.katalon.core.main.TestSuiteExecutor.accessTestSuiteMainPhase(TestSuiteExecutor.java:164)
	at com.kms.katalon.core.main.TestSuiteExecutor.execute(TestSuiteExecutor.java:105)
	at com.kms.katalon.core.main.TestCaseMain.startTestSuite(TestCaseMain.java:181)
	at com.kms.katalon.core.main.TestCaseMain$startTestSuite$0.call(Unknown Source)
	at TempTestSuite1648565904909.run(TempTestSuite1648565904909.groovy:36)
"/>
         <system-out><![CDATA[2022-03-29 21:59:40 - [TEST_CASE][FAILED] - Test Cases/3. get token - feedback insurance: Test Cases/3. get token - feedback insurance FAILED.
Reason:
com.kms.katalon.core.exception.StepFailedException: Expected element property value 'Sukses' is not equal with actual property value 'OSB Service Callout action received SOAP Fault response'
	at com.kms.katalon.core.keyword.internal.KeywordMain.stepFailed(KeywordMain.groovy:39)
	at com.kms.katalon.core.webservice.keyword.builtin.VerifyElementPropertyValueKeyword$_verifyElementPropertyValue_closure1.doCall(VerifyElementPropertyValueKeyword.groovy:56)
	at com.kms.katalon.core.webservice.keyword.builtin.VerifyElementPropertyValueKeyword$_verifyElementPropertyValue_closure1.call(VerifyElementPropertyValueKeyword.groovy)
	at com.kms.katalon.core.keyword.internal.KeywordMain.runKeyword(KeywordMain.groovy:74)
	at com.kms.katalon.core.webservice.keyword.builtin.VerifyElementPropertyValueKeyword.verifyElementPropertyValue(VerifyElementPropertyValueKeyword.groovy:48)
	at com.kms.katalon.core.webservice.keyword.builtin.VerifyElementPropertyValueKeyword.execute(VerifyElementPropertyValueKeyword.groovy:43)
	at com.kms.katalon.core.keyword.internal.KeywordExecutor.executeKeywordForPlatform(KeywordExecutor.groovy:74)
	at com.kms.katalon.core.webservice.keyword.WSBuiltInKeywords.verifyElementPropertyValue(WSBuiltInKeywords.groovy:175)
	at com.kms.katalon.core.webservice.keyword.WSBuiltInKeywords$verifyElementPropertyValue$0.call(Unknown Source)
	at 3. get token - feedback insurance.run(3. get token - feedback insurance:59)
	at com.kms.katalon.core.main.ScriptEngine.run(ScriptEngine.java:194)
	at com.kms.katalon.core.main.ScriptEngine.runScriptAsRawText(ScriptEngine.java:119)
	at com.kms.katalon.core.main.TestCaseExecutor.runScript(TestCaseExecutor.java:442)
	at com.kms.katalon.core.main.TestCaseExecutor.doExecute(TestCaseExecutor.java:433)
	at com.kms.katalon.core.main.TestCaseExecutor.processExecutionPhase(TestCaseExecutor.java:412)
	at com.kms.katalon.core.main.TestCaseExecutor.accessMainPhase(TestCaseExecutor.java:404)
	at com.kms.katalon.core.main.TestCaseExecutor.execute(TestCaseExecutor.java:281)
	at com.kms.katalon.core.main.TestSuiteExecutor.accessTestCaseMainPhase(TestSuiteExecutor.java:202)
	at com.kms.katalon.core.main.TestSuiteExecutor.accessTestSuiteMainPhase(TestSuiteExecutor.java:164)
	at com.kms.katalon.core.main.TestSuiteExecutor.execute(TestSuiteExecutor.java:105)
	at com.kms.katalon.core.main.TestCaseMain.startTestSuite(TestCaseMain.java:181)
	at com.kms.katalon.core.main.TestCaseMain$startTestSuite$0.call(Unknown Source)
	at TempTestSuite1648565904909.run(TempTestSuite1648565904909.groovy:36)


2022-03-29 21:59:40 - [TEST_STEP][PASSED] - token = sendRequest(findTestObject("1. Get-Token")): Send request successfully

2022-03-29 21:59:40 - [MESSAGE][INFO] - HAR: I:\app-testing\app-project\Order car insurance\order-car-insurance\Reports\20220329_215823\3. Get feedback insurance - Batch 1\20220329_215824\requests\main\86.har

2022-03-29 21:59:40 - [MESSAGE][PASSED] - Send request successfully

2022-03-29 21:59:40 - [TEST_STEP][PASSED] - slurper = new groovy.json.JsonSlurper(): null

2022-03-29 21:59:40 - [TEST_STEP][PASSED] - get_token = slurper.parseText(token.getResponseBodyContent()): null

2022-03-29 21:59:40 - [TEST_STEP][PASSED] - private_token = access_token: null

2022-03-29 21:59:40 - [TEST_STEP][PASSED] - global_token = private_token: null

2022-03-29 21:59:40 - [TEST_STEP][PASSED] - println("token is :" + global_token): null

2022-03-29 21:59:40 - [TEST_STEP][PASSED] - response_token = token.getResponseText(): null

2022-03-29 21:59:40 - [TEST_STEP][PASSED] - logInfo($response_token): 
            {
                "token_type": "BearerToken",
                "access_token": "p4ZHTePqeaFZVDQJuGilAWcPoPYk",
                "expires_in": "1799",
                "scope": ""
            }
        

2022-03-29 21:59:40 - [MESSAGE][INFO] - 
            {
                "token_type": "BearerToken",
                "access_token": "p4ZHTePqeaFZVDQJuGilAWcPoPYk",
                "expires_in": "1799",
                "scope": ""
            }
        

2022-03-29 21:59:40 - [TEST_STEP][PASSED] - feedback = sendRequest(findTestObject("4. Feedback-ins", ["s_key":global_token, "batchid":batchid, "norek":norek, "nopin":nopin, "custname":custname, "pemohon":pemohon, "branchid":branchid, ... ])): Send request successfully

2022-03-29 21:59:41 - [MESSAGE][INFO] - HAR: I:\app-testing\app-project\Order car insurance\order-car-insurance\Reports\20220329_215823\3. Get feedback insurance - Batch 1\20220329_215824\requests\main\87.har

2022-03-29 21:59:41 - [MESSAGE][PASSED] - Send request successfully

2022-03-29 21:59:41 - [TEST_STEP][PASSED] - response_feedback = feedback.getResponseText(): null

2022-03-29 21:59:41 - [TEST_STEP][PASSED] - markPassed("result feedback data : " + no + " norek : " + norek + " nopin : " + nopin): result feedback data : 53 norek : 9440010269 nopin : 001

2022-03-29 21:59:41 - [MESSAGE][PASSED] - result feedback data : 53 norek : 9440010269 nopin : 001

2022-03-29 21:59:41 - [TEST_STEP][PASSED] - logInfo($response_feedback): <?xml version="1.0" encoding="UTF-8"?>
<err:RestError xmlns:err="http://www.bea.com/wli/sb/errors"><err:errorMessage>OSB Service Callout action received SOAP Fault response</err:errorMessage><err:errorCode>OSB-382500</err:errorCode></err:RestError>

2022-03-29 21:59:41 - [MESSAGE][INFO] - <?xml version="1.0" encoding="UTF-8"?>
<err:RestError xmlns:err="http://www.bea.com/wli/sb/errors"><err:errorMessage>OSB Service Callout action received SOAP Fault response</err:errorMessage><err:errorCode>OSB-382500</err:errorCode></err:RestError>

2022-03-29 21:59:41 - [TEST_STEP][FAILED] - verifyElementPropertyValue(feedback, "FeedbackCarInsuranceResponse.errorMessage", "Sukses", CONTINUE_ON_FAILURE): Expected element property value 'Sukses' is not equal with actual property value 'OSB Service Callout action received SOAP Fault response'

2022-03-29 21:59:41 - [MESSAGE][FAILED] - Expected element property value 'Sukses' is not equal with actual property value 'OSB Service Callout action received SOAP Fault response']]></system-out>
         <system-err><![CDATA[2022-03-29 21:59:40 - [TEST_CASE][FAILED] - Test Cases/3. get token - feedback insurance: Test Cases/3. get token - feedback insurance FAILED.
Reason:
com.kms.katalon.core.exception.StepFailedException: Expected element property value 'Sukses' is not equal with actual property value 'OSB Service Callout action received SOAP Fault response'
	at com.kms.katalon.core.keyword.internal.KeywordMain.stepFailed(KeywordMain.groovy:39)
	at com.kms.katalon.core.webservice.keyword.builtin.VerifyElementPropertyValueKeyword$_verifyElementPropertyValue_closure1.doCall(VerifyElementPropertyValueKeyword.groovy:56)
	at com.kms.katalon.core.webservice.keyword.builtin.VerifyElementPropertyValueKeyword$_verifyElementPropertyValue_closure1.call(VerifyElementPropertyValueKeyword.groovy)
	at com.kms.katalon.core.keyword.internal.KeywordMain.runKeyword(KeywordMain.groovy:74)
	at com.kms.katalon.core.webservice.keyword.builtin.VerifyElementPropertyValueKeyword.verifyElementPropertyValue(VerifyElementPropertyValueKeyword.groovy:48)
	at com.kms.katalon.core.webservice.keyword.builtin.VerifyElementPropertyValueKeyword.execute(VerifyElementPropertyValueKeyword.groovy:43)
	at com.kms.katalon.core.keyword.internal.KeywordExecutor.executeKeywordForPlatform(KeywordExecutor.groovy:74)
	at com.kms.katalon.core.webservice.keyword.WSBuiltInKeywords.verifyElementPropertyValue(WSBuiltInKeywords.groovy:175)
	at com.kms.katalon.core.webservice.keyword.WSBuiltInKeywords$verifyElementPropertyValue$0.call(Unknown Source)
	at 3. get token - feedback insurance.run(3. get token - feedback insurance:59)
	at com.kms.katalon.core.main.ScriptEngine.run(ScriptEngine.java:194)
	at com.kms.katalon.core.main.ScriptEngine.runScriptAsRawText(ScriptEngine.java:119)
	at com.kms.katalon.core.main.TestCaseExecutor.runScript(TestCaseExecutor.java:442)
	at com.kms.katalon.core.main.TestCaseExecutor.doExecute(TestCaseExecutor.java:433)
	at com.kms.katalon.core.main.TestCaseExecutor.processExecutionPhase(TestCaseExecutor.java:412)
	at com.kms.katalon.core.main.TestCaseExecutor.accessMainPhase(TestCaseExecutor.java:404)
	at com.kms.katalon.core.main.TestCaseExecutor.execute(TestCaseExecutor.java:281)
	at com.kms.katalon.core.main.TestSuiteExecutor.accessTestCaseMainPhase(TestSuiteExecutor.java:202)
	at com.kms.katalon.core.main.TestSuiteExecutor.accessTestSuiteMainPhase(TestSuiteExecutor.java:164)
	at com.kms.katalon.core.main.TestSuiteExecutor.execute(TestSuiteExecutor.java:105)
	at com.kms.katalon.core.main.TestCaseMain.startTestSuite(TestCaseMain.java:181)
	at com.kms.katalon.core.main.TestCaseMain$startTestSuite$0.call(Unknown Source)
	at TempTestSuite1648565904909.run(TempTestSuite1648565904909.groovy:36)]]></system-err>
      </testcase>
      <testcase name="Test Cases/3. get token - feedback insurance" time="1.251" classname="Test Cases/3. get token - feedback insurance" status="PASSED">
         <system-out><![CDATA[2022-03-29 21:59:41 - [TEST_CASE][PASSED] - Test Cases/3. get token - feedback insurance: Test Cases/3. get token - feedback insurance

2022-03-29 21:59:41 - [TEST_STEP][PASSED] - token = sendRequest(findTestObject("1. Get-Token")): Send request successfully

2022-03-29 21:59:41 - [MESSAGE][INFO] - HAR: I:\app-testing\app-project\Order car insurance\order-car-insurance\Reports\20220329_215823\3. Get feedback insurance - Batch 1\20220329_215824\requests\main\88.har

2022-03-29 21:59:41 - [MESSAGE][PASSED] - Send request successfully

2022-03-29 21:59:41 - [TEST_STEP][PASSED] - slurper = new groovy.json.JsonSlurper(): null

2022-03-29 21:59:41 - [TEST_STEP][PASSED] - get_token = slurper.parseText(token.getResponseBodyContent()): null

2022-03-29 21:59:41 - [TEST_STEP][PASSED] - private_token = access_token: null

2022-03-29 21:59:41 - [TEST_STEP][PASSED] - global_token = private_token: null

2022-03-29 21:59:41 - [TEST_STEP][PASSED] - println("token is :" + global_token): null

2022-03-29 21:59:41 - [TEST_STEP][PASSED] - response_token = token.getResponseText(): null

2022-03-29 21:59:41 - [TEST_STEP][PASSED] - logInfo($response_token): 
            {
                "token_type": "BearerToken",
                "access_token": "nRQHtzmuO8gEAZcUwbkpdia10mnS",
                "expires_in": "1799",
                "scope": ""
            }
        

2022-03-29 21:59:41 - [MESSAGE][INFO] - 
            {
                "token_type": "BearerToken",
                "access_token": "nRQHtzmuO8gEAZcUwbkpdia10mnS",
                "expires_in": "1799",
                "scope": ""
            }
        

2022-03-29 21:59:41 - [TEST_STEP][PASSED] - feedback = sendRequest(findTestObject("4. Feedback-ins", ["s_key":global_token, "batchid":batchid, "norek":norek, "nopin":nopin, "custname":custname, "pemohon":pemohon, "branchid":branchid, ... ])): Send request successfully

2022-03-29 21:59:42 - [MESSAGE][INFO] - HAR: I:\app-testing\app-project\Order car insurance\order-car-insurance\Reports\20220329_215823\3. Get feedback insurance - Batch 1\20220329_215824\requests\main\89.har

2022-03-29 21:59:42 - [MESSAGE][PASSED] - Send request successfully

2022-03-29 21:59:42 - [TEST_STEP][PASSED] - response_feedback = feedback.getResponseText(): null

2022-03-29 21:59:42 - [TEST_STEP][PASSED] - markPassed("result feedback data : " + no + " norek : " + norek + " nopin : " + nopin): result feedback data : 54 norek : 9450006810 nopin : 001

2022-03-29 21:59:42 - [MESSAGE][PASSED] - result feedback data : 54 norek : 9450006810 nopin : 001

2022-03-29 21:59:42 - [TEST_STEP][PASSED] - logInfo($response_feedback): {
  "FeedbackCarInsuranceResponse" : {
    "errorCode" : "00",
    "errorMessage" : "Sukses"
  }
}

2022-03-29 21:59:42 - [MESSAGE][INFO] - {
  "FeedbackCarInsuranceResponse" : {
    "errorCode" : "00",
    "errorMessage" : "Sukses"
  }
}

2022-03-29 21:59:42 - [TEST_STEP][PASSED] - verifyElementPropertyValue(feedback, "FeedbackCarInsuranceResponse.errorMessage", "Sukses", CONTINUE_ON_FAILURE): Verify element property value successfully

2022-03-29 21:59:42 - [MESSAGE][PASSED] - Verify element property value successfully]]></system-out>
         <system-err><![CDATA[]]></system-err>
      </testcase>
      <testcase name="Test Cases/3. get token - feedback insurance" time="1.149" classname="Test Cases/3. get token - feedback insurance" status="PASSED">
         <system-out><![CDATA[2022-03-29 21:59:43 - [TEST_CASE][PASSED] - Test Cases/3. get token - feedback insurance: Test Cases/3. get token - feedback insurance

2022-03-29 21:59:43 - [TEST_STEP][PASSED] - token = sendRequest(findTestObject("1. Get-Token")): Send request successfully

2022-03-29 21:59:43 - [MESSAGE][INFO] - HAR: I:\app-testing\app-project\Order car insurance\order-car-insurance\Reports\20220329_215823\3. Get feedback insurance - Batch 1\20220329_215824\requests\main\90.har

2022-03-29 21:59:43 - [MESSAGE][PASSED] - Send request successfully

2022-03-29 21:59:43 - [TEST_STEP][PASSED] - slurper = new groovy.json.JsonSlurper(): null

2022-03-29 21:59:43 - [TEST_STEP][PASSED] - get_token = slurper.parseText(token.getResponseBodyContent()): null

2022-03-29 21:59:43 - [TEST_STEP][PASSED] - private_token = access_token: null

2022-03-29 21:59:43 - [TEST_STEP][PASSED] - global_token = private_token: null

2022-03-29 21:59:43 - [TEST_STEP][PASSED] - println("token is :" + global_token): null

2022-03-29 21:59:43 - [TEST_STEP][PASSED] - response_token = token.getResponseText(): null

2022-03-29 21:59:43 - [TEST_STEP][PASSED] - logInfo($response_token): 
            {
                "token_type": "BearerToken",
                "access_token": "GIRhc5qE0lRQw2QJY7WsLp9bjPnV",
                "expires_in": "1799",
                "scope": ""
            }
        

2022-03-29 21:59:43 - [MESSAGE][INFO] - 
            {
                "token_type": "BearerToken",
                "access_token": "GIRhc5qE0lRQw2QJY7WsLp9bjPnV",
                "expires_in": "1799",
                "scope": ""
            }
        

2022-03-29 21:59:43 - [TEST_STEP][PASSED] - feedback = sendRequest(findTestObject("4. Feedback-ins", ["s_key":global_token, "batchid":batchid, "norek":norek, "nopin":nopin, "custname":custname, "pemohon":pemohon, "branchid":branchid, ... ])): Send request successfully

2022-03-29 21:59:44 - [MESSAGE][INFO] - HAR: I:\app-testing\app-project\Order car insurance\order-car-insurance\Reports\20220329_215823\3. Get feedback insurance - Batch 1\20220329_215824\requests\main\91.har

2022-03-29 21:59:44 - [MESSAGE][PASSED] - Send request successfully

2022-03-29 21:59:44 - [TEST_STEP][PASSED] - response_feedback = feedback.getResponseText(): null

2022-03-29 21:59:44 - [TEST_STEP][PASSED] - markPassed("result feedback data : " + no + " norek : " + norek + " nopin : " + nopin): result feedback data : 55 norek : 9450006810 nopin : 001

2022-03-29 21:59:44 - [MESSAGE][PASSED] - result feedback data : 55 norek : 9450006810 nopin : 001

2022-03-29 21:59:44 - [TEST_STEP][PASSED] - logInfo($response_feedback): {
  "FeedbackCarInsuranceResponse" : {
    "errorCode" : "00",
    "errorMessage" : "Sukses"
  }
}

2022-03-29 21:59:44 - [MESSAGE][INFO] - {
  "FeedbackCarInsuranceResponse" : {
    "errorCode" : "00",
    "errorMessage" : "Sukses"
  }
}

2022-03-29 21:59:44 - [TEST_STEP][PASSED] - verifyElementPropertyValue(feedback, "FeedbackCarInsuranceResponse.errorMessage", "Sukses", CONTINUE_ON_FAILURE): Verify element property value successfully

2022-03-29 21:59:44 - [MESSAGE][PASSED] - Verify element property value successfully]]></system-out>
         <system-err><![CDATA[]]></system-err>
      </testcase>
      <testcase name="Test Cases/3. get token - feedback insurance" time="1.42" classname="Test Cases/3. get token - feedback insurance" status="PASSED">
         <system-out><![CDATA[2022-03-29 21:59:44 - [TEST_CASE][PASSED] - Test Cases/3. get token - feedback insurance: Test Cases/3. get token - feedback insurance

2022-03-29 21:59:44 - [TEST_STEP][PASSED] - token = sendRequest(findTestObject("1. Get-Token")): Send request successfully

2022-03-29 21:59:44 - [MESSAGE][INFO] - HAR: I:\app-testing\app-project\Order car insurance\order-car-insurance\Reports\20220329_215823\3. Get feedback insurance - Batch 1\20220329_215824\requests\main\92.har

2022-03-29 21:59:45 - [MESSAGE][PASSED] - Send request successfully

2022-03-29 21:59:45 - [TEST_STEP][PASSED] - slurper = new groovy.json.JsonSlurper(): null

2022-03-29 21:59:45 - [TEST_STEP][PASSED] - get_token = slurper.parseText(token.getResponseBodyContent()): null

2022-03-29 21:59:45 - [TEST_STEP][PASSED] - private_token = access_token: null

2022-03-29 21:59:45 - [TEST_STEP][PASSED] - global_token = private_token: null

2022-03-29 21:59:45 - [TEST_STEP][PASSED] - println("token is :" + global_token): null

2022-03-29 21:59:45 - [TEST_STEP][PASSED] - response_token = token.getResponseText(): null

2022-03-29 21:59:45 - [TEST_STEP][PASSED] - logInfo($response_token): 
            {
                "token_type": "BearerToken",
                "access_token": "0nKVRsnHJilHb27GYEmpPMdBPIpT",
                "expires_in": "1799",
                "scope": ""
            }
        

2022-03-29 21:59:45 - [MESSAGE][INFO] - 
            {
                "token_type": "BearerToken",
                "access_token": "0nKVRsnHJilHb27GYEmpPMdBPIpT",
                "expires_in": "1799",
                "scope": ""
            }
        

2022-03-29 21:59:45 - [TEST_STEP][PASSED] - feedback = sendRequest(findTestObject("4. Feedback-ins", ["s_key":global_token, "batchid":batchid, "norek":norek, "nopin":nopin, "custname":custname, "pemohon":pemohon, "branchid":branchid, ... ])): Send request successfully

2022-03-29 21:59:46 - [MESSAGE][INFO] - HAR: I:\app-testing\app-project\Order car insurance\order-car-insurance\Reports\20220329_215823\3. Get feedback insurance - Batch 1\20220329_215824\requests\main\93.har

2022-03-29 21:59:46 - [MESSAGE][PASSED] - Send request successfully

2022-03-29 21:59:46 - [TEST_STEP][PASSED] - response_feedback = feedback.getResponseText(): null

2022-03-29 21:59:46 - [TEST_STEP][PASSED] - markPassed("result feedback data : " + no + " norek : " + norek + " nopin : " + nopin): result feedback data : 56 norek : 9450006810 nopin : 001

2022-03-29 21:59:46 - [MESSAGE][PASSED] - result feedback data : 56 norek : 9450006810 nopin : 001

2022-03-29 21:59:46 - [TEST_STEP][PASSED] - logInfo($response_feedback): {
  "FeedbackCarInsuranceResponse" : {
    "errorCode" : "00",
    "errorMessage" : "Sukses"
  }
}

2022-03-29 21:59:46 - [MESSAGE][INFO] - {
  "FeedbackCarInsuranceResponse" : {
    "errorCode" : "00",
    "errorMessage" : "Sukses"
  }
}

2022-03-29 21:59:46 - [TEST_STEP][PASSED] - verifyElementPropertyValue(feedback, "FeedbackCarInsuranceResponse.errorMessage", "Sukses", CONTINUE_ON_FAILURE): Verify element property value successfully

2022-03-29 21:59:46 - [MESSAGE][PASSED] - Verify element property value successfully]]></system-out>
         <system-err><![CDATA[]]></system-err>
      </testcase>
      <testcase name="Test Cases/3. get token - feedback insurance" time="1.117" classname="Test Cases/3. get token - feedback insurance" status="PASSED">
         <system-out><![CDATA[2022-03-29 21:59:46 - [TEST_CASE][PASSED] - Test Cases/3. get token - feedback insurance: Test Cases/3. get token - feedback insurance

2022-03-29 21:59:46 - [TEST_STEP][PASSED] - token = sendRequest(findTestObject("1. Get-Token")): Send request successfully

2022-03-29 21:59:46 - [MESSAGE][INFO] - HAR: I:\app-testing\app-project\Order car insurance\order-car-insurance\Reports\20220329_215823\3. Get feedback insurance - Batch 1\20220329_215824\requests\main\94.har

2022-03-29 21:59:46 - [MESSAGE][PASSED] - Send request successfully

2022-03-29 21:59:46 - [TEST_STEP][PASSED] - slurper = new groovy.json.JsonSlurper(): null

2022-03-29 21:59:46 - [TEST_STEP][PASSED] - get_token = slurper.parseText(token.getResponseBodyContent()): null

2022-03-29 21:59:46 - [TEST_STEP][PASSED] - private_token = access_token: null

2022-03-29 21:59:46 - [TEST_STEP][PASSED] - global_token = private_token: null

2022-03-29 21:59:46 - [TEST_STEP][PASSED] - println("token is :" + global_token): null

2022-03-29 21:59:46 - [TEST_STEP][PASSED] - response_token = token.getResponseText(): null

2022-03-29 21:59:46 - [TEST_STEP][PASSED] - logInfo($response_token): 
            {
                "token_type": "BearerToken",
                "access_token": "QxAvVE3iV9qd1jArFiD6MiZEsLUK",
                "expires_in": "1799",
                "scope": ""
            }
        

2022-03-29 21:59:46 - [MESSAGE][INFO] - 
            {
                "token_type": "BearerToken",
                "access_token": "QxAvVE3iV9qd1jArFiD6MiZEsLUK",
                "expires_in": "1799",
                "scope": ""
            }
        

2022-03-29 21:59:46 - [TEST_STEP][PASSED] - feedback = sendRequest(findTestObject("4. Feedback-ins", ["s_key":global_token, "batchid":batchid, "norek":norek, "nopin":nopin, "custname":custname, "pemohon":pemohon, "branchid":branchid, ... ])): Send request successfully

2022-03-29 21:59:47 - [MESSAGE][INFO] - HAR: I:\app-testing\app-project\Order car insurance\order-car-insurance\Reports\20220329_215823\3. Get feedback insurance - Batch 1\20220329_215824\requests\main\95.har

2022-03-29 21:59:47 - [MESSAGE][PASSED] - Send request successfully

2022-03-29 21:59:47 - [TEST_STEP][PASSED] - response_feedback = feedback.getResponseText(): null

2022-03-29 21:59:47 - [TEST_STEP][PASSED] - markPassed("result feedback data : " + no + " norek : " + norek + " nopin : " + nopin): result feedback data : 57 norek : 9450006828 nopin : 001

2022-03-29 21:59:47 - [MESSAGE][PASSED] - result feedback data : 57 norek : 9450006828 nopin : 001

2022-03-29 21:59:47 - [TEST_STEP][PASSED] - logInfo($response_feedback): {
  "FeedbackCarInsuranceResponse" : {
    "errorCode" : "00",
    "errorMessage" : "Sukses"
  }
}

2022-03-29 21:59:47 - [MESSAGE][INFO] - {
  "FeedbackCarInsuranceResponse" : {
    "errorCode" : "00",
    "errorMessage" : "Sukses"
  }
}

2022-03-29 21:59:47 - [TEST_STEP][PASSED] - verifyElementPropertyValue(feedback, "FeedbackCarInsuranceResponse.errorMessage", "Sukses", CONTINUE_ON_FAILURE): Verify element property value successfully

2022-03-29 21:59:47 - [MESSAGE][PASSED] - Verify element property value successfully]]></system-out>
         <system-err><![CDATA[]]></system-err>
      </testcase>
      <testcase name="Test Cases/3. get token - feedback insurance" time="1.042" classname="Test Cases/3. get token - feedback insurance" status="PASSED">
         <system-out><![CDATA[2022-03-29 21:59:48 - [TEST_CASE][PASSED] - Test Cases/3. get token - feedback insurance: Test Cases/3. get token - feedback insurance

2022-03-29 21:59:48 - [TEST_STEP][PASSED] - token = sendRequest(findTestObject("1. Get-Token")): Send request successfully

2022-03-29 21:59:48 - [MESSAGE][INFO] - HAR: I:\app-testing\app-project\Order car insurance\order-car-insurance\Reports\20220329_215823\3. Get feedback insurance - Batch 1\20220329_215824\requests\main\96.har

2022-03-29 21:59:48 - [MESSAGE][PASSED] - Send request successfully

2022-03-29 21:59:48 - [TEST_STEP][PASSED] - slurper = new groovy.json.JsonSlurper(): null

2022-03-29 21:59:48 - [TEST_STEP][PASSED] - get_token = slurper.parseText(token.getResponseBodyContent()): null

2022-03-29 21:59:48 - [TEST_STEP][PASSED] - private_token = access_token: null

2022-03-29 21:59:48 - [TEST_STEP][PASSED] - global_token = private_token: null

2022-03-29 21:59:48 - [TEST_STEP][PASSED] - println("token is :" + global_token): null

2022-03-29 21:59:48 - [TEST_STEP][PASSED] - response_token = token.getResponseText(): null

2022-03-29 21:59:48 - [TEST_STEP][PASSED] - logInfo($response_token): 
            {
                "token_type": "BearerToken",
                "access_token": "pETO5pLXArENr5Rtnqhj3uUF6XAG",
                "expires_in": "1799",
                "scope": ""
            }
        

2022-03-29 21:59:48 - [MESSAGE][INFO] - 
            {
                "token_type": "BearerToken",
                "access_token": "pETO5pLXArENr5Rtnqhj3uUF6XAG",
                "expires_in": "1799",
                "scope": ""
            }
        

2022-03-29 21:59:48 - [TEST_STEP][PASSED] - feedback = sendRequest(findTestObject("4. Feedback-ins", ["s_key":global_token, "batchid":batchid, "norek":norek, "nopin":nopin, "custname":custname, "pemohon":pemohon, "branchid":branchid, ... ])): Send request successfully

2022-03-29 21:59:49 - [MESSAGE][INFO] - HAR: I:\app-testing\app-project\Order car insurance\order-car-insurance\Reports\20220329_215823\3. Get feedback insurance - Batch 1\20220329_215824\requests\main\97.har

2022-03-29 21:59:49 - [MESSAGE][PASSED] - Send request successfully

2022-03-29 21:59:49 - [TEST_STEP][PASSED] - response_feedback = feedback.getResponseText(): null

2022-03-29 21:59:49 - [TEST_STEP][PASSED] - markPassed("result feedback data : " + no + " norek : " + norek + " nopin : " + nopin): result feedback data : 58 norek : 9450006828 nopin : 001

2022-03-29 21:59:49 - [MESSAGE][PASSED] - result feedback data : 58 norek : 9450006828 nopin : 001

2022-03-29 21:59:49 - [TEST_STEP][PASSED] - logInfo($response_feedback): {
  "FeedbackCarInsuranceResponse" : {
    "errorCode" : "00",
    "errorMessage" : "Sukses"
  }
}

2022-03-29 21:59:49 - [MESSAGE][INFO] - {
  "FeedbackCarInsuranceResponse" : {
    "errorCode" : "00",
    "errorMessage" : "Sukses"
  }
}

2022-03-29 21:59:49 - [TEST_STEP][PASSED] - verifyElementPropertyValue(feedback, "FeedbackCarInsuranceResponse.errorMessage", "Sukses", CONTINUE_ON_FAILURE): Verify element property value successfully

2022-03-29 21:59:49 - [MESSAGE][PASSED] - Verify element property value successfully]]></system-out>
         <system-err><![CDATA[]]></system-err>
      </testcase>
      <testcase name="Test Cases/3. get token - feedback insurance" time="0.929" classname="Test Cases/3. get token - feedback insurance" status="PASSED">
         <system-out><![CDATA[2022-03-29 21:59:49 - [TEST_CASE][PASSED] - Test Cases/3. get token - feedback insurance: Test Cases/3. get token - feedback insurance

2022-03-29 21:59:49 - [TEST_STEP][PASSED] - token = sendRequest(findTestObject("1. Get-Token")): Send request successfully

2022-03-29 21:59:49 - [MESSAGE][INFO] - HAR: I:\app-testing\app-project\Order car insurance\order-car-insurance\Reports\20220329_215823\3. Get feedback insurance - Batch 1\20220329_215824\requests\main\98.har

2022-03-29 21:59:49 - [MESSAGE][PASSED] - Send request successfully

2022-03-29 21:59:49 - [TEST_STEP][PASSED] - slurper = new groovy.json.JsonSlurper(): null

2022-03-29 21:59:49 - [TEST_STEP][PASSED] - get_token = slurper.parseText(token.getResponseBodyContent()): null

2022-03-29 21:59:49 - [TEST_STEP][PASSED] - private_token = access_token: null

2022-03-29 21:59:49 - [TEST_STEP][PASSED] - global_token = private_token: null

2022-03-29 21:59:49 - [TEST_STEP][PASSED] - println("token is :" + global_token): null

2022-03-29 21:59:49 - [TEST_STEP][PASSED] - response_token = token.getResponseText(): null

2022-03-29 21:59:49 - [TEST_STEP][PASSED] - logInfo($response_token): 
            {
                "token_type": "BearerToken",
                "access_token": "11Hol6oAtZJ4RbGeO8KPZruAvY7A",
                "expires_in": "1799",
                "scope": ""
            }
        

2022-03-29 21:59:49 - [MESSAGE][INFO] - 
            {
                "token_type": "BearerToken",
                "access_token": "11Hol6oAtZJ4RbGeO8KPZruAvY7A",
                "expires_in": "1799",
                "scope": ""
            }
        

2022-03-29 21:59:49 - [TEST_STEP][PASSED] - feedback = sendRequest(findTestObject("4. Feedback-ins", ["s_key":global_token, "batchid":batchid, "norek":norek, "nopin":nopin, "custname":custname, "pemohon":pemohon, "branchid":branchid, ... ])): Send request successfully

2022-03-29 21:59:50 - [MESSAGE][INFO] - HAR: I:\app-testing\app-project\Order car insurance\order-car-insurance\Reports\20220329_215823\3. Get feedback insurance - Batch 1\20220329_215824\requests\main\99.har

2022-03-29 21:59:50 - [MESSAGE][PASSED] - Send request successfully

2022-03-29 21:59:50 - [TEST_STEP][PASSED] - response_feedback = feedback.getResponseText(): null

2022-03-29 21:59:50 - [TEST_STEP][PASSED] - markPassed("result feedback data : " + no + " norek : " + norek + " nopin : " + nopin): result feedback data : 59 norek : 9450006828 nopin : 001

2022-03-29 21:59:50 - [MESSAGE][PASSED] - result feedback data : 59 norek : 9450006828 nopin : 001

2022-03-29 21:59:50 - [TEST_STEP][PASSED] - logInfo($response_feedback): {
  "FeedbackCarInsuranceResponse" : {
    "errorCode" : "00",
    "errorMessage" : "Sukses"
  }
}

2022-03-29 21:59:50 - [MESSAGE][INFO] - {
  "FeedbackCarInsuranceResponse" : {
    "errorCode" : "00",
    "errorMessage" : "Sukses"
  }
}

2022-03-29 21:59:50 - [TEST_STEP][PASSED] - verifyElementPropertyValue(feedback, "FeedbackCarInsuranceResponse.errorMessage", "Sukses", CONTINUE_ON_FAILURE): Verify element property value successfully

2022-03-29 21:59:50 - [MESSAGE][PASSED] - Verify element property value successfully]]></system-out>
         <system-err><![CDATA[]]></system-err>
      </testcase>
      <testcase name="Test Cases/3. get token - feedback insurance" time="1.131" classname="Test Cases/3. get token - feedback insurance" status="PASSED">
         <system-out><![CDATA[2022-03-29 21:59:50 - [TEST_CASE][PASSED] - Test Cases/3. get token - feedback insurance: Test Cases/3. get token - feedback insurance

2022-03-29 21:59:50 - [TEST_STEP][PASSED] - token = sendRequest(findTestObject("1. Get-Token")): Send request successfully

2022-03-29 21:59:50 - [MESSAGE][INFO] - HAR: I:\app-testing\app-project\Order car insurance\order-car-insurance\Reports\20220329_215823\3. Get feedback insurance - Batch 1\20220329_215824\requests\main\100.har

2022-03-29 21:59:50 - [MESSAGE][PASSED] - Send request successfully

2022-03-29 21:59:50 - [TEST_STEP][PASSED] - slurper = new groovy.json.JsonSlurper(): null

2022-03-29 21:59:50 - [TEST_STEP][PASSED] - get_token = slurper.parseText(token.getResponseBodyContent()): null

2022-03-29 21:59:50 - [TEST_STEP][PASSED] - private_token = access_token: null

2022-03-29 21:59:50 - [TEST_STEP][PASSED] - global_token = private_token: null

2022-03-29 21:59:50 - [TEST_STEP][PASSED] - println("token is :" + global_token): null

2022-03-29 21:59:50 - [TEST_STEP][PASSED] - response_token = token.getResponseText(): null

2022-03-29 21:59:50 - [TEST_STEP][PASSED] - logInfo($response_token): 
            {
                "token_type": "BearerToken",
                "access_token": "xCVxEVgucd8Eu6vnS3s6NoUk8S7y",
                "expires_in": "1799",
                "scope": ""
            }
        

2022-03-29 21:59:50 - [MESSAGE][INFO] - 
            {
                "token_type": "BearerToken",
                "access_token": "xCVxEVgucd8Eu6vnS3s6NoUk8S7y",
                "expires_in": "1799",
                "scope": ""
            }
        

2022-03-29 21:59:50 - [TEST_STEP][PASSED] - feedback = sendRequest(findTestObject("4. Feedback-ins", ["s_key":global_token, "batchid":batchid, "norek":norek, "nopin":nopin, "custname":custname, "pemohon":pemohon, "branchid":branchid, ... ])): Send request successfully

2022-03-29 21:59:51 - [MESSAGE][INFO] - HAR: I:\app-testing\app-project\Order car insurance\order-car-insurance\Reports\20220329_215823\3. Get feedback insurance - Batch 1\20220329_215824\requests\main\101.har

2022-03-29 21:59:51 - [MESSAGE][PASSED] - Send request successfully

2022-03-29 21:59:51 - [TEST_STEP][PASSED] - response_feedback = feedback.getResponseText(): null

2022-03-29 21:59:51 - [TEST_STEP][PASSED] - markPassed("result feedback data : " + no + " norek : " + norek + " nopin : " + nopin): result feedback data : 60 norek : 9453001980 nopin : 001

2022-03-29 21:59:51 - [MESSAGE][PASSED] - result feedback data : 60 norek : 9453001980 nopin : 001

2022-03-29 21:59:51 - [TEST_STEP][PASSED] - logInfo($response_feedback): {
  "FeedbackCarInsuranceResponse" : {
    "errorCode" : "00",
    "errorMessage" : "Sukses"
  }
}

2022-03-29 21:59:51 - [MESSAGE][INFO] - {
  "FeedbackCarInsuranceResponse" : {
    "errorCode" : "00",
    "errorMessage" : "Sukses"
  }
}

2022-03-29 21:59:51 - [TEST_STEP][PASSED] - verifyElementPropertyValue(feedback, "FeedbackCarInsuranceResponse.errorMessage", "Sukses", CONTINUE_ON_FAILURE): Verify element property value successfully

2022-03-29 21:59:51 - [MESSAGE][PASSED] - Verify element property value successfully]]></system-out>
         <system-err><![CDATA[]]></system-err>
      </testcase>
      <testcase name="Test Cases/3. get token - feedback insurance" time="1.185" classname="Test Cases/3. get token - feedback insurance" status="PASSED">
         <system-out><![CDATA[2022-03-29 21:59:52 - [TEST_CASE][PASSED] - Test Cases/3. get token - feedback insurance: Test Cases/3. get token - feedback insurance

2022-03-29 21:59:52 - [TEST_STEP][PASSED] - token = sendRequest(findTestObject("1. Get-Token")): Send request successfully

2022-03-29 21:59:52 - [MESSAGE][INFO] - HAR: I:\app-testing\app-project\Order car insurance\order-car-insurance\Reports\20220329_215823\3. Get feedback insurance - Batch 1\20220329_215824\requests\main\102.har

2022-03-29 21:59:52 - [MESSAGE][PASSED] - Send request successfully

2022-03-29 21:59:52 - [TEST_STEP][PASSED] - slurper = new groovy.json.JsonSlurper(): null

2022-03-29 21:59:52 - [TEST_STEP][PASSED] - get_token = slurper.parseText(token.getResponseBodyContent()): null

2022-03-29 21:59:52 - [TEST_STEP][PASSED] - private_token = access_token: null

2022-03-29 21:59:52 - [TEST_STEP][PASSED] - global_token = private_token: null

2022-03-29 21:59:52 - [TEST_STEP][PASSED] - println("token is :" + global_token): null

2022-03-29 21:59:52 - [TEST_STEP][PASSED] - response_token = token.getResponseText(): null

2022-03-29 21:59:52 - [TEST_STEP][PASSED] - logInfo($response_token): 
            {
                "token_type": "BearerToken",
                "access_token": "VPJLN4CwGdiIzQixtngoJVTqOSyD",
                "expires_in": "1799",
                "scope": ""
            }
        

2022-03-29 21:59:52 - [MESSAGE][INFO] - 
            {
                "token_type": "BearerToken",
                "access_token": "VPJLN4CwGdiIzQixtngoJVTqOSyD",
                "expires_in": "1799",
                "scope": ""
            }
        

2022-03-29 21:59:52 - [TEST_STEP][PASSED] - feedback = sendRequest(findTestObject("4. Feedback-ins", ["s_key":global_token, "batchid":batchid, "norek":norek, "nopin":nopin, "custname":custname, "pemohon":pemohon, "branchid":branchid, ... ])): Send request successfully

2022-03-29 21:59:53 - [MESSAGE][INFO] - HAR: I:\app-testing\app-project\Order car insurance\order-car-insurance\Reports\20220329_215823\3. Get feedback insurance - Batch 1\20220329_215824\requests\main\103.har

2022-03-29 21:59:53 - [MESSAGE][PASSED] - Send request successfully

2022-03-29 21:59:53 - [TEST_STEP][PASSED] - response_feedback = feedback.getResponseText(): null

2022-03-29 21:59:53 - [TEST_STEP][PASSED] - markPassed("result feedback data : " + no + " norek : " + norek + " nopin : " + nopin): result feedback data : 61 norek : 9453001980 nopin : 001

2022-03-29 21:59:53 - [MESSAGE][PASSED] - result feedback data : 61 norek : 9453001980 nopin : 001

2022-03-29 21:59:53 - [TEST_STEP][PASSED] - logInfo($response_feedback): {
  "FeedbackCarInsuranceResponse" : {
    "errorCode" : "00",
    "errorMessage" : "Sukses"
  }
}

2022-03-29 21:59:53 - [MESSAGE][INFO] - {
  "FeedbackCarInsuranceResponse" : {
    "errorCode" : "00",
    "errorMessage" : "Sukses"
  }
}

2022-03-29 21:59:53 - [TEST_STEP][PASSED] - verifyElementPropertyValue(feedback, "FeedbackCarInsuranceResponse.errorMessage", "Sukses", CONTINUE_ON_FAILURE): Verify element property value successfully

2022-03-29 21:59:53 - [MESSAGE][PASSED] - Verify element property value successfully]]></system-out>
         <system-err><![CDATA[]]></system-err>
      </testcase>
      <testcase name="Test Cases/3. get token - feedback insurance" time="0.952" classname="Test Cases/3. get token - feedback insurance" status="PASSED">
         <system-out><![CDATA[2022-03-29 21:59:53 - [TEST_CASE][PASSED] - Test Cases/3. get token - feedback insurance: Test Cases/3. get token - feedback insurance

2022-03-29 21:59:53 - [TEST_STEP][PASSED] - token = sendRequest(findTestObject("1. Get-Token")): Send request successfully

2022-03-29 21:59:54 - [MESSAGE][INFO] - HAR: I:\app-testing\app-project\Order car insurance\order-car-insurance\Reports\20220329_215823\3. Get feedback insurance - Batch 1\20220329_215824\requests\main\104.har

2022-03-29 21:59:54 - [MESSAGE][PASSED] - Send request successfully

2022-03-29 21:59:54 - [TEST_STEP][PASSED] - slurper = new groovy.json.JsonSlurper(): null

2022-03-29 21:59:54 - [TEST_STEP][PASSED] - get_token = slurper.parseText(token.getResponseBodyContent()): null

2022-03-29 21:59:54 - [TEST_STEP][PASSED] - private_token = access_token: null

2022-03-29 21:59:54 - [TEST_STEP][PASSED] - global_token = private_token: null

2022-03-29 21:59:54 - [TEST_STEP][PASSED] - println("token is :" + global_token): null

2022-03-29 21:59:54 - [TEST_STEP][PASSED] - response_token = token.getResponseText(): null

2022-03-29 21:59:54 - [TEST_STEP][PASSED] - logInfo($response_token): 
            {
                "token_type": "BearerToken",
                "access_token": "Lhg54CDgNCbTVRZ2XD91mUHoN1U7",
                "expires_in": "1799",
                "scope": ""
            }
        

2022-03-29 21:59:54 - [MESSAGE][INFO] - 
            {
                "token_type": "BearerToken",
                "access_token": "Lhg54CDgNCbTVRZ2XD91mUHoN1U7",
                "expires_in": "1799",
                "scope": ""
            }
        

2022-03-29 21:59:54 - [TEST_STEP][PASSED] - feedback = sendRequest(findTestObject("4. Feedback-ins", ["s_key":global_token, "batchid":batchid, "norek":norek, "nopin":nopin, "custname":custname, "pemohon":pemohon, "branchid":branchid, ... ])): Send request successfully

2022-03-29 21:59:54 - [MESSAGE][INFO] - HAR: I:\app-testing\app-project\Order car insurance\order-car-insurance\Reports\20220329_215823\3. Get feedback insurance - Batch 1\20220329_215824\requests\main\105.har

2022-03-29 21:59:54 - [MESSAGE][PASSED] - Send request successfully

2022-03-29 21:59:54 - [TEST_STEP][PASSED] - response_feedback = feedback.getResponseText(): null

2022-03-29 21:59:54 - [TEST_STEP][PASSED] - markPassed("result feedback data : " + no + " norek : " + norek + " nopin : " + nopin): result feedback data : 62 norek : 9453001980 nopin : 001

2022-03-29 21:59:54 - [MESSAGE][PASSED] - result feedback data : 62 norek : 9453001980 nopin : 001

2022-03-29 21:59:54 - [TEST_STEP][PASSED] - logInfo($response_feedback): {
  "FeedbackCarInsuranceResponse" : {
    "errorCode" : "00",
    "errorMessage" : "Sukses"
  }
}

2022-03-29 21:59:54 - [MESSAGE][INFO] - {
  "FeedbackCarInsuranceResponse" : {
    "errorCode" : "00",
    "errorMessage" : "Sukses"
  }
}

2022-03-29 21:59:54 - [TEST_STEP][PASSED] - verifyElementPropertyValue(feedback, "FeedbackCarInsuranceResponse.errorMessage", "Sukses", CONTINUE_ON_FAILURE): Verify element property value successfully

2022-03-29 21:59:54 - [MESSAGE][PASSED] - Verify element property value successfully]]></system-out>
         <system-err><![CDATA[]]></system-err>
      </testcase>
      <testcase name="Test Cases/3. get token - feedback insurance" time="0.949" classname="Test Cases/3. get token - feedback insurance" status="PASSED">
         <system-out><![CDATA[2022-03-29 21:59:55 - [TEST_CASE][PASSED] - Test Cases/3. get token - feedback insurance: Test Cases/3. get token - feedback insurance

2022-03-29 21:59:55 - [TEST_STEP][PASSED] - token = sendRequest(findTestObject("1. Get-Token")): Send request successfully

2022-03-29 21:59:55 - [MESSAGE][INFO] - HAR: I:\app-testing\app-project\Order car insurance\order-car-insurance\Reports\20220329_215823\3. Get feedback insurance - Batch 1\20220329_215824\requests\main\106.har

2022-03-29 21:59:55 - [MESSAGE][PASSED] - Send request successfully

2022-03-29 21:59:55 - [TEST_STEP][PASSED] - slurper = new groovy.json.JsonSlurper(): null

2022-03-29 21:59:55 - [TEST_STEP][PASSED] - get_token = slurper.parseText(token.getResponseBodyContent()): null

2022-03-29 21:59:55 - [TEST_STEP][PASSED] - private_token = access_token: null

2022-03-29 21:59:55 - [TEST_STEP][PASSED] - global_token = private_token: null

2022-03-29 21:59:55 - [TEST_STEP][PASSED] - println("token is :" + global_token): null

2022-03-29 21:59:55 - [TEST_STEP][PASSED] - response_token = token.getResponseText(): null

2022-03-29 21:59:55 - [TEST_STEP][PASSED] - logInfo($response_token): 
            {
                "token_type": "BearerToken",
                "access_token": "x7hzvOZvUEuDbppcv2vkATJ7yZsF",
                "expires_in": "1799",
                "scope": ""
            }
        

2022-03-29 21:59:55 - [MESSAGE][INFO] - 
            {
                "token_type": "BearerToken",
                "access_token": "x7hzvOZvUEuDbppcv2vkATJ7yZsF",
                "expires_in": "1799",
                "scope": ""
            }
        

2022-03-29 21:59:55 - [TEST_STEP][PASSED] - feedback = sendRequest(findTestObject("4. Feedback-ins", ["s_key":global_token, "batchid":batchid, "norek":norek, "nopin":nopin, "custname":custname, "pemohon":pemohon, "branchid":branchid, ... ])): Send request successfully

2022-03-29 21:59:56 - [MESSAGE][INFO] - HAR: I:\app-testing\app-project\Order car insurance\order-car-insurance\Reports\20220329_215823\3. Get feedback insurance - Batch 1\20220329_215824\requests\main\107.har

2022-03-29 21:59:56 - [MESSAGE][PASSED] - Send request successfully

2022-03-29 21:59:56 - [TEST_STEP][PASSED] - response_feedback = feedback.getResponseText(): null

2022-03-29 21:59:56 - [TEST_STEP][PASSED] - markPassed("result feedback data : " + no + " norek : " + norek + " nopin : " + nopin): result feedback data : 63 norek : 9453001980 nopin : 001

2022-03-29 21:59:56 - [MESSAGE][PASSED] - result feedback data : 63 norek : 9453001980 nopin : 001

2022-03-29 21:59:56 - [TEST_STEP][PASSED] - logInfo($response_feedback): {
  "FeedbackCarInsuranceResponse" : {
    "errorCode" : "00",
    "errorMessage" : "Sukses"
  }
}

2022-03-29 21:59:56 - [MESSAGE][INFO] - {
  "FeedbackCarInsuranceResponse" : {
    "errorCode" : "00",
    "errorMessage" : "Sukses"
  }
}

2022-03-29 21:59:56 - [TEST_STEP][PASSED] - verifyElementPropertyValue(feedback, "FeedbackCarInsuranceResponse.errorMessage", "Sukses", CONTINUE_ON_FAILURE): Verify element property value successfully

2022-03-29 21:59:56 - [MESSAGE][PASSED] - Verify element property value successfully]]></system-out>
         <system-err><![CDATA[]]></system-err>
      </testcase>
      <testcase name="Test Cases/3. get token - feedback insurance" time="1.066" classname="Test Cases/3. get token - feedback insurance" status="PASSED">
         <system-out><![CDATA[2022-03-29 21:59:56 - [TEST_CASE][PASSED] - Test Cases/3. get token - feedback insurance: Test Cases/3. get token - feedback insurance

2022-03-29 21:59:56 - [TEST_STEP][PASSED] - token = sendRequest(findTestObject("1. Get-Token")): Send request successfully

2022-03-29 21:59:56 - [MESSAGE][INFO] - HAR: I:\app-testing\app-project\Order car insurance\order-car-insurance\Reports\20220329_215823\3. Get feedback insurance - Batch 1\20220329_215824\requests\main\108.har

2022-03-29 21:59:56 - [MESSAGE][PASSED] - Send request successfully

2022-03-29 21:59:56 - [TEST_STEP][PASSED] - slurper = new groovy.json.JsonSlurper(): null

2022-03-29 21:59:56 - [TEST_STEP][PASSED] - get_token = slurper.parseText(token.getResponseBodyContent()): null

2022-03-29 21:59:56 - [TEST_STEP][PASSED] - private_token = access_token: null

2022-03-29 21:59:56 - [TEST_STEP][PASSED] - global_token = private_token: null

2022-03-29 21:59:56 - [TEST_STEP][PASSED] - println("token is :" + global_token): null

2022-03-29 21:59:56 - [TEST_STEP][PASSED] - response_token = token.getResponseText(): null

2022-03-29 21:59:56 - [TEST_STEP][PASSED] - logInfo($response_token): 
            {
                "token_type": "BearerToken",
                "access_token": "pe96ElFICAsUuLVdRr3R0qYkF85L",
                "expires_in": "1799",
                "scope": ""
            }
        

2022-03-29 21:59:56 - [MESSAGE][INFO] - 
            {
                "token_type": "BearerToken",
                "access_token": "pe96ElFICAsUuLVdRr3R0qYkF85L",
                "expires_in": "1799",
                "scope": ""
            }
        

2022-03-29 21:59:56 - [TEST_STEP][PASSED] - feedback = sendRequest(findTestObject("4. Feedback-ins", ["s_key":global_token, "batchid":batchid, "norek":norek, "nopin":nopin, "custname":custname, "pemohon":pemohon, "branchid":branchid, ... ])): Send request successfully

2022-03-29 21:59:57 - [MESSAGE][INFO] - HAR: I:\app-testing\app-project\Order car insurance\order-car-insurance\Reports\20220329_215823\3. Get feedback insurance - Batch 1\20220329_215824\requests\main\109.har

2022-03-29 21:59:57 - [MESSAGE][PASSED] - Send request successfully

2022-03-29 21:59:57 - [TEST_STEP][PASSED] - response_feedback = feedback.getResponseText(): null

2022-03-29 21:59:57 - [TEST_STEP][PASSED] - markPassed("result feedback data : " + no + " norek : " + norek + " nopin : " + nopin): result feedback data : 64 norek : 9453001980 nopin : 001

2022-03-29 21:59:57 - [MESSAGE][PASSED] - result feedback data : 64 norek : 9453001980 nopin : 001

2022-03-29 21:59:57 - [TEST_STEP][PASSED] - logInfo($response_feedback): {
  "FeedbackCarInsuranceResponse" : {
    "errorCode" : "00",
    "errorMessage" : "Sukses"
  }
}

2022-03-29 21:59:57 - [MESSAGE][INFO] - {
  "FeedbackCarInsuranceResponse" : {
    "errorCode" : "00",
    "errorMessage" : "Sukses"
  }
}

2022-03-29 21:59:57 - [TEST_STEP][PASSED] - verifyElementPropertyValue(feedback, "FeedbackCarInsuranceResponse.errorMessage", "Sukses", CONTINUE_ON_FAILURE): Verify element property value successfully

2022-03-29 21:59:57 - [MESSAGE][PASSED] - Verify element property value successfully]]></system-out>
         <system-err><![CDATA[]]></system-err>
      </testcase>
      <testcase name="Test Cases/3. get token - feedback insurance" time="0.949" classname="Test Cases/3. get token - feedback insurance" status="PASSED">
         <system-out><![CDATA[2022-03-29 21:59:57 - [TEST_CASE][PASSED] - Test Cases/3. get token - feedback insurance: Test Cases/3. get token - feedback insurance

2022-03-29 21:59:58 - [TEST_STEP][PASSED] - token = sendRequest(findTestObject("1. Get-Token")): Send request successfully

2022-03-29 21:59:58 - [MESSAGE][INFO] - HAR: I:\app-testing\app-project\Order car insurance\order-car-insurance\Reports\20220329_215823\3. Get feedback insurance - Batch 1\20220329_215824\requests\main\110.har

2022-03-29 21:59:58 - [MESSAGE][PASSED] - Send request successfully

2022-03-29 21:59:58 - [TEST_STEP][PASSED] - slurper = new groovy.json.JsonSlurper(): null

2022-03-29 21:59:58 - [TEST_STEP][PASSED] - get_token = slurper.parseText(token.getResponseBodyContent()): null

2022-03-29 21:59:58 - [TEST_STEP][PASSED] - private_token = access_token: null

2022-03-29 21:59:58 - [TEST_STEP][PASSED] - global_token = private_token: null

2022-03-29 21:59:58 - [TEST_STEP][PASSED] - println("token is :" + global_token): null

2022-03-29 21:59:58 - [TEST_STEP][PASSED] - response_token = token.getResponseText(): null

2022-03-29 21:59:58 - [TEST_STEP][PASSED] - logInfo($response_token): 
            {
                "token_type": "BearerToken",
                "access_token": "QxAG3ASCTW7GHBP2BEdioZUTedzG",
                "expires_in": "1799",
                "scope": ""
            }
        

2022-03-29 21:59:58 - [MESSAGE][INFO] - 
            {
                "token_type": "BearerToken",
                "access_token": "QxAG3ASCTW7GHBP2BEdioZUTedzG",
                "expires_in": "1799",
                "scope": ""
            }
        

2022-03-29 21:59:58 - [TEST_STEP][PASSED] - feedback = sendRequest(findTestObject("4. Feedback-ins", ["s_key":global_token, "batchid":batchid, "norek":norek, "nopin":nopin, "custname":custname, "pemohon":pemohon, "branchid":branchid, ... ])): Send request successfully

2022-03-29 21:59:58 - [MESSAGE][INFO] - HAR: I:\app-testing\app-project\Order car insurance\order-car-insurance\Reports\20220329_215823\3. Get feedback insurance - Batch 1\20220329_215824\requests\main\111.har

2022-03-29 21:59:58 - [MESSAGE][PASSED] - Send request successfully

2022-03-29 21:59:58 - [TEST_STEP][PASSED] - response_feedback = feedback.getResponseText(): null

2022-03-29 21:59:58 - [TEST_STEP][PASSED] - markPassed("result feedback data : " + no + " norek : " + norek + " nopin : " + nopin): result feedback data : 65 norek : 9453001985 nopin : 001

2022-03-29 21:59:58 - [MESSAGE][PASSED] - result feedback data : 65 norek : 9453001985 nopin : 001

2022-03-29 21:59:58 - [TEST_STEP][PASSED] - logInfo($response_feedback): {
  "FeedbackCarInsuranceResponse" : {
    "errorCode" : "00",
    "errorMessage" : "Sukses"
  }
}

2022-03-29 21:59:58 - [MESSAGE][INFO] - {
  "FeedbackCarInsuranceResponse" : {
    "errorCode" : "00",
    "errorMessage" : "Sukses"
  }
}

2022-03-29 21:59:58 - [TEST_STEP][PASSED] - verifyElementPropertyValue(feedback, "FeedbackCarInsuranceResponse.errorMessage", "Sukses", CONTINUE_ON_FAILURE): Verify element property value successfully

2022-03-29 21:59:58 - [MESSAGE][PASSED] - Verify element property value successfully]]></system-out>
         <system-err><![CDATA[]]></system-err>
      </testcase>
      <testcase name="Test Cases/3. get token - feedback insurance" time="1.208" classname="Test Cases/3. get token - feedback insurance" status="PASSED">
         <system-out><![CDATA[2022-03-29 21:59:59 - [TEST_CASE][PASSED] - Test Cases/3. get token - feedback insurance: Test Cases/3. get token - feedback insurance

2022-03-29 21:59:59 - [TEST_STEP][PASSED] - token = sendRequest(findTestObject("1. Get-Token")): Send request successfully

2022-03-29 21:59:59 - [MESSAGE][INFO] - HAR: I:\app-testing\app-project\Order car insurance\order-car-insurance\Reports\20220329_215823\3. Get feedback insurance - Batch 1\20220329_215824\requests\main\112.har

2022-03-29 21:59:59 - [MESSAGE][PASSED] - Send request successfully

2022-03-29 21:59:59 - [TEST_STEP][PASSED] - slurper = new groovy.json.JsonSlurper(): null

2022-03-29 21:59:59 - [TEST_STEP][PASSED] - get_token = slurper.parseText(token.getResponseBodyContent()): null

2022-03-29 21:59:59 - [TEST_STEP][PASSED] - private_token = access_token: null

2022-03-29 21:59:59 - [TEST_STEP][PASSED] - global_token = private_token: null

2022-03-29 21:59:59 - [TEST_STEP][PASSED] - println("token is :" + global_token): null

2022-03-29 21:59:59 - [TEST_STEP][PASSED] - response_token = token.getResponseText(): null

2022-03-29 21:59:59 - [TEST_STEP][PASSED] - logInfo($response_token): 
            {
                "token_type": "BearerToken",
                "access_token": "LkfDuwI7r7amYqQJASGCoXQGKpzP",
                "expires_in": "1799",
                "scope": ""
            }
        

2022-03-29 21:59:59 - [MESSAGE][INFO] - 
            {
                "token_type": "BearerToken",
                "access_token": "LkfDuwI7r7amYqQJASGCoXQGKpzP",
                "expires_in": "1799",
                "scope": ""
            }
        

2022-03-29 21:59:59 - [TEST_STEP][PASSED] - feedback = sendRequest(findTestObject("4. Feedback-ins", ["s_key":global_token, "batchid":batchid, "norek":norek, "nopin":nopin, "custname":custname, "pemohon":pemohon, "branchid":branchid, ... ])): Send request successfully

2022-03-29 22:00:00 - [MESSAGE][INFO] - HAR: I:\app-testing\app-project\Order car insurance\order-car-insurance\Reports\20220329_215823\3. Get feedback insurance - Batch 1\20220329_215824\requests\main\113.har

2022-03-29 22:00:00 - [MESSAGE][PASSED] - Send request successfully

2022-03-29 22:00:00 - [TEST_STEP][PASSED] - response_feedback = feedback.getResponseText(): null

2022-03-29 22:00:00 - [TEST_STEP][PASSED] - markPassed("result feedback data : " + no + " norek : " + norek + " nopin : " + nopin): result feedback data : 66 norek : 9453001985 nopin : 001

2022-03-29 22:00:00 - [MESSAGE][PASSED] - result feedback data : 66 norek : 9453001985 nopin : 001

2022-03-29 22:00:00 - [TEST_STEP][PASSED] - logInfo($response_feedback): {
  "FeedbackCarInsuranceResponse" : {
    "errorCode" : "00",
    "errorMessage" : "Sukses"
  }
}

2022-03-29 22:00:00 - [MESSAGE][INFO] - {
  "FeedbackCarInsuranceResponse" : {
    "errorCode" : "00",
    "errorMessage" : "Sukses"
  }
}

2022-03-29 22:00:00 - [TEST_STEP][PASSED] - verifyElementPropertyValue(feedback, "FeedbackCarInsuranceResponse.errorMessage", "Sukses", CONTINUE_ON_FAILURE): Verify element property value successfully

2022-03-29 22:00:00 - [MESSAGE][PASSED] - Verify element property value successfully]]></system-out>
         <system-err><![CDATA[]]></system-err>
      </testcase>
      <testcase name="Test Cases/3. get token - feedback insurance" time="1.269" classname="Test Cases/3. get token - feedback insurance" status="PASSED">
         <system-out><![CDATA[2022-03-29 22:00:00 - [TEST_CASE][PASSED] - Test Cases/3. get token - feedback insurance: Test Cases/3. get token - feedback insurance

2022-03-29 22:00:01 - [TEST_STEP][PASSED] - token = sendRequest(findTestObject("1. Get-Token")): Send request successfully

2022-03-29 22:00:01 - [MESSAGE][INFO] - HAR: I:\app-testing\app-project\Order car insurance\order-car-insurance\Reports\20220329_215823\3. Get feedback insurance - Batch 1\20220329_215824\requests\main\114.har

2022-03-29 22:00:01 - [MESSAGE][PASSED] - Send request successfully

2022-03-29 22:00:01 - [TEST_STEP][PASSED] - slurper = new groovy.json.JsonSlurper(): null

2022-03-29 22:00:01 - [TEST_STEP][PASSED] - get_token = slurper.parseText(token.getResponseBodyContent()): null

2022-03-29 22:00:01 - [TEST_STEP][PASSED] - private_token = access_token: null

2022-03-29 22:00:01 - [TEST_STEP][PASSED] - global_token = private_token: null

2022-03-29 22:00:01 - [TEST_STEP][PASSED] - println("token is :" + global_token): null

2022-03-29 22:00:01 - [TEST_STEP][PASSED] - response_token = token.getResponseText(): null

2022-03-29 22:00:01 - [TEST_STEP][PASSED] - logInfo($response_token): 
            {
                "token_type": "BearerToken",
                "access_token": "ZNLRZ75WNmWCiMT2ZlYBAwQ2OGYO",
                "expires_in": "1799",
                "scope": ""
            }
        

2022-03-29 22:00:01 - [MESSAGE][INFO] - 
            {
                "token_type": "BearerToken",
                "access_token": "ZNLRZ75WNmWCiMT2ZlYBAwQ2OGYO",
                "expires_in": "1799",
                "scope": ""
            }
        

2022-03-29 22:00:01 - [TEST_STEP][PASSED] - feedback = sendRequest(findTestObject("4. Feedback-ins", ["s_key":global_token, "batchid":batchid, "norek":norek, "nopin":nopin, "custname":custname, "pemohon":pemohon, "branchid":branchid, ... ])): Send request successfully

2022-03-29 22:00:02 - [MESSAGE][INFO] - HAR: I:\app-testing\app-project\Order car insurance\order-car-insurance\Reports\20220329_215823\3. Get feedback insurance - Batch 1\20220329_215824\requests\main\115.har

2022-03-29 22:00:02 - [MESSAGE][PASSED] - Send request successfully

2022-03-29 22:00:02 - [TEST_STEP][PASSED] - response_feedback = feedback.getResponseText(): null

2022-03-29 22:00:02 - [TEST_STEP][PASSED] - markPassed("result feedback data : " + no + " norek : " + norek + " nopin : " + nopin): result feedback data : 67 norek : 9453701986 nopin : 001

2022-03-29 22:00:02 - [MESSAGE][PASSED] - result feedback data : 67 norek : 9453701986 nopin : 001

2022-03-29 22:00:02 - [TEST_STEP][PASSED] - logInfo($response_feedback): {
  "FeedbackCarInsuranceResponse" : {
    "errorCode" : "00",
    "errorMessage" : "Sukses"
  }
}

2022-03-29 22:00:02 - [MESSAGE][INFO] - {
  "FeedbackCarInsuranceResponse" : {
    "errorCode" : "00",
    "errorMessage" : "Sukses"
  }
}

2022-03-29 22:00:02 - [TEST_STEP][PASSED] - verifyElementPropertyValue(feedback, "FeedbackCarInsuranceResponse.errorMessage", "Sukses", CONTINUE_ON_FAILURE): Verify element property value successfully

2022-03-29 22:00:02 - [MESSAGE][PASSED] - Verify element property value successfully]]></system-out>
         <system-err><![CDATA[]]></system-err>
      </testcase>
      <testcase name="Test Cases/3. get token - feedback insurance" time="1.152" classname="Test Cases/3. get token - feedback insurance" status="PASSED">
         <system-out><![CDATA[2022-03-29 22:00:02 - [TEST_CASE][PASSED] - Test Cases/3. get token - feedback insurance: Test Cases/3. get token - feedback insurance

2022-03-29 22:00:02 - [TEST_STEP][PASSED] - token = sendRequest(findTestObject("1. Get-Token")): Send request successfully

2022-03-29 22:00:02 - [MESSAGE][INFO] - HAR: I:\app-testing\app-project\Order car insurance\order-car-insurance\Reports\20220329_215823\3. Get feedback insurance - Batch 1\20220329_215824\requests\main\116.har

2022-03-29 22:00:02 - [MESSAGE][PASSED] - Send request successfully

2022-03-29 22:00:02 - [TEST_STEP][PASSED] - slurper = new groovy.json.JsonSlurper(): null

2022-03-29 22:00:02 - [TEST_STEP][PASSED] - get_token = slurper.parseText(token.getResponseBodyContent()): null

2022-03-29 22:00:02 - [TEST_STEP][PASSED] - private_token = access_token: null

2022-03-29 22:00:02 - [TEST_STEP][PASSED] - global_token = private_token: null

2022-03-29 22:00:02 - [TEST_STEP][PASSED] - println("token is :" + global_token): null

2022-03-29 22:00:02 - [TEST_STEP][PASSED] - response_token = token.getResponseText(): null

2022-03-29 22:00:02 - [TEST_STEP][PASSED] - logInfo($response_token): 
            {
                "token_type": "BearerToken",
                "access_token": "cQ5nZmz3fe2njC7xQipKcwuTlY9e",
                "expires_in": "1799",
                "scope": ""
            }
        

2022-03-29 22:00:02 - [MESSAGE][INFO] - 
            {
                "token_type": "BearerToken",
                "access_token": "cQ5nZmz3fe2njC7xQipKcwuTlY9e",
                "expires_in": "1799",
                "scope": ""
            }
        

2022-03-29 22:00:02 - [TEST_STEP][PASSED] - feedback = sendRequest(findTestObject("4. Feedback-ins", ["s_key":global_token, "batchid":batchid, "norek":norek, "nopin":nopin, "custname":custname, "pemohon":pemohon, "branchid":branchid, ... ])): Send request successfully

2022-03-29 22:00:03 - [MESSAGE][INFO] - HAR: I:\app-testing\app-project\Order car insurance\order-car-insurance\Reports\20220329_215823\3. Get feedback insurance - Batch 1\20220329_215824\requests\main\117.har

2022-03-29 22:00:03 - [MESSAGE][PASSED] - Send request successfully

2022-03-29 22:00:03 - [TEST_STEP][PASSED] - response_feedback = feedback.getResponseText(): null

2022-03-29 22:00:03 - [TEST_STEP][PASSED] - markPassed("result feedback data : " + no + " norek : " + norek + " nopin : " + nopin): result feedback data : 68 norek : 9453701986 nopin : 001

2022-03-29 22:00:03 - [MESSAGE][PASSED] - result feedback data : 68 norek : 9453701986 nopin : 001

2022-03-29 22:00:03 - [TEST_STEP][PASSED] - logInfo($response_feedback): {
  "FeedbackCarInsuranceResponse" : {
    "errorCode" : "00",
    "errorMessage" : "Sukses"
  }
}

2022-03-29 22:00:03 - [MESSAGE][INFO] - {
  "FeedbackCarInsuranceResponse" : {
    "errorCode" : "00",
    "errorMessage" : "Sukses"
  }
}

2022-03-29 22:00:03 - [TEST_STEP][PASSED] - verifyElementPropertyValue(feedback, "FeedbackCarInsuranceResponse.errorMessage", "Sukses", CONTINUE_ON_FAILURE): Verify element property value successfully

2022-03-29 22:00:03 - [MESSAGE][PASSED] - Verify element property value successfully]]></system-out>
         <system-err><![CDATA[]]></system-err>
      </testcase>
      <testcase name="Test Cases/3. get token - feedback insurance" time="1.037" classname="Test Cases/3. get token - feedback insurance" status="PASSED">
         <system-out><![CDATA[2022-03-29 22:00:04 - [TEST_CASE][PASSED] - Test Cases/3. get token - feedback insurance: Test Cases/3. get token - feedback insurance

2022-03-29 22:00:04 - [TEST_STEP][PASSED] - token = sendRequest(findTestObject("1. Get-Token")): Send request successfully

2022-03-29 22:00:04 - [MESSAGE][INFO] - HAR: I:\app-testing\app-project\Order car insurance\order-car-insurance\Reports\20220329_215823\3. Get feedback insurance - Batch 1\20220329_215824\requests\main\118.har

2022-03-29 22:00:04 - [MESSAGE][PASSED] - Send request successfully

2022-03-29 22:00:04 - [TEST_STEP][PASSED] - slurper = new groovy.json.JsonSlurper(): null

2022-03-29 22:00:04 - [TEST_STEP][PASSED] - get_token = slurper.parseText(token.getResponseBodyContent()): null

2022-03-29 22:00:04 - [TEST_STEP][PASSED] - private_token = access_token: null

2022-03-29 22:00:04 - [TEST_STEP][PASSED] - global_token = private_token: null

2022-03-29 22:00:04 - [TEST_STEP][PASSED] - println("token is :" + global_token): null

2022-03-29 22:00:04 - [TEST_STEP][PASSED] - response_token = token.getResponseText(): null

2022-03-29 22:00:04 - [TEST_STEP][PASSED] - logInfo($response_token): 
            {
                "token_type": "BearerToken",
                "access_token": "5TgSU1e5KmtRW8nA5EOCO5jgH7H2",
                "expires_in": "1799",
                "scope": ""
            }
        

2022-03-29 22:00:04 - [MESSAGE][INFO] - 
            {
                "token_type": "BearerToken",
                "access_token": "5TgSU1e5KmtRW8nA5EOCO5jgH7H2",
                "expires_in": "1799",
                "scope": ""
            }
        

2022-03-29 22:00:04 - [TEST_STEP][PASSED] - feedback = sendRequest(findTestObject("4. Feedback-ins", ["s_key":global_token, "batchid":batchid, "norek":norek, "nopin":nopin, "custname":custname, "pemohon":pemohon, "branchid":branchid, ... ])): Send request successfully

2022-03-29 22:00:05 - [MESSAGE][INFO] - HAR: I:\app-testing\app-project\Order car insurance\order-car-insurance\Reports\20220329_215823\3. Get feedback insurance - Batch 1\20220329_215824\requests\main\119.har

2022-03-29 22:00:05 - [MESSAGE][PASSED] - Send request successfully

2022-03-29 22:00:05 - [TEST_STEP][PASSED] - response_feedback = feedback.getResponseText(): null

2022-03-29 22:00:05 - [TEST_STEP][PASSED] - markPassed("result feedback data : " + no + " norek : " + norek + " nopin : " + nopin): result feedback data : 69 norek : 9453701986 nopin : 001

2022-03-29 22:00:05 - [MESSAGE][PASSED] - result feedback data : 69 norek : 9453701986 nopin : 001

2022-03-29 22:00:05 - [TEST_STEP][PASSED] - logInfo($response_feedback): {
  "FeedbackCarInsuranceResponse" : {
    "errorCode" : "00",
    "errorMessage" : "Sukses"
  }
}

2022-03-29 22:00:05 - [MESSAGE][INFO] - {
  "FeedbackCarInsuranceResponse" : {
    "errorCode" : "00",
    "errorMessage" : "Sukses"
  }
}

2022-03-29 22:00:05 - [TEST_STEP][PASSED] - verifyElementPropertyValue(feedback, "FeedbackCarInsuranceResponse.errorMessage", "Sukses", CONTINUE_ON_FAILURE): Verify element property value successfully

2022-03-29 22:00:05 - [MESSAGE][PASSED] - Verify element property value successfully]]></system-out>
         <system-err><![CDATA[]]></system-err>
      </testcase>
      <testcase name="Test Cases/3. get token - feedback insurance" time="1.396" classname="Test Cases/3. get token - feedback insurance" status="PASSED">
         <system-out><![CDATA[2022-03-29 22:00:05 - [TEST_CASE][PASSED] - Test Cases/3. get token - feedback insurance: Test Cases/3. get token - feedback insurance

2022-03-29 22:00:05 - [TEST_STEP][PASSED] - token = sendRequest(findTestObject("1. Get-Token")): Send request successfully

2022-03-29 22:00:05 - [MESSAGE][INFO] - HAR: I:\app-testing\app-project\Order car insurance\order-car-insurance\Reports\20220329_215823\3. Get feedback insurance - Batch 1\20220329_215824\requests\main\120.har

2022-03-29 22:00:05 - [MESSAGE][PASSED] - Send request successfully

2022-03-29 22:00:05 - [TEST_STEP][PASSED] - slurper = new groovy.json.JsonSlurper(): null

2022-03-29 22:00:05 - [TEST_STEP][PASSED] - get_token = slurper.parseText(token.getResponseBodyContent()): null

2022-03-29 22:00:05 - [TEST_STEP][PASSED] - private_token = access_token: null

2022-03-29 22:00:05 - [TEST_STEP][PASSED] - global_token = private_token: null

2022-03-29 22:00:05 - [TEST_STEP][PASSED] - println("token is :" + global_token): null

2022-03-29 22:00:05 - [TEST_STEP][PASSED] - response_token = token.getResponseText(): null

2022-03-29 22:00:05 - [TEST_STEP][PASSED] - logInfo($response_token): 
            {
                "token_type": "BearerToken",
                "access_token": "Nw1svLB92vLAdVQLhZ20Ma0y1e65",
                "expires_in": "1799",
                "scope": ""
            }
        

2022-03-29 22:00:05 - [MESSAGE][INFO] - 
            {
                "token_type": "BearerToken",
                "access_token": "Nw1svLB92vLAdVQLhZ20Ma0y1e65",
                "expires_in": "1799",
                "scope": ""
            }
        

2022-03-29 22:00:05 - [TEST_STEP][PASSED] - feedback = sendRequest(findTestObject("4. Feedback-ins", ["s_key":global_token, "batchid":batchid, "norek":norek, "nopin":nopin, "custname":custname, "pemohon":pemohon, "branchid":branchid, ... ])): Send request successfully

2022-03-29 22:00:06 - [MESSAGE][INFO] - HAR: I:\app-testing\app-project\Order car insurance\order-car-insurance\Reports\20220329_215823\3. Get feedback insurance - Batch 1\20220329_215824\requests\main\121.har

2022-03-29 22:00:06 - [MESSAGE][PASSED] - Send request successfully

2022-03-29 22:00:06 - [TEST_STEP][PASSED] - response_feedback = feedback.getResponseText(): null

2022-03-29 22:00:06 - [TEST_STEP][PASSED] - markPassed("result feedback data : " + no + " norek : " + norek + " nopin : " + nopin): result feedback data : 70 norek : 9453701986 nopin : 001

2022-03-29 22:00:06 - [MESSAGE][PASSED] - result feedback data : 70 norek : 9453701986 nopin : 001

2022-03-29 22:00:06 - [TEST_STEP][PASSED] - logInfo($response_feedback): {
  "FeedbackCarInsuranceResponse" : {
    "errorCode" : "00",
    "errorMessage" : "Sukses"
  }
}

2022-03-29 22:00:06 - [MESSAGE][INFO] - {
  "FeedbackCarInsuranceResponse" : {
    "errorCode" : "00",
    "errorMessage" : "Sukses"
  }
}

2022-03-29 22:00:06 - [TEST_STEP][PASSED] - verifyElementPropertyValue(feedback, "FeedbackCarInsuranceResponse.errorMessage", "Sukses", CONTINUE_ON_FAILURE): Verify element property value successfully

2022-03-29 22:00:06 - [MESSAGE][PASSED] - Verify element property value successfully]]></system-out>
         <system-err><![CDATA[]]></system-err>
      </testcase>
      <testcase name="Test Cases/3. get token - feedback insurance" time="1.634" classname="Test Cases/3. get token - feedback insurance" status="PASSED">
         <system-out><![CDATA[2022-03-29 22:00:07 - [TEST_CASE][PASSED] - Test Cases/3. get token - feedback insurance: Test Cases/3. get token - feedback insurance

2022-03-29 22:00:07 - [TEST_STEP][PASSED] - token = sendRequest(findTestObject("1. Get-Token")): Send request successfully

2022-03-29 22:00:07 - [MESSAGE][INFO] - HAR: I:\app-testing\app-project\Order car insurance\order-car-insurance\Reports\20220329_215823\3. Get feedback insurance - Batch 1\20220329_215824\requests\main\122.har

2022-03-29 22:00:07 - [MESSAGE][PASSED] - Send request successfully

2022-03-29 22:00:07 - [TEST_STEP][PASSED] - slurper = new groovy.json.JsonSlurper(): null

2022-03-29 22:00:07 - [TEST_STEP][PASSED] - get_token = slurper.parseText(token.getResponseBodyContent()): null

2022-03-29 22:00:07 - [TEST_STEP][PASSED] - private_token = access_token: null

2022-03-29 22:00:07 - [TEST_STEP][PASSED] - global_token = private_token: null

2022-03-29 22:00:07 - [TEST_STEP][PASSED] - println("token is :" + global_token): null

2022-03-29 22:00:07 - [TEST_STEP][PASSED] - response_token = token.getResponseText(): null

2022-03-29 22:00:07 - [TEST_STEP][PASSED] - logInfo($response_token): 
            {
                "token_type": "BearerToken",
                "access_token": "RoAu3xzZkDdgXkGBDzlad1yXgd2r",
                "expires_in": "1799",
                "scope": ""
            }
        

2022-03-29 22:00:07 - [MESSAGE][INFO] - 
            {
                "token_type": "BearerToken",
                "access_token": "RoAu3xzZkDdgXkGBDzlad1yXgd2r",
                "expires_in": "1799",
                "scope": ""
            }
        

2022-03-29 22:00:07 - [TEST_STEP][PASSED] - feedback = sendRequest(findTestObject("4. Feedback-ins", ["s_key":global_token, "batchid":batchid, "norek":norek, "nopin":nopin, "custname":custname, "pemohon":pemohon, "branchid":branchid, ... ])): Send request successfully

2022-03-29 22:00:09 - [MESSAGE][INFO] - HAR: I:\app-testing\app-project\Order car insurance\order-car-insurance\Reports\20220329_215823\3. Get feedback insurance - Batch 1\20220329_215824\requests\main\123.har

2022-03-29 22:00:09 - [MESSAGE][PASSED] - Send request successfully

2022-03-29 22:00:09 - [TEST_STEP][PASSED] - response_feedback = feedback.getResponseText(): null

2022-03-29 22:00:09 - [TEST_STEP][PASSED] - markPassed("result feedback data : " + no + " norek : " + norek + " nopin : " + nopin): result feedback data : 71 norek : 9480013586 nopin : 001

2022-03-29 22:00:09 - [MESSAGE][PASSED] - result feedback data : 71 norek : 9480013586 nopin : 001

2022-03-29 22:00:09 - [TEST_STEP][PASSED] - logInfo($response_feedback): {
  "FeedbackCarInsuranceResponse" : {
    "errorCode" : "00",
    "errorMessage" : "Sukses"
  }
}

2022-03-29 22:00:09 - [MESSAGE][INFO] - {
  "FeedbackCarInsuranceResponse" : {
    "errorCode" : "00",
    "errorMessage" : "Sukses"
  }
}

2022-03-29 22:00:09 - [TEST_STEP][PASSED] - verifyElementPropertyValue(feedback, "FeedbackCarInsuranceResponse.errorMessage", "Sukses", CONTINUE_ON_FAILURE): Verify element property value successfully

2022-03-29 22:00:09 - [MESSAGE][PASSED] - Verify element property value successfully]]></system-out>
         <system-err><![CDATA[]]></system-err>
      </testcase>
      <testcase name="Test Cases/3. get token - feedback insurance" time="1.15" classname="Test Cases/3. get token - feedback insurance" status="PASSED">
         <system-out><![CDATA[2022-03-29 22:00:09 - [TEST_CASE][PASSED] - Test Cases/3. get token - feedback insurance: Test Cases/3. get token - feedback insurance

2022-03-29 22:00:09 - [TEST_STEP][PASSED] - token = sendRequest(findTestObject("1. Get-Token")): Send request successfully

2022-03-29 22:00:10 - [MESSAGE][INFO] - HAR: I:\app-testing\app-project\Order car insurance\order-car-insurance\Reports\20220329_215823\3. Get feedback insurance - Batch 1\20220329_215824\requests\main\124.har

2022-03-29 22:00:10 - [MESSAGE][PASSED] - Send request successfully

2022-03-29 22:00:10 - [TEST_STEP][PASSED] - slurper = new groovy.json.JsonSlurper(): null

2022-03-29 22:00:10 - [TEST_STEP][PASSED] - get_token = slurper.parseText(token.getResponseBodyContent()): null

2022-03-29 22:00:10 - [TEST_STEP][PASSED] - private_token = access_token: null

2022-03-29 22:00:10 - [TEST_STEP][PASSED] - global_token = private_token: null

2022-03-29 22:00:10 - [TEST_STEP][PASSED] - println("token is :" + global_token): null

2022-03-29 22:00:10 - [TEST_STEP][PASSED] - response_token = token.getResponseText(): null

2022-03-29 22:00:10 - [TEST_STEP][PASSED] - logInfo($response_token): 
            {
                "token_type": "BearerToken",
                "access_token": "dXsgMakJAMYtLtsdgK1JhtFrl1tU",
                "expires_in": "1799",
                "scope": ""
            }
        

2022-03-29 22:00:10 - [MESSAGE][INFO] - 
            {
                "token_type": "BearerToken",
                "access_token": "dXsgMakJAMYtLtsdgK1JhtFrl1tU",
                "expires_in": "1799",
                "scope": ""
            }
        

2022-03-29 22:00:10 - [TEST_STEP][PASSED] - feedback = sendRequest(findTestObject("4. Feedback-ins", ["s_key":global_token, "batchid":batchid, "norek":norek, "nopin":nopin, "custname":custname, "pemohon":pemohon, "branchid":branchid, ... ])): Send request successfully

2022-03-29 22:00:10 - [MESSAGE][INFO] - HAR: I:\app-testing\app-project\Order car insurance\order-car-insurance\Reports\20220329_215823\3. Get feedback insurance - Batch 1\20220329_215824\requests\main\125.har

2022-03-29 22:00:10 - [MESSAGE][PASSED] - Send request successfully

2022-03-29 22:00:10 - [TEST_STEP][PASSED] - response_feedback = feedback.getResponseText(): null

2022-03-29 22:00:10 - [TEST_STEP][PASSED] - markPassed("result feedback data : " + no + " norek : " + norek + " nopin : " + nopin): result feedback data : 72 norek : 9480013586 nopin : 001

2022-03-29 22:00:10 - [MESSAGE][PASSED] - result feedback data : 72 norek : 9480013586 nopin : 001

2022-03-29 22:00:10 - [TEST_STEP][PASSED] - logInfo($response_feedback): {
  "FeedbackCarInsuranceResponse" : {
    "errorCode" : "00",
    "errorMessage" : "Sukses"
  }
}

2022-03-29 22:00:10 - [MESSAGE][INFO] - {
  "FeedbackCarInsuranceResponse" : {
    "errorCode" : "00",
    "errorMessage" : "Sukses"
  }
}

2022-03-29 22:00:10 - [TEST_STEP][PASSED] - verifyElementPropertyValue(feedback, "FeedbackCarInsuranceResponse.errorMessage", "Sukses", CONTINUE_ON_FAILURE): Verify element property value successfully

2022-03-29 22:00:10 - [MESSAGE][PASSED] - Verify element property value successfully]]></system-out>
         <system-err><![CDATA[]]></system-err>
      </testcase>
      <testcase name="Test Cases/3. get token - feedback insurance" time="1.354" classname="Test Cases/3. get token - feedback insurance" status="PASSED">
         <system-out><![CDATA[2022-03-29 22:00:11 - [TEST_CASE][PASSED] - Test Cases/3. get token - feedback insurance: Test Cases/3. get token - feedback insurance

2022-03-29 22:00:11 - [TEST_STEP][PASSED] - token = sendRequest(findTestObject("1. Get-Token")): Send request successfully

2022-03-29 22:00:11 - [MESSAGE][INFO] - HAR: I:\app-testing\app-project\Order car insurance\order-car-insurance\Reports\20220329_215823\3. Get feedback insurance - Batch 1\20220329_215824\requests\main\126.har

2022-03-29 22:00:11 - [MESSAGE][PASSED] - Send request successfully

2022-03-29 22:00:11 - [TEST_STEP][PASSED] - slurper = new groovy.json.JsonSlurper(): null

2022-03-29 22:00:11 - [TEST_STEP][PASSED] - get_token = slurper.parseText(token.getResponseBodyContent()): null

2022-03-29 22:00:11 - [TEST_STEP][PASSED] - private_token = access_token: null

2022-03-29 22:00:11 - [TEST_STEP][PASSED] - global_token = private_token: null

2022-03-29 22:00:11 - [TEST_STEP][PASSED] - println("token is :" + global_token): null

2022-03-29 22:00:11 - [TEST_STEP][PASSED] - response_token = token.getResponseText(): null

2022-03-29 22:00:11 - [TEST_STEP][PASSED] - logInfo($response_token): 
            {
                "token_type": "BearerToken",
                "access_token": "NacybFJ5Y2KAA0eAsq7GPiQPFMQz",
                "expires_in": "1799",
                "scope": ""
            }
        

2022-03-29 22:00:11 - [MESSAGE][INFO] - 
            {
                "token_type": "BearerToken",
                "access_token": "NacybFJ5Y2KAA0eAsq7GPiQPFMQz",
                "expires_in": "1799",
                "scope": ""
            }
        

2022-03-29 22:00:11 - [TEST_STEP][PASSED] - feedback = sendRequest(findTestObject("4. Feedback-ins", ["s_key":global_token, "batchid":batchid, "norek":norek, "nopin":nopin, "custname":custname, "pemohon":pemohon, "branchid":branchid, ... ])): Send request successfully

2022-03-29 22:00:12 - [MESSAGE][INFO] - HAR: I:\app-testing\app-project\Order car insurance\order-car-insurance\Reports\20220329_215823\3. Get feedback insurance - Batch 1\20220329_215824\requests\main\127.har

2022-03-29 22:00:12 - [MESSAGE][PASSED] - Send request successfully

2022-03-29 22:00:12 - [TEST_STEP][PASSED] - response_feedback = feedback.getResponseText(): null

2022-03-29 22:00:12 - [TEST_STEP][PASSED] - markPassed("result feedback data : " + no + " norek : " + norek + " nopin : " + nopin): result feedback data : 73 norek : 9480013586 nopin : 001

2022-03-29 22:00:12 - [MESSAGE][PASSED] - result feedback data : 73 norek : 9480013586 nopin : 001

2022-03-29 22:00:12 - [TEST_STEP][PASSED] - logInfo($response_feedback): {
  "FeedbackCarInsuranceResponse" : {
    "errorCode" : "00",
    "errorMessage" : "Sukses"
  }
}

2022-03-29 22:00:12 - [MESSAGE][INFO] - {
  "FeedbackCarInsuranceResponse" : {
    "errorCode" : "00",
    "errorMessage" : "Sukses"
  }
}

2022-03-29 22:00:12 - [TEST_STEP][PASSED] - verifyElementPropertyValue(feedback, "FeedbackCarInsuranceResponse.errorMessage", "Sukses", CONTINUE_ON_FAILURE): Verify element property value successfully

2022-03-29 22:00:12 - [MESSAGE][PASSED] - Verify element property value successfully]]></system-out>
         <system-err><![CDATA[]]></system-err>
      </testcase>
      <testcase name="Test Cases/3. get token - feedback insurance" time="1.463" classname="Test Cases/3. get token - feedback insurance" status="PASSED">
         <system-out><![CDATA[2022-03-29 22:00:12 - [TEST_CASE][PASSED] - Test Cases/3. get token - feedback insurance: Test Cases/3. get token - feedback insurance

2022-03-29 22:00:12 - [TEST_STEP][PASSED] - token = sendRequest(findTestObject("1. Get-Token")): Send request successfully

2022-03-29 22:00:13 - [MESSAGE][INFO] - HAR: I:\app-testing\app-project\Order car insurance\order-car-insurance\Reports\20220329_215823\3. Get feedback insurance - Batch 1\20220329_215824\requests\main\128.har

2022-03-29 22:00:13 - [MESSAGE][PASSED] - Send request successfully

2022-03-29 22:00:13 - [TEST_STEP][PASSED] - slurper = new groovy.json.JsonSlurper(): null

2022-03-29 22:00:13 - [TEST_STEP][PASSED] - get_token = slurper.parseText(token.getResponseBodyContent()): null

2022-03-29 22:00:13 - [TEST_STEP][PASSED] - private_token = access_token: null

2022-03-29 22:00:13 - [TEST_STEP][PASSED] - global_token = private_token: null

2022-03-29 22:00:13 - [TEST_STEP][PASSED] - println("token is :" + global_token): null

2022-03-29 22:00:13 - [TEST_STEP][PASSED] - response_token = token.getResponseText(): null

2022-03-29 22:00:13 - [TEST_STEP][PASSED] - logInfo($response_token): 
            {
                "token_type": "BearerToken",
                "access_token": "GJgot3AfC5A1X1Spgulpyzkm11Nz",
                "expires_in": "1799",
                "scope": ""
            }
        

2022-03-29 22:00:13 - [MESSAGE][INFO] - 
            {
                "token_type": "BearerToken",
                "access_token": "GJgot3AfC5A1X1Spgulpyzkm11Nz",
                "expires_in": "1799",
                "scope": ""
            }
        

2022-03-29 22:00:13 - [TEST_STEP][PASSED] - feedback = sendRequest(findTestObject("4. Feedback-ins", ["s_key":global_token, "batchid":batchid, "norek":norek, "nopin":nopin, "custname":custname, "pemohon":pemohon, "branchid":branchid, ... ])): Send request successfully

2022-03-29 22:00:14 - [MESSAGE][INFO] - HAR: I:\app-testing\app-project\Order car insurance\order-car-insurance\Reports\20220329_215823\3. Get feedback insurance - Batch 1\20220329_215824\requests\main\129.har

2022-03-29 22:00:14 - [MESSAGE][PASSED] - Send request successfully

2022-03-29 22:00:14 - [TEST_STEP][PASSED] - response_feedback = feedback.getResponseText(): null

2022-03-29 22:00:14 - [TEST_STEP][PASSED] - markPassed("result feedback data : " + no + " norek : " + norek + " nopin : " + nopin): result feedback data : 74 norek : 9480013612 nopin : 001

2022-03-29 22:00:14 - [MESSAGE][PASSED] - result feedback data : 74 norek : 9480013612 nopin : 001

2022-03-29 22:00:14 - [TEST_STEP][PASSED] - logInfo($response_feedback): {
  "FeedbackCarInsuranceResponse" : {
    "errorCode" : "00",
    "errorMessage" : "Sukses"
  }
}

2022-03-29 22:00:14 - [MESSAGE][INFO] - {
  "FeedbackCarInsuranceResponse" : {
    "errorCode" : "00",
    "errorMessage" : "Sukses"
  }
}

2022-03-29 22:00:14 - [TEST_STEP][PASSED] - verifyElementPropertyValue(feedback, "FeedbackCarInsuranceResponse.errorMessage", "Sukses", CONTINUE_ON_FAILURE): Verify element property value successfully

2022-03-29 22:00:14 - [MESSAGE][PASSED] - Verify element property value successfully]]></system-out>
         <system-err><![CDATA[]]></system-err>
      </testcase>
      <testcase name="Test Cases/3. get token - feedback insurance" time="0.952" classname="Test Cases/3. get token - feedback insurance" status="PASSED">
         <system-out><![CDATA[2022-03-29 22:00:14 - [TEST_CASE][PASSED] - Test Cases/3. get token - feedback insurance: Test Cases/3. get token - feedback insurance

2022-03-29 22:00:14 - [TEST_STEP][PASSED] - token = sendRequest(findTestObject("1. Get-Token")): Send request successfully

2022-03-29 22:00:14 - [MESSAGE][INFO] - HAR: I:\app-testing\app-project\Order car insurance\order-car-insurance\Reports\20220329_215823\3. Get feedback insurance - Batch 1\20220329_215824\requests\main\130.har

2022-03-29 22:00:14 - [MESSAGE][PASSED] - Send request successfully

2022-03-29 22:00:14 - [TEST_STEP][PASSED] - slurper = new groovy.json.JsonSlurper(): null

2022-03-29 22:00:14 - [TEST_STEP][PASSED] - get_token = slurper.parseText(token.getResponseBodyContent()): null

2022-03-29 22:00:14 - [TEST_STEP][PASSED] - private_token = access_token: null

2022-03-29 22:00:14 - [TEST_STEP][PASSED] - global_token = private_token: null

2022-03-29 22:00:14 - [TEST_STEP][PASSED] - println("token is :" + global_token): null

2022-03-29 22:00:14 - [TEST_STEP][PASSED] - response_token = token.getResponseText(): null

2022-03-29 22:00:14 - [TEST_STEP][PASSED] - logInfo($response_token): 
            {
                "token_type": "BearerToken",
                "access_token": "uLj4twaN4Tp06jmQh5x9mN3fWd9S",
                "expires_in": "1799",
                "scope": ""
            }
        

2022-03-29 22:00:14 - [MESSAGE][INFO] - 
            {
                "token_type": "BearerToken",
                "access_token": "uLj4twaN4Tp06jmQh5x9mN3fWd9S",
                "expires_in": "1799",
                "scope": ""
            }
        

2022-03-29 22:00:14 - [TEST_STEP][PASSED] - feedback = sendRequest(findTestObject("4. Feedback-ins", ["s_key":global_token, "batchid":batchid, "norek":norek, "nopin":nopin, "custname":custname, "pemohon":pemohon, "branchid":branchid, ... ])): Send request successfully

2022-03-29 22:00:15 - [MESSAGE][INFO] - HAR: I:\app-testing\app-project\Order car insurance\order-car-insurance\Reports\20220329_215823\3. Get feedback insurance - Batch 1\20220329_215824\requests\main\131.har

2022-03-29 22:00:15 - [MESSAGE][PASSED] - Send request successfully

2022-03-29 22:00:15 - [TEST_STEP][PASSED] - response_feedback = feedback.getResponseText(): null

2022-03-29 22:00:15 - [TEST_STEP][PASSED] - markPassed("result feedback data : " + no + " norek : " + norek + " nopin : " + nopin): result feedback data : 75 norek : 9480013612 nopin : 001

2022-03-29 22:00:15 - [MESSAGE][PASSED] - result feedback data : 75 norek : 9480013612 nopin : 001

2022-03-29 22:00:15 - [TEST_STEP][PASSED] - logInfo($response_feedback): {
  "FeedbackCarInsuranceResponse" : {
    "errorCode" : "00",
    "errorMessage" : "Sukses"
  }
}

2022-03-29 22:00:15 - [MESSAGE][INFO] - {
  "FeedbackCarInsuranceResponse" : {
    "errorCode" : "00",
    "errorMessage" : "Sukses"
  }
}

2022-03-29 22:00:15 - [TEST_STEP][PASSED] - verifyElementPropertyValue(feedback, "FeedbackCarInsuranceResponse.errorMessage", "Sukses", CONTINUE_ON_FAILURE): Verify element property value successfully

2022-03-29 22:00:15 - [MESSAGE][PASSED] - Verify element property value successfully]]></system-out>
         <system-err><![CDATA[]]></system-err>
      </testcase>
      <testcase name="Test Cases/3. get token - feedback insurance" time="0.955" classname="Test Cases/3. get token - feedback insurance" status="PASSED">
         <system-out><![CDATA[2022-03-29 22:00:16 - [TEST_CASE][PASSED] - Test Cases/3. get token - feedback insurance: Test Cases/3. get token - feedback insurance

2022-03-29 22:00:16 - [TEST_STEP][PASSED] - token = sendRequest(findTestObject("1. Get-Token")): Send request successfully

2022-03-29 22:00:16 - [MESSAGE][INFO] - HAR: I:\app-testing\app-project\Order car insurance\order-car-insurance\Reports\20220329_215823\3. Get feedback insurance - Batch 1\20220329_215824\requests\main\132.har

2022-03-29 22:00:16 - [MESSAGE][PASSED] - Send request successfully

2022-03-29 22:00:16 - [TEST_STEP][PASSED] - slurper = new groovy.json.JsonSlurper(): null

2022-03-29 22:00:16 - [TEST_STEP][PASSED] - get_token = slurper.parseText(token.getResponseBodyContent()): null

2022-03-29 22:00:16 - [TEST_STEP][PASSED] - private_token = access_token: null

2022-03-29 22:00:16 - [TEST_STEP][PASSED] - global_token = private_token: null

2022-03-29 22:00:16 - [TEST_STEP][PASSED] - println("token is :" + global_token): null

2022-03-29 22:00:16 - [TEST_STEP][PASSED] - response_token = token.getResponseText(): null

2022-03-29 22:00:16 - [TEST_STEP][PASSED] - logInfo($response_token): 
            {
                "token_type": "BearerToken",
                "access_token": "GWAgb3Ba2cpPv27B6RXnOS1fLJcb",
                "expires_in": "1799",
                "scope": ""
            }
        

2022-03-29 22:00:16 - [MESSAGE][INFO] - 
            {
                "token_type": "BearerToken",
                "access_token": "GWAgb3Ba2cpPv27B6RXnOS1fLJcb",
                "expires_in": "1799",
                "scope": ""
            }
        

2022-03-29 22:00:16 - [TEST_STEP][PASSED] - feedback = sendRequest(findTestObject("4. Feedback-ins", ["s_key":global_token, "batchid":batchid, "norek":norek, "nopin":nopin, "custname":custname, "pemohon":pemohon, "branchid":branchid, ... ])): Send request successfully

2022-03-29 22:00:16 - [MESSAGE][INFO] - HAR: I:\app-testing\app-project\Order car insurance\order-car-insurance\Reports\20220329_215823\3. Get feedback insurance - Batch 1\20220329_215824\requests\main\133.har

2022-03-29 22:00:16 - [MESSAGE][PASSED] - Send request successfully

2022-03-29 22:00:16 - [TEST_STEP][PASSED] - response_feedback = feedback.getResponseText(): null

2022-03-29 22:00:16 - [TEST_STEP][PASSED] - markPassed("result feedback data : " + no + " norek : " + norek + " nopin : " + nopin): result feedback data : 76 norek : 9480013612 nopin : 001

2022-03-29 22:00:16 - [MESSAGE][PASSED] - result feedback data : 76 norek : 9480013612 nopin : 001

2022-03-29 22:00:16 - [TEST_STEP][PASSED] - logInfo($response_feedback): {
  "FeedbackCarInsuranceResponse" : {
    "errorCode" : "00",
    "errorMessage" : "Sukses"
  }
}

2022-03-29 22:00:16 - [MESSAGE][INFO] - {
  "FeedbackCarInsuranceResponse" : {
    "errorCode" : "00",
    "errorMessage" : "Sukses"
  }
}

2022-03-29 22:00:16 - [TEST_STEP][PASSED] - verifyElementPropertyValue(feedback, "FeedbackCarInsuranceResponse.errorMessage", "Sukses", CONTINUE_ON_FAILURE): Verify element property value successfully

2022-03-29 22:00:17 - [MESSAGE][PASSED] - Verify element property value successfully]]></system-out>
         <system-err><![CDATA[]]></system-err>
      </testcase>
      <testcase name="Test Cases/3. get token - feedback insurance" time="1.2" classname="Test Cases/3. get token - feedback insurance" status="PASSED">
         <system-out><![CDATA[2022-03-29 22:00:17 - [TEST_CASE][PASSED] - Test Cases/3. get token - feedback insurance: Test Cases/3. get token - feedback insurance

2022-03-29 22:00:17 - [TEST_STEP][PASSED] - token = sendRequest(findTestObject("1. Get-Token")): Send request successfully

2022-03-29 22:00:17 - [MESSAGE][INFO] - HAR: I:\app-testing\app-project\Order car insurance\order-car-insurance\Reports\20220329_215823\3. Get feedback insurance - Batch 1\20220329_215824\requests\main\134.har

2022-03-29 22:00:17 - [MESSAGE][PASSED] - Send request successfully

2022-03-29 22:00:17 - [TEST_STEP][PASSED] - slurper = new groovy.json.JsonSlurper(): null

2022-03-29 22:00:17 - [TEST_STEP][PASSED] - get_token = slurper.parseText(token.getResponseBodyContent()): null

2022-03-29 22:00:17 - [TEST_STEP][PASSED] - private_token = access_token: null

2022-03-29 22:00:17 - [TEST_STEP][PASSED] - global_token = private_token: null

2022-03-29 22:00:17 - [TEST_STEP][PASSED] - println("token is :" + global_token): null

2022-03-29 22:00:17 - [TEST_STEP][PASSED] - response_token = token.getResponseText(): null

2022-03-29 22:00:17 - [TEST_STEP][PASSED] - logInfo($response_token): 
            {
                "token_type": "BearerToken",
                "access_token": "wWYX1ZaAbvtpgK0SYknIAcfF0Ssr",
                "expires_in": "1799",
                "scope": ""
            }
        

2022-03-29 22:00:17 - [MESSAGE][INFO] - 
            {
                "token_type": "BearerToken",
                "access_token": "wWYX1ZaAbvtpgK0SYknIAcfF0Ssr",
                "expires_in": "1799",
                "scope": ""
            }
        

2022-03-29 22:00:17 - [TEST_STEP][PASSED] - feedback = sendRequest(findTestObject("4. Feedback-ins", ["s_key":global_token, "batchid":batchid, "norek":norek, "nopin":nopin, "custname":custname, "pemohon":pemohon, "branchid":branchid, ... ])): Send request successfully

2022-03-29 22:00:18 - [MESSAGE][INFO] - HAR: I:\app-testing\app-project\Order car insurance\order-car-insurance\Reports\20220329_215823\3. Get feedback insurance - Batch 1\20220329_215824\requests\main\135.har

2022-03-29 22:00:18 - [MESSAGE][PASSED] - Send request successfully

2022-03-29 22:00:18 - [TEST_STEP][PASSED] - response_feedback = feedback.getResponseText(): null

2022-03-29 22:00:18 - [TEST_STEP][PASSED] - markPassed("result feedback data : " + no + " norek : " + norek + " nopin : " + nopin): result feedback data : 77 norek : 9483006246 nopin : 001

2022-03-29 22:00:18 - [MESSAGE][PASSED] - result feedback data : 77 norek : 9483006246 nopin : 001

2022-03-29 22:00:18 - [TEST_STEP][PASSED] - logInfo($response_feedback): {
  "FeedbackCarInsuranceResponse" : {
    "errorCode" : "00",
    "errorMessage" : "Sukses"
  }
}

2022-03-29 22:00:18 - [MESSAGE][INFO] - {
  "FeedbackCarInsuranceResponse" : {
    "errorCode" : "00",
    "errorMessage" : "Sukses"
  }
}

2022-03-29 22:00:18 - [TEST_STEP][PASSED] - verifyElementPropertyValue(feedback, "FeedbackCarInsuranceResponse.errorMessage", "Sukses", CONTINUE_ON_FAILURE): Verify element property value successfully

2022-03-29 22:00:18 - [MESSAGE][PASSED] - Verify element property value successfully]]></system-out>
         <system-err><![CDATA[]]></system-err>
      </testcase>
      <testcase name="Test Cases/3. get token - feedback insurance" time="1.1" classname="Test Cases/3. get token - feedback insurance" status="PASSED">
         <system-out><![CDATA[2022-03-29 22:00:18 - [TEST_CASE][PASSED] - Test Cases/3. get token - feedback insurance: Test Cases/3. get token - feedback insurance

2022-03-29 22:00:19 - [TEST_STEP][PASSED] - token = sendRequest(findTestObject("1. Get-Token")): Send request successfully

2022-03-29 22:00:19 - [MESSAGE][INFO] - HAR: I:\app-testing\app-project\Order car insurance\order-car-insurance\Reports\20220329_215823\3. Get feedback insurance - Batch 1\20220329_215824\requests\main\136.har

2022-03-29 22:00:19 - [MESSAGE][PASSED] - Send request successfully

2022-03-29 22:00:19 - [TEST_STEP][PASSED] - slurper = new groovy.json.JsonSlurper(): null

2022-03-29 22:00:19 - [TEST_STEP][PASSED] - get_token = slurper.parseText(token.getResponseBodyContent()): null

2022-03-29 22:00:19 - [TEST_STEP][PASSED] - private_token = access_token: null

2022-03-29 22:00:19 - [TEST_STEP][PASSED] - global_token = private_token: null

2022-03-29 22:00:19 - [TEST_STEP][PASSED] - println("token is :" + global_token): null

2022-03-29 22:00:19 - [TEST_STEP][PASSED] - response_token = token.getResponseText(): null

2022-03-29 22:00:19 - [TEST_STEP][PASSED] - logInfo($response_token): 
            {
                "token_type": "BearerToken",
                "access_token": "rlSGAgCJpfY91O617UAZMVco8tsl",
                "expires_in": "1799",
                "scope": ""
            }
        

2022-03-29 22:00:19 - [MESSAGE][INFO] - 
            {
                "token_type": "BearerToken",
                "access_token": "rlSGAgCJpfY91O617UAZMVco8tsl",
                "expires_in": "1799",
                "scope": ""
            }
        

2022-03-29 22:00:19 - [TEST_STEP][PASSED] - feedback = sendRequest(findTestObject("4. Feedback-ins", ["s_key":global_token, "batchid":batchid, "norek":norek, "nopin":nopin, "custname":custname, "pemohon":pemohon, "branchid":branchid, ... ])): Send request successfully

2022-03-29 22:00:20 - [MESSAGE][INFO] - HAR: I:\app-testing\app-project\Order car insurance\order-car-insurance\Reports\20220329_215823\3. Get feedback insurance - Batch 1\20220329_215824\requests\main\137.har

2022-03-29 22:00:20 - [MESSAGE][PASSED] - Send request successfully

2022-03-29 22:00:20 - [TEST_STEP][PASSED] - response_feedback = feedback.getResponseText(): null

2022-03-29 22:00:20 - [TEST_STEP][PASSED] - markPassed("result feedback data : " + no + " norek : " + norek + " nopin : " + nopin): result feedback data : 78 norek : 9483006246 nopin : 001

2022-03-29 22:00:20 - [MESSAGE][PASSED] - result feedback data : 78 norek : 9483006246 nopin : 001

2022-03-29 22:00:20 - [TEST_STEP][PASSED] - logInfo($response_feedback): {
  "FeedbackCarInsuranceResponse" : {
    "errorCode" : "00",
    "errorMessage" : "Sukses"
  }
}

2022-03-29 22:00:20 - [MESSAGE][INFO] - {
  "FeedbackCarInsuranceResponse" : {
    "errorCode" : "00",
    "errorMessage" : "Sukses"
  }
}

2022-03-29 22:00:20 - [TEST_STEP][PASSED] - verifyElementPropertyValue(feedback, "FeedbackCarInsuranceResponse.errorMessage", "Sukses", CONTINUE_ON_FAILURE): Verify element property value successfully

2022-03-29 22:00:20 - [MESSAGE][PASSED] - Verify element property value successfully]]></system-out>
         <system-err><![CDATA[]]></system-err>
      </testcase>
      <testcase name="Test Cases/3. get token - feedback insurance" time="1.134" classname="Test Cases/3. get token - feedback insurance" status="PASSED">
         <system-out><![CDATA[2022-03-29 22:00:20 - [TEST_CASE][PASSED] - Test Cases/3. get token - feedback insurance: Test Cases/3. get token - feedback insurance

2022-03-29 22:00:20 - [TEST_STEP][PASSED] - token = sendRequest(findTestObject("1. Get-Token")): Send request successfully

2022-03-29 22:00:20 - [MESSAGE][INFO] - HAR: I:\app-testing\app-project\Order car insurance\order-car-insurance\Reports\20220329_215823\3. Get feedback insurance - Batch 1\20220329_215824\requests\main\138.har

2022-03-29 22:00:20 - [MESSAGE][PASSED] - Send request successfully

2022-03-29 22:00:20 - [TEST_STEP][PASSED] - slurper = new groovy.json.JsonSlurper(): null

2022-03-29 22:00:20 - [TEST_STEP][PASSED] - get_token = slurper.parseText(token.getResponseBodyContent()): null

2022-03-29 22:00:20 - [TEST_STEP][PASSED] - private_token = access_token: null

2022-03-29 22:00:20 - [TEST_STEP][PASSED] - global_token = private_token: null

2022-03-29 22:00:20 - [TEST_STEP][PASSED] - println("token is :" + global_token): null

2022-03-29 22:00:20 - [TEST_STEP][PASSED] - response_token = token.getResponseText(): null

2022-03-29 22:00:20 - [TEST_STEP][PASSED] - logInfo($response_token): 
            {
                "token_type": "BearerToken",
                "access_token": "SI8aMJMYBnw1bHNO53S2YmA7E8kC",
                "expires_in": "1799",
                "scope": ""
            }
        

2022-03-29 22:00:20 - [MESSAGE][INFO] - 
            {
                "token_type": "BearerToken",
                "access_token": "SI8aMJMYBnw1bHNO53S2YmA7E8kC",
                "expires_in": "1799",
                "scope": ""
            }
        

2022-03-29 22:00:20 - [TEST_STEP][PASSED] - feedback = sendRequest(findTestObject("4. Feedback-ins", ["s_key":global_token, "batchid":batchid, "norek":norek, "nopin":nopin, "custname":custname, "pemohon":pemohon, "branchid":branchid, ... ])): Send request successfully

2022-03-29 22:00:21 - [MESSAGE][INFO] - HAR: I:\app-testing\app-project\Order car insurance\order-car-insurance\Reports\20220329_215823\3. Get feedback insurance - Batch 1\20220329_215824\requests\main\139.har

2022-03-29 22:00:21 - [MESSAGE][PASSED] - Send request successfully

2022-03-29 22:00:21 - [TEST_STEP][PASSED] - response_feedback = feedback.getResponseText(): null

2022-03-29 22:00:21 - [TEST_STEP][PASSED] - markPassed("result feedback data : " + no + " norek : " + norek + " nopin : " + nopin): result feedback data : 79 norek : 9483006246 nopin : 001

2022-03-29 22:00:21 - [MESSAGE][PASSED] - result feedback data : 79 norek : 9483006246 nopin : 001

2022-03-29 22:00:21 - [TEST_STEP][PASSED] - logInfo($response_feedback): {
  "FeedbackCarInsuranceResponse" : {
    "errorCode" : "00",
    "errorMessage" : "Sukses"
  }
}

2022-03-29 22:00:21 - [MESSAGE][INFO] - {
  "FeedbackCarInsuranceResponse" : {
    "errorCode" : "00",
    "errorMessage" : "Sukses"
  }
}

2022-03-29 22:00:21 - [TEST_STEP][PASSED] - verifyElementPropertyValue(feedback, "FeedbackCarInsuranceResponse.errorMessage", "Sukses", CONTINUE_ON_FAILURE): Verify element property value successfully

2022-03-29 22:00:21 - [MESSAGE][PASSED] - Verify element property value successfully]]></system-out>
         <system-err><![CDATA[]]></system-err>
      </testcase>
      <testcase name="Test Cases/3. get token - feedback insurance" time="1.168" classname="Test Cases/3. get token - feedback insurance" status="PASSED">
         <system-out><![CDATA[2022-03-29 22:00:21 - [TEST_CASE][PASSED] - Test Cases/3. get token - feedback insurance: Test Cases/3. get token - feedback insurance

2022-03-29 22:00:21 - [TEST_STEP][PASSED] - token = sendRequest(findTestObject("1. Get-Token")): Send request successfully

2022-03-29 22:00:22 - [MESSAGE][INFO] - HAR: I:\app-testing\app-project\Order car insurance\order-car-insurance\Reports\20220329_215823\3. Get feedback insurance - Batch 1\20220329_215824\requests\main\140.har

2022-03-29 22:00:22 - [MESSAGE][PASSED] - Send request successfully

2022-03-29 22:00:22 - [TEST_STEP][PASSED] - slurper = new groovy.json.JsonSlurper(): null

2022-03-29 22:00:22 - [TEST_STEP][PASSED] - get_token = slurper.parseText(token.getResponseBodyContent()): null

2022-03-29 22:00:22 - [TEST_STEP][PASSED] - private_token = access_token: null

2022-03-29 22:00:22 - [TEST_STEP][PASSED] - global_token = private_token: null

2022-03-29 22:00:22 - [TEST_STEP][PASSED] - println("token is :" + global_token): null

2022-03-29 22:00:22 - [TEST_STEP][PASSED] - response_token = token.getResponseText(): null

2022-03-29 22:00:22 - [TEST_STEP][PASSED] - logInfo($response_token): 
            {
                "token_type": "BearerToken",
                "access_token": "oqYU3dRF1RGxSOCt8wWAd4CycpMm",
                "expires_in": "1799",
                "scope": ""
            }
        

2022-03-29 22:00:22 - [MESSAGE][INFO] - 
            {
                "token_type": "BearerToken",
                "access_token": "oqYU3dRF1RGxSOCt8wWAd4CycpMm",
                "expires_in": "1799",
                "scope": ""
            }
        

2022-03-29 22:00:22 - [TEST_STEP][PASSED] - feedback = sendRequest(findTestObject("4. Feedback-ins", ["s_key":global_token, "batchid":batchid, "norek":norek, "nopin":nopin, "custname":custname, "pemohon":pemohon, "branchid":branchid, ... ])): Send request successfully

2022-03-29 22:00:23 - [MESSAGE][INFO] - HAR: I:\app-testing\app-project\Order car insurance\order-car-insurance\Reports\20220329_215823\3. Get feedback insurance - Batch 1\20220329_215824\requests\main\141.har

2022-03-29 22:00:23 - [MESSAGE][PASSED] - Send request successfully

2022-03-29 22:00:23 - [TEST_STEP][PASSED] - response_feedback = feedback.getResponseText(): null

2022-03-29 22:00:23 - [TEST_STEP][PASSED] - markPassed("result feedback data : " + no + " norek : " + norek + " nopin : " + nopin): result feedback data : 80 norek : 9483006246 nopin : 001

2022-03-29 22:00:23 - [MESSAGE][PASSED] - result feedback data : 80 norek : 9483006246 nopin : 001

2022-03-29 22:00:23 - [TEST_STEP][PASSED] - logInfo($response_feedback): {
  "FeedbackCarInsuranceResponse" : {
    "errorCode" : "00",
    "errorMessage" : "Sukses"
  }
}

2022-03-29 22:00:23 - [MESSAGE][INFO] - {
  "FeedbackCarInsuranceResponse" : {
    "errorCode" : "00",
    "errorMessage" : "Sukses"
  }
}

2022-03-29 22:00:23 - [TEST_STEP][PASSED] - verifyElementPropertyValue(feedback, "FeedbackCarInsuranceResponse.errorMessage", "Sukses", CONTINUE_ON_FAILURE): Verify element property value successfully

2022-03-29 22:00:23 - [MESSAGE][PASSED] - Verify element property value successfully]]></system-out>
         <system-err><![CDATA[]]></system-err>
      </testcase>
      <testcase name="Test Cases/3. get token - feedback insurance" time="1.046" classname="Test Cases/3. get token - feedback insurance" status="PASSED">
         <system-out><![CDATA[2022-03-29 22:00:23 - [TEST_CASE][PASSED] - Test Cases/3. get token - feedback insurance: Test Cases/3. get token - feedback insurance

2022-03-29 22:00:23 - [TEST_STEP][PASSED] - token = sendRequest(findTestObject("1. Get-Token")): Send request successfully

2022-03-29 22:00:23 - [MESSAGE][INFO] - HAR: I:\app-testing\app-project\Order car insurance\order-car-insurance\Reports\20220329_215823\3. Get feedback insurance - Batch 1\20220329_215824\requests\main\142.har

2022-03-29 22:00:23 - [MESSAGE][PASSED] - Send request successfully

2022-03-29 22:00:23 - [TEST_STEP][PASSED] - slurper = new groovy.json.JsonSlurper(): null

2022-03-29 22:00:23 - [TEST_STEP][PASSED] - get_token = slurper.parseText(token.getResponseBodyContent()): null

2022-03-29 22:00:23 - [TEST_STEP][PASSED] - private_token = access_token: null

2022-03-29 22:00:23 - [TEST_STEP][PASSED] - global_token = private_token: null

2022-03-29 22:00:23 - [TEST_STEP][PASSED] - println("token is :" + global_token): null

2022-03-29 22:00:23 - [TEST_STEP][PASSED] - response_token = token.getResponseText(): null

2022-03-29 22:00:23 - [TEST_STEP][PASSED] - logInfo($response_token): 
            {
                "token_type": "BearerToken",
                "access_token": "nkItx7QXsSWcdOfYGbd70qb0eFgX",
                "expires_in": "1799",
                "scope": ""
            }
        

2022-03-29 22:00:23 - [MESSAGE][INFO] - 
            {
                "token_type": "BearerToken",
                "access_token": "nkItx7QXsSWcdOfYGbd70qb0eFgX",
                "expires_in": "1799",
                "scope": ""
            }
        

2022-03-29 22:00:23 - [TEST_STEP][PASSED] - feedback = sendRequest(findTestObject("4. Feedback-ins", ["s_key":global_token, "batchid":batchid, "norek":norek, "nopin":nopin, "custname":custname, "pemohon":pemohon, "branchid":branchid, ... ])): Send request successfully

2022-03-29 22:00:24 - [MESSAGE][INFO] - HAR: I:\app-testing\app-project\Order car insurance\order-car-insurance\Reports\20220329_215823\3. Get feedback insurance - Batch 1\20220329_215824\requests\main\143.har

2022-03-29 22:00:24 - [MESSAGE][PASSED] - Send request successfully

2022-03-29 22:00:24 - [TEST_STEP][PASSED] - response_feedback = feedback.getResponseText(): null

2022-03-29 22:00:24 - [TEST_STEP][PASSED] - markPassed("result feedback data : " + no + " norek : " + norek + " nopin : " + nopin): result feedback data : 81 norek : 9483006276 nopin : 001

2022-03-29 22:00:24 - [MESSAGE][PASSED] - result feedback data : 81 norek : 9483006276 nopin : 001

2022-03-29 22:00:24 - [TEST_STEP][PASSED] - logInfo($response_feedback): {
  "FeedbackCarInsuranceResponse" : {
    "errorCode" : "00",
    "errorMessage" : "Sukses"
  }
}

2022-03-29 22:00:24 - [MESSAGE][INFO] - {
  "FeedbackCarInsuranceResponse" : {
    "errorCode" : "00",
    "errorMessage" : "Sukses"
  }
}

2022-03-29 22:00:24 - [TEST_STEP][PASSED] - verifyElementPropertyValue(feedback, "FeedbackCarInsuranceResponse.errorMessage", "Sukses", CONTINUE_ON_FAILURE): Verify element property value successfully

2022-03-29 22:00:24 - [MESSAGE][PASSED] - Verify element property value successfully]]></system-out>
         <system-err><![CDATA[]]></system-err>
      </testcase>
      <testcase name="Test Cases/3. get token - feedback insurance" time="0.989" classname="Test Cases/3. get token - feedback insurance" status="PASSED">
         <system-out><![CDATA[2022-03-29 22:00:24 - [TEST_CASE][PASSED] - Test Cases/3. get token - feedback insurance: Test Cases/3. get token - feedback insurance

2022-03-29 22:00:24 - [TEST_STEP][PASSED] - token = sendRequest(findTestObject("1. Get-Token")): Send request successfully

2022-03-29 22:00:25 - [MESSAGE][INFO] - HAR: I:\app-testing\app-project\Order car insurance\order-car-insurance\Reports\20220329_215823\3. Get feedback insurance - Batch 1\20220329_215824\requests\main\144.har

2022-03-29 22:00:25 - [MESSAGE][PASSED] - Send request successfully

2022-03-29 22:00:25 - [TEST_STEP][PASSED] - slurper = new groovy.json.JsonSlurper(): null

2022-03-29 22:00:25 - [TEST_STEP][PASSED] - get_token = slurper.parseText(token.getResponseBodyContent()): null

2022-03-29 22:00:25 - [TEST_STEP][PASSED] - private_token = access_token: null

2022-03-29 22:00:25 - [TEST_STEP][PASSED] - global_token = private_token: null

2022-03-29 22:00:25 - [TEST_STEP][PASSED] - println("token is :" + global_token): null

2022-03-29 22:00:25 - [TEST_STEP][PASSED] - response_token = token.getResponseText(): null

2022-03-29 22:00:25 - [TEST_STEP][PASSED] - logInfo($response_token): 
            {
                "token_type": "BearerToken",
                "access_token": "Qgrf2kAliwvYl1CstMyQJvwewGG2",
                "expires_in": "1799",
                "scope": ""
            }
        

2022-03-29 22:00:25 - [MESSAGE][INFO] - 
            {
                "token_type": "BearerToken",
                "access_token": "Qgrf2kAliwvYl1CstMyQJvwewGG2",
                "expires_in": "1799",
                "scope": ""
            }
        

2022-03-29 22:00:25 - [TEST_STEP][PASSED] - feedback = sendRequest(findTestObject("4. Feedback-ins", ["s_key":global_token, "batchid":batchid, "norek":norek, "nopin":nopin, "custname":custname, "pemohon":pemohon, "branchid":branchid, ... ])): Send request successfully

2022-03-29 22:00:25 - [MESSAGE][INFO] - HAR: I:\app-testing\app-project\Order car insurance\order-car-insurance\Reports\20220329_215823\3. Get feedback insurance - Batch 1\20220329_215824\requests\main\145.har

2022-03-29 22:00:25 - [MESSAGE][PASSED] - Send request successfully

2022-03-29 22:00:25 - [TEST_STEP][PASSED] - response_feedback = feedback.getResponseText(): null

2022-03-29 22:00:25 - [TEST_STEP][PASSED] - markPassed("result feedback data : " + no + " norek : " + norek + " nopin : " + nopin): result feedback data : 82 norek : 9483006276 nopin : 001

2022-03-29 22:00:25 - [MESSAGE][PASSED] - result feedback data : 82 norek : 9483006276 nopin : 001

2022-03-29 22:00:25 - [TEST_STEP][PASSED] - logInfo($response_feedback): {
  "FeedbackCarInsuranceResponse" : {
    "errorCode" : "00",
    "errorMessage" : "Sukses"
  }
}

2022-03-29 22:00:25 - [MESSAGE][INFO] - {
  "FeedbackCarInsuranceResponse" : {
    "errorCode" : "00",
    "errorMessage" : "Sukses"
  }
}

2022-03-29 22:00:25 - [TEST_STEP][PASSED] - verifyElementPropertyValue(feedback, "FeedbackCarInsuranceResponse.errorMessage", "Sukses", CONTINUE_ON_FAILURE): Verify element property value successfully

2022-03-29 22:00:25 - [MESSAGE][PASSED] - Verify element property value successfully]]></system-out>
         <system-err><![CDATA[]]></system-err>
      </testcase>
      <testcase name="Test Cases/3. get token - feedback insurance" time="1.214" classname="Test Cases/3. get token - feedback insurance" status="PASSED">
         <system-out><![CDATA[2022-03-29 22:00:26 - [TEST_CASE][PASSED] - Test Cases/3. get token - feedback insurance: Test Cases/3. get token - feedback insurance

2022-03-29 22:00:26 - [TEST_STEP][PASSED] - token = sendRequest(findTestObject("1. Get-Token")): Send request successfully

2022-03-29 22:00:26 - [MESSAGE][INFO] - HAR: I:\app-testing\app-project\Order car insurance\order-car-insurance\Reports\20220329_215823\3. Get feedback insurance - Batch 1\20220329_215824\requests\main\146.har

2022-03-29 22:00:26 - [MESSAGE][PASSED] - Send request successfully

2022-03-29 22:00:26 - [TEST_STEP][PASSED] - slurper = new groovy.json.JsonSlurper(): null

2022-03-29 22:00:26 - [TEST_STEP][PASSED] - get_token = slurper.parseText(token.getResponseBodyContent()): null

2022-03-29 22:00:26 - [TEST_STEP][PASSED] - private_token = access_token: null

2022-03-29 22:00:26 - [TEST_STEP][PASSED] - global_token = private_token: null

2022-03-29 22:00:26 - [TEST_STEP][PASSED] - println("token is :" + global_token): null

2022-03-29 22:00:26 - [TEST_STEP][PASSED] - response_token = token.getResponseText(): null

2022-03-29 22:00:26 - [TEST_STEP][PASSED] - logInfo($response_token): 
            {
                "token_type": "BearerToken",
                "access_token": "uMDDRogPwuM6Ix13ZYHBAkKmLpc6",
                "expires_in": "1799",
                "scope": ""
            }
        

2022-03-29 22:00:26 - [MESSAGE][INFO] - 
            {
                "token_type": "BearerToken",
                "access_token": "uMDDRogPwuM6Ix13ZYHBAkKmLpc6",
                "expires_in": "1799",
                "scope": ""
            }
        

2022-03-29 22:00:26 - [TEST_STEP][PASSED] - feedback = sendRequest(findTestObject("4. Feedback-ins", ["s_key":global_token, "batchid":batchid, "norek":norek, "nopin":nopin, "custname":custname, "pemohon":pemohon, "branchid":branchid, ... ])): Send request successfully

2022-03-29 22:00:27 - [MESSAGE][INFO] - HAR: I:\app-testing\app-project\Order car insurance\order-car-insurance\Reports\20220329_215823\3. Get feedback insurance - Batch 1\20220329_215824\requests\main\147.har

2022-03-29 22:00:27 - [MESSAGE][PASSED] - Send request successfully

2022-03-29 22:00:27 - [TEST_STEP][PASSED] - response_feedback = feedback.getResponseText(): null

2022-03-29 22:00:27 - [TEST_STEP][PASSED] - markPassed("result feedback data : " + no + " norek : " + norek + " nopin : " + nopin): result feedback data : 83 norek : 9483006276 nopin : 001

2022-03-29 22:00:27 - [MESSAGE][PASSED] - result feedback data : 83 norek : 9483006276 nopin : 001

2022-03-29 22:00:27 - [TEST_STEP][PASSED] - logInfo($response_feedback): {
  "FeedbackCarInsuranceResponse" : {
    "errorCode" : "00",
    "errorMessage" : "Sukses"
  }
}

2022-03-29 22:00:27 - [MESSAGE][INFO] - {
  "FeedbackCarInsuranceResponse" : {
    "errorCode" : "00",
    "errorMessage" : "Sukses"
  }
}

2022-03-29 22:00:27 - [TEST_STEP][PASSED] - verifyElementPropertyValue(feedback, "FeedbackCarInsuranceResponse.errorMessage", "Sukses", CONTINUE_ON_FAILURE): Verify element property value successfully

2022-03-29 22:00:27 - [MESSAGE][PASSED] - Verify element property value successfully]]></system-out>
         <system-err><![CDATA[]]></system-err>
      </testcase>
      <testcase name="Test Cases/3. get token - feedback insurance" time="1.081" classname="Test Cases/3. get token - feedback insurance" status="PASSED">
         <system-out><![CDATA[2022-03-29 22:00:27 - [TEST_CASE][PASSED] - Test Cases/3. get token - feedback insurance: Test Cases/3. get token - feedback insurance

2022-03-29 22:00:27 - [TEST_STEP][PASSED] - token = sendRequest(findTestObject("1. Get-Token")): Send request successfully

2022-03-29 22:00:28 - [MESSAGE][INFO] - HAR: I:\app-testing\app-project\Order car insurance\order-car-insurance\Reports\20220329_215823\3. Get feedback insurance - Batch 1\20220329_215824\requests\main\148.har

2022-03-29 22:00:28 - [MESSAGE][PASSED] - Send request successfully

2022-03-29 22:00:28 - [TEST_STEP][PASSED] - slurper = new groovy.json.JsonSlurper(): null

2022-03-29 22:00:28 - [TEST_STEP][PASSED] - get_token = slurper.parseText(token.getResponseBodyContent()): null

2022-03-29 22:00:28 - [TEST_STEP][PASSED] - private_token = access_token: null

2022-03-29 22:00:28 - [TEST_STEP][PASSED] - global_token = private_token: null

2022-03-29 22:00:28 - [TEST_STEP][PASSED] - println("token is :" + global_token): null

2022-03-29 22:00:28 - [TEST_STEP][PASSED] - response_token = token.getResponseText(): null

2022-03-29 22:00:28 - [TEST_STEP][PASSED] - logInfo($response_token): 
            {
                "token_type": "BearerToken",
                "access_token": "owF3ExNzBHKFife1iJZoq9sqd9nm",
                "expires_in": "1799",
                "scope": ""
            }
        

2022-03-29 22:00:28 - [MESSAGE][INFO] - 
            {
                "token_type": "BearerToken",
                "access_token": "owF3ExNzBHKFife1iJZoq9sqd9nm",
                "expires_in": "1799",
                "scope": ""
            }
        

2022-03-29 22:00:28 - [TEST_STEP][PASSED] - feedback = sendRequest(findTestObject("4. Feedback-ins", ["s_key":global_token, "batchid":batchid, "norek":norek, "nopin":nopin, "custname":custname, "pemohon":pemohon, "branchid":branchid, ... ])): Send request successfully

2022-03-29 22:00:28 - [MESSAGE][INFO] - HAR: I:\app-testing\app-project\Order car insurance\order-car-insurance\Reports\20220329_215823\3. Get feedback insurance - Batch 1\20220329_215824\requests\main\149.har

2022-03-29 22:00:28 - [MESSAGE][PASSED] - Send request successfully

2022-03-29 22:00:28 - [TEST_STEP][PASSED] - response_feedback = feedback.getResponseText(): null

2022-03-29 22:00:28 - [TEST_STEP][PASSED] - markPassed("result feedback data : " + no + " norek : " + norek + " nopin : " + nopin): result feedback data : 84 norek : 9483006276 nopin : 001

2022-03-29 22:00:28 - [MESSAGE][PASSED] - result feedback data : 84 norek : 9483006276 nopin : 001

2022-03-29 22:00:28 - [TEST_STEP][PASSED] - logInfo($response_feedback): {
  "FeedbackCarInsuranceResponse" : {
    "errorCode" : "00",
    "errorMessage" : "Sukses"
  }
}

2022-03-29 22:00:28 - [MESSAGE][INFO] - {
  "FeedbackCarInsuranceResponse" : {
    "errorCode" : "00",
    "errorMessage" : "Sukses"
  }
}

2022-03-29 22:00:28 - [TEST_STEP][PASSED] - verifyElementPropertyValue(feedback, "FeedbackCarInsuranceResponse.errorMessage", "Sukses", CONTINUE_ON_FAILURE): Verify element property value successfully

2022-03-29 22:00:28 - [MESSAGE][PASSED] - Verify element property value successfully]]></system-out>
         <system-err><![CDATA[]]></system-err>
      </testcase>
      <testcase name="Test Cases/3. get token - feedback insurance" time="1.09" classname="Test Cases/3. get token - feedback insurance" status="PASSED">
         <system-out><![CDATA[2022-03-29 22:00:29 - [TEST_CASE][PASSED] - Test Cases/3. get token - feedback insurance: Test Cases/3. get token - feedback insurance

2022-03-29 22:00:29 - [TEST_STEP][PASSED] - token = sendRequest(findTestObject("1. Get-Token")): Send request successfully

2022-03-29 22:00:29 - [MESSAGE][INFO] - HAR: I:\app-testing\app-project\Order car insurance\order-car-insurance\Reports\20220329_215823\3. Get feedback insurance - Batch 1\20220329_215824\requests\main\150.har

2022-03-29 22:00:29 - [MESSAGE][PASSED] - Send request successfully

2022-03-29 22:00:29 - [TEST_STEP][PASSED] - slurper = new groovy.json.JsonSlurper(): null

2022-03-29 22:00:29 - [TEST_STEP][PASSED] - get_token = slurper.parseText(token.getResponseBodyContent()): null

2022-03-29 22:00:29 - [TEST_STEP][PASSED] - private_token = access_token: null

2022-03-29 22:00:29 - [TEST_STEP][PASSED] - global_token = private_token: null

2022-03-29 22:00:29 - [TEST_STEP][PASSED] - println("token is :" + global_token): null

2022-03-29 22:00:29 - [TEST_STEP][PASSED] - response_token = token.getResponseText(): null

2022-03-29 22:00:29 - [TEST_STEP][PASSED] - logInfo($response_token): 
            {
                "token_type": "BearerToken",
                "access_token": "CrYfI6KMupIGOADBnH6kmOyaaG8I",
                "expires_in": "1799",
                "scope": ""
            }
        

2022-03-29 22:00:29 - [MESSAGE][INFO] - 
            {
                "token_type": "BearerToken",
                "access_token": "CrYfI6KMupIGOADBnH6kmOyaaG8I",
                "expires_in": "1799",
                "scope": ""
            }
        

2022-03-29 22:00:29 - [TEST_STEP][PASSED] - feedback = sendRequest(findTestObject("4. Feedback-ins", ["s_key":global_token, "batchid":batchid, "norek":norek, "nopin":nopin, "custname":custname, "pemohon":pemohon, "branchid":branchid, ... ])): Send request successfully

2022-03-29 22:00:30 - [MESSAGE][INFO] - HAR: I:\app-testing\app-project\Order car insurance\order-car-insurance\Reports\20220329_215823\3. Get feedback insurance - Batch 1\20220329_215824\requests\main\151.har

2022-03-29 22:00:30 - [MESSAGE][PASSED] - Send request successfully

2022-03-29 22:00:30 - [TEST_STEP][PASSED] - response_feedback = feedback.getResponseText(): null

2022-03-29 22:00:30 - [TEST_STEP][PASSED] - markPassed("result feedback data : " + no + " norek : " + norek + " nopin : " + nopin): result feedback data : 85 norek : 9483006276 nopin : 001

2022-03-29 22:00:30 - [MESSAGE][PASSED] - result feedback data : 85 norek : 9483006276 nopin : 001

2022-03-29 22:00:30 - [TEST_STEP][PASSED] - logInfo($response_feedback): {
  "FeedbackCarInsuranceResponse" : {
    "errorCode" : "00",
    "errorMessage" : "Sukses"
  }
}

2022-03-29 22:00:30 - [MESSAGE][INFO] - {
  "FeedbackCarInsuranceResponse" : {
    "errorCode" : "00",
    "errorMessage" : "Sukses"
  }
}

2022-03-29 22:00:30 - [TEST_STEP][PASSED] - verifyElementPropertyValue(feedback, "FeedbackCarInsuranceResponse.errorMessage", "Sukses", CONTINUE_ON_FAILURE): Verify element property value successfully

2022-03-29 22:00:30 - [MESSAGE][PASSED] - Verify element property value successfully]]></system-out>
         <system-err><![CDATA[]]></system-err>
      </testcase>
      <testcase name="Test Cases/3. get token - feedback insurance" time="1.347" classname="Test Cases/3. get token - feedback insurance" status="PASSED">
         <system-out><![CDATA[2022-03-29 22:00:30 - [TEST_CASE][PASSED] - Test Cases/3. get token - feedback insurance: Test Cases/3. get token - feedback insurance

2022-03-29 22:00:30 - [TEST_STEP][PASSED] - token = sendRequest(findTestObject("1. Get-Token")): Send request successfully

2022-03-29 22:00:31 - [MESSAGE][INFO] - HAR: I:\app-testing\app-project\Order car insurance\order-car-insurance\Reports\20220329_215823\3. Get feedback insurance - Batch 1\20220329_215824\requests\main\152.har

2022-03-29 22:00:31 - [MESSAGE][PASSED] - Send request successfully

2022-03-29 22:00:31 - [TEST_STEP][PASSED] - slurper = new groovy.json.JsonSlurper(): null

2022-03-29 22:00:31 - [TEST_STEP][PASSED] - get_token = slurper.parseText(token.getResponseBodyContent()): null

2022-03-29 22:00:31 - [TEST_STEP][PASSED] - private_token = access_token: null

2022-03-29 22:00:31 - [TEST_STEP][PASSED] - global_token = private_token: null

2022-03-29 22:00:31 - [TEST_STEP][PASSED] - println("token is :" + global_token): null

2022-03-29 22:00:31 - [TEST_STEP][PASSED] - response_token = token.getResponseText(): null

2022-03-29 22:00:31 - [TEST_STEP][PASSED] - logInfo($response_token): 
            {
                "token_type": "BearerToken",
                "access_token": "3gTMd8wG1hNxsAbAJrPvg1TUVwGX",
                "expires_in": "1799",
                "scope": ""
            }
        

2022-03-29 22:00:31 - [MESSAGE][INFO] - 
            {
                "token_type": "BearerToken",
                "access_token": "3gTMd8wG1hNxsAbAJrPvg1TUVwGX",
                "expires_in": "1799",
                "scope": ""
            }
        

2022-03-29 22:00:31 - [TEST_STEP][PASSED] - feedback = sendRequest(findTestObject("4. Feedback-ins", ["s_key":global_token, "batchid":batchid, "norek":norek, "nopin":nopin, "custname":custname, "pemohon":pemohon, "branchid":branchid, ... ])): Send request successfully

2022-03-29 22:00:32 - [MESSAGE][INFO] - HAR: I:\app-testing\app-project\Order car insurance\order-car-insurance\Reports\20220329_215823\3. Get feedback insurance - Batch 1\20220329_215824\requests\main\153.har

2022-03-29 22:00:32 - [MESSAGE][PASSED] - Send request successfully

2022-03-29 22:00:32 - [TEST_STEP][PASSED] - response_feedback = feedback.getResponseText(): null

2022-03-29 22:00:32 - [TEST_STEP][PASSED] - markPassed("result feedback data : " + no + " norek : " + norek + " nopin : " + nopin): result feedback data : 86 norek : 9483006281 nopin : 001

2022-03-29 22:00:32 - [MESSAGE][PASSED] - result feedback data : 86 norek : 9483006281 nopin : 001

2022-03-29 22:00:32 - [TEST_STEP][PASSED] - logInfo($response_feedback): {
  "FeedbackCarInsuranceResponse" : {
    "errorCode" : "00",
    "errorMessage" : "Sukses"
  }
}

2022-03-29 22:00:32 - [MESSAGE][INFO] - {
  "FeedbackCarInsuranceResponse" : {
    "errorCode" : "00",
    "errorMessage" : "Sukses"
  }
}

2022-03-29 22:00:32 - [TEST_STEP][PASSED] - verifyElementPropertyValue(feedback, "FeedbackCarInsuranceResponse.errorMessage", "Sukses", CONTINUE_ON_FAILURE): Verify element property value successfully

2022-03-29 22:00:32 - [MESSAGE][PASSED] - Verify element property value successfully]]></system-out>
         <system-err><![CDATA[]]></system-err>
      </testcase>
      <testcase name="Test Cases/3. get token - feedback insurance" time="0.938" classname="Test Cases/3. get token - feedback insurance" status="PASSED">
         <system-out><![CDATA[2022-03-29 22:00:32 - [TEST_CASE][PASSED] - Test Cases/3. get token - feedback insurance: Test Cases/3. get token - feedback insurance

2022-03-29 22:00:32 - [TEST_STEP][PASSED] - token = sendRequest(findTestObject("1. Get-Token")): Send request successfully

2022-03-29 22:00:32 - [MESSAGE][INFO] - HAR: I:\app-testing\app-project\Order car insurance\order-car-insurance\Reports\20220329_215823\3. Get feedback insurance - Batch 1\20220329_215824\requests\main\154.har

2022-03-29 22:00:32 - [MESSAGE][PASSED] - Send request successfully

2022-03-29 22:00:32 - [TEST_STEP][PASSED] - slurper = new groovy.json.JsonSlurper(): null

2022-03-29 22:00:32 - [TEST_STEP][PASSED] - get_token = slurper.parseText(token.getResponseBodyContent()): null

2022-03-29 22:00:32 - [TEST_STEP][PASSED] - private_token = access_token: null

2022-03-29 22:00:32 - [TEST_STEP][PASSED] - global_token = private_token: null

2022-03-29 22:00:32 - [TEST_STEP][PASSED] - println("token is :" + global_token): null

2022-03-29 22:00:32 - [TEST_STEP][PASSED] - response_token = token.getResponseText(): null

2022-03-29 22:00:32 - [TEST_STEP][PASSED] - logInfo($response_token): 
            {
                "token_type": "BearerToken",
                "access_token": "abdEAs8EY0VWaRO9PGafIm2d2Eim",
                "expires_in": "1799",
                "scope": ""
            }
        

2022-03-29 22:00:32 - [MESSAGE][INFO] - 
            {
                "token_type": "BearerToken",
                "access_token": "abdEAs8EY0VWaRO9PGafIm2d2Eim",
                "expires_in": "1799",
                "scope": ""
            }
        

2022-03-29 22:00:32 - [TEST_STEP][PASSED] - feedback = sendRequest(findTestObject("4. Feedback-ins", ["s_key":global_token, "batchid":batchid, "norek":norek, "nopin":nopin, "custname":custname, "pemohon":pemohon, "branchid":branchid, ... ])): Send request successfully

2022-03-29 22:00:33 - [MESSAGE][INFO] - HAR: I:\app-testing\app-project\Order car insurance\order-car-insurance\Reports\20220329_215823\3. Get feedback insurance - Batch 1\20220329_215824\requests\main\155.har

2022-03-29 22:00:33 - [MESSAGE][PASSED] - Send request successfully

2022-03-29 22:00:33 - [TEST_STEP][PASSED] - response_feedback = feedback.getResponseText(): null

2022-03-29 22:00:33 - [TEST_STEP][PASSED] - markPassed("result feedback data : " + no + " norek : " + norek + " nopin : " + nopin): result feedback data : 87 norek : 9483006281 nopin : 001

2022-03-29 22:00:33 - [MESSAGE][PASSED] - result feedback data : 87 norek : 9483006281 nopin : 001

2022-03-29 22:00:33 - [TEST_STEP][PASSED] - logInfo($response_feedback): {
  "FeedbackCarInsuranceResponse" : {
    "errorCode" : "00",
    "errorMessage" : "Sukses"
  }
}

2022-03-29 22:00:33 - [MESSAGE][INFO] - {
  "FeedbackCarInsuranceResponse" : {
    "errorCode" : "00",
    "errorMessage" : "Sukses"
  }
}

2022-03-29 22:00:33 - [TEST_STEP][PASSED] - verifyElementPropertyValue(feedback, "FeedbackCarInsuranceResponse.errorMessage", "Sukses", CONTINUE_ON_FAILURE): Verify element property value successfully

2022-03-29 22:00:33 - [MESSAGE][PASSED] - Verify element property value successfully]]></system-out>
         <system-err><![CDATA[]]></system-err>
      </testcase>
      <testcase name="Test Cases/3. get token - feedback insurance" time="0.9" classname="Test Cases/3. get token - feedback insurance" status="PASSED">
         <system-out><![CDATA[2022-03-29 22:00:33 - [TEST_CASE][PASSED] - Test Cases/3. get token - feedback insurance: Test Cases/3. get token - feedback insurance

2022-03-29 22:00:33 - [TEST_STEP][PASSED] - token = sendRequest(findTestObject("1. Get-Token")): Send request successfully

2022-03-29 22:00:34 - [MESSAGE][INFO] - HAR: I:\app-testing\app-project\Order car insurance\order-car-insurance\Reports\20220329_215823\3. Get feedback insurance - Batch 1\20220329_215824\requests\main\156.har

2022-03-29 22:00:34 - [MESSAGE][PASSED] - Send request successfully

2022-03-29 22:00:34 - [TEST_STEP][PASSED] - slurper = new groovy.json.JsonSlurper(): null

2022-03-29 22:00:34 - [TEST_STEP][PASSED] - get_token = slurper.parseText(token.getResponseBodyContent()): null

2022-03-29 22:00:34 - [TEST_STEP][PASSED] - private_token = access_token: null

2022-03-29 22:00:34 - [TEST_STEP][PASSED] - global_token = private_token: null

2022-03-29 22:00:34 - [TEST_STEP][PASSED] - println("token is :" + global_token): null

2022-03-29 22:00:34 - [TEST_STEP][PASSED] - response_token = token.getResponseText(): null

2022-03-29 22:00:34 - [TEST_STEP][PASSED] - logInfo($response_token): 
            {
                "token_type": "BearerToken",
                "access_token": "qYkjO2Vb95sUekqIokXiz3imAGbH",
                "expires_in": "1799",
                "scope": ""
            }
        

2022-03-29 22:00:34 - [MESSAGE][INFO] - 
            {
                "token_type": "BearerToken",
                "access_token": "qYkjO2Vb95sUekqIokXiz3imAGbH",
                "expires_in": "1799",
                "scope": ""
            }
        

2022-03-29 22:00:34 - [TEST_STEP][PASSED] - feedback = sendRequest(findTestObject("4. Feedback-ins", ["s_key":global_token, "batchid":batchid, "norek":norek, "nopin":nopin, "custname":custname, "pemohon":pemohon, "branchid":branchid, ... ])): Send request successfully

2022-03-29 22:00:34 - [MESSAGE][INFO] - HAR: I:\app-testing\app-project\Order car insurance\order-car-insurance\Reports\20220329_215823\3. Get feedback insurance - Batch 1\20220329_215824\requests\main\157.har

2022-03-29 22:00:34 - [MESSAGE][PASSED] - Send request successfully

2022-03-29 22:00:34 - [TEST_STEP][PASSED] - response_feedback = feedback.getResponseText(): null

2022-03-29 22:00:34 - [TEST_STEP][PASSED] - markPassed("result feedback data : " + no + " norek : " + norek + " nopin : " + nopin): result feedback data : 88 norek : 9483006281 nopin : 001

2022-03-29 22:00:34 - [MESSAGE][PASSED] - result feedback data : 88 norek : 9483006281 nopin : 001

2022-03-29 22:00:34 - [TEST_STEP][PASSED] - logInfo($response_feedback): {
  "FeedbackCarInsuranceResponse" : {
    "errorCode" : "00",
    "errorMessage" : "Sukses"
  }
}

2022-03-29 22:00:34 - [MESSAGE][INFO] - {
  "FeedbackCarInsuranceResponse" : {
    "errorCode" : "00",
    "errorMessage" : "Sukses"
  }
}

2022-03-29 22:00:34 - [TEST_STEP][PASSED] - verifyElementPropertyValue(feedback, "FeedbackCarInsuranceResponse.errorMessage", "Sukses", CONTINUE_ON_FAILURE): Verify element property value successfully

2022-03-29 22:00:34 - [MESSAGE][PASSED] - Verify element property value successfully]]></system-out>
         <system-err><![CDATA[]]></system-err>
      </testcase>
      <testcase name="Test Cases/3. get token - feedback insurance" time="1.343" classname="Test Cases/3. get token - feedback insurance" status="PASSED">
         <system-out><![CDATA[2022-03-29 22:00:35 - [TEST_CASE][PASSED] - Test Cases/3. get token - feedback insurance: Test Cases/3. get token - feedback insurance

2022-03-29 22:00:35 - [TEST_STEP][PASSED] - token = sendRequest(findTestObject("1. Get-Token")): Send request successfully

2022-03-29 22:00:35 - [MESSAGE][INFO] - HAR: I:\app-testing\app-project\Order car insurance\order-car-insurance\Reports\20220329_215823\3. Get feedback insurance - Batch 1\20220329_215824\requests\main\158.har

2022-03-29 22:00:35 - [MESSAGE][PASSED] - Send request successfully

2022-03-29 22:00:35 - [TEST_STEP][PASSED] - slurper = new groovy.json.JsonSlurper(): null

2022-03-29 22:00:35 - [TEST_STEP][PASSED] - get_token = slurper.parseText(token.getResponseBodyContent()): null

2022-03-29 22:00:35 - [TEST_STEP][PASSED] - private_token = access_token: null

2022-03-29 22:00:35 - [TEST_STEP][PASSED] - global_token = private_token: null

2022-03-29 22:00:35 - [TEST_STEP][PASSED] - println("token is :" + global_token): null

2022-03-29 22:00:35 - [TEST_STEP][PASSED] - response_token = token.getResponseText(): null

2022-03-29 22:00:35 - [TEST_STEP][PASSED] - logInfo($response_token): 
            {
                "token_type": "BearerToken",
                "access_token": "eILQRpDbId9P9OHu7j8IPA9TjrRD",
                "expires_in": "1799",
                "scope": ""
            }
        

2022-03-29 22:00:35 - [MESSAGE][INFO] - 
            {
                "token_type": "BearerToken",
                "access_token": "eILQRpDbId9P9OHu7j8IPA9TjrRD",
                "expires_in": "1799",
                "scope": ""
            }
        

2022-03-29 22:00:35 - [TEST_STEP][PASSED] - feedback = sendRequest(findTestObject("4. Feedback-ins", ["s_key":global_token, "batchid":batchid, "norek":norek, "nopin":nopin, "custname":custname, "pemohon":pemohon, "branchid":branchid, ... ])): Send request successfully

2022-03-29 22:00:36 - [MESSAGE][INFO] - HAR: I:\app-testing\app-project\Order car insurance\order-car-insurance\Reports\20220329_215823\3. Get feedback insurance - Batch 1\20220329_215824\requests\main\159.har

2022-03-29 22:00:36 - [MESSAGE][PASSED] - Send request successfully

2022-03-29 22:00:36 - [TEST_STEP][PASSED] - response_feedback = feedback.getResponseText(): null

2022-03-29 22:00:36 - [TEST_STEP][PASSED] - markPassed("result feedback data : " + no + " norek : " + norek + " nopin : " + nopin): result feedback data : 89 norek : 9483006281 nopin : 001

2022-03-29 22:00:36 - [MESSAGE][PASSED] - result feedback data : 89 norek : 9483006281 nopin : 001

2022-03-29 22:00:36 - [TEST_STEP][PASSED] - logInfo($response_feedback): {
  "FeedbackCarInsuranceResponse" : {
    "errorCode" : "00",
    "errorMessage" : "Sukses"
  }
}

2022-03-29 22:00:36 - [MESSAGE][INFO] - {
  "FeedbackCarInsuranceResponse" : {
    "errorCode" : "00",
    "errorMessage" : "Sukses"
  }
}

2022-03-29 22:00:36 - [TEST_STEP][PASSED] - verifyElementPropertyValue(feedback, "FeedbackCarInsuranceResponse.errorMessage", "Sukses", CONTINUE_ON_FAILURE): Verify element property value successfully

2022-03-29 22:00:36 - [MESSAGE][PASSED] - Verify element property value successfully]]></system-out>
         <system-err><![CDATA[]]></system-err>
      </testcase>
      <testcase name="Test Cases/3. get token - feedback insurance" time="1.315" classname="Test Cases/3. get token - feedback insurance" status="PASSED">
         <system-out><![CDATA[2022-03-29 22:00:36 - [TEST_CASE][PASSED] - Test Cases/3. get token - feedback insurance: Test Cases/3. get token - feedback insurance

2022-03-29 22:00:36 - [TEST_STEP][PASSED] - token = sendRequest(findTestObject("1. Get-Token")): Send request successfully

2022-03-29 22:00:37 - [MESSAGE][INFO] - HAR: I:\app-testing\app-project\Order car insurance\order-car-insurance\Reports\20220329_215823\3. Get feedback insurance - Batch 1\20220329_215824\requests\main\160.har

2022-03-29 22:00:37 - [MESSAGE][PASSED] - Send request successfully

2022-03-29 22:00:37 - [TEST_STEP][PASSED] - slurper = new groovy.json.JsonSlurper(): null

2022-03-29 22:00:37 - [TEST_STEP][PASSED] - get_token = slurper.parseText(token.getResponseBodyContent()): null

2022-03-29 22:00:37 - [TEST_STEP][PASSED] - private_token = access_token: null

2022-03-29 22:00:37 - [TEST_STEP][PASSED] - global_token = private_token: null

2022-03-29 22:00:37 - [TEST_STEP][PASSED] - println("token is :" + global_token): null

2022-03-29 22:00:37 - [TEST_STEP][PASSED] - response_token = token.getResponseText(): null

2022-03-29 22:00:37 - [TEST_STEP][PASSED] - logInfo($response_token): 
            {
                "token_type": "BearerToken",
                "access_token": "5p9DxlZinCJYvjqV19zzfsJJtiLs",
                "expires_in": "1799",
                "scope": ""
            }
        

2022-03-29 22:00:37 - [MESSAGE][INFO] - 
            {
                "token_type": "BearerToken",
                "access_token": "5p9DxlZinCJYvjqV19zzfsJJtiLs",
                "expires_in": "1799",
                "scope": ""
            }
        

2022-03-29 22:00:37 - [TEST_STEP][PASSED] - feedback = sendRequest(findTestObject("4. Feedback-ins", ["s_key":global_token, "batchid":batchid, "norek":norek, "nopin":nopin, "custname":custname, "pemohon":pemohon, "branchid":branchid, ... ])): Send request successfully

2022-03-29 22:00:38 - [MESSAGE][INFO] - HAR: I:\app-testing\app-project\Order car insurance\order-car-insurance\Reports\20220329_215823\3. Get feedback insurance - Batch 1\20220329_215824\requests\main\161.har

2022-03-29 22:00:38 - [MESSAGE][PASSED] - Send request successfully

2022-03-29 22:00:38 - [TEST_STEP][PASSED] - response_feedback = feedback.getResponseText(): null

2022-03-29 22:00:38 - [TEST_STEP][PASSED] - markPassed("result feedback data : " + no + " norek : " + norek + " nopin : " + nopin): result feedback data : 90 norek : 9483006283 nopin : 001

2022-03-29 22:00:38 - [MESSAGE][PASSED] - result feedback data : 90 norek : 9483006283 nopin : 001

2022-03-29 22:00:38 - [TEST_STEP][PASSED] - logInfo($response_feedback): {
  "FeedbackCarInsuranceResponse" : {
    "errorCode" : "00",
    "errorMessage" : "Sukses"
  }
}

2022-03-29 22:00:38 - [MESSAGE][INFO] - {
  "FeedbackCarInsuranceResponse" : {
    "errorCode" : "00",
    "errorMessage" : "Sukses"
  }
}

2022-03-29 22:00:38 - [TEST_STEP][PASSED] - verifyElementPropertyValue(feedback, "FeedbackCarInsuranceResponse.errorMessage", "Sukses", CONTINUE_ON_FAILURE): Verify element property value successfully

2022-03-29 22:00:38 - [MESSAGE][PASSED] - Verify element property value successfully]]></system-out>
         <system-err><![CDATA[]]></system-err>
      </testcase>
      <testcase name="Test Cases/3. get token - feedback insurance" time="1.194" classname="Test Cases/3. get token - feedback insurance" status="PASSED">
         <system-out><![CDATA[2022-03-29 22:00:38 - [TEST_CASE][PASSED] - Test Cases/3. get token - feedback insurance: Test Cases/3. get token - feedback insurance

2022-03-29 22:00:38 - [TEST_STEP][PASSED] - token = sendRequest(findTestObject("1. Get-Token")): Send request successfully

2022-03-29 22:00:38 - [MESSAGE][INFO] - HAR: I:\app-testing\app-project\Order car insurance\order-car-insurance\Reports\20220329_215823\3. Get feedback insurance - Batch 1\20220329_215824\requests\main\162.har

2022-03-29 22:00:38 - [MESSAGE][PASSED] - Send request successfully

2022-03-29 22:00:38 - [TEST_STEP][PASSED] - slurper = new groovy.json.JsonSlurper(): null

2022-03-29 22:00:38 - [TEST_STEP][PASSED] - get_token = slurper.parseText(token.getResponseBodyContent()): null

2022-03-29 22:00:38 - [TEST_STEP][PASSED] - private_token = access_token: null

2022-03-29 22:00:38 - [TEST_STEP][PASSED] - global_token = private_token: null

2022-03-29 22:00:38 - [TEST_STEP][PASSED] - println("token is :" + global_token): null

2022-03-29 22:00:38 - [TEST_STEP][PASSED] - response_token = token.getResponseText(): null

2022-03-29 22:00:38 - [TEST_STEP][PASSED] - logInfo($response_token): 
            {
                "token_type": "BearerToken",
                "access_token": "YGpnaolGRd2NlSYW0vSV1jQz5mUE",
                "expires_in": "1799",
                "scope": ""
            }
        

2022-03-29 22:00:38 - [MESSAGE][INFO] - 
            {
                "token_type": "BearerToken",
                "access_token": "YGpnaolGRd2NlSYW0vSV1jQz5mUE",
                "expires_in": "1799",
                "scope": ""
            }
        

2022-03-29 22:00:38 - [TEST_STEP][PASSED] - feedback = sendRequest(findTestObject("4. Feedback-ins", ["s_key":global_token, "batchid":batchid, "norek":norek, "nopin":nopin, "custname":custname, "pemohon":pemohon, "branchid":branchid, ... ])): Send request successfully

2022-03-29 22:00:39 - [MESSAGE][INFO] - HAR: I:\app-testing\app-project\Order car insurance\order-car-insurance\Reports\20220329_215823\3. Get feedback insurance - Batch 1\20220329_215824\requests\main\163.har

2022-03-29 22:00:39 - [MESSAGE][PASSED] - Send request successfully

2022-03-29 22:00:39 - [TEST_STEP][PASSED] - response_feedback = feedback.getResponseText(): null

2022-03-29 22:00:39 - [TEST_STEP][PASSED] - markPassed("result feedback data : " + no + " norek : " + norek + " nopin : " + nopin): result feedback data : 91 norek : 9483006283 nopin : 001

2022-03-29 22:00:39 - [MESSAGE][PASSED] - result feedback data : 91 norek : 9483006283 nopin : 001

2022-03-29 22:00:39 - [TEST_STEP][PASSED] - logInfo($response_feedback): {
  "FeedbackCarInsuranceResponse" : {
    "errorCode" : "00",
    "errorMessage" : "Sukses"
  }
}

2022-03-29 22:00:39 - [MESSAGE][INFO] - {
  "FeedbackCarInsuranceResponse" : {
    "errorCode" : "00",
    "errorMessage" : "Sukses"
  }
}

2022-03-29 22:00:39 - [TEST_STEP][PASSED] - verifyElementPropertyValue(feedback, "FeedbackCarInsuranceResponse.errorMessage", "Sukses", CONTINUE_ON_FAILURE): Verify element property value successfully

2022-03-29 22:00:39 - [MESSAGE][PASSED] - Verify element property value successfully]]></system-out>
         <system-err><![CDATA[]]></system-err>
      </testcase>
      <testcase name="Test Cases/3. get token - feedback insurance" time="1.238" classname="Test Cases/3. get token - feedback insurance" status="PASSED">
         <system-out><![CDATA[2022-03-29 22:00:40 - [TEST_CASE][PASSED] - Test Cases/3. get token - feedback insurance: Test Cases/3. get token - feedback insurance

2022-03-29 22:00:40 - [TEST_STEP][PASSED] - token = sendRequest(findTestObject("1. Get-Token")): Send request successfully

2022-03-29 22:00:40 - [MESSAGE][INFO] - HAR: I:\app-testing\app-project\Order car insurance\order-car-insurance\Reports\20220329_215823\3. Get feedback insurance - Batch 1\20220329_215824\requests\main\164.har

2022-03-29 22:00:40 - [MESSAGE][PASSED] - Send request successfully

2022-03-29 22:00:40 - [TEST_STEP][PASSED] - slurper = new groovy.json.JsonSlurper(): null

2022-03-29 22:00:40 - [TEST_STEP][PASSED] - get_token = slurper.parseText(token.getResponseBodyContent()): null

2022-03-29 22:00:40 - [TEST_STEP][PASSED] - private_token = access_token: null

2022-03-29 22:00:40 - [TEST_STEP][PASSED] - global_token = private_token: null

2022-03-29 22:00:40 - [TEST_STEP][PASSED] - println("token is :" + global_token): null

2022-03-29 22:00:40 - [TEST_STEP][PASSED] - response_token = token.getResponseText(): null

2022-03-29 22:00:40 - [TEST_STEP][PASSED] - logInfo($response_token): 
            {
                "token_type": "BearerToken",
                "access_token": "JqtPrNOJGzIt2Ycr8GzKMZ8Dc2yn",
                "expires_in": "1799",
                "scope": ""
            }
        

2022-03-29 22:00:40 - [MESSAGE][INFO] - 
            {
                "token_type": "BearerToken",
                "access_token": "JqtPrNOJGzIt2Ycr8GzKMZ8Dc2yn",
                "expires_in": "1799",
                "scope": ""
            }
        

2022-03-29 22:00:40 - [TEST_STEP][PASSED] - feedback = sendRequest(findTestObject("4. Feedback-ins", ["s_key":global_token, "batchid":batchid, "norek":norek, "nopin":nopin, "custname":custname, "pemohon":pemohon, "branchid":branchid, ... ])): Send request successfully

2022-03-29 22:00:41 - [MESSAGE][INFO] - HAR: I:\app-testing\app-project\Order car insurance\order-car-insurance\Reports\20220329_215823\3. Get feedback insurance - Batch 1\20220329_215824\requests\main\165.har

2022-03-29 22:00:41 - [MESSAGE][PASSED] - Send request successfully

2022-03-29 22:00:41 - [TEST_STEP][PASSED] - response_feedback = feedback.getResponseText(): null

2022-03-29 22:00:41 - [TEST_STEP][PASSED] - markPassed("result feedback data : " + no + " norek : " + norek + " nopin : " + nopin): result feedback data : 92 norek : 9486004915 nopin : 001

2022-03-29 22:00:41 - [MESSAGE][PASSED] - result feedback data : 92 norek : 9486004915 nopin : 001

2022-03-29 22:00:41 - [TEST_STEP][PASSED] - logInfo($response_feedback): {
  "FeedbackCarInsuranceResponse" : {
    "errorCode" : "00",
    "errorMessage" : "Sukses"
  }
}

2022-03-29 22:00:41 - [MESSAGE][INFO] - {
  "FeedbackCarInsuranceResponse" : {
    "errorCode" : "00",
    "errorMessage" : "Sukses"
  }
}

2022-03-29 22:00:41 - [TEST_STEP][PASSED] - verifyElementPropertyValue(feedback, "FeedbackCarInsuranceResponse.errorMessage", "Sukses", CONTINUE_ON_FAILURE): Verify element property value successfully

2022-03-29 22:00:41 - [MESSAGE][PASSED] - Verify element property value successfully]]></system-out>
         <system-err><![CDATA[]]></system-err>
      </testcase>
      <testcase name="Test Cases/3. get token - feedback insurance" time="5.385" classname="Test Cases/3. get token - feedback insurance" status="PASSED">
         <system-out><![CDATA[2022-03-29 22:00:41 - [TEST_CASE][PASSED] - Test Cases/3. get token - feedback insurance: Test Cases/3. get token - feedback insurance

2022-03-29 22:00:46 - [TEST_STEP][PASSED] - token = sendRequest(findTestObject("1. Get-Token")): Send request successfully

2022-03-29 22:00:46 - [MESSAGE][INFO] - HAR: I:\app-testing\app-project\Order car insurance\order-car-insurance\Reports\20220329_215823\3. Get feedback insurance - Batch 1\20220329_215824\requests\main\166.har

2022-03-29 22:00:46 - [MESSAGE][PASSED] - Send request successfully

2022-03-29 22:00:46 - [TEST_STEP][PASSED] - slurper = new groovy.json.JsonSlurper(): null

2022-03-29 22:00:46 - [TEST_STEP][PASSED] - get_token = slurper.parseText(token.getResponseBodyContent()): null

2022-03-29 22:00:46 - [TEST_STEP][PASSED] - private_token = access_token: null

2022-03-29 22:00:46 - [TEST_STEP][PASSED] - global_token = private_token: null

2022-03-29 22:00:46 - [TEST_STEP][PASSED] - println("token is :" + global_token): null

2022-03-29 22:00:46 - [TEST_STEP][PASSED] - response_token = token.getResponseText(): null

2022-03-29 22:00:46 - [TEST_STEP][PASSED] - logInfo($response_token): 
            {
                "token_type": "BearerToken",
                "access_token": "Na6uV23xCPCNNW7LtG04wEjTMCFF",
                "expires_in": "1799",
                "scope": ""
            }
        

2022-03-29 22:00:46 - [MESSAGE][INFO] - 
            {
                "token_type": "BearerToken",
                "access_token": "Na6uV23xCPCNNW7LtG04wEjTMCFF",
                "expires_in": "1799",
                "scope": ""
            }
        

2022-03-29 22:00:46 - [TEST_STEP][PASSED] - feedback = sendRequest(findTestObject("4. Feedback-ins", ["s_key":global_token, "batchid":batchid, "norek":norek, "nopin":nopin, "custname":custname, "pemohon":pemohon, "branchid":branchid, ... ])): Send request successfully

2022-03-29 22:00:47 - [MESSAGE][INFO] - HAR: I:\app-testing\app-project\Order car insurance\order-car-insurance\Reports\20220329_215823\3. Get feedback insurance - Batch 1\20220329_215824\requests\main\167.har

2022-03-29 22:00:47 - [MESSAGE][PASSED] - Send request successfully

2022-03-29 22:00:47 - [TEST_STEP][PASSED] - response_feedback = feedback.getResponseText(): null

2022-03-29 22:00:47 - [TEST_STEP][PASSED] - markPassed("result feedback data : " + no + " norek : " + norek + " nopin : " + nopin): result feedback data : 93 norek : 9486004915 nopin : 001

2022-03-29 22:00:47 - [MESSAGE][PASSED] - result feedback data : 93 norek : 9486004915 nopin : 001

2022-03-29 22:00:47 - [TEST_STEP][PASSED] - logInfo($response_feedback): {
  "FeedbackCarInsuranceResponse" : {
    "errorCode" : "00",
    "errorMessage" : "Sukses"
  }
}

2022-03-29 22:00:47 - [MESSAGE][INFO] - {
  "FeedbackCarInsuranceResponse" : {
    "errorCode" : "00",
    "errorMessage" : "Sukses"
  }
}

2022-03-29 22:00:47 - [TEST_STEP][PASSED] - verifyElementPropertyValue(feedback, "FeedbackCarInsuranceResponse.errorMessage", "Sukses", CONTINUE_ON_FAILURE): Verify element property value successfully

2022-03-29 22:00:47 - [MESSAGE][PASSED] - Verify element property value successfully]]></system-out>
         <system-err><![CDATA[]]></system-err>
      </testcase>
      <testcase name="Test Cases/3. get token - feedback insurance" time="1.181" classname="Test Cases/3. get token - feedback insurance" status="PASSED">
         <system-out><![CDATA[2022-03-29 22:00:47 - [TEST_CASE][PASSED] - Test Cases/3. get token - feedback insurance: Test Cases/3. get token - feedback insurance

2022-03-29 22:00:47 - [TEST_STEP][PASSED] - token = sendRequest(findTestObject("1. Get-Token")): Send request successfully

2022-03-29 22:00:47 - [MESSAGE][INFO] - HAR: I:\app-testing\app-project\Order car insurance\order-car-insurance\Reports\20220329_215823\3. Get feedback insurance - Batch 1\20220329_215824\requests\main\168.har

2022-03-29 22:00:47 - [MESSAGE][PASSED] - Send request successfully

2022-03-29 22:00:47 - [TEST_STEP][PASSED] - slurper = new groovy.json.JsonSlurper(): null

2022-03-29 22:00:47 - [TEST_STEP][PASSED] - get_token = slurper.parseText(token.getResponseBodyContent()): null

2022-03-29 22:00:47 - [TEST_STEP][PASSED] - private_token = access_token: null

2022-03-29 22:00:47 - [TEST_STEP][PASSED] - global_token = private_token: null

2022-03-29 22:00:47 - [TEST_STEP][PASSED] - println("token is :" + global_token): null

2022-03-29 22:00:47 - [TEST_STEP][PASSED] - response_token = token.getResponseText(): null

2022-03-29 22:00:47 - [TEST_STEP][PASSED] - logInfo($response_token): 
            {
                "token_type": "BearerToken",
                "access_token": "jsyfAxsavby1FGk0bFB0zL6pPO7h",
                "expires_in": "1799",
                "scope": ""
            }
        

2022-03-29 22:00:47 - [MESSAGE][INFO] - 
            {
                "token_type": "BearerToken",
                "access_token": "jsyfAxsavby1FGk0bFB0zL6pPO7h",
                "expires_in": "1799",
                "scope": ""
            }
        

2022-03-29 22:00:47 - [TEST_STEP][PASSED] - feedback = sendRequest(findTestObject("4. Feedback-ins", ["s_key":global_token, "batchid":batchid, "norek":norek, "nopin":nopin, "custname":custname, "pemohon":pemohon, "branchid":branchid, ... ])): Send request successfully

2022-03-29 22:00:48 - [MESSAGE][INFO] - HAR: I:\app-testing\app-project\Order car insurance\order-car-insurance\Reports\20220329_215823\3. Get feedback insurance - Batch 1\20220329_215824\requests\main\169.har

2022-03-29 22:00:48 - [MESSAGE][PASSED] - Send request successfully

2022-03-29 22:00:48 - [TEST_STEP][PASSED] - response_feedback = feedback.getResponseText(): null

2022-03-29 22:00:48 - [TEST_STEP][PASSED] - markPassed("result feedback data : " + no + " norek : " + norek + " nopin : " + nopin): result feedback data : 94 norek : 9486004936 nopin : 001

2022-03-29 22:00:48 - [MESSAGE][PASSED] - result feedback data : 94 norek : 9486004936 nopin : 001

2022-03-29 22:00:48 - [TEST_STEP][PASSED] - logInfo($response_feedback): {
  "FeedbackCarInsuranceResponse" : {
    "errorCode" : "00",
    "errorMessage" : "Sukses"
  }
}

2022-03-29 22:00:48 - [MESSAGE][INFO] - {
  "FeedbackCarInsuranceResponse" : {
    "errorCode" : "00",
    "errorMessage" : "Sukses"
  }
}

2022-03-29 22:00:48 - [TEST_STEP][PASSED] - verifyElementPropertyValue(feedback, "FeedbackCarInsuranceResponse.errorMessage", "Sukses", CONTINUE_ON_FAILURE): Verify element property value successfully

2022-03-29 22:00:48 - [MESSAGE][PASSED] - Verify element property value successfully]]></system-out>
         <system-err><![CDATA[]]></system-err>
      </testcase>
      <testcase name="Test Cases/3. get token - feedback insurance" time="1.235" classname="Test Cases/3. get token - feedback insurance" status="PASSED">
         <system-out><![CDATA[2022-03-29 22:00:49 - [TEST_CASE][PASSED] - Test Cases/3. get token - feedback insurance: Test Cases/3. get token - feedback insurance

2022-03-29 22:00:49 - [TEST_STEP][PASSED] - token = sendRequest(findTestObject("1. Get-Token")): Send request successfully

2022-03-29 22:00:49 - [MESSAGE][INFO] - HAR: I:\app-testing\app-project\Order car insurance\order-car-insurance\Reports\20220329_215823\3. Get feedback insurance - Batch 1\20220329_215824\requests\main\170.har

2022-03-29 22:00:49 - [MESSAGE][PASSED] - Send request successfully

2022-03-29 22:00:49 - [TEST_STEP][PASSED] - slurper = new groovy.json.JsonSlurper(): null

2022-03-29 22:00:49 - [TEST_STEP][PASSED] - get_token = slurper.parseText(token.getResponseBodyContent()): null

2022-03-29 22:00:49 - [TEST_STEP][PASSED] - private_token = access_token: null

2022-03-29 22:00:49 - [TEST_STEP][PASSED] - global_token = private_token: null

2022-03-29 22:00:49 - [TEST_STEP][PASSED] - println("token is :" + global_token): null

2022-03-29 22:00:49 - [TEST_STEP][PASSED] - response_token = token.getResponseText(): null

2022-03-29 22:00:49 - [TEST_STEP][PASSED] - logInfo($response_token): 
            {
                "token_type": "BearerToken",
                "access_token": "1AFX2Rn27DOng3NFy7yu2VQmxqGZ",
                "expires_in": "1799",
                "scope": ""
            }
        

2022-03-29 22:00:49 - [MESSAGE][INFO] - 
            {
                "token_type": "BearerToken",
                "access_token": "1AFX2Rn27DOng3NFy7yu2VQmxqGZ",
                "expires_in": "1799",
                "scope": ""
            }
        

2022-03-29 22:00:49 - [TEST_STEP][PASSED] - feedback = sendRequest(findTestObject("4. Feedback-ins", ["s_key":global_token, "batchid":batchid, "norek":norek, "nopin":nopin, "custname":custname, "pemohon":pemohon, "branchid":branchid, ... ])): Send request successfully

2022-03-29 22:00:50 - [MESSAGE][INFO] - HAR: I:\app-testing\app-project\Order car insurance\order-car-insurance\Reports\20220329_215823\3. Get feedback insurance - Batch 1\20220329_215824\requests\main\171.har

2022-03-29 22:00:50 - [MESSAGE][PASSED] - Send request successfully

2022-03-29 22:00:50 - [TEST_STEP][PASSED] - response_feedback = feedback.getResponseText(): null

2022-03-29 22:00:50 - [TEST_STEP][PASSED] - markPassed("result feedback data : " + no + " norek : " + norek + " nopin : " + nopin): result feedback data : 95 norek : 9486004936 nopin : 001

2022-03-29 22:00:50 - [MESSAGE][PASSED] - result feedback data : 95 norek : 9486004936 nopin : 001

2022-03-29 22:00:50 - [TEST_STEP][PASSED] - logInfo($response_feedback): {
  "FeedbackCarInsuranceResponse" : {
    "errorCode" : "00",
    "errorMessage" : "Sukses"
  }
}

2022-03-29 22:00:50 - [MESSAGE][INFO] - {
  "FeedbackCarInsuranceResponse" : {
    "errorCode" : "00",
    "errorMessage" : "Sukses"
  }
}

2022-03-29 22:00:50 - [TEST_STEP][PASSED] - verifyElementPropertyValue(feedback, "FeedbackCarInsuranceResponse.errorMessage", "Sukses", CONTINUE_ON_FAILURE): Verify element property value successfully

2022-03-29 22:00:50 - [MESSAGE][PASSED] - Verify element property value successfully]]></system-out>
         <system-err><![CDATA[]]></system-err>
      </testcase>
      <testcase name="Test Cases/3. get token - feedback insurance" time="1.143" classname="Test Cases/3. get token - feedback insurance" status="PASSED">
         <system-out><![CDATA[2022-03-29 22:00:50 - [TEST_CASE][PASSED] - Test Cases/3. get token - feedback insurance: Test Cases/3. get token - feedback insurance

2022-03-29 22:00:50 - [TEST_STEP][PASSED] - token = sendRequest(findTestObject("1. Get-Token")): Send request successfully

2022-03-29 22:00:50 - [MESSAGE][INFO] - HAR: I:\app-testing\app-project\Order car insurance\order-car-insurance\Reports\20220329_215823\3. Get feedback insurance - Batch 1\20220329_215824\requests\main\172.har

2022-03-29 22:00:50 - [MESSAGE][PASSED] - Send request successfully

2022-03-29 22:00:50 - [TEST_STEP][PASSED] - slurper = new groovy.json.JsonSlurper(): null

2022-03-29 22:00:50 - [TEST_STEP][PASSED] - get_token = slurper.parseText(token.getResponseBodyContent()): null

2022-03-29 22:00:50 - [TEST_STEP][PASSED] - private_token = access_token: null

2022-03-29 22:00:50 - [TEST_STEP][PASSED] - global_token = private_token: null

2022-03-29 22:00:50 - [TEST_STEP][PASSED] - println("token is :" + global_token): null

2022-03-29 22:00:50 - [TEST_STEP][PASSED] - response_token = token.getResponseText(): null

2022-03-29 22:00:50 - [TEST_STEP][PASSED] - logInfo($response_token): 
            {
                "token_type": "BearerToken",
                "access_token": "xdfdWq6s9w8YIgLAYOIp2AGkh42R",
                "expires_in": "1799",
                "scope": ""
            }
        

2022-03-29 22:00:50 - [MESSAGE][INFO] - 
            {
                "token_type": "BearerToken",
                "access_token": "xdfdWq6s9w8YIgLAYOIp2AGkh42R",
                "expires_in": "1799",
                "scope": ""
            }
        

2022-03-29 22:00:50 - [TEST_STEP][PASSED] - feedback = sendRequest(findTestObject("4. Feedback-ins", ["s_key":global_token, "batchid":batchid, "norek":norek, "nopin":nopin, "custname":custname, "pemohon":pemohon, "branchid":branchid, ... ])): Send request successfully

2022-03-29 22:00:51 - [MESSAGE][INFO] - HAR: I:\app-testing\app-project\Order car insurance\order-car-insurance\Reports\20220329_215823\3. Get feedback insurance - Batch 1\20220329_215824\requests\main\173.har

2022-03-29 22:00:51 - [MESSAGE][PASSED] - Send request successfully

2022-03-29 22:00:51 - [TEST_STEP][PASSED] - response_feedback = feedback.getResponseText(): null

2022-03-29 22:00:51 - [TEST_STEP][PASSED] - markPassed("result feedback data : " + no + " norek : " + norek + " nopin : " + nopin): result feedback data : 96 norek : 9486004936 nopin : 001

2022-03-29 22:00:51 - [MESSAGE][PASSED] - result feedback data : 96 norek : 9486004936 nopin : 001

2022-03-29 22:00:51 - [TEST_STEP][PASSED] - logInfo($response_feedback): {
  "FeedbackCarInsuranceResponse" : {
    "errorCode" : "00",
    "errorMessage" : "Sukses"
  }
}

2022-03-29 22:00:51 - [MESSAGE][INFO] - {
  "FeedbackCarInsuranceResponse" : {
    "errorCode" : "00",
    "errorMessage" : "Sukses"
  }
}

2022-03-29 22:00:51 - [TEST_STEP][PASSED] - verifyElementPropertyValue(feedback, "FeedbackCarInsuranceResponse.errorMessage", "Sukses", CONTINUE_ON_FAILURE): Verify element property value successfully

2022-03-29 22:00:51 - [MESSAGE][PASSED] - Verify element property value successfully]]></system-out>
         <system-err><![CDATA[]]></system-err>
      </testcase>
      <testcase name="Test Cases/3. get token - feedback insurance" time="1.057" classname="Test Cases/3. get token - feedback insurance" status="PASSED">
         <system-out><![CDATA[2022-03-29 22:00:52 - [TEST_CASE][PASSED] - Test Cases/3. get token - feedback insurance: Test Cases/3. get token - feedback insurance

2022-03-29 22:00:52 - [TEST_STEP][PASSED] - token = sendRequest(findTestObject("1. Get-Token")): Send request successfully

2022-03-29 22:00:52 - [MESSAGE][INFO] - HAR: I:\app-testing\app-project\Order car insurance\order-car-insurance\Reports\20220329_215823\3. Get feedback insurance - Batch 1\20220329_215824\requests\main\174.har

2022-03-29 22:00:52 - [MESSAGE][PASSED] - Send request successfully

2022-03-29 22:00:52 - [TEST_STEP][PASSED] - slurper = new groovy.json.JsonSlurper(): null

2022-03-29 22:00:52 - [TEST_STEP][PASSED] - get_token = slurper.parseText(token.getResponseBodyContent()): null

2022-03-29 22:00:52 - [TEST_STEP][PASSED] - private_token = access_token: null

2022-03-29 22:00:52 - [TEST_STEP][PASSED] - global_token = private_token: null

2022-03-29 22:00:52 - [TEST_STEP][PASSED] - println("token is :" + global_token): null

2022-03-29 22:00:52 - [TEST_STEP][PASSED] - response_token = token.getResponseText(): null

2022-03-29 22:00:52 - [TEST_STEP][PASSED] - logInfo($response_token): 
            {
                "token_type": "BearerToken",
                "access_token": "6Csj8NHMtGgsciIAtmKL9jpFDXJk",
                "expires_in": "1799",
                "scope": ""
            }
        

2022-03-29 22:00:52 - [MESSAGE][INFO] - 
            {
                "token_type": "BearerToken",
                "access_token": "6Csj8NHMtGgsciIAtmKL9jpFDXJk",
                "expires_in": "1799",
                "scope": ""
            }
        

2022-03-29 22:00:52 - [TEST_STEP][PASSED] - feedback = sendRequest(findTestObject("4. Feedback-ins", ["s_key":global_token, "batchid":batchid, "norek":norek, "nopin":nopin, "custname":custname, "pemohon":pemohon, "branchid":branchid, ... ])): Send request successfully

2022-03-29 22:00:53 - [MESSAGE][INFO] - HAR: I:\app-testing\app-project\Order car insurance\order-car-insurance\Reports\20220329_215823\3. Get feedback insurance - Batch 1\20220329_215824\requests\main\175.har

2022-03-29 22:00:53 - [MESSAGE][PASSED] - Send request successfully

2022-03-29 22:00:53 - [TEST_STEP][PASSED] - response_feedback = feedback.getResponseText(): null

2022-03-29 22:00:53 - [TEST_STEP][PASSED] - markPassed("result feedback data : " + no + " norek : " + norek + " nopin : " + nopin): result feedback data : 97 norek : 9486004936 nopin : 001

2022-03-29 22:00:53 - [MESSAGE][PASSED] - result feedback data : 97 norek : 9486004936 nopin : 001

2022-03-29 22:00:53 - [TEST_STEP][PASSED] - logInfo($response_feedback): {
  "FeedbackCarInsuranceResponse" : {
    "errorCode" : "00",
    "errorMessage" : "Sukses"
  }
}

2022-03-29 22:00:53 - [MESSAGE][INFO] - {
  "FeedbackCarInsuranceResponse" : {
    "errorCode" : "00",
    "errorMessage" : "Sukses"
  }
}

2022-03-29 22:00:53 - [TEST_STEP][PASSED] - verifyElementPropertyValue(feedback, "FeedbackCarInsuranceResponse.errorMessage", "Sukses", CONTINUE_ON_FAILURE): Verify element property value successfully

2022-03-29 22:00:53 - [MESSAGE][PASSED] - Verify element property value successfully]]></system-out>
         <system-err><![CDATA[]]></system-err>
      </testcase>
      <testcase name="Test Cases/3. get token - feedback insurance" time="1.146" classname="Test Cases/3. get token - feedback insurance" status="PASSED">
         <system-out><![CDATA[2022-03-29 22:00:53 - [TEST_CASE][PASSED] - Test Cases/3. get token - feedback insurance: Test Cases/3. get token - feedback insurance

2022-03-29 22:00:53 - [TEST_STEP][PASSED] - token = sendRequest(findTestObject("1. Get-Token")): Send request successfully

2022-03-29 22:00:53 - [MESSAGE][INFO] - HAR: I:\app-testing\app-project\Order car insurance\order-car-insurance\Reports\20220329_215823\3. Get feedback insurance - Batch 1\20220329_215824\requests\main\176.har

2022-03-29 22:00:53 - [MESSAGE][PASSED] - Send request successfully

2022-03-29 22:00:53 - [TEST_STEP][PASSED] - slurper = new groovy.json.JsonSlurper(): null

2022-03-29 22:00:53 - [TEST_STEP][PASSED] - get_token = slurper.parseText(token.getResponseBodyContent()): null

2022-03-29 22:00:53 - [TEST_STEP][PASSED] - private_token = access_token: null

2022-03-29 22:00:53 - [TEST_STEP][PASSED] - global_token = private_token: null

2022-03-29 22:00:53 - [TEST_STEP][PASSED] - println("token is :" + global_token): null

2022-03-29 22:00:53 - [TEST_STEP][PASSED] - response_token = token.getResponseText(): null

2022-03-29 22:00:53 - [TEST_STEP][PASSED] - logInfo($response_token): 
            {
                "token_type": "BearerToken",
                "access_token": "c0x0uZKtn4VBCaQQEumspALGvJAK",
                "expires_in": "1799",
                "scope": ""
            }
        

2022-03-29 22:00:53 - [MESSAGE][INFO] - 
            {
                "token_type": "BearerToken",
                "access_token": "c0x0uZKtn4VBCaQQEumspALGvJAK",
                "expires_in": "1799",
                "scope": ""
            }
        

2022-03-29 22:00:53 - [TEST_STEP][PASSED] - feedback = sendRequest(findTestObject("4. Feedback-ins", ["s_key":global_token, "batchid":batchid, "norek":norek, "nopin":nopin, "custname":custname, "pemohon":pemohon, "branchid":branchid, ... ])): Send request successfully

2022-03-29 22:00:54 - [MESSAGE][INFO] - HAR: I:\app-testing\app-project\Order car insurance\order-car-insurance\Reports\20220329_215823\3. Get feedback insurance - Batch 1\20220329_215824\requests\main\177.har

2022-03-29 22:00:54 - [MESSAGE][PASSED] - Send request successfully

2022-03-29 22:00:54 - [TEST_STEP][PASSED] - response_feedback = feedback.getResponseText(): null

2022-03-29 22:00:54 - [TEST_STEP][PASSED] - markPassed("result feedback data : " + no + " norek : " + norek + " nopin : " + nopin): result feedback data : 98 norek : 9486004940 nopin : 001

2022-03-29 22:00:54 - [MESSAGE][PASSED] - result feedback data : 98 norek : 9486004940 nopin : 001

2022-03-29 22:00:54 - [TEST_STEP][PASSED] - logInfo($response_feedback): {
  "FeedbackCarInsuranceResponse" : {
    "errorCode" : "00",
    "errorMessage" : "Sukses"
  }
}

2022-03-29 22:00:54 - [MESSAGE][INFO] - {
  "FeedbackCarInsuranceResponse" : {
    "errorCode" : "00",
    "errorMessage" : "Sukses"
  }
}

2022-03-29 22:00:54 - [TEST_STEP][PASSED] - verifyElementPropertyValue(feedback, "FeedbackCarInsuranceResponse.errorMessage", "Sukses", CONTINUE_ON_FAILURE): Verify element property value successfully

2022-03-29 22:00:54 - [MESSAGE][PASSED] - Verify element property value successfully]]></system-out>
         <system-err><![CDATA[]]></system-err>
      </testcase>
      <testcase name="Test Cases/3. get token - feedback insurance" time="1.232" classname="Test Cases/3. get token - feedback insurance" status="PASSED">
         <system-out><![CDATA[2022-03-29 22:00:55 - [TEST_CASE][PASSED] - Test Cases/3. get token - feedback insurance: Test Cases/3. get token - feedback insurance

2022-03-29 22:00:55 - [TEST_STEP][PASSED] - token = sendRequest(findTestObject("1. Get-Token")): Send request successfully

2022-03-29 22:00:55 - [MESSAGE][INFO] - HAR: I:\app-testing\app-project\Order car insurance\order-car-insurance\Reports\20220329_215823\3. Get feedback insurance - Batch 1\20220329_215824\requests\main\178.har

2022-03-29 22:00:55 - [MESSAGE][PASSED] - Send request successfully

2022-03-29 22:00:55 - [TEST_STEP][PASSED] - slurper = new groovy.json.JsonSlurper(): null

2022-03-29 22:00:55 - [TEST_STEP][PASSED] - get_token = slurper.parseText(token.getResponseBodyContent()): null

2022-03-29 22:00:55 - [TEST_STEP][PASSED] - private_token = access_token: null

2022-03-29 22:00:55 - [TEST_STEP][PASSED] - global_token = private_token: null

2022-03-29 22:00:55 - [TEST_STEP][PASSED] - println("token is :" + global_token): null

2022-03-29 22:00:55 - [TEST_STEP][PASSED] - response_token = token.getResponseText(): null

2022-03-29 22:00:55 - [TEST_STEP][PASSED] - logInfo($response_token): 
            {
                "token_type": "BearerToken",
                "access_token": "GQObnwbqzKTFDTjnipwBGppBW8os",
                "expires_in": "1799",
                "scope": ""
            }
        

2022-03-29 22:00:55 - [MESSAGE][INFO] - 
            {
                "token_type": "BearerToken",
                "access_token": "GQObnwbqzKTFDTjnipwBGppBW8os",
                "expires_in": "1799",
                "scope": ""
            }
        

2022-03-29 22:00:55 - [TEST_STEP][PASSED] - feedback = sendRequest(findTestObject("4. Feedback-ins", ["s_key":global_token, "batchid":batchid, "norek":norek, "nopin":nopin, "custname":custname, "pemohon":pemohon, "branchid":branchid, ... ])): Send request successfully

2022-03-29 22:00:56 - [MESSAGE][INFO] - HAR: I:\app-testing\app-project\Order car insurance\order-car-insurance\Reports\20220329_215823\3. Get feedback insurance - Batch 1\20220329_215824\requests\main\179.har

2022-03-29 22:00:56 - [MESSAGE][PASSED] - Send request successfully

2022-03-29 22:00:56 - [TEST_STEP][PASSED] - response_feedback = feedback.getResponseText(): null

2022-03-29 22:00:56 - [TEST_STEP][PASSED] - markPassed("result feedback data : " + no + " norek : " + norek + " nopin : " + nopin): result feedback data : 99 norek : 9486004940 nopin : 001

2022-03-29 22:00:56 - [MESSAGE][PASSED] - result feedback data : 99 norek : 9486004940 nopin : 001

2022-03-29 22:00:56 - [TEST_STEP][PASSED] - logInfo($response_feedback): {
  "FeedbackCarInsuranceResponse" : {
    "errorCode" : "00",
    "errorMessage" : "Sukses"
  }
}

2022-03-29 22:00:56 - [MESSAGE][INFO] - {
  "FeedbackCarInsuranceResponse" : {
    "errorCode" : "00",
    "errorMessage" : "Sukses"
  }
}

2022-03-29 22:00:56 - [TEST_STEP][PASSED] - verifyElementPropertyValue(feedback, "FeedbackCarInsuranceResponse.errorMessage", "Sukses", CONTINUE_ON_FAILURE): Verify element property value successfully

2022-03-29 22:00:56 - [MESSAGE][PASSED] - Verify element property value successfully]]></system-out>
         <system-err><![CDATA[]]></system-err>
      </testcase>
      <testcase name="Test Cases/3. get token - feedback insurance" time="1.168" classname="Test Cases/3. get token - feedback insurance" status="PASSED">
         <system-out><![CDATA[2022-03-29 22:00:56 - [TEST_CASE][PASSED] - Test Cases/3. get token - feedback insurance: Test Cases/3. get token - feedback insurance

2022-03-29 22:00:56 - [TEST_STEP][PASSED] - token = sendRequest(findTestObject("1. Get-Token")): Send request successfully

2022-03-29 22:00:57 - [MESSAGE][INFO] - HAR: I:\app-testing\app-project\Order car insurance\order-car-insurance\Reports\20220329_215823\3. Get feedback insurance - Batch 1\20220329_215824\requests\main\180.har

2022-03-29 22:00:57 - [MESSAGE][PASSED] - Send request successfully

2022-03-29 22:00:57 - [TEST_STEP][PASSED] - slurper = new groovy.json.JsonSlurper(): null

2022-03-29 22:00:57 - [TEST_STEP][PASSED] - get_token = slurper.parseText(token.getResponseBodyContent()): null

2022-03-29 22:00:57 - [TEST_STEP][PASSED] - private_token = access_token: null

2022-03-29 22:00:57 - [TEST_STEP][PASSED] - global_token = private_token: null

2022-03-29 22:00:57 - [TEST_STEP][PASSED] - println("token is :" + global_token): null

2022-03-29 22:00:57 - [TEST_STEP][PASSED] - response_token = token.getResponseText(): null

2022-03-29 22:00:57 - [TEST_STEP][PASSED] - logInfo($response_token): 
            {
                "token_type": "BearerToken",
                "access_token": "dixJqFvcWJeZ77XJToLUPjwf2X0y",
                "expires_in": "1799",
                "scope": ""
            }
        

2022-03-29 22:00:57 - [MESSAGE][INFO] - 
            {
                "token_type": "BearerToken",
                "access_token": "dixJqFvcWJeZ77XJToLUPjwf2X0y",
                "expires_in": "1799",
                "scope": ""
            }
        

2022-03-29 22:00:57 - [TEST_STEP][PASSED] - feedback = sendRequest(findTestObject("4. Feedback-ins", ["s_key":global_token, "batchid":batchid, "norek":norek, "nopin":nopin, "custname":custname, "pemohon":pemohon, "branchid":branchid, ... ])): Send request successfully

2022-03-29 22:00:57 - [MESSAGE][INFO] - HAR: I:\app-testing\app-project\Order car insurance\order-car-insurance\Reports\20220329_215823\3. Get feedback insurance - Batch 1\20220329_215824\requests\main\181.har

2022-03-29 22:00:57 - [MESSAGE][PASSED] - Send request successfully

2022-03-29 22:00:57 - [TEST_STEP][PASSED] - response_feedback = feedback.getResponseText(): null

2022-03-29 22:00:57 - [TEST_STEP][PASSED] - markPassed("result feedback data : " + no + " norek : " + norek + " nopin : " + nopin): result feedback data : 100 norek : 9486004940 nopin : 001

2022-03-29 22:00:57 - [MESSAGE][PASSED] - result feedback data : 100 norek : 9486004940 nopin : 001

2022-03-29 22:00:57 - [TEST_STEP][PASSED] - logInfo($response_feedback): {
  "FeedbackCarInsuranceResponse" : {
    "errorCode" : "00",
    "errorMessage" : "Sukses"
  }
}

2022-03-29 22:00:57 - [MESSAGE][INFO] - {
  "FeedbackCarInsuranceResponse" : {
    "errorCode" : "00",
    "errorMessage" : "Sukses"
  }
}

2022-03-29 22:00:57 - [TEST_STEP][PASSED] - verifyElementPropertyValue(feedback, "FeedbackCarInsuranceResponse.errorMessage", "Sukses", CONTINUE_ON_FAILURE): Verify element property value successfully

2022-03-29 22:00:57 - [MESSAGE][PASSED] - Verify element property value successfully]]></system-out>
         <system-err><![CDATA[]]></system-err>
      </testcase>
      <testcase name="Test Cases/3. get token - feedback insurance" time="1.151" classname="Test Cases/3. get token - feedback insurance" status="PASSED">
         <system-out><![CDATA[2022-03-29 22:00:58 - [TEST_CASE][PASSED] - Test Cases/3. get token - feedback insurance: Test Cases/3. get token - feedback insurance

2022-03-29 22:00:58 - [TEST_STEP][PASSED] - token = sendRequest(findTestObject("1. Get-Token")): Send request successfully

2022-03-29 22:00:58 - [MESSAGE][INFO] - HAR: I:\app-testing\app-project\Order car insurance\order-car-insurance\Reports\20220329_215823\3. Get feedback insurance - Batch 1\20220329_215824\requests\main\182.har

2022-03-29 22:00:58 - [MESSAGE][PASSED] - Send request successfully

2022-03-29 22:00:58 - [TEST_STEP][PASSED] - slurper = new groovy.json.JsonSlurper(): null

2022-03-29 22:00:58 - [TEST_STEP][PASSED] - get_token = slurper.parseText(token.getResponseBodyContent()): null

2022-03-29 22:00:58 - [TEST_STEP][PASSED] - private_token = access_token: null

2022-03-29 22:00:58 - [TEST_STEP][PASSED] - global_token = private_token: null

2022-03-29 22:00:58 - [TEST_STEP][PASSED] - println("token is :" + global_token): null

2022-03-29 22:00:58 - [TEST_STEP][PASSED] - response_token = token.getResponseText(): null

2022-03-29 22:00:58 - [TEST_STEP][PASSED] - logInfo($response_token): 
            {
                "token_type": "BearerToken",
                "access_token": "8ncWXsZubKgiAS5YQeHckeVCHA4h",
                "expires_in": "1799",
                "scope": ""
            }
        

2022-03-29 22:00:58 - [MESSAGE][INFO] - 
            {
                "token_type": "BearerToken",
                "access_token": "8ncWXsZubKgiAS5YQeHckeVCHA4h",
                "expires_in": "1799",
                "scope": ""
            }
        

2022-03-29 22:00:58 - [TEST_STEP][PASSED] - feedback = sendRequest(findTestObject("4. Feedback-ins", ["s_key":global_token, "batchid":batchid, "norek":norek, "nopin":nopin, "custname":custname, "pemohon":pemohon, "branchid":branchid, ... ])): Send request successfully

2022-03-29 22:00:59 - [MESSAGE][INFO] - HAR: I:\app-testing\app-project\Order car insurance\order-car-insurance\Reports\20220329_215823\3. Get feedback insurance - Batch 1\20220329_215824\requests\main\183.har

2022-03-29 22:00:59 - [MESSAGE][PASSED] - Send request successfully

2022-03-29 22:00:59 - [TEST_STEP][PASSED] - response_feedback = feedback.getResponseText(): null

2022-03-29 22:00:59 - [TEST_STEP][PASSED] - markPassed("result feedback data : " + no + " norek : " + norek + " nopin : " + nopin): result feedback data : 101 norek : 9486004940 nopin : 001

2022-03-29 22:00:59 - [MESSAGE][PASSED] - result feedback data : 101 norek : 9486004940 nopin : 001

2022-03-29 22:00:59 - [TEST_STEP][PASSED] - logInfo($response_feedback): {
  "FeedbackCarInsuranceResponse" : {
    "errorCode" : "00",
    "errorMessage" : "Sukses"
  }
}

2022-03-29 22:00:59 - [MESSAGE][INFO] - {
  "FeedbackCarInsuranceResponse" : {
    "errorCode" : "00",
    "errorMessage" : "Sukses"
  }
}

2022-03-29 22:00:59 - [TEST_STEP][PASSED] - verifyElementPropertyValue(feedback, "FeedbackCarInsuranceResponse.errorMessage", "Sukses", CONTINUE_ON_FAILURE): Verify element property value successfully

2022-03-29 22:00:59 - [MESSAGE][PASSED] - Verify element property value successfully]]></system-out>
         <system-err><![CDATA[]]></system-err>
      </testcase>
      <testcase name="Test Cases/3. get token - feedback insurance" time="0.994" classname="Test Cases/3. get token - feedback insurance" status="PASSED">
         <system-out><![CDATA[2022-03-29 22:00:59 - [TEST_CASE][PASSED] - Test Cases/3. get token - feedback insurance: Test Cases/3. get token - feedback insurance

2022-03-29 22:00:59 - [TEST_STEP][PASSED] - token = sendRequest(findTestObject("1. Get-Token")): Send request successfully

2022-03-29 22:01:00 - [MESSAGE][INFO] - HAR: I:\app-testing\app-project\Order car insurance\order-car-insurance\Reports\20220329_215823\3. Get feedback insurance - Batch 1\20220329_215824\requests\main\184.har

2022-03-29 22:01:00 - [MESSAGE][PASSED] - Send request successfully

2022-03-29 22:01:00 - [TEST_STEP][PASSED] - slurper = new groovy.json.JsonSlurper(): null

2022-03-29 22:01:00 - [TEST_STEP][PASSED] - get_token = slurper.parseText(token.getResponseBodyContent()): null

2022-03-29 22:01:00 - [TEST_STEP][PASSED] - private_token = access_token: null

2022-03-29 22:01:00 - [TEST_STEP][PASSED] - global_token = private_token: null

2022-03-29 22:01:00 - [TEST_STEP][PASSED] - println("token is :" + global_token): null

2022-03-29 22:01:00 - [TEST_STEP][PASSED] - response_token = token.getResponseText(): null

2022-03-29 22:01:00 - [TEST_STEP][PASSED] - logInfo($response_token): 
            {
                "token_type": "BearerToken",
                "access_token": "6qqVaoCMenQUJyxHxRH0HYL1cql1",
                "expires_in": "1799",
                "scope": ""
            }
        

2022-03-29 22:01:00 - [MESSAGE][INFO] - 
            {
                "token_type": "BearerToken",
                "access_token": "6qqVaoCMenQUJyxHxRH0HYL1cql1",
                "expires_in": "1799",
                "scope": ""
            }
        

2022-03-29 22:01:00 - [TEST_STEP][PASSED] - feedback = sendRequest(findTestObject("4. Feedback-ins", ["s_key":global_token, "batchid":batchid, "norek":norek, "nopin":nopin, "custname":custname, "pemohon":pemohon, "branchid":branchid, ... ])): Send request successfully

2022-03-29 22:01:00 - [MESSAGE][INFO] - HAR: I:\app-testing\app-project\Order car insurance\order-car-insurance\Reports\20220329_215823\3. Get feedback insurance - Batch 1\20220329_215824\requests\main\185.har

2022-03-29 22:01:00 - [MESSAGE][PASSED] - Send request successfully

2022-03-29 22:01:00 - [TEST_STEP][PASSED] - response_feedback = feedback.getResponseText(): null

2022-03-29 22:01:00 - [TEST_STEP][PASSED] - markPassed("result feedback data : " + no + " norek : " + norek + " nopin : " + nopin): result feedback data : 102 norek : 9486004947 nopin : 001

2022-03-29 22:01:00 - [MESSAGE][PASSED] - result feedback data : 102 norek : 9486004947 nopin : 001

2022-03-29 22:01:00 - [TEST_STEP][PASSED] - logInfo($response_feedback): {
  "FeedbackCarInsuranceResponse" : {
    "errorCode" : "00",
    "errorMessage" : "Sukses"
  }
}

2022-03-29 22:01:00 - [MESSAGE][INFO] - {
  "FeedbackCarInsuranceResponse" : {
    "errorCode" : "00",
    "errorMessage" : "Sukses"
  }
}

2022-03-29 22:01:00 - [TEST_STEP][PASSED] - verifyElementPropertyValue(feedback, "FeedbackCarInsuranceResponse.errorMessage", "Sukses", CONTINUE_ON_FAILURE): Verify element property value successfully

2022-03-29 22:01:00 - [MESSAGE][PASSED] - Verify element property value successfully]]></system-out>
         <system-err><![CDATA[]]></system-err>
      </testcase>
      <testcase name="Test Cases/3. get token - feedback insurance" time="1.179" classname="Test Cases/3. get token - feedback insurance" status="PASSED">
         <system-out><![CDATA[2022-03-29 22:01:01 - [TEST_CASE][PASSED] - Test Cases/3. get token - feedback insurance: Test Cases/3. get token - feedback insurance

2022-03-29 22:01:01 - [TEST_STEP][PASSED] - token = sendRequest(findTestObject("1. Get-Token")): Send request successfully

2022-03-29 22:01:01 - [MESSAGE][INFO] - HAR: I:\app-testing\app-project\Order car insurance\order-car-insurance\Reports\20220329_215823\3. Get feedback insurance - Batch 1\20220329_215824\requests\main\186.har

2022-03-29 22:01:01 - [MESSAGE][PASSED] - Send request successfully

2022-03-29 22:01:01 - [TEST_STEP][PASSED] - slurper = new groovy.json.JsonSlurper(): null

2022-03-29 22:01:01 - [TEST_STEP][PASSED] - get_token = slurper.parseText(token.getResponseBodyContent()): null

2022-03-29 22:01:01 - [TEST_STEP][PASSED] - private_token = access_token: null

2022-03-29 22:01:01 - [TEST_STEP][PASSED] - global_token = private_token: null

2022-03-29 22:01:01 - [TEST_STEP][PASSED] - println("token is :" + global_token): null

2022-03-29 22:01:01 - [TEST_STEP][PASSED] - response_token = token.getResponseText(): null

2022-03-29 22:01:01 - [TEST_STEP][PASSED] - logInfo($response_token): 
            {
                "token_type": "BearerToken",
                "access_token": "i53Z06vXKYmGSRt1DFtVOXLujAQU",
                "expires_in": "1799",
                "scope": ""
            }
        

2022-03-29 22:01:01 - [MESSAGE][INFO] - 
            {
                "token_type": "BearerToken",
                "access_token": "i53Z06vXKYmGSRt1DFtVOXLujAQU",
                "expires_in": "1799",
                "scope": ""
            }
        

2022-03-29 22:01:01 - [TEST_STEP][PASSED] - feedback = sendRequest(findTestObject("4. Feedback-ins", ["s_key":global_token, "batchid":batchid, "norek":norek, "nopin":nopin, "custname":custname, "pemohon":pemohon, "branchid":branchid, ... ])): Send request successfully

2022-03-29 22:01:02 - [MESSAGE][INFO] - HAR: I:\app-testing\app-project\Order car insurance\order-car-insurance\Reports\20220329_215823\3. Get feedback insurance - Batch 1\20220329_215824\requests\main\187.har

2022-03-29 22:01:02 - [MESSAGE][PASSED] - Send request successfully

2022-03-29 22:01:02 - [TEST_STEP][PASSED] - response_feedback = feedback.getResponseText(): null

2022-03-29 22:01:02 - [TEST_STEP][PASSED] - markPassed("result feedback data : " + no + " norek : " + norek + " nopin : " + nopin): result feedback data : 103 norek : 9486004949 nopin : 001

2022-03-29 22:01:02 - [MESSAGE][PASSED] - result feedback data : 103 norek : 9486004949 nopin : 001

2022-03-29 22:01:02 - [TEST_STEP][PASSED] - logInfo($response_feedback): {
  "FeedbackCarInsuranceResponse" : {
    "errorCode" : "00",
    "errorMessage" : "Sukses"
  }
}

2022-03-29 22:01:02 - [MESSAGE][INFO] - {
  "FeedbackCarInsuranceResponse" : {
    "errorCode" : "00",
    "errorMessage" : "Sukses"
  }
}

2022-03-29 22:01:02 - [TEST_STEP][PASSED] - verifyElementPropertyValue(feedback, "FeedbackCarInsuranceResponse.errorMessage", "Sukses", CONTINUE_ON_FAILURE): Verify element property value successfully

2022-03-29 22:01:02 - [MESSAGE][PASSED] - Verify element property value successfully]]></system-out>
         <system-err><![CDATA[]]></system-err>
      </testcase>
      <testcase name="Test Cases/3. get token - feedback insurance" time="1.057" classname="Test Cases/3. get token - feedback insurance" status="PASSED">
         <system-out><![CDATA[2022-03-29 22:01:02 - [TEST_CASE][PASSED] - Test Cases/3. get token - feedback insurance: Test Cases/3. get token - feedback insurance

2022-03-29 22:01:02 - [TEST_STEP][PASSED] - token = sendRequest(findTestObject("1. Get-Token")): Send request successfully

2022-03-29 22:01:03 - [MESSAGE][INFO] - HAR: I:\app-testing\app-project\Order car insurance\order-car-insurance\Reports\20220329_215823\3. Get feedback insurance - Batch 1\20220329_215824\requests\main\188.har

2022-03-29 22:01:03 - [MESSAGE][PASSED] - Send request successfully

2022-03-29 22:01:03 - [TEST_STEP][PASSED] - slurper = new groovy.json.JsonSlurper(): null

2022-03-29 22:01:03 - [TEST_STEP][PASSED] - get_token = slurper.parseText(token.getResponseBodyContent()): null

2022-03-29 22:01:03 - [TEST_STEP][PASSED] - private_token = access_token: null

2022-03-29 22:01:03 - [TEST_STEP][PASSED] - global_token = private_token: null

2022-03-29 22:01:03 - [TEST_STEP][PASSED] - println("token is :" + global_token): null

2022-03-29 22:01:03 - [TEST_STEP][PASSED] - response_token = token.getResponseText(): null

2022-03-29 22:01:03 - [TEST_STEP][PASSED] - logInfo($response_token): 
            {
                "token_type": "BearerToken",
                "access_token": "5VSDuAHszkNbuAoFH9dLWlQ0C8Ak",
                "expires_in": "1799",
                "scope": ""
            }
        

2022-03-29 22:01:03 - [MESSAGE][INFO] - 
            {
                "token_type": "BearerToken",
                "access_token": "5VSDuAHszkNbuAoFH9dLWlQ0C8Ak",
                "expires_in": "1799",
                "scope": ""
            }
        

2022-03-29 22:01:03 - [TEST_STEP][PASSED] - feedback = sendRequest(findTestObject("4. Feedback-ins", ["s_key":global_token, "batchid":batchid, "norek":norek, "nopin":nopin, "custname":custname, "pemohon":pemohon, "branchid":branchid, ... ])): Send request successfully

2022-03-29 22:01:03 - [MESSAGE][INFO] - HAR: I:\app-testing\app-project\Order car insurance\order-car-insurance\Reports\20220329_215823\3. Get feedback insurance - Batch 1\20220329_215824\requests\main\189.har

2022-03-29 22:01:03 - [MESSAGE][PASSED] - Send request successfully

2022-03-29 22:01:03 - [TEST_STEP][PASSED] - response_feedback = feedback.getResponseText(): null

2022-03-29 22:01:03 - [TEST_STEP][PASSED] - markPassed("result feedback data : " + no + " norek : " + norek + " nopin : " + nopin): result feedback data : 104 norek : 9486004949 nopin : 001

2022-03-29 22:01:03 - [MESSAGE][PASSED] - result feedback data : 104 norek : 9486004949 nopin : 001

2022-03-29 22:01:03 - [TEST_STEP][PASSED] - logInfo($response_feedback): {
  "FeedbackCarInsuranceResponse" : {
    "errorCode" : "00",
    "errorMessage" : "Sukses"
  }
}

2022-03-29 22:01:03 - [MESSAGE][INFO] - {
  "FeedbackCarInsuranceResponse" : {
    "errorCode" : "00",
    "errorMessage" : "Sukses"
  }
}

2022-03-29 22:01:03 - [TEST_STEP][PASSED] - verifyElementPropertyValue(feedback, "FeedbackCarInsuranceResponse.errorMessage", "Sukses", CONTINUE_ON_FAILURE): Verify element property value successfully

2022-03-29 22:01:03 - [MESSAGE][PASSED] - Verify element property value successfully]]></system-out>
         <system-err><![CDATA[]]></system-err>
      </testcase>
      <testcase name="Test Cases/3. get token - feedback insurance" time="1.186" classname="Test Cases/3. get token - feedback insurance" status="PASSED">
         <system-out><![CDATA[2022-03-29 22:01:04 - [TEST_CASE][PASSED] - Test Cases/3. get token - feedback insurance: Test Cases/3. get token - feedback insurance

2022-03-29 22:01:04 - [TEST_STEP][PASSED] - token = sendRequest(findTestObject("1. Get-Token")): Send request successfully

2022-03-29 22:01:04 - [MESSAGE][INFO] - HAR: I:\app-testing\app-project\Order car insurance\order-car-insurance\Reports\20220329_215823\3. Get feedback insurance - Batch 1\20220329_215824\requests\main\190.har

2022-03-29 22:01:04 - [MESSAGE][PASSED] - Send request successfully

2022-03-29 22:01:04 - [TEST_STEP][PASSED] - slurper = new groovy.json.JsonSlurper(): null

2022-03-29 22:01:04 - [TEST_STEP][PASSED] - get_token = slurper.parseText(token.getResponseBodyContent()): null

2022-03-29 22:01:04 - [TEST_STEP][PASSED] - private_token = access_token: null

2022-03-29 22:01:04 - [TEST_STEP][PASSED] - global_token = private_token: null

2022-03-29 22:01:04 - [TEST_STEP][PASSED] - println("token is :" + global_token): null

2022-03-29 22:01:04 - [TEST_STEP][PASSED] - response_token = token.getResponseText(): null

2022-03-29 22:01:04 - [TEST_STEP][PASSED] - logInfo($response_token): 
            {
                "token_type": "BearerToken",
                "access_token": "eGdgaxinROLDArdSMGJkuwoBydon",
                "expires_in": "1799",
                "scope": ""
            }
        

2022-03-29 22:01:04 - [MESSAGE][INFO] - 
            {
                "token_type": "BearerToken",
                "access_token": "eGdgaxinROLDArdSMGJkuwoBydon",
                "expires_in": "1799",
                "scope": ""
            }
        

2022-03-29 22:01:04 - [TEST_STEP][PASSED] - feedback = sendRequest(findTestObject("4. Feedback-ins", ["s_key":global_token, "batchid":batchid, "norek":norek, "nopin":nopin, "custname":custname, "pemohon":pemohon, "branchid":branchid, ... ])): Send request successfully

2022-03-29 22:01:05 - [MESSAGE][INFO] - HAR: I:\app-testing\app-project\Order car insurance\order-car-insurance\Reports\20220329_215823\3. Get feedback insurance - Batch 1\20220329_215824\requests\main\191.har

2022-03-29 22:01:05 - [MESSAGE][PASSED] - Send request successfully

2022-03-29 22:01:05 - [TEST_STEP][PASSED] - response_feedback = feedback.getResponseText(): null

2022-03-29 22:01:05 - [TEST_STEP][PASSED] - markPassed("result feedback data : " + no + " norek : " + norek + " nopin : " + nopin): result feedback data : 105 norek : 9490013445 nopin : 001

2022-03-29 22:01:05 - [MESSAGE][PASSED] - result feedback data : 105 norek : 9490013445 nopin : 001

2022-03-29 22:01:05 - [TEST_STEP][PASSED] - logInfo($response_feedback): {
  "FeedbackCarInsuranceResponse" : {
    "errorCode" : "00",
    "errorMessage" : "Sukses"
  }
}

2022-03-29 22:01:05 - [MESSAGE][INFO] - {
  "FeedbackCarInsuranceResponse" : {
    "errorCode" : "00",
    "errorMessage" : "Sukses"
  }
}

2022-03-29 22:01:05 - [TEST_STEP][PASSED] - verifyElementPropertyValue(feedback, "FeedbackCarInsuranceResponse.errorMessage", "Sukses", CONTINUE_ON_FAILURE): Verify element property value successfully

2022-03-29 22:01:05 - [MESSAGE][PASSED] - Verify element property value successfully]]></system-out>
         <system-err><![CDATA[]]></system-err>
      </testcase>
      <testcase name="Test Cases/3. get token - feedback insurance" time="1.169" classname="Test Cases/3. get token - feedback insurance" status="PASSED">
         <system-out><![CDATA[2022-03-29 22:01:05 - [TEST_CASE][PASSED] - Test Cases/3. get token - feedback insurance: Test Cases/3. get token - feedback insurance

2022-03-29 22:01:05 - [TEST_STEP][PASSED] - token = sendRequest(findTestObject("1. Get-Token")): Send request successfully

2022-03-29 22:01:06 - [MESSAGE][INFO] - HAR: I:\app-testing\app-project\Order car insurance\order-car-insurance\Reports\20220329_215823\3. Get feedback insurance - Batch 1\20220329_215824\requests\main\192.har

2022-03-29 22:01:06 - [MESSAGE][PASSED] - Send request successfully

2022-03-29 22:01:06 - [TEST_STEP][PASSED] - slurper = new groovy.json.JsonSlurper(): null

2022-03-29 22:01:06 - [TEST_STEP][PASSED] - get_token = slurper.parseText(token.getResponseBodyContent()): null

2022-03-29 22:01:06 - [TEST_STEP][PASSED] - private_token = access_token: null

2022-03-29 22:01:06 - [TEST_STEP][PASSED] - global_token = private_token: null

2022-03-29 22:01:06 - [TEST_STEP][PASSED] - println("token is :" + global_token): null

2022-03-29 22:01:06 - [TEST_STEP][PASSED] - response_token = token.getResponseText(): null

2022-03-29 22:01:06 - [TEST_STEP][PASSED] - logInfo($response_token): 
            {
                "token_type": "BearerToken",
                "access_token": "uXrNGo5YMA5biP9yDz3tynfNAJo1",
                "expires_in": "1799",
                "scope": ""
            }
        

2022-03-29 22:01:06 - [MESSAGE][INFO] - 
            {
                "token_type": "BearerToken",
                "access_token": "uXrNGo5YMA5biP9yDz3tynfNAJo1",
                "expires_in": "1799",
                "scope": ""
            }
        

2022-03-29 22:01:06 - [TEST_STEP][PASSED] - feedback = sendRequest(findTestObject("4. Feedback-ins", ["s_key":global_token, "batchid":batchid, "norek":norek, "nopin":nopin, "custname":custname, "pemohon":pemohon, "branchid":branchid, ... ])): Send request successfully

2022-03-29 22:01:07 - [MESSAGE][INFO] - HAR: I:\app-testing\app-project\Order car insurance\order-car-insurance\Reports\20220329_215823\3. Get feedback insurance - Batch 1\20220329_215824\requests\main\193.har

2022-03-29 22:01:07 - [MESSAGE][PASSED] - Send request successfully

2022-03-29 22:01:07 - [TEST_STEP][PASSED] - response_feedback = feedback.getResponseText(): null

2022-03-29 22:01:07 - [TEST_STEP][PASSED] - markPassed("result feedback data : " + no + " norek : " + norek + " nopin : " + nopin): result feedback data : 106 norek : 9490013445 nopin : 001

2022-03-29 22:01:07 - [MESSAGE][PASSED] - result feedback data : 106 norek : 9490013445 nopin : 001

2022-03-29 22:01:07 - [TEST_STEP][PASSED] - logInfo($response_feedback): {
  "FeedbackCarInsuranceResponse" : {
    "errorCode" : "00",
    "errorMessage" : "Sukses"
  }
}

2022-03-29 22:01:07 - [MESSAGE][INFO] - {
  "FeedbackCarInsuranceResponse" : {
    "errorCode" : "00",
    "errorMessage" : "Sukses"
  }
}

2022-03-29 22:01:07 - [TEST_STEP][PASSED] - verifyElementPropertyValue(feedback, "FeedbackCarInsuranceResponse.errorMessage", "Sukses", CONTINUE_ON_FAILURE): Verify element property value successfully

2022-03-29 22:01:07 - [MESSAGE][PASSED] - Verify element property value successfully]]></system-out>
         <system-err><![CDATA[]]></system-err>
      </testcase>
      <testcase name="Test Cases/3. get token - feedback insurance" time="0.898" classname="Test Cases/3. get token - feedback insurance" status="PASSED">
         <system-out><![CDATA[2022-03-29 22:01:07 - [TEST_CASE][PASSED] - Test Cases/3. get token - feedback insurance: Test Cases/3. get token - feedback insurance

2022-03-29 22:01:07 - [TEST_STEP][PASSED] - token = sendRequest(findTestObject("1. Get-Token")): Send request successfully

2022-03-29 22:01:07 - [MESSAGE][INFO] - HAR: I:\app-testing\app-project\Order car insurance\order-car-insurance\Reports\20220329_215823\3. Get feedback insurance - Batch 1\20220329_215824\requests\main\194.har

2022-03-29 22:01:07 - [MESSAGE][PASSED] - Send request successfully

2022-03-29 22:01:07 - [TEST_STEP][PASSED] - slurper = new groovy.json.JsonSlurper(): null

2022-03-29 22:01:07 - [TEST_STEP][PASSED] - get_token = slurper.parseText(token.getResponseBodyContent()): null

2022-03-29 22:01:07 - [TEST_STEP][PASSED] - private_token = access_token: null

2022-03-29 22:01:07 - [TEST_STEP][PASSED] - global_token = private_token: null

2022-03-29 22:01:07 - [TEST_STEP][PASSED] - println("token is :" + global_token): null

2022-03-29 22:01:07 - [TEST_STEP][PASSED] - response_token = token.getResponseText(): null

2022-03-29 22:01:07 - [TEST_STEP][PASSED] - logInfo($response_token): 
            {
                "token_type": "BearerToken",
                "access_token": "hGkcdn5k89lmCp5ZrsRAAaxDevzI",
                "expires_in": "1799",
                "scope": ""
            }
        

2022-03-29 22:01:07 - [MESSAGE][INFO] - 
            {
                "token_type": "BearerToken",
                "access_token": "hGkcdn5k89lmCp5ZrsRAAaxDevzI",
                "expires_in": "1799",
                "scope": ""
            }
        

2022-03-29 22:01:07 - [TEST_STEP][PASSED] - feedback = sendRequest(findTestObject("4. Feedback-ins", ["s_key":global_token, "batchid":batchid, "norek":norek, "nopin":nopin, "custname":custname, "pemohon":pemohon, "branchid":branchid, ... ])): Send request successfully

2022-03-29 22:01:08 - [MESSAGE][INFO] - HAR: I:\app-testing\app-project\Order car insurance\order-car-insurance\Reports\20220329_215823\3. Get feedback insurance - Batch 1\20220329_215824\requests\main\195.har

2022-03-29 22:01:08 - [MESSAGE][PASSED] - Send request successfully

2022-03-29 22:01:08 - [TEST_STEP][PASSED] - response_feedback = feedback.getResponseText(): null

2022-03-29 22:01:08 - [TEST_STEP][PASSED] - markPassed("result feedback data : " + no + " norek : " + norek + " nopin : " + nopin): result feedback data : 107 norek : 9490013445 nopin : 001

2022-03-29 22:01:08 - [MESSAGE][PASSED] - result feedback data : 107 norek : 9490013445 nopin : 001

2022-03-29 22:01:08 - [TEST_STEP][PASSED] - logInfo($response_feedback): {
  "FeedbackCarInsuranceResponse" : {
    "errorCode" : "00",
    "errorMessage" : "Sukses"
  }
}

2022-03-29 22:01:08 - [MESSAGE][INFO] - {
  "FeedbackCarInsuranceResponse" : {
    "errorCode" : "00",
    "errorMessage" : "Sukses"
  }
}

2022-03-29 22:01:08 - [TEST_STEP][PASSED] - verifyElementPropertyValue(feedback, "FeedbackCarInsuranceResponse.errorMessage", "Sukses", CONTINUE_ON_FAILURE): Verify element property value successfully

2022-03-29 22:01:08 - [MESSAGE][PASSED] - Verify element property value successfully]]></system-out>
         <system-err><![CDATA[]]></system-err>
      </testcase>
      <testcase name="Test Cases/3. get token - feedback insurance" time="0.938" classname="Test Cases/3. get token - feedback insurance" status="PASSED">
         <system-out><![CDATA[2022-03-29 22:01:08 - [TEST_CASE][PASSED] - Test Cases/3. get token - feedback insurance: Test Cases/3. get token - feedback insurance

2022-03-29 22:01:08 - [TEST_STEP][PASSED] - token = sendRequest(findTestObject("1. Get-Token")): Send request successfully

2022-03-29 22:01:08 - [MESSAGE][INFO] - HAR: I:\app-testing\app-project\Order car insurance\order-car-insurance\Reports\20220329_215823\3. Get feedback insurance - Batch 1\20220329_215824\requests\main\196.har

2022-03-29 22:01:09 - [MESSAGE][PASSED] - Send request successfully

2022-03-29 22:01:09 - [TEST_STEP][PASSED] - slurper = new groovy.json.JsonSlurper(): null

2022-03-29 22:01:09 - [TEST_STEP][PASSED] - get_token = slurper.parseText(token.getResponseBodyContent()): null

2022-03-29 22:01:09 - [TEST_STEP][PASSED] - private_token = access_token: null

2022-03-29 22:01:09 - [TEST_STEP][PASSED] - global_token = private_token: null

2022-03-29 22:01:09 - [TEST_STEP][PASSED] - println("token is :" + global_token): null

2022-03-29 22:01:09 - [TEST_STEP][PASSED] - response_token = token.getResponseText(): null

2022-03-29 22:01:09 - [TEST_STEP][PASSED] - logInfo($response_token): 
            {
                "token_type": "BearerToken",
                "access_token": "T9GwWYivD0g1zKCnnGkiD8aWpkmO",
                "expires_in": "1799",
                "scope": ""
            }
        

2022-03-29 22:01:09 - [MESSAGE][INFO] - 
            {
                "token_type": "BearerToken",
                "access_token": "T9GwWYivD0g1zKCnnGkiD8aWpkmO",
                "expires_in": "1799",
                "scope": ""
            }
        

2022-03-29 22:01:09 - [TEST_STEP][PASSED] - feedback = sendRequest(findTestObject("4. Feedback-ins", ["s_key":global_token, "batchid":batchid, "norek":norek, "nopin":nopin, "custname":custname, "pemohon":pemohon, "branchid":branchid, ... ])): Send request successfully

2022-03-29 22:01:09 - [MESSAGE][INFO] - HAR: I:\app-testing\app-project\Order car insurance\order-car-insurance\Reports\20220329_215823\3. Get feedback insurance - Batch 1\20220329_215824\requests\main\197.har

2022-03-29 22:01:09 - [MESSAGE][PASSED] - Send request successfully

2022-03-29 22:01:09 - [TEST_STEP][PASSED] - response_feedback = feedback.getResponseText(): null

2022-03-29 22:01:09 - [TEST_STEP][PASSED] - markPassed("result feedback data : " + no + " norek : " + norek + " nopin : " + nopin): result feedback data : 108 norek : 9490013445 nopin : 001

2022-03-29 22:01:09 - [MESSAGE][PASSED] - result feedback data : 108 norek : 9490013445 nopin : 001

2022-03-29 22:01:09 - [TEST_STEP][PASSED] - logInfo($response_feedback): {
  "FeedbackCarInsuranceResponse" : {
    "errorCode" : "00",
    "errorMessage" : "Sukses"
  }
}

2022-03-29 22:01:09 - [MESSAGE][INFO] - {
  "FeedbackCarInsuranceResponse" : {
    "errorCode" : "00",
    "errorMessage" : "Sukses"
  }
}

2022-03-29 22:01:09 - [TEST_STEP][PASSED] - verifyElementPropertyValue(feedback, "FeedbackCarInsuranceResponse.errorMessage", "Sukses", CONTINUE_ON_FAILURE): Verify element property value successfully

2022-03-29 22:01:09 - [MESSAGE][PASSED] - Verify element property value successfully]]></system-out>
         <system-err><![CDATA[]]></system-err>
      </testcase>
      <testcase name="Test Cases/3. get token - feedback insurance" time="1.08" classname="Test Cases/3. get token - feedback insurance" status="PASSED">
         <system-out><![CDATA[2022-03-29 22:01:10 - [TEST_CASE][PASSED] - Test Cases/3. get token - feedback insurance: Test Cases/3. get token - feedback insurance

2022-03-29 22:01:10 - [TEST_STEP][PASSED] - token = sendRequest(findTestObject("1. Get-Token")): Send request successfully

2022-03-29 22:01:10 - [MESSAGE][INFO] - HAR: I:\app-testing\app-project\Order car insurance\order-car-insurance\Reports\20220329_215823\3. Get feedback insurance - Batch 1\20220329_215824\requests\main\198.har

2022-03-29 22:01:10 - [MESSAGE][PASSED] - Send request successfully

2022-03-29 22:01:10 - [TEST_STEP][PASSED] - slurper = new groovy.json.JsonSlurper(): null

2022-03-29 22:01:10 - [TEST_STEP][PASSED] - get_token = slurper.parseText(token.getResponseBodyContent()): null

2022-03-29 22:01:10 - [TEST_STEP][PASSED] - private_token = access_token: null

2022-03-29 22:01:10 - [TEST_STEP][PASSED] - global_token = private_token: null

2022-03-29 22:01:10 - [TEST_STEP][PASSED] - println("token is :" + global_token): null

2022-03-29 22:01:10 - [TEST_STEP][PASSED] - response_token = token.getResponseText(): null

2022-03-29 22:01:10 - [TEST_STEP][PASSED] - logInfo($response_token): 
            {
                "token_type": "BearerToken",
                "access_token": "gXuLvAGTGWWGzZXOJh7G5XKalazc",
                "expires_in": "1799",
                "scope": ""
            }
        

2022-03-29 22:01:10 - [MESSAGE][INFO] - 
            {
                "token_type": "BearerToken",
                "access_token": "gXuLvAGTGWWGzZXOJh7G5XKalazc",
                "expires_in": "1799",
                "scope": ""
            }
        

2022-03-29 22:01:10 - [TEST_STEP][PASSED] - feedback = sendRequest(findTestObject("4. Feedback-ins", ["s_key":global_token, "batchid":batchid, "norek":norek, "nopin":nopin, "custname":custname, "pemohon":pemohon, "branchid":branchid, ... ])): Send request successfully

2022-03-29 22:01:11 - [MESSAGE][INFO] - HAR: I:\app-testing\app-project\Order car insurance\order-car-insurance\Reports\20220329_215823\3. Get feedback insurance - Batch 1\20220329_215824\requests\main\199.har

2022-03-29 22:01:11 - [MESSAGE][PASSED] - Send request successfully

2022-03-29 22:01:11 - [TEST_STEP][PASSED] - response_feedback = feedback.getResponseText(): null

2022-03-29 22:01:11 - [TEST_STEP][PASSED] - markPassed("result feedback data : " + no + " norek : " + norek + " nopin : " + nopin): result feedback data : 109 norek : 9490013483 nopin : 001

2022-03-29 22:01:11 - [MESSAGE][PASSED] - result feedback data : 109 norek : 9490013483 nopin : 001

2022-03-29 22:01:11 - [TEST_STEP][PASSED] - logInfo($response_feedback): {
  "FeedbackCarInsuranceResponse" : {
    "errorCode" : "00",
    "errorMessage" : "Sukses"
  }
}

2022-03-29 22:01:11 - [MESSAGE][INFO] - {
  "FeedbackCarInsuranceResponse" : {
    "errorCode" : "00",
    "errorMessage" : "Sukses"
  }
}

2022-03-29 22:01:11 - [TEST_STEP][PASSED] - verifyElementPropertyValue(feedback, "FeedbackCarInsuranceResponse.errorMessage", "Sukses", CONTINUE_ON_FAILURE): Verify element property value successfully

2022-03-29 22:01:11 - [MESSAGE][PASSED] - Verify element property value successfully]]></system-out>
         <system-err><![CDATA[]]></system-err>
      </testcase>
      <testcase name="Test Cases/3. get token - feedback insurance" time="0.989" classname="Test Cases/3. get token - feedback insurance" status="PASSED">
         <system-out><![CDATA[2022-03-29 22:01:11 - [TEST_CASE][PASSED] - Test Cases/3. get token - feedback insurance: Test Cases/3. get token - feedback insurance

2022-03-29 22:01:11 - [TEST_STEP][PASSED] - token = sendRequest(findTestObject("1. Get-Token")): Send request successfully

2022-03-29 22:01:11 - [MESSAGE][INFO] - HAR: I:\app-testing\app-project\Order car insurance\order-car-insurance\Reports\20220329_215823\3. Get feedback insurance - Batch 1\20220329_215824\requests\main\200.har

2022-03-29 22:01:11 - [MESSAGE][PASSED] - Send request successfully

2022-03-29 22:01:11 - [TEST_STEP][PASSED] - slurper = new groovy.json.JsonSlurper(): null

2022-03-29 22:01:11 - [TEST_STEP][PASSED] - get_token = slurper.parseText(token.getResponseBodyContent()): null

2022-03-29 22:01:11 - [TEST_STEP][PASSED] - private_token = access_token: null

2022-03-29 22:01:11 - [TEST_STEP][PASSED] - global_token = private_token: null

2022-03-29 22:01:11 - [TEST_STEP][PASSED] - println("token is :" + global_token): null

2022-03-29 22:01:11 - [TEST_STEP][PASSED] - response_token = token.getResponseText(): null

2022-03-29 22:01:11 - [TEST_STEP][PASSED] - logInfo($response_token): 
            {
                "token_type": "BearerToken",
                "access_token": "c9EQbg93I70fWqDr3HOVKQ3mxhkG",
                "expires_in": "1799",
                "scope": ""
            }
        

2022-03-29 22:01:11 - [MESSAGE][INFO] - 
            {
                "token_type": "BearerToken",
                "access_token": "c9EQbg93I70fWqDr3HOVKQ3mxhkG",
                "expires_in": "1799",
                "scope": ""
            }
        

2022-03-29 22:01:11 - [TEST_STEP][PASSED] - feedback = sendRequest(findTestObject("4. Feedback-ins", ["s_key":global_token, "batchid":batchid, "norek":norek, "nopin":nopin, "custname":custname, "pemohon":pemohon, "branchid":branchid, ... ])): Send request successfully

2022-03-29 22:01:12 - [MESSAGE][INFO] - HAR: I:\app-testing\app-project\Order car insurance\order-car-insurance\Reports\20220329_215823\3. Get feedback insurance - Batch 1\20220329_215824\requests\main\201.har

2022-03-29 22:01:12 - [MESSAGE][PASSED] - Send request successfully

2022-03-29 22:01:12 - [TEST_STEP][PASSED] - response_feedback = feedback.getResponseText(): null

2022-03-29 22:01:12 - [TEST_STEP][PASSED] - markPassed("result feedback data : " + no + " norek : " + norek + " nopin : " + nopin): result feedback data : 110 norek : 9490013483 nopin : 001

2022-03-29 22:01:12 - [MESSAGE][PASSED] - result feedback data : 110 norek : 9490013483 nopin : 001

2022-03-29 22:01:12 - [TEST_STEP][PASSED] - logInfo($response_feedback): {
  "FeedbackCarInsuranceResponse" : {
    "errorCode" : "00",
    "errorMessage" : "Sukses"
  }
}

2022-03-29 22:01:12 - [MESSAGE][INFO] - {
  "FeedbackCarInsuranceResponse" : {
    "errorCode" : "00",
    "errorMessage" : "Sukses"
  }
}

2022-03-29 22:01:12 - [TEST_STEP][PASSED] - verifyElementPropertyValue(feedback, "FeedbackCarInsuranceResponse.errorMessage", "Sukses", CONTINUE_ON_FAILURE): Verify element property value successfully

2022-03-29 22:01:12 - [MESSAGE][PASSED] - Verify element property value successfully]]></system-out>
         <system-err><![CDATA[]]></system-err>
      </testcase>
      <testcase name="Test Cases/3. get token - feedback insurance" time="1.019" classname="Test Cases/3. get token - feedback insurance" status="PASSED">
         <system-out><![CDATA[2022-03-29 22:01:13 - [TEST_CASE][PASSED] - Test Cases/3. get token - feedback insurance: Test Cases/3. get token - feedback insurance

2022-03-29 22:01:13 - [TEST_STEP][PASSED] - token = sendRequest(findTestObject("1. Get-Token")): Send request successfully

2022-03-29 22:01:13 - [MESSAGE][INFO] - HAR: I:\app-testing\app-project\Order car insurance\order-car-insurance\Reports\20220329_215823\3. Get feedback insurance - Batch 1\20220329_215824\requests\main\202.har

2022-03-29 22:01:13 - [MESSAGE][PASSED] - Send request successfully

2022-03-29 22:01:13 - [TEST_STEP][PASSED] - slurper = new groovy.json.JsonSlurper(): null

2022-03-29 22:01:13 - [TEST_STEP][PASSED] - get_token = slurper.parseText(token.getResponseBodyContent()): null

2022-03-29 22:01:13 - [TEST_STEP][PASSED] - private_token = access_token: null

2022-03-29 22:01:13 - [TEST_STEP][PASSED] - global_token = private_token: null

2022-03-29 22:01:13 - [TEST_STEP][PASSED] - println("token is :" + global_token): null

2022-03-29 22:01:13 - [TEST_STEP][PASSED] - response_token = token.getResponseText(): null

2022-03-29 22:01:13 - [TEST_STEP][PASSED] - logInfo($response_token): 
            {
                "token_type": "BearerToken",
                "access_token": "M41TCCmZJQaxMfVIrm8nmF1hp0Uu",
                "expires_in": "1799",
                "scope": ""
            }
        

2022-03-29 22:01:13 - [MESSAGE][INFO] - 
            {
                "token_type": "BearerToken",
                "access_token": "M41TCCmZJQaxMfVIrm8nmF1hp0Uu",
                "expires_in": "1799",
                "scope": ""
            }
        

2022-03-29 22:01:13 - [TEST_STEP][PASSED] - feedback = sendRequest(findTestObject("4. Feedback-ins", ["s_key":global_token, "batchid":batchid, "norek":norek, "nopin":nopin, "custname":custname, "pemohon":pemohon, "branchid":branchid, ... ])): Send request successfully

2022-03-29 22:01:14 - [MESSAGE][INFO] - HAR: I:\app-testing\app-project\Order car insurance\order-car-insurance\Reports\20220329_215823\3. Get feedback insurance - Batch 1\20220329_215824\requests\main\203.har

2022-03-29 22:01:14 - [MESSAGE][PASSED] - Send request successfully

2022-03-29 22:01:14 - [TEST_STEP][PASSED] - response_feedback = feedback.getResponseText(): null

2022-03-29 22:01:14 - [TEST_STEP][PASSED] - markPassed("result feedback data : " + no + " norek : " + norek + " nopin : " + nopin): result feedback data : 111 norek : 9490013483 nopin : 001

2022-03-29 22:01:14 - [MESSAGE][PASSED] - result feedback data : 111 norek : 9490013483 nopin : 001

2022-03-29 22:01:14 - [TEST_STEP][PASSED] - logInfo($response_feedback): {
  "FeedbackCarInsuranceResponse" : {
    "errorCode" : "00",
    "errorMessage" : "Sukses"
  }
}

2022-03-29 22:01:14 - [MESSAGE][INFO] - {
  "FeedbackCarInsuranceResponse" : {
    "errorCode" : "00",
    "errorMessage" : "Sukses"
  }
}

2022-03-29 22:01:14 - [TEST_STEP][PASSED] - verifyElementPropertyValue(feedback, "FeedbackCarInsuranceResponse.errorMessage", "Sukses", CONTINUE_ON_FAILURE): Verify element property value successfully

2022-03-29 22:01:14 - [MESSAGE][PASSED] - Verify element property value successfully]]></system-out>
         <system-err><![CDATA[]]></system-err>
      </testcase>
      <testcase name="Test Cases/3. get token - feedback insurance" time="1.129" classname="Test Cases/3. get token - feedback insurance" status="PASSED">
         <system-out><![CDATA[2022-03-29 22:01:14 - [TEST_CASE][PASSED] - Test Cases/3. get token - feedback insurance: Test Cases/3. get token - feedback insurance

2022-03-29 22:01:14 - [TEST_STEP][PASSED] - token = sendRequest(findTestObject("1. Get-Token")): Send request successfully

2022-03-29 22:01:14 - [MESSAGE][INFO] - HAR: I:\app-testing\app-project\Order car insurance\order-car-insurance\Reports\20220329_215823\3. Get feedback insurance - Batch 1\20220329_215824\requests\main\204.har

2022-03-29 22:01:14 - [MESSAGE][PASSED] - Send request successfully

2022-03-29 22:01:14 - [TEST_STEP][PASSED] - slurper = new groovy.json.JsonSlurper(): null

2022-03-29 22:01:14 - [TEST_STEP][PASSED] - get_token = slurper.parseText(token.getResponseBodyContent()): null

2022-03-29 22:01:14 - [TEST_STEP][PASSED] - private_token = access_token: null

2022-03-29 22:01:14 - [TEST_STEP][PASSED] - global_token = private_token: null

2022-03-29 22:01:14 - [TEST_STEP][PASSED] - println("token is :" + global_token): null

2022-03-29 22:01:14 - [TEST_STEP][PASSED] - response_token = token.getResponseText(): null

2022-03-29 22:01:14 - [TEST_STEP][PASSED] - logInfo($response_token): 
            {
                "token_type": "BearerToken",
                "access_token": "cOBjLsYpsADc5uVTZYGKhBUMMomw",
                "expires_in": "1799",
                "scope": ""
            }
        

2022-03-29 22:01:14 - [MESSAGE][INFO] - 
            {
                "token_type": "BearerToken",
                "access_token": "cOBjLsYpsADc5uVTZYGKhBUMMomw",
                "expires_in": "1799",
                "scope": ""
            }
        

2022-03-29 22:01:14 - [TEST_STEP][PASSED] - feedback = sendRequest(findTestObject("4. Feedback-ins", ["s_key":global_token, "batchid":batchid, "norek":norek, "nopin":nopin, "custname":custname, "pemohon":pemohon, "branchid":branchid, ... ])): Send request successfully

2022-03-29 22:01:15 - [MESSAGE][INFO] - HAR: I:\app-testing\app-project\Order car insurance\order-car-insurance\Reports\20220329_215823\3. Get feedback insurance - Batch 1\20220329_215824\requests\main\205.har

2022-03-29 22:01:15 - [MESSAGE][PASSED] - Send request successfully

2022-03-29 22:01:15 - [TEST_STEP][PASSED] - response_feedback = feedback.getResponseText(): null

2022-03-29 22:01:15 - [TEST_STEP][PASSED] - markPassed("result feedback data : " + no + " norek : " + norek + " nopin : " + nopin): result feedback data : 112 norek : 9490013483 nopin : 001

2022-03-29 22:01:15 - [MESSAGE][PASSED] - result feedback data : 112 norek : 9490013483 nopin : 001

2022-03-29 22:01:15 - [TEST_STEP][PASSED] - logInfo($response_feedback): {
  "FeedbackCarInsuranceResponse" : {
    "errorCode" : "00",
    "errorMessage" : "Sukses"
  }
}

2022-03-29 22:01:15 - [MESSAGE][INFO] - {
  "FeedbackCarInsuranceResponse" : {
    "errorCode" : "00",
    "errorMessage" : "Sukses"
  }
}

2022-03-29 22:01:15 - [TEST_STEP][PASSED] - verifyElementPropertyValue(feedback, "FeedbackCarInsuranceResponse.errorMessage", "Sukses", CONTINUE_ON_FAILURE): Verify element property value successfully

2022-03-29 22:01:15 - [MESSAGE][PASSED] - Verify element property value successfully]]></system-out>
         <system-err><![CDATA[]]></system-err>
      </testcase>
      <testcase name="Test Cases/3. get token - feedback insurance" time="1.075" classname="Test Cases/3. get token - feedback insurance" status="PASSED">
         <system-out><![CDATA[2022-03-29 22:01:15 - [TEST_CASE][PASSED] - Test Cases/3. get token - feedback insurance: Test Cases/3. get token - feedback insurance

2022-03-29 22:01:16 - [TEST_STEP][PASSED] - token = sendRequest(findTestObject("1. Get-Token")): Send request successfully

2022-03-29 22:01:16 - [MESSAGE][INFO] - HAR: I:\app-testing\app-project\Order car insurance\order-car-insurance\Reports\20220329_215823\3. Get feedback insurance - Batch 1\20220329_215824\requests\main\206.har

2022-03-29 22:01:16 - [MESSAGE][PASSED] - Send request successfully

2022-03-29 22:01:16 - [TEST_STEP][PASSED] - slurper = new groovy.json.JsonSlurper(): null

2022-03-29 22:01:16 - [TEST_STEP][PASSED] - get_token = slurper.parseText(token.getResponseBodyContent()): null

2022-03-29 22:01:16 - [TEST_STEP][PASSED] - private_token = access_token: null

2022-03-29 22:01:16 - [TEST_STEP][PASSED] - global_token = private_token: null

2022-03-29 22:01:16 - [TEST_STEP][PASSED] - println("token is :" + global_token): null

2022-03-29 22:01:16 - [TEST_STEP][PASSED] - response_token = token.getResponseText(): null

2022-03-29 22:01:16 - [TEST_STEP][PASSED] - logInfo($response_token): 
            {
                "token_type": "BearerToken",
                "access_token": "e64rTvANwGQ5ln6BHSWMWD1Ivgl3",
                "expires_in": "1799",
                "scope": ""
            }
        

2022-03-29 22:01:16 - [MESSAGE][INFO] - 
            {
                "token_type": "BearerToken",
                "access_token": "e64rTvANwGQ5ln6BHSWMWD1Ivgl3",
                "expires_in": "1799",
                "scope": ""
            }
        

2022-03-29 22:01:16 - [TEST_STEP][PASSED] - feedback = sendRequest(findTestObject("4. Feedback-ins", ["s_key":global_token, "batchid":batchid, "norek":norek, "nopin":nopin, "custname":custname, "pemohon":pemohon, "branchid":branchid, ... ])): Send request successfully

2022-03-29 22:01:17 - [MESSAGE][INFO] - HAR: I:\app-testing\app-project\Order car insurance\order-car-insurance\Reports\20220329_215823\3. Get feedback insurance - Batch 1\20220329_215824\requests\main\207.har

2022-03-29 22:01:17 - [MESSAGE][PASSED] - Send request successfully

2022-03-29 22:01:17 - [TEST_STEP][PASSED] - response_feedback = feedback.getResponseText(): null

2022-03-29 22:01:17 - [TEST_STEP][PASSED] - markPassed("result feedback data : " + no + " norek : " + norek + " nopin : " + nopin): result feedback data : 113 norek : 9490013483 nopin : 001

2022-03-29 22:01:17 - [MESSAGE][PASSED] - result feedback data : 113 norek : 9490013483 nopin : 001

2022-03-29 22:01:17 - [TEST_STEP][PASSED] - logInfo($response_feedback): {
  "FeedbackCarInsuranceResponse" : {
    "errorCode" : "00",
    "errorMessage" : "Sukses"
  }
}

2022-03-29 22:01:17 - [MESSAGE][INFO] - {
  "FeedbackCarInsuranceResponse" : {
    "errorCode" : "00",
    "errorMessage" : "Sukses"
  }
}

2022-03-29 22:01:17 - [TEST_STEP][PASSED] - verifyElementPropertyValue(feedback, "FeedbackCarInsuranceResponse.errorMessage", "Sukses", CONTINUE_ON_FAILURE): Verify element property value successfully

2022-03-29 22:01:17 - [MESSAGE][PASSED] - Verify element property value successfully]]></system-out>
         <system-err><![CDATA[]]></system-err>
      </testcase>
      <testcase name="Test Cases/3. get token - feedback insurance" time="1.702" classname="Test Cases/3. get token - feedback insurance" status="PASSED">
         <system-out><![CDATA[2022-03-29 22:01:17 - [TEST_CASE][PASSED] - Test Cases/3. get token - feedback insurance: Test Cases/3. get token - feedback insurance

2022-03-29 22:01:17 - [TEST_STEP][PASSED] - token = sendRequest(findTestObject("1. Get-Token")): Send request successfully

2022-03-29 22:01:17 - [MESSAGE][INFO] - HAR: I:\app-testing\app-project\Order car insurance\order-car-insurance\Reports\20220329_215823\3. Get feedback insurance - Batch 1\20220329_215824\requests\main\208.har

2022-03-29 22:01:17 - [MESSAGE][PASSED] - Send request successfully

2022-03-29 22:01:17 - [TEST_STEP][PASSED] - slurper = new groovy.json.JsonSlurper(): null

2022-03-29 22:01:17 - [TEST_STEP][PASSED] - get_token = slurper.parseText(token.getResponseBodyContent()): null

2022-03-29 22:01:17 - [TEST_STEP][PASSED] - private_token = access_token: null

2022-03-29 22:01:17 - [TEST_STEP][PASSED] - global_token = private_token: null

2022-03-29 22:01:17 - [TEST_STEP][PASSED] - println("token is :" + global_token): null

2022-03-29 22:01:17 - [TEST_STEP][PASSED] - response_token = token.getResponseText(): null

2022-03-29 22:01:17 - [TEST_STEP][PASSED] - logInfo($response_token): 
            {
                "token_type": "BearerToken",
                "access_token": "ckCHpwirEZdFzjjsrb1HgE4EJZOx",
                "expires_in": "1799",
                "scope": ""
            }
        

2022-03-29 22:01:17 - [MESSAGE][INFO] - 
            {
                "token_type": "BearerToken",
                "access_token": "ckCHpwirEZdFzjjsrb1HgE4EJZOx",
                "expires_in": "1799",
                "scope": ""
            }
        

2022-03-29 22:01:17 - [TEST_STEP][PASSED] - feedback = sendRequest(findTestObject("4. Feedback-ins", ["s_key":global_token, "batchid":batchid, "norek":norek, "nopin":nopin, "custname":custname, "pemohon":pemohon, "branchid":branchid, ... ])): Send request successfully

2022-03-29 22:01:19 - [MESSAGE][INFO] - HAR: I:\app-testing\app-project\Order car insurance\order-car-insurance\Reports\20220329_215823\3. Get feedback insurance - Batch 1\20220329_215824\requests\main\209.har

2022-03-29 22:01:19 - [MESSAGE][PASSED] - Send request successfully

2022-03-29 22:01:19 - [TEST_STEP][PASSED] - response_feedback = feedback.getResponseText(): null

2022-03-29 22:01:19 - [TEST_STEP][PASSED] - markPassed("result feedback data : " + no + " norek : " + norek + " nopin : " + nopin): result feedback data : 114 norek : 9494001142 nopin : 003

2022-03-29 22:01:19 - [MESSAGE][PASSED] - result feedback data : 114 norek : 9494001142 nopin : 003

2022-03-29 22:01:19 - [TEST_STEP][PASSED] - logInfo($response_feedback): {
  "FeedbackCarInsuranceResponse" : {
    "errorCode" : "00",
    "errorMessage" : "Sukses"
  }
}

2022-03-29 22:01:19 - [MESSAGE][INFO] - {
  "FeedbackCarInsuranceResponse" : {
    "errorCode" : "00",
    "errorMessage" : "Sukses"
  }
}

2022-03-29 22:01:19 - [TEST_STEP][PASSED] - verifyElementPropertyValue(feedback, "FeedbackCarInsuranceResponse.errorMessage", "Sukses", CONTINUE_ON_FAILURE): Verify element property value successfully

2022-03-29 22:01:19 - [MESSAGE][PASSED] - Verify element property value successfully]]></system-out>
         <system-err><![CDATA[]]></system-err>
      </testcase>
      <testcase name="Test Cases/3. get token - feedback insurance" time="1.237" classname="Test Cases/3. get token - feedback insurance" status="PASSED">
         <system-out><![CDATA[2022-03-29 22:01:19 - [TEST_CASE][PASSED] - Test Cases/3. get token - feedback insurance: Test Cases/3. get token - feedback insurance

2022-03-29 22:01:19 - [TEST_STEP][PASSED] - token = sendRequest(findTestObject("1. Get-Token")): Send request successfully

2022-03-29 22:01:20 - [MESSAGE][INFO] - HAR: I:\app-testing\app-project\Order car insurance\order-car-insurance\Reports\20220329_215823\3. Get feedback insurance - Batch 1\20220329_215824\requests\main\210.har

2022-03-29 22:01:20 - [MESSAGE][PASSED] - Send request successfully

2022-03-29 22:01:20 - [TEST_STEP][PASSED] - slurper = new groovy.json.JsonSlurper(): null

2022-03-29 22:01:20 - [TEST_STEP][PASSED] - get_token = slurper.parseText(token.getResponseBodyContent()): null

2022-03-29 22:01:20 - [TEST_STEP][PASSED] - private_token = access_token: null

2022-03-29 22:01:20 - [TEST_STEP][PASSED] - global_token = private_token: null

2022-03-29 22:01:20 - [TEST_STEP][PASSED] - println("token is :" + global_token): null

2022-03-29 22:01:20 - [TEST_STEP][PASSED] - response_token = token.getResponseText(): null

2022-03-29 22:01:20 - [TEST_STEP][PASSED] - logInfo($response_token): 
            {
                "token_type": "BearerToken",
                "access_token": "AtGpBXMCPFtrB1ChxLJqKdPtQYOh",
                "expires_in": "1799",
                "scope": ""
            }
        

2022-03-29 22:01:20 - [MESSAGE][INFO] - 
            {
                "token_type": "BearerToken",
                "access_token": "AtGpBXMCPFtrB1ChxLJqKdPtQYOh",
                "expires_in": "1799",
                "scope": ""
            }
        

2022-03-29 22:01:20 - [TEST_STEP][PASSED] - feedback = sendRequest(findTestObject("4. Feedback-ins", ["s_key":global_token, "batchid":batchid, "norek":norek, "nopin":nopin, "custname":custname, "pemohon":pemohon, "branchid":branchid, ... ])): Send request successfully

2022-03-29 22:01:20 - [MESSAGE][INFO] - HAR: I:\app-testing\app-project\Order car insurance\order-car-insurance\Reports\20220329_215823\3. Get feedback insurance - Batch 1\20220329_215824\requests\main\211.har

2022-03-29 22:01:20 - [MESSAGE][PASSED] - Send request successfully

2022-03-29 22:01:20 - [TEST_STEP][PASSED] - response_feedback = feedback.getResponseText(): null

2022-03-29 22:01:20 - [TEST_STEP][PASSED] - markPassed("result feedback data : " + no + " norek : " + norek + " nopin : " + nopin): result feedback data : 115 norek : 9494001142 nopin : 003

2022-03-29 22:01:20 - [MESSAGE][PASSED] - result feedback data : 115 norek : 9494001142 nopin : 003

2022-03-29 22:01:20 - [TEST_STEP][PASSED] - logInfo($response_feedback): {
  "FeedbackCarInsuranceResponse" : {
    "errorCode" : "00",
    "errorMessage" : "Sukses"
  }
}

2022-03-29 22:01:20 - [MESSAGE][INFO] - {
  "FeedbackCarInsuranceResponse" : {
    "errorCode" : "00",
    "errorMessage" : "Sukses"
  }
}

2022-03-29 22:01:20 - [TEST_STEP][PASSED] - verifyElementPropertyValue(feedback, "FeedbackCarInsuranceResponse.errorMessage", "Sukses", CONTINUE_ON_FAILURE): Verify element property value successfully

2022-03-29 22:01:20 - [MESSAGE][PASSED] - Verify element property value successfully]]></system-out>
         <system-err><![CDATA[]]></system-err>
      </testcase>
      <testcase name="Test Cases/3. get token - feedback insurance" time="1.06" classname="Test Cases/3. get token - feedback insurance" status="PASSED">
         <system-out><![CDATA[2022-03-29 22:01:21 - [TEST_CASE][PASSED] - Test Cases/3. get token - feedback insurance: Test Cases/3. get token - feedback insurance

2022-03-29 22:01:21 - [TEST_STEP][PASSED] - token = sendRequest(findTestObject("1. Get-Token")): Send request successfully

2022-03-29 22:01:21 - [MESSAGE][INFO] - HAR: I:\app-testing\app-project\Order car insurance\order-car-insurance\Reports\20220329_215823\3. Get feedback insurance - Batch 1\20220329_215824\requests\main\212.har

2022-03-29 22:01:21 - [MESSAGE][PASSED] - Send request successfully

2022-03-29 22:01:21 - [TEST_STEP][PASSED] - slurper = new groovy.json.JsonSlurper(): null

2022-03-29 22:01:21 - [TEST_STEP][PASSED] - get_token = slurper.parseText(token.getResponseBodyContent()): null

2022-03-29 22:01:21 - [TEST_STEP][PASSED] - private_token = access_token: null

2022-03-29 22:01:21 - [TEST_STEP][PASSED] - global_token = private_token: null

2022-03-29 22:01:21 - [TEST_STEP][PASSED] - println("token is :" + global_token): null

2022-03-29 22:01:21 - [TEST_STEP][PASSED] - response_token = token.getResponseText(): null

2022-03-29 22:01:21 - [TEST_STEP][PASSED] - logInfo($response_token): 
            {
                "token_type": "BearerToken",
                "access_token": "nhiAOVGt299xdJ91Jl9DH2ERxvBn",
                "expires_in": "1799",
                "scope": ""
            }
        

2022-03-29 22:01:21 - [MESSAGE][INFO] - 
            {
                "token_type": "BearerToken",
                "access_token": "nhiAOVGt299xdJ91Jl9DH2ERxvBn",
                "expires_in": "1799",
                "scope": ""
            }
        

2022-03-29 22:01:21 - [TEST_STEP][PASSED] - feedback = sendRequest(findTestObject("4. Feedback-ins", ["s_key":global_token, "batchid":batchid, "norek":norek, "nopin":nopin, "custname":custname, "pemohon":pemohon, "branchid":branchid, ... ])): Send request successfully

2022-03-29 22:01:22 - [MESSAGE][INFO] - HAR: I:\app-testing\app-project\Order car insurance\order-car-insurance\Reports\20220329_215823\3. Get feedback insurance - Batch 1\20220329_215824\requests\main\213.har

2022-03-29 22:01:22 - [MESSAGE][PASSED] - Send request successfully

2022-03-29 22:01:22 - [TEST_STEP][PASSED] - response_feedback = feedback.getResponseText(): null

2022-03-29 22:01:22 - [TEST_STEP][PASSED] - markPassed("result feedback data : " + no + " norek : " + norek + " nopin : " + nopin): result feedback data : 116 norek : 9494001142 nopin : 003

2022-03-29 22:01:22 - [MESSAGE][PASSED] - result feedback data : 116 norek : 9494001142 nopin : 003

2022-03-29 22:01:22 - [TEST_STEP][PASSED] - logInfo($response_feedback): {
  "FeedbackCarInsuranceResponse" : {
    "errorCode" : "00",
    "errorMessage" : "Sukses"
  }
}

2022-03-29 22:01:22 - [MESSAGE][INFO] - {
  "FeedbackCarInsuranceResponse" : {
    "errorCode" : "00",
    "errorMessage" : "Sukses"
  }
}

2022-03-29 22:01:22 - [TEST_STEP][PASSED] - verifyElementPropertyValue(feedback, "FeedbackCarInsuranceResponse.errorMessage", "Sukses", CONTINUE_ON_FAILURE): Verify element property value successfully

2022-03-29 22:01:22 - [MESSAGE][PASSED] - Verify element property value successfully]]></system-out>
         <system-err><![CDATA[]]></system-err>
      </testcase>
      <testcase name="Test Cases/3. get token - feedback insurance" time="1.239" classname="Test Cases/3. get token - feedback insurance" status="PASSED">
         <system-out><![CDATA[2022-03-29 22:01:22 - [TEST_CASE][PASSED] - Test Cases/3. get token - feedback insurance: Test Cases/3. get token - feedback insurance

2022-03-29 22:01:22 - [TEST_STEP][PASSED] - token = sendRequest(findTestObject("1. Get-Token")): Send request successfully

2022-03-29 22:01:23 - [MESSAGE][INFO] - HAR: I:\app-testing\app-project\Order car insurance\order-car-insurance\Reports\20220329_215823\3. Get feedback insurance - Batch 1\20220329_215824\requests\main\214.har

2022-03-29 22:01:23 - [MESSAGE][PASSED] - Send request successfully

2022-03-29 22:01:23 - [TEST_STEP][PASSED] - slurper = new groovy.json.JsonSlurper(): null

2022-03-29 22:01:23 - [TEST_STEP][PASSED] - get_token = slurper.parseText(token.getResponseBodyContent()): null

2022-03-29 22:01:23 - [TEST_STEP][PASSED] - private_token = access_token: null

2022-03-29 22:01:23 - [TEST_STEP][PASSED] - global_token = private_token: null

2022-03-29 22:01:23 - [TEST_STEP][PASSED] - println("token is :" + global_token): null

2022-03-29 22:01:23 - [TEST_STEP][PASSED] - response_token = token.getResponseText(): null

2022-03-29 22:01:23 - [TEST_STEP][PASSED] - logInfo($response_token): 
            {
                "token_type": "BearerToken",
                "access_token": "JiJ9F1i3jkAe0dHUOoUFu0k50hXk",
                "expires_in": "1799",
                "scope": ""
            }
        

2022-03-29 22:01:23 - [MESSAGE][INFO] - 
            {
                "token_type": "BearerToken",
                "access_token": "JiJ9F1i3jkAe0dHUOoUFu0k50hXk",
                "expires_in": "1799",
                "scope": ""
            }
        

2022-03-29 22:01:23 - [TEST_STEP][PASSED] - feedback = sendRequest(findTestObject("4. Feedback-ins", ["s_key":global_token, "batchid":batchid, "norek":norek, "nopin":nopin, "custname":custname, "pemohon":pemohon, "branchid":branchid, ... ])): Send request successfully

2022-03-29 22:01:23 - [MESSAGE][INFO] - HAR: I:\app-testing\app-project\Order car insurance\order-car-insurance\Reports\20220329_215823\3. Get feedback insurance - Batch 1\20220329_215824\requests\main\215.har

2022-03-29 22:01:23 - [MESSAGE][PASSED] - Send request successfully

2022-03-29 22:01:23 - [TEST_STEP][PASSED] - response_feedback = feedback.getResponseText(): null

2022-03-29 22:01:23 - [TEST_STEP][PASSED] - markPassed("result feedback data : " + no + " norek : " + norek + " nopin : " + nopin): result feedback data : 117 norek : 9494001633 nopin : 001

2022-03-29 22:01:23 - [MESSAGE][PASSED] - result feedback data : 117 norek : 9494001633 nopin : 001

2022-03-29 22:01:23 - [TEST_STEP][PASSED] - logInfo($response_feedback): {
  "FeedbackCarInsuranceResponse" : {
    "errorCode" : "00",
    "errorMessage" : "Sukses"
  }
}

2022-03-29 22:01:23 - [MESSAGE][INFO] - {
  "FeedbackCarInsuranceResponse" : {
    "errorCode" : "00",
    "errorMessage" : "Sukses"
  }
}

2022-03-29 22:01:23 - [TEST_STEP][PASSED] - verifyElementPropertyValue(feedback, "FeedbackCarInsuranceResponse.errorMessage", "Sukses", CONTINUE_ON_FAILURE): Verify element property value successfully

2022-03-29 22:01:23 - [MESSAGE][PASSED] - Verify element property value successfully]]></system-out>
         <system-err><![CDATA[]]></system-err>
      </testcase>
      <testcase name="Test Cases/3. get token - feedback insurance" time="1.141" classname="Test Cases/3. get token - feedback insurance" status="PASSED">
         <system-out><![CDATA[2022-03-29 22:01:24 - [TEST_CASE][PASSED] - Test Cases/3. get token - feedback insurance: Test Cases/3. get token - feedback insurance

2022-03-29 22:01:24 - [TEST_STEP][PASSED] - token = sendRequest(findTestObject("1. Get-Token")): Send request successfully

2022-03-29 22:01:24 - [MESSAGE][INFO] - HAR: I:\app-testing\app-project\Order car insurance\order-car-insurance\Reports\20220329_215823\3. Get feedback insurance - Batch 1\20220329_215824\requests\main\216.har

2022-03-29 22:01:24 - [MESSAGE][PASSED] - Send request successfully

2022-03-29 22:01:24 - [TEST_STEP][PASSED] - slurper = new groovy.json.JsonSlurper(): null

2022-03-29 22:01:24 - [TEST_STEP][PASSED] - get_token = slurper.parseText(token.getResponseBodyContent()): null

2022-03-29 22:01:24 - [TEST_STEP][PASSED] - private_token = access_token: null

2022-03-29 22:01:24 - [TEST_STEP][PASSED] - global_token = private_token: null

2022-03-29 22:01:24 - [TEST_STEP][PASSED] - println("token is :" + global_token): null

2022-03-29 22:01:24 - [TEST_STEP][PASSED] - response_token = token.getResponseText(): null

2022-03-29 22:01:24 - [TEST_STEP][PASSED] - logInfo($response_token): 
            {
                "token_type": "BearerToken",
                "access_token": "w4PMS3BlJW8SICamVFCnphDkeBA9",
                "expires_in": "1799",
                "scope": ""
            }
        

2022-03-29 22:01:24 - [MESSAGE][INFO] - 
            {
                "token_type": "BearerToken",
                "access_token": "w4PMS3BlJW8SICamVFCnphDkeBA9",
                "expires_in": "1799",
                "scope": ""
            }
        

2022-03-29 22:01:24 - [TEST_STEP][PASSED] - feedback = sendRequest(findTestObject("4. Feedback-ins", ["s_key":global_token, "batchid":batchid, "norek":norek, "nopin":nopin, "custname":custname, "pemohon":pemohon, "branchid":branchid, ... ])): Send request successfully

2022-03-29 22:01:25 - [MESSAGE][INFO] - HAR: I:\app-testing\app-project\Order car insurance\order-car-insurance\Reports\20220329_215823\3. Get feedback insurance - Batch 1\20220329_215824\requests\main\217.har

2022-03-29 22:01:25 - [MESSAGE][PASSED] - Send request successfully

2022-03-29 22:01:25 - [TEST_STEP][PASSED] - response_feedback = feedback.getResponseText(): null

2022-03-29 22:01:25 - [TEST_STEP][PASSED] - markPassed("result feedback data : " + no + " norek : " + norek + " nopin : " + nopin): result feedback data : 118 norek : 9494001633 nopin : 001

2022-03-29 22:01:25 - [MESSAGE][PASSED] - result feedback data : 118 norek : 9494001633 nopin : 001

2022-03-29 22:01:25 - [TEST_STEP][PASSED] - logInfo($response_feedback): {
  "FeedbackCarInsuranceResponse" : {
    "errorCode" : "00",
    "errorMessage" : "Sukses"
  }
}

2022-03-29 22:01:25 - [MESSAGE][INFO] - {
  "FeedbackCarInsuranceResponse" : {
    "errorCode" : "00",
    "errorMessage" : "Sukses"
  }
}

2022-03-29 22:01:25 - [TEST_STEP][PASSED] - verifyElementPropertyValue(feedback, "FeedbackCarInsuranceResponse.errorMessage", "Sukses", CONTINUE_ON_FAILURE): Verify element property value successfully

2022-03-29 22:01:25 - [MESSAGE][PASSED] - Verify element property value successfully]]></system-out>
         <system-err><![CDATA[]]></system-err>
      </testcase>
      <testcase name="Test Cases/3. get token - feedback insurance" time="1.173" classname="Test Cases/3. get token - feedback insurance" status="PASSED">
         <system-out><![CDATA[2022-03-29 22:01:25 - [TEST_CASE][PASSED] - Test Cases/3. get token - feedback insurance: Test Cases/3. get token - feedback insurance

2022-03-29 22:01:25 - [TEST_STEP][PASSED] - token = sendRequest(findTestObject("1. Get-Token")): Send request successfully

2022-03-29 22:01:26 - [MESSAGE][INFO] - HAR: I:\app-testing\app-project\Order car insurance\order-car-insurance\Reports\20220329_215823\3. Get feedback insurance - Batch 1\20220329_215824\requests\main\218.har

2022-03-29 22:01:26 - [MESSAGE][PASSED] - Send request successfully

2022-03-29 22:01:26 - [TEST_STEP][PASSED] - slurper = new groovy.json.JsonSlurper(): null

2022-03-29 22:01:26 - [TEST_STEP][PASSED] - get_token = slurper.parseText(token.getResponseBodyContent()): null

2022-03-29 22:01:26 - [TEST_STEP][PASSED] - private_token = access_token: null

2022-03-29 22:01:26 - [TEST_STEP][PASSED] - global_token = private_token: null

2022-03-29 22:01:26 - [TEST_STEP][PASSED] - println("token is :" + global_token): null

2022-03-29 22:01:26 - [TEST_STEP][PASSED] - response_token = token.getResponseText(): null

2022-03-29 22:01:26 - [TEST_STEP][PASSED] - logInfo($response_token): 
            {
                "token_type": "BearerToken",
                "access_token": "M9f0gSG8qi4fzqpT0yTIA33GQ48K",
                "expires_in": "1799",
                "scope": ""
            }
        

2022-03-29 22:01:26 - [MESSAGE][INFO] - 
            {
                "token_type": "BearerToken",
                "access_token": "M9f0gSG8qi4fzqpT0yTIA33GQ48K",
                "expires_in": "1799",
                "scope": ""
            }
        

2022-03-29 22:01:26 - [TEST_STEP][PASSED] - feedback = sendRequest(findTestObject("4. Feedback-ins", ["s_key":global_token, "batchid":batchid, "norek":norek, "nopin":nopin, "custname":custname, "pemohon":pemohon, "branchid":branchid, ... ])): Send request successfully

2022-03-29 22:01:27 - [MESSAGE][INFO] - HAR: I:\app-testing\app-project\Order car insurance\order-car-insurance\Reports\20220329_215823\3. Get feedback insurance - Batch 1\20220329_215824\requests\main\219.har

2022-03-29 22:01:27 - [MESSAGE][PASSED] - Send request successfully

2022-03-29 22:01:27 - [TEST_STEP][PASSED] - response_feedback = feedback.getResponseText(): null

2022-03-29 22:01:27 - [TEST_STEP][PASSED] - markPassed("result feedback data : " + no + " norek : " + norek + " nopin : " + nopin): result feedback data : 119 norek : 9494001633 nopin : 001

2022-03-29 22:01:27 - [MESSAGE][PASSED] - result feedback data : 119 norek : 9494001633 nopin : 001

2022-03-29 22:01:27 - [TEST_STEP][PASSED] - logInfo($response_feedback): {
  "FeedbackCarInsuranceResponse" : {
    "errorCode" : "00",
    "errorMessage" : "Sukses"
  }
}

2022-03-29 22:01:27 - [MESSAGE][INFO] - {
  "FeedbackCarInsuranceResponse" : {
    "errorCode" : "00",
    "errorMessage" : "Sukses"
  }
}

2022-03-29 22:01:27 - [TEST_STEP][PASSED] - verifyElementPropertyValue(feedback, "FeedbackCarInsuranceResponse.errorMessage", "Sukses", CONTINUE_ON_FAILURE): Verify element property value successfully

2022-03-29 22:01:27 - [MESSAGE][PASSED] - Verify element property value successfully]]></system-out>
         <system-err><![CDATA[]]></system-err>
      </testcase>
      <testcase name="Test Cases/3. get token - feedback insurance" time="1.224" classname="Test Cases/3. get token - feedback insurance" status="PASSED">
         <system-out><![CDATA[2022-03-29 22:01:27 - [TEST_CASE][PASSED] - Test Cases/3. get token - feedback insurance: Test Cases/3. get token - feedback insurance

2022-03-29 22:01:27 - [TEST_STEP][PASSED] - token = sendRequest(findTestObject("1. Get-Token")): Send request successfully

2022-03-29 22:01:27 - [MESSAGE][INFO] - HAR: I:\app-testing\app-project\Order car insurance\order-car-insurance\Reports\20220329_215823\3. Get feedback insurance - Batch 1\20220329_215824\requests\main\220.har

2022-03-29 22:01:27 - [MESSAGE][PASSED] - Send request successfully

2022-03-29 22:01:27 - [TEST_STEP][PASSED] - slurper = new groovy.json.JsonSlurper(): null

2022-03-29 22:01:27 - [TEST_STEP][PASSED] - get_token = slurper.parseText(token.getResponseBodyContent()): null

2022-03-29 22:01:27 - [TEST_STEP][PASSED] - private_token = access_token: null

2022-03-29 22:01:27 - [TEST_STEP][PASSED] - global_token = private_token: null

2022-03-29 22:01:27 - [TEST_STEP][PASSED] - println("token is :" + global_token): null

2022-03-29 22:01:27 - [TEST_STEP][PASSED] - response_token = token.getResponseText(): null

2022-03-29 22:01:27 - [TEST_STEP][PASSED] - logInfo($response_token): 
            {
                "token_type": "BearerToken",
                "access_token": "ncbiAIN7RkNp0qmoJVcy2qA91IT3",
                "expires_in": "1799",
                "scope": ""
            }
        

2022-03-29 22:01:27 - [MESSAGE][INFO] - 
            {
                "token_type": "BearerToken",
                "access_token": "ncbiAIN7RkNp0qmoJVcy2qA91IT3",
                "expires_in": "1799",
                "scope": ""
            }
        

2022-03-29 22:01:27 - [TEST_STEP][PASSED] - feedback = sendRequest(findTestObject("4. Feedback-ins", ["s_key":global_token, "batchid":batchid, "norek":norek, "nopin":nopin, "custname":custname, "pemohon":pemohon, "branchid":branchid, ... ])): Send request successfully

2022-03-29 22:01:28 - [MESSAGE][INFO] - HAR: I:\app-testing\app-project\Order car insurance\order-car-insurance\Reports\20220329_215823\3. Get feedback insurance - Batch 1\20220329_215824\requests\main\221.har

2022-03-29 22:01:28 - [MESSAGE][PASSED] - Send request successfully

2022-03-29 22:01:28 - [TEST_STEP][PASSED] - response_feedback = feedback.getResponseText(): null

2022-03-29 22:01:28 - [TEST_STEP][PASSED] - markPassed("result feedback data : " + no + " norek : " + norek + " nopin : " + nopin): result feedback data : 120 norek : 9494001633 nopin : 001

2022-03-29 22:01:28 - [MESSAGE][PASSED] - result feedback data : 120 norek : 9494001633 nopin : 001

2022-03-29 22:01:28 - [TEST_STEP][PASSED] - logInfo($response_feedback): {
  "FeedbackCarInsuranceResponse" : {
    "errorCode" : "00",
    "errorMessage" : "Sukses"
  }
}

2022-03-29 22:01:28 - [MESSAGE][INFO] - {
  "FeedbackCarInsuranceResponse" : {
    "errorCode" : "00",
    "errorMessage" : "Sukses"
  }
}

2022-03-29 22:01:28 - [TEST_STEP][PASSED] - verifyElementPropertyValue(feedback, "FeedbackCarInsuranceResponse.errorMessage", "Sukses", CONTINUE_ON_FAILURE): Verify element property value successfully

2022-03-29 22:01:28 - [MESSAGE][PASSED] - Verify element property value successfully]]></system-out>
         <system-err><![CDATA[]]></system-err>
      </testcase>
      <testcase name="Test Cases/3. get token - feedback insurance" time="0.972" classname="Test Cases/3. get token - feedback insurance" status="PASSED">
         <system-out><![CDATA[2022-03-29 22:01:29 - [TEST_CASE][PASSED] - Test Cases/3. get token - feedback insurance: Test Cases/3. get token - feedback insurance

2022-03-29 22:01:29 - [TEST_STEP][PASSED] - token = sendRequest(findTestObject("1. Get-Token")): Send request successfully

2022-03-29 22:01:29 - [MESSAGE][INFO] - HAR: I:\app-testing\app-project\Order car insurance\order-car-insurance\Reports\20220329_215823\3. Get feedback insurance - Batch 1\20220329_215824\requests\main\222.har

2022-03-29 22:01:29 - [MESSAGE][PASSED] - Send request successfully

2022-03-29 22:01:29 - [TEST_STEP][PASSED] - slurper = new groovy.json.JsonSlurper(): null

2022-03-29 22:01:29 - [TEST_STEP][PASSED] - get_token = slurper.parseText(token.getResponseBodyContent()): null

2022-03-29 22:01:29 - [TEST_STEP][PASSED] - private_token = access_token: null

2022-03-29 22:01:29 - [TEST_STEP][PASSED] - global_token = private_token: null

2022-03-29 22:01:29 - [TEST_STEP][PASSED] - println("token is :" + global_token): null

2022-03-29 22:01:29 - [TEST_STEP][PASSED] - response_token = token.getResponseText(): null

2022-03-29 22:01:29 - [TEST_STEP][PASSED] - logInfo($response_token): 
            {
                "token_type": "BearerToken",
                "access_token": "6fKe6aqj9MgTEgUMSCJwPKk92Pj6",
                "expires_in": "1799",
                "scope": ""
            }
        

2022-03-29 22:01:29 - [MESSAGE][INFO] - 
            {
                "token_type": "BearerToken",
                "access_token": "6fKe6aqj9MgTEgUMSCJwPKk92Pj6",
                "expires_in": "1799",
                "scope": ""
            }
        

2022-03-29 22:01:29 - [TEST_STEP][PASSED] - feedback = sendRequest(findTestObject("4. Feedback-ins", ["s_key":global_token, "batchid":batchid, "norek":norek, "nopin":nopin, "custname":custname, "pemohon":pemohon, "branchid":branchid, ... ])): Send request successfully

2022-03-29 22:01:29 - [MESSAGE][INFO] - HAR: I:\app-testing\app-project\Order car insurance\order-car-insurance\Reports\20220329_215823\3. Get feedback insurance - Batch 1\20220329_215824\requests\main\223.har

2022-03-29 22:01:29 - [MESSAGE][PASSED] - Send request successfully

2022-03-29 22:01:29 - [TEST_STEP][PASSED] - response_feedback = feedback.getResponseText(): null

2022-03-29 22:01:29 - [TEST_STEP][PASSED] - markPassed("result feedback data : " + no + " norek : " + norek + " nopin : " + nopin): result feedback data : 121 norek : 9494001635 nopin : 001

2022-03-29 22:01:29 - [MESSAGE][PASSED] - result feedback data : 121 norek : 9494001635 nopin : 001

2022-03-29 22:01:29 - [TEST_STEP][PASSED] - logInfo($response_feedback): {
  "FeedbackCarInsuranceResponse" : {
    "errorCode" : "00",
    "errorMessage" : "Sukses"
  }
}

2022-03-29 22:01:29 - [MESSAGE][INFO] - {
  "FeedbackCarInsuranceResponse" : {
    "errorCode" : "00",
    "errorMessage" : "Sukses"
  }
}

2022-03-29 22:01:29 - [TEST_STEP][PASSED] - verifyElementPropertyValue(feedback, "FeedbackCarInsuranceResponse.errorMessage", "Sukses", CONTINUE_ON_FAILURE): Verify element property value successfully

2022-03-29 22:01:30 - [MESSAGE][PASSED] - Verify element property value successfully]]></system-out>
         <system-err><![CDATA[]]></system-err>
      </testcase>
      <testcase name="Test Cases/3. get token - feedback insurance" time="1.152" classname="Test Cases/3. get token - feedback insurance" status="PASSED">
         <system-out><![CDATA[2022-03-29 22:01:30 - [TEST_CASE][PASSED] - Test Cases/3. get token - feedback insurance: Test Cases/3. get token - feedback insurance

2022-03-29 22:01:30 - [TEST_STEP][PASSED] - token = sendRequest(findTestObject("1. Get-Token")): Send request successfully

2022-03-29 22:01:30 - [MESSAGE][INFO] - HAR: I:\app-testing\app-project\Order car insurance\order-car-insurance\Reports\20220329_215823\3. Get feedback insurance - Batch 1\20220329_215824\requests\main\224.har

2022-03-29 22:01:30 - [MESSAGE][PASSED] - Send request successfully

2022-03-29 22:01:30 - [TEST_STEP][PASSED] - slurper = new groovy.json.JsonSlurper(): null

2022-03-29 22:01:30 - [TEST_STEP][PASSED] - get_token = slurper.parseText(token.getResponseBodyContent()): null

2022-03-29 22:01:30 - [TEST_STEP][PASSED] - private_token = access_token: null

2022-03-29 22:01:30 - [TEST_STEP][PASSED] - global_token = private_token: null

2022-03-29 22:01:30 - [TEST_STEP][PASSED] - println("token is :" + global_token): null

2022-03-29 22:01:30 - [TEST_STEP][PASSED] - response_token = token.getResponseText(): null

2022-03-29 22:01:30 - [TEST_STEP][PASSED] - logInfo($response_token): 
            {
                "token_type": "BearerToken",
                "access_token": "twba6U0fDrEjXBOJnypW0AKDFQlD",
                "expires_in": "1799",
                "scope": ""
            }
        

2022-03-29 22:01:30 - [MESSAGE][INFO] - 
            {
                "token_type": "BearerToken",
                "access_token": "twba6U0fDrEjXBOJnypW0AKDFQlD",
                "expires_in": "1799",
                "scope": ""
            }
        

2022-03-29 22:01:30 - [TEST_STEP][PASSED] - feedback = sendRequest(findTestObject("4. Feedback-ins", ["s_key":global_token, "batchid":batchid, "norek":norek, "nopin":nopin, "custname":custname, "pemohon":pemohon, "branchid":branchid, ... ])): Send request successfully

2022-03-29 22:01:31 - [MESSAGE][INFO] - HAR: I:\app-testing\app-project\Order car insurance\order-car-insurance\Reports\20220329_215823\3. Get feedback insurance - Batch 1\20220329_215824\requests\main\225.har

2022-03-29 22:01:31 - [MESSAGE][PASSED] - Send request successfully

2022-03-29 22:01:31 - [TEST_STEP][PASSED] - response_feedback = feedback.getResponseText(): null

2022-03-29 22:01:31 - [TEST_STEP][PASSED] - markPassed("result feedback data : " + no + " norek : " + norek + " nopin : " + nopin): result feedback data : 122 norek : 9494001635 nopin : 001

2022-03-29 22:01:31 - [MESSAGE][PASSED] - result feedback data : 122 norek : 9494001635 nopin : 001

2022-03-29 22:01:31 - [TEST_STEP][PASSED] - logInfo($response_feedback): {
  "FeedbackCarInsuranceResponse" : {
    "errorCode" : "00",
    "errorMessage" : "Sukses"
  }
}

2022-03-29 22:01:31 - [MESSAGE][INFO] - {
  "FeedbackCarInsuranceResponse" : {
    "errorCode" : "00",
    "errorMessage" : "Sukses"
  }
}

2022-03-29 22:01:31 - [TEST_STEP][PASSED] - verifyElementPropertyValue(feedback, "FeedbackCarInsuranceResponse.errorMessage", "Sukses", CONTINUE_ON_FAILURE): Verify element property value successfully

2022-03-29 22:01:31 - [MESSAGE][PASSED] - Verify element property value successfully]]></system-out>
         <system-err><![CDATA[]]></system-err>
      </testcase>
      <testcase name="Test Cases/3. get token - feedback insurance" time="1.251" classname="Test Cases/3. get token - feedback insurance" status="PASSED">
         <system-out><![CDATA[2022-03-29 22:01:31 - [TEST_CASE][PASSED] - Test Cases/3. get token - feedback insurance: Test Cases/3. get token - feedback insurance

2022-03-29 22:01:32 - [TEST_STEP][PASSED] - token = sendRequest(findTestObject("1. Get-Token")): Send request successfully

2022-03-29 22:01:32 - [MESSAGE][INFO] - HAR: I:\app-testing\app-project\Order car insurance\order-car-insurance\Reports\20220329_215823\3. Get feedback insurance - Batch 1\20220329_215824\requests\main\226.har

2022-03-29 22:01:32 - [MESSAGE][PASSED] - Send request successfully

2022-03-29 22:01:32 - [TEST_STEP][PASSED] - slurper = new groovy.json.JsonSlurper(): null

2022-03-29 22:01:32 - [TEST_STEP][PASSED] - get_token = slurper.parseText(token.getResponseBodyContent()): null

2022-03-29 22:01:32 - [TEST_STEP][PASSED] - private_token = access_token: null

2022-03-29 22:01:32 - [TEST_STEP][PASSED] - global_token = private_token: null

2022-03-29 22:01:32 - [TEST_STEP][PASSED] - println("token is :" + global_token): null

2022-03-29 22:01:32 - [TEST_STEP][PASSED] - response_token = token.getResponseText(): null

2022-03-29 22:01:32 - [TEST_STEP][PASSED] - logInfo($response_token): 
            {
                "token_type": "BearerToken",
                "access_token": "ehXgZWQpLg38OTxXTgGCBJAT2oWq",
                "expires_in": "1799",
                "scope": ""
            }
        

2022-03-29 22:01:32 - [MESSAGE][INFO] - 
            {
                "token_type": "BearerToken",
                "access_token": "ehXgZWQpLg38OTxXTgGCBJAT2oWq",
                "expires_in": "1799",
                "scope": ""
            }
        

2022-03-29 22:01:32 - [TEST_STEP][PASSED] - feedback = sendRequest(findTestObject("4. Feedback-ins", ["s_key":global_token, "batchid":batchid, "norek":norek, "nopin":nopin, "custname":custname, "pemohon":pemohon, "branchid":branchid, ... ])): Send request successfully

2022-03-29 22:01:33 - [MESSAGE][INFO] - HAR: I:\app-testing\app-project\Order car insurance\order-car-insurance\Reports\20220329_215823\3. Get feedback insurance - Batch 1\20220329_215824\requests\main\227.har

2022-03-29 22:01:33 - [MESSAGE][PASSED] - Send request successfully

2022-03-29 22:01:33 - [TEST_STEP][PASSED] - response_feedback = feedback.getResponseText(): null

2022-03-29 22:01:33 - [TEST_STEP][PASSED] - markPassed("result feedback data : " + no + " norek : " + norek + " nopin : " + nopin): result feedback data : 123 norek : 9494001635 nopin : 001

2022-03-29 22:01:33 - [MESSAGE][PASSED] - result feedback data : 123 norek : 9494001635 nopin : 001

2022-03-29 22:01:33 - [TEST_STEP][PASSED] - logInfo($response_feedback): {
  "FeedbackCarInsuranceResponse" : {
    "errorCode" : "00",
    "errorMessage" : "Sukses"
  }
}

2022-03-29 22:01:33 - [MESSAGE][INFO] - {
  "FeedbackCarInsuranceResponse" : {
    "errorCode" : "00",
    "errorMessage" : "Sukses"
  }
}

2022-03-29 22:01:33 - [TEST_STEP][PASSED] - verifyElementPropertyValue(feedback, "FeedbackCarInsuranceResponse.errorMessage", "Sukses", CONTINUE_ON_FAILURE): Verify element property value successfully

2022-03-29 22:01:33 - [MESSAGE][PASSED] - Verify element property value successfully]]></system-out>
         <system-err><![CDATA[]]></system-err>
      </testcase>
      <testcase name="Test Cases/3. get token - feedback insurance" time="1.074" classname="Test Cases/3. get token - feedback insurance" status="PASSED">
         <system-out><![CDATA[2022-03-29 22:01:33 - [TEST_CASE][PASSED] - Test Cases/3. get token - feedback insurance: Test Cases/3. get token - feedback insurance

2022-03-29 22:01:33 - [TEST_STEP][PASSED] - token = sendRequest(findTestObject("1. Get-Token")): Send request successfully

2022-03-29 22:01:34 - [MESSAGE][INFO] - HAR: I:\app-testing\app-project\Order car insurance\order-car-insurance\Reports\20220329_215823\3. Get feedback insurance - Batch 1\20220329_215824\requests\main\228.har

2022-03-29 22:01:34 - [MESSAGE][PASSED] - Send request successfully

2022-03-29 22:01:34 - [TEST_STEP][PASSED] - slurper = new groovy.json.JsonSlurper(): null

2022-03-29 22:01:34 - [TEST_STEP][PASSED] - get_token = slurper.parseText(token.getResponseBodyContent()): null

2022-03-29 22:01:34 - [TEST_STEP][PASSED] - private_token = access_token: null

2022-03-29 22:01:34 - [TEST_STEP][PASSED] - global_token = private_token: null

2022-03-29 22:01:34 - [TEST_STEP][PASSED] - println("token is :" + global_token): null

2022-03-29 22:01:34 - [TEST_STEP][PASSED] - response_token = token.getResponseText(): null

2022-03-29 22:01:34 - [TEST_STEP][PASSED] - logInfo($response_token): 
            {
                "token_type": "BearerToken",
                "access_token": "3GiA7pZR7vA83jYspv9FMKjZOJjq",
                "expires_in": "1799",
                "scope": ""
            }
        

2022-03-29 22:01:34 - [MESSAGE][INFO] - 
            {
                "token_type": "BearerToken",
                "access_token": "3GiA7pZR7vA83jYspv9FMKjZOJjq",
                "expires_in": "1799",
                "scope": ""
            }
        

2022-03-29 22:01:34 - [TEST_STEP][PASSED] - feedback = sendRequest(findTestObject("4. Feedback-ins", ["s_key":global_token, "batchid":batchid, "norek":norek, "nopin":nopin, "custname":custname, "pemohon":pemohon, "branchid":branchid, ... ])): Send request successfully

2022-03-29 22:01:34 - [MESSAGE][INFO] - HAR: I:\app-testing\app-project\Order car insurance\order-car-insurance\Reports\20220329_215823\3. Get feedback insurance - Batch 1\20220329_215824\requests\main\229.har

2022-03-29 22:01:34 - [MESSAGE][PASSED] - Send request successfully

2022-03-29 22:01:34 - [TEST_STEP][PASSED] - response_feedback = feedback.getResponseText(): null

2022-03-29 22:01:34 - [TEST_STEP][PASSED] - markPassed("result feedback data : " + no + " norek : " + norek + " nopin : " + nopin): result feedback data : 124 norek : 9494001635 nopin : 001

2022-03-29 22:01:34 - [MESSAGE][PASSED] - result feedback data : 124 norek : 9494001635 nopin : 001

2022-03-29 22:01:34 - [TEST_STEP][PASSED] - logInfo($response_feedback): {
  "FeedbackCarInsuranceResponse" : {
    "errorCode" : "00",
    "errorMessage" : "Sukses"
  }
}

2022-03-29 22:01:34 - [MESSAGE][INFO] - {
  "FeedbackCarInsuranceResponse" : {
    "errorCode" : "00",
    "errorMessage" : "Sukses"
  }
}

2022-03-29 22:01:34 - [TEST_STEP][PASSED] - verifyElementPropertyValue(feedback, "FeedbackCarInsuranceResponse.errorMessage", "Sukses", CONTINUE_ON_FAILURE): Verify element property value successfully

2022-03-29 22:01:34 - [MESSAGE][PASSED] - Verify element property value successfully]]></system-out>
         <system-err><![CDATA[]]></system-err>
      </testcase>
      <testcase name="Test Cases/3. get token - feedback insurance" time="1.259" classname="Test Cases/3. get token - feedback insurance" status="PASSED">
         <system-out><![CDATA[2022-03-29 22:01:35 - [TEST_CASE][PASSED] - Test Cases/3. get token - feedback insurance: Test Cases/3. get token - feedback insurance

2022-03-29 22:01:35 - [TEST_STEP][PASSED] - token = sendRequest(findTestObject("1. Get-Token")): Send request successfully

2022-03-29 22:01:35 - [MESSAGE][INFO] - HAR: I:\app-testing\app-project\Order car insurance\order-car-insurance\Reports\20220329_215823\3. Get feedback insurance - Batch 1\20220329_215824\requests\main\230.har

2022-03-29 22:01:35 - [MESSAGE][PASSED] - Send request successfully

2022-03-29 22:01:35 - [TEST_STEP][PASSED] - slurper = new groovy.json.JsonSlurper(): null

2022-03-29 22:01:35 - [TEST_STEP][PASSED] - get_token = slurper.parseText(token.getResponseBodyContent()): null

2022-03-29 22:01:35 - [TEST_STEP][PASSED] - private_token = access_token: null

2022-03-29 22:01:35 - [TEST_STEP][PASSED] - global_token = private_token: null

2022-03-29 22:01:35 - [TEST_STEP][PASSED] - println("token is :" + global_token): null

2022-03-29 22:01:35 - [TEST_STEP][PASSED] - response_token = token.getResponseText(): null

2022-03-29 22:01:35 - [TEST_STEP][PASSED] - logInfo($response_token): 
            {
                "token_type": "BearerToken",
                "access_token": "q26UhPJZ5AZqmDO6zxdeREhJ9dLp",
                "expires_in": "1799",
                "scope": ""
            }
        

2022-03-29 22:01:35 - [MESSAGE][INFO] - 
            {
                "token_type": "BearerToken",
                "access_token": "q26UhPJZ5AZqmDO6zxdeREhJ9dLp",
                "expires_in": "1799",
                "scope": ""
            }
        

2022-03-29 22:01:35 - [TEST_STEP][PASSED] - feedback = sendRequest(findTestObject("4. Feedback-ins", ["s_key":global_token, "batchid":batchid, "norek":norek, "nopin":nopin, "custname":custname, "pemohon":pemohon, "branchid":branchid, ... ])): Send request successfully

2022-03-29 22:01:36 - [MESSAGE][INFO] - HAR: I:\app-testing\app-project\Order car insurance\order-car-insurance\Reports\20220329_215823\3. Get feedback insurance - Batch 1\20220329_215824\requests\main\231.har

2022-03-29 22:01:36 - [MESSAGE][PASSED] - Send request successfully

2022-03-29 22:01:36 - [TEST_STEP][PASSED] - response_feedback = feedback.getResponseText(): null

2022-03-29 22:01:36 - [TEST_STEP][PASSED] - markPassed("result feedback data : " + no + " norek : " + norek + " nopin : " + nopin): result feedback data : 125 norek : 9494001636 nopin : 001

2022-03-29 22:01:36 - [MESSAGE][PASSED] - result feedback data : 125 norek : 9494001636 nopin : 001

2022-03-29 22:01:36 - [TEST_STEP][PASSED] - logInfo($response_feedback): {
  "FeedbackCarInsuranceResponse" : {
    "errorCode" : "00",
    "errorMessage" : "Sukses"
  }
}

2022-03-29 22:01:36 - [MESSAGE][INFO] - {
  "FeedbackCarInsuranceResponse" : {
    "errorCode" : "00",
    "errorMessage" : "Sukses"
  }
}

2022-03-29 22:01:36 - [TEST_STEP][PASSED] - verifyElementPropertyValue(feedback, "FeedbackCarInsuranceResponse.errorMessage", "Sukses", CONTINUE_ON_FAILURE): Verify element property value successfully

2022-03-29 22:01:36 - [MESSAGE][PASSED] - Verify element property value successfully]]></system-out>
         <system-err><![CDATA[]]></system-err>
      </testcase>
      <testcase name="Test Cases/3. get token - feedback insurance" time="1.219" classname="Test Cases/3. get token - feedback insurance" status="PASSED">
         <system-out><![CDATA[2022-03-29 22:01:36 - [TEST_CASE][PASSED] - Test Cases/3. get token - feedback insurance: Test Cases/3. get token - feedback insurance

2022-03-29 22:01:36 - [TEST_STEP][PASSED] - token = sendRequest(findTestObject("1. Get-Token")): Send request successfully

2022-03-29 22:01:37 - [MESSAGE][INFO] - HAR: I:\app-testing\app-project\Order car insurance\order-car-insurance\Reports\20220329_215823\3. Get feedback insurance - Batch 1\20220329_215824\requests\main\232.har

2022-03-29 22:01:37 - [MESSAGE][PASSED] - Send request successfully

2022-03-29 22:01:37 - [TEST_STEP][PASSED] - slurper = new groovy.json.JsonSlurper(): null

2022-03-29 22:01:37 - [TEST_STEP][PASSED] - get_token = slurper.parseText(token.getResponseBodyContent()): null

2022-03-29 22:01:37 - [TEST_STEP][PASSED] - private_token = access_token: null

2022-03-29 22:01:37 - [TEST_STEP][PASSED] - global_token = private_token: null

2022-03-29 22:01:37 - [TEST_STEP][PASSED] - println("token is :" + global_token): null

2022-03-29 22:01:37 - [TEST_STEP][PASSED] - response_token = token.getResponseText(): null

2022-03-29 22:01:37 - [TEST_STEP][PASSED] - logInfo($response_token): 
            {
                "token_type": "BearerToken",
                "access_token": "yaHZI6JcKwuc3jwOIC8Hb5NzWLMf",
                "expires_in": "1799",
                "scope": ""
            }
        

2022-03-29 22:01:37 - [MESSAGE][INFO] - 
            {
                "token_type": "BearerToken",
                "access_token": "yaHZI6JcKwuc3jwOIC8Hb5NzWLMf",
                "expires_in": "1799",
                "scope": ""
            }
        

2022-03-29 22:01:37 - [TEST_STEP][PASSED] - feedback = sendRequest(findTestObject("4. Feedback-ins", ["s_key":global_token, "batchid":batchid, "norek":norek, "nopin":nopin, "custname":custname, "pemohon":pemohon, "branchid":branchid, ... ])): Send request successfully

2022-03-29 22:01:37 - [MESSAGE][INFO] - HAR: I:\app-testing\app-project\Order car insurance\order-car-insurance\Reports\20220329_215823\3. Get feedback insurance - Batch 1\20220329_215824\requests\main\233.har

2022-03-29 22:01:38 - [MESSAGE][PASSED] - Send request successfully

2022-03-29 22:01:38 - [TEST_STEP][PASSED] - response_feedback = feedback.getResponseText(): null

2022-03-29 22:01:38 - [TEST_STEP][PASSED] - markPassed("result feedback data : " + no + " norek : " + norek + " nopin : " + nopin): result feedback data : 126 norek : 9494001636 nopin : 001

2022-03-29 22:01:38 - [MESSAGE][PASSED] - result feedback data : 126 norek : 9494001636 nopin : 001

2022-03-29 22:01:38 - [TEST_STEP][PASSED] - logInfo($response_feedback): {
  "FeedbackCarInsuranceResponse" : {
    "errorCode" : "00",
    "errorMessage" : "Sukses"
  }
}

2022-03-29 22:01:38 - [MESSAGE][INFO] - {
  "FeedbackCarInsuranceResponse" : {
    "errorCode" : "00",
    "errorMessage" : "Sukses"
  }
}

2022-03-29 22:01:38 - [TEST_STEP][PASSED] - verifyElementPropertyValue(feedback, "FeedbackCarInsuranceResponse.errorMessage", "Sukses", CONTINUE_ON_FAILURE): Verify element property value successfully

2022-03-29 22:01:38 - [MESSAGE][PASSED] - Verify element property value successfully]]></system-out>
         <system-err><![CDATA[]]></system-err>
      </testcase>
      <testcase name="Test Cases/3. get token - feedback insurance" time="0.926" classname="Test Cases/3. get token - feedback insurance" status="PASSED">
         <system-out><![CDATA[2022-03-29 22:01:38 - [TEST_CASE][PASSED] - Test Cases/3. get token - feedback insurance: Test Cases/3. get token - feedback insurance

2022-03-29 22:01:38 - [TEST_STEP][PASSED] - token = sendRequest(findTestObject("1. Get-Token")): Send request successfully

2022-03-29 22:01:38 - [MESSAGE][INFO] - HAR: I:\app-testing\app-project\Order car insurance\order-car-insurance\Reports\20220329_215823\3. Get feedback insurance - Batch 1\20220329_215824\requests\main\234.har

2022-03-29 22:01:38 - [MESSAGE][PASSED] - Send request successfully

2022-03-29 22:01:38 - [TEST_STEP][PASSED] - slurper = new groovy.json.JsonSlurper(): null

2022-03-29 22:01:38 - [TEST_STEP][PASSED] - get_token = slurper.parseText(token.getResponseBodyContent()): null

2022-03-29 22:01:38 - [TEST_STEP][PASSED] - private_token = access_token: null

2022-03-29 22:01:38 - [TEST_STEP][PASSED] - global_token = private_token: null

2022-03-29 22:01:38 - [TEST_STEP][PASSED] - println("token is :" + global_token): null

2022-03-29 22:01:38 - [TEST_STEP][PASSED] - response_token = token.getResponseText(): null

2022-03-29 22:01:38 - [TEST_STEP][PASSED] - logInfo($response_token): 
            {
                "token_type": "BearerToken",
                "access_token": "n1SqK0g9db1QifSCpNTK4W9Tvlr5",
                "expires_in": "1799",
                "scope": ""
            }
        

2022-03-29 22:01:38 - [MESSAGE][INFO] - 
            {
                "token_type": "BearerToken",
                "access_token": "n1SqK0g9db1QifSCpNTK4W9Tvlr5",
                "expires_in": "1799",
                "scope": ""
            }
        

2022-03-29 22:01:38 - [TEST_STEP][PASSED] - feedback = sendRequest(findTestObject("4. Feedback-ins", ["s_key":global_token, "batchid":batchid, "norek":norek, "nopin":nopin, "custname":custname, "pemohon":pemohon, "branchid":branchid, ... ])): Send request successfully

2022-03-29 22:01:39 - [MESSAGE][INFO] - HAR: I:\app-testing\app-project\Order car insurance\order-car-insurance\Reports\20220329_215823\3. Get feedback insurance - Batch 1\20220329_215824\requests\main\235.har

2022-03-29 22:01:39 - [MESSAGE][PASSED] - Send request successfully

2022-03-29 22:01:39 - [TEST_STEP][PASSED] - response_feedback = feedback.getResponseText(): null

2022-03-29 22:01:39 - [TEST_STEP][PASSED] - markPassed("result feedback data : " + no + " norek : " + norek + " nopin : " + nopin): result feedback data : 127 norek : 9494001636 nopin : 001

2022-03-29 22:01:39 - [MESSAGE][PASSED] - result feedback data : 127 norek : 9494001636 nopin : 001

2022-03-29 22:01:39 - [TEST_STEP][PASSED] - logInfo($response_feedback): {
  "FeedbackCarInsuranceResponse" : {
    "errorCode" : "00",
    "errorMessage" : "Sukses"
  }
}

2022-03-29 22:01:39 - [MESSAGE][INFO] - {
  "FeedbackCarInsuranceResponse" : {
    "errorCode" : "00",
    "errorMessage" : "Sukses"
  }
}

2022-03-29 22:01:39 - [TEST_STEP][PASSED] - verifyElementPropertyValue(feedback, "FeedbackCarInsuranceResponse.errorMessage", "Sukses", CONTINUE_ON_FAILURE): Verify element property value successfully

2022-03-29 22:01:39 - [MESSAGE][PASSED] - Verify element property value successfully]]></system-out>
         <system-err><![CDATA[]]></system-err>
      </testcase>
      <testcase name="Test Cases/3. get token - feedback insurance" time="1.209" classname="Test Cases/3. get token - feedback insurance" status="PASSED">
         <system-out><![CDATA[2022-03-29 22:01:39 - [TEST_CASE][PASSED] - Test Cases/3. get token - feedback insurance: Test Cases/3. get token - feedback insurance

2022-03-29 22:01:39 - [TEST_STEP][PASSED] - token = sendRequest(findTestObject("1. Get-Token")): Send request successfully

2022-03-29 22:01:40 - [MESSAGE][INFO] - HAR: I:\app-testing\app-project\Order car insurance\order-car-insurance\Reports\20220329_215823\3. Get feedback insurance - Batch 1\20220329_215824\requests\main\236.har

2022-03-29 22:01:40 - [MESSAGE][PASSED] - Send request successfully

2022-03-29 22:01:40 - [TEST_STEP][PASSED] - slurper = new groovy.json.JsonSlurper(): null

2022-03-29 22:01:40 - [TEST_STEP][PASSED] - get_token = slurper.parseText(token.getResponseBodyContent()): null

2022-03-29 22:01:40 - [TEST_STEP][PASSED] - private_token = access_token: null

2022-03-29 22:01:40 - [TEST_STEP][PASSED] - global_token = private_token: null

2022-03-29 22:01:40 - [TEST_STEP][PASSED] - println("token is :" + global_token): null

2022-03-29 22:01:40 - [TEST_STEP][PASSED] - response_token = token.getResponseText(): null

2022-03-29 22:01:40 - [TEST_STEP][PASSED] - logInfo($response_token): 
            {
                "token_type": "BearerToken",
                "access_token": "cRFgDDGwKOlaJns0UYt0lAA6jTgW",
                "expires_in": "1799",
                "scope": ""
            }
        

2022-03-29 22:01:40 - [MESSAGE][INFO] - 
            {
                "token_type": "BearerToken",
                "access_token": "cRFgDDGwKOlaJns0UYt0lAA6jTgW",
                "expires_in": "1799",
                "scope": ""
            }
        

2022-03-29 22:01:40 - [TEST_STEP][PASSED] - feedback = sendRequest(findTestObject("4. Feedback-ins", ["s_key":global_token, "batchid":batchid, "norek":norek, "nopin":nopin, "custname":custname, "pemohon":pemohon, "branchid":branchid, ... ])): Send request successfully

2022-03-29 22:01:40 - [MESSAGE][INFO] - HAR: I:\app-testing\app-project\Order car insurance\order-car-insurance\Reports\20220329_215823\3. Get feedback insurance - Batch 1\20220329_215824\requests\main\237.har

2022-03-29 22:01:40 - [MESSAGE][PASSED] - Send request successfully

2022-03-29 22:01:40 - [TEST_STEP][PASSED] - response_feedback = feedback.getResponseText(): null

2022-03-29 22:01:40 - [TEST_STEP][PASSED] - markPassed("result feedback data : " + no + " norek : " + norek + " nopin : " + nopin): result feedback data : 128 norek : 9494001636 nopin : 001

2022-03-29 22:01:40 - [MESSAGE][PASSED] - result feedback data : 128 norek : 9494001636 nopin : 001

2022-03-29 22:01:40 - [TEST_STEP][PASSED] - logInfo($response_feedback): {
  "FeedbackCarInsuranceResponse" : {
    "errorCode" : "00",
    "errorMessage" : "Sukses"
  }
}

2022-03-29 22:01:40 - [MESSAGE][INFO] - {
  "FeedbackCarInsuranceResponse" : {
    "errorCode" : "00",
    "errorMessage" : "Sukses"
  }
}

2022-03-29 22:01:40 - [TEST_STEP][PASSED] - verifyElementPropertyValue(feedback, "FeedbackCarInsuranceResponse.errorMessage", "Sukses", CONTINUE_ON_FAILURE): Verify element property value successfully

2022-03-29 22:01:40 - [MESSAGE][PASSED] - Verify element property value successfully]]></system-out>
         <system-err><![CDATA[]]></system-err>
      </testcase>
      <testcase name="Test Cases/3. get token - feedback insurance" time="1.058" classname="Test Cases/3. get token - feedback insurance" status="PASSED">
         <system-out><![CDATA[2022-03-29 22:01:41 - [TEST_CASE][PASSED] - Test Cases/3. get token - feedback insurance: Test Cases/3. get token - feedback insurance

2022-03-29 22:01:41 - [TEST_STEP][PASSED] - token = sendRequest(findTestObject("1. Get-Token")): Send request successfully

2022-03-29 22:01:41 - [MESSAGE][INFO] - HAR: I:\app-testing\app-project\Order car insurance\order-car-insurance\Reports\20220329_215823\3. Get feedback insurance - Batch 1\20220329_215824\requests\main\238.har

2022-03-29 22:01:41 - [MESSAGE][PASSED] - Send request successfully

2022-03-29 22:01:41 - [TEST_STEP][PASSED] - slurper = new groovy.json.JsonSlurper(): null

2022-03-29 22:01:41 - [TEST_STEP][PASSED] - get_token = slurper.parseText(token.getResponseBodyContent()): null

2022-03-29 22:01:41 - [TEST_STEP][PASSED] - private_token = access_token: null

2022-03-29 22:01:41 - [TEST_STEP][PASSED] - global_token = private_token: null

2022-03-29 22:01:41 - [TEST_STEP][PASSED] - println("token is :" + global_token): null

2022-03-29 22:01:41 - [TEST_STEP][PASSED] - response_token = token.getResponseText(): null

2022-03-29 22:01:41 - [TEST_STEP][PASSED] - logInfo($response_token): 
            {
                "token_type": "BearerToken",
                "access_token": "AFGNdHPimuQRzZK26MvdFsavtiLV",
                "expires_in": "1799",
                "scope": ""
            }
        

2022-03-29 22:01:41 - [MESSAGE][INFO] - 
            {
                "token_type": "BearerToken",
                "access_token": "AFGNdHPimuQRzZK26MvdFsavtiLV",
                "expires_in": "1799",
                "scope": ""
            }
        

2022-03-29 22:01:41 - [TEST_STEP][PASSED] - feedback = sendRequest(findTestObject("4. Feedback-ins", ["s_key":global_token, "batchid":batchid, "norek":norek, "nopin":nopin, "custname":custname, "pemohon":pemohon, "branchid":branchid, ... ])): Send request successfully

2022-03-29 22:01:42 - [MESSAGE][INFO] - HAR: I:\app-testing\app-project\Order car insurance\order-car-insurance\Reports\20220329_215823\3. Get feedback insurance - Batch 1\20220329_215824\requests\main\239.har

2022-03-29 22:01:42 - [MESSAGE][PASSED] - Send request successfully

2022-03-29 22:01:42 - [TEST_STEP][PASSED] - response_feedback = feedback.getResponseText(): null

2022-03-29 22:01:42 - [TEST_STEP][PASSED] - markPassed("result feedback data : " + no + " norek : " + norek + " nopin : " + nopin): result feedback data : 129 norek : 9494001638 nopin : 001

2022-03-29 22:01:42 - [MESSAGE][PASSED] - result feedback data : 129 norek : 9494001638 nopin : 001

2022-03-29 22:01:42 - [TEST_STEP][PASSED] - logInfo($response_feedback): {
  "FeedbackCarInsuranceResponse" : {
    "errorCode" : "00",
    "errorMessage" : "Sukses"
  }
}

2022-03-29 22:01:42 - [MESSAGE][INFO] - {
  "FeedbackCarInsuranceResponse" : {
    "errorCode" : "00",
    "errorMessage" : "Sukses"
  }
}

2022-03-29 22:01:42 - [TEST_STEP][PASSED] - verifyElementPropertyValue(feedback, "FeedbackCarInsuranceResponse.errorMessage", "Sukses", CONTINUE_ON_FAILURE): Verify element property value successfully

2022-03-29 22:01:42 - [MESSAGE][PASSED] - Verify element property value successfully]]></system-out>
         <system-err><![CDATA[]]></system-err>
      </testcase>
      <testcase name="Test Cases/3. get token - feedback insurance" time="1.466" classname="Test Cases/3. get token - feedback insurance" status="PASSED">
         <system-out><![CDATA[2022-03-29 22:01:42 - [TEST_CASE][PASSED] - Test Cases/3. get token - feedback insurance: Test Cases/3. get token - feedback insurance

2022-03-29 22:01:42 - [TEST_STEP][PASSED] - token = sendRequest(findTestObject("1. Get-Token")): Send request successfully

2022-03-29 22:01:43 - [MESSAGE][INFO] - HAR: I:\app-testing\app-project\Order car insurance\order-car-insurance\Reports\20220329_215823\3. Get feedback insurance - Batch 1\20220329_215824\requests\main\240.har

2022-03-29 22:01:43 - [MESSAGE][PASSED] - Send request successfully

2022-03-29 22:01:43 - [TEST_STEP][PASSED] - slurper = new groovy.json.JsonSlurper(): null

2022-03-29 22:01:43 - [TEST_STEP][PASSED] - get_token = slurper.parseText(token.getResponseBodyContent()): null

2022-03-29 22:01:43 - [TEST_STEP][PASSED] - private_token = access_token: null

2022-03-29 22:01:43 - [TEST_STEP][PASSED] - global_token = private_token: null

2022-03-29 22:01:43 - [TEST_STEP][PASSED] - println("token is :" + global_token): null

2022-03-29 22:01:43 - [TEST_STEP][PASSED] - response_token = token.getResponseText(): null

2022-03-29 22:01:43 - [TEST_STEP][PASSED] - logInfo($response_token): 
            {
                "token_type": "BearerToken",
                "access_token": "DSHtHeyeUmwG7voVrqOAtB4Sva88",
                "expires_in": "1799",
                "scope": ""
            }
        

2022-03-29 22:01:43 - [MESSAGE][INFO] - 
            {
                "token_type": "BearerToken",
                "access_token": "DSHtHeyeUmwG7voVrqOAtB4Sva88",
                "expires_in": "1799",
                "scope": ""
            }
        

2022-03-29 22:01:43 - [TEST_STEP][PASSED] - feedback = sendRequest(findTestObject("4. Feedback-ins", ["s_key":global_token, "batchid":batchid, "norek":norek, "nopin":nopin, "custname":custname, "pemohon":pemohon, "branchid":branchid, ... ])): Send request successfully

2022-03-29 22:01:44 - [MESSAGE][INFO] - HAR: I:\app-testing\app-project\Order car insurance\order-car-insurance\Reports\20220329_215823\3. Get feedback insurance - Batch 1\20220329_215824\requests\main\241.har

2022-03-29 22:01:44 - [MESSAGE][PASSED] - Send request successfully

2022-03-29 22:01:44 - [TEST_STEP][PASSED] - response_feedback = feedback.getResponseText(): null

2022-03-29 22:01:44 - [TEST_STEP][PASSED] - markPassed("result feedback data : " + no + " norek : " + norek + " nopin : " + nopin): result feedback data : 130 norek : 9506008377 nopin : 001

2022-03-29 22:01:44 - [MESSAGE][PASSED] - result feedback data : 130 norek : 9506008377 nopin : 001

2022-03-29 22:01:44 - [TEST_STEP][PASSED] - logInfo($response_feedback): {
  "FeedbackCarInsuranceResponse" : {
    "errorCode" : "00",
    "errorMessage" : "Sukses"
  }
}

2022-03-29 22:01:44 - [MESSAGE][INFO] - {
  "FeedbackCarInsuranceResponse" : {
    "errorCode" : "00",
    "errorMessage" : "Sukses"
  }
}

2022-03-29 22:01:44 - [TEST_STEP][PASSED] - verifyElementPropertyValue(feedback, "FeedbackCarInsuranceResponse.errorMessage", "Sukses", CONTINUE_ON_FAILURE): Verify element property value successfully

2022-03-29 22:01:44 - [MESSAGE][PASSED] - Verify element property value successfully]]></system-out>
         <system-err><![CDATA[]]></system-err>
      </testcase>
      <testcase name="Test Cases/3. get token - feedback insurance" time="1.049" classname="Test Cases/3. get token - feedback insurance" status="PASSED">
         <system-out><![CDATA[2022-03-29 22:01:44 - [TEST_CASE][PASSED] - Test Cases/3. get token - feedback insurance: Test Cases/3. get token - feedback insurance

2022-03-29 22:01:44 - [TEST_STEP][PASSED] - token = sendRequest(findTestObject("1. Get-Token")): Send request successfully

2022-03-29 22:01:45 - [MESSAGE][INFO] - HAR: I:\app-testing\app-project\Order car insurance\order-car-insurance\Reports\20220329_215823\3. Get feedback insurance - Batch 1\20220329_215824\requests\main\242.har

2022-03-29 22:01:45 - [MESSAGE][PASSED] - Send request successfully

2022-03-29 22:01:45 - [TEST_STEP][PASSED] - slurper = new groovy.json.JsonSlurper(): null

2022-03-29 22:01:45 - [TEST_STEP][PASSED] - get_token = slurper.parseText(token.getResponseBodyContent()): null

2022-03-29 22:01:45 - [TEST_STEP][PASSED] - private_token = access_token: null

2022-03-29 22:01:45 - [TEST_STEP][PASSED] - global_token = private_token: null

2022-03-29 22:01:45 - [TEST_STEP][PASSED] - println("token is :" + global_token): null

2022-03-29 22:01:45 - [TEST_STEP][PASSED] - response_token = token.getResponseText(): null

2022-03-29 22:01:45 - [TEST_STEP][PASSED] - logInfo($response_token): 
            {
                "token_type": "BearerToken",
                "access_token": "wA3TxXM8sAQoRPy294casG5hRk7q",
                "expires_in": "1799",
                "scope": ""
            }
        

2022-03-29 22:01:45 - [MESSAGE][INFO] - 
            {
                "token_type": "BearerToken",
                "access_token": "wA3TxXM8sAQoRPy294casG5hRk7q",
                "expires_in": "1799",
                "scope": ""
            }
        

2022-03-29 22:01:45 - [TEST_STEP][PASSED] - feedback = sendRequest(findTestObject("4. Feedback-ins", ["s_key":global_token, "batchid":batchid, "norek":norek, "nopin":nopin, "custname":custname, "pemohon":pemohon, "branchid":branchid, ... ])): Send request successfully

2022-03-29 22:01:45 - [MESSAGE][INFO] - HAR: I:\app-testing\app-project\Order car insurance\order-car-insurance\Reports\20220329_215823\3. Get feedback insurance - Batch 1\20220329_215824\requests\main\243.har

2022-03-29 22:01:45 - [MESSAGE][PASSED] - Send request successfully

2022-03-29 22:01:45 - [TEST_STEP][PASSED] - response_feedback = feedback.getResponseText(): null

2022-03-29 22:01:45 - [TEST_STEP][PASSED] - markPassed("result feedback data : " + no + " norek : " + norek + " nopin : " + nopin): result feedback data : 131 norek : 9506008377 nopin : 001

2022-03-29 22:01:45 - [MESSAGE][PASSED] - result feedback data : 131 norek : 9506008377 nopin : 001

2022-03-29 22:01:45 - [TEST_STEP][PASSED] - logInfo($response_feedback): {
  "FeedbackCarInsuranceResponse" : {
    "errorCode" : "00",
    "errorMessage" : "Sukses"
  }
}

2022-03-29 22:01:45 - [MESSAGE][INFO] - {
  "FeedbackCarInsuranceResponse" : {
    "errorCode" : "00",
    "errorMessage" : "Sukses"
  }
}

2022-03-29 22:01:45 - [TEST_STEP][PASSED] - verifyElementPropertyValue(feedback, "FeedbackCarInsuranceResponse.errorMessage", "Sukses", CONTINUE_ON_FAILURE): Verify element property value successfully

2022-03-29 22:01:45 - [MESSAGE][PASSED] - Verify element property value successfully]]></system-out>
         <system-err><![CDATA[]]></system-err>
      </testcase>
      <testcase name="Test Cases/3. get token - feedback insurance" time="1.294" classname="Test Cases/3. get token - feedback insurance" status="PASSED">
         <system-out><![CDATA[2022-03-29 22:01:46 - [TEST_CASE][PASSED] - Test Cases/3. get token - feedback insurance: Test Cases/3. get token - feedback insurance

2022-03-29 22:01:46 - [TEST_STEP][PASSED] - token = sendRequest(findTestObject("1. Get-Token")): Send request successfully

2022-03-29 22:01:46 - [MESSAGE][INFO] - HAR: I:\app-testing\app-project\Order car insurance\order-car-insurance\Reports\20220329_215823\3. Get feedback insurance - Batch 1\20220329_215824\requests\main\244.har

2022-03-29 22:01:46 - [MESSAGE][PASSED] - Send request successfully

2022-03-29 22:01:46 - [TEST_STEP][PASSED] - slurper = new groovy.json.JsonSlurper(): null

2022-03-29 22:01:46 - [TEST_STEP][PASSED] - get_token = slurper.parseText(token.getResponseBodyContent()): null

2022-03-29 22:01:46 - [TEST_STEP][PASSED] - private_token = access_token: null

2022-03-29 22:01:46 - [TEST_STEP][PASSED] - global_token = private_token: null

2022-03-29 22:01:46 - [TEST_STEP][PASSED] - println("token is :" + global_token): null

2022-03-29 22:01:46 - [TEST_STEP][PASSED] - response_token = token.getResponseText(): null

2022-03-29 22:01:46 - [TEST_STEP][PASSED] - logInfo($response_token): 
            {
                "token_type": "BearerToken",
                "access_token": "dGWA9L2pGTU03Yzpvyr4CqNWK4NP",
                "expires_in": "1799",
                "scope": ""
            }
        

2022-03-29 22:01:46 - [MESSAGE][INFO] - 
            {
                "token_type": "BearerToken",
                "access_token": "dGWA9L2pGTU03Yzpvyr4CqNWK4NP",
                "expires_in": "1799",
                "scope": ""
            }
        

2022-03-29 22:01:46 - [TEST_STEP][PASSED] - feedback = sendRequest(findTestObject("4. Feedback-ins", ["s_key":global_token, "batchid":batchid, "norek":norek, "nopin":nopin, "custname":custname, "pemohon":pemohon, "branchid":branchid, ... ])): Send request successfully

2022-03-29 22:01:47 - [MESSAGE][INFO] - HAR: I:\app-testing\app-project\Order car insurance\order-car-insurance\Reports\20220329_215823\3. Get feedback insurance - Batch 1\20220329_215824\requests\main\245.har

2022-03-29 22:01:47 - [MESSAGE][PASSED] - Send request successfully

2022-03-29 22:01:47 - [TEST_STEP][PASSED] - response_feedback = feedback.getResponseText(): null

2022-03-29 22:01:47 - [TEST_STEP][PASSED] - markPassed("result feedback data : " + no + " norek : " + norek + " nopin : " + nopin): result feedback data : 132 norek : 9506008377 nopin : 001

2022-03-29 22:01:47 - [MESSAGE][PASSED] - result feedback data : 132 norek : 9506008377 nopin : 001

2022-03-29 22:01:47 - [TEST_STEP][PASSED] - logInfo($response_feedback): {
  "FeedbackCarInsuranceResponse" : {
    "errorCode" : "00",
    "errorMessage" : "Sukses"
  }
}

2022-03-29 22:01:47 - [MESSAGE][INFO] - {
  "FeedbackCarInsuranceResponse" : {
    "errorCode" : "00",
    "errorMessage" : "Sukses"
  }
}

2022-03-29 22:01:47 - [TEST_STEP][PASSED] - verifyElementPropertyValue(feedback, "FeedbackCarInsuranceResponse.errorMessage", "Sukses", CONTINUE_ON_FAILURE): Verify element property value successfully

2022-03-29 22:01:47 - [MESSAGE][PASSED] - Verify element property value successfully]]></system-out>
         <system-err><![CDATA[]]></system-err>
      </testcase>
      <testcase name="Test Cases/3. get token - feedback insurance" time="1.067" classname="Test Cases/3. get token - feedback insurance" status="PASSED">
         <system-out><![CDATA[2022-03-29 22:01:47 - [TEST_CASE][PASSED] - Test Cases/3. get token - feedback insurance: Test Cases/3. get token - feedback insurance

2022-03-29 22:01:47 - [TEST_STEP][PASSED] - token = sendRequest(findTestObject("1. Get-Token")): Send request successfully

2022-03-29 22:01:48 - [MESSAGE][INFO] - HAR: I:\app-testing\app-project\Order car insurance\order-car-insurance\Reports\20220329_215823\3. Get feedback insurance - Batch 1\20220329_215824\requests\main\246.har

2022-03-29 22:01:48 - [MESSAGE][PASSED] - Send request successfully

2022-03-29 22:01:48 - [TEST_STEP][PASSED] - slurper = new groovy.json.JsonSlurper(): null

2022-03-29 22:01:48 - [TEST_STEP][PASSED] - get_token = slurper.parseText(token.getResponseBodyContent()): null

2022-03-29 22:01:48 - [TEST_STEP][PASSED] - private_token = access_token: null

2022-03-29 22:01:48 - [TEST_STEP][PASSED] - global_token = private_token: null

2022-03-29 22:01:48 - [TEST_STEP][PASSED] - println("token is :" + global_token): null

2022-03-29 22:01:48 - [TEST_STEP][PASSED] - response_token = token.getResponseText(): null

2022-03-29 22:01:48 - [TEST_STEP][PASSED] - logInfo($response_token): 
            {
                "token_type": "BearerToken",
                "access_token": "PhoYBWBFeJVSqhv3BDMjXkXDzB0a",
                "expires_in": "1799",
                "scope": ""
            }
        

2022-03-29 22:01:48 - [MESSAGE][INFO] - 
            {
                "token_type": "BearerToken",
                "access_token": "PhoYBWBFeJVSqhv3BDMjXkXDzB0a",
                "expires_in": "1799",
                "scope": ""
            }
        

2022-03-29 22:01:48 - [TEST_STEP][PASSED] - feedback = sendRequest(findTestObject("4. Feedback-ins", ["s_key":global_token, "batchid":batchid, "norek":norek, "nopin":nopin, "custname":custname, "pemohon":pemohon, "branchid":branchid, ... ])): Send request successfully

2022-03-29 22:01:48 - [MESSAGE][INFO] - HAR: I:\app-testing\app-project\Order car insurance\order-car-insurance\Reports\20220329_215823\3. Get feedback insurance - Batch 1\20220329_215824\requests\main\247.har

2022-03-29 22:01:48 - [MESSAGE][PASSED] - Send request successfully

2022-03-29 22:01:48 - [TEST_STEP][PASSED] - response_feedback = feedback.getResponseText(): null

2022-03-29 22:01:48 - [TEST_STEP][PASSED] - markPassed("result feedback data : " + no + " norek : " + norek + " nopin : " + nopin): result feedback data : 133 norek : 9506008377 nopin : 001

2022-03-29 22:01:48 - [MESSAGE][PASSED] - result feedback data : 133 norek : 9506008377 nopin : 001

2022-03-29 22:01:48 - [TEST_STEP][PASSED] - logInfo($response_feedback): {
  "FeedbackCarInsuranceResponse" : {
    "errorCode" : "00",
    "errorMessage" : "Sukses"
  }
}

2022-03-29 22:01:48 - [MESSAGE][INFO] - {
  "FeedbackCarInsuranceResponse" : {
    "errorCode" : "00",
    "errorMessage" : "Sukses"
  }
}

2022-03-29 22:01:48 - [TEST_STEP][PASSED] - verifyElementPropertyValue(feedback, "FeedbackCarInsuranceResponse.errorMessage", "Sukses", CONTINUE_ON_FAILURE): Verify element property value successfully

2022-03-29 22:01:48 - [MESSAGE][PASSED] - Verify element property value successfully]]></system-out>
         <system-err><![CDATA[]]></system-err>
      </testcase>
      <testcase name="Test Cases/3. get token - feedback insurance" time="1.217" classname="Test Cases/3. get token - feedback insurance" status="PASSED">
         <system-out><![CDATA[2022-03-29 22:01:49 - [TEST_CASE][PASSED] - Test Cases/3. get token - feedback insurance: Test Cases/3. get token - feedback insurance

2022-03-29 22:01:49 - [TEST_STEP][PASSED] - token = sendRequest(findTestObject("1. Get-Token")): Send request successfully

2022-03-29 22:01:49 - [MESSAGE][INFO] - HAR: I:\app-testing\app-project\Order car insurance\order-car-insurance\Reports\20220329_215823\3. Get feedback insurance - Batch 1\20220329_215824\requests\main\248.har

2022-03-29 22:01:49 - [MESSAGE][PASSED] - Send request successfully

2022-03-29 22:01:49 - [TEST_STEP][PASSED] - slurper = new groovy.json.JsonSlurper(): null

2022-03-29 22:01:49 - [TEST_STEP][PASSED] - get_token = slurper.parseText(token.getResponseBodyContent()): null

2022-03-29 22:01:49 - [TEST_STEP][PASSED] - private_token = access_token: null

2022-03-29 22:01:49 - [TEST_STEP][PASSED] - global_token = private_token: null

2022-03-29 22:01:49 - [TEST_STEP][PASSED] - println("token is :" + global_token): null

2022-03-29 22:01:49 - [TEST_STEP][PASSED] - response_token = token.getResponseText(): null

2022-03-29 22:01:49 - [TEST_STEP][PASSED] - logInfo($response_token): 
            {
                "token_type": "BearerToken",
                "access_token": "majLetklSw70ReYQIpSQdk28mTHo",
                "expires_in": "1799",
                "scope": ""
            }
        

2022-03-29 22:01:49 - [MESSAGE][INFO] - 
            {
                "token_type": "BearerToken",
                "access_token": "majLetklSw70ReYQIpSQdk28mTHo",
                "expires_in": "1799",
                "scope": ""
            }
        

2022-03-29 22:01:49 - [TEST_STEP][PASSED] - feedback = sendRequest(findTestObject("4. Feedback-ins", ["s_key":global_token, "batchid":batchid, "norek":norek, "nopin":nopin, "custname":custname, "pemohon":pemohon, "branchid":branchid, ... ])): Send request successfully

2022-03-29 22:01:50 - [MESSAGE][INFO] - HAR: I:\app-testing\app-project\Order car insurance\order-car-insurance\Reports\20220329_215823\3. Get feedback insurance - Batch 1\20220329_215824\requests\main\249.har

2022-03-29 22:01:50 - [MESSAGE][PASSED] - Send request successfully

2022-03-29 22:01:50 - [TEST_STEP][PASSED] - response_feedback = feedback.getResponseText(): null

2022-03-29 22:01:50 - [TEST_STEP][PASSED] - markPassed("result feedback data : " + no + " norek : " + norek + " nopin : " + nopin): result feedback data : 134 norek : 9506008377 nopin : 001

2022-03-29 22:01:50 - [MESSAGE][PASSED] - result feedback data : 134 norek : 9506008377 nopin : 001

2022-03-29 22:01:50 - [TEST_STEP][PASSED] - logInfo($response_feedback): {
  "FeedbackCarInsuranceResponse" : {
    "errorCode" : "00",
    "errorMessage" : "Sukses"
  }
}

2022-03-29 22:01:50 - [MESSAGE][INFO] - {
  "FeedbackCarInsuranceResponse" : {
    "errorCode" : "00",
    "errorMessage" : "Sukses"
  }
}

2022-03-29 22:01:50 - [TEST_STEP][PASSED] - verifyElementPropertyValue(feedback, "FeedbackCarInsuranceResponse.errorMessage", "Sukses", CONTINUE_ON_FAILURE): Verify element property value successfully

2022-03-29 22:01:50 - [MESSAGE][PASSED] - Verify element property value successfully]]></system-out>
         <system-err><![CDATA[]]></system-err>
      </testcase>
      <testcase name="Test Cases/3. get token - feedback insurance" time="1.13" classname="Test Cases/3. get token - feedback insurance" status="PASSED">
         <system-out><![CDATA[2022-03-29 22:01:50 - [TEST_CASE][PASSED] - Test Cases/3. get token - feedback insurance: Test Cases/3. get token - feedback insurance

2022-03-29 22:01:50 - [TEST_STEP][PASSED] - token = sendRequest(findTestObject("1. Get-Token")): Send request successfully

2022-03-29 22:01:51 - [MESSAGE][INFO] - HAR: I:\app-testing\app-project\Order car insurance\order-car-insurance\Reports\20220329_215823\3. Get feedback insurance - Batch 1\20220329_215824\requests\main\250.har

2022-03-29 22:01:51 - [MESSAGE][PASSED] - Send request successfully

2022-03-29 22:01:51 - [TEST_STEP][PASSED] - slurper = new groovy.json.JsonSlurper(): null

2022-03-29 22:01:51 - [TEST_STEP][PASSED] - get_token = slurper.parseText(token.getResponseBodyContent()): null

2022-03-29 22:01:51 - [TEST_STEP][PASSED] - private_token = access_token: null

2022-03-29 22:01:51 - [TEST_STEP][PASSED] - global_token = private_token: null

2022-03-29 22:01:51 - [TEST_STEP][PASSED] - println("token is :" + global_token): null

2022-03-29 22:01:51 - [TEST_STEP][PASSED] - response_token = token.getResponseText(): null

2022-03-29 22:01:51 - [TEST_STEP][PASSED] - logInfo($response_token): 
            {
                "token_type": "BearerToken",
                "access_token": "fBYKl0G6kF5TJVQWyWVp7pnHfpWh",
                "expires_in": "1799",
                "scope": ""
            }
        

2022-03-29 22:01:51 - [MESSAGE][INFO] - 
            {
                "token_type": "BearerToken",
                "access_token": "fBYKl0G6kF5TJVQWyWVp7pnHfpWh",
                "expires_in": "1799",
                "scope": ""
            }
        

2022-03-29 22:01:51 - [TEST_STEP][PASSED] - feedback = sendRequest(findTestObject("4. Feedback-ins", ["s_key":global_token, "batchid":batchid, "norek":norek, "nopin":nopin, "custname":custname, "pemohon":pemohon, "branchid":branchid, ... ])): Send request successfully

2022-03-29 22:01:52 - [MESSAGE][INFO] - HAR: I:\app-testing\app-project\Order car insurance\order-car-insurance\Reports\20220329_215823\3. Get feedback insurance - Batch 1\20220329_215824\requests\main\251.har

2022-03-29 22:01:52 - [MESSAGE][PASSED] - Send request successfully

2022-03-29 22:01:52 - [TEST_STEP][PASSED] - response_feedback = feedback.getResponseText(): null

2022-03-29 22:01:52 - [TEST_STEP][PASSED] - markPassed("result feedback data : " + no + " norek : " + norek + " nopin : " + nopin): result feedback data : 135 norek : 9506008392 nopin : 001

2022-03-29 22:01:52 - [MESSAGE][PASSED] - result feedback data : 135 norek : 9506008392 nopin : 001

2022-03-29 22:01:52 - [TEST_STEP][PASSED] - logInfo($response_feedback): {
  "FeedbackCarInsuranceResponse" : {
    "errorCode" : "00",
    "errorMessage" : "Sukses"
  }
}

2022-03-29 22:01:52 - [MESSAGE][INFO] - {
  "FeedbackCarInsuranceResponse" : {
    "errorCode" : "00",
    "errorMessage" : "Sukses"
  }
}

2022-03-29 22:01:52 - [TEST_STEP][PASSED] - verifyElementPropertyValue(feedback, "FeedbackCarInsuranceResponse.errorMessage", "Sukses", CONTINUE_ON_FAILURE): Verify element property value successfully

2022-03-29 22:01:52 - [MESSAGE][PASSED] - Verify element property value successfully]]></system-out>
         <system-err><![CDATA[]]></system-err>
      </testcase>
      <testcase name="Test Cases/3. get token - feedback insurance" time="1.097" classname="Test Cases/3. get token - feedback insurance" status="PASSED">
         <system-out><![CDATA[2022-03-29 22:01:52 - [TEST_CASE][PASSED] - Test Cases/3. get token - feedback insurance: Test Cases/3. get token - feedback insurance

2022-03-29 22:01:52 - [TEST_STEP][PASSED] - token = sendRequest(findTestObject("1. Get-Token")): Send request successfully

2022-03-29 22:01:52 - [MESSAGE][INFO] - HAR: I:\app-testing\app-project\Order car insurance\order-car-insurance\Reports\20220329_215823\3. Get feedback insurance - Batch 1\20220329_215824\requests\main\252.har

2022-03-29 22:01:52 - [MESSAGE][PASSED] - Send request successfully

2022-03-29 22:01:52 - [TEST_STEP][PASSED] - slurper = new groovy.json.JsonSlurper(): null

2022-03-29 22:01:52 - [TEST_STEP][PASSED] - get_token = slurper.parseText(token.getResponseBodyContent()): null

2022-03-29 22:01:52 - [TEST_STEP][PASSED] - private_token = access_token: null

2022-03-29 22:01:52 - [TEST_STEP][PASSED] - global_token = private_token: null

2022-03-29 22:01:52 - [TEST_STEP][PASSED] - println("token is :" + global_token): null

2022-03-29 22:01:52 - [TEST_STEP][PASSED] - response_token = token.getResponseText(): null

2022-03-29 22:01:52 - [TEST_STEP][PASSED] - logInfo($response_token): 
            {
                "token_type": "BearerToken",
                "access_token": "uiaIG3BWKG1gbtAL4DJezXftat0M",
                "expires_in": "1799",
                "scope": ""
            }
        

2022-03-29 22:01:52 - [MESSAGE][INFO] - 
            {
                "token_type": "BearerToken",
                "access_token": "uiaIG3BWKG1gbtAL4DJezXftat0M",
                "expires_in": "1799",
                "scope": ""
            }
        

2022-03-29 22:01:52 - [TEST_STEP][PASSED] - feedback = sendRequest(findTestObject("4. Feedback-ins", ["s_key":global_token, "batchid":batchid, "norek":norek, "nopin":nopin, "custname":custname, "pemohon":pemohon, "branchid":branchid, ... ])): Send request successfully

2022-03-29 22:01:53 - [MESSAGE][INFO] - HAR: I:\app-testing\app-project\Order car insurance\order-car-insurance\Reports\20220329_215823\3. Get feedback insurance - Batch 1\20220329_215824\requests\main\253.har

2022-03-29 22:01:53 - [MESSAGE][PASSED] - Send request successfully

2022-03-29 22:01:53 - [TEST_STEP][PASSED] - response_feedback = feedback.getResponseText(): null

2022-03-29 22:01:53 - [TEST_STEP][PASSED] - markPassed("result feedback data : " + no + " norek : " + norek + " nopin : " + nopin): result feedback data : 136 norek : 9506008392 nopin : 001

2022-03-29 22:01:53 - [MESSAGE][PASSED] - result feedback data : 136 norek : 9506008392 nopin : 001

2022-03-29 22:01:53 - [TEST_STEP][PASSED] - logInfo($response_feedback): {
  "FeedbackCarInsuranceResponse" : {
    "errorCode" : "00",
    "errorMessage" : "Sukses"
  }
}

2022-03-29 22:01:53 - [MESSAGE][INFO] - {
  "FeedbackCarInsuranceResponse" : {
    "errorCode" : "00",
    "errorMessage" : "Sukses"
  }
}

2022-03-29 22:01:53 - [TEST_STEP][PASSED] - verifyElementPropertyValue(feedback, "FeedbackCarInsuranceResponse.errorMessage", "Sukses", CONTINUE_ON_FAILURE): Verify element property value successfully

2022-03-29 22:01:53 - [MESSAGE][PASSED] - Verify element property value successfully]]></system-out>
         <system-err><![CDATA[]]></system-err>
      </testcase>
      <testcase name="Test Cases/3. get token - feedback insurance" time="1.148" classname="Test Cases/3. get token - feedback insurance" status="PASSED">
         <system-out><![CDATA[2022-03-29 22:01:53 - [TEST_CASE][PASSED] - Test Cases/3. get token - feedback insurance: Test Cases/3. get token - feedback insurance

2022-03-29 22:01:53 - [TEST_STEP][PASSED] - token = sendRequest(findTestObject("1. Get-Token")): Send request successfully

2022-03-29 22:01:54 - [MESSAGE][INFO] - HAR: I:\app-testing\app-project\Order car insurance\order-car-insurance\Reports\20220329_215823\3. Get feedback insurance - Batch 1\20220329_215824\requests\main\254.har

2022-03-29 22:01:54 - [MESSAGE][PASSED] - Send request successfully

2022-03-29 22:01:54 - [TEST_STEP][PASSED] - slurper = new groovy.json.JsonSlurper(): null

2022-03-29 22:01:54 - [TEST_STEP][PASSED] - get_token = slurper.parseText(token.getResponseBodyContent()): null

2022-03-29 22:01:54 - [TEST_STEP][PASSED] - private_token = access_token: null

2022-03-29 22:01:54 - [TEST_STEP][PASSED] - global_token = private_token: null

2022-03-29 22:01:54 - [TEST_STEP][PASSED] - println("token is :" + global_token): null

2022-03-29 22:01:54 - [TEST_STEP][PASSED] - response_token = token.getResponseText(): null

2022-03-29 22:01:54 - [TEST_STEP][PASSED] - logInfo($response_token): 
            {
                "token_type": "BearerToken",
                "access_token": "PdNBUOLHyqmAhBe3pyjQZeGAwrfi",
                "expires_in": "1799",
                "scope": ""
            }
        

2022-03-29 22:01:54 - [MESSAGE][INFO] - 
            {
                "token_type": "BearerToken",
                "access_token": "PdNBUOLHyqmAhBe3pyjQZeGAwrfi",
                "expires_in": "1799",
                "scope": ""
            }
        

2022-03-29 22:01:54 - [TEST_STEP][PASSED] - feedback = sendRequest(findTestObject("4. Feedback-ins", ["s_key":global_token, "batchid":batchid, "norek":norek, "nopin":nopin, "custname":custname, "pemohon":pemohon, "branchid":branchid, ... ])): Send request successfully

2022-03-29 22:01:55 - [MESSAGE][INFO] - HAR: I:\app-testing\app-project\Order car insurance\order-car-insurance\Reports\20220329_215823\3. Get feedback insurance - Batch 1\20220329_215824\requests\main\255.har

2022-03-29 22:01:55 - [MESSAGE][PASSED] - Send request successfully

2022-03-29 22:01:55 - [TEST_STEP][PASSED] - response_feedback = feedback.getResponseText(): null

2022-03-29 22:01:55 - [TEST_STEP][PASSED] - markPassed("result feedback data : " + no + " norek : " + norek + " nopin : " + nopin): result feedback data : 137 norek : 9506008392 nopin : 001

2022-03-29 22:01:55 - [MESSAGE][PASSED] - result feedback data : 137 norek : 9506008392 nopin : 001

2022-03-29 22:01:55 - [TEST_STEP][PASSED] - logInfo($response_feedback): {
  "FeedbackCarInsuranceResponse" : {
    "errorCode" : "00",
    "errorMessage" : "Sukses"
  }
}

2022-03-29 22:01:55 - [MESSAGE][INFO] - {
  "FeedbackCarInsuranceResponse" : {
    "errorCode" : "00",
    "errorMessage" : "Sukses"
  }
}

2022-03-29 22:01:55 - [TEST_STEP][PASSED] - verifyElementPropertyValue(feedback, "FeedbackCarInsuranceResponse.errorMessage", "Sukses", CONTINUE_ON_FAILURE): Verify element property value successfully

2022-03-29 22:01:55 - [MESSAGE][PASSED] - Verify element property value successfully]]></system-out>
         <system-err><![CDATA[]]></system-err>
      </testcase>
      <testcase name="Test Cases/3. get token - feedback insurance" time="1.048" classname="Test Cases/3. get token - feedback insurance" status="PASSED">
         <system-out><![CDATA[2022-03-29 22:01:56 - [TEST_CASE][PASSED] - Test Cases/3. get token - feedback insurance: Test Cases/3. get token - feedback insurance

2022-03-29 22:01:56 - [TEST_STEP][PASSED] - token = sendRequest(findTestObject("1. Get-Token")): Send request successfully

2022-03-29 22:01:56 - [MESSAGE][INFO] - HAR: I:\app-testing\app-project\Order car insurance\order-car-insurance\Reports\20220329_215823\3. Get feedback insurance - Batch 1\20220329_215824\requests\main\256.har

2022-03-29 22:01:56 - [MESSAGE][PASSED] - Send request successfully

2022-03-29 22:01:56 - [TEST_STEP][PASSED] - slurper = new groovy.json.JsonSlurper(): null

2022-03-29 22:01:56 - [TEST_STEP][PASSED] - get_token = slurper.parseText(token.getResponseBodyContent()): null

2022-03-29 22:01:56 - [TEST_STEP][PASSED] - private_token = access_token: null

2022-03-29 22:01:56 - [TEST_STEP][PASSED] - global_token = private_token: null

2022-03-29 22:01:56 - [TEST_STEP][PASSED] - println("token is :" + global_token): null

2022-03-29 22:01:56 - [TEST_STEP][PASSED] - response_token = token.getResponseText(): null

2022-03-29 22:01:56 - [TEST_STEP][PASSED] - logInfo($response_token): 
            {
                "token_type": "BearerToken",
                "access_token": "slsSa1Lf45lCOcwKpfSEyJlEM4vG",
                "expires_in": "1799",
                "scope": ""
            }
        

2022-03-29 22:01:56 - [MESSAGE][INFO] - 
            {
                "token_type": "BearerToken",
                "access_token": "slsSa1Lf45lCOcwKpfSEyJlEM4vG",
                "expires_in": "1799",
                "scope": ""
            }
        

2022-03-29 22:01:56 - [TEST_STEP][PASSED] - feedback = sendRequest(findTestObject("4. Feedback-ins", ["s_key":global_token, "batchid":batchid, "norek":norek, "nopin":nopin, "custname":custname, "pemohon":pemohon, "branchid":branchid, ... ])): Send request successfully

2022-03-29 22:01:57 - [MESSAGE][INFO] - HAR: I:\app-testing\app-project\Order car insurance\order-car-insurance\Reports\20220329_215823\3. Get feedback insurance - Batch 1\20220329_215824\requests\main\257.har

2022-03-29 22:01:57 - [MESSAGE][PASSED] - Send request successfully

2022-03-29 22:01:57 - [TEST_STEP][PASSED] - response_feedback = feedback.getResponseText(): null

2022-03-29 22:01:57 - [TEST_STEP][PASSED] - markPassed("result feedback data : " + no + " norek : " + norek + " nopin : " + nopin): result feedback data : 138 norek : 9506008392 nopin : 001

2022-03-29 22:01:57 - [MESSAGE][PASSED] - result feedback data : 138 norek : 9506008392 nopin : 001

2022-03-29 22:01:57 - [TEST_STEP][PASSED] - logInfo($response_feedback): {
  "FeedbackCarInsuranceResponse" : {
    "errorCode" : "00",
    "errorMessage" : "Sukses"
  }
}

2022-03-29 22:01:57 - [MESSAGE][INFO] - {
  "FeedbackCarInsuranceResponse" : {
    "errorCode" : "00",
    "errorMessage" : "Sukses"
  }
}

2022-03-29 22:01:57 - [TEST_STEP][PASSED] - verifyElementPropertyValue(feedback, "FeedbackCarInsuranceResponse.errorMessage", "Sukses", CONTINUE_ON_FAILURE): Verify element property value successfully

2022-03-29 22:01:57 - [MESSAGE][PASSED] - Verify element property value successfully]]></system-out>
         <system-err><![CDATA[]]></system-err>
      </testcase>
      <testcase name="Test Cases/3. get token - feedback insurance" time="0.95" classname="Test Cases/3. get token - feedback insurance" status="PASSED">
         <system-out><![CDATA[2022-03-29 22:01:57 - [TEST_CASE][PASSED] - Test Cases/3. get token - feedback insurance: Test Cases/3. get token - feedback insurance

2022-03-29 22:01:57 - [TEST_STEP][PASSED] - token = sendRequest(findTestObject("1. Get-Token")): Send request successfully

2022-03-29 22:01:57 - [MESSAGE][INFO] - HAR: I:\app-testing\app-project\Order car insurance\order-car-insurance\Reports\20220329_215823\3. Get feedback insurance - Batch 1\20220329_215824\requests\main\258.har

2022-03-29 22:01:57 - [MESSAGE][PASSED] - Send request successfully

2022-03-29 22:01:57 - [TEST_STEP][PASSED] - slurper = new groovy.json.JsonSlurper(): null

2022-03-29 22:01:57 - [TEST_STEP][PASSED] - get_token = slurper.parseText(token.getResponseBodyContent()): null

2022-03-29 22:01:57 - [TEST_STEP][PASSED] - private_token = access_token: null

2022-03-29 22:01:57 - [TEST_STEP][PASSED] - global_token = private_token: null

2022-03-29 22:01:57 - [TEST_STEP][PASSED] - println("token is :" + global_token): null

2022-03-29 22:01:57 - [TEST_STEP][PASSED] - response_token = token.getResponseText(): null

2022-03-29 22:01:57 - [TEST_STEP][PASSED] - logInfo($response_token): 
            {
                "token_type": "BearerToken",
                "access_token": "C1G8hWz33p6pSGdqMpI68eqGI6mB",
                "expires_in": "1799",
                "scope": ""
            }
        

2022-03-29 22:01:57 - [MESSAGE][INFO] - 
            {
                "token_type": "BearerToken",
                "access_token": "C1G8hWz33p6pSGdqMpI68eqGI6mB",
                "expires_in": "1799",
                "scope": ""
            }
        

2022-03-29 22:01:57 - [TEST_STEP][PASSED] - feedback = sendRequest(findTestObject("4. Feedback-ins", ["s_key":global_token, "batchid":batchid, "norek":norek, "nopin":nopin, "custname":custname, "pemohon":pemohon, "branchid":branchid, ... ])): Send request successfully

2022-03-29 22:01:58 - [MESSAGE][INFO] - HAR: I:\app-testing\app-project\Order car insurance\order-car-insurance\Reports\20220329_215823\3. Get feedback insurance - Batch 1\20220329_215824\requests\main\259.har

2022-03-29 22:01:58 - [MESSAGE][PASSED] - Send request successfully

2022-03-29 22:01:58 - [TEST_STEP][PASSED] - response_feedback = feedback.getResponseText(): null

2022-03-29 22:01:58 - [TEST_STEP][PASSED] - markPassed("result feedback data : " + no + " norek : " + norek + " nopin : " + nopin): result feedback data : 139 norek : 9506008392 nopin : 001

2022-03-29 22:01:58 - [MESSAGE][PASSED] - result feedback data : 139 norek : 9506008392 nopin : 001

2022-03-29 22:01:58 - [TEST_STEP][PASSED] - logInfo($response_feedback): {
  "FeedbackCarInsuranceResponse" : {
    "errorCode" : "00",
    "errorMessage" : "Sukses"
  }
}

2022-03-29 22:01:58 - [MESSAGE][INFO] - {
  "FeedbackCarInsuranceResponse" : {
    "errorCode" : "00",
    "errorMessage" : "Sukses"
  }
}

2022-03-29 22:01:58 - [TEST_STEP][PASSED] - verifyElementPropertyValue(feedback, "FeedbackCarInsuranceResponse.errorMessage", "Sukses", CONTINUE_ON_FAILURE): Verify element property value successfully

2022-03-29 22:01:58 - [MESSAGE][PASSED] - Verify element property value successfully]]></system-out>
         <system-err><![CDATA[]]></system-err>
      </testcase>
      <testcase name="Test Cases/3. get token - feedback insurance" time="0.975" classname="Test Cases/3. get token - feedback insurance" status="FAILED">
         <failure type="FAILED" message="Test Cases/3. get token - feedback insurance FAILED.
Reason:
com.kms.katalon.core.exception.StepFailedException: Expected element property value 'Sukses' is not equal with actual property value 'OSB Service Callout action received SOAP Fault response'
	at com.kms.katalon.core.keyword.internal.KeywordMain.stepFailed(KeywordMain.groovy:39)
	at com.kms.katalon.core.webservice.keyword.builtin.VerifyElementPropertyValueKeyword$_verifyElementPropertyValue_closure1.doCall(VerifyElementPropertyValueKeyword.groovy:56)
	at com.kms.katalon.core.webservice.keyword.builtin.VerifyElementPropertyValueKeyword$_verifyElementPropertyValue_closure1.call(VerifyElementPropertyValueKeyword.groovy)
	at com.kms.katalon.core.keyword.internal.KeywordMain.runKeyword(KeywordMain.groovy:74)
	at com.kms.katalon.core.webservice.keyword.builtin.VerifyElementPropertyValueKeyword.verifyElementPropertyValue(VerifyElementPropertyValueKeyword.groovy:48)
	at com.kms.katalon.core.webservice.keyword.builtin.VerifyElementPropertyValueKeyword.execute(VerifyElementPropertyValueKeyword.groovy:43)
	at com.kms.katalon.core.keyword.internal.KeywordExecutor.executeKeywordForPlatform(KeywordExecutor.groovy:74)
	at com.kms.katalon.core.webservice.keyword.WSBuiltInKeywords.verifyElementPropertyValue(WSBuiltInKeywords.groovy:175)
	at com.kms.katalon.core.webservice.keyword.WSBuiltInKeywords$verifyElementPropertyValue$0.call(Unknown Source)
	at 3. get token - feedback insurance.run(3. get token - feedback insurance:59)
	at com.kms.katalon.core.main.ScriptEngine.run(ScriptEngine.java:194)
	at com.kms.katalon.core.main.ScriptEngine.runScriptAsRawText(ScriptEngine.java:119)
	at com.kms.katalon.core.main.TestCaseExecutor.runScript(TestCaseExecutor.java:442)
	at com.kms.katalon.core.main.TestCaseExecutor.doExecute(TestCaseExecutor.java:433)
	at com.kms.katalon.core.main.TestCaseExecutor.processExecutionPhase(TestCaseExecutor.java:412)
	at com.kms.katalon.core.main.TestCaseExecutor.accessMainPhase(TestCaseExecutor.java:404)
	at com.kms.katalon.core.main.TestCaseExecutor.execute(TestCaseExecutor.java:281)
	at com.kms.katalon.core.main.TestSuiteExecutor.accessTestCaseMainPhase(TestSuiteExecutor.java:202)
	at com.kms.katalon.core.main.TestSuiteExecutor.accessTestSuiteMainPhase(TestSuiteExecutor.java:164)
	at com.kms.katalon.core.main.TestSuiteExecutor.execute(TestSuiteExecutor.java:105)
	at com.kms.katalon.core.main.TestCaseMain.startTestSuite(TestCaseMain.java:181)
	at com.kms.katalon.core.main.TestCaseMain$startTestSuite$0.call(Unknown Source)
	at TempTestSuite1648565904909.run(TempTestSuite1648565904909.groovy:36)
"/>
         <system-out><![CDATA[2022-03-29 22:01:59 - [TEST_CASE][FAILED] - Test Cases/3. get token - feedback insurance: Test Cases/3. get token - feedback insurance FAILED.
Reason:
com.kms.katalon.core.exception.StepFailedException: Expected element property value 'Sukses' is not equal with actual property value 'OSB Service Callout action received SOAP Fault response'
	at com.kms.katalon.core.keyword.internal.KeywordMain.stepFailed(KeywordMain.groovy:39)
	at com.kms.katalon.core.webservice.keyword.builtin.VerifyElementPropertyValueKeyword$_verifyElementPropertyValue_closure1.doCall(VerifyElementPropertyValueKeyword.groovy:56)
	at com.kms.katalon.core.webservice.keyword.builtin.VerifyElementPropertyValueKeyword$_verifyElementPropertyValue_closure1.call(VerifyElementPropertyValueKeyword.groovy)
	at com.kms.katalon.core.keyword.internal.KeywordMain.runKeyword(KeywordMain.groovy:74)
	at com.kms.katalon.core.webservice.keyword.builtin.VerifyElementPropertyValueKeyword.verifyElementPropertyValue(VerifyElementPropertyValueKeyword.groovy:48)
	at com.kms.katalon.core.webservice.keyword.builtin.VerifyElementPropertyValueKeyword.execute(VerifyElementPropertyValueKeyword.groovy:43)
	at com.kms.katalon.core.keyword.internal.KeywordExecutor.executeKeywordForPlatform(KeywordExecutor.groovy:74)
	at com.kms.katalon.core.webservice.keyword.WSBuiltInKeywords.verifyElementPropertyValue(WSBuiltInKeywords.groovy:175)
	at com.kms.katalon.core.webservice.keyword.WSBuiltInKeywords$verifyElementPropertyValue$0.call(Unknown Source)
	at 3. get token - feedback insurance.run(3. get token - feedback insurance:59)
	at com.kms.katalon.core.main.ScriptEngine.run(ScriptEngine.java:194)
	at com.kms.katalon.core.main.ScriptEngine.runScriptAsRawText(ScriptEngine.java:119)
	at com.kms.katalon.core.main.TestCaseExecutor.runScript(TestCaseExecutor.java:442)
	at com.kms.katalon.core.main.TestCaseExecutor.doExecute(TestCaseExecutor.java:433)
	at com.kms.katalon.core.main.TestCaseExecutor.processExecutionPhase(TestCaseExecutor.java:412)
	at com.kms.katalon.core.main.TestCaseExecutor.accessMainPhase(TestCaseExecutor.java:404)
	at com.kms.katalon.core.main.TestCaseExecutor.execute(TestCaseExecutor.java:281)
	at com.kms.katalon.core.main.TestSuiteExecutor.accessTestCaseMainPhase(TestSuiteExecutor.java:202)
	at com.kms.katalon.core.main.TestSuiteExecutor.accessTestSuiteMainPhase(TestSuiteExecutor.java:164)
	at com.kms.katalon.core.main.TestSuiteExecutor.execute(TestSuiteExecutor.java:105)
	at com.kms.katalon.core.main.TestCaseMain.startTestSuite(TestCaseMain.java:181)
	at com.kms.katalon.core.main.TestCaseMain$startTestSuite$0.call(Unknown Source)
	at TempTestSuite1648565904909.run(TempTestSuite1648565904909.groovy:36)


2022-03-29 22:01:59 - [TEST_STEP][PASSED] - token = sendRequest(findTestObject("1. Get-Token")): Send request successfully

2022-03-29 22:01:59 - [MESSAGE][INFO] - HAR: I:\app-testing\app-project\Order car insurance\order-car-insurance\Reports\20220329_215823\3. Get feedback insurance - Batch 1\20220329_215824\requests\main\260.har

2022-03-29 22:01:59 - [MESSAGE][PASSED] - Send request successfully

2022-03-29 22:01:59 - [TEST_STEP][PASSED] - slurper = new groovy.json.JsonSlurper(): null

2022-03-29 22:01:59 - [TEST_STEP][PASSED] - get_token = slurper.parseText(token.getResponseBodyContent()): null

2022-03-29 22:01:59 - [TEST_STEP][PASSED] - private_token = access_token: null

2022-03-29 22:01:59 - [TEST_STEP][PASSED] - global_token = private_token: null

2022-03-29 22:01:59 - [TEST_STEP][PASSED] - println("token is :" + global_token): null

2022-03-29 22:01:59 - [TEST_STEP][PASSED] - response_token = token.getResponseText(): null

2022-03-29 22:01:59 - [TEST_STEP][PASSED] - logInfo($response_token): 
            {
                "token_type": "BearerToken",
                "access_token": "epH1fEhC6Mz8QJZ8oQ26Ls94YatM",
                "expires_in": "1799",
                "scope": ""
            }
        

2022-03-29 22:01:59 - [MESSAGE][INFO] - 
            {
                "token_type": "BearerToken",
                "access_token": "epH1fEhC6Mz8QJZ8oQ26Ls94YatM",
                "expires_in": "1799",
                "scope": ""
            }
        

2022-03-29 22:01:59 - [TEST_STEP][PASSED] - feedback = sendRequest(findTestObject("4. Feedback-ins", ["s_key":global_token, "batchid":batchid, "norek":norek, "nopin":nopin, "custname":custname, "pemohon":pemohon, "branchid":branchid, ... ])): Send request successfully

2022-03-29 22:02:00 - [MESSAGE][INFO] - HAR: I:\app-testing\app-project\Order car insurance\order-car-insurance\Reports\20220329_215823\3. Get feedback insurance - Batch 1\20220329_215824\requests\main\261.har

2022-03-29 22:02:00 - [MESSAGE][PASSED] - Send request successfully

2022-03-29 22:02:00 - [TEST_STEP][PASSED] - response_feedback = feedback.getResponseText(): null

2022-03-29 22:02:00 - [TEST_STEP][PASSED] - markPassed("result feedback data : " + no + " norek : " + norek + " nopin : " + nopin): result feedback data : 140 norek : 9506008432 nopin : 001

2022-03-29 22:02:00 - [MESSAGE][PASSED] - result feedback data : 140 norek : 9506008432 nopin : 001

2022-03-29 22:02:00 - [TEST_STEP][PASSED] - logInfo($response_feedback): <?xml version="1.0" encoding="UTF-8"?>
<err:RestError xmlns:err="http://www.bea.com/wli/sb/errors"><err:errorMessage>OSB Service Callout action received SOAP Fault response</err:errorMessage><err:errorCode>OSB-382500</err:errorCode></err:RestError>

2022-03-29 22:02:00 - [MESSAGE][INFO] - <?xml version="1.0" encoding="UTF-8"?>
<err:RestError xmlns:err="http://www.bea.com/wli/sb/errors"><err:errorMessage>OSB Service Callout action received SOAP Fault response</err:errorMessage><err:errorCode>OSB-382500</err:errorCode></err:RestError>

2022-03-29 22:02:00 - [TEST_STEP][FAILED] - verifyElementPropertyValue(feedback, "FeedbackCarInsuranceResponse.errorMessage", "Sukses", CONTINUE_ON_FAILURE): Expected element property value 'Sukses' is not equal with actual property value 'OSB Service Callout action received SOAP Fault response'

2022-03-29 22:02:00 - [MESSAGE][FAILED] - Expected element property value 'Sukses' is not equal with actual property value 'OSB Service Callout action received SOAP Fault response']]></system-out>
         <system-err><![CDATA[2022-03-29 22:01:59 - [TEST_CASE][FAILED] - Test Cases/3. get token - feedback insurance: Test Cases/3. get token - feedback insurance FAILED.
Reason:
com.kms.katalon.core.exception.StepFailedException: Expected element property value 'Sukses' is not equal with actual property value 'OSB Service Callout action received SOAP Fault response'
	at com.kms.katalon.core.keyword.internal.KeywordMain.stepFailed(KeywordMain.groovy:39)
	at com.kms.katalon.core.webservice.keyword.builtin.VerifyElementPropertyValueKeyword$_verifyElementPropertyValue_closure1.doCall(VerifyElementPropertyValueKeyword.groovy:56)
	at com.kms.katalon.core.webservice.keyword.builtin.VerifyElementPropertyValueKeyword$_verifyElementPropertyValue_closure1.call(VerifyElementPropertyValueKeyword.groovy)
	at com.kms.katalon.core.keyword.internal.KeywordMain.runKeyword(KeywordMain.groovy:74)
	at com.kms.katalon.core.webservice.keyword.builtin.VerifyElementPropertyValueKeyword.verifyElementPropertyValue(VerifyElementPropertyValueKeyword.groovy:48)
	at com.kms.katalon.core.webservice.keyword.builtin.VerifyElementPropertyValueKeyword.execute(VerifyElementPropertyValueKeyword.groovy:43)
	at com.kms.katalon.core.keyword.internal.KeywordExecutor.executeKeywordForPlatform(KeywordExecutor.groovy:74)
	at com.kms.katalon.core.webservice.keyword.WSBuiltInKeywords.verifyElementPropertyValue(WSBuiltInKeywords.groovy:175)
	at com.kms.katalon.core.webservice.keyword.WSBuiltInKeywords$verifyElementPropertyValue$0.call(Unknown Source)
	at 3. get token - feedback insurance.run(3. get token - feedback insurance:59)
	at com.kms.katalon.core.main.ScriptEngine.run(ScriptEngine.java:194)
	at com.kms.katalon.core.main.ScriptEngine.runScriptAsRawText(ScriptEngine.java:119)
	at com.kms.katalon.core.main.TestCaseExecutor.runScript(TestCaseExecutor.java:442)
	at com.kms.katalon.core.main.TestCaseExecutor.doExecute(TestCaseExecutor.java:433)
	at com.kms.katalon.core.main.TestCaseExecutor.processExecutionPhase(TestCaseExecutor.java:412)
	at com.kms.katalon.core.main.TestCaseExecutor.accessMainPhase(TestCaseExecutor.java:404)
	at com.kms.katalon.core.main.TestCaseExecutor.execute(TestCaseExecutor.java:281)
	at com.kms.katalon.core.main.TestSuiteExecutor.accessTestCaseMainPhase(TestSuiteExecutor.java:202)
	at com.kms.katalon.core.main.TestSuiteExecutor.accessTestSuiteMainPhase(TestSuiteExecutor.java:164)
	at com.kms.katalon.core.main.TestSuiteExecutor.execute(TestSuiteExecutor.java:105)
	at com.kms.katalon.core.main.TestCaseMain.startTestSuite(TestCaseMain.java:181)
	at com.kms.katalon.core.main.TestCaseMain$startTestSuite$0.call(Unknown Source)
	at TempTestSuite1648565904909.run(TempTestSuite1648565904909.groovy:36)]]></system-err>
      </testcase>
      <testcase name="Test Cases/3. get token - feedback insurance" time="0.901" classname="Test Cases/3. get token - feedback insurance" status="FAILED">
         <failure type="FAILED" message="Test Cases/3. get token - feedback insurance FAILED.
Reason:
com.kms.katalon.core.exception.StepFailedException: Expected element property value 'Sukses' is not equal with actual property value 'OSB Service Callout action received SOAP Fault response'
	at com.kms.katalon.core.keyword.internal.KeywordMain.stepFailed(KeywordMain.groovy:39)
	at com.kms.katalon.core.webservice.keyword.builtin.VerifyElementPropertyValueKeyword$_verifyElementPropertyValue_closure1.doCall(VerifyElementPropertyValueKeyword.groovy:56)
	at com.kms.katalon.core.webservice.keyword.builtin.VerifyElementPropertyValueKeyword$_verifyElementPropertyValue_closure1.call(VerifyElementPropertyValueKeyword.groovy)
	at com.kms.katalon.core.keyword.internal.KeywordMain.runKeyword(KeywordMain.groovy:74)
	at com.kms.katalon.core.webservice.keyword.builtin.VerifyElementPropertyValueKeyword.verifyElementPropertyValue(VerifyElementPropertyValueKeyword.groovy:48)
	at com.kms.katalon.core.webservice.keyword.builtin.VerifyElementPropertyValueKeyword.execute(VerifyElementPropertyValueKeyword.groovy:43)
	at com.kms.katalon.core.keyword.internal.KeywordExecutor.executeKeywordForPlatform(KeywordExecutor.groovy:74)
	at com.kms.katalon.core.webservice.keyword.WSBuiltInKeywords.verifyElementPropertyValue(WSBuiltInKeywords.groovy:175)
	at com.kms.katalon.core.webservice.keyword.WSBuiltInKeywords$verifyElementPropertyValue$0.call(Unknown Source)
	at 3. get token - feedback insurance.run(3. get token - feedback insurance:59)
	at com.kms.katalon.core.main.ScriptEngine.run(ScriptEngine.java:194)
	at com.kms.katalon.core.main.ScriptEngine.runScriptAsRawText(ScriptEngine.java:119)
	at com.kms.katalon.core.main.TestCaseExecutor.runScript(TestCaseExecutor.java:442)
	at com.kms.katalon.core.main.TestCaseExecutor.doExecute(TestCaseExecutor.java:433)
	at com.kms.katalon.core.main.TestCaseExecutor.processExecutionPhase(TestCaseExecutor.java:412)
	at com.kms.katalon.core.main.TestCaseExecutor.accessMainPhase(TestCaseExecutor.java:404)
	at com.kms.katalon.core.main.TestCaseExecutor.execute(TestCaseExecutor.java:281)
	at com.kms.katalon.core.main.TestSuiteExecutor.accessTestCaseMainPhase(TestSuiteExecutor.java:202)
	at com.kms.katalon.core.main.TestSuiteExecutor.accessTestSuiteMainPhase(TestSuiteExecutor.java:164)
	at com.kms.katalon.core.main.TestSuiteExecutor.execute(TestSuiteExecutor.java:105)
	at com.kms.katalon.core.main.TestCaseMain.startTestSuite(TestCaseMain.java:181)
	at com.kms.katalon.core.main.TestCaseMain$startTestSuite$0.call(Unknown Source)
	at TempTestSuite1648565904909.run(TempTestSuite1648565904909.groovy:36)
"/>
         <system-out><![CDATA[2022-03-29 22:02:00 - [TEST_CASE][FAILED] - Test Cases/3. get token - feedback insurance: Test Cases/3. get token - feedback insurance FAILED.
Reason:
com.kms.katalon.core.exception.StepFailedException: Expected element property value 'Sukses' is not equal with actual property value 'OSB Service Callout action received SOAP Fault response'
	at com.kms.katalon.core.keyword.internal.KeywordMain.stepFailed(KeywordMain.groovy:39)
	at com.kms.katalon.core.webservice.keyword.builtin.VerifyElementPropertyValueKeyword$_verifyElementPropertyValue_closure1.doCall(VerifyElementPropertyValueKeyword.groovy:56)
	at com.kms.katalon.core.webservice.keyword.builtin.VerifyElementPropertyValueKeyword$_verifyElementPropertyValue_closure1.call(VerifyElementPropertyValueKeyword.groovy)
	at com.kms.katalon.core.keyword.internal.KeywordMain.runKeyword(KeywordMain.groovy:74)
	at com.kms.katalon.core.webservice.keyword.builtin.VerifyElementPropertyValueKeyword.verifyElementPropertyValue(VerifyElementPropertyValueKeyword.groovy:48)
	at com.kms.katalon.core.webservice.keyword.builtin.VerifyElementPropertyValueKeyword.execute(VerifyElementPropertyValueKeyword.groovy:43)
	at com.kms.katalon.core.keyword.internal.KeywordExecutor.executeKeywordForPlatform(KeywordExecutor.groovy:74)
	at com.kms.katalon.core.webservice.keyword.WSBuiltInKeywords.verifyElementPropertyValue(WSBuiltInKeywords.groovy:175)
	at com.kms.katalon.core.webservice.keyword.WSBuiltInKeywords$verifyElementPropertyValue$0.call(Unknown Source)
	at 3. get token - feedback insurance.run(3. get token - feedback insurance:59)
	at com.kms.katalon.core.main.ScriptEngine.run(ScriptEngine.java:194)
	at com.kms.katalon.core.main.ScriptEngine.runScriptAsRawText(ScriptEngine.java:119)
	at com.kms.katalon.core.main.TestCaseExecutor.runScript(TestCaseExecutor.java:442)
	at com.kms.katalon.core.main.TestCaseExecutor.doExecute(TestCaseExecutor.java:433)
	at com.kms.katalon.core.main.TestCaseExecutor.processExecutionPhase(TestCaseExecutor.java:412)
	at com.kms.katalon.core.main.TestCaseExecutor.accessMainPhase(TestCaseExecutor.java:404)
	at com.kms.katalon.core.main.TestCaseExecutor.execute(TestCaseExecutor.java:281)
	at com.kms.katalon.core.main.TestSuiteExecutor.accessTestCaseMainPhase(TestSuiteExecutor.java:202)
	at com.kms.katalon.core.main.TestSuiteExecutor.accessTestSuiteMainPhase(TestSuiteExecutor.java:164)
	at com.kms.katalon.core.main.TestSuiteExecutor.execute(TestSuiteExecutor.java:105)
	at com.kms.katalon.core.main.TestCaseMain.startTestSuite(TestCaseMain.java:181)
	at com.kms.katalon.core.main.TestCaseMain$startTestSuite$0.call(Unknown Source)
	at TempTestSuite1648565904909.run(TempTestSuite1648565904909.groovy:36)


2022-03-29 22:02:00 - [TEST_STEP][PASSED] - token = sendRequest(findTestObject("1. Get-Token")): Send request successfully

2022-03-29 22:02:00 - [MESSAGE][INFO] - HAR: I:\app-testing\app-project\Order car insurance\order-car-insurance\Reports\20220329_215823\3. Get feedback insurance - Batch 1\20220329_215824\requests\main\262.har

2022-03-29 22:02:00 - [MESSAGE][PASSED] - Send request successfully

2022-03-29 22:02:00 - [TEST_STEP][PASSED] - slurper = new groovy.json.JsonSlurper(): null

2022-03-29 22:02:00 - [TEST_STEP][PASSED] - get_token = slurper.parseText(token.getResponseBodyContent()): null

2022-03-29 22:02:00 - [TEST_STEP][PASSED] - private_token = access_token: null

2022-03-29 22:02:00 - [TEST_STEP][PASSED] - global_token = private_token: null

2022-03-29 22:02:00 - [TEST_STEP][PASSED] - println("token is :" + global_token): null

2022-03-29 22:02:00 - [TEST_STEP][PASSED] - response_token = token.getResponseText(): null

2022-03-29 22:02:00 - [TEST_STEP][PASSED] - logInfo($response_token): 
            {
                "token_type": "BearerToken",
                "access_token": "k73yAjMmx7Ic7zdD6mgEopZhi79p",
                "expires_in": "1799",
                "scope": ""
            }
        

2022-03-29 22:02:00 - [MESSAGE][INFO] - 
            {
                "token_type": "BearerToken",
                "access_token": "k73yAjMmx7Ic7zdD6mgEopZhi79p",
                "expires_in": "1799",
                "scope": ""
            }
        

2022-03-29 22:02:00 - [TEST_STEP][PASSED] - feedback = sendRequest(findTestObject("4. Feedback-ins", ["s_key":global_token, "batchid":batchid, "norek":norek, "nopin":nopin, "custname":custname, "pemohon":pemohon, "branchid":branchid, ... ])): Send request successfully

2022-03-29 22:02:01 - [MESSAGE][INFO] - HAR: I:\app-testing\app-project\Order car insurance\order-car-insurance\Reports\20220329_215823\3. Get feedback insurance - Batch 1\20220329_215824\requests\main\263.har

2022-03-29 22:02:01 - [MESSAGE][PASSED] - Send request successfully

2022-03-29 22:02:01 - [TEST_STEP][PASSED] - response_feedback = feedback.getResponseText(): null

2022-03-29 22:02:01 - [TEST_STEP][PASSED] - markPassed("result feedback data : " + no + " norek : " + norek + " nopin : " + nopin): result feedback data : 141 norek : 9506008432 nopin : 001

2022-03-29 22:02:01 - [MESSAGE][PASSED] - result feedback data : 141 norek : 9506008432 nopin : 001

2022-03-29 22:02:01 - [TEST_STEP][PASSED] - logInfo($response_feedback): <?xml version="1.0" encoding="UTF-8"?>
<err:RestError xmlns:err="http://www.bea.com/wli/sb/errors"><err:errorMessage>OSB Service Callout action received SOAP Fault response</err:errorMessage><err:errorCode>OSB-382500</err:errorCode></err:RestError>

2022-03-29 22:02:01 - [MESSAGE][INFO] - <?xml version="1.0" encoding="UTF-8"?>
<err:RestError xmlns:err="http://www.bea.com/wli/sb/errors"><err:errorMessage>OSB Service Callout action received SOAP Fault response</err:errorMessage><err:errorCode>OSB-382500</err:errorCode></err:RestError>

2022-03-29 22:02:01 - [TEST_STEP][FAILED] - verifyElementPropertyValue(feedback, "FeedbackCarInsuranceResponse.errorMessage", "Sukses", CONTINUE_ON_FAILURE): Expected element property value 'Sukses' is not equal with actual property value 'OSB Service Callout action received SOAP Fault response'

2022-03-29 22:02:01 - [MESSAGE][FAILED] - Expected element property value 'Sukses' is not equal with actual property value 'OSB Service Callout action received SOAP Fault response']]></system-out>
         <system-err><![CDATA[2022-03-29 22:02:00 - [TEST_CASE][FAILED] - Test Cases/3. get token - feedback insurance: Test Cases/3. get token - feedback insurance FAILED.
Reason:
com.kms.katalon.core.exception.StepFailedException: Expected element property value 'Sukses' is not equal with actual property value 'OSB Service Callout action received SOAP Fault response'
	at com.kms.katalon.core.keyword.internal.KeywordMain.stepFailed(KeywordMain.groovy:39)
	at com.kms.katalon.core.webservice.keyword.builtin.VerifyElementPropertyValueKeyword$_verifyElementPropertyValue_closure1.doCall(VerifyElementPropertyValueKeyword.groovy:56)
	at com.kms.katalon.core.webservice.keyword.builtin.VerifyElementPropertyValueKeyword$_verifyElementPropertyValue_closure1.call(VerifyElementPropertyValueKeyword.groovy)
	at com.kms.katalon.core.keyword.internal.KeywordMain.runKeyword(KeywordMain.groovy:74)
	at com.kms.katalon.core.webservice.keyword.builtin.VerifyElementPropertyValueKeyword.verifyElementPropertyValue(VerifyElementPropertyValueKeyword.groovy:48)
	at com.kms.katalon.core.webservice.keyword.builtin.VerifyElementPropertyValueKeyword.execute(VerifyElementPropertyValueKeyword.groovy:43)
	at com.kms.katalon.core.keyword.internal.KeywordExecutor.executeKeywordForPlatform(KeywordExecutor.groovy:74)
	at com.kms.katalon.core.webservice.keyword.WSBuiltInKeywords.verifyElementPropertyValue(WSBuiltInKeywords.groovy:175)
	at com.kms.katalon.core.webservice.keyword.WSBuiltInKeywords$verifyElementPropertyValue$0.call(Unknown Source)
	at 3. get token - feedback insurance.run(3. get token - feedback insurance:59)
	at com.kms.katalon.core.main.ScriptEngine.run(ScriptEngine.java:194)
	at com.kms.katalon.core.main.ScriptEngine.runScriptAsRawText(ScriptEngine.java:119)
	at com.kms.katalon.core.main.TestCaseExecutor.runScript(TestCaseExecutor.java:442)
	at com.kms.katalon.core.main.TestCaseExecutor.doExecute(TestCaseExecutor.java:433)
	at com.kms.katalon.core.main.TestCaseExecutor.processExecutionPhase(TestCaseExecutor.java:412)
	at com.kms.katalon.core.main.TestCaseExecutor.accessMainPhase(TestCaseExecutor.java:404)
	at com.kms.katalon.core.main.TestCaseExecutor.execute(TestCaseExecutor.java:281)
	at com.kms.katalon.core.main.TestSuiteExecutor.accessTestCaseMainPhase(TestSuiteExecutor.java:202)
	at com.kms.katalon.core.main.TestSuiteExecutor.accessTestSuiteMainPhase(TestSuiteExecutor.java:164)
	at com.kms.katalon.core.main.TestSuiteExecutor.execute(TestSuiteExecutor.java:105)
	at com.kms.katalon.core.main.TestCaseMain.startTestSuite(TestCaseMain.java:181)
	at com.kms.katalon.core.main.TestCaseMain$startTestSuite$0.call(Unknown Source)
	at TempTestSuite1648565904909.run(TempTestSuite1648565904909.groovy:36)]]></system-err>
      </testcase>
      <testcase name="Test Cases/3. get token - feedback insurance" time="0.915" classname="Test Cases/3. get token - feedback insurance" status="FAILED">
         <failure type="FAILED" message="Test Cases/3. get token - feedback insurance FAILED.
Reason:
com.kms.katalon.core.exception.StepFailedException: Expected element property value 'Sukses' is not equal with actual property value 'OSB Service Callout action received SOAP Fault response'
	at com.kms.katalon.core.keyword.internal.KeywordMain.stepFailed(KeywordMain.groovy:39)
	at com.kms.katalon.core.webservice.keyword.builtin.VerifyElementPropertyValueKeyword$_verifyElementPropertyValue_closure1.doCall(VerifyElementPropertyValueKeyword.groovy:56)
	at com.kms.katalon.core.webservice.keyword.builtin.VerifyElementPropertyValueKeyword$_verifyElementPropertyValue_closure1.call(VerifyElementPropertyValueKeyword.groovy)
	at com.kms.katalon.core.keyword.internal.KeywordMain.runKeyword(KeywordMain.groovy:74)
	at com.kms.katalon.core.webservice.keyword.builtin.VerifyElementPropertyValueKeyword.verifyElementPropertyValue(VerifyElementPropertyValueKeyword.groovy:48)
	at com.kms.katalon.core.webservice.keyword.builtin.VerifyElementPropertyValueKeyword.execute(VerifyElementPropertyValueKeyword.groovy:43)
	at com.kms.katalon.core.keyword.internal.KeywordExecutor.executeKeywordForPlatform(KeywordExecutor.groovy:74)
	at com.kms.katalon.core.webservice.keyword.WSBuiltInKeywords.verifyElementPropertyValue(WSBuiltInKeywords.groovy:175)
	at com.kms.katalon.core.webservice.keyword.WSBuiltInKeywords$verifyElementPropertyValue$0.call(Unknown Source)
	at 3. get token - feedback insurance.run(3. get token - feedback insurance:59)
	at com.kms.katalon.core.main.ScriptEngine.run(ScriptEngine.java:194)
	at com.kms.katalon.core.main.ScriptEngine.runScriptAsRawText(ScriptEngine.java:119)
	at com.kms.katalon.core.main.TestCaseExecutor.runScript(TestCaseExecutor.java:442)
	at com.kms.katalon.core.main.TestCaseExecutor.doExecute(TestCaseExecutor.java:433)
	at com.kms.katalon.core.main.TestCaseExecutor.processExecutionPhase(TestCaseExecutor.java:412)
	at com.kms.katalon.core.main.TestCaseExecutor.accessMainPhase(TestCaseExecutor.java:404)
	at com.kms.katalon.core.main.TestCaseExecutor.execute(TestCaseExecutor.java:281)
	at com.kms.katalon.core.main.TestSuiteExecutor.accessTestCaseMainPhase(TestSuiteExecutor.java:202)
	at com.kms.katalon.core.main.TestSuiteExecutor.accessTestSuiteMainPhase(TestSuiteExecutor.java:164)
	at com.kms.katalon.core.main.TestSuiteExecutor.execute(TestSuiteExecutor.java:105)
	at com.kms.katalon.core.main.TestCaseMain.startTestSuite(TestCaseMain.java:181)
	at com.kms.katalon.core.main.TestCaseMain$startTestSuite$0.call(Unknown Source)
	at TempTestSuite1648565904909.run(TempTestSuite1648565904909.groovy:36)
"/>
         <system-out><![CDATA[2022-03-29 22:02:01 - [TEST_CASE][FAILED] - Test Cases/3. get token - feedback insurance: Test Cases/3. get token - feedback insurance FAILED.
Reason:
com.kms.katalon.core.exception.StepFailedException: Expected element property value 'Sukses' is not equal with actual property value 'OSB Service Callout action received SOAP Fault response'
	at com.kms.katalon.core.keyword.internal.KeywordMain.stepFailed(KeywordMain.groovy:39)
	at com.kms.katalon.core.webservice.keyword.builtin.VerifyElementPropertyValueKeyword$_verifyElementPropertyValue_closure1.doCall(VerifyElementPropertyValueKeyword.groovy:56)
	at com.kms.katalon.core.webservice.keyword.builtin.VerifyElementPropertyValueKeyword$_verifyElementPropertyValue_closure1.call(VerifyElementPropertyValueKeyword.groovy)
	at com.kms.katalon.core.keyword.internal.KeywordMain.runKeyword(KeywordMain.groovy:74)
	at com.kms.katalon.core.webservice.keyword.builtin.VerifyElementPropertyValueKeyword.verifyElementPropertyValue(VerifyElementPropertyValueKeyword.groovy:48)
	at com.kms.katalon.core.webservice.keyword.builtin.VerifyElementPropertyValueKeyword.execute(VerifyElementPropertyValueKeyword.groovy:43)
	at com.kms.katalon.core.keyword.internal.KeywordExecutor.executeKeywordForPlatform(KeywordExecutor.groovy:74)
	at com.kms.katalon.core.webservice.keyword.WSBuiltInKeywords.verifyElementPropertyValue(WSBuiltInKeywords.groovy:175)
	at com.kms.katalon.core.webservice.keyword.WSBuiltInKeywords$verifyElementPropertyValue$0.call(Unknown Source)
	at 3. get token - feedback insurance.run(3. get token - feedback insurance:59)
	at com.kms.katalon.core.main.ScriptEngine.run(ScriptEngine.java:194)
	at com.kms.katalon.core.main.ScriptEngine.runScriptAsRawText(ScriptEngine.java:119)
	at com.kms.katalon.core.main.TestCaseExecutor.runScript(TestCaseExecutor.java:442)
	at com.kms.katalon.core.main.TestCaseExecutor.doExecute(TestCaseExecutor.java:433)
	at com.kms.katalon.core.main.TestCaseExecutor.processExecutionPhase(TestCaseExecutor.java:412)
	at com.kms.katalon.core.main.TestCaseExecutor.accessMainPhase(TestCaseExecutor.java:404)
	at com.kms.katalon.core.main.TestCaseExecutor.execute(TestCaseExecutor.java:281)
	at com.kms.katalon.core.main.TestSuiteExecutor.accessTestCaseMainPhase(TestSuiteExecutor.java:202)
	at com.kms.katalon.core.main.TestSuiteExecutor.accessTestSuiteMainPhase(TestSuiteExecutor.java:164)
	at com.kms.katalon.core.main.TestSuiteExecutor.execute(TestSuiteExecutor.java:105)
	at com.kms.katalon.core.main.TestCaseMain.startTestSuite(TestCaseMain.java:181)
	at com.kms.katalon.core.main.TestCaseMain$startTestSuite$0.call(Unknown Source)
	at TempTestSuite1648565904909.run(TempTestSuite1648565904909.groovy:36)


2022-03-29 22:02:01 - [TEST_STEP][PASSED] - token = sendRequest(findTestObject("1. Get-Token")): Send request successfully

2022-03-29 22:02:01 - [MESSAGE][INFO] - HAR: I:\app-testing\app-project\Order car insurance\order-car-insurance\Reports\20220329_215823\3. Get feedback insurance - Batch 1\20220329_215824\requests\main\264.har

2022-03-29 22:02:01 - [MESSAGE][PASSED] - Send request successfully

2022-03-29 22:02:01 - [TEST_STEP][PASSED] - slurper = new groovy.json.JsonSlurper(): null

2022-03-29 22:02:01 - [TEST_STEP][PASSED] - get_token = slurper.parseText(token.getResponseBodyContent()): null

2022-03-29 22:02:01 - [TEST_STEP][PASSED] - private_token = access_token: null

2022-03-29 22:02:01 - [TEST_STEP][PASSED] - global_token = private_token: null

2022-03-29 22:02:01 - [TEST_STEP][PASSED] - println("token is :" + global_token): null

2022-03-29 22:02:01 - [TEST_STEP][PASSED] - response_token = token.getResponseText(): null

2022-03-29 22:02:01 - [TEST_STEP][PASSED] - logInfo($response_token): 
            {
                "token_type": "BearerToken",
                "access_token": "pUMfaGKIilxpodGd6CoPGGnM1vfG",
                "expires_in": "1799",
                "scope": ""
            }
        

2022-03-29 22:02:01 - [MESSAGE][INFO] - 
            {
                "token_type": "BearerToken",
                "access_token": "pUMfaGKIilxpodGd6CoPGGnM1vfG",
                "expires_in": "1799",
                "scope": ""
            }
        

2022-03-29 22:02:01 - [TEST_STEP][PASSED] - feedback = sendRequest(findTestObject("4. Feedback-ins", ["s_key":global_token, "batchid":batchid, "norek":norek, "nopin":nopin, "custname":custname, "pemohon":pemohon, "branchid":branchid, ... ])): Send request successfully

2022-03-29 22:02:02 - [MESSAGE][INFO] - HAR: I:\app-testing\app-project\Order car insurance\order-car-insurance\Reports\20220329_215823\3. Get feedback insurance - Batch 1\20220329_215824\requests\main\265.har

2022-03-29 22:02:02 - [MESSAGE][PASSED] - Send request successfully

2022-03-29 22:02:02 - [TEST_STEP][PASSED] - response_feedback = feedback.getResponseText(): null

2022-03-29 22:02:02 - [TEST_STEP][PASSED] - markPassed("result feedback data : " + no + " norek : " + norek + " nopin : " + nopin): result feedback data : 142 norek : 9506008432 nopin : 001

2022-03-29 22:02:02 - [MESSAGE][PASSED] - result feedback data : 142 norek : 9506008432 nopin : 001

2022-03-29 22:02:02 - [TEST_STEP][PASSED] - logInfo($response_feedback): <?xml version="1.0" encoding="UTF-8"?>
<err:RestError xmlns:err="http://www.bea.com/wli/sb/errors"><err:errorMessage>OSB Service Callout action received SOAP Fault response</err:errorMessage><err:errorCode>OSB-382500</err:errorCode></err:RestError>

2022-03-29 22:02:02 - [MESSAGE][INFO] - <?xml version="1.0" encoding="UTF-8"?>
<err:RestError xmlns:err="http://www.bea.com/wli/sb/errors"><err:errorMessage>OSB Service Callout action received SOAP Fault response</err:errorMessage><err:errorCode>OSB-382500</err:errorCode></err:RestError>

2022-03-29 22:02:02 - [TEST_STEP][FAILED] - verifyElementPropertyValue(feedback, "FeedbackCarInsuranceResponse.errorMessage", "Sukses", CONTINUE_ON_FAILURE): Expected element property value 'Sukses' is not equal with actual property value 'OSB Service Callout action received SOAP Fault response'

2022-03-29 22:02:02 - [MESSAGE][FAILED] - Expected element property value 'Sukses' is not equal with actual property value 'OSB Service Callout action received SOAP Fault response']]></system-out>
         <system-err><![CDATA[2022-03-29 22:02:01 - [TEST_CASE][FAILED] - Test Cases/3. get token - feedback insurance: Test Cases/3. get token - feedback insurance FAILED.
Reason:
com.kms.katalon.core.exception.StepFailedException: Expected element property value 'Sukses' is not equal with actual property value 'OSB Service Callout action received SOAP Fault response'
	at com.kms.katalon.core.keyword.internal.KeywordMain.stepFailed(KeywordMain.groovy:39)
	at com.kms.katalon.core.webservice.keyword.builtin.VerifyElementPropertyValueKeyword$_verifyElementPropertyValue_closure1.doCall(VerifyElementPropertyValueKeyword.groovy:56)
	at com.kms.katalon.core.webservice.keyword.builtin.VerifyElementPropertyValueKeyword$_verifyElementPropertyValue_closure1.call(VerifyElementPropertyValueKeyword.groovy)
	at com.kms.katalon.core.keyword.internal.KeywordMain.runKeyword(KeywordMain.groovy:74)
	at com.kms.katalon.core.webservice.keyword.builtin.VerifyElementPropertyValueKeyword.verifyElementPropertyValue(VerifyElementPropertyValueKeyword.groovy:48)
	at com.kms.katalon.core.webservice.keyword.builtin.VerifyElementPropertyValueKeyword.execute(VerifyElementPropertyValueKeyword.groovy:43)
	at com.kms.katalon.core.keyword.internal.KeywordExecutor.executeKeywordForPlatform(KeywordExecutor.groovy:74)
	at com.kms.katalon.core.webservice.keyword.WSBuiltInKeywords.verifyElementPropertyValue(WSBuiltInKeywords.groovy:175)
	at com.kms.katalon.core.webservice.keyword.WSBuiltInKeywords$verifyElementPropertyValue$0.call(Unknown Source)
	at 3. get token - feedback insurance.run(3. get token - feedback insurance:59)
	at com.kms.katalon.core.main.ScriptEngine.run(ScriptEngine.java:194)
	at com.kms.katalon.core.main.ScriptEngine.runScriptAsRawText(ScriptEngine.java:119)
	at com.kms.katalon.core.main.TestCaseExecutor.runScript(TestCaseExecutor.java:442)
	at com.kms.katalon.core.main.TestCaseExecutor.doExecute(TestCaseExecutor.java:433)
	at com.kms.katalon.core.main.TestCaseExecutor.processExecutionPhase(TestCaseExecutor.java:412)
	at com.kms.katalon.core.main.TestCaseExecutor.accessMainPhase(TestCaseExecutor.java:404)
	at com.kms.katalon.core.main.TestCaseExecutor.execute(TestCaseExecutor.java:281)
	at com.kms.katalon.core.main.TestSuiteExecutor.accessTestCaseMainPhase(TestSuiteExecutor.java:202)
	at com.kms.katalon.core.main.TestSuiteExecutor.accessTestSuiteMainPhase(TestSuiteExecutor.java:164)
	at com.kms.katalon.core.main.TestSuiteExecutor.execute(TestSuiteExecutor.java:105)
	at com.kms.katalon.core.main.TestCaseMain.startTestSuite(TestCaseMain.java:181)
	at com.kms.katalon.core.main.TestCaseMain$startTestSuite$0.call(Unknown Source)
	at TempTestSuite1648565904909.run(TempTestSuite1648565904909.groovy:36)]]></system-err>
      </testcase>
      <testcase name="Test Cases/3. get token - feedback insurance" time="0.987" classname="Test Cases/3. get token - feedback insurance" status="PASSED">
         <system-out><![CDATA[2022-03-29 22:02:03 - [TEST_CASE][PASSED] - Test Cases/3. get token - feedback insurance: Test Cases/3. get token - feedback insurance

2022-03-29 22:02:03 - [TEST_STEP][PASSED] - token = sendRequest(findTestObject("1. Get-Token")): Send request successfully

2022-03-29 22:02:03 - [MESSAGE][INFO] - HAR: I:\app-testing\app-project\Order car insurance\order-car-insurance\Reports\20220329_215823\3. Get feedback insurance - Batch 1\20220329_215824\requests\main\266.har

2022-03-29 22:02:03 - [MESSAGE][PASSED] - Send request successfully

2022-03-29 22:02:03 - [TEST_STEP][PASSED] - slurper = new groovy.json.JsonSlurper(): null

2022-03-29 22:02:03 - [TEST_STEP][PASSED] - get_token = slurper.parseText(token.getResponseBodyContent()): null

2022-03-29 22:02:03 - [TEST_STEP][PASSED] - private_token = access_token: null

2022-03-29 22:02:03 - [TEST_STEP][PASSED] - global_token = private_token: null

2022-03-29 22:02:03 - [TEST_STEP][PASSED] - println("token is :" + global_token): null

2022-03-29 22:02:03 - [TEST_STEP][PASSED] - response_token = token.getResponseText(): null

2022-03-29 22:02:03 - [TEST_STEP][PASSED] - logInfo($response_token): 
            {
                "token_type": "BearerToken",
                "access_token": "SodMyp03A599aAt0OW49z3jiIv82",
                "expires_in": "1799",
                "scope": ""
            }
        

2022-03-29 22:02:03 - [MESSAGE][INFO] - 
            {
                "token_type": "BearerToken",
                "access_token": "SodMyp03A599aAt0OW49z3jiIv82",
                "expires_in": "1799",
                "scope": ""
            }
        

2022-03-29 22:02:03 - [TEST_STEP][PASSED] - feedback = sendRequest(findTestObject("4. Feedback-ins", ["s_key":global_token, "batchid":batchid, "norek":norek, "nopin":nopin, "custname":custname, "pemohon":pemohon, "branchid":branchid, ... ])): Send request successfully

2022-03-29 22:02:04 - [MESSAGE][INFO] - HAR: I:\app-testing\app-project\Order car insurance\order-car-insurance\Reports\20220329_215823\3. Get feedback insurance - Batch 1\20220329_215824\requests\main\267.har

2022-03-29 22:02:04 - [MESSAGE][PASSED] - Send request successfully

2022-03-29 22:02:04 - [TEST_STEP][PASSED] - response_feedback = feedback.getResponseText(): null

2022-03-29 22:02:04 - [TEST_STEP][PASSED] - markPassed("result feedback data : " + no + " norek : " + norek + " nopin : " + nopin): result feedback data : 143 norek : 9506008443 nopin : 001

2022-03-29 22:02:04 - [MESSAGE][PASSED] - result feedback data : 143 norek : 9506008443 nopin : 001

2022-03-29 22:02:04 - [TEST_STEP][PASSED] - logInfo($response_feedback): {
  "FeedbackCarInsuranceResponse" : {
    "errorCode" : "00",
    "errorMessage" : "Sukses"
  }
}

2022-03-29 22:02:04 - [MESSAGE][INFO] - {
  "FeedbackCarInsuranceResponse" : {
    "errorCode" : "00",
    "errorMessage" : "Sukses"
  }
}

2022-03-29 22:02:04 - [TEST_STEP][PASSED] - verifyElementPropertyValue(feedback, "FeedbackCarInsuranceResponse.errorMessage", "Sukses", CONTINUE_ON_FAILURE): Verify element property value successfully

2022-03-29 22:02:04 - [MESSAGE][PASSED] - Verify element property value successfully]]></system-out>
         <system-err><![CDATA[]]></system-err>
      </testcase>
      <testcase name="Test Cases/3. get token - feedback insurance" time="1.523" classname="Test Cases/3. get token - feedback insurance" status="PASSED">
         <system-out><![CDATA[2022-03-29 22:02:04 - [TEST_CASE][PASSED] - Test Cases/3. get token - feedback insurance: Test Cases/3. get token - feedback insurance

2022-03-29 22:02:04 - [TEST_STEP][PASSED] - token = sendRequest(findTestObject("1. Get-Token")): Send request successfully

2022-03-29 22:02:05 - [MESSAGE][INFO] - HAR: I:\app-testing\app-project\Order car insurance\order-car-insurance\Reports\20220329_215823\3. Get feedback insurance - Batch 1\20220329_215824\requests\main\268.har

2022-03-29 22:02:05 - [MESSAGE][PASSED] - Send request successfully

2022-03-29 22:02:05 - [TEST_STEP][PASSED] - slurper = new groovy.json.JsonSlurper(): null

2022-03-29 22:02:05 - [TEST_STEP][PASSED] - get_token = slurper.parseText(token.getResponseBodyContent()): null

2022-03-29 22:02:05 - [TEST_STEP][PASSED] - private_token = access_token: null

2022-03-29 22:02:05 - [TEST_STEP][PASSED] - global_token = private_token: null

2022-03-29 22:02:05 - [TEST_STEP][PASSED] - println("token is :" + global_token): null

2022-03-29 22:02:05 - [TEST_STEP][PASSED] - response_token = token.getResponseText(): null

2022-03-29 22:02:05 - [TEST_STEP][PASSED] - logInfo($response_token): 
            {
                "token_type": "BearerToken",
                "access_token": "z5QmOwIekNeKum6J4I7G6E3njGmZ",
                "expires_in": "1799",
                "scope": ""
            }
        

2022-03-29 22:02:05 - [MESSAGE][INFO] - 
            {
                "token_type": "BearerToken",
                "access_token": "z5QmOwIekNeKum6J4I7G6E3njGmZ",
                "expires_in": "1799",
                "scope": ""
            }
        

2022-03-29 22:02:05 - [TEST_STEP][PASSED] - feedback = sendRequest(findTestObject("4. Feedback-ins", ["s_key":global_token, "batchid":batchid, "norek":norek, "nopin":nopin, "custname":custname, "pemohon":pemohon, "branchid":branchid, ... ])): Send request successfully

2022-03-29 22:02:05 - [MESSAGE][INFO] - HAR: I:\app-testing\app-project\Order car insurance\order-car-insurance\Reports\20220329_215823\3. Get feedback insurance - Batch 1\20220329_215824\requests\main\269.har

2022-03-29 22:02:05 - [MESSAGE][PASSED] - Send request successfully

2022-03-29 22:02:05 - [TEST_STEP][PASSED] - response_feedback = feedback.getResponseText(): null

2022-03-29 22:02:05 - [TEST_STEP][PASSED] - markPassed("result feedback data : " + no + " norek : " + norek + " nopin : " + nopin): result feedback data : 144 norek : 9506008443 nopin : 001

2022-03-29 22:02:05 - [MESSAGE][PASSED] - result feedback data : 144 norek : 9506008443 nopin : 001

2022-03-29 22:02:05 - [TEST_STEP][PASSED] - logInfo($response_feedback): {
  "FeedbackCarInsuranceResponse" : {
    "errorCode" : "00",
    "errorMessage" : "Sukses"
  }
}

2022-03-29 22:02:05 - [MESSAGE][INFO] - {
  "FeedbackCarInsuranceResponse" : {
    "errorCode" : "00",
    "errorMessage" : "Sukses"
  }
}

2022-03-29 22:02:05 - [TEST_STEP][PASSED] - verifyElementPropertyValue(feedback, "FeedbackCarInsuranceResponse.errorMessage", "Sukses", CONTINUE_ON_FAILURE): Verify element property value successfully

2022-03-29 22:02:05 - [MESSAGE][PASSED] - Verify element property value successfully]]></system-out>
         <system-err><![CDATA[]]></system-err>
      </testcase>
      <testcase name="Test Cases/3. get token - feedback insurance" time="1.898" classname="Test Cases/3. get token - feedback insurance" status="PASSED">
         <system-out><![CDATA[2022-03-29 22:02:06 - [TEST_CASE][PASSED] - Test Cases/3. get token - feedback insurance: Test Cases/3. get token - feedback insurance

2022-03-29 22:02:06 - [TEST_STEP][PASSED] - token = sendRequest(findTestObject("1. Get-Token")): Send request successfully

2022-03-29 22:02:06 - [MESSAGE][INFO] - HAR: I:\app-testing\app-project\Order car insurance\order-car-insurance\Reports\20220329_215823\3. Get feedback insurance - Batch 1\20220329_215824\requests\main\270.har

2022-03-29 22:02:06 - [MESSAGE][PASSED] - Send request successfully

2022-03-29 22:02:06 - [TEST_STEP][PASSED] - slurper = new groovy.json.JsonSlurper(): null

2022-03-29 22:02:06 - [TEST_STEP][PASSED] - get_token = slurper.parseText(token.getResponseBodyContent()): null

2022-03-29 22:02:06 - [TEST_STEP][PASSED] - private_token = access_token: null

2022-03-29 22:02:06 - [TEST_STEP][PASSED] - global_token = private_token: null

2022-03-29 22:02:06 - [TEST_STEP][PASSED] - println("token is :" + global_token): null

2022-03-29 22:02:06 - [TEST_STEP][PASSED] - response_token = token.getResponseText(): null

2022-03-29 22:02:06 - [TEST_STEP][PASSED] - logInfo($response_token): 
            {
                "token_type": "BearerToken",
                "access_token": "pqWwcEdmPwD0iFlpsAhtUrSw6PwA",
                "expires_in": "1799",
                "scope": ""
            }
        

2022-03-29 22:02:06 - [MESSAGE][INFO] - 
            {
                "token_type": "BearerToken",
                "access_token": "pqWwcEdmPwD0iFlpsAhtUrSw6PwA",
                "expires_in": "1799",
                "scope": ""
            }
        

2022-03-29 22:02:06 - [TEST_STEP][PASSED] - feedback = sendRequest(findTestObject("4. Feedback-ins", ["s_key":global_token, "batchid":batchid, "norek":norek, "nopin":nopin, "custname":custname, "pemohon":pemohon, "branchid":branchid, ... ])): Send request successfully

2022-03-29 22:02:08 - [MESSAGE][INFO] - HAR: I:\app-testing\app-project\Order car insurance\order-car-insurance\Reports\20220329_215823\3. Get feedback insurance - Batch 1\20220329_215824\requests\main\271.har

2022-03-29 22:02:08 - [MESSAGE][PASSED] - Send request successfully

2022-03-29 22:02:08 - [TEST_STEP][PASSED] - response_feedback = feedback.getResponseText(): null

2022-03-29 22:02:08 - [TEST_STEP][PASSED] - markPassed("result feedback data : " + no + " norek : " + norek + " nopin : " + nopin): result feedback data : 145 norek : 9506008443 nopin : 001

2022-03-29 22:02:08 - [MESSAGE][PASSED] - result feedback data : 145 norek : 9506008443 nopin : 001

2022-03-29 22:02:08 - [TEST_STEP][PASSED] - logInfo($response_feedback): {
  "FeedbackCarInsuranceResponse" : {
    "errorCode" : "00",
    "errorMessage" : "Sukses"
  }
}

2022-03-29 22:02:08 - [MESSAGE][INFO] - {
  "FeedbackCarInsuranceResponse" : {
    "errorCode" : "00",
    "errorMessage" : "Sukses"
  }
}

2022-03-29 22:02:08 - [TEST_STEP][PASSED] - verifyElementPropertyValue(feedback, "FeedbackCarInsuranceResponse.errorMessage", "Sukses", CONTINUE_ON_FAILURE): Verify element property value successfully

2022-03-29 22:02:08 - [MESSAGE][PASSED] - Verify element property value successfully]]></system-out>
         <system-err><![CDATA[]]></system-err>
      </testcase>
      <testcase name="Test Cases/3. get token - feedback insurance" time="1.121" classname="Test Cases/3. get token - feedback insurance" status="PASSED">
         <system-out><![CDATA[2022-03-29 22:02:08 - [TEST_CASE][PASSED] - Test Cases/3. get token - feedback insurance: Test Cases/3. get token - feedback insurance

2022-03-29 22:02:08 - [TEST_STEP][PASSED] - token = sendRequest(findTestObject("1. Get-Token")): Send request successfully

2022-03-29 22:02:09 - [MESSAGE][INFO] - HAR: I:\app-testing\app-project\Order car insurance\order-car-insurance\Reports\20220329_215823\3. Get feedback insurance - Batch 1\20220329_215824\requests\main\272.har

2022-03-29 22:02:09 - [MESSAGE][PASSED] - Send request successfully

2022-03-29 22:02:09 - [TEST_STEP][PASSED] - slurper = new groovy.json.JsonSlurper(): null

2022-03-29 22:02:09 - [TEST_STEP][PASSED] - get_token = slurper.parseText(token.getResponseBodyContent()): null

2022-03-29 22:02:09 - [TEST_STEP][PASSED] - private_token = access_token: null

2022-03-29 22:02:09 - [TEST_STEP][PASSED] - global_token = private_token: null

2022-03-29 22:02:09 - [TEST_STEP][PASSED] - println("token is :" + global_token): null

2022-03-29 22:02:09 - [TEST_STEP][PASSED] - response_token = token.getResponseText(): null

2022-03-29 22:02:09 - [TEST_STEP][PASSED] - logInfo($response_token): 
            {
                "token_type": "BearerToken",
                "access_token": "MumRzALlXDkFil2uCtEQbBINMWiu",
                "expires_in": "1799",
                "scope": ""
            }
        

2022-03-29 22:02:09 - [MESSAGE][INFO] - 
            {
                "token_type": "BearerToken",
                "access_token": "MumRzALlXDkFil2uCtEQbBINMWiu",
                "expires_in": "1799",
                "scope": ""
            }
        

2022-03-29 22:02:09 - [TEST_STEP][PASSED] - feedback = sendRequest(findTestObject("4. Feedback-ins", ["s_key":global_token, "batchid":batchid, "norek":norek, "nopin":nopin, "custname":custname, "pemohon":pemohon, "branchid":branchid, ... ])): Send request successfully

2022-03-29 22:02:09 - [MESSAGE][INFO] - HAR: I:\app-testing\app-project\Order car insurance\order-car-insurance\Reports\20220329_215823\3. Get feedback insurance - Batch 1\20220329_215824\requests\main\273.har

2022-03-29 22:02:09 - [MESSAGE][PASSED] - Send request successfully

2022-03-29 22:02:09 - [TEST_STEP][PASSED] - response_feedback = feedback.getResponseText(): null

2022-03-29 22:02:09 - [TEST_STEP][PASSED] - markPassed("result feedback data : " + no + " norek : " + norek + " nopin : " + nopin): result feedback data : 146 norek : 9506008443 nopin : 001

2022-03-29 22:02:09 - [MESSAGE][PASSED] - result feedback data : 146 norek : 9506008443 nopin : 001

2022-03-29 22:02:09 - [TEST_STEP][PASSED] - logInfo($response_feedback): {
  "FeedbackCarInsuranceResponse" : {
    "errorCode" : "00",
    "errorMessage" : "Sukses"
  }
}

2022-03-29 22:02:09 - [MESSAGE][INFO] - {
  "FeedbackCarInsuranceResponse" : {
    "errorCode" : "00",
    "errorMessage" : "Sukses"
  }
}

2022-03-29 22:02:09 - [TEST_STEP][PASSED] - verifyElementPropertyValue(feedback, "FeedbackCarInsuranceResponse.errorMessage", "Sukses", CONTINUE_ON_FAILURE): Verify element property value successfully

2022-03-29 22:02:09 - [MESSAGE][PASSED] - Verify element property value successfully]]></system-out>
         <system-err><![CDATA[]]></system-err>
      </testcase>
      <testcase name="Test Cases/3. get token - feedback insurance" time="1.044" classname="Test Cases/3. get token - feedback insurance" status="PASSED">
         <system-out><![CDATA[2022-03-29 22:02:10 - [TEST_CASE][PASSED] - Test Cases/3. get token - feedback insurance: Test Cases/3. get token - feedback insurance

2022-03-29 22:02:10 - [TEST_STEP][PASSED] - token = sendRequest(findTestObject("1. Get-Token")): Send request successfully

2022-03-29 22:02:10 - [MESSAGE][INFO] - HAR: I:\app-testing\app-project\Order car insurance\order-car-insurance\Reports\20220329_215823\3. Get feedback insurance - Batch 1\20220329_215824\requests\main\274.har

2022-03-29 22:02:10 - [MESSAGE][PASSED] - Send request successfully

2022-03-29 22:02:10 - [TEST_STEP][PASSED] - slurper = new groovy.json.JsonSlurper(): null

2022-03-29 22:02:10 - [TEST_STEP][PASSED] - get_token = slurper.parseText(token.getResponseBodyContent()): null

2022-03-29 22:02:10 - [TEST_STEP][PASSED] - private_token = access_token: null

2022-03-29 22:02:10 - [TEST_STEP][PASSED] - global_token = private_token: null

2022-03-29 22:02:10 - [TEST_STEP][PASSED] - println("token is :" + global_token): null

2022-03-29 22:02:10 - [TEST_STEP][PASSED] - response_token = token.getResponseText(): null

2022-03-29 22:02:10 - [TEST_STEP][PASSED] - logInfo($response_token): 
            {
                "token_type": "BearerToken",
                "access_token": "JpqWMXGbyVIiFVEgABjZ3QuXMo8A",
                "expires_in": "1799",
                "scope": ""
            }
        

2022-03-29 22:02:10 - [MESSAGE][INFO] - 
            {
                "token_type": "BearerToken",
                "access_token": "JpqWMXGbyVIiFVEgABjZ3QuXMo8A",
                "expires_in": "1799",
                "scope": ""
            }
        

2022-03-29 22:02:10 - [TEST_STEP][PASSED] - feedback = sendRequest(findTestObject("4. Feedback-ins", ["s_key":global_token, "batchid":batchid, "norek":norek, "nopin":nopin, "custname":custname, "pemohon":pemohon, "branchid":branchid, ... ])): Send request successfully

2022-03-29 22:02:11 - [MESSAGE][INFO] - HAR: I:\app-testing\app-project\Order car insurance\order-car-insurance\Reports\20220329_215823\3. Get feedback insurance - Batch 1\20220329_215824\requests\main\275.har

2022-03-29 22:02:11 - [MESSAGE][PASSED] - Send request successfully

2022-03-29 22:02:11 - [TEST_STEP][PASSED] - response_feedback = feedback.getResponseText(): null

2022-03-29 22:02:11 - [TEST_STEP][PASSED] - markPassed("result feedback data : " + no + " norek : " + norek + " nopin : " + nopin): result feedback data : 147 norek : 9506008443 nopin : 001

2022-03-29 22:02:11 - [MESSAGE][PASSED] - result feedback data : 147 norek : 9506008443 nopin : 001

2022-03-29 22:02:11 - [TEST_STEP][PASSED] - logInfo($response_feedback): {
  "FeedbackCarInsuranceResponse" : {
    "errorCode" : "00",
    "errorMessage" : "Sukses"
  }
}

2022-03-29 22:02:11 - [MESSAGE][INFO] - {
  "FeedbackCarInsuranceResponse" : {
    "errorCode" : "00",
    "errorMessage" : "Sukses"
  }
}

2022-03-29 22:02:11 - [TEST_STEP][PASSED] - verifyElementPropertyValue(feedback, "FeedbackCarInsuranceResponse.errorMessage", "Sukses", CONTINUE_ON_FAILURE): Verify element property value successfully

2022-03-29 22:02:11 - [MESSAGE][PASSED] - Verify element property value successfully]]></system-out>
         <system-err><![CDATA[]]></system-err>
      </testcase>
      <testcase name="Test Cases/3. get token - feedback insurance" time="1.033" classname="Test Cases/3. get token - feedback insurance" status="PASSED">
         <system-out><![CDATA[2022-03-29 22:02:11 - [TEST_CASE][PASSED] - Test Cases/3. get token - feedback insurance: Test Cases/3. get token - feedback insurance

2022-03-29 22:02:11 - [TEST_STEP][PASSED] - token = sendRequest(findTestObject("1. Get-Token")): Send request successfully

2022-03-29 22:02:11 - [MESSAGE][INFO] - HAR: I:\app-testing\app-project\Order car insurance\order-car-insurance\Reports\20220329_215823\3. Get feedback insurance - Batch 1\20220329_215824\requests\main\276.har

2022-03-29 22:02:11 - [MESSAGE][PASSED] - Send request successfully

2022-03-29 22:02:11 - [TEST_STEP][PASSED] - slurper = new groovy.json.JsonSlurper(): null

2022-03-29 22:02:11 - [TEST_STEP][PASSED] - get_token = slurper.parseText(token.getResponseBodyContent()): null

2022-03-29 22:02:11 - [TEST_STEP][PASSED] - private_token = access_token: null

2022-03-29 22:02:11 - [TEST_STEP][PASSED] - global_token = private_token: null

2022-03-29 22:02:11 - [TEST_STEP][PASSED] - println("token is :" + global_token): null

2022-03-29 22:02:11 - [TEST_STEP][PASSED] - response_token = token.getResponseText(): null

2022-03-29 22:02:11 - [TEST_STEP][PASSED] - logInfo($response_token): 
            {
                "token_type": "BearerToken",
                "access_token": "TcgaRG01JyZLPzkLgKxZA2APVIZw",
                "expires_in": "1799",
                "scope": ""
            }
        

2022-03-29 22:02:11 - [MESSAGE][INFO] - 
            {
                "token_type": "BearerToken",
                "access_token": "TcgaRG01JyZLPzkLgKxZA2APVIZw",
                "expires_in": "1799",
                "scope": ""
            }
        

2022-03-29 22:02:11 - [TEST_STEP][PASSED] - feedback = sendRequest(findTestObject("4. Feedback-ins", ["s_key":global_token, "batchid":batchid, "norek":norek, "nopin":nopin, "custname":custname, "pemohon":pemohon, "branchid":branchid, ... ])): Send request successfully

2022-03-29 22:02:12 - [MESSAGE][INFO] - HAR: I:\app-testing\app-project\Order car insurance\order-car-insurance\Reports\20220329_215823\3. Get feedback insurance - Batch 1\20220329_215824\requests\main\277.har

2022-03-29 22:02:12 - [MESSAGE][PASSED] - Send request successfully

2022-03-29 22:02:12 - [TEST_STEP][PASSED] - response_feedback = feedback.getResponseText(): null

2022-03-29 22:02:12 - [TEST_STEP][PASSED] - markPassed("result feedback data : " + no + " norek : " + norek + " nopin : " + nopin): result feedback data : 148 norek : 9506008448 nopin : 001

2022-03-29 22:02:12 - [MESSAGE][PASSED] - result feedback data : 148 norek : 9506008448 nopin : 001

2022-03-29 22:02:12 - [TEST_STEP][PASSED] - logInfo($response_feedback): {
  "FeedbackCarInsuranceResponse" : {
    "errorCode" : "00",
    "errorMessage" : "Sukses"
  }
}

2022-03-29 22:02:12 - [MESSAGE][INFO] - {
  "FeedbackCarInsuranceResponse" : {
    "errorCode" : "00",
    "errorMessage" : "Sukses"
  }
}

2022-03-29 22:02:12 - [TEST_STEP][PASSED] - verifyElementPropertyValue(feedback, "FeedbackCarInsuranceResponse.errorMessage", "Sukses", CONTINUE_ON_FAILURE): Verify element property value successfully

2022-03-29 22:02:12 - [MESSAGE][PASSED] - Verify element property value successfully]]></system-out>
         <system-err><![CDATA[]]></system-err>
      </testcase>
      <testcase name="Test Cases/3. get token - feedback insurance" time="1.206" classname="Test Cases/3. get token - feedback insurance" status="PASSED">
         <system-out><![CDATA[2022-03-29 22:02:13 - [TEST_CASE][PASSED] - Test Cases/3. get token - feedback insurance: Test Cases/3. get token - feedback insurance

2022-03-29 22:02:13 - [TEST_STEP][PASSED] - token = sendRequest(findTestObject("1. Get-Token")): Send request successfully

2022-03-29 22:02:13 - [MESSAGE][INFO] - HAR: I:\app-testing\app-project\Order car insurance\order-car-insurance\Reports\20220329_215823\3. Get feedback insurance - Batch 1\20220329_215824\requests\main\278.har

2022-03-29 22:02:13 - [MESSAGE][PASSED] - Send request successfully

2022-03-29 22:02:13 - [TEST_STEP][PASSED] - slurper = new groovy.json.JsonSlurper(): null

2022-03-29 22:02:13 - [TEST_STEP][PASSED] - get_token = slurper.parseText(token.getResponseBodyContent()): null

2022-03-29 22:02:13 - [TEST_STEP][PASSED] - private_token = access_token: null

2022-03-29 22:02:13 - [TEST_STEP][PASSED] - global_token = private_token: null

2022-03-29 22:02:13 - [TEST_STEP][PASSED] - println("token is :" + global_token): null

2022-03-29 22:02:13 - [TEST_STEP][PASSED] - response_token = token.getResponseText(): null

2022-03-29 22:02:13 - [TEST_STEP][PASSED] - logInfo($response_token): 
            {
                "token_type": "BearerToken",
                "access_token": "1OWB8QbVkXGPxZW2ySlLtDREXMIM",
                "expires_in": "1799",
                "scope": ""
            }
        

2022-03-29 22:02:13 - [MESSAGE][INFO] - 
            {
                "token_type": "BearerToken",
                "access_token": "1OWB8QbVkXGPxZW2ySlLtDREXMIM",
                "expires_in": "1799",
                "scope": ""
            }
        

2022-03-29 22:02:13 - [TEST_STEP][PASSED] - feedback = sendRequest(findTestObject("4. Feedback-ins", ["s_key":global_token, "batchid":batchid, "norek":norek, "nopin":nopin, "custname":custname, "pemohon":pemohon, "branchid":branchid, ... ])): Send request successfully

2022-03-29 22:02:14 - [MESSAGE][INFO] - HAR: I:\app-testing\app-project\Order car insurance\order-car-insurance\Reports\20220329_215823\3. Get feedback insurance - Batch 1\20220329_215824\requests\main\279.har

2022-03-29 22:02:14 - [MESSAGE][PASSED] - Send request successfully

2022-03-29 22:02:14 - [TEST_STEP][PASSED] - response_feedback = feedback.getResponseText(): null

2022-03-29 22:02:14 - [TEST_STEP][PASSED] - markPassed("result feedback data : " + no + " norek : " + norek + " nopin : " + nopin): result feedback data : 149 norek : 9506008448 nopin : 001

2022-03-29 22:02:14 - [MESSAGE][PASSED] - result feedback data : 149 norek : 9506008448 nopin : 001

2022-03-29 22:02:14 - [TEST_STEP][PASSED] - logInfo($response_feedback): {
  "FeedbackCarInsuranceResponse" : {
    "errorCode" : "00",
    "errorMessage" : "Sukses"
  }
}

2022-03-29 22:02:14 - [MESSAGE][INFO] - {
  "FeedbackCarInsuranceResponse" : {
    "errorCode" : "00",
    "errorMessage" : "Sukses"
  }
}

2022-03-29 22:02:14 - [TEST_STEP][PASSED] - verifyElementPropertyValue(feedback, "FeedbackCarInsuranceResponse.errorMessage", "Sukses", CONTINUE_ON_FAILURE): Verify element property value successfully

2022-03-29 22:02:14 - [MESSAGE][PASSED] - Verify element property value successfully]]></system-out>
         <system-err><![CDATA[]]></system-err>
      </testcase>
      <testcase name="Test Cases/3. get token - feedback insurance" time="1.735" classname="Test Cases/3. get token - feedback insurance" status="PASSED">
         <system-out><![CDATA[2022-03-29 22:02:14 - [TEST_CASE][PASSED] - Test Cases/3. get token - feedback insurance: Test Cases/3. get token - feedback insurance

2022-03-29 22:02:14 - [TEST_STEP][PASSED] - token = sendRequest(findTestObject("1. Get-Token")): Send request successfully

2022-03-29 22:02:15 - [MESSAGE][INFO] - HAR: I:\app-testing\app-project\Order car insurance\order-car-insurance\Reports\20220329_215823\3. Get feedback insurance - Batch 1\20220329_215824\requests\main\280.har

2022-03-29 22:02:15 - [MESSAGE][PASSED] - Send request successfully

2022-03-29 22:02:15 - [TEST_STEP][PASSED] - slurper = new groovy.json.JsonSlurper(): null

2022-03-29 22:02:15 - [TEST_STEP][PASSED] - get_token = slurper.parseText(token.getResponseBodyContent()): null

2022-03-29 22:02:15 - [TEST_STEP][PASSED] - private_token = access_token: null

2022-03-29 22:02:15 - [TEST_STEP][PASSED] - global_token = private_token: null

2022-03-29 22:02:15 - [TEST_STEP][PASSED] - println("token is :" + global_token): null

2022-03-29 22:02:15 - [TEST_STEP][PASSED] - response_token = token.getResponseText(): null

2022-03-29 22:02:15 - [TEST_STEP][PASSED] - logInfo($response_token): 
            {
                "token_type": "BearerToken",
                "access_token": "oHVhPGNE6piDyOUbmbU7x7THw7UB",
                "expires_in": "1799",
                "scope": ""
            }
        

2022-03-29 22:02:15 - [MESSAGE][INFO] - 
            {
                "token_type": "BearerToken",
                "access_token": "oHVhPGNE6piDyOUbmbU7x7THw7UB",
                "expires_in": "1799",
                "scope": ""
            }
        

2022-03-29 22:02:15 - [TEST_STEP][PASSED] - feedback = sendRequest(findTestObject("4. Feedback-ins", ["s_key":global_token, "batchid":batchid, "norek":norek, "nopin":nopin, "custname":custname, "pemohon":pemohon, "branchid":branchid, ... ])): Send request successfully

2022-03-29 22:02:16 - [MESSAGE][INFO] - HAR: I:\app-testing\app-project\Order car insurance\order-car-insurance\Reports\20220329_215823\3. Get feedback insurance - Batch 1\20220329_215824\requests\main\281.har

2022-03-29 22:02:16 - [MESSAGE][PASSED] - Send request successfully

2022-03-29 22:02:16 - [TEST_STEP][PASSED] - response_feedback = feedback.getResponseText(): null

2022-03-29 22:02:16 - [TEST_STEP][PASSED] - markPassed("result feedback data : " + no + " norek : " + norek + " nopin : " + nopin): result feedback data : 150 norek : 9510001998 nopin : 003

2022-03-29 22:02:16 - [MESSAGE][PASSED] - result feedback data : 150 norek : 9510001998 nopin : 003

2022-03-29 22:02:16 - [TEST_STEP][PASSED] - logInfo($response_feedback): {
  "FeedbackCarInsuranceResponse" : {
    "errorCode" : "00",
    "errorMessage" : "Sukses"
  }
}

2022-03-29 22:02:16 - [MESSAGE][INFO] - {
  "FeedbackCarInsuranceResponse" : {
    "errorCode" : "00",
    "errorMessage" : "Sukses"
  }
}

2022-03-29 22:02:16 - [TEST_STEP][PASSED] - verifyElementPropertyValue(feedback, "FeedbackCarInsuranceResponse.errorMessage", "Sukses", CONTINUE_ON_FAILURE): Verify element property value successfully

2022-03-29 22:02:16 - [MESSAGE][PASSED] - Verify element property value successfully]]></system-out>
         <system-err><![CDATA[]]></system-err>
      </testcase>
      <testcase name="Test Cases/3. get token - feedback insurance" time="1.331" classname="Test Cases/3. get token - feedback insurance" status="PASSED">
         <system-out><![CDATA[2022-03-29 22:02:16 - [TEST_CASE][PASSED] - Test Cases/3. get token - feedback insurance: Test Cases/3. get token - feedback insurance

2022-03-29 22:02:16 - [TEST_STEP][PASSED] - token = sendRequest(findTestObject("1. Get-Token")): Send request successfully

2022-03-29 22:02:17 - [MESSAGE][INFO] - HAR: I:\app-testing\app-project\Order car insurance\order-car-insurance\Reports\20220329_215823\3. Get feedback insurance - Batch 1\20220329_215824\requests\main\282.har

2022-03-29 22:02:17 - [MESSAGE][PASSED] - Send request successfully

2022-03-29 22:02:17 - [TEST_STEP][PASSED] - slurper = new groovy.json.JsonSlurper(): null

2022-03-29 22:02:17 - [TEST_STEP][PASSED] - get_token = slurper.parseText(token.getResponseBodyContent()): null

2022-03-29 22:02:17 - [TEST_STEP][PASSED] - private_token = access_token: null

2022-03-29 22:02:17 - [TEST_STEP][PASSED] - global_token = private_token: null

2022-03-29 22:02:17 - [TEST_STEP][PASSED] - println("token is :" + global_token): null

2022-03-29 22:02:17 - [TEST_STEP][PASSED] - response_token = token.getResponseText(): null

2022-03-29 22:02:17 - [TEST_STEP][PASSED] - logInfo($response_token): 
            {
                "token_type": "BearerToken",
                "access_token": "eEPK1g82sJOD9Ttwnos6UdlRdhsu",
                "expires_in": "1799",
                "scope": ""
            }
        

2022-03-29 22:02:17 - [MESSAGE][INFO] - 
            {
                "token_type": "BearerToken",
                "access_token": "eEPK1g82sJOD9Ttwnos6UdlRdhsu",
                "expires_in": "1799",
                "scope": ""
            }
        

2022-03-29 22:02:17 - [TEST_STEP][PASSED] - feedback = sendRequest(findTestObject("4. Feedback-ins", ["s_key":global_token, "batchid":batchid, "norek":norek, "nopin":nopin, "custname":custname, "pemohon":pemohon, "branchid":branchid, ... ])): Send request successfully

2022-03-29 22:02:18 - [MESSAGE][INFO] - HAR: I:\app-testing\app-project\Order car insurance\order-car-insurance\Reports\20220329_215823\3. Get feedback insurance - Batch 1\20220329_215824\requests\main\283.har

2022-03-29 22:02:18 - [MESSAGE][PASSED] - Send request successfully

2022-03-29 22:02:18 - [TEST_STEP][PASSED] - response_feedback = feedback.getResponseText(): null

2022-03-29 22:02:18 - [TEST_STEP][PASSED] - markPassed("result feedback data : " + no + " norek : " + norek + " nopin : " + nopin): result feedback data : 151 norek : 9510001998 nopin : 003

2022-03-29 22:02:18 - [MESSAGE][PASSED] - result feedback data : 151 norek : 9510001998 nopin : 003

2022-03-29 22:02:18 - [TEST_STEP][PASSED] - logInfo($response_feedback): {
  "FeedbackCarInsuranceResponse" : {
    "errorCode" : "00",
    "errorMessage" : "Sukses"
  }
}

2022-03-29 22:02:18 - [MESSAGE][INFO] - {
  "FeedbackCarInsuranceResponse" : {
    "errorCode" : "00",
    "errorMessage" : "Sukses"
  }
}

2022-03-29 22:02:18 - [TEST_STEP][PASSED] - verifyElementPropertyValue(feedback, "FeedbackCarInsuranceResponse.errorMessage", "Sukses", CONTINUE_ON_FAILURE): Verify element property value successfully

2022-03-29 22:02:18 - [MESSAGE][PASSED] - Verify element property value successfully]]></system-out>
         <system-err><![CDATA[]]></system-err>
      </testcase>
      <testcase name="Test Cases/3. get token - feedback insurance" time="324.96" classname="Test Cases/3. get token - feedback insurance" status="PASSED">
         <system-out><![CDATA[2022-03-29 22:02:18 - [TEST_CASE][PASSED] - Test Cases/3. get token - feedback insurance: Test Cases/3. get token - feedback insurance

2022-03-29 22:07:42 - [TEST_STEP][PASSED] - token = sendRequest(findTestObject("1. Get-Token")): Send request successfully

2022-03-29 22:07:42 - [MESSAGE][INFO] - HAR: I:\app-testing\app-project\Order car insurance\order-car-insurance\Reports\20220329_215823\3. Get feedback insurance - Batch 1\20220329_215824\requests\main\284.har

2022-03-29 22:07:42 - [MESSAGE][PASSED] - Send request successfully

2022-03-29 22:07:42 - [TEST_STEP][PASSED] - slurper = new groovy.json.JsonSlurper(): null

2022-03-29 22:07:42 - [TEST_STEP][PASSED] - get_token = slurper.parseText(token.getResponseBodyContent()): null

2022-03-29 22:07:42 - [TEST_STEP][PASSED] - private_token = access_token: null

2022-03-29 22:07:42 - [TEST_STEP][PASSED] - global_token = private_token: null

2022-03-29 22:07:42 - [TEST_STEP][PASSED] - println("token is :" + global_token): null

2022-03-29 22:07:42 - [TEST_STEP][PASSED] - response_token = token.getResponseText(): null

2022-03-29 22:07:42 - [TEST_STEP][PASSED] - logInfo($response_token): 
            {
                "token_type": "BearerToken",
                "access_token": "VjwUhsC75L1J5fXnKQ8hLCraf2Sh",
                "expires_in": "1799",
                "scope": ""
            }
        

2022-03-29 22:07:42 - [MESSAGE][INFO] - 
            {
                "token_type": "BearerToken",
                "access_token": "VjwUhsC75L1J5fXnKQ8hLCraf2Sh",
                "expires_in": "1799",
                "scope": ""
            }
        

2022-03-29 22:07:42 - [TEST_STEP][PASSED] - feedback = sendRequest(findTestObject("4. Feedback-ins", ["s_key":global_token, "batchid":batchid, "norek":norek, "nopin":nopin, "custname":custname, "pemohon":pemohon, "branchid":branchid, ... ])): Send request successfully

2022-03-29 22:07:43 - [MESSAGE][INFO] - HAR: I:\app-testing\app-project\Order car insurance\order-car-insurance\Reports\20220329_215823\3. Get feedback insurance - Batch 1\20220329_215824\requests\main\285.har

2022-03-29 22:07:43 - [MESSAGE][PASSED] - Send request successfully

2022-03-29 22:07:43 - [TEST_STEP][PASSED] - response_feedback = feedback.getResponseText(): null

2022-03-29 22:07:43 - [TEST_STEP][PASSED] - markPassed("result feedback data : " + no + " norek : " + norek + " nopin : " + nopin): result feedback data : 152 norek : 9510001998 nopin : 003

2022-03-29 22:07:43 - [MESSAGE][PASSED] - result feedback data : 152 norek : 9510001998 nopin : 003

2022-03-29 22:07:43 - [TEST_STEP][PASSED] - logInfo($response_feedback): {
  "FeedbackCarInsuranceResponse" : {
    "errorCode" : "00",
    "errorMessage" : "Sukses"
  }
}

2022-03-29 22:07:43 - [MESSAGE][INFO] - {
  "FeedbackCarInsuranceResponse" : {
    "errorCode" : "00",
    "errorMessage" : "Sukses"
  }
}

2022-03-29 22:07:43 - [TEST_STEP][PASSED] - verifyElementPropertyValue(feedback, "FeedbackCarInsuranceResponse.errorMessage", "Sukses", CONTINUE_ON_FAILURE): Verify element property value successfully

2022-03-29 22:07:43 - [MESSAGE][PASSED] - Verify element property value successfully]]></system-out>
         <system-err><![CDATA[]]></system-err>
      </testcase>
      <testcase name="Test Cases/3. get token - feedback insurance" time="0.905" classname="Test Cases/3. get token - feedback insurance" status="PASSED">
         <system-out><![CDATA[2022-03-29 22:07:43 - [TEST_CASE][PASSED] - Test Cases/3. get token - feedback insurance: Test Cases/3. get token - feedback insurance

2022-03-29 22:07:43 - [TEST_STEP][PASSED] - token = sendRequest(findTestObject("1. Get-Token")): Send request successfully

2022-03-29 22:07:43 - [MESSAGE][INFO] - HAR: I:\app-testing\app-project\Order car insurance\order-car-insurance\Reports\20220329_215823\3. Get feedback insurance - Batch 1\20220329_215824\requests\main\286.har

2022-03-29 22:07:43 - [MESSAGE][PASSED] - Send request successfully

2022-03-29 22:07:43 - [TEST_STEP][PASSED] - slurper = new groovy.json.JsonSlurper(): null

2022-03-29 22:07:43 - [TEST_STEP][PASSED] - get_token = slurper.parseText(token.getResponseBodyContent()): null

2022-03-29 22:07:43 - [TEST_STEP][PASSED] - private_token = access_token: null

2022-03-29 22:07:43 - [TEST_STEP][PASSED] - global_token = private_token: null

2022-03-29 22:07:43 - [TEST_STEP][PASSED] - println("token is :" + global_token): null

2022-03-29 22:07:43 - [TEST_STEP][PASSED] - response_token = token.getResponseText(): null

2022-03-29 22:07:43 - [TEST_STEP][PASSED] - logInfo($response_token): 
            {
                "token_type": "BearerToken",
                "access_token": "54yMQSXGr3RuJ8o3r2clJPC7Rl5j",
                "expires_in": "1799",
                "scope": ""
            }
        

2022-03-29 22:07:43 - [MESSAGE][INFO] - 
            {
                "token_type": "BearerToken",
                "access_token": "54yMQSXGr3RuJ8o3r2clJPC7Rl5j",
                "expires_in": "1799",
                "scope": ""
            }
        

2022-03-29 22:07:43 - [TEST_STEP][PASSED] - feedback = sendRequest(findTestObject("4. Feedback-ins", ["s_key":global_token, "batchid":batchid, "norek":norek, "nopin":nopin, "custname":custname, "pemohon":pemohon, "branchid":branchid, ... ])): Send request successfully

2022-03-29 22:07:44 - [MESSAGE][INFO] - HAR: I:\app-testing\app-project\Order car insurance\order-car-insurance\Reports\20220329_215823\3. Get feedback insurance - Batch 1\20220329_215824\requests\main\287.har

2022-03-29 22:07:44 - [MESSAGE][PASSED] - Send request successfully

2022-03-29 22:07:44 - [TEST_STEP][PASSED] - response_feedback = feedback.getResponseText(): null

2022-03-29 22:07:44 - [TEST_STEP][PASSED] - markPassed("result feedback data : " + no + " norek : " + norek + " nopin : " + nopin): result feedback data : 153 norek : 9510001998 nopin : 003

2022-03-29 22:07:44 - [MESSAGE][PASSED] - result feedback data : 153 norek : 9510001998 nopin : 003

2022-03-29 22:07:44 - [TEST_STEP][PASSED] - logInfo($response_feedback): {
  "FeedbackCarInsuranceResponse" : {
    "errorCode" : "00",
    "errorMessage" : "Sukses"
  }
}

2022-03-29 22:07:44 - [MESSAGE][INFO] - {
  "FeedbackCarInsuranceResponse" : {
    "errorCode" : "00",
    "errorMessage" : "Sukses"
  }
}

2022-03-29 22:07:44 - [TEST_STEP][PASSED] - verifyElementPropertyValue(feedback, "FeedbackCarInsuranceResponse.errorMessage", "Sukses", CONTINUE_ON_FAILURE): Verify element property value successfully

2022-03-29 22:07:44 - [MESSAGE][PASSED] - Verify element property value successfully]]></system-out>
         <system-err><![CDATA[]]></system-err>
      </testcase>
      <testcase name="Test Cases/3. get token - feedback insurance" time="0.942" classname="Test Cases/3. get token - feedback insurance" status="PASSED">
         <system-out><![CDATA[2022-03-29 22:07:45 - [TEST_CASE][PASSED] - Test Cases/3. get token - feedback insurance: Test Cases/3. get token - feedback insurance

2022-03-29 22:07:45 - [TEST_STEP][PASSED] - token = sendRequest(findTestObject("1. Get-Token")): Send request successfully

2022-03-29 22:07:45 - [MESSAGE][INFO] - HAR: I:\app-testing\app-project\Order car insurance\order-car-insurance\Reports\20220329_215823\3. Get feedback insurance - Batch 1\20220329_215824\requests\main\288.har

2022-03-29 22:07:45 - [MESSAGE][PASSED] - Send request successfully

2022-03-29 22:07:45 - [TEST_STEP][PASSED] - slurper = new groovy.json.JsonSlurper(): null

2022-03-29 22:07:45 - [TEST_STEP][PASSED] - get_token = slurper.parseText(token.getResponseBodyContent()): null

2022-03-29 22:07:45 - [TEST_STEP][PASSED] - private_token = access_token: null

2022-03-29 22:07:45 - [TEST_STEP][PASSED] - global_token = private_token: null

2022-03-29 22:07:45 - [TEST_STEP][PASSED] - println("token is :" + global_token): null

2022-03-29 22:07:45 - [TEST_STEP][PASSED] - response_token = token.getResponseText(): null

2022-03-29 22:07:45 - [TEST_STEP][PASSED] - logInfo($response_token): 
            {
                "token_type": "BearerToken",
                "access_token": "13Ieq3zdR6Fbawdwp9gy2AYP6VY6",
                "expires_in": "1799",
                "scope": ""
            }
        

2022-03-29 22:07:45 - [MESSAGE][INFO] - 
            {
                "token_type": "BearerToken",
                "access_token": "13Ieq3zdR6Fbawdwp9gy2AYP6VY6",
                "expires_in": "1799",
                "scope": ""
            }
        

2022-03-29 22:07:45 - [TEST_STEP][PASSED] - feedback = sendRequest(findTestObject("4. Feedback-ins", ["s_key":global_token, "batchid":batchid, "norek":norek, "nopin":nopin, "custname":custname, "pemohon":pemohon, "branchid":branchid, ... ])): Send request successfully

2022-03-29 22:07:45 - [MESSAGE][INFO] - HAR: I:\app-testing\app-project\Order car insurance\order-car-insurance\Reports\20220329_215823\3. Get feedback insurance - Batch 1\20220329_215824\requests\main\289.har

2022-03-29 22:07:45 - [MESSAGE][PASSED] - Send request successfully

2022-03-29 22:07:45 - [TEST_STEP][PASSED] - response_feedback = feedback.getResponseText(): null

2022-03-29 22:07:45 - [TEST_STEP][PASSED] - markPassed("result feedback data : " + no + " norek : " + norek + " nopin : " + nopin): result feedback data : 154 norek : 9510015711 nopin : 003

2022-03-29 22:07:45 - [MESSAGE][PASSED] - result feedback data : 154 norek : 9510015711 nopin : 003

2022-03-29 22:07:45 - [TEST_STEP][PASSED] - logInfo($response_feedback): {
  "FeedbackCarInsuranceResponse" : {
    "errorCode" : "00",
    "errorMessage" : "Sukses"
  }
}

2022-03-29 22:07:45 - [MESSAGE][INFO] - {
  "FeedbackCarInsuranceResponse" : {
    "errorCode" : "00",
    "errorMessage" : "Sukses"
  }
}

2022-03-29 22:07:45 - [TEST_STEP][PASSED] - verifyElementPropertyValue(feedback, "FeedbackCarInsuranceResponse.errorMessage", "Sukses", CONTINUE_ON_FAILURE): Verify element property value successfully

2022-03-29 22:07:46 - [MESSAGE][PASSED] - Verify element property value successfully]]></system-out>
         <system-err><![CDATA[]]></system-err>
      </testcase>
      <testcase name="Test Cases/3. get token - feedback insurance" time="0.931" classname="Test Cases/3. get token - feedback insurance" status="PASSED">
         <system-out><![CDATA[2022-03-29 22:07:46 - [TEST_CASE][PASSED] - Test Cases/3. get token - feedback insurance: Test Cases/3. get token - feedback insurance

2022-03-29 22:07:46 - [TEST_STEP][PASSED] - token = sendRequest(findTestObject("1. Get-Token")): Send request successfully

2022-03-29 22:07:46 - [MESSAGE][INFO] - HAR: I:\app-testing\app-project\Order car insurance\order-car-insurance\Reports\20220329_215823\3. Get feedback insurance - Batch 1\20220329_215824\requests\main\290.har

2022-03-29 22:07:46 - [MESSAGE][PASSED] - Send request successfully

2022-03-29 22:07:46 - [TEST_STEP][PASSED] - slurper = new groovy.json.JsonSlurper(): null

2022-03-29 22:07:46 - [TEST_STEP][PASSED] - get_token = slurper.parseText(token.getResponseBodyContent()): null

2022-03-29 22:07:46 - [TEST_STEP][PASSED] - private_token = access_token: null

2022-03-29 22:07:46 - [TEST_STEP][PASSED] - global_token = private_token: null

2022-03-29 22:07:46 - [TEST_STEP][PASSED] - println("token is :" + global_token): null

2022-03-29 22:07:46 - [TEST_STEP][PASSED] - response_token = token.getResponseText(): null

2022-03-29 22:07:46 - [TEST_STEP][PASSED] - logInfo($response_token): 
            {
                "token_type": "BearerToken",
                "access_token": "dARV7uAEjEmgGFUrB7eFGoz7JN0C",
                "expires_in": "1799",
                "scope": ""
            }
        

2022-03-29 22:07:46 - [MESSAGE][INFO] - 
            {
                "token_type": "BearerToken",
                "access_token": "dARV7uAEjEmgGFUrB7eFGoz7JN0C",
                "expires_in": "1799",
                "scope": ""
            }
        

2022-03-29 22:07:46 - [TEST_STEP][PASSED] - feedback = sendRequest(findTestObject("4. Feedback-ins", ["s_key":global_token, "batchid":batchid, "norek":norek, "nopin":nopin, "custname":custname, "pemohon":pemohon, "branchid":branchid, ... ])): Send request successfully

2022-03-29 22:07:47 - [MESSAGE][INFO] - HAR: I:\app-testing\app-project\Order car insurance\order-car-insurance\Reports\20220329_215823\3. Get feedback insurance - Batch 1\20220329_215824\requests\main\291.har

2022-03-29 22:07:47 - [MESSAGE][PASSED] - Send request successfully

2022-03-29 22:07:47 - [TEST_STEP][PASSED] - response_feedback = feedback.getResponseText(): null

2022-03-29 22:07:47 - [TEST_STEP][PASSED] - markPassed("result feedback data : " + no + " norek : " + norek + " nopin : " + nopin): result feedback data : 155 norek : 9510015711 nopin : 003

2022-03-29 22:07:47 - [MESSAGE][PASSED] - result feedback data : 155 norek : 9510015711 nopin : 003

2022-03-29 22:07:47 - [TEST_STEP][PASSED] - logInfo($response_feedback): {
  "FeedbackCarInsuranceResponse" : {
    "errorCode" : "00",
    "errorMessage" : "Sukses"
  }
}

2022-03-29 22:07:47 - [MESSAGE][INFO] - {
  "FeedbackCarInsuranceResponse" : {
    "errorCode" : "00",
    "errorMessage" : "Sukses"
  }
}

2022-03-29 22:07:47 - [TEST_STEP][PASSED] - verifyElementPropertyValue(feedback, "FeedbackCarInsuranceResponse.errorMessage", "Sukses", CONTINUE_ON_FAILURE): Verify element property value successfully

2022-03-29 22:07:47 - [MESSAGE][PASSED] - Verify element property value successfully]]></system-out>
         <system-err><![CDATA[]]></system-err>
      </testcase>
      <testcase name="Test Cases/3. get token - feedback insurance" time="0.951" classname="Test Cases/3. get token - feedback insurance" status="PASSED">
         <system-out><![CDATA[2022-03-29 22:07:47 - [TEST_CASE][PASSED] - Test Cases/3. get token - feedback insurance: Test Cases/3. get token - feedback insurance

2022-03-29 22:07:47 - [TEST_STEP][PASSED] - token = sendRequest(findTestObject("1. Get-Token")): Send request successfully

2022-03-29 22:07:47 - [MESSAGE][INFO] - HAR: I:\app-testing\app-project\Order car insurance\order-car-insurance\Reports\20220329_215823\3. Get feedback insurance - Batch 1\20220329_215824\requests\main\292.har

2022-03-29 22:07:47 - [MESSAGE][PASSED] - Send request successfully

2022-03-29 22:07:47 - [TEST_STEP][PASSED] - slurper = new groovy.json.JsonSlurper(): null

2022-03-29 22:07:47 - [TEST_STEP][PASSED] - get_token = slurper.parseText(token.getResponseBodyContent()): null

2022-03-29 22:07:47 - [TEST_STEP][PASSED] - private_token = access_token: null

2022-03-29 22:07:47 - [TEST_STEP][PASSED] - global_token = private_token: null

2022-03-29 22:07:47 - [TEST_STEP][PASSED] - println("token is :" + global_token): null

2022-03-29 22:07:47 - [TEST_STEP][PASSED] - response_token = token.getResponseText(): null

2022-03-29 22:07:47 - [TEST_STEP][PASSED] - logInfo($response_token): 
            {
                "token_type": "BearerToken",
                "access_token": "zwvGLlFQuGmUMIbtHjiKeJDNrInm",
                "expires_in": "1799",
                "scope": ""
            }
        

2022-03-29 22:07:47 - [MESSAGE][INFO] - 
            {
                "token_type": "BearerToken",
                "access_token": "zwvGLlFQuGmUMIbtHjiKeJDNrInm",
                "expires_in": "1799",
                "scope": ""
            }
        

2022-03-29 22:07:47 - [TEST_STEP][PASSED] - feedback = sendRequest(findTestObject("4. Feedback-ins", ["s_key":global_token, "batchid":batchid, "norek":norek, "nopin":nopin, "custname":custname, "pemohon":pemohon, "branchid":branchid, ... ])): Send request successfully

2022-03-29 22:07:48 - [MESSAGE][INFO] - HAR: I:\app-testing\app-project\Order car insurance\order-car-insurance\Reports\20220329_215823\3. Get feedback insurance - Batch 1\20220329_215824\requests\main\293.har

2022-03-29 22:07:48 - [MESSAGE][PASSED] - Send request successfully

2022-03-29 22:07:48 - [TEST_STEP][PASSED] - response_feedback = feedback.getResponseText(): null

2022-03-29 22:07:48 - [TEST_STEP][PASSED] - markPassed("result feedback data : " + no + " norek : " + norek + " nopin : " + nopin): result feedback data : 156 norek : 9510015711 nopin : 003

2022-03-29 22:07:48 - [MESSAGE][PASSED] - result feedback data : 156 norek : 9510015711 nopin : 003

2022-03-29 22:07:48 - [TEST_STEP][PASSED] - logInfo($response_feedback): {
  "FeedbackCarInsuranceResponse" : {
    "errorCode" : "00",
    "errorMessage" : "Sukses"
  }
}

2022-03-29 22:07:48 - [MESSAGE][INFO] - {
  "FeedbackCarInsuranceResponse" : {
    "errorCode" : "00",
    "errorMessage" : "Sukses"
  }
}

2022-03-29 22:07:48 - [TEST_STEP][PASSED] - verifyElementPropertyValue(feedback, "FeedbackCarInsuranceResponse.errorMessage", "Sukses", CONTINUE_ON_FAILURE): Verify element property value successfully

2022-03-29 22:07:48 - [MESSAGE][PASSED] - Verify element property value successfully]]></system-out>
         <system-err><![CDATA[]]></system-err>
      </testcase>
      <testcase name="Test Cases/3. get token - feedback insurance" time="1.011" classname="Test Cases/3. get token - feedback insurance" status="PASSED">
         <system-out><![CDATA[2022-03-29 22:07:49 - [TEST_CASE][PASSED] - Test Cases/3. get token - feedback insurance: Test Cases/3. get token - feedback insurance

2022-03-29 22:07:49 - [TEST_STEP][PASSED] - token = sendRequest(findTestObject("1. Get-Token")): Send request successfully

2022-03-29 22:07:49 - [MESSAGE][INFO] - HAR: I:\app-testing\app-project\Order car insurance\order-car-insurance\Reports\20220329_215823\3. Get feedback insurance - Batch 1\20220329_215824\requests\main\294.har

2022-03-29 22:07:49 - [MESSAGE][PASSED] - Send request successfully

2022-03-29 22:07:49 - [TEST_STEP][PASSED] - slurper = new groovy.json.JsonSlurper(): null

2022-03-29 22:07:49 - [TEST_STEP][PASSED] - get_token = slurper.parseText(token.getResponseBodyContent()): null

2022-03-29 22:07:49 - [TEST_STEP][PASSED] - private_token = access_token: null

2022-03-29 22:07:49 - [TEST_STEP][PASSED] - global_token = private_token: null

2022-03-29 22:07:49 - [TEST_STEP][PASSED] - println("token is :" + global_token): null

2022-03-29 22:07:49 - [TEST_STEP][PASSED] - response_token = token.getResponseText(): null

2022-03-29 22:07:49 - [TEST_STEP][PASSED] - logInfo($response_token): 
            {
                "token_type": "BearerToken",
                "access_token": "XMT4aiwnRae2PsWHmD6y4HqVA4OO",
                "expires_in": "1799",
                "scope": ""
            }
        

2022-03-29 22:07:49 - [MESSAGE][INFO] - 
            {
                "token_type": "BearerToken",
                "access_token": "XMT4aiwnRae2PsWHmD6y4HqVA4OO",
                "expires_in": "1799",
                "scope": ""
            }
        

2022-03-29 22:07:49 - [TEST_STEP][PASSED] - feedback = sendRequest(findTestObject("4. Feedback-ins", ["s_key":global_token, "batchid":batchid, "norek":norek, "nopin":nopin, "custname":custname, "pemohon":pemohon, "branchid":branchid, ... ])): Send request successfully

2022-03-29 22:07:49 - [MESSAGE][INFO] - HAR: I:\app-testing\app-project\Order car insurance\order-car-insurance\Reports\20220329_215823\3. Get feedback insurance - Batch 1\20220329_215824\requests\main\295.har

2022-03-29 22:07:50 - [MESSAGE][PASSED] - Send request successfully

2022-03-29 22:07:50 - [TEST_STEP][PASSED] - response_feedback = feedback.getResponseText(): null

2022-03-29 22:07:50 - [TEST_STEP][PASSED] - markPassed("result feedback data : " + no + " norek : " + norek + " nopin : " + nopin): result feedback data : 157 norek : 9510015711 nopin : 003

2022-03-29 22:07:50 - [MESSAGE][PASSED] - result feedback data : 157 norek : 9510015711 nopin : 003

2022-03-29 22:07:50 - [TEST_STEP][PASSED] - logInfo($response_feedback): {
  "FeedbackCarInsuranceResponse" : {
    "errorCode" : "00",
    "errorMessage" : "Sukses"
  }
}

2022-03-29 22:07:50 - [MESSAGE][INFO] - {
  "FeedbackCarInsuranceResponse" : {
    "errorCode" : "00",
    "errorMessage" : "Sukses"
  }
}

2022-03-29 22:07:50 - [TEST_STEP][PASSED] - verifyElementPropertyValue(feedback, "FeedbackCarInsuranceResponse.errorMessage", "Sukses", CONTINUE_ON_FAILURE): Verify element property value successfully

2022-03-29 22:07:50 - [MESSAGE][PASSED] - Verify element property value successfully]]></system-out>
         <system-err><![CDATA[]]></system-err>
      </testcase>
      <testcase name="Test Cases/3. get token - feedback insurance" time="1.226" classname="Test Cases/3. get token - feedback insurance" status="PASSED">
         <system-out><![CDATA[2022-03-29 22:07:50 - [TEST_CASE][PASSED] - Test Cases/3. get token - feedback insurance: Test Cases/3. get token - feedback insurance

2022-03-29 22:07:50 - [TEST_STEP][PASSED] - token = sendRequest(findTestObject("1. Get-Token")): Send request successfully

2022-03-29 22:07:50 - [MESSAGE][INFO] - HAR: I:\app-testing\app-project\Order car insurance\order-car-insurance\Reports\20220329_215823\3. Get feedback insurance - Batch 1\20220329_215824\requests\main\296.har

2022-03-29 22:07:50 - [MESSAGE][PASSED] - Send request successfully

2022-03-29 22:07:50 - [TEST_STEP][PASSED] - slurper = new groovy.json.JsonSlurper(): null

2022-03-29 22:07:50 - [TEST_STEP][PASSED] - get_token = slurper.parseText(token.getResponseBodyContent()): null

2022-03-29 22:07:50 - [TEST_STEP][PASSED] - private_token = access_token: null

2022-03-29 22:07:50 - [TEST_STEP][PASSED] - global_token = private_token: null

2022-03-29 22:07:50 - [TEST_STEP][PASSED] - println("token is :" + global_token): null

2022-03-29 22:07:50 - [TEST_STEP][PASSED] - response_token = token.getResponseText(): null

2022-03-29 22:07:50 - [TEST_STEP][PASSED] - logInfo($response_token): 
            {
                "token_type": "BearerToken",
                "access_token": "2zV4QLQtGdZaf4do72PIRr16RWP1",
                "expires_in": "1799",
                "scope": ""
            }
        

2022-03-29 22:07:50 - [MESSAGE][INFO] - 
            {
                "token_type": "BearerToken",
                "access_token": "2zV4QLQtGdZaf4do72PIRr16RWP1",
                "expires_in": "1799",
                "scope": ""
            }
        

2022-03-29 22:07:50 - [TEST_STEP][PASSED] - feedback = sendRequest(findTestObject("4. Feedback-ins", ["s_key":global_token, "batchid":batchid, "norek":norek, "nopin":nopin, "custname":custname, "pemohon":pemohon, "branchid":branchid, ... ])): Send request successfully

2022-03-29 22:07:51 - [MESSAGE][INFO] - HAR: I:\app-testing\app-project\Order car insurance\order-car-insurance\Reports\20220329_215823\3. Get feedback insurance - Batch 1\20220329_215824\requests\main\297.har

2022-03-29 22:07:51 - [MESSAGE][PASSED] - Send request successfully

2022-03-29 22:07:51 - [TEST_STEP][PASSED] - response_feedback = feedback.getResponseText(): null

2022-03-29 22:07:51 - [TEST_STEP][PASSED] - markPassed("result feedback data : " + no + " norek : " + norek + " nopin : " + nopin): result feedback data : 158 norek : 9510016876 nopin : 001

2022-03-29 22:07:51 - [MESSAGE][PASSED] - result feedback data : 158 norek : 9510016876 nopin : 001

2022-03-29 22:07:51 - [TEST_STEP][PASSED] - logInfo($response_feedback): {
  "FeedbackCarInsuranceResponse" : {
    "errorCode" : "00",
    "errorMessage" : "Sukses"
  }
}

2022-03-29 22:07:51 - [MESSAGE][INFO] - {
  "FeedbackCarInsuranceResponse" : {
    "errorCode" : "00",
    "errorMessage" : "Sukses"
  }
}

2022-03-29 22:07:51 - [TEST_STEP][PASSED] - verifyElementPropertyValue(feedback, "FeedbackCarInsuranceResponse.errorMessage", "Sukses", CONTINUE_ON_FAILURE): Verify element property value successfully

2022-03-29 22:07:51 - [MESSAGE][PASSED] - Verify element property value successfully]]></system-out>
         <system-err><![CDATA[]]></system-err>
      </testcase>
      <testcase name="Test Cases/3. get token - feedback insurance" time="1.306" classname="Test Cases/3. get token - feedback insurance" status="PASSED">
         <system-out><![CDATA[2022-03-29 22:07:52 - [TEST_CASE][PASSED] - Test Cases/3. get token - feedback insurance: Test Cases/3. get token - feedback insurance

2022-03-29 22:07:52 - [TEST_STEP][PASSED] - token = sendRequest(findTestObject("1. Get-Token")): Send request successfully

2022-03-29 22:07:52 - [MESSAGE][INFO] - HAR: I:\app-testing\app-project\Order car insurance\order-car-insurance\Reports\20220329_215823\3. Get feedback insurance - Batch 1\20220329_215824\requests\main\298.har

2022-03-29 22:07:52 - [MESSAGE][PASSED] - Send request successfully

2022-03-29 22:07:52 - [TEST_STEP][PASSED] - slurper = new groovy.json.JsonSlurper(): null

2022-03-29 22:07:52 - [TEST_STEP][PASSED] - get_token = slurper.parseText(token.getResponseBodyContent()): null

2022-03-29 22:07:52 - [TEST_STEP][PASSED] - private_token = access_token: null

2022-03-29 22:07:52 - [TEST_STEP][PASSED] - global_token = private_token: null

2022-03-29 22:07:52 - [TEST_STEP][PASSED] - println("token is :" + global_token): null

2022-03-29 22:07:52 - [TEST_STEP][PASSED] - response_token = token.getResponseText(): null

2022-03-29 22:07:52 - [TEST_STEP][PASSED] - logInfo($response_token): 
            {
                "token_type": "BearerToken",
                "access_token": "L54ZvCyljgKIvJXtc09HfQj30Zsi",
                "expires_in": "1799",
                "scope": ""
            }
        

2022-03-29 22:07:52 - [MESSAGE][INFO] - 
            {
                "token_type": "BearerToken",
                "access_token": "L54ZvCyljgKIvJXtc09HfQj30Zsi",
                "expires_in": "1799",
                "scope": ""
            }
        

2022-03-29 22:07:52 - [TEST_STEP][PASSED] - feedback = sendRequest(findTestObject("4. Feedback-ins", ["s_key":global_token, "batchid":batchid, "norek":norek, "nopin":nopin, "custname":custname, "pemohon":pemohon, "branchid":branchid, ... ])): Send request successfully

2022-03-29 22:07:53 - [MESSAGE][INFO] - HAR: I:\app-testing\app-project\Order car insurance\order-car-insurance\Reports\20220329_215823\3. Get feedback insurance - Batch 1\20220329_215824\requests\main\299.har

2022-03-29 22:07:53 - [MESSAGE][PASSED] - Send request successfully

2022-03-29 22:07:53 - [TEST_STEP][PASSED] - response_feedback = feedback.getResponseText(): null

2022-03-29 22:07:53 - [TEST_STEP][PASSED] - markPassed("result feedback data : " + no + " norek : " + norek + " nopin : " + nopin): result feedback data : 159 norek : 9510016876 nopin : 001

2022-03-29 22:07:53 - [MESSAGE][PASSED] - result feedback data : 159 norek : 9510016876 nopin : 001

2022-03-29 22:07:53 - [TEST_STEP][PASSED] - logInfo($response_feedback): {
  "FeedbackCarInsuranceResponse" : {
    "errorCode" : "00",
    "errorMessage" : "Sukses"
  }
}

2022-03-29 22:07:53 - [MESSAGE][INFO] - {
  "FeedbackCarInsuranceResponse" : {
    "errorCode" : "00",
    "errorMessage" : "Sukses"
  }
}

2022-03-29 22:07:53 - [TEST_STEP][PASSED] - verifyElementPropertyValue(feedback, "FeedbackCarInsuranceResponse.errorMessage", "Sukses", CONTINUE_ON_FAILURE): Verify element property value successfully

2022-03-29 22:07:53 - [MESSAGE][PASSED] - Verify element property value successfully]]></system-out>
         <system-err><![CDATA[]]></system-err>
      </testcase>
      <testcase name="Test Cases/3. get token - feedback insurance" time="1.264" classname="Test Cases/3. get token - feedback insurance" status="PASSED">
         <system-out><![CDATA[2022-03-29 22:07:53 - [TEST_CASE][PASSED] - Test Cases/3. get token - feedback insurance: Test Cases/3. get token - feedback insurance

2022-03-29 22:07:53 - [TEST_STEP][PASSED] - token = sendRequest(findTestObject("1. Get-Token")): Send request successfully

2022-03-29 22:07:54 - [MESSAGE][INFO] - HAR: I:\app-testing\app-project\Order car insurance\order-car-insurance\Reports\20220329_215823\3. Get feedback insurance - Batch 1\20220329_215824\requests\main\300.har

2022-03-29 22:07:54 - [MESSAGE][PASSED] - Send request successfully

2022-03-29 22:07:54 - [TEST_STEP][PASSED] - slurper = new groovy.json.JsonSlurper(): null

2022-03-29 22:07:54 - [TEST_STEP][PASSED] - get_token = slurper.parseText(token.getResponseBodyContent()): null

2022-03-29 22:07:54 - [TEST_STEP][PASSED] - private_token = access_token: null

2022-03-29 22:07:54 - [TEST_STEP][PASSED] - global_token = private_token: null

2022-03-29 22:07:54 - [TEST_STEP][PASSED] - println("token is :" + global_token): null

2022-03-29 22:07:54 - [TEST_STEP][PASSED] - response_token = token.getResponseText(): null

2022-03-29 22:07:54 - [TEST_STEP][PASSED] - logInfo($response_token): 
            {
                "token_type": "BearerToken",
                "access_token": "5GG8NQvtGI3SDA5KyeAUHTVMz1Vl",
                "expires_in": "1799",
                "scope": ""
            }
        

2022-03-29 22:07:54 - [MESSAGE][INFO] - 
            {
                "token_type": "BearerToken",
                "access_token": "5GG8NQvtGI3SDA5KyeAUHTVMz1Vl",
                "expires_in": "1799",
                "scope": ""
            }
        

2022-03-29 22:07:54 - [TEST_STEP][PASSED] - feedback = sendRequest(findTestObject("4. Feedback-ins", ["s_key":global_token, "batchid":batchid, "norek":norek, "nopin":nopin, "custname":custname, "pemohon":pemohon, "branchid":branchid, ... ])): Send request successfully

2022-03-29 22:07:54 - [MESSAGE][INFO] - HAR: I:\app-testing\app-project\Order car insurance\order-car-insurance\Reports\20220329_215823\3. Get feedback insurance - Batch 1\20220329_215824\requests\main\301.har

2022-03-29 22:07:54 - [MESSAGE][PASSED] - Send request successfully

2022-03-29 22:07:54 - [TEST_STEP][PASSED] - response_feedback = feedback.getResponseText(): null

2022-03-29 22:07:54 - [TEST_STEP][PASSED] - markPassed("result feedback data : " + no + " norek : " + norek + " nopin : " + nopin): result feedback data : 160 norek : 9510016876 nopin : 001

2022-03-29 22:07:54 - [MESSAGE][PASSED] - result feedback data : 160 norek : 9510016876 nopin : 001

2022-03-29 22:07:54 - [TEST_STEP][PASSED] - logInfo($response_feedback): {
  "FeedbackCarInsuranceResponse" : {
    "errorCode" : "00",
    "errorMessage" : "Sukses"
  }
}

2022-03-29 22:07:54 - [MESSAGE][INFO] - {
  "FeedbackCarInsuranceResponse" : {
    "errorCode" : "00",
    "errorMessage" : "Sukses"
  }
}

2022-03-29 22:07:54 - [TEST_STEP][PASSED] - verifyElementPropertyValue(feedback, "FeedbackCarInsuranceResponse.errorMessage", "Sukses", CONTINUE_ON_FAILURE): Verify element property value successfully

2022-03-29 22:07:54 - [MESSAGE][PASSED] - Verify element property value successfully]]></system-out>
         <system-err><![CDATA[]]></system-err>
      </testcase>
      <testcase name="Test Cases/3. get token - feedback insurance" time="1.063" classname="Test Cases/3. get token - feedback insurance" status="PASSED">
         <system-out><![CDATA[2022-03-29 22:07:55 - [TEST_CASE][PASSED] - Test Cases/3. get token - feedback insurance: Test Cases/3. get token - feedback insurance

2022-03-29 22:07:55 - [TEST_STEP][PASSED] - token = sendRequest(findTestObject("1. Get-Token")): Send request successfully

2022-03-29 22:07:55 - [MESSAGE][INFO] - HAR: I:\app-testing\app-project\Order car insurance\order-car-insurance\Reports\20220329_215823\3. Get feedback insurance - Batch 1\20220329_215824\requests\main\302.har

2022-03-29 22:07:55 - [MESSAGE][PASSED] - Send request successfully

2022-03-29 22:07:55 - [TEST_STEP][PASSED] - slurper = new groovy.json.JsonSlurper(): null

2022-03-29 22:07:55 - [TEST_STEP][PASSED] - get_token = slurper.parseText(token.getResponseBodyContent()): null

2022-03-29 22:07:55 - [TEST_STEP][PASSED] - private_token = access_token: null

2022-03-29 22:07:55 - [TEST_STEP][PASSED] - global_token = private_token: null

2022-03-29 22:07:55 - [TEST_STEP][PASSED] - println("token is :" + global_token): null

2022-03-29 22:07:55 - [TEST_STEP][PASSED] - response_token = token.getResponseText(): null

2022-03-29 22:07:55 - [TEST_STEP][PASSED] - logInfo($response_token): 
            {
                "token_type": "BearerToken",
                "access_token": "fz3FGQ3y24ytl2ZKAJxh60ylnwSP",
                "expires_in": "1799",
                "scope": ""
            }
        

2022-03-29 22:07:55 - [MESSAGE][INFO] - 
            {
                "token_type": "BearerToken",
                "access_token": "fz3FGQ3y24ytl2ZKAJxh60ylnwSP",
                "expires_in": "1799",
                "scope": ""
            }
        

2022-03-29 22:07:55 - [TEST_STEP][PASSED] - feedback = sendRequest(findTestObject("4. Feedback-ins", ["s_key":global_token, "batchid":batchid, "norek":norek, "nopin":nopin, "custname":custname, "pemohon":pemohon, "branchid":branchid, ... ])): Send request successfully

2022-03-29 22:07:56 - [MESSAGE][INFO] - HAR: I:\app-testing\app-project\Order car insurance\order-car-insurance\Reports\20220329_215823\3. Get feedback insurance - Batch 1\20220329_215824\requests\main\303.har

2022-03-29 22:07:56 - [MESSAGE][PASSED] - Send request successfully

2022-03-29 22:07:56 - [TEST_STEP][PASSED] - response_feedback = feedback.getResponseText(): null

2022-03-29 22:07:56 - [TEST_STEP][PASSED] - markPassed("result feedback data : " + no + " norek : " + norek + " nopin : " + nopin): result feedback data : 161 norek : 9510016876 nopin : 001

2022-03-29 22:07:56 - [MESSAGE][PASSED] - result feedback data : 161 norek : 9510016876 nopin : 001

2022-03-29 22:07:56 - [TEST_STEP][PASSED] - logInfo($response_feedback): {
  "FeedbackCarInsuranceResponse" : {
    "errorCode" : "00",
    "errorMessage" : "Sukses"
  }
}

2022-03-29 22:07:56 - [MESSAGE][INFO] - {
  "FeedbackCarInsuranceResponse" : {
    "errorCode" : "00",
    "errorMessage" : "Sukses"
  }
}

2022-03-29 22:07:56 - [TEST_STEP][PASSED] - verifyElementPropertyValue(feedback, "FeedbackCarInsuranceResponse.errorMessage", "Sukses", CONTINUE_ON_FAILURE): Verify element property value successfully

2022-03-29 22:07:56 - [MESSAGE][PASSED] - Verify element property value successfully]]></system-out>
         <system-err><![CDATA[]]></system-err>
      </testcase>
      <testcase name="Test Cases/3. get token - feedback insurance" time="1.055" classname="Test Cases/3. get token - feedback insurance" status="PASSED">
         <system-out><![CDATA[2022-03-29 22:07:56 - [TEST_CASE][PASSED] - Test Cases/3. get token - feedback insurance: Test Cases/3. get token - feedback insurance

2022-03-29 22:07:56 - [TEST_STEP][PASSED] - token = sendRequest(findTestObject("1. Get-Token")): Send request successfully

2022-03-29 22:07:57 - [MESSAGE][INFO] - HAR: I:\app-testing\app-project\Order car insurance\order-car-insurance\Reports\20220329_215823\3. Get feedback insurance - Batch 1\20220329_215824\requests\main\304.har

2022-03-29 22:07:57 - [MESSAGE][PASSED] - Send request successfully

2022-03-29 22:07:57 - [TEST_STEP][PASSED] - slurper = new groovy.json.JsonSlurper(): null

2022-03-29 22:07:57 - [TEST_STEP][PASSED] - get_token = slurper.parseText(token.getResponseBodyContent()): null

2022-03-29 22:07:57 - [TEST_STEP][PASSED] - private_token = access_token: null

2022-03-29 22:07:57 - [TEST_STEP][PASSED] - global_token = private_token: null

2022-03-29 22:07:57 - [TEST_STEP][PASSED] - println("token is :" + global_token): null

2022-03-29 22:07:57 - [TEST_STEP][PASSED] - response_token = token.getResponseText(): null

2022-03-29 22:07:57 - [TEST_STEP][PASSED] - logInfo($response_token): 
            {
                "token_type": "BearerToken",
                "access_token": "0rJ7LBqN1psxJPt8TaA1yeA2bsLZ",
                "expires_in": "1799",
                "scope": ""
            }
        

2022-03-29 22:07:57 - [MESSAGE][INFO] - 
            {
                "token_type": "BearerToken",
                "access_token": "0rJ7LBqN1psxJPt8TaA1yeA2bsLZ",
                "expires_in": "1799",
                "scope": ""
            }
        

2022-03-29 22:07:57 - [TEST_STEP][PASSED] - feedback = sendRequest(findTestObject("4. Feedback-ins", ["s_key":global_token, "batchid":batchid, "norek":norek, "nopin":nopin, "custname":custname, "pemohon":pemohon, "branchid":branchid, ... ])): Send request successfully

2022-03-29 22:07:57 - [MESSAGE][INFO] - HAR: I:\app-testing\app-project\Order car insurance\order-car-insurance\Reports\20220329_215823\3. Get feedback insurance - Batch 1\20220329_215824\requests\main\305.har

2022-03-29 22:07:57 - [MESSAGE][PASSED] - Send request successfully

2022-03-29 22:07:57 - [TEST_STEP][PASSED] - response_feedback = feedback.getResponseText(): null

2022-03-29 22:07:57 - [TEST_STEP][PASSED] - markPassed("result feedback data : " + no + " norek : " + norek + " nopin : " + nopin): result feedback data : 162 norek : 9510016876 nopin : 001

2022-03-29 22:07:57 - [MESSAGE][PASSED] - result feedback data : 162 norek : 9510016876 nopin : 001

2022-03-29 22:07:57 - [TEST_STEP][PASSED] - logInfo($response_feedback): {
  "FeedbackCarInsuranceResponse" : {
    "errorCode" : "00",
    "errorMessage" : "Sukses"
  }
}

2022-03-29 22:07:57 - [MESSAGE][INFO] - {
  "FeedbackCarInsuranceResponse" : {
    "errorCode" : "00",
    "errorMessage" : "Sukses"
  }
}

2022-03-29 22:07:57 - [TEST_STEP][PASSED] - verifyElementPropertyValue(feedback, "FeedbackCarInsuranceResponse.errorMessage", "Sukses", CONTINUE_ON_FAILURE): Verify element property value successfully

2022-03-29 22:07:57 - [MESSAGE][PASSED] - Verify element property value successfully]]></system-out>
         <system-err><![CDATA[]]></system-err>
      </testcase>
      <testcase name="Test Cases/3. get token - feedback insurance" time="0.933" classname="Test Cases/3. get token - feedback insurance" status="PASSED">
         <system-out><![CDATA[2022-03-29 22:07:58 - [TEST_CASE][PASSED] - Test Cases/3. get token - feedback insurance: Test Cases/3. get token - feedback insurance

2022-03-29 22:07:58 - [TEST_STEP][PASSED] - token = sendRequest(findTestObject("1. Get-Token")): Send request successfully

2022-03-29 22:07:58 - [MESSAGE][INFO] - HAR: I:\app-testing\app-project\Order car insurance\order-car-insurance\Reports\20220329_215823\3. Get feedback insurance - Batch 1\20220329_215824\requests\main\306.har

2022-03-29 22:07:58 - [MESSAGE][PASSED] - Send request successfully

2022-03-29 22:07:58 - [TEST_STEP][PASSED] - slurper = new groovy.json.JsonSlurper(): null

2022-03-29 22:07:58 - [TEST_STEP][PASSED] - get_token = slurper.parseText(token.getResponseBodyContent()): null

2022-03-29 22:07:58 - [TEST_STEP][PASSED] - private_token = access_token: null

2022-03-29 22:07:58 - [TEST_STEP][PASSED] - global_token = private_token: null

2022-03-29 22:07:58 - [TEST_STEP][PASSED] - println("token is :" + global_token): null

2022-03-29 22:07:58 - [TEST_STEP][PASSED] - response_token = token.getResponseText(): null

2022-03-29 22:07:58 - [TEST_STEP][PASSED] - logInfo($response_token): 
            {
                "token_type": "BearerToken",
                "access_token": "OWSrglxkCvLs3TN6xy7MnQnrcUEY",
                "expires_in": "1799",
                "scope": ""
            }
        

2022-03-29 22:07:58 - [MESSAGE][INFO] - 
            {
                "token_type": "BearerToken",
                "access_token": "OWSrglxkCvLs3TN6xy7MnQnrcUEY",
                "expires_in": "1799",
                "scope": ""
            }
        

2022-03-29 22:07:58 - [TEST_STEP][PASSED] - feedback = sendRequest(findTestObject("4. Feedback-ins", ["s_key":global_token, "batchid":batchid, "norek":norek, "nopin":nopin, "custname":custname, "pemohon":pemohon, "branchid":branchid, ... ])): Send request successfully

2022-03-29 22:07:59 - [MESSAGE][INFO] - HAR: I:\app-testing\app-project\Order car insurance\order-car-insurance\Reports\20220329_215823\3. Get feedback insurance - Batch 1\20220329_215824\requests\main\307.har

2022-03-29 22:07:59 - [MESSAGE][PASSED] - Send request successfully

2022-03-29 22:07:59 - [TEST_STEP][PASSED] - response_feedback = feedback.getResponseText(): null

2022-03-29 22:07:59 - [TEST_STEP][PASSED] - markPassed("result feedback data : " + no + " norek : " + norek + " nopin : " + nopin): result feedback data : 163 norek : 9510016878 nopin : 001

2022-03-29 22:07:59 - [MESSAGE][PASSED] - result feedback data : 163 norek : 9510016878 nopin : 001

2022-03-29 22:07:59 - [TEST_STEP][PASSED] - logInfo($response_feedback): {
  "FeedbackCarInsuranceResponse" : {
    "errorCode" : "00",
    "errorMessage" : "Sukses"
  }
}

2022-03-29 22:07:59 - [MESSAGE][INFO] - {
  "FeedbackCarInsuranceResponse" : {
    "errorCode" : "00",
    "errorMessage" : "Sukses"
  }
}

2022-03-29 22:07:59 - [TEST_STEP][PASSED] - verifyElementPropertyValue(feedback, "FeedbackCarInsuranceResponse.errorMessage", "Sukses", CONTINUE_ON_FAILURE): Verify element property value successfully

2022-03-29 22:07:59 - [MESSAGE][PASSED] - Verify element property value successfully]]></system-out>
         <system-err><![CDATA[]]></system-err>
      </testcase>
      <testcase name="Test Cases/3. get token - feedback insurance" time="0.984" classname="Test Cases/3. get token - feedback insurance" status="PASSED">
         <system-out><![CDATA[2022-03-29 22:07:59 - [TEST_CASE][PASSED] - Test Cases/3. get token - feedback insurance: Test Cases/3. get token - feedback insurance

2022-03-29 22:07:59 - [TEST_STEP][PASSED] - token = sendRequest(findTestObject("1. Get-Token")): Send request successfully

2022-03-29 22:07:59 - [MESSAGE][INFO] - HAR: I:\app-testing\app-project\Order car insurance\order-car-insurance\Reports\20220329_215823\3. Get feedback insurance - Batch 1\20220329_215824\requests\main\308.har

2022-03-29 22:07:59 - [MESSAGE][PASSED] - Send request successfully

2022-03-29 22:07:59 - [TEST_STEP][PASSED] - slurper = new groovy.json.JsonSlurper(): null

2022-03-29 22:07:59 - [TEST_STEP][PASSED] - get_token = slurper.parseText(token.getResponseBodyContent()): null

2022-03-29 22:07:59 - [TEST_STEP][PASSED] - private_token = access_token: null

2022-03-29 22:07:59 - [TEST_STEP][PASSED] - global_token = private_token: null

2022-03-29 22:07:59 - [TEST_STEP][PASSED] - println("token is :" + global_token): null

2022-03-29 22:07:59 - [TEST_STEP][PASSED] - response_token = token.getResponseText(): null

2022-03-29 22:07:59 - [TEST_STEP][PASSED] - logInfo($response_token): 
            {
                "token_type": "BearerToken",
                "access_token": "M0hb7HlUurLh9APWA7qw6UE5eq22",
                "expires_in": "1799",
                "scope": ""
            }
        

2022-03-29 22:07:59 - [MESSAGE][INFO] - 
            {
                "token_type": "BearerToken",
                "access_token": "M0hb7HlUurLh9APWA7qw6UE5eq22",
                "expires_in": "1799",
                "scope": ""
            }
        

2022-03-29 22:07:59 - [TEST_STEP][PASSED] - feedback = sendRequest(findTestObject("4. Feedback-ins", ["s_key":global_token, "batchid":batchid, "norek":norek, "nopin":nopin, "custname":custname, "pemohon":pemohon, "branchid":branchid, ... ])): Send request successfully

2022-03-29 22:08:00 - [MESSAGE][INFO] - HAR: I:\app-testing\app-project\Order car insurance\order-car-insurance\Reports\20220329_215823\3. Get feedback insurance - Batch 1\20220329_215824\requests\main\309.har

2022-03-29 22:08:00 - [MESSAGE][PASSED] - Send request successfully

2022-03-29 22:08:00 - [TEST_STEP][PASSED] - response_feedback = feedback.getResponseText(): null

2022-03-29 22:08:00 - [TEST_STEP][PASSED] - markPassed("result feedback data : " + no + " norek : " + norek + " nopin : " + nopin): result feedback data : 164 norek : 9510016878 nopin : 001

2022-03-29 22:08:00 - [MESSAGE][PASSED] - result feedback data : 164 norek : 9510016878 nopin : 001

2022-03-29 22:08:00 - [TEST_STEP][PASSED] - logInfo($response_feedback): {
  "FeedbackCarInsuranceResponse" : {
    "errorCode" : "00",
    "errorMessage" : "Sukses"
  }
}

2022-03-29 22:08:00 - [MESSAGE][INFO] - {
  "FeedbackCarInsuranceResponse" : {
    "errorCode" : "00",
    "errorMessage" : "Sukses"
  }
}

2022-03-29 22:08:00 - [TEST_STEP][PASSED] - verifyElementPropertyValue(feedback, "FeedbackCarInsuranceResponse.errorMessage", "Sukses", CONTINUE_ON_FAILURE): Verify element property value successfully

2022-03-29 22:08:00 - [MESSAGE][PASSED] - Verify element property value successfully]]></system-out>
         <system-err><![CDATA[]]></system-err>
      </testcase>
      <testcase name="Test Cases/3. get token - feedback insurance" time="1.018" classname="Test Cases/3. get token - feedback insurance" status="PASSED">
         <system-out><![CDATA[2022-03-29 22:08:00 - [TEST_CASE][PASSED] - Test Cases/3. get token - feedback insurance: Test Cases/3. get token - feedback insurance

2022-03-29 22:08:00 - [TEST_STEP][PASSED] - token = sendRequest(findTestObject("1. Get-Token")): Send request successfully

2022-03-29 22:08:01 - [MESSAGE][INFO] - HAR: I:\app-testing\app-project\Order car insurance\order-car-insurance\Reports\20220329_215823\3. Get feedback insurance - Batch 1\20220329_215824\requests\main\310.har

2022-03-29 22:08:01 - [MESSAGE][PASSED] - Send request successfully

2022-03-29 22:08:01 - [TEST_STEP][PASSED] - slurper = new groovy.json.JsonSlurper(): null

2022-03-29 22:08:01 - [TEST_STEP][PASSED] - get_token = slurper.parseText(token.getResponseBodyContent()): null

2022-03-29 22:08:01 - [TEST_STEP][PASSED] - private_token = access_token: null

2022-03-29 22:08:01 - [TEST_STEP][PASSED] - global_token = private_token: null

2022-03-29 22:08:01 - [TEST_STEP][PASSED] - println("token is :" + global_token): null

2022-03-29 22:08:01 - [TEST_STEP][PASSED] - response_token = token.getResponseText(): null

2022-03-29 22:08:01 - [TEST_STEP][PASSED] - logInfo($response_token): 
            {
                "token_type": "BearerToken",
                "access_token": "paTqFQCKgIFGTuuFMwwnBAXtYbWK",
                "expires_in": "1799",
                "scope": ""
            }
        

2022-03-29 22:08:01 - [MESSAGE][INFO] - 
            {
                "token_type": "BearerToken",
                "access_token": "paTqFQCKgIFGTuuFMwwnBAXtYbWK",
                "expires_in": "1799",
                "scope": ""
            }
        

2022-03-29 22:08:01 - [TEST_STEP][PASSED] - feedback = sendRequest(findTestObject("4. Feedback-ins", ["s_key":global_token, "batchid":batchid, "norek":norek, "nopin":nopin, "custname":custname, "pemohon":pemohon, "branchid":branchid, ... ])): Send request successfully

2022-03-29 22:08:01 - [MESSAGE][INFO] - HAR: I:\app-testing\app-project\Order car insurance\order-car-insurance\Reports\20220329_215823\3. Get feedback insurance - Batch 1\20220329_215824\requests\main\311.har

2022-03-29 22:08:01 - [MESSAGE][PASSED] - Send request successfully

2022-03-29 22:08:01 - [TEST_STEP][PASSED] - response_feedback = feedback.getResponseText(): null

2022-03-29 22:08:01 - [TEST_STEP][PASSED] - markPassed("result feedback data : " + no + " norek : " + norek + " nopin : " + nopin): result feedback data : 165 norek : 9510016878 nopin : 001

2022-03-29 22:08:01 - [MESSAGE][PASSED] - result feedback data : 165 norek : 9510016878 nopin : 001

2022-03-29 22:08:01 - [TEST_STEP][PASSED] - logInfo($response_feedback): {
  "FeedbackCarInsuranceResponse" : {
    "errorCode" : "00",
    "errorMessage" : "Sukses"
  }
}

2022-03-29 22:08:01 - [MESSAGE][INFO] - {
  "FeedbackCarInsuranceResponse" : {
    "errorCode" : "00",
    "errorMessage" : "Sukses"
  }
}

2022-03-29 22:08:01 - [TEST_STEP][PASSED] - verifyElementPropertyValue(feedback, "FeedbackCarInsuranceResponse.errorMessage", "Sukses", CONTINUE_ON_FAILURE): Verify element property value successfully

2022-03-29 22:08:01 - [MESSAGE][PASSED] - Verify element property value successfully]]></system-out>
         <system-err><![CDATA[]]></system-err>
      </testcase>
      <testcase name="Test Cases/3. get token - feedback insurance" time="0.953" classname="Test Cases/3. get token - feedback insurance" status="PASSED">
         <system-out><![CDATA[2022-03-29 22:08:02 - [TEST_CASE][PASSED] - Test Cases/3. get token - feedback insurance: Test Cases/3. get token - feedback insurance

2022-03-29 22:08:02 - [TEST_STEP][PASSED] - token = sendRequest(findTestObject("1. Get-Token")): Send request successfully

2022-03-29 22:08:02 - [MESSAGE][INFO] - HAR: I:\app-testing\app-project\Order car insurance\order-car-insurance\Reports\20220329_215823\3. Get feedback insurance - Batch 1\20220329_215824\requests\main\312.har

2022-03-29 22:08:02 - [MESSAGE][PASSED] - Send request successfully

2022-03-29 22:08:02 - [TEST_STEP][PASSED] - slurper = new groovy.json.JsonSlurper(): null

2022-03-29 22:08:02 - [TEST_STEP][PASSED] - get_token = slurper.parseText(token.getResponseBodyContent()): null

2022-03-29 22:08:02 - [TEST_STEP][PASSED] - private_token = access_token: null

2022-03-29 22:08:02 - [TEST_STEP][PASSED] - global_token = private_token: null

2022-03-29 22:08:02 - [TEST_STEP][PASSED] - println("token is :" + global_token): null

2022-03-29 22:08:02 - [TEST_STEP][PASSED] - response_token = token.getResponseText(): null

2022-03-29 22:08:02 - [TEST_STEP][PASSED] - logInfo($response_token): 
            {
                "token_type": "BearerToken",
                "access_token": "ZdYAWgZdmq1cEfgti9X9av5BpJAG",
                "expires_in": "1799",
                "scope": ""
            }
        

2022-03-29 22:08:02 - [MESSAGE][INFO] - 
            {
                "token_type": "BearerToken",
                "access_token": "ZdYAWgZdmq1cEfgti9X9av5BpJAG",
                "expires_in": "1799",
                "scope": ""
            }
        

2022-03-29 22:08:02 - [TEST_STEP][PASSED] - feedback = sendRequest(findTestObject("4. Feedback-ins", ["s_key":global_token, "batchid":batchid, "norek":norek, "nopin":nopin, "custname":custname, "pemohon":pemohon, "branchid":branchid, ... ])): Send request successfully

2022-03-29 22:08:03 - [MESSAGE][INFO] - HAR: I:\app-testing\app-project\Order car insurance\order-car-insurance\Reports\20220329_215823\3. Get feedback insurance - Batch 1\20220329_215824\requests\main\313.har

2022-03-29 22:08:03 - [MESSAGE][PASSED] - Send request successfully

2022-03-29 22:08:03 - [TEST_STEP][PASSED] - response_feedback = feedback.getResponseText(): null

2022-03-29 22:08:03 - [TEST_STEP][PASSED] - markPassed("result feedback data : " + no + " norek : " + norek + " nopin : " + nopin): result feedback data : 166 norek : 9510016878 nopin : 001

2022-03-29 22:08:03 - [MESSAGE][PASSED] - result feedback data : 166 norek : 9510016878 nopin : 001

2022-03-29 22:08:03 - [TEST_STEP][PASSED] - logInfo($response_feedback): {
  "FeedbackCarInsuranceResponse" : {
    "errorCode" : "00",
    "errorMessage" : "Sukses"
  }
}

2022-03-29 22:08:03 - [MESSAGE][INFO] - {
  "FeedbackCarInsuranceResponse" : {
    "errorCode" : "00",
    "errorMessage" : "Sukses"
  }
}

2022-03-29 22:08:03 - [TEST_STEP][PASSED] - verifyElementPropertyValue(feedback, "FeedbackCarInsuranceResponse.errorMessage", "Sukses", CONTINUE_ON_FAILURE): Verify element property value successfully

2022-03-29 22:08:03 - [MESSAGE][PASSED] - Verify element property value successfully]]></system-out>
         <system-err><![CDATA[]]></system-err>
      </testcase>
      <testcase name="Test Cases/3. get token - feedback insurance" time="1.182" classname="Test Cases/3. get token - feedback insurance" status="PASSED">
         <system-out><![CDATA[2022-03-29 22:08:03 - [TEST_CASE][PASSED] - Test Cases/3. get token - feedback insurance: Test Cases/3. get token - feedback insurance

2022-03-29 22:08:03 - [TEST_STEP][PASSED] - token = sendRequest(findTestObject("1. Get-Token")): Send request successfully

2022-03-29 22:08:04 - [MESSAGE][INFO] - HAR: I:\app-testing\app-project\Order car insurance\order-car-insurance\Reports\20220329_215823\3. Get feedback insurance - Batch 1\20220329_215824\requests\main\314.har

2022-03-29 22:08:04 - [MESSAGE][PASSED] - Send request successfully

2022-03-29 22:08:04 - [TEST_STEP][PASSED] - slurper = new groovy.json.JsonSlurper(): null

2022-03-29 22:08:04 - [TEST_STEP][PASSED] - get_token = slurper.parseText(token.getResponseBodyContent()): null

2022-03-29 22:08:04 - [TEST_STEP][PASSED] - private_token = access_token: null

2022-03-29 22:08:04 - [TEST_STEP][PASSED] - global_token = private_token: null

2022-03-29 22:08:04 - [TEST_STEP][PASSED] - println("token is :" + global_token): null

2022-03-29 22:08:04 - [TEST_STEP][PASSED] - response_token = token.getResponseText(): null

2022-03-29 22:08:04 - [TEST_STEP][PASSED] - logInfo($response_token): 
            {
                "token_type": "BearerToken",
                "access_token": "vDyykWhSveZt57CKVULqXAbA79wy",
                "expires_in": "1799",
                "scope": ""
            }
        

2022-03-29 22:08:04 - [MESSAGE][INFO] - 
            {
                "token_type": "BearerToken",
                "access_token": "vDyykWhSveZt57CKVULqXAbA79wy",
                "expires_in": "1799",
                "scope": ""
            }
        

2022-03-29 22:08:04 - [TEST_STEP][PASSED] - feedback = sendRequest(findTestObject("4. Feedback-ins", ["s_key":global_token, "batchid":batchid, "norek":norek, "nopin":nopin, "custname":custname, "pemohon":pemohon, "branchid":branchid, ... ])): Send request successfully

2022-03-29 22:08:04 - [MESSAGE][INFO] - HAR: I:\app-testing\app-project\Order car insurance\order-car-insurance\Reports\20220329_215823\3. Get feedback insurance - Batch 1\20220329_215824\requests\main\315.har

2022-03-29 22:08:04 - [MESSAGE][PASSED] - Send request successfully

2022-03-29 22:08:04 - [TEST_STEP][PASSED] - response_feedback = feedback.getResponseText(): null

2022-03-29 22:08:04 - [TEST_STEP][PASSED] - markPassed("result feedback data : " + no + " norek : " + norek + " nopin : " + nopin): result feedback data : 167 norek : 9510016885 nopin : 001

2022-03-29 22:08:04 - [MESSAGE][PASSED] - result feedback data : 167 norek : 9510016885 nopin : 001

2022-03-29 22:08:04 - [TEST_STEP][PASSED] - logInfo($response_feedback): {
  "FeedbackCarInsuranceResponse" : {
    "errorCode" : "00",
    "errorMessage" : "Sukses"
  }
}

2022-03-29 22:08:04 - [MESSAGE][INFO] - {
  "FeedbackCarInsuranceResponse" : {
    "errorCode" : "00",
    "errorMessage" : "Sukses"
  }
}

2022-03-29 22:08:04 - [TEST_STEP][PASSED] - verifyElementPropertyValue(feedback, "FeedbackCarInsuranceResponse.errorMessage", "Sukses", CONTINUE_ON_FAILURE): Verify element property value successfully

2022-03-29 22:08:04 - [MESSAGE][PASSED] - Verify element property value successfully]]></system-out>
         <system-err><![CDATA[]]></system-err>
      </testcase>
      <testcase name="Test Cases/3. get token - feedback insurance" time="1.025" classname="Test Cases/3. get token - feedback insurance" status="PASSED">
         <system-out><![CDATA[2022-03-29 22:08:05 - [TEST_CASE][PASSED] - Test Cases/3. get token - feedback insurance: Test Cases/3. get token - feedback insurance

2022-03-29 22:08:05 - [TEST_STEP][PASSED] - token = sendRequest(findTestObject("1. Get-Token")): Send request successfully

2022-03-29 22:08:05 - [MESSAGE][INFO] - HAR: I:\app-testing\app-project\Order car insurance\order-car-insurance\Reports\20220329_215823\3. Get feedback insurance - Batch 1\20220329_215824\requests\main\316.har

2022-03-29 22:08:05 - [MESSAGE][PASSED] - Send request successfully

2022-03-29 22:08:05 - [TEST_STEP][PASSED] - slurper = new groovy.json.JsonSlurper(): null

2022-03-29 22:08:05 - [TEST_STEP][PASSED] - get_token = slurper.parseText(token.getResponseBodyContent()): null

2022-03-29 22:08:05 - [TEST_STEP][PASSED] - private_token = access_token: null

2022-03-29 22:08:05 - [TEST_STEP][PASSED] - global_token = private_token: null

2022-03-29 22:08:05 - [TEST_STEP][PASSED] - println("token is :" + global_token): null

2022-03-29 22:08:05 - [TEST_STEP][PASSED] - response_token = token.getResponseText(): null

2022-03-29 22:08:05 - [TEST_STEP][PASSED] - logInfo($response_token): 
            {
                "token_type": "BearerToken",
                "access_token": "jc66WA0b84eyKlk8cWOqRynZYUCv",
                "expires_in": "1799",
                "scope": ""
            }
        

2022-03-29 22:08:05 - [MESSAGE][INFO] - 
            {
                "token_type": "BearerToken",
                "access_token": "jc66WA0b84eyKlk8cWOqRynZYUCv",
                "expires_in": "1799",
                "scope": ""
            }
        

2022-03-29 22:08:05 - [TEST_STEP][PASSED] - feedback = sendRequest(findTestObject("4. Feedback-ins", ["s_key":global_token, "batchid":batchid, "norek":norek, "nopin":nopin, "custname":custname, "pemohon":pemohon, "branchid":branchid, ... ])): Send request successfully

2022-03-29 22:08:06 - [MESSAGE][INFO] - HAR: I:\app-testing\app-project\Order car insurance\order-car-insurance\Reports\20220329_215823\3. Get feedback insurance - Batch 1\20220329_215824\requests\main\317.har

2022-03-29 22:08:06 - [MESSAGE][PASSED] - Send request successfully

2022-03-29 22:08:06 - [TEST_STEP][PASSED] - response_feedback = feedback.getResponseText(): null

2022-03-29 22:08:06 - [TEST_STEP][PASSED] - markPassed("result feedback data : " + no + " norek : " + norek + " nopin : " + nopin): result feedback data : 168 norek : 9510016885 nopin : 001

2022-03-29 22:08:06 - [MESSAGE][PASSED] - result feedback data : 168 norek : 9510016885 nopin : 001

2022-03-29 22:08:06 - [TEST_STEP][PASSED] - logInfo($response_feedback): {
  "FeedbackCarInsuranceResponse" : {
    "errorCode" : "00",
    "errorMessage" : "Sukses"
  }
}

2022-03-29 22:08:06 - [MESSAGE][INFO] - {
  "FeedbackCarInsuranceResponse" : {
    "errorCode" : "00",
    "errorMessage" : "Sukses"
  }
}

2022-03-29 22:08:06 - [TEST_STEP][PASSED] - verifyElementPropertyValue(feedback, "FeedbackCarInsuranceResponse.errorMessage", "Sukses", CONTINUE_ON_FAILURE): Verify element property value successfully

2022-03-29 22:08:06 - [MESSAGE][PASSED] - Verify element property value successfully]]></system-out>
         <system-err><![CDATA[]]></system-err>
      </testcase>
      <testcase name="Test Cases/3. get token - feedback insurance" time="1.099" classname="Test Cases/3. get token - feedback insurance" status="PASSED">
         <system-out><![CDATA[2022-03-29 22:08:06 - [TEST_CASE][PASSED] - Test Cases/3. get token - feedback insurance: Test Cases/3. get token - feedback insurance

2022-03-29 22:08:06 - [TEST_STEP][PASSED] - token = sendRequest(findTestObject("1. Get-Token")): Send request successfully

2022-03-29 22:08:06 - [MESSAGE][INFO] - HAR: I:\app-testing\app-project\Order car insurance\order-car-insurance\Reports\20220329_215823\3. Get feedback insurance - Batch 1\20220329_215824\requests\main\318.har

2022-03-29 22:08:06 - [MESSAGE][PASSED] - Send request successfully

2022-03-29 22:08:06 - [TEST_STEP][PASSED] - slurper = new groovy.json.JsonSlurper(): null

2022-03-29 22:08:06 - [TEST_STEP][PASSED] - get_token = slurper.parseText(token.getResponseBodyContent()): null

2022-03-29 22:08:06 - [TEST_STEP][PASSED] - private_token = access_token: null

2022-03-29 22:08:06 - [TEST_STEP][PASSED] - global_token = private_token: null

2022-03-29 22:08:06 - [TEST_STEP][PASSED] - println("token is :" + global_token): null

2022-03-29 22:08:06 - [TEST_STEP][PASSED] - response_token = token.getResponseText(): null

2022-03-29 22:08:06 - [TEST_STEP][PASSED] - logInfo($response_token): 
            {
                "token_type": "BearerToken",
                "access_token": "iWYf28A0Sv90RGLff8YL1FNvXpRG",
                "expires_in": "1799",
                "scope": ""
            }
        

2022-03-29 22:08:06 - [MESSAGE][INFO] - 
            {
                "token_type": "BearerToken",
                "access_token": "iWYf28A0Sv90RGLff8YL1FNvXpRG",
                "expires_in": "1799",
                "scope": ""
            }
        

2022-03-29 22:08:06 - [TEST_STEP][PASSED] - feedback = sendRequest(findTestObject("4. Feedback-ins", ["s_key":global_token, "batchid":batchid, "norek":norek, "nopin":nopin, "custname":custname, "pemohon":pemohon, "branchid":branchid, ... ])): Send request successfully

2022-03-29 22:08:07 - [MESSAGE][INFO] - HAR: I:\app-testing\app-project\Order car insurance\order-car-insurance\Reports\20220329_215823\3. Get feedback insurance - Batch 1\20220329_215824\requests\main\319.har

2022-03-29 22:08:07 - [MESSAGE][PASSED] - Send request successfully

2022-03-29 22:08:07 - [TEST_STEP][PASSED] - response_feedback = feedback.getResponseText(): null

2022-03-29 22:08:07 - [TEST_STEP][PASSED] - markPassed("result feedback data : " + no + " norek : " + norek + " nopin : " + nopin): result feedback data : 169 norek : 9510016885 nopin : 001

2022-03-29 22:08:07 - [MESSAGE][PASSED] - result feedback data : 169 norek : 9510016885 nopin : 001

2022-03-29 22:08:07 - [TEST_STEP][PASSED] - logInfo($response_feedback): {
  "FeedbackCarInsuranceResponse" : {
    "errorCode" : "00",
    "errorMessage" : "Sukses"
  }
}

2022-03-29 22:08:07 - [MESSAGE][INFO] - {
  "FeedbackCarInsuranceResponse" : {
    "errorCode" : "00",
    "errorMessage" : "Sukses"
  }
}

2022-03-29 22:08:07 - [TEST_STEP][PASSED] - verifyElementPropertyValue(feedback, "FeedbackCarInsuranceResponse.errorMessage", "Sukses", CONTINUE_ON_FAILURE): Verify element property value successfully

2022-03-29 22:08:07 - [MESSAGE][PASSED] - Verify element property value successfully]]></system-out>
         <system-err><![CDATA[]]></system-err>
      </testcase>
      <testcase name="Test Cases/3. get token - feedback insurance" time="1.134" classname="Test Cases/3. get token - feedback insurance" status="PASSED">
         <system-out><![CDATA[2022-03-29 22:08:08 - [TEST_CASE][PASSED] - Test Cases/3. get token - feedback insurance: Test Cases/3. get token - feedback insurance

2022-03-29 22:08:08 - [TEST_STEP][PASSED] - token = sendRequest(findTestObject("1. Get-Token")): Send request successfully

2022-03-29 22:08:08 - [MESSAGE][INFO] - HAR: I:\app-testing\app-project\Order car insurance\order-car-insurance\Reports\20220329_215823\3. Get feedback insurance - Batch 1\20220329_215824\requests\main\320.har

2022-03-29 22:08:08 - [MESSAGE][PASSED] - Send request successfully

2022-03-29 22:08:08 - [TEST_STEP][PASSED] - slurper = new groovy.json.JsonSlurper(): null

2022-03-29 22:08:08 - [TEST_STEP][PASSED] - get_token = slurper.parseText(token.getResponseBodyContent()): null

2022-03-29 22:08:08 - [TEST_STEP][PASSED] - private_token = access_token: null

2022-03-29 22:08:08 - [TEST_STEP][PASSED] - global_token = private_token: null

2022-03-29 22:08:08 - [TEST_STEP][PASSED] - println("token is :" + global_token): null

2022-03-29 22:08:08 - [TEST_STEP][PASSED] - response_token = token.getResponseText(): null

2022-03-29 22:08:08 - [TEST_STEP][PASSED] - logInfo($response_token): 
            {
                "token_type": "BearerToken",
                "access_token": "vzGqJG09ui77UQRYkTWLqxhZONeA",
                "expires_in": "1799",
                "scope": ""
            }
        

2022-03-29 22:08:08 - [MESSAGE][INFO] - 
            {
                "token_type": "BearerToken",
                "access_token": "vzGqJG09ui77UQRYkTWLqxhZONeA",
                "expires_in": "1799",
                "scope": ""
            }
        

2022-03-29 22:08:08 - [TEST_STEP][PASSED] - feedback = sendRequest(findTestObject("4. Feedback-ins", ["s_key":global_token, "batchid":batchid, "norek":norek, "nopin":nopin, "custname":custname, "pemohon":pemohon, "branchid":branchid, ... ])): Send request successfully

2022-03-29 22:08:09 - [MESSAGE][INFO] - HAR: I:\app-testing\app-project\Order car insurance\order-car-insurance\Reports\20220329_215823\3. Get feedback insurance - Batch 1\20220329_215824\requests\main\321.har

2022-03-29 22:08:09 - [MESSAGE][PASSED] - Send request successfully

2022-03-29 22:08:09 - [TEST_STEP][PASSED] - response_feedback = feedback.getResponseText(): null

2022-03-29 22:08:09 - [TEST_STEP][PASSED] - markPassed("result feedback data : " + no + " norek : " + norek + " nopin : " + nopin): result feedback data : 170 norek : 9510016885 nopin : 001

2022-03-29 22:08:09 - [MESSAGE][PASSED] - result feedback data : 170 norek : 9510016885 nopin : 001

2022-03-29 22:08:09 - [TEST_STEP][PASSED] - logInfo($response_feedback): {
  "FeedbackCarInsuranceResponse" : {
    "errorCode" : "00",
    "errorMessage" : "Sukses"
  }
}

2022-03-29 22:08:09 - [MESSAGE][INFO] - {
  "FeedbackCarInsuranceResponse" : {
    "errorCode" : "00",
    "errorMessage" : "Sukses"
  }
}

2022-03-29 22:08:09 - [TEST_STEP][PASSED] - verifyElementPropertyValue(feedback, "FeedbackCarInsuranceResponse.errorMessage", "Sukses", CONTINUE_ON_FAILURE): Verify element property value successfully

2022-03-29 22:08:09 - [MESSAGE][PASSED] - Verify element property value successfully]]></system-out>
         <system-err><![CDATA[]]></system-err>
      </testcase>
      <testcase name="Test Cases/3. get token - feedback insurance" time="1.234" classname="Test Cases/3. get token - feedback insurance" status="PASSED">
         <system-out><![CDATA[2022-03-29 22:08:09 - [TEST_CASE][PASSED] - Test Cases/3. get token - feedback insurance: Test Cases/3. get token - feedback insurance

2022-03-29 22:08:09 - [TEST_STEP][PASSED] - token = sendRequest(findTestObject("1. Get-Token")): Send request successfully

2022-03-29 22:08:09 - [MESSAGE][INFO] - HAR: I:\app-testing\app-project\Order car insurance\order-car-insurance\Reports\20220329_215823\3. Get feedback insurance - Batch 1\20220329_215824\requests\main\322.har

2022-03-29 22:08:09 - [MESSAGE][PASSED] - Send request successfully

2022-03-29 22:08:09 - [TEST_STEP][PASSED] - slurper = new groovy.json.JsonSlurper(): null

2022-03-29 22:08:09 - [TEST_STEP][PASSED] - get_token = slurper.parseText(token.getResponseBodyContent()): null

2022-03-29 22:08:09 - [TEST_STEP][PASSED] - private_token = access_token: null

2022-03-29 22:08:09 - [TEST_STEP][PASSED] - global_token = private_token: null

2022-03-29 22:08:09 - [TEST_STEP][PASSED] - println("token is :" + global_token): null

2022-03-29 22:08:09 - [TEST_STEP][PASSED] - response_token = token.getResponseText(): null

2022-03-29 22:08:09 - [TEST_STEP][PASSED] - logInfo($response_token): 
            {
                "token_type": "BearerToken",
                "access_token": "UYV01pzlrtHVMKm9e51JnGd1HoXt",
                "expires_in": "1799",
                "scope": ""
            }
        

2022-03-29 22:08:09 - [MESSAGE][INFO] - 
            {
                "token_type": "BearerToken",
                "access_token": "UYV01pzlrtHVMKm9e51JnGd1HoXt",
                "expires_in": "1799",
                "scope": ""
            }
        

2022-03-29 22:08:09 - [TEST_STEP][PASSED] - feedback = sendRequest(findTestObject("4. Feedback-ins", ["s_key":global_token, "batchid":batchid, "norek":norek, "nopin":nopin, "custname":custname, "pemohon":pemohon, "branchid":branchid, ... ])): Send request successfully

2022-03-29 22:08:10 - [MESSAGE][INFO] - HAR: I:\app-testing\app-project\Order car insurance\order-car-insurance\Reports\20220329_215823\3. Get feedback insurance - Batch 1\20220329_215824\requests\main\323.har

2022-03-29 22:08:10 - [MESSAGE][PASSED] - Send request successfully

2022-03-29 22:08:10 - [TEST_STEP][PASSED] - response_feedback = feedback.getResponseText(): null

2022-03-29 22:08:10 - [TEST_STEP][PASSED] - markPassed("result feedback data : " + no + " norek : " + norek + " nopin : " + nopin): result feedback data : 171 norek : 9510016885 nopin : 001

2022-03-29 22:08:10 - [MESSAGE][PASSED] - result feedback data : 171 norek : 9510016885 nopin : 001

2022-03-29 22:08:10 - [TEST_STEP][PASSED] - logInfo($response_feedback): {
  "FeedbackCarInsuranceResponse" : {
    "errorCode" : "00",
    "errorMessage" : "Sukses"
  }
}

2022-03-29 22:08:10 - [MESSAGE][INFO] - {
  "FeedbackCarInsuranceResponse" : {
    "errorCode" : "00",
    "errorMessage" : "Sukses"
  }
}

2022-03-29 22:08:10 - [TEST_STEP][PASSED] - verifyElementPropertyValue(feedback, "FeedbackCarInsuranceResponse.errorMessage", "Sukses", CONTINUE_ON_FAILURE): Verify element property value successfully

2022-03-29 22:08:10 - [MESSAGE][PASSED] - Verify element property value successfully]]></system-out>
         <system-err><![CDATA[]]></system-err>
      </testcase>
      <testcase name="Test Cases/3. get token - feedback insurance" time="1.173" classname="Test Cases/3. get token - feedback insurance" status="PASSED">
         <system-out><![CDATA[2022-03-29 22:08:11 - [TEST_CASE][PASSED] - Test Cases/3. get token - feedback insurance: Test Cases/3. get token - feedback insurance

2022-03-29 22:08:11 - [TEST_STEP][PASSED] - token = sendRequest(findTestObject("1. Get-Token")): Send request successfully

2022-03-29 22:08:11 - [MESSAGE][INFO] - HAR: I:\app-testing\app-project\Order car insurance\order-car-insurance\Reports\20220329_215823\3. Get feedback insurance - Batch 1\20220329_215824\requests\main\324.har

2022-03-29 22:08:11 - [MESSAGE][PASSED] - Send request successfully

2022-03-29 22:08:11 - [TEST_STEP][PASSED] - slurper = new groovy.json.JsonSlurper(): null

2022-03-29 22:08:11 - [TEST_STEP][PASSED] - get_token = slurper.parseText(token.getResponseBodyContent()): null

2022-03-29 22:08:11 - [TEST_STEP][PASSED] - private_token = access_token: null

2022-03-29 22:08:11 - [TEST_STEP][PASSED] - global_token = private_token: null

2022-03-29 22:08:11 - [TEST_STEP][PASSED] - println("token is :" + global_token): null

2022-03-29 22:08:11 - [TEST_STEP][PASSED] - response_token = token.getResponseText(): null

2022-03-29 22:08:11 - [TEST_STEP][PASSED] - logInfo($response_token): 
            {
                "token_type": "BearerToken",
                "access_token": "fCCHq2i1UpAblPfAE6cuw120NRXk",
                "expires_in": "1799",
                "scope": ""
            }
        

2022-03-29 22:08:11 - [MESSAGE][INFO] - 
            {
                "token_type": "BearerToken",
                "access_token": "fCCHq2i1UpAblPfAE6cuw120NRXk",
                "expires_in": "1799",
                "scope": ""
            }
        

2022-03-29 22:08:11 - [TEST_STEP][PASSED] - feedback = sendRequest(findTestObject("4. Feedback-ins", ["s_key":global_token, "batchid":batchid, "norek":norek, "nopin":nopin, "custname":custname, "pemohon":pemohon, "branchid":branchid, ... ])): Send request successfully

2022-03-29 22:08:12 - [MESSAGE][INFO] - HAR: I:\app-testing\app-project\Order car insurance\order-car-insurance\Reports\20220329_215823\3. Get feedback insurance - Batch 1\20220329_215824\requests\main\325.har

2022-03-29 22:08:12 - [MESSAGE][PASSED] - Send request successfully

2022-03-29 22:08:12 - [TEST_STEP][PASSED] - response_feedback = feedback.getResponseText(): null

2022-03-29 22:08:12 - [TEST_STEP][PASSED] - markPassed("result feedback data : " + no + " norek : " + norek + " nopin : " + nopin): result feedback data : 172 norek : 9510016886 nopin : 001

2022-03-29 22:08:12 - [MESSAGE][PASSED] - result feedback data : 172 norek : 9510016886 nopin : 001

2022-03-29 22:08:12 - [TEST_STEP][PASSED] - logInfo($response_feedback): {
  "FeedbackCarInsuranceResponse" : {
    "errorCode" : "00",
    "errorMessage" : "Sukses"
  }
}

2022-03-29 22:08:12 - [MESSAGE][INFO] - {
  "FeedbackCarInsuranceResponse" : {
    "errorCode" : "00",
    "errorMessage" : "Sukses"
  }
}

2022-03-29 22:08:12 - [TEST_STEP][PASSED] - verifyElementPropertyValue(feedback, "FeedbackCarInsuranceResponse.errorMessage", "Sukses", CONTINUE_ON_FAILURE): Verify element property value successfully

2022-03-29 22:08:12 - [MESSAGE][PASSED] - Verify element property value successfully]]></system-out>
         <system-err><![CDATA[]]></system-err>
      </testcase>
      <testcase name="Test Cases/3. get token - feedback insurance" time="1.14" classname="Test Cases/3. get token - feedback insurance" status="PASSED">
         <system-out><![CDATA[2022-03-29 22:08:12 - [TEST_CASE][PASSED] - Test Cases/3. get token - feedback insurance: Test Cases/3. get token - feedback insurance

2022-03-29 22:08:12 - [TEST_STEP][PASSED] - token = sendRequest(findTestObject("1. Get-Token")): Send request successfully

2022-03-29 22:08:13 - [MESSAGE][INFO] - HAR: I:\app-testing\app-project\Order car insurance\order-car-insurance\Reports\20220329_215823\3. Get feedback insurance - Batch 1\20220329_215824\requests\main\326.har

2022-03-29 22:08:13 - [MESSAGE][PASSED] - Send request successfully

2022-03-29 22:08:13 - [TEST_STEP][PASSED] - slurper = new groovy.json.JsonSlurper(): null

2022-03-29 22:08:13 - [TEST_STEP][PASSED] - get_token = slurper.parseText(token.getResponseBodyContent()): null

2022-03-29 22:08:13 - [TEST_STEP][PASSED] - private_token = access_token: null

2022-03-29 22:08:13 - [TEST_STEP][PASSED] - global_token = private_token: null

2022-03-29 22:08:13 - [TEST_STEP][PASSED] - println("token is :" + global_token): null

2022-03-29 22:08:13 - [TEST_STEP][PASSED] - response_token = token.getResponseText(): null

2022-03-29 22:08:13 - [TEST_STEP][PASSED] - logInfo($response_token): 
            {
                "token_type": "BearerToken",
                "access_token": "fT31mVl8GbiWymBnRjPC2cHAQOFg",
                "expires_in": "1799",
                "scope": ""
            }
        

2022-03-29 22:08:13 - [MESSAGE][INFO] - 
            {
                "token_type": "BearerToken",
                "access_token": "fT31mVl8GbiWymBnRjPC2cHAQOFg",
                "expires_in": "1799",
                "scope": ""
            }
        

2022-03-29 22:08:13 - [TEST_STEP][PASSED] - feedback = sendRequest(findTestObject("4. Feedback-ins", ["s_key":global_token, "batchid":batchid, "norek":norek, "nopin":nopin, "custname":custname, "pemohon":pemohon, "branchid":branchid, ... ])): Send request successfully

2022-03-29 22:08:13 - [MESSAGE][INFO] - HAR: I:\app-testing\app-project\Order car insurance\order-car-insurance\Reports\20220329_215823\3. Get feedback insurance - Batch 1\20220329_215824\requests\main\327.har

2022-03-29 22:08:13 - [MESSAGE][PASSED] - Send request successfully

2022-03-29 22:08:13 - [TEST_STEP][PASSED] - response_feedback = feedback.getResponseText(): null

2022-03-29 22:08:13 - [TEST_STEP][PASSED] - markPassed("result feedback data : " + no + " norek : " + norek + " nopin : " + nopin): result feedback data : 173 norek : 9510016886 nopin : 001

2022-03-29 22:08:13 - [MESSAGE][PASSED] - result feedback data : 173 norek : 9510016886 nopin : 001

2022-03-29 22:08:13 - [TEST_STEP][PASSED] - logInfo($response_feedback): {
  "FeedbackCarInsuranceResponse" : {
    "errorCode" : "00",
    "errorMessage" : "Sukses"
  }
}

2022-03-29 22:08:13 - [MESSAGE][INFO] - {
  "FeedbackCarInsuranceResponse" : {
    "errorCode" : "00",
    "errorMessage" : "Sukses"
  }
}

2022-03-29 22:08:13 - [TEST_STEP][PASSED] - verifyElementPropertyValue(feedback, "FeedbackCarInsuranceResponse.errorMessage", "Sukses", CONTINUE_ON_FAILURE): Verify element property value successfully

2022-03-29 22:08:13 - [MESSAGE][PASSED] - Verify element property value successfully]]></system-out>
         <system-err><![CDATA[]]></system-err>
      </testcase>
      <testcase name="Test Cases/3. get token - feedback insurance" time="1.001" classname="Test Cases/3. get token - feedback insurance" status="PASSED">
         <system-out><![CDATA[2022-03-29 22:08:14 - [TEST_CASE][PASSED] - Test Cases/3. get token - feedback insurance: Test Cases/3. get token - feedback insurance

2022-03-29 22:08:14 - [TEST_STEP][PASSED] - token = sendRequest(findTestObject("1. Get-Token")): Send request successfully

2022-03-29 22:08:14 - [MESSAGE][INFO] - HAR: I:\app-testing\app-project\Order car insurance\order-car-insurance\Reports\20220329_215823\3. Get feedback insurance - Batch 1\20220329_215824\requests\main\328.har

2022-03-29 22:08:14 - [MESSAGE][PASSED] - Send request successfully

2022-03-29 22:08:14 - [TEST_STEP][PASSED] - slurper = new groovy.json.JsonSlurper(): null

2022-03-29 22:08:14 - [TEST_STEP][PASSED] - get_token = slurper.parseText(token.getResponseBodyContent()): null

2022-03-29 22:08:14 - [TEST_STEP][PASSED] - private_token = access_token: null

2022-03-29 22:08:14 - [TEST_STEP][PASSED] - global_token = private_token: null

2022-03-29 22:08:14 - [TEST_STEP][PASSED] - println("token is :" + global_token): null

2022-03-29 22:08:14 - [TEST_STEP][PASSED] - response_token = token.getResponseText(): null

2022-03-29 22:08:14 - [TEST_STEP][PASSED] - logInfo($response_token): 
            {
                "token_type": "BearerToken",
                "access_token": "YU9rkyPgLsrCo4XDYIuRuSqtVPsV",
                "expires_in": "1799",
                "scope": ""
            }
        

2022-03-29 22:08:14 - [MESSAGE][INFO] - 
            {
                "token_type": "BearerToken",
                "access_token": "YU9rkyPgLsrCo4XDYIuRuSqtVPsV",
                "expires_in": "1799",
                "scope": ""
            }
        

2022-03-29 22:08:14 - [TEST_STEP][PASSED] - feedback = sendRequest(findTestObject("4. Feedback-ins", ["s_key":global_token, "batchid":batchid, "norek":norek, "nopin":nopin, "custname":custname, "pemohon":pemohon, "branchid":branchid, ... ])): Send request successfully

2022-03-29 22:08:15 - [MESSAGE][INFO] - HAR: I:\app-testing\app-project\Order car insurance\order-car-insurance\Reports\20220329_215823\3. Get feedback insurance - Batch 1\20220329_215824\requests\main\329.har

2022-03-29 22:08:15 - [MESSAGE][PASSED] - Send request successfully

2022-03-29 22:08:15 - [TEST_STEP][PASSED] - response_feedback = feedback.getResponseText(): null

2022-03-29 22:08:15 - [TEST_STEP][PASSED] - markPassed("result feedback data : " + no + " norek : " + norek + " nopin : " + nopin): result feedback data : 174 norek : 9510016886 nopin : 001

2022-03-29 22:08:15 - [MESSAGE][PASSED] - result feedback data : 174 norek : 9510016886 nopin : 001

2022-03-29 22:08:15 - [TEST_STEP][PASSED] - logInfo($response_feedback): {
  "FeedbackCarInsuranceResponse" : {
    "errorCode" : "00",
    "errorMessage" : "Sukses"
  }
}

2022-03-29 22:08:15 - [MESSAGE][INFO] - {
  "FeedbackCarInsuranceResponse" : {
    "errorCode" : "00",
    "errorMessage" : "Sukses"
  }
}

2022-03-29 22:08:15 - [TEST_STEP][PASSED] - verifyElementPropertyValue(feedback, "FeedbackCarInsuranceResponse.errorMessage", "Sukses", CONTINUE_ON_FAILURE): Verify element property value successfully

2022-03-29 22:08:15 - [MESSAGE][PASSED] - Verify element property value successfully]]></system-out>
         <system-err><![CDATA[]]></system-err>
      </testcase>
      <testcase name="Test Cases/3. get token - feedback insurance" time="1.215" classname="Test Cases/3. get token - feedback insurance" status="PASSED">
         <system-out><![CDATA[2022-03-29 22:08:15 - [TEST_CASE][PASSED] - Test Cases/3. get token - feedback insurance: Test Cases/3. get token - feedback insurance

2022-03-29 22:08:15 - [TEST_STEP][PASSED] - token = sendRequest(findTestObject("1. Get-Token")): Send request successfully

2022-03-29 22:08:15 - [MESSAGE][INFO] - HAR: I:\app-testing\app-project\Order car insurance\order-car-insurance\Reports\20220329_215823\3. Get feedback insurance - Batch 1\20220329_215824\requests\main\330.har

2022-03-29 22:08:15 - [MESSAGE][PASSED] - Send request successfully

2022-03-29 22:08:15 - [TEST_STEP][PASSED] - slurper = new groovy.json.JsonSlurper(): null

2022-03-29 22:08:15 - [TEST_STEP][PASSED] - get_token = slurper.parseText(token.getResponseBodyContent()): null

2022-03-29 22:08:15 - [TEST_STEP][PASSED] - private_token = access_token: null

2022-03-29 22:08:15 - [TEST_STEP][PASSED] - global_token = private_token: null

2022-03-29 22:08:15 - [TEST_STEP][PASSED] - println("token is :" + global_token): null

2022-03-29 22:08:15 - [TEST_STEP][PASSED] - response_token = token.getResponseText(): null

2022-03-29 22:08:15 - [TEST_STEP][PASSED] - logInfo($response_token): 
            {
                "token_type": "BearerToken",
                "access_token": "KRk7pQOIjA37kF8q1r1QfGQAju1p",
                "expires_in": "1799",
                "scope": ""
            }
        

2022-03-29 22:08:15 - [MESSAGE][INFO] - 
            {
                "token_type": "BearerToken",
                "access_token": "KRk7pQOIjA37kF8q1r1QfGQAju1p",
                "expires_in": "1799",
                "scope": ""
            }
        

2022-03-29 22:08:15 - [TEST_STEP][PASSED] - feedback = sendRequest(findTestObject("4. Feedback-ins", ["s_key":global_token, "batchid":batchid, "norek":norek, "nopin":nopin, "custname":custname, "pemohon":pemohon, "branchid":branchid, ... ])): Send request successfully

2022-03-29 22:08:16 - [MESSAGE][INFO] - HAR: I:\app-testing\app-project\Order car insurance\order-car-insurance\Reports\20220329_215823\3. Get feedback insurance - Batch 1\20220329_215824\requests\main\331.har

2022-03-29 22:08:16 - [MESSAGE][PASSED] - Send request successfully

2022-03-29 22:08:16 - [TEST_STEP][PASSED] - response_feedback = feedback.getResponseText(): null

2022-03-29 22:08:16 - [TEST_STEP][PASSED] - markPassed("result feedback data : " + no + " norek : " + norek + " nopin : " + nopin): result feedback data : 175 norek : 9530008393 nopin : 001

2022-03-29 22:08:16 - [MESSAGE][PASSED] - result feedback data : 175 norek : 9530008393 nopin : 001

2022-03-29 22:08:16 - [TEST_STEP][PASSED] - logInfo($response_feedback): {
  "FeedbackCarInsuranceResponse" : {
    "errorCode" : "00",
    "errorMessage" : "Sukses"
  }
}

2022-03-29 22:08:16 - [MESSAGE][INFO] - {
  "FeedbackCarInsuranceResponse" : {
    "errorCode" : "00",
    "errorMessage" : "Sukses"
  }
}

2022-03-29 22:08:16 - [TEST_STEP][PASSED] - verifyElementPropertyValue(feedback, "FeedbackCarInsuranceResponse.errorMessage", "Sukses", CONTINUE_ON_FAILURE): Verify element property value successfully

2022-03-29 22:08:16 - [MESSAGE][PASSED] - Verify element property value successfully]]></system-out>
         <system-err><![CDATA[]]></system-err>
      </testcase>
      <testcase name="Test Cases/3. get token - feedback insurance" time="1.033" classname="Test Cases/3. get token - feedback insurance" status="PASSED">
         <system-out><![CDATA[2022-03-29 22:08:17 - [TEST_CASE][PASSED] - Test Cases/3. get token - feedback insurance: Test Cases/3. get token - feedback insurance

2022-03-29 22:08:17 - [TEST_STEP][PASSED] - token = sendRequest(findTestObject("1. Get-Token")): Send request successfully

2022-03-29 22:08:17 - [MESSAGE][INFO] - HAR: I:\app-testing\app-project\Order car insurance\order-car-insurance\Reports\20220329_215823\3. Get feedback insurance - Batch 1\20220329_215824\requests\main\332.har

2022-03-29 22:08:17 - [MESSAGE][PASSED] - Send request successfully

2022-03-29 22:08:17 - [TEST_STEP][PASSED] - slurper = new groovy.json.JsonSlurper(): null

2022-03-29 22:08:17 - [TEST_STEP][PASSED] - get_token = slurper.parseText(token.getResponseBodyContent()): null

2022-03-29 22:08:17 - [TEST_STEP][PASSED] - private_token = access_token: null

2022-03-29 22:08:17 - [TEST_STEP][PASSED] - global_token = private_token: null

2022-03-29 22:08:17 - [TEST_STEP][PASSED] - println("token is :" + global_token): null

2022-03-29 22:08:17 - [TEST_STEP][PASSED] - response_token = token.getResponseText(): null

2022-03-29 22:08:17 - [TEST_STEP][PASSED] - logInfo($response_token): 
            {
                "token_type": "BearerToken",
                "access_token": "Tgd1NSutHCWNALR3fn7vIYOK223i",
                "expires_in": "1799",
                "scope": ""
            }
        

2022-03-29 22:08:17 - [MESSAGE][INFO] - 
            {
                "token_type": "BearerToken",
                "access_token": "Tgd1NSutHCWNALR3fn7vIYOK223i",
                "expires_in": "1799",
                "scope": ""
            }
        

2022-03-29 22:08:17 - [TEST_STEP][PASSED] - feedback = sendRequest(findTestObject("4. Feedback-ins", ["s_key":global_token, "batchid":batchid, "norek":norek, "nopin":nopin, "custname":custname, "pemohon":pemohon, "branchid":branchid, ... ])): Send request successfully

2022-03-29 22:08:18 - [MESSAGE][INFO] - HAR: I:\app-testing\app-project\Order car insurance\order-car-insurance\Reports\20220329_215823\3. Get feedback insurance - Batch 1\20220329_215824\requests\main\333.har

2022-03-29 22:08:18 - [MESSAGE][PASSED] - Send request successfully

2022-03-29 22:08:18 - [TEST_STEP][PASSED] - response_feedback = feedback.getResponseText(): null

2022-03-29 22:08:18 - [TEST_STEP][PASSED] - markPassed("result feedback data : " + no + " norek : " + norek + " nopin : " + nopin): result feedback data : 176 norek : 9530008393 nopin : 001

2022-03-29 22:08:18 - [MESSAGE][PASSED] - result feedback data : 176 norek : 9530008393 nopin : 001

2022-03-29 22:08:18 - [TEST_STEP][PASSED] - logInfo($response_feedback): {
  "FeedbackCarInsuranceResponse" : {
    "errorCode" : "00",
    "errorMessage" : "Sukses"
  }
}

2022-03-29 22:08:18 - [MESSAGE][INFO] - {
  "FeedbackCarInsuranceResponse" : {
    "errorCode" : "00",
    "errorMessage" : "Sukses"
  }
}

2022-03-29 22:08:18 - [TEST_STEP][PASSED] - verifyElementPropertyValue(feedback, "FeedbackCarInsuranceResponse.errorMessage", "Sukses", CONTINUE_ON_FAILURE): Verify element property value successfully

2022-03-29 22:08:18 - [MESSAGE][PASSED] - Verify element property value successfully]]></system-out>
         <system-err><![CDATA[]]></system-err>
      </testcase>
      <testcase name="Test Cases/3. get token - feedback insurance" time="0.955" classname="Test Cases/3. get token - feedback insurance" status="PASSED">
         <system-out><![CDATA[2022-03-29 22:08:18 - [TEST_CASE][PASSED] - Test Cases/3. get token - feedback insurance: Test Cases/3. get token - feedback insurance

2022-03-29 22:08:18 - [TEST_STEP][PASSED] - token = sendRequest(findTestObject("1. Get-Token")): Send request successfully

2022-03-29 22:08:18 - [MESSAGE][INFO] - HAR: I:\app-testing\app-project\Order car insurance\order-car-insurance\Reports\20220329_215823\3. Get feedback insurance - Batch 1\20220329_215824\requests\main\334.har

2022-03-29 22:08:18 - [MESSAGE][PASSED] - Send request successfully

2022-03-29 22:08:18 - [TEST_STEP][PASSED] - slurper = new groovy.json.JsonSlurper(): null

2022-03-29 22:08:18 - [TEST_STEP][PASSED] - get_token = slurper.parseText(token.getResponseBodyContent()): null

2022-03-29 22:08:18 - [TEST_STEP][PASSED] - private_token = access_token: null

2022-03-29 22:08:18 - [TEST_STEP][PASSED] - global_token = private_token: null

2022-03-29 22:08:18 - [TEST_STEP][PASSED] - println("token is :" + global_token): null

2022-03-29 22:08:18 - [TEST_STEP][PASSED] - response_token = token.getResponseText(): null

2022-03-29 22:08:18 - [TEST_STEP][PASSED] - logInfo($response_token): 
            {
                "token_type": "BearerToken",
                "access_token": "YRezVD54iS9KC0PTFS85FT7s7PId",
                "expires_in": "1799",
                "scope": ""
            }
        

2022-03-29 22:08:18 - [MESSAGE][INFO] - 
            {
                "token_type": "BearerToken",
                "access_token": "YRezVD54iS9KC0PTFS85FT7s7PId",
                "expires_in": "1799",
                "scope": ""
            }
        

2022-03-29 22:08:18 - [TEST_STEP][PASSED] - feedback = sendRequest(findTestObject("4. Feedback-ins", ["s_key":global_token, "batchid":batchid, "norek":norek, "nopin":nopin, "custname":custname, "pemohon":pemohon, "branchid":branchid, ... ])): Send request successfully

2022-03-29 22:08:19 - [MESSAGE][INFO] - HAR: I:\app-testing\app-project\Order car insurance\order-car-insurance\Reports\20220329_215823\3. Get feedback insurance - Batch 1\20220329_215824\requests\main\335.har

2022-03-29 22:08:19 - [MESSAGE][PASSED] - Send request successfully

2022-03-29 22:08:19 - [TEST_STEP][PASSED] - response_feedback = feedback.getResponseText(): null

2022-03-29 22:08:19 - [TEST_STEP][PASSED] - markPassed("result feedback data : " + no + " norek : " + norek + " nopin : " + nopin): result feedback data : 177 norek : 9530008393 nopin : 001

2022-03-29 22:08:19 - [MESSAGE][PASSED] - result feedback data : 177 norek : 9530008393 nopin : 001

2022-03-29 22:08:19 - [TEST_STEP][PASSED] - logInfo($response_feedback): {
  "FeedbackCarInsuranceResponse" : {
    "errorCode" : "00",
    "errorMessage" : "Sukses"
  }
}

2022-03-29 22:08:19 - [MESSAGE][INFO] - {
  "FeedbackCarInsuranceResponse" : {
    "errorCode" : "00",
    "errorMessage" : "Sukses"
  }
}

2022-03-29 22:08:19 - [TEST_STEP][PASSED] - verifyElementPropertyValue(feedback, "FeedbackCarInsuranceResponse.errorMessage", "Sukses", CONTINUE_ON_FAILURE): Verify element property value successfully

2022-03-29 22:08:19 - [MESSAGE][PASSED] - Verify element property value successfully]]></system-out>
         <system-err><![CDATA[]]></system-err>
      </testcase>
      <testcase name="Test Cases/3. get token - feedback insurance" time="0.904" classname="Test Cases/3. get token - feedback insurance" status="PASSED">
         <system-out><![CDATA[2022-03-29 22:08:19 - [TEST_CASE][PASSED] - Test Cases/3. get token - feedback insurance: Test Cases/3. get token - feedback insurance

2022-03-29 22:08:20 - [TEST_STEP][PASSED] - token = sendRequest(findTestObject("1. Get-Token")): Send request successfully

2022-03-29 22:08:20 - [MESSAGE][INFO] - HAR: I:\app-testing\app-project\Order car insurance\order-car-insurance\Reports\20220329_215823\3. Get feedback insurance - Batch 1\20220329_215824\requests\main\336.har

2022-03-29 22:08:20 - [MESSAGE][PASSED] - Send request successfully

2022-03-29 22:08:20 - [TEST_STEP][PASSED] - slurper = new groovy.json.JsonSlurper(): null

2022-03-29 22:08:20 - [TEST_STEP][PASSED] - get_token = slurper.parseText(token.getResponseBodyContent()): null

2022-03-29 22:08:20 - [TEST_STEP][PASSED] - private_token = access_token: null

2022-03-29 22:08:20 - [TEST_STEP][PASSED] - global_token = private_token: null

2022-03-29 22:08:20 - [TEST_STEP][PASSED] - println("token is :" + global_token): null

2022-03-29 22:08:20 - [TEST_STEP][PASSED] - response_token = token.getResponseText(): null

2022-03-29 22:08:20 - [TEST_STEP][PASSED] - logInfo($response_token): 
            {
                "token_type": "BearerToken",
                "access_token": "4qKv5Nfb03NpfI32uTp1ZFOkuzqy",
                "expires_in": "1799",
                "scope": ""
            }
        

2022-03-29 22:08:20 - [MESSAGE][INFO] - 
            {
                "token_type": "BearerToken",
                "access_token": "4qKv5Nfb03NpfI32uTp1ZFOkuzqy",
                "expires_in": "1799",
                "scope": ""
            }
        

2022-03-29 22:08:20 - [TEST_STEP][PASSED] - feedback = sendRequest(findTestObject("4. Feedback-ins", ["s_key":global_token, "batchid":batchid, "norek":norek, "nopin":nopin, "custname":custname, "pemohon":pemohon, "branchid":branchid, ... ])): Send request successfully

2022-03-29 22:08:20 - [MESSAGE][INFO] - HAR: I:\app-testing\app-project\Order car insurance\order-car-insurance\Reports\20220329_215823\3. Get feedback insurance - Batch 1\20220329_215824\requests\main\337.har

2022-03-29 22:08:20 - [MESSAGE][PASSED] - Send request successfully

2022-03-29 22:08:20 - [TEST_STEP][PASSED] - response_feedback = feedback.getResponseText(): null

2022-03-29 22:08:20 - [TEST_STEP][PASSED] - markPassed("result feedback data : " + no + " norek : " + norek + " nopin : " + nopin): result feedback data : 178 norek : 9530008393 nopin : 001

2022-03-29 22:08:20 - [MESSAGE][PASSED] - result feedback data : 178 norek : 9530008393 nopin : 001

2022-03-29 22:08:20 - [TEST_STEP][PASSED] - logInfo($response_feedback): {
  "FeedbackCarInsuranceResponse" : {
    "errorCode" : "00",
    "errorMessage" : "Sukses"
  }
}

2022-03-29 22:08:20 - [MESSAGE][INFO] - {
  "FeedbackCarInsuranceResponse" : {
    "errorCode" : "00",
    "errorMessage" : "Sukses"
  }
}

2022-03-29 22:08:20 - [TEST_STEP][PASSED] - verifyElementPropertyValue(feedback, "FeedbackCarInsuranceResponse.errorMessage", "Sukses", CONTINUE_ON_FAILURE): Verify element property value successfully

2022-03-29 22:08:20 - [MESSAGE][PASSED] - Verify element property value successfully]]></system-out>
         <system-err><![CDATA[]]></system-err>
      </testcase>
      <testcase name="Test Cases/3. get token - feedback insurance" time="1.041" classname="Test Cases/3. get token - feedback insurance" status="PASSED">
         <system-out><![CDATA[2022-03-29 22:08:21 - [TEST_CASE][PASSED] - Test Cases/3. get token - feedback insurance: Test Cases/3. get token - feedback insurance

2022-03-29 22:08:21 - [TEST_STEP][PASSED] - token = sendRequest(findTestObject("1. Get-Token")): Send request successfully

2022-03-29 22:08:21 - [MESSAGE][INFO] - HAR: I:\app-testing\app-project\Order car insurance\order-car-insurance\Reports\20220329_215823\3. Get feedback insurance - Batch 1\20220329_215824\requests\main\338.har

2022-03-29 22:08:21 - [MESSAGE][PASSED] - Send request successfully

2022-03-29 22:08:21 - [TEST_STEP][PASSED] - slurper = new groovy.json.JsonSlurper(): null

2022-03-29 22:08:21 - [TEST_STEP][PASSED] - get_token = slurper.parseText(token.getResponseBodyContent()): null

2022-03-29 22:08:21 - [TEST_STEP][PASSED] - private_token = access_token: null

2022-03-29 22:08:21 - [TEST_STEP][PASSED] - global_token = private_token: null

2022-03-29 22:08:21 - [TEST_STEP][PASSED] - println("token is :" + global_token): null

2022-03-29 22:08:21 - [TEST_STEP][PASSED] - response_token = token.getResponseText(): null

2022-03-29 22:08:21 - [TEST_STEP][PASSED] - logInfo($response_token): 
            {
                "token_type": "BearerToken",
                "access_token": "xHXjEe5rMoyoe8eAgLuQsG7jqxa9",
                "expires_in": "1799",
                "scope": ""
            }
        

2022-03-29 22:08:21 - [MESSAGE][INFO] - 
            {
                "token_type": "BearerToken",
                "access_token": "xHXjEe5rMoyoe8eAgLuQsG7jqxa9",
                "expires_in": "1799",
                "scope": ""
            }
        

2022-03-29 22:08:21 - [TEST_STEP][PASSED] - feedback = sendRequest(findTestObject("4. Feedback-ins", ["s_key":global_token, "batchid":batchid, "norek":norek, "nopin":nopin, "custname":custname, "pemohon":pemohon, "branchid":branchid, ... ])): Send request successfully

2022-03-29 22:08:22 - [MESSAGE][INFO] - HAR: I:\app-testing\app-project\Order car insurance\order-car-insurance\Reports\20220329_215823\3. Get feedback insurance - Batch 1\20220329_215824\requests\main\339.har

2022-03-29 22:08:22 - [MESSAGE][PASSED] - Send request successfully

2022-03-29 22:08:22 - [TEST_STEP][PASSED] - response_feedback = feedback.getResponseText(): null

2022-03-29 22:08:22 - [TEST_STEP][PASSED] - markPassed("result feedback data : " + no + " norek : " + norek + " nopin : " + nopin): result feedback data : 179 norek : 9552005564 nopin : 001

2022-03-29 22:08:22 - [MESSAGE][PASSED] - result feedback data : 179 norek : 9552005564 nopin : 001

2022-03-29 22:08:22 - [TEST_STEP][PASSED] - logInfo($response_feedback): {
  "FeedbackCarInsuranceResponse" : {
    "errorCode" : "00",
    "errorMessage" : "Sukses"
  }
}

2022-03-29 22:08:22 - [MESSAGE][INFO] - {
  "FeedbackCarInsuranceResponse" : {
    "errorCode" : "00",
    "errorMessage" : "Sukses"
  }
}

2022-03-29 22:08:22 - [TEST_STEP][PASSED] - verifyElementPropertyValue(feedback, "FeedbackCarInsuranceResponse.errorMessage", "Sukses", CONTINUE_ON_FAILURE): Verify element property value successfully

2022-03-29 22:08:22 - [MESSAGE][PASSED] - Verify element property value successfully]]></system-out>
         <system-err><![CDATA[]]></system-err>
      </testcase>
      <testcase name="Test Cases/3. get token - feedback insurance" time="1.15" classname="Test Cases/3. get token - feedback insurance" status="PASSED">
         <system-out><![CDATA[2022-03-29 22:08:22 - [TEST_CASE][PASSED] - Test Cases/3. get token - feedback insurance: Test Cases/3. get token - feedback insurance

2022-03-29 22:08:22 - [TEST_STEP][PASSED] - token = sendRequest(findTestObject("1. Get-Token")): Send request successfully

2022-03-29 22:08:22 - [MESSAGE][INFO] - HAR: I:\app-testing\app-project\Order car insurance\order-car-insurance\Reports\20220329_215823\3. Get feedback insurance - Batch 1\20220329_215824\requests\main\340.har

2022-03-29 22:08:22 - [MESSAGE][PASSED] - Send request successfully

2022-03-29 22:08:22 - [TEST_STEP][PASSED] - slurper = new groovy.json.JsonSlurper(): null

2022-03-29 22:08:22 - [TEST_STEP][PASSED] - get_token = slurper.parseText(token.getResponseBodyContent()): null

2022-03-29 22:08:22 - [TEST_STEP][PASSED] - private_token = access_token: null

2022-03-29 22:08:22 - [TEST_STEP][PASSED] - global_token = private_token: null

2022-03-29 22:08:22 - [TEST_STEP][PASSED] - println("token is :" + global_token): null

2022-03-29 22:08:22 - [TEST_STEP][PASSED] - response_token = token.getResponseText(): null

2022-03-29 22:08:22 - [TEST_STEP][PASSED] - logInfo($response_token): 
            {
                "token_type": "BearerToken",
                "access_token": "Q1i1kxvOswFWylS74fdFHncxfOSJ",
                "expires_in": "1799",
                "scope": ""
            }
        

2022-03-29 22:08:22 - [MESSAGE][INFO] - 
            {
                "token_type": "BearerToken",
                "access_token": "Q1i1kxvOswFWylS74fdFHncxfOSJ",
                "expires_in": "1799",
                "scope": ""
            }
        

2022-03-29 22:08:22 - [TEST_STEP][PASSED] - feedback = sendRequest(findTestObject("4. Feedback-ins", ["s_key":global_token, "batchid":batchid, "norek":norek, "nopin":nopin, "custname":custname, "pemohon":pemohon, "branchid":branchid, ... ])): Send request successfully

2022-03-29 22:08:23 - [MESSAGE][INFO] - HAR: I:\app-testing\app-project\Order car insurance\order-car-insurance\Reports\20220329_215823\3. Get feedback insurance - Batch 1\20220329_215824\requests\main\341.har

2022-03-29 22:08:23 - [MESSAGE][PASSED] - Send request successfully

2022-03-29 22:08:23 - [TEST_STEP][PASSED] - response_feedback = feedback.getResponseText(): null

2022-03-29 22:08:23 - [TEST_STEP][PASSED] - markPassed("result feedback data : " + no + " norek : " + norek + " nopin : " + nopin): result feedback data : 180 norek : 9552005564 nopin : 001

2022-03-29 22:08:23 - [MESSAGE][PASSED] - result feedback data : 180 norek : 9552005564 nopin : 001

2022-03-29 22:08:23 - [TEST_STEP][PASSED] - logInfo($response_feedback): {
  "FeedbackCarInsuranceResponse" : {
    "errorCode" : "00",
    "errorMessage" : "Sukses"
  }
}

2022-03-29 22:08:23 - [MESSAGE][INFO] - {
  "FeedbackCarInsuranceResponse" : {
    "errorCode" : "00",
    "errorMessage" : "Sukses"
  }
}

2022-03-29 22:08:23 - [TEST_STEP][PASSED] - verifyElementPropertyValue(feedback, "FeedbackCarInsuranceResponse.errorMessage", "Sukses", CONTINUE_ON_FAILURE): Verify element property value successfully

2022-03-29 22:08:23 - [MESSAGE][PASSED] - Verify element property value successfully]]></system-out>
         <system-err><![CDATA[]]></system-err>
      </testcase>
      <testcase name="Test Cases/3. get token - feedback insurance" time="1.174" classname="Test Cases/3. get token - feedback insurance" status="PASSED">
         <system-out><![CDATA[2022-03-29 22:08:24 - [TEST_CASE][PASSED] - Test Cases/3. get token - feedback insurance: Test Cases/3. get token - feedback insurance

2022-03-29 22:08:24 - [TEST_STEP][PASSED] - token = sendRequest(findTestObject("1. Get-Token")): Send request successfully

2022-03-29 22:08:24 - [MESSAGE][INFO] - HAR: I:\app-testing\app-project\Order car insurance\order-car-insurance\Reports\20220329_215823\3. Get feedback insurance - Batch 1\20220329_215824\requests\main\342.har

2022-03-29 22:08:24 - [MESSAGE][PASSED] - Send request successfully

2022-03-29 22:08:24 - [TEST_STEP][PASSED] - slurper = new groovy.json.JsonSlurper(): null

2022-03-29 22:08:24 - [TEST_STEP][PASSED] - get_token = slurper.parseText(token.getResponseBodyContent()): null

2022-03-29 22:08:24 - [TEST_STEP][PASSED] - private_token = access_token: null

2022-03-29 22:08:24 - [TEST_STEP][PASSED] - global_token = private_token: null

2022-03-29 22:08:24 - [TEST_STEP][PASSED] - println("token is :" + global_token): null

2022-03-29 22:08:24 - [TEST_STEP][PASSED] - response_token = token.getResponseText(): null

2022-03-29 22:08:24 - [TEST_STEP][PASSED] - logInfo($response_token): 
            {
                "token_type": "BearerToken",
                "access_token": "43WZPb5CUiPfOBS9GwJ7H6w9BrRn",
                "expires_in": "1799",
                "scope": ""
            }
        

2022-03-29 22:08:24 - [MESSAGE][INFO] - 
            {
                "token_type": "BearerToken",
                "access_token": "43WZPb5CUiPfOBS9GwJ7H6w9BrRn",
                "expires_in": "1799",
                "scope": ""
            }
        

2022-03-29 22:08:24 - [TEST_STEP][PASSED] - feedback = sendRequest(findTestObject("4. Feedback-ins", ["s_key":global_token, "batchid":batchid, "norek":norek, "nopin":nopin, "custname":custname, "pemohon":pemohon, "branchid":branchid, ... ])): Send request successfully

2022-03-29 22:08:25 - [MESSAGE][INFO] - HAR: I:\app-testing\app-project\Order car insurance\order-car-insurance\Reports\20220329_215823\3. Get feedback insurance - Batch 1\20220329_215824\requests\main\343.har

2022-03-29 22:08:25 - [MESSAGE][PASSED] - Send request successfully

2022-03-29 22:08:25 - [TEST_STEP][PASSED] - response_feedback = feedback.getResponseText(): null

2022-03-29 22:08:25 - [TEST_STEP][PASSED] - markPassed("result feedback data : " + no + " norek : " + norek + " nopin : " + nopin): result feedback data : 181 norek : 9552005564 nopin : 001

2022-03-29 22:08:25 - [MESSAGE][PASSED] - result feedback data : 181 norek : 9552005564 nopin : 001

2022-03-29 22:08:25 - [TEST_STEP][PASSED] - logInfo($response_feedback): {
  "FeedbackCarInsuranceResponse" : {
    "errorCode" : "00",
    "errorMessage" : "Sukses"
  }
}

2022-03-29 22:08:25 - [MESSAGE][INFO] - {
  "FeedbackCarInsuranceResponse" : {
    "errorCode" : "00",
    "errorMessage" : "Sukses"
  }
}

2022-03-29 22:08:25 - [TEST_STEP][PASSED] - verifyElementPropertyValue(feedback, "FeedbackCarInsuranceResponse.errorMessage", "Sukses", CONTINUE_ON_FAILURE): Verify element property value successfully

2022-03-29 22:08:25 - [MESSAGE][PASSED] - Verify element property value successfully]]></system-out>
         <system-err><![CDATA[]]></system-err>
      </testcase>
      <testcase name="Test Cases/3. get token - feedback insurance" time="0.9" classname="Test Cases/3. get token - feedback insurance" status="PASSED">
         <system-out><![CDATA[2022-03-29 22:08:25 - [TEST_CASE][PASSED] - Test Cases/3. get token - feedback insurance: Test Cases/3. get token - feedback insurance

2022-03-29 22:08:25 - [TEST_STEP][PASSED] - token = sendRequest(findTestObject("1. Get-Token")): Send request successfully

2022-03-29 22:08:26 - [MESSAGE][INFO] - HAR: I:\app-testing\app-project\Order car insurance\order-car-insurance\Reports\20220329_215823\3. Get feedback insurance - Batch 1\20220329_215824\requests\main\344.har

2022-03-29 22:08:26 - [MESSAGE][PASSED] - Send request successfully

2022-03-29 22:08:26 - [TEST_STEP][PASSED] - slurper = new groovy.json.JsonSlurper(): null

2022-03-29 22:08:26 - [TEST_STEP][PASSED] - get_token = slurper.parseText(token.getResponseBodyContent()): null

2022-03-29 22:08:26 - [TEST_STEP][PASSED] - private_token = access_token: null

2022-03-29 22:08:26 - [TEST_STEP][PASSED] - global_token = private_token: null

2022-03-29 22:08:26 - [TEST_STEP][PASSED] - println("token is :" + global_token): null

2022-03-29 22:08:26 - [TEST_STEP][PASSED] - response_token = token.getResponseText(): null

2022-03-29 22:08:26 - [TEST_STEP][PASSED] - logInfo($response_token): 
            {
                "token_type": "BearerToken",
                "access_token": "DDjfEStcKxxDhRmT6zjvvWvrERTG",
                "expires_in": "1799",
                "scope": ""
            }
        

2022-03-29 22:08:26 - [MESSAGE][INFO] - 
            {
                "token_type": "BearerToken",
                "access_token": "DDjfEStcKxxDhRmT6zjvvWvrERTG",
                "expires_in": "1799",
                "scope": ""
            }
        

2022-03-29 22:08:26 - [TEST_STEP][PASSED] - feedback = sendRequest(findTestObject("4. Feedback-ins", ["s_key":global_token, "batchid":batchid, "norek":norek, "nopin":nopin, "custname":custname, "pemohon":pemohon, "branchid":branchid, ... ])): Send request successfully

2022-03-29 22:08:26 - [MESSAGE][INFO] - HAR: I:\app-testing\app-project\Order car insurance\order-car-insurance\Reports\20220329_215823\3. Get feedback insurance - Batch 1\20220329_215824\requests\main\345.har

2022-03-29 22:08:26 - [MESSAGE][PASSED] - Send request successfully

2022-03-29 22:08:26 - [TEST_STEP][PASSED] - response_feedback = feedback.getResponseText(): null

2022-03-29 22:08:26 - [TEST_STEP][PASSED] - markPassed("result feedback data : " + no + " norek : " + norek + " nopin : " + nopin): result feedback data : 182 norek : 9552005564 nopin : 001

2022-03-29 22:08:26 - [MESSAGE][PASSED] - result feedback data : 182 norek : 9552005564 nopin : 001

2022-03-29 22:08:26 - [TEST_STEP][PASSED] - logInfo($response_feedback): {
  "FeedbackCarInsuranceResponse" : {
    "errorCode" : "00",
    "errorMessage" : "Sukses"
  }
}

2022-03-29 22:08:26 - [MESSAGE][INFO] - {
  "FeedbackCarInsuranceResponse" : {
    "errorCode" : "00",
    "errorMessage" : "Sukses"
  }
}

2022-03-29 22:08:26 - [TEST_STEP][PASSED] - verifyElementPropertyValue(feedback, "FeedbackCarInsuranceResponse.errorMessage", "Sukses", CONTINUE_ON_FAILURE): Verify element property value successfully

2022-03-29 22:08:26 - [MESSAGE][PASSED] - Verify element property value successfully]]></system-out>
         <system-err><![CDATA[]]></system-err>
      </testcase>
      <testcase name="Test Cases/3. get token - feedback insurance" time="1.283" classname="Test Cases/3. get token - feedback insurance" status="PASSED">
         <system-out><![CDATA[2022-03-29 22:08:27 - [TEST_CASE][PASSED] - Test Cases/3. get token - feedback insurance: Test Cases/3. get token - feedback insurance

2022-03-29 22:08:27 - [TEST_STEP][PASSED] - token = sendRequest(findTestObject("1. Get-Token")): Send request successfully

2022-03-29 22:08:27 - [MESSAGE][INFO] - HAR: I:\app-testing\app-project\Order car insurance\order-car-insurance\Reports\20220329_215823\3. Get feedback insurance - Batch 1\20220329_215824\requests\main\346.har

2022-03-29 22:08:27 - [MESSAGE][PASSED] - Send request successfully

2022-03-29 22:08:27 - [TEST_STEP][PASSED] - slurper = new groovy.json.JsonSlurper(): null

2022-03-29 22:08:27 - [TEST_STEP][PASSED] - get_token = slurper.parseText(token.getResponseBodyContent()): null

2022-03-29 22:08:27 - [TEST_STEP][PASSED] - private_token = access_token: null

2022-03-29 22:08:27 - [TEST_STEP][PASSED] - global_token = private_token: null

2022-03-29 22:08:27 - [TEST_STEP][PASSED] - println("token is :" + global_token): null

2022-03-29 22:08:27 - [TEST_STEP][PASSED] - response_token = token.getResponseText(): null

2022-03-29 22:08:27 - [TEST_STEP][PASSED] - logInfo($response_token): 
            {
                "token_type": "BearerToken",
                "access_token": "qKMDnl2pFtTcVkrd1CHuLCfM7lGe",
                "expires_in": "1799",
                "scope": ""
            }
        

2022-03-29 22:08:27 - [MESSAGE][INFO] - 
            {
                "token_type": "BearerToken",
                "access_token": "qKMDnl2pFtTcVkrd1CHuLCfM7lGe",
                "expires_in": "1799",
                "scope": ""
            }
        

2022-03-29 22:08:27 - [TEST_STEP][PASSED] - feedback = sendRequest(findTestObject("4. Feedback-ins", ["s_key":global_token, "batchid":batchid, "norek":norek, "nopin":nopin, "custname":custname, "pemohon":pemohon, "branchid":branchid, ... ])): Send request successfully

2022-03-29 22:08:28 - [MESSAGE][INFO] - HAR: I:\app-testing\app-project\Order car insurance\order-car-insurance\Reports\20220329_215823\3. Get feedback insurance - Batch 1\20220329_215824\requests\main\347.har

2022-03-29 22:08:28 - [MESSAGE][PASSED] - Send request successfully

2022-03-29 22:08:28 - [TEST_STEP][PASSED] - response_feedback = feedback.getResponseText(): null

2022-03-29 22:08:28 - [TEST_STEP][PASSED] - markPassed("result feedback data : " + no + " norek : " + norek + " nopin : " + nopin): result feedback data : 183 norek : 9552005564 nopin : 001

2022-03-29 22:08:28 - [MESSAGE][PASSED] - result feedback data : 183 norek : 9552005564 nopin : 001

2022-03-29 22:08:28 - [TEST_STEP][PASSED] - logInfo($response_feedback): {
  "FeedbackCarInsuranceResponse" : {
    "errorCode" : "00",
    "errorMessage" : "Sukses"
  }
}

2022-03-29 22:08:28 - [MESSAGE][INFO] - {
  "FeedbackCarInsuranceResponse" : {
    "errorCode" : "00",
    "errorMessage" : "Sukses"
  }
}

2022-03-29 22:08:28 - [TEST_STEP][PASSED] - verifyElementPropertyValue(feedback, "FeedbackCarInsuranceResponse.errorMessage", "Sukses", CONTINUE_ON_FAILURE): Verify element property value successfully

2022-03-29 22:08:28 - [MESSAGE][PASSED] - Verify element property value successfully]]></system-out>
         <system-err><![CDATA[]]></system-err>
      </testcase>
      <testcase name="Test Cases/3. get token - feedback insurance" time="1.017" classname="Test Cases/3. get token - feedback insurance" status="PASSED">
         <system-out><![CDATA[2022-03-29 22:08:28 - [TEST_CASE][PASSED] - Test Cases/3. get token - feedback insurance: Test Cases/3. get token - feedback insurance

2022-03-29 22:08:28 - [TEST_STEP][PASSED] - token = sendRequest(findTestObject("1. Get-Token")): Send request successfully

2022-03-29 22:08:28 - [MESSAGE][INFO] - HAR: I:\app-testing\app-project\Order car insurance\order-car-insurance\Reports\20220329_215823\3. Get feedback insurance - Batch 1\20220329_215824\requests\main\348.har

2022-03-29 22:08:28 - [MESSAGE][PASSED] - Send request successfully

2022-03-29 22:08:28 - [TEST_STEP][PASSED] - slurper = new groovy.json.JsonSlurper(): null

2022-03-29 22:08:28 - [TEST_STEP][PASSED] - get_token = slurper.parseText(token.getResponseBodyContent()): null

2022-03-29 22:08:28 - [TEST_STEP][PASSED] - private_token = access_token: null

2022-03-29 22:08:28 - [TEST_STEP][PASSED] - global_token = private_token: null

2022-03-29 22:08:28 - [TEST_STEP][PASSED] - println("token is :" + global_token): null

2022-03-29 22:08:28 - [TEST_STEP][PASSED] - response_token = token.getResponseText(): null

2022-03-29 22:08:28 - [TEST_STEP][PASSED] - logInfo($response_token): 
            {
                "token_type": "BearerToken",
                "access_token": "yhzzgRkzAN9uYFgLDo7mwNk5CWva",
                "expires_in": "1799",
                "scope": ""
            }
        

2022-03-29 22:08:28 - [MESSAGE][INFO] - 
            {
                "token_type": "BearerToken",
                "access_token": "yhzzgRkzAN9uYFgLDo7mwNk5CWva",
                "expires_in": "1799",
                "scope": ""
            }
        

2022-03-29 22:08:28 - [TEST_STEP][PASSED] - feedback = sendRequest(findTestObject("4. Feedback-ins", ["s_key":global_token, "batchid":batchid, "norek":norek, "nopin":nopin, "custname":custname, "pemohon":pemohon, "branchid":branchid, ... ])): Send request successfully

2022-03-29 22:08:29 - [MESSAGE][INFO] - HAR: I:\app-testing\app-project\Order car insurance\order-car-insurance\Reports\20220329_215823\3. Get feedback insurance - Batch 1\20220329_215824\requests\main\349.har

2022-03-29 22:08:29 - [MESSAGE][PASSED] - Send request successfully

2022-03-29 22:08:29 - [TEST_STEP][PASSED] - response_feedback = feedback.getResponseText(): null

2022-03-29 22:08:29 - [TEST_STEP][PASSED] - markPassed("result feedback data : " + no + " norek : " + norek + " nopin : " + nopin): result feedback data : 184 norek : 9552005565 nopin : 001

2022-03-29 22:08:29 - [MESSAGE][PASSED] - result feedback data : 184 norek : 9552005565 nopin : 001

2022-03-29 22:08:29 - [TEST_STEP][PASSED] - logInfo($response_feedback): {
  "FeedbackCarInsuranceResponse" : {
    "errorCode" : "00",
    "errorMessage" : "Sukses"
  }
}

2022-03-29 22:08:29 - [MESSAGE][INFO] - {
  "FeedbackCarInsuranceResponse" : {
    "errorCode" : "00",
    "errorMessage" : "Sukses"
  }
}

2022-03-29 22:08:29 - [TEST_STEP][PASSED] - verifyElementPropertyValue(feedback, "FeedbackCarInsuranceResponse.errorMessage", "Sukses", CONTINUE_ON_FAILURE): Verify element property value successfully

2022-03-29 22:08:29 - [MESSAGE][PASSED] - Verify element property value successfully]]></system-out>
         <system-err><![CDATA[]]></system-err>
      </testcase>
      <testcase name="Test Cases/3. get token - feedback insurance" time="0.977" classname="Test Cases/3. get token - feedback insurance" status="PASSED">
         <system-out><![CDATA[2022-03-29 22:08:30 - [TEST_CASE][PASSED] - Test Cases/3. get token - feedback insurance: Test Cases/3. get token - feedback insurance

2022-03-29 22:08:30 - [TEST_STEP][PASSED] - token = sendRequest(findTestObject("1. Get-Token")): Send request successfully

2022-03-29 22:08:30 - [MESSAGE][INFO] - HAR: I:\app-testing\app-project\Order car insurance\order-car-insurance\Reports\20220329_215823\3. Get feedback insurance - Batch 1\20220329_215824\requests\main\350.har

2022-03-29 22:08:30 - [MESSAGE][PASSED] - Send request successfully

2022-03-29 22:08:30 - [TEST_STEP][PASSED] - slurper = new groovy.json.JsonSlurper(): null

2022-03-29 22:08:30 - [TEST_STEP][PASSED] - get_token = slurper.parseText(token.getResponseBodyContent()): null

2022-03-29 22:08:30 - [TEST_STEP][PASSED] - private_token = access_token: null

2022-03-29 22:08:30 - [TEST_STEP][PASSED] - global_token = private_token: null

2022-03-29 22:08:30 - [TEST_STEP][PASSED] - println("token is :" + global_token): null

2022-03-29 22:08:30 - [TEST_STEP][PASSED] - response_token = token.getResponseText(): null

2022-03-29 22:08:30 - [TEST_STEP][PASSED] - logInfo($response_token): 
            {
                "token_type": "BearerToken",
                "access_token": "6O7sB6udBzf12DrxHtHTe24WGpEV",
                "expires_in": "1799",
                "scope": ""
            }
        

2022-03-29 22:08:30 - [MESSAGE][INFO] - 
            {
                "token_type": "BearerToken",
                "access_token": "6O7sB6udBzf12DrxHtHTe24WGpEV",
                "expires_in": "1799",
                "scope": ""
            }
        

2022-03-29 22:08:30 - [TEST_STEP][PASSED] - feedback = sendRequest(findTestObject("4. Feedback-ins", ["s_key":global_token, "batchid":batchid, "norek":norek, "nopin":nopin, "custname":custname, "pemohon":pemohon, "branchid":branchid, ... ])): Send request successfully

2022-03-29 22:08:31 - [MESSAGE][INFO] - HAR: I:\app-testing\app-project\Order car insurance\order-car-insurance\Reports\20220329_215823\3. Get feedback insurance - Batch 1\20220329_215824\requests\main\351.har

2022-03-29 22:08:31 - [MESSAGE][PASSED] - Send request successfully

2022-03-29 22:08:31 - [TEST_STEP][PASSED] - response_feedback = feedback.getResponseText(): null

2022-03-29 22:08:31 - [TEST_STEP][PASSED] - markPassed("result feedback data : " + no + " norek : " + norek + " nopin : " + nopin): result feedback data : 185 norek : 9552005565 nopin : 001

2022-03-29 22:08:31 - [MESSAGE][PASSED] - result feedback data : 185 norek : 9552005565 nopin : 001

2022-03-29 22:08:31 - [TEST_STEP][PASSED] - logInfo($response_feedback): {
  "FeedbackCarInsuranceResponse" : {
    "errorCode" : "00",
    "errorMessage" : "Sukses"
  }
}

2022-03-29 22:08:31 - [MESSAGE][INFO] - {
  "FeedbackCarInsuranceResponse" : {
    "errorCode" : "00",
    "errorMessage" : "Sukses"
  }
}

2022-03-29 22:08:31 - [TEST_STEP][PASSED] - verifyElementPropertyValue(feedback, "FeedbackCarInsuranceResponse.errorMessage", "Sukses", CONTINUE_ON_FAILURE): Verify element property value successfully

2022-03-29 22:08:31 - [MESSAGE][PASSED] - Verify element property value successfully]]></system-out>
         <system-err><![CDATA[]]></system-err>
      </testcase>
      <testcase name="Test Cases/3. get token - feedback insurance" time="0.896" classname="Test Cases/3. get token - feedback insurance" status="PASSED">
         <system-out><![CDATA[2022-03-29 22:08:31 - [TEST_CASE][PASSED] - Test Cases/3. get token - feedback insurance: Test Cases/3. get token - feedback insurance

2022-03-29 22:08:31 - [TEST_STEP][PASSED] - token = sendRequest(findTestObject("1. Get-Token")): Send request successfully

2022-03-29 22:08:31 - [MESSAGE][INFO] - HAR: I:\app-testing\app-project\Order car insurance\order-car-insurance\Reports\20220329_215823\3. Get feedback insurance - Batch 1\20220329_215824\requests\main\352.har

2022-03-29 22:08:31 - [MESSAGE][PASSED] - Send request successfully

2022-03-29 22:08:31 - [TEST_STEP][PASSED] - slurper = new groovy.json.JsonSlurper(): null

2022-03-29 22:08:31 - [TEST_STEP][PASSED] - get_token = slurper.parseText(token.getResponseBodyContent()): null

2022-03-29 22:08:31 - [TEST_STEP][PASSED] - private_token = access_token: null

2022-03-29 22:08:31 - [TEST_STEP][PASSED] - global_token = private_token: null

2022-03-29 22:08:31 - [TEST_STEP][PASSED] - println("token is :" + global_token): null

2022-03-29 22:08:31 - [TEST_STEP][PASSED] - response_token = token.getResponseText(): null

2022-03-29 22:08:31 - [TEST_STEP][PASSED] - logInfo($response_token): 
            {
                "token_type": "BearerToken",
                "access_token": "wemt8O368zx0zS0478U2iSfkjzYm",
                "expires_in": "1799",
                "scope": ""
            }
        

2022-03-29 22:08:31 - [MESSAGE][INFO] - 
            {
                "token_type": "BearerToken",
                "access_token": "wemt8O368zx0zS0478U2iSfkjzYm",
                "expires_in": "1799",
                "scope": ""
            }
        

2022-03-29 22:08:31 - [TEST_STEP][PASSED] - feedback = sendRequest(findTestObject("4. Feedback-ins", ["s_key":global_token, "batchid":batchid, "norek":norek, "nopin":nopin, "custname":custname, "pemohon":pemohon, "branchid":branchid, ... ])): Send request successfully

2022-03-29 22:08:32 - [MESSAGE][INFO] - HAR: I:\app-testing\app-project\Order car insurance\order-car-insurance\Reports\20220329_215823\3. Get feedback insurance - Batch 1\20220329_215824\requests\main\353.har

2022-03-29 22:08:32 - [MESSAGE][PASSED] - Send request successfully

2022-03-29 22:08:32 - [TEST_STEP][PASSED] - response_feedback = feedback.getResponseText(): null

2022-03-29 22:08:32 - [TEST_STEP][PASSED] - markPassed("result feedback data : " + no + " norek : " + norek + " nopin : " + nopin): result feedback data : 186 norek : 9552005565 nopin : 001

2022-03-29 22:08:32 - [MESSAGE][PASSED] - result feedback data : 186 norek : 9552005565 nopin : 001

2022-03-29 22:08:32 - [TEST_STEP][PASSED] - logInfo($response_feedback): {
  "FeedbackCarInsuranceResponse" : {
    "errorCode" : "00",
    "errorMessage" : "Sukses"
  }
}

2022-03-29 22:08:32 - [MESSAGE][INFO] - {
  "FeedbackCarInsuranceResponse" : {
    "errorCode" : "00",
    "errorMessage" : "Sukses"
  }
}

2022-03-29 22:08:32 - [TEST_STEP][PASSED] - verifyElementPropertyValue(feedback, "FeedbackCarInsuranceResponse.errorMessage", "Sukses", CONTINUE_ON_FAILURE): Verify element property value successfully

2022-03-29 22:08:32 - [MESSAGE][PASSED] - Verify element property value successfully]]></system-out>
         <system-err><![CDATA[]]></system-err>
      </testcase>
      <testcase name="Test Cases/3. get token - feedback insurance" time="1.134" classname="Test Cases/3. get token - feedback insurance" status="PASSED">
         <system-out><![CDATA[2022-03-29 22:08:32 - [TEST_CASE][PASSED] - Test Cases/3. get token - feedback insurance: Test Cases/3. get token - feedback insurance

2022-03-29 22:08:32 - [TEST_STEP][PASSED] - token = sendRequest(findTestObject("1. Get-Token")): Send request successfully

2022-03-29 22:08:33 - [MESSAGE][INFO] - HAR: I:\app-testing\app-project\Order car insurance\order-car-insurance\Reports\20220329_215823\3. Get feedback insurance - Batch 1\20220329_215824\requests\main\354.har

2022-03-29 22:08:33 - [MESSAGE][PASSED] - Send request successfully

2022-03-29 22:08:33 - [TEST_STEP][PASSED] - slurper = new groovy.json.JsonSlurper(): null

2022-03-29 22:08:33 - [TEST_STEP][PASSED] - get_token = slurper.parseText(token.getResponseBodyContent()): null

2022-03-29 22:08:33 - [TEST_STEP][PASSED] - private_token = access_token: null

2022-03-29 22:08:33 - [TEST_STEP][PASSED] - global_token = private_token: null

2022-03-29 22:08:33 - [TEST_STEP][PASSED] - println("token is :" + global_token): null

2022-03-29 22:08:33 - [TEST_STEP][PASSED] - response_token = token.getResponseText(): null

2022-03-29 22:08:33 - [TEST_STEP][PASSED] - logInfo($response_token): 
            {
                "token_type": "BearerToken",
                "access_token": "aNlSSmRya05jLpMH2PLAR7bRm42P",
                "expires_in": "1799",
                "scope": ""
            }
        

2022-03-29 22:08:33 - [MESSAGE][INFO] - 
            {
                "token_type": "BearerToken",
                "access_token": "aNlSSmRya05jLpMH2PLAR7bRm42P",
                "expires_in": "1799",
                "scope": ""
            }
        

2022-03-29 22:08:33 - [TEST_STEP][PASSED] - feedback = sendRequest(findTestObject("4. Feedback-ins", ["s_key":global_token, "batchid":batchid, "norek":norek, "nopin":nopin, "custname":custname, "pemohon":pemohon, "branchid":branchid, ... ])): Send request successfully

2022-03-29 22:08:33 - [MESSAGE][INFO] - HAR: I:\app-testing\app-project\Order car insurance\order-car-insurance\Reports\20220329_215823\3. Get feedback insurance - Batch 1\20220329_215824\requests\main\355.har

2022-03-29 22:08:33 - [MESSAGE][PASSED] - Send request successfully

2022-03-29 22:08:33 - [TEST_STEP][PASSED] - response_feedback = feedback.getResponseText(): null

2022-03-29 22:08:33 - [TEST_STEP][PASSED] - markPassed("result feedback data : " + no + " norek : " + norek + " nopin : " + nopin): result feedback data : 187 norek : 9552005565 nopin : 001

2022-03-29 22:08:33 - [MESSAGE][PASSED] - result feedback data : 187 norek : 9552005565 nopin : 001

2022-03-29 22:08:33 - [TEST_STEP][PASSED] - logInfo($response_feedback): {
  "FeedbackCarInsuranceResponse" : {
    "errorCode" : "00",
    "errorMessage" : "Sukses"
  }
}

2022-03-29 22:08:33 - [MESSAGE][INFO] - {
  "FeedbackCarInsuranceResponse" : {
    "errorCode" : "00",
    "errorMessage" : "Sukses"
  }
}

2022-03-29 22:08:33 - [TEST_STEP][PASSED] - verifyElementPropertyValue(feedback, "FeedbackCarInsuranceResponse.errorMessage", "Sukses", CONTINUE_ON_FAILURE): Verify element property value successfully

2022-03-29 22:08:33 - [MESSAGE][PASSED] - Verify element property value successfully]]></system-out>
         <system-err><![CDATA[]]></system-err>
      </testcase>
      <testcase name="Test Cases/3. get token - feedback insurance" time="1.03" classname="Test Cases/3. get token - feedback insurance" status="PASSED">
         <system-out><![CDATA[2022-03-29 22:08:34 - [TEST_CASE][PASSED] - Test Cases/3. get token - feedback insurance: Test Cases/3. get token - feedback insurance

2022-03-29 22:08:34 - [TEST_STEP][PASSED] - token = sendRequest(findTestObject("1. Get-Token")): Send request successfully

2022-03-29 22:08:34 - [MESSAGE][INFO] - HAR: I:\app-testing\app-project\Order car insurance\order-car-insurance\Reports\20220329_215823\3. Get feedback insurance - Batch 1\20220329_215824\requests\main\356.har

2022-03-29 22:08:34 - [MESSAGE][PASSED] - Send request successfully

2022-03-29 22:08:34 - [TEST_STEP][PASSED] - slurper = new groovy.json.JsonSlurper(): null

2022-03-29 22:08:34 - [TEST_STEP][PASSED] - get_token = slurper.parseText(token.getResponseBodyContent()): null

2022-03-29 22:08:34 - [TEST_STEP][PASSED] - private_token = access_token: null

2022-03-29 22:08:34 - [TEST_STEP][PASSED] - global_token = private_token: null

2022-03-29 22:08:34 - [TEST_STEP][PASSED] - println("token is :" + global_token): null

2022-03-29 22:08:34 - [TEST_STEP][PASSED] - response_token = token.getResponseText(): null

2022-03-29 22:08:34 - [TEST_STEP][PASSED] - logInfo($response_token): 
            {
                "token_type": "BearerToken",
                "access_token": "vj7yHTG5u2mVPfYtuWbHfATJvAn3",
                "expires_in": "1799",
                "scope": ""
            }
        

2022-03-29 22:08:34 - [MESSAGE][INFO] - 
            {
                "token_type": "BearerToken",
                "access_token": "vj7yHTG5u2mVPfYtuWbHfATJvAn3",
                "expires_in": "1799",
                "scope": ""
            }
        

2022-03-29 22:08:34 - [TEST_STEP][PASSED] - feedback = sendRequest(findTestObject("4. Feedback-ins", ["s_key":global_token, "batchid":batchid, "norek":norek, "nopin":nopin, "custname":custname, "pemohon":pemohon, "branchid":branchid, ... ])): Send request successfully

2022-03-29 22:08:35 - [MESSAGE][INFO] - HAR: I:\app-testing\app-project\Order car insurance\order-car-insurance\Reports\20220329_215823\3. Get feedback insurance - Batch 1\20220329_215824\requests\main\357.har

2022-03-29 22:08:35 - [MESSAGE][PASSED] - Send request successfully

2022-03-29 22:08:35 - [TEST_STEP][PASSED] - response_feedback = feedback.getResponseText(): null

2022-03-29 22:08:35 - [TEST_STEP][PASSED] - markPassed("result feedback data : " + no + " norek : " + norek + " nopin : " + nopin): result feedback data : 188 norek : 9552005584 nopin : 001

2022-03-29 22:08:35 - [MESSAGE][PASSED] - result feedback data : 188 norek : 9552005584 nopin : 001

2022-03-29 22:08:35 - [TEST_STEP][PASSED] - logInfo($response_feedback): {
  "FeedbackCarInsuranceResponse" : {
    "errorCode" : "00",
    "errorMessage" : "Sukses"
  }
}

2022-03-29 22:08:35 - [MESSAGE][INFO] - {
  "FeedbackCarInsuranceResponse" : {
    "errorCode" : "00",
    "errorMessage" : "Sukses"
  }
}

2022-03-29 22:08:35 - [TEST_STEP][PASSED] - verifyElementPropertyValue(feedback, "FeedbackCarInsuranceResponse.errorMessage", "Sukses", CONTINUE_ON_FAILURE): Verify element property value successfully

2022-03-29 22:08:35 - [MESSAGE][PASSED] - Verify element property value successfully]]></system-out>
         <system-err><![CDATA[]]></system-err>
      </testcase>
      <testcase name="Test Cases/3. get token - feedback insurance" time="0.958" classname="Test Cases/3. get token - feedback insurance" status="PASSED">
         <system-out><![CDATA[2022-03-29 22:08:35 - [TEST_CASE][PASSED] - Test Cases/3. get token - feedback insurance: Test Cases/3. get token - feedback insurance

2022-03-29 22:08:35 - [TEST_STEP][PASSED] - token = sendRequest(findTestObject("1. Get-Token")): Send request successfully

2022-03-29 22:08:36 - [MESSAGE][INFO] - HAR: I:\app-testing\app-project\Order car insurance\order-car-insurance\Reports\20220329_215823\3. Get feedback insurance - Batch 1\20220329_215824\requests\main\358.har

2022-03-29 22:08:36 - [MESSAGE][PASSED] - Send request successfully

2022-03-29 22:08:36 - [TEST_STEP][PASSED] - slurper = new groovy.json.JsonSlurper(): null

2022-03-29 22:08:36 - [TEST_STEP][PASSED] - get_token = slurper.parseText(token.getResponseBodyContent()): null

2022-03-29 22:08:36 - [TEST_STEP][PASSED] - private_token = access_token: null

2022-03-29 22:08:36 - [TEST_STEP][PASSED] - global_token = private_token: null

2022-03-29 22:08:36 - [TEST_STEP][PASSED] - println("token is :" + global_token): null

2022-03-29 22:08:36 - [TEST_STEP][PASSED] - response_token = token.getResponseText(): null

2022-03-29 22:08:36 - [TEST_STEP][PASSED] - logInfo($response_token): 
            {
                "token_type": "BearerToken",
                "access_token": "yOkOA77FQrWWGcbKqJ5fDoXXdZFr",
                "expires_in": "1799",
                "scope": ""
            }
        

2022-03-29 22:08:36 - [MESSAGE][INFO] - 
            {
                "token_type": "BearerToken",
                "access_token": "yOkOA77FQrWWGcbKqJ5fDoXXdZFr",
                "expires_in": "1799",
                "scope": ""
            }
        

2022-03-29 22:08:36 - [TEST_STEP][PASSED] - feedback = sendRequest(findTestObject("4. Feedback-ins", ["s_key":global_token, "batchid":batchid, "norek":norek, "nopin":nopin, "custname":custname, "pemohon":pemohon, "branchid":branchid, ... ])): Send request successfully

2022-03-29 22:08:36 - [MESSAGE][INFO] - HAR: I:\app-testing\app-project\Order car insurance\order-car-insurance\Reports\20220329_215823\3. Get feedback insurance - Batch 1\20220329_215824\requests\main\359.har

2022-03-29 22:08:36 - [MESSAGE][PASSED] - Send request successfully

2022-03-29 22:08:36 - [TEST_STEP][PASSED] - response_feedback = feedback.getResponseText(): null

2022-03-29 22:08:36 - [TEST_STEP][PASSED] - markPassed("result feedback data : " + no + " norek : " + norek + " nopin : " + nopin): result feedback data : 189 norek : 9552005584 nopin : 001

2022-03-29 22:08:36 - [MESSAGE][PASSED] - result feedback data : 189 norek : 9552005584 nopin : 001

2022-03-29 22:08:36 - [TEST_STEP][PASSED] - logInfo($response_feedback): {
  "FeedbackCarInsuranceResponse" : {
    "errorCode" : "00",
    "errorMessage" : "Sukses"
  }
}

2022-03-29 22:08:36 - [MESSAGE][INFO] - {
  "FeedbackCarInsuranceResponse" : {
    "errorCode" : "00",
    "errorMessage" : "Sukses"
  }
}

2022-03-29 22:08:36 - [TEST_STEP][PASSED] - verifyElementPropertyValue(feedback, "FeedbackCarInsuranceResponse.errorMessage", "Sukses", CONTINUE_ON_FAILURE): Verify element property value successfully

2022-03-29 22:08:36 - [MESSAGE][PASSED] - Verify element property value successfully]]></system-out>
         <system-err><![CDATA[]]></system-err>
      </testcase>
      <testcase name="Test Cases/3. get token - feedback insurance" time="0.96" classname="Test Cases/3. get token - feedback insurance" status="PASSED">
         <system-out><![CDATA[2022-03-29 22:08:37 - [TEST_CASE][PASSED] - Test Cases/3. get token - feedback insurance: Test Cases/3. get token - feedback insurance

2022-03-29 22:08:37 - [TEST_STEP][PASSED] - token = sendRequest(findTestObject("1. Get-Token")): Send request successfully

2022-03-29 22:08:37 - [MESSAGE][INFO] - HAR: I:\app-testing\app-project\Order car insurance\order-car-insurance\Reports\20220329_215823\3. Get feedback insurance - Batch 1\20220329_215824\requests\main\360.har

2022-03-29 22:08:37 - [MESSAGE][PASSED] - Send request successfully

2022-03-29 22:08:37 - [TEST_STEP][PASSED] - slurper = new groovy.json.JsonSlurper(): null

2022-03-29 22:08:37 - [TEST_STEP][PASSED] - get_token = slurper.parseText(token.getResponseBodyContent()): null

2022-03-29 22:08:37 - [TEST_STEP][PASSED] - private_token = access_token: null

2022-03-29 22:08:37 - [TEST_STEP][PASSED] - global_token = private_token: null

2022-03-29 22:08:37 - [TEST_STEP][PASSED] - println("token is :" + global_token): null

2022-03-29 22:08:37 - [TEST_STEP][PASSED] - response_token = token.getResponseText(): null

2022-03-29 22:08:37 - [TEST_STEP][PASSED] - logInfo($response_token): 
            {
                "token_type": "BearerToken",
                "access_token": "JGnUbNX8TUDEymm1hFEIYb2rQ5JQ",
                "expires_in": "1799",
                "scope": ""
            }
        

2022-03-29 22:08:37 - [MESSAGE][INFO] - 
            {
                "token_type": "BearerToken",
                "access_token": "JGnUbNX8TUDEymm1hFEIYb2rQ5JQ",
                "expires_in": "1799",
                "scope": ""
            }
        

2022-03-29 22:08:37 - [TEST_STEP][PASSED] - feedback = sendRequest(findTestObject("4. Feedback-ins", ["s_key":global_token, "batchid":batchid, "norek":norek, "nopin":nopin, "custname":custname, "pemohon":pemohon, "branchid":branchid, ... ])): Send request successfully

2022-03-29 22:08:37 - [MESSAGE][INFO] - HAR: I:\app-testing\app-project\Order car insurance\order-car-insurance\Reports\20220329_215823\3. Get feedback insurance - Batch 1\20220329_215824\requests\main\361.har

2022-03-29 22:08:38 - [MESSAGE][PASSED] - Send request successfully

2022-03-29 22:08:38 - [TEST_STEP][PASSED] - response_feedback = feedback.getResponseText(): null

2022-03-29 22:08:38 - [TEST_STEP][PASSED] - markPassed("result feedback data : " + no + " norek : " + norek + " nopin : " + nopin): result feedback data : 190 norek : 9552005584 nopin : 001

2022-03-29 22:08:38 - [MESSAGE][PASSED] - result feedback data : 190 norek : 9552005584 nopin : 001

2022-03-29 22:08:38 - [TEST_STEP][PASSED] - logInfo($response_feedback): {
  "FeedbackCarInsuranceResponse" : {
    "errorCode" : "00",
    "errorMessage" : "Sukses"
  }
}

2022-03-29 22:08:38 - [MESSAGE][INFO] - {
  "FeedbackCarInsuranceResponse" : {
    "errorCode" : "00",
    "errorMessage" : "Sukses"
  }
}

2022-03-29 22:08:38 - [TEST_STEP][PASSED] - verifyElementPropertyValue(feedback, "FeedbackCarInsuranceResponse.errorMessage", "Sukses", CONTINUE_ON_FAILURE): Verify element property value successfully

2022-03-29 22:08:38 - [MESSAGE][PASSED] - Verify element property value successfully]]></system-out>
         <system-err><![CDATA[]]></system-err>
      </testcase>
      <testcase name="Test Cases/3. get token - feedback insurance" time="1.204" classname="Test Cases/3. get token - feedback insurance" status="PASSED">
         <system-out><![CDATA[2022-03-29 22:08:38 - [TEST_CASE][PASSED] - Test Cases/3. get token - feedback insurance: Test Cases/3. get token - feedback insurance

2022-03-29 22:08:38 - [TEST_STEP][PASSED] - token = sendRequest(findTestObject("1. Get-Token")): Send request successfully

2022-03-29 22:08:38 - [MESSAGE][INFO] - HAR: I:\app-testing\app-project\Order car insurance\order-car-insurance\Reports\20220329_215823\3. Get feedback insurance - Batch 1\20220329_215824\requests\main\362.har

2022-03-29 22:08:38 - [MESSAGE][PASSED] - Send request successfully

2022-03-29 22:08:38 - [TEST_STEP][PASSED] - slurper = new groovy.json.JsonSlurper(): null

2022-03-29 22:08:38 - [TEST_STEP][PASSED] - get_token = slurper.parseText(token.getResponseBodyContent()): null

2022-03-29 22:08:38 - [TEST_STEP][PASSED] - private_token = access_token: null

2022-03-29 22:08:38 - [TEST_STEP][PASSED] - global_token = private_token: null

2022-03-29 22:08:38 - [TEST_STEP][PASSED] - println("token is :" + global_token): null

2022-03-29 22:08:38 - [TEST_STEP][PASSED] - response_token = token.getResponseText(): null

2022-03-29 22:08:38 - [TEST_STEP][PASSED] - logInfo($response_token): 
            {
                "token_type": "BearerToken",
                "access_token": "H0bn1phusbnWkJXTlasv5Fc4nGVx",
                "expires_in": "1799",
                "scope": ""
            }
        

2022-03-29 22:08:38 - [MESSAGE][INFO] - 
            {
                "token_type": "BearerToken",
                "access_token": "H0bn1phusbnWkJXTlasv5Fc4nGVx",
                "expires_in": "1799",
                "scope": ""
            }
        

2022-03-29 22:08:38 - [TEST_STEP][PASSED] - feedback = sendRequest(findTestObject("4. Feedback-ins", ["s_key":global_token, "batchid":batchid, "norek":norek, "nopin":nopin, "custname":custname, "pemohon":pemohon, "branchid":branchid, ... ])): Send request successfully

2022-03-29 22:08:39 - [MESSAGE][INFO] - HAR: I:\app-testing\app-project\Order car insurance\order-car-insurance\Reports\20220329_215823\3. Get feedback insurance - Batch 1\20220329_215824\requests\main\363.har

2022-03-29 22:08:39 - [MESSAGE][PASSED] - Send request successfully

2022-03-29 22:08:39 - [TEST_STEP][PASSED] - response_feedback = feedback.getResponseText(): null

2022-03-29 22:08:39 - [TEST_STEP][PASSED] - markPassed("result feedback data : " + no + " norek : " + norek + " nopin : " + nopin): result feedback data : 191 norek : 9566009407 nopin : 001

2022-03-29 22:08:39 - [MESSAGE][PASSED] - result feedback data : 191 norek : 9566009407 nopin : 001

2022-03-29 22:08:39 - [TEST_STEP][PASSED] - logInfo($response_feedback): {
  "FeedbackCarInsuranceResponse" : {
    "errorCode" : "00",
    "errorMessage" : "Sukses"
  }
}

2022-03-29 22:08:39 - [MESSAGE][INFO] - {
  "FeedbackCarInsuranceResponse" : {
    "errorCode" : "00",
    "errorMessage" : "Sukses"
  }
}

2022-03-29 22:08:39 - [TEST_STEP][PASSED] - verifyElementPropertyValue(feedback, "FeedbackCarInsuranceResponse.errorMessage", "Sukses", CONTINUE_ON_FAILURE): Verify element property value successfully

2022-03-29 22:08:39 - [MESSAGE][PASSED] - Verify element property value successfully]]></system-out>
         <system-err><![CDATA[]]></system-err>
      </testcase>
      <testcase name="Test Cases/3. get token - feedback insurance" time="0.999" classname="Test Cases/3. get token - feedback insurance" status="PASSED">
         <system-out><![CDATA[2022-03-29 22:08:39 - [TEST_CASE][PASSED] - Test Cases/3. get token - feedback insurance: Test Cases/3. get token - feedback insurance

2022-03-29 22:08:40 - [TEST_STEP][PASSED] - token = sendRequest(findTestObject("1. Get-Token")): Send request successfully

2022-03-29 22:08:40 - [MESSAGE][INFO] - HAR: I:\app-testing\app-project\Order car insurance\order-car-insurance\Reports\20220329_215823\3. Get feedback insurance - Batch 1\20220329_215824\requests\main\364.har

2022-03-29 22:08:40 - [MESSAGE][PASSED] - Send request successfully

2022-03-29 22:08:40 - [TEST_STEP][PASSED] - slurper = new groovy.json.JsonSlurper(): null

2022-03-29 22:08:40 - [TEST_STEP][PASSED] - get_token = slurper.parseText(token.getResponseBodyContent()): null

2022-03-29 22:08:40 - [TEST_STEP][PASSED] - private_token = access_token: null

2022-03-29 22:08:40 - [TEST_STEP][PASSED] - global_token = private_token: null

2022-03-29 22:08:40 - [TEST_STEP][PASSED] - println("token is :" + global_token): null

2022-03-29 22:08:40 - [TEST_STEP][PASSED] - response_token = token.getResponseText(): null

2022-03-29 22:08:40 - [TEST_STEP][PASSED] - logInfo($response_token): 
            {
                "token_type": "BearerToken",
                "access_token": "s5YuXl3uKM0pgR0GcO5p68ZYNqSG",
                "expires_in": "1799",
                "scope": ""
            }
        

2022-03-29 22:08:40 - [MESSAGE][INFO] - 
            {
                "token_type": "BearerToken",
                "access_token": "s5YuXl3uKM0pgR0GcO5p68ZYNqSG",
                "expires_in": "1799",
                "scope": ""
            }
        

2022-03-29 22:08:40 - [TEST_STEP][PASSED] - feedback = sendRequest(findTestObject("4. Feedback-ins", ["s_key":global_token, "batchid":batchid, "norek":norek, "nopin":nopin, "custname":custname, "pemohon":pemohon, "branchid":branchid, ... ])): Send request successfully

2022-03-29 22:08:40 - [MESSAGE][INFO] - HAR: I:\app-testing\app-project\Order car insurance\order-car-insurance\Reports\20220329_215823\3. Get feedback insurance - Batch 1\20220329_215824\requests\main\365.har

2022-03-29 22:08:40 - [MESSAGE][PASSED] - Send request successfully

2022-03-29 22:08:40 - [TEST_STEP][PASSED] - response_feedback = feedback.getResponseText(): null

2022-03-29 22:08:40 - [TEST_STEP][PASSED] - markPassed("result feedback data : " + no + " norek : " + norek + " nopin : " + nopin): result feedback data : 192 norek : 9566009407 nopin : 001

2022-03-29 22:08:40 - [MESSAGE][PASSED] - result feedback data : 192 norek : 9566009407 nopin : 001

2022-03-29 22:08:40 - [TEST_STEP][PASSED] - logInfo($response_feedback): {
  "FeedbackCarInsuranceResponse" : {
    "errorCode" : "00",
    "errorMessage" : "Sukses"
  }
}

2022-03-29 22:08:40 - [MESSAGE][INFO] - {
  "FeedbackCarInsuranceResponse" : {
    "errorCode" : "00",
    "errorMessage" : "Sukses"
  }
}

2022-03-29 22:08:40 - [TEST_STEP][PASSED] - verifyElementPropertyValue(feedback, "FeedbackCarInsuranceResponse.errorMessage", "Sukses", CONTINUE_ON_FAILURE): Verify element property value successfully

2022-03-29 22:08:40 - [MESSAGE][PASSED] - Verify element property value successfully]]></system-out>
         <system-err><![CDATA[]]></system-err>
      </testcase>
      <testcase name="Test Cases/3. get token - feedback insurance" time="1.247" classname="Test Cases/3. get token - feedback insurance" status="PASSED">
         <system-out><![CDATA[2022-03-29 22:08:41 - [TEST_CASE][PASSED] - Test Cases/3. get token - feedback insurance: Test Cases/3. get token - feedback insurance

2022-03-29 22:08:41 - [TEST_STEP][PASSED] - token = sendRequest(findTestObject("1. Get-Token")): Send request successfully

2022-03-29 22:08:41 - [MESSAGE][INFO] - HAR: I:\app-testing\app-project\Order car insurance\order-car-insurance\Reports\20220329_215823\3. Get feedback insurance - Batch 1\20220329_215824\requests\main\366.har

2022-03-29 22:08:41 - [MESSAGE][PASSED] - Send request successfully

2022-03-29 22:08:41 - [TEST_STEP][PASSED] - slurper = new groovy.json.JsonSlurper(): null

2022-03-29 22:08:41 - [TEST_STEP][PASSED] - get_token = slurper.parseText(token.getResponseBodyContent()): null

2022-03-29 22:08:41 - [TEST_STEP][PASSED] - private_token = access_token: null

2022-03-29 22:08:41 - [TEST_STEP][PASSED] - global_token = private_token: null

2022-03-29 22:08:41 - [TEST_STEP][PASSED] - println("token is :" + global_token): null

2022-03-29 22:08:41 - [TEST_STEP][PASSED] - response_token = token.getResponseText(): null

2022-03-29 22:08:41 - [TEST_STEP][PASSED] - logInfo($response_token): 
            {
                "token_type": "BearerToken",
                "access_token": "ATDW4oDjmR0B9Cpu2QzWkXUmVt1L",
                "expires_in": "1799",
                "scope": ""
            }
        

2022-03-29 22:08:41 - [MESSAGE][INFO] - 
            {
                "token_type": "BearerToken",
                "access_token": "ATDW4oDjmR0B9Cpu2QzWkXUmVt1L",
                "expires_in": "1799",
                "scope": ""
            }
        

2022-03-29 22:08:41 - [TEST_STEP][PASSED] - feedback = sendRequest(findTestObject("4. Feedback-ins", ["s_key":global_token, "batchid":batchid, "norek":norek, "nopin":nopin, "custname":custname, "pemohon":pemohon, "branchid":branchid, ... ])): Send request successfully

2022-03-29 22:08:42 - [MESSAGE][INFO] - HAR: I:\app-testing\app-project\Order car insurance\order-car-insurance\Reports\20220329_215823\3. Get feedback insurance - Batch 1\20220329_215824\requests\main\367.har

2022-03-29 22:08:42 - [MESSAGE][PASSED] - Send request successfully

2022-03-29 22:08:42 - [TEST_STEP][PASSED] - response_feedback = feedback.getResponseText(): null

2022-03-29 22:08:42 - [TEST_STEP][PASSED] - markPassed("result feedback data : " + no + " norek : " + norek + " nopin : " + nopin): result feedback data : 193 norek : 9566009407 nopin : 001

2022-03-29 22:08:42 - [MESSAGE][PASSED] - result feedback data : 193 norek : 9566009407 nopin : 001

2022-03-29 22:08:42 - [TEST_STEP][PASSED] - logInfo($response_feedback): {
  "FeedbackCarInsuranceResponse" : {
    "errorCode" : "00",
    "errorMessage" : "Sukses"
  }
}

2022-03-29 22:08:42 - [MESSAGE][INFO] - {
  "FeedbackCarInsuranceResponse" : {
    "errorCode" : "00",
    "errorMessage" : "Sukses"
  }
}

2022-03-29 22:08:42 - [TEST_STEP][PASSED] - verifyElementPropertyValue(feedback, "FeedbackCarInsuranceResponse.errorMessage", "Sukses", CONTINUE_ON_FAILURE): Verify element property value successfully

2022-03-29 22:08:42 - [MESSAGE][PASSED] - Verify element property value successfully]]></system-out>
         <system-err><![CDATA[]]></system-err>
      </testcase>
      <testcase name="Test Cases/3. get token - feedback insurance" time="0.94" classname="Test Cases/3. get token - feedback insurance" status="PASSED">
         <system-out><![CDATA[2022-03-29 22:08:43 - [TEST_CASE][PASSED] - Test Cases/3. get token - feedback insurance: Test Cases/3. get token - feedback insurance

2022-03-29 22:08:43 - [TEST_STEP][PASSED] - token = sendRequest(findTestObject("1. Get-Token")): Send request successfully

2022-03-29 22:08:43 - [MESSAGE][INFO] - HAR: I:\app-testing\app-project\Order car insurance\order-car-insurance\Reports\20220329_215823\3. Get feedback insurance - Batch 1\20220329_215824\requests\main\368.har

2022-03-29 22:08:43 - [MESSAGE][PASSED] - Send request successfully

2022-03-29 22:08:43 - [TEST_STEP][PASSED] - slurper = new groovy.json.JsonSlurper(): null

2022-03-29 22:08:43 - [TEST_STEP][PASSED] - get_token = slurper.parseText(token.getResponseBodyContent()): null

2022-03-29 22:08:43 - [TEST_STEP][PASSED] - private_token = access_token: null

2022-03-29 22:08:43 - [TEST_STEP][PASSED] - global_token = private_token: null

2022-03-29 22:08:43 - [TEST_STEP][PASSED] - println("token is :" + global_token): null

2022-03-29 22:08:43 - [TEST_STEP][PASSED] - response_token = token.getResponseText(): null

2022-03-29 22:08:43 - [TEST_STEP][PASSED] - logInfo($response_token): 
            {
                "token_type": "BearerToken",
                "access_token": "6ZHag70DYl3wjVwthNjFpXhkPqWr",
                "expires_in": "1799",
                "scope": ""
            }
        

2022-03-29 22:08:43 - [MESSAGE][INFO] - 
            {
                "token_type": "BearerToken",
                "access_token": "6ZHag70DYl3wjVwthNjFpXhkPqWr",
                "expires_in": "1799",
                "scope": ""
            }
        

2022-03-29 22:08:43 - [TEST_STEP][PASSED] - feedback = sendRequest(findTestObject("4. Feedback-ins", ["s_key":global_token, "batchid":batchid, "norek":norek, "nopin":nopin, "custname":custname, "pemohon":pemohon, "branchid":branchid, ... ])): Send request successfully

2022-03-29 22:08:43 - [MESSAGE][INFO] - HAR: I:\app-testing\app-project\Order car insurance\order-car-insurance\Reports\20220329_215823\3. Get feedback insurance - Batch 1\20220329_215824\requests\main\369.har

2022-03-29 22:08:43 - [MESSAGE][PASSED] - Send request successfully

2022-03-29 22:08:43 - [TEST_STEP][PASSED] - response_feedback = feedback.getResponseText(): null

2022-03-29 22:08:43 - [TEST_STEP][PASSED] - markPassed("result feedback data : " + no + " norek : " + norek + " nopin : " + nopin): result feedback data : 194 norek : 9566009407 nopin : 001

2022-03-29 22:08:43 - [MESSAGE][PASSED] - result feedback data : 194 norek : 9566009407 nopin : 001

2022-03-29 22:08:43 - [TEST_STEP][PASSED] - logInfo($response_feedback): {
  "FeedbackCarInsuranceResponse" : {
    "errorCode" : "00",
    "errorMessage" : "Sukses"
  }
}

2022-03-29 22:08:43 - [MESSAGE][INFO] - {
  "FeedbackCarInsuranceResponse" : {
    "errorCode" : "00",
    "errorMessage" : "Sukses"
  }
}

2022-03-29 22:08:43 - [TEST_STEP][PASSED] - verifyElementPropertyValue(feedback, "FeedbackCarInsuranceResponse.errorMessage", "Sukses", CONTINUE_ON_FAILURE): Verify element property value successfully

2022-03-29 22:08:43 - [MESSAGE][PASSED] - Verify element property value successfully]]></system-out>
         <system-err><![CDATA[]]></system-err>
      </testcase>
      <testcase name="Test Cases/3. get token - feedback insurance" time="1.28" classname="Test Cases/3. get token - feedback insurance" status="PASSED">
         <system-out><![CDATA[2022-03-29 22:08:44 - [TEST_CASE][PASSED] - Test Cases/3. get token - feedback insurance: Test Cases/3. get token - feedback insurance

2022-03-29 22:08:44 - [TEST_STEP][PASSED] - token = sendRequest(findTestObject("1. Get-Token")): Send request successfully

2022-03-29 22:08:44 - [MESSAGE][INFO] - HAR: I:\app-testing\app-project\Order car insurance\order-car-insurance\Reports\20220329_215823\3. Get feedback insurance - Batch 1\20220329_215824\requests\main\370.har

2022-03-29 22:08:44 - [MESSAGE][PASSED] - Send request successfully

2022-03-29 22:08:44 - [TEST_STEP][PASSED] - slurper = new groovy.json.JsonSlurper(): null

2022-03-29 22:08:44 - [TEST_STEP][PASSED] - get_token = slurper.parseText(token.getResponseBodyContent()): null

2022-03-29 22:08:44 - [TEST_STEP][PASSED] - private_token = access_token: null

2022-03-29 22:08:44 - [TEST_STEP][PASSED] - global_token = private_token: null

2022-03-29 22:08:44 - [TEST_STEP][PASSED] - println("token is :" + global_token): null

2022-03-29 22:08:44 - [TEST_STEP][PASSED] - response_token = token.getResponseText(): null

2022-03-29 22:08:44 - [TEST_STEP][PASSED] - logInfo($response_token): 
            {
                "token_type": "BearerToken",
                "access_token": "fURXD4Yu7xNfHnYmlx8vliga0XhD",
                "expires_in": "1799",
                "scope": ""
            }
        

2022-03-29 22:08:44 - [MESSAGE][INFO] - 
            {
                "token_type": "BearerToken",
                "access_token": "fURXD4Yu7xNfHnYmlx8vliga0XhD",
                "expires_in": "1799",
                "scope": ""
            }
        

2022-03-29 22:08:44 - [TEST_STEP][PASSED] - feedback = sendRequest(findTestObject("4. Feedback-ins", ["s_key":global_token, "batchid":batchid, "norek":norek, "nopin":nopin, "custname":custname, "pemohon":pemohon, "branchid":branchid, ... ])): Send request successfully

2022-03-29 22:08:45 - [MESSAGE][INFO] - HAR: I:\app-testing\app-project\Order car insurance\order-car-insurance\Reports\20220329_215823\3. Get feedback insurance - Batch 1\20220329_215824\requests\main\371.har

2022-03-29 22:08:45 - [MESSAGE][PASSED] - Send request successfully

2022-03-29 22:08:45 - [TEST_STEP][PASSED] - response_feedback = feedback.getResponseText(): null

2022-03-29 22:08:45 - [TEST_STEP][PASSED] - markPassed("result feedback data : " + no + " norek : " + norek + " nopin : " + nopin): result feedback data : 195 norek : 9566009407 nopin : 001

2022-03-29 22:08:45 - [MESSAGE][PASSED] - result feedback data : 195 norek : 9566009407 nopin : 001

2022-03-29 22:08:45 - [TEST_STEP][PASSED] - logInfo($response_feedback): {
  "FeedbackCarInsuranceResponse" : {
    "errorCode" : "00",
    "errorMessage" : "Sukses"
  }
}

2022-03-29 22:08:45 - [MESSAGE][INFO] - {
  "FeedbackCarInsuranceResponse" : {
    "errorCode" : "00",
    "errorMessage" : "Sukses"
  }
}

2022-03-29 22:08:45 - [TEST_STEP][PASSED] - verifyElementPropertyValue(feedback, "FeedbackCarInsuranceResponse.errorMessage", "Sukses", CONTINUE_ON_FAILURE): Verify element property value successfully

2022-03-29 22:08:45 - [MESSAGE][PASSED] - Verify element property value successfully]]></system-out>
         <system-err><![CDATA[]]></system-err>
      </testcase>
      <testcase name="Test Cases/3. get token - feedback insurance" time="1.11" classname="Test Cases/3. get token - feedback insurance" status="PASSED">
         <system-out><![CDATA[2022-03-29 22:08:46 - [TEST_CASE][PASSED] - Test Cases/3. get token - feedback insurance: Test Cases/3. get token - feedback insurance

2022-03-29 22:08:46 - [TEST_STEP][PASSED] - token = sendRequest(findTestObject("1. Get-Token")): Send request successfully

2022-03-29 22:08:46 - [MESSAGE][INFO] - HAR: I:\app-testing\app-project\Order car insurance\order-car-insurance\Reports\20220329_215823\3. Get feedback insurance - Batch 1\20220329_215824\requests\main\372.har

2022-03-29 22:08:46 - [MESSAGE][PASSED] - Send request successfully

2022-03-29 22:08:46 - [TEST_STEP][PASSED] - slurper = new groovy.json.JsonSlurper(): null

2022-03-29 22:08:46 - [TEST_STEP][PASSED] - get_token = slurper.parseText(token.getResponseBodyContent()): null

2022-03-29 22:08:46 - [TEST_STEP][PASSED] - private_token = access_token: null

2022-03-29 22:08:46 - [TEST_STEP][PASSED] - global_token = private_token: null

2022-03-29 22:08:46 - [TEST_STEP][PASSED] - println("token is :" + global_token): null

2022-03-29 22:08:46 - [TEST_STEP][PASSED] - response_token = token.getResponseText(): null

2022-03-29 22:08:46 - [TEST_STEP][PASSED] - logInfo($response_token): 
            {
                "token_type": "BearerToken",
                "access_token": "70fw6QRLkNAQq6Q6LiCIld7eT2kd",
                "expires_in": "1799",
                "scope": ""
            }
        

2022-03-29 22:08:46 - [MESSAGE][INFO] - 
            {
                "token_type": "BearerToken",
                "access_token": "70fw6QRLkNAQq6Q6LiCIld7eT2kd",
                "expires_in": "1799",
                "scope": ""
            }
        

2022-03-29 22:08:46 - [TEST_STEP][PASSED] - feedback = sendRequest(findTestObject("4. Feedback-ins", ["s_key":global_token, "batchid":batchid, "norek":norek, "nopin":nopin, "custname":custname, "pemohon":pemohon, "branchid":branchid, ... ])): Send request successfully

2022-03-29 22:08:47 - [MESSAGE][INFO] - HAR: I:\app-testing\app-project\Order car insurance\order-car-insurance\Reports\20220329_215823\3. Get feedback insurance - Batch 1\20220329_215824\requests\main\373.har

2022-03-29 22:08:47 - [MESSAGE][PASSED] - Send request successfully

2022-03-29 22:08:47 - [TEST_STEP][PASSED] - response_feedback = feedback.getResponseText(): null

2022-03-29 22:08:47 - [TEST_STEP][PASSED] - markPassed("result feedback data : " + no + " norek : " + norek + " nopin : " + nopin): result feedback data : 196 norek : 9566009407 nopin : 001

2022-03-29 22:08:47 - [MESSAGE][PASSED] - result feedback data : 196 norek : 9566009407 nopin : 001

2022-03-29 22:08:47 - [TEST_STEP][PASSED] - logInfo($response_feedback): {
  "FeedbackCarInsuranceResponse" : {
    "errorCode" : "00",
    "errorMessage" : "Sukses"
  }
}

2022-03-29 22:08:47 - [MESSAGE][INFO] - {
  "FeedbackCarInsuranceResponse" : {
    "errorCode" : "00",
    "errorMessage" : "Sukses"
  }
}

2022-03-29 22:08:47 - [TEST_STEP][PASSED] - verifyElementPropertyValue(feedback, "FeedbackCarInsuranceResponse.errorMessage", "Sukses", CONTINUE_ON_FAILURE): Verify element property value successfully

2022-03-29 22:08:47 - [MESSAGE][PASSED] - Verify element property value successfully]]></system-out>
         <system-err><![CDATA[]]></system-err>
      </testcase>
      <testcase name="Test Cases/3. get token - feedback insurance" time="1.435" classname="Test Cases/3. get token - feedback insurance" status="FAILED">
         <failure type="FAILED" message="Test Cases/3. get token - feedback insurance FAILED.
Reason:
com.kms.katalon.core.exception.StepFailedException: Expected element property value 'Sukses' is not equal with actual property value 'OSB Service Callout action received SOAP Fault response'
	at com.kms.katalon.core.keyword.internal.KeywordMain.stepFailed(KeywordMain.groovy:39)
	at com.kms.katalon.core.webservice.keyword.builtin.VerifyElementPropertyValueKeyword$_verifyElementPropertyValue_closure1.doCall(VerifyElementPropertyValueKeyword.groovy:56)
	at com.kms.katalon.core.webservice.keyword.builtin.VerifyElementPropertyValueKeyword$_verifyElementPropertyValue_closure1.call(VerifyElementPropertyValueKeyword.groovy)
	at com.kms.katalon.core.keyword.internal.KeywordMain.runKeyword(KeywordMain.groovy:74)
	at com.kms.katalon.core.webservice.keyword.builtin.VerifyElementPropertyValueKeyword.verifyElementPropertyValue(VerifyElementPropertyValueKeyword.groovy:48)
	at com.kms.katalon.core.webservice.keyword.builtin.VerifyElementPropertyValueKeyword.execute(VerifyElementPropertyValueKeyword.groovy:43)
	at com.kms.katalon.core.keyword.internal.KeywordExecutor.executeKeywordForPlatform(KeywordExecutor.groovy:74)
	at com.kms.katalon.core.webservice.keyword.WSBuiltInKeywords.verifyElementPropertyValue(WSBuiltInKeywords.groovy:175)
	at com.kms.katalon.core.webservice.keyword.WSBuiltInKeywords$verifyElementPropertyValue$0.call(Unknown Source)
	at 3. get token - feedback insurance.run(3. get token - feedback insurance:59)
	at com.kms.katalon.core.main.ScriptEngine.run(ScriptEngine.java:194)
	at com.kms.katalon.core.main.ScriptEngine.runScriptAsRawText(ScriptEngine.java:119)
	at com.kms.katalon.core.main.TestCaseExecutor.runScript(TestCaseExecutor.java:442)
	at com.kms.katalon.core.main.TestCaseExecutor.doExecute(TestCaseExecutor.java:433)
	at com.kms.katalon.core.main.TestCaseExecutor.processExecutionPhase(TestCaseExecutor.java:412)
	at com.kms.katalon.core.main.TestCaseExecutor.accessMainPhase(TestCaseExecutor.java:404)
	at com.kms.katalon.core.main.TestCaseExecutor.execute(TestCaseExecutor.java:281)
	at com.kms.katalon.core.main.TestSuiteExecutor.accessTestCaseMainPhase(TestSuiteExecutor.java:202)
	at com.kms.katalon.core.main.TestSuiteExecutor.accessTestSuiteMainPhase(TestSuiteExecutor.java:164)
	at com.kms.katalon.core.main.TestSuiteExecutor.execute(TestSuiteExecutor.java:105)
	at com.kms.katalon.core.main.TestCaseMain.startTestSuite(TestCaseMain.java:181)
	at com.kms.katalon.core.main.TestCaseMain$startTestSuite$0.call(Unknown Source)
	at TempTestSuite1648565904909.run(TempTestSuite1648565904909.groovy:36)
"/>
         <system-out><![CDATA[2022-03-29 22:08:47 - [TEST_CASE][FAILED] - Test Cases/3. get token - feedback insurance: Test Cases/3. get token - feedback insurance FAILED.
Reason:
com.kms.katalon.core.exception.StepFailedException: Expected element property value 'Sukses' is not equal with actual property value 'OSB Service Callout action received SOAP Fault response'
	at com.kms.katalon.core.keyword.internal.KeywordMain.stepFailed(KeywordMain.groovy:39)
	at com.kms.katalon.core.webservice.keyword.builtin.VerifyElementPropertyValueKeyword$_verifyElementPropertyValue_closure1.doCall(VerifyElementPropertyValueKeyword.groovy:56)
	at com.kms.katalon.core.webservice.keyword.builtin.VerifyElementPropertyValueKeyword$_verifyElementPropertyValue_closure1.call(VerifyElementPropertyValueKeyword.groovy)
	at com.kms.katalon.core.keyword.internal.KeywordMain.runKeyword(KeywordMain.groovy:74)
	at com.kms.katalon.core.webservice.keyword.builtin.VerifyElementPropertyValueKeyword.verifyElementPropertyValue(VerifyElementPropertyValueKeyword.groovy:48)
	at com.kms.katalon.core.webservice.keyword.builtin.VerifyElementPropertyValueKeyword.execute(VerifyElementPropertyValueKeyword.groovy:43)
	at com.kms.katalon.core.keyword.internal.KeywordExecutor.executeKeywordForPlatform(KeywordExecutor.groovy:74)
	at com.kms.katalon.core.webservice.keyword.WSBuiltInKeywords.verifyElementPropertyValue(WSBuiltInKeywords.groovy:175)
	at com.kms.katalon.core.webservice.keyword.WSBuiltInKeywords$verifyElementPropertyValue$0.call(Unknown Source)
	at 3. get token - feedback insurance.run(3. get token - feedback insurance:59)
	at com.kms.katalon.core.main.ScriptEngine.run(ScriptEngine.java:194)
	at com.kms.katalon.core.main.ScriptEngine.runScriptAsRawText(ScriptEngine.java:119)
	at com.kms.katalon.core.main.TestCaseExecutor.runScript(TestCaseExecutor.java:442)
	at com.kms.katalon.core.main.TestCaseExecutor.doExecute(TestCaseExecutor.java:433)
	at com.kms.katalon.core.main.TestCaseExecutor.processExecutionPhase(TestCaseExecutor.java:412)
	at com.kms.katalon.core.main.TestCaseExecutor.accessMainPhase(TestCaseExecutor.java:404)
	at com.kms.katalon.core.main.TestCaseExecutor.execute(TestCaseExecutor.java:281)
	at com.kms.katalon.core.main.TestSuiteExecutor.accessTestCaseMainPhase(TestSuiteExecutor.java:202)
	at com.kms.katalon.core.main.TestSuiteExecutor.accessTestSuiteMainPhase(TestSuiteExecutor.java:164)
	at com.kms.katalon.core.main.TestSuiteExecutor.execute(TestSuiteExecutor.java:105)
	at com.kms.katalon.core.main.TestCaseMain.startTestSuite(TestCaseMain.java:181)
	at com.kms.katalon.core.main.TestCaseMain$startTestSuite$0.call(Unknown Source)
	at TempTestSuite1648565904909.run(TempTestSuite1648565904909.groovy:36)


2022-03-29 22:08:47 - [TEST_STEP][PASSED] - token = sendRequest(findTestObject("1. Get-Token")): Send request successfully

2022-03-29 22:08:48 - [MESSAGE][INFO] - HAR: I:\app-testing\app-project\Order car insurance\order-car-insurance\Reports\20220329_215823\3. Get feedback insurance - Batch 1\20220329_215824\requests\main\374.har

2022-03-29 22:08:48 - [MESSAGE][PASSED] - Send request successfully

2022-03-29 22:08:48 - [TEST_STEP][PASSED] - slurper = new groovy.json.JsonSlurper(): null

2022-03-29 22:08:48 - [TEST_STEP][PASSED] - get_token = slurper.parseText(token.getResponseBodyContent()): null

2022-03-29 22:08:48 - [TEST_STEP][PASSED] - private_token = access_token: null

2022-03-29 22:08:48 - [TEST_STEP][PASSED] - global_token = private_token: null

2022-03-29 22:08:48 - [TEST_STEP][PASSED] - println("token is :" + global_token): null

2022-03-29 22:08:48 - [TEST_STEP][PASSED] - response_token = token.getResponseText(): null

2022-03-29 22:08:48 - [TEST_STEP][PASSED] - logInfo($response_token): 
            {
                "token_type": "BearerToken",
                "access_token": "pv8QVJxbklndBQpgG9qy3O40ryLV",
                "expires_in": "1799",
                "scope": ""
            }
        

2022-03-29 22:08:48 - [MESSAGE][INFO] - 
            {
                "token_type": "BearerToken",
                "access_token": "pv8QVJxbklndBQpgG9qy3O40ryLV",
                "expires_in": "1799",
                "scope": ""
            }
        

2022-03-29 22:08:48 - [TEST_STEP][PASSED] - feedback = sendRequest(findTestObject("4. Feedback-ins", ["s_key":global_token, "batchid":batchid, "norek":norek, "nopin":nopin, "custname":custname, "pemohon":pemohon, "branchid":branchid, ... ])): Send request successfully

2022-03-29 22:08:48 - [MESSAGE][INFO] - HAR: I:\app-testing\app-project\Order car insurance\order-car-insurance\Reports\20220329_215823\3. Get feedback insurance - Batch 1\20220329_215824\requests\main\375.har

2022-03-29 22:08:48 - [MESSAGE][PASSED] - Send request successfully

2022-03-29 22:08:48 - [TEST_STEP][PASSED] - response_feedback = feedback.getResponseText(): null

2022-03-29 22:08:48 - [TEST_STEP][PASSED] - markPassed("result feedback data : " + no + " norek : " + norek + " nopin : " + nopin): result feedback data : 197 norek : 9566009418 nopin : 001

2022-03-29 22:08:48 - [MESSAGE][PASSED] - result feedback data : 197 norek : 9566009418 nopin : 001

2022-03-29 22:08:48 - [TEST_STEP][PASSED] - logInfo($response_feedback): <?xml version="1.0" encoding="UTF-8"?>
<err:RestError xmlns:err="http://www.bea.com/wli/sb/errors"><err:errorMessage>OSB Service Callout action received SOAP Fault response</err:errorMessage><err:errorCode>OSB-382500</err:errorCode></err:RestError>

2022-03-29 22:08:48 - [MESSAGE][INFO] - <?xml version="1.0" encoding="UTF-8"?>
<err:RestError xmlns:err="http://www.bea.com/wli/sb/errors"><err:errorMessage>OSB Service Callout action received SOAP Fault response</err:errorMessage><err:errorCode>OSB-382500</err:errorCode></err:RestError>

2022-03-29 22:08:48 - [TEST_STEP][FAILED] - verifyElementPropertyValue(feedback, "FeedbackCarInsuranceResponse.errorMessage", "Sukses", CONTINUE_ON_FAILURE): Expected element property value 'Sukses' is not equal with actual property value 'OSB Service Callout action received SOAP Fault response'

2022-03-29 22:08:48 - [MESSAGE][FAILED] - Expected element property value 'Sukses' is not equal with actual property value 'OSB Service Callout action received SOAP Fault response']]></system-out>
         <system-err><![CDATA[2022-03-29 22:08:47 - [TEST_CASE][FAILED] - Test Cases/3. get token - feedback insurance: Test Cases/3. get token - feedback insurance FAILED.
Reason:
com.kms.katalon.core.exception.StepFailedException: Expected element property value 'Sukses' is not equal with actual property value 'OSB Service Callout action received SOAP Fault response'
	at com.kms.katalon.core.keyword.internal.KeywordMain.stepFailed(KeywordMain.groovy:39)
	at com.kms.katalon.core.webservice.keyword.builtin.VerifyElementPropertyValueKeyword$_verifyElementPropertyValue_closure1.doCall(VerifyElementPropertyValueKeyword.groovy:56)
	at com.kms.katalon.core.webservice.keyword.builtin.VerifyElementPropertyValueKeyword$_verifyElementPropertyValue_closure1.call(VerifyElementPropertyValueKeyword.groovy)
	at com.kms.katalon.core.keyword.internal.KeywordMain.runKeyword(KeywordMain.groovy:74)
	at com.kms.katalon.core.webservice.keyword.builtin.VerifyElementPropertyValueKeyword.verifyElementPropertyValue(VerifyElementPropertyValueKeyword.groovy:48)
	at com.kms.katalon.core.webservice.keyword.builtin.VerifyElementPropertyValueKeyword.execute(VerifyElementPropertyValueKeyword.groovy:43)
	at com.kms.katalon.core.keyword.internal.KeywordExecutor.executeKeywordForPlatform(KeywordExecutor.groovy:74)
	at com.kms.katalon.core.webservice.keyword.WSBuiltInKeywords.verifyElementPropertyValue(WSBuiltInKeywords.groovy:175)
	at com.kms.katalon.core.webservice.keyword.WSBuiltInKeywords$verifyElementPropertyValue$0.call(Unknown Source)
	at 3. get token - feedback insurance.run(3. get token - feedback insurance:59)
	at com.kms.katalon.core.main.ScriptEngine.run(ScriptEngine.java:194)
	at com.kms.katalon.core.main.ScriptEngine.runScriptAsRawText(ScriptEngine.java:119)
	at com.kms.katalon.core.main.TestCaseExecutor.runScript(TestCaseExecutor.java:442)
	at com.kms.katalon.core.main.TestCaseExecutor.doExecute(TestCaseExecutor.java:433)
	at com.kms.katalon.core.main.TestCaseExecutor.processExecutionPhase(TestCaseExecutor.java:412)
	at com.kms.katalon.core.main.TestCaseExecutor.accessMainPhase(TestCaseExecutor.java:404)
	at com.kms.katalon.core.main.TestCaseExecutor.execute(TestCaseExecutor.java:281)
	at com.kms.katalon.core.main.TestSuiteExecutor.accessTestCaseMainPhase(TestSuiteExecutor.java:202)
	at com.kms.katalon.core.main.TestSuiteExecutor.accessTestSuiteMainPhase(TestSuiteExecutor.java:164)
	at com.kms.katalon.core.main.TestSuiteExecutor.execute(TestSuiteExecutor.java:105)
	at com.kms.katalon.core.main.TestCaseMain.startTestSuite(TestCaseMain.java:181)
	at com.kms.katalon.core.main.TestCaseMain$startTestSuite$0.call(Unknown Source)
	at TempTestSuite1648565904909.run(TempTestSuite1648565904909.groovy:36)]]></system-err>
      </testcase>
      <testcase name="Test Cases/3. get token - feedback insurance" time="1.138" classname="Test Cases/3. get token - feedback insurance" status="FAILED">
         <failure type="FAILED" message="Test Cases/3. get token - feedback insurance FAILED.
Reason:
com.kms.katalon.core.exception.StepFailedException: Expected element property value 'Sukses' is not equal with actual property value 'OSB Service Callout action received SOAP Fault response'
	at com.kms.katalon.core.keyword.internal.KeywordMain.stepFailed(KeywordMain.groovy:39)
	at com.kms.katalon.core.webservice.keyword.builtin.VerifyElementPropertyValueKeyword$_verifyElementPropertyValue_closure1.doCall(VerifyElementPropertyValueKeyword.groovy:56)
	at com.kms.katalon.core.webservice.keyword.builtin.VerifyElementPropertyValueKeyword$_verifyElementPropertyValue_closure1.call(VerifyElementPropertyValueKeyword.groovy)
	at com.kms.katalon.core.keyword.internal.KeywordMain.runKeyword(KeywordMain.groovy:74)
	at com.kms.katalon.core.webservice.keyword.builtin.VerifyElementPropertyValueKeyword.verifyElementPropertyValue(VerifyElementPropertyValueKeyword.groovy:48)
	at com.kms.katalon.core.webservice.keyword.builtin.VerifyElementPropertyValueKeyword.execute(VerifyElementPropertyValueKeyword.groovy:43)
	at com.kms.katalon.core.keyword.internal.KeywordExecutor.executeKeywordForPlatform(KeywordExecutor.groovy:74)
	at com.kms.katalon.core.webservice.keyword.WSBuiltInKeywords.verifyElementPropertyValue(WSBuiltInKeywords.groovy:175)
	at com.kms.katalon.core.webservice.keyword.WSBuiltInKeywords$verifyElementPropertyValue$0.call(Unknown Source)
	at 3. get token - feedback insurance.run(3. get token - feedback insurance:59)
	at com.kms.katalon.core.main.ScriptEngine.run(ScriptEngine.java:194)
	at com.kms.katalon.core.main.ScriptEngine.runScriptAsRawText(ScriptEngine.java:119)
	at com.kms.katalon.core.main.TestCaseExecutor.runScript(TestCaseExecutor.java:442)
	at com.kms.katalon.core.main.TestCaseExecutor.doExecute(TestCaseExecutor.java:433)
	at com.kms.katalon.core.main.TestCaseExecutor.processExecutionPhase(TestCaseExecutor.java:412)
	at com.kms.katalon.core.main.TestCaseExecutor.accessMainPhase(TestCaseExecutor.java:404)
	at com.kms.katalon.core.main.TestCaseExecutor.execute(TestCaseExecutor.java:281)
	at com.kms.katalon.core.main.TestSuiteExecutor.accessTestCaseMainPhase(TestSuiteExecutor.java:202)
	at com.kms.katalon.core.main.TestSuiteExecutor.accessTestSuiteMainPhase(TestSuiteExecutor.java:164)
	at com.kms.katalon.core.main.TestSuiteExecutor.execute(TestSuiteExecutor.java:105)
	at com.kms.katalon.core.main.TestCaseMain.startTestSuite(TestCaseMain.java:181)
	at com.kms.katalon.core.main.TestCaseMain$startTestSuite$0.call(Unknown Source)
	at TempTestSuite1648565904909.run(TempTestSuite1648565904909.groovy:36)
"/>
         <system-out><![CDATA[2022-03-29 22:08:49 - [TEST_CASE][FAILED] - Test Cases/3. get token - feedback insurance: Test Cases/3. get token - feedback insurance FAILED.
Reason:
com.kms.katalon.core.exception.StepFailedException: Expected element property value 'Sukses' is not equal with actual property value 'OSB Service Callout action received SOAP Fault response'
	at com.kms.katalon.core.keyword.internal.KeywordMain.stepFailed(KeywordMain.groovy:39)
	at com.kms.katalon.core.webservice.keyword.builtin.VerifyElementPropertyValueKeyword$_verifyElementPropertyValue_closure1.doCall(VerifyElementPropertyValueKeyword.groovy:56)
	at com.kms.katalon.core.webservice.keyword.builtin.VerifyElementPropertyValueKeyword$_verifyElementPropertyValue_closure1.call(VerifyElementPropertyValueKeyword.groovy)
	at com.kms.katalon.core.keyword.internal.KeywordMain.runKeyword(KeywordMain.groovy:74)
	at com.kms.katalon.core.webservice.keyword.builtin.VerifyElementPropertyValueKeyword.verifyElementPropertyValue(VerifyElementPropertyValueKeyword.groovy:48)
	at com.kms.katalon.core.webservice.keyword.builtin.VerifyElementPropertyValueKeyword.execute(VerifyElementPropertyValueKeyword.groovy:43)
	at com.kms.katalon.core.keyword.internal.KeywordExecutor.executeKeywordForPlatform(KeywordExecutor.groovy:74)
	at com.kms.katalon.core.webservice.keyword.WSBuiltInKeywords.verifyElementPropertyValue(WSBuiltInKeywords.groovy:175)
	at com.kms.katalon.core.webservice.keyword.WSBuiltInKeywords$verifyElementPropertyValue$0.call(Unknown Source)
	at 3. get token - feedback insurance.run(3. get token - feedback insurance:59)
	at com.kms.katalon.core.main.ScriptEngine.run(ScriptEngine.java:194)
	at com.kms.katalon.core.main.ScriptEngine.runScriptAsRawText(ScriptEngine.java:119)
	at com.kms.katalon.core.main.TestCaseExecutor.runScript(TestCaseExecutor.java:442)
	at com.kms.katalon.core.main.TestCaseExecutor.doExecute(TestCaseExecutor.java:433)
	at com.kms.katalon.core.main.TestCaseExecutor.processExecutionPhase(TestCaseExecutor.java:412)
	at com.kms.katalon.core.main.TestCaseExecutor.accessMainPhase(TestCaseExecutor.java:404)
	at com.kms.katalon.core.main.TestCaseExecutor.execute(TestCaseExecutor.java:281)
	at com.kms.katalon.core.main.TestSuiteExecutor.accessTestCaseMainPhase(TestSuiteExecutor.java:202)
	at com.kms.katalon.core.main.TestSuiteExecutor.accessTestSuiteMainPhase(TestSuiteExecutor.java:164)
	at com.kms.katalon.core.main.TestSuiteExecutor.execute(TestSuiteExecutor.java:105)
	at com.kms.katalon.core.main.TestCaseMain.startTestSuite(TestCaseMain.java:181)
	at com.kms.katalon.core.main.TestCaseMain$startTestSuite$0.call(Unknown Source)
	at TempTestSuite1648565904909.run(TempTestSuite1648565904909.groovy:36)


2022-03-29 22:08:49 - [TEST_STEP][PASSED] - token = sendRequest(findTestObject("1. Get-Token")): Send request successfully

2022-03-29 22:08:49 - [MESSAGE][INFO] - HAR: I:\app-testing\app-project\Order car insurance\order-car-insurance\Reports\20220329_215823\3. Get feedback insurance - Batch 1\20220329_215824\requests\main\376.har

2022-03-29 22:08:49 - [MESSAGE][PASSED] - Send request successfully

2022-03-29 22:08:49 - [TEST_STEP][PASSED] - slurper = new groovy.json.JsonSlurper(): null

2022-03-29 22:08:49 - [TEST_STEP][PASSED] - get_token = slurper.parseText(token.getResponseBodyContent()): null

2022-03-29 22:08:49 - [TEST_STEP][PASSED] - private_token = access_token: null

2022-03-29 22:08:49 - [TEST_STEP][PASSED] - global_token = private_token: null

2022-03-29 22:08:49 - [TEST_STEP][PASSED] - println("token is :" + global_token): null

2022-03-29 22:08:49 - [TEST_STEP][PASSED] - response_token = token.getResponseText(): null

2022-03-29 22:08:49 - [TEST_STEP][PASSED] - logInfo($response_token): 
            {
                "token_type": "BearerToken",
                "access_token": "iQFkgqMOUap4yra8JNGPOVGI8Yu2",
                "expires_in": "1799",
                "scope": ""
            }
        

2022-03-29 22:08:49 - [MESSAGE][INFO] - 
            {
                "token_type": "BearerToken",
                "access_token": "iQFkgqMOUap4yra8JNGPOVGI8Yu2",
                "expires_in": "1799",
                "scope": ""
            }
        

2022-03-29 22:08:49 - [TEST_STEP][PASSED] - feedback = sendRequest(findTestObject("4. Feedback-ins", ["s_key":global_token, "batchid":batchid, "norek":norek, "nopin":nopin, "custname":custname, "pemohon":pemohon, "branchid":branchid, ... ])): Send request successfully

2022-03-29 22:08:50 - [MESSAGE][INFO] - HAR: I:\app-testing\app-project\Order car insurance\order-car-insurance\Reports\20220329_215823\3. Get feedback insurance - Batch 1\20220329_215824\requests\main\377.har

2022-03-29 22:08:50 - [MESSAGE][PASSED] - Send request successfully

2022-03-29 22:08:50 - [TEST_STEP][PASSED] - response_feedback = feedback.getResponseText(): null

2022-03-29 22:08:50 - [TEST_STEP][PASSED] - markPassed("result feedback data : " + no + " norek : " + norek + " nopin : " + nopin): result feedback data : 198 norek : 9566009418 nopin : 001

2022-03-29 22:08:50 - [MESSAGE][PASSED] - result feedback data : 198 norek : 9566009418 nopin : 001

2022-03-29 22:08:50 - [TEST_STEP][PASSED] - logInfo($response_feedback): <?xml version="1.0" encoding="UTF-8"?>
<err:RestError xmlns:err="http://www.bea.com/wli/sb/errors"><err:errorMessage>OSB Service Callout action received SOAP Fault response</err:errorMessage><err:errorCode>OSB-382500</err:errorCode></err:RestError>

2022-03-29 22:08:50 - [MESSAGE][INFO] - <?xml version="1.0" encoding="UTF-8"?>
<err:RestError xmlns:err="http://www.bea.com/wli/sb/errors"><err:errorMessage>OSB Service Callout action received SOAP Fault response</err:errorMessage><err:errorCode>OSB-382500</err:errorCode></err:RestError>

2022-03-29 22:08:50 - [TEST_STEP][FAILED] - verifyElementPropertyValue(feedback, "FeedbackCarInsuranceResponse.errorMessage", "Sukses", CONTINUE_ON_FAILURE): Expected element property value 'Sukses' is not equal with actual property value 'OSB Service Callout action received SOAP Fault response'

2022-03-29 22:08:50 - [MESSAGE][FAILED] - Expected element property value 'Sukses' is not equal with actual property value 'OSB Service Callout action received SOAP Fault response']]></system-out>
         <system-err><![CDATA[2022-03-29 22:08:49 - [TEST_CASE][FAILED] - Test Cases/3. get token - feedback insurance: Test Cases/3. get token - feedback insurance FAILED.
Reason:
com.kms.katalon.core.exception.StepFailedException: Expected element property value 'Sukses' is not equal with actual property value 'OSB Service Callout action received SOAP Fault response'
	at com.kms.katalon.core.keyword.internal.KeywordMain.stepFailed(KeywordMain.groovy:39)
	at com.kms.katalon.core.webservice.keyword.builtin.VerifyElementPropertyValueKeyword$_verifyElementPropertyValue_closure1.doCall(VerifyElementPropertyValueKeyword.groovy:56)
	at com.kms.katalon.core.webservice.keyword.builtin.VerifyElementPropertyValueKeyword$_verifyElementPropertyValue_closure1.call(VerifyElementPropertyValueKeyword.groovy)
	at com.kms.katalon.core.keyword.internal.KeywordMain.runKeyword(KeywordMain.groovy:74)
	at com.kms.katalon.core.webservice.keyword.builtin.VerifyElementPropertyValueKeyword.verifyElementPropertyValue(VerifyElementPropertyValueKeyword.groovy:48)
	at com.kms.katalon.core.webservice.keyword.builtin.VerifyElementPropertyValueKeyword.execute(VerifyElementPropertyValueKeyword.groovy:43)
	at com.kms.katalon.core.keyword.internal.KeywordExecutor.executeKeywordForPlatform(KeywordExecutor.groovy:74)
	at com.kms.katalon.core.webservice.keyword.WSBuiltInKeywords.verifyElementPropertyValue(WSBuiltInKeywords.groovy:175)
	at com.kms.katalon.core.webservice.keyword.WSBuiltInKeywords$verifyElementPropertyValue$0.call(Unknown Source)
	at 3. get token - feedback insurance.run(3. get token - feedback insurance:59)
	at com.kms.katalon.core.main.ScriptEngine.run(ScriptEngine.java:194)
	at com.kms.katalon.core.main.ScriptEngine.runScriptAsRawText(ScriptEngine.java:119)
	at com.kms.katalon.core.main.TestCaseExecutor.runScript(TestCaseExecutor.java:442)
	at com.kms.katalon.core.main.TestCaseExecutor.doExecute(TestCaseExecutor.java:433)
	at com.kms.katalon.core.main.TestCaseExecutor.processExecutionPhase(TestCaseExecutor.java:412)
	at com.kms.katalon.core.main.TestCaseExecutor.accessMainPhase(TestCaseExecutor.java:404)
	at com.kms.katalon.core.main.TestCaseExecutor.execute(TestCaseExecutor.java:281)
	at com.kms.katalon.core.main.TestSuiteExecutor.accessTestCaseMainPhase(TestSuiteExecutor.java:202)
	at com.kms.katalon.core.main.TestSuiteExecutor.accessTestSuiteMainPhase(TestSuiteExecutor.java:164)
	at com.kms.katalon.core.main.TestSuiteExecutor.execute(TestSuiteExecutor.java:105)
	at com.kms.katalon.core.main.TestCaseMain.startTestSuite(TestCaseMain.java:181)
	at com.kms.katalon.core.main.TestCaseMain$startTestSuite$0.call(Unknown Source)
	at TempTestSuite1648565904909.run(TempTestSuite1648565904909.groovy:36)]]></system-err>
      </testcase>
      <testcase name="Test Cases/3. get token - feedback insurance" time="1.033" classname="Test Cases/3. get token - feedback insurance" status="FAILED">
         <failure type="FAILED" message="Test Cases/3. get token - feedback insurance FAILED.
Reason:
com.kms.katalon.core.exception.StepFailedException: Expected element property value 'Sukses' is not equal with actual property value 'OSB Service Callout action received SOAP Fault response'
	at com.kms.katalon.core.keyword.internal.KeywordMain.stepFailed(KeywordMain.groovy:39)
	at com.kms.katalon.core.webservice.keyword.builtin.VerifyElementPropertyValueKeyword$_verifyElementPropertyValue_closure1.doCall(VerifyElementPropertyValueKeyword.groovy:56)
	at com.kms.katalon.core.webservice.keyword.builtin.VerifyElementPropertyValueKeyword$_verifyElementPropertyValue_closure1.call(VerifyElementPropertyValueKeyword.groovy)
	at com.kms.katalon.core.keyword.internal.KeywordMain.runKeyword(KeywordMain.groovy:74)
	at com.kms.katalon.core.webservice.keyword.builtin.VerifyElementPropertyValueKeyword.verifyElementPropertyValue(VerifyElementPropertyValueKeyword.groovy:48)
	at com.kms.katalon.core.webservice.keyword.builtin.VerifyElementPropertyValueKeyword.execute(VerifyElementPropertyValueKeyword.groovy:43)
	at com.kms.katalon.core.keyword.internal.KeywordExecutor.executeKeywordForPlatform(KeywordExecutor.groovy:74)
	at com.kms.katalon.core.webservice.keyword.WSBuiltInKeywords.verifyElementPropertyValue(WSBuiltInKeywords.groovy:175)
	at com.kms.katalon.core.webservice.keyword.WSBuiltInKeywords$verifyElementPropertyValue$0.call(Unknown Source)
	at 3. get token - feedback insurance.run(3. get token - feedback insurance:59)
	at com.kms.katalon.core.main.ScriptEngine.run(ScriptEngine.java:194)
	at com.kms.katalon.core.main.ScriptEngine.runScriptAsRawText(ScriptEngine.java:119)
	at com.kms.katalon.core.main.TestCaseExecutor.runScript(TestCaseExecutor.java:442)
	at com.kms.katalon.core.main.TestCaseExecutor.doExecute(TestCaseExecutor.java:433)
	at com.kms.katalon.core.main.TestCaseExecutor.processExecutionPhase(TestCaseExecutor.java:412)
	at com.kms.katalon.core.main.TestCaseExecutor.accessMainPhase(TestCaseExecutor.java:404)
	at com.kms.katalon.core.main.TestCaseExecutor.execute(TestCaseExecutor.java:281)
	at com.kms.katalon.core.main.TestSuiteExecutor.accessTestCaseMainPhase(TestSuiteExecutor.java:202)
	at com.kms.katalon.core.main.TestSuiteExecutor.accessTestSuiteMainPhase(TestSuiteExecutor.java:164)
	at com.kms.katalon.core.main.TestSuiteExecutor.execute(TestSuiteExecutor.java:105)
	at com.kms.katalon.core.main.TestCaseMain.startTestSuite(TestCaseMain.java:181)
	at com.kms.katalon.core.main.TestCaseMain$startTestSuite$0.call(Unknown Source)
	at TempTestSuite1648565904909.run(TempTestSuite1648565904909.groovy:36)
"/>
         <system-out><![CDATA[2022-03-29 22:08:50 - [TEST_CASE][FAILED] - Test Cases/3. get token - feedback insurance: Test Cases/3. get token - feedback insurance FAILED.
Reason:
com.kms.katalon.core.exception.StepFailedException: Expected element property value 'Sukses' is not equal with actual property value 'OSB Service Callout action received SOAP Fault response'
	at com.kms.katalon.core.keyword.internal.KeywordMain.stepFailed(KeywordMain.groovy:39)
	at com.kms.katalon.core.webservice.keyword.builtin.VerifyElementPropertyValueKeyword$_verifyElementPropertyValue_closure1.doCall(VerifyElementPropertyValueKeyword.groovy:56)
	at com.kms.katalon.core.webservice.keyword.builtin.VerifyElementPropertyValueKeyword$_verifyElementPropertyValue_closure1.call(VerifyElementPropertyValueKeyword.groovy)
	at com.kms.katalon.core.keyword.internal.KeywordMain.runKeyword(KeywordMain.groovy:74)
	at com.kms.katalon.core.webservice.keyword.builtin.VerifyElementPropertyValueKeyword.verifyElementPropertyValue(VerifyElementPropertyValueKeyword.groovy:48)
	at com.kms.katalon.core.webservice.keyword.builtin.VerifyElementPropertyValueKeyword.execute(VerifyElementPropertyValueKeyword.groovy:43)
	at com.kms.katalon.core.keyword.internal.KeywordExecutor.executeKeywordForPlatform(KeywordExecutor.groovy:74)
	at com.kms.katalon.core.webservice.keyword.WSBuiltInKeywords.verifyElementPropertyValue(WSBuiltInKeywords.groovy:175)
	at com.kms.katalon.core.webservice.keyword.WSBuiltInKeywords$verifyElementPropertyValue$0.call(Unknown Source)
	at 3. get token - feedback insurance.run(3. get token - feedback insurance:59)
	at com.kms.katalon.core.main.ScriptEngine.run(ScriptEngine.java:194)
	at com.kms.katalon.core.main.ScriptEngine.runScriptAsRawText(ScriptEngine.java:119)
	at com.kms.katalon.core.main.TestCaseExecutor.runScript(TestCaseExecutor.java:442)
	at com.kms.katalon.core.main.TestCaseExecutor.doExecute(TestCaseExecutor.java:433)
	at com.kms.katalon.core.main.TestCaseExecutor.processExecutionPhase(TestCaseExecutor.java:412)
	at com.kms.katalon.core.main.TestCaseExecutor.accessMainPhase(TestCaseExecutor.java:404)
	at com.kms.katalon.core.main.TestCaseExecutor.execute(TestCaseExecutor.java:281)
	at com.kms.katalon.core.main.TestSuiteExecutor.accessTestCaseMainPhase(TestSuiteExecutor.java:202)
	at com.kms.katalon.core.main.TestSuiteExecutor.accessTestSuiteMainPhase(TestSuiteExecutor.java:164)
	at com.kms.katalon.core.main.TestSuiteExecutor.execute(TestSuiteExecutor.java:105)
	at com.kms.katalon.core.main.TestCaseMain.startTestSuite(TestCaseMain.java:181)
	at com.kms.katalon.core.main.TestCaseMain$startTestSuite$0.call(Unknown Source)
	at TempTestSuite1648565904909.run(TempTestSuite1648565904909.groovy:36)


2022-03-29 22:08:50 - [TEST_STEP][PASSED] - token = sendRequest(findTestObject("1. Get-Token")): Send request successfully

2022-03-29 22:08:51 - [MESSAGE][INFO] - HAR: I:\app-testing\app-project\Order car insurance\order-car-insurance\Reports\20220329_215823\3. Get feedback insurance - Batch 1\20220329_215824\requests\main\378.har

2022-03-29 22:08:51 - [MESSAGE][PASSED] - Send request successfully

2022-03-29 22:08:51 - [TEST_STEP][PASSED] - slurper = new groovy.json.JsonSlurper(): null

2022-03-29 22:08:51 - [TEST_STEP][PASSED] - get_token = slurper.parseText(token.getResponseBodyContent()): null

2022-03-29 22:08:51 - [TEST_STEP][PASSED] - private_token = access_token: null

2022-03-29 22:08:51 - [TEST_STEP][PASSED] - global_token = private_token: null

2022-03-29 22:08:51 - [TEST_STEP][PASSED] - println("token is :" + global_token): null

2022-03-29 22:08:51 - [TEST_STEP][PASSED] - response_token = token.getResponseText(): null

2022-03-29 22:08:51 - [TEST_STEP][PASSED] - logInfo($response_token): 
            {
                "token_type": "BearerToken",
                "access_token": "o9b6EI2YGdtt6JUympSxAPA8xhTd",
                "expires_in": "1799",
                "scope": ""
            }
        

2022-03-29 22:08:51 - [MESSAGE][INFO] - 
            {
                "token_type": "BearerToken",
                "access_token": "o9b6EI2YGdtt6JUympSxAPA8xhTd",
                "expires_in": "1799",
                "scope": ""
            }
        

2022-03-29 22:08:51 - [TEST_STEP][PASSED] - feedback = sendRequest(findTestObject("4. Feedback-ins", ["s_key":global_token, "batchid":batchid, "norek":norek, "nopin":nopin, "custname":custname, "pemohon":pemohon, "branchid":branchid, ... ])): Send request successfully

2022-03-29 22:08:51 - [MESSAGE][INFO] - HAR: I:\app-testing\app-project\Order car insurance\order-car-insurance\Reports\20220329_215823\3. Get feedback insurance - Batch 1\20220329_215824\requests\main\379.har

2022-03-29 22:08:51 - [MESSAGE][PASSED] - Send request successfully

2022-03-29 22:08:51 - [TEST_STEP][PASSED] - response_feedback = feedback.getResponseText(): null

2022-03-29 22:08:51 - [TEST_STEP][PASSED] - markPassed("result feedback data : " + no + " norek : " + norek + " nopin : " + nopin): result feedback data : 199 norek : 9566009418 nopin : 001

2022-03-29 22:08:51 - [MESSAGE][PASSED] - result feedback data : 199 norek : 9566009418 nopin : 001

2022-03-29 22:08:51 - [TEST_STEP][PASSED] - logInfo($response_feedback): <?xml version="1.0" encoding="UTF-8"?>
<err:RestError xmlns:err="http://www.bea.com/wli/sb/errors"><err:errorMessage>OSB Service Callout action received SOAP Fault response</err:errorMessage><err:errorCode>OSB-382500</err:errorCode></err:RestError>

2022-03-29 22:08:51 - [MESSAGE][INFO] - <?xml version="1.0" encoding="UTF-8"?>
<err:RestError xmlns:err="http://www.bea.com/wli/sb/errors"><err:errorMessage>OSB Service Callout action received SOAP Fault response</err:errorMessage><err:errorCode>OSB-382500</err:errorCode></err:RestError>

2022-03-29 22:08:51 - [TEST_STEP][FAILED] - verifyElementPropertyValue(feedback, "FeedbackCarInsuranceResponse.errorMessage", "Sukses", CONTINUE_ON_FAILURE): Expected element property value 'Sukses' is not equal with actual property value 'OSB Service Callout action received SOAP Fault response'

2022-03-29 22:08:51 - [MESSAGE][FAILED] - Expected element property value 'Sukses' is not equal with actual property value 'OSB Service Callout action received SOAP Fault response']]></system-out>
         <system-err><![CDATA[2022-03-29 22:08:50 - [TEST_CASE][FAILED] - Test Cases/3. get token - feedback insurance: Test Cases/3. get token - feedback insurance FAILED.
Reason:
com.kms.katalon.core.exception.StepFailedException: Expected element property value 'Sukses' is not equal with actual property value 'OSB Service Callout action received SOAP Fault response'
	at com.kms.katalon.core.keyword.internal.KeywordMain.stepFailed(KeywordMain.groovy:39)
	at com.kms.katalon.core.webservice.keyword.builtin.VerifyElementPropertyValueKeyword$_verifyElementPropertyValue_closure1.doCall(VerifyElementPropertyValueKeyword.groovy:56)
	at com.kms.katalon.core.webservice.keyword.builtin.VerifyElementPropertyValueKeyword$_verifyElementPropertyValue_closure1.call(VerifyElementPropertyValueKeyword.groovy)
	at com.kms.katalon.core.keyword.internal.KeywordMain.runKeyword(KeywordMain.groovy:74)
	at com.kms.katalon.core.webservice.keyword.builtin.VerifyElementPropertyValueKeyword.verifyElementPropertyValue(VerifyElementPropertyValueKeyword.groovy:48)
	at com.kms.katalon.core.webservice.keyword.builtin.VerifyElementPropertyValueKeyword.execute(VerifyElementPropertyValueKeyword.groovy:43)
	at com.kms.katalon.core.keyword.internal.KeywordExecutor.executeKeywordForPlatform(KeywordExecutor.groovy:74)
	at com.kms.katalon.core.webservice.keyword.WSBuiltInKeywords.verifyElementPropertyValue(WSBuiltInKeywords.groovy:175)
	at com.kms.katalon.core.webservice.keyword.WSBuiltInKeywords$verifyElementPropertyValue$0.call(Unknown Source)
	at 3. get token - feedback insurance.run(3. get token - feedback insurance:59)
	at com.kms.katalon.core.main.ScriptEngine.run(ScriptEngine.java:194)
	at com.kms.katalon.core.main.ScriptEngine.runScriptAsRawText(ScriptEngine.java:119)
	at com.kms.katalon.core.main.TestCaseExecutor.runScript(TestCaseExecutor.java:442)
	at com.kms.katalon.core.main.TestCaseExecutor.doExecute(TestCaseExecutor.java:433)
	at com.kms.katalon.core.main.TestCaseExecutor.processExecutionPhase(TestCaseExecutor.java:412)
	at com.kms.katalon.core.main.TestCaseExecutor.accessMainPhase(TestCaseExecutor.java:404)
	at com.kms.katalon.core.main.TestCaseExecutor.execute(TestCaseExecutor.java:281)
	at com.kms.katalon.core.main.TestSuiteExecutor.accessTestCaseMainPhase(TestSuiteExecutor.java:202)
	at com.kms.katalon.core.main.TestSuiteExecutor.accessTestSuiteMainPhase(TestSuiteExecutor.java:164)
	at com.kms.katalon.core.main.TestSuiteExecutor.execute(TestSuiteExecutor.java:105)
	at com.kms.katalon.core.main.TestCaseMain.startTestSuite(TestCaseMain.java:181)
	at com.kms.katalon.core.main.TestCaseMain$startTestSuite$0.call(Unknown Source)
	at TempTestSuite1648565904909.run(TempTestSuite1648565904909.groovy:36)]]></system-err>
      </testcase>
      <testcase name="Test Cases/3. get token - feedback insurance" time="1.263" classname="Test Cases/3. get token - feedback insurance" status="PASSED">
         <system-out><![CDATA[2022-03-29 22:08:52 - [TEST_CASE][PASSED] - Test Cases/3. get token - feedback insurance: Test Cases/3. get token - feedback insurance

2022-03-29 22:08:52 - [TEST_STEP][PASSED] - token = sendRequest(findTestObject("1. Get-Token")): Send request successfully

2022-03-29 22:08:52 - [MESSAGE][INFO] - HAR: I:\app-testing\app-project\Order car insurance\order-car-insurance\Reports\20220329_215823\3. Get feedback insurance - Batch 1\20220329_215824\requests\main\380.har

2022-03-29 22:08:52 - [MESSAGE][PASSED] - Send request successfully

2022-03-29 22:08:52 - [TEST_STEP][PASSED] - slurper = new groovy.json.JsonSlurper(): null

2022-03-29 22:08:52 - [TEST_STEP][PASSED] - get_token = slurper.parseText(token.getResponseBodyContent()): null

2022-03-29 22:08:52 - [TEST_STEP][PASSED] - private_token = access_token: null

2022-03-29 22:08:52 - [TEST_STEP][PASSED] - global_token = private_token: null

2022-03-29 22:08:52 - [TEST_STEP][PASSED] - println("token is :" + global_token): null

2022-03-29 22:08:52 - [TEST_STEP][PASSED] - response_token = token.getResponseText(): null

2022-03-29 22:08:52 - [TEST_STEP][PASSED] - logInfo($response_token): 
            {
                "token_type": "BearerToken",
                "access_token": "FfGMW2YcErjE7h1ix9zMRcbkIzrh",
                "expires_in": "1799",
                "scope": ""
            }
        

2022-03-29 22:08:52 - [MESSAGE][INFO] - 
            {
                "token_type": "BearerToken",
                "access_token": "FfGMW2YcErjE7h1ix9zMRcbkIzrh",
                "expires_in": "1799",
                "scope": ""
            }
        

2022-03-29 22:08:52 - [TEST_STEP][PASSED] - feedback = sendRequest(findTestObject("4. Feedback-ins", ["s_key":global_token, "batchid":batchid, "norek":norek, "nopin":nopin, "custname":custname, "pemohon":pemohon, "branchid":branchid, ... ])): Send request successfully

2022-03-29 22:08:53 - [MESSAGE][INFO] - HAR: I:\app-testing\app-project\Order car insurance\order-car-insurance\Reports\20220329_215823\3. Get feedback insurance - Batch 1\20220329_215824\requests\main\381.har

2022-03-29 22:08:53 - [MESSAGE][PASSED] - Send request successfully

2022-03-29 22:08:53 - [TEST_STEP][PASSED] - response_feedback = feedback.getResponseText(): null

2022-03-29 22:08:53 - [TEST_STEP][PASSED] - markPassed("result feedback data : " + no + " norek : " + norek + " nopin : " + nopin): result feedback data : 200 norek : 9566009431 nopin : 001

2022-03-29 22:08:53 - [MESSAGE][PASSED] - result feedback data : 200 norek : 9566009431 nopin : 001

2022-03-29 22:08:53 - [TEST_STEP][PASSED] - logInfo($response_feedback): {
  "FeedbackCarInsuranceResponse" : {
    "errorCode" : "00",
    "errorMessage" : "Sukses"
  }
}

2022-03-29 22:08:53 - [MESSAGE][INFO] - {
  "FeedbackCarInsuranceResponse" : {
    "errorCode" : "00",
    "errorMessage" : "Sukses"
  }
}

2022-03-29 22:08:53 - [TEST_STEP][PASSED] - verifyElementPropertyValue(feedback, "FeedbackCarInsuranceResponse.errorMessage", "Sukses", CONTINUE_ON_FAILURE): Verify element property value successfully

2022-03-29 22:08:53 - [MESSAGE][PASSED] - Verify element property value successfully]]></system-out>
         <system-err><![CDATA[]]></system-err>
      </testcase>
      <testcase name="Test Cases/3. get token - feedback insurance" time="1.505" classname="Test Cases/3. get token - feedback insurance" status="PASSED">
         <system-out><![CDATA[2022-03-29 22:08:54 - [TEST_CASE][PASSED] - Test Cases/3. get token - feedback insurance: Test Cases/3. get token - feedback insurance

2022-03-29 22:08:54 - [TEST_STEP][PASSED] - token = sendRequest(findTestObject("1. Get-Token")): Send request successfully

2022-03-29 22:08:54 - [MESSAGE][INFO] - HAR: I:\app-testing\app-project\Order car insurance\order-car-insurance\Reports\20220329_215823\3. Get feedback insurance - Batch 1\20220329_215824\requests\main\382.har

2022-03-29 22:08:54 - [MESSAGE][PASSED] - Send request successfully

2022-03-29 22:08:54 - [TEST_STEP][PASSED] - slurper = new groovy.json.JsonSlurper(): null

2022-03-29 22:08:54 - [TEST_STEP][PASSED] - get_token = slurper.parseText(token.getResponseBodyContent()): null

2022-03-29 22:08:54 - [TEST_STEP][PASSED] - private_token = access_token: null

2022-03-29 22:08:54 - [TEST_STEP][PASSED] - global_token = private_token: null

2022-03-29 22:08:54 - [TEST_STEP][PASSED] - println("token is :" + global_token): null

2022-03-29 22:08:54 - [TEST_STEP][PASSED] - response_token = token.getResponseText(): null

2022-03-29 22:08:54 - [TEST_STEP][PASSED] - logInfo($response_token): 
            {
                "token_type": "BearerToken",
                "access_token": "GiRtRnstda4gR4AA0FjGDPluY8rF",
                "expires_in": "1799",
                "scope": ""
            }
        

2022-03-29 22:08:54 - [MESSAGE][INFO] - 
            {
                "token_type": "BearerToken",
                "access_token": "GiRtRnstda4gR4AA0FjGDPluY8rF",
                "expires_in": "1799",
                "scope": ""
            }
        

2022-03-29 22:08:54 - [TEST_STEP][PASSED] - feedback = sendRequest(findTestObject("4. Feedback-ins", ["s_key":global_token, "batchid":batchid, "norek":norek, "nopin":nopin, "custname":custname, "pemohon":pemohon, "branchid":branchid, ... ])): Send request successfully

2022-03-29 22:08:55 - [MESSAGE][INFO] - HAR: I:\app-testing\app-project\Order car insurance\order-car-insurance\Reports\20220329_215823\3. Get feedback insurance - Batch 1\20220329_215824\requests\main\383.har

2022-03-29 22:08:55 - [MESSAGE][PASSED] - Send request successfully

2022-03-29 22:08:55 - [TEST_STEP][PASSED] - response_feedback = feedback.getResponseText(): null

2022-03-29 22:08:55 - [TEST_STEP][PASSED] - markPassed("result feedback data : " + no + " norek : " + norek + " nopin : " + nopin): result feedback data : 201 norek : 9566009431 nopin : 001

2022-03-29 22:08:55 - [MESSAGE][PASSED] - result feedback data : 201 norek : 9566009431 nopin : 001

2022-03-29 22:08:55 - [TEST_STEP][PASSED] - logInfo($response_feedback): {
  "FeedbackCarInsuranceResponse" : {
    "errorCode" : "00",
    "errorMessage" : "Sukses"
  }
}

2022-03-29 22:08:55 - [MESSAGE][INFO] - {
  "FeedbackCarInsuranceResponse" : {
    "errorCode" : "00",
    "errorMessage" : "Sukses"
  }
}

2022-03-29 22:08:55 - [TEST_STEP][PASSED] - verifyElementPropertyValue(feedback, "FeedbackCarInsuranceResponse.errorMessage", "Sukses", CONTINUE_ON_FAILURE): Verify element property value successfully

2022-03-29 22:08:55 - [MESSAGE][PASSED] - Verify element property value successfully]]></system-out>
         <system-err><![CDATA[]]></system-err>
      </testcase>
      <testcase name="Test Cases/3. get token - feedback insurance" time="1.308" classname="Test Cases/3. get token - feedback insurance" status="PASSED">
         <system-out><![CDATA[2022-03-29 22:08:55 - [TEST_CASE][PASSED] - Test Cases/3. get token - feedback insurance: Test Cases/3. get token - feedback insurance

2022-03-29 22:08:55 - [TEST_STEP][PASSED] - token = sendRequest(findTestObject("1. Get-Token")): Send request successfully

2022-03-29 22:08:56 - [MESSAGE][INFO] - HAR: I:\app-testing\app-project\Order car insurance\order-car-insurance\Reports\20220329_215823\3. Get feedback insurance - Batch 1\20220329_215824\requests\main\384.har

2022-03-29 22:08:56 - [MESSAGE][PASSED] - Send request successfully

2022-03-29 22:08:56 - [TEST_STEP][PASSED] - slurper = new groovy.json.JsonSlurper(): null

2022-03-29 22:08:56 - [TEST_STEP][PASSED] - get_token = slurper.parseText(token.getResponseBodyContent()): null

2022-03-29 22:08:56 - [TEST_STEP][PASSED] - private_token = access_token: null

2022-03-29 22:08:56 - [TEST_STEP][PASSED] - global_token = private_token: null

2022-03-29 22:08:56 - [TEST_STEP][PASSED] - println("token is :" + global_token): null

2022-03-29 22:08:56 - [TEST_STEP][PASSED] - response_token = token.getResponseText(): null

2022-03-29 22:08:56 - [TEST_STEP][PASSED] - logInfo($response_token): 
            {
                "token_type": "BearerToken",
                "access_token": "9zAeocYWARiqjWeFsAqXZSJtA2ju",
                "expires_in": "1799",
                "scope": ""
            }
        

2022-03-29 22:08:56 - [MESSAGE][INFO] - 
            {
                "token_type": "BearerToken",
                "access_token": "9zAeocYWARiqjWeFsAqXZSJtA2ju",
                "expires_in": "1799",
                "scope": ""
            }
        

2022-03-29 22:08:56 - [TEST_STEP][PASSED] - feedback = sendRequest(findTestObject("4. Feedback-ins", ["s_key":global_token, "batchid":batchid, "norek":norek, "nopin":nopin, "custname":custname, "pemohon":pemohon, "branchid":branchid, ... ])): Send request successfully

2022-03-29 22:08:57 - [MESSAGE][INFO] - HAR: I:\app-testing\app-project\Order car insurance\order-car-insurance\Reports\20220329_215823\3. Get feedback insurance - Batch 1\20220329_215824\requests\main\385.har

2022-03-29 22:08:57 - [MESSAGE][PASSED] - Send request successfully

2022-03-29 22:08:57 - [TEST_STEP][PASSED] - response_feedback = feedback.getResponseText(): null

2022-03-29 22:08:57 - [TEST_STEP][PASSED] - markPassed("result feedback data : " + no + " norek : " + norek + " nopin : " + nopin): result feedback data : 202 norek : 9566009431 nopin : 001

2022-03-29 22:08:57 - [MESSAGE][PASSED] - result feedback data : 202 norek : 9566009431 nopin : 001

2022-03-29 22:08:57 - [TEST_STEP][PASSED] - logInfo($response_feedback): {
  "FeedbackCarInsuranceResponse" : {
    "errorCode" : "00",
    "errorMessage" : "Sukses"
  }
}

2022-03-29 22:08:57 - [MESSAGE][INFO] - {
  "FeedbackCarInsuranceResponse" : {
    "errorCode" : "00",
    "errorMessage" : "Sukses"
  }
}

2022-03-29 22:08:57 - [TEST_STEP][PASSED] - verifyElementPropertyValue(feedback, "FeedbackCarInsuranceResponse.errorMessage", "Sukses", CONTINUE_ON_FAILURE): Verify element property value successfully

2022-03-29 22:08:57 - [MESSAGE][PASSED] - Verify element property value successfully]]></system-out>
         <system-err><![CDATA[]]></system-err>
      </testcase>
      <testcase name="Test Cases/3. get token - feedback insurance" time="0.95" classname="Test Cases/3. get token - feedback insurance" status="PASSED">
         <system-out><![CDATA[2022-03-29 22:08:57 - [TEST_CASE][PASSED] - Test Cases/3. get token - feedback insurance: Test Cases/3. get token - feedback insurance

2022-03-29 22:08:57 - [TEST_STEP][PASSED] - token = sendRequest(findTestObject("1. Get-Token")): Send request successfully

2022-03-29 22:08:57 - [MESSAGE][INFO] - HAR: I:\app-testing\app-project\Order car insurance\order-car-insurance\Reports\20220329_215823\3. Get feedback insurance - Batch 1\20220329_215824\requests\main\386.har

2022-03-29 22:08:57 - [MESSAGE][PASSED] - Send request successfully

2022-03-29 22:08:57 - [TEST_STEP][PASSED] - slurper = new groovy.json.JsonSlurper(): null

2022-03-29 22:08:57 - [TEST_STEP][PASSED] - get_token = slurper.parseText(token.getResponseBodyContent()): null

2022-03-29 22:08:57 - [TEST_STEP][PASSED] - private_token = access_token: null

2022-03-29 22:08:57 - [TEST_STEP][PASSED] - global_token = private_token: null

2022-03-29 22:08:57 - [TEST_STEP][PASSED] - println("token is :" + global_token): null

2022-03-29 22:08:57 - [TEST_STEP][PASSED] - response_token = token.getResponseText(): null

2022-03-29 22:08:57 - [TEST_STEP][PASSED] - logInfo($response_token): 
            {
                "token_type": "BearerToken",
                "access_token": "LWqpGpcNb87AOb9kN3i1rmOWaCfX",
                "expires_in": "1799",
                "scope": ""
            }
        

2022-03-29 22:08:57 - [MESSAGE][INFO] - 
            {
                "token_type": "BearerToken",
                "access_token": "LWqpGpcNb87AOb9kN3i1rmOWaCfX",
                "expires_in": "1799",
                "scope": ""
            }
        

2022-03-29 22:08:57 - [TEST_STEP][PASSED] - feedback = sendRequest(findTestObject("4. Feedback-ins", ["s_key":global_token, "batchid":batchid, "norek":norek, "nopin":nopin, "custname":custname, "pemohon":pemohon, "branchid":branchid, ... ])): Send request successfully

2022-03-29 22:08:58 - [MESSAGE][INFO] - HAR: I:\app-testing\app-project\Order car insurance\order-car-insurance\Reports\20220329_215823\3. Get feedback insurance - Batch 1\20220329_215824\requests\main\387.har

2022-03-29 22:08:58 - [MESSAGE][PASSED] - Send request successfully

2022-03-29 22:08:58 - [TEST_STEP][PASSED] - response_feedback = feedback.getResponseText(): null

2022-03-29 22:08:58 - [TEST_STEP][PASSED] - markPassed("result feedback data : " + no + " norek : " + norek + " nopin : " + nopin): result feedback data : 203 norek : 9566009431 nopin : 001

2022-03-29 22:08:58 - [MESSAGE][PASSED] - result feedback data : 203 norek : 9566009431 nopin : 001

2022-03-29 22:08:58 - [TEST_STEP][PASSED] - logInfo($response_feedback): {
  "FeedbackCarInsuranceResponse" : {
    "errorCode" : "00",
    "errorMessage" : "Sukses"
  }
}

2022-03-29 22:08:58 - [MESSAGE][INFO] - {
  "FeedbackCarInsuranceResponse" : {
    "errorCode" : "00",
    "errorMessage" : "Sukses"
  }
}

2022-03-29 22:08:58 - [TEST_STEP][PASSED] - verifyElementPropertyValue(feedback, "FeedbackCarInsuranceResponse.errorMessage", "Sukses", CONTINUE_ON_FAILURE): Verify element property value successfully

2022-03-29 22:08:58 - [MESSAGE][PASSED] - Verify element property value successfully]]></system-out>
         <system-err><![CDATA[]]></system-err>
      </testcase>
      <testcase name="Test Cases/3. get token - feedback insurance" time="1.819" classname="Test Cases/3. get token - feedback insurance" status="PASSED">
         <system-out><![CDATA[2022-03-29 22:08:58 - [TEST_CASE][PASSED] - Test Cases/3. get token - feedback insurance: Test Cases/3. get token - feedback insurance

2022-03-29 22:08:58 - [TEST_STEP][PASSED] - token = sendRequest(findTestObject("1. Get-Token")): Send request successfully

2022-03-29 22:08:59 - [MESSAGE][INFO] - HAR: I:\app-testing\app-project\Order car insurance\order-car-insurance\Reports\20220329_215823\3. Get feedback insurance - Batch 1\20220329_215824\requests\main\388.har

2022-03-29 22:08:59 - [MESSAGE][PASSED] - Send request successfully

2022-03-29 22:08:59 - [TEST_STEP][PASSED] - slurper = new groovy.json.JsonSlurper(): null

2022-03-29 22:08:59 - [TEST_STEP][PASSED] - get_token = slurper.parseText(token.getResponseBodyContent()): null

2022-03-29 22:08:59 - [TEST_STEP][PASSED] - private_token = access_token: null

2022-03-29 22:08:59 - [TEST_STEP][PASSED] - global_token = private_token: null

2022-03-29 22:08:59 - [TEST_STEP][PASSED] - println("token is :" + global_token): null

2022-03-29 22:08:59 - [TEST_STEP][PASSED] - response_token = token.getResponseText(): null

2022-03-29 22:08:59 - [TEST_STEP][PASSED] - logInfo($response_token): 
            {
                "token_type": "BearerToken",
                "access_token": "cqstOIdAfLe6SxeGonxohiX6jIrO",
                "expires_in": "1799",
                "scope": ""
            }
        

2022-03-29 22:08:59 - [MESSAGE][INFO] - 
            {
                "token_type": "BearerToken",
                "access_token": "cqstOIdAfLe6SxeGonxohiX6jIrO",
                "expires_in": "1799",
                "scope": ""
            }
        

2022-03-29 22:08:59 - [TEST_STEP][PASSED] - feedback = sendRequest(findTestObject("4. Feedback-ins", ["s_key":global_token, "batchid":batchid, "norek":norek, "nopin":nopin, "custname":custname, "pemohon":pemohon, "branchid":branchid, ... ])): Send request successfully

2022-03-29 22:09:00 - [MESSAGE][INFO] - HAR: I:\app-testing\app-project\Order car insurance\order-car-insurance\Reports\20220329_215823\3. Get feedback insurance - Batch 1\20220329_215824\requests\main\389.har

2022-03-29 22:09:00 - [MESSAGE][PASSED] - Send request successfully

2022-03-29 22:09:00 - [TEST_STEP][PASSED] - response_feedback = feedback.getResponseText(): null

2022-03-29 22:09:00 - [TEST_STEP][PASSED] - markPassed("result feedback data : " + no + " norek : " + norek + " nopin : " + nopin): result feedback data : 204 norek : 9566009431 nopin : 001

2022-03-29 22:09:00 - [MESSAGE][PASSED] - result feedback data : 204 norek : 9566009431 nopin : 001

2022-03-29 22:09:00 - [TEST_STEP][PASSED] - logInfo($response_feedback): {
  "FeedbackCarInsuranceResponse" : {
    "errorCode" : "00",
    "errorMessage" : "Sukses"
  }
}

2022-03-29 22:09:00 - [MESSAGE][INFO] - {
  "FeedbackCarInsuranceResponse" : {
    "errorCode" : "00",
    "errorMessage" : "Sukses"
  }
}

2022-03-29 22:09:00 - [TEST_STEP][PASSED] - verifyElementPropertyValue(feedback, "FeedbackCarInsuranceResponse.errorMessage", "Sukses", CONTINUE_ON_FAILURE): Verify element property value successfully

2022-03-29 22:09:00 - [MESSAGE][PASSED] - Verify element property value successfully]]></system-out>
         <system-err><![CDATA[]]></system-err>
      </testcase>
      <testcase name="Test Cases/3. get token - feedback insurance" time="1.038" classname="Test Cases/3. get token - feedback insurance" status="PASSED">
         <system-out><![CDATA[2022-03-29 22:09:01 - [TEST_CASE][PASSED] - Test Cases/3. get token - feedback insurance: Test Cases/3. get token - feedback insurance

2022-03-29 22:09:01 - [TEST_STEP][PASSED] - token = sendRequest(findTestObject("1. Get-Token")): Send request successfully

2022-03-29 22:09:01 - [MESSAGE][INFO] - HAR: I:\app-testing\app-project\Order car insurance\order-car-insurance\Reports\20220329_215823\3. Get feedback insurance - Batch 1\20220329_215824\requests\main\390.har

2022-03-29 22:09:01 - [MESSAGE][PASSED] - Send request successfully

2022-03-29 22:09:01 - [TEST_STEP][PASSED] - slurper = new groovy.json.JsonSlurper(): null

2022-03-29 22:09:01 - [TEST_STEP][PASSED] - get_token = slurper.parseText(token.getResponseBodyContent()): null

2022-03-29 22:09:01 - [TEST_STEP][PASSED] - private_token = access_token: null

2022-03-29 22:09:01 - [TEST_STEP][PASSED] - global_token = private_token: null

2022-03-29 22:09:01 - [TEST_STEP][PASSED] - println("token is :" + global_token): null

2022-03-29 22:09:01 - [TEST_STEP][PASSED] - response_token = token.getResponseText(): null

2022-03-29 22:09:01 - [TEST_STEP][PASSED] - logInfo($response_token): 
            {
                "token_type": "BearerToken",
                "access_token": "TtRcNAdUqWIErJR905dUHlXsDtJR",
                "expires_in": "1799",
                "scope": ""
            }
        

2022-03-29 22:09:01 - [MESSAGE][INFO] - 
            {
                "token_type": "BearerToken",
                "access_token": "TtRcNAdUqWIErJR905dUHlXsDtJR",
                "expires_in": "1799",
                "scope": ""
            }
        

2022-03-29 22:09:01 - [TEST_STEP][PASSED] - feedback = sendRequest(findTestObject("4. Feedback-ins", ["s_key":global_token, "batchid":batchid, "norek":norek, "nopin":nopin, "custname":custname, "pemohon":pemohon, "branchid":branchid, ... ])): Send request successfully

2022-03-29 22:09:02 - [MESSAGE][INFO] - HAR: I:\app-testing\app-project\Order car insurance\order-car-insurance\Reports\20220329_215823\3. Get feedback insurance - Batch 1\20220329_215824\requests\main\391.har

2022-03-29 22:09:02 - [MESSAGE][PASSED] - Send request successfully

2022-03-29 22:09:02 - [TEST_STEP][PASSED] - response_feedback = feedback.getResponseText(): null

2022-03-29 22:09:02 - [TEST_STEP][PASSED] - markPassed("result feedback data : " + no + " norek : " + norek + " nopin : " + nopin): result feedback data : 205 norek : 9566009441 nopin : 001

2022-03-29 22:09:02 - [MESSAGE][PASSED] - result feedback data : 205 norek : 9566009441 nopin : 001

2022-03-29 22:09:02 - [TEST_STEP][PASSED] - logInfo($response_feedback): {
  "FeedbackCarInsuranceResponse" : {
    "errorCode" : "00",
    "errorMessage" : "Sukses"
  }
}

2022-03-29 22:09:02 - [MESSAGE][INFO] - {
  "FeedbackCarInsuranceResponse" : {
    "errorCode" : "00",
    "errorMessage" : "Sukses"
  }
}

2022-03-29 22:09:02 - [TEST_STEP][PASSED] - verifyElementPropertyValue(feedback, "FeedbackCarInsuranceResponse.errorMessage", "Sukses", CONTINUE_ON_FAILURE): Verify element property value successfully

2022-03-29 22:09:02 - [MESSAGE][PASSED] - Verify element property value successfully]]></system-out>
         <system-err><![CDATA[]]></system-err>
      </testcase>
      <testcase name="Test Cases/3. get token - feedback insurance" time="1.067" classname="Test Cases/3. get token - feedback insurance" status="PASSED">
         <system-out><![CDATA[2022-03-29 22:09:02 - [TEST_CASE][PASSED] - Test Cases/3. get token - feedback insurance: Test Cases/3. get token - feedback insurance

2022-03-29 22:09:02 - [TEST_STEP][PASSED] - token = sendRequest(findTestObject("1. Get-Token")): Send request successfully

2022-03-29 22:09:02 - [MESSAGE][INFO] - HAR: I:\app-testing\app-project\Order car insurance\order-car-insurance\Reports\20220329_215823\3. Get feedback insurance - Batch 1\20220329_215824\requests\main\392.har

2022-03-29 22:09:02 - [MESSAGE][PASSED] - Send request successfully

2022-03-29 22:09:02 - [TEST_STEP][PASSED] - slurper = new groovy.json.JsonSlurper(): null

2022-03-29 22:09:02 - [TEST_STEP][PASSED] - get_token = slurper.parseText(token.getResponseBodyContent()): null

2022-03-29 22:09:02 - [TEST_STEP][PASSED] - private_token = access_token: null

2022-03-29 22:09:02 - [TEST_STEP][PASSED] - global_token = private_token: null

2022-03-29 22:09:02 - [TEST_STEP][PASSED] - println("token is :" + global_token): null

2022-03-29 22:09:02 - [TEST_STEP][PASSED] - response_token = token.getResponseText(): null

2022-03-29 22:09:02 - [TEST_STEP][PASSED] - logInfo($response_token): 
            {
                "token_type": "BearerToken",
                "access_token": "Wy0RGlwjaFw2GUuGZ4hcAa47zOu9",
                "expires_in": "1799",
                "scope": ""
            }
        

2022-03-29 22:09:02 - [MESSAGE][INFO] - 
            {
                "token_type": "BearerToken",
                "access_token": "Wy0RGlwjaFw2GUuGZ4hcAa47zOu9",
                "expires_in": "1799",
                "scope": ""
            }
        

2022-03-29 22:09:02 - [TEST_STEP][PASSED] - feedback = sendRequest(findTestObject("4. Feedback-ins", ["s_key":global_token, "batchid":batchid, "norek":norek, "nopin":nopin, "custname":custname, "pemohon":pemohon, "branchid":branchid, ... ])): Send request successfully

2022-03-29 22:09:03 - [MESSAGE][INFO] - HAR: I:\app-testing\app-project\Order car insurance\order-car-insurance\Reports\20220329_215823\3. Get feedback insurance - Batch 1\20220329_215824\requests\main\393.har

2022-03-29 22:09:03 - [MESSAGE][PASSED] - Send request successfully

2022-03-29 22:09:03 - [TEST_STEP][PASSED] - response_feedback = feedback.getResponseText(): null

2022-03-29 22:09:03 - [TEST_STEP][PASSED] - markPassed("result feedback data : " + no + " norek : " + norek + " nopin : " + nopin): result feedback data : 206 norek : 9566009441 nopin : 001

2022-03-29 22:09:03 - [MESSAGE][PASSED] - result feedback data : 206 norek : 9566009441 nopin : 001

2022-03-29 22:09:03 - [TEST_STEP][PASSED] - logInfo($response_feedback): {
  "FeedbackCarInsuranceResponse" : {
    "errorCode" : "00",
    "errorMessage" : "Sukses"
  }
}

2022-03-29 22:09:03 - [MESSAGE][INFO] - {
  "FeedbackCarInsuranceResponse" : {
    "errorCode" : "00",
    "errorMessage" : "Sukses"
  }
}

2022-03-29 22:09:03 - [TEST_STEP][PASSED] - verifyElementPropertyValue(feedback, "FeedbackCarInsuranceResponse.errorMessage", "Sukses", CONTINUE_ON_FAILURE): Verify element property value successfully

2022-03-29 22:09:03 - [MESSAGE][PASSED] - Verify element property value successfully]]></system-out>
         <system-err><![CDATA[]]></system-err>
      </testcase>
      <testcase name="Test Cases/3. get token - feedback insurance" time="1.148" classname="Test Cases/3. get token - feedback insurance" status="PASSED">
         <system-out><![CDATA[2022-03-29 22:09:04 - [TEST_CASE][PASSED] - Test Cases/3. get token - feedback insurance: Test Cases/3. get token - feedback insurance

2022-03-29 22:09:04 - [TEST_STEP][PASSED] - token = sendRequest(findTestObject("1. Get-Token")): Send request successfully

2022-03-29 22:09:04 - [MESSAGE][INFO] - HAR: I:\app-testing\app-project\Order car insurance\order-car-insurance\Reports\20220329_215823\3. Get feedback insurance - Batch 1\20220329_215824\requests\main\394.har

2022-03-29 22:09:04 - [MESSAGE][PASSED] - Send request successfully

2022-03-29 22:09:04 - [TEST_STEP][PASSED] - slurper = new groovy.json.JsonSlurper(): null

2022-03-29 22:09:04 - [TEST_STEP][PASSED] - get_token = slurper.parseText(token.getResponseBodyContent()): null

2022-03-29 22:09:04 - [TEST_STEP][PASSED] - private_token = access_token: null

2022-03-29 22:09:04 - [TEST_STEP][PASSED] - global_token = private_token: null

2022-03-29 22:09:04 - [TEST_STEP][PASSED] - println("token is :" + global_token): null

2022-03-29 22:09:04 - [TEST_STEP][PASSED] - response_token = token.getResponseText(): null

2022-03-29 22:09:04 - [TEST_STEP][PASSED] - logInfo($response_token): 
            {
                "token_type": "BearerToken",
                "access_token": "3Ctqmr9dONi9Ltlp3OV6iiyU7iTU",
                "expires_in": "1799",
                "scope": ""
            }
        

2022-03-29 22:09:04 - [MESSAGE][INFO] - 
            {
                "token_type": "BearerToken",
                "access_token": "3Ctqmr9dONi9Ltlp3OV6iiyU7iTU",
                "expires_in": "1799",
                "scope": ""
            }
        

2022-03-29 22:09:04 - [TEST_STEP][PASSED] - feedback = sendRequest(findTestObject("4. Feedback-ins", ["s_key":global_token, "batchid":batchid, "norek":norek, "nopin":nopin, "custname":custname, "pemohon":pemohon, "branchid":branchid, ... ])): Send request successfully

2022-03-29 22:09:05 - [MESSAGE][INFO] - HAR: I:\app-testing\app-project\Order car insurance\order-car-insurance\Reports\20220329_215823\3. Get feedback insurance - Batch 1\20220329_215824\requests\main\395.har

2022-03-29 22:09:05 - [MESSAGE][PASSED] - Send request successfully

2022-03-29 22:09:05 - [TEST_STEP][PASSED] - response_feedback = feedback.getResponseText(): null

2022-03-29 22:09:05 - [TEST_STEP][PASSED] - markPassed("result feedback data : " + no + " norek : " + norek + " nopin : " + nopin): result feedback data : 207 norek : 9566009441 nopin : 001

2022-03-29 22:09:05 - [MESSAGE][PASSED] - result feedback data : 207 norek : 9566009441 nopin : 001

2022-03-29 22:09:05 - [TEST_STEP][PASSED] - logInfo($response_feedback): {
  "FeedbackCarInsuranceResponse" : {
    "errorCode" : "00",
    "errorMessage" : "Sukses"
  }
}

2022-03-29 22:09:05 - [MESSAGE][INFO] - {
  "FeedbackCarInsuranceResponse" : {
    "errorCode" : "00",
    "errorMessage" : "Sukses"
  }
}

2022-03-29 22:09:05 - [TEST_STEP][PASSED] - verifyElementPropertyValue(feedback, "FeedbackCarInsuranceResponse.errorMessage", "Sukses", CONTINUE_ON_FAILURE): Verify element property value successfully

2022-03-29 22:09:05 - [MESSAGE][PASSED] - Verify element property value successfully]]></system-out>
         <system-err><![CDATA[]]></system-err>
      </testcase>
      <testcase name="Test Cases/3. get token - feedback insurance" time="2.024" classname="Test Cases/3. get token - feedback insurance" status="PASSED">
         <system-out><![CDATA[2022-03-29 22:09:05 - [TEST_CASE][PASSED] - Test Cases/3. get token - feedback insurance: Test Cases/3. get token - feedback insurance

2022-03-29 22:09:05 - [TEST_STEP][PASSED] - token = sendRequest(findTestObject("1. Get-Token")): Send request successfully

2022-03-29 22:09:06 - [MESSAGE][INFO] - HAR: I:\app-testing\app-project\Order car insurance\order-car-insurance\Reports\20220329_215823\3. Get feedback insurance - Batch 1\20220329_215824\requests\main\396.har

2022-03-29 22:09:06 - [MESSAGE][PASSED] - Send request successfully

2022-03-29 22:09:06 - [TEST_STEP][PASSED] - slurper = new groovy.json.JsonSlurper(): null

2022-03-29 22:09:06 - [TEST_STEP][PASSED] - get_token = slurper.parseText(token.getResponseBodyContent()): null

2022-03-29 22:09:06 - [TEST_STEP][PASSED] - private_token = access_token: null

2022-03-29 22:09:06 - [TEST_STEP][PASSED] - global_token = private_token: null

2022-03-29 22:09:06 - [TEST_STEP][PASSED] - println("token is :" + global_token): null

2022-03-29 22:09:06 - [TEST_STEP][PASSED] - response_token = token.getResponseText(): null

2022-03-29 22:09:06 - [TEST_STEP][PASSED] - logInfo($response_token): 
            {
                "token_type": "BearerToken",
                "access_token": "pB7E2GwyOBZFOH1KJkPnMJydoDrb",
                "expires_in": "1799",
                "scope": ""
            }
        

2022-03-29 22:09:06 - [MESSAGE][INFO] - 
            {
                "token_type": "BearerToken",
                "access_token": "pB7E2GwyOBZFOH1KJkPnMJydoDrb",
                "expires_in": "1799",
                "scope": ""
            }
        

2022-03-29 22:09:06 - [TEST_STEP][PASSED] - feedback = sendRequest(findTestObject("4. Feedback-ins", ["s_key":global_token, "batchid":batchid, "norek":norek, "nopin":nopin, "custname":custname, "pemohon":pemohon, "branchid":branchid, ... ])): Send request successfully

2022-03-29 22:09:07 - [MESSAGE][INFO] - HAR: I:\app-testing\app-project\Order car insurance\order-car-insurance\Reports\20220329_215823\3. Get feedback insurance - Batch 1\20220329_215824\requests\main\397.har

2022-03-29 22:09:07 - [MESSAGE][PASSED] - Send request successfully

2022-03-29 22:09:07 - [TEST_STEP][PASSED] - response_feedback = feedback.getResponseText(): null

2022-03-29 22:09:07 - [TEST_STEP][PASSED] - markPassed("result feedback data : " + no + " norek : " + norek + " nopin : " + nopin): result feedback data : 208 norek : 9570010549 nopin : 001

2022-03-29 22:09:07 - [MESSAGE][PASSED] - result feedback data : 208 norek : 9570010549 nopin : 001

2022-03-29 22:09:07 - [TEST_STEP][PASSED] - logInfo($response_feedback): {
  "FeedbackCarInsuranceResponse" : {
    "errorCode" : "00",
    "errorMessage" : "Sukses"
  }
}

2022-03-29 22:09:07 - [MESSAGE][INFO] - {
  "FeedbackCarInsuranceResponse" : {
    "errorCode" : "00",
    "errorMessage" : "Sukses"
  }
}

2022-03-29 22:09:07 - [TEST_STEP][PASSED] - verifyElementPropertyValue(feedback, "FeedbackCarInsuranceResponse.errorMessage", "Sukses", CONTINUE_ON_FAILURE): Verify element property value successfully

2022-03-29 22:09:07 - [MESSAGE][PASSED] - Verify element property value successfully]]></system-out>
         <system-err><![CDATA[]]></system-err>
      </testcase>
      <testcase name="Test Cases/3. get token - feedback insurance" time="1.172" classname="Test Cases/3. get token - feedback insurance" status="PASSED">
         <system-out><![CDATA[2022-03-29 22:09:07 - [TEST_CASE][PASSED] - Test Cases/3. get token - feedback insurance: Test Cases/3. get token - feedback insurance

2022-03-29 22:09:07 - [TEST_STEP][PASSED] - token = sendRequest(findTestObject("1. Get-Token")): Send request successfully

2022-03-29 22:09:08 - [MESSAGE][INFO] - HAR: I:\app-testing\app-project\Order car insurance\order-car-insurance\Reports\20220329_215823\3. Get feedback insurance - Batch 1\20220329_215824\requests\main\398.har

2022-03-29 22:09:08 - [MESSAGE][PASSED] - Send request successfully

2022-03-29 22:09:08 - [TEST_STEP][PASSED] - slurper = new groovy.json.JsonSlurper(): null

2022-03-29 22:09:08 - [TEST_STEP][PASSED] - get_token = slurper.parseText(token.getResponseBodyContent()): null

2022-03-29 22:09:08 - [TEST_STEP][PASSED] - private_token = access_token: null

2022-03-29 22:09:08 - [TEST_STEP][PASSED] - global_token = private_token: null

2022-03-29 22:09:08 - [TEST_STEP][PASSED] - println("token is :" + global_token): null

2022-03-29 22:09:08 - [TEST_STEP][PASSED] - response_token = token.getResponseText(): null

2022-03-29 22:09:08 - [TEST_STEP][PASSED] - logInfo($response_token): 
            {
                "token_type": "BearerToken",
                "access_token": "23EmKBd75s8A71UimuMZGfoNin6y",
                "expires_in": "1799",
                "scope": ""
            }
        

2022-03-29 22:09:08 - [MESSAGE][INFO] - 
            {
                "token_type": "BearerToken",
                "access_token": "23EmKBd75s8A71UimuMZGfoNin6y",
                "expires_in": "1799",
                "scope": ""
            }
        

2022-03-29 22:09:08 - [TEST_STEP][PASSED] - feedback = sendRequest(findTestObject("4. Feedback-ins", ["s_key":global_token, "batchid":batchid, "norek":norek, "nopin":nopin, "custname":custname, "pemohon":pemohon, "branchid":branchid, ... ])): Send request successfully

2022-03-29 22:09:09 - [MESSAGE][INFO] - HAR: I:\app-testing\app-project\Order car insurance\order-car-insurance\Reports\20220329_215823\3. Get feedback insurance - Batch 1\20220329_215824\requests\main\399.har

2022-03-29 22:09:09 - [MESSAGE][PASSED] - Send request successfully

2022-03-29 22:09:09 - [TEST_STEP][PASSED] - response_feedback = feedback.getResponseText(): null

2022-03-29 22:09:09 - [TEST_STEP][PASSED] - markPassed("result feedback data : " + no + " norek : " + norek + " nopin : " + nopin): result feedback data : 209 norek : 9570010549 nopin : 001

2022-03-29 22:09:09 - [MESSAGE][PASSED] - result feedback data : 209 norek : 9570010549 nopin : 001

2022-03-29 22:09:09 - [TEST_STEP][PASSED] - logInfo($response_feedback): {
  "FeedbackCarInsuranceResponse" : {
    "errorCode" : "00",
    "errorMessage" : "Sukses"
  }
}

2022-03-29 22:09:09 - [MESSAGE][INFO] - {
  "FeedbackCarInsuranceResponse" : {
    "errorCode" : "00",
    "errorMessage" : "Sukses"
  }
}

2022-03-29 22:09:09 - [TEST_STEP][PASSED] - verifyElementPropertyValue(feedback, "FeedbackCarInsuranceResponse.errorMessage", "Sukses", CONTINUE_ON_FAILURE): Verify element property value successfully

2022-03-29 22:09:09 - [MESSAGE][PASSED] - Verify element property value successfully]]></system-out>
         <system-err><![CDATA[]]></system-err>
      </testcase>
      <testcase name="Test Cases/3. get token - feedback insurance" time="1.08" classname="Test Cases/3. get token - feedback insurance" status="PASSED">
         <system-out><![CDATA[2022-03-29 22:09:09 - [TEST_CASE][PASSED] - Test Cases/3. get token - feedback insurance: Test Cases/3. get token - feedback insurance

2022-03-29 22:09:09 - [TEST_STEP][PASSED] - token = sendRequest(findTestObject("1. Get-Token")): Send request successfully

2022-03-29 22:09:09 - [MESSAGE][INFO] - HAR: I:\app-testing\app-project\Order car insurance\order-car-insurance\Reports\20220329_215823\3. Get feedback insurance - Batch 1\20220329_215824\requests\main\400.har

2022-03-29 22:09:09 - [MESSAGE][PASSED] - Send request successfully

2022-03-29 22:09:09 - [TEST_STEP][PASSED] - slurper = new groovy.json.JsonSlurper(): null

2022-03-29 22:09:09 - [TEST_STEP][PASSED] - get_token = slurper.parseText(token.getResponseBodyContent()): null

2022-03-29 22:09:09 - [TEST_STEP][PASSED] - private_token = access_token: null

2022-03-29 22:09:09 - [TEST_STEP][PASSED] - global_token = private_token: null

2022-03-29 22:09:09 - [TEST_STEP][PASSED] - println("token is :" + global_token): null

2022-03-29 22:09:09 - [TEST_STEP][PASSED] - response_token = token.getResponseText(): null

2022-03-29 22:09:09 - [TEST_STEP][PASSED] - logInfo($response_token): 
            {
                "token_type": "BearerToken",
                "access_token": "IwhnWxUuhbBeDGzIiPACKAAFAGZs",
                "expires_in": "1799",
                "scope": ""
            }
        

2022-03-29 22:09:09 - [MESSAGE][INFO] - 
            {
                "token_type": "BearerToken",
                "access_token": "IwhnWxUuhbBeDGzIiPACKAAFAGZs",
                "expires_in": "1799",
                "scope": ""
            }
        

2022-03-29 22:09:09 - [TEST_STEP][PASSED] - feedback = sendRequest(findTestObject("4. Feedback-ins", ["s_key":global_token, "batchid":batchid, "norek":norek, "nopin":nopin, "custname":custname, "pemohon":pemohon, "branchid":branchid, ... ])): Send request successfully

2022-03-29 22:09:10 - [MESSAGE][INFO] - HAR: I:\app-testing\app-project\Order car insurance\order-car-insurance\Reports\20220329_215823\3. Get feedback insurance - Batch 1\20220329_215824\requests\main\401.har

2022-03-29 22:09:10 - [MESSAGE][PASSED] - Send request successfully

2022-03-29 22:09:10 - [TEST_STEP][PASSED] - response_feedback = feedback.getResponseText(): null

2022-03-29 22:09:10 - [TEST_STEP][PASSED] - markPassed("result feedback data : " + no + " norek : " + norek + " nopin : " + nopin): result feedback data : 210 norek : 9570010549 nopin : 001

2022-03-29 22:09:10 - [MESSAGE][PASSED] - result feedback data : 210 norek : 9570010549 nopin : 001

2022-03-29 22:09:10 - [TEST_STEP][PASSED] - logInfo($response_feedback): {
  "FeedbackCarInsuranceResponse" : {
    "errorCode" : "00",
    "errorMessage" : "Sukses"
  }
}

2022-03-29 22:09:10 - [MESSAGE][INFO] - {
  "FeedbackCarInsuranceResponse" : {
    "errorCode" : "00",
    "errorMessage" : "Sukses"
  }
}

2022-03-29 22:09:10 - [TEST_STEP][PASSED] - verifyElementPropertyValue(feedback, "FeedbackCarInsuranceResponse.errorMessage", "Sukses", CONTINUE_ON_FAILURE): Verify element property value successfully

2022-03-29 22:09:10 - [MESSAGE][PASSED] - Verify element property value successfully]]></system-out>
         <system-err><![CDATA[]]></system-err>
      </testcase>
      <testcase name="Test Cases/3. get token - feedback insurance" time="1.373" classname="Test Cases/3. get token - feedback insurance" status="PASSED">
         <system-out><![CDATA[2022-03-29 22:09:11 - [TEST_CASE][PASSED] - Test Cases/3. get token - feedback insurance: Test Cases/3. get token - feedback insurance

2022-03-29 22:09:11 - [TEST_STEP][PASSED] - token = sendRequest(findTestObject("1. Get-Token")): Send request successfully

2022-03-29 22:09:11 - [MESSAGE][INFO] - HAR: I:\app-testing\app-project\Order car insurance\order-car-insurance\Reports\20220329_215823\3. Get feedback insurance - Batch 1\20220329_215824\requests\main\402.har

2022-03-29 22:09:11 - [MESSAGE][PASSED] - Send request successfully

2022-03-29 22:09:11 - [TEST_STEP][PASSED] - slurper = new groovy.json.JsonSlurper(): null

2022-03-29 22:09:11 - [TEST_STEP][PASSED] - get_token = slurper.parseText(token.getResponseBodyContent()): null

2022-03-29 22:09:11 - [TEST_STEP][PASSED] - private_token = access_token: null

2022-03-29 22:09:11 - [TEST_STEP][PASSED] - global_token = private_token: null

2022-03-29 22:09:11 - [TEST_STEP][PASSED] - println("token is :" + global_token): null

2022-03-29 22:09:11 - [TEST_STEP][PASSED] - response_token = token.getResponseText(): null

2022-03-29 22:09:11 - [TEST_STEP][PASSED] - logInfo($response_token): 
            {
                "token_type": "BearerToken",
                "access_token": "bFfwjixymecpogmM5XAEiyUDf5ga",
                "expires_in": "1799",
                "scope": ""
            }
        

2022-03-29 22:09:11 - [MESSAGE][INFO] - 
            {
                "token_type": "BearerToken",
                "access_token": "bFfwjixymecpogmM5XAEiyUDf5ga",
                "expires_in": "1799",
                "scope": ""
            }
        

2022-03-29 22:09:11 - [TEST_STEP][PASSED] - feedback = sendRequest(findTestObject("4. Feedback-ins", ["s_key":global_token, "batchid":batchid, "norek":norek, "nopin":nopin, "custname":custname, "pemohon":pemohon, "branchid":branchid, ... ])): Send request successfully

2022-03-29 22:09:12 - [MESSAGE][INFO] - HAR: I:\app-testing\app-project\Order car insurance\order-car-insurance\Reports\20220329_215823\3. Get feedback insurance - Batch 1\20220329_215824\requests\main\403.har

2022-03-29 22:09:12 - [MESSAGE][PASSED] - Send request successfully

2022-03-29 22:09:12 - [TEST_STEP][PASSED] - response_feedback = feedback.getResponseText(): null

2022-03-29 22:09:12 - [TEST_STEP][PASSED] - markPassed("result feedback data : " + no + " norek : " + norek + " nopin : " + nopin): result feedback data : 211 norek : 9570010565 nopin : 001

2022-03-29 22:09:12 - [MESSAGE][PASSED] - result feedback data : 211 norek : 9570010565 nopin : 001

2022-03-29 22:09:12 - [TEST_STEP][PASSED] - logInfo($response_feedback): {
  "FeedbackCarInsuranceResponse" : {
    "errorCode" : "00",
    "errorMessage" : "Sukses"
  }
}

2022-03-29 22:09:12 - [MESSAGE][INFO] - {
  "FeedbackCarInsuranceResponse" : {
    "errorCode" : "00",
    "errorMessage" : "Sukses"
  }
}

2022-03-29 22:09:12 - [TEST_STEP][PASSED] - verifyElementPropertyValue(feedback, "FeedbackCarInsuranceResponse.errorMessage", "Sukses", CONTINUE_ON_FAILURE): Verify element property value successfully

2022-03-29 22:09:12 - [MESSAGE][PASSED] - Verify element property value successfully]]></system-out>
         <system-err><![CDATA[]]></system-err>
      </testcase>
      <testcase name="Test Cases/3. get token - feedback insurance" time="1.434" classname="Test Cases/3. get token - feedback insurance" status="PASSED">
         <system-out><![CDATA[2022-03-29 22:09:12 - [TEST_CASE][PASSED] - Test Cases/3. get token - feedback insurance: Test Cases/3. get token - feedback insurance

2022-03-29 22:09:12 - [TEST_STEP][PASSED] - token = sendRequest(findTestObject("1. Get-Token")): Send request successfully

2022-03-29 22:09:12 - [MESSAGE][INFO] - HAR: I:\app-testing\app-project\Order car insurance\order-car-insurance\Reports\20220329_215823\3. Get feedback insurance - Batch 1\20220329_215824\requests\main\404.har

2022-03-29 22:09:13 - [MESSAGE][PASSED] - Send request successfully

2022-03-29 22:09:13 - [TEST_STEP][PASSED] - slurper = new groovy.json.JsonSlurper(): null

2022-03-29 22:09:13 - [TEST_STEP][PASSED] - get_token = slurper.parseText(token.getResponseBodyContent()): null

2022-03-29 22:09:13 - [TEST_STEP][PASSED] - private_token = access_token: null

2022-03-29 22:09:13 - [TEST_STEP][PASSED] - global_token = private_token: null

2022-03-29 22:09:13 - [TEST_STEP][PASSED] - println("token is :" + global_token): null

2022-03-29 22:09:13 - [TEST_STEP][PASSED] - response_token = token.getResponseText(): null

2022-03-29 22:09:13 - [TEST_STEP][PASSED] - logInfo($response_token): 
            {
                "token_type": "BearerToken",
                "access_token": "quAPSbv4YY7NEokyZywcYmH6eYlA",
                "expires_in": "1799",
                "scope": ""
            }
        

2022-03-29 22:09:13 - [MESSAGE][INFO] - 
            {
                "token_type": "BearerToken",
                "access_token": "quAPSbv4YY7NEokyZywcYmH6eYlA",
                "expires_in": "1799",
                "scope": ""
            }
        

2022-03-29 22:09:13 - [TEST_STEP][PASSED] - feedback = sendRequest(findTestObject("4. Feedback-ins", ["s_key":global_token, "batchid":batchid, "norek":norek, "nopin":nopin, "custname":custname, "pemohon":pemohon, "branchid":branchid, ... ])): Send request successfully

2022-03-29 22:09:14 - [MESSAGE][INFO] - HAR: I:\app-testing\app-project\Order car insurance\order-car-insurance\Reports\20220329_215823\3. Get feedback insurance - Batch 1\20220329_215824\requests\main\405.har

2022-03-29 22:09:14 - [MESSAGE][PASSED] - Send request successfully

2022-03-29 22:09:14 - [TEST_STEP][PASSED] - response_feedback = feedback.getResponseText(): null

2022-03-29 22:09:14 - [TEST_STEP][PASSED] - markPassed("result feedback data : " + no + " norek : " + norek + " nopin : " + nopin): result feedback data : 212 norek : 9570010565 nopin : 001

2022-03-29 22:09:14 - [MESSAGE][PASSED] - result feedback data : 212 norek : 9570010565 nopin : 001

2022-03-29 22:09:14 - [TEST_STEP][PASSED] - logInfo($response_feedback): {
  "FeedbackCarInsuranceResponse" : {
    "errorCode" : "00",
    "errorMessage" : "Sukses"
  }
}

2022-03-29 22:09:14 - [MESSAGE][INFO] - {
  "FeedbackCarInsuranceResponse" : {
    "errorCode" : "00",
    "errorMessage" : "Sukses"
  }
}

2022-03-29 22:09:14 - [TEST_STEP][PASSED] - verifyElementPropertyValue(feedback, "FeedbackCarInsuranceResponse.errorMessage", "Sukses", CONTINUE_ON_FAILURE): Verify element property value successfully

2022-03-29 22:09:14 - [MESSAGE][PASSED] - Verify element property value successfully]]></system-out>
         <system-err><![CDATA[]]></system-err>
      </testcase>
      <testcase name="Test Cases/3. get token - feedback insurance" time="1.595" classname="Test Cases/3. get token - feedback insurance" status="PASSED">
         <system-out><![CDATA[2022-03-29 22:09:14 - [TEST_CASE][PASSED] - Test Cases/3. get token - feedback insurance: Test Cases/3. get token - feedback insurance

2022-03-29 22:09:14 - [TEST_STEP][PASSED] - token = sendRequest(findTestObject("1. Get-Token")): Send request successfully

2022-03-29 22:09:14 - [MESSAGE][INFO] - HAR: I:\app-testing\app-project\Order car insurance\order-car-insurance\Reports\20220329_215823\3. Get feedback insurance - Batch 1\20220329_215824\requests\main\406.har

2022-03-29 22:09:14 - [MESSAGE][PASSED] - Send request successfully

2022-03-29 22:09:14 - [TEST_STEP][PASSED] - slurper = new groovy.json.JsonSlurper(): null

2022-03-29 22:09:14 - [TEST_STEP][PASSED] - get_token = slurper.parseText(token.getResponseBodyContent()): null

2022-03-29 22:09:14 - [TEST_STEP][PASSED] - private_token = access_token: null

2022-03-29 22:09:14 - [TEST_STEP][PASSED] - global_token = private_token: null

2022-03-29 22:09:14 - [TEST_STEP][PASSED] - println("token is :" + global_token): null

2022-03-29 22:09:14 - [TEST_STEP][PASSED] - response_token = token.getResponseText(): null

2022-03-29 22:09:14 - [TEST_STEP][PASSED] - logInfo($response_token): 
            {
                "token_type": "BearerToken",
                "access_token": "bYt77u68MGAVY4rVGKuQ1lolkjUc",
                "expires_in": "1799",
                "scope": ""
            }
        

2022-03-29 22:09:14 - [MESSAGE][INFO] - 
            {
                "token_type": "BearerToken",
                "access_token": "bYt77u68MGAVY4rVGKuQ1lolkjUc",
                "expires_in": "1799",
                "scope": ""
            }
        

2022-03-29 22:09:14 - [TEST_STEP][PASSED] - feedback = sendRequest(findTestObject("4. Feedback-ins", ["s_key":global_token, "batchid":batchid, "norek":norek, "nopin":nopin, "custname":custname, "pemohon":pemohon, "branchid":branchid, ... ])): Send request successfully

2022-03-29 22:09:16 - [MESSAGE][INFO] - HAR: I:\app-testing\app-project\Order car insurance\order-car-insurance\Reports\20220329_215823\3. Get feedback insurance - Batch 1\20220329_215824\requests\main\407.har

2022-03-29 22:09:16 - [MESSAGE][PASSED] - Send request successfully

2022-03-29 22:09:16 - [TEST_STEP][PASSED] - response_feedback = feedback.getResponseText(): null

2022-03-29 22:09:16 - [TEST_STEP][PASSED] - markPassed("result feedback data : " + no + " norek : " + norek + " nopin : " + nopin): result feedback data : 213 norek : 9570010565 nopin : 001

2022-03-29 22:09:16 - [MESSAGE][PASSED] - result feedback data : 213 norek : 9570010565 nopin : 001

2022-03-29 22:09:16 - [TEST_STEP][PASSED] - logInfo($response_feedback): {
  "FeedbackCarInsuranceResponse" : {
    "errorCode" : "00",
    "errorMessage" : "Sukses"
  }
}

2022-03-29 22:09:16 - [MESSAGE][INFO] - {
  "FeedbackCarInsuranceResponse" : {
    "errorCode" : "00",
    "errorMessage" : "Sukses"
  }
}

2022-03-29 22:09:16 - [TEST_STEP][PASSED] - verifyElementPropertyValue(feedback, "FeedbackCarInsuranceResponse.errorMessage", "Sukses", CONTINUE_ON_FAILURE): Verify element property value successfully

2022-03-29 22:09:16 - [MESSAGE][PASSED] - Verify element property value successfully]]></system-out>
         <system-err><![CDATA[]]></system-err>
      </testcase>
      <testcase name="Test Cases/3. get token - feedback insurance" time="0.982" classname="Test Cases/3. get token - feedback insurance" status="PASSED">
         <system-out><![CDATA[2022-03-29 22:09:16 - [TEST_CASE][PASSED] - Test Cases/3. get token - feedback insurance: Test Cases/3. get token - feedback insurance

2022-03-29 22:09:16 - [TEST_STEP][PASSED] - token = sendRequest(findTestObject("1. Get-Token")): Send request successfully

2022-03-29 22:09:16 - [MESSAGE][INFO] - HAR: I:\app-testing\app-project\Order car insurance\order-car-insurance\Reports\20220329_215823\3. Get feedback insurance - Batch 1\20220329_215824\requests\main\408.har

2022-03-29 22:09:16 - [MESSAGE][PASSED] - Send request successfully

2022-03-29 22:09:16 - [TEST_STEP][PASSED] - slurper = new groovy.json.JsonSlurper(): null

2022-03-29 22:09:16 - [TEST_STEP][PASSED] - get_token = slurper.parseText(token.getResponseBodyContent()): null

2022-03-29 22:09:16 - [TEST_STEP][PASSED] - private_token = access_token: null

2022-03-29 22:09:16 - [TEST_STEP][PASSED] - global_token = private_token: null

2022-03-29 22:09:16 - [TEST_STEP][PASSED] - println("token is :" + global_token): null

2022-03-29 22:09:16 - [TEST_STEP][PASSED] - response_token = token.getResponseText(): null

2022-03-29 22:09:16 - [TEST_STEP][PASSED] - logInfo($response_token): 
            {
                "token_type": "BearerToken",
                "access_token": "OnFvmPZvAV1D6nCgn4SrD36FVooR",
                "expires_in": "1799",
                "scope": ""
            }
        

2022-03-29 22:09:16 - [MESSAGE][INFO] - 
            {
                "token_type": "BearerToken",
                "access_token": "OnFvmPZvAV1D6nCgn4SrD36FVooR",
                "expires_in": "1799",
                "scope": ""
            }
        

2022-03-29 22:09:16 - [TEST_STEP][PASSED] - feedback = sendRequest(findTestObject("4. Feedback-ins", ["s_key":global_token, "batchid":batchid, "norek":norek, "nopin":nopin, "custname":custname, "pemohon":pemohon, "branchid":branchid, ... ])): Send request successfully

2022-03-29 22:09:17 - [MESSAGE][INFO] - HAR: I:\app-testing\app-project\Order car insurance\order-car-insurance\Reports\20220329_215823\3. Get feedback insurance - Batch 1\20220329_215824\requests\main\409.har

2022-03-29 22:09:17 - [MESSAGE][PASSED] - Send request successfully

2022-03-29 22:09:17 - [TEST_STEP][PASSED] - response_feedback = feedback.getResponseText(): null

2022-03-29 22:09:17 - [TEST_STEP][PASSED] - markPassed("result feedback data : " + no + " norek : " + norek + " nopin : " + nopin): result feedback data : 214 norek : 9570010565 nopin : 001

2022-03-29 22:09:17 - [MESSAGE][PASSED] - result feedback data : 214 norek : 9570010565 nopin : 001

2022-03-29 22:09:17 - [TEST_STEP][PASSED] - logInfo($response_feedback): {
  "FeedbackCarInsuranceResponse" : {
    "errorCode" : "00",
    "errorMessage" : "Sukses"
  }
}

2022-03-29 22:09:17 - [MESSAGE][INFO] - {
  "FeedbackCarInsuranceResponse" : {
    "errorCode" : "00",
    "errorMessage" : "Sukses"
  }
}

2022-03-29 22:09:17 - [TEST_STEP][PASSED] - verifyElementPropertyValue(feedback, "FeedbackCarInsuranceResponse.errorMessage", "Sukses", CONTINUE_ON_FAILURE): Verify element property value successfully

2022-03-29 22:09:17 - [MESSAGE][PASSED] - Verify element property value successfully]]></system-out>
         <system-err><![CDATA[]]></system-err>
      </testcase>
      <testcase name="Test Cases/3. get token - feedback insurance" time="1.325" classname="Test Cases/3. get token - feedback insurance" status="PASSED">
         <system-out><![CDATA[2022-03-29 22:09:17 - [TEST_CASE][PASSED] - Test Cases/3. get token - feedback insurance: Test Cases/3. get token - feedback insurance

2022-03-29 22:09:17 - [TEST_STEP][PASSED] - token = sendRequest(findTestObject("1. Get-Token")): Send request successfully

2022-03-29 22:09:18 - [MESSAGE][INFO] - HAR: I:\app-testing\app-project\Order car insurance\order-car-insurance\Reports\20220329_215823\3. Get feedback insurance - Batch 1\20220329_215824\requests\main\410.har

2022-03-29 22:09:18 - [MESSAGE][PASSED] - Send request successfully

2022-03-29 22:09:18 - [TEST_STEP][PASSED] - slurper = new groovy.json.JsonSlurper(): null

2022-03-29 22:09:18 - [TEST_STEP][PASSED] - get_token = slurper.parseText(token.getResponseBodyContent()): null

2022-03-29 22:09:18 - [TEST_STEP][PASSED] - private_token = access_token: null

2022-03-29 22:09:18 - [TEST_STEP][PASSED] - global_token = private_token: null

2022-03-29 22:09:18 - [TEST_STEP][PASSED] - println("token is :" + global_token): null

2022-03-29 22:09:18 - [TEST_STEP][PASSED] - response_token = token.getResponseText(): null

2022-03-29 22:09:18 - [TEST_STEP][PASSED] - logInfo($response_token): 
            {
                "token_type": "BearerToken",
                "access_token": "8PgoHqrR4161vEPxAHjvcmSXAoGH",
                "expires_in": "1799",
                "scope": ""
            }
        

2022-03-29 22:09:18 - [MESSAGE][INFO] - 
            {
                "token_type": "BearerToken",
                "access_token": "8PgoHqrR4161vEPxAHjvcmSXAoGH",
                "expires_in": "1799",
                "scope": ""
            }
        

2022-03-29 22:09:18 - [TEST_STEP][PASSED] - feedback = sendRequest(findTestObject("4. Feedback-ins", ["s_key":global_token, "batchid":batchid, "norek":norek, "nopin":nopin, "custname":custname, "pemohon":pemohon, "branchid":branchid, ... ])): Send request successfully

2022-03-29 22:09:19 - [MESSAGE][INFO] - HAR: I:\app-testing\app-project\Order car insurance\order-car-insurance\Reports\20220329_215823\3. Get feedback insurance - Batch 1\20220329_215824\requests\main\411.har

2022-03-29 22:09:19 - [MESSAGE][PASSED] - Send request successfully

2022-03-29 22:09:19 - [TEST_STEP][PASSED] - response_feedback = feedback.getResponseText(): null

2022-03-29 22:09:19 - [TEST_STEP][PASSED] - markPassed("result feedback data : " + no + " norek : " + norek + " nopin : " + nopin): result feedback data : 215 norek : 9570010565 nopin : 001

2022-03-29 22:09:19 - [MESSAGE][PASSED] - result feedback data : 215 norek : 9570010565 nopin : 001

2022-03-29 22:09:19 - [TEST_STEP][PASSED] - logInfo($response_feedback): {
  "FeedbackCarInsuranceResponse" : {
    "errorCode" : "00",
    "errorMessage" : "Sukses"
  }
}

2022-03-29 22:09:19 - [MESSAGE][INFO] - {
  "FeedbackCarInsuranceResponse" : {
    "errorCode" : "00",
    "errorMessage" : "Sukses"
  }
}

2022-03-29 22:09:19 - [TEST_STEP][PASSED] - verifyElementPropertyValue(feedback, "FeedbackCarInsuranceResponse.errorMessage", "Sukses", CONTINUE_ON_FAILURE): Verify element property value successfully

2022-03-29 22:09:19 - [MESSAGE][PASSED] - Verify element property value successfully]]></system-out>
         <system-err><![CDATA[]]></system-err>
      </testcase>
      <testcase name="Test Cases/3. get token - feedback insurance" time="1.225" classname="Test Cases/3. get token - feedback insurance" status="PASSED">
         <system-out><![CDATA[2022-03-29 22:09:19 - [TEST_CASE][PASSED] - Test Cases/3. get token - feedback insurance: Test Cases/3. get token - feedback insurance

2022-03-29 22:09:19 - [TEST_STEP][PASSED] - token = sendRequest(findTestObject("1. Get-Token")): Send request successfully

2022-03-29 22:09:19 - [MESSAGE][INFO] - HAR: I:\app-testing\app-project\Order car insurance\order-car-insurance\Reports\20220329_215823\3. Get feedback insurance - Batch 1\20220329_215824\requests\main\412.har

2022-03-29 22:09:19 - [MESSAGE][PASSED] - Send request successfully

2022-03-29 22:09:19 - [TEST_STEP][PASSED] - slurper = new groovy.json.JsonSlurper(): null

2022-03-29 22:09:19 - [TEST_STEP][PASSED] - get_token = slurper.parseText(token.getResponseBodyContent()): null

2022-03-29 22:09:19 - [TEST_STEP][PASSED] - private_token = access_token: null

2022-03-29 22:09:19 - [TEST_STEP][PASSED] - global_token = private_token: null

2022-03-29 22:09:19 - [TEST_STEP][PASSED] - println("token is :" + global_token): null

2022-03-29 22:09:19 - [TEST_STEP][PASSED] - response_token = token.getResponseText(): null

2022-03-29 22:09:19 - [TEST_STEP][PASSED] - logInfo($response_token): 
            {
                "token_type": "BearerToken",
                "access_token": "xzmfDD4DvBnludKPecSiGt58En2O",
                "expires_in": "1799",
                "scope": ""
            }
        

2022-03-29 22:09:19 - [MESSAGE][INFO] - 
            {
                "token_type": "BearerToken",
                "access_token": "xzmfDD4DvBnludKPecSiGt58En2O",
                "expires_in": "1799",
                "scope": ""
            }
        

2022-03-29 22:09:19 - [TEST_STEP][PASSED] - feedback = sendRequest(findTestObject("4. Feedback-ins", ["s_key":global_token, "batchid":batchid, "norek":norek, "nopin":nopin, "custname":custname, "pemohon":pemohon, "branchid":branchid, ... ])): Send request successfully

2022-03-29 22:09:20 - [MESSAGE][INFO] - HAR: I:\app-testing\app-project\Order car insurance\order-car-insurance\Reports\20220329_215823\3. Get feedback insurance - Batch 1\20220329_215824\requests\main\413.har

2022-03-29 22:09:20 - [MESSAGE][PASSED] - Send request successfully

2022-03-29 22:09:20 - [TEST_STEP][PASSED] - response_feedback = feedback.getResponseText(): null

2022-03-29 22:09:20 - [TEST_STEP][PASSED] - markPassed("result feedback data : " + no + " norek : " + norek + " nopin : " + nopin): result feedback data : 216 norek : 9570010565 nopin : 001

2022-03-29 22:09:20 - [MESSAGE][PASSED] - result feedback data : 216 norek : 9570010565 nopin : 001

2022-03-29 22:09:20 - [TEST_STEP][PASSED] - logInfo($response_feedback): {
  "FeedbackCarInsuranceResponse" : {
    "errorCode" : "00",
    "errorMessage" : "Sukses"
  }
}

2022-03-29 22:09:20 - [MESSAGE][INFO] - {
  "FeedbackCarInsuranceResponse" : {
    "errorCode" : "00",
    "errorMessage" : "Sukses"
  }
}

2022-03-29 22:09:20 - [TEST_STEP][PASSED] - verifyElementPropertyValue(feedback, "FeedbackCarInsuranceResponse.errorMessage", "Sukses", CONTINUE_ON_FAILURE): Verify element property value successfully

2022-03-29 22:09:20 - [MESSAGE][PASSED] - Verify element property value successfully]]></system-out>
         <system-err><![CDATA[]]></system-err>
      </testcase>
      <testcase name="Test Cases/3. get token - feedback insurance" time="0.887" classname="Test Cases/3. get token - feedback insurance" status="PASSED">
         <system-out><![CDATA[2022-03-29 22:09:21 - [TEST_CASE][PASSED] - Test Cases/3. get token - feedback insurance: Test Cases/3. get token - feedback insurance

2022-03-29 22:09:21 - [TEST_STEP][PASSED] - token = sendRequest(findTestObject("1. Get-Token")): Send request successfully

2022-03-29 22:09:21 - [MESSAGE][INFO] - HAR: I:\app-testing\app-project\Order car insurance\order-car-insurance\Reports\20220329_215823\3. Get feedback insurance - Batch 1\20220329_215824\requests\main\414.har

2022-03-29 22:09:21 - [MESSAGE][PASSED] - Send request successfully

2022-03-29 22:09:21 - [TEST_STEP][PASSED] - slurper = new groovy.json.JsonSlurper(): null

2022-03-29 22:09:21 - [TEST_STEP][PASSED] - get_token = slurper.parseText(token.getResponseBodyContent()): null

2022-03-29 22:09:21 - [TEST_STEP][PASSED] - private_token = access_token: null

2022-03-29 22:09:21 - [TEST_STEP][PASSED] - global_token = private_token: null

2022-03-29 22:09:21 - [TEST_STEP][PASSED] - println("token is :" + global_token): null

2022-03-29 22:09:21 - [TEST_STEP][PASSED] - response_token = token.getResponseText(): null

2022-03-29 22:09:21 - [TEST_STEP][PASSED] - logInfo($response_token): 
            {
                "token_type": "BearerToken",
                "access_token": "4MWmuTxRZvXr5cgtGMObwWHkmAa2",
                "expires_in": "1799",
                "scope": ""
            }
        

2022-03-29 22:09:21 - [MESSAGE][INFO] - 
            {
                "token_type": "BearerToken",
                "access_token": "4MWmuTxRZvXr5cgtGMObwWHkmAa2",
                "expires_in": "1799",
                "scope": ""
            }
        

2022-03-29 22:09:21 - [TEST_STEP][PASSED] - feedback = sendRequest(findTestObject("4. Feedback-ins", ["s_key":global_token, "batchid":batchid, "norek":norek, "nopin":nopin, "custname":custname, "pemohon":pemohon, "branchid":branchid, ... ])): Send request successfully

2022-03-29 22:09:22 - [MESSAGE][INFO] - HAR: I:\app-testing\app-project\Order car insurance\order-car-insurance\Reports\20220329_215823\3. Get feedback insurance - Batch 1\20220329_215824\requests\main\415.har

2022-03-29 22:09:22 - [MESSAGE][PASSED] - Send request successfully

2022-03-29 22:09:22 - [TEST_STEP][PASSED] - response_feedback = feedback.getResponseText(): null

2022-03-29 22:09:22 - [TEST_STEP][PASSED] - markPassed("result feedback data : " + no + " norek : " + norek + " nopin : " + nopin): result feedback data : 217 norek : 9570010566 nopin : 001

2022-03-29 22:09:22 - [MESSAGE][PASSED] - result feedback data : 217 norek : 9570010566 nopin : 001

2022-03-29 22:09:22 - [TEST_STEP][PASSED] - logInfo($response_feedback): {
  "FeedbackCarInsuranceResponse" : {
    "errorCode" : "00",
    "errorMessage" : "Sukses"
  }
}

2022-03-29 22:09:22 - [MESSAGE][INFO] - {
  "FeedbackCarInsuranceResponse" : {
    "errorCode" : "00",
    "errorMessage" : "Sukses"
  }
}

2022-03-29 22:09:22 - [TEST_STEP][PASSED] - verifyElementPropertyValue(feedback, "FeedbackCarInsuranceResponse.errorMessage", "Sukses", CONTINUE_ON_FAILURE): Verify element property value successfully

2022-03-29 22:09:22 - [MESSAGE][PASSED] - Verify element property value successfully]]></system-out>
         <system-err><![CDATA[]]></system-err>
      </testcase>
      <testcase name="Test Cases/3. get token - feedback insurance" time="1.384" classname="Test Cases/3. get token - feedback insurance" status="PASSED">
         <system-out><![CDATA[2022-03-29 22:09:22 - [TEST_CASE][PASSED] - Test Cases/3. get token - feedback insurance: Test Cases/3. get token - feedback insurance

2022-03-29 22:09:22 - [TEST_STEP][PASSED] - token = sendRequest(findTestObject("1. Get-Token")): Send request successfully

2022-03-29 22:09:22 - [MESSAGE][INFO] - HAR: I:\app-testing\app-project\Order car insurance\order-car-insurance\Reports\20220329_215823\3. Get feedback insurance - Batch 1\20220329_215824\requests\main\416.har

2022-03-29 22:09:22 - [MESSAGE][PASSED] - Send request successfully

2022-03-29 22:09:22 - [TEST_STEP][PASSED] - slurper = new groovy.json.JsonSlurper(): null

2022-03-29 22:09:22 - [TEST_STEP][PASSED] - get_token = slurper.parseText(token.getResponseBodyContent()): null

2022-03-29 22:09:22 - [TEST_STEP][PASSED] - private_token = access_token: null

2022-03-29 22:09:22 - [TEST_STEP][PASSED] - global_token = private_token: null

2022-03-29 22:09:22 - [TEST_STEP][PASSED] - println("token is :" + global_token): null

2022-03-29 22:09:22 - [TEST_STEP][PASSED] - response_token = token.getResponseText(): null

2022-03-29 22:09:22 - [TEST_STEP][PASSED] - logInfo($response_token): 
            {
                "token_type": "BearerToken",
                "access_token": "eOJm0sF47F8ctFKt5wUSOUDMtTQ7",
                "expires_in": "1799",
                "scope": ""
            }
        

2022-03-29 22:09:22 - [MESSAGE][INFO] - 
            {
                "token_type": "BearerToken",
                "access_token": "eOJm0sF47F8ctFKt5wUSOUDMtTQ7",
                "expires_in": "1799",
                "scope": ""
            }
        

2022-03-29 22:09:22 - [TEST_STEP][PASSED] - feedback = sendRequest(findTestObject("4. Feedback-ins", ["s_key":global_token, "batchid":batchid, "norek":norek, "nopin":nopin, "custname":custname, "pemohon":pemohon, "branchid":branchid, ... ])): Send request successfully

2022-03-29 22:09:23 - [MESSAGE][INFO] - HAR: I:\app-testing\app-project\Order car insurance\order-car-insurance\Reports\20220329_215823\3. Get feedback insurance - Batch 1\20220329_215824\requests\main\417.har

2022-03-29 22:09:23 - [MESSAGE][PASSED] - Send request successfully

2022-03-29 22:09:23 - [TEST_STEP][PASSED] - response_feedback = feedback.getResponseText(): null

2022-03-29 22:09:23 - [TEST_STEP][PASSED] - markPassed("result feedback data : " + no + " norek : " + norek + " nopin : " + nopin): result feedback data : 218 norek : 9570010566 nopin : 001

2022-03-29 22:09:23 - [MESSAGE][PASSED] - result feedback data : 218 norek : 9570010566 nopin : 001

2022-03-29 22:09:23 - [TEST_STEP][PASSED] - logInfo($response_feedback): {
  "FeedbackCarInsuranceResponse" : {
    "errorCode" : "00",
    "errorMessage" : "Sukses"
  }
}

2022-03-29 22:09:23 - [MESSAGE][INFO] - {
  "FeedbackCarInsuranceResponse" : {
    "errorCode" : "00",
    "errorMessage" : "Sukses"
  }
}

2022-03-29 22:09:23 - [TEST_STEP][PASSED] - verifyElementPropertyValue(feedback, "FeedbackCarInsuranceResponse.errorMessage", "Sukses", CONTINUE_ON_FAILURE): Verify element property value successfully

2022-03-29 22:09:23 - [MESSAGE][PASSED] - Verify element property value successfully]]></system-out>
         <system-err><![CDATA[]]></system-err>
      </testcase>
      <testcase name="Test Cases/3. get token - feedback insurance" time="1.087" classname="Test Cases/3. get token - feedback insurance" status="PASSED">
         <system-out><![CDATA[2022-03-29 22:09:24 - [TEST_CASE][PASSED] - Test Cases/3. get token - feedback insurance: Test Cases/3. get token - feedback insurance

2022-03-29 22:09:24 - [TEST_STEP][PASSED] - token = sendRequest(findTestObject("1. Get-Token")): Send request successfully

2022-03-29 22:09:24 - [MESSAGE][INFO] - HAR: I:\app-testing\app-project\Order car insurance\order-car-insurance\Reports\20220329_215823\3. Get feedback insurance - Batch 1\20220329_215824\requests\main\418.har

2022-03-29 22:09:24 - [MESSAGE][PASSED] - Send request successfully

2022-03-29 22:09:24 - [TEST_STEP][PASSED] - slurper = new groovy.json.JsonSlurper(): null

2022-03-29 22:09:24 - [TEST_STEP][PASSED] - get_token = slurper.parseText(token.getResponseBodyContent()): null

2022-03-29 22:09:24 - [TEST_STEP][PASSED] - private_token = access_token: null

2022-03-29 22:09:24 - [TEST_STEP][PASSED] - global_token = private_token: null

2022-03-29 22:09:24 - [TEST_STEP][PASSED] - println("token is :" + global_token): null

2022-03-29 22:09:24 - [TEST_STEP][PASSED] - response_token = token.getResponseText(): null

2022-03-29 22:09:24 - [TEST_STEP][PASSED] - logInfo($response_token): 
            {
                "token_type": "BearerToken",
                "access_token": "RBS4il6buIpkQg8B84gJnvZHjM3f",
                "expires_in": "1799",
                "scope": ""
            }
        

2022-03-29 22:09:24 - [MESSAGE][INFO] - 
            {
                "token_type": "BearerToken",
                "access_token": "RBS4il6buIpkQg8B84gJnvZHjM3f",
                "expires_in": "1799",
                "scope": ""
            }
        

2022-03-29 22:09:24 - [TEST_STEP][PASSED] - feedback = sendRequest(findTestObject("4. Feedback-ins", ["s_key":global_token, "batchid":batchid, "norek":norek, "nopin":nopin, "custname":custname, "pemohon":pemohon, "branchid":branchid, ... ])): Send request successfully

2022-03-29 22:09:25 - [MESSAGE][INFO] - HAR: I:\app-testing\app-project\Order car insurance\order-car-insurance\Reports\20220329_215823\3. Get feedback insurance - Batch 1\20220329_215824\requests\main\419.har

2022-03-29 22:09:25 - [MESSAGE][PASSED] - Send request successfully

2022-03-29 22:09:25 - [TEST_STEP][PASSED] - response_feedback = feedback.getResponseText(): null

2022-03-29 22:09:25 - [TEST_STEP][PASSED] - markPassed("result feedback data : " + no + " norek : " + norek + " nopin : " + nopin): result feedback data : 219 norek : 9570010566 nopin : 001

2022-03-29 22:09:25 - [MESSAGE][PASSED] - result feedback data : 219 norek : 9570010566 nopin : 001

2022-03-29 22:09:25 - [TEST_STEP][PASSED] - logInfo($response_feedback): {
  "FeedbackCarInsuranceResponse" : {
    "errorCode" : "00",
    "errorMessage" : "Sukses"
  }
}

2022-03-29 22:09:25 - [MESSAGE][INFO] - {
  "FeedbackCarInsuranceResponse" : {
    "errorCode" : "00",
    "errorMessage" : "Sukses"
  }
}

2022-03-29 22:09:25 - [TEST_STEP][PASSED] - verifyElementPropertyValue(feedback, "FeedbackCarInsuranceResponse.errorMessage", "Sukses", CONTINUE_ON_FAILURE): Verify element property value successfully

2022-03-29 22:09:25 - [MESSAGE][PASSED] - Verify element property value successfully]]></system-out>
         <system-err><![CDATA[]]></system-err>
      </testcase>
      <testcase name="Test Cases/3. get token - feedback insurance" time="0.967" classname="Test Cases/3. get token - feedback insurance" status="PASSED">
         <system-out><![CDATA[2022-03-29 22:09:25 - [TEST_CASE][PASSED] - Test Cases/3. get token - feedback insurance: Test Cases/3. get token - feedback insurance

2022-03-29 22:09:25 - [TEST_STEP][PASSED] - token = sendRequest(findTestObject("1. Get-Token")): Send request successfully

2022-03-29 22:09:25 - [MESSAGE][INFO] - HAR: I:\app-testing\app-project\Order car insurance\order-car-insurance\Reports\20220329_215823\3. Get feedback insurance - Batch 1\20220329_215824\requests\main\420.har

2022-03-29 22:09:25 - [MESSAGE][PASSED] - Send request successfully

2022-03-29 22:09:25 - [TEST_STEP][PASSED] - slurper = new groovy.json.JsonSlurper(): null

2022-03-29 22:09:25 - [TEST_STEP][PASSED] - get_token = slurper.parseText(token.getResponseBodyContent()): null

2022-03-29 22:09:25 - [TEST_STEP][PASSED] - private_token = access_token: null

2022-03-29 22:09:25 - [TEST_STEP][PASSED] - global_token = private_token: null

2022-03-29 22:09:25 - [TEST_STEP][PASSED] - println("token is :" + global_token): null

2022-03-29 22:09:25 - [TEST_STEP][PASSED] - response_token = token.getResponseText(): null

2022-03-29 22:09:25 - [TEST_STEP][PASSED] - logInfo($response_token): 
            {
                "token_type": "BearerToken",
                "access_token": "resTzoQtZOJPADPE9Whc1KD5HK5H",
                "expires_in": "1799",
                "scope": ""
            }
        

2022-03-29 22:09:25 - [MESSAGE][INFO] - 
            {
                "token_type": "BearerToken",
                "access_token": "resTzoQtZOJPADPE9Whc1KD5HK5H",
                "expires_in": "1799",
                "scope": ""
            }
        

2022-03-29 22:09:25 - [TEST_STEP][PASSED] - feedback = sendRequest(findTestObject("4. Feedback-ins", ["s_key":global_token, "batchid":batchid, "norek":norek, "nopin":nopin, "custname":custname, "pemohon":pemohon, "branchid":branchid, ... ])): Send request successfully

2022-03-29 22:09:26 - [MESSAGE][INFO] - HAR: I:\app-testing\app-project\Order car insurance\order-car-insurance\Reports\20220329_215823\3. Get feedback insurance - Batch 1\20220329_215824\requests\main\421.har

2022-03-29 22:09:26 - [MESSAGE][PASSED] - Send request successfully

2022-03-29 22:09:26 - [TEST_STEP][PASSED] - response_feedback = feedback.getResponseText(): null

2022-03-29 22:09:26 - [TEST_STEP][PASSED] - markPassed("result feedback data : " + no + " norek : " + norek + " nopin : " + nopin): result feedback data : 220 norek : 9570010568 nopin : 001

2022-03-29 22:09:26 - [MESSAGE][PASSED] - result feedback data : 220 norek : 9570010568 nopin : 001

2022-03-29 22:09:26 - [TEST_STEP][PASSED] - logInfo($response_feedback): {
  "FeedbackCarInsuranceResponse" : {
    "errorCode" : "00",
    "errorMessage" : "Sukses"
  }
}

2022-03-29 22:09:26 - [MESSAGE][INFO] - {
  "FeedbackCarInsuranceResponse" : {
    "errorCode" : "00",
    "errorMessage" : "Sukses"
  }
}

2022-03-29 22:09:26 - [TEST_STEP][PASSED] - verifyElementPropertyValue(feedback, "FeedbackCarInsuranceResponse.errorMessage", "Sukses", CONTINUE_ON_FAILURE): Verify element property value successfully

2022-03-29 22:09:26 - [MESSAGE][PASSED] - Verify element property value successfully]]></system-out>
         <system-err><![CDATA[]]></system-err>
      </testcase>
      <testcase name="Test Cases/3. get token - feedback insurance" time="0.881" classname="Test Cases/3. get token - feedback insurance" status="PASSED">
         <system-out><![CDATA[2022-03-29 22:09:27 - [TEST_CASE][PASSED] - Test Cases/3. get token - feedback insurance: Test Cases/3. get token - feedback insurance

2022-03-29 22:09:27 - [TEST_STEP][PASSED] - token = sendRequest(findTestObject("1. Get-Token")): Send request successfully

2022-03-29 22:09:27 - [MESSAGE][INFO] - HAR: I:\app-testing\app-project\Order car insurance\order-car-insurance\Reports\20220329_215823\3. Get feedback insurance - Batch 1\20220329_215824\requests\main\422.har

2022-03-29 22:09:27 - [MESSAGE][PASSED] - Send request successfully

2022-03-29 22:09:27 - [TEST_STEP][PASSED] - slurper = new groovy.json.JsonSlurper(): null

2022-03-29 22:09:27 - [TEST_STEP][PASSED] - get_token = slurper.parseText(token.getResponseBodyContent()): null

2022-03-29 22:09:27 - [TEST_STEP][PASSED] - private_token = access_token: null

2022-03-29 22:09:27 - [TEST_STEP][PASSED] - global_token = private_token: null

2022-03-29 22:09:27 - [TEST_STEP][PASSED] - println("token is :" + global_token): null

2022-03-29 22:09:27 - [TEST_STEP][PASSED] - response_token = token.getResponseText(): null

2022-03-29 22:09:27 - [TEST_STEP][PASSED] - logInfo($response_token): 
            {
                "token_type": "BearerToken",
                "access_token": "pQYvR6qiNUCcNgA0UNDi3Thn0wYn",
                "expires_in": "1799",
                "scope": ""
            }
        

2022-03-29 22:09:27 - [MESSAGE][INFO] - 
            {
                "token_type": "BearerToken",
                "access_token": "pQYvR6qiNUCcNgA0UNDi3Thn0wYn",
                "expires_in": "1799",
                "scope": ""
            }
        

2022-03-29 22:09:27 - [TEST_STEP][PASSED] - feedback = sendRequest(findTestObject("4. Feedback-ins", ["s_key":global_token, "batchid":batchid, "norek":norek, "nopin":nopin, "custname":custname, "pemohon":pemohon, "branchid":branchid, ... ])): Send request successfully

2022-03-29 22:09:27 - [MESSAGE][INFO] - HAR: I:\app-testing\app-project\Order car insurance\order-car-insurance\Reports\20220329_215823\3. Get feedback insurance - Batch 1\20220329_215824\requests\main\423.har

2022-03-29 22:09:27 - [MESSAGE][PASSED] - Send request successfully

2022-03-29 22:09:27 - [TEST_STEP][PASSED] - response_feedback = feedback.getResponseText(): null

2022-03-29 22:09:27 - [TEST_STEP][PASSED] - markPassed("result feedback data : " + no + " norek : " + norek + " nopin : " + nopin): result feedback data : 221 norek : 9570010568 nopin : 001

2022-03-29 22:09:27 - [MESSAGE][PASSED] - result feedback data : 221 norek : 9570010568 nopin : 001

2022-03-29 22:09:27 - [TEST_STEP][PASSED] - logInfo($response_feedback): {
  "FeedbackCarInsuranceResponse" : {
    "errorCode" : "00",
    "errorMessage" : "Sukses"
  }
}

2022-03-29 22:09:27 - [MESSAGE][INFO] - {
  "FeedbackCarInsuranceResponse" : {
    "errorCode" : "00",
    "errorMessage" : "Sukses"
  }
}

2022-03-29 22:09:27 - [TEST_STEP][PASSED] - verifyElementPropertyValue(feedback, "FeedbackCarInsuranceResponse.errorMessage", "Sukses", CONTINUE_ON_FAILURE): Verify element property value successfully

2022-03-29 22:09:27 - [MESSAGE][PASSED] - Verify element property value successfully]]></system-out>
         <system-err><![CDATA[]]></system-err>
      </testcase>
      <testcase name="Test Cases/3. get token - feedback insurance" time="1.051" classname="Test Cases/3. get token - feedback insurance" status="PASSED">
         <system-out><![CDATA[2022-03-29 22:09:28 - [TEST_CASE][PASSED] - Test Cases/3. get token - feedback insurance: Test Cases/3. get token - feedback insurance

2022-03-29 22:09:28 - [TEST_STEP][PASSED] - token = sendRequest(findTestObject("1. Get-Token")): Send request successfully

2022-03-29 22:09:28 - [MESSAGE][INFO] - HAR: I:\app-testing\app-project\Order car insurance\order-car-insurance\Reports\20220329_215823\3. Get feedback insurance - Batch 1\20220329_215824\requests\main\424.har

2022-03-29 22:09:28 - [MESSAGE][PASSED] - Send request successfully

2022-03-29 22:09:28 - [TEST_STEP][PASSED] - slurper = new groovy.json.JsonSlurper(): null

2022-03-29 22:09:28 - [TEST_STEP][PASSED] - get_token = slurper.parseText(token.getResponseBodyContent()): null

2022-03-29 22:09:28 - [TEST_STEP][PASSED] - private_token = access_token: null

2022-03-29 22:09:28 - [TEST_STEP][PASSED] - global_token = private_token: null

2022-03-29 22:09:28 - [TEST_STEP][PASSED] - println("token is :" + global_token): null

2022-03-29 22:09:28 - [TEST_STEP][PASSED] - response_token = token.getResponseText(): null

2022-03-29 22:09:28 - [TEST_STEP][PASSED] - logInfo($response_token): 
            {
                "token_type": "BearerToken",
                "access_token": "XanmaczzHwCAm6bFWNAtWuRJqP2O",
                "expires_in": "1799",
                "scope": ""
            }
        

2022-03-29 22:09:28 - [MESSAGE][INFO] - 
            {
                "token_type": "BearerToken",
                "access_token": "XanmaczzHwCAm6bFWNAtWuRJqP2O",
                "expires_in": "1799",
                "scope": ""
            }
        

2022-03-29 22:09:28 - [TEST_STEP][PASSED] - feedback = sendRequest(findTestObject("4. Feedback-ins", ["s_key":global_token, "batchid":batchid, "norek":norek, "nopin":nopin, "custname":custname, "pemohon":pemohon, "branchid":branchid, ... ])): Send request successfully

2022-03-29 22:09:29 - [MESSAGE][INFO] - HAR: I:\app-testing\app-project\Order car insurance\order-car-insurance\Reports\20220329_215823\3. Get feedback insurance - Batch 1\20220329_215824\requests\main\425.har

2022-03-29 22:09:29 - [MESSAGE][PASSED] - Send request successfully

2022-03-29 22:09:29 - [TEST_STEP][PASSED] - response_feedback = feedback.getResponseText(): null

2022-03-29 22:09:29 - [TEST_STEP][PASSED] - markPassed("result feedback data : " + no + " norek : " + norek + " nopin : " + nopin): result feedback data : 222 norek : 9570010568 nopin : 001

2022-03-29 22:09:29 - [MESSAGE][PASSED] - result feedback data : 222 norek : 9570010568 nopin : 001

2022-03-29 22:09:29 - [TEST_STEP][PASSED] - logInfo($response_feedback): {
  "FeedbackCarInsuranceResponse" : {
    "errorCode" : "00",
    "errorMessage" : "Sukses"
  }
}

2022-03-29 22:09:29 - [MESSAGE][INFO] - {
  "FeedbackCarInsuranceResponse" : {
    "errorCode" : "00",
    "errorMessage" : "Sukses"
  }
}

2022-03-29 22:09:29 - [TEST_STEP][PASSED] - verifyElementPropertyValue(feedback, "FeedbackCarInsuranceResponse.errorMessage", "Sukses", CONTINUE_ON_FAILURE): Verify element property value successfully

2022-03-29 22:09:29 - [MESSAGE][PASSED] - Verify element property value successfully]]></system-out>
         <system-err><![CDATA[]]></system-err>
      </testcase>
      <testcase name="Test Cases/3. get token - feedback insurance" time="0.87" classname="Test Cases/3. get token - feedback insurance" status="PASSED">
         <system-out><![CDATA[2022-03-29 22:09:29 - [TEST_CASE][PASSED] - Test Cases/3. get token - feedback insurance: Test Cases/3. get token - feedback insurance

2022-03-29 22:09:29 - [TEST_STEP][PASSED] - token = sendRequest(findTestObject("1. Get-Token")): Send request successfully

2022-03-29 22:09:30 - [MESSAGE][INFO] - HAR: I:\app-testing\app-project\Order car insurance\order-car-insurance\Reports\20220329_215823\3. Get feedback insurance - Batch 1\20220329_215824\requests\main\426.har

2022-03-29 22:09:30 - [MESSAGE][PASSED] - Send request successfully

2022-03-29 22:09:30 - [TEST_STEP][PASSED] - slurper = new groovy.json.JsonSlurper(): null

2022-03-29 22:09:30 - [TEST_STEP][PASSED] - get_token = slurper.parseText(token.getResponseBodyContent()): null

2022-03-29 22:09:30 - [TEST_STEP][PASSED] - private_token = access_token: null

2022-03-29 22:09:30 - [TEST_STEP][PASSED] - global_token = private_token: null

2022-03-29 22:09:30 - [TEST_STEP][PASSED] - println("token is :" + global_token): null

2022-03-29 22:09:30 - [TEST_STEP][PASSED] - response_token = token.getResponseText(): null

2022-03-29 22:09:30 - [TEST_STEP][PASSED] - logInfo($response_token): 
            {
                "token_type": "BearerToken",
                "access_token": "s8uFb7cHxwYrVnZaqQYzYUy3kHkI",
                "expires_in": "1799",
                "scope": ""
            }
        

2022-03-29 22:09:30 - [MESSAGE][INFO] - 
            {
                "token_type": "BearerToken",
                "access_token": "s8uFb7cHxwYrVnZaqQYzYUy3kHkI",
                "expires_in": "1799",
                "scope": ""
            }
        

2022-03-29 22:09:30 - [TEST_STEP][PASSED] - feedback = sendRequest(findTestObject("4. Feedback-ins", ["s_key":global_token, "batchid":batchid, "norek":norek, "nopin":nopin, "custname":custname, "pemohon":pemohon, "branchid":branchid, ... ])): Send request successfully

2022-03-29 22:09:30 - [MESSAGE][INFO] - HAR: I:\app-testing\app-project\Order car insurance\order-car-insurance\Reports\20220329_215823\3. Get feedback insurance - Batch 1\20220329_215824\requests\main\427.har

2022-03-29 22:09:30 - [MESSAGE][PASSED] - Send request successfully

2022-03-29 22:09:30 - [TEST_STEP][PASSED] - response_feedback = feedback.getResponseText(): null

2022-03-29 22:09:30 - [TEST_STEP][PASSED] - markPassed("result feedback data : " + no + " norek : " + norek + " nopin : " + nopin): result feedback data : 223 norek : 9570010568 nopin : 001

2022-03-29 22:09:30 - [MESSAGE][PASSED] - result feedback data : 223 norek : 9570010568 nopin : 001

2022-03-29 22:09:30 - [TEST_STEP][PASSED] - logInfo($response_feedback): {
  "FeedbackCarInsuranceResponse" : {
    "errorCode" : "00",
    "errorMessage" : "Sukses"
  }
}

2022-03-29 22:09:30 - [MESSAGE][INFO] - {
  "FeedbackCarInsuranceResponse" : {
    "errorCode" : "00",
    "errorMessage" : "Sukses"
  }
}

2022-03-29 22:09:30 - [TEST_STEP][PASSED] - verifyElementPropertyValue(feedback, "FeedbackCarInsuranceResponse.errorMessage", "Sukses", CONTINUE_ON_FAILURE): Verify element property value successfully

2022-03-29 22:09:30 - [MESSAGE][PASSED] - Verify element property value successfully]]></system-out>
         <system-err><![CDATA[]]></system-err>
      </testcase>
      <testcase name="Test Cases/3. get token - feedback insurance" time="0.936" classname="Test Cases/3. get token - feedback insurance" status="PASSED">
         <system-out><![CDATA[2022-03-29 22:09:31 - [TEST_CASE][PASSED] - Test Cases/3. get token - feedback insurance: Test Cases/3. get token - feedback insurance

2022-03-29 22:09:31 - [TEST_STEP][PASSED] - token = sendRequest(findTestObject("1. Get-Token")): Send request successfully

2022-03-29 22:09:31 - [MESSAGE][INFO] - HAR: I:\app-testing\app-project\Order car insurance\order-car-insurance\Reports\20220329_215823\3. Get feedback insurance - Batch 1\20220329_215824\requests\main\428.har

2022-03-29 22:09:31 - [MESSAGE][PASSED] - Send request successfully

2022-03-29 22:09:31 - [TEST_STEP][PASSED] - slurper = new groovy.json.JsonSlurper(): null

2022-03-29 22:09:31 - [TEST_STEP][PASSED] - get_token = slurper.parseText(token.getResponseBodyContent()): null

2022-03-29 22:09:31 - [TEST_STEP][PASSED] - private_token = access_token: null

2022-03-29 22:09:31 - [TEST_STEP][PASSED] - global_token = private_token: null

2022-03-29 22:09:31 - [TEST_STEP][PASSED] - println("token is :" + global_token): null

2022-03-29 22:09:31 - [TEST_STEP][PASSED] - response_token = token.getResponseText(): null

2022-03-29 22:09:31 - [TEST_STEP][PASSED] - logInfo($response_token): 
            {
                "token_type": "BearerToken",
                "access_token": "LtT6BdU5D6b48wtckLa5Y5yPmVND",
                "expires_in": "1799",
                "scope": ""
            }
        

2022-03-29 22:09:31 - [MESSAGE][INFO] - 
            {
                "token_type": "BearerToken",
                "access_token": "LtT6BdU5D6b48wtckLa5Y5yPmVND",
                "expires_in": "1799",
                "scope": ""
            }
        

2022-03-29 22:09:31 - [TEST_STEP][PASSED] - feedback = sendRequest(findTestObject("4. Feedback-ins", ["s_key":global_token, "batchid":batchid, "norek":norek, "nopin":nopin, "custname":custname, "pemohon":pemohon, "branchid":branchid, ... ])): Send request successfully

2022-03-29 22:09:32 - [MESSAGE][INFO] - HAR: I:\app-testing\app-project\Order car insurance\order-car-insurance\Reports\20220329_215823\3. Get feedback insurance - Batch 1\20220329_215824\requests\main\429.har

2022-03-29 22:09:32 - [MESSAGE][PASSED] - Send request successfully

2022-03-29 22:09:32 - [TEST_STEP][PASSED] - response_feedback = feedback.getResponseText(): null

2022-03-29 22:09:32 - [TEST_STEP][PASSED] - markPassed("result feedback data : " + no + " norek : " + norek + " nopin : " + nopin): result feedback data : 224 norek : 9570010593 nopin : 001

2022-03-29 22:09:32 - [MESSAGE][PASSED] - result feedback data : 224 norek : 9570010593 nopin : 001

2022-03-29 22:09:32 - [TEST_STEP][PASSED] - logInfo($response_feedback): {
  "FeedbackCarInsuranceResponse" : {
    "errorCode" : "00",
    "errorMessage" : "Sukses"
  }
}

2022-03-29 22:09:32 - [MESSAGE][INFO] - {
  "FeedbackCarInsuranceResponse" : {
    "errorCode" : "00",
    "errorMessage" : "Sukses"
  }
}

2022-03-29 22:09:32 - [TEST_STEP][PASSED] - verifyElementPropertyValue(feedback, "FeedbackCarInsuranceResponse.errorMessage", "Sukses", CONTINUE_ON_FAILURE): Verify element property value successfully

2022-03-29 22:09:32 - [MESSAGE][PASSED] - Verify element property value successfully]]></system-out>
         <system-err><![CDATA[]]></system-err>
      </testcase>
      <testcase name="Test Cases/3. get token - feedback insurance" time="377.7" classname="Test Cases/3. get token - feedback insurance" status="PASSED">
         <system-out><![CDATA[2022-03-29 22:09:32 - [TEST_CASE][PASSED] - Test Cases/3. get token - feedback insurance: Test Cases/3. get token - feedback insurance

2022-03-29 22:09:32 - [TEST_STEP][PASSED] - token = sendRequest(findTestObject("1. Get-Token")): Send request successfully

2022-03-29 22:09:32 - [MESSAGE][INFO] - HAR: I:\app-testing\app-project\Order car insurance\order-car-insurance\Reports\20220329_215823\3. Get feedback insurance - Batch 1\20220329_215824\requests\main\430.har

2022-03-29 22:09:32 - [MESSAGE][PASSED] - Send request successfully

2022-03-29 22:09:32 - [TEST_STEP][PASSED] - slurper = new groovy.json.JsonSlurper(): null

2022-03-29 22:09:32 - [TEST_STEP][PASSED] - get_token = slurper.parseText(token.getResponseBodyContent()): null

2022-03-29 22:09:32 - [TEST_STEP][PASSED] - private_token = access_token: null

2022-03-29 22:09:32 - [TEST_STEP][PASSED] - global_token = private_token: null

2022-03-29 22:09:32 - [TEST_STEP][PASSED] - println("token is :" + global_token): null

2022-03-29 22:09:32 - [TEST_STEP][PASSED] - response_token = token.getResponseText(): null

2022-03-29 22:09:32 - [TEST_STEP][PASSED] - logInfo($response_token): 
            {
                "token_type": "BearerToken",
                "access_token": "GZNofKMvgI2JkwbXTFlfhzpJcXZ3",
                "expires_in": "1799",
                "scope": ""
            }
        

2022-03-29 22:09:32 - [MESSAGE][INFO] - 
            {
                "token_type": "BearerToken",
                "access_token": "GZNofKMvgI2JkwbXTFlfhzpJcXZ3",
                "expires_in": "1799",
                "scope": ""
            }
        

2022-03-29 22:09:32 - [TEST_STEP][PASSED] - feedback = sendRequest(findTestObject("4. Feedback-ins", ["s_key":global_token, "batchid":batchid, "norek":norek, "nopin":nopin, "custname":custname, "pemohon":pemohon, "branchid":branchid, ... ])): Send request successfully

2022-03-29 22:09:33 - [MESSAGE][INFO] - HAR: I:\app-testing\app-project\Order car insurance\order-car-insurance\Reports\20220329_215823\3. Get feedback insurance - Batch 1\20220329_215824\requests\main\431.har

2022-03-29 22:09:33 - [MESSAGE][PASSED] - Send request successfully

2022-03-29 22:09:33 - [TEST_STEP][PASSED] - response_feedback = feedback.getResponseText(): null

2022-03-29 22:09:33 - [TEST_STEP][PASSED] - markPassed("result feedback data : " + no + " norek : " + norek + " nopin : " + nopin): result feedback data : 225 norek : 9570010593 nopin : 001

2022-03-29 22:09:33 - [MESSAGE][PASSED] - result feedback data : 225 norek : 9570010593 nopin : 001

2022-03-29 22:09:33 - [TEST_STEP][PASSED] - logInfo($response_feedback): {
  "FeedbackCarInsuranceResponse" : {
    "errorCode" : "00",
    "errorMessage" : "Sukses"
  }
}

2022-03-29 22:09:33 - [MESSAGE][INFO] - {
  "FeedbackCarInsuranceResponse" : {
    "errorCode" : "00",
    "errorMessage" : "Sukses"
  }
}

2022-03-29 22:15:50 - [TEST_STEP][PASSED] - verifyElementPropertyValue(feedback, "FeedbackCarInsuranceResponse.errorMessage", "Sukses", CONTINUE_ON_FAILURE): Verify element property value successfully

2022-03-29 22:15:50 - [MESSAGE][PASSED] - Verify element property value successfully]]></system-out>
         <system-err><![CDATA[]]></system-err>
      </testcase>
      <testcase name="Test Cases/3. get token - feedback insurance" time="1.226" classname="Test Cases/3. get token - feedback insurance" status="PASSED">
         <system-out><![CDATA[2022-03-29 22:15:50 - [TEST_CASE][PASSED] - Test Cases/3. get token - feedback insurance: Test Cases/3. get token - feedback insurance

2022-03-29 22:15:50 - [TEST_STEP][PASSED] - token = sendRequest(findTestObject("1. Get-Token")): Send request successfully

2022-03-29 22:15:50 - [MESSAGE][INFO] - HAR: I:\app-testing\app-project\Order car insurance\order-car-insurance\Reports\20220329_215823\3. Get feedback insurance - Batch 1\20220329_215824\requests\main\432.har

2022-03-29 22:15:50 - [MESSAGE][PASSED] - Send request successfully

2022-03-29 22:15:50 - [TEST_STEP][PASSED] - slurper = new groovy.json.JsonSlurper(): null

2022-03-29 22:15:50 - [TEST_STEP][PASSED] - get_token = slurper.parseText(token.getResponseBodyContent()): null

2022-03-29 22:15:50 - [TEST_STEP][PASSED] - private_token = access_token: null

2022-03-29 22:15:50 - [TEST_STEP][PASSED] - global_token = private_token: null

2022-03-29 22:15:50 - [TEST_STEP][PASSED] - println("token is :" + global_token): null

2022-03-29 22:15:50 - [TEST_STEP][PASSED] - response_token = token.getResponseText(): null

2022-03-29 22:15:50 - [TEST_STEP][PASSED] - logInfo($response_token): 
            {
                "token_type": "BearerToken",
                "access_token": "kXQemUrrhIypKttArKIpleBTclBF",
                "expires_in": "1799",
                "scope": ""
            }
        

2022-03-29 22:15:50 - [MESSAGE][INFO] - 
            {
                "token_type": "BearerToken",
                "access_token": "kXQemUrrhIypKttArKIpleBTclBF",
                "expires_in": "1799",
                "scope": ""
            }
        

2022-03-29 22:15:50 - [TEST_STEP][PASSED] - feedback = sendRequest(findTestObject("4. Feedback-ins", ["s_key":global_token, "batchid":batchid, "norek":norek, "nopin":nopin, "custname":custname, "pemohon":pemohon, "branchid":branchid, ... ])): Send request successfully

2022-03-29 22:15:51 - [MESSAGE][INFO] - HAR: I:\app-testing\app-project\Order car insurance\order-car-insurance\Reports\20220329_215823\3. Get feedback insurance - Batch 1\20220329_215824\requests\main\433.har

2022-03-29 22:15:51 - [MESSAGE][PASSED] - Send request successfully

2022-03-29 22:15:51 - [TEST_STEP][PASSED] - response_feedback = feedback.getResponseText(): null

2022-03-29 22:15:51 - [TEST_STEP][PASSED] - markPassed("result feedback data : " + no + " norek : " + norek + " nopin : " + nopin): result feedback data : 226 norek : 9570010593 nopin : 001

2022-03-29 22:15:51 - [MESSAGE][PASSED] - result feedback data : 226 norek : 9570010593 nopin : 001

2022-03-29 22:15:51 - [TEST_STEP][PASSED] - logInfo($response_feedback): {
  "FeedbackCarInsuranceResponse" : {
    "errorCode" : "00",
    "errorMessage" : "Sukses"
  }
}

2022-03-29 22:15:51 - [MESSAGE][INFO] - {
  "FeedbackCarInsuranceResponse" : {
    "errorCode" : "00",
    "errorMessage" : "Sukses"
  }
}

2022-03-29 22:15:51 - [TEST_STEP][PASSED] - verifyElementPropertyValue(feedback, "FeedbackCarInsuranceResponse.errorMessage", "Sukses", CONTINUE_ON_FAILURE): Verify element property value successfully

2022-03-29 22:15:51 - [MESSAGE][PASSED] - Verify element property value successfully]]></system-out>
         <system-err><![CDATA[]]></system-err>
      </testcase>
      <testcase name="Test Cases/3. get token - feedback insurance" time="14.34" classname="Test Cases/3. get token - feedback insurance" status="PASSED">
         <system-out><![CDATA[2022-03-29 22:15:52 - [TEST_CASE][PASSED] - Test Cases/3. get token - feedback insurance: Test Cases/3. get token - feedback insurance

2022-03-29 22:15:52 - [TEST_STEP][PASSED] - token = sendRequest(findTestObject("1. Get-Token")): Send request successfully

2022-03-29 22:15:52 - [MESSAGE][INFO] - HAR: I:\app-testing\app-project\Order car insurance\order-car-insurance\Reports\20220329_215823\3. Get feedback insurance - Batch 1\20220329_215824\requests\main\434.har

2022-03-29 22:16:05 - [MESSAGE][PASSED] - Send request successfully

2022-03-29 22:16:05 - [TEST_STEP][PASSED] - slurper = new groovy.json.JsonSlurper(): null

2022-03-29 22:16:05 - [TEST_STEP][PASSED] - get_token = slurper.parseText(token.getResponseBodyContent()): null

2022-03-29 22:16:05 - [TEST_STEP][PASSED] - private_token = access_token: null

2022-03-29 22:16:05 - [TEST_STEP][PASSED] - global_token = private_token: null

2022-03-29 22:16:05 - [TEST_STEP][PASSED] - println("token is :" + global_token): null

2022-03-29 22:16:05 - [TEST_STEP][PASSED] - response_token = token.getResponseText(): null

2022-03-29 22:16:05 - [TEST_STEP][PASSED] - logInfo($response_token): 
            {
                "token_type": "BearerToken",
                "access_token": "HWRWgNLysIpZgNFjckKXv8YZSYP6",
                "expires_in": "1799",
                "scope": ""
            }
        

2022-03-29 22:16:05 - [MESSAGE][INFO] - 
            {
                "token_type": "BearerToken",
                "access_token": "HWRWgNLysIpZgNFjckKXv8YZSYP6",
                "expires_in": "1799",
                "scope": ""
            }
        

2022-03-29 22:16:05 - [TEST_STEP][PASSED] - feedback = sendRequest(findTestObject("4. Feedback-ins", ["s_key":global_token, "batchid":batchid, "norek":norek, "nopin":nopin, "custname":custname, "pemohon":pemohon, "branchid":branchid, ... ])): Send request successfully

2022-03-29 22:16:06 - [MESSAGE][INFO] - HAR: I:\app-testing\app-project\Order car insurance\order-car-insurance\Reports\20220329_215823\3. Get feedback insurance - Batch 1\20220329_215824\requests\main\435.har

2022-03-29 22:16:06 - [MESSAGE][PASSED] - Send request successfully

2022-03-29 22:16:06 - [TEST_STEP][PASSED] - response_feedback = feedback.getResponseText(): null

2022-03-29 22:16:06 - [TEST_STEP][PASSED] - markPassed("result feedback data : " + no + " norek : " + norek + " nopin : " + nopin): result feedback data : 227 norek : 9570010593 nopin : 001

2022-03-29 22:16:06 - [MESSAGE][PASSED] - result feedback data : 227 norek : 9570010593 nopin : 001

2022-03-29 22:16:06 - [TEST_STEP][PASSED] - logInfo($response_feedback): {
  "FeedbackCarInsuranceResponse" : {
    "errorCode" : "00",
    "errorMessage" : "Sukses"
  }
}

2022-03-29 22:16:06 - [MESSAGE][INFO] - {
  "FeedbackCarInsuranceResponse" : {
    "errorCode" : "00",
    "errorMessage" : "Sukses"
  }
}

2022-03-29 22:16:06 - [TEST_STEP][PASSED] - verifyElementPropertyValue(feedback, "FeedbackCarInsuranceResponse.errorMessage", "Sukses", CONTINUE_ON_FAILURE): Verify element property value successfully

2022-03-29 22:16:06 - [MESSAGE][PASSED] - Verify element property value successfully]]></system-out>
         <system-err><![CDATA[]]></system-err>
      </testcase>
      <testcase name="Test Cases/3. get token - feedback insurance" time="0.99" classname="Test Cases/3. get token - feedback insurance" status="PASSED">
         <system-out><![CDATA[2022-03-29 22:16:07 - [TEST_CASE][PASSED] - Test Cases/3. get token - feedback insurance: Test Cases/3. get token - feedback insurance

2022-03-29 22:16:07 - [TEST_STEP][PASSED] - token = sendRequest(findTestObject("1. Get-Token")): Send request successfully

2022-03-29 22:16:07 - [MESSAGE][INFO] - HAR: I:\app-testing\app-project\Order car insurance\order-car-insurance\Reports\20220329_215823\3. Get feedback insurance - Batch 1\20220329_215824\requests\main\436.har

2022-03-29 22:16:07 - [MESSAGE][PASSED] - Send request successfully

2022-03-29 22:16:07 - [TEST_STEP][PASSED] - slurper = new groovy.json.JsonSlurper(): null

2022-03-29 22:16:07 - [TEST_STEP][PASSED] - get_token = slurper.parseText(token.getResponseBodyContent()): null

2022-03-29 22:16:07 - [TEST_STEP][PASSED] - private_token = access_token: null

2022-03-29 22:16:07 - [TEST_STEP][PASSED] - global_token = private_token: null

2022-03-29 22:16:07 - [TEST_STEP][PASSED] - println("token is :" + global_token): null

2022-03-29 22:16:07 - [TEST_STEP][PASSED] - response_token = token.getResponseText(): null

2022-03-29 22:16:07 - [TEST_STEP][PASSED] - logInfo($response_token): 
            {
                "token_type": "BearerToken",
                "access_token": "3XzwCwi7pEslqnUws7X5YsipxPMP",
                "expires_in": "1799",
                "scope": ""
            }
        

2022-03-29 22:16:07 - [MESSAGE][INFO] - 
            {
                "token_type": "BearerToken",
                "access_token": "3XzwCwi7pEslqnUws7X5YsipxPMP",
                "expires_in": "1799",
                "scope": ""
            }
        

2022-03-29 22:16:07 - [TEST_STEP][PASSED] - feedback = sendRequest(findTestObject("4. Feedback-ins", ["s_key":global_token, "batchid":batchid, "norek":norek, "nopin":nopin, "custname":custname, "pemohon":pemohon, "branchid":branchid, ... ])): Send request successfully

2022-03-29 22:16:08 - [MESSAGE][INFO] - HAR: I:\app-testing\app-project\Order car insurance\order-car-insurance\Reports\20220329_215823\3. Get feedback insurance - Batch 1\20220329_215824\requests\main\437.har

2022-03-29 22:16:08 - [MESSAGE][PASSED] - Send request successfully

2022-03-29 22:16:08 - [TEST_STEP][PASSED] - response_feedback = feedback.getResponseText(): null

2022-03-29 22:16:08 - [TEST_STEP][PASSED] - markPassed("result feedback data : " + no + " norek : " + norek + " nopin : " + nopin): result feedback data : 228 norek : 9570010593 nopin : 001

2022-03-29 22:16:08 - [MESSAGE][PASSED] - result feedback data : 228 norek : 9570010593 nopin : 001

2022-03-29 22:16:08 - [TEST_STEP][PASSED] - logInfo($response_feedback): {
  "FeedbackCarInsuranceResponse" : {
    "errorCode" : "00",
    "errorMessage" : "Sukses"
  }
}

2022-03-29 22:16:08 - [MESSAGE][INFO] - {
  "FeedbackCarInsuranceResponse" : {
    "errorCode" : "00",
    "errorMessage" : "Sukses"
  }
}

2022-03-29 22:16:08 - [TEST_STEP][PASSED] - verifyElementPropertyValue(feedback, "FeedbackCarInsuranceResponse.errorMessage", "Sukses", CONTINUE_ON_FAILURE): Verify element property value successfully

2022-03-29 22:16:08 - [MESSAGE][PASSED] - Verify element property value successfully]]></system-out>
         <system-err><![CDATA[]]></system-err>
      </testcase>
      <testcase name="Test Cases/3. get token - feedback insurance" time="1.318" classname="Test Cases/3. get token - feedback insurance" status="PASSED">
         <system-out><![CDATA[2022-03-29 22:16:08 - [TEST_CASE][PASSED] - Test Cases/3. get token - feedback insurance: Test Cases/3. get token - feedback insurance

2022-03-29 22:16:08 - [TEST_STEP][PASSED] - token = sendRequest(findTestObject("1. Get-Token")): Send request successfully

2022-03-29 22:16:08 - [MESSAGE][INFO] - HAR: I:\app-testing\app-project\Order car insurance\order-car-insurance\Reports\20220329_215823\3. Get feedback insurance - Batch 1\20220329_215824\requests\main\438.har

2022-03-29 22:16:08 - [MESSAGE][PASSED] - Send request successfully

2022-03-29 22:16:08 - [TEST_STEP][PASSED] - slurper = new groovy.json.JsonSlurper(): null

2022-03-29 22:16:08 - [TEST_STEP][PASSED] - get_token = slurper.parseText(token.getResponseBodyContent()): null

2022-03-29 22:16:08 - [TEST_STEP][PASSED] - private_token = access_token: null

2022-03-29 22:16:08 - [TEST_STEP][PASSED] - global_token = private_token: null

2022-03-29 22:16:08 - [TEST_STEP][PASSED] - println("token is :" + global_token): null

2022-03-29 22:16:08 - [TEST_STEP][PASSED] - response_token = token.getResponseText(): null

2022-03-29 22:16:08 - [TEST_STEP][PASSED] - logInfo($response_token): 
            {
                "token_type": "BearerToken",
                "access_token": "eQ2oenI66GltTcXte1UzGbG3uG7T",
                "expires_in": "1799",
                "scope": ""
            }
        

2022-03-29 22:16:08 - [MESSAGE][INFO] - 
            {
                "token_type": "BearerToken",
                "access_token": "eQ2oenI66GltTcXte1UzGbG3uG7T",
                "expires_in": "1799",
                "scope": ""
            }
        

2022-03-29 22:16:08 - [TEST_STEP][PASSED] - feedback = sendRequest(findTestObject("4. Feedback-ins", ["s_key":global_token, "batchid":batchid, "norek":norek, "nopin":nopin, "custname":custname, "pemohon":pemohon, "branchid":branchid, ... ])): Send request successfully

2022-03-29 22:16:09 - [MESSAGE][INFO] - HAR: I:\app-testing\app-project\Order car insurance\order-car-insurance\Reports\20220329_215823\3. Get feedback insurance - Batch 1\20220329_215824\requests\main\439.har

2022-03-29 22:16:09 - [MESSAGE][PASSED] - Send request successfully

2022-03-29 22:16:09 - [TEST_STEP][PASSED] - response_feedback = feedback.getResponseText(): null

2022-03-29 22:16:09 - [TEST_STEP][PASSED] - markPassed("result feedback data : " + no + " norek : " + norek + " nopin : " + nopin): result feedback data : 229 norek : 9570010599 nopin : 001

2022-03-29 22:16:09 - [MESSAGE][PASSED] - result feedback data : 229 norek : 9570010599 nopin : 001

2022-03-29 22:16:09 - [TEST_STEP][PASSED] - logInfo($response_feedback): {
  "FeedbackCarInsuranceResponse" : {
    "errorCode" : "00",
    "errorMessage" : "Sukses"
  }
}

2022-03-29 22:16:09 - [MESSAGE][INFO] - {
  "FeedbackCarInsuranceResponse" : {
    "errorCode" : "00",
    "errorMessage" : "Sukses"
  }
}

2022-03-29 22:16:09 - [TEST_STEP][PASSED] - verifyElementPropertyValue(feedback, "FeedbackCarInsuranceResponse.errorMessage", "Sukses", CONTINUE_ON_FAILURE): Verify element property value successfully

2022-03-29 22:16:09 - [MESSAGE][PASSED] - Verify element property value successfully]]></system-out>
         <system-err><![CDATA[]]></system-err>
      </testcase>
      <testcase name="Test Cases/3. get token - feedback insurance" time="1.14" classname="Test Cases/3. get token - feedback insurance" status="PASSED">
         <system-out><![CDATA[2022-03-29 22:16:10 - [TEST_CASE][PASSED] - Test Cases/3. get token - feedback insurance: Test Cases/3. get token - feedback insurance

2022-03-29 22:16:10 - [TEST_STEP][PASSED] - token = sendRequest(findTestObject("1. Get-Token")): Send request successfully

2022-03-29 22:16:10 - [MESSAGE][INFO] - HAR: I:\app-testing\app-project\Order car insurance\order-car-insurance\Reports\20220329_215823\3. Get feedback insurance - Batch 1\20220329_215824\requests\main\440.har

2022-03-29 22:16:10 - [MESSAGE][PASSED] - Send request successfully

2022-03-29 22:16:10 - [TEST_STEP][PASSED] - slurper = new groovy.json.JsonSlurper(): null

2022-03-29 22:16:10 - [TEST_STEP][PASSED] - get_token = slurper.parseText(token.getResponseBodyContent()): null

2022-03-29 22:16:10 - [TEST_STEP][PASSED] - private_token = access_token: null

2022-03-29 22:16:10 - [TEST_STEP][PASSED] - global_token = private_token: null

2022-03-29 22:16:10 - [TEST_STEP][PASSED] - println("token is :" + global_token): null

2022-03-29 22:16:10 - [TEST_STEP][PASSED] - response_token = token.getResponseText(): null

2022-03-29 22:16:10 - [TEST_STEP][PASSED] - logInfo($response_token): 
            {
                "token_type": "BearerToken",
                "access_token": "RfnGXA1EZjAvyQO1lDnncgXrpxoh",
                "expires_in": "1799",
                "scope": ""
            }
        

2022-03-29 22:16:10 - [MESSAGE][INFO] - 
            {
                "token_type": "BearerToken",
                "access_token": "RfnGXA1EZjAvyQO1lDnncgXrpxoh",
                "expires_in": "1799",
                "scope": ""
            }
        

2022-03-29 22:16:10 - [TEST_STEP][PASSED] - feedback = sendRequest(findTestObject("4. Feedback-ins", ["s_key":global_token, "batchid":batchid, "norek":norek, "nopin":nopin, "custname":custname, "pemohon":pemohon, "branchid":branchid, ... ])): Send request successfully

2022-03-29 22:16:11 - [MESSAGE][INFO] - HAR: I:\app-testing\app-project\Order car insurance\order-car-insurance\Reports\20220329_215823\3. Get feedback insurance - Batch 1\20220329_215824\requests\main\441.har

2022-03-29 22:16:11 - [MESSAGE][PASSED] - Send request successfully

2022-03-29 22:16:11 - [TEST_STEP][PASSED] - response_feedback = feedback.getResponseText(): null

2022-03-29 22:16:11 - [TEST_STEP][PASSED] - markPassed("result feedback data : " + no + " norek : " + norek + " nopin : " + nopin): result feedback data : 230 norek : 9570010599 nopin : 001

2022-03-29 22:16:11 - [MESSAGE][PASSED] - result feedback data : 230 norek : 9570010599 nopin : 001

2022-03-29 22:16:11 - [TEST_STEP][PASSED] - logInfo($response_feedback): {
  "FeedbackCarInsuranceResponse" : {
    "errorCode" : "00",
    "errorMessage" : "Sukses"
  }
}

2022-03-29 22:16:11 - [MESSAGE][INFO] - {
  "FeedbackCarInsuranceResponse" : {
    "errorCode" : "00",
    "errorMessage" : "Sukses"
  }
}

2022-03-29 22:16:11 - [TEST_STEP][PASSED] - verifyElementPropertyValue(feedback, "FeedbackCarInsuranceResponse.errorMessage", "Sukses", CONTINUE_ON_FAILURE): Verify element property value successfully

2022-03-29 22:16:11 - [MESSAGE][PASSED] - Verify element property value successfully]]></system-out>
         <system-err><![CDATA[]]></system-err>
      </testcase>
      <testcase name="Test Cases/3. get token - feedback insurance" time="0.989" classname="Test Cases/3. get token - feedback insurance" status="PASSED">
         <system-out><![CDATA[2022-03-29 22:16:11 - [TEST_CASE][PASSED] - Test Cases/3. get token - feedback insurance: Test Cases/3. get token - feedback insurance

2022-03-29 22:16:11 - [TEST_STEP][PASSED] - token = sendRequest(findTestObject("1. Get-Token")): Send request successfully

2022-03-29 22:16:12 - [MESSAGE][INFO] - HAR: I:\app-testing\app-project\Order car insurance\order-car-insurance\Reports\20220329_215823\3. Get feedback insurance - Batch 1\20220329_215824\requests\main\442.har

2022-03-29 22:16:12 - [MESSAGE][PASSED] - Send request successfully

2022-03-29 22:16:12 - [TEST_STEP][PASSED] - slurper = new groovy.json.JsonSlurper(): null

2022-03-29 22:16:12 - [TEST_STEP][PASSED] - get_token = slurper.parseText(token.getResponseBodyContent()): null

2022-03-29 22:16:12 - [TEST_STEP][PASSED] - private_token = access_token: null

2022-03-29 22:16:12 - [TEST_STEP][PASSED] - global_token = private_token: null

2022-03-29 22:16:12 - [TEST_STEP][PASSED] - println("token is :" + global_token): null

2022-03-29 22:16:12 - [TEST_STEP][PASSED] - response_token = token.getResponseText(): null

2022-03-29 22:16:12 - [TEST_STEP][PASSED] - logInfo($response_token): 
            {
                "token_type": "BearerToken",
                "access_token": "NR7AGrvAy2INSo3T0FJHaZhyJ6G5",
                "expires_in": "1799",
                "scope": ""
            }
        

2022-03-29 22:16:12 - [MESSAGE][INFO] - 
            {
                "token_type": "BearerToken",
                "access_token": "NR7AGrvAy2INSo3T0FJHaZhyJ6G5",
                "expires_in": "1799",
                "scope": ""
            }
        

2022-03-29 22:16:12 - [TEST_STEP][PASSED] - feedback = sendRequest(findTestObject("4. Feedback-ins", ["s_key":global_token, "batchid":batchid, "norek":norek, "nopin":nopin, "custname":custname, "pemohon":pemohon, "branchid":branchid, ... ])): Send request successfully

2022-03-29 22:16:12 - [MESSAGE][INFO] - HAR: I:\app-testing\app-project\Order car insurance\order-car-insurance\Reports\20220329_215823\3. Get feedback insurance - Batch 1\20220329_215824\requests\main\443.har

2022-03-29 22:16:12 - [MESSAGE][PASSED] - Send request successfully

2022-03-29 22:16:12 - [TEST_STEP][PASSED] - response_feedback = feedback.getResponseText(): null

2022-03-29 22:16:12 - [TEST_STEP][PASSED] - markPassed("result feedback data : " + no + " norek : " + norek + " nopin : " + nopin): result feedback data : 231 norek : 9570010599 nopin : 001

2022-03-29 22:16:12 - [MESSAGE][PASSED] - result feedback data : 231 norek : 9570010599 nopin : 001

2022-03-29 22:16:12 - [TEST_STEP][PASSED] - logInfo($response_feedback): {
  "FeedbackCarInsuranceResponse" : {
    "errorCode" : "00",
    "errorMessage" : "Sukses"
  }
}

2022-03-29 22:16:12 - [MESSAGE][INFO] - {
  "FeedbackCarInsuranceResponse" : {
    "errorCode" : "00",
    "errorMessage" : "Sukses"
  }
}

2022-03-29 22:16:12 - [TEST_STEP][PASSED] - verifyElementPropertyValue(feedback, "FeedbackCarInsuranceResponse.errorMessage", "Sukses", CONTINUE_ON_FAILURE): Verify element property value successfully

2022-03-29 22:16:12 - [MESSAGE][PASSED] - Verify element property value successfully]]></system-out>
         <system-err><![CDATA[]]></system-err>
      </testcase>
      <testcase name="Test Cases/3. get token - feedback insurance" time="1.006" classname="Test Cases/3. get token - feedback insurance" status="PASSED">
         <system-out><![CDATA[2022-03-29 22:16:13 - [TEST_CASE][PASSED] - Test Cases/3. get token - feedback insurance: Test Cases/3. get token - feedback insurance

2022-03-29 22:16:13 - [TEST_STEP][PASSED] - token = sendRequest(findTestObject("1. Get-Token")): Send request successfully

2022-03-29 22:16:13 - [MESSAGE][INFO] - HAR: I:\app-testing\app-project\Order car insurance\order-car-insurance\Reports\20220329_215823\3. Get feedback insurance - Batch 1\20220329_215824\requests\main\444.har

2022-03-29 22:16:13 - [MESSAGE][PASSED] - Send request successfully

2022-03-29 22:16:13 - [TEST_STEP][PASSED] - slurper = new groovy.json.JsonSlurper(): null

2022-03-29 22:16:13 - [TEST_STEP][PASSED] - get_token = slurper.parseText(token.getResponseBodyContent()): null

2022-03-29 22:16:13 - [TEST_STEP][PASSED] - private_token = access_token: null

2022-03-29 22:16:13 - [TEST_STEP][PASSED] - global_token = private_token: null

2022-03-29 22:16:13 - [TEST_STEP][PASSED] - println("token is :" + global_token): null

2022-03-29 22:16:13 - [TEST_STEP][PASSED] - response_token = token.getResponseText(): null

2022-03-29 22:16:13 - [TEST_STEP][PASSED] - logInfo($response_token): 
            {
                "token_type": "BearerToken",
                "access_token": "cREiTrv5oA7HrSH0gArHSpTSMLUa",
                "expires_in": "1799",
                "scope": ""
            }
        

2022-03-29 22:16:13 - [MESSAGE][INFO] - 
            {
                "token_type": "BearerToken",
                "access_token": "cREiTrv5oA7HrSH0gArHSpTSMLUa",
                "expires_in": "1799",
                "scope": ""
            }
        

2022-03-29 22:16:13 - [TEST_STEP][PASSED] - feedback = sendRequest(findTestObject("4. Feedback-ins", ["s_key":global_token, "batchid":batchid, "norek":norek, "nopin":nopin, "custname":custname, "pemohon":pemohon, "branchid":branchid, ... ])): Send request successfully

2022-03-29 22:16:14 - [MESSAGE][INFO] - HAR: I:\app-testing\app-project\Order car insurance\order-car-insurance\Reports\20220329_215823\3. Get feedback insurance - Batch 1\20220329_215824\requests\main\445.har

2022-03-29 22:16:14 - [MESSAGE][PASSED] - Send request successfully

2022-03-29 22:16:14 - [TEST_STEP][PASSED] - response_feedback = feedback.getResponseText(): null

2022-03-29 22:16:14 - [TEST_STEP][PASSED] - markPassed("result feedback data : " + no + " norek : " + norek + " nopin : " + nopin): result feedback data : 232 norek : 9570010599 nopin : 001

2022-03-29 22:16:14 - [MESSAGE][PASSED] - result feedback data : 232 norek : 9570010599 nopin : 001

2022-03-29 22:16:14 - [TEST_STEP][PASSED] - logInfo($response_feedback): {
  "FeedbackCarInsuranceResponse" : {
    "errorCode" : "00",
    "errorMessage" : "Sukses"
  }
}

2022-03-29 22:16:14 - [MESSAGE][INFO] - {
  "FeedbackCarInsuranceResponse" : {
    "errorCode" : "00",
    "errorMessage" : "Sukses"
  }
}

2022-03-29 22:16:14 - [TEST_STEP][PASSED] - verifyElementPropertyValue(feedback, "FeedbackCarInsuranceResponse.errorMessage", "Sukses", CONTINUE_ON_FAILURE): Verify element property value successfully

2022-03-29 22:16:14 - [MESSAGE][PASSED] - Verify element property value successfully]]></system-out>
         <system-err><![CDATA[]]></system-err>
      </testcase>
      <testcase name="Test Cases/3. get token - feedback insurance" time="1.01" classname="Test Cases/3. get token - feedback insurance" status="PASSED">
         <system-out><![CDATA[2022-03-29 22:16:14 - [TEST_CASE][PASSED] - Test Cases/3. get token - feedback insurance: Test Cases/3. get token - feedback insurance

2022-03-29 22:16:14 - [TEST_STEP][PASSED] - token = sendRequest(findTestObject("1. Get-Token")): Send request successfully

2022-03-29 22:16:14 - [MESSAGE][INFO] - HAR: I:\app-testing\app-project\Order car insurance\order-car-insurance\Reports\20220329_215823\3. Get feedback insurance - Batch 1\20220329_215824\requests\main\446.har

2022-03-29 22:16:14 - [MESSAGE][PASSED] - Send request successfully

2022-03-29 22:16:14 - [TEST_STEP][PASSED] - slurper = new groovy.json.JsonSlurper(): null

2022-03-29 22:16:14 - [TEST_STEP][PASSED] - get_token = slurper.parseText(token.getResponseBodyContent()): null

2022-03-29 22:16:14 - [TEST_STEP][PASSED] - private_token = access_token: null

2022-03-29 22:16:14 - [TEST_STEP][PASSED] - global_token = private_token: null

2022-03-29 22:16:14 - [TEST_STEP][PASSED] - println("token is :" + global_token): null

2022-03-29 22:16:14 - [TEST_STEP][PASSED] - response_token = token.getResponseText(): null

2022-03-29 22:16:14 - [TEST_STEP][PASSED] - logInfo($response_token): 
            {
                "token_type": "BearerToken",
                "access_token": "p2Vja8Otd3PD3RIrOByokd0SUAHN",
                "expires_in": "1799",
                "scope": ""
            }
        

2022-03-29 22:16:14 - [MESSAGE][INFO] - 
            {
                "token_type": "BearerToken",
                "access_token": "p2Vja8Otd3PD3RIrOByokd0SUAHN",
                "expires_in": "1799",
                "scope": ""
            }
        

2022-03-29 22:16:14 - [TEST_STEP][PASSED] - feedback = sendRequest(findTestObject("4. Feedback-ins", ["s_key":global_token, "batchid":batchid, "norek":norek, "nopin":nopin, "custname":custname, "pemohon":pemohon, "branchid":branchid, ... ])): Send request successfully

2022-03-29 22:16:15 - [MESSAGE][INFO] - HAR: I:\app-testing\app-project\Order car insurance\order-car-insurance\Reports\20220329_215823\3. Get feedback insurance - Batch 1\20220329_215824\requests\main\447.har

2022-03-29 22:16:15 - [MESSAGE][PASSED] - Send request successfully

2022-03-29 22:16:15 - [TEST_STEP][PASSED] - response_feedback = feedback.getResponseText(): null

2022-03-29 22:16:15 - [TEST_STEP][PASSED] - markPassed("result feedback data : " + no + " norek : " + norek + " nopin : " + nopin): result feedback data : 233 norek : 9570010599 nopin : 001

2022-03-29 22:16:15 - [MESSAGE][PASSED] - result feedback data : 233 norek : 9570010599 nopin : 001

2022-03-29 22:16:15 - [TEST_STEP][PASSED] - logInfo($response_feedback): {
  "FeedbackCarInsuranceResponse" : {
    "errorCode" : "00",
    "errorMessage" : "Sukses"
  }
}

2022-03-29 22:16:15 - [MESSAGE][INFO] - {
  "FeedbackCarInsuranceResponse" : {
    "errorCode" : "00",
    "errorMessage" : "Sukses"
  }
}

2022-03-29 22:16:15 - [TEST_STEP][PASSED] - verifyElementPropertyValue(feedback, "FeedbackCarInsuranceResponse.errorMessage", "Sukses", CONTINUE_ON_FAILURE): Verify element property value successfully

2022-03-29 22:16:15 - [MESSAGE][PASSED] - Verify element property value successfully]]></system-out>
         <system-err><![CDATA[]]></system-err>
      </testcase>
      <testcase name="Test Cases/3. get token - feedback insurance" time="1.426" classname="Test Cases/3. get token - feedback insurance" status="PASSED">
         <system-out><![CDATA[2022-03-29 22:16:16 - [TEST_CASE][PASSED] - Test Cases/3. get token - feedback insurance: Test Cases/3. get token - feedback insurance

2022-03-29 22:16:16 - [TEST_STEP][PASSED] - token = sendRequest(findTestObject("1. Get-Token")): Send request successfully

2022-03-29 22:16:16 - [MESSAGE][INFO] - HAR: I:\app-testing\app-project\Order car insurance\order-car-insurance\Reports\20220329_215823\3. Get feedback insurance - Batch 1\20220329_215824\requests\main\448.har

2022-03-29 22:16:16 - [MESSAGE][PASSED] - Send request successfully

2022-03-29 22:16:16 - [TEST_STEP][PASSED] - slurper = new groovy.json.JsonSlurper(): null

2022-03-29 22:16:16 - [TEST_STEP][PASSED] - get_token = slurper.parseText(token.getResponseBodyContent()): null

2022-03-29 22:16:16 - [TEST_STEP][PASSED] - private_token = access_token: null

2022-03-29 22:16:16 - [TEST_STEP][PASSED] - global_token = private_token: null

2022-03-29 22:16:16 - [TEST_STEP][PASSED] - println("token is :" + global_token): null

2022-03-29 22:16:16 - [TEST_STEP][PASSED] - response_token = token.getResponseText(): null

2022-03-29 22:16:16 - [TEST_STEP][PASSED] - logInfo($response_token): 
            {
                "token_type": "BearerToken",
                "access_token": "xeogAHMwsVA5pwAJ5UKzE8SSryep",
                "expires_in": "1799",
                "scope": ""
            }
        

2022-03-29 22:16:16 - [MESSAGE][INFO] - 
            {
                "token_type": "BearerToken",
                "access_token": "xeogAHMwsVA5pwAJ5UKzE8SSryep",
                "expires_in": "1799",
                "scope": ""
            }
        

2022-03-29 22:16:16 - [TEST_STEP][PASSED] - feedback = sendRequest(findTestObject("4. Feedback-ins", ["s_key":global_token, "batchid":batchid, "norek":norek, "nopin":nopin, "custname":custname, "pemohon":pemohon, "branchid":branchid, ... ])): Send request successfully

2022-03-29 22:16:17 - [MESSAGE][INFO] - HAR: I:\app-testing\app-project\Order car insurance\order-car-insurance\Reports\20220329_215823\3. Get feedback insurance - Batch 1\20220329_215824\requests\main\449.har

2022-03-29 22:16:17 - [MESSAGE][PASSED] - Send request successfully

2022-03-29 22:16:17 - [TEST_STEP][PASSED] - response_feedback = feedback.getResponseText(): null

2022-03-29 22:16:17 - [TEST_STEP][PASSED] - markPassed("result feedback data : " + no + " norek : " + norek + " nopin : " + nopin): result feedback data : 234 norek : 9663000570 nopin : 001

2022-03-29 22:16:17 - [MESSAGE][PASSED] - result feedback data : 234 norek : 9663000570 nopin : 001

2022-03-29 22:16:17 - [TEST_STEP][PASSED] - logInfo($response_feedback): {
  "FeedbackCarInsuranceResponse" : {
    "errorCode" : "00",
    "errorMessage" : "Sukses"
  }
}

2022-03-29 22:16:17 - [MESSAGE][INFO] - {
  "FeedbackCarInsuranceResponse" : {
    "errorCode" : "00",
    "errorMessage" : "Sukses"
  }
}

2022-03-29 22:16:17 - [TEST_STEP][PASSED] - verifyElementPropertyValue(feedback, "FeedbackCarInsuranceResponse.errorMessage", "Sukses", CONTINUE_ON_FAILURE): Verify element property value successfully

2022-03-29 22:16:17 - [MESSAGE][PASSED] - Verify element property value successfully]]></system-out>
         <system-err><![CDATA[]]></system-err>
      </testcase>
      <testcase name="Test Cases/3. get token - feedback insurance" time="1.185" classname="Test Cases/3. get token - feedback insurance" status="PASSED">
         <system-out><![CDATA[2022-03-29 22:16:17 - [TEST_CASE][PASSED] - Test Cases/3. get token - feedback insurance: Test Cases/3. get token - feedback insurance

2022-03-29 22:16:18 - [TEST_STEP][PASSED] - token = sendRequest(findTestObject("1. Get-Token")): Send request successfully

2022-03-29 22:16:18 - [MESSAGE][INFO] - HAR: I:\app-testing\app-project\Order car insurance\order-car-insurance\Reports\20220329_215823\3. Get feedback insurance - Batch 1\20220329_215824\requests\main\450.har

2022-03-29 22:16:18 - [MESSAGE][PASSED] - Send request successfully

2022-03-29 22:16:18 - [TEST_STEP][PASSED] - slurper = new groovy.json.JsonSlurper(): null

2022-03-29 22:16:18 - [TEST_STEP][PASSED] - get_token = slurper.parseText(token.getResponseBodyContent()): null

2022-03-29 22:16:18 - [TEST_STEP][PASSED] - private_token = access_token: null

2022-03-29 22:16:18 - [TEST_STEP][PASSED] - global_token = private_token: null

2022-03-29 22:16:18 - [TEST_STEP][PASSED] - println("token is :" + global_token): null

2022-03-29 22:16:18 - [TEST_STEP][PASSED] - response_token = token.getResponseText(): null

2022-03-29 22:16:18 - [TEST_STEP][PASSED] - logInfo($response_token): 
            {
                "token_type": "BearerToken",
                "access_token": "ruzebXvAdIOm2QHWkMQaxjfXjGAu",
                "expires_in": "1799",
                "scope": ""
            }
        

2022-03-29 22:16:18 - [MESSAGE][INFO] - 
            {
                "token_type": "BearerToken",
                "access_token": "ruzebXvAdIOm2QHWkMQaxjfXjGAu",
                "expires_in": "1799",
                "scope": ""
            }
        

2022-03-29 22:16:18 - [TEST_STEP][PASSED] - feedback = sendRequest(findTestObject("4. Feedback-ins", ["s_key":global_token, "batchid":batchid, "norek":norek, "nopin":nopin, "custname":custname, "pemohon":pemohon, "branchid":branchid, ... ])): Send request successfully

2022-03-29 22:16:19 - [MESSAGE][INFO] - HAR: I:\app-testing\app-project\Order car insurance\order-car-insurance\Reports\20220329_215823\3. Get feedback insurance - Batch 1\20220329_215824\requests\main\451.har

2022-03-29 22:16:19 - [MESSAGE][PASSED] - Send request successfully

2022-03-29 22:16:19 - [TEST_STEP][PASSED] - response_feedback = feedback.getResponseText(): null

2022-03-29 22:16:19 - [TEST_STEP][PASSED] - markPassed("result feedback data : " + no + " norek : " + norek + " nopin : " + nopin): result feedback data : 235 norek : 9663000570 nopin : 001

2022-03-29 22:16:19 - [MESSAGE][PASSED] - result feedback data : 235 norek : 9663000570 nopin : 001

2022-03-29 22:16:19 - [TEST_STEP][PASSED] - logInfo($response_feedback): {
  "FeedbackCarInsuranceResponse" : {
    "errorCode" : "00",
    "errorMessage" : "Sukses"
  }
}

2022-03-29 22:16:19 - [MESSAGE][INFO] - {
  "FeedbackCarInsuranceResponse" : {
    "errorCode" : "00",
    "errorMessage" : "Sukses"
  }
}

2022-03-29 22:16:19 - [TEST_STEP][PASSED] - verifyElementPropertyValue(feedback, "FeedbackCarInsuranceResponse.errorMessage", "Sukses", CONTINUE_ON_FAILURE): Verify element property value successfully

2022-03-29 22:16:19 - [MESSAGE][PASSED] - Verify element property value successfully]]></system-out>
         <system-err><![CDATA[]]></system-err>
      </testcase>
      <testcase name="Test Cases/3. get token - feedback insurance" time="1.105" classname="Test Cases/3. get token - feedback insurance" status="PASSED">
         <system-out><![CDATA[2022-03-29 22:16:19 - [TEST_CASE][PASSED] - Test Cases/3. get token - feedback insurance: Test Cases/3. get token - feedback insurance

2022-03-29 22:16:19 - [TEST_STEP][PASSED] - token = sendRequest(findTestObject("1. Get-Token")): Send request successfully

2022-03-29 22:16:19 - [MESSAGE][INFO] - HAR: I:\app-testing\app-project\Order car insurance\order-car-insurance\Reports\20220329_215823\3. Get feedback insurance - Batch 1\20220329_215824\requests\main\452.har

2022-03-29 22:16:19 - [MESSAGE][PASSED] - Send request successfully

2022-03-29 22:16:19 - [TEST_STEP][PASSED] - slurper = new groovy.json.JsonSlurper(): null

2022-03-29 22:16:19 - [TEST_STEP][PASSED] - get_token = slurper.parseText(token.getResponseBodyContent()): null

2022-03-29 22:16:19 - [TEST_STEP][PASSED] - private_token = access_token: null

2022-03-29 22:16:19 - [TEST_STEP][PASSED] - global_token = private_token: null

2022-03-29 22:16:19 - [TEST_STEP][PASSED] - println("token is :" + global_token): null

2022-03-29 22:16:19 - [TEST_STEP][PASSED] - response_token = token.getResponseText(): null

2022-03-29 22:16:19 - [TEST_STEP][PASSED] - logInfo($response_token): 
            {
                "token_type": "BearerToken",
                "access_token": "I3B4i24Rcz10E96zjiTE3qLeP4t7",
                "expires_in": "1799",
                "scope": ""
            }
        

2022-03-29 22:16:19 - [MESSAGE][INFO] - 
            {
                "token_type": "BearerToken",
                "access_token": "I3B4i24Rcz10E96zjiTE3qLeP4t7",
                "expires_in": "1799",
                "scope": ""
            }
        

2022-03-29 22:16:19 - [TEST_STEP][PASSED] - feedback = sendRequest(findTestObject("4. Feedback-ins", ["s_key":global_token, "batchid":batchid, "norek":norek, "nopin":nopin, "custname":custname, "pemohon":pemohon, "branchid":branchid, ... ])): Send request successfully

2022-03-29 22:16:20 - [MESSAGE][INFO] - HAR: I:\app-testing\app-project\Order car insurance\order-car-insurance\Reports\20220329_215823\3. Get feedback insurance - Batch 1\20220329_215824\requests\main\453.har

2022-03-29 22:16:20 - [MESSAGE][PASSED] - Send request successfully

2022-03-29 22:16:20 - [TEST_STEP][PASSED] - response_feedback = feedback.getResponseText(): null

2022-03-29 22:16:20 - [TEST_STEP][PASSED] - markPassed("result feedback data : " + no + " norek : " + norek + " nopin : " + nopin): result feedback data : 236 norek : 9663000570 nopin : 001

2022-03-29 22:16:20 - [MESSAGE][PASSED] - result feedback data : 236 norek : 9663000570 nopin : 001

2022-03-29 22:16:20 - [TEST_STEP][PASSED] - logInfo($response_feedback): {
  "FeedbackCarInsuranceResponse" : {
    "errorCode" : "00",
    "errorMessage" : "Sukses"
  }
}

2022-03-29 22:16:20 - [MESSAGE][INFO] - {
  "FeedbackCarInsuranceResponse" : {
    "errorCode" : "00",
    "errorMessage" : "Sukses"
  }
}

2022-03-29 22:16:20 - [TEST_STEP][PASSED] - verifyElementPropertyValue(feedback, "FeedbackCarInsuranceResponse.errorMessage", "Sukses", CONTINUE_ON_FAILURE): Verify element property value successfully

2022-03-29 22:16:20 - [MESSAGE][PASSED] - Verify element property value successfully]]></system-out>
         <system-err><![CDATA[]]></system-err>
      </testcase>
      <testcase name="Test Cases/3. get token - feedback insurance" time="1.264" classname="Test Cases/3. get token - feedback insurance" status="PASSED">
         <system-out><![CDATA[2022-03-29 22:16:21 - [TEST_CASE][PASSED] - Test Cases/3. get token - feedback insurance: Test Cases/3. get token - feedback insurance

2022-03-29 22:16:21 - [TEST_STEP][PASSED] - token = sendRequest(findTestObject("1. Get-Token")): Send request successfully

2022-03-29 22:16:21 - [MESSAGE][INFO] - HAR: I:\app-testing\app-project\Order car insurance\order-car-insurance\Reports\20220329_215823\3. Get feedback insurance - Batch 1\20220329_215824\requests\main\454.har

2022-03-29 22:16:21 - [MESSAGE][PASSED] - Send request successfully

2022-03-29 22:16:21 - [TEST_STEP][PASSED] - slurper = new groovy.json.JsonSlurper(): null

2022-03-29 22:16:21 - [TEST_STEP][PASSED] - get_token = slurper.parseText(token.getResponseBodyContent()): null

2022-03-29 22:16:21 - [TEST_STEP][PASSED] - private_token = access_token: null

2022-03-29 22:16:21 - [TEST_STEP][PASSED] - global_token = private_token: null

2022-03-29 22:16:21 - [TEST_STEP][PASSED] - println("token is :" + global_token): null

2022-03-29 22:16:21 - [TEST_STEP][PASSED] - response_token = token.getResponseText(): null

2022-03-29 22:16:21 - [TEST_STEP][PASSED] - logInfo($response_token): 
            {
                "token_type": "BearerToken",
                "access_token": "fDQBzRugsGq4SEVNm9yVLexmcDO9",
                "expires_in": "1799",
                "scope": ""
            }
        

2022-03-29 22:16:21 - [MESSAGE][INFO] - 
            {
                "token_type": "BearerToken",
                "access_token": "fDQBzRugsGq4SEVNm9yVLexmcDO9",
                "expires_in": "1799",
                "scope": ""
            }
        

2022-03-29 22:16:21 - [TEST_STEP][PASSED] - feedback = sendRequest(findTestObject("4. Feedback-ins", ["s_key":global_token, "batchid":batchid, "norek":norek, "nopin":nopin, "custname":custname, "pemohon":pemohon, "branchid":branchid, ... ])): Send request successfully

2022-03-29 22:16:22 - [MESSAGE][INFO] - HAR: I:\app-testing\app-project\Order car insurance\order-car-insurance\Reports\20220329_215823\3. Get feedback insurance - Batch 1\20220329_215824\requests\main\455.har

2022-03-29 22:16:22 - [MESSAGE][PASSED] - Send request successfully

2022-03-29 22:16:22 - [TEST_STEP][PASSED] - response_feedback = feedback.getResponseText(): null

2022-03-29 22:16:22 - [TEST_STEP][PASSED] - markPassed("result feedback data : " + no + " norek : " + norek + " nopin : " + nopin): result feedback data : 237 norek : 9794001172 nopin : 001

2022-03-29 22:16:22 - [MESSAGE][PASSED] - result feedback data : 237 norek : 9794001172 nopin : 001

2022-03-29 22:16:22 - [TEST_STEP][PASSED] - logInfo($response_feedback): {
  "FeedbackCarInsuranceResponse" : {
    "errorCode" : "00",
    "errorMessage" : "Sukses"
  }
}

2022-03-29 22:16:22 - [MESSAGE][INFO] - {
  "FeedbackCarInsuranceResponse" : {
    "errorCode" : "00",
    "errorMessage" : "Sukses"
  }
}

2022-03-29 22:16:22 - [TEST_STEP][PASSED] - verifyElementPropertyValue(feedback, "FeedbackCarInsuranceResponse.errorMessage", "Sukses", CONTINUE_ON_FAILURE): Verify element property value successfully

2022-03-29 22:16:22 - [MESSAGE][PASSED] - Verify element property value successfully]]></system-out>
         <system-err><![CDATA[]]></system-err>
      </testcase>
      <testcase name="Test Cases/3. get token - feedback insurance" time="1.112" classname="Test Cases/3. get token - feedback insurance" status="PASSED">
         <system-out><![CDATA[2022-03-29 22:16:22 - [TEST_CASE][PASSED] - Test Cases/3. get token - feedback insurance: Test Cases/3. get token - feedback insurance

2022-03-29 22:16:22 - [TEST_STEP][PASSED] - token = sendRequest(findTestObject("1. Get-Token")): Send request successfully

2022-03-29 22:16:23 - [MESSAGE][INFO] - HAR: I:\app-testing\app-project\Order car insurance\order-car-insurance\Reports\20220329_215823\3. Get feedback insurance - Batch 1\20220329_215824\requests\main\456.har

2022-03-29 22:16:23 - [MESSAGE][PASSED] - Send request successfully

2022-03-29 22:16:23 - [TEST_STEP][PASSED] - slurper = new groovy.json.JsonSlurper(): null

2022-03-29 22:16:23 - [TEST_STEP][PASSED] - get_token = slurper.parseText(token.getResponseBodyContent()): null

2022-03-29 22:16:23 - [TEST_STEP][PASSED] - private_token = access_token: null

2022-03-29 22:16:23 - [TEST_STEP][PASSED] - global_token = private_token: null

2022-03-29 22:16:23 - [TEST_STEP][PASSED] - println("token is :" + global_token): null

2022-03-29 22:16:23 - [TEST_STEP][PASSED] - response_token = token.getResponseText(): null

2022-03-29 22:16:23 - [TEST_STEP][PASSED] - logInfo($response_token): 
            {
                "token_type": "BearerToken",
                "access_token": "LRsuRSuZsAwazXgzxQzZ9X4j83NL",
                "expires_in": "1799",
                "scope": ""
            }
        

2022-03-29 22:16:23 - [MESSAGE][INFO] - 
            {
                "token_type": "BearerToken",
                "access_token": "LRsuRSuZsAwazXgzxQzZ9X4j83NL",
                "expires_in": "1799",
                "scope": ""
            }
        

2022-03-29 22:16:23 - [TEST_STEP][PASSED] - feedback = sendRequest(findTestObject("4. Feedback-ins", ["s_key":global_token, "batchid":batchid, "norek":norek, "nopin":nopin, "custname":custname, "pemohon":pemohon, "branchid":branchid, ... ])): Send request successfully

2022-03-29 22:16:23 - [MESSAGE][INFO] - HAR: I:\app-testing\app-project\Order car insurance\order-car-insurance\Reports\20220329_215823\3. Get feedback insurance - Batch 1\20220329_215824\requests\main\457.har

2022-03-29 22:16:23 - [MESSAGE][PASSED] - Send request successfully

2022-03-29 22:16:23 - [TEST_STEP][PASSED] - response_feedback = feedback.getResponseText(): null

2022-03-29 22:16:23 - [TEST_STEP][PASSED] - markPassed("result feedback data : " + no + " norek : " + norek + " nopin : " + nopin): result feedback data : 238 norek : 9794001172 nopin : 001

2022-03-29 22:16:23 - [MESSAGE][PASSED] - result feedback data : 238 norek : 9794001172 nopin : 001

2022-03-29 22:16:23 - [TEST_STEP][PASSED] - logInfo($response_feedback): {
  "FeedbackCarInsuranceResponse" : {
    "errorCode" : "00",
    "errorMessage" : "Sukses"
  }
}

2022-03-29 22:16:23 - [MESSAGE][INFO] - {
  "FeedbackCarInsuranceResponse" : {
    "errorCode" : "00",
    "errorMessage" : "Sukses"
  }
}

2022-03-29 22:16:23 - [TEST_STEP][PASSED] - verifyElementPropertyValue(feedback, "FeedbackCarInsuranceResponse.errorMessage", "Sukses", CONTINUE_ON_FAILURE): Verify element property value successfully

2022-03-29 22:16:23 - [MESSAGE][PASSED] - Verify element property value successfully]]></system-out>
         <system-err><![CDATA[]]></system-err>
      </testcase>
      <testcase name="Test Cases/3. get token - feedback insurance" time="1.033" classname="Test Cases/3. get token - feedback insurance" status="PASSED">
         <system-out><![CDATA[2022-03-29 22:16:24 - [TEST_CASE][PASSED] - Test Cases/3. get token - feedback insurance: Test Cases/3. get token - feedback insurance

2022-03-29 22:16:24 - [TEST_STEP][PASSED] - token = sendRequest(findTestObject("1. Get-Token")): Send request successfully

2022-03-29 22:16:24 - [MESSAGE][INFO] - HAR: I:\app-testing\app-project\Order car insurance\order-car-insurance\Reports\20220329_215823\3. Get feedback insurance - Batch 1\20220329_215824\requests\main\458.har

2022-03-29 22:16:24 - [MESSAGE][PASSED] - Send request successfully

2022-03-29 22:16:24 - [TEST_STEP][PASSED] - slurper = new groovy.json.JsonSlurper(): null

2022-03-29 22:16:24 - [TEST_STEP][PASSED] - get_token = slurper.parseText(token.getResponseBodyContent()): null

2022-03-29 22:16:24 - [TEST_STEP][PASSED] - private_token = access_token: null

2022-03-29 22:16:24 - [TEST_STEP][PASSED] - global_token = private_token: null

2022-03-29 22:16:24 - [TEST_STEP][PASSED] - println("token is :" + global_token): null

2022-03-29 22:16:24 - [TEST_STEP][PASSED] - response_token = token.getResponseText(): null

2022-03-29 22:16:24 - [TEST_STEP][PASSED] - logInfo($response_token): 
            {
                "token_type": "BearerToken",
                "access_token": "hvMF3KRRDtDr9RsKJxozoGPx7Owf",
                "expires_in": "1799",
                "scope": ""
            }
        

2022-03-29 22:16:24 - [MESSAGE][INFO] - 
            {
                "token_type": "BearerToken",
                "access_token": "hvMF3KRRDtDr9RsKJxozoGPx7Owf",
                "expires_in": "1799",
                "scope": ""
            }
        

2022-03-29 22:16:24 - [TEST_STEP][PASSED] - feedback = sendRequest(findTestObject("4. Feedback-ins", ["s_key":global_token, "batchid":batchid, "norek":norek, "nopin":nopin, "custname":custname, "pemohon":pemohon, "branchid":branchid, ... ])): Send request successfully

2022-03-29 22:16:25 - [MESSAGE][INFO] - HAR: I:\app-testing\app-project\Order car insurance\order-car-insurance\Reports\20220329_215823\3. Get feedback insurance - Batch 1\20220329_215824\requests\main\459.har

2022-03-29 22:16:25 - [MESSAGE][PASSED] - Send request successfully

2022-03-29 22:16:25 - [TEST_STEP][PASSED] - response_feedback = feedback.getResponseText(): null

2022-03-29 22:16:25 - [TEST_STEP][PASSED] - markPassed("result feedback data : " + no + " norek : " + norek + " nopin : " + nopin): result feedback data : 239 norek : 9794001172 nopin : 001

2022-03-29 22:16:25 - [MESSAGE][PASSED] - result feedback data : 239 norek : 9794001172 nopin : 001

2022-03-29 22:16:25 - [TEST_STEP][PASSED] - logInfo($response_feedback): {
  "FeedbackCarInsuranceResponse" : {
    "errorCode" : "00",
    "errorMessage" : "Sukses"
  }
}

2022-03-29 22:16:25 - [MESSAGE][INFO] - {
  "FeedbackCarInsuranceResponse" : {
    "errorCode" : "00",
    "errorMessage" : "Sukses"
  }
}

2022-03-29 22:16:25 - [TEST_STEP][PASSED] - verifyElementPropertyValue(feedback, "FeedbackCarInsuranceResponse.errorMessage", "Sukses", CONTINUE_ON_FAILURE): Verify element property value successfully

2022-03-29 22:16:25 - [MESSAGE][PASSED] - Verify element property value successfully]]></system-out>
         <system-err><![CDATA[]]></system-err>
      </testcase>
      <testcase name="Test Cases/3. get token - feedback insurance" time="1.218" classname="Test Cases/3. get token - feedback insurance" status="PASSED">
         <system-out><![CDATA[2022-03-29 22:16:25 - [TEST_CASE][PASSED] - Test Cases/3. get token - feedback insurance: Test Cases/3. get token - feedback insurance

2022-03-29 22:16:25 - [TEST_STEP][PASSED] - token = sendRequest(findTestObject("1. Get-Token")): Send request successfully

2022-03-29 22:16:25 - [MESSAGE][INFO] - HAR: I:\app-testing\app-project\Order car insurance\order-car-insurance\Reports\20220329_215823\3. Get feedback insurance - Batch 1\20220329_215824\requests\main\460.har

2022-03-29 22:16:25 - [MESSAGE][PASSED] - Send request successfully

2022-03-29 22:16:25 - [TEST_STEP][PASSED] - slurper = new groovy.json.JsonSlurper(): null

2022-03-29 22:16:25 - [TEST_STEP][PASSED] - get_token = slurper.parseText(token.getResponseBodyContent()): null

2022-03-29 22:16:25 - [TEST_STEP][PASSED] - private_token = access_token: null

2022-03-29 22:16:25 - [TEST_STEP][PASSED] - global_token = private_token: null

2022-03-29 22:16:25 - [TEST_STEP][PASSED] - println("token is :" + global_token): null

2022-03-29 22:16:25 - [TEST_STEP][PASSED] - response_token = token.getResponseText(): null

2022-03-29 22:16:25 - [TEST_STEP][PASSED] - logInfo($response_token): 
            {
                "token_type": "BearerToken",
                "access_token": "As5akxYgT8trWFDgvDFuD7JrcIHh",
                "expires_in": "1799",
                "scope": ""
            }
        

2022-03-29 22:16:25 - [MESSAGE][INFO] - 
            {
                "token_type": "BearerToken",
                "access_token": "As5akxYgT8trWFDgvDFuD7JrcIHh",
                "expires_in": "1799",
                "scope": ""
            }
        

2022-03-29 22:16:25 - [TEST_STEP][PASSED] - feedback = sendRequest(findTestObject("4. Feedback-ins", ["s_key":global_token, "batchid":batchid, "norek":norek, "nopin":nopin, "custname":custname, "pemohon":pemohon, "branchid":branchid, ... ])): Send request successfully

2022-03-29 22:16:26 - [MESSAGE][INFO] - HAR: I:\app-testing\app-project\Order car insurance\order-car-insurance\Reports\20220329_215823\3. Get feedback insurance - Batch 1\20220329_215824\requests\main\461.har

2022-03-29 22:16:26 - [MESSAGE][PASSED] - Send request successfully

2022-03-29 22:16:26 - [TEST_STEP][PASSED] - response_feedback = feedback.getResponseText(): null

2022-03-29 22:16:26 - [TEST_STEP][PASSED] - markPassed("result feedback data : " + no + " norek : " + norek + " nopin : " + nopin): result feedback data : 240 norek : 9890010723 nopin : 001

2022-03-29 22:16:26 - [MESSAGE][PASSED] - result feedback data : 240 norek : 9890010723 nopin : 001

2022-03-29 22:16:26 - [TEST_STEP][PASSED] - logInfo($response_feedback): {
  "FeedbackCarInsuranceResponse" : {
    "errorCode" : "00",
    "errorMessage" : "Sukses"
  }
}

2022-03-29 22:16:26 - [MESSAGE][INFO] - {
  "FeedbackCarInsuranceResponse" : {
    "errorCode" : "00",
    "errorMessage" : "Sukses"
  }
}

2022-03-29 22:16:26 - [TEST_STEP][PASSED] - verifyElementPropertyValue(feedback, "FeedbackCarInsuranceResponse.errorMessage", "Sukses", CONTINUE_ON_FAILURE): Verify element property value successfully

2022-03-29 22:16:26 - [MESSAGE][PASSED] - Verify element property value successfully]]></system-out>
         <system-err><![CDATA[]]></system-err>
      </testcase>
      <testcase name="Test Cases/3. get token - feedback insurance" time="1.186" classname="Test Cases/3. get token - feedback insurance" status="PASSED">
         <system-out><![CDATA[2022-03-29 22:16:27 - [TEST_CASE][PASSED] - Test Cases/3. get token - feedback insurance: Test Cases/3. get token - feedback insurance

2022-03-29 22:16:27 - [TEST_STEP][PASSED] - token = sendRequest(findTestObject("1. Get-Token")): Send request successfully

2022-03-29 22:16:27 - [MESSAGE][INFO] - HAR: I:\app-testing\app-project\Order car insurance\order-car-insurance\Reports\20220329_215823\3. Get feedback insurance - Batch 1\20220329_215824\requests\main\462.har

2022-03-29 22:16:27 - [MESSAGE][PASSED] - Send request successfully

2022-03-29 22:16:27 - [TEST_STEP][PASSED] - slurper = new groovy.json.JsonSlurper(): null

2022-03-29 22:16:27 - [TEST_STEP][PASSED] - get_token = slurper.parseText(token.getResponseBodyContent()): null

2022-03-29 22:16:27 - [TEST_STEP][PASSED] - private_token = access_token: null

2022-03-29 22:16:27 - [TEST_STEP][PASSED] - global_token = private_token: null

2022-03-29 22:16:27 - [TEST_STEP][PASSED] - println("token is :" + global_token): null

2022-03-29 22:16:27 - [TEST_STEP][PASSED] - response_token = token.getResponseText(): null

2022-03-29 22:16:27 - [TEST_STEP][PASSED] - logInfo($response_token): 
            {
                "token_type": "BearerToken",
                "access_token": "fcyQ97mIX9CQjnf3IdAfNEpJVHHt",
                "expires_in": "1799",
                "scope": ""
            }
        

2022-03-29 22:16:27 - [MESSAGE][INFO] - 
            {
                "token_type": "BearerToken",
                "access_token": "fcyQ97mIX9CQjnf3IdAfNEpJVHHt",
                "expires_in": "1799",
                "scope": ""
            }
        

2022-03-29 22:16:27 - [TEST_STEP][PASSED] - feedback = sendRequest(findTestObject("4. Feedback-ins", ["s_key":global_token, "batchid":batchid, "norek":norek, "nopin":nopin, "custname":custname, "pemohon":pemohon, "branchid":branchid, ... ])): Send request successfully

2022-03-29 22:16:28 - [MESSAGE][INFO] - HAR: I:\app-testing\app-project\Order car insurance\order-car-insurance\Reports\20220329_215823\3. Get feedback insurance - Batch 1\20220329_215824\requests\main\463.har

2022-03-29 22:16:28 - [MESSAGE][PASSED] - Send request successfully

2022-03-29 22:16:28 - [TEST_STEP][PASSED] - response_feedback = feedback.getResponseText(): null

2022-03-29 22:16:28 - [TEST_STEP][PASSED] - markPassed("result feedback data : " + no + " norek : " + norek + " nopin : " + nopin): result feedback data : 241 norek : 9890010723 nopin : 001

2022-03-29 22:16:28 - [MESSAGE][PASSED] - result feedback data : 241 norek : 9890010723 nopin : 001

2022-03-29 22:16:28 - [TEST_STEP][PASSED] - logInfo($response_feedback): {
  "FeedbackCarInsuranceResponse" : {
    "errorCode" : "00",
    "errorMessage" : "Sukses"
  }
}

2022-03-29 22:16:28 - [MESSAGE][INFO] - {
  "FeedbackCarInsuranceResponse" : {
    "errorCode" : "00",
    "errorMessage" : "Sukses"
  }
}

2022-03-29 22:16:28 - [TEST_STEP][PASSED] - verifyElementPropertyValue(feedback, "FeedbackCarInsuranceResponse.errorMessage", "Sukses", CONTINUE_ON_FAILURE): Verify element property value successfully

2022-03-29 22:16:28 - [MESSAGE][PASSED] - Verify element property value successfully]]></system-out>
         <system-err><![CDATA[]]></system-err>
      </testcase>
      <testcase name="Test Cases/3. get token - feedback insurance" time="0.876" classname="Test Cases/3. get token - feedback insurance" status="PASSED">
         <system-out><![CDATA[2022-03-29 22:16:29 - [TEST_CASE][PASSED] - Test Cases/3. get token - feedback insurance: Test Cases/3. get token - feedback insurance

2022-03-29 22:16:29 - [TEST_STEP][PASSED] - token = sendRequest(findTestObject("1. Get-Token")): Send request successfully

2022-03-29 22:16:29 - [MESSAGE][INFO] - HAR: I:\app-testing\app-project\Order car insurance\order-car-insurance\Reports\20220329_215823\3. Get feedback insurance - Batch 1\20220329_215824\requests\main\464.har

2022-03-29 22:16:29 - [MESSAGE][PASSED] - Send request successfully

2022-03-29 22:16:29 - [TEST_STEP][PASSED] - slurper = new groovy.json.JsonSlurper(): null

2022-03-29 22:16:29 - [TEST_STEP][PASSED] - get_token = slurper.parseText(token.getResponseBodyContent()): null

2022-03-29 22:16:29 - [TEST_STEP][PASSED] - private_token = access_token: null

2022-03-29 22:16:29 - [TEST_STEP][PASSED] - global_token = private_token: null

2022-03-29 22:16:29 - [TEST_STEP][PASSED] - println("token is :" + global_token): null

2022-03-29 22:16:29 - [TEST_STEP][PASSED] - response_token = token.getResponseText(): null

2022-03-29 22:16:29 - [TEST_STEP][PASSED] - logInfo($response_token): 
            {
                "token_type": "BearerToken",
                "access_token": "HFG5MmgmcMB6vBjJs4Zb3iAe99QQ",
                "expires_in": "1799",
                "scope": ""
            }
        

2022-03-29 22:16:29 - [MESSAGE][INFO] - 
            {
                "token_type": "BearerToken",
                "access_token": "HFG5MmgmcMB6vBjJs4Zb3iAe99QQ",
                "expires_in": "1799",
                "scope": ""
            }
        

2022-03-29 22:16:29 - [TEST_STEP][PASSED] - feedback = sendRequest(findTestObject("4. Feedback-ins", ["s_key":global_token, "batchid":batchid, "norek":norek, "nopin":nopin, "custname":custname, "pemohon":pemohon, "branchid":branchid, ... ])): Send request successfully

2022-03-29 22:16:29 - [MESSAGE][INFO] - HAR: I:\app-testing\app-project\Order car insurance\order-car-insurance\Reports\20220329_215823\3. Get feedback insurance - Batch 1\20220329_215824\requests\main\465.har

2022-03-29 22:16:29 - [MESSAGE][PASSED] - Send request successfully

2022-03-29 22:16:29 - [TEST_STEP][PASSED] - response_feedback = feedback.getResponseText(): null

2022-03-29 22:16:29 - [TEST_STEP][PASSED] - markPassed("result feedback data : " + no + " norek : " + norek + " nopin : " + nopin): result feedback data : 242 norek : 9890010723 nopin : 001

2022-03-29 22:16:29 - [MESSAGE][PASSED] - result feedback data : 242 norek : 9890010723 nopin : 001

2022-03-29 22:16:29 - [TEST_STEP][PASSED] - logInfo($response_feedback): {
  "FeedbackCarInsuranceResponse" : {
    "errorCode" : "00",
    "errorMessage" : "Sukses"
  }
}

2022-03-29 22:16:29 - [MESSAGE][INFO] - {
  "FeedbackCarInsuranceResponse" : {
    "errorCode" : "00",
    "errorMessage" : "Sukses"
  }
}

2022-03-29 22:16:29 - [TEST_STEP][PASSED] - verifyElementPropertyValue(feedback, "FeedbackCarInsuranceResponse.errorMessage", "Sukses", CONTINUE_ON_FAILURE): Verify element property value successfully

2022-03-29 22:16:29 - [MESSAGE][PASSED] - Verify element property value successfully]]></system-out>
         <system-err><![CDATA[]]></system-err>
      </testcase>
      <testcase name="Test Cases/3. get token - feedback insurance" time="1.052" classname="Test Cases/3. get token - feedback insurance" status="PASSED">
         <system-out><![CDATA[2022-03-29 22:16:30 - [TEST_CASE][PASSED] - Test Cases/3. get token - feedback insurance: Test Cases/3. get token - feedback insurance

2022-03-29 22:16:30 - [TEST_STEP][PASSED] - token = sendRequest(findTestObject("1. Get-Token")): Send request successfully

2022-03-29 22:16:30 - [MESSAGE][INFO] - HAR: I:\app-testing\app-project\Order car insurance\order-car-insurance\Reports\20220329_215823\3. Get feedback insurance - Batch 1\20220329_215824\requests\main\466.har

2022-03-29 22:16:30 - [MESSAGE][PASSED] - Send request successfully

2022-03-29 22:16:30 - [TEST_STEP][PASSED] - slurper = new groovy.json.JsonSlurper(): null

2022-03-29 22:16:30 - [TEST_STEP][PASSED] - get_token = slurper.parseText(token.getResponseBodyContent()): null

2022-03-29 22:16:30 - [TEST_STEP][PASSED] - private_token = access_token: null

2022-03-29 22:16:30 - [TEST_STEP][PASSED] - global_token = private_token: null

2022-03-29 22:16:30 - [TEST_STEP][PASSED] - println("token is :" + global_token): null

2022-03-29 22:16:30 - [TEST_STEP][PASSED] - response_token = token.getResponseText(): null

2022-03-29 22:16:30 - [TEST_STEP][PASSED] - logInfo($response_token): 
            {
                "token_type": "BearerToken",
                "access_token": "r3IiCbbKcSenVIwtBm7yNaOPr8fX",
                "expires_in": "1799",
                "scope": ""
            }
        

2022-03-29 22:16:30 - [MESSAGE][INFO] - 
            {
                "token_type": "BearerToken",
                "access_token": "r3IiCbbKcSenVIwtBm7yNaOPr8fX",
                "expires_in": "1799",
                "scope": ""
            }
        

2022-03-29 22:16:30 - [TEST_STEP][PASSED] - feedback = sendRequest(findTestObject("4. Feedback-ins", ["s_key":global_token, "batchid":batchid, "norek":norek, "nopin":nopin, "custname":custname, "pemohon":pemohon, "branchid":branchid, ... ])): Send request successfully

2022-03-29 22:16:31 - [MESSAGE][INFO] - HAR: I:\app-testing\app-project\Order car insurance\order-car-insurance\Reports\20220329_215823\3. Get feedback insurance - Batch 1\20220329_215824\requests\main\467.har

2022-03-29 22:16:31 - [MESSAGE][PASSED] - Send request successfully

2022-03-29 22:16:31 - [TEST_STEP][PASSED] - response_feedback = feedback.getResponseText(): null

2022-03-29 22:16:31 - [TEST_STEP][PASSED] - markPassed("result feedback data : " + no + " norek : " + norek + " nopin : " + nopin): result feedback data : 243 norek : 9890010723 nopin : 001

2022-03-29 22:16:31 - [MESSAGE][PASSED] - result feedback data : 243 norek : 9890010723 nopin : 001

2022-03-29 22:16:31 - [TEST_STEP][PASSED] - logInfo($response_feedback): {
  "FeedbackCarInsuranceResponse" : {
    "errorCode" : "00",
    "errorMessage" : "Sukses"
  }
}

2022-03-29 22:16:31 - [MESSAGE][INFO] - {
  "FeedbackCarInsuranceResponse" : {
    "errorCode" : "00",
    "errorMessage" : "Sukses"
  }
}

2022-03-29 22:16:31 - [TEST_STEP][PASSED] - verifyElementPropertyValue(feedback, "FeedbackCarInsuranceResponse.errorMessage", "Sukses", CONTINUE_ON_FAILURE): Verify element property value successfully

2022-03-29 22:16:31 - [MESSAGE][PASSED] - Verify element property value successfully]]></system-out>
         <system-err><![CDATA[]]></system-err>
      </testcase>
      <testcase name="Test Cases/3. get token - feedback insurance" time="1.104" classname="Test Cases/3. get token - feedback insurance" status="PASSED">
         <system-out><![CDATA[2022-03-29 22:16:31 - [TEST_CASE][PASSED] - Test Cases/3. get token - feedback insurance: Test Cases/3. get token - feedback insurance

2022-03-29 22:16:31 - [TEST_STEP][PASSED] - token = sendRequest(findTestObject("1. Get-Token")): Send request successfully

2022-03-29 22:16:32 - [MESSAGE][INFO] - HAR: I:\app-testing\app-project\Order car insurance\order-car-insurance\Reports\20220329_215823\3. Get feedback insurance - Batch 1\20220329_215824\requests\main\468.har

2022-03-29 22:16:32 - [MESSAGE][PASSED] - Send request successfully

2022-03-29 22:16:32 - [TEST_STEP][PASSED] - slurper = new groovy.json.JsonSlurper(): null

2022-03-29 22:16:32 - [TEST_STEP][PASSED] - get_token = slurper.parseText(token.getResponseBodyContent()): null

2022-03-29 22:16:32 - [TEST_STEP][PASSED] - private_token = access_token: null

2022-03-29 22:16:32 - [TEST_STEP][PASSED] - global_token = private_token: null

2022-03-29 22:16:32 - [TEST_STEP][PASSED] - println("token is :" + global_token): null

2022-03-29 22:16:32 - [TEST_STEP][PASSED] - response_token = token.getResponseText(): null

2022-03-29 22:16:32 - [TEST_STEP][PASSED] - logInfo($response_token): 
            {
                "token_type": "BearerToken",
                "access_token": "I6s71SrqP9i5rLrdYKOCIRYTMgGv",
                "expires_in": "1799",
                "scope": ""
            }
        

2022-03-29 22:16:32 - [MESSAGE][INFO] - 
            {
                "token_type": "BearerToken",
                "access_token": "I6s71SrqP9i5rLrdYKOCIRYTMgGv",
                "expires_in": "1799",
                "scope": ""
            }
        

2022-03-29 22:16:32 - [TEST_STEP][PASSED] - feedback = sendRequest(findTestObject("4. Feedback-ins", ["s_key":global_token, "batchid":batchid, "norek":norek, "nopin":nopin, "custname":custname, "pemohon":pemohon, "branchid":branchid, ... ])): Send request successfully

2022-03-29 22:16:32 - [MESSAGE][INFO] - HAR: I:\app-testing\app-project\Order car insurance\order-car-insurance\Reports\20220329_215823\3. Get feedback insurance - Batch 1\20220329_215824\requests\main\469.har

2022-03-29 22:16:32 - [MESSAGE][PASSED] - Send request successfully

2022-03-29 22:16:32 - [TEST_STEP][PASSED] - response_feedback = feedback.getResponseText(): null

2022-03-29 22:16:32 - [TEST_STEP][PASSED] - markPassed("result feedback data : " + no + " norek : " + norek + " nopin : " + nopin): result feedback data : 244 norek : 9890016107 nopin : 003

2022-03-29 22:16:32 - [MESSAGE][PASSED] - result feedback data : 244 norek : 9890016107 nopin : 003

2022-03-29 22:16:32 - [TEST_STEP][PASSED] - logInfo($response_feedback): {
  "FeedbackCarInsuranceResponse" : {
    "errorCode" : "00",
    "errorMessage" : "Sukses"
  }
}

2022-03-29 22:16:32 - [MESSAGE][INFO] - {
  "FeedbackCarInsuranceResponse" : {
    "errorCode" : "00",
    "errorMessage" : "Sukses"
  }
}

2022-03-29 22:16:32 - [TEST_STEP][PASSED] - verifyElementPropertyValue(feedback, "FeedbackCarInsuranceResponse.errorMessage", "Sukses", CONTINUE_ON_FAILURE): Verify element property value successfully

2022-03-29 22:16:32 - [MESSAGE][PASSED] - Verify element property value successfully]]></system-out>
         <system-err><![CDATA[]]></system-err>
      </testcase>
      <testcase name="Test Cases/3. get token - feedback insurance" time="1.122" classname="Test Cases/3. get token - feedback insurance" status="PASSED">
         <system-out><![CDATA[2022-03-29 22:16:33 - [TEST_CASE][PASSED] - Test Cases/3. get token - feedback insurance: Test Cases/3. get token - feedback insurance

2022-03-29 22:16:33 - [TEST_STEP][PASSED] - token = sendRequest(findTestObject("1. Get-Token")): Send request successfully

2022-03-29 22:16:33 - [MESSAGE][INFO] - HAR: I:\app-testing\app-project\Order car insurance\order-car-insurance\Reports\20220329_215823\3. Get feedback insurance - Batch 1\20220329_215824\requests\main\470.har

2022-03-29 22:16:33 - [MESSAGE][PASSED] - Send request successfully

2022-03-29 22:16:33 - [TEST_STEP][PASSED] - slurper = new groovy.json.JsonSlurper(): null

2022-03-29 22:16:33 - [TEST_STEP][PASSED] - get_token = slurper.parseText(token.getResponseBodyContent()): null

2022-03-29 22:16:33 - [TEST_STEP][PASSED] - private_token = access_token: null

2022-03-29 22:16:33 - [TEST_STEP][PASSED] - global_token = private_token: null

2022-03-29 22:16:33 - [TEST_STEP][PASSED] - println("token is :" + global_token): null

2022-03-29 22:16:33 - [TEST_STEP][PASSED] - response_token = token.getResponseText(): null

2022-03-29 22:16:33 - [TEST_STEP][PASSED] - logInfo($response_token): 
            {
                "token_type": "BearerToken",
                "access_token": "i1INdPfaeRGfHi9GKBVCBagAba3o",
                "expires_in": "1799",
                "scope": ""
            }
        

2022-03-29 22:16:33 - [MESSAGE][INFO] - 
            {
                "token_type": "BearerToken",
                "access_token": "i1INdPfaeRGfHi9GKBVCBagAba3o",
                "expires_in": "1799",
                "scope": ""
            }
        

2022-03-29 22:16:33 - [TEST_STEP][PASSED] - feedback = sendRequest(findTestObject("4. Feedback-ins", ["s_key":global_token, "batchid":batchid, "norek":norek, "nopin":nopin, "custname":custname, "pemohon":pemohon, "branchid":branchid, ... ])): Send request successfully

2022-03-29 22:16:34 - [MESSAGE][INFO] - HAR: I:\app-testing\app-project\Order car insurance\order-car-insurance\Reports\20220329_215823\3. Get feedback insurance - Batch 1\20220329_215824\requests\main\471.har

2022-03-29 22:16:34 - [MESSAGE][PASSED] - Send request successfully

2022-03-29 22:16:34 - [TEST_STEP][PASSED] - response_feedback = feedback.getResponseText(): null

2022-03-29 22:16:34 - [TEST_STEP][PASSED] - markPassed("result feedback data : " + no + " norek : " + norek + " nopin : " + nopin): result feedback data : 245 norek : 9890016107 nopin : 003

2022-03-29 22:16:34 - [MESSAGE][PASSED] - result feedback data : 245 norek : 9890016107 nopin : 003

2022-03-29 22:16:34 - [TEST_STEP][PASSED] - logInfo($response_feedback): {
  "FeedbackCarInsuranceResponse" : {
    "errorCode" : "00",
    "errorMessage" : "Sukses"
  }
}

2022-03-29 22:16:34 - [MESSAGE][INFO] - {
  "FeedbackCarInsuranceResponse" : {
    "errorCode" : "00",
    "errorMessage" : "Sukses"
  }
}

2022-03-29 22:16:34 - [TEST_STEP][PASSED] - verifyElementPropertyValue(feedback, "FeedbackCarInsuranceResponse.errorMessage", "Sukses", CONTINUE_ON_FAILURE): Verify element property value successfully

2022-03-29 22:16:34 - [MESSAGE][PASSED] - Verify element property value successfully]]></system-out>
         <system-err><![CDATA[]]></system-err>
      </testcase>
      <testcase name="Test Cases/3. get token - feedback insurance" time="1.036" classname="Test Cases/3. get token - feedback insurance" status="PASSED">
         <system-out><![CDATA[2022-03-29 22:16:34 - [TEST_CASE][PASSED] - Test Cases/3. get token - feedback insurance: Test Cases/3. get token - feedback insurance

2022-03-29 22:16:34 - [TEST_STEP][PASSED] - token = sendRequest(findTestObject("1. Get-Token")): Send request successfully

2022-03-29 22:16:35 - [MESSAGE][INFO] - HAR: I:\app-testing\app-project\Order car insurance\order-car-insurance\Reports\20220329_215823\3. Get feedback insurance - Batch 1\20220329_215824\requests\main\472.har

2022-03-29 22:16:35 - [MESSAGE][PASSED] - Send request successfully

2022-03-29 22:16:35 - [TEST_STEP][PASSED] - slurper = new groovy.json.JsonSlurper(): null

2022-03-29 22:16:35 - [TEST_STEP][PASSED] - get_token = slurper.parseText(token.getResponseBodyContent()): null

2022-03-29 22:16:35 - [TEST_STEP][PASSED] - private_token = access_token: null

2022-03-29 22:16:35 - [TEST_STEP][PASSED] - global_token = private_token: null

2022-03-29 22:16:35 - [TEST_STEP][PASSED] - println("token is :" + global_token): null

2022-03-29 22:16:35 - [TEST_STEP][PASSED] - response_token = token.getResponseText(): null

2022-03-29 22:16:35 - [TEST_STEP][PASSED] - logInfo($response_token): 
            {
                "token_type": "BearerToken",
                "access_token": "CtI42v6atV0S7oX3yhhfniGw4Aau",
                "expires_in": "1799",
                "scope": ""
            }
        

2022-03-29 22:16:35 - [MESSAGE][INFO] - 
            {
                "token_type": "BearerToken",
                "access_token": "CtI42v6atV0S7oX3yhhfniGw4Aau",
                "expires_in": "1799",
                "scope": ""
            }
        

2022-03-29 22:16:35 - [TEST_STEP][PASSED] - feedback = sendRequest(findTestObject("4. Feedback-ins", ["s_key":global_token, "batchid":batchid, "norek":norek, "nopin":nopin, "custname":custname, "pemohon":pemohon, "branchid":branchid, ... ])): Send request successfully

2022-03-29 22:16:35 - [MESSAGE][INFO] - HAR: I:\app-testing\app-project\Order car insurance\order-car-insurance\Reports\20220329_215823\3. Get feedback insurance - Batch 1\20220329_215824\requests\main\473.har

2022-03-29 22:16:35 - [MESSAGE][PASSED] - Send request successfully

2022-03-29 22:16:35 - [TEST_STEP][PASSED] - response_feedback = feedback.getResponseText(): null

2022-03-29 22:16:35 - [TEST_STEP][PASSED] - markPassed("result feedback data : " + no + " norek : " + norek + " nopin : " + nopin): result feedback data : 246 norek : 9890016107 nopin : 003

2022-03-29 22:16:35 - [MESSAGE][PASSED] - result feedback data : 246 norek : 9890016107 nopin : 003

2022-03-29 22:16:35 - [TEST_STEP][PASSED] - logInfo($response_feedback): {
  "FeedbackCarInsuranceResponse" : {
    "errorCode" : "00",
    "errorMessage" : "Sukses"
  }
}

2022-03-29 22:16:35 - [MESSAGE][INFO] - {
  "FeedbackCarInsuranceResponse" : {
    "errorCode" : "00",
    "errorMessage" : "Sukses"
  }
}

2022-03-29 22:16:35 - [TEST_STEP][PASSED] - verifyElementPropertyValue(feedback, "FeedbackCarInsuranceResponse.errorMessage", "Sukses", CONTINUE_ON_FAILURE): Verify element property value successfully

2022-03-29 22:16:35 - [MESSAGE][PASSED] - Verify element property value successfully]]></system-out>
         <system-err><![CDATA[]]></system-err>
      </testcase>
      <testcase name="Test Cases/3. get token - feedback insurance" time="0.961" classname="Test Cases/3. get token - feedback insurance" status="PASSED">
         <system-out><![CDATA[2022-03-29 22:16:36 - [TEST_CASE][PASSED] - Test Cases/3. get token - feedback insurance: Test Cases/3. get token - feedback insurance

2022-03-29 22:16:36 - [TEST_STEP][PASSED] - token = sendRequest(findTestObject("1. Get-Token")): Send request successfully

2022-03-29 22:16:36 - [MESSAGE][INFO] - HAR: I:\app-testing\app-project\Order car insurance\order-car-insurance\Reports\20220329_215823\3. Get feedback insurance - Batch 1\20220329_215824\requests\main\474.har

2022-03-29 22:16:36 - [MESSAGE][PASSED] - Send request successfully

2022-03-29 22:16:36 - [TEST_STEP][PASSED] - slurper = new groovy.json.JsonSlurper(): null

2022-03-29 22:16:36 - [TEST_STEP][PASSED] - get_token = slurper.parseText(token.getResponseBodyContent()): null

2022-03-29 22:16:36 - [TEST_STEP][PASSED] - private_token = access_token: null

2022-03-29 22:16:36 - [TEST_STEP][PASSED] - global_token = private_token: null

2022-03-29 22:16:36 - [TEST_STEP][PASSED] - println("token is :" + global_token): null

2022-03-29 22:16:36 - [TEST_STEP][PASSED] - response_token = token.getResponseText(): null

2022-03-29 22:16:36 - [TEST_STEP][PASSED] - logInfo($response_token): 
            {
                "token_type": "BearerToken",
                "access_token": "JEeC8RXS9DOloLL8oRaawF63Ixmo",
                "expires_in": "1799",
                "scope": ""
            }
        

2022-03-29 22:16:36 - [MESSAGE][INFO] - 
            {
                "token_type": "BearerToken",
                "access_token": "JEeC8RXS9DOloLL8oRaawF63Ixmo",
                "expires_in": "1799",
                "scope": ""
            }
        

2022-03-29 22:16:36 - [TEST_STEP][PASSED] - feedback = sendRequest(findTestObject("4. Feedback-ins", ["s_key":global_token, "batchid":batchid, "norek":norek, "nopin":nopin, "custname":custname, "pemohon":pemohon, "branchid":branchid, ... ])): Send request successfully

2022-03-29 22:16:37 - [MESSAGE][INFO] - HAR: I:\app-testing\app-project\Order car insurance\order-car-insurance\Reports\20220329_215823\3. Get feedback insurance - Batch 1\20220329_215824\requests\main\475.har

2022-03-29 22:16:37 - [MESSAGE][PASSED] - Send request successfully

2022-03-29 22:16:37 - [TEST_STEP][PASSED] - response_feedback = feedback.getResponseText(): null

2022-03-29 22:16:37 - [TEST_STEP][PASSED] - markPassed("result feedback data : " + no + " norek : " + norek + " nopin : " + nopin): result feedback data : 247 norek : 9890016107 nopin : 003

2022-03-29 22:16:37 - [MESSAGE][PASSED] - result feedback data : 247 norek : 9890016107 nopin : 003

2022-03-29 22:16:37 - [TEST_STEP][PASSED] - logInfo($response_feedback): {
  "FeedbackCarInsuranceResponse" : {
    "errorCode" : "00",
    "errorMessage" : "Sukses"
  }
}

2022-03-29 22:16:37 - [MESSAGE][INFO] - {
  "FeedbackCarInsuranceResponse" : {
    "errorCode" : "00",
    "errorMessage" : "Sukses"
  }
}

2022-03-29 22:16:37 - [TEST_STEP][PASSED] - verifyElementPropertyValue(feedback, "FeedbackCarInsuranceResponse.errorMessage", "Sukses", CONTINUE_ON_FAILURE): Verify element property value successfully

2022-03-29 22:16:37 - [MESSAGE][PASSED] - Verify element property value successfully]]></system-out>
         <system-err><![CDATA[]]></system-err>
      </testcase>
      <testcase name="Test Cases/3. get token - feedback insurance" time="1.073" classname="Test Cases/3. get token - feedback insurance" status="PASSED">
         <system-out><![CDATA[2022-03-29 22:16:37 - [TEST_CASE][PASSED] - Test Cases/3. get token - feedback insurance: Test Cases/3. get token - feedback insurance

2022-03-29 22:16:37 - [TEST_STEP][PASSED] - token = sendRequest(findTestObject("1. Get-Token")): Send request successfully

2022-03-29 22:16:37 - [MESSAGE][INFO] - HAR: I:\app-testing\app-project\Order car insurance\order-car-insurance\Reports\20220329_215823\3. Get feedback insurance - Batch 1\20220329_215824\requests\main\476.har

2022-03-29 22:16:37 - [MESSAGE][PASSED] - Send request successfully

2022-03-29 22:16:37 - [TEST_STEP][PASSED] - slurper = new groovy.json.JsonSlurper(): null

2022-03-29 22:16:37 - [TEST_STEP][PASSED] - get_token = slurper.parseText(token.getResponseBodyContent()): null

2022-03-29 22:16:37 - [TEST_STEP][PASSED] - private_token = access_token: null

2022-03-29 22:16:37 - [TEST_STEP][PASSED] - global_token = private_token: null

2022-03-29 22:16:37 - [TEST_STEP][PASSED] - println("token is :" + global_token): null

2022-03-29 22:16:37 - [TEST_STEP][PASSED] - response_token = token.getResponseText(): null

2022-03-29 22:16:37 - [TEST_STEP][PASSED] - logInfo($response_token): 
            {
                "token_type": "BearerToken",
                "access_token": "TCE4GXqEvAyGZKT5I4FaLh3QHZlv",
                "expires_in": "1799",
                "scope": ""
            }
        

2022-03-29 22:16:37 - [MESSAGE][INFO] - 
            {
                "token_type": "BearerToken",
                "access_token": "TCE4GXqEvAyGZKT5I4FaLh3QHZlv",
                "expires_in": "1799",
                "scope": ""
            }
        

2022-03-29 22:16:37 - [TEST_STEP][PASSED] - feedback = sendRequest(findTestObject("4. Feedback-ins", ["s_key":global_token, "batchid":batchid, "norek":norek, "nopin":nopin, "custname":custname, "pemohon":pemohon, "branchid":branchid, ... ])): Send request successfully

2022-03-29 22:16:38 - [MESSAGE][INFO] - HAR: I:\app-testing\app-project\Order car insurance\order-car-insurance\Reports\20220329_215823\3. Get feedback insurance - Batch 1\20220329_215824\requests\main\477.har

2022-03-29 22:16:38 - [MESSAGE][PASSED] - Send request successfully

2022-03-29 22:16:38 - [TEST_STEP][PASSED] - response_feedback = feedback.getResponseText(): null

2022-03-29 22:16:38 - [TEST_STEP][PASSED] - markPassed("result feedback data : " + no + " norek : " + norek + " nopin : " + nopin): result feedback data : 248 norek : 9920008785 nopin : 001

2022-03-29 22:16:38 - [MESSAGE][PASSED] - result feedback data : 248 norek : 9920008785 nopin : 001

2022-03-29 22:16:38 - [TEST_STEP][PASSED] - logInfo($response_feedback): {
  "FeedbackCarInsuranceResponse" : {
    "errorCode" : "00",
    "errorMessage" : "Sukses"
  }
}

2022-03-29 22:16:38 - [MESSAGE][INFO] - {
  "FeedbackCarInsuranceResponse" : {
    "errorCode" : "00",
    "errorMessage" : "Sukses"
  }
}

2022-03-29 22:16:38 - [TEST_STEP][PASSED] - verifyElementPropertyValue(feedback, "FeedbackCarInsuranceResponse.errorMessage", "Sukses", CONTINUE_ON_FAILURE): Verify element property value successfully

2022-03-29 22:16:38 - [MESSAGE][PASSED] - Verify element property value successfully]]></system-out>
         <system-err><![CDATA[]]></system-err>
      </testcase>
      <testcase name="Test Cases/3. get token - feedback insurance" time="1.137" classname="Test Cases/3. get token - feedback insurance" status="PASSED">
         <system-out><![CDATA[2022-03-29 22:16:39 - [TEST_CASE][PASSED] - Test Cases/3. get token - feedback insurance: Test Cases/3. get token - feedback insurance

2022-03-29 22:16:39 - [TEST_STEP][PASSED] - token = sendRequest(findTestObject("1. Get-Token")): Send request successfully

2022-03-29 22:16:39 - [MESSAGE][INFO] - HAR: I:\app-testing\app-project\Order car insurance\order-car-insurance\Reports\20220329_215823\3. Get feedback insurance - Batch 1\20220329_215824\requests\main\478.har

2022-03-29 22:16:39 - [MESSAGE][PASSED] - Send request successfully

2022-03-29 22:16:39 - [TEST_STEP][PASSED] - slurper = new groovy.json.JsonSlurper(): null

2022-03-29 22:16:39 - [TEST_STEP][PASSED] - get_token = slurper.parseText(token.getResponseBodyContent()): null

2022-03-29 22:16:39 - [TEST_STEP][PASSED] - private_token = access_token: null

2022-03-29 22:16:39 - [TEST_STEP][PASSED] - global_token = private_token: null

2022-03-29 22:16:39 - [TEST_STEP][PASSED] - println("token is :" + global_token): null

2022-03-29 22:16:39 - [TEST_STEP][PASSED] - response_token = token.getResponseText(): null

2022-03-29 22:16:39 - [TEST_STEP][PASSED] - logInfo($response_token): 
            {
                "token_type": "BearerToken",
                "access_token": "o5jQK3UIu6NiCIULoyO61nOq9o1Z",
                "expires_in": "1799",
                "scope": ""
            }
        

2022-03-29 22:16:39 - [MESSAGE][INFO] - 
            {
                "token_type": "BearerToken",
                "access_token": "o5jQK3UIu6NiCIULoyO61nOq9o1Z",
                "expires_in": "1799",
                "scope": ""
            }
        

2022-03-29 22:16:39 - [TEST_STEP][PASSED] - feedback = sendRequest(findTestObject("4. Feedback-ins", ["s_key":global_token, "batchid":batchid, "norek":norek, "nopin":nopin, "custname":custname, "pemohon":pemohon, "branchid":branchid, ... ])): Send request successfully

2022-03-29 22:16:40 - [MESSAGE][INFO] - HAR: I:\app-testing\app-project\Order car insurance\order-car-insurance\Reports\20220329_215823\3. Get feedback insurance - Batch 1\20220329_215824\requests\main\479.har

2022-03-29 22:16:40 - [MESSAGE][PASSED] - Send request successfully

2022-03-29 22:16:40 - [TEST_STEP][PASSED] - response_feedback = feedback.getResponseText(): null

2022-03-29 22:16:40 - [TEST_STEP][PASSED] - markPassed("result feedback data : " + no + " norek : " + norek + " nopin : " + nopin): result feedback data : 249 norek : 9920008785 nopin : 001

2022-03-29 22:16:40 - [MESSAGE][PASSED] - result feedback data : 249 norek : 9920008785 nopin : 001

2022-03-29 22:16:40 - [TEST_STEP][PASSED] - logInfo($response_feedback): {
  "FeedbackCarInsuranceResponse" : {
    "errorCode" : "00",
    "errorMessage" : "Sukses"
  }
}

2022-03-29 22:16:40 - [MESSAGE][INFO] - {
  "FeedbackCarInsuranceResponse" : {
    "errorCode" : "00",
    "errorMessage" : "Sukses"
  }
}

2022-03-29 22:16:40 - [TEST_STEP][PASSED] - verifyElementPropertyValue(feedback, "FeedbackCarInsuranceResponse.errorMessage", "Sukses", CONTINUE_ON_FAILURE): Verify element property value successfully

2022-03-29 22:16:40 - [MESSAGE][PASSED] - Verify element property value successfully]]></system-out>
         <system-err><![CDATA[]]></system-err>
      </testcase>
      <testcase name="Test Cases/3. get token - feedback insurance" time="1.113" classname="Test Cases/3. get token - feedback insurance" status="PASSED">
         <system-out><![CDATA[2022-03-29 22:16:40 - [TEST_CASE][PASSED] - Test Cases/3. get token - feedback insurance: Test Cases/3. get token - feedback insurance

2022-03-29 22:16:40 - [TEST_STEP][PASSED] - token = sendRequest(findTestObject("1. Get-Token")): Send request successfully

2022-03-29 22:16:40 - [MESSAGE][INFO] - HAR: I:\app-testing\app-project\Order car insurance\order-car-insurance\Reports\20220329_215823\3. Get feedback insurance - Batch 1\20220329_215824\requests\main\480.har

2022-03-29 22:16:40 - [MESSAGE][PASSED] - Send request successfully

2022-03-29 22:16:40 - [TEST_STEP][PASSED] - slurper = new groovy.json.JsonSlurper(): null

2022-03-29 22:16:40 - [TEST_STEP][PASSED] - get_token = slurper.parseText(token.getResponseBodyContent()): null

2022-03-29 22:16:40 - [TEST_STEP][PASSED] - private_token = access_token: null

2022-03-29 22:16:40 - [TEST_STEP][PASSED] - global_token = private_token: null

2022-03-29 22:16:40 - [TEST_STEP][PASSED] - println("token is :" + global_token): null

2022-03-29 22:16:40 - [TEST_STEP][PASSED] - response_token = token.getResponseText(): null

2022-03-29 22:16:40 - [TEST_STEP][PASSED] - logInfo($response_token): 
            {
                "token_type": "BearerToken",
                "access_token": "7YzlCiUBk5GBRtJAkKqVOSYfbeQb",
                "expires_in": "1799",
                "scope": ""
            }
        

2022-03-29 22:16:40 - [MESSAGE][INFO] - 
            {
                "token_type": "BearerToken",
                "access_token": "7YzlCiUBk5GBRtJAkKqVOSYfbeQb",
                "expires_in": "1799",
                "scope": ""
            }
        

2022-03-29 22:16:40 - [TEST_STEP][PASSED] - feedback = sendRequest(findTestObject("4. Feedback-ins", ["s_key":global_token, "batchid":batchid, "norek":norek, "nopin":nopin, "custname":custname, "pemohon":pemohon, "branchid":branchid, ... ])): Send request successfully

2022-03-29 22:16:41 - [MESSAGE][INFO] - HAR: I:\app-testing\app-project\Order car insurance\order-car-insurance\Reports\20220329_215823\3. Get feedback insurance - Batch 1\20220329_215824\requests\main\481.har

2022-03-29 22:16:41 - [MESSAGE][PASSED] - Send request successfully

2022-03-29 22:16:41 - [TEST_STEP][PASSED] - response_feedback = feedback.getResponseText(): null

2022-03-29 22:16:41 - [TEST_STEP][PASSED] - markPassed("result feedback data : " + no + " norek : " + norek + " nopin : " + nopin): result feedback data : 250 norek : 9920008785 nopin : 001

2022-03-29 22:16:41 - [MESSAGE][PASSED] - result feedback data : 250 norek : 9920008785 nopin : 001

2022-03-29 22:16:41 - [TEST_STEP][PASSED] - logInfo($response_feedback): {
  "FeedbackCarInsuranceResponse" : {
    "errorCode" : "00",
    "errorMessage" : "Sukses"
  }
}

2022-03-29 22:16:41 - [MESSAGE][INFO] - {
  "FeedbackCarInsuranceResponse" : {
    "errorCode" : "00",
    "errorMessage" : "Sukses"
  }
}

2022-03-29 22:16:41 - [TEST_STEP][PASSED] - verifyElementPropertyValue(feedback, "FeedbackCarInsuranceResponse.errorMessage", "Sukses", CONTINUE_ON_FAILURE): Verify element property value successfully

2022-03-29 22:16:41 - [MESSAGE][PASSED] - Verify element property value successfully]]></system-out>
         <system-err><![CDATA[]]></system-err>
      </testcase>
      <testcase name="Test Cases/3. get token - feedback insurance" time="0.87" classname="Test Cases/3. get token - feedback insurance" status="PASSED">
         <system-out><![CDATA[2022-03-29 22:16:42 - [TEST_CASE][PASSED] - Test Cases/3. get token - feedback insurance: Test Cases/3. get token - feedback insurance

2022-03-29 22:16:42 - [TEST_STEP][PASSED] - token = sendRequest(findTestObject("1. Get-Token")): Send request successfully

2022-03-29 22:16:42 - [MESSAGE][INFO] - HAR: I:\app-testing\app-project\Order car insurance\order-car-insurance\Reports\20220329_215823\3. Get feedback insurance - Batch 1\20220329_215824\requests\main\482.har

2022-03-29 22:16:42 - [MESSAGE][PASSED] - Send request successfully

2022-03-29 22:16:42 - [TEST_STEP][PASSED] - slurper = new groovy.json.JsonSlurper(): null

2022-03-29 22:16:42 - [TEST_STEP][PASSED] - get_token = slurper.parseText(token.getResponseBodyContent()): null

2022-03-29 22:16:42 - [TEST_STEP][PASSED] - private_token = access_token: null

2022-03-29 22:16:42 - [TEST_STEP][PASSED] - global_token = private_token: null

2022-03-29 22:16:42 - [TEST_STEP][PASSED] - println("token is :" + global_token): null

2022-03-29 22:16:42 - [TEST_STEP][PASSED] - response_token = token.getResponseText(): null

2022-03-29 22:16:42 - [TEST_STEP][PASSED] - logInfo($response_token): 
            {
                "token_type": "BearerToken",
                "access_token": "6cnT1w6TcLKpS8tutg0M8AefoLrV",
                "expires_in": "1799",
                "scope": ""
            }
        

2022-03-29 22:16:42 - [MESSAGE][INFO] - 
            {
                "token_type": "BearerToken",
                "access_token": "6cnT1w6TcLKpS8tutg0M8AefoLrV",
                "expires_in": "1799",
                "scope": ""
            }
        

2022-03-29 22:16:42 - [TEST_STEP][PASSED] - feedback = sendRequest(findTestObject("4. Feedback-ins", ["s_key":global_token, "batchid":batchid, "norek":norek, "nopin":nopin, "custname":custname, "pemohon":pemohon, "branchid":branchid, ... ])): Send request successfully

2022-03-29 22:16:42 - [MESSAGE][INFO] - HAR: I:\app-testing\app-project\Order car insurance\order-car-insurance\Reports\20220329_215823\3. Get feedback insurance - Batch 1\20220329_215824\requests\main\483.har

2022-03-29 22:16:42 - [MESSAGE][PASSED] - Send request successfully

2022-03-29 22:16:42 - [TEST_STEP][PASSED] - response_feedback = feedback.getResponseText(): null

2022-03-29 22:16:42 - [TEST_STEP][PASSED] - markPassed("result feedback data : " + no + " norek : " + norek + " nopin : " + nopin): result feedback data : 251 norek : 9920008785 nopin : 001

2022-03-29 22:16:42 - [MESSAGE][PASSED] - result feedback data : 251 norek : 9920008785 nopin : 001

2022-03-29 22:16:42 - [TEST_STEP][PASSED] - logInfo($response_feedback): {
  "FeedbackCarInsuranceResponse" : {
    "errorCode" : "00",
    "errorMessage" : "Sukses"
  }
}

2022-03-29 22:16:42 - [MESSAGE][INFO] - {
  "FeedbackCarInsuranceResponse" : {
    "errorCode" : "00",
    "errorMessage" : "Sukses"
  }
}

2022-03-29 22:16:42 - [TEST_STEP][PASSED] - verifyElementPropertyValue(feedback, "FeedbackCarInsuranceResponse.errorMessage", "Sukses", CONTINUE_ON_FAILURE): Verify element property value successfully

2022-03-29 22:16:42 - [MESSAGE][PASSED] - Verify element property value successfully]]></system-out>
         <system-err><![CDATA[]]></system-err>
      </testcase>
      <testcase name="Test Cases/3. get token - feedback insurance" time="1.106" classname="Test Cases/3. get token - feedback insurance" status="PASSED">
         <system-out><![CDATA[2022-03-29 22:16:43 - [TEST_CASE][PASSED] - Test Cases/3. get token - feedback insurance: Test Cases/3. get token - feedback insurance

2022-03-29 22:16:43 - [TEST_STEP][PASSED] - token = sendRequest(findTestObject("1. Get-Token")): Send request successfully

2022-03-29 22:16:43 - [MESSAGE][INFO] - HAR: I:\app-testing\app-project\Order car insurance\order-car-insurance\Reports\20220329_215823\3. Get feedback insurance - Batch 1\20220329_215824\requests\main\484.har

2022-03-29 22:16:43 - [MESSAGE][PASSED] - Send request successfully

2022-03-29 22:16:43 - [TEST_STEP][PASSED] - slurper = new groovy.json.JsonSlurper(): null

2022-03-29 22:16:43 - [TEST_STEP][PASSED] - get_token = slurper.parseText(token.getResponseBodyContent()): null

2022-03-29 22:16:43 - [TEST_STEP][PASSED] - private_token = access_token: null

2022-03-29 22:16:43 - [TEST_STEP][PASSED] - global_token = private_token: null

2022-03-29 22:16:43 - [TEST_STEP][PASSED] - println("token is :" + global_token): null

2022-03-29 22:16:43 - [TEST_STEP][PASSED] - response_token = token.getResponseText(): null

2022-03-29 22:16:43 - [TEST_STEP][PASSED] - logInfo($response_token): 
            {
                "token_type": "BearerToken",
                "access_token": "s9u9twkcXeekT8Yc6myrCBYGV2WS",
                "expires_in": "1799",
                "scope": ""
            }
        

2022-03-29 22:16:43 - [MESSAGE][INFO] - 
            {
                "token_type": "BearerToken",
                "access_token": "s9u9twkcXeekT8Yc6myrCBYGV2WS",
                "expires_in": "1799",
                "scope": ""
            }
        

2022-03-29 22:16:43 - [TEST_STEP][PASSED] - feedback = sendRequest(findTestObject("4. Feedback-ins", ["s_key":global_token, "batchid":batchid, "norek":norek, "nopin":nopin, "custname":custname, "pemohon":pemohon, "branchid":branchid, ... ])): Send request successfully

2022-03-29 22:16:44 - [MESSAGE][INFO] - HAR: I:\app-testing\app-project\Order car insurance\order-car-insurance\Reports\20220329_215823\3. Get feedback insurance - Batch 1\20220329_215824\requests\main\485.har

2022-03-29 22:16:44 - [MESSAGE][PASSED] - Send request successfully

2022-03-29 22:16:44 - [TEST_STEP][PASSED] - response_feedback = feedback.getResponseText(): null

2022-03-29 22:16:44 - [TEST_STEP][PASSED] - markPassed("result feedback data : " + no + " norek : " + norek + " nopin : " + nopin): result feedback data : 252 norek : 9920008785 nopin : 001

2022-03-29 22:16:44 - [MESSAGE][PASSED] - result feedback data : 252 norek : 9920008785 nopin : 001

2022-03-29 22:16:44 - [TEST_STEP][PASSED] - logInfo($response_feedback): {
  "FeedbackCarInsuranceResponse" : {
    "errorCode" : "00",
    "errorMessage" : "Sukses"
  }
}

2022-03-29 22:16:44 - [MESSAGE][INFO] - {
  "FeedbackCarInsuranceResponse" : {
    "errorCode" : "00",
    "errorMessage" : "Sukses"
  }
}

2022-03-29 22:16:44 - [TEST_STEP][PASSED] - verifyElementPropertyValue(feedback, "FeedbackCarInsuranceResponse.errorMessage", "Sukses", CONTINUE_ON_FAILURE): Verify element property value successfully

2022-03-29 22:16:44 - [MESSAGE][PASSED] - Verify element property value successfully]]></system-out>
         <system-err><![CDATA[]]></system-err>
      </testcase>
      <testcase name="Test Cases/3. get token - feedback insurance" time="0.915" classname="Test Cases/3. get token - feedback insurance" status="PASSED">
         <system-out><![CDATA[2022-03-29 22:16:44 - [TEST_CASE][PASSED] - Test Cases/3. get token - feedback insurance: Test Cases/3. get token - feedback insurance

2022-03-29 22:16:44 - [TEST_STEP][PASSED] - token = sendRequest(findTestObject("1. Get-Token")): Send request successfully

2022-03-29 22:16:44 - [MESSAGE][INFO] - HAR: I:\app-testing\app-project\Order car insurance\order-car-insurance\Reports\20220329_215823\3. Get feedback insurance - Batch 1\20220329_215824\requests\main\486.har

2022-03-29 22:16:45 - [MESSAGE][PASSED] - Send request successfully

2022-03-29 22:16:45 - [TEST_STEP][PASSED] - slurper = new groovy.json.JsonSlurper(): null

2022-03-29 22:16:45 - [TEST_STEP][PASSED] - get_token = slurper.parseText(token.getResponseBodyContent()): null

2022-03-29 22:16:45 - [TEST_STEP][PASSED] - private_token = access_token: null

2022-03-29 22:16:45 - [TEST_STEP][PASSED] - global_token = private_token: null

2022-03-29 22:16:45 - [TEST_STEP][PASSED] - println("token is :" + global_token): null

2022-03-29 22:16:45 - [TEST_STEP][PASSED] - response_token = token.getResponseText(): null

2022-03-29 22:16:45 - [TEST_STEP][PASSED] - logInfo($response_token): 
            {
                "token_type": "BearerToken",
                "access_token": "mhxVVJDtIoBebIMjh7PYQyV7TXwE",
                "expires_in": "1799",
                "scope": ""
            }
        

2022-03-29 22:16:45 - [MESSAGE][INFO] - 
            {
                "token_type": "BearerToken",
                "access_token": "mhxVVJDtIoBebIMjh7PYQyV7TXwE",
                "expires_in": "1799",
                "scope": ""
            }
        

2022-03-29 22:16:45 - [TEST_STEP][PASSED] - feedback = sendRequest(findTestObject("4. Feedback-ins", ["s_key":global_token, "batchid":batchid, "norek":norek, "nopin":nopin, "custname":custname, "pemohon":pemohon, "branchid":branchid, ... ])): Send request successfully

2022-03-29 22:16:45 - [MESSAGE][INFO] - HAR: I:\app-testing\app-project\Order car insurance\order-car-insurance\Reports\20220329_215823\3. Get feedback insurance - Batch 1\20220329_215824\requests\main\487.har

2022-03-29 22:16:45 - [MESSAGE][PASSED] - Send request successfully

2022-03-29 22:16:45 - [TEST_STEP][PASSED] - response_feedback = feedback.getResponseText(): null

2022-03-29 22:16:45 - [TEST_STEP][PASSED] - markPassed("result feedback data : " + no + " norek : " + norek + " nopin : " + nopin): result feedback data : 253 norek : 9920008785 nopin : 001

2022-03-29 22:16:45 - [MESSAGE][PASSED] - result feedback data : 253 norek : 9920008785 nopin : 001

2022-03-29 22:16:45 - [TEST_STEP][PASSED] - logInfo($response_feedback): {
  "FeedbackCarInsuranceResponse" : {
    "errorCode" : "00",
    "errorMessage" : "Sukses"
  }
}

2022-03-29 22:16:45 - [MESSAGE][INFO] - {
  "FeedbackCarInsuranceResponse" : {
    "errorCode" : "00",
    "errorMessage" : "Sukses"
  }
}

2022-03-29 22:16:45 - [TEST_STEP][PASSED] - verifyElementPropertyValue(feedback, "FeedbackCarInsuranceResponse.errorMessage", "Sukses", CONTINUE_ON_FAILURE): Verify element property value successfully

2022-03-29 22:16:45 - [MESSAGE][PASSED] - Verify element property value successfully]]></system-out>
         <system-err><![CDATA[]]></system-err>
      </testcase>
      <testcase name="Test Cases/3. get token - feedback insurance" time="1.19" classname="Test Cases/3. get token - feedback insurance" status="PASSED">
         <system-out><![CDATA[2022-03-29 22:16:46 - [TEST_CASE][PASSED] - Test Cases/3. get token - feedback insurance: Test Cases/3. get token - feedback insurance

2022-03-29 22:16:46 - [TEST_STEP][PASSED] - token = sendRequest(findTestObject("1. Get-Token")): Send request successfully

2022-03-29 22:16:46 - [MESSAGE][INFO] - HAR: I:\app-testing\app-project\Order car insurance\order-car-insurance\Reports\20220329_215823\3. Get feedback insurance - Batch 1\20220329_215824\requests\main\488.har

2022-03-29 22:16:46 - [MESSAGE][PASSED] - Send request successfully

2022-03-29 22:16:46 - [TEST_STEP][PASSED] - slurper = new groovy.json.JsonSlurper(): null

2022-03-29 22:16:46 - [TEST_STEP][PASSED] - get_token = slurper.parseText(token.getResponseBodyContent()): null

2022-03-29 22:16:46 - [TEST_STEP][PASSED] - private_token = access_token: null

2022-03-29 22:16:46 - [TEST_STEP][PASSED] - global_token = private_token: null

2022-03-29 22:16:46 - [TEST_STEP][PASSED] - println("token is :" + global_token): null

2022-03-29 22:16:46 - [TEST_STEP][PASSED] - response_token = token.getResponseText(): null

2022-03-29 22:16:46 - [TEST_STEP][PASSED] - logInfo($response_token): 
            {
                "token_type": "BearerToken",
                "access_token": "DW0GSwKAweSiygCoGcB4htXfRA8q",
                "expires_in": "1799",
                "scope": ""
            }
        

2022-03-29 22:16:46 - [MESSAGE][INFO] - 
            {
                "token_type": "BearerToken",
                "access_token": "DW0GSwKAweSiygCoGcB4htXfRA8q",
                "expires_in": "1799",
                "scope": ""
            }
        

2022-03-29 22:16:46 - [TEST_STEP][PASSED] - feedback = sendRequest(findTestObject("4. Feedback-ins", ["s_key":global_token, "batchid":batchid, "norek":norek, "nopin":nopin, "custname":custname, "pemohon":pemohon, "branchid":branchid, ... ])): Send request successfully

2022-03-29 22:16:47 - [MESSAGE][INFO] - HAR: I:\app-testing\app-project\Order car insurance\order-car-insurance\Reports\20220329_215823\3. Get feedback insurance - Batch 1\20220329_215824\requests\main\489.har

2022-03-29 22:16:47 - [MESSAGE][PASSED] - Send request successfully

2022-03-29 22:16:47 - [TEST_STEP][PASSED] - response_feedback = feedback.getResponseText(): null

2022-03-29 22:16:47 - [TEST_STEP][PASSED] - markPassed("result feedback data : " + no + " norek : " + norek + " nopin : " + nopin): result feedback data : 254 norek : 9920008802 nopin : 001

2022-03-29 22:16:47 - [MESSAGE][PASSED] - result feedback data : 254 norek : 9920008802 nopin : 001

2022-03-29 22:16:47 - [TEST_STEP][PASSED] - logInfo($response_feedback): {
  "FeedbackCarInsuranceResponse" : {
    "errorCode" : "00",
    "errorMessage" : "Sukses"
  }
}

2022-03-29 22:16:47 - [MESSAGE][INFO] - {
  "FeedbackCarInsuranceResponse" : {
    "errorCode" : "00",
    "errorMessage" : "Sukses"
  }
}

2022-03-29 22:16:47 - [TEST_STEP][PASSED] - verifyElementPropertyValue(feedback, "FeedbackCarInsuranceResponse.errorMessage", "Sukses", CONTINUE_ON_FAILURE): Verify element property value successfully

2022-03-29 22:16:47 - [MESSAGE][PASSED] - Verify element property value successfully]]></system-out>
         <system-err><![CDATA[]]></system-err>
      </testcase>
      <testcase name="Test Cases/3. get token - feedback insurance" time="0.924" classname="Test Cases/3. get token - feedback insurance" status="PASSED">
         <system-out><![CDATA[2022-03-29 22:16:47 - [TEST_CASE][PASSED] - Test Cases/3. get token - feedback insurance: Test Cases/3. get token - feedback insurance

2022-03-29 22:16:47 - [TEST_STEP][PASSED] - token = sendRequest(findTestObject("1. Get-Token")): Send request successfully

2022-03-29 22:16:47 - [MESSAGE][INFO] - HAR: I:\app-testing\app-project\Order car insurance\order-car-insurance\Reports\20220329_215823\3. Get feedback insurance - Batch 1\20220329_215824\requests\main\490.har

2022-03-29 22:16:47 - [MESSAGE][PASSED] - Send request successfully

2022-03-29 22:16:47 - [TEST_STEP][PASSED] - slurper = new groovy.json.JsonSlurper(): null

2022-03-29 22:16:47 - [TEST_STEP][PASSED] - get_token = slurper.parseText(token.getResponseBodyContent()): null

2022-03-29 22:16:47 - [TEST_STEP][PASSED] - private_token = access_token: null

2022-03-29 22:16:47 - [TEST_STEP][PASSED] - global_token = private_token: null

2022-03-29 22:16:47 - [TEST_STEP][PASSED] - println("token is :" + global_token): null

2022-03-29 22:16:47 - [TEST_STEP][PASSED] - response_token = token.getResponseText(): null

2022-03-29 22:16:47 - [TEST_STEP][PASSED] - logInfo($response_token): 
            {
                "token_type": "BearerToken",
                "access_token": "T2htYv5DFmDGIKfUvkYAhaljfcvO",
                "expires_in": "1799",
                "scope": ""
            }
        

2022-03-29 22:16:47 - [MESSAGE][INFO] - 
            {
                "token_type": "BearerToken",
                "access_token": "T2htYv5DFmDGIKfUvkYAhaljfcvO",
                "expires_in": "1799",
                "scope": ""
            }
        

2022-03-29 22:16:47 - [TEST_STEP][PASSED] - feedback = sendRequest(findTestObject("4. Feedback-ins", ["s_key":global_token, "batchid":batchid, "norek":norek, "nopin":nopin, "custname":custname, "pemohon":pemohon, "branchid":branchid, ... ])): Send request successfully

2022-03-29 22:16:48 - [MESSAGE][INFO] - HAR: I:\app-testing\app-project\Order car insurance\order-car-insurance\Reports\20220329_215823\3. Get feedback insurance - Batch 1\20220329_215824\requests\main\491.har

2022-03-29 22:16:48 - [MESSAGE][PASSED] - Send request successfully

2022-03-29 22:16:48 - [TEST_STEP][PASSED] - response_feedback = feedback.getResponseText(): null

2022-03-29 22:16:48 - [TEST_STEP][PASSED] - markPassed("result feedback data : " + no + " norek : " + norek + " nopin : " + nopin): result feedback data : 255 norek : 9920008802 nopin : 001

2022-03-29 22:16:48 - [MESSAGE][PASSED] - result feedback data : 255 norek : 9920008802 nopin : 001

2022-03-29 22:16:48 - [TEST_STEP][PASSED] - logInfo($response_feedback): {
  "FeedbackCarInsuranceResponse" : {
    "errorCode" : "00",
    "errorMessage" : "Sukses"
  }
}

2022-03-29 22:16:48 - [MESSAGE][INFO] - {
  "FeedbackCarInsuranceResponse" : {
    "errorCode" : "00",
    "errorMessage" : "Sukses"
  }
}

2022-03-29 22:16:48 - [TEST_STEP][PASSED] - verifyElementPropertyValue(feedback, "FeedbackCarInsuranceResponse.errorMessage", "Sukses", CONTINUE_ON_FAILURE): Verify element property value successfully

2022-03-29 22:16:48 - [MESSAGE][PASSED] - Verify element property value successfully]]></system-out>
         <system-err><![CDATA[]]></system-err>
      </testcase>
      <testcase name="Test Cases/3. get token - feedback insurance" time="1.155" classname="Test Cases/3. get token - feedback insurance" status="PASSED">
         <system-out><![CDATA[2022-03-29 22:16:49 - [TEST_CASE][PASSED] - Test Cases/3. get token - feedback insurance: Test Cases/3. get token - feedback insurance

2022-03-29 22:16:49 - [TEST_STEP][PASSED] - token = sendRequest(findTestObject("1. Get-Token")): Send request successfully

2022-03-29 22:16:49 - [MESSAGE][INFO] - HAR: I:\app-testing\app-project\Order car insurance\order-car-insurance\Reports\20220329_215823\3. Get feedback insurance - Batch 1\20220329_215824\requests\main\492.har

2022-03-29 22:16:49 - [MESSAGE][PASSED] - Send request successfully

2022-03-29 22:16:49 - [TEST_STEP][PASSED] - slurper = new groovy.json.JsonSlurper(): null

2022-03-29 22:16:49 - [TEST_STEP][PASSED] - get_token = slurper.parseText(token.getResponseBodyContent()): null

2022-03-29 22:16:49 - [TEST_STEP][PASSED] - private_token = access_token: null

2022-03-29 22:16:49 - [TEST_STEP][PASSED] - global_token = private_token: null

2022-03-29 22:16:49 - [TEST_STEP][PASSED] - println("token is :" + global_token): null

2022-03-29 22:16:49 - [TEST_STEP][PASSED] - response_token = token.getResponseText(): null

2022-03-29 22:16:49 - [TEST_STEP][PASSED] - logInfo($response_token): 
            {
                "token_type": "BearerToken",
                "access_token": "2ya3NgImL62uSw9Sl9Bc1oYh1kqV",
                "expires_in": "1799",
                "scope": ""
            }
        

2022-03-29 22:16:49 - [MESSAGE][INFO] - 
            {
                "token_type": "BearerToken",
                "access_token": "2ya3NgImL62uSw9Sl9Bc1oYh1kqV",
                "expires_in": "1799",
                "scope": ""
            }
        

2022-03-29 22:16:49 - [TEST_STEP][PASSED] - feedback = sendRequest(findTestObject("4. Feedback-ins", ["s_key":global_token, "batchid":batchid, "norek":norek, "nopin":nopin, "custname":custname, "pemohon":pemohon, "branchid":branchid, ... ])): Send request successfully

2022-03-29 22:16:50 - [MESSAGE][INFO] - HAR: I:\app-testing\app-project\Order car insurance\order-car-insurance\Reports\20220329_215823\3. Get feedback insurance - Batch 1\20220329_215824\requests\main\493.har

2022-03-29 22:16:50 - [MESSAGE][PASSED] - Send request successfully

2022-03-29 22:16:50 - [TEST_STEP][PASSED] - response_feedback = feedback.getResponseText(): null

2022-03-29 22:16:50 - [TEST_STEP][PASSED] - markPassed("result feedback data : " + no + " norek : " + norek + " nopin : " + nopin): result feedback data : 256 norek : 9920008802 nopin : 001

2022-03-29 22:16:50 - [MESSAGE][PASSED] - result feedback data : 256 norek : 9920008802 nopin : 001

2022-03-29 22:16:50 - [TEST_STEP][PASSED] - logInfo($response_feedback): {
  "FeedbackCarInsuranceResponse" : {
    "errorCode" : "00",
    "errorMessage" : "Sukses"
  }
}

2022-03-29 22:16:50 - [MESSAGE][INFO] - {
  "FeedbackCarInsuranceResponse" : {
    "errorCode" : "00",
    "errorMessage" : "Sukses"
  }
}

2022-03-29 22:16:50 - [TEST_STEP][PASSED] - verifyElementPropertyValue(feedback, "FeedbackCarInsuranceResponse.errorMessage", "Sukses", CONTINUE_ON_FAILURE): Verify element property value successfully

2022-03-29 22:16:50 - [MESSAGE][PASSED] - Verify element property value successfully]]></system-out>
         <system-err><![CDATA[]]></system-err>
      </testcase>
      <testcase name="Test Cases/3. get token - feedback insurance" time="0.924" classname="Test Cases/3. get token - feedback insurance" status="PASSED">
         <system-out><![CDATA[2022-03-29 22:16:50 - [TEST_CASE][PASSED] - Test Cases/3. get token - feedback insurance: Test Cases/3. get token - feedback insurance

2022-03-29 22:16:50 - [TEST_STEP][PASSED] - token = sendRequest(findTestObject("1. Get-Token")): Send request successfully

2022-03-29 22:16:50 - [MESSAGE][INFO] - HAR: I:\app-testing\app-project\Order car insurance\order-car-insurance\Reports\20220329_215823\3. Get feedback insurance - Batch 1\20220329_215824\requests\main\494.har

2022-03-29 22:16:50 - [MESSAGE][PASSED] - Send request successfully

2022-03-29 22:16:50 - [TEST_STEP][PASSED] - slurper = new groovy.json.JsonSlurper(): null

2022-03-29 22:16:50 - [TEST_STEP][PASSED] - get_token = slurper.parseText(token.getResponseBodyContent()): null

2022-03-29 22:16:50 - [TEST_STEP][PASSED] - private_token = access_token: null

2022-03-29 22:16:50 - [TEST_STEP][PASSED] - global_token = private_token: null

2022-03-29 22:16:50 - [TEST_STEP][PASSED] - println("token is :" + global_token): null

2022-03-29 22:16:50 - [TEST_STEP][PASSED] - response_token = token.getResponseText(): null

2022-03-29 22:16:50 - [TEST_STEP][PASSED] - logInfo($response_token): 
            {
                "token_type": "BearerToken",
                "access_token": "eDopTuARCg97fYeKG4Z22VmRyu7h",
                "expires_in": "1799",
                "scope": ""
            }
        

2022-03-29 22:16:50 - [MESSAGE][INFO] - 
            {
                "token_type": "BearerToken",
                "access_token": "eDopTuARCg97fYeKG4Z22VmRyu7h",
                "expires_in": "1799",
                "scope": ""
            }
        

2022-03-29 22:16:50 - [TEST_STEP][PASSED] - feedback = sendRequest(findTestObject("4. Feedback-ins", ["s_key":global_token, "batchid":batchid, "norek":norek, "nopin":nopin, "custname":custname, "pemohon":pemohon, "branchid":branchid, ... ])): Send request successfully

2022-03-29 22:16:51 - [MESSAGE][INFO] - HAR: I:\app-testing\app-project\Order car insurance\order-car-insurance\Reports\20220329_215823\3. Get feedback insurance - Batch 1\20220329_215824\requests\main\495.har

2022-03-29 22:16:51 - [MESSAGE][PASSED] - Send request successfully

2022-03-29 22:16:51 - [TEST_STEP][PASSED] - response_feedback = feedback.getResponseText(): null

2022-03-29 22:16:51 - [TEST_STEP][PASSED] - markPassed("result feedback data : " + no + " norek : " + norek + " nopin : " + nopin): result feedback data : 257 norek : 9920008802 nopin : 001

2022-03-29 22:16:51 - [MESSAGE][PASSED] - result feedback data : 257 norek : 9920008802 nopin : 001

2022-03-29 22:16:51 - [TEST_STEP][PASSED] - logInfo($response_feedback): {
  "FeedbackCarInsuranceResponse" : {
    "errorCode" : "00",
    "errorMessage" : "Sukses"
  }
}

2022-03-29 22:16:51 - [MESSAGE][INFO] - {
  "FeedbackCarInsuranceResponse" : {
    "errorCode" : "00",
    "errorMessage" : "Sukses"
  }
}

2022-03-29 22:16:51 - [TEST_STEP][PASSED] - verifyElementPropertyValue(feedback, "FeedbackCarInsuranceResponse.errorMessage", "Sukses", CONTINUE_ON_FAILURE): Verify element property value successfully

2022-03-29 22:16:51 - [MESSAGE][PASSED] - Verify element property value successfully]]></system-out>
         <system-err><![CDATA[]]></system-err>
      </testcase>
      <testcase name="Test Cases/3. get token - feedback insurance" time="0.916" classname="Test Cases/3. get token - feedback insurance" status="PASSED">
         <system-out><![CDATA[2022-03-29 22:16:51 - [TEST_CASE][PASSED] - Test Cases/3. get token - feedback insurance: Test Cases/3. get token - feedback insurance

2022-03-29 22:16:51 - [TEST_STEP][PASSED] - token = sendRequest(findTestObject("1. Get-Token")): Send request successfully

2022-03-29 22:16:52 - [MESSAGE][INFO] - HAR: I:\app-testing\app-project\Order car insurance\order-car-insurance\Reports\20220329_215823\3. Get feedback insurance - Batch 1\20220329_215824\requests\main\496.har

2022-03-29 22:16:52 - [MESSAGE][PASSED] - Send request successfully

2022-03-29 22:16:52 - [TEST_STEP][PASSED] - slurper = new groovy.json.JsonSlurper(): null

2022-03-29 22:16:52 - [TEST_STEP][PASSED] - get_token = slurper.parseText(token.getResponseBodyContent()): null

2022-03-29 22:16:52 - [TEST_STEP][PASSED] - private_token = access_token: null

2022-03-29 22:16:52 - [TEST_STEP][PASSED] - global_token = private_token: null

2022-03-29 22:16:52 - [TEST_STEP][PASSED] - println("token is :" + global_token): null

2022-03-29 22:16:52 - [TEST_STEP][PASSED] - response_token = token.getResponseText(): null

2022-03-29 22:16:52 - [TEST_STEP][PASSED] - logInfo($response_token): 
            {
                "token_type": "BearerToken",
                "access_token": "rGd2oNezVvWBuRBlbWGwv8OnemTW",
                "expires_in": "1799",
                "scope": ""
            }
        

2022-03-29 22:16:52 - [MESSAGE][INFO] - 
            {
                "token_type": "BearerToken",
                "access_token": "rGd2oNezVvWBuRBlbWGwv8OnemTW",
                "expires_in": "1799",
                "scope": ""
            }
        

2022-03-29 22:16:52 - [TEST_STEP][PASSED] - feedback = sendRequest(findTestObject("4. Feedback-ins", ["s_key":global_token, "batchid":batchid, "norek":norek, "nopin":nopin, "custname":custname, "pemohon":pemohon, "branchid":branchid, ... ])): Send request successfully

2022-03-29 22:16:52 - [MESSAGE][INFO] - HAR: I:\app-testing\app-project\Order car insurance\order-car-insurance\Reports\20220329_215823\3. Get feedback insurance - Batch 1\20220329_215824\requests\main\497.har

2022-03-29 22:16:52 - [MESSAGE][PASSED] - Send request successfully

2022-03-29 22:16:52 - [TEST_STEP][PASSED] - response_feedback = feedback.getResponseText(): null

2022-03-29 22:16:52 - [TEST_STEP][PASSED] - markPassed("result feedback data : " + no + " norek : " + norek + " nopin : " + nopin): result feedback data : 258 norek : 9920008802 nopin : 001

2022-03-29 22:16:52 - [MESSAGE][PASSED] - result feedback data : 258 norek : 9920008802 nopin : 001

2022-03-29 22:16:52 - [TEST_STEP][PASSED] - logInfo($response_feedback): {
  "FeedbackCarInsuranceResponse" : {
    "errorCode" : "00",
    "errorMessage" : "Sukses"
  }
}

2022-03-29 22:16:52 - [MESSAGE][INFO] - {
  "FeedbackCarInsuranceResponse" : {
    "errorCode" : "00",
    "errorMessage" : "Sukses"
  }
}

2022-03-29 22:16:52 - [TEST_STEP][PASSED] - verifyElementPropertyValue(feedback, "FeedbackCarInsuranceResponse.errorMessage", "Sukses", CONTINUE_ON_FAILURE): Verify element property value successfully

2022-03-29 22:16:52 - [MESSAGE][PASSED] - Verify element property value successfully]]></system-out>
         <system-err><![CDATA[]]></system-err>
      </testcase>
      <testcase name="Test Cases/3. get token - feedback insurance" time="0.94" classname="Test Cases/3. get token - feedback insurance" status="PASSED">
         <system-out><![CDATA[2022-03-29 22:16:53 - [TEST_CASE][PASSED] - Test Cases/3. get token - feedback insurance: Test Cases/3. get token - feedback insurance

2022-03-29 22:16:53 - [TEST_STEP][PASSED] - token = sendRequest(findTestObject("1. Get-Token")): Send request successfully

2022-03-29 22:16:53 - [MESSAGE][INFO] - HAR: I:\app-testing\app-project\Order car insurance\order-car-insurance\Reports\20220329_215823\3. Get feedback insurance - Batch 1\20220329_215824\requests\main\498.har

2022-03-29 22:16:53 - [MESSAGE][PASSED] - Send request successfully

2022-03-29 22:16:53 - [TEST_STEP][PASSED] - slurper = new groovy.json.JsonSlurper(): null

2022-03-29 22:16:53 - [TEST_STEP][PASSED] - get_token = slurper.parseText(token.getResponseBodyContent()): null

2022-03-29 22:16:53 - [TEST_STEP][PASSED] - private_token = access_token: null

2022-03-29 22:16:53 - [TEST_STEP][PASSED] - global_token = private_token: null

2022-03-29 22:16:53 - [TEST_STEP][PASSED] - println("token is :" + global_token): null

2022-03-29 22:16:53 - [TEST_STEP][PASSED] - response_token = token.getResponseText(): null

2022-03-29 22:16:53 - [TEST_STEP][PASSED] - logInfo($response_token): 
            {
                "token_type": "BearerToken",
                "access_token": "25dVRfAJ5McWUQ6nQiZTCBDQAXV3",
                "expires_in": "1799",
                "scope": ""
            }
        

2022-03-29 22:16:53 - [MESSAGE][INFO] - 
            {
                "token_type": "BearerToken",
                "access_token": "25dVRfAJ5McWUQ6nQiZTCBDQAXV3",
                "expires_in": "1799",
                "scope": ""
            }
        

2022-03-29 22:16:53 - [TEST_STEP][PASSED] - feedback = sendRequest(findTestObject("4. Feedback-ins", ["s_key":global_token, "batchid":batchid, "norek":norek, "nopin":nopin, "custname":custname, "pemohon":pemohon, "branchid":branchid, ... ])): Send request successfully

2022-03-29 22:16:54 - [MESSAGE][INFO] - HAR: I:\app-testing\app-project\Order car insurance\order-car-insurance\Reports\20220329_215823\3. Get feedback insurance - Batch 1\20220329_215824\requests\main\499.har

2022-03-29 22:16:54 - [MESSAGE][PASSED] - Send request successfully

2022-03-29 22:16:54 - [TEST_STEP][PASSED] - response_feedback = feedback.getResponseText(): null

2022-03-29 22:16:54 - [TEST_STEP][PASSED] - markPassed("result feedback data : " + no + " norek : " + norek + " nopin : " + nopin): result feedback data : 259 norek : 9930006666 nopin : 003

2022-03-29 22:16:54 - [MESSAGE][PASSED] - result feedback data : 259 norek : 9930006666 nopin : 003

2022-03-29 22:16:54 - [TEST_STEP][PASSED] - logInfo($response_feedback): {
  "FeedbackCarInsuranceResponse" : {
    "errorCode" : "00",
    "errorMessage" : "Sukses"
  }
}

2022-03-29 22:16:54 - [MESSAGE][INFO] - {
  "FeedbackCarInsuranceResponse" : {
    "errorCode" : "00",
    "errorMessage" : "Sukses"
  }
}

2022-03-29 22:16:54 - [TEST_STEP][PASSED] - verifyElementPropertyValue(feedback, "FeedbackCarInsuranceResponse.errorMessage", "Sukses", CONTINUE_ON_FAILURE): Verify element property value successfully

2022-03-29 22:16:54 - [MESSAGE][PASSED] - Verify element property value successfully]]></system-out>
         <system-err><![CDATA[]]></system-err>
      </testcase>
      <testcase name="Test Cases/3. get token - feedback insurance" time="0.935" classname="Test Cases/3. get token - feedback insurance" status="PASSED">
         <system-out><![CDATA[2022-03-29 22:16:54 - [TEST_CASE][PASSED] - Test Cases/3. get token - feedback insurance: Test Cases/3. get token - feedback insurance

2022-03-29 22:16:54 - [TEST_STEP][PASSED] - token = sendRequest(findTestObject("1. Get-Token")): Send request successfully

2022-03-29 22:16:54 - [MESSAGE][INFO] - HAR: I:\app-testing\app-project\Order car insurance\order-car-insurance\Reports\20220329_215823\3. Get feedback insurance - Batch 1\20220329_215824\requests\main\500.har

2022-03-29 22:16:54 - [MESSAGE][PASSED] - Send request successfully

2022-03-29 22:16:54 - [TEST_STEP][PASSED] - slurper = new groovy.json.JsonSlurper(): null

2022-03-29 22:16:54 - [TEST_STEP][PASSED] - get_token = slurper.parseText(token.getResponseBodyContent()): null

2022-03-29 22:16:54 - [TEST_STEP][PASSED] - private_token = access_token: null

2022-03-29 22:16:54 - [TEST_STEP][PASSED] - global_token = private_token: null

2022-03-29 22:16:54 - [TEST_STEP][PASSED] - println("token is :" + global_token): null

2022-03-29 22:16:54 - [TEST_STEP][PASSED] - response_token = token.getResponseText(): null

2022-03-29 22:16:54 - [TEST_STEP][PASSED] - logInfo($response_token): 
            {
                "token_type": "BearerToken",
                "access_token": "GjeirfSprZRyJlsHMdHlenmwxcZj",
                "expires_in": "1799",
                "scope": ""
            }
        

2022-03-29 22:16:54 - [MESSAGE][INFO] - 
            {
                "token_type": "BearerToken",
                "access_token": "GjeirfSprZRyJlsHMdHlenmwxcZj",
                "expires_in": "1799",
                "scope": ""
            }
        

2022-03-29 22:16:54 - [TEST_STEP][PASSED] - feedback = sendRequest(findTestObject("4. Feedback-ins", ["s_key":global_token, "batchid":batchid, "norek":norek, "nopin":nopin, "custname":custname, "pemohon":pemohon, "branchid":branchid, ... ])): Send request successfully

2022-03-29 22:16:55 - [MESSAGE][INFO] - HAR: I:\app-testing\app-project\Order car insurance\order-car-insurance\Reports\20220329_215823\3. Get feedback insurance - Batch 1\20220329_215824\requests\main\501.har

2022-03-29 22:16:55 - [MESSAGE][PASSED] - Send request successfully

2022-03-29 22:16:55 - [TEST_STEP][PASSED] - response_feedback = feedback.getResponseText(): null

2022-03-29 22:16:55 - [TEST_STEP][PASSED] - markPassed("result feedback data : " + no + " norek : " + norek + " nopin : " + nopin): result feedback data : 260 norek : 9930006666 nopin : 003

2022-03-29 22:16:55 - [MESSAGE][PASSED] - result feedback data : 260 norek : 9930006666 nopin : 003

2022-03-29 22:16:55 - [TEST_STEP][PASSED] - logInfo($response_feedback): {
  "FeedbackCarInsuranceResponse" : {
    "errorCode" : "00",
    "errorMessage" : "Sukses"
  }
}

2022-03-29 22:16:55 - [MESSAGE][INFO] - {
  "FeedbackCarInsuranceResponse" : {
    "errorCode" : "00",
    "errorMessage" : "Sukses"
  }
}

2022-03-29 22:16:55 - [TEST_STEP][PASSED] - verifyElementPropertyValue(feedback, "FeedbackCarInsuranceResponse.errorMessage", "Sukses", CONTINUE_ON_FAILURE): Verify element property value successfully

2022-03-29 22:16:55 - [MESSAGE][PASSED] - Verify element property value successfully]]></system-out>
         <system-err><![CDATA[]]></system-err>
      </testcase>
      <testcase name="Test Cases/3. get token - feedback insurance" time="0.963" classname="Test Cases/3. get token - feedback insurance" status="PASSED">
         <system-out><![CDATA[2022-03-29 22:16:55 - [TEST_CASE][PASSED] - Test Cases/3. get token - feedback insurance: Test Cases/3. get token - feedback insurance

2022-03-29 22:16:55 - [TEST_STEP][PASSED] - token = sendRequest(findTestObject("1. Get-Token")): Send request successfully

2022-03-29 22:16:56 - [MESSAGE][INFO] - HAR: I:\app-testing\app-project\Order car insurance\order-car-insurance\Reports\20220329_215823\3. Get feedback insurance - Batch 1\20220329_215824\requests\main\502.har

2022-03-29 22:16:56 - [MESSAGE][PASSED] - Send request successfully

2022-03-29 22:16:56 - [TEST_STEP][PASSED] - slurper = new groovy.json.JsonSlurper(): null

2022-03-29 22:16:56 - [TEST_STEP][PASSED] - get_token = slurper.parseText(token.getResponseBodyContent()): null

2022-03-29 22:16:56 - [TEST_STEP][PASSED] - private_token = access_token: null

2022-03-29 22:16:56 - [TEST_STEP][PASSED] - global_token = private_token: null

2022-03-29 22:16:56 - [TEST_STEP][PASSED] - println("token is :" + global_token): null

2022-03-29 22:16:56 - [TEST_STEP][PASSED] - response_token = token.getResponseText(): null

2022-03-29 22:16:56 - [TEST_STEP][PASSED] - logInfo($response_token): 
            {
                "token_type": "BearerToken",
                "access_token": "jAOqapWu0YPMA0z2TzPuyDimIrmm",
                "expires_in": "1799",
                "scope": ""
            }
        

2022-03-29 22:16:56 - [MESSAGE][INFO] - 
            {
                "token_type": "BearerToken",
                "access_token": "jAOqapWu0YPMA0z2TzPuyDimIrmm",
                "expires_in": "1799",
                "scope": ""
            }
        

2022-03-29 22:16:56 - [TEST_STEP][PASSED] - feedback = sendRequest(findTestObject("4. Feedback-ins", ["s_key":global_token, "batchid":batchid, "norek":norek, "nopin":nopin, "custname":custname, "pemohon":pemohon, "branchid":branchid, ... ])): Send request successfully

2022-03-29 22:16:56 - [MESSAGE][INFO] - HAR: I:\app-testing\app-project\Order car insurance\order-car-insurance\Reports\20220329_215823\3. Get feedback insurance - Batch 1\20220329_215824\requests\main\503.har

2022-03-29 22:16:56 - [MESSAGE][PASSED] - Send request successfully

2022-03-29 22:16:56 - [TEST_STEP][PASSED] - response_feedback = feedback.getResponseText(): null

2022-03-29 22:16:56 - [TEST_STEP][PASSED] - markPassed("result feedback data : " + no + " norek : " + norek + " nopin : " + nopin): result feedback data : 261 norek : 9930006666 nopin : 003

2022-03-29 22:16:56 - [MESSAGE][PASSED] - result feedback data : 261 norek : 9930006666 nopin : 003

2022-03-29 22:16:56 - [TEST_STEP][PASSED] - logInfo($response_feedback): {
  "FeedbackCarInsuranceResponse" : {
    "errorCode" : "00",
    "errorMessage" : "Sukses"
  }
}

2022-03-29 22:16:56 - [MESSAGE][INFO] - {
  "FeedbackCarInsuranceResponse" : {
    "errorCode" : "00",
    "errorMessage" : "Sukses"
  }
}

2022-03-29 22:16:56 - [TEST_STEP][PASSED] - verifyElementPropertyValue(feedback, "FeedbackCarInsuranceResponse.errorMessage", "Sukses", CONTINUE_ON_FAILURE): Verify element property value successfully

2022-03-29 22:16:56 - [MESSAGE][PASSED] - Verify element property value successfully]]></system-out>
         <system-err><![CDATA[]]></system-err>
      </testcase>
      <testcase name="Test Cases/3. get token - feedback insurance" time="0.891" classname="Test Cases/3. get token - feedback insurance" status="PASSED">
         <system-out><![CDATA[2022-03-29 22:16:57 - [TEST_CASE][PASSED] - Test Cases/3. get token - feedback insurance: Test Cases/3. get token - feedback insurance

2022-03-29 22:16:57 - [TEST_STEP][PASSED] - token = sendRequest(findTestObject("1. Get-Token")): Send request successfully

2022-03-29 22:16:57 - [MESSAGE][INFO] - HAR: I:\app-testing\app-project\Order car insurance\order-car-insurance\Reports\20220329_215823\3. Get feedback insurance - Batch 1\20220329_215824\requests\main\504.har

2022-03-29 22:16:57 - [MESSAGE][PASSED] - Send request successfully

2022-03-29 22:16:57 - [TEST_STEP][PASSED] - slurper = new groovy.json.JsonSlurper(): null

2022-03-29 22:16:57 - [TEST_STEP][PASSED] - get_token = slurper.parseText(token.getResponseBodyContent()): null

2022-03-29 22:16:57 - [TEST_STEP][PASSED] - private_token = access_token: null

2022-03-29 22:16:57 - [TEST_STEP][PASSED] - global_token = private_token: null

2022-03-29 22:16:57 - [TEST_STEP][PASSED] - println("token is :" + global_token): null

2022-03-29 22:16:57 - [TEST_STEP][PASSED] - response_token = token.getResponseText(): null

2022-03-29 22:16:57 - [TEST_STEP][PASSED] - logInfo($response_token): 
            {
                "token_type": "BearerToken",
                "access_token": "Lgbsr160FCVYGNjywe5ZdfU4q0GX",
                "expires_in": "1799",
                "scope": ""
            }
        

2022-03-29 22:16:57 - [MESSAGE][INFO] - 
            {
                "token_type": "BearerToken",
                "access_token": "Lgbsr160FCVYGNjywe5ZdfU4q0GX",
                "expires_in": "1799",
                "scope": ""
            }
        

2022-03-29 22:16:57 - [TEST_STEP][PASSED] - feedback = sendRequest(findTestObject("4. Feedback-ins", ["s_key":global_token, "batchid":batchid, "norek":norek, "nopin":nopin, "custname":custname, "pemohon":pemohon, "branchid":branchid, ... ])): Send request successfully

2022-03-29 22:16:58 - [MESSAGE][INFO] - HAR: I:\app-testing\app-project\Order car insurance\order-car-insurance\Reports\20220329_215823\3. Get feedback insurance - Batch 1\20220329_215824\requests\main\505.har

2022-03-29 22:16:58 - [MESSAGE][PASSED] - Send request successfully

2022-03-29 22:16:58 - [TEST_STEP][PASSED] - response_feedback = feedback.getResponseText(): null

2022-03-29 22:16:58 - [TEST_STEP][PASSED] - markPassed("result feedback data : " + no + " norek : " + norek + " nopin : " + nopin): result feedback data : 262 norek : 9930006666 nopin : 003

2022-03-29 22:16:58 - [MESSAGE][PASSED] - result feedback data : 262 norek : 9930006666 nopin : 003

2022-03-29 22:16:58 - [TEST_STEP][PASSED] - logInfo($response_feedback): {
  "FeedbackCarInsuranceResponse" : {
    "errorCode" : "00",
    "errorMessage" : "Sukses"
  }
}

2022-03-29 22:16:58 - [MESSAGE][INFO] - {
  "FeedbackCarInsuranceResponse" : {
    "errorCode" : "00",
    "errorMessage" : "Sukses"
  }
}

2022-03-29 22:16:58 - [TEST_STEP][PASSED] - verifyElementPropertyValue(feedback, "FeedbackCarInsuranceResponse.errorMessage", "Sukses", CONTINUE_ON_FAILURE): Verify element property value successfully

2022-03-29 22:16:58 - [MESSAGE][PASSED] - Verify element property value successfully]]></system-out>
         <system-err><![CDATA[]]></system-err>
      </testcase>
      <testcase name="Test Cases/3. get token - feedback insurance" time="1.02" classname="Test Cases/3. get token - feedback insurance" status="PASSED">
         <system-out><![CDATA[2022-03-29 22:16:58 - [TEST_CASE][PASSED] - Test Cases/3. get token - feedback insurance: Test Cases/3. get token - feedback insurance

2022-03-29 22:16:58 - [TEST_STEP][PASSED] - token = sendRequest(findTestObject("1. Get-Token")): Send request successfully

2022-03-29 22:16:58 - [MESSAGE][INFO] - HAR: I:\app-testing\app-project\Order car insurance\order-car-insurance\Reports\20220329_215823\3. Get feedback insurance - Batch 1\20220329_215824\requests\main\506.har

2022-03-29 22:16:58 - [MESSAGE][PASSED] - Send request successfully

2022-03-29 22:16:58 - [TEST_STEP][PASSED] - slurper = new groovy.json.JsonSlurper(): null

2022-03-29 22:16:58 - [TEST_STEP][PASSED] - get_token = slurper.parseText(token.getResponseBodyContent()): null

2022-03-29 22:16:58 - [TEST_STEP][PASSED] - private_token = access_token: null

2022-03-29 22:16:58 - [TEST_STEP][PASSED] - global_token = private_token: null

2022-03-29 22:16:58 - [TEST_STEP][PASSED] - println("token is :" + global_token): null

2022-03-29 22:16:58 - [TEST_STEP][PASSED] - response_token = token.getResponseText(): null

2022-03-29 22:16:58 - [TEST_STEP][PASSED] - logInfo($response_token): 
            {
                "token_type": "BearerToken",
                "access_token": "XffxeiaY0HbqNAO2Ym5Vmo4TbPuQ",
                "expires_in": "1799",
                "scope": ""
            }
        

2022-03-29 22:16:58 - [MESSAGE][INFO] - 
            {
                "token_type": "BearerToken",
                "access_token": "XffxeiaY0HbqNAO2Ym5Vmo4TbPuQ",
                "expires_in": "1799",
                "scope": ""
            }
        

2022-03-29 22:16:58 - [TEST_STEP][PASSED] - feedback = sendRequest(findTestObject("4. Feedback-ins", ["s_key":global_token, "batchid":batchid, "norek":norek, "nopin":nopin, "custname":custname, "pemohon":pemohon, "branchid":branchid, ... ])): Send request successfully

2022-03-29 22:16:59 - [MESSAGE][INFO] - HAR: I:\app-testing\app-project\Order car insurance\order-car-insurance\Reports\20220329_215823\3. Get feedback insurance - Batch 1\20220329_215824\requests\main\507.har

2022-03-29 22:16:59 - [MESSAGE][PASSED] - Send request successfully

2022-03-29 22:16:59 - [TEST_STEP][PASSED] - response_feedback = feedback.getResponseText(): null

2022-03-29 22:16:59 - [TEST_STEP][PASSED] - markPassed("result feedback data : " + no + " norek : " + norek + " nopin : " + nopin): result feedback data : 263 norek : 9940012655 nopin : 001

2022-03-29 22:16:59 - [MESSAGE][PASSED] - result feedback data : 263 norek : 9940012655 nopin : 001

2022-03-29 22:16:59 - [TEST_STEP][PASSED] - logInfo($response_feedback): {
  "FeedbackCarInsuranceResponse" : {
    "errorCode" : "00",
    "errorMessage" : "Sukses"
  }
}

2022-03-29 22:16:59 - [MESSAGE][INFO] - {
  "FeedbackCarInsuranceResponse" : {
    "errorCode" : "00",
    "errorMessage" : "Sukses"
  }
}

2022-03-29 22:16:59 - [TEST_STEP][PASSED] - verifyElementPropertyValue(feedback, "FeedbackCarInsuranceResponse.errorMessage", "Sukses", CONTINUE_ON_FAILURE): Verify element property value successfully

2022-03-29 22:16:59 - [MESSAGE][PASSED] - Verify element property value successfully]]></system-out>
         <system-err><![CDATA[]]></system-err>
      </testcase>
      <testcase name="Test Cases/3. get token - feedback insurance" time="1.015" classname="Test Cases/3. get token - feedback insurance" status="PASSED">
         <system-out><![CDATA[2022-03-29 22:17:00 - [TEST_CASE][PASSED] - Test Cases/3. get token - feedback insurance: Test Cases/3. get token - feedback insurance

2022-03-29 22:17:00 - [TEST_STEP][PASSED] - token = sendRequest(findTestObject("1. Get-Token")): Send request successfully

2022-03-29 22:17:00 - [MESSAGE][INFO] - HAR: I:\app-testing\app-project\Order car insurance\order-car-insurance\Reports\20220329_215823\3. Get feedback insurance - Batch 1\20220329_215824\requests\main\508.har

2022-03-29 22:17:00 - [MESSAGE][PASSED] - Send request successfully

2022-03-29 22:17:00 - [TEST_STEP][PASSED] - slurper = new groovy.json.JsonSlurper(): null

2022-03-29 22:17:00 - [TEST_STEP][PASSED] - get_token = slurper.parseText(token.getResponseBodyContent()): null

2022-03-29 22:17:00 - [TEST_STEP][PASSED] - private_token = access_token: null

2022-03-29 22:17:00 - [TEST_STEP][PASSED] - global_token = private_token: null

2022-03-29 22:17:00 - [TEST_STEP][PASSED] - println("token is :" + global_token): null

2022-03-29 22:17:00 - [TEST_STEP][PASSED] - response_token = token.getResponseText(): null

2022-03-29 22:17:00 - [TEST_STEP][PASSED] - logInfo($response_token): 
            {
                "token_type": "BearerToken",
                "access_token": "1uyNn8o7yyGPd8iKYWdOl8eNFGoL",
                "expires_in": "1799",
                "scope": ""
            }
        

2022-03-29 22:17:00 - [MESSAGE][INFO] - 
            {
                "token_type": "BearerToken",
                "access_token": "1uyNn8o7yyGPd8iKYWdOl8eNFGoL",
                "expires_in": "1799",
                "scope": ""
            }
        

2022-03-29 22:17:00 - [TEST_STEP][PASSED] - feedback = sendRequest(findTestObject("4. Feedback-ins", ["s_key":global_token, "batchid":batchid, "norek":norek, "nopin":nopin, "custname":custname, "pemohon":pemohon, "branchid":branchid, ... ])): Send request successfully

2022-03-29 22:17:00 - [MESSAGE][INFO] - HAR: I:\app-testing\app-project\Order car insurance\order-car-insurance\Reports\20220329_215823\3. Get feedback insurance - Batch 1\20220329_215824\requests\main\509.har

2022-03-29 22:17:00 - [MESSAGE][PASSED] - Send request successfully

2022-03-29 22:17:00 - [TEST_STEP][PASSED] - response_feedback = feedback.getResponseText(): null

2022-03-29 22:17:00 - [TEST_STEP][PASSED] - markPassed("result feedback data : " + no + " norek : " + norek + " nopin : " + nopin): result feedback data : 264 norek : 9940012655 nopin : 001

2022-03-29 22:17:00 - [MESSAGE][PASSED] - result feedback data : 264 norek : 9940012655 nopin : 001

2022-03-29 22:17:00 - [TEST_STEP][PASSED] - logInfo($response_feedback): {
  "FeedbackCarInsuranceResponse" : {
    "errorCode" : "00",
    "errorMessage" : "Sukses"
  }
}

2022-03-29 22:17:00 - [MESSAGE][INFO] - {
  "FeedbackCarInsuranceResponse" : {
    "errorCode" : "00",
    "errorMessage" : "Sukses"
  }
}

2022-03-29 22:17:01 - [TEST_STEP][PASSED] - verifyElementPropertyValue(feedback, "FeedbackCarInsuranceResponse.errorMessage", "Sukses", CONTINUE_ON_FAILURE): Verify element property value successfully

2022-03-29 22:17:01 - [MESSAGE][PASSED] - Verify element property value successfully]]></system-out>
         <system-err><![CDATA[]]></system-err>
      </testcase>
      <testcase name="Test Cases/3. get token - feedback insurance" time="1.049" classname="Test Cases/3. get token - feedback insurance" status="PASSED">
         <system-out><![CDATA[2022-03-29 22:17:01 - [TEST_CASE][PASSED] - Test Cases/3. get token - feedback insurance: Test Cases/3. get token - feedback insurance

2022-03-29 22:17:01 - [TEST_STEP][PASSED] - token = sendRequest(findTestObject("1. Get-Token")): Send request successfully

2022-03-29 22:17:01 - [MESSAGE][INFO] - HAR: I:\app-testing\app-project\Order car insurance\order-car-insurance\Reports\20220329_215823\3. Get feedback insurance - Batch 1\20220329_215824\requests\main\510.har

2022-03-29 22:17:01 - [MESSAGE][PASSED] - Send request successfully

2022-03-29 22:17:01 - [TEST_STEP][PASSED] - slurper = new groovy.json.JsonSlurper(): null

2022-03-29 22:17:01 - [TEST_STEP][PASSED] - get_token = slurper.parseText(token.getResponseBodyContent()): null

2022-03-29 22:17:01 - [TEST_STEP][PASSED] - private_token = access_token: null

2022-03-29 22:17:01 - [TEST_STEP][PASSED] - global_token = private_token: null

2022-03-29 22:17:01 - [TEST_STEP][PASSED] - println("token is :" + global_token): null

2022-03-29 22:17:01 - [TEST_STEP][PASSED] - response_token = token.getResponseText(): null

2022-03-29 22:17:01 - [TEST_STEP][PASSED] - logInfo($response_token): 
            {
                "token_type": "BearerToken",
                "access_token": "8bcpwrhgc2FpOtSS2Z6Ih86oGH7W",
                "expires_in": "1799",
                "scope": ""
            }
        

2022-03-29 22:17:01 - [MESSAGE][INFO] - 
            {
                "token_type": "BearerToken",
                "access_token": "8bcpwrhgc2FpOtSS2Z6Ih86oGH7W",
                "expires_in": "1799",
                "scope": ""
            }
        

2022-03-29 22:17:01 - [TEST_STEP][PASSED] - feedback = sendRequest(findTestObject("4. Feedback-ins", ["s_key":global_token, "batchid":batchid, "norek":norek, "nopin":nopin, "custname":custname, "pemohon":pemohon, "branchid":branchid, ... ])): Send request successfully

2022-03-29 22:17:02 - [MESSAGE][INFO] - HAR: I:\app-testing\app-project\Order car insurance\order-car-insurance\Reports\20220329_215823\3. Get feedback insurance - Batch 1\20220329_215824\requests\main\511.har

2022-03-29 22:17:02 - [MESSAGE][PASSED] - Send request successfully

2022-03-29 22:17:02 - [TEST_STEP][PASSED] - response_feedback = feedback.getResponseText(): null

2022-03-29 22:17:02 - [TEST_STEP][PASSED] - markPassed("result feedback data : " + no + " norek : " + norek + " nopin : " + nopin): result feedback data : 265 norek : 9940012655 nopin : 001

2022-03-29 22:17:02 - [MESSAGE][PASSED] - result feedback data : 265 norek : 9940012655 nopin : 001

2022-03-29 22:17:02 - [TEST_STEP][PASSED] - logInfo($response_feedback): {
  "FeedbackCarInsuranceResponse" : {
    "errorCode" : "00",
    "errorMessage" : "Sukses"
  }
}

2022-03-29 22:17:02 - [MESSAGE][INFO] - {
  "FeedbackCarInsuranceResponse" : {
    "errorCode" : "00",
    "errorMessage" : "Sukses"
  }
}

2022-03-29 22:17:02 - [TEST_STEP][PASSED] - verifyElementPropertyValue(feedback, "FeedbackCarInsuranceResponse.errorMessage", "Sukses", CONTINUE_ON_FAILURE): Verify element property value successfully

2022-03-29 22:17:02 - [MESSAGE][PASSED] - Verify element property value successfully]]></system-out>
         <system-err><![CDATA[]]></system-err>
      </testcase>
      <testcase name="Test Cases/3. get token - feedback insurance" time="1.126" classname="Test Cases/3. get token - feedback insurance" status="PASSED">
         <system-out><![CDATA[2022-03-29 22:17:02 - [TEST_CASE][PASSED] - Test Cases/3. get token - feedback insurance: Test Cases/3. get token - feedback insurance

2022-03-29 22:17:02 - [TEST_STEP][PASSED] - token = sendRequest(findTestObject("1. Get-Token")): Send request successfully

2022-03-29 22:17:03 - [MESSAGE][INFO] - HAR: I:\app-testing\app-project\Order car insurance\order-car-insurance\Reports\20220329_215823\3. Get feedback insurance - Batch 1\20220329_215824\requests\main\512.har

2022-03-29 22:17:03 - [MESSAGE][PASSED] - Send request successfully

2022-03-29 22:17:03 - [TEST_STEP][PASSED] - slurper = new groovy.json.JsonSlurper(): null

2022-03-29 22:17:03 - [TEST_STEP][PASSED] - get_token = slurper.parseText(token.getResponseBodyContent()): null

2022-03-29 22:17:03 - [TEST_STEP][PASSED] - private_token = access_token: null

2022-03-29 22:17:03 - [TEST_STEP][PASSED] - global_token = private_token: null

2022-03-29 22:17:03 - [TEST_STEP][PASSED] - println("token is :" + global_token): null

2022-03-29 22:17:03 - [TEST_STEP][PASSED] - response_token = token.getResponseText(): null

2022-03-29 22:17:03 - [TEST_STEP][PASSED] - logInfo($response_token): 
            {
                "token_type": "BearerToken",
                "access_token": "FCypNjNIynAohtcF33MemPxv47ad",
                "expires_in": "1799",
                "scope": ""
            }
        

2022-03-29 22:17:03 - [MESSAGE][INFO] - 
            {
                "token_type": "BearerToken",
                "access_token": "FCypNjNIynAohtcF33MemPxv47ad",
                "expires_in": "1799",
                "scope": ""
            }
        

2022-03-29 22:17:03 - [TEST_STEP][PASSED] - feedback = sendRequest(findTestObject("4. Feedback-ins", ["s_key":global_token, "batchid":batchid, "norek":norek, "nopin":nopin, "custname":custname, "pemohon":pemohon, "branchid":branchid, ... ])): Send request successfully

2022-03-29 22:17:03 - [MESSAGE][INFO] - HAR: I:\app-testing\app-project\Order car insurance\order-car-insurance\Reports\20220329_215823\3. Get feedback insurance - Batch 1\20220329_215824\requests\main\513.har

2022-03-29 22:17:03 - [MESSAGE][PASSED] - Send request successfully

2022-03-29 22:17:03 - [TEST_STEP][PASSED] - response_feedback = feedback.getResponseText(): null

2022-03-29 22:17:03 - [TEST_STEP][PASSED] - markPassed("result feedback data : " + no + " norek : " + norek + " nopin : " + nopin): result feedback data : 266 norek : 9940012655 nopin : 001

2022-03-29 22:17:03 - [MESSAGE][PASSED] - result feedback data : 266 norek : 9940012655 nopin : 001

2022-03-29 22:17:03 - [TEST_STEP][PASSED] - logInfo($response_feedback): {
  "FeedbackCarInsuranceResponse" : {
    "errorCode" : "00",
    "errorMessage" : "Sukses"
  }
}

2022-03-29 22:17:03 - [MESSAGE][INFO] - {
  "FeedbackCarInsuranceResponse" : {
    "errorCode" : "00",
    "errorMessage" : "Sukses"
  }
}

2022-03-29 22:17:03 - [TEST_STEP][PASSED] - verifyElementPropertyValue(feedback, "FeedbackCarInsuranceResponse.errorMessage", "Sukses", CONTINUE_ON_FAILURE): Verify element property value successfully

2022-03-29 22:17:04 - [MESSAGE][PASSED] - Verify element property value successfully]]></system-out>
         <system-err><![CDATA[]]></system-err>
      </testcase>
      <testcase name="Test Cases/3. get token - feedback insurance" time="1.062" classname="Test Cases/3. get token - feedback insurance" status="PASSED">
         <system-out><![CDATA[2022-03-29 22:17:04 - [TEST_CASE][PASSED] - Test Cases/3. get token - feedback insurance: Test Cases/3. get token - feedback insurance

2022-03-29 22:17:04 - [TEST_STEP][PASSED] - token = sendRequest(findTestObject("1. Get-Token")): Send request successfully

2022-03-29 22:17:04 - [MESSAGE][INFO] - HAR: I:\app-testing\app-project\Order car insurance\order-car-insurance\Reports\20220329_215823\3. Get feedback insurance - Batch 1\20220329_215824\requests\main\514.har

2022-03-29 22:17:04 - [MESSAGE][PASSED] - Send request successfully

2022-03-29 22:17:04 - [TEST_STEP][PASSED] - slurper = new groovy.json.JsonSlurper(): null

2022-03-29 22:17:04 - [TEST_STEP][PASSED] - get_token = slurper.parseText(token.getResponseBodyContent()): null

2022-03-29 22:17:04 - [TEST_STEP][PASSED] - private_token = access_token: null

2022-03-29 22:17:04 - [TEST_STEP][PASSED] - global_token = private_token: null

2022-03-29 22:17:04 - [TEST_STEP][PASSED] - println("token is :" + global_token): null

2022-03-29 22:17:04 - [TEST_STEP][PASSED] - response_token = token.getResponseText(): null

2022-03-29 22:17:04 - [TEST_STEP][PASSED] - logInfo($response_token): 
            {
                "token_type": "BearerToken",
                "access_token": "kZjMiH0mWY14GWTuq2aoh0YQxfZ8",
                "expires_in": "1799",
                "scope": ""
            }
        

2022-03-29 22:17:04 - [MESSAGE][INFO] - 
            {
                "token_type": "BearerToken",
                "access_token": "kZjMiH0mWY14GWTuq2aoh0YQxfZ8",
                "expires_in": "1799",
                "scope": ""
            }
        

2022-03-29 22:17:04 - [TEST_STEP][PASSED] - feedback = sendRequest(findTestObject("4. Feedback-ins", ["s_key":global_token, "batchid":batchid, "norek":norek, "nopin":nopin, "custname":custname, "pemohon":pemohon, "branchid":branchid, ... ])): Send request successfully

2022-03-29 22:17:05 - [MESSAGE][INFO] - HAR: I:\app-testing\app-project\Order car insurance\order-car-insurance\Reports\20220329_215823\3. Get feedback insurance - Batch 1\20220329_215824\requests\main\515.har

2022-03-29 22:17:05 - [MESSAGE][PASSED] - Send request successfully

2022-03-29 22:17:05 - [TEST_STEP][PASSED] - response_feedback = feedback.getResponseText(): null

2022-03-29 22:17:05 - [TEST_STEP][PASSED] - markPassed("result feedback data : " + no + " norek : " + norek + " nopin : " + nopin): result feedback data : 267 norek : 9940012655 nopin : 001

2022-03-29 22:17:05 - [MESSAGE][PASSED] - result feedback data : 267 norek : 9940012655 nopin : 001

2022-03-29 22:17:05 - [TEST_STEP][PASSED] - logInfo($response_feedback): {
  "FeedbackCarInsuranceResponse" : {
    "errorCode" : "00",
    "errorMessage" : "Sukses"
  }
}

2022-03-29 22:17:05 - [MESSAGE][INFO] - {
  "FeedbackCarInsuranceResponse" : {
    "errorCode" : "00",
    "errorMessage" : "Sukses"
  }
}

2022-03-29 22:17:05 - [TEST_STEP][PASSED] - verifyElementPropertyValue(feedback, "FeedbackCarInsuranceResponse.errorMessage", "Sukses", CONTINUE_ON_FAILURE): Verify element property value successfully

2022-03-29 22:17:05 - [MESSAGE][PASSED] - Verify element property value successfully]]></system-out>
         <system-err><![CDATA[]]></system-err>
      </testcase>
      <testcase name="Test Cases/3. get token - feedback insurance" time="1.376" classname="Test Cases/3. get token - feedback insurance" status="PASSED">
         <system-out><![CDATA[2022-03-29 22:17:05 - [TEST_CASE][PASSED] - Test Cases/3. get token - feedback insurance: Test Cases/3. get token - feedback insurance

2022-03-29 22:17:05 - [TEST_STEP][PASSED] - token = sendRequest(findTestObject("1. Get-Token")): Send request successfully

2022-03-29 22:17:06 - [MESSAGE][INFO] - HAR: I:\app-testing\app-project\Order car insurance\order-car-insurance\Reports\20220329_215823\3. Get feedback insurance - Batch 1\20220329_215824\requests\main\516.har

2022-03-29 22:17:06 - [MESSAGE][PASSED] - Send request successfully

2022-03-29 22:17:06 - [TEST_STEP][PASSED] - slurper = new groovy.json.JsonSlurper(): null

2022-03-29 22:17:06 - [TEST_STEP][PASSED] - get_token = slurper.parseText(token.getResponseBodyContent()): null

2022-03-29 22:17:06 - [TEST_STEP][PASSED] - private_token = access_token: null

2022-03-29 22:17:06 - [TEST_STEP][PASSED] - global_token = private_token: null

2022-03-29 22:17:06 - [TEST_STEP][PASSED] - println("token is :" + global_token): null

2022-03-29 22:17:06 - [TEST_STEP][PASSED] - response_token = token.getResponseText(): null

2022-03-29 22:17:06 - [TEST_STEP][PASSED] - logInfo($response_token): 
            {
                "token_type": "BearerToken",
                "access_token": "D2xoicpyFM2JzXqX8oq8BlhcO72T",
                "expires_in": "1799",
                "scope": ""
            }
        

2022-03-29 22:17:06 - [MESSAGE][INFO] - 
            {
                "token_type": "BearerToken",
                "access_token": "D2xoicpyFM2JzXqX8oq8BlhcO72T",
                "expires_in": "1799",
                "scope": ""
            }
        

2022-03-29 22:17:06 - [TEST_STEP][PASSED] - feedback = sendRequest(findTestObject("4. Feedback-ins", ["s_key":global_token, "batchid":batchid, "norek":norek, "nopin":nopin, "custname":custname, "pemohon":pemohon, "branchid":branchid, ... ])): Send request successfully

2022-03-29 22:17:07 - [MESSAGE][INFO] - HAR: I:\app-testing\app-project\Order car insurance\order-car-insurance\Reports\20220329_215823\3. Get feedback insurance - Batch 1\20220329_215824\requests\main\517.har

2022-03-29 22:17:07 - [MESSAGE][PASSED] - Send request successfully

2022-03-29 22:17:07 - [TEST_STEP][PASSED] - response_feedback = feedback.getResponseText(): null

2022-03-29 22:17:07 - [TEST_STEP][PASSED] - markPassed("result feedback data : " + no + " norek : " + norek + " nopin : " + nopin): result feedback data : 268 norek : 9940012656 nopin : 001

2022-03-29 22:17:07 - [MESSAGE][PASSED] - result feedback data : 268 norek : 9940012656 nopin : 001

2022-03-29 22:17:07 - [TEST_STEP][PASSED] - logInfo($response_feedback): {
  "FeedbackCarInsuranceResponse" : {
    "errorCode" : "00",
    "errorMessage" : "Sukses"
  }
}

2022-03-29 22:17:07 - [MESSAGE][INFO] - {
  "FeedbackCarInsuranceResponse" : {
    "errorCode" : "00",
    "errorMessage" : "Sukses"
  }
}

2022-03-29 22:17:07 - [TEST_STEP][PASSED] - verifyElementPropertyValue(feedback, "FeedbackCarInsuranceResponse.errorMessage", "Sukses", CONTINUE_ON_FAILURE): Verify element property value successfully

2022-03-29 22:17:07 - [MESSAGE][PASSED] - Verify element property value successfully]]></system-out>
         <system-err><![CDATA[]]></system-err>
      </testcase>
      <testcase name="Test Cases/3. get token - feedback insurance" time="0.982" classname="Test Cases/3. get token - feedback insurance" status="PASSED">
         <system-out><![CDATA[2022-03-29 22:17:07 - [TEST_CASE][PASSED] - Test Cases/3. get token - feedback insurance: Test Cases/3. get token - feedback insurance

2022-03-29 22:17:07 - [TEST_STEP][PASSED] - token = sendRequest(findTestObject("1. Get-Token")): Send request successfully

2022-03-29 22:17:07 - [MESSAGE][INFO] - HAR: I:\app-testing\app-project\Order car insurance\order-car-insurance\Reports\20220329_215823\3. Get feedback insurance - Batch 1\20220329_215824\requests\main\518.har

2022-03-29 22:17:07 - [MESSAGE][PASSED] - Send request successfully

2022-03-29 22:17:07 - [TEST_STEP][PASSED] - slurper = new groovy.json.JsonSlurper(): null

2022-03-29 22:17:07 - [TEST_STEP][PASSED] - get_token = slurper.parseText(token.getResponseBodyContent()): null

2022-03-29 22:17:07 - [TEST_STEP][PASSED] - private_token = access_token: null

2022-03-29 22:17:07 - [TEST_STEP][PASSED] - global_token = private_token: null

2022-03-29 22:17:07 - [TEST_STEP][PASSED] - println("token is :" + global_token): null

2022-03-29 22:17:07 - [TEST_STEP][PASSED] - response_token = token.getResponseText(): null

2022-03-29 22:17:07 - [TEST_STEP][PASSED] - logInfo($response_token): 
            {
                "token_type": "BearerToken",
                "access_token": "Av3OfaCNCOAYhpQy5bPWd0E93YWU",
                "expires_in": "1799",
                "scope": ""
            }
        

2022-03-29 22:17:07 - [MESSAGE][INFO] - 
            {
                "token_type": "BearerToken",
                "access_token": "Av3OfaCNCOAYhpQy5bPWd0E93YWU",
                "expires_in": "1799",
                "scope": ""
            }
        

2022-03-29 22:17:07 - [TEST_STEP][PASSED] - feedback = sendRequest(findTestObject("4. Feedback-ins", ["s_key":global_token, "batchid":batchid, "norek":norek, "nopin":nopin, "custname":custname, "pemohon":pemohon, "branchid":branchid, ... ])): Send request successfully

2022-03-29 22:17:08 - [MESSAGE][INFO] - HAR: I:\app-testing\app-project\Order car insurance\order-car-insurance\Reports\20220329_215823\3. Get feedback insurance - Batch 1\20220329_215824\requests\main\519.har

2022-03-29 22:17:08 - [MESSAGE][PASSED] - Send request successfully

2022-03-29 22:17:08 - [TEST_STEP][PASSED] - response_feedback = feedback.getResponseText(): null

2022-03-29 22:17:08 - [TEST_STEP][PASSED] - markPassed("result feedback data : " + no + " norek : " + norek + " nopin : " + nopin): result feedback data : 269 norek : 9940012656 nopin : 001

2022-03-29 22:17:08 - [MESSAGE][PASSED] - result feedback data : 269 norek : 9940012656 nopin : 001

2022-03-29 22:17:08 - [TEST_STEP][PASSED] - logInfo($response_feedback): {
  "FeedbackCarInsuranceResponse" : {
    "errorCode" : "00",
    "errorMessage" : "Sukses"
  }
}

2022-03-29 22:17:08 - [MESSAGE][INFO] - {
  "FeedbackCarInsuranceResponse" : {
    "errorCode" : "00",
    "errorMessage" : "Sukses"
  }
}

2022-03-29 22:17:08 - [TEST_STEP][PASSED] - verifyElementPropertyValue(feedback, "FeedbackCarInsuranceResponse.errorMessage", "Sukses", CONTINUE_ON_FAILURE): Verify element property value successfully

2022-03-29 22:17:08 - [MESSAGE][PASSED] - Verify element property value successfully]]></system-out>
         <system-err><![CDATA[]]></system-err>
      </testcase>
      <testcase name="Test Cases/3. get token - feedback insurance" time="1.148" classname="Test Cases/3. get token - feedback insurance" status="PASSED">
         <system-out><![CDATA[2022-03-29 22:17:09 - [TEST_CASE][PASSED] - Test Cases/3. get token - feedback insurance: Test Cases/3. get token - feedback insurance

2022-03-29 22:17:09 - [TEST_STEP][PASSED] - token = sendRequest(findTestObject("1. Get-Token")): Send request successfully

2022-03-29 22:17:09 - [MESSAGE][INFO] - HAR: I:\app-testing\app-project\Order car insurance\order-car-insurance\Reports\20220329_215823\3. Get feedback insurance - Batch 1\20220329_215824\requests\main\520.har

2022-03-29 22:17:09 - [MESSAGE][PASSED] - Send request successfully

2022-03-29 22:17:09 - [TEST_STEP][PASSED] - slurper = new groovy.json.JsonSlurper(): null

2022-03-29 22:17:09 - [TEST_STEP][PASSED] - get_token = slurper.parseText(token.getResponseBodyContent()): null

2022-03-29 22:17:09 - [TEST_STEP][PASSED] - private_token = access_token: null

2022-03-29 22:17:09 - [TEST_STEP][PASSED] - global_token = private_token: null

2022-03-29 22:17:09 - [TEST_STEP][PASSED] - println("token is :" + global_token): null

2022-03-29 22:17:09 - [TEST_STEP][PASSED] - response_token = token.getResponseText(): null

2022-03-29 22:17:09 - [TEST_STEP][PASSED] - logInfo($response_token): 
            {
                "token_type": "BearerToken",
                "access_token": "sjBMWTOxQBlgr9t38QbidjDGDBa2",
                "expires_in": "1799",
                "scope": ""
            }
        

2022-03-29 22:17:09 - [MESSAGE][INFO] - 
            {
                "token_type": "BearerToken",
                "access_token": "sjBMWTOxQBlgr9t38QbidjDGDBa2",
                "expires_in": "1799",
                "scope": ""
            }
        

2022-03-29 22:17:09 - [TEST_STEP][PASSED] - feedback = sendRequest(findTestObject("4. Feedback-ins", ["s_key":global_token, "batchid":batchid, "norek":norek, "nopin":nopin, "custname":custname, "pemohon":pemohon, "branchid":branchid, ... ])): Send request successfully

2022-03-29 22:17:10 - [MESSAGE][INFO] - HAR: I:\app-testing\app-project\Order car insurance\order-car-insurance\Reports\20220329_215823\3. Get feedback insurance - Batch 1\20220329_215824\requests\main\521.har

2022-03-29 22:17:10 - [MESSAGE][PASSED] - Send request successfully

2022-03-29 22:17:10 - [TEST_STEP][PASSED] - response_feedback = feedback.getResponseText(): null

2022-03-29 22:17:10 - [TEST_STEP][PASSED] - markPassed("result feedback data : " + no + " norek : " + norek + " nopin : " + nopin): result feedback data : 270 norek : 9940012658 nopin : 001

2022-03-29 22:17:10 - [MESSAGE][PASSED] - result feedback data : 270 norek : 9940012658 nopin : 001

2022-03-29 22:17:10 - [TEST_STEP][PASSED] - logInfo($response_feedback): {
  "FeedbackCarInsuranceResponse" : {
    "errorCode" : "00",
    "errorMessage" : "Sukses"
  }
}

2022-03-29 22:17:10 - [MESSAGE][INFO] - {
  "FeedbackCarInsuranceResponse" : {
    "errorCode" : "00",
    "errorMessage" : "Sukses"
  }
}

2022-03-29 22:17:10 - [TEST_STEP][PASSED] - verifyElementPropertyValue(feedback, "FeedbackCarInsuranceResponse.errorMessage", "Sukses", CONTINUE_ON_FAILURE): Verify element property value successfully

2022-03-29 22:17:10 - [MESSAGE][PASSED] - Verify element property value successfully]]></system-out>
         <system-err><![CDATA[]]></system-err>
      </testcase>
      <testcase name="Test Cases/3. get token - feedback insurance" time="0.964" classname="Test Cases/3. get token - feedback insurance" status="PASSED">
         <system-out><![CDATA[2022-03-29 22:17:10 - [TEST_CASE][PASSED] - Test Cases/3. get token - feedback insurance: Test Cases/3. get token - feedback insurance

2022-03-29 22:17:10 - [TEST_STEP][PASSED] - token = sendRequest(findTestObject("1. Get-Token")): Send request successfully

2022-03-29 22:17:10 - [MESSAGE][INFO] - HAR: I:\app-testing\app-project\Order car insurance\order-car-insurance\Reports\20220329_215823\3. Get feedback insurance - Batch 1\20220329_215824\requests\main\522.har

2022-03-29 22:17:10 - [MESSAGE][PASSED] - Send request successfully

2022-03-29 22:17:10 - [TEST_STEP][PASSED] - slurper = new groovy.json.JsonSlurper(): null

2022-03-29 22:17:10 - [TEST_STEP][PASSED] - get_token = slurper.parseText(token.getResponseBodyContent()): null

2022-03-29 22:17:10 - [TEST_STEP][PASSED] - private_token = access_token: null

2022-03-29 22:17:10 - [TEST_STEP][PASSED] - global_token = private_token: null

2022-03-29 22:17:10 - [TEST_STEP][PASSED] - println("token is :" + global_token): null

2022-03-29 22:17:10 - [TEST_STEP][PASSED] - response_token = token.getResponseText(): null

2022-03-29 22:17:10 - [TEST_STEP][PASSED] - logInfo($response_token): 
            {
                "token_type": "BearerToken",
                "access_token": "GEYGVhfgKKvRaBIIDaIgCXZ52dDY",
                "expires_in": "1799",
                "scope": ""
            }
        

2022-03-29 22:17:10 - [MESSAGE][INFO] - 
            {
                "token_type": "BearerToken",
                "access_token": "GEYGVhfgKKvRaBIIDaIgCXZ52dDY",
                "expires_in": "1799",
                "scope": ""
            }
        

2022-03-29 22:17:10 - [TEST_STEP][PASSED] - feedback = sendRequest(findTestObject("4. Feedback-ins", ["s_key":global_token, "batchid":batchid, "norek":norek, "nopin":nopin, "custname":custname, "pemohon":pemohon, "branchid":branchid, ... ])): Send request successfully

2022-03-29 22:17:11 - [MESSAGE][INFO] - HAR: I:\app-testing\app-project\Order car insurance\order-car-insurance\Reports\20220329_215823\3. Get feedback insurance - Batch 1\20220329_215824\requests\main\523.har

2022-03-29 22:17:11 - [MESSAGE][PASSED] - Send request successfully

2022-03-29 22:17:11 - [TEST_STEP][PASSED] - response_feedback = feedback.getResponseText(): null

2022-03-29 22:17:11 - [TEST_STEP][PASSED] - markPassed("result feedback data : " + no + " norek : " + norek + " nopin : " + nopin): result feedback data : 271 norek : 9940012658 nopin : 001

2022-03-29 22:17:11 - [MESSAGE][PASSED] - result feedback data : 271 norek : 9940012658 nopin : 001

2022-03-29 22:17:11 - [TEST_STEP][PASSED] - logInfo($response_feedback): {
  "FeedbackCarInsuranceResponse" : {
    "errorCode" : "00",
    "errorMessage" : "Sukses"
  }
}

2022-03-29 22:17:11 - [MESSAGE][INFO] - {
  "FeedbackCarInsuranceResponse" : {
    "errorCode" : "00",
    "errorMessage" : "Sukses"
  }
}

2022-03-29 22:17:11 - [TEST_STEP][PASSED] - verifyElementPropertyValue(feedback, "FeedbackCarInsuranceResponse.errorMessage", "Sukses", CONTINUE_ON_FAILURE): Verify element property value successfully

2022-03-29 22:17:11 - [MESSAGE][PASSED] - Verify element property value successfully]]></system-out>
         <system-err><![CDATA[]]></system-err>
      </testcase>
      <testcase name="Test Cases/3. get token - feedback insurance" time="0.975" classname="Test Cases/3. get token - feedback insurance" status="PASSED">
         <system-out><![CDATA[2022-03-29 22:17:12 - [TEST_CASE][PASSED] - Test Cases/3. get token - feedback insurance: Test Cases/3. get token - feedback insurance

2022-03-29 22:17:12 - [TEST_STEP][PASSED] - token = sendRequest(findTestObject("1. Get-Token")): Send request successfully

2022-03-29 22:17:12 - [MESSAGE][INFO] - HAR: I:\app-testing\app-project\Order car insurance\order-car-insurance\Reports\20220329_215823\3. Get feedback insurance - Batch 1\20220329_215824\requests\main\524.har

2022-03-29 22:17:12 - [MESSAGE][PASSED] - Send request successfully

2022-03-29 22:17:12 - [TEST_STEP][PASSED] - slurper = new groovy.json.JsonSlurper(): null

2022-03-29 22:17:12 - [TEST_STEP][PASSED] - get_token = slurper.parseText(token.getResponseBodyContent()): null

2022-03-29 22:17:12 - [TEST_STEP][PASSED] - private_token = access_token: null

2022-03-29 22:17:12 - [TEST_STEP][PASSED] - global_token = private_token: null

2022-03-29 22:17:12 - [TEST_STEP][PASSED] - println("token is :" + global_token): null

2022-03-29 22:17:12 - [TEST_STEP][PASSED] - response_token = token.getResponseText(): null

2022-03-29 22:17:12 - [TEST_STEP][PASSED] - logInfo($response_token): 
            {
                "token_type": "BearerToken",
                "access_token": "wjKfhBP1Ua0HXQXMuDFrCyLyvSyi",
                "expires_in": "1799",
                "scope": ""
            }
        

2022-03-29 22:17:12 - [MESSAGE][INFO] - 
            {
                "token_type": "BearerToken",
                "access_token": "wjKfhBP1Ua0HXQXMuDFrCyLyvSyi",
                "expires_in": "1799",
                "scope": ""
            }
        

2022-03-29 22:17:12 - [TEST_STEP][PASSED] - feedback = sendRequest(findTestObject("4. Feedback-ins", ["s_key":global_token, "batchid":batchid, "norek":norek, "nopin":nopin, "custname":custname, "pemohon":pemohon, "branchid":branchid, ... ])): Send request successfully

2022-03-29 22:17:13 - [MESSAGE][INFO] - HAR: I:\app-testing\app-project\Order car insurance\order-car-insurance\Reports\20220329_215823\3. Get feedback insurance - Batch 1\20220329_215824\requests\main\525.har

2022-03-29 22:17:13 - [MESSAGE][PASSED] - Send request successfully

2022-03-29 22:17:13 - [TEST_STEP][PASSED] - response_feedback = feedback.getResponseText(): null

2022-03-29 22:17:13 - [TEST_STEP][PASSED] - markPassed("result feedback data : " + no + " norek : " + norek + " nopin : " + nopin): result feedback data : 272 norek : 9940012658 nopin : 001

2022-03-29 22:17:13 - [MESSAGE][PASSED] - result feedback data : 272 norek : 9940012658 nopin : 001

2022-03-29 22:17:13 - [TEST_STEP][PASSED] - logInfo($response_feedback): {
  "FeedbackCarInsuranceResponse" : {
    "errorCode" : "00",
    "errorMessage" : "Sukses"
  }
}

2022-03-29 22:17:13 - [MESSAGE][INFO] - {
  "FeedbackCarInsuranceResponse" : {
    "errorCode" : "00",
    "errorMessage" : "Sukses"
  }
}

2022-03-29 22:17:13 - [TEST_STEP][PASSED] - verifyElementPropertyValue(feedback, "FeedbackCarInsuranceResponse.errorMessage", "Sukses", CONTINUE_ON_FAILURE): Verify element property value successfully

2022-03-29 22:17:13 - [MESSAGE][PASSED] - Verify element property value successfully]]></system-out>
         <system-err><![CDATA[]]></system-err>
      </testcase>
      <testcase name="Test Cases/3. get token - feedback insurance" time="1.095" classname="Test Cases/3. get token - feedback insurance" status="PASSED">
         <system-out><![CDATA[2022-03-29 22:17:13 - [TEST_CASE][PASSED] - Test Cases/3. get token - feedback insurance: Test Cases/3. get token - feedback insurance

2022-03-29 22:17:13 - [TEST_STEP][PASSED] - token = sendRequest(findTestObject("1. Get-Token")): Send request successfully

2022-03-29 22:17:13 - [MESSAGE][INFO] - HAR: I:\app-testing\app-project\Order car insurance\order-car-insurance\Reports\20220329_215823\3. Get feedback insurance - Batch 1\20220329_215824\requests\main\526.har

2022-03-29 22:17:13 - [MESSAGE][PASSED] - Send request successfully

2022-03-29 22:17:13 - [TEST_STEP][PASSED] - slurper = new groovy.json.JsonSlurper(): null

2022-03-29 22:17:13 - [TEST_STEP][PASSED] - get_token = slurper.parseText(token.getResponseBodyContent()): null

2022-03-29 22:17:13 - [TEST_STEP][PASSED] - private_token = access_token: null

2022-03-29 22:17:13 - [TEST_STEP][PASSED] - global_token = private_token: null

2022-03-29 22:17:13 - [TEST_STEP][PASSED] - println("token is :" + global_token): null

2022-03-29 22:17:13 - [TEST_STEP][PASSED] - response_token = token.getResponseText(): null

2022-03-29 22:17:13 - [TEST_STEP][PASSED] - logInfo($response_token): 
            {
                "token_type": "BearerToken",
                "access_token": "IssUjdmnwe5UfX9jLToFoGqzM0n8",
                "expires_in": "1799",
                "scope": ""
            }
        

2022-03-29 22:17:13 - [MESSAGE][INFO] - 
            {
                "token_type": "BearerToken",
                "access_token": "IssUjdmnwe5UfX9jLToFoGqzM0n8",
                "expires_in": "1799",
                "scope": ""
            }
        

2022-03-29 22:17:13 - [TEST_STEP][PASSED] - feedback = sendRequest(findTestObject("4. Feedback-ins", ["s_key":global_token, "batchid":batchid, "norek":norek, "nopin":nopin, "custname":custname, "pemohon":pemohon, "branchid":branchid, ... ])): Send request successfully

2022-03-29 22:17:14 - [MESSAGE][INFO] - HAR: I:\app-testing\app-project\Order car insurance\order-car-insurance\Reports\20220329_215823\3. Get feedback insurance - Batch 1\20220329_215824\requests\main\527.har

2022-03-29 22:17:14 - [MESSAGE][PASSED] - Send request successfully

2022-03-29 22:17:14 - [TEST_STEP][PASSED] - response_feedback = feedback.getResponseText(): null

2022-03-29 22:17:14 - [TEST_STEP][PASSED] - markPassed("result feedback data : " + no + " norek : " + norek + " nopin : " + nopin): result feedback data : 273 norek : 9940012658 nopin : 001

2022-03-29 22:17:14 - [MESSAGE][PASSED] - result feedback data : 273 norek : 9940012658 nopin : 001

2022-03-29 22:17:14 - [TEST_STEP][PASSED] - logInfo($response_feedback): {
  "FeedbackCarInsuranceResponse" : {
    "errorCode" : "00",
    "errorMessage" : "Sukses"
  }
}

2022-03-29 22:17:14 - [MESSAGE][INFO] - {
  "FeedbackCarInsuranceResponse" : {
    "errorCode" : "00",
    "errorMessage" : "Sukses"
  }
}

2022-03-29 22:17:14 - [TEST_STEP][PASSED] - verifyElementPropertyValue(feedback, "FeedbackCarInsuranceResponse.errorMessage", "Sukses", CONTINUE_ON_FAILURE): Verify element property value successfully

2022-03-29 22:17:14 - [MESSAGE][PASSED] - Verify element property value successfully]]></system-out>
         <system-err><![CDATA[]]></system-err>
      </testcase>
      <testcase name="Test Cases/3. get token - feedback insurance" time="1.07" classname="Test Cases/3. get token - feedback insurance" status="PASSED">
         <system-out><![CDATA[2022-03-29 22:17:14 - [TEST_CASE][PASSED] - Test Cases/3. get token - feedback insurance: Test Cases/3. get token - feedback insurance

2022-03-29 22:17:15 - [TEST_STEP][PASSED] - token = sendRequest(findTestObject("1. Get-Token")): Send request successfully

2022-03-29 22:17:15 - [MESSAGE][INFO] - HAR: I:\app-testing\app-project\Order car insurance\order-car-insurance\Reports\20220329_215823\3. Get feedback insurance - Batch 1\20220329_215824\requests\main\528.har

2022-03-29 22:17:15 - [MESSAGE][PASSED] - Send request successfully

2022-03-29 22:17:15 - [TEST_STEP][PASSED] - slurper = new groovy.json.JsonSlurper(): null

2022-03-29 22:17:15 - [TEST_STEP][PASSED] - get_token = slurper.parseText(token.getResponseBodyContent()): null

2022-03-29 22:17:15 - [TEST_STEP][PASSED] - private_token = access_token: null

2022-03-29 22:17:15 - [TEST_STEP][PASSED] - global_token = private_token: null

2022-03-29 22:17:15 - [TEST_STEP][PASSED] - println("token is :" + global_token): null

2022-03-29 22:17:15 - [TEST_STEP][PASSED] - response_token = token.getResponseText(): null

2022-03-29 22:17:15 - [TEST_STEP][PASSED] - logInfo($response_token): 
            {
                "token_type": "BearerToken",
                "access_token": "GK7PHr1M8iLRQfPpf7rWFk3HAm5u",
                "expires_in": "1799",
                "scope": ""
            }
        

2022-03-29 22:17:15 - [MESSAGE][INFO] - 
            {
                "token_type": "BearerToken",
                "access_token": "GK7PHr1M8iLRQfPpf7rWFk3HAm5u",
                "expires_in": "1799",
                "scope": ""
            }
        

2022-03-29 22:17:15 - [TEST_STEP][PASSED] - feedback = sendRequest(findTestObject("4. Feedback-ins", ["s_key":global_token, "batchid":batchid, "norek":norek, "nopin":nopin, "custname":custname, "pemohon":pemohon, "branchid":branchid, ... ])): Send request successfully

2022-03-29 22:17:16 - [MESSAGE][INFO] - HAR: I:\app-testing\app-project\Order car insurance\order-car-insurance\Reports\20220329_215823\3. Get feedback insurance - Batch 1\20220329_215824\requests\main\529.har

2022-03-29 22:17:16 - [MESSAGE][PASSED] - Send request successfully

2022-03-29 22:17:16 - [TEST_STEP][PASSED] - response_feedback = feedback.getResponseText(): null

2022-03-29 22:17:16 - [TEST_STEP][PASSED] - markPassed("result feedback data : " + no + " norek : " + norek + " nopin : " + nopin): result feedback data : 274 norek : 9940012658 nopin : 001

2022-03-29 22:17:16 - [MESSAGE][PASSED] - result feedback data : 274 norek : 9940012658 nopin : 001

2022-03-29 22:17:16 - [TEST_STEP][PASSED] - logInfo($response_feedback): {
  "FeedbackCarInsuranceResponse" : {
    "errorCode" : "00",
    "errorMessage" : "Sukses"
  }
}

2022-03-29 22:17:16 - [MESSAGE][INFO] - {
  "FeedbackCarInsuranceResponse" : {
    "errorCode" : "00",
    "errorMessage" : "Sukses"
  }
}

2022-03-29 22:17:16 - [TEST_STEP][PASSED] - verifyElementPropertyValue(feedback, "FeedbackCarInsuranceResponse.errorMessage", "Sukses", CONTINUE_ON_FAILURE): Verify element property value successfully

2022-03-29 22:17:16 - [MESSAGE][PASSED] - Verify element property value successfully]]></system-out>
         <system-err><![CDATA[]]></system-err>
      </testcase>
      <testcase name="Test Cases/3. get token - feedback insurance" time="2.539" classname="Test Cases/3. get token - feedback insurance" status="PASSED">
         <system-out><![CDATA[2022-03-29 22:17:16 - [TEST_CASE][PASSED] - Test Cases/3. get token - feedback insurance: Test Cases/3. get token - feedback insurance

2022-03-29 22:17:16 - [TEST_STEP][PASSED] - token = sendRequest(findTestObject("1. Get-Token")): Send request successfully

2022-03-29 22:17:16 - [MESSAGE][INFO] - HAR: I:\app-testing\app-project\Order car insurance\order-car-insurance\Reports\20220329_215823\3. Get feedback insurance - Batch 1\20220329_215824\requests\main\530.har

2022-03-29 22:17:16 - [MESSAGE][PASSED] - Send request successfully

2022-03-29 22:17:16 - [TEST_STEP][PASSED] - slurper = new groovy.json.JsonSlurper(): null

2022-03-29 22:17:16 - [TEST_STEP][PASSED] - get_token = slurper.parseText(token.getResponseBodyContent()): null

2022-03-29 22:17:16 - [TEST_STEP][PASSED] - private_token = access_token: null

2022-03-29 22:17:16 - [TEST_STEP][PASSED] - global_token = private_token: null

2022-03-29 22:17:16 - [TEST_STEP][PASSED] - println("token is :" + global_token): null

2022-03-29 22:17:16 - [TEST_STEP][PASSED] - response_token = token.getResponseText(): null

2022-03-29 22:17:16 - [TEST_STEP][PASSED] - logInfo($response_token): 
            {
                "token_type": "BearerToken",
                "access_token": "L16VOnRXrnnQ0QZG0eQkF8Ipa0CQ",
                "expires_in": "1799",
                "scope": ""
            }
        

2022-03-29 22:17:16 - [MESSAGE][INFO] - 
            {
                "token_type": "BearerToken",
                "access_token": "L16VOnRXrnnQ0QZG0eQkF8Ipa0CQ",
                "expires_in": "1799",
                "scope": ""
            }
        

2022-03-29 22:17:16 - [TEST_STEP][PASSED] - feedback = sendRequest(findTestObject("4. Feedback-ins", ["s_key":global_token, "batchid":batchid, "norek":norek, "nopin":nopin, "custname":custname, "pemohon":pemohon, "branchid":branchid, ... ])): Send request successfully

2022-03-29 22:17:18 - [MESSAGE][INFO] - HAR: I:\app-testing\app-project\Order car insurance\order-car-insurance\Reports\20220329_215823\3. Get feedback insurance - Batch 1\20220329_215824\requests\main\531.har

2022-03-29 22:17:18 - [MESSAGE][PASSED] - Send request successfully

2022-03-29 22:17:18 - [TEST_STEP][PASSED] - response_feedback = feedback.getResponseText(): null

2022-03-29 22:17:18 - [TEST_STEP][PASSED] - markPassed("result feedback data : " + no + " norek : " + norek + " nopin : " + nopin): result feedback data : 275 norek : 9940012659 nopin : 001

2022-03-29 22:17:18 - [MESSAGE][PASSED] - result feedback data : 275 norek : 9940012659 nopin : 001

2022-03-29 22:17:18 - [TEST_STEP][PASSED] - logInfo($response_feedback): {
  "FeedbackCarInsuranceResponse" : {
    "errorCode" : "00",
    "errorMessage" : "Sukses"
  }
}

2022-03-29 22:17:18 - [MESSAGE][INFO] - {
  "FeedbackCarInsuranceResponse" : {
    "errorCode" : "00",
    "errorMessage" : "Sukses"
  }
}

2022-03-29 22:17:18 - [TEST_STEP][PASSED] - verifyElementPropertyValue(feedback, "FeedbackCarInsuranceResponse.errorMessage", "Sukses", CONTINUE_ON_FAILURE): Verify element property value successfully

2022-03-29 22:17:19 - [MESSAGE][PASSED] - Verify element property value successfully]]></system-out>
         <system-err><![CDATA[]]></system-err>
      </testcase>
      <testcase name="Test Cases/3. get token - feedback insurance" time="0.98" classname="Test Cases/3. get token - feedback insurance" status="PASSED">
         <system-out><![CDATA[2022-03-29 22:17:19 - [TEST_CASE][PASSED] - Test Cases/3. get token - feedback insurance: Test Cases/3. get token - feedback insurance

2022-03-29 22:17:19 - [TEST_STEP][PASSED] - token = sendRequest(findTestObject("1. Get-Token")): Send request successfully

2022-03-29 22:17:19 - [MESSAGE][INFO] - HAR: I:\app-testing\app-project\Order car insurance\order-car-insurance\Reports\20220329_215823\3. Get feedback insurance - Batch 1\20220329_215824\requests\main\532.har

2022-03-29 22:17:19 - [MESSAGE][PASSED] - Send request successfully

2022-03-29 22:17:19 - [TEST_STEP][PASSED] - slurper = new groovy.json.JsonSlurper(): null

2022-03-29 22:17:19 - [TEST_STEP][PASSED] - get_token = slurper.parseText(token.getResponseBodyContent()): null

2022-03-29 22:17:19 - [TEST_STEP][PASSED] - private_token = access_token: null

2022-03-29 22:17:19 - [TEST_STEP][PASSED] - global_token = private_token: null

2022-03-29 22:17:19 - [TEST_STEP][PASSED] - println("token is :" + global_token): null

2022-03-29 22:17:19 - [TEST_STEP][PASSED] - response_token = token.getResponseText(): null

2022-03-29 22:17:19 - [TEST_STEP][PASSED] - logInfo($response_token): 
            {
                "token_type": "BearerToken",
                "access_token": "57kG4GefYsFkGEAkyQq52casmGZ0",
                "expires_in": "1799",
                "scope": ""
            }
        

2022-03-29 22:17:19 - [MESSAGE][INFO] - 
            {
                "token_type": "BearerToken",
                "access_token": "57kG4GefYsFkGEAkyQq52casmGZ0",
                "expires_in": "1799",
                "scope": ""
            }
        

2022-03-29 22:17:19 - [TEST_STEP][PASSED] - feedback = sendRequest(findTestObject("4. Feedback-ins", ["s_key":global_token, "batchid":batchid, "norek":norek, "nopin":nopin, "custname":custname, "pemohon":pemohon, "branchid":branchid, ... ])): Send request successfully

2022-03-29 22:17:20 - [MESSAGE][INFO] - HAR: I:\app-testing\app-project\Order car insurance\order-car-insurance\Reports\20220329_215823\3. Get feedback insurance - Batch 1\20220329_215824\requests\main\533.har

2022-03-29 22:17:20 - [MESSAGE][PASSED] - Send request successfully

2022-03-29 22:17:20 - [TEST_STEP][PASSED] - response_feedback = feedback.getResponseText(): null

2022-03-29 22:17:20 - [TEST_STEP][PASSED] - markPassed("result feedback data : " + no + " norek : " + norek + " nopin : " + nopin): result feedback data : 276 norek : 9940012659 nopin : 001

2022-03-29 22:17:20 - [MESSAGE][PASSED] - result feedback data : 276 norek : 9940012659 nopin : 001

2022-03-29 22:17:20 - [TEST_STEP][PASSED] - logInfo($response_feedback): {
  "FeedbackCarInsuranceResponse" : {
    "errorCode" : "00",
    "errorMessage" : "Sukses"
  }
}

2022-03-29 22:17:20 - [MESSAGE][INFO] - {
  "FeedbackCarInsuranceResponse" : {
    "errorCode" : "00",
    "errorMessage" : "Sukses"
  }
}

2022-03-29 22:17:20 - [TEST_STEP][PASSED] - verifyElementPropertyValue(feedback, "FeedbackCarInsuranceResponse.errorMessage", "Sukses", CONTINUE_ON_FAILURE): Verify element property value successfully

2022-03-29 22:17:20 - [MESSAGE][PASSED] - Verify element property value successfully]]></system-out>
         <system-err><![CDATA[]]></system-err>
      </testcase>
      <testcase name="Test Cases/3. get token - feedback insurance" time="0.949" classname="Test Cases/3. get token - feedback insurance" status="PASSED">
         <system-out><![CDATA[2022-03-29 22:17:20 - [TEST_CASE][PASSED] - Test Cases/3. get token - feedback insurance: Test Cases/3. get token - feedback insurance

2022-03-29 22:17:20 - [TEST_STEP][PASSED] - token = sendRequest(findTestObject("1. Get-Token")): Send request successfully

2022-03-29 22:17:20 - [MESSAGE][INFO] - HAR: I:\app-testing\app-project\Order car insurance\order-car-insurance\Reports\20220329_215823\3. Get feedback insurance - Batch 1\20220329_215824\requests\main\534.har

2022-03-29 22:17:20 - [MESSAGE][PASSED] - Send request successfully

2022-03-29 22:17:20 - [TEST_STEP][PASSED] - slurper = new groovy.json.JsonSlurper(): null

2022-03-29 22:17:20 - [TEST_STEP][PASSED] - get_token = slurper.parseText(token.getResponseBodyContent()): null

2022-03-29 22:17:20 - [TEST_STEP][PASSED] - private_token = access_token: null

2022-03-29 22:17:20 - [TEST_STEP][PASSED] - global_token = private_token: null

2022-03-29 22:17:20 - [TEST_STEP][PASSED] - println("token is :" + global_token): null

2022-03-29 22:17:20 - [TEST_STEP][PASSED] - response_token = token.getResponseText(): null

2022-03-29 22:17:20 - [TEST_STEP][PASSED] - logInfo($response_token): 
            {
                "token_type": "BearerToken",
                "access_token": "ZKdxOgFmVkuaTClcVfHhoxb2qHi7",
                "expires_in": "1799",
                "scope": ""
            }
        

2022-03-29 22:17:20 - [MESSAGE][INFO] - 
            {
                "token_type": "BearerToken",
                "access_token": "ZKdxOgFmVkuaTClcVfHhoxb2qHi7",
                "expires_in": "1799",
                "scope": ""
            }
        

2022-03-29 22:17:20 - [TEST_STEP][PASSED] - feedback = sendRequest(findTestObject("4. Feedback-ins", ["s_key":global_token, "batchid":batchid, "norek":norek, "nopin":nopin, "custname":custname, "pemohon":pemohon, "branchid":branchid, ... ])): Send request successfully

2022-03-29 22:17:21 - [MESSAGE][INFO] - HAR: I:\app-testing\app-project\Order car insurance\order-car-insurance\Reports\20220329_215823\3. Get feedback insurance - Batch 1\20220329_215824\requests\main\535.har

2022-03-29 22:17:21 - [MESSAGE][PASSED] - Send request successfully

2022-03-29 22:17:21 - [TEST_STEP][PASSED] - response_feedback = feedback.getResponseText(): null

2022-03-29 22:17:21 - [TEST_STEP][PASSED] - markPassed("result feedback data : " + no + " norek : " + norek + " nopin : " + nopin): result feedback data : 277 norek : 9940012659 nopin : 001

2022-03-29 22:17:21 - [MESSAGE][PASSED] - result feedback data : 277 norek : 9940012659 nopin : 001

2022-03-29 22:17:21 - [TEST_STEP][PASSED] - logInfo($response_feedback): {
  "FeedbackCarInsuranceResponse" : {
    "errorCode" : "00",
    "errorMessage" : "Sukses"
  }
}

2022-03-29 22:17:21 - [MESSAGE][INFO] - {
  "FeedbackCarInsuranceResponse" : {
    "errorCode" : "00",
    "errorMessage" : "Sukses"
  }
}

2022-03-29 22:17:21 - [TEST_STEP][PASSED] - verifyElementPropertyValue(feedback, "FeedbackCarInsuranceResponse.errorMessage", "Sukses", CONTINUE_ON_FAILURE): Verify element property value successfully

2022-03-29 22:17:21 - [MESSAGE][PASSED] - Verify element property value successfully]]></system-out>
         <system-err><![CDATA[]]></system-err>
      </testcase>
      <testcase name="Test Cases/3. get token - feedback insurance" time="0.891" classname="Test Cases/3. get token - feedback insurance" status="PASSED">
         <system-out><![CDATA[2022-03-29 22:17:22 - [TEST_CASE][PASSED] - Test Cases/3. get token - feedback insurance: Test Cases/3. get token - feedback insurance

2022-03-29 22:17:22 - [TEST_STEP][PASSED] - token = sendRequest(findTestObject("1. Get-Token")): Send request successfully

2022-03-29 22:17:22 - [MESSAGE][INFO] - HAR: I:\app-testing\app-project\Order car insurance\order-car-insurance\Reports\20220329_215823\3. Get feedback insurance - Batch 1\20220329_215824\requests\main\536.har

2022-03-29 22:17:22 - [MESSAGE][PASSED] - Send request successfully

2022-03-29 22:17:22 - [TEST_STEP][PASSED] - slurper = new groovy.json.JsonSlurper(): null

2022-03-29 22:17:22 - [TEST_STEP][PASSED] - get_token = slurper.parseText(token.getResponseBodyContent()): null

2022-03-29 22:17:22 - [TEST_STEP][PASSED] - private_token = access_token: null

2022-03-29 22:17:22 - [TEST_STEP][PASSED] - global_token = private_token: null

2022-03-29 22:17:22 - [TEST_STEP][PASSED] - println("token is :" + global_token): null

2022-03-29 22:17:22 - [TEST_STEP][PASSED] - response_token = token.getResponseText(): null

2022-03-29 22:17:22 - [TEST_STEP][PASSED] - logInfo($response_token): 
            {
                "token_type": "BearerToken",
                "access_token": "OTGTmS1bVWDQ8C4b5r63HzGyWKrv",
                "expires_in": "1799",
                "scope": ""
            }
        

2022-03-29 22:17:22 - [MESSAGE][INFO] - 
            {
                "token_type": "BearerToken",
                "access_token": "OTGTmS1bVWDQ8C4b5r63HzGyWKrv",
                "expires_in": "1799",
                "scope": ""
            }
        

2022-03-29 22:17:22 - [TEST_STEP][PASSED] - feedback = sendRequest(findTestObject("4. Feedback-ins", ["s_key":global_token, "batchid":batchid, "norek":norek, "nopin":nopin, "custname":custname, "pemohon":pemohon, "branchid":branchid, ... ])): Send request successfully

2022-03-29 22:17:23 - [MESSAGE][INFO] - HAR: I:\app-testing\app-project\Order car insurance\order-car-insurance\Reports\20220329_215823\3. Get feedback insurance - Batch 1\20220329_215824\requests\main\537.har

2022-03-29 22:17:23 - [MESSAGE][PASSED] - Send request successfully

2022-03-29 22:17:23 - [TEST_STEP][PASSED] - response_feedback = feedback.getResponseText(): null

2022-03-29 22:17:23 - [TEST_STEP][PASSED] - markPassed("result feedback data : " + no + " norek : " + norek + " nopin : " + nopin): result feedback data : 278 norek : 9940012659 nopin : 001

2022-03-29 22:17:23 - [MESSAGE][PASSED] - result feedback data : 278 norek : 9940012659 nopin : 001

2022-03-29 22:17:23 - [TEST_STEP][PASSED] - logInfo($response_feedback): {
  "FeedbackCarInsuranceResponse" : {
    "errorCode" : "00",
    "errorMessage" : "Sukses"
  }
}

2022-03-29 22:17:23 - [MESSAGE][INFO] - {
  "FeedbackCarInsuranceResponse" : {
    "errorCode" : "00",
    "errorMessage" : "Sukses"
  }
}

2022-03-29 22:17:23 - [TEST_STEP][PASSED] - verifyElementPropertyValue(feedback, "FeedbackCarInsuranceResponse.errorMessage", "Sukses", CONTINUE_ON_FAILURE): Verify element property value successfully

2022-03-29 22:17:23 - [MESSAGE][PASSED] - Verify element property value successfully]]></system-out>
         <system-err><![CDATA[]]></system-err>
      </testcase>
      <testcase name="Test Cases/3. get token - feedback insurance" time="0.957" classname="Test Cases/3. get token - feedback insurance" status="PASSED">
         <system-out><![CDATA[2022-03-29 22:17:23 - [TEST_CASE][PASSED] - Test Cases/3. get token - feedback insurance: Test Cases/3. get token - feedback insurance

2022-03-29 22:17:23 - [TEST_STEP][PASSED] - token = sendRequest(findTestObject("1. Get-Token")): Send request successfully

2022-03-29 22:17:23 - [MESSAGE][INFO] - HAR: I:\app-testing\app-project\Order car insurance\order-car-insurance\Reports\20220329_215823\3. Get feedback insurance - Batch 1\20220329_215824\requests\main\538.har

2022-03-29 22:17:23 - [MESSAGE][PASSED] - Send request successfully

2022-03-29 22:17:23 - [TEST_STEP][PASSED] - slurper = new groovy.json.JsonSlurper(): null

2022-03-29 22:17:23 - [TEST_STEP][PASSED] - get_token = slurper.parseText(token.getResponseBodyContent()): null

2022-03-29 22:17:23 - [TEST_STEP][PASSED] - private_token = access_token: null

2022-03-29 22:17:23 - [TEST_STEP][PASSED] - global_token = private_token: null

2022-03-29 22:17:23 - [TEST_STEP][PASSED] - println("token is :" + global_token): null

2022-03-29 22:17:23 - [TEST_STEP][PASSED] - response_token = token.getResponseText(): null

2022-03-29 22:17:23 - [TEST_STEP][PASSED] - logInfo($response_token): 
            {
                "token_type": "BearerToken",
                "access_token": "47CnFCmCEqoclVDC9EMkAFVgYSsv",
                "expires_in": "1799",
                "scope": ""
            }
        

2022-03-29 22:17:23 - [MESSAGE][INFO] - 
            {
                "token_type": "BearerToken",
                "access_token": "47CnFCmCEqoclVDC9EMkAFVgYSsv",
                "expires_in": "1799",
                "scope": ""
            }
        

2022-03-29 22:17:23 - [TEST_STEP][PASSED] - feedback = sendRequest(findTestObject("4. Feedback-ins", ["s_key":global_token, "batchid":batchid, "norek":norek, "nopin":nopin, "custname":custname, "pemohon":pemohon, "branchid":branchid, ... ])): Send request successfully

2022-03-29 22:17:24 - [MESSAGE][INFO] - HAR: I:\app-testing\app-project\Order car insurance\order-car-insurance\Reports\20220329_215823\3. Get feedback insurance - Batch 1\20220329_215824\requests\main\539.har

2022-03-29 22:17:24 - [MESSAGE][PASSED] - Send request successfully

2022-03-29 22:17:24 - [TEST_STEP][PASSED] - response_feedback = feedback.getResponseText(): null

2022-03-29 22:17:24 - [TEST_STEP][PASSED] - markPassed("result feedback data : " + no + " norek : " + norek + " nopin : " + nopin): result feedback data : 279 norek : 9942006579 nopin : 001

2022-03-29 22:17:24 - [MESSAGE][PASSED] - result feedback data : 279 norek : 9942006579 nopin : 001

2022-03-29 22:17:24 - [TEST_STEP][PASSED] - logInfo($response_feedback): {
  "FeedbackCarInsuranceResponse" : {
    "errorCode" : "00",
    "errorMessage" : "Sukses"
  }
}

2022-03-29 22:17:24 - [MESSAGE][INFO] - {
  "FeedbackCarInsuranceResponse" : {
    "errorCode" : "00",
    "errorMessage" : "Sukses"
  }
}

2022-03-29 22:17:24 - [TEST_STEP][PASSED] - verifyElementPropertyValue(feedback, "FeedbackCarInsuranceResponse.errorMessage", "Sukses", CONTINUE_ON_FAILURE): Verify element property value successfully

2022-03-29 22:17:24 - [MESSAGE][PASSED] - Verify element property value successfully]]></system-out>
         <system-err><![CDATA[]]></system-err>
      </testcase>
      <testcase name="Test Cases/3. get token - feedback insurance" time="1.192" classname="Test Cases/3. get token - feedback insurance" status="PASSED">
         <system-out><![CDATA[2022-03-29 22:17:24 - [TEST_CASE][PASSED] - Test Cases/3. get token - feedback insurance: Test Cases/3. get token - feedback insurance

2022-03-29 22:17:24 - [TEST_STEP][PASSED] - token = sendRequest(findTestObject("1. Get-Token")): Send request successfully

2022-03-29 22:17:25 - [MESSAGE][INFO] - HAR: I:\app-testing\app-project\Order car insurance\order-car-insurance\Reports\20220329_215823\3. Get feedback insurance - Batch 1\20220329_215824\requests\main\540.har

2022-03-29 22:17:25 - [MESSAGE][PASSED] - Send request successfully

2022-03-29 22:17:25 - [TEST_STEP][PASSED] - slurper = new groovy.json.JsonSlurper(): null

2022-03-29 22:17:25 - [TEST_STEP][PASSED] - get_token = slurper.parseText(token.getResponseBodyContent()): null

2022-03-29 22:17:25 - [TEST_STEP][PASSED] - private_token = access_token: null

2022-03-29 22:17:25 - [TEST_STEP][PASSED] - global_token = private_token: null

2022-03-29 22:17:25 - [TEST_STEP][PASSED] - println("token is :" + global_token): null

2022-03-29 22:17:25 - [TEST_STEP][PASSED] - response_token = token.getResponseText(): null

2022-03-29 22:17:25 - [TEST_STEP][PASSED] - logInfo($response_token): 
            {
                "token_type": "BearerToken",
                "access_token": "UBehuTJALAtGAeEpYj4yMKOlS5PA",
                "expires_in": "1799",
                "scope": ""
            }
        

2022-03-29 22:17:25 - [MESSAGE][INFO] - 
            {
                "token_type": "BearerToken",
                "access_token": "UBehuTJALAtGAeEpYj4yMKOlS5PA",
                "expires_in": "1799",
                "scope": ""
            }
        

2022-03-29 22:17:25 - [TEST_STEP][PASSED] - feedback = sendRequest(findTestObject("4. Feedback-ins", ["s_key":global_token, "batchid":batchid, "norek":norek, "nopin":nopin, "custname":custname, "pemohon":pemohon, "branchid":branchid, ... ])): Send request successfully

2022-03-29 22:17:25 - [MESSAGE][INFO] - HAR: I:\app-testing\app-project\Order car insurance\order-car-insurance\Reports\20220329_215823\3. Get feedback insurance - Batch 1\20220329_215824\requests\main\541.har

2022-03-29 22:17:25 - [MESSAGE][PASSED] - Send request successfully

2022-03-29 22:17:25 - [TEST_STEP][PASSED] - response_feedback = feedback.getResponseText(): null

2022-03-29 22:17:25 - [TEST_STEP][PASSED] - markPassed("result feedback data : " + no + " norek : " + norek + " nopin : " + nopin): result feedback data : 280 norek : 9942006580 nopin : 001

2022-03-29 22:17:25 - [MESSAGE][PASSED] - result feedback data : 280 norek : 9942006580 nopin : 001

2022-03-29 22:17:25 - [TEST_STEP][PASSED] - logInfo($response_feedback): {
  "FeedbackCarInsuranceResponse" : {
    "errorCode" : "00",
    "errorMessage" : "Sukses"
  }
}

2022-03-29 22:17:25 - [MESSAGE][INFO] - {
  "FeedbackCarInsuranceResponse" : {
    "errorCode" : "00",
    "errorMessage" : "Sukses"
  }
}

2022-03-29 22:17:25 - [TEST_STEP][PASSED] - verifyElementPropertyValue(feedback, "FeedbackCarInsuranceResponse.errorMessage", "Sukses", CONTINUE_ON_FAILURE): Verify element property value successfully

2022-03-29 22:17:25 - [MESSAGE][PASSED] - Verify element property value successfully]]></system-out>
         <system-err><![CDATA[]]></system-err>
      </testcase>
      <testcase name="Test Cases/3. get token - feedback insurance" time="1.026" classname="Test Cases/3. get token - feedback insurance" status="PASSED">
         <system-out><![CDATA[2022-03-29 22:17:26 - [TEST_CASE][PASSED] - Test Cases/3. get token - feedback insurance: Test Cases/3. get token - feedback insurance

2022-03-29 22:17:26 - [TEST_STEP][PASSED] - token = sendRequest(findTestObject("1. Get-Token")): Send request successfully

2022-03-29 22:17:26 - [MESSAGE][INFO] - HAR: I:\app-testing\app-project\Order car insurance\order-car-insurance\Reports\20220329_215823\3. Get feedback insurance - Batch 1\20220329_215824\requests\main\542.har

2022-03-29 22:17:26 - [MESSAGE][PASSED] - Send request successfully

2022-03-29 22:17:26 - [TEST_STEP][PASSED] - slurper = new groovy.json.JsonSlurper(): null

2022-03-29 22:17:26 - [TEST_STEP][PASSED] - get_token = slurper.parseText(token.getResponseBodyContent()): null

2022-03-29 22:17:26 - [TEST_STEP][PASSED] - private_token = access_token: null

2022-03-29 22:17:26 - [TEST_STEP][PASSED] - global_token = private_token: null

2022-03-29 22:17:26 - [TEST_STEP][PASSED] - println("token is :" + global_token): null

2022-03-29 22:17:26 - [TEST_STEP][PASSED] - response_token = token.getResponseText(): null

2022-03-29 22:17:26 - [TEST_STEP][PASSED] - logInfo($response_token): 
            {
                "token_type": "BearerToken",
                "access_token": "zasVeGIFOBoAjArqTTA2GAwceEsE",
                "expires_in": "1799",
                "scope": ""
            }
        

2022-03-29 22:17:26 - [MESSAGE][INFO] - 
            {
                "token_type": "BearerToken",
                "access_token": "zasVeGIFOBoAjArqTTA2GAwceEsE",
                "expires_in": "1799",
                "scope": ""
            }
        

2022-03-29 22:17:26 - [TEST_STEP][PASSED] - feedback = sendRequest(findTestObject("4. Feedback-ins", ["s_key":global_token, "batchid":batchid, "norek":norek, "nopin":nopin, "custname":custname, "pemohon":pemohon, "branchid":branchid, ... ])): Send request successfully

2022-03-29 22:17:27 - [MESSAGE][INFO] - HAR: I:\app-testing\app-project\Order car insurance\order-car-insurance\Reports\20220329_215823\3. Get feedback insurance - Batch 1\20220329_215824\requests\main\543.har

2022-03-29 22:17:27 - [MESSAGE][PASSED] - Send request successfully

2022-03-29 22:17:27 - [TEST_STEP][PASSED] - response_feedback = feedback.getResponseText(): null

2022-03-29 22:17:27 - [TEST_STEP][PASSED] - markPassed("result feedback data : " + no + " norek : " + norek + " nopin : " + nopin): result feedback data : 281 norek : 9942006580 nopin : 001

2022-03-29 22:17:27 - [MESSAGE][PASSED] - result feedback data : 281 norek : 9942006580 nopin : 001

2022-03-29 22:17:27 - [TEST_STEP][PASSED] - logInfo($response_feedback): {
  "FeedbackCarInsuranceResponse" : {
    "errorCode" : "00",
    "errorMessage" : "Sukses"
  }
}

2022-03-29 22:17:27 - [MESSAGE][INFO] - {
  "FeedbackCarInsuranceResponse" : {
    "errorCode" : "00",
    "errorMessage" : "Sukses"
  }
}

2022-03-29 22:17:27 - [TEST_STEP][PASSED] - verifyElementPropertyValue(feedback, "FeedbackCarInsuranceResponse.errorMessage", "Sukses", CONTINUE_ON_FAILURE): Verify element property value successfully

2022-03-29 22:17:27 - [MESSAGE][PASSED] - Verify element property value successfully]]></system-out>
         <system-err><![CDATA[]]></system-err>
      </testcase>
      <testcase name="Test Cases/3. get token - feedback insurance" time="1.062" classname="Test Cases/3. get token - feedback insurance" status="PASSED">
         <system-out><![CDATA[2022-03-29 22:17:27 - [TEST_CASE][PASSED] - Test Cases/3. get token - feedback insurance: Test Cases/3. get token - feedback insurance

2022-03-29 22:17:27 - [TEST_STEP][PASSED] - token = sendRequest(findTestObject("1. Get-Token")): Send request successfully

2022-03-29 22:17:28 - [MESSAGE][INFO] - HAR: I:\app-testing\app-project\Order car insurance\order-car-insurance\Reports\20220329_215823\3. Get feedback insurance - Batch 1\20220329_215824\requests\main\544.har

2022-03-29 22:17:28 - [MESSAGE][PASSED] - Send request successfully

2022-03-29 22:17:28 - [TEST_STEP][PASSED] - slurper = new groovy.json.JsonSlurper(): null

2022-03-29 22:17:28 - [TEST_STEP][PASSED] - get_token = slurper.parseText(token.getResponseBodyContent()): null

2022-03-29 22:17:28 - [TEST_STEP][PASSED] - private_token = access_token: null

2022-03-29 22:17:28 - [TEST_STEP][PASSED] - global_token = private_token: null

2022-03-29 22:17:28 - [TEST_STEP][PASSED] - println("token is :" + global_token): null

2022-03-29 22:17:28 - [TEST_STEP][PASSED] - response_token = token.getResponseText(): null

2022-03-29 22:17:28 - [TEST_STEP][PASSED] - logInfo($response_token): 
            {
                "token_type": "BearerToken",
                "access_token": "T5xJPtpyHJmAGE7Zwod8e2K9ixE9",
                "expires_in": "1799",
                "scope": ""
            }
        

2022-03-29 22:17:28 - [MESSAGE][INFO] - 
            {
                "token_type": "BearerToken",
                "access_token": "T5xJPtpyHJmAGE7Zwod8e2K9ixE9",
                "expires_in": "1799",
                "scope": ""
            }
        

2022-03-29 22:17:28 - [TEST_STEP][PASSED] - feedback = sendRequest(findTestObject("4. Feedback-ins", ["s_key":global_token, "batchid":batchid, "norek":norek, "nopin":nopin, "custname":custname, "pemohon":pemohon, "branchid":branchid, ... ])): Send request successfully

2022-03-29 22:17:28 - [MESSAGE][INFO] - HAR: I:\app-testing\app-project\Order car insurance\order-car-insurance\Reports\20220329_215823\3. Get feedback insurance - Batch 1\20220329_215824\requests\main\545.har

2022-03-29 22:17:28 - [MESSAGE][PASSED] - Send request successfully

2022-03-29 22:17:28 - [TEST_STEP][PASSED] - response_feedback = feedback.getResponseText(): null

2022-03-29 22:17:28 - [TEST_STEP][PASSED] - markPassed("result feedback data : " + no + " norek : " + norek + " nopin : " + nopin): result feedback data : 282 norek : 9942006580 nopin : 001

2022-03-29 22:17:28 - [MESSAGE][PASSED] - result feedback data : 282 norek : 9942006580 nopin : 001

2022-03-29 22:17:28 - [TEST_STEP][PASSED] - logInfo($response_feedback): {
  "FeedbackCarInsuranceResponse" : {
    "errorCode" : "00",
    "errorMessage" : "Sukses"
  }
}

2022-03-29 22:17:28 - [MESSAGE][INFO] - {
  "FeedbackCarInsuranceResponse" : {
    "errorCode" : "00",
    "errorMessage" : "Sukses"
  }
}

2022-03-29 22:17:28 - [TEST_STEP][PASSED] - verifyElementPropertyValue(feedback, "FeedbackCarInsuranceResponse.errorMessage", "Sukses", CONTINUE_ON_FAILURE): Verify element property value successfully

2022-03-29 22:17:28 - [MESSAGE][PASSED] - Verify element property value successfully]]></system-out>
         <system-err><![CDATA[]]></system-err>
      </testcase>
      <testcase name="Test Cases/3. get token - feedback insurance" time="0.997" classname="Test Cases/3. get token - feedback insurance" status="PASSED">
         <system-out><![CDATA[2022-03-29 22:17:29 - [TEST_CASE][PASSED] - Test Cases/3. get token - feedback insurance: Test Cases/3. get token - feedback insurance

2022-03-29 22:17:29 - [TEST_STEP][PASSED] - token = sendRequest(findTestObject("1. Get-Token")): Send request successfully

2022-03-29 22:17:29 - [MESSAGE][INFO] - HAR: I:\app-testing\app-project\Order car insurance\order-car-insurance\Reports\20220329_215823\3. Get feedback insurance - Batch 1\20220329_215824\requests\main\546.har

2022-03-29 22:17:29 - [MESSAGE][PASSED] - Send request successfully

2022-03-29 22:17:29 - [TEST_STEP][PASSED] - slurper = new groovy.json.JsonSlurper(): null

2022-03-29 22:17:29 - [TEST_STEP][PASSED] - get_token = slurper.parseText(token.getResponseBodyContent()): null

2022-03-29 22:17:29 - [TEST_STEP][PASSED] - private_token = access_token: null

2022-03-29 22:17:29 - [TEST_STEP][PASSED] - global_token = private_token: null

2022-03-29 22:17:29 - [TEST_STEP][PASSED] - println("token is :" + global_token): null

2022-03-29 22:17:29 - [TEST_STEP][PASSED] - response_token = token.getResponseText(): null

2022-03-29 22:17:29 - [TEST_STEP][PASSED] - logInfo($response_token): 
            {
                "token_type": "BearerToken",
                "access_token": "nytXSPibR2EvqAKTEYIF5MTEqjQL",
                "expires_in": "1799",
                "scope": ""
            }
        

2022-03-29 22:17:29 - [MESSAGE][INFO] - 
            {
                "token_type": "BearerToken",
                "access_token": "nytXSPibR2EvqAKTEYIF5MTEqjQL",
                "expires_in": "1799",
                "scope": ""
            }
        

2022-03-29 22:17:29 - [TEST_STEP][PASSED] - feedback = sendRequest(findTestObject("4. Feedback-ins", ["s_key":global_token, "batchid":batchid, "norek":norek, "nopin":nopin, "custname":custname, "pemohon":pemohon, "branchid":branchid, ... ])): Send request successfully

2022-03-29 22:17:30 - [MESSAGE][INFO] - HAR: I:\app-testing\app-project\Order car insurance\order-car-insurance\Reports\20220329_215823\3. Get feedback insurance - Batch 1\20220329_215824\requests\main\547.har

2022-03-29 22:17:30 - [MESSAGE][PASSED] - Send request successfully

2022-03-29 22:17:30 - [TEST_STEP][PASSED] - response_feedback = feedback.getResponseText(): null

2022-03-29 22:17:30 - [TEST_STEP][PASSED] - markPassed("result feedback data : " + no + " norek : " + norek + " nopin : " + nopin): result feedback data : 283 norek : 9942006580 nopin : 001

2022-03-29 22:17:30 - [MESSAGE][PASSED] - result feedback data : 283 norek : 9942006580 nopin : 001

2022-03-29 22:17:30 - [TEST_STEP][PASSED] - logInfo($response_feedback): {
  "FeedbackCarInsuranceResponse" : {
    "errorCode" : "00",
    "errorMessage" : "Sukses"
  }
}

2022-03-29 22:17:30 - [MESSAGE][INFO] - {
  "FeedbackCarInsuranceResponse" : {
    "errorCode" : "00",
    "errorMessage" : "Sukses"
  }
}

2022-03-29 22:17:30 - [TEST_STEP][PASSED] - verifyElementPropertyValue(feedback, "FeedbackCarInsuranceResponse.errorMessage", "Sukses", CONTINUE_ON_FAILURE): Verify element property value successfully

2022-03-29 22:17:30 - [MESSAGE][PASSED] - Verify element property value successfully]]></system-out>
         <system-err><![CDATA[]]></system-err>
      </testcase>
      <testcase name="Test Cases/3. get token - feedback insurance" time="0.899" classname="Test Cases/3. get token - feedback insurance" status="PASSED">
         <system-out><![CDATA[2022-03-29 22:17:30 - [TEST_CASE][PASSED] - Test Cases/3. get token - feedback insurance: Test Cases/3. get token - feedback insurance

2022-03-29 22:17:30 - [TEST_STEP][PASSED] - token = sendRequest(findTestObject("1. Get-Token")): Send request successfully

2022-03-29 22:17:30 - [MESSAGE][INFO] - HAR: I:\app-testing\app-project\Order car insurance\order-car-insurance\Reports\20220329_215823\3. Get feedback insurance - Batch 1\20220329_215824\requests\main\548.har

2022-03-29 22:17:30 - [MESSAGE][PASSED] - Send request successfully

2022-03-29 22:17:30 - [TEST_STEP][PASSED] - slurper = new groovy.json.JsonSlurper(): null

2022-03-29 22:17:30 - [TEST_STEP][PASSED] - get_token = slurper.parseText(token.getResponseBodyContent()): null

2022-03-29 22:17:30 - [TEST_STEP][PASSED] - private_token = access_token: null

2022-03-29 22:17:30 - [TEST_STEP][PASSED] - global_token = private_token: null

2022-03-29 22:17:30 - [TEST_STEP][PASSED] - println("token is :" + global_token): null

2022-03-29 22:17:30 - [TEST_STEP][PASSED] - response_token = token.getResponseText(): null

2022-03-29 22:17:30 - [TEST_STEP][PASSED] - logInfo($response_token): 
            {
                "token_type": "BearerToken",
                "access_token": "CBJ2BvBFlWDppYsuoWNbmBGA62dn",
                "expires_in": "1799",
                "scope": ""
            }
        

2022-03-29 22:17:30 - [MESSAGE][INFO] - 
            {
                "token_type": "BearerToken",
                "access_token": "CBJ2BvBFlWDppYsuoWNbmBGA62dn",
                "expires_in": "1799",
                "scope": ""
            }
        

2022-03-29 22:17:30 - [TEST_STEP][PASSED] - feedback = sendRequest(findTestObject("4. Feedback-ins", ["s_key":global_token, "batchid":batchid, "norek":norek, "nopin":nopin, "custname":custname, "pemohon":pemohon, "branchid":branchid, ... ])): Send request successfully

2022-03-29 22:17:31 - [MESSAGE][INFO] - HAR: I:\app-testing\app-project\Order car insurance\order-car-insurance\Reports\20220329_215823\3. Get feedback insurance - Batch 1\20220329_215824\requests\main\549.har

2022-03-29 22:17:31 - [MESSAGE][PASSED] - Send request successfully

2022-03-29 22:17:31 - [TEST_STEP][PASSED] - response_feedback = feedback.getResponseText(): null

2022-03-29 22:17:31 - [TEST_STEP][PASSED] - markPassed("result feedback data : " + no + " norek : " + norek + " nopin : " + nopin): result feedback data : 284 norek : 9942006580 nopin : 001

2022-03-29 22:17:31 - [MESSAGE][PASSED] - result feedback data : 284 norek : 9942006580 nopin : 001

2022-03-29 22:17:31 - [TEST_STEP][PASSED] - logInfo($response_feedback): {
  "FeedbackCarInsuranceResponse" : {
    "errorCode" : "00",
    "errorMessage" : "Sukses"
  }
}

2022-03-29 22:17:31 - [MESSAGE][INFO] - {
  "FeedbackCarInsuranceResponse" : {
    "errorCode" : "00",
    "errorMessage" : "Sukses"
  }
}

2022-03-29 22:17:31 - [TEST_STEP][PASSED] - verifyElementPropertyValue(feedback, "FeedbackCarInsuranceResponse.errorMessage", "Sukses", CONTINUE_ON_FAILURE): Verify element property value successfully

2022-03-29 22:17:31 - [MESSAGE][PASSED] - Verify element property value successfully]]></system-out>
         <system-err><![CDATA[]]></system-err>
      </testcase>
      <testcase name="Test Cases/3. get token - feedback insurance" time="0.991" classname="Test Cases/3. get token - feedback insurance" status="PASSED">
         <system-out><![CDATA[2022-03-29 22:17:31 - [TEST_CASE][PASSED] - Test Cases/3. get token - feedback insurance: Test Cases/3. get token - feedback insurance

2022-03-29 22:17:32 - [TEST_STEP][PASSED] - token = sendRequest(findTestObject("1. Get-Token")): Send request successfully

2022-03-29 22:17:32 - [MESSAGE][INFO] - HAR: I:\app-testing\app-project\Order car insurance\order-car-insurance\Reports\20220329_215823\3. Get feedback insurance - Batch 1\20220329_215824\requests\main\550.har

2022-03-29 22:17:32 - [MESSAGE][PASSED] - Send request successfully

2022-03-29 22:17:32 - [TEST_STEP][PASSED] - slurper = new groovy.json.JsonSlurper(): null

2022-03-29 22:17:32 - [TEST_STEP][PASSED] - get_token = slurper.parseText(token.getResponseBodyContent()): null

2022-03-29 22:17:32 - [TEST_STEP][PASSED] - private_token = access_token: null

2022-03-29 22:17:32 - [TEST_STEP][PASSED] - global_token = private_token: null

2022-03-29 22:17:32 - [TEST_STEP][PASSED] - println("token is :" + global_token): null

2022-03-29 22:17:32 - [TEST_STEP][PASSED] - response_token = token.getResponseText(): null

2022-03-29 22:17:32 - [TEST_STEP][PASSED] - logInfo($response_token): 
            {
                "token_type": "BearerToken",
                "access_token": "xhFgrfTemZumpfEYsFvbpgMGTvJ2",
                "expires_in": "1799",
                "scope": ""
            }
        

2022-03-29 22:17:32 - [MESSAGE][INFO] - 
            {
                "token_type": "BearerToken",
                "access_token": "xhFgrfTemZumpfEYsFvbpgMGTvJ2",
                "expires_in": "1799",
                "scope": ""
            }
        

2022-03-29 22:17:32 - [TEST_STEP][PASSED] - feedback = sendRequest(findTestObject("4. Feedback-ins", ["s_key":global_token, "batchid":batchid, "norek":norek, "nopin":nopin, "custname":custname, "pemohon":pemohon, "branchid":branchid, ... ])): Send request successfully

2022-03-29 22:17:32 - [MESSAGE][INFO] - HAR: I:\app-testing\app-project\Order car insurance\order-car-insurance\Reports\20220329_215823\3. Get feedback insurance - Batch 1\20220329_215824\requests\main\551.har

2022-03-29 22:17:32 - [MESSAGE][PASSED] - Send request successfully

2022-03-29 22:17:32 - [TEST_STEP][PASSED] - response_feedback = feedback.getResponseText(): null

2022-03-29 22:17:32 - [TEST_STEP][PASSED] - markPassed("result feedback data : " + no + " norek : " + norek + " nopin : " + nopin): result feedback data : 285 norek : 9942006581 nopin : 001

2022-03-29 22:17:32 - [MESSAGE][PASSED] - result feedback data : 285 norek : 9942006581 nopin : 001

2022-03-29 22:17:32 - [TEST_STEP][PASSED] - logInfo($response_feedback): {
  "FeedbackCarInsuranceResponse" : {
    "errorCode" : "00",
    "errorMessage" : "Sukses"
  }
}

2022-03-29 22:17:32 - [MESSAGE][INFO] - {
  "FeedbackCarInsuranceResponse" : {
    "errorCode" : "00",
    "errorMessage" : "Sukses"
  }
}

2022-03-29 22:17:32 - [TEST_STEP][PASSED] - verifyElementPropertyValue(feedback, "FeedbackCarInsuranceResponse.errorMessage", "Sukses", CONTINUE_ON_FAILURE): Verify element property value successfully

2022-03-29 22:17:32 - [MESSAGE][PASSED] - Verify element property value successfully]]></system-out>
         <system-err><![CDATA[]]></system-err>
      </testcase>
      <testcase name="Test Cases/3. get token - feedback insurance" time="1.1" classname="Test Cases/3. get token - feedback insurance" status="PASSED">
         <system-out><![CDATA[2022-03-29 22:17:33 - [TEST_CASE][PASSED] - Test Cases/3. get token - feedback insurance: Test Cases/3. get token - feedback insurance

2022-03-29 22:17:33 - [TEST_STEP][PASSED] - token = sendRequest(findTestObject("1. Get-Token")): Send request successfully

2022-03-29 22:17:33 - [MESSAGE][INFO] - HAR: I:\app-testing\app-project\Order car insurance\order-car-insurance\Reports\20220329_215823\3. Get feedback insurance - Batch 1\20220329_215824\requests\main\552.har

2022-03-29 22:17:33 - [MESSAGE][PASSED] - Send request successfully

2022-03-29 22:17:33 - [TEST_STEP][PASSED] - slurper = new groovy.json.JsonSlurper(): null

2022-03-29 22:17:33 - [TEST_STEP][PASSED] - get_token = slurper.parseText(token.getResponseBodyContent()): null

2022-03-29 22:17:33 - [TEST_STEP][PASSED] - private_token = access_token: null

2022-03-29 22:17:33 - [TEST_STEP][PASSED] - global_token = private_token: null

2022-03-29 22:17:33 - [TEST_STEP][PASSED] - println("token is :" + global_token): null

2022-03-29 22:17:33 - [TEST_STEP][PASSED] - response_token = token.getResponseText(): null

2022-03-29 22:17:33 - [TEST_STEP][PASSED] - logInfo($response_token): 
            {
                "token_type": "BearerToken",
                "access_token": "rXG2JnU4eQ7uR80HqBvvJiCbprwv",
                "expires_in": "1799",
                "scope": ""
            }
        

2022-03-29 22:17:33 - [MESSAGE][INFO] - 
            {
                "token_type": "BearerToken",
                "access_token": "rXG2JnU4eQ7uR80HqBvvJiCbprwv",
                "expires_in": "1799",
                "scope": ""
            }
        

2022-03-29 22:17:33 - [TEST_STEP][PASSED] - feedback = sendRequest(findTestObject("4. Feedback-ins", ["s_key":global_token, "batchid":batchid, "norek":norek, "nopin":nopin, "custname":custname, "pemohon":pemohon, "branchid":branchid, ... ])): Send request successfully

2022-03-29 22:17:34 - [MESSAGE][INFO] - HAR: I:\app-testing\app-project\Order car insurance\order-car-insurance\Reports\20220329_215823\3. Get feedback insurance - Batch 1\20220329_215824\requests\main\553.har

2022-03-29 22:17:34 - [MESSAGE][PASSED] - Send request successfully

2022-03-29 22:17:34 - [TEST_STEP][PASSED] - response_feedback = feedback.getResponseText(): null

2022-03-29 22:17:34 - [TEST_STEP][PASSED] - markPassed("result feedback data : " + no + " norek : " + norek + " nopin : " + nopin): result feedback data : 286 norek : 9942006581 nopin : 001

2022-03-29 22:17:34 - [MESSAGE][PASSED] - result feedback data : 286 norek : 9942006581 nopin : 001

2022-03-29 22:17:34 - [TEST_STEP][PASSED] - logInfo($response_feedback): {
  "FeedbackCarInsuranceResponse" : {
    "errorCode" : "00",
    "errorMessage" : "Sukses"
  }
}

2022-03-29 22:17:34 - [MESSAGE][INFO] - {
  "FeedbackCarInsuranceResponse" : {
    "errorCode" : "00",
    "errorMessage" : "Sukses"
  }
}

2022-03-29 22:17:34 - [TEST_STEP][PASSED] - verifyElementPropertyValue(feedback, "FeedbackCarInsuranceResponse.errorMessage", "Sukses", CONTINUE_ON_FAILURE): Verify element property value successfully

2022-03-29 22:17:34 - [MESSAGE][PASSED] - Verify element property value successfully]]></system-out>
         <system-err><![CDATA[]]></system-err>
      </testcase>
      <testcase name="Test Cases/3. get token - feedback insurance" time="0.934" classname="Test Cases/3. get token - feedback insurance" status="PASSED">
         <system-out><![CDATA[2022-03-29 22:17:34 - [TEST_CASE][PASSED] - Test Cases/3. get token - feedback insurance: Test Cases/3. get token - feedback insurance

2022-03-29 22:17:34 - [TEST_STEP][PASSED] - token = sendRequest(findTestObject("1. Get-Token")): Send request successfully

2022-03-29 22:17:35 - [MESSAGE][INFO] - HAR: I:\app-testing\app-project\Order car insurance\order-car-insurance\Reports\20220329_215823\3. Get feedback insurance - Batch 1\20220329_215824\requests\main\554.har

2022-03-29 22:17:35 - [MESSAGE][PASSED] - Send request successfully

2022-03-29 22:17:35 - [TEST_STEP][PASSED] - slurper = new groovy.json.JsonSlurper(): null

2022-03-29 22:17:35 - [TEST_STEP][PASSED] - get_token = slurper.parseText(token.getResponseBodyContent()): null

2022-03-29 22:17:35 - [TEST_STEP][PASSED] - private_token = access_token: null

2022-03-29 22:17:35 - [TEST_STEP][PASSED] - global_token = private_token: null

2022-03-29 22:17:35 - [TEST_STEP][PASSED] - println("token is :" + global_token): null

2022-03-29 22:17:35 - [TEST_STEP][PASSED] - response_token = token.getResponseText(): null

2022-03-29 22:17:35 - [TEST_STEP][PASSED] - logInfo($response_token): 
            {
                "token_type": "BearerToken",
                "access_token": "TizOH6qI6TS7P9p7xkuB7WLJ65ft",
                "expires_in": "1799",
                "scope": ""
            }
        

2022-03-29 22:17:35 - [MESSAGE][INFO] - 
            {
                "token_type": "BearerToken",
                "access_token": "TizOH6qI6TS7P9p7xkuB7WLJ65ft",
                "expires_in": "1799",
                "scope": ""
            }
        

2022-03-29 22:17:35 - [TEST_STEP][PASSED] - feedback = sendRequest(findTestObject("4. Feedback-ins", ["s_key":global_token, "batchid":batchid, "norek":norek, "nopin":nopin, "custname":custname, "pemohon":pemohon, "branchid":branchid, ... ])): Send request successfully

2022-03-29 22:17:35 - [MESSAGE][INFO] - HAR: I:\app-testing\app-project\Order car insurance\order-car-insurance\Reports\20220329_215823\3. Get feedback insurance - Batch 1\20220329_215824\requests\main\555.har

2022-03-29 22:17:35 - [MESSAGE][PASSED] - Send request successfully

2022-03-29 22:17:35 - [TEST_STEP][PASSED] - response_feedback = feedback.getResponseText(): null

2022-03-29 22:17:35 - [TEST_STEP][PASSED] - markPassed("result feedback data : " + no + " norek : " + norek + " nopin : " + nopin): result feedback data : 287 norek : 9942006581 nopin : 001

2022-03-29 22:17:35 - [MESSAGE][PASSED] - result feedback data : 287 norek : 9942006581 nopin : 001

2022-03-29 22:17:35 - [TEST_STEP][PASSED] - logInfo($response_feedback): {
  "FeedbackCarInsuranceResponse" : {
    "errorCode" : "00",
    "errorMessage" : "Sukses"
  }
}

2022-03-29 22:17:35 - [MESSAGE][INFO] - {
  "FeedbackCarInsuranceResponse" : {
    "errorCode" : "00",
    "errorMessage" : "Sukses"
  }
}

2022-03-29 22:17:35 - [TEST_STEP][PASSED] - verifyElementPropertyValue(feedback, "FeedbackCarInsuranceResponse.errorMessage", "Sukses", CONTINUE_ON_FAILURE): Verify element property value successfully

2022-03-29 22:17:35 - [MESSAGE][PASSED] - Verify element property value successfully]]></system-out>
         <system-err><![CDATA[]]></system-err>
      </testcase>
      <testcase name="Test Cases/3. get token - feedback insurance" time="0.959" classname="Test Cases/3. get token - feedback insurance" status="PASSED">
         <system-out><![CDATA[2022-03-29 22:17:36 - [TEST_CASE][PASSED] - Test Cases/3. get token - feedback insurance: Test Cases/3. get token - feedback insurance

2022-03-29 22:17:36 - [TEST_STEP][PASSED] - token = sendRequest(findTestObject("1. Get-Token")): Send request successfully

2022-03-29 22:17:36 - [MESSAGE][INFO] - HAR: I:\app-testing\app-project\Order car insurance\order-car-insurance\Reports\20220329_215823\3. Get feedback insurance - Batch 1\20220329_215824\requests\main\556.har

2022-03-29 22:17:36 - [MESSAGE][PASSED] - Send request successfully

2022-03-29 22:17:36 - [TEST_STEP][PASSED] - slurper = new groovy.json.JsonSlurper(): null

2022-03-29 22:17:36 - [TEST_STEP][PASSED] - get_token = slurper.parseText(token.getResponseBodyContent()): null

2022-03-29 22:17:36 - [TEST_STEP][PASSED] - private_token = access_token: null

2022-03-29 22:17:36 - [TEST_STEP][PASSED] - global_token = private_token: null

2022-03-29 22:17:36 - [TEST_STEP][PASSED] - println("token is :" + global_token): null

2022-03-29 22:17:36 - [TEST_STEP][PASSED] - response_token = token.getResponseText(): null

2022-03-29 22:17:36 - [TEST_STEP][PASSED] - logInfo($response_token): 
            {
                "token_type": "BearerToken",
                "access_token": "w5fMmvMGZjQwFBAuAVYZXOfQizu1",
                "expires_in": "1799",
                "scope": ""
            }
        

2022-03-29 22:17:36 - [MESSAGE][INFO] - 
            {
                "token_type": "BearerToken",
                "access_token": "w5fMmvMGZjQwFBAuAVYZXOfQizu1",
                "expires_in": "1799",
                "scope": ""
            }
        

2022-03-29 22:17:36 - [TEST_STEP][PASSED] - feedback = sendRequest(findTestObject("4. Feedback-ins", ["s_key":global_token, "batchid":batchid, "norek":norek, "nopin":nopin, "custname":custname, "pemohon":pemohon, "branchid":branchid, ... ])): Send request successfully

2022-03-29 22:17:37 - [MESSAGE][INFO] - HAR: I:\app-testing\app-project\Order car insurance\order-car-insurance\Reports\20220329_215823\3. Get feedback insurance - Batch 1\20220329_215824\requests\main\557.har

2022-03-29 22:17:37 - [MESSAGE][PASSED] - Send request successfully

2022-03-29 22:17:37 - [TEST_STEP][PASSED] - response_feedback = feedback.getResponseText(): null

2022-03-29 22:17:37 - [TEST_STEP][PASSED] - markPassed("result feedback data : " + no + " norek : " + norek + " nopin : " + nopin): result feedback data : 288 norek : 9942006581 nopin : 001

2022-03-29 22:17:37 - [MESSAGE][PASSED] - result feedback data : 288 norek : 9942006581 nopin : 001

2022-03-29 22:17:37 - [TEST_STEP][PASSED] - logInfo($response_feedback): {
  "FeedbackCarInsuranceResponse" : {
    "errorCode" : "00",
    "errorMessage" : "Sukses"
  }
}

2022-03-29 22:17:37 - [MESSAGE][INFO] - {
  "FeedbackCarInsuranceResponse" : {
    "errorCode" : "00",
    "errorMessage" : "Sukses"
  }
}

2022-03-29 22:17:37 - [TEST_STEP][PASSED] - verifyElementPropertyValue(feedback, "FeedbackCarInsuranceResponse.errorMessage", "Sukses", CONTINUE_ON_FAILURE): Verify element property value successfully

2022-03-29 22:17:37 - [MESSAGE][PASSED] - Verify element property value successfully]]></system-out>
         <system-err><![CDATA[]]></system-err>
      </testcase>
      <testcase name="Test Cases/3. get token - feedback insurance" time="1.097" classname="Test Cases/3. get token - feedback insurance" status="PASSED">
         <system-out><![CDATA[2022-03-29 22:17:37 - [TEST_CASE][PASSED] - Test Cases/3. get token - feedback insurance: Test Cases/3. get token - feedback insurance

2022-03-29 22:17:37 - [TEST_STEP][PASSED] - token = sendRequest(findTestObject("1. Get-Token")): Send request successfully

2022-03-29 22:17:37 - [MESSAGE][INFO] - HAR: I:\app-testing\app-project\Order car insurance\order-car-insurance\Reports\20220329_215823\3. Get feedback insurance - Batch 1\20220329_215824\requests\main\558.har

2022-03-29 22:17:37 - [MESSAGE][PASSED] - Send request successfully

2022-03-29 22:17:37 - [TEST_STEP][PASSED] - slurper = new groovy.json.JsonSlurper(): null

2022-03-29 22:17:37 - [TEST_STEP][PASSED] - get_token = slurper.parseText(token.getResponseBodyContent()): null

2022-03-29 22:17:37 - [TEST_STEP][PASSED] - private_token = access_token: null

2022-03-29 22:17:37 - [TEST_STEP][PASSED] - global_token = private_token: null

2022-03-29 22:17:37 - [TEST_STEP][PASSED] - println("token is :" + global_token): null

2022-03-29 22:17:37 - [TEST_STEP][PASSED] - response_token = token.getResponseText(): null

2022-03-29 22:17:37 - [TEST_STEP][PASSED] - logInfo($response_token): 
            {
                "token_type": "BearerToken",
                "access_token": "uN8wJr0cjJlUG6w11rGey7VG4Qfq",
                "expires_in": "1799",
                "scope": ""
            }
        

2022-03-29 22:17:37 - [MESSAGE][INFO] - 
            {
                "token_type": "BearerToken",
                "access_token": "uN8wJr0cjJlUG6w11rGey7VG4Qfq",
                "expires_in": "1799",
                "scope": ""
            }
        

2022-03-29 22:17:37 - [TEST_STEP][PASSED] - feedback = sendRequest(findTestObject("4. Feedback-ins", ["s_key":global_token, "batchid":batchid, "norek":norek, "nopin":nopin, "custname":custname, "pemohon":pemohon, "branchid":branchid, ... ])): Send request successfully

2022-03-29 22:17:38 - [MESSAGE][INFO] - HAR: I:\app-testing\app-project\Order car insurance\order-car-insurance\Reports\20220329_215823\3. Get feedback insurance - Batch 1\20220329_215824\requests\main\559.har

2022-03-29 22:17:38 - [MESSAGE][PASSED] - Send request successfully

2022-03-29 22:17:38 - [TEST_STEP][PASSED] - response_feedback = feedback.getResponseText(): null

2022-03-29 22:17:38 - [TEST_STEP][PASSED] - markPassed("result feedback data : " + no + " norek : " + norek + " nopin : " + nopin): result feedback data : 289 norek : 9942006583 nopin : 001

2022-03-29 22:17:38 - [MESSAGE][PASSED] - result feedback data : 289 norek : 9942006583 nopin : 001

2022-03-29 22:17:38 - [TEST_STEP][PASSED] - logInfo($response_feedback): {
  "FeedbackCarInsuranceResponse" : {
    "errorCode" : "00",
    "errorMessage" : "Sukses"
  }
}

2022-03-29 22:17:38 - [MESSAGE][INFO] - {
  "FeedbackCarInsuranceResponse" : {
    "errorCode" : "00",
    "errorMessage" : "Sukses"
  }
}

2022-03-29 22:17:38 - [TEST_STEP][PASSED] - verifyElementPropertyValue(feedback, "FeedbackCarInsuranceResponse.errorMessage", "Sukses", CONTINUE_ON_FAILURE): Verify element property value successfully

2022-03-29 22:17:38 - [MESSAGE][PASSED] - Verify element property value successfully]]></system-out>
         <system-err><![CDATA[]]></system-err>
      </testcase>
      <testcase name="Test Cases/3. get token - feedback insurance" time="1.03" classname="Test Cases/3. get token - feedback insurance" status="PASSED">
         <system-out><![CDATA[2022-03-29 22:17:39 - [TEST_CASE][PASSED] - Test Cases/3. get token - feedback insurance: Test Cases/3. get token - feedback insurance

2022-03-29 22:17:39 - [TEST_STEP][PASSED] - token = sendRequest(findTestObject("1. Get-Token")): Send request successfully

2022-03-29 22:17:39 - [MESSAGE][INFO] - HAR: I:\app-testing\app-project\Order car insurance\order-car-insurance\Reports\20220329_215823\3. Get feedback insurance - Batch 1\20220329_215824\requests\main\560.har

2022-03-29 22:17:39 - [MESSAGE][PASSED] - Send request successfully

2022-03-29 22:17:39 - [TEST_STEP][PASSED] - slurper = new groovy.json.JsonSlurper(): null

2022-03-29 22:17:39 - [TEST_STEP][PASSED] - get_token = slurper.parseText(token.getResponseBodyContent()): null

2022-03-29 22:17:39 - [TEST_STEP][PASSED] - private_token = access_token: null

2022-03-29 22:17:39 - [TEST_STEP][PASSED] - global_token = private_token: null

2022-03-29 22:17:39 - [TEST_STEP][PASSED] - println("token is :" + global_token): null

2022-03-29 22:17:39 - [TEST_STEP][PASSED] - response_token = token.getResponseText(): null

2022-03-29 22:17:39 - [TEST_STEP][PASSED] - logInfo($response_token): 
            {
                "token_type": "BearerToken",
                "access_token": "5GzU0SpZhfCULOHra0AXCONDAYC3",
                "expires_in": "1799",
                "scope": ""
            }
        

2022-03-29 22:17:39 - [MESSAGE][INFO] - 
            {
                "token_type": "BearerToken",
                "access_token": "5GzU0SpZhfCULOHra0AXCONDAYC3",
                "expires_in": "1799",
                "scope": ""
            }
        

2022-03-29 22:17:39 - [TEST_STEP][PASSED] - feedback = sendRequest(findTestObject("4. Feedback-ins", ["s_key":global_token, "batchid":batchid, "norek":norek, "nopin":nopin, "custname":custname, "pemohon":pemohon, "branchid":branchid, ... ])): Send request successfully

2022-03-29 22:17:40 - [MESSAGE][INFO] - HAR: I:\app-testing\app-project\Order car insurance\order-car-insurance\Reports\20220329_215823\3. Get feedback insurance - Batch 1\20220329_215824\requests\main\561.har

2022-03-29 22:17:40 - [MESSAGE][PASSED] - Send request successfully

2022-03-29 22:17:40 - [TEST_STEP][PASSED] - response_feedback = feedback.getResponseText(): null

2022-03-29 22:17:40 - [TEST_STEP][PASSED] - markPassed("result feedback data : " + no + " norek : " + norek + " nopin : " + nopin): result feedback data : 290 norek : 9942006583 nopin : 001

2022-03-29 22:17:40 - [MESSAGE][PASSED] - result feedback data : 290 norek : 9942006583 nopin : 001

2022-03-29 22:17:40 - [TEST_STEP][PASSED] - logInfo($response_feedback): {
  "FeedbackCarInsuranceResponse" : {
    "errorCode" : "00",
    "errorMessage" : "Sukses"
  }
}

2022-03-29 22:17:40 - [MESSAGE][INFO] - {
  "FeedbackCarInsuranceResponse" : {
    "errorCode" : "00",
    "errorMessage" : "Sukses"
  }
}

2022-03-29 22:17:40 - [TEST_STEP][PASSED] - verifyElementPropertyValue(feedback, "FeedbackCarInsuranceResponse.errorMessage", "Sukses", CONTINUE_ON_FAILURE): Verify element property value successfully

2022-03-29 22:17:40 - [MESSAGE][PASSED] - Verify element property value successfully]]></system-out>
         <system-err><![CDATA[]]></system-err>
      </testcase>
      <testcase name="Test Cases/3. get token - feedback insurance" time="0.999" classname="Test Cases/3. get token - feedback insurance" status="PASSED">
         <system-out><![CDATA[2022-03-29 22:17:40 - [TEST_CASE][PASSED] - Test Cases/3. get token - feedback insurance: Test Cases/3. get token - feedback insurance

2022-03-29 22:17:40 - [TEST_STEP][PASSED] - token = sendRequest(findTestObject("1. Get-Token")): Send request successfully

2022-03-29 22:17:40 - [MESSAGE][INFO] - HAR: I:\app-testing\app-project\Order car insurance\order-car-insurance\Reports\20220329_215823\3. Get feedback insurance - Batch 1\20220329_215824\requests\main\562.har

2022-03-29 22:17:40 - [MESSAGE][PASSED] - Send request successfully

2022-03-29 22:17:40 - [TEST_STEP][PASSED] - slurper = new groovy.json.JsonSlurper(): null

2022-03-29 22:17:40 - [TEST_STEP][PASSED] - get_token = slurper.parseText(token.getResponseBodyContent()): null

2022-03-29 22:17:40 - [TEST_STEP][PASSED] - private_token = access_token: null

2022-03-29 22:17:40 - [TEST_STEP][PASSED] - global_token = private_token: null

2022-03-29 22:17:40 - [TEST_STEP][PASSED] - println("token is :" + global_token): null

2022-03-29 22:17:40 - [TEST_STEP][PASSED] - response_token = token.getResponseText(): null

2022-03-29 22:17:40 - [TEST_STEP][PASSED] - logInfo($response_token): 
            {
                "token_type": "BearerToken",
                "access_token": "ohPSXwgtX1ZnXUyUG9ctryF9EVJP",
                "expires_in": "1799",
                "scope": ""
            }
        

2022-03-29 22:17:40 - [MESSAGE][INFO] - 
            {
                "token_type": "BearerToken",
                "access_token": "ohPSXwgtX1ZnXUyUG9ctryF9EVJP",
                "expires_in": "1799",
                "scope": ""
            }
        

2022-03-29 22:17:40 - [TEST_STEP][PASSED] - feedback = sendRequest(findTestObject("4. Feedback-ins", ["s_key":global_token, "batchid":batchid, "norek":norek, "nopin":nopin, "custname":custname, "pemohon":pemohon, "branchid":branchid, ... ])): Send request successfully

2022-03-29 22:17:41 - [MESSAGE][INFO] - HAR: I:\app-testing\app-project\Order car insurance\order-car-insurance\Reports\20220329_215823\3. Get feedback insurance - Batch 1\20220329_215824\requests\main\563.har

2022-03-29 22:17:41 - [MESSAGE][PASSED] - Send request successfully

2022-03-29 22:17:41 - [TEST_STEP][PASSED] - response_feedback = feedback.getResponseText(): null

2022-03-29 22:17:41 - [TEST_STEP][PASSED] - markPassed("result feedback data : " + no + " norek : " + norek + " nopin : " + nopin): result feedback data : 291 norek : 9942006583 nopin : 001

2022-03-29 22:17:41 - [MESSAGE][PASSED] - result feedback data : 291 norek : 9942006583 nopin : 001

2022-03-29 22:17:41 - [TEST_STEP][PASSED] - logInfo($response_feedback): {
  "FeedbackCarInsuranceResponse" : {
    "errorCode" : "00",
    "errorMessage" : "Sukses"
  }
}

2022-03-29 22:17:41 - [MESSAGE][INFO] - {
  "FeedbackCarInsuranceResponse" : {
    "errorCode" : "00",
    "errorMessage" : "Sukses"
  }
}

2022-03-29 22:17:41 - [TEST_STEP][PASSED] - verifyElementPropertyValue(feedback, "FeedbackCarInsuranceResponse.errorMessage", "Sukses", CONTINUE_ON_FAILURE): Verify element property value successfully

2022-03-29 22:17:41 - [MESSAGE][PASSED] - Verify element property value successfully]]></system-out>
         <system-err><![CDATA[]]></system-err>
      </testcase>
      <testcase name="Test Cases/3. get token - feedback insurance" time="1.135" classname="Test Cases/3. get token - feedback insurance" status="PASSED">
         <system-out><![CDATA[2022-03-29 22:17:42 - [TEST_CASE][PASSED] - Test Cases/3. get token - feedback insurance: Test Cases/3. get token - feedback insurance

2022-03-29 22:17:42 - [TEST_STEP][PASSED] - token = sendRequest(findTestObject("1. Get-Token")): Send request successfully

2022-03-29 22:17:42 - [MESSAGE][INFO] - HAR: I:\app-testing\app-project\Order car insurance\order-car-insurance\Reports\20220329_215823\3. Get feedback insurance - Batch 1\20220329_215824\requests\main\564.har

2022-03-29 22:17:42 - [MESSAGE][PASSED] - Send request successfully

2022-03-29 22:17:42 - [TEST_STEP][PASSED] - slurper = new groovy.json.JsonSlurper(): null

2022-03-29 22:17:42 - [TEST_STEP][PASSED] - get_token = slurper.parseText(token.getResponseBodyContent()): null

2022-03-29 22:17:42 - [TEST_STEP][PASSED] - private_token = access_token: null

2022-03-29 22:17:42 - [TEST_STEP][PASSED] - global_token = private_token: null

2022-03-29 22:17:42 - [TEST_STEP][PASSED] - println("token is :" + global_token): null

2022-03-29 22:17:42 - [TEST_STEP][PASSED] - response_token = token.getResponseText(): null

2022-03-29 22:17:42 - [TEST_STEP][PASSED] - logInfo($response_token): 
            {
                "token_type": "BearerToken",
                "access_token": "Xrn1HMVCwTZ5BgJTkI2noDcElP1A",
                "expires_in": "1799",
                "scope": ""
            }
        

2022-03-29 22:17:42 - [MESSAGE][INFO] - 
            {
                "token_type": "BearerToken",
                "access_token": "Xrn1HMVCwTZ5BgJTkI2noDcElP1A",
                "expires_in": "1799",
                "scope": ""
            }
        

2022-03-29 22:17:42 - [TEST_STEP][PASSED] - feedback = sendRequest(findTestObject("4. Feedback-ins", ["s_key":global_token, "batchid":batchid, "norek":norek, "nopin":nopin, "custname":custname, "pemohon":pemohon, "branchid":branchid, ... ])): Send request successfully

2022-03-29 22:17:43 - [MESSAGE][INFO] - HAR: I:\app-testing\app-project\Order car insurance\order-car-insurance\Reports\20220329_215823\3. Get feedback insurance - Batch 1\20220329_215824\requests\main\565.har

2022-03-29 22:17:43 - [MESSAGE][PASSED] - Send request successfully

2022-03-29 22:17:43 - [TEST_STEP][PASSED] - response_feedback = feedback.getResponseText(): null

2022-03-29 22:17:43 - [TEST_STEP][PASSED] - markPassed("result feedback data : " + no + " norek : " + norek + " nopin : " + nopin): result feedback data : 292 norek : 9942006585 nopin : 001

2022-03-29 22:17:43 - [MESSAGE][PASSED] - result feedback data : 292 norek : 9942006585 nopin : 001

2022-03-29 22:17:43 - [TEST_STEP][PASSED] - logInfo($response_feedback): {
  "FeedbackCarInsuranceResponse" : {
    "errorCode" : "00",
    "errorMessage" : "Sukses"
  }
}

2022-03-29 22:17:43 - [MESSAGE][INFO] - {
  "FeedbackCarInsuranceResponse" : {
    "errorCode" : "00",
    "errorMessage" : "Sukses"
  }
}

2022-03-29 22:17:43 - [TEST_STEP][PASSED] - verifyElementPropertyValue(feedback, "FeedbackCarInsuranceResponse.errorMessage", "Sukses", CONTINUE_ON_FAILURE): Verify element property value successfully

2022-03-29 22:17:43 - [MESSAGE][PASSED] - Verify element property value successfully]]></system-out>
         <system-err><![CDATA[]]></system-err>
      </testcase>
      <testcase name="Test Cases/3. get token - feedback insurance" time="1.207" classname="Test Cases/3. get token - feedback insurance" status="PASSED">
         <system-out><![CDATA[2022-03-29 22:17:43 - [TEST_CASE][PASSED] - Test Cases/3. get token - feedback insurance: Test Cases/3. get token - feedback insurance

2022-03-29 22:17:43 - [TEST_STEP][PASSED] - token = sendRequest(findTestObject("1. Get-Token")): Send request successfully

2022-03-29 22:17:43 - [MESSAGE][INFO] - HAR: I:\app-testing\app-project\Order car insurance\order-car-insurance\Reports\20220329_215823\3. Get feedback insurance - Batch 1\20220329_215824\requests\main\566.har

2022-03-29 22:17:43 - [MESSAGE][PASSED] - Send request successfully

2022-03-29 22:17:43 - [TEST_STEP][PASSED] - slurper = new groovy.json.JsonSlurper(): null

2022-03-29 22:17:43 - [TEST_STEP][PASSED] - get_token = slurper.parseText(token.getResponseBodyContent()): null

2022-03-29 22:17:43 - [TEST_STEP][PASSED] - private_token = access_token: null

2022-03-29 22:17:43 - [TEST_STEP][PASSED] - global_token = private_token: null

2022-03-29 22:17:43 - [TEST_STEP][PASSED] - println("token is :" + global_token): null

2022-03-29 22:17:43 - [TEST_STEP][PASSED] - response_token = token.getResponseText(): null

2022-03-29 22:17:43 - [TEST_STEP][PASSED] - logInfo($response_token): 
            {
                "token_type": "BearerToken",
                "access_token": "cpIzKjA0pqmTV9AhhAafLFThNDuZ",
                "expires_in": "1799",
                "scope": ""
            }
        

2022-03-29 22:17:43 - [MESSAGE][INFO] - 
            {
                "token_type": "BearerToken",
                "access_token": "cpIzKjA0pqmTV9AhhAafLFThNDuZ",
                "expires_in": "1799",
                "scope": ""
            }
        

2022-03-29 22:17:43 - [TEST_STEP][PASSED] - feedback = sendRequest(findTestObject("4. Feedback-ins", ["s_key":global_token, "batchid":batchid, "norek":norek, "nopin":nopin, "custname":custname, "pemohon":pemohon, "branchid":branchid, ... ])): Send request successfully

2022-03-29 22:17:44 - [MESSAGE][INFO] - HAR: I:\app-testing\app-project\Order car insurance\order-car-insurance\Reports\20220329_215823\3. Get feedback insurance - Batch 1\20220329_215824\requests\main\567.har

2022-03-29 22:17:44 - [MESSAGE][PASSED] - Send request successfully

2022-03-29 22:17:44 - [TEST_STEP][PASSED] - response_feedback = feedback.getResponseText(): null

2022-03-29 22:17:44 - [TEST_STEP][PASSED] - markPassed("result feedback data : " + no + " norek : " + norek + " nopin : " + nopin): result feedback data : 293 norek : 9942006585 nopin : 001

2022-03-29 22:17:44 - [MESSAGE][PASSED] - result feedback data : 293 norek : 9942006585 nopin : 001

2022-03-29 22:17:44 - [TEST_STEP][PASSED] - logInfo($response_feedback): {
  "FeedbackCarInsuranceResponse" : {
    "errorCode" : "00",
    "errorMessage" : "Sukses"
  }
}

2022-03-29 22:17:44 - [MESSAGE][INFO] - {
  "FeedbackCarInsuranceResponse" : {
    "errorCode" : "00",
    "errorMessage" : "Sukses"
  }
}

2022-03-29 22:17:44 - [TEST_STEP][PASSED] - verifyElementPropertyValue(feedback, "FeedbackCarInsuranceResponse.errorMessage", "Sukses", CONTINUE_ON_FAILURE): Verify element property value successfully

2022-03-29 22:17:44 - [MESSAGE][PASSED] - Verify element property value successfully]]></system-out>
         <system-err><![CDATA[]]></system-err>
      </testcase>
      <testcase name="Test Cases/3. get token - feedback insurance" time="1.245" classname="Test Cases/3. get token - feedback insurance" status="PASSED">
         <system-out><![CDATA[2022-03-29 22:17:45 - [TEST_CASE][PASSED] - Test Cases/3. get token - feedback insurance: Test Cases/3. get token - feedback insurance

2022-03-29 22:17:45 - [TEST_STEP][PASSED] - token = sendRequest(findTestObject("1. Get-Token")): Send request successfully

2022-03-29 22:17:45 - [MESSAGE][INFO] - HAR: I:\app-testing\app-project\Order car insurance\order-car-insurance\Reports\20220329_215823\3. Get feedback insurance - Batch 1\20220329_215824\requests\main\568.har

2022-03-29 22:17:45 - [MESSAGE][PASSED] - Send request successfully

2022-03-29 22:17:45 - [TEST_STEP][PASSED] - slurper = new groovy.json.JsonSlurper(): null

2022-03-29 22:17:45 - [TEST_STEP][PASSED] - get_token = slurper.parseText(token.getResponseBodyContent()): null

2022-03-29 22:17:45 - [TEST_STEP][PASSED] - private_token = access_token: null

2022-03-29 22:17:45 - [TEST_STEP][PASSED] - global_token = private_token: null

2022-03-29 22:17:45 - [TEST_STEP][PASSED] - println("token is :" + global_token): null

2022-03-29 22:17:45 - [TEST_STEP][PASSED] - response_token = token.getResponseText(): null

2022-03-29 22:17:45 - [TEST_STEP][PASSED] - logInfo($response_token): 
            {
                "token_type": "BearerToken",
                "access_token": "YNg0Gaf9Bpb9JUDjCM0G6QjPIwtk",
                "expires_in": "1799",
                "scope": ""
            }
        

2022-03-29 22:17:45 - [MESSAGE][INFO] - 
            {
                "token_type": "BearerToken",
                "access_token": "YNg0Gaf9Bpb9JUDjCM0G6QjPIwtk",
                "expires_in": "1799",
                "scope": ""
            }
        

2022-03-29 22:17:45 - [TEST_STEP][PASSED] - feedback = sendRequest(findTestObject("4. Feedback-ins", ["s_key":global_token, "batchid":batchid, "norek":norek, "nopin":nopin, "custname":custname, "pemohon":pemohon, "branchid":branchid, ... ])): Send request successfully

2022-03-29 22:17:46 - [MESSAGE][INFO] - HAR: I:\app-testing\app-project\Order car insurance\order-car-insurance\Reports\20220329_215823\3. Get feedback insurance - Batch 1\20220329_215824\requests\main\569.har

2022-03-29 22:17:46 - [MESSAGE][PASSED] - Send request successfully

2022-03-29 22:17:46 - [TEST_STEP][PASSED] - response_feedback = feedback.getResponseText(): null

2022-03-29 22:17:46 - [TEST_STEP][PASSED] - markPassed("result feedback data : " + no + " norek : " + norek + " nopin : " + nopin): result feedback data : 294 norek : 9942006585 nopin : 001

2022-03-29 22:17:46 - [MESSAGE][PASSED] - result feedback data : 294 norek : 9942006585 nopin : 001

2022-03-29 22:17:46 - [TEST_STEP][PASSED] - logInfo($response_feedback): {
  "FeedbackCarInsuranceResponse" : {
    "errorCode" : "00",
    "errorMessage" : "Sukses"
  }
}

2022-03-29 22:17:46 - [MESSAGE][INFO] - {
  "FeedbackCarInsuranceResponse" : {
    "errorCode" : "00",
    "errorMessage" : "Sukses"
  }
}

2022-03-29 22:17:46 - [TEST_STEP][PASSED] - verifyElementPropertyValue(feedback, "FeedbackCarInsuranceResponse.errorMessage", "Sukses", CONTINUE_ON_FAILURE): Verify element property value successfully

2022-03-29 22:17:46 - [MESSAGE][PASSED] - Verify element property value successfully]]></system-out>
         <system-err><![CDATA[]]></system-err>
      </testcase>
      <testcase name="Test Cases/3. get token - feedback insurance" time="1.033" classname="Test Cases/3. get token - feedback insurance" status="PASSED">
         <system-out><![CDATA[2022-03-29 22:17:47 - [TEST_CASE][PASSED] - Test Cases/3. get token - feedback insurance: Test Cases/3. get token - feedback insurance

2022-03-29 22:17:47 - [TEST_STEP][PASSED] - token = sendRequest(findTestObject("1. Get-Token")): Send request successfully

2022-03-29 22:17:47 - [MESSAGE][INFO] - HAR: I:\app-testing\app-project\Order car insurance\order-car-insurance\Reports\20220329_215823\3. Get feedback insurance - Batch 1\20220329_215824\requests\main\570.har

2022-03-29 22:17:47 - [MESSAGE][PASSED] - Send request successfully

2022-03-29 22:17:47 - [TEST_STEP][PASSED] - slurper = new groovy.json.JsonSlurper(): null

2022-03-29 22:17:47 - [TEST_STEP][PASSED] - get_token = slurper.parseText(token.getResponseBodyContent()): null

2022-03-29 22:17:47 - [TEST_STEP][PASSED] - private_token = access_token: null

2022-03-29 22:17:47 - [TEST_STEP][PASSED] - global_token = private_token: null

2022-03-29 22:17:47 - [TEST_STEP][PASSED] - println("token is :" + global_token): null

2022-03-29 22:17:47 - [TEST_STEP][PASSED] - response_token = token.getResponseText(): null

2022-03-29 22:17:47 - [TEST_STEP][PASSED] - logInfo($response_token): 
            {
                "token_type": "BearerToken",
                "access_token": "e0zAlbqhEeW2oj0gPDBVIgrxxG2f",
                "expires_in": "1799",
                "scope": ""
            }
        

2022-03-29 22:17:47 - [MESSAGE][INFO] - 
            {
                "token_type": "BearerToken",
                "access_token": "e0zAlbqhEeW2oj0gPDBVIgrxxG2f",
                "expires_in": "1799",
                "scope": ""
            }
        

2022-03-29 22:17:47 - [TEST_STEP][PASSED] - feedback = sendRequest(findTestObject("4. Feedback-ins", ["s_key":global_token, "batchid":batchid, "norek":norek, "nopin":nopin, "custname":custname, "pemohon":pemohon, "branchid":branchid, ... ])): Send request successfully

2022-03-29 22:17:48 - [MESSAGE][INFO] - HAR: I:\app-testing\app-project\Order car insurance\order-car-insurance\Reports\20220329_215823\3. Get feedback insurance - Batch 1\20220329_215824\requests\main\571.har

2022-03-29 22:17:48 - [MESSAGE][PASSED] - Send request successfully

2022-03-29 22:17:48 - [TEST_STEP][PASSED] - response_feedback = feedback.getResponseText(): null

2022-03-29 22:17:48 - [TEST_STEP][PASSED] - markPassed("result feedback data : " + no + " norek : " + norek + " nopin : " + nopin): result feedback data : 295 norek : 9942006585 nopin : 001

2022-03-29 22:17:48 - [MESSAGE][PASSED] - result feedback data : 295 norek : 9942006585 nopin : 001

2022-03-29 22:17:48 - [TEST_STEP][PASSED] - logInfo($response_feedback): {
  "FeedbackCarInsuranceResponse" : {
    "errorCode" : "00",
    "errorMessage" : "Sukses"
  }
}

2022-03-29 22:17:48 - [MESSAGE][INFO] - {
  "FeedbackCarInsuranceResponse" : {
    "errorCode" : "00",
    "errorMessage" : "Sukses"
  }
}

2022-03-29 22:17:48 - [TEST_STEP][PASSED] - verifyElementPropertyValue(feedback, "FeedbackCarInsuranceResponse.errorMessage", "Sukses", CONTINUE_ON_FAILURE): Verify element property value successfully

2022-03-29 22:17:48 - [MESSAGE][PASSED] - Verify element property value successfully]]></system-out>
         <system-err><![CDATA[]]></system-err>
      </testcase>
      <testcase name="Test Cases/3. get token - feedback insurance" time="0.95" classname="Test Cases/3. get token - feedback insurance" status="PASSED">
         <system-out><![CDATA[2022-03-29 22:17:48 - [TEST_CASE][PASSED] - Test Cases/3. get token - feedback insurance: Test Cases/3. get token - feedback insurance

2022-03-29 22:17:48 - [TEST_STEP][PASSED] - token = sendRequest(findTestObject("1. Get-Token")): Send request successfully

2022-03-29 22:17:48 - [MESSAGE][INFO] - HAR: I:\app-testing\app-project\Order car insurance\order-car-insurance\Reports\20220329_215823\3. Get feedback insurance - Batch 1\20220329_215824\requests\main\572.har

2022-03-29 22:17:48 - [MESSAGE][PASSED] - Send request successfully

2022-03-29 22:17:48 - [TEST_STEP][PASSED] - slurper = new groovy.json.JsonSlurper(): null

2022-03-29 22:17:48 - [TEST_STEP][PASSED] - get_token = slurper.parseText(token.getResponseBodyContent()): null

2022-03-29 22:17:48 - [TEST_STEP][PASSED] - private_token = access_token: null

2022-03-29 22:17:48 - [TEST_STEP][PASSED] - global_token = private_token: null

2022-03-29 22:17:48 - [TEST_STEP][PASSED] - println("token is :" + global_token): null

2022-03-29 22:17:48 - [TEST_STEP][PASSED] - response_token = token.getResponseText(): null

2022-03-29 22:17:48 - [TEST_STEP][PASSED] - logInfo($response_token): 
            {
                "token_type": "BearerToken",
                "access_token": "vEIgnwbiVSMkk6xG3NqtSRJLaU9A",
                "expires_in": "1799",
                "scope": ""
            }
        

2022-03-29 22:17:48 - [MESSAGE][INFO] - 
            {
                "token_type": "BearerToken",
                "access_token": "vEIgnwbiVSMkk6xG3NqtSRJLaU9A",
                "expires_in": "1799",
                "scope": ""
            }
        

2022-03-29 22:17:48 - [TEST_STEP][PASSED] - feedback = sendRequest(findTestObject("4. Feedback-ins", ["s_key":global_token, "batchid":batchid, "norek":norek, "nopin":nopin, "custname":custname, "pemohon":pemohon, "branchid":branchid, ... ])): Send request successfully

2022-03-29 22:17:49 - [MESSAGE][INFO] - HAR: I:\app-testing\app-project\Order car insurance\order-car-insurance\Reports\20220329_215823\3. Get feedback insurance - Batch 1\20220329_215824\requests\main\573.har

2022-03-29 22:17:49 - [MESSAGE][PASSED] - Send request successfully

2022-03-29 22:17:49 - [TEST_STEP][PASSED] - response_feedback = feedback.getResponseText(): null

2022-03-29 22:17:49 - [TEST_STEP][PASSED] - markPassed("result feedback data : " + no + " norek : " + norek + " nopin : " + nopin): result feedback data : 296 norek : 9942006585 nopin : 001

2022-03-29 22:17:49 - [MESSAGE][PASSED] - result feedback data : 296 norek : 9942006585 nopin : 001

2022-03-29 22:17:49 - [TEST_STEP][PASSED] - logInfo($response_feedback): {
  "FeedbackCarInsuranceResponse" : {
    "errorCode" : "00",
    "errorMessage" : "Sukses"
  }
}

2022-03-29 22:17:49 - [MESSAGE][INFO] - {
  "FeedbackCarInsuranceResponse" : {
    "errorCode" : "00",
    "errorMessage" : "Sukses"
  }
}

2022-03-29 22:17:49 - [TEST_STEP][PASSED] - verifyElementPropertyValue(feedback, "FeedbackCarInsuranceResponse.errorMessage", "Sukses", CONTINUE_ON_FAILURE): Verify element property value successfully

2022-03-29 22:17:49 - [MESSAGE][PASSED] - Verify element property value successfully]]></system-out>
         <system-err><![CDATA[]]></system-err>
      </testcase>
      <testcase name="Test Cases/3. get token - feedback insurance" time="1.224" classname="Test Cases/3. get token - feedback insurance" status="PASSED">
         <system-out><![CDATA[2022-03-29 22:17:49 - [TEST_CASE][PASSED] - Test Cases/3. get token - feedback insurance: Test Cases/3. get token - feedback insurance

2022-03-29 22:17:49 - [TEST_STEP][PASSED] - token = sendRequest(findTestObject("1. Get-Token")): Send request successfully

2022-03-29 22:17:50 - [MESSAGE][INFO] - HAR: I:\app-testing\app-project\Order car insurance\order-car-insurance\Reports\20220329_215823\3. Get feedback insurance - Batch 1\20220329_215824\requests\main\574.har

2022-03-29 22:17:50 - [MESSAGE][PASSED] - Send request successfully

2022-03-29 22:17:50 - [TEST_STEP][PASSED] - slurper = new groovy.json.JsonSlurper(): null

2022-03-29 22:17:50 - [TEST_STEP][PASSED] - get_token = slurper.parseText(token.getResponseBodyContent()): null

2022-03-29 22:17:50 - [TEST_STEP][PASSED] - private_token = access_token: null

2022-03-29 22:17:50 - [TEST_STEP][PASSED] - global_token = private_token: null

2022-03-29 22:17:50 - [TEST_STEP][PASSED] - println("token is :" + global_token): null

2022-03-29 22:17:50 - [TEST_STEP][PASSED] - response_token = token.getResponseText(): null

2022-03-29 22:17:50 - [TEST_STEP][PASSED] - logInfo($response_token): 
            {
                "token_type": "BearerToken",
                "access_token": "L755YWgRyKSY3Hw1mAKG1vs9gKnW",
                "expires_in": "1799",
                "scope": ""
            }
        

2022-03-29 22:17:50 - [MESSAGE][INFO] - 
            {
                "token_type": "BearerToken",
                "access_token": "L755YWgRyKSY3Hw1mAKG1vs9gKnW",
                "expires_in": "1799",
                "scope": ""
            }
        

2022-03-29 22:17:50 - [TEST_STEP][PASSED] - feedback = sendRequest(findTestObject("4. Feedback-ins", ["s_key":global_token, "batchid":batchid, "norek":norek, "nopin":nopin, "custname":custname, "pemohon":pemohon, "branchid":branchid, ... ])): Send request successfully

2022-03-29 22:17:51 - [MESSAGE][INFO] - HAR: I:\app-testing\app-project\Order car insurance\order-car-insurance\Reports\20220329_215823\3. Get feedback insurance - Batch 1\20220329_215824\requests\main\575.har

2022-03-29 22:17:51 - [MESSAGE][PASSED] - Send request successfully

2022-03-29 22:17:51 - [TEST_STEP][PASSED] - response_feedback = feedback.getResponseText(): null

2022-03-29 22:17:51 - [TEST_STEP][PASSED] - markPassed("result feedback data : " + no + " norek : " + norek + " nopin : " + nopin): result feedback data : 297 norek : 9942006585 nopin : 001

2022-03-29 22:17:51 - [MESSAGE][PASSED] - result feedback data : 297 norek : 9942006585 nopin : 001

2022-03-29 22:17:51 - [TEST_STEP][PASSED] - logInfo($response_feedback): {
  "FeedbackCarInsuranceResponse" : {
    "errorCode" : "00",
    "errorMessage" : "Sukses"
  }
}

2022-03-29 22:17:51 - [MESSAGE][INFO] - {
  "FeedbackCarInsuranceResponse" : {
    "errorCode" : "00",
    "errorMessage" : "Sukses"
  }
}

2022-03-29 22:17:51 - [TEST_STEP][PASSED] - verifyElementPropertyValue(feedback, "FeedbackCarInsuranceResponse.errorMessage", "Sukses", CONTINUE_ON_FAILURE): Verify element property value successfully

2022-03-29 22:17:51 - [MESSAGE][PASSED] - Verify element property value successfully]]></system-out>
         <system-err><![CDATA[]]></system-err>
      </testcase>
      <testcase name="Test Cases/3. get token - feedback insurance" time="1.031" classname="Test Cases/3. get token - feedback insurance" status="PASSED">
         <system-out><![CDATA[2022-03-29 22:17:51 - [TEST_CASE][PASSED] - Test Cases/3. get token - feedback insurance: Test Cases/3. get token - feedback insurance

2022-03-29 22:17:51 - [TEST_STEP][PASSED] - token = sendRequest(findTestObject("1. Get-Token")): Send request successfully

2022-03-29 22:17:51 - [MESSAGE][INFO] - HAR: I:\app-testing\app-project\Order car insurance\order-car-insurance\Reports\20220329_215823\3. Get feedback insurance - Batch 1\20220329_215824\requests\main\576.har

2022-03-29 22:17:51 - [MESSAGE][PASSED] - Send request successfully

2022-03-29 22:17:51 - [TEST_STEP][PASSED] - slurper = new groovy.json.JsonSlurper(): null

2022-03-29 22:17:51 - [TEST_STEP][PASSED] - get_token = slurper.parseText(token.getResponseBodyContent()): null

2022-03-29 22:17:51 - [TEST_STEP][PASSED] - private_token = access_token: null

2022-03-29 22:17:51 - [TEST_STEP][PASSED] - global_token = private_token: null

2022-03-29 22:17:51 - [TEST_STEP][PASSED] - println("token is :" + global_token): null

2022-03-29 22:17:51 - [TEST_STEP][PASSED] - response_token = token.getResponseText(): null

2022-03-29 22:17:51 - [TEST_STEP][PASSED] - logInfo($response_token): 
            {
                "token_type": "BearerToken",
                "access_token": "mtv1FM6UkyEc6HCa4vGkZQ7A4vrE",
                "expires_in": "1799",
                "scope": ""
            }
        

2022-03-29 22:17:51 - [MESSAGE][INFO] - 
            {
                "token_type": "BearerToken",
                "access_token": "mtv1FM6UkyEc6HCa4vGkZQ7A4vrE",
                "expires_in": "1799",
                "scope": ""
            }
        

2022-03-29 22:17:51 - [TEST_STEP][PASSED] - feedback = sendRequest(findTestObject("4. Feedback-ins", ["s_key":global_token, "batchid":batchid, "norek":norek, "nopin":nopin, "custname":custname, "pemohon":pemohon, "branchid":branchid, ... ])): Send request successfully

2022-03-29 22:17:52 - [MESSAGE][INFO] - HAR: I:\app-testing\app-project\Order car insurance\order-car-insurance\Reports\20220329_215823\3. Get feedback insurance - Batch 1\20220329_215824\requests\main\577.har

2022-03-29 22:17:52 - [MESSAGE][PASSED] - Send request successfully

2022-03-29 22:17:52 - [TEST_STEP][PASSED] - response_feedback = feedback.getResponseText(): null

2022-03-29 22:17:52 - [TEST_STEP][PASSED] - markPassed("result feedback data : " + no + " norek : " + norek + " nopin : " + nopin): result feedback data : 298 norek : 9942006586 nopin : 001

2022-03-29 22:17:52 - [MESSAGE][PASSED] - result feedback data : 298 norek : 9942006586 nopin : 001

2022-03-29 22:17:52 - [TEST_STEP][PASSED] - logInfo($response_feedback): {
  "FeedbackCarInsuranceResponse" : {
    "errorCode" : "00",
    "errorMessage" : "Sukses"
  }
}

2022-03-29 22:17:52 - [MESSAGE][INFO] - {
  "FeedbackCarInsuranceResponse" : {
    "errorCode" : "00",
    "errorMessage" : "Sukses"
  }
}

2022-03-29 22:17:52 - [TEST_STEP][PASSED] - verifyElementPropertyValue(feedback, "FeedbackCarInsuranceResponse.errorMessage", "Sukses", CONTINUE_ON_FAILURE): Verify element property value successfully

2022-03-29 22:17:52 - [MESSAGE][PASSED] - Verify element property value successfully]]></system-out>
         <system-err><![CDATA[]]></system-err>
      </testcase>
      <testcase name="Test Cases/3. get token - feedback insurance" time="0.924" classname="Test Cases/3. get token - feedback insurance" status="PASSED">
         <system-out><![CDATA[2022-03-29 22:17:52 - [TEST_CASE][PASSED] - Test Cases/3. get token - feedback insurance: Test Cases/3. get token - feedback insurance

2022-03-29 22:17:52 - [TEST_STEP][PASSED] - token = sendRequest(findTestObject("1. Get-Token")): Send request successfully

2022-03-29 22:17:53 - [MESSAGE][INFO] - HAR: I:\app-testing\app-project\Order car insurance\order-car-insurance\Reports\20220329_215823\3. Get feedback insurance - Batch 1\20220329_215824\requests\main\578.har

2022-03-29 22:17:53 - [MESSAGE][PASSED] - Send request successfully

2022-03-29 22:17:53 - [TEST_STEP][PASSED] - slurper = new groovy.json.JsonSlurper(): null

2022-03-29 22:17:53 - [TEST_STEP][PASSED] - get_token = slurper.parseText(token.getResponseBodyContent()): null

2022-03-29 22:17:53 - [TEST_STEP][PASSED] - private_token = access_token: null

2022-03-29 22:17:53 - [TEST_STEP][PASSED] - global_token = private_token: null

2022-03-29 22:17:53 - [TEST_STEP][PASSED] - println("token is :" + global_token): null

2022-03-29 22:17:53 - [TEST_STEP][PASSED] - response_token = token.getResponseText(): null

2022-03-29 22:17:53 - [TEST_STEP][PASSED] - logInfo($response_token): 
            {
                "token_type": "BearerToken",
                "access_token": "jFQCK4iA9jGzfa1OszxDa8Try1mq",
                "expires_in": "1799",
                "scope": ""
            }
        

2022-03-29 22:17:53 - [MESSAGE][INFO] - 
            {
                "token_type": "BearerToken",
                "access_token": "jFQCK4iA9jGzfa1OszxDa8Try1mq",
                "expires_in": "1799",
                "scope": ""
            }
        

2022-03-29 22:17:53 - [TEST_STEP][PASSED] - feedback = sendRequest(findTestObject("4. Feedback-ins", ["s_key":global_token, "batchid":batchid, "norek":norek, "nopin":nopin, "custname":custname, "pemohon":pemohon, "branchid":branchid, ... ])): Send request successfully

2022-03-29 22:17:53 - [MESSAGE][INFO] - HAR: I:\app-testing\app-project\Order car insurance\order-car-insurance\Reports\20220329_215823\3. Get feedback insurance - Batch 1\20220329_215824\requests\main\579.har

2022-03-29 22:17:53 - [MESSAGE][PASSED] - Send request successfully

2022-03-29 22:17:53 - [TEST_STEP][PASSED] - response_feedback = feedback.getResponseText(): null

2022-03-29 22:17:53 - [TEST_STEP][PASSED] - markPassed("result feedback data : " + no + " norek : " + norek + " nopin : " + nopin): result feedback data : 299 norek : 9942006586 nopin : 001

2022-03-29 22:17:53 - [MESSAGE][PASSED] - result feedback data : 299 norek : 9942006586 nopin : 001

2022-03-29 22:17:53 - [TEST_STEP][PASSED] - logInfo($response_feedback): {
  "FeedbackCarInsuranceResponse" : {
    "errorCode" : "00",
    "errorMessage" : "Sukses"
  }
}

2022-03-29 22:17:53 - [MESSAGE][INFO] - {
  "FeedbackCarInsuranceResponse" : {
    "errorCode" : "00",
    "errorMessage" : "Sukses"
  }
}

2022-03-29 22:17:53 - [TEST_STEP][PASSED] - verifyElementPropertyValue(feedback, "FeedbackCarInsuranceResponse.errorMessage", "Sukses", CONTINUE_ON_FAILURE): Verify element property value successfully

2022-03-29 22:17:53 - [MESSAGE][PASSED] - Verify element property value successfully]]></system-out>
         <system-err><![CDATA[]]></system-err>
      </testcase>
      <testcase name="Test Cases/3. get token - feedback insurance" time="0.989" classname="Test Cases/3. get token - feedback insurance" status="PASSED">
         <system-out><![CDATA[2022-03-29 22:17:54 - [TEST_CASE][PASSED] - Test Cases/3. get token - feedback insurance: Test Cases/3. get token - feedback insurance

2022-03-29 22:17:54 - [TEST_STEP][PASSED] - token = sendRequest(findTestObject("1. Get-Token")): Send request successfully

2022-03-29 22:17:54 - [MESSAGE][INFO] - HAR: I:\app-testing\app-project\Order car insurance\order-car-insurance\Reports\20220329_215823\3. Get feedback insurance - Batch 1\20220329_215824\requests\main\580.har

2022-03-29 22:17:54 - [MESSAGE][PASSED] - Send request successfully

2022-03-29 22:17:54 - [TEST_STEP][PASSED] - slurper = new groovy.json.JsonSlurper(): null

2022-03-29 22:17:54 - [TEST_STEP][PASSED] - get_token = slurper.parseText(token.getResponseBodyContent()): null

2022-03-29 22:17:54 - [TEST_STEP][PASSED] - private_token = access_token: null

2022-03-29 22:17:54 - [TEST_STEP][PASSED] - global_token = private_token: null

2022-03-29 22:17:54 - [TEST_STEP][PASSED] - println("token is :" + global_token): null

2022-03-29 22:17:54 - [TEST_STEP][PASSED] - response_token = token.getResponseText(): null

2022-03-29 22:17:54 - [TEST_STEP][PASSED] - logInfo($response_token): 
            {
                "token_type": "BearerToken",
                "access_token": "0xIEGIBTGCmUzv0fCI5hxvcXAyfz",
                "expires_in": "1799",
                "scope": ""
            }
        

2022-03-29 22:17:54 - [MESSAGE][INFO] - 
            {
                "token_type": "BearerToken",
                "access_token": "0xIEGIBTGCmUzv0fCI5hxvcXAyfz",
                "expires_in": "1799",
                "scope": ""
            }
        

2022-03-29 22:17:54 - [TEST_STEP][PASSED] - feedback = sendRequest(findTestObject("4. Feedback-ins", ["s_key":global_token, "batchid":batchid, "norek":norek, "nopin":nopin, "custname":custname, "pemohon":pemohon, "branchid":branchid, ... ])): Send request successfully

2022-03-29 22:17:55 - [MESSAGE][INFO] - HAR: I:\app-testing\app-project\Order car insurance\order-car-insurance\Reports\20220329_215823\3. Get feedback insurance - Batch 1\20220329_215824\requests\main\581.har

2022-03-29 22:17:55 - [MESSAGE][PASSED] - Send request successfully

2022-03-29 22:17:55 - [TEST_STEP][PASSED] - response_feedback = feedback.getResponseText(): null

2022-03-29 22:17:55 - [TEST_STEP][PASSED] - markPassed("result feedback data : " + no + " norek : " + norek + " nopin : " + nopin): result feedback data : 300 norek : 9942006586 nopin : 001

2022-03-29 22:17:55 - [MESSAGE][PASSED] - result feedback data : 300 norek : 9942006586 nopin : 001

2022-03-29 22:17:55 - [TEST_STEP][PASSED] - logInfo($response_feedback): {
  "FeedbackCarInsuranceResponse" : {
    "errorCode" : "00",
    "errorMessage" : "Sukses"
  }
}

2022-03-29 22:17:55 - [MESSAGE][INFO] - {
  "FeedbackCarInsuranceResponse" : {
    "errorCode" : "00",
    "errorMessage" : "Sukses"
  }
}

2022-03-29 22:17:55 - [TEST_STEP][PASSED] - verifyElementPropertyValue(feedback, "FeedbackCarInsuranceResponse.errorMessage", "Sukses", CONTINUE_ON_FAILURE): Verify element property value successfully

2022-03-29 22:17:55 - [MESSAGE][PASSED] - Verify element property value successfully]]></system-out>
         <system-err><![CDATA[]]></system-err>
      </testcase>
      <testcase name="Test Cases/3. get token - feedback insurance" time="0.93" classname="Test Cases/3. get token - feedback insurance" status="PASSED">
         <system-out><![CDATA[2022-03-29 22:17:55 - [TEST_CASE][PASSED] - Test Cases/3. get token - feedback insurance: Test Cases/3. get token - feedback insurance

2022-03-29 22:17:55 - [TEST_STEP][PASSED] - token = sendRequest(findTestObject("1. Get-Token")): Send request successfully

2022-03-29 22:17:55 - [MESSAGE][INFO] - HAR: I:\app-testing\app-project\Order car insurance\order-car-insurance\Reports\20220329_215823\3. Get feedback insurance - Batch 1\20220329_215824\requests\main\582.har

2022-03-29 22:17:55 - [MESSAGE][PASSED] - Send request successfully

2022-03-29 22:17:55 - [TEST_STEP][PASSED] - slurper = new groovy.json.JsonSlurper(): null

2022-03-29 22:17:55 - [TEST_STEP][PASSED] - get_token = slurper.parseText(token.getResponseBodyContent()): null

2022-03-29 22:17:55 - [TEST_STEP][PASSED] - private_token = access_token: null

2022-03-29 22:17:55 - [TEST_STEP][PASSED] - global_token = private_token: null

2022-03-29 22:17:55 - [TEST_STEP][PASSED] - println("token is :" + global_token): null

2022-03-29 22:17:55 - [TEST_STEP][PASSED] - response_token = token.getResponseText(): null

2022-03-29 22:17:55 - [TEST_STEP][PASSED] - logInfo($response_token): 
            {
                "token_type": "BearerToken",
                "access_token": "wZ1hud9m8tXVjCD0sJ8AlnSbEVwQ",
                "expires_in": "1799",
                "scope": ""
            }
        

2022-03-29 22:17:55 - [MESSAGE][INFO] - 
            {
                "token_type": "BearerToken",
                "access_token": "wZ1hud9m8tXVjCD0sJ8AlnSbEVwQ",
                "expires_in": "1799",
                "scope": ""
            }
        

2022-03-29 22:17:55 - [TEST_STEP][PASSED] - feedback = sendRequest(findTestObject("4. Feedback-ins", ["s_key":global_token, "batchid":batchid, "norek":norek, "nopin":nopin, "custname":custname, "pemohon":pemohon, "branchid":branchid, ... ])): Send request successfully

2022-03-29 22:17:56 - [MESSAGE][INFO] - HAR: I:\app-testing\app-project\Order car insurance\order-car-insurance\Reports\20220329_215823\3. Get feedback insurance - Batch 1\20220329_215824\requests\main\583.har

2022-03-29 22:17:56 - [MESSAGE][PASSED] - Send request successfully

2022-03-29 22:17:56 - [TEST_STEP][PASSED] - response_feedback = feedback.getResponseText(): null

2022-03-29 22:17:56 - [TEST_STEP][PASSED] - markPassed("result feedback data : " + no + " norek : " + norek + " nopin : " + nopin): result feedback data : 301 norek : 9942006586 nopin : 001

2022-03-29 22:17:56 - [MESSAGE][PASSED] - result feedback data : 301 norek : 9942006586 nopin : 001

2022-03-29 22:17:56 - [TEST_STEP][PASSED] - logInfo($response_feedback): {
  "FeedbackCarInsuranceResponse" : {
    "errorCode" : "00",
    "errorMessage" : "Sukses"
  }
}

2022-03-29 22:17:56 - [MESSAGE][INFO] - {
  "FeedbackCarInsuranceResponse" : {
    "errorCode" : "00",
    "errorMessage" : "Sukses"
  }
}

2022-03-29 22:17:56 - [TEST_STEP][PASSED] - verifyElementPropertyValue(feedback, "FeedbackCarInsuranceResponse.errorMessage", "Sukses", CONTINUE_ON_FAILURE): Verify element property value successfully

2022-03-29 22:17:56 - [MESSAGE][PASSED] - Verify element property value successfully]]></system-out>
         <system-err><![CDATA[]]></system-err>
      </testcase>
      <testcase name="Test Cases/3. get token - feedback insurance" time="1.184" classname="Test Cases/3. get token - feedback insurance" status="PASSED">
         <system-out><![CDATA[2022-03-29 22:17:57 - [TEST_CASE][PASSED] - Test Cases/3. get token - feedback insurance: Test Cases/3. get token - feedback insurance

2022-03-29 22:17:57 - [TEST_STEP][PASSED] - token = sendRequest(findTestObject("1. Get-Token")): Send request successfully

2022-03-29 22:17:57 - [MESSAGE][INFO] - HAR: I:\app-testing\app-project\Order car insurance\order-car-insurance\Reports\20220329_215823\3. Get feedback insurance - Batch 1\20220329_215824\requests\main\584.har

2022-03-29 22:17:57 - [MESSAGE][PASSED] - Send request successfully

2022-03-29 22:17:57 - [TEST_STEP][PASSED] - slurper = new groovy.json.JsonSlurper(): null

2022-03-29 22:17:57 - [TEST_STEP][PASSED] - get_token = slurper.parseText(token.getResponseBodyContent()): null

2022-03-29 22:17:57 - [TEST_STEP][PASSED] - private_token = access_token: null

2022-03-29 22:17:57 - [TEST_STEP][PASSED] - global_token = private_token: null

2022-03-29 22:17:57 - [TEST_STEP][PASSED] - println("token is :" + global_token): null

2022-03-29 22:17:57 - [TEST_STEP][PASSED] - response_token = token.getResponseText(): null

2022-03-29 22:17:57 - [TEST_STEP][PASSED] - logInfo($response_token): 
            {
                "token_type": "BearerToken",
                "access_token": "5BkJSdXCyzGwAChx0ty9VU9nVGtT",
                "expires_in": "1799",
                "scope": ""
            }
        

2022-03-29 22:17:57 - [MESSAGE][INFO] - 
            {
                "token_type": "BearerToken",
                "access_token": "5BkJSdXCyzGwAChx0ty9VU9nVGtT",
                "expires_in": "1799",
                "scope": ""
            }
        

2022-03-29 22:17:57 - [TEST_STEP][PASSED] - feedback = sendRequest(findTestObject("4. Feedback-ins", ["s_key":global_token, "batchid":batchid, "norek":norek, "nopin":nopin, "custname":custname, "pemohon":pemohon, "branchid":branchid, ... ])): Send request successfully

2022-03-29 22:17:58 - [MESSAGE][INFO] - HAR: I:\app-testing\app-project\Order car insurance\order-car-insurance\Reports\20220329_215823\3. Get feedback insurance - Batch 1\20220329_215824\requests\main\585.har

2022-03-29 22:17:58 - [MESSAGE][PASSED] - Send request successfully

2022-03-29 22:17:58 - [TEST_STEP][PASSED] - response_feedback = feedback.getResponseText(): null

2022-03-29 22:17:58 - [TEST_STEP][PASSED] - markPassed("result feedback data : " + no + " norek : " + norek + " nopin : " + nopin): result feedback data : 302 norek : 9942006587 nopin : 001

2022-03-29 22:17:58 - [MESSAGE][PASSED] - result feedback data : 302 norek : 9942006587 nopin : 001

2022-03-29 22:17:58 - [TEST_STEP][PASSED] - logInfo($response_feedback): {
  "FeedbackCarInsuranceResponse" : {
    "errorCode" : "00",
    "errorMessage" : "Sukses"
  }
}

2022-03-29 22:17:58 - [MESSAGE][INFO] - {
  "FeedbackCarInsuranceResponse" : {
    "errorCode" : "00",
    "errorMessage" : "Sukses"
  }
}

2022-03-29 22:17:58 - [TEST_STEP][PASSED] - verifyElementPropertyValue(feedback, "FeedbackCarInsuranceResponse.errorMessage", "Sukses", CONTINUE_ON_FAILURE): Verify element property value successfully

2022-03-29 22:17:58 - [MESSAGE][PASSED] - Verify element property value successfully]]></system-out>
         <system-err><![CDATA[]]></system-err>
      </testcase>
      <testcase name="Test Cases/3. get token - feedback insurance" time="0.972" classname="Test Cases/3. get token - feedback insurance" status="PASSED">
         <system-out><![CDATA[2022-03-29 22:17:58 - [TEST_CASE][PASSED] - Test Cases/3. get token - feedback insurance: Test Cases/3. get token - feedback insurance

2022-03-29 22:17:58 - [TEST_STEP][PASSED] - token = sendRequest(findTestObject("1. Get-Token")): Send request successfully

2022-03-29 22:17:58 - [MESSAGE][INFO] - HAR: I:\app-testing\app-project\Order car insurance\order-car-insurance\Reports\20220329_215823\3. Get feedback insurance - Batch 1\20220329_215824\requests\main\586.har

2022-03-29 22:17:58 - [MESSAGE][PASSED] - Send request successfully

2022-03-29 22:17:58 - [TEST_STEP][PASSED] - slurper = new groovy.json.JsonSlurper(): null

2022-03-29 22:17:58 - [TEST_STEP][PASSED] - get_token = slurper.parseText(token.getResponseBodyContent()): null

2022-03-29 22:17:58 - [TEST_STEP][PASSED] - private_token = access_token: null

2022-03-29 22:17:58 - [TEST_STEP][PASSED] - global_token = private_token: null

2022-03-29 22:17:58 - [TEST_STEP][PASSED] - println("token is :" + global_token): null

2022-03-29 22:17:58 - [TEST_STEP][PASSED] - response_token = token.getResponseText(): null

2022-03-29 22:17:58 - [TEST_STEP][PASSED] - logInfo($response_token): 
            {
                "token_type": "BearerToken",
                "access_token": "dm8o13CbdtWm897VRtLoGoyOzA7s",
                "expires_in": "1799",
                "scope": ""
            }
        

2022-03-29 22:17:58 - [MESSAGE][INFO] - 
            {
                "token_type": "BearerToken",
                "access_token": "dm8o13CbdtWm897VRtLoGoyOzA7s",
                "expires_in": "1799",
                "scope": ""
            }
        

2022-03-29 22:17:58 - [TEST_STEP][PASSED] - feedback = sendRequest(findTestObject("4. Feedback-ins", ["s_key":global_token, "batchid":batchid, "norek":norek, "nopin":nopin, "custname":custname, "pemohon":pemohon, "branchid":branchid, ... ])): Send request successfully

2022-03-29 22:17:59 - [MESSAGE][INFO] - HAR: I:\app-testing\app-project\Order car insurance\order-car-insurance\Reports\20220329_215823\3. Get feedback insurance - Batch 1\20220329_215824\requests\main\587.har

2022-03-29 22:17:59 - [MESSAGE][PASSED] - Send request successfully

2022-03-29 22:17:59 - [TEST_STEP][PASSED] - response_feedback = feedback.getResponseText(): null

2022-03-29 22:17:59 - [TEST_STEP][PASSED] - markPassed("result feedback data : " + no + " norek : " + norek + " nopin : " + nopin): result feedback data : 303 norek : 9942006587 nopin : 001

2022-03-29 22:17:59 - [MESSAGE][PASSED] - result feedback data : 303 norek : 9942006587 nopin : 001

2022-03-29 22:17:59 - [TEST_STEP][PASSED] - logInfo($response_feedback): {
  "FeedbackCarInsuranceResponse" : {
    "errorCode" : "00",
    "errorMessage" : "Sukses"
  }
}

2022-03-29 22:17:59 - [MESSAGE][INFO] - {
  "FeedbackCarInsuranceResponse" : {
    "errorCode" : "00",
    "errorMessage" : "Sukses"
  }
}

2022-03-29 22:17:59 - [TEST_STEP][PASSED] - verifyElementPropertyValue(feedback, "FeedbackCarInsuranceResponse.errorMessage", "Sukses", CONTINUE_ON_FAILURE): Verify element property value successfully

2022-03-29 22:17:59 - [MESSAGE][PASSED] - Verify element property value successfully]]></system-out>
         <system-err><![CDATA[]]></system-err>
      </testcase>
      <testcase name="Test Cases/3. get token - feedback insurance" time="0.898" classname="Test Cases/3. get token - feedback insurance" status="PASSED">
         <system-out><![CDATA[2022-03-29 22:18:00 - [TEST_CASE][PASSED] - Test Cases/3. get token - feedback insurance: Test Cases/3. get token - feedback insurance

2022-03-29 22:18:00 - [TEST_STEP][PASSED] - token = sendRequest(findTestObject("1. Get-Token")): Send request successfully

2022-03-29 22:18:00 - [MESSAGE][INFO] - HAR: I:\app-testing\app-project\Order car insurance\order-car-insurance\Reports\20220329_215823\3. Get feedback insurance - Batch 1\20220329_215824\requests\main\588.har

2022-03-29 22:18:00 - [MESSAGE][PASSED] - Send request successfully

2022-03-29 22:18:00 - [TEST_STEP][PASSED] - slurper = new groovy.json.JsonSlurper(): null

2022-03-29 22:18:00 - [TEST_STEP][PASSED] - get_token = slurper.parseText(token.getResponseBodyContent()): null

2022-03-29 22:18:00 - [TEST_STEP][PASSED] - private_token = access_token: null

2022-03-29 22:18:00 - [TEST_STEP][PASSED] - global_token = private_token: null

2022-03-29 22:18:00 - [TEST_STEP][PASSED] - println("token is :" + global_token): null

2022-03-29 22:18:00 - [TEST_STEP][PASSED] - response_token = token.getResponseText(): null

2022-03-29 22:18:00 - [TEST_STEP][PASSED] - logInfo($response_token): 
            {
                "token_type": "BearerToken",
                "access_token": "96GcTgmLD6SKZmB5kXSqpTPtAjv2",
                "expires_in": "1799",
                "scope": ""
            }
        

2022-03-29 22:18:00 - [MESSAGE][INFO] - 
            {
                "token_type": "BearerToken",
                "access_token": "96GcTgmLD6SKZmB5kXSqpTPtAjv2",
                "expires_in": "1799",
                "scope": ""
            }
        

2022-03-29 22:18:00 - [TEST_STEP][PASSED] - feedback = sendRequest(findTestObject("4. Feedback-ins", ["s_key":global_token, "batchid":batchid, "norek":norek, "nopin":nopin, "custname":custname, "pemohon":pemohon, "branchid":branchid, ... ])): Send request successfully

2022-03-29 22:18:00 - [MESSAGE][INFO] - HAR: I:\app-testing\app-project\Order car insurance\order-car-insurance\Reports\20220329_215823\3. Get feedback insurance - Batch 1\20220329_215824\requests\main\589.har

2022-03-29 22:18:00 - [MESSAGE][PASSED] - Send request successfully

2022-03-29 22:18:00 - [TEST_STEP][PASSED] - response_feedback = feedback.getResponseText(): null

2022-03-29 22:18:00 - [TEST_STEP][PASSED] - markPassed("result feedback data : " + no + " norek : " + norek + " nopin : " + nopin): result feedback data : 304 norek : 9942006587 nopin : 001

2022-03-29 22:18:00 - [MESSAGE][PASSED] - result feedback data : 304 norek : 9942006587 nopin : 001

2022-03-29 22:18:00 - [TEST_STEP][PASSED] - logInfo($response_feedback): {
  "FeedbackCarInsuranceResponse" : {
    "errorCode" : "00",
    "errorMessage" : "Sukses"
  }
}

2022-03-29 22:18:00 - [MESSAGE][INFO] - {
  "FeedbackCarInsuranceResponse" : {
    "errorCode" : "00",
    "errorMessage" : "Sukses"
  }
}

2022-03-29 22:18:00 - [TEST_STEP][PASSED] - verifyElementPropertyValue(feedback, "FeedbackCarInsuranceResponse.errorMessage", "Sukses", CONTINUE_ON_FAILURE): Verify element property value successfully

2022-03-29 22:18:00 - [MESSAGE][PASSED] - Verify element property value successfully]]></system-out>
         <system-err><![CDATA[]]></system-err>
      </testcase>
      <testcase name="Test Cases/3. get token - feedback insurance" time="0.951" classname="Test Cases/3. get token - feedback insurance" status="PASSED">
         <system-out><![CDATA[2022-03-29 22:18:01 - [TEST_CASE][PASSED] - Test Cases/3. get token - feedback insurance: Test Cases/3. get token - feedback insurance

2022-03-29 22:18:01 - [TEST_STEP][PASSED] - token = sendRequest(findTestObject("1. Get-Token")): Send request successfully

2022-03-29 22:18:01 - [MESSAGE][INFO] - HAR: I:\app-testing\app-project\Order car insurance\order-car-insurance\Reports\20220329_215823\3. Get feedback insurance - Batch 1\20220329_215824\requests\main\590.har

2022-03-29 22:18:01 - [MESSAGE][PASSED] - Send request successfully

2022-03-29 22:18:01 - [TEST_STEP][PASSED] - slurper = new groovy.json.JsonSlurper(): null

2022-03-29 22:18:01 - [TEST_STEP][PASSED] - get_token = slurper.parseText(token.getResponseBodyContent()): null

2022-03-29 22:18:01 - [TEST_STEP][PASSED] - private_token = access_token: null

2022-03-29 22:18:01 - [TEST_STEP][PASSED] - global_token = private_token: null

2022-03-29 22:18:01 - [TEST_STEP][PASSED] - println("token is :" + global_token): null

2022-03-29 22:18:01 - [TEST_STEP][PASSED] - response_token = token.getResponseText(): null

2022-03-29 22:18:01 - [TEST_STEP][PASSED] - logInfo($response_token): 
            {
                "token_type": "BearerToken",
                "access_token": "fMGXo6kjUohxdKG8VwRYSk9ysCma",
                "expires_in": "1799",
                "scope": ""
            }
        

2022-03-29 22:18:01 - [MESSAGE][INFO] - 
            {
                "token_type": "BearerToken",
                "access_token": "fMGXo6kjUohxdKG8VwRYSk9ysCma",
                "expires_in": "1799",
                "scope": ""
            }
        

2022-03-29 22:18:01 - [TEST_STEP][PASSED] - feedback = sendRequest(findTestObject("4. Feedback-ins", ["s_key":global_token, "batchid":batchid, "norek":norek, "nopin":nopin, "custname":custname, "pemohon":pemohon, "branchid":branchid, ... ])): Send request successfully

2022-03-29 22:18:02 - [MESSAGE][INFO] - HAR: I:\app-testing\app-project\Order car insurance\order-car-insurance\Reports\20220329_215823\3. Get feedback insurance - Batch 1\20220329_215824\requests\main\591.har

2022-03-29 22:18:02 - [MESSAGE][PASSED] - Send request successfully

2022-03-29 22:18:02 - [TEST_STEP][PASSED] - response_feedback = feedback.getResponseText(): null

2022-03-29 22:18:02 - [TEST_STEP][PASSED] - markPassed("result feedback data : " + no + " norek : " + norek + " nopin : " + nopin): result feedback data : 305 norek : 9942006587 nopin : 001

2022-03-29 22:18:02 - [MESSAGE][PASSED] - result feedback data : 305 norek : 9942006587 nopin : 001

2022-03-29 22:18:02 - [TEST_STEP][PASSED] - logInfo($response_feedback): {
  "FeedbackCarInsuranceResponse" : {
    "errorCode" : "00",
    "errorMessage" : "Sukses"
  }
}

2022-03-29 22:18:02 - [MESSAGE][INFO] - {
  "FeedbackCarInsuranceResponse" : {
    "errorCode" : "00",
    "errorMessage" : "Sukses"
  }
}

2022-03-29 22:18:02 - [TEST_STEP][PASSED] - verifyElementPropertyValue(feedback, "FeedbackCarInsuranceResponse.errorMessage", "Sukses", CONTINUE_ON_FAILURE): Verify element property value successfully

2022-03-29 22:18:02 - [MESSAGE][PASSED] - Verify element property value successfully]]></system-out>
         <system-err><![CDATA[]]></system-err>
      </testcase>
      <testcase name="Test Cases/3. get token - feedback insurance" time="1.231" classname="Test Cases/3. get token - feedback insurance" status="PASSED">
         <system-out><![CDATA[2022-03-29 22:18:02 - [TEST_CASE][PASSED] - Test Cases/3. get token - feedback insurance: Test Cases/3. get token - feedback insurance

2022-03-29 22:18:02 - [TEST_STEP][PASSED] - token = sendRequest(findTestObject("1. Get-Token")): Send request successfully

2022-03-29 22:18:03 - [MESSAGE][INFO] - HAR: I:\app-testing\app-project\Order car insurance\order-car-insurance\Reports\20220329_215823\3. Get feedback insurance - Batch 1\20220329_215824\requests\main\592.har

2022-03-29 22:18:03 - [MESSAGE][PASSED] - Send request successfully

2022-03-29 22:18:03 - [TEST_STEP][PASSED] - slurper = new groovy.json.JsonSlurper(): null

2022-03-29 22:18:03 - [TEST_STEP][PASSED] - get_token = slurper.parseText(token.getResponseBodyContent()): null

2022-03-29 22:18:03 - [TEST_STEP][PASSED] - private_token = access_token: null

2022-03-29 22:18:03 - [TEST_STEP][PASSED] - global_token = private_token: null

2022-03-29 22:18:03 - [TEST_STEP][PASSED] - println("token is :" + global_token): null

2022-03-29 22:18:03 - [TEST_STEP][PASSED] - response_token = token.getResponseText(): null

2022-03-29 22:18:03 - [TEST_STEP][PASSED] - logInfo($response_token): 
            {
                "token_type": "BearerToken",
                "access_token": "yc2MkF7evERtxxjS0KEEgVaLyBKg",
                "expires_in": "1799",
                "scope": ""
            }
        

2022-03-29 22:18:03 - [MESSAGE][INFO] - 
            {
                "token_type": "BearerToken",
                "access_token": "yc2MkF7evERtxxjS0KEEgVaLyBKg",
                "expires_in": "1799",
                "scope": ""
            }
        

2022-03-29 22:18:03 - [TEST_STEP][PASSED] - feedback = sendRequest(findTestObject("4. Feedback-ins", ["s_key":global_token, "batchid":batchid, "norek":norek, "nopin":nopin, "custname":custname, "pemohon":pemohon, "branchid":branchid, ... ])): Send request successfully

2022-03-29 22:18:03 - [MESSAGE][INFO] - HAR: I:\app-testing\app-project\Order car insurance\order-car-insurance\Reports\20220329_215823\3. Get feedback insurance - Batch 1\20220329_215824\requests\main\593.har

2022-03-29 22:18:03 - [MESSAGE][PASSED] - Send request successfully

2022-03-29 22:18:03 - [TEST_STEP][PASSED] - response_feedback = feedback.getResponseText(): null

2022-03-29 22:18:03 - [TEST_STEP][PASSED] - markPassed("result feedback data : " + no + " norek : " + norek + " nopin : " + nopin): result feedback data : 306 norek : 9942006587 nopin : 001

2022-03-29 22:18:03 - [MESSAGE][PASSED] - result feedback data : 306 norek : 9942006587 nopin : 001

2022-03-29 22:18:03 - [TEST_STEP][PASSED] - logInfo($response_feedback): {
  "FeedbackCarInsuranceResponse" : {
    "errorCode" : "00",
    "errorMessage" : "Sukses"
  }
}

2022-03-29 22:18:03 - [MESSAGE][INFO] - {
  "FeedbackCarInsuranceResponse" : {
    "errorCode" : "00",
    "errorMessage" : "Sukses"
  }
}

2022-03-29 22:18:03 - [TEST_STEP][PASSED] - verifyElementPropertyValue(feedback, "FeedbackCarInsuranceResponse.errorMessage", "Sukses", CONTINUE_ON_FAILURE): Verify element property value successfully

2022-03-29 22:18:04 - [MESSAGE][PASSED] - Verify element property value successfully]]></system-out>
         <system-err><![CDATA[]]></system-err>
      </testcase>
      <testcase name="Test Cases/3. get token - feedback insurance" time="427.796" classname="Test Cases/3. get token - feedback insurance" status="PASSED">
         <system-out><![CDATA[2022-03-29 22:18:04 - [TEST_CASE][PASSED] - Test Cases/3. get token - feedback insurance: Test Cases/3. get token - feedback insurance

2022-03-29 22:25:11 - [TEST_STEP][PASSED] - token = sendRequest(findTestObject("1. Get-Token")): Send request successfully

2022-03-29 22:25:11 - [MESSAGE][INFO] - HAR: I:\app-testing\app-project\Order car insurance\order-car-insurance\Reports\20220329_215823\3. Get feedback insurance - Batch 1\20220329_215824\requests\main\594.har

2022-03-29 22:25:11 - [MESSAGE][PASSED] - Send request successfully

2022-03-29 22:25:11 - [TEST_STEP][PASSED] - slurper = new groovy.json.JsonSlurper(): null

2022-03-29 22:25:11 - [TEST_STEP][PASSED] - get_token = slurper.parseText(token.getResponseBodyContent()): null

2022-03-29 22:25:11 - [TEST_STEP][PASSED] - private_token = access_token: null

2022-03-29 22:25:11 - [TEST_STEP][PASSED] - global_token = private_token: null

2022-03-29 22:25:11 - [TEST_STEP][PASSED] - println("token is :" + global_token): null

2022-03-29 22:25:11 - [TEST_STEP][PASSED] - response_token = token.getResponseText(): null

2022-03-29 22:25:11 - [TEST_STEP][PASSED] - logInfo($response_token): 
            {
                "token_type": "BearerToken",
                "access_token": "oGyaHxdnGlpAgjP8tajAV6tljQLf",
                "expires_in": "1799",
                "scope": ""
            }
        

2022-03-29 22:25:11 - [MESSAGE][INFO] - 
            {
                "token_type": "BearerToken",
                "access_token": "oGyaHxdnGlpAgjP8tajAV6tljQLf",
                "expires_in": "1799",
                "scope": ""
            }
        

2022-03-29 22:25:11 - [TEST_STEP][PASSED] - feedback = sendRequest(findTestObject("4. Feedback-ins", ["s_key":global_token, "batchid":batchid, "norek":norek, "nopin":nopin, "custname":custname, "pemohon":pemohon, "branchid":branchid, ... ])): Send request successfully

2022-03-29 22:25:12 - [MESSAGE][INFO] - HAR: I:\app-testing\app-project\Order car insurance\order-car-insurance\Reports\20220329_215823\3. Get feedback insurance - Batch 1\20220329_215824\requests\main\595.har

2022-03-29 22:25:12 - [MESSAGE][PASSED] - Send request successfully

2022-03-29 22:25:12 - [TEST_STEP][PASSED] - response_feedback = feedback.getResponseText(): null

2022-03-29 22:25:12 - [TEST_STEP][PASSED] - markPassed("result feedback data : " + no + " norek : " + norek + " nopin : " + nopin): result feedback data : 307 norek : 9950005712 nopin : 001

2022-03-29 22:25:12 - [MESSAGE][PASSED] - result feedback data : 307 norek : 9950005712 nopin : 001

2022-03-29 22:25:12 - [TEST_STEP][PASSED] - logInfo($response_feedback): {
  "FeedbackCarInsuranceResponse" : {
    "errorCode" : "00",
    "errorMessage" : "Sukses"
  }
}

2022-03-29 22:25:12 - [MESSAGE][INFO] - {
  "FeedbackCarInsuranceResponse" : {
    "errorCode" : "00",
    "errorMessage" : "Sukses"
  }
}

2022-03-29 22:25:12 - [TEST_STEP][PASSED] - verifyElementPropertyValue(feedback, "FeedbackCarInsuranceResponse.errorMessage", "Sukses", CONTINUE_ON_FAILURE): Verify element property value successfully

2022-03-29 22:25:12 - [MESSAGE][PASSED] - Verify element property value successfully]]></system-out>
         <system-err><![CDATA[]]></system-err>
      </testcase>
      <testcase name="Test Cases/3. get token - feedback insurance" time="17.212" classname="Test Cases/3. get token - feedback insurance" status="PASSED">
         <system-out><![CDATA[2022-03-29 22:25:12 - [TEST_CASE][PASSED] - Test Cases/3. get token - feedback insurance: Test Cases/3. get token - feedback insurance

2022-03-29 22:25:12 - [TEST_STEP][PASSED] - token = sendRequest(findTestObject("1. Get-Token")): Send request successfully

2022-03-29 22:25:12 - [MESSAGE][INFO] - HAR: I:\app-testing\app-project\Order car insurance\order-car-insurance\Reports\20220329_215823\3. Get feedback insurance - Batch 1\20220329_215824\requests\main\596.har

2022-03-29 22:25:12 - [MESSAGE][PASSED] - Send request successfully

2022-03-29 22:25:12 - [TEST_STEP][PASSED] - slurper = new groovy.json.JsonSlurper(): null

2022-03-29 22:25:12 - [TEST_STEP][PASSED] - get_token = slurper.parseText(token.getResponseBodyContent()): null

2022-03-29 22:25:12 - [TEST_STEP][PASSED] - private_token = access_token: null

2022-03-29 22:25:12 - [TEST_STEP][PASSED] - global_token = private_token: null

2022-03-29 22:25:12 - [TEST_STEP][PASSED] - println("token is :" + global_token): null

2022-03-29 22:25:12 - [TEST_STEP][PASSED] - response_token = token.getResponseText(): null

2022-03-29 22:25:12 - [TEST_STEP][PASSED] - logInfo($response_token): 
            {
                "token_type": "BearerToken",
                "access_token": "lVS08RGkY8RyKM1GBEJ7KQ91dGeM",
                "expires_in": "1799",
                "scope": ""
            }
        

2022-03-29 22:25:12 - [MESSAGE][INFO] - 
            {
                "token_type": "BearerToken",
                "access_token": "lVS08RGkY8RyKM1GBEJ7KQ91dGeM",
                "expires_in": "1799",
                "scope": ""
            }
        

2022-03-29 22:25:12 - [TEST_STEP][PASSED] - feedback = sendRequest(findTestObject("4. Feedback-ins", ["s_key":global_token, "batchid":batchid, "norek":norek, "nopin":nopin, "custname":custname, "pemohon":pemohon, "branchid":branchid, ... ])): Send request successfully

2022-03-29 22:25:13 - [MESSAGE][INFO] - HAR: I:\app-testing\app-project\Order car insurance\order-car-insurance\Reports\20220329_215823\3. Get feedback insurance - Batch 1\20220329_215824\requests\main\597.har

2022-03-29 22:25:13 - [MESSAGE][PASSED] - Send request successfully

2022-03-29 22:25:13 - [TEST_STEP][PASSED] - response_feedback = feedback.getResponseText(): null

2022-03-29 22:25:29 - [TEST_STEP][PASSED] - markPassed("result feedback data : " + no + " norek : " + norek + " nopin : " + nopin): result feedback data : 308 norek : 9950005712 nopin : 001

2022-03-29 22:25:29 - [MESSAGE][PASSED] - result feedback data : 308 norek : 9950005712 nopin : 001

2022-03-29 22:25:29 - [TEST_STEP][PASSED] - logInfo($response_feedback): {
  "FeedbackCarInsuranceResponse" : {
    "errorCode" : "00",
    "errorMessage" : "Sukses"
  }
}

2022-03-29 22:25:29 - [MESSAGE][INFO] - {
  "FeedbackCarInsuranceResponse" : {
    "errorCode" : "00",
    "errorMessage" : "Sukses"
  }
}

2022-03-29 22:25:29 - [TEST_STEP][PASSED] - verifyElementPropertyValue(feedback, "FeedbackCarInsuranceResponse.errorMessage", "Sukses", CONTINUE_ON_FAILURE): Verify element property value successfully

2022-03-29 22:25:29 - [MESSAGE][PASSED] - Verify element property value successfully]]></system-out>
         <system-err><![CDATA[]]></system-err>
      </testcase>
      <testcase name="Test Cases/3. get token - feedback insurance" time="1.008" classname="Test Cases/3. get token - feedback insurance" status="PASSED">
         <system-out><![CDATA[2022-03-29 22:25:30 - [TEST_CASE][PASSED] - Test Cases/3. get token - feedback insurance: Test Cases/3. get token - feedback insurance

2022-03-29 22:25:30 - [TEST_STEP][PASSED] - token = sendRequest(findTestObject("1. Get-Token")): Send request successfully

2022-03-29 22:25:30 - [MESSAGE][INFO] - HAR: I:\app-testing\app-project\Order car insurance\order-car-insurance\Reports\20220329_215823\3. Get feedback insurance - Batch 1\20220329_215824\requests\main\598.har

2022-03-29 22:25:30 - [MESSAGE][PASSED] - Send request successfully

2022-03-29 22:25:30 - [TEST_STEP][PASSED] - slurper = new groovy.json.JsonSlurper(): null

2022-03-29 22:25:30 - [TEST_STEP][PASSED] - get_token = slurper.parseText(token.getResponseBodyContent()): null

2022-03-29 22:25:30 - [TEST_STEP][PASSED] - private_token = access_token: null

2022-03-29 22:25:30 - [TEST_STEP][PASSED] - global_token = private_token: null

2022-03-29 22:25:30 - [TEST_STEP][PASSED] - println("token is :" + global_token): null

2022-03-29 22:25:30 - [TEST_STEP][PASSED] - response_token = token.getResponseText(): null

2022-03-29 22:25:30 - [TEST_STEP][PASSED] - logInfo($response_token): 
            {
                "token_type": "BearerToken",
                "access_token": "FyYXChDJBoiOwWfRySJd1GtQ5HGV",
                "expires_in": "1799",
                "scope": ""
            }
        

2022-03-29 22:25:30 - [MESSAGE][INFO] - 
            {
                "token_type": "BearerToken",
                "access_token": "FyYXChDJBoiOwWfRySJd1GtQ5HGV",
                "expires_in": "1799",
                "scope": ""
            }
        

2022-03-29 22:25:30 - [TEST_STEP][PASSED] - feedback = sendRequest(findTestObject("4. Feedback-ins", ["s_key":global_token, "batchid":batchid, "norek":norek, "nopin":nopin, "custname":custname, "pemohon":pemohon, "branchid":branchid, ... ])): Send request successfully

2022-03-29 22:25:31 - [MESSAGE][INFO] - HAR: I:\app-testing\app-project\Order car insurance\order-car-insurance\Reports\20220329_215823\3. Get feedback insurance - Batch 1\20220329_215824\requests\main\599.har

2022-03-29 22:25:31 - [MESSAGE][PASSED] - Send request successfully

2022-03-29 22:25:31 - [TEST_STEP][PASSED] - response_feedback = feedback.getResponseText(): null

2022-03-29 22:25:31 - [TEST_STEP][PASSED] - markPassed("result feedback data : " + no + " norek : " + norek + " nopin : " + nopin): result feedback data : 309 norek : 9950005712 nopin : 001

2022-03-29 22:25:31 - [MESSAGE][PASSED] - result feedback data : 309 norek : 9950005712 nopin : 001

2022-03-29 22:25:31 - [TEST_STEP][PASSED] - logInfo($response_feedback): {
  "FeedbackCarInsuranceResponse" : {
    "errorCode" : "00",
    "errorMessage" : "Sukses"
  }
}

2022-03-29 22:25:31 - [MESSAGE][INFO] - {
  "FeedbackCarInsuranceResponse" : {
    "errorCode" : "00",
    "errorMessage" : "Sukses"
  }
}

2022-03-29 22:25:31 - [TEST_STEP][PASSED] - verifyElementPropertyValue(feedback, "FeedbackCarInsuranceResponse.errorMessage", "Sukses", CONTINUE_ON_FAILURE): Verify element property value successfully

2022-03-29 22:25:31 - [MESSAGE][PASSED] - Verify element property value successfully]]></system-out>
         <system-err><![CDATA[]]></system-err>
      </testcase>
      <testcase name="Test Cases/3. get token - feedback insurance" time="1.102" classname="Test Cases/3. get token - feedback insurance" status="PASSED">
         <system-out><![CDATA[2022-03-29 22:25:31 - [TEST_CASE][PASSED] - Test Cases/3. get token - feedback insurance: Test Cases/3. get token - feedback insurance

2022-03-29 22:25:31 - [TEST_STEP][PASSED] - token = sendRequest(findTestObject("1. Get-Token")): Send request successfully

2022-03-29 22:25:32 - [MESSAGE][INFO] - HAR: I:\app-testing\app-project\Order car insurance\order-car-insurance\Reports\20220329_215823\3. Get feedback insurance - Batch 1\20220329_215824\requests\main\600.har

2022-03-29 22:25:32 - [MESSAGE][PASSED] - Send request successfully

2022-03-29 22:25:32 - [TEST_STEP][PASSED] - slurper = new groovy.json.JsonSlurper(): null

2022-03-29 22:25:32 - [TEST_STEP][PASSED] - get_token = slurper.parseText(token.getResponseBodyContent()): null

2022-03-29 22:25:32 - [TEST_STEP][PASSED] - private_token = access_token: null

2022-03-29 22:25:32 - [TEST_STEP][PASSED] - global_token = private_token: null

2022-03-29 22:25:32 - [TEST_STEP][PASSED] - println("token is :" + global_token): null

2022-03-29 22:25:32 - [TEST_STEP][PASSED] - response_token = token.getResponseText(): null

2022-03-29 22:25:32 - [TEST_STEP][PASSED] - logInfo($response_token): 
            {
                "token_type": "BearerToken",
                "access_token": "t20TaMHu0SkhKTNiszJ7AueciDGA",
                "expires_in": "1799",
                "scope": ""
            }
        

2022-03-29 22:25:32 - [MESSAGE][INFO] - 
            {
                "token_type": "BearerToken",
                "access_token": "t20TaMHu0SkhKTNiszJ7AueciDGA",
                "expires_in": "1799",
                "scope": ""
            }
        

2022-03-29 22:25:32 - [TEST_STEP][PASSED] - feedback = sendRequest(findTestObject("4. Feedback-ins", ["s_key":global_token, "batchid":batchid, "norek":norek, "nopin":nopin, "custname":custname, "pemohon":pemohon, "branchid":branchid, ... ])): Send request successfully

2022-03-29 22:25:32 - [MESSAGE][INFO] - HAR: I:\app-testing\app-project\Order car insurance\order-car-insurance\Reports\20220329_215823\3. Get feedback insurance - Batch 1\20220329_215824\requests\main\601.har

2022-03-29 22:25:32 - [MESSAGE][PASSED] - Send request successfully

2022-03-29 22:25:32 - [TEST_STEP][PASSED] - response_feedback = feedback.getResponseText(): null

2022-03-29 22:25:32 - [TEST_STEP][PASSED] - markPassed("result feedback data : " + no + " norek : " + norek + " nopin : " + nopin): result feedback data : 310 norek : 9950005712 nopin : 001

2022-03-29 22:25:32 - [MESSAGE][PASSED] - result feedback data : 310 norek : 9950005712 nopin : 001

2022-03-29 22:25:32 - [TEST_STEP][PASSED] - logInfo($response_feedback): {
  "FeedbackCarInsuranceResponse" : {
    "errorCode" : "00",
    "errorMessage" : "Sukses"
  }
}

2022-03-29 22:25:32 - [MESSAGE][INFO] - {
  "FeedbackCarInsuranceResponse" : {
    "errorCode" : "00",
    "errorMessage" : "Sukses"
  }
}

2022-03-29 22:25:32 - [TEST_STEP][PASSED] - verifyElementPropertyValue(feedback, "FeedbackCarInsuranceResponse.errorMessage", "Sukses", CONTINUE_ON_FAILURE): Verify element property value successfully

2022-03-29 22:25:32 - [MESSAGE][PASSED] - Verify element property value successfully]]></system-out>
         <system-err><![CDATA[]]></system-err>
      </testcase>
      <testcase name="Test Cases/3. get token - feedback insurance" time="1.106" classname="Test Cases/3. get token - feedback insurance" status="PASSED">
         <system-out><![CDATA[2022-03-29 22:25:33 - [TEST_CASE][PASSED] - Test Cases/3. get token - feedback insurance: Test Cases/3. get token - feedback insurance

2022-03-29 22:25:33 - [TEST_STEP][PASSED] - token = sendRequest(findTestObject("1. Get-Token")): Send request successfully

2022-03-29 22:25:33 - [MESSAGE][INFO] - HAR: I:\app-testing\app-project\Order car insurance\order-car-insurance\Reports\20220329_215823\3. Get feedback insurance - Batch 1\20220329_215824\requests\main\602.har

2022-03-29 22:25:33 - [MESSAGE][PASSED] - Send request successfully

2022-03-29 22:25:33 - [TEST_STEP][PASSED] - slurper = new groovy.json.JsonSlurper(): null

2022-03-29 22:25:33 - [TEST_STEP][PASSED] - get_token = slurper.parseText(token.getResponseBodyContent()): null

2022-03-29 22:25:33 - [TEST_STEP][PASSED] - private_token = access_token: null

2022-03-29 22:25:33 - [TEST_STEP][PASSED] - global_token = private_token: null

2022-03-29 22:25:33 - [TEST_STEP][PASSED] - println("token is :" + global_token): null

2022-03-29 22:25:33 - [TEST_STEP][PASSED] - response_token = token.getResponseText(): null

2022-03-29 22:25:33 - [TEST_STEP][PASSED] - logInfo($response_token): 
            {
                "token_type": "BearerToken",
                "access_token": "zd5Ze0AtC057a8ZbsrBbvOebWnuH",
                "expires_in": "1799",
                "scope": ""
            }
        

2022-03-29 22:25:33 - [MESSAGE][INFO] - 
            {
                "token_type": "BearerToken",
                "access_token": "zd5Ze0AtC057a8ZbsrBbvOebWnuH",
                "expires_in": "1799",
                "scope": ""
            }
        

2022-03-29 22:25:33 - [TEST_STEP][PASSED] - feedback = sendRequest(findTestObject("4. Feedback-ins", ["s_key":global_token, "batchid":batchid, "norek":norek, "nopin":nopin, "custname":custname, "pemohon":pemohon, "branchid":branchid, ... ])): Send request successfully

2022-03-29 22:25:34 - [MESSAGE][INFO] - HAR: I:\app-testing\app-project\Order car insurance\order-car-insurance\Reports\20220329_215823\3. Get feedback insurance - Batch 1\20220329_215824\requests\main\603.har

2022-03-29 22:25:34 - [MESSAGE][PASSED] - Send request successfully

2022-03-29 22:25:34 - [TEST_STEP][PASSED] - response_feedback = feedback.getResponseText(): null

2022-03-29 22:25:34 - [TEST_STEP][PASSED] - markPassed("result feedback data : " + no + " norek : " + norek + " nopin : " + nopin): result feedback data : 311 norek : 9991005020 nopin : 001

2022-03-29 22:25:34 - [MESSAGE][PASSED] - result feedback data : 311 norek : 9991005020 nopin : 001

2022-03-29 22:25:34 - [TEST_STEP][PASSED] - logInfo($response_feedback): {
  "FeedbackCarInsuranceResponse" : {
    "errorCode" : "00",
    "errorMessage" : "Sukses"
  }
}

2022-03-29 22:25:34 - [MESSAGE][INFO] - {
  "FeedbackCarInsuranceResponse" : {
    "errorCode" : "00",
    "errorMessage" : "Sukses"
  }
}

2022-03-29 22:25:34 - [TEST_STEP][PASSED] - verifyElementPropertyValue(feedback, "FeedbackCarInsuranceResponse.errorMessage", "Sukses", CONTINUE_ON_FAILURE): Verify element property value successfully

2022-03-29 22:25:34 - [MESSAGE][PASSED] - Verify element property value successfully]]></system-out>
         <system-err><![CDATA[]]></system-err>
      </testcase>
      <testcase name="Test Cases/3. get token - feedback insurance" time="0.93" classname="Test Cases/3. get token - feedback insurance" status="PASSED">
         <system-out><![CDATA[2022-03-29 22:25:34 - [TEST_CASE][PASSED] - Test Cases/3. get token - feedback insurance: Test Cases/3. get token - feedback insurance

2022-03-29 22:25:34 - [TEST_STEP][PASSED] - token = sendRequest(findTestObject("1. Get-Token")): Send request successfully

2022-03-29 22:25:34 - [MESSAGE][INFO] - HAR: I:\app-testing\app-project\Order car insurance\order-car-insurance\Reports\20220329_215823\3. Get feedback insurance - Batch 1\20220329_215824\requests\main\604.har

2022-03-29 22:25:34 - [MESSAGE][PASSED] - Send request successfully

2022-03-29 22:25:34 - [TEST_STEP][PASSED] - slurper = new groovy.json.JsonSlurper(): null

2022-03-29 22:25:34 - [TEST_STEP][PASSED] - get_token = slurper.parseText(token.getResponseBodyContent()): null

2022-03-29 22:25:34 - [TEST_STEP][PASSED] - private_token = access_token: null

2022-03-29 22:25:34 - [TEST_STEP][PASSED] - global_token = private_token: null

2022-03-29 22:25:34 - [TEST_STEP][PASSED] - println("token is :" + global_token): null

2022-03-29 22:25:34 - [TEST_STEP][PASSED] - response_token = token.getResponseText(): null

2022-03-29 22:25:34 - [TEST_STEP][PASSED] - logInfo($response_token): 
            {
                "token_type": "BearerToken",
                "access_token": "Yos6LNDWSAn5A5ZzTldal4iCeib0",
                "expires_in": "1799",
                "scope": ""
            }
        

2022-03-29 22:25:34 - [MESSAGE][INFO] - 
            {
                "token_type": "BearerToken",
                "access_token": "Yos6LNDWSAn5A5ZzTldal4iCeib0",
                "expires_in": "1799",
                "scope": ""
            }
        

2022-03-29 22:25:34 - [TEST_STEP][PASSED] - feedback = sendRequest(findTestObject("4. Feedback-ins", ["s_key":global_token, "batchid":batchid, "norek":norek, "nopin":nopin, "custname":custname, "pemohon":pemohon, "branchid":branchid, ... ])): Send request successfully

2022-03-29 22:25:35 - [MESSAGE][INFO] - HAR: I:\app-testing\app-project\Order car insurance\order-car-insurance\Reports\20220329_215823\3. Get feedback insurance - Batch 1\20220329_215824\requests\main\605.har

2022-03-29 22:25:35 - [MESSAGE][PASSED] - Send request successfully

2022-03-29 22:25:35 - [TEST_STEP][PASSED] - response_feedback = feedback.getResponseText(): null

2022-03-29 22:25:35 - [TEST_STEP][PASSED] - markPassed("result feedback data : " + no + " norek : " + norek + " nopin : " + nopin): result feedback data : 312 norek : 9991005020 nopin : 001

2022-03-29 22:25:35 - [MESSAGE][PASSED] - result feedback data : 312 norek : 9991005020 nopin : 001

2022-03-29 22:25:35 - [TEST_STEP][PASSED] - logInfo($response_feedback): {
  "FeedbackCarInsuranceResponse" : {
    "errorCode" : "00",
    "errorMessage" : "Sukses"
  }
}

2022-03-29 22:25:35 - [MESSAGE][INFO] - {
  "FeedbackCarInsuranceResponse" : {
    "errorCode" : "00",
    "errorMessage" : "Sukses"
  }
}

2022-03-29 22:25:35 - [TEST_STEP][PASSED] - verifyElementPropertyValue(feedback, "FeedbackCarInsuranceResponse.errorMessage", "Sukses", CONTINUE_ON_FAILURE): Verify element property value successfully

2022-03-29 22:25:35 - [MESSAGE][PASSED] - Verify element property value successfully]]></system-out>
         <system-err><![CDATA[]]></system-err>
      </testcase>
      <system-out><![CDATA[2022-03-29 21:58:31 - [TEST_SUITE][FAILED] - 3. Get feedback insurance - Batch 1: Test Cases/3. get token - feedback insurance FAILED.
Reason:
com.kms.katalon.core.exception.StepFailedException: Expected element property value 'Sukses' is not equal with actual property value 'OSB Service Callout action received SOAP Fault response'
	at com.kms.katalon.core.keyword.internal.KeywordMain.stepFailed(KeywordMain.groovy:39)
	at com.kms.katalon.core.webservice.keyword.builtin.VerifyElementPropertyValueKeyword$_verifyElementPropertyValue_closure1.doCall(VerifyElementPropertyValueKeyword.groovy:56)
	at com.kms.katalon.core.webservice.keyword.builtin.VerifyElementPropertyValueKeyword$_verifyElementPropertyValue_closure1.call(VerifyElementPropertyValueKeyword.groovy)
	at com.kms.katalon.core.keyword.internal.KeywordMain.runKeyword(KeywordMain.groovy:74)
	at com.kms.katalon.core.webservice.keyword.builtin.VerifyElementPropertyValueKeyword.verifyElementPropertyValue(VerifyElementPropertyValueKeyword.groovy:48)
	at com.kms.katalon.core.webservice.keyword.builtin.VerifyElementPropertyValueKeyword.execute(VerifyElementPropertyValueKeyword.groovy:43)
	at com.kms.katalon.core.keyword.internal.KeywordExecutor.executeKeywordForPlatform(KeywordExecutor.groovy:74)
	at com.kms.katalon.core.webservice.keyword.WSBuiltInKeywords.verifyElementPropertyValue(WSBuiltInKeywords.groovy:175)
	at com.kms.katalon.core.webservice.keyword.WSBuiltInKeywords$verifyElementPropertyValue$0.call(Unknown Source)
	at 3. get token - feedback insurance.run(3. get token - feedback insurance:59)
	at com.kms.katalon.core.main.ScriptEngine.run(ScriptEngine.java:194)
	at com.kms.katalon.core.main.ScriptEngine.runScriptAsRawText(ScriptEngine.java:119)
	at com.kms.katalon.core.main.TestCaseExecutor.runScript(TestCaseExecutor.java:442)
	at com.kms.katalon.core.main.TestCaseExecutor.doExecute(TestCaseExecutor.java:433)
	at com.kms.katalon.core.main.TestCaseExecutor.processExecutionPhase(TestCaseExecutor.java:412)
	at com.kms.katalon.core.main.TestCaseExecutor.accessMainPhase(TestCaseExecutor.java:404)
	at com.kms.katalon.core.main.TestCaseExecutor.execute(TestCaseExecutor.java:281)
	at com.kms.katalon.core.main.TestSuiteExecutor.accessTestCaseMainPhase(TestSuiteExecutor.java:202)
	at com.kms.katalon.core.main.TestSuiteExecutor.accessTestSuiteMainPhase(TestSuiteExecutor.java:164)
	at com.kms.katalon.core.main.TestSuiteExecutor.execute(TestSuiteExecutor.java:105)
	at com.kms.katalon.core.main.TestCaseMain.startTestSuite(TestCaseMain.java:181)
	at com.kms.katalon.core.main.TestCaseMain$startTestSuite$0.call(Unknown Source)
	at TempTestSuite1648565904909.run(TempTestSuite1648565904909.groovy:36)]]></system-out>
      <system-err><![CDATA[2022-03-29 21:58:31 - [TEST_SUITE][FAILED] - 3. Get feedback insurance - Batch 1: Test Cases/3. get token - feedback insurance FAILED.
Reason:
com.kms.katalon.core.exception.StepFailedException: Expected element property value 'Sukses' is not equal with actual property value 'OSB Service Callout action received SOAP Fault response'
	at com.kms.katalon.core.keyword.internal.KeywordMain.stepFailed(KeywordMain.groovy:39)
	at com.kms.katalon.core.webservice.keyword.builtin.VerifyElementPropertyValueKeyword$_verifyElementPropertyValue_closure1.doCall(VerifyElementPropertyValueKeyword.groovy:56)
	at com.kms.katalon.core.webservice.keyword.builtin.VerifyElementPropertyValueKeyword$_verifyElementPropertyValue_closure1.call(VerifyElementPropertyValueKeyword.groovy)
	at com.kms.katalon.core.keyword.internal.KeywordMain.runKeyword(KeywordMain.groovy:74)
	at com.kms.katalon.core.webservice.keyword.builtin.VerifyElementPropertyValueKeyword.verifyElementPropertyValue(VerifyElementPropertyValueKeyword.groovy:48)
	at com.kms.katalon.core.webservice.keyword.builtin.VerifyElementPropertyValueKeyword.execute(VerifyElementPropertyValueKeyword.groovy:43)
	at com.kms.katalon.core.keyword.internal.KeywordExecutor.executeKeywordForPlatform(KeywordExecutor.groovy:74)
	at com.kms.katalon.core.webservice.keyword.WSBuiltInKeywords.verifyElementPropertyValue(WSBuiltInKeywords.groovy:175)
	at com.kms.katalon.core.webservice.keyword.WSBuiltInKeywords$verifyElementPropertyValue$0.call(Unknown Source)
	at 3. get token - feedback insurance.run(3. get token - feedback insurance:59)
	at com.kms.katalon.core.main.ScriptEngine.run(ScriptEngine.java:194)
	at com.kms.katalon.core.main.ScriptEngine.runScriptAsRawText(ScriptEngine.java:119)
	at com.kms.katalon.core.main.TestCaseExecutor.runScript(TestCaseExecutor.java:442)
	at com.kms.katalon.core.main.TestCaseExecutor.doExecute(TestCaseExecutor.java:433)
	at com.kms.katalon.core.main.TestCaseExecutor.processExecutionPhase(TestCaseExecutor.java:412)
	at com.kms.katalon.core.main.TestCaseExecutor.accessMainPhase(TestCaseExecutor.java:404)
	at com.kms.katalon.core.main.TestCaseExecutor.execute(TestCaseExecutor.java:281)
	at com.kms.katalon.core.main.TestSuiteExecutor.accessTestCaseMainPhase(TestSuiteExecutor.java:202)
	at com.kms.katalon.core.main.TestSuiteExecutor.accessTestSuiteMainPhase(TestSuiteExecutor.java:164)
	at com.kms.katalon.core.main.TestSuiteExecutor.execute(TestSuiteExecutor.java:105)
	at com.kms.katalon.core.main.TestCaseMain.startTestSuite(TestCaseMain.java:181)
	at com.kms.katalon.core.main.TestCaseMain$startTestSuite$0.call(Unknown Source)
	at TempTestSuite1648565904909.run(TempTestSuite1648565904909.groovy:36)]]></system-err>
   </testsuite>
</testsuites>
