<?xml version="1.0" encoding="UTF-8"?>
<testsuites name="3. Get feedback insurance - Batch 1" time="13.912" tests="4" failures="0" errors="0">
   <testsuite name="3. Get feedback insurance - Batch 1" tests="4" failures="0" errors="0" time="13.912" skipped="0" timestamp="2022-03-30 11:01:42" hostname="Flavalize - DESKTOP-3CQ5RDT" id="Test Suites/3. Get feedback insurance - Batch 1">
      <properties>
         <property name="deviceName" value=""/>
         <property name="devicePlatform" value=""/>
         <property name="logFolder" value="I:\\app-testing\\app-project\\Order car insurance\\order-car-insurance\\Reports\\20220330_110131\\3. Get feedback insurance - Batch 1\\20220330_110132"/>
         <property name="logFiles" value="I:\\app-testing\\app-project\\Order car insurance\\order-car-insurance\\Reports\\20220330_110131\\3. Get feedback insurance - Batch 1\\20220330_110132\\execution0.log"/>
         <property name="attachments" value=""/>
         <property name="hostName" value="Flavalize - DESKTOP-3CQ5RDT"/>
         <property name="hostAddress" value="192.168.1.6"/>
         <property name="os" value="Windows 10 64bit"/>
         <property name="katalonVersion" value="8.2.0.208"/>
      </properties>
      <testcase name="Test Cases/3. get token - feedback insurance" time="8.437" classname="Test Cases/3. get token - feedback insurance" status="PASSED">
         <system-out><![CDATA[2022-03-30 11:01:43 - [TEST_CASE][PASSED] - Test Cases/3. get token - feedback insurance: Test Cases/3. get token - feedback insurance

2022-03-30 11:01:43 - [TEST_STEP][PASSED] - token = sendRequest(findTestObject("1. Get-Token")): Send request successfully

2022-03-30 11:01:44 - [MESSAGE][INFO] - HAR: I:\app-testing\app-project\Order car insurance\order-car-insurance\Reports\20220330_110131\3. Get feedback insurance - Batch 1\20220330_110132\requests\main\0.har

2022-03-30 11:01:45 - [MESSAGE][PASSED] - Send request successfully

2022-03-30 11:01:45 - [TEST_STEP][PASSED] - slurper = new groovy.json.JsonSlurper(): null

2022-03-30 11:01:45 - [TEST_STEP][PASSED] - get_token = slurper.parseText(token.getResponseBodyContent()): null

2022-03-30 11:01:45 - [TEST_STEP][PASSED] - private_token = access_token: null

2022-03-30 11:01:45 - [TEST_STEP][PASSED] - global_token = private_token: null

2022-03-30 11:01:45 - [TEST_STEP][PASSED] - println("token is :" + global_token): null

2022-03-30 11:01:45 - [TEST_STEP][PASSED] - response_token = token.getResponseText(): null

2022-03-30 11:01:45 - [TEST_STEP][PASSED] - logInfo($response_token): 
            {
                "token_type": "BearerToken",
                "access_token": "x5ZA4NqcUFgQvYIBV6URmab1DsGl",
                "expires_in": "1799",
                "scope": ""
            }
        

2022-03-30 11:01:45 - [MESSAGE][INFO] - 
            {
                "token_type": "BearerToken",
                "access_token": "x5ZA4NqcUFgQvYIBV6URmab1DsGl",
                "expires_in": "1799",
                "scope": ""
            }
        

2022-03-30 11:01:45 - [TEST_STEP][PASSED] - feedback = sendRequest(findTestObject("4. Feedback-ins", ["s_key":global_token, "batchid":batchid, "norek":norek, "nopin":nopin, "custname":custname, "pemohon":pemohon, "branchid":branchid, ... ])): Send request successfully

2022-03-30 11:01:51 - [MESSAGE][INFO] - HAR: I:\app-testing\app-project\Order car insurance\order-car-insurance\Reports\20220330_110131\3. Get feedback insurance - Batch 1\20220330_110132\requests\main\1.har

2022-03-30 11:01:51 - [MESSAGE][PASSED] - Send request successfully

2022-03-30 11:01:51 - [TEST_STEP][PASSED] - response_feedback = feedback.getResponseText(): null

2022-03-30 11:01:51 - [TEST_STEP][PASSED] - markPassed("result feedback data : " + no + " norek : " + norek + " nopin : " + nopin): result feedback data : 31 norek : 1220003623 nopin : 001

2022-03-30 11:01:51 - [MESSAGE][PASSED] - result feedback data : 31 norek : 1220003623 nopin : 001

2022-03-30 11:01:51 - [TEST_STEP][PASSED] - logInfo($response_feedback): {
  "FeedbackCarInsuranceResponse" : {
    "errorCode" : "00",
    "errorMessage" : "Sukses"
  }
}

2022-03-30 11:01:51 - [MESSAGE][INFO] - {
  "FeedbackCarInsuranceResponse" : {
    "errorCode" : "00",
    "errorMessage" : "Sukses"
  }
}

2022-03-30 11:01:51 - [TEST_STEP][PASSED] - verifyElementPropertyValue(feedback, "FeedbackCarInsuranceResponse.errorMessage", "Sukses", CONTINUE_ON_FAILURE): Verify element property value successfully

2022-03-30 11:01:51 - [MESSAGE][PASSED] - Verify element property value successfully]]></system-out>
         <system-err><![CDATA[]]></system-err>
      </testcase>
      <testcase name="Test Cases/3. get token - feedback insurance" time="1.117" classname="Test Cases/3. get token - feedback insurance" status="PASSED">
         <system-out><![CDATA[2022-03-30 11:01:52 - [TEST_CASE][PASSED] - Test Cases/3. get token - feedback insurance: Test Cases/3. get token - feedback insurance

2022-03-30 11:01:52 - [TEST_STEP][PASSED] - token = sendRequest(findTestObject("1. Get-Token")): Send request successfully

2022-03-30 11:01:52 - [MESSAGE][INFO] - HAR: I:\app-testing\app-project\Order car insurance\order-car-insurance\Reports\20220330_110131\3. Get feedback insurance - Batch 1\20220330_110132\requests\main\2.har

2022-03-30 11:01:52 - [MESSAGE][PASSED] - Send request successfully

2022-03-30 11:01:52 - [TEST_STEP][PASSED] - slurper = new groovy.json.JsonSlurper(): null

2022-03-30 11:01:52 - [TEST_STEP][PASSED] - get_token = slurper.parseText(token.getResponseBodyContent()): null

2022-03-30 11:01:52 - [TEST_STEP][PASSED] - private_token = access_token: null

2022-03-30 11:01:52 - [TEST_STEP][PASSED] - global_token = private_token: null

2022-03-30 11:01:52 - [TEST_STEP][PASSED] - println("token is :" + global_token): null

2022-03-30 11:01:52 - [TEST_STEP][PASSED] - response_token = token.getResponseText(): null

2022-03-30 11:01:52 - [TEST_STEP][PASSED] - logInfo($response_token): 
            {
                "token_type": "BearerToken",
                "access_token": "mlT1yyae2FCz2Fe3CDf5moMOx2l3",
                "expires_in": "1799",
                "scope": ""
            }
        

2022-03-30 11:01:52 - [MESSAGE][INFO] - 
            {
                "token_type": "BearerToken",
                "access_token": "mlT1yyae2FCz2Fe3CDf5moMOx2l3",
                "expires_in": "1799",
                "scope": ""
            }
        

2022-03-30 11:01:52 - [TEST_STEP][PASSED] - feedback = sendRequest(findTestObject("4. Feedback-ins", ["s_key":global_token, "batchid":batchid, "norek":norek, "nopin":nopin, "custname":custname, "pemohon":pemohon, "branchid":branchid, ... ])): Send request successfully

2022-03-30 11:01:53 - [MESSAGE][INFO] - HAR: I:\app-testing\app-project\Order car insurance\order-car-insurance\Reports\20220330_110131\3. Get feedback insurance - Batch 1\20220330_110132\requests\main\3.har

2022-03-30 11:01:53 - [MESSAGE][PASSED] - Send request successfully

2022-03-30 11:01:53 - [TEST_STEP][PASSED] - response_feedback = feedback.getResponseText(): null

2022-03-30 11:01:53 - [TEST_STEP][PASSED] - markPassed("result feedback data : " + no + " norek : " + norek + " nopin : " + nopin): result feedback data : 32 norek : 1220003623 nopin : 001

2022-03-30 11:01:53 - [MESSAGE][PASSED] - result feedback data : 32 norek : 1220003623 nopin : 001

2022-03-30 11:01:53 - [TEST_STEP][PASSED] - logInfo($response_feedback): {
  "FeedbackCarInsuranceResponse" : {
    "errorCode" : "00",
    "errorMessage" : "Sukses"
  }
}

2022-03-30 11:01:53 - [MESSAGE][INFO] - {
  "FeedbackCarInsuranceResponse" : {
    "errorCode" : "00",
    "errorMessage" : "Sukses"
  }
}

2022-03-30 11:01:53 - [TEST_STEP][PASSED] - verifyElementPropertyValue(feedback, "FeedbackCarInsuranceResponse.errorMessage", "Sukses", CONTINUE_ON_FAILURE): Verify element property value successfully

2022-03-30 11:01:53 - [MESSAGE][PASSED] - Verify element property value successfully]]></system-out>
         <system-err><![CDATA[]]></system-err>
      </testcase>
      <testcase name="Test Cases/3. get token - feedback insurance" time="1.142" classname="Test Cases/3. get token - feedback insurance" status="PASSED">
         <system-out><![CDATA[2022-03-30 11:01:53 - [TEST_CASE][PASSED] - Test Cases/3. get token - feedback insurance: Test Cases/3. get token - feedback insurance

2022-03-30 11:01:53 - [TEST_STEP][PASSED] - token = sendRequest(findTestObject("1. Get-Token")): Send request successfully

2022-03-30 11:01:53 - [MESSAGE][INFO] - HAR: I:\app-testing\app-project\Order car insurance\order-car-insurance\Reports\20220330_110131\3. Get feedback insurance - Batch 1\20220330_110132\requests\main\4.har

2022-03-30 11:01:53 - [MESSAGE][PASSED] - Send request successfully

2022-03-30 11:01:53 - [TEST_STEP][PASSED] - slurper = new groovy.json.JsonSlurper(): null

2022-03-30 11:01:53 - [TEST_STEP][PASSED] - get_token = slurper.parseText(token.getResponseBodyContent()): null

2022-03-30 11:01:53 - [TEST_STEP][PASSED] - private_token = access_token: null

2022-03-30 11:01:53 - [TEST_STEP][PASSED] - global_token = private_token: null

2022-03-30 11:01:53 - [TEST_STEP][PASSED] - println("token is :" + global_token): null

2022-03-30 11:01:53 - [TEST_STEP][PASSED] - response_token = token.getResponseText(): null

2022-03-30 11:01:53 - [TEST_STEP][PASSED] - logInfo($response_token): 
            {
                "token_type": "BearerToken",
                "access_token": "8GHnWmldHfoOuGa7j7eVO0faCh11",
                "expires_in": "1799",
                "scope": ""
            }
        

2022-03-30 11:01:53 - [MESSAGE][INFO] - 
            {
                "token_type": "BearerToken",
                "access_token": "8GHnWmldHfoOuGa7j7eVO0faCh11",
                "expires_in": "1799",
                "scope": ""
            }
        

2022-03-30 11:01:53 - [TEST_STEP][PASSED] - feedback = sendRequest(findTestObject("4. Feedback-ins", ["s_key":global_token, "batchid":batchid, "norek":norek, "nopin":nopin, "custname":custname, "pemohon":pemohon, "branchid":branchid, ... ])): Send request successfully

2022-03-30 11:01:54 - [MESSAGE][INFO] - HAR: I:\app-testing\app-project\Order car insurance\order-car-insurance\Reports\20220330_110131\3. Get feedback insurance - Batch 1\20220330_110132\requests\main\5.har

2022-03-30 11:01:54 - [MESSAGE][PASSED] - Send request successfully

2022-03-30 11:01:54 - [TEST_STEP][PASSED] - response_feedback = feedback.getResponseText(): null

2022-03-30 11:01:54 - [TEST_STEP][PASSED] - markPassed("result feedback data : " + no + " norek : " + norek + " nopin : " + nopin): result feedback data : 33 norek : 1220003623 nopin : 001

2022-03-30 11:01:54 - [MESSAGE][PASSED] - result feedback data : 33 norek : 1220003623 nopin : 001

2022-03-30 11:01:54 - [TEST_STEP][PASSED] - logInfo($response_feedback): {
  "FeedbackCarInsuranceResponse" : {
    "errorCode" : "00",
    "errorMessage" : "Sukses"
  }
}

2022-03-30 11:01:54 - [MESSAGE][INFO] - {
  "FeedbackCarInsuranceResponse" : {
    "errorCode" : "00",
    "errorMessage" : "Sukses"
  }
}

2022-03-30 11:01:54 - [TEST_STEP][PASSED] - verifyElementPropertyValue(feedback, "FeedbackCarInsuranceResponse.errorMessage", "Sukses", CONTINUE_ON_FAILURE): Verify element property value successfully

2022-03-30 11:01:54 - [MESSAGE][PASSED] - Verify element property value successfully]]></system-out>
         <system-err><![CDATA[]]></system-err>
      </testcase>
      <testcase name="Test Cases/3. get token - feedback insurance" time="1.195" classname="Test Cases/3. get token - feedback insurance" status="PASSED">
         <system-out><![CDATA[2022-03-30 11:01:55 - [TEST_CASE][PASSED] - Test Cases/3. get token - feedback insurance: Test Cases/3. get token - feedback insurance

2022-03-30 11:01:55 - [TEST_STEP][PASSED] - token = sendRequest(findTestObject("1. Get-Token")): Send request successfully

2022-03-30 11:01:55 - [MESSAGE][INFO] - HAR: I:\app-testing\app-project\Order car insurance\order-car-insurance\Reports\20220330_110131\3. Get feedback insurance - Batch 1\20220330_110132\requests\main\6.har

2022-03-30 11:01:55 - [MESSAGE][PASSED] - Send request successfully

2022-03-30 11:01:55 - [TEST_STEP][PASSED] - slurper = new groovy.json.JsonSlurper(): null

2022-03-30 11:01:55 - [TEST_STEP][PASSED] - get_token = slurper.parseText(token.getResponseBodyContent()): null

2022-03-30 11:01:55 - [TEST_STEP][PASSED] - private_token = access_token: null

2022-03-30 11:01:55 - [TEST_STEP][PASSED] - global_token = private_token: null

2022-03-30 11:01:55 - [TEST_STEP][PASSED] - println("token is :" + global_token): null

2022-03-30 11:01:55 - [TEST_STEP][PASSED] - response_token = token.getResponseText(): null

2022-03-30 11:01:55 - [TEST_STEP][PASSED] - logInfo($response_token): 
            {
                "token_type": "BearerToken",
                "access_token": "9iPqxM2tvXmgucXj63z0xaTrek0A",
                "expires_in": "1799",
                "scope": ""
            }
        

2022-03-30 11:01:55 - [MESSAGE][INFO] - 
            {
                "token_type": "BearerToken",
                "access_token": "9iPqxM2tvXmgucXj63z0xaTrek0A",
                "expires_in": "1799",
                "scope": ""
            }
        

2022-03-30 11:01:55 - [TEST_STEP][PASSED] - feedback = sendRequest(findTestObject("4. Feedback-ins", ["s_key":global_token, "batchid":batchid, "norek":norek, "nopin":nopin, "custname":custname, "pemohon":pemohon, "branchid":branchid, ... ])): Send request successfully

2022-03-30 11:01:56 - [MESSAGE][INFO] - HAR: I:\app-testing\app-project\Order car insurance\order-car-insurance\Reports\20220330_110131\3. Get feedback insurance - Batch 1\20220330_110132\requests\main\7.har

2022-03-30 11:01:56 - [MESSAGE][PASSED] - Send request successfully

2022-03-30 11:01:56 - [TEST_STEP][PASSED] - response_feedback = feedback.getResponseText(): null

2022-03-30 11:01:56 - [TEST_STEP][PASSED] - markPassed("result feedback data : " + no + " norek : " + norek + " nopin : " + nopin): result feedback data : 34 norek : 1220003623 nopin : 001

2022-03-30 11:01:56 - [MESSAGE][PASSED] - result feedback data : 34 norek : 1220003623 nopin : 001

2022-03-30 11:01:56 - [TEST_STEP][PASSED] - logInfo($response_feedback): {
  "FeedbackCarInsuranceResponse" : {
    "errorCode" : "00",
    "errorMessage" : "Sukses"
  }
}

2022-03-30 11:01:56 - [MESSAGE][INFO] - {
  "FeedbackCarInsuranceResponse" : {
    "errorCode" : "00",
    "errorMessage" : "Sukses"
  }
}

2022-03-30 11:01:56 - [TEST_STEP][PASSED] - verifyElementPropertyValue(feedback, "FeedbackCarInsuranceResponse.errorMessage", "Sukses", CONTINUE_ON_FAILURE): Verify element property value successfully

2022-03-30 11:01:56 - [MESSAGE][PASSED] - Verify element property value successfully]]></system-out>
         <system-err><![CDATA[]]></system-err>
      </testcase>
      <system-out><![CDATA[2022-03-30 11:01:42 - [TEST_SUITE][PASSED] - 3. Get feedback insurance - Batch 1: Test Cases/3. get token - feedback insurance]]></system-out>
      <system-err><![CDATA[]]></system-err>
   </testsuite>
</testsuites>
