<?xml version="1.0" encoding="UTF-8"?>
<testsuites name="3. Get feedback insurance - Batch 2" time="29.586" tests="12" failures="0" errors="0">
   <testsuite name="3. Get feedback insurance - Batch 2" tests="12" failures="0" errors="0" time="29.586" skipped="0" timestamp="2022-03-29 10:40:10" hostname="Flavalize - DESKTOP-3CQ5RDT" id="Test Suites/3. Get feedback insurance - Batch 2">
      <properties>
         <property name="deviceName" value=""/>
         <property name="devicePlatform" value=""/>
         <property name="logFolder" value="I:\\app-testing\\app-project\\Order car insurance\\order-car-insurance\\Reports\\20220329_103950\\3. Get feedback insurance - Batch 2\\20220329_103954"/>
         <property name="logFiles" value="I:\\app-testing\\app-project\\Order car insurance\\order-car-insurance\\Reports\\20220329_103950\\3. Get feedback insurance - Batch 2\\20220329_103954\\execution0.log"/>
         <property name="attachments" value=""/>
         <property name="hostName" value="Flavalize - DESKTOP-3CQ5RDT"/>
         <property name="hostAddress" value="192.168.1.6"/>
         <property name="os" value="Windows 10 64bit"/>
         <property name="katalonVersion" value="8.2.0.208"/>
      </properties>
      <testcase name="Test Cases/3. get token - feedback insurance" time="3.576" classname="Test Cases/3. get token - feedback insurance" status="PASSED">
         <system-out><![CDATA[2022-03-29 10:40:11 - [TEST_CASE][PASSED] - Test Cases/3. get token - feedback insurance: Test Cases/3. get token - feedback insurance

2022-03-29 10:40:12 - [TEST_STEP][PASSED] - token = sendRequest(findTestObject("1. Get-Token")): Send request successfully

2022-03-29 10:40:13 - [MESSAGE][INFO] - HAR: I:\app-testing\app-project\Order car insurance\order-car-insurance\Reports\20220329_103950\3. Get feedback insurance - Batch 2\20220329_103954\requests\main\0.har

2022-03-29 10:40:13 - [MESSAGE][PASSED] - Send request successfully

2022-03-29 10:40:13 - [TEST_STEP][PASSED] - slurper = new groovy.json.JsonSlurper(): null

2022-03-29 10:40:13 - [TEST_STEP][PASSED] - get_token = slurper.parseText(token.getResponseBodyContent()): null

2022-03-29 10:40:13 - [TEST_STEP][PASSED] - private_token = access_token: null

2022-03-29 10:40:13 - [TEST_STEP][PASSED] - global_token = private_token: null

2022-03-29 10:40:14 - [TEST_STEP][PASSED] - println("token is :" + global_token): null

2022-03-29 10:40:14 - [TEST_STEP][PASSED] - response_token = token.getResponseText(): null

2022-03-29 10:40:14 - [TEST_STEP][PASSED] - logInfo($response_token): {"fault":{"faultstring":"Access Denied for client ip : 8.29.105.53","detail":{"errorcode":"accesscontrol.IPDeniedAccess"}}}

2022-03-29 10:40:14 - [MESSAGE][INFO] - {"fault":{"faultstring":"Access Denied for client ip : 8.29.105.53","detail":{"errorcode":"accesscontrol.IPDeniedAccess"}}}

2022-03-29 10:40:14 - [TEST_STEP][PASSED] - feedback = sendRequest(findTestObject("4. Feedback-ins", ["s_key":global_token, "batchid":batchid, "norek":norek, "nopin":nopin, "custname":custname, "pemohon":pemohon, "branchid":branchid, ... ])): Send request successfully

2022-03-29 10:40:15 - [MESSAGE][INFO] - HAR: I:\app-testing\app-project\Order car insurance\order-car-insurance\Reports\20220329_103950\3. Get feedback insurance - Batch 2\20220329_103954\requests\main\1.har

2022-03-29 10:40:15 - [MESSAGE][PASSED] - Send request successfully

2022-03-29 10:40:15 - [TEST_STEP][PASSED] - response_feedback = feedback.getResponseText(): null

2022-03-29 10:40:15 - [TEST_STEP][PASSED] - markPassed("result feedback data : " + no + " norek : " + norek + " nopin : " + nopin): result feedback data : 102 norek : 9720006901 nopin : 001

2022-03-29 10:40:15 - [MESSAGE][PASSED] - result feedback data : 102 norek : 9720006901 nopin : 001

2022-03-29 10:40:15 - [TEST_STEP][PASSED] - logInfo($response_feedback): {
  "FeedbackCarInsuranceResponse" : {
    "errorCode" : "00",
    "errorMessage" : "Sukses"
  }
}

2022-03-29 10:40:15 - [MESSAGE][INFO] - {
  "FeedbackCarInsuranceResponse" : {
    "errorCode" : "00",
    "errorMessage" : "Sukses"
  }
}]]></system-out>
         <system-err><![CDATA[]]></system-err>
      </testcase>
      <testcase name="Test Cases/3. get token - feedback insurance" time="2.416" classname="Test Cases/3. get token - feedback insurance" status="PASSED">
         <system-out><![CDATA[2022-03-29 10:40:15 - [TEST_CASE][PASSED] - Test Cases/3. get token - feedback insurance: Test Cases/3. get token - feedback insurance

2022-03-29 10:40:15 - [TEST_STEP][PASSED] - token = sendRequest(findTestObject("1. Get-Token")): Send request successfully

2022-03-29 10:40:16 - [MESSAGE][INFO] - HAR: I:\app-testing\app-project\Order car insurance\order-car-insurance\Reports\20220329_103950\3. Get feedback insurance - Batch 2\20220329_103954\requests\main\2.har

2022-03-29 10:40:16 - [MESSAGE][PASSED] - Send request successfully

2022-03-29 10:40:16 - [TEST_STEP][PASSED] - slurper = new groovy.json.JsonSlurper(): null

2022-03-29 10:40:16 - [TEST_STEP][PASSED] - get_token = slurper.parseText(token.getResponseBodyContent()): null

2022-03-29 10:40:16 - [TEST_STEP][PASSED] - private_token = access_token: null

2022-03-29 10:40:16 - [TEST_STEP][PASSED] - global_token = private_token: null

2022-03-29 10:40:16 - [TEST_STEP][PASSED] - println("token is :" + global_token): null

2022-03-29 10:40:16 - [TEST_STEP][PASSED] - response_token = token.getResponseText(): null

2022-03-29 10:40:16 - [TEST_STEP][PASSED] - logInfo($response_token): {"fault":{"faultstring":"Access Denied for client ip : 8.29.105.53","detail":{"errorcode":"accesscontrol.IPDeniedAccess"}}}

2022-03-29 10:40:16 - [MESSAGE][INFO] - {"fault":{"faultstring":"Access Denied for client ip : 8.29.105.53","detail":{"errorcode":"accesscontrol.IPDeniedAccess"}}}

2022-03-29 10:40:16 - [TEST_STEP][PASSED] - feedback = sendRequest(findTestObject("4. Feedback-ins", ["s_key":global_token, "batchid":batchid, "norek":norek, "nopin":nopin, "custname":custname, "pemohon":pemohon, "branchid":branchid, ... ])): Send request successfully

2022-03-29 10:40:18 - [MESSAGE][INFO] - HAR: I:\app-testing\app-project\Order car insurance\order-car-insurance\Reports\20220329_103950\3. Get feedback insurance - Batch 2\20220329_103954\requests\main\3.har

2022-03-29 10:40:18 - [MESSAGE][PASSED] - Send request successfully

2022-03-29 10:40:18 - [TEST_STEP][PASSED] - response_feedback = feedback.getResponseText(): null

2022-03-29 10:40:18 - [TEST_STEP][PASSED] - markPassed("result feedback data : " + no + " norek : " + norek + " nopin : " + nopin): result feedback data : 103 norek : 9720006901 nopin : 001

2022-03-29 10:40:18 - [MESSAGE][PASSED] - result feedback data : 103 norek : 9720006901 nopin : 001

2022-03-29 10:40:18 - [TEST_STEP][PASSED] - logInfo($response_feedback): {
  "FeedbackCarInsuranceResponse" : {
    "errorCode" : "00",
    "errorMessage" : "Sukses"
  }
}

2022-03-29 10:40:18 - [MESSAGE][INFO] - {
  "FeedbackCarInsuranceResponse" : {
    "errorCode" : "00",
    "errorMessage" : "Sukses"
  }
}]]></system-out>
         <system-err><![CDATA[]]></system-err>
      </testcase>
      <testcase name="Test Cases/3. get token - feedback insurance" time="3.032" classname="Test Cases/3. get token - feedback insurance" status="PASSED">
         <system-out><![CDATA[2022-03-29 10:40:18 - [TEST_CASE][PASSED] - Test Cases/3. get token - feedback insurance: Test Cases/3. get token - feedback insurance

2022-03-29 10:40:19 - [TEST_STEP][PASSED] - token = sendRequest(findTestObject("1. Get-Token")): Send request successfully

2022-03-29 10:40:19 - [MESSAGE][INFO] - HAR: I:\app-testing\app-project\Order car insurance\order-car-insurance\Reports\20220329_103950\3. Get feedback insurance - Batch 2\20220329_103954\requests\main\4.har

2022-03-29 10:40:19 - [MESSAGE][PASSED] - Send request successfully

2022-03-29 10:40:19 - [TEST_STEP][PASSED] - slurper = new groovy.json.JsonSlurper(): null

2022-03-29 10:40:19 - [TEST_STEP][PASSED] - get_token = slurper.parseText(token.getResponseBodyContent()): null

2022-03-29 10:40:19 - [TEST_STEP][PASSED] - private_token = access_token: null

2022-03-29 10:40:19 - [TEST_STEP][PASSED] - global_token = private_token: null

2022-03-29 10:40:19 - [TEST_STEP][PASSED] - println("token is :" + global_token): null

2022-03-29 10:40:19 - [TEST_STEP][PASSED] - response_token = token.getResponseText(): null

2022-03-29 10:40:19 - [TEST_STEP][PASSED] - logInfo($response_token): {"fault":{"faultstring":"Access Denied for client ip : 8.29.105.53","detail":{"errorcode":"accesscontrol.IPDeniedAccess"}}}

2022-03-29 10:40:19 - [MESSAGE][INFO] - {"fault":{"faultstring":"Access Denied for client ip : 8.29.105.53","detail":{"errorcode":"accesscontrol.IPDeniedAccess"}}}

2022-03-29 10:40:19 - [TEST_STEP][PASSED] - feedback = sendRequest(findTestObject("4. Feedback-ins", ["s_key":global_token, "batchid":batchid, "norek":norek, "nopin":nopin, "custname":custname, "pemohon":pemohon, "branchid":branchid, ... ])): Send request successfully

2022-03-29 10:40:21 - [MESSAGE][INFO] - HAR: I:\app-testing\app-project\Order car insurance\order-car-insurance\Reports\20220329_103950\3. Get feedback insurance - Batch 2\20220329_103954\requests\main\5.har

2022-03-29 10:40:21 - [MESSAGE][PASSED] - Send request successfully

2022-03-29 10:40:21 - [TEST_STEP][PASSED] - response_feedback = feedback.getResponseText(): null

2022-03-29 10:40:21 - [TEST_STEP][PASSED] - markPassed("result feedback data : " + no + " norek : " + norek + " nopin : " + nopin): result feedback data : 104 norek : 9720006901 nopin : 001

2022-03-29 10:40:21 - [MESSAGE][PASSED] - result feedback data : 104 norek : 9720006901 nopin : 001

2022-03-29 10:40:21 - [TEST_STEP][PASSED] - logInfo($response_feedback): {
  "FeedbackCarInsuranceResponse" : {
    "errorCode" : "00",
    "errorMessage" : "Sukses"
  }
}

2022-03-29 10:40:21 - [MESSAGE][INFO] - {
  "FeedbackCarInsuranceResponse" : {
    "errorCode" : "00",
    "errorMessage" : "Sukses"
  }
}]]></system-out>
         <system-err><![CDATA[]]></system-err>
      </testcase>
      <testcase name="Test Cases/3. get token - feedback insurance" time="1.683" classname="Test Cases/3. get token - feedback insurance" status="PASSED">
         <system-out><![CDATA[2022-03-29 10:40:22 - [TEST_CASE][PASSED] - Test Cases/3. get token - feedback insurance: Test Cases/3. get token - feedback insurance

2022-03-29 10:40:22 - [TEST_STEP][PASSED] - token = sendRequest(findTestObject("1. Get-Token")): Send request successfully

2022-03-29 10:40:23 - [MESSAGE][INFO] - HAR: I:\app-testing\app-project\Order car insurance\order-car-insurance\Reports\20220329_103950\3. Get feedback insurance - Batch 2\20220329_103954\requests\main\6.har

2022-03-29 10:40:23 - [MESSAGE][PASSED] - Send request successfully

2022-03-29 10:40:23 - [TEST_STEP][PASSED] - slurper = new groovy.json.JsonSlurper(): null

2022-03-29 10:40:23 - [TEST_STEP][PASSED] - get_token = slurper.parseText(token.getResponseBodyContent()): null

2022-03-29 10:40:23 - [TEST_STEP][PASSED] - private_token = access_token: null

2022-03-29 10:40:23 - [TEST_STEP][PASSED] - global_token = private_token: null

2022-03-29 10:40:23 - [TEST_STEP][PASSED] - println("token is :" + global_token): null

2022-03-29 10:40:23 - [TEST_STEP][PASSED] - response_token = token.getResponseText(): null

2022-03-29 10:40:23 - [TEST_STEP][PASSED] - logInfo($response_token): {"fault":{"faultstring":"Access Denied for client ip : 8.29.105.53","detail":{"errorcode":"accesscontrol.IPDeniedAccess"}}}

2022-03-29 10:40:23 - [MESSAGE][INFO] - {"fault":{"faultstring":"Access Denied for client ip : 8.29.105.53","detail":{"errorcode":"accesscontrol.IPDeniedAccess"}}}

2022-03-29 10:40:23 - [TEST_STEP][PASSED] - feedback = sendRequest(findTestObject("4. Feedback-ins", ["s_key":global_token, "batchid":batchid, "norek":norek, "nopin":nopin, "custname":custname, "pemohon":pemohon, "branchid":branchid, ... ])): Send request successfully

2022-03-29 10:40:24 - [MESSAGE][INFO] - HAR: I:\app-testing\app-project\Order car insurance\order-car-insurance\Reports\20220329_103950\3. Get feedback insurance - Batch 2\20220329_103954\requests\main\7.har

2022-03-29 10:40:24 - [MESSAGE][PASSED] - Send request successfully

2022-03-29 10:40:24 - [TEST_STEP][PASSED] - response_feedback = feedback.getResponseText(): null

2022-03-29 10:40:24 - [TEST_STEP][PASSED] - markPassed("result feedback data : " + no + " norek : " + norek + " nopin : " + nopin): result feedback data : 105 norek : 9720006901 nopin : 001

2022-03-29 10:40:24 - [MESSAGE][PASSED] - result feedback data : 105 norek : 9720006901 nopin : 001

2022-03-29 10:40:24 - [TEST_STEP][PASSED] - logInfo($response_feedback): {
  "FeedbackCarInsuranceResponse" : {
    "errorCode" : "00",
    "errorMessage" : "Sukses"
  }
}

2022-03-29 10:40:24 - [MESSAGE][INFO] - {
  "FeedbackCarInsuranceResponse" : {
    "errorCode" : "00",
    "errorMessage" : "Sukses"
  }
}]]></system-out>
         <system-err><![CDATA[]]></system-err>
      </testcase>
      <testcase name="Test Cases/3. get token - feedback insurance" time="4.198" classname="Test Cases/3. get token - feedback insurance" status="PASSED">
         <system-out><![CDATA[2022-03-29 10:40:24 - [TEST_CASE][PASSED] - Test Cases/3. get token - feedback insurance: Test Cases/3. get token - feedback insurance

2022-03-29 10:40:24 - [TEST_STEP][PASSED] - token = sendRequest(findTestObject("1. Get-Token")): Send request successfully

2022-03-29 10:40:25 - [MESSAGE][INFO] - HAR: I:\app-testing\app-project\Order car insurance\order-car-insurance\Reports\20220329_103950\3. Get feedback insurance - Batch 2\20220329_103954\requests\main\8.har

2022-03-29 10:40:25 - [MESSAGE][PASSED] - Send request successfully

2022-03-29 10:40:25 - [TEST_STEP][PASSED] - slurper = new groovy.json.JsonSlurper(): null

2022-03-29 10:40:25 - [TEST_STEP][PASSED] - get_token = slurper.parseText(token.getResponseBodyContent()): null

2022-03-29 10:40:25 - [TEST_STEP][PASSED] - private_token = access_token: null

2022-03-29 10:40:25 - [TEST_STEP][PASSED] - global_token = private_token: null

2022-03-29 10:40:25 - [TEST_STEP][PASSED] - println("token is :" + global_token): null

2022-03-29 10:40:25 - [TEST_STEP][PASSED] - response_token = token.getResponseText(): null

2022-03-29 10:40:25 - [TEST_STEP][PASSED] - logInfo($response_token): {"fault":{"faultstring":"Access Denied for client ip : 8.29.105.53","detail":{"errorcode":"accesscontrol.IPDeniedAccess"}}}

2022-03-29 10:40:25 - [MESSAGE][INFO] - {"fault":{"faultstring":"Access Denied for client ip : 8.29.105.53","detail":{"errorcode":"accesscontrol.IPDeniedAccess"}}}

2022-03-29 10:40:25 - [TEST_STEP][PASSED] - feedback = sendRequest(findTestObject("4. Feedback-ins", ["s_key":global_token, "batchid":batchid, "norek":norek, "nopin":nopin, "custname":custname, "pemohon":pemohon, "branchid":branchid, ... ])): Send request successfully

2022-03-29 10:40:28 - [MESSAGE][INFO] - HAR: I:\app-testing\app-project\Order car insurance\order-car-insurance\Reports\20220329_103950\3. Get feedback insurance - Batch 2\20220329_103954\requests\main\9.har

2022-03-29 10:40:28 - [MESSAGE][PASSED] - Send request successfully

2022-03-29 10:40:28 - [TEST_STEP][PASSED] - response_feedback = feedback.getResponseText(): null

2022-03-29 10:40:28 - [TEST_STEP][PASSED] - markPassed("result feedback data : " + no + " norek : " + norek + " nopin : " + nopin): result feedback data : 106 norek : 9720006902 nopin : 001

2022-03-29 10:40:28 - [MESSAGE][PASSED] - result feedback data : 106 norek : 9720006902 nopin : 001

2022-03-29 10:40:28 - [TEST_STEP][PASSED] - logInfo($response_feedback): {
  "FeedbackCarInsuranceResponse" : {
    "errorCode" : "00",
    "errorMessage" : "Sukses"
  }
}

2022-03-29 10:40:28 - [MESSAGE][INFO] - {
  "FeedbackCarInsuranceResponse" : {
    "errorCode" : "00",
    "errorMessage" : "Sukses"
  }
}]]></system-out>
         <system-err><![CDATA[]]></system-err>
      </testcase>
      <testcase name="Test Cases/3. get token - feedback insurance" time="1.252" classname="Test Cases/3. get token - feedback insurance" status="PASSED">
         <system-out><![CDATA[2022-03-29 10:40:29 - [TEST_CASE][PASSED] - Test Cases/3. get token - feedback insurance: Test Cases/3. get token - feedback insurance

2022-03-29 10:40:29 - [TEST_STEP][PASSED] - token = sendRequest(findTestObject("1. Get-Token")): Send request successfully

2022-03-29 10:40:29 - [MESSAGE][INFO] - HAR: I:\app-testing\app-project\Order car insurance\order-car-insurance\Reports\20220329_103950\3. Get feedback insurance - Batch 2\20220329_103954\requests\main\10.har

2022-03-29 10:40:29 - [MESSAGE][PASSED] - Send request successfully

2022-03-29 10:40:29 - [TEST_STEP][PASSED] - slurper = new groovy.json.JsonSlurper(): null

2022-03-29 10:40:29 - [TEST_STEP][PASSED] - get_token = slurper.parseText(token.getResponseBodyContent()): null

2022-03-29 10:40:29 - [TEST_STEP][PASSED] - private_token = access_token: null

2022-03-29 10:40:29 - [TEST_STEP][PASSED] - global_token = private_token: null

2022-03-29 10:40:29 - [TEST_STEP][PASSED] - println("token is :" + global_token): null

2022-03-29 10:40:29 - [TEST_STEP][PASSED] - response_token = token.getResponseText(): null

2022-03-29 10:40:29 - [TEST_STEP][PASSED] - logInfo($response_token): {"fault":{"faultstring":"Access Denied for client ip : 8.29.105.53","detail":{"errorcode":"accesscontrol.IPDeniedAccess"}}}

2022-03-29 10:40:29 - [MESSAGE][INFO] - {"fault":{"faultstring":"Access Denied for client ip : 8.29.105.53","detail":{"errorcode":"accesscontrol.IPDeniedAccess"}}}

2022-03-29 10:40:29 - [TEST_STEP][PASSED] - feedback = sendRequest(findTestObject("4. Feedback-ins", ["s_key":global_token, "batchid":batchid, "norek":norek, "nopin":nopin, "custname":custname, "pemohon":pemohon, "branchid":branchid, ... ])): Send request successfully

2022-03-29 10:40:30 - [MESSAGE][INFO] - HAR: I:\app-testing\app-project\Order car insurance\order-car-insurance\Reports\20220329_103950\3. Get feedback insurance - Batch 2\20220329_103954\requests\main\11.har

2022-03-29 10:40:30 - [MESSAGE][PASSED] - Send request successfully

2022-03-29 10:40:30 - [TEST_STEP][PASSED] - response_feedback = feedback.getResponseText(): null

2022-03-29 10:40:30 - [TEST_STEP][PASSED] - markPassed("result feedback data : " + no + " norek : " + norek + " nopin : " + nopin): result feedback data : 107 norek : 9720006902 nopin : 001

2022-03-29 10:40:30 - [MESSAGE][PASSED] - result feedback data : 107 norek : 9720006902 nopin : 001

2022-03-29 10:40:30 - [TEST_STEP][PASSED] - logInfo($response_feedback): {
  "FeedbackCarInsuranceResponse" : {
    "errorCode" : "00",
    "errorMessage" : "Sukses"
  }
}

2022-03-29 10:40:30 - [MESSAGE][INFO] - {
  "FeedbackCarInsuranceResponse" : {
    "errorCode" : "00",
    "errorMessage" : "Sukses"
  }
}]]></system-out>
         <system-err><![CDATA[]]></system-err>
      </testcase>
      <testcase name="Test Cases/3. get token - feedback insurance" time="1.153" classname="Test Cases/3. get token - feedback insurance" status="PASSED">
         <system-out><![CDATA[2022-03-29 10:40:31 - [TEST_CASE][PASSED] - Test Cases/3. get token - feedback insurance: Test Cases/3. get token - feedback insurance

2022-03-29 10:40:31 - [TEST_STEP][PASSED] - token = sendRequest(findTestObject("1. Get-Token")): Send request successfully

2022-03-29 10:40:31 - [MESSAGE][INFO] - HAR: I:\app-testing\app-project\Order car insurance\order-car-insurance\Reports\20220329_103950\3. Get feedback insurance - Batch 2\20220329_103954\requests\main\12.har

2022-03-29 10:40:31 - [MESSAGE][PASSED] - Send request successfully

2022-03-29 10:40:31 - [TEST_STEP][PASSED] - slurper = new groovy.json.JsonSlurper(): null

2022-03-29 10:40:31 - [TEST_STEP][PASSED] - get_token = slurper.parseText(token.getResponseBodyContent()): null

2022-03-29 10:40:31 - [TEST_STEP][PASSED] - private_token = access_token: null

2022-03-29 10:40:31 - [TEST_STEP][PASSED] - global_token = private_token: null

2022-03-29 10:40:31 - [TEST_STEP][PASSED] - println("token is :" + global_token): null

2022-03-29 10:40:31 - [TEST_STEP][PASSED] - response_token = token.getResponseText(): null

2022-03-29 10:40:31 - [TEST_STEP][PASSED] - logInfo($response_token): {"fault":{"faultstring":"Access Denied for client ip : 8.29.105.53","detail":{"errorcode":"accesscontrol.IPDeniedAccess"}}}

2022-03-29 10:40:31 - [MESSAGE][INFO] - {"fault":{"faultstring":"Access Denied for client ip : 8.29.105.53","detail":{"errorcode":"accesscontrol.IPDeniedAccess"}}}

2022-03-29 10:40:31 - [TEST_STEP][PASSED] - feedback = sendRequest(findTestObject("4. Feedback-ins", ["s_key":global_token, "batchid":batchid, "norek":norek, "nopin":nopin, "custname":custname, "pemohon":pemohon, "branchid":branchid, ... ])): Send request successfully

2022-03-29 10:40:32 - [MESSAGE][INFO] - HAR: I:\app-testing\app-project\Order car insurance\order-car-insurance\Reports\20220329_103950\3. Get feedback insurance - Batch 2\20220329_103954\requests\main\13.har

2022-03-29 10:40:32 - [MESSAGE][PASSED] - Send request successfully

2022-03-29 10:40:32 - [TEST_STEP][PASSED] - response_feedback = feedback.getResponseText(): null

2022-03-29 10:40:32 - [TEST_STEP][PASSED] - markPassed("result feedback data : " + no + " norek : " + norek + " nopin : " + nopin): result feedback data : 108 norek : 9720006902 nopin : 001

2022-03-29 10:40:32 - [MESSAGE][PASSED] - result feedback data : 108 norek : 9720006902 nopin : 001

2022-03-29 10:40:32 - [TEST_STEP][PASSED] - logInfo($response_feedback): {
  "FeedbackCarInsuranceResponse" : {
    "errorCode" : "00",
    "errorMessage" : "Sukses"
  }
}

2022-03-29 10:40:32 - [MESSAGE][INFO] - {
  "FeedbackCarInsuranceResponse" : {
    "errorCode" : "00",
    "errorMessage" : "Sukses"
  }
}]]></system-out>
         <system-err><![CDATA[]]></system-err>
      </testcase>
      <testcase name="Test Cases/3. get token - feedback insurance" time="1.132" classname="Test Cases/3. get token - feedback insurance" status="PASSED">
         <system-out><![CDATA[2022-03-29 10:40:32 - [TEST_CASE][PASSED] - Test Cases/3. get token - feedback insurance: Test Cases/3. get token - feedback insurance

2022-03-29 10:40:32 - [TEST_STEP][PASSED] - token = sendRequest(findTestObject("1. Get-Token")): Send request successfully

2022-03-29 10:40:33 - [MESSAGE][INFO] - HAR: I:\app-testing\app-project\Order car insurance\order-car-insurance\Reports\20220329_103950\3. Get feedback insurance - Batch 2\20220329_103954\requests\main\14.har

2022-03-29 10:40:33 - [MESSAGE][PASSED] - Send request successfully

2022-03-29 10:40:33 - [TEST_STEP][PASSED] - slurper = new groovy.json.JsonSlurper(): null

2022-03-29 10:40:33 - [TEST_STEP][PASSED] - get_token = slurper.parseText(token.getResponseBodyContent()): null

2022-03-29 10:40:33 - [TEST_STEP][PASSED] - private_token = access_token: null

2022-03-29 10:40:33 - [TEST_STEP][PASSED] - global_token = private_token: null

2022-03-29 10:40:33 - [TEST_STEP][PASSED] - println("token is :" + global_token): null

2022-03-29 10:40:33 - [TEST_STEP][PASSED] - response_token = token.getResponseText(): null

2022-03-29 10:40:33 - [TEST_STEP][PASSED] - logInfo($response_token): {"fault":{"faultstring":"Access Denied for client ip : 8.29.105.53","detail":{"errorcode":"accesscontrol.IPDeniedAccess"}}}

2022-03-29 10:40:33 - [MESSAGE][INFO] - {"fault":{"faultstring":"Access Denied for client ip : 8.29.105.53","detail":{"errorcode":"accesscontrol.IPDeniedAccess"}}}

2022-03-29 10:40:33 - [TEST_STEP][PASSED] - feedback = sendRequest(findTestObject("4. Feedback-ins", ["s_key":global_token, "batchid":batchid, "norek":norek, "nopin":nopin, "custname":custname, "pemohon":pemohon, "branchid":branchid, ... ])): Send request successfully

2022-03-29 10:40:34 - [MESSAGE][INFO] - HAR: I:\app-testing\app-project\Order car insurance\order-car-insurance\Reports\20220329_103950\3. Get feedback insurance - Batch 2\20220329_103954\requests\main\15.har

2022-03-29 10:40:34 - [MESSAGE][PASSED] - Send request successfully

2022-03-29 10:40:34 - [TEST_STEP][PASSED] - response_feedback = feedback.getResponseText(): null

2022-03-29 10:40:34 - [TEST_STEP][PASSED] - markPassed("result feedback data : " + no + " norek : " + norek + " nopin : " + nopin): result feedback data : 109 norek : 9720006902 nopin : 001

2022-03-29 10:40:34 - [MESSAGE][PASSED] - result feedback data : 109 norek : 9720006902 nopin : 001

2022-03-29 10:40:34 - [TEST_STEP][PASSED] - logInfo($response_feedback): {
  "FeedbackCarInsuranceResponse" : {
    "errorCode" : "00",
    "errorMessage" : "Sukses"
  }
}

2022-03-29 10:40:34 - [MESSAGE][INFO] - {
  "FeedbackCarInsuranceResponse" : {
    "errorCode" : "00",
    "errorMessage" : "Sukses"
  }
}]]></system-out>
         <system-err><![CDATA[]]></system-err>
      </testcase>
      <testcase name="Test Cases/3. get token - feedback insurance" time="1.352" classname="Test Cases/3. get token - feedback insurance" status="PASSED">
         <system-out><![CDATA[2022-03-29 10:40:34 - [TEST_CASE][PASSED] - Test Cases/3. get token - feedback insurance: Test Cases/3. get token - feedback insurance

2022-03-29 10:40:34 - [TEST_STEP][PASSED] - token = sendRequest(findTestObject("1. Get-Token")): Send request successfully

2022-03-29 10:40:34 - [MESSAGE][INFO] - HAR: I:\app-testing\app-project\Order car insurance\order-car-insurance\Reports\20220329_103950\3. Get feedback insurance - Batch 2\20220329_103954\requests\main\16.har

2022-03-29 10:40:34 - [MESSAGE][PASSED] - Send request successfully

2022-03-29 10:40:34 - [TEST_STEP][PASSED] - slurper = new groovy.json.JsonSlurper(): null

2022-03-29 10:40:34 - [TEST_STEP][PASSED] - get_token = slurper.parseText(token.getResponseBodyContent()): null

2022-03-29 10:40:34 - [TEST_STEP][PASSED] - private_token = access_token: null

2022-03-29 10:40:34 - [TEST_STEP][PASSED] - global_token = private_token: null

2022-03-29 10:40:34 - [TEST_STEP][PASSED] - println("token is :" + global_token): null

2022-03-29 10:40:34 - [TEST_STEP][PASSED] - response_token = token.getResponseText(): null

2022-03-29 10:40:34 - [TEST_STEP][PASSED] - logInfo($response_token): {"fault":{"faultstring":"Access Denied for client ip : 8.29.105.53","detail":{"errorcode":"accesscontrol.IPDeniedAccess"}}}

2022-03-29 10:40:34 - [MESSAGE][INFO] - {"fault":{"faultstring":"Access Denied for client ip : 8.29.105.53","detail":{"errorcode":"accesscontrol.IPDeniedAccess"}}}

2022-03-29 10:40:34 - [TEST_STEP][PASSED] - feedback = sendRequest(findTestObject("4. Feedback-ins", ["s_key":global_token, "batchid":batchid, "norek":norek, "nopin":nopin, "custname":custname, "pemohon":pemohon, "branchid":branchid, ... ])): Send request successfully

2022-03-29 10:40:35 - [MESSAGE][INFO] - HAR: I:\app-testing\app-project\Order car insurance\order-car-insurance\Reports\20220329_103950\3. Get feedback insurance - Batch 2\20220329_103954\requests\main\17.har

2022-03-29 10:40:35 - [MESSAGE][PASSED] - Send request successfully

2022-03-29 10:40:35 - [TEST_STEP][PASSED] - response_feedback = feedback.getResponseText(): null

2022-03-29 10:40:35 - [TEST_STEP][PASSED] - markPassed("result feedback data : " + no + " norek : " + norek + " nopin : " + nopin): result feedback data : 110 norek : 9960009466 nopin : 001

2022-03-29 10:40:35 - [MESSAGE][PASSED] - result feedback data : 110 norek : 9960009466 nopin : 001

2022-03-29 10:40:35 - [TEST_STEP][PASSED] - logInfo($response_feedback): {
  "FeedbackCarInsuranceResponse" : {
    "errorCode" : "00",
    "errorMessage" : "Sukses"
  }
}

2022-03-29 10:40:35 - [MESSAGE][INFO] - {
  "FeedbackCarInsuranceResponse" : {
    "errorCode" : "00",
    "errorMessage" : "Sukses"
  }
}]]></system-out>
         <system-err><![CDATA[]]></system-err>
      </testcase>
      <testcase name="Test Cases/3. get token - feedback insurance" time="1.5" classname="Test Cases/3. get token - feedback insurance" status="PASSED">
         <system-out><![CDATA[2022-03-29 10:40:36 - [TEST_CASE][PASSED] - Test Cases/3. get token - feedback insurance: Test Cases/3. get token - feedback insurance

2022-03-29 10:40:36 - [TEST_STEP][PASSED] - token = sendRequest(findTestObject("1. Get-Token")): Send request successfully

2022-03-29 10:40:36 - [MESSAGE][INFO] - HAR: I:\app-testing\app-project\Order car insurance\order-car-insurance\Reports\20220329_103950\3. Get feedback insurance - Batch 2\20220329_103954\requests\main\18.har

2022-03-29 10:40:36 - [MESSAGE][PASSED] - Send request successfully

2022-03-29 10:40:36 - [TEST_STEP][PASSED] - slurper = new groovy.json.JsonSlurper(): null

2022-03-29 10:40:36 - [TEST_STEP][PASSED] - get_token = slurper.parseText(token.getResponseBodyContent()): null

2022-03-29 10:40:36 - [TEST_STEP][PASSED] - private_token = access_token: null

2022-03-29 10:40:36 - [TEST_STEP][PASSED] - global_token = private_token: null

2022-03-29 10:40:36 - [TEST_STEP][PASSED] - println("token is :" + global_token): null

2022-03-29 10:40:36 - [TEST_STEP][PASSED] - response_token = token.getResponseText(): null

2022-03-29 10:40:36 - [TEST_STEP][PASSED] - logInfo($response_token): {"fault":{"faultstring":"Access Denied for client ip : 8.29.105.53","detail":{"errorcode":"accesscontrol.IPDeniedAccess"}}}

2022-03-29 10:40:36 - [MESSAGE][INFO] - {"fault":{"faultstring":"Access Denied for client ip : 8.29.105.53","detail":{"errorcode":"accesscontrol.IPDeniedAccess"}}}

2022-03-29 10:40:36 - [TEST_STEP][PASSED] - feedback = sendRequest(findTestObject("4. Feedback-ins", ["s_key":global_token, "batchid":batchid, "norek":norek, "nopin":nopin, "custname":custname, "pemohon":pemohon, "branchid":branchid, ... ])): Send request successfully

2022-03-29 10:40:37 - [MESSAGE][INFO] - HAR: I:\app-testing\app-project\Order car insurance\order-car-insurance\Reports\20220329_103950\3. Get feedback insurance - Batch 2\20220329_103954\requests\main\19.har

2022-03-29 10:40:37 - [MESSAGE][PASSED] - Send request successfully

2022-03-29 10:40:37 - [TEST_STEP][PASSED] - response_feedback = feedback.getResponseText(): null

2022-03-29 10:40:37 - [TEST_STEP][PASSED] - markPassed("result feedback data : " + no + " norek : " + norek + " nopin : " + nopin): result feedback data : 111 norek : 9960009466 nopin : 001

2022-03-29 10:40:37 - [MESSAGE][PASSED] - result feedback data : 111 norek : 9960009466 nopin : 001

2022-03-29 10:40:37 - [TEST_STEP][PASSED] - logInfo($response_feedback): {
  "FeedbackCarInsuranceResponse" : {
    "errorCode" : "00",
    "errorMessage" : "Sukses"
  }
}

2022-03-29 10:40:37 - [MESSAGE][INFO] - {
  "FeedbackCarInsuranceResponse" : {
    "errorCode" : "00",
    "errorMessage" : "Sukses"
  }
}]]></system-out>
         <system-err><![CDATA[]]></system-err>
      </testcase>
      <testcase name="Test Cases/3. get token - feedback insurance" time="0.963" classname="Test Cases/3. get token - feedback insurance" status="PASSED">
         <system-out><![CDATA[2022-03-29 10:40:38 - [TEST_CASE][PASSED] - Test Cases/3. get token - feedback insurance: Test Cases/3. get token - feedback insurance

2022-03-29 10:40:38 - [TEST_STEP][PASSED] - token = sendRequest(findTestObject("1. Get-Token")): Send request successfully

2022-03-29 10:40:38 - [MESSAGE][INFO] - HAR: I:\app-testing\app-project\Order car insurance\order-car-insurance\Reports\20220329_103950\3. Get feedback insurance - Batch 2\20220329_103954\requests\main\20.har

2022-03-29 10:40:38 - [MESSAGE][PASSED] - Send request successfully

2022-03-29 10:40:38 - [TEST_STEP][PASSED] - slurper = new groovy.json.JsonSlurper(): null

2022-03-29 10:40:38 - [TEST_STEP][PASSED] - get_token = slurper.parseText(token.getResponseBodyContent()): null

2022-03-29 10:40:38 - [TEST_STEP][PASSED] - private_token = access_token: null

2022-03-29 10:40:38 - [TEST_STEP][PASSED] - global_token = private_token: null

2022-03-29 10:40:38 - [TEST_STEP][PASSED] - println("token is :" + global_token): null

2022-03-29 10:40:38 - [TEST_STEP][PASSED] - response_token = token.getResponseText(): null

2022-03-29 10:40:38 - [TEST_STEP][PASSED] - logInfo($response_token): {"fault":{"faultstring":"Access Denied for client ip : 8.29.105.53","detail":{"errorcode":"accesscontrol.IPDeniedAccess"}}}

2022-03-29 10:40:38 - [MESSAGE][INFO] - {"fault":{"faultstring":"Access Denied for client ip : 8.29.105.53","detail":{"errorcode":"accesscontrol.IPDeniedAccess"}}}

2022-03-29 10:40:38 - [TEST_STEP][PASSED] - feedback = sendRequest(findTestObject("4. Feedback-ins", ["s_key":global_token, "batchid":batchid, "norek":norek, "nopin":nopin, "custname":custname, "pemohon":pemohon, "branchid":branchid, ... ])): Send request successfully

2022-03-29 10:40:39 - [MESSAGE][INFO] - HAR: I:\app-testing\app-project\Order car insurance\order-car-insurance\Reports\20220329_103950\3. Get feedback insurance - Batch 2\20220329_103954\requests\main\21.har

2022-03-29 10:40:39 - [MESSAGE][PASSED] - Send request successfully

2022-03-29 10:40:39 - [TEST_STEP][PASSED] - response_feedback = feedback.getResponseText(): null

2022-03-29 10:40:39 - [TEST_STEP][PASSED] - markPassed("result feedback data : " + no + " norek : " + norek + " nopin : " + nopin): result feedback data : 112 norek : 9960009466 nopin : 001

2022-03-29 10:40:39 - [MESSAGE][PASSED] - result feedback data : 112 norek : 9960009466 nopin : 001

2022-03-29 10:40:39 - [TEST_STEP][PASSED] - logInfo($response_feedback): {
  "FeedbackCarInsuranceResponse" : {
    "errorCode" : "00",
    "errorMessage" : "Sukses"
  }
}

2022-03-29 10:40:39 - [MESSAGE][INFO] - {
  "FeedbackCarInsuranceResponse" : {
    "errorCode" : "00",
    "errorMessage" : "Sukses"
  }
}]]></system-out>
         <system-err><![CDATA[]]></system-err>
      </testcase>
      <testcase name="Test Cases/3. get token - feedback insurance" time="0.987" classname="Test Cases/3. get token - feedback insurance" status="PASSED">
         <system-out><![CDATA[2022-03-29 10:40:39 - [TEST_CASE][PASSED] - Test Cases/3. get token - feedback insurance: Test Cases/3. get token - feedback insurance

2022-03-29 10:40:39 - [TEST_STEP][PASSED] - token = sendRequest(findTestObject("1. Get-Token")): Send request successfully

2022-03-29 10:40:39 - [MESSAGE][INFO] - HAR: I:\app-testing\app-project\Order car insurance\order-car-insurance\Reports\20220329_103950\3. Get feedback insurance - Batch 2\20220329_103954\requests\main\22.har

2022-03-29 10:40:39 - [MESSAGE][PASSED] - Send request successfully

2022-03-29 10:40:39 - [TEST_STEP][PASSED] - slurper = new groovy.json.JsonSlurper(): null

2022-03-29 10:40:39 - [TEST_STEP][PASSED] - get_token = slurper.parseText(token.getResponseBodyContent()): null

2022-03-29 10:40:39 - [TEST_STEP][PASSED] - private_token = access_token: null

2022-03-29 10:40:39 - [TEST_STEP][PASSED] - global_token = private_token: null

2022-03-29 10:40:39 - [TEST_STEP][PASSED] - println("token is :" + global_token): null

2022-03-29 10:40:39 - [TEST_STEP][PASSED] - response_token = token.getResponseText(): null

2022-03-29 10:40:39 - [TEST_STEP][PASSED] - logInfo($response_token): {"fault":{"faultstring":"Access Denied for client ip : 8.29.105.53","detail":{"errorcode":"accesscontrol.IPDeniedAccess"}}}

2022-03-29 10:40:39 - [MESSAGE][INFO] - {"fault":{"faultstring":"Access Denied for client ip : 8.29.105.53","detail":{"errorcode":"accesscontrol.IPDeniedAccess"}}}

2022-03-29 10:40:39 - [TEST_STEP][PASSED] - feedback = sendRequest(findTestObject("4. Feedback-ins", ["s_key":global_token, "batchid":batchid, "norek":norek, "nopin":nopin, "custname":custname, "pemohon":pemohon, "branchid":branchid, ... ])): Send request successfully

2022-03-29 10:40:40 - [MESSAGE][INFO] - HAR: I:\app-testing\app-project\Order car insurance\order-car-insurance\Reports\20220329_103950\3. Get feedback insurance - Batch 2\20220329_103954\requests\main\23.har

2022-03-29 10:40:40 - [MESSAGE][PASSED] - Send request successfully

2022-03-29 10:40:40 - [TEST_STEP][PASSED] - response_feedback = feedback.getResponseText(): null

2022-03-29 10:40:40 - [TEST_STEP][PASSED] - markPassed("result feedback data : " + no + " norek : " + norek + " nopin : " + nopin): result feedback data : 113 norek : 9960009466 nopin : 001

2022-03-29 10:40:40 - [MESSAGE][PASSED] - result feedback data : 113 norek : 9960009466 nopin : 001

2022-03-29 10:40:40 - [TEST_STEP][PASSED] - logInfo($response_feedback): {
  "FeedbackCarInsuranceResponse" : {
    "errorCode" : "00",
    "errorMessage" : "Sukses"
  }
}

2022-03-29 10:40:40 - [MESSAGE][INFO] - {
  "FeedbackCarInsuranceResponse" : {
    "errorCode" : "00",
    "errorMessage" : "Sukses"
  }
}]]></system-out>
         <system-err><![CDATA[]]></system-err>
      </testcase>
      <system-out><![CDATA[2022-03-29 10:40:10 - [TEST_SUITE][PASSED] - 3. Get feedback insurance - Batch 2: Test Cases/3. get token - feedback insurance]]></system-out>
      <system-err><![CDATA[]]></system-err>
   </testsuite>
</testsuites>
