<?xml version="1.0" encoding="UTF-8"?>
<testsuites name="3. Get feedback insurance" time="17.154" tests="6" failures="0" errors="0">
   <testsuite name="3. Get feedback insurance" tests="6" failures="0" errors="0" time="17.154" skipped="0" timestamp="2022-03-29 09:54:13" hostname="Flavalize - DESKTOP-3CQ5RDT" id="Test Suites/3. Get feedback insurance">
      <properties>
         <property name="deviceName" value=""/>
         <property name="devicePlatform" value=""/>
         <property name="logFolder" value="I:\\app-testing\\app-project\\Order car insurance\\order-car-insurance\\Reports\\20220329_095404\\3. Get feedback insurance\\20220329_095404"/>
         <property name="logFiles" value="I:\\app-testing\\app-project\\Order car insurance\\order-car-insurance\\Reports\\20220329_095404\\3. Get feedback insurance\\20220329_095404\\execution0.log"/>
         <property name="attachments" value=""/>
         <property name="hostName" value="Flavalize - DESKTOP-3CQ5RDT"/>
         <property name="hostAddress" value="192.168.1.6"/>
         <property name="os" value="Windows 10 64bit"/>
         <property name="katalonVersion" value="8.2.0.208"/>
      </properties>
      <testcase name="Test Cases/3. get token - feedback insurance" time="6.426" classname="Test Cases/3. get token - feedback insurance" status="PASSED">
         <system-out><![CDATA[2022-03-29 09:54:13 - [TEST_CASE][PASSED] - Test Cases/3. get token - feedback insurance: Test Cases/3. get token - feedback insurance

2022-03-29 09:54:14 - [TEST_STEP][PASSED] - token = sendRequest(findTestObject("1. Get-Token")): Send request successfully

2022-03-29 09:54:15 - [MESSAGE][INFO] - HAR: I:\app-testing\app-project\Order car insurance\order-car-insurance\Reports\20220329_095404\3. Get feedback insurance\20220329_095404\requests\main\0.har

2022-03-29 09:54:15 - [MESSAGE][PASSED] - Send request successfully

2022-03-29 09:54:15 - [TEST_STEP][PASSED] - slurper = new groovy.json.JsonSlurper(): null

2022-03-29 09:54:15 - [TEST_STEP][PASSED] - get_token = slurper.parseText(token.getResponseBodyContent()): null

2022-03-29 09:54:15 - [TEST_STEP][PASSED] - private_token = access_token: null

2022-03-29 09:54:15 - [TEST_STEP][PASSED] - global_token = private_token: null

2022-03-29 09:54:15 - [TEST_STEP][PASSED] - println("token is :" + global_token): null

2022-03-29 09:54:15 - [TEST_STEP][PASSED] - response_token = token.getResponseText(): null

2022-03-29 09:54:15 - [TEST_STEP][PASSED] - logInfo($response_token): {"fault":{"faultstring":"Access Denied for client ip : 8.29.105.53","detail":{"errorcode":"accesscontrol.IPDeniedAccess"}}}

2022-03-29 09:54:15 - [MESSAGE][INFO] - {"fault":{"faultstring":"Access Denied for client ip : 8.29.105.53","detail":{"errorcode":"accesscontrol.IPDeniedAccess"}}}

2022-03-29 09:54:15 - [TEST_STEP][PASSED] - feedback = sendRequest(findTestObject("4. Feedback-ins", ["s_key":global_token, "batchid":batchid, "norek":norek, "nopin":nopin, "custname":custname, "pemohon":pemohon, "branchid":branchid, ... ])): Send request successfully

2022-03-29 09:54:20 - [MESSAGE][INFO] - HAR: I:\app-testing\app-project\Order car insurance\order-car-insurance\Reports\20220329_095404\3. Get feedback insurance\20220329_095404\requests\main\1.har

2022-03-29 09:54:20 - [MESSAGE][PASSED] - Send request successfully

2022-03-29 09:54:20 - [TEST_STEP][PASSED] - response_feedback = feedback.getResponseText(): null

2022-03-29 09:54:20 - [TEST_STEP][PASSED] - markPassed("result feedback data : " + no + " norek : " + norek + " nopin : " + nopin): result feedback data : 88 norek : 9450006810 nopin : 001

2022-03-29 09:54:20 - [MESSAGE][PASSED] - result feedback data : 88 norek : 9450006810 nopin : 001

2022-03-29 09:54:20 - [TEST_STEP][PASSED] - logInfo($response_feedback): {
  "FeedbackCarInsuranceResponse" : {
    "errorCode" : "00",
    "errorMessage" : "Sukses"
  }
}

2022-03-29 09:54:20 - [MESSAGE][INFO] - {
  "FeedbackCarInsuranceResponse" : {
    "errorCode" : "00",
    "errorMessage" : "Sukses"
  }
}

2022-03-29 09:54:20 - [TEST_STEP][PASSED] - verifyElementPropertyValue(feedback, "FeedbackCarInsuranceResponse.errorMessage", "Sukses", CONTINUE_ON_FAILURE): Verify element property value successfully

2022-03-29 09:54:20 - [MESSAGE][PASSED] - Verify element property value successfully]]></system-out>
         <system-err><![CDATA[]]></system-err>
      </testcase>
      <testcase name="Test Cases/3. get token - feedback insurance" time="1.672" classname="Test Cases/3. get token - feedback insurance" status="PASSED">
         <system-out><![CDATA[2022-03-29 09:54:20 - [TEST_CASE][PASSED] - Test Cases/3. get token - feedback insurance: Test Cases/3. get token - feedback insurance

2022-03-29 09:54:20 - [TEST_STEP][PASSED] - token = sendRequest(findTestObject("1. Get-Token")): Send request successfully

2022-03-29 09:54:20 - [MESSAGE][INFO] - HAR: I:\app-testing\app-project\Order car insurance\order-car-insurance\Reports\20220329_095404\3. Get feedback insurance\20220329_095404\requests\main\2.har

2022-03-29 09:54:20 - [MESSAGE][PASSED] - Send request successfully

2022-03-29 09:54:20 - [TEST_STEP][PASSED] - slurper = new groovy.json.JsonSlurper(): null

2022-03-29 09:54:20 - [TEST_STEP][PASSED] - get_token = slurper.parseText(token.getResponseBodyContent()): null

2022-03-29 09:54:20 - [TEST_STEP][PASSED] - private_token = access_token: null

2022-03-29 09:54:20 - [TEST_STEP][PASSED] - global_token = private_token: null

2022-03-29 09:54:20 - [TEST_STEP][PASSED] - println("token is :" + global_token): null

2022-03-29 09:54:20 - [TEST_STEP][PASSED] - response_token = token.getResponseText(): null

2022-03-29 09:54:20 - [TEST_STEP][PASSED] - logInfo($response_token): {"fault":{"faultstring":"Access Denied for client ip : 8.29.105.53","detail":{"errorcode":"accesscontrol.IPDeniedAccess"}}}

2022-03-29 09:54:20 - [MESSAGE][INFO] - {"fault":{"faultstring":"Access Denied for client ip : 8.29.105.53","detail":{"errorcode":"accesscontrol.IPDeniedAccess"}}}

2022-03-29 09:54:20 - [TEST_STEP][PASSED] - feedback = sendRequest(findTestObject("4. Feedback-ins", ["s_key":global_token, "batchid":batchid, "norek":norek, "nopin":nopin, "custname":custname, "pemohon":pemohon, "branchid":branchid, ... ])): Send request successfully

2022-03-29 09:54:22 - [MESSAGE][INFO] - HAR: I:\app-testing\app-project\Order car insurance\order-car-insurance\Reports\20220329_095404\3. Get feedback insurance\20220329_095404\requests\main\3.har

2022-03-29 09:54:22 - [MESSAGE][PASSED] - Send request successfully

2022-03-29 09:54:22 - [TEST_STEP][PASSED] - response_feedback = feedback.getResponseText(): null

2022-03-29 09:54:22 - [TEST_STEP][PASSED] - markPassed("result feedback data : " + no + " norek : " + norek + " nopin : " + nopin): result feedback data : 89 norek : 9450006810 nopin : 001

2022-03-29 09:54:22 - [MESSAGE][PASSED] - result feedback data : 89 norek : 9450006810 nopin : 001

2022-03-29 09:54:22 - [TEST_STEP][PASSED] - logInfo($response_feedback): {
  "FeedbackCarInsuranceResponse" : {
    "errorCode" : "00",
    "errorMessage" : "Sukses"
  }
}

2022-03-29 09:54:22 - [MESSAGE][INFO] - {
  "FeedbackCarInsuranceResponse" : {
    "errorCode" : "00",
    "errorMessage" : "Sukses"
  }
}

2022-03-29 09:54:22 - [TEST_STEP][PASSED] - verifyElementPropertyValue(feedback, "FeedbackCarInsuranceResponse.errorMessage", "Sukses", CONTINUE_ON_FAILURE): Verify element property value successfully

2022-03-29 09:54:22 - [MESSAGE][PASSED] - Verify element property value successfully]]></system-out>
         <system-err><![CDATA[]]></system-err>
      </testcase>
      <testcase name="Test Cases/3. get token - feedback insurance" time="1.155" classname="Test Cases/3. get token - feedback insurance" status="PASSED">
         <system-out><![CDATA[2022-03-29 09:54:22 - [TEST_CASE][PASSED] - Test Cases/3. get token - feedback insurance: Test Cases/3. get token - feedback insurance

2022-03-29 09:54:22 - [TEST_STEP][PASSED] - token = sendRequest(findTestObject("1. Get-Token")): Send request successfully

2022-03-29 09:54:23 - [MESSAGE][INFO] - HAR: I:\app-testing\app-project\Order car insurance\order-car-insurance\Reports\20220329_095404\3. Get feedback insurance\20220329_095404\requests\main\4.har

2022-03-29 09:54:23 - [MESSAGE][PASSED] - Send request successfully

2022-03-29 09:54:23 - [TEST_STEP][PASSED] - slurper = new groovy.json.JsonSlurper(): null

2022-03-29 09:54:23 - [TEST_STEP][PASSED] - get_token = slurper.parseText(token.getResponseBodyContent()): null

2022-03-29 09:54:23 - [TEST_STEP][PASSED] - private_token = access_token: null

2022-03-29 09:54:23 - [TEST_STEP][PASSED] - global_token = private_token: null

2022-03-29 09:54:23 - [TEST_STEP][PASSED] - println("token is :" + global_token): null

2022-03-29 09:54:23 - [TEST_STEP][PASSED] - response_token = token.getResponseText(): null

2022-03-29 09:54:23 - [TEST_STEP][PASSED] - logInfo($response_token): {"fault":{"faultstring":"Access Denied for client ip : 8.29.105.53","detail":{"errorcode":"accesscontrol.IPDeniedAccess"}}}

2022-03-29 09:54:23 - [MESSAGE][INFO] - {"fault":{"faultstring":"Access Denied for client ip : 8.29.105.53","detail":{"errorcode":"accesscontrol.IPDeniedAccess"}}}

2022-03-29 09:54:23 - [TEST_STEP][PASSED] - feedback = sendRequest(findTestObject("4. Feedback-ins", ["s_key":global_token, "batchid":batchid, "norek":norek, "nopin":nopin, "custname":custname, "pemohon":pemohon, "branchid":branchid, ... ])): Send request successfully

2022-03-29 09:54:23 - [MESSAGE][INFO] - HAR: I:\app-testing\app-project\Order car insurance\order-car-insurance\Reports\20220329_095404\3. Get feedback insurance\20220329_095404\requests\main\5.har

2022-03-29 09:54:23 - [MESSAGE][PASSED] - Send request successfully

2022-03-29 09:54:23 - [TEST_STEP][PASSED] - response_feedback = feedback.getResponseText(): null

2022-03-29 09:54:23 - [TEST_STEP][PASSED] - markPassed("result feedback data : " + no + " norek : " + norek + " nopin : " + nopin): result feedback data : 90 norek : 9450006810 nopin : 001

2022-03-29 09:54:23 - [MESSAGE][PASSED] - result feedback data : 90 norek : 9450006810 nopin : 001

2022-03-29 09:54:23 - [TEST_STEP][PASSED] - logInfo($response_feedback): {
  "FeedbackCarInsuranceResponse" : {
    "errorCode" : "00",
    "errorMessage" : "Sukses"
  }
}

2022-03-29 09:54:23 - [MESSAGE][INFO] - {
  "FeedbackCarInsuranceResponse" : {
    "errorCode" : "00",
    "errorMessage" : "Sukses"
  }
}

2022-03-29 09:54:23 - [TEST_STEP][PASSED] - verifyElementPropertyValue(feedback, "FeedbackCarInsuranceResponse.errorMessage", "Sukses", CONTINUE_ON_FAILURE): Verify element property value successfully

2022-03-29 09:54:23 - [MESSAGE][PASSED] - Verify element property value successfully]]></system-out>
         <system-err><![CDATA[]]></system-err>
      </testcase>
      <testcase name="Test Cases/3. get token - feedback insurance" time="1.565" classname="Test Cases/3. get token - feedback insurance" status="PASSED">
         <system-out><![CDATA[2022-03-29 09:54:24 - [TEST_CASE][PASSED] - Test Cases/3. get token - feedback insurance: Test Cases/3. get token - feedback insurance

2022-03-29 09:54:24 - [TEST_STEP][PASSED] - token = sendRequest(findTestObject("1. Get-Token")): Send request successfully

2022-03-29 09:54:24 - [MESSAGE][INFO] - HAR: I:\app-testing\app-project\Order car insurance\order-car-insurance\Reports\20220329_095404\3. Get feedback insurance\20220329_095404\requests\main\6.har

2022-03-29 09:54:24 - [MESSAGE][PASSED] - Send request successfully

2022-03-29 09:54:24 - [TEST_STEP][PASSED] - slurper = new groovy.json.JsonSlurper(): null

2022-03-29 09:54:24 - [TEST_STEP][PASSED] - get_token = slurper.parseText(token.getResponseBodyContent()): null

2022-03-29 09:54:24 - [TEST_STEP][PASSED] - private_token = access_token: null

2022-03-29 09:54:24 - [TEST_STEP][PASSED] - global_token = private_token: null

2022-03-29 09:54:24 - [TEST_STEP][PASSED] - println("token is :" + global_token): null

2022-03-29 09:54:24 - [TEST_STEP][PASSED] - response_token = token.getResponseText(): null

2022-03-29 09:54:24 - [TEST_STEP][PASSED] - logInfo($response_token): {"fault":{"faultstring":"Access Denied for client ip : 8.29.105.53","detail":{"errorcode":"accesscontrol.IPDeniedAccess"}}}

2022-03-29 09:54:24 - [MESSAGE][INFO] - {"fault":{"faultstring":"Access Denied for client ip : 8.29.105.53","detail":{"errorcode":"accesscontrol.IPDeniedAccess"}}}

2022-03-29 09:54:24 - [TEST_STEP][PASSED] - feedback = sendRequest(findTestObject("4. Feedback-ins", ["s_key":global_token, "batchid":batchid, "norek":norek, "nopin":nopin, "custname":custname, "pemohon":pemohon, "branchid":branchid, ... ])): Send request successfully

2022-03-29 09:54:25 - [MESSAGE][INFO] - HAR: I:\app-testing\app-project\Order car insurance\order-car-insurance\Reports\20220329_095404\3. Get feedback insurance\20220329_095404\requests\main\7.har

2022-03-29 09:54:25 - [MESSAGE][PASSED] - Send request successfully

2022-03-29 09:54:25 - [TEST_STEP][PASSED] - response_feedback = feedback.getResponseText(): null

2022-03-29 09:54:25 - [TEST_STEP][PASSED] - markPassed("result feedback data : " + no + " norek : " + norek + " nopin : " + nopin): result feedback data : 91 norek : 9450006828 nopin : 001

2022-03-29 09:54:25 - [MESSAGE][PASSED] - result feedback data : 91 norek : 9450006828 nopin : 001

2022-03-29 09:54:25 - [TEST_STEP][PASSED] - logInfo($response_feedback): {
  "FeedbackCarInsuranceResponse" : {
    "errorCode" : "00",
    "errorMessage" : "Sukses"
  }
}

2022-03-29 09:54:25 - [MESSAGE][INFO] - {
  "FeedbackCarInsuranceResponse" : {
    "errorCode" : "00",
    "errorMessage" : "Sukses"
  }
}

2022-03-29 09:54:25 - [TEST_STEP][PASSED] - verifyElementPropertyValue(feedback, "FeedbackCarInsuranceResponse.errorMessage", "Sukses", CONTINUE_ON_FAILURE): Verify element property value successfully

2022-03-29 09:54:25 - [MESSAGE][PASSED] - Verify element property value successfully]]></system-out>
         <system-err><![CDATA[]]></system-err>
      </testcase>
      <testcase name="Test Cases/3. get token - feedback insurance" time="2.4" classname="Test Cases/3. get token - feedback insurance" status="PASSED">
         <system-out><![CDATA[2022-03-29 09:54:26 - [TEST_CASE][PASSED] - Test Cases/3. get token - feedback insurance: Test Cases/3. get token - feedback insurance

2022-03-29 09:54:26 - [TEST_STEP][PASSED] - token = sendRequest(findTestObject("1. Get-Token")): Send request successfully

2022-03-29 09:54:26 - [MESSAGE][INFO] - HAR: I:\app-testing\app-project\Order car insurance\order-car-insurance\Reports\20220329_095404\3. Get feedback insurance\20220329_095404\requests\main\8.har

2022-03-29 09:54:26 - [MESSAGE][PASSED] - Send request successfully

2022-03-29 09:54:26 - [TEST_STEP][PASSED] - slurper = new groovy.json.JsonSlurper(): null

2022-03-29 09:54:26 - [TEST_STEP][PASSED] - get_token = slurper.parseText(token.getResponseBodyContent()): null

2022-03-29 09:54:26 - [TEST_STEP][PASSED] - private_token = access_token: null

2022-03-29 09:54:26 - [TEST_STEP][PASSED] - global_token = private_token: null

2022-03-29 09:54:26 - [TEST_STEP][PASSED] - println("token is :" + global_token): null

2022-03-29 09:54:26 - [TEST_STEP][PASSED] - response_token = token.getResponseText(): null

2022-03-29 09:54:26 - [TEST_STEP][PASSED] - logInfo($response_token): {"fault":{"faultstring":"Access Denied for client ip : 8.29.105.53","detail":{"errorcode":"accesscontrol.IPDeniedAccess"}}}

2022-03-29 09:54:26 - [MESSAGE][INFO] - {"fault":{"faultstring":"Access Denied for client ip : 8.29.105.53","detail":{"errorcode":"accesscontrol.IPDeniedAccess"}}}

2022-03-29 09:54:26 - [TEST_STEP][PASSED] - feedback = sendRequest(findTestObject("4. Feedback-ins", ["s_key":global_token, "batchid":batchid, "norek":norek, "nopin":nopin, "custname":custname, "pemohon":pemohon, "branchid":branchid, ... ])): Send request successfully

2022-03-29 09:54:28 - [MESSAGE][INFO] - HAR: I:\app-testing\app-project\Order car insurance\order-car-insurance\Reports\20220329_095404\3. Get feedback insurance\20220329_095404\requests\main\9.har

2022-03-29 09:54:28 - [MESSAGE][PASSED] - Send request successfully

2022-03-29 09:54:28 - [TEST_STEP][PASSED] - response_feedback = feedback.getResponseText(): null

2022-03-29 09:54:28 - [TEST_STEP][PASSED] - markPassed("result feedback data : " + no + " norek : " + norek + " nopin : " + nopin): result feedback data : 92 norek : 9450006828 nopin : 001

2022-03-29 09:54:28 - [MESSAGE][PASSED] - result feedback data : 92 norek : 9450006828 nopin : 001

2022-03-29 09:54:28 - [TEST_STEP][PASSED] - logInfo($response_feedback): {
  "FeedbackCarInsuranceResponse" : {
    "errorCode" : "00",
    "errorMessage" : "Sukses"
  }
}

2022-03-29 09:54:28 - [MESSAGE][INFO] - {
  "FeedbackCarInsuranceResponse" : {
    "errorCode" : "00",
    "errorMessage" : "Sukses"
  }
}

2022-03-29 09:54:28 - [TEST_STEP][PASSED] - verifyElementPropertyValue(feedback, "FeedbackCarInsuranceResponse.errorMessage", "Sukses", CONTINUE_ON_FAILURE): Verify element property value successfully

2022-03-29 09:54:28 - [MESSAGE][PASSED] - Verify element property value successfully]]></system-out>
         <system-err><![CDATA[]]></system-err>
      </testcase>
      <testcase name="Test Cases/3. get token - feedback insurance" time="1.175" classname="Test Cases/3. get token - feedback insurance" status="PASSED">
         <system-out><![CDATA[2022-03-29 09:54:29 - [TEST_CASE][PASSED] - Test Cases/3. get token - feedback insurance: Test Cases/3. get token - feedback insurance

2022-03-29 09:54:29 - [TEST_STEP][PASSED] - token = sendRequest(findTestObject("1. Get-Token")): Send request successfully

2022-03-29 09:54:29 - [MESSAGE][INFO] - HAR: I:\app-testing\app-project\Order car insurance\order-car-insurance\Reports\20220329_095404\3. Get feedback insurance\20220329_095404\requests\main\10.har

2022-03-29 09:54:29 - [MESSAGE][PASSED] - Send request successfully

2022-03-29 09:54:29 - [TEST_STEP][PASSED] - slurper = new groovy.json.JsonSlurper(): null

2022-03-29 09:54:29 - [TEST_STEP][PASSED] - get_token = slurper.parseText(token.getResponseBodyContent()): null

2022-03-29 09:54:29 - [TEST_STEP][PASSED] - private_token = access_token: null

2022-03-29 09:54:29 - [TEST_STEP][PASSED] - global_token = private_token: null

2022-03-29 09:54:29 - [TEST_STEP][PASSED] - println("token is :" + global_token): null

2022-03-29 09:54:29 - [TEST_STEP][PASSED] - response_token = token.getResponseText(): null

2022-03-29 09:54:29 - [TEST_STEP][PASSED] - logInfo($response_token): {"fault":{"faultstring":"Access Denied for client ip : 8.29.105.53","detail":{"errorcode":"accesscontrol.IPDeniedAccess"}}}

2022-03-29 09:54:29 - [MESSAGE][INFO] - {"fault":{"faultstring":"Access Denied for client ip : 8.29.105.53","detail":{"errorcode":"accesscontrol.IPDeniedAccess"}}}

2022-03-29 09:54:29 - [TEST_STEP][PASSED] - feedback = sendRequest(findTestObject("4. Feedback-ins", ["s_key":global_token, "batchid":batchid, "norek":norek, "nopin":nopin, "custname":custname, "pemohon":pemohon, "branchid":branchid, ... ])): Send request successfully

2022-03-29 09:54:30 - [MESSAGE][INFO] - HAR: I:\app-testing\app-project\Order car insurance\order-car-insurance\Reports\20220329_095404\3. Get feedback insurance\20220329_095404\requests\main\11.har

2022-03-29 09:54:30 - [MESSAGE][PASSED] - Send request successfully

2022-03-29 09:54:30 - [TEST_STEP][PASSED] - response_feedback = feedback.getResponseText(): null

2022-03-29 09:54:30 - [TEST_STEP][PASSED] - markPassed("result feedback data : " + no + " norek : " + norek + " nopin : " + nopin): result feedback data : 93 norek : 9450006828 nopin : 001

2022-03-29 09:54:30 - [MESSAGE][PASSED] - result feedback data : 93 norek : 9450006828 nopin : 001

2022-03-29 09:54:30 - [TEST_STEP][PASSED] - logInfo($response_feedback): {
  "FeedbackCarInsuranceResponse" : {
    "errorCode" : "00",
    "errorMessage" : "Sukses"
  }
}

2022-03-29 09:54:30 - [MESSAGE][INFO] - {
  "FeedbackCarInsuranceResponse" : {
    "errorCode" : "00",
    "errorMessage" : "Sukses"
  }
}

2022-03-29 09:54:30 - [TEST_STEP][PASSED] - verifyElementPropertyValue(feedback, "FeedbackCarInsuranceResponse.errorMessage", "Sukses", CONTINUE_ON_FAILURE): Verify element property value successfully

2022-03-29 09:54:30 - [MESSAGE][PASSED] - Verify element property value successfully]]></system-out>
         <system-err><![CDATA[]]></system-err>
      </testcase>
      <system-out><![CDATA[2022-03-29 09:54:13 - [TEST_SUITE][PASSED] - 3. Get feedback insurance: Test Cases/3. get token - feedback insurance]]></system-out>
      <system-err><![CDATA[]]></system-err>
   </testsuite>
</testsuites>
