<?xml version="1.0" encoding="UTF-8"?>
<testsuites name="3. Get feedback insurance" time="12.77" tests="4" failures="0" errors="0">
   <testsuite name="3. Get feedback insurance" tests="4" failures="0" errors="0" time="12.77" skipped="0" timestamp="2022-03-29 09:09:12" hostname="Flavalize - DESKTOP-3CQ5RDT" id="Test Suites/3. Get feedback insurance">
      <properties>
         <property name="deviceName" value=""/>
         <property name="devicePlatform" value=""/>
         <property name="logFolder" value="I:\\app-testing\\app-project\\Order car insurance\\order-car-insurance\\Reports\\20220329_090901\\3. Get feedback insurance\\20220329_090902"/>
         <property name="logFiles" value="I:\\app-testing\\app-project\\Order car insurance\\order-car-insurance\\Reports\\20220329_090901\\3. Get feedback insurance\\20220329_090902\\execution0.log"/>
         <property name="attachments" value=""/>
         <property name="hostName" value="Flavalize - DESKTOP-3CQ5RDT"/>
         <property name="hostAddress" value="192.168.1.6"/>
         <property name="os" value="Windows 10 64bit"/>
         <property name="katalonVersion" value="8.2.0.208"/>
      </properties>
      <testcase name="Test Cases/3. get token - feedback insurance" time="7.216" classname="Test Cases/3. get token - feedback insurance" status="PASSED">
         <system-out><![CDATA[2022-03-29 09:09:13 - [TEST_CASE][PASSED] - Test Cases/3. get token - feedback insurance: Test Cases/3. get token - feedback insurance

2022-03-29 09:09:13 - [TEST_STEP][PASSED] - token = sendRequest(findTestObject("1. Get-Token")): Send request successfully

2022-03-29 09:09:15 - [MESSAGE][INFO] - HAR: I:\app-testing\app-project\Order car insurance\order-car-insurance\Reports\20220329_090901\3. Get feedback insurance\20220329_090902\requests\main\0.har

2022-03-29 09:09:15 - [MESSAGE][PASSED] - Send request successfully

2022-03-29 09:09:15 - [TEST_STEP][PASSED] - slurper = new groovy.json.JsonSlurper(): null

2022-03-29 09:09:15 - [TEST_STEP][PASSED] - get_token = slurper.parseText(token.getResponseBodyContent()): null

2022-03-29 09:09:15 - [TEST_STEP][PASSED] - private_token = access_token: null

2022-03-29 09:09:15 - [TEST_STEP][PASSED] - global_token = private_token: null

2022-03-29 09:09:15 - [TEST_STEP][PASSED] - println("token is :" + global_token): null

2022-03-29 09:09:15 - [TEST_STEP][PASSED] - response_token = token.getResponseText(): null

2022-03-29 09:09:15 - [TEST_STEP][PASSED] - logInfo($response_token): {"fault":{"faultstring":"Access Denied for client ip : 8.29.105.53","detail":{"errorcode":"accesscontrol.IPDeniedAccess"}}}

2022-03-29 09:09:15 - [MESSAGE][INFO] - {"fault":{"faultstring":"Access Denied for client ip : 8.29.105.53","detail":{"errorcode":"accesscontrol.IPDeniedAccess"}}}

2022-03-29 09:09:15 - [TEST_STEP][PASSED] - feedback = sendRequest(findTestObject("4. Feedback-ins", ["s_key":global_token, "batchid":batchid, "norek":norek, "nopin":nopin, "custname":custname, "pemohon":pemohon, "branchid":branchid, ... ])): Send request successfully

2022-03-29 09:09:20 - [MESSAGE][INFO] - HAR: I:\app-testing\app-project\Order car insurance\order-car-insurance\Reports\20220329_090901\3. Get feedback insurance\20220329_090902\requests\main\1.har

2022-03-29 09:09:20 - [MESSAGE][PASSED] - Send request successfully

2022-03-29 09:09:20 - [TEST_STEP][PASSED] - response_feedback = feedback.getResponseText(): null

2022-03-29 09:09:20 - [TEST_STEP][PASSED] - markPassed("result feedback data : " + no + " norek : " + norek + " nopin : " + nopin): result feedback data : 5 norek : 1071007558 nopin : 001

2022-03-29 09:09:20 - [MESSAGE][PASSED] - result feedback data : 5 norek : 1071007558 nopin : 001

2022-03-29 09:09:20 - [TEST_STEP][PASSED] - logInfo($response_feedback): {
  "FeedbackCarInsuranceResponse" : {
    "errorCode" : "00",
    "errorMessage" : "Sukses"
  }
}

2022-03-29 09:09:20 - [MESSAGE][INFO] - {
  "FeedbackCarInsuranceResponse" : {
    "errorCode" : "00",
    "errorMessage" : "Sukses"
  }
}]]></system-out>
         <system-err><![CDATA[]]></system-err>
      </testcase>
      <testcase name="Test Cases/3. get token - feedback insurance" time="1.229" classname="Test Cases/3. get token - feedback insurance" status="PASSED">
         <system-out><![CDATA[2022-03-29 09:09:21 - [TEST_CASE][PASSED] - Test Cases/3. get token - feedback insurance: Test Cases/3. get token - feedback insurance

2022-03-29 09:09:21 - [TEST_STEP][PASSED] - token = sendRequest(findTestObject("1. Get-Token")): Send request successfully

2022-03-29 09:09:21 - [MESSAGE][INFO] - HAR: I:\app-testing\app-project\Order car insurance\order-car-insurance\Reports\20220329_090901\3. Get feedback insurance\20220329_090902\requests\main\2.har

2022-03-29 09:09:21 - [MESSAGE][PASSED] - Send request successfully

2022-03-29 09:09:21 - [TEST_STEP][PASSED] - slurper = new groovy.json.JsonSlurper(): null

2022-03-29 09:09:21 - [TEST_STEP][PASSED] - get_token = slurper.parseText(token.getResponseBodyContent()): null

2022-03-29 09:09:21 - [TEST_STEP][PASSED] - private_token = access_token: null

2022-03-29 09:09:21 - [TEST_STEP][PASSED] - global_token = private_token: null

2022-03-29 09:09:21 - [TEST_STEP][PASSED] - println("token is :" + global_token): null

2022-03-29 09:09:21 - [TEST_STEP][PASSED] - response_token = token.getResponseText(): null

2022-03-29 09:09:21 - [TEST_STEP][PASSED] - logInfo($response_token): {"fault":{"faultstring":"Access Denied for client ip : 8.29.105.53","detail":{"errorcode":"accesscontrol.IPDeniedAccess"}}}

2022-03-29 09:09:21 - [MESSAGE][INFO] - {"fault":{"faultstring":"Access Denied for client ip : 8.29.105.53","detail":{"errorcode":"accesscontrol.IPDeniedAccess"}}}

2022-03-29 09:09:21 - [TEST_STEP][PASSED] - feedback = sendRequest(findTestObject("4. Feedback-ins", ["s_key":global_token, "batchid":batchid, "norek":norek, "nopin":nopin, "custname":custname, "pemohon":pemohon, "branchid":branchid, ... ])): Send request successfully

2022-03-29 09:09:22 - [MESSAGE][INFO] - HAR: I:\app-testing\app-project\Order car insurance\order-car-insurance\Reports\20220329_090901\3. Get feedback insurance\20220329_090902\requests\main\3.har

2022-03-29 09:09:22 - [MESSAGE][PASSED] - Send request successfully

2022-03-29 09:09:22 - [TEST_STEP][PASSED] - response_feedback = feedback.getResponseText(): null

2022-03-29 09:09:22 - [TEST_STEP][PASSED] - markPassed("result feedback data : " + no + " norek : " + norek + " nopin : " + nopin): result feedback data : 6 norek : 1071007558 nopin : 001

2022-03-29 09:09:22 - [MESSAGE][PASSED] - result feedback data : 6 norek : 1071007558 nopin : 001

2022-03-29 09:09:22 - [TEST_STEP][PASSED] - logInfo($response_feedback): {
  "FeedbackCarInsuranceResponse" : {
    "errorCode" : "00",
    "errorMessage" : "Sukses"
  }
}

2022-03-29 09:09:22 - [MESSAGE][INFO] - {
  "FeedbackCarInsuranceResponse" : {
    "errorCode" : "00",
    "errorMessage" : "Sukses"
  }
}]]></system-out>
         <system-err><![CDATA[]]></system-err>
      </testcase>
      <testcase name="Test Cases/3. get token - feedback insurance" time="1.048" classname="Test Cases/3. get token - feedback insurance" status="PASSED">
         <system-out><![CDATA[2022-03-29 09:09:22 - [TEST_CASE][PASSED] - Test Cases/3. get token - feedback insurance: Test Cases/3. get token - feedback insurance

2022-03-29 09:09:22 - [TEST_STEP][PASSED] - token = sendRequest(findTestObject("1. Get-Token")): Send request successfully

2022-03-29 09:09:22 - [MESSAGE][INFO] - HAR: I:\app-testing\app-project\Order car insurance\order-car-insurance\Reports\20220329_090901\3. Get feedback insurance\20220329_090902\requests\main\4.har

2022-03-29 09:09:22 - [MESSAGE][PASSED] - Send request successfully

2022-03-29 09:09:22 - [TEST_STEP][PASSED] - slurper = new groovy.json.JsonSlurper(): null

2022-03-29 09:09:22 - [TEST_STEP][PASSED] - get_token = slurper.parseText(token.getResponseBodyContent()): null

2022-03-29 09:09:22 - [TEST_STEP][PASSED] - private_token = access_token: null

2022-03-29 09:09:22 - [TEST_STEP][PASSED] - global_token = private_token: null

2022-03-29 09:09:22 - [TEST_STEP][PASSED] - println("token is :" + global_token): null

2022-03-29 09:09:22 - [TEST_STEP][PASSED] - response_token = token.getResponseText(): null

2022-03-29 09:09:22 - [TEST_STEP][PASSED] - logInfo($response_token): {"fault":{"faultstring":"Access Denied for client ip : 8.29.105.53","detail":{"errorcode":"accesscontrol.IPDeniedAccess"}}}

2022-03-29 09:09:22 - [MESSAGE][INFO] - {"fault":{"faultstring":"Access Denied for client ip : 8.29.105.53","detail":{"errorcode":"accesscontrol.IPDeniedAccess"}}}

2022-03-29 09:09:22 - [TEST_STEP][PASSED] - feedback = sendRequest(findTestObject("4. Feedback-ins", ["s_key":global_token, "batchid":batchid, "norek":norek, "nopin":nopin, "custname":custname, "pemohon":pemohon, "branchid":branchid, ... ])): Send request successfully

2022-03-29 09:09:23 - [MESSAGE][INFO] - HAR: I:\app-testing\app-project\Order car insurance\order-car-insurance\Reports\20220329_090901\3. Get feedback insurance\20220329_090902\requests\main\5.har

2022-03-29 09:09:23 - [MESSAGE][PASSED] - Send request successfully

2022-03-29 09:09:23 - [TEST_STEP][PASSED] - response_feedback = feedback.getResponseText(): null

2022-03-29 09:09:23 - [TEST_STEP][PASSED] - markPassed("result feedback data : " + no + " norek : " + norek + " nopin : " + nopin): result feedback data : 7 norek : 1071007558 nopin : 001

2022-03-29 09:09:23 - [MESSAGE][PASSED] - result feedback data : 7 norek : 1071007558 nopin : 001

2022-03-29 09:09:23 - [TEST_STEP][PASSED] - logInfo($response_feedback): {
  "FeedbackCarInsuranceResponse" : {
    "errorCode" : "00",
    "errorMessage" : "Sukses"
  }
}

2022-03-29 09:09:23 - [MESSAGE][INFO] - {
  "FeedbackCarInsuranceResponse" : {
    "errorCode" : "00",
    "errorMessage" : "Sukses"
  }
}]]></system-out>
         <system-err><![CDATA[]]></system-err>
      </testcase>
      <testcase name="Test Cases/3. get token - feedback insurance" time="1.222" classname="Test Cases/3. get token - feedback insurance" status="PASSED">
         <system-out><![CDATA[2022-03-29 09:09:24 - [TEST_CASE][PASSED] - Test Cases/3. get token - feedback insurance: Test Cases/3. get token - feedback insurance

2022-03-29 09:09:24 - [TEST_STEP][PASSED] - token = sendRequest(findTestObject("1. Get-Token")): Send request successfully

2022-03-29 09:09:24 - [MESSAGE][INFO] - HAR: I:\app-testing\app-project\Order car insurance\order-car-insurance\Reports\20220329_090901\3. Get feedback insurance\20220329_090902\requests\main\6.har

2022-03-29 09:09:24 - [MESSAGE][PASSED] - Send request successfully

2022-03-29 09:09:24 - [TEST_STEP][PASSED] - slurper = new groovy.json.JsonSlurper(): null

2022-03-29 09:09:24 - [TEST_STEP][PASSED] - get_token = slurper.parseText(token.getResponseBodyContent()): null

2022-03-29 09:09:24 - [TEST_STEP][PASSED] - private_token = access_token: null

2022-03-29 09:09:24 - [TEST_STEP][PASSED] - global_token = private_token: null

2022-03-29 09:09:24 - [TEST_STEP][PASSED] - println("token is :" + global_token): null

2022-03-29 09:09:24 - [TEST_STEP][PASSED] - response_token = token.getResponseText(): null

2022-03-29 09:09:24 - [TEST_STEP][PASSED] - logInfo($response_token): {"fault":{"faultstring":"Access Denied for client ip : 8.29.105.53","detail":{"errorcode":"accesscontrol.IPDeniedAccess"}}}

2022-03-29 09:09:24 - [MESSAGE][INFO] - {"fault":{"faultstring":"Access Denied for client ip : 8.29.105.53","detail":{"errorcode":"accesscontrol.IPDeniedAccess"}}}

2022-03-29 09:09:24 - [TEST_STEP][PASSED] - feedback = sendRequest(findTestObject("4. Feedback-ins", ["s_key":global_token, "batchid":batchid, "norek":norek, "nopin":nopin, "custname":custname, "pemohon":pemohon, "branchid":branchid, ... ])): Send request successfully

2022-03-29 09:09:25 - [MESSAGE][INFO] - HAR: I:\app-testing\app-project\Order car insurance\order-car-insurance\Reports\20220329_090901\3. Get feedback insurance\20220329_090902\requests\main\7.har

2022-03-29 09:09:25 - [MESSAGE][PASSED] - Send request successfully

2022-03-29 09:09:25 - [TEST_STEP][PASSED] - response_feedback = feedback.getResponseText(): null

2022-03-29 09:09:25 - [TEST_STEP][PASSED] - markPassed("result feedback data : " + no + " norek : " + norek + " nopin : " + nopin): result feedback data : 8 norek : 1071007558 nopin : 001

2022-03-29 09:09:25 - [MESSAGE][PASSED] - result feedback data : 8 norek : 1071007558 nopin : 001

2022-03-29 09:09:25 - [TEST_STEP][PASSED] - logInfo($response_feedback): {
  "FeedbackCarInsuranceResponse" : {
    "errorCode" : "00",
    "errorMessage" : "Sukses"
  }
}

2022-03-29 09:09:25 - [MESSAGE][INFO] - {
  "FeedbackCarInsuranceResponse" : {
    "errorCode" : "00",
    "errorMessage" : "Sukses"
  }
}]]></system-out>
         <system-err><![CDATA[]]></system-err>
      </testcase>
      <system-out><![CDATA[2022-03-29 09:09:12 - [TEST_SUITE][PASSED] - 3. Get feedback insurance: Test Cases/3. get token - feedback insurance]]></system-out>
      <system-err><![CDATA[]]></system-err>
   </testsuite>
</testsuites>
