<?xml version="1.0" encoding="UTF-8"?>
<testsuites name="3. Get feedback insurance" time="5.557" tests="3" failures="0" errors="0">
   <testsuite name="3. Get feedback insurance" tests="3" failures="0" errors="0" time="5.557" skipped="0" timestamp="2022-03-28 17:42:14" hostname="flavalize - localhost" id="Test Suites/3. Get feedback insurance">
      <properties>
         <property name="deviceName" value=""/>
         <property name="devicePlatform" value=""/>
         <property name="logFolder" value="/Volumes/Data/app-testing/app-project/Order car insurance/order-car-insurance/Reports/20220328_174204/3. Get feedback insurance/20220328_174204"/>
         <property name="logFiles" value="/Volumes/Data/app-testing/app-project/Order car insurance/order-car-insurance/Reports/20220328_174204/3. Get feedback insurance/20220328_174204/execution0.log"/>
         <property name="attachments" value=""/>
         <property name="hostName" value="flavalize - localhost"/>
         <property name="hostAddress" value="127.0.0.1"/>
         <property name="os" value="Mac OS X 64bit"/>
         <property name="katalonVersion" value="8.2.0.208"/>
      </properties>
      <testcase name="Test Cases/3. get token - feedback insurance" time="3.954" classname="Test Cases/3. get token - feedback insurance" status="PASSED">
         <system-out><![CDATA[2022-03-28 17:42:14 - [TEST_CASE][PASSED] - Test Cases/3. get token - feedback insurance: Test Cases/3. get token - feedback insurance

2022-03-28 17:42:15 - [TEST_STEP][PASSED] - token = sendRequest(findTestObject("1. Get-Token")): Send request successfully

2022-03-28 17:42:15 - [MESSAGE][INFO] - HAR: /Volumes/Data/app-testing/app-project/Order car insurance/order-car-insurance/Reports/20220328_174204/3. Get feedback insurance/20220328_174204/requests/main/0.har

2022-03-28 17:42:15 - [MESSAGE][PASSED] - Send request successfully

2022-03-28 17:42:15 - [TEST_STEP][PASSED] - slurper = new groovy.json.JsonSlurper(): null

2022-03-28 17:42:15 - [TEST_STEP][PASSED] - get_token = slurper.parseText(token.getResponseBodyContent()): null

2022-03-28 17:42:15 - [TEST_STEP][PASSED] - private_token = access_token: null

2022-03-28 17:42:15 - [TEST_STEP][PASSED] - global_token = private_token: null

2022-03-28 17:42:15 - [TEST_STEP][PASSED] - println("token is :" + global_token): null

2022-03-28 17:42:15 - [TEST_STEP][PASSED] - response_token = token.getResponseText(): null

2022-03-28 17:42:15 - [TEST_STEP][PASSED] - logInfo($response_token): 
            {
                "token_type": "BearerToken",
                "access_token": "bu0XVPH7Kg4AosbsEgXciZRpucnf",
                "expires_in": "1799",
                "scope": ""
            }
        

2022-03-28 17:42:15 - [MESSAGE][INFO] - 
            {
                "token_type": "BearerToken",
                "access_token": "bu0XVPH7Kg4AosbsEgXciZRpucnf",
                "expires_in": "1799",
                "scope": ""
            }
        

2022-03-28 17:42:15 - [TEST_STEP][PASSED] - feedback = sendRequest(findTestObject("4. Feedback-ins", ["s_key":global_token, "batchid":batchid, "norek":norek, "nopin":nopin, "custname":custname, "pemohon":pemohon, "branchid":branchid, ... ])): Send request successfully

2022-03-28 17:42:18 - [MESSAGE][INFO] - HAR: /Volumes/Data/app-testing/app-project/Order car insurance/order-car-insurance/Reports/20220328_174204/3. Get feedback insurance/20220328_174204/requests/main/1.har

2022-03-28 17:42:18 - [MESSAGE][PASSED] - Send request successfully

2022-03-28 17:42:18 - [TEST_STEP][PASSED] - response_feedback = feedback.getResponseText(): null

2022-03-28 17:42:18 - [TEST_STEP][PASSED] - markPassed("result feedback data : " + no + "norek : " + norek + "nopin : " + nopin): result feedback data : 2norek : 1071007554nopin : 001

2022-03-28 17:42:18 - [MESSAGE][PASSED] - result feedback data : 2norek : 1071007554nopin : 001

2022-03-28 17:42:18 - [TEST_STEP][PASSED] - logInfo($response_feedback): {
  "FeedbackCarInsuranceResponse" : {
    "errorCode" : "13",
    "errorMessage" : "Data Belum Diorder"
  }
}

2022-03-28 17:42:18 - [MESSAGE][INFO] - {
  "FeedbackCarInsuranceResponse" : {
    "errorCode" : "13",
    "errorMessage" : "Data Belum Diorder"
  }
}]]></system-out>
         <system-err><![CDATA[]]></system-err>
      </testcase>
      <testcase name="Test Cases/3. get token - feedback insurance" time="0.454" classname="Test Cases/3. get token - feedback insurance" status="PASSED">
         <system-out><![CDATA[2022-03-28 17:42:18 - [TEST_CASE][PASSED] - Test Cases/3. get token - feedback insurance: Test Cases/3. get token - feedback insurance

2022-03-28 17:42:19 - [TEST_STEP][PASSED] - token = sendRequest(findTestObject("1. Get-Token")): Send request successfully

2022-03-28 17:42:19 - [MESSAGE][INFO] - HAR: /Volumes/Data/app-testing/app-project/Order car insurance/order-car-insurance/Reports/20220328_174204/3. Get feedback insurance/20220328_174204/requests/main/2.har

2022-03-28 17:42:19 - [MESSAGE][PASSED] - Send request successfully

2022-03-28 17:42:19 - [TEST_STEP][PASSED] - slurper = new groovy.json.JsonSlurper(): null

2022-03-28 17:42:19 - [TEST_STEP][PASSED] - get_token = slurper.parseText(token.getResponseBodyContent()): null

2022-03-28 17:42:19 - [TEST_STEP][PASSED] - private_token = access_token: null

2022-03-28 17:42:19 - [TEST_STEP][PASSED] - global_token = private_token: null

2022-03-28 17:42:19 - [TEST_STEP][PASSED] - println("token is :" + global_token): null

2022-03-28 17:42:19 - [TEST_STEP][PASSED] - response_token = token.getResponseText(): null

2022-03-28 17:42:19 - [TEST_STEP][PASSED] - logInfo($response_token): 
            {
                "token_type": "BearerToken",
                "access_token": "Vq7sluSColk5nhzP5XCNBetcbc9L",
                "expires_in": "1799",
                "scope": ""
            }
        

2022-03-28 17:42:19 - [MESSAGE][INFO] - 
            {
                "token_type": "BearerToken",
                "access_token": "Vq7sluSColk5nhzP5XCNBetcbc9L",
                "expires_in": "1799",
                "scope": ""
            }
        

2022-03-28 17:42:19 - [TEST_STEP][PASSED] - feedback = sendRequest(findTestObject("4. Feedback-ins", ["s_key":global_token, "batchid":batchid, "norek":norek, "nopin":nopin, "custname":custname, "pemohon":pemohon, "branchid":branchid, ... ])): Send request successfully

2022-03-28 17:42:19 - [MESSAGE][INFO] - HAR: /Volumes/Data/app-testing/app-project/Order car insurance/order-car-insurance/Reports/20220328_174204/3. Get feedback insurance/20220328_174204/requests/main/3.har

2022-03-28 17:42:19 - [MESSAGE][PASSED] - Send request successfully

2022-03-28 17:42:19 - [TEST_STEP][PASSED] - response_feedback = feedback.getResponseText(): null

2022-03-28 17:42:19 - [TEST_STEP][PASSED] - markPassed("result feedback data : " + no + "norek : " + norek + "nopin : " + nopin): result feedback data : 3norek : 1071007554nopin : 001

2022-03-28 17:42:19 - [MESSAGE][PASSED] - result feedback data : 3norek : 1071007554nopin : 001

2022-03-28 17:42:19 - [TEST_STEP][PASSED] - logInfo($response_feedback): {
  "FeedbackCarInsuranceResponse" : {
    "errorCode" : "13",
    "errorMessage" : "Data Belum Diorder"
  }
}

2022-03-28 17:42:19 - [MESSAGE][INFO] - {
  "FeedbackCarInsuranceResponse" : {
    "errorCode" : "13",
    "errorMessage" : "Data Belum Diorder"
  }
}]]></system-out>
         <system-err><![CDATA[]]></system-err>
      </testcase>
      <testcase name="Test Cases/3. get token - feedback insurance" time="0.412" classname="Test Cases/3. get token - feedback insurance" status="PASSED">
         <system-out><![CDATA[2022-03-28 17:42:19 - [TEST_CASE][PASSED] - Test Cases/3. get token - feedback insurance: Test Cases/3. get token - feedback insurance

2022-03-28 17:42:19 - [TEST_STEP][PASSED] - token = sendRequest(findTestObject("1. Get-Token")): Send request successfully

2022-03-28 17:42:19 - [MESSAGE][INFO] - HAR: /Volumes/Data/app-testing/app-project/Order car insurance/order-car-insurance/Reports/20220328_174204/3. Get feedback insurance/20220328_174204/requests/main/4.har

2022-03-28 17:42:19 - [MESSAGE][PASSED] - Send request successfully

2022-03-28 17:42:19 - [TEST_STEP][PASSED] - slurper = new groovy.json.JsonSlurper(): null

2022-03-28 17:42:19 - [TEST_STEP][PASSED] - get_token = slurper.parseText(token.getResponseBodyContent()): null

2022-03-28 17:42:19 - [TEST_STEP][PASSED] - private_token = access_token: null

2022-03-28 17:42:19 - [TEST_STEP][PASSED] - global_token = private_token: null

2022-03-28 17:42:19 - [TEST_STEP][PASSED] - println("token is :" + global_token): null

2022-03-28 17:42:19 - [TEST_STEP][PASSED] - response_token = token.getResponseText(): null

2022-03-28 17:42:19 - [TEST_STEP][PASSED] - logInfo($response_token): 
            {
                "token_type": "BearerToken",
                "access_token": "iivvNidawEKVoarUl4N5G4YG0MG7",
                "expires_in": "1799",
                "scope": ""
            }
        

2022-03-28 17:42:19 - [MESSAGE][INFO] - 
            {
                "token_type": "BearerToken",
                "access_token": "iivvNidawEKVoarUl4N5G4YG0MG7",
                "expires_in": "1799",
                "scope": ""
            }
        

2022-03-28 17:42:19 - [TEST_STEP][PASSED] - feedback = sendRequest(findTestObject("4. Feedback-ins", ["s_key":global_token, "batchid":batchid, "norek":norek, "nopin":nopin, "custname":custname, "pemohon":pemohon, "branchid":branchid, ... ])): Send request successfully

2022-03-28 17:42:19 - [MESSAGE][INFO] - HAR: /Volumes/Data/app-testing/app-project/Order car insurance/order-car-insurance/Reports/20220328_174204/3. Get feedback insurance/20220328_174204/requests/main/5.har

2022-03-28 17:42:19 - [MESSAGE][PASSED] - Send request successfully

2022-03-28 17:42:19 - [TEST_STEP][PASSED] - response_feedback = feedback.getResponseText(): null

2022-03-28 17:42:20 - [TEST_STEP][PASSED] - markPassed("result feedback data : " + no + "norek : " + norek + "nopin : " + nopin): result feedback data : 4norek : 1071007554nopin : 001

2022-03-28 17:42:20 - [MESSAGE][PASSED] - result feedback data : 4norek : 1071007554nopin : 001

2022-03-28 17:42:20 - [TEST_STEP][PASSED] - logInfo($response_feedback): {
  "FeedbackCarInsuranceResponse" : {
    "errorCode" : "13",
    "errorMessage" : "Data Belum Diorder"
  }
}

2022-03-28 17:42:20 - [MESSAGE][INFO] - {
  "FeedbackCarInsuranceResponse" : {
    "errorCode" : "13",
    "errorMessage" : "Data Belum Diorder"
  }
}]]></system-out>
         <system-err><![CDATA[]]></system-err>
      </testcase>
      <system-out><![CDATA[2022-03-28 17:42:14 - [TEST_SUITE][PASSED] - 3. Get feedback insurance: Test Cases/3. get token - feedback insurance]]></system-out>
      <system-err><![CDATA[]]></system-err>
   </testsuite>
</testsuites>
